<?xml version="1.0" encoding="UTF-8" ?>
<testsuite errors="0" failures="1" hostname="travis-job-d45a6714-2ef2-467b-8085-fb11246f1f76" name="ptolemy.actor.lib.test.junit.JUnitTclTest" skipped="0" tests="517" time="62.573" timestamp="2019-07-18T16:01:47">
  <properties>
    <property name="npm.executable" value="npm" />
    <property name="env.TRAVIS_ROOT" value="/" />
    <property name="ptII.mk.exists" value="true" />
    <property name="env.TRAVIS_APP_HOST" value="build.travis-ci.org" />
    <property name="env.rvm_bin_path" value="/home/travis/.rvm/bin" />
    <property name="java.home" value="/usr/local/lib/jvm/openjdk11" />
    <property name="env.TRAVIS_JOB_NUMBER" value="1252.8" />
    <property name="env.TRAVIS_HOME" value="/home/travis" />
    <property name="env.DISPLAY" value=":99.0" />
    <property name="env.TRAVIS_INIT" value="systemd" />
    <property name="env.SSH_TTY" value="/dev/pts/0" />
    <property name="java.net.preferIPv4Stack" value="true" />
    <property name="env.RUN_TESTS" value="true" />
    <property name="timeout.short" value="1000000" />
    <property name="junit.formatter" value="xml" />
    <property name="env.TRAVIS_SUDO" value="true" />
    <property name="env.TRAVIS_JOB_NAME" value="" />
    <property name="env.TRAVIS_STACK_NODE_ATTRIBUTES" value="/.node-attributes.yml" />
    <property name="env.LOGNAME" value="travis" />
    <property name="env.PT_TRAVIS_TEST_CORE1_XML" value="true" />
    <property name="jsdoc.home" value="node_modules/@terraswarm/jsdoc" />
    <property name="debuglevel" value="source,lines,vars" />
    <property name="checkstyle.formatter" value="xml" />
    <property name="env._system_version" value="16.04" />
    <property name="bin.vergil.makeable" value="true" />
    <property name="sun.os.patch.level" value="unknown" />
    <property name="java.vendor.url" value="http://java.oracle.com/" />
    <property name="env.TRAVIS_BUILD_WEB_URL" value="https://travis-ci.org/icyphy/ptII/builds/560538163" />
    <property name="java.version" value="11.0.2" />
    <property name="env.TZ" value="UTC" />
    <property name="env.TRAVIS_PULL_REQUEST_SHA" value="" />
    <property name="env.PT_NO_NET" value="true" />
    <property name="env.TRAVIS_SECURE_ENV_VARS" value="true" />
    <property name="env._system_type" value="Linux" />
    <property name="java.vendor.url.bug" value="http://bugreport.java.com/bugreport/" />
    <property name="npmjs-org-is-up" value="true" />
    <property name="env.LANGUAGE" value="en_US.UTF-8" />
    <property name="env.SSH_CLIENT" value="10.10.16.77 45484 22" />
    <property name="env.GEM_HOME" value="/home/travis/.rvm/gems/ruby-2.5.3" />
    <property name="env.HAS_ANTARES_THREE_LITTLE_FRONZIES_BADGE" value="true" />
    <property name="java.version.date" value="2019-01-15" />
    <property name="env.PS4" value="+" />
    <property name="ant.project.invoked-targets" value="build,test.core1.xml" />
    <property name="env.TRAVIS_PULL_REQUEST_BRANCH" value="" />
    <property name="env.TRAVIS_REPO_SLUG" value="icyphy/ptII" />
    <property name="env.XDG_DATA_DIRS" value="/usr/local/share:/usr/share:/var/lib/snapd/desktop" />
    <property name="jdk.debug" value="release" />
    <property name="env.TRAVIS_APT_PROXY" value="http://apt.cache.travis-ci.com" />
    <property name="node.in.path" value="true" />
    <property name="user.name" value="travis" />
    <property name="java.maxmemory" value="1400m" />
    <property name="env.RUBY_VERSION" value="ruby-2.5.3" />
    <property name="env.LANG" value="en_US.UTF-8" />
    <property name="sun.io.unicode.encoding" value="UnicodeLittle" />
    <property name="sun.jnu.encoding" value="UTF-8" />
    <property name="java.runtime.name" value="OpenJDK Runtime Environment" />
    <property name="usefile" value="false" />
    <property name="return.code" value="0" />
    <property name="junit.single.formatter" value="plain" />
    <property name="env.DYLD_LIBRARY_PATH" value="/home/travis/pthla/certi-tools/lib:" />
    <property name="env.DEBIAN_FRONTEND" value="noninteractive" />
    <property name="env.SSH_CONNECTION" value="10.10.16.77 45484 10.20.2.7 22" />
    <property name="env.MYSQL_UNIX_PORT" value="/var/run/mysqld/mysqld.sock" />
    <property name="env.LC_ALL" value="en_US.UTF-8" />
    <property name="env.TRAVIS_ALLOW_FAILURE" value="false" />
    <property name="env.TRAVIS_JOB_WEB_URL" value="https://travis-ci.org/icyphy/ptII/jobs/560538171" />
    <property name="java.specification.name" value="Java Platform API Specification" />
    <property name="node.works" value="true" />
    <property name="user.timezone" value="" />
    <property name="path.separator" value=":" />
    <property name="env.TRAVIS_ENABLE_INFRA_DETECTION" value="true" />
    <property name="env.PYTHON_CFLAGS" value="-g -fstack-protector --param=ssp-buffer-size=4 -Wformat -Werror=format-security" />
    <property name="timeout.long" value="4000000" />
    <property name="env.CERTI_HOME" value="/home/travis/pthla/certi-tools" />
    <property name="ant.file.ptII" value="/home/travis/build/icyphy/ptII/build.xml" />
    <property name="javadoc.packagenames" value="com.*,diva.*,lbnl.*,org.hlacerti.*,org.json.*,org.ptolemy.*,org.terraswarm.*,ptolemy.*,ptserver.*" />
    <property name="file.encoding" value="UTF-8" />
    <property name="env.TRAVIS_PULL_REQUEST_SLUG" value="" />
    <property name="ant.project.default-target" value="build" />
    <property name="env.GIT_ASKPASS" value="echo" />
    <property name="env.HOME" value="/home/travis" />
    <property name="sun.java.command" value="org.apache.tools.ant.taskdefs.optional.junit.JUnitTestRunner ptolemy.actor.lib.test.junit.JUnitTclTest skipNonTests=false filtertrace=true haltOnError=false haltOnFailure=false formatter=org.apache.tools.ant.taskdefs.optional.junit.OutErrSummaryJUnitResultFormatter showoutput=true outputtoformatters=true logfailedtests=true threadid=0 logtestlistenerevents=false formatter=org.apache.tools.ant.taskdefs.optional.junit.XMLJUnitResultFormatter,/home/travis/build/icyphy/ptII/reports/junit/TEST-ptolemy.actor.lib.test.junit.JUnitTclTest.xml crashfile=/home/travis/build/icyphy/ptII/junitvmwatcher17492286550259289615.properties propsfile=/home/travis/build/icyphy/ptII/junit7048662728151426153.properties" />
    <property name="env.COMPOSER_NO_INTERACTION" value="1" />
    <property name="env.MANPATH" value="/home/travis/.nvm/versions/node/v7.10.1/share/man:/home/travis/.rvm/rubies/ruby-2.5.3/share/man:/usr/local/cmake-3.12.4/man:/usr/local/clang-7.0.0/share/man:/usr/local/man:/usr/local/share/man:/usr/share/man:/home/travis/.rvm/man" />
    <property name="env.TRAVIS_TIMER_ID" value="01b31dd3" />
    <property name="ant.file" value="/home/travis/build/icyphy/ptII/build.xml" />
    <property name="env.TRAVIS_COMMIT_RANGE" value="5ef5389f48fa...1f1b318ec5c3" />
    <property name="env._system_name" value="Ubuntu" />
    <property name="ptII.classpath.optional.property" value="/home/travis/build/icyphy/ptII/lib/bsh-2.0b4.jar:/home/travis/build/icyphy/ptII/lib/ptCal.jar:/home/travis/build/icyphy/ptII/lib/java_cup.jar:/home/travis/build/icyphy/ptII/lib/saxon8.jar:/home/travis/build/icyphy/ptII/lib/saxon8-dom.jar:/home/travis/build/icyphy/ptII/lib/chic.jar:/home/travis/build/icyphy/ptII/lib/ptcolt.jar:/home/travis/build/icyphy/ptII/vendors/misc/itext/iText.jar:/home/travis/build/icyphy/ptII/lib/g4ltl.jar:/home/travis/build/icyphy/ptII/lib/StructuralCoder.jar:/home/travis/build/icyphy/ptII/lib/jcerti.jar:/home/travis/build/icyphy/ptII/lib/javax.mail.jar:/home/travis/build/icyphy/ptII/vendors/JMF-2.1.1e/lib/jmf.jar:/home/travis/build/icyphy/ptII/lib/jna-4.0.0-variadic.jar:/home/travis/build/icyphy/ptII/vendors/misc/joystick/Joystick.jar:/home/travis/build/icyphy/ptII/lib/ptjacl.jar:/home/travis/build/icyphy/ptII/lib/jsoup-1.8.2.jar:/home/travis/build/icyphy/ptII/lib/junit-4.8.2.jar:/home/travis/build/icyphy/ptII/lib/JUnitParams-0.4.0.jar:/home/travis/build/icyphy/ptII/ptolemy/actor/lib/excel/jxl.jar:/home/travis/build/icyphy/ptII/lib/jython.jar:/home/travis/build/icyphy/ptII/lib/kieler.jar:/home/travis/build/icyphy/ptII/vendors/opencv/share/OpenCV/java/opencv-341.jar:/home/travis/build/icyphy/ptII/lib/oscP5.jar:/home/travis/build/icyphy/ptII/lib/nrjavaserial-3.11.0.devel.jar:/home/travis/build/icyphy/ptII/vendors/j3d/lib/Linux/j3dcore.jar:/home/travis/build/icyphy/ptII/vendors/j3d/lib/Linux/j3dutils.jar:/home/travis/build/icyphy/ptII/vendors/j3d/lib/Linux/vecmath.jar:/home/travis/build/icyphy/ptII/vendors/jogl/lib/Linux/gluegen-rt-natives-linux-amd64.jar:/home/travis/build/icyphy/ptII/vendors/jogl/lib/Linux/gluegen-rt.jar:/home/travis/build/icyphy/ptII/vendors/jogl/lib/Linux/jogl-all-natives-linux-amd64.jar:/home/travis/build/icyphy/ptII/vendors/jogl/lib/Linux/jogl-all.jar:/home/travis/build/icyphy/ptII/ptolemy/distributed/jini/jar/jini-core.jar:/home/travis/build/icyphy/ptII/ptolemy/distributed/jini/jar/jini-ext.jar:/home/travis/build/icyphy/ptII/ptolemy/distributed/jini/jar/sun-util.jar:/home/travis/build/icyphy/ptII/lib/protobuf-java-2.4.1.jar:/home/travis/build/icyphy/ptII/lib/org.eclipse.paho.client.mqttv3.jar:/home/travis/build/icyphy/ptII/lib/mapss.jar:/home/travis/build/icyphy/ptII/ptolemy/actor/ptalon/antlr/antlr.jar:/home/travis/build/icyphy/ptII/lib/JRI.jar:/home/travis/build/icyphy/ptII/lib/commons-lang-2.6.jar:/home/travis/build/icyphy/ptII/lib/commons-logging-1.1.1.jar:/home/travis/build/icyphy/ptII/lib/sootclasses.jar:/home/travis/build/icyphy/ptII/ptolemy/actor/lib/database/mysql-connector-java-5.1.6-bin.jar:/home/travis/build/icyphy/ptII/vendors/misc/sphinx4/sphinx4-data-5prealpha.jar:/home/travis/build/icyphy/ptII/vendors/misc/sphinx4/sphinx4-core-5prealpha.jar:/home/travis/build/icyphy/ptII/lib/PDFRenderer.jar:/home/travis/build/icyphy/ptII/lib/svgSalamander.jar:/home/travis/build/icyphy/ptII/lib/rsyntaxtextarea-2.6.0-SNAPSHOT.jar:/home/travis/build/icyphy/ptII/lib/hazelcast-3.8.2.jar:/home/travis/build/icyphy/ptII/lib/jackson-annotations-2.9.0.jar:/home/travis/build/icyphy/ptII/lib/jackson-core-2.9.3.jar:/home/travis/build/icyphy/ptII/lib/jackson-databind-2.9.3.jar:/home/travis/build/icyphy/ptII/lib/netty-buffer-4.1.19.Final.jar:/home/travis/build/icyphy/ptII/lib/netty-codec-4.1.19.Final.jar:/home/travis/build/icyphy/ptII/lib/netty-codec-dns-4.1.19.Final.jar:/home/travis/build/icyphy/ptII/lib/netty-codec-http-4.1.19.Final.jar:/home/travis/build/icyphy/ptII/lib/netty-codec-http2-4.1.19.Final.jar:/home/travis/build/icyphy/ptII/lib/netty-common-4.1.19.Final.jar:/home/travis/build/icyphy/ptII/lib/netty-handler-4.1.19.Final.jar:/home/travis/build/icyphy/ptII/lib/netty-resolver-4.1.19.Final.jar:/home/travis/build/icyphy/ptII/lib/netty-resolver-dns-4.1.19.Final.jar:/home/travis/build/icyphy/ptII/lib/netty-transport-4.1.19.Final.jar:/home/travis/build/icyphy/ptII/lib/vertx-codegen-3.5.1.jar:/home/travis/build/icyphy/ptII/lib/vertx-core-3.5.2-SNAPSHOT.jar:/home/travis/build/icyphy/ptII/lib/vertx-hazelcast-3.5.1.jar:/home/travis/build/icyphy/ptII/lib/vertx-lang-js-3.5.1.jar:/home/travis/build/icyphy/ptII/lib/vertx-service-proxy-3.5.1.jar:/home/travis/build/icyphy/ptII/lib/vertx-web-3.5.1.jar:/home/travis/build/icyphy/ptII/lib/slf4j-api-1.7.13.jar:/home/travis/build/icyphy/ptII/lib/slf4j-simple-1.7.13.jar:/home/travis/build/icyphy/ptII/lib/webcam-capture-0.3.12.jar:/home/travis/build/icyphy/ptII/lib/bridj-0.7.0.jar:/home/travis/build/icyphy/ptII/lib/xbjlib-1.1.0.nrjavaserial.jar" />
    <property name="timeout" value="2400000" />
    <property name="test.batch" value="**/junit/*.java" />
    <property name="env._" value="/usr/bin/timeout" />
    <property name="java.io.tmpdir" value="/tmp" />
    <property name="user.language" value="en" />
    <property name="env.TRAVIS_INTERNAL_RUBY_REGEX" value="^ruby-(2\.[0-4]\.[0-9]|1\.9\.3)" />
    <property name="env.HISTCONTROL" value="ignoredups:ignorespace" />
    <property name="env.GOROOT" value="/home/travis/.gimme/versions/go1.11.1.linux.amd64" />
    <property name="line.separator" value="&#xa;" />
    <property name="target" value="11" />
    <property name="env.TRAVIS_BUILD_DIR" value="/home/travis/build/icyphy/ptII" />
    <property name="env.ANT_OPTS" value="-Xmx2048m" />
    <property name="ant.file.type" value="file" />
    <property name="ptolemy.ptII.batchMode" value="true" />
    <property name="env.HISTSIZE" value="1000" />
    <property name="env.MERB_ENV" value="test" />
    <property name="java.vm.info" value="mixed mode" />
    <property name="source" value="11" />
    <property name="java.vm.specification.name" value="Java Virtual Machine Specification" />
    <property name="env.TRAVIS_TEST_RESULT" value="0" />
    <property name="jsdoc.command" value="node_modules/@terraswarm/jsdoc/jsdoc.js" />
    <property name="npm.works" value="true" />
    <property name="cobertura.dir" value="/home/travis/build/icyphy/ptII/vendors/cobertura-2.0.3" />
    <property name="jsdoc.command.exists" value="true" />
    <property name="env.rvm_path" value="/home/travis/.rvm" />
    <property name="env.GEM_PATH" value="/home/travis/.rvm/gems/ruby-2.5.3:/home/travis/.rvm/gems/ruby-2.5.3@global" />
    <property name="env.LC_CTYPE" value="en_US.UTF-8" />
    <property name="env.TRAVIS_CMD" value="$PTII/bin/ptIITravisBuild.sh $SECONDS" />
    <property name="java.awt.printerjob" value="sun.print.PSPrinterJob" />
    <property name="env.TRAVIS_STACK_NAME" value="sardonyx" />
    <property name="env.TRAVIS_TIMER_START_TIME" value="1563465062281995265" />
    <property name="ant.version" value="Apache Ant(TM) version 1.10.1 compiled on February 2 2017" />
    <property name="ptII.reports" value="/home/travis/build/icyphy/ptII/reports" />
    <property name="env.TRAVIS_STACK_TIMESTAMP" value="2019-03-25 16:16:56 UTC" />
    <property name="ant.file.type.ptII" value="file" />
    <property name="env.RBENV_SHELL" value="bash" />
    <property name="os.name" value="Linux" />
    <property name="java.specification.vendor" value="Oracle Corporation" />
    <property name="env.rvm_version" value="1.29.7 (latest)" />
    <property name="env.TRAVIS_INFRA" value="gce" />
    <property name="env.TERM" value="xterm" />
    <property name="java.vm.name" value="OpenJDK 64-Bit Server VM" />
    <property name="env.TRAVIS_BUILD_NUMBER" value="1252" />
    <property name="env.CI" value="true" />
    <property name="java.library.path" value="/home/travis/pthla/certi-tools/lib:/usr/lib/jni:/usr/local/share/OpenCV/java/:/usr/share/OpenCV/java::/usr/java/packages/lib:/usr/lib64:/lib64:/lib:/usr/lib" />
    <property name="jdk.module.path" value="/home/travis/build/icyphy/ptII/vendors/javafx/javafx-sdk-11.0.2/lib:" />
    <property name="env.rvm_prefix" value="/home/travis" />
    <property name="env.PATH" value="/home/travis/pthla/certi-tools/share/scripts:/home/travis/.rvm/gems/ruby-2.5.3/bin:/home/travis/.rvm/gems/ruby-2.5.3@global/bin:/home/travis/.rvm/rubies/ruby-2.5.3/bin:/home/travis/.rvm/bin:/home/travis/.nvm/versions/node/v7.10.1/bin:./node_modules/.bin:/home/travis/build/icyphy/ptII/bin:/home/travis/pthla/certi-tools/bin:/home/travis/bin:/home/travis/.local/bin:/usr/local/lib/jvm/openjdk11/bin:/opt/pyenv/shims:/home/travis/.phpenv/shims:/home/travis/perl5/perlbrew/bin:/home/travis/gopath/bin:/home/travis/.gimme/versions/go1.11.1.linux.amd64/bin:/usr/local/maven-3.6.0/bin:/usr/local/cmake-3.12.4/bin:/usr/local/clang-7.0.0/bin:/usr/local/sbin:/usr/local/bin:/usr/sbin:/usr/bin:/sbin:/bin:/snap/bin:/home/travis/.phpenv/bin:/opt/pyenv/bin:/home/travis/.yarn/bin" />
    <property name="env.TRAVIS_OS_NAME" value="linux" />
    <property name="ant.java.version" value="9" />
    <property name="basedir" value="/home/travis/build/icyphy/ptII" />
    <property name="java.class.version" value="55.0" />
    <property name="env.SHLVL" value="3" />
    <property name="env.LD_LIBRARY_PATH" value="/home/travis/pthla/certi-tools/lib:/usr/lib/jni:/usr/local/share/OpenCV/java/:/usr/share/OpenCV/java:" />
    <property name="env.RACK_ENV" value="test" />
    <property name="ant.home" value="/home/travis/build/icyphy/ptII/ant" />
    <property name="env.NVM_DIR" value="/home/travis/.nvm" />
    <property name="env.CERTI_FOM_PATH" value="/home/travis/pthla/certi-tools/share/federations" />
    <property name="env.TRAVIS_BUILD_ID" value="560538163" />
    <property name="env.PYENV_ROOT" value="/opt/pyenv" />
    <property name="env.TRAVIS_UID" value="2000" />
    <property name="prism.verbose" value="true" />
    <property name="env.NVM_BIN" value="/home/travis/.nvm/versions/node/v7.10.1/bin" />
    <property name="env.TRAVIS_COMMIT" value="1f1b318ec5c30c290ff0267652009bbec2d0b649" />
    <property name="env._system_arch" value="x86_64" />
    <property name="node.executable" value="node" />
    <property name="sun.boot.library.path" value="/usr/local/lib/jvm/openjdk11/lib" />
    <property name="sun.management.compiler" value="HotSpot 64-Bit Tiered Compilers" />
    <property name="java.awt.graphicsenv" value="sun.awt.X11GraphicsEnvironment" />
    <property name="env.GOPATH" value="/home/travis/gopath" />
    <property name="ptolemy.ptII.dir" value="/home/travis/build/icyphy/ptII" />
    <property name="env.USER" value="travis" />
    <property name="env.HISTFILESIZE" value="2000" />
    <property name="timeout.longest" value="19000000" />
    <property name="env.PERLBREW_SHELLRC_VERSION" value="0.86" />
    <property name="env.TRAVIS_STACK_FEATURES" value="basic couchdb disabled-ipv6 docker docker-compose elasticsearch firefox go-toolchain google-chrome jdk memcached mongodb mysql nodejs_interpreter perl_interpreter perlbrew phantomjs postgresql python_interpreter redis ruby_interpreter sqlite xserver" />
    <property name="env.TRAVIS_PULL_REQUEST" value="false" />
    <property name="env.PYENV_SHELL" value="bash" />
    <property name="ant.project.name" value="ptII" />
    <property name="env.ANSI_RESET" value="\033[0m" />
    <property name="java.vm.specification.version" value="11" />
    <property name="env.TRAVIS_DIST" value="xenial" />
    <property name="env.CERTI_VERSION" value="4.0.0" />
    <property name="env.CERTI_HOST" value="localhost" />
    <property name="awt.toolkit" value="sun.awt.X11.XToolkit" />
    <property name="env.MY_RUBY_HOME" value="/home/travis/.rvm/rubies/ruby-2.5.3" />
    <property name="sun.cpu.isalist" value="" />
    <property name="env.TRAVIS_TMPDIR" value="/tmp/tmp.kH6JuA53L8" />
    <property name="java.vm.compressedOopsMode" value="Zero based" />
    <property name="os.version" value="4.15.0-1028-gcp" />
    <property name="user.home" value="/home/travis" />
    <property name="java.vm.vendor" value="Oracle Corporation" />
    <property name="env.TRAVIS_TAG" value="nightly" />
    <property name="env.ANSI_YELLOW" value="\033[33;1m" />
    <property name="env.TRAVIS_FILTERED" value="redirect_io" />
    <property name="env.ANSI_GREEN" value="\033[32;1m" />
    <property name="env.JAVA_HOME" value="/usr/local/lib/jvm/openjdk11" />
    <property name="javadoc.excludepackagenames" value="adm.cvs2svn.*,build.*,config.*,doc.coding.templates.*,jni.test.jni.meaningOfLife.*,jni.test.jni.testDeux.*,jni.test.jni.testTrois.*,org.terraswarm.accessor.accessors.web.node_modules.*,org.terraswarm.accessor.accessors.web.hosts.cordova.demo.*,org.terraswarm.accessor.accessors.web.hosts.cordova.plugins.*,org.terraswarm.accessor.accessors-svn.*,pt-modules.*,ptolemy.apps.agilent.*,ptolemy.apps.anytimecontrol.*,ptolemy.apps.apes.*,ptolemy.apps.charon.*,ptolemy.apps.crazyboard.*,ptolemy.apps.eclipse.*,ptolemy.apps.etherealSting.*,ptolemy.apps.fullscreen.*,ptolemy.apps.giotto.*,ptolemy.apps.ia.*,ptolemy.apps.interfaces.*,ptolemy.apps.jmf.*,ptolemy.apps.kurt.*,ptolemy.apps.kvm.*,ptolemy.apps.lego.*,ptolemy.apps.lejos.*,ptolemy.apps.midp.*,ptolemy.apps.mobileCoding.*,ptolemy.apps.pendulum.*,ptolemy.apps.rijndael.*,ptolemy.apps.robot.*,ptolemy.apps.security.*,ptolemy.apps.sobel.*,ptolemy.apps.soot.*,ptolemy.apps.throttle.*,ptolemy.apps.tini.*,ptolemy.apps.transmission.*,ptolemy.apps.vergil.*,ptolemy.apps.waba.*,ptolemy.apps.websensor.*,ptolemy.apps.webstart.*,ptolemy.apps.xsl.*,ptolemy.apps.zaurus.*,ptolemy.codegen.c.actor.lib.oldJavaFiles.*,ptolemy.codegen.dsp.lib.*,ptolemy.codegen.kernel.newInterfaces.*,ptolemy.codegen.lib.*,ptolemy.copernicus.kernel.fragment.*,ptolemy.copernicus.shallow.cg.*,ptolemy.domains.giotto.demo.Hierarchy.Hierarchy.*,ptolemy.domains.giotto.demo.Multimode.Multimode.*,ptolemy.domains.giotto.demo.Simple.Simple.*,ptolemy.domains.gr.lib.experimental.*,ptolemy.domains.gro.*,ptolemy.domains.pdf.*,ptolemy.domains.ptinyos.demo.Surge.output.*,ptolemy.moml.test.NoPackageActor.java*,ptolemy.plot.adm.*,ptolemy.plot.servlet.*,reports.*,signed.*,src.*,target.*,vendors.*,ptolemy.copernicus.applet.*,ptolemy.media.viewer.*,ptolemy.actor.corba.*,doc.doclets.*,ptolemy.apps.eclipse.awt.*,ptolemy.backtrack.*,ptolemy.backtrack.ast.*,ptolemy.cg.adapter.generic.program.procedural.c.mbed*,ptolemy.homer.*,ptolemy.actor.lib.jai.*,org.ptolemy.scala.*,diva.util.java2d.svg.*,ptolemy.domains.ptinyos.*,ptolemy.actor.lib.fmi.fmipp.*,,org.terraswarm.accessor.accessors.web.node_modules.*,org.terraswarm.accessor.accessors-svn,ptolemy.apps.*,ptolemy.actor.ptalon.demo.ptinyos.SendAndReceiveCnt.output,ptolemy.actor.ptalon.demo.ptinyos.SenseToLeds.output,ptolemy.domains.ptinyos.demo.CntToLedsAndRfm.output,ptolemy.domains.ptinyos.demo.RfmToLeds.output,ptolemy.domains.ptinyos.demo.SendAndReceiveCnt.output,ptolemy.domains.ptinyos.demo.SenseToLeds.output,ptolemy.actor.lib.jjs.modules.udpSocket.*" />
    <property name="env.PTII" value="/home/travis/build/icyphy/ptII" />
    <property name="env.XDG_SESSION_ID" value="2" />
    <property name="keystore" value="ptKeystore" />
    <property name="env.TRAVIS_COMMIT_MESSAGE" value="configure.in changed." />
    <property name="junit.output.dir" value="/home/travis/build/icyphy/ptII/reports/junit" />
    <property name="npm.return.code" value="0" />
    <property name="user.dir" value="/home/travis/build/icyphy/ptII/ptolemy/actor/lib/test" />
    <property name="env.TRAVIS_NODE_VERSION" value="7" />
    <property name="env.TRAVIS_EVENT_TYPE" value="push" />
    <property name="env.MAIL" value="/var/mail/travis" />
    <property name="env.PERLBREW_ROOT" value="/home/travis/perl5/perlbrew" />
    <property name="env.PWD" value="/home/travis/build/icyphy/ptII" />
    <property name="timeout.npm" value="45000" />
    <property name="env.TRAVIS_ARCH" value="amd64" />
    <property name="sun.cpu.endian" value="little" />
    <property name="env.PAGER" value="cat" />
    <property name="env.TRAVIS_BUILD_STAGE_NAME" value="Test" />
    <property name="env.PERLBREW_HOME" value="/home/travis/.perlbrew" />
    <property name="java.vm.version" value="11.0.2+9" />
    <property name="env.RAILS_ENV" value="test" />
    <property name="java.class.path" value="/home/travis/.ptolemyII:/home/travis/.ptolemyII/*:/home/travis/build/icyphy/ptII:/home/travis/build/icyphy/ptII/lib/bsh-2.0b4.jar:/home/travis/build/icyphy/ptII/lib/ptCal.jar:/home/travis/build/icyphy/ptII/lib/java_cup.jar:/home/travis/build/icyphy/ptII/lib/saxon8.jar:/home/travis/build/icyphy/ptII/lib/saxon8-dom.jar:/home/travis/build/icyphy/ptII/lib/chic.jar:/home/travis/build/icyphy/ptII/lib/ptcolt.jar:/home/travis/build/icyphy/ptII/vendors/misc/itext/iText.jar:/home/travis/build/icyphy/ptII/lib/g4ltl.jar:/home/travis/build/icyphy/ptII/lib/StructuralCoder.jar:/home/travis/build/icyphy/ptII/lib/jcerti.jar:/home/travis/build/icyphy/ptII/lib/javax.mail.jar:/home/travis/build/icyphy/ptII/vendors/JMF-2.1.1e/lib/jmf.jar:/home/travis/build/icyphy/ptII/lib/jna-4.0.0-variadic.jar:/home/travis/build/icyphy/ptII/vendors/misc/joystick/Joystick.jar:/home/travis/build/icyphy/ptII/lib/ptjacl.jar:/home/travis/build/icyphy/ptII/lib/jsoup-1.8.2.jar:/home/travis/build/icyphy/ptII/lib/junit-4.8.2.jar:/home/travis/build/icyphy/ptII/lib/JUnitParams-0.4.0.jar:/home/travis/build/icyphy/ptII/ptolemy/actor/lib/excel/jxl.jar:/home/travis/build/icyphy/ptII/lib/jython.jar:/home/travis/build/icyphy/ptII/lib/kieler.jar:/home/travis/build/icyphy/ptII/vendors/opencv/share/OpenCV/java/opencv-341.jar:/home/travis/build/icyphy/ptII/lib/oscP5.jar:/home/travis/build/icyphy/ptII/lib/nrjavaserial-3.11.0.devel.jar:/home/travis/build/icyphy/ptII/vendors/j3d/lib/Linux/j3dcore.jar:/home/travis/build/icyphy/ptII/vendors/j3d/lib/Linux/j3dutils.jar:/home/travis/build/icyphy/ptII/vendors/j3d/lib/Linux/vecmath.jar:/home/travis/build/icyphy/ptII/vendors/jogl/lib/Linux/gluegen-rt-natives-linux-amd64.jar:/home/travis/build/icyphy/ptII/vendors/jogl/lib/Linux/gluegen-rt.jar:/home/travis/build/icyphy/ptII/vendors/jogl/lib/Linux/jogl-all-natives-linux-amd64.jar:/home/travis/build/icyphy/ptII/vendors/jogl/lib/Linux/jogl-all.jar:/home/travis/build/icyphy/ptII/ptolemy/distributed/jini/jar/jini-core.jar:/home/travis/build/icyphy/ptII/ptolemy/distributed/jini/jar/jini-ext.jar:/home/travis/build/icyphy/ptII/ptolemy/distributed/jini/jar/sun-util.jar:/home/travis/build/icyphy/ptII/lib/protobuf-java-2.4.1.jar:/home/travis/build/icyphy/ptII/lib/org.eclipse.paho.client.mqttv3.jar:/home/travis/build/icyphy/ptII/lib/mapss.jar:/home/travis/build/icyphy/ptII/ptolemy/actor/ptalon/antlr/antlr.jar:/home/travis/build/icyphy/ptII/lib/JRI.jar:/home/travis/build/icyphy/ptII/lib/commons-lang-2.6.jar:/home/travis/build/icyphy/ptII/lib/commons-logging-1.1.1.jar:/home/travis/build/icyphy/ptII/lib/sootclasses.jar:/home/travis/build/icyphy/ptII/ptolemy/actor/lib/database/mysql-connector-java-5.1.6-bin.jar:/home/travis/build/icyphy/ptII/vendors/misc/sphinx4/sphinx4-data-5prealpha.jar:/home/travis/build/icyphy/ptII/vendors/misc/sphinx4/sphinx4-core-5prealpha.jar:/home/travis/build/icyphy/ptII/lib/PDFRenderer.jar:/home/travis/build/icyphy/ptII/lib/svgSalamander.jar:/home/travis/build/icyphy/ptII/lib/rsyntaxtextarea-2.6.0-SNAPSHOT.jar:/home/travis/build/icyphy/ptII/lib/hazelcast-3.8.2.jar:/home/travis/build/icyphy/ptII/lib/jackson-annotations-2.9.0.jar:/home/travis/build/icyphy/ptII/lib/jackson-core-2.9.3.jar:/home/travis/build/icyphy/ptII/lib/jackson-databind-2.9.3.jar:/home/travis/build/icyphy/ptII/lib/netty-buffer-4.1.19.Final.jar:/home/travis/build/icyphy/ptII/lib/netty-codec-4.1.19.Final.jar:/home/travis/build/icyphy/ptII/lib/netty-codec-dns-4.1.19.Final.jar:/home/travis/build/icyphy/ptII/lib/netty-codec-http-4.1.19.Final.jar:/home/travis/build/icyphy/ptII/lib/netty-codec-http2-4.1.19.Final.jar:/home/travis/build/icyphy/ptII/lib/netty-common-4.1.19.Final.jar:/home/travis/build/icyphy/ptII/lib/netty-handler-4.1.19.Final.jar:/home/travis/build/icyphy/ptII/lib/netty-resolver-4.1.19.Final.jar:/home/travis/build/icyphy/ptII/lib/netty-resolver-dns-4.1.19.Final.jar:/home/travis/build/icyphy/ptII/lib/netty-transport-4.1.19.Final.jar:/home/travis/build/icyphy/ptII/lib/vertx-codegen-3.5.1.jar:/home/travis/build/icyphy/ptII/lib/vertx-core-3.5.2-SNAPSHOT.jar:/home/travis/build/icyphy/ptII/lib/vertx-hazelcast-3.5.1.jar:/home/travis/build/icyphy/ptII/lib/vertx-lang-js-3.5.1.jar:/home/travis/build/icyphy/ptII/lib/vertx-service-proxy-3.5.1.jar:/home/travis/build/icyphy/ptII/lib/vertx-web-3.5.1.jar:/home/travis/build/icyphy/ptII/lib/slf4j-api-1.7.13.jar:/home/travis/build/icyphy/ptII/lib/slf4j-simple-1.7.13.jar:/home/travis/build/icyphy/ptII/lib/webcam-capture-0.3.12.jar:/home/travis/build/icyphy/ptII/lib/bridj-0.7.0.jar:/home/travis/build/icyphy/ptII/lib/xbjlib-1.1.0.nrjavaserial.jar:/home/travis/build/icyphy/ptII/ptolemy/moml/test:/home/travis/build/icyphy/ptII/ant/lib/ant-launcher.jar:/home/travis/build/icyphy/ptII/ant/lib/ant.jar:/home/travis/build/icyphy/ptII/ant/lib/ant-junit.jar:/home/travis/build/icyphy/ptII/ant/lib/ant-junit4.jar" />
    <property name="ant.library.dir" value="/home/travis/build/icyphy/ptII/ant/lib" />
    <property name="os.arch" value="amd64" />
    <property name="env.CONTINUOUS_INTEGRATION" value="true" />
    <property name="env.TRAVIS_LANGUAGE" value="node_js" />
    <property name="env.TRAVIS_STACK_LANGUAGES" value="__sardonyx__ c c++ clojure cplusplus cpp default generic go groovy java node_js php pure_java python ruby scala" />
    <property name="test.name" value="ptolemy.actor.lib.test.junit.JUnitTclTest" />
    <property name="env.APT_KEY_DONT_WARN_ON_DANGEROUS_USAGE" value="1" />
    <property name="sun.java.launcher" value="SUN_STANDARD" />
    <property name="env.PYTHON_CONFIGURE_OPTS" value="--enable-unicode=ucs4 --with-wide-unicode --enable-shared --enable-ipv6 --enable-loadable-sqlite-extensions --with-computed-gotos" />
    <property name="ant.core.lib" value="/home/travis/build/icyphy/ptII/ant/lib/ant.jar" />
    <property name="java.vm.specification.vendor" value="Oracle Corporation" />
    <property name="env.BCVTB_HOME" value="/home/travis/build/icyphy/ptII/lbnl" />
    <property name="file.separator" value="/" />
    <property name="spotbugs.home" value="/home/travis/build/icyphy/ptII/vendors/spotbugs-3.1.1" />
    <property name="java.runtime.version" value="11.0.2+9" />
    <property name="env.ANSI_CLEAR" value="\033[0K" />
    <property name="javafx.verbose" value="true" />
    <property name="env.HAS_JOSH_K_SEAL_OF_APPROVAL" value="true" />
    <property name="env.XDG_RUNTIME_DIR" value="/run/user/2000" />
    <property name="env.TRAVIS_OSX_IMAGE" value="" />
    <property name="env.TRAVIS_JOB_ID" value="560538171" />
    <property name="env.TRAVIS_BRANCH" value="master" />
    <property name="user.country" value="US" />
    <property name="env.CERTI_HOME_TRAVIS" value="/home/travis/pthla/certi-tools" />
    <property name="env.SHELL" value="/bin/bash" />
    <property name="java.maxmemory.large" value="5000m" />
    <property name="model" value="" />
    <property name="env.CASHER_DIR" value="/home/travis/.casher" />
    <property name="env.NVM_CD_FLAGS" value="" />
    <property name="java.vendor.version" value="18.9" />
    <property name="jshint.executable" value="/home/travis/node_modules/jshint/bin/jshint" />
    <property name="env.JRUBY_OPTS" value=" --client -J-XX:+TieredCompilation -J-XX:TieredStopAtLevel=1 -J-Xss2m -Xcompile.invokedynamic=false" />
    <property name="java.vendor" value="Oracle Corporation" />
    <property name="env.TRAVIS_PRE_CHEF_BOOTSTRAP_TIME" value="2019-03-25T16:16:42" />
    <property name="env.TRAVIS_STACK_JOB_BOARD_REGISTER" value="/.job-board-register.yml" />
    <property name="env.ANSI_RED" value="\033[31;1m" />
    <property name="java.specification.version" value="11" />
    <property name="env.IRBRC" value="/home/travis/.rvm/rubies/ruby-2.5.3/.irbrc" />
    <property name="env.TRAVIS" value="true" />
    <property name="sun.arch.data.model" value="64" />
  </properties>
  <testcase classname="ptolemy.util.test.junit.TclTests" name="[0] /home/travis/build/icyphy/ptII/ptolemy/actor/lib/test/AbsoluteValue.tcl (RunTclFile)" time="0.574" />
  <testcase classname="ptolemy.util.test.junit.TclTests" name="[1] /home/travis/build/icyphy/ptII/ptolemy/actor/lib/test/AddSubtract.tcl (RunTclFile)" time="0.198" />
  <testcase classname="ptolemy.util.test.junit.TclTests" name="[2] /home/travis/build/icyphy/ptII/ptolemy/actor/lib/test/Average.tcl (RunTclFile)" time="0.055" />
  <testcase classname="ptolemy.util.test.junit.TclTests" name="[3] /home/travis/build/icyphy/ptII/ptolemy/actor/lib/test/Bernoulli.tcl (RunTclFile)" time="0.019" />
  <testcase classname="ptolemy.util.test.junit.TclTests" name="[4] /home/travis/build/icyphy/ptII/ptolemy/actor/lib/test/Clock.tcl (RunTclFile)" time="0.095" />
  <testcase classname="ptolemy.util.test.junit.TclTests" name="[5] /home/travis/build/icyphy/ptII/ptolemy/actor/lib/test/Commutator.tcl (RunTclFile)" time="0.206" />
  <testcase classname="ptolemy.util.test.junit.TclTests" name="[6] /home/travis/build/icyphy/ptII/ptolemy/actor/lib/test/Const.tcl (RunTclFile)" time="0.114" />
  <testcase classname="ptolemy.util.test.junit.TclTests" name="[7] /home/travis/build/icyphy/ptII/ptolemy/actor/lib/test/CurrentTime.tcl (RunTclFile)" time="0.046" />
  <testcase classname="ptolemy.util.test.junit.TclTests" name="[8] /home/travis/build/icyphy/ptII/ptolemy/actor/lib/test/DB.tcl (RunTclFile)" time="0.085" />
  <testcase classname="ptolemy.util.test.junit.TclTests" name="[9] /home/travis/build/icyphy/ptII/ptolemy/actor/lib/test/DiscreteRandomSource.tcl (RunTclFile)" time="0.032" />
  <testcase classname="ptolemy.util.test.junit.TclTests" name="[10] /home/travis/build/icyphy/ptII/ptolemy/actor/lib/test/Distributor.tcl (RunTclFile)" time="0.062" />
  <testcase classname="ptolemy.util.test.junit.TclTests" name="[11] /home/travis/build/icyphy/ptII/ptolemy/actor/lib/test/Exit.tcl (RunTclFile)" time="0.109" />
  <testcase classname="ptolemy.util.test.junit.TclTests" name="[12] /home/travis/build/icyphy/ptII/ptolemy/actor/lib/test/Expression.tcl (RunTclFile)" time="0.143" />
  <testcase classname="ptolemy.util.test.junit.TclTests" name="[13] /home/travis/build/icyphy/ptII/ptolemy/actor/lib/test/Gaussian.tcl (RunTclFile)" time="0.157" />
  <testcase classname="ptolemy.util.test.junit.TclTests" name="[14] /home/travis/build/icyphy/ptII/ptolemy/actor/lib/test/IIR.tcl (RunTclFile)" time="0.026" />
  <testcase classname="ptolemy.util.test.junit.TclTests" name="[15] /home/travis/build/icyphy/ptII/ptolemy/actor/lib/test/Interpolator.tcl (RunTclFile)" time="0.109" />
  <testcase classname="ptolemy.util.test.junit.TclTests" name="[16] /home/travis/build/icyphy/ptII/ptolemy/actor/lib/test/MathFunction.tcl (RunTclFile)" time="0.07" />
  <testcase classname="ptolemy.util.test.junit.TclTests" name="[17] /home/travis/build/icyphy/ptII/ptolemy/actor/lib/test/Maximum.tcl (RunTclFile)" time="0.042" />
  <testcase classname="ptolemy.util.test.junit.TclTests" name="[18] /home/travis/build/icyphy/ptII/ptolemy/actor/lib/test/Minimum.tcl (RunTclFile)" time="0.028" />
  <testcase classname="ptolemy.util.test.junit.TclTests" name="[19] /home/travis/build/icyphy/ptII/ptolemy/actor/lib/test/MultiplyDivide.tcl (RunTclFile)" time="0.04" />
  <testcase classname="ptolemy.util.test.junit.TclTests" name="[20] /home/travis/build/icyphy/ptII/ptolemy/actor/lib/test/OrderedMerge.tcl (RunTclFile)" time="0.131" />
  <testcase classname="ptolemy.util.test.junit.TclTests" name="[21] /home/travis/build/icyphy/ptII/ptolemy/actor/lib/test/Publisher.tcl (RunTclFile)" time="0.813" />
  <testcase classname="ptolemy.util.test.junit.TclTests" name="[22] /home/travis/build/icyphy/ptII/ptolemy/actor/lib/test/Pulse.tcl (RunTclFile)" time="0.067" />
  <testcase classname="ptolemy.util.test.junit.TclTests" name="[23] /home/travis/build/icyphy/ptII/ptolemy/actor/lib/test/Ramp.tcl (RunTclFile)" time="2.235" />
  <testcase classname="ptolemy.util.test.junit.TclTests" name="[24] /home/travis/build/icyphy/ptII/ptolemy/actor/lib/test/RampContinuous.tcl (RunTclFile)" time="0.018" />
  <testcase classname="ptolemy.util.test.junit.TclTests" name="[25] /home/travis/build/icyphy/ptII/ptolemy/actor/lib/test/RecordAssembler.tcl (RunTclFile)" time="0.017" />
  <testcase classname="ptolemy.util.test.junit.TclTests" name="[26] /home/travis/build/icyphy/ptII/ptolemy/actor/lib/test/RecordDisassembler.tcl (RunTclFile)" time="0.022" />
  <testcase classname="ptolemy.util.test.junit.TclTests" name="[27] /home/travis/build/icyphy/ptII/ptolemy/actor/lib/test/Scale.tcl (RunTclFile)" time="0.034" />
  <testcase classname="ptolemy.util.test.junit.TclTests" name="[28] /home/travis/build/icyphy/ptII/ptolemy/actor/lib/test/SequentialClock.tcl (RunTclFile)" time="0.018" />
  <testcase classname="ptolemy.util.test.junit.TclTests" name="[29] /home/travis/build/icyphy/ptII/ptolemy/actor/lib/test/SetVariable.tcl (RunTclFile)" time="0.04">
    <failure message="Number of failed tests is has increased. expected:&lt;0&gt; but was:&lt;1&gt;" type="junit.framework.AssertionFailedError">junit.framework.AssertionFailedError: Number of failed tests is has increased. expected:&lt;0&gt; but was:&lt;1&gt;
	at ptolemy.util.test.junit.TclTests.RunTclFile(TclTests.java:286)
	at jdk.internal.reflect.GeneratedMethodAccessor19.invoke(Unknown Source)
	at java.base/jdk.internal.reflect.DelegatingMethodAccessorImpl.invoke(DelegatingMethodAccessorImpl.java:43)
	at junitparams.internal.InvokeParameterisedMethod.evaluate(InvokeParameterisedMethod.java:102)
	at junitparams.internal.ParameterisedTestMethodRunner.runMethodInvoker(ParameterisedTestMethodRunner.java:47)
	at junitparams.internal.ParameterisedTestMethodRunner.runTestMethod(ParameterisedTestMethodRunner.java:41)
	at junitparams.internal.ParameterisedTestClassRunner.runParameterisedTest(ParameterisedTestClassRunner.java:143)
	at junitparams.JUnitParamsRunner.runChild(JUnitParamsRunner.java:237)
	at junitparams.JUnitParamsRunner.runChild(JUnitParamsRunner.java:215)
</failure>
  </testcase>
  <testcase classname="ptolemy.util.test.junit.TclTests" name="[30] /home/travis/build/icyphy/ptII/ptolemy/actor/lib/test/Sinewave.tcl (RunTclFile)" time="0.05" />
  <testcase classname="ptolemy.util.test.junit.TclTests" name="[31] /home/travis/build/icyphy/ptII/ptolemy/actor/lib/test/SubscriptionAggregator.tcl (RunTclFile)" time="2.263" />
  <testcase classname="ptolemy.util.test.junit.TclTests" name="[32] /home/travis/build/icyphy/ptII/ptolemy/actor/lib/test/Test.tcl (RunTclFile)" time="0.101" />
  <testcase classname="ptolemy.util.test.junit.TclTests" name="[33] /home/travis/build/icyphy/ptII/ptolemy/actor/lib/test/TestExceptionHandler.tcl (RunTclFile)" time="0.02" />
  <testcase classname="ptolemy.util.test.junit.TclTests" name="[34] /home/travis/build/icyphy/ptII/ptolemy/actor/lib/test/UnionDisassembler.tcl (RunTclFile)" time="0.058" />
  <testcase classname="ptolemy.util.test.junit.TclTests" name="[35] /home/travis/build/icyphy/ptII/ptolemy/actor/lib/test/VariableClock.tcl (RunTclFile)" time="0.016" />
  <testcase classname="ptolemy.util.test.junit.AutoKnownFailedTests" name="[0] /home/travis/build/icyphy/ptII/ptolemy/actor/lib/test/auto/knownFailedTests/PublisherPortToplevelSubscriber.xml (RunModel)" time="0.051" />
  <testcase classname="ptolemy.util.test.junit.AutoKnownFailedTests" name="[1] /home/travis/build/icyphy/ptII/ptolemy/actor/lib/test/auto/knownFailedTests/PublisherSubscriberPortToplevel.xml (RunModel)" time="0.055" />
  <testcase classname="ptolemy.util.test.junit.AutoKnownFailedTests" name="[2] /home/travis/build/icyphy/ptII/ptolemy/actor/lib/test/auto/knownFailedTests/PublisherSubscriptionAggregatorPort.xml (RunModel)" time="0.047" />
  <testcase classname="ptolemy.util.test.junit.AutoKnownFailedTests" name="[3] /home/travis/build/icyphy/ptII/ptolemy/actor/lib/test/auto/knownFailedTests/sizedarray3.xml (RunModel)" time="0.028" />
  <testcase classname="ptolemy.util.test.junit.AutoNameArchTests" name="[0] ThereAreNoAutoArchTests (RunModel)" time="0.001" />
  <testcase classname="ptolemy.util.test.junit.AutoTests" name="[0] /home/travis/build/icyphy/ptII/ptolemy/actor/lib/test/auto/AbsoluteValue.xml (RunModel)" time="0.195" />
  <testcase classname="ptolemy.util.test.junit.AutoTests" name="[1] /home/travis/build/icyphy/ptII/ptolemy/actor/lib/test/auto/AbsoluteValue2.xml (RunModel)" time="0.07" />
  <testcase classname="ptolemy.util.test.junit.AutoTests" name="[2] /home/travis/build/icyphy/ptII/ptolemy/actor/lib/test/auto/Accumulator.xml (RunModel)" time="0.042" />
  <testcase classname="ptolemy.util.test.junit.AutoTests" name="[3] /home/travis/build/icyphy/ptII/ptolemy/actor/lib/test/auto/Accumulator2.xml (RunModel)" time="0.057" />
  <testcase classname="ptolemy.util.test.junit.AutoTests" name="[4] /home/travis/build/icyphy/ptII/ptolemy/actor/lib/test/auto/Accumulator3.xml (RunModel)" time="0.045" />
  <testcase classname="ptolemy.util.test.junit.AutoTests" name="[5] /home/travis/build/icyphy/ptII/ptolemy/actor/lib/test/auto/ArrayAppend.xml (RunModel)" time="0.029" />
  <testcase classname="ptolemy.util.test.junit.AutoTests" name="[6] /home/travis/build/icyphy/ptII/ptolemy/actor/lib/test/auto/ArrayAppend2.xml (RunModel)" time="0.429" />
  <testcase classname="ptolemy.util.test.junit.AutoTests" name="[7] /home/travis/build/icyphy/ptII/ptolemy/actor/lib/test/auto/ArrayAppend3.xml (RunModel)" time="0.018" />
  <testcase classname="ptolemy.util.test.junit.AutoTests" name="[8] /home/travis/build/icyphy/ptII/ptolemy/actor/lib/test/auto/ArrayAppend4.xml (RunModel)" time="0.016" />
  <testcase classname="ptolemy.util.test.junit.AutoTests" name="[9] /home/travis/build/icyphy/ptII/ptolemy/actor/lib/test/auto/ArrayAppend5.xml (RunModel)" time="0.023" />
  <testcase classname="ptolemy.util.test.junit.AutoTests" name="[10] /home/travis/build/icyphy/ptII/ptolemy/actor/lib/test/auto/ArrayAppend6.xml (RunModel)" time="0.021" />
  <testcase classname="ptolemy.util.test.junit.AutoTests" name="[11] /home/travis/build/icyphy/ptII/ptolemy/actor/lib/test/auto/ArrayAppendPerformanceTest.xml (RunModel)" time="0.055" />
  <testcase classname="ptolemy.util.test.junit.AutoTests" name="[12] /home/travis/build/icyphy/ptII/ptolemy/actor/lib/test/auto/ArrayAppendWithEmptyInput.xml (RunModel)" time="0.033" />
  <testcase classname="ptolemy.util.test.junit.AutoTests" name="[13] /home/travis/build/icyphy/ptII/ptolemy/actor/lib/test/auto/ArrayAverage.xml (RunModel)" time="0.104" />
  <testcase classname="ptolemy.util.test.junit.AutoTests" name="[14] /home/travis/build/icyphy/ptII/ptolemy/actor/lib/test/auto/ArrayContains.xml (RunModel)" time="0.04" />
  <testcase classname="ptolemy.util.test.junit.AutoTests" name="[15] /home/travis/build/icyphy/ptII/ptolemy/actor/lib/test/auto/ArrayElement.xml (RunModel)" time="0.03" />
  <testcase classname="ptolemy.util.test.junit.AutoTests" name="[16] /home/travis/build/icyphy/ptII/ptolemy/actor/lib/test/auto/ArrayElementAsMatrix.xml (RunModel)" time="0.075" />
  <testcase classname="ptolemy.util.test.junit.AutoTests" name="[17] /home/travis/build/icyphy/ptII/ptolemy/actor/lib/test/auto/ArrayElementI.xml (RunModel)" time="0.023" />
  <testcase classname="ptolemy.util.test.junit.AutoTests" name="[18] /home/travis/build/icyphy/ptII/ptolemy/actor/lib/test/auto/ArrayExtract.xml (RunModel)" time="0.043" />
  <testcase classname="ptolemy.util.test.junit.AutoTests" name="[19] /home/travis/build/icyphy/ptII/ptolemy/actor/lib/test/auto/ArrayExtract2.xml (RunModel)" time="0.019" />
  <testcase classname="ptolemy.util.test.junit.AutoTests" name="[20] /home/travis/build/icyphy/ptII/ptolemy/actor/lib/test/auto/ArrayLength.xml (RunModel)" time="0.028" />
  <testcase classname="ptolemy.util.test.junit.AutoTests" name="[21] /home/travis/build/icyphy/ptII/ptolemy/actor/lib/test/auto/ArrayLevelCrossing.xml (RunModel)" time="0.034" />
  <testcase classname="ptolemy.util.test.junit.AutoTests" name="[22] /home/travis/build/icyphy/ptII/ptolemy/actor/lib/test/auto/ArrayLevelCrossing2.xml (RunModel)" time="0.028" />
  <testcase classname="ptolemy.util.test.junit.AutoTests" name="[23] /home/travis/build/icyphy/ptII/ptolemy/actor/lib/test/auto/ArrayPeakSearch.xml (RunModel)" time="0.048" />
  <testcase classname="ptolemy.util.test.junit.AutoTests" name="[24] /home/travis/build/icyphy/ptII/ptolemy/actor/lib/test/auto/ArrayPeakSearch2.xml (RunModel)" time="0.044" />
  <testcase classname="ptolemy.util.test.junit.AutoTests" name="[25] /home/travis/build/icyphy/ptII/ptolemy/actor/lib/test/auto/ArrayPeakSearch3.xml (RunModel)" time="0.04" />
  <testcase classname="ptolemy.util.test.junit.AutoTests" name="[26] /home/travis/build/icyphy/ptII/ptolemy/actor/lib/test/auto/ArrayRemoveElement.xml (RunModel)" time="0.031" />
  <testcase classname="ptolemy.util.test.junit.AutoTests" name="[27] /home/travis/build/icyphy/ptII/ptolemy/actor/lib/test/auto/ArraySort.xml (RunModel)" time="0.036" />
  <testcase classname="ptolemy.util.test.junit.AutoTests" name="[28] /home/travis/build/icyphy/ptII/ptolemy/actor/lib/test/auto/ArraySum.xml (RunModel)" time="0.018" />
  <testcase classname="ptolemy.util.test.junit.AutoTests" name="[29] /home/travis/build/icyphy/ptII/ptolemy/actor/lib/test/auto/ArrayToElements.xml (RunModel)" time="0.024" />
  <testcase classname="ptolemy.util.test.junit.AutoTests" name="[30] /home/travis/build/icyphy/ptII/ptolemy/actor/lib/test/auto/ArrayToMatrix.xml (RunModel)" time="0.064" />
  <testcase classname="ptolemy.util.test.junit.AutoTests" name="[31] /home/travis/build/icyphy/ptII/ptolemy/actor/lib/test/auto/ArrayUpdate1.xml (RunModel)" time="0.023" />
  <testcase classname="ptolemy.util.test.junit.AutoTests" name="[32] /home/travis/build/icyphy/ptII/ptolemy/actor/lib/test/auto/ArrayUpdate2.xml (RunModel)" time="0.021" />
  <testcase classname="ptolemy.util.test.junit.AutoTests" name="[33] /home/travis/build/icyphy/ptII/ptolemy/actor/lib/test/auto/ArrayUpdate3.xml (RunModel)" time="0.015" />
  <testcase classname="ptolemy.util.test.junit.AutoTests" name="[34] /home/travis/build/icyphy/ptII/ptolemy/actor/lib/test/auto/Assert1.xml (RunModel)" time="0.023" />
  <testcase classname="ptolemy.util.test.junit.AutoTests" name="[35] /home/travis/build/icyphy/ptII/ptolemy/actor/lib/test/auto/Assert2.xml (RunModel)" time="0.011" />
  <testcase classname="ptolemy.util.test.junit.AutoTests" name="[36] /home/travis/build/icyphy/ptII/ptolemy/actor/lib/test/auto/BooleanMultiplexor.xml (RunModel)" time="0.016" />
  <testcase classname="ptolemy.util.test.junit.AutoTests" name="[37] /home/travis/build/icyphy/ptII/ptolemy/actor/lib/test/auto/BooleanMultiplexor2.xml (RunModel)" time="0.041" />
  <testcase classname="ptolemy.util.test.junit.AutoTests" name="[38] /home/travis/build/icyphy/ptII/ptolemy/actor/lib/test/auto/BooleanMultiplexor3.xml (RunModel)" time="0.026" />
  <testcase classname="ptolemy.util.test.junit.AutoTests" name="[39] /home/travis/build/icyphy/ptII/ptolemy/actor/lib/test/auto/BooleanSelect.xml (RunModel)" time="0.031" />
  <testcase classname="ptolemy.util.test.junit.AutoTests" name="[40] /home/travis/build/icyphy/ptII/ptolemy/actor/lib/test/auto/BooleanSelect2.xml (RunModel)" time="0.025" />
  <testcase classname="ptolemy.util.test.junit.AutoTests" name="[41] /home/travis/build/icyphy/ptII/ptolemy/actor/lib/test/auto/BooleanSwitch.xml (RunModel)" time="0.035" />
  <testcase classname="ptolemy.util.test.junit.AutoTests" name="[42] /home/travis/build/icyphy/ptII/ptolemy/actor/lib/test/auto/BooleanSwitch2.xml (RunModel)" time="0.021" />
  <testcase classname="ptolemy.util.test.junit.AutoTests" name="[43] /home/travis/build/icyphy/ptII/ptolemy/actor/lib/test/auto/BooleanSwitchCloningBugWithClassRelationGroup.xml (RunModel)" time="0.044" />
  <testcase classname="ptolemy.util.test.junit.AutoTests" name="[44] /home/travis/build/icyphy/ptII/ptolemy/actor/lib/test/auto/BusActors.xml (RunModel)" time="0.037" />
  <testcase classname="ptolemy.util.test.junit.AutoTests" name="[45] /home/travis/build/icyphy/ptII/ptolemy/actor/lib/test/auto/ClassWrapper.xml (RunModel)" time="0.028" />
  <testcase classname="ptolemy.util.test.junit.AutoTests" name="[46] /home/travis/build/icyphy/ptII/ptolemy/actor/lib/test/auto/Clock.xml (RunModel)" time="0.01" />
  <testcase classname="ptolemy.util.test.junit.AutoTests" name="[47] /home/travis/build/icyphy/ptII/ptolemy/actor/lib/test/auto/Clock10.xml (RunModel)" time="0.019" />
  <testcase classname="ptolemy.util.test.junit.AutoTests" name="[48] /home/travis/build/icyphy/ptII/ptolemy/actor/lib/test/auto/Clock11.xml (RunModel)" time="0.024" />
  <testcase classname="ptolemy.util.test.junit.AutoTests" name="[49] /home/travis/build/icyphy/ptII/ptolemy/actor/lib/test/auto/Clock12.xml (RunModel)" time="0.022" />
  <testcase classname="ptolemy.util.test.junit.AutoTests" name="[50] /home/travis/build/icyphy/ptII/ptolemy/actor/lib/test/auto/Clock13.xml (RunModel)" time="0.019" />
  <testcase classname="ptolemy.util.test.junit.AutoTests" name="[51] /home/travis/build/icyphy/ptII/ptolemy/actor/lib/test/auto/Clock14.xml (RunModel)" time="0.022" />
  <testcase classname="ptolemy.util.test.junit.AutoTests" name="[52] /home/travis/build/icyphy/ptII/ptolemy/actor/lib/test/auto/Clock15.xml (RunModel)" time="0.015" />
  <testcase classname="ptolemy.util.test.junit.AutoTests" name="[53] /home/travis/build/icyphy/ptII/ptolemy/actor/lib/test/auto/Clock16.xml (RunModel)" time="0.112" />
  <testcase classname="ptolemy.util.test.junit.AutoTests" name="[54] /home/travis/build/icyphy/ptII/ptolemy/actor/lib/test/auto/Clock17.xml (RunModel)" time="0.078" />
  <testcase classname="ptolemy.util.test.junit.AutoTests" name="[55] /home/travis/build/icyphy/ptII/ptolemy/actor/lib/test/auto/Clock18.xml (RunModel)" time="0.063" />
  <testcase classname="ptolemy.util.test.junit.AutoTests" name="[56] /home/travis/build/icyphy/ptII/ptolemy/actor/lib/test/auto/Clock19.xml (RunModel)" time="0.048" />
  <testcase classname="ptolemy.util.test.junit.AutoTests" name="[57] /home/travis/build/icyphy/ptII/ptolemy/actor/lib/test/auto/Clock2.xml (RunModel)" time="0.016" />
  <testcase classname="ptolemy.util.test.junit.AutoTests" name="[58] /home/travis/build/icyphy/ptII/ptolemy/actor/lib/test/auto/Clock20.xml (RunModel)" time="0.026" />
  <testcase classname="ptolemy.util.test.junit.AutoTests" name="[59] /home/travis/build/icyphy/ptII/ptolemy/actor/lib/test/auto/Clock21.xml (RunModel)" time="0.017" />
  <testcase classname="ptolemy.util.test.junit.AutoTests" name="[60] /home/travis/build/icyphy/ptII/ptolemy/actor/lib/test/auto/Clock22.xml (RunModel)" time="0.018" />
  <testcase classname="ptolemy.util.test.junit.AutoTests" name="[61] /home/travis/build/icyphy/ptII/ptolemy/actor/lib/test/auto/Clock23.xml (RunModel)" time="0.021" />
  <testcase classname="ptolemy.util.test.junit.AutoTests" name="[62] /home/travis/build/icyphy/ptII/ptolemy/actor/lib/test/auto/Clock24.xml (RunModel)" time="0.016" />
  <testcase classname="ptolemy.util.test.junit.AutoTests" name="[63] /home/travis/build/icyphy/ptII/ptolemy/actor/lib/test/auto/Clock4.xml (RunModel)" time="0.014" />
  <testcase classname="ptolemy.util.test.junit.AutoTests" name="[64] /home/travis/build/icyphy/ptII/ptolemy/actor/lib/test/auto/Clock5.xml (RunModel)" time="0.012" />
  <testcase classname="ptolemy.util.test.junit.AutoTests" name="[65] /home/travis/build/icyphy/ptII/ptolemy/actor/lib/test/auto/Clock6.xml (RunModel)" time="0.027" />
  <testcase classname="ptolemy.util.test.junit.AutoTests" name="[66] /home/travis/build/icyphy/ptII/ptolemy/actor/lib/test/auto/Clock7.xml (RunModel)" time="0.017" />
  <testcase classname="ptolemy.util.test.junit.AutoTests" name="[67] /home/travis/build/icyphy/ptII/ptolemy/actor/lib/test/auto/Clock8.xml (RunModel)" time="0.016" />
  <testcase classname="ptolemy.util.test.junit.AutoTests" name="[68] /home/travis/build/icyphy/ptII/ptolemy/actor/lib/test/auto/Clock9.xml (RunModel)" time="0.018" />
  <testcase classname="ptolemy.util.test.junit.AutoTests" name="[69] /home/travis/build/icyphy/ptII/ptolemy/actor/lib/test/auto/CommDistDiscard.xml (RunModel)" time="0.025" />
  <testcase classname="ptolemy.util.test.junit.AutoTests" name="[70] /home/travis/build/icyphy/ptII/ptolemy/actor/lib/test/auto/Commutator.xml (RunModel)" time="0.015" />
  <testcase classname="ptolemy.util.test.junit.AutoTests" name="[71] /home/travis/build/icyphy/ptII/ptolemy/actor/lib/test/auto/Commutator2.xml (RunModel)" time="0.01" />
  <testcase classname="ptolemy.util.test.junit.AutoTests" name="[72] /home/travis/build/icyphy/ptII/ptolemy/actor/lib/test/auto/Commutator3.xml (RunModel)" time="0.014" />
  <testcase classname="ptolemy.util.test.junit.AutoTests" name="[73] /home/travis/build/icyphy/ptII/ptolemy/actor/lib/test/auto/Compare.xml (RunModel)" time="0.02" />
  <testcase classname="ptolemy.util.test.junit.AutoTests" name="[74] /home/travis/build/icyphy/ptII/ptolemy/actor/lib/test/auto/CompareDE.xml (RunModel)" time="0.021" />
  <testcase classname="ptolemy.util.test.junit.AutoTests" name="[75] /home/travis/build/icyphy/ptII/ptolemy/actor/lib/test/auto/ComplexDivide.xml (RunModel)" time="0.015" />
  <testcase classname="ptolemy.util.test.junit.AutoTests" name="[76] /home/travis/build/icyphy/ptII/ptolemy/actor/lib/test/auto/ComputeHistogram.xml (RunModel)" time="0.078" />
  <testcase classname="ptolemy.util.test.junit.AutoTests" name="[77] /home/travis/build/icyphy/ptII/ptolemy/actor/lib/test/auto/ConfigurationSelect.xml (RunModel)" time="0.025" />
  <testcase classname="ptolemy.util.test.junit.AutoTests" name="[78] /home/travis/build/icyphy/ptII/ptolemy/actor/lib/test/auto/ConfigurationSelect2.xml (RunModel)" time="0.016" />
  <testcase classname="ptolemy.util.test.junit.AutoTests" name="[79] /home/travis/build/icyphy/ptII/ptolemy/actor/lib/test/auto/ConfigurationSwitch.xml (RunModel)" time="0.02" />
  <testcase classname="ptolemy.util.test.junit.AutoTests" name="[80] /home/travis/build/icyphy/ptII/ptolemy/actor/lib/test/auto/ConfigurationSwitch2.xml (RunModel)" time="0.022" />
  <testcase classname="ptolemy.util.test.junit.AutoTests" name="[81] /home/travis/build/icyphy/ptII/ptolemy/actor/lib/test/auto/ConfigurationSwitchCloningBugWithClassRelationGroup.xml (RunModel)" time="0.015" />
  <testcase classname="ptolemy.util.test.junit.AutoTests" name="[82] /home/travis/build/icyphy/ptII/ptolemy/actor/lib/test/auto/ConfigurationSwitchSelectSDF.xml (RunModel)" time="0.011" />
  <testcase classname="ptolemy.util.test.junit.AutoTests" name="[83] /home/travis/build/icyphy/ptII/ptolemy/actor/lib/test/auto/ConfigurationSwitchSelectSDF2.xml (RunModel)" time="0.01" />
  <testcase classname="ptolemy.util.test.junit.AutoTests" name="[84] /home/travis/build/icyphy/ptII/ptolemy/actor/lib/test/auto/Const.xml (RunModel)" time="0.006" />
  <testcase classname="ptolemy.util.test.junit.AutoTests" name="[85] /home/travis/build/icyphy/ptII/ptolemy/actor/lib/test/auto/Const2.xml (RunModel)" time="0.012" />
  <testcase classname="ptolemy.util.test.junit.AutoTests" name="[86] /home/travis/build/icyphy/ptII/ptolemy/actor/lib/test/auto/Const3.xml (RunModel)" time="0.005" />
  <testcase classname="ptolemy.util.test.junit.AutoTests" name="[87] /home/travis/build/icyphy/ptII/ptolemy/actor/lib/test/auto/ConstantPublisherPort1.xml (RunModel)" time="0.018" />
  <testcase classname="ptolemy.util.test.junit.AutoTests" name="[88] /home/travis/build/icyphy/ptII/ptolemy/actor/lib/test/auto/ConstantPublisherPort2.xml (RunModel)" time="0.024" />
  <testcase classname="ptolemy.util.test.junit.AutoTests" name="[89] /home/travis/build/icyphy/ptII/ptolemy/actor/lib/test/auto/ConstantPublisherPort3.xml (RunModel)" time="0.014" />
  <testcase classname="ptolemy.util.test.junit.AutoTests" name="[90] /home/travis/build/icyphy/ptII/ptolemy/actor/lib/test/auto/ConstantPublisherPort4.xml (RunModel)" time="0.015" />
  <testcase classname="ptolemy.util.test.junit.AutoTests" name="[91] /home/travis/build/icyphy/ptII/ptolemy/actor/lib/test/auto/ConstantPublisherPort5.xml (RunModel)" time="0.047" />
  <testcase classname="ptolemy.util.test.junit.AutoTests" name="[92] /home/travis/build/icyphy/ptII/ptolemy/actor/lib/test/auto/ConstantPublisherPort6.xml (RunModel)" time="0.035" />
  <testcase classname="ptolemy.util.test.junit.AutoTests" name="[93] /home/travis/build/icyphy/ptII/ptolemy/actor/lib/test/auto/ConstantPublisherPort7.xml (RunModel)" time="0.032" />
  <testcase classname="ptolemy.util.test.junit.AutoTests" name="[94] /home/travis/build/icyphy/ptII/ptolemy/actor/lib/test/auto/ConstraintMonitor1.xml (RunModel)" time="0.039" />
  <testcase classname="ptolemy.util.test.junit.AutoTests" name="[95] /home/travis/build/icyphy/ptII/ptolemy/actor/lib/test/auto/ConstraintMonitor2.xml (RunModel)" time="0.015" />
  <testcase classname="ptolemy.util.test.junit.AutoTests" name="[96] /home/travis/build/icyphy/ptII/ptolemy/actor/lib/test/auto/ConstraintMonitor3.xml (RunModel)" time="0.018" />
  <testcase classname="ptolemy.util.test.junit.AutoTests" name="[97] /home/travis/build/icyphy/ptII/ptolemy/actor/lib/test/auto/ConstraintMonitor4.xml (RunModel)" time="0.013" />
  <testcase classname="ptolemy.util.test.junit.AutoTests" name="[98] /home/travis/build/icyphy/ptII/ptolemy/actor/lib/test/auto/ConstraintMonitor5.xml (RunModel)" time="0.013" />
  <testcase classname="ptolemy.util.test.junit.AutoTests" name="[99] /home/travis/build/icyphy/ptII/ptolemy/actor/lib/test/auto/ConstraintMonitor6.xml (RunModel)" time="0.015" />
  <testcase classname="ptolemy.util.test.junit.AutoTests" name="[100] /home/travis/build/icyphy/ptII/ptolemy/actor/lib/test/auto/ConstraintMonitor7.xml (RunModel)" time="0.022" />
  <testcase classname="ptolemy.util.test.junit.AutoTests" name="[101] /home/travis/build/icyphy/ptII/ptolemy/actor/lib/test/auto/ConstraintMonitor8.xml (RunModel)" time="0.016" />
  <testcase classname="ptolemy.util.test.junit.AutoTests" name="[102] /home/travis/build/icyphy/ptII/ptolemy/actor/lib/test/auto/Counter.xml (RunModel)" time="0.014" />
  <testcase classname="ptolemy.util.test.junit.AutoTests" name="[103] /home/travis/build/icyphy/ptII/ptolemy/actor/lib/test/auto/CurrentTimeSDF.xml (RunModel)" time="0.007" />
  <testcase classname="ptolemy.util.test.junit.AutoTests" name="[104] /home/travis/build/icyphy/ptII/ptolemy/actor/lib/test/auto/DB.xml (RunModel)" time="0.011" />
  <testcase classname="ptolemy.util.test.junit.AutoTests" name="[105] /home/travis/build/icyphy/ptII/ptolemy/actor/lib/test/auto/DBDE.xml (RunModel)" time="0.013" />
  <testcase classname="ptolemy.util.test.junit.AutoTests" name="[106] /home/travis/build/icyphy/ptII/ptolemy/actor/lib/test/auto/DateConstructor.xml (RunModel)" time="0.07" />
  <testcase classname="ptolemy.util.test.junit.AutoTests" name="[107] /home/travis/build/icyphy/ptII/ptolemy/actor/lib/test/auto/DelayTime.xml (RunModel)" time="0.016" />
  <testcase classname="ptolemy.util.test.junit.AutoTests" name="[108] /home/travis/build/icyphy/ptII/ptolemy/actor/lib/test/auto/Dictionary1.xml (RunModel)" time="0.015" />
  <testcase classname="ptolemy.util.test.junit.AutoTests" name="[109] /home/travis/build/icyphy/ptII/ptolemy/actor/lib/test/auto/Dictionary2.xml (RunModel)" time="0.019" />
  <testcase classname="ptolemy.util.test.junit.AutoTests" name="[110] /home/travis/build/icyphy/ptII/ptolemy/actor/lib/test/auto/Dictionary3.xml (RunModel)" time="0.013" />
  <testcase classname="ptolemy.util.test.junit.AutoTests" name="[111] /home/travis/build/icyphy/ptII/ptolemy/actor/lib/test/auto/Dictionary4.xml (RunModel)" time="0.026" />
  <testcase classname="ptolemy.util.test.junit.AutoTests" name="[112] /home/travis/build/icyphy/ptII/ptolemy/actor/lib/test/auto/Differential.xml (RunModel)" time="0.011" />
  <testcase classname="ptolemy.util.test.junit.AutoTests" name="[113] /home/travis/build/icyphy/ptII/ptolemy/actor/lib/test/auto/Director.xml (RunModel)" time="0.013" />
  <testcase classname="ptolemy.util.test.junit.AutoTests" name="[114] /home/travis/build/icyphy/ptII/ptolemy/actor/lib/test/auto/DiscreteClock.xml (RunModel)" time="0.008" />
  <testcase classname="ptolemy.util.test.junit.AutoTests" name="[115] /home/travis/build/icyphy/ptII/ptolemy/actor/lib/test/auto/DiscreteClock10.xml (RunModel)" time="0.011" />
  <testcase classname="ptolemy.util.test.junit.AutoTests" name="[116] /home/travis/build/icyphy/ptII/ptolemy/actor/lib/test/auto/DiscreteClock11.xml (RunModel)" time="0.011" />
  <testcase classname="ptolemy.util.test.junit.AutoTests" name="[117] /home/travis/build/icyphy/ptII/ptolemy/actor/lib/test/auto/DiscreteClock12.xml (RunModel)" time="0.014" />
  <testcase classname="ptolemy.util.test.junit.AutoTests" name="[118] /home/travis/build/icyphy/ptII/ptolemy/actor/lib/test/auto/DiscreteClock13.xml (RunModel)" time="0.015" />
  <testcase classname="ptolemy.util.test.junit.AutoTests" name="[119] /home/travis/build/icyphy/ptII/ptolemy/actor/lib/test/auto/DiscreteClock14.xml (RunModel)" time="0.014" />
  <testcase classname="ptolemy.util.test.junit.AutoTests" name="[120] /home/travis/build/icyphy/ptII/ptolemy/actor/lib/test/auto/DiscreteClock15.xml (RunModel)" time="0.015" />
  <testcase classname="ptolemy.util.test.junit.AutoTests" name="[121] /home/travis/build/icyphy/ptII/ptolemy/actor/lib/test/auto/DiscreteClock16.xml (RunModel)" time="0.041" />
  <testcase classname="ptolemy.util.test.junit.AutoTests" name="[122] /home/travis/build/icyphy/ptII/ptolemy/actor/lib/test/auto/DiscreteClock17.xml (RunModel)" time="0.037" />
  <testcase classname="ptolemy.util.test.junit.AutoTests" name="[123] /home/travis/build/icyphy/ptII/ptolemy/actor/lib/test/auto/DiscreteClock18.xml (RunModel)" time="0.031" />
  <testcase classname="ptolemy.util.test.junit.AutoTests" name="[124] /home/travis/build/icyphy/ptII/ptolemy/actor/lib/test/auto/DiscreteClock19.xml (RunModel)" time="0.038" />
  <testcase classname="ptolemy.util.test.junit.AutoTests" name="[125] /home/travis/build/icyphy/ptII/ptolemy/actor/lib/test/auto/DiscreteClock2.xml (RunModel)" time="0.011" />
  <testcase classname="ptolemy.util.test.junit.AutoTests" name="[126] /home/travis/build/icyphy/ptII/ptolemy/actor/lib/test/auto/DiscreteClock20.xml (RunModel)" time="0.014" />
  <testcase classname="ptolemy.util.test.junit.AutoTests" name="[127] /home/travis/build/icyphy/ptII/ptolemy/actor/lib/test/auto/DiscreteClock21.xml (RunModel)" time="0.014" />
  <testcase classname="ptolemy.util.test.junit.AutoTests" name="[128] /home/travis/build/icyphy/ptII/ptolemy/actor/lib/test/auto/DiscreteClock22.xml (RunModel)" time="0.014" />
  <testcase classname="ptolemy.util.test.junit.AutoTests" name="[129] /home/travis/build/icyphy/ptII/ptolemy/actor/lib/test/auto/DiscreteClock23.xml (RunModel)" time="0.013" />
  <testcase classname="ptolemy.util.test.junit.AutoTests" name="[130] /home/travis/build/icyphy/ptII/ptolemy/actor/lib/test/auto/DiscreteClock24.xml (RunModel)" time="0.013" />
  <testcase classname="ptolemy.util.test.junit.AutoTests" name="[131] /home/travis/build/icyphy/ptII/ptolemy/actor/lib/test/auto/DiscreteClock4.xml (RunModel)" time="0.011" />
  <testcase classname="ptolemy.util.test.junit.AutoTests" name="[132] /home/travis/build/icyphy/ptII/ptolemy/actor/lib/test/auto/DiscreteClock5.xml (RunModel)" time="0.011" />
  <testcase classname="ptolemy.util.test.junit.AutoTests" name="[133] /home/travis/build/icyphy/ptII/ptolemy/actor/lib/test/auto/DiscreteClock6.xml (RunModel)" time="0.015" />
  <testcase classname="ptolemy.util.test.junit.AutoTests" name="[134] /home/travis/build/icyphy/ptII/ptolemy/actor/lib/test/auto/DiscreteClock7.xml (RunModel)" time="0.008" />
  <testcase classname="ptolemy.util.test.junit.AutoTests" name="[135] /home/travis/build/icyphy/ptII/ptolemy/actor/lib/test/auto/DiscreteClock8.xml (RunModel)" time="0.012" />
  <testcase classname="ptolemy.util.test.junit.AutoTests" name="[136] /home/travis/build/icyphy/ptII/ptolemy/actor/lib/test/auto/DiscreteClock9.xml (RunModel)" time="0.013" />
  <testcase classname="ptolemy.util.test.junit.AutoTests" name="[137] /home/travis/build/icyphy/ptII/ptolemy/actor/lib/test/auto/DisplayArray.xml (RunModel)" time="0.008" />
  <testcase classname="ptolemy.util.test.junit.AutoTests" name="[138] /home/travis/build/icyphy/ptII/ptolemy/actor/lib/test/auto/Distributor.xml (RunModel)" time="0.009" />
  <testcase classname="ptolemy.util.test.junit.AutoTests" name="[139] /home/travis/build/icyphy/ptII/ptolemy/actor/lib/test/auto/Distributor2.xml (RunModel)" time="0.009" />
  <testcase classname="ptolemy.util.test.junit.AutoTests" name="[140] /home/travis/build/icyphy/ptII/ptolemy/actor/lib/test/auto/DownSample.xml (RunModel)" time="0.01" />
  <testcase classname="ptolemy.util.test.junit.AutoTests" name="[141] /home/travis/build/icyphy/ptII/ptolemy/actor/lib/test/auto/ElectronicUnitBase1.xml (RunModel)" time="0.079" />
  <testcase classname="ptolemy.util.test.junit.AutoTests" name="[142] /home/travis/build/icyphy/ptII/ptolemy/actor/lib/test/auto/ElementsToArray.xml (RunModel)" time="0.01" />
  <testcase classname="ptolemy.util.test.junit.AutoTests" name="[143] /home/travis/build/icyphy/ptII/ptolemy/actor/lib/test/auto/Equals.xml (RunModel)" time="0.013" />
  <testcase classname="ptolemy.util.test.junit.AutoTests" name="[144] /home/travis/build/icyphy/ptII/ptolemy/actor/lib/test/auto/Exec.xml (RunModel)" time="0.027" />
  <testcase classname="ptolemy.util.test.junit.AutoTests" name="[145] /home/travis/build/icyphy/ptII/ptolemy/actor/lib/test/auto/ExecEnvironment.xml (RunModel)" time="0.036" />
  <testcase classname="ptolemy.util.test.junit.AutoTests" name="[146] /home/travis/build/icyphy/ptII/ptolemy/actor/lib/test/auto/ExecNonZeroReturnOutput.xml (RunModel)" time="0.208" />
  <testcase classname="ptolemy.util.test.junit.AutoTests" name="[147] /home/travis/build/icyphy/ptII/ptolemy/actor/lib/test/auto/ExecRunDemos.xml (RunModel)" time="10.774" />
  <testcase classname="ptolemy.util.test.junit.AutoTests" name="[148] /home/travis/build/icyphy/ptII/ptolemy/actor/lib/test/auto/ExecStop.xml (RunModel)" time="5.036" />
  <testcase classname="ptolemy.util.test.junit.AutoTests" name="[149] /home/travis/build/icyphy/ptII/ptolemy/actor/lib/test/auto/ExecutionTimeSDF.xml (RunModel)" time="6.029" />
  <testcase classname="ptolemy.util.test.junit.AutoTests" name="[150] /home/travis/build/icyphy/ptII/ptolemy/actor/lib/test/auto/Expression1.xml (RunModel)" time="0.012" />
  <testcase classname="ptolemy.util.test.junit.AutoTests" name="[151] /home/travis/build/icyphy/ptII/ptolemy/actor/lib/test/auto/Expression10.xml (RunModel)" time="0.018" />
  <testcase classname="ptolemy.util.test.junit.AutoTests" name="[152] /home/travis/build/icyphy/ptII/ptolemy/actor/lib/test/auto/Expression11.xml (RunModel)" time="0.016" />
  <testcase classname="ptolemy.util.test.junit.AutoTests" name="[153] /home/travis/build/icyphy/ptII/ptolemy/actor/lib/test/auto/Expression12.xml (RunModel)" time="0.013" />
  <testcase classname="ptolemy.util.test.junit.AutoTests" name="[154] /home/travis/build/icyphy/ptII/ptolemy/actor/lib/test/auto/Expression13.xml (RunModel)" time="0.011" />
  <testcase classname="ptolemy.util.test.junit.AutoTests" name="[155] /home/travis/build/icyphy/ptII/ptolemy/actor/lib/test/auto/Expression14.xml (RunModel)" time="0.018" />
  <testcase classname="ptolemy.util.test.junit.AutoTests" name="[156] /home/travis/build/icyphy/ptII/ptolemy/actor/lib/test/auto/Expression15.xml (RunModel)" time="0.007" />
  <testcase classname="ptolemy.util.test.junit.AutoTests" name="[157] /home/travis/build/icyphy/ptII/ptolemy/actor/lib/test/auto/Expression16.xml (RunModel)" time="0.013" />
  <testcase classname="ptolemy.util.test.junit.AutoTests" name="[158] /home/travis/build/icyphy/ptII/ptolemy/actor/lib/test/auto/Expression17.xml (RunModel)" time="0.011" />
  <testcase classname="ptolemy.util.test.junit.AutoTests" name="[159] /home/travis/build/icyphy/ptII/ptolemy/actor/lib/test/auto/Expression18.xml (RunModel)" time="0.012" />
  <testcase classname="ptolemy.util.test.junit.AutoTests" name="[160] /home/travis/build/icyphy/ptII/ptolemy/actor/lib/test/auto/Expression2.xml (RunModel)" time="0.018" />
  <testcase classname="ptolemy.util.test.junit.AutoTests" name="[161] /home/travis/build/icyphy/ptII/ptolemy/actor/lib/test/auto/Expression3.xml (RunModel)" time="0.016" />
  <testcase classname="ptolemy.util.test.junit.AutoTests" name="[162] /home/travis/build/icyphy/ptII/ptolemy/actor/lib/test/auto/Expression4.xml (RunModel)" time="0.017" />
  <testcase classname="ptolemy.util.test.junit.AutoTests" name="[163] /home/travis/build/icyphy/ptII/ptolemy/actor/lib/test/auto/Expression5.xml (RunModel)" time="0.013" />
  <testcase classname="ptolemy.util.test.junit.AutoTests" name="[164] /home/travis/build/icyphy/ptII/ptolemy/actor/lib/test/auto/Expression6.xml (RunModel)" time="0.008" />
  <testcase classname="ptolemy.util.test.junit.AutoTests" name="[165] /home/travis/build/icyphy/ptII/ptolemy/actor/lib/test/auto/Expression7.xml (RunModel)" time="0.011" />
  <testcase classname="ptolemy.util.test.junit.AutoTests" name="[166] /home/travis/build/icyphy/ptII/ptolemy/actor/lib/test/auto/Expression8.xml (RunModel)" time="0.015" />
  <testcase classname="ptolemy.util.test.junit.AutoTests" name="[167] /home/travis/build/icyphy/ptII/ptolemy/actor/lib/test/auto/Expression9.xml (RunModel)" time="0.015" />
  <testcase classname="ptolemy.util.test.junit.AutoTests" name="[168] /home/travis/build/icyphy/ptII/ptolemy/actor/lib/test/auto/ExpressionConcatenateArrayType.xml (RunModel)" time="0.032" />
  <testcase classname="ptolemy.util.test.junit.AutoTests" name="[169] /home/travis/build/icyphy/ptII/ptolemy/actor/lib/test/auto/ExpressionConcatenateArrayType2.xml (RunModel)" time="0.021" />
  <testcase classname="ptolemy.util.test.junit.AutoTests" name="[170] /home/travis/build/icyphy/ptII/ptolemy/actor/lib/test/auto/ExpressionFix.xml (RunModel)" time="0.048" />
  <testcase classname="ptolemy.util.test.junit.AutoTests" name="[171] /home/travis/build/icyphy/ptII/ptolemy/actor/lib/test/auto/ExpressionFix2.xml (RunModel)" time="0.012" />
  <testcase classname="ptolemy.util.test.junit.AutoTests" name="[172] /home/travis/build/icyphy/ptII/ptolemy/actor/lib/test/auto/ExpressionFix3.xml (RunModel)" time="0.014" />
  <testcase classname="ptolemy.util.test.junit.AutoTests" name="[173] /home/travis/build/icyphy/ptII/ptolemy/actor/lib/test/auto/FileWriter1.xml (RunModel)" time="0.01" />
  <testcase classname="ptolemy.util.test.junit.AutoTests" name="[174] /home/travis/build/icyphy/ptII/ptolemy/actor/lib/test/auto/FileWriter2.xml (RunModel)" time="0.011" />
  <testcase classname="ptolemy.util.test.junit.AutoTests" name="[175] /home/travis/build/icyphy/ptII/ptolemy/actor/lib/test/auto/FileWriter3.xml (RunModel)" time="0.013" />
  <testcase classname="ptolemy.util.test.junit.AutoTests" name="[176] /home/travis/build/icyphy/ptII/ptolemy/actor/lib/test/auto/Gaussian.xml (RunModel)" time="0.013" />
  <testcase classname="ptolemy.util.test.junit.AutoTests" name="[177] /home/travis/build/icyphy/ptII/ptolemy/actor/lib/test/auto/Gaussian1.xml (RunModel)" time="0.02" />
  <testcase classname="ptolemy.util.test.junit.AutoTests" name="[178] /home/travis/build/icyphy/ptII/ptolemy/actor/lib/test/auto/Gaussian2.xml (RunModel)" time="0.018" />
  <testcase classname="ptolemy.util.test.junit.AutoTests" name="[179] /home/travis/build/icyphy/ptII/ptolemy/actor/lib/test/auto/GradientAdaptiveLattice.xml (RunModel)" time="0.015" />
  <testcase classname="ptolemy.util.test.junit.AutoTests" name="[180] /home/travis/build/icyphy/ptII/ptolemy/actor/lib/test/auto/IIR.xml (RunModel)" time="0.009" />
  <testcase classname="ptolemy.util.test.junit.AutoTests" name="[181] /home/travis/build/icyphy/ptII/ptolemy/actor/lib/test/auto/InputOutputTransparentPorts.xml (RunModel)" time="0.02" />
  <testcase classname="ptolemy.util.test.junit.AutoTests" name="[182] /home/travis/build/icyphy/ptII/ptolemy/actor/lib/test/auto/Interpolator.xml (RunModel)" time="0.012" />
  <testcase classname="ptolemy.util.test.junit.AutoTests" name="[183] /home/travis/build/icyphy/ptII/ptolemy/actor/lib/test/auto/InterpolatorFiringLimitDE.xml (RunModel)" time="0.013" />
  <testcase classname="ptolemy.util.test.junit.AutoTests" name="[184] /home/travis/build/icyphy/ptII/ptolemy/actor/lib/test/auto/Lattice.xml (RunModel)" time="0.008" />
  <testcase classname="ptolemy.util.test.junit.AutoTests" name="[185] /home/travis/build/icyphy/ptII/ptolemy/actor/lib/test/auto/LazyAOCTestLazy.xml (RunModel)" time="0.046" />
  <testcase classname="ptolemy.util.test.junit.AutoTests" name="[186] /home/travis/build/icyphy/ptII/ptolemy/actor/lib/test/auto/LazyAOCTestNonLazy.xml (RunModel)" time="0.041" />
  <testcase classname="ptolemy.util.test.junit.AutoTests" name="[187] /home/travis/build/icyphy/ptII/ptolemy/actor/lib/test/auto/LazyInnerClass.xml (RunModel)" time="0.037" />
  <testcase classname="ptolemy.util.test.junit.AutoTests" name="[188] /home/travis/build/icyphy/ptII/ptolemy/actor/lib/test/auto/LazyPubSub.xml (RunModel)" time="0.064" />
  <testcase classname="ptolemy.util.test.junit.AutoTests" name="[189] /home/travis/build/icyphy/ptII/ptolemy/actor/lib/test/auto/LazyPubSub2.xml (RunModel)" time="0.034" />
  <testcase classname="ptolemy.util.test.junit.AutoTests" name="[190] /home/travis/build/icyphy/ptII/ptolemy/actor/lib/test/auto/LazyPubSub3.xml (RunModel)" time="0.038" />
  <testcase classname="ptolemy.util.test.junit.AutoTests" name="[191] /home/travis/build/icyphy/ptII/ptolemy/actor/lib/test/auto/LazySubClassModel.xml (RunModel)" time="0.022" />
  <testcase classname="ptolemy.util.test.junit.AutoTests" name="[192] /home/travis/build/icyphy/ptII/ptolemy/actor/lib/test/auto/LevelCrossTest1.xml (RunModel)" time="0.009" />
  <testcase classname="ptolemy.util.test.junit.AutoTests" name="[193] /home/travis/build/icyphy/ptII/ptolemy/actor/lib/test/auto/LevelCrossTest10.xml (RunModel)" time="0.014" />
  <testcase classname="ptolemy.util.test.junit.AutoTests" name="[194] /home/travis/build/icyphy/ptII/ptolemy/actor/lib/test/auto/LevelCrossTest11.xml (RunModel)" time="0.017" />
  <testcase classname="ptolemy.util.test.junit.AutoTests" name="[195] /home/travis/build/icyphy/ptII/ptolemy/actor/lib/test/auto/LevelCrossTest12.xml (RunModel)" time="0.017" />
  <testcase classname="ptolemy.util.test.junit.AutoTests" name="[196] /home/travis/build/icyphy/ptII/ptolemy/actor/lib/test/auto/LevelCrossTest13.xml (RunModel)" time="0.014" />
  <testcase classname="ptolemy.util.test.junit.AutoTests" name="[197] /home/travis/build/icyphy/ptII/ptolemy/actor/lib/test/auto/LevelCrossTest2.xml (RunModel)" time="0.01" />
  <testcase classname="ptolemy.util.test.junit.AutoTests" name="[198] /home/travis/build/icyphy/ptII/ptolemy/actor/lib/test/auto/LevelCrossTest3.xml (RunModel)" time="0.012" />
  <testcase classname="ptolemy.util.test.junit.AutoTests" name="[199] /home/travis/build/icyphy/ptII/ptolemy/actor/lib/test/auto/LevelCrossTest4.xml (RunModel)" time="0.012" />
  <testcase classname="ptolemy.util.test.junit.AutoTests" name="[200] /home/travis/build/icyphy/ptII/ptolemy/actor/lib/test/auto/LevelCrossTest5.xml (RunModel)" time="0.012" />
  <testcase classname="ptolemy.util.test.junit.AutoTests" name="[201] /home/travis/build/icyphy/ptII/ptolemy/actor/lib/test/auto/LevelCrossTest6.xml (RunModel)" time="0.015" />
  <testcase classname="ptolemy.util.test.junit.AutoTests" name="[202] /home/travis/build/icyphy/ptII/ptolemy/actor/lib/test/auto/LevelCrossTest7.xml (RunModel)" time="0.02" />
  <testcase classname="ptolemy.util.test.junit.AutoTests" name="[203] /home/travis/build/icyphy/ptII/ptolemy/actor/lib/test/auto/LevelCrossTest8.xml (RunModel)" time="0.013" />
  <testcase classname="ptolemy.util.test.junit.AutoTests" name="[204] /home/travis/build/icyphy/ptII/ptolemy/actor/lib/test/auto/LevelCrossTest9.xml (RunModel)" time="0.012" />
  <testcase classname="ptolemy.util.test.junit.AutoTests" name="[205] /home/travis/build/icyphy/ptII/ptolemy/actor/lib/test/auto/LevinsonDurbin.xml (RunModel)" time="0.009" />
  <testcase classname="ptolemy.util.test.junit.AutoTests" name="[206] /home/travis/build/icyphy/ptII/ptolemy/actor/lib/test/auto/LevinsonDurbin2.xml (RunModel)" time="0.009" />
  <testcase classname="ptolemy.util.test.junit.AutoTests" name="[207] /home/travis/build/icyphy/ptII/ptolemy/actor/lib/test/auto/LevinsonDurbin3.xml (RunModel)" time="0.013" />
  <testcase classname="ptolemy.util.test.junit.AutoTests" name="[208] /home/travis/build/icyphy/ptII/ptolemy/actor/lib/test/auto/Limiter.xml (RunModel)" time="0.049" />
  <testcase classname="ptolemy.util.test.junit.AutoTests" name="[209] /home/travis/build/icyphy/ptII/ptolemy/actor/lib/test/auto/LinearDifferenceEquationSystem.xml (RunModel)" time="0.04" />
  <testcase classname="ptolemy.util.test.junit.AutoTests" name="[210] /home/travis/build/icyphy/ptII/ptolemy/actor/lib/test/auto/LookupTable.xml (RunModel)" time="0.009" />
  <testcase classname="ptolemy.util.test.junit.AutoTests" name="[211] /home/travis/build/icyphy/ptII/ptolemy/actor/lib/test/auto/MathFunction.xml (RunModel)" time="0.019" />
  <testcase classname="ptolemy.util.test.junit.AutoTests" name="[212] /home/travis/build/icyphy/ptII/ptolemy/actor/lib/test/auto/MathFunction2.xml (RunModel)" time="0.01" />
  <testcase classname="ptolemy.util.test.junit.AutoTests" name="[213] /home/travis/build/icyphy/ptII/ptolemy/actor/lib/test/auto/MathFunction3.xml (RunModel)" time="0.019" />
  <testcase classname="ptolemy.util.test.junit.AutoTests" name="[214] /home/travis/build/icyphy/ptII/ptolemy/actor/lib/test/auto/MatrixCropBoolean.xml (RunModel)" time="0.018" />
  <testcase classname="ptolemy.util.test.junit.AutoTests" name="[215] /home/travis/build/icyphy/ptII/ptolemy/actor/lib/test/auto/MatrixCropComplex.xml (RunModel)" time="0.016" />
  <testcase classname="ptolemy.util.test.junit.AutoTests" name="[216] /home/travis/build/icyphy/ptII/ptolemy/actor/lib/test/auto/MatrixCropDouble.xml (RunModel)" time="0.01" />
  <testcase classname="ptolemy.util.test.junit.AutoTests" name="[217] /home/travis/build/icyphy/ptII/ptolemy/actor/lib/test/auto/MatrixCropFix.xml (RunModel)" time="0.013" />
  <testcase classname="ptolemy.util.test.junit.AutoTests" name="[218] /home/travis/build/icyphy/ptII/ptolemy/actor/lib/test/auto/MatrixCropInt.xml (RunModel)" time="0.01" />
  <testcase classname="ptolemy.util.test.junit.AutoTests" name="[219] /home/travis/build/icyphy/ptII/ptolemy/actor/lib/test/auto/MatrixCropLong.xml (RunModel)" time="0.009" />
  <testcase classname="ptolemy.util.test.junit.AutoTests" name="[220] /home/travis/build/icyphy/ptII/ptolemy/actor/lib/test/auto/MatrixToArray.xml (RunModel)" time="0.06" />
  <testcase classname="ptolemy.util.test.junit.AutoTests" name="[221] /home/travis/build/icyphy/ptII/ptolemy/actor/lib/test/auto/MaxIndex.xml (RunModel)" time="0.011" />
  <testcase classname="ptolemy.util.test.junit.AutoTests" name="[222] /home/travis/build/icyphy/ptII/ptolemy/actor/lib/test/auto/Maximum.xml (RunModel)" time="0.016" />
  <testcase classname="ptolemy.util.test.junit.AutoTests" name="[223] /home/travis/build/icyphy/ptII/ptolemy/actor/lib/test/auto/MaximumComplex.xml (RunModel)" time="0.016" />
  <testcase classname="ptolemy.util.test.junit.AutoTests" name="[224] /home/travis/build/icyphy/ptII/ptolemy/actor/lib/test/auto/MethodCallTest.xml (RunModel)" time="0.021" />
  <testcase classname="ptolemy.util.test.junit.AutoTests" name="[225] /home/travis/build/icyphy/ptII/ptolemy/actor/lib/test/auto/Minimum.xml (RunModel)" time="0.014" />
  <testcase classname="ptolemy.util.test.junit.AutoTests" name="[226] /home/travis/build/icyphy/ptII/ptolemy/actor/lib/test/auto/MinimumComplex.xml (RunModel)" time="0.026" />
  <testcase classname="ptolemy.util.test.junit.AutoTests" name="[227] /home/travis/build/icyphy/ptII/ptolemy/actor/lib/test/auto/MinimumMultiports.xml (RunModel)" time="0.024" />
  <testcase classname="ptolemy.util.test.junit.AutoTests" name="[228] /home/travis/build/icyphy/ptII/ptolemy/actor/lib/test/auto/ModifyDate.xml (RunModel)" time="0.044" />
  <testcase classname="ptolemy.util.test.junit.AutoTests" name="[229] /home/travis/build/icyphy/ptII/ptolemy/actor/lib/test/auto/ModifyDate2.xml (RunModel)" time="0.029" />
  <testcase classname="ptolemy.util.test.junit.AutoTests" name="[230] /home/travis/build/icyphy/ptII/ptolemy/actor/lib/test/auto/MovingAverage.xml (RunModel)" time="0.024" />
  <testcase classname="ptolemy.util.test.junit.AutoTests" name="[231] /home/travis/build/icyphy/ptII/ptolemy/actor/lib/test/auto/MovingMaximum.xml (RunModel)" time="0.011" />
  <testcase classname="ptolemy.util.test.junit.AutoTests" name="[232] /home/travis/build/icyphy/ptII/ptolemy/actor/lib/test/auto/MultipleLinksToSameRelation.xml (RunModel)" time="0.007" />
  <testcase classname="ptolemy.util.test.junit.AutoTests" name="[233] /home/travis/build/icyphy/ptII/ptolemy/actor/lib/test/auto/MultipleLinksToSameRelationDE.xml (RunModel)" time="0.012" />
  <testcase classname="ptolemy.util.test.junit.AutoTests" name="[234] /home/travis/build/icyphy/ptII/ptolemy/actor/lib/test/auto/Multiplexor.xml (RunModel)" time="0.012" />
  <testcase classname="ptolemy.util.test.junit.AutoTests" name="[235] /home/travis/build/icyphy/ptII/ptolemy/actor/lib/test/auto/Multiplexor1.xml (RunModel)" time="0.011" />
  <testcase classname="ptolemy.util.test.junit.AutoTests" name="[236] /home/travis/build/icyphy/ptII/ptolemy/actor/lib/test/auto/Multiplexor2.xml (RunModel)" time="0.015" />
  <testcase classname="ptolemy.util.test.junit.AutoTests" name="[237] /home/travis/build/icyphy/ptII/ptolemy/actor/lib/test/auto/Multiplexor3.xml (RunModel)" time="0.01" />
  <testcase classname="ptolemy.util.test.junit.AutoTests" name="[238] /home/travis/build/icyphy/ptII/ptolemy/actor/lib/test/auto/MultiplexorDE.xml (RunModel)" time="0.02" />
  <testcase classname="ptolemy.util.test.junit.AutoTests" name="[239] /home/travis/build/icyphy/ptII/ptolemy/actor/lib/test/auto/MultiportBroadcastTest.xml (RunModel)" time="0.093" />
  <testcase classname="ptolemy.util.test.junit.AutoTests" name="[240] /home/travis/build/icyphy/ptII/ptolemy/actor/lib/test/auto/MultiportOutHangDuringGetWidth.xml (RunModel)" time="0.026" />
  <testcase classname="ptolemy.util.test.junit.AutoTests" name="[241] /home/travis/build/icyphy/ptII/ptolemy/actor/lib/test/auto/NilToken.xml (RunModel)" time="0.009" />
  <testcase classname="ptolemy.util.test.junit.AutoTests" name="[242] /home/travis/build/icyphy/ptII/ptolemy/actor/lib/test/auto/NilTokenNonStrictTest.xml (RunModel)" time="0.012" />
  <testcase classname="ptolemy.util.test.junit.AutoTests" name="[243] /home/travis/build/icyphy/ptII/ptolemy/actor/lib/test/auto/NilTokenRecord.xml (RunModel)" time="0.025" />
  <testcase classname="ptolemy.util.test.junit.AutoTests" name="[244] /home/travis/build/icyphy/ptII/ptolemy/actor/lib/test/auto/NilTokenTypeTest.xml (RunModel)" time="0.031" />
  <testcase classname="ptolemy.util.test.junit.AutoTests" name="[245] /home/travis/build/icyphy/ptII/ptolemy/actor/lib/test/auto/ObjectToken1.xml (RunModel)" time="0.008" />
  <testcase classname="ptolemy.util.test.junit.AutoTests" name="[246] /home/travis/build/icyphy/ptII/ptolemy/actor/lib/test/auto/OrderedMerge.xml (RunModel)" time="0.02" />
  <testcase classname="ptolemy.util.test.junit.AutoTests" name="[247] /home/travis/build/icyphy/ptII/ptolemy/actor/lib/test/auto/OrderedRecordDisassembler.xml (RunModel)" time="0.019" />
  <testcase classname="ptolemy.util.test.junit.AutoTests" name="[248] /home/travis/build/icyphy/ptII/ptolemy/actor/lib/test/auto/OrderedRecordDisassembler2.xml (RunModel)" time="0.018" />
  <testcase classname="ptolemy.util.test.junit.AutoTests" name="[249] /home/travis/build/icyphy/ptII/ptolemy/actor/lib/test/auto/OrderedRecordUpdater.xml (RunModel)" time="0.011" />
  <testcase classname="ptolemy.util.test.junit.AutoTests" name="[250] /home/travis/build/icyphy/ptII/ptolemy/actor/lib/test/auto/OrderedRecordUpdater2.xml (RunModel)" time="0.017" />
  <testcase classname="ptolemy.util.test.junit.AutoTests" name="[251] /home/travis/build/icyphy/ptII/ptolemy/actor/lib/test/auto/PhaseUnwrap.xml (RunModel)" time="0.012" />
  <testcase classname="ptolemy.util.test.junit.AutoTests" name="[252] /home/travis/build/icyphy/ptII/ptolemy/actor/lib/test/auto/PoissonClock.xml (RunModel)" time="0.008" />
  <testcase classname="ptolemy.util.test.junit.AutoTests" name="[253] /home/travis/build/icyphy/ptII/ptolemy/actor/lib/test/auto/PoissonClock2.xml (RunModel)" time="0.006" />
  <testcase classname="ptolemy.util.test.junit.AutoTests" name="[254] /home/travis/build/icyphy/ptII/ptolemy/actor/lib/test/auto/PoissonClock3.xml (RunModel)" time="0.025" />
  <testcase classname="ptolemy.util.test.junit.AutoTests" name="[255] /home/travis/build/icyphy/ptII/ptolemy/actor/lib/test/auto/PubSubWithInitialTokens.xml (RunModel)" time="0.015" />
  <testcase classname="ptolemy.util.test.junit.AutoTests" name="[256] /home/travis/build/icyphy/ptII/ptolemy/actor/lib/test/auto/PubSubWithInitialTokens2.xml (RunModel)" time="0.01" />
  <testcase classname="ptolemy.util.test.junit.AutoTests" name="[257] /home/travis/build/icyphy/ptII/ptolemy/actor/lib/test/auto/PublisherClassNoParameter.xml (RunModel)" time="0.022" />
  <testcase classname="ptolemy.util.test.junit.AutoTests" name="[258] /home/travis/build/icyphy/ptII/ptolemy/actor/lib/test/auto/PublisherClassParameter.xml (RunModel)" time="0.021" />
  <testcase classname="ptolemy.util.test.junit.AutoTests" name="[259] /home/travis/build/icyphy/ptII/ptolemy/actor/lib/test/auto/PublisherNonStrictTest.xml (RunModel)" time="0.016" />
  <testcase classname="ptolemy.util.test.junit.AutoTests" name="[260] /home/travis/build/icyphy/ptII/ptolemy/actor/lib/test/auto/PublisherPort1.xml (RunModel)" time="0.013" />
  <testcase classname="ptolemy.util.test.junit.AutoTests" name="[261] /home/travis/build/icyphy/ptII/ptolemy/actor/lib/test/auto/PublisherPort2.xml (RunModel)" time="0.008" />
  <testcase classname="ptolemy.util.test.junit.AutoTests" name="[262] /home/travis/build/icyphy/ptII/ptolemy/actor/lib/test/auto/PublisherPort3.xml (RunModel)" time="0.022" />
  <testcase classname="ptolemy.util.test.junit.AutoTests" name="[263] /home/travis/build/icyphy/ptII/ptolemy/actor/lib/test/auto/PublisherPort4.xml (RunModel)" time="0.013" />
  <testcase classname="ptolemy.util.test.junit.AutoTests" name="[264] /home/travis/build/icyphy/ptII/ptolemy/actor/lib/test/auto/PublisherPort5.xml (RunModel)" time="0.013" />
  <testcase classname="ptolemy.util.test.junit.AutoTests" name="[265] /home/travis/build/icyphy/ptII/ptolemy/actor/lib/test/auto/PublisherPort5LookAlike.xml (RunModel)" time="0.018" />
  <testcase classname="ptolemy.util.test.junit.AutoTests" name="[266] /home/travis/build/icyphy/ptII/ptolemy/actor/lib/test/auto/PublisherPort6.xml (RunModel)" time="0.013" />
  <testcase classname="ptolemy.util.test.junit.AutoTests" name="[267] /home/travis/build/icyphy/ptII/ptolemy/actor/lib/test/auto/PublisherPort7.xml (RunModel)" time="0.015" />
  <testcase classname="ptolemy.util.test.junit.AutoTests" name="[268] /home/travis/build/icyphy/ptII/ptolemy/actor/lib/test/auto/PublisherPort8.xml (RunModel)" time="0.016" />
  <testcase classname="ptolemy.util.test.junit.AutoTests" name="[269] /home/travis/build/icyphy/ptII/ptolemy/actor/lib/test/auto/PublisherPortSubscriberChannelVariablesAOC2.xml (RunModel)" time="0.046" />
  <testcase classname="ptolemy.util.test.junit.AutoTests" name="[270] /home/travis/build/icyphy/ptII/ptolemy/actor/lib/test/auto/PublisherPortSubscriberOpaqueWidthInference.xml (RunModel)" time="0.014" />
  <testcase classname="ptolemy.util.test.junit.AutoTests" name="[271] /home/travis/build/icyphy/ptII/ptolemy/actor/lib/test/auto/PublisherPortSubscriberPortAdjacent.xml (RunModel)" time="0.022" />
  <testcase classname="ptolemy.util.test.junit.AutoTests" name="[272] /home/travis/build/icyphy/ptII/ptolemy/actor/lib/test/auto/PublisherPortSubscriberPortExpression.xml (RunModel)" time="0.014" />
  <testcase classname="ptolemy.util.test.junit.AutoTests" name="[273] /home/travis/build/icyphy/ptII/ptolemy/actor/lib/test/auto/PublisherPortSubscriberPortOpaqueD3Reverse.xml (RunModel)" time="0.035" />
  <testcase classname="ptolemy.util.test.junit.AutoTests" name="[274] /home/travis/build/icyphy/ptII/ptolemy/actor/lib/test/auto/PublisherPortSubscriberPortOpaqueWidthInference.xml (RunModel)" time="0.014" />
  <testcase classname="ptolemy.util.test.junit.AutoTests" name="[275] /home/travis/build/icyphy/ptII/ptolemy/actor/lib/test/auto/PublisherPortToplevelSubscriberPortAOC.xml (RunModel)" time="0.009" />
  <testcase classname="ptolemy.util.test.junit.AutoTests" name="[276] /home/travis/build/icyphy/ptII/ptolemy/actor/lib/test/auto/PublisherSubscriber.xml (RunModel)" time="0.013" />
  <testcase classname="ptolemy.util.test.junit.AutoTests" name="[277] /home/travis/build/icyphy/ptII/ptolemy/actor/lib/test/auto/PublisherSubscriber10.xml (RunModel)" time="0.019" />
  <testcase classname="ptolemy.util.test.junit.AutoTests" name="[278] /home/travis/build/icyphy/ptII/ptolemy/actor/lib/test/auto/PublisherSubscriber10InitialOutputs.xml (RunModel)" time="0.029" />
  <testcase classname="ptolemy.util.test.junit.AutoTests" name="[279] /home/travis/build/icyphy/ptII/ptolemy/actor/lib/test/auto/PublisherSubscriber11.xml (RunModel)" time="0.033" />
  <testcase classname="ptolemy.util.test.junit.AutoTests" name="[280] /home/travis/build/icyphy/ptII/ptolemy/actor/lib/test/auto/PublisherSubscriber12.xml (RunModel)" time="0.021" />
  <testcase classname="ptolemy.util.test.junit.AutoTests" name="[281] /home/travis/build/icyphy/ptII/ptolemy/actor/lib/test/auto/PublisherSubscriber13.xml (RunModel)" time="0.012" />
  <testcase classname="ptolemy.util.test.junit.AutoTests" name="[282] /home/travis/build/icyphy/ptII/ptolemy/actor/lib/test/auto/PublisherSubscriber14.xml (RunModel)" time="0.028" />
  <testcase classname="ptolemy.util.test.junit.AutoTests" name="[283] /home/travis/build/icyphy/ptII/ptolemy/actor/lib/test/auto/PublisherSubscriber2.xml (RunModel)" time="0.01" />
  <testcase classname="ptolemy.util.test.junit.AutoTests" name="[284] /home/travis/build/icyphy/ptII/ptolemy/actor/lib/test/auto/PublisherSubscriber3.xml (RunModel)" time="0.008" />
  <testcase classname="ptolemy.util.test.junit.AutoTests" name="[285] /home/travis/build/icyphy/ptII/ptolemy/actor/lib/test/auto/PublisherSubscriber4.xml (RunModel)" time="0.009" />
  <testcase classname="ptolemy.util.test.junit.AutoTests" name="[286] /home/travis/build/icyphy/ptII/ptolemy/actor/lib/test/auto/PublisherSubscriber5.xml (RunModel)" time="0.012" />
  <testcase classname="ptolemy.util.test.junit.AutoTests" name="[287] /home/travis/build/icyphy/ptII/ptolemy/actor/lib/test/auto/PublisherSubscriber6.xml (RunModel)" time="0.013" />
  <testcase classname="ptolemy.util.test.junit.AutoTests" name="[288] /home/travis/build/icyphy/ptII/ptolemy/actor/lib/test/auto/PublisherSubscriber7.xml (RunModel)" time="0.017" />
  <testcase classname="ptolemy.util.test.junit.AutoTests" name="[289] /home/travis/build/icyphy/ptII/ptolemy/actor/lib/test/auto/PublisherSubscriber8.xml (RunModel)" time="0.028" />
  <testcase classname="ptolemy.util.test.junit.AutoTests" name="[290] /home/travis/build/icyphy/ptII/ptolemy/actor/lib/test/auto/PublisherSubscriber9.xml (RunModel)" time="0.014" />
  <testcase classname="ptolemy.util.test.junit.AutoTests" name="[291] /home/travis/build/icyphy/ptII/ptolemy/actor/lib/test/auto/PublisherSubscriberAdjacent.xml (RunModel)" time="0.014" />
  <testcase classname="ptolemy.util.test.junit.AutoTests" name="[292] /home/travis/build/icyphy/ptII/ptolemy/actor/lib/test/auto/PublisherSubscriberChannelVariablesAOC2.xml (RunModel)" time="0.023" />
  <testcase classname="ptolemy.util.test.junit.AutoTests" name="[293] /home/travis/build/icyphy/ptII/ptolemy/actor/lib/test/auto/PublisherSubscriberD3.xml (RunModel)" time="0.011" />
  <testcase classname="ptolemy.util.test.junit.AutoTests" name="[294] /home/travis/build/icyphy/ptII/ptolemy/actor/lib/test/auto/PublisherSubscriberD3Reverse.xml (RunModel)" time="0.01" />
  <testcase classname="ptolemy.util.test.junit.AutoTests" name="[295] /home/travis/build/icyphy/ptII/ptolemy/actor/lib/test/auto/PublisherSubscriberExpression.xml (RunModel)" time="0.015" />
  <testcase classname="ptolemy.util.test.junit.AutoTests" name="[296] /home/travis/build/icyphy/ptII/ptolemy/actor/lib/test/auto/PublisherSubscriberOpaque.xml (RunModel)" time="0.014" />
  <testcase classname="ptolemy.util.test.junit.AutoTests" name="[297] /home/travis/build/icyphy/ptII/ptolemy/actor/lib/test/auto/PublisherSubscriberOpaqueD3.xml (RunModel)" time="0.02" />
  <testcase classname="ptolemy.util.test.junit.AutoTests" name="[298] /home/travis/build/icyphy/ptII/ptolemy/actor/lib/test/auto/PublisherSubscriberOpaqueD3Reverse.xml (RunModel)" time="0.019" />
  <testcase classname="ptolemy.util.test.junit.AutoTests" name="[299] /home/travis/build/icyphy/ptII/ptolemy/actor/lib/test/auto/PublisherSubscriberOpaqueWidthInference.xml (RunModel)" time="0.014" />
  <testcase classname="ptolemy.util.test.junit.AutoTests" name="[300] /home/travis/build/icyphy/ptII/ptolemy/actor/lib/test/auto/PublisherTestSubscriber.xml (RunModel)" time="0.013" />
  <testcase classname="ptolemy.util.test.junit.AutoTests" name="[301] /home/travis/build/icyphy/ptII/ptolemy/actor/lib/test/auto/PublisherToplevelSubscriberPortAOC.xml (RunModel)" time="0.01" />
  <testcase classname="ptolemy.util.test.junit.AutoTests" name="[302] /home/travis/build/icyphy/ptII/ptolemy/actor/lib/test/auto/PulseFiringLimitDE.xml (RunModel)" time="0.011" />
  <testcase classname="ptolemy.util.test.junit.AutoTests" name="[303] /home/travis/build/icyphy/ptII/ptolemy/actor/lib/test/auto/Ramp1.xml (RunModel)" time="0.006" />
  <testcase classname="ptolemy.util.test.junit.AutoTests" name="[304] /home/travis/build/icyphy/ptII/ptolemy/actor/lib/test/auto/RampFiringLimitDE.xml (RunModel)" time="0.009" />
  <testcase classname="ptolemy.util.test.junit.AutoTests" name="[305] /home/travis/build/icyphy/ptII/ptolemy/actor/lib/test/auto/RampFiringLimitSDF.xml (RunModel)" time="0.008" />
  <testcase classname="ptolemy.util.test.junit.AutoTests" name="[306] /home/travis/build/icyphy/ptII/ptolemy/actor/lib/test/auto/RandomInteger.xml (RunModel)" time="0.008" />
  <testcase classname="ptolemy.util.test.junit.AutoTests" name="[307] /home/travis/build/icyphy/ptII/ptolemy/actor/lib/test/auto/ReadFile1.xml (RunModel)" time="0.007" />
  <testcase classname="ptolemy.util.test.junit.AutoTests" name="[308] /home/travis/build/icyphy/ptII/ptolemy/actor/lib/test/auto/ReadFile2.xml (RunModel)" time="0.007" />
  <testcase classname="ptolemy.util.test.junit.AutoTests" name="[309] /home/travis/build/icyphy/ptII/ptolemy/actor/lib/test/auto/Reader.xml (RunModel)" time="0.015" />
  <testcase classname="ptolemy.util.test.junit.AutoTests" name="[310] /home/travis/build/icyphy/ptII/ptolemy/actor/lib/test/auto/RecordAssemblerDisplayNameTest.xml (RunModel)" time="3.551" />
  <testcase classname="ptolemy.util.test.junit.AutoTests" name="[311] /home/travis/build/icyphy/ptII/ptolemy/actor/lib/test/auto/RecordAssemblerTypeError.xml (RunModel)" time="0.044" />
  <testcase classname="ptolemy.util.test.junit.AutoTests" name="[312] /home/travis/build/icyphy/ptII/ptolemy/actor/lib/test/auto/RecordDisassember.xml (RunModel)" time="0.01" />
  <testcase classname="ptolemy.util.test.junit.AutoTests" name="[313] /home/travis/build/icyphy/ptII/ptolemy/actor/lib/test/auto/RecordDisassemberDisplayNameTest.xml (RunModel)" time="0.017" />
  <testcase classname="ptolemy.util.test.junit.AutoTests" name="[314] /home/travis/build/icyphy/ptII/ptolemy/actor/lib/test/auto/RecordDisassembler.xml (RunModel)" time="0.009" />
  <testcase classname="ptolemy.util.test.junit.AutoTests" name="[315] /home/travis/build/icyphy/ptII/ptolemy/actor/lib/test/auto/RecordDisassembler2.xml (RunModel)" time="0.011" />
  <testcase classname="ptolemy.util.test.junit.AutoTests" name="[316] /home/travis/build/icyphy/ptII/ptolemy/actor/lib/test/auto/RecordUpdater.xml (RunModel)" time="0.009" />
  <testcase classname="ptolemy.util.test.junit.AutoTests" name="[317] /home/travis/build/icyphy/ptII/ptolemy/actor/lib/test/auto/RecordUpdater2.xml (RunModel)" time="0.009" />
  <testcase classname="ptolemy.util.test.junit.AutoTests" name="[318] /home/travis/build/icyphy/ptII/ptolemy/actor/lib/test/auto/RecursiveLattice.xml (RunModel)" time="0.008" />
  <testcase classname="ptolemy.util.test.junit.AutoTests" name="[319] /home/travis/build/icyphy/ptII/ptolemy/actor/lib/test/auto/Router.xml (RunModel)" time="3.023" />
  <testcase classname="ptolemy.util.test.junit.AutoTests" name="[320] /home/travis/build/icyphy/ptII/ptolemy/actor/lib/test/auto/Router2.xml (RunModel)" time="3.033" />
  <testcase classname="ptolemy.util.test.junit.AutoTests" name="[321] /home/travis/build/icyphy/ptII/ptolemy/actor/lib/test/auto/RunningMaximum.xml (RunModel)" time="0.011" />
  <testcase classname="ptolemy.util.test.junit.AutoTests" name="[322] /home/travis/build/icyphy/ptII/ptolemy/actor/lib/test/auto/RunningMinimum.xml (RunModel)" time="0.024" />
  <testcase classname="ptolemy.util.test.junit.AutoTests" name="[323] /home/travis/build/icyphy/ptII/ptolemy/actor/lib/test/auto/Scale.xml (RunModel)" time="0.008" />
  <testcase classname="ptolemy.util.test.junit.AutoTests" name="[324] /home/travis/build/icyphy/ptII/ptolemy/actor/lib/test/auto/Scale2.xml (RunModel)" time="0.01" />
  <testcase classname="ptolemy.util.test.junit.AutoTests" name="[325] /home/travis/build/icyphy/ptII/ptolemy/actor/lib/test/auto/Scale3.xml (RunModel)" time="0.013" />
  <testcase classname="ptolemy.util.test.junit.AutoTests" name="[326] /home/travis/build/icyphy/ptII/ptolemy/actor/lib/test/auto/ScaleArray.xml (RunModel)" time="0.008" />
  <testcase classname="ptolemy.util.test.junit.AutoTests" name="[327] /home/travis/build/icyphy/ptII/ptolemy/actor/lib/test/auto/ScaleArray2.xml (RunModel)" time="0.007" />
  <testcase classname="ptolemy.util.test.junit.AutoTests" name="[328] /home/travis/build/icyphy/ptII/ptolemy/actor/lib/test/auto/ScaleMatrix.xml (RunModel)" time="0.139" />
  <testcase classname="ptolemy.util.test.junit.AutoTests" name="[329] /home/travis/build/icyphy/ptII/ptolemy/actor/lib/test/auto/Select.xml (RunModel)" time="0.022" />
  <testcase classname="ptolemy.util.test.junit.AutoTests" name="[330] /home/travis/build/icyphy/ptII/ptolemy/actor/lib/test/auto/Select2.xml (RunModel)" time="0.011" />
  <testcase classname="ptolemy.util.test.junit.AutoTests" name="[331] /home/travis/build/icyphy/ptII/ptolemy/actor/lib/test/auto/SequenceToArray2.xml (RunModel)" time="0.144" />
  <testcase classname="ptolemy.util.test.junit.AutoTests" name="[332] /home/travis/build/icyphy/ptII/ptolemy/actor/lib/test/auto/SequentialClock.xml (RunModel)" time="0.012" />
  <testcase classname="ptolemy.util.test.junit.AutoTests" name="[333] /home/travis/build/icyphy/ptII/ptolemy/actor/lib/test/auto/SetVariable.xml (RunModel)" time="0.009" />
  <testcase classname="ptolemy.util.test.junit.AutoTests" name="[334] /home/travis/build/icyphy/ptII/ptolemy/actor/lib/test/auto/SetVariable2.xml (RunModel)" time="0.01" />
  <testcase classname="ptolemy.util.test.junit.AutoTests" name="[335] /home/travis/build/icyphy/ptII/ptolemy/actor/lib/test/auto/SetVariable3.xml (RunModel)" time="0.015" />
  <testcase classname="ptolemy.util.test.junit.AutoTests" name="[336] /home/travis/build/icyphy/ptII/ptolemy/actor/lib/test/auto/SetVariable4.xml (RunModel)" time="0.02" />
  <testcase classname="ptolemy.util.test.junit.AutoTests" name="[337] /home/travis/build/icyphy/ptII/ptolemy/actor/lib/test/auto/SetVariable5.xml (RunModel)" time="0.035" />
  <testcase classname="ptolemy.util.test.junit.AutoTests" name="[338] /home/travis/build/icyphy/ptII/ptolemy/actor/lib/test/auto/Sinewave.xml (RunModel)" time="0.023" />
  <testcase classname="ptolemy.util.test.junit.AutoTests" name="[339] /home/travis/build/icyphy/ptII/ptolemy/actor/lib/test/auto/Sinewave2.xml (RunModel)" time="0.015" />
  <testcase classname="ptolemy.util.test.junit.AutoTests" name="[340] /home/travis/build/icyphy/ptII/ptolemy/actor/lib/test/auto/Sinewave3.xml (RunModel)" time="0.026" />
  <testcase classname="ptolemy.util.test.junit.AutoTests" name="[341] /home/travis/build/icyphy/ptII/ptolemy/actor/lib/test/auto/SingleEvent.xml (RunModel)" time="0.007" />
  <testcase classname="ptolemy.util.test.junit.AutoTests" name="[342] /home/travis/build/icyphy/ptII/ptolemy/actor/lib/test/auto/Sleep.xml (RunModel)" time="6.02" />
  <testcase classname="ptolemy.util.test.junit.AutoTests" name="[343] /home/travis/build/icyphy/ptII/ptolemy/actor/lib/test/auto/SleepMultipleFire.xml (RunModel)" time="1.028" />
  <testcase classname="ptolemy.util.test.junit.AutoTests" name="[344] /home/travis/build/icyphy/ptII/ptolemy/actor/lib/test/auto/StopDE.xml (RunModel)" time="0.015" />
  <testcase classname="ptolemy.util.test.junit.AutoTests" name="[345] /home/travis/build/icyphy/ptII/ptolemy/actor/lib/test/auto/StopSDF.xml (RunModel)" time="0.014" />
  <testcase classname="ptolemy.util.test.junit.AutoTests" name="[346] /home/travis/build/icyphy/ptII/ptolemy/actor/lib/test/auto/StringConstant.xml (RunModel)" time="0.017" />
  <testcase classname="ptolemy.util.test.junit.AutoTests" name="[347] /home/travis/build/icyphy/ptII/ptolemy/actor/lib/test/auto/SubscriberPortInitialValues1.xml (RunModel)" time="0.024" />
  <testcase classname="ptolemy.util.test.junit.AutoTests" name="[348] /home/travis/build/icyphy/ptII/ptolemy/actor/lib/test/auto/SubscriberPortInitialValues13.xml (RunModel)" time="0.037" />
  <testcase classname="ptolemy.util.test.junit.AutoTests" name="[349] /home/travis/build/icyphy/ptII/ptolemy/actor/lib/test/auto/SubscriberPortInitialValues14.xml (RunModel)" time="0.015" />
  <testcase classname="ptolemy.util.test.junit.AutoTests" name="[350] /home/travis/build/icyphy/ptII/ptolemy/actor/lib/test/auto/SubscriberPortInitialValues2.xml (RunModel)" time="0.016" />
  <testcase classname="ptolemy.util.test.junit.AutoTests" name="[351] /home/travis/build/icyphy/ptII/ptolemy/actor/lib/test/auto/SubscriberPortInitialValues3.xml (RunModel)" time="0.02" />
  <testcase classname="ptolemy.util.test.junit.AutoTests" name="[352] /home/travis/build/icyphy/ptII/ptolemy/actor/lib/test/auto/SubscriptionAggregator.xml (RunModel)" time="0.013" />
  <testcase classname="ptolemy.util.test.junit.AutoTests" name="[353] /home/travis/build/icyphy/ptII/ptolemy/actor/lib/test/auto/SubscriptionAggregator2.xml (RunModel)" time="0.012" />
  <testcase classname="ptolemy.util.test.junit.AutoTests" name="[354] /home/travis/build/icyphy/ptII/ptolemy/actor/lib/test/auto/SubscriptionAggregator3.xml (RunModel)" time="0.017" />
  <testcase classname="ptolemy.util.test.junit.AutoTests" name="[355] /home/travis/build/icyphy/ptII/ptolemy/actor/lib/test/auto/SubscriptionAggregatorMultiply.xml (RunModel)" time="0.022" />
  <testcase classname="ptolemy.util.test.junit.AutoTests" name="[356] /home/travis/build/icyphy/ptII/ptolemy/actor/lib/test/auto/SubscriptionAggregatorPortMultiply1.xml (RunModel)" time="0.019" />
  <testcase classname="ptolemy.util.test.junit.AutoTests" name="[357] /home/travis/build/icyphy/ptII/ptolemy/actor/lib/test/auto/Switch.xml (RunModel)" time="0.017" />
  <testcase classname="ptolemy.util.test.junit.AutoTests" name="[358] /home/travis/build/icyphy/ptII/ptolemy/actor/lib/test/auto/Switch2.xml (RunModel)" time="0.012" />
  <testcase classname="ptolemy.util.test.junit.AutoTests" name="[359] /home/travis/build/icyphy/ptII/ptolemy/actor/lib/test/auto/SwitchDE.xml (RunModel)" time="0.012" />
  <testcase classname="ptolemy.util.test.junit.AutoTests" name="[360] /home/travis/build/icyphy/ptII/ptolemy/actor/lib/test/auto/SynchronizerDE.xml (RunModel)" time="0.02" />
  <testcase classname="ptolemy.util.test.junit.AutoTests" name="[361] /home/travis/build/icyphy/ptII/ptolemy/actor/lib/test/auto/Test.xml (RunModel)" time="0.008" />
  <testcase classname="ptolemy.util.test.junit.AutoTests" name="[362] /home/travis/build/icyphy/ptII/ptolemy/actor/lib/test/auto/TestExceptionAttribute1.xml (RunModel)" time="0.006" />
  <testcase classname="ptolemy.util.test.junit.AutoTests" name="[363] /home/travis/build/icyphy/ptII/ptolemy/actor/lib/test/auto/TestExceptionAttribute2.xml (RunModel)" time="0.01" />
  <testcase classname="ptolemy.util.test.junit.AutoTests" name="[364] /home/travis/build/icyphy/ptII/ptolemy/actor/lib/test/auto/TestExceptionAttribute3.xml (RunModel)" time="0.01" />
  <testcase classname="ptolemy.util.test.junit.AutoTests" name="[365] /home/travis/build/icyphy/ptII/ptolemy/actor/lib/test/auto/TestExceptionAttribute4.xml (RunModel)" time="0.006" />
  <testcase classname="ptolemy.util.test.junit.AutoTests" name="[366] /home/travis/build/icyphy/ptII/ptolemy/actor/lib/test/auto/TestExceptionHandler1.xml (RunModel)" time="0.006" />
  <testcase classname="ptolemy.util.test.junit.AutoTests" name="[367] /home/travis/build/icyphy/ptII/ptolemy/actor/lib/test/auto/TestExceptionHandler2.xml (RunModel)" time="0.015" />
  <testcase classname="ptolemy.util.test.junit.AutoTests" name="[368] /home/travis/build/icyphy/ptII/ptolemy/actor/lib/test/auto/TestExceptionHandler3.xml (RunModel)" time="0.008" />
  <testcase classname="ptolemy.util.test.junit.AutoTests" name="[369] /home/travis/build/icyphy/ptII/ptolemy/actor/lib/test/auto/TestExceptionHandler4.xml (RunModel)" time="0.006" />
  <testcase classname="ptolemy.util.test.junit.AutoTests" name="[370] /home/travis/build/icyphy/ptII/ptolemy/actor/lib/test/auto/TestRequireCorrectOrder.xml (RunModel)" time="0.008" />
  <testcase classname="ptolemy.util.test.junit.AutoTests" name="[371] /home/travis/build/icyphy/ptII/ptolemy/actor/lib/test/auto/TestSimple.xml (RunModel)" time="0.009" />
  <testcase classname="ptolemy.util.test.junit.AutoTests" name="[372] /home/travis/build/icyphy/ptII/ptolemy/actor/lib/test/auto/ThrowModelError.xml (RunModel)" time="0.009" />
  <testcase classname="ptolemy.util.test.junit.AutoTests" name="[373] /home/travis/build/icyphy/ptII/ptolemy/actor/lib/test/auto/TimeDelayMicrosteps.xml (RunModel)" time="0.013" />
  <testcase classname="ptolemy.util.test.junit.AutoTests" name="[374] /home/travis/build/icyphy/ptII/ptolemy/actor/lib/test/auto/TimeDelayMicrosteps2.xml (RunModel)" time="0.014" />
  <testcase classname="ptolemy.util.test.junit.AutoTests" name="[375] /home/travis/build/icyphy/ptII/ptolemy/actor/lib/test/auto/TimeDelayMicrosteps3.xml (RunModel)" time="0.011" />
  <testcase classname="ptolemy.util.test.junit.AutoTests" name="[376] /home/travis/build/icyphy/ptII/ptolemy/actor/lib/test/auto/TimeDelayVariableMicrosteps.xml (RunModel)" time="0.011" />
  <testcase classname="ptolemy.util.test.junit.AutoTests" name="[377] /home/travis/build/icyphy/ptII/ptolemy/actor/lib/test/auto/TimeGap.xml (RunModel)" time="0.014" />
  <testcase classname="ptolemy.util.test.junit.AutoTests" name="[378] /home/travis/build/icyphy/ptII/ptolemy/actor/lib/test/auto/TimeGap2.xml (RunModel)" time="0.01" />
  <testcase classname="ptolemy.util.test.junit.AutoTests" name="[379] /home/travis/build/icyphy/ptII/ptolemy/actor/lib/test/auto/TimedSinewave.xml (RunModel)" time="0.055" />
  <testcase classname="ptolemy.util.test.junit.AutoTests" name="[380] /home/travis/build/icyphy/ptII/ptolemy/actor/lib/test/auto/TimedSinewavePhase.xml (RunModel)" time="0.038" />
  <testcase classname="ptolemy.util.test.junit.AutoTests" name="[381] /home/travis/build/icyphy/ptII/ptolemy/actor/lib/test/auto/Timer.xml (RunModel)" time="0.018" />
  <testcase classname="ptolemy.util.test.junit.AutoTests" name="[382] /home/travis/build/icyphy/ptII/ptolemy/actor/lib/test/auto/TriangularDistTestModel.xml (RunModel)" time="0.017" />
  <testcase classname="ptolemy.util.test.junit.AutoTests" name="[383] /home/travis/build/icyphy/ptII/ptolemy/actor/lib/test/auto/TrigFunction.xml (RunModel)" time="0.008" />
  <testcase classname="ptolemy.util.test.junit.AutoTests" name="[384] /home/travis/build/icyphy/ptII/ptolemy/actor/lib/test/auto/TrigFunctionDE.xml (RunModel)" time="0.01" />
  <testcase classname="ptolemy.util.test.junit.AutoTests" name="[385] /home/travis/build/icyphy/ptII/ptolemy/actor/lib/test/auto/TrigFunctionInverse.xml (RunModel)" time="0.008" />
  <testcase classname="ptolemy.util.test.junit.AutoTests" name="[386] /home/travis/build/icyphy/ptII/ptolemy/actor/lib/test/auto/TrigFunctionTan.xml (RunModel)" time="0.006" />
  <testcase classname="ptolemy.util.test.junit.AutoTests" name="[387] /home/travis/build/icyphy/ptII/ptolemy/actor/lib/test/auto/TriggeredClock.xml (RunModel)" time="0.008" />
  <testcase classname="ptolemy.util.test.junit.AutoTests" name="[388] /home/travis/build/icyphy/ptII/ptolemy/actor/lib/test/auto/URLDirectoryReader.xml (RunModel)" time="0.129" />
  <testcase classname="ptolemy.util.test.junit.AutoTests" name="[389] /home/travis/build/icyphy/ptII/ptolemy/actor/lib/test/auto/URLDirectoryReader3.xml (RunModel)" time="1.403" />
  <testcase classname="ptolemy.util.test.junit.AutoTests" name="[390] /home/travis/build/icyphy/ptII/ptolemy/actor/lib/test/auto/UnaryMathFunction.xml (RunModel)" time="0.019" />
  <testcase classname="ptolemy.util.test.junit.AutoTests" name="[391] /home/travis/build/icyphy/ptII/ptolemy/actor/lib/test/auto/Uniform.xml (RunModel)" time="0.009" />
  <testcase classname="ptolemy.util.test.junit.AutoTests" name="[392] /home/travis/build/icyphy/ptII/ptolemy/actor/lib/test/auto/UnionDisassemblerTest.xml (RunModel)" time="0.025" />
  <testcase classname="ptolemy.util.test.junit.AutoTests" name="[393] /home/travis/build/icyphy/ptII/ptolemy/actor/lib/test/auto/UtilityFunctions.xml (RunModel)" time="0.015" />
  <testcase classname="ptolemy.util.test.junit.AutoTests" name="[394] /home/travis/build/icyphy/ptII/ptolemy/actor/lib/test/auto/VariableSleep.xml (RunModel)" time="0.511" />
  <testcase classname="ptolemy.util.test.junit.AutoTests" name="[395] /home/travis/build/icyphy/ptII/ptolemy/actor/lib/test/auto/VectorAssemblerDisassemblerCT.xml (RunModel)" time="0.123" />
  <testcase classname="ptolemy.util.test.junit.AutoTests" name="[396] /home/travis/build/icyphy/ptII/ptolemy/actor/lib/test/auto/VectorAssemblerDisassemblerDE.xml (RunModel)" time="0.013" />
  <testcase classname="ptolemy.util.test.junit.AutoTests" name="[397] /home/travis/build/icyphy/ptII/ptolemy/actor/lib/test/auto/VectorAssemblerDisassemblerSDF.xml (RunModel)" time="0.012" />
  <testcase classname="ptolemy.util.test.junit.AutoTests" name="[398] /home/travis/build/icyphy/ptII/ptolemy/actor/lib/test/auto/WallClockTime.xml (RunModel)" time="1.013" />
  <testcase classname="ptolemy.util.test.junit.AutoTests" name="[399] /home/travis/build/icyphy/ptII/ptolemy/actor/lib/test/auto/WidthTestWithSubscriberPublisher.xml (RunModel)" time="0.039" />
  <testcase classname="ptolemy.util.test.junit.AutoTests" name="[400] /home/travis/build/icyphy/ptII/ptolemy/actor/lib/test/auto/WidthTestWithSubscriberPublisher2.xml (RunModel)" time="0.016" />
  <testcase classname="ptolemy.util.test.junit.AutoTests" name="[401] /home/travis/build/icyphy/ptII/ptolemy/actor/lib/test/auto/WidthTestWithSubscriberPublisher3.xml (RunModel)" time="0.016" />
  <testcase classname="ptolemy.util.test.junit.AutoTests" name="[402] /home/travis/build/icyphy/ptII/ptolemy/actor/lib/test/auto/Writer.xml (RunModel)" time="0.008" />
  <testcase classname="ptolemy.util.test.junit.AutoTests" name="[403] /home/travis/build/icyphy/ptII/ptolemy/actor/lib/test/auto/array.xml (RunModel)" time="0.027" />
  <testcase classname="ptolemy.util.test.junit.AutoTests" name="[404] /home/travis/build/icyphy/ptII/ptolemy/actor/lib/test/auto/array2.xml (RunModel)" time="0.013" />
  <testcase classname="ptolemy.util.test.junit.AutoTests" name="[405] /home/travis/build/icyphy/ptII/ptolemy/actor/lib/test/auto/arrayType.xml (RunModel)" time="0.012" />
  <testcase classname="ptolemy.util.test.junit.AutoTests" name="[406] /home/travis/build/icyphy/ptII/ptolemy/actor/lib/test/auto/arrayType10.xml (RunModel)" time="0.007" />
  <testcase classname="ptolemy.util.test.junit.AutoTests" name="[407] /home/travis/build/icyphy/ptII/ptolemy/actor/lib/test/auto/arrayType11.xml (RunModel)" time="0.008" />
  <testcase classname="ptolemy.util.test.junit.AutoTests" name="[408] /home/travis/build/icyphy/ptII/ptolemy/actor/lib/test/auto/arrayType12.xml (RunModel)" time="0.008" />
  <testcase classname="ptolemy.util.test.junit.AutoTests" name="[409] /home/travis/build/icyphy/ptII/ptolemy/actor/lib/test/auto/arrayType13.xml (RunModel)" time="0.008" />
  <testcase classname="ptolemy.util.test.junit.AutoTests" name="[410] /home/travis/build/icyphy/ptII/ptolemy/actor/lib/test/auto/arrayType14.xml (RunModel)" time="0.008" />
  <testcase classname="ptolemy.util.test.junit.AutoTests" name="[411] /home/travis/build/icyphy/ptII/ptolemy/actor/lib/test/auto/arrayType15.xml (RunModel)" time="0.009" />
  <testcase classname="ptolemy.util.test.junit.AutoTests" name="[412] /home/travis/build/icyphy/ptII/ptolemy/actor/lib/test/auto/arrayType16.xml (RunModel)" time="0.009" />
  <testcase classname="ptolemy.util.test.junit.AutoTests" name="[413] /home/travis/build/icyphy/ptII/ptolemy/actor/lib/test/auto/arrayType17.xml (RunModel)" time="0.007" />
  <testcase classname="ptolemy.util.test.junit.AutoTests" name="[414] /home/travis/build/icyphy/ptII/ptolemy/actor/lib/test/auto/arrayType18.xml (RunModel)" time="0.007" />
  <testcase classname="ptolemy.util.test.junit.AutoTests" name="[415] /home/travis/build/icyphy/ptII/ptolemy/actor/lib/test/auto/arrayType19.xml (RunModel)" time="0.007" />
  <testcase classname="ptolemy.util.test.junit.AutoTests" name="[416] /home/travis/build/icyphy/ptII/ptolemy/actor/lib/test/auto/arrayType2.xml (RunModel)" time="0.008" />
  <testcase classname="ptolemy.util.test.junit.AutoTests" name="[417] /home/travis/build/icyphy/ptII/ptolemy/actor/lib/test/auto/arrayType20.xml (RunModel)" time="0.008" />
  <testcase classname="ptolemy.util.test.junit.AutoTests" name="[418] /home/travis/build/icyphy/ptII/ptolemy/actor/lib/test/auto/arrayType21.xml (RunModel)" time="0.008" />
  <testcase classname="ptolemy.util.test.junit.AutoTests" name="[419] /home/travis/build/icyphy/ptII/ptolemy/actor/lib/test/auto/arrayType22.xml (RunModel)" time="0.008" />
  <testcase classname="ptolemy.util.test.junit.AutoTests" name="[420] /home/travis/build/icyphy/ptII/ptolemy/actor/lib/test/auto/arrayType23.xml (RunModel)" time="0.007" />
  <testcase classname="ptolemy.util.test.junit.AutoTests" name="[421] /home/travis/build/icyphy/ptII/ptolemy/actor/lib/test/auto/arrayType24.xml (RunModel)" time="0.009" />
  <testcase classname="ptolemy.util.test.junit.AutoTests" name="[422] /home/travis/build/icyphy/ptII/ptolemy/actor/lib/test/auto/arrayType25.xml (RunModel)" time="0.008" />
  <testcase classname="ptolemy.util.test.junit.AutoTests" name="[423] /home/travis/build/icyphy/ptII/ptolemy/actor/lib/test/auto/arrayType26.xml (RunModel)" time="0.008" />
  <testcase classname="ptolemy.util.test.junit.AutoTests" name="[424] /home/travis/build/icyphy/ptII/ptolemy/actor/lib/test/auto/arrayType27.xml (RunModel)" time="0.008" />
  <testcase classname="ptolemy.util.test.junit.AutoTests" name="[425] /home/travis/build/icyphy/ptII/ptolemy/actor/lib/test/auto/arrayType28.xml (RunModel)" time="0.01" />
  <testcase classname="ptolemy.util.test.junit.AutoTests" name="[426] /home/travis/build/icyphy/ptII/ptolemy/actor/lib/test/auto/arrayType3.xml (RunModel)" time="0.008" />
  <testcase classname="ptolemy.util.test.junit.AutoTests" name="[427] /home/travis/build/icyphy/ptII/ptolemy/actor/lib/test/auto/arrayType4.xml (RunModel)" time="0.01" />
  <testcase classname="ptolemy.util.test.junit.AutoTests" name="[428] /home/travis/build/icyphy/ptII/ptolemy/actor/lib/test/auto/arrayType5.xml (RunModel)" time="0.008" />
  <testcase classname="ptolemy.util.test.junit.AutoTests" name="[429] /home/travis/build/icyphy/ptII/ptolemy/actor/lib/test/auto/arrayType6.xml (RunModel)" time="0.007" />
  <testcase classname="ptolemy.util.test.junit.AutoTests" name="[430] /home/travis/build/icyphy/ptII/ptolemy/actor/lib/test/auto/arrayType7.xml (RunModel)" time="0.007" />
  <testcase classname="ptolemy.util.test.junit.AutoTests" name="[431] /home/travis/build/icyphy/ptII/ptolemy/actor/lib/test/auto/arrayType8.xml (RunModel)" time="0.008" />
  <testcase classname="ptolemy.util.test.junit.AutoTests" name="[432] /home/travis/build/icyphy/ptII/ptolemy/actor/lib/test/auto/arrayType9.xml (RunModel)" time="0.018" />
  <testcase classname="ptolemy.util.test.junit.AutoTests" name="[433] /home/travis/build/icyphy/ptII/ptolemy/actor/lib/test/auto/cast.xml (RunModel)" time="0.009" />
  <testcase classname="ptolemy.util.test.junit.AutoTests" name="[434] /home/travis/build/icyphy/ptII/ptolemy/actor/lib/test/auto/compositeMultiPort.xml (RunModel)" time="0.023" />
  <testcase classname="ptolemy.util.test.junit.AutoTests" name="[435] /home/travis/build/icyphy/ptII/ptolemy/actor/lib/test/auto/expressionCastInference.xml (RunModel)" time="0.008" />
  <testcase classname="ptolemy.util.test.junit.AutoTests" name="[436] /home/travis/build/icyphy/ptII/ptolemy/actor/lib/test/auto/expressionCastInference2.xml (RunModel)" time="0.007" />
  <testcase classname="ptolemy.util.test.junit.AutoTests" name="[437] /home/travis/build/icyphy/ptII/ptolemy/actor/lib/test/auto/expressionInference.xml (RunModel)" time="0.028" />
  <testcase classname="ptolemy.util.test.junit.AutoTests" name="[438] /home/travis/build/icyphy/ptII/ptolemy/actor/lib/test/auto/expression_bug.xml (RunModel)" time="0.024" />
  <testcase classname="ptolemy.util.test.junit.AutoTests" name="[439] /home/travis/build/icyphy/ptII/ptolemy/actor/lib/test/auto/factorial.xml (RunModel)" time="0.092" />
  <testcase classname="ptolemy.util.test.junit.AutoTests" name="[440] /home/travis/build/icyphy/ptII/ptolemy/actor/lib/test/auto/filterTest1.xml (RunModel)" time="0.041" />
  <testcase classname="ptolemy.util.test.junit.AutoTests" name="[441] /home/travis/build/icyphy/ptII/ptolemy/actor/lib/test/auto/funcApplyInConst.xml (RunModel)" time="0.04" />
  <testcase classname="ptolemy.util.test.junit.AutoTests" name="[442] /home/travis/build/icyphy/ptII/ptolemy/actor/lib/test/auto/funcApplyInExpr.xml (RunModel)" time="0.031" />
  <testcase classname="ptolemy.util.test.junit.AutoTests" name="[443] /home/travis/build/icyphy/ptII/ptolemy/actor/lib/test/auto/function.xml (RunModel)" time="0.032" />
  <testcase classname="ptolemy.util.test.junit.AutoTests" name="[444] /home/travis/build/icyphy/ptII/ptolemy/actor/lib/test/auto/function2.xml (RunModel)" time="0.016" />
  <testcase classname="ptolemy.util.test.junit.AutoTests" name="[445] /home/travis/build/icyphy/ptII/ptolemy/actor/lib/test/auto/function3.xml (RunModel)" time="0.009" />
  <testcase classname="ptolemy.util.test.junit.AutoTests" name="[446] /home/travis/build/icyphy/ptII/ptolemy/actor/lib/test/auto/functionClosureTest1.xml (RunModel)" time="0.013" />
  <testcase classname="ptolemy.util.test.junit.AutoTests" name="[447] /home/travis/build/icyphy/ptII/ptolemy/actor/lib/test/auto/functionClosureTest2.xml (RunModel)" time="0.007" />
  <testcase classname="ptolemy.util.test.junit.AutoTests" name="[448] /home/travis/build/icyphy/ptII/ptolemy/actor/lib/test/auto/functionClosureTest3.xml (RunModel)" time="0.01" />
  <testcase classname="ptolemy.util.test.junit.AutoTests" name="[449] /home/travis/build/icyphy/ptII/ptolemy/actor/lib/test/auto/functionClosureTest4.xml (RunModel)" time="0.023" />
  <testcase classname="ptolemy.util.test.junit.AutoTests" name="[450] /home/travis/build/icyphy/ptII/ptolemy/actor/lib/test/auto/functionClosureTest5.xml (RunModel)" time="0.011" />
  <testcase classname="ptolemy.util.test.junit.AutoTests" name="[451] /home/travis/build/icyphy/ptII/ptolemy/actor/lib/test/auto/functionClosureTest6.xml (RunModel)" time="0.008" />
  <testcase classname="ptolemy.util.test.junit.AutoTests" name="[452] /home/travis/build/icyphy/ptII/ptolemy/actor/lib/test/auto/functionsOnArcs.xml (RunModel)" time="0.009" />
  <testcase classname="ptolemy.util.test.junit.AutoTests" name="[453] /home/travis/build/icyphy/ptII/ptolemy/actor/lib/test/auto/functionsOnArcsHOF.xml (RunModel)" time="0.012" />
  <testcase classname="ptolemy.util.test.junit.AutoTests" name="[454] /home/travis/build/icyphy/ptII/ptolemy/actor/lib/test/auto/logic.xml (RunModel)" time="0.018" />
  <testcase classname="ptolemy.util.test.junit.AutoTests" name="[455] /home/travis/build/icyphy/ptII/ptolemy/actor/lib/test/auto/matrixType.xml (RunModel)" time="0.009" />
  <testcase classname="ptolemy.util.test.junit.AutoTests" name="[456] /home/travis/build/icyphy/ptII/ptolemy/actor/lib/test/auto/matrixType10.xml (RunModel)" time="0.008" />
  <testcase classname="ptolemy.util.test.junit.AutoTests" name="[457] /home/travis/build/icyphy/ptII/ptolemy/actor/lib/test/auto/matrixType11.xml (RunModel)" time="0.008" />
  <testcase classname="ptolemy.util.test.junit.AutoTests" name="[458] /home/travis/build/icyphy/ptII/ptolemy/actor/lib/test/auto/matrixType12.xml (RunModel)" time="0.01" />
  <testcase classname="ptolemy.util.test.junit.AutoTests" name="[459] /home/travis/build/icyphy/ptII/ptolemy/actor/lib/test/auto/matrixType13.xml (RunModel)" time="0.009" />
  <testcase classname="ptolemy.util.test.junit.AutoTests" name="[460] /home/travis/build/icyphy/ptII/ptolemy/actor/lib/test/auto/matrixType14.xml (RunModel)" time="0.011" />
  <testcase classname="ptolemy.util.test.junit.AutoTests" name="[461] /home/travis/build/icyphy/ptII/ptolemy/actor/lib/test/auto/matrixType2.xml (RunModel)" time="0.008" />
  <testcase classname="ptolemy.util.test.junit.AutoTests" name="[462] /home/travis/build/icyphy/ptII/ptolemy/actor/lib/test/auto/matrixType3.xml (RunModel)" time="0.01" />
  <testcase classname="ptolemy.util.test.junit.AutoTests" name="[463] /home/travis/build/icyphy/ptII/ptolemy/actor/lib/test/auto/matrixType4.xml (RunModel)" time="0.008" />
  <testcase classname="ptolemy.util.test.junit.AutoTests" name="[464] /home/travis/build/icyphy/ptII/ptolemy/actor/lib/test/auto/matrixType5.xml (RunModel)" time="0.008" />
  <testcase classname="ptolemy.util.test.junit.AutoTests" name="[465] /home/travis/build/icyphy/ptII/ptolemy/actor/lib/test/auto/matrixType6.xml (RunModel)" time="0.008" />
  <testcase classname="ptolemy.util.test.junit.AutoTests" name="[466] /home/travis/build/icyphy/ptII/ptolemy/actor/lib/test/auto/matrixType7.xml (RunModel)" time="0.008" />
  <testcase classname="ptolemy.util.test.junit.AutoTests" name="[467] /home/travis/build/icyphy/ptII/ptolemy/actor/lib/test/auto/matrixType8.xml (RunModel)" time="0.009" />
  <testcase classname="ptolemy.util.test.junit.AutoTests" name="[468] /home/travis/build/icyphy/ptII/ptolemy/actor/lib/test/auto/matrixType9.xml (RunModel)" time="0.008" />
  <testcase classname="ptolemy.util.test.junit.AutoTests" name="[469] /home/travis/build/icyphy/ptII/ptolemy/actor/lib/test/auto/paraFunctest.xml (RunModel)" time="0.008" />
  <testcase classname="ptolemy.util.test.junit.AutoTests" name="[470] /home/travis/build/icyphy/ptII/ptolemy/actor/lib/test/auto/paraFunctest2.xml (RunModel)" time="0.013" />
  <testcase classname="ptolemy.util.test.junit.AutoTests" name="[471] /home/travis/build/icyphy/ptII/ptolemy/actor/lib/test/auto/parameterPassing.xml (RunModel)" time="0.008" />
  <testcase classname="ptolemy.util.test.junit.AutoTests" name="[472] /home/travis/build/icyphy/ptII/ptolemy/actor/lib/test/auto/record.xml (RunModel)" time="0.009" />
  <testcase classname="ptolemy.util.test.junit.AutoTests" name="[473] /home/travis/build/icyphy/ptII/ptolemy/actor/lib/test/auto/sizedarray1.xml (RunModel)" time="0.008" />
  <testcase classname="ptolemy.util.test.junit.AutoTests" name="[474] /home/travis/build/icyphy/ptII/ptolemy/actor/lib/test/auto/sizedarray2.xml (RunModel)" time="0.01" />
  <testcase classname="ptolemy.util.test.junit.AutoTests" name="[475] /home/travis/build/icyphy/ptII/ptolemy/actor/lib/test/auto/twoPublishers.xml (RunModel)" time="0.025" />
  <system-out><![CDATA[/home/travis/build/icyphy/ptII/ptolemy/actor/lib/test/AbsoluteValue.tcl
testDefs.tcl: setting time out to 9000 seconds at Thu Jul 18 16:01:48 UTC 2019
128 ms. Memory: 120832K Free: 85427K (71%)
10 ms. Memory: 120832K Free: 83907K (69%)
5 ms. Memory: 120832K Free: 82883K (69%)
5 ms. Memory: 120832K Free: 82369K (68%)
/home/travis/build/icyphy/ptII/ptolemy/actor/lib/test/AddSubtract.tcl
20 ms. Memory: 120832K Free: 80307K (66%)
16 ms. Memory: 120832K Free: 79795K (66%)
6 ms. Memory: 120832K Free: 78787K (65%)
16 ms. Memory: 120832K Free: 77763K (64%)
85 ms. Memory: 120832K Free: 75201K (62%)
14 ms. Memory: 120832K Free: 74163K (61%)
/home/travis/build/icyphy/ptII/ptolemy/actor/lib/test/Average.tcl
12 ms. Memory: 120832K Free: 72643K (60%)
7 ms. Memory: 120832K Free: 71619K (59%)
/home/travis/build/icyphy/ptII/ptolemy/actor/lib/test/Bernoulli.tcl
5 ms. Memory: 120832K Free: 69571K (58%)
2 ms. Memory: 120832K Free: 69571K (58%)
/home/travis/build/icyphy/ptII/ptolemy/actor/lib/test/Clock.tcl
preinitializing
resolving types
initializing
executing number 1
wrapping up
idle
24 ms. Memory: 120832K Free: 66499K (55%)
Completed execution with 5 iterations
preinitializing
resolving types
initializing
executing number 1
wrapping up
idle
4 ms. Memory: 120832K Free: 65971K (55%)
Completed execution with 5 iterations
preinitializing
resolving types
initializing
executing number 1
wrapping up
idle
4 ms. Memory: 120832K Free: 65475K (54%)
Completed execution with 5 iterations
/home/travis/build/icyphy/ptII/ptolemy/actor/lib/test/Commutator.tcl
7 ms. Memory: 120832K Free: 63427K (52%)
15 ms. Memory: 120832K Free: 62403K (52%)
18 ms. Memory: 120832K Free: 56769K (47%)
/home/travis/build/icyphy/ptII/ptolemy/actor/lib/test/Const.tcl
4 ms. Memory: 120832K Free: 55235K (46%)
7 ms. Memory: 120832K Free: 54707K (45%)
6 ms. Memory: 120832K Free: 54211K (45%)
2 ms. Memory: 120832K Free: 53697K (44%)
2 ms. Memory: 120832K Free: 52673K (44%)
13 ms. Memory: 120832K Free: 51139K (42%)
8 ms. Memory: 120832K Free: 50115K (41%)
9 ms. Memory: 120832K Free: 49091K (41%)
/home/travis/build/icyphy/ptII/ptolemy/actor/lib/test/CurrentTime.tcl
preinitializing
resolving types
initializing
executing number 1
wrapping up
idle
14 ms. Memory: 120832K Free: 47523K (39%)
Completed execution with 11 iterations
/home/travis/build/icyphy/ptII/ptolemy/actor/lib/test/DB.tcl
31 ms. Memory: 120832K Free: 106939K (89%)
2 ms. Memory: 120832K Free: 106429K (88%)
22 ms. Memory: 120832K Free: 106555K (88%)
/home/travis/build/icyphy/ptII/ptolemy/actor/lib/test/DiscreteRandomSource.tcl
preinitializing
resolving types
initializing
executing number 1
wrapping up
idle
5 ms. Memory: 120832K Free: 105182K (87%)
Completed execution with 4 iterations
preinitializing
resolving types
initializing
executing number 1
wrapping up
idle
3 ms. Memory: 120832K Free: 104813K (87%)
Completed execution with 4 iterations
preinitializing
resolving types
initializing
executing number 1
wrapping up
idle
3 ms. Memory: 120832K Free: 104188K (86%)
Completed execution with 4 iterations
preinitializing
resolving types
initializing
executing number 1
wrapping up
idle
3 ms. Memory: 120832K Free: 103844K (86%)
Completed execution with 4 iterations
preinitializing
resolving types
initializing
executing number 1
wrapping up
idle
3 ms. Memory: 120832K Free: 103453K (86%)
Completed execution with 4 iterations
/home/travis/build/icyphy/ptII/ptolemy/actor/lib/test/Distributor.tcl
5 ms. Memory: 120832K Free: 101814K (84%)
9 ms. Memory: 120832K Free: 101094K (84%)
StreamChangeRequest.changeExecuted(): <deleteEntity name="rec2"/> succeeded
StreamChangeRequest.changeExecuted(): <deleteRelation name="r2"/> succeeded
StreamChangeRequest.changeExecuted(): Record firings per iteration succeeded
12 ms. Memory: 120832K Free: 98669K (82%)
/home/travis/build/icyphy/ptII/ptolemy/actor/lib/test/Exit.tcl
Exit.tcl: this will print a message about Manager.exitAfterWrapup, which can be ignored.
19 ms. Memory: 120832K Free: 95441K (79%)
/home/travis/build/icyphy/ptII/ptolemy/actor/lib/test/Expression.tcl
22 ms. Memory: 120832K Free: 92219K (76%)
9 ms. Memory: 120832K Free: 91588K (76%)
6 ms. Memory: 120832K Free: 105888K (88%)
preinitializing
resolving types
initializing
executing number 1
wrapping up
idle
16 ms. Memory: 120832K Free: 104350K (86%)
Completed execution with 6 iterations
12 ms. Memory: 120832K Free: 103840K (86%)
3 ms. Memory: 120832K Free: 102816K (85%)
11 ms. Memory: 120832K Free: 101790K (84%)
8 ms. Memory: 120832K Free: 100768K (83%)
7 ms. Memory: 120832K Free: 99230K (82%)
/home/travis/build/icyphy/ptII/ptolemy/actor/lib/test/Gaussian.tcl
4 ms. Memory: 120832K Free: 97696K (81%)
sleeping 1 seconds: ....................................................................................................................................................................................................................................................................................................................................................................................................................................................................................................................................................................................................................................................................................................................................................................................................................................................................................................................................................................................................................................................................................................................................................................................................................................................................................................................................................................................................................................................................................................................................................................................................................................................................................................................................................................................................................................................................................................................................................................................................................................................................................................................................................................................................................................................................................................................................................................................................................................................................................................................................................................................................................................................................................................................................................................................................................................................................................................................................................................................................................................................................................................................................................................................................................................................................................................................................................................................................................................................................................................................................................................................................................................................................................................................................................................................................................................................................................................................................................................................................................................................................................................................................................................................................................................................................................................................................................................................................................................................................................................................................................................................................................................................................................................................................................................................................................................................................................................................................................................................................................................................................................................................................................................................................................................................................................................................................................................................................................................................................................................................................................................................................................................................................................................................................................................................................................................................................................................................................................................................................................................2 ms. Memory: 120832K Free: 103223K (85%)
2 ms. Memory: 120832K Free: 102199K (85%)
2 ms. Memory: 120832K Free: 101689K (84%)
1 ms. Memory: 120832K Free: 101169K (84%)
1 ms. Memory: 120832K Free: 100663K (83%)
/home/travis/build/icyphy/ptII/ptolemy/actor/lib/test/IIR.tcl
/home/travis/build/icyphy/ptII/ptolemy/actor/lib/test/Interpolator.tcl
5 ms. Memory: 120832K Free: 96569K (80%)
2 ms. Memory: 120832K Free: 96025K (79%)
4 ms. Memory: 120832K Free: 95545K (79%)
3 ms. Memory: 120832K Free: 95031K (79%)
5 ms. Memory: 120832K Free: 93993K (78%)
4 ms. Memory: 120832K Free: 93497K (77%)
9 ms. Memory: 120832K Free: 92473K (77%)
2 ms. Memory: 120832K Free: 91449K (76%)
5 ms. Memory: 120832K Free: 90935K (75%)
4 ms. Memory: 120832K Free: 89897K (74%)
/home/travis/build/icyphy/ptII/ptolemy/actor/lib/test/MathFunction.tcl
5 ms. Memory: 120832K Free: 87849K (73%)
3 ms. Memory: 120832K Free: 86839K (72%)
2 ms. Memory: 120832K Free: 85809K (71%)
6 ms. Memory: 120832K Free: 84777K (70%)
4 ms. Memory: 120832K Free: 83257K (69%)
7 ms. Memory: 120832K Free: 81719K (68%)
/home/travis/build/icyphy/ptII/ptolemy/actor/lib/test/Maximum.tcl
5 ms. Memory: 120832K Free: 79671K (66%)
5 ms. Memory: 120832K Free: 78647K (65%)
7 ms. Memory: 120832K Free: 78137K (65%)
2 ms. Memory: 120832K Free: 77623K (64%)
/home/travis/build/icyphy/ptII/ptolemy/actor/lib/test/Minimum.tcl
5 ms. Memory: 120832K Free: 76089K (63%)
2 ms. Memory: 120832K Free: 75065K (62%)
2 ms. Memory: 120832K Free: 74551K (62%)
4 ms. Memory: 120832K Free: 74041K (61%)
/home/travis/build/icyphy/ptII/ptolemy/actor/lib/test/MultiplyDivide.tcl
9 ms. Memory: 120832K Free: 71993K (60%)
8 ms. Memory: 120832K Free: 71449K (59%)
3 ms. Memory: 120832K Free: 70455K (58%)
5 ms. Memory: 120832K Free: 69945K (58%)
4 ms. Memory: 120832K Free: 68921K (57%)
/home/travis/build/icyphy/ptII/ptolemy/actor/lib/test/OrderedMerge.tcl
Connections changed on port: inputA
Connections changed on port: inputB
Connections changed on port: output
Connections changed on port: output
Connections changed on port: output
Connections changed on port: input
.top. Preinitializing ...
Invoking preinitialize():  .top.OrderedMerge
Called preinitialize()
Invoking preinitialize():  .top.Ramp
Called preinitialize()
Invoking preinitialize():  .top.Ramp2
Called preinitialize()
Invoking preinitialize():  .top.Test
Called preinitialize()
Connections changed on port: inputA
Connections changed on port: output
Connections changed on port: output
Connections changed on port: input
Connections changed on port: inputB
Connections changed on port: output
.top. Finished preinitialize().
Called initialize().
Invoking initialize():  .top.OrderedMerge
Initializing actor: .top.OrderedMerge
Adding a thread: .top.OrderedMerge
Invoking initialize():  .top.Ramp
Initializing actor: .top.Ramp
Adding a thread: .top.Ramp
Invoking initialize():  .top.Ramp2
Initializing actor: .top.Ramp2
Adding a thread: .top.Ramp2
Invoking initialize():  .top.Test
Initializing actor: .top.Test
Adding a thread: .top.Test
Called fire().
Checking for deadlock:
-- Starting thread.
Called initialize()
Called prefire()
Called fire()
-- Starting thread.
Called initialize()
-- Starting thread.
Called initialize()
Called prefire()
-- Starting thread.
Called initialize()
Called prefire()
Called fire()
Called fire()
Called prefire()
Called fire()
There are 0 Blocked actors, 0 Stopped actors, and 4 active threads.
Waiting for actors to stop.
Called postfire()
Called postfire()
Called prefire()
Called prefire()
Called fire()
Called fire()
Checking for deadlock:
There are 1 Blocked actors, 0 Stopped actors, and 4 active threads.
Waiting for actors to stop.
Called postfire()
Called prefire()
Called fire()
Read input token from inputA with value 0.0
Next port to read input from is inputB
Called postfire()
Called prefire()
Called fire()
Read input token from inputB with value 0.0
Sent output token with value 0.0
Next port to read input from is inputA
Called postfire()
Called prefire()
Called fire()
Read input token from inputA with value 1.0
Called postfire()
Called prefire()
Called fire()
Checking for deadlock:
Called postfire()
Called prefire()
Called fire()
There are 1 Blocked actors, 0 Stopped actors, and 4 active threads.
Waiting for actors to stop.
-- Read input: 0.0, which is expected to match: 0.0
Called prefire()
Called fire()
Checking for deadlock:
There are 3 Blocked actors, 0 Stopped actors, and 4 active threads.
Waiting for actors to stop.
Sent output token with value 0.0
Checking for deadlock:
There are 2 Blocked actors, 0 Stopped actors, and 4 active threads.
Waiting for actors to stop.
Next port to read input from is inputB
Called postfire()
-- Read input: 0.0, which is expected to match: 0.0
Called prefire()
Called fire()
Called prefire()
Called fire()
Read input token from inputB with value 1.5
Checking for deadlock:
There are 2 Blocked actors, 0 Stopped actors, and 4 active threads.
Waiting for actors to stop.
Called postfire()
Called prefire()
Sent output token with value 1.0
Called fire()
Next port to read input from is inputA
Called postfire()
Called prefire()
Called fire()
-- Read input: 1.0, which is expected to match: 1.0
Read input token from inputA with value 2.0
Called prefire()
Called fire()
Sent output token with value 1.5
-- Read input: 1.5, which is expected to match: 1.5
Next port to read input from is inputB
Called postfire()
Called prefire()
Called fire()
Called prefire()
Called fire()
Read input token from inputB with value 3.0
Sent output token with value 2.0
Next port to read input from is inputA
Called postfire()
Called prefire()
Called fire()
Checking for deadlock:
There are 1 Blocked actors, 0 Stopped actors, and 4 active threads.
Waiting for actors to stop.
Called postfire()
Called prefire()
Called fire()
-- Read input: 2.0, which is expected to match: 2.0
Called prefire()
Called fire()
Called postfire()
Called prefire()
Called fire()
Checking for deadlock:
There are 3 Blocked actors, 0 Stopped actors, and 4 active threads.
Waiting for actors to stop.
Checking for deadlock:
Read input token from inputA with value 3.0
There are 2 Blocked actors, 0 Stopped actors, and 4 active threads.
Waiting for actors to stop.
Sent output token with value 3.0
Called postfire()
Called prefire()
Called fire()
Next port to read input from is inputB
Called postfire()
Called prefire()
Called fire()
Checking for deadlock:
There are 1 Blocked actors, 0 Stopped actors, and 4 active threads.
Waiting for actors to stop.
Read input token from inputB with value 4.5
Sent output token with value 3.0
-- Read input: 3.0, which is expected to match: 3.0
Called prefire()
Next port to read input from is inputA
Called postfire()
Called prefire()
Called fire()
Called postfire()
Called prefire()
Called fire()
Read input token from inputA with value 4.0
Called postfire()
Called fire()
Called prefire()
Called fire()
-- Read input: 3.0, which is expected to match: 3.0
Called prefire()
Called fire()
Checking for deadlock:
There are 3 Blocked actors, 0 Stopped actors, and 4 active threads.
Waiting for actors to stop.
Checking for deadlock:
There are 2 Blocked actors, 0 Stopped actors, and 4 active threads.
Waiting for actors to stop.
Sent output token with value 4.0
Next port to read input from is inputA
Called postfire()
Called prefire()
Called fire()
Read input token from inputA with value 5.0
Called postfire()
-- Read input: 4.0, which is expected to match: 4.0
Called prefire()
Called fire()
Called prefire()
Called fire()
Past the end of training data. Read and discard all inputs.
Checking for deadlock:
There are 3 Blocked actors, 0 Stopped actors, and 4 active threads.
Waiting for actors to stop.
Sent output token with value 4.5
Next port to read input from is inputB
Called postfire()
Called prefire()
Called fire()
Read input token from inputB with value 6.0
Called prefire()
Called fire()
Called postfire()
Past the end of training data. Read and discard all inputs.
Called prefire()
Called fire()
Checking for deadlock:
There are 3 Blocked actors, 0 Stopped actors, and 4 active threads.
Waiting for actors to stop.
Sent output token with value 5.0
Next port to read input from is inputA
Called postfire()
Called prefire()
Called fire()
Read input token from inputA with value 6.0
Checking for deadlock:
Called prefire()
There are 1 Blocked actors, 0 Stopped actors, and 4 active threads.
Waiting for actors to stop.
Called fire()
Past the end of training data. Read and discard all inputs.
Called postfire()
Sent output token with value 6.0
Called prefire()
Called fire()
Next port to read input from is inputB
Called postfire()
Called prefire()
Called fire()
Read input token from inputB with value 7.5
Checking for deadlock:
Called prefire()
There are 1 Blocked actors, 0 Stopped actors, and 4 active threads.
Waiting for actors to stop.
Called fire()
Past the end of training data. Read and discard all inputs.
Called postfire()
Sent output token with value 6.0
Called prefire()
Called fire()
Next port to read input from is inputA
Called postfire()
Called prefire()
Called fire()
Read input token from inputA with value 7.0
Checking for deadlock:
Called prefire()
There are 1 Blocked actors, 0 Stopped actors, and 4 active threads.
Called fire()
Waiting for actors to stop.
Past the end of training data. Read and discard all inputs.
Called postfire()
Sent output token with value 7.0
Called prefire()
Called fire()
Next port to read input from is inputA
Called postfire()
Called prefire()
Called fire()
Read input token from inputA with value 8.0
Checking for deadlock:
Called prefire()
There are 1 Blocked actors, 0 Stopped actors, and 4 active threads.
Waiting for actors to stop.
Called fire()
Past the end of training data. Read and discard all inputs.
Sent output token with value 7.5
-- Thread wrapup() called.
Next port to read input from is inputB
Called postfire()
Called wrapup()
Called prefire()
Called fire()
Thread .top.Ramp is exiting.
-- Thread stopped.
Called prefire()
Called fire()
Past the end of training data. Read and discard all inputs.
Checking for deadlock:
There are 2 Blocked actors, 0 Stopped actors, and 3 active threads.
Waiting for actors to stop.
Called postfire()
Called prefire()
Called fire()
Read input token from inputB with value 9.0
Checking for deadlock:
There are 2 Blocked actors, 0 Stopped actors, and 3 active threads.
Waiting for actors to stop.
Sent output token with value 8.0
Next port to read input from is inputA
Called postfire()
Called prefire()
Called fire()
Read input token from inputA with value 9.0
Checking for deadlock:
Called prefire()
Called fire()
Past the end of training data. Read and discard all inputs.
There are 1 Blocked actors, 0 Stopped actors, and 3 active threads.
Waiting for actors to stop.
Checking for deadlock:
Sent output token with value 9.0
There are 1 Blocked actors, 0 Stopped actors, and 3 active threads.
Waiting for actors to stop.
Next port to read input from is inputB
Called postfire()
Called prefire()
Called fire()
Read input token from inputB with value 10.5
Checking for deadlock:
Called prefire()
There are 0 Blocked actors, 0 Stopped actors, and 3 active threads.
Waiting for actors to stop.
Called fire()
Past the end of training data. Read and discard all inputs.
Called postfire()
Called prefire()
Called fire()
Sent output token with value 9.0
Checking for deadlock:
There are 1 Blocked actors, 0 Stopped actors, and 3 active threads.
Waiting for actors to stop.
Next port to read input from is inputA
Called postfire()
Called prefire()
Called fire()
Checking for deadlock:
Called prefire()
There are 2 Blocked actors, 0 Stopped actors, and 3 active threads.
Called fire()
Waiting for actors to stop.
Past the end of training data. Read and discard all inputs.
Checking for deadlock:
There are 3 Blocked actors, 0 Stopped actors, and 3 active threads.
Actors have stopped.
Checking for deadlock:
There are 3 Blocked actors, 0 Stopped actors, and 3 active threads.
Deadlock detected.
Resolving Deadlock
Checking for deadlock:
There are 3 Blocked actors, 0 Stopped actors, and 3 active threads.
Artificial Deadlock - increasing queue capacity.
increasing the capacity of receiver ptolemy.actor.TypedIOPort {.top.OrderedMerge.inputB} to 2
-- Thread wrapup() called.
Called wrapup()
Thread .top.Ramp2 is exiting.
-- Thread stopped.
Director: Called postfire().
Called postfire().
_stopRequested = false
_stopFireRequested = false
Returning from postfire(): true
Called fire().
Checking for deadlock:
There are 2 Blocked actors, 0 Stopped actors, and 2 active threads.
Actors have stopped.
Checking for deadlock:
There are 2 Blocked actors, 0 Stopped actors, and 2 active threads.
Deadlock detected.
Resolving Deadlock
Checking for deadlock:
There are 2 Blocked actors, 0 Stopped actors, and 2 active threads.
Deadlock detected: no processes blocked on write, but some are blocked on read.
Called postfire().
_stopRequested = false
_stopFireRequested = false
Returning from postfire(): false
Finished deactivating branches.
Called wrapup().
-- Thread wrapup() called.
Called wrapup()
Thread .top.OrderedMerge is exiting.
-- Thread stopped.
-- Blocked Receiver call threw TerminateProcessException.
-- Thread wrapup() called.
Called wrapup()
Thread .top.Test is exiting.
-- Thread stopped.
-- Blocked Receiver call threw TerminateProcessException.
61 ms. Memory: 120832K Free: 64825K (54%)
.top. Preinitializing ...
Invoking preinitialize():  .top.OrderedMerge
Called preinitialize()
Invoking preinitialize():  .top.Ramp
Called preinitialize()
Invoking preinitialize():  .top.Ramp2
Called preinitialize()
Invoking preinitialize():  .top.Test
Called preinitialize()
.top. Finished preinitialize().
Called initialize().
Invoking initialize():  .top.OrderedMerge
Initializing actor: .top.OrderedMerge
Adding a thread: .top.OrderedMerge
Invoking initialize():  .top.Ramp
Initializing actor: .top.Ramp
Adding a thread: .top.Ramp
Invoking initialize():  .top.Ramp2
Initializing actor: .top.Ramp2
Adding a thread: .top.Ramp2
Invoking initialize():  .top.Test
Initializing actor: .top.Test
Adding a thread: .top.Test
-- Starting thread.
Called initialize()
Called prefire()
Called fire()
-- Starting thread.
Called initialize()
Called prefire()
Called fire()
Called postfire()
Called prefire()
Called fire()
Called fire().
Checking for deadlock:
There are 2 Blocked actors, 0 Stopped actors, and 4 active threads.
Waiting for actors to stop.
-- Starting thread.
Called initialize()
Called prefire()
Called fire()
Checking for deadlock:
There are 1 Blocked actors, 0 Stopped actors, and 4 active threads.
Waiting for actors to stop.
Called postfire()
Called prefire()
Called fire()
Checking for deadlock:
There are 2 Blocked actors, 0 Stopped actors, and 4 active threads.
Waiting for actors to stop.
-- Starting thread.
Called initialize()
Read input token from inputA with value 0.0
Next port to read input from is inputB
Called postfire()
Called prefire()
Called fire()
Checking for deadlock:
Called prefire()
There are 3 Blocked actors, 0 Stopped actors, and 4 active threads.
Waiting for actors to stop.
Called fire()
Called postfire()
Called prefire()
Called fire()
Checking for deadlock:
There are 3 Blocked actors, 0 Stopped actors, and 4 active threads.
Waiting for actors to stop.
Checking for deadlock:
Called postfire()
There are 2 Blocked actors, 0 Stopped actors, and 4 active threads.
Waiting for actors to stop.
Called prefire()
Called fire()
Checking for deadlock:
There are 3 Blocked actors, 0 Stopped actors, and 4 active threads.
Waiting for actors to stop.
Read input token from inputB with value 0.0
Checking for deadlock:
There are 2 Blocked actors, 0 Stopped actors, and 4 active threads.
Waiting for actors to stop.
-- Read input: 0.0, which is expected to match: 0.0
Called prefire()
Called fire()
Checking for deadlock:
There are 3 Blocked actors, 0 Stopped actors, and 4 active threads.
Waiting for actors to stop.
Sent output token with value 0.0
Next port to read input from is inputA
Called postfire()
Called prefire()
Called fire()
Called postfire()
Called prefire()
Called fire()
Checking for deadlock:
There are 3 Blocked actors, 0 Stopped actors, and 4 active threads.
Waiting for actors to stop.
Read input token from inputA with value 1.0
-- Read input: 0.0, which is expected to match: 0.0
Called prefire()
Called fire()
Checking for deadlock:
There are 3 Blocked actors, 0 Stopped actors, and 4 active threads.
Waiting for actors to stop.
Sent output token with value 0.0
Next port to read input from is inputB
Called postfire()
Called prefire()
Called fire()
Checking for deadlock:
Called postfire()
There are 2 Blocked actors, 0 Stopped actors, and 4 active threads.
Called prefire()
Called fire()
Waiting for actors to stop.
Checking for deadlock:
There are 3 Blocked actors, 0 Stopped actors, and 4 active threads.
Waiting for actors to stop.
Read input token from inputB with value 1.5
Checking for deadlock:
There are 2 Blocked actors, 0 Stopped actors, and 4 active threads.
Waiting for actors to stop.
-- Read input: 1.0, which is expected to match: 1.0
Called prefire()
Called fire()
Sent output token with value 1.0
Checking for deadlock:
There are 3 Blocked actors, 0 Stopped actors, and 4 active threads.
Waiting for actors to stop.
Next port to read input from is inputA
Called postfire()
Called prefire()
Called fire()
Called postfire()
Called prefire()
Called fire()
Checking for deadlock:
There are 3 Blocked actors, 0 Stopped actors, and 4 active threads.
Waiting for actors to stop.
Read input token from inputA with value 2.0
-- Read input: 1.5, which is expected to match: 1.5
Called prefire()
Called fire()
Checking for deadlock:
There are 3 Blocked actors, 0 Stopped actors, and 4 active threads.
Waiting for actors to stop.
Sent output token with value 1.5
Next port to read input from is inputB
Called postfire()
Called prefire()
Called fire()
Called postfire()
Called prefire()
Called fire()
Checking for deadlock:
There are 3 Blocked actors, 0 Stopped actors, and 4 active threads.
Waiting for actors to stop.
Read input token from inputB with value 3.0
Checking for deadlock:
There are 2 Blocked actors, 0 Stopped actors, and 4 active threads.
Waiting for actors to stop.
-- Read input: 2.0, which is expected to match: 2.0
Called prefire()
Called fire()
Checking for deadlock:
There are 3 Blocked actors, 0 Stopped actors, and 4 active threads.
Waiting for actors to stop.
Sent output token with value 2.0
Next port to read input from is inputA
Called postfire()
Called prefire()
Called fire()
Checking for deadlock:
There are 2 Blocked actors, 0 Stopped actors, and 4 active threads.
Waiting for actors to stop.
Called postfire()
Called prefire()
Called fire()
Checking for deadlock:
There are 3 Blocked actors, 0 Stopped actors, and 4 active threads.
Waiting for actors to stop.
Read input token from inputA with value 3.0
Checking for deadlock:
There are 2 Blocked actors, 0 Stopped actors, and 4 active threads.
Waiting for actors to stop.
-- Read input: 3.0, which is expected to match: 3.0
Called prefire()
Called fire()
Checking for deadlock:
There are 3 Blocked actors, 0 Stopped actors, and 4 active threads.
Waiting for actors to stop.
Sent output token with value 3.0
Next port to read input from is inputB
Called postfire()
Called prefire()
Called fire()
Checking for deadlock:
There are 2 Blocked actors, 0 Stopped actors, and 4 active threads.
Waiting for actors to stop.
Read input token from inputB with value 4.5
Called postfire()
Called prefire()
Called fire()
-- Read input: 3.0, which is expected to match: 3.0
Called prefire()
Called fire()
Checking for deadlock:
There are 3 Blocked actors, 0 Stopped actors, and 4 active threads.
Waiting for actors to stop.
Sent output token with value 3.0
Next port to read input from is inputA
Called postfire()
Called prefire()
Called fire()
Checking for deadlock:
There are 2 Blocked actors, 0 Stopped actors, and 4 active threads.
Waiting for actors to stop.
Called postfire()
Called prefire()
Called fire()
Checking for deadlock:
There are 3 Blocked actors, 0 Stopped actors, and 4 active threads.
Waiting for actors to stop.
Read input token from inputA with value 4.0
Checking for deadlock:
Sent output token with value 4.0
There are 2 Blocked actors, 0 Stopped actors, and 4 active threads.
Waiting for actors to stop.
Next port to read input from is inputA
-- Read input: 4.0, which is expected to match: 4.0
Called prefire()
Called fire()
Past the end of training data. Read and discard all inputs.
Checking for deadlock:
Called postfire()
There are 3 Blocked actors, 0 Stopped actors, and 4 active threads.
Waiting for actors to stop.
Called prefire()
Called fire()
Called postfire()
Called prefire()
Called fire()
Checking for deadlock:
There are 3 Blocked actors, 0 Stopped actors, and 4 active threads.
Waiting for actors to stop.
Read input token from inputA with value 5.0
Checking for deadlock:
There are 2 Blocked actors, 0 Stopped actors, and 4 active threads.
Waiting for actors to stop.
Called prefire()
Called fire()
Past the end of training data. Read and discard all inputs.
Checking for deadlock:
There are 3 Blocked actors, 0 Stopped actors, and 4 active threads.
Waiting for actors to stop.
Sent output token with value 4.5
Next port to read input from is inputB
Called postfire()
Called prefire()
Called fire()
Checking for deadlock:
There are 2 Blocked actors, 0 Stopped actors, and 4 active threads.
Waiting for actors to stop.
Called postfire()
Called prefire()
Called fire()
Checking for deadlock:
There are 3 Blocked actors, 0 Stopped actors, and 4 active threads.
Waiting for actors to stop.
Read input token from inputB with value 6.0
Sent output token with value 5.0
Next port to read input from is inputA
Called postfire()
Called prefire()
Called fire()
Read input token from inputA with value 6.0
Checking for deadlock:
Called prefire()
Called fire()
There are 1 Blocked actors, 0 Stopped actors, and 4 active threads.
Past the end of training data. Read and discard all inputs.
Waiting for actors to stop.
Called postfire()
Called prefire()
Called fire()
Checking for deadlock:
There are 3 Blocked actors, 0 Stopped actors, and 4 active threads.
Waiting for actors to stop.
Checking for deadlock:
Called prefire()
There are 2 Blocked actors, 0 Stopped actors, and 4 active threads.
Called fire()
Waiting for actors to stop.
Past the end of training data. Read and discard all inputs.
Checking for deadlock:
There are 3 Blocked actors, 0 Stopped actors, and 4 active threads.
Waiting for actors to stop.
Sent output token with value 6.0
Next port to read input from is inputB
Called postfire()
Called prefire()
Called fire()
Checking for deadlock:
There are 2 Blocked actors, 0 Stopped actors, and 4 active threads.
Waiting for actors to stop.
Read input token from inputB with value 7.5
Called postfire()
Called prefire()
Called fire()
Checking for deadlock:
Sent output token with value 6.0
There are 2 Blocked actors, 0 Stopped actors, and 4 active threads.
Waiting for actors to stop.
Next port to read input from is inputA
Called prefire()
Called fire()
Past the end of training data. Read and discard all inputs.
Called postfire()
Checking for deadlock:
Called prefire()
There are 3 Blocked actors, 0 Stopped actors, and 4 active threads.
Waiting for actors to stop.
Called fire()
Called postfire()
Called prefire()
Called fire()
Read input token from inputA with value 7.0
Checking for deadlock:
There are 3 Blocked actors, 0 Stopped actors, and 4 active threads.
Waiting for actors to stop.
Checking for deadlock:
Called prefire()
There are 2 Blocked actors, 0 Stopped actors, and 4 active threads.
Waiting for actors to stop.
Called fire()
Past the end of training data. Read and discard all inputs.
Checking for deadlock:
Sent output token with value 7.0
There are 3 Blocked actors, 0 Stopped actors, and 4 active threads.
Waiting for actors to stop.
Next port to read input from is inputA
Called postfire()
Called prefire()
Called fire()
Checking for deadlock:
Read input token from inputA with value 8.0
There are 2 Blocked actors, 0 Stopped actors, and 4 active threads.
Waiting for actors to stop.
-- Thread wrapup() called.
Sent output token with value 7.5
Called wrapup()
Next port to read input from is inputB
Thread .top.Ramp is exiting.
Called postfire()
Checking for deadlock:
There are 1 Blocked actors, 0 Stopped actors, and 3 active threads.
Waiting for actors to stop.
-- Thread stopped.
Called prefire()
Called fire()
Past the end of training data. Read and discard all inputs.
Called prefire()
Called fire()
Read input token from inputB with value 9.0
Sent output token with value 8.0
Checking for deadlock:
Next port to read input from is inputA
Called postfire()
Called prefire()
Called fire()
There are 0 Blocked actors, 0 Stopped actors, and 3 active threads.
Waiting for actors to stop.
Called postfire()
Called prefire()
Called fire()
Checking for deadlock:
Called prefire()
Called fire()
There are 1 Blocked actors, 0 Stopped actors, and 3 active threads.
Past the end of training data. Read and discard all inputs.
Waiting for actors to stop.
Checking for deadlock:
There are 2 Blocked actors, 0 Stopped actors, and 3 active threads.
Waiting for actors to stop.
Read input token from inputA with value 9.0
Called prefire()
Called fire()
Past the end of training data. Read and discard all inputs.
Checking for deadlock:
There are 2 Blocked actors, 0 Stopped actors, and 3 active threads.
Waiting for actors to stop.
Sent output token with value 9.0
Next port to read input from is inputB
Called postfire()
Called prefire()
Called fire()
Checking for deadlock:
There are 1 Blocked actors, 0 Stopped actors, and 3 active threads.
Waiting for actors to stop.
Read input token from inputB with value 10.5
Called postfire()
Called prefire()
Called fire()
Checking for deadlock:
There are 2 Blocked actors, 0 Stopped actors, and 3 active threads.
Waiting for actors to stop.
Checking for deadlock:
There are 1 Blocked actors, 0 Stopped actors, and 3 active threads.
Waiting for actors to stop.
Sent output token with value 9.0
Called prefire()
Called fire()
Past the end of training data. Read and discard all inputs.
Checking for deadlock:
There are 2 Blocked actors, 0 Stopped actors, and 3 active threads.
Waiting for actors to stop.
Next port to read input from is inputA
Called postfire()
Called prefire()
Called fire()
Checking for deadlock:
There are 3 Blocked actors, 0 Stopped actors, and 3 active threads.
Actors have stopped.
Checking for deadlock:
There are 3 Blocked actors, 0 Stopped actors, and 3 active threads.
Deadlock detected.
Resolving Deadlock
Checking for deadlock:
There are 3 Blocked actors, 0 Stopped actors, and 3 active threads.
Artificial Deadlock - increasing queue capacity.
increasing the capacity of receiver ptolemy.actor.TypedIOPort {.top.OrderedMerge.inputB} to 2
Director: Called postfire().
Called postfire().
_stopRequested = false
_stopFireRequested = false
Returning from postfire(): true
-- Thread wrapup() called.
Called fire().
Checking for deadlock:
Called wrapup()
There are 2 Blocked actors, 0 Stopped actors, and 3 active threads.
Waiting for actors to stop.
Thread .top.Ramp2 is exiting.
-- Thread stopped.
Checking for deadlock:
There are 2 Blocked actors, 0 Stopped actors, and 2 active threads.
Actors have stopped.
Checking for deadlock:
There are 2 Blocked actors, 0 Stopped actors, and 2 active threads.
Deadlock detected.
Resolving Deadlock
Checking for deadlock:
There are 2 Blocked actors, 0 Stopped actors, and 2 active threads.
Deadlock detected: no processes blocked on write, but some are blocked on read.
Called postfire().
_stopRequested = false
_stopFireRequested = false
Returning from postfire(): false
Finished deactivating branches.
Called wrapup().
-- Thread wrapup() called.
Called wrapup()
Thread .top.Test is exiting.
-- Thread stopped.
-- Blocked Receiver call threw TerminateProcessException.
-- Thread wrapup() called.
Called wrapup()
Thread .top.OrderedMerge is exiting.
-- Thread stopped.
-- Blocked Receiver call threw TerminateProcessException.
48 ms. Memory: 120832K Free: 62777K (52%)
/home/travis/build/icyphy/ptII/ptolemy/actor/lib/test/Publisher.tcl
27 ms. Memory: 120832K Free: 105139K (87%)
21 ms. Memory: 120832K Free: 100017K (83%)
7 ms. Memory: 120832K Free: 96435K (80%)
5 ms. Memory: 120832K Free: 95411K (79%)
3 ms. Memory: 120832K Free: 94387K (78%)
12 ms. Memory: 120832K Free: 93843K (78%)
2 ms. Memory: 120832K Free: 92835K (77%)
4 ms. Memory: 120832K Free: 91811K (76%)
16 ms. Memory: 120832K Free: 81585K (68%)
4 ms. Memory: 120832K Free: 78003K (65%)
2 ms. Memory: 120832K Free: 76979K (64%)
4 ms. Memory: 120832K Free: 74931K (62%)
7 ms. Memory: 120832K Free: 67235K (56%)
6 ms. Memory: 145408K Free: 126431K (87%)
8 ms. Memory: 145408K Free: 115663K (80%)
/home/travis/build/icyphy/ptII/ptolemy/actor/lib/test/Pulse.tcl
2 ms. Memory: 145408K Free: 77775K (53%)
1 ms. Memory: 145408K Free: 77279K (53%)
1 ms. Memory: 145408K Free: 76765K (53%)
2 ms. Memory: 145408K Free: 76255K (52%)
1 ms. Memory: 145408K Free: 75741K (52%)
6 ms. Memory: 145408K Free: 74717K (51%)
3 ms. Memory: 145408K Free: 73687K (51%)
17 ms. Memory: 145408K Free: 128446K (88%)
3 ms. Memory: 145408K Free: 127942K (88%)
/home/travis/build/icyphy/ptII/ptolemy/actor/lib/test/Ramp.tcl
3 ms. Memory: 145408K Free: 125894K (87%)
2 ms. Memory: 145408K Free: 125366K (86%)
2 ms. Memory: 145408K Free: 124356K (86%)
2 ms. Memory: 145408K Free: 123846K (85%)
5 ms. Memory: 145408K Free: 122822K (84%)
8 ms. Memory: 145408K Free: 121798K (84%)
8 ms. Memory: 145408K Free: 120774K (83%)
5 actors
13000 microseconds per iteration to create
5 ms. Memory: 145408K Free: 118212K (81%)
2 ms. Memory: 145408K Free: 117702K (81%)
9 ms. Memory: 145408K Free: 117188K (81%)
3 ms. Memory: 145408K Free: 116678K (80%)
50 actors
50000 microseconds per iteration to create
50 ms. Memory: 145408K Free: 100790K (69%)
13 ms. Memory: 145408K Free: 99780K (69%)
9 ms. Memory: 145408K Free: 98756K (68%)
12 ms. Memory: 145408K Free: 97732K (67%)
500 actors
1633000 microseconds per iteration to create
232 ms. Memory: 145408K Free: 58922K (41%)
62 ms. Memory: 175104K Free: 148987K (85%)
37 ms. Memory: 175104K Free: 143881K (82%)
36 ms. Memory: 175104K Free: 138761K (79%)
/home/travis/build/icyphy/ptII/ptolemy/actor/lib/test/RampContinuous.tcl
7 ms. Memory: 175104K Free: 137227K (78%)
/home/travis/build/icyphy/ptII/ptolemy/actor/lib/test/RecordAssembler.tcl
6 ms. Memory: 175104K Free: 135689K (77%)
3 ms. Memory: 175104K Free: 134651K (77%)
/home/travis/build/icyphy/ptII/ptolemy/actor/lib/test/RecordDisassembler.tcl
7 ms. Memory: 175104K Free: 132617K (76%)
2 ms. Memory: 175104K Free: 132107K (75%)
4 ms. Memory: 175104K Free: 130569K (75%)
/home/travis/build/icyphy/ptII/ptolemy/actor/lib/test/Scale.tcl
3 ms. Memory: 175104K Free: 129035K (74%)
2 ms. Memory: 175104K Free: 128491K (73%)
1 ms. Memory: 175104K Free: 127497K (73%)
3 ms. Memory: 175104K Free: 126459K (72%)
5 ms. Memory: 175104K Free: 125963K (72%)
/home/travis/build/icyphy/ptII/ptolemy/actor/lib/test/SequentialClock.tcl
preinitializing
resolving types
initializing
executing number 1
wrapping up
idle
4 ms. Memory: 175104K Free: 124395K (71%)
Completed execution with 5 iterations
preinitializing
resolving types
initializing
executing number 1
wrapping up
idle
2 ms. Memory: 175104K Free: 123915K (71%)
Completed execution with 5 iterations
preinitializing
resolving types
initializing
executing number 1
wrapping up
idle
1 ms. Memory: 175104K Free: 123387K (70%)
Completed execution with 5 iterations
/home/travis/build/icyphy/ptII/ptolemy/actor/lib/test/SetVariable.tcl
5 ms. Memory: 175104K Free: 121867K (70%)


==== $PTII/ptolemy/actor/lib/test/SetVariable.tcl: SetVariable-3.1 changeFailed
==== Contents of test case:

    #Uses 2.1 above
    jdkCaptureErr {
        # This test was failing if we ran Exit.tcl and then this test.
        # MessageHandler.error() now actually throws the Exception.
	catch {$setVariable changeFailed [java::null]  [java::new Exception {Test exception for SetVariable.changeFailed()}]} errMsg
    } results
    list [string range $results 0 89] "\n" $errMsg

==== Result was:
{java.lang.Exception: Test exception for SetVariable.changeFailed()
	at java.base/jdk.inter} {
} {java.lang.RuntimeException: java.lang.Exception: Test exception for SetVariable.changeFailed()}
---- Result should have been:
{Failed to set variable.
java.lang.Exception: Test exception for SetVariable.changeFailed()} {
} {java.lang.RuntimeException: java.lang.Exception: Test exception for SetVariable.changeFailed()}
---- SetVariable-3.1 FAILED
/home/travis/build/icyphy/ptII/ptolemy/actor/lib/test/Sinewave.tcl
/home/travis/build/icyphy/ptII/ptolemy/actor/lib/test/SubscriptionAggregator.tcl
10 ms. Memory: 175104K Free: 109579K (63%)
3 ms. Memory: 175104K Free: 109051K (62%)
1 ms. Memory: 175104K Free: 108555K (62%)
1 ms. Memory: 175104K Free: 108027K (62%)
2 ms. Memory: 175104K Free: 104459K (60%)
8 ms. Memory: 175104K Free: 102411K (58%)
...............................................................1051 ms. Memory: 292864K Free: 168947K (58%)
/home/travis/build/icyphy/ptII/ptolemy/actor/lib/test/Test.tcl
 The next command will produce a warning about training mode,
   which may be ignored.
4 ms. Memory: 292864K Free: 166908K (57%)
3 ms. Memory: 292864K Free: 165884K (57%)
2 ms. Memory: 292864K Free: 165374K (56%)
1 ms. Memory: 292864K Free: 164829K (56%)
1 ms. Memory: 292864K Free: 164350K (56%)
3 ms. Memory: 292864K Free: 162812K (56%)
3 ms. Memory: 292864K Free: 161773K (55%)
 The next command will produce a warning about training mode,
   which may be ignored.
4 ms. Memory: 292864K Free: 159230K (54%)
 The next command will produce a warning about training mode,
   which may be ignored.
2 ms. Memory: 292864K Free: 158206K (54%)
1 ms. Memory: 292864K Free: 157685K (54%)
1 ms. Memory: 292864K Free: 157182K (54%)
1 ms. Memory: 292864K Free: 156668K (53%)
13 ms. Memory: 292864K Free: 155644K (53%)
3 ms. Memory: 292864K Free: 151533K (52%)
/home/travis/build/icyphy/ptII/ptolemy/actor/lib/test/TestExceptionHandler.tcl
 The next command will produce a warning about training mode,
   which may be ignored.
3 ms. Memory: 292864K Free: 150509K (51%)
1 ms. Memory: 292864K Free: 150014K (51%)
1 ms. Memory: 292864K Free: 149485K (51%)
/home/travis/build/icyphy/ptII/ptolemy/actor/lib/test/UnionDisassembler.tcl
26 ms. Memory: 292864K Free: 142332K (49%)
/home/travis/build/icyphy/ptII/ptolemy/actor/lib/test/VariableClock.tcl
preinitializing
resolving types
initializing
executing number 1
wrapping up
idle
3 ms. Memory: 292864K Free: 140269K (48%)
Completed execution with 11 iterations
preinitializing
resolving types
initializing
executing number 1
wrapping up
idle
4 ms. Memory: 292864K Free: 138750K (47%)
Completed execution with 10 iterations
07/18/19 04:01:56
Failed: 1  Total Tests: 234  ((Passed: 233, Newly Passed: 0)  Known Failed: 0) /home/travis/build/icyphy/ptII/ptolemy/actor/lib/test
----------------- testing (KnownFailure) /home/travis/build/icyphy/ptII/ptolemy/actor/lib/test/auto/knownFailedTests/PublisherPortToplevelSubscriber.xml
0 ms. Memory: 292864K Free: 135164K (46%)
Known Failure: java.lang.reflect.InvocationTargetException
----------------- testing (KnownFailure) /home/travis/build/icyphy/ptII/ptolemy/actor/lib/test/auto/knownFailedTests/PublisherSubscriberPortToplevel.xml
0 ms. Memory: 292864K Free: 130558K (45%)
Known Failure: java.lang.reflect.InvocationTargetException
----------------- testing (KnownFailure) /home/travis/build/icyphy/ptII/ptolemy/actor/lib/test/auto/knownFailedTests/PublisherSubscriptionAggregatorPort.xml
1 ms. Memory: 292864K Free: 125948K (43%)
Known Failure: java.lang.reflect.InvocationTargetException
----------------- testing (KnownFailure) /home/travis/build/icyphy/ptII/ptolemy/actor/lib/test/auto/knownFailedTests/sizedarray3.xml
3 ms. Memory: 292864K Free: 121852K (42%)
Known Failure: java.lang.reflect.InvocationTargetException
No auto/linux-amd64/*.xml tests in /home/travis/build/icyphy/ptII/ptolemy/actor/lib/test
AutoTests.java: About to close Vertx.
AutoTests.java: Vertx closed.

===========================================================================================
----------------- testing Thu Jul 18 16:01:56 UTC 2019 /home/travis/build/icyphy/ptII/ptolemy/actor/lib/test/auto/AbsoluteValue.xml
----------------- Instantiating /home/travis/build/icyphy/ptII/ptolemy/actor/lib/test/auto/AbsoluteValue.xml
17 ms. Memory: 292864K Free: 243918K (83%)
----------------- Invoking toplevel() on ptolemy.moml.MoMLSimpleApplication@1ad5ac04
----------------- Done invoking toplevel() on ptolemy.moml.MoMLSimpleApplication@1ad5ac04
reloadAllAccessors: .AbsoluteValue

===========================================================================================
----------------- testing Thu Jul 18 16:01:56 UTC 2019 /home/travis/build/icyphy/ptII/ptolemy/actor/lib/test/auto/AbsoluteValue2.xml
----------------- Instantiating /home/travis/build/icyphy/ptII/ptolemy/actor/lib/test/auto/AbsoluteValue2.xml
5 ms. Memory: 292864K Free: 236750K (81%)
----------------- Invoking toplevel() on ptolemy.moml.MoMLSimpleApplication@7384871c
----------------- Done invoking toplevel() on ptolemy.moml.MoMLSimpleApplication@7384871c
reloadAllAccessors: .AbsoluteValue2

===========================================================================================
----------------- testing Thu Jul 18 16:01:57 UTC 2019 /home/travis/build/icyphy/ptII/ptolemy/actor/lib/test/auto/Accumulator.xml
----------------- Instantiating /home/travis/build/icyphy/ptII/ptolemy/actor/lib/test/auto/Accumulator.xml
5 ms. Memory: 292864K Free: 230096K (79%)
----------------- Invoking toplevel() on ptolemy.moml.MoMLSimpleApplication@5bd95ad0
----------------- Done invoking toplevel() on ptolemy.moml.MoMLSimpleApplication@5bd95ad0
reloadAllAccessors: .Accumulator

===========================================================================================
----------------- testing Thu Jul 18 16:01:57 UTC 2019 /home/travis/build/icyphy/ptII/ptolemy/actor/lib/test/auto/Accumulator2.xml
----------------- Instantiating /home/travis/build/icyphy/ptII/ptolemy/actor/lib/test/auto/Accumulator2.xml
5 ms. Memory: 292864K Free: 224976K (77%)
----------------- Invoking toplevel() on ptolemy.moml.MoMLSimpleApplication@42d60f4e
----------------- Done invoking toplevel() on ptolemy.moml.MoMLSimpleApplication@42d60f4e
reloadAllAccessors: .Accumulator2

===========================================================================================
----------------- testing Thu Jul 18 16:01:57 UTC 2019 /home/travis/build/icyphy/ptII/ptolemy/actor/lib/test/auto/Accumulator3.xml
----------------- Instantiating /home/travis/build/icyphy/ptII/ptolemy/actor/lib/test/auto/Accumulator3.xml
7 ms. Memory: 292864K Free: 220366K (75%)
----------------- Invoking toplevel() on ptolemy.moml.MoMLSimpleApplication@635f3eda
----------------- Done invoking toplevel() on ptolemy.moml.MoMLSimpleApplication@635f3eda
reloadAllAccessors: .Accumulator3

===========================================================================================
----------------- testing Thu Jul 18 16:01:57 UTC 2019 /home/travis/build/icyphy/ptII/ptolemy/actor/lib/test/auto/ArrayAppend.xml
----------------- Instantiating /home/travis/build/icyphy/ptII/ptolemy/actor/lib/test/auto/ArrayAppend.xml
5 ms. Memory: 292864K Free: 214207K (73%)
----------------- Invoking toplevel() on ptolemy.moml.MoMLSimpleApplication@49f67235
----------------- Done invoking toplevel() on ptolemy.moml.MoMLSimpleApplication@49f67235
reloadAllAccessors: .ArrayAppend

===========================================================================================
----------------- testing Thu Jul 18 16:01:57 UTC 2019 /home/travis/build/icyphy/ptII/ptolemy/actor/lib/test/auto/ArrayAppend2.xml
----------------- Instantiating /home/travis/build/icyphy/ptII/ptolemy/actor/lib/test/auto/ArrayAppend2.xml
411 ms. Memory: 292864K Free: 131278K (45%)
----------------- Invoking toplevel() on ptolemy.moml.MoMLSimpleApplication@1b14f989
----------------- Done invoking toplevel() on ptolemy.moml.MoMLSimpleApplication@1b14f989
reloadAllAccessors: .ArrayAppend2

===========================================================================================
----------------- testing Thu Jul 18 16:01:57 UTC 2019 /home/travis/build/icyphy/ptII/ptolemy/actor/lib/test/auto/ArrayAppend3.xml
----------------- Instantiating /home/travis/build/icyphy/ptII/ptolemy/actor/lib/test/auto/ArrayAppend3.xml
3 ms. Memory: 292864K Free: 126158K (43%)
----------------- Invoking toplevel() on ptolemy.moml.MoMLSimpleApplication@6dd6e37c
----------------- Done invoking toplevel() on ptolemy.moml.MoMLSimpleApplication@6dd6e37c
reloadAllAccessors: .ArrayAppend3

===========================================================================================
----------------- testing Thu Jul 18 16:01:57 UTC 2019 /home/travis/build/icyphy/ptII/ptolemy/actor/lib/test/auto/ArrayAppend4.xml
----------------- Instantiating /home/travis/build/icyphy/ptII/ptolemy/actor/lib/test/auto/ArrayAppend4.xml
2 ms. Memory: 292864K Free: 121038K (41%)
----------------- Invoking toplevel() on ptolemy.moml.MoMLSimpleApplication@1e185deb
----------------- Done invoking toplevel() on ptolemy.moml.MoMLSimpleApplication@1e185deb
reloadAllAccessors: .ArrayAppend4

===========================================================================================
----------------- testing Thu Jul 18 16:01:57 UTC 2019 /home/travis/build/icyphy/ptII/ptolemy/actor/lib/test/auto/ArrayAppend5.xml
----------------- Instantiating /home/travis/build/icyphy/ptII/ptolemy/actor/lib/test/auto/ArrayAppend5.xml
6 ms. Memory: 292864K Free: 115408K (39%)
----------------- Invoking toplevel() on ptolemy.moml.MoMLSimpleApplication@16294282
----------------- Done invoking toplevel() on ptolemy.moml.MoMLSimpleApplication@16294282
reloadAllAccessors: .ArrayAppend5

===========================================================================================
----------------- testing Thu Jul 18 16:01:57 UTC 2019 /home/travis/build/icyphy/ptII/ptolemy/actor/lib/test/auto/ArrayAppend6.xml
----------------- Instantiating /home/travis/build/icyphy/ptII/ptolemy/actor/lib/test/auto/ArrayAppend6.xml
3 ms. Memory: 292864K Free: 110288K (38%)
----------------- Invoking toplevel() on ptolemy.moml.MoMLSimpleApplication@4f34c7ad
----------------- Done invoking toplevel() on ptolemy.moml.MoMLSimpleApplication@4f34c7ad
reloadAllAccessors: .ArrayAppend6

===========================================================================================
----------------- testing Thu Jul 18 16:01:57 UTC 2019 /home/travis/build/icyphy/ptII/ptolemy/actor/lib/test/auto/ArrayAppendPerformanceTest.xml
----------------- Instantiating /home/travis/build/icyphy/ptII/ptolemy/actor/lib/test/auto/ArrayAppendPerformanceTest.xml
30 ms. Memory: 292864K Free: 99024K (34%)
----------------- Invoking toplevel() on ptolemy.moml.MoMLSimpleApplication@2f37134b
----------------- Done invoking toplevel() on ptolemy.moml.MoMLSimpleApplication@2f37134b
reloadAllAccessors: .ArrayAppendPerformanceTest

===========================================================================================
----------------- testing Thu Jul 18 16:01:57 UTC 2019 /home/travis/build/icyphy/ptII/ptolemy/actor/lib/test/auto/ArrayAppendWithEmptyInput.xml
----------------- Instantiating /home/travis/build/icyphy/ptII/ptolemy/actor/lib/test/auto/ArrayAppendWithEmptyInput.xml
8 ms. Memory: 292864K Free: 91342K (31%)
----------------- Invoking toplevel() on ptolemy.moml.MoMLSimpleApplication@89ab72
----------------- Done invoking toplevel() on ptolemy.moml.MoMLSimpleApplication@89ab72
reloadAllAccessors: .ArrayAppendWithEmptyInput

===========================================================================================
----------------- testing Thu Jul 18 16:01:57 UTC 2019 /home/travis/build/icyphy/ptII/ptolemy/actor/lib/test/auto/ArrayAverage.xml
----------------- Instantiating /home/travis/build/icyphy/ptII/ptolemy/actor/lib/test/auto/ArrayAverage.xml
5 ms. Memory: 292864K Free: 239102K (82%)
----------------- Invoking toplevel() on ptolemy.moml.MoMLSimpleApplication@4bcd24ae
----------------- Done invoking toplevel() on ptolemy.moml.MoMLSimpleApplication@4bcd24ae
reloadAllAccessors: .ArrayAverage

===========================================================================================
----------------- testing Thu Jul 18 16:01:57 UTC 2019 /home/travis/build/icyphy/ptII/ptolemy/actor/lib/test/auto/ArrayContains.xml
----------------- Instantiating /home/travis/build/icyphy/ptII/ptolemy/actor/lib/test/auto/ArrayContains.xml
11 ms. Memory: 292864K Free: 232958K (80%)
----------------- Invoking toplevel() on ptolemy.moml.MoMLSimpleApplication@77f92420
----------------- Done invoking toplevel() on ptolemy.moml.MoMLSimpleApplication@77f92420
reloadAllAccessors: .ArrayContains

===========================================================================================
----------------- testing Thu Jul 18 16:01:58 UTC 2019 /home/travis/build/icyphy/ptII/ptolemy/actor/lib/test/auto/ArrayElement.xml
----------------- Instantiating /home/travis/build/icyphy/ptII/ptolemy/actor/lib/test/auto/ArrayElement.xml
5 ms. Memory: 292864K Free: 227328K (78%)
----------------- Invoking toplevel() on ptolemy.moml.MoMLSimpleApplication@7915b1f2
----------------- Done invoking toplevel() on ptolemy.moml.MoMLSimpleApplication@7915b1f2
reloadAllAccessors: .ArrayElement

===========================================================================================
----------------- testing Thu Jul 18 16:01:58 UTC 2019 /home/travis/build/icyphy/ptII/ptolemy/actor/lib/test/auto/ArrayElementAsMatrix.xml
----------------- Instantiating /home/travis/build/icyphy/ptII/ptolemy/actor/lib/test/auto/ArrayElementAsMatrix.xml
25 ms. Memory: 292864K Free: 217088K (74%)
----------------- Invoking toplevel() on ptolemy.moml.MoMLSimpleApplication@469cd11e
----------------- Done invoking toplevel() on ptolemy.moml.MoMLSimpleApplication@469cd11e
reloadAllAccessors: .ArrayElementAsMatrix

===========================================================================================
----------------- testing Thu Jul 18 16:01:58 UTC 2019 /home/travis/build/icyphy/ptII/ptolemy/actor/lib/test/auto/ArrayElementI.xml
----------------- Instantiating /home/travis/build/icyphy/ptII/ptolemy/actor/lib/test/auto/ArrayElementI.xml
3 ms. Memory: 292864K Free: 211968K (72%)
----------------- Invoking toplevel() on ptolemy.moml.MoMLSimpleApplication@3132c076
----------------- Done invoking toplevel() on ptolemy.moml.MoMLSimpleApplication@3132c076
reloadAllAccessors: .ArrayElementI

===========================================================================================
----------------- testing Thu Jul 18 16:01:58 UTC 2019 /home/travis/build/icyphy/ptII/ptolemy/actor/lib/test/auto/ArrayExtract.xml
----------------- Instantiating /home/travis/build/icyphy/ptII/ptolemy/actor/lib/test/auto/ArrayExtract.xml
7 ms. Memory: 292864K Free: 203262K (69%)
----------------- Invoking toplevel() on ptolemy.moml.MoMLSimpleApplication@869b555
----------------- Done invoking toplevel() on ptolemy.moml.MoMLSimpleApplication@869b555
reloadAllAccessors: .ArrayExtract

===========================================================================================
----------------- testing Thu Jul 18 16:01:58 UTC 2019 /home/travis/build/icyphy/ptII/ptolemy/actor/lib/test/auto/ArrayExtract2.xml
----------------- Instantiating /home/travis/build/icyphy/ptII/ptolemy/actor/lib/test/auto/ArrayExtract2.xml
3 ms. Memory: 292864K Free: 198111K (68%)
----------------- Invoking toplevel() on ptolemy.moml.MoMLSimpleApplication@44120d89
----------------- Done invoking toplevel() on ptolemy.moml.MoMLSimpleApplication@44120d89
reloadAllAccessors: .ArrayExtract2

===========================================================================================
----------------- testing Thu Jul 18 16:01:58 UTC 2019 /home/travis/build/icyphy/ptII/ptolemy/actor/lib/test/auto/ArrayLength.xml
----------------- Instantiating /home/travis/build/icyphy/ptII/ptolemy/actor/lib/test/auto/ArrayLength.xml
4 ms. Memory: 292864K Free: 193536K (66%)
----------------- Invoking toplevel() on ptolemy.moml.MoMLSimpleApplication@19d9eaf9
----------------- Done invoking toplevel() on ptolemy.moml.MoMLSimpleApplication@19d9eaf9
reloadAllAccessors: .ArrayLength

===========================================================================================
----------------- testing Thu Jul 18 16:01:58 UTC 2019 /home/travis/build/icyphy/ptII/ptolemy/actor/lib/test/auto/ArrayLevelCrossing.xml
----------------- Instantiating /home/travis/build/icyphy/ptII/ptolemy/actor/lib/test/auto/ArrayLevelCrossing.xml
4 ms. Memory: 292864K Free: 185854K (63%)
----------------- Invoking toplevel() on ptolemy.moml.MoMLSimpleApplication@2e26b18f
----------------- Done invoking toplevel() on ptolemy.moml.MoMLSimpleApplication@2e26b18f
reloadAllAccessors: .ArrayLevelCrossing

===========================================================================================
----------------- testing Thu Jul 18 16:01:58 UTC 2019 /home/travis/build/icyphy/ptII/ptolemy/actor/lib/test/auto/ArrayLevelCrossing2.xml
----------------- Instantiating /home/travis/build/icyphy/ptII/ptolemy/actor/lib/test/auto/ArrayLevelCrossing2.xml
3 ms. Memory: 292864K Free: 178176K (61%)
----------------- Invoking toplevel() on ptolemy.moml.MoMLSimpleApplication@5bd67457
----------------- Done invoking toplevel() on ptolemy.moml.MoMLSimpleApplication@5bd67457
reloadAllAccessors: .ArrayLevelCrossing2

===========================================================================================
----------------- testing Thu Jul 18 16:01:58 UTC 2019 /home/travis/build/icyphy/ptII/ptolemy/actor/lib/test/auto/ArrayPeakSearch.xml
----------------- Instantiating /home/travis/build/icyphy/ptII/ptolemy/actor/lib/test/auto/ArrayPeakSearch.xml
9 ms. Memory: 292864K Free: 169470K (58%)
----------------- Invoking toplevel() on ptolemy.moml.MoMLSimpleApplication@23937d28
----------------- Done invoking toplevel() on ptolemy.moml.MoMLSimpleApplication@23937d28
reloadAllAccessors: .ArrayPeakSearch

===========================================================================================
----------------- testing Thu Jul 18 16:01:58 UTC 2019 /home/travis/build/icyphy/ptII/ptolemy/actor/lib/test/auto/ArrayPeakSearch2.xml
----------------- Instantiating /home/travis/build/icyphy/ptII/ptolemy/actor/lib/test/auto/ArrayPeakSearch2.xml
8 ms. Memory: 292864K Free: 158720K (54%)
----------------- Invoking toplevel() on ptolemy.moml.MoMLSimpleApplication@570877a9
----------------- Done invoking toplevel() on ptolemy.moml.MoMLSimpleApplication@570877a9
reloadAllAccessors: .ArrayPeakSearch2

===========================================================================================
----------------- testing Thu Jul 18 16:01:58 UTC 2019 /home/travis/build/icyphy/ptII/ptolemy/actor/lib/test/auto/ArrayPeakSearch3.xml
----------------- Instantiating /home/travis/build/icyphy/ptII/ptolemy/actor/lib/test/auto/ArrayPeakSearch3.xml
6 ms. Memory: 292864K Free: 150014K (51%)
----------------- Invoking toplevel() on ptolemy.moml.MoMLSimpleApplication@6e1791b1
----------------- Done invoking toplevel() on ptolemy.moml.MoMLSimpleApplication@6e1791b1
reloadAllAccessors: .ArrayPeakSearch3

===========================================================================================
----------------- testing Thu Jul 18 16:01:58 UTC 2019 /home/travis/build/icyphy/ptII/ptolemy/actor/lib/test/auto/ArrayRemoveElement.xml
----------------- Instantiating /home/travis/build/icyphy/ptII/ptolemy/actor/lib/test/auto/ArrayRemoveElement.xml
3 ms. Memory: 292864K Free: 141822K (48%)
----------------- Invoking toplevel() on ptolemy.moml.MoMLSimpleApplication@383c7bdc
----------------- Done invoking toplevel() on ptolemy.moml.MoMLSimpleApplication@383c7bdc
reloadAllAccessors: .ArrayRemoveElement

===========================================================================================
----------------- testing Thu Jul 18 16:01:58 UTC 2019 /home/travis/build/icyphy/ptII/ptolemy/actor/lib/test/auto/ArraySort.xml
----------------- Instantiating /home/travis/build/icyphy/ptII/ptolemy/actor/lib/test/auto/ArraySort.xml
7 ms. Memory: 292864K Free: 133120K (45%)
----------------- Invoking toplevel() on ptolemy.moml.MoMLSimpleApplication@116b371b
----------------- Done invoking toplevel() on ptolemy.moml.MoMLSimpleApplication@116b371b
reloadAllAccessors: .ArraySort

===========================================================================================
----------------- testing Thu Jul 18 16:01:58 UTC 2019 /home/travis/build/icyphy/ptII/ptolemy/actor/lib/test/auto/ArraySum.xml
----------------- Instantiating /home/travis/build/icyphy/ptII/ptolemy/actor/lib/test/auto/ArraySum.xml
5 ms. Memory: 292864K Free: 127486K (44%)
----------------- Invoking toplevel() on ptolemy.moml.MoMLSimpleApplication@38ca756c
----------------- Done invoking toplevel() on ptolemy.moml.MoMLSimpleApplication@38ca756c
reloadAllAccessors: .ArraySum

===========================================================================================
----------------- testing Thu Jul 18 16:01:58 UTC 2019 /home/travis/build/icyphy/ptII/ptolemy/actor/lib/test/auto/ArrayToElements.xml
----------------- Instantiating /home/travis/build/icyphy/ptII/ptolemy/actor/lib/test/auto/ArrayToElements.xml
6 ms. Memory: 292864K Free: 122366K (42%)
----------------- Invoking toplevel() on ptolemy.moml.MoMLSimpleApplication@436e67af
----------------- Done invoking toplevel() on ptolemy.moml.MoMLSimpleApplication@436e67af
reloadAllAccessors: .ArrayToElements

===========================================================================================
----------------- testing Thu Jul 18 16:01:58 UTC 2019 /home/travis/build/icyphy/ptII/ptolemy/actor/lib/test/auto/ArrayToMatrix.xml
----------------- Instantiating /home/travis/build/icyphy/ptII/ptolemy/actor/lib/test/auto/ArrayToMatrix.xml
19 ms. Memory: 292864K Free: 108544K (37%)
----------------- Invoking toplevel() on ptolemy.moml.MoMLSimpleApplication@56265eba
----------------- Done invoking toplevel() on ptolemy.moml.MoMLSimpleApplication@56265eba
reloadAllAccessors: .ArrayToMatrix

===========================================================================================
----------------- testing Thu Jul 18 16:01:58 UTC 2019 /home/travis/build/icyphy/ptII/ptolemy/actor/lib/test/auto/ArrayUpdate1.xml
----------------- Instantiating /home/travis/build/icyphy/ptII/ptolemy/actor/lib/test/auto/ArrayUpdate1.xml
5 ms. Memory: 292864K Free: 103424K (35%)
----------------- Invoking toplevel() on ptolemy.moml.MoMLSimpleApplication@367fdd23
----------------- Done invoking toplevel() on ptolemy.moml.MoMLSimpleApplication@367fdd23
reloadAllAccessors: .ArrayUpdate1

===========================================================================================
----------------- testing Thu Jul 18 16:01:58 UTC 2019 /home/travis/build/icyphy/ptII/ptolemy/actor/lib/test/auto/ArrayUpdate2.xml
----------------- Instantiating /home/travis/build/icyphy/ptII/ptolemy/actor/lib/test/auto/ArrayUpdate2.xml
8 ms. Memory: 292864K Free: 97775K (33%)
----------------- Invoking toplevel() on ptolemy.moml.MoMLSimpleApplication@7520c048
----------------- Done invoking toplevel() on ptolemy.moml.MoMLSimpleApplication@7520c048
reloadAllAccessors: .ArrayUpdate2

===========================================================================================
----------------- testing Thu Jul 18 16:01:58 UTC 2019 /home/travis/build/icyphy/ptII/ptolemy/actor/lib/test/auto/ArrayUpdate3.xml
----------------- Instantiating /home/travis/build/icyphy/ptII/ptolemy/actor/lib/test/auto/ArrayUpdate3.xml
4 ms. Memory: 292864K Free: 92160K (31%)
----------------- Invoking toplevel() on ptolemy.moml.MoMLSimpleApplication@2014fc87
----------------- Done invoking toplevel() on ptolemy.moml.MoMLSimpleApplication@2014fc87
reloadAllAccessors: .ArrayUpdate3

===========================================================================================
----------------- testing Thu Jul 18 16:01:58 UTC 2019 /home/travis/build/icyphy/ptII/ptolemy/actor/lib/test/auto/Assert1.xml
----------------- Instantiating /home/travis/build/icyphy/ptII/ptolemy/actor/lib/test/auto/Assert1.xml
6 ms. Memory: 292864K Free: 88064K (30%)
----------------- Invoking toplevel() on ptolemy.moml.MoMLSimpleApplication@7dd6b669
----------------- Done invoking toplevel() on ptolemy.moml.MoMLSimpleApplication@7dd6b669
reloadAllAccessors: .Assert1

===========================================================================================
----------------- testing Thu Jul 18 16:01:58 UTC 2019 /home/travis/build/icyphy/ptII/ptolemy/actor/lib/test/auto/Assert2.xml
----------------- Instantiating /home/travis/build/icyphy/ptII/ptolemy/actor/lib/test/auto/Assert2.xml
2 ms. Memory: 292864K Free: 82430K (28%)
----------------- Invoking toplevel() on ptolemy.moml.MoMLSimpleApplication@1489b775
----------------- Done invoking toplevel() on ptolemy.moml.MoMLSimpleApplication@1489b775
reloadAllAccessors: .Assert2

===========================================================================================
----------------- testing Thu Jul 18 16:01:58 UTC 2019 /home/travis/build/icyphy/ptII/ptolemy/actor/lib/test/auto/BooleanMultiplexor.xml
----------------- Instantiating /home/travis/build/icyphy/ptII/ptolemy/actor/lib/test/auto/BooleanMultiplexor.xml
2 ms. Memory: 292864K Free: 77279K (26%)
----------------- Invoking toplevel() on ptolemy.moml.MoMLSimpleApplication@1c502dd6
----------------- Done invoking toplevel() on ptolemy.moml.MoMLSimpleApplication@1c502dd6
reloadAllAccessors: .BooleanMultiplexor

===========================================================================================
----------------- testing Thu Jul 18 16:01:58 UTC 2019 /home/travis/build/icyphy/ptII/ptolemy/actor/lib/test/auto/BooleanMultiplexor2.xml
----------------- Instantiating /home/travis/build/icyphy/ptII/ptolemy/actor/lib/test/auto/BooleanMultiplexor2.xml
20 ms. Memory: 547840K Free: 499864K (91%)
----------------- Invoking toplevel() on ptolemy.moml.MoMLSimpleApplication@39246319
----------------- Done invoking toplevel() on ptolemy.moml.MoMLSimpleApplication@39246319
reloadAllAccessors: .BooleanMultiplexor2

===========================================================================================
----------------- testing Thu Jul 18 16:01:58 UTC 2019 /home/travis/build/icyphy/ptII/ptolemy/actor/lib/test/auto/BooleanMultiplexor3.xml
----------------- Instantiating /home/travis/build/icyphy/ptII/ptolemy/actor/lib/test/auto/BooleanMultiplexor3.xml
4 ms. Memory: 547840K Free: 495256K (90%)
----------------- Invoking toplevel() on ptolemy.moml.MoMLSimpleApplication@7865d845
----------------- Done invoking toplevel() on ptolemy.moml.MoMLSimpleApplication@7865d845
reloadAllAccessors: .BooleanMultiplexor3

===========================================================================================
----------------- testing Thu Jul 18 16:01:58 UTC 2019 /home/travis/build/icyphy/ptII/ptolemy/actor/lib/test/auto/BooleanSelect.xml
----------------- Instantiating /home/travis/build/icyphy/ptII/ptolemy/actor/lib/test/auto/BooleanSelect.xml
12 ms. Memory: 547840K Free: 489626K (89%)
----------------- Invoking toplevel() on ptolemy.moml.MoMLSimpleApplication@127af57c
----------------- Done invoking toplevel() on ptolemy.moml.MoMLSimpleApplication@127af57c
reloadAllAccessors: .BooleanSelect

===========================================================================================
----------------- testing Thu Jul 18 16:01:58 UTC 2019 /home/travis/build/icyphy/ptII/ptolemy/actor/lib/test/auto/BooleanSelect2.xml
----------------- Instantiating /home/travis/build/icyphy/ptII/ptolemy/actor/lib/test/auto/BooleanSelect2.xml
5 ms. Memory: 547840K Free: 485016K (89%)
----------------- Invoking toplevel() on ptolemy.moml.MoMLSimpleApplication@43f7624b
----------------- Done invoking toplevel() on ptolemy.moml.MoMLSimpleApplication@43f7624b
reloadAllAccessors: .BooleanSelect2

===========================================================================================
----------------- testing Thu Jul 18 16:01:58 UTC 2019 /home/travis/build/icyphy/ptII/ptolemy/actor/lib/test/auto/BooleanSwitch.xml
----------------- Instantiating /home/travis/build/icyphy/ptII/ptolemy/actor/lib/test/auto/BooleanSwitch.xml
15 ms. Memory: 547840K Free: 478872K (87%)
----------------- Invoking toplevel() on ptolemy.moml.MoMLSimpleApplication@47eacb34
----------------- Done invoking toplevel() on ptolemy.moml.MoMLSimpleApplication@47eacb34
reloadAllAccessors: .BooleanSwitch

===========================================================================================
----------------- testing Thu Jul 18 16:01:59 UTC 2019 /home/travis/build/icyphy/ptII/ptolemy/actor/lib/test/auto/BooleanSwitch2.xml
----------------- Instantiating /home/travis/build/icyphy/ptII/ptolemy/actor/lib/test/auto/BooleanSwitch2.xml
3 ms. Memory: 547840K Free: 474266K (87%)
----------------- Invoking toplevel() on ptolemy.moml.MoMLSimpleApplication@41414197
----------------- Done invoking toplevel() on ptolemy.moml.MoMLSimpleApplication@41414197
reloadAllAccessors: .BooleanSwitch2

===========================================================================================
----------------- testing Thu Jul 18 16:01:59 UTC 2019 /home/travis/build/icyphy/ptII/ptolemy/actor/lib/test/auto/BooleanSwitchCloningBugWithClassRelationGroup.xml
----------------- Instantiating /home/travis/build/icyphy/ptII/ptolemy/actor/lib/test/auto/BooleanSwitchCloningBugWithClassRelationGroup.xml
4 ms. Memory: 547840K Free: 467608K (85%)
----------------- Invoking toplevel() on ptolemy.moml.MoMLSimpleApplication@7bd122a0
----------------- Done invoking toplevel() on ptolemy.moml.MoMLSimpleApplication@7bd122a0
reloadAllAccessors: .BooleanSwitchCloningBugWithClassRelationGroup

===========================================================================================
----------------- testing Thu Jul 18 16:01:59 UTC 2019 /home/travis/build/icyphy/ptII/ptolemy/actor/lib/test/auto/BusActors.xml
----------------- Instantiating /home/travis/build/icyphy/ptII/ptolemy/actor/lib/test/auto/BusActors.xml
5 ms. Memory: 547840K Free: 459930K (84%)
----------------- Invoking toplevel() on ptolemy.moml.MoMLSimpleApplication@a8f2dfe
----------------- Done invoking toplevel() on ptolemy.moml.MoMLSimpleApplication@a8f2dfe
reloadAllAccessors: .BusActors

===========================================================================================
----------------- testing Thu Jul 18 16:01:59 UTC 2019 /home/travis/build/icyphy/ptII/ptolemy/actor/lib/test/auto/ClassWrapper.xml
----------------- Instantiating /home/travis/build/icyphy/ptII/ptolemy/actor/lib/test/auto/ClassWrapper.xml
5 ms. Memory: 547840K Free: 455320K (83%)
----------------- Invoking toplevel() on ptolemy.moml.MoMLSimpleApplication@7a0ba006
----------------- Done invoking toplevel() on ptolemy.moml.MoMLSimpleApplication@7a0ba006
reloadAllAccessors: .ClassWrapper

===========================================================================================
----------------- testing Thu Jul 18 16:01:59 UTC 2019 /home/travis/build/icyphy/ptII/ptolemy/actor/lib/test/auto/Clock.xml
----------------- Instantiating /home/travis/build/icyphy/ptII/ptolemy/actor/lib/test/auto/Clock.xml
2 ms. Memory: 547840K Free: 451738K (82%)
----------------- Invoking toplevel() on ptolemy.moml.MoMLSimpleApplication@7eb0add4
----------------- Done invoking toplevel() on ptolemy.moml.MoMLSimpleApplication@7eb0add4
reloadAllAccessors: .Clock

===========================================================================================
----------------- testing Thu Jul 18 16:01:59 UTC 2019 /home/travis/build/icyphy/ptII/ptolemy/actor/lib/test/auto/Clock10.xml
----------------- Instantiating /home/travis/build/icyphy/ptII/ptolemy/actor/lib/test/auto/Clock10.xml
4 ms. Memory: 547840K Free: 445594K (81%)
----------------- Invoking toplevel() on ptolemy.moml.MoMLSimpleApplication@25e9815
----------------- Done invoking toplevel() on ptolemy.moml.MoMLSimpleApplication@25e9815
reloadAllAccessors: .Clock10

===========================================================================================
----------------- testing Thu Jul 18 16:01:59 UTC 2019 /home/travis/build/icyphy/ptII/ptolemy/actor/lib/test/auto/Clock11.xml
----------------- Instantiating /home/travis/build/icyphy/ptII/ptolemy/actor/lib/test/auto/Clock11.xml
9 ms. Memory: 547840K Free: 439960K (80%)
----------------- Invoking toplevel() on ptolemy.moml.MoMLSimpleApplication@206d4d3f
----------------- Done invoking toplevel() on ptolemy.moml.MoMLSimpleApplication@206d4d3f
reloadAllAccessors: .Clock11

===========================================================================================
----------------- testing Thu Jul 18 16:01:59 UTC 2019 /home/travis/build/icyphy/ptII/ptolemy/actor/lib/test/auto/Clock12.xml
----------------- Instantiating /home/travis/build/icyphy/ptII/ptolemy/actor/lib/test/auto/Clock12.xml
6 ms. Memory: 547840K Free: 433816K (79%)
----------------- Invoking toplevel() on ptolemy.moml.MoMLSimpleApplication@4c7fad9f
----------------- Done invoking toplevel() on ptolemy.moml.MoMLSimpleApplication@4c7fad9f
reloadAllAccessors: .Clock12

===========================================================================================
----------------- testing Thu Jul 18 16:01:59 UTC 2019 /home/travis/build/icyphy/ptII/ptolemy/actor/lib/test/auto/Clock13.xml
----------------- Instantiating /home/travis/build/icyphy/ptII/ptolemy/actor/lib/test/auto/Clock13.xml
6 ms. Memory: 547840K Free: 428186K (78%)
----------------- Invoking toplevel() on ptolemy.moml.MoMLSimpleApplication@36cf3343
----------------- Done invoking toplevel() on ptolemy.moml.MoMLSimpleApplication@36cf3343
reloadAllAccessors: .Clock13

===========================================================================================
----------------- testing Thu Jul 18 16:01:59 UTC 2019 /home/travis/build/icyphy/ptII/ptolemy/actor/lib/test/auto/Clock14.xml
----------------- Instantiating /home/travis/build/icyphy/ptII/ptolemy/actor/lib/test/auto/Clock14.xml
4 ms. Memory: 547840K Free: 422042K (77%)
----------------- Invoking toplevel() on ptolemy.moml.MoMLSimpleApplication@6c24729
----------------- Done invoking toplevel() on ptolemy.moml.MoMLSimpleApplication@6c24729
reloadAllAccessors: .Clock14

===========================================================================================
----------------- testing Thu Jul 18 16:01:59 UTC 2019 /home/travis/build/icyphy/ptII/ptolemy/actor/lib/test/auto/Clock15.xml
----------------- Instantiating /home/travis/build/icyphy/ptII/ptolemy/actor/lib/test/auto/Clock15.xml
3 ms. Memory: 547840K Free: 416378K (76%)
----------------- Invoking toplevel() on ptolemy.moml.MoMLSimpleApplication@59bdc8c1
----------------- Done invoking toplevel() on ptolemy.moml.MoMLSimpleApplication@59bdc8c1
reloadAllAccessors: .Clock15

===========================================================================================
----------------- testing Thu Jul 18 16:01:59 UTC 2019 /home/travis/build/icyphy/ptII/ptolemy/actor/lib/test/auto/Clock16.xml
----------------- Instantiating /home/travis/build/icyphy/ptII/ptolemy/actor/lib/test/auto/Clock16.xml
43 ms. Memory: 547840K Free: 401562K (73%)
----------------- Invoking toplevel() on ptolemy.moml.MoMLSimpleApplication@3158299c
----------------- Done invoking toplevel() on ptolemy.moml.MoMLSimpleApplication@3158299c
reloadAllAccessors: .Clock16

===========================================================================================
----------------- testing Thu Jul 18 16:01:59 UTC 2019 /home/travis/build/icyphy/ptII/ptolemy/actor/lib/test/auto/Clock17.xml
----------------- Instantiating /home/travis/build/icyphy/ptII/ptolemy/actor/lib/test/auto/Clock17.xml
30 ms. Memory: 547840K Free: 387226K (71%)
----------------- Invoking toplevel() on ptolemy.moml.MoMLSimpleApplication@46404cb1
----------------- Done invoking toplevel() on ptolemy.moml.MoMLSimpleApplication@46404cb1
reloadAllAccessors: .Clock17

===========================================================================================
----------------- testing Thu Jul 18 16:01:59 UTC 2019 /home/travis/build/icyphy/ptII/ptolemy/actor/lib/test/auto/Clock18.xml
----------------- Instantiating /home/travis/build/icyphy/ptII/ptolemy/actor/lib/test/auto/Clock18.xml
27 ms. Memory: 547840K Free: 374424K (68%)
----------------- Invoking toplevel() on ptolemy.moml.MoMLSimpleApplication@5a3b25df
----------------- Done invoking toplevel() on ptolemy.moml.MoMLSimpleApplication@5a3b25df
reloadAllAccessors: .Clock18

===========================================================================================
----------------- testing Thu Jul 18 16:01:59 UTC 2019 /home/travis/build/icyphy/ptII/ptolemy/actor/lib/test/auto/Clock19.xml
----------------- Instantiating /home/travis/build/icyphy/ptII/ptolemy/actor/lib/test/auto/Clock19.xml
17 ms. Memory: 547840K Free: 361098K (66%)
----------------- Invoking toplevel() on ptolemy.moml.MoMLSimpleApplication@9fa7930
----------------- Done invoking toplevel() on ptolemy.moml.MoMLSimpleApplication@9fa7930
reloadAllAccessors: .Clock19

===========================================================================================
----------------- testing Thu Jul 18 16:01:59 UTC 2019 /home/travis/build/icyphy/ptII/ptolemy/actor/lib/test/auto/Clock2.xml
----------------- Instantiating /home/travis/build/icyphy/ptII/ptolemy/actor/lib/test/auto/Clock2.xml
8 ms. Memory: 547840K Free: 356506K (65%)
----------------- Invoking toplevel() on ptolemy.moml.MoMLSimpleApplication@626a1df9
----------------- Done invoking toplevel() on ptolemy.moml.MoMLSimpleApplication@626a1df9
reloadAllAccessors: .Clock2

===========================================================================================
----------------- testing Thu Jul 18 16:01:59 UTC 2019 /home/travis/build/icyphy/ptII/ptolemy/actor/lib/test/auto/Clock20.xml
----------------- Instantiating /home/travis/build/icyphy/ptII/ptolemy/actor/lib/test/auto/Clock20.xml
11 ms. Memory: 547840K Free: 350872K (64%)
----------------- Invoking toplevel() on ptolemy.moml.MoMLSimpleApplication@118272ed
----------------- Done invoking toplevel() on ptolemy.moml.MoMLSimpleApplication@118272ed
reloadAllAccessors: .Clock20

===========================================================================================
----------------- testing Thu Jul 18 16:01:59 UTC 2019 /home/travis/build/icyphy/ptII/ptolemy/actor/lib/test/auto/Clock21.xml
----------------- Instantiating /home/travis/build/icyphy/ptII/ptolemy/actor/lib/test/auto/Clock21.xml
5 ms. Memory: 547840K Free: 345752K (63%)
----------------- Invoking toplevel() on ptolemy.moml.MoMLSimpleApplication@16c4c59f
----------------- Done invoking toplevel() on ptolemy.moml.MoMLSimpleApplication@16c4c59f
reloadAllAccessors: .Clock21

===========================================================================================
----------------- testing Thu Jul 18 16:01:59 UTC 2019 /home/travis/build/icyphy/ptII/ptolemy/actor/lib/test/auto/Clock22.xml
----------------- Instantiating /home/travis/build/icyphy/ptII/ptolemy/actor/lib/test/auto/Clock22.xml
6 ms. Memory: 547840K Free: 340122K (62%)
----------------- Invoking toplevel() on ptolemy.moml.MoMLSimpleApplication@1f94802
----------------- Done invoking toplevel() on ptolemy.moml.MoMLSimpleApplication@1f94802
reloadAllAccessors: .Clock22

===========================================================================================
----------------- testing Thu Jul 18 16:01:59 UTC 2019 /home/travis/build/icyphy/ptII/ptolemy/actor/lib/test/auto/Clock23.xml
----------------- Instantiating /home/travis/build/icyphy/ptII/ptolemy/actor/lib/test/auto/Clock23.xml
7 ms. Memory: 547840K Free: 334488K (61%)
----------------- Invoking toplevel() on ptolemy.moml.MoMLSimpleApplication@6a953bfd
----------------- Done invoking toplevel() on ptolemy.moml.MoMLSimpleApplication@6a953bfd
reloadAllAccessors: .Clock23

===========================================================================================
----------------- testing Thu Jul 18 16:01:59 UTC 2019 /home/travis/build/icyphy/ptII/ptolemy/actor/lib/test/auto/Clock24.xml
----------------- Instantiating /home/travis/build/icyphy/ptII/ptolemy/actor/lib/test/auto/Clock24.xml
5 ms. Memory: 547840K Free: 329368K (60%)
----------------- Invoking toplevel() on ptolemy.moml.MoMLSimpleApplication@1690b8de
----------------- Done invoking toplevel() on ptolemy.moml.MoMLSimpleApplication@1690b8de
reloadAllAccessors: .Clock24

===========================================================================================
----------------- testing Thu Jul 18 16:01:59 UTC 2019 /home/travis/build/icyphy/ptII/ptolemy/actor/lib/test/auto/Clock4.xml
----------------- Instantiating /home/travis/build/icyphy/ptII/ptolemy/actor/lib/test/auto/Clock4.xml
2 ms. Memory: 547840K Free: 324218K (59%)
----------------- Invoking toplevel() on ptolemy.moml.MoMLSimpleApplication@60139136
----------------- Done invoking toplevel() on ptolemy.moml.MoMLSimpleApplication@60139136
reloadAllAccessors: .Clock4

===========================================================================================
----------------- testing Thu Jul 18 16:01:59 UTC 2019 /home/travis/build/icyphy/ptII/ptolemy/actor/lib/test/auto/Clock5.xml
----------------- Instantiating /home/travis/build/icyphy/ptII/ptolemy/actor/lib/test/auto/Clock5.xml
2 ms. Memory: 547840K Free: 319114K (58%)
----------------- Invoking toplevel() on ptolemy.moml.MoMLSimpleApplication@fa6d7dc
----------------- Done invoking toplevel() on ptolemy.moml.MoMLSimpleApplication@fa6d7dc
reloadAllAccessors: .Clock5

===========================================================================================
----------------- testing Thu Jul 18 16:01:59 UTC 2019 /home/travis/build/icyphy/ptII/ptolemy/actor/lib/test/auto/Clock6.xml
----------------- Instantiating /home/travis/build/icyphy/ptII/ptolemy/actor/lib/test/auto/Clock6.xml
1 ms. Memory: 547840K Free: 314522K (57%)
----------------- Invoking toplevel() on ptolemy.moml.MoMLSimpleApplication@1739fd90
----------------- Done invoking toplevel() on ptolemy.moml.MoMLSimpleApplication@1739fd90
reloadAllAccessors: .Clock6

===========================================================================================
----------------- testing Thu Jul 18 16:01:59 UTC 2019 /home/travis/build/icyphy/ptII/ptolemy/actor/lib/test/auto/Clock7.xml
----------------- Instantiating /home/travis/build/icyphy/ptII/ptolemy/actor/lib/test/auto/Clock7.xml
1 ms. Memory: 547840K Free: 309912K (57%)
----------------- Invoking toplevel() on ptolemy.moml.MoMLSimpleApplication@4c198bc9
----------------- Done invoking toplevel() on ptolemy.moml.MoMLSimpleApplication@4c198bc9
reloadAllAccessors: .Clock7

===========================================================================================
----------------- testing Thu Jul 18 16:01:59 UTC 2019 /home/travis/build/icyphy/ptII/ptolemy/actor/lib/test/auto/Clock8.xml
----------------- Instantiating /home/travis/build/icyphy/ptII/ptolemy/actor/lib/test/auto/Clock8.xml
5 ms. Memory: 547840K Free: 304282K (56%)
----------------- Invoking toplevel() on ptolemy.moml.MoMLSimpleApplication@168b15b8
----------------- Done invoking toplevel() on ptolemy.moml.MoMLSimpleApplication@168b15b8
reloadAllAccessors: .Clock8

===========================================================================================
----------------- testing Thu Jul 18 16:01:59 UTC 2019 /home/travis/build/icyphy/ptII/ptolemy/actor/lib/test/auto/Clock9.xml
----------------- Instantiating /home/travis/build/icyphy/ptII/ptolemy/actor/lib/test/auto/Clock9.xml
7 ms. Memory: 547840K Free: 298618K (55%)
----------------- Invoking toplevel() on ptolemy.moml.MoMLSimpleApplication@3afa1c2b
----------------- Done invoking toplevel() on ptolemy.moml.MoMLSimpleApplication@3afa1c2b
reloadAllAccessors: .Clock9

===========================================================================================
----------------- testing Thu Jul 18 16:01:59 UTC 2019 /home/travis/build/icyphy/ptII/ptolemy/actor/lib/test/auto/CommDistDiscard.xml
----------------- Instantiating /home/travis/build/icyphy/ptII/ptolemy/actor/lib/test/auto/CommDistDiscard.xml
4 ms. Memory: 547840K Free: 293528K (54%)
----------------- Invoking toplevel() on ptolemy.moml.MoMLSimpleApplication@4ceb6690
----------------- Done invoking toplevel() on ptolemy.moml.MoMLSimpleApplication@4ceb6690
reloadAllAccessors: .CommDistDiscard

===========================================================================================
----------------- testing Thu Jul 18 16:02:00 UTC 2019 /home/travis/build/icyphy/ptII/ptolemy/actor/lib/test/auto/Commutator.xml
----------------- Instantiating /home/travis/build/icyphy/ptII/ptolemy/actor/lib/test/auto/Commutator.xml
2 ms. Memory: 547840K Free: 288922K (53%)
----------------- Invoking toplevel() on ptolemy.moml.MoMLSimpleApplication@50fbaead
----------------- Done invoking toplevel() on ptolemy.moml.MoMLSimpleApplication@50fbaead
reloadAllAccessors: .Commutator

===========================================================================================
----------------- testing Thu Jul 18 16:02:00 UTC 2019 /home/travis/build/icyphy/ptII/ptolemy/actor/lib/test/auto/Commutator2.xml
----------------- Instantiating /home/travis/build/icyphy/ptII/ptolemy/actor/lib/test/auto/Commutator2.xml
2 ms. Memory: 547840K Free: 284312K (52%)
----------------- Invoking toplevel() on ptolemy.moml.MoMLSimpleApplication@15b45f4a
----------------- Done invoking toplevel() on ptolemy.moml.MoMLSimpleApplication@15b45f4a
reloadAllAccessors: .Commutator2

===========================================================================================
----------------- testing Thu Jul 18 16:02:00 UTC 2019 /home/travis/build/icyphy/ptII/ptolemy/actor/lib/test/auto/Commutator3.xml
----------------- Instantiating /home/travis/build/icyphy/ptII/ptolemy/actor/lib/test/auto/Commutator3.xml
3 ms. Memory: 547840K Free: 280216K (51%)
----------------- Invoking toplevel() on ptolemy.moml.MoMLSimpleApplication@1895b1b6
----------------- Done invoking toplevel() on ptolemy.moml.MoMLSimpleApplication@1895b1b6
reloadAllAccessors: .Commutator3

===========================================================================================
----------------- testing Thu Jul 18 16:02:00 UTC 2019 /home/travis/build/icyphy/ptII/ptolemy/actor/lib/test/auto/Compare.xml
----------------- Instantiating /home/travis/build/icyphy/ptII/ptolemy/actor/lib/test/auto/Compare.xml
2 ms. Memory: 547840K Free: 273562K (50%)
----------------- Invoking toplevel() on ptolemy.moml.MoMLSimpleApplication@4d61da3b
----------------- Done invoking toplevel() on ptolemy.moml.MoMLSimpleApplication@4d61da3b
reloadAllAccessors: .Compare

===========================================================================================
----------------- testing Thu Jul 18 16:02:00 UTC 2019 /home/travis/build/icyphy/ptII/ptolemy/actor/lib/test/auto/CompareDE.xml
----------------- Instantiating /home/travis/build/icyphy/ptII/ptolemy/actor/lib/test/auto/CompareDE.xml
6 ms. Memory: 547840K Free: 266890K (49%)
----------------- Invoking toplevel() on ptolemy.moml.MoMLSimpleApplication@703e127a
----------------- Done invoking toplevel() on ptolemy.moml.MoMLSimpleApplication@703e127a
reloadAllAccessors: .CompareDE

===========================================================================================
----------------- testing Thu Jul 18 16:02:00 UTC 2019 /home/travis/build/icyphy/ptII/ptolemy/actor/lib/test/auto/ComplexDivide.xml
----------------- Instantiating /home/travis/build/icyphy/ptII/ptolemy/actor/lib/test/auto/ComplexDivide.xml
2 ms. Memory: 547840K Free: 262808K (48%)
----------------- Invoking toplevel() on ptolemy.moml.MoMLSimpleApplication@55c36c89
----------------- Done invoking toplevel() on ptolemy.moml.MoMLSimpleApplication@55c36c89
reloadAllAccessors: .ComplexDivide

===========================================================================================
----------------- testing Thu Jul 18 16:02:00 UTC 2019 /home/travis/build/icyphy/ptII/ptolemy/actor/lib/test/auto/ComputeHistogram.xml
----------------- Instantiating /home/travis/build/icyphy/ptII/ptolemy/actor/lib/test/auto/ComputeHistogram.xml
40 ms. Memory: 547840K Free: 250010K (46%)
----------------- Invoking toplevel() on ptolemy.moml.MoMLSimpleApplication@3f680614
----------------- Done invoking toplevel() on ptolemy.moml.MoMLSimpleApplication@3f680614
reloadAllAccessors: .ComputeHistogram

===========================================================================================
----------------- testing Thu Jul 18 16:02:00 UTC 2019 /home/travis/build/icyphy/ptII/ptolemy/actor/lib/test/auto/ConfigurationSelect.xml
----------------- Instantiating /home/travis/build/icyphy/ptII/ptolemy/actor/lib/test/auto/ConfigurationSelect.xml
10 ms. Memory: 547840K Free: 244890K (45%)
----------------- Invoking toplevel() on ptolemy.moml.MoMLSimpleApplication@19671f75
----------------- Done invoking toplevel() on ptolemy.moml.MoMLSimpleApplication@19671f75
reloadAllAccessors: .ConfigurationSelect

===========================================================================================
----------------- testing Thu Jul 18 16:02:00 UTC 2019 /home/travis/build/icyphy/ptII/ptolemy/actor/lib/test/auto/ConfigurationSelect2.xml
----------------- Instantiating /home/travis/build/icyphy/ptII/ptolemy/actor/lib/test/auto/ConfigurationSelect2.xml
2 ms. Memory: 547840K Free: 240280K (44%)
----------------- Invoking toplevel() on ptolemy.moml.MoMLSimpleApplication@72ec71f1
----------------- Done invoking toplevel() on ptolemy.moml.MoMLSimpleApplication@72ec71f1
reloadAllAccessors: .ConfigurationSelect2

===========================================================================================
----------------- testing Thu Jul 18 16:02:00 UTC 2019 /home/travis/build/icyphy/ptII/ptolemy/actor/lib/test/auto/ConfigurationSwitch.xml
----------------- Instantiating /home/travis/build/icyphy/ptII/ptolemy/actor/lib/test/auto/ConfigurationSwitch.xml
2 ms. Memory: 547840K Free: 235160K (43%)
----------------- Invoking toplevel() on ptolemy.moml.MoMLSimpleApplication@57de5727
----------------- Done invoking toplevel() on ptolemy.moml.MoMLSimpleApplication@57de5727
reloadAllAccessors: .ConfigurationSwitch

===========================================================================================
----------------- testing Thu Jul 18 16:02:00 UTC 2019 /home/travis/build/icyphy/ptII/ptolemy/actor/lib/test/auto/ConfigurationSwitch2.xml
----------------- Instantiating /home/travis/build/icyphy/ptII/ptolemy/actor/lib/test/auto/ConfigurationSwitch2.xml
2 ms. Memory: 547840K Free: 229530K (42%)
----------------- Invoking toplevel() on ptolemy.moml.MoMLSimpleApplication@6040c059
----------------- Done invoking toplevel() on ptolemy.moml.MoMLSimpleApplication@6040c059
reloadAllAccessors: .ConfigurationSwitch2

===========================================================================================
----------------- testing Thu Jul 18 16:02:00 UTC 2019 /home/travis/build/icyphy/ptII/ptolemy/actor/lib/test/auto/ConfigurationSwitchCloningBugWithClassRelationGroup.xml
----------------- Instantiating /home/travis/build/icyphy/ptII/ptolemy/actor/lib/test/auto/ConfigurationSwitchCloningBugWithClassRelationGroup.xml
1 ms. Memory: 547840K Free: 223386K (41%)
----------------- Invoking toplevel() on ptolemy.moml.MoMLSimpleApplication@50cf77fe
----------------- Done invoking toplevel() on ptolemy.moml.MoMLSimpleApplication@50cf77fe
reloadAllAccessors: .ConfigurationSwitchCloningBugWithClassRelationGroup

===========================================================================================
----------------- testing Thu Jul 18 16:02:00 UTC 2019 /home/travis/build/icyphy/ptII/ptolemy/actor/lib/test/auto/ConfigurationSwitchSelectSDF.xml
----------------- Instantiating /home/travis/build/icyphy/ptII/ptolemy/actor/lib/test/auto/ConfigurationSwitchSelectSDF.xml
2 ms. Memory: 547840K Free: 217752K (40%)
----------------- Invoking toplevel() on ptolemy.moml.MoMLSimpleApplication@4a73cf39
----------------- Done invoking toplevel() on ptolemy.moml.MoMLSimpleApplication@4a73cf39
reloadAllAccessors: .ConfigurationSwitchSelectSDF

===========================================================================================
----------------- testing Thu Jul 18 16:02:00 UTC 2019 /home/travis/build/icyphy/ptII/ptolemy/actor/lib/test/auto/ConfigurationSwitchSelectSDF2.xml
----------------- Instantiating /home/travis/build/icyphy/ptII/ptolemy/actor/lib/test/auto/ConfigurationSwitchSelectSDF2.xml
2 ms. Memory: 547840K Free: 211608K (39%)
----------------- Invoking toplevel() on ptolemy.moml.MoMLSimpleApplication@1b115530
----------------- Done invoking toplevel() on ptolemy.moml.MoMLSimpleApplication@1b115530
reloadAllAccessors: .ConfigurationSwitchSelectSDF2

===========================================================================================
----------------- testing Thu Jul 18 16:02:00 UTC 2019 /home/travis/build/icyphy/ptII/ptolemy/actor/lib/test/auto/Const.xml
----------------- Instantiating /home/travis/build/icyphy/ptII/ptolemy/actor/lib/test/auto/Const.xml
1 ms. Memory: 547840K Free: 498031K (91%)
----------------- Invoking toplevel() on ptolemy.moml.MoMLSimpleApplication@16c1e24a
----------------- Done invoking toplevel() on ptolemy.moml.MoMLSimpleApplication@16c1e24a
reloadAllAccessors: .Const

===========================================================================================
----------------- testing Thu Jul 18 16:02:00 UTC 2019 /home/travis/build/icyphy/ptII/ptolemy/actor/lib/test/auto/Const2.xml
----------------- Instantiating /home/travis/build/icyphy/ptII/ptolemy/actor/lib/test/auto/Const2.xml
1 ms. Memory: 547840K Free: 493935K (90%)
----------------- Invoking toplevel() on ptolemy.moml.MoMLSimpleApplication@52c60a79
----------------- Done invoking toplevel() on ptolemy.moml.MoMLSimpleApplication@52c60a79
reloadAllAccessors: .Const2

===========================================================================================
----------------- testing Thu Jul 18 16:02:00 UTC 2019 /home/travis/build/icyphy/ptII/ptolemy/actor/lib/test/auto/Const3.xml
----------------- Instantiating /home/travis/build/icyphy/ptII/ptolemy/actor/lib/test/auto/Const3.xml
1 ms. Memory: 547840K Free: 491377K (90%)
----------------- Invoking toplevel() on ptolemy.moml.MoMLSimpleApplication@319a5fcb
----------------- Done invoking toplevel() on ptolemy.moml.MoMLSimpleApplication@319a5fcb
reloadAllAccessors: .Const3

===========================================================================================
----------------- testing Thu Jul 18 16:02:00 UTC 2019 /home/travis/build/icyphy/ptII/ptolemy/actor/lib/test/auto/ConstantPublisherPort1.xml
----------------- Instantiating /home/travis/build/icyphy/ptII/ptolemy/actor/lib/test/auto/ConstantPublisherPort1.xml
5 ms. Memory: 547840K Free: 482161K (88%)
----------------- Invoking toplevel() on ptolemy.moml.MoMLSimpleApplication@3f7c1863
----------------- Done invoking toplevel() on ptolemy.moml.MoMLSimpleApplication@3f7c1863
reloadAllAccessors: .ConstantPublisherPort1

===========================================================================================
----------------- testing Thu Jul 18 16:02:00 UTC 2019 /home/travis/build/icyphy/ptII/ptolemy/actor/lib/test/auto/ConstantPublisherPort2.xml
----------------- Instantiating /home/travis/build/icyphy/ptII/ptolemy/actor/lib/test/auto/ConstantPublisherPort2.xml
4 ms. Memory: 547840K Free: 474993K (87%)
----------------- Invoking toplevel() on ptolemy.moml.MoMLSimpleApplication@a7eb851
----------------- Done invoking toplevel() on ptolemy.moml.MoMLSimpleApplication@a7eb851
reloadAllAccessors: .ConstantPublisherPort2

===========================================================================================
----------------- testing Thu Jul 18 16:02:00 UTC 2019 /home/travis/build/icyphy/ptII/ptolemy/actor/lib/test/auto/ConstantPublisherPort3.xml
----------------- Instantiating /home/travis/build/icyphy/ptII/ptolemy/actor/lib/test/auto/ConstantPublisherPort3.xml
4 ms. Memory: 547840K Free: 467311K (85%)
----------------- Invoking toplevel() on ptolemy.moml.MoMLSimpleApplication@47a331a8
----------------- Done invoking toplevel() on ptolemy.moml.MoMLSimpleApplication@47a331a8
reloadAllAccessors: .ConstantPublisherPort3

===========================================================================================
----------------- testing Thu Jul 18 16:02:00 UTC 2019 /home/travis/build/icyphy/ptII/ptolemy/actor/lib/test/auto/ConstantPublisherPort4.xml
----------------- Instantiating /home/travis/build/icyphy/ptII/ptolemy/actor/lib/test/auto/ConstantPublisherPort4.xml
3 ms. Memory: 547840K Free: 460129K (84%)
----------------- Invoking toplevel() on ptolemy.moml.MoMLSimpleApplication@6f724397
----------------- Done invoking toplevel() on ptolemy.moml.MoMLSimpleApplication@6f724397
reloadAllAccessors: .ConstantPublisherPort4

===========================================================================================
----------------- testing Thu Jul 18 16:02:00 UTC 2019 /home/travis/build/icyphy/ptII/ptolemy/actor/lib/test/auto/ConstantPublisherPort5.xml
----------------- Instantiating /home/travis/build/icyphy/ptII/ptolemy/actor/lib/test/auto/ConstantPublisherPort5.xml
30 ms. Memory: 547840K Free: 450927K (82%)
----------------- Invoking toplevel() on ptolemy.moml.MoMLSimpleApplication@5ca9025d
----------------- Done invoking toplevel() on ptolemy.moml.MoMLSimpleApplication@5ca9025d
reloadAllAccessors: .ConstantPublisherPort5

===========================================================================================
----------------- testing Thu Jul 18 16:02:00 UTC 2019 /home/travis/build/icyphy/ptII/ptolemy/actor/lib/test/auto/ConstantPublisherPort6.xml
----------------- Instantiating /home/travis/build/icyphy/ptII/ptolemy/actor/lib/test/auto/ConstantPublisherPort6.xml
20 ms. Memory: 547840K Free: 441201K (81%)
----------------- Invoking toplevel() on ptolemy.moml.MoMLSimpleApplication@1954876c
----------------- Done invoking toplevel() on ptolemy.moml.MoMLSimpleApplication@1954876c
reloadAllAccessors: .ConstantPublisherPort6

===========================================================================================
----------------- testing Thu Jul 18 16:02:00 UTC 2019 /home/travis/build/icyphy/ptII/ptolemy/actor/lib/test/auto/ConstantPublisherPort7.xml
----------------- Instantiating /home/travis/build/icyphy/ptII/ptolemy/actor/lib/test/auto/ConstantPublisherPort7.xml
15 ms. Memory: 547840K Free: 431985K (79%)
----------------- Invoking toplevel() on ptolemy.moml.MoMLSimpleApplication@1171f683
----------------- Done invoking toplevel() on ptolemy.moml.MoMLSimpleApplication@1171f683
reloadAllAccessors: .ConstantPublisherPort7

===========================================================================================
----------------- testing Thu Jul 18 16:02:00 UTC 2019 /home/travis/build/icyphy/ptII/ptolemy/actor/lib/test/auto/ConstraintMonitor1.xml
----------------- Instantiating /home/travis/build/icyphy/ptII/ptolemy/actor/lib/test/auto/ConstraintMonitor1.xml
5 ms. Memory: 547840K Free: 426865K (78%)
----------------- Invoking toplevel() on ptolemy.moml.MoMLSimpleApplication@50429a44
----------------- Done invoking toplevel() on ptolemy.moml.MoMLSimpleApplication@50429a44
reloadAllAccessors: .ConstraintMonitor1

===========================================================================================
----------------- testing Thu Jul 18 16:02:00 UTC 2019 /home/travis/build/icyphy/ptII/ptolemy/actor/lib/test/auto/ConstraintMonitor2.xml
----------------- Instantiating /home/travis/build/icyphy/ptII/ptolemy/actor/lib/test/auto/ConstraintMonitor2.xml
5 ms. Memory: 547840K Free: 421745K (77%)
----------------- Invoking toplevel() on ptolemy.moml.MoMLSimpleApplication@6eb7ebf7
----------------- Done invoking toplevel() on ptolemy.moml.MoMLSimpleApplication@6eb7ebf7
reloadAllAccessors: .ConstraintMonitor2

===========================================================================================
----------------- testing Thu Jul 18 16:02:00 UTC 2019 /home/travis/build/icyphy/ptII/ptolemy/actor/lib/test/auto/ConstraintMonitor3.xml
----------------- Instantiating /home/travis/build/icyphy/ptII/ptolemy/actor/lib/test/auto/ConstraintMonitor3.xml
5 ms. Memory: 547840K Free: 417649K (76%)
----------------- Invoking toplevel() on ptolemy.moml.MoMLSimpleApplication@13b57f4b
----------------- Done invoking toplevel() on ptolemy.moml.MoMLSimpleApplication@13b57f4b
reloadAllAccessors: .ConstraintMonitor3

===========================================================================================
----------------- testing Thu Jul 18 16:02:00 UTC 2019 /home/travis/build/icyphy/ptII/ptolemy/actor/lib/test/auto/ConstraintMonitor4.xml
----------------- Instantiating /home/travis/build/icyphy/ptII/ptolemy/actor/lib/test/auto/ConstraintMonitor4.xml
3 ms. Memory: 547840K Free: 412529K (75%)
----------------- Invoking toplevel() on ptolemy.moml.MoMLSimpleApplication@a1cb38d
----------------- Done invoking toplevel() on ptolemy.moml.MoMLSimpleApplication@a1cb38d
reloadAllAccessors: .ConstraintMonitor4

===========================================================================================
----------------- testing Thu Jul 18 16:02:00 UTC 2019 /home/travis/build/icyphy/ptII/ptolemy/actor/lib/test/auto/ConstraintMonitor5.xml
----------------- Instantiating /home/travis/build/icyphy/ptII/ptolemy/actor/lib/test/auto/ConstraintMonitor5.xml
5 ms. Memory: 547840K Free: 406895K (74%)
----------------- Invoking toplevel() on ptolemy.moml.MoMLSimpleApplication@36a109a2
----------------- Done invoking toplevel() on ptolemy.moml.MoMLSimpleApplication@36a109a2
reloadAllAccessors: .ConstraintMonitor5

===========================================================================================
----------------- testing Thu Jul 18 16:02:00 UTC 2019 /home/travis/build/icyphy/ptII/ptolemy/actor/lib/test/auto/ConstraintMonitor6.xml
----------------- Instantiating /home/travis/build/icyphy/ptII/ptolemy/actor/lib/test/auto/ConstraintMonitor6.xml
2 ms. Memory: 547840K Free: 401265K (73%)
----------------- Invoking toplevel() on ptolemy.moml.MoMLSimpleApplication@25f06ba8
----------------- Done invoking toplevel() on ptolemy.moml.MoMLSimpleApplication@25f06ba8
reloadAllAccessors: .ConstraintMonitor6

===========================================================================================
----------------- testing Thu Jul 18 16:02:00 UTC 2019 /home/travis/build/icyphy/ptII/ptolemy/actor/lib/test/auto/ConstraintMonitor7.xml
----------------- Instantiating /home/travis/build/icyphy/ptII/ptolemy/actor/lib/test/auto/ConstraintMonitor7.xml
8 ms. Memory: 547840K Free: 394601K (72%)
----------------- Invoking toplevel() on ptolemy.moml.MoMLSimpleApplication@15b8dd4a
----------------- Done invoking toplevel() on ptolemy.moml.MoMLSimpleApplication@15b8dd4a
reloadAllAccessors: .ConstraintMonitor7

===========================================================================================
----------------- testing Thu Jul 18 16:02:00 UTC 2019 /home/travis/build/icyphy/ptII/ptolemy/actor/lib/test/auto/ConstraintMonitor8.xml
----------------- Instantiating /home/travis/build/icyphy/ptII/ptolemy/actor/lib/test/auto/ConstraintMonitor8.xml
3 ms. Memory: 547840K Free: 386929K (71%)
----------------- Invoking toplevel() on ptolemy.moml.MoMLSimpleApplication@5b6addd0
----------------- Done invoking toplevel() on ptolemy.moml.MoMLSimpleApplication@5b6addd0
reloadAllAccessors: .ConstraintMonitor8

===========================================================================================
----------------- testing Thu Jul 18 16:02:00 UTC 2019 /home/travis/build/icyphy/ptII/ptolemy/actor/lib/test/auto/Counter.xml
----------------- Instantiating /home/travis/build/icyphy/ptII/ptolemy/actor/lib/test/auto/Counter.xml
2 ms. Memory: 547840K Free: 382319K (70%)
----------------- Invoking toplevel() on ptolemy.moml.MoMLSimpleApplication@cb50451
----------------- Done invoking toplevel() on ptolemy.moml.MoMLSimpleApplication@cb50451
reloadAllAccessors: .Counter

===========================================================================================
----------------- testing Thu Jul 18 16:02:00 UTC 2019 /home/travis/build/icyphy/ptII/ptolemy/actor/lib/test/auto/CurrentTimeSDF.xml
----------------- Instantiating /home/travis/build/icyphy/ptII/ptolemy/actor/lib/test/auto/CurrentTimeSDF.xml
1 ms. Memory: 547840K Free: 378223K (69%)
----------------- Invoking toplevel() on ptolemy.moml.MoMLSimpleApplication@5aed1970
----------------- Done invoking toplevel() on ptolemy.moml.MoMLSimpleApplication@5aed1970
reloadAllAccessors: .CurrentTimeSDF

===========================================================================================
----------------- testing Thu Jul 18 16:02:00 UTC 2019 /home/travis/build/icyphy/ptII/ptolemy/actor/lib/test/auto/DB.xml
----------------- Instantiating /home/travis/build/icyphy/ptII/ptolemy/actor/lib/test/auto/DB.xml
2 ms. Memory: 547840K Free: 373103K (68%)
----------------- Invoking toplevel() on ptolemy.moml.MoMLSimpleApplication@1a0d620b
----------------- Done invoking toplevel() on ptolemy.moml.MoMLSimpleApplication@1a0d620b
reloadAllAccessors: .DB

===========================================================================================
----------------- testing Thu Jul 18 16:02:00 UTC 2019 /home/travis/build/icyphy/ptII/ptolemy/actor/lib/test/auto/DBDE.xml
----------------- Instantiating /home/travis/build/icyphy/ptII/ptolemy/actor/lib/test/auto/DBDE.xml
2 ms. Memory: 547840K Free: 366929K (67%)
----------------- Invoking toplevel() on ptolemy.moml.MoMLSimpleApplication@6a8f0520
----------------- Done invoking toplevel() on ptolemy.moml.MoMLSimpleApplication@6a8f0520
reloadAllAccessors: .DBDE

===========================================================================================
----------------- testing Thu Jul 18 16:02:00 UTC 2019 /home/travis/build/icyphy/ptII/ptolemy/actor/lib/test/auto/DateConstructor.xml
----------------- Instantiating /home/travis/build/icyphy/ptII/ptolemy/actor/lib/test/auto/DateConstructor.xml
26 ms. Memory: 547840K Free: 349551K (64%)
----------------- Invoking toplevel() on ptolemy.moml.MoMLSimpleApplication@beff9
----------------- Done invoking toplevel() on ptolemy.moml.MoMLSimpleApplication@beff9
reloadAllAccessors: .DateConstructor

===========================================================================================
----------------- testing Thu Jul 18 16:02:00 UTC 2019 /home/travis/build/icyphy/ptII/ptolemy/actor/lib/test/auto/DelayTime.xml
----------------- Instantiating /home/travis/build/icyphy/ptII/ptolemy/actor/lib/test/auto/DelayTime.xml
6 ms. Memory: 547840K Free: 344431K (63%)
----------------- Invoking toplevel() on ptolemy.moml.MoMLSimpleApplication@79291750
----------------- Done invoking toplevel() on ptolemy.moml.MoMLSimpleApplication@79291750
reloadAllAccessors: .DelayTime

===========================================================================================
----------------- testing Thu Jul 18 16:02:00 UTC 2019 /home/travis/build/icyphy/ptII/ptolemy/actor/lib/test/auto/Dictionary1.xml
----------------- Instantiating /home/travis/build/icyphy/ptII/ptolemy/actor/lib/test/auto/Dictionary1.xml
2 ms. Memory: 547840K Free: 339311K (62%)
----------------- Invoking toplevel() on ptolemy.moml.MoMLSimpleApplication@1314850
----------------- Done invoking toplevel() on ptolemy.moml.MoMLSimpleApplication@1314850
reloadAllAccessors: .Dictionary1

===========================================================================================
----------------- testing Thu Jul 18 16:02:01 UTC 2019 /home/travis/build/icyphy/ptII/ptolemy/actor/lib/test/auto/Dictionary2.xml
----------------- Instantiating /home/travis/build/icyphy/ptII/ptolemy/actor/lib/test/auto/Dictionary2.xml
3 ms. Memory: 547840K Free: 333681K (61%)
----------------- Invoking toplevel() on ptolemy.moml.MoMLSimpleApplication@74a4e269
----------------- Done invoking toplevel() on ptolemy.moml.MoMLSimpleApplication@74a4e269
reloadAllAccessors: .Dictionary2

===========================================================================================
----------------- testing Thu Jul 18 16:02:01 UTC 2019 /home/travis/build/icyphy/ptII/ptolemy/actor/lib/test/auto/Dictionary3.xml
----------------- Instantiating /home/travis/build/icyphy/ptII/ptolemy/actor/lib/test/auto/Dictionary3.xml
2 ms. Memory: 547840K Free: 328047K (60%)
----------------- Invoking toplevel() on ptolemy.moml.MoMLSimpleApplication@5fcbbb49
----------------- Done invoking toplevel() on ptolemy.moml.MoMLSimpleApplication@5fcbbb49
reloadAllAccessors: .Dictionary3

===========================================================================================
----------------- testing Thu Jul 18 16:02:01 UTC 2019 /home/travis/build/icyphy/ptII/ptolemy/actor/lib/test/auto/Dictionary4.xml
----------------- Instantiating /home/travis/build/icyphy/ptII/ptolemy/actor/lib/test/auto/Dictionary4.xml
10 ms. Memory: 547840K Free: 321393K (59%)
----------------- Invoking toplevel() on ptolemy.moml.MoMLSimpleApplication@21878faf
----------------- Done invoking toplevel() on ptolemy.moml.MoMLSimpleApplication@21878faf
reloadAllAccessors: .Dictionary4

===========================================================================================
----------------- testing Thu Jul 18 16:02:01 UTC 2019 /home/travis/build/icyphy/ptII/ptolemy/actor/lib/test/auto/Differential.xml
----------------- Instantiating /home/travis/build/icyphy/ptII/ptolemy/actor/lib/test/auto/Differential.xml
3 ms. Memory: 547840K Free: 316783K (58%)
----------------- Invoking toplevel() on ptolemy.moml.MoMLSimpleApplication@29510a12
----------------- Done invoking toplevel() on ptolemy.moml.MoMLSimpleApplication@29510a12
reloadAllAccessors: .Differential

===========================================================================================
----------------- testing Thu Jul 18 16:02:01 UTC 2019 /home/travis/build/icyphy/ptII/ptolemy/actor/lib/test/auto/Director.xml
----------------- Instantiating /home/travis/build/icyphy/ptII/ptolemy/actor/lib/test/auto/Director.xml
3 ms. Memory: 547840K Free: 313201K (57%)
----------------- Invoking toplevel() on ptolemy.moml.MoMLSimpleApplication@2ab71714
----------------- Done invoking toplevel() on ptolemy.moml.MoMLSimpleApplication@2ab71714
reloadAllAccessors: .Director

===========================================================================================
----------------- testing Thu Jul 18 16:02:01 UTC 2019 /home/travis/build/icyphy/ptII/ptolemy/actor/lib/test/auto/DiscreteClock.xml
----------------- Instantiating /home/travis/build/icyphy/ptII/ptolemy/actor/lib/test/auto/DiscreteClock.xml
1 ms. Memory: 547840K Free: 309105K (56%)
----------------- Invoking toplevel() on ptolemy.moml.MoMLSimpleApplication@54e30fef
----------------- Done invoking toplevel() on ptolemy.moml.MoMLSimpleApplication@54e30fef
reloadAllAccessors: .DiscreteClock

===========================================================================================
----------------- testing Thu Jul 18 16:02:01 UTC 2019 /home/travis/build/icyphy/ptII/ptolemy/actor/lib/test/auto/DiscreteClock10.xml
----------------- Instantiating /home/travis/build/icyphy/ptII/ptolemy/actor/lib/test/auto/DiscreteClock10.xml
2 ms. Memory: 547840K Free: 303471K (55%)
----------------- Invoking toplevel() on ptolemy.moml.MoMLSimpleApplication@5a3ae13e
----------------- Done invoking toplevel() on ptolemy.moml.MoMLSimpleApplication@5a3ae13e
reloadAllAccessors: .DiscreteClock10

===========================================================================================
----------------- testing Thu Jul 18 16:02:01 UTC 2019 /home/travis/build/icyphy/ptII/ptolemy/actor/lib/test/auto/DiscreteClock11.xml
----------------- Instantiating /home/travis/build/icyphy/ptII/ptolemy/actor/lib/test/auto/DiscreteClock11.xml
2 ms. Memory: 547840K Free: 297327K (54%)
----------------- Invoking toplevel() on ptolemy.moml.MoMLSimpleApplication@4c417c62
----------------- Done invoking toplevel() on ptolemy.moml.MoMLSimpleApplication@4c417c62
reloadAllAccessors: .DiscreteClock11

===========================================================================================
----------------- testing Thu Jul 18 16:02:01 UTC 2019 /home/travis/build/icyphy/ptII/ptolemy/actor/lib/test/auto/DiscreteClock12.xml
----------------- Instantiating /home/travis/build/icyphy/ptII/ptolemy/actor/lib/test/auto/DiscreteClock12.xml
2 ms. Memory: 547840K Free: 291183K (53%)
----------------- Invoking toplevel() on ptolemy.moml.MoMLSimpleApplication@39e90d39
----------------- Done invoking toplevel() on ptolemy.moml.MoMLSimpleApplication@39e90d39
reloadAllAccessors: .DiscreteClock12

===========================================================================================
----------------- testing Thu Jul 18 16:02:01 UTC 2019 /home/travis/build/icyphy/ptII/ptolemy/actor/lib/test/auto/DiscreteClock13.xml
----------------- Instantiating /home/travis/build/icyphy/ptII/ptolemy/actor/lib/test/auto/DiscreteClock13.xml
5 ms. Memory: 547840K Free: 285553K (52%)
----------------- Invoking toplevel() on ptolemy.moml.MoMLSimpleApplication@e477c49
----------------- Done invoking toplevel() on ptolemy.moml.MoMLSimpleApplication@e477c49
reloadAllAccessors: .DiscreteClock13

===========================================================================================
----------------- testing Thu Jul 18 16:02:01 UTC 2019 /home/travis/build/icyphy/ptII/ptolemy/actor/lib/test/auto/DiscreteClock14.xml
----------------- Instantiating /home/travis/build/icyphy/ptII/ptolemy/actor/lib/test/auto/DiscreteClock14.xml
5 ms. Memory: 547840K Free: 279409K (51%)
----------------- Invoking toplevel() on ptolemy.moml.MoMLSimpleApplication@5e8cdd82
----------------- Done invoking toplevel() on ptolemy.moml.MoMLSimpleApplication@5e8cdd82
reloadAllAccessors: .DiscreteClock14

===========================================================================================
----------------- testing Thu Jul 18 16:02:01 UTC 2019 /home/travis/build/icyphy/ptII/ptolemy/actor/lib/test/auto/DiscreteClock15.xml
----------------- Instantiating /home/travis/build/icyphy/ptII/ptolemy/actor/lib/test/auto/DiscreteClock15.xml
6 ms. Memory: 547840K Free: 273265K (50%)
----------------- Invoking toplevel() on ptolemy.moml.MoMLSimpleApplication@5df2db1f
----------------- Done invoking toplevel() on ptolemy.moml.MoMLSimpleApplication@5df2db1f
reloadAllAccessors: .DiscreteClock15

===========================================================================================
----------------- testing Thu Jul 18 16:02:01 UTC 2019 /home/travis/build/icyphy/ptII/ptolemy/actor/lib/test/auto/DiscreteClock16.xml
----------------- Instantiating /home/travis/build/icyphy/ptII/ptolemy/actor/lib/test/auto/DiscreteClock16.xml
17 ms. Memory: 547840K Free: 259425K (47%)
----------------- Invoking toplevel() on ptolemy.moml.MoMLSimpleApplication@8d8370
----------------- Done invoking toplevel() on ptolemy.moml.MoMLSimpleApplication@8d8370
reloadAllAccessors: .DiscreteClock16

===========================================================================================
----------------- testing Thu Jul 18 16:02:01 UTC 2019 /home/travis/build/icyphy/ptII/ptolemy/actor/lib/test/auto/DiscreteClock17.xml
----------------- Instantiating /home/travis/build/icyphy/ptII/ptolemy/actor/lib/test/auto/DiscreteClock17.xml
14 ms. Memory: 547840K Free: 245089K (45%)
----------------- Invoking toplevel() on ptolemy.moml.MoMLSimpleApplication@5ce937f5
----------------- Done invoking toplevel() on ptolemy.moml.MoMLSimpleApplication@5ce937f5
reloadAllAccessors: .DiscreteClock17

===========================================================================================
----------------- testing Thu Jul 18 16:02:01 UTC 2019 /home/travis/build/icyphy/ptII/ptolemy/actor/lib/test/auto/DiscreteClock18.xml
----------------- Instantiating /home/travis/build/icyphy/ptII/ptolemy/actor/lib/test/auto/DiscreteClock18.xml
9 ms. Memory: 547840K Free: 231281K (42%)
----------------- Invoking toplevel() on ptolemy.moml.MoMLSimpleApplication@2d4a3512
----------------- Done invoking toplevel() on ptolemy.moml.MoMLSimpleApplication@2d4a3512
reloadAllAccessors: .DiscreteClock18

===========================================================================================
----------------- testing Thu Jul 18 16:02:01 UTC 2019 /home/travis/build/icyphy/ptII/ptolemy/actor/lib/test/auto/DiscreteClock19.xml
----------------- Instantiating /home/travis/build/icyphy/ptII/ptolemy/actor/lib/test/auto/DiscreteClock19.xml
14 ms. Memory: 547840K Free: 217455K (40%)
----------------- Invoking toplevel() on ptolemy.moml.MoMLSimpleApplication@4c594b55
----------------- Done invoking toplevel() on ptolemy.moml.MoMLSimpleApplication@4c594b55
reloadAllAccessors: .DiscreteClock19

===========================================================================================
----------------- testing Thu Jul 18 16:02:01 UTC 2019 /home/travis/build/icyphy/ptII/ptolemy/actor/lib/test/auto/DiscreteClock2.xml
----------------- Instantiating /home/travis/build/icyphy/ptII/ptolemy/actor/lib/test/auto/DiscreteClock2.xml
4 ms. Memory: 547840K Free: 212321K (39%)
----------------- Invoking toplevel() on ptolemy.moml.MoMLSimpleApplication@8094ae5
----------------- Done invoking toplevel() on ptolemy.moml.MoMLSimpleApplication@8094ae5
reloadAllAccessors: .DiscreteClock2

===========================================================================================
----------------- testing Thu Jul 18 16:02:01 UTC 2019 /home/travis/build/icyphy/ptII/ptolemy/actor/lib/test/auto/DiscreteClock20.xml
----------------- Instantiating /home/travis/build/icyphy/ptII/ptolemy/actor/lib/test/auto/DiscreteClock20.xml
5 ms. Memory: 547840K Free: 207215K (38%)
----------------- Invoking toplevel() on ptolemy.moml.MoMLSimpleApplication@6f477a21
----------------- Done invoking toplevel() on ptolemy.moml.MoMLSimpleApplication@6f477a21
reloadAllAccessors: .DiscreteClock20

===========================================================================================
----------------- testing Thu Jul 18 16:02:01 UTC 2019 /home/travis/build/icyphy/ptII/ptolemy/actor/lib/test/auto/DiscreteClock21.xml
----------------- Instantiating /home/travis/build/icyphy/ptII/ptolemy/actor/lib/test/auto/DiscreteClock21.xml
5 ms. Memory: 547840K Free: 201585K (37%)
----------------- Invoking toplevel() on ptolemy.moml.MoMLSimpleApplication@3c0ce86b
----------------- Done invoking toplevel() on ptolemy.moml.MoMLSimpleApplication@3c0ce86b
reloadAllAccessors: .DiscreteClock21

===========================================================================================
----------------- testing Thu Jul 18 16:02:01 UTC 2019 /home/travis/build/icyphy/ptII/ptolemy/actor/lib/test/auto/DiscreteClock22.xml
----------------- Instantiating /home/travis/build/icyphy/ptII/ptolemy/actor/lib/test/auto/DiscreteClock22.xml
5 ms. Memory: 547840K Free: 195951K (36%)
----------------- Invoking toplevel() on ptolemy.moml.MoMLSimpleApplication@3656c3a3
----------------- Done invoking toplevel() on ptolemy.moml.MoMLSimpleApplication@3656c3a3
reloadAllAccessors: .DiscreteClock22

===========================================================================================
----------------- testing Thu Jul 18 16:02:01 UTC 2019 /home/travis/build/icyphy/ptII/ptolemy/actor/lib/test/auto/DiscreteClock23.xml
----------------- Instantiating /home/travis/build/icyphy/ptII/ptolemy/actor/lib/test/auto/DiscreteClock23.xml
5 ms. Memory: 547840K Free: 190321K (35%)
----------------- Invoking toplevel() on ptolemy.moml.MoMLSimpleApplication@1c2a8e00
----------------- Done invoking toplevel() on ptolemy.moml.MoMLSimpleApplication@1c2a8e00
reloadAllAccessors: .DiscreteClock23

===========================================================================================
----------------- testing Thu Jul 18 16:02:01 UTC 2019 /home/travis/build/icyphy/ptII/ptolemy/actor/lib/test/auto/DiscreteClock24.xml
----------------- Instantiating /home/travis/build/icyphy/ptII/ptolemy/actor/lib/test/auto/DiscreteClock24.xml
4 ms. Memory: 547840K Free: 185201K (34%)
----------------- Invoking toplevel() on ptolemy.moml.MoMLSimpleApplication@5ca888d6
----------------- Done invoking toplevel() on ptolemy.moml.MoMLSimpleApplication@5ca888d6
reloadAllAccessors: .DiscreteClock24

===========================================================================================
----------------- testing Thu Jul 18 16:02:01 UTC 2019 /home/travis/build/icyphy/ptII/ptolemy/actor/lib/test/auto/DiscreteClock4.xml
----------------- Instantiating /home/travis/build/icyphy/ptII/ptolemy/actor/lib/test/auto/DiscreteClock4.xml
1 ms. Memory: 547840K Free: 179561K (33%)
----------------- Invoking toplevel() on ptolemy.moml.MoMLSimpleApplication@25b8caf7
----------------- Done invoking toplevel() on ptolemy.moml.MoMLSimpleApplication@25b8caf7
reloadAllAccessors: .DiscreteClock4

===========================================================================================
----------------- testing Thu Jul 18 16:02:01 UTC 2019 /home/travis/build/icyphy/ptII/ptolemy/actor/lib/test/auto/DiscreteClock5.xml
----------------- Instantiating /home/travis/build/icyphy/ptII/ptolemy/actor/lib/test/auto/DiscreteClock5.xml
1 ms. Memory: 547840K Free: 173937K (32%)
----------------- Invoking toplevel() on ptolemy.moml.MoMLSimpleApplication@1360bb2a
----------------- Done invoking toplevel() on ptolemy.moml.MoMLSimpleApplication@1360bb2a
reloadAllAccessors: .DiscreteClock5

===========================================================================================
----------------- testing Thu Jul 18 16:02:01 UTC 2019 /home/travis/build/icyphy/ptII/ptolemy/actor/lib/test/auto/DiscreteClock6.xml
----------------- Instantiating /home/travis/build/icyphy/ptII/ptolemy/actor/lib/test/auto/DiscreteClock6.xml
1 ms. Memory: 547840K Free: 495769K (90%)
----------------- Invoking toplevel() on ptolemy.moml.MoMLSimpleApplication@4dd1870a
----------------- Done invoking toplevel() on ptolemy.moml.MoMLSimpleApplication@4dd1870a
reloadAllAccessors: .DiscreteClock6

===========================================================================================
----------------- testing Thu Jul 18 16:02:01 UTC 2019 /home/travis/build/icyphy/ptII/ptolemy/actor/lib/test/auto/DiscreteClock7.xml
----------------- Instantiating /home/travis/build/icyphy/ptII/ptolemy/actor/lib/test/auto/DiscreteClock7.xml
2 ms. Memory: 547840K Free: 490649K (90%)
----------------- Invoking toplevel() on ptolemy.moml.MoMLSimpleApplication@691a6b65
----------------- Done invoking toplevel() on ptolemy.moml.MoMLSimpleApplication@691a6b65
reloadAllAccessors: .DiscreteClock7

===========================================================================================
----------------- testing Thu Jul 18 16:02:01 UTC 2019 /home/travis/build/icyphy/ptII/ptolemy/actor/lib/test/auto/DiscreteClock8.xml
----------------- Instantiating /home/travis/build/icyphy/ptII/ptolemy/actor/lib/test/auto/DiscreteClock8.xml
5 ms. Memory: 547840K Free: 485523K (89%)
----------------- Invoking toplevel() on ptolemy.moml.MoMLSimpleApplication@72d1540c
----------------- Done invoking toplevel() on ptolemy.moml.MoMLSimpleApplication@72d1540c
reloadAllAccessors: .DiscreteClock8

===========================================================================================
----------------- testing Thu Jul 18 16:02:01 UTC 2019 /home/travis/build/icyphy/ptII/ptolemy/actor/lib/test/auto/DiscreteClock9.xml
----------------- Instantiating /home/travis/build/icyphy/ptII/ptolemy/actor/lib/test/auto/DiscreteClock9.xml
4 ms. Memory: 547840K Free: 479371K (88%)
----------------- Invoking toplevel() on ptolemy.moml.MoMLSimpleApplication@75b67ff6
----------------- Done invoking toplevel() on ptolemy.moml.MoMLSimpleApplication@75b67ff6
reloadAllAccessors: .DiscreteClock9

===========================================================================================
----------------- testing Thu Jul 18 16:02:01 UTC 2019 /home/travis/build/icyphy/ptII/ptolemy/actor/lib/test/auto/DisplayArray.xml
----------------- Instantiating /home/travis/build/icyphy/ptII/ptolemy/actor/lib/test/auto/DisplayArray.xml
1 ms. Memory: 547840K Free: 475803K (87%)
----------------- Invoking toplevel() on ptolemy.moml.MoMLSimpleApplication@60e71135
----------------- Done invoking toplevel() on ptolemy.moml.MoMLSimpleApplication@60e71135
reloadAllAccessors: .DisplayArray

===========================================================================================
----------------- testing Thu Jul 18 16:02:01 UTC 2019 /home/travis/build/icyphy/ptII/ptolemy/actor/lib/test/auto/Distributor.xml
----------------- Instantiating /home/travis/build/icyphy/ptII/ptolemy/actor/lib/test/auto/Distributor.xml
1 ms. Memory: 547840K Free: 470683K (86%)
----------------- Invoking toplevel() on ptolemy.moml.MoMLSimpleApplication@19773426
----------------- Done invoking toplevel() on ptolemy.moml.MoMLSimpleApplication@19773426
reloadAllAccessors: .Distributor

===========================================================================================
----------------- testing Thu Jul 18 16:02:01 UTC 2019 /home/travis/build/icyphy/ptII/ptolemy/actor/lib/test/auto/Distributor2.xml
----------------- Instantiating /home/travis/build/icyphy/ptII/ptolemy/actor/lib/test/auto/Distributor2.xml
1 ms. Memory: 547840K Free: 465563K (85%)
----------------- Invoking toplevel() on ptolemy.moml.MoMLSimpleApplication@c04115d
----------------- Done invoking toplevel() on ptolemy.moml.MoMLSimpleApplication@c04115d
reloadAllAccessors: .Distributor2

===========================================================================================
----------------- testing Thu Jul 18 16:02:01 UTC 2019 /home/travis/build/icyphy/ptII/ptolemy/actor/lib/test/auto/DownSample.xml
----------------- Instantiating /home/travis/build/icyphy/ptII/ptolemy/actor/lib/test/auto/DownSample.xml
1 ms. Memory: 547840K Free: 461467K (84%)
----------------- Invoking toplevel() on ptolemy.moml.MoMLSimpleApplication@481bebb0
----------------- Done invoking toplevel() on ptolemy.moml.MoMLSimpleApplication@481bebb0
reloadAllAccessors: .DownSample

===========================================================================================
----------------- testing Thu Jul 18 16:02:01 UTC 2019 /home/travis/build/icyphy/ptII/ptolemy/actor/lib/test/auto/ElectronicUnitBase1.xml
----------------- Instantiating /home/travis/build/icyphy/ptII/ptolemy/actor/lib/test/auto/ElectronicUnitBase1.xml
19 ms. Memory: 547840K Free: 445593K (81%)
----------------- Invoking toplevel() on ptolemy.moml.MoMLSimpleApplication@64d439c
----------------- Done invoking toplevel() on ptolemy.moml.MoMLSimpleApplication@64d439c
reloadAllAccessors: .ElectronicUnitBase1

===========================================================================================
----------------- testing Thu Jul 18 16:02:01 UTC 2019 /home/travis/build/icyphy/ptII/ptolemy/actor/lib/test/auto/ElementsToArray.xml
----------------- Instantiating /home/travis/build/icyphy/ptII/ptolemy/actor/lib/test/auto/ElementsToArray.xml
3 ms. Memory: 547840K Free: 440473K (80%)
----------------- Invoking toplevel() on ptolemy.moml.MoMLSimpleApplication@174d5a19
----------------- Done invoking toplevel() on ptolemy.moml.MoMLSimpleApplication@174d5a19
reloadAllAccessors: .ElementsToArray

===========================================================================================
----------------- testing Thu Jul 18 16:02:01 UTC 2019 /home/travis/build/icyphy/ptII/ptolemy/actor/lib/test/auto/Equals.xml
----------------- Instantiating /home/travis/build/icyphy/ptII/ptolemy/actor/lib/test/auto/Equals.xml
2 ms. Memory: 547840K Free: 435867K (80%)
----------------- Invoking toplevel() on ptolemy.moml.MoMLSimpleApplication@379a8be9
----------------- Done invoking toplevel() on ptolemy.moml.MoMLSimpleApplication@379a8be9
reloadAllAccessors: .Equals

===========================================================================================
----------------- testing Thu Jul 18 16:02:01 UTC 2019 /home/travis/build/icyphy/ptII/ptolemy/actor/lib/test/auto/Exec.xml
----------------- Instantiating /home/travis/build/icyphy/ptII/ptolemy/actor/lib/test/auto/Exec.xml
18 ms. Memory: 547840K Free: 430233K (79%)
----------------- Invoking toplevel() on ptolemy.moml.MoMLSimpleApplication@540667f4
----------------- Done invoking toplevel() on ptolemy.moml.MoMLSimpleApplication@540667f4
reloadAllAccessors: .Exec

===========================================================================================
----------------- testing Thu Jul 18 16:02:01 UTC 2019 /home/travis/build/icyphy/ptII/ptolemy/actor/lib/test/auto/ExecEnvironment.xml
----------------- Instantiating /home/travis/build/icyphy/ptII/ptolemy/actor/lib/test/auto/ExecEnvironment.xml
23 ms. Memory: 547840K Free: 425625K (78%)
----------------- Invoking toplevel() on ptolemy.moml.MoMLSimpleApplication@3348581e
----------------- Done invoking toplevel() on ptolemy.moml.MoMLSimpleApplication@3348581e
reloadAllAccessors: .ExecEnvironment

===========================================================================================
----------------- testing Thu Jul 18 16:02:01 UTC 2019 /home/travis/build/icyphy/ptII/ptolemy/actor/lib/test/auto/ExecNonZeroReturnOutput.xml
----------------- Instantiating /home/travis/build/icyphy/ptII/ptolemy/actor/lib/test/auto/ExecNonZeroReturnOutput.xml
186 ms. Memory: 547840K Free: 414363K (76%)
----------------- Invoking toplevel() on ptolemy.moml.MoMLSimpleApplication@519e213
----------------- Done invoking toplevel() on ptolemy.moml.MoMLSimpleApplication@519e213
reloadAllAccessors: .ExecNonZeroReturnOutput

===========================================================================================
----------------- testing Thu Jul 18 16:02:02 UTC 2019 /home/travis/build/icyphy/ptII/ptolemy/actor/lib/test/auto/ExecRunDemos.xml
----------------- Instantiating /home/travis/build/icyphy/ptII/ptolemy/actor/lib/test/auto/ExecRunDemos.xml
Finished: 77 ms. Memory: 120832K Free: 104323K (86%)

Finished: 81 ms. Memory: 120832K Free: 110824K (92%)

Finished: 108 ms. Memory: 120832K Free: 110723K (92%)

Finished: 71 ms. Memory: 120832K Free: 103232K (85%)

Finished: 60 ms. Memory: 120832K Free: 104066K (86%)

10716 ms. Memory: 547840K Free: 392857K (72%)
----------------- Invoking toplevel() on ptolemy.moml.MoMLSimpleApplication@42b82da6
----------------- Done invoking toplevel() on ptolemy.moml.MoMLSimpleApplication@42b82da6
reloadAllAccessors: .ExecRunDemos

===========================================================================================
----------------- testing Thu Jul 18 16:02:12 UTC 2019 /home/travis/build/icyphy/ptII/ptolemy/actor/lib/test/auto/ExecStop.xml
----------------- Instantiating /home/travis/build/icyphy/ptII/ptolemy/actor/lib/test/auto/ExecStop.xml
5016 ms. Memory: 547840K Free: 273561K (50%)
----------------- Invoking toplevel() on ptolemy.moml.MoMLSimpleApplication@39283a10
----------------- Done invoking toplevel() on ptolemy.moml.MoMLSimpleApplication@39283a10
reloadAllAccessors: .ExecStop

===========================================================================================
----------------- testing Thu Jul 18 16:02:17 UTC 2019 /home/travis/build/icyphy/ptII/ptolemy/actor/lib/test/auto/ExecutionTimeSDF.xml
----------------- Instantiating /home/travis/build/icyphy/ptII/ptolemy/actor/lib/test/auto/ExecutionTimeSDF.xml
Fired ExecutionTime: 1763200000
Fired ExecutionTime: 1070800000
Fired ExecutionTime: -1076967296
6004 ms. Memory: 547840K Free: 261273K (48%)
----------------- Invoking toplevel() on ptolemy.moml.MoMLSimpleApplication@15b71ff
----------------- Done invoking toplevel() on ptolemy.moml.MoMLSimpleApplication@15b71ff
reloadAllAccessors: .ExecutionTimeSDF

===========================================================================================
----------------- testing Thu Jul 18 16:02:24 UTC 2019 /home/travis/build/icyphy/ptII/ptolemy/actor/lib/test/auto/Expression1.xml
----------------- Instantiating /home/travis/build/icyphy/ptII/ptolemy/actor/lib/test/auto/Expression1.xml
2 ms. Memory: 547840K Free: 258201K (47%)
----------------- Invoking toplevel() on ptolemy.moml.MoMLSimpleApplication@7fe42b5b
----------------- Done invoking toplevel() on ptolemy.moml.MoMLSimpleApplication@7fe42b5b
reloadAllAccessors: .Expression1

===========================================================================================
----------------- testing Thu Jul 18 16:02:24 UTC 2019 /home/travis/build/icyphy/ptII/ptolemy/actor/lib/test/auto/Expression10.xml
----------------- Instantiating /home/travis/build/icyphy/ptII/ptolemy/actor/lib/test/auto/Expression10.xml
7 ms. Memory: 547840K Free: 252571K (46%)
----------------- Invoking toplevel() on ptolemy.moml.MoMLSimpleApplication@54f1c0ff
----------------- Done invoking toplevel() on ptolemy.moml.MoMLSimpleApplication@54f1c0ff
reloadAllAccessors: .Expression10

===========================================================================================
----------------- testing Thu Jul 18 16:02:24 UTC 2019 /home/travis/build/icyphy/ptII/ptolemy/actor/lib/test/auto/Expression11.xml
----------------- Instantiating /home/travis/build/icyphy/ptII/ptolemy/actor/lib/test/auto/Expression11.xml
3 ms. Memory: 547840K Free: 247961K (45%)
----------------- Invoking toplevel() on ptolemy.moml.MoMLSimpleApplication@5a355c4d
----------------- Done invoking toplevel() on ptolemy.moml.MoMLSimpleApplication@5a355c4d
reloadAllAccessors: .Expression11

===========================================================================================
----------------- testing Thu Jul 18 16:02:24 UTC 2019 /home/travis/build/icyphy/ptII/ptolemy/actor/lib/test/auto/Expression12.xml
----------------- Instantiating /home/travis/build/icyphy/ptII/ptolemy/actor/lib/test/auto/Expression12.xml
3 ms. Memory: 547840K Free: 242331K (44%)
----------------- Invoking toplevel() on ptolemy.moml.MoMLSimpleApplication@690081b8
----------------- Done invoking toplevel() on ptolemy.moml.MoMLSimpleApplication@690081b8
reloadAllAccessors: .Expression12

===========================================================================================
----------------- testing Thu Jul 18 16:02:24 UTC 2019 /home/travis/build/icyphy/ptII/ptolemy/actor/lib/test/auto/Expression13.xml
----------------- Instantiating /home/travis/build/icyphy/ptII/ptolemy/actor/lib/test/auto/Expression13.xml
3 ms. Memory: 547840K Free: 237721K (43%)
----------------- Invoking toplevel() on ptolemy.moml.MoMLSimpleApplication@6eeaa8d3
----------------- Done invoking toplevel() on ptolemy.moml.MoMLSimpleApplication@6eeaa8d3
reloadAllAccessors: .Expression13

===========================================================================================
----------------- testing Thu Jul 18 16:02:24 UTC 2019 /home/travis/build/icyphy/ptII/ptolemy/actor/lib/test/auto/Expression14.xml
----------------- Instantiating /home/travis/build/icyphy/ptII/ptolemy/actor/lib/test/auto/Expression14.xml
7 ms. Memory: 547840K Free: 231577K (42%)
----------------- Invoking toplevel() on ptolemy.moml.MoMLSimpleApplication@18e2eb26
----------------- Done invoking toplevel() on ptolemy.moml.MoMLSimpleApplication@18e2eb26
reloadAllAccessors: .Expression14

===========================================================================================
----------------- testing Thu Jul 18 16:02:24 UTC 2019 /home/travis/build/icyphy/ptII/ptolemy/actor/lib/test/auto/Expression15.xml
----------------- Instantiating /home/travis/build/icyphy/ptII/ptolemy/actor/lib/test/auto/Expression15.xml
1 ms. Memory: 547840K Free: 228491K (42%)
----------------- Invoking toplevel() on ptolemy.moml.MoMLSimpleApplication@2c1e7c08
----------------- Done invoking toplevel() on ptolemy.moml.MoMLSimpleApplication@2c1e7c08
reloadAllAccessors: .Expression15

===========================================================================================
----------------- testing Thu Jul 18 16:02:24 UTC 2019 /home/travis/build/icyphy/ptII/ptolemy/actor/lib/test/auto/Expression16.xml
----------------- Instantiating /home/travis/build/icyphy/ptII/ptolemy/actor/lib/test/auto/Expression16.xml
3 ms. Memory: 547840K Free: 223385K (41%)
----------------- Invoking toplevel() on ptolemy.moml.MoMLSimpleApplication@7d222d0b
----------------- Done invoking toplevel() on ptolemy.moml.MoMLSimpleApplication@7d222d0b
reloadAllAccessors: .Expression16

===========================================================================================
----------------- testing Thu Jul 18 16:02:24 UTC 2019 /home/travis/build/icyphy/ptII/ptolemy/actor/lib/test/auto/Expression17.xml
----------------- Instantiating /home/travis/build/icyphy/ptII/ptolemy/actor/lib/test/auto/Expression17.xml
3 ms. Memory: 547840K Free: 218265K (40%)
----------------- Invoking toplevel() on ptolemy.moml.MoMLSimpleApplication@2ab9f950
----------------- Done invoking toplevel() on ptolemy.moml.MoMLSimpleApplication@2ab9f950
reloadAllAccessors: .Expression17

===========================================================================================
----------------- testing Thu Jul 18 16:02:24 UTC 2019 /home/travis/build/icyphy/ptII/ptolemy/actor/lib/test/auto/Expression18.xml
----------------- Instantiating /home/travis/build/icyphy/ptII/ptolemy/actor/lib/test/auto/Expression18.xml
4 ms. Memory: 547840K Free: 213145K (39%)
----------------- Invoking toplevel() on ptolemy.moml.MoMLSimpleApplication@2a6f61d6
----------------- Done invoking toplevel() on ptolemy.moml.MoMLSimpleApplication@2a6f61d6
reloadAllAccessors: .Expression18

===========================================================================================
----------------- testing Thu Jul 18 16:02:24 UTC 2019 /home/travis/build/icyphy/ptII/ptolemy/actor/lib/test/auto/Expression2.xml
----------------- Instantiating /home/travis/build/icyphy/ptII/ptolemy/actor/lib/test/auto/Expression2.xml
10 ms. Memory: 547840K Free: 208025K (38%)
----------------- Invoking toplevel() on ptolemy.moml.MoMLSimpleApplication@34477b73
----------------- Done invoking toplevel() on ptolemy.moml.MoMLSimpleApplication@34477b73
reloadAllAccessors: .Expression2

===========================================================================================
----------------- testing Thu Jul 18 16:02:24 UTC 2019 /home/travis/build/icyphy/ptII/ptolemy/actor/lib/test/auto/Expression3.xml
----------------- Instantiating /home/travis/build/icyphy/ptII/ptolemy/actor/lib/test/auto/Expression3.xml
2 ms. Memory: 547840K Free: 203419K (37%)
----------------- Invoking toplevel() on ptolemy.moml.MoMLSimpleApplication@4a041664
----------------- Done invoking toplevel() on ptolemy.moml.MoMLSimpleApplication@4a041664
reloadAllAccessors: .Expression3

===========================================================================================
----------------- testing Thu Jul 18 16:02:24 UTC 2019 /home/travis/build/icyphy/ptII/ptolemy/actor/lib/test/auto/Expression4.xml
----------------- Instantiating /home/travis/build/icyphy/ptII/ptolemy/actor/lib/test/auto/Expression4.xml
3 ms. Memory: 547840K Free: 195737K (36%)
----------------- Invoking toplevel() on ptolemy.moml.MoMLSimpleApplication@53ea8618
----------------- Done invoking toplevel() on ptolemy.moml.MoMLSimpleApplication@53ea8618
reloadAllAccessors: .Expression4

===========================================================================================
----------------- testing Thu Jul 18 16:02:24 UTC 2019 /home/travis/build/icyphy/ptII/ptolemy/actor/lib/test/auto/Expression5.xml
----------------- Instantiating /home/travis/build/icyphy/ptII/ptolemy/actor/lib/test/auto/Expression5.xml
5 ms. Memory: 547840K Free: 191131K (35%)
----------------- Invoking toplevel() on ptolemy.moml.MoMLSimpleApplication@48d6c4fb
----------------- Done invoking toplevel() on ptolemy.moml.MoMLSimpleApplication@48d6c4fb
reloadAllAccessors: .Expression5

===========================================================================================
----------------- testing Thu Jul 18 16:02:24 UTC 2019 /home/travis/build/icyphy/ptII/ptolemy/actor/lib/test/auto/Expression6.xml
----------------- Instantiating /home/travis/build/icyphy/ptII/ptolemy/actor/lib/test/auto/Expression6.xml
1 ms. Memory: 547840K Free: 186521K (34%)
----------------- Invoking toplevel() on ptolemy.moml.MoMLSimpleApplication@21959f86
----------------- Done invoking toplevel() on ptolemy.moml.MoMLSimpleApplication@21959f86
reloadAllAccessors: .Expression6

===========================================================================================
----------------- testing Thu Jul 18 16:02:24 UTC 2019 /home/travis/build/icyphy/ptII/ptolemy/actor/lib/test/auto/Expression7.xml
----------------- Instantiating /home/travis/build/icyphy/ptII/ptolemy/actor/lib/test/auto/Expression7.xml
2 ms. Memory: 547840K Free: 181401K (33%)
----------------- Invoking toplevel() on ptolemy.moml.MoMLSimpleApplication@18aab0f8
----------------- Done invoking toplevel() on ptolemy.moml.MoMLSimpleApplication@18aab0f8
reloadAllAccessors: .Expression7

===========================================================================================
----------------- testing Thu Jul 18 16:02:24 UTC 2019 /home/travis/build/icyphy/ptII/ptolemy/actor/lib/test/auto/Expression8.xml
----------------- Instantiating /home/travis/build/icyphy/ptII/ptolemy/actor/lib/test/auto/Expression8.xml
8 ms. Memory: 547840K Free: 176795K (32%)
----------------- Invoking toplevel() on ptolemy.moml.MoMLSimpleApplication@781ca3dd
----------------- Done invoking toplevel() on ptolemy.moml.MoMLSimpleApplication@781ca3dd
reloadAllAccessors: .Expression8

===========================================================================================
----------------- testing Thu Jul 18 16:02:24 UTC 2019 /home/travis/build/icyphy/ptII/ptolemy/actor/lib/test/auto/Expression9.xml
----------------- Instantiating /home/travis/build/icyphy/ptII/ptolemy/actor/lib/test/auto/Expression9.xml
3 ms. Memory: 547840K Free: 499036K (91%)
----------------- Invoking toplevel() on ptolemy.moml.MoMLSimpleApplication@586c0ea7
----------------- Done invoking toplevel() on ptolemy.moml.MoMLSimpleApplication@586c0ea7
reloadAllAccessors: .Expression9

===========================================================================================
----------------- testing Thu Jul 18 16:02:24 UTC 2019 /home/travis/build/icyphy/ptII/ptolemy/actor/lib/test/auto/ExpressionConcatenateArrayType.xml
----------------- Instantiating /home/travis/build/icyphy/ptII/ptolemy/actor/lib/test/auto/ExpressionConcatenateArrayType.xml
4 ms. Memory: 547840K Free: 492154K (90%)
----------------- Invoking toplevel() on ptolemy.moml.MoMLSimpleApplication@3bcc8095
----------------- Done invoking toplevel() on ptolemy.moml.MoMLSimpleApplication@3bcc8095
reloadAllAccessors: .ExpressionConcatenateArrayType

===========================================================================================
----------------- testing Thu Jul 18 16:02:24 UTC 2019 /home/travis/build/icyphy/ptII/ptolemy/actor/lib/test/auto/ExpressionConcatenateArrayType2.xml
----------------- Instantiating /home/travis/build/icyphy/ptII/ptolemy/actor/lib/test/auto/ExpressionConcatenateArrayType2.xml
2 ms. Memory: 547840K Free: 486524K (89%)
----------------- Invoking toplevel() on ptolemy.moml.MoMLSimpleApplication@5049a385
----------------- Done invoking toplevel() on ptolemy.moml.MoMLSimpleApplication@5049a385
reloadAllAccessors: .ExpressionConcatenateArrayType2

===========================================================================================
----------------- testing Thu Jul 18 16:02:24 UTC 2019 /home/travis/build/icyphy/ptII/ptolemy/actor/lib/test/auto/ExpressionFix.xml
----------------- Instantiating /home/travis/build/icyphy/ptII/ptolemy/actor/lib/test/auto/ExpressionFix.xml
23 ms. Memory: 547840K Free: 480380K (88%)
----------------- Invoking toplevel() on ptolemy.moml.MoMLSimpleApplication@54c3882f
----------------- Done invoking toplevel() on ptolemy.moml.MoMLSimpleApplication@54c3882f
reloadAllAccessors: .ExpressionFix

===========================================================================================
----------------- testing Thu Jul 18 16:02:24 UTC 2019 /home/travis/build/icyphy/ptII/ptolemy/actor/lib/test/auto/ExpressionFix2.xml
----------------- Instantiating /home/travis/build/icyphy/ptII/ptolemy/actor/lib/test/auto/ExpressionFix2.xml
3 ms. Memory: 547840K Free: 476284K (87%)
----------------- Invoking toplevel() on ptolemy.moml.MoMLSimpleApplication@60b3ab93
----------------- Done invoking toplevel() on ptolemy.moml.MoMLSimpleApplication@60b3ab93
reloadAllAccessors: .ExpressionFix2

===========================================================================================
----------------- testing Thu Jul 18 16:02:24 UTC 2019 /home/travis/build/icyphy/ptII/ptolemy/actor/lib/test/auto/ExpressionFix3.xml
----------------- Instantiating /home/travis/build/icyphy/ptII/ptolemy/actor/lib/test/auto/ExpressionFix3.xml
2 ms. Memory: 547840K Free: 471674K (86%)
----------------- Invoking toplevel() on ptolemy.moml.MoMLSimpleApplication@55530e
----------------- Done invoking toplevel() on ptolemy.moml.MoMLSimpleApplication@55530e
reloadAllAccessors: .ExpressionFix3

===========================================================================================
----------------- testing Thu Jul 18 16:02:24 UTC 2019 /home/travis/build/icyphy/ptII/ptolemy/actor/lib/test/auto/FileWriter1.xml
----------------- Instantiating /home/travis/build/icyphy/ptII/ptolemy/actor/lib/test/auto/FileWriter1.xml
1 ms. Memory: 547840K Free: 468092K (85%)
----------------- Invoking toplevel() on ptolemy.moml.MoMLSimpleApplication@55a76716
----------------- Done invoking toplevel() on ptolemy.moml.MoMLSimpleApplication@55a76716
reloadAllAccessors: .FileWriter1

===========================================================================================
----------------- testing Thu Jul 18 16:02:24 UTC 2019 /home/travis/build/icyphy/ptII/ptolemy/actor/lib/test/auto/FileWriter2.xml
----------------- Instantiating /home/travis/build/icyphy/ptII/ptolemy/actor/lib/test/auto/FileWriter2.xml
2 ms. Memory: 547840K Free: 463482K (85%)
----------------- Invoking toplevel() on ptolemy.moml.MoMLSimpleApplication@67bb7124
----------------- Done invoking toplevel() on ptolemy.moml.MoMLSimpleApplication@67bb7124
reloadAllAccessors: .FileWriter2

===========================================================================================
----------------- testing Thu Jul 18 16:02:24 UTC 2019 /home/travis/build/icyphy/ptII/ptolemy/actor/lib/test/auto/FileWriter3.xml
----------------- Instantiating /home/travis/build/icyphy/ptII/ptolemy/actor/lib/test/auto/FileWriter3.xml
4 ms. Memory: 547840K Free: 459900K (84%)
----------------- Invoking toplevel() on ptolemy.moml.MoMLSimpleApplication@14f0306a
----------------- Done invoking toplevel() on ptolemy.moml.MoMLSimpleApplication@14f0306a
reloadAllAccessors: .FileWriter3

===========================================================================================
----------------- testing Thu Jul 18 16:02:24 UTC 2019 /home/travis/build/icyphy/ptII/ptolemy/actor/lib/test/auto/Gaussian.xml
----------------- Instantiating /home/travis/build/icyphy/ptII/ptolemy/actor/lib/test/auto/Gaussian.xml
4 ms. Memory: 547840K Free: 455290K (83%)
----------------- Invoking toplevel() on ptolemy.moml.MoMLSimpleApplication@3ea11518
----------------- Done invoking toplevel() on ptolemy.moml.MoMLSimpleApplication@3ea11518
reloadAllAccessors: .Gaussian

===========================================================================================
----------------- testing Thu Jul 18 16:02:24 UTC 2019 /home/travis/build/icyphy/ptII/ptolemy/actor/lib/test/auto/Gaussian1.xml
----------------- Instantiating /home/travis/build/icyphy/ptII/ptolemy/actor/lib/test/auto/Gaussian1.xml
9 ms. Memory: 547840K Free: 449660K (82%)
----------------- Invoking toplevel() on ptolemy.moml.MoMLSimpleApplication@67a4622
----------------- Done invoking toplevel() on ptolemy.moml.MoMLSimpleApplication@67a4622
reloadAllAccessors: .Gaussian1

===========================================================================================
----------------- testing Thu Jul 18 16:02:24 UTC 2019 /home/travis/build/icyphy/ptII/ptolemy/actor/lib/test/auto/Gaussian2.xml
----------------- Instantiating /home/travis/build/icyphy/ptII/ptolemy/actor/lib/test/auto/Gaussian2.xml
2 ms. Memory: 547840K Free: 444540K (81%)
----------------- Invoking toplevel() on ptolemy.moml.MoMLSimpleApplication@5491fd1f
----------------- Done invoking toplevel() on ptolemy.moml.MoMLSimpleApplication@5491fd1f
reloadAllAccessors: .Gaussian2

===========================================================================================
----------------- testing Thu Jul 18 16:02:24 UTC 2019 /home/travis/build/icyphy/ptII/ptolemy/actor/lib/test/auto/GradientAdaptiveLattice.xml
----------------- Instantiating /home/travis/build/icyphy/ptII/ptolemy/actor/lib/test/auto/GradientAdaptiveLattice.xml
3 ms. Memory: 547840K Free: 439420K (80%)
----------------- Invoking toplevel() on ptolemy.moml.MoMLSimpleApplication@4b32d778
----------------- Done invoking toplevel() on ptolemy.moml.MoMLSimpleApplication@4b32d778
reloadAllAccessors: .GradientAdaptiveLattice

===========================================================================================
----------------- testing Thu Jul 18 16:02:24 UTC 2019 /home/travis/build/icyphy/ptII/ptolemy/actor/lib/test/auto/IIR.xml
----------------- Instantiating /home/travis/build/icyphy/ptII/ptolemy/actor/lib/test/auto/IIR.xml
1 ms. Memory: 547840K Free: 435324K (79%)
----------------- Invoking toplevel() on ptolemy.moml.MoMLSimpleApplication@231b4b45
----------------- Done invoking toplevel() on ptolemy.moml.MoMLSimpleApplication@231b4b45
reloadAllAccessors: .IIR

===========================================================================================
----------------- testing Thu Jul 18 16:02:24 UTC 2019 /home/travis/build/icyphy/ptII/ptolemy/actor/lib/test/auto/InputOutputTransparentPorts.xml
----------------- Instantiating /home/travis/build/icyphy/ptII/ptolemy/actor/lib/test/auto/InputOutputTransparentPorts.xml
2 ms. Memory: 547840K Free: 427642K (78%)
----------------- Invoking toplevel() on ptolemy.moml.MoMLSimpleApplication@3a5c6598
----------------- Done invoking toplevel() on ptolemy.moml.MoMLSimpleApplication@3a5c6598
reloadAllAccessors: .InputOutputTransparentPorts

===========================================================================================
----------------- testing Thu Jul 18 16:02:24 UTC 2019 /home/travis/build/icyphy/ptII/ptolemy/actor/lib/test/auto/Interpolator.xml
----------------- Instantiating /home/travis/build/icyphy/ptII/ptolemy/actor/lib/test/auto/Interpolator.xml
5 ms. Memory: 547840K Free: 423546K (77%)
----------------- Invoking toplevel() on ptolemy.moml.MoMLSimpleApplication@480b3c12
----------------- Done invoking toplevel() on ptolemy.moml.MoMLSimpleApplication@480b3c12
reloadAllAccessors: .Interpolator

===========================================================================================
----------------- testing Thu Jul 18 16:02:24 UTC 2019 /home/travis/build/icyphy/ptII/ptolemy/actor/lib/test/auto/InterpolatorFiringLimitDE.xml
----------------- Instantiating /home/travis/build/icyphy/ptII/ptolemy/actor/lib/test/auto/InterpolatorFiringLimitDE.xml
1 ms. Memory: 547840K Free: 417916K (76%)
----------------- Invoking toplevel() on ptolemy.moml.MoMLSimpleApplication@18d6268c
----------------- Done invoking toplevel() on ptolemy.moml.MoMLSimpleApplication@18d6268c
reloadAllAccessors: .InterpolatorFiringLimitDE

===========================================================================================
----------------- testing Thu Jul 18 16:02:24 UTC 2019 /home/travis/build/icyphy/ptII/ptolemy/actor/lib/test/auto/Lattice.xml
----------------- Instantiating /home/travis/build/icyphy/ptII/ptolemy/actor/lib/test/auto/Lattice.xml
1 ms. Memory: 547840K Free: 413820K (76%)
----------------- Invoking toplevel() on ptolemy.moml.MoMLSimpleApplication@66050a89
----------------- Done invoking toplevel() on ptolemy.moml.MoMLSimpleApplication@66050a89
reloadAllAccessors: .Lattice

===========================================================================================
----------------- testing Thu Jul 18 16:02:24 UTC 2019 /home/travis/build/icyphy/ptII/ptolemy/actor/lib/test/auto/LazyAOCTestLazy.xml
----------------- Instantiating /home/travis/build/icyphy/ptII/ptolemy/actor/lib/test/auto/LazyAOCTestLazy.xml
7 ms. Memory: 547840K Free: 407676K (74%)
----------------- Invoking toplevel() on ptolemy.moml.MoMLSimpleApplication@6ff9b4a9
----------------- Done invoking toplevel() on ptolemy.moml.MoMLSimpleApplication@6ff9b4a9
reloadAllAccessors: .LazyAOCTestLazy

===========================================================================================
----------------- testing Thu Jul 18 16:02:24 UTC 2019 /home/travis/build/icyphy/ptII/ptolemy/actor/lib/test/auto/LazyAOCTestNonLazy.xml
----------------- Instantiating /home/travis/build/icyphy/ptII/ptolemy/actor/lib/test/auto/LazyAOCTestNonLazy.xml
2 ms. Memory: 547840K Free: 401532K (73%)
----------------- Invoking toplevel() on ptolemy.moml.MoMLSimpleApplication@8139472
----------------- Done invoking toplevel() on ptolemy.moml.MoMLSimpleApplication@8139472
reloadAllAccessors: .LazyAOCTestNonLazy

===========================================================================================
----------------- testing Thu Jul 18 16:02:24 UTC 2019 /home/travis/build/icyphy/ptII/ptolemy/actor/lib/test/auto/LazyInnerClass.xml
----------------- Instantiating /home/travis/build/icyphy/ptII/ptolemy/actor/lib/test/auto/LazyInnerClass.xml
20 ms. Memory: 547840K Free: 392812K (72%)
----------------- Invoking toplevel() on ptolemy.moml.MoMLSimpleApplication@246890f7
----------------- Done invoking toplevel() on ptolemy.moml.MoMLSimpleApplication@246890f7
reloadAllAccessors: .LazyInnerClass

===========================================================================================
----------------- testing Thu Jul 18 16:02:24 UTC 2019 /home/travis/build/icyphy/ptII/ptolemy/actor/lib/test/auto/LazyPubSub.xml
----------------- Instantiating /home/travis/build/icyphy/ptII/ptolemy/actor/lib/test/auto/LazyPubSub.xml
23 ms. Memory: 547840K Free: 382586K (70%)
----------------- Invoking toplevel() on ptolemy.moml.MoMLSimpleApplication@3a0391f8
----------------- Done invoking toplevel() on ptolemy.moml.MoMLSimpleApplication@3a0391f8
reloadAllAccessors: .LazyPubSub

===========================================================================================
----------------- testing Thu Jul 18 16:02:24 UTC 2019 /home/travis/build/icyphy/ptII/ptolemy/actor/lib/test/auto/LazyPubSub2.xml
----------------- Instantiating /home/travis/build/icyphy/ptII/ptolemy/actor/lib/test/auto/LazyPubSub2.xml
20 ms. Memory: 547840K Free: 372860K (68%)
----------------- Invoking toplevel() on ptolemy.moml.MoMLSimpleApplication@44210ac6
----------------- Done invoking toplevel() on ptolemy.moml.MoMLSimpleApplication@44210ac6
reloadAllAccessors: .LazyPubSub2

===========================================================================================
----------------- testing Thu Jul 18 16:02:24 UTC 2019 /home/travis/build/icyphy/ptII/ptolemy/actor/lib/test/auto/LazyPubSub3.xml
----------------- Instantiating /home/travis/build/icyphy/ptII/ptolemy/actor/lib/test/auto/LazyPubSub3.xml
16 ms. Memory: 547840K Free: 362620K (66%)
----------------- Invoking toplevel() on ptolemy.moml.MoMLSimpleApplication@5baf2846
----------------- Done invoking toplevel() on ptolemy.moml.MoMLSimpleApplication@5baf2846
reloadAllAccessors: .LazyPubSub3

===========================================================================================
----------------- testing Thu Jul 18 16:02:24 UTC 2019 /home/travis/build/icyphy/ptII/ptolemy/actor/lib/test/auto/LazySubClassModel.xml
----------------- Instantiating /home/travis/build/icyphy/ptII/ptolemy/actor/lib/test/auto/LazySubClassModel.xml
2 ms. Memory: 547840K Free: 352890K (64%)
----------------- Invoking toplevel() on ptolemy.moml.MoMLSimpleApplication@49cac4d0
----------------- Done invoking toplevel() on ptolemy.moml.MoMLSimpleApplication@49cac4d0
reloadAllAccessors: .LazySubClassModel

===========================================================================================
----------------- testing Thu Jul 18 16:02:25 UTC 2019 /home/travis/build/icyphy/ptII/ptolemy/actor/lib/test/auto/LevelCrossTest1.xml
----------------- Instantiating /home/travis/build/icyphy/ptII/ptolemy/actor/lib/test/auto/LevelCrossTest1.xml
2 ms. Memory: 547840K Free: 347770K (63%)
----------------- Invoking toplevel() on ptolemy.moml.MoMLSimpleApplication@626980fe
----------------- Done invoking toplevel() on ptolemy.moml.MoMLSimpleApplication@626980fe
reloadAllAccessors: .broken

===========================================================================================
----------------- testing Thu Jul 18 16:02:25 UTC 2019 /home/travis/build/icyphy/ptII/ptolemy/actor/lib/test/auto/LevelCrossTest10.xml
----------------- Instantiating /home/travis/build/icyphy/ptII/ptolemy/actor/lib/test/auto/LevelCrossTest10.xml
1 ms. Memory: 547840K Free: 340602K (62%)
----------------- Invoking toplevel() on ptolemy.moml.MoMLSimpleApplication@724d2914
----------------- Done invoking toplevel() on ptolemy.moml.MoMLSimpleApplication@724d2914
reloadAllAccessors: .LevelCrossTest10

===========================================================================================
----------------- testing Thu Jul 18 16:02:25 UTC 2019 /home/travis/build/icyphy/ptII/ptolemy/actor/lib/test/auto/LevelCrossTest11.xml
----------------- Instantiating /home/travis/build/icyphy/ptII/ptolemy/actor/lib/test/auto/LevelCrossTest11.xml
1 ms. Memory: 547840K Free: 333434K (61%)
----------------- Invoking toplevel() on ptolemy.moml.MoMLSimpleApplication@79c7b382
----------------- Done invoking toplevel() on ptolemy.moml.MoMLSimpleApplication@79c7b382
reloadAllAccessors: .LevelCrossTest11

===========================================================================================
----------------- testing Thu Jul 18 16:02:25 UTC 2019 /home/travis/build/icyphy/ptII/ptolemy/actor/lib/test/auto/LevelCrossTest12.xml
----------------- Instantiating /home/travis/build/icyphy/ptII/ptolemy/actor/lib/test/auto/LevelCrossTest12.xml
1 ms. Memory: 547840K Free: 326780K (60%)
----------------- Invoking toplevel() on ptolemy.moml.MoMLSimpleApplication@7ca0dc51
----------------- Done invoking toplevel() on ptolemy.moml.MoMLSimpleApplication@7ca0dc51
reloadAllAccessors: .LevelCrossTest12

===========================================================================================
----------------- testing Thu Jul 18 16:02:25 UTC 2019 /home/travis/build/icyphy/ptII/ptolemy/actor/lib/test/auto/LevelCrossTest13.xml
----------------- Instantiating /home/travis/build/icyphy/ptII/ptolemy/actor/lib/test/auto/LevelCrossTest13.xml
1 ms. Memory: 547840K Free: 318588K (58%)
----------------- Invoking toplevel() on ptolemy.moml.MoMLSimpleApplication@1000e1d8
----------------- Done invoking toplevel() on ptolemy.moml.MoMLSimpleApplication@1000e1d8
reloadAllAccessors: .LevelCrossTest13

===========================================================================================
----------------- testing Thu Jul 18 16:02:25 UTC 2019 /home/travis/build/icyphy/ptII/ptolemy/actor/lib/test/auto/LevelCrossTest2.xml
----------------- Instantiating /home/travis/build/icyphy/ptII/ptolemy/actor/lib/test/auto/LevelCrossTest2.xml
1 ms. Memory: 547840K Free: 312954K (57%)
----------------- Invoking toplevel() on ptolemy.moml.MoMLSimpleApplication@48e6c9a4
----------------- Done invoking toplevel() on ptolemy.moml.MoMLSimpleApplication@48e6c9a4
reloadAllAccessors: .broken

===========================================================================================
----------------- testing Thu Jul 18 16:02:25 UTC 2019 /home/travis/build/icyphy/ptII/ptolemy/actor/lib/test/auto/LevelCrossTest3.xml
----------------- Instantiating /home/travis/build/icyphy/ptII/ptolemy/actor/lib/test/auto/LevelCrossTest3.xml
1 ms. Memory: 547840K Free: 307324K (56%)
----------------- Invoking toplevel() on ptolemy.moml.MoMLSimpleApplication@7b05c22f
----------------- Done invoking toplevel() on ptolemy.moml.MoMLSimpleApplication@7b05c22f
reloadAllAccessors: .LevelCrossTest3

===========================================================================================
----------------- testing Thu Jul 18 16:02:25 UTC 2019 /home/travis/build/icyphy/ptII/ptolemy/actor/lib/test/auto/LevelCrossTest4.xml
----------------- Instantiating /home/travis/build/icyphy/ptII/ptolemy/actor/lib/test/auto/LevelCrossTest4.xml
2 ms. Memory: 547840K Free: 301690K (55%)
----------------- Invoking toplevel() on ptolemy.moml.MoMLSimpleApplication@1dd30281
----------------- Done invoking toplevel() on ptolemy.moml.MoMLSimpleApplication@1dd30281
reloadAllAccessors: .broken

===========================================================================================
----------------- testing Thu Jul 18 16:02:25 UTC 2019 /home/travis/build/icyphy/ptII/ptolemy/actor/lib/test/auto/LevelCrossTest5.xml
----------------- Instantiating /home/travis/build/icyphy/ptII/ptolemy/actor/lib/test/auto/LevelCrossTest5.xml
2 ms. Memory: 547840K Free: 295516K (54%)
----------------- Invoking toplevel() on ptolemy.moml.MoMLSimpleApplication@3ed69c42
----------------- Done invoking toplevel() on ptolemy.moml.MoMLSimpleApplication@3ed69c42
reloadAllAccessors: .LevelCrossTest5

===========================================================================================
----------------- testing Thu Jul 18 16:02:25 UTC 2019 /home/travis/build/icyphy/ptII/ptolemy/actor/lib/test/auto/LevelCrossTest6.xml
----------------- Instantiating /home/travis/build/icyphy/ptII/ptolemy/actor/lib/test/auto/LevelCrossTest6.xml
4 ms. Memory: 547840K Free: 289916K (53%)
----------------- Invoking toplevel() on ptolemy.moml.MoMLSimpleApplication@33dbd39d
----------------- Done invoking toplevel() on ptolemy.moml.MoMLSimpleApplication@33dbd39d
reloadAllAccessors: .LevelCrossTest6

===========================================================================================
----------------- testing Thu Jul 18 16:02:25 UTC 2019 /home/travis/build/icyphy/ptII/ptolemy/actor/lib/test/auto/LevelCrossTest7.xml
----------------- Instantiating /home/travis/build/icyphy/ptII/ptolemy/actor/lib/test/auto/LevelCrossTest7.xml
1 ms. Memory: 547840K Free: 281724K (51%)
----------------- Invoking toplevel() on ptolemy.moml.MoMLSimpleApplication@771f4d29
----------------- Done invoking toplevel() on ptolemy.moml.MoMLSimpleApplication@771f4d29
reloadAllAccessors: .LevelCrossTest7

===========================================================================================
----------------- testing Thu Jul 18 16:02:25 UTC 2019 /home/travis/build/icyphy/ptII/ptolemy/actor/lib/test/auto/LevelCrossTest8.xml
----------------- Instantiating /home/travis/build/icyphy/ptII/ptolemy/actor/lib/test/auto/LevelCrossTest8.xml
1 ms. Memory: 547840K Free: 274556K (50%)
----------------- Invoking toplevel() on ptolemy.moml.MoMLSimpleApplication@7c08e7c2
----------------- Done invoking toplevel() on ptolemy.moml.MoMLSimpleApplication@7c08e7c2
reloadAllAccessors: .LevelCrossTest8

===========================================================================================
----------------- testing Thu Jul 18 16:02:25 UTC 2019 /home/travis/build/icyphy/ptII/ptolemy/actor/lib/test/auto/LevelCrossTest9.xml
----------------- Instantiating /home/travis/build/icyphy/ptII/ptolemy/actor/lib/test/auto/LevelCrossTest9.xml
2 ms. Memory: 547840K Free: 268412K (49%)
----------------- Invoking toplevel() on ptolemy.moml.MoMLSimpleApplication@458b121
----------------- Done invoking toplevel() on ptolemy.moml.MoMLSimpleApplication@458b121
reloadAllAccessors: .LevelCrossTest9

===========================================================================================
----------------- testing Thu Jul 18 16:02:25 UTC 2019 /home/travis/build/icyphy/ptII/ptolemy/actor/lib/test/auto/LevinsonDurbin.xml
----------------- Instantiating /home/travis/build/icyphy/ptII/ptolemy/actor/lib/test/auto/LevinsonDurbin.xml
2 ms. Memory: 547840K Free: 264316K (48%)
----------------- Invoking toplevel() on ptolemy.moml.MoMLSimpleApplication@718b47e4
----------------- Done invoking toplevel() on ptolemy.moml.MoMLSimpleApplication@718b47e4
reloadAllAccessors: .LevinsonDurbin

===========================================================================================
----------------- testing Thu Jul 18 16:02:25 UTC 2019 /home/travis/build/icyphy/ptII/ptolemy/actor/lib/test/auto/LevinsonDurbin2.xml
----------------- Instantiating /home/travis/build/icyphy/ptII/ptolemy/actor/lib/test/auto/LevinsonDurbin2.xml
1 ms. Memory: 547840K Free: 260220K (47%)
----------------- Invoking toplevel() on ptolemy.moml.MoMLSimpleApplication@c4a74e0
----------------- Done invoking toplevel() on ptolemy.moml.MoMLSimpleApplication@c4a74e0
reloadAllAccessors: .LevinsonDurbin2

===========================================================================================
----------------- testing Thu Jul 18 16:02:25 UTC 2019 /home/travis/build/icyphy/ptII/ptolemy/actor/lib/test/auto/LevinsonDurbin3.xml
----------------- Instantiating /home/travis/build/icyphy/ptII/ptolemy/actor/lib/test/auto/LevinsonDurbin3.xml
2 ms. Memory: 547840K Free: 256124K (47%)
----------------- Invoking toplevel() on ptolemy.moml.MoMLSimpleApplication@2fac4cb
----------------- Done invoking toplevel() on ptolemy.moml.MoMLSimpleApplication@2fac4cb
reloadAllAccessors: .LevinsonDurbin3

===========================================================================================
----------------- testing Thu Jul 18 16:02:25 UTC 2019 /home/travis/build/icyphy/ptII/ptolemy/actor/lib/test/auto/Limiter.xml
----------------- Instantiating /home/travis/build/icyphy/ptII/ptolemy/actor/lib/test/auto/Limiter.xml
12 ms. Memory: 547840K Free: 247418K (45%)
----------------- Invoking toplevel() on ptolemy.moml.MoMLSimpleApplication@3e1aecab
----------------- Done invoking toplevel() on ptolemy.moml.MoMLSimpleApplication@3e1aecab
reloadAllAccessors: .Limiter

===========================================================================================
----------------- testing Thu Jul 18 16:02:25 UTC 2019 /home/travis/build/icyphy/ptII/ptolemy/actor/lib/test/auto/LinearDifferenceEquationSystem.xml
----------------- Instantiating /home/travis/build/icyphy/ptII/ptolemy/actor/lib/test/auto/LinearDifferenceEquationSystem.xml
5 ms. Memory: 547840K Free: 239740K (44%)
----------------- Invoking toplevel() on ptolemy.moml.MoMLSimpleApplication@6d8c2e99
----------------- Done invoking toplevel() on ptolemy.moml.MoMLSimpleApplication@6d8c2e99
reloadAllAccessors: .LinearDifferenceEquationSystem

===========================================================================================
----------------- testing Thu Jul 18 16:02:25 UTC 2019 /home/travis/build/icyphy/ptII/ptolemy/actor/lib/test/auto/LookupTable.xml
----------------- Instantiating /home/travis/build/icyphy/ptII/ptolemy/actor/lib/test/auto/LookupTable.xml
2 ms. Memory: 547840K Free: 235130K (43%)
----------------- Invoking toplevel() on ptolemy.moml.MoMLSimpleApplication@23824eb2
----------------- Done invoking toplevel() on ptolemy.moml.MoMLSimpleApplication@23824eb2
reloadAllAccessors: .LookupTable

===========================================================================================
----------------- testing Thu Jul 18 16:02:25 UTC 2019 /home/travis/build/icyphy/ptII/ptolemy/actor/lib/test/auto/MathFunction.xml
----------------- Instantiating /home/travis/build/icyphy/ptII/ptolemy/actor/lib/test/auto/MathFunction.xml
1 ms. Memory: 547840K Free: 227452K (42%)
----------------- Invoking toplevel() on ptolemy.moml.MoMLSimpleApplication@fd7b820
----------------- Done invoking toplevel() on ptolemy.moml.MoMLSimpleApplication@fd7b820
reloadAllAccessors: .MathFunction

===========================================================================================
----------------- testing Thu Jul 18 16:02:25 UTC 2019 /home/travis/build/icyphy/ptII/ptolemy/actor/lib/test/auto/MathFunction2.xml
----------------- Instantiating /home/travis/build/icyphy/ptII/ptolemy/actor/lib/test/auto/MathFunction2.xml
1 ms. Memory: 547840K Free: 223356K (41%)
----------------- Invoking toplevel() on ptolemy.moml.MoMLSimpleApplication@79678f90
----------------- Done invoking toplevel() on ptolemy.moml.MoMLSimpleApplication@79678f90
reloadAllAccessors: .MathFunction2

===========================================================================================
----------------- testing Thu Jul 18 16:02:25 UTC 2019 /home/travis/build/icyphy/ptII/ptolemy/actor/lib/test/auto/MathFunction3.xml
----------------- Instantiating /home/travis/build/icyphy/ptII/ptolemy/actor/lib/test/auto/MathFunction3.xml
2 ms. Memory: 547840K Free: 216188K (39%)
----------------- Invoking toplevel() on ptolemy.moml.MoMLSimpleApplication@6c049aac
----------------- Done invoking toplevel() on ptolemy.moml.MoMLSimpleApplication@6c049aac
reloadAllAccessors: .MathFunction3

===========================================================================================
----------------- testing Thu Jul 18 16:02:25 UTC 2019 /home/travis/build/icyphy/ptII/ptolemy/actor/lib/test/auto/MatrixCropBoolean.xml
----------------- Instantiating /home/travis/build/icyphy/ptII/ptolemy/actor/lib/test/auto/MatrixCropBoolean.xml
7 ms. Memory: 547840K Free: 211068K (39%)
----------------- Invoking toplevel() on ptolemy.moml.MoMLSimpleApplication@5fd52c4f
----------------- Done invoking toplevel() on ptolemy.moml.MoMLSimpleApplication@5fd52c4f
reloadAllAccessors: .MatrixCropBoolean

===========================================================================================
----------------- testing Thu Jul 18 16:02:25 UTC 2019 /home/travis/build/icyphy/ptII/ptolemy/actor/lib/test/auto/MatrixCropComplex.xml
----------------- Instantiating /home/travis/build/icyphy/ptII/ptolemy/actor/lib/test/auto/MatrixCropComplex.xml
3 ms. Memory: 547840K Free: 206428K (38%)
----------------- Invoking toplevel() on ptolemy.moml.MoMLSimpleApplication@73419b01
----------------- Done invoking toplevel() on ptolemy.moml.MoMLSimpleApplication@73419b01
reloadAllAccessors: .MatrixCropComplex

===========================================================================================
----------------- testing Thu Jul 18 16:02:25 UTC 2019 /home/travis/build/icyphy/ptII/ptolemy/actor/lib/test/auto/MatrixCropDouble.xml
----------------- Instantiating /home/travis/build/icyphy/ptII/ptolemy/actor/lib/test/auto/MatrixCropDouble.xml
4 ms. Memory: 547840K Free: 201308K (37%)
----------------- Invoking toplevel() on ptolemy.moml.MoMLSimpleApplication@515c65cc
----------------- Done invoking toplevel() on ptolemy.moml.MoMLSimpleApplication@515c65cc
reloadAllAccessors: .MatrixCropDouble

===========================================================================================
----------------- testing Thu Jul 18 16:02:25 UTC 2019 /home/travis/build/icyphy/ptII/ptolemy/actor/lib/test/auto/MatrixCropFix.xml
----------------- Instantiating /home/travis/build/icyphy/ptII/ptolemy/actor/lib/test/auto/MatrixCropFix.xml
2 ms. Memory: 547840K Free: 196188K (36%)
----------------- Invoking toplevel() on ptolemy.moml.MoMLSimpleApplication@2e1db2a3
----------------- Done invoking toplevel() on ptolemy.moml.MoMLSimpleApplication@2e1db2a3
reloadAllAccessors: .MatrixCropFix

===========================================================================================
----------------- testing Thu Jul 18 16:02:25 UTC 2019 /home/travis/build/icyphy/ptII/ptolemy/actor/lib/test/auto/MatrixCropInt.xml
----------------- Instantiating /home/travis/build/icyphy/ptII/ptolemy/actor/lib/test/auto/MatrixCropInt.xml
2 ms. Memory: 547840K Free: 191084K (35%)
----------------- Invoking toplevel() on ptolemy.moml.MoMLSimpleApplication@75ac5ef4
----------------- Done invoking toplevel() on ptolemy.moml.MoMLSimpleApplication@75ac5ef4
reloadAllAccessors: .MatrixCropInt

===========================================================================================
----------------- testing Thu Jul 18 16:02:25 UTC 2019 /home/travis/build/icyphy/ptII/ptolemy/actor/lib/test/auto/MatrixCropLong.xml
----------------- Instantiating /home/travis/build/icyphy/ptII/ptolemy/actor/lib/test/auto/MatrixCropLong.xml
1 ms. Memory: 547840K Free: 186492K (34%)
----------------- Invoking toplevel() on ptolemy.moml.MoMLSimpleApplication@8d69c66
----------------- Done invoking toplevel() on ptolemy.moml.MoMLSimpleApplication@8d69c66
reloadAllAccessors: .MatrixCropLong

===========================================================================================
----------------- testing Thu Jul 18 16:02:25 UTC 2019 /home/travis/build/icyphy/ptII/ptolemy/actor/lib/test/auto/MatrixToArray.xml
----------------- Instantiating /home/travis/build/icyphy/ptII/ptolemy/actor/lib/test/auto/MatrixToArray.xml
5 ms. Memory: 547840K Free: 497099K (91%)
----------------- Invoking toplevel() on ptolemy.moml.MoMLSimpleApplication@6e366772
----------------- Done invoking toplevel() on ptolemy.moml.MoMLSimpleApplication@6e366772
reloadAllAccessors: .MatrixToArray

===========================================================================================
----------------- testing Thu Jul 18 16:02:25 UTC 2019 /home/travis/build/icyphy/ptII/ptolemy/actor/lib/test/auto/MaxIndex.xml
----------------- Instantiating /home/travis/build/icyphy/ptII/ptolemy/actor/lib/test/auto/MaxIndex.xml
2 ms. Memory: 547840K Free: 491979K (90%)
----------------- Invoking toplevel() on ptolemy.moml.MoMLSimpleApplication@315ed08e
----------------- Done invoking toplevel() on ptolemy.moml.MoMLSimpleApplication@315ed08e
reloadAllAccessors: .MaxIndex

===========================================================================================
----------------- testing Thu Jul 18 16:02:25 UTC 2019 /home/travis/build/icyphy/ptII/ptolemy/actor/lib/test/auto/Maximum.xml
----------------- Instantiating /home/travis/build/icyphy/ptII/ptolemy/actor/lib/test/auto/Maximum.xml
5 ms. Memory: 547840K Free: 485291K (89%)
----------------- Invoking toplevel() on ptolemy.moml.MoMLSimpleApplication@73dadbba
----------------- Done invoking toplevel() on ptolemy.moml.MoMLSimpleApplication@73dadbba
reloadAllAccessors: .Maximum

===========================================================================================
----------------- testing Thu Jul 18 16:02:25 UTC 2019 /home/travis/build/icyphy/ptII/ptolemy/actor/lib/test/auto/MaximumComplex.xml
----------------- Instantiating /home/travis/build/icyphy/ptII/ptolemy/actor/lib/test/auto/MaximumComplex.xml
5 ms. Memory: 547840K Free: 479163K (87%)
----------------- Invoking toplevel() on ptolemy.moml.MoMLSimpleApplication@acaa061
----------------- Done invoking toplevel() on ptolemy.moml.MoMLSimpleApplication@acaa061
reloadAllAccessors: .MaximumComplex

===========================================================================================
----------------- testing Thu Jul 18 16:02:25 UTC 2019 /home/travis/build/icyphy/ptII/ptolemy/actor/lib/test/auto/MethodCallTest.xml
----------------- Instantiating /home/travis/build/icyphy/ptII/ptolemy/actor/lib/test/auto/MethodCallTest.xml
2 ms. Memory: 547840K Free: 472523K (86%)
----------------- Invoking toplevel() on ptolemy.moml.MoMLSimpleApplication@6e35c0c0
----------------- Done invoking toplevel() on ptolemy.moml.MoMLSimpleApplication@6e35c0c0
reloadAllAccessors: .MethodCallTest

===========================================================================================
----------------- testing Thu Jul 18 16:02:25 UTC 2019 /home/travis/build/icyphy/ptII/ptolemy/actor/lib/test/auto/Minimum.xml
----------------- Instantiating /home/travis/build/icyphy/ptII/ptolemy/actor/lib/test/auto/Minimum.xml
2 ms. Memory: 547840K Free: 466379K (85%)
----------------- Invoking toplevel() on ptolemy.moml.MoMLSimpleApplication@420fdda3
----------------- Done invoking toplevel() on ptolemy.moml.MoMLSimpleApplication@420fdda3
reloadAllAccessors: .Minimum

===========================================================================================
----------------- testing Thu Jul 18 16:02:25 UTC 2019 /home/travis/build/icyphy/ptII/ptolemy/actor/lib/test/auto/MinimumComplex.xml
----------------- Instantiating /home/travis/build/icyphy/ptII/ptolemy/actor/lib/test/auto/MinimumComplex.xml
3 ms. Memory: 547840K Free: 460235K (84%)
----------------- Invoking toplevel() on ptolemy.moml.MoMLSimpleApplication@119a59b1
----------------- Done invoking toplevel() on ptolemy.moml.MoMLSimpleApplication@119a59b1
reloadAllAccessors: .MinimumComplex

===========================================================================================
----------------- testing Thu Jul 18 16:02:25 UTC 2019 /home/travis/build/icyphy/ptII/ptolemy/actor/lib/test/auto/MinimumMultiports.xml
----------------- Instantiating /home/travis/build/icyphy/ptII/ptolemy/actor/lib/test/auto/MinimumMultiports.xml
3 ms. Memory: 547840K Free: 451515K (82%)
----------------- Invoking toplevel() on ptolemy.moml.MoMLSimpleApplication@5939a662
----------------- Done invoking toplevel() on ptolemy.moml.MoMLSimpleApplication@5939a662
reloadAllAccessors: .MinimumMultiports

===========================================================================================
----------------- testing Thu Jul 18 16:02:25 UTC 2019 /home/travis/build/icyphy/ptII/ptolemy/actor/lib/test/auto/ModifyDate.xml
----------------- Instantiating /home/travis/build/icyphy/ptII/ptolemy/actor/lib/test/auto/ModifyDate.xml
8 ms. Memory: 547840K Free: 438731K (80%)
----------------- Invoking toplevel() on ptolemy.moml.MoMLSimpleApplication@160a2c8b
----------------- Done invoking toplevel() on ptolemy.moml.MoMLSimpleApplication@160a2c8b
reloadAllAccessors: .ModifyDate

===========================================================================================
----------------- testing Thu Jul 18 16:02:25 UTC 2019 /home/travis/build/icyphy/ptII/ptolemy/actor/lib/test/auto/ModifyDate2.xml
----------------- Instantiating /home/travis/build/icyphy/ptII/ptolemy/actor/lib/test/auto/ModifyDate2.xml
6 ms. Memory: 547840K Free: 430539K (79%)
----------------- Invoking toplevel() on ptolemy.moml.MoMLSimpleApplication@4088df34
----------------- Done invoking toplevel() on ptolemy.moml.MoMLSimpleApplication@4088df34
reloadAllAccessors: .ModifyDate2

===========================================================================================
----------------- testing Thu Jul 18 16:02:25 UTC 2019 /home/travis/build/icyphy/ptII/ptolemy/actor/lib/test/auto/MovingAverage.xml
----------------- Instantiating /home/travis/build/icyphy/ptII/ptolemy/actor/lib/test/auto/MovingAverage.xml
15 ms. Memory: 547840K Free: 425419K (78%)
----------------- Invoking toplevel() on ptolemy.moml.MoMLSimpleApplication@1e9c8126
----------------- Done invoking toplevel() on ptolemy.moml.MoMLSimpleApplication@1e9c8126
reloadAllAccessors: .MovingAverage

===========================================================================================
----------------- testing Thu Jul 18 16:02:25 UTC 2019 /home/travis/build/icyphy/ptII/ptolemy/actor/lib/test/auto/MovingMaximum.xml
----------------- Instantiating /home/travis/build/icyphy/ptII/ptolemy/actor/lib/test/auto/MovingMaximum.xml
2 ms. Memory: 547840K Free: 420809K (77%)
----------------- Invoking toplevel() on ptolemy.moml.MoMLSimpleApplication@26e33a4a
----------------- Done invoking toplevel() on ptolemy.moml.MoMLSimpleApplication@26e33a4a
reloadAllAccessors: .MovingMaximum

===========================================================================================
----------------- testing Thu Jul 18 16:02:25 UTC 2019 /home/travis/build/icyphy/ptII/ptolemy/actor/lib/test/auto/MultipleLinksToSameRelation.xml
----------------- Instantiating /home/travis/build/icyphy/ptII/ptolemy/actor/lib/test/auto/MultipleLinksToSameRelation.xml
2 ms. Memory: 547840K Free: 416713K (76%)
----------------- Invoking toplevel() on ptolemy.moml.MoMLSimpleApplication@2cd8b4f2
----------------- Done invoking toplevel() on ptolemy.moml.MoMLSimpleApplication@2cd8b4f2
reloadAllAccessors: .MultipleLinksToSameRelation

===========================================================================================
----------------- testing Thu Jul 18 16:02:25 UTC 2019 /home/travis/build/icyphy/ptII/ptolemy/actor/lib/test/auto/MultipleLinksToSameRelationDE.xml
----------------- Instantiating /home/travis/build/icyphy/ptII/ptolemy/actor/lib/test/auto/MultipleLinksToSameRelationDE.xml
4 ms. Memory: 547840K Free: 412107K (75%)
----------------- Invoking toplevel() on ptolemy.moml.MoMLSimpleApplication@40f4d07c
----------------- Done invoking toplevel() on ptolemy.moml.MoMLSimpleApplication@40f4d07c
reloadAllAccessors: .MultipleLinksToSameRelationDE

===========================================================================================
----------------- testing Thu Jul 18 16:02:25 UTC 2019 /home/travis/build/icyphy/ptII/ptolemy/actor/lib/test/auto/Multiplexor.xml
----------------- Instantiating /home/travis/build/icyphy/ptII/ptolemy/actor/lib/test/auto/Multiplexor.xml
2 ms. Memory: 547840K Free: 406987K (74%)
----------------- Invoking toplevel() on ptolemy.moml.MoMLSimpleApplication@2fee7bf2
----------------- Done invoking toplevel() on ptolemy.moml.MoMLSimpleApplication@2fee7bf2
reloadAllAccessors: .Multiplexor

===========================================================================================
----------------- testing Thu Jul 18 16:02:25 UTC 2019 /home/travis/build/icyphy/ptII/ptolemy/actor/lib/test/auto/Multiplexor1.xml
----------------- Instantiating /home/travis/build/icyphy/ptII/ptolemy/actor/lib/test/auto/Multiplexor1.xml
2 ms. Memory: 547840K Free: 401347K (73%)
----------------- Invoking toplevel() on ptolemy.moml.MoMLSimpleApplication@2903cbb8
----------------- Done invoking toplevel() on ptolemy.moml.MoMLSimpleApplication@2903cbb8
reloadAllAccessors: .Multiplexor1

===========================================================================================
----------------- testing Thu Jul 18 16:02:25 UTC 2019 /home/travis/build/icyphy/ptII/ptolemy/actor/lib/test/auto/Multiplexor2.xml
----------------- Instantiating /home/travis/build/icyphy/ptII/ptolemy/actor/lib/test/auto/Multiplexor2.xml
6 ms. Memory: 547840K Free: 394699K (72%)
----------------- Invoking toplevel() on ptolemy.moml.MoMLSimpleApplication@1f7f1c1d
----------------- Done invoking toplevel() on ptolemy.moml.MoMLSimpleApplication@1f7f1c1d
reloadAllAccessors: .Multiplexor2

===========================================================================================
----------------- testing Thu Jul 18 16:02:25 UTC 2019 /home/travis/build/icyphy/ptII/ptolemy/actor/lib/test/auto/Multiplexor3.xml
----------------- Instantiating /home/travis/build/icyphy/ptII/ptolemy/actor/lib/test/auto/Multiplexor3.xml
3 ms. Memory: 547840K Free: 390603K (71%)
----------------- Invoking toplevel() on ptolemy.moml.MoMLSimpleApplication@26e3dc83
----------------- Done invoking toplevel() on ptolemy.moml.MoMLSimpleApplication@26e3dc83
reloadAllAccessors: .Multiplexor3

===========================================================================================
----------------- testing Thu Jul 18 16:02:25 UTC 2019 /home/travis/build/icyphy/ptII/ptolemy/actor/lib/test/auto/MultiplexorDE.xml
----------------- Instantiating /home/travis/build/icyphy/ptII/ptolemy/actor/lib/test/auto/MultiplexorDE.xml
5 ms. Memory: 547840K Free: 383435K (70%)
----------------- Invoking toplevel() on ptolemy.moml.MoMLSimpleApplication@13c81425
----------------- Done invoking toplevel() on ptolemy.moml.MoMLSimpleApplication@13c81425
reloadAllAccessors: .MultiplexorDE

===========================================================================================
----------------- testing Thu Jul 18 16:02:25 UTC 2019 /home/travis/build/icyphy/ptII/ptolemy/actor/lib/test/auto/MultiportBroadcastTest.xml
----------------- Instantiating /home/travis/build/icyphy/ptII/ptolemy/actor/lib/test/auto/MultiportBroadcastTest.xml
84 ms. Memory: 547840K Free: 377291K (69%)
----------------- Invoking toplevel() on ptolemy.moml.MoMLSimpleApplication@72e2268e
----------------- Done invoking toplevel() on ptolemy.moml.MoMLSimpleApplication@72e2268e
reloadAllAccessors: .MultiportBroadcastTest

===========================================================================================
----------------- testing Thu Jul 18 16:02:26 UTC 2019 /home/travis/build/icyphy/ptII/ptolemy/actor/lib/test/auto/MultiportOutHangDuringGetWidth.xml
----------------- Instantiating /home/travis/build/icyphy/ptII/ptolemy/actor/lib/test/auto/MultiportOutHangDuringGetWidth.xml
5 ms. Memory: 547840K Free: 365003K (67%)
----------------- Invoking toplevel() on ptolemy.moml.MoMLSimpleApplication@442ef8fd
----------------- Done invoking toplevel() on ptolemy.moml.MoMLSimpleApplication@442ef8fd
reloadAllAccessors: .MultiportOutHangDuringGetWidth

===========================================================================================
----------------- testing Thu Jul 18 16:02:26 UTC 2019 /home/travis/build/icyphy/ptII/ptolemy/actor/lib/test/auto/NilToken.xml
----------------- Instantiating /home/travis/build/icyphy/ptII/ptolemy/actor/lib/test/auto/NilToken.xml
1 ms. Memory: 547840K Free: 360907K (66%)
----------------- Invoking toplevel() on ptolemy.moml.MoMLSimpleApplication@59f626f7
----------------- Done invoking toplevel() on ptolemy.moml.MoMLSimpleApplication@59f626f7
reloadAllAccessors: .NilToken

===========================================================================================
----------------- testing Thu Jul 18 16:02:26 UTC 2019 /home/travis/build/icyphy/ptII/ptolemy/actor/lib/test/auto/NilTokenNonStrictTest.xml
----------------- Instantiating /home/travis/build/icyphy/ptII/ptolemy/actor/lib/test/auto/NilTokenNonStrictTest.xml
2 ms. Memory: 547840K Free: 356297K (65%)
----------------- Invoking toplevel() on ptolemy.moml.MoMLSimpleApplication@39e0fe24
----------------- Done invoking toplevel() on ptolemy.moml.MoMLSimpleApplication@39e0fe24
reloadAllAccessors: .NilTokenNonStrictTest

===========================================================================================
----------------- testing Thu Jul 18 16:02:26 UTC 2019 /home/travis/build/icyphy/ptII/ptolemy/actor/lib/test/auto/NilTokenRecord.xml
----------------- Instantiating /home/travis/build/icyphy/ptII/ptolemy/actor/lib/test/auto/NilTokenRecord.xml
12 ms. Memory: 547840K Free: 350153K (64%)
----------------- Invoking toplevel() on ptolemy.moml.MoMLSimpleApplication@5adcf73d
----------------- Done invoking toplevel() on ptolemy.moml.MoMLSimpleApplication@5adcf73d
reloadAllAccessors: .NilTokenRecord

===========================================================================================
----------------- testing Thu Jul 18 16:02:26 UTC 2019 /home/travis/build/icyphy/ptII/ptolemy/actor/lib/test/auto/NilTokenTypeTest.xml
----------------- Instantiating /home/travis/build/icyphy/ptII/ptolemy/actor/lib/test/auto/NilTokenTypeTest.xml
6 ms. Memory: 547840K Free: 340427K (62%)
----------------- Invoking toplevel() on ptolemy.moml.MoMLSimpleApplication@7d598cc0
----------------- Done invoking toplevel() on ptolemy.moml.MoMLSimpleApplication@7d598cc0
reloadAllAccessors: .NilTokenTypeTest

===========================================================================================
----------------- testing Thu Jul 18 16:02:26 UTC 2019 /home/travis/build/icyphy/ptII/ptolemy/actor/lib/test/auto/ObjectToken1.xml
----------------- Instantiating /home/travis/build/icyphy/ptII/ptolemy/actor/lib/test/auto/ObjectToken1.xml
2 ms. Memory: 547840K Free: 336331K (61%)
----------------- Invoking toplevel() on ptolemy.moml.MoMLSimpleApplication@2f17ede8
----------------- Done invoking toplevel() on ptolemy.moml.MoMLSimpleApplication@2f17ede8
reloadAllAccessors: .ObjectToken1

===========================================================================================
----------------- testing Thu Jul 18 16:02:26 UTC 2019 /home/travis/build/icyphy/ptII/ptolemy/actor/lib/test/auto/OrderedMerge.xml
----------------- Instantiating /home/travis/build/icyphy/ptII/ptolemy/actor/lib/test/auto/OrderedMerge.xml
13 ms. Memory: 547840K Free: 330697K (60%)
----------------- Invoking toplevel() on ptolemy.moml.MoMLSimpleApplication@3b41b13b
----------------- Done invoking toplevel() on ptolemy.moml.MoMLSimpleApplication@3b41b13b
reloadAllAccessors: .OrderedMerge

===========================================================================================
----------------- testing Thu Jul 18 16:02:26 UTC 2019 /home/travis/build/icyphy/ptII/ptolemy/actor/lib/test/auto/OrderedRecordDisassembler.xml
----------------- Instantiating /home/travis/build/icyphy/ptII/ptolemy/actor/lib/test/auto/OrderedRecordDisassembler.xml
3 ms. Memory: 547840K Free: 325547K (59%)
----------------- Invoking toplevel() on ptolemy.moml.MoMLSimpleApplication@2acda3d8
----------------- Done invoking toplevel() on ptolemy.moml.MoMLSimpleApplication@2acda3d8
reloadAllAccessors: .OrderedRecordDisassembler

===========================================================================================
----------------- testing Thu Jul 18 16:02:26 UTC 2019 /home/travis/build/icyphy/ptII/ptolemy/actor/lib/test/auto/OrderedRecordDisassembler2.xml
----------------- Instantiating /home/travis/build/icyphy/ptII/ptolemy/actor/lib/test/auto/OrderedRecordDisassembler2.xml
4 ms. Memory: 547840K Free: 317899K (58%)
----------------- Invoking toplevel() on ptolemy.moml.MoMLSimpleApplication@7021f4d3
----------------- Done invoking toplevel() on ptolemy.moml.MoMLSimpleApplication@7021f4d3
reloadAllAccessors: .OrderedRecordDisassembler2

===========================================================================================
----------------- testing Thu Jul 18 16:02:26 UTC 2019 /home/travis/build/icyphy/ptII/ptolemy/actor/lib/test/auto/OrderedRecordUpdater.xml
----------------- Instantiating /home/travis/build/icyphy/ptII/ptolemy/actor/lib/test/auto/OrderedRecordUpdater.xml
1 ms. Memory: 547840K Free: 313803K (57%)
----------------- Invoking toplevel() on ptolemy.moml.MoMLSimpleApplication@551e8614
----------------- Done invoking toplevel() on ptolemy.moml.MoMLSimpleApplication@551e8614
reloadAllAccessors: .RecordUpdater

===========================================================================================
----------------- testing Thu Jul 18 16:02:26 UTC 2019 /home/travis/build/icyphy/ptII/ptolemy/actor/lib/test/auto/OrderedRecordUpdater2.xml
----------------- Instantiating /home/travis/build/icyphy/ptII/ptolemy/actor/lib/test/auto/OrderedRecordUpdater2.xml
2 ms. Memory: 547840K Free: 308683K (56%)
----------------- Invoking toplevel() on ptolemy.moml.MoMLSimpleApplication@cfed451
----------------- Done invoking toplevel() on ptolemy.moml.MoMLSimpleApplication@cfed451
reloadAllAccessors: .RecordUpdater2

===========================================================================================
----------------- testing Thu Jul 18 16:02:26 UTC 2019 /home/travis/build/icyphy/ptII/ptolemy/actor/lib/test/auto/PhaseUnwrap.xml
----------------- Instantiating /home/travis/build/icyphy/ptII/ptolemy/actor/lib/test/auto/PhaseUnwrap.xml
2 ms. Memory: 547840K Free: 304073K (56%)
----------------- Invoking toplevel() on ptolemy.moml.MoMLSimpleApplication@30b1c8f1
----------------- Done invoking toplevel() on ptolemy.moml.MoMLSimpleApplication@30b1c8f1
reloadAllAccessors: .PhaseUnwrap

===========================================================================================
----------------- testing Thu Jul 18 16:02:26 UTC 2019 /home/travis/build/icyphy/ptII/ptolemy/actor/lib/test/auto/PoissonClock.xml
----------------- Instantiating /home/travis/build/icyphy/ptII/ptolemy/actor/lib/test/auto/PoissonClock.xml
1 ms. Memory: 547840K Free: 299977K (55%)
----------------- Invoking toplevel() on ptolemy.moml.MoMLSimpleApplication@5afeaa26
----------------- Done invoking toplevel() on ptolemy.moml.MoMLSimpleApplication@5afeaa26
reloadAllAccessors: .PoissonClock

===========================================================================================
----------------- testing Thu Jul 18 16:02:26 UTC 2019 /home/travis/build/icyphy/ptII/ptolemy/actor/lib/test/auto/PoissonClock2.xml
----------------- Instantiating /home/travis/build/icyphy/ptII/ptolemy/actor/lib/test/auto/PoissonClock2.xml
1 ms. Memory: 547840K Free: 295371K (54%)
----------------- Invoking toplevel() on ptolemy.moml.MoMLSimpleApplication@47b88d54
----------------- Done invoking toplevel() on ptolemy.moml.MoMLSimpleApplication@47b88d54
reloadAllAccessors: .PoissonClock2

===========================================================================================
----------------- testing Thu Jul 18 16:02:26 UTC 2019 /home/travis/build/icyphy/ptII/ptolemy/actor/lib/test/auto/PoissonClock3.xml
----------------- Instantiating /home/travis/build/icyphy/ptII/ptolemy/actor/lib/test/auto/PoissonClock3.xml
1 ms. Memory: 547840K Free: 290761K (53%)
----------------- Invoking toplevel() on ptolemy.moml.MoMLSimpleApplication@5b00a677
----------------- Done invoking toplevel() on ptolemy.moml.MoMLSimpleApplication@5b00a677
reloadAllAccessors: .PoissonClock3

===========================================================================================
----------------- testing Thu Jul 18 16:02:26 UTC 2019 /home/travis/build/icyphy/ptII/ptolemy/actor/lib/test/auto/PubSubWithInitialTokens.xml
----------------- Instantiating /home/travis/build/icyphy/ptII/ptolemy/actor/lib/test/auto/PubSubWithInitialTokens.xml
4 ms. Memory: 547840K Free: 285635K (52%)
----------------- Invoking toplevel() on ptolemy.moml.MoMLSimpleApplication@5e25f84c
----------------- Done invoking toplevel() on ptolemy.moml.MoMLSimpleApplication@5e25f84c
reloadAllAccessors: .PubSubWithInitialTokens

===========================================================================================
----------------- testing Thu Jul 18 16:02:26 UTC 2019 /home/travis/build/icyphy/ptII/ptolemy/actor/lib/test/auto/PubSubWithInitialTokens2.xml
----------------- Instantiating /home/travis/build/icyphy/ptII/ptolemy/actor/lib/test/auto/PubSubWithInitialTokens2.xml
2 ms. Memory: 547840K Free: 279483K (51%)
----------------- Invoking toplevel() on ptolemy.moml.MoMLSimpleApplication@323951eb
----------------- Done invoking toplevel() on ptolemy.moml.MoMLSimpleApplication@323951eb
reloadAllAccessors: .PubSubWithInitialTokens2

===========================================================================================
----------------- testing Thu Jul 18 16:02:26 UTC 2019 /home/travis/build/icyphy/ptII/ptolemy/actor/lib/test/auto/PublisherClassNoParameter.xml
----------------- Instantiating /home/travis/build/icyphy/ptII/ptolemy/actor/lib/test/auto/PublisherClassNoParameter.xml
2 ms. Memory: 547840K Free: 269771K (49%)
----------------- Invoking toplevel() on ptolemy.moml.MoMLSimpleApplication@2bc61344
----------------- Done invoking toplevel() on ptolemy.moml.MoMLSimpleApplication@2bc61344
reloadAllAccessors: .PublisherClassNoParameter

===========================================================================================
----------------- testing Thu Jul 18 16:02:26 UTC 2019 /home/travis/build/icyphy/ptII/ptolemy/actor/lib/test/auto/PublisherClassParameter.xml
----------------- Instantiating /home/travis/build/icyphy/ptII/ptolemy/actor/lib/test/auto/PublisherClassParameter.xml
2 ms. Memory: 547840K Free: 259531K (47%)
----------------- Invoking toplevel() on ptolemy.moml.MoMLSimpleApplication@4fec0ff7
----------------- Done invoking toplevel() on ptolemy.moml.MoMLSimpleApplication@4fec0ff7
reloadAllAccessors: .PublisherClassParameter

===========================================================================================
----------------- testing Thu Jul 18 16:02:26 UTC 2019 /home/travis/build/icyphy/ptII/ptolemy/actor/lib/test/auto/PublisherNonStrictTest.xml
----------------- Instantiating /home/travis/build/icyphy/ptII/ptolemy/actor/lib/test/auto/PublisherNonStrictTest.xml
3 ms. Memory: 547840K Free: 251843K (46%)
----------------- Invoking toplevel() on ptolemy.moml.MoMLSimpleApplication@6a69bfbd
----------------- Done invoking toplevel() on ptolemy.moml.MoMLSimpleApplication@6a69bfbd
reloadAllAccessors: .PublisherNonStrictTest

===========================================================================================
----------------- testing Thu Jul 18 16:02:26 UTC 2019 /home/travis/build/icyphy/ptII/ptolemy/actor/lib/test/auto/PublisherPort1.xml
----------------- Instantiating /home/travis/build/icyphy/ptII/ptolemy/actor/lib/test/auto/PublisherPort1.xml
2 ms. Memory: 547840K Free: 246219K (45%)
----------------- Invoking toplevel() on ptolemy.moml.MoMLSimpleApplication@6337be2
----------------- Done invoking toplevel() on ptolemy.moml.MoMLSimpleApplication@6337be2
reloadAllAccessors: .PublisherPort1

===========================================================================================
----------------- testing Thu Jul 18 16:02:26 UTC 2019 /home/travis/build/icyphy/ptII/ptolemy/actor/lib/test/auto/PublisherPort2.xml
----------------- Instantiating /home/travis/build/icyphy/ptII/ptolemy/actor/lib/test/auto/PublisherPort2.xml
1 ms. Memory: 547840K Free: 241099K (44%)
----------------- Invoking toplevel() on ptolemy.moml.MoMLSimpleApplication@113f3479
----------------- Done invoking toplevel() on ptolemy.moml.MoMLSimpleApplication@113f3479
reloadAllAccessors: .PublisherPort2

===========================================================================================
----------------- testing Thu Jul 18 16:02:26 UTC 2019 /home/travis/build/icyphy/ptII/ptolemy/actor/lib/test/auto/PublisherPort3.xml
----------------- Instantiating /home/travis/build/icyphy/ptII/ptolemy/actor/lib/test/auto/PublisherPort3.xml
14 ms. Memory: 547840K Free: 234955K (43%)
----------------- Invoking toplevel() on ptolemy.moml.MoMLSimpleApplication@7f184ee3
----------------- Done invoking toplevel() on ptolemy.moml.MoMLSimpleApplication@7f184ee3
reloadAllAccessors: .PublisherPort3

===========================================================================================
----------------- testing Thu Jul 18 16:02:26 UTC 2019 /home/travis/build/icyphy/ptII/ptolemy/actor/lib/test/auto/PublisherPort4.xml
----------------- Instantiating /home/travis/build/icyphy/ptII/ptolemy/actor/lib/test/auto/PublisherPort4.xml
2 ms. Memory: 547840K Free: 229307K (42%)
----------------- Invoking toplevel() on ptolemy.moml.MoMLSimpleApplication@84dc523
----------------- Done invoking toplevel() on ptolemy.moml.MoMLSimpleApplication@84dc523
reloadAllAccessors: .PublisherPort4

===========================================================================================
----------------- testing Thu Jul 18 16:02:26 UTC 2019 /home/travis/build/icyphy/ptII/ptolemy/actor/lib/test/auto/PublisherPort5.xml
----------------- Instantiating /home/travis/build/icyphy/ptII/ptolemy/actor/lib/test/auto/PublisherPort5.xml
3 ms. Memory: 547840K Free: 221643K (40%)
----------------- Invoking toplevel() on ptolemy.moml.MoMLSimpleApplication@34f08ae1
----------------- Done invoking toplevel() on ptolemy.moml.MoMLSimpleApplication@34f08ae1
reloadAllAccessors: .PublisherPort5

===========================================================================================
----------------- testing Thu Jul 18 16:02:26 UTC 2019 /home/travis/build/icyphy/ptII/ptolemy/actor/lib/test/auto/PublisherPort5LookAlike.xml
----------------- Instantiating /home/travis/build/icyphy/ptII/ptolemy/actor/lib/test/auto/PublisherPort5LookAlike.xml
8 ms. Memory: 547840K Free: 213955K (39%)
----------------- Invoking toplevel() on ptolemy.moml.MoMLSimpleApplication@73abbb0e
----------------- Done invoking toplevel() on ptolemy.moml.MoMLSimpleApplication@73abbb0e
reloadAllAccessors: .PublisherPort5LookAlike

===========================================================================================
----------------- testing Thu Jul 18 16:02:26 UTC 2019 /home/travis/build/icyphy/ptII/ptolemy/actor/lib/test/auto/PublisherPort6.xml
----------------- Instantiating /home/travis/build/icyphy/ptII/ptolemy/actor/lib/test/auto/PublisherPort6.xml
2 ms. Memory: 547840K Free: 207307K (38%)
----------------- Invoking toplevel() on ptolemy.moml.MoMLSimpleApplication@5137038a
----------------- Done invoking toplevel() on ptolemy.moml.MoMLSimpleApplication@5137038a
reloadAllAccessors: .PublisherPort6

===========================================================================================
----------------- testing Thu Jul 18 16:02:26 UTC 2019 /home/travis/build/icyphy/ptII/ptolemy/actor/lib/test/auto/PublisherPort7.xml
----------------- Instantiating /home/travis/build/icyphy/ptII/ptolemy/actor/lib/test/auto/PublisherPort7.xml
3 ms. Memory: 547840K Free: 199625K (36%)
----------------- Invoking toplevel() on ptolemy.moml.MoMLSimpleApplication@6ff11e6e
----------------- Done invoking toplevel() on ptolemy.moml.MoMLSimpleApplication@6ff11e6e
reloadAllAccessors: .PublisherPort7

===========================================================================================
----------------- testing Thu Jul 18 16:02:26 UTC 2019 /home/travis/build/icyphy/ptII/ptolemy/actor/lib/test/auto/PublisherPort8.xml
----------------- Instantiating /home/travis/build/icyphy/ptII/ptolemy/actor/lib/test/auto/PublisherPort8.xml
4 ms. Memory: 547840K Free: 190923K (35%)
----------------- Invoking toplevel() on ptolemy.moml.MoMLSimpleApplication@6562cea0
----------------- Done invoking toplevel() on ptolemy.moml.MoMLSimpleApplication@6562cea0
reloadAllAccessors: .PublisherPort8

===========================================================================================
----------------- testing Thu Jul 18 16:02:26 UTC 2019 /home/travis/build/icyphy/ptII/ptolemy/actor/lib/test/auto/PublisherPortSubscriberChannelVariablesAOC2.xml
----------------- Instantiating /home/travis/build/icyphy/ptII/ptolemy/actor/lib/test/auto/PublisherPortSubscriberChannelVariablesAOC2.xml
9 ms. Memory: 547840K Free: 498717K (91%)
----------------- Invoking toplevel() on ptolemy.moml.MoMLSimpleApplication@16d86c24
----------------- Done invoking toplevel() on ptolemy.moml.MoMLSimpleApplication@16d86c24
reloadAllAccessors: .PublisherPortSubscriberChannelVariablesAOC2

===========================================================================================
----------------- testing Thu Jul 18 16:02:26 UTC 2019 /home/travis/build/icyphy/ptII/ptolemy/actor/lib/test/auto/PublisherPortSubscriberOpaqueWidthInference.xml
----------------- Instantiating /home/travis/build/icyphy/ptII/ptolemy/actor/lib/test/auto/PublisherPortSubscriberOpaqueWidthInference.xml
3 ms. Memory: 547840K Free: 490257K (89%)
----------------- Invoking toplevel() on ptolemy.moml.MoMLSimpleApplication@1c97d135
----------------- Done invoking toplevel() on ptolemy.moml.MoMLSimpleApplication@1c97d135
reloadAllAccessors: .PublisherPortSubscriberOpaqueWidthInference

===========================================================================================
----------------- testing Thu Jul 18 16:02:26 UTC 2019 /home/travis/build/icyphy/ptII/ptolemy/actor/lib/test/auto/PublisherPortSubscriberPortAdjacent.xml
----------------- Instantiating /home/travis/build/icyphy/ptII/ptolemy/actor/lib/test/auto/PublisherPortSubscriberPortAdjacent.xml
2 ms. Memory: 547840K Free: 481585K (88%)
----------------- Invoking toplevel() on ptolemy.moml.MoMLSimpleApplication@7ce811f4
----------------- Done invoking toplevel() on ptolemy.moml.MoMLSimpleApplication@7ce811f4
reloadAllAccessors: .PublisherPortSubscriberPortAdjacent

===========================================================================================
----------------- testing Thu Jul 18 16:02:26 UTC 2019 /home/travis/build/icyphy/ptII/ptolemy/actor/lib/test/auto/PublisherPortSubscriberPortExpression.xml
----------------- Instantiating /home/travis/build/icyphy/ptII/ptolemy/actor/lib/test/auto/PublisherPortSubscriberPortExpression.xml
3 ms. Memory: 547840K Free: 474417K (87%)
----------------- Invoking toplevel() on ptolemy.moml.MoMLSimpleApplication@5aed990f
----------------- Done invoking toplevel() on ptolemy.moml.MoMLSimpleApplication@5aed990f
reloadAllAccessors: .PublisherPortSubscriberPortExpression

===========================================================================================
----------------- testing Thu Jul 18 16:02:26 UTC 2019 /home/travis/build/icyphy/ptII/ptolemy/actor/lib/test/auto/PublisherPortSubscriberPortOpaqueD3Reverse.xml
----------------- Instantiating /home/travis/build/icyphy/ptII/ptolemy/actor/lib/test/auto/PublisherPortSubscriberPortOpaqueD3Reverse.xml
9 ms. Memory: 547840K Free: 464177K (85%)
----------------- Invoking toplevel() on ptolemy.moml.MoMLSimpleApplication@3f86a527
----------------- Done invoking toplevel() on ptolemy.moml.MoMLSimpleApplication@3f86a527
reloadAllAccessors: .PublisherPortSubscriberPortOpaqueD3Reverse

===========================================================================================
----------------- testing Thu Jul 18 16:02:26 UTC 2019 /home/travis/build/icyphy/ptII/ptolemy/actor/lib/test/auto/PublisherPortSubscriberPortOpaqueWidthInference.xml
----------------- Instantiating /home/travis/build/icyphy/ptII/ptolemy/actor/lib/test/auto/PublisherPortSubscriberPortOpaqueWidthInference.xml
4 ms. Memory: 547840K Free: 456481K (83%)
----------------- Invoking toplevel() on ptolemy.moml.MoMLSimpleApplication@7ce520c5
----------------- Done invoking toplevel() on ptolemy.moml.MoMLSimpleApplication@7ce520c5
reloadAllAccessors: .PublisherPortSubscriberPortOpaqueWidthInference

===========================================================================================
----------------- testing Thu Jul 18 16:02:26 UTC 2019 /home/travis/build/icyphy/ptII/ptolemy/actor/lib/test/auto/PublisherPortToplevelSubscriberPortAOC.xml
----------------- Instantiating /home/travis/build/icyphy/ptII/ptolemy/actor/lib/test/auto/PublisherPortToplevelSubscriberPortAOC.xml
.PublisherPortToplevelSubscriberPortAOC.TestExceptionAttribute: initialize() was not invoked, but wrapup() was.  This is unusual, but not always a problem.  For example, exporting JNLP will do this.
1 ms. Memory: 547840K Free: 450351K (82%)
----------------- Invoking toplevel() on ptolemy.moml.MoMLSimpleApplication@291d4c01
----------------- Done invoking toplevel() on ptolemy.moml.MoMLSimpleApplication@291d4c01
reloadAllAccessors: .PublisherPortToplevelSubscriberPortAOC

===========================================================================================
----------------- testing Thu Jul 18 16:02:26 UTC 2019 /home/travis/build/icyphy/ptII/ptolemy/actor/lib/test/auto/PublisherSubscriber.xml
----------------- Instantiating /home/travis/build/icyphy/ptII/ptolemy/actor/lib/test/auto/PublisherSubscriber.xml
2 ms. Memory: 547840K Free: 442673K (81%)
----------------- Invoking toplevel() on ptolemy.moml.MoMLSimpleApplication@3b32e54c
----------------- Done invoking toplevel() on ptolemy.moml.MoMLSimpleApplication@3b32e54c
reloadAllAccessors: .PublisherSubscriber

===========================================================================================
----------------- testing Thu Jul 18 16:02:26 UTC 2019 /home/travis/build/icyphy/ptII/ptolemy/actor/lib/test/auto/PublisherSubscriber10.xml
----------------- Instantiating /home/travis/build/icyphy/ptII/ptolemy/actor/lib/test/auto/PublisherSubscriber10.xml
6 ms. Memory: 547840K Free: 432943K (79%)
----------------- Invoking toplevel() on ptolemy.moml.MoMLSimpleApplication@61d6094e
----------------- Done invoking toplevel() on ptolemy.moml.MoMLSimpleApplication@61d6094e
reloadAllAccessors: .PublisherSubscriber10

===========================================================================================
----------------- testing Thu Jul 18 16:02:26 UTC 2019 /home/travis/build/icyphy/ptII/ptolemy/actor/lib/test/auto/PublisherSubscriber10InitialOutputs.xml
----------------- Instantiating /home/travis/build/icyphy/ptII/ptolemy/actor/lib/test/auto/PublisherSubscriber10InitialOutputs.xml
16 ms. Memory: 547840K Free: 423727K (77%)
----------------- Invoking toplevel() on ptolemy.moml.MoMLSimpleApplication@5724d5f7
----------------- Done invoking toplevel() on ptolemy.moml.MoMLSimpleApplication@5724d5f7
reloadAllAccessors: .PublisherSubscriber10InitialOutputs

===========================================================================================
----------------- testing Thu Jul 18 16:02:26 UTC 2019 /home/travis/build/icyphy/ptII/ptolemy/actor/lib/test/auto/PublisherSubscriber11.xml
----------------- Instantiating /home/travis/build/icyphy/ptII/ptolemy/actor/lib/test/auto/PublisherSubscriber11.xml
3 ms. Memory: 547840K Free: 417073K (76%)
----------------- Invoking toplevel() on ptolemy.moml.MoMLSimpleApplication@37f737f4
----------------- Done invoking toplevel() on ptolemy.moml.MoMLSimpleApplication@37f737f4
reloadAllAccessors: .PublisherSubscriber11

===========================================================================================
----------------- testing Thu Jul 18 16:02:26 UTC 2019 /home/travis/build/icyphy/ptII/ptolemy/actor/lib/test/auto/PublisherSubscriber12.xml
----------------- Instantiating /home/travis/build/icyphy/ptII/ptolemy/actor/lib/test/auto/PublisherSubscriber12.xml
6 ms. Memory: 547840K Free: 410415K (75%)
----------------- Invoking toplevel() on ptolemy.moml.MoMLSimpleApplication@7835002d
----------------- Done invoking toplevel() on ptolemy.moml.MoMLSimpleApplication@7835002d
reloadAllAccessors: .PublisherSubscriber12

===========================================================================================
----------------- testing Thu Jul 18 16:02:26 UTC 2019 /home/travis/build/icyphy/ptII/ptolemy/actor/lib/test/auto/PublisherSubscriber13.xml
----------------- Instantiating /home/travis/build/icyphy/ptII/ptolemy/actor/lib/test/auto/PublisherSubscriber13.xml
2 ms. Memory: 547840K Free: 404785K (74%)
----------------- Invoking toplevel() on ptolemy.moml.MoMLSimpleApplication@55658905
----------------- Done invoking toplevel() on ptolemy.moml.MoMLSimpleApplication@55658905
reloadAllAccessors: .PublisherSubscriber13

===========================================================================================
----------------- testing Thu Jul 18 16:02:26 UTC 2019 /home/travis/build/icyphy/ptII/ptolemy/actor/lib/test/auto/PublisherSubscriber14.xml
----------------- Instantiating /home/travis/build/icyphy/ptII/ptolemy/actor/lib/test/auto/PublisherSubscriber14.xml
2 ms. Memory: 547840K Free: 396065K (72%)
----------------- Invoking toplevel() on ptolemy.moml.MoMLSimpleApplication@4fb2e94f
----------------- Done invoking toplevel() on ptolemy.moml.MoMLSimpleApplication@4fb2e94f
reloadAllAccessors: .PublisherSubscriber14

===========================================================================================
----------------- testing Thu Jul 18 16:02:27 UTC 2019 /home/travis/build/icyphy/ptII/ptolemy/actor/lib/test/auto/PublisherSubscriber2.xml
----------------- Instantiating /home/travis/build/icyphy/ptII/ptolemy/actor/lib/test/auto/PublisherSubscriber2.xml
3 ms. Memory: 547840K Free: 390449K (71%)
----------------- Invoking toplevel() on ptolemy.moml.MoMLSimpleApplication@793fd097
----------------- Done invoking toplevel() on ptolemy.moml.MoMLSimpleApplication@793fd097
reloadAllAccessors: .PublisherSubscriber2

===========================================================================================
----------------- testing Thu Jul 18 16:02:27 UTC 2019 /home/travis/build/icyphy/ptII/ptolemy/actor/lib/test/auto/PublisherSubscriber3.xml
----------------- Instantiating /home/travis/build/icyphy/ptII/ptolemy/actor/lib/test/auto/PublisherSubscriber3.xml
1 ms. Memory: 547840K Free: 385329K (70%)
----------------- Invoking toplevel() on ptolemy.moml.MoMLSimpleApplication@603d1d7a
----------------- Done invoking toplevel() on ptolemy.moml.MoMLSimpleApplication@603d1d7a
reloadAllAccessors: .PublisherSubscriber3

===========================================================================================
----------------- testing Thu Jul 18 16:02:27 UTC 2019 /home/travis/build/icyphy/ptII/ptolemy/actor/lib/test/auto/PublisherSubscriber4.xml
----------------- Instantiating /home/travis/build/icyphy/ptII/ptolemy/actor/lib/test/auto/PublisherSubscriber4.xml
1 ms. Memory: 547840K Free: 380209K (69%)
----------------- Invoking toplevel() on ptolemy.moml.MoMLSimpleApplication@7595baa3
----------------- Done invoking toplevel() on ptolemy.moml.MoMLSimpleApplication@7595baa3
reloadAllAccessors: .PublisherSubscriber4

===========================================================================================
----------------- testing Thu Jul 18 16:02:27 UTC 2019 /home/travis/build/icyphy/ptII/ptolemy/actor/lib/test/auto/PublisherSubscriber5.xml
----------------- Instantiating /home/travis/build/icyphy/ptII/ptolemy/actor/lib/test/auto/PublisherSubscriber5.xml
2 ms. Memory: 547840K Free: 373537K (68%)
----------------- Invoking toplevel() on ptolemy.moml.MoMLSimpleApplication@4c0ccc86
----------------- Done invoking toplevel() on ptolemy.moml.MoMLSimpleApplication@4c0ccc86
reloadAllAccessors: .PublisherSubscriber5

===========================================================================================
----------------- testing Thu Jul 18 16:02:27 UTC 2019 /home/travis/build/icyphy/ptII/ptolemy/actor/lib/test/auto/PublisherSubscriber6.xml
----------------- Instantiating /home/travis/build/icyphy/ptII/ptolemy/actor/lib/test/auto/PublisherSubscriber6.xml
4 ms. Memory: 547840K Free: 366897K (67%)
----------------- Invoking toplevel() on ptolemy.moml.MoMLSimpleApplication@1395b21e
----------------- Done invoking toplevel() on ptolemy.moml.MoMLSimpleApplication@1395b21e
reloadAllAccessors: .PublisherSubscriber6

===========================================================================================
----------------- testing Thu Jul 18 16:02:27 UTC 2019 /home/travis/build/icyphy/ptII/ptolemy/actor/lib/test/auto/PublisherSubscriber7.xml
----------------- Instantiating /home/travis/build/icyphy/ptII/ptolemy/actor/lib/test/auto/PublisherSubscriber7.xml
7 ms. Memory: 547840K Free: 360239K (66%)
----------------- Invoking toplevel() on ptolemy.moml.MoMLSimpleApplication@2c2aef2f
----------------- Done invoking toplevel() on ptolemy.moml.MoMLSimpleApplication@2c2aef2f
reloadAllAccessors: .PublisherSubscriber7

===========================================================================================
----------------- testing Thu Jul 18 16:02:27 UTC 2019 /home/travis/build/icyphy/ptII/ptolemy/actor/lib/test/auto/PublisherSubscriber8.xml
----------------- Instantiating /home/travis/build/icyphy/ptII/ptolemy/actor/lib/test/auto/PublisherSubscriber8.xml
16 ms. Memory: 547840K Free: 348465K (64%)
----------------- Invoking toplevel() on ptolemy.moml.MoMLSimpleApplication@73f8b4a4
----------------- Done invoking toplevel() on ptolemy.moml.MoMLSimpleApplication@73f8b4a4
reloadAllAccessors: .PublisherSubscriber8

===========================================================================================
----------------- testing Thu Jul 18 16:02:27 UTC 2019 /home/travis/build/icyphy/ptII/ptolemy/actor/lib/test/auto/PublisherSubscriber9.xml
----------------- Instantiating /home/travis/build/icyphy/ptII/ptolemy/actor/lib/test/auto/PublisherSubscriber9.xml
3 ms. Memory: 547840K Free: 341297K (62%)
----------------- Invoking toplevel() on ptolemy.moml.MoMLSimpleApplication@455385ad
----------------- Done invoking toplevel() on ptolemy.moml.MoMLSimpleApplication@455385ad
reloadAllAccessors: .PublisherSubscriber9

===========================================================================================
----------------- testing Thu Jul 18 16:02:27 UTC 2019 /home/travis/build/icyphy/ptII/ptolemy/actor/lib/test/auto/PublisherSubscriberAdjacent.xml
----------------- Instantiating /home/travis/build/icyphy/ptII/ptolemy/actor/lib/test/auto/PublisherSubscriberAdjacent.xml
2 ms. Memory: 547840K Free: 333105K (61%)
----------------- Invoking toplevel() on ptolemy.moml.MoMLSimpleApplication@713365d7
----------------- Done invoking toplevel() on ptolemy.moml.MoMLSimpleApplication@713365d7
reloadAllAccessors: .PublisherSubscriberAdjacent

===========================================================================================
----------------- testing Thu Jul 18 16:02:27 UTC 2019 /home/travis/build/icyphy/ptII/ptolemy/actor/lib/test/auto/PublisherSubscriberChannelVariablesAOC2.xml
----------------- Instantiating /home/travis/build/icyphy/ptII/ptolemy/actor/lib/test/auto/PublisherSubscriberChannelVariablesAOC2.xml
2 ms. Memory: 547840K Free: 318255K (58%)
----------------- Invoking toplevel() on ptolemy.moml.MoMLSimpleApplication@7dfe5269
----------------- Done invoking toplevel() on ptolemy.moml.MoMLSimpleApplication@7dfe5269
reloadAllAccessors: .PublisherSubscriberChannelVariablesAOC2

===========================================================================================
----------------- testing Thu Jul 18 16:02:27 UTC 2019 /home/travis/build/icyphy/ptII/ptolemy/actor/lib/test/auto/PublisherSubscriberD3.xml
----------------- Instantiating /home/travis/build/icyphy/ptII/ptolemy/actor/lib/test/auto/PublisherSubscriberD3.xml
2 ms. Memory: 547840K Free: 311087K (57%)
----------------- Invoking toplevel() on ptolemy.moml.MoMLSimpleApplication@47d36694
----------------- Done invoking toplevel() on ptolemy.moml.MoMLSimpleApplication@47d36694
reloadAllAccessors: .PublisherSubscriberD3

===========================================================================================
----------------- testing Thu Jul 18 16:02:27 UTC 2019 /home/travis/build/icyphy/ptII/ptolemy/actor/lib/test/auto/PublisherSubscriberD3Reverse.xml
----------------- Instantiating /home/travis/build/icyphy/ptII/ptolemy/actor/lib/test/auto/PublisherSubscriberD3Reverse.xml
2 ms. Memory: 547840K Free: 304943K (56%)
----------------- Invoking toplevel() on ptolemy.moml.MoMLSimpleApplication@573de954
----------------- Done invoking toplevel() on ptolemy.moml.MoMLSimpleApplication@573de954
reloadAllAccessors: .PublisherSubscriberD3Reverse

===========================================================================================
----------------- testing Thu Jul 18 16:02:27 UTC 2019 /home/travis/build/icyphy/ptII/ptolemy/actor/lib/test/auto/PublisherSubscriberExpression.xml
----------------- Instantiating /home/travis/build/icyphy/ptII/ptolemy/actor/lib/test/auto/PublisherSubscriberExpression.xml
3 ms. Memory: 547840K Free: 296737K (54%)
----------------- Invoking toplevel() on ptolemy.moml.MoMLSimpleApplication@17b28ee0
----------------- Done invoking toplevel() on ptolemy.moml.MoMLSimpleApplication@17b28ee0
reloadAllAccessors: .PublisherSubscriberExpression

===========================================================================================
----------------- testing Thu Jul 18 16:02:27 UTC 2019 /home/travis/build/icyphy/ptII/ptolemy/actor/lib/test/auto/PublisherSubscriberOpaque.xml
----------------- Instantiating /home/travis/build/icyphy/ptII/ptolemy/actor/lib/test/auto/PublisherSubscriberOpaque.xml
3 ms. Memory: 547840K Free: 288559K (53%)
----------------- Invoking toplevel() on ptolemy.moml.MoMLSimpleApplication@75c233b1
----------------- Done invoking toplevel() on ptolemy.moml.MoMLSimpleApplication@75c233b1
reloadAllAccessors: .PublisherSubscriberOpaque

===========================================================================================
----------------- testing Thu Jul 18 16:02:27 UTC 2019 /home/travis/build/icyphy/ptII/ptolemy/actor/lib/test/auto/PublisherSubscriberOpaqueD3.xml
----------------- Instantiating /home/travis/build/icyphy/ptII/ptolemy/actor/lib/test/auto/PublisherSubscriberOpaqueD3.xml
4 ms. Memory: 547840K Free: 277295K (51%)
----------------- Invoking toplevel() on ptolemy.moml.MoMLSimpleApplication@b3bc5ec
----------------- Done invoking toplevel() on ptolemy.moml.MoMLSimpleApplication@b3bc5ec
reloadAllAccessors: .PublisherSubscriberOpaqueD3

===========================================================================================
----------------- testing Thu Jul 18 16:02:27 UTC 2019 /home/travis/build/icyphy/ptII/ptolemy/actor/lib/test/auto/PublisherSubscriberOpaqueD3Reverse.xml
----------------- Instantiating /home/travis/build/icyphy/ptII/ptolemy/actor/lib/test/auto/PublisherSubscriberOpaqueD3Reverse.xml
7 ms. Memory: 547840K Free: 266545K (49%)
----------------- Invoking toplevel() on ptolemy.moml.MoMLSimpleApplication@3d8179f5
----------------- Done invoking toplevel() on ptolemy.moml.MoMLSimpleApplication@3d8179f5
reloadAllAccessors: .PublisherSubscriberOpaqueD3Reverse

===========================================================================================
----------------- testing Thu Jul 18 16:02:27 UTC 2019 /home/travis/build/icyphy/ptII/ptolemy/actor/lib/test/auto/PublisherSubscriberOpaqueWidthInference.xml
----------------- Instantiating /home/travis/build/icyphy/ptII/ptolemy/actor/lib/test/auto/PublisherSubscriberOpaqueWidthInference.xml
3 ms. Memory: 547840K Free: 258353K (47%)
----------------- Invoking toplevel() on ptolemy.moml.MoMLSimpleApplication@2a93c3c
----------------- Done invoking toplevel() on ptolemy.moml.MoMLSimpleApplication@2a93c3c
reloadAllAccessors: .PublisherSubscriberOpaqueWidthInference

===========================================================================================
----------------- testing Thu Jul 18 16:02:27 UTC 2019 /home/travis/build/icyphy/ptII/ptolemy/actor/lib/test/auto/PublisherTestSubscriber.xml
----------------- Instantiating /home/travis/build/icyphy/ptII/ptolemy/actor/lib/test/auto/PublisherTestSubscriber.xml
3 ms. Memory: 547840K Free: 250665K (46%)
----------------- Invoking toplevel() on ptolemy.moml.MoMLSimpleApplication@498abbae
----------------- Done invoking toplevel() on ptolemy.moml.MoMLSimpleApplication@498abbae
reloadAllAccessors: .PublisherTestSubscriber

===========================================================================================
----------------- testing Thu Jul 18 16:02:27 UTC 2019 /home/travis/build/icyphy/ptII/ptolemy/actor/lib/test/auto/PublisherToplevelSubscriberPortAOC.xml
----------------- Instantiating /home/travis/build/icyphy/ptII/ptolemy/actor/lib/test/auto/PublisherToplevelSubscriberPortAOC.xml
2 ms. Memory: 547840K Free: 244017K (45%)
----------------- Invoking toplevel() on ptolemy.moml.MoMLSimpleApplication@3bb3460
----------------- Done invoking toplevel() on ptolemy.moml.MoMLSimpleApplication@3bb3460
reloadAllAccessors: .PublisherToplevelSubscriberPortAOC

===========================================================================================
----------------- testing Thu Jul 18 16:02:27 UTC 2019 /home/travis/build/icyphy/ptII/ptolemy/actor/lib/test/auto/PulseFiringLimitDE.xml
----------------- Instantiating /home/travis/build/icyphy/ptII/ptolemy/actor/lib/test/auto/PulseFiringLimitDE.xml
2 ms. Memory: 547840K Free: 237359K (43%)
----------------- Invoking toplevel() on ptolemy.moml.MoMLSimpleApplication@4f6c19f4
----------------- Done invoking toplevel() on ptolemy.moml.MoMLSimpleApplication@4f6c19f4
reloadAllAccessors: .PulseFiringLimitDE

===========================================================================================
----------------- testing Thu Jul 18 16:02:27 UTC 2019 /home/travis/build/icyphy/ptII/ptolemy/actor/lib/test/auto/Ramp1.xml
----------------- Instantiating /home/travis/build/icyphy/ptII/ptolemy/actor/lib/test/auto/Ramp1.xml
1 ms. Memory: 547840K Free: 233257K (43%)
----------------- Invoking toplevel() on ptolemy.moml.MoMLSimpleApplication@6c266026
----------------- Done invoking toplevel() on ptolemy.moml.MoMLSimpleApplication@6c266026
reloadAllAccessors: .Ramp1

===========================================================================================
----------------- testing Thu Jul 18 16:02:27 UTC 2019 /home/travis/build/icyphy/ptII/ptolemy/actor/lib/test/auto/RampFiringLimitDE.xml
----------------- Instantiating /home/travis/build/icyphy/ptII/ptolemy/actor/lib/test/auto/RampFiringLimitDE.xml
2 ms. Memory: 547840K Free: 227105K (41%)
----------------- Invoking toplevel() on ptolemy.moml.MoMLSimpleApplication@435e8217
----------------- Done invoking toplevel() on ptolemy.moml.MoMLSimpleApplication@435e8217
reloadAllAccessors: .RampFiringLimitDE

===========================================================================================
----------------- testing Thu Jul 18 16:02:27 UTC 2019 /home/travis/build/icyphy/ptII/ptolemy/actor/lib/test/auto/RampFiringLimitSDF.xml
----------------- Instantiating /home/travis/build/icyphy/ptII/ptolemy/actor/lib/test/auto/RampFiringLimitSDF.xml
2 ms. Memory: 547840K Free: 221985K (41%)
----------------- Invoking toplevel() on ptolemy.moml.MoMLSimpleApplication@668b67cb
----------------- Done invoking toplevel() on ptolemy.moml.MoMLSimpleApplication@668b67cb
reloadAllAccessors: .RampFiringLimitSDF

===========================================================================================
----------------- testing Thu Jul 18 16:02:27 UTC 2019 /home/travis/build/icyphy/ptII/ptolemy/actor/lib/test/auto/RandomInteger.xml
----------------- Instantiating /home/travis/build/icyphy/ptII/ptolemy/actor/lib/test/auto/RandomInteger.xml
1 ms. Memory: 547840K Free: 217903K (40%)
----------------- Invoking toplevel() on ptolemy.moml.MoMLSimpleApplication@296e68bc
----------------- Done invoking toplevel() on ptolemy.moml.MoMLSimpleApplication@296e68bc
reloadAllAccessors: .RandomInteger

===========================================================================================
----------------- testing Thu Jul 18 16:02:27 UTC 2019 /home/travis/build/icyphy/ptII/ptolemy/actor/lib/test/auto/ReadFile1.xml
----------------- Instantiating /home/travis/build/icyphy/ptII/ptolemy/actor/lib/test/auto/ReadFile1.xml
2 ms. Memory: 547840K Free: 213297K (39%)
----------------- Invoking toplevel() on ptolemy.moml.MoMLSimpleApplication@3d4af85a
----------------- Done invoking toplevel() on ptolemy.moml.MoMLSimpleApplication@3d4af85a
reloadAllAccessors: .ReadFile1

===========================================================================================
----------------- testing Thu Jul 18 16:02:27 UTC 2019 /home/travis/build/icyphy/ptII/ptolemy/actor/lib/test/auto/ReadFile2.xml
----------------- Instantiating /home/travis/build/icyphy/ptII/ptolemy/actor/lib/test/auto/ReadFile2.xml
1 ms. Memory: 547840K Free: 209201K (38%)
----------------- Invoking toplevel() on ptolemy.moml.MoMLSimpleApplication@540a1b55
----------------- Done invoking toplevel() on ptolemy.moml.MoMLSimpleApplication@540a1b55
reloadAllAccessors: .ReadFile2

===========================================================================================
----------------- testing Thu Jul 18 16:02:27 UTC 2019 /home/travis/build/icyphy/ptII/ptolemy/actor/lib/test/auto/Reader.xml
----------------- Instantiating /home/travis/build/icyphy/ptII/ptolemy/actor/lib/test/auto/Reader.xml
actor.lib.Reader is obsolete, use actor.lib.io.ExpressionReader instead
4 ms. Memory: 547840K Free: 205105K (37%)
----------------- Invoking toplevel() on ptolemy.moml.MoMLSimpleApplication@4261c216
----------------- Done invoking toplevel() on ptolemy.moml.MoMLSimpleApplication@4261c216
reloadAllAccessors: .Reader

===========================================================================================
----------------- testing Thu Jul 18 16:02:27 UTC 2019 /home/travis/build/icyphy/ptII/ptolemy/actor/lib/test/auto/RecordAssemblerDisplayNameTest.xml
----------------- Instantiating /home/travis/build/icyphy/ptII/ptolemy/actor/lib/test/auto/RecordAssemblerDisplayNameTest.xml
3542 ms. Memory: 547840K Free: 293466K (54%)
----------------- Invoking toplevel() on ptolemy.moml.MoMLSimpleApplication@7c7b3ddb
----------------- Done invoking toplevel() on ptolemy.moml.MoMLSimpleApplication@7c7b3ddb
reloadAllAccessors: .RecordAssemblerDisplayNameTest

===========================================================================================
----------------- testing Thu Jul 18 16:02:31 UTC 2019 /home/travis/build/icyphy/ptII/ptolemy/actor/lib/test/auto/RecordAssemblerTypeError.xml
----------------- Instantiating /home/travis/build/icyphy/ptII/ptolemy/actor/lib/test/auto/RecordAssemblerTypeError.xml
19 ms. Memory: 547840K Free: 283736K (52%)
----------------- Invoking toplevel() on ptolemy.moml.MoMLSimpleApplication@5c1782e4
----------------- Done invoking toplevel() on ptolemy.moml.MoMLSimpleApplication@5c1782e4
reloadAllAccessors: .RecordAssemblerTypeError

===========================================================================================
----------------- testing Thu Jul 18 16:02:31 UTC 2019 /home/travis/build/icyphy/ptII/ptolemy/actor/lib/test/auto/RecordDisassember.xml
----------------- Instantiating /home/travis/build/icyphy/ptII/ptolemy/actor/lib/test/auto/RecordDisassember.xml
3 ms. Memory: 547840K Free: 279130K (51%)
----------------- Invoking toplevel() on ptolemy.moml.MoMLSimpleApplication@5dae894f
----------------- Done invoking toplevel() on ptolemy.moml.MoMLSimpleApplication@5dae894f
reloadAllAccessors: .RecordDisassember

===========================================================================================
----------------- testing Thu Jul 18 16:02:31 UTC 2019 /home/travis/build/icyphy/ptII/ptolemy/actor/lib/test/auto/RecordDisassemberDisplayNameTest.xml
----------------- Instantiating /home/travis/build/icyphy/ptII/ptolemy/actor/lib/test/auto/RecordDisassemberDisplayNameTest.xml
6 ms. Memory: 547840K Free: 270938K (49%)
----------------- Invoking toplevel() on ptolemy.moml.MoMLSimpleApplication@43216759
----------------- Done invoking toplevel() on ptolemy.moml.MoMLSimpleApplication@43216759
reloadAllAccessors: .RecordDisassemberDisplayNameTest

===========================================================================================
----------------- testing Thu Jul 18 16:02:31 UTC 2019 /home/travis/build/icyphy/ptII/ptolemy/actor/lib/test/auto/RecordDisassembler.xml
----------------- Instantiating /home/travis/build/icyphy/ptII/ptolemy/actor/lib/test/auto/RecordDisassembler.xml
2 ms. Memory: 547840K Free: 265818K (49%)
----------------- Invoking toplevel() on ptolemy.moml.MoMLSimpleApplication@10ccca68
----------------- Done invoking toplevel() on ptolemy.moml.MoMLSimpleApplication@10ccca68
reloadAllAccessors: .RecordDisassembler

===========================================================================================
----------------- testing Thu Jul 18 16:02:31 UTC 2019 /home/travis/build/icyphy/ptII/ptolemy/actor/lib/test/auto/RecordDisassembler2.xml
----------------- Instantiating /home/travis/build/icyphy/ptII/ptolemy/actor/lib/test/auto/RecordDisassembler2.xml
3 ms. Memory: 547840K Free: 260698K (48%)
----------------- Invoking toplevel() on ptolemy.moml.MoMLSimpleApplication@252c4d1d
----------------- Done invoking toplevel() on ptolemy.moml.MoMLSimpleApplication@252c4d1d
reloadAllAccessors: .RecordDisassembler2

===========================================================================================
----------------- testing Thu Jul 18 16:02:31 UTC 2019 /home/travis/build/icyphy/ptII/ptolemy/actor/lib/test/auto/RecordUpdater.xml
----------------- Instantiating /home/travis/build/icyphy/ptII/ptolemy/actor/lib/test/auto/RecordUpdater.xml
2 ms. Memory: 547840K Free: 256088K (47%)
----------------- Invoking toplevel() on ptolemy.moml.MoMLSimpleApplication@541a42de
----------------- Done invoking toplevel() on ptolemy.moml.MoMLSimpleApplication@541a42de
reloadAllAccessors: .RecordUpdater

===========================================================================================
----------------- testing Thu Jul 18 16:02:31 UTC 2019 /home/travis/build/icyphy/ptII/ptolemy/actor/lib/test/auto/RecordUpdater2.xml
----------------- Instantiating /home/travis/build/icyphy/ptII/ptolemy/actor/lib/test/auto/RecordUpdater2.xml
2 ms. Memory: 547840K Free: 250968K (46%)
----------------- Invoking toplevel() on ptolemy.moml.MoMLSimpleApplication@3f2c933e
----------------- Done invoking toplevel() on ptolemy.moml.MoMLSimpleApplication@3f2c933e
reloadAllAccessors: .RecordUpdater2

===========================================================================================
----------------- testing Thu Jul 18 16:02:31 UTC 2019 /home/travis/build/icyphy/ptII/ptolemy/actor/lib/test/auto/RecursiveLattice.xml
----------------- Instantiating /home/travis/build/icyphy/ptII/ptolemy/actor/lib/test/auto/RecursiveLattice.xml
2 ms. Memory: 547840K Free: 246872K (45%)
----------------- Invoking toplevel() on ptolemy.moml.MoMLSimpleApplication@259b33db
----------------- Done invoking toplevel() on ptolemy.moml.MoMLSimpleApplication@259b33db
reloadAllAccessors: .RecursiveLattice

===========================================================================================
----------------- testing Thu Jul 18 16:02:31 UTC 2019 /home/travis/build/icyphy/ptII/ptolemy/actor/lib/test/auto/Router.xml
----------------- Instantiating /home/travis/build/icyphy/ptII/ptolemy/actor/lib/test/auto/Router.xml
3004 ms. Memory: 547840K Free: 236632K (43%)
----------------- Invoking toplevel() on ptolemy.moml.MoMLSimpleApplication@51df2530
----------------- Done invoking toplevel() on ptolemy.moml.MoMLSimpleApplication@51df2530
reloadAllAccessors: .Router

===========================================================================================
----------------- testing Thu Jul 18 16:02:34 UTC 2019 /home/travis/build/icyphy/ptII/ptolemy/actor/lib/test/auto/Router2.xml
----------------- Instantiating /home/travis/build/icyphy/ptII/ptolemy/actor/lib/test/auto/Router2.xml
3008 ms. Memory: 547840K Free: 226392K (41%)
----------------- Invoking toplevel() on ptolemy.moml.MoMLSimpleApplication@3a6f350e
----------------- Done invoking toplevel() on ptolemy.moml.MoMLSimpleApplication@3a6f350e
reloadAllAccessors: .Router2

===========================================================================================
----------------- testing Thu Jul 18 16:02:37 UTC 2019 /home/travis/build/icyphy/ptII/ptolemy/actor/lib/test/auto/RunningMaximum.xml
----------------- Instantiating /home/travis/build/icyphy/ptII/ptolemy/actor/lib/test/auto/RunningMaximum.xml
2 ms. Memory: 547840K Free: 221786K (40%)
----------------- Invoking toplevel() on ptolemy.moml.MoMLSimpleApplication@28038a1d
----------------- Done invoking toplevel() on ptolemy.moml.MoMLSimpleApplication@28038a1d
reloadAllAccessors: .RunningMaximum

===========================================================================================
----------------- testing Thu Jul 18 16:02:37 UTC 2019 /home/travis/build/icyphy/ptII/ptolemy/actor/lib/test/auto/RunningMinimum.xml
----------------- Instantiating /home/travis/build/icyphy/ptII/ptolemy/actor/lib/test/auto/RunningMinimum.xml
1 ms. Memory: 547840K Free: 217176K (40%)
----------------- Invoking toplevel() on ptolemy.moml.MoMLSimpleApplication@cef8482
----------------- Done invoking toplevel() on ptolemy.moml.MoMLSimpleApplication@cef8482
reloadAllAccessors: .RunningMinimum

===========================================================================================
----------------- testing Thu Jul 18 16:02:37 UTC 2019 /home/travis/build/icyphy/ptII/ptolemy/actor/lib/test/auto/Scale.xml
----------------- Instantiating /home/travis/build/icyphy/ptII/ptolemy/actor/lib/test/auto/Scale.xml
2 ms. Memory: 547840K Free: 212570K (39%)
----------------- Invoking toplevel() on ptolemy.moml.MoMLSimpleApplication@21d75484
----------------- Done invoking toplevel() on ptolemy.moml.MoMLSimpleApplication@21d75484
reloadAllAccessors: .Scale

===========================================================================================
----------------- testing Thu Jul 18 16:02:37 UTC 2019 /home/travis/build/icyphy/ptII/ptolemy/actor/lib/test/auto/Scale2.xml
----------------- Instantiating /home/travis/build/icyphy/ptII/ptolemy/actor/lib/test/auto/Scale2.xml
2 ms. Memory: 547840K Free: 207960K (38%)
----------------- Invoking toplevel() on ptolemy.moml.MoMLSimpleApplication@66e232e4
----------------- Done invoking toplevel() on ptolemy.moml.MoMLSimpleApplication@66e232e4
reloadAllAccessors: .Scale2

===========================================================================================
----------------- testing Thu Jul 18 16:02:37 UTC 2019 /home/travis/build/icyphy/ptII/ptolemy/actor/lib/test/auto/Scale3.xml
----------------- Instantiating /home/travis/build/icyphy/ptII/ptolemy/actor/lib/test/auto/Scale3.xml
3 ms. Memory: 547840K Free: 201816K (37%)
----------------- Invoking toplevel() on ptolemy.moml.MoMLSimpleApplication@16cffd85
----------------- Done invoking toplevel() on ptolemy.moml.MoMLSimpleApplication@16cffd85
reloadAllAccessors: .Scale3

===========================================================================================
----------------- testing Thu Jul 18 16:02:37 UTC 2019 /home/travis/build/icyphy/ptII/ptolemy/actor/lib/test/auto/ScaleArray.xml
----------------- Instantiating /home/travis/build/icyphy/ptII/ptolemy/actor/lib/test/auto/ScaleArray.xml
1 ms. Memory: 547840K Free: 197210K (36%)
----------------- Invoking toplevel() on ptolemy.moml.MoMLSimpleApplication@3ee9380c
----------------- Done invoking toplevel() on ptolemy.moml.MoMLSimpleApplication@3ee9380c
reloadAllAccessors: .ScaleArray

===========================================================================================
----------------- testing Thu Jul 18 16:02:37 UTC 2019 /home/travis/build/icyphy/ptII/ptolemy/actor/lib/test/auto/ScaleArray2.xml
----------------- Instantiating /home/travis/build/icyphy/ptII/ptolemy/actor/lib/test/auto/ScaleArray2.xml
1 ms. Memory: 547840K Free: 192600K (35%)
----------------- Invoking toplevel() on ptolemy.moml.MoMLSimpleApplication@2747a0
----------------- Done invoking toplevel() on ptolemy.moml.MoMLSimpleApplication@2747a0
reloadAllAccessors: .ScaleArray2

===========================================================================================
----------------- testing Thu Jul 18 16:02:37 UTC 2019 /home/travis/build/icyphy/ptII/ptolemy/actor/lib/test/auto/ScaleMatrix.xml
----------------- Instantiating /home/travis/build/icyphy/ptII/ptolemy/actor/lib/test/auto/ScaleMatrix.xml
131 ms. Memory: 547840K Free: 179802K (33%)
----------------- Invoking toplevel() on ptolemy.moml.MoMLSimpleApplication@173ddcd7
----------------- Done invoking toplevel() on ptolemy.moml.MoMLSimpleApplication@173ddcd7
reloadAllAccessors: .ScaleMatrix

===========================================================================================
----------------- testing Thu Jul 18 16:02:37 UTC 2019 /home/travis/build/icyphy/ptII/ptolemy/actor/lib/test/auto/Select.xml
----------------- Instantiating /home/travis/build/icyphy/ptII/ptolemy/actor/lib/test/auto/Select.xml
11 ms. Memory: 547840K Free: 498170K (91%)
----------------- Invoking toplevel() on ptolemy.moml.MoMLSimpleApplication@10a08ee5
----------------- Done invoking toplevel() on ptolemy.moml.MoMLSimpleApplication@10a08ee5
reloadAllAccessors: .Select

===========================================================================================
----------------- testing Thu Jul 18 16:02:37 UTC 2019 /home/travis/build/icyphy/ptII/ptolemy/actor/lib/test/auto/Select2.xml
----------------- Instantiating /home/travis/build/icyphy/ptII/ptolemy/actor/lib/test/auto/Select2.xml
2 ms. Memory: 547840K Free: 493160K (90%)
----------------- Invoking toplevel() on ptolemy.moml.MoMLSimpleApplication@3d040d00
----------------- Done invoking toplevel() on ptolemy.moml.MoMLSimpleApplication@3d040d00
reloadAllAccessors: .Select2

===========================================================================================
----------------- testing Thu Jul 18 16:02:37 UTC 2019 /home/travis/build/icyphy/ptII/ptolemy/actor/lib/test/auto/SequenceToArray2.xml
----------------- Instantiating /home/travis/build/icyphy/ptII/ptolemy/actor/lib/test/auto/SequenceToArray2.xml
104 ms. Memory: 547840K Free: 469098K (86%)
----------------- Invoking toplevel() on ptolemy.moml.MoMLSimpleApplication@2e5a58aa
----------------- Done invoking toplevel() on ptolemy.moml.MoMLSimpleApplication@2e5a58aa
reloadAllAccessors: .SequenceToArray2

===========================================================================================
----------------- testing Thu Jul 18 16:02:37 UTC 2019 /home/travis/build/icyphy/ptII/ptolemy/actor/lib/test/auto/SequentialClock.xml
----------------- Instantiating /home/travis/build/icyphy/ptII/ptolemy/actor/lib/test/auto/SequentialClock.xml
2 ms. Memory: 547840K Free: 465002K (85%)
----------------- Invoking toplevel() on ptolemy.moml.MoMLSimpleApplication@54188d67
----------------- Done invoking toplevel() on ptolemy.moml.MoMLSimpleApplication@54188d67
reloadAllAccessors: .SequentialClock

===========================================================================================
----------------- testing Thu Jul 18 16:02:37 UTC 2019 /home/travis/build/icyphy/ptII/ptolemy/actor/lib/test/auto/SetVariable.xml
----------------- Instantiating /home/travis/build/icyphy/ptII/ptolemy/actor/lib/test/auto/SetVariable.xml
3 ms. Memory: 547840K Free: 460392K (84%)
----------------- Invoking toplevel() on ptolemy.moml.MoMLSimpleApplication@40f7f5db
----------------- Done invoking toplevel() on ptolemy.moml.MoMLSimpleApplication@40f7f5db
reloadAllAccessors: .SetVariable

===========================================================================================
----------------- testing Thu Jul 18 16:02:37 UTC 2019 /home/travis/build/icyphy/ptII/ptolemy/actor/lib/test/auto/SetVariable2.xml
----------------- Instantiating /home/travis/build/icyphy/ptII/ptolemy/actor/lib/test/auto/SetVariable2.xml
3 ms. Memory: 547840K Free: 454762K (83%)
----------------- Invoking toplevel() on ptolemy.moml.MoMLSimpleApplication@4aff6a35
----------------- Done invoking toplevel() on ptolemy.moml.MoMLSimpleApplication@4aff6a35
reloadAllAccessors: .SetVariable2

===========================================================================================
----------------- testing Thu Jul 18 16:02:37 UTC 2019 /home/travis/build/icyphy/ptII/ptolemy/actor/lib/test/auto/SetVariable3.xml
----------------- Instantiating /home/travis/build/icyphy/ptII/ptolemy/actor/lib/test/auto/SetVariable3.xml
7 ms. Memory: 547840K Free: 449642K (82%)
----------------- Invoking toplevel() on ptolemy.moml.MoMLSimpleApplication@22562525
----------------- Done invoking toplevel() on ptolemy.moml.MoMLSimpleApplication@22562525
reloadAllAccessors: .SetVariable3

===========================================================================================
----------------- testing Thu Jul 18 16:02:37 UTC 2019 /home/travis/build/icyphy/ptII/ptolemy/actor/lib/test/auto/SetVariable4.xml
----------------- Instantiating /home/travis/build/icyphy/ptII/ptolemy/actor/lib/test/auto/SetVariable4.xml
9 ms. Memory: 547840K Free: 440424K (80%)
----------------- Invoking toplevel() on ptolemy.moml.MoMLSimpleApplication@2610a7a9
----------------- Done invoking toplevel() on ptolemy.moml.MoMLSimpleApplication@2610a7a9
reloadAllAccessors: .SetVariable4

===========================================================================================
----------------- testing Thu Jul 18 16:02:37 UTC 2019 /home/travis/build/icyphy/ptII/ptolemy/actor/lib/test/auto/SetVariable5.xml
----------------- Instantiating /home/travis/build/icyphy/ptII/ptolemy/actor/lib/test/auto/SetVariable5.xml
21 ms. Memory: 547840K Free: 431210K (79%)
----------------- Invoking toplevel() on ptolemy.moml.MoMLSimpleApplication@3bcf425d
----------------- Done invoking toplevel() on ptolemy.moml.MoMLSimpleApplication@3bcf425d
reloadAllAccessors: .SetVariable5

===========================================================================================
----------------- testing Thu Jul 18 16:02:37 UTC 2019 /home/travis/build/icyphy/ptII/ptolemy/actor/lib/test/auto/Sinewave.xml
----------------- Instantiating /home/travis/build/icyphy/ptII/ptolemy/actor/lib/test/auto/Sinewave.xml
4 ms. Memory: 547840K Free: 420970K (77%)
----------------- Invoking toplevel() on ptolemy.moml.MoMLSimpleApplication@7abcf0db
----------------- Done invoking toplevel() on ptolemy.moml.MoMLSimpleApplication@7abcf0db
reloadAllAccessors: .Sinewave

===========================================================================================
----------------- testing Thu Jul 18 16:02:37 UTC 2019 /home/travis/build/icyphy/ptII/ptolemy/actor/lib/test/auto/Sinewave2.xml
----------------- Instantiating /home/travis/build/icyphy/ptII/ptolemy/actor/lib/test/auto/Sinewave2.xml
6 ms. Memory: 547840K Free: 412778K (75%)
----------------- Invoking toplevel() on ptolemy.moml.MoMLSimpleApplication@4d6b8c71
----------------- Done invoking toplevel() on ptolemy.moml.MoMLSimpleApplication@4d6b8c71
reloadAllAccessors: .Sinewave2

===========================================================================================
----------------- testing Thu Jul 18 16:02:37 UTC 2019 /home/travis/build/icyphy/ptII/ptolemy/actor/lib/test/auto/Sinewave3.xml
----------------- Instantiating /home/travis/build/icyphy/ptII/ptolemy/actor/lib/test/auto/Sinewave3.xml
14 ms. Memory: 547840K Free: 404586K (74%)
----------------- Invoking toplevel() on ptolemy.moml.MoMLSimpleApplication@1e199f9d
----------------- Done invoking toplevel() on ptolemy.moml.MoMLSimpleApplication@1e199f9d
reloadAllAccessors: .Sinewave3

===========================================================================================
----------------- testing Thu Jul 18 16:02:37 UTC 2019 /home/travis/build/icyphy/ptII/ptolemy/actor/lib/test/auto/SingleEvent.xml
----------------- Instantiating /home/travis/build/icyphy/ptII/ptolemy/actor/lib/test/auto/SingleEvent.xml
1 ms. Memory: 547840K Free: 400490K (73%)
----------------- Invoking toplevel() on ptolemy.moml.MoMLSimpleApplication@2e0c7cea
----------------- Done invoking toplevel() on ptolemy.moml.MoMLSimpleApplication@2e0c7cea
reloadAllAccessors: .SingleEvent

===========================================================================================
----------------- testing Thu Jul 18 16:02:37 UTC 2019 /home/travis/build/icyphy/ptII/ptolemy/actor/lib/test/auto/Sleep.xml
----------------- Instantiating /home/travis/build/icyphy/ptII/ptolemy/actor/lib/test/auto/Sleep.xml
6004 ms. Memory: 547840K Free: 394856K (72%)
----------------- Invoking toplevel() on ptolemy.moml.MoMLSimpleApplication@384d4f26
----------------- Done invoking toplevel() on ptolemy.moml.MoMLSimpleApplication@384d4f26
reloadAllAccessors: .Sleep

===========================================================================================
----------------- testing Thu Jul 18 16:02:43 UTC 2019 /home/travis/build/icyphy/ptII/ptolemy/actor/lib/test/auto/SleepMultipleFire.xml
----------------- Instantiating /home/travis/build/icyphy/ptII/ptolemy/actor/lib/test/auto/SleepMultipleFire.xml
1013 ms. Memory: 547840K Free: 389226K (71%)
----------------- Invoking toplevel() on ptolemy.moml.MoMLSimpleApplication@53b7f002
----------------- Done invoking toplevel() on ptolemy.moml.MoMLSimpleApplication@53b7f002
reloadAllAccessors: .SleepMultipleFire

===========================================================================================
----------------- testing Thu Jul 18 16:02:44 UTC 2019 /home/travis/build/icyphy/ptII/ptolemy/actor/lib/test/auto/StopDE.xml
----------------- Instantiating /home/travis/build/icyphy/ptII/ptolemy/actor/lib/test/auto/StopDE.xml
3 ms. Memory: 547840K Free: 383592K (70%)
----------------- Invoking toplevel() on ptolemy.moml.MoMLSimpleApplication@183dcec0
----------------- Done invoking toplevel() on ptolemy.moml.MoMLSimpleApplication@183dcec0
reloadAllAccessors: .StopDE

===========================================================================================
----------------- testing Thu Jul 18 16:02:44 UTC 2019 /home/travis/build/icyphy/ptII/ptolemy/actor/lib/test/auto/StopSDF.xml
----------------- Instantiating /home/travis/build/icyphy/ptII/ptolemy/actor/lib/test/auto/StopSDF.xml
5 ms. Memory: 547840K Free: 378472K (69%)
----------------- Invoking toplevel() on ptolemy.moml.MoMLSimpleApplication@df2deb3
----------------- Done invoking toplevel() on ptolemy.moml.MoMLSimpleApplication@df2deb3
reloadAllAccessors: .StopSDF

===========================================================================================
----------------- testing Thu Jul 18 16:02:44 UTC 2019 /home/travis/build/icyphy/ptII/ptolemy/actor/lib/test/auto/StringConstant.xml
----------------- Instantiating /home/travis/build/icyphy/ptII/ptolemy/actor/lib/test/auto/StringConstant.xml
11 ms. Memory: 547840K Free: 373352K (68%)
----------------- Invoking toplevel() on ptolemy.moml.MoMLSimpleApplication@649c993e
----------------- Done invoking toplevel() on ptolemy.moml.MoMLSimpleApplication@649c993e
reloadAllAccessors: .StringConstant

===========================================================================================
----------------- testing Thu Jul 18 16:02:45 UTC 2019 /home/travis/build/icyphy/ptII/ptolemy/actor/lib/test/auto/SubscriberPortInitialValues1.xml
----------------- Instantiating /home/travis/build/icyphy/ptII/ptolemy/actor/lib/test/auto/SubscriberPortInitialValues1.xml
12 ms. Memory: 547840K Free: 364650K (67%)
----------------- Invoking toplevel() on ptolemy.moml.MoMLSimpleApplication@198ff0a6
----------------- Done invoking toplevel() on ptolemy.moml.MoMLSimpleApplication@198ff0a6
reloadAllAccessors: .SubscriberPortInitialValues1

===========================================================================================
----------------- testing Thu Jul 18 16:02:45 UTC 2019 /home/travis/build/icyphy/ptII/ptolemy/actor/lib/test/auto/SubscriberPortInitialValues13.xml
----------------- Instantiating /home/travis/build/icyphy/ptII/ptolemy/actor/lib/test/auto/SubscriberPortInitialValues13.xml
17 ms. Memory: 547840K Free: 352362K (64%)
----------------- Invoking toplevel() on ptolemy.moml.MoMLSimpleApplication@50cfec85
----------------- Done invoking toplevel() on ptolemy.moml.MoMLSimpleApplication@50cfec85
reloadAllAccessors: .SubscriberPortInitialValues13

===========================================================================================
----------------- testing Thu Jul 18 16:02:45 UTC 2019 /home/travis/build/icyphy/ptII/ptolemy/actor/lib/test/auto/SubscriberPortInitialValues14.xml
----------------- Instantiating /home/travis/build/icyphy/ptII/ptolemy/actor/lib/test/auto/SubscriberPortInitialValues14.xml
5 ms. Memory: 547840K Free: 344680K (63%)
----------------- Invoking toplevel() on ptolemy.moml.MoMLSimpleApplication@44747cc0
----------------- Done invoking toplevel() on ptolemy.moml.MoMLSimpleApplication@44747cc0
reloadAllAccessors: .SubscriberPortInitialValues14

===========================================================================================
----------------- testing Thu Jul 18 16:02:45 UTC 2019 /home/travis/build/icyphy/ptII/ptolemy/actor/lib/test/auto/SubscriberPortInitialValues2.xml
----------------- Instantiating /home/travis/build/icyphy/ptII/ptolemy/actor/lib/test/auto/SubscriberPortInitialValues2.xml
5 ms. Memory: 547840K Free: 337002K (62%)
----------------- Invoking toplevel() on ptolemy.moml.MoMLSimpleApplication@38403256
----------------- Done invoking toplevel() on ptolemy.moml.MoMLSimpleApplication@38403256
reloadAllAccessors: .SubscriberPortInitialValues2

===========================================================================================
----------------- testing Thu Jul 18 16:02:45 UTC 2019 /home/travis/build/icyphy/ptII/ptolemy/actor/lib/test/auto/SubscriberPortInitialValues3.xml
----------------- Instantiating /home/travis/build/icyphy/ptII/ptolemy/actor/lib/test/auto/SubscriberPortInitialValues3.xml
4 ms. Memory: 547840K Free: 326248K (60%)
----------------- Invoking toplevel() on ptolemy.moml.MoMLSimpleApplication@77184cd2
----------------- Done invoking toplevel() on ptolemy.moml.MoMLSimpleApplication@77184cd2
reloadAllAccessors: .SubscriberPortInitialValues3

===========================================================================================
----------------- testing Thu Jul 18 16:02:45 UTC 2019 /home/travis/build/icyphy/ptII/ptolemy/actor/lib/test/auto/SubscriptionAggregator.xml
----------------- Instantiating /home/travis/build/icyphy/ptII/ptolemy/actor/lib/test/auto/SubscriptionAggregator.xml
4 ms. Memory: 547840K Free: 319594K (58%)
----------------- Invoking toplevel() on ptolemy.moml.MoMLSimpleApplication@648176b4
----------------- Done invoking toplevel() on ptolemy.moml.MoMLSimpleApplication@648176b4
reloadAllAccessors: .SubscriptionAggregator

===========================================================================================
----------------- testing Thu Jul 18 16:02:45 UTC 2019 /home/travis/build/icyphy/ptII/ptolemy/actor/lib/test/auto/SubscriptionAggregator2.xml
----------------- Instantiating /home/travis/build/icyphy/ptII/ptolemy/actor/lib/test/auto/SubscriptionAggregator2.xml
2 ms. Memory: 547840K Free: 312930K (57%)
----------------- Invoking toplevel() on ptolemy.moml.MoMLSimpleApplication@6ed0008
----------------- Done invoking toplevel() on ptolemy.moml.MoMLSimpleApplication@6ed0008
reloadAllAccessors: .SubscriptionAggregator2

===========================================================================================
----------------- testing Thu Jul 18 16:02:45 UTC 2019 /home/travis/build/icyphy/ptII/ptolemy/actor/lib/test/auto/SubscriptionAggregator3.xml
----------------- Instantiating /home/travis/build/icyphy/ptII/ptolemy/actor/lib/test/auto/SubscriptionAggregator3.xml
4 ms. Memory: 547840K Free: 304234K (56%)
----------------- Invoking toplevel() on ptolemy.moml.MoMLSimpleApplication@40b55e3b
----------------- Done invoking toplevel() on ptolemy.moml.MoMLSimpleApplication@40b55e3b
reloadAllAccessors: .SubscriptionAggregator3

===========================================================================================
----------------- testing Thu Jul 18 16:02:45 UTC 2019 /home/travis/build/icyphy/ptII/ptolemy/actor/lib/test/auto/SubscriptionAggregatorMultiply.xml
----------------- Instantiating /home/travis/build/icyphy/ptII/ptolemy/actor/lib/test/auto/SubscriptionAggregatorMultiply.xml
12 ms. Memory: 547840K Free: 296042K (54%)
----------------- Invoking toplevel() on ptolemy.moml.MoMLSimpleApplication@386555bd
----------------- Done invoking toplevel() on ptolemy.moml.MoMLSimpleApplication@386555bd
reloadAllAccessors: .SubscriptionAggregatorMultiply

===========================================================================================
----------------- testing Thu Jul 18 16:02:45 UTC 2019 /home/travis/build/icyphy/ptII/ptolemy/actor/lib/test/auto/SubscriptionAggregatorPortMultiply1.xml
----------------- Instantiating /home/travis/build/icyphy/ptII/ptolemy/actor/lib/test/auto/SubscriptionAggregatorPortMultiply1.xml
3 ms. Memory: 547840K Free: 288360K (53%)
----------------- Invoking toplevel() on ptolemy.moml.MoMLSimpleApplication@425a9ca5
----------------- Done invoking toplevel() on ptolemy.moml.MoMLSimpleApplication@425a9ca5
reloadAllAccessors: .SubscriptionAggregatorPortMultiply1

===========================================================================================
----------------- testing Thu Jul 18 16:02:45 UTC 2019 /home/travis/build/icyphy/ptII/ptolemy/actor/lib/test/auto/Switch.xml
----------------- Instantiating /home/travis/build/icyphy/ptII/ptolemy/actor/lib/test/auto/Switch.xml
8 ms. Memory: 547840K Free: 280168K (51%)
----------------- Invoking toplevel() on ptolemy.moml.MoMLSimpleApplication@4c8324b7
----------------- Done invoking toplevel() on ptolemy.moml.MoMLSimpleApplication@4c8324b7
reloadAllAccessors: .Switch

===========================================================================================
----------------- testing Thu Jul 18 16:02:45 UTC 2019 /home/travis/build/icyphy/ptII/ptolemy/actor/lib/test/auto/Switch2.xml
----------------- Instantiating /home/travis/build/icyphy/ptII/ptolemy/actor/lib/test/auto/Switch2.xml
0 ms. Memory: 547840K Free: 275562K (50%)
----------------- Invoking toplevel() on ptolemy.moml.MoMLSimpleApplication@1d59f838
----------------- Done invoking toplevel() on ptolemy.moml.MoMLSimpleApplication@1d59f838
reloadAllAccessors: .Switch2

===========================================================================================
----------------- testing Thu Jul 18 16:02:45 UTC 2019 /home/travis/build/icyphy/ptII/ptolemy/actor/lib/test/auto/SwitchDE.xml
----------------- Instantiating /home/travis/build/icyphy/ptII/ptolemy/actor/lib/test/auto/SwitchDE.xml
3 ms. Memory: 547840K Free: 269418K (49%)
----------------- Invoking toplevel() on ptolemy.moml.MoMLSimpleApplication@c9cd3e1
----------------- Done invoking toplevel() on ptolemy.moml.MoMLSimpleApplication@c9cd3e1
reloadAllAccessors: .SwitchDE

===========================================================================================
----------------- testing Thu Jul 18 16:02:45 UTC 2019 /home/travis/build/icyphy/ptII/ptolemy/actor/lib/test/auto/SynchronizerDE.xml
----------------- Instantiating /home/travis/build/icyphy/ptII/ptolemy/actor/lib/test/auto/SynchronizerDE.xml
7 ms. Memory: 547840K Free: 261226K (48%)
----------------- Invoking toplevel() on ptolemy.moml.MoMLSimpleApplication@455bfb91
----------------- Done invoking toplevel() on ptolemy.moml.MoMLSimpleApplication@455bfb91
reloadAllAccessors: .SynchronizerDE

===========================================================================================
----------------- testing Thu Jul 18 16:02:45 UTC 2019 /home/travis/build/icyphy/ptII/ptolemy/actor/lib/test/auto/Test.xml
----------------- Instantiating /home/travis/build/icyphy/ptII/ptolemy/actor/lib/test/auto/Test.xml
2 ms. Memory: 547840K Free: 256106K (47%)
----------------- Invoking toplevel() on ptolemy.moml.MoMLSimpleApplication@62da0284
----------------- Done invoking toplevel() on ptolemy.moml.MoMLSimpleApplication@62da0284
reloadAllAccessors: .Test

===========================================================================================
----------------- testing Thu Jul 18 16:02:45 UTC 2019 /home/travis/build/icyphy/ptII/ptolemy/actor/lib/test/auto/TestExceptionAttribute1.xml
----------------- Instantiating /home/travis/build/icyphy/ptII/ptolemy/actor/lib/test/auto/TestExceptionAttribute1.xml
1 ms. Memory: 547840K Free: 252520K (46%)
----------------- Invoking toplevel() on ptolemy.moml.MoMLSimpleApplication@6dbfc191
----------------- Done invoking toplevel() on ptolemy.moml.MoMLSimpleApplication@6dbfc191
reloadAllAccessors: .TestExceptionAttribute1

===========================================================================================
----------------- testing Thu Jul 18 16:02:45 UTC 2019 /home/travis/build/icyphy/ptII/ptolemy/actor/lib/test/auto/TestExceptionAttribute2.xml
----------------- Instantiating /home/travis/build/icyphy/ptII/ptolemy/actor/lib/test/auto/TestExceptionAttribute2.xml
2 ms. Memory: 547840K Free: 248938K (45%)
----------------- Invoking toplevel() on ptolemy.moml.MoMLSimpleApplication@3c4b3317
----------------- Done invoking toplevel() on ptolemy.moml.MoMLSimpleApplication@3c4b3317
reloadAllAccessors: .TestExceptionAttribute2

===========================================================================================
----------------- testing Thu Jul 18 16:02:45 UTC 2019 /home/travis/build/icyphy/ptII/ptolemy/actor/lib/test/auto/TestExceptionAttribute3.xml
----------------- Instantiating /home/travis/build/icyphy/ptII/ptolemy/actor/lib/test/auto/TestExceptionAttribute3.xml
.TestExceptionAttribute3.TestExceptionAttribute: initialize() was not invoked, but wrapup() was.  This is unusual, but not always a problem.  For example, exporting JNLP will do this.
0 ms. Memory: 547840K Free: 244842K (45%)
----------------- Invoking toplevel() on ptolemy.moml.MoMLSimpleApplication@41ed564e
----------------- Done invoking toplevel() on ptolemy.moml.MoMLSimpleApplication@41ed564e
reloadAllAccessors: .TestExceptionAttribute3

===========================================================================================
----------------- testing Thu Jul 18 16:02:45 UTC 2019 /home/travis/build/icyphy/ptII/ptolemy/actor/lib/test/auto/TestExceptionAttribute4.xml
----------------- Instantiating /home/travis/build/icyphy/ptII/ptolemy/actor/lib/test/auto/TestExceptionAttribute4.xml
.TestExceptionAttribute4.TestExceptionAttribute: initialize() was not invoked, but wrapup() was.  This is unusual, but not always a problem.  For example, exporting JNLP will do this.
.TestExceptionAttribute4.TestExceptionAttribute2: initialize() was not invoked, but wrapup() was.  This is unusual, but not always a problem.  For example, exporting JNLP will do this.
1 ms. Memory: 547840K Free: 240746K (44%)
----------------- Invoking toplevel() on ptolemy.moml.MoMLSimpleApplication@2b2480ea
----------------- Done invoking toplevel() on ptolemy.moml.MoMLSimpleApplication@2b2480ea
reloadAllAccessors: .TestExceptionAttribute4

===========================================================================================
----------------- testing Thu Jul 18 16:02:45 UTC 2019 /home/travis/build/icyphy/ptII/ptolemy/actor/lib/test/auto/TestExceptionHandler1.xml
----------------- Instantiating /home/travis/build/icyphy/ptII/ptolemy/actor/lib/test/auto/TestExceptionHandler1.xml
1 ms. Memory: 547840K Free: 237160K (43%)
----------------- Invoking toplevel() on ptolemy.moml.MoMLSimpleApplication@2c853fcc
----------------- Done invoking toplevel() on ptolemy.moml.MoMLSimpleApplication@2c853fcc
reloadAllAccessors: .TestExceptionHandler1

===========================================================================================
----------------- testing Thu Jul 18 16:02:45 UTC 2019 /home/travis/build/icyphy/ptII/ptolemy/actor/lib/test/auto/TestExceptionHandler2.xml
----------------- Instantiating /home/travis/build/icyphy/ptII/ptolemy/actor/lib/test/auto/TestExceptionHandler2.xml
1 ms. Memory: 547840K Free: 233578K (43%)
----------------- Invoking toplevel() on ptolemy.moml.MoMLSimpleApplication@ad44cda
----------------- Done invoking toplevel() on ptolemy.moml.MoMLSimpleApplication@ad44cda
reloadAllAccessors: .TestExceptionHandler2

===========================================================================================
----------------- testing Thu Jul 18 16:02:45 UTC 2019 /home/travis/build/icyphy/ptII/ptolemy/actor/lib/test/auto/TestExceptionHandler3.xml
----------------- Instantiating /home/travis/build/icyphy/ptII/ptolemy/actor/lib/test/auto/TestExceptionHandler3.xml
0 ms. Memory: 547840K Free: 229992K (42%)
----------------- Invoking toplevel() on ptolemy.moml.MoMLSimpleApplication@4a6c4676
----------------- Done invoking toplevel() on ptolemy.moml.MoMLSimpleApplication@4a6c4676
reloadAllAccessors: .TestExceptionHandler3

===========================================================================================
----------------- testing Thu Jul 18 16:02:45 UTC 2019 /home/travis/build/icyphy/ptII/ptolemy/actor/lib/test/auto/TestExceptionHandler4.xml
----------------- Instantiating /home/travis/build/icyphy/ptII/ptolemy/actor/lib/test/auto/TestExceptionHandler4.xml
0 ms. Memory: 547840K Free: 225896K (41%)
----------------- Invoking toplevel() on ptolemy.moml.MoMLSimpleApplication@1cd096a
----------------- Done invoking toplevel() on ptolemy.moml.MoMLSimpleApplication@1cd096a
reloadAllAccessors: .TestExceptionHandler4

===========================================================================================
----------------- testing Thu Jul 18 16:02:45 UTC 2019 /home/travis/build/icyphy/ptII/ptolemy/actor/lib/test/auto/TestRequireCorrectOrder.xml
----------------- Instantiating /home/travis/build/icyphy/ptII/ptolemy/actor/lib/test/auto/TestRequireCorrectOrder.xml
2 ms. Memory: 547840K Free: 220746K (40%)
----------------- Invoking toplevel() on ptolemy.moml.MoMLSimpleApplication@37a2f55a
----------------- Done invoking toplevel() on ptolemy.moml.MoMLSimpleApplication@37a2f55a
reloadAllAccessors: .TestRequireCorrectOrder

===========================================================================================
----------------- testing Thu Jul 18 16:02:45 UTC 2019 /home/travis/build/icyphy/ptII/ptolemy/actor/lib/test/auto/TestSimple.xml
----------------- Instantiating /home/travis/build/icyphy/ptII/ptolemy/actor/lib/test/auto/TestSimple.xml
5 ms. Memory: 547840K Free: 216680K (40%)
----------------- Invoking toplevel() on ptolemy.moml.MoMLSimpleApplication@64c48eff
----------------- Done invoking toplevel() on ptolemy.moml.MoMLSimpleApplication@64c48eff
reloadAllAccessors: .TestSimple

===========================================================================================
----------------- testing Thu Jul 18 16:02:45 UTC 2019 /home/travis/build/icyphy/ptII/ptolemy/actor/lib/test/auto/ThrowModelError.xml
----------------- Instantiating /home/travis/build/icyphy/ptII/ptolemy/actor/lib/test/auto/ThrowModelError.xml
1 ms. Memory: 547840K Free: 212074K (39%)
----------------- Invoking toplevel() on ptolemy.moml.MoMLSimpleApplication@69571485
----------------- Done invoking toplevel() on ptolemy.moml.MoMLSimpleApplication@69571485
reloadAllAccessors: .ThrowModelError

===========================================================================================
----------------- testing Thu Jul 18 16:02:45 UTC 2019 /home/travis/build/icyphy/ptII/ptolemy/actor/lib/test/auto/TimeDelayMicrosteps.xml
----------------- Instantiating /home/travis/build/icyphy/ptII/ptolemy/actor/lib/test/auto/TimeDelayMicrosteps.xml
4 ms. Memory: 547840K Free: 205402K (37%)
----------------- Invoking toplevel() on ptolemy.moml.MoMLSimpleApplication@5fc3cc1e
----------------- Done invoking toplevel() on ptolemy.moml.MoMLSimpleApplication@5fc3cc1e
reloadAllAccessors: .TimeDelayMicrosteps

===========================================================================================
----------------- testing Thu Jul 18 16:02:45 UTC 2019 /home/travis/build/icyphy/ptII/ptolemy/actor/lib/test/auto/TimeDelayMicrosteps2.xml
----------------- Instantiating /home/travis/build/icyphy/ptII/ptolemy/actor/lib/test/auto/TimeDelayMicrosteps2.xml
4 ms. Memory: 547840K Free: 197738K (36%)
----------------- Invoking toplevel() on ptolemy.moml.MoMLSimpleApplication@416e3a12
----------------- Done invoking toplevel() on ptolemy.moml.MoMLSimpleApplication@416e3a12
reloadAllAccessors: .TimeDelayMicrosteps2

===========================================================================================
----------------- testing Thu Jul 18 16:02:45 UTC 2019 /home/travis/build/icyphy/ptII/ptolemy/actor/lib/test/auto/TimeDelayMicrosteps3.xml
----------------- Instantiating /home/travis/build/icyphy/ptII/ptolemy/actor/lib/test/auto/TimeDelayMicrosteps3.xml
3 ms. Memory: 547840K Free: 191050K (35%)
----------------- Invoking toplevel() on ptolemy.moml.MoMLSimpleApplication@52f37925
----------------- Done invoking toplevel() on ptolemy.moml.MoMLSimpleApplication@52f37925
reloadAllAccessors: .TimeDelayMicrosteps3

===========================================================================================
----------------- testing Thu Jul 18 16:02:45 UTC 2019 /home/travis/build/icyphy/ptII/ptolemy/actor/lib/test/auto/TimeDelayVariableMicrosteps.xml
----------------- Instantiating /home/travis/build/icyphy/ptII/ptolemy/actor/lib/test/auto/TimeDelayVariableMicrosteps.xml
2 ms. Memory: 547840K Free: 184426K (34%)
----------------- Invoking toplevel() on ptolemy.moml.MoMLSimpleApplication@873bfb3
----------------- Done invoking toplevel() on ptolemy.moml.MoMLSimpleApplication@873bfb3
reloadAllAccessors: .TimeDelayVariableMicrosteps

===========================================================================================
----------------- testing Thu Jul 18 16:02:45 UTC 2019 /home/travis/build/icyphy/ptII/ptolemy/actor/lib/test/auto/TimeGap.xml
----------------- Instantiating /home/travis/build/icyphy/ptII/ptolemy/actor/lib/test/auto/TimeGap.xml
4 ms. Memory: 547840K Free: 179306K (33%)
----------------- Invoking toplevel() on ptolemy.moml.MoMLSimpleApplication@1b695b2
----------------- Done invoking toplevel() on ptolemy.moml.MoMLSimpleApplication@1b695b2
reloadAllAccessors: .TimeGap

===========================================================================================
----------------- testing Thu Jul 18 16:02:45 UTC 2019 /home/travis/build/icyphy/ptII/ptolemy/actor/lib/test/auto/TimeGap2.xml
----------------- Instantiating /home/travis/build/icyphy/ptII/ptolemy/actor/lib/test/auto/TimeGap2.xml
2 ms. Memory: 547840K Free: 173666K (32%)
----------------- Invoking toplevel() on ptolemy.moml.MoMLSimpleApplication@5bb3ecf9
----------------- Done invoking toplevel() on ptolemy.moml.MoMLSimpleApplication@5bb3ecf9
reloadAllAccessors: .TimeGap2

===========================================================================================
----------------- testing Thu Jul 18 16:02:45 UTC 2019 /home/travis/build/icyphy/ptII/ptolemy/actor/lib/test/auto/TimedSinewave.xml
----------------- Instantiating /home/travis/build/icyphy/ptII/ptolemy/actor/lib/test/auto/TimedSinewave.xml
26 ms. Memory: 547840K Free: 484875K (89%)
----------------- Invoking toplevel() on ptolemy.moml.MoMLSimpleApplication@5ec2580a
----------------- Done invoking toplevel() on ptolemy.moml.MoMLSimpleApplication@5ec2580a
reloadAllAccessors: .TimedSinewave

===========================================================================================
----------------- testing Thu Jul 18 16:02:45 UTC 2019 /home/travis/build/icyphy/ptII/ptolemy/actor/lib/test/auto/TimedSinewavePhase.xml
----------------- Instantiating /home/travis/build/icyphy/ptII/ptolemy/actor/lib/test/auto/TimedSinewavePhase.xml
10 ms. Memory: 547840K Free: 475149K (87%)
----------------- Invoking toplevel() on ptolemy.moml.MoMLSimpleApplication@36fc088d
----------------- Done invoking toplevel() on ptolemy.moml.MoMLSimpleApplication@36fc088d
reloadAllAccessors: .TimedSinewavePhase

===========================================================================================
----------------- testing Thu Jul 18 16:02:45 UTC 2019 /home/travis/build/icyphy/ptII/ptolemy/actor/lib/test/auto/Timer.xml
----------------- Instantiating /home/travis/build/icyphy/ptII/ptolemy/actor/lib/test/auto/Timer.xml
3 ms. Memory: 547840K Free: 469515K (86%)
----------------- Invoking toplevel() on ptolemy.moml.MoMLSimpleApplication@6aefadba
----------------- Done invoking toplevel() on ptolemy.moml.MoMLSimpleApplication@6aefadba
reloadAllAccessors: .Timer

===========================================================================================
----------------- testing Thu Jul 18 16:02:45 UTC 2019 /home/travis/build/icyphy/ptII/ptolemy/actor/lib/test/auto/TriangularDistTestModel.xml
----------------- Instantiating /home/travis/build/icyphy/ptII/ptolemy/actor/lib/test/auto/TriangularDistTestModel.xml
2 ms. Memory: 547840K Free: 463885K (85%)
----------------- Invoking toplevel() on ptolemy.moml.MoMLSimpleApplication@58df2f1d
----------------- Done invoking toplevel() on ptolemy.moml.MoMLSimpleApplication@58df2f1d
reloadAllAccessors: .TriangularDistTestModel

===========================================================================================
----------------- testing Thu Jul 18 16:02:45 UTC 2019 /home/travis/build/icyphy/ptII/ptolemy/actor/lib/test/auto/TrigFunction.xml
----------------- Instantiating /home/travis/build/icyphy/ptII/ptolemy/actor/lib/test/auto/TrigFunction.xml
1 ms. Memory: 547840K Free: 458765K (84%)
----------------- Invoking toplevel() on ptolemy.moml.MoMLSimpleApplication@35dec151
----------------- Done invoking toplevel() on ptolemy.moml.MoMLSimpleApplication@35dec151
reloadAllAccessors: .TrigFunction

===========================================================================================
----------------- testing Thu Jul 18 16:02:45 UTC 2019 /home/travis/build/icyphy/ptII/ptolemy/actor/lib/test/auto/TrigFunctionDE.xml
----------------- Instantiating /home/travis/build/icyphy/ptII/ptolemy/actor/lib/test/auto/TrigFunctionDE.xml
1 ms. Memory: 547840K Free: 453131K (83%)
----------------- Invoking toplevel() on ptolemy.moml.MoMLSimpleApplication@9cd1d41
----------------- Done invoking toplevel() on ptolemy.moml.MoMLSimpleApplication@9cd1d41
reloadAllAccessors: .TrigFunctionDE

===========================================================================================
----------------- testing Thu Jul 18 16:02:45 UTC 2019 /home/travis/build/icyphy/ptII/ptolemy/actor/lib/test/auto/TrigFunctionInverse.xml
----------------- Instantiating /home/travis/build/icyphy/ptII/ptolemy/actor/lib/test/auto/TrigFunctionInverse.xml
1 ms. Memory: 547840K Free: 448011K (82%)
----------------- Invoking toplevel() on ptolemy.moml.MoMLSimpleApplication@2dda0eeb
----------------- Done invoking toplevel() on ptolemy.moml.MoMLSimpleApplication@2dda0eeb
reloadAllAccessors: .TrigFunctionInverse

===========================================================================================
----------------- testing Thu Jul 18 16:02:45 UTC 2019 /home/travis/build/icyphy/ptII/ptolemy/actor/lib/test/auto/TrigFunctionTan.xml
----------------- Instantiating /home/travis/build/icyphy/ptII/ptolemy/actor/lib/test/auto/TrigFunctionTan.xml
2 ms. Memory: 547840K Free: 443405K (81%)
----------------- Invoking toplevel() on ptolemy.moml.MoMLSimpleApplication@5169e80d
----------------- Done invoking toplevel() on ptolemy.moml.MoMLSimpleApplication@5169e80d
reloadAllAccessors: .TrigFunctionTan

===========================================================================================
----------------- testing Thu Jul 18 16:02:45 UTC 2019 /home/travis/build/icyphy/ptII/ptolemy/actor/lib/test/auto/TriggeredClock.xml
----------------- Instantiating /home/travis/build/icyphy/ptII/ptolemy/actor/lib/test/auto/TriggeredClock.xml
1 ms. Memory: 547840K Free: 438285K (80%)
----------------- Invoking toplevel() on ptolemy.moml.MoMLSimpleApplication@6ab052dc
----------------- Done invoking toplevel() on ptolemy.moml.MoMLSimpleApplication@6ab052dc
reloadAllAccessors: .TriggeredClock

===========================================================================================
----------------- testing Thu Jul 18 16:02:45 UTC 2019 /home/travis/build/icyphy/ptII/ptolemy/actor/lib/test/auto/URLDirectoryReader.xml
----------------- Instantiating /home/travis/build/icyphy/ptII/ptolemy/actor/lib/test/auto/URLDirectoryReader.xml
42 ms. Memory: 547840K Free: 429579K (78%)
----------------- Invoking toplevel() on ptolemy.moml.MoMLSimpleApplication@52391662
----------------- Done invoking toplevel() on ptolemy.moml.MoMLSimpleApplication@52391662
reloadAllAccessors: .URLDirectoryReader

===========================================================================================
----------------- testing Thu Jul 18 16:02:45 UTC 2019 /home/travis/build/icyphy/ptII/ptolemy/actor/lib/test/auto/URLDirectoryReader3.xml
----------------- Instantiating /home/travis/build/icyphy/ptII/ptolemy/actor/lib/test/auto/URLDirectoryReader3.xml
1183 ms. Memory: 547840K Free: 488711K (89%)
----------------- Invoking toplevel() on ptolemy.moml.MoMLSimpleApplication@f530238
----------------- Done invoking toplevel() on ptolemy.moml.MoMLSimpleApplication@f530238
reloadAllAccessors: .URLDirectoryReader3

===========================================================================================
----------------- testing Thu Jul 18 16:02:47 UTC 2019 /home/travis/build/icyphy/ptII/ptolemy/actor/lib/test/auto/UnaryMathFunction.xml
----------------- Instantiating /home/travis/build/icyphy/ptII/ptolemy/actor/lib/test/auto/UnaryMathFunction.xml
2 ms. Memory: 547840K Free: 480519K (88%)
----------------- Invoking toplevel() on ptolemy.moml.MoMLSimpleApplication@c4f291f
----------------- Done invoking toplevel() on ptolemy.moml.MoMLSimpleApplication@c4f291f
reloadAllAccessors: .UnaryMathFunction

===========================================================================================
----------------- testing Thu Jul 18 16:02:47 UTC 2019 /home/travis/build/icyphy/ptII/ptolemy/actor/lib/test/auto/Uniform.xml
----------------- Instantiating /home/travis/build/icyphy/ptII/ptolemy/actor/lib/test/auto/Uniform.xml
1 ms. Memory: 547840K Free: 475909K (87%)
----------------- Invoking toplevel() on ptolemy.moml.MoMLSimpleApplication@7582961d
----------------- Done invoking toplevel() on ptolemy.moml.MoMLSimpleApplication@7582961d
reloadAllAccessors: .Uniform

===========================================================================================
----------------- testing Thu Jul 18 16:02:47 UTC 2019 /home/travis/build/icyphy/ptII/ptolemy/actor/lib/test/auto/UnionDisassemblerTest.xml
----------------- Instantiating /home/travis/build/icyphy/ptII/ptolemy/actor/lib/test/auto/UnionDisassemblerTest.xml
13 ms. Memory: 547840K Free: 472327K (86%)
----------------- Invoking toplevel() on ptolemy.moml.MoMLSimpleApplication@d31b3db
----------------- Done invoking toplevel() on ptolemy.moml.MoMLSimpleApplication@d31b3db
reloadAllAccessors: .UnionDisassemblerTest

===========================================================================================
----------------- testing Thu Jul 18 16:02:47 UTC 2019 /home/travis/build/icyphy/ptII/ptolemy/actor/lib/test/auto/UtilityFunctions.xml
----------------- Instantiating /home/travis/build/icyphy/ptII/ptolemy/actor/lib/test/auto/UtilityFunctions.xml
1 ms. Memory: 547840K Free: 468231K (85%)
----------------- Invoking toplevel() on ptolemy.moml.MoMLSimpleApplication@d23a36d
----------------- Done invoking toplevel() on ptolemy.moml.MoMLSimpleApplication@d23a36d
reloadAllAccessors: .UtilityFunctions

===========================================================================================
----------------- testing Thu Jul 18 16:02:47 UTC 2019 /home/travis/build/icyphy/ptII/ptolemy/actor/lib/test/auto/VariableSleep.xml
----------------- Instantiating /home/travis/build/icyphy/ptII/ptolemy/actor/lib/test/auto/VariableSleep.xml
503 ms. Memory: 547840K Free: 463111K (85%)
----------------- Invoking toplevel() on ptolemy.moml.MoMLSimpleApplication@edc45ca
----------------- Done invoking toplevel() on ptolemy.moml.MoMLSimpleApplication@edc45ca
reloadAllAccessors: .VariableSleep

===========================================================================================
----------------- testing Thu Jul 18 16:02:47 UTC 2019 /home/travis/build/icyphy/ptII/ptolemy/actor/lib/test/auto/VectorAssemblerDisassemblerCT.xml
----------------- Instantiating /home/travis/build/icyphy/ptII/ptolemy/actor/lib/test/auto/VectorAssemblerDisassemblerCT.xml
79 ms. Memory: 547840K Free: 443141K (81%)
----------------- Invoking toplevel() on ptolemy.moml.MoMLSimpleApplication@54f1ff87
----------------- Done invoking toplevel() on ptolemy.moml.MoMLSimpleApplication@54f1ff87
reloadAllAccessors: .VectorAssemblerDisassemblerCT

===========================================================================================
----------------- testing Thu Jul 18 16:02:48 UTC 2019 /home/travis/build/icyphy/ptII/ptolemy/actor/lib/test/auto/VectorAssemblerDisassemblerDE.xml
----------------- Instantiating /home/travis/build/icyphy/ptII/ptolemy/actor/lib/test/auto/VectorAssemblerDisassemblerDE.xml
2 ms. Memory: 547840K Free: 435973K (80%)
----------------- Invoking toplevel() on ptolemy.moml.MoMLSimpleApplication@7547c3c9
----------------- Done invoking toplevel() on ptolemy.moml.MoMLSimpleApplication@7547c3c9
reloadAllAccessors: .VectorAssemblerDisassemblerDE

===========================================================================================
----------------- testing Thu Jul 18 16:02:48 UTC 2019 /home/travis/build/icyphy/ptII/ptolemy/actor/lib/test/auto/VectorAssemblerDisassemblerSDF.xml
----------------- Instantiating /home/travis/build/icyphy/ptII/ptolemy/actor/lib/test/auto/VectorAssemblerDisassemblerSDF.xml
2 ms. Memory: 547840K Free: 428805K (78%)
----------------- Invoking toplevel() on ptolemy.moml.MoMLSimpleApplication@4ed03717
----------------- Done invoking toplevel() on ptolemy.moml.MoMLSimpleApplication@4ed03717
reloadAllAccessors: .VectorAssemblerDisassemblerSDF

===========================================================================================
----------------- testing Thu Jul 18 16:02:48 UTC 2019 /home/travis/build/icyphy/ptII/ptolemy/actor/lib/test/auto/WallClockTime.xml
----------------- Instantiating /home/travis/build/icyphy/ptII/ptolemy/actor/lib/test/auto/WallClockTime.xml
1005 ms. Memory: 547840K Free: 423685K (77%)
----------------- Invoking toplevel() on ptolemy.moml.MoMLSimpleApplication@59ebceed
----------------- Done invoking toplevel() on ptolemy.moml.MoMLSimpleApplication@59ebceed
reloadAllAccessors: .WallClockTime

===========================================================================================
----------------- testing Thu Jul 18 16:02:49 UTC 2019 /home/travis/build/icyphy/ptII/ptolemy/actor/lib/test/auto/WidthTestWithSubscriberPublisher.xml
----------------- Instantiating /home/travis/build/icyphy/ptII/ptolemy/actor/lib/test/auto/WidthTestWithSubscriberPublisher.xml
8 ms. Memory: 547840K Free: 405767K (74%)
----------------- Invoking toplevel() on ptolemy.moml.MoMLSimpleApplication@718a1edd
----------------- Done invoking toplevel() on ptolemy.moml.MoMLSimpleApplication@718a1edd
reloadAllAccessors: .WidthTestWithSubscriberPublisher

===========================================================================================
----------------- testing Thu Jul 18 16:02:49 UTC 2019 /home/travis/build/icyphy/ptII/ptolemy/actor/lib/test/auto/WidthTestWithSubscriberPublisher2.xml
----------------- Instantiating /home/travis/build/icyphy/ptII/ptolemy/actor/lib/test/auto/WidthTestWithSubscriberPublisher2.xml
2 ms. Memory: 547840K Free: 399623K (73%)
----------------- Invoking toplevel() on ptolemy.moml.MoMLSimpleApplication@3039c2b2
----------------- Done invoking toplevel() on ptolemy.moml.MoMLSimpleApplication@3039c2b2
reloadAllAccessors: .WidthTestWithSubscriberPublisher2

===========================================================================================
----------------- testing Thu Jul 18 16:02:49 UTC 2019 /home/travis/build/icyphy/ptII/ptolemy/actor/lib/test/auto/WidthTestWithSubscriberPublisher3.xml
----------------- Instantiating /home/travis/build/icyphy/ptII/ptolemy/actor/lib/test/auto/WidthTestWithSubscriberPublisher3.xml
8 ms. Memory: 547840K Free: 393479K (72%)
----------------- Invoking toplevel() on ptolemy.moml.MoMLSimpleApplication@5bb493d6
----------------- Done invoking toplevel() on ptolemy.moml.MoMLSimpleApplication@5bb493d6
reloadAllAccessors: .WidthTestWithSubscriberPublisher3

===========================================================================================
----------------- testing Thu Jul 18 16:02:49 UTC 2019 /home/travis/build/icyphy/ptII/ptolemy/actor/lib/test/auto/Writer.xml
----------------- Instantiating /home/travis/build/icyphy/ptII/ptolemy/actor/lib/test/auto/Writer.xml
0
1
2
3
4
2 ms. Memory: 547840K Free: 389383K (71%)
----------------- Invoking toplevel() on ptolemy.moml.MoMLSimpleApplication@ddf2843
----------------- Done invoking toplevel() on ptolemy.moml.MoMLSimpleApplication@ddf2843
reloadAllAccessors: .Writer

===========================================================================================
----------------- testing Thu Jul 18 16:02:49 UTC 2019 /home/travis/build/icyphy/ptII/ptolemy/actor/lib/test/auto/array.xml
----------------- Instantiating /home/travis/build/icyphy/ptII/ptolemy/actor/lib/test/auto/array.xml
3 ms. Memory: 547840K Free: 384263K (70%)
----------------- Invoking toplevel() on ptolemy.moml.MoMLSimpleApplication@672f6b51
----------------- Done invoking toplevel() on ptolemy.moml.MoMLSimpleApplication@672f6b51
reloadAllAccessors: .array

===========================================================================================
----------------- testing Thu Jul 18 16:02:49 UTC 2019 /home/travis/build/icyphy/ptII/ptolemy/actor/lib/test/auto/array2.xml
----------------- Instantiating /home/travis/build/icyphy/ptII/ptolemy/actor/lib/test/auto/array2.xml
5 ms. Memory: 547840K Free: 379639K (69%)
----------------- Invoking toplevel() on ptolemy.moml.MoMLSimpleApplication@75d420bf
----------------- Done invoking toplevel() on ptolemy.moml.MoMLSimpleApplication@75d420bf
reloadAllAccessors: .array2

===========================================================================================
----------------- testing Thu Jul 18 16:02:49 UTC 2019 /home/travis/build/icyphy/ptII/ptolemy/actor/lib/test/auto/arrayType.xml
----------------- Instantiating /home/travis/build/icyphy/ptII/ptolemy/actor/lib/test/auto/arrayType.xml
1 ms. Memory: 547840K Free: 374023K (68%)
----------------- Invoking toplevel() on ptolemy.moml.MoMLSimpleApplication@7b21fd25
----------------- Done invoking toplevel() on ptolemy.moml.MoMLSimpleApplication@7b21fd25
reloadAllAccessors: .arrayType

===========================================================================================
----------------- testing Thu Jul 18 16:02:49 UTC 2019 /home/travis/build/icyphy/ptII/ptolemy/actor/lib/test/auto/arrayType10.xml
----------------- Instantiating /home/travis/build/icyphy/ptII/ptolemy/actor/lib/test/auto/arrayType10.xml
1 ms. Memory: 547840K Free: 369413K (67%)
----------------- Invoking toplevel() on ptolemy.moml.MoMLSimpleApplication@3c3fd140
----------------- Done invoking toplevel() on ptolemy.moml.MoMLSimpleApplication@3c3fd140
reloadAllAccessors: .arrayType10

===========================================================================================
----------------- testing Thu Jul 18 16:02:49 UTC 2019 /home/travis/build/icyphy/ptII/ptolemy/actor/lib/test/auto/arrayType11.xml
----------------- Instantiating /home/travis/build/icyphy/ptII/ptolemy/actor/lib/test/auto/arrayType11.xml
1 ms. Memory: 547840K Free: 364807K (67%)
----------------- Invoking toplevel() on ptolemy.moml.MoMLSimpleApplication@273de7a1
----------------- Done invoking toplevel() on ptolemy.moml.MoMLSimpleApplication@273de7a1
reloadAllAccessors: .arrayType11

===========================================================================================
----------------- testing Thu Jul 18 16:02:49 UTC 2019 /home/travis/build/icyphy/ptII/ptolemy/actor/lib/test/auto/arrayType12.xml
----------------- Instantiating /home/travis/build/icyphy/ptII/ptolemy/actor/lib/test/auto/arrayType12.xml
1 ms. Memory: 547840K Free: 359687K (66%)
----------------- Invoking toplevel() on ptolemy.moml.MoMLSimpleApplication@10b4ea83
----------------- Done invoking toplevel() on ptolemy.moml.MoMLSimpleApplication@10b4ea83
reloadAllAccessors: .arrayType12

===========================================================================================
----------------- testing Thu Jul 18 16:02:49 UTC 2019 /home/travis/build/icyphy/ptII/ptolemy/actor/lib/test/auto/arrayType13.xml
----------------- Instantiating /home/travis/build/icyphy/ptII/ptolemy/actor/lib/test/auto/arrayType13.xml
2 ms. Memory: 547840K Free: 353543K (65%)
----------------- Invoking toplevel() on ptolemy.moml.MoMLSimpleApplication@2ad0ddb4
----------------- Done invoking toplevel() on ptolemy.moml.MoMLSimpleApplication@2ad0ddb4
reloadAllAccessors: .arrayType13

===========================================================================================
----------------- testing Thu Jul 18 16:02:49 UTC 2019 /home/travis/build/icyphy/ptII/ptolemy/actor/lib/test/auto/arrayType14.xml
----------------- Instantiating /home/travis/build/icyphy/ptII/ptolemy/actor/lib/test/auto/arrayType14.xml
2 ms. Memory: 547840K Free: 348423K (64%)
----------------- Invoking toplevel() on ptolemy.moml.MoMLSimpleApplication@2a08f088
----------------- Done invoking toplevel() on ptolemy.moml.MoMLSimpleApplication@2a08f088
reloadAllAccessors: .arrayType14

===========================================================================================
----------------- testing Thu Jul 18 16:02:49 UTC 2019 /home/travis/build/icyphy/ptII/ptolemy/actor/lib/test/auto/arrayType15.xml
----------------- Instantiating /home/travis/build/icyphy/ptII/ptolemy/actor/lib/test/auto/arrayType15.xml
3 ms. Memory: 547840K Free: 343303K (63%)
----------------- Invoking toplevel() on ptolemy.moml.MoMLSimpleApplication@3aea7944
----------------- Done invoking toplevel() on ptolemy.moml.MoMLSimpleApplication@3aea7944
reloadAllAccessors: .arrayType15

===========================================================================================
----------------- testing Thu Jul 18 16:02:49 UTC 2019 /home/travis/build/icyphy/ptII/ptolemy/actor/lib/test/auto/arrayType16.xml
----------------- Instantiating /home/travis/build/icyphy/ptII/ptolemy/actor/lib/test/auto/arrayType16.xml
2 ms. Memory: 547840K Free: 338183K (62%)
----------------- Invoking toplevel() on ptolemy.moml.MoMLSimpleApplication@45c8b8a6
----------------- Done invoking toplevel() on ptolemy.moml.MoMLSimpleApplication@45c8b8a6
reloadAllAccessors: .arrayType16

===========================================================================================
----------------- testing Thu Jul 18 16:02:49 UTC 2019 /home/travis/build/icyphy/ptII/ptolemy/actor/lib/test/auto/arrayType17.xml
----------------- Instantiating /home/travis/build/icyphy/ptII/ptolemy/actor/lib/test/auto/arrayType17.xml
1 ms. Memory: 547840K Free: 332549K (61%)
----------------- Invoking toplevel() on ptolemy.moml.MoMLSimpleApplication@559d8a2f
----------------- Done invoking toplevel() on ptolemy.moml.MoMLSimpleApplication@559d8a2f
reloadAllAccessors: .arrayType17

===========================================================================================
----------------- testing Thu Jul 18 16:02:49 UTC 2019 /home/travis/build/icyphy/ptII/ptolemy/actor/lib/test/auto/arrayType18.xml
----------------- Instantiating /home/travis/build/icyphy/ptII/ptolemy/actor/lib/test/auto/arrayType18.xml
1 ms. Memory: 547840K Free: 327943K (60%)
----------------- Invoking toplevel() on ptolemy.moml.MoMLSimpleApplication@15d23b2c
----------------- Done invoking toplevel() on ptolemy.moml.MoMLSimpleApplication@15d23b2c
reloadAllAccessors: .arrayType18

===========================================================================================
----------------- testing Thu Jul 18 16:02:49 UTC 2019 /home/travis/build/icyphy/ptII/ptolemy/actor/lib/test/auto/arrayType19.xml
----------------- Instantiating /home/travis/build/icyphy/ptII/ptolemy/actor/lib/test/auto/arrayType19.xml
2 ms. Memory: 547840K Free: 323333K (59%)
----------------- Invoking toplevel() on ptolemy.moml.MoMLSimpleApplication@c6e152b
----------------- Done invoking toplevel() on ptolemy.moml.MoMLSimpleApplication@c6e152b
reloadAllAccessors: .arrayType19

===========================================================================================
----------------- testing Thu Jul 18 16:02:49 UTC 2019 /home/travis/build/icyphy/ptII/ptolemy/actor/lib/test/auto/arrayType2.xml
----------------- Instantiating /home/travis/build/icyphy/ptII/ptolemy/actor/lib/test/auto/arrayType2.xml
1 ms. Memory: 547840K Free: 318213K (58%)
----------------- Invoking toplevel() on ptolemy.moml.MoMLSimpleApplication@5251f5f0
----------------- Done invoking toplevel() on ptolemy.moml.MoMLSimpleApplication@5251f5f0
reloadAllAccessors: .arrayType2

===========================================================================================
----------------- testing Thu Jul 18 16:02:49 UTC 2019 /home/travis/build/icyphy/ptII/ptolemy/actor/lib/test/auto/arrayType20.xml
----------------- Instantiating /home/travis/build/icyphy/ptII/ptolemy/actor/lib/test/auto/arrayType20.xml
2 ms. Memory: 547840K Free: 313607K (57%)
----------------- Invoking toplevel() on ptolemy.moml.MoMLSimpleApplication@36566d1c
----------------- Done invoking toplevel() on ptolemy.moml.MoMLSimpleApplication@36566d1c
reloadAllAccessors: .arrayType20

===========================================================================================
----------------- testing Thu Jul 18 16:02:49 UTC 2019 /home/travis/build/icyphy/ptII/ptolemy/actor/lib/test/auto/arrayType21.xml
----------------- Instantiating /home/travis/build/icyphy/ptII/ptolemy/actor/lib/test/auto/arrayType21.xml
2 ms. Memory: 547840K Free: 308487K (56%)
----------------- Invoking toplevel() on ptolemy.moml.MoMLSimpleApplication@2724667b
----------------- Done invoking toplevel() on ptolemy.moml.MoMLSimpleApplication@2724667b
reloadAllAccessors: .arrayType21

===========================================================================================
----------------- testing Thu Jul 18 16:02:49 UTC 2019 /home/travis/build/icyphy/ptII/ptolemy/actor/lib/test/auto/arrayType22.xml
----------------- Instantiating /home/travis/build/icyphy/ptII/ptolemy/actor/lib/test/auto/arrayType22.xml
1 ms. Memory: 547840K Free: 303877K (55%)
----------------- Invoking toplevel() on ptolemy.moml.MoMLSimpleApplication@728322b7
----------------- Done invoking toplevel() on ptolemy.moml.MoMLSimpleApplication@728322b7
reloadAllAccessors: .arrayType22

===========================================================================================
----------------- testing Thu Jul 18 16:02:49 UTC 2019 /home/travis/build/icyphy/ptII/ptolemy/actor/lib/test/auto/arrayType23.xml
----------------- Instantiating /home/travis/build/icyphy/ptII/ptolemy/actor/lib/test/auto/arrayType23.xml
1 ms. Memory: 547840K Free: 299271K (55%)
----------------- Invoking toplevel() on ptolemy.moml.MoMLSimpleApplication@e89510e
----------------- Done invoking toplevel() on ptolemy.moml.MoMLSimpleApplication@e89510e
reloadAllAccessors: .arrayType23

===========================================================================================
----------------- testing Thu Jul 18 16:02:49 UTC 2019 /home/travis/build/icyphy/ptII/ptolemy/actor/lib/test/auto/arrayType24.xml
----------------- Instantiating /home/travis/build/icyphy/ptII/ptolemy/actor/lib/test/auto/arrayType24.xml
2 ms. Memory: 547840K Free: 294661K (54%)
----------------- Invoking toplevel() on ptolemy.moml.MoMLSimpleApplication@734c165a
----------------- Done invoking toplevel() on ptolemy.moml.MoMLSimpleApplication@734c165a
reloadAllAccessors: .arrayType24

===========================================================================================
----------------- testing Thu Jul 18 16:02:49 UTC 2019 /home/travis/build/icyphy/ptII/ptolemy/actor/lib/test/auto/arrayType25.xml
----------------- Instantiating /home/travis/build/icyphy/ptII/ptolemy/actor/lib/test/auto/arrayType25.xml
1 ms. Memory: 547840K Free: 288517K (53%)
----------------- Invoking toplevel() on ptolemy.moml.MoMLSimpleApplication@12082da0
----------------- Done invoking toplevel() on ptolemy.moml.MoMLSimpleApplication@12082da0
reloadAllAccessors: .arrayType25

===========================================================================================
----------------- testing Thu Jul 18 16:02:49 UTC 2019 /home/travis/build/icyphy/ptII/ptolemy/actor/lib/test/auto/arrayType26.xml
----------------- Instantiating /home/travis/build/icyphy/ptII/ptolemy/actor/lib/test/auto/arrayType26.xml
2 ms. Memory: 547840K Free: 283397K (52%)
----------------- Invoking toplevel() on ptolemy.moml.MoMLSimpleApplication@793c74e7
----------------- Done invoking toplevel() on ptolemy.moml.MoMLSimpleApplication@793c74e7
reloadAllAccessors: .arrayType26

===========================================================================================
----------------- testing Thu Jul 18 16:02:49 UTC 2019 /home/travis/build/icyphy/ptII/ptolemy/actor/lib/test/auto/arrayType27.xml
----------------- Instantiating /home/travis/build/icyphy/ptII/ptolemy/actor/lib/test/auto/arrayType27.xml
2 ms. Memory: 547840K Free: 278277K (51%)
----------------- Invoking toplevel() on ptolemy.moml.MoMLSimpleApplication@724ad146
----------------- Done invoking toplevel() on ptolemy.moml.MoMLSimpleApplication@724ad146
reloadAllAccessors: .arrayType27

===========================================================================================
----------------- testing Thu Jul 18 16:02:49 UTC 2019 /home/travis/build/icyphy/ptII/ptolemy/actor/lib/test/auto/arrayType28.xml
----------------- Instantiating /home/travis/build/icyphy/ptII/ptolemy/actor/lib/test/auto/arrayType28.xml
3 ms. Memory: 547840K Free: 273157K (50%)
----------------- Invoking toplevel() on ptolemy.moml.MoMLSimpleApplication@67f9c45f
----------------- Done invoking toplevel() on ptolemy.moml.MoMLSimpleApplication@67f9c45f
reloadAllAccessors: .arrayType28

===========================================================================================
----------------- testing Thu Jul 18 16:02:49 UTC 2019 /home/travis/build/icyphy/ptII/ptolemy/actor/lib/test/auto/arrayType3.xml
----------------- Instantiating /home/travis/build/icyphy/ptII/ptolemy/actor/lib/test/auto/arrayType3.xml
2 ms. Memory: 547840K Free: 267527K (49%)
----------------- Invoking toplevel() on ptolemy.moml.MoMLSimpleApplication@5e766eba
----------------- Done invoking toplevel() on ptolemy.moml.MoMLSimpleApplication@5e766eba
reloadAllAccessors: .arrayType3

===========================================================================================
----------------- testing Thu Jul 18 16:02:49 UTC 2019 /home/travis/build/icyphy/ptII/ptolemy/actor/lib/test/auto/arrayType4.xml
----------------- Instantiating /home/travis/build/icyphy/ptII/ptolemy/actor/lib/test/auto/arrayType4.xml
1 ms. Memory: 547840K Free: 262407K (48%)
----------------- Invoking toplevel() on ptolemy.moml.MoMLSimpleApplication@c95e396
----------------- Done invoking toplevel() on ptolemy.moml.MoMLSimpleApplication@c95e396
reloadAllAccessors: .arrayType4

===========================================================================================
----------------- testing Thu Jul 18 16:02:49 UTC 2019 /home/travis/build/icyphy/ptII/ptolemy/actor/lib/test/auto/arrayType5.xml
----------------- Instantiating /home/travis/build/icyphy/ptII/ptolemy/actor/lib/test/auto/arrayType5.xml
2 ms. Memory: 547840K Free: 257287K (47%)
----------------- Invoking toplevel() on ptolemy.moml.MoMLSimpleApplication@643b86aa
----------------- Done invoking toplevel() on ptolemy.moml.MoMLSimpleApplication@643b86aa
reloadAllAccessors: .arrayType5

===========================================================================================
----------------- testing Thu Jul 18 16:02:49 UTC 2019 /home/travis/build/icyphy/ptII/ptolemy/actor/lib/test/auto/arrayType6.xml
----------------- Instantiating /home/travis/build/icyphy/ptII/ptolemy/actor/lib/test/auto/arrayType6.xml
2 ms. Memory: 547840K Free: 252677K (46%)
----------------- Invoking toplevel() on ptolemy.moml.MoMLSimpleApplication@61294f50
----------------- Done invoking toplevel() on ptolemy.moml.MoMLSimpleApplication@61294f50
reloadAllAccessors: .arrayType6

===========================================================================================
----------------- testing Thu Jul 18 16:02:49 UTC 2019 /home/travis/build/icyphy/ptII/ptolemy/actor/lib/test/auto/arrayType7.xml
----------------- Instantiating /home/travis/build/icyphy/ptII/ptolemy/actor/lib/test/auto/arrayType7.xml
1 ms. Memory: 547840K Free: 247557K (45%)
----------------- Invoking toplevel() on ptolemy.moml.MoMLSimpleApplication@40ec7dba
----------------- Done invoking toplevel() on ptolemy.moml.MoMLSimpleApplication@40ec7dba
reloadAllAccessors: .arrayType7

===========================================================================================
----------------- testing Thu Jul 18 16:02:49 UTC 2019 /home/travis/build/icyphy/ptII/ptolemy/actor/lib/test/auto/arrayType8.xml
----------------- Instantiating /home/travis/build/icyphy/ptII/ptolemy/actor/lib/test/auto/arrayType8.xml
2 ms. Memory: 547840K Free: 242951K (44%)
----------------- Invoking toplevel() on ptolemy.moml.MoMLSimpleApplication@294b3961
----------------- Done invoking toplevel() on ptolemy.moml.MoMLSimpleApplication@294b3961
reloadAllAccessors: .arrayType8

===========================================================================================
----------------- testing Thu Jul 18 16:02:49 UTC 2019 /home/travis/build/icyphy/ptII/ptolemy/actor/lib/test/auto/arrayType9.xml
----------------- Instantiating /home/travis/build/icyphy/ptII/ptolemy/actor/lib/test/auto/arrayType9.xml
2 ms. Memory: 547840K Free: 238341K (44%)
----------------- Invoking toplevel() on ptolemy.moml.MoMLSimpleApplication@253d6879
----------------- Done invoking toplevel() on ptolemy.moml.MoMLSimpleApplication@253d6879
reloadAllAccessors: .arrayType9

===========================================================================================
----------------- testing Thu Jul 18 16:02:49 UTC 2019 /home/travis/build/icyphy/ptII/ptolemy/actor/lib/test/auto/cast.xml
----------------- Instantiating /home/travis/build/icyphy/ptII/ptolemy/actor/lib/test/auto/cast.xml
2 ms. Memory: 547840K Free: 233735K (43%)
----------------- Invoking toplevel() on ptolemy.moml.MoMLSimpleApplication@35de2727
----------------- Done invoking toplevel() on ptolemy.moml.MoMLSimpleApplication@35de2727
reloadAllAccessors: .cast

===========================================================================================
----------------- testing Thu Jul 18 16:02:49 UTC 2019 /home/travis/build/icyphy/ptII/ptolemy/actor/lib/test/auto/compositeMultiPort.xml
----------------- Instantiating /home/travis/build/icyphy/ptII/ptolemy/actor/lib/test/auto/compositeMultiPort.xml
4 ms. Memory: 547840K Free: 224519K (41%)
----------------- Invoking toplevel() on ptolemy.moml.MoMLSimpleApplication@5c1f1607
----------------- Done invoking toplevel() on ptolemy.moml.MoMLSimpleApplication@5c1f1607
reloadAllAccessors: .compositeMultiPort

===========================================================================================
----------------- testing Thu Jul 18 16:02:49 UTC 2019 /home/travis/build/icyphy/ptII/ptolemy/actor/lib/test/auto/expressionCastInference.xml
----------------- Instantiating /home/travis/build/icyphy/ptII/ptolemy/actor/lib/test/auto/expressionCastInference.xml
2 ms. Memory: 547840K Free: 219909K (40%)
----------------- Invoking toplevel() on ptolemy.moml.MoMLSimpleApplication@460be4b1
----------------- Done invoking toplevel() on ptolemy.moml.MoMLSimpleApplication@460be4b1
reloadAllAccessors: .expressionCastInference

===========================================================================================
----------------- testing Thu Jul 18 16:02:49 UTC 2019 /home/travis/build/icyphy/ptII/ptolemy/actor/lib/test/auto/expressionCastInference2.xml
----------------- Instantiating /home/travis/build/icyphy/ptII/ptolemy/actor/lib/test/auto/expressionCastInference2.xml
1 ms. Memory: 547840K Free: 215303K (39%)
----------------- Invoking toplevel() on ptolemy.moml.MoMLSimpleApplication@745623e7
----------------- Done invoking toplevel() on ptolemy.moml.MoMLSimpleApplication@745623e7
reloadAllAccessors: .expressionCastInference2

===========================================================================================
----------------- testing Thu Jul 18 16:02:49 UTC 2019 /home/travis/build/icyphy/ptII/ptolemy/actor/lib/test/auto/expressionInference.xml
----------------- Instantiating /home/travis/build/icyphy/ptII/ptolemy/actor/lib/test/auto/expressionInference.xml
1 ms. Memory: 547840K Free: 493412K (90%)
----------------- Invoking toplevel() on ptolemy.moml.MoMLSimpleApplication@3a5b774f
----------------- Done invoking toplevel() on ptolemy.moml.MoMLSimpleApplication@3a5b774f
reloadAllAccessors: .expressionInference

===========================================================================================
----------------- testing Thu Jul 18 16:02:49 UTC 2019 /home/travis/build/icyphy/ptII/ptolemy/actor/lib/test/auto/expression_bug.xml
----------------- Instantiating /home/travis/build/icyphy/ptII/ptolemy/actor/lib/test/auto/expression_bug.xml
1 ms. Memory: 547840K Free: 488585K (89%)
----------------- Invoking toplevel() on ptolemy.moml.MoMLSimpleApplication@3b2462ec
----------------- Done invoking toplevel() on ptolemy.moml.MoMLSimpleApplication@3b2462ec
reloadAllAccessors: .expression_bug

===========================================================================================
----------------- testing Thu Jul 18 16:02:49 UTC 2019 /home/travis/build/icyphy/ptII/ptolemy/actor/lib/test/auto/factorial.xml
----------------- Instantiating /home/travis/build/icyphy/ptII/ptolemy/actor/lib/test/auto/factorial.xml
55 ms. Memory: 547840K Free: 479883K (88%)
----------------- Invoking toplevel() on ptolemy.moml.MoMLSimpleApplication@34c68973
----------------- Done invoking toplevel() on ptolemy.moml.MoMLSimpleApplication@34c68973
reloadAllAccessors: .factorial

===========================================================================================
----------------- testing Thu Jul 18 16:02:49 UTC 2019 /home/travis/build/icyphy/ptII/ptolemy/actor/lib/test/auto/filterTest1.xml
----------------- Instantiating /home/travis/build/icyphy/ptII/ptolemy/actor/lib/test/auto/filterTest1.xml
3 ms. Memory: 547840K Free: 474235K (87%)
----------------- Invoking toplevel() on ptolemy.moml.MoMLSimpleApplication@2dfe4142
----------------- Done invoking toplevel() on ptolemy.moml.MoMLSimpleApplication@2dfe4142
reloadAllAccessors: .filterTest1

===========================================================================================
----------------- testing Thu Jul 18 16:02:49 UTC 2019 /home/travis/build/icyphy/ptII/ptolemy/actor/lib/test/auto/funcApplyInConst.xml
----------------- Instantiating /home/travis/build/icyphy/ptII/ptolemy/actor/lib/test/auto/funcApplyInConst.xml
5 ms. Memory: 547840K Free: 470153K (86%)
----------------- Invoking toplevel() on ptolemy.moml.MoMLSimpleApplication@104e5226
----------------- Done invoking toplevel() on ptolemy.moml.MoMLSimpleApplication@104e5226
reloadAllAccessors: .funcApplyInConst

===========================================================================================
----------------- testing Thu Jul 18 16:02:49 UTC 2019 /home/travis/build/icyphy/ptII/ptolemy/actor/lib/test/auto/funcApplyInExpr.xml
----------------- Instantiating /home/travis/build/icyphy/ptII/ptolemy/actor/lib/test/auto/funcApplyInExpr.xml
2 ms. Memory: 547840K Free: 466571K (85%)
----------------- Invoking toplevel() on ptolemy.moml.MoMLSimpleApplication@4aaacc14
----------------- Done invoking toplevel() on ptolemy.moml.MoMLSimpleApplication@4aaacc14
reloadAllAccessors: .funcApplyInExpr

===========================================================================================
----------------- testing Thu Jul 18 16:02:49 UTC 2019 /home/travis/build/icyphy/ptII/ptolemy/actor/lib/test/auto/function.xml
----------------- Instantiating /home/travis/build/icyphy/ptII/ptolemy/actor/lib/test/auto/function.xml
2 ms. Memory: 547840K Free: 461961K (84%)
----------------- Invoking toplevel() on ptolemy.moml.MoMLSimpleApplication@5d6787d4
----------------- Done invoking toplevel() on ptolemy.moml.MoMLSimpleApplication@5d6787d4
reloadAllAccessors: .function

===========================================================================================
----------------- testing Thu Jul 18 16:02:49 UTC 2019 /home/travis/build/icyphy/ptII/ptolemy/actor/lib/test/auto/function2.xml
----------------- Instantiating /home/travis/build/icyphy/ptII/ptolemy/actor/lib/test/auto/function2.xml
2 ms. Memory: 547840K Free: 456841K (83%)
----------------- Invoking toplevel() on ptolemy.moml.MoMLSimpleApplication@604f80f8
----------------- Done invoking toplevel() on ptolemy.moml.MoMLSimpleApplication@604f80f8
reloadAllAccessors: .function2

===========================================================================================
----------------- testing Thu Jul 18 16:02:49 UTC 2019 /home/travis/build/icyphy/ptII/ptolemy/actor/lib/test/auto/function3.xml
----------------- Instantiating /home/travis/build/icyphy/ptII/ptolemy/actor/lib/test/auto/function3.xml
3 ms. Memory: 547840K Free: 453259K (83%)
----------------- Invoking toplevel() on ptolemy.moml.MoMLSimpleApplication@633e3123
----------------- Done invoking toplevel() on ptolemy.moml.MoMLSimpleApplication@633e3123
reloadAllAccessors: .function3

===========================================================================================
----------------- testing Thu Jul 18 16:02:50 UTC 2019 /home/travis/build/icyphy/ptII/ptolemy/actor/lib/test/auto/functionClosureTest1.xml
----------------- Instantiating /home/travis/build/icyphy/ptII/ptolemy/actor/lib/test/auto/functionClosureTest1.xml
2 ms. Memory: 547840K Free: 447625K (82%)
----------------- Invoking toplevel() on ptolemy.moml.MoMLSimpleApplication@59f3fc32
----------------- Done invoking toplevel() on ptolemy.moml.MoMLSimpleApplication@59f3fc32
reloadAllAccessors: .functionClosureTest1

===========================================================================================
----------------- testing Thu Jul 18 16:02:50 UTC 2019 /home/travis/build/icyphy/ptII/ptolemy/actor/lib/test/auto/functionClosureTest2.xml
----------------- Instantiating /home/travis/build/icyphy/ptII/ptolemy/actor/lib/test/auto/functionClosureTest2.xml
1 ms. Memory: 547840K Free: 444043K (81%)
----------------- Invoking toplevel() on ptolemy.moml.MoMLSimpleApplication@6150491c
----------------- Done invoking toplevel() on ptolemy.moml.MoMLSimpleApplication@6150491c
reloadAllAccessors: .functionClosureTest2

===========================================================================================
----------------- testing Thu Jul 18 16:02:50 UTC 2019 /home/travis/build/icyphy/ptII/ptolemy/actor/lib/test/auto/functionClosureTest3.xml
----------------- Instantiating /home/travis/build/icyphy/ptII/ptolemy/actor/lib/test/auto/functionClosureTest3.xml
4 ms. Memory: 547840K Free: 438395K (80%)
----------------- Invoking toplevel() on ptolemy.moml.MoMLSimpleApplication@2f0e9695
----------------- Done invoking toplevel() on ptolemy.moml.MoMLSimpleApplication@2f0e9695
reloadAllAccessors: .functionClosureTest3

===========================================================================================
----------------- testing Thu Jul 18 16:02:50 UTC 2019 /home/travis/build/icyphy/ptII/ptolemy/actor/lib/test/auto/functionClosureTest4.xml
----------------- Instantiating /home/travis/build/icyphy/ptII/ptolemy/actor/lib/test/auto/functionClosureTest4.xml
10 ms. Memory: 547840K Free: 432265K (79%)
----------------- Invoking toplevel() on ptolemy.moml.MoMLSimpleApplication@71a6f599
----------------- Done invoking toplevel() on ptolemy.moml.MoMLSimpleApplication@71a6f599
reloadAllAccessors: .functionClosureTest4

===========================================================================================
----------------- testing Thu Jul 18 16:02:50 UTC 2019 /home/travis/build/icyphy/ptII/ptolemy/actor/lib/test/auto/functionClosureTest5.xml
----------------- Instantiating /home/travis/build/icyphy/ptII/ptolemy/actor/lib/test/auto/functionClosureTest5.xml
4 ms. Memory: 547840K Free: 427131K (78%)
----------------- Invoking toplevel() on ptolemy.moml.MoMLSimpleApplication@5eb5d67b
----------------- Done invoking toplevel() on ptolemy.moml.MoMLSimpleApplication@5eb5d67b
reloadAllAccessors: .functionClosureTest5

===========================================================================================
----------------- testing Thu Jul 18 16:02:50 UTC 2019 /home/travis/build/icyphy/ptII/ptolemy/actor/lib/test/auto/functionClosureTest6.xml
----------------- Instantiating /home/travis/build/icyphy/ptII/ptolemy/actor/lib/test/auto/functionClosureTest6.xml
2 ms. Memory: 547840K Free: 422011K (77%)
----------------- Invoking toplevel() on ptolemy.moml.MoMLSimpleApplication@7c673aa
----------------- Done invoking toplevel() on ptolemy.moml.MoMLSimpleApplication@7c673aa
reloadAllAccessors: .functionClosureTest6

===========================================================================================
----------------- testing Thu Jul 18 16:02:50 UTC 2019 /home/travis/build/icyphy/ptII/ptolemy/actor/lib/test/auto/functionsOnArcs.xml
----------------- Instantiating /home/travis/build/icyphy/ptII/ptolemy/actor/lib/test/auto/functionsOnArcs.xml
2 ms. Memory: 547840K Free: 416905K (76%)
----------------- Invoking toplevel() on ptolemy.moml.MoMLSimpleApplication@68df0dd
----------------- Done invoking toplevel() on ptolemy.moml.MoMLSimpleApplication@68df0dd
reloadAllAccessors: .functionsOnArcs

===========================================================================================
----------------- testing Thu Jul 18 16:02:50 UTC 2019 /home/travis/build/icyphy/ptII/ptolemy/actor/lib/test/auto/functionsOnArcsHOF.xml
----------------- Instantiating /home/travis/build/icyphy/ptII/ptolemy/actor/lib/test/auto/functionsOnArcsHOF.xml
4 ms. Memory: 547840K Free: 411275K (75%)
----------------- Invoking toplevel() on ptolemy.moml.MoMLSimpleApplication@6406dbb7
----------------- Done invoking toplevel() on ptolemy.moml.MoMLSimpleApplication@6406dbb7
reloadAllAccessors: .functionsOnArcsHOF

===========================================================================================
----------------- testing Thu Jul 18 16:02:50 UTC 2019 /home/travis/build/icyphy/ptII/ptolemy/actor/lib/test/auto/logic.xml
----------------- Instantiating /home/travis/build/icyphy/ptII/ptolemy/actor/lib/test/auto/logic.xml
2 ms. Memory: 547840K Free: 403593K (74%)
----------------- Invoking toplevel() on ptolemy.moml.MoMLSimpleApplication@3b8d194b
----------------- Done invoking toplevel() on ptolemy.moml.MoMLSimpleApplication@3b8d194b
reloadAllAccessors: .logic

===========================================================================================
----------------- testing Thu Jul 18 16:02:50 UTC 2019 /home/travis/build/icyphy/ptII/ptolemy/actor/lib/test/auto/matrixType.xml
----------------- Instantiating /home/travis/build/icyphy/ptII/ptolemy/actor/lib/test/auto/matrixType.xml
1 ms. Memory: 547840K Free: 398473K (73%)
----------------- Invoking toplevel() on ptolemy.moml.MoMLSimpleApplication@15738f67
----------------- Done invoking toplevel() on ptolemy.moml.MoMLSimpleApplication@15738f67
reloadAllAccessors: .matrixType

===========================================================================================
----------------- testing Thu Jul 18 16:02:50 UTC 2019 /home/travis/build/icyphy/ptII/ptolemy/actor/lib/test/auto/matrixType10.xml
----------------- Instantiating /home/travis/build/icyphy/ptII/ptolemy/actor/lib/test/auto/matrixType10.xml
2 ms. Memory: 547840K Free: 393867K (72%)
----------------- Invoking toplevel() on ptolemy.moml.MoMLSimpleApplication@3ad84572
----------------- Done invoking toplevel() on ptolemy.moml.MoMLSimpleApplication@3ad84572
reloadAllAccessors: .matrixType10

===========================================================================================
----------------- testing Thu Jul 18 16:02:50 UTC 2019 /home/travis/build/icyphy/ptII/ptolemy/actor/lib/test/auto/matrixType11.xml
----------------- Instantiating /home/travis/build/icyphy/ptII/ptolemy/actor/lib/test/auto/matrixType11.xml
1 ms. Memory: 547840K Free: 388747K (71%)
----------------- Invoking toplevel() on ptolemy.moml.MoMLSimpleApplication@dff7340
----------------- Done invoking toplevel() on ptolemy.moml.MoMLSimpleApplication@dff7340
reloadAllAccessors: .matrixType11

===========================================================================================
----------------- testing Thu Jul 18 16:02:50 UTC 2019 /home/travis/build/icyphy/ptII/ptolemy/actor/lib/test/auto/matrixType12.xml
----------------- Instantiating /home/travis/build/icyphy/ptII/ptolemy/actor/lib/test/auto/matrixType12.xml
2 ms. Memory: 547840K Free: 384137K (70%)
----------------- Invoking toplevel() on ptolemy.moml.MoMLSimpleApplication@2549f6cd
----------------- Done invoking toplevel() on ptolemy.moml.MoMLSimpleApplication@2549f6cd
reloadAllAccessors: .matrixType12

===========================================================================================
----------------- testing Thu Jul 18 16:02:50 UTC 2019 /home/travis/build/icyphy/ptII/ptolemy/actor/lib/test/auto/matrixType13.xml
----------------- Instantiating /home/travis/build/icyphy/ptII/ptolemy/actor/lib/test/auto/matrixType13.xml
1 ms. Memory: 547840K Free: 379531K (69%)
----------------- Invoking toplevel() on ptolemy.moml.MoMLSimpleApplication@4f22d59a
----------------- Done invoking toplevel() on ptolemy.moml.MoMLSimpleApplication@4f22d59a
reloadAllAccessors: .matrixType13

===========================================================================================
----------------- testing Thu Jul 18 16:02:50 UTC 2019 /home/travis/build/icyphy/ptII/ptolemy/actor/lib/test/auto/matrixType14.xml
----------------- Instantiating /home/travis/build/icyphy/ptII/ptolemy/actor/lib/test/auto/matrixType14.xml
1 ms. Memory: 547840K Free: 373897K (68%)
----------------- Invoking toplevel() on ptolemy.moml.MoMLSimpleApplication@4e6ca768
----------------- Done invoking toplevel() on ptolemy.moml.MoMLSimpleApplication@4e6ca768
reloadAllAccessors: .matrixType14

===========================================================================================
----------------- testing Thu Jul 18 16:02:50 UTC 2019 /home/travis/build/icyphy/ptII/ptolemy/actor/lib/test/auto/matrixType2.xml
----------------- Instantiating /home/travis/build/icyphy/ptII/ptolemy/actor/lib/test/auto/matrixType2.xml
2 ms. Memory: 547840K Free: 368777K (67%)
----------------- Invoking toplevel() on ptolemy.moml.MoMLSimpleApplication@31eeb28d
----------------- Done invoking toplevel() on ptolemy.moml.MoMLSimpleApplication@31eeb28d
reloadAllAccessors: .matrixType2

===========================================================================================
----------------- testing Thu Jul 18 16:02:50 UTC 2019 /home/travis/build/icyphy/ptII/ptolemy/actor/lib/test/auto/matrixType3.xml
----------------- Instantiating /home/travis/build/icyphy/ptII/ptolemy/actor/lib/test/auto/matrixType3.xml
3 ms. Memory: 547840K Free: 364171K (66%)
----------------- Invoking toplevel() on ptolemy.moml.MoMLSimpleApplication@2f4fe9e8
----------------- Done invoking toplevel() on ptolemy.moml.MoMLSimpleApplication@2f4fe9e8
reloadAllAccessors: .matrixType3

===========================================================================================
----------------- testing Thu Jul 18 16:02:50 UTC 2019 /home/travis/build/icyphy/ptII/ptolemy/actor/lib/test/auto/matrixType4.xml
----------------- Instantiating /home/travis/build/icyphy/ptII/ptolemy/actor/lib/test/auto/matrixType4.xml
2 ms. Memory: 547840K Free: 359051K (66%)
----------------- Invoking toplevel() on ptolemy.moml.MoMLSimpleApplication@65f097a9
----------------- Done invoking toplevel() on ptolemy.moml.MoMLSimpleApplication@65f097a9
reloadAllAccessors: .matrixType4

===========================================================================================
----------------- testing Thu Jul 18 16:02:50 UTC 2019 /home/travis/build/icyphy/ptII/ptolemy/actor/lib/test/auto/matrixType5.xml
----------------- Instantiating /home/travis/build/icyphy/ptII/ptolemy/actor/lib/test/auto/matrixType5.xml
1 ms. Memory: 547840K Free: 354441K (65%)
----------------- Invoking toplevel() on ptolemy.moml.MoMLSimpleApplication@1e7a4600
----------------- Done invoking toplevel() on ptolemy.moml.MoMLSimpleApplication@1e7a4600
reloadAllAccessors: .matrixType5

===========================================================================================
----------------- testing Thu Jul 18 16:02:50 UTC 2019 /home/travis/build/icyphy/ptII/ptolemy/actor/lib/test/auto/matrixType6.xml
----------------- Instantiating /home/travis/build/icyphy/ptII/ptolemy/actor/lib/test/auto/matrixType6.xml
1 ms. Memory: 547840K Free: 349321K (64%)
----------------- Invoking toplevel() on ptolemy.moml.MoMLSimpleApplication@2205ab39
----------------- Done invoking toplevel() on ptolemy.moml.MoMLSimpleApplication@2205ab39
reloadAllAccessors: .matrixType6

===========================================================================================
----------------- testing Thu Jul 18 16:02:50 UTC 2019 /home/travis/build/icyphy/ptII/ptolemy/actor/lib/test/auto/matrixType7.xml
----------------- Instantiating /home/travis/build/icyphy/ptII/ptolemy/actor/lib/test/auto/matrixType7.xml
2 ms. Memory: 547840K Free: 344715K (63%)
----------------- Invoking toplevel() on ptolemy.moml.MoMLSimpleApplication@f6f9e44
----------------- Done invoking toplevel() on ptolemy.moml.MoMLSimpleApplication@f6f9e44
reloadAllAccessors: .matrixType7

===========================================================================================
----------------- testing Thu Jul 18 16:02:50 UTC 2019 /home/travis/build/icyphy/ptII/ptolemy/actor/lib/test/auto/matrixType8.xml
----------------- Instantiating /home/travis/build/icyphy/ptII/ptolemy/actor/lib/test/auto/matrixType8.xml
1 ms. Memory: 547840K Free: 340105K (62%)
----------------- Invoking toplevel() on ptolemy.moml.MoMLSimpleApplication@5a579e99
----------------- Done invoking toplevel() on ptolemy.moml.MoMLSimpleApplication@5a579e99
reloadAllAccessors: .matrixType8

===========================================================================================
----------------- testing Thu Jul 18 16:02:50 UTC 2019 /home/travis/build/icyphy/ptII/ptolemy/actor/lib/test/auto/matrixType9.xml
----------------- Instantiating /home/travis/build/icyphy/ptII/ptolemy/actor/lib/test/auto/matrixType9.xml
2 ms. Memory: 547840K Free: 334985K (61%)
----------------- Invoking toplevel() on ptolemy.moml.MoMLSimpleApplication@680b568b
----------------- Done invoking toplevel() on ptolemy.moml.MoMLSimpleApplication@680b568b
reloadAllAccessors: .matrixType9

===========================================================================================
----------------- testing Thu Jul 18 16:02:50 UTC 2019 /home/travis/build/icyphy/ptII/ptolemy/actor/lib/test/auto/paraFunctest.xml
----------------- Instantiating /home/travis/build/icyphy/ptII/ptolemy/actor/lib/test/auto/paraFunctest.xml
2 ms. Memory: 547840K Free: 330889K (60%)
----------------- Invoking toplevel() on ptolemy.moml.MoMLSimpleApplication@57ecb4ec
----------------- Done invoking toplevel() on ptolemy.moml.MoMLSimpleApplication@57ecb4ec
reloadAllAccessors: .paraFunctest

===========================================================================================
----------------- testing Thu Jul 18 16:02:50 UTC 2019 /home/travis/build/icyphy/ptII/ptolemy/actor/lib/test/auto/paraFunctest2.xml
----------------- Instantiating /home/travis/build/icyphy/ptII/ptolemy/actor/lib/test/auto/paraFunctest2.xml
1 ms. Memory: 547840K Free: 327307K (60%)
----------------- Invoking toplevel() on ptolemy.moml.MoMLSimpleApplication@35b81641
----------------- Done invoking toplevel() on ptolemy.moml.MoMLSimpleApplication@35b81641
reloadAllAccessors: .paraFunctest2

===========================================================================================
----------------- testing Thu Jul 18 16:02:50 UTC 2019 /home/travis/build/icyphy/ptII/ptolemy/actor/lib/test/auto/parameterPassing.xml
----------------- Instantiating /home/travis/build/icyphy/ptII/ptolemy/actor/lib/test/auto/parameterPassing.xml
1 ms. Memory: 547840K Free: 322697K (59%)
----------------- Invoking toplevel() on ptolemy.moml.MoMLSimpleApplication@44b6e105
----------------- Done invoking toplevel() on ptolemy.moml.MoMLSimpleApplication@44b6e105
reloadAllAccessors: .parameterPassing

===========================================================================================
----------------- testing Thu Jul 18 16:02:50 UTC 2019 /home/travis/build/icyphy/ptII/ptolemy/actor/lib/test/auto/record.xml
----------------- Instantiating /home/travis/build/icyphy/ptII/ptolemy/actor/lib/test/auto/record.xml
3 ms. Memory: 547840K Free: 318091K (58%)
----------------- Invoking toplevel() on ptolemy.moml.MoMLSimpleApplication@12256cce
----------------- Done invoking toplevel() on ptolemy.moml.MoMLSimpleApplication@12256cce
reloadAllAccessors: .record

===========================================================================================
----------------- testing Thu Jul 18 16:02:50 UTC 2019 /home/travis/build/icyphy/ptII/ptolemy/actor/lib/test/auto/sizedarray1.xml
----------------- Instantiating /home/travis/build/icyphy/ptII/ptolemy/actor/lib/test/auto/sizedarray1.xml
1 ms. Memory: 547840K Free: 312971K (57%)
----------------- Invoking toplevel() on ptolemy.moml.MoMLSimpleApplication@7cd4c523
----------------- Done invoking toplevel() on ptolemy.moml.MoMLSimpleApplication@7cd4c523
reloadAllAccessors: .sizedarray1

===========================================================================================
----------------- testing Thu Jul 18 16:02:50 UTC 2019 /home/travis/build/icyphy/ptII/ptolemy/actor/lib/test/auto/sizedarray2.xml
----------------- Instantiating /home/travis/build/icyphy/ptII/ptolemy/actor/lib/test/auto/sizedarray2.xml
2 ms. Memory: 547840K Free: 307337K (56%)
----------------- Invoking toplevel() on ptolemy.moml.MoMLSimpleApplication@2eb2440d
----------------- Done invoking toplevel() on ptolemy.moml.MoMLSimpleApplication@2eb2440d
reloadAllAccessors: .sizedarray2

===========================================================================================
----------------- testing Thu Jul 18 16:02:50 UTC 2019 /home/travis/build/icyphy/ptII/ptolemy/actor/lib/test/auto/twoPublishers.xml
----------------- Instantiating /home/travis/build/icyphy/ptII/ptolemy/actor/lib/test/auto/twoPublishers.xml
6 ms. Memory: 547840K Free: 297083K (54%)
----------------- Invoking toplevel() on ptolemy.moml.MoMLSimpleApplication@187b3f30
----------------- Done invoking toplevel() on ptolemy.moml.MoMLSimpleApplication@187b3f30
reloadAllAccessors: .twoPublishers
AutoTests.java: About to close Vertx.
AutoTests.java: Vertx closed.
]]></system-out>
  <system-err><![CDATA[java.lang.RuntimeException: Execution failed
	at ptolemy.moml.MoMLSimpleApplication$UnloadThread.run(MoMLSimpleApplication.java:402)
Caused by: java.lang.RuntimeException: StringUtilities.exit() was called. Normally, we would exit here because Manager.exitAfterWrapup() was called.  However, because the ptolemy.ptII.exitAfterWrapup property is set, we throw this exception instead.
	at ptolemy.util.StringUtilities.exit(StringUtilities.java:363)
	at ptolemy.actor.Manager.wrapup(Manager.java:1549)
	at ptolemy.actor.Manager.execute(Manager.java:407)
	at ptolemy.actor.Manager.run(Manager.java:1263)
	at ptolemy.actor.Manager$PtolemyRunThread.run(Manager.java:1933)
Warning: '.top.test' is in training mode, set the trainingMode parameter to false before checking in
Warning: '.top.test' is in training mode, set the trainingMode parameter to false before checking in
Warning: '.top.test' is in training mode, set the trainingMode parameter to false before checking in
Warning: '.BooleanSwitch_RegressionTest_WrongTrainingValues.Test' is in training mode, set the trainingMode parameter to false before checking in
Warning: '.BooleanSwitch_RegressionTest_WrongTrainingValues.Test2' is in training mode, set the trainingMode parameter to false before checking in
Warning: '.BooleanSwitch_RegressionTest_WrongTrainingValues.Test2' The test produced 0 tokens.
Warning: '.top.testExceptionHandler' is in training mode, set the trainingMode parameter to false before checking in
java.lang.RuntimeException: Execution failed
	at ptolemy.moml.MoMLSimpleApplication$UnloadThread.run(MoMLSimpleApplication.java:402)
Caused by: ptolemy.kernel.util.IllegalActionException: PublisherPorts cannot be used at the top level, use a Publisher actor instead.
  in .PublisherPortToplevelSubscriber.PublisherPort
	at ptolemy.actor.PublisherPort.preinitialize(PublisherPort.java:403)
	at ptolemy.actor.CompositeActor.preinitialize(CompositeActor.java:1769)
	at ptolemy.actor.Manager.preinitializeAndResolveTypes(Manager.java:1040)
	at ptolemy.actor.Manager.initialize(Manager.java:710)
	at ptolemy.actor.Manager.execute(Manager.java:356)
	at ptolemy.actor.Manager.run(Manager.java:1263)
	at ptolemy.actor.Manager$PtolemyRunThread.run(Manager.java:1933)
java.lang.reflect.InvocationTargetException
	at java.base/jdk.internal.reflect.NativeConstructorAccessorImpl.newInstance0(Native Method)
	at java.base/jdk.internal.reflect.NativeConstructorAccessorImpl.newInstance(NativeConstructorAccessorImpl.java:62)
	at java.base/jdk.internal.reflect.DelegatingConstructorAccessorImpl.newInstance(DelegatingConstructorAccessorImpl.java:45)
	at java.base/java.lang.reflect.Constructor.newInstance(Constructor.java:490)
	at ptolemy.util.test.junit.AutoKnownFailedTests.RunModel(AutoKnownFailedTests.java:105)
	at java.base/jdk.internal.reflect.NativeMethodAccessorImpl.invoke0(Native Method)
	at java.base/jdk.internal.reflect.NativeMethodAccessorImpl.invoke(NativeMethodAccessorImpl.java:62)
	at java.base/jdk.internal.reflect.DelegatingMethodAccessorImpl.invoke(DelegatingMethodAccessorImpl.java:43)
	at java.base/java.lang.reflect.Method.invoke(Method.java:566)
	at org.junit.runners.model.FrameworkMethod$1.runReflectiveCall(FrameworkMethod.java:44)
	at org.junit.internal.runners.model.ReflectiveCallable.run(ReflectiveCallable.java:15)
	at org.junit.runners.model.FrameworkMethod.invokeExplosively(FrameworkMethod.java:41)
	at junitparams.internal.InvokeParameterisedMethod.evaluate(InvokeParameterisedMethod.java:102)
	at org.junit.internal.runners.statements.FailOnTimeout$1.run(FailOnTimeout.java:28)
Caused by: ptolemy.kernel.util.IllegalActionException: PublisherPorts cannot be used at the top level, use a Publisher actor instead.
  in .PublisherPortToplevelSubscriber.PublisherPort
	at ptolemy.actor.PublisherPort.preinitialize(PublisherPort.java:403)
	at ptolemy.actor.CompositeActor.preinitialize(CompositeActor.java:1769)
	at ptolemy.actor.Manager.preinitializeAndResolveTypes(Manager.java:1040)
	at ptolemy.actor.Manager.initialize(Manager.java:710)
	at ptolemy.actor.Manager.execute(Manager.java:356)
	at ptolemy.actor.Manager.run(Manager.java:1263)
	at ptolemy.actor.Manager$PtolemyRunThread.run(Manager.java:1933)
java.lang.RuntimeException: Execution failed
	at ptolemy.moml.MoMLSimpleApplication$UnloadThread.run(MoMLSimpleApplication.java:402)
Caused by: ptolemy.kernel.util.IllegalActionException: SubscriberPorts cannot be used at the top level, use a Subscriber actor instead.
  in .PublisherSubscriberPortToplevel.SubscriberPort
	at ptolemy.actor.SubscriberPort.preinitialize(SubscriberPort.java:328)
	at ptolemy.actor.CompositeActor.preinitialize(CompositeActor.java:1769)
	at ptolemy.actor.Manager.preinitializeAndResolveTypes(Manager.java:1040)
	at ptolemy.actor.Manager.initialize(Manager.java:710)
	at ptolemy.actor.Manager.execute(Manager.java:356)
	at ptolemy.actor.Manager.run(Manager.java:1263)
	at ptolemy.actor.Manager$PtolemyRunThread.run(Manager.java:1933)
java.lang.reflect.InvocationTargetException
	at java.base/jdk.internal.reflect.NativeConstructorAccessorImpl.newInstance0(Native Method)
	at java.base/jdk.internal.reflect.NativeConstructorAccessorImpl.newInstance(NativeConstructorAccessorImpl.java:62)
	at java.base/jdk.internal.reflect.DelegatingConstructorAccessorImpl.newInstance(DelegatingConstructorAccessorImpl.java:45)
	at java.base/java.lang.reflect.Constructor.newInstance(Constructor.java:490)
	at ptolemy.util.test.junit.AutoKnownFailedTests.RunModel(AutoKnownFailedTests.java:105)
	at java.base/jdk.internal.reflect.NativeMethodAccessorImpl.invoke0(Native Method)
	at java.base/jdk.internal.reflect.NativeMethodAccessorImpl.invoke(NativeMethodAccessorImpl.java:62)
	at java.base/jdk.internal.reflect.DelegatingMethodAccessorImpl.invoke(DelegatingMethodAccessorImpl.java:43)
	at java.base/java.lang.reflect.Method.invoke(Method.java:566)
	at org.junit.runners.model.FrameworkMethod$1.runReflectiveCall(FrameworkMethod.java:44)
	at org.junit.internal.runners.model.ReflectiveCallable.run(ReflectiveCallable.java:15)
	at org.junit.runners.model.FrameworkMethod.invokeExplosively(FrameworkMethod.java:41)
	at junitparams.internal.InvokeParameterisedMethod.evaluate(InvokeParameterisedMethod.java:102)
	at org.junit.internal.runners.statements.FailOnTimeout$1.run(FailOnTimeout.java:28)
Caused by: ptolemy.kernel.util.IllegalActionException: SubscriberPorts cannot be used at the top level, use a Subscriber actor instead.
  in .PublisherSubscriberPortToplevel.SubscriberPort
	at ptolemy.actor.SubscriberPort.preinitialize(SubscriberPort.java:328)
	at ptolemy.actor.CompositeActor.preinitialize(CompositeActor.java:1769)
	at ptolemy.actor.Manager.preinitializeAndResolveTypes(Manager.java:1040)
	at ptolemy.actor.Manager.initialize(Manager.java:710)
	at ptolemy.actor.Manager.execute(Manager.java:356)
	at ptolemy.actor.Manager.run(Manager.java:1263)
	at ptolemy.actor.Manager$PtolemyRunThread.run(Manager.java:1933)
java.lang.RuntimeException: Execution failed
	at ptolemy.moml.MoMLSimpleApplication$UnloadThread.run(MoMLSimpleApplication.java:402)
Caused by: ptolemy.kernel.util.IllegalActionException: SubscriptionAggregatorPorts cannot be used at the top level, use a SubscriptionAggregator actor instead.
  in .PublisherSubscriptionAggregatorPort.SubscriptionAggregatorPort
	at ptolemy.actor.SubscriptionAggregatorPort.preinitialize(SubscriptionAggregatorPort.java:353)
	at ptolemy.actor.CompositeActor.preinitialize(CompositeActor.java:1769)
	at ptolemy.actor.Manager.preinitializeAndResolveTypes(Manager.java:1040)
	at ptolemy.actor.Manager.initialize(Manager.java:710)
	at ptolemy.actor.Manager.execute(Manager.java:356)
	at ptolemy.actor.Manager.run(Manager.java:1263)
	at ptolemy.actor.Manager$PtolemyRunThread.run(Manager.java:1933)
java.lang.reflect.InvocationTargetException
	at java.base/jdk.internal.reflect.NativeConstructorAccessorImpl.newInstance0(Native Method)
	at java.base/jdk.internal.reflect.NativeConstructorAccessorImpl.newInstance(NativeConstructorAccessorImpl.java:62)
	at java.base/jdk.internal.reflect.DelegatingConstructorAccessorImpl.newInstance(DelegatingConstructorAccessorImpl.java:45)
	at java.base/java.lang.reflect.Constructor.newInstance(Constructor.java:490)
	at ptolemy.util.test.junit.AutoKnownFailedTests.RunModel(AutoKnownFailedTests.java:105)
	at java.base/jdk.internal.reflect.NativeMethodAccessorImpl.invoke0(Native Method)
	at java.base/jdk.internal.reflect.NativeMethodAccessorImpl.invoke(NativeMethodAccessorImpl.java:62)
	at java.base/jdk.internal.reflect.DelegatingMethodAccessorImpl.invoke(DelegatingMethodAccessorImpl.java:43)
	at java.base/java.lang.reflect.Method.invoke(Method.java:566)
	at org.junit.runners.model.FrameworkMethod$1.runReflectiveCall(FrameworkMethod.java:44)
	at org.junit.internal.runners.model.ReflectiveCallable.run(ReflectiveCallable.java:15)
	at org.junit.runners.model.FrameworkMethod.invokeExplosively(FrameworkMethod.java:41)
	at junitparams.internal.InvokeParameterisedMethod.evaluate(InvokeParameterisedMethod.java:102)
	at org.junit.internal.runners.statements.FailOnTimeout$1.run(FailOnTimeout.java:28)
Caused by: ptolemy.kernel.util.IllegalActionException: SubscriptionAggregatorPorts cannot be used at the top level, use a SubscriptionAggregator actor instead.
  in .PublisherSubscriptionAggregatorPort.SubscriptionAggregatorPort
	at ptolemy.actor.SubscriptionAggregatorPort.preinitialize(SubscriptionAggregatorPort.java:353)
	at ptolemy.actor.CompositeActor.preinitialize(CompositeActor.java:1769)
	at ptolemy.actor.Manager.preinitializeAndResolveTypes(Manager.java:1040)
	at ptolemy.actor.Manager.initialize(Manager.java:710)
	at ptolemy.actor.Manager.execute(Manager.java:356)
	at ptolemy.actor.Manager.run(Manager.java:1263)
	at ptolemy.actor.Manager$PtolemyRunThread.run(Manager.java:1933)
java.lang.RuntimeException: Execution failed
	at ptolemy.moml.MoMLSimpleApplication$UnloadThread.run(MoMLSimpleApplication.java:402)
Caused by: ptolemy.kernel.util.IllegalActionException: TypeTest actor has no training data.
  in .sizedarray3.TypeTest
	at ptolemy.actor.lib.TypeTest.initialize(TypeTest.java:250)
	at ptolemy.actor.Director.initialize(Director.java:938)
	at ptolemy.actor.Director.initialize(Director.java:907)
	at ptolemy.actor.sched.StaticSchedulingDirector.initialize(StaticSchedulingDirector.java:159)
	at ptolemy.domains.sdf.kernel.SDFDirector.initialize(SDFDirector.java:544)
	at ptolemy.actor.CompositeActor.initialize(CompositeActor.java:935)
	at ptolemy.actor.Manager.initialize(Manager.java:724)
	at ptolemy.actor.Manager.execute(Manager.java:356)
	at ptolemy.actor.Manager.run(Manager.java:1263)
	at ptolemy.actor.Manager$PtolemyRunThread.run(Manager.java:1933)
java.lang.reflect.InvocationTargetException
	at java.base/jdk.internal.reflect.NativeConstructorAccessorImpl.newInstance0(Native Method)
	at java.base/jdk.internal.reflect.NativeConstructorAccessorImpl.newInstance(NativeConstructorAccessorImpl.java:62)
	at java.base/jdk.internal.reflect.DelegatingConstructorAccessorImpl.newInstance(DelegatingConstructorAccessorImpl.java:45)
	at java.base/java.lang.reflect.Constructor.newInstance(Constructor.java:490)
	at ptolemy.util.test.junit.AutoKnownFailedTests.RunModel(AutoKnownFailedTests.java:105)
	at java.base/jdk.internal.reflect.NativeMethodAccessorImpl.invoke0(Native Method)
	at java.base/jdk.internal.reflect.NativeMethodAccessorImpl.invoke(NativeMethodAccessorImpl.java:62)
	at java.base/jdk.internal.reflect.DelegatingMethodAccessorImpl.invoke(DelegatingMethodAccessorImpl.java:43)
	at java.base/java.lang.reflect.Method.invoke(Method.java:566)
	at org.junit.runners.model.FrameworkMethod$1.runReflectiveCall(FrameworkMethod.java:44)
	at org.junit.internal.runners.model.ReflectiveCallable.run(ReflectiveCallable.java:15)
	at org.junit.runners.model.FrameworkMethod.invokeExplosively(FrameworkMethod.java:41)
	at junitparams.internal.InvokeParameterisedMethod.evaluate(InvokeParameterisedMethod.java:102)
	at org.junit.internal.runners.statements.FailOnTimeout$1.run(FailOnTimeout.java:28)
Caused by: ptolemy.kernel.util.IllegalActionException: TypeTest actor has no training data.
  in .sizedarray3.TypeTest
	at ptolemy.actor.lib.TypeTest.initialize(TypeTest.java:250)
	at ptolemy.actor.Director.initialize(Director.java:938)
	at ptolemy.actor.Director.initialize(Director.java:907)
	at ptolemy.actor.sched.StaticSchedulingDirector.initialize(StaticSchedulingDirector.java:159)
	at ptolemy.domains.sdf.kernel.SDFDirector.initialize(SDFDirector.java:544)
	at ptolemy.actor.CompositeActor.initialize(CompositeActor.java:935)
	at ptolemy.actor.Manager.initialize(Manager.java:724)
	at ptolemy.actor.Manager.execute(Manager.java:356)
	at ptolemy.actor.Manager.run(Manager.java:1263)
	at ptolemy.actor.Manager$PtolemyRunThread.run(Manager.java:1933)
]]></system-err>
</testsuite>
