<?xml version="1.0" encoding="UTF-8" ?>
<testsuite errors="1" failures="0" hostname="travis-job-1fa3a700-0fa2-43e7-9d7a-926f1bce01c0" name="ptolemy.actor.lib.test.junit.JUnitTclTest" skipped="0" tests="517" time="60.085" timestamp="2020-03-21T17:46:00">
  <properties>
    <property name="npm.executable" value="npm" />
    <property name="env.TRAVIS_ROOT" value="/" />
    <property name="ptII.mk.exists" value="true" />
    <property name="env.TRAVIS_APP_HOST" value="build.travis-ci.org" />
    <property name="env.rvm_bin_path" value="/home/travis/.rvm/bin" />
    <property name="java.home" value="/usr/local/lib/jvm/openjdk11" />
    <property name="env.TRAVIS_JOB_NUMBER" value="1577.8" />
    <property name="env.TRAVIS_HOME" value="/home/travis" />
    <property name="env.DISPLAY" value=":99.0" />
    <property name="env.TRAVIS_INIT" value="systemd" />
    <property name="env.SSH_TTY" value="/dev/pts/0" />
    <property name="java.net.preferIPv4Stack" value="true" />
    <property name="env.RUN_TESTS" value="true" />
    <property name="timeout.short" value="1000000" />
    <property name="junit.formatter" value="xml" />
    <property name="env.TRAVIS_SUDO" value="true" />
    <property name="env.TRAVIS_JOB_NAME" value="" />
    <property name="env.TRAVIS_STACK_NODE_ATTRIBUTES" value="/.node-attributes.yml" />
    <property name="env.LOGNAME" value="travis" />
    <property name="env.PT_TRAVIS_TEST_CORE1_XML" value="true" />
    <property name="jsdoc.home" value="node_modules/@terraswarm/jsdoc" />
    <property name="debuglevel" value="source,lines,vars" />
    <property name="checkstyle.formatter" value="xml" />
    <property name="env._system_version" value="16.04" />
    <property name="bin.vergil.makeable" value="true" />
    <property name="sun.os.patch.level" value="unknown" />
    <property name="java.vendor.url" value="http://java.oracle.com/" />
    <property name="env.TRAVIS_BUILD_WEB_URL" value="https://travis-ci.org/icyphy/ptII/builds/665242167" />
    <property name="java.version" value="11.0.2" />
    <property name="env.TZ" value="UTC" />
    <property name="env.TRAVIS_PULL_REQUEST_SHA" value="" />
    <property name="env.PT_NO_NET" value="true" />
    <property name="env.TRAVIS_SECURE_ENV_VARS" value="true" />
    <property name="env._system_type" value="Linux" />
    <property name="java.vendor.url.bug" value="http://bugreport.java.com/bugreport/" />
    <property name="npmjs-org-is-up" value="true" />
    <property name="env.LANGUAGE" value="en_US.UTF-8" />
    <property name="env.SSH_CLIENT" value="10.52.7.17 54108 22" />
    <property name="env.GEM_HOME" value="/home/travis/.rvm/gems/ruby-2.5.3" />
    <property name="env.HAS_ANTARES_THREE_LITTLE_FRONZIES_BADGE" value="true" />
    <property name="java.version.date" value="2019-01-15" />
    <property name="env.PS4" value="+" />
    <property name="ant.project.invoked-targets" value="build,test.core1.xml" />
    <property name="env.TRAVIS_PULL_REQUEST_BRANCH" value="" />
    <property name="env.TRAVIS_REPO_SLUG" value="icyphy/ptII" />
    <property name="env.XDG_DATA_DIRS" value="/usr/local/share:/usr/share:/var/lib/snapd/desktop" />
    <property name="jdk.debug" value="release" />
    <property name="env.TRAVIS_APT_PROXY" value="http://build-cache.travisci.net" />
    <property name="env.TRAVIS_CPU_ARCH" value="amd64" />
    <property name="node.in.path" value="true" />
    <property name="user.name" value="travis" />
    <property name="java.maxmemory" value="1400m" />
    <property name="env.RUBY_VERSION" value="ruby-2.5.3" />
    <property name="env.LANG" value="en_US.UTF-8" />
    <property name="sun.io.unicode.encoding" value="UnicodeLittle" />
    <property name="sun.jnu.encoding" value="UTF-8" />
    <property name="java.runtime.name" value="OpenJDK Runtime Environment" />
    <property name="usefile" value="false" />
    <property name="return.code" value="0" />
    <property name="junit.single.formatter" value="plain" />
    <property name="env.DYLD_LIBRARY_PATH" value="/home/travis/pthla/certi-tools/lib:" />
    <property name="env.DEBIAN_FRONTEND" value="noninteractive" />
    <property name="env.SSH_CONNECTION" value="10.52.7.17 54108 10.20.0.150 22" />
    <property name="env.MYSQL_UNIX_PORT" value="/var/run/mysqld/mysqld.sock" />
    <property name="env.LC_ALL" value="en_US.UTF-8" />
    <property name="env.TRAVIS_ALLOW_FAILURE" value="false" />
    <property name="env.TRAVIS_JOB_WEB_URL" value="https://travis-ci.org/icyphy/ptII/jobs/665242175" />
    <property name="java.specification.name" value="Java Platform API Specification" />
    <property name="node.works" value="true" />
    <property name="user.timezone" value="" />
    <property name="path.separator" value=":" />
    <property name="env.TRAVIS_ENABLE_INFRA_DETECTION" value="true" />
    <property name="env.PYTHON_CFLAGS" value="-g -fstack-protector --param=ssp-buffer-size=4 -Wformat -Werror=format-security" />
    <property name="timeout.long" value="4000000" />
    <property name="env.CERTI_HOME" value="/home/travis/pthla/certi-tools" />
    <property name="ant.file.ptII" value="/home/travis/build/icyphy/ptII/build.xml" />
    <property name="javadoc.packagenames" value="com.*,diva.*,lbnl.*,org.hlacerti.*,org.json.*,org.ptolemy.*,org.terraswarm.*,ptolemy.*,ptserver.*" />
    <property name="file.encoding" value="UTF-8" />
    <property name="env.TRAVIS_PULL_REQUEST_SLUG" value="" />
    <property name="ant.project.default-target" value="build" />
    <property name="env.GIT_ASKPASS" value="echo" />
    <property name="env.HOME" value="/home/travis" />
    <property name="sun.java.command" value="org.apache.tools.ant.taskdefs.optional.junit.JUnitTestRunner ptolemy.actor.lib.test.junit.JUnitTclTest skipNonTests=false filtertrace=true haltOnError=false haltOnFailure=false formatter=org.apache.tools.ant.taskdefs.optional.junit.OutErrSummaryJUnitResultFormatter showoutput=true outputtoformatters=true logfailedtests=true threadid=0 logtestlistenerevents=false formatter=org.apache.tools.ant.taskdefs.optional.junit.XMLJUnitResultFormatter,/home/travis/build/icyphy/ptII/reports/junit/TEST-ptolemy.actor.lib.test.junit.JUnitTclTest.xml crashfile=/home/travis/build/icyphy/ptII/junitvmwatcher7200660649872352331.properties propsfile=/home/travis/build/icyphy/ptII/junit2486659898540124481.properties" />
    <property name="env.COMPOSER_NO_INTERACTION" value="1" />
    <property name="env.MANPATH" value="/home/travis/.nvm/versions/node/v7.10.1/share/man:/home/travis/.rvm/rubies/ruby-2.5.3/share/man:/usr/local/cmake-3.12.4/man:/usr/local/clang-7.0.0/share/man:/usr/local/man:/usr/local/share/man:/usr/share/man:/home/travis/.rvm/man" />
    <property name="env.TRAVIS_TIMER_ID" value="021bcf7c" />
    <property name="ant.file" value="/home/travis/build/icyphy/ptII/build.xml" />
    <property name="env.TRAVIS_COMMIT_RANGE" value="3e950cfe0f3c...52bfcaaec950" />
    <property name="env._system_name" value="Ubuntu" />
    <property name="ptII.classpath.optional.property" value="/home/travis/build/icyphy/ptII/lib/bsh-2.0b4.jar:/home/travis/build/icyphy/ptII/lib/ptCal.jar:/home/travis/build/icyphy/ptII/lib/java_cup.jar:/home/travis/build/icyphy/ptII/lib/saxon8.jar:/home/travis/build/icyphy/ptII/lib/saxon8-dom.jar:/home/travis/build/icyphy/ptII/lib/chic.jar:/home/travis/build/icyphy/ptII/lib/ptcolt.jar:/home/travis/build/icyphy/ptII/vendors/misc/itext/iText.jar:/home/travis/build/icyphy/ptII/lib/g4ltl.jar:/home/travis/build/icyphy/ptII/lib/StructuralCoder.jar:/home/travis/build/icyphy/ptII/lib/jcerti.jar:/home/travis/build/icyphy/ptII/lib/javax.mail.jar:/home/travis/build/icyphy/ptII/vendors/JMF-2.1.1e/lib/jmf.jar:/home/travis/build/icyphy/ptII/lib/jna-4.0.0-variadic.jar:/home/travis/build/icyphy/ptII/vendors/misc/joystick/Joystick.jar:/home/travis/build/icyphy/ptII/lib/ptjacl.jar:/home/travis/build/icyphy/ptII/lib/jsoup-1.8.2.jar:/home/travis/build/icyphy/ptII/lib/junit-4.8.2.jar:/home/travis/build/icyphy/ptII/lib/JUnitParams-0.4.0.jar:/home/travis/build/icyphy/ptII/ptolemy/actor/lib/excel/jxl.jar:/home/travis/build/icyphy/ptII/lib/jython.jar:/home/travis/build/icyphy/ptII/lib/kieler.jar:/home/travis/build/icyphy/ptII/vendors/opencv/share/OpenCV/java/opencv-341.jar:/home/travis/build/icyphy/ptII/lib/oscP5.jar:/home/travis/build/icyphy/ptII/lib/nrjavaserial-3.11.0.devel.jar:/home/travis/build/icyphy/ptII/vendors/j3d/lib/Linux/j3dcore.jar:/home/travis/build/icyphy/ptII/vendors/j3d/lib/Linux/j3dutils.jar:/home/travis/build/icyphy/ptII/vendors/j3d/lib/Linux/vecmath.jar:/home/travis/build/icyphy/ptII/vendors/jogl/lib/Linux/gluegen-rt-natives-linux-amd64.jar:/home/travis/build/icyphy/ptII/vendors/jogl/lib/Linux/gluegen-rt.jar:/home/travis/build/icyphy/ptII/vendors/jogl/lib/Linux/jogl-all-natives-linux-amd64.jar:/home/travis/build/icyphy/ptII/vendors/jogl/lib/Linux/jogl-all.jar:/home/travis/build/icyphy/ptII/ptolemy/distributed/jini/jar/jini-core.jar:/home/travis/build/icyphy/ptII/ptolemy/distributed/jini/jar/jini-ext.jar:/home/travis/build/icyphy/ptII/ptolemy/distributed/jini/jar/sun-util.jar:/home/travis/build/icyphy/ptII/lib/protobuf-java-2.4.1.jar:/home/travis/build/icyphy/ptII/lib/org.eclipse.paho.client.mqttv3.jar:/home/travis/build/icyphy/ptII/lib/mapss.jar:/home/travis/build/icyphy/ptII/ptolemy/actor/ptalon/antlr/antlr.jar:/home/travis/build/icyphy/ptII/lib/JRI.jar:/home/travis/build/icyphy/ptII/lib/commons-lang-2.6.jar:/home/travis/build/icyphy/ptII/lib/commons-logging-1.1.1.jar:/home/travis/build/icyphy/ptII/lib/sootclasses.jar:/home/travis/build/icyphy/ptII/ptolemy/actor/lib/database/mysql-connector-java-5.1.6-bin.jar:/home/travis/build/icyphy/ptII/vendors/misc/sphinx4/sphinx4-data-5prealpha.jar:/home/travis/build/icyphy/ptII/vendors/misc/sphinx4/sphinx4-core-5prealpha.jar:/home/travis/build/icyphy/ptII/lib/PDFRenderer.jar:/home/travis/build/icyphy/ptII/lib/svgSalamander.jar:/home/travis/build/icyphy/ptII/lib/rsyntaxtextarea-2.6.0-SNAPSHOT.jar:/home/travis/build/icyphy/ptII/lib/hazelcast-3.8.2.jar:/home/travis/build/icyphy/ptII/lib/jackson-annotations-2.9.0.jar:/home/travis/build/icyphy/ptII/lib/jackson-core-2.9.3.jar:/home/travis/build/icyphy/ptII/lib/jackson-databind-2.9.3.jar:/home/travis/build/icyphy/ptII/lib/netty-buffer-4.1.19.Final.jar:/home/travis/build/icyphy/ptII/lib/netty-codec-4.1.19.Final.jar:/home/travis/build/icyphy/ptII/lib/netty-codec-dns-4.1.19.Final.jar:/home/travis/build/icyphy/ptII/lib/netty-codec-http-4.1.19.Final.jar:/home/travis/build/icyphy/ptII/lib/netty-codec-http2-4.1.19.Final.jar:/home/travis/build/icyphy/ptII/lib/netty-common-4.1.19.Final.jar:/home/travis/build/icyphy/ptII/lib/netty-handler-4.1.19.Final.jar:/home/travis/build/icyphy/ptII/lib/netty-resolver-4.1.19.Final.jar:/home/travis/build/icyphy/ptII/lib/netty-resolver-dns-4.1.19.Final.jar:/home/travis/build/icyphy/ptII/lib/netty-transport-4.1.19.Final.jar:/home/travis/build/icyphy/ptII/lib/vertx-codegen-3.5.1.jar:/home/travis/build/icyphy/ptII/lib/vertx-core-3.5.2-SNAPSHOT.jar:/home/travis/build/icyphy/ptII/lib/vertx-hazelcast-3.5.1.jar:/home/travis/build/icyphy/ptII/lib/vertx-lang-js-3.5.1.jar:/home/travis/build/icyphy/ptII/lib/vertx-service-proxy-3.5.1.jar:/home/travis/build/icyphy/ptII/lib/vertx-web-3.5.1.jar:/home/travis/build/icyphy/ptII/lib/slf4j-api-1.7.13.jar:/home/travis/build/icyphy/ptII/lib/slf4j-simple-1.7.13.jar:/home/travis/build/icyphy/ptII/lib/webcam-capture-0.3.12.jar:/home/travis/build/icyphy/ptII/lib/bridj-0.7.0.jar:/home/travis/build/icyphy/ptII/lib/xbjlib-1.1.0.nrjavaserial.jar" />
    <property name="timeout" value="2400000" />
    <property name="test.batch" value="**/junit/*.java" />
    <property name="env._" value="/usr/bin/timeout" />
    <property name="java.io.tmpdir" value="/tmp" />
    <property name="user.language" value="en" />
    <property name="env.TRAVIS_INTERNAL_RUBY_REGEX" value="^ruby-(2\.[0-4]\.[0-9]|1\.9\.3)" />
    <property name="env.HISTCONTROL" value="ignoredups:ignorespace" />
    <property name="env.GOROOT" value="/home/travis/.gimme/versions/go1.11.1.linux.amd64" />
    <property name="line.separator" value="&#xa;" />
    <property name="target" value="11" />
    <property name="env.TRAVIS_BUILD_DIR" value="/home/travis/build/icyphy/ptII" />
    <property name="env.ANT_OPTS" value="-Xmx2048m" />
    <property name="ant.file.type" value="file" />
    <property name="ptolemy.ptII.batchMode" value="true" />
    <property name="env.HISTSIZE" value="1000" />
    <property name="env.MERB_ENV" value="test" />
    <property name="java.vm.info" value="mixed mode" />
    <property name="source" value="11" />
    <property name="java.vm.specification.name" value="Java Virtual Machine Specification" />
    <property name="env.TRAVIS_TEST_RESULT" value="0" />
    <property name="jsdoc.command" value="node_modules/@terraswarm/jsdoc/jsdoc.js" />
    <property name="npm.works" value="true" />
    <property name="cobertura.dir" value="/home/travis/build/icyphy/ptII/vendors/cobertura-2.0.3" />
    <property name="jsdoc.command.exists" value="true" />
    <property name="env.rvm_path" value="/home/travis/.rvm" />
    <property name="env.GEM_PATH" value="/home/travis/.rvm/gems/ruby-2.5.3:/home/travis/.rvm/gems/ruby-2.5.3@global" />
    <property name="env.LC_CTYPE" value="en_US.UTF-8" />
    <property name="env.TRAVIS_CMD" value="$PTII/bin/ptIITravisBuild.sh $SECONDS" />
    <property name="java.awt.printerjob" value="sun.print.PSPrinterJob" />
    <property name="env.TRAVIS_STACK_NAME" value="sardonyx" />
    <property name="env.TRAVIS_TIMER_START_TIME" value="1584812139517024855" />
    <property name="ant.version" value="Apache Ant(TM) version 1.10.1 compiled on February 2 2017" />
    <property name="ptII.reports" value="/home/travis/build/icyphy/ptII/reports" />
    <property name="env.TRAVIS_STACK_TIMESTAMP" value="2019-03-25 16:16:56 UTC" />
    <property name="ant.file.type.ptII" value="file" />
    <property name="env.RBENV_SHELL" value="bash" />
    <property name="os.name" value="Linux" />
    <property name="java.specification.vendor" value="Oracle Corporation" />
    <property name="env.rvm_version" value="1.29.7 (latest)" />
    <property name="env.TRAVIS_INFRA" value="unknown" />
    <property name="env.TERM" value="xterm" />
    <property name="java.vm.name" value="OpenJDK 64-Bit Server VM" />
    <property name="env.TRAVIS_BUILD_NUMBER" value="1577" />
    <property name="env.CI" value="true" />
    <property name="java.library.path" value="/home/travis/pthla/certi-tools/lib:/usr/lib/jni:/usr/local/share/OpenCV/java/:/usr/share/OpenCV/java::/usr/java/packages/lib:/usr/lib64:/lib64:/lib:/usr/lib" />
    <property name="jdk.module.path" value="/home/travis/build/icyphy/ptII/vendors/javafx/javafx-sdk-11.0.2/lib:" />
    <property name="env.rvm_prefix" value="/home/travis" />
    <property name="env.PATH" value="/home/travis/pthla/certi-tools/share/scripts:/home/travis/.rvm/gems/ruby-2.5.3/bin:/home/travis/.rvm/gems/ruby-2.5.3@global/bin:/home/travis/.rvm/rubies/ruby-2.5.3/bin:/home/travis/.rvm/bin:/home/travis/.nvm/versions/node/v7.10.1/bin:./node_modules/.bin:/home/travis/build/icyphy/ptII/bin:/home/travis/pthla/certi-tools/bin:/home/travis/bin:/home/travis/.local/bin:/usr/local/lib/jvm/openjdk11/bin:/opt/pyenv/shims:/home/travis/.phpenv/shims:/home/travis/perl5/perlbrew/bin:/home/travis/gopath/bin:/home/travis/.gimme/versions/go1.11.1.linux.amd64/bin:/usr/local/maven-3.6.0/bin:/usr/local/cmake-3.12.4/bin:/usr/local/clang-7.0.0/bin:/usr/local/sbin:/usr/local/bin:/usr/sbin:/usr/bin:/sbin:/bin:/snap/bin:/home/travis/.phpenv/bin:/opt/pyenv/bin:/home/travis/.yarn/bin" />
    <property name="env.TRAVIS_OS_NAME" value="linux" />
    <property name="ant.java.version" value="9" />
    <property name="basedir" value="/home/travis/build/icyphy/ptII" />
    <property name="java.class.version" value="55.0" />
    <property name="env.SHLVL" value="3" />
    <property name="env.LD_LIBRARY_PATH" value="/home/travis/pthla/certi-tools/lib:/usr/lib/jni:/usr/local/share/OpenCV/java/:/usr/share/OpenCV/java:" />
    <property name="env.RACK_ENV" value="test" />
    <property name="ant.home" value="/home/travis/build/icyphy/ptII/ant" />
    <property name="env.NVM_DIR" value="/home/travis/.nvm" />
    <property name="env.CERTI_FOM_PATH" value="/home/travis/pthla/certi-tools/share/federations" />
    <property name="env.TRAVIS_BUILD_ID" value="665242167" />
    <property name="env.PYENV_ROOT" value="/opt/pyenv" />
    <property name="env.TRAVIS_UID" value="2000" />
    <property name="prism.verbose" value="true" />
    <property name="env.NVM_BIN" value="/home/travis/.nvm/versions/node/v7.10.1/bin" />
    <property name="env.TRAVIS_COMMIT" value="52bfcaaec950ad6b43d11ffdb9cd3f924b0c1f76" />
    <property name="env._system_arch" value="x86_64" />
    <property name="node.executable" value="node" />
    <property name="sun.boot.library.path" value="/usr/local/lib/jvm/openjdk11/lib" />
    <property name="sun.management.compiler" value="HotSpot 64-Bit Tiered Compilers" />
    <property name="java.awt.graphicsenv" value="sun.awt.X11GraphicsEnvironment" />
    <property name="env.GOPATH" value="/home/travis/gopath" />
    <property name="ptolemy.ptII.dir" value="/home/travis/build/icyphy/ptII" />
    <property name="env.USER" value="travis" />
    <property name="env.HISTFILESIZE" value="2000" />
    <property name="env.NVM_INC" value="/home/travis/.nvm/versions/node/v7.10.1/include/node" />
    <property name="timeout.longest" value="19000000" />
    <property name="env.PERLBREW_SHELLRC_VERSION" value="0.86" />
    <property name="env.TRAVIS_STACK_FEATURES" value="basic couchdb disabled-ipv6 docker docker-compose elasticsearch firefox go-toolchain google-chrome jdk memcached mongodb mysql nodejs_interpreter perl_interpreter perlbrew phantomjs postgresql python_interpreter redis ruby_interpreter sqlite xserver" />
    <property name="env.TRAVIS_PULL_REQUEST" value="false" />
    <property name="env.PYENV_SHELL" value="bash" />
    <property name="ant.project.name" value="ptII" />
    <property name="env.ANSI_RESET" value="\033[0m" />
    <property name="java.vm.specification.version" value="11" />
    <property name="env.TRAVIS_DIST" value="xenial" />
    <property name="env.CERTI_VERSION" value="4.0.0" />
    <property name="env.CERTI_HOST" value="localhost" />
    <property name="awt.toolkit" value="sun.awt.X11.XToolkit" />
    <property name="env.MY_RUBY_HOME" value="/home/travis/.rvm/rubies/ruby-2.5.3" />
    <property name="sun.cpu.isalist" value="" />
    <property name="env.TRAVIS_TMPDIR" value="/tmp/tmp.TSL66HyRi5" />
    <property name="java.vm.compressedOopsMode" value="Zero based" />
    <property name="os.version" value="4.15.0-1028-gcp" />
    <property name="user.home" value="/home/travis" />
    <property name="java.vm.vendor" value="Oracle Corporation" />
    <property name="env.TRAVIS_TAG" value="nightly" />
    <property name="env.ANSI_YELLOW" value="\033[33;1m" />
    <property name="env.TRAVIS_FILTERED" value="redirect_io" />
    <property name="env.ANSI_GREEN" value="\033[32;1m" />
    <property name="env.JAVA_HOME" value="/usr/local/lib/jvm/openjdk11" />
    <property name="javadoc.excludepackagenames" value="adm.cvs2svn.*,build.*,config.*,doc.coding.templates.*,jni.test.jni.meaningOfLife.*,jni.test.jni.testDeux.*,jni.test.jni.testTrois.*,org.terraswarm.accessor.accessors.web.node_modules.*,org.terraswarm.accessor.accessors.web.hosts.cordova.demo.*,org.terraswarm.accessor.accessors.web.hosts.cordova.plugins.*,org.terraswarm.accessor.accessors-svn.*,pt-modules.*,ptolemy.apps.agilent.*,ptolemy.apps.anytimecontrol.*,ptolemy.apps.apes.*,ptolemy.apps.charon.*,ptolemy.apps.crazyboard.*,ptolemy.apps.eclipse.*,ptolemy.apps.etherealSting.*,ptolemy.apps.fullscreen.*,ptolemy.apps.giotto.*,ptolemy.apps.ia.*,ptolemy.apps.interfaces.*,ptolemy.apps.jmf.*,ptolemy.apps.kurt.*,ptolemy.apps.kvm.*,ptolemy.apps.lego.*,ptolemy.apps.lejos.*,ptolemy.apps.midp.*,ptolemy.apps.mobileCoding.*,ptolemy.apps.pendulum.*,ptolemy.apps.rijndael.*,ptolemy.apps.robot.*,ptolemy.apps.security.*,ptolemy.apps.sobel.*,ptolemy.apps.soot.*,ptolemy.apps.throttle.*,ptolemy.apps.tini.*,ptolemy.apps.transmission.*,ptolemy.apps.vergil.*,ptolemy.apps.waba.*,ptolemy.apps.websensor.*,ptolemy.apps.webstart.*,ptolemy.apps.xsl.*,ptolemy.apps.zaurus.*,ptolemy.codegen.c.actor.lib.oldJavaFiles.*,ptolemy.codegen.dsp.lib.*,ptolemy.codegen.kernel.newInterfaces.*,ptolemy.codegen.lib.*,ptolemy.copernicus.kernel.fragment.*,ptolemy.copernicus.shallow.cg.*,ptolemy.domains.giotto.demo.Hierarchy.Hierarchy.*,ptolemy.domains.giotto.demo.Multimode.Multimode.*,ptolemy.domains.giotto.demo.Simple.Simple.*,ptolemy.domains.gr.lib.experimental.*,ptolemy.domains.gro.*,ptolemy.domains.pdf.*,ptolemy.domains.ptinyos.demo.Surge.output.*,ptolemy.moml.test.NoPackageActor.java*,ptolemy.plot.adm.*,ptolemy.plot.servlet.*,reports.*,signed.*,src.*,target.*,vendors.*,ptolemy.copernicus.applet.*,ptolemy.media.viewer.*,ptolemy.actor.corba.*,doc.doclets.*,ptolemy.apps.eclipse.awt.*,ptolemy.backtrack.*,ptolemy.backtrack.ast.*,ptolemy.cg.adapter.generic.program.procedural.c.mbed*,ptolemy.homer.*,ptolemy.actor.lib.jai.*,org.ptolemy.scala.*,diva.util.java2d.svg.*,ptolemy.domains.ptinyos.*,ptolemy.actor.lib.fmi.fmipp.*,,org.terraswarm.accessor.accessors.web.node_modules.*,org.terraswarm.accessor.accessors-svn,ptolemy.apps.*,ptolemy.actor.ptalon.demo.ptinyos.SendAndReceiveCnt.output,ptolemy.actor.ptalon.demo.ptinyos.SenseToLeds.output,ptolemy.domains.ptinyos.demo.CntToLedsAndRfm.output,ptolemy.domains.ptinyos.demo.RfmToLeds.output,ptolemy.domains.ptinyos.demo.SendAndReceiveCnt.output,ptolemy.domains.ptinyos.demo.SenseToLeds.output,ptolemy.actor.lib.jjs.modules.udpSocket.*" />
    <property name="env.PTII" value="/home/travis/build/icyphy/ptII" />
    <property name="env.XDG_SESSION_ID" value="2" />
    <property name="keystore" value="ptKeystore" />
    <property name="env.TRAVIS_COMMIT_MESSAGE" value="Updating models using array data type." />
    <property name="junit.output.dir" value="/home/travis/build/icyphy/ptII/reports/junit" />
    <property name="npm.return.code" value="0" />
    <property name="user.dir" value="/home/travis/build/icyphy/ptII/ptolemy/actor/lib/test" />
    <property name="env.TRAVIS_NODE_VERSION" value="7" />
    <property name="env.TRAVIS_EVENT_TYPE" value="push" />
    <property name="env.MAIL" value="/var/mail/travis" />
    <property name="env.PERLBREW_ROOT" value="/home/travis/perl5/perlbrew" />
    <property name="env.PWD" value="/home/travis/build/icyphy/ptII" />
    <property name="timeout.npm" value="45000" />
    <property name="env.TRAVIS_ARCH" value="amd64" />
    <property name="sun.cpu.endian" value="little" />
    <property name="env.PAGER" value="cat" />
    <property name="env.TRAVIS_BUILD_STAGE_NAME" value="Test" />
    <property name="env.PERLBREW_HOME" value="/home/travis/.perlbrew" />
    <property name="java.vm.version" value="11.0.2+9" />
    <property name="env.RAILS_ENV" value="test" />
    <property name="java.class.path" value="/home/travis/.ptolemyII:/home/travis/.ptolemyII/*:/home/travis/build/icyphy/ptII:/home/travis/build/icyphy/ptII/lib/bsh-2.0b4.jar:/home/travis/build/icyphy/ptII/lib/ptCal.jar:/home/travis/build/icyphy/ptII/lib/java_cup.jar:/home/travis/build/icyphy/ptII/lib/saxon8.jar:/home/travis/build/icyphy/ptII/lib/saxon8-dom.jar:/home/travis/build/icyphy/ptII/lib/chic.jar:/home/travis/build/icyphy/ptII/lib/ptcolt.jar:/home/travis/build/icyphy/ptII/vendors/misc/itext/iText.jar:/home/travis/build/icyphy/ptII/lib/g4ltl.jar:/home/travis/build/icyphy/ptII/lib/StructuralCoder.jar:/home/travis/build/icyphy/ptII/lib/jcerti.jar:/home/travis/build/icyphy/ptII/lib/javax.mail.jar:/home/travis/build/icyphy/ptII/vendors/JMF-2.1.1e/lib/jmf.jar:/home/travis/build/icyphy/ptII/lib/jna-4.0.0-variadic.jar:/home/travis/build/icyphy/ptII/vendors/misc/joystick/Joystick.jar:/home/travis/build/icyphy/ptII/lib/ptjacl.jar:/home/travis/build/icyphy/ptII/lib/jsoup-1.8.2.jar:/home/travis/build/icyphy/ptII/lib/junit-4.8.2.jar:/home/travis/build/icyphy/ptII/lib/JUnitParams-0.4.0.jar:/home/travis/build/icyphy/ptII/ptolemy/actor/lib/excel/jxl.jar:/home/travis/build/icyphy/ptII/lib/jython.jar:/home/travis/build/icyphy/ptII/lib/kieler.jar:/home/travis/build/icyphy/ptII/vendors/opencv/share/OpenCV/java/opencv-341.jar:/home/travis/build/icyphy/ptII/lib/oscP5.jar:/home/travis/build/icyphy/ptII/lib/nrjavaserial-3.11.0.devel.jar:/home/travis/build/icyphy/ptII/vendors/j3d/lib/Linux/j3dcore.jar:/home/travis/build/icyphy/ptII/vendors/j3d/lib/Linux/j3dutils.jar:/home/travis/build/icyphy/ptII/vendors/j3d/lib/Linux/vecmath.jar:/home/travis/build/icyphy/ptII/vendors/jogl/lib/Linux/gluegen-rt-natives-linux-amd64.jar:/home/travis/build/icyphy/ptII/vendors/jogl/lib/Linux/gluegen-rt.jar:/home/travis/build/icyphy/ptII/vendors/jogl/lib/Linux/jogl-all-natives-linux-amd64.jar:/home/travis/build/icyphy/ptII/vendors/jogl/lib/Linux/jogl-all.jar:/home/travis/build/icyphy/ptII/ptolemy/distributed/jini/jar/jini-core.jar:/home/travis/build/icyphy/ptII/ptolemy/distributed/jini/jar/jini-ext.jar:/home/travis/build/icyphy/ptII/ptolemy/distributed/jini/jar/sun-util.jar:/home/travis/build/icyphy/ptII/lib/protobuf-java-2.4.1.jar:/home/travis/build/icyphy/ptII/lib/org.eclipse.paho.client.mqttv3.jar:/home/travis/build/icyphy/ptII/lib/mapss.jar:/home/travis/build/icyphy/ptII/ptolemy/actor/ptalon/antlr/antlr.jar:/home/travis/build/icyphy/ptII/lib/JRI.jar:/home/travis/build/icyphy/ptII/lib/commons-lang-2.6.jar:/home/travis/build/icyphy/ptII/lib/commons-logging-1.1.1.jar:/home/travis/build/icyphy/ptII/lib/sootclasses.jar:/home/travis/build/icyphy/ptII/ptolemy/actor/lib/database/mysql-connector-java-5.1.6-bin.jar:/home/travis/build/icyphy/ptII/vendors/misc/sphinx4/sphinx4-data-5prealpha.jar:/home/travis/build/icyphy/ptII/vendors/misc/sphinx4/sphinx4-core-5prealpha.jar:/home/travis/build/icyphy/ptII/lib/PDFRenderer.jar:/home/travis/build/icyphy/ptII/lib/svgSalamander.jar:/home/travis/build/icyphy/ptII/lib/rsyntaxtextarea-2.6.0-SNAPSHOT.jar:/home/travis/build/icyphy/ptII/lib/hazelcast-3.8.2.jar:/home/travis/build/icyphy/ptII/lib/jackson-annotations-2.9.0.jar:/home/travis/build/icyphy/ptII/lib/jackson-core-2.9.3.jar:/home/travis/build/icyphy/ptII/lib/jackson-databind-2.9.3.jar:/home/travis/build/icyphy/ptII/lib/netty-buffer-4.1.19.Final.jar:/home/travis/build/icyphy/ptII/lib/netty-codec-4.1.19.Final.jar:/home/travis/build/icyphy/ptII/lib/netty-codec-dns-4.1.19.Final.jar:/home/travis/build/icyphy/ptII/lib/netty-codec-http-4.1.19.Final.jar:/home/travis/build/icyphy/ptII/lib/netty-codec-http2-4.1.19.Final.jar:/home/travis/build/icyphy/ptII/lib/netty-common-4.1.19.Final.jar:/home/travis/build/icyphy/ptII/lib/netty-handler-4.1.19.Final.jar:/home/travis/build/icyphy/ptII/lib/netty-resolver-4.1.19.Final.jar:/home/travis/build/icyphy/ptII/lib/netty-resolver-dns-4.1.19.Final.jar:/home/travis/build/icyphy/ptII/lib/netty-transport-4.1.19.Final.jar:/home/travis/build/icyphy/ptII/lib/vertx-codegen-3.5.1.jar:/home/travis/build/icyphy/ptII/lib/vertx-core-3.5.2-SNAPSHOT.jar:/home/travis/build/icyphy/ptII/lib/vertx-hazelcast-3.5.1.jar:/home/travis/build/icyphy/ptII/lib/vertx-lang-js-3.5.1.jar:/home/travis/build/icyphy/ptII/lib/vertx-service-proxy-3.5.1.jar:/home/travis/build/icyphy/ptII/lib/vertx-web-3.5.1.jar:/home/travis/build/icyphy/ptII/lib/slf4j-api-1.7.13.jar:/home/travis/build/icyphy/ptII/lib/slf4j-simple-1.7.13.jar:/home/travis/build/icyphy/ptII/lib/webcam-capture-0.3.12.jar:/home/travis/build/icyphy/ptII/lib/bridj-0.7.0.jar:/home/travis/build/icyphy/ptII/lib/xbjlib-1.1.0.nrjavaserial.jar:/home/travis/build/icyphy/ptII/ptolemy/moml/test:/home/travis/build/icyphy/ptII/ant/lib/ant-launcher.jar:/home/travis/build/icyphy/ptII/ant/lib/ant.jar:/home/travis/build/icyphy/ptII/ant/lib/ant-junit.jar:/home/travis/build/icyphy/ptII/ant/lib/ant-junit4.jar" />
    <property name="ant.library.dir" value="/home/travis/build/icyphy/ptII/ant/lib" />
    <property name="os.arch" value="amd64" />
    <property name="env.CONTINUOUS_INTEGRATION" value="true" />
    <property name="env.TRAVIS_LANGUAGE" value="node_js" />
    <property name="env.TRAVIS_STACK_LANGUAGES" value="__sardonyx__ c c++ clojure cplusplus cpp default generic go groovy java node_js php pure_java python ruby scala" />
    <property name="test.name" value="ptolemy.actor.lib.test.junit.JUnitTclTest" />
    <property name="env.APT_KEY_DONT_WARN_ON_DANGEROUS_USAGE" value="1" />
    <property name="sun.java.launcher" value="SUN_STANDARD" />
    <property name="env.PYTHON_CONFIGURE_OPTS" value="--enable-unicode=ucs4 --with-wide-unicode --enable-shared --enable-ipv6 --enable-loadable-sqlite-extensions --with-computed-gotos" />
    <property name="ant.core.lib" value="/home/travis/build/icyphy/ptII/ant/lib/ant.jar" />
    <property name="java.vm.specification.vendor" value="Oracle Corporation" />
    <property name="env.BCVTB_HOME" value="/home/travis/build/icyphy/ptII/lbnl" />
    <property name="file.separator" value="/" />
    <property name="spotbugs.home" value="/home/travis/build/icyphy/ptII/vendors/spotbugs-3.1.1" />
    <property name="java.runtime.version" value="11.0.2+9" />
    <property name="env.ANSI_CLEAR" value="\033[0K" />
    <property name="javafx.verbose" value="true" />
    <property name="env.HAS_JOSH_K_SEAL_OF_APPROVAL" value="true" />
    <property name="env.XDG_RUNTIME_DIR" value="/run/user/2000" />
    <property name="env.TRAVIS_OSX_IMAGE" value="" />
    <property name="env.TRAVIS_JOB_ID" value="665242175" />
    <property name="env.TRAVIS_BRANCH" value="master" />
    <property name="user.country" value="US" />
    <property name="env.CERTI_HOME_TRAVIS" value="/home/travis/pthla/certi-tools" />
    <property name="env.SHELL" value="/bin/bash" />
    <property name="java.maxmemory.large" value="3200m" />
    <property name="model" value="" />
    <property name="env.CASHER_DIR" value="/home/travis/.casher" />
    <property name="env.NVM_CD_FLAGS" value="" />
    <property name="java.vendor.version" value="18.9" />
    <property name="jshint.executable" value="/home/travis/node_modules/jshint/bin/jshint" />
    <property name="env.JRUBY_OPTS" value=" --client -J-XX:+TieredCompilation -J-XX:TieredStopAtLevel=1 -J-Xss2m -Xcompile.invokedynamic=false" />
    <property name="java.vendor" value="Oracle Corporation" />
    <property name="env.TRAVIS_PRE_CHEF_BOOTSTRAP_TIME" value="2019-03-25T16:16:42" />
    <property name="env.TRAVIS_STACK_JOB_BOARD_REGISTER" value="/.job-board-register.yml" />
    <property name="env.ANSI_RED" value="\033[31;1m" />
    <property name="java.specification.version" value="11" />
    <property name="env.IRBRC" value="/home/travis/.rvm/rubies/ruby-2.5.3/.irbrc" />
    <property name="env.TRAVIS" value="true" />
    <property name="sun.arch.data.model" value="64" />
  </properties>
  <testcase classname="ptolemy.util.test.junit.TclTests" name="[0] /home/travis/build/icyphy/ptII/ptolemy/actor/lib/test/AbsoluteValue.tcl (RunTclFile)" time="0.452" />
  <testcase classname="ptolemy.util.test.junit.TclTests" name="[1] /home/travis/build/icyphy/ptII/ptolemy/actor/lib/test/AddSubtract.tcl (RunTclFile)" time="0.115" />
  <testcase classname="ptolemy.util.test.junit.TclTests" name="[2] /home/travis/build/icyphy/ptII/ptolemy/actor/lib/test/Average.tcl (RunTclFile)" time="0.056" />
  <testcase classname="ptolemy.util.test.junit.TclTests" name="[3] /home/travis/build/icyphy/ptII/ptolemy/actor/lib/test/Bernoulli.tcl (RunTclFile)" time="0.019" />
  <testcase classname="ptolemy.util.test.junit.TclTests" name="[4] /home/travis/build/icyphy/ptII/ptolemy/actor/lib/test/Clock.tcl (RunTclFile)" time="0.094" />
  <testcase classname="ptolemy.util.test.junit.TclTests" name="[5] /home/travis/build/icyphy/ptII/ptolemy/actor/lib/test/Commutator.tcl (RunTclFile)" time="0.113" />
  <testcase classname="ptolemy.util.test.junit.TclTests" name="[6] /home/travis/build/icyphy/ptII/ptolemy/actor/lib/test/Const.tcl (RunTclFile)" time="0.169" />
  <testcase classname="ptolemy.util.test.junit.TclTests" name="[7] /home/travis/build/icyphy/ptII/ptolemy/actor/lib/test/CurrentTime.tcl (RunTclFile)" time="0.03" />
  <testcase classname="ptolemy.util.test.junit.TclTests" name="[8] /home/travis/build/icyphy/ptII/ptolemy/actor/lib/test/DB.tcl (RunTclFile)" time="0.029" />
  <testcase classname="ptolemy.util.test.junit.TclTests" name="[9] /home/travis/build/icyphy/ptII/ptolemy/actor/lib/test/DiscreteRandomSource.tcl (RunTclFile)" time="0.024" />
  <testcase classname="ptolemy.util.test.junit.TclTests" name="[10] /home/travis/build/icyphy/ptII/ptolemy/actor/lib/test/Distributor.tcl (RunTclFile)" time="0.083" />
  <testcase classname="ptolemy.util.test.junit.TclTests" name="[11] /home/travis/build/icyphy/ptII/ptolemy/actor/lib/test/Exit.tcl (RunTclFile)" time="0.08" />
  <testcase classname="ptolemy.util.test.junit.TclTests" name="[12] /home/travis/build/icyphy/ptII/ptolemy/actor/lib/test/Expression.tcl (RunTclFile)" time="0.123" />
  <testcase classname="ptolemy.util.test.junit.TclTests" name="[13] /home/travis/build/icyphy/ptII/ptolemy/actor/lib/test/Gaussian.tcl (RunTclFile)" time="0.101" />
  <testcase classname="ptolemy.util.test.junit.TclTests" name="[14] /home/travis/build/icyphy/ptII/ptolemy/actor/lib/test/IIR.tcl (RunTclFile)" time="0.042" />
  <testcase classname="ptolemy.util.test.junit.TclTests" name="[15] /home/travis/build/icyphy/ptII/ptolemy/actor/lib/test/Interpolator.tcl (RunTclFile)" time="0.052" />
  <testcase classname="ptolemy.util.test.junit.TclTests" name="[16] /home/travis/build/icyphy/ptII/ptolemy/actor/lib/test/MathFunction.tcl (RunTclFile)" time="0.063" />
  <testcase classname="ptolemy.util.test.junit.TclTests" name="[17] /home/travis/build/icyphy/ptII/ptolemy/actor/lib/test/Maximum.tcl (RunTclFile)" time="0.048" />
  <testcase classname="ptolemy.util.test.junit.TclTests" name="[18] /home/travis/build/icyphy/ptII/ptolemy/actor/lib/test/Minimum.tcl (RunTclFile)" time="0.034" />
  <testcase classname="ptolemy.util.test.junit.TclTests" name="[19] /home/travis/build/icyphy/ptII/ptolemy/actor/lib/test/MultiplyDivide.tcl (RunTclFile)" time="0.045" />
  <testcase classname="ptolemy.util.test.junit.TclTests" name="[20] /home/travis/build/icyphy/ptII/ptolemy/actor/lib/test/OrderedMerge.tcl (RunTclFile)" time="0.141" />
  <testcase classname="ptolemy.util.test.junit.TclTests" name="[21] /home/travis/build/icyphy/ptII/ptolemy/actor/lib/test/Publisher.tcl (RunTclFile)" time="0.879" />
  <testcase classname="ptolemy.util.test.junit.TclTests" name="[22] /home/travis/build/icyphy/ptII/ptolemy/actor/lib/test/Pulse.tcl (RunTclFile)" time="0.072" />
  <testcase classname="ptolemy.util.test.junit.TclTests" name="[23] /home/travis/build/icyphy/ptII/ptolemy/actor/lib/test/Ramp.tcl (RunTclFile)" time="1.998" />
  <testcase classname="ptolemy.util.test.junit.TclTests" name="[24] /home/travis/build/icyphy/ptII/ptolemy/actor/lib/test/RampContinuous.tcl (RunTclFile)" time="0.019" />
  <testcase classname="ptolemy.util.test.junit.TclTests" name="[25] /home/travis/build/icyphy/ptII/ptolemy/actor/lib/test/RecordAssembler.tcl (RunTclFile)" time="0.017" />
  <testcase classname="ptolemy.util.test.junit.TclTests" name="[26] /home/travis/build/icyphy/ptII/ptolemy/actor/lib/test/RecordDisassembler.tcl (RunTclFile)" time="0.032" />
  <testcase classname="ptolemy.util.test.junit.TclTests" name="[27] /home/travis/build/icyphy/ptII/ptolemy/actor/lib/test/Scale.tcl (RunTclFile)" time="0.022" />
  <testcase classname="ptolemy.util.test.junit.TclTests" name="[28] /home/travis/build/icyphy/ptII/ptolemy/actor/lib/test/SequentialClock.tcl (RunTclFile)" time="0.012" />
  <testcase classname="ptolemy.util.test.junit.TclTests" name="[29] /home/travis/build/icyphy/ptII/ptolemy/actor/lib/test/SetVariable.tcl (RunTclFile)" time="0.009" />
  <testcase classname="ptolemy.util.test.junit.TclTests" name="[30] /home/travis/build/icyphy/ptII/ptolemy/actor/lib/test/Sinewave.tcl (RunTclFile)" time="0.026" />
  <testcase classname="ptolemy.util.test.junit.TclTests" name="[31] /home/travis/build/icyphy/ptII/ptolemy/actor/lib/test/SubscriptionAggregator.tcl (RunTclFile)" time="2.018" />
  <testcase classname="ptolemy.util.test.junit.TclTests" name="[32] /home/travis/build/icyphy/ptII/ptolemy/actor/lib/test/Test.tcl (RunTclFile)" time="0.131" />
  <testcase classname="ptolemy.util.test.junit.TclTests" name="[33] /home/travis/build/icyphy/ptII/ptolemy/actor/lib/test/TestExceptionHandler.tcl (RunTclFile)" time="0.011" />
  <testcase classname="ptolemy.util.test.junit.TclTests" name="[34] /home/travis/build/icyphy/ptII/ptolemy/actor/lib/test/UnionDisassembler.tcl (RunTclFile)" time="0.056" />
  <testcase classname="ptolemy.util.test.junit.TclTests" name="[35] /home/travis/build/icyphy/ptII/ptolemy/actor/lib/test/VariableClock.tcl (RunTclFile)" time="0.014" />
  <testcase classname="ptolemy.util.test.junit.AutoKnownFailedTests" name="[0] /home/travis/build/icyphy/ptII/ptolemy/actor/lib/test/auto/knownFailedTests/PublisherPortToplevelSubscriber.xml (RunModel)" time="0.029" />
  <testcase classname="ptolemy.util.test.junit.AutoKnownFailedTests" name="[1] /home/travis/build/icyphy/ptII/ptolemy/actor/lib/test/auto/knownFailedTests/PublisherSubscriberPortToplevel.xml (RunModel)" time="0.019" />
  <testcase classname="ptolemy.util.test.junit.AutoKnownFailedTests" name="[2] /home/travis/build/icyphy/ptII/ptolemy/actor/lib/test/auto/knownFailedTests/PublisherSubscriptionAggregatorPort.xml (RunModel)" time="0.021" />
  <testcase classname="ptolemy.util.test.junit.AutoKnownFailedTests" name="[3] /home/travis/build/icyphy/ptII/ptolemy/actor/lib/test/auto/knownFailedTests/sizedarray3.xml (RunModel)" time="0.023" />
  <testcase classname="ptolemy.util.test.junit.AutoNameArchTests" name="[0] ThereAreNoAutoArchTests (RunModel)" time="0.003" />
  <testcase classname="ptolemy.util.test.junit.AutoTests" name="[0] /home/travis/build/icyphy/ptII/ptolemy/actor/lib/test/auto/AbsoluteValue.xml (RunModel)" time="0.091" />
  <testcase classname="ptolemy.util.test.junit.AutoTests" name="[1] /home/travis/build/icyphy/ptII/ptolemy/actor/lib/test/auto/AbsoluteValue2.xml (RunModel)" time="0.027" />
  <testcase classname="ptolemy.util.test.junit.AutoTests" name="[2] /home/travis/build/icyphy/ptII/ptolemy/actor/lib/test/auto/Accumulator.xml (RunModel)" time="0.033" />
  <testcase classname="ptolemy.util.test.junit.AutoTests" name="[3] /home/travis/build/icyphy/ptII/ptolemy/actor/lib/test/auto/Accumulator2.xml (RunModel)" time="0.054" />
  <testcase classname="ptolemy.util.test.junit.AutoTests" name="[4] /home/travis/build/icyphy/ptII/ptolemy/actor/lib/test/auto/Accumulator3.xml (RunModel)" time="0.037" />
  <testcase classname="ptolemy.util.test.junit.AutoTests" name="[5] /home/travis/build/icyphy/ptII/ptolemy/actor/lib/test/auto/ArrayAppend.xml (RunModel)" time="0.039" />
  <testcase classname="ptolemy.util.test.junit.AutoTests" name="[6] /home/travis/build/icyphy/ptII/ptolemy/actor/lib/test/auto/ArrayAppend2.xml (RunModel)" time="0.336" />
  <testcase classname="ptolemy.util.test.junit.AutoTests" name="[7] /home/travis/build/icyphy/ptII/ptolemy/actor/lib/test/auto/ArrayAppend3.xml (RunModel)" time="0.031" />
  <testcase classname="ptolemy.util.test.junit.AutoTests" name="[8] /home/travis/build/icyphy/ptII/ptolemy/actor/lib/test/auto/ArrayAppend4.xml (RunModel)" time="0.024" />
  <testcase classname="ptolemy.util.test.junit.AutoTests" name="[9] /home/travis/build/icyphy/ptII/ptolemy/actor/lib/test/auto/ArrayAppend5.xml (RunModel)" time="0.017" />
  <testcase classname="ptolemy.util.test.junit.AutoTests" name="[10] /home/travis/build/icyphy/ptII/ptolemy/actor/lib/test/auto/ArrayAppend6.xml (RunModel)" time="0.021" />
  <testcase classname="ptolemy.util.test.junit.AutoTests" name="[11] /home/travis/build/icyphy/ptII/ptolemy/actor/lib/test/auto/ArrayAppendPerformanceTest.xml (RunModel)" time="0.087" />
  <testcase classname="ptolemy.util.test.junit.AutoTests" name="[12] /home/travis/build/icyphy/ptII/ptolemy/actor/lib/test/auto/ArrayAppendWithEmptyInput.xml (RunModel)" time="0.104" />
  <testcase classname="ptolemy.util.test.junit.AutoTests" name="[13] /home/travis/build/icyphy/ptII/ptolemy/actor/lib/test/auto/ArrayAverage.xml (RunModel)" time="0.049" />
  <testcase classname="ptolemy.util.test.junit.AutoTests" name="[14] /home/travis/build/icyphy/ptII/ptolemy/actor/lib/test/auto/ArrayContains.xml (RunModel)" time="0.03" />
  <testcase classname="ptolemy.util.test.junit.AutoTests" name="[15] /home/travis/build/icyphy/ptII/ptolemy/actor/lib/test/auto/ArrayElement.xml (RunModel)" time="0.027" />
  <testcase classname="ptolemy.util.test.junit.AutoTests" name="[16] /home/travis/build/icyphy/ptII/ptolemy/actor/lib/test/auto/ArrayElementAsMatrix.xml (RunModel)" time="0.077" />
  <testcase classname="ptolemy.util.test.junit.AutoTests" name="[17] /home/travis/build/icyphy/ptII/ptolemy/actor/lib/test/auto/ArrayElementI.xml (RunModel)" time="0.031" />
  <testcase classname="ptolemy.util.test.junit.AutoTests" name="[18] /home/travis/build/icyphy/ptII/ptolemy/actor/lib/test/auto/ArrayExtract.xml (RunModel)" time="0.028" />
  <testcase classname="ptolemy.util.test.junit.AutoTests" name="[19] /home/travis/build/icyphy/ptII/ptolemy/actor/lib/test/auto/ArrayExtract2.xml (RunModel)" time="0.018" />
  <testcase classname="ptolemy.util.test.junit.AutoTests" name="[20] /home/travis/build/icyphy/ptII/ptolemy/actor/lib/test/auto/ArrayLength.xml (RunModel)" time="0.02" />
  <testcase classname="ptolemy.util.test.junit.AutoTests" name="[21] /home/travis/build/icyphy/ptII/ptolemy/actor/lib/test/auto/ArrayLevelCrossing.xml (RunModel)" time="0.026" />
  <testcase classname="ptolemy.util.test.junit.AutoTests" name="[22] /home/travis/build/icyphy/ptII/ptolemy/actor/lib/test/auto/ArrayLevelCrossing2.xml (RunModel)" time="0.023" />
  <testcase classname="ptolemy.util.test.junit.AutoTests" name="[23] /home/travis/build/icyphy/ptII/ptolemy/actor/lib/test/auto/ArrayPeakSearch.xml (RunModel)" time="0.038" />
  <testcase classname="ptolemy.util.test.junit.AutoTests" name="[24] /home/travis/build/icyphy/ptII/ptolemy/actor/lib/test/auto/ArrayPeakSearch2.xml (RunModel)" time="0.033" />
  <testcase classname="ptolemy.util.test.junit.AutoTests" name="[25] /home/travis/build/icyphy/ptII/ptolemy/actor/lib/test/auto/ArrayPeakSearch3.xml (RunModel)" time="0.033" />
  <testcase classname="ptolemy.util.test.junit.AutoTests" name="[26] /home/travis/build/icyphy/ptII/ptolemy/actor/lib/test/auto/ArrayRemoveElement.xml (RunModel)" time="0.027" />
  <testcase classname="ptolemy.util.test.junit.AutoTests" name="[27] /home/travis/build/icyphy/ptII/ptolemy/actor/lib/test/auto/ArraySort.xml (RunModel)" time="0.035" />
  <testcase classname="ptolemy.util.test.junit.AutoTests" name="[28] /home/travis/build/icyphy/ptII/ptolemy/actor/lib/test/auto/ArraySum.xml (RunModel)" time="0.023" />
  <testcase classname="ptolemy.util.test.junit.AutoTests" name="[29] /home/travis/build/icyphy/ptII/ptolemy/actor/lib/test/auto/ArrayToElements.xml (RunModel)" time="0.023" />
  <testcase classname="ptolemy.util.test.junit.AutoTests" name="[30] /home/travis/build/icyphy/ptII/ptolemy/actor/lib/test/auto/ArrayToMatrix.xml (RunModel)" time="0.05" />
  <testcase classname="ptolemy.util.test.junit.AutoTests" name="[31] /home/travis/build/icyphy/ptII/ptolemy/actor/lib/test/auto/ArrayUpdate1.xml (RunModel)" time="0.014" />
  <testcase classname="ptolemy.util.test.junit.AutoTests" name="[32] /home/travis/build/icyphy/ptII/ptolemy/actor/lib/test/auto/ArrayUpdate2.xml (RunModel)" time="0.026" />
  <testcase classname="ptolemy.util.test.junit.AutoTests" name="[33] /home/travis/build/icyphy/ptII/ptolemy/actor/lib/test/auto/ArrayUpdate3.xml (RunModel)" time="0.022" />
  <testcase classname="ptolemy.util.test.junit.AutoTests" name="[34] /home/travis/build/icyphy/ptII/ptolemy/actor/lib/test/auto/Assert1.xml (RunModel)" time="0.023" />
  <testcase classname="ptolemy.util.test.junit.AutoTests" name="[35] /home/travis/build/icyphy/ptII/ptolemy/actor/lib/test/auto/Assert2.xml (RunModel)" time="0.016" />
  <testcase classname="ptolemy.util.test.junit.AutoTests" name="[36] /home/travis/build/icyphy/ptII/ptolemy/actor/lib/test/auto/BooleanMultiplexor.xml (RunModel)" time="0.017" />
  <testcase classname="ptolemy.util.test.junit.AutoTests" name="[37] /home/travis/build/icyphy/ptII/ptolemy/actor/lib/test/auto/BooleanMultiplexor2.xml (RunModel)" time="0.03" />
  <testcase classname="ptolemy.util.test.junit.AutoTests" name="[38] /home/travis/build/icyphy/ptII/ptolemy/actor/lib/test/auto/BooleanMultiplexor3.xml (RunModel)" time="0.016" />
  <testcase classname="ptolemy.util.test.junit.AutoTests" name="[39] /home/travis/build/icyphy/ptII/ptolemy/actor/lib/test/auto/BooleanSelect.xml (RunModel)" time="0.026" />
  <testcase classname="ptolemy.util.test.junit.AutoTests" name="[40] /home/travis/build/icyphy/ptII/ptolemy/actor/lib/test/auto/BooleanSelect2.xml (RunModel)" time="0.016" />
  <testcase classname="ptolemy.util.test.junit.AutoTests" name="[41] /home/travis/build/icyphy/ptII/ptolemy/actor/lib/test/auto/BooleanSwitch.xml (RunModel)" time="0.02" />
  <testcase classname="ptolemy.util.test.junit.AutoTests" name="[42] /home/travis/build/icyphy/ptII/ptolemy/actor/lib/test/auto/BooleanSwitch2.xml (RunModel)" time="0.014" />
  <testcase classname="ptolemy.util.test.junit.AutoTests" name="[43] /home/travis/build/icyphy/ptII/ptolemy/actor/lib/test/auto/BooleanSwitchCloningBugWithClassRelationGroup.xml (RunModel)" time="0.03" />
  <testcase classname="ptolemy.util.test.junit.AutoTests" name="[44] /home/travis/build/icyphy/ptII/ptolemy/actor/lib/test/auto/BusActors.xml (RunModel)" time="0.059" />
  <testcase classname="ptolemy.util.test.junit.AutoTests" name="[45] /home/travis/build/icyphy/ptII/ptolemy/actor/lib/test/auto/ClassWrapper.xml (RunModel)" time="0.022" />
  <testcase classname="ptolemy.util.test.junit.AutoTests" name="[46] /home/travis/build/icyphy/ptII/ptolemy/actor/lib/test/auto/Clock.xml (RunModel)" time="0.012" />
  <testcase classname="ptolemy.util.test.junit.AutoTests" name="[47] /home/travis/build/icyphy/ptII/ptolemy/actor/lib/test/auto/Clock10.xml (RunModel)" time="0.019" />
  <testcase classname="ptolemy.util.test.junit.AutoTests" name="[48] /home/travis/build/icyphy/ptII/ptolemy/actor/lib/test/auto/Clock11.xml (RunModel)" time="0.019" />
  <testcase classname="ptolemy.util.test.junit.AutoTests" name="[49] /home/travis/build/icyphy/ptII/ptolemy/actor/lib/test/auto/Clock12.xml (RunModel)" time="0.022" />
  <testcase classname="ptolemy.util.test.junit.AutoTests" name="[50] /home/travis/build/icyphy/ptII/ptolemy/actor/lib/test/auto/Clock13.xml (RunModel)" time="0.019" />
  <testcase classname="ptolemy.util.test.junit.AutoTests" name="[51] /home/travis/build/icyphy/ptII/ptolemy/actor/lib/test/auto/Clock14.xml (RunModel)" time="0.02" />
  <testcase classname="ptolemy.util.test.junit.AutoTests" name="[52] /home/travis/build/icyphy/ptII/ptolemy/actor/lib/test/auto/Clock15.xml (RunModel)" time="0.019" />
  <testcase classname="ptolemy.util.test.junit.AutoTests" name="[53] /home/travis/build/icyphy/ptII/ptolemy/actor/lib/test/auto/Clock16.xml (RunModel)" time="0.1" />
  <testcase classname="ptolemy.util.test.junit.AutoTests" name="[54] /home/travis/build/icyphy/ptII/ptolemy/actor/lib/test/auto/Clock17.xml (RunModel)" time="0.077" />
  <testcase classname="ptolemy.util.test.junit.AutoTests" name="[55] /home/travis/build/icyphy/ptII/ptolemy/actor/lib/test/auto/Clock18.xml (RunModel)" time="0.055" />
  <testcase classname="ptolemy.util.test.junit.AutoTests" name="[56] /home/travis/build/icyphy/ptII/ptolemy/actor/lib/test/auto/Clock19.xml (RunModel)" time="0.049" />
  <testcase classname="ptolemy.util.test.junit.AutoTests" name="[57] /home/travis/build/icyphy/ptII/ptolemy/actor/lib/test/auto/Clock2.xml (RunModel)" time="0.014" />
  <testcase classname="ptolemy.util.test.junit.AutoTests" name="[58] /home/travis/build/icyphy/ptII/ptolemy/actor/lib/test/auto/Clock20.xml (RunModel)" time="0.022" />
  <testcase classname="ptolemy.util.test.junit.AutoTests" name="[59] /home/travis/build/icyphy/ptII/ptolemy/actor/lib/test/auto/Clock21.xml (RunModel)" time="0.016" />
  <testcase classname="ptolemy.util.test.junit.AutoTests" name="[60] /home/travis/build/icyphy/ptII/ptolemy/actor/lib/test/auto/Clock22.xml (RunModel)" time="0.015" />
  <testcase classname="ptolemy.util.test.junit.AutoTests" name="[61] /home/travis/build/icyphy/ptII/ptolemy/actor/lib/test/auto/Clock23.xml (RunModel)" time="0.018" />
  <testcase classname="ptolemy.util.test.junit.AutoTests" name="[62] /home/travis/build/icyphy/ptII/ptolemy/actor/lib/test/auto/Clock24.xml (RunModel)" time="0.016" />
  <testcase classname="ptolemy.util.test.junit.AutoTests" name="[63] /home/travis/build/icyphy/ptII/ptolemy/actor/lib/test/auto/Clock4.xml (RunModel)" time="0.011" />
  <testcase classname="ptolemy.util.test.junit.AutoTests" name="[64] /home/travis/build/icyphy/ptII/ptolemy/actor/lib/test/auto/Clock5.xml (RunModel)" time="0.011" />
  <testcase classname="ptolemy.util.test.junit.AutoTests" name="[65] /home/travis/build/icyphy/ptII/ptolemy/actor/lib/test/auto/Clock6.xml (RunModel)" time="0.008" />
  <testcase classname="ptolemy.util.test.junit.AutoTests" name="[66] /home/travis/build/icyphy/ptII/ptolemy/actor/lib/test/auto/Clock7.xml (RunModel)" time="0.013" />
  <testcase classname="ptolemy.util.test.junit.AutoTests" name="[67] /home/travis/build/icyphy/ptII/ptolemy/actor/lib/test/auto/Clock8.xml (RunModel)" time="0.012" />
  <testcase classname="ptolemy.util.test.junit.AutoTests" name="[68] /home/travis/build/icyphy/ptII/ptolemy/actor/lib/test/auto/Clock9.xml (RunModel)" time="0.013" />
  <testcase classname="ptolemy.util.test.junit.AutoTests" name="[69] /home/travis/build/icyphy/ptII/ptolemy/actor/lib/test/auto/CommDistDiscard.xml (RunModel)" time="0.027" />
  <testcase classname="ptolemy.util.test.junit.AutoTests" name="[70] /home/travis/build/icyphy/ptII/ptolemy/actor/lib/test/auto/Commutator.xml (RunModel)" time="0.015" />
  <testcase classname="ptolemy.util.test.junit.AutoTests" name="[71] /home/travis/build/icyphy/ptII/ptolemy/actor/lib/test/auto/Commutator2.xml (RunModel)" time="0.011" />
  <testcase classname="ptolemy.util.test.junit.AutoTests" name="[72] /home/travis/build/icyphy/ptII/ptolemy/actor/lib/test/auto/Commutator3.xml (RunModel)" time="0.012" />
  <testcase classname="ptolemy.util.test.junit.AutoTests" name="[73] /home/travis/build/icyphy/ptII/ptolemy/actor/lib/test/auto/Compare.xml (RunModel)" time="0.019" />
  <testcase classname="ptolemy.util.test.junit.AutoTests" name="[74] /home/travis/build/icyphy/ptII/ptolemy/actor/lib/test/auto/CompareDE.xml (RunModel)" time="0.016" />
  <testcase classname="ptolemy.util.test.junit.AutoTests" name="[75] /home/travis/build/icyphy/ptII/ptolemy/actor/lib/test/auto/ComplexDivide.xml (RunModel)" time="0.012" />
  <testcase classname="ptolemy.util.test.junit.AutoTests" name="[76] /home/travis/build/icyphy/ptII/ptolemy/actor/lib/test/auto/ComputeHistogram.xml (RunModel)" time="0.069" />
  <testcase classname="ptolemy.util.test.junit.AutoTests" name="[77] /home/travis/build/icyphy/ptII/ptolemy/actor/lib/test/auto/ConfigurationSelect.xml (RunModel)" time="0.021" />
  <testcase classname="ptolemy.util.test.junit.AutoTests" name="[78] /home/travis/build/icyphy/ptII/ptolemy/actor/lib/test/auto/ConfigurationSelect2.xml (RunModel)" time="0.022" />
  <testcase classname="ptolemy.util.test.junit.AutoTests" name="[79] /home/travis/build/icyphy/ptII/ptolemy/actor/lib/test/auto/ConfigurationSwitch.xml (RunModel)" time="0.021" />
  <testcase classname="ptolemy.util.test.junit.AutoTests" name="[80] /home/travis/build/icyphy/ptII/ptolemy/actor/lib/test/auto/ConfigurationSwitch2.xml (RunModel)" time="0.021" />
  <testcase classname="ptolemy.util.test.junit.AutoTests" name="[81] /home/travis/build/icyphy/ptII/ptolemy/actor/lib/test/auto/ConfigurationSwitchCloningBugWithClassRelationGroup.xml (RunModel)" time="0.022" />
  <testcase classname="ptolemy.util.test.junit.AutoTests" name="[82] /home/travis/build/icyphy/ptII/ptolemy/actor/lib/test/auto/ConfigurationSwitchSelectSDF.xml (RunModel)" time="0.015" />
  <testcase classname="ptolemy.util.test.junit.AutoTests" name="[83] /home/travis/build/icyphy/ptII/ptolemy/actor/lib/test/auto/ConfigurationSwitchSelectSDF2.xml (RunModel)" time="0.016" />
  <testcase classname="ptolemy.util.test.junit.AutoTests" name="[84] /home/travis/build/icyphy/ptII/ptolemy/actor/lib/test/auto/Const.xml (RunModel)" time="0.006" />
  <testcase classname="ptolemy.util.test.junit.AutoTests" name="[85] /home/travis/build/icyphy/ptII/ptolemy/actor/lib/test/auto/Const2.xml (RunModel)" time="0.01" />
  <testcase classname="ptolemy.util.test.junit.AutoTests" name="[86] /home/travis/build/icyphy/ptII/ptolemy/actor/lib/test/auto/Const3.xml (RunModel)" time="0.007" />
  <testcase classname="ptolemy.util.test.junit.AutoTests" name="[87] /home/travis/build/icyphy/ptII/ptolemy/actor/lib/test/auto/ConstantPublisherPort1.xml (RunModel)" time="0.02" />
  <testcase classname="ptolemy.util.test.junit.AutoTests" name="[88] /home/travis/build/icyphy/ptII/ptolemy/actor/lib/test/auto/ConstantPublisherPort2.xml (RunModel)" time="0.023" />
  <testcase classname="ptolemy.util.test.junit.AutoTests" name="[89] /home/travis/build/icyphy/ptII/ptolemy/actor/lib/test/auto/ConstantPublisherPort3.xml (RunModel)" time="0.019" />
  <testcase classname="ptolemy.util.test.junit.AutoTests" name="[90] /home/travis/build/icyphy/ptII/ptolemy/actor/lib/test/auto/ConstantPublisherPort4.xml (RunModel)" time="0.017" />
  <testcase classname="ptolemy.util.test.junit.AutoTests" name="[91] /home/travis/build/icyphy/ptII/ptolemy/actor/lib/test/auto/ConstantPublisherPort5.xml (RunModel)" time="0.042" />
  <testcase classname="ptolemy.util.test.junit.AutoTests" name="[92] /home/travis/build/icyphy/ptII/ptolemy/actor/lib/test/auto/ConstantPublisherPort6.xml (RunModel)" time="0.025" />
  <testcase classname="ptolemy.util.test.junit.AutoTests" name="[93] /home/travis/build/icyphy/ptII/ptolemy/actor/lib/test/auto/ConstantPublisherPort7.xml (RunModel)" time="0.031" />
  <testcase classname="ptolemy.util.test.junit.AutoTests" name="[94] /home/travis/build/icyphy/ptII/ptolemy/actor/lib/test/auto/ConstraintMonitor1.xml (RunModel)" time="0.04" />
  <testcase classname="ptolemy.util.test.junit.AutoTests" name="[95] /home/travis/build/icyphy/ptII/ptolemy/actor/lib/test/auto/ConstraintMonitor2.xml (RunModel)" time="0.012" />
  <testcase classname="ptolemy.util.test.junit.AutoTests" name="[96] /home/travis/build/icyphy/ptII/ptolemy/actor/lib/test/auto/ConstraintMonitor3.xml (RunModel)" time="0.014" />
  <testcase classname="ptolemy.util.test.junit.AutoTests" name="[97] /home/travis/build/icyphy/ptII/ptolemy/actor/lib/test/auto/ConstraintMonitor4.xml (RunModel)" time="0.012" />
  <testcase classname="ptolemy.util.test.junit.AutoTests" name="[98] /home/travis/build/icyphy/ptII/ptolemy/actor/lib/test/auto/ConstraintMonitor5.xml (RunModel)" time="0.013" />
  <testcase classname="ptolemy.util.test.junit.AutoTests" name="[99] /home/travis/build/icyphy/ptII/ptolemy/actor/lib/test/auto/ConstraintMonitor6.xml (RunModel)" time="0.013" />
  <testcase classname="ptolemy.util.test.junit.AutoTests" name="[100] /home/travis/build/icyphy/ptII/ptolemy/actor/lib/test/auto/ConstraintMonitor7.xml (RunModel)" time="0.016" />
  <testcase classname="ptolemy.util.test.junit.AutoTests" name="[101] /home/travis/build/icyphy/ptII/ptolemy/actor/lib/test/auto/ConstraintMonitor8.xml (RunModel)" time="0.016" />
  <testcase classname="ptolemy.util.test.junit.AutoTests" name="[102] /home/travis/build/icyphy/ptII/ptolemy/actor/lib/test/auto/Counter.xml (RunModel)" time="0.012" />
  <testcase classname="ptolemy.util.test.junit.AutoTests" name="[103] /home/travis/build/icyphy/ptII/ptolemy/actor/lib/test/auto/CurrentTimeSDF.xml (RunModel)" time="0.009" />
  <testcase classname="ptolemy.util.test.junit.AutoTests" name="[104] /home/travis/build/icyphy/ptII/ptolemy/actor/lib/test/auto/DB.xml (RunModel)" time="0.011" />
  <testcase classname="ptolemy.util.test.junit.AutoTests" name="[105] /home/travis/build/icyphy/ptII/ptolemy/actor/lib/test/auto/DBDE.xml (RunModel)" time="0.013" />
  <testcase classname="ptolemy.util.test.junit.AutoTests" name="[106] /home/travis/build/icyphy/ptII/ptolemy/actor/lib/test/auto/DateConstructor.xml (RunModel)" time="0.076" />
  <testcase classname="ptolemy.util.test.junit.AutoTests" name="[107] /home/travis/build/icyphy/ptII/ptolemy/actor/lib/test/auto/DelayTime.xml (RunModel)" time="0.016" />
  <testcase classname="ptolemy.util.test.junit.AutoTests" name="[108] /home/travis/build/icyphy/ptII/ptolemy/actor/lib/test/auto/Dictionary1.xml (RunModel)" time="0.024" />
  <testcase classname="ptolemy.util.test.junit.AutoTests" name="[109] /home/travis/build/icyphy/ptII/ptolemy/actor/lib/test/auto/Dictionary2.xml (RunModel)" time="0.018" />
  <testcase classname="ptolemy.util.test.junit.AutoTests" name="[110] /home/travis/build/icyphy/ptII/ptolemy/actor/lib/test/auto/Dictionary3.xml (RunModel)" time="0.014" />
  <testcase classname="ptolemy.util.test.junit.AutoTests" name="[111] /home/travis/build/icyphy/ptII/ptolemy/actor/lib/test/auto/Dictionary4.xml (RunModel)" time="0.018" />
  <testcase classname="ptolemy.util.test.junit.AutoTests" name="[112] /home/travis/build/icyphy/ptII/ptolemy/actor/lib/test/auto/Differential.xml (RunModel)" time="0.011" />
  <testcase classname="ptolemy.util.test.junit.AutoTests" name="[113] /home/travis/build/icyphy/ptII/ptolemy/actor/lib/test/auto/Director.xml (RunModel)" time="0.009" />
  <testcase classname="ptolemy.util.test.junit.AutoTests" name="[114] /home/travis/build/icyphy/ptII/ptolemy/actor/lib/test/auto/DiscreteClock.xml (RunModel)" time="0.007" />
  <testcase classname="ptolemy.util.test.junit.AutoTests" name="[115] /home/travis/build/icyphy/ptII/ptolemy/actor/lib/test/auto/DiscreteClock10.xml (RunModel)" time="0.014" />
  <testcase classname="ptolemy.util.test.junit.AutoTests" name="[116] /home/travis/build/icyphy/ptII/ptolemy/actor/lib/test/auto/DiscreteClock11.xml (RunModel)" time="0.01" />
  <testcase classname="ptolemy.util.test.junit.AutoTests" name="[117] /home/travis/build/icyphy/ptII/ptolemy/actor/lib/test/auto/DiscreteClock12.xml (RunModel)" time="0.013" />
  <testcase classname="ptolemy.util.test.junit.AutoTests" name="[118] /home/travis/build/icyphy/ptII/ptolemy/actor/lib/test/auto/DiscreteClock13.xml (RunModel)" time="0.013" />
  <testcase classname="ptolemy.util.test.junit.AutoTests" name="[119] /home/travis/build/icyphy/ptII/ptolemy/actor/lib/test/auto/DiscreteClock14.xml (RunModel)" time="0.012" />
  <testcase classname="ptolemy.util.test.junit.AutoTests" name="[120] /home/travis/build/icyphy/ptII/ptolemy/actor/lib/test/auto/DiscreteClock15.xml (RunModel)" time="0.013" />
  <testcase classname="ptolemy.util.test.junit.AutoTests" name="[121] /home/travis/build/icyphy/ptII/ptolemy/actor/lib/test/auto/DiscreteClock16.xml (RunModel)" time="0.041" />
  <testcase classname="ptolemy.util.test.junit.AutoTests" name="[122] /home/travis/build/icyphy/ptII/ptolemy/actor/lib/test/auto/DiscreteClock17.xml (RunModel)" time="0.048" />
  <testcase classname="ptolemy.util.test.junit.AutoTests" name="[123] /home/travis/build/icyphy/ptII/ptolemy/actor/lib/test/auto/DiscreteClock18.xml (RunModel)" time="0.043" />
  <testcase classname="ptolemy.util.test.junit.AutoTests" name="[124] /home/travis/build/icyphy/ptII/ptolemy/actor/lib/test/auto/DiscreteClock19.xml (RunModel)" time="0.034" />
  <testcase classname="ptolemy.util.test.junit.AutoTests" name="[125] /home/travis/build/icyphy/ptII/ptolemy/actor/lib/test/auto/DiscreteClock2.xml (RunModel)" time="0.017" />
  <testcase classname="ptolemy.util.test.junit.AutoTests" name="[126] /home/travis/build/icyphy/ptII/ptolemy/actor/lib/test/auto/DiscreteClock20.xml (RunModel)" time="0.014" />
  <testcase classname="ptolemy.util.test.junit.AutoTests" name="[127] /home/travis/build/icyphy/ptII/ptolemy/actor/lib/test/auto/DiscreteClock21.xml (RunModel)" time="0.013" />
  <testcase classname="ptolemy.util.test.junit.AutoTests" name="[128] /home/travis/build/icyphy/ptII/ptolemy/actor/lib/test/auto/DiscreteClock22.xml (RunModel)" time="0.015" />
  <testcase classname="ptolemy.util.test.junit.AutoTests" name="[129] /home/travis/build/icyphy/ptII/ptolemy/actor/lib/test/auto/DiscreteClock23.xml (RunModel)" time="0.011" />
  <testcase classname="ptolemy.util.test.junit.AutoTests" name="[130] /home/travis/build/icyphy/ptII/ptolemy/actor/lib/test/auto/DiscreteClock24.xml (RunModel)" time="0.015" />
  <testcase classname="ptolemy.util.test.junit.AutoTests" name="[131] /home/travis/build/icyphy/ptII/ptolemy/actor/lib/test/auto/DiscreteClock4.xml (RunModel)" time="0.01" />
  <testcase classname="ptolemy.util.test.junit.AutoTests" name="[132] /home/travis/build/icyphy/ptII/ptolemy/actor/lib/test/auto/DiscreteClock5.xml (RunModel)" time="0.01" />
  <testcase classname="ptolemy.util.test.junit.AutoTests" name="[133] /home/travis/build/icyphy/ptII/ptolemy/actor/lib/test/auto/DiscreteClock6.xml (RunModel)" time="0.008" />
  <testcase classname="ptolemy.util.test.junit.AutoTests" name="[134] /home/travis/build/icyphy/ptII/ptolemy/actor/lib/test/auto/DiscreteClock7.xml (RunModel)" time="0.012" />
  <testcase classname="ptolemy.util.test.junit.AutoTests" name="[135] /home/travis/build/icyphy/ptII/ptolemy/actor/lib/test/auto/DiscreteClock8.xml (RunModel)" time="0.017" />
  <testcase classname="ptolemy.util.test.junit.AutoTests" name="[136] /home/travis/build/icyphy/ptII/ptolemy/actor/lib/test/auto/DiscreteClock9.xml (RunModel)" time="0.013" />
  <testcase classname="ptolemy.util.test.junit.AutoTests" name="[137] /home/travis/build/icyphy/ptII/ptolemy/actor/lib/test/auto/DisplayArray.xml (RunModel)" time="0.009" />
  <testcase classname="ptolemy.util.test.junit.AutoTests" name="[138] /home/travis/build/icyphy/ptII/ptolemy/actor/lib/test/auto/Distributor.xml (RunModel)" time="0.009" />
  <testcase classname="ptolemy.util.test.junit.AutoTests" name="[139] /home/travis/build/icyphy/ptII/ptolemy/actor/lib/test/auto/Distributor2.xml (RunModel)" time="0.01" />
  <testcase classname="ptolemy.util.test.junit.AutoTests" name="[140] /home/travis/build/icyphy/ptII/ptolemy/actor/lib/test/auto/DownSample.xml (RunModel)" time="0.008" />
  <testcase classname="ptolemy.util.test.junit.AutoTests" name="[141] /home/travis/build/icyphy/ptII/ptolemy/actor/lib/test/auto/ElectronicUnitBase1.xml (RunModel)" time="0.062" />
  <testcase classname="ptolemy.util.test.junit.AutoTests" name="[142] /home/travis/build/icyphy/ptII/ptolemy/actor/lib/test/auto/ElementsToArray.xml (RunModel)" time="0.01" />
  <testcase classname="ptolemy.util.test.junit.AutoTests" name="[143] /home/travis/build/icyphy/ptII/ptolemy/actor/lib/test/auto/Equals.xml (RunModel)" time="0.016" />
  <testcase classname="ptolemy.util.test.junit.AutoTests" name="[144] /home/travis/build/icyphy/ptII/ptolemy/actor/lib/test/auto/Exec.xml (RunModel)" time="0.029" />
  <testcase classname="ptolemy.util.test.junit.AutoTests" name="[145] /home/travis/build/icyphy/ptII/ptolemy/actor/lib/test/auto/ExecEnvironment.xml (RunModel)" time="0.038" />
  <testcase classname="ptolemy.util.test.junit.AutoTests" name="[146] /home/travis/build/icyphy/ptII/ptolemy/actor/lib/test/auto/ExecNonZeroReturnOutput.xml (RunModel)" time="0.191" />
  <testcase classname="ptolemy.util.test.junit.AutoTests" name="[147] /home/travis/build/icyphy/ptII/ptolemy/actor/lib/test/auto/ExecRunDemos.xml (RunModel)" time="10.234" />
  <testcase classname="ptolemy.util.test.junit.AutoTests" name="[148] /home/travis/build/icyphy/ptII/ptolemy/actor/lib/test/auto/ExecStop.xml (RunModel)" time="5.031" />
  <testcase classname="ptolemy.util.test.junit.AutoTests" name="[149] /home/travis/build/icyphy/ptII/ptolemy/actor/lib/test/auto/ExecutionTimeSDF.xml (RunModel)" time="6.043">
    <error type="java.lang.reflect.InvocationTargetException">java.lang.reflect.InvocationTargetException
	at jdk.internal.reflect.GeneratedConstructorAccessor36.newInstance(Unknown Source)
	at java.base/jdk.internal.reflect.DelegatingConstructorAccessorImpl.newInstance(DelegatingConstructorAccessorImpl.java:45)
	at java.base/java.lang.reflect.Constructor.newInstance(Constructor.java:490)
	at ptolemy.util.test.junit.AutoTests.RunModel(AutoTests.java:193)
	at jdk.internal.reflect.GeneratedMethodAccessor43.invoke(Unknown Source)
	at java.base/jdk.internal.reflect.DelegatingMethodAccessorImpl.invoke(DelegatingMethodAccessorImpl.java:43)
	at junitparams.internal.InvokeParameterisedMethod.evaluate(InvokeParameterisedMethod.java:102)
Caused by: ptolemy.kernel.util.IllegalActionException: Test fails in iteration 0.
Value was: 6001L. Should have been: 6000L
  in .ExecutionTimeSDF.NonStrictTest
	at ptolemy.actor.lib.NonStrictTest.postfire(NonStrictTest.java:328)
	at ptolemy.actor.AtomicActor.iterate(AtomicActor.java:518)
	at ptolemy.actor.sched.StaticSchedulingDirector.fire(StaticSchedulingDirector.java:216)
	at ptolemy.domains.sdf.kernel.SDFDirector.fire(SDFDirector.java:500)
	at ptolemy.actor.CompositeActor.fire(CompositeActor.java:455)
	at ptolemy.actor.Manager.iterate(Manager.java:851)
	at ptolemy.actor.Manager.execute(Manager.java:369)
	at ptolemy.actor.Manager.run(Manager.java:1263)
	at ptolemy.actor.Manager$PtolemyRunThread.run(Manager.java:1933)
</error>
  </testcase>
  <testcase classname="ptolemy.util.test.junit.AutoTests" name="[150] /home/travis/build/icyphy/ptII/ptolemy/actor/lib/test/auto/Expression1.xml (RunModel)" time="0.014" />
  <testcase classname="ptolemy.util.test.junit.AutoTests" name="[151] /home/travis/build/icyphy/ptII/ptolemy/actor/lib/test/auto/Expression10.xml (RunModel)" time="0.017" />
  <testcase classname="ptolemy.util.test.junit.AutoTests" name="[152] /home/travis/build/icyphy/ptII/ptolemy/actor/lib/test/auto/Expression11.xml (RunModel)" time="0.025" />
  <testcase classname="ptolemy.util.test.junit.AutoTests" name="[153] /home/travis/build/icyphy/ptII/ptolemy/actor/lib/test/auto/Expression12.xml (RunModel)" time="0.014" />
  <testcase classname="ptolemy.util.test.junit.AutoTests" name="[154] /home/travis/build/icyphy/ptII/ptolemy/actor/lib/test/auto/Expression13.xml (RunModel)" time="0.015" />
  <testcase classname="ptolemy.util.test.junit.AutoTests" name="[155] /home/travis/build/icyphy/ptII/ptolemy/actor/lib/test/auto/Expression14.xml (RunModel)" time="0.024" />
  <testcase classname="ptolemy.util.test.junit.AutoTests" name="[156] /home/travis/build/icyphy/ptII/ptolemy/actor/lib/test/auto/Expression15.xml (RunModel)" time="0.007" />
  <testcase classname="ptolemy.util.test.junit.AutoTests" name="[157] /home/travis/build/icyphy/ptII/ptolemy/actor/lib/test/auto/Expression16.xml (RunModel)" time="0.012" />
  <testcase classname="ptolemy.util.test.junit.AutoTests" name="[158] /home/travis/build/icyphy/ptII/ptolemy/actor/lib/test/auto/Expression17.xml (RunModel)" time="0.014" />
  <testcase classname="ptolemy.util.test.junit.AutoTests" name="[159] /home/travis/build/icyphy/ptII/ptolemy/actor/lib/test/auto/Expression18.xml (RunModel)" time="0.011" />
  <testcase classname="ptolemy.util.test.junit.AutoTests" name="[160] /home/travis/build/icyphy/ptII/ptolemy/actor/lib/test/auto/Expression2.xml (RunModel)" time="0.01" />
  <testcase classname="ptolemy.util.test.junit.AutoTests" name="[161] /home/travis/build/icyphy/ptII/ptolemy/actor/lib/test/auto/Expression3.xml (RunModel)" time="0.012" />
  <testcase classname="ptolemy.util.test.junit.AutoTests" name="[162] /home/travis/build/icyphy/ptII/ptolemy/actor/lib/test/auto/Expression4.xml (RunModel)" time="0.018" />
  <testcase classname="ptolemy.util.test.junit.AutoTests" name="[163] /home/travis/build/icyphy/ptII/ptolemy/actor/lib/test/auto/Expression5.xml (RunModel)" time="0.012" />
  <testcase classname="ptolemy.util.test.junit.AutoTests" name="[164] /home/travis/build/icyphy/ptII/ptolemy/actor/lib/test/auto/Expression6.xml (RunModel)" time="0.009" />
  <testcase classname="ptolemy.util.test.junit.AutoTests" name="[165] /home/travis/build/icyphy/ptII/ptolemy/actor/lib/test/auto/Expression7.xml (RunModel)" time="0.012" />
  <testcase classname="ptolemy.util.test.junit.AutoTests" name="[166] /home/travis/build/icyphy/ptII/ptolemy/actor/lib/test/auto/Expression8.xml (RunModel)" time="0.013" />
  <testcase classname="ptolemy.util.test.junit.AutoTests" name="[167] /home/travis/build/icyphy/ptII/ptolemy/actor/lib/test/auto/Expression9.xml (RunModel)" time="0.007" />
  <testcase classname="ptolemy.util.test.junit.AutoTests" name="[168] /home/travis/build/icyphy/ptII/ptolemy/actor/lib/test/auto/ExpressionConcatenateArrayType.xml (RunModel)" time="0.029" />
  <testcase classname="ptolemy.util.test.junit.AutoTests" name="[169] /home/travis/build/icyphy/ptII/ptolemy/actor/lib/test/auto/ExpressionConcatenateArrayType2.xml (RunModel)" time="0.021" />
  <testcase classname="ptolemy.util.test.junit.AutoTests" name="[170] /home/travis/build/icyphy/ptII/ptolemy/actor/lib/test/auto/ExpressionFix.xml (RunModel)" time="0.044" />
  <testcase classname="ptolemy.util.test.junit.AutoTests" name="[171] /home/travis/build/icyphy/ptII/ptolemy/actor/lib/test/auto/ExpressionFix2.xml (RunModel)" time="0.01" />
  <testcase classname="ptolemy.util.test.junit.AutoTests" name="[172] /home/travis/build/icyphy/ptII/ptolemy/actor/lib/test/auto/ExpressionFix3.xml (RunModel)" time="0.012" />
  <testcase classname="ptolemy.util.test.junit.AutoTests" name="[173] /home/travis/build/icyphy/ptII/ptolemy/actor/lib/test/auto/FileWriter1.xml (RunModel)" time="0.009" />
  <testcase classname="ptolemy.util.test.junit.AutoTests" name="[174] /home/travis/build/icyphy/ptII/ptolemy/actor/lib/test/auto/FileWriter2.xml (RunModel)" time="0.014" />
  <testcase classname="ptolemy.util.test.junit.AutoTests" name="[175] /home/travis/build/icyphy/ptII/ptolemy/actor/lib/test/auto/FileWriter3.xml (RunModel)" time="0.018" />
  <testcase classname="ptolemy.util.test.junit.AutoTests" name="[176] /home/travis/build/icyphy/ptII/ptolemy/actor/lib/test/auto/Gaussian.xml (RunModel)" time="0.012" />
  <testcase classname="ptolemy.util.test.junit.AutoTests" name="[177] /home/travis/build/icyphy/ptII/ptolemy/actor/lib/test/auto/Gaussian1.xml (RunModel)" time="0.02" />
  <testcase classname="ptolemy.util.test.junit.AutoTests" name="[178] /home/travis/build/icyphy/ptII/ptolemy/actor/lib/test/auto/Gaussian2.xml (RunModel)" time="0.015" />
  <testcase classname="ptolemy.util.test.junit.AutoTests" name="[179] /home/travis/build/icyphy/ptII/ptolemy/actor/lib/test/auto/GradientAdaptiveLattice.xml (RunModel)" time="0.014" />
  <testcase classname="ptolemy.util.test.junit.AutoTests" name="[180] /home/travis/build/icyphy/ptII/ptolemy/actor/lib/test/auto/IIR.xml (RunModel)" time="0.01" />
  <testcase classname="ptolemy.util.test.junit.AutoTests" name="[181] /home/travis/build/icyphy/ptII/ptolemy/actor/lib/test/auto/InputOutputTransparentPorts.xml (RunModel)" time="0.017" />
  <testcase classname="ptolemy.util.test.junit.AutoTests" name="[182] /home/travis/build/icyphy/ptII/ptolemy/actor/lib/test/auto/Interpolator.xml (RunModel)" time="0.012" />
  <testcase classname="ptolemy.util.test.junit.AutoTests" name="[183] /home/travis/build/icyphy/ptII/ptolemy/actor/lib/test/auto/InterpolatorFiringLimitDE.xml (RunModel)" time="0.013" />
  <testcase classname="ptolemy.util.test.junit.AutoTests" name="[184] /home/travis/build/icyphy/ptII/ptolemy/actor/lib/test/auto/Lattice.xml (RunModel)" time="0.01" />
  <testcase classname="ptolemy.util.test.junit.AutoTests" name="[185] /home/travis/build/icyphy/ptII/ptolemy/actor/lib/test/auto/LazyAOCTestLazy.xml (RunModel)" time="0.035" />
  <testcase classname="ptolemy.util.test.junit.AutoTests" name="[186] /home/travis/build/icyphy/ptII/ptolemy/actor/lib/test/auto/LazyAOCTestNonLazy.xml (RunModel)" time="0.014" />
  <testcase classname="ptolemy.util.test.junit.AutoTests" name="[187] /home/travis/build/icyphy/ptII/ptolemy/actor/lib/test/auto/LazyInnerClass.xml (RunModel)" time="0.017" />
  <testcase classname="ptolemy.util.test.junit.AutoTests" name="[188] /home/travis/build/icyphy/ptII/ptolemy/actor/lib/test/auto/LazyPubSub.xml (RunModel)" time="0.025" />
  <testcase classname="ptolemy.util.test.junit.AutoTests" name="[189] /home/travis/build/icyphy/ptII/ptolemy/actor/lib/test/auto/LazyPubSub2.xml (RunModel)" time="0.033" />
  <testcase classname="ptolemy.util.test.junit.AutoTests" name="[190] /home/travis/build/icyphy/ptII/ptolemy/actor/lib/test/auto/LazyPubSub3.xml (RunModel)" time="0.037" />
  <testcase classname="ptolemy.util.test.junit.AutoTests" name="[191] /home/travis/build/icyphy/ptII/ptolemy/actor/lib/test/auto/LazySubClassModel.xml (RunModel)" time="0.049" />
  <testcase classname="ptolemy.util.test.junit.AutoTests" name="[192] /home/travis/build/icyphy/ptII/ptolemy/actor/lib/test/auto/LevelCrossTest1.xml (RunModel)" time="0.01" />
  <testcase classname="ptolemy.util.test.junit.AutoTests" name="[193] /home/travis/build/icyphy/ptII/ptolemy/actor/lib/test/auto/LevelCrossTest10.xml (RunModel)" time="0.012" />
  <testcase classname="ptolemy.util.test.junit.AutoTests" name="[194] /home/travis/build/icyphy/ptII/ptolemy/actor/lib/test/auto/LevelCrossTest11.xml (RunModel)" time="0.011" />
  <testcase classname="ptolemy.util.test.junit.AutoTests" name="[195] /home/travis/build/icyphy/ptII/ptolemy/actor/lib/test/auto/LevelCrossTest12.xml (RunModel)" time="0.013" />
  <testcase classname="ptolemy.util.test.junit.AutoTests" name="[196] /home/travis/build/icyphy/ptII/ptolemy/actor/lib/test/auto/LevelCrossTest13.xml (RunModel)" time="0.013" />
  <testcase classname="ptolemy.util.test.junit.AutoTests" name="[197] /home/travis/build/icyphy/ptII/ptolemy/actor/lib/test/auto/LevelCrossTest2.xml (RunModel)" time="0.009" />
  <testcase classname="ptolemy.util.test.junit.AutoTests" name="[198] /home/travis/build/icyphy/ptII/ptolemy/actor/lib/test/auto/LevelCrossTest3.xml (RunModel)" time="0.011" />
  <testcase classname="ptolemy.util.test.junit.AutoTests" name="[199] /home/travis/build/icyphy/ptII/ptolemy/actor/lib/test/auto/LevelCrossTest4.xml (RunModel)" time="0.01" />
  <testcase classname="ptolemy.util.test.junit.AutoTests" name="[200] /home/travis/build/icyphy/ptII/ptolemy/actor/lib/test/auto/LevelCrossTest5.xml (RunModel)" time="0.015" />
  <testcase classname="ptolemy.util.test.junit.AutoTests" name="[201] /home/travis/build/icyphy/ptII/ptolemy/actor/lib/test/auto/LevelCrossTest6.xml (RunModel)" time="0.013" />
  <testcase classname="ptolemy.util.test.junit.AutoTests" name="[202] /home/travis/build/icyphy/ptII/ptolemy/actor/lib/test/auto/LevelCrossTest7.xml (RunModel)" time="0.018" />
  <testcase classname="ptolemy.util.test.junit.AutoTests" name="[203] /home/travis/build/icyphy/ptII/ptolemy/actor/lib/test/auto/LevelCrossTest8.xml (RunModel)" time="0.014" />
  <testcase classname="ptolemy.util.test.junit.AutoTests" name="[204] /home/travis/build/icyphy/ptII/ptolemy/actor/lib/test/auto/LevelCrossTest9.xml (RunModel)" time="0.015" />
  <testcase classname="ptolemy.util.test.junit.AutoTests" name="[205] /home/travis/build/icyphy/ptII/ptolemy/actor/lib/test/auto/LevinsonDurbin.xml (RunModel)" time="0.008" />
  <testcase classname="ptolemy.util.test.junit.AutoTests" name="[206] /home/travis/build/icyphy/ptII/ptolemy/actor/lib/test/auto/LevinsonDurbin2.xml (RunModel)" time="0.007" />
  <testcase classname="ptolemy.util.test.junit.AutoTests" name="[207] /home/travis/build/icyphy/ptII/ptolemy/actor/lib/test/auto/LevinsonDurbin3.xml (RunModel)" time="0.01" />
  <testcase classname="ptolemy.util.test.junit.AutoTests" name="[208] /home/travis/build/icyphy/ptII/ptolemy/actor/lib/test/auto/Limiter.xml (RunModel)" time="0.042" />
  <testcase classname="ptolemy.util.test.junit.AutoTests" name="[209] /home/travis/build/icyphy/ptII/ptolemy/actor/lib/test/auto/LinearDifferenceEquationSystem.xml (RunModel)" time="0.02" />
  <testcase classname="ptolemy.util.test.junit.AutoTests" name="[210] /home/travis/build/icyphy/ptII/ptolemy/actor/lib/test/auto/LookupTable.xml (RunModel)" time="0.009" />
  <testcase classname="ptolemy.util.test.junit.AutoTests" name="[211] /home/travis/build/icyphy/ptII/ptolemy/actor/lib/test/auto/MathFunction.xml (RunModel)" time="0.031" />
  <testcase classname="ptolemy.util.test.junit.AutoTests" name="[212] /home/travis/build/icyphy/ptII/ptolemy/actor/lib/test/auto/MathFunction2.xml (RunModel)" time="0.014" />
  <testcase classname="ptolemy.util.test.junit.AutoTests" name="[213] /home/travis/build/icyphy/ptII/ptolemy/actor/lib/test/auto/MathFunction3.xml (RunModel)" time="0.021" />
  <testcase classname="ptolemy.util.test.junit.AutoTests" name="[214] /home/travis/build/icyphy/ptII/ptolemy/actor/lib/test/auto/MatrixCropBoolean.xml (RunModel)" time="0.01" />
  <testcase classname="ptolemy.util.test.junit.AutoTests" name="[215] /home/travis/build/icyphy/ptII/ptolemy/actor/lib/test/auto/MatrixCropComplex.xml (RunModel)" time="0.009" />
  <testcase classname="ptolemy.util.test.junit.AutoTests" name="[216] /home/travis/build/icyphy/ptII/ptolemy/actor/lib/test/auto/MatrixCropDouble.xml (RunModel)" time="0.011" />
  <testcase classname="ptolemy.util.test.junit.AutoTests" name="[217] /home/travis/build/icyphy/ptII/ptolemy/actor/lib/test/auto/MatrixCropFix.xml (RunModel)" time="0.013" />
  <testcase classname="ptolemy.util.test.junit.AutoTests" name="[218] /home/travis/build/icyphy/ptII/ptolemy/actor/lib/test/auto/MatrixCropInt.xml (RunModel)" time="0.01" />
  <testcase classname="ptolemy.util.test.junit.AutoTests" name="[219] /home/travis/build/icyphy/ptII/ptolemy/actor/lib/test/auto/MatrixCropLong.xml (RunModel)" time="0.026" />
  <testcase classname="ptolemy.util.test.junit.AutoTests" name="[220] /home/travis/build/icyphy/ptII/ptolemy/actor/lib/test/auto/MatrixToArray.xml (RunModel)" time="0.044" />
  <testcase classname="ptolemy.util.test.junit.AutoTests" name="[221] /home/travis/build/icyphy/ptII/ptolemy/actor/lib/test/auto/MaxIndex.xml (RunModel)" time="0.012" />
  <testcase classname="ptolemy.util.test.junit.AutoTests" name="[222] /home/travis/build/icyphy/ptII/ptolemy/actor/lib/test/auto/Maximum.xml (RunModel)" time="0.015" />
  <testcase classname="ptolemy.util.test.junit.AutoTests" name="[223] /home/travis/build/icyphy/ptII/ptolemy/actor/lib/test/auto/MaximumComplex.xml (RunModel)" time="0.015" />
  <testcase classname="ptolemy.util.test.junit.AutoTests" name="[224] /home/travis/build/icyphy/ptII/ptolemy/actor/lib/test/auto/MethodCallTest.xml (RunModel)" time="0.026" />
  <testcase classname="ptolemy.util.test.junit.AutoTests" name="[225] /home/travis/build/icyphy/ptII/ptolemy/actor/lib/test/auto/Minimum.xml (RunModel)" time="0.027" />
  <testcase classname="ptolemy.util.test.junit.AutoTests" name="[226] /home/travis/build/icyphy/ptII/ptolemy/actor/lib/test/auto/MinimumComplex.xml (RunModel)" time="0.028" />
  <testcase classname="ptolemy.util.test.junit.AutoTests" name="[227] /home/travis/build/icyphy/ptII/ptolemy/actor/lib/test/auto/MinimumMultiports.xml (RunModel)" time="0.016" />
  <testcase classname="ptolemy.util.test.junit.AutoTests" name="[228] /home/travis/build/icyphy/ptII/ptolemy/actor/lib/test/auto/ModifyDate.xml (RunModel)" time="0.038" />
  <testcase classname="ptolemy.util.test.junit.AutoTests" name="[229] /home/travis/build/icyphy/ptII/ptolemy/actor/lib/test/auto/ModifyDate2.xml (RunModel)" time="0.023" />
  <testcase classname="ptolemy.util.test.junit.AutoTests" name="[230] /home/travis/build/icyphy/ptII/ptolemy/actor/lib/test/auto/MovingAverage.xml (RunModel)" time="0.019" />
  <testcase classname="ptolemy.util.test.junit.AutoTests" name="[231] /home/travis/build/icyphy/ptII/ptolemy/actor/lib/test/auto/MovingMaximum.xml (RunModel)" time="0.01" />
  <testcase classname="ptolemy.util.test.junit.AutoTests" name="[232] /home/travis/build/icyphy/ptII/ptolemy/actor/lib/test/auto/MultipleLinksToSameRelation.xml (RunModel)" time="0.01" />
  <testcase classname="ptolemy.util.test.junit.AutoTests" name="[233] /home/travis/build/icyphy/ptII/ptolemy/actor/lib/test/auto/MultipleLinksToSameRelationDE.xml (RunModel)" time="0.016" />
  <testcase classname="ptolemy.util.test.junit.AutoTests" name="[234] /home/travis/build/icyphy/ptII/ptolemy/actor/lib/test/auto/Multiplexor.xml (RunModel)" time="0.011" />
  <testcase classname="ptolemy.util.test.junit.AutoTests" name="[235] /home/travis/build/icyphy/ptII/ptolemy/actor/lib/test/auto/Multiplexor1.xml (RunModel)" time="0.01" />
  <testcase classname="ptolemy.util.test.junit.AutoTests" name="[236] /home/travis/build/icyphy/ptII/ptolemy/actor/lib/test/auto/Multiplexor2.xml (RunModel)" time="0.015" />
  <testcase classname="ptolemy.util.test.junit.AutoTests" name="[237] /home/travis/build/icyphy/ptII/ptolemy/actor/lib/test/auto/Multiplexor3.xml (RunModel)" time="0.009" />
  <testcase classname="ptolemy.util.test.junit.AutoTests" name="[238] /home/travis/build/icyphy/ptII/ptolemy/actor/lib/test/auto/MultiplexorDE.xml (RunModel)" time="0.017" />
  <testcase classname="ptolemy.util.test.junit.AutoTests" name="[239] /home/travis/build/icyphy/ptII/ptolemy/actor/lib/test/auto/MultiportBroadcastTest.xml (RunModel)" time="0.086" />
  <testcase classname="ptolemy.util.test.junit.AutoTests" name="[240] /home/travis/build/icyphy/ptII/ptolemy/actor/lib/test/auto/MultiportOutHangDuringGetWidth.xml (RunModel)" time="0.026" />
  <testcase classname="ptolemy.util.test.junit.AutoTests" name="[241] /home/travis/build/icyphy/ptII/ptolemy/actor/lib/test/auto/NilToken.xml (RunModel)" time="0.011" />
  <testcase classname="ptolemy.util.test.junit.AutoTests" name="[242] /home/travis/build/icyphy/ptII/ptolemy/actor/lib/test/auto/NilTokenNonStrictTest.xml (RunModel)" time="0.011" />
  <testcase classname="ptolemy.util.test.junit.AutoTests" name="[243] /home/travis/build/icyphy/ptII/ptolemy/actor/lib/test/auto/NilTokenRecord.xml (RunModel)" time="0.022" />
  <testcase classname="ptolemy.util.test.junit.AutoTests" name="[244] /home/travis/build/icyphy/ptII/ptolemy/actor/lib/test/auto/NilTokenTypeTest.xml (RunModel)" time="0.033" />
  <testcase classname="ptolemy.util.test.junit.AutoTests" name="[245] /home/travis/build/icyphy/ptII/ptolemy/actor/lib/test/auto/ObjectToken1.xml (RunModel)" time="0.008" />
  <testcase classname="ptolemy.util.test.junit.AutoTests" name="[246] /home/travis/build/icyphy/ptII/ptolemy/actor/lib/test/auto/OrderedMerge.xml (RunModel)" time="0.015" />
  <testcase classname="ptolemy.util.test.junit.AutoTests" name="[247] /home/travis/build/icyphy/ptII/ptolemy/actor/lib/test/auto/OrderedRecordDisassembler.xml (RunModel)" time="0.018" />
  <testcase classname="ptolemy.util.test.junit.AutoTests" name="[248] /home/travis/build/icyphy/ptII/ptolemy/actor/lib/test/auto/OrderedRecordDisassembler2.xml (RunModel)" time="0.02" />
  <testcase classname="ptolemy.util.test.junit.AutoTests" name="[249] /home/travis/build/icyphy/ptII/ptolemy/actor/lib/test/auto/OrderedRecordUpdater.xml (RunModel)" time="0.012" />
  <testcase classname="ptolemy.util.test.junit.AutoTests" name="[250] /home/travis/build/icyphy/ptII/ptolemy/actor/lib/test/auto/OrderedRecordUpdater2.xml (RunModel)" time="0.018" />
  <testcase classname="ptolemy.util.test.junit.AutoTests" name="[251] /home/travis/build/icyphy/ptII/ptolemy/actor/lib/test/auto/PhaseUnwrap.xml (RunModel)" time="0.014" />
  <testcase classname="ptolemy.util.test.junit.AutoTests" name="[252] /home/travis/build/icyphy/ptII/ptolemy/actor/lib/test/auto/PoissonClock.xml (RunModel)" time="0.01" />
  <testcase classname="ptolemy.util.test.junit.AutoTests" name="[253] /home/travis/build/icyphy/ptII/ptolemy/actor/lib/test/auto/PoissonClock2.xml (RunModel)" time="0.007" />
  <testcase classname="ptolemy.util.test.junit.AutoTests" name="[254] /home/travis/build/icyphy/ptII/ptolemy/actor/lib/test/auto/PoissonClock3.xml (RunModel)" time="0.022" />
  <testcase classname="ptolemy.util.test.junit.AutoTests" name="[255] /home/travis/build/icyphy/ptII/ptolemy/actor/lib/test/auto/PubSubWithInitialTokens.xml (RunModel)" time="0.014" />
  <testcase classname="ptolemy.util.test.junit.AutoTests" name="[256] /home/travis/build/icyphy/ptII/ptolemy/actor/lib/test/auto/PubSubWithInitialTokens2.xml (RunModel)" time="0.014" />
  <testcase classname="ptolemy.util.test.junit.AutoTests" name="[257] /home/travis/build/icyphy/ptII/ptolemy/actor/lib/test/auto/PublisherClassNoParameter.xml (RunModel)" time="0.024" />
  <testcase classname="ptolemy.util.test.junit.AutoTests" name="[258] /home/travis/build/icyphy/ptII/ptolemy/actor/lib/test/auto/PublisherClassParameter.xml (RunModel)" time="0.02" />
  <testcase classname="ptolemy.util.test.junit.AutoTests" name="[259] /home/travis/build/icyphy/ptII/ptolemy/actor/lib/test/auto/PublisherNonStrictTest.xml (RunModel)" time="0.014" />
  <testcase classname="ptolemy.util.test.junit.AutoTests" name="[260] /home/travis/build/icyphy/ptII/ptolemy/actor/lib/test/auto/PublisherPort1.xml (RunModel)" time="0.01" />
  <testcase classname="ptolemy.util.test.junit.AutoTests" name="[261] /home/travis/build/icyphy/ptII/ptolemy/actor/lib/test/auto/PublisherPort2.xml (RunModel)" time="0.008" />
  <testcase classname="ptolemy.util.test.junit.AutoTests" name="[262] /home/travis/build/icyphy/ptII/ptolemy/actor/lib/test/auto/PublisherPort3.xml (RunModel)" time="0.02" />
  <testcase classname="ptolemy.util.test.junit.AutoTests" name="[263] /home/travis/build/icyphy/ptII/ptolemy/actor/lib/test/auto/PublisherPort4.xml (RunModel)" time="0.015" />
  <testcase classname="ptolemy.util.test.junit.AutoTests" name="[264] /home/travis/build/icyphy/ptII/ptolemy/actor/lib/test/auto/PublisherPort5.xml (RunModel)" time="0.014" />
  <testcase classname="ptolemy.util.test.junit.AutoTests" name="[265] /home/travis/build/icyphy/ptII/ptolemy/actor/lib/test/auto/PublisherPort5LookAlike.xml (RunModel)" time="0.018" />
  <testcase classname="ptolemy.util.test.junit.AutoTests" name="[266] /home/travis/build/icyphy/ptII/ptolemy/actor/lib/test/auto/PublisherPort6.xml (RunModel)" time="0.014" />
  <testcase classname="ptolemy.util.test.junit.AutoTests" name="[267] /home/travis/build/icyphy/ptII/ptolemy/actor/lib/test/auto/PublisherPort7.xml (RunModel)" time="0.021" />
  <testcase classname="ptolemy.util.test.junit.AutoTests" name="[268] /home/travis/build/icyphy/ptII/ptolemy/actor/lib/test/auto/PublisherPort8.xml (RunModel)" time="0.023" />
  <testcase classname="ptolemy.util.test.junit.AutoTests" name="[269] /home/travis/build/icyphy/ptII/ptolemy/actor/lib/test/auto/PublisherPortSubscriberChannelVariablesAOC2.xml (RunModel)" time="0.035" />
  <testcase classname="ptolemy.util.test.junit.AutoTests" name="[270] /home/travis/build/icyphy/ptII/ptolemy/actor/lib/test/auto/PublisherPortSubscriberOpaqueWidthInference.xml (RunModel)" time="0.013" />
  <testcase classname="ptolemy.util.test.junit.AutoTests" name="[271] /home/travis/build/icyphy/ptII/ptolemy/actor/lib/test/auto/PublisherPortSubscriberPortAdjacent.xml (RunModel)" time="0.021" />
  <testcase classname="ptolemy.util.test.junit.AutoTests" name="[272] /home/travis/build/icyphy/ptII/ptolemy/actor/lib/test/auto/PublisherPortSubscriberPortExpression.xml (RunModel)" time="0.015" />
  <testcase classname="ptolemy.util.test.junit.AutoTests" name="[273] /home/travis/build/icyphy/ptII/ptolemy/actor/lib/test/auto/PublisherPortSubscriberPortOpaqueD3Reverse.xml (RunModel)" time="0.03" />
  <testcase classname="ptolemy.util.test.junit.AutoTests" name="[274] /home/travis/build/icyphy/ptII/ptolemy/actor/lib/test/auto/PublisherPortSubscriberPortOpaqueWidthInference.xml (RunModel)" time="0.014" />
  <testcase classname="ptolemy.util.test.junit.AutoTests" name="[275] /home/travis/build/icyphy/ptII/ptolemy/actor/lib/test/auto/PublisherPortToplevelSubscriberPortAOC.xml (RunModel)" time="0.009" />
  <testcase classname="ptolemy.util.test.junit.AutoTests" name="[276] /home/travis/build/icyphy/ptII/ptolemy/actor/lib/test/auto/PublisherSubscriber.xml (RunModel)" time="0.012" />
  <testcase classname="ptolemy.util.test.junit.AutoTests" name="[277] /home/travis/build/icyphy/ptII/ptolemy/actor/lib/test/auto/PublisherSubscriber10.xml (RunModel)" time="0.019" />
  <testcase classname="ptolemy.util.test.junit.AutoTests" name="[278] /home/travis/build/icyphy/ptII/ptolemy/actor/lib/test/auto/PublisherSubscriber10InitialOutputs.xml (RunModel)" time="0.028" />
  <testcase classname="ptolemy.util.test.junit.AutoTests" name="[279] /home/travis/build/icyphy/ptII/ptolemy/actor/lib/test/auto/PublisherSubscriber11.xml (RunModel)" time="0.022" />
  <testcase classname="ptolemy.util.test.junit.AutoTests" name="[280] /home/travis/build/icyphy/ptII/ptolemy/actor/lib/test/auto/PublisherSubscriber12.xml (RunModel)" time="0.013" />
  <testcase classname="ptolemy.util.test.junit.AutoTests" name="[281] /home/travis/build/icyphy/ptII/ptolemy/actor/lib/test/auto/PublisherSubscriber13.xml (RunModel)" time="0.009" />
  <testcase classname="ptolemy.util.test.junit.AutoTests" name="[282] /home/travis/build/icyphy/ptII/ptolemy/actor/lib/test/auto/PublisherSubscriber14.xml (RunModel)" time="0.02" />
  <testcase classname="ptolemy.util.test.junit.AutoTests" name="[283] /home/travis/build/icyphy/ptII/ptolemy/actor/lib/test/auto/PublisherSubscriber2.xml (RunModel)" time="0.009" />
  <testcase classname="ptolemy.util.test.junit.AutoTests" name="[284] /home/travis/build/icyphy/ptII/ptolemy/actor/lib/test/auto/PublisherSubscriber3.xml (RunModel)" time="0.009" />
  <testcase classname="ptolemy.util.test.junit.AutoTests" name="[285] /home/travis/build/icyphy/ptII/ptolemy/actor/lib/test/auto/PublisherSubscriber4.xml (RunModel)" time="0.008" />
  <testcase classname="ptolemy.util.test.junit.AutoTests" name="[286] /home/travis/build/icyphy/ptII/ptolemy/actor/lib/test/auto/PublisherSubscriber5.xml (RunModel)" time="0.01" />
  <testcase classname="ptolemy.util.test.junit.AutoTests" name="[287] /home/travis/build/icyphy/ptII/ptolemy/actor/lib/test/auto/PublisherSubscriber6.xml (RunModel)" time="0.013" />
  <testcase classname="ptolemy.util.test.junit.AutoTests" name="[288] /home/travis/build/icyphy/ptII/ptolemy/actor/lib/test/auto/PublisherSubscriber7.xml (RunModel)" time="0.017" />
  <testcase classname="ptolemy.util.test.junit.AutoTests" name="[289] /home/travis/build/icyphy/ptII/ptolemy/actor/lib/test/auto/PublisherSubscriber8.xml (RunModel)" time="0.034" />
  <testcase classname="ptolemy.util.test.junit.AutoTests" name="[290] /home/travis/build/icyphy/ptII/ptolemy/actor/lib/test/auto/PublisherSubscriber9.xml (RunModel)" time="0.025" />
  <testcase classname="ptolemy.util.test.junit.AutoTests" name="[291] /home/travis/build/icyphy/ptII/ptolemy/actor/lib/test/auto/PublisherSubscriberAdjacent.xml (RunModel)" time="0.014" />
  <testcase classname="ptolemy.util.test.junit.AutoTests" name="[292] /home/travis/build/icyphy/ptII/ptolemy/actor/lib/test/auto/PublisherSubscriberChannelVariablesAOC2.xml (RunModel)" time="0.025" />
  <testcase classname="ptolemy.util.test.junit.AutoTests" name="[293] /home/travis/build/icyphy/ptII/ptolemy/actor/lib/test/auto/PublisherSubscriberD3.xml (RunModel)" time="0.012" />
  <testcase classname="ptolemy.util.test.junit.AutoTests" name="[294] /home/travis/build/icyphy/ptII/ptolemy/actor/lib/test/auto/PublisherSubscriberD3Reverse.xml (RunModel)" time="0.01" />
  <testcase classname="ptolemy.util.test.junit.AutoTests" name="[295] /home/travis/build/icyphy/ptII/ptolemy/actor/lib/test/auto/PublisherSubscriberExpression.xml (RunModel)" time="0.015" />
  <testcase classname="ptolemy.util.test.junit.AutoTests" name="[296] /home/travis/build/icyphy/ptII/ptolemy/actor/lib/test/auto/PublisherSubscriberOpaque.xml (RunModel)" time="0.014" />
  <testcase classname="ptolemy.util.test.junit.AutoTests" name="[297] /home/travis/build/icyphy/ptII/ptolemy/actor/lib/test/auto/PublisherSubscriberOpaqueD3.xml (RunModel)" time="0.024" />
  <testcase classname="ptolemy.util.test.junit.AutoTests" name="[298] /home/travis/build/icyphy/ptII/ptolemy/actor/lib/test/auto/PublisherSubscriberOpaqueD3Reverse.xml (RunModel)" time="0.02" />
  <testcase classname="ptolemy.util.test.junit.AutoTests" name="[299] /home/travis/build/icyphy/ptII/ptolemy/actor/lib/test/auto/PublisherSubscriberOpaqueWidthInference.xml (RunModel)" time="0.023" />
  <testcase classname="ptolemy.util.test.junit.AutoTests" name="[300] /home/travis/build/icyphy/ptII/ptolemy/actor/lib/test/auto/PublisherTestSubscriber.xml (RunModel)" time="0.015" />
  <testcase classname="ptolemy.util.test.junit.AutoTests" name="[301] /home/travis/build/icyphy/ptII/ptolemy/actor/lib/test/auto/PublisherToplevelSubscriberPortAOC.xml (RunModel)" time="0.012" />
  <testcase classname="ptolemy.util.test.junit.AutoTests" name="[302] /home/travis/build/icyphy/ptII/ptolemy/actor/lib/test/auto/PulseFiringLimitDE.xml (RunModel)" time="0.014" />
  <testcase classname="ptolemy.util.test.junit.AutoTests" name="[303] /home/travis/build/icyphy/ptII/ptolemy/actor/lib/test/auto/Ramp1.xml (RunModel)" time="0.007" />
  <testcase classname="ptolemy.util.test.junit.AutoTests" name="[304] /home/travis/build/icyphy/ptII/ptolemy/actor/lib/test/auto/RampFiringLimitDE.xml (RunModel)" time="0.01" />
  <testcase classname="ptolemy.util.test.junit.AutoTests" name="[305] /home/travis/build/icyphy/ptII/ptolemy/actor/lib/test/auto/RampFiringLimitSDF.xml (RunModel)" time="0.01" />
  <testcase classname="ptolemy.util.test.junit.AutoTests" name="[306] /home/travis/build/icyphy/ptII/ptolemy/actor/lib/test/auto/RandomInteger.xml (RunModel)" time="0.008" />
  <testcase classname="ptolemy.util.test.junit.AutoTests" name="[307] /home/travis/build/icyphy/ptII/ptolemy/actor/lib/test/auto/ReadFile1.xml (RunModel)" time="0.007" />
  <testcase classname="ptolemy.util.test.junit.AutoTests" name="[308] /home/travis/build/icyphy/ptII/ptolemy/actor/lib/test/auto/ReadFile2.xml (RunModel)" time="0.007" />
  <testcase classname="ptolemy.util.test.junit.AutoTests" name="[309] /home/travis/build/icyphy/ptII/ptolemy/actor/lib/test/auto/Reader.xml (RunModel)" time="0.011" />
  <testcase classname="ptolemy.util.test.junit.AutoTests" name="[310] /home/travis/build/icyphy/ptII/ptolemy/actor/lib/test/auto/RecordAssemblerDisplayNameTest.xml (RunModel)" time="3.25" />
  <testcase classname="ptolemy.util.test.junit.AutoTests" name="[311] /home/travis/build/icyphy/ptII/ptolemy/actor/lib/test/auto/RecordAssemblerTypeError.xml (RunModel)" time="0.026" />
  <testcase classname="ptolemy.util.test.junit.AutoTests" name="[312] /home/travis/build/icyphy/ptII/ptolemy/actor/lib/test/auto/RecordDisassember.xml (RunModel)" time="0.025" />
  <testcase classname="ptolemy.util.test.junit.AutoTests" name="[313] /home/travis/build/icyphy/ptII/ptolemy/actor/lib/test/auto/RecordDisassemberDisplayNameTest.xml (RunModel)" time="0.016" />
  <testcase classname="ptolemy.util.test.junit.AutoTests" name="[314] /home/travis/build/icyphy/ptII/ptolemy/actor/lib/test/auto/RecordDisassembler.xml (RunModel)" time="0.007" />
  <testcase classname="ptolemy.util.test.junit.AutoTests" name="[315] /home/travis/build/icyphy/ptII/ptolemy/actor/lib/test/auto/RecordDisassembler2.xml (RunModel)" time="0.009" />
  <testcase classname="ptolemy.util.test.junit.AutoTests" name="[316] /home/travis/build/icyphy/ptII/ptolemy/actor/lib/test/auto/RecordUpdater.xml (RunModel)" time="0.007" />
  <testcase classname="ptolemy.util.test.junit.AutoTests" name="[317] /home/travis/build/icyphy/ptII/ptolemy/actor/lib/test/auto/RecordUpdater2.xml (RunModel)" time="0.007" />
  <testcase classname="ptolemy.util.test.junit.AutoTests" name="[318] /home/travis/build/icyphy/ptII/ptolemy/actor/lib/test/auto/RecursiveLattice.xml (RunModel)" time="0.007" />
  <testcase classname="ptolemy.util.test.junit.AutoTests" name="[319] /home/travis/build/icyphy/ptII/ptolemy/actor/lib/test/auto/Router.xml (RunModel)" time="3.021" />
  <testcase classname="ptolemy.util.test.junit.AutoTests" name="[320] /home/travis/build/icyphy/ptII/ptolemy/actor/lib/test/auto/Router2.xml (RunModel)" time="3.052" />
  <testcase classname="ptolemy.util.test.junit.AutoTests" name="[321] /home/travis/build/icyphy/ptII/ptolemy/actor/lib/test/auto/RunningMaximum.xml (RunModel)" time="0.032" />
  <testcase classname="ptolemy.util.test.junit.AutoTests" name="[322] /home/travis/build/icyphy/ptII/ptolemy/actor/lib/test/auto/RunningMinimum.xml (RunModel)" time="0.032" />
  <testcase classname="ptolemy.util.test.junit.AutoTests" name="[323] /home/travis/build/icyphy/ptII/ptolemy/actor/lib/test/auto/Scale.xml (RunModel)" time="0.019" />
  <testcase classname="ptolemy.util.test.junit.AutoTests" name="[324] /home/travis/build/icyphy/ptII/ptolemy/actor/lib/test/auto/Scale2.xml (RunModel)" time="0.009" />
  <testcase classname="ptolemy.util.test.junit.AutoTests" name="[325] /home/travis/build/icyphy/ptII/ptolemy/actor/lib/test/auto/Scale3.xml (RunModel)" time="0.013" />
  <testcase classname="ptolemy.util.test.junit.AutoTests" name="[326] /home/travis/build/icyphy/ptII/ptolemy/actor/lib/test/auto/ScaleArray.xml (RunModel)" time="0.008" />
  <testcase classname="ptolemy.util.test.junit.AutoTests" name="[327] /home/travis/build/icyphy/ptII/ptolemy/actor/lib/test/auto/ScaleArray2.xml (RunModel)" time="0.008" />
  <testcase classname="ptolemy.util.test.junit.AutoTests" name="[328] /home/travis/build/icyphy/ptII/ptolemy/actor/lib/test/auto/ScaleMatrix.xml (RunModel)" time="0.146" />
  <testcase classname="ptolemy.util.test.junit.AutoTests" name="[329] /home/travis/build/icyphy/ptII/ptolemy/actor/lib/test/auto/Select.xml (RunModel)" time="0.019" />
  <testcase classname="ptolemy.util.test.junit.AutoTests" name="[330] /home/travis/build/icyphy/ptII/ptolemy/actor/lib/test/auto/Select2.xml (RunModel)" time="0.008" />
  <testcase classname="ptolemy.util.test.junit.AutoTests" name="[331] /home/travis/build/icyphy/ptII/ptolemy/actor/lib/test/auto/SequenceToArray2.xml (RunModel)" time="0.145" />
  <testcase classname="ptolemy.util.test.junit.AutoTests" name="[332] /home/travis/build/icyphy/ptII/ptolemy/actor/lib/test/auto/SequentialClock.xml (RunModel)" time="0.012" />
  <testcase classname="ptolemy.util.test.junit.AutoTests" name="[333] /home/travis/build/icyphy/ptII/ptolemy/actor/lib/test/auto/SetVariable.xml (RunModel)" time="0.011" />
  <testcase classname="ptolemy.util.test.junit.AutoTests" name="[334] /home/travis/build/icyphy/ptII/ptolemy/actor/lib/test/auto/SetVariable2.xml (RunModel)" time="0.008" />
  <testcase classname="ptolemy.util.test.junit.AutoTests" name="[335] /home/travis/build/icyphy/ptII/ptolemy/actor/lib/test/auto/SetVariable3.xml (RunModel)" time="0.015" />
  <testcase classname="ptolemy.util.test.junit.AutoTests" name="[336] /home/travis/build/icyphy/ptII/ptolemy/actor/lib/test/auto/SetVariable4.xml (RunModel)" time="0.037" />
  <testcase classname="ptolemy.util.test.junit.AutoTests" name="[337] /home/travis/build/icyphy/ptII/ptolemy/actor/lib/test/auto/SetVariable5.xml (RunModel)" time="0.035" />
  <testcase classname="ptolemy.util.test.junit.AutoTests" name="[338] /home/travis/build/icyphy/ptII/ptolemy/actor/lib/test/auto/Sinewave.xml (RunModel)" time="0.023" />
  <testcase classname="ptolemy.util.test.junit.AutoTests" name="[339] /home/travis/build/icyphy/ptII/ptolemy/actor/lib/test/auto/Sinewave2.xml (RunModel)" time="0.016" />
  <testcase classname="ptolemy.util.test.junit.AutoTests" name="[340] /home/travis/build/icyphy/ptII/ptolemy/actor/lib/test/auto/Sinewave3.xml (RunModel)" time="0.019" />
  <testcase classname="ptolemy.util.test.junit.AutoTests" name="[341] /home/travis/build/icyphy/ptII/ptolemy/actor/lib/test/auto/SingleEvent.xml (RunModel)" time="0.007" />
  <testcase classname="ptolemy.util.test.junit.AutoTests" name="[342] /home/travis/build/icyphy/ptII/ptolemy/actor/lib/test/auto/Sleep.xml (RunModel)" time="6.018" />
  <testcase classname="ptolemy.util.test.junit.AutoTests" name="[343] /home/travis/build/icyphy/ptII/ptolemy/actor/lib/test/auto/SleepMultipleFire.xml (RunModel)" time="1.015" />
  <testcase classname="ptolemy.util.test.junit.AutoTests" name="[344] /home/travis/build/icyphy/ptII/ptolemy/actor/lib/test/auto/StopDE.xml (RunModel)" time="0.015" />
  <testcase classname="ptolemy.util.test.junit.AutoTests" name="[345] /home/travis/build/icyphy/ptII/ptolemy/actor/lib/test/auto/StopSDF.xml (RunModel)" time="0.013" />
  <testcase classname="ptolemy.util.test.junit.AutoTests" name="[346] /home/travis/build/icyphy/ptII/ptolemy/actor/lib/test/auto/StringConstant.xml (RunModel)" time="0.016" />
  <testcase classname="ptolemy.util.test.junit.AutoTests" name="[347] /home/travis/build/icyphy/ptII/ptolemy/actor/lib/test/auto/SubscriberPortInitialValues1.xml (RunModel)" time="0.024" />
  <testcase classname="ptolemy.util.test.junit.AutoTests" name="[348] /home/travis/build/icyphy/ptII/ptolemy/actor/lib/test/auto/SubscriberPortInitialValues13.xml (RunModel)" time="0.026" />
  <testcase classname="ptolemy.util.test.junit.AutoTests" name="[349] /home/travis/build/icyphy/ptII/ptolemy/actor/lib/test/auto/SubscriberPortInitialValues14.xml (RunModel)" time="0.013" />
  <testcase classname="ptolemy.util.test.junit.AutoTests" name="[350] /home/travis/build/icyphy/ptII/ptolemy/actor/lib/test/auto/SubscriberPortInitialValues2.xml (RunModel)" time="0.015" />
  <testcase classname="ptolemy.util.test.junit.AutoTests" name="[351] /home/travis/build/icyphy/ptII/ptolemy/actor/lib/test/auto/SubscriberPortInitialValues3.xml (RunModel)" time="0.017" />
  <testcase classname="ptolemy.util.test.junit.AutoTests" name="[352] /home/travis/build/icyphy/ptII/ptolemy/actor/lib/test/auto/SubscriptionAggregator.xml (RunModel)" time="0.011" />
  <testcase classname="ptolemy.util.test.junit.AutoTests" name="[353] /home/travis/build/icyphy/ptII/ptolemy/actor/lib/test/auto/SubscriptionAggregator2.xml (RunModel)" time="0.011" />
  <testcase classname="ptolemy.util.test.junit.AutoTests" name="[354] /home/travis/build/icyphy/ptII/ptolemy/actor/lib/test/auto/SubscriptionAggregator3.xml (RunModel)" time="0.015" />
  <testcase classname="ptolemy.util.test.junit.AutoTests" name="[355] /home/travis/build/icyphy/ptII/ptolemy/actor/lib/test/auto/SubscriptionAggregatorMultiply.xml (RunModel)" time="0.022" />
  <testcase classname="ptolemy.util.test.junit.AutoTests" name="[356] /home/travis/build/icyphy/ptII/ptolemy/actor/lib/test/auto/SubscriptionAggregatorPortMultiply1.xml (RunModel)" time="0.014" />
  <testcase classname="ptolemy.util.test.junit.AutoTests" name="[357] /home/travis/build/icyphy/ptII/ptolemy/actor/lib/test/auto/Switch.xml (RunModel)" time="0.041" />
  <testcase classname="ptolemy.util.test.junit.AutoTests" name="[358] /home/travis/build/icyphy/ptII/ptolemy/actor/lib/test/auto/Switch2.xml (RunModel)" time="0.011" />
  <testcase classname="ptolemy.util.test.junit.AutoTests" name="[359] /home/travis/build/icyphy/ptII/ptolemy/actor/lib/test/auto/SwitchDE.xml (RunModel)" time="0.014" />
  <testcase classname="ptolemy.util.test.junit.AutoTests" name="[360] /home/travis/build/icyphy/ptII/ptolemy/actor/lib/test/auto/SynchronizerDE.xml (RunModel)" time="0.026" />
  <testcase classname="ptolemy.util.test.junit.AutoTests" name="[361] /home/travis/build/icyphy/ptII/ptolemy/actor/lib/test/auto/Test.xml (RunModel)" time="0.017" />
  <testcase classname="ptolemy.util.test.junit.AutoTests" name="[362] /home/travis/build/icyphy/ptII/ptolemy/actor/lib/test/auto/TestExceptionAttribute1.xml (RunModel)" time="0.007" />
  <testcase classname="ptolemy.util.test.junit.AutoTests" name="[363] /home/travis/build/icyphy/ptII/ptolemy/actor/lib/test/auto/TestExceptionAttribute2.xml (RunModel)" time="0.007" />
  <testcase classname="ptolemy.util.test.junit.AutoTests" name="[364] /home/travis/build/icyphy/ptII/ptolemy/actor/lib/test/auto/TestExceptionAttribute3.xml (RunModel)" time="0.01" />
  <testcase classname="ptolemy.util.test.junit.AutoTests" name="[365] /home/travis/build/icyphy/ptII/ptolemy/actor/lib/test/auto/TestExceptionAttribute4.xml (RunModel)" time="0.008" />
  <testcase classname="ptolemy.util.test.junit.AutoTests" name="[366] /home/travis/build/icyphy/ptII/ptolemy/actor/lib/test/auto/TestExceptionHandler1.xml (RunModel)" time="0.007" />
  <testcase classname="ptolemy.util.test.junit.AutoTests" name="[367] /home/travis/build/icyphy/ptII/ptolemy/actor/lib/test/auto/TestExceptionHandler2.xml (RunModel)" time="0.01" />
  <testcase classname="ptolemy.util.test.junit.AutoTests" name="[368] /home/travis/build/icyphy/ptII/ptolemy/actor/lib/test/auto/TestExceptionHandler3.xml (RunModel)" time="0.005" />
  <testcase classname="ptolemy.util.test.junit.AutoTests" name="[369] /home/travis/build/icyphy/ptII/ptolemy/actor/lib/test/auto/TestExceptionHandler4.xml (RunModel)" time="0.006" />
  <testcase classname="ptolemy.util.test.junit.AutoTests" name="[370] /home/travis/build/icyphy/ptII/ptolemy/actor/lib/test/auto/TestRequireCorrectOrder.xml (RunModel)" time="0.012" />
  <testcase classname="ptolemy.util.test.junit.AutoTests" name="[371] /home/travis/build/icyphy/ptII/ptolemy/actor/lib/test/auto/TestSimple.xml (RunModel)" time="0.006" />
  <testcase classname="ptolemy.util.test.junit.AutoTests" name="[372] /home/travis/build/icyphy/ptII/ptolemy/actor/lib/test/auto/ThrowModelError.xml (RunModel)" time="0.01" />
  <testcase classname="ptolemy.util.test.junit.AutoTests" name="[373] /home/travis/build/icyphy/ptII/ptolemy/actor/lib/test/auto/TimeDelayMicrosteps.xml (RunModel)" time="0.012" />
  <testcase classname="ptolemy.util.test.junit.AutoTests" name="[374] /home/travis/build/icyphy/ptII/ptolemy/actor/lib/test/auto/TimeDelayMicrosteps2.xml (RunModel)" time="0.014" />
  <testcase classname="ptolemy.util.test.junit.AutoTests" name="[375] /home/travis/build/icyphy/ptII/ptolemy/actor/lib/test/auto/TimeDelayMicrosteps3.xml (RunModel)" time="0.012" />
  <testcase classname="ptolemy.util.test.junit.AutoTests" name="[376] /home/travis/build/icyphy/ptII/ptolemy/actor/lib/test/auto/TimeDelayVariableMicrosteps.xml (RunModel)" time="0.012" />
  <testcase classname="ptolemy.util.test.junit.AutoTests" name="[377] /home/travis/build/icyphy/ptII/ptolemy/actor/lib/test/auto/TimeGap.xml (RunModel)" time="0.02" />
  <testcase classname="ptolemy.util.test.junit.AutoTests" name="[378] /home/travis/build/icyphy/ptII/ptolemy/actor/lib/test/auto/TimeGap2.xml (RunModel)" time="0.011" />
  <testcase classname="ptolemy.util.test.junit.AutoTests" name="[379] /home/travis/build/icyphy/ptII/ptolemy/actor/lib/test/auto/TimedSinewave.xml (RunModel)" time="0.044" />
  <testcase classname="ptolemy.util.test.junit.AutoTests" name="[380] /home/travis/build/icyphy/ptII/ptolemy/actor/lib/test/auto/TimedSinewavePhase.xml (RunModel)" time="0.034" />
  <testcase classname="ptolemy.util.test.junit.AutoTests" name="[381] /home/travis/build/icyphy/ptII/ptolemy/actor/lib/test/auto/Timer.xml (RunModel)" time="0.015" />
  <testcase classname="ptolemy.util.test.junit.AutoTests" name="[382] /home/travis/build/icyphy/ptII/ptolemy/actor/lib/test/auto/TriangularDistTestModel.xml (RunModel)" time="0.017" />
  <testcase classname="ptolemy.util.test.junit.AutoTests" name="[383] /home/travis/build/icyphy/ptII/ptolemy/actor/lib/test/auto/TrigFunction.xml (RunModel)" time="0.008" />
  <testcase classname="ptolemy.util.test.junit.AutoTests" name="[384] /home/travis/build/icyphy/ptII/ptolemy/actor/lib/test/auto/TrigFunctionDE.xml (RunModel)" time="0.01" />
  <testcase classname="ptolemy.util.test.junit.AutoTests" name="[385] /home/travis/build/icyphy/ptII/ptolemy/actor/lib/test/auto/TrigFunctionInverse.xml (RunModel)" time="0.009" />
  <testcase classname="ptolemy.util.test.junit.AutoTests" name="[386] /home/travis/build/icyphy/ptII/ptolemy/actor/lib/test/auto/TrigFunctionTan.xml (RunModel)" time="0.005" />
  <testcase classname="ptolemy.util.test.junit.AutoTests" name="[387] /home/travis/build/icyphy/ptII/ptolemy/actor/lib/test/auto/TriggeredClock.xml (RunModel)" time="0.007" />
  <testcase classname="ptolemy.util.test.junit.AutoTests" name="[388] /home/travis/build/icyphy/ptII/ptolemy/actor/lib/test/auto/URLDirectoryReader.xml (RunModel)" time="0.114" />
  <testcase classname="ptolemy.util.test.junit.AutoTests" name="[389] /home/travis/build/icyphy/ptII/ptolemy/actor/lib/test/auto/URLDirectoryReader3.xml (RunModel)" time="1.723" />
  <testcase classname="ptolemy.util.test.junit.AutoTests" name="[390] /home/travis/build/icyphy/ptII/ptolemy/actor/lib/test/auto/UnaryMathFunction.xml (RunModel)" time="0.033" />
  <testcase classname="ptolemy.util.test.junit.AutoTests" name="[391] /home/travis/build/icyphy/ptII/ptolemy/actor/lib/test/auto/Uniform.xml (RunModel)" time="0.013" />
  <testcase classname="ptolemy.util.test.junit.AutoTests" name="[392] /home/travis/build/icyphy/ptII/ptolemy/actor/lib/test/auto/UnionDisassemblerTest.xml (RunModel)" time="0.019" />
  <testcase classname="ptolemy.util.test.junit.AutoTests" name="[393] /home/travis/build/icyphy/ptII/ptolemy/actor/lib/test/auto/UtilityFunctions.xml (RunModel)" time="0.011" />
  <testcase classname="ptolemy.util.test.junit.AutoTests" name="[394] /home/travis/build/icyphy/ptII/ptolemy/actor/lib/test/auto/VariableSleep.xml (RunModel)" time="0.512" />
  <testcase classname="ptolemy.util.test.junit.AutoTests" name="[395] /home/travis/build/icyphy/ptII/ptolemy/actor/lib/test/auto/VectorAssemblerDisassemblerCT.xml (RunModel)" time="0.105" />
  <testcase classname="ptolemy.util.test.junit.AutoTests" name="[396] /home/travis/build/icyphy/ptII/ptolemy/actor/lib/test/auto/VectorAssemblerDisassemblerDE.xml (RunModel)" time="0.012" />
  <testcase classname="ptolemy.util.test.junit.AutoTests" name="[397] /home/travis/build/icyphy/ptII/ptolemy/actor/lib/test/auto/VectorAssemblerDisassemblerSDF.xml (RunModel)" time="0.012" />
  <testcase classname="ptolemy.util.test.junit.AutoTests" name="[398] /home/travis/build/icyphy/ptII/ptolemy/actor/lib/test/auto/WallClockTime.xml (RunModel)" time="1.011" />
  <testcase classname="ptolemy.util.test.junit.AutoTests" name="[399] /home/travis/build/icyphy/ptII/ptolemy/actor/lib/test/auto/WidthTestWithSubscriberPublisher.xml (RunModel)" time="0.043" />
  <testcase classname="ptolemy.util.test.junit.AutoTests" name="[400] /home/travis/build/icyphy/ptII/ptolemy/actor/lib/test/auto/WidthTestWithSubscriberPublisher2.xml (RunModel)" time="0.013" />
  <testcase classname="ptolemy.util.test.junit.AutoTests" name="[401] /home/travis/build/icyphy/ptII/ptolemy/actor/lib/test/auto/WidthTestWithSubscriberPublisher3.xml (RunModel)" time="0.011" />
  <testcase classname="ptolemy.util.test.junit.AutoTests" name="[402] /home/travis/build/icyphy/ptII/ptolemy/actor/lib/test/auto/Writer.xml (RunModel)" time="0.007" />
  <testcase classname="ptolemy.util.test.junit.AutoTests" name="[403] /home/travis/build/icyphy/ptII/ptolemy/actor/lib/test/auto/array.xml (RunModel)" time="0.008" />
  <testcase classname="ptolemy.util.test.junit.AutoTests" name="[404] /home/travis/build/icyphy/ptII/ptolemy/actor/lib/test/auto/array2.xml (RunModel)" time="0.014" />
  <testcase classname="ptolemy.util.test.junit.AutoTests" name="[405] /home/travis/build/icyphy/ptII/ptolemy/actor/lib/test/auto/arrayType.xml (RunModel)" time="0.009" />
  <testcase classname="ptolemy.util.test.junit.AutoTests" name="[406] /home/travis/build/icyphy/ptII/ptolemy/actor/lib/test/auto/arrayType10.xml (RunModel)" time="0.009" />
  <testcase classname="ptolemy.util.test.junit.AutoTests" name="[407] /home/travis/build/icyphy/ptII/ptolemy/actor/lib/test/auto/arrayType11.xml (RunModel)" time="0.007" />
  <testcase classname="ptolemy.util.test.junit.AutoTests" name="[408] /home/travis/build/icyphy/ptII/ptolemy/actor/lib/test/auto/arrayType12.xml (RunModel)" time="0.009" />
  <testcase classname="ptolemy.util.test.junit.AutoTests" name="[409] /home/travis/build/icyphy/ptII/ptolemy/actor/lib/test/auto/arrayType13.xml (RunModel)" time="0.008" />
  <testcase classname="ptolemy.util.test.junit.AutoTests" name="[410] /home/travis/build/icyphy/ptII/ptolemy/actor/lib/test/auto/arrayType14.xml (RunModel)" time="0.008" />
  <testcase classname="ptolemy.util.test.junit.AutoTests" name="[411] /home/travis/build/icyphy/ptII/ptolemy/actor/lib/test/auto/arrayType15.xml (RunModel)" time="0.009" />
  <testcase classname="ptolemy.util.test.junit.AutoTests" name="[412] /home/travis/build/icyphy/ptII/ptolemy/actor/lib/test/auto/arrayType16.xml (RunModel)" time="0.008" />
  <testcase classname="ptolemy.util.test.junit.AutoTests" name="[413] /home/travis/build/icyphy/ptII/ptolemy/actor/lib/test/auto/arrayType17.xml (RunModel)" time="0.007" />
  <testcase classname="ptolemy.util.test.junit.AutoTests" name="[414] /home/travis/build/icyphy/ptII/ptolemy/actor/lib/test/auto/arrayType18.xml (RunModel)" time="0.008" />
  <testcase classname="ptolemy.util.test.junit.AutoTests" name="[415] /home/travis/build/icyphy/ptII/ptolemy/actor/lib/test/auto/arrayType19.xml (RunModel)" time="0.008" />
  <testcase classname="ptolemy.util.test.junit.AutoTests" name="[416] /home/travis/build/icyphy/ptII/ptolemy/actor/lib/test/auto/arrayType2.xml (RunModel)" time="0.008" />
  <testcase classname="ptolemy.util.test.junit.AutoTests" name="[417] /home/travis/build/icyphy/ptII/ptolemy/actor/lib/test/auto/arrayType20.xml (RunModel)" time="0.008" />
  <testcase classname="ptolemy.util.test.junit.AutoTests" name="[418] /home/travis/build/icyphy/ptII/ptolemy/actor/lib/test/auto/arrayType21.xml (RunModel)" time="0.008" />
  <testcase classname="ptolemy.util.test.junit.AutoTests" name="[419] /home/travis/build/icyphy/ptII/ptolemy/actor/lib/test/auto/arrayType22.xml (RunModel)" time="0.008" />
  <testcase classname="ptolemy.util.test.junit.AutoTests" name="[420] /home/travis/build/icyphy/ptII/ptolemy/actor/lib/test/auto/arrayType23.xml (RunModel)" time="0.007" />
  <testcase classname="ptolemy.util.test.junit.AutoTests" name="[421] /home/travis/build/icyphy/ptII/ptolemy/actor/lib/test/auto/arrayType24.xml (RunModel)" time="0.011" />
  <testcase classname="ptolemy.util.test.junit.AutoTests" name="[422] /home/travis/build/icyphy/ptII/ptolemy/actor/lib/test/auto/arrayType25.xml (RunModel)" time="0.008" />
  <testcase classname="ptolemy.util.test.junit.AutoTests" name="[423] /home/travis/build/icyphy/ptII/ptolemy/actor/lib/test/auto/arrayType26.xml (RunModel)" time="0.012" />
  <testcase classname="ptolemy.util.test.junit.AutoTests" name="[424] /home/travis/build/icyphy/ptII/ptolemy/actor/lib/test/auto/arrayType27.xml (RunModel)" time="0.008" />
  <testcase classname="ptolemy.util.test.junit.AutoTests" name="[425] /home/travis/build/icyphy/ptII/ptolemy/actor/lib/test/auto/arrayType28.xml (RunModel)" time="0.009" />
  <testcase classname="ptolemy.util.test.junit.AutoTests" name="[426] /home/travis/build/icyphy/ptII/ptolemy/actor/lib/test/auto/arrayType3.xml (RunModel)" time="0.01" />
  <testcase classname="ptolemy.util.test.junit.AutoTests" name="[427] /home/travis/build/icyphy/ptII/ptolemy/actor/lib/test/auto/arrayType4.xml (RunModel)" time="0.009" />
  <testcase classname="ptolemy.util.test.junit.AutoTests" name="[428] /home/travis/build/icyphy/ptII/ptolemy/actor/lib/test/auto/arrayType5.xml (RunModel)" time="0.008" />
  <testcase classname="ptolemy.util.test.junit.AutoTests" name="[429] /home/travis/build/icyphy/ptII/ptolemy/actor/lib/test/auto/arrayType6.xml (RunModel)" time="0.009" />
  <testcase classname="ptolemy.util.test.junit.AutoTests" name="[430] /home/travis/build/icyphy/ptII/ptolemy/actor/lib/test/auto/arrayType7.xml (RunModel)" time="0.012" />
  <testcase classname="ptolemy.util.test.junit.AutoTests" name="[431] /home/travis/build/icyphy/ptII/ptolemy/actor/lib/test/auto/arrayType8.xml (RunModel)" time="0.02" />
  <testcase classname="ptolemy.util.test.junit.AutoTests" name="[432] /home/travis/build/icyphy/ptII/ptolemy/actor/lib/test/auto/arrayType9.xml (RunModel)" time="0.008" />
  <testcase classname="ptolemy.util.test.junit.AutoTests" name="[433] /home/travis/build/icyphy/ptII/ptolemy/actor/lib/test/auto/cast.xml (RunModel)" time="0.008" />
  <testcase classname="ptolemy.util.test.junit.AutoTests" name="[434] /home/travis/build/icyphy/ptII/ptolemy/actor/lib/test/auto/compositeMultiPort.xml (RunModel)" time="0.034" />
  <testcase classname="ptolemy.util.test.junit.AutoTests" name="[435] /home/travis/build/icyphy/ptII/ptolemy/actor/lib/test/auto/expressionCastInference.xml (RunModel)" time="0.009" />
  <testcase classname="ptolemy.util.test.junit.AutoTests" name="[436] /home/travis/build/icyphy/ptII/ptolemy/actor/lib/test/auto/expressionCastInference2.xml (RunModel)" time="0.011" />
  <testcase classname="ptolemy.util.test.junit.AutoTests" name="[437] /home/travis/build/icyphy/ptII/ptolemy/actor/lib/test/auto/expressionInference.xml (RunModel)" time="0.006" />
  <testcase classname="ptolemy.util.test.junit.AutoTests" name="[438] /home/travis/build/icyphy/ptII/ptolemy/actor/lib/test/auto/expression_bug.xml (RunModel)" time="0.008" />
  <testcase classname="ptolemy.util.test.junit.AutoTests" name="[439] /home/travis/build/icyphy/ptII/ptolemy/actor/lib/test/auto/factorial.xml (RunModel)" time="0.044" />
  <testcase classname="ptolemy.util.test.junit.AutoTests" name="[440] /home/travis/build/icyphy/ptII/ptolemy/actor/lib/test/auto/filterTest1.xml (RunModel)" time="0.011" />
  <testcase classname="ptolemy.util.test.junit.AutoTests" name="[441] /home/travis/build/icyphy/ptII/ptolemy/actor/lib/test/auto/funcApplyInConst.xml (RunModel)" time="0.006" />
  <testcase classname="ptolemy.util.test.junit.AutoTests" name="[442] /home/travis/build/icyphy/ptII/ptolemy/actor/lib/test/auto/funcApplyInExpr.xml (RunModel)" time="0.005" />
  <testcase classname="ptolemy.util.test.junit.AutoTests" name="[443] /home/travis/build/icyphy/ptII/ptolemy/actor/lib/test/auto/function.xml (RunModel)" time="0.008" />
  <testcase classname="ptolemy.util.test.junit.AutoTests" name="[444] /home/travis/build/icyphy/ptII/ptolemy/actor/lib/test/auto/function2.xml (RunModel)" time="0.009" />
  <testcase classname="ptolemy.util.test.junit.AutoTests" name="[445] /home/travis/build/icyphy/ptII/ptolemy/actor/lib/test/auto/function3.xml (RunModel)" time="0.007" />
  <testcase classname="ptolemy.util.test.junit.AutoTests" name="[446] /home/travis/build/icyphy/ptII/ptolemy/actor/lib/test/auto/functionClosureTest1.xml (RunModel)" time="0.01" />
  <testcase classname="ptolemy.util.test.junit.AutoTests" name="[447] /home/travis/build/icyphy/ptII/ptolemy/actor/lib/test/auto/functionClosureTest2.xml (RunModel)" time="0.007" />
  <testcase classname="ptolemy.util.test.junit.AutoTests" name="[448] /home/travis/build/icyphy/ptII/ptolemy/actor/lib/test/auto/functionClosureTest3.xml (RunModel)" time="0.008" />
  <testcase classname="ptolemy.util.test.junit.AutoTests" name="[449] /home/travis/build/icyphy/ptII/ptolemy/actor/lib/test/auto/functionClosureTest4.xml (RunModel)" time="0.015" />
  <testcase classname="ptolemy.util.test.junit.AutoTests" name="[450] /home/travis/build/icyphy/ptII/ptolemy/actor/lib/test/auto/functionClosureTest5.xml (RunModel)" time="0.011" />
  <testcase classname="ptolemy.util.test.junit.AutoTests" name="[451] /home/travis/build/icyphy/ptII/ptolemy/actor/lib/test/auto/functionClosureTest6.xml (RunModel)" time="0.008" />
  <testcase classname="ptolemy.util.test.junit.AutoTests" name="[452] /home/travis/build/icyphy/ptII/ptolemy/actor/lib/test/auto/functionsOnArcs.xml (RunModel)" time="0.009" />
  <testcase classname="ptolemy.util.test.junit.AutoTests" name="[453] /home/travis/build/icyphy/ptII/ptolemy/actor/lib/test/auto/functionsOnArcsHOF.xml (RunModel)" time="0.011" />
  <testcase classname="ptolemy.util.test.junit.AutoTests" name="[454] /home/travis/build/icyphy/ptII/ptolemy/actor/lib/test/auto/logic.xml (RunModel)" time="0.016" />
  <testcase classname="ptolemy.util.test.junit.AutoTests" name="[455] /home/travis/build/icyphy/ptII/ptolemy/actor/lib/test/auto/matrixType.xml (RunModel)" time="0.008" />
  <testcase classname="ptolemy.util.test.junit.AutoTests" name="[456] /home/travis/build/icyphy/ptII/ptolemy/actor/lib/test/auto/matrixType10.xml (RunModel)" time="0.008" />
  <testcase classname="ptolemy.util.test.junit.AutoTests" name="[457] /home/travis/build/icyphy/ptII/ptolemy/actor/lib/test/auto/matrixType11.xml (RunModel)" time="0.007" />
  <testcase classname="ptolemy.util.test.junit.AutoTests" name="[458] /home/travis/build/icyphy/ptII/ptolemy/actor/lib/test/auto/matrixType12.xml (RunModel)" time="0.01" />
  <testcase classname="ptolemy.util.test.junit.AutoTests" name="[459] /home/travis/build/icyphy/ptII/ptolemy/actor/lib/test/auto/matrixType13.xml (RunModel)" time="0.007" />
  <testcase classname="ptolemy.util.test.junit.AutoTests" name="[460] /home/travis/build/icyphy/ptII/ptolemy/actor/lib/test/auto/matrixType14.xml (RunModel)" time="0.009" />
  <testcase classname="ptolemy.util.test.junit.AutoTests" name="[461] /home/travis/build/icyphy/ptII/ptolemy/actor/lib/test/auto/matrixType2.xml (RunModel)" time="0.009" />
  <testcase classname="ptolemy.util.test.junit.AutoTests" name="[462] /home/travis/build/icyphy/ptII/ptolemy/actor/lib/test/auto/matrixType3.xml (RunModel)" time="0.009" />
  <testcase classname="ptolemy.util.test.junit.AutoTests" name="[463] /home/travis/build/icyphy/ptII/ptolemy/actor/lib/test/auto/matrixType4.xml (RunModel)" time="0.008" />
  <testcase classname="ptolemy.util.test.junit.AutoTests" name="[464] /home/travis/build/icyphy/ptII/ptolemy/actor/lib/test/auto/matrixType5.xml (RunModel)" time="0.009" />
  <testcase classname="ptolemy.util.test.junit.AutoTests" name="[465] /home/travis/build/icyphy/ptII/ptolemy/actor/lib/test/auto/matrixType6.xml (RunModel)" time="0.007" />
  <testcase classname="ptolemy.util.test.junit.AutoTests" name="[466] /home/travis/build/icyphy/ptII/ptolemy/actor/lib/test/auto/matrixType7.xml (RunModel)" time="0.009" />
  <testcase classname="ptolemy.util.test.junit.AutoTests" name="[467] /home/travis/build/icyphy/ptII/ptolemy/actor/lib/test/auto/matrixType8.xml (RunModel)" time="0.009" />
  <testcase classname="ptolemy.util.test.junit.AutoTests" name="[468] /home/travis/build/icyphy/ptII/ptolemy/actor/lib/test/auto/matrixType9.xml (RunModel)" time="0.009" />
  <testcase classname="ptolemy.util.test.junit.AutoTests" name="[469] /home/travis/build/icyphy/ptII/ptolemy/actor/lib/test/auto/paraFunctest.xml (RunModel)" time="0.007" />
  <testcase classname="ptolemy.util.test.junit.AutoTests" name="[470] /home/travis/build/icyphy/ptII/ptolemy/actor/lib/test/auto/paraFunctest2.xml (RunModel)" time="0.012" />
  <testcase classname="ptolemy.util.test.junit.AutoTests" name="[471] /home/travis/build/icyphy/ptII/ptolemy/actor/lib/test/auto/parameterPassing.xml (RunModel)" time="0.007" />
  <testcase classname="ptolemy.util.test.junit.AutoTests" name="[472] /home/travis/build/icyphy/ptII/ptolemy/actor/lib/test/auto/record.xml (RunModel)" time="0.008" />
  <testcase classname="ptolemy.util.test.junit.AutoTests" name="[473] /home/travis/build/icyphy/ptII/ptolemy/actor/lib/test/auto/sizedarray1.xml (RunModel)" time="0.01" />
  <testcase classname="ptolemy.util.test.junit.AutoTests" name="[474] /home/travis/build/icyphy/ptII/ptolemy/actor/lib/test/auto/sizedarray2.xml (RunModel)" time="0.009" />
  <testcase classname="ptolemy.util.test.junit.AutoTests" name="[475] /home/travis/build/icyphy/ptII/ptolemy/actor/lib/test/auto/twoPublishers.xml (RunModel)" time="0.024" />
  <system-out><![CDATA[/home/travis/build/icyphy/ptII/ptolemy/actor/lib/test/AbsoluteValue.tcl
testDefs.tcl: setting time out to 9000 seconds at Sat Mar 21 17:46:00 UTC 2020
105 ms. Memory: 129024K Free: 93128K (72%)
4 ms. Memory: 129024K Free: 91080K (71%)
5 ms. Memory: 129024K Free: 90559K (70%)
5 ms. Memory: 129024K Free: 89527K (69%)
/home/travis/build/icyphy/ptII/ptolemy/actor/lib/test/AddSubtract.tcl
10 ms. Memory: 129024K Free: 87494K (68%)
6 ms. Memory: 129024K Free: 86984K (67%)
6 ms. Memory: 129024K Free: 85960K (67%)
8 ms. Memory: 129024K Free: 85439K (66%)
43 ms. Memory: 129024K Free: 82374K (64%)
9 ms. Memory: 129024K Free: 81350K (63%)
/home/travis/build/icyphy/ptII/ptolemy/actor/lib/test/Average.tcl
15 ms. Memory: 129024K Free: 79816K (62%)
6 ms. Memory: 129024K Free: 78792K (61%)
/home/travis/build/icyphy/ptII/ptolemy/actor/lib/test/Bernoulli.tcl
4 ms. Memory: 129024K Free: 77239K (60%)
2 ms. Memory: 129024K Free: 76744K (59%)
/home/travis/build/icyphy/ptII/ptolemy/actor/lib/test/Clock.tcl
preinitializing
resolving types
initializing
executing number 1
wrapping up
idle
31 ms. Memory: 129024K Free: 74182K (57%)
Completed execution with 5 iterations
preinitializing
resolving types
initializing
executing number 1
wrapping up
idle
7 ms. Memory: 129024K Free: 73127K (57%)
Completed execution with 5 iterations
preinitializing
resolving types
initializing
executing number 1
wrapping up
idle
4 ms. Memory: 129024K Free: 72648K (56%)
Completed execution with 5 iterations
/home/travis/build/icyphy/ptII/ptolemy/actor/lib/test/Commutator.tcl
6 ms. Memory: 129024K Free: 70600K (55%)
6 ms. Memory: 129024K Free: 69576K (54%)
9 ms. Memory: 129024K Free: 63911K (50%)
/home/travis/build/icyphy/ptII/ptolemy/actor/lib/test/Const.tcl
12 ms. Memory: 129024K Free: 62408K (48%)
2 ms. Memory: 129024K Free: 61879K (48%)
3 ms. Memory: 129024K Free: 61384K (48%)
6 ms. Memory: 129024K Free: 60863K (47%)
10 ms. Memory: 129024K Free: 60360K (47%)
23 ms. Memory: 129024K Free: 58822K (46%)
8 ms. Memory: 129024K Free: 57288K (44%)
12 ms. Memory: 129024K Free: 56767K (44%)
/home/travis/build/icyphy/ptII/ptolemy/actor/lib/test/CurrentTime.tcl
preinitializing
resolving types
initializing
executing number 1
wrapping up
idle
10 ms. Memory: 129024K Free: 54711K (42%)
Completed execution with 11 iterations
/home/travis/build/icyphy/ptII/ptolemy/actor/lib/test/DB.tcl
6 ms. Memory: 129024K Free: 53192K (41%)
2 ms. Memory: 129024K Free: 52677K (41%)
2 ms. Memory: 129024K Free: 52168K (40%)
/home/travis/build/icyphy/ptII/ptolemy/actor/lib/test/DiscreteRandomSource.tcl
preinitializing
resolving types
initializing
executing number 1
wrapping up
idle
4 ms. Memory: 129024K Free: 50615K (39%)
Completed execution with 4 iterations
preinitializing
resolving types
initializing
executing number 1
wrapping up
idle
3 ms. Memory: 129024K Free: 50120K (39%)
Completed execution with 4 iterations
preinitializing
resolving types
initializing
executing number 1
wrapping up
idle
2 ms. Memory: 129024K Free: 49606K (38%)
Completed execution with 4 iterations
preinitializing
resolving types
initializing
executing number 1
wrapping up
idle
2 ms. Memory: 129024K Free: 49096K (38%)
Completed execution with 4 iterations
preinitializing
resolving types
initializing
executing number 1
wrapping up
idle
4 ms. Memory: 129024K Free: 48582K (38%)
Completed execution with 4 iterations
/home/travis/build/icyphy/ptII/ptolemy/actor/lib/test/Distributor.tcl
30 ms. Memory: 129024K Free: 113442K (88%)
13 ms. Memory: 129024K Free: 112521K (87%)
StreamChangeRequest.changeExecuted(): <deleteEntity name="rec2"/> succeeded
StreamChangeRequest.changeExecuted(): <deleteRelation name="r2"/> succeeded
StreamChangeRequest.changeExecuted(): Record firings per iteration succeeded
5 ms. Memory: 129024K Free: 110370K (86%)
/home/travis/build/icyphy/ptII/ptolemy/actor/lib/test/Exit.tcl
Exit.tcl: this will print a message about Manager.exitAfterWrapup, which can be ignored.
4 ms. Memory: 129024K Free: 107371K (83%)
/home/travis/build/icyphy/ptII/ptolemy/actor/lib/test/Expression.tcl
18 ms. Memory: 129024K Free: 103780K (80%)
17 ms. Memory: 129024K Free: 103320K (80%)
3 ms. Memory: 129024K Free: 102296K (79%)
preinitializing
resolving types
initializing
executing number 1
wrapping up
idle
6 ms. Memory: 129024K Free: 101154K (78%)
Completed execution with 6 iterations
2 ms. Memory: 129024K Free: 100248K (78%)
7 ms. Memory: 129024K Free: 99224K (77%)
8 ms. Memory: 129024K Free: 98170K (76%)
6 ms. Memory: 129024K Free: 97058K (75%)
6 ms. Memory: 129024K Free: 95558K (74%)
/home/travis/build/icyphy/ptII/ptolemy/actor/lib/test/Gaussian.tcl
11 ms. Memory: 129024K Free: 94090K (73%)
sleeping 1 seconds: .................................................................................................................................................................................................................................................................................................................................................................................................................................................................................................................................3 ms. Memory: 129024K Free: 112936K (88%)
1 ms. Memory: 129024K Free: 112422K (87%)
1 ms. Memory: 129024K Free: 111384K (86%)
2 ms. Memory: 129024K Free: 110888K (86%)
2 ms. Memory: 129024K Free: 110368K (86%)
/home/travis/build/icyphy/ptII/ptolemy/actor/lib/test/IIR.tcl
/home/travis/build/icyphy/ptII/ptolemy/actor/lib/test/Interpolator.tcl
4 ms. Memory: 129024K Free: 106792K (83%)
2 ms. Memory: 129024K Free: 106278K (82%)
2 ms. Memory: 129024K Free: 105768K (82%)
2 ms. Memory: 129024K Free: 104744K (81%)
2 ms. Memory: 129024K Free: 104216K (81%)
2 ms. Memory: 129024K Free: 103192K (80%)
2 ms. Memory: 129024K Free: 102182K (79%)
2 ms. Memory: 129024K Free: 101672K (79%)
2 ms. Memory: 129024K Free: 100648K (78%)
2 ms. Memory: 129024K Free: 99624K (77%)
/home/travis/build/icyphy/ptII/ptolemy/actor/lib/test/MathFunction.tcl
4 ms. Memory: 129024K Free: 97576K (76%)
2 ms. Memory: 129024K Free: 96552K (75%)
2 ms. Memory: 129024K Free: 95528K (74%)
2 ms. Memory: 129024K Free: 94504K (73%)
9 ms. Memory: 129024K Free: 93480K (72%)
8 ms. Memory: 129024K Free: 91432K (71%)
/home/travis/build/icyphy/ptII/ptolemy/actor/lib/test/Maximum.tcl
6 ms. Memory: 129024K Free: 89384K (69%)
8 ms. Memory: 129024K Free: 88856K (69%)
5 ms. Memory: 129024K Free: 88360K (68%)
5 ms. Memory: 129024K Free: 87336K (68%)
/home/travis/build/icyphy/ptII/ptolemy/actor/lib/test/Minimum.tcl
7 ms. Memory: 129024K Free: 85792K (66%)
3 ms. Memory: 129024K Free: 85288K (66%)
5 ms. Memory: 129024K Free: 84774K (66%)
3 ms. Memory: 129024K Free: 83750K (65%)
/home/travis/build/icyphy/ptII/ptolemy/actor/lib/test/MultiplyDivide.tcl
4 ms. Memory: 129024K Free: 81702K (63%)
7 ms. Memory: 129024K Free: 81192K (63%)
4 ms. Memory: 129024K Free: 80664K (63%)
4 ms. Memory: 129024K Free: 79654K (62%)
5 ms. Memory: 129024K Free: 79144K (61%)
/home/travis/build/icyphy/ptII/ptolemy/actor/lib/test/OrderedMerge.tcl
Connections changed on port: inputA
Connections changed on port: inputB
Connections changed on port: output
Connections changed on port: output
Connections changed on port: output
Connections changed on port: input
.top. Preinitializing ...
Invoking preinitialize():  .top.OrderedMerge
Called preinitialize()
Invoking preinitialize():  .top.Ramp
Called preinitialize()
Invoking preinitialize():  .top.Ramp2
Called preinitialize()
Invoking preinitialize():  .top.Test
Called preinitialize()
Connections changed on port: inputA
Connections changed on port: output
Connections changed on port: output
Connections changed on port: input
Connections changed on port: inputB
Connections changed on port: output
.top. Finished preinitialize().
Called initialize().
Invoking initialize():  .top.OrderedMerge
Initializing actor: .top.OrderedMerge
Adding a thread: .top.OrderedMerge
Invoking initialize():  .top.Ramp
Initializing actor: .top.Ramp
Adding a thread: .top.Ramp
Invoking initialize():  .top.Ramp2
Initializing actor: .top.Ramp2
Adding a thread: .top.Ramp2
Invoking initialize():  .top.Test
Initializing actor: .top.Test
Adding a thread: .top.Test
Called fire().
Checking for deadlock:
-- Starting thread.
Called initialize()
Called prefire()
Called fire()
-- Starting thread.
Called initialize()
Called prefire()
Called fire()
-- Starting thread.
Called initialize()
Called prefire()
Called fire()
-- Starting thread.
Called initialize()
Called prefire()
Called fire()
There are 0 Blocked actors, 0 Stopped actors, and 4 active threads.
Waiting for actors to stop.
Called postfire()
Called prefire()
Called fire()
Called postfire()
Called prefire()
Called fire()
Read input token from inputA with value 0.0
Next port to read input from is inputB
Called postfire()
Called prefire()
Called fire()
Read input token from inputB with value 0.0
Sent output token with value 0.0
Next port to read input from is inputA
Called postfire()
Called prefire()
Called fire()
Checking for deadlock:
There are 1 Blocked actors, 0 Stopped actors, and 4 active threads.
Waiting for actors to stop.
Called postfire()
Called prefire()
Called fire()
Called postfire()
Called prefire()
Called fire()
-- Read input: 0.0, which is expected to match: 0.0
Called prefire()
Called fire()
Checking for deadlock:
There are 3 Blocked actors, 0 Stopped actors, and 4 active threads.
Waiting for actors to stop.
Called postfire()
Called prefire()
Called fire()
Read input token from inputA with value 1.0
Sent output token with value 0.0
Next port to read input from is inputB
Called postfire()
Called prefire()
Called fire()
Read input token from inputB with value 1.5
Checking for deadlock:
There are 2 Blocked actors, 0 Stopped actors, and 4 active threads.
Waiting for actors to stop.
Called postfire()
Called prefire()
Called fire()
-- Read input: 0.0, which is expected to match: 0.0
Called prefire()
Called fire()
Checking for deadlock:
There are 3 Blocked actors, 0 Stopped actors, and 4 active threads.
Waiting for actors to stop.
-- Read input: 1.0, which is expected to match: 1.0
Called prefire()
Called fire()
Sent output token with value 1.0
Next port to read input from is inputA
Called postfire()
Called prefire()
Called fire()
Read input token from inputA with value 2.0
Sent output token with value 1.5
Next port to read input from is inputB
Called postfire()
Called prefire()
Called fire()
Read input token from inputB with value 3.0
Checking for deadlock:
There are 1 Blocked actors, 0 Stopped actors, and 4 active threads.
Waiting for actors to stop.
Called postfire()
Called prefire()
Called fire()
Called postfire()
Called prefire()
Called fire()
-- Read input: 1.5, which is expected to match: 1.5
Called prefire()
Called fire()
Checking for deadlock:
There are 3 Blocked actors, 0 Stopped actors, and 4 active threads.
Waiting for actors to stop.
-- Read input: 2.0, which is expected to match: 2.0
Called prefire()
Called fire()
Sent output token with value 2.0
Next port to read input from is inputA
Called postfire()
Called prefire()
Called fire()
Read input token from inputA with value 3.0
Sent output token with value 3.0
Next port to read input from is inputB
Called postfire()
Called prefire()
Called fire()
Read input token from inputB with value 4.5
Checking for deadlock:
There are 1 Blocked actors, 0 Stopped actors, and 4 active threads.
Waiting for actors to stop.
Called postfire()
Called prefire()
Called fire()
Called postfire()
Called prefire()
Called fire()
-- Read input: 3.0, which is expected to match: 3.0
Called prefire()
Called fire()
Checking for deadlock:
There are 3 Blocked actors, 0 Stopped actors, and 4 active threads.
Waiting for actors to stop.
-- Read input: 3.0, which is expected to match: 3.0
Called prefire()
Called fire()
Sent output token with value 3.0
Next port to read input from is inputA
Called postfire()
Called prefire()
Called fire()
Read input token from inputA with value 4.0
Sent output token with value 4.0
Next port to read input from is inputA
Called postfire()
Called prefire()
Called fire()
Checking for deadlock:
There are 2 Blocked actors, 0 Stopped actors, and 4 active threads.
Waiting for actors to stop.
Called postfire()
Called prefire()
Called fire()
-- Read input: 4.0, which is expected to match: 4.0
Called prefire()
Called fire()
Past the end of training data. Read and discard all inputs.
Checking for deadlock:
There are 3 Blocked actors, 0 Stopped actors, and 4 active threads.
Waiting for actors to stop.
Called postfire()
Called prefire()
Called fire()
Checking for deadlock:
There are 3 Blocked actors, 0 Stopped actors, and 4 active threads.
Waiting for actors to stop.
Read input token from inputA with value 5.0
Called prefire()
Called fire()
Past the end of training data. Read and discard all inputs.
Checking for deadlock:
There are 3 Blocked actors, 0 Stopped actors, and 4 active threads.
Waiting for actors to stop.
Sent output token with value 4.5
Next port to read input from is inputB
Called postfire()
Called prefire()
Called fire()
Called postfire()
Called prefire()
Called fire()
Checking for deadlock:
There are 3 Blocked actors, 0 Stopped actors, and 4 active threads.
Waiting for actors to stop.
Read input token from inputB with value 6.0
Called prefire()
Called fire()
Past the end of training data. Read and discard all inputs.
Checking for deadlock:
There are 3 Blocked actors, 0 Stopped actors, and 4 active threads.
Waiting for actors to stop.
Sent output token with value 5.0
Next port to read input from is inputA
Called postfire()
Called prefire()
Called fire()
Checking for deadlock:
There are 2 Blocked actors, 0 Stopped actors, and 4 active threads.
Waiting for actors to stop.
Called postfire()
Called prefire()
Called fire()
Checking for deadlock:
There are 3 Blocked actors, 0 Stopped actors, and 4 active threads.
Waiting for actors to stop.
Read input token from inputA with value 6.0
Checking for deadlock:
There are 2 Blocked actors, 0 Stopped actors, and 4 active threads.
Waiting for actors to stop.
Called prefire()
Called fire()
Past the end of training data. Read and discard all inputs.
Checking for deadlock:
There are 3 Blocked actors, 0 Stopped actors, and 4 active threads.
Waiting for actors to stop.
Sent output token with value 6.0
Next port to read input from is inputB
Called postfire()
Called prefire()
Called fire()
Called postfire()
Called prefire()
Called fire()
Checking for deadlock:
There are 3 Blocked actors, 0 Stopped actors, and 4 active threads.
Waiting for actors to stop.
Read input token from inputB with value 7.5
Called prefire()
Called fire()
Past the end of training data. Read and discard all inputs.
Checking for deadlock:
There are 3 Blocked actors, 0 Stopped actors, and 4 active threads.
Waiting for actors to stop.
Sent output token with value 6.0
Next port to read input from is inputA
Called postfire()
Called prefire()
Called fire()
Checking for deadlock:
There are 2 Blocked actors, 0 Stopped actors, and 4 active threads.
Waiting for actors to stop.
Called postfire()
Called prefire()
Called fire()
Checking for deadlock:
There are 3 Blocked actors, 0 Stopped actors, and 4 active threads.
Waiting for actors to stop.
Read input token from inputA with value 7.0
Checking for deadlock:
There are 2 Blocked actors, 0 Stopped actors, and 4 active threads.
Waiting for actors to stop.
Called prefire()
Called fire()
Past the end of training data. Read and discard all inputs.
Checking for deadlock:
There are 3 Blocked actors, 0 Stopped actors, and 4 active threads.
Waiting for actors to stop.
Sent output token with value 7.0
Next port to read input from is inputA
Called postfire()
Called prefire()
Called fire()
Checking for deadlock:
There are 2 Blocked actors, 0 Stopped actors, and 4 active threads.
Waiting for actors to stop.
-- Thread wrapup() called.
Called wrapup()
Thread .top.Ramp is exiting.
-- Thread stopped.
Checking for deadlock:
There are 2 Blocked actors, 0 Stopped actors, and 3 active threads.
Waiting for actors to stop.
Read input token from inputA with value 8.0
Called prefire()
Called fire()
Past the end of training data. Read and discard all inputs.
Checking for deadlock:
There are 2 Blocked actors, 0 Stopped actors, and 3 active threads.
Waiting for actors to stop.
Sent output token with value 7.5
Next port to read input from is inputB
Called postfire()
Called prefire()
Called fire()
Checking for deadlock:
There are 1 Blocked actors, 0 Stopped actors, and 3 active threads.
Waiting for actors to stop.
Called postfire()
Called prefire()
Called fire()
Checking for deadlock:
There are 2 Blocked actors, 0 Stopped actors, and 3 active threads.
Waiting for actors to stop.
Read input token from inputB with value 9.0
Checking for deadlock:
There are 1 Blocked actors, 0 Stopped actors, and 3 active threads.
Waiting for actors to stop.
Called prefire()
Called fire()
Past the end of training data. Read and discard all inputs.
Checking for deadlock:
There are 2 Blocked actors, 0 Stopped actors, and 3 active threads.
Waiting for actors to stop.
Sent output token with value 8.0
Next port to read input from is inputA
Called postfire()
Called prefire()
Called fire()
Read input token from inputA with value 9.0
Called prefire()
Called fire()
Past the end of training data. Read and discard all inputs.
Checking for deadlock:
There are 2 Blocked actors, 0 Stopped actors, and 3 active threads.
Waiting for actors to stop.
Sent output token with value 9.0
Next port to read input from is inputB
Called postfire()
Called prefire()
Called fire()
Called postfire()
Called prefire()
Called fire()
Checking for deadlock:
There are 2 Blocked actors, 0 Stopped actors, and 3 active threads.
Waiting for actors to stop.
Read input token from inputB with value 10.5
Called prefire()
Called fire()
Past the end of training data. Read and discard all inputs.
Checking for deadlock:
There are 2 Blocked actors, 0 Stopped actors, and 3 active threads.
Waiting for actors to stop.
Sent output token with value 9.0
Next port to read input from is inputA
Called postfire()
Called prefire()
Called fire()
Checking for deadlock:
There are 3 Blocked actors, 0 Stopped actors, and 3 active threads.
Actors have stopped.
Checking for deadlock:
There are 3 Blocked actors, 0 Stopped actors, and 3 active threads.
Deadlock detected.
Resolving Deadlock
Checking for deadlock:
There are 3 Blocked actors, 0 Stopped actors, and 3 active threads.
Artificial Deadlock - increasing queue capacity.
increasing the capacity of receiver ptolemy.actor.TypedIOPort {.top.OrderedMerge.inputB} to 2
-- Thread wrapup() called.
Called wrapup()
Thread .top.Ramp2 is exiting.
-- Thread stopped.
Director: Called postfire().
Called postfire().
_stopRequested = false
_stopFireRequested = false
Returning from postfire(): true
Called fire().
Checking for deadlock:
There are 2 Blocked actors, 0 Stopped actors, and 2 active threads.
Actors have stopped.
Checking for deadlock:
There are 2 Blocked actors, 0 Stopped actors, and 2 active threads.
Deadlock detected.
Resolving Deadlock
Checking for deadlock:
There are 2 Blocked actors, 0 Stopped actors, and 2 active threads.
Deadlock detected: no processes blocked on write, but some are blocked on read.
Called postfire().
_stopRequested = false
_stopFireRequested = false
Returning from postfire(): false
Finished deactivating branches.
Called wrapup().
-- Thread wrapup() called.
Called wrapup()
Thread .top.Test is exiting.
-- Thread stopped.
-- Blocked Receiver call threw TerminateProcessException.
-- Thread wrapup() called.
Called wrapup()
Thread .top.OrderedMerge is exiting.
-- Thread stopped.
-- Blocked Receiver call threw TerminateProcessException.
83 ms. Memory: 129024K Free: 109386K (85%)
.top. Preinitializing ...
Invoking preinitialize():  .top.OrderedMerge
Called preinitialize()
Invoking preinitialize():  .top.Ramp
Called preinitialize()
Invoking preinitialize():  .top.Ramp2
Called preinitialize()
Invoking preinitialize():  .top.Test
Called preinitialize()
.top. Finished preinitialize().
Called initialize().
Invoking initialize():  .top.OrderedMerge
Initializing actor: .top.OrderedMerge
Adding a thread: .top.OrderedMerge
Invoking initialize():  .top.Ramp
Initializing actor: .top.Ramp
Adding a thread: .top.Ramp
Invoking initialize():  .top.Ramp2
Initializing actor: .top.Ramp2
Adding a thread: .top.Ramp2
Invoking initialize():  .top.Test
Initializing actor: .top.Test
Adding a thread: .top.Test
-- Starting thread.
Called initialize()
Called prefire()
Called fire()
-- Starting thread.
Called initialize()
Called prefire()
Called fire()
Called postfire()
Called prefire()
Called fire()
-- Starting thread.
Called initialize()
Called fire().
Checking for deadlock:
There are 2 Blocked actors, 0 Stopped actors, and 4 active threads.
Waiting for actors to stop.
-- Starting thread.
Called prefire()
Called fire()
Called initialize()
Called prefire()
Called fire()
Checking for deadlock:
There are 2 Blocked actors, 0 Stopped actors, and 4 active threads.
Waiting for actors to stop.
Read input token from inputA with value 0.0
Next port to read input from is inputB
Called postfire()
Called postfire()
Called prefire()
Called prefire()
Called fire()
Called fire()
Checking for deadlock:
There are 1 Blocked actors, 0 Stopped actors, and 4 active threads.
Waiting for actors to stop.
Read input token from inputB with value 0.0
Called postfire()
Checking for deadlock:
There are 0 Blocked actors, 0 Stopped actors, and 4 active threads.
Waiting for actors to stop.
Sent output token with value 0.0
Next port to read input from is inputA
Called postfire()
-- Read input: 0.0, which is expected to match: 0.0
Called prefire()
Called fire()
Called prefire()
Called fire()
Checking for deadlock:
Read input token from inputA with value 1.0
There are 1 Blocked actors, 0 Stopped actors, and 4 active threads.
Waiting for actors to stop.
Sent output token with value 0.0
Next port to read input from is inputB
Called postfire()
Called prefire()
Called fire()
Read input token from inputB with value 1.5
-- Read input: 0.0, which is expected to match: 0.0
Called prefire()
Called fire()
Checking for deadlock:
There are 1 Blocked actors, 0 Stopped actors, and 4 active threads.
Waiting for actors to stop.
Checking for deadlock:
Sent output token with value 1.0
-- Read input: 1.0, which is expected to match: 1.0
There are 0 Blocked actors, 0 Stopped actors, and 4 active threads.
Waiting for actors to stop.
Called prefire()
Called fire()
Checking for deadlock:
Next port to read input from is inputA
Called postfire()
Called prefire()
Called fire()
There are 1 Blocked actors, 0 Stopped actors, and 4 active threads.
Waiting for actors to stop.
Checking for deadlock:
There are 2 Blocked actors, 0 Stopped actors, and 4 active threads.
Waiting for actors to stop.
Called prefire()
Called fire()
Called postfire()
Called prefire()
Called fire()
Checking for deadlock:
There are 3 Blocked actors, 0 Stopped actors, and 4 active threads.
Waiting for actors to stop.
Called postfire()
Called prefire()
Called fire()
Checking for deadlock:
There are 2 Blocked actors, 0 Stopped actors, and 4 active threads.
Waiting for actors to stop.
Read input token from inputA with value 2.0
Sent output token with value 1.5
Next port to read input from is inputB
Called postfire()
Called prefire()
Called fire()
Read input token from inputB with value 3.0
-- Read input: 1.5, which is expected to match: 1.5
Called prefire()
Called fire()
Checking for deadlock:
There are 1 Blocked actors, 0 Stopped actors, and 4 active threads.
Waiting for actors to stop.
Called postfire()
Checking for deadlock:
There are 0 Blocked actors, 0 Stopped actors, and 4 active threads.
Waiting for actors to stop.
-- Read input: 2.0, which is expected to match: 2.0
Sent output token with value 2.0
Called prefire()
Called fire()
Checking for deadlock:
There are 1 Blocked actors, 0 Stopped actors, and 4 active threads.
Next port to read input from is inputA
Called postfire()
Waiting for actors to stop.
Called prefire()
Called prefire()
Called fire()
Called fire()
Checking for deadlock:
There are 3 Blocked actors, 0 Stopped actors, and 4 active threads.
Waiting for actors to stop.
Called postfire()
Called prefire()
Called fire()
Checking for deadlock:
There are 2 Blocked actors, 0 Stopped actors, and 4 active threads.
Read input token from inputA with value 3.0
Waiting for actors to stop.
Sent output token with value 3.0
Next port to read input from is inputB
Called postfire()
Called prefire()
Called fire()
Read input token from inputB with value 4.5
-- Read input: 3.0, which is expected to match: 3.0
Called prefire()
Called fire()
Checking for deadlock:
There are 1 Blocked actors, 0 Stopped actors, and 4 active threads.
Waiting for actors to stop.
Called postfire()
Checking for deadlock:
There are 0 Blocked actors, 0 Stopped actors, and 4 active threads.
Waiting for actors to stop.
-- Read input: 3.0, which is expected to match: 3.0
Sent output token with value 3.0
Called prefire()
Called fire()
Checking for deadlock:
Next port to read input from is inputA
There are 1 Blocked actors, 0 Stopped actors, and 4 active threads.
Called postfire()
Waiting for actors to stop.
Called prefire()
Called fire()
Called prefire()
Called fire()
Checking for deadlock:
There are 2 Blocked actors, 0 Stopped actors, and 4 active threads.
Waiting for actors to stop.
Checking for deadlock:
There are 3 Blocked actors, 0 Stopped actors, and 4 active threads.
Waiting for actors to stop.
Called postfire()
Called prefire()
Called fire()
Checking for deadlock:
There are 2 Blocked actors, 0 Stopped actors, and 4 active threads.
Waiting for actors to stop.
Called postfire()
Read input token from inputA with value 4.0
Sent output token with value 4.0
Next port to read input from is inputA
Called postfire()
-- Read input: 4.0, which is expected to match: 4.0
Called prefire()
Called fire()
Past the end of training data. Read and discard all inputs.
Checking for deadlock:
There are 2 Blocked actors, 0 Stopped actors, and 4 active threads.
Waiting for actors to stop.
Called prefire()
Called prefire()
Called fire()
Called fire()
Checking for deadlock:
There are 2 Blocked actors, 0 Stopped actors, and 4 active threads.
Waiting for actors to stop.
Read input token from inputA with value 5.0
Called postfire()
Called prefire()
Checking for deadlock:
Sent output token with value 4.5
Called prefire()
Called fire()
There are 1 Blocked actors, 0 Stopped actors, and 4 active threads.
Waiting for actors to stop.
Past the end of training data. Read and discard all inputs.
Checking for deadlock:
There are 2 Blocked actors, 0 Stopped actors, and 4 active threads.
Next port to read input from is inputB
Called postfire()
Waiting for actors to stop.
Called prefire()
Called fire()
Called fire()
Checking for deadlock:
There are 1 Blocked actors, 0 Stopped actors, and 4 active threads.
Waiting for actors to stop.
Read input token from inputB with value 6.0
Called postfire()
Called prefire()
Called fire()
Sent output token with value 5.0
Called prefire()
Called fire()
Past the end of training data. Read and discard all inputs.
Next port to read input from is inputA
Called postfire()
Called prefire()
Checking for deadlock:
Called fire()
There are 2 Blocked actors, 0 Stopped actors, and 4 active threads.
Waiting for actors to stop.
Checking for deadlock:
There are 2 Blocked actors, 0 Stopped actors, and 4 active threads.
Waiting for actors to stop.
Called postfire()
Called prefire()
Called fire()
Read input token from inputA with value 6.0
Called postfire()
Called prefire()
Called fire()
Checking for deadlock:
There are 1 Blocked actors, 0 Stopped actors, and 4 active threads.
Waiting for actors to stop.
Sent output token with value 6.0
Called prefire()
Called fire()
Past the end of training data. Read and discard all inputs.
Next port to read input from is inputB
Called postfire()
Called prefire()
Called fire()
Checking for deadlock:
There are 2 Blocked actors, 0 Stopped actors, and 4 active threads.
Waiting for actors to stop.
Called postfire()
Called prefire()
Called fire()
Read input token from inputB with value 7.5
Checking for deadlock:
There are 1 Blocked actors, 0 Stopped actors, and 4 active threads.
Sent output token with value 6.0
Waiting for actors to stop.
Called prefire()
Next port to read input from is inputA
Called postfire()
Called prefire()
Called fire()
Called fire()
Past the end of training data. Read and discard all inputs.
Read input token from inputA with value 7.0
Checking for deadlock:
There are 2 Blocked actors, 0 Stopped actors, and 4 active threads.
Waiting for actors to stop.
Called postfire()
Called prefire()
Sent output token with value 7.0
Checking for deadlock:
Next port to read input from is inputA
There are 1 Blocked actors, 0 Stopped actors, and 4 active threads.
Waiting for actors to stop.
Called prefire()
Called fire()
Past the end of training data. Read and discard all inputs.
Checking for deadlock:
There are 2 Blocked actors, 0 Stopped actors, and 4 active threads.
Waiting for actors to stop.
Called fire()
Called postfire()
Called prefire()
Called fire()
Checking for deadlock:
There are 2 Blocked actors, 0 Stopped actors, and 4 active threads.
Waiting for actors to stop.
Read input token from inputA with value 8.0
Sent output token with value 7.5
-- Thread wrapup() called.
Called wrapup()
Next port to read input from is inputB
Called postfire()
Called prefire()
Thread .top.Ramp is exiting.
Called fire()
Called postfire()
Called prefire()
Read input token from inputB with value 9.0
Called prefire()
Called fire()
Past the end of training data. Read and discard all inputs.
Sent output token with value 8.0
Called prefire()
Called fire()
Past the end of training data. Read and discard all inputs.
Next port to read input from is inputA
Called postfire()
Checking for deadlock:
There are 1 Blocked actors, 0 Stopped actors, and 3 active threads.
Waiting for actors to stop.
-- Thread stopped.
Called prefire()
Called fire()
Read input token from inputA with value 9.0
Sent output token with value 9.0
Checking for deadlock:
There are 0 Blocked actors, 0 Stopped actors, and 3 active threads.
Waiting for actors to stop.
Next port to read input from is inputB
Called postfire()
Called prefire()
Called fire()
Called fire()
Read input token from inputB with value 10.5
Called postfire()
Called prefire()
Called fire()
Checking for deadlock:
There are 1 Blocked actors, 0 Stopped actors, and 3 active threads.
Waiting for actors to stop.
Called prefire()
Sent output token with value 9.0
Called fire()
Past the end of training data. Read and discard all inputs.
Next port to read input from is inputA
Called prefire()
Called fire()
Called postfire()
Called prefire()
Past the end of training data. Read and discard all inputs.
Called fire()
Checking for deadlock:
There are 3 Blocked actors, 0 Stopped actors, and 3 active threads.
Actors have stopped.
Checking for deadlock:
There are 3 Blocked actors, 0 Stopped actors, and 3 active threads.
Deadlock detected.
Resolving Deadlock
Checking for deadlock:
There are 3 Blocked actors, 0 Stopped actors, and 3 active threads.
Artificial Deadlock - increasing queue capacity.
increasing the capacity of receiver ptolemy.actor.TypedIOPort {.top.OrderedMerge.inputB} to 2
Director: Called postfire().
Called postfire().
_stopRequested = false
_stopFireRequested = false
Returning from postfire(): true
Called fire().
Checking for deadlock:
There are 2 Blocked actors, 0 Stopped actors, and 3 active threads.
Waiting for actors to stop.
-- Thread wrapup() called.
Called wrapup()
Thread .top.Ramp2 is exiting.
Checking for deadlock:
There are 2 Blocked actors, 0 Stopped actors, and 2 active threads.
Actors have stopped.
Checking for deadlock:
There are 2 Blocked actors, 0 Stopped actors, and 2 active threads.
Deadlock detected.
Resolving Deadlock
Checking for deadlock:
There are 2 Blocked actors, 0 Stopped actors, and 2 active threads.
Deadlock detected: no processes blocked on write, but some are blocked on read.
Called postfire().
_stopRequested = false
_stopFireRequested = false
Returning from postfire(): false
Finished deactivating branches.
Called wrapup().
-- Thread stopped.
-- Thread wrapup() called.
Called wrapup()
-- Thread wrapup() called.
Called wrapup()
Thread .top.OrderedMerge is exiting.
-- Thread stopped.
-- Blocked Receiver call threw TerminateProcessException.
Thread .top.Test is exiting.
-- Thread stopped.
-- Blocked Receiver call threw TerminateProcessException.
34 ms. Memory: 129024K Free: 108293K (84%)
/home/travis/build/icyphy/ptII/ptolemy/actor/lib/test/Publisher.tcl
20 ms. Memory: 129024K Free: 102149K (79%)
4 ms. Memory: 161792K Free: 140556K (87%)
3 ms. Memory: 161792K Free: 136963K (85%)
4 ms. Memory: 161792K Free: 135931K (84%)
3 ms. Memory: 161792K Free: 134922K (83%)
4 ms. Memory: 161792K Free: 134412K (83%)
3 ms. Memory: 161792K Free: 133388K (82%)
3 ms. Memory: 161792K Free: 132364K (82%)
26 ms. Memory: 161792K Free: 122634K (76%)
6 ms. Memory: 161792K Free: 118538K (73%)
3 ms. Memory: 161792K Free: 118028K (73%)
4 ms. Memory: 161792K Free: 115980K (72%)
14 ms. Memory: 161792K Free: 108298K (67%)
12 ms. Memory: 161792K Free: 142068K (88%)
5 ms. Memory: 161792K Free: 131214K (81%)
/home/travis/build/icyphy/ptII/ptolemy/actor/lib/test/Pulse.tcl
5 ms. Memory: 161792K Free: 93412K (58%)
8 ms. Memory: 161792K Free: 92916K (57%)
1 ms. Memory: 161792K Free: 92402K (57%)
1 ms. Memory: 161792K Free: 91892K (57%)
1 ms. Memory: 161792K Free: 91378K (56%)
5 ms. Memory: 161792K Free: 90354K (56%)
7 ms. Memory: 161792K Free: 89324K (55%)
5 ms. Memory: 161792K Free: 88820K (55%)
1 ms. Memory: 161792K Free: 143700K (89%)
/home/travis/build/icyphy/ptII/ptolemy/actor/lib/test/Ramp.tcl
2 ms. Memory: 161792K Free: 141652K (88%)
2 ms. Memory: 161792K Free: 141124K (87%)
1 ms. Memory: 161792K Free: 140114K (87%)
1 ms. Memory: 161792K Free: 139604K (86%)
3 ms. Memory: 161792K Free: 138580K (86%)
4 ms. Memory: 161792K Free: 138060K (85%)
4 ms. Memory: 161792K Free: 137028K (85%)
5 actors
4000 microseconds per iteration to create
5 ms. Memory: 161792K Free: 133970K (83%)
1 ms. Memory: 161792K Free: 133460K (82%)
2 ms. Memory: 161792K Free: 132932K (82%)
1 ms. Memory: 161792K Free: 132436K (82%)
50 actors
27000 microseconds per iteration to create
24 ms. Memory: 161792K Free: 117076K (72%)
4 ms. Memory: 161792K Free: 116052K (72%)
4 ms. Memory: 161792K Free: 114514K (71%)
4 ms. Memory: 161792K Free: 113490K (70%)
500 actors
1546000 microseconds per iteration to create
235 ms. Memory: 194560K Free: 128961K (66%)
33 ms. Memory: 194560K Free: 123327K (63%)
32 ms. Memory: 194560K Free: 118207K (61%)
33 ms. Memory: 194560K Free: 113087K (58%)
/home/travis/build/icyphy/ptII/ptolemy/actor/lib/test/RampContinuous.tcl
8 ms. Memory: 194560K Free: 111553K (57%)
/home/travis/build/icyphy/ptII/ptolemy/actor/lib/test/RecordAssembler.tcl
6 ms. Memory: 194560K Free: 110001K (57%)
3 ms. Memory: 194560K Free: 108991K (56%)
/home/travis/build/icyphy/ptII/ptolemy/actor/lib/test/RecordDisassembler.tcl
13 ms. Memory: 194560K Free: 106943K (55%)
4 ms. Memory: 194560K Free: 106433K (55%)
4 ms. Memory: 194560K Free: 105409K (54%)
/home/travis/build/icyphy/ptII/ptolemy/actor/lib/test/Scale.tcl
4 ms. Memory: 194560K Free: 103361K (53%)
1 ms. Memory: 194560K Free: 102847K (53%)
2 ms. Memory: 194560K Free: 101809K (52%)
1 ms. Memory: 194560K Free: 100799K (52%)
2 ms. Memory: 194560K Free: 100289K (52%)
/home/travis/build/icyphy/ptII/ptolemy/actor/lib/test/SequentialClock.tcl
preinitializing
resolving types
initializing
executing number 1
wrapping up
idle
2 ms. Memory: 194560K Free: 98721K (51%)
Completed execution with 5 iterations
preinitializing
resolving types
initializing
executing number 1
wrapping up
idle
1 ms. Memory: 194560K Free: 98241K (50%)
Completed execution with 5 iterations
preinitializing
resolving types
initializing
executing number 1
wrapping up
idle
1 ms. Memory: 194560K Free: 97713K (50%)
Completed execution with 5 iterations
/home/travis/build/icyphy/ptII/ptolemy/actor/lib/test/SetVariable.tcl
4 ms. Memory: 194560K Free: 96193K (49%)
/home/travis/build/icyphy/ptII/ptolemy/actor/lib/test/Sinewave.tcl
/home/travis/build/icyphy/ptII/ptolemy/actor/lib/test/SubscriptionAggregator.tcl
21 ms. Memory: 194560K Free: 170943K (88%)
5 ms. Memory: 194560K Free: 170431K (88%)
0 ms. Memory: 194560K Free: 169903K (87%)
1 ms. Memory: 194560K Free: 169409K (87%)
3 ms. Memory: 194560K Free: 165823K (85%)
8 ms. Memory: 194560K Free: 163775K (84%)
...............................................................885 ms. Memory: 270336K Free: 145099K (54%)
/home/travis/build/icyphy/ptII/ptolemy/actor/lib/test/Test.tcl
 The next command will produce a warning about training mode,
   which may be ignored.
5 ms. Memory: 270336K Free: 143053K (53%)
7 ms. Memory: 270336K Free: 142509K (53%)
2 ms. Memory: 270336K Free: 142029K (53%)
11 ms. Memory: 270336K Free: 141005K (52%)
2 ms. Memory: 270336K Free: 140491K (52%)
13 ms. Memory: 270336K Free: 139437K (52%)
3 ms. Memory: 270336K Free: 137933K (51%)
 The next command will produce a warning about training mode,
   which may be ignored.
21 ms. Memory: 270336K Free: 135885K (50%)
 The next command will produce a warning about training mode,
   which may be ignored.
2 ms. Memory: 270336K Free: 134347K (50%)
1 ms. Memory: 270336K Free: 133837K (50%)
1 ms. Memory: 270336K Free: 133837K (50%)
1 ms. Memory: 270336K Free: 132813K (49%)
6 ms. Memory: 270336K Free: 132299K (49%)
3 ms. Memory: 270336K Free: 128203K (47%)
/home/travis/build/icyphy/ptII/ptolemy/actor/lib/test/TestExceptionHandler.tcl
 The next command will produce a warning about training mode,
   which may be ignored.
2 ms. Memory: 270336K Free: 127149K (47%)
0 ms. Memory: 270336K Free: 126669K (47%)
1 ms. Memory: 270336K Free: 126155K (47%)
/home/travis/build/icyphy/ptII/ptolemy/actor/lib/test/UnionDisassembler.tcl
22 ms. Memory: 270336K Free: 118477K (44%)
/home/travis/build/icyphy/ptII/ptolemy/actor/lib/test/VariableClock.tcl
preinitializing
resolving types
initializing
executing number 1
wrapping up
idle
3 ms. Memory: 270336K Free: 116925K (43%)
Completed execution with 11 iterations
preinitializing
resolving types
initializing
executing number 1
wrapping up
idle
3 ms. Memory: 270336K Free: 115405K (43%)
Completed execution with 10 iterations
03/21/20 05:46:07
Failed: 0  Total Tests: 233  ((Passed: 233, Newly Passed: 0)  Known Failed: 0) /home/travis/build/icyphy/ptII/ptolemy/actor/lib/test
----------------- testing (KnownFailure) /home/travis/build/icyphy/ptII/ptolemy/actor/lib/test/auto/knownFailedTests/PublisherPortToplevelSubscriber.xml
0 ms. Memory: 270336K Free: 111819K (41%)
Known Failure: java.lang.reflect.InvocationTargetException
----------------- testing (KnownFailure) /home/travis/build/icyphy/ptII/ptolemy/actor/lib/test/auto/knownFailedTests/PublisherSubscriberPortToplevel.xml
0 ms. Memory: 270336K Free: 107723K (40%)
Known Failure: java.lang.reflect.InvocationTargetException
----------------- testing (KnownFailure) /home/travis/build/icyphy/ptII/ptolemy/actor/lib/test/auto/knownFailedTests/PublisherSubscriptionAggregatorPort.xml
0 ms. Memory: 270336K Free: 103627K (38%)
Known Failure: java.lang.reflect.InvocationTargetException
----------------- testing (KnownFailure) /home/travis/build/icyphy/ptII/ptolemy/actor/lib/test/auto/knownFailedTests/sizedarray3.xml
4 ms. Memory: 270336K Free: 99531K (37%)
Known Failure: java.lang.reflect.InvocationTargetException
No auto/linux-amd64/*.xml tests in /home/travis/build/icyphy/ptII/ptolemy/actor/lib/test
AutoTests.java: About to close Vertx.
AutoTests.java: Vertx closed.

===========================================================================================
----------------- testing Sat Mar 21 17:46:08 UTC 2020 /home/travis/build/icyphy/ptII/ptolemy/actor/lib/test/auto/AbsoluteValue.xml
----------------- Instantiating /home/travis/build/icyphy/ptII/ptolemy/actor/lib/test/auto/AbsoluteValue.xml
8 ms. Memory: 270336K Free: 214028K (79%)
----------------- Invoking toplevel() on ptolemy.moml.MoMLSimpleApplication@43beab56
----------------- Done invoking toplevel() on ptolemy.moml.MoMLSimpleApplication@43beab56
reloadAllAccessors: .AbsoluteValue

===========================================================================================
----------------- testing Sat Mar 21 17:46:08 UTC 2020 /home/travis/build/icyphy/ptII/ptolemy/actor/lib/test/auto/AbsoluteValue2.xml
----------------- Instantiating /home/travis/build/icyphy/ptII/ptolemy/actor/lib/test/auto/AbsoluteValue2.xml
4 ms. Memory: 270336K Free: 206860K (77%)
----------------- Invoking toplevel() on ptolemy.moml.MoMLSimpleApplication@b90b93a
----------------- Done invoking toplevel() on ptolemy.moml.MoMLSimpleApplication@b90b93a
reloadAllAccessors: .AbsoluteValue2

===========================================================================================
----------------- testing Sat Mar 21 17:46:08 UTC 2020 /home/travis/build/icyphy/ptII/ptolemy/actor/lib/test/auto/Accumulator.xml
----------------- Instantiating /home/travis/build/icyphy/ptII/ptolemy/actor/lib/test/auto/Accumulator.xml
9 ms. Memory: 270336K Free: 200716K (74%)
----------------- Invoking toplevel() on ptolemy.moml.MoMLSimpleApplication@5de15179
----------------- Done invoking toplevel() on ptolemy.moml.MoMLSimpleApplication@5de15179
reloadAllAccessors: .Accumulator

===========================================================================================
----------------- testing Sat Mar 21 17:46:08 UTC 2020 /home/travis/build/icyphy/ptII/ptolemy/actor/lib/test/auto/Accumulator2.xml
----------------- Instantiating /home/travis/build/icyphy/ptII/ptolemy/actor/lib/test/auto/Accumulator2.xml
3 ms. Memory: 270336K Free: 195082K (72%)
----------------- Invoking toplevel() on ptolemy.moml.MoMLSimpleApplication@31375c0b
----------------- Done invoking toplevel() on ptolemy.moml.MoMLSimpleApplication@31375c0b
reloadAllAccessors: .Accumulator2

===========================================================================================
----------------- testing Sat Mar 21 17:46:08 UTC 2020 /home/travis/build/icyphy/ptII/ptolemy/actor/lib/test/auto/Accumulator3.xml
----------------- Instantiating /home/travis/build/icyphy/ptII/ptolemy/actor/lib/test/auto/Accumulator3.xml
2 ms. Memory: 270336K Free: 190986K (71%)
----------------- Invoking toplevel() on ptolemy.moml.MoMLSimpleApplication@64cd00e5
----------------- Done invoking toplevel() on ptolemy.moml.MoMLSimpleApplication@64cd00e5
reloadAllAccessors: .Accumulator3

===========================================================================================
----------------- testing Sat Mar 21 17:46:08 UTC 2020 /home/travis/build/icyphy/ptII/ptolemy/actor/lib/test/auto/ArrayAppend.xml
----------------- Instantiating /home/travis/build/icyphy/ptII/ptolemy/actor/lib/test/auto/ArrayAppend.xml
16 ms. Memory: 270336K Free: 184332K (68%)
----------------- Invoking toplevel() on ptolemy.moml.MoMLSimpleApplication@3664d
----------------- Done invoking toplevel() on ptolemy.moml.MoMLSimpleApplication@3664d
reloadAllAccessors: .ArrayAppend

===========================================================================================
----------------- testing Sat Mar 21 17:46:08 UTC 2020 /home/travis/build/icyphy/ptII/ptolemy/actor/lib/test/auto/ArrayAppend2.xml
----------------- Instantiating /home/travis/build/icyphy/ptII/ptolemy/actor/lib/test/auto/ArrayAppend2.xml
310 ms. Memory: 270336K Free: 120330K (45%)
----------------- Invoking toplevel() on ptolemy.moml.MoMLSimpleApplication@497a3b72
----------------- Done invoking toplevel() on ptolemy.moml.MoMLSimpleApplication@497a3b72
reloadAllAccessors: .ArrayAppend2

===========================================================================================
----------------- testing Sat Mar 21 17:46:08 UTC 2020 /home/travis/build/icyphy/ptII/ptolemy/actor/lib/test/auto/ArrayAppend3.xml
----------------- Instantiating /home/travis/build/icyphy/ptII/ptolemy/actor/lib/test/auto/ArrayAppend3.xml
4 ms. Memory: 270336K Free: 115722K (43%)
----------------- Invoking toplevel() on ptolemy.moml.MoMLSimpleApplication@61b8e7b5
----------------- Done invoking toplevel() on ptolemy.moml.MoMLSimpleApplication@61b8e7b5
reloadAllAccessors: .ArrayAppend3

===========================================================================================
----------------- testing Sat Mar 21 17:46:08 UTC 2020 /home/travis/build/icyphy/ptII/ptolemy/actor/lib/test/auto/ArrayAppend4.xml
----------------- Instantiating /home/travis/build/icyphy/ptII/ptolemy/actor/lib/test/auto/ArrayAppend4.xml
7 ms. Memory: 270336K Free: 110090K (41%)
----------------- Invoking toplevel() on ptolemy.moml.MoMLSimpleApplication@783a6f73
----------------- Done invoking toplevel() on ptolemy.moml.MoMLSimpleApplication@783a6f73
reloadAllAccessors: .ArrayAppend4

===========================================================================================
----------------- testing Sat Mar 21 17:46:09 UTC 2020 /home/travis/build/icyphy/ptII/ptolemy/actor/lib/test/auto/ArrayAppend5.xml
----------------- Instantiating /home/travis/build/icyphy/ptII/ptolemy/actor/lib/test/auto/ArrayAppend5.xml
2 ms. Memory: 270336K Free: 104970K (39%)
----------------- Invoking toplevel() on ptolemy.moml.MoMLSimpleApplication@53b44af5
----------------- Done invoking toplevel() on ptolemy.moml.MoMLSimpleApplication@53b44af5
reloadAllAccessors: .ArrayAppend5

===========================================================================================
----------------- testing Sat Mar 21 17:46:09 UTC 2020 /home/travis/build/icyphy/ptII/ptolemy/actor/lib/test/auto/ArrayAppend6.xml
----------------- Instantiating /home/travis/build/icyphy/ptII/ptolemy/actor/lib/test/auto/ArrayAppend6.xml
5 ms. Memory: 270336K Free: 99850K (37%)
----------------- Invoking toplevel() on ptolemy.moml.MoMLSimpleApplication@7bcab4b5
----------------- Done invoking toplevel() on ptolemy.moml.MoMLSimpleApplication@7bcab4b5
reloadAllAccessors: .ArrayAppend6

===========================================================================================
----------------- testing Sat Mar 21 17:46:09 UTC 2020 /home/travis/build/icyphy/ptII/ptolemy/actor/lib/test/auto/ArrayAppendPerformanceTest.xml
----------------- Instantiating /home/travis/build/icyphy/ptII/ptolemy/actor/lib/test/auto/ArrayAppendPerformanceTest.xml
40 ms. Memory: 270336K Free: 89610K (33%)
----------------- Invoking toplevel() on ptolemy.moml.MoMLSimpleApplication@6694eed8
----------------- Done invoking toplevel() on ptolemy.moml.MoMLSimpleApplication@6694eed8
reloadAllAccessors: .ArrayAppendPerformanceTest

===========================================================================================
----------------- testing Sat Mar 21 17:46:09 UTC 2020 /home/travis/build/icyphy/ptII/ptolemy/actor/lib/test/auto/ArrayAppendWithEmptyInput.xml
----------------- Instantiating /home/travis/build/icyphy/ptII/ptolemy/actor/lib/test/auto/ArrayAppendWithEmptyInput.xml
65 ms. Memory: 270336K Free: 221768K (82%)
----------------- Invoking toplevel() on ptolemy.moml.MoMLSimpleApplication@8699fbe
----------------- Done invoking toplevel() on ptolemy.moml.MoMLSimpleApplication@8699fbe
reloadAllAccessors: .ArrayAppendWithEmptyInput

===========================================================================================
----------------- testing Sat Mar 21 17:46:09 UTC 2020 /home/travis/build/icyphy/ptII/ptolemy/actor/lib/test/auto/ArrayAverage.xml
----------------- Instantiating /home/travis/build/icyphy/ptII/ptolemy/actor/lib/test/auto/ArrayAverage.xml
8 ms. Memory: 270336K Free: 213365K (79%)
----------------- Invoking toplevel() on ptolemy.moml.MoMLSimpleApplication@3aea018e
----------------- Done invoking toplevel() on ptolemy.moml.MoMLSimpleApplication@3aea018e
reloadAllAccessors: .ArrayAverage

===========================================================================================
----------------- testing Sat Mar 21 17:46:09 UTC 2020 /home/travis/build/icyphy/ptII/ptolemy/actor/lib/test/auto/ArrayContains.xml
----------------- Instantiating /home/travis/build/icyphy/ptII/ptolemy/actor/lib/test/auto/ArrayContains.xml
10 ms. Memory: 270336K Free: 207221K (77%)
----------------- Invoking toplevel() on ptolemy.moml.MoMLSimpleApplication@29b34e25
----------------- Done invoking toplevel() on ptolemy.moml.MoMLSimpleApplication@29b34e25
reloadAllAccessors: .ArrayContains

===========================================================================================
----------------- testing Sat Mar 21 17:46:09 UTC 2020 /home/travis/build/icyphy/ptII/ptolemy/actor/lib/test/auto/ArrayElement.xml
----------------- Instantiating /home/travis/build/icyphy/ptII/ptolemy/actor/lib/test/auto/ArrayElement.xml
7 ms. Memory: 270336K Free: 202071K (75%)
----------------- Invoking toplevel() on ptolemy.moml.MoMLSimpleApplication@ea1ad82
----------------- Done invoking toplevel() on ptolemy.moml.MoMLSimpleApplication@ea1ad82
reloadAllAccessors: .ArrayElement

===========================================================================================
----------------- testing Sat Mar 21 17:46:09 UTC 2020 /home/travis/build/icyphy/ptII/ptolemy/actor/lib/test/auto/ArrayElementAsMatrix.xml
----------------- Instantiating /home/travis/build/icyphy/ptII/ptolemy/actor/lib/test/auto/ArrayElementAsMatrix.xml
18 ms. Memory: 270336K Free: 191861K (71%)
----------------- Invoking toplevel() on ptolemy.moml.MoMLSimpleApplication@40eb3d2a
----------------- Done invoking toplevel() on ptolemy.moml.MoMLSimpleApplication@40eb3d2a
reloadAllAccessors: .ArrayElementAsMatrix

===========================================================================================
----------------- testing Sat Mar 21 17:46:09 UTC 2020 /home/travis/build/icyphy/ptII/ptolemy/actor/lib/test/auto/ArrayElementI.xml
----------------- Instantiating /home/travis/build/icyphy/ptII/ptolemy/actor/lib/test/auto/ArrayElementI.xml
3 ms. Memory: 270336K Free: 186741K (69%)
----------------- Invoking toplevel() on ptolemy.moml.MoMLSimpleApplication@7ecf3d93
----------------- Done invoking toplevel() on ptolemy.moml.MoMLSimpleApplication@7ecf3d93
reloadAllAccessors: .ArrayElementI

===========================================================================================
----------------- testing Sat Mar 21 17:46:09 UTC 2020 /home/travis/build/icyphy/ptII/ptolemy/actor/lib/test/auto/ArrayExtract.xml
----------------- Instantiating /home/travis/build/icyphy/ptII/ptolemy/actor/lib/test/auto/ArrayExtract.xml
4 ms. Memory: 270336K Free: 178039K (66%)
----------------- Invoking toplevel() on ptolemy.moml.MoMLSimpleApplication@48e31479
----------------- Done invoking toplevel() on ptolemy.moml.MoMLSimpleApplication@48e31479
reloadAllAccessors: .ArrayExtract

===========================================================================================
----------------- testing Sat Mar 21 17:46:09 UTC 2020 /home/travis/build/icyphy/ptII/ptolemy/actor/lib/test/auto/ArrayExtract2.xml
----------------- Instantiating /home/travis/build/icyphy/ptII/ptolemy/actor/lib/test/auto/ArrayExtract2.xml
2 ms. Memory: 270336K Free: 173429K (64%)
----------------- Invoking toplevel() on ptolemy.moml.MoMLSimpleApplication@231ad5ae
----------------- Done invoking toplevel() on ptolemy.moml.MoMLSimpleApplication@231ad5ae
reloadAllAccessors: .ArrayExtract2

===========================================================================================
----------------- testing Sat Mar 21 17:46:09 UTC 2020 /home/travis/build/icyphy/ptII/ptolemy/actor/lib/test/auto/ArrayLength.xml
----------------- Instantiating /home/travis/build/icyphy/ptII/ptolemy/actor/lib/test/auto/ArrayLength.xml
2 ms. Memory: 270336K Free: 169333K (63%)
----------------- Invoking toplevel() on ptolemy.moml.MoMLSimpleApplication@264dc092
----------------- Done invoking toplevel() on ptolemy.moml.MoMLSimpleApplication@264dc092
reloadAllAccessors: .ArrayLength

===========================================================================================
----------------- testing Sat Mar 21 17:46:09 UTC 2020 /home/travis/build/icyphy/ptII/ptolemy/actor/lib/test/auto/ArrayLevelCrossing.xml
----------------- Instantiating /home/travis/build/icyphy/ptII/ptolemy/actor/lib/test/auto/ArrayLevelCrossing.xml
4 ms. Memory: 270336K Free: 160631K (59%)
----------------- Invoking toplevel() on ptolemy.moml.MoMLSimpleApplication@3c9d49e0
----------------- Done invoking toplevel() on ptolemy.moml.MoMLSimpleApplication@3c9d49e0
reloadAllAccessors: .ArrayLevelCrossing

===========================================================================================
----------------- testing Sat Mar 21 17:46:09 UTC 2020 /home/travis/build/icyphy/ptII/ptolemy/actor/lib/test/auto/ArrayLevelCrossing2.xml
----------------- Instantiating /home/travis/build/icyphy/ptII/ptolemy/actor/lib/test/auto/ArrayLevelCrossing2.xml
2 ms. Memory: 270336K Free: 153463K (57%)
----------------- Invoking toplevel() on ptolemy.moml.MoMLSimpleApplication@7aa31a6b
----------------- Done invoking toplevel() on ptolemy.moml.MoMLSimpleApplication@7aa31a6b
reloadAllAccessors: .ArrayLevelCrossing2

===========================================================================================
----------------- testing Sat Mar 21 17:46:09 UTC 2020 /home/travis/build/icyphy/ptII/ptolemy/actor/lib/test/auto/ArrayPeakSearch.xml
----------------- Instantiating /home/travis/build/icyphy/ptII/ptolemy/actor/lib/test/auto/ArrayPeakSearch.xml
7 ms. Memory: 270336K Free: 144247K (53%)
----------------- Invoking toplevel() on ptolemy.moml.MoMLSimpleApplication@61067b8f
----------------- Done invoking toplevel() on ptolemy.moml.MoMLSimpleApplication@61067b8f
reloadAllAccessors: .ArrayPeakSearch

===========================================================================================
----------------- testing Sat Mar 21 17:46:09 UTC 2020 /home/travis/build/icyphy/ptII/ptolemy/actor/lib/test/auto/ArrayPeakSearch2.xml
----------------- Instantiating /home/travis/build/icyphy/ptII/ptolemy/actor/lib/test/auto/ArrayPeakSearch2.xml
6 ms. Memory: 270336K Free: 134007K (50%)
----------------- Invoking toplevel() on ptolemy.moml.MoMLSimpleApplication@27a6e557
----------------- Done invoking toplevel() on ptolemy.moml.MoMLSimpleApplication@27a6e557
reloadAllAccessors: .ArrayPeakSearch2

===========================================================================================
----------------- testing Sat Mar 21 17:46:09 UTC 2020 /home/travis/build/icyphy/ptII/ptolemy/actor/lib/test/auto/ArrayPeakSearch3.xml
----------------- Instantiating /home/travis/build/icyphy/ptII/ptolemy/actor/lib/test/auto/ArrayPeakSearch3.xml
5 ms. Memory: 270336K Free: 124791K (46%)
----------------- Invoking toplevel() on ptolemy.moml.MoMLSimpleApplication@1c7f047d
----------------- Done invoking toplevel() on ptolemy.moml.MoMLSimpleApplication@1c7f047d
reloadAllAccessors: .ArrayPeakSearch3

===========================================================================================
----------------- testing Sat Mar 21 17:46:09 UTC 2020 /home/travis/build/icyphy/ptII/ptolemy/actor/lib/test/auto/ArrayRemoveElement.xml
----------------- Instantiating /home/travis/build/icyphy/ptII/ptolemy/actor/lib/test/auto/ArrayRemoveElement.xml
3 ms. Memory: 270336K Free: 117109K (43%)
----------------- Invoking toplevel() on ptolemy.moml.MoMLSimpleApplication@1e5d0df6
----------------- Done invoking toplevel() on ptolemy.moml.MoMLSimpleApplication@1e5d0df6
reloadAllAccessors: .ArrayRemoveElement

===========================================================================================
----------------- testing Sat Mar 21 17:46:09 UTC 2020 /home/travis/build/icyphy/ptII/ptolemy/actor/lib/test/auto/ArraySort.xml
----------------- Instantiating /home/travis/build/icyphy/ptII/ptolemy/actor/lib/test/auto/ArraySort.xml
11 ms. Memory: 270336K Free: 107893K (40%)
----------------- Invoking toplevel() on ptolemy.moml.MoMLSimpleApplication@203b5957
----------------- Done invoking toplevel() on ptolemy.moml.MoMLSimpleApplication@203b5957
reloadAllAccessors: .ArraySort

===========================================================================================
----------------- testing Sat Mar 21 17:46:09 UTC 2020 /home/travis/build/icyphy/ptII/ptolemy/actor/lib/test/auto/ArraySum.xml
----------------- Instantiating /home/travis/build/icyphy/ptII/ptolemy/actor/lib/test/auto/ArraySum.xml
9 ms. Memory: 270336K Free: 102773K (38%)
----------------- Invoking toplevel() on ptolemy.moml.MoMLSimpleApplication@4dc13aa8
----------------- Done invoking toplevel() on ptolemy.moml.MoMLSimpleApplication@4dc13aa8
reloadAllAccessors: .ArraySum

===========================================================================================
----------------- testing Sat Mar 21 17:46:09 UTC 2020 /home/travis/build/icyphy/ptII/ptolemy/actor/lib/test/auto/ArrayToElements.xml
----------------- Instantiating /home/travis/build/icyphy/ptII/ptolemy/actor/lib/test/auto/ArrayToElements.xml
6 ms. Memory: 270336K Free: 97143K (36%)
----------------- Invoking toplevel() on ptolemy.moml.MoMLSimpleApplication@62d0795d
----------------- Done invoking toplevel() on ptolemy.moml.MoMLSimpleApplication@62d0795d
reloadAllAccessors: .ArrayToElements

===========================================================================================
----------------- testing Sat Mar 21 17:46:09 UTC 2020 /home/travis/build/icyphy/ptII/ptolemy/actor/lib/test/auto/ArrayToMatrix.xml
----------------- Instantiating /home/travis/build/icyphy/ptII/ptolemy/actor/lib/test/auto/ArrayToMatrix.xml
11 ms. Memory: 270336K Free: 83317K (31%)
----------------- Invoking toplevel() on ptolemy.moml.MoMLSimpleApplication@552bc3ac
----------------- Done invoking toplevel() on ptolemy.moml.MoMLSimpleApplication@552bc3ac
reloadAllAccessors: .ArrayToMatrix

===========================================================================================
----------------- testing Sat Mar 21 17:46:09 UTC 2020 /home/travis/build/icyphy/ptII/ptolemy/actor/lib/test/auto/ArrayUpdate1.xml
----------------- Instantiating /home/travis/build/icyphy/ptII/ptolemy/actor/lib/test/auto/ArrayUpdate1.xml
5 ms. Memory: 270336K Free: 78197K (29%)
----------------- Invoking toplevel() on ptolemy.moml.MoMLSimpleApplication@776574cf
----------------- Done invoking toplevel() on ptolemy.moml.MoMLSimpleApplication@776574cf
reloadAllAccessors: .ArrayUpdate1

===========================================================================================
----------------- testing Sat Mar 21 17:46:09 UTC 2020 /home/travis/build/icyphy/ptII/ptolemy/actor/lib/test/auto/ArrayUpdate2.xml
----------------- Instantiating /home/travis/build/icyphy/ptII/ptolemy/actor/lib/test/auto/ArrayUpdate2.xml
7 ms. Memory: 270336K Free: 72053K (27%)
----------------- Invoking toplevel() on ptolemy.moml.MoMLSimpleApplication@7daf7600
----------------- Done invoking toplevel() on ptolemy.moml.MoMLSimpleApplication@7daf7600
reloadAllAccessors: .ArrayUpdate2

===========================================================================================
----------------- testing Sat Mar 21 17:46:09 UTC 2020 /home/travis/build/icyphy/ptII/ptolemy/actor/lib/test/auto/ArrayUpdate3.xml
----------------- Instantiating /home/travis/build/icyphy/ptII/ptolemy/actor/lib/test/auto/ArrayUpdate3.xml
4 ms. Memory: 270336K Free: 66933K (25%)
----------------- Invoking toplevel() on ptolemy.moml.MoMLSimpleApplication@35b2168d
----------------- Done invoking toplevel() on ptolemy.moml.MoMLSimpleApplication@35b2168d
reloadAllAccessors: .ArrayUpdate3

===========================================================================================
----------------- testing Sat Mar 21 17:46:10 UTC 2020 /home/travis/build/icyphy/ptII/ptolemy/actor/lib/test/auto/Assert1.xml
----------------- Instantiating /home/travis/build/icyphy/ptII/ptolemy/actor/lib/test/auto/Assert1.xml
8 ms. Memory: 270336K Free: 62837K (23%)
----------------- Invoking toplevel() on ptolemy.moml.MoMLSimpleApplication@6c71b552
----------------- Done invoking toplevel() on ptolemy.moml.MoMLSimpleApplication@6c71b552
reloadAllAccessors: .Assert1

===========================================================================================
----------------- testing Sat Mar 21 17:46:10 UTC 2020 /home/travis/build/icyphy/ptII/ptolemy/actor/lib/test/auto/Assert2.xml
----------------- Instantiating /home/travis/build/icyphy/ptII/ptolemy/actor/lib/test/auto/Assert2.xml
3 ms. Memory: 456704K Free: 404389K (89%)
----------------- Invoking toplevel() on ptolemy.moml.MoMLSimpleApplication@7909589a
----------------- Done invoking toplevel() on ptolemy.moml.MoMLSimpleApplication@7909589a
reloadAllAccessors: .Assert2

===========================================================================================
----------------- testing Sat Mar 21 17:46:10 UTC 2020 /home/travis/build/icyphy/ptII/ptolemy/actor/lib/test/auto/BooleanMultiplexor.xml
----------------- Instantiating /home/travis/build/icyphy/ptII/ptolemy/actor/lib/test/auto/BooleanMultiplexor.xml
3 ms. Memory: 456704K Free: 399239K (87%)
----------------- Invoking toplevel() on ptolemy.moml.MoMLSimpleApplication@37c4442f
----------------- Done invoking toplevel() on ptolemy.moml.MoMLSimpleApplication@37c4442f
reloadAllAccessors: .BooleanMultiplexor

===========================================================================================
----------------- testing Sat Mar 21 17:46:10 UTC 2020 /home/travis/build/icyphy/ptII/ptolemy/actor/lib/test/auto/BooleanMultiplexor2.xml
----------------- Instantiating /home/travis/build/icyphy/ptII/ptolemy/actor/lib/test/auto/BooleanMultiplexor2.xml
11 ms. Memory: 456704K Free: 392613K (86%)
----------------- Invoking toplevel() on ptolemy.moml.MoMLSimpleApplication@5fd0c083
----------------- Done invoking toplevel() on ptolemy.moml.MoMLSimpleApplication@5fd0c083
reloadAllAccessors: .BooleanMultiplexor2

===========================================================================================
----------------- testing Sat Mar 21 17:46:10 UTC 2020 /home/travis/build/icyphy/ptII/ptolemy/actor/lib/test/auto/BooleanMultiplexor3.xml
----------------- Instantiating /home/travis/build/icyphy/ptII/ptolemy/actor/lib/test/auto/BooleanMultiplexor3.xml
1 ms. Memory: 456704K Free: 389029K (85%)
----------------- Invoking toplevel() on ptolemy.moml.MoMLSimpleApplication@17947fda
----------------- Done invoking toplevel() on ptolemy.moml.MoMLSimpleApplication@17947fda
reloadAllAccessors: .BooleanMultiplexor3

===========================================================================================
----------------- testing Sat Mar 21 17:46:10 UTC 2020 /home/travis/build/icyphy/ptII/ptolemy/actor/lib/test/auto/BooleanSelect.xml
----------------- Instantiating /home/travis/build/icyphy/ptII/ptolemy/actor/lib/test/auto/BooleanSelect.xml
8 ms. Memory: 456704K Free: 382871K (84%)
----------------- Invoking toplevel() on ptolemy.moml.MoMLSimpleApplication@734f1fe3
----------------- Done invoking toplevel() on ptolemy.moml.MoMLSimpleApplication@734f1fe3
reloadAllAccessors: .BooleanSelect

===========================================================================================
----------------- testing Sat Mar 21 17:46:10 UTC 2020 /home/travis/build/icyphy/ptII/ptolemy/actor/lib/test/auto/BooleanSelect2.xml
----------------- Instantiating /home/travis/build/icyphy/ptII/ptolemy/actor/lib/test/auto/BooleanSelect2.xml
2 ms. Memory: 456704K Free: 378789K (83%)
----------------- Invoking toplevel() on ptolemy.moml.MoMLSimpleApplication@3af28e66
----------------- Done invoking toplevel() on ptolemy.moml.MoMLSimpleApplication@3af28e66
reloadAllAccessors: .BooleanSelect2

===========================================================================================
----------------- testing Sat Mar 21 17:46:10 UTC 2020 /home/travis/build/icyphy/ptII/ptolemy/actor/lib/test/auto/BooleanSwitch.xml
----------------- Instantiating /home/travis/build/icyphy/ptII/ptolemy/actor/lib/test/auto/BooleanSwitch.xml
4 ms. Memory: 456704K Free: 372135K (81%)
----------------- Invoking toplevel() on ptolemy.moml.MoMLSimpleApplication@480fd865
----------------- Done invoking toplevel() on ptolemy.moml.MoMLSimpleApplication@480fd865
reloadAllAccessors: .BooleanSwitch

===========================================================================================
----------------- testing Sat Mar 21 17:46:10 UTC 2020 /home/travis/build/icyphy/ptII/ptolemy/actor/lib/test/auto/BooleanSwitch2.xml
----------------- Instantiating /home/travis/build/icyphy/ptII/ptolemy/actor/lib/test/auto/BooleanSwitch2.xml
1 ms. Memory: 456704K Free: 368039K (81%)
----------------- Invoking toplevel() on ptolemy.moml.MoMLSimpleApplication@226ca7ec
----------------- Done invoking toplevel() on ptolemy.moml.MoMLSimpleApplication@226ca7ec
reloadAllAccessors: .BooleanSwitch2

===========================================================================================
----------------- testing Sat Mar 21 17:46:10 UTC 2020 /home/travis/build/icyphy/ptII/ptolemy/actor/lib/test/auto/BooleanSwitchCloningBugWithClassRelationGroup.xml
----------------- Instantiating /home/travis/build/icyphy/ptII/ptolemy/actor/lib/test/auto/BooleanSwitchCloningBugWithClassRelationGroup.xml
3 ms. Memory: 456704K Free: 361381K (79%)
----------------- Invoking toplevel() on ptolemy.moml.MoMLSimpleApplication@69a10857
----------------- Done invoking toplevel() on ptolemy.moml.MoMLSimpleApplication@69a10857
reloadAllAccessors: .BooleanSwitchCloningBugWithClassRelationGroup

===========================================================================================
----------------- testing Sat Mar 21 17:46:10 UTC 2020 /home/travis/build/icyphy/ptII/ptolemy/actor/lib/test/auto/BusActors.xml
----------------- Instantiating /home/travis/build/icyphy/ptII/ptolemy/actor/lib/test/auto/BusActors.xml
5 ms. Memory: 456704K Free: 353703K (77%)
----------------- Invoking toplevel() on ptolemy.moml.MoMLSimpleApplication@30842945
----------------- Done invoking toplevel() on ptolemy.moml.MoMLSimpleApplication@30842945
reloadAllAccessors: .BusActors

===========================================================================================
----------------- testing Sat Mar 21 17:46:10 UTC 2020 /home/travis/build/icyphy/ptII/ptolemy/actor/lib/test/auto/ClassWrapper.xml
----------------- Instantiating /home/travis/build/icyphy/ptII/ptolemy/actor/lib/test/auto/ClassWrapper.xml
4 ms. Memory: 456704K Free: 349093K (76%)
----------------- Invoking toplevel() on ptolemy.moml.MoMLSimpleApplication@f2ef842
----------------- Done invoking toplevel() on ptolemy.moml.MoMLSimpleApplication@f2ef842
reloadAllAccessors: .ClassWrapper

===========================================================================================
----------------- testing Sat Mar 21 17:46:10 UTC 2020 /home/travis/build/icyphy/ptII/ptolemy/actor/lib/test/auto/Clock.xml
----------------- Instantiating /home/travis/build/icyphy/ptII/ptolemy/actor/lib/test/auto/Clock.xml
1 ms. Memory: 456704K Free: 345511K (76%)
----------------- Invoking toplevel() on ptolemy.moml.MoMLSimpleApplication@413e5c5
----------------- Done invoking toplevel() on ptolemy.moml.MoMLSimpleApplication@413e5c5
reloadAllAccessors: .Clock

===========================================================================================
----------------- testing Sat Mar 21 17:46:10 UTC 2020 /home/travis/build/icyphy/ptII/ptolemy/actor/lib/test/auto/Clock10.xml
----------------- Instantiating /home/travis/build/icyphy/ptII/ptolemy/actor/lib/test/auto/Clock10.xml
3 ms. Memory: 456704K Free: 339367K (74%)
----------------- Invoking toplevel() on ptolemy.moml.MoMLSimpleApplication@5680e6c3
----------------- Done invoking toplevel() on ptolemy.moml.MoMLSimpleApplication@5680e6c3
reloadAllAccessors: .Clock10

===========================================================================================
----------------- testing Sat Mar 21 17:46:10 UTC 2020 /home/travis/build/icyphy/ptII/ptolemy/actor/lib/test/auto/Clock11.xml
----------------- Instantiating /home/travis/build/icyphy/ptII/ptolemy/actor/lib/test/auto/Clock11.xml
4 ms. Memory: 456704K Free: 333733K (73%)
----------------- Invoking toplevel() on ptolemy.moml.MoMLSimpleApplication@5be206e3
----------------- Done invoking toplevel() on ptolemy.moml.MoMLSimpleApplication@5be206e3
reloadAllAccessors: .Clock11

===========================================================================================
----------------- testing Sat Mar 21 17:46:10 UTC 2020 /home/travis/build/icyphy/ptII/ptolemy/actor/lib/test/auto/Clock12.xml
----------------- Instantiating /home/travis/build/icyphy/ptII/ptolemy/actor/lib/test/auto/Clock12.xml
5 ms. Memory: 456704K Free: 327589K (72%)
----------------- Invoking toplevel() on ptolemy.moml.MoMLSimpleApplication@e94029
----------------- Done invoking toplevel() on ptolemy.moml.MoMLSimpleApplication@e94029
reloadAllAccessors: .Clock12

===========================================================================================
----------------- testing Sat Mar 21 17:46:10 UTC 2020 /home/travis/build/icyphy/ptII/ptolemy/actor/lib/test/auto/Clock13.xml
----------------- Instantiating /home/travis/build/icyphy/ptII/ptolemy/actor/lib/test/auto/Clock13.xml
4 ms. Memory: 456704K Free: 321415K (70%)
----------------- Invoking toplevel() on ptolemy.moml.MoMLSimpleApplication@8228138
----------------- Done invoking toplevel() on ptolemy.moml.MoMLSimpleApplication@8228138
reloadAllAccessors: .Clock13

===========================================================================================
----------------- testing Sat Mar 21 17:46:10 UTC 2020 /home/travis/build/icyphy/ptII/ptolemy/actor/lib/test/auto/Clock14.xml
----------------- Instantiating /home/travis/build/icyphy/ptII/ptolemy/actor/lib/test/auto/Clock14.xml
5 ms. Memory: 456704K Free: 315815K (69%)
----------------- Invoking toplevel() on ptolemy.moml.MoMLSimpleApplication@7fddc416
----------------- Done invoking toplevel() on ptolemy.moml.MoMLSimpleApplication@7fddc416
reloadAllAccessors: .Clock14

===========================================================================================
----------------- testing Sat Mar 21 17:46:10 UTC 2020 /home/travis/build/icyphy/ptII/ptolemy/actor/lib/test/auto/Clock15.xml
----------------- Instantiating /home/travis/build/icyphy/ptII/ptolemy/actor/lib/test/auto/Clock15.xml
4 ms. Memory: 456704K Free: 309671K (68%)
----------------- Invoking toplevel() on ptolemy.moml.MoMLSimpleApplication@49c7a92f
----------------- Done invoking toplevel() on ptolemy.moml.MoMLSimpleApplication@49c7a92f
reloadAllAccessors: .Clock15

===========================================================================================
----------------- testing Sat Mar 21 17:46:10 UTC 2020 /home/travis/build/icyphy/ptII/ptolemy/actor/lib/test/auto/Clock16.xml
----------------- Instantiating /home/travis/build/icyphy/ptII/ptolemy/actor/lib/test/auto/Clock16.xml
40 ms. Memory: 456704K Free: 295319K (65%)
----------------- Invoking toplevel() on ptolemy.moml.MoMLSimpleApplication@77ece0ef
----------------- Done invoking toplevel() on ptolemy.moml.MoMLSimpleApplication@77ece0ef
reloadAllAccessors: .Clock16

===========================================================================================
----------------- testing Sat Mar 21 17:46:10 UTC 2020 /home/travis/build/icyphy/ptII/ptolemy/actor/lib/test/auto/Clock17.xml
----------------- Instantiating /home/travis/build/icyphy/ptII/ptolemy/actor/lib/test/auto/Clock17.xml
27 ms. Memory: 456704K Free: 280999K (62%)
----------------- Invoking toplevel() on ptolemy.moml.MoMLSimpleApplication@3f125ec
----------------- Done invoking toplevel() on ptolemy.moml.MoMLSimpleApplication@3f125ec
reloadAllAccessors: .Clock17

===========================================================================================
----------------- testing Sat Mar 21 17:46:10 UTC 2020 /home/travis/build/icyphy/ptII/ptolemy/actor/lib/test/auto/Clock18.xml
----------------- Instantiating /home/travis/build/icyphy/ptII/ptolemy/actor/lib/test/auto/Clock18.xml
24 ms. Memory: 456704K Free: 268167K (59%)
----------------- Invoking toplevel() on ptolemy.moml.MoMLSimpleApplication@15737028
----------------- Done invoking toplevel() on ptolemy.moml.MoMLSimpleApplication@15737028
reloadAllAccessors: .Clock18

===========================================================================================
----------------- testing Sat Mar 21 17:46:10 UTC 2020 /home/travis/build/icyphy/ptII/ptolemy/actor/lib/test/auto/Clock19.xml
----------------- Instantiating /home/travis/build/icyphy/ptII/ptolemy/actor/lib/test/auto/Clock19.xml
20 ms. Memory: 456704K Free: 254878K (56%)
----------------- Invoking toplevel() on ptolemy.moml.MoMLSimpleApplication@7af7b314
----------------- Done invoking toplevel() on ptolemy.moml.MoMLSimpleApplication@7af7b314
reloadAllAccessors: .Clock19

===========================================================================================
----------------- testing Sat Mar 21 17:46:10 UTC 2020 /home/travis/build/icyphy/ptII/ptolemy/actor/lib/test/auto/Clock2.xml
----------------- Instantiating /home/travis/build/icyphy/ptII/ptolemy/actor/lib/test/auto/Clock2.xml
7 ms. Memory: 456704K Free: 250279K (55%)
----------------- Invoking toplevel() on ptolemy.moml.MoMLSimpleApplication@1d6a65b6
----------------- Done invoking toplevel() on ptolemy.moml.MoMLSimpleApplication@1d6a65b6
reloadAllAccessors: .Clock2

===========================================================================================
----------------- testing Sat Mar 21 17:46:10 UTC 2020 /home/travis/build/icyphy/ptII/ptolemy/actor/lib/test/auto/Clock20.xml
----------------- Instantiating /home/travis/build/icyphy/ptII/ptolemy/actor/lib/test/auto/Clock20.xml
10 ms. Memory: 456704K Free: 245159K (54%)
----------------- Invoking toplevel() on ptolemy.moml.MoMLSimpleApplication@6fe0c940
----------------- Done invoking toplevel() on ptolemy.moml.MoMLSimpleApplication@6fe0c940
reloadAllAccessors: .Clock20

===========================================================================================
----------------- testing Sat Mar 21 17:46:10 UTC 2020 /home/travis/build/icyphy/ptII/ptolemy/actor/lib/test/auto/Clock21.xml
----------------- Instantiating /home/travis/build/icyphy/ptII/ptolemy/actor/lib/test/auto/Clock21.xml
5 ms. Memory: 456704K Free: 239525K (52%)
----------------- Invoking toplevel() on ptolemy.moml.MoMLSimpleApplication@4593c45c
----------------- Done invoking toplevel() on ptolemy.moml.MoMLSimpleApplication@4593c45c
reloadAllAccessors: .Clock21

===========================================================================================
----------------- testing Sat Mar 21 17:46:10 UTC 2020 /home/travis/build/icyphy/ptII/ptolemy/actor/lib/test/auto/Clock22.xml
----------------- Instantiating /home/travis/build/icyphy/ptII/ptolemy/actor/lib/test/auto/Clock22.xml
5 ms. Memory: 456704K Free: 234405K (51%)
----------------- Invoking toplevel() on ptolemy.moml.MoMLSimpleApplication@48d785cc
----------------- Done invoking toplevel() on ptolemy.moml.MoMLSimpleApplication@48d785cc
reloadAllAccessors: .Clock22

===========================================================================================
----------------- testing Sat Mar 21 17:46:10 UTC 2020 /home/travis/build/icyphy/ptII/ptolemy/actor/lib/test/auto/Clock23.xml
----------------- Instantiating /home/travis/build/icyphy/ptII/ptolemy/actor/lib/test/auto/Clock23.xml
6 ms. Memory: 456704K Free: 228775K (50%)
----------------- Invoking toplevel() on ptolemy.moml.MoMLSimpleApplication@ebc4869
----------------- Done invoking toplevel() on ptolemy.moml.MoMLSimpleApplication@ebc4869
reloadAllAccessors: .Clock23

===========================================================================================
----------------- testing Sat Mar 21 17:46:10 UTC 2020 /home/travis/build/icyphy/ptII/ptolemy/actor/lib/test/auto/Clock24.xml
----------------- Instantiating /home/travis/build/icyphy/ptII/ptolemy/actor/lib/test/auto/Clock24.xml
4 ms. Memory: 456704K Free: 223655K (49%)
----------------- Invoking toplevel() on ptolemy.moml.MoMLSimpleApplication@7e981fb
----------------- Done invoking toplevel() on ptolemy.moml.MoMLSimpleApplication@7e981fb
reloadAllAccessors: .Clock24

===========================================================================================
----------------- testing Sat Mar 21 17:46:10 UTC 2020 /home/travis/build/icyphy/ptII/ptolemy/actor/lib/test/auto/Clock4.xml
----------------- Instantiating /home/travis/build/icyphy/ptII/ptolemy/actor/lib/test/auto/Clock4.xml
1 ms. Memory: 456704K Free: 218535K (48%)
----------------- Invoking toplevel() on ptolemy.moml.MoMLSimpleApplication@9026a9c
----------------- Done invoking toplevel() on ptolemy.moml.MoMLSimpleApplication@9026a9c
reloadAllAccessors: .Clock4

===========================================================================================
----------------- testing Sat Mar 21 17:46:10 UTC 2020 /home/travis/build/icyphy/ptII/ptolemy/actor/lib/test/auto/Clock5.xml
----------------- Instantiating /home/travis/build/icyphy/ptII/ptolemy/actor/lib/test/auto/Clock5.xml
2 ms. Memory: 456704K Free: 212901K (47%)
----------------- Invoking toplevel() on ptolemy.moml.MoMLSimpleApplication@321a4533
----------------- Done invoking toplevel() on ptolemy.moml.MoMLSimpleApplication@321a4533
reloadAllAccessors: .Clock5

===========================================================================================
----------------- testing Sat Mar 21 17:46:10 UTC 2020 /home/travis/build/icyphy/ptII/ptolemy/actor/lib/test/auto/Clock6.xml
----------------- Instantiating /home/travis/build/icyphy/ptII/ptolemy/actor/lib/test/auto/Clock6.xml
1 ms. Memory: 456704K Free: 208805K (46%)
----------------- Invoking toplevel() on ptolemy.moml.MoMLSimpleApplication@4d81b121
----------------- Done invoking toplevel() on ptolemy.moml.MoMLSimpleApplication@4d81b121
reloadAllAccessors: .Clock6

===========================================================================================
----------------- testing Sat Mar 21 17:46:10 UTC 2020 /home/travis/build/icyphy/ptII/ptolemy/actor/lib/test/auto/Clock7.xml
----------------- Instantiating /home/travis/build/icyphy/ptII/ptolemy/actor/lib/test/auto/Clock7.xml
2 ms. Memory: 456704K Free: 203685K (45%)
----------------- Invoking toplevel() on ptolemy.moml.MoMLSimpleApplication@3809f804
----------------- Done invoking toplevel() on ptolemy.moml.MoMLSimpleApplication@3809f804
reloadAllAccessors: .Clock7

===========================================================================================
----------------- testing Sat Mar 21 17:46:11 UTC 2020 /home/travis/build/icyphy/ptII/ptolemy/actor/lib/test/auto/Clock8.xml
----------------- Instantiating /home/travis/build/icyphy/ptII/ptolemy/actor/lib/test/auto/Clock8.xml
3 ms. Memory: 456704K Free: 198535K (43%)
----------------- Invoking toplevel() on ptolemy.moml.MoMLSimpleApplication@e646380
----------------- Done invoking toplevel() on ptolemy.moml.MoMLSimpleApplication@e646380
reloadAllAccessors: .Clock8

===========================================================================================
----------------- testing Sat Mar 21 17:46:11 UTC 2020 /home/travis/build/icyphy/ptII/ptolemy/actor/lib/test/auto/Clock9.xml
----------------- Instantiating /home/travis/build/icyphy/ptII/ptolemy/actor/lib/test/auto/Clock9.xml
4 ms. Memory: 456704K Free: 192935K (42%)
----------------- Invoking toplevel() on ptolemy.moml.MoMLSimpleApplication@11769235
----------------- Done invoking toplevel() on ptolemy.moml.MoMLSimpleApplication@11769235
reloadAllAccessors: .Clock9

===========================================================================================
----------------- testing Sat Mar 21 17:46:11 UTC 2020 /home/travis/build/icyphy/ptII/ptolemy/actor/lib/test/auto/CommDistDiscard.xml
----------------- Instantiating /home/travis/build/icyphy/ptII/ptolemy/actor/lib/test/auto/CommDistDiscard.xml
5 ms. Memory: 456704K Free: 187301K (41%)
----------------- Invoking toplevel() on ptolemy.moml.MoMLSimpleApplication@6d726bfa
----------------- Done invoking toplevel() on ptolemy.moml.MoMLSimpleApplication@6d726bfa
reloadAllAccessors: .CommDistDiscard

===========================================================================================
----------------- testing Sat Mar 21 17:46:11 UTC 2020 /home/travis/build/icyphy/ptII/ptolemy/actor/lib/test/auto/Commutator.xml
----------------- Instantiating /home/travis/build/icyphy/ptII/ptolemy/actor/lib/test/auto/Commutator.xml
2 ms. Memory: 456704K Free: 183205K (40%)
----------------- Invoking toplevel() on ptolemy.moml.MoMLSimpleApplication@373a2eb4
----------------- Done invoking toplevel() on ptolemy.moml.MoMLSimpleApplication@373a2eb4
reloadAllAccessors: .Commutator

===========================================================================================
----------------- testing Sat Mar 21 17:46:11 UTC 2020 /home/travis/build/icyphy/ptII/ptolemy/actor/lib/test/auto/Commutator2.xml
----------------- Instantiating /home/travis/build/icyphy/ptII/ptolemy/actor/lib/test/auto/Commutator2.xml
4 ms. Memory: 456704K Free: 178599K (39%)
----------------- Invoking toplevel() on ptolemy.moml.MoMLSimpleApplication@506e252d
----------------- Done invoking toplevel() on ptolemy.moml.MoMLSimpleApplication@506e252d
reloadAllAccessors: .Commutator2

===========================================================================================
----------------- testing Sat Mar 21 17:46:11 UTC 2020 /home/travis/build/icyphy/ptII/ptolemy/actor/lib/test/auto/Commutator3.xml
----------------- Instantiating /home/travis/build/icyphy/ptII/ptolemy/actor/lib/test/auto/Commutator3.xml
2 ms. Memory: 456704K Free: 174503K (38%)
----------------- Invoking toplevel() on ptolemy.moml.MoMLSimpleApplication@6362ceb1
----------------- Done invoking toplevel() on ptolemy.moml.MoMLSimpleApplication@6362ceb1
reloadAllAccessors: .Commutator3

===========================================================================================
----------------- testing Sat Mar 21 17:46:11 UTC 2020 /home/travis/build/icyphy/ptII/ptolemy/actor/lib/test/auto/Compare.xml
----------------- Instantiating /home/travis/build/icyphy/ptII/ptolemy/actor/lib/test/auto/Compare.xml
2 ms. Memory: 456704K Free: 167845K (37%)
----------------- Invoking toplevel() on ptolemy.moml.MoMLSimpleApplication@1dbe627e
----------------- Done invoking toplevel() on ptolemy.moml.MoMLSimpleApplication@1dbe627e
reloadAllAccessors: .Compare

===========================================================================================
----------------- testing Sat Mar 21 17:46:11 UTC 2020 /home/travis/build/icyphy/ptII/ptolemy/actor/lib/test/auto/CompareDE.xml
----------------- Instantiating /home/travis/build/icyphy/ptII/ptolemy/actor/lib/test/auto/CompareDE.xml
4 ms. Memory: 456704K Free: 160663K (35%)
----------------- Invoking toplevel() on ptolemy.moml.MoMLSimpleApplication@2d5683dd
----------------- Done invoking toplevel() on ptolemy.moml.MoMLSimpleApplication@2d5683dd
reloadAllAccessors: .CompareDE

===========================================================================================
----------------- testing Sat Mar 21 17:46:11 UTC 2020 /home/travis/build/icyphy/ptII/ptolemy/actor/lib/test/auto/ComplexDivide.xml
----------------- Instantiating /home/travis/build/icyphy/ptII/ptolemy/actor/lib/test/auto/ComplexDivide.xml
1 ms. Memory: 456704K Free: 157095K (34%)
----------------- Invoking toplevel() on ptolemy.moml.MoMLSimpleApplication@6263bd36
----------------- Done invoking toplevel() on ptolemy.moml.MoMLSimpleApplication@6263bd36
reloadAllAccessors: .ComplexDivide

===========================================================================================
----------------- testing Sat Mar 21 17:46:11 UTC 2020 /home/travis/build/icyphy/ptII/ptolemy/actor/lib/test/auto/ComputeHistogram.xml
----------------- Instantiating /home/travis/build/icyphy/ptII/ptolemy/actor/lib/test/auto/ComputeHistogram.xml
32 ms. Memory: 456704K Free: 144293K (32%)
----------------- Invoking toplevel() on ptolemy.moml.MoMLSimpleApplication@6784a204
----------------- Done invoking toplevel() on ptolemy.moml.MoMLSimpleApplication@6784a204
reloadAllAccessors: .ComputeHistogram

===========================================================================================
----------------- testing Sat Mar 21 17:46:11 UTC 2020 /home/travis/build/icyphy/ptII/ptolemy/actor/lib/test/auto/ConfigurationSelect.xml
----------------- Instantiating /home/travis/build/icyphy/ptII/ptolemy/actor/lib/test/auto/ConfigurationSelect.xml
9 ms. Memory: 456704K Free: 139143K (30%)
----------------- Invoking toplevel() on ptolemy.moml.MoMLSimpleApplication@5add6b24
----------------- Done invoking toplevel() on ptolemy.moml.MoMLSimpleApplication@5add6b24
reloadAllAccessors: .ConfigurationSelect

===========================================================================================
----------------- testing Sat Mar 21 17:46:11 UTC 2020 /home/travis/build/icyphy/ptII/ptolemy/actor/lib/test/auto/ConfigurationSelect2.xml
----------------- Instantiating /home/travis/build/icyphy/ptII/ptolemy/actor/lib/test/auto/ConfigurationSelect2.xml
2 ms. Memory: 456704K Free: 406573K (89%)
----------------- Invoking toplevel() on ptolemy.moml.MoMLSimpleApplication@a06dce0
----------------- Done invoking toplevel() on ptolemy.moml.MoMLSimpleApplication@a06dce0
reloadAllAccessors: .ConfigurationSelect2

===========================================================================================
----------------- testing Sat Mar 21 17:46:11 UTC 2020 /home/travis/build/icyphy/ptII/ptolemy/actor/lib/test/auto/ConfigurationSwitch.xml
----------------- Instantiating /home/travis/build/icyphy/ptII/ptolemy/actor/lib/test/auto/ConfigurationSwitch.xml
2 ms. Memory: 456704K Free: 400939K (88%)
----------------- Invoking toplevel() on ptolemy.moml.MoMLSimpleApplication@1568be54
----------------- Done invoking toplevel() on ptolemy.moml.MoMLSimpleApplication@1568be54
reloadAllAccessors: .ConfigurationSwitch

===========================================================================================
----------------- testing Sat Mar 21 17:46:11 UTC 2020 /home/travis/build/icyphy/ptII/ptolemy/actor/lib/test/auto/ConfigurationSwitch2.xml
----------------- Instantiating /home/travis/build/icyphy/ptII/ptolemy/actor/lib/test/auto/ConfigurationSwitch2.xml
3 ms. Memory: 456704K Free: 395309K (87%)
----------------- Invoking toplevel() on ptolemy.moml.MoMLSimpleApplication@dd3a5b0
----------------- Done invoking toplevel() on ptolemy.moml.MoMLSimpleApplication@dd3a5b0
reloadAllAccessors: .ConfigurationSwitch2

===========================================================================================
----------------- testing Sat Mar 21 17:46:11 UTC 2020 /home/travis/build/icyphy/ptII/ptolemy/actor/lib/test/auto/ConfigurationSwitchCloningBugWithClassRelationGroup.xml
----------------- Instantiating /home/travis/build/icyphy/ptII/ptolemy/actor/lib/test/auto/ConfigurationSwitchCloningBugWithClassRelationGroup.xml
1 ms. Memory: 456704K Free: 389165K (85%)
----------------- Invoking toplevel() on ptolemy.moml.MoMLSimpleApplication@4a2ea52
----------------- Done invoking toplevel() on ptolemy.moml.MoMLSimpleApplication@4a2ea52
reloadAllAccessors: .ConfigurationSwitchCloningBugWithClassRelationGroup

===========================================================================================
----------------- testing Sat Mar 21 17:46:11 UTC 2020 /home/travis/build/icyphy/ptII/ptolemy/actor/lib/test/auto/ConfigurationSwitchSelectSDF.xml
----------------- Instantiating /home/travis/build/icyphy/ptII/ptolemy/actor/lib/test/auto/ConfigurationSwitchSelectSDF.xml
3 ms. Memory: 456704K Free: 383531K (84%)
----------------- Invoking toplevel() on ptolemy.moml.MoMLSimpleApplication@7f87af9e
----------------- Done invoking toplevel() on ptolemy.moml.MoMLSimpleApplication@7f87af9e
reloadAllAccessors: .ConfigurationSwitchSelectSDF

===========================================================================================
----------------- testing Sat Mar 21 17:46:11 UTC 2020 /home/travis/build/icyphy/ptII/ptolemy/actor/lib/test/auto/ConfigurationSwitchSelectSDF2.xml
----------------- Instantiating /home/travis/build/icyphy/ptII/ptolemy/actor/lib/test/auto/ConfigurationSwitchSelectSDF2.xml
2 ms. Memory: 456704K Free: 377387K (83%)
----------------- Invoking toplevel() on ptolemy.moml.MoMLSimpleApplication@1f98b24c
----------------- Done invoking toplevel() on ptolemy.moml.MoMLSimpleApplication@1f98b24c
reloadAllAccessors: .ConfigurationSwitchSelectSDF2

===========================================================================================
----------------- testing Sat Mar 21 17:46:11 UTC 2020 /home/travis/build/icyphy/ptII/ptolemy/actor/lib/test/auto/Const.xml
----------------- Instantiating /home/travis/build/icyphy/ptII/ptolemy/actor/lib/test/auto/Const.xml
1 ms. Memory: 456704K Free: 374315K (82%)
----------------- Invoking toplevel() on ptolemy.moml.MoMLSimpleApplication@401f9e7a
----------------- Done invoking toplevel() on ptolemy.moml.MoMLSimpleApplication@401f9e7a
reloadAllAccessors: .Const

===========================================================================================
----------------- testing Sat Mar 21 17:46:11 UTC 2020 /home/travis/build/icyphy/ptII/ptolemy/actor/lib/test/auto/Const2.xml
----------------- Instantiating /home/travis/build/icyphy/ptII/ptolemy/actor/lib/test/auto/Const2.xml
1 ms. Memory: 456704K Free: 370219K (81%)
----------------- Invoking toplevel() on ptolemy.moml.MoMLSimpleApplication@dcbd313
----------------- Done invoking toplevel() on ptolemy.moml.MoMLSimpleApplication@dcbd313
reloadAllAccessors: .Const2

===========================================================================================
----------------- testing Sat Mar 21 17:46:11 UTC 2020 /home/travis/build/icyphy/ptII/ptolemy/actor/lib/test/auto/Const3.xml
----------------- Instantiating /home/travis/build/icyphy/ptII/ptolemy/actor/lib/test/auto/Const3.xml
0 ms. Memory: 456704K Free: 367147K (80%)
----------------- Invoking toplevel() on ptolemy.moml.MoMLSimpleApplication@f5002f7
----------------- Done invoking toplevel() on ptolemy.moml.MoMLSimpleApplication@f5002f7
reloadAllAccessors: .Const3

===========================================================================================
----------------- testing Sat Mar 21 17:46:11 UTC 2020 /home/travis/build/icyphy/ptII/ptolemy/actor/lib/test/auto/ConstantPublisherPort1.xml
----------------- Instantiating /home/travis/build/icyphy/ptII/ptolemy/actor/lib/test/auto/ConstantPublisherPort1.xml
6 ms. Memory: 456704K Free: 358955K (79%)
----------------- Invoking toplevel() on ptolemy.moml.MoMLSimpleApplication@1d599452
----------------- Done invoking toplevel() on ptolemy.moml.MoMLSimpleApplication@1d599452
reloadAllAccessors: .ConstantPublisherPort1

===========================================================================================
----------------- testing Sat Mar 21 17:46:11 UTC 2020 /home/travis/build/icyphy/ptII/ptolemy/actor/lib/test/auto/ConstantPublisherPort2.xml
----------------- Instantiating /home/travis/build/icyphy/ptII/ptolemy/actor/lib/test/auto/ConstantPublisherPort2.xml
11 ms. Memory: 456704K Free: 351277K (77%)
----------------- Invoking toplevel() on ptolemy.moml.MoMLSimpleApplication@1cd3bd52
----------------- Done invoking toplevel() on ptolemy.moml.MoMLSimpleApplication@1cd3bd52
reloadAllAccessors: .ConstantPublisherPort2

===========================================================================================
----------------- testing Sat Mar 21 17:46:11 UTC 2020 /home/travis/build/icyphy/ptII/ptolemy/actor/lib/test/auto/ConstantPublisherPort3.xml
----------------- Instantiating /home/travis/build/icyphy/ptII/ptolemy/actor/lib/test/auto/ConstantPublisherPort3.xml
6 ms. Memory: 456704K Free: 344109K (75%)
----------------- Invoking toplevel() on ptolemy.moml.MoMLSimpleApplication@62c1e045
----------------- Done invoking toplevel() on ptolemy.moml.MoMLSimpleApplication@62c1e045
reloadAllAccessors: .ConstantPublisherPort3

===========================================================================================
----------------- testing Sat Mar 21 17:46:11 UTC 2020 /home/travis/build/icyphy/ptII/ptolemy/actor/lib/test/auto/ConstantPublisherPort4.xml
----------------- Instantiating /home/travis/build/icyphy/ptII/ptolemy/actor/lib/test/auto/ConstantPublisherPort4.xml
4 ms. Memory: 456704K Free: 336941K (74%)
----------------- Invoking toplevel() on ptolemy.moml.MoMLSimpleApplication@31a473db
----------------- Done invoking toplevel() on ptolemy.moml.MoMLSimpleApplication@31a473db
reloadAllAccessors: .ConstantPublisherPort4

===========================================================================================
----------------- testing Sat Mar 21 17:46:11 UTC 2020 /home/travis/build/icyphy/ptII/ptolemy/actor/lib/test/auto/ConstantPublisherPort5.xml
----------------- Instantiating /home/travis/build/icyphy/ptII/ptolemy/actor/lib/test/auto/ConstantPublisherPort5.xml
28 ms. Memory: 456704K Free: 327211K (72%)
----------------- Invoking toplevel() on ptolemy.moml.MoMLSimpleApplication@7cb1349
----------------- Done invoking toplevel() on ptolemy.moml.MoMLSimpleApplication@7cb1349
reloadAllAccessors: .ConstantPublisherPort5

===========================================================================================
----------------- testing Sat Mar 21 17:46:11 UTC 2020 /home/travis/build/icyphy/ptII/ptolemy/actor/lib/test/auto/ConstantPublisherPort6.xml
----------------- Instantiating /home/travis/build/icyphy/ptII/ptolemy/actor/lib/test/auto/ConstantPublisherPort6.xml
13 ms. Memory: 456704K Free: 318509K (70%)
----------------- Invoking toplevel() on ptolemy.moml.MoMLSimpleApplication@2848f93c
----------------- Done invoking toplevel() on ptolemy.moml.MoMLSimpleApplication@2848f93c
reloadAllAccessors: .ConstantPublisherPort6

===========================================================================================
----------------- testing Sat Mar 21 17:46:11 UTC 2020 /home/travis/build/icyphy/ptII/ptolemy/actor/lib/test/auto/ConstantPublisherPort7.xml
----------------- Instantiating /home/travis/build/icyphy/ptII/ptolemy/actor/lib/test/auto/ConstantPublisherPort7.xml
16 ms. Memory: 456704K Free: 309293K (68%)
----------------- Invoking toplevel() on ptolemy.moml.MoMLSimpleApplication@5e8f2356
----------------- Done invoking toplevel() on ptolemy.moml.MoMLSimpleApplication@5e8f2356
reloadAllAccessors: .ConstantPublisherPort7

===========================================================================================
----------------- testing Sat Mar 21 17:46:11 UTC 2020 /home/travis/build/icyphy/ptII/ptolemy/actor/lib/test/auto/ConstraintMonitor1.xml
----------------- Instantiating /home/travis/build/icyphy/ptII/ptolemy/actor/lib/test/auto/ConstraintMonitor1.xml
5 ms. Memory: 456704K Free: 304173K (67%)
----------------- Invoking toplevel() on ptolemy.moml.MoMLSimpleApplication@ea2c5a1
----------------- Done invoking toplevel() on ptolemy.moml.MoMLSimpleApplication@ea2c5a1
reloadAllAccessors: .ConstraintMonitor1

===========================================================================================
----------------- testing Sat Mar 21 17:46:11 UTC 2020 /home/travis/build/icyphy/ptII/ptolemy/actor/lib/test/auto/ConstraintMonitor2.xml
----------------- Instantiating /home/travis/build/icyphy/ptII/ptolemy/actor/lib/test/auto/ConstraintMonitor2.xml
3 ms. Memory: 456704K Free: 299563K (66%)
----------------- Invoking toplevel() on ptolemy.moml.MoMLSimpleApplication@20340a1
----------------- Done invoking toplevel() on ptolemy.moml.MoMLSimpleApplication@20340a1
reloadAllAccessors: .ConstraintMonitor2

===========================================================================================
----------------- testing Sat Mar 21 17:46:11 UTC 2020 /home/travis/build/icyphy/ptII/ptolemy/actor/lib/test/auto/ConstraintMonitor3.xml
----------------- Instantiating /home/travis/build/icyphy/ptII/ptolemy/actor/lib/test/auto/ConstraintMonitor3.xml
1 ms. Memory: 456704K Free: 294957K (65%)
----------------- Invoking toplevel() on ptolemy.moml.MoMLSimpleApplication@55cd35e3
----------------- Done invoking toplevel() on ptolemy.moml.MoMLSimpleApplication@55cd35e3
reloadAllAccessors: .ConstraintMonitor3

===========================================================================================
----------------- testing Sat Mar 21 17:46:11 UTC 2020 /home/travis/build/icyphy/ptII/ptolemy/actor/lib/test/auto/ConstraintMonitor4.xml
----------------- Instantiating /home/travis/build/icyphy/ptII/ptolemy/actor/lib/test/auto/ConstraintMonitor4.xml
4 ms. Memory: 456704K Free: 290347K (64%)
----------------- Invoking toplevel() on ptolemy.moml.MoMLSimpleApplication@45778e30
----------------- Done invoking toplevel() on ptolemy.moml.MoMLSimpleApplication@45778e30
reloadAllAccessors: .ConstraintMonitor4

===========================================================================================
----------------- testing Sat Mar 21 17:46:11 UTC 2020 /home/travis/build/icyphy/ptII/ptolemy/actor/lib/test/auto/ConstraintMonitor5.xml
----------------- Instantiating /home/travis/build/icyphy/ptII/ptolemy/actor/lib/test/auto/ConstraintMonitor5.xml
4 ms. Memory: 456704K Free: 285227K (62%)
----------------- Invoking toplevel() on ptolemy.moml.MoMLSimpleApplication@48ed77a6
----------------- Done invoking toplevel() on ptolemy.moml.MoMLSimpleApplication@48ed77a6
reloadAllAccessors: .ConstraintMonitor5

===========================================================================================
----------------- testing Sat Mar 21 17:46:11 UTC 2020 /home/travis/build/icyphy/ptII/ptolemy/actor/lib/test/auto/ConstraintMonitor6.xml
----------------- Instantiating /home/travis/build/icyphy/ptII/ptolemy/actor/lib/test/auto/ConstraintMonitor6.xml
3 ms. Memory: 456704K Free: 279597K (61%)
----------------- Invoking toplevel() on ptolemy.moml.MoMLSimpleApplication@5506a587
----------------- Done invoking toplevel() on ptolemy.moml.MoMLSimpleApplication@5506a587
reloadAllAccessors: .ConstraintMonitor6

===========================================================================================
----------------- testing Sat Mar 21 17:46:11 UTC 2020 /home/travis/build/icyphy/ptII/ptolemy/actor/lib/test/auto/ConstraintMonitor7.xml
----------------- Instantiating /home/travis/build/icyphy/ptII/ptolemy/actor/lib/test/auto/ConstraintMonitor7.xml
2 ms. Memory: 456704K Free: 272933K (60%)
----------------- Invoking toplevel() on ptolemy.moml.MoMLSimpleApplication@2183cc47
----------------- Done invoking toplevel() on ptolemy.moml.MoMLSimpleApplication@2183cc47
reloadAllAccessors: .ConstraintMonitor7

===========================================================================================
----------------- testing Sat Mar 21 17:46:11 UTC 2020 /home/travis/build/icyphy/ptII/ptolemy/actor/lib/test/auto/ConstraintMonitor8.xml
----------------- Instantiating /home/travis/build/icyphy/ptII/ptolemy/actor/lib/test/auto/ConstraintMonitor8.xml
5 ms. Memory: 456704K Free: 265261K (58%)
----------------- Invoking toplevel() on ptolemy.moml.MoMLSimpleApplication@1d82d85a
----------------- Done invoking toplevel() on ptolemy.moml.MoMLSimpleApplication@1d82d85a
reloadAllAccessors: .ConstraintMonitor8

===========================================================================================
----------------- testing Sat Mar 21 17:46:11 UTC 2020 /home/travis/build/icyphy/ptII/ptolemy/actor/lib/test/auto/Counter.xml
----------------- Instantiating /home/travis/build/icyphy/ptII/ptolemy/actor/lib/test/auto/Counter.xml
2 ms. Memory: 456704K Free: 260651K (57%)
----------------- Invoking toplevel() on ptolemy.moml.MoMLSimpleApplication@4a4f018b
----------------- Done invoking toplevel() on ptolemy.moml.MoMLSimpleApplication@4a4f018b
reloadAllAccessors: .Counter

===========================================================================================
----------------- testing Sat Mar 21 17:46:11 UTC 2020 /home/travis/build/icyphy/ptII/ptolemy/actor/lib/test/auto/CurrentTimeSDF.xml
----------------- Instantiating /home/travis/build/icyphy/ptII/ptolemy/actor/lib/test/auto/CurrentTimeSDF.xml
2 ms. Memory: 456704K Free: 256555K (56%)
----------------- Invoking toplevel() on ptolemy.moml.MoMLSimpleApplication@5aaaf50a
----------------- Done invoking toplevel() on ptolemy.moml.MoMLSimpleApplication@5aaaf50a
reloadAllAccessors: .CurrentTimeSDF

===========================================================================================
----------------- testing Sat Mar 21 17:46:11 UTC 2020 /home/travis/build/icyphy/ptII/ptolemy/actor/lib/test/auto/DB.xml
----------------- Instantiating /home/travis/build/icyphy/ptII/ptolemy/actor/lib/test/auto/DB.xml
2 ms. Memory: 456704K Free: 251435K (55%)
----------------- Invoking toplevel() on ptolemy.moml.MoMLSimpleApplication@526033b9
----------------- Done invoking toplevel() on ptolemy.moml.MoMLSimpleApplication@526033b9
reloadAllAccessors: .DB

===========================================================================================
----------------- testing Sat Mar 21 17:46:11 UTC 2020 /home/travis/build/icyphy/ptII/ptolemy/actor/lib/test/auto/DBDE.xml
----------------- Instantiating /home/travis/build/icyphy/ptII/ptolemy/actor/lib/test/auto/DBDE.xml
3 ms. Memory: 456704K Free: 245805K (54%)
----------------- Invoking toplevel() on ptolemy.moml.MoMLSimpleApplication@243c086f
----------------- Done invoking toplevel() on ptolemy.moml.MoMLSimpleApplication@243c086f
reloadAllAccessors: .DBDE

===========================================================================================
----------------- testing Sat Mar 21 17:46:11 UTC 2020 /home/travis/build/icyphy/ptII/ptolemy/actor/lib/test/auto/DateConstructor.xml
----------------- Instantiating /home/travis/build/icyphy/ptII/ptolemy/actor/lib/test/auto/DateConstructor.xml
26 ms. Memory: 456704K Free: 228397K (50%)
----------------- Invoking toplevel() on ptolemy.moml.MoMLSimpleApplication@54ed324b
----------------- Done invoking toplevel() on ptolemy.moml.MoMLSimpleApplication@54ed324b
reloadAllAccessors: .DateConstructor

===========================================================================================
----------------- testing Sat Mar 21 17:46:12 UTC 2020 /home/travis/build/icyphy/ptII/ptolemy/actor/lib/test/auto/DelayTime.xml
----------------- Instantiating /home/travis/build/icyphy/ptII/ptolemy/actor/lib/test/auto/DelayTime.xml
6 ms. Memory: 456704K Free: 223277K (49%)
----------------- Invoking toplevel() on ptolemy.moml.MoMLSimpleApplication@5b6abb08
----------------- Done invoking toplevel() on ptolemy.moml.MoMLSimpleApplication@5b6abb08
reloadAllAccessors: .DelayTime

===========================================================================================
----------------- testing Sat Mar 21 17:46:12 UTC 2020 /home/travis/build/icyphy/ptII/ptolemy/actor/lib/test/auto/Dictionary1.xml
----------------- Instantiating /home/travis/build/icyphy/ptII/ptolemy/actor/lib/test/auto/Dictionary1.xml
6 ms. Memory: 456704K Free: 218157K (48%)
----------------- Invoking toplevel() on ptolemy.moml.MoMLSimpleApplication@4c3e71dc
----------------- Done invoking toplevel() on ptolemy.moml.MoMLSimpleApplication@4c3e71dc
reloadAllAccessors: .Dictionary1

===========================================================================================
----------------- testing Sat Mar 21 17:46:12 UTC 2020 /home/travis/build/icyphy/ptII/ptolemy/actor/lib/test/auto/Dictionary2.xml
----------------- Instantiating /home/travis/build/icyphy/ptII/ptolemy/actor/lib/test/auto/Dictionary2.xml
4 ms. Memory: 456704K Free: 212523K (47%)
----------------- Invoking toplevel() on ptolemy.moml.MoMLSimpleApplication@3d253547
----------------- Done invoking toplevel() on ptolemy.moml.MoMLSimpleApplication@3d253547
reloadAllAccessors: .Dictionary2

===========================================================================================
----------------- testing Sat Mar 21 17:46:12 UTC 2020 /home/travis/build/icyphy/ptII/ptolemy/actor/lib/test/auto/Dictionary3.xml
----------------- Instantiating /home/travis/build/icyphy/ptII/ptolemy/actor/lib/test/auto/Dictionary3.xml
1 ms. Memory: 456704K Free: 206893K (45%)
----------------- Invoking toplevel() on ptolemy.moml.MoMLSimpleApplication@7b726e18
----------------- Done invoking toplevel() on ptolemy.moml.MoMLSimpleApplication@7b726e18
reloadAllAccessors: .Dictionary3

===========================================================================================
----------------- testing Sat Mar 21 17:46:12 UTC 2020 /home/travis/build/icyphy/ptII/ptolemy/actor/lib/test/auto/Dictionary4.xml
----------------- Instantiating /home/travis/build/icyphy/ptII/ptolemy/actor/lib/test/auto/Dictionary4.xml
3 ms. Memory: 456704K Free: 200235K (44%)
----------------- Invoking toplevel() on ptolemy.moml.MoMLSimpleApplication@2515c325
----------------- Done invoking toplevel() on ptolemy.moml.MoMLSimpleApplication@2515c325
reloadAllAccessors: .Dictionary4

===========================================================================================
----------------- testing Sat Mar 21 17:46:12 UTC 2020 /home/travis/build/icyphy/ptII/ptolemy/actor/lib/test/auto/Differential.xml
----------------- Instantiating /home/travis/build/icyphy/ptII/ptolemy/actor/lib/test/auto/Differential.xml
3 ms. Memory: 456704K Free: 195629K (43%)
----------------- Invoking toplevel() on ptolemy.moml.MoMLSimpleApplication@146eeeb1
----------------- Done invoking toplevel() on ptolemy.moml.MoMLSimpleApplication@146eeeb1
reloadAllAccessors: .Differential

===========================================================================================
----------------- testing Sat Mar 21 17:46:12 UTC 2020 /home/travis/build/icyphy/ptII/ptolemy/actor/lib/test/auto/Director.xml
----------------- Instantiating /home/travis/build/icyphy/ptII/ptolemy/actor/lib/test/auto/Director.xml
1 ms. Memory: 456704K Free: 192043K (42%)
----------------- Invoking toplevel() on ptolemy.moml.MoMLSimpleApplication@4b38b02b
----------------- Done invoking toplevel() on ptolemy.moml.MoMLSimpleApplication@4b38b02b
reloadAllAccessors: .Director

===========================================================================================
----------------- testing Sat Mar 21 17:46:12 UTC 2020 /home/travis/build/icyphy/ptII/ptolemy/actor/lib/test/auto/DiscreteClock.xml
----------------- Instantiating /home/travis/build/icyphy/ptII/ptolemy/actor/lib/test/auto/DiscreteClock.xml
2 ms. Memory: 456704K Free: 187947K (41%)
----------------- Invoking toplevel() on ptolemy.moml.MoMLSimpleApplication@14aca44f
----------------- Done invoking toplevel() on ptolemy.moml.MoMLSimpleApplication@14aca44f
reloadAllAccessors: .DiscreteClock

===========================================================================================
----------------- testing Sat Mar 21 17:46:12 UTC 2020 /home/travis/build/icyphy/ptII/ptolemy/actor/lib/test/auto/DiscreteClock10.xml
----------------- Instantiating /home/travis/build/icyphy/ptII/ptolemy/actor/lib/test/auto/DiscreteClock10.xml
6 ms. Memory: 456704K Free: 182317K (40%)
----------------- Invoking toplevel() on ptolemy.moml.MoMLSimpleApplication@141562ff
----------------- Done invoking toplevel() on ptolemy.moml.MoMLSimpleApplication@141562ff
reloadAllAccessors: .DiscreteClock10

===========================================================================================
----------------- testing Sat Mar 21 17:46:12 UTC 2020 /home/travis/build/icyphy/ptII/ptolemy/actor/lib/test/auto/DiscreteClock11.xml
----------------- Instantiating /home/travis/build/icyphy/ptII/ptolemy/actor/lib/test/auto/DiscreteClock11.xml
2 ms. Memory: 456704K Free: 176173K (39%)
----------------- Invoking toplevel() on ptolemy.moml.MoMLSimpleApplication@7626bc1d
----------------- Done invoking toplevel() on ptolemy.moml.MoMLSimpleApplication@7626bc1d
reloadAllAccessors: .DiscreteClock11

===========================================================================================
----------------- testing Sat Mar 21 17:46:12 UTC 2020 /home/travis/build/icyphy/ptII/ptolemy/actor/lib/test/auto/DiscreteClock12.xml
----------------- Instantiating /home/travis/build/icyphy/ptII/ptolemy/actor/lib/test/auto/DiscreteClock12.xml
2 ms. Memory: 456704K Free: 170029K (37%)
----------------- Invoking toplevel() on ptolemy.moml.MoMLSimpleApplication@7de13a06
----------------- Done invoking toplevel() on ptolemy.moml.MoMLSimpleApplication@7de13a06
reloadAllAccessors: .DiscreteClock12

===========================================================================================
----------------- testing Sat Mar 21 17:46:12 UTC 2020 /home/travis/build/icyphy/ptII/ptolemy/actor/lib/test/auto/DiscreteClock13.xml
----------------- Instantiating /home/travis/build/icyphy/ptII/ptolemy/actor/lib/test/auto/DiscreteClock13.xml
5 ms. Memory: 456704K Free: 164389K (36%)
----------------- Invoking toplevel() on ptolemy.moml.MoMLSimpleApplication@11ae4466
----------------- Done invoking toplevel() on ptolemy.moml.MoMLSimpleApplication@11ae4466
reloadAllAccessors: .DiscreteClock13

===========================================================================================
----------------- testing Sat Mar 21 17:46:12 UTC 2020 /home/travis/build/icyphy/ptII/ptolemy/actor/lib/test/auto/DiscreteClock14.xml
----------------- Instantiating /home/travis/build/icyphy/ptII/ptolemy/actor/lib/test/auto/DiscreteClock14.xml
5 ms. Memory: 456704K Free: 158245K (35%)
----------------- Invoking toplevel() on ptolemy.moml.MoMLSimpleApplication@d113c4
----------------- Done invoking toplevel() on ptolemy.moml.MoMLSimpleApplication@d113c4
reloadAllAccessors: .DiscreteClock14

===========================================================================================
----------------- testing Sat Mar 21 17:46:12 UTC 2020 /home/travis/build/icyphy/ptII/ptolemy/actor/lib/test/auto/DiscreteClock15.xml
----------------- Instantiating /home/travis/build/icyphy/ptII/ptolemy/actor/lib/test/auto/DiscreteClock15.xml
4 ms. Memory: 456704K Free: 152101K (33%)
----------------- Invoking toplevel() on ptolemy.moml.MoMLSimpleApplication@68eb8dc5
----------------- Done invoking toplevel() on ptolemy.moml.MoMLSimpleApplication@68eb8dc5
reloadAllAccessors: .DiscreteClock15

===========================================================================================
----------------- testing Sat Mar 21 17:46:12 UTC 2020 /home/travis/build/icyphy/ptII/ptolemy/actor/lib/test/auto/DiscreteClock16.xml
----------------- Instantiating /home/travis/build/icyphy/ptII/ptolemy/actor/lib/test/auto/DiscreteClock16.xml
15 ms. Memory: 456704K Free: 138285K (30%)
----------------- Invoking toplevel() on ptolemy.moml.MoMLSimpleApplication@1f4e958c
----------------- Done invoking toplevel() on ptolemy.moml.MoMLSimpleApplication@1f4e958c
reloadAllAccessors: .DiscreteClock16

===========================================================================================
----------------- testing Sat Mar 21 17:46:12 UTC 2020 /home/travis/build/icyphy/ptII/ptolemy/actor/lib/test/auto/DiscreteClock17.xml
----------------- Instantiating /home/travis/build/icyphy/ptII/ptolemy/actor/lib/test/auto/DiscreteClock17.xml
15 ms. Memory: 456704K Free: 395129K (87%)
----------------- Invoking toplevel() on ptolemy.moml.MoMLSimpleApplication@29830b5c
----------------- Done invoking toplevel() on ptolemy.moml.MoMLSimpleApplication@29830b5c
reloadAllAccessors: .DiscreteClock17

===========================================================================================
----------------- testing Sat Mar 21 17:46:12 UTC 2020 /home/travis/build/icyphy/ptII/ptolemy/actor/lib/test/auto/DiscreteClock18.xml
----------------- Instantiating /home/travis/build/icyphy/ptII/ptolemy/actor/lib/test/auto/DiscreteClock18.xml
24 ms. Memory: 456704K Free: 381303K (83%)
----------------- Invoking toplevel() on ptolemy.moml.MoMLSimpleApplication@755b32
----------------- Done invoking toplevel() on ptolemy.moml.MoMLSimpleApplication@755b32
reloadAllAccessors: .DiscreteClock18

===========================================================================================
----------------- testing Sat Mar 21 17:46:12 UTC 2020 /home/travis/build/icyphy/ptII/ptolemy/actor/lib/test/auto/DiscreteClock19.xml
----------------- Instantiating /home/travis/build/icyphy/ptII/ptolemy/actor/lib/test/auto/DiscreteClock19.xml
11 ms. Memory: 456704K Free: 367481K (80%)
----------------- Invoking toplevel() on ptolemy.moml.MoMLSimpleApplication@3cffbaee
----------------- Done invoking toplevel() on ptolemy.moml.MoMLSimpleApplication@3cffbaee
reloadAllAccessors: .DiscreteClock19

===========================================================================================
----------------- testing Sat Mar 21 17:46:12 UTC 2020 /home/travis/build/icyphy/ptII/ptolemy/actor/lib/test/auto/DiscreteClock2.xml
----------------- Instantiating /home/travis/build/icyphy/ptII/ptolemy/actor/lib/test/auto/DiscreteClock2.xml
10 ms. Memory: 456704K Free: 362361K (79%)
----------------- Invoking toplevel() on ptolemy.moml.MoMLSimpleApplication@755757dd
----------------- Done invoking toplevel() on ptolemy.moml.MoMLSimpleApplication@755757dd
reloadAllAccessors: .DiscreteClock2

===========================================================================================
----------------- testing Sat Mar 21 17:46:12 UTC 2020 /home/travis/build/icyphy/ptII/ptolemy/actor/lib/test/auto/DiscreteClock20.xml
----------------- Instantiating /home/travis/build/icyphy/ptII/ptolemy/actor/lib/test/auto/DiscreteClock20.xml
4 ms. Memory: 456704K Free: 357241K (78%)
----------------- Invoking toplevel() on ptolemy.moml.MoMLSimpleApplication@1ab3c7e6
----------------- Done invoking toplevel() on ptolemy.moml.MoMLSimpleApplication@1ab3c7e6
reloadAllAccessors: .DiscreteClock20

===========================================================================================
----------------- testing Sat Mar 21 17:46:12 UTC 2020 /home/travis/build/icyphy/ptII/ptolemy/actor/lib/test/auto/DiscreteClock21.xml
----------------- Instantiating /home/travis/build/icyphy/ptII/ptolemy/actor/lib/test/auto/DiscreteClock21.xml
3 ms. Memory: 456704K Free: 351607K (77%)
----------------- Invoking toplevel() on ptolemy.moml.MoMLSimpleApplication@7a67dfc9
----------------- Done invoking toplevel() on ptolemy.moml.MoMLSimpleApplication@7a67dfc9
reloadAllAccessors: .DiscreteClock21

===========================================================================================
----------------- testing Sat Mar 21 17:46:12 UTC 2020 /home/travis/build/icyphy/ptII/ptolemy/actor/lib/test/auto/DiscreteClock22.xml
----------------- Instantiating /home/travis/build/icyphy/ptII/ptolemy/actor/lib/test/auto/DiscreteClock22.xml
6 ms. Memory: 456704K Free: 345977K (76%)
----------------- Invoking toplevel() on ptolemy.moml.MoMLSimpleApplication@1285fc63
----------------- Done invoking toplevel() on ptolemy.moml.MoMLSimpleApplication@1285fc63
reloadAllAccessors: .DiscreteClock22

===========================================================================================
----------------- testing Sat Mar 21 17:46:12 UTC 2020 /home/travis/build/icyphy/ptII/ptolemy/actor/lib/test/auto/DiscreteClock23.xml
----------------- Instantiating /home/travis/build/icyphy/ptII/ptolemy/actor/lib/test/auto/DiscreteClock23.xml
1 ms. Memory: 456704K Free: 340343K (75%)
----------------- Invoking toplevel() on ptolemy.moml.MoMLSimpleApplication@72982177
----------------- Done invoking toplevel() on ptolemy.moml.MoMLSimpleApplication@72982177
reloadAllAccessors: .DiscreteClock23

===========================================================================================
----------------- testing Sat Mar 21 17:46:12 UTC 2020 /home/travis/build/icyphy/ptII/ptolemy/actor/lib/test/auto/DiscreteClock24.xml
----------------- Instantiating /home/travis/build/icyphy/ptII/ptolemy/actor/lib/test/auto/DiscreteClock24.xml
5 ms. Memory: 456704K Free: 335223K (73%)
----------------- Invoking toplevel() on ptolemy.moml.MoMLSimpleApplication@5b531f27
----------------- Done invoking toplevel() on ptolemy.moml.MoMLSimpleApplication@5b531f27
reloadAllAccessors: .DiscreteClock24

===========================================================================================
----------------- testing Sat Mar 21 17:46:12 UTC 2020 /home/travis/build/icyphy/ptII/ptolemy/actor/lib/test/auto/DiscreteClock4.xml
----------------- Instantiating /home/travis/build/icyphy/ptII/ptolemy/actor/lib/test/auto/DiscreteClock4.xml
1 ms. Memory: 456704K Free: 329593K (72%)
----------------- Invoking toplevel() on ptolemy.moml.MoMLSimpleApplication@66bd6ee2
----------------- Done invoking toplevel() on ptolemy.moml.MoMLSimpleApplication@66bd6ee2
reloadAllAccessors: .DiscreteClock4

===========================================================================================
----------------- testing Sat Mar 21 17:46:12 UTC 2020 /home/travis/build/icyphy/ptII/ptolemy/actor/lib/test/auto/DiscreteClock5.xml
----------------- Instantiating /home/travis/build/icyphy/ptII/ptolemy/actor/lib/test/auto/DiscreteClock5.xml
1 ms. Memory: 456704K Free: 323945K (71%)
----------------- Invoking toplevel() on ptolemy.moml.MoMLSimpleApplication@18ca0f09
----------------- Done invoking toplevel() on ptolemy.moml.MoMLSimpleApplication@18ca0f09
reloadAllAccessors: .DiscreteClock5

===========================================================================================
----------------- testing Sat Mar 21 17:46:12 UTC 2020 /home/travis/build/icyphy/ptII/ptolemy/actor/lib/test/auto/DiscreteClock6.xml
----------------- Instantiating /home/travis/build/icyphy/ptII/ptolemy/actor/lib/test/auto/DiscreteClock6.xml
1 ms. Memory: 456704K Free: 319353K (70%)
----------------- Invoking toplevel() on ptolemy.moml.MoMLSimpleApplication@58660ee5
----------------- Done invoking toplevel() on ptolemy.moml.MoMLSimpleApplication@58660ee5
reloadAllAccessors: .DiscreteClock6

===========================================================================================
----------------- testing Sat Mar 21 17:46:12 UTC 2020 /home/travis/build/icyphy/ptII/ptolemy/actor/lib/test/auto/DiscreteClock7.xml
----------------- Instantiating /home/travis/build/icyphy/ptII/ptolemy/actor/lib/test/auto/DiscreteClock7.xml
2 ms. Memory: 456704K Free: 314743K (69%)
----------------- Invoking toplevel() on ptolemy.moml.MoMLSimpleApplication@56a046f1
----------------- Done invoking toplevel() on ptolemy.moml.MoMLSimpleApplication@56a046f1
reloadAllAccessors: .DiscreteClock7

===========================================================================================
----------------- testing Sat Mar 21 17:46:12 UTC 2020 /home/travis/build/icyphy/ptII/ptolemy/actor/lib/test/auto/DiscreteClock8.xml
----------------- Instantiating /home/travis/build/icyphy/ptII/ptolemy/actor/lib/test/auto/DiscreteClock8.xml
4 ms. Memory: 456704K Free: 309593K (68%)
----------------- Invoking toplevel() on ptolemy.moml.MoMLSimpleApplication@6d1eee8d
----------------- Done invoking toplevel() on ptolemy.moml.MoMLSimpleApplication@6d1eee8d
reloadAllAccessors: .DiscreteClock8

===========================================================================================
----------------- testing Sat Mar 21 17:46:12 UTC 2020 /home/travis/build/icyphy/ptII/ptolemy/actor/lib/test/auto/DiscreteClock9.xml
----------------- Instantiating /home/travis/build/icyphy/ptII/ptolemy/actor/lib/test/auto/DiscreteClock9.xml
4 ms. Memory: 456704K Free: 303993K (67%)
----------------- Invoking toplevel() on ptolemy.moml.MoMLSimpleApplication@6e04568b
----------------- Done invoking toplevel() on ptolemy.moml.MoMLSimpleApplication@6e04568b
reloadAllAccessors: .DiscreteClock9

===========================================================================================
----------------- testing Sat Mar 21 17:46:12 UTC 2020 /home/travis/build/icyphy/ptII/ptolemy/actor/lib/test/auto/DisplayArray.xml
----------------- Instantiating /home/travis/build/icyphy/ptII/ptolemy/actor/lib/test/auto/DisplayArray.xml
1 ms. Memory: 456704K Free: 300407K (66%)
----------------- Invoking toplevel() on ptolemy.moml.MoMLSimpleApplication@7705c029
----------------- Done invoking toplevel() on ptolemy.moml.MoMLSimpleApplication@7705c029
reloadAllAccessors: .DisplayArray

===========================================================================================
----------------- testing Sat Mar 21 17:46:12 UTC 2020 /home/travis/build/icyphy/ptII/ptolemy/actor/lib/test/auto/Distributor.xml
----------------- Instantiating /home/travis/build/icyphy/ptII/ptolemy/actor/lib/test/auto/Distributor.xml
1 ms. Memory: 456704K Free: 295801K (65%)
----------------- Invoking toplevel() on ptolemy.moml.MoMLSimpleApplication@41ee12fd
----------------- Done invoking toplevel() on ptolemy.moml.MoMLSimpleApplication@41ee12fd
reloadAllAccessors: .Distributor

===========================================================================================
----------------- testing Sat Mar 21 17:46:12 UTC 2020 /home/travis/build/icyphy/ptII/ptolemy/actor/lib/test/auto/Distributor2.xml
----------------- Instantiating /home/travis/build/icyphy/ptII/ptolemy/actor/lib/test/auto/Distributor2.xml
2 ms. Memory: 456704K Free: 291191K (64%)
----------------- Invoking toplevel() on ptolemy.moml.MoMLSimpleApplication@52f20e41
----------------- Done invoking toplevel() on ptolemy.moml.MoMLSimpleApplication@52f20e41
reloadAllAccessors: .Distributor2

===========================================================================================
----------------- testing Sat Mar 21 17:46:12 UTC 2020 /home/travis/build/icyphy/ptII/ptolemy/actor/lib/test/auto/DownSample.xml
----------------- Instantiating /home/travis/build/icyphy/ptII/ptolemy/actor/lib/test/auto/DownSample.xml
2 ms. Memory: 456704K Free: 286585K (63%)
----------------- Invoking toplevel() on ptolemy.moml.MoMLSimpleApplication@29ecf857
----------------- Done invoking toplevel() on ptolemy.moml.MoMLSimpleApplication@29ecf857
reloadAllAccessors: .DownSample

===========================================================================================
----------------- testing Sat Mar 21 17:46:12 UTC 2020 /home/travis/build/icyphy/ptII/ptolemy/actor/lib/test/auto/ElectronicUnitBase1.xml
----------------- Instantiating /home/travis/build/icyphy/ptII/ptolemy/actor/lib/test/auto/ElectronicUnitBase1.xml
19 ms. Memory: 456704K Free: 270711K (59%)
----------------- Invoking toplevel() on ptolemy.moml.MoMLSimpleApplication@edd42a7
----------------- Done invoking toplevel() on ptolemy.moml.MoMLSimpleApplication@edd42a7
reloadAllAccessors: .ElectronicUnitBase1

===========================================================================================
----------------- testing Sat Mar 21 17:46:12 UTC 2020 /home/travis/build/icyphy/ptII/ptolemy/actor/lib/test/auto/ElementsToArray.xml
----------------- Instantiating /home/travis/build/icyphy/ptII/ptolemy/actor/lib/test/auto/ElementsToArray.xml
3 ms. Memory: 456704K Free: 265591K (58%)
----------------- Invoking toplevel() on ptolemy.moml.MoMLSimpleApplication@18526a41
----------------- Done invoking toplevel() on ptolemy.moml.MoMLSimpleApplication@18526a41
reloadAllAccessors: .ElementsToArray

===========================================================================================
----------------- testing Sat Mar 21 17:46:12 UTC 2020 /home/travis/build/icyphy/ptII/ptolemy/actor/lib/test/auto/Equals.xml
----------------- Instantiating /home/travis/build/icyphy/ptII/ptolemy/actor/lib/test/auto/Equals.xml
3 ms. Memory: 456704K Free: 260985K (57%)
----------------- Invoking toplevel() on ptolemy.moml.MoMLSimpleApplication@5e00ce93
----------------- Done invoking toplevel() on ptolemy.moml.MoMLSimpleApplication@5e00ce93
reloadAllAccessors: .Equals

===========================================================================================
----------------- testing Sat Mar 21 17:46:12 UTC 2020 /home/travis/build/icyphy/ptII/ptolemy/actor/lib/test/auto/Exec.xml
----------------- Instantiating /home/travis/build/icyphy/ptII/ptolemy/actor/lib/test/auto/Exec.xml
20 ms. Memory: 456704K Free: 256375K (56%)
----------------- Invoking toplevel() on ptolemy.moml.MoMLSimpleApplication@77bc90e5
----------------- Done invoking toplevel() on ptolemy.moml.MoMLSimpleApplication@77bc90e5
reloadAllAccessors: .Exec

===========================================================================================
----------------- testing Sat Mar 21 17:46:12 UTC 2020 /home/travis/build/icyphy/ptII/ptolemy/actor/lib/test/auto/ExecEnvironment.xml
----------------- Instantiating /home/travis/build/icyphy/ptII/ptolemy/actor/lib/test/auto/ExecEnvironment.xml
25 ms. Memory: 456704K Free: 250743K (55%)
----------------- Invoking toplevel() on ptolemy.moml.MoMLSimpleApplication@356c0b57
----------------- Done invoking toplevel() on ptolemy.moml.MoMLSimpleApplication@356c0b57
reloadAllAccessors: .ExecEnvironment

===========================================================================================
----------------- testing Sat Mar 21 17:46:12 UTC 2020 /home/travis/build/icyphy/ptII/ptolemy/actor/lib/test/auto/ExecNonZeroReturnOutput.xml
----------------- Instantiating /home/travis/build/icyphy/ptII/ptolemy/actor/lib/test/auto/ExecNonZeroReturnOutput.xml
163 ms. Memory: 456704K Free: 237943K (52%)
----------------- Invoking toplevel() on ptolemy.moml.MoMLSimpleApplication@5a491038
----------------- Done invoking toplevel() on ptolemy.moml.MoMLSimpleApplication@5a491038
reloadAllAccessors: .ExecNonZeroReturnOutput

===========================================================================================
----------------- testing Sat Mar 21 17:46:13 UTC 2020 /home/travis/build/icyphy/ptII/ptolemy/actor/lib/test/auto/ExecRunDemos.xml
----------------- Instantiating /home/travis/build/icyphy/ptII/ptolemy/actor/lib/test/auto/ExecRunDemos.xml
Finished: 59 ms. Memory: 129024K Free: 112108K (87%)

Finished: 65 ms. Memory: 129024K Free: 109510K (85%)

Finished: 98 ms. Memory: 129024K Free: 109516K (85%)

Finished: 93 ms. Memory: 129024K Free: 111345K (86%)

Finished: 87 ms. Memory: 129024K Free: 111762K (87%)

10195 ms. Memory: 456704K Free: 216439K (47%)
----------------- Invoking toplevel() on ptolemy.moml.MoMLSimpleApplication@6b893585
----------------- Done invoking toplevel() on ptolemy.moml.MoMLSimpleApplication@6b893585
reloadAllAccessors: .ExecRunDemos

===========================================================================================
----------------- testing Sat Mar 21 17:46:23 UTC 2020 /home/travis/build/icyphy/ptII/ptolemy/actor/lib/test/auto/ExecStop.xml
----------------- Instantiating /home/travis/build/icyphy/ptII/ptolemy/actor/lib/test/auto/ExecStop.xml
5013 ms. Memory: 456704K Free: 333957K (73%)
----------------- Invoking toplevel() on ptolemy.moml.MoMLSimpleApplication@729c6a34
----------------- Done invoking toplevel() on ptolemy.moml.MoMLSimpleApplication@729c6a34
reloadAllAccessors: .ExecStop

===========================================================================================
----------------- testing Sat Mar 21 17:46:28 UTC 2020 /home/travis/build/icyphy/ptII/ptolemy/actor/lib/test/auto/ExecutionTimeSDF.xml
----------------- Instantiating /home/travis/build/icyphy/ptII/ptolemy/actor/lib/test/auto/ExecutionTimeSDF.xml
Fired ExecutionTime: -388167296
Fired ExecutionTime: 1350400000
Fired ExecutionTime: 1337200000
6010 ms. Memory: 456704K Free: 320645K (70%)

===========================================================================================
----------------- testing Sat Mar 21 17:46:34 UTC 2020 /home/travis/build/icyphy/ptII/ptolemy/actor/lib/test/auto/Expression1.xml
----------------- Instantiating /home/travis/build/icyphy/ptII/ptolemy/actor/lib/test/auto/Expression1.xml
2 ms. Memory: 456704K Free: 316039K (69%)
----------------- Invoking toplevel() on ptolemy.moml.MoMLSimpleApplication@3a281d03
----------------- Done invoking toplevel() on ptolemy.moml.MoMLSimpleApplication@3a281d03
reloadAllAccessors: .Expression1

===========================================================================================
----------------- testing Sat Mar 21 17:46:34 UTC 2020 /home/travis/build/icyphy/ptII/ptolemy/actor/lib/test/auto/Expression10.xml
----------------- Instantiating /home/travis/build/icyphy/ptII/ptolemy/actor/lib/test/auto/Expression10.xml
6 ms. Memory: 456704K Free: 310405K (68%)
----------------- Invoking toplevel() on ptolemy.moml.MoMLSimpleApplication@6eeaa8d3
----------------- Done invoking toplevel() on ptolemy.moml.MoMLSimpleApplication@6eeaa8d3
reloadAllAccessors: .Expression10

===========================================================================================
----------------- testing Sat Mar 21 17:46:34 UTC 2020 /home/travis/build/icyphy/ptII/ptolemy/actor/lib/test/auto/Expression11.xml
----------------- Instantiating /home/travis/build/icyphy/ptII/ptolemy/actor/lib/test/auto/Expression11.xml
2 ms. Memory: 456704K Free: 305799K (67%)
----------------- Invoking toplevel() on ptolemy.moml.MoMLSimpleApplication@24798c43
----------------- Done invoking toplevel() on ptolemy.moml.MoMLSimpleApplication@24798c43
reloadAllAccessors: .Expression11

===========================================================================================
----------------- testing Sat Mar 21 17:46:34 UTC 2020 /home/travis/build/icyphy/ptII/ptolemy/actor/lib/test/auto/Expression12.xml
----------------- Instantiating /home/travis/build/icyphy/ptII/ptolemy/actor/lib/test/auto/Expression12.xml
3 ms. Memory: 456704K Free: 300679K (66%)
----------------- Invoking toplevel() on ptolemy.moml.MoMLSimpleApplication@479e963f
----------------- Done invoking toplevel() on ptolemy.moml.MoMLSimpleApplication@479e963f
reloadAllAccessors: .Expression12

===========================================================================================
----------------- testing Sat Mar 21 17:46:34 UTC 2020 /home/travis/build/icyphy/ptII/ptolemy/actor/lib/test/auto/Expression13.xml
----------------- Instantiating /home/travis/build/icyphy/ptII/ptolemy/actor/lib/test/auto/Expression13.xml
3 ms. Memory: 456704K Free: 295559K (65%)
----------------- Invoking toplevel() on ptolemy.moml.MoMLSimpleApplication@62b8a43c
----------------- Done invoking toplevel() on ptolemy.moml.MoMLSimpleApplication@62b8a43c
reloadAllAccessors: .Expression13

===========================================================================================
----------------- testing Sat Mar 21 17:46:34 UTC 2020 /home/travis/build/icyphy/ptII/ptolemy/actor/lib/test/auto/Expression14.xml
----------------- Instantiating /home/travis/build/icyphy/ptII/ptolemy/actor/lib/test/auto/Expression14.xml
12 ms. Memory: 456704K Free: 289415K (63%)
----------------- Invoking toplevel() on ptolemy.moml.MoMLSimpleApplication@3c32cd54
----------------- Done invoking toplevel() on ptolemy.moml.MoMLSimpleApplication@3c32cd54
reloadAllAccessors: .Expression14

===========================================================================================
----------------- testing Sat Mar 21 17:46:34 UTC 2020 /home/travis/build/icyphy/ptII/ptolemy/actor/lib/test/auto/Expression15.xml
----------------- Instantiating /home/travis/build/icyphy/ptII/ptolemy/actor/lib/test/auto/Expression15.xml
2 ms. Memory: 456704K Free: 285319K (62%)
----------------- Invoking toplevel() on ptolemy.moml.MoMLSimpleApplication@623230ee
----------------- Done invoking toplevel() on ptolemy.moml.MoMLSimpleApplication@623230ee
reloadAllAccessors: .Expression15

===========================================================================================
----------------- testing Sat Mar 21 17:46:34 UTC 2020 /home/travis/build/icyphy/ptII/ptolemy/actor/lib/test/auto/Expression16.xml
----------------- Instantiating /home/travis/build/icyphy/ptII/ptolemy/actor/lib/test/auto/Expression16.xml
3 ms. Memory: 456704K Free: 280199K (61%)
----------------- Invoking toplevel() on ptolemy.moml.MoMLSimpleApplication@4784f15a
----------------- Done invoking toplevel() on ptolemy.moml.MoMLSimpleApplication@4784f15a
reloadAllAccessors: .Expression16

===========================================================================================
----------------- testing Sat Mar 21 17:46:34 UTC 2020 /home/travis/build/icyphy/ptII/ptolemy/actor/lib/test/auto/Expression17.xml
----------------- Instantiating /home/travis/build/icyphy/ptII/ptolemy/actor/lib/test/auto/Expression17.xml
4 ms. Memory: 456704K Free: 275589K (60%)
----------------- Invoking toplevel() on ptolemy.moml.MoMLSimpleApplication@200dd1b5
----------------- Done invoking toplevel() on ptolemy.moml.MoMLSimpleApplication@200dd1b5
reloadAllAccessors: .Expression17

===========================================================================================
----------------- testing Sat Mar 21 17:46:34 UTC 2020 /home/travis/build/icyphy/ptII/ptolemy/actor/lib/test/auto/Expression18.xml
----------------- Instantiating /home/travis/build/icyphy/ptII/ptolemy/actor/lib/test/auto/Expression18.xml
2 ms. Memory: 456704K Free: 270469K (59%)
----------------- Invoking toplevel() on ptolemy.moml.MoMLSimpleApplication@35dd05b0
----------------- Done invoking toplevel() on ptolemy.moml.MoMLSimpleApplication@35dd05b0
reloadAllAccessors: .Expression18

===========================================================================================
----------------- testing Sat Mar 21 17:46:34 UTC 2020 /home/travis/build/icyphy/ptII/ptolemy/actor/lib/test/auto/Expression2.xml
----------------- Instantiating /home/travis/build/icyphy/ptII/ptolemy/actor/lib/test/auto/Expression2.xml
3 ms. Memory: 456704K Free: 265349K (58%)
----------------- Invoking toplevel() on ptolemy.moml.MoMLSimpleApplication@169797f5
----------------- Done invoking toplevel() on ptolemy.moml.MoMLSimpleApplication@169797f5
reloadAllAccessors: .Expression2

===========================================================================================
----------------- testing Sat Mar 21 17:46:34 UTC 2020 /home/travis/build/icyphy/ptII/ptolemy/actor/lib/test/auto/Expression3.xml
----------------- Instantiating /home/travis/build/icyphy/ptII/ptolemy/actor/lib/test/auto/Expression3.xml
5 ms. Memory: 456704K Free: 260229K (57%)
----------------- Invoking toplevel() on ptolemy.moml.MoMLSimpleApplication@bf467d5
----------------- Done invoking toplevel() on ptolemy.moml.MoMLSimpleApplication@bf467d5
reloadAllAccessors: .Expression3

===========================================================================================
----------------- testing Sat Mar 21 17:46:34 UTC 2020 /home/travis/build/icyphy/ptII/ptolemy/actor/lib/test/auto/Expression4.xml
----------------- Instantiating /home/travis/build/icyphy/ptII/ptolemy/actor/lib/test/auto/Expression4.xml
5 ms. Memory: 456704K Free: 252551K (55%)
----------------- Invoking toplevel() on ptolemy.moml.MoMLSimpleApplication@e230d5d
----------------- Done invoking toplevel() on ptolemy.moml.MoMLSimpleApplication@e230d5d
reloadAllAccessors: .Expression4

===========================================================================================
----------------- testing Sat Mar 21 17:46:34 UTC 2020 /home/travis/build/icyphy/ptII/ptolemy/actor/lib/test/auto/Expression5.xml
----------------- Instantiating /home/travis/build/icyphy/ptII/ptolemy/actor/lib/test/auto/Expression5.xml
3 ms. Memory: 456704K Free: 247941K (54%)
----------------- Invoking toplevel() on ptolemy.moml.MoMLSimpleApplication@2bd7aa21
----------------- Done invoking toplevel() on ptolemy.moml.MoMLSimpleApplication@2bd7aa21
reloadAllAccessors: .Expression5

===========================================================================================
----------------- testing Sat Mar 21 17:46:34 UTC 2020 /home/travis/build/icyphy/ptII/ptolemy/actor/lib/test/auto/Expression6.xml
----------------- Instantiating /home/travis/build/icyphy/ptII/ptolemy/actor/lib/test/auto/Expression6.xml
2 ms. Memory: 456704K Free: 243335K (53%)
----------------- Invoking toplevel() on ptolemy.moml.MoMLSimpleApplication@4de073b5
----------------- Done invoking toplevel() on ptolemy.moml.MoMLSimpleApplication@4de073b5
reloadAllAccessors: .Expression6

===========================================================================================
----------------- testing Sat Mar 21 17:46:34 UTC 2020 /home/travis/build/icyphy/ptII/ptolemy/actor/lib/test/auto/Expression7.xml
----------------- Instantiating /home/travis/build/icyphy/ptII/ptolemy/actor/lib/test/auto/Expression7.xml
3 ms. Memory: 456704K Free: 238215K (52%)
----------------- Invoking toplevel() on ptolemy.moml.MoMLSimpleApplication@1e0321c5
----------------- Done invoking toplevel() on ptolemy.moml.MoMLSimpleApplication@1e0321c5
reloadAllAccessors: .Expression7

===========================================================================================
----------------- testing Sat Mar 21 17:46:34 UTC 2020 /home/travis/build/icyphy/ptII/ptolemy/actor/lib/test/auto/Expression8.xml
----------------- Instantiating /home/travis/build/icyphy/ptII/ptolemy/actor/lib/test/auto/Expression8.xml
6 ms. Memory: 456704K Free: 233095K (51%)
----------------- Invoking toplevel() on ptolemy.moml.MoMLSimpleApplication@3dfd6924
----------------- Done invoking toplevel() on ptolemy.moml.MoMLSimpleApplication@3dfd6924
reloadAllAccessors: .Expression8

===========================================================================================
----------------- testing Sat Mar 21 17:46:34 UTC 2020 /home/travis/build/icyphy/ptII/ptolemy/actor/lib/test/auto/Expression9.xml
----------------- Instantiating /home/travis/build/icyphy/ptII/ptolemy/actor/lib/test/auto/Expression9.xml
1 ms. Memory: 456704K Free: 228999K (50%)
----------------- Invoking toplevel() on ptolemy.moml.MoMLSimpleApplication@398cca72
----------------- Done invoking toplevel() on ptolemy.moml.MoMLSimpleApplication@398cca72
reloadAllAccessors: .Expression9

===========================================================================================
----------------- testing Sat Mar 21 17:46:34 UTC 2020 /home/travis/build/icyphy/ptII/ptolemy/actor/lib/test/auto/ExpressionConcatenateArrayType.xml
----------------- Instantiating /home/travis/build/icyphy/ptII/ptolemy/actor/lib/test/auto/ExpressionConcatenateArrayType.xml
2 ms. Memory: 456704K Free: 222341K (49%)
----------------- Invoking toplevel() on ptolemy.moml.MoMLSimpleApplication@7321f60
----------------- Done invoking toplevel() on ptolemy.moml.MoMLSimpleApplication@7321f60
reloadAllAccessors: .ExpressionConcatenateArrayType

===========================================================================================
----------------- testing Sat Mar 21 17:46:34 UTC 2020 /home/travis/build/icyphy/ptII/ptolemy/actor/lib/test/auto/ExpressionConcatenateArrayType2.xml
----------------- Instantiating /home/travis/build/icyphy/ptII/ptolemy/actor/lib/test/auto/ExpressionConcatenateArrayType2.xml
2 ms. Memory: 456704K Free: 217221K (48%)
----------------- Invoking toplevel() on ptolemy.moml.MoMLSimpleApplication@10a53a07
----------------- Done invoking toplevel() on ptolemy.moml.MoMLSimpleApplication@10a53a07
reloadAllAccessors: .ExpressionConcatenateArrayType2

===========================================================================================
----------------- testing Sat Mar 21 17:46:34 UTC 2020 /home/travis/build/icyphy/ptII/ptolemy/actor/lib/test/auto/ExpressionFix.xml
----------------- Instantiating /home/travis/build/icyphy/ptII/ptolemy/actor/lib/test/auto/ExpressionFix.xml
21 ms. Memory: 456704K Free: 210567K (46%)
----------------- Invoking toplevel() on ptolemy.moml.MoMLSimpleApplication@5a782122
----------------- Done invoking toplevel() on ptolemy.moml.MoMLSimpleApplication@5a782122
reloadAllAccessors: .ExpressionFix

===========================================================================================
----------------- testing Sat Mar 21 17:46:34 UTC 2020 /home/travis/build/icyphy/ptII/ptolemy/actor/lib/test/auto/ExpressionFix2.xml
----------------- Instantiating /home/travis/build/icyphy/ptII/ptolemy/actor/lib/test/auto/ExpressionFix2.xml
4 ms. Memory: 456704K Free: 206471K (45%)
----------------- Invoking toplevel() on ptolemy.moml.MoMLSimpleApplication@636f413c
----------------- Done invoking toplevel() on ptolemy.moml.MoMLSimpleApplication@636f413c
reloadAllAccessors: .ExpressionFix2

===========================================================================================
----------------- testing Sat Mar 21 17:46:34 UTC 2020 /home/travis/build/icyphy/ptII/ptolemy/actor/lib/test/auto/ExpressionFix3.xml
----------------- Instantiating /home/travis/build/icyphy/ptII/ptolemy/actor/lib/test/auto/ExpressionFix3.xml
2 ms. Memory: 456704K Free: 201861K (44%)
----------------- Invoking toplevel() on ptolemy.moml.MoMLSimpleApplication@223b708a
----------------- Done invoking toplevel() on ptolemy.moml.MoMLSimpleApplication@223b708a
reloadAllAccessors: .ExpressionFix3

===========================================================================================
----------------- testing Sat Mar 21 17:46:34 UTC 2020 /home/travis/build/icyphy/ptII/ptolemy/actor/lib/test/auto/FileWriter1.xml
----------------- Instantiating /home/travis/build/icyphy/ptII/ptolemy/actor/lib/test/auto/FileWriter1.xml
1 ms. Memory: 456704K Free: 197765K (43%)
----------------- Invoking toplevel() on ptolemy.moml.MoMLSimpleApplication@1254c43e
----------------- Done invoking toplevel() on ptolemy.moml.MoMLSimpleApplication@1254c43e
reloadAllAccessors: .FileWriter1

===========================================================================================
----------------- testing Sat Mar 21 17:46:34 UTC 2020 /home/travis/build/icyphy/ptII/ptolemy/actor/lib/test/auto/FileWriter2.xml
----------------- Instantiating /home/travis/build/icyphy/ptII/ptolemy/actor/lib/test/auto/FileWriter2.xml
6 ms. Memory: 456704K Free: 193159K (42%)
----------------- Invoking toplevel() on ptolemy.moml.MoMLSimpleApplication@5d638e6c
----------------- Done invoking toplevel() on ptolemy.moml.MoMLSimpleApplication@5d638e6c
reloadAllAccessors: .FileWriter2

===========================================================================================
----------------- testing Sat Mar 21 17:46:34 UTC 2020 /home/travis/build/icyphy/ptII/ptolemy/actor/lib/test/auto/FileWriter3.xml
----------------- Instantiating /home/travis/build/icyphy/ptII/ptolemy/actor/lib/test/auto/FileWriter3.xml
3 ms. Memory: 456704K Free: 189063K (41%)
----------------- Invoking toplevel() on ptolemy.moml.MoMLSimpleApplication@31f22003
----------------- Done invoking toplevel() on ptolemy.moml.MoMLSimpleApplication@31f22003
reloadAllAccessors: .FileWriter3

===========================================================================================
----------------- testing Sat Mar 21 17:46:34 UTC 2020 /home/travis/build/icyphy/ptII/ptolemy/actor/lib/test/auto/Gaussian.xml
----------------- Instantiating /home/travis/build/icyphy/ptII/ptolemy/actor/lib/test/auto/Gaussian.xml
2 ms. Memory: 456704K Free: 184967K (41%)
----------------- Invoking toplevel() on ptolemy.moml.MoMLSimpleApplication@4a6ffba
----------------- Done invoking toplevel() on ptolemy.moml.MoMLSimpleApplication@4a6ffba
reloadAllAccessors: .Gaussian

===========================================================================================
----------------- testing Sat Mar 21 17:46:34 UTC 2020 /home/travis/build/icyphy/ptII/ptolemy/actor/lib/test/auto/Gaussian1.xml
----------------- Instantiating /home/travis/build/icyphy/ptII/ptolemy/actor/lib/test/auto/Gaussian1.xml
9 ms. Memory: 456704K Free: 179303K (39%)
----------------- Invoking toplevel() on ptolemy.moml.MoMLSimpleApplication@2ce38f6e
----------------- Done invoking toplevel() on ptolemy.moml.MoMLSimpleApplication@2ce38f6e
reloadAllAccessors: .Gaussian1

===========================================================================================
----------------- testing Sat Mar 21 17:46:34 UTC 2020 /home/travis/build/icyphy/ptII/ptolemy/actor/lib/test/auto/Gaussian2.xml
----------------- Instantiating /home/travis/build/icyphy/ptII/ptolemy/actor/lib/test/auto/Gaussian2.xml
2 ms. Memory: 456704K Free: 173703K (38%)
----------------- Invoking toplevel() on ptolemy.moml.MoMLSimpleApplication@43209be4
----------------- Done invoking toplevel() on ptolemy.moml.MoMLSimpleApplication@43209be4
reloadAllAccessors: .Gaussian2

===========================================================================================
----------------- testing Sat Mar 21 17:46:35 UTC 2020 /home/travis/build/icyphy/ptII/ptolemy/actor/lib/test/auto/GradientAdaptiveLattice.xml
----------------- Instantiating /home/travis/build/icyphy/ptII/ptolemy/actor/lib/test/auto/GradientAdaptiveLattice.xml
3 ms. Memory: 456704K Free: 168583K (37%)
----------------- Invoking toplevel() on ptolemy.moml.MoMLSimpleApplication@17feecae
----------------- Done invoking toplevel() on ptolemy.moml.MoMLSimpleApplication@17feecae
reloadAllAccessors: .GradientAdaptiveLattice

===========================================================================================
----------------- testing Sat Mar 21 17:46:35 UTC 2020 /home/travis/build/icyphy/ptII/ptolemy/actor/lib/test/auto/IIR.xml
----------------- Instantiating /home/travis/build/icyphy/ptII/ptolemy/actor/lib/test/auto/IIR.xml
1 ms. Memory: 456704K Free: 163463K (36%)
----------------- Invoking toplevel() on ptolemy.moml.MoMLSimpleApplication@3eef6d6b
----------------- Done invoking toplevel() on ptolemy.moml.MoMLSimpleApplication@3eef6d6b
reloadAllAccessors: .IIR

===========================================================================================
----------------- testing Sat Mar 21 17:46:35 UTC 2020 /home/travis/build/icyphy/ptII/ptolemy/actor/lib/test/auto/InputOutputTransparentPorts.xml
----------------- Instantiating /home/travis/build/icyphy/ptII/ptolemy/actor/lib/test/auto/InputOutputTransparentPorts.xml
1 ms. Memory: 456704K Free: 156805K (34%)
----------------- Invoking toplevel() on ptolemy.moml.MoMLSimpleApplication@59072dd5
----------------- Done invoking toplevel() on ptolemy.moml.MoMLSimpleApplication@59072dd5
reloadAllAccessors: .InputOutputTransparentPorts

===========================================================================================
----------------- testing Sat Mar 21 17:46:35 UTC 2020 /home/travis/build/icyphy/ptII/ptolemy/actor/lib/test/auto/Interpolator.xml
----------------- Instantiating /home/travis/build/icyphy/ptII/ptolemy/actor/lib/test/auto/Interpolator.xml
5 ms. Memory: 456704K Free: 152709K (33%)
----------------- Invoking toplevel() on ptolemy.moml.MoMLSimpleApplication@14ae7021
----------------- Done invoking toplevel() on ptolemy.moml.MoMLSimpleApplication@14ae7021
reloadAllAccessors: .Interpolator

===========================================================================================
----------------- testing Sat Mar 21 17:46:35 UTC 2020 /home/travis/build/icyphy/ptII/ptolemy/actor/lib/test/auto/InterpolatorFiringLimitDE.xml
----------------- Instantiating /home/travis/build/icyphy/ptII/ptolemy/actor/lib/test/auto/InterpolatorFiringLimitDE.xml
2 ms. Memory: 456704K Free: 146565K (32%)
----------------- Invoking toplevel() on ptolemy.moml.MoMLSimpleApplication@a77d2e5
----------------- Done invoking toplevel() on ptolemy.moml.MoMLSimpleApplication@a77d2e5
reloadAllAccessors: .InterpolatorFiringLimitDE

===========================================================================================
----------------- testing Sat Mar 21 17:46:35 UTC 2020 /home/travis/build/icyphy/ptII/ptolemy/actor/lib/test/auto/Lattice.xml
----------------- Instantiating /home/travis/build/icyphy/ptII/ptolemy/actor/lib/test/auto/Lattice.xml
1 ms. Memory: 456704K Free: 142469K (31%)
----------------- Invoking toplevel() on ptolemy.moml.MoMLSimpleApplication@24bae36
----------------- Done invoking toplevel() on ptolemy.moml.MoMLSimpleApplication@24bae36
reloadAllAccessors: .Lattice

===========================================================================================
----------------- testing Sat Mar 21 17:46:35 UTC 2020 /home/travis/build/icyphy/ptII/ptolemy/actor/lib/test/auto/LazyAOCTestLazy.xml
----------------- Instantiating /home/travis/build/icyphy/ptII/ptolemy/actor/lib/test/auto/LazyAOCTestLazy.xml
23 ms. Memory: 456704K Free: 407237K (89%)
----------------- Invoking toplevel() on ptolemy.moml.MoMLSimpleApplication@565383b
----------------- Done invoking toplevel() on ptolemy.moml.MoMLSimpleApplication@565383b
reloadAllAccessors: .LazyAOCTestLazy

===========================================================================================
----------------- testing Sat Mar 21 17:46:35 UTC 2020 /home/travis/build/icyphy/ptII/ptolemy/actor/lib/test/auto/LazyAOCTestNonLazy.xml
----------------- Instantiating /home/travis/build/icyphy/ptII/ptolemy/actor/lib/test/auto/LazyAOCTestNonLazy.xml
2 ms. Memory: 456704K Free: 400102K (88%)
----------------- Invoking toplevel() on ptolemy.moml.MoMLSimpleApplication@22de148b
----------------- Done invoking toplevel() on ptolemy.moml.MoMLSimpleApplication@22de148b
reloadAllAccessors: .LazyAOCTestNonLazy

===========================================================================================
----------------- testing Sat Mar 21 17:46:35 UTC 2020 /home/travis/build/icyphy/ptII/ptolemy/actor/lib/test/auto/LazyInnerClass.xml
----------------- Instantiating /home/travis/build/icyphy/ptII/ptolemy/actor/lib/test/auto/LazyInnerClass.xml
10 ms. Memory: 456704K Free: 391400K (86%)
----------------- Invoking toplevel() on ptolemy.moml.MoMLSimpleApplication@5839b34a
----------------- Done invoking toplevel() on ptolemy.moml.MoMLSimpleApplication@5839b34a
reloadAllAccessors: .LazyInnerClass

===========================================================================================
----------------- testing Sat Mar 21 17:46:35 UTC 2020 /home/travis/build/icyphy/ptII/ptolemy/actor/lib/test/auto/LazyPubSub.xml
----------------- Instantiating /home/travis/build/icyphy/ptII/ptolemy/actor/lib/test/auto/LazyPubSub.xml
13 ms. Memory: 456704K Free: 381670K (84%)
----------------- Invoking toplevel() on ptolemy.moml.MoMLSimpleApplication@68183282
----------------- Done invoking toplevel() on ptolemy.moml.MoMLSimpleApplication@68183282
reloadAllAccessors: .LazyPubSub

===========================================================================================
----------------- testing Sat Mar 21 17:46:35 UTC 2020 /home/travis/build/icyphy/ptII/ptolemy/actor/lib/test/auto/LazyPubSub2.xml
----------------- Instantiating /home/travis/build/icyphy/ptII/ptolemy/actor/lib/test/auto/LazyPubSub2.xml
21 ms. Memory: 456704K Free: 371430K (81%)
----------------- Invoking toplevel() on ptolemy.moml.MoMLSimpleApplication@7db9965e
----------------- Done invoking toplevel() on ptolemy.moml.MoMLSimpleApplication@7db9965e
reloadAllAccessors: .LazyPubSub2

===========================================================================================
----------------- testing Sat Mar 21 17:46:35 UTC 2020 /home/travis/build/icyphy/ptII/ptolemy/actor/lib/test/auto/LazyPubSub3.xml
----------------- Instantiating /home/travis/build/icyphy/ptII/ptolemy/actor/lib/test/auto/LazyPubSub3.xml
12 ms. Memory: 456704K Free: 361190K (79%)
----------------- Invoking toplevel() on ptolemy.moml.MoMLSimpleApplication@19cb73fc
----------------- Done invoking toplevel() on ptolemy.moml.MoMLSimpleApplication@19cb73fc
reloadAllAccessors: .LazyPubSub3

===========================================================================================
----------------- testing Sat Mar 21 17:46:35 UTC 2020 /home/travis/build/icyphy/ptII/ptolemy/actor/lib/test/auto/LazySubClassModel.xml
----------------- Instantiating /home/travis/build/icyphy/ptII/ptolemy/actor/lib/test/auto/LazySubClassModel.xml
2 ms. Memory: 456704K Free: 352488K (77%)
----------------- Invoking toplevel() on ptolemy.moml.MoMLSimpleApplication@252015d6
----------------- Done invoking toplevel() on ptolemy.moml.MoMLSimpleApplication@252015d6
reloadAllAccessors: .LazySubClassModel

===========================================================================================
----------------- testing Sat Mar 21 17:46:35 UTC 2020 /home/travis/build/icyphy/ptII/ptolemy/actor/lib/test/auto/LevelCrossTest1.xml
----------------- Instantiating /home/travis/build/icyphy/ptII/ptolemy/actor/lib/test/auto/LevelCrossTest1.xml
1 ms. Memory: 456704K Free: 346854K (76%)
----------------- Invoking toplevel() on ptolemy.moml.MoMLSimpleApplication@7add8c20
----------------- Done invoking toplevel() on ptolemy.moml.MoMLSimpleApplication@7add8c20
reloadAllAccessors: .broken

===========================================================================================
----------------- testing Sat Mar 21 17:46:35 UTC 2020 /home/travis/build/icyphy/ptII/ptolemy/actor/lib/test/auto/LevelCrossTest10.xml
----------------- Instantiating /home/travis/build/icyphy/ptII/ptolemy/actor/lib/test/auto/LevelCrossTest10.xml
1 ms. Memory: 456704K Free: 339176K (74%)
----------------- Invoking toplevel() on ptolemy.moml.MoMLSimpleApplication@3c02379
----------------- Done invoking toplevel() on ptolemy.moml.MoMLSimpleApplication@3c02379
reloadAllAccessors: .LevelCrossTest10

===========================================================================================
----------------- testing Sat Mar 21 17:46:35 UTC 2020 /home/travis/build/icyphy/ptII/ptolemy/actor/lib/test/auto/LevelCrossTest11.xml
----------------- Instantiating /home/travis/build/icyphy/ptII/ptolemy/actor/lib/test/auto/LevelCrossTest11.xml
1 ms. Memory: 456704K Free: 332008K (73%)
----------------- Invoking toplevel() on ptolemy.moml.MoMLSimpleApplication@323d17a8
----------------- Done invoking toplevel() on ptolemy.moml.MoMLSimpleApplication@323d17a8
reloadAllAccessors: .LevelCrossTest11

===========================================================================================
----------------- testing Sat Mar 21 17:46:35 UTC 2020 /home/travis/build/icyphy/ptII/ptolemy/actor/lib/test/auto/LevelCrossTest12.xml
----------------- Instantiating /home/travis/build/icyphy/ptII/ptolemy/actor/lib/test/auto/LevelCrossTest12.xml
1 ms. Memory: 456704K Free: 324326K (71%)
----------------- Invoking toplevel() on ptolemy.moml.MoMLSimpleApplication@3f92ebbe
----------------- Done invoking toplevel() on ptolemy.moml.MoMLSimpleApplication@3f92ebbe
reloadAllAccessors: .LevelCrossTest12

===========================================================================================
----------------- testing Sat Mar 21 17:46:35 UTC 2020 /home/travis/build/icyphy/ptII/ptolemy/actor/lib/test/auto/LevelCrossTest13.xml
----------------- Instantiating /home/travis/build/icyphy/ptII/ptolemy/actor/lib/test/auto/LevelCrossTest13.xml
2 ms. Memory: 456704K Free: 317158K (69%)
----------------- Invoking toplevel() on ptolemy.moml.MoMLSimpleApplication@5b9dc011
----------------- Done invoking toplevel() on ptolemy.moml.MoMLSimpleApplication@5b9dc011
reloadAllAccessors: .LevelCrossTest13

===========================================================================================
----------------- testing Sat Mar 21 17:46:35 UTC 2020 /home/travis/build/icyphy/ptII/ptolemy/actor/lib/test/auto/LevelCrossTest2.xml
----------------- Instantiating /home/travis/build/icyphy/ptII/ptolemy/actor/lib/test/auto/LevelCrossTest2.xml
1 ms. Memory: 456704K Free: 311528K (68%)
----------------- Invoking toplevel() on ptolemy.moml.MoMLSimpleApplication@4a9072cc
----------------- Done invoking toplevel() on ptolemy.moml.MoMLSimpleApplication@4a9072cc
reloadAllAccessors: .broken

===========================================================================================
----------------- testing Sat Mar 21 17:46:35 UTC 2020 /home/travis/build/icyphy/ptII/ptolemy/actor/lib/test/auto/LevelCrossTest3.xml
----------------- Instantiating /home/travis/build/icyphy/ptII/ptolemy/actor/lib/test/auto/LevelCrossTest3.xml
1 ms. Memory: 456704K Free: 304870K (67%)
----------------- Invoking toplevel() on ptolemy.moml.MoMLSimpleApplication@1f7f76fa
----------------- Done invoking toplevel() on ptolemy.moml.MoMLSimpleApplication@1f7f76fa
reloadAllAccessors: .LevelCrossTest3

===========================================================================================
----------------- testing Sat Mar 21 17:46:35 UTC 2020 /home/travis/build/icyphy/ptII/ptolemy/actor/lib/test/auto/LevelCrossTest4.xml
----------------- Instantiating /home/travis/build/icyphy/ptII/ptolemy/actor/lib/test/auto/LevelCrossTest4.xml
1 ms. Memory: 456704K Free: 299240K (66%)
----------------- Invoking toplevel() on ptolemy.moml.MoMLSimpleApplication@726c171c
----------------- Done invoking toplevel() on ptolemy.moml.MoMLSimpleApplication@726c171c
reloadAllAccessors: .broken

===========================================================================================
----------------- testing Sat Mar 21 17:46:35 UTC 2020 /home/travis/build/icyphy/ptII/ptolemy/actor/lib/test/auto/LevelCrossTest5.xml
----------------- Instantiating /home/travis/build/icyphy/ptII/ptolemy/actor/lib/test/auto/LevelCrossTest5.xml
3 ms. Memory: 456704K Free: 292072K (64%)
----------------- Invoking toplevel() on ptolemy.moml.MoMLSimpleApplication@7268c184
----------------- Done invoking toplevel() on ptolemy.moml.MoMLSimpleApplication@7268c184
reloadAllAccessors: .LevelCrossTest5

===========================================================================================
----------------- testing Sat Mar 21 17:46:35 UTC 2020 /home/travis/build/icyphy/ptII/ptolemy/actor/lib/test/auto/LevelCrossTest6.xml
----------------- Instantiating /home/travis/build/icyphy/ptII/ptolemy/actor/lib/test/auto/LevelCrossTest6.xml
1 ms. Memory: 456704K Free: 285414K (62%)
----------------- Invoking toplevel() on ptolemy.moml.MoMLSimpleApplication@34bd730c
----------------- Done invoking toplevel() on ptolemy.moml.MoMLSimpleApplication@34bd730c
reloadAllAccessors: .LevelCrossTest6

===========================================================================================
----------------- testing Sat Mar 21 17:46:35 UTC 2020 /home/travis/build/icyphy/ptII/ptolemy/actor/lib/test/auto/LevelCrossTest7.xml
----------------- Instantiating /home/travis/build/icyphy/ptII/ptolemy/actor/lib/test/auto/LevelCrossTest7.xml
2 ms. Memory: 456704K Free: 277736K (61%)
----------------- Invoking toplevel() on ptolemy.moml.MoMLSimpleApplication@28262e8b
----------------- Done invoking toplevel() on ptolemy.moml.MoMLSimpleApplication@28262e8b
reloadAllAccessors: .LevelCrossTest7

===========================================================================================
----------------- testing Sat Mar 21 17:46:35 UTC 2020 /home/travis/build/icyphy/ptII/ptolemy/actor/lib/test/auto/LevelCrossTest8.xml
----------------- Instantiating /home/travis/build/icyphy/ptII/ptolemy/actor/lib/test/auto/LevelCrossTest8.xml
1 ms. Memory: 456704K Free: 269544K (59%)
----------------- Invoking toplevel() on ptolemy.moml.MoMLSimpleApplication@7b389d72
----------------- Done invoking toplevel() on ptolemy.moml.MoMLSimpleApplication@7b389d72
reloadAllAccessors: .LevelCrossTest8

===========================================================================================
----------------- testing Sat Mar 21 17:46:35 UTC 2020 /home/travis/build/icyphy/ptII/ptolemy/actor/lib/test/auto/LevelCrossTest9.xml
----------------- Instantiating /home/travis/build/icyphy/ptII/ptolemy/actor/lib/test/auto/LevelCrossTest9.xml
2 ms. Memory: 456704K Free: 262376K (57%)
----------------- Invoking toplevel() on ptolemy.moml.MoMLSimpleApplication@2a00a7fd
----------------- Done invoking toplevel() on ptolemy.moml.MoMLSimpleApplication@2a00a7fd
reloadAllAccessors: .LevelCrossTest9

===========================================================================================
----------------- testing Sat Mar 21 17:46:35 UTC 2020 /home/travis/build/icyphy/ptII/ptolemy/actor/lib/test/auto/LevinsonDurbin.xml
----------------- Instantiating /home/travis/build/icyphy/ptII/ptolemy/actor/lib/test/auto/LevinsonDurbin.xml
2 ms. Memory: 456704K Free: 258790K (57%)
----------------- Invoking toplevel() on ptolemy.moml.MoMLSimpleApplication@e17dac7
----------------- Done invoking toplevel() on ptolemy.moml.MoMLSimpleApplication@e17dac7
reloadAllAccessors: .LevinsonDurbin

===========================================================================================
----------------- testing Sat Mar 21 17:46:35 UTC 2020 /home/travis/build/icyphy/ptII/ptolemy/actor/lib/test/auto/LevinsonDurbin2.xml
----------------- Instantiating /home/travis/build/icyphy/ptII/ptolemy/actor/lib/test/auto/LevinsonDurbin2.xml
1 ms. Memory: 456704K Free: 254694K (56%)
----------------- Invoking toplevel() on ptolemy.moml.MoMLSimpleApplication@40bb223f
----------------- Done invoking toplevel() on ptolemy.moml.MoMLSimpleApplication@40bb223f
reloadAllAccessors: .LevinsonDurbin2

===========================================================================================
----------------- testing Sat Mar 21 17:46:35 UTC 2020 /home/travis/build/icyphy/ptII/ptolemy/actor/lib/test/auto/LevinsonDurbin3.xml
----------------- Instantiating /home/travis/build/icyphy/ptII/ptolemy/actor/lib/test/auto/LevinsonDurbin3.xml
3 ms. Memory: 456704K Free: 250598K (55%)
----------------- Invoking toplevel() on ptolemy.moml.MoMLSimpleApplication@21b897c8
----------------- Done invoking toplevel() on ptolemy.moml.MoMLSimpleApplication@21b897c8
reloadAllAccessors: .LevinsonDurbin3

===========================================================================================
----------------- testing Sat Mar 21 17:46:35 UTC 2020 /home/travis/build/icyphy/ptII/ptolemy/actor/lib/test/auto/Limiter.xml
----------------- Instantiating /home/travis/build/icyphy/ptII/ptolemy/actor/lib/test/auto/Limiter.xml
5 ms. Memory: 456704K Free: 241382K (53%)
----------------- Invoking toplevel() on ptolemy.moml.MoMLSimpleApplication@4c77500f
----------------- Done invoking toplevel() on ptolemy.moml.MoMLSimpleApplication@4c77500f
reloadAllAccessors: .Limiter

===========================================================================================
----------------- testing Sat Mar 21 17:46:35 UTC 2020 /home/travis/build/icyphy/ptII/ptolemy/actor/lib/test/auto/LinearDifferenceEquationSystem.xml
----------------- Instantiating /home/travis/build/icyphy/ptII/ptolemy/actor/lib/test/auto/LinearDifferenceEquationSystem.xml
4 ms. Memory: 456704K Free: 234214K (51%)
----------------- Invoking toplevel() on ptolemy.moml.MoMLSimpleApplication@1117e25c
----------------- Done invoking toplevel() on ptolemy.moml.MoMLSimpleApplication@1117e25c
reloadAllAccessors: .LinearDifferenceEquationSystem

===========================================================================================
----------------- testing Sat Mar 21 17:46:35 UTC 2020 /home/travis/build/icyphy/ptII/ptolemy/actor/lib/test/auto/LookupTable.xml
----------------- Instantiating /home/travis/build/icyphy/ptII/ptolemy/actor/lib/test/auto/LookupTable.xml
2 ms. Memory: 456704K Free: 229608K (50%)
----------------- Invoking toplevel() on ptolemy.moml.MoMLSimpleApplication@67288e93
----------------- Done invoking toplevel() on ptolemy.moml.MoMLSimpleApplication@67288e93
reloadAllAccessors: .LookupTable

===========================================================================================
----------------- testing Sat Mar 21 17:46:35 UTC 2020 /home/travis/build/icyphy/ptII/ptolemy/actor/lib/test/auto/MathFunction.xml
----------------- Instantiating /home/travis/build/icyphy/ptII/ptolemy/actor/lib/test/auto/MathFunction.xml
15 ms. Memory: 456704K Free: 221416K (48%)
----------------- Invoking toplevel() on ptolemy.moml.MoMLSimpleApplication@1aa92937
----------------- Done invoking toplevel() on ptolemy.moml.MoMLSimpleApplication@1aa92937
reloadAllAccessors: .MathFunction

===========================================================================================
----------------- testing Sat Mar 21 17:46:35 UTC 2020 /home/travis/build/icyphy/ptII/ptolemy/actor/lib/test/auto/MathFunction2.xml
----------------- Instantiating /home/travis/build/icyphy/ptII/ptolemy/actor/lib/test/auto/MathFunction2.xml
1 ms. Memory: 456704K Free: 217320K (48%)
----------------- Invoking toplevel() on ptolemy.moml.MoMLSimpleApplication@7501487d
----------------- Done invoking toplevel() on ptolemy.moml.MoMLSimpleApplication@7501487d
reloadAllAccessors: .MathFunction2

===========================================================================================
----------------- testing Sat Mar 21 17:46:35 UTC 2020 /home/travis/build/icyphy/ptII/ptolemy/actor/lib/test/auto/MathFunction3.xml
----------------- Instantiating /home/travis/build/icyphy/ptII/ptolemy/actor/lib/test/auto/MathFunction3.xml
2 ms. Memory: 456704K Free: 210152K (46%)
----------------- Invoking toplevel() on ptolemy.moml.MoMLSimpleApplication@6a8b1890
----------------- Done invoking toplevel() on ptolemy.moml.MoMLSimpleApplication@6a8b1890
reloadAllAccessors: .MathFunction3

===========================================================================================
----------------- testing Sat Mar 21 17:46:35 UTC 2020 /home/travis/build/icyphy/ptII/ptolemy/actor/lib/test/auto/MatrixCropBoolean.xml
----------------- Instantiating /home/travis/build/icyphy/ptII/ptolemy/actor/lib/test/auto/MatrixCropBoolean.xml
2 ms. Memory: 456704K Free: 205032K (45%)
----------------- Invoking toplevel() on ptolemy.moml.MoMLSimpleApplication@2422561c
----------------- Done invoking toplevel() on ptolemy.moml.MoMLSimpleApplication@2422561c
reloadAllAccessors: .MatrixCropBoolean

===========================================================================================
----------------- testing Sat Mar 21 17:46:35 UTC 2020 /home/travis/build/icyphy/ptII/ptolemy/actor/lib/test/auto/MatrixCropComplex.xml
----------------- Instantiating /home/travis/build/icyphy/ptII/ptolemy/actor/lib/test/auto/MatrixCropComplex.xml
1 ms. Memory: 456704K Free: 200392K (44%)
----------------- Invoking toplevel() on ptolemy.moml.MoMLSimpleApplication@56b55c68
----------------- Done invoking toplevel() on ptolemy.moml.MoMLSimpleApplication@56b55c68
reloadAllAccessors: .MatrixCropComplex

===========================================================================================
----------------- testing Sat Mar 21 17:46:35 UTC 2020 /home/travis/build/icyphy/ptII/ptolemy/actor/lib/test/auto/MatrixCropDouble.xml
----------------- Instantiating /home/travis/build/icyphy/ptII/ptolemy/actor/lib/test/auto/MatrixCropDouble.xml
4 ms. Memory: 456704K Free: 194792K (43%)
----------------- Invoking toplevel() on ptolemy.moml.MoMLSimpleApplication@72cde625
----------------- Done invoking toplevel() on ptolemy.moml.MoMLSimpleApplication@72cde625
reloadAllAccessors: .MatrixCropDouble

===========================================================================================
----------------- testing Sat Mar 21 17:46:35 UTC 2020 /home/travis/build/icyphy/ptII/ptolemy/actor/lib/test/auto/MatrixCropFix.xml
----------------- Instantiating /home/travis/build/icyphy/ptII/ptolemy/actor/lib/test/auto/MatrixCropFix.xml
2 ms. Memory: 456704K Free: 189672K (42%)
----------------- Invoking toplevel() on ptolemy.moml.MoMLSimpleApplication@2d947b2f
----------------- Done invoking toplevel() on ptolemy.moml.MoMLSimpleApplication@2d947b2f
reloadAllAccessors: .MatrixCropFix

===========================================================================================
----------------- testing Sat Mar 21 17:46:35 UTC 2020 /home/travis/build/icyphy/ptII/ptolemy/actor/lib/test/auto/MatrixCropInt.xml
----------------- Instantiating /home/travis/build/icyphy/ptII/ptolemy/actor/lib/test/auto/MatrixCropInt.xml
1 ms. Memory: 456704K Free: 185032K (41%)
----------------- Invoking toplevel() on ptolemy.moml.MoMLSimpleApplication@1e324b76
----------------- Done invoking toplevel() on ptolemy.moml.MoMLSimpleApplication@1e324b76
reloadAllAccessors: .MatrixCropInt

===========================================================================================
----------------- testing Sat Mar 21 17:46:35 UTC 2020 /home/travis/build/icyphy/ptII/ptolemy/actor/lib/test/auto/MatrixCropLong.xml
----------------- Instantiating /home/travis/build/icyphy/ptII/ptolemy/actor/lib/test/auto/MatrixCropLong.xml
2 ms. Memory: 456704K Free: 179928K (39%)
----------------- Invoking toplevel() on ptolemy.moml.MoMLSimpleApplication@61a7ae0b
----------------- Done invoking toplevel() on ptolemy.moml.MoMLSimpleApplication@61a7ae0b
reloadAllAccessors: .MatrixCropLong

===========================================================================================
----------------- testing Sat Mar 21 17:46:35 UTC 2020 /home/travis/build/icyphy/ptII/ptolemy/actor/lib/test/auto/MatrixToArray.xml
----------------- Instantiating /home/travis/build/icyphy/ptII/ptolemy/actor/lib/test/auto/MatrixToArray.xml
7 ms. Memory: 456704K Free: 165096K (36%)
----------------- Invoking toplevel() on ptolemy.moml.MoMLSimpleApplication@22fd9397
----------------- Done invoking toplevel() on ptolemy.moml.MoMLSimpleApplication@22fd9397
reloadAllAccessors: .MatrixToArray

===========================================================================================
----------------- testing Sat Mar 21 17:46:35 UTC 2020 /home/travis/build/icyphy/ptII/ptolemy/actor/lib/test/auto/MaxIndex.xml
----------------- Instantiating /home/travis/build/icyphy/ptII/ptolemy/actor/lib/test/auto/MaxIndex.xml
2 ms. Memory: 456704K Free: 159976K (35%)
----------------- Invoking toplevel() on ptolemy.moml.MoMLSimpleApplication@27dd6b1d
----------------- Done invoking toplevel() on ptolemy.moml.MoMLSimpleApplication@27dd6b1d
reloadAllAccessors: .MaxIndex

===========================================================================================
----------------- testing Sat Mar 21 17:46:35 UTC 2020 /home/travis/build/icyphy/ptII/ptolemy/actor/lib/test/auto/Maximum.xml
----------------- Instantiating /home/travis/build/icyphy/ptII/ptolemy/actor/lib/test/auto/Maximum.xml
6 ms. Memory: 456704K Free: 153288K (34%)
----------------- Invoking toplevel() on ptolemy.moml.MoMLSimpleApplication@22fc1997
----------------- Done invoking toplevel() on ptolemy.moml.MoMLSimpleApplication@22fc1997
reloadAllAccessors: .Maximum

===========================================================================================
----------------- testing Sat Mar 21 17:46:35 UTC 2020 /home/travis/build/icyphy/ptII/ptolemy/actor/lib/test/auto/MaximumComplex.xml
----------------- Instantiating /home/travis/build/icyphy/ptII/ptolemy/actor/lib/test/auto/MaximumComplex.xml
4 ms. Memory: 456704K Free: 147160K (32%)
----------------- Invoking toplevel() on ptolemy.moml.MoMLSimpleApplication@7d5cca45
----------------- Done invoking toplevel() on ptolemy.moml.MoMLSimpleApplication@7d5cca45
reloadAllAccessors: .MaximumComplex

===========================================================================================
----------------- testing Sat Mar 21 17:46:35 UTC 2020 /home/travis/build/icyphy/ptII/ptolemy/actor/lib/test/auto/MethodCallTest.xml
----------------- Instantiating /home/travis/build/icyphy/ptII/ptolemy/actor/lib/test/auto/MethodCallTest.xml
2 ms. Memory: 456704K Free: 140520K (31%)
----------------- Invoking toplevel() on ptolemy.moml.MoMLSimpleApplication@3aa7002c
----------------- Done invoking toplevel() on ptolemy.moml.MoMLSimpleApplication@3aa7002c
reloadAllAccessors: .MethodCallTest

===========================================================================================
----------------- testing Sat Mar 21 17:46:35 UTC 2020 /home/travis/build/icyphy/ptII/ptolemy/actor/lib/test/auto/Minimum.xml
----------------- Instantiating /home/travis/build/icyphy/ptII/ptolemy/actor/lib/test/auto/Minimum.xml
3 ms. Memory: 456704K Free: 404476K (89%)
----------------- Invoking toplevel() on ptolemy.moml.MoMLSimpleApplication@3ad5327d
----------------- Done invoking toplevel() on ptolemy.moml.MoMLSimpleApplication@3ad5327d
reloadAllAccessors: .Minimum

===========================================================================================
----------------- testing Sat Mar 21 17:46:35 UTC 2020 /home/travis/build/icyphy/ptII/ptolemy/actor/lib/test/auto/MinimumComplex.xml
----------------- Instantiating /home/travis/build/icyphy/ptII/ptolemy/actor/lib/test/auto/MinimumComplex.xml
4 ms. Memory: 456704K Free: 398332K (87%)
----------------- Invoking toplevel() on ptolemy.moml.MoMLSimpleApplication@305c606f
----------------- Done invoking toplevel() on ptolemy.moml.MoMLSimpleApplication@305c606f
reloadAllAccessors: .MinimumComplex

===========================================================================================
----------------- testing Sat Mar 21 17:46:36 UTC 2020 /home/travis/build/icyphy/ptII/ptolemy/actor/lib/test/auto/MinimumMultiports.xml
----------------- Instantiating /home/travis/build/icyphy/ptII/ptolemy/actor/lib/test/auto/MinimumMultiports.xml
3 ms. Memory: 456704K Free: 389116K (85%)
----------------- Invoking toplevel() on ptolemy.moml.MoMLSimpleApplication@806d6c6
----------------- Done invoking toplevel() on ptolemy.moml.MoMLSimpleApplication@806d6c6
reloadAllAccessors: .MinimumMultiports

===========================================================================================
----------------- testing Sat Mar 21 17:46:36 UTC 2020 /home/travis/build/icyphy/ptII/ptolemy/actor/lib/test/auto/ModifyDate.xml
----------------- Instantiating /home/travis/build/icyphy/ptII/ptolemy/actor/lib/test/auto/ModifyDate.xml
9 ms. Memory: 456704K Free: 376314K (82%)
----------------- Invoking toplevel() on ptolemy.moml.MoMLSimpleApplication@15bf1fe4
----------------- Done invoking toplevel() on ptolemy.moml.MoMLSimpleApplication@15bf1fe4
reloadAllAccessors: .ModifyDate

===========================================================================================
----------------- testing Sat Mar 21 17:46:36 UTC 2020 /home/travis/build/icyphy/ptII/ptolemy/actor/lib/test/auto/ModifyDate2.xml
----------------- Instantiating /home/travis/build/icyphy/ptII/ptolemy/actor/lib/test/auto/ModifyDate2.xml
2 ms. Memory: 456704K Free: 367612K (80%)
----------------- Invoking toplevel() on ptolemy.moml.MoMLSimpleApplication@5857b22d
----------------- Done invoking toplevel() on ptolemy.moml.MoMLSimpleApplication@5857b22d
reloadAllAccessors: .ModifyDate2

===========================================================================================
----------------- testing Sat Mar 21 17:46:36 UTC 2020 /home/travis/build/icyphy/ptII/ptolemy/actor/lib/test/auto/MovingAverage.xml
----------------- Instantiating /home/travis/build/icyphy/ptII/ptolemy/actor/lib/test/auto/MovingAverage.xml
9 ms. Memory: 456704K Free: 362492K (79%)
----------------- Invoking toplevel() on ptolemy.moml.MoMLSimpleApplication@7e279e0c
----------------- Done invoking toplevel() on ptolemy.moml.MoMLSimpleApplication@7e279e0c
reloadAllAccessors: .MovingAverage

===========================================================================================
----------------- testing Sat Mar 21 17:46:36 UTC 2020 /home/travis/build/icyphy/ptII/ptolemy/actor/lib/test/auto/MovingMaximum.xml
----------------- Instantiating /home/travis/build/icyphy/ptII/ptolemy/actor/lib/test/auto/MovingMaximum.xml
1 ms. Memory: 456704K Free: 357882K (78%)
----------------- Invoking toplevel() on ptolemy.moml.MoMLSimpleApplication@25f4e3b2
----------------- Done invoking toplevel() on ptolemy.moml.MoMLSimpleApplication@25f4e3b2
reloadAllAccessors: .MovingMaximum

===========================================================================================
----------------- testing Sat Mar 21 17:46:36 UTC 2020 /home/travis/build/icyphy/ptII/ptolemy/actor/lib/test/auto/MultipleLinksToSameRelation.xml
----------------- Instantiating /home/travis/build/icyphy/ptII/ptolemy/actor/lib/test/auto/MultipleLinksToSameRelation.xml
3 ms. Memory: 456704K Free: 353786K (77%)
----------------- Invoking toplevel() on ptolemy.moml.MoMLSimpleApplication@5dabef9f
----------------- Done invoking toplevel() on ptolemy.moml.MoMLSimpleApplication@5dabef9f
reloadAllAccessors: .MultipleLinksToSameRelation

===========================================================================================
----------------- testing Sat Mar 21 17:46:36 UTC 2020 /home/travis/build/icyphy/ptII/ptolemy/actor/lib/test/auto/MultipleLinksToSameRelationDE.xml
----------------- Instantiating /home/travis/build/icyphy/ptII/ptolemy/actor/lib/test/auto/MultipleLinksToSameRelationDE.xml
4 ms. Memory: 456704K Free: 349180K (76%)
----------------- Invoking toplevel() on ptolemy.moml.MoMLSimpleApplication@552aa1c3
----------------- Done invoking toplevel() on ptolemy.moml.MoMLSimpleApplication@552aa1c3
reloadAllAccessors: .MultipleLinksToSameRelationDE

===========================================================================================
----------------- testing Sat Mar 21 17:46:36 UTC 2020 /home/travis/build/icyphy/ptII/ptolemy/actor/lib/test/auto/Multiplexor.xml
----------------- Instantiating /home/travis/build/icyphy/ptII/ptolemy/actor/lib/test/auto/Multiplexor.xml
2 ms. Memory: 456704K Free: 343546K (75%)
----------------- Invoking toplevel() on ptolemy.moml.MoMLSimpleApplication@439137b9
----------------- Done invoking toplevel() on ptolemy.moml.MoMLSimpleApplication@439137b9
reloadAllAccessors: .Multiplexor

===========================================================================================
----------------- testing Sat Mar 21 17:46:36 UTC 2020 /home/travis/build/icyphy/ptII/ptolemy/actor/lib/test/auto/Multiplexor1.xml
----------------- Instantiating /home/travis/build/icyphy/ptII/ptolemy/actor/lib/test/auto/Multiplexor1.xml
1 ms. Memory: 456704K Free: 337916K (74%)
----------------- Invoking toplevel() on ptolemy.moml.MoMLSimpleApplication@2ed39ebd
----------------- Done invoking toplevel() on ptolemy.moml.MoMLSimpleApplication@2ed39ebd
reloadAllAccessors: .Multiplexor1

===========================================================================================
----------------- testing Sat Mar 21 17:46:36 UTC 2020 /home/travis/build/icyphy/ptII/ptolemy/actor/lib/test/auto/Multiplexor2.xml
----------------- Instantiating /home/travis/build/icyphy/ptII/ptolemy/actor/lib/test/auto/Multiplexor2.xml
5 ms. Memory: 456704K Free: 331256K (73%)
----------------- Invoking toplevel() on ptolemy.moml.MoMLSimpleApplication@14129a57
----------------- Done invoking toplevel() on ptolemy.moml.MoMLSimpleApplication@14129a57
reloadAllAccessors: .Multiplexor2

===========================================================================================
----------------- testing Sat Mar 21 17:46:36 UTC 2020 /home/travis/build/icyphy/ptII/ptolemy/actor/lib/test/auto/Multiplexor3.xml
----------------- Instantiating /home/travis/build/icyphy/ptII/ptolemy/actor/lib/test/auto/Multiplexor3.xml
2 ms. Memory: 456704K Free: 327162K (72%)
----------------- Invoking toplevel() on ptolemy.moml.MoMLSimpleApplication@51f52417
----------------- Done invoking toplevel() on ptolemy.moml.MoMLSimpleApplication@51f52417
reloadAllAccessors: .Multiplexor3

===========================================================================================
----------------- testing Sat Mar 21 17:46:36 UTC 2020 /home/travis/build/icyphy/ptII/ptolemy/actor/lib/test/auto/MultiplexorDE.xml
----------------- Instantiating /home/travis/build/icyphy/ptII/ptolemy/actor/lib/test/auto/MultiplexorDE.xml
2 ms. Memory: 456704K Free: 319484K (70%)
----------------- Invoking toplevel() on ptolemy.moml.MoMLSimpleApplication@618e742a
----------------- Done invoking toplevel() on ptolemy.moml.MoMLSimpleApplication@618e742a
reloadAllAccessors: .MultiplexorDE

===========================================================================================
----------------- testing Sat Mar 21 17:46:36 UTC 2020 /home/travis/build/icyphy/ptII/ptolemy/actor/lib/test/auto/MultiportBroadcastTest.xml
----------------- Instantiating /home/travis/build/icyphy/ptII/ptolemy/actor/lib/test/auto/MultiportBroadcastTest.xml
78 ms. Memory: 456704K Free: 313340K (69%)
----------------- Invoking toplevel() on ptolemy.moml.MoMLSimpleApplication@771eb87f
----------------- Done invoking toplevel() on ptolemy.moml.MoMLSimpleApplication@771eb87f
reloadAllAccessors: .MultiportBroadcastTest

===========================================================================================
----------------- testing Sat Mar 21 17:46:36 UTC 2020 /home/travis/build/icyphy/ptII/ptolemy/actor/lib/test/auto/MultiportOutHangDuringGetWidth.xml
----------------- Instantiating /home/travis/build/icyphy/ptII/ptolemy/actor/lib/test/auto/MultiportOutHangDuringGetWidth.xml
5 ms. Memory: 456704K Free: 301052K (66%)
----------------- Invoking toplevel() on ptolemy.moml.MoMLSimpleApplication@26677366
----------------- Done invoking toplevel() on ptolemy.moml.MoMLSimpleApplication@26677366
reloadAllAccessors: .MultiportOutHangDuringGetWidth

===========================================================================================
----------------- testing Sat Mar 21 17:46:36 UTC 2020 /home/travis/build/icyphy/ptII/ptolemy/actor/lib/test/auto/NilToken.xml
----------------- Instantiating /home/travis/build/icyphy/ptII/ptolemy/actor/lib/test/auto/NilToken.xml
1 ms. Memory: 456704K Free: 296956K (65%)
----------------- Invoking toplevel() on ptolemy.moml.MoMLSimpleApplication@446d82d9
----------------- Done invoking toplevel() on ptolemy.moml.MoMLSimpleApplication@446d82d9
reloadAllAccessors: .NilToken

===========================================================================================
----------------- testing Sat Mar 21 17:46:36 UTC 2020 /home/travis/build/icyphy/ptII/ptolemy/actor/lib/test/auto/NilTokenNonStrictTest.xml
----------------- Instantiating /home/travis/build/icyphy/ptII/ptolemy/actor/lib/test/auto/NilTokenNonStrictTest.xml
2 ms. Memory: 456704K Free: 292346K (64%)
----------------- Invoking toplevel() on ptolemy.moml.MoMLSimpleApplication@e6ad05c
----------------- Done invoking toplevel() on ptolemy.moml.MoMLSimpleApplication@e6ad05c
reloadAllAccessors: .NilTokenNonStrictTest

===========================================================================================
----------------- testing Sat Mar 21 17:46:36 UTC 2020 /home/travis/build/icyphy/ptII/ptolemy/actor/lib/test/auto/NilTokenRecord.xml
----------------- Instantiating /home/travis/build/icyphy/ptII/ptolemy/actor/lib/test/auto/NilTokenRecord.xml
5 ms. Memory: 456704K Free: 285692K (63%)
----------------- Invoking toplevel() on ptolemy.moml.MoMLSimpleApplication@3e604ebd
----------------- Done invoking toplevel() on ptolemy.moml.MoMLSimpleApplication@3e604ebd
reloadAllAccessors: .NilTokenRecord

===========================================================================================
----------------- testing Sat Mar 21 17:46:36 UTC 2020 /home/travis/build/icyphy/ptII/ptolemy/actor/lib/test/auto/NilTokenTypeTest.xml
----------------- Instantiating /home/travis/build/icyphy/ptII/ptolemy/actor/lib/test/auto/NilTokenTypeTest.xml
10 ms. Memory: 456704K Free: 275962K (60%)
----------------- Invoking toplevel() on ptolemy.moml.MoMLSimpleApplication@6b4437af
----------------- Done invoking toplevel() on ptolemy.moml.MoMLSimpleApplication@6b4437af
reloadAllAccessors: .NilTokenTypeTest

===========================================================================================
----------------- testing Sat Mar 21 17:46:36 UTC 2020 /home/travis/build/icyphy/ptII/ptolemy/actor/lib/test/auto/ObjectToken1.xml
----------------- Instantiating /home/travis/build/icyphy/ptII/ptolemy/actor/lib/test/auto/ObjectToken1.xml
2 ms. Memory: 456704K Free: 271866K (60%)
----------------- Invoking toplevel() on ptolemy.moml.MoMLSimpleApplication@8168fc
----------------- Done invoking toplevel() on ptolemy.moml.MoMLSimpleApplication@8168fc
reloadAllAccessors: .ObjectToken1

===========================================================================================
----------------- testing Sat Mar 21 17:46:36 UTC 2020 /home/travis/build/icyphy/ptII/ptolemy/actor/lib/test/auto/OrderedMerge.xml
----------------- Instantiating /home/travis/build/icyphy/ptII/ptolemy/actor/lib/test/auto/OrderedMerge.xml
7 ms. Memory: 456704K Free: 266236K (58%)
----------------- Invoking toplevel() on ptolemy.moml.MoMLSimpleApplication@f7561a7
----------------- Done invoking toplevel() on ptolemy.moml.MoMLSimpleApplication@f7561a7
reloadAllAccessors: .OrderedMerge

===========================================================================================
----------------- testing Sat Mar 21 17:46:36 UTC 2020 /home/travis/build/icyphy/ptII/ptolemy/actor/lib/test/auto/OrderedRecordDisassembler.xml
----------------- Instantiating /home/travis/build/icyphy/ptII/ptolemy/actor/lib/test/auto/OrderedRecordDisassembler.xml
3 ms. Memory: 456704K Free: 261116K (57%)
----------------- Invoking toplevel() on ptolemy.moml.MoMLSimpleApplication@5a53a106
----------------- Done invoking toplevel() on ptolemy.moml.MoMLSimpleApplication@5a53a106
reloadAllAccessors: .OrderedRecordDisassembler

===========================================================================================
----------------- testing Sat Mar 21 17:46:36 UTC 2020 /home/travis/build/icyphy/ptII/ptolemy/actor/lib/test/auto/OrderedRecordDisassembler2.xml
----------------- Instantiating /home/travis/build/icyphy/ptII/ptolemy/actor/lib/test/auto/OrderedRecordDisassembler2.xml
4 ms. Memory: 456704K Free: 253420K (55%)
----------------- Invoking toplevel() on ptolemy.moml.MoMLSimpleApplication@3c49f609
----------------- Done invoking toplevel() on ptolemy.moml.MoMLSimpleApplication@3c49f609
reloadAllAccessors: .OrderedRecordDisassembler2

===========================================================================================
----------------- testing Sat Mar 21 17:46:36 UTC 2020 /home/travis/build/icyphy/ptII/ptolemy/actor/lib/test/auto/OrderedRecordUpdater.xml
----------------- Instantiating /home/travis/build/icyphy/ptII/ptolemy/actor/lib/test/auto/OrderedRecordUpdater.xml
2 ms. Memory: 456704K Free: 248314K (54%)
----------------- Invoking toplevel() on ptolemy.moml.MoMLSimpleApplication@7d68726f
----------------- Done invoking toplevel() on ptolemy.moml.MoMLSimpleApplication@7d68726f
reloadAllAccessors: .RecordUpdater

===========================================================================================
----------------- testing Sat Mar 21 17:46:36 UTC 2020 /home/travis/build/icyphy/ptII/ptolemy/actor/lib/test/auto/OrderedRecordUpdater2.xml
----------------- Instantiating /home/travis/build/icyphy/ptII/ptolemy/actor/lib/test/auto/OrderedRecordUpdater2.xml
3 ms. Memory: 456704K Free: 243194K (53%)
----------------- Invoking toplevel() on ptolemy.moml.MoMLSimpleApplication@6e8f6a6a
----------------- Done invoking toplevel() on ptolemy.moml.MoMLSimpleApplication@6e8f6a6a
reloadAllAccessors: .RecordUpdater2

===========================================================================================
----------------- testing Sat Mar 21 17:46:36 UTC 2020 /home/travis/build/icyphy/ptII/ptolemy/actor/lib/test/auto/PhaseUnwrap.xml
----------------- Instantiating /home/travis/build/icyphy/ptII/ptolemy/actor/lib/test/auto/PhaseUnwrap.xml
1 ms. Memory: 456704K Free: 238074K (52%)
----------------- Invoking toplevel() on ptolemy.moml.MoMLSimpleApplication@59b00e5a
----------------- Done invoking toplevel() on ptolemy.moml.MoMLSimpleApplication@59b00e5a
reloadAllAccessors: .PhaseUnwrap

===========================================================================================
----------------- testing Sat Mar 21 17:46:36 UTC 2020 /home/travis/build/icyphy/ptII/ptolemy/actor/lib/test/auto/PoissonClock.xml
----------------- Instantiating /home/travis/build/icyphy/ptII/ptolemy/actor/lib/test/auto/PoissonClock.xml
2 ms. Memory: 456704K Free: 233978K (51%)
----------------- Invoking toplevel() on ptolemy.moml.MoMLSimpleApplication@59788893
----------------- Done invoking toplevel() on ptolemy.moml.MoMLSimpleApplication@59788893
reloadAllAccessors: .PoissonClock

===========================================================================================
----------------- testing Sat Mar 21 17:46:36 UTC 2020 /home/travis/build/icyphy/ptII/ptolemy/actor/lib/test/auto/PoissonClock2.xml
----------------- Instantiating /home/travis/build/icyphy/ptII/ptolemy/actor/lib/test/auto/PoissonClock2.xml
1 ms. Memory: 456704K Free: 229372K (50%)
----------------- Invoking toplevel() on ptolemy.moml.MoMLSimpleApplication@2c819441
----------------- Done invoking toplevel() on ptolemy.moml.MoMLSimpleApplication@2c819441
reloadAllAccessors: .PoissonClock2

===========================================================================================
----------------- testing Sat Mar 21 17:46:36 UTC 2020 /home/travis/build/icyphy/ptII/ptolemy/actor/lib/test/auto/PoissonClock3.xml
----------------- Instantiating /home/travis/build/icyphy/ptII/ptolemy/actor/lib/test/auto/PoissonClock3.xml
2 ms. Memory: 456704K Free: 224762K (49%)
----------------- Invoking toplevel() on ptolemy.moml.MoMLSimpleApplication@3736671b
----------------- Done invoking toplevel() on ptolemy.moml.MoMLSimpleApplication@3736671b
reloadAllAccessors: .PoissonClock3

===========================================================================================
----------------- testing Sat Mar 21 17:46:36 UTC 2020 /home/travis/build/icyphy/ptII/ptolemy/actor/lib/test/auto/PubSubWithInitialTokens.xml
----------------- Instantiating /home/travis/build/icyphy/ptII/ptolemy/actor/lib/test/auto/PubSubWithInitialTokens.xml
2 ms. Memory: 456704K Free: 219132K (48%)
----------------- Invoking toplevel() on ptolemy.moml.MoMLSimpleApplication@3f54c1da
----------------- Done invoking toplevel() on ptolemy.moml.MoMLSimpleApplication@3f54c1da
reloadAllAccessors: .PubSubWithInitialTokens

===========================================================================================
----------------- testing Sat Mar 21 17:46:36 UTC 2020 /home/travis/build/icyphy/ptII/ptolemy/actor/lib/test/auto/PubSubWithInitialTokens2.xml
----------------- Instantiating /home/travis/build/icyphy/ptII/ptolemy/actor/lib/test/auto/PubSubWithInitialTokens2.xml
2 ms. Memory: 456704K Free: 212988K (47%)
----------------- Invoking toplevel() on ptolemy.moml.MoMLSimpleApplication@15f3701b
----------------- Done invoking toplevel() on ptolemy.moml.MoMLSimpleApplication@15f3701b
reloadAllAccessors: .PubSubWithInitialTokens2

===========================================================================================
----------------- testing Sat Mar 21 17:46:36 UTC 2020 /home/travis/build/icyphy/ptII/ptolemy/actor/lib/test/auto/PublisherClassNoParameter.xml
----------------- Instantiating /home/travis/build/icyphy/ptII/ptolemy/actor/lib/test/auto/PublisherClassNoParameter.xml
2 ms. Memory: 456704K Free: 203258K (45%)
----------------- Invoking toplevel() on ptolemy.moml.MoMLSimpleApplication@20cdead2
----------------- Done invoking toplevel() on ptolemy.moml.MoMLSimpleApplication@20cdead2
reloadAllAccessors: .PublisherClassNoParameter

===========================================================================================
----------------- testing Sat Mar 21 17:46:36 UTC 2020 /home/travis/build/icyphy/ptII/ptolemy/actor/lib/test/auto/PublisherClassParameter.xml
----------------- Instantiating /home/travis/build/icyphy/ptII/ptolemy/actor/lib/test/auto/PublisherClassParameter.xml
2 ms. Memory: 456704K Free: 193004K (42%)
----------------- Invoking toplevel() on ptolemy.moml.MoMLSimpleApplication@5d79ba99
----------------- Done invoking toplevel() on ptolemy.moml.MoMLSimpleApplication@5d79ba99
reloadAllAccessors: .PublisherClassParameter

===========================================================================================
----------------- testing Sat Mar 21 17:46:36 UTC 2020 /home/travis/build/icyphy/ptII/ptolemy/actor/lib/test/auto/PublisherNonStrictTest.xml
----------------- Instantiating /home/travis/build/icyphy/ptII/ptolemy/actor/lib/test/auto/PublisherNonStrictTest.xml
3 ms. Memory: 456704K Free: 185340K (41%)
----------------- Invoking toplevel() on ptolemy.moml.MoMLSimpleApplication@743c485d
----------------- Done invoking toplevel() on ptolemy.moml.MoMLSimpleApplication@743c485d
reloadAllAccessors: .PublisherNonStrictTest

===========================================================================================
----------------- testing Sat Mar 21 17:46:36 UTC 2020 /home/travis/build/icyphy/ptII/ptolemy/actor/lib/test/auto/PublisherPort1.xml
----------------- Instantiating /home/travis/build/icyphy/ptII/ptolemy/actor/lib/test/auto/PublisherPort1.xml
3 ms. Memory: 456704K Free: 179676K (39%)
----------------- Invoking toplevel() on ptolemy.moml.MoMLSimpleApplication@664c1eb9
----------------- Done invoking toplevel() on ptolemy.moml.MoMLSimpleApplication@664c1eb9
reloadAllAccessors: .PublisherPort1

===========================================================================================
----------------- testing Sat Mar 21 17:46:36 UTC 2020 /home/travis/build/icyphy/ptII/ptolemy/actor/lib/test/auto/PublisherPort2.xml
----------------- Instantiating /home/travis/build/icyphy/ptII/ptolemy/actor/lib/test/auto/PublisherPort2.xml
2 ms. Memory: 456704K Free: 174586K (38%)
----------------- Invoking toplevel() on ptolemy.moml.MoMLSimpleApplication@6f4c1015
----------------- Done invoking toplevel() on ptolemy.moml.MoMLSimpleApplication@6f4c1015
reloadAllAccessors: .PublisherPort2

===========================================================================================
----------------- testing Sat Mar 21 17:46:36 UTC 2020 /home/travis/build/icyphy/ptII/ptolemy/actor/lib/test/auto/PublisherPort3.xml
----------------- Instantiating /home/travis/build/icyphy/ptII/ptolemy/actor/lib/test/auto/PublisherPort3.xml
10 ms. Memory: 456704K Free: 167388K (37%)
----------------- Invoking toplevel() on ptolemy.moml.MoMLSimpleApplication@44006981
----------------- Done invoking toplevel() on ptolemy.moml.MoMLSimpleApplication@44006981
reloadAllAccessors: .PublisherPort3

===========================================================================================
----------------- testing Sat Mar 21 17:46:36 UTC 2020 /home/travis/build/icyphy/ptII/ptolemy/actor/lib/test/auto/PublisherPort4.xml
----------------- Instantiating /home/travis/build/icyphy/ptII/ptolemy/actor/lib/test/auto/PublisherPort4.xml
2 ms. Memory: 456704K Free: 161788K (35%)
----------------- Invoking toplevel() on ptolemy.moml.MoMLSimpleApplication@71e26aef
----------------- Done invoking toplevel() on ptolemy.moml.MoMLSimpleApplication@71e26aef
reloadAllAccessors: .PublisherPort4

===========================================================================================
----------------- testing Sat Mar 21 17:46:36 UTC 2020 /home/travis/build/icyphy/ptII/ptolemy/actor/lib/test/auto/PublisherPort5.xml
----------------- Instantiating /home/travis/build/icyphy/ptII/ptolemy/actor/lib/test/auto/PublisherPort5.xml
4 ms. Memory: 456704K Free: 154106K (34%)
----------------- Invoking toplevel() on ptolemy.moml.MoMLSimpleApplication@619d275b
----------------- Done invoking toplevel() on ptolemy.moml.MoMLSimpleApplication@619d275b
reloadAllAccessors: .PublisherPort5

===========================================================================================
----------------- testing Sat Mar 21 17:46:36 UTC 2020 /home/travis/build/icyphy/ptII/ptolemy/actor/lib/test/auto/PublisherPort5LookAlike.xml
----------------- Instantiating /home/travis/build/icyphy/ptII/ptolemy/actor/lib/test/auto/PublisherPort5LookAlike.xml
8 ms. Memory: 456704K Free: 146428K (32%)
----------------- Invoking toplevel() on ptolemy.moml.MoMLSimpleApplication@720141f1
----------------- Done invoking toplevel() on ptolemy.moml.MoMLSimpleApplication@720141f1
reloadAllAccessors: .PublisherPort5LookAlike

===========================================================================================
----------------- testing Sat Mar 21 17:46:36 UTC 2020 /home/travis/build/icyphy/ptII/ptolemy/actor/lib/test/auto/PublisherPort6.xml
----------------- Instantiating /home/travis/build/icyphy/ptII/ptolemy/actor/lib/test/auto/PublisherPort6.xml
3 ms. Memory: 456704K Free: 139756K (31%)
----------------- Invoking toplevel() on ptolemy.moml.MoMLSimpleApplication@110755d8
----------------- Done invoking toplevel() on ptolemy.moml.MoMLSimpleApplication@110755d8
reloadAllAccessors: .PublisherPort6

===========================================================================================
----------------- testing Sat Mar 21 17:46:36 UTC 2020 /home/travis/build/icyphy/ptII/ptolemy/actor/lib/test/auto/PublisherPort7.xml
----------------- Instantiating /home/travis/build/icyphy/ptII/ptolemy/actor/lib/test/auto/PublisherPort7.xml
3 ms. Memory: 456704K Free: 402228K (88%)
----------------- Invoking toplevel() on ptolemy.moml.MoMLSimpleApplication@716a8407
----------------- Done invoking toplevel() on ptolemy.moml.MoMLSimpleApplication@716a8407
reloadAllAccessors: .PublisherPort7

===========================================================================================
----------------- testing Sat Mar 21 17:46:36 UTC 2020 /home/travis/build/icyphy/ptII/ptolemy/actor/lib/test/auto/PublisherPort8.xml
----------------- Instantiating /home/travis/build/icyphy/ptII/ptolemy/actor/lib/test/auto/PublisherPort8.xml
12 ms. Memory: 456704K Free: 393012K (86%)
----------------- Invoking toplevel() on ptolemy.moml.MoMLSimpleApplication@6243ae01
----------------- Done invoking toplevel() on ptolemy.moml.MoMLSimpleApplication@6243ae01
reloadAllAccessors: .PublisherPort8

===========================================================================================
----------------- testing Sat Mar 21 17:46:36 UTC 2020 /home/travis/build/icyphy/ptII/ptolemy/actor/lib/test/auto/PublisherPortSubscriberChannelVariablesAOC2.xml
----------------- Instantiating /home/travis/build/icyphy/ptII/ptolemy/actor/lib/test/auto/PublisherPortSubscriberChannelVariablesAOC2.xml
3 ms. Memory: 456704K Free: 375090K (82%)
----------------- Invoking toplevel() on ptolemy.moml.MoMLSimpleApplication@3a602645
----------------- Done invoking toplevel() on ptolemy.moml.MoMLSimpleApplication@3a602645
reloadAllAccessors: .PublisherPortSubscriberChannelVariablesAOC2

===========================================================================================
----------------- testing Sat Mar 21 17:46:36 UTC 2020 /home/travis/build/icyphy/ptII/ptolemy/actor/lib/test/auto/PublisherPortSubscriberOpaqueWidthInference.xml
----------------- Instantiating /home/travis/build/icyphy/ptII/ptolemy/actor/lib/test/auto/PublisherPortSubscriberOpaqueWidthInference.xml
3 ms. Memory: 456704K Free: 366884K (80%)
----------------- Invoking toplevel() on ptolemy.moml.MoMLSimpleApplication@6111df7a
----------------- Done invoking toplevel() on ptolemy.moml.MoMLSimpleApplication@6111df7a
reloadAllAccessors: .PublisherPortSubscriberOpaqueWidthInference

===========================================================================================
----------------- testing Sat Mar 21 17:46:36 UTC 2020 /home/travis/build/icyphy/ptII/ptolemy/actor/lib/test/auto/PublisherPortSubscriberPortAdjacent.xml
----------------- Instantiating /home/travis/build/icyphy/ptII/ptolemy/actor/lib/test/auto/PublisherPortSubscriberPortAdjacent.xml
6 ms. Memory: 456704K Free: 358706K (79%)
----------------- Invoking toplevel() on ptolemy.moml.MoMLSimpleApplication@79defafa
----------------- Done invoking toplevel() on ptolemy.moml.MoMLSimpleApplication@79defafa
reloadAllAccessors: .PublisherPortSubscriberPortAdjacent

===========================================================================================
----------------- testing Sat Mar 21 17:46:37 UTC 2020 /home/travis/build/icyphy/ptII/ptolemy/actor/lib/test/auto/PublisherPortSubscriberPortExpression.xml
----------------- Instantiating /home/travis/build/icyphy/ptII/ptolemy/actor/lib/test/auto/PublisherPortSubscriberPortExpression.xml
4 ms. Memory: 456704K Free: 351028K (77%)
----------------- Invoking toplevel() on ptolemy.moml.MoMLSimpleApplication@571ad83f
----------------- Done invoking toplevel() on ptolemy.moml.MoMLSimpleApplication@571ad83f
reloadAllAccessors: .PublisherPortSubscriberPortExpression

===========================================================================================
----------------- testing Sat Mar 21 17:46:37 UTC 2020 /home/travis/build/icyphy/ptII/ptolemy/actor/lib/test/auto/PublisherPortSubscriberPortOpaqueD3Reverse.xml
----------------- Instantiating /home/travis/build/icyphy/ptII/ptolemy/actor/lib/test/auto/PublisherPortSubscriberPortOpaqueD3Reverse.xml
6 ms. Memory: 456704K Free: 340788K (75%)
----------------- Invoking toplevel() on ptolemy.moml.MoMLSimpleApplication@68645bd5
----------------- Done invoking toplevel() on ptolemy.moml.MoMLSimpleApplication@68645bd5
reloadAllAccessors: .PublisherPortSubscriberPortOpaqueD3Reverse

===========================================================================================
----------------- testing Sat Mar 21 17:46:37 UTC 2020 /home/travis/build/icyphy/ptII/ptolemy/actor/lib/test/auto/PublisherPortSubscriberPortOpaqueWidthInference.xml
----------------- Instantiating /home/travis/build/icyphy/ptII/ptolemy/actor/lib/test/auto/PublisherPortSubscriberPortOpaqueWidthInference.xml
3 ms. Memory: 456704K Free: 333092K (73%)
----------------- Invoking toplevel() on ptolemy.moml.MoMLSimpleApplication@346e52f2
----------------- Done invoking toplevel() on ptolemy.moml.MoMLSimpleApplication@346e52f2
reloadAllAccessors: .PublisherPortSubscriberPortOpaqueWidthInference

===========================================================================================
----------------- testing Sat Mar 21 17:46:37 UTC 2020 /home/travis/build/icyphy/ptII/ptolemy/actor/lib/test/auto/PublisherPortToplevelSubscriberPortAOC.xml
----------------- Instantiating /home/travis/build/icyphy/ptII/ptolemy/actor/lib/test/auto/PublisherPortToplevelSubscriberPortAOC.xml
.PublisherPortToplevelSubscriberPortAOC.TestExceptionAttribute: initialize() was not invoked, but wrapup() was.  This is unusual, but not always a problem.  For example, exporting JNLP will do this.
1 ms. Memory: 456704K Free: 326452K (71%)
----------------- Invoking toplevel() on ptolemy.moml.MoMLSimpleApplication@319b39bd
----------------- Done invoking toplevel() on ptolemy.moml.MoMLSimpleApplication@319b39bd
reloadAllAccessors: .PublisherPortToplevelSubscriberPortAOC

===========================================================================================
----------------- testing Sat Mar 21 17:46:37 UTC 2020 /home/travis/build/icyphy/ptII/ptolemy/actor/lib/test/auto/PublisherSubscriber.xml
----------------- Instantiating /home/travis/build/icyphy/ptII/ptolemy/actor/lib/test/auto/PublisherSubscriber.xml
2 ms. Memory: 456704K Free: 318740K (70%)
----------------- Invoking toplevel() on ptolemy.moml.MoMLSimpleApplication@7a2976bb
----------------- Done invoking toplevel() on ptolemy.moml.MoMLSimpleApplication@7a2976bb
reloadAllAccessors: .PublisherSubscriber

===========================================================================================
----------------- testing Sat Mar 21 17:46:37 UTC 2020 /home/travis/build/icyphy/ptII/ptolemy/actor/lib/test/auto/PublisherSubscriber10.xml
----------------- Instantiating /home/travis/build/icyphy/ptII/ptolemy/actor/lib/test/auto/PublisherSubscriber10.xml
5 ms. Memory: 456704K Free: 309044K (68%)
----------------- Invoking toplevel() on ptolemy.moml.MoMLSimpleApplication@d262ccf
----------------- Done invoking toplevel() on ptolemy.moml.MoMLSimpleApplication@d262ccf
reloadAllAccessors: .PublisherSubscriber10

===========================================================================================
----------------- testing Sat Mar 21 17:46:37 UTC 2020 /home/travis/build/icyphy/ptII/ptolemy/actor/lib/test/auto/PublisherSubscriber10InitialOutputs.xml
----------------- Instantiating /home/travis/build/icyphy/ptII/ptolemy/actor/lib/test/auto/PublisherSubscriber10InitialOutputs.xml
14 ms. Memory: 456704K Free: 299314K (66%)
----------------- Invoking toplevel() on ptolemy.moml.MoMLSimpleApplication@3a85f562
----------------- Done invoking toplevel() on ptolemy.moml.MoMLSimpleApplication@3a85f562
reloadAllAccessors: .PublisherSubscriber10InitialOutputs

===========================================================================================
----------------- testing Sat Mar 21 17:46:37 UTC 2020 /home/travis/build/icyphy/ptII/ptolemy/actor/lib/test/auto/PublisherSubscriber11.xml
----------------- Instantiating /home/travis/build/icyphy/ptII/ptolemy/actor/lib/test/auto/PublisherSubscriber11.xml
3 ms. Memory: 456704K Free: 293140K (64%)
----------------- Invoking toplevel() on ptolemy.moml.MoMLSimpleApplication@72d0e099
----------------- Done invoking toplevel() on ptolemy.moml.MoMLSimpleApplication@72d0e099
reloadAllAccessors: .PublisherSubscriber11

===========================================================================================
----------------- testing Sat Mar 21 17:46:37 UTC 2020 /home/travis/build/icyphy/ptII/ptolemy/actor/lib/test/auto/PublisherSubscriber12.xml
----------------- Instantiating /home/travis/build/icyphy/ptII/ptolemy/actor/lib/test/auto/PublisherSubscriber12.xml
5 ms. Memory: 456704K Free: 286002K (63%)
----------------- Invoking toplevel() on ptolemy.moml.MoMLSimpleApplication@5fcb991d
----------------- Done invoking toplevel() on ptolemy.moml.MoMLSimpleApplication@5fcb991d
reloadAllAccessors: .PublisherSubscriber12

===========================================================================================
----------------- testing Sat Mar 21 17:46:37 UTC 2020 /home/travis/build/icyphy/ptII/ptolemy/actor/lib/test/auto/PublisherSubscriber13.xml
----------------- Instantiating /home/travis/build/icyphy/ptII/ptolemy/actor/lib/test/auto/PublisherSubscriber13.xml
2 ms. Memory: 456704K Free: 279844K (61%)
----------------- Invoking toplevel() on ptolemy.moml.MoMLSimpleApplication@1c926a07
----------------- Done invoking toplevel() on ptolemy.moml.MoMLSimpleApplication@1c926a07
reloadAllAccessors: .PublisherSubscriber13

===========================================================================================
----------------- testing Sat Mar 21 17:46:37 UTC 2020 /home/travis/build/icyphy/ptII/ptolemy/actor/lib/test/auto/PublisherSubscriber14.xml
----------------- Instantiating /home/travis/build/icyphy/ptII/ptolemy/actor/lib/test/auto/PublisherSubscriber14.xml
2 ms. Memory: 456704K Free: 271156K (59%)
----------------- Invoking toplevel() on ptolemy.moml.MoMLSimpleApplication@4db49fdf
----------------- Done invoking toplevel() on ptolemy.moml.MoMLSimpleApplication@4db49fdf
reloadAllAccessors: .PublisherSubscriber14

===========================================================================================
----------------- testing Sat Mar 21 17:46:37 UTC 2020 /home/travis/build/icyphy/ptII/ptolemy/actor/lib/test/auto/PublisherSubscriber2.xml
----------------- Instantiating /home/travis/build/icyphy/ptII/ptolemy/actor/lib/test/auto/PublisherSubscriber2.xml
2 ms. Memory: 456704K Free: 266036K (58%)
----------------- Invoking toplevel() on ptolemy.moml.MoMLSimpleApplication@78e74d37
----------------- Done invoking toplevel() on ptolemy.moml.MoMLSimpleApplication@78e74d37
reloadAllAccessors: .PublisherSubscriber2

===========================================================================================
----------------- testing Sat Mar 21 17:46:37 UTC 2020 /home/travis/build/icyphy/ptII/ptolemy/actor/lib/test/auto/PublisherSubscriber3.xml
----------------- Instantiating /home/travis/build/icyphy/ptII/ptolemy/actor/lib/test/auto/PublisherSubscriber3.xml
2 ms. Memory: 456704K Free: 260388K (57%)
----------------- Invoking toplevel() on ptolemy.moml.MoMLSimpleApplication@62ea6a17
----------------- Done invoking toplevel() on ptolemy.moml.MoMLSimpleApplication@62ea6a17
reloadAllAccessors: .PublisherSubscriber3

===========================================================================================
----------------- testing Sat Mar 21 17:46:37 UTC 2020 /home/travis/build/icyphy/ptII/ptolemy/actor/lib/test/auto/PublisherSubscriber4.xml
----------------- Instantiating /home/travis/build/icyphy/ptII/ptolemy/actor/lib/test/auto/PublisherSubscriber4.xml
2 ms. Memory: 456704K Free: 254772K (56%)
----------------- Invoking toplevel() on ptolemy.moml.MoMLSimpleApplication@49bcd0b8
----------------- Done invoking toplevel() on ptolemy.moml.MoMLSimpleApplication@49bcd0b8
reloadAllAccessors: .PublisherSubscriber4

===========================================================================================
----------------- testing Sat Mar 21 17:46:37 UTC 2020 /home/travis/build/icyphy/ptII/ptolemy/actor/lib/test/auto/PublisherSubscriber5.xml
----------------- Instantiating /home/travis/build/icyphy/ptII/ptolemy/actor/lib/test/auto/PublisherSubscriber5.xml
2 ms. Memory: 456704K Free: 247604K (54%)
----------------- Invoking toplevel() on ptolemy.moml.MoMLSimpleApplication@288856a3
----------------- Done invoking toplevel() on ptolemy.moml.MoMLSimpleApplication@288856a3
reloadAllAccessors: .PublisherSubscriber5

===========================================================================================
----------------- testing Sat Mar 21 17:46:37 UTC 2020 /home/travis/build/icyphy/ptII/ptolemy/actor/lib/test/auto/PublisherSubscriber6.xml
----------------- Instantiating /home/travis/build/icyphy/ptII/ptolemy/actor/lib/test/auto/PublisherSubscriber6.xml
4 ms. Memory: 456704K Free: 240932K (53%)
----------------- Invoking toplevel() on ptolemy.moml.MoMLSimpleApplication@4b12f004
----------------- Done invoking toplevel() on ptolemy.moml.MoMLSimpleApplication@4b12f004
reloadAllAccessors: .PublisherSubscriber6

===========================================================================================
----------------- testing Sat Mar 21 17:46:37 UTC 2020 /home/travis/build/icyphy/ptII/ptolemy/actor/lib/test/auto/PublisherSubscriber7.xml
----------------- Instantiating /home/travis/build/icyphy/ptII/ptolemy/actor/lib/test/auto/PublisherSubscriber7.xml
7 ms. Memory: 456704K Free: 234292K (51%)
----------------- Invoking toplevel() on ptolemy.moml.MoMLSimpleApplication@38325d48
----------------- Done invoking toplevel() on ptolemy.moml.MoMLSimpleApplication@38325d48
reloadAllAccessors: .PublisherSubscriber7

===========================================================================================
----------------- testing Sat Mar 21 17:46:37 UTC 2020 /home/travis/build/icyphy/ptII/ptolemy/actor/lib/test/auto/PublisherSubscriber8.xml
----------------- Instantiating /home/travis/build/icyphy/ptII/ptolemy/actor/lib/test/auto/PublisherSubscriber8.xml
17 ms. Memory: 456704K Free: 222514K (49%)
----------------- Invoking toplevel() on ptolemy.moml.MoMLSimpleApplication@43c1821f
----------------- Done invoking toplevel() on ptolemy.moml.MoMLSimpleApplication@43c1821f
reloadAllAccessors: .PublisherSubscriber8

===========================================================================================
----------------- testing Sat Mar 21 17:46:37 UTC 2020 /home/travis/build/icyphy/ptII/ptolemy/actor/lib/test/auto/PublisherSubscriber9.xml
----------------- Instantiating /home/travis/build/icyphy/ptII/ptolemy/actor/lib/test/auto/PublisherSubscriber9.xml
2 ms. Memory: 456704K Free: 215346K (47%)
----------------- Invoking toplevel() on ptolemy.moml.MoMLSimpleApplication@38e22139
----------------- Done invoking toplevel() on ptolemy.moml.MoMLSimpleApplication@38e22139
reloadAllAccessors: .PublisherSubscriber9

===========================================================================================
----------------- testing Sat Mar 21 17:46:37 UTC 2020 /home/travis/build/icyphy/ptII/ptolemy/actor/lib/test/auto/PublisherSubscriberAdjacent.xml
----------------- Instantiating /home/travis/build/icyphy/ptII/ptolemy/actor/lib/test/auto/PublisherSubscriberAdjacent.xml
2 ms. Memory: 456704K Free: 206644K (45%)
----------------- Invoking toplevel() on ptolemy.moml.MoMLSimpleApplication@45084889
----------------- Done invoking toplevel() on ptolemy.moml.MoMLSimpleApplication@45084889
reloadAllAccessors: .PublisherSubscriberAdjacent

===========================================================================================
----------------- testing Sat Mar 21 17:46:37 UTC 2020 /home/travis/build/icyphy/ptII/ptolemy/actor/lib/test/auto/PublisherSubscriberChannelVariablesAOC2.xml
----------------- Instantiating /home/travis/build/icyphy/ptII/ptolemy/actor/lib/test/auto/PublisherSubscriberChannelVariablesAOC2.xml
2 ms. Memory: 456704K Free: 190756K (42%)
----------------- Invoking toplevel() on ptolemy.moml.MoMLSimpleApplication@19715bf0
----------------- Done invoking toplevel() on ptolemy.moml.MoMLSimpleApplication@19715bf0
reloadAllAccessors: .PublisherSubscriberChannelVariablesAOC2

===========================================================================================
----------------- testing Sat Mar 21 17:46:37 UTC 2020 /home/travis/build/icyphy/ptII/ptolemy/actor/lib/test/auto/PublisherSubscriberD3.xml
----------------- Instantiating /home/travis/build/icyphy/ptII/ptolemy/actor/lib/test/auto/PublisherSubscriberD3.xml
1 ms. Memory: 456704K Free: 183602K (40%)
----------------- Invoking toplevel() on ptolemy.moml.MoMLSimpleApplication@6199c021
----------------- Done invoking toplevel() on ptolemy.moml.MoMLSimpleApplication@6199c021
reloadAllAccessors: .PublisherSubscriberD3

===========================================================================================
----------------- testing Sat Mar 21 17:46:37 UTC 2020 /home/travis/build/icyphy/ptII/ptolemy/actor/lib/test/auto/PublisherSubscriberD3Reverse.xml
----------------- Instantiating /home/travis/build/icyphy/ptII/ptolemy/actor/lib/test/auto/PublisherSubscriberD3Reverse.xml
2 ms. Memory: 456704K Free: 177458K (39%)
----------------- Invoking toplevel() on ptolemy.moml.MoMLSimpleApplication@577519d0
----------------- Done invoking toplevel() on ptolemy.moml.MoMLSimpleApplication@577519d0
reloadAllAccessors: .PublisherSubscriberD3Reverse

===========================================================================================
----------------- testing Sat Mar 21 17:46:37 UTC 2020 /home/travis/build/icyphy/ptII/ptolemy/actor/lib/test/auto/PublisherSubscriberExpression.xml
----------------- Instantiating /home/travis/build/icyphy/ptII/ptolemy/actor/lib/test/auto/PublisherSubscriberExpression.xml
4 ms. Memory: 456704K Free: 169252K (37%)
----------------- Invoking toplevel() on ptolemy.moml.MoMLSimpleApplication@6fc4d6d
----------------- Done invoking toplevel() on ptolemy.moml.MoMLSimpleApplication@6fc4d6d
reloadAllAccessors: .PublisherSubscriberExpression

===========================================================================================
----------------- testing Sat Mar 21 17:46:37 UTC 2020 /home/travis/build/icyphy/ptII/ptolemy/actor/lib/test/auto/PublisherSubscriberOpaque.xml
----------------- Instantiating /home/travis/build/icyphy/ptII/ptolemy/actor/lib/test/auto/PublisherSubscriberOpaque.xml
4 ms. Memory: 456704K Free: 161074K (35%)
----------------- Invoking toplevel() on ptolemy.moml.MoMLSimpleApplication@6e722c71
----------------- Done invoking toplevel() on ptolemy.moml.MoMLSimpleApplication@6e722c71
reloadAllAccessors: .PublisherSubscriberOpaque

===========================================================================================
----------------- testing Sat Mar 21 17:46:37 UTC 2020 /home/travis/build/icyphy/ptII/ptolemy/actor/lib/test/auto/PublisherSubscriberOpaqueD3.xml
----------------- Instantiating /home/travis/build/icyphy/ptII/ptolemy/actor/lib/test/auto/PublisherSubscriberOpaqueD3.xml
5 ms. Memory: 456704K Free: 149300K (33%)
----------------- Invoking toplevel() on ptolemy.moml.MoMLSimpleApplication@5a57ffce
----------------- Done invoking toplevel() on ptolemy.moml.MoMLSimpleApplication@5a57ffce
reloadAllAccessors: .PublisherSubscriberOpaqueD3

===========================================================================================
----------------- testing Sat Mar 21 17:46:37 UTC 2020 /home/travis/build/icyphy/ptII/ptolemy/actor/lib/test/auto/PublisherSubscriberOpaqueD3Reverse.xml
----------------- Instantiating /home/travis/build/icyphy/ptII/ptolemy/actor/lib/test/auto/PublisherSubscriberOpaqueD3Reverse.xml
7 ms. Memory: 456704K Free: 138546K (30%)
----------------- Invoking toplevel() on ptolemy.moml.MoMLSimpleApplication@7e023a72
----------------- Done invoking toplevel() on ptolemy.moml.MoMLSimpleApplication@7e023a72
reloadAllAccessors: .PublisherSubscriberOpaqueD3Reverse

===========================================================================================
----------------- testing Sat Mar 21 17:46:37 UTC 2020 /home/travis/build/icyphy/ptII/ptolemy/actor/lib/test/auto/PublisherSubscriberOpaqueWidthInference.xml
----------------- Instantiating /home/travis/build/icyphy/ptII/ptolemy/actor/lib/test/auto/PublisherSubscriberOpaqueWidthInference.xml
4 ms. Memory: 456704K Free: 400544K (88%)
----------------- Invoking toplevel() on ptolemy.moml.MoMLSimpleApplication@1d3012b0
----------------- Done invoking toplevel() on ptolemy.moml.MoMLSimpleApplication@1d3012b0
reloadAllAccessors: .PublisherSubscriberOpaqueWidthInference

===========================================================================================
----------------- testing Sat Mar 21 17:46:37 UTC 2020 /home/travis/build/icyphy/ptII/ptolemy/actor/lib/test/auto/PublisherTestSubscriber.xml
----------------- Instantiating /home/travis/build/icyphy/ptII/ptolemy/actor/lib/test/auto/PublisherTestSubscriber.xml
3 ms. Memory: 456704K Free: 392360K (86%)
----------------- Invoking toplevel() on ptolemy.moml.MoMLSimpleApplication@3a4d2acf
----------------- Done invoking toplevel() on ptolemy.moml.MoMLSimpleApplication@3a4d2acf
reloadAllAccessors: .PublisherTestSubscriber

===========================================================================================
----------------- testing Sat Mar 21 17:46:37 UTC 2020 /home/travis/build/icyphy/ptII/ptolemy/actor/lib/test/auto/PublisherToplevelSubscriberPortAOC.xml
----------------- Instantiating /home/travis/build/icyphy/ptII/ptolemy/actor/lib/test/auto/PublisherToplevelSubscriberPortAOC.xml
3 ms. Memory: 456704K Free: 385712K (84%)
----------------- Invoking toplevel() on ptolemy.moml.MoMLSimpleApplication@23c22060
----------------- Done invoking toplevel() on ptolemy.moml.MoMLSimpleApplication@23c22060
reloadAllAccessors: .PublisherToplevelSubscriberPortAOC

===========================================================================================
----------------- testing Sat Mar 21 17:46:37 UTC 2020 /home/travis/build/icyphy/ptII/ptolemy/actor/lib/test/auto/PulseFiringLimitDE.xml
----------------- Instantiating /home/travis/build/icyphy/ptII/ptolemy/actor/lib/test/auto/PulseFiringLimitDE.xml
2 ms. Memory: 456704K Free: 379568K (83%)
----------------- Invoking toplevel() on ptolemy.moml.MoMLSimpleApplication@121d3579
----------------- Done invoking toplevel() on ptolemy.moml.MoMLSimpleApplication@121d3579
reloadAllAccessors: .PulseFiringLimitDE

===========================================================================================
----------------- testing Sat Mar 21 17:46:37 UTC 2020 /home/travis/build/icyphy/ptII/ptolemy/actor/lib/test/auto/Ramp1.xml
----------------- Instantiating /home/travis/build/icyphy/ptII/ptolemy/actor/lib/test/auto/Ramp1.xml
1 ms. Memory: 456704K Free: 375472K (82%)
----------------- Invoking toplevel() on ptolemy.moml.MoMLSimpleApplication@5918275f
----------------- Done invoking toplevel() on ptolemy.moml.MoMLSimpleApplication@5918275f
reloadAllAccessors: .Ramp1

===========================================================================================
----------------- testing Sat Mar 21 17:46:37 UTC 2020 /home/travis/build/icyphy/ptII/ptolemy/actor/lib/test/auto/RampFiringLimitDE.xml
----------------- Instantiating /home/travis/build/icyphy/ptII/ptolemy/actor/lib/test/auto/RampFiringLimitDE.xml
3 ms. Memory: 456704K Free: 368800K (81%)
----------------- Invoking toplevel() on ptolemy.moml.MoMLSimpleApplication@194e0441
----------------- Done invoking toplevel() on ptolemy.moml.MoMLSimpleApplication@194e0441
reloadAllAccessors: .RampFiringLimitDE

===========================================================================================
----------------- testing Sat Mar 21 17:46:37 UTC 2020 /home/travis/build/icyphy/ptII/ptolemy/actor/lib/test/auto/RampFiringLimitSDF.xml
----------------- Instantiating /home/travis/build/icyphy/ptII/ptolemy/actor/lib/test/auto/RampFiringLimitSDF.xml
2 ms. Memory: 456704K Free: 363664K (80%)
----------------- Invoking toplevel() on ptolemy.moml.MoMLSimpleApplication@76e6ab2
----------------- Done invoking toplevel() on ptolemy.moml.MoMLSimpleApplication@76e6ab2
reloadAllAccessors: .RampFiringLimitSDF

===========================================================================================
----------------- testing Sat Mar 21 17:46:37 UTC 2020 /home/travis/build/icyphy/ptII/ptolemy/actor/lib/test/auto/RandomInteger.xml
----------------- Instantiating /home/travis/build/icyphy/ptII/ptolemy/actor/lib/test/auto/RandomInteger.xml
1 ms. Memory: 456704K Free: 359598K (79%)
----------------- Invoking toplevel() on ptolemy.moml.MoMLSimpleApplication@65c5d700
----------------- Done invoking toplevel() on ptolemy.moml.MoMLSimpleApplication@65c5d700
reloadAllAccessors: .RandomInteger

===========================================================================================
----------------- testing Sat Mar 21 17:46:37 UTC 2020 /home/travis/build/icyphy/ptII/ptolemy/actor/lib/test/auto/ReadFile1.xml
----------------- Instantiating /home/travis/build/icyphy/ptII/ptolemy/actor/lib/test/auto/ReadFile1.xml
2 ms. Memory: 456704K Free: 354992K (78%)
----------------- Invoking toplevel() on ptolemy.moml.MoMLSimpleApplication@67c11d9d
----------------- Done invoking toplevel() on ptolemy.moml.MoMLSimpleApplication@67c11d9d
reloadAllAccessors: .ReadFile1

===========================================================================================
----------------- testing Sat Mar 21 17:46:37 UTC 2020 /home/travis/build/icyphy/ptII/ptolemy/actor/lib/test/auto/ReadFile2.xml
----------------- Instantiating /home/travis/build/icyphy/ptII/ptolemy/actor/lib/test/auto/ReadFile2.xml
1 ms. Memory: 456704K Free: 350382K (77%)
----------------- Invoking toplevel() on ptolemy.moml.MoMLSimpleApplication@783fa805
----------------- Done invoking toplevel() on ptolemy.moml.MoMLSimpleApplication@783fa805
reloadAllAccessors: .ReadFile2

===========================================================================================
----------------- testing Sat Mar 21 17:46:37 UTC 2020 /home/travis/build/icyphy/ptII/ptolemy/actor/lib/test/auto/Reader.xml
----------------- Instantiating /home/travis/build/icyphy/ptII/ptolemy/actor/lib/test/auto/Reader.xml
actor.lib.Reader is obsolete, use actor.lib.io.ExpressionReader instead
4 ms. Memory: 456704K Free: 346286K (76%)
----------------- Invoking toplevel() on ptolemy.moml.MoMLSimpleApplication@657bc980
----------------- Done invoking toplevel() on ptolemy.moml.MoMLSimpleApplication@657bc980
reloadAllAccessors: .Reader

===========================================================================================
----------------- testing Sat Mar 21 17:46:37 UTC 2020 /home/travis/build/icyphy/ptII/ptolemy/actor/lib/test/auto/RecordAssemblerDisplayNameTest.xml
----------------- Instantiating /home/travis/build/icyphy/ptII/ptolemy/actor/lib/test/auto/RecordAssemblerDisplayNameTest.xml
3242 ms. Memory: 456704K Free: 208566K (46%)
----------------- Invoking toplevel() on ptolemy.moml.MoMLSimpleApplication@1e5c9ca7
----------------- Done invoking toplevel() on ptolemy.moml.MoMLSimpleApplication@1e5c9ca7
reloadAllAccessors: .RecordAssemblerDisplayNameTest

===========================================================================================
----------------- testing Sat Mar 21 17:46:40 UTC 2020 /home/travis/build/icyphy/ptII/ptolemy/actor/lib/test/auto/RecordAssemblerTypeError.xml
----------------- Instantiating /home/travis/build/icyphy/ptII/ptolemy/actor/lib/test/auto/RecordAssemblerTypeError.xml
7 ms. Memory: 456704K Free: 198836K (44%)
----------------- Invoking toplevel() on ptolemy.moml.MoMLSimpleApplication@2c52f637
----------------- Done invoking toplevel() on ptolemy.moml.MoMLSimpleApplication@2c52f637
reloadAllAccessors: .RecordAssemblerTypeError

===========================================================================================
----------------- testing Sat Mar 21 17:46:41 UTC 2020 /home/travis/build/icyphy/ptII/ptolemy/actor/lib/test/auto/RecordDisassember.xml
----------------- Instantiating /home/travis/build/icyphy/ptII/ptolemy/actor/lib/test/auto/RecordDisassember.xml
11 ms. Memory: 456704K Free: 193686K (42%)
----------------- Invoking toplevel() on ptolemy.moml.MoMLSimpleApplication@5841cdf0
----------------- Done invoking toplevel() on ptolemy.moml.MoMLSimpleApplication@5841cdf0
reloadAllAccessors: .RecordDisassember

===========================================================================================
----------------- testing Sat Mar 21 17:46:41 UTC 2020 /home/travis/build/icyphy/ptII/ptolemy/actor/lib/test/auto/RecordDisassemberDisplayNameTest.xml
----------------- Instantiating /home/travis/build/icyphy/ptII/ptolemy/actor/lib/test/auto/RecordDisassemberDisplayNameTest.xml
5 ms. Memory: 456704K Free: 186038K (41%)
----------------- Invoking toplevel() on ptolemy.moml.MoMLSimpleApplication@2ae7a238
----------------- Done invoking toplevel() on ptolemy.moml.MoMLSimpleApplication@2ae7a238
reloadAllAccessors: .RecordDisassemberDisplayNameTest

===========================================================================================
----------------- testing Sat Mar 21 17:46:41 UTC 2020 /home/travis/build/icyphy/ptII/ptolemy/actor/lib/test/auto/RecordDisassembler.xml
----------------- Instantiating /home/travis/build/icyphy/ptII/ptolemy/actor/lib/test/auto/RecordDisassembler.xml
2 ms. Memory: 456704K Free: 180918K (40%)
----------------- Invoking toplevel() on ptolemy.moml.MoMLSimpleApplication@1856b61c
----------------- Done invoking toplevel() on ptolemy.moml.MoMLSimpleApplication@1856b61c
reloadAllAccessors: .RecordDisassembler

===========================================================================================
----------------- testing Sat Mar 21 17:46:41 UTC 2020 /home/travis/build/icyphy/ptII/ptolemy/actor/lib/test/auto/RecordDisassembler2.xml
----------------- Instantiating /home/travis/build/icyphy/ptII/ptolemy/actor/lib/test/auto/RecordDisassembler2.xml
3 ms. Memory: 456704K Free: 175798K (38%)
----------------- Invoking toplevel() on ptolemy.moml.MoMLSimpleApplication@615e382b
----------------- Done invoking toplevel() on ptolemy.moml.MoMLSimpleApplication@615e382b
reloadAllAccessors: .RecordDisassembler2

===========================================================================================
----------------- testing Sat Mar 21 17:46:41 UTC 2020 /home/travis/build/icyphy/ptII/ptolemy/actor/lib/test/auto/RecordUpdater.xml
----------------- Instantiating /home/travis/build/icyphy/ptII/ptolemy/actor/lib/test/auto/RecordUpdater.xml
1 ms. Memory: 456704K Free: 170164K (37%)
----------------- Invoking toplevel() on ptolemy.moml.MoMLSimpleApplication@282ae8d4
----------------- Done invoking toplevel() on ptolemy.moml.MoMLSimpleApplication@282ae8d4
reloadAllAccessors: .RecordUpdater

===========================================================================================
----------------- testing Sat Mar 21 17:46:41 UTC 2020 /home/travis/build/icyphy/ptII/ptolemy/actor/lib/test/auto/RecordUpdater2.xml
----------------- Instantiating /home/travis/build/icyphy/ptII/ptolemy/actor/lib/test/auto/RecordUpdater2.xml
2 ms. Memory: 456704K Free: 165044K (36%)
----------------- Invoking toplevel() on ptolemy.moml.MoMLSimpleApplication@7afac368
----------------- Done invoking toplevel() on ptolemy.moml.MoMLSimpleApplication@7afac368
reloadAllAccessors: .RecordUpdater2

===========================================================================================
----------------- testing Sat Mar 21 17:46:41 UTC 2020 /home/travis/build/icyphy/ptII/ptolemy/actor/lib/test/auto/RecursiveLattice.xml
----------------- Instantiating /home/travis/build/icyphy/ptII/ptolemy/actor/lib/test/auto/RecursiveLattice.xml
1 ms. Memory: 456704K Free: 160948K (35%)
----------------- Invoking toplevel() on ptolemy.moml.MoMLSimpleApplication@5bbdca1c
----------------- Done invoking toplevel() on ptolemy.moml.MoMLSimpleApplication@5bbdca1c
reloadAllAccessors: .RecursiveLattice

===========================================================================================
----------------- testing Sat Mar 21 17:46:41 UTC 2020 /home/travis/build/icyphy/ptII/ptolemy/actor/lib/test/auto/Router.xml
----------------- Instantiating /home/travis/build/icyphy/ptII/ptolemy/actor/lib/test/auto/Router.xml
3004 ms. Memory: 456704K Free: 150198K (33%)
----------------- Invoking toplevel() on ptolemy.moml.MoMLSimpleApplication@4cc686a7
----------------- Done invoking toplevel() on ptolemy.moml.MoMLSimpleApplication@4cc686a7
reloadAllAccessors: .Router

===========================================================================================
----------------- testing Sat Mar 21 17:46:44 UTC 2020 /home/travis/build/icyphy/ptII/ptolemy/actor/lib/test/auto/Router2.xml
----------------- Instantiating /home/travis/build/icyphy/ptII/ptolemy/actor/lib/test/auto/Router2.xml
3004 ms. Memory: 456704K Free: 139444K (31%)
----------------- Invoking toplevel() on ptolemy.moml.MoMLSimpleApplication@29cdb4a5
----------------- Done invoking toplevel() on ptolemy.moml.MoMLSimpleApplication@29cdb4a5
reloadAllAccessors: .Router2

===========================================================================================
----------------- testing Sat Mar 21 17:46:47 UTC 2020 /home/travis/build/icyphy/ptII/ptolemy/actor/lib/test/auto/RunningMaximum.xml
----------------- Instantiating /home/travis/build/icyphy/ptII/ptolemy/actor/lib/test/auto/RunningMaximum.xml
1 ms. Memory: 456704K Free: 405233K (89%)
----------------- Invoking toplevel() on ptolemy.moml.MoMLSimpleApplication@20eddb8a
----------------- Done invoking toplevel() on ptolemy.moml.MoMLSimpleApplication@20eddb8a
reloadAllAccessors: .RunningMaximum

===========================================================================================
----------------- testing Sat Mar 21 17:46:47 UTC 2020 /home/travis/build/icyphy/ptII/ptolemy/actor/lib/test/auto/RunningMinimum.xml
----------------- Instantiating /home/travis/build/icyphy/ptII/ptolemy/actor/lib/test/auto/RunningMinimum.xml
2 ms. Memory: 456704K Free: 400393K (88%)
----------------- Invoking toplevel() on ptolemy.moml.MoMLSimpleApplication@11ba5795
----------------- Done invoking toplevel() on ptolemy.moml.MoMLSimpleApplication@11ba5795
reloadAllAccessors: .RunningMinimum

===========================================================================================
----------------- testing Sat Mar 21 17:46:47 UTC 2020 /home/travis/build/icyphy/ptII/ptolemy/actor/lib/test/auto/Scale.xml
----------------- Instantiating /home/travis/build/icyphy/ptII/ptolemy/actor/lib/test/auto/Scale.xml
2 ms. Memory: 456704K Free: 395273K (87%)
----------------- Invoking toplevel() on ptolemy.moml.MoMLSimpleApplication@6598197
----------------- Done invoking toplevel() on ptolemy.moml.MoMLSimpleApplication@6598197
reloadAllAccessors: .Scale

===========================================================================================
----------------- testing Sat Mar 21 17:46:47 UTC 2020 /home/travis/build/icyphy/ptII/ptolemy/actor/lib/test/auto/Scale2.xml
----------------- Instantiating /home/travis/build/icyphy/ptII/ptolemy/actor/lib/test/auto/Scale2.xml
1 ms. Memory: 456704K Free: 390667K (86%)
----------------- Invoking toplevel() on ptolemy.moml.MoMLSimpleApplication@76132e87
----------------- Done invoking toplevel() on ptolemy.moml.MoMLSimpleApplication@76132e87
reloadAllAccessors: .Scale2

===========================================================================================
----------------- testing Sat Mar 21 17:46:47 UTC 2020 /home/travis/build/icyphy/ptII/ptolemy/actor/lib/test/auto/Scale3.xml
----------------- Instantiating /home/travis/build/icyphy/ptII/ptolemy/actor/lib/test/auto/Scale3.xml
3 ms. Memory: 456704K Free: 384523K (84%)
----------------- Invoking toplevel() on ptolemy.moml.MoMLSimpleApplication@406b4d07
----------------- Done invoking toplevel() on ptolemy.moml.MoMLSimpleApplication@406b4d07
reloadAllAccessors: .Scale3

===========================================================================================
----------------- testing Sat Mar 21 17:46:47 UTC 2020 /home/travis/build/icyphy/ptII/ptolemy/actor/lib/test/auto/ScaleArray.xml
----------------- Instantiating /home/travis/build/icyphy/ptII/ptolemy/actor/lib/test/auto/ScaleArray.xml
1 ms. Memory: 456704K Free: 379913K (83%)
----------------- Invoking toplevel() on ptolemy.moml.MoMLSimpleApplication@327f5341
----------------- Done invoking toplevel() on ptolemy.moml.MoMLSimpleApplication@327f5341
reloadAllAccessors: .ScaleArray

===========================================================================================
----------------- testing Sat Mar 21 17:46:47 UTC 2020 /home/travis/build/icyphy/ptII/ptolemy/actor/lib/test/auto/ScaleArray2.xml
----------------- Instantiating /home/travis/build/icyphy/ptII/ptolemy/actor/lib/test/auto/ScaleArray2.xml
1 ms. Memory: 456704K Free: 375307K (82%)
----------------- Invoking toplevel() on ptolemy.moml.MoMLSimpleApplication@43e410bd
----------------- Done invoking toplevel() on ptolemy.moml.MoMLSimpleApplication@43e410bd
reloadAllAccessors: .ScaleArray2

===========================================================================================
----------------- testing Sat Mar 21 17:46:47 UTC 2020 /home/travis/build/icyphy/ptII/ptolemy/actor/lib/test/auto/ScaleMatrix.xml
----------------- Instantiating /home/travis/build/icyphy/ptII/ptolemy/actor/lib/test/auto/ScaleMatrix.xml
140 ms. Memory: 456704K Free: 360457K (79%)
----------------- Invoking toplevel() on ptolemy.moml.MoMLSimpleApplication@61a6c8c3
----------------- Done invoking toplevel() on ptolemy.moml.MoMLSimpleApplication@61a6c8c3
reloadAllAccessors: .ScaleMatrix

===========================================================================================
----------------- testing Sat Mar 21 17:46:47 UTC 2020 /home/travis/build/icyphy/ptII/ptolemy/actor/lib/test/auto/Select.xml
----------------- Instantiating /home/travis/build/icyphy/ptII/ptolemy/actor/lib/test/auto/Select.xml
3 ms. Memory: 456704K Free: 354283K (78%)
----------------- Invoking toplevel() on ptolemy.moml.MoMLSimpleApplication@45638b95
----------------- Done invoking toplevel() on ptolemy.moml.MoMLSimpleApplication@45638b95
reloadAllAccessors: .Select

===========================================================================================
----------------- testing Sat Mar 21 17:46:47 UTC 2020 /home/travis/build/icyphy/ptII/ptolemy/actor/lib/test/auto/Select2.xml
----------------- Instantiating /home/travis/build/icyphy/ptII/ptolemy/actor/lib/test/auto/Select2.xml
1 ms. Memory: 456704K Free: 349193K (76%)
----------------- Invoking toplevel() on ptolemy.moml.MoMLSimpleApplication@3142c5b7
----------------- Done invoking toplevel() on ptolemy.moml.MoMLSimpleApplication@3142c5b7
reloadAllAccessors: .Select2

===========================================================================================
----------------- testing Sat Mar 21 17:46:47 UTC 2020 /home/travis/build/icyphy/ptII/ptolemy/actor/lib/test/auto/SequenceToArray2.xml
----------------- Instantiating /home/travis/build/icyphy/ptII/ptolemy/actor/lib/test/auto/SequenceToArray2.xml
106 ms. Memory: 456704K Free: 325131K (71%)
----------------- Invoking toplevel() on ptolemy.moml.MoMLSimpleApplication@19fa7b67
----------------- Done invoking toplevel() on ptolemy.moml.MoMLSimpleApplication@19fa7b67
reloadAllAccessors: .SequenceToArray2

===========================================================================================
----------------- testing Sat Mar 21 17:46:47 UTC 2020 /home/travis/build/icyphy/ptII/ptolemy/actor/lib/test/auto/SequentialClock.xml
----------------- Instantiating /home/travis/build/icyphy/ptII/ptolemy/actor/lib/test/auto/SequentialClock.xml
1 ms. Memory: 456704K Free: 321035K (70%)
----------------- Invoking toplevel() on ptolemy.moml.MoMLSimpleApplication@571673b1
----------------- Done invoking toplevel() on ptolemy.moml.MoMLSimpleApplication@571673b1
reloadAllAccessors: .SequentialClock

===========================================================================================
----------------- testing Sat Mar 21 17:46:47 UTC 2020 /home/travis/build/icyphy/ptII/ptolemy/actor/lib/test/auto/SetVariable.xml
----------------- Instantiating /home/travis/build/icyphy/ptII/ptolemy/actor/lib/test/auto/SetVariable.xml
3 ms. Memory: 456704K Free: 315915K (69%)
----------------- Invoking toplevel() on ptolemy.moml.MoMLSimpleApplication@108acd7e
----------------- Done invoking toplevel() on ptolemy.moml.MoMLSimpleApplication@108acd7e
reloadAllAccessors: .SetVariable

===========================================================================================
----------------- testing Sat Mar 21 17:46:47 UTC 2020 /home/travis/build/icyphy/ptII/ptolemy/actor/lib/test/auto/SetVariable2.xml
----------------- Instantiating /home/travis/build/icyphy/ptII/ptolemy/actor/lib/test/auto/SetVariable2.xml
2 ms. Memory: 456704K Free: 310795K (68%)
----------------- Invoking toplevel() on ptolemy.moml.MoMLSimpleApplication@4746daa0
----------------- Done invoking toplevel() on ptolemy.moml.MoMLSimpleApplication@4746daa0
reloadAllAccessors: .SetVariable2

===========================================================================================
----------------- testing Sat Mar 21 17:46:47 UTC 2020 /home/travis/build/icyphy/ptII/ptolemy/actor/lib/test/auto/SetVariable3.xml
----------------- Instantiating /home/travis/build/icyphy/ptII/ptolemy/actor/lib/test/auto/SetVariable3.xml
7 ms. Memory: 456704K Free: 305675K (67%)
----------------- Invoking toplevel() on ptolemy.moml.MoMLSimpleApplication@3f219bfe
----------------- Done invoking toplevel() on ptolemy.moml.MoMLSimpleApplication@3f219bfe
reloadAllAccessors: .SetVariable3

===========================================================================================
----------------- testing Sat Mar 21 17:46:47 UTC 2020 /home/travis/build/icyphy/ptII/ptolemy/actor/lib/test/auto/SetVariable4.xml
----------------- Instantiating /home/travis/build/icyphy/ptII/ptolemy/actor/lib/test/auto/SetVariable4.xml
27 ms. Memory: 456704K Free: 295435K (65%)
----------------- Invoking toplevel() on ptolemy.moml.MoMLSimpleApplication@37052151
----------------- Done invoking toplevel() on ptolemy.moml.MoMLSimpleApplication@37052151
reloadAllAccessors: .SetVariable4

===========================================================================================
----------------- testing Sat Mar 21 17:46:47 UTC 2020 /home/travis/build/icyphy/ptII/ptolemy/actor/lib/test/auto/SetVariable5.xml
----------------- Instantiating /home/travis/build/icyphy/ptII/ptolemy/actor/lib/test/auto/SetVariable5.xml
17 ms. Memory: 456704K Free: 285705K (63%)
----------------- Invoking toplevel() on ptolemy.moml.MoMLSimpleApplication@17771dfe
----------------- Done invoking toplevel() on ptolemy.moml.MoMLSimpleApplication@17771dfe
reloadAllAccessors: .SetVariable5

===========================================================================================
----------------- testing Sat Mar 21 17:46:47 UTC 2020 /home/travis/build/icyphy/ptII/ptolemy/actor/lib/test/auto/Sinewave.xml
----------------- Instantiating /home/travis/build/icyphy/ptII/ptolemy/actor/lib/test/auto/Sinewave.xml
5 ms. Memory: 456704K Free: 275465K (60%)
----------------- Invoking toplevel() on ptolemy.moml.MoMLSimpleApplication@234ab037
----------------- Done invoking toplevel() on ptolemy.moml.MoMLSimpleApplication@234ab037
reloadAllAccessors: .Sinewave

===========================================================================================
----------------- testing Sat Mar 21 17:46:47 UTC 2020 /home/travis/build/icyphy/ptII/ptolemy/actor/lib/test/auto/Sinewave2.xml
----------------- Instantiating /home/travis/build/icyphy/ptII/ptolemy/actor/lib/test/auto/Sinewave2.xml
6 ms. Memory: 456704K Free: 267259K (59%)
----------------- Invoking toplevel() on ptolemy.moml.MoMLSimpleApplication@3723d1c9
----------------- Done invoking toplevel() on ptolemy.moml.MoMLSimpleApplication@3723d1c9
reloadAllAccessors: .Sinewave2

===========================================================================================
----------------- testing Sat Mar 21 17:46:47 UTC 2020 /home/travis/build/icyphy/ptII/ptolemy/actor/lib/test/auto/Sinewave3.xml
----------------- Instantiating /home/travis/build/icyphy/ptII/ptolemy/actor/lib/test/auto/Sinewave3.xml
8 ms. Memory: 456704K Free: 258571K (57%)
----------------- Invoking toplevel() on ptolemy.moml.MoMLSimpleApplication@775c9748
----------------- Done invoking toplevel() on ptolemy.moml.MoMLSimpleApplication@775c9748
reloadAllAccessors: .Sinewave3

===========================================================================================
----------------- testing Sat Mar 21 17:46:47 UTC 2020 /home/travis/build/icyphy/ptII/ptolemy/actor/lib/test/auto/SingleEvent.xml
----------------- Instantiating /home/travis/build/icyphy/ptII/ptolemy/actor/lib/test/auto/SingleEvent.xml
1 ms. Memory: 456704K Free: 254475K (56%)
----------------- Invoking toplevel() on ptolemy.moml.MoMLSimpleApplication@17e45b54
----------------- Done invoking toplevel() on ptolemy.moml.MoMLSimpleApplication@17e45b54
reloadAllAccessors: .SingleEvent

===========================================================================================
----------------- testing Sat Mar 21 17:46:47 UTC 2020 /home/travis/build/icyphy/ptII/ptolemy/actor/lib/test/auto/Sleep.xml
----------------- Instantiating /home/travis/build/icyphy/ptII/ptolemy/actor/lib/test/auto/Sleep.xml
6004 ms. Memory: 456704K Free: 248841K (54%)
----------------- Invoking toplevel() on ptolemy.moml.MoMLSimpleApplication@22457c8b
----------------- Done invoking toplevel() on ptolemy.moml.MoMLSimpleApplication@22457c8b
reloadAllAccessors: .Sleep

===========================================================================================
----------------- testing Sat Mar 21 17:46:53 UTC 2020 /home/travis/build/icyphy/ptII/ptolemy/actor/lib/test/auto/SleepMultipleFire.xml
----------------- Instantiating /home/travis/build/icyphy/ptII/ptolemy/actor/lib/test/auto/SleepMultipleFire.xml
1005 ms. Memory: 456704K Free: 242697K (53%)
----------------- Invoking toplevel() on ptolemy.moml.MoMLSimpleApplication@2a1894ce
----------------- Done invoking toplevel() on ptolemy.moml.MoMLSimpleApplication@2a1894ce
reloadAllAccessors: .SleepMultipleFire

===========================================================================================
----------------- testing Sat Mar 21 17:46:54 UTC 2020 /home/travis/build/icyphy/ptII/ptolemy/actor/lib/test/auto/StopDE.xml
----------------- Instantiating /home/travis/build/icyphy/ptII/ptolemy/actor/lib/test/auto/StopDE.xml
4 ms. Memory: 456704K Free: 237067K (52%)
----------------- Invoking toplevel() on ptolemy.moml.MoMLSimpleApplication@5d77541a
----------------- Done invoking toplevel() on ptolemy.moml.MoMLSimpleApplication@5d77541a
reloadAllAccessors: .StopDE

===========================================================================================
----------------- testing Sat Mar 21 17:46:54 UTC 2020 /home/travis/build/icyphy/ptII/ptolemy/actor/lib/test/auto/StopSDF.xml
----------------- Instantiating /home/travis/build/icyphy/ptII/ptolemy/actor/lib/test/auto/StopSDF.xml
3 ms. Memory: 456704K Free: 231947K (51%)
----------------- Invoking toplevel() on ptolemy.moml.MoMLSimpleApplication@6a05e501
----------------- Done invoking toplevel() on ptolemy.moml.MoMLSimpleApplication@6a05e501
reloadAllAccessors: .StopSDF

===========================================================================================
----------------- testing Sat Mar 21 17:46:54 UTC 2020 /home/travis/build/icyphy/ptII/ptolemy/actor/lib/test/auto/StringConstant.xml
----------------- Instantiating /home/travis/build/icyphy/ptII/ptolemy/actor/lib/test/auto/StringConstant.xml
9 ms. Memory: 456704K Free: 227337K (50%)
----------------- Invoking toplevel() on ptolemy.moml.MoMLSimpleApplication@6379618a
----------------- Done invoking toplevel() on ptolemy.moml.MoMLSimpleApplication@6379618a
reloadAllAccessors: .StringConstant

===========================================================================================
----------------- testing Sat Mar 21 17:46:54 UTC 2020 /home/travis/build/icyphy/ptII/ptolemy/actor/lib/test/auto/SubscriberPortInitialValues1.xml
----------------- Instantiating /home/travis/build/icyphy/ptII/ptolemy/actor/lib/test/auto/SubscriberPortInitialValues1.xml
12 ms. Memory: 456704K Free: 218635K (48%)
----------------- Invoking toplevel() on ptolemy.moml.MoMLSimpleApplication@4036a661
----------------- Done invoking toplevel() on ptolemy.moml.MoMLSimpleApplication@4036a661
reloadAllAccessors: .SubscriberPortInitialValues1

===========================================================================================
----------------- testing Sat Mar 21 17:46:55 UTC 2020 /home/travis/build/icyphy/ptII/ptolemy/actor/lib/test/auto/SubscriberPortInitialValues13.xml
----------------- Instantiating /home/travis/build/icyphy/ptII/ptolemy/actor/lib/test/auto/SubscriberPortInitialValues13.xml
5 ms. Memory: 456704K Free: 205323K (45%)
----------------- Invoking toplevel() on ptolemy.moml.MoMLSimpleApplication@f7431b2
----------------- Done invoking toplevel() on ptolemy.moml.MoMLSimpleApplication@f7431b2
reloadAllAccessors: .SubscriberPortInitialValues13

===========================================================================================
----------------- testing Sat Mar 21 17:46:55 UTC 2020 /home/travis/build/icyphy/ptII/ptolemy/actor/lib/test/auto/SubscriberPortInitialValues14.xml
----------------- Instantiating /home/travis/build/icyphy/ptII/ptolemy/actor/lib/test/auto/SubscriberPortInitialValues14.xml
4 ms. Memory: 456704K Free: 197641K (43%)
----------------- Invoking toplevel() on ptolemy.moml.MoMLSimpleApplication@771db80b
----------------- Done invoking toplevel() on ptolemy.moml.MoMLSimpleApplication@771db80b
reloadAllAccessors: .SubscriberPortInitialValues14

===========================================================================================
----------------- testing Sat Mar 21 17:46:55 UTC 2020 /home/travis/build/icyphy/ptII/ptolemy/actor/lib/test/auto/SubscriberPortInitialValues2.xml
----------------- Instantiating /home/travis/build/icyphy/ptII/ptolemy/actor/lib/test/auto/SubscriberPortInitialValues2.xml
4 ms. Memory: 456704K Free: 189963K (42%)
----------------- Invoking toplevel() on ptolemy.moml.MoMLSimpleApplication@371f6323
----------------- Done invoking toplevel() on ptolemy.moml.MoMLSimpleApplication@371f6323
reloadAllAccessors: .SubscriberPortInitialValues2

===========================================================================================
----------------- testing Sat Mar 21 17:46:55 UTC 2020 /home/travis/build/icyphy/ptII/ptolemy/actor/lib/test/auto/SubscriberPortInitialValues3.xml
----------------- Instantiating /home/travis/build/icyphy/ptII/ptolemy/actor/lib/test/auto/SubscriberPortInitialValues3.xml
4 ms. Memory: 456704K Free: 179209K (39%)
----------------- Invoking toplevel() on ptolemy.moml.MoMLSimpleApplication@be0d07
----------------- Done invoking toplevel() on ptolemy.moml.MoMLSimpleApplication@be0d07
reloadAllAccessors: .SubscriberPortInitialValues3

===========================================================================================
----------------- testing Sat Mar 21 17:46:55 UTC 2020 /home/travis/build/icyphy/ptII/ptolemy/actor/lib/test/auto/SubscriptionAggregator.xml
----------------- Instantiating /home/travis/build/icyphy/ptII/ptolemy/actor/lib/test/auto/SubscriptionAggregator.xml
2 ms. Memory: 456704K Free: 172555K (38%)
----------------- Invoking toplevel() on ptolemy.moml.MoMLSimpleApplication@7a6a823f
----------------- Done invoking toplevel() on ptolemy.moml.MoMLSimpleApplication@7a6a823f
reloadAllAccessors: .SubscriptionAggregator

===========================================================================================
----------------- testing Sat Mar 21 17:46:55 UTC 2020 /home/travis/build/icyphy/ptII/ptolemy/actor/lib/test/auto/SubscriptionAggregator2.xml
----------------- Instantiating /home/travis/build/icyphy/ptII/ptolemy/actor/lib/test/auto/SubscriptionAggregator2.xml
3 ms. Memory: 456704K Free: 165387K (36%)
----------------- Invoking toplevel() on ptolemy.moml.MoMLSimpleApplication@11e8ad81
----------------- Done invoking toplevel() on ptolemy.moml.MoMLSimpleApplication@11e8ad81
reloadAllAccessors: .SubscriptionAggregator2

===========================================================================================
----------------- testing Sat Mar 21 17:46:55 UTC 2020 /home/travis/build/icyphy/ptII/ptolemy/actor/lib/test/auto/SubscriptionAggregator3.xml
----------------- Instantiating /home/travis/build/icyphy/ptII/ptolemy/actor/lib/test/auto/SubscriptionAggregator3.xml
3 ms. Memory: 456704K Free: 156681K (34%)
----------------- Invoking toplevel() on ptolemy.moml.MoMLSimpleApplication@75c11a84
----------------- Done invoking toplevel() on ptolemy.moml.MoMLSimpleApplication@75c11a84
reloadAllAccessors: .SubscriptionAggregator3

===========================================================================================
----------------- testing Sat Mar 21 17:46:55 UTC 2020 /home/travis/build/icyphy/ptII/ptolemy/actor/lib/test/auto/SubscriptionAggregatorMultiply.xml
----------------- Instantiating /home/travis/build/icyphy/ptII/ptolemy/actor/lib/test/auto/SubscriptionAggregatorMultiply.xml
12 ms. Memory: 456704K Free: 148489K (33%)
----------------- Invoking toplevel() on ptolemy.moml.MoMLSimpleApplication@beaa83
----------------- Done invoking toplevel() on ptolemy.moml.MoMLSimpleApplication@beaa83
reloadAllAccessors: .SubscriptionAggregatorMultiply

===========================================================================================
----------------- testing Sat Mar 21 17:46:55 UTC 2020 /home/travis/build/icyphy/ptII/ptolemy/actor/lib/test/auto/SubscriptionAggregatorPortMultiply1.xml
----------------- Instantiating /home/travis/build/icyphy/ptII/ptolemy/actor/lib/test/auto/SubscriptionAggregatorPortMultiply1.xml
3 ms. Memory: 456704K Free: 140811K (31%)
----------------- Invoking toplevel() on ptolemy.moml.MoMLSimpleApplication@3112289e
----------------- Done invoking toplevel() on ptolemy.moml.MoMLSimpleApplication@3112289e
reloadAllAccessors: .SubscriptionAggregatorPortMultiply1

===========================================================================================
----------------- testing Sat Mar 21 17:46:55 UTC 2020 /home/travis/build/icyphy/ptII/ptolemy/actor/lib/test/auto/Switch.xml
----------------- Instantiating /home/travis/build/icyphy/ptII/ptolemy/actor/lib/test/auto/Switch.xml
11 ms. Memory: 456704K Free: 402807K (88%)
----------------- Invoking toplevel() on ptolemy.moml.MoMLSimpleApplication@1669c15b
----------------- Done invoking toplevel() on ptolemy.moml.MoMLSimpleApplication@1669c15b
reloadAllAccessors: .Switch

===========================================================================================
----------------- testing Sat Mar 21 17:46:55 UTC 2020 /home/travis/build/icyphy/ptII/ptolemy/actor/lib/test/auto/Switch2.xml
----------------- Instantiating /home/travis/build/icyphy/ptII/ptolemy/actor/lib/test/auto/Switch2.xml
1 ms. Memory: 456704K Free: 397687K (87%)
----------------- Invoking toplevel() on ptolemy.moml.MoMLSimpleApplication@3ab503
----------------- Done invoking toplevel() on ptolemy.moml.MoMLSimpleApplication@3ab503
reloadAllAccessors: .Switch2

===========================================================================================
----------------- testing Sat Mar 21 17:46:55 UTC 2020 /home/travis/build/icyphy/ptII/ptolemy/actor/lib/test/auto/SwitchDE.xml
----------------- Instantiating /home/travis/build/icyphy/ptII/ptolemy/actor/lib/test/auto/SwitchDE.xml
4 ms. Memory: 456704K Free: 391543K (86%)
----------------- Invoking toplevel() on ptolemy.moml.MoMLSimpleApplication@53341cd2
----------------- Done invoking toplevel() on ptolemy.moml.MoMLSimpleApplication@53341cd2
reloadAllAccessors: .SwitchDE

===========================================================================================
----------------- testing Sat Mar 21 17:46:55 UTC 2020 /home/travis/build/icyphy/ptII/ptolemy/actor/lib/test/auto/SynchronizerDE.xml
----------------- Instantiating /home/travis/build/icyphy/ptII/ptolemy/actor/lib/test/auto/SynchronizerDE.xml
7 ms. Memory: 456704K Free: 383351K (84%)
----------------- Invoking toplevel() on ptolemy.moml.MoMLSimpleApplication@9b48888
----------------- Done invoking toplevel() on ptolemy.moml.MoMLSimpleApplication@9b48888
reloadAllAccessors: .SynchronizerDE

===========================================================================================
----------------- testing Sat Mar 21 17:46:55 UTC 2020 /home/travis/build/icyphy/ptII/ptolemy/actor/lib/test/auto/Test.xml
----------------- Instantiating /home/travis/build/icyphy/ptII/ptolemy/actor/lib/test/auto/Test.xml
10 ms. Memory: 456704K Free: 378231K (83%)
----------------- Invoking toplevel() on ptolemy.moml.MoMLSimpleApplication@4f347c3e
----------------- Done invoking toplevel() on ptolemy.moml.MoMLSimpleApplication@4f347c3e
reloadAllAccessors: .Test

===========================================================================================
----------------- testing Sat Mar 21 17:46:55 UTC 2020 /home/travis/build/icyphy/ptII/ptolemy/actor/lib/test/auto/TestExceptionAttribute1.xml
----------------- Instantiating /home/travis/build/icyphy/ptII/ptolemy/actor/lib/test/auto/TestExceptionAttribute1.xml
1 ms. Memory: 456704K Free: 374135K (82%)
----------------- Invoking toplevel() on ptolemy.moml.MoMLSimpleApplication@5975b54a
----------------- Done invoking toplevel() on ptolemy.moml.MoMLSimpleApplication@5975b54a
reloadAllAccessors: .TestExceptionAttribute1

===========================================================================================
----------------- testing Sat Mar 21 17:46:55 UTC 2020 /home/travis/build/icyphy/ptII/ptolemy/actor/lib/test/auto/TestExceptionAttribute2.xml
----------------- Instantiating /home/travis/build/icyphy/ptII/ptolemy/actor/lib/test/auto/TestExceptionAttribute2.xml
1 ms. Memory: 456704K Free: 370549K (81%)
----------------- Invoking toplevel() on ptolemy.moml.MoMLSimpleApplication@69134c64
----------------- Done invoking toplevel() on ptolemy.moml.MoMLSimpleApplication@69134c64
reloadAllAccessors: .TestExceptionAttribute2

===========================================================================================
----------------- testing Sat Mar 21 17:46:55 UTC 2020 /home/travis/build/icyphy/ptII/ptolemy/actor/lib/test/auto/TestExceptionAttribute3.xml
----------------- Instantiating /home/travis/build/icyphy/ptII/ptolemy/actor/lib/test/auto/TestExceptionAttribute3.xml
.TestExceptionAttribute3.TestExceptionAttribute: initialize() was not invoked, but wrapup() was.  This is unusual, but not always a problem.  For example, exporting JNLP will do this.
0 ms. Memory: 456704K Free: 366967K (80%)
----------------- Invoking toplevel() on ptolemy.moml.MoMLSimpleApplication@61484979
----------------- Done invoking toplevel() on ptolemy.moml.MoMLSimpleApplication@61484979
reloadAllAccessors: .TestExceptionAttribute3

===========================================================================================
----------------- testing Sat Mar 21 17:46:55 UTC 2020 /home/travis/build/icyphy/ptII/ptolemy/actor/lib/test/auto/TestExceptionAttribute4.xml
----------------- Instantiating /home/travis/build/icyphy/ptII/ptolemy/actor/lib/test/auto/TestExceptionAttribute4.xml
.TestExceptionAttribute4.TestExceptionAttribute: initialize() was not invoked, but wrapup() was.  This is unusual, but not always a problem.  For example, exporting JNLP will do this.
.TestExceptionAttribute4.TestExceptionAttribute2: initialize() was not invoked, but wrapup() was.  This is unusual, but not always a problem.  For example, exporting JNLP will do this.
1 ms. Memory: 456704K Free: 362871K (79%)
----------------- Invoking toplevel() on ptolemy.moml.MoMLSimpleApplication@219c4b86
----------------- Done invoking toplevel() on ptolemy.moml.MoMLSimpleApplication@219c4b86
reloadAllAccessors: .TestExceptionAttribute4

===========================================================================================
----------------- testing Sat Mar 21 17:46:55 UTC 2020 /home/travis/build/icyphy/ptII/ptolemy/actor/lib/test/auto/TestExceptionHandler1.xml
----------------- Instantiating /home/travis/build/icyphy/ptII/ptolemy/actor/lib/test/auto/TestExceptionHandler1.xml
1 ms. Memory: 456704K Free: 358775K (79%)
----------------- Invoking toplevel() on ptolemy.moml.MoMLSimpleApplication@7dfa4aff
----------------- Done invoking toplevel() on ptolemy.moml.MoMLSimpleApplication@7dfa4aff
reloadAllAccessors: .TestExceptionHandler1

===========================================================================================
----------------- testing Sat Mar 21 17:46:55 UTC 2020 /home/travis/build/icyphy/ptII/ptolemy/actor/lib/test/auto/TestExceptionHandler2.xml
----------------- Instantiating /home/travis/build/icyphy/ptII/ptolemy/actor/lib/test/auto/TestExceptionHandler2.xml
1 ms. Memory: 456704K Free: 355189K (78%)
----------------- Invoking toplevel() on ptolemy.moml.MoMLSimpleApplication@20e1521c
----------------- Done invoking toplevel() on ptolemy.moml.MoMLSimpleApplication@20e1521c
reloadAllAccessors: .TestExceptionHandler2

===========================================================================================
----------------- testing Sat Mar 21 17:46:55 UTC 2020 /home/travis/build/icyphy/ptII/ptolemy/actor/lib/test/auto/TestExceptionHandler3.xml
----------------- Instantiating /home/travis/build/icyphy/ptII/ptolemy/actor/lib/test/auto/TestExceptionHandler3.xml
1 ms. Memory: 456704K Free: 351607K (77%)
----------------- Invoking toplevel() on ptolemy.moml.MoMLSimpleApplication@76e9ccc
----------------- Done invoking toplevel() on ptolemy.moml.MoMLSimpleApplication@76e9ccc
reloadAllAccessors: .TestExceptionHandler3

===========================================================================================
----------------- testing Sat Mar 21 17:46:55 UTC 2020 /home/travis/build/icyphy/ptII/ptolemy/actor/lib/test/auto/TestExceptionHandler4.xml
----------------- Instantiating /home/travis/build/icyphy/ptII/ptolemy/actor/lib/test/auto/TestExceptionHandler4.xml
1 ms. Memory: 456704K Free: 347511K (76%)
----------------- Invoking toplevel() on ptolemy.moml.MoMLSimpleApplication@a957437
----------------- Done invoking toplevel() on ptolemy.moml.MoMLSimpleApplication@a957437
reloadAllAccessors: .TestExceptionHandler4

===========================================================================================
----------------- testing Sat Mar 21 17:46:55 UTC 2020 /home/travis/build/icyphy/ptII/ptolemy/actor/lib/test/auto/TestRequireCorrectOrder.xml
----------------- Instantiating /home/travis/build/icyphy/ptII/ptolemy/actor/lib/test/auto/TestRequireCorrectOrder.xml
5 ms. Memory: 456704K Free: 341863K (75%)
----------------- Invoking toplevel() on ptolemy.moml.MoMLSimpleApplication@7de4be2f
----------------- Done invoking toplevel() on ptolemy.moml.MoMLSimpleApplication@7de4be2f
reloadAllAccessors: .TestRequireCorrectOrder

===========================================================================================
----------------- testing Sat Mar 21 17:46:55 UTC 2020 /home/travis/build/icyphy/ptII/ptolemy/actor/lib/test/auto/TestSimple.xml
----------------- Instantiating /home/travis/build/icyphy/ptII/ptolemy/actor/lib/test/auto/TestSimple.xml
1 ms. Memory: 456704K Free: 337781K (74%)
----------------- Invoking toplevel() on ptolemy.moml.MoMLSimpleApplication@2c108104
----------------- Done invoking toplevel() on ptolemy.moml.MoMLSimpleApplication@2c108104
reloadAllAccessors: .TestSimple

===========================================================================================
----------------- testing Sat Mar 21 17:46:55 UTC 2020 /home/travis/build/icyphy/ptII/ptolemy/actor/lib/test/auto/ThrowModelError.xml
----------------- Instantiating /home/travis/build/icyphy/ptII/ptolemy/actor/lib/test/auto/ThrowModelError.xml
2 ms. Memory: 456704K Free: 333175K (73%)
----------------- Invoking toplevel() on ptolemy.moml.MoMLSimpleApplication@70f34296
----------------- Done invoking toplevel() on ptolemy.moml.MoMLSimpleApplication@70f34296
reloadAllAccessors: .ThrowModelError

===========================================================================================
----------------- testing Sat Mar 21 17:46:55 UTC 2020 /home/travis/build/icyphy/ptII/ptolemy/actor/lib/test/auto/TimeDelayMicrosteps.xml
----------------- Instantiating /home/travis/build/icyphy/ptII/ptolemy/actor/lib/test/auto/TimeDelayMicrosteps.xml
3 ms. Memory: 456704K Free: 326487K (71%)
----------------- Invoking toplevel() on ptolemy.moml.MoMLSimpleApplication@952570e
----------------- Done invoking toplevel() on ptolemy.moml.MoMLSimpleApplication@952570e
reloadAllAccessors: .TimeDelayMicrosteps

===========================================================================================
----------------- testing Sat Mar 21 17:46:55 UTC 2020 /home/travis/build/icyphy/ptII/ptolemy/actor/lib/test/auto/TimeDelayMicrosteps2.xml
----------------- Instantiating /home/travis/build/icyphy/ptII/ptolemy/actor/lib/test/auto/TimeDelayMicrosteps2.xml
2 ms. Memory: 456704K Free: 318839K (70%)
----------------- Invoking toplevel() on ptolemy.moml.MoMLSimpleApplication@15f00b19
----------------- Done invoking toplevel() on ptolemy.moml.MoMLSimpleApplication@15f00b19
reloadAllAccessors: .TimeDelayMicrosteps2

===========================================================================================
----------------- testing Sat Mar 21 17:46:55 UTC 2020 /home/travis/build/icyphy/ptII/ptolemy/actor/lib/test/auto/TimeDelayMicrosteps3.xml
----------------- Instantiating /home/travis/build/icyphy/ptII/ptolemy/actor/lib/test/auto/TimeDelayMicrosteps3.xml
3 ms. Memory: 456704K Free: 312167K (68%)
----------------- Invoking toplevel() on ptolemy.moml.MoMLSimpleApplication@1e2d5e60
----------------- Done invoking toplevel() on ptolemy.moml.MoMLSimpleApplication@1e2d5e60
reloadAllAccessors: .TimeDelayMicrosteps3

===========================================================================================
----------------- testing Sat Mar 21 17:46:55 UTC 2020 /home/travis/build/icyphy/ptII/ptolemy/actor/lib/test/auto/TimeDelayVariableMicrosteps.xml
----------------- Instantiating /home/travis/build/icyphy/ptII/ptolemy/actor/lib/test/auto/TimeDelayVariableMicrosteps.xml
3 ms. Memory: 456704K Free: 305527K (67%)
----------------- Invoking toplevel() on ptolemy.moml.MoMLSimpleApplication@a4d8f45
----------------- Done invoking toplevel() on ptolemy.moml.MoMLSimpleApplication@a4d8f45
reloadAllAccessors: .TimeDelayVariableMicrosteps

===========================================================================================
----------------- testing Sat Mar 21 17:46:55 UTC 2020 /home/travis/build/icyphy/ptII/ptolemy/actor/lib/test/auto/TimeGap.xml
----------------- Instantiating /home/travis/build/icyphy/ptII/ptolemy/actor/lib/test/auto/TimeGap.xml
4 ms. Memory: 456704K Free: 299879K (66%)
----------------- Invoking toplevel() on ptolemy.moml.MoMLSimpleApplication@15ca86de
----------------- Done invoking toplevel() on ptolemy.moml.MoMLSimpleApplication@15ca86de
reloadAllAccessors: .TimeGap

===========================================================================================
----------------- testing Sat Mar 21 17:46:55 UTC 2020 /home/travis/build/icyphy/ptII/ptolemy/actor/lib/test/auto/TimeGap2.xml
----------------- Instantiating /home/travis/build/icyphy/ptII/ptolemy/actor/lib/test/auto/TimeGap2.xml
2 ms. Memory: 456704K Free: 294263K (64%)
----------------- Invoking toplevel() on ptolemy.moml.MoMLSimpleApplication@655a502d
----------------- Done invoking toplevel() on ptolemy.moml.MoMLSimpleApplication@655a502d
reloadAllAccessors: .TimeGap2

===========================================================================================
----------------- testing Sat Mar 21 17:46:55 UTC 2020 /home/travis/build/icyphy/ptII/ptolemy/actor/lib/test/auto/TimedSinewave.xml
----------------- Instantiating /home/travis/build/icyphy/ptII/ptolemy/actor/lib/test/auto/TimedSinewave.xml
19 ms. Memory: 456704K Free: 280437K (61%)
----------------- Invoking toplevel() on ptolemy.moml.MoMLSimpleApplication@2ff4d7e3
----------------- Done invoking toplevel() on ptolemy.moml.MoMLSimpleApplication@2ff4d7e3
reloadAllAccessors: .TimedSinewave

===========================================================================================
----------------- testing Sat Mar 21 17:46:55 UTC 2020 /home/travis/build/icyphy/ptII/ptolemy/actor/lib/test/auto/TimedSinewavePhase.xml
----------------- Instantiating /home/travis/build/icyphy/ptII/ptolemy/actor/lib/test/auto/TimedSinewavePhase.xml
9 ms. Memory: 456704K Free: 270711K (59%)
----------------- Invoking toplevel() on ptolemy.moml.MoMLSimpleApplication@6780aa88
----------------- Done invoking toplevel() on ptolemy.moml.MoMLSimpleApplication@6780aa88
reloadAllAccessors: .TimedSinewavePhase

===========================================================================================
----------------- testing Sat Mar 21 17:46:55 UTC 2020 /home/travis/build/icyphy/ptII/ptolemy/actor/lib/test/auto/Timer.xml
----------------- Instantiating /home/travis/build/icyphy/ptII/ptolemy/actor/lib/test/auto/Timer.xml
2 ms. Memory: 456704K Free: 264567K (58%)
----------------- Invoking toplevel() on ptolemy.moml.MoMLSimpleApplication@542325e0
----------------- Done invoking toplevel() on ptolemy.moml.MoMLSimpleApplication@542325e0
reloadAllAccessors: .Timer

===========================================================================================
----------------- testing Sat Mar 21 17:46:55 UTC 2020 /home/travis/build/icyphy/ptII/ptolemy/actor/lib/test/auto/TriangularDistTestModel.xml
----------------- Instantiating /home/travis/build/icyphy/ptII/ptolemy/actor/lib/test/auto/TriangularDistTestModel.xml
1 ms. Memory: 456704K Free: 258919K (57%)
----------------- Invoking toplevel() on ptolemy.moml.MoMLSimpleApplication@479d4344
----------------- Done invoking toplevel() on ptolemy.moml.MoMLSimpleApplication@479d4344
reloadAllAccessors: .TriangularDistTestModel

===========================================================================================
----------------- testing Sat Mar 21 17:46:55 UTC 2020 /home/travis/build/icyphy/ptII/ptolemy/actor/lib/test/auto/TrigFunction.xml
----------------- Instantiating /home/travis/build/icyphy/ptII/ptolemy/actor/lib/test/auto/TrigFunction.xml
2 ms. Memory: 456704K Free: 254327K (56%)
----------------- Invoking toplevel() on ptolemy.moml.MoMLSimpleApplication@42a22d47
----------------- Done invoking toplevel() on ptolemy.moml.MoMLSimpleApplication@42a22d47
reloadAllAccessors: .TrigFunction

===========================================================================================
----------------- testing Sat Mar 21 17:46:55 UTC 2020 /home/travis/build/icyphy/ptII/ptolemy/actor/lib/test/auto/TrigFunctionDE.xml
----------------- Instantiating /home/travis/build/icyphy/ptII/ptolemy/actor/lib/test/auto/TrigFunctionDE.xml
1 ms. Memory: 456704K Free: 248183K (54%)
----------------- Invoking toplevel() on ptolemy.moml.MoMLSimpleApplication@7748e9a5
----------------- Done invoking toplevel() on ptolemy.moml.MoMLSimpleApplication@7748e9a5
reloadAllAccessors: .TrigFunctionDE

===========================================================================================
----------------- testing Sat Mar 21 17:46:55 UTC 2020 /home/travis/build/icyphy/ptII/ptolemy/actor/lib/test/auto/TrigFunctionInverse.xml
----------------- Instantiating /home/travis/build/icyphy/ptII/ptolemy/actor/lib/test/auto/TrigFunctionInverse.xml
2 ms. Memory: 456704K Free: 243063K (53%)
----------------- Invoking toplevel() on ptolemy.moml.MoMLSimpleApplication@5681ac08
----------------- Done invoking toplevel() on ptolemy.moml.MoMLSimpleApplication@5681ac08
reloadAllAccessors: .TrigFunctionInverse

===========================================================================================
----------------- testing Sat Mar 21 17:46:55 UTC 2020 /home/travis/build/icyphy/ptII/ptolemy/actor/lib/test/auto/TrigFunctionTan.xml
----------------- Instantiating /home/travis/build/icyphy/ptII/ptolemy/actor/lib/test/auto/TrigFunctionTan.xml
1 ms. Memory: 456704K Free: 238967K (52%)
----------------- Invoking toplevel() on ptolemy.moml.MoMLSimpleApplication@119749eb
----------------- Done invoking toplevel() on ptolemy.moml.MoMLSimpleApplication@119749eb
reloadAllAccessors: .TrigFunctionTan

===========================================================================================
----------------- testing Sat Mar 21 17:46:55 UTC 2020 /home/travis/build/icyphy/ptII/ptolemy/actor/lib/test/auto/TriggeredClock.xml
----------------- Instantiating /home/travis/build/icyphy/ptII/ptolemy/actor/lib/test/auto/TriggeredClock.xml
1 ms. Memory: 456704K Free: 234341K (51%)
----------------- Invoking toplevel() on ptolemy.moml.MoMLSimpleApplication@6e917761
----------------- Done invoking toplevel() on ptolemy.moml.MoMLSimpleApplication@6e917761
reloadAllAccessors: .TriggeredClock

===========================================================================================
----------------- testing Sat Mar 21 17:46:55 UTC 2020 /home/travis/build/icyphy/ptII/ptolemy/actor/lib/test/auto/URLDirectoryReader.xml
----------------- Instantiating /home/travis/build/icyphy/ptII/ptolemy/actor/lib/test/auto/URLDirectoryReader.xml
37 ms. Memory: 456704K Free: 224631K (49%)
----------------- Invoking toplevel() on ptolemy.moml.MoMLSimpleApplication@63ed1998
----------------- Done invoking toplevel() on ptolemy.moml.MoMLSimpleApplication@63ed1998
reloadAllAccessors: .URLDirectoryReader

===========================================================================================
----------------- testing Sat Mar 21 17:46:55 UTC 2020 /home/travis/build/icyphy/ptII/ptolemy/actor/lib/test/auto/URLDirectoryReader3.xml
----------------- Instantiating /home/travis/build/icyphy/ptII/ptolemy/actor/lib/test/auto/URLDirectoryReader3.xml
1392 ms. Memory: 456704K Free: 398191K (87%)
----------------- Invoking toplevel() on ptolemy.moml.MoMLSimpleApplication@5d735038
----------------- Done invoking toplevel() on ptolemy.moml.MoMLSimpleApplication@5d735038
reloadAllAccessors: .URLDirectoryReader3

===========================================================================================
----------------- testing Sat Mar 21 17:46:57 UTC 2020 /home/travis/build/icyphy/ptII/ptolemy/actor/lib/test/auto/UnaryMathFunction.xml
----------------- Instantiating /home/travis/build/icyphy/ptII/ptolemy/actor/lib/test/auto/UnaryMathFunction.xml
2 ms. Memory: 456704K Free: 390387K (85%)
----------------- Invoking toplevel() on ptolemy.moml.MoMLSimpleApplication@ed1faf3
----------------- Done invoking toplevel() on ptolemy.moml.MoMLSimpleApplication@ed1faf3
reloadAllAccessors: .UnaryMathFunction

===========================================================================================
----------------- testing Sat Mar 21 17:46:57 UTC 2020 /home/travis/build/icyphy/ptII/ptolemy/actor/lib/test/auto/Uniform.xml
----------------- Instantiating /home/travis/build/icyphy/ptII/ptolemy/actor/lib/test/auto/Uniform.xml
3 ms. Memory: 456704K Free: 385771K (84%)
----------------- Invoking toplevel() on ptolemy.moml.MoMLSimpleApplication@a301fd1
----------------- Done invoking toplevel() on ptolemy.moml.MoMLSimpleApplication@a301fd1
reloadAllAccessors: .Uniform

===========================================================================================
----------------- testing Sat Mar 21 17:46:57 UTC 2020 /home/travis/build/icyphy/ptII/ptolemy/actor/lib/test/auto/UnionDisassemblerTest.xml
----------------- Instantiating /home/travis/build/icyphy/ptII/ptolemy/actor/lib/test/auto/UnionDisassemblerTest.xml
18 ms. Memory: 456704K Free: 381667K (84%)
----------------- Invoking toplevel() on ptolemy.moml.MoMLSimpleApplication@1a9f0a50
----------------- Done invoking toplevel() on ptolemy.moml.MoMLSimpleApplication@1a9f0a50
reloadAllAccessors: .UnionDisassemblerTest

===========================================================================================
----------------- testing Sat Mar 21 17:46:57 UTC 2020 /home/travis/build/icyphy/ptII/ptolemy/actor/lib/test/auto/UtilityFunctions.xml
----------------- Instantiating /home/travis/build/icyphy/ptII/ptolemy/actor/lib/test/auto/UtilityFunctions.xml
1 ms. Memory: 456704K Free: 378099K (83%)
----------------- Invoking toplevel() on ptolemy.moml.MoMLSimpleApplication@129493eb
----------------- Done invoking toplevel() on ptolemy.moml.MoMLSimpleApplication@129493eb
reloadAllAccessors: .UtilityFunctions

===========================================================================================
----------------- testing Sat Mar 21 17:46:57 UTC 2020 /home/travis/build/icyphy/ptII/ptolemy/actor/lib/test/auto/VariableSleep.xml
----------------- Instantiating /home/travis/build/icyphy/ptII/ptolemy/actor/lib/test/auto/VariableSleep.xml
503 ms. Memory: 456704K Free: 372979K (82%)
----------------- Invoking toplevel() on ptolemy.moml.MoMLSimpleApplication@42e1a37e
----------------- Done invoking toplevel() on ptolemy.moml.MoMLSimpleApplication@42e1a37e
reloadAllAccessors: .VariableSleep

===========================================================================================
----------------- testing Sat Mar 21 17:46:58 UTC 2020 /home/travis/build/icyphy/ptII/ptolemy/actor/lib/test/auto/VectorAssemblerDisassemblerCT.xml
----------------- Instantiating /home/travis/build/icyphy/ptII/ptolemy/actor/lib/test/auto/VectorAssemblerDisassemblerCT.xml
69 ms. Memory: 456704K Free: 351985K (77%)
----------------- Invoking toplevel() on ptolemy.moml.MoMLSimpleApplication@47b049f5
----------------- Done invoking toplevel() on ptolemy.moml.MoMLSimpleApplication@47b049f5
reloadAllAccessors: .VectorAssemblerDisassemblerCT

===========================================================================================
----------------- testing Sat Mar 21 17:46:58 UTC 2020 /home/travis/build/icyphy/ptII/ptolemy/actor/lib/test/auto/VectorAssemblerDisassemblerDE.xml
----------------- Instantiating /home/travis/build/icyphy/ptII/ptolemy/actor/lib/test/auto/VectorAssemblerDisassemblerDE.xml
2 ms. Memory: 456704K Free: 344817K (76%)
----------------- Invoking toplevel() on ptolemy.moml.MoMLSimpleApplication@67c89cb4
----------------- Done invoking toplevel() on ptolemy.moml.MoMLSimpleApplication@67c89cb4
reloadAllAccessors: .VectorAssemblerDisassemblerDE

===========================================================================================
----------------- testing Sat Mar 21 17:46:58 UTC 2020 /home/travis/build/icyphy/ptII/ptolemy/actor/lib/test/auto/VectorAssemblerDisassemblerSDF.xml
----------------- Instantiating /home/travis/build/icyphy/ptII/ptolemy/actor/lib/test/auto/VectorAssemblerDisassemblerSDF.xml
3 ms. Memory: 456704K Free: 338673K (74%)
----------------- Invoking toplevel() on ptolemy.moml.MoMLSimpleApplication@3135d787
----------------- Done invoking toplevel() on ptolemy.moml.MoMLSimpleApplication@3135d787
reloadAllAccessors: .VectorAssemblerDisassemblerSDF

===========================================================================================
----------------- testing Sat Mar 21 17:46:58 UTC 2020 /home/travis/build/icyphy/ptII/ptolemy/actor/lib/test/auto/WallClockTime.xml
----------------- Instantiating /home/travis/build/icyphy/ptII/ptolemy/actor/lib/test/auto/WallClockTime.xml
1004 ms. Memory: 456704K Free: 333043K (73%)
----------------- Invoking toplevel() on ptolemy.moml.MoMLSimpleApplication@683029c9
----------------- Done invoking toplevel() on ptolemy.moml.MoMLSimpleApplication@683029c9
reloadAllAccessors: .WallClockTime

===========================================================================================
----------------- testing Sat Mar 21 17:46:59 UTC 2020 /home/travis/build/icyphy/ptII/ptolemy/actor/lib/test/auto/WidthTestWithSubscriberPublisher.xml
----------------- Instantiating /home/travis/build/icyphy/ptII/ptolemy/actor/lib/test/auto/WidthTestWithSubscriberPublisher.xml
10 ms. Memory: 456704K Free: 315121K (69%)
----------------- Invoking toplevel() on ptolemy.moml.MoMLSimpleApplication@7052b8a9
----------------- Done invoking toplevel() on ptolemy.moml.MoMLSimpleApplication@7052b8a9
reloadAllAccessors: .WidthTestWithSubscriberPublisher

===========================================================================================
----------------- testing Sat Mar 21 17:46:59 UTC 2020 /home/travis/build/icyphy/ptII/ptolemy/actor/lib/test/auto/WidthTestWithSubscriberPublisher2.xml
----------------- Instantiating /home/travis/build/icyphy/ptII/ptolemy/actor/lib/test/auto/WidthTestWithSubscriberPublisher2.xml
2 ms. Memory: 456704K Free: 308977K (68%)
----------------- Invoking toplevel() on ptolemy.moml.MoMLSimpleApplication@489f8154
----------------- Done invoking toplevel() on ptolemy.moml.MoMLSimpleApplication@489f8154
reloadAllAccessors: .WidthTestWithSubscriberPublisher2

===========================================================================================
----------------- testing Sat Mar 21 17:46:59 UTC 2020 /home/travis/build/icyphy/ptII/ptolemy/actor/lib/test/auto/WidthTestWithSubscriberPublisher3.xml
----------------- Instantiating /home/travis/build/icyphy/ptII/ptolemy/actor/lib/test/auto/WidthTestWithSubscriberPublisher3.xml
2 ms. Memory: 456704K Free: 302833K (66%)
----------------- Invoking toplevel() on ptolemy.moml.MoMLSimpleApplication@e4e1da6
----------------- Done invoking toplevel() on ptolemy.moml.MoMLSimpleApplication@e4e1da6
reloadAllAccessors: .WidthTestWithSubscriberPublisher3

===========================================================================================
----------------- testing Sat Mar 21 17:46:59 UTC 2020 /home/travis/build/icyphy/ptII/ptolemy/actor/lib/test/auto/Writer.xml
----------------- Instantiating /home/travis/build/icyphy/ptII/ptolemy/actor/lib/test/auto/Writer.xml
0
1
2
3
4
1 ms. Memory: 456704K Free: 298723K (65%)
----------------- Invoking toplevel() on ptolemy.moml.MoMLSimpleApplication@596e0418
----------------- Done invoking toplevel() on ptolemy.moml.MoMLSimpleApplication@596e0418
reloadAllAccessors: .Writer

===========================================================================================
----------------- testing Sat Mar 21 17:46:59 UTC 2020 /home/travis/build/icyphy/ptII/ptolemy/actor/lib/test/auto/array.xml
----------------- Instantiating /home/travis/build/icyphy/ptII/ptolemy/actor/lib/test/auto/array.xml
2 ms. Memory: 456704K Free: 294131K (64%)
----------------- Invoking toplevel() on ptolemy.moml.MoMLSimpleApplication@273de7a1
----------------- Done invoking toplevel() on ptolemy.moml.MoMLSimpleApplication@273de7a1
reloadAllAccessors: .array

===========================================================================================
----------------- testing Sat Mar 21 17:46:59 UTC 2020 /home/travis/build/icyphy/ptII/ptolemy/actor/lib/test/auto/array2.xml
----------------- Instantiating /home/travis/build/icyphy/ptII/ptolemy/actor/lib/test/auto/array2.xml
7 ms. Memory: 456704K Free: 289011K (63%)
----------------- Invoking toplevel() on ptolemy.moml.MoMLSimpleApplication@2cab9a80
----------------- Done invoking toplevel() on ptolemy.moml.MoMLSimpleApplication@2cab9a80
reloadAllAccessors: .array2

===========================================================================================
----------------- testing Sat Mar 21 17:46:59 UTC 2020 /home/travis/build/icyphy/ptII/ptolemy/actor/lib/test/auto/arrayType.xml
----------------- Instantiating /home/travis/build/icyphy/ptII/ptolemy/actor/lib/test/auto/arrayType.xml
2 ms. Memory: 456704K Free: 283891K (62%)
----------------- Invoking toplevel() on ptolemy.moml.MoMLSimpleApplication@2ad0ddb4
----------------- Done invoking toplevel() on ptolemy.moml.MoMLSimpleApplication@2ad0ddb4
reloadAllAccessors: .arrayType

===========================================================================================
----------------- testing Sat Mar 21 17:46:59 UTC 2020 /home/travis/build/icyphy/ptII/ptolemy/actor/lib/test/auto/arrayType10.xml
----------------- Instantiating /home/travis/build/icyphy/ptII/ptolemy/actor/lib/test/auto/arrayType10.xml
2 ms. Memory: 456704K Free: 279281K (61%)
----------------- Invoking toplevel() on ptolemy.moml.MoMLSimpleApplication@315d9bcc
----------------- Done invoking toplevel() on ptolemy.moml.MoMLSimpleApplication@315d9bcc
reloadAllAccessors: .arrayType10

===========================================================================================
----------------- testing Sat Mar 21 17:46:59 UTC 2020 /home/travis/build/icyphy/ptII/ptolemy/actor/lib/test/auto/arrayType11.xml
----------------- Instantiating /home/travis/build/icyphy/ptII/ptolemy/actor/lib/test/auto/arrayType11.xml
2 ms. Memory: 456704K Free: 274161K (60%)
----------------- Invoking toplevel() on ptolemy.moml.MoMLSimpleApplication@25cf49a4
----------------- Done invoking toplevel() on ptolemy.moml.MoMLSimpleApplication@25cf49a4
reloadAllAccessors: .arrayType11

===========================================================================================
----------------- testing Sat Mar 21 17:46:59 UTC 2020 /home/travis/build/icyphy/ptII/ptolemy/actor/lib/test/auto/arrayType12.xml
----------------- Instantiating /home/travis/build/icyphy/ptII/ptolemy/actor/lib/test/auto/arrayType12.xml
1 ms. Memory: 456704K Free: 269555K (59%)
----------------- Invoking toplevel() on ptolemy.moml.MoMLSimpleApplication@53ae27fd
----------------- Done invoking toplevel() on ptolemy.moml.MoMLSimpleApplication@53ae27fd
reloadAllAccessors: .arrayType12

===========================================================================================
----------------- testing Sat Mar 21 17:46:59 UTC 2020 /home/travis/build/icyphy/ptII/ptolemy/actor/lib/test/auto/arrayType13.xml
----------------- Instantiating /home/travis/build/icyphy/ptII/ptolemy/actor/lib/test/auto/arrayType13.xml
1 ms. Memory: 456704K Free: 263921K (58%)
----------------- Invoking toplevel() on ptolemy.moml.MoMLSimpleApplication@6e05ad31
----------------- Done invoking toplevel() on ptolemy.moml.MoMLSimpleApplication@6e05ad31
reloadAllAccessors: .arrayType13

===========================================================================================
----------------- testing Sat Mar 21 17:46:59 UTC 2020 /home/travis/build/icyphy/ptII/ptolemy/actor/lib/test/auto/arrayType14.xml
----------------- Instantiating /home/travis/build/icyphy/ptII/ptolemy/actor/lib/test/auto/arrayType14.xml
2 ms. Memory: 456704K Free: 258801K (57%)
----------------- Invoking toplevel() on ptolemy.moml.MoMLSimpleApplication@2d8a7b72
----------------- Done invoking toplevel() on ptolemy.moml.MoMLSimpleApplication@2d8a7b72
reloadAllAccessors: .arrayType14

===========================================================================================
----------------- testing Sat Mar 21 17:46:59 UTC 2020 /home/travis/build/icyphy/ptII/ptolemy/actor/lib/test/auto/arrayType15.xml
----------------- Instantiating /home/travis/build/icyphy/ptII/ptolemy/actor/lib/test/auto/arrayType15.xml
3 ms. Memory: 456704K Free: 253681K (56%)
----------------- Invoking toplevel() on ptolemy.moml.MoMLSimpleApplication@1be61659
----------------- Done invoking toplevel() on ptolemy.moml.MoMLSimpleApplication@1be61659
reloadAllAccessors: .arrayType15

===========================================================================================
----------------- testing Sat Mar 21 17:46:59 UTC 2020 /home/travis/build/icyphy/ptII/ptolemy/actor/lib/test/auto/arrayType16.xml
----------------- Instantiating /home/travis/build/icyphy/ptII/ptolemy/actor/lib/test/auto/arrayType16.xml
2 ms. Memory: 456704K Free: 248051K (54%)
----------------- Invoking toplevel() on ptolemy.moml.MoMLSimpleApplication@3c0700c9
----------------- Done invoking toplevel() on ptolemy.moml.MoMLSimpleApplication@3c0700c9
reloadAllAccessors: .arrayType16

===========================================================================================
----------------- testing Sat Mar 21 17:46:59 UTC 2020 /home/travis/build/icyphy/ptII/ptolemy/actor/lib/test/auto/arrayType17.xml
----------------- Instantiating /home/travis/build/icyphy/ptII/ptolemy/actor/lib/test/auto/arrayType17.xml
2 ms. Memory: 456704K Free: 242931K (53%)
----------------- Invoking toplevel() on ptolemy.moml.MoMLSimpleApplication@3a8da35b
----------------- Done invoking toplevel() on ptolemy.moml.MoMLSimpleApplication@3a8da35b
reloadAllAccessors: .arrayType17

===========================================================================================
----------------- testing Sat Mar 21 17:46:59 UTC 2020 /home/travis/build/icyphy/ptII/ptolemy/actor/lib/test/auto/arrayType18.xml
----------------- Instantiating /home/travis/build/icyphy/ptII/ptolemy/actor/lib/test/auto/arrayType18.xml
1 ms. Memory: 456704K Free: 238321K (52%)
----------------- Invoking toplevel() on ptolemy.moml.MoMLSimpleApplication@2724667b
----------------- Done invoking toplevel() on ptolemy.moml.MoMLSimpleApplication@2724667b
reloadAllAccessors: .arrayType18

===========================================================================================
----------------- testing Sat Mar 21 17:46:59 UTC 2020 /home/travis/build/icyphy/ptII/ptolemy/actor/lib/test/auto/arrayType19.xml
----------------- Instantiating /home/travis/build/icyphy/ptII/ptolemy/actor/lib/test/auto/arrayType19.xml
1 ms. Memory: 456704K Free: 233201K (51%)
----------------- Invoking toplevel() on ptolemy.moml.MoMLSimpleApplication@7000a596
----------------- Done invoking toplevel() on ptolemy.moml.MoMLSimpleApplication@7000a596
reloadAllAccessors: .arrayType19

===========================================================================================
----------------- testing Sat Mar 21 17:46:59 UTC 2020 /home/travis/build/icyphy/ptII/ptolemy/actor/lib/test/auto/arrayType2.xml
----------------- Instantiating /home/travis/build/icyphy/ptII/ptolemy/actor/lib/test/auto/arrayType2.xml
1 ms. Memory: 456704K Free: 228067K (50%)
----------------- Invoking toplevel() on ptolemy.moml.MoMLSimpleApplication@485bdf9b
----------------- Done invoking toplevel() on ptolemy.moml.MoMLSimpleApplication@485bdf9b
reloadAllAccessors: .arrayType2

===========================================================================================
----------------- testing Sat Mar 21 17:46:59 UTC 2020 /home/travis/build/icyphy/ptII/ptolemy/actor/lib/test/auto/arrayType20.xml
----------------- Instantiating /home/travis/build/icyphy/ptII/ptolemy/actor/lib/test/auto/arrayType20.xml
2 ms. Memory: 456704K Free: 222961K (49%)
----------------- Invoking toplevel() on ptolemy.moml.MoMLSimpleApplication@24015bce
----------------- Done invoking toplevel() on ptolemy.moml.MoMLSimpleApplication@24015bce
reloadAllAccessors: .arrayType20

===========================================================================================
----------------- testing Sat Mar 21 17:46:59 UTC 2020 /home/travis/build/icyphy/ptII/ptolemy/actor/lib/test/auto/arrayType21.xml
----------------- Instantiating /home/travis/build/icyphy/ptII/ptolemy/actor/lib/test/auto/arrayType21.xml
1 ms. Memory: 456704K Free: 218355K (48%)
----------------- Invoking toplevel() on ptolemy.moml.MoMLSimpleApplication@8f0d1f9
----------------- Done invoking toplevel() on ptolemy.moml.MoMLSimpleApplication@8f0d1f9
reloadAllAccessors: .arrayType21

===========================================================================================
----------------- testing Sat Mar 21 17:46:59 UTC 2020 /home/travis/build/icyphy/ptII/ptolemy/actor/lib/test/auto/arrayType22.xml
----------------- Instantiating /home/travis/build/icyphy/ptII/ptolemy/actor/lib/test/auto/arrayType22.xml
1 ms. Memory: 456704K Free: 213745K (47%)
----------------- Invoking toplevel() on ptolemy.moml.MoMLSimpleApplication@4044adbb
----------------- Done invoking toplevel() on ptolemy.moml.MoMLSimpleApplication@4044adbb
reloadAllAccessors: .arrayType22

===========================================================================================
----------------- testing Sat Mar 21 17:46:59 UTC 2020 /home/travis/build/icyphy/ptII/ptolemy/actor/lib/test/auto/arrayType23.xml
----------------- Instantiating /home/travis/build/icyphy/ptII/ptolemy/actor/lib/test/auto/arrayType23.xml
1 ms. Memory: 456704K Free: 208625K (46%)
----------------- Invoking toplevel() on ptolemy.moml.MoMLSimpleApplication@250de93c
----------------- Done invoking toplevel() on ptolemy.moml.MoMLSimpleApplication@250de93c
reloadAllAccessors: .arrayType23

===========================================================================================
----------------- testing Sat Mar 21 17:46:59 UTC 2020 /home/travis/build/icyphy/ptII/ptolemy/actor/lib/test/auto/arrayType24.xml
----------------- Instantiating /home/travis/build/icyphy/ptII/ptolemy/actor/lib/test/auto/arrayType24.xml
2 ms. Memory: 456704K Free: 202995K (44%)
----------------- Invoking toplevel() on ptolemy.moml.MoMLSimpleApplication@3c09398d
----------------- Done invoking toplevel() on ptolemy.moml.MoMLSimpleApplication@3c09398d
reloadAllAccessors: .arrayType24

===========================================================================================
----------------- testing Sat Mar 21 17:46:59 UTC 2020 /home/travis/build/icyphy/ptII/ptolemy/actor/lib/test/auto/arrayType25.xml
----------------- Instantiating /home/travis/build/icyphy/ptII/ptolemy/actor/lib/test/auto/arrayType25.xml
2 ms. Memory: 456704K Free: 197361K (43%)
----------------- Invoking toplevel() on ptolemy.moml.MoMLSimpleApplication@76e95c06
----------------- Done invoking toplevel() on ptolemy.moml.MoMLSimpleApplication@76e95c06
reloadAllAccessors: .arrayType25

===========================================================================================
----------------- testing Sat Mar 21 17:46:59 UTC 2020 /home/travis/build/icyphy/ptII/ptolemy/actor/lib/test/auto/arrayType26.xml
----------------- Instantiating /home/travis/build/icyphy/ptII/ptolemy/actor/lib/test/auto/arrayType26.xml
1 ms. Memory: 456704K Free: 192241K (42%)
----------------- Invoking toplevel() on ptolemy.moml.MoMLSimpleApplication@c95e396
----------------- Done invoking toplevel() on ptolemy.moml.MoMLSimpleApplication@c95e396
reloadAllAccessors: .arrayType26

===========================================================================================
----------------- testing Sat Mar 21 17:46:59 UTC 2020 /home/travis/build/icyphy/ptII/ptolemy/actor/lib/test/auto/arrayType27.xml
----------------- Instantiating /home/travis/build/icyphy/ptII/ptolemy/actor/lib/test/auto/arrayType27.xml
1 ms. Memory: 456704K Free: 187121K (41%)
----------------- Invoking toplevel() on ptolemy.moml.MoMLSimpleApplication@643b86aa
----------------- Done invoking toplevel() on ptolemy.moml.MoMLSimpleApplication@643b86aa
reloadAllAccessors: .arrayType27

===========================================================================================
----------------- testing Sat Mar 21 17:46:59 UTC 2020 /home/travis/build/icyphy/ptII/ptolemy/actor/lib/test/auto/arrayType28.xml
----------------- Instantiating /home/travis/build/icyphy/ptII/ptolemy/actor/lib/test/auto/arrayType28.xml
1 ms. Memory: 456704K Free: 181491K (40%)
----------------- Invoking toplevel() on ptolemy.moml.MoMLSimpleApplication@4046e6
----------------- Done invoking toplevel() on ptolemy.moml.MoMLSimpleApplication@4046e6
reloadAllAccessors: .arrayType28

===========================================================================================
----------------- testing Sat Mar 21 17:46:59 UTC 2020 /home/travis/build/icyphy/ptII/ptolemy/actor/lib/test/auto/arrayType3.xml
----------------- Instantiating /home/travis/build/icyphy/ptII/ptolemy/actor/lib/test/auto/arrayType3.xml
3 ms. Memory: 456704K Free: 176371K (39%)
----------------- Invoking toplevel() on ptolemy.moml.MoMLSimpleApplication@48338182
----------------- Done invoking toplevel() on ptolemy.moml.MoMLSimpleApplication@48338182
reloadAllAccessors: .arrayType3

===========================================================================================
----------------- testing Sat Mar 21 17:46:59 UTC 2020 /home/travis/build/icyphy/ptII/ptolemy/actor/lib/test/auto/arrayType4.xml
----------------- Instantiating /home/travis/build/icyphy/ptII/ptolemy/actor/lib/test/auto/arrayType4.xml
1 ms. Memory: 456704K Free: 170737K (37%)
----------------- Invoking toplevel() on ptolemy.moml.MoMLSimpleApplication@1c79fc2
----------------- Done invoking toplevel() on ptolemy.moml.MoMLSimpleApplication@1c79fc2
reloadAllAccessors: .arrayType4

===========================================================================================
----------------- testing Sat Mar 21 17:46:59 UTC 2020 /home/travis/build/icyphy/ptII/ptolemy/actor/lib/test/auto/arrayType5.xml
----------------- Instantiating /home/travis/build/icyphy/ptII/ptolemy/actor/lib/test/auto/arrayType5.xml
2 ms. Memory: 456704K Free: 165603K (36%)
----------------- Invoking toplevel() on ptolemy.moml.MoMLSimpleApplication@15d12abd
----------------- Done invoking toplevel() on ptolemy.moml.MoMLSimpleApplication@15d12abd
reloadAllAccessors: .arrayType5

===========================================================================================
----------------- testing Sat Mar 21 17:46:59 UTC 2020 /home/travis/build/icyphy/ptII/ptolemy/actor/lib/test/auto/arrayType6.xml
----------------- Instantiating /home/travis/build/icyphy/ptII/ptolemy/actor/lib/test/auto/arrayType6.xml
3 ms. Memory: 456704K Free: 161011K (35%)
----------------- Invoking toplevel() on ptolemy.moml.MoMLSimpleApplication@8393d69
----------------- Done invoking toplevel() on ptolemy.moml.MoMLSimpleApplication@8393d69
reloadAllAccessors: .arrayType6

===========================================================================================
----------------- testing Sat Mar 21 17:46:59 UTC 2020 /home/travis/build/icyphy/ptII/ptolemy/actor/lib/test/auto/arrayType7.xml
----------------- Instantiating /home/travis/build/icyphy/ptII/ptolemy/actor/lib/test/auto/arrayType7.xml
6 ms. Memory: 456704K Free: 155891K (34%)
----------------- Invoking toplevel() on ptolemy.moml.MoMLSimpleApplication@149a0d19
----------------- Done invoking toplevel() on ptolemy.moml.MoMLSimpleApplication@149a0d19
reloadAllAccessors: .arrayType7

===========================================================================================
----------------- testing Sat Mar 21 17:46:59 UTC 2020 /home/travis/build/icyphy/ptII/ptolemy/actor/lib/test/auto/arrayType8.xml
----------------- Instantiating /home/travis/build/icyphy/ptII/ptolemy/actor/lib/test/auto/arrayType8.xml
2 ms. Memory: 456704K Free: 151280K (33%)
----------------- Invoking toplevel() on ptolemy.moml.MoMLSimpleApplication@7c8403b3
----------------- Done invoking toplevel() on ptolemy.moml.MoMLSimpleApplication@7c8403b3
reloadAllAccessors: .arrayType8

===========================================================================================
----------------- testing Sat Mar 21 17:46:59 UTC 2020 /home/travis/build/icyphy/ptII/ptolemy/actor/lib/test/auto/arrayType9.xml
----------------- Instantiating /home/travis/build/icyphy/ptII/ptolemy/actor/lib/test/auto/arrayType9.xml
2 ms. Memory: 456704K Free: 146161K (32%)
----------------- Invoking toplevel() on ptolemy.moml.MoMLSimpleApplication@738bf47b
----------------- Done invoking toplevel() on ptolemy.moml.MoMLSimpleApplication@738bf47b
reloadAllAccessors: .arrayType9

===========================================================================================
----------------- testing Sat Mar 21 17:46:59 UTC 2020 /home/travis/build/icyphy/ptII/ptolemy/actor/lib/test/auto/cast.xml
----------------- Instantiating /home/travis/build/icyphy/ptII/ptolemy/actor/lib/test/auto/cast.xml
2 ms. Memory: 456704K Free: 141555K (31%)
----------------- Invoking toplevel() on ptolemy.moml.MoMLSimpleApplication@1a70f212
----------------- Done invoking toplevel() on ptolemy.moml.MoMLSimpleApplication@1a70f212
reloadAllAccessors: .cast

===========================================================================================
----------------- testing Sat Mar 21 17:46:59 UTC 2020 /home/travis/build/icyphy/ptII/ptolemy/actor/lib/test/auto/compositeMultiPort.xml
----------------- Instantiating /home/travis/build/icyphy/ptII/ptolemy/actor/lib/test/auto/compositeMultiPort.xml
3 ms. Memory: 456704K Free: 399349K (87%)
----------------- Invoking toplevel() on ptolemy.moml.MoMLSimpleApplication@125c9adb
----------------- Done invoking toplevel() on ptolemy.moml.MoMLSimpleApplication@125c9adb
reloadAllAccessors: .compositeMultiPort

===========================================================================================
----------------- testing Sat Mar 21 17:46:59 UTC 2020 /home/travis/build/icyphy/ptII/ptolemy/actor/lib/test/auto/expressionCastInference.xml
----------------- Instantiating /home/travis/build/icyphy/ptII/ptolemy/actor/lib/test/auto/expressionCastInference.xml
2 ms. Memory: 456704K Free: 394243K (86%)
----------------- Invoking toplevel() on ptolemy.moml.MoMLSimpleApplication@36ecdf76
----------------- Done invoking toplevel() on ptolemy.moml.MoMLSimpleApplication@36ecdf76
reloadAllAccessors: .expressionCastInference

===========================================================================================
----------------- testing Sat Mar 21 17:46:59 UTC 2020 /home/travis/build/icyphy/ptII/ptolemy/actor/lib/test/auto/expressionCastInference2.xml
----------------- Instantiating /home/travis/build/icyphy/ptII/ptolemy/actor/lib/test/auto/expressionCastInference2.xml
2 ms. Memory: 456704K Free: 389637K (85%)
----------------- Invoking toplevel() on ptolemy.moml.MoMLSimpleApplication@584f9d80
----------------- Done invoking toplevel() on ptolemy.moml.MoMLSimpleApplication@584f9d80
reloadAllAccessors: .expressionCastInference2

===========================================================================================
----------------- testing Sat Mar 21 17:46:59 UTC 2020 /home/travis/build/icyphy/ptII/ptolemy/actor/lib/test/auto/expressionInference.xml
----------------- Instantiating /home/travis/build/icyphy/ptII/ptolemy/actor/lib/test/auto/expressionInference.xml
1 ms. Memory: 456704K Free: 385027K (84%)
----------------- Invoking toplevel() on ptolemy.moml.MoMLSimpleApplication@7b263468
----------------- Done invoking toplevel() on ptolemy.moml.MoMLSimpleApplication@7b263468
reloadAllAccessors: .expressionInference

===========================================================================================
----------------- testing Sat Mar 21 17:46:59 UTC 2020 /home/travis/build/icyphy/ptII/ptolemy/actor/lib/test/auto/expression_bug.xml
----------------- Instantiating /home/travis/build/icyphy/ptII/ptolemy/actor/lib/test/auto/expression_bug.xml
1 ms. Memory: 456704K Free: 380931K (83%)
----------------- Invoking toplevel() on ptolemy.moml.MoMLSimpleApplication@637fc19b
----------------- Done invoking toplevel() on ptolemy.moml.MoMLSimpleApplication@637fc19b
reloadAllAccessors: .expression_bug

===========================================================================================
----------------- testing Sat Mar 21 17:46:59 UTC 2020 /home/travis/build/icyphy/ptII/ptolemy/actor/lib/test/auto/factorial.xml
----------------- Instantiating /home/travis/build/icyphy/ptII/ptolemy/actor/lib/test/auto/factorial.xml
26 ms. Memory: 456704K Free: 372229K (82%)
----------------- Invoking toplevel() on ptolemy.moml.MoMLSimpleApplication@52e49f16
----------------- Done invoking toplevel() on ptolemy.moml.MoMLSimpleApplication@52e49f16
reloadAllAccessors: .factorial

===========================================================================================
----------------- testing Sat Mar 21 17:46:59 UTC 2020 /home/travis/build/icyphy/ptII/ptolemy/actor/lib/test/auto/filterTest1.xml
----------------- Instantiating /home/travis/build/icyphy/ptII/ptolemy/actor/lib/test/auto/filterTest1.xml
3 ms. Memory: 456704K Free: 366595K (80%)
----------------- Invoking toplevel() on ptolemy.moml.MoMLSimpleApplication@1fec9d26
----------------- Done invoking toplevel() on ptolemy.moml.MoMLSimpleApplication@1fec9d26
reloadAllAccessors: .filterTest1

===========================================================================================
----------------- testing Sat Mar 21 17:46:59 UTC 2020 /home/travis/build/icyphy/ptII/ptolemy/actor/lib/test/auto/funcApplyInConst.xml
----------------- Instantiating /home/travis/build/icyphy/ptII/ptolemy/actor/lib/test/auto/funcApplyInConst.xml
1 ms. Memory: 456704K Free: 362499K (79%)
----------------- Invoking toplevel() on ptolemy.moml.MoMLSimpleApplication@2fe4bd4
----------------- Done invoking toplevel() on ptolemy.moml.MoMLSimpleApplication@2fe4bd4
reloadAllAccessors: .funcApplyInConst

===========================================================================================
----------------- testing Sat Mar 21 17:46:59 UTC 2020 /home/travis/build/icyphy/ptII/ptolemy/actor/lib/test/auto/funcApplyInExpr.xml
----------------- Instantiating /home/travis/build/icyphy/ptII/ptolemy/actor/lib/test/auto/funcApplyInExpr.xml
1 ms. Memory: 456704K Free: 358917K (79%)
----------------- Invoking toplevel() on ptolemy.moml.MoMLSimpleApplication@10a6c77d
----------------- Done invoking toplevel() on ptolemy.moml.MoMLSimpleApplication@10a6c77d
reloadAllAccessors: .funcApplyInExpr

===========================================================================================
----------------- testing Sat Mar 21 17:46:59 UTC 2020 /home/travis/build/icyphy/ptII/ptolemy/actor/lib/test/auto/function.xml
----------------- Instantiating /home/travis/build/icyphy/ptII/ptolemy/actor/lib/test/auto/function.xml
2 ms. Memory: 456704K Free: 353797K (77%)
----------------- Invoking toplevel() on ptolemy.moml.MoMLSimpleApplication@7424081d
----------------- Done invoking toplevel() on ptolemy.moml.MoMLSimpleApplication@7424081d
reloadAllAccessors: .function

===========================================================================================
----------------- testing Sat Mar 21 17:46:59 UTC 2020 /home/travis/build/icyphy/ptII/ptolemy/actor/lib/test/auto/function2.xml
----------------- Instantiating /home/travis/build/icyphy/ptII/ptolemy/actor/lib/test/auto/function2.xml
2 ms. Memory: 456704K Free: 349187K (76%)
----------------- Invoking toplevel() on ptolemy.moml.MoMLSimpleApplication@13021c0
----------------- Done invoking toplevel() on ptolemy.moml.MoMLSimpleApplication@13021c0
reloadAllAccessors: .function2

===========================================================================================
----------------- testing Sat Mar 21 17:47:00 UTC 2020 /home/travis/build/icyphy/ptII/ptolemy/actor/lib/test/auto/function3.xml
----------------- Instantiating /home/travis/build/icyphy/ptII/ptolemy/actor/lib/test/auto/function3.xml
2 ms. Memory: 456704K Free: 345605K (76%)
----------------- Invoking toplevel() on ptolemy.moml.MoMLSimpleApplication@775072c7
----------------- Done invoking toplevel() on ptolemy.moml.MoMLSimpleApplication@775072c7
reloadAllAccessors: .function3

===========================================================================================
----------------- testing Sat Mar 21 17:47:00 UTC 2020 /home/travis/build/icyphy/ptII/ptolemy/actor/lib/test/auto/functionClosureTest1.xml
----------------- Instantiating /home/travis/build/icyphy/ptII/ptolemy/actor/lib/test/auto/functionClosureTest1.xml
2 ms. Memory: 456704K Free: 339461K (74%)
----------------- Invoking toplevel() on ptolemy.moml.MoMLSimpleApplication@23dde538
----------------- Done invoking toplevel() on ptolemy.moml.MoMLSimpleApplication@23dde538
reloadAllAccessors: .functionClosureTest1

===========================================================================================
----------------- testing Sat Mar 21 17:47:00 UTC 2020 /home/travis/build/icyphy/ptII/ptolemy/actor/lib/test/auto/functionClosureTest2.xml
----------------- Instantiating /home/travis/build/icyphy/ptII/ptolemy/actor/lib/test/auto/functionClosureTest2.xml
1 ms. Memory: 456704K Free: 335875K (74%)
----------------- Invoking toplevel() on ptolemy.moml.MoMLSimpleApplication@73b8db78
----------------- Done invoking toplevel() on ptolemy.moml.MoMLSimpleApplication@73b8db78
reloadAllAccessors: .functionClosureTest2

===========================================================================================
----------------- testing Sat Mar 21 17:47:00 UTC 2020 /home/travis/build/icyphy/ptII/ptolemy/actor/lib/test/auto/functionClosureTest3.xml
----------------- Instantiating /home/travis/build/icyphy/ptII/ptolemy/actor/lib/test/auto/functionClosureTest3.xml
2 ms. Memory: 456704K Free: 330245K (72%)
----------------- Invoking toplevel() on ptolemy.moml.MoMLSimpleApplication@15d8f119
----------------- Done invoking toplevel() on ptolemy.moml.MoMLSimpleApplication@15d8f119
reloadAllAccessors: .functionClosureTest3

===========================================================================================
----------------- testing Sat Mar 21 17:47:00 UTC 2020 /home/travis/build/icyphy/ptII/ptolemy/actor/lib/test/auto/functionClosureTest4.xml
----------------- Instantiating /home/travis/build/icyphy/ptII/ptolemy/actor/lib/test/auto/functionClosureTest4.xml
4 ms. Memory: 456704K Free: 324101K (71%)
----------------- Invoking toplevel() on ptolemy.moml.MoMLSimpleApplication@28e2b967
----------------- Done invoking toplevel() on ptolemy.moml.MoMLSimpleApplication@28e2b967
reloadAllAccessors: .functionClosureTest4

===========================================================================================
----------------- testing Sat Mar 21 17:47:00 UTC 2020 /home/travis/build/icyphy/ptII/ptolemy/actor/lib/test/auto/functionClosureTest5.xml
----------------- Instantiating /home/travis/build/icyphy/ptII/ptolemy/actor/lib/test/auto/functionClosureTest5.xml
3 ms. Memory: 456704K Free: 318453K (70%)
----------------- Invoking toplevel() on ptolemy.moml.MoMLSimpleApplication@6d349f6c
----------------- Done invoking toplevel() on ptolemy.moml.MoMLSimpleApplication@6d349f6c
reloadAllAccessors: .functionClosureTest5

===========================================================================================
----------------- testing Sat Mar 21 17:47:00 UTC 2020 /home/travis/build/icyphy/ptII/ptolemy/actor/lib/test/auto/functionClosureTest6.xml
----------------- Instantiating /home/travis/build/icyphy/ptII/ptolemy/actor/lib/test/auto/functionClosureTest6.xml
2 ms. Memory: 456704K Free: 313861K (69%)
----------------- Invoking toplevel() on ptolemy.moml.MoMLSimpleApplication@66f2a7ef
----------------- Done invoking toplevel() on ptolemy.moml.MoMLSimpleApplication@66f2a7ef
reloadAllAccessors: .functionClosureTest6

===========================================================================================
----------------- testing Sat Mar 21 17:47:00 UTC 2020 /home/travis/build/icyphy/ptII/ptolemy/actor/lib/test/auto/functionsOnArcs.xml
----------------- Instantiating /home/travis/build/icyphy/ptII/ptolemy/actor/lib/test/auto/functionsOnArcs.xml
2 ms. Memory: 456704K Free: 308227K (67%)
----------------- Invoking toplevel() on ptolemy.moml.MoMLSimpleApplication@6a23b7c0
----------------- Done invoking toplevel() on ptolemy.moml.MoMLSimpleApplication@6a23b7c0
reloadAllAccessors: .functionsOnArcs

===========================================================================================
----------------- testing Sat Mar 21 17:47:00 UTC 2020 /home/travis/build/icyphy/ptII/ptolemy/actor/lib/test/auto/functionsOnArcsHOF.xml
----------------- Instantiating /home/travis/build/icyphy/ptII/ptolemy/actor/lib/test/auto/functionsOnArcsHOF.xml
4 ms. Memory: 456704K Free: 302597K (66%)
----------------- Invoking toplevel() on ptolemy.moml.MoMLSimpleApplication@dc0bfd
----------------- Done invoking toplevel() on ptolemy.moml.MoMLSimpleApplication@dc0bfd
reloadAllAccessors: .functionsOnArcsHOF

===========================================================================================
----------------- testing Sat Mar 21 17:47:00 UTC 2020 /home/travis/build/icyphy/ptII/ptolemy/actor/lib/test/auto/logic.xml
----------------- Instantiating /home/travis/build/icyphy/ptII/ptolemy/actor/lib/test/auto/logic.xml
1 ms. Memory: 456704K Free: 294915K (65%)
----------------- Invoking toplevel() on ptolemy.moml.MoMLSimpleApplication@2380207f
----------------- Done invoking toplevel() on ptolemy.moml.MoMLSimpleApplication@2380207f
reloadAllAccessors: .logic

===========================================================================================
----------------- testing Sat Mar 21 17:47:00 UTC 2020 /home/travis/build/icyphy/ptII/ptolemy/actor/lib/test/auto/matrixType.xml
----------------- Instantiating /home/travis/build/icyphy/ptII/ptolemy/actor/lib/test/auto/matrixType.xml
1 ms. Memory: 456704K Free: 289795K (63%)
----------------- Invoking toplevel() on ptolemy.moml.MoMLSimpleApplication@23a1bd55
----------------- Done invoking toplevel() on ptolemy.moml.MoMLSimpleApplication@23a1bd55
reloadAllAccessors: .matrixType

===========================================================================================
----------------- testing Sat Mar 21 17:47:00 UTC 2020 /home/travis/build/icyphy/ptII/ptolemy/actor/lib/test/auto/matrixType10.xml
----------------- Instantiating /home/travis/build/icyphy/ptII/ptolemy/actor/lib/test/auto/matrixType10.xml
1 ms. Memory: 456704K Free: 284675K (62%)
----------------- Invoking toplevel() on ptolemy.moml.MoMLSimpleApplication@372ff1ea
----------------- Done invoking toplevel() on ptolemy.moml.MoMLSimpleApplication@372ff1ea
reloadAllAccessors: .matrixType10

===========================================================================================
----------------- testing Sat Mar 21 17:47:00 UTC 2020 /home/travis/build/icyphy/ptII/ptolemy/actor/lib/test/auto/matrixType11.xml
----------------- Instantiating /home/travis/build/icyphy/ptII/ptolemy/actor/lib/test/auto/matrixType11.xml
1 ms. Memory: 456704K Free: 280069K (61%)
----------------- Invoking toplevel() on ptolemy.moml.MoMLSimpleApplication@5ec0b04a
----------------- Done invoking toplevel() on ptolemy.moml.MoMLSimpleApplication@5ec0b04a
reloadAllAccessors: .matrixType11

===========================================================================================
----------------- testing Sat Mar 21 17:47:00 UTC 2020 /home/travis/build/icyphy/ptII/ptolemy/actor/lib/test/auto/matrixType12.xml
----------------- Instantiating /home/travis/build/icyphy/ptII/ptolemy/actor/lib/test/auto/matrixType12.xml
1 ms. Memory: 456704K Free: 274949K (60%)
----------------- Invoking toplevel() on ptolemy.moml.MoMLSimpleApplication@111018c4
----------------- Done invoking toplevel() on ptolemy.moml.MoMLSimpleApplication@111018c4
reloadAllAccessors: .matrixType12

===========================================================================================
----------------- testing Sat Mar 21 17:47:00 UTC 2020 /home/travis/build/icyphy/ptII/ptolemy/actor/lib/test/auto/matrixType13.xml
----------------- Instantiating /home/travis/build/icyphy/ptII/ptolemy/actor/lib/test/auto/matrixType13.xml
1 ms. Memory: 456704K Free: 270339K (59%)
----------------- Invoking toplevel() on ptolemy.moml.MoMLSimpleApplication@6be0b026
----------------- Done invoking toplevel() on ptolemy.moml.MoMLSimpleApplication@6be0b026
reloadAllAccessors: .matrixType13

===========================================================================================
----------------- testing Sat Mar 21 17:47:00 UTC 2020 /home/travis/build/icyphy/ptII/ptolemy/actor/lib/test/auto/matrixType14.xml
----------------- Instantiating /home/travis/build/icyphy/ptII/ptolemy/actor/lib/test/auto/matrixType14.xml
1 ms. Memory: 456704K Free: 265219K (58%)
----------------- Invoking toplevel() on ptolemy.moml.MoMLSimpleApplication@31eeb28d
----------------- Done invoking toplevel() on ptolemy.moml.MoMLSimpleApplication@31eeb28d
reloadAllAccessors: .matrixType14

===========================================================================================
----------------- testing Sat Mar 21 17:47:00 UTC 2020 /home/travis/build/icyphy/ptII/ptolemy/actor/lib/test/auto/matrixType2.xml
----------------- Instantiating /home/travis/build/icyphy/ptII/ptolemy/actor/lib/test/auto/matrixType2.xml
1 ms. Memory: 456704K Free: 260085K (57%)
----------------- Invoking toplevel() on ptolemy.moml.MoMLSimpleApplication@5ef9c1af
----------------- Done invoking toplevel() on ptolemy.moml.MoMLSimpleApplication@5ef9c1af
reloadAllAccessors: .matrixType2

===========================================================================================
----------------- testing Sat Mar 21 17:47:00 UTC 2020 /home/travis/build/icyphy/ptII/ptolemy/actor/lib/test/auto/matrixType3.xml
----------------- Instantiating /home/travis/build/icyphy/ptII/ptolemy/actor/lib/test/auto/matrixType3.xml
3 ms. Memory: 456704K Free: 254979K (56%)
----------------- Invoking toplevel() on ptolemy.moml.MoMLSimpleApplication@7debdfc9
----------------- Done invoking toplevel() on ptolemy.moml.MoMLSimpleApplication@7debdfc9
reloadAllAccessors: .matrixType3

===========================================================================================
----------------- testing Sat Mar 21 17:47:00 UTC 2020 /home/travis/build/icyphy/ptII/ptolemy/actor/lib/test/auto/matrixType4.xml
----------------- Instantiating /home/travis/build/icyphy/ptII/ptolemy/actor/lib/test/auto/matrixType4.xml
1 ms. Memory: 456704K Free: 250373K (55%)
----------------- Invoking toplevel() on ptolemy.moml.MoMLSimpleApplication@3af79758
----------------- Done invoking toplevel() on ptolemy.moml.MoMLSimpleApplication@3af79758
reloadAllAccessors: .matrixType4

===========================================================================================
----------------- testing Sat Mar 21 17:47:00 UTC 2020 /home/travis/build/icyphy/ptII/ptolemy/actor/lib/test/auto/matrixType5.xml
----------------- Instantiating /home/travis/build/icyphy/ptII/ptolemy/actor/lib/test/auto/matrixType5.xml
1 ms. Memory: 456704K Free: 245253K (54%)
----------------- Invoking toplevel() on ptolemy.moml.MoMLSimpleApplication@7e071860
----------------- Done invoking toplevel() on ptolemy.moml.MoMLSimpleApplication@7e071860
reloadAllAccessors: .matrixType5

===========================================================================================
----------------- testing Sat Mar 21 17:47:00 UTC 2020 /home/travis/build/icyphy/ptII/ptolemy/actor/lib/test/auto/matrixType6.xml
----------------- Instantiating /home/travis/build/icyphy/ptII/ptolemy/actor/lib/test/auto/matrixType6.xml
1 ms. Memory: 456704K Free: 240643K (53%)
----------------- Invoking toplevel() on ptolemy.moml.MoMLSimpleApplication@57b98abc
----------------- Done invoking toplevel() on ptolemy.moml.MoMLSimpleApplication@57b98abc
reloadAllAccessors: .matrixType6

===========================================================================================
----------------- testing Sat Mar 21 17:47:00 UTC 2020 /home/travis/build/icyphy/ptII/ptolemy/actor/lib/test/auto/matrixType7.xml
----------------- Instantiating /home/travis/build/icyphy/ptII/ptolemy/actor/lib/test/auto/matrixType7.xml
2 ms. Memory: 456704K Free: 235523K (52%)
----------------- Invoking toplevel() on ptolemy.moml.MoMLSimpleApplication@34bb3208
----------------- Done invoking toplevel() on ptolemy.moml.MoMLSimpleApplication@34bb3208
reloadAllAccessors: .matrixType7

===========================================================================================
----------------- testing Sat Mar 21 17:47:00 UTC 2020 /home/travis/build/icyphy/ptII/ptolemy/actor/lib/test/auto/matrixType8.xml
----------------- Instantiating /home/travis/build/icyphy/ptII/ptolemy/actor/lib/test/auto/matrixType8.xml
1 ms. Memory: 456704K Free: 230917K (51%)
----------------- Invoking toplevel() on ptolemy.moml.MoMLSimpleApplication@7b467ee
----------------- Done invoking toplevel() on ptolemy.moml.MoMLSimpleApplication@7b467ee
reloadAllAccessors: .matrixType8

===========================================================================================
----------------- testing Sat Mar 21 17:47:00 UTC 2020 /home/travis/build/icyphy/ptII/ptolemy/actor/lib/test/auto/matrixType9.xml
----------------- Instantiating /home/travis/build/icyphy/ptII/ptolemy/actor/lib/test/auto/matrixType9.xml
1 ms. Memory: 456704K Free: 225797K (49%)
----------------- Invoking toplevel() on ptolemy.moml.MoMLSimpleApplication@3341eaac
----------------- Done invoking toplevel() on ptolemy.moml.MoMLSimpleApplication@3341eaac
reloadAllAccessors: .matrixType9

===========================================================================================
----------------- testing Sat Mar 21 17:47:00 UTC 2020 /home/travis/build/icyphy/ptII/ptolemy/actor/lib/test/auto/paraFunctest.xml
----------------- Instantiating /home/travis/build/icyphy/ptII/ptolemy/actor/lib/test/auto/paraFunctest.xml
2 ms. Memory: 456704K Free: 222211K (49%)
----------------- Invoking toplevel() on ptolemy.moml.MoMLSimpleApplication@3380e15e
----------------- Done invoking toplevel() on ptolemy.moml.MoMLSimpleApplication@3380e15e
reloadAllAccessors: .paraFunctest

===========================================================================================
----------------- testing Sat Mar 21 17:47:00 UTC 2020 /home/travis/build/icyphy/ptII/ptolemy/actor/lib/test/auto/paraFunctest2.xml
----------------- Instantiating /home/travis/build/icyphy/ptII/ptolemy/actor/lib/test/auto/paraFunctest2.xml
1 ms. Memory: 456704K Free: 218085K (48%)
----------------- Invoking toplevel() on ptolemy.moml.MoMLSimpleApplication@4095c90e
----------------- Done invoking toplevel() on ptolemy.moml.MoMLSimpleApplication@4095c90e
reloadAllAccessors: .paraFunctest2

===========================================================================================
----------------- testing Sat Mar 21 17:47:00 UTC 2020 /home/travis/build/icyphy/ptII/ptolemy/actor/lib/test/auto/parameterPassing.xml
----------------- Instantiating /home/travis/build/icyphy/ptII/ptolemy/actor/lib/test/auto/parameterPassing.xml
1 ms. Memory: 456704K Free: 213509K (47%)
----------------- Invoking toplevel() on ptolemy.moml.MoMLSimpleApplication@3c70fce9
----------------- Done invoking toplevel() on ptolemy.moml.MoMLSimpleApplication@3c70fce9
reloadAllAccessors: .parameterPassing

===========================================================================================
----------------- testing Sat Mar 21 17:47:00 UTC 2020 /home/travis/build/icyphy/ptII/ptolemy/actor/lib/test/auto/record.xml
----------------- Instantiating /home/travis/build/icyphy/ptII/ptolemy/actor/lib/test/auto/record.xml
2 ms. Memory: 456704K Free: 208389K (46%)
----------------- Invoking toplevel() on ptolemy.moml.MoMLSimpleApplication@6eb7103
----------------- Done invoking toplevel() on ptolemy.moml.MoMLSimpleApplication@6eb7103
reloadAllAccessors: .record

===========================================================================================
----------------- testing Sat Mar 21 17:47:00 UTC 2020 /home/travis/build/icyphy/ptII/ptolemy/actor/lib/test/auto/sizedarray1.xml
----------------- Instantiating /home/travis/build/icyphy/ptII/ptolemy/actor/lib/test/auto/sizedarray1.xml
1 ms. Memory: 456704K Free: 202755K (44%)
----------------- Invoking toplevel() on ptolemy.moml.MoMLSimpleApplication@18259370
----------------- Done invoking toplevel() on ptolemy.moml.MoMLSimpleApplication@18259370
reloadAllAccessors: .sizedarray1

===========================================================================================
----------------- testing Sat Mar 21 17:47:00 UTC 2020 /home/travis/build/icyphy/ptII/ptolemy/actor/lib/test/auto/sizedarray2.xml
----------------- Instantiating /home/travis/build/icyphy/ptII/ptolemy/actor/lib/test/auto/sizedarray2.xml
3 ms. Memory: 456704K Free: 197635K (43%)
----------------- Invoking toplevel() on ptolemy.moml.MoMLSimpleApplication@2eb2440d
----------------- Done invoking toplevel() on ptolemy.moml.MoMLSimpleApplication@2eb2440d
reloadAllAccessors: .sizedarray2

===========================================================================================
----------------- testing Sat Mar 21 17:47:00 UTC 2020 /home/travis/build/icyphy/ptII/ptolemy/actor/lib/test/auto/twoPublishers.xml
----------------- Instantiating /home/travis/build/icyphy/ptII/ptolemy/actor/lib/test/auto/twoPublishers.xml
5 ms. Memory: 456704K Free: 186885K (41%)
----------------- Invoking toplevel() on ptolemy.moml.MoMLSimpleApplication@a41b7e9
----------------- Done invoking toplevel() on ptolemy.moml.MoMLSimpleApplication@a41b7e9
reloadAllAccessors: .twoPublishers
AutoTests.java: About to close Vertx.
AutoTests.java: Vertx closed.
]]></system-out>
  <system-err><![CDATA[java.lang.RuntimeException: Execution failed
	at ptolemy.moml.MoMLSimpleApplication$UnloadThread.run(MoMLSimpleApplication.java:402)
Caused by: java.lang.RuntimeException: StringUtilities.exit() was called. Normally, we would exit here because Manager.exitAfterWrapup() was called.  However, because the ptolemy.ptII.exitAfterWrapup property is set, we throw this exception instead.
	at ptolemy.util.StringUtilities.exit(StringUtilities.java:365)
	at ptolemy.actor.Manager.wrapup(Manager.java:1549)
	at ptolemy.actor.Manager.execute(Manager.java:407)
	at ptolemy.actor.Manager.run(Manager.java:1263)
	at ptolemy.actor.Manager$PtolemyRunThread.run(Manager.java:1933)
Warning: '.top.test' is in training mode, set the trainingMode parameter to false before checking in
Warning: '.top.test' is in training mode, set the trainingMode parameter to false before checking in
Warning: '.top.test' is in training mode, set the trainingMode parameter to false before checking in
Warning: '.BooleanSwitch_RegressionTest_WrongTrainingValues.Test' is in training mode, set the trainingMode parameter to false before checking in
Warning: '.BooleanSwitch_RegressionTest_WrongTrainingValues.Test2' is in training mode, set the trainingMode parameter to false before checking in
Warning: '.BooleanSwitch_RegressionTest_WrongTrainingValues.Test2' The test produced 0 tokens.
Warning: '.top.testExceptionHandler' is in training mode, set the trainingMode parameter to false before checking in
java.lang.RuntimeException: Execution failed
	at ptolemy.moml.MoMLSimpleApplication$UnloadThread.run(MoMLSimpleApplication.java:402)
Caused by: ptolemy.kernel.util.IllegalActionException: PublisherPorts cannot be used at the top level, use a Publisher actor instead.
  in .PublisherPortToplevelSubscriber.PublisherPort
	at ptolemy.actor.PublisherPort.preinitialize(PublisherPort.java:403)
	at ptolemy.actor.CompositeActor.preinitialize(CompositeActor.java:1769)
	at ptolemy.actor.Manager.preinitializeAndResolveTypes(Manager.java:1040)
	at ptolemy.actor.Manager.initialize(Manager.java:710)
	at ptolemy.actor.Manager.execute(Manager.java:356)
	at ptolemy.actor.Manager.run(Manager.java:1263)
	at ptolemy.actor.Manager$PtolemyRunThread.run(Manager.java:1933)
java.lang.reflect.InvocationTargetException
	at java.base/jdk.internal.reflect.NativeConstructorAccessorImpl.newInstance0(Native Method)
	at java.base/jdk.internal.reflect.NativeConstructorAccessorImpl.newInstance(NativeConstructorAccessorImpl.java:62)
	at java.base/jdk.internal.reflect.DelegatingConstructorAccessorImpl.newInstance(DelegatingConstructorAccessorImpl.java:45)
	at java.base/java.lang.reflect.Constructor.newInstance(Constructor.java:490)
	at ptolemy.util.test.junit.AutoKnownFailedTests.RunModel(AutoKnownFailedTests.java:105)
	at java.base/jdk.internal.reflect.NativeMethodAccessorImpl.invoke0(Native Method)
	at java.base/jdk.internal.reflect.NativeMethodAccessorImpl.invoke(NativeMethodAccessorImpl.java:62)
	at java.base/jdk.internal.reflect.DelegatingMethodAccessorImpl.invoke(DelegatingMethodAccessorImpl.java:43)
	at java.base/java.lang.reflect.Method.invoke(Method.java:566)
	at org.junit.runners.model.FrameworkMethod$1.runReflectiveCall(FrameworkMethod.java:44)
	at org.junit.internal.runners.model.ReflectiveCallable.run(ReflectiveCallable.java:15)
	at org.junit.runners.model.FrameworkMethod.invokeExplosively(FrameworkMethod.java:41)
	at junitparams.internal.InvokeParameterisedMethod.evaluate(InvokeParameterisedMethod.java:102)
	at org.junit.internal.runners.statements.FailOnTimeout$1.run(FailOnTimeout.java:28)
Caused by: ptolemy.kernel.util.IllegalActionException: PublisherPorts cannot be used at the top level, use a Publisher actor instead.
  in .PublisherPortToplevelSubscriber.PublisherPort
	at ptolemy.actor.PublisherPort.preinitialize(PublisherPort.java:403)
	at ptolemy.actor.CompositeActor.preinitialize(CompositeActor.java:1769)
	at ptolemy.actor.Manager.preinitializeAndResolveTypes(Manager.java:1040)
	at ptolemy.actor.Manager.initialize(Manager.java:710)
	at ptolemy.actor.Manager.execute(Manager.java:356)
	at ptolemy.actor.Manager.run(Manager.java:1263)
	at ptolemy.actor.Manager$PtolemyRunThread.run(Manager.java:1933)
java.lang.RuntimeException: Execution failed
	at ptolemy.moml.MoMLSimpleApplication$UnloadThread.run(MoMLSimpleApplication.java:402)
Caused by: ptolemy.kernel.util.IllegalActionException: SubscriberPorts cannot be used at the top level, use a Subscriber actor instead.
  in .PublisherSubscriberPortToplevel.SubscriberPort
	at ptolemy.actor.SubscriberPort.preinitialize(SubscriberPort.java:328)
	at ptolemy.actor.CompositeActor.preinitialize(CompositeActor.java:1769)
	at ptolemy.actor.Manager.preinitializeAndResolveTypes(Manager.java:1040)
	at ptolemy.actor.Manager.initialize(Manager.java:710)
	at ptolemy.actor.Manager.execute(Manager.java:356)
	at ptolemy.actor.Manager.run(Manager.java:1263)
	at ptolemy.actor.Manager$PtolemyRunThread.run(Manager.java:1933)
java.lang.reflect.InvocationTargetException
	at java.base/jdk.internal.reflect.NativeConstructorAccessorImpl.newInstance0(Native Method)
	at java.base/jdk.internal.reflect.NativeConstructorAccessorImpl.newInstance(NativeConstructorAccessorImpl.java:62)
	at java.base/jdk.internal.reflect.DelegatingConstructorAccessorImpl.newInstance(DelegatingConstructorAccessorImpl.java:45)
	at java.base/java.lang.reflect.Constructor.newInstance(Constructor.java:490)
	at ptolemy.util.test.junit.AutoKnownFailedTests.RunModel(AutoKnownFailedTests.java:105)
	at java.base/jdk.internal.reflect.NativeMethodAccessorImpl.invoke0(Native Method)
	at java.base/jdk.internal.reflect.NativeMethodAccessorImpl.invoke(NativeMethodAccessorImpl.java:62)
	at java.base/jdk.internal.reflect.DelegatingMethodAccessorImpl.invoke(DelegatingMethodAccessorImpl.java:43)
	at java.base/java.lang.reflect.Method.invoke(Method.java:566)
	at org.junit.runners.model.FrameworkMethod$1.runReflectiveCall(FrameworkMethod.java:44)
	at org.junit.internal.runners.model.ReflectiveCallable.run(ReflectiveCallable.java:15)
	at org.junit.runners.model.FrameworkMethod.invokeExplosively(FrameworkMethod.java:41)
	at junitparams.internal.InvokeParameterisedMethod.evaluate(InvokeParameterisedMethod.java:102)
	at org.junit.internal.runners.statements.FailOnTimeout$1.run(FailOnTimeout.java:28)
Caused by: ptolemy.kernel.util.IllegalActionException: SubscriberPorts cannot be used at the top level, use a Subscriber actor instead.
  in .PublisherSubscriberPortToplevel.SubscriberPort
	at ptolemy.actor.SubscriberPort.preinitialize(SubscriberPort.java:328)
	at ptolemy.actor.CompositeActor.preinitialize(CompositeActor.java:1769)
	at ptolemy.actor.Manager.preinitializeAndResolveTypes(Manager.java:1040)
	at ptolemy.actor.Manager.initialize(Manager.java:710)
	at ptolemy.actor.Manager.execute(Manager.java:356)
	at ptolemy.actor.Manager.run(Manager.java:1263)
	at ptolemy.actor.Manager$PtolemyRunThread.run(Manager.java:1933)
java.lang.RuntimeException: Execution failed
	at ptolemy.moml.MoMLSimpleApplication$UnloadThread.run(MoMLSimpleApplication.java:402)
Caused by: ptolemy.kernel.util.IllegalActionException: SubscriptionAggregatorPorts cannot be used at the top level, use a SubscriptionAggregator actor instead.
  in .PublisherSubscriptionAggregatorPort.SubscriptionAggregatorPort
	at ptolemy.actor.SubscriptionAggregatorPort.preinitialize(SubscriptionAggregatorPort.java:353)
	at ptolemy.actor.CompositeActor.preinitialize(CompositeActor.java:1769)
	at ptolemy.actor.Manager.preinitializeAndResolveTypes(Manager.java:1040)
	at ptolemy.actor.Manager.initialize(Manager.java:710)
	at ptolemy.actor.Manager.execute(Manager.java:356)
	at ptolemy.actor.Manager.run(Manager.java:1263)
	at ptolemy.actor.Manager$PtolemyRunThread.run(Manager.java:1933)
java.lang.reflect.InvocationTargetException
	at java.base/jdk.internal.reflect.NativeConstructorAccessorImpl.newInstance0(Native Method)
	at java.base/jdk.internal.reflect.NativeConstructorAccessorImpl.newInstance(NativeConstructorAccessorImpl.java:62)
	at java.base/jdk.internal.reflect.DelegatingConstructorAccessorImpl.newInstance(DelegatingConstructorAccessorImpl.java:45)
	at java.base/java.lang.reflect.Constructor.newInstance(Constructor.java:490)
	at ptolemy.util.test.junit.AutoKnownFailedTests.RunModel(AutoKnownFailedTests.java:105)
	at java.base/jdk.internal.reflect.NativeMethodAccessorImpl.invoke0(Native Method)
	at java.base/jdk.internal.reflect.NativeMethodAccessorImpl.invoke(NativeMethodAccessorImpl.java:62)
	at java.base/jdk.internal.reflect.DelegatingMethodAccessorImpl.invoke(DelegatingMethodAccessorImpl.java:43)
	at java.base/java.lang.reflect.Method.invoke(Method.java:566)
	at org.junit.runners.model.FrameworkMethod$1.runReflectiveCall(FrameworkMethod.java:44)
	at org.junit.internal.runners.model.ReflectiveCallable.run(ReflectiveCallable.java:15)
	at org.junit.runners.model.FrameworkMethod.invokeExplosively(FrameworkMethod.java:41)
	at junitparams.internal.InvokeParameterisedMethod.evaluate(InvokeParameterisedMethod.java:102)
	at org.junit.internal.runners.statements.FailOnTimeout$1.run(FailOnTimeout.java:28)
Caused by: ptolemy.kernel.util.IllegalActionException: SubscriptionAggregatorPorts cannot be used at the top level, use a SubscriptionAggregator actor instead.
  in .PublisherSubscriptionAggregatorPort.SubscriptionAggregatorPort
	at ptolemy.actor.SubscriptionAggregatorPort.preinitialize(SubscriptionAggregatorPort.java:353)
	at ptolemy.actor.CompositeActor.preinitialize(CompositeActor.java:1769)
	at ptolemy.actor.Manager.preinitializeAndResolveTypes(Manager.java:1040)
	at ptolemy.actor.Manager.initialize(Manager.java:710)
	at ptolemy.actor.Manager.execute(Manager.java:356)
	at ptolemy.actor.Manager.run(Manager.java:1263)
	at ptolemy.actor.Manager$PtolemyRunThread.run(Manager.java:1933)
java.lang.RuntimeException: Execution failed
	at ptolemy.moml.MoMLSimpleApplication$UnloadThread.run(MoMLSimpleApplication.java:402)
Caused by: ptolemy.kernel.util.IllegalActionException: TypeTest actor has no training data.
  in .sizedarray3.TypeTest
	at ptolemy.actor.lib.TypeTest.initialize(TypeTest.java:250)
	at ptolemy.actor.Director.initialize(Director.java:938)
	at ptolemy.actor.Director.initialize(Director.java:907)
	at ptolemy.actor.sched.StaticSchedulingDirector.initialize(StaticSchedulingDirector.java:159)
	at ptolemy.domains.sdf.kernel.SDFDirector.initialize(SDFDirector.java:544)
	at ptolemy.actor.CompositeActor.initialize(CompositeActor.java:935)
	at ptolemy.actor.Manager.initialize(Manager.java:724)
	at ptolemy.actor.Manager.execute(Manager.java:356)
	at ptolemy.actor.Manager.run(Manager.java:1263)
	at ptolemy.actor.Manager$PtolemyRunThread.run(Manager.java:1933)
java.lang.reflect.InvocationTargetException
	at java.base/jdk.internal.reflect.NativeConstructorAccessorImpl.newInstance0(Native Method)
	at java.base/jdk.internal.reflect.NativeConstructorAccessorImpl.newInstance(NativeConstructorAccessorImpl.java:62)
	at java.base/jdk.internal.reflect.DelegatingConstructorAccessorImpl.newInstance(DelegatingConstructorAccessorImpl.java:45)
	at java.base/java.lang.reflect.Constructor.newInstance(Constructor.java:490)
	at ptolemy.util.test.junit.AutoKnownFailedTests.RunModel(AutoKnownFailedTests.java:105)
	at java.base/jdk.internal.reflect.NativeMethodAccessorImpl.invoke0(Native Method)
	at java.base/jdk.internal.reflect.NativeMethodAccessorImpl.invoke(NativeMethodAccessorImpl.java:62)
	at java.base/jdk.internal.reflect.DelegatingMethodAccessorImpl.invoke(DelegatingMethodAccessorImpl.java:43)
	at java.base/java.lang.reflect.Method.invoke(Method.java:566)
	at org.junit.runners.model.FrameworkMethod$1.runReflectiveCall(FrameworkMethod.java:44)
	at org.junit.internal.runners.model.ReflectiveCallable.run(ReflectiveCallable.java:15)
	at org.junit.runners.model.FrameworkMethod.invokeExplosively(FrameworkMethod.java:41)
	at junitparams.internal.InvokeParameterisedMethod.evaluate(InvokeParameterisedMethod.java:102)
	at org.junit.internal.runners.statements.FailOnTimeout$1.run(FailOnTimeout.java:28)
Caused by: ptolemy.kernel.util.IllegalActionException: TypeTest actor has no training data.
  in .sizedarray3.TypeTest
	at ptolemy.actor.lib.TypeTest.initialize(TypeTest.java:250)
	at ptolemy.actor.Director.initialize(Director.java:938)
	at ptolemy.actor.Director.initialize(Director.java:907)
	at ptolemy.actor.sched.StaticSchedulingDirector.initialize(StaticSchedulingDirector.java:159)
	at ptolemy.domains.sdf.kernel.SDFDirector.initialize(SDFDirector.java:544)
	at ptolemy.actor.CompositeActor.initialize(CompositeActor.java:935)
	at ptolemy.actor.Manager.initialize(Manager.java:724)
	at ptolemy.actor.Manager.execute(Manager.java:356)
	at ptolemy.actor.Manager.run(Manager.java:1263)
	at ptolemy.actor.Manager$PtolemyRunThread.run(Manager.java:1933)
ptolemy.kernel.util.InternalErrorException: Exec Stderr Gobbler-7: Failed while reading from java.lang.ProcessImpl$ProcessPipeInputStream@f981193. To avoid this, try setting the ignoreIOExceptionReadErrors parameter to true.null
  in .ExecEnvironment.Exec
Because:
Stream closed
	at ptolemy.actor.lib.Exec$_StreamReaderThread._read(Exec.java:762)
	at ptolemy.actor.lib.Exec$_StreamReaderThread.run(Exec.java:706)
Caused by: java.io.IOException: Stream closed
	at java.base/sun.nio.cs.StreamDecoder.ensureOpen(StreamDecoder.java:46)
	at java.base/sun.nio.cs.StreamDecoder.read(StreamDecoder.java:148)
	at java.base/java.io.InputStreamReader.read(InputStreamReader.java:185)
	at ptolemy.actor.lib.Exec$_StreamReaderThread._read(Exec.java:724)
	... 1 more
Caused by: java.io.IOException: Stream closed
	at java.base/sun.nio.cs.StreamDecoder.ensureOpen(StreamDecoder.java:46)
	at java.base/sun.nio.cs.StreamDecoder.read(StreamDecoder.java:148)
	at java.base/java.io.InputStreamReader.read(InputStreamReader.java:185)
	at ptolemy.actor.lib.Exec$_StreamReaderThread._read(Exec.java:724)
	at ptolemy.actor.lib.Exec$_StreamReaderThread.run(Exec.java:706)
java.lang.RuntimeException: Execution failed
	at ptolemy.moml.MoMLSimpleApplication$UnloadThread.run(MoMLSimpleApplication.java:402)
Caused by: ptolemy.kernel.util.IllegalActionException: Test fails in iteration 0.
Value was: 6001L. Should have been: 6000L
  in .ExecutionTimeSDF.NonStrictTest
	at ptolemy.actor.lib.NonStrictTest.postfire(NonStrictTest.java:328)
	at ptolemy.actor.AtomicActor.iterate(AtomicActor.java:518)
	at ptolemy.actor.sched.StaticSchedulingDirector.fire(StaticSchedulingDirector.java:216)
	at ptolemy.domains.sdf.kernel.SDFDirector.fire(SDFDirector.java:500)
	at ptolemy.actor.CompositeActor.fire(CompositeActor.java:455)
	at ptolemy.actor.Manager.iterate(Manager.java:851)
	at ptolemy.actor.Manager.execute(Manager.java:369)
	at ptolemy.actor.Manager.run(Manager.java:1263)
	at ptolemy.actor.Manager$PtolemyRunThread.run(Manager.java:1933)
]]></system-err>
</testsuite>
