<?xml version="1.0" encoding="UTF-8" ?>
<testsuite errors="0" failures="0" hostname="travis-job-e7098808-fa80-44a1-be03-871c4acd582b" name="ptolemy.actor.lib.test.junit.JUnitTclTest" skipped="0" tests="517" time="59.753" timestamp="2018-06-12T00:00:51">
  <properties>
    <property name="npm.executable" value="npm" />
    <property name="file.encoding.pkg" value="sun.io" />
    <property name="ptII.mk.exists" value="true" />
    <property name="env.rvm_bin_path" value="/home/travis/.rvm/bin" />
    <property name="java.home" value="/usr/lib/jvm/java-8-oracle/jre" />
    <property name="env.TRAVIS_JOB_NUMBER" value="564.7" />
    <property name="env.DISPLAY" value=":99.0" />
    <property name="java.net.preferIPv4Stack" value="true" />
    <property name="env.SSH_TTY" value="/dev/pts/0" />
    <property name="env.RUN_TESTS" value="true" />
    <property name="timeout.short" value="1000000" />
    <property name="env.TRAVIS_STACK_NODE_ATTRIBUTES" value="/.node-attributes.yml" />
    <property name="junit.formatter" value="xml" />
    <property name="java.endorsed.dirs" value="/usr/lib/jvm/java-8-oracle/jre/lib/endorsed" />
    <property name="env.TRAVIS_SUDO" value="true" />
    <property name="env.LOGNAME" value="travis" />
    <property name="env.PT_TRAVIS_TEST_CORE1_XML" value="true" />
    <property name="jsdoc.home" value="node_modules/@terraswarm/jsdoc" />
    <property name="debuglevel" value="source,lines,vars" />
    <property name="checkstyle.formatter" value="xml" />
    <property name="bin.vergil.makeable" value="true" />
    <property name="env._system_version" value="14.04" />
    <property name="sun.os.patch.level" value="unknown" />
    <property name="java.vendor.url" value="http://java.oracle.com/" />
    <property name="java.version" value="1.8.0_151" />
    <property name="env.TZ" value="UTC" />
    <property name="env.PT_NO_NET" value="true" />
    <property name="env.TRAVIS_PULL_REQUEST_SHA" value="" />
    <property name="env.TRAVIS_SECURE_ENV_VARS" value="true" />
    <property name="env._system_type" value="Linux" />
    <property name="java.vendor.url.bug" value="http://bugreport.sun.com/bugreport/" />
    <property name="env.SSH_CLIENT" value="10.10.4.40 58364 22" />
    <property name="npmjs-org-is-up" value="true" />
    <property name="env.GEM_HOME" value="/home/travis/.rvm/gems/ruby-2.4.1" />
    <property name="env.HAS_ANTARES_THREE_LITTLE_FRONZIES_BADGE" value="true" />
    <property name="env.PS4" value="+" />
    <property name="ant.project.invoked-targets" value="build,test.core1.xml" />
    <property name="env.TRAVIS_PULL_REQUEST_BRANCH" value="" />
    <property name="env.TRAVIS_REPO_SLUG" value="icyphy/ptII" />
    <property name="node.in.path" value="true" />
    <property name="java.maxmemory" value="1400m" />
    <property name="env.RUBY_VERSION" value="ruby-2.4.1" />
    <property name="user.name" value="travis" />
    <property name="env.LANG" value="en_US.UTF-8" />
    <property name="sun.io.unicode.encoding" value="UnicodeLittle" />
    <property name="sun.jnu.encoding" value="UTF-8" />
    <property name="java.runtime.name" value="Java(TM) SE Runtime Environment" />
    <property name="usefile" value="false" />
    <property name="return.code" value="0" />
    <property name="junit.single.formatter" value="plain" />
    <property name="env.DYLD_LIBRARY_PATH" value="/home/travis/pthla/certi-tools/lib:" />
    <property name="env.DEBIAN_FRONTEND" value="noninteractive" />
    <property name="env.SSH_CONNECTION" value="10.10.4.40 58364 10.20.0.78 22" />
    <property name="env.MYSQL_UNIX_PORT" value="/var/run/mysqld/mysqld.sock" />
    <property name="env.TRAVIS_ALLOW_FAILURE" value="false" />
    <property name="env.LC_ALL" value="en_US.UTF-8" />
    <property name="java.specification.name" value="Java Platform API Specification" />
    <property name="node.works" value="true" />
    <property name="user.timezone" value="" />
    <property name="path.separator" value=":" />
    <property name="env.PYTHON_CFLAGS" value="-g -fstack-protector --param=ssp-buffer-size=4 -Wformat -Werror=format-security" />
    <property name="timeout.long" value="4000000" />
    <property name="env.CERTI_HOME" value="/home/travis/pthla/certi-tools" />
    <property name="file.encoding" value="UTF-8" />
    <property name="ant.file.ptII" value="/home/travis/build/icyphy/ptII/build.xml" />
    <property name="javadoc.packagenames" value="com.*,diva.*,lbnl.*,org.hlacerti.*,org.json.*,org.ptolemy.*,org.terraswarm.*,ptolemy.*,ptserver.*" />
    <property name="env.TRAVIS_PULL_REQUEST_SLUG" value="" />
    <property name="ant.project.default-target" value="build" />
    <property name="env.GIT_ASKPASS" value="echo" />
    <property name="env.HOME" value="/home/travis" />
    <property name="sun.java.command" value="org.apache.tools.ant.taskdefs.optional.junit.JUnitTestRunner ptolemy.actor.lib.test.junit.JUnitTclTest skipNonTests=false filtertrace=true haltOnError=false haltOnFailure=false formatter=org.apache.tools.ant.taskdefs.optional.junit.OutErrSummaryJUnitResultFormatter showoutput=true outputtoformatters=true logfailedtests=true threadid=0 logtestlistenerevents=false formatter=org.apache.tools.ant.taskdefs.optional.junit.XMLJUnitResultFormatter,/home/travis/build/icyphy/ptII/reports/junit/TEST-ptolemy.actor.lib.test.junit.JUnitTclTest.xml crashfile=/home/travis/build/icyphy/ptII/junitvmwatcher4402138931437351354.properties propsfile=/home/travis/build/icyphy/ptII/junit3615029186714055966.properties" />
    <property name="env.MANPATH" value="/home/travis/.nvm/versions/node/v7.10.1/share/man:/home/travis/.kiex/elixirs/elixir-1.4.5/man:/home/travis/.rvm/rubies/ruby-2.4.1/share/man:/usr/local/man:/usr/local/cmake-3.9.2/man:/usr/local/clang-5.0.0/share/man:/usr/local/share/man:/usr/share/man:/home/travis/.rvm/man" />
    <property name="env.COMPOSER_NO_INTERACTION" value="1" />
    <property name="env.JDK_SWITCHER_DEFAULT" value="oraclejdk8" />
    <property name="ant.file" value="/home/travis/build/icyphy/ptII/build.xml" />
    <property name="env.TRAVIS_COMMIT_RANGE" value="b6c6ffb1c6d4...7c5d3e396679" />
    <property name="env._system_name" value="Ubuntu" />
    <property name="timeout" value="2400000" />
    <property name="ptII.classpath.optional.property" value="/home/travis/build/icyphy/ptII/lib/bsh-2.0b4.jar:/home/travis/build/icyphy/ptII/lib/ptCal.jar:/home/travis/build/icyphy/ptII/lib/java_cup.jar:/home/travis/build/icyphy/ptII/lib/saxon8.jar:/home/travis/build/icyphy/ptII/lib/saxon8-dom.jar:/home/travis/build/icyphy/ptII/lib/chic.jar:/home/travis/build/icyphy/ptII/lib/ptcolt.jar:/usr/lib/jvm/java-8-oracle/lib/tools.jar:/usr/lib/eclipse/plugins/org.eclipse.jdt.core_3.8.2.dist.jar:/usr/lib/eclipse/plugins/org.eclipse.core.runtime_3.8.0.dist.jar:/usr/lib/eclipse/plugins/org.eclipse.osgi_3.8.1.dist.jar:/usr/lib/eclipse/plugins/org.eclipse.core.resources_3.8.1.dist.jar:/usr/lib/eclipse/plugins/org.eclipse.equinox.common_3.6.100.dist.jar:/usr/lib/eclipse/plugins/org.eclipse.core.jobs_3.5.200.dist.jar:/usr/lib/eclipse/plugins/org.eclipse.core.contenttype_3.4.200.dist.jar:/usr/lib/eclipse/plugins/org.eclipse.equinox.preferences_3.5.0.dist.jar:/usr/lib/eclipse/plugins/org.eclipse.text_3.5.200.dist.jar:/usr/lib/eclipse/plugins/org.eclipse.ui.workbench_3.8.1.dist.jar:/usr/lib/eclipse/plugins/org.eclipse.jface_3.8.0.dist.jar:/usr/lib/eclipse/plugins/org.eclipse.swt_3.8.2.jar:/usr/lib/eclipse/plugins/org.eclipse.jface.text_3.8.1.dist.jar:/usr/lib/eclipse/plugins/org.eclipse.ui.workbench.texteditor_3.8.0.dist.jar:/usr/lib/eclipse/plugins/org.eclipse.ui.editors_3.8.0.dist.jar:/usr/lib/eclipse/plugins/org.eclipse.core.commands_3.6.1.dist.jar:/usr/lib/eclipse/plugins/org.eclipse.equinox.registry_3.5.200.dist.jar:/usr/lib/eclipse/plugins/org.eclipse.ui.console_3.5.100.dist.jar:/usr/lib/eclipse/plugins/org.eclipse.ui.forms_3.5.200.dist.jar:/usr/lib/eclipse/plugins/org.eclipse.ui.ide_3.8.1.dist.jar:/home/travis/build/icyphy/ptII/vendors/oracle/dbxml.jar:/home/travis/build/icyphy/ptII/vendors/oracle/db.jar:/home/travis/build/icyphy/ptII/vendors/misc/itext/iText.jar:/home/travis/build/icyphy/ptII/lib/g4ltl.jar:/home/travis/build/icyphy/ptII/lib/StructuralCoder.jar:/home/travis/build/icyphy/ptII/lib/org-openide-util.jar:/home/travis/build/icyphy/ptII/lib/org-openide-util-lookup.jar:/home/travis/build/icyphy/ptII/lib/org-netbeans-api-visual.jar:/home/travis/build/icyphy/ptII/vendors/jai-1_1_2_01/lib/jai_core.jar:/home/travis/build/icyphy/ptII/vendors/jai-1_1_2_01/lib/jai_codec.jar:/home/travis/build/icyphy/ptII/lib/jcerti.jar:/home/travis/build/icyphy/ptII/lib/smack.jar:/home/travis/build/icyphy/ptII/lib/smackx.jar:/home/travis/build/icyphy/ptII/lib/jetty-all-8.1.5-v20120716.jar:/home/travis/build/icyphy/ptII/lib/javax.servlet-api-3.0.1.jar:/home/travis/build/icyphy/ptII/lib/javax.mail.jar:/home/travis/build/icyphy/ptII/vendors/JMF-2.1.1e/lib/jmf.jar:/home/travis/build/icyphy/ptII/lib/jna-4.0.0-variadic.jar:/home/travis/build/icyphy/ptII/vendors/misc/joystick/Joystick.jar:/home/travis/build/icyphy/ptII/lib/ptjacl.jar:/home/travis/build/icyphy/ptII/lib/jsoup-1.8.2.jar:/home/travis/build/icyphy/ptII/lib/junit-4.8.2.jar:/home/travis/build/icyphy/ptII/lib/JUnitParams-0.4.0.jar:/home/travis/build/icyphy/ptII/ptolemy/actor/lib/excel/jxl.jar:/home/travis/build/icyphy/ptII/lib/jython.jar:/home/travis/build/icyphy/ptII/lib/kieler.jar:/home/travis/build/icyphy/ptII/vendors/opencv/share/OpenCV/java/opencv-341.jar:/home/travis/build/icyphy/ptII/lib/oscP5.jar:/home/travis/build/icyphy/ptII/lib/nrjavaserial-3.11.0.devel.jar:/usr/share/java/j3dcore.jar:/usr/share/java/j3dutils.jar:/usr/share/java/vecmath.jar:/home/travis/build/icyphy/ptII/ptolemy/distributed/jini/jar/jini-core.jar:/home/travis/build/icyphy/ptII/ptolemy/distributed/jini/jar/jini-ext.jar:/home/travis/build/icyphy/ptII/ptolemy/distributed/jini/jar/sun-util.jar:/home/travis/build/icyphy/ptII/lib/protobuf-java-2.4.1.jar:/home/travis/build/icyphy/ptII/lib/org.eclipse.paho.client.mqttv3.jar:/home/travis/build/icyphy/ptII/ptserver/lib/hessian-4.0.7.jar:/home/travis/build/icyphy/ptII/ptserver/lib/wmqtt.jar:/home/travis/build/icyphy/ptII/lib/mapss.jar:/home/travis/build/icyphy/ptII/ptolemy/actor/ptalon/antlr/antlr.jar:/home/travis/build/icyphy/ptII/lib/JRI.jar:/home/travis/build/icyphy/ptII/lib/commons-lang-2.6.jar:/home/travis/build/icyphy/ptII/lib/commons-logging-1.1.1.jar:/home/travis/build/icyphy/ptII/lib/sootclasses.jar:/home/travis/build/icyphy/ptII/ptolemy/actor/lib/database/mysql-connector-java-5.1.6-bin.jar:/home/travis/build/icyphy/ptII/vendors/misc/sphinx4/sphinx4-data-5prealpha.jar:/home/travis/build/icyphy/ptII/vendors/misc/sphinx4/sphinx4-core-5prealpha.jar:/home/travis/build/icyphy/ptII/lib/PDFRenderer.jar:/home/travis/build/icyphy/ptII/lib/svgSalamander.jar:/home/travis/build/icyphy/ptII/lib/rsyntaxtextarea-2.6.0-SNAPSHOT.jar:/home/travis/build/icyphy/ptII/lib/hazelcast-3.8.2.jar:/home/travis/build/icyphy/ptII/lib/jackson-annotations-2.9.0.jar:/home/travis/build/icyphy/ptII/lib/jackson-core-2.9.3.jar:/home/travis/build/icyphy/ptII/lib/jackson-databind-2.9.3.jar:/home/travis/build/icyphy/ptII/lib/netty-buffer-4.1.19.Final.jar:/home/travis/build/icyphy/ptII/lib/netty-codec-4.1.19.Final.jar:/home/travis/build/icyphy/ptII/lib/netty-codec-dns-4.1.19.Final.jar:/home/travis/build/icyphy/ptII/lib/netty-codec-http-4.1.19.Final.jar:/home/travis/build/icyphy/ptII/lib/netty-codec-http2-4.1.19.Final.jar:/home/travis/build/icyphy/ptII/lib/netty-common-4.1.19.Final.jar:/home/travis/build/icyphy/ptII/lib/netty-handler-4.1.19.Final.jar:/home/travis/build/icyphy/ptII/lib/netty-resolver-4.1.19.Final.jar:/home/travis/build/icyphy/ptII/lib/netty-resolver-dns-4.1.19.Final.jar:/home/travis/build/icyphy/ptII/lib/netty-transport-4.1.19.Final.jar:/home/travis/build/icyphy/ptII/lib/vertx-codegen-3.5.1.jar:/home/travis/build/icyphy/ptII/lib/vertx-core-3.5.2-SNAPSHOT.jar:/home/travis/build/icyphy/ptII/lib/vertx-hazelcast-3.5.1.jar:/home/travis/build/icyphy/ptII/lib/vertx-lang-js-3.5.1.jar:/home/travis/build/icyphy/ptII/lib/vertx-service-proxy-3.5.1.jar:/home/travis/build/icyphy/ptII/lib/vertx-web-3.5.1.jar:/home/travis/build/icyphy/ptII/lib/slf4j-api-1.7.13.jar:/home/travis/build/icyphy/ptII/lib/slf4j-simple-1.7.13.jar:/home/travis/build/icyphy/ptII/lib/webcam-capture-0.3.12.jar:/home/travis/build/icyphy/ptII/lib/bridj-0.7.0.jar:/home/travis/build/icyphy/ptII/lib/xbjlib-1.1.0.nrjavaserial.jar" />
    <property name="test.batch" value="**/junit/*.java" />
    <property name="env._" value="/usr/bin/timeout" />
    <property name="java.io.tmpdir" value="/tmp" />
    <property name="user.language" value="en" />
    <property name="env.HISTCONTROL" value="ignoredups:ignorespace" />
    <property name="env.GOROOT" value="/home/travis/.gimme/versions/go1.7.4.linux.amd64" />
    <property name="line.separator" value="&#xa;" />
    <property name="target" value="1.8" />
    <property name="env.TRAVIS_BUILD_DIR" value="/home/travis/build/icyphy/ptII" />
    <property name="env.ANT_OPTS" value="-Xmx2048m" />
    <property name="ant.file.type" value="file" />
    <property name="ptolemy.ptII.batchMode" value="true" />
    <property name="env.HISTSIZE" value="1000" />
    <property name="env.MERB_ENV" value="test" />
    <property name="java.vm.info" value="mixed mode" />
    <property name="source" value="1.8" />
    <property name="java.vm.specification.name" value="Java Virtual Machine Specification" />
    <property name="env.TRAVIS_TEST_RESULT" value="0" />
    <property name="jsdoc.command" value="node_modules/@terraswarm/jsdoc/jsdoc.js" />
    <property name="npm.works" value="true" />
    <property name="cobertura.dir" value="/home/travis/build/icyphy/ptII/vendors/cobertura-2.0.3" />
    <property name="env.rvm_path" value="/home/travis/.rvm" />
    <property name="env.GEM_PATH" value="/home/travis/.rvm/gems/ruby-2.4.1:/home/travis/.rvm/gems/ruby-2.4.1@global" />
    <property name="env.LC_CTYPE" value="en_US.UTF-8" />
    <property name="java.awt.printerjob" value="sun.print.PSPrinterJob" />
    <property name="env.TRAVIS_STACK_NAME" value="garnet" />
    <property name="ant.version" value="Apache Ant(TM) version 1.10.1 compiled on February 2 2017" />
    <property name="ptII.reports" value="/home/travis/build/icyphy/ptII/reports" />
    <property name="env.TRAVIS_STACK_TIMESTAMP" value="2017-12-05 19:33:09 UTC" />
    <property name="ant.file.type.ptII" value="file" />
    <property name="env.RBENV_SHELL" value="bash" />
    <property name="os.name" value="Linux" />
    <property name="java.specification.vendor" value="Oracle Corporation" />
    <property name="env.rvm_version" value="1.29.3 (latest)" />
    <property name="env.TERM" value="xterm" />
    <property name="java.vm.name" value="Java HotSpot(TM) 64-Bit Server VM" />
    <property name="env.TRAVIS_BUILD_NUMBER" value="564" />
    <property name="env.CI" value="true" />
    <property name="java.library.path" value="/home/travis/pthla/certi-tools/lib:/usr/lib/jni:/usr/local/share/OpenCV/java/:/usr/share/OpenCV/java::/usr/java/packages/lib/amd64:/usr/lib64:/lib64:/lib:/usr/lib" />
    <property name="env.rvm_prefix" value="/home/travis" />
    <property name="env.PATH" value="/home/travis/pthla/certi-tools/share/scripts:/home/travis/.rvm/gems/ruby-2.4.1/bin:/home/travis/.rvm/gems/ruby-2.4.1@global/bin:/home/travis/.rvm/rubies/ruby-2.4.1/bin:/home/travis/.rvm/bin:/home/travis/.nvm/versions/node/v7.10.1/bin:./node_modules/.bin:/home/travis/build/icyphy/ptII/bin:/home/travis/pthla/certi-tools/bin:/home/travis/bin:/home/travis/.local/bin:/opt/pyenv/shims:/home/travis/.phpenv/shims:/home/travis/perl5/perlbrew/bin:/home/travis/.kiex/elixirs/elixir-1.4.5/bin:/home/travis/.kiex/bin:/home/travis/gopath/bin:/home/travis/.gimme/versions/go1.7.4.linux.amd64/bin:/usr/local/phantomjs/bin:/usr/local/phantomjs:/usr/local/neo4j-3.2.7/bin:/usr/local/maven-3.5.2/bin:/usr/local/cmake-3.9.2/bin:/usr/local/clang-5.0.0/bin:/usr/local/sbin:/usr/local/bin:/usr/sbin:/usr/bin:/sbin:/bin:/home/travis/.phpenv/bin:/opt/pyenv/bin:/home/travis/.yarn/bin" />
    <property name="env.TRAVIS_OS_NAME" value="linux" />
    <property name="ant.java.version" value="1.8" />
    <property name="basedir" value="/home/travis/build/icyphy/ptII" />
    <property name="java.class.version" value="52.0" />
    <property name="env.SHLVL" value="3" />
    <property name="env.LD_LIBRARY_PATH" value="/home/travis/pthla/certi-tools/lib:/usr/lib/jni:/usr/local/share/OpenCV/java/:/usr/share/OpenCV/java:" />
    <property name="env.RACK_ENV" value="test" />
    <property name="ant.home" value="/home/travis/build/icyphy/ptII/ant" />
    <property name="env.NVM_DIR" value="/home/travis/.nvm" />
    <property name="env.PERLBREW_BASHRC_VERSION" value="0.80" />
    <property name="env.CERTI_FOM_PATH" value="/home/travis/pthla/certi-tools/share/federations" />
    <property name="env.TRAVIS_BUILD_ID" value="391026539" />
    <property name="env.PYENV_ROOT" value="/opt/pyenv" />
    <property name="env.TRAVIS_UID" value="2000" />
    <property name="env.rvm_pretty_print_flag" value="auto" />
    <property name="env.NVM_BIN" value="/home/travis/.nvm/versions/node/v7.10.1/bin" />
    <property name="env.TRAVIS_COMMIT" value="7c5d3e396679076178f073fbfddd2da57ad67845" />
    <property name="env._system_arch" value="x86_64" />
    <property name="node.executable" value="node" />
    <property name="sun.boot.library.path" value="/usr/lib/jvm/java-8-oracle/jre/lib/amd64" />
    <property name="sun.management.compiler" value="HotSpot 64-Bit Tiered Compilers" />
    <property name="env.GOPATH" value="/home/travis/gopath" />
    <property name="java.awt.graphicsenv" value="sun.awt.X11GraphicsEnvironment" />
    <property name="ptolemy.ptII.dir" value="/home/travis/build/icyphy/ptII" />
    <property name="env.USER" value="travis" />
    <property name="env.HISTFILESIZE" value="2000" />
    <property name="timeout.longest" value="19000000" />
    <property name="env.TRAVIS_STACK_FEATURES" value="basic cassandra chromium couchdb disabled-ipv6 docker docker-compose elasticsearch firefox go-toolchain google-chrome jdk memcached mongodb mysql neo4j nodejs_interpreter perl_interpreter perlbrew phantomjs postgresql python_interpreter rabbitmq redis riak ruby_interpreter sqlite xserver" />
    <property name="env.TRAVIS_PULL_REQUEST" value="false" />
    <property name="env.PYENV_SHELL" value="bash" />
    <property name="ant.project.name" value="ptII" />
    <property name="java.vm.specification.version" value="1.8" />
    <property name="env.CERTI_VERSION" value="4.0.0" />
    <property name="env.NLSPATH" value="/usr/dt/lib/nls/msg/%L/%N.cat" />
    <property name="awt.toolkit" value="sun.awt.X11.XToolkit" />
    <property name="env.CERTI_HOST" value="localhost" />
    <property name="env.MY_RUBY_HOME" value="/home/travis/.rvm/rubies/ruby-2.4.1" />
    <property name="sun.cpu.isalist" value="" />
    <property name="java.ext.dirs" value="/usr/lib/jvm/java-8-oracle/jre/lib/ext:/usr/java/packages/lib/ext" />
    <property name="os.version" value="4.4.0-101-generic" />
    <property name="user.home" value="/home/travis" />
    <property name="env.MIX_ARCHIVES" value="/home/travis/.kiex/mix/elixir-1.4.5" />
    <property name="java.vm.vendor" value="Oracle Corporation" />
    <property name="env.TRAVIS_TAG" value="nightly" />
    <property name="env.TRAVIS_FILTERED" value="redirect_io" />
    <property name="javadoc.excludepackagenames" value="adm.cvs2svn.*,build.*,config.*,doc.coding.templates.*,jni.test.jni.meaningOfLife.*,jni.test.jni.testDeux.*,jni.test.jni.testTrois.*,org.terraswarm.accessor.accessors.web.node_modules.*,org.terraswarm.accessor.accessors.web.hosts.cordova.demo.*,org.terraswarm.accessor.accessors.web.hosts.cordova.plugins.*,org.terraswarm.accessor.accessors-svn.*,pt-modules.*,ptolemy.apps.agilent.*,ptolemy.apps.anytimecontrol.*,ptolemy.apps.apes.*,ptolemy.apps.charon.*,ptolemy.apps.crazyboard.*,ptolemy.apps.eclipse.*,ptolemy.apps.etherealSting.*,ptolemy.apps.fullscreen.*,ptolemy.apps.giotto.*,ptolemy.apps.ia.*,ptolemy.apps.interfaces.*,ptolemy.apps.jmf.*,ptolemy.apps.kurt.*,ptolemy.apps.kvm.*,ptolemy.apps.lego.*,ptolemy.apps.lejos.*,ptolemy.apps.midp.*,ptolemy.apps.mobileCoding.*,ptolemy.apps.pendulum.*,ptolemy.apps.rijndael.*,ptolemy.apps.robot.*,ptolemy.apps.security.*,ptolemy.apps.sobel.*,ptolemy.apps.soot.*,ptolemy.apps.throttle.*,ptolemy.apps.tini.*,ptolemy.apps.transmission.*,ptolemy.apps.vergil.*,ptolemy.apps.waba.*,ptolemy.apps.websensor.*,ptolemy.apps.webstart.*,ptolemy.apps.xsl.*,ptolemy.apps.zaurus.*,ptolemy.backtrack.eclipse.plugin.*,ptolemy.backtrack.test.*,ptolemy.codegen.c.actor.lib.oldJavaFiles.*,ptolemy.codegen.dsp.lib.*,ptolemy.codegen.kernel.newInterfaces.*,ptolemy.codegen.lib.*,ptolemy.copernicus.kernel.fragment.*,ptolemy.copernicus.shallow.cg.*,ptolemy.domains.giotto.demo.Hierarchy.Hierarchy.*,ptolemy.domains.giotto.demo.Multimode.Multimode.*,ptolemy.domains.giotto.demo.Simple.Simple.*,ptolemy.domains.gr.lib.experimental.*,ptolemy.domains.gro.*,ptolemy.domains.pdf.*,ptolemy.domains.ptinyos.demo.Surge.output.*,ptolemy.moml.test.NoPackageActor.java*,ptolemy.plot.adm.*,ptolemy.plot.servlet.*,reports.*,signed.*,src.*,target.*,vendors.*,ptolemy.cg.adapter.generic.program.procedural.c.mbed*,ptolemy.actor.lib.fmi.fmus.omc*,ptolemy.domains.openmodelica*,ptdb.kernel.bl.save.test.*,ptdb.kernel.bl.load.test.*,ptdb.kernel.bl.search.test.*,ptdb.kernel.bl.migration.test.*,ptdb.kernel.database.test.*,ptdb.test.*,ptdb.gui.test.*,org.ptolemy.scala.*,diva.util.java2d.svg.*,ptolemy.domains.ptinyos.*,ptolemy.actor.lib.fmi.fmipp.*,,org.terraswarm.accessor.accessors.web.node_modules.*,org.terraswarm.accessor.accessors-svn,ptolemy.apps.*,ptolemy.actor.ptalon.demo.ptinyos.SendAndReceiveCnt.output,ptolemy.actor.ptalon.demo.ptinyos.SenseToLeds.output,ptolemy.domains.ptinyos.demo.CntToLedsAndRfm.output,ptolemy.domains.ptinyos.demo.RfmToLeds.output,ptolemy.domains.ptinyos.demo.SendAndReceiveCnt.output,ptolemy.domains.ptinyos.demo.SenseToLeds.output,ptolemy.actor.lib.jjs.modules.udpSocket.*" />
    <property name="env.JAVA_HOME" value="/usr/lib/jvm/java-8-oracle" />
    <property name="env.PTII" value="/home/travis/build/icyphy/ptII" />
    <property name="env.TRAVIS_COMMIT_MESSAGE" value="Use Java3D from http://show.docjava.com/book/cgij/code/jnlp/libs/jogl/ for Java 10." />
    <property name="keystore" value="ptKeystore" />
    <property name="env.XDG_SESSION_ID" value="2" />
    <property name="junit.output.dir" value="/home/travis/build/icyphy/ptII/reports/junit" />
    <property name="npm.return.code" value="0" />
    <property name="user.dir" value="/home/travis/build/icyphy/ptII/ptolemy/actor/lib/test" />
    <property name="env.TRAVIS_NODE_VERSION" value="7" />
    <property name="env.XFILESEARCHPATH" value="/usr/dt/app-defaults/%L/Dt" />
    <property name="env.TRAVIS_EVENT_TYPE" value="push" />
    <property name="env.MAIL" value="/var/mail/travis" />
    <property name="env.PWD" value="/home/travis/build/icyphy/ptII" />
    <property name="env.PERLBREW_ROOT" value="/home/travis/perl5/perlbrew" />
    <property name="timeout.npm" value="45000" />
    <property name="env.PAGER" value="cat" />
    <property name="sun.cpu.endian" value="little" />
    <property name="env.TRAVIS_BUILD_STAGE_NAME" value="Test" />
    <property name="env.PERLBREW_HOME" value="/home/travis/.perlbrew" />
    <property name="env.RAILS_ENV" value="test" />
    <property name="java.vm.version" value="25.151-b12" />
    <property name="java.class.path" value="/home/travis/.ptolemyII:/home/travis/.ptolemyII/*:/home/travis/build/icyphy/ptII:/home/travis/build/icyphy/ptII/lib/bsh-2.0b4.jar:/home/travis/build/icyphy/ptII/lib/ptCal.jar:/home/travis/build/icyphy/ptII/lib/java_cup.jar:/home/travis/build/icyphy/ptII/lib/saxon8.jar:/home/travis/build/icyphy/ptII/lib/saxon8-dom.jar:/home/travis/build/icyphy/ptII/lib/chic.jar:/home/travis/build/icyphy/ptII/lib/ptcolt.jar:/usr/lib/jvm/java-8-oracle/lib/tools.jar:/usr/lib/eclipse/plugins/org.eclipse.jdt.core_3.8.2.dist.jar:/usr/lib/eclipse/plugins/org.eclipse.core.runtime_3.8.0.dist.jar:/usr/lib/eclipse/plugins/org.eclipse.osgi_3.8.1.dist.jar:/usr/lib/eclipse/plugins/org.eclipse.core.resources_3.8.1.dist.jar:/usr/lib/eclipse/plugins/org.eclipse.equinox.common_3.6.100.dist.jar:/usr/lib/eclipse/plugins/org.eclipse.core.jobs_3.5.200.dist.jar:/usr/lib/eclipse/plugins/org.eclipse.core.contenttype_3.4.200.dist.jar:/usr/lib/eclipse/plugins/org.eclipse.equinox.preferences_3.5.0.dist.jar:/usr/lib/eclipse/plugins/org.eclipse.text_3.5.200.dist.jar:/usr/lib/eclipse/plugins/org.eclipse.ui.workbench_3.8.1.dist.jar:/usr/lib/eclipse/plugins/org.eclipse.jface_3.8.0.dist.jar:/usr/lib/eclipse/plugins/org.eclipse.swt_3.8.2.jar:/usr/lib/eclipse/plugins/org.eclipse.jface.text_3.8.1.dist.jar:/usr/lib/eclipse/plugins/org.eclipse.ui.workbench.texteditor_3.8.0.dist.jar:/usr/lib/eclipse/plugins/org.eclipse.ui.editors_3.8.0.dist.jar:/usr/lib/eclipse/plugins/org.eclipse.core.commands_3.6.1.dist.jar:/usr/lib/eclipse/plugins/org.eclipse.equinox.registry_3.5.200.dist.jar:/usr/lib/eclipse/plugins/org.eclipse.ui.console_3.5.100.dist.jar:/usr/lib/eclipse/plugins/org.eclipse.ui.forms_3.5.200.dist.jar:/usr/lib/eclipse/plugins/org.eclipse.ui.ide_3.8.1.dist.jar:/home/travis/build/icyphy/ptII/vendors/oracle/dbxml.jar:/home/travis/build/icyphy/ptII/vendors/oracle/db.jar:/home/travis/build/icyphy/ptII/vendors/misc/itext/iText.jar:/home/travis/build/icyphy/ptII/lib/g4ltl.jar:/home/travis/build/icyphy/ptII/lib/StructuralCoder.jar:/home/travis/build/icyphy/ptII/lib/org-openide-util.jar:/home/travis/build/icyphy/ptII/lib/org-openide-util-lookup.jar:/home/travis/build/icyphy/ptII/lib/org-netbeans-api-visual.jar:/home/travis/build/icyphy/ptII/vendors/jai-1_1_2_01/lib/jai_core.jar:/home/travis/build/icyphy/ptII/vendors/jai-1_1_2_01/lib/jai_codec.jar:/home/travis/build/icyphy/ptII/lib/jcerti.jar:/home/travis/build/icyphy/ptII/lib/smack.jar:/home/travis/build/icyphy/ptII/lib/smackx.jar:/home/travis/build/icyphy/ptII/lib/jetty-all-8.1.5-v20120716.jar:/home/travis/build/icyphy/ptII/lib/javax.servlet-api-3.0.1.jar:/home/travis/build/icyphy/ptII/lib/javax.mail.jar:/home/travis/build/icyphy/ptII/vendors/JMF-2.1.1e/lib/jmf.jar:/home/travis/build/icyphy/ptII/lib/jna-4.0.0-variadic.jar:/home/travis/build/icyphy/ptII/vendors/misc/joystick/Joystick.jar:/home/travis/build/icyphy/ptII/lib/ptjacl.jar:/home/travis/build/icyphy/ptII/lib/jsoup-1.8.2.jar:/home/travis/build/icyphy/ptII/lib/junit-4.8.2.jar:/home/travis/build/icyphy/ptII/lib/JUnitParams-0.4.0.jar:/home/travis/build/icyphy/ptII/ptolemy/actor/lib/excel/jxl.jar:/home/travis/build/icyphy/ptII/lib/jython.jar:/home/travis/build/icyphy/ptII/lib/kieler.jar:/home/travis/build/icyphy/ptII/vendors/opencv/share/OpenCV/java/opencv-341.jar:/home/travis/build/icyphy/ptII/lib/oscP5.jar:/home/travis/build/icyphy/ptII/lib/nrjavaserial-3.11.0.devel.jar:/usr/share/java/j3dcore.jar:/usr/share/java/j3dutils.jar:/usr/share/java/vecmath.jar:/home/travis/build/icyphy/ptII/ptolemy/distributed/jini/jar/jini-core.jar:/home/travis/build/icyphy/ptII/ptolemy/distributed/jini/jar/jini-ext.jar:/home/travis/build/icyphy/ptII/ptolemy/distributed/jini/jar/sun-util.jar:/home/travis/build/icyphy/ptII/lib/protobuf-java-2.4.1.jar:/home/travis/build/icyphy/ptII/lib/org.eclipse.paho.client.mqttv3.jar:/home/travis/build/icyphy/ptII/ptserver/lib/hessian-4.0.7.jar:/home/travis/build/icyphy/ptII/ptserver/lib/wmqtt.jar:/home/travis/build/icyphy/ptII/lib/mapss.jar:/home/travis/build/icyphy/ptII/ptolemy/actor/ptalon/antlr/antlr.jar:/home/travis/build/icyphy/ptII/lib/JRI.jar:/home/travis/build/icyphy/ptII/lib/commons-lang-2.6.jar:/home/travis/build/icyphy/ptII/lib/commons-logging-1.1.1.jar:/home/travis/build/icyphy/ptII/lib/sootclasses.jar:/home/travis/build/icyphy/ptII/ptolemy/actor/lib/database/mysql-connector-java-5.1.6-bin.jar:/home/travis/build/icyphy/ptII/vendors/misc/sphinx4/sphinx4-data-5prealpha.jar:/home/travis/build/icyphy/ptII/vendors/misc/sphinx4/sphinx4-core-5prealpha.jar:/home/travis/build/icyphy/ptII/lib/PDFRenderer.jar:/home/travis/build/icyphy/ptII/lib/svgSalamander.jar:/home/travis/build/icyphy/ptII/lib/rsyntaxtextarea-2.6.0-SNAPSHOT.jar:/home/travis/build/icyphy/ptII/lib/hazelcast-3.8.2.jar:/home/travis/build/icyphy/ptII/lib/jackson-annotations-2.9.0.jar:/home/travis/build/icyphy/ptII/lib/jackson-core-2.9.3.jar:/home/travis/build/icyphy/ptII/lib/jackson-databind-2.9.3.jar:/home/travis/build/icyphy/ptII/lib/netty-buffer-4.1.19.Final.jar:/home/travis/build/icyphy/ptII/lib/netty-codec-4.1.19.Final.jar:/home/travis/build/icyphy/ptII/lib/netty-codec-dns-4.1.19.Final.jar:/home/travis/build/icyphy/ptII/lib/netty-codec-http-4.1.19.Final.jar:/home/travis/build/icyphy/ptII/lib/netty-codec-http2-4.1.19.Final.jar:/home/travis/build/icyphy/ptII/lib/netty-common-4.1.19.Final.jar:/home/travis/build/icyphy/ptII/lib/netty-handler-4.1.19.Final.jar:/home/travis/build/icyphy/ptII/lib/netty-resolver-4.1.19.Final.jar:/home/travis/build/icyphy/ptII/lib/netty-resolver-dns-4.1.19.Final.jar:/home/travis/build/icyphy/ptII/lib/netty-transport-4.1.19.Final.jar:/home/travis/build/icyphy/ptII/lib/vertx-codegen-3.5.1.jar:/home/travis/build/icyphy/ptII/lib/vertx-core-3.5.2-SNAPSHOT.jar:/home/travis/build/icyphy/ptII/lib/vertx-hazelcast-3.5.1.jar:/home/travis/build/icyphy/ptII/lib/vertx-lang-js-3.5.1.jar:/home/travis/build/icyphy/ptII/lib/vertx-service-proxy-3.5.1.jar:/home/travis/build/icyphy/ptII/lib/vertx-web-3.5.1.jar:/home/travis/build/icyphy/ptII/lib/slf4j-api-1.7.13.jar:/home/travis/build/icyphy/ptII/lib/slf4j-simple-1.7.13.jar:/home/travis/build/icyphy/ptII/lib/webcam-capture-0.3.12.jar:/home/travis/build/icyphy/ptII/lib/bridj-0.7.0.jar:/home/travis/build/icyphy/ptII/lib/xbjlib-1.1.0.nrjavaserial.jar:/home/travis/build/icyphy/ptII/ptolemy/moml/test:/home/travis/build/icyphy/ptII/ant/lib/ant-launcher.jar:/home/travis/build/icyphy/ptII/ant/lib/ant.jar:/home/travis/build/icyphy/ptII/ant/lib/ant-junit.jar:/home/travis/build/icyphy/ptII/ant/lib/ant-junit4.jar" />
    <property name="ant.library.dir" value="/home/travis/build/icyphy/ptII/ant/lib" />
    <property name="os.arch" value="amd64" />
    <property name="env.TRAVIS_LANGUAGE" value="node_js" />
    <property name="env.CONTINUOUS_INTEGRATION" value="true" />
    <property name="env.TRAVIS_STACK_LANGUAGES" value="__garnet__ c c++ clojure cplusplus cpp default go groovy java node_js php pure_java python ruby scala" />
    <property name="test.name" value="ptolemy.actor.lib.test.junit.JUnitTclTest" />
    <property name="sun.java.launcher" value="SUN_STANDARD" />
    <property name="env.PYTHON_CONFIGURE_OPTS" value="--enable-unicode=ucs4 --with-wide-unicode --enable-shared --enable-ipv6 --enable-loadable-sqlite-extensions --with-computed-gotos" />
    <property name="ant.core.lib" value="/home/travis/build/icyphy/ptII/ant/lib/ant.jar" />
    <property name="java.vm.specification.vendor" value="Oracle Corporation" />
    <property name="env.BCVTB_HOME" value="/home/travis/build/icyphy/ptII/lbnl" />
    <property name="file.separator" value="/" />
    <property name="java.runtime.version" value="1.8.0_151-b12" />
    <property name="spotbugs.home" value="/home/travis/build/icyphy/ptII/vendors/spotbugs-3.1.1" />
    <property name="sun.boot.class.path" value="/usr/lib/jvm/java-8-oracle/jre/lib/resources.jar:/usr/lib/jvm/java-8-oracle/jre/lib/rt.jar:/usr/lib/jvm/java-8-oracle/jre/lib/sunrsasign.jar:/usr/lib/jvm/java-8-oracle/jre/lib/jsse.jar:/usr/lib/jvm/java-8-oracle/jre/lib/jce.jar:/usr/lib/jvm/java-8-oracle/jre/lib/charsets.jar:/usr/lib/jvm/java-8-oracle/jre/lib/jfr.jar:/usr/lib/jvm/java-8-oracle/jre/classes" />
    <property name="env.HAS_JOSH_K_SEAL_OF_APPROVAL" value="true" />
    <property name="env.TRAVIS_OSX_IMAGE" value="" />
    <property name="env.XDG_RUNTIME_DIR" value="/run/user/2000" />
    <property name="env.TRAVIS_BRANCH" value="master" />
    <property name="env.TRAVIS_JOB_ID" value="391026546" />
    <property name="env.CERTI_HOME_TRAVIS" value="/home/travis/pthla/certi-tools" />
    <property name="user.country" value="US" />
    <property name="env.SHELL" value="/bin/bash" />
    <property name="java.maxmemory.large" value="5000m" />
    <property name="model" value="" />
    <property name="env.CASHER_DIR" value="/home/travis/.casher" />
    <property name="env.NVM_CD_FLAGS" value="" />
    <property name="jshint.executable" value="/home/travis/node_modules/jshint/bin/jshint" />
    <property name="java.vendor" value="Oracle Corporation" />
    <property name="env.JRUBY_OPTS" value=" --client -J-XX:+TieredCompilation -J-XX:TieredStopAtLevel=1 -J-Xss2m -Xcompile.invokedynamic=false" />
    <property name="env.TRAVIS_PRE_CHEF_BOOTSTRAP_TIME" value="2017-12-05T19:32:55" />
    <property name="env.TRAVIS_STACK_JOB_BOARD_REGISTER" value="/.job-board-register.yml" />
    <property name="env.ELIXIR_VERSION" value="1.4.5" />
    <property name="java.specification.version" value="1.8" />
    <property name="env.IRBRC" value="/home/travis/.rvm/rubies/ruby-2.4.1/.irbrc" />
    <property name="env.TRAVIS" value="true" />
    <property name="sun.arch.data.model" value="64" />
  </properties>
  <testcase classname="ptolemy.util.test.junit.TclTests" name="[0] /home/travis/build/icyphy/ptII/ptolemy/actor/lib/test/AbsoluteValue.tcl (RunTclFile)" time="0.452" />
  <testcase classname="ptolemy.util.test.junit.TclTests" name="[1] /home/travis/build/icyphy/ptII/ptolemy/actor/lib/test/AddSubtract.tcl (RunTclFile)" time="0.066" />
  <testcase classname="ptolemy.util.test.junit.TclTests" name="[2] /home/travis/build/icyphy/ptII/ptolemy/actor/lib/test/Average.tcl (RunTclFile)" time="0.063" />
  <testcase classname="ptolemy.util.test.junit.TclTests" name="[3] /home/travis/build/icyphy/ptII/ptolemy/actor/lib/test/Bernoulli.tcl (RunTclFile)" time="0.041" />
  <testcase classname="ptolemy.util.test.junit.TclTests" name="[4] /home/travis/build/icyphy/ptII/ptolemy/actor/lib/test/Clock.tcl (RunTclFile)" time="0.062" />
  <testcase classname="ptolemy.util.test.junit.TclTests" name="[5] /home/travis/build/icyphy/ptII/ptolemy/actor/lib/test/Commutator.tcl (RunTclFile)" time="0.094" />
  <testcase classname="ptolemy.util.test.junit.TclTests" name="[6] /home/travis/build/icyphy/ptII/ptolemy/actor/lib/test/Const.tcl (RunTclFile)" time="0.083" />
  <testcase classname="ptolemy.util.test.junit.TclTests" name="[7] /home/travis/build/icyphy/ptII/ptolemy/actor/lib/test/CurrentTime.tcl (RunTclFile)" time="0.036" />
  <testcase classname="ptolemy.util.test.junit.TclTests" name="[8] /home/travis/build/icyphy/ptII/ptolemy/actor/lib/test/DB.tcl (RunTclFile)" time="0.02" />
  <testcase classname="ptolemy.util.test.junit.TclTests" name="[9] /home/travis/build/icyphy/ptII/ptolemy/actor/lib/test/DiscreteRandomSource.tcl (RunTclFile)" time="0.041" />
  <testcase classname="ptolemy.util.test.junit.TclTests" name="[10] /home/travis/build/icyphy/ptII/ptolemy/actor/lib/test/Distributor.tcl (RunTclFile)" time="0.057" />
  <testcase classname="ptolemy.util.test.junit.TclTests" name="[11] /home/travis/build/icyphy/ptII/ptolemy/actor/lib/test/Exit.tcl (RunTclFile)" time="0.066" />
  <testcase classname="ptolemy.util.test.junit.TclTests" name="[12] /home/travis/build/icyphy/ptII/ptolemy/actor/lib/test/Expression.tcl (RunTclFile)" time="0.102" />
  <testcase classname="ptolemy.util.test.junit.TclTests" name="[13] /home/travis/build/icyphy/ptII/ptolemy/actor/lib/test/Gaussian.tcl (RunTclFile)" time="0.689" />
  <testcase classname="ptolemy.util.test.junit.TclTests" name="[14] /home/travis/build/icyphy/ptII/ptolemy/actor/lib/test/IIR.tcl (RunTclFile)" time="0.063" />
  <testcase classname="ptolemy.util.test.junit.TclTests" name="[15] /home/travis/build/icyphy/ptII/ptolemy/actor/lib/test/Interpolator.tcl (RunTclFile)" time="0.106" />
  <testcase classname="ptolemy.util.test.junit.TclTests" name="[16] /home/travis/build/icyphy/ptII/ptolemy/actor/lib/test/MathFunction.tcl (RunTclFile)" time="0.044" />
  <testcase classname="ptolemy.util.test.junit.TclTests" name="[17] /home/travis/build/icyphy/ptII/ptolemy/actor/lib/test/Maximum.tcl (RunTclFile)" time="0.024" />
  <testcase classname="ptolemy.util.test.junit.TclTests" name="[18] /home/travis/build/icyphy/ptII/ptolemy/actor/lib/test/Minimum.tcl (RunTclFile)" time="0.027" />
  <testcase classname="ptolemy.util.test.junit.TclTests" name="[19] /home/travis/build/icyphy/ptII/ptolemy/actor/lib/test/MultiplyDivide.tcl (RunTclFile)" time="0.023" />
  <testcase classname="ptolemy.util.test.junit.TclTests" name="[20] /home/travis/build/icyphy/ptII/ptolemy/actor/lib/test/OrderedMerge.tcl (RunTclFile)" time="0.052" />
  <testcase classname="ptolemy.util.test.junit.TclTests" name="[21] /home/travis/build/icyphy/ptII/ptolemy/actor/lib/test/Publisher.tcl (RunTclFile)" time="0.581" />
  <testcase classname="ptolemy.util.test.junit.TclTests" name="[22] /home/travis/build/icyphy/ptII/ptolemy/actor/lib/test/Pulse.tcl (RunTclFile)" time="0.033" />
  <testcase classname="ptolemy.util.test.junit.TclTests" name="[23] /home/travis/build/icyphy/ptII/ptolemy/actor/lib/test/Ramp.tcl (RunTclFile)" time="1.87" />
  <testcase classname="ptolemy.util.test.junit.TclTests" name="[24] /home/travis/build/icyphy/ptII/ptolemy/actor/lib/test/RampContinuous.tcl (RunTclFile)" time="0.017" />
  <testcase classname="ptolemy.util.test.junit.TclTests" name="[25] /home/travis/build/icyphy/ptII/ptolemy/actor/lib/test/RecordAssembler.tcl (RunTclFile)" time="0.014" />
  <testcase classname="ptolemy.util.test.junit.TclTests" name="[26] /home/travis/build/icyphy/ptII/ptolemy/actor/lib/test/RecordDisassembler.tcl (RunTclFile)" time="0.017" />
  <testcase classname="ptolemy.util.test.junit.TclTests" name="[27] /home/travis/build/icyphy/ptII/ptolemy/actor/lib/test/Scale.tcl (RunTclFile)" time="0.015" />
  <testcase classname="ptolemy.util.test.junit.TclTests" name="[28] /home/travis/build/icyphy/ptII/ptolemy/actor/lib/test/SequentialClock.tcl (RunTclFile)" time="0.011" />
  <testcase classname="ptolemy.util.test.junit.TclTests" name="[29] /home/travis/build/icyphy/ptII/ptolemy/actor/lib/test/SetVariable.tcl (RunTclFile)" time="0.013" />
  <testcase classname="ptolemy.util.test.junit.TclTests" name="[30] /home/travis/build/icyphy/ptII/ptolemy/actor/lib/test/Sinewave.tcl (RunTclFile)" time="0.042" />
  <testcase classname="ptolemy.util.test.junit.TclTests" name="[31] /home/travis/build/icyphy/ptII/ptolemy/actor/lib/test/SubscriptionAggregator.tcl (RunTclFile)" time="1.957" />
  <testcase classname="ptolemy.util.test.junit.TclTests" name="[32] /home/travis/build/icyphy/ptII/ptolemy/actor/lib/test/Test.tcl (RunTclFile)" time="0.098" />
  <testcase classname="ptolemy.util.test.junit.TclTests" name="[33] /home/travis/build/icyphy/ptII/ptolemy/actor/lib/test/TestExceptionHandler.tcl (RunTclFile)" time="0.011" />
  <testcase classname="ptolemy.util.test.junit.TclTests" name="[34] /home/travis/build/icyphy/ptII/ptolemy/actor/lib/test/UnionDisassembler.tcl (RunTclFile)" time="0.085" />
  <testcase classname="ptolemy.util.test.junit.TclTests" name="[35] /home/travis/build/icyphy/ptII/ptolemy/actor/lib/test/VariableClock.tcl (RunTclFile)" time="0.033" />
  <testcase classname="ptolemy.util.test.junit.AutoKnownFailedTests" name="[0] /home/travis/build/icyphy/ptII/ptolemy/actor/lib/test/auto/knownFailedTests/PublisherPortToplevelSubscriber.xml (RunModel)" time="0.019" />
  <testcase classname="ptolemy.util.test.junit.AutoKnownFailedTests" name="[1] /home/travis/build/icyphy/ptII/ptolemy/actor/lib/test/auto/knownFailedTests/PublisherSubscriberPortToplevel.xml (RunModel)" time="0.023" />
  <testcase classname="ptolemy.util.test.junit.AutoKnownFailedTests" name="[2] /home/travis/build/icyphy/ptII/ptolemy/actor/lib/test/auto/knownFailedTests/PublisherSubscriptionAggregatorPort.xml (RunModel)" time="0.028" />
  <testcase classname="ptolemy.util.test.junit.AutoKnownFailedTests" name="[3] /home/travis/build/icyphy/ptII/ptolemy/actor/lib/test/auto/knownFailedTests/sizedarray3.xml (RunModel)" time="0.126" />
  <testcase classname="ptolemy.util.test.junit.AutoNameArchTests" name="[0] ThereAreNoAutoArchTests (RunModel)" time="0.001" />
  <testcase classname="ptolemy.util.test.junit.AutoTests" name="[0] /home/travis/build/icyphy/ptII/ptolemy/actor/lib/test/auto/AbsoluteValue.xml (RunModel)" time="0.094" />
  <testcase classname="ptolemy.util.test.junit.AutoTests" name="[1] /home/travis/build/icyphy/ptII/ptolemy/actor/lib/test/auto/AbsoluteValue2.xml (RunModel)" time="0.064" />
  <testcase classname="ptolemy.util.test.junit.AutoTests" name="[2] /home/travis/build/icyphy/ptII/ptolemy/actor/lib/test/auto/Accumulator.xml (RunModel)" time="0.03" />
  <testcase classname="ptolemy.util.test.junit.AutoTests" name="[3] /home/travis/build/icyphy/ptII/ptolemy/actor/lib/test/auto/Accumulator2.xml (RunModel)" time="0.019" />
  <testcase classname="ptolemy.util.test.junit.AutoTests" name="[4] /home/travis/build/icyphy/ptII/ptolemy/actor/lib/test/auto/Accumulator3.xml (RunModel)" time="0.04" />
  <testcase classname="ptolemy.util.test.junit.AutoTests" name="[5] /home/travis/build/icyphy/ptII/ptolemy/actor/lib/test/auto/ArrayAppend.xml (RunModel)" time="0.062" />
  <testcase classname="ptolemy.util.test.junit.AutoTests" name="[6] /home/travis/build/icyphy/ptII/ptolemy/actor/lib/test/auto/ArrayAppend2.xml (RunModel)" time="0.559" />
  <testcase classname="ptolemy.util.test.junit.AutoTests" name="[7] /home/travis/build/icyphy/ptII/ptolemy/actor/lib/test/auto/ArrayAppend3.xml (RunModel)" time="0.037" />
  <testcase classname="ptolemy.util.test.junit.AutoTests" name="[8] /home/travis/build/icyphy/ptII/ptolemy/actor/lib/test/auto/ArrayAppend4.xml (RunModel)" time="0.033" />
  <testcase classname="ptolemy.util.test.junit.AutoTests" name="[9] /home/travis/build/icyphy/ptII/ptolemy/actor/lib/test/auto/ArrayAppend5.xml (RunModel)" time="0.025" />
  <testcase classname="ptolemy.util.test.junit.AutoTests" name="[10] /home/travis/build/icyphy/ptII/ptolemy/actor/lib/test/auto/ArrayAppend6.xml (RunModel)" time="0.018" />
  <testcase classname="ptolemy.util.test.junit.AutoTests" name="[11] /home/travis/build/icyphy/ptII/ptolemy/actor/lib/test/auto/ArrayAppendPerformanceTest.xml (RunModel)" time="0.055" />
  <testcase classname="ptolemy.util.test.junit.AutoTests" name="[12] /home/travis/build/icyphy/ptII/ptolemy/actor/lib/test/auto/ArrayAppendWithEmptyInput.xml (RunModel)" time="0.052" />
  <testcase classname="ptolemy.util.test.junit.AutoTests" name="[13] /home/travis/build/icyphy/ptII/ptolemy/actor/lib/test/auto/ArrayAverage.xml (RunModel)" time="0.076" />
  <testcase classname="ptolemy.util.test.junit.AutoTests" name="[14] /home/travis/build/icyphy/ptII/ptolemy/actor/lib/test/auto/ArrayContains.xml (RunModel)" time="0.034" />
  <testcase classname="ptolemy.util.test.junit.AutoTests" name="[15] /home/travis/build/icyphy/ptII/ptolemy/actor/lib/test/auto/ArrayElement.xml (RunModel)" time="0.035" />
  <testcase classname="ptolemy.util.test.junit.AutoTests" name="[16] /home/travis/build/icyphy/ptII/ptolemy/actor/lib/test/auto/ArrayElementAsMatrix.xml (RunModel)" time="0.045" />
  <testcase classname="ptolemy.util.test.junit.AutoTests" name="[17] /home/travis/build/icyphy/ptII/ptolemy/actor/lib/test/auto/ArrayElementI.xml (RunModel)" time="0.035" />
  <testcase classname="ptolemy.util.test.junit.AutoTests" name="[18] /home/travis/build/icyphy/ptII/ptolemy/actor/lib/test/auto/ArrayExtract.xml (RunModel)" time="0.031" />
  <testcase classname="ptolemy.util.test.junit.AutoTests" name="[19] /home/travis/build/icyphy/ptII/ptolemy/actor/lib/test/auto/ArrayExtract2.xml (RunModel)" time="0.026" />
  <testcase classname="ptolemy.util.test.junit.AutoTests" name="[20] /home/travis/build/icyphy/ptII/ptolemy/actor/lib/test/auto/ArrayLength.xml (RunModel)" time="0.024" />
  <testcase classname="ptolemy.util.test.junit.AutoTests" name="[21] /home/travis/build/icyphy/ptII/ptolemy/actor/lib/test/auto/ArrayLevelCrossing.xml (RunModel)" time="0.04" />
  <testcase classname="ptolemy.util.test.junit.AutoTests" name="[22] /home/travis/build/icyphy/ptII/ptolemy/actor/lib/test/auto/ArrayLevelCrossing2.xml (RunModel)" time="0.033" />
  <testcase classname="ptolemy.util.test.junit.AutoTests" name="[23] /home/travis/build/icyphy/ptII/ptolemy/actor/lib/test/auto/ArrayPeakSearch.xml (RunModel)" time="0.098" />
  <testcase classname="ptolemy.util.test.junit.AutoTests" name="[24] /home/travis/build/icyphy/ptII/ptolemy/actor/lib/test/auto/ArrayPeakSearch2.xml (RunModel)" time="0.053" />
  <testcase classname="ptolemy.util.test.junit.AutoTests" name="[25] /home/travis/build/icyphy/ptII/ptolemy/actor/lib/test/auto/ArrayPeakSearch3.xml (RunModel)" time="0.032" />
  <testcase classname="ptolemy.util.test.junit.AutoTests" name="[26] /home/travis/build/icyphy/ptII/ptolemy/actor/lib/test/auto/ArrayRemoveElement.xml (RunModel)" time="0.035" />
  <testcase classname="ptolemy.util.test.junit.AutoTests" name="[27] /home/travis/build/icyphy/ptII/ptolemy/actor/lib/test/auto/ArraySort.xml (RunModel)" time="0.031" />
  <testcase classname="ptolemy.util.test.junit.AutoTests" name="[28] /home/travis/build/icyphy/ptII/ptolemy/actor/lib/test/auto/ArraySum.xml (RunModel)" time="0.024" />
  <testcase classname="ptolemy.util.test.junit.AutoTests" name="[29] /home/travis/build/icyphy/ptII/ptolemy/actor/lib/test/auto/ArrayToElements.xml (RunModel)" time="0.027" />
  <testcase classname="ptolemy.util.test.junit.AutoTests" name="[30] /home/travis/build/icyphy/ptII/ptolemy/actor/lib/test/auto/ArrayToMatrix.xml (RunModel)" time="0.065" />
  <testcase classname="ptolemy.util.test.junit.AutoTests" name="[31] /home/travis/build/icyphy/ptII/ptolemy/actor/lib/test/auto/ArrayUpdate1.xml (RunModel)" time="0.018" />
  <testcase classname="ptolemy.util.test.junit.AutoTests" name="[32] /home/travis/build/icyphy/ptII/ptolemy/actor/lib/test/auto/ArrayUpdate2.xml (RunModel)" time="0.025" />
  <testcase classname="ptolemy.util.test.junit.AutoTests" name="[33] /home/travis/build/icyphy/ptII/ptolemy/actor/lib/test/auto/ArrayUpdate3.xml (RunModel)" time="0.017" />
  <testcase classname="ptolemy.util.test.junit.AutoTests" name="[34] /home/travis/build/icyphy/ptII/ptolemy/actor/lib/test/auto/Assert1.xml (RunModel)" time="0.024" />
  <testcase classname="ptolemy.util.test.junit.AutoTests" name="[35] /home/travis/build/icyphy/ptII/ptolemy/actor/lib/test/auto/Assert2.xml (RunModel)" time="0.026" />
  <testcase classname="ptolemy.util.test.junit.AutoTests" name="[36] /home/travis/build/icyphy/ptII/ptolemy/actor/lib/test/auto/BooleanMultiplexor.xml (RunModel)" time="0.021" />
  <testcase classname="ptolemy.util.test.junit.AutoTests" name="[37] /home/travis/build/icyphy/ptII/ptolemy/actor/lib/test/auto/BooleanMultiplexor2.xml (RunModel)" time="0.031" />
  <testcase classname="ptolemy.util.test.junit.AutoTests" name="[38] /home/travis/build/icyphy/ptII/ptolemy/actor/lib/test/auto/BooleanMultiplexor3.xml (RunModel)" time="0.021" />
  <testcase classname="ptolemy.util.test.junit.AutoTests" name="[39] /home/travis/build/icyphy/ptII/ptolemy/actor/lib/test/auto/BooleanSelect.xml (RunModel)" time="0.032" />
  <testcase classname="ptolemy.util.test.junit.AutoTests" name="[40] /home/travis/build/icyphy/ptII/ptolemy/actor/lib/test/auto/BooleanSelect2.xml (RunModel)" time="0.013" />
  <testcase classname="ptolemy.util.test.junit.AutoTests" name="[41] /home/travis/build/icyphy/ptII/ptolemy/actor/lib/test/auto/BooleanSwitch.xml (RunModel)" time="0.018" />
  <testcase classname="ptolemy.util.test.junit.AutoTests" name="[42] /home/travis/build/icyphy/ptII/ptolemy/actor/lib/test/auto/BooleanSwitch2.xml (RunModel)" time="0.015" />
  <testcase classname="ptolemy.util.test.junit.AutoTests" name="[43] /home/travis/build/icyphy/ptII/ptolemy/actor/lib/test/auto/BooleanSwitchCloningBugWithClassRelationGroup.xml (RunModel)" time="0.031" />
  <testcase classname="ptolemy.util.test.junit.AutoTests" name="[44] /home/travis/build/icyphy/ptII/ptolemy/actor/lib/test/auto/BusActors.xml (RunModel)" time="0.036" />
  <testcase classname="ptolemy.util.test.junit.AutoTests" name="[45] /home/travis/build/icyphy/ptII/ptolemy/actor/lib/test/auto/ClassWrapper.xml (RunModel)" time="0.011" />
  <testcase classname="ptolemy.util.test.junit.AutoTests" name="[46] /home/travis/build/icyphy/ptII/ptolemy/actor/lib/test/auto/Clock.xml (RunModel)" time="0.009" />
  <testcase classname="ptolemy.util.test.junit.AutoTests" name="[47] /home/travis/build/icyphy/ptII/ptolemy/actor/lib/test/auto/Clock10.xml (RunModel)" time="0.019" />
  <testcase classname="ptolemy.util.test.junit.AutoTests" name="[48] /home/travis/build/icyphy/ptII/ptolemy/actor/lib/test/auto/Clock11.xml (RunModel)" time="0.019" />
  <testcase classname="ptolemy.util.test.junit.AutoTests" name="[49] /home/travis/build/icyphy/ptII/ptolemy/actor/lib/test/auto/Clock12.xml (RunModel)" time="0.017" />
  <testcase classname="ptolemy.util.test.junit.AutoTests" name="[50] /home/travis/build/icyphy/ptII/ptolemy/actor/lib/test/auto/Clock13.xml (RunModel)" time="0.022" />
  <testcase classname="ptolemy.util.test.junit.AutoTests" name="[51] /home/travis/build/icyphy/ptII/ptolemy/actor/lib/test/auto/Clock14.xml (RunModel)" time="0.03" />
  <testcase classname="ptolemy.util.test.junit.AutoTests" name="[52] /home/travis/build/icyphy/ptII/ptolemy/actor/lib/test/auto/Clock15.xml (RunModel)" time="0.015" />
  <testcase classname="ptolemy.util.test.junit.AutoTests" name="[53] /home/travis/build/icyphy/ptII/ptolemy/actor/lib/test/auto/Clock16.xml (RunModel)" time="0.09" />
  <testcase classname="ptolemy.util.test.junit.AutoTests" name="[54] /home/travis/build/icyphy/ptII/ptolemy/actor/lib/test/auto/Clock17.xml (RunModel)" time="0.077" />
  <testcase classname="ptolemy.util.test.junit.AutoTests" name="[55] /home/travis/build/icyphy/ptII/ptolemy/actor/lib/test/auto/Clock18.xml (RunModel)" time="0.049" />
  <testcase classname="ptolemy.util.test.junit.AutoTests" name="[56] /home/travis/build/icyphy/ptII/ptolemy/actor/lib/test/auto/Clock19.xml (RunModel)" time="0.053" />
  <testcase classname="ptolemy.util.test.junit.AutoTests" name="[57] /home/travis/build/icyphy/ptII/ptolemy/actor/lib/test/auto/Clock2.xml (RunModel)" time="0.015" />
  <testcase classname="ptolemy.util.test.junit.AutoTests" name="[58] /home/travis/build/icyphy/ptII/ptolemy/actor/lib/test/auto/Clock20.xml (RunModel)" time="0.024" />
  <testcase classname="ptolemy.util.test.junit.AutoTests" name="[59] /home/travis/build/icyphy/ptII/ptolemy/actor/lib/test/auto/Clock21.xml (RunModel)" time="0.019" />
  <testcase classname="ptolemy.util.test.junit.AutoTests" name="[60] /home/travis/build/icyphy/ptII/ptolemy/actor/lib/test/auto/Clock22.xml (RunModel)" time="0.021" />
  <testcase classname="ptolemy.util.test.junit.AutoTests" name="[61] /home/travis/build/icyphy/ptII/ptolemy/actor/lib/test/auto/Clock23.xml (RunModel)" time="0.02" />
  <testcase classname="ptolemy.util.test.junit.AutoTests" name="[62] /home/travis/build/icyphy/ptII/ptolemy/actor/lib/test/auto/Clock24.xml (RunModel)" time="0.019" />
  <testcase classname="ptolemy.util.test.junit.AutoTests" name="[63] /home/travis/build/icyphy/ptII/ptolemy/actor/lib/test/auto/Clock4.xml (RunModel)" time="0.012" />
  <testcase classname="ptolemy.util.test.junit.AutoTests" name="[64] /home/travis/build/icyphy/ptII/ptolemy/actor/lib/test/auto/Clock5.xml (RunModel)" time="0.016" />
  <testcase classname="ptolemy.util.test.junit.AutoTests" name="[65] /home/travis/build/icyphy/ptII/ptolemy/actor/lib/test/auto/Clock6.xml (RunModel)" time="0.014" />
  <testcase classname="ptolemy.util.test.junit.AutoTests" name="[66] /home/travis/build/icyphy/ptII/ptolemy/actor/lib/test/auto/Clock7.xml (RunModel)" time="0.012" />
  <testcase classname="ptolemy.util.test.junit.AutoTests" name="[67] /home/travis/build/icyphy/ptII/ptolemy/actor/lib/test/auto/Clock8.xml (RunModel)" time="0.018" />
  <testcase classname="ptolemy.util.test.junit.AutoTests" name="[68] /home/travis/build/icyphy/ptII/ptolemy/actor/lib/test/auto/Clock9.xml (RunModel)" time="0.018" />
  <testcase classname="ptolemy.util.test.junit.AutoTests" name="[69] /home/travis/build/icyphy/ptII/ptolemy/actor/lib/test/auto/CommDistDiscard.xml (RunModel)" time="0.025" />
  <testcase classname="ptolemy.util.test.junit.AutoTests" name="[70] /home/travis/build/icyphy/ptII/ptolemy/actor/lib/test/auto/Commutator.xml (RunModel)" time="0.016" />
  <testcase classname="ptolemy.util.test.junit.AutoTests" name="[71] /home/travis/build/icyphy/ptII/ptolemy/actor/lib/test/auto/Commutator2.xml (RunModel)" time="0.014" />
  <testcase classname="ptolemy.util.test.junit.AutoTests" name="[72] /home/travis/build/icyphy/ptII/ptolemy/actor/lib/test/auto/Commutator3.xml (RunModel)" time="0.014" />
  <testcase classname="ptolemy.util.test.junit.AutoTests" name="[73] /home/travis/build/icyphy/ptII/ptolemy/actor/lib/test/auto/Compare.xml (RunModel)" time="0.023" />
  <testcase classname="ptolemy.util.test.junit.AutoTests" name="[74] /home/travis/build/icyphy/ptII/ptolemy/actor/lib/test/auto/CompareDE.xml (RunModel)" time="0.02" />
  <testcase classname="ptolemy.util.test.junit.AutoTests" name="[75] /home/travis/build/icyphy/ptII/ptolemy/actor/lib/test/auto/ComplexDivide.xml (RunModel)" time="0.01" />
  <testcase classname="ptolemy.util.test.junit.AutoTests" name="[76] /home/travis/build/icyphy/ptII/ptolemy/actor/lib/test/auto/ComputeHistogram.xml (RunModel)" time="0.073" />
  <testcase classname="ptolemy.util.test.junit.AutoTests" name="[77] /home/travis/build/icyphy/ptII/ptolemy/actor/lib/test/auto/ConfigurationSelect.xml (RunModel)" time="0.023" />
  <testcase classname="ptolemy.util.test.junit.AutoTests" name="[78] /home/travis/build/icyphy/ptII/ptolemy/actor/lib/test/auto/ConfigurationSelect2.xml (RunModel)" time="0.014" />
  <testcase classname="ptolemy.util.test.junit.AutoTests" name="[79] /home/travis/build/icyphy/ptII/ptolemy/actor/lib/test/auto/ConfigurationSwitch.xml (RunModel)" time="0.027" />
  <testcase classname="ptolemy.util.test.junit.AutoTests" name="[80] /home/travis/build/icyphy/ptII/ptolemy/actor/lib/test/auto/ConfigurationSwitch2.xml (RunModel)" time="0.018" />
  <testcase classname="ptolemy.util.test.junit.AutoTests" name="[81] /home/travis/build/icyphy/ptII/ptolemy/actor/lib/test/auto/ConfigurationSwitchCloningBugWithClassRelationGroup.xml (RunModel)" time="0.021" />
  <testcase classname="ptolemy.util.test.junit.AutoTests" name="[82] /home/travis/build/icyphy/ptII/ptolemy/actor/lib/test/auto/ConfigurationSwitchSelectSDF.xml (RunModel)" time="0.017" />
  <testcase classname="ptolemy.util.test.junit.AutoTests" name="[83] /home/travis/build/icyphy/ptII/ptolemy/actor/lib/test/auto/ConfigurationSwitchSelectSDF2.xml (RunModel)" time="0.013" />
  <testcase classname="ptolemy.util.test.junit.AutoTests" name="[84] /home/travis/build/icyphy/ptII/ptolemy/actor/lib/test/auto/Const.xml (RunModel)" time="0.006" />
  <testcase classname="ptolemy.util.test.junit.AutoTests" name="[85] /home/travis/build/icyphy/ptII/ptolemy/actor/lib/test/auto/Const2.xml (RunModel)" time="0.016" />
  <testcase classname="ptolemy.util.test.junit.AutoTests" name="[86] /home/travis/build/icyphy/ptII/ptolemy/actor/lib/test/auto/Const3.xml (RunModel)" time="0.007" />
  <testcase classname="ptolemy.util.test.junit.AutoTests" name="[87] /home/travis/build/icyphy/ptII/ptolemy/actor/lib/test/auto/ConstantPublisherPort1.xml (RunModel)" time="0.024" />
  <testcase classname="ptolemy.util.test.junit.AutoTests" name="[88] /home/travis/build/icyphy/ptII/ptolemy/actor/lib/test/auto/ConstantPublisherPort2.xml (RunModel)" time="0.024" />
  <testcase classname="ptolemy.util.test.junit.AutoTests" name="[89] /home/travis/build/icyphy/ptII/ptolemy/actor/lib/test/auto/ConstantPublisherPort3.xml (RunModel)" time="0.022" />
  <testcase classname="ptolemy.util.test.junit.AutoTests" name="[90] /home/travis/build/icyphy/ptII/ptolemy/actor/lib/test/auto/ConstantPublisherPort4.xml (RunModel)" time="0.016" />
  <testcase classname="ptolemy.util.test.junit.AutoTests" name="[91] /home/travis/build/icyphy/ptII/ptolemy/actor/lib/test/auto/ConstantPublisherPort5.xml (RunModel)" time="0.044" />
  <testcase classname="ptolemy.util.test.junit.AutoTests" name="[92] /home/travis/build/icyphy/ptII/ptolemy/actor/lib/test/auto/ConstantPublisherPort6.xml (RunModel)" time="0.034" />
  <testcase classname="ptolemy.util.test.junit.AutoTests" name="[93] /home/travis/build/icyphy/ptII/ptolemy/actor/lib/test/auto/ConstantPublisherPort7.xml (RunModel)" time="0.026" />
  <testcase classname="ptolemy.util.test.junit.AutoTests" name="[94] /home/travis/build/icyphy/ptII/ptolemy/actor/lib/test/auto/ConstraintMonitor1.xml (RunModel)" time="0.032" />
  <testcase classname="ptolemy.util.test.junit.AutoTests" name="[95] /home/travis/build/icyphy/ptII/ptolemy/actor/lib/test/auto/ConstraintMonitor2.xml (RunModel)" time="0.015" />
  <testcase classname="ptolemy.util.test.junit.AutoTests" name="[96] /home/travis/build/icyphy/ptII/ptolemy/actor/lib/test/auto/ConstraintMonitor3.xml (RunModel)" time="0.013" />
  <testcase classname="ptolemy.util.test.junit.AutoTests" name="[97] /home/travis/build/icyphy/ptII/ptolemy/actor/lib/test/auto/ConstraintMonitor4.xml (RunModel)" time="0.011" />
  <testcase classname="ptolemy.util.test.junit.AutoTests" name="[98] /home/travis/build/icyphy/ptII/ptolemy/actor/lib/test/auto/ConstraintMonitor5.xml (RunModel)" time="0.013" />
  <testcase classname="ptolemy.util.test.junit.AutoTests" name="[99] /home/travis/build/icyphy/ptII/ptolemy/actor/lib/test/auto/ConstraintMonitor6.xml (RunModel)" time="0.018" />
  <testcase classname="ptolemy.util.test.junit.AutoTests" name="[100] /home/travis/build/icyphy/ptII/ptolemy/actor/lib/test/auto/ConstraintMonitor7.xml (RunModel)" time="0.017" />
  <testcase classname="ptolemy.util.test.junit.AutoTests" name="[101] /home/travis/build/icyphy/ptII/ptolemy/actor/lib/test/auto/ConstraintMonitor8.xml (RunModel)" time="0.02" />
  <testcase classname="ptolemy.util.test.junit.AutoTests" name="[102] /home/travis/build/icyphy/ptII/ptolemy/actor/lib/test/auto/Counter.xml (RunModel)" time="0.019" />
  <testcase classname="ptolemy.util.test.junit.AutoTests" name="[103] /home/travis/build/icyphy/ptII/ptolemy/actor/lib/test/auto/CurrentTimeSDF.xml (RunModel)" time="0.009" />
  <testcase classname="ptolemy.util.test.junit.AutoTests" name="[104] /home/travis/build/icyphy/ptII/ptolemy/actor/lib/test/auto/DB.xml (RunModel)" time="0.013" />
  <testcase classname="ptolemy.util.test.junit.AutoTests" name="[105] /home/travis/build/icyphy/ptII/ptolemy/actor/lib/test/auto/DBDE.xml (RunModel)" time="0.014" />
  <testcase classname="ptolemy.util.test.junit.AutoTests" name="[106] /home/travis/build/icyphy/ptII/ptolemy/actor/lib/test/auto/DateConstructor.xml (RunModel)" time="0.058" />
  <testcase classname="ptolemy.util.test.junit.AutoTests" name="[107] /home/travis/build/icyphy/ptII/ptolemy/actor/lib/test/auto/DelayTime.xml (RunModel)" time="0.016" />
  <testcase classname="ptolemy.util.test.junit.AutoTests" name="[108] /home/travis/build/icyphy/ptII/ptolemy/actor/lib/test/auto/Dictionary1.xml (RunModel)" time="0.016" />
  <testcase classname="ptolemy.util.test.junit.AutoTests" name="[109] /home/travis/build/icyphy/ptII/ptolemy/actor/lib/test/auto/Dictionary2.xml (RunModel)" time="0.017" />
  <testcase classname="ptolemy.util.test.junit.AutoTests" name="[110] /home/travis/build/icyphy/ptII/ptolemy/actor/lib/test/auto/Dictionary3.xml (RunModel)" time="0.011" />
  <testcase classname="ptolemy.util.test.junit.AutoTests" name="[111] /home/travis/build/icyphy/ptII/ptolemy/actor/lib/test/auto/Dictionary4.xml (RunModel)" time="0.02" />
  <testcase classname="ptolemy.util.test.junit.AutoTests" name="[112] /home/travis/build/icyphy/ptII/ptolemy/actor/lib/test/auto/Differential.xml (RunModel)" time="0.014" />
  <testcase classname="ptolemy.util.test.junit.AutoTests" name="[113] /home/travis/build/icyphy/ptII/ptolemy/actor/lib/test/auto/Director.xml (RunModel)" time="0.009" />
  <testcase classname="ptolemy.util.test.junit.AutoTests" name="[114] /home/travis/build/icyphy/ptII/ptolemy/actor/lib/test/auto/DiscreteClock.xml (RunModel)" time="0.008" />
  <testcase classname="ptolemy.util.test.junit.AutoTests" name="[115] /home/travis/build/icyphy/ptII/ptolemy/actor/lib/test/auto/DiscreteClock10.xml (RunModel)" time="0.014" />
  <testcase classname="ptolemy.util.test.junit.AutoTests" name="[116] /home/travis/build/icyphy/ptII/ptolemy/actor/lib/test/auto/DiscreteClock11.xml (RunModel)" time="0.013" />
  <testcase classname="ptolemy.util.test.junit.AutoTests" name="[117] /home/travis/build/icyphy/ptII/ptolemy/actor/lib/test/auto/DiscreteClock12.xml (RunModel)" time="0.015" />
  <testcase classname="ptolemy.util.test.junit.AutoTests" name="[118] /home/travis/build/icyphy/ptII/ptolemy/actor/lib/test/auto/DiscreteClock13.xml (RunModel)" time="0.015" />
  <testcase classname="ptolemy.util.test.junit.AutoTests" name="[119] /home/travis/build/icyphy/ptII/ptolemy/actor/lib/test/auto/DiscreteClock14.xml (RunModel)" time="0.013" />
  <testcase classname="ptolemy.util.test.junit.AutoTests" name="[120] /home/travis/build/icyphy/ptII/ptolemy/actor/lib/test/auto/DiscreteClock15.xml (RunModel)" time="0.012" />
  <testcase classname="ptolemy.util.test.junit.AutoTests" name="[121] /home/travis/build/icyphy/ptII/ptolemy/actor/lib/test/auto/DiscreteClock16.xml (RunModel)" time="0.044" />
  <testcase classname="ptolemy.util.test.junit.AutoTests" name="[122] /home/travis/build/icyphy/ptII/ptolemy/actor/lib/test/auto/DiscreteClock17.xml (RunModel)" time="0.034" />
  <testcase classname="ptolemy.util.test.junit.AutoTests" name="[123] /home/travis/build/icyphy/ptII/ptolemy/actor/lib/test/auto/DiscreteClock18.xml (RunModel)" time="0.048" />
  <testcase classname="ptolemy.util.test.junit.AutoTests" name="[124] /home/travis/build/icyphy/ptII/ptolemy/actor/lib/test/auto/DiscreteClock19.xml (RunModel)" time="0.047" />
  <testcase classname="ptolemy.util.test.junit.AutoTests" name="[125] /home/travis/build/icyphy/ptII/ptolemy/actor/lib/test/auto/DiscreteClock2.xml (RunModel)" time="0.013" />
  <testcase classname="ptolemy.util.test.junit.AutoTests" name="[126] /home/travis/build/icyphy/ptII/ptolemy/actor/lib/test/auto/DiscreteClock20.xml (RunModel)" time="0.018" />
  <testcase classname="ptolemy.util.test.junit.AutoTests" name="[127] /home/travis/build/icyphy/ptII/ptolemy/actor/lib/test/auto/DiscreteClock21.xml (RunModel)" time="0.019" />
  <testcase classname="ptolemy.util.test.junit.AutoTests" name="[128] /home/travis/build/icyphy/ptII/ptolemy/actor/lib/test/auto/DiscreteClock22.xml (RunModel)" time="0.015" />
  <testcase classname="ptolemy.util.test.junit.AutoTests" name="[129] /home/travis/build/icyphy/ptII/ptolemy/actor/lib/test/auto/DiscreteClock23.xml (RunModel)" time="0.018" />
  <testcase classname="ptolemy.util.test.junit.AutoTests" name="[130] /home/travis/build/icyphy/ptII/ptolemy/actor/lib/test/auto/DiscreteClock24.xml (RunModel)" time="0.017" />
  <testcase classname="ptolemy.util.test.junit.AutoTests" name="[131] /home/travis/build/icyphy/ptII/ptolemy/actor/lib/test/auto/DiscreteClock4.xml (RunModel)" time="0.012" />
  <testcase classname="ptolemy.util.test.junit.AutoTests" name="[132] /home/travis/build/icyphy/ptII/ptolemy/actor/lib/test/auto/DiscreteClock5.xml (RunModel)" time="0.009" />
  <testcase classname="ptolemy.util.test.junit.AutoTests" name="[133] /home/travis/build/icyphy/ptII/ptolemy/actor/lib/test/auto/DiscreteClock6.xml (RunModel)" time="0.018" />
  <testcase classname="ptolemy.util.test.junit.AutoTests" name="[134] /home/travis/build/icyphy/ptII/ptolemy/actor/lib/test/auto/DiscreteClock7.xml (RunModel)" time="0.01" />
  <testcase classname="ptolemy.util.test.junit.AutoTests" name="[135] /home/travis/build/icyphy/ptII/ptolemy/actor/lib/test/auto/DiscreteClock8.xml (RunModel)" time="0.01" />
  <testcase classname="ptolemy.util.test.junit.AutoTests" name="[136] /home/travis/build/icyphy/ptII/ptolemy/actor/lib/test/auto/DiscreteClock9.xml (RunModel)" time="0.011" />
  <testcase classname="ptolemy.util.test.junit.AutoTests" name="[137] /home/travis/build/icyphy/ptII/ptolemy/actor/lib/test/auto/DisplayArray.xml (RunModel)" time="0.018" />
  <testcase classname="ptolemy.util.test.junit.AutoTests" name="[138] /home/travis/build/icyphy/ptII/ptolemy/actor/lib/test/auto/Distributor.xml (RunModel)" time="0.476" />
  <testcase classname="ptolemy.util.test.junit.AutoTests" name="[139] /home/travis/build/icyphy/ptII/ptolemy/actor/lib/test/auto/Distributor2.xml (RunModel)" time="0.012" />
  <testcase classname="ptolemy.util.test.junit.AutoTests" name="[140] /home/travis/build/icyphy/ptII/ptolemy/actor/lib/test/auto/DownSample.xml (RunModel)" time="0.009" />
  <testcase classname="ptolemy.util.test.junit.AutoTests" name="[141] /home/travis/build/icyphy/ptII/ptolemy/actor/lib/test/auto/ElectronicUnitBase1.xml (RunModel)" time="0.063" />
  <testcase classname="ptolemy.util.test.junit.AutoTests" name="[142] /home/travis/build/icyphy/ptII/ptolemy/actor/lib/test/auto/ElementsToArray.xml (RunModel)" time="0.01" />
  <testcase classname="ptolemy.util.test.junit.AutoTests" name="[143] /home/travis/build/icyphy/ptII/ptolemy/actor/lib/test/auto/Equals.xml (RunModel)" time="0.013" />
  <testcase classname="ptolemy.util.test.junit.AutoTests" name="[144] /home/travis/build/icyphy/ptII/ptolemy/actor/lib/test/auto/Exec.xml (RunModel)" time="0.027" />
  <testcase classname="ptolemy.util.test.junit.AutoTests" name="[145] /home/travis/build/icyphy/ptII/ptolemy/actor/lib/test/auto/ExecEnvironment.xml (RunModel)" time="0.034" />
  <testcase classname="ptolemy.util.test.junit.AutoTests" name="[146] /home/travis/build/icyphy/ptII/ptolemy/actor/lib/test/auto/ExecNonZeroReturnOutput.xml (RunModel)" time="0.156" />
  <testcase classname="ptolemy.util.test.junit.AutoTests" name="[147] /home/travis/build/icyphy/ptII/ptolemy/actor/lib/test/auto/ExecRunDemos.xml (RunModel)" time="9.205" />
  <testcase classname="ptolemy.util.test.junit.AutoTests" name="[148] /home/travis/build/icyphy/ptII/ptolemy/actor/lib/test/auto/ExecStop.xml (RunModel)" time="5.028" />
  <testcase classname="ptolemy.util.test.junit.AutoTests" name="[149] /home/travis/build/icyphy/ptII/ptolemy/actor/lib/test/auto/ExecutionTimeSDF.xml (RunModel)" time="6.025" />
  <testcase classname="ptolemy.util.test.junit.AutoTests" name="[150] /home/travis/build/icyphy/ptII/ptolemy/actor/lib/test/auto/Expression1.xml (RunModel)" time="0.007" />
  <testcase classname="ptolemy.util.test.junit.AutoTests" name="[151] /home/travis/build/icyphy/ptII/ptolemy/actor/lib/test/auto/Expression10.xml (RunModel)" time="0.029" />
  <testcase classname="ptolemy.util.test.junit.AutoTests" name="[152] /home/travis/build/icyphy/ptII/ptolemy/actor/lib/test/auto/Expression11.xml (RunModel)" time="0.018" />
  <testcase classname="ptolemy.util.test.junit.AutoTests" name="[153] /home/travis/build/icyphy/ptII/ptolemy/actor/lib/test/auto/Expression12.xml (RunModel)" time="0.014" />
  <testcase classname="ptolemy.util.test.junit.AutoTests" name="[154] /home/travis/build/icyphy/ptII/ptolemy/actor/lib/test/auto/Expression13.xml (RunModel)" time="0.014" />
  <testcase classname="ptolemy.util.test.junit.AutoTests" name="[155] /home/travis/build/icyphy/ptII/ptolemy/actor/lib/test/auto/Expression14.xml (RunModel)" time="0.02" />
  <testcase classname="ptolemy.util.test.junit.AutoTests" name="[156] /home/travis/build/icyphy/ptII/ptolemy/actor/lib/test/auto/Expression15.xml (RunModel)" time="0.009" />
  <testcase classname="ptolemy.util.test.junit.AutoTests" name="[157] /home/travis/build/icyphy/ptII/ptolemy/actor/lib/test/auto/Expression16.xml (RunModel)" time="0.013" />
  <testcase classname="ptolemy.util.test.junit.AutoTests" name="[158] /home/travis/build/icyphy/ptII/ptolemy/actor/lib/test/auto/Expression17.xml (RunModel)" time="0.014" />
  <testcase classname="ptolemy.util.test.junit.AutoTests" name="[159] /home/travis/build/icyphy/ptII/ptolemy/actor/lib/test/auto/Expression18.xml (RunModel)" time="0.014" />
  <testcase classname="ptolemy.util.test.junit.AutoTests" name="[160] /home/travis/build/icyphy/ptII/ptolemy/actor/lib/test/auto/Expression2.xml (RunModel)" time="0.017" />
  <testcase classname="ptolemy.util.test.junit.AutoTests" name="[161] /home/travis/build/icyphy/ptII/ptolemy/actor/lib/test/auto/Expression3.xml (RunModel)" time="0.014" />
  <testcase classname="ptolemy.util.test.junit.AutoTests" name="[162] /home/travis/build/icyphy/ptII/ptolemy/actor/lib/test/auto/Expression4.xml (RunModel)" time="0.018" />
  <testcase classname="ptolemy.util.test.junit.AutoTests" name="[163] /home/travis/build/icyphy/ptII/ptolemy/actor/lib/test/auto/Expression5.xml (RunModel)" time="0.014" />
  <testcase classname="ptolemy.util.test.junit.AutoTests" name="[164] /home/travis/build/icyphy/ptII/ptolemy/actor/lib/test/auto/Expression6.xml (RunModel)" time="0.01" />
  <testcase classname="ptolemy.util.test.junit.AutoTests" name="[165] /home/travis/build/icyphy/ptII/ptolemy/actor/lib/test/auto/Expression7.xml (RunModel)" time="0.014" />
  <testcase classname="ptolemy.util.test.junit.AutoTests" name="[166] /home/travis/build/icyphy/ptII/ptolemy/actor/lib/test/auto/Expression8.xml (RunModel)" time="0.018" />
  <testcase classname="ptolemy.util.test.junit.AutoTests" name="[167] /home/travis/build/icyphy/ptII/ptolemy/actor/lib/test/auto/Expression9.xml (RunModel)" time="0.01" />
  <testcase classname="ptolemy.util.test.junit.AutoTests" name="[168] /home/travis/build/icyphy/ptII/ptolemy/actor/lib/test/auto/ExpressionConcatenateArrayType.xml (RunModel)" time="0.028" />
  <testcase classname="ptolemy.util.test.junit.AutoTests" name="[169] /home/travis/build/icyphy/ptII/ptolemy/actor/lib/test/auto/ExpressionConcatenateArrayType2.xml (RunModel)" time="0.023" />
  <testcase classname="ptolemy.util.test.junit.AutoTests" name="[170] /home/travis/build/icyphy/ptII/ptolemy/actor/lib/test/auto/ExpressionFix.xml (RunModel)" time="0.046" />
  <testcase classname="ptolemy.util.test.junit.AutoTests" name="[171] /home/travis/build/icyphy/ptII/ptolemy/actor/lib/test/auto/ExpressionFix2.xml (RunModel)" time="0.013" />
  <testcase classname="ptolemy.util.test.junit.AutoTests" name="[172] /home/travis/build/icyphy/ptII/ptolemy/actor/lib/test/auto/ExpressionFix3.xml (RunModel)" time="0.015" />
  <testcase classname="ptolemy.util.test.junit.AutoTests" name="[173] /home/travis/build/icyphy/ptII/ptolemy/actor/lib/test/auto/FileWriter1.xml (RunModel)" time="0.011" />
  <testcase classname="ptolemy.util.test.junit.AutoTests" name="[174] /home/travis/build/icyphy/ptII/ptolemy/actor/lib/test/auto/FileWriter2.xml (RunModel)" time="0.014" />
  <testcase classname="ptolemy.util.test.junit.AutoTests" name="[175] /home/travis/build/icyphy/ptII/ptolemy/actor/lib/test/auto/FileWriter3.xml (RunModel)" time="0.013" />
  <testcase classname="ptolemy.util.test.junit.AutoTests" name="[176] /home/travis/build/icyphy/ptII/ptolemy/actor/lib/test/auto/Gaussian.xml (RunModel)" time="0.015" />
  <testcase classname="ptolemy.util.test.junit.AutoTests" name="[177] /home/travis/build/icyphy/ptII/ptolemy/actor/lib/test/auto/Gaussian1.xml (RunModel)" time="0.015" />
  <testcase classname="ptolemy.util.test.junit.AutoTests" name="[178] /home/travis/build/icyphy/ptII/ptolemy/actor/lib/test/auto/Gaussian2.xml (RunModel)" time="0.021" />
  <testcase classname="ptolemy.util.test.junit.AutoTests" name="[179] /home/travis/build/icyphy/ptII/ptolemy/actor/lib/test/auto/GradientAdaptiveLattice.xml (RunModel)" time="0.034" />
  <testcase classname="ptolemy.util.test.junit.AutoTests" name="[180] /home/travis/build/icyphy/ptII/ptolemy/actor/lib/test/auto/IIR.xml (RunModel)" time="0.015" />
  <testcase classname="ptolemy.util.test.junit.AutoTests" name="[181] /home/travis/build/icyphy/ptII/ptolemy/actor/lib/test/auto/InputOutputTransparentPorts.xml (RunModel)" time="0.022" />
  <testcase classname="ptolemy.util.test.junit.AutoTests" name="[182] /home/travis/build/icyphy/ptII/ptolemy/actor/lib/test/auto/Interpolator.xml (RunModel)" time="0.012" />
  <testcase classname="ptolemy.util.test.junit.AutoTests" name="[183] /home/travis/build/icyphy/ptII/ptolemy/actor/lib/test/auto/InterpolatorFiringLimitDE.xml (RunModel)" time="0.013" />
  <testcase classname="ptolemy.util.test.junit.AutoTests" name="[184] /home/travis/build/icyphy/ptII/ptolemy/actor/lib/test/auto/Lattice.xml (RunModel)" time="0.008" />
  <testcase classname="ptolemy.util.test.junit.AutoTests" name="[185] /home/travis/build/icyphy/ptII/ptolemy/actor/lib/test/auto/LazyAOCTestLazy.xml (RunModel)" time="0.022" />
  <testcase classname="ptolemy.util.test.junit.AutoTests" name="[186] /home/travis/build/icyphy/ptII/ptolemy/actor/lib/test/auto/LazyAOCTestNonLazy.xml (RunModel)" time="0.05" />
  <testcase classname="ptolemy.util.test.junit.AutoTests" name="[187] /home/travis/build/icyphy/ptII/ptolemy/actor/lib/test/auto/LazyInnerClass.xml (RunModel)" time="0.035" />
  <testcase classname="ptolemy.util.test.junit.AutoTests" name="[188] /home/travis/build/icyphy/ptII/ptolemy/actor/lib/test/auto/LazyPubSub.xml (RunModel)" time="0.058" />
  <testcase classname="ptolemy.util.test.junit.AutoTests" name="[189] /home/travis/build/icyphy/ptII/ptolemy/actor/lib/test/auto/LazyPubSub2.xml (RunModel)" time="0.048" />
  <testcase classname="ptolemy.util.test.junit.AutoTests" name="[190] /home/travis/build/icyphy/ptII/ptolemy/actor/lib/test/auto/LazyPubSub3.xml (RunModel)" time="0.027" />
  <testcase classname="ptolemy.util.test.junit.AutoTests" name="[191] /home/travis/build/icyphy/ptII/ptolemy/actor/lib/test/auto/LazySubClassModel.xml (RunModel)" time="0.02" />
  <testcase classname="ptolemy.util.test.junit.AutoTests" name="[192] /home/travis/build/icyphy/ptII/ptolemy/actor/lib/test/auto/LevelCrossTest1.xml (RunModel)" time="0.011" />
  <testcase classname="ptolemy.util.test.junit.AutoTests" name="[193] /home/travis/build/icyphy/ptII/ptolemy/actor/lib/test/auto/LevelCrossTest10.xml (RunModel)" time="0.018" />
  <testcase classname="ptolemy.util.test.junit.AutoTests" name="[194] /home/travis/build/icyphy/ptII/ptolemy/actor/lib/test/auto/LevelCrossTest11.xml (RunModel)" time="0.012" />
  <testcase classname="ptolemy.util.test.junit.AutoTests" name="[195] /home/travis/build/icyphy/ptII/ptolemy/actor/lib/test/auto/LevelCrossTest12.xml (RunModel)" time="0.017" />
  <testcase classname="ptolemy.util.test.junit.AutoTests" name="[196] /home/travis/build/icyphy/ptII/ptolemy/actor/lib/test/auto/LevelCrossTest13.xml (RunModel)" time="0.012" />
  <testcase classname="ptolemy.util.test.junit.AutoTests" name="[197] /home/travis/build/icyphy/ptII/ptolemy/actor/lib/test/auto/LevelCrossTest2.xml (RunModel)" time="0.01" />
  <testcase classname="ptolemy.util.test.junit.AutoTests" name="[198] /home/travis/build/icyphy/ptII/ptolemy/actor/lib/test/auto/LevelCrossTest3.xml (RunModel)" time="0.012" />
  <testcase classname="ptolemy.util.test.junit.AutoTests" name="[199] /home/travis/build/icyphy/ptII/ptolemy/actor/lib/test/auto/LevelCrossTest4.xml (RunModel)" time="0.01" />
  <testcase classname="ptolemy.util.test.junit.AutoTests" name="[200] /home/travis/build/icyphy/ptII/ptolemy/actor/lib/test/auto/LevelCrossTest5.xml (RunModel)" time="0.013" />
  <testcase classname="ptolemy.util.test.junit.AutoTests" name="[201] /home/travis/build/icyphy/ptII/ptolemy/actor/lib/test/auto/LevelCrossTest6.xml (RunModel)" time="0.013" />
  <testcase classname="ptolemy.util.test.junit.AutoTests" name="[202] /home/travis/build/icyphy/ptII/ptolemy/actor/lib/test/auto/LevelCrossTest7.xml (RunModel)" time="0.024" />
  <testcase classname="ptolemy.util.test.junit.AutoTests" name="[203] /home/travis/build/icyphy/ptII/ptolemy/actor/lib/test/auto/LevelCrossTest8.xml (RunModel)" time="0.015" />
  <testcase classname="ptolemy.util.test.junit.AutoTests" name="[204] /home/travis/build/icyphy/ptII/ptolemy/actor/lib/test/auto/LevelCrossTest9.xml (RunModel)" time="0.014" />
  <testcase classname="ptolemy.util.test.junit.AutoTests" name="[205] /home/travis/build/icyphy/ptII/ptolemy/actor/lib/test/auto/LevinsonDurbin.xml (RunModel)" time="0.014" />
  <testcase classname="ptolemy.util.test.junit.AutoTests" name="[206] /home/travis/build/icyphy/ptII/ptolemy/actor/lib/test/auto/LevinsonDurbin2.xml (RunModel)" time="0.01" />
  <testcase classname="ptolemy.util.test.junit.AutoTests" name="[207] /home/travis/build/icyphy/ptII/ptolemy/actor/lib/test/auto/LevinsonDurbin3.xml (RunModel)" time="0.009" />
  <testcase classname="ptolemy.util.test.junit.AutoTests" name="[208] /home/travis/build/icyphy/ptII/ptolemy/actor/lib/test/auto/Limiter.xml (RunModel)" time="0.032" />
  <testcase classname="ptolemy.util.test.junit.AutoTests" name="[209] /home/travis/build/icyphy/ptII/ptolemy/actor/lib/test/auto/LinearDifferenceEquationSystem.xml (RunModel)" time="0.02" />
  <testcase classname="ptolemy.util.test.junit.AutoTests" name="[210] /home/travis/build/icyphy/ptII/ptolemy/actor/lib/test/auto/LookupTable.xml (RunModel)" time="0.01" />
  <testcase classname="ptolemy.util.test.junit.AutoTests" name="[211] /home/travis/build/icyphy/ptII/ptolemy/actor/lib/test/auto/MathFunction.xml (RunModel)" time="0.018" />
  <testcase classname="ptolemy.util.test.junit.AutoTests" name="[212] /home/travis/build/icyphy/ptII/ptolemy/actor/lib/test/auto/MathFunction2.xml (RunModel)" time="0.011" />
  <testcase classname="ptolemy.util.test.junit.AutoTests" name="[213] /home/travis/build/icyphy/ptII/ptolemy/actor/lib/test/auto/MathFunction3.xml (RunModel)" time="0.024" />
  <testcase classname="ptolemy.util.test.junit.AutoTests" name="[214] /home/travis/build/icyphy/ptII/ptolemy/actor/lib/test/auto/MatrixCropBoolean.xml (RunModel)" time="0.019" />
  <testcase classname="ptolemy.util.test.junit.AutoTests" name="[215] /home/travis/build/icyphy/ptII/ptolemy/actor/lib/test/auto/MatrixCropComplex.xml (RunModel)" time="0.013" />
  <testcase classname="ptolemy.util.test.junit.AutoTests" name="[216] /home/travis/build/icyphy/ptII/ptolemy/actor/lib/test/auto/MatrixCropDouble.xml (RunModel)" time="0.011" />
  <testcase classname="ptolemy.util.test.junit.AutoTests" name="[217] /home/travis/build/icyphy/ptII/ptolemy/actor/lib/test/auto/MatrixCropFix.xml (RunModel)" time="0.014" />
  <testcase classname="ptolemy.util.test.junit.AutoTests" name="[218] /home/travis/build/icyphy/ptII/ptolemy/actor/lib/test/auto/MatrixCropInt.xml (RunModel)" time="0.01" />
  <testcase classname="ptolemy.util.test.junit.AutoTests" name="[219] /home/travis/build/icyphy/ptII/ptolemy/actor/lib/test/auto/MatrixCropLong.xml (RunModel)" time="0.009" />
  <testcase classname="ptolemy.util.test.junit.AutoTests" name="[220] /home/travis/build/icyphy/ptII/ptolemy/actor/lib/test/auto/MatrixToArray.xml (RunModel)" time="0.056" />
  <testcase classname="ptolemy.util.test.junit.AutoTests" name="[221] /home/travis/build/icyphy/ptII/ptolemy/actor/lib/test/auto/MaxIndex.xml (RunModel)" time="0.014" />
  <testcase classname="ptolemy.util.test.junit.AutoTests" name="[222] /home/travis/build/icyphy/ptII/ptolemy/actor/lib/test/auto/Maximum.xml (RunModel)" time="0.016" />
  <testcase classname="ptolemy.util.test.junit.AutoTests" name="[223] /home/travis/build/icyphy/ptII/ptolemy/actor/lib/test/auto/MaximumComplex.xml (RunModel)" time="0.015" />
  <testcase classname="ptolemy.util.test.junit.AutoTests" name="[224] /home/travis/build/icyphy/ptII/ptolemy/actor/lib/test/auto/MethodCallTest.xml (RunModel)" time="0.021" />
  <testcase classname="ptolemy.util.test.junit.AutoTests" name="[225] /home/travis/build/icyphy/ptII/ptolemy/actor/lib/test/auto/Minimum.xml (RunModel)" time="0.012" />
  <testcase classname="ptolemy.util.test.junit.AutoTests" name="[226] /home/travis/build/icyphy/ptII/ptolemy/actor/lib/test/auto/MinimumComplex.xml (RunModel)" time="0.013" />
  <testcase classname="ptolemy.util.test.junit.AutoTests" name="[227] /home/travis/build/icyphy/ptII/ptolemy/actor/lib/test/auto/MinimumMultiports.xml (RunModel)" time="0.018" />
  <testcase classname="ptolemy.util.test.junit.AutoTests" name="[228] /home/travis/build/icyphy/ptII/ptolemy/actor/lib/test/auto/ModifyDate.xml (RunModel)" time="0.038" />
  <testcase classname="ptolemy.util.test.junit.AutoTests" name="[229] /home/travis/build/icyphy/ptII/ptolemy/actor/lib/test/auto/ModifyDate2.xml (RunModel)" time="0.027" />
  <testcase classname="ptolemy.util.test.junit.AutoTests" name="[230] /home/travis/build/icyphy/ptII/ptolemy/actor/lib/test/auto/MovingAverage.xml (RunModel)" time="0.012" />
  <testcase classname="ptolemy.util.test.junit.AutoTests" name="[231] /home/travis/build/icyphy/ptII/ptolemy/actor/lib/test/auto/MovingMaximum.xml (RunModel)" time="0.013" />
  <testcase classname="ptolemy.util.test.junit.AutoTests" name="[232] /home/travis/build/icyphy/ptII/ptolemy/actor/lib/test/auto/MultipleLinksToSameRelation.xml (RunModel)" time="0.009" />
  <testcase classname="ptolemy.util.test.junit.AutoTests" name="[233] /home/travis/build/icyphy/ptII/ptolemy/actor/lib/test/auto/MultipleLinksToSameRelationDE.xml (RunModel)" time="0.015" />
  <testcase classname="ptolemy.util.test.junit.AutoTests" name="[234] /home/travis/build/icyphy/ptII/ptolemy/actor/lib/test/auto/Multiplexor.xml (RunModel)" time="0.023" />
  <testcase classname="ptolemy.util.test.junit.AutoTests" name="[235] /home/travis/build/icyphy/ptII/ptolemy/actor/lib/test/auto/Multiplexor1.xml (RunModel)" time="0.012" />
  <testcase classname="ptolemy.util.test.junit.AutoTests" name="[236] /home/travis/build/icyphy/ptII/ptolemy/actor/lib/test/auto/Multiplexor2.xml (RunModel)" time="0.018" />
  <testcase classname="ptolemy.util.test.junit.AutoTests" name="[237] /home/travis/build/icyphy/ptII/ptolemy/actor/lib/test/auto/Multiplexor3.xml (RunModel)" time="0.01" />
  <testcase classname="ptolemy.util.test.junit.AutoTests" name="[238] /home/travis/build/icyphy/ptII/ptolemy/actor/lib/test/auto/MultiplexorDE.xml (RunModel)" time="0.02" />
  <testcase classname="ptolemy.util.test.junit.AutoTests" name="[239] /home/travis/build/icyphy/ptII/ptolemy/actor/lib/test/auto/MultiportBroadcastTest.xml (RunModel)" time="0.099" />
  <testcase classname="ptolemy.util.test.junit.AutoTests" name="[240] /home/travis/build/icyphy/ptII/ptolemy/actor/lib/test/auto/MultiportOutHangDuringGetWidth.xml (RunModel)" time="0.039" />
  <testcase classname="ptolemy.util.test.junit.AutoTests" name="[241] /home/travis/build/icyphy/ptII/ptolemy/actor/lib/test/auto/NilToken.xml (RunModel)" time="0.009" />
  <testcase classname="ptolemy.util.test.junit.AutoTests" name="[242] /home/travis/build/icyphy/ptII/ptolemy/actor/lib/test/auto/NilTokenNonStrictTest.xml (RunModel)" time="0.012" />
  <testcase classname="ptolemy.util.test.junit.AutoTests" name="[243] /home/travis/build/icyphy/ptII/ptolemy/actor/lib/test/auto/NilTokenRecord.xml (RunModel)" time="0.02" />
  <testcase classname="ptolemy.util.test.junit.AutoTests" name="[244] /home/travis/build/icyphy/ptII/ptolemy/actor/lib/test/auto/NilTokenTypeTest.xml (RunModel)" time="0.028" />
  <testcase classname="ptolemy.util.test.junit.AutoTests" name="[245] /home/travis/build/icyphy/ptII/ptolemy/actor/lib/test/auto/ObjectToken1.xml (RunModel)" time="0.009" />
  <testcase classname="ptolemy.util.test.junit.AutoTests" name="[246] /home/travis/build/icyphy/ptII/ptolemy/actor/lib/test/auto/OrderedMerge.xml (RunModel)" time="0.018" />
  <testcase classname="ptolemy.util.test.junit.AutoTests" name="[247] /home/travis/build/icyphy/ptII/ptolemy/actor/lib/test/auto/OrderedRecordDisassembler.xml (RunModel)" time="0.016" />
  <testcase classname="ptolemy.util.test.junit.AutoTests" name="[248] /home/travis/build/icyphy/ptII/ptolemy/actor/lib/test/auto/OrderedRecordDisassembler2.xml (RunModel)" time="0.015" />
  <testcase classname="ptolemy.util.test.junit.AutoTests" name="[249] /home/travis/build/icyphy/ptII/ptolemy/actor/lib/test/auto/OrderedRecordUpdater.xml (RunModel)" time="0.009" />
  <testcase classname="ptolemy.util.test.junit.AutoTests" name="[250] /home/travis/build/icyphy/ptII/ptolemy/actor/lib/test/auto/OrderedRecordUpdater2.xml (RunModel)" time="0.008" />
  <testcase classname="ptolemy.util.test.junit.AutoTests" name="[251] /home/travis/build/icyphy/ptII/ptolemy/actor/lib/test/auto/PhaseUnwrap.xml (RunModel)" time="0.011" />
  <testcase classname="ptolemy.util.test.junit.AutoTests" name="[252] /home/travis/build/icyphy/ptII/ptolemy/actor/lib/test/auto/PoissonClock.xml (RunModel)" time="0.009" />
  <testcase classname="ptolemy.util.test.junit.AutoTests" name="[253] /home/travis/build/icyphy/ptII/ptolemy/actor/lib/test/auto/PoissonClock2.xml (RunModel)" time="0.008" />
  <testcase classname="ptolemy.util.test.junit.AutoTests" name="[254] /home/travis/build/icyphy/ptII/ptolemy/actor/lib/test/auto/PoissonClock3.xml (RunModel)" time="0.009" />
  <testcase classname="ptolemy.util.test.junit.AutoTests" name="[255] /home/travis/build/icyphy/ptII/ptolemy/actor/lib/test/auto/PubSubWithInitialTokens.xml (RunModel)" time="0.01" />
  <testcase classname="ptolemy.util.test.junit.AutoTests" name="[256] /home/travis/build/icyphy/ptII/ptolemy/actor/lib/test/auto/PubSubWithInitialTokens2.xml (RunModel)" time="0.011" />
  <testcase classname="ptolemy.util.test.junit.AutoTests" name="[257] /home/travis/build/icyphy/ptII/ptolemy/actor/lib/test/auto/PublisherClassNoParameter.xml (RunModel)" time="0.019" />
  <testcase classname="ptolemy.util.test.junit.AutoTests" name="[258] /home/travis/build/icyphy/ptII/ptolemy/actor/lib/test/auto/PublisherClassParameter.xml (RunModel)" time="0.021" />
  <testcase classname="ptolemy.util.test.junit.AutoTests" name="[259] /home/travis/build/icyphy/ptII/ptolemy/actor/lib/test/auto/PublisherNonStrictTest.xml (RunModel)" time="0.015" />
  <testcase classname="ptolemy.util.test.junit.AutoTests" name="[260] /home/travis/build/icyphy/ptII/ptolemy/actor/lib/test/auto/PublisherPort1.xml (RunModel)" time="0.01" />
  <testcase classname="ptolemy.util.test.junit.AutoTests" name="[261] /home/travis/build/icyphy/ptII/ptolemy/actor/lib/test/auto/PublisherPort2.xml (RunModel)" time="0.008" />
  <testcase classname="ptolemy.util.test.junit.AutoTests" name="[262] /home/travis/build/icyphy/ptII/ptolemy/actor/lib/test/auto/PublisherPort3.xml (RunModel)" time="0.011" />
  <testcase classname="ptolemy.util.test.junit.AutoTests" name="[263] /home/travis/build/icyphy/ptII/ptolemy/actor/lib/test/auto/PublisherPort4.xml (RunModel)" time="0.011" />
  <testcase classname="ptolemy.util.test.junit.AutoTests" name="[264] /home/travis/build/icyphy/ptII/ptolemy/actor/lib/test/auto/PublisherPort5.xml (RunModel)" time="0.015" />
  <testcase classname="ptolemy.util.test.junit.AutoTests" name="[265] /home/travis/build/icyphy/ptII/ptolemy/actor/lib/test/auto/PublisherPort5LookAlike.xml (RunModel)" time="0.014" />
  <testcase classname="ptolemy.util.test.junit.AutoTests" name="[266] /home/travis/build/icyphy/ptII/ptolemy/actor/lib/test/auto/PublisherPort6.xml (RunModel)" time="0.011" />
  <testcase classname="ptolemy.util.test.junit.AutoTests" name="[267] /home/travis/build/icyphy/ptII/ptolemy/actor/lib/test/auto/PublisherPort7.xml (RunModel)" time="0.014" />
  <testcase classname="ptolemy.util.test.junit.AutoTests" name="[268] /home/travis/build/icyphy/ptII/ptolemy/actor/lib/test/auto/PublisherPort8.xml (RunModel)" time="0.016" />
  <testcase classname="ptolemy.util.test.junit.AutoTests" name="[269] /home/travis/build/icyphy/ptII/ptolemy/actor/lib/test/auto/PublisherPortSubscriberChannelVariablesAOC2.xml (RunModel)" time="0.031" />
  <testcase classname="ptolemy.util.test.junit.AutoTests" name="[270] /home/travis/build/icyphy/ptII/ptolemy/actor/lib/test/auto/PublisherPortSubscriberOpaqueWidthInference.xml (RunModel)" time="0.015" />
  <testcase classname="ptolemy.util.test.junit.AutoTests" name="[271] /home/travis/build/icyphy/ptII/ptolemy/actor/lib/test/auto/PublisherPortSubscriberPortAdjacent.xml (RunModel)" time="0.016" />
  <testcase classname="ptolemy.util.test.junit.AutoTests" name="[272] /home/travis/build/icyphy/ptII/ptolemy/actor/lib/test/auto/PublisherPortSubscriberPortExpression.xml (RunModel)" time="0.015" />
  <testcase classname="ptolemy.util.test.junit.AutoTests" name="[273] /home/travis/build/icyphy/ptII/ptolemy/actor/lib/test/auto/PublisherPortSubscriberPortOpaqueD3Reverse.xml (RunModel)" time="0.019" />
  <testcase classname="ptolemy.util.test.junit.AutoTests" name="[274] /home/travis/build/icyphy/ptII/ptolemy/actor/lib/test/auto/PublisherPortSubscriberPortOpaqueWidthInference.xml (RunModel)" time="0.015" />
  <testcase classname="ptolemy.util.test.junit.AutoTests" name="[275] /home/travis/build/icyphy/ptII/ptolemy/actor/lib/test/auto/PublisherPortToplevelSubscriberPortAOC.xml (RunModel)" time="0.009" />
  <testcase classname="ptolemy.util.test.junit.AutoTests" name="[276] /home/travis/build/icyphy/ptII/ptolemy/actor/lib/test/auto/PublisherSubscriber.xml (RunModel)" time="0.013" />
  <testcase classname="ptolemy.util.test.junit.AutoTests" name="[277] /home/travis/build/icyphy/ptII/ptolemy/actor/lib/test/auto/PublisherSubscriber10.xml (RunModel)" time="0.02" />
  <testcase classname="ptolemy.util.test.junit.AutoTests" name="[278] /home/travis/build/icyphy/ptII/ptolemy/actor/lib/test/auto/PublisherSubscriber10InitialOutputs.xml (RunModel)" time="0.019" />
  <testcase classname="ptolemy.util.test.junit.AutoTests" name="[279] /home/travis/build/icyphy/ptII/ptolemy/actor/lib/test/auto/PublisherSubscriber11.xml (RunModel)" time="0.01" />
  <testcase classname="ptolemy.util.test.junit.AutoTests" name="[280] /home/travis/build/icyphy/ptII/ptolemy/actor/lib/test/auto/PublisherSubscriber12.xml (RunModel)" time="0.011" />
  <testcase classname="ptolemy.util.test.junit.AutoTests" name="[281] /home/travis/build/icyphy/ptII/ptolemy/actor/lib/test/auto/PublisherSubscriber13.xml (RunModel)" time="0.01" />
  <testcase classname="ptolemy.util.test.junit.AutoTests" name="[282] /home/travis/build/icyphy/ptII/ptolemy/actor/lib/test/auto/PublisherSubscriber14.xml (RunModel)" time="0.017" />
  <testcase classname="ptolemy.util.test.junit.AutoTests" name="[283] /home/travis/build/icyphy/ptII/ptolemy/actor/lib/test/auto/PublisherSubscriber2.xml (RunModel)" time="0.01" />
  <testcase classname="ptolemy.util.test.junit.AutoTests" name="[284] /home/travis/build/icyphy/ptII/ptolemy/actor/lib/test/auto/PublisherSubscriber3.xml (RunModel)" time="0.01" />
  <testcase classname="ptolemy.util.test.junit.AutoTests" name="[285] /home/travis/build/icyphy/ptII/ptolemy/actor/lib/test/auto/PublisherSubscriber4.xml (RunModel)" time="0.009" />
  <testcase classname="ptolemy.util.test.junit.AutoTests" name="[286] /home/travis/build/icyphy/ptII/ptolemy/actor/lib/test/auto/PublisherSubscriber5.xml (RunModel)" time="0.012" />
  <testcase classname="ptolemy.util.test.junit.AutoTests" name="[287] /home/travis/build/icyphy/ptII/ptolemy/actor/lib/test/auto/PublisherSubscriber6.xml (RunModel)" time="0.012" />
  <testcase classname="ptolemy.util.test.junit.AutoTests" name="[288] /home/travis/build/icyphy/ptII/ptolemy/actor/lib/test/auto/PublisherSubscriber7.xml (RunModel)" time="0.013" />
  <testcase classname="ptolemy.util.test.junit.AutoTests" name="[289] /home/travis/build/icyphy/ptII/ptolemy/actor/lib/test/auto/PublisherSubscriber8.xml (RunModel)" time="0.033" />
  <testcase classname="ptolemy.util.test.junit.AutoTests" name="[290] /home/travis/build/icyphy/ptII/ptolemy/actor/lib/test/auto/PublisherSubscriber9.xml (RunModel)" time="0.021" />
  <testcase classname="ptolemy.util.test.junit.AutoTests" name="[291] /home/travis/build/icyphy/ptII/ptolemy/actor/lib/test/auto/PublisherSubscriberAdjacent.xml (RunModel)" time="0.025" />
  <testcase classname="ptolemy.util.test.junit.AutoTests" name="[292] /home/travis/build/icyphy/ptII/ptolemy/actor/lib/test/auto/PublisherSubscriberChannelVariablesAOC2.xml (RunModel)" time="0.026" />
  <testcase classname="ptolemy.util.test.junit.AutoTests" name="[293] /home/travis/build/icyphy/ptII/ptolemy/actor/lib/test/auto/PublisherSubscriberD3.xml (RunModel)" time="0.015" />
  <testcase classname="ptolemy.util.test.junit.AutoTests" name="[294] /home/travis/build/icyphy/ptII/ptolemy/actor/lib/test/auto/PublisherSubscriberD3Reverse.xml (RunModel)" time="0.012" />
  <testcase classname="ptolemy.util.test.junit.AutoTests" name="[295] /home/travis/build/icyphy/ptII/ptolemy/actor/lib/test/auto/PublisherSubscriberExpression.xml (RunModel)" time="0.019" />
  <testcase classname="ptolemy.util.test.junit.AutoTests" name="[296] /home/travis/build/icyphy/ptII/ptolemy/actor/lib/test/auto/PublisherSubscriberOpaque.xml (RunModel)" time="0.021" />
  <testcase classname="ptolemy.util.test.junit.AutoTests" name="[297] /home/travis/build/icyphy/ptII/ptolemy/actor/lib/test/auto/PublisherSubscriberOpaqueD3.xml (RunModel)" time="0.028" />
  <testcase classname="ptolemy.util.test.junit.AutoTests" name="[298] /home/travis/build/icyphy/ptII/ptolemy/actor/lib/test/auto/PublisherSubscriberOpaqueD3Reverse.xml (RunModel)" time="0.023" />
  <testcase classname="ptolemy.util.test.junit.AutoTests" name="[299] /home/travis/build/icyphy/ptII/ptolemy/actor/lib/test/auto/PublisherSubscriberOpaqueWidthInference.xml (RunModel)" time="0.02" />
  <testcase classname="ptolemy.util.test.junit.AutoTests" name="[300] /home/travis/build/icyphy/ptII/ptolemy/actor/lib/test/auto/PublisherTestSubscriber.xml (RunModel)" time="0.018" />
  <testcase classname="ptolemy.util.test.junit.AutoTests" name="[301] /home/travis/build/icyphy/ptII/ptolemy/actor/lib/test/auto/PublisherToplevelSubscriberPortAOC.xml (RunModel)" time="0.011" />
  <testcase classname="ptolemy.util.test.junit.AutoTests" name="[302] /home/travis/build/icyphy/ptII/ptolemy/actor/lib/test/auto/PulseFiringLimitDE.xml (RunModel)" time="0.015" />
  <testcase classname="ptolemy.util.test.junit.AutoTests" name="[303] /home/travis/build/icyphy/ptII/ptolemy/actor/lib/test/auto/Ramp1.xml (RunModel)" time="0.008" />
  <testcase classname="ptolemy.util.test.junit.AutoTests" name="[304] /home/travis/build/icyphy/ptII/ptolemy/actor/lib/test/auto/RampFiringLimitDE.xml (RunModel)" time="0.013" />
  <testcase classname="ptolemy.util.test.junit.AutoTests" name="[305] /home/travis/build/icyphy/ptII/ptolemy/actor/lib/test/auto/RampFiringLimitSDF.xml (RunModel)" time="0.013" />
  <testcase classname="ptolemy.util.test.junit.AutoTests" name="[306] /home/travis/build/icyphy/ptII/ptolemy/actor/lib/test/auto/RandomInteger.xml (RunModel)" time="0.01" />
  <testcase classname="ptolemy.util.test.junit.AutoTests" name="[307] /home/travis/build/icyphy/ptII/ptolemy/actor/lib/test/auto/ReadFile1.xml (RunModel)" time="0.008" />
  <testcase classname="ptolemy.util.test.junit.AutoTests" name="[308] /home/travis/build/icyphy/ptII/ptolemy/actor/lib/test/auto/ReadFile2.xml (RunModel)" time="0.007" />
  <testcase classname="ptolemy.util.test.junit.AutoTests" name="[309] /home/travis/build/icyphy/ptII/ptolemy/actor/lib/test/auto/Reader.xml (RunModel)" time="0.013" />
  <testcase classname="ptolemy.util.test.junit.AutoTests" name="[310] /home/travis/build/icyphy/ptII/ptolemy/actor/lib/test/auto/RecordAssemblerDisplayNameTest.xml (RunModel)" time="2.951" />
  <testcase classname="ptolemy.util.test.junit.AutoTests" name="[311] /home/travis/build/icyphy/ptII/ptolemy/actor/lib/test/auto/RecordAssemblerTypeError.xml (RunModel)" time="0.03" />
  <testcase classname="ptolemy.util.test.junit.AutoTests" name="[312] /home/travis/build/icyphy/ptII/ptolemy/actor/lib/test/auto/RecordDisassember.xml (RunModel)" time="0.01" />
  <testcase classname="ptolemy.util.test.junit.AutoTests" name="[313] /home/travis/build/icyphy/ptII/ptolemy/actor/lib/test/auto/RecordDisassemberDisplayNameTest.xml (RunModel)" time="0.016" />
  <testcase classname="ptolemy.util.test.junit.AutoTests" name="[314] /home/travis/build/icyphy/ptII/ptolemy/actor/lib/test/auto/RecordDisassembler.xml (RunModel)" time="0.008" />
  <testcase classname="ptolemy.util.test.junit.AutoTests" name="[315] /home/travis/build/icyphy/ptII/ptolemy/actor/lib/test/auto/RecordDisassembler2.xml (RunModel)" time="0.009" />
  <testcase classname="ptolemy.util.test.junit.AutoTests" name="[316] /home/travis/build/icyphy/ptII/ptolemy/actor/lib/test/auto/RecordUpdater.xml (RunModel)" time="0.008" />
  <testcase classname="ptolemy.util.test.junit.AutoTests" name="[317] /home/travis/build/icyphy/ptII/ptolemy/actor/lib/test/auto/RecordUpdater2.xml (RunModel)" time="0.009" />
  <testcase classname="ptolemy.util.test.junit.AutoTests" name="[318] /home/travis/build/icyphy/ptII/ptolemy/actor/lib/test/auto/RecursiveLattice.xml (RunModel)" time="0.008" />
  <testcase classname="ptolemy.util.test.junit.AutoTests" name="[319] /home/travis/build/icyphy/ptII/ptolemy/actor/lib/test/auto/Router.xml (RunModel)" time="3.023" />
  <testcase classname="ptolemy.util.test.junit.AutoTests" name="[320] /home/travis/build/icyphy/ptII/ptolemy/actor/lib/test/auto/Router2.xml (RunModel)" time="3.022" />
  <testcase classname="ptolemy.util.test.junit.AutoTests" name="[321] /home/travis/build/icyphy/ptII/ptolemy/actor/lib/test/auto/RunningMaximum.xml (RunModel)" time="0.022" />
  <testcase classname="ptolemy.util.test.junit.AutoTests" name="[322] /home/travis/build/icyphy/ptII/ptolemy/actor/lib/test/auto/RunningMinimum.xml (RunModel)" time="0.011" />
  <testcase classname="ptolemy.util.test.junit.AutoTests" name="[323] /home/travis/build/icyphy/ptII/ptolemy/actor/lib/test/auto/Scale.xml (RunModel)" time="0.009" />
  <testcase classname="ptolemy.util.test.junit.AutoTests" name="[324] /home/travis/build/icyphy/ptII/ptolemy/actor/lib/test/auto/Scale2.xml (RunModel)" time="0.034" />
  <testcase classname="ptolemy.util.test.junit.AutoTests" name="[325] /home/travis/build/icyphy/ptII/ptolemy/actor/lib/test/auto/Scale3.xml (RunModel)" time="0.038" />
  <testcase classname="ptolemy.util.test.junit.AutoTests" name="[326] /home/travis/build/icyphy/ptII/ptolemy/actor/lib/test/auto/ScaleArray.xml (RunModel)" time="0.031" />
  <testcase classname="ptolemy.util.test.junit.AutoTests" name="[327] /home/travis/build/icyphy/ptII/ptolemy/actor/lib/test/auto/ScaleArray2.xml (RunModel)" time="0.029" />
  <testcase classname="ptolemy.util.test.junit.AutoTests" name="[328] /home/travis/build/icyphy/ptII/ptolemy/actor/lib/test/auto/ScaleMatrix.xml (RunModel)" time="0.219" />
  <testcase classname="ptolemy.util.test.junit.AutoTests" name="[329] /home/travis/build/icyphy/ptII/ptolemy/actor/lib/test/auto/Select.xml (RunModel)" time="0.015" />
  <testcase classname="ptolemy.util.test.junit.AutoTests" name="[330] /home/travis/build/icyphy/ptII/ptolemy/actor/lib/test/auto/Select2.xml (RunModel)" time="0.008" />
  <testcase classname="ptolemy.util.test.junit.AutoTests" name="[331] /home/travis/build/icyphy/ptII/ptolemy/actor/lib/test/auto/SequenceToArray2.xml (RunModel)" time="0.1" />
  <testcase classname="ptolemy.util.test.junit.AutoTests" name="[332] /home/travis/build/icyphy/ptII/ptolemy/actor/lib/test/auto/SequentialClock.xml (RunModel)" time="0.014" />
  <testcase classname="ptolemy.util.test.junit.AutoTests" name="[333] /home/travis/build/icyphy/ptII/ptolemy/actor/lib/test/auto/SetVariable.xml (RunModel)" time="0.01" />
  <testcase classname="ptolemy.util.test.junit.AutoTests" name="[334] /home/travis/build/icyphy/ptII/ptolemy/actor/lib/test/auto/SetVariable2.xml (RunModel)" time="0.009" />
  <testcase classname="ptolemy.util.test.junit.AutoTests" name="[335] /home/travis/build/icyphy/ptII/ptolemy/actor/lib/test/auto/SetVariable3.xml (RunModel)" time="0.011" />
  <testcase classname="ptolemy.util.test.junit.AutoTests" name="[336] /home/travis/build/icyphy/ptII/ptolemy/actor/lib/test/auto/SetVariable4.xml (RunModel)" time="0.023" />
  <testcase classname="ptolemy.util.test.junit.AutoTests" name="[337] /home/travis/build/icyphy/ptII/ptolemy/actor/lib/test/auto/SetVariable5.xml (RunModel)" time="0.026" />
  <testcase classname="ptolemy.util.test.junit.AutoTests" name="[338] /home/travis/build/icyphy/ptII/ptolemy/actor/lib/test/auto/Sinewave.xml (RunModel)" time="0.026" />
  <testcase classname="ptolemy.util.test.junit.AutoTests" name="[339] /home/travis/build/icyphy/ptII/ptolemy/actor/lib/test/auto/Sinewave2.xml (RunModel)" time="0.015" />
  <testcase classname="ptolemy.util.test.junit.AutoTests" name="[340] /home/travis/build/icyphy/ptII/ptolemy/actor/lib/test/auto/Sinewave3.xml (RunModel)" time="0.016" />
  <testcase classname="ptolemy.util.test.junit.AutoTests" name="[341] /home/travis/build/icyphy/ptII/ptolemy/actor/lib/test/auto/SingleEvent.xml (RunModel)" time="0.007" />
  <testcase classname="ptolemy.util.test.junit.AutoTests" name="[342] /home/travis/build/icyphy/ptII/ptolemy/actor/lib/test/auto/Sleep.xml (RunModel)" time="6.014" />
  <testcase classname="ptolemy.util.test.junit.AutoTests" name="[343] /home/travis/build/icyphy/ptII/ptolemy/actor/lib/test/auto/SleepMultipleFire.xml (RunModel)" time="1.017" />
  <testcase classname="ptolemy.util.test.junit.AutoTests" name="[344] /home/travis/build/icyphy/ptII/ptolemy/actor/lib/test/auto/StopDE.xml (RunModel)" time="0.019" />
  <testcase classname="ptolemy.util.test.junit.AutoTests" name="[345] /home/travis/build/icyphy/ptII/ptolemy/actor/lib/test/auto/StopSDF.xml (RunModel)" time="0.018" />
  <testcase classname="ptolemy.util.test.junit.AutoTests" name="[346] /home/travis/build/icyphy/ptII/ptolemy/actor/lib/test/auto/StringConstant.xml (RunModel)" time="0.012" />
  <testcase classname="ptolemy.util.test.junit.AutoTests" name="[347] /home/travis/build/icyphy/ptII/ptolemy/actor/lib/test/auto/SubscriberPortInitialValues1.xml (RunModel)" time="0.018" />
  <testcase classname="ptolemy.util.test.junit.AutoTests" name="[348] /home/travis/build/icyphy/ptII/ptolemy/actor/lib/test/auto/SubscriberPortInitialValues13.xml (RunModel)" time="0.024" />
  <testcase classname="ptolemy.util.test.junit.AutoTests" name="[349] /home/travis/build/icyphy/ptII/ptolemy/actor/lib/test/auto/SubscriberPortInitialValues14.xml (RunModel)" time="0.018" />
  <testcase classname="ptolemy.util.test.junit.AutoTests" name="[350] /home/travis/build/icyphy/ptII/ptolemy/actor/lib/test/auto/SubscriberPortInitialValues2.xml (RunModel)" time="0.017" />
  <testcase classname="ptolemy.util.test.junit.AutoTests" name="[351] /home/travis/build/icyphy/ptII/ptolemy/actor/lib/test/auto/SubscriberPortInitialValues3.xml (RunModel)" time="0.027" />
  <testcase classname="ptolemy.util.test.junit.AutoTests" name="[352] /home/travis/build/icyphy/ptII/ptolemy/actor/lib/test/auto/SubscriptionAggregator.xml (RunModel)" time="0.011" />
  <testcase classname="ptolemy.util.test.junit.AutoTests" name="[353] /home/travis/build/icyphy/ptII/ptolemy/actor/lib/test/auto/SubscriptionAggregator2.xml (RunModel)" time="0.011" />
  <testcase classname="ptolemy.util.test.junit.AutoTests" name="[354] /home/travis/build/icyphy/ptII/ptolemy/actor/lib/test/auto/SubscriptionAggregator3.xml (RunModel)" time="0.017" />
  <testcase classname="ptolemy.util.test.junit.AutoTests" name="[355] /home/travis/build/icyphy/ptII/ptolemy/actor/lib/test/auto/SubscriptionAggregatorMultiply.xml (RunModel)" time="0.018" />
  <testcase classname="ptolemy.util.test.junit.AutoTests" name="[356] /home/travis/build/icyphy/ptII/ptolemy/actor/lib/test/auto/SubscriptionAggregatorPortMultiply1.xml (RunModel)" time="0.013" />
  <testcase classname="ptolemy.util.test.junit.AutoTests" name="[357] /home/travis/build/icyphy/ptII/ptolemy/actor/lib/test/auto/Switch.xml (RunModel)" time="0.016" />
  <testcase classname="ptolemy.util.test.junit.AutoTests" name="[358] /home/travis/build/icyphy/ptII/ptolemy/actor/lib/test/auto/Switch2.xml (RunModel)" time="0.01" />
  <testcase classname="ptolemy.util.test.junit.AutoTests" name="[359] /home/travis/build/icyphy/ptII/ptolemy/actor/lib/test/auto/SwitchDE.xml (RunModel)" time="0.014" />
  <testcase classname="ptolemy.util.test.junit.AutoTests" name="[360] /home/travis/build/icyphy/ptII/ptolemy/actor/lib/test/auto/SynchronizerDE.xml (RunModel)" time="0.023" />
  <testcase classname="ptolemy.util.test.junit.AutoTests" name="[361] /home/travis/build/icyphy/ptII/ptolemy/actor/lib/test/auto/Test.xml (RunModel)" time="0.011" />
  <testcase classname="ptolemy.util.test.junit.AutoTests" name="[362] /home/travis/build/icyphy/ptII/ptolemy/actor/lib/test/auto/TestExceptionAttribute1.xml (RunModel)" time="0.009" />
  <testcase classname="ptolemy.util.test.junit.AutoTests" name="[363] /home/travis/build/icyphy/ptII/ptolemy/actor/lib/test/auto/TestExceptionAttribute2.xml (RunModel)" time="0.01" />
  <testcase classname="ptolemy.util.test.junit.AutoTests" name="[364] /home/travis/build/icyphy/ptII/ptolemy/actor/lib/test/auto/TestExceptionAttribute3.xml (RunModel)" time="0.006" />
  <testcase classname="ptolemy.util.test.junit.AutoTests" name="[365] /home/travis/build/icyphy/ptII/ptolemy/actor/lib/test/auto/TestExceptionAttribute4.xml (RunModel)" time="0.006" />
  <testcase classname="ptolemy.util.test.junit.AutoTests" name="[366] /home/travis/build/icyphy/ptII/ptolemy/actor/lib/test/auto/TestExceptionHandler1.xml (RunModel)" time="0.006" />
  <testcase classname="ptolemy.util.test.junit.AutoTests" name="[367] /home/travis/build/icyphy/ptII/ptolemy/actor/lib/test/auto/TestExceptionHandler2.xml (RunModel)" time="0.005" />
  <testcase classname="ptolemy.util.test.junit.AutoTests" name="[368] /home/travis/build/icyphy/ptII/ptolemy/actor/lib/test/auto/TestExceptionHandler3.xml (RunModel)" time="0.006" />
  <testcase classname="ptolemy.util.test.junit.AutoTests" name="[369] /home/travis/build/icyphy/ptII/ptolemy/actor/lib/test/auto/TestExceptionHandler4.xml (RunModel)" time="0.006" />
  <testcase classname="ptolemy.util.test.junit.AutoTests" name="[370] /home/travis/build/icyphy/ptII/ptolemy/actor/lib/test/auto/TestRequireCorrectOrder.xml (RunModel)" time="0.01" />
  <testcase classname="ptolemy.util.test.junit.AutoTests" name="[371] /home/travis/build/icyphy/ptII/ptolemy/actor/lib/test/auto/TestSimple.xml (RunModel)" time="0.006" />
  <testcase classname="ptolemy.util.test.junit.AutoTests" name="[372] /home/travis/build/icyphy/ptII/ptolemy/actor/lib/test/auto/ThrowModelError.xml (RunModel)" time="0.01" />
  <testcase classname="ptolemy.util.test.junit.AutoTests" name="[373] /home/travis/build/icyphy/ptII/ptolemy/actor/lib/test/auto/TimeDelayMicrosteps.xml (RunModel)" time="0.013" />
  <testcase classname="ptolemy.util.test.junit.AutoTests" name="[374] /home/travis/build/icyphy/ptII/ptolemy/actor/lib/test/auto/TimeDelayMicrosteps2.xml (RunModel)" time="0.015" />
  <testcase classname="ptolemy.util.test.junit.AutoTests" name="[375] /home/travis/build/icyphy/ptII/ptolemy/actor/lib/test/auto/TimeDelayMicrosteps3.xml (RunModel)" time="0.012" />
  <testcase classname="ptolemy.util.test.junit.AutoTests" name="[376] /home/travis/build/icyphy/ptII/ptolemy/actor/lib/test/auto/TimeDelayVariableMicrosteps.xml (RunModel)" time="0.012" />
  <testcase classname="ptolemy.util.test.junit.AutoTests" name="[377] /home/travis/build/icyphy/ptII/ptolemy/actor/lib/test/auto/TimeGap.xml (RunModel)" time="0.012" />
  <testcase classname="ptolemy.util.test.junit.AutoTests" name="[378] /home/travis/build/icyphy/ptII/ptolemy/actor/lib/test/auto/TimeGap2.xml (RunModel)" time="0.011" />
  <testcase classname="ptolemy.util.test.junit.AutoTests" name="[379] /home/travis/build/icyphy/ptII/ptolemy/actor/lib/test/auto/TimedSinewave.xml (RunModel)" time="0.042" />
  <testcase classname="ptolemy.util.test.junit.AutoTests" name="[380] /home/travis/build/icyphy/ptII/ptolemy/actor/lib/test/auto/TimedSinewavePhase.xml (RunModel)" time="0.043" />
  <testcase classname="ptolemy.util.test.junit.AutoTests" name="[381] /home/travis/build/icyphy/ptII/ptolemy/actor/lib/test/auto/Timer.xml (RunModel)" time="0.011" />
  <testcase classname="ptolemy.util.test.junit.AutoTests" name="[382] /home/travis/build/icyphy/ptII/ptolemy/actor/lib/test/auto/TriangularDistTestModel.xml (RunModel)" time="0.014" />
  <testcase classname="ptolemy.util.test.junit.AutoTests" name="[383] /home/travis/build/icyphy/ptII/ptolemy/actor/lib/test/auto/TrigFunction.xml (RunModel)" time="0.012" />
  <testcase classname="ptolemy.util.test.junit.AutoTests" name="[384] /home/travis/build/icyphy/ptII/ptolemy/actor/lib/test/auto/TrigFunctionDE.xml (RunModel)" time="0.011" />
  <testcase classname="ptolemy.util.test.junit.AutoTests" name="[385] /home/travis/build/icyphy/ptII/ptolemy/actor/lib/test/auto/TrigFunctionInverse.xml (RunModel)" time="0.01" />
  <testcase classname="ptolemy.util.test.junit.AutoTests" name="[386] /home/travis/build/icyphy/ptII/ptolemy/actor/lib/test/auto/TrigFunctionTan.xml (RunModel)" time="0.006" />
  <testcase classname="ptolemy.util.test.junit.AutoTests" name="[387] /home/travis/build/icyphy/ptII/ptolemy/actor/lib/test/auto/TriggeredClock.xml (RunModel)" time="0.008" />
  <testcase classname="ptolemy.util.test.junit.AutoTests" name="[388] /home/travis/build/icyphy/ptII/ptolemy/actor/lib/test/auto/URLDirectoryReader.xml (RunModel)" time="0.069" />
  <testcase classname="ptolemy.util.test.junit.AutoTests" name="[389] /home/travis/build/icyphy/ptII/ptolemy/actor/lib/test/auto/URLDirectoryReader3.xml (RunModel)" time="1.326" />
  <testcase classname="ptolemy.util.test.junit.AutoTests" name="[390] /home/travis/build/icyphy/ptII/ptolemy/actor/lib/test/auto/UnaryMathFunction.xml (RunModel)" time="0.029" />
  <testcase classname="ptolemy.util.test.junit.AutoTests" name="[391] /home/travis/build/icyphy/ptII/ptolemy/actor/lib/test/auto/Uniform.xml (RunModel)" time="0.036" />
  <testcase classname="ptolemy.util.test.junit.AutoTests" name="[392] /home/travis/build/icyphy/ptII/ptolemy/actor/lib/test/auto/UnionDisassemblerTest.xml (RunModel)" time="0.026" />
  <testcase classname="ptolemy.util.test.junit.AutoTests" name="[393] /home/travis/build/icyphy/ptII/ptolemy/actor/lib/test/auto/UtilityFunctions.xml (RunModel)" time="0.03" />
  <testcase classname="ptolemy.util.test.junit.AutoTests" name="[394] /home/travis/build/icyphy/ptII/ptolemy/actor/lib/test/auto/VariableSleep.xml (RunModel)" time="0.527" />
  <testcase classname="ptolemy.util.test.junit.AutoTests" name="[395] /home/travis/build/icyphy/ptII/ptolemy/actor/lib/test/auto/VectorAssemblerDisassemblerCT.xml (RunModel)" time="0.111" />
  <testcase classname="ptolemy.util.test.junit.AutoTests" name="[396] /home/travis/build/icyphy/ptII/ptolemy/actor/lib/test/auto/VectorAssemblerDisassemblerDE.xml (RunModel)" time="0.013" />
  <testcase classname="ptolemy.util.test.junit.AutoTests" name="[397] /home/travis/build/icyphy/ptII/ptolemy/actor/lib/test/auto/VectorAssemblerDisassemblerSDF.xml (RunModel)" time="0.013" />
  <testcase classname="ptolemy.util.test.junit.AutoTests" name="[398] /home/travis/build/icyphy/ptII/ptolemy/actor/lib/test/auto/WallClockTime.xml (RunModel)" time="1.013" />
  <testcase classname="ptolemy.util.test.junit.AutoTests" name="[399] /home/travis/build/icyphy/ptII/ptolemy/actor/lib/test/auto/WidthTestWithSubscriberPublisher.xml (RunModel)" time="0.039" />
  <testcase classname="ptolemy.util.test.junit.AutoTests" name="[400] /home/travis/build/icyphy/ptII/ptolemy/actor/lib/test/auto/WidthTestWithSubscriberPublisher2.xml (RunModel)" time="0.036" />
  <testcase classname="ptolemy.util.test.junit.AutoTests" name="[401] /home/travis/build/icyphy/ptII/ptolemy/actor/lib/test/auto/WidthTestWithSubscriberPublisher3.xml (RunModel)" time="0.011" />
  <testcase classname="ptolemy.util.test.junit.AutoTests" name="[402] /home/travis/build/icyphy/ptII/ptolemy/actor/lib/test/auto/Writer.xml (RunModel)" time="0.007" />
  <testcase classname="ptolemy.util.test.junit.AutoTests" name="[403] /home/travis/build/icyphy/ptII/ptolemy/actor/lib/test/auto/array.xml (RunModel)" time="0.009" />
  <testcase classname="ptolemy.util.test.junit.AutoTests" name="[404] /home/travis/build/icyphy/ptII/ptolemy/actor/lib/test/auto/array2.xml (RunModel)" time="0.009" />
  <testcase classname="ptolemy.util.test.junit.AutoTests" name="[405] /home/travis/build/icyphy/ptII/ptolemy/actor/lib/test/auto/arrayType.xml (RunModel)" time="0.013" />
  <testcase classname="ptolemy.util.test.junit.AutoTests" name="[406] /home/travis/build/icyphy/ptII/ptolemy/actor/lib/test/auto/arrayType10.xml (RunModel)" time="0.008" />
  <testcase classname="ptolemy.util.test.junit.AutoTests" name="[407] /home/travis/build/icyphy/ptII/ptolemy/actor/lib/test/auto/arrayType11.xml (RunModel)" time="0.008" />
  <testcase classname="ptolemy.util.test.junit.AutoTests" name="[408] /home/travis/build/icyphy/ptII/ptolemy/actor/lib/test/auto/arrayType12.xml (RunModel)" time="0.009" />
  <testcase classname="ptolemy.util.test.junit.AutoTests" name="[409] /home/travis/build/icyphy/ptII/ptolemy/actor/lib/test/auto/arrayType13.xml (RunModel)" time="0.008" />
  <testcase classname="ptolemy.util.test.junit.AutoTests" name="[410] /home/travis/build/icyphy/ptII/ptolemy/actor/lib/test/auto/arrayType14.xml (RunModel)" time="0.008" />
  <testcase classname="ptolemy.util.test.junit.AutoTests" name="[411] /home/travis/build/icyphy/ptII/ptolemy/actor/lib/test/auto/arrayType15.xml (RunModel)" time="0.008" />
  <testcase classname="ptolemy.util.test.junit.AutoTests" name="[412] /home/travis/build/icyphy/ptII/ptolemy/actor/lib/test/auto/arrayType16.xml (RunModel)" time="0.009" />
  <testcase classname="ptolemy.util.test.junit.AutoTests" name="[413] /home/travis/build/icyphy/ptII/ptolemy/actor/lib/test/auto/arrayType17.xml (RunModel)" time="0.009" />
  <testcase classname="ptolemy.util.test.junit.AutoTests" name="[414] /home/travis/build/icyphy/ptII/ptolemy/actor/lib/test/auto/arrayType18.xml (RunModel)" time="0.008" />
  <testcase classname="ptolemy.util.test.junit.AutoTests" name="[415] /home/travis/build/icyphy/ptII/ptolemy/actor/lib/test/auto/arrayType19.xml (RunModel)" time="0.008" />
  <testcase classname="ptolemy.util.test.junit.AutoTests" name="[416] /home/travis/build/icyphy/ptII/ptolemy/actor/lib/test/auto/arrayType2.xml (RunModel)" time="0.009" />
  <testcase classname="ptolemy.util.test.junit.AutoTests" name="[417] /home/travis/build/icyphy/ptII/ptolemy/actor/lib/test/auto/arrayType20.xml (RunModel)" time="0.009" />
  <testcase classname="ptolemy.util.test.junit.AutoTests" name="[418] /home/travis/build/icyphy/ptII/ptolemy/actor/lib/test/auto/arrayType21.xml (RunModel)" time="0.008" />
  <testcase classname="ptolemy.util.test.junit.AutoTests" name="[419] /home/travis/build/icyphy/ptII/ptolemy/actor/lib/test/auto/arrayType22.xml (RunModel)" time="0.008" />
  <testcase classname="ptolemy.util.test.junit.AutoTests" name="[420] /home/travis/build/icyphy/ptII/ptolemy/actor/lib/test/auto/arrayType23.xml (RunModel)" time="0.008" />
  <testcase classname="ptolemy.util.test.junit.AutoTests" name="[421] /home/travis/build/icyphy/ptII/ptolemy/actor/lib/test/auto/arrayType24.xml (RunModel)" time="0.008" />
  <testcase classname="ptolemy.util.test.junit.AutoTests" name="[422] /home/travis/build/icyphy/ptII/ptolemy/actor/lib/test/auto/arrayType25.xml (RunModel)" time="0.01" />
  <testcase classname="ptolemy.util.test.junit.AutoTests" name="[423] /home/travis/build/icyphy/ptII/ptolemy/actor/lib/test/auto/arrayType26.xml (RunModel)" time="0.009" />
  <testcase classname="ptolemy.util.test.junit.AutoTests" name="[424] /home/travis/build/icyphy/ptII/ptolemy/actor/lib/test/auto/arrayType27.xml (RunModel)" time="0.009" />
  <testcase classname="ptolemy.util.test.junit.AutoTests" name="[425] /home/travis/build/icyphy/ptII/ptolemy/actor/lib/test/auto/arrayType28.xml (RunModel)" time="0.009" />
  <testcase classname="ptolemy.util.test.junit.AutoTests" name="[426] /home/travis/build/icyphy/ptII/ptolemy/actor/lib/test/auto/arrayType3.xml (RunModel)" time="0.009" />
  <testcase classname="ptolemy.util.test.junit.AutoTests" name="[427] /home/travis/build/icyphy/ptII/ptolemy/actor/lib/test/auto/arrayType4.xml (RunModel)" time="0.009" />
  <testcase classname="ptolemy.util.test.junit.AutoTests" name="[428] /home/travis/build/icyphy/ptII/ptolemy/actor/lib/test/auto/arrayType5.xml (RunModel)" time="0.009" />
  <testcase classname="ptolemy.util.test.junit.AutoTests" name="[429] /home/travis/build/icyphy/ptII/ptolemy/actor/lib/test/auto/arrayType6.xml (RunModel)" time="0.007" />
  <testcase classname="ptolemy.util.test.junit.AutoTests" name="[430] /home/travis/build/icyphy/ptII/ptolemy/actor/lib/test/auto/arrayType7.xml (RunModel)" time="0.008" />
  <testcase classname="ptolemy.util.test.junit.AutoTests" name="[431] /home/travis/build/icyphy/ptII/ptolemy/actor/lib/test/auto/arrayType8.xml (RunModel)" time="0.008" />
  <testcase classname="ptolemy.util.test.junit.AutoTests" name="[432] /home/travis/build/icyphy/ptII/ptolemy/actor/lib/test/auto/arrayType9.xml (RunModel)" time="0.007" />
  <testcase classname="ptolemy.util.test.junit.AutoTests" name="[433] /home/travis/build/icyphy/ptII/ptolemy/actor/lib/test/auto/cast.xml (RunModel)" time="0.008" />
  <testcase classname="ptolemy.util.test.junit.AutoTests" name="[434] /home/travis/build/icyphy/ptII/ptolemy/actor/lib/test/auto/compositeMultiPort.xml (RunModel)" time="0.016" />
  <testcase classname="ptolemy.util.test.junit.AutoTests" name="[435] /home/travis/build/icyphy/ptII/ptolemy/actor/lib/test/auto/expressionCastInference.xml (RunModel)" time="0.007" />
  <testcase classname="ptolemy.util.test.junit.AutoTests" name="[436] /home/travis/build/icyphy/ptII/ptolemy/actor/lib/test/auto/expressionCastInference2.xml (RunModel)" time="0.007" />
  <testcase classname="ptolemy.util.test.junit.AutoTests" name="[437] /home/travis/build/icyphy/ptII/ptolemy/actor/lib/test/auto/expressionInference.xml (RunModel)" time="0.007" />
  <testcase classname="ptolemy.util.test.junit.AutoTests" name="[438] /home/travis/build/icyphy/ptII/ptolemy/actor/lib/test/auto/expression_bug.xml (RunModel)" time="0.007" />
  <testcase classname="ptolemy.util.test.junit.AutoTests" name="[439] /home/travis/build/icyphy/ptII/ptolemy/actor/lib/test/auto/factorial.xml (RunModel)" time="0.037" />
  <testcase classname="ptolemy.util.test.junit.AutoTests" name="[440] /home/travis/build/icyphy/ptII/ptolemy/actor/lib/test/auto/filterTest1.xml (RunModel)" time="0.011" />
  <testcase classname="ptolemy.util.test.junit.AutoTests" name="[441] /home/travis/build/icyphy/ptII/ptolemy/actor/lib/test/auto/funcApplyInConst.xml (RunModel)" time="0.005" />
  <testcase classname="ptolemy.util.test.junit.AutoTests" name="[442] /home/travis/build/icyphy/ptII/ptolemy/actor/lib/test/auto/funcApplyInExpr.xml (RunModel)" time="0.005" />
  <testcase classname="ptolemy.util.test.junit.AutoTests" name="[443] /home/travis/build/icyphy/ptII/ptolemy/actor/lib/test/auto/function.xml (RunModel)" time="0.008" />
  <testcase classname="ptolemy.util.test.junit.AutoTests" name="[444] /home/travis/build/icyphy/ptII/ptolemy/actor/lib/test/auto/function2.xml (RunModel)" time="0.008" />
  <testcase classname="ptolemy.util.test.junit.AutoTests" name="[445] /home/travis/build/icyphy/ptII/ptolemy/actor/lib/test/auto/function3.xml (RunModel)" time="0.026" />
  <testcase classname="ptolemy.util.test.junit.AutoTests" name="[446] /home/travis/build/icyphy/ptII/ptolemy/actor/lib/test/auto/functionClosureTest1.xml (RunModel)" time="0.009" />
  <testcase classname="ptolemy.util.test.junit.AutoTests" name="[447] /home/travis/build/icyphy/ptII/ptolemy/actor/lib/test/auto/functionClosureTest2.xml (RunModel)" time="0.006" />
  <testcase classname="ptolemy.util.test.junit.AutoTests" name="[448] /home/travis/build/icyphy/ptII/ptolemy/actor/lib/test/auto/functionClosureTest3.xml (RunModel)" time="0.008" />
  <testcase classname="ptolemy.util.test.junit.AutoTests" name="[449] /home/travis/build/icyphy/ptII/ptolemy/actor/lib/test/auto/functionClosureTest4.xml (RunModel)" time="0.011" />
  <testcase classname="ptolemy.util.test.junit.AutoTests" name="[450] /home/travis/build/icyphy/ptII/ptolemy/actor/lib/test/auto/functionClosureTest5.xml (RunModel)" time="0.01" />
  <testcase classname="ptolemy.util.test.junit.AutoTests" name="[451] /home/travis/build/icyphy/ptII/ptolemy/actor/lib/test/auto/functionClosureTest6.xml (RunModel)" time="0.007" />
  <testcase classname="ptolemy.util.test.junit.AutoTests" name="[452] /home/travis/build/icyphy/ptII/ptolemy/actor/lib/test/auto/functionsOnArcs.xml (RunModel)" time="0.009" />
  <testcase classname="ptolemy.util.test.junit.AutoTests" name="[453] /home/travis/build/icyphy/ptII/ptolemy/actor/lib/test/auto/functionsOnArcsHOF.xml (RunModel)" time="0.01" />
  <testcase classname="ptolemy.util.test.junit.AutoTests" name="[454] /home/travis/build/icyphy/ptII/ptolemy/actor/lib/test/auto/logic.xml (RunModel)" time="0.015" />
  <testcase classname="ptolemy.util.test.junit.AutoTests" name="[455] /home/travis/build/icyphy/ptII/ptolemy/actor/lib/test/auto/matrixType.xml (RunModel)" time="0.008" />
  <testcase classname="ptolemy.util.test.junit.AutoTests" name="[456] /home/travis/build/icyphy/ptII/ptolemy/actor/lib/test/auto/matrixType10.xml (RunModel)" time="0.007" />
  <testcase classname="ptolemy.util.test.junit.AutoTests" name="[457] /home/travis/build/icyphy/ptII/ptolemy/actor/lib/test/auto/matrixType11.xml (RunModel)" time="0.007" />
  <testcase classname="ptolemy.util.test.junit.AutoTests" name="[458] /home/travis/build/icyphy/ptII/ptolemy/actor/lib/test/auto/matrixType12.xml (RunModel)" time="0.008" />
  <testcase classname="ptolemy.util.test.junit.AutoTests" name="[459] /home/travis/build/icyphy/ptII/ptolemy/actor/lib/test/auto/matrixType13.xml (RunModel)" time="0.007" />
  <testcase classname="ptolemy.util.test.junit.AutoTests" name="[460] /home/travis/build/icyphy/ptII/ptolemy/actor/lib/test/auto/matrixType14.xml (RunModel)" time="0.008" />
  <testcase classname="ptolemy.util.test.junit.AutoTests" name="[461] /home/travis/build/icyphy/ptII/ptolemy/actor/lib/test/auto/matrixType2.xml (RunModel)" time="0.008" />
  <testcase classname="ptolemy.util.test.junit.AutoTests" name="[462] /home/travis/build/icyphy/ptII/ptolemy/actor/lib/test/auto/matrixType3.xml (RunModel)" time="0.007" />
  <testcase classname="ptolemy.util.test.junit.AutoTests" name="[463] /home/travis/build/icyphy/ptII/ptolemy/actor/lib/test/auto/matrixType4.xml (RunModel)" time="0.007" />
  <testcase classname="ptolemy.util.test.junit.AutoTests" name="[464] /home/travis/build/icyphy/ptII/ptolemy/actor/lib/test/auto/matrixType5.xml (RunModel)" time="0.008" />
  <testcase classname="ptolemy.util.test.junit.AutoTests" name="[465] /home/travis/build/icyphy/ptII/ptolemy/actor/lib/test/auto/matrixType6.xml (RunModel)" time="0.007" />
  <testcase classname="ptolemy.util.test.junit.AutoTests" name="[466] /home/travis/build/icyphy/ptII/ptolemy/actor/lib/test/auto/matrixType7.xml (RunModel)" time="0.008" />
  <testcase classname="ptolemy.util.test.junit.AutoTests" name="[467] /home/travis/build/icyphy/ptII/ptolemy/actor/lib/test/auto/matrixType8.xml (RunModel)" time="0.008" />
  <testcase classname="ptolemy.util.test.junit.AutoTests" name="[468] /home/travis/build/icyphy/ptII/ptolemy/actor/lib/test/auto/matrixType9.xml (RunModel)" time="0.007" />
  <testcase classname="ptolemy.util.test.junit.AutoTests" name="[469] /home/travis/build/icyphy/ptII/ptolemy/actor/lib/test/auto/paraFunctest.xml (RunModel)" time="0.006" />
  <testcase classname="ptolemy.util.test.junit.AutoTests" name="[470] /home/travis/build/icyphy/ptII/ptolemy/actor/lib/test/auto/paraFunctest2.xml (RunModel)" time="0.006" />
  <testcase classname="ptolemy.util.test.junit.AutoTests" name="[471] /home/travis/build/icyphy/ptII/ptolemy/actor/lib/test/auto/parameterPassing.xml (RunModel)" time="0.007" />
  <testcase classname="ptolemy.util.test.junit.AutoTests" name="[472] /home/travis/build/icyphy/ptII/ptolemy/actor/lib/test/auto/record.xml (RunModel)" time="0.008" />
  <testcase classname="ptolemy.util.test.junit.AutoTests" name="[473] /home/travis/build/icyphy/ptII/ptolemy/actor/lib/test/auto/sizedarray1.xml (RunModel)" time="0.016" />
  <testcase classname="ptolemy.util.test.junit.AutoTests" name="[474] /home/travis/build/icyphy/ptII/ptolemy/actor/lib/test/auto/sizedarray2.xml (RunModel)" time="0.009" />
  <testcase classname="ptolemy.util.test.junit.AutoTests" name="[475] /home/travis/build/icyphy/ptII/ptolemy/actor/lib/test/auto/twoPublishers.xml (RunModel)" time="0.019" />
  <system-out><![CDATA[/home/travis/build/icyphy/ptII/ptolemy/actor/lib/test/AbsoluteValue.tcl
testDefs.tcl: setting time out to 9000 seconds at Tue Jun 12 00:00:51 UTC 2018
76 ms. Memory: 116224K Free: 107860K (93%)
4 ms. Memory: 116224K Free: 106658K (92%)
4 ms. Memory: 116224K Free: 106053K (91%)
4 ms. Memory: 116224K Free: 104859K (90%)
/home/travis/build/icyphy/ptII/ptolemy/actor/lib/test/AddSubtract.tcl
8 ms. Memory: 116224K Free: 103051K (89%)
8 ms. Memory: 116224K Free: 102446K (88%)
10 ms. Memory: 116224K Free: 101260K (87%)
6 ms. Memory: 116224K Free: 100671K (87%)
5 ms. Memory: 116224K Free: 100074K (86%)
3 ms. Memory: 116224K Free: 99468K (86%)
/home/travis/build/icyphy/ptII/ptolemy/actor/lib/test/Average.tcl
17 ms. Memory: 116224K Free: 97669K (84%)
15 ms. Memory: 116224K Free: 96474K (83%)
/home/travis/build/icyphy/ptII/ptolemy/actor/lib/test/Bernoulli.tcl
4 ms. Memory: 116224K Free: 94683K (81%)
2 ms. Memory: 116224K Free: 94094K (81%)
/home/travis/build/icyphy/ptII/ptolemy/actor/lib/test/Clock.tcl
preinitializing
resolving types
initializing
executing number 1
wrapping up
idle
11 ms. Memory: 116224K Free: 91689K (79%)
Completed execution with 5 iterations
preinitializing
resolving types
initializing
executing number 1
wrapping up
idle
3 ms. Memory: 116224K Free: 91100K (78%)
Completed execution with 5 iterations
preinitializing
resolving types
initializing
executing number 1
wrapping up
idle
3 ms. Memory: 116224K Free: 90487K (78%)
Completed execution with 5 iterations
/home/travis/build/icyphy/ptII/ptolemy/actor/lib/test/Commutator.tcl
5 ms. Memory: 116224K Free: 88720K (76%)
5 ms. Memory: 116224K Free: 87526K (75%)
8 ms. Memory: 116224K Free: 82561K (71%)
/home/travis/build/icyphy/ptII/ptolemy/actor/lib/test/Const.tcl
3 ms. Memory: 116224K Free: 81121K (70%)
16 ms. Memory: 146944K Free: 139938K (95%)
3 ms. Memory: 146944K Free: 139938K (95%)
2 ms. Memory: 146944K Free: 138727K (94%)
1 ms. Memory: 146944K Free: 138727K (94%)
12 ms. Memory: 146944K Free: 136335K (93%)
4 ms. Memory: 146944K Free: 136335K (93%)
3 ms. Memory: 146944K Free: 135139K (92%)
/home/travis/build/icyphy/ptII/ptolemy/actor/lib/test/CurrentTime.tcl
preinitializing
resolving types
initializing
executing number 1
wrapping up
idle
9 ms. Memory: 146944K Free: 132731K (90%)
Completed execution with 11 iterations
/home/travis/build/icyphy/ptII/ptolemy/actor/lib/test/DB.tcl
3 ms. Memory: 146944K Free: 131535K (90%)
1 ms. Memory: 146944K Free: 130339K (89%)
2 ms. Memory: 146944K Free: 130339K (89%)
/home/travis/build/icyphy/ptII/ptolemy/actor/lib/test/DiscreteRandomSource.tcl
preinitializing
resolving types
initializing
executing number 1
wrapping up
idle
4 ms. Memory: 146944K Free: 129143K (88%)
Completed execution with 4 iterations
preinitializing
resolving types
initializing
executing number 1
wrapping up
idle
2 ms. Memory: 146944K Free: 127947K (87%)
Completed execution with 4 iterations
preinitializing
resolving types
initializing
executing number 1
wrapping up
idle
7 ms. Memory: 146944K Free: 127947K (87%)
Completed execution with 4 iterations
preinitializing
resolving types
initializing
executing number 1
wrapping up
idle
3 ms. Memory: 146944K Free: 126743K (86%)
Completed execution with 4 iterations
preinitializing
resolving types
initializing
executing number 1
wrapping up
idle
10 ms. Memory: 146944K Free: 126743K (86%)
Completed execution with 4 iterations
/home/travis/build/icyphy/ptII/ptolemy/actor/lib/test/Distributor.tcl
7 ms. Memory: 146944K Free: 125547K (85%)
3 ms. Memory: 146944K Free: 124351K (85%)
StreamChangeRequest.changeExecuted(): <deleteEntity name="rec2"/> succeeded
StreamChangeRequest.changeExecuted(): <deleteRelation name="r2"/> succeeded
StreamChangeRequest.changeExecuted(): Record firings per iteration succeeded
5 ms. Memory: 146944K Free: 121943K (83%)
/home/travis/build/icyphy/ptII/ptolemy/actor/lib/test/Exit.tcl
Exit.tcl: this will print a message about Manager.exitAfterWrapup, which can be ignored.
6 ms. Memory: 146944K Free: 117708K (80%)
/home/travis/build/icyphy/ptII/ptolemy/actor/lib/test/Expression.tcl
12 ms. Memory: 146944K Free: 114080K (78%)
19 ms. Memory: 146944K Free: 114080K (78%)
3 ms. Memory: 146944K Free: 112884K (77%)
preinitializing
resolving types
initializing
executing number 1
wrapping up
idle
5 ms. Memory: 146944K Free: 111688K (76%)
Completed execution with 6 iterations
4 ms. Memory: 146944K Free: 110492K (75%)
3 ms. Memory: 146944K Free: 109296K (74%)
4 ms. Memory: 146944K Free: 108100K (74%)
4 ms. Memory: 146944K Free: 106904K (73%)
4 ms. Memory: 146944K Free: 105708K (72%)
/home/travis/build/icyphy/ptII/ptolemy/actor/lib/test/Gaussian.tcl
4 ms. Memory: 146944K Free: 104512K (71%)
sleeping 1 seconds: .......................................................................................................................................................................................................................................................................................................................................................................................................................................................................................................................................................................................................................................................................................................................................................................................................................................................................................................................................................................................................................................................................................................................................................................................................................................................................................................................................................................................................................................................................................................................................................................................................................................................................................................................................................................................................................................................................................................................................................................................................................................................................................................................................................................................................................................................................................................................................................................................................................................................................................................................................................................................................................................................................................................................................................................................................................................................................................................................................................................................................................................................................................................................................................................................................................................................................................................................................................................................................................................................................................................................................................................................................................................................................................................................................................................................................................................................................................................................................................................................................................................................................................................................................................................................................................................................................................................................................................................................................................................................................................................................................................................................................................................................................................................................................................................................................................................................................................................................................................................................................................................................................................................................................................................................................................................................................................................................................................................................................................................................................................................................................................................................................................................................................................................................................................................................................................................................................................................................................................................................................................................................................................................................................................................................................................................................................................................................................................................................................................................................................................................................................................................................................................................................................................................................................................................................................................................................................................................................................................................................................................................................................................................................................................................................................................................................................................................................................................................................................................................................................................................................................................................................................................................................................................................................................................................................................................................................................................................................................................................................................................................................................................................................................................................................................................................................................................................................................................................................................................................................................................................................................................................................................................................................................................................................................................................................................................................................................................................................................................................................................................................................................................................................................................................................................................................................................................................................................................................................................................................................................................................................................................................................................................................................................................................................................................................................................................................................................................................................................................................................................................................................................................................................................................................................................................................................................................................................................................................................................................................................................................................................................................................................................................................................................................................................................................................................................................................................................................................................................................................................................................................................................................................................................................................................................................................................................................................................................................................................................................................................................................................................................................................................................................................................................................................................................................................................................................................................................................................................................................................................................................................................................................................................................................................................................................................................................................................................................................................................................................................................................................................................................................................................................................................................................................................................................................................................................................................................................................................................................................................................................................................................................................................................................................................................................................................................................................................................................................................................................................................................................................................................................................................................................................................................................................................................................................................................................................................................................................................................................................................................................................................................................................................................................................................................................................................................................................................................................................................................................................................................................................................................................................................................................................................................................................................................................................................................................................................................................................................................................................................................................................................................................................................................................................................................................................................................................................................................................................................................................................................................................................................................................................................................................................................................................................................................................................................................................................................................................................................................................................................................................................................................................................................................................................................................................................................................................................................................................................................................................................................................................................................................................................................................................................................................................................................................................................................................................................................................................................................................................................................................................................................................................................................................................................................................................................................................................................................................................................................................................................................................................................................................................................................................................................................................................................................................................................................................................................................................................................................................................................................................................................................................................................................................................................................................................................................................................................................................................................................................................................................................................................................................................................................................................................................................................................................................................................................................................................................................................................................................................................................................................................................................................................................................................................................................................................................................................................................................................................................................................................................................................................................................................................................................................................................................................................................................................................................................................................................................................................................................................................................................................................................................................................................................................................................................................................................................................................................................................................................................................................................................................................................................................................................................................................................................................................................................................................................................................................................................................................................................................................................................................................................................................................................................................................................................................................................................................................................................................................................................................................................................................................................................................................................................................................................................................................................................................................................................................................................................................................................................................................................................................................................................................................................................................................................................................................................................................................................................................................................................................................................................................................................................................................................................................................................................................................................................................................................................................................................................................................................................................................................................................................................................................................................................................................................................................................................................................................................................................................................................................................................................................................................................................................................................................................................................................................................................................................................................................................................................................................................................................................................................................................................................................................................................................................................................................................................................................................................................................................................................................................................................................................................................................................................................................................................................................................................................................................................................................................................................................................................................................................................................................................................................................................................................................................................................................................................................................................................................................................................................................................................................................................................................................................................................................................................................................................................................................................................................................................................................................................................................................................................................................................................................................................................................................................................................................................................................................................................................................................................................................................................................................................................................................................................................................................................................................................................................................................................................................................................................................................................................................................................................................................................................................................................................................................................................................................................................................................................................................................................................................................................................................................................................................................................................................................................................................................................................................................................................................................................................................................................................................................................................................................................................................................................................................................................................................................................................................................................................................................................................................................................................................................................................................................................................................................................................................................................................................................................................................................................................................................................................................................................................................................................................................................................................................................................................................................................................................................................................................................................................................................................................................................................................................................................................................................................................................................................................................................................................................................................................................................................................................................................................................................................................................................................................................................................................................................................................................................................................................................................................................................................................................................................................................................................................................................................................................................................................................................................................................................................................................................................................................................................................................................................................................................................................................................................................................................................................................................................................................................................................................................................................................................................................................................................................................................................................................................................................................................................................................................................................................................................................................................................................................................................................................................................................................................................................................................................................................................................................................................................................................................................................................................................................................................................................................................................................................................................................................................................................................................................................................................................................................................................................................................................................................................................................................................................................................................................................................................................................................................................................................................................................................................................................................................................................................................................................................................................................................................................................................................................................................................................................................................................................................................................................................................................................................................................................................................................................................................................................................................................................................................................................................................................................................................................................................................................................................................................................................................................................................................................................................................................................................................................................................................................................................................................................................................................................................................................................................................................................................................................................................................................................................................................................................................................................................................................................................................................................................................................................................................................................................................................................................................................................................................................................................................................................................................................................................................................................................................................................................................................................................................................................................................................................................................................................................................................................................................................................................................................................................................................................................................................................................................................................................................................................................................................................................................................................................................................................................................................................................................................................................................................................................................................................................................................................................................................................................................................................................................................................................................................................................................................................................................................................................................................................................................................................................................................................................................................................................................................................................................................................................................................................................................................................................................................................................................................................................................................................................................................................................................................................................................................................................................................................................................................................................................................................................................................................................................................................................................................................................................................................................................................................................................................................................................................................................................................................................................................................................................................................................................................................................................................................................................................................................................................................................................................................................................................................................................................................................................................................................................................................................................................................................................................................................................................................................................................................................................................................................................................................................................................................................................................................................................................................................................................................................................................................................................................................................................................................................................................................................................................................................................................................................................................................................................................................................................................................................................................................................................................................................................................................................................................................................................................................................................................................................................................................................................................................................................................................................................................................................................................................................................................................................................................................................................................................................................................................................................................................................................................................................................................................................................................................................................................................................................................................................................................................................................................................................................................................................................................................................................................................................................................................................................................................................................................................................................................................................................................................................................................................................................................................................................................................................................................................................................................................................................................................................................................................................................................................................................................................................................................................................................................................................................................................................................................................................................................................................................................................................................................................................................................................................................................................................................................................................................................................................................................................................................................................................................................................................................................................................................................................................................................................................................................................................................................................................................................................................................................................................................................................................................................................................................................................................................................................................................................................................................................................................................................................................................................................................................................................................................................................................................................................................................................................................................................................................................................................................................................................................................................................................................................................................................................................................................................................................................................................................................................................................................................................................................................................................................................................................................................................................................................................................................................................................................................................................................................................................................................................................................................................................................................................................................................................................................................................................................................................................................................................................................................................................................................................................................................................................................................................................................................................................................................................................................................................................................................................................................................................................................................................................................................................................................................................................................................................................................................................................................................................................................................................................................................................................................................................................................................................................................................................................................................................................................................................................................................................................................................................................................................................................................................................................................................................................................................................................................................................................................................................................................7 ms. Memory: 208384K Free: 82953K (40%)
3 ms. Memory: 208384K Free: 82953K (40%)
2 ms. Memory: 208384K Free: 82953K (40%)
8 ms. Memory: 208384K Free: 82953K (40%)
5 ms. Memory: 208384K Free: 80556K (39%)
/home/travis/build/icyphy/ptII/ptolemy/actor/lib/test/IIR.tcl
/home/travis/build/icyphy/ptII/ptolemy/actor/lib/test/Interpolator.tcl
5 ms. Memory: 208384K Free: 200270K (96%)
3 ms. Memory: 208384K Free: 197855K (95%)
2 ms. Memory: 208384K Free: 197855K (95%)
2 ms. Memory: 208384K Free: 197855K (95%)
5 ms. Memory: 208384K Free: 197855K (95%)
10 ms. Memory: 208384K Free: 195441K (94%)
10 ms. Memory: 208384K Free: 195441K (94%)
2 ms. Memory: 208384K Free: 195441K (94%)
2 ms. Memory: 208384K Free: 193026K (93%)
2 ms. Memory: 208384K Free: 193026K (93%)
/home/travis/build/icyphy/ptII/ptolemy/actor/lib/test/MathFunction.tcl
4 ms. Memory: 208384K Free: 190611K (91%)
2 ms. Memory: 208384K Free: 188197K (90%)
2 ms. Memory: 208384K Free: 188197K (90%)
2 ms. Memory: 208384K Free: 188197K (90%)
4 ms. Memory: 208384K Free: 185782K (89%)
5 ms. Memory: 208384K Free: 183367K (88%)
/home/travis/build/icyphy/ptII/ptolemy/actor/lib/test/Maximum.tcl
3 ms. Memory: 208384K Free: 183367K (88%)
2 ms. Memory: 208384K Free: 180952K (87%)
2 ms. Memory: 208384K Free: 180952K (87%)
3 ms. Memory: 208384K Free: 180952K (87%)
/home/travis/build/icyphy/ptII/ptolemy/actor/lib/test/Minimum.tcl
6 ms. Memory: 208384K Free: 178538K (86%)
6 ms. Memory: 208384K Free: 178538K (86%)
2 ms. Memory: 208384K Free: 176123K (85%)
2 ms. Memory: 208384K Free: 176123K (85%)
/home/travis/build/icyphy/ptII/ptolemy/actor/lib/test/MultiplyDivide.tcl
4 ms. Memory: 208384K Free: 173708K (83%)
2 ms. Memory: 208384K Free: 173708K (83%)
2 ms. Memory: 208384K Free: 173708K (83%)
3 ms. Memory: 208384K Free: 171293K (82%)
2 ms. Memory: 208384K Free: 171293K (82%)
/home/travis/build/icyphy/ptII/ptolemy/actor/lib/test/OrderedMerge.tcl
Connections changed on port: inputA
Connections changed on port: inputB
Connections changed on port: output
Connections changed on port: output
Connections changed on port: output
Connections changed on port: input
.top. Preinitializing ...
Invoking preinitialize():  .top.OrderedMerge
Called preinitialize()
Invoking preinitialize():  .top.Ramp
Called preinitialize()
Invoking preinitialize():  .top.Ramp2
Called preinitialize()
Invoking preinitialize():  .top.Test
Called preinitialize()
Connections changed on port: inputA
Connections changed on port: output
Connections changed on port: inputB
Connections changed on port: output
Connections changed on port: output
Connections changed on port: input
.top. Finished preinitialize().
Called initialize().
Invoking initialize():  .top.OrderedMerge
Initializing actor: .top.OrderedMerge
Adding a thread: .top.OrderedMerge
Invoking initialize():  .top.Ramp
Initializing actor: .top.Ramp
Adding a thread: .top.Ramp
Invoking initialize():  .top.Ramp2
Initializing actor: .top.Ramp2
Adding a thread: .top.Ramp2
Invoking initialize():  .top.Test
Initializing actor: .top.Test
Adding a thread: .top.Test
-- Starting thread.
Called initialize()
Called prefire()
Called fire()
-- Starting thread.
Called initialize()
Called prefire()
Called fire()
Called postfire()
Called prefire()
Called fire()
-- Starting thread.
Called initialize()
Called prefire()
Called fire()
Called postfire()
Called prefire()
Called fire()
Called fire().
Checking for deadlock:
There are 3 Blocked actors, 0 Stopped actors, and 4 active threads.
Waiting for actors to stop.
-- Starting thread.
Called initialize()
Called prefire()
Called fire()
Checking for deadlock:
There are 2 Blocked actors, 0 Stopped actors, and 4 active threads.
Waiting for actors to stop.
Called postfire()
Called prefire()
Called fire()
Checking for deadlock:
There are 3 Blocked actors, 0 Stopped actors, and 4 active threads.
Waiting for actors to stop.
Read input token from inputA with value 0.0
Next port to read input from is inputB
Called postfire()
Called prefire()
Called fire()
Checking for deadlock:
There are 2 Blocked actors, 0 Stopped actors, and 4 active threads.
Waiting for actors to stop.
Called postfire()
Called prefire()
Called fire()
Checking for deadlock:
There are 3 Blocked actors, 0 Stopped actors, and 4 active threads.
Waiting for actors to stop.
Read input token from inputB with value 0.0
Checking for deadlock:
There are 2 Blocked actors, 0 Stopped actors, and 4 active threads.
Waiting for actors to stop.
-- Read input: 0.0, which is expected to match: 0.0
Called prefire()
Called fire()
Checking for deadlock:
There are 3 Blocked actors, 0 Stopped actors, and 4 active threads.
Waiting for actors to stop.
Sent output token with value 0.0
Next port to read input from is inputA
Called postfire()
Called prefire()
Called fire()
Checking for deadlock:
There are 2 Blocked actors, 0 Stopped actors, and 4 active threads.
Waiting for actors to stop.
Called postfire()
Called prefire()
Called fire()
Checking for deadlock:
There are 3 Blocked actors, 0 Stopped actors, and 4 active threads.
Waiting for actors to stop.
Read input token from inputA with value 1.0
Checking for deadlock:
There are 2 Blocked actors, 0 Stopped actors, and 4 active threads.
Waiting for actors to stop.
-- Read input: 0.0, which is expected to match: 0.0
Called prefire()
Called fire()
Checking for deadlock:
There are 3 Blocked actors, 0 Stopped actors, and 4 active threads.
Waiting for actors to stop.
Sent output token with value 0.0
Next port to read input from is inputB
Called postfire()
Called prefire()
Called fire()
Checking for deadlock:
There are 2 Blocked actors, 0 Stopped actors, and 4 active threads.
Waiting for actors to stop.
Called postfire()
Called prefire()
Called fire()
Checking for deadlock:
There are 3 Blocked actors, 0 Stopped actors, and 4 active threads.
Waiting for actors to stop.
Read input token from inputB with value 1.5
Checking for deadlock:
There are 2 Blocked actors, 0 Stopped actors, and 4 active threads.
Waiting for actors to stop.
-- Read input: 1.0, which is expected to match: 1.0
Called prefire()
Called fire()
Checking for deadlock:
There are 3 Blocked actors, 0 Stopped actors, and 4 active threads.
Waiting for actors to stop.
Sent output token with value 1.0
Next port to read input from is inputA
Called postfire()
Called prefire()
Called fire()
Checking for deadlock:
There are 2 Blocked actors, 0 Stopped actors, and 4 active threads.
Waiting for actors to stop.
Called postfire()
Called prefire()
Called fire()
Checking for deadlock:
There are 3 Blocked actors, 0 Stopped actors, and 4 active threads.
Waiting for actors to stop.
Read input token from inputA with value 2.0
Checking for deadlock:
There are 2 Blocked actors, 0 Stopped actors, and 4 active threads.
Waiting for actors to stop.
-- Read input: 1.5, which is expected to match: 1.5
Called prefire()
Called fire()
Checking for deadlock:
There are 3 Blocked actors, 0 Stopped actors, and 4 active threads.
Waiting for actors to stop.
Sent output token with value 1.5
Next port to read input from is inputB
Called postfire()
Called prefire()
Called fire()
Checking for deadlock:
There are 2 Blocked actors, 0 Stopped actors, and 4 active threads.
Waiting for actors to stop.
Called postfire()
Called prefire()
Called fire()
Checking for deadlock:
There are 3 Blocked actors, 0 Stopped actors, and 4 active threads.
Waiting for actors to stop.
Read input token from inputB with value 3.0
Checking for deadlock:
There are 2 Blocked actors, 0 Stopped actors, and 4 active threads.
Waiting for actors to stop.
-- Read input: 2.0, which is expected to match: 2.0
Called prefire()
Called fire()
Checking for deadlock:
There are 3 Blocked actors, 0 Stopped actors, and 4 active threads.
Waiting for actors to stop.
Sent output token with value 2.0
Next port to read input from is inputA
Called postfire()
Called prefire()
Called fire()
Checking for deadlock:
There are 2 Blocked actors, 0 Stopped actors, and 4 active threads.
Waiting for actors to stop.
Called postfire()
Called prefire()
Called fire()
Checking for deadlock:
There are 3 Blocked actors, 0 Stopped actors, and 4 active threads.
Waiting for actors to stop.
Read input token from inputA with value 3.0
Checking for deadlock:
There are 2 Blocked actors, 0 Stopped actors, and 4 active threads.
Waiting for actors to stop.
-- Read input: 3.0, which is expected to match: 3.0
Called prefire()
Called fire()
Checking for deadlock:
There are 3 Blocked actors, 0 Stopped actors, and 4 active threads.
Waiting for actors to stop.
Sent output token with value 3.0
Next port to read input from is inputB
Called postfire()
Called prefire()
Called fire()
Checking for deadlock:
There are 2 Blocked actors, 0 Stopped actors, and 4 active threads.
Waiting for actors to stop.
Called postfire()
Called prefire()
Called fire()
Checking for deadlock:
There are 3 Blocked actors, 0 Stopped actors, and 4 active threads.
Waiting for actors to stop.
Read input token from inputB with value 4.5
Checking for deadlock:
There are 2 Blocked actors, 0 Stopped actors, and 4 active threads.
Waiting for actors to stop.
-- Read input: 3.0, which is expected to match: 3.0
Called prefire()
Called fire()
Checking for deadlock:
There are 3 Blocked actors, 0 Stopped actors, and 4 active threads.
Waiting for actors to stop.
Sent output token with value 3.0
Next port to read input from is inputA
Called postfire()
Called prefire()
Called fire()
Checking for deadlock:
There are 2 Blocked actors, 0 Stopped actors, and 4 active threads.
Waiting for actors to stop.
Called postfire()
Called prefire()
Called fire()
Checking for deadlock:
There are 3 Blocked actors, 0 Stopped actors, and 4 active threads.
Waiting for actors to stop.
Read input token from inputA with value 4.0
Checking for deadlock:
There are 2 Blocked actors, 0 Stopped actors, and 4 active threads.
Waiting for actors to stop.
-- Read input: 4.0, which is expected to match: 4.0
Called prefire()
Called fire()
Past the end of training data. Read and discard all inputs.
Checking for deadlock:
There are 3 Blocked actors, 0 Stopped actors, and 4 active threads.
Waiting for actors to stop.
Sent output token with value 4.0
Next port to read input from is inputA
Called postfire()
Called prefire()
Called fire()
Checking for deadlock:
There are 2 Blocked actors, 0 Stopped actors, and 4 active threads.
Waiting for actors to stop.
Called postfire()
Called prefire()
Called fire()
Checking for deadlock:
There are 3 Blocked actors, 0 Stopped actors, and 4 active threads.
Waiting for actors to stop.
Read input token from inputA with value 5.0
Checking for deadlock:
There are 2 Blocked actors, 0 Stopped actors, and 4 active threads.
Waiting for actors to stop.
Called prefire()
Called fire()
Past the end of training data. Read and discard all inputs.
Checking for deadlock:
There are 3 Blocked actors, 0 Stopped actors, and 4 active threads.
Waiting for actors to stop.
Sent output token with value 4.5
Next port to read input from is inputB
Called postfire()
Called prefire()
Called fire()
Checking for deadlock:
There are 2 Blocked actors, 0 Stopped actors, and 4 active threads.
Waiting for actors to stop.
Called postfire()
Called prefire()
Called fire()
Checking for deadlock:
There are 3 Blocked actors, 0 Stopped actors, and 4 active threads.
Waiting for actors to stop.
Read input token from inputB with value 6.0
Checking for deadlock:
There are 2 Blocked actors, 0 Stopped actors, and 4 active threads.
Waiting for actors to stop.
Called prefire()
Called fire()
Past the end of training data. Read and discard all inputs.
Checking for deadlock:
There are 3 Blocked actors, 0 Stopped actors, and 4 active threads.
Waiting for actors to stop.
Sent output token with value 5.0
Next port to read input from is inputA
Called postfire()
Called prefire()
Called fire()
Checking for deadlock:
There are 2 Blocked actors, 0 Stopped actors, and 4 active threads.
Waiting for actors to stop.
Called postfire()
Called prefire()
Called fire()
Checking for deadlock:
There are 3 Blocked actors, 0 Stopped actors, and 4 active threads.
Waiting for actors to stop.
Read input token from inputA with value 6.0
Checking for deadlock:
There are 2 Blocked actors, 0 Stopped actors, and 4 active threads.
Waiting for actors to stop.
Called prefire()
Called fire()
Past the end of training data. Read and discard all inputs.
Checking for deadlock:
There are 3 Blocked actors, 0 Stopped actors, and 4 active threads.
Waiting for actors to stop.
Sent output token with value 6.0
Next port to read input from is inputB
Called postfire()
Called prefire()
Called fire()
Checking for deadlock:
There are 2 Blocked actors, 0 Stopped actors, and 4 active threads.
Waiting for actors to stop.
Called postfire()
Called prefire()
Called fire()
Checking for deadlock:
There are 3 Blocked actors, 0 Stopped actors, and 4 active threads.
Waiting for actors to stop.
Read input token from inputB with value 7.5
Checking for deadlock:
There are 2 Blocked actors, 0 Stopped actors, and 4 active threads.
Waiting for actors to stop.
Called prefire()
Called fire()
Past the end of training data. Read and discard all inputs.
Checking for deadlock:
There are 3 Blocked actors, 0 Stopped actors, and 4 active threads.
Waiting for actors to stop.
Sent output token with value 6.0
Next port to read input from is inputA
Called postfire()
Called prefire()
Called fire()
Checking for deadlock:
There are 2 Blocked actors, 0 Stopped actors, and 4 active threads.
Waiting for actors to stop.
Called postfire()
Called prefire()
Called fire()
Checking for deadlock:
There are 3 Blocked actors, 0 Stopped actors, and 4 active threads.
Waiting for actors to stop.
Read input token from inputA with value 7.0
Checking for deadlock:
There are 2 Blocked actors, 0 Stopped actors, and 4 active threads.
Waiting for actors to stop.
Called prefire()
Called fire()
Past the end of training data. Read and discard all inputs.
Checking for deadlock:
There are 3 Blocked actors, 0 Stopped actors, and 4 active threads.
Waiting for actors to stop.
Sent output token with value 7.0
Next port to read input from is inputA
Called postfire()
Called prefire()
Called fire()
Checking for deadlock:
There are 2 Blocked actors, 0 Stopped actors, and 4 active threads.
Waiting for actors to stop.
-- Thread wrapup() called.
Called wrapup()
Thread .top.Ramp is exiting.
-- Thread stopped.
Checking for deadlock:
There are 2 Blocked actors, 0 Stopped actors, and 3 active threads.
Waiting for actors to stop.
Read input token from inputA with value 8.0
Checking for deadlock:
There are 1 Blocked actors, 0 Stopped actors, and 3 active threads.
Waiting for actors to stop.
Called prefire()
Called fire()
Past the end of training data. Read and discard all inputs.
Checking for deadlock:
There are 2 Blocked actors, 0 Stopped actors, and 3 active threads.
Waiting for actors to stop.
Sent output token with value 7.5
Next port to read input from is inputB
Called postfire()
Called prefire()
Called fire()
Checking for deadlock:
There are 1 Blocked actors, 0 Stopped actors, and 3 active threads.
Waiting for actors to stop.
Called postfire()
Called prefire()
Called fire()
Checking for deadlock:
There are 2 Blocked actors, 0 Stopped actors, and 3 active threads.
Waiting for actors to stop.
Read input token from inputB with value 9.0
Checking for deadlock:
There are 1 Blocked actors, 0 Stopped actors, and 3 active threads.
Waiting for actors to stop.
Called prefire()
Called fire()
Past the end of training data. Read and discard all inputs.
Checking for deadlock:
There are 2 Blocked actors, 0 Stopped actors, and 3 active threads.
Waiting for actors to stop.
Sent output token with value 8.0
Next port to read input from is inputA
Called postfire()
Called prefire()
Called fire()
Read input token from inputA with value 9.0
Checking for deadlock:
There are 1 Blocked actors, 0 Stopped actors, and 3 active threads.
Waiting for actors to stop.
Called prefire()
Called fire()
Past the end of training data. Read and discard all inputs.
Checking for deadlock:
There are 2 Blocked actors, 0 Stopped actors, and 3 active threads.
Waiting for actors to stop.
Sent output token with value 9.0
Next port to read input from is inputB
Called postfire()
Called prefire()
Called fire()
Checking for deadlock:
There are 1 Blocked actors, 0 Stopped actors, and 3 active threads.
Waiting for actors to stop.
Called postfire()
Called prefire()
Called fire()
Checking for deadlock:
There are 2 Blocked actors, 0 Stopped actors, and 3 active threads.
Waiting for actors to stop.
Read input token from inputB with value 10.5
Checking for deadlock:
There are 1 Blocked actors, 0 Stopped actors, and 3 active threads.
Waiting for actors to stop.
Called prefire()
Called fire()
Past the end of training data. Read and discard all inputs.
Checking for deadlock:
There are 2 Blocked actors, 0 Stopped actors, and 3 active threads.
Waiting for actors to stop.
Sent output token with value 9.0
Next port to read input from is inputA
Called postfire()
Called prefire()
Called fire()
Checking for deadlock:
There are 3 Blocked actors, 0 Stopped actors, and 3 active threads.
Actors have stopped.
Checking for deadlock:
There are 3 Blocked actors, 0 Stopped actors, and 3 active threads.
Deadlock detected.
Resolving Deadlock
Checking for deadlock:
There are 3 Blocked actors, 0 Stopped actors, and 3 active threads.
Artificial Deadlock - increasing queue capacity.
increasing the capacity of receiver ptolemy.actor.TypedIOPort {.top.OrderedMerge.inputB} to 2
Director: Called postfire().
Called postfire().
_stopRequested = false
_stopFireRequested = false
Returning from postfire(): true
Called fire().
Checking for deadlock:
There are 2 Blocked actors, 0 Stopped actors, and 3 active threads.
Waiting for actors to stop.
-- Thread wrapup() called.
Called wrapup()
Thread .top.Ramp2 is exiting.
-- Thread stopped.
Checking for deadlock:
There are 2 Blocked actors, 0 Stopped actors, and 2 active threads.
Actors have stopped.
Checking for deadlock:
There are 2 Blocked actors, 0 Stopped actors, and 2 active threads.
Deadlock detected.
Resolving Deadlock
Checking for deadlock:
There are 2 Blocked actors, 0 Stopped actors, and 2 active threads.
Deadlock detected: no processes blocked on write, but some are blocked on read.
Called postfire().
_stopRequested = false
_stopFireRequested = false
Returning from postfire(): false
Finished deactivating branches.
Called wrapup().
-- Thread wrapup() called.
Called wrapup()
Thread .top.Test is exiting.
-- Thread stopped.
-- Blocked Receiver call threw TerminateProcessException.
-- Thread wrapup() called.
Called wrapup()
Thread .top.OrderedMerge is exiting.
21 ms. Memory: 208384K Free: 163963K (79%)
.top. Preinitializing ...
Invoking preinitialize():  .top.OrderedMerge
Called preinitialize()
Invoking preinitialize():  .top.Ramp
Called preinitialize()
Invoking preinitialize():  .top.Ramp2
Called preinitialize()
Invoking preinitialize():  .top.Test
Called preinitialize()
.top. Finished preinitialize().
Called initialize().
Invoking initialize():  .top.OrderedMerge
Initializing actor: .top.OrderedMerge
Adding a thread: .top.OrderedMerge
Invoking initialize():  .top.Ramp
Initializing actor: .top.Ramp
Adding a thread: .top.Ramp
Invoking initialize():  .top.Ramp2
Initializing actor: .top.Ramp2
Adding a thread: .top.Ramp2
Invoking initialize():  .top.Test
Initializing actor: .top.Test
Adding a thread: .top.Test
-- Thread stopped.
-- Blocked Receiver call threw TerminateProcessException.
-- Starting thread.
Called initialize()
Called prefire()
Called fire()
-- Starting thread.
Called initialize()
Called prefire()
Called fire()
Called postfire()
Called prefire()
Called fire()
-- Starting thread.
Called initialize()
Called prefire()
Called fire()
Called postfire()
Called prefire()
Called fire()
Called fire().
Checking for deadlock:
There are 3 Blocked actors, 0 Stopped actors, and 4 active threads.
Waiting for actors to stop.
-- Starting thread.
Called initialize()
Called prefire()
Called fire()
Checking for deadlock:
There are 2 Blocked actors, 0 Stopped actors, and 4 active threads.
Waiting for actors to stop.
Called postfire()
Called prefire()
Called fire()
Checking for deadlock:
There are 3 Blocked actors, 0 Stopped actors, and 4 active threads.
Waiting for actors to stop.
Read input token from inputA with value 0.0
Next port to read input from is inputB
Called postfire()
Called prefire()
Called fire()
Checking for deadlock:
There are 2 Blocked actors, 0 Stopped actors, and 4 active threads.
Waiting for actors to stop.
Called postfire()
Called prefire()
Called fire()
Checking for deadlock:
There are 3 Blocked actors, 0 Stopped actors, and 4 active threads.
Waiting for actors to stop.
Read input token from inputB with value 0.0
Checking for deadlock:
There are 2 Blocked actors, 0 Stopped actors, and 4 active threads.
Waiting for actors to stop.
-- Read input: 0.0, which is expected to match: 0.0
Called prefire()
Called fire()
Checking for deadlock:
There are 3 Blocked actors, 0 Stopped actors, and 4 active threads.
Waiting for actors to stop.
Sent output token with value 0.0
Next port to read input from is inputA
Called postfire()
Called prefire()
Called fire()
Checking for deadlock:
There are 2 Blocked actors, 0 Stopped actors, and 4 active threads.
Waiting for actors to stop.
Called postfire()
Called prefire()
Called fire()
Checking for deadlock:
There are 3 Blocked actors, 0 Stopped actors, and 4 active threads.
Waiting for actors to stop.
Read input token from inputA with value 1.0
Checking for deadlock:
There are 2 Blocked actors, 0 Stopped actors, and 4 active threads.
Waiting for actors to stop.
-- Read input: 0.0, which is expected to match: 0.0
Called prefire()
Called fire()
Checking for deadlock:
There are 3 Blocked actors, 0 Stopped actors, and 4 active threads.
Waiting for actors to stop.
Sent output token with value 0.0
Next port to read input from is inputB
Called postfire()
Called prefire()
Called fire()
Checking for deadlock:
There are 2 Blocked actors, 0 Stopped actors, and 4 active threads.
Waiting for actors to stop.
Called postfire()
Called prefire()
Called fire()
Checking for deadlock:
There are 3 Blocked actors, 0 Stopped actors, and 4 active threads.
Waiting for actors to stop.
Read input token from inputB with value 1.5
Checking for deadlock:
There are 2 Blocked actors, 0 Stopped actors, and 4 active threads.
Waiting for actors to stop.
-- Read input: 1.0, which is expected to match: 1.0
Called prefire()
Called fire()
Checking for deadlock:
There are 3 Blocked actors, 0 Stopped actors, and 4 active threads.
Waiting for actors to stop.
Sent output token with value 1.0
Next port to read input from is inputA
Called postfire()
Called prefire()
Called fire()
Checking for deadlock:
There are 2 Blocked actors, 0 Stopped actors, and 4 active threads.
Waiting for actors to stop.
Called postfire()
Called prefire()
Called fire()
Checking for deadlock:
There are 3 Blocked actors, 0 Stopped actors, and 4 active threads.
Waiting for actors to stop.
Read input token from inputA with value 2.0
Checking for deadlock:
There are 2 Blocked actors, 0 Stopped actors, and 4 active threads.
Waiting for actors to stop.
-- Read input: 1.5, which is expected to match: 1.5
Called prefire()
Called fire()
Checking for deadlock:
There are 3 Blocked actors, 0 Stopped actors, and 4 active threads.
Waiting for actors to stop.
Sent output token with value 1.5
Next port to read input from is inputB
Called postfire()
Called prefire()
Called fire()
Checking for deadlock:
There are 2 Blocked actors, 0 Stopped actors, and 4 active threads.
Waiting for actors to stop.
Called postfire()
Called prefire()
Called fire()
Checking for deadlock:
There are 3 Blocked actors, 0 Stopped actors, and 4 active threads.
Waiting for actors to stop.
Read input token from inputB with value 3.0
Checking for deadlock:
There are 2 Blocked actors, 0 Stopped actors, and 4 active threads.
Waiting for actors to stop.
-- Read input: 2.0, which is expected to match: 2.0
Called prefire()
Called fire()
Checking for deadlock:
There are 3 Blocked actors, 0 Stopped actors, and 4 active threads.
Waiting for actors to stop.
Sent output token with value 2.0
Next port to read input from is inputA
Called postfire()
Called prefire()
Called fire()
Checking for deadlock:
There are 2 Blocked actors, 0 Stopped actors, and 4 active threads.
Waiting for actors to stop.
Called postfire()
Called prefire()
Called fire()
Checking for deadlock:
There are 3 Blocked actors, 0 Stopped actors, and 4 active threads.
Waiting for actors to stop.
Read input token from inputA with value 3.0
Checking for deadlock:
There are 2 Blocked actors, 0 Stopped actors, and 4 active threads.
Waiting for actors to stop.
-- Read input: 3.0, which is expected to match: 3.0
Called prefire()
Called fire()
Checking for deadlock:
There are 3 Blocked actors, 0 Stopped actors, and 4 active threads.
Waiting for actors to stop.
Sent output token with value 3.0
Next port to read input from is inputB
Called postfire()
Called prefire()
Called fire()
Checking for deadlock:
There are 2 Blocked actors, 0 Stopped actors, and 4 active threads.
Waiting for actors to stop.
Called postfire()
Called prefire()
Called fire()
Checking for deadlock:
There are 3 Blocked actors, 0 Stopped actors, and 4 active threads.
Waiting for actors to stop.
Read input token from inputB with value 4.5
Checking for deadlock:
There are 2 Blocked actors, 0 Stopped actors, and 4 active threads.
Waiting for actors to stop.
-- Read input: 3.0, which is expected to match: 3.0
Called prefire()
Called fire()
Checking for deadlock:
There are 3 Blocked actors, 0 Stopped actors, and 4 active threads.
Waiting for actors to stop.
Sent output token with value 3.0
Next port to read input from is inputA
Called postfire()
Called prefire()
Called fire()
Checking for deadlock:
There are 2 Blocked actors, 0 Stopped actors, and 4 active threads.
Waiting for actors to stop.
Called postfire()
Called prefire()
Called fire()
Checking for deadlock:
There are 3 Blocked actors, 0 Stopped actors, and 4 active threads.
Waiting for actors to stop.
Read input token from inputA with value 4.0
Checking for deadlock:
There are 2 Blocked actors, 0 Stopped actors, and 4 active threads.
Waiting for actors to stop.
-- Read input: 4.0, which is expected to match: 4.0
Called prefire()
Called fire()
Past the end of training data. Read and discard all inputs.
Checking for deadlock:
There are 3 Blocked actors, 0 Stopped actors, and 4 active threads.
Waiting for actors to stop.
Sent output token with value 4.0
Next port to read input from is inputA
Called postfire()
Called prefire()
Called fire()
Checking for deadlock:
There are 2 Blocked actors, 0 Stopped actors, and 4 active threads.
Waiting for actors to stop.
Called postfire()
Called prefire()
Called fire()
Checking for deadlock:
There are 3 Blocked actors, 0 Stopped actors, and 4 active threads.
Waiting for actors to stop.
Read input token from inputA with value 5.0
Checking for deadlock:
There are 2 Blocked actors, 0 Stopped actors, and 4 active threads.
Waiting for actors to stop.
Called prefire()
Called fire()
Past the end of training data. Read and discard all inputs.
Checking for deadlock:
There are 3 Blocked actors, 0 Stopped actors, and 4 active threads.
Waiting for actors to stop.
Sent output token with value 4.5
Next port to read input from is inputB
Called postfire()
Called prefire()
Called fire()
Checking for deadlock:
There are 2 Blocked actors, 0 Stopped actors, and 4 active threads.
Waiting for actors to stop.
Called postfire()
Called prefire()
Called fire()
Checking for deadlock:
There are 3 Blocked actors, 0 Stopped actors, and 4 active threads.
Waiting for actors to stop.
Read input token from inputB with value 6.0
Checking for deadlock:
There are 2 Blocked actors, 0 Stopped actors, and 4 active threads.
Waiting for actors to stop.
Called prefire()
Called fire()
Past the end of training data. Read and discard all inputs.
Checking for deadlock:
There are 3 Blocked actors, 0 Stopped actors, and 4 active threads.
Waiting for actors to stop.
Sent output token with value 5.0
Next port to read input from is inputA
Called postfire()
Called prefire()
Called fire()
Checking for deadlock:
There are 2 Blocked actors, 0 Stopped actors, and 4 active threads.
Waiting for actors to stop.
Called postfire()
Called prefire()
Called fire()
Checking for deadlock:
There are 3 Blocked actors, 0 Stopped actors, and 4 active threads.
Waiting for actors to stop.
Read input token from inputA with value 6.0
Checking for deadlock:
There are 2 Blocked actors, 0 Stopped actors, and 4 active threads.
Waiting for actors to stop.
Called prefire()
Called fire()
Past the end of training data. Read and discard all inputs.
Checking for deadlock:
There are 3 Blocked actors, 0 Stopped actors, and 4 active threads.
Waiting for actors to stop.
Sent output token with value 6.0
Next port to read input from is inputB
Called postfire()
Called prefire()
Called fire()
Checking for deadlock:
There are 2 Blocked actors, 0 Stopped actors, and 4 active threads.
Waiting for actors to stop.
Called postfire()
Called prefire()
Called fire()
Checking for deadlock:
There are 3 Blocked actors, 0 Stopped actors, and 4 active threads.
Waiting for actors to stop.
Read input token from inputB with value 7.5
Checking for deadlock:
There are 2 Blocked actors, 0 Stopped actors, and 4 active threads.
Waiting for actors to stop.
Called prefire()
Called fire()
Past the end of training data. Read and discard all inputs.
Checking for deadlock:
There are 3 Blocked actors, 0 Stopped actors, and 4 active threads.
Waiting for actors to stop.
Sent output token with value 6.0
Next port to read input from is inputA
Called postfire()
Called prefire()
Called fire()
Checking for deadlock:
There are 2 Blocked actors, 0 Stopped actors, and 4 active threads.
Waiting for actors to stop.
Called postfire()
Called prefire()
Called fire()
Checking for deadlock:
There are 3 Blocked actors, 0 Stopped actors, and 4 active threads.
Waiting for actors to stop.
Read input token from inputA with value 7.0
Checking for deadlock:
There are 2 Blocked actors, 0 Stopped actors, and 4 active threads.
Waiting for actors to stop.
Called prefire()
Called fire()
Past the end of training data. Read and discard all inputs.
Checking for deadlock:
There are 3 Blocked actors, 0 Stopped actors, and 4 active threads.
Waiting for actors to stop.
Sent output token with value 7.0
Next port to read input from is inputA
Called postfire()
Called prefire()
Called fire()
Checking for deadlock:
There are 2 Blocked actors, 0 Stopped actors, and 4 active threads.
Waiting for actors to stop.
-- Thread wrapup() called.
Called wrapup()
Thread .top.Ramp is exiting.
Checking for deadlock:
There are 2 Blocked actors, 0 Stopped actors, and 3 active threads.
Waiting for actors to stop.
-- Thread stopped.
Read input token from inputA with value 8.0
Checking for deadlock:
There are 1 Blocked actors, 0 Stopped actors, and 3 active threads.
Waiting for actors to stop.
Called prefire()
Called fire()
Past the end of training data. Read and discard all inputs.
Checking for deadlock:
There are 2 Blocked actors, 0 Stopped actors, and 3 active threads.
Waiting for actors to stop.
Sent output token with value 7.5
Next port to read input from is inputB
Called postfire()
Called prefire()
Called fire()
Checking for deadlock:
There are 1 Blocked actors, 0 Stopped actors, and 3 active threads.
Waiting for actors to stop.
Called postfire()
Called prefire()
Called fire()
Checking for deadlock:
There are 2 Blocked actors, 0 Stopped actors, and 3 active threads.
Waiting for actors to stop.
Read input token from inputB with value 9.0
Checking for deadlock:
There are 1 Blocked actors, 0 Stopped actors, and 3 active threads.
Waiting for actors to stop.
Called prefire()
Called fire()
Past the end of training data. Read and discard all inputs.
Checking for deadlock:
There are 2 Blocked actors, 0 Stopped actors, and 3 active threads.
Waiting for actors to stop.
Sent output token with value 8.0
Next port to read input from is inputA
Called postfire()
Called prefire()
Called fire()
Read input token from inputA with value 9.0
Checking for deadlock:
There are 1 Blocked actors, 0 Stopped actors, and 3 active threads.
Waiting for actors to stop.
Called prefire()
Called fire()
Past the end of training data. Read and discard all inputs.
Checking for deadlock:
There are 2 Blocked actors, 0 Stopped actors, and 3 active threads.
Waiting for actors to stop.
Sent output token with value 9.0
Next port to read input from is inputB
Called postfire()
Called prefire()
Called fire()
Checking for deadlock:
There are 1 Blocked actors, 0 Stopped actors, and 3 active threads.
Waiting for actors to stop.
Called postfire()
Called prefire()
Called fire()
Checking for deadlock:
There are 2 Blocked actors, 0 Stopped actors, and 3 active threads.
Waiting for actors to stop.
Read input token from inputB with value 10.5
Checking for deadlock:
There are 1 Blocked actors, 0 Stopped actors, and 3 active threads.
Waiting for actors to stop.
Called prefire()
Called fire()
Past the end of training data. Read and discard all inputs.
Checking for deadlock:
There are 2 Blocked actors, 0 Stopped actors, and 3 active threads.
Waiting for actors to stop.
Sent output token with value 9.0
Next port to read input from is inputA
Called postfire()
Called prefire()
Called fire()
Checking for deadlock:
There are 3 Blocked actors, 0 Stopped actors, and 3 active threads.
Actors have stopped.
Checking for deadlock:
There are 3 Blocked actors, 0 Stopped actors, and 3 active threads.
Deadlock detected.
Resolving Deadlock
Checking for deadlock:
There are 3 Blocked actors, 0 Stopped actors, and 3 active threads.
Artificial Deadlock - increasing queue capacity.
increasing the capacity of receiver ptolemy.actor.TypedIOPort {.top.OrderedMerge.inputB} to 2
Director: Called postfire().
Called postfire().
_stopRequested = false
_stopFireRequested = false
Returning from postfire(): true
Called fire().
Checking for deadlock:
There are 2 Blocked actors, 0 Stopped actors, and 3 active threads.
Waiting for actors to stop.
-- Thread wrapup() called.
Called wrapup()
Thread .top.Ramp2 is exiting.
-- Thread stopped.
Checking for deadlock:
There are 2 Blocked actors, 0 Stopped actors, and 2 active threads.
Actors have stopped.
Checking for deadlock:
There are 2 Blocked actors, 0 Stopped actors, and 2 active threads.
Deadlock detected.
Resolving Deadlock
Checking for deadlock:
There are 2 Blocked actors, 0 Stopped actors, and 2 active threads.
Deadlock detected: no processes blocked on write, but some are blocked on read.
Called postfire().
_stopRequested = false
_stopFireRequested = false
Returning from postfire(): false
Finished deactivating branches.
Called wrapup().
-- Thread wrapup() called.
Called wrapup()
Thread .top.Test is exiting.
-- Thread stopped.
-- Blocked Receiver call threw TerminateProcessException.
-- Thread wrapup() called.
Called wrapup()
Thread .top.OrderedMerge is exiting.
11 ms. Memory: 208384K Free: 159048K (76%)
/home/travis/build/icyphy/ptII/ptolemy/actor/lib/test/Publisher.tcl
-- Thread stopped.
-- Blocked Receiver call threw TerminateProcessException.
6 ms. Memory: 208384K Free: 151804K (73%)
8 ms. Memory: 208384K Free: 146975K (71%)
2 ms. Memory: 208384K Free: 142145K (68%)
7 ms. Memory: 208384K Free: 142145K (68%)
3 ms. Memory: 208384K Free: 139731K (67%)
10 ms. Memory: 208384K Free: 139731K (67%)
11 ms. Memory: 208384K Free: 139731K (67%)
3 ms. Memory: 208384K Free: 137316K (66%)
1 ms. Memory: 208384K Free: 130072K (62%)
3 ms. Memory: 208384K Free: 125242K (60%)
2 ms. Memory: 208384K Free: 125242K (60%)
1 ms. Memory: 208384K Free: 122828K (59%)
6 ms. Memory: 208384K Free: 113169K (54%)
6 ms. Memory: 208384K Free: 103510K (50%)
6 ms. Memory: 208384K Free: 91437K (44%)
/home/travis/build/icyphy/ptII/ptolemy/actor/lib/test/Pulse.tcl
2 ms. Memory: 331776K Free: 291563K (88%)
1 ms. Memory: 331776K Free: 291563K (88%)
1 ms. Memory: 331776K Free: 291563K (88%)
2 ms. Memory: 331776K Free: 291563K (88%)
1 ms. Memory: 331776K Free: 291563K (88%)
1 ms. Memory: 331776K Free: 291125K (88%)
2 ms. Memory: 331776K Free: 286386K (86%)
1 ms. Memory: 331776K Free: 286386K (86%)
1 ms. Memory: 331776K Free: 286386K (86%)
/home/travis/build/icyphy/ptII/ptolemy/actor/lib/test/Ramp.tcl
2 ms. Memory: 331776K Free: 286386K (86%)
1 ms. Memory: 331776K Free: 281647K (85%)
1 ms. Memory: 331776K Free: 281647K (85%)
2 ms. Memory: 331776K Free: 281647K (85%)
3 ms. Memory: 331776K Free: 281647K (85%)
3 ms. Memory: 331776K Free: 281647K (85%)
4 ms. Memory: 331776K Free: 281647K (85%)
5 actors
9000 microseconds per iteration to create
13 ms. Memory: 331776K Free: 276909K (83%)
2 ms. Memory: 331776K Free: 276909K (83%)
2 ms. Memory: 331776K Free: 276909K (83%)
1 ms. Memory: 331776K Free: 276909K (83%)
50 actors
42000 microseconds per iteration to create
33 ms. Memory: 331776K Free: 257954K (78%)
6 ms. Memory: 331776K Free: 257954K (78%)
6 ms. Memory: 331776K Free: 257954K (78%)
5 ms. Memory: 331776K Free: 257954K (78%)
500 actors
1249000 microseconds per iteration to create
294 ms. Memory: 331776K Free: 87071K (26%)
54 ms. Memory: 331776K Free: 82332K (25%)
74 ms. Memory: 332288K Free: 313792K (94%)
34 ms. Memory: 332288K Free: 308995K (93%)
/home/travis/build/icyphy/ptII/ptolemy/actor/lib/test/RampContinuous.tcl
6 ms. Memory: 332288K Free: 308710K (93%)
/home/travis/build/icyphy/ptII/ptolemy/actor/lib/test/RecordAssembler.tcl
4 ms. Memory: 332288K Free: 303913K (91%)
3 ms. Memory: 332288K Free: 303913K (91%)
/home/travis/build/icyphy/ptII/ptolemy/actor/lib/test/RecordDisassembler.tcl
4 ms. Memory: 332288K Free: 303913K (91%)
2 ms. Memory: 332288K Free: 303913K (91%)
3 ms. Memory: 332288K Free: 299108K (90%)
/home/travis/build/icyphy/ptII/ptolemy/actor/lib/test/Scale.tcl
2 ms. Memory: 332288K Free: 299108K (90%)
1 ms. Memory: 332288K Free: 299108K (90%)
1 ms. Memory: 332288K Free: 299108K (90%)
1 ms. Memory: 332288K Free: 299108K (90%)
2 ms. Memory: 332288K Free: 294295K (89%)
/home/travis/build/icyphy/ptII/ptolemy/actor/lib/test/SequentialClock.tcl
preinitializing
resolving types
initializing
executing number 1
wrapping up
idle
2 ms. Memory: 332288K Free: 294295K (89%)
Completed execution with 5 iterations
preinitializing
resolving types
initializing
executing number 1
wrapping up
idle
2 ms. Memory: 332288K Free: 294295K (89%)
Completed execution with 5 iterations
preinitializing
resolving types
initializing
executing number 1
wrapping up
idle
1 ms. Memory: 332288K Free: 294295K (89%)
Completed execution with 5 iterations
/home/travis/build/icyphy/ptII/ptolemy/actor/lib/test/SetVariable.tcl
4 ms. Memory: 332288K Free: 294295K (89%)
/home/travis/build/icyphy/ptII/ptolemy/actor/lib/test/Sinewave.tcl
/home/travis/build/icyphy/ptII/ptolemy/actor/lib/test/SubscriptionAggregator.tcl
12 ms. Memory: 332288K Free: 279872K (84%)
3 ms. Memory: 332288K Free: 279872K (84%)
1 ms. Memory: 332288K Free: 275068K (83%)
1 ms. Memory: 332288K Free: 275068K (83%)
1 ms. Memory: 332288K Free: 275068K (83%)
5 ms. Memory: 332288K Free: 270271K (81%)
...............................................................990 ms. Memory: 577536K Free: 161486K (28%)
/home/travis/build/icyphy/ptII/ptolemy/actor/lib/test/Test.tcl
 The next command will produce a warning about training mode,
   which may be ignored.
4 ms. Memory: 577536K Free: 151893K (26%)
2 ms. Memory: 577536K Free: 151893K (26%)
1 ms. Memory: 577536K Free: 151893K (26%)
1 ms. Memory: 577536K Free: 151893K (26%)
2 ms. Memory: 577536K Free: 151893K (26%)
2 ms. Memory: 577536K Free: 151893K (26%)
3 ms. Memory: 577536K Free: 151893K (26%)
 The next command will produce a warning about training mode,
   which may be ignored.
4 ms. Memory: 577536K Free: 151893K (26%)
 The next command will produce a warning about training mode,
   which may be ignored.
13 ms. Memory: 577536K Free: 142301K (25%)
1 ms. Memory: 577536K Free: 142301K (25%)
1 ms. Memory: 577536K Free: 142301K (25%)
1 ms. Memory: 577536K Free: 142301K (25%)
2 ms. Memory: 577536K Free: 142301K (25%)
4 ms. Memory: 577536K Free: 142301K (25%)
/home/travis/build/icyphy/ptII/ptolemy/actor/lib/test/TestExceptionHandler.tcl
 The next command will produce a warning about training mode,
   which may be ignored.
2 ms. Memory: 577536K Free: 142301K (25%)
1 ms. Memory: 577536K Free: 142301K (25%)
0 ms. Memory: 577536K Free: 142301K (25%)
/home/travis/build/icyphy/ptII/ptolemy/actor/lib/test/UnionDisassembler.tcl
26 ms. Memory: 577536K Free: 132708K (23%)
/home/travis/build/icyphy/ptII/ptolemy/actor/lib/test/VariableClock.tcl
preinitializing
resolving types
initializing
executing number 1
wrapping up
idle
9 ms. Memory: 577536K Free: 123099K (21%)
Completed execution with 11 iterations
preinitializing
resolving types
initializing
executing number 1
wrapping up
idle
9 ms. Memory: 577536K Free: 123099K (21%)
Completed execution with 10 iterations
06/12/18 12:00:58
Failed: 0  Total Tests: 234  ((Passed: 234, Newly Passed: 0)  Known Failed: 0) /home/travis/build/icyphy/ptII/ptolemy/actor/lib/test
----------------- testing (KnownFailure) /home/travis/build/icyphy/ptII/ptolemy/actor/lib/test/auto/knownFailedTests/PublisherPortToplevelSubscriber.xml
1 ms. Memory: 577536K Free: 113361K (20%)
Known Failure: java.lang.reflect.InvocationTargetException
----------------- testing (KnownFailure) /home/travis/build/icyphy/ptII/ptolemy/actor/lib/test/auto/knownFailedTests/PublisherSubscriberPortToplevel.xml
2 ms. Memory: 577536K Free: 93884K (16%)
Known Failure: java.lang.reflect.InvocationTargetException
----------------- testing (KnownFailure) /home/travis/build/icyphy/ptII/ptolemy/actor/lib/test/auto/knownFailedTests/PublisherSubscriptionAggregatorPort.xml
1 ms. Memory: 577536K Free: 74407K (13%)
Known Failure: java.lang.reflect.InvocationTargetException
----------------- testing (KnownFailure) /home/travis/build/icyphy/ptII/ptolemy/actor/lib/test/auto/knownFailedTests/sizedarray3.xml
4 ms. Memory: 581120K Free: 533569K (92%)
Known Failure: java.lang.reflect.InvocationTargetException
No auto/linux-amd64/*.xml tests in /home/travis/build/icyphy/ptII/ptolemy/actor/lib/test
AutoTests.java: About to close Vertx.
AutoTests.java: Vertx closed.

===========================================================================================
----------------- testing Tue Jun 12 00:00:58 UTC 2018 /home/travis/build/icyphy/ptII/ptolemy/actor/lib/test/auto/AbsoluteValue.xml
----------------- Instantiating /home/travis/build/icyphy/ptII/ptolemy/actor/lib/test/auto/AbsoluteValue.xml
8 ms. Memory: 581120K Free: 447327K (77%)
----------------- Invoking toplevel() on ptolemy.moml.MoMLSimpleApplication@6dfc8aed
----------------- Done invoking toplevel() on ptolemy.moml.MoMLSimpleApplication@6dfc8aed
reloadAllAccessors: .AbsoluteValue

===========================================================================================
----------------- testing Tue Jun 12 00:00:58 UTC 2018 /home/travis/build/icyphy/ptII/ptolemy/actor/lib/test/auto/AbsoluteValue2.xml
----------------- Instantiating /home/travis/build/icyphy/ptII/ptolemy/actor/lib/test/auto/AbsoluteValue2.xml
4 ms. Memory: 581120K Free: 423529K (73%)
----------------- Invoking toplevel() on ptolemy.moml.MoMLSimpleApplication@2f0a7dbe
----------------- Done invoking toplevel() on ptolemy.moml.MoMLSimpleApplication@2f0a7dbe
reloadAllAccessors: .AbsoluteValue2

===========================================================================================
----------------- testing Tue Jun 12 00:00:58 UTC 2018 /home/travis/build/icyphy/ptII/ptolemy/actor/lib/test/auto/Accumulator.xml
----------------- Instantiating /home/travis/build/icyphy/ptII/ptolemy/actor/lib/test/auto/Accumulator.xml
6 ms. Memory: 581120K Free: 413790K (71%)
----------------- Invoking toplevel() on ptolemy.moml.MoMLSimpleApplication@1f5ede88
----------------- Done invoking toplevel() on ptolemy.moml.MoMLSimpleApplication@1f5ede88
reloadAllAccessors: .Accumulator

===========================================================================================
----------------- testing Tue Jun 12 00:00:58 UTC 2018 /home/travis/build/icyphy/ptII/ptolemy/actor/lib/test/auto/Accumulator2.xml
----------------- Instantiating /home/travis/build/icyphy/ptII/ptolemy/actor/lib/test/auto/Accumulator2.xml
6 ms. Memory: 581120K Free: 404052K (70%)
----------------- Invoking toplevel() on ptolemy.moml.MoMLSimpleApplication@4b58d6a5
----------------- Done invoking toplevel() on ptolemy.moml.MoMLSimpleApplication@4b58d6a5
reloadAllAccessors: .Accumulator2

===========================================================================================
----------------- testing Tue Jun 12 00:00:58 UTC 2018 /home/travis/build/icyphy/ptII/ptolemy/actor/lib/test/auto/Accumulator3.xml
----------------- Instantiating /home/travis/build/icyphy/ptII/ptolemy/actor/lib/test/auto/Accumulator3.xml
2 ms. Memory: 581120K Free: 394314K (68%)
----------------- Invoking toplevel() on ptolemy.moml.MoMLSimpleApplication@9283306
----------------- Done invoking toplevel() on ptolemy.moml.MoMLSimpleApplication@9283306
reloadAllAccessors: .Accumulator3

===========================================================================================
----------------- testing Tue Jun 12 00:00:59 UTC 2018 /home/travis/build/icyphy/ptII/ptolemy/actor/lib/test/auto/ArrayAppend.xml
----------------- Instantiating /home/travis/build/icyphy/ptII/ptolemy/actor/lib/test/auto/ArrayAppend.xml
5 ms. Memory: 581120K Free: 375384K (65%)
----------------- Invoking toplevel() on ptolemy.moml.MoMLSimpleApplication@43c055cd
----------------- Done invoking toplevel() on ptolemy.moml.MoMLSimpleApplication@43c055cd
reloadAllAccessors: .ArrayAppend

===========================================================================================
----------------- testing Tue Jun 12 00:00:59 UTC 2018 /home/travis/build/icyphy/ptII/ptolemy/actor/lib/test/auto/ArrayAppend2.xml
----------------- Instantiating /home/travis/build/icyphy/ptII/ptolemy/actor/lib/test/auto/ArrayAppend2.xml
539 ms. Memory: 581120K Free: 287740K (50%)
----------------- Invoking toplevel() on ptolemy.moml.MoMLSimpleApplication@19e7c74
----------------- Done invoking toplevel() on ptolemy.moml.MoMLSimpleApplication@19e7c74
reloadAllAccessors: .ArrayAppend2

===========================================================================================
----------------- testing Tue Jun 12 00:00:59 UTC 2018 /home/travis/build/icyphy/ptII/ptolemy/actor/lib/test/auto/ArrayAppend3.xml
----------------- Instantiating /home/travis/build/icyphy/ptII/ptolemy/actor/lib/test/auto/ArrayAppend3.xml
5 ms. Memory: 581120K Free: 278002K (48%)
----------------- Invoking toplevel() on ptolemy.moml.MoMLSimpleApplication@335f3262
----------------- Done invoking toplevel() on ptolemy.moml.MoMLSimpleApplication@335f3262
reloadAllAccessors: .ArrayAppend3

===========================================================================================
----------------- testing Tue Jun 12 00:00:59 UTC 2018 /home/travis/build/icyphy/ptII/ptolemy/actor/lib/test/auto/ArrayAppend4.xml
----------------- Instantiating /home/travis/build/icyphy/ptII/ptolemy/actor/lib/test/auto/ArrayAppend4.xml
9 ms. Memory: 581120K Free: 268263K (46%)
----------------- Invoking toplevel() on ptolemy.moml.MoMLSimpleApplication@2eb9f424
----------------- Done invoking toplevel() on ptolemy.moml.MoMLSimpleApplication@2eb9f424
reloadAllAccessors: .ArrayAppend4

===========================================================================================
----------------- testing Tue Jun 12 00:00:59 UTC 2018 /home/travis/build/icyphy/ptII/ptolemy/actor/lib/test/auto/ArrayAppend5.xml
----------------- Instantiating /home/travis/build/icyphy/ptII/ptolemy/actor/lib/test/auto/ArrayAppend5.xml
3 ms. Memory: 581120K Free: 258525K (44%)
----------------- Invoking toplevel() on ptolemy.moml.MoMLSimpleApplication@24f9f58e
----------------- Done invoking toplevel() on ptolemy.moml.MoMLSimpleApplication@24f9f58e
reloadAllAccessors: .ArrayAppend5

===========================================================================================
----------------- testing Tue Jun 12 00:00:59 UTC 2018 /home/travis/build/icyphy/ptII/ptolemy/actor/lib/test/auto/ArrayAppend6.xml
----------------- Instantiating /home/travis/build/icyphy/ptII/ptolemy/actor/lib/test/auto/ArrayAppend6.xml
3 ms. Memory: 581120K Free: 239596K (41%)
----------------- Invoking toplevel() on ptolemy.moml.MoMLSimpleApplication@1b74da8e
----------------- Done invoking toplevel() on ptolemy.moml.MoMLSimpleApplication@1b74da8e
reloadAllAccessors: .ArrayAppend6

===========================================================================================
----------------- testing Tue Jun 12 00:00:59 UTC 2018 /home/travis/build/icyphy/ptII/ptolemy/actor/lib/test/auto/ArrayAppendPerformanceTest.xml
----------------- Instantiating /home/travis/build/icyphy/ptII/ptolemy/actor/lib/test/auto/ArrayAppendPerformanceTest.xml
27 ms. Memory: 581120K Free: 224973K (39%)
----------------- Invoking toplevel() on ptolemy.moml.MoMLSimpleApplication@c88c749
----------------- Done invoking toplevel() on ptolemy.moml.MoMLSimpleApplication@c88c749
reloadAllAccessors: .ArrayAppendPerformanceTest

===========================================================================================
----------------- testing Tue Jun 12 00:00:59 UTC 2018 /home/travis/build/icyphy/ptII/ptolemy/actor/lib/test/auto/ArrayAppendWithEmptyInput.xml
----------------- Instantiating /home/travis/build/icyphy/ptII/ptolemy/actor/lib/test/auto/ArrayAppendWithEmptyInput.xml
16 ms. Memory: 581120K Free: 210357K (36%)
----------------- Invoking toplevel() on ptolemy.moml.MoMLSimpleApplication@47b9b746
----------------- Done invoking toplevel() on ptolemy.moml.MoMLSimpleApplication@47b9b746
reloadAllAccessors: .ArrayAppendWithEmptyInput

===========================================================================================
----------------- testing Tue Jun 12 00:00:59 UTC 2018 /home/travis/build/icyphy/ptII/ptolemy/actor/lib/test/auto/ArrayAverage.xml
----------------- Instantiating /home/travis/build/icyphy/ptII/ptolemy/actor/lib/test/auto/ArrayAverage.xml
9 ms. Memory: 581120K Free: 195750K (34%)
----------------- Invoking toplevel() on ptolemy.moml.MoMLSimpleApplication@5daf46ec
----------------- Done invoking toplevel() on ptolemy.moml.MoMLSimpleApplication@5daf46ec
reloadAllAccessors: .ArrayAverage

===========================================================================================
----------------- testing Tue Jun 12 00:00:59 UTC 2018 /home/travis/build/icyphy/ptII/ptolemy/actor/lib/test/auto/ArrayContains.xml
----------------- Instantiating /home/travis/build/icyphy/ptII/ptolemy/actor/lib/test/auto/ArrayContains.xml
6 ms. Memory: 581120K Free: 176820K (30%)
----------------- Invoking toplevel() on ptolemy.moml.MoMLSimpleApplication@3dde4fa1
----------------- Done invoking toplevel() on ptolemy.moml.MoMLSimpleApplication@3dde4fa1
reloadAllAccessors: .ArrayContains

===========================================================================================
----------------- testing Tue Jun 12 00:01:00 UTC 2018 /home/travis/build/icyphy/ptII/ptolemy/actor/lib/test/auto/ArrayElement.xml
----------------- Instantiating /home/travis/build/icyphy/ptII/ptolemy/actor/lib/test/auto/ArrayElement.xml
13 ms. Memory: 581120K Free: 167082K (29%)
----------------- Invoking toplevel() on ptolemy.moml.MoMLSimpleApplication@7513afcd
----------------- Done invoking toplevel() on ptolemy.moml.MoMLSimpleApplication@7513afcd
reloadAllAccessors: .ArrayElement

===========================================================================================
----------------- testing Tue Jun 12 00:01:00 UTC 2018 /home/travis/build/icyphy/ptII/ptolemy/actor/lib/test/auto/ArrayElementAsMatrix.xml
----------------- Instantiating /home/travis/build/icyphy/ptII/ptolemy/actor/lib/test/auto/ArrayElementAsMatrix.xml
13 ms. Memory: 581120K Free: 152459K (26%)
----------------- Invoking toplevel() on ptolemy.moml.MoMLSimpleApplication@15745d9a
----------------- Done invoking toplevel() on ptolemy.moml.MoMLSimpleApplication@15745d9a
reloadAllAccessors: .ArrayElementAsMatrix

===========================================================================================
----------------- testing Tue Jun 12 00:01:00 UTC 2018 /home/travis/build/icyphy/ptII/ptolemy/actor/lib/test/auto/ArrayElementI.xml
----------------- Instantiating /home/travis/build/icyphy/ptII/ptolemy/actor/lib/test/auto/ArrayElementI.xml
3 ms. Memory: 581120K Free: 142720K (25%)
----------------- Invoking toplevel() on ptolemy.moml.MoMLSimpleApplication@15bb7862
----------------- Done invoking toplevel() on ptolemy.moml.MoMLSimpleApplication@15bb7862
reloadAllAccessors: .ArrayElementI

===========================================================================================
----------------- testing Tue Jun 12 00:01:00 UTC 2018 /home/travis/build/icyphy/ptII/ptolemy/actor/lib/test/auto/ArrayExtract.xml
----------------- Instantiating /home/travis/build/icyphy/ptII/ptolemy/actor/lib/test/auto/ArrayExtract.xml
8 ms. Memory: 581120K Free: 123791K (21%)
----------------- Invoking toplevel() on ptolemy.moml.MoMLSimpleApplication@4fb9361
----------------- Done invoking toplevel() on ptolemy.moml.MoMLSimpleApplication@4fb9361
reloadAllAccessors: .ArrayExtract

===========================================================================================
----------------- testing Tue Jun 12 00:01:00 UTC 2018 /home/travis/build/icyphy/ptII/ptolemy/actor/lib/test/auto/ArrayExtract2.xml
----------------- Instantiating /home/travis/build/icyphy/ptII/ptolemy/actor/lib/test/auto/ArrayExtract2.xml
4 ms. Memory: 581120K Free: 114053K (20%)
----------------- Invoking toplevel() on ptolemy.moml.MoMLSimpleApplication@5d14c853
----------------- Done invoking toplevel() on ptolemy.moml.MoMLSimpleApplication@5d14c853
reloadAllAccessors: .ArrayExtract2

===========================================================================================
----------------- testing Tue Jun 12 00:01:00 UTC 2018 /home/travis/build/icyphy/ptII/ptolemy/actor/lib/test/auto/ArrayLength.xml
----------------- Instantiating /home/travis/build/icyphy/ptII/ptolemy/actor/lib/test/auto/ArrayLength.xml
3 ms. Memory: 581120K Free: 104314K (18%)
----------------- Invoking toplevel() on ptolemy.moml.MoMLSimpleApplication@5101ec62
----------------- Done invoking toplevel() on ptolemy.moml.MoMLSimpleApplication@5101ec62
reloadAllAccessors: .ArrayLength

===========================================================================================
----------------- testing Tue Jun 12 00:01:00 UTC 2018 /home/travis/build/icyphy/ptII/ptolemy/actor/lib/test/auto/ArrayLevelCrossing.xml
----------------- Instantiating /home/travis/build/icyphy/ptII/ptolemy/actor/lib/test/auto/ArrayLevelCrossing.xml
5 ms. Memory: 581120K Free: 84830K (15%)
----------------- Invoking toplevel() on ptolemy.moml.MoMLSimpleApplication@8642c38
----------------- Done invoking toplevel() on ptolemy.moml.MoMLSimpleApplication@8642c38
reloadAllAccessors: .ArrayLevelCrossing

===========================================================================================
----------------- testing Tue Jun 12 00:01:00 UTC 2018 /home/travis/build/icyphy/ptII/ptolemy/actor/lib/test/auto/ArrayLevelCrossing2.xml
----------------- Instantiating /home/travis/build/icyphy/ptII/ptolemy/actor/lib/test/auto/ArrayLevelCrossing2.xml
9 ms. Memory: 581120K Free: 65900K (11%)
----------------- Invoking toplevel() on ptolemy.moml.MoMLSimpleApplication@12e85e25
----------------- Done invoking toplevel() on ptolemy.moml.MoMLSimpleApplication@12e85e25
reloadAllAccessors: .ArrayLevelCrossing2

===========================================================================================
----------------- testing Tue Jun 12 00:01:00 UTC 2018 /home/travis/build/icyphy/ptII/ptolemy/actor/lib/test/auto/ArrayPeakSearch.xml
----------------- Instantiating /home/travis/build/icyphy/ptII/ptolemy/actor/lib/test/auto/ArrayPeakSearch.xml
46 ms. Memory: 878080K Free: 833090K (95%)
----------------- Invoking toplevel() on ptolemy.moml.MoMLSimpleApplication@554df232
----------------- Done invoking toplevel() on ptolemy.moml.MoMLSimpleApplication@554df232
reloadAllAccessors: .ArrayPeakSearch

===========================================================================================
----------------- testing Tue Jun 12 00:01:00 UTC 2018 /home/travis/build/icyphy/ptII/ptolemy/actor/lib/test/auto/ArrayPeakSearch2.xml
----------------- Instantiating /home/travis/build/icyphy/ptII/ptolemy/actor/lib/test/auto/ArrayPeakSearch2.xml
13 ms. Memory: 878080K Free: 795063K (91%)
----------------- Invoking toplevel() on ptolemy.moml.MoMLSimpleApplication@58e5c2b
----------------- Done invoking toplevel() on ptolemy.moml.MoMLSimpleApplication@58e5c2b
reloadAllAccessors: .ArrayPeakSearch2

===========================================================================================
----------------- testing Tue Jun 12 00:01:00 UTC 2018 /home/travis/build/icyphy/ptII/ptolemy/actor/lib/test/auto/ArrayPeakSearch3.xml
----------------- Instantiating /home/travis/build/icyphy/ptII/ptolemy/actor/lib/test/auto/ArrayPeakSearch3.xml
4 ms. Memory: 878080K Free: 779461K (89%)
----------------- Invoking toplevel() on ptolemy.moml.MoMLSimpleApplication@3a7b7fd0
----------------- Done invoking toplevel() on ptolemy.moml.MoMLSimpleApplication@3a7b7fd0
reloadAllAccessors: .ArrayPeakSearch3

===========================================================================================
----------------- testing Tue Jun 12 00:01:00 UTC 2018 /home/travis/build/icyphy/ptII/ptolemy/actor/lib/test/auto/ArrayRemoveElement.xml
----------------- Instantiating /home/travis/build/icyphy/ptII/ptolemy/actor/lib/test/auto/ArrayRemoveElement.xml
6 ms. Memory: 878080K Free: 763868K (87%)
----------------- Invoking toplevel() on ptolemy.moml.MoMLSimpleApplication@70bdc4d5
----------------- Done invoking toplevel() on ptolemy.moml.MoMLSimpleApplication@70bdc4d5
reloadAllAccessors: .ArrayRemoveElement

===========================================================================================
----------------- testing Tue Jun 12 00:01:00 UTC 2018 /home/travis/build/icyphy/ptII/ptolemy/actor/lib/test/auto/ArraySort.xml
----------------- Instantiating /home/travis/build/icyphy/ptII/ptolemy/actor/lib/test/auto/ArraySort.xml
5 ms. Memory: 878080K Free: 748267K (85%)
----------------- Invoking toplevel() on ptolemy.moml.MoMLSimpleApplication@50da8196
----------------- Done invoking toplevel() on ptolemy.moml.MoMLSimpleApplication@50da8196
reloadAllAccessors: .ArraySort

===========================================================================================
----------------- testing Tue Jun 12 00:01:00 UTC 2018 /home/travis/build/icyphy/ptII/ptolemy/actor/lib/test/auto/ArraySum.xml
----------------- Instantiating /home/travis/build/icyphy/ptII/ptolemy/actor/lib/test/auto/ArraySum.xml
2 ms. Memory: 878080K Free: 727466K (83%)
----------------- Invoking toplevel() on ptolemy.moml.MoMLSimpleApplication@1f966c7b
----------------- Done invoking toplevel() on ptolemy.moml.MoMLSimpleApplication@1f966c7b
reloadAllAccessors: .ArraySum

===========================================================================================
----------------- testing Tue Jun 12 00:01:00 UTC 2018 /home/travis/build/icyphy/ptII/ptolemy/actor/lib/test/auto/ArrayToElements.xml
----------------- Instantiating /home/travis/build/icyphy/ptII/ptolemy/actor/lib/test/auto/ArrayToElements.xml
10 ms. Memory: 878080K Free: 717076K (82%)
----------------- Invoking toplevel() on ptolemy.moml.MoMLSimpleApplication@6d363e97
----------------- Done invoking toplevel() on ptolemy.moml.MoMLSimpleApplication@6d363e97
reloadAllAccessors: .ArrayToElements

===========================================================================================
----------------- testing Tue Jun 12 00:01:00 UTC 2018 /home/travis/build/icyphy/ptII/ptolemy/actor/lib/test/auto/ArrayToMatrix.xml
----------------- Instantiating /home/travis/build/icyphy/ptII/ptolemy/actor/lib/test/auto/ArrayToMatrix.xml
7 ms. Memory: 878080K Free: 696279K (79%)
----------------- Invoking toplevel() on ptolemy.moml.MoMLSimpleApplication@51e30fcc
----------------- Done invoking toplevel() on ptolemy.moml.MoMLSimpleApplication@51e30fcc
reloadAllAccessors: .ArrayToMatrix

===========================================================================================
----------------- testing Tue Jun 12 00:01:00 UTC 2018 /home/travis/build/icyphy/ptII/ptolemy/actor/lib/test/auto/ArrayUpdate1.xml
----------------- Instantiating /home/travis/build/icyphy/ptII/ptolemy/actor/lib/test/auto/ArrayUpdate1.xml
3 ms. Memory: 878080K Free: 685889K (78%)
----------------- Invoking toplevel() on ptolemy.moml.MoMLSimpleApplication@4d92aa4a
----------------- Done invoking toplevel() on ptolemy.moml.MoMLSimpleApplication@4d92aa4a
reloadAllAccessors: .ArrayUpdate1

===========================================================================================
----------------- testing Tue Jun 12 00:01:00 UTC 2018 /home/travis/build/icyphy/ptII/ptolemy/actor/lib/test/auto/ArrayUpdate2.xml
----------------- Instantiating /home/travis/build/icyphy/ptII/ptolemy/actor/lib/test/auto/ArrayUpdate2.xml
4 ms. Memory: 878080K Free: 675499K (77%)
----------------- Invoking toplevel() on ptolemy.moml.MoMLSimpleApplication@281354b1
----------------- Done invoking toplevel() on ptolemy.moml.MoMLSimpleApplication@281354b1
reloadAllAccessors: .ArrayUpdate2

===========================================================================================
----------------- testing Tue Jun 12 00:01:00 UTC 2018 /home/travis/build/icyphy/ptII/ptolemy/actor/lib/test/auto/ArrayUpdate3.xml
----------------- Instantiating /home/travis/build/icyphy/ptII/ptolemy/actor/lib/test/auto/ArrayUpdate3.xml
2 ms. Memory: 878080K Free: 654698K (75%)
----------------- Invoking toplevel() on ptolemy.moml.MoMLSimpleApplication@560baed1
----------------- Done invoking toplevel() on ptolemy.moml.MoMLSimpleApplication@560baed1
reloadAllAccessors: .ArrayUpdate3

===========================================================================================
----------------- testing Tue Jun 12 00:01:00 UTC 2018 /home/travis/build/icyphy/ptII/ptolemy/actor/lib/test/auto/Assert1.xml
----------------- Instantiating /home/travis/build/icyphy/ptII/ptolemy/actor/lib/test/auto/Assert1.xml
3 ms. Memory: 878080K Free: 644307K (73%)
----------------- Invoking toplevel() on ptolemy.moml.MoMLSimpleApplication@1ce74d29
----------------- Done invoking toplevel() on ptolemy.moml.MoMLSimpleApplication@1ce74d29
reloadAllAccessors: .Assert1

===========================================================================================
----------------- testing Tue Jun 12 00:01:00 UTC 2018 /home/travis/build/icyphy/ptII/ptolemy/actor/lib/test/auto/Assert2.xml
----------------- Instantiating /home/travis/build/icyphy/ptII/ptolemy/actor/lib/test/auto/Assert2.xml
10 ms. Memory: 878080K Free: 633917K (72%)
----------------- Invoking toplevel() on ptolemy.moml.MoMLSimpleApplication@5199d2d0
----------------- Done invoking toplevel() on ptolemy.moml.MoMLSimpleApplication@5199d2d0
reloadAllAccessors: .Assert2

===========================================================================================
----------------- testing Tue Jun 12 00:01:00 UTC 2018 /home/travis/build/icyphy/ptII/ptolemy/actor/lib/test/auto/BooleanMultiplexor.xml
----------------- Instantiating /home/travis/build/icyphy/ptII/ptolemy/actor/lib/test/auto/BooleanMultiplexor.xml
2 ms. Memory: 878080K Free: 623527K (71%)
----------------- Invoking toplevel() on ptolemy.moml.MoMLSimpleApplication@4054c63c
----------------- Done invoking toplevel() on ptolemy.moml.MoMLSimpleApplication@4054c63c
reloadAllAccessors: .BooleanMultiplexor

===========================================================================================
----------------- testing Tue Jun 12 00:01:00 UTC 2018 /home/travis/build/icyphy/ptII/ptolemy/actor/lib/test/auto/BooleanMultiplexor2.xml
----------------- Instantiating /home/travis/build/icyphy/ptII/ptolemy/actor/lib/test/auto/BooleanMultiplexor2.xml
12 ms. Memory: 878080K Free: 613137K (70%)
----------------- Invoking toplevel() on ptolemy.moml.MoMLSimpleApplication@23bbe35e
----------------- Done invoking toplevel() on ptolemy.moml.MoMLSimpleApplication@23bbe35e
reloadAllAccessors: .BooleanMultiplexor2

===========================================================================================
----------------- testing Tue Jun 12 00:01:00 UTC 2018 /home/travis/build/icyphy/ptII/ptolemy/actor/lib/test/auto/BooleanMultiplexor3.xml
----------------- Instantiating /home/travis/build/icyphy/ptII/ptolemy/actor/lib/test/auto/BooleanMultiplexor3.xml
4 ms. Memory: 878080K Free: 592336K (67%)
----------------- Invoking toplevel() on ptolemy.moml.MoMLSimpleApplication@bbd687d
----------------- Done invoking toplevel() on ptolemy.moml.MoMLSimpleApplication@bbd687d
reloadAllAccessors: .BooleanMultiplexor3

===========================================================================================
----------------- testing Tue Jun 12 00:01:00 UTC 2018 /home/travis/build/icyphy/ptII/ptolemy/actor/lib/test/auto/BooleanSelect.xml
----------------- Instantiating /home/travis/build/icyphy/ptII/ptolemy/actor/lib/test/auto/BooleanSelect.xml
7 ms. Memory: 878080K Free: 581945K (66%)
----------------- Invoking toplevel() on ptolemy.moml.MoMLSimpleApplication@5c70613
----------------- Done invoking toplevel() on ptolemy.moml.MoMLSimpleApplication@5c70613
reloadAllAccessors: .BooleanSelect

===========================================================================================
----------------- testing Tue Jun 12 00:01:01 UTC 2018 /home/travis/build/icyphy/ptII/ptolemy/actor/lib/test/auto/BooleanSelect2.xml
----------------- Instantiating /home/travis/build/icyphy/ptII/ptolemy/actor/lib/test/auto/BooleanSelect2.xml
2 ms. Memory: 878080K Free: 571555K (65%)
----------------- Invoking toplevel() on ptolemy.moml.MoMLSimpleApplication@1dc4f73e
----------------- Done invoking toplevel() on ptolemy.moml.MoMLSimpleApplication@1dc4f73e
reloadAllAccessors: .BooleanSelect2

===========================================================================================
----------------- testing Tue Jun 12 00:01:01 UTC 2018 /home/travis/build/icyphy/ptII/ptolemy/actor/lib/test/auto/BooleanSwitch.xml
----------------- Instantiating /home/travis/build/icyphy/ptII/ptolemy/actor/lib/test/auto/BooleanSwitch.xml
4 ms. Memory: 878080K Free: 561165K (64%)
----------------- Invoking toplevel() on ptolemy.moml.MoMLSimpleApplication@665814dc
----------------- Done invoking toplevel() on ptolemy.moml.MoMLSimpleApplication@665814dc
reloadAllAccessors: .BooleanSwitch

===========================================================================================
----------------- testing Tue Jun 12 00:01:01 UTC 2018 /home/travis/build/icyphy/ptII/ptolemy/actor/lib/test/auto/BooleanSwitch2.xml
----------------- Instantiating /home/travis/build/icyphy/ptII/ptolemy/actor/lib/test/auto/BooleanSwitch2.xml
1 ms. Memory: 878080K Free: 540364K (62%)
----------------- Invoking toplevel() on ptolemy.moml.MoMLSimpleApplication@6d7c7fe7
----------------- Done invoking toplevel() on ptolemy.moml.MoMLSimpleApplication@6d7c7fe7
reloadAllAccessors: .BooleanSwitch2

===========================================================================================
----------------- testing Tue Jun 12 00:01:01 UTC 2018 /home/travis/build/icyphy/ptII/ptolemy/actor/lib/test/auto/BooleanSwitchCloningBugWithClassRelationGroup.xml
----------------- Instantiating /home/travis/build/icyphy/ptII/ptolemy/actor/lib/test/auto/BooleanSwitchCloningBugWithClassRelationGroup.xml
2 ms. Memory: 878080K Free: 529974K (60%)
----------------- Invoking toplevel() on ptolemy.moml.MoMLSimpleApplication@42f865ef
----------------- Done invoking toplevel() on ptolemy.moml.MoMLSimpleApplication@42f865ef
reloadAllAccessors: .BooleanSwitchCloningBugWithClassRelationGroup

===========================================================================================
----------------- testing Tue Jun 12 00:01:01 UTC 2018 /home/travis/build/icyphy/ptII/ptolemy/actor/lib/test/auto/BusActors.xml
----------------- Instantiating /home/travis/build/icyphy/ptII/ptolemy/actor/lib/test/auto/BusActors.xml
3 ms. Memory: 878080K Free: 514388K (59%)
----------------- Invoking toplevel() on ptolemy.moml.MoMLSimpleApplication@15f7ade1
----------------- Done invoking toplevel() on ptolemy.moml.MoMLSimpleApplication@15f7ade1
reloadAllAccessors: .BusActors

===========================================================================================
----------------- testing Tue Jun 12 00:01:01 UTC 2018 /home/travis/build/icyphy/ptII/ptolemy/actor/lib/test/auto/ClassWrapper.xml
----------------- Instantiating /home/travis/build/icyphy/ptII/ptolemy/actor/lib/test/auto/ClassWrapper.xml
2 ms. Memory: 878080K Free: 503998K (57%)
----------------- Invoking toplevel() on ptolemy.moml.MoMLSimpleApplication@25cd2e6f
----------------- Done invoking toplevel() on ptolemy.moml.MoMLSimpleApplication@25cd2e6f
reloadAllAccessors: .ClassWrapper

===========================================================================================
----------------- testing Tue Jun 12 00:01:01 UTC 2018 /home/travis/build/icyphy/ptII/ptolemy/actor/lib/test/auto/Clock.xml
----------------- Instantiating /home/travis/build/icyphy/ptII/ptolemy/actor/lib/test/auto/Clock.xml
1 ms. Memory: 878080K Free: 493608K (56%)
----------------- Invoking toplevel() on ptolemy.moml.MoMLSimpleApplication@4347357b
----------------- Done invoking toplevel() on ptolemy.moml.MoMLSimpleApplication@4347357b
reloadAllAccessors: .Clock

===========================================================================================
----------------- testing Tue Jun 12 00:01:01 UTC 2018 /home/travis/build/icyphy/ptII/ptolemy/actor/lib/test/auto/Clock10.xml
----------------- Instantiating /home/travis/build/icyphy/ptII/ptolemy/actor/lib/test/auto/Clock10.xml
5 ms. Memory: 878080K Free: 472807K (54%)
----------------- Invoking toplevel() on ptolemy.moml.MoMLSimpleApplication@1008dab7
----------------- Done invoking toplevel() on ptolemy.moml.MoMLSimpleApplication@1008dab7
reloadAllAccessors: .Clock10

===========================================================================================
----------------- testing Tue Jun 12 00:01:01 UTC 2018 /home/travis/build/icyphy/ptII/ptolemy/actor/lib/test/auto/Clock11.xml
----------------- Instantiating /home/travis/build/icyphy/ptII/ptolemy/actor/lib/test/auto/Clock11.xml
6 ms. Memory: 878080K Free: 462417K (53%)
----------------- Invoking toplevel() on ptolemy.moml.MoMLSimpleApplication@294d5937
----------------- Done invoking toplevel() on ptolemy.moml.MoMLSimpleApplication@294d5937
reloadAllAccessors: .Clock11

===========================================================================================
----------------- testing Tue Jun 12 00:01:01 UTC 2018 /home/travis/build/icyphy/ptII/ptolemy/actor/lib/test/auto/Clock12.xml
----------------- Instantiating /home/travis/build/icyphy/ptII/ptolemy/actor/lib/test/auto/Clock12.xml
4 ms. Memory: 878080K Free: 452026K (51%)
----------------- Invoking toplevel() on ptolemy.moml.MoMLSimpleApplication@24472fb1
----------------- Done invoking toplevel() on ptolemy.moml.MoMLSimpleApplication@24472fb1
reloadAllAccessors: .Clock12

===========================================================================================
----------------- testing Tue Jun 12 00:01:01 UTC 2018 /home/travis/build/icyphy/ptII/ptolemy/actor/lib/test/auto/Clock13.xml
----------------- Instantiating /home/travis/build/icyphy/ptII/ptolemy/actor/lib/test/auto/Clock13.xml
8 ms. Memory: 878080K Free: 441636K (50%)
----------------- Invoking toplevel() on ptolemy.moml.MoMLSimpleApplication@370d4e33
----------------- Done invoking toplevel() on ptolemy.moml.MoMLSimpleApplication@370d4e33
reloadAllAccessors: .Clock13

===========================================================================================
----------------- testing Tue Jun 12 00:01:01 UTC 2018 /home/travis/build/icyphy/ptII/ptolemy/actor/lib/test/auto/Clock14.xml
----------------- Instantiating /home/travis/build/icyphy/ptII/ptolemy/actor/lib/test/auto/Clock14.xml
13 ms. Memory: 878080K Free: 431246K (49%)
----------------- Invoking toplevel() on ptolemy.moml.MoMLSimpleApplication@4dbf5a52
----------------- Done invoking toplevel() on ptolemy.moml.MoMLSimpleApplication@4dbf5a52
reloadAllAccessors: .Clock14

===========================================================================================
----------------- testing Tue Jun 12 00:01:01 UTC 2018 /home/travis/build/icyphy/ptII/ptolemy/actor/lib/test/auto/Clock15.xml
----------------- Instantiating /home/travis/build/icyphy/ptII/ptolemy/actor/lib/test/auto/Clock15.xml
6 ms. Memory: 878080K Free: 410445K (47%)
----------------- Invoking toplevel() on ptolemy.moml.MoMLSimpleApplication@759bb98f
----------------- Done invoking toplevel() on ptolemy.moml.MoMLSimpleApplication@759bb98f
reloadAllAccessors: .Clock15

===========================================================================================
----------------- testing Tue Jun 12 00:01:01 UTC 2018 /home/travis/build/icyphy/ptII/ptolemy/actor/lib/test/auto/Clock16.xml
----------------- Instantiating /home/travis/build/icyphy/ptII/ptolemy/actor/lib/test/auto/Clock16.xml
29 ms. Memory: 878080K Free: 389649K (44%)
----------------- Invoking toplevel() on ptolemy.moml.MoMLSimpleApplication@3d3279b
----------------- Done invoking toplevel() on ptolemy.moml.MoMLSimpleApplication@3d3279b
reloadAllAccessors: .Clock16

===========================================================================================
----------------- testing Tue Jun 12 00:01:01 UTC 2018 /home/travis/build/icyphy/ptII/ptolemy/actor/lib/test/auto/Clock17.xml
----------------- Instantiating /home/travis/build/icyphy/ptII/ptolemy/actor/lib/test/auto/Clock17.xml
31 ms. Memory: 878080K Free: 374047K (43%)
----------------- Invoking toplevel() on ptolemy.moml.MoMLSimpleApplication@7fb2fa9b
----------------- Done invoking toplevel() on ptolemy.moml.MoMLSimpleApplication@7fb2fa9b
reloadAllAccessors: .Clock17

===========================================================================================
----------------- testing Tue Jun 12 00:01:01 UTC 2018 /home/travis/build/icyphy/ptII/ptolemy/actor/lib/test/auto/Clock18.xml
----------------- Instantiating /home/travis/build/icyphy/ptII/ptolemy/actor/lib/test/auto/Clock18.xml
23 ms. Memory: 878080K Free: 358462K (41%)
----------------- Invoking toplevel() on ptolemy.moml.MoMLSimpleApplication@74d15f50
----------------- Done invoking toplevel() on ptolemy.moml.MoMLSimpleApplication@74d15f50
reloadAllAccessors: .Clock18

===========================================================================================
----------------- testing Tue Jun 12 00:01:01 UTC 2018 /home/travis/build/icyphy/ptII/ptolemy/actor/lib/test/auto/Clock19.xml
----------------- Instantiating /home/travis/build/icyphy/ptII/ptolemy/actor/lib/test/auto/Clock19.xml
17 ms. Memory: 878080K Free: 332450K (38%)
----------------- Invoking toplevel() on ptolemy.moml.MoMLSimpleApplication@1ab5357d
----------------- Done invoking toplevel() on ptolemy.moml.MoMLSimpleApplication@1ab5357d
reloadAllAccessors: .Clock19

===========================================================================================
----------------- testing Tue Jun 12 00:01:01 UTC 2018 /home/travis/build/icyphy/ptII/ptolemy/actor/lib/test/auto/Clock2.xml
----------------- Instantiating /home/travis/build/icyphy/ptII/ptolemy/actor/lib/test/auto/Clock2.xml
8 ms. Memory: 878080K Free: 322060K (37%)
----------------- Invoking toplevel() on ptolemy.moml.MoMLSimpleApplication@10f376f5
----------------- Done invoking toplevel() on ptolemy.moml.MoMLSimpleApplication@10f376f5
reloadAllAccessors: .Clock2

===========================================================================================
----------------- testing Tue Jun 12 00:01:01 UTC 2018 /home/travis/build/icyphy/ptII/ptolemy/actor/lib/test/auto/Clock20.xml
----------------- Instantiating /home/travis/build/icyphy/ptII/ptolemy/actor/lib/test/auto/Clock20.xml
12 ms. Memory: 878080K Free: 311669K (35%)
----------------- Invoking toplevel() on ptolemy.moml.MoMLSimpleApplication@419fa93b
----------------- Done invoking toplevel() on ptolemy.moml.MoMLSimpleApplication@419fa93b
reloadAllAccessors: .Clock20

===========================================================================================
----------------- testing Tue Jun 12 00:01:01 UTC 2018 /home/travis/build/icyphy/ptII/ptolemy/actor/lib/test/auto/Clock21.xml
----------------- Instantiating /home/travis/build/icyphy/ptII/ptolemy/actor/lib/test/auto/Clock21.xml
7 ms. Memory: 878080K Free: 301279K (34%)
----------------- Invoking toplevel() on ptolemy.moml.MoMLSimpleApplication@13be6de0
----------------- Done invoking toplevel() on ptolemy.moml.MoMLSimpleApplication@13be6de0
reloadAllAccessors: .Clock21

===========================================================================================
----------------- testing Tue Jun 12 00:01:01 UTC 2018 /home/travis/build/icyphy/ptII/ptolemy/actor/lib/test/auto/Clock22.xml
----------------- Instantiating /home/travis/build/icyphy/ptII/ptolemy/actor/lib/test/auto/Clock22.xml
9 ms. Memory: 878080K Free: 290889K (33%)
----------------- Invoking toplevel() on ptolemy.moml.MoMLSimpleApplication@3eb2de07
----------------- Done invoking toplevel() on ptolemy.moml.MoMLSimpleApplication@3eb2de07
reloadAllAccessors: .Clock22

===========================================================================================
----------------- testing Tue Jun 12 00:01:01 UTC 2018 /home/travis/build/icyphy/ptII/ptolemy/actor/lib/test/auto/Clock23.xml
----------------- Instantiating /home/travis/build/icyphy/ptII/ptolemy/actor/lib/test/auto/Clock23.xml
8 ms. Memory: 878080K Free: 270088K (31%)
----------------- Invoking toplevel() on ptolemy.moml.MoMLSimpleApplication@29f8bd06
----------------- Done invoking toplevel() on ptolemy.moml.MoMLSimpleApplication@29f8bd06
reloadAllAccessors: .Clock23

===========================================================================================
----------------- testing Tue Jun 12 00:01:01 UTC 2018 /home/travis/build/icyphy/ptII/ptolemy/actor/lib/test/auto/Clock24.xml
----------------- Instantiating /home/travis/build/icyphy/ptII/ptolemy/actor/lib/test/auto/Clock24.xml
7 ms. Memory: 878080K Free: 259698K (30%)
----------------- Invoking toplevel() on ptolemy.moml.MoMLSimpleApplication@2a9c5b5
----------------- Done invoking toplevel() on ptolemy.moml.MoMLSimpleApplication@2a9c5b5
reloadAllAccessors: .Clock24

===========================================================================================
----------------- testing Tue Jun 12 00:01:01 UTC 2018 /home/travis/build/icyphy/ptII/ptolemy/actor/lib/test/auto/Clock4.xml
----------------- Instantiating /home/travis/build/icyphy/ptII/ptolemy/actor/lib/test/auto/Clock4.xml
2 ms. Memory: 878080K Free: 249308K (28%)
----------------- Invoking toplevel() on ptolemy.moml.MoMLSimpleApplication@47ba6209
----------------- Done invoking toplevel() on ptolemy.moml.MoMLSimpleApplication@47ba6209
reloadAllAccessors: .Clock4

===========================================================================================
----------------- testing Tue Jun 12 00:01:01 UTC 2018 /home/travis/build/icyphy/ptII/ptolemy/actor/lib/test/auto/Clock5.xml
----------------- Instantiating /home/travis/build/icyphy/ptII/ptolemy/actor/lib/test/auto/Clock5.xml
2 ms. Memory: 878080K Free: 238917K (27%)
----------------- Invoking toplevel() on ptolemy.moml.MoMLSimpleApplication@530b6b0
----------------- Done invoking toplevel() on ptolemy.moml.MoMLSimpleApplication@530b6b0
reloadAllAccessors: .Clock5

===========================================================================================
----------------- testing Tue Jun 12 00:01:01 UTC 2018 /home/travis/build/icyphy/ptII/ptolemy/actor/lib/test/auto/Clock6.xml
----------------- Instantiating /home/travis/build/icyphy/ptII/ptolemy/actor/lib/test/auto/Clock6.xml
1 ms. Memory: 878080K Free: 228527K (26%)
----------------- Invoking toplevel() on ptolemy.moml.MoMLSimpleApplication@5a401d32
----------------- Done invoking toplevel() on ptolemy.moml.MoMLSimpleApplication@5a401d32
reloadAllAccessors: .Clock6

===========================================================================================
----------------- testing Tue Jun 12 00:01:01 UTC 2018 /home/travis/build/icyphy/ptII/ptolemy/actor/lib/test/auto/Clock7.xml
----------------- Instantiating /home/travis/build/icyphy/ptII/ptolemy/actor/lib/test/auto/Clock7.xml
2 ms. Memory: 878080K Free: 207726K (24%)
----------------- Invoking toplevel() on ptolemy.moml.MoMLSimpleApplication@74b4d997
----------------- Done invoking toplevel() on ptolemy.moml.MoMLSimpleApplication@74b4d997
reloadAllAccessors: .Clock7

===========================================================================================
----------------- testing Tue Jun 12 00:01:01 UTC 2018 /home/travis/build/icyphy/ptII/ptolemy/actor/lib/test/auto/Clock8.xml
----------------- Instantiating /home/travis/build/icyphy/ptII/ptolemy/actor/lib/test/auto/Clock8.xml
7 ms. Memory: 878080K Free: 197336K (22%)
----------------- Invoking toplevel() on ptolemy.moml.MoMLSimpleApplication@6c2981b5
----------------- Done invoking toplevel() on ptolemy.moml.MoMLSimpleApplication@6c2981b5
reloadAllAccessors: .Clock8

===========================================================================================
----------------- testing Tue Jun 12 00:01:01 UTC 2018 /home/travis/build/icyphy/ptII/ptolemy/actor/lib/test/auto/Clock9.xml
----------------- Instantiating /home/travis/build/icyphy/ptII/ptolemy/actor/lib/test/auto/Clock9.xml
7 ms. Memory: 878080K Free: 186946K (21%)
----------------- Invoking toplevel() on ptolemy.moml.MoMLSimpleApplication@5224abb9
----------------- Done invoking toplevel() on ptolemy.moml.MoMLSimpleApplication@5224abb9
reloadAllAccessors: .Clock9

===========================================================================================
----------------- testing Tue Jun 12 00:01:01 UTC 2018 /home/travis/build/icyphy/ptII/ptolemy/actor/lib/test/auto/CommDistDiscard.xml
----------------- Instantiating /home/travis/build/icyphy/ptII/ptolemy/actor/lib/test/auto/CommDistDiscard.xml
5 ms. Memory: 878080K Free: 176556K (20%)
----------------- Invoking toplevel() on ptolemy.moml.MoMLSimpleApplication@6cf58ef6
----------------- Done invoking toplevel() on ptolemy.moml.MoMLSimpleApplication@6cf58ef6
reloadAllAccessors: .CommDistDiscard

===========================================================================================
----------------- testing Tue Jun 12 00:01:01 UTC 2018 /home/travis/build/icyphy/ptII/ptolemy/actor/lib/test/auto/Commutator.xml
----------------- Instantiating /home/travis/build/icyphy/ptII/ptolemy/actor/lib/test/auto/Commutator.xml
2 ms. Memory: 878080K Free: 155755K (18%)
----------------- Invoking toplevel() on ptolemy.moml.MoMLSimpleApplication@44ce99b6
----------------- Done invoking toplevel() on ptolemy.moml.MoMLSimpleApplication@44ce99b6
reloadAllAccessors: .Commutator

===========================================================================================
----------------- testing Tue Jun 12 00:01:02 UTC 2018 /home/travis/build/icyphy/ptII/ptolemy/actor/lib/test/auto/Commutator2.xml
----------------- Instantiating /home/travis/build/icyphy/ptII/ptolemy/actor/lib/test/auto/Commutator2.xml
2 ms. Memory: 878080K Free: 145364K (17%)
----------------- Invoking toplevel() on ptolemy.moml.MoMLSimpleApplication@29e70f01
----------------- Done invoking toplevel() on ptolemy.moml.MoMLSimpleApplication@29e70f01
reloadAllAccessors: .Commutator2

===========================================================================================
----------------- testing Tue Jun 12 00:01:02 UTC 2018 /home/travis/build/icyphy/ptII/ptolemy/actor/lib/test/auto/Commutator3.xml
----------------- Instantiating /home/travis/build/icyphy/ptII/ptolemy/actor/lib/test/auto/Commutator3.xml
3 ms. Memory: 878080K Free: 134974K (15%)
----------------- Invoking toplevel() on ptolemy.moml.MoMLSimpleApplication@7596c460
----------------- Done invoking toplevel() on ptolemy.moml.MoMLSimpleApplication@7596c460
reloadAllAccessors: .Commutator3

===========================================================================================
----------------- testing Tue Jun 12 00:01:02 UTC 2018 /home/travis/build/icyphy/ptII/ptolemy/actor/lib/test/auto/Compare.xml
----------------- Instantiating /home/travis/build/icyphy/ptII/ptolemy/actor/lib/test/auto/Compare.xml
3 ms. Memory: 878080K Free: 124584K (14%)
----------------- Invoking toplevel() on ptolemy.moml.MoMLSimpleApplication@5fbb03a4
----------------- Done invoking toplevel() on ptolemy.moml.MoMLSimpleApplication@5fbb03a4
reloadAllAccessors: .Compare

===========================================================================================
----------------- testing Tue Jun 12 00:01:02 UTC 2018 /home/travis/build/icyphy/ptII/ptolemy/actor/lib/test/auto/CompareDE.xml
----------------- Instantiating /home/travis/build/icyphy/ptII/ptolemy/actor/lib/test/auto/CompareDE.xml
5 ms. Memory: 878080K Free: 114194K (13%)
----------------- Invoking toplevel() on ptolemy.moml.MoMLSimpleApplication@448fe55e
----------------- Done invoking toplevel() on ptolemy.moml.MoMLSimpleApplication@448fe55e
reloadAllAccessors: .CompareDE

===========================================================================================
----------------- testing Tue Jun 12 00:01:02 UTC 2018 /home/travis/build/icyphy/ptII/ptolemy/actor/lib/test/auto/ComplexDivide.xml
----------------- Instantiating /home/travis/build/icyphy/ptII/ptolemy/actor/lib/test/auto/ComplexDivide.xml
2 ms. Memory: 878080K Free: 93393K (11%)
----------------- Invoking toplevel() on ptolemy.moml.MoMLSimpleApplication@3755581c
----------------- Done invoking toplevel() on ptolemy.moml.MoMLSimpleApplication@3755581c
reloadAllAccessors: .ComplexDivide

===========================================================================================
----------------- testing Tue Jun 12 00:01:02 UTC 2018 /home/travis/build/icyphy/ptII/ptolemy/actor/lib/test/auto/ComputeHistogram.xml
----------------- Instantiating /home/travis/build/icyphy/ptII/ptolemy/actor/lib/test/auto/ComputeHistogram.xml
37 ms. Memory: 878080K Free: 77808K (9%)
----------------- Invoking toplevel() on ptolemy.moml.MoMLSimpleApplication@7f16a053
----------------- Done invoking toplevel() on ptolemy.moml.MoMLSimpleApplication@7f16a053
reloadAllAccessors: .ComputeHistogram

===========================================================================================
----------------- testing Tue Jun 12 00:01:02 UTC 2018 /home/travis/build/icyphy/ptII/ptolemy/actor/lib/test/auto/ConfigurationSelect.xml
----------------- Instantiating /home/travis/build/icyphy/ptII/ptolemy/actor/lib/test/auto/ConfigurationSelect.xml
3 ms. Memory: 878080K Free: 67417K (8%)
----------------- Invoking toplevel() on ptolemy.moml.MoMLSimpleApplication@7cfe3d8b
----------------- Done invoking toplevel() on ptolemy.moml.MoMLSimpleApplication@7cfe3d8b
reloadAllAccessors: .ConfigurationSelect

===========================================================================================
----------------- testing Tue Jun 12 00:01:02 UTC 2018 /home/travis/build/icyphy/ptII/ptolemy/actor/lib/test/auto/ConfigurationSelect2.xml
----------------- Instantiating /home/travis/build/icyphy/ptII/ptolemy/actor/lib/test/auto/ConfigurationSelect2.xml
2 ms. Memory: 878080K Free: 57723K (7%)
----------------- Invoking toplevel() on ptolemy.moml.MoMLSimpleApplication@32989c23
----------------- Done invoking toplevel() on ptolemy.moml.MoMLSimpleApplication@32989c23
reloadAllAccessors: .ConfigurationSelect2

===========================================================================================
----------------- testing Tue Jun 12 00:01:02 UTC 2018 /home/travis/build/icyphy/ptII/ptolemy/actor/lib/test/auto/ConfigurationSwitch.xml
----------------- Instantiating /home/travis/build/icyphy/ptII/ptolemy/actor/lib/test/auto/ConfigurationSwitch.xml
8 ms. Memory: 879104K Free: 821070K (93%)
----------------- Invoking toplevel() on ptolemy.moml.MoMLSimpleApplication@4eb8405c
----------------- Done invoking toplevel() on ptolemy.moml.MoMLSimpleApplication@4eb8405c
reloadAllAccessors: .ConfigurationSwitch

===========================================================================================
----------------- testing Tue Jun 12 00:01:02 UTC 2018 /home/travis/build/icyphy/ptII/ptolemy/actor/lib/test/auto/ConfigurationSwitch2.xml
----------------- Instantiating /home/travis/build/icyphy/ptII/ptolemy/actor/lib/test/auto/ConfigurationSwitch2.xml
2 ms. Memory: 879104K Free: 810680K (92%)
----------------- Invoking toplevel() on ptolemy.moml.MoMLSimpleApplication@3e9883dd
----------------- Done invoking toplevel() on ptolemy.moml.MoMLSimpleApplication@3e9883dd
reloadAllAccessors: .ConfigurationSwitch2

===========================================================================================
----------------- testing Tue Jun 12 00:01:02 UTC 2018 /home/travis/build/icyphy/ptII/ptolemy/actor/lib/test/auto/ConfigurationSwitchCloningBugWithClassRelationGroup.xml
----------------- Instantiating /home/travis/build/icyphy/ptII/ptolemy/actor/lib/test/auto/ConfigurationSwitchCloningBugWithClassRelationGroup.xml
1 ms. Memory: 879104K Free: 800290K (91%)
----------------- Invoking toplevel() on ptolemy.moml.MoMLSimpleApplication@4a350307
----------------- Done invoking toplevel() on ptolemy.moml.MoMLSimpleApplication@4a350307
reloadAllAccessors: .ConfigurationSwitchCloningBugWithClassRelationGroup

===========================================================================================
----------------- testing Tue Jun 12 00:01:02 UTC 2018 /home/travis/build/icyphy/ptII/ptolemy/actor/lib/test/auto/ConfigurationSwitchSelectSDF.xml
----------------- Instantiating /home/travis/build/icyphy/ptII/ptolemy/actor/lib/test/auto/ConfigurationSwitchSelectSDF.xml
3 ms. Memory: 879104K Free: 789899K (90%)
----------------- Invoking toplevel() on ptolemy.moml.MoMLSimpleApplication@a794726
----------------- Done invoking toplevel() on ptolemy.moml.MoMLSimpleApplication@a794726
reloadAllAccessors: .ConfigurationSwitchSelectSDF

===========================================================================================
----------------- testing Tue Jun 12 00:01:02 UTC 2018 /home/travis/build/icyphy/ptII/ptolemy/actor/lib/test/auto/ConfigurationSwitchSelectSDF2.xml
----------------- Instantiating /home/travis/build/icyphy/ptII/ptolemy/actor/lib/test/auto/ConfigurationSwitchSelectSDF2.xml
2 ms. Memory: 879104K Free: 771773K (88%)
----------------- Invoking toplevel() on ptolemy.moml.MoMLSimpleApplication@7ba302b2
----------------- Done invoking toplevel() on ptolemy.moml.MoMLSimpleApplication@7ba302b2
reloadAllAccessors: .ConfigurationSwitchSelectSDF2

===========================================================================================
----------------- testing Tue Jun 12 00:01:02 UTC 2018 /home/travis/build/icyphy/ptII/ptolemy/actor/lib/test/auto/Const.xml
----------------- Instantiating /home/travis/build/icyphy/ptII/ptolemy/actor/lib/test/auto/Const.xml
1 ms. Memory: 879104K Free: 761383K (87%)
----------------- Invoking toplevel() on ptolemy.moml.MoMLSimpleApplication@527778b6
----------------- Done invoking toplevel() on ptolemy.moml.MoMLSimpleApplication@527778b6
reloadAllAccessors: .Const

===========================================================================================
----------------- testing Tue Jun 12 00:01:02 UTC 2018 /home/travis/build/icyphy/ptII/ptolemy/actor/lib/test/auto/Const2.xml
----------------- Instantiating /home/travis/build/icyphy/ptII/ptolemy/actor/lib/test/auto/Const2.xml
1 ms. Memory: 879104K Free: 750993K (85%)
----------------- Invoking toplevel() on ptolemy.moml.MoMLSimpleApplication@4178b9a7
----------------- Done invoking toplevel() on ptolemy.moml.MoMLSimpleApplication@4178b9a7
reloadAllAccessors: .Const2

===========================================================================================
----------------- testing Tue Jun 12 00:01:02 UTC 2018 /home/travis/build/icyphy/ptII/ptolemy/actor/lib/test/auto/Const3.xml
----------------- Instantiating /home/travis/build/icyphy/ptII/ptolemy/actor/lib/test/auto/Const3.xml
1 ms. Memory: 879104K Free: 732867K (83%)
----------------- Invoking toplevel() on ptolemy.moml.MoMLSimpleApplication@2b2be85c
----------------- Done invoking toplevel() on ptolemy.moml.MoMLSimpleApplication@2b2be85c
reloadAllAccessors: .Const3

===========================================================================================
----------------- testing Tue Jun 12 00:01:02 UTC 2018 /home/travis/build/icyphy/ptII/ptolemy/actor/lib/test/auto/ConstantPublisherPort1.xml
----------------- Instantiating /home/travis/build/icyphy/ptII/ptolemy/actor/lib/test/auto/ConstantPublisherPort1.xml
10 ms. Memory: 879104K Free: 717274K (82%)
----------------- Invoking toplevel() on ptolemy.moml.MoMLSimpleApplication@625909d0
----------------- Done invoking toplevel() on ptolemy.moml.MoMLSimpleApplication@625909d0
reloadAllAccessors: .ConstantPublisherPort1

===========================================================================================
----------------- testing Tue Jun 12 00:01:02 UTC 2018 /home/travis/build/icyphy/ptII/ptolemy/actor/lib/test/auto/ConstantPublisherPort2.xml
----------------- Instantiating /home/travis/build/icyphy/ptII/ptolemy/actor/lib/test/auto/ConstantPublisherPort2.xml
10 ms. Memory: 879104K Free: 701672K (80%)
----------------- Invoking toplevel() on ptolemy.moml.MoMLSimpleApplication@1c79bb72
----------------- Done invoking toplevel() on ptolemy.moml.MoMLSimpleApplication@1c79bb72
reloadAllAccessors: .ConstantPublisherPort2

===========================================================================================
----------------- testing Tue Jun 12 00:01:02 UTC 2018 /home/travis/build/icyphy/ptII/ptolemy/actor/lib/test/auto/ConstantPublisherPort3.xml
----------------- Instantiating /home/travis/build/icyphy/ptII/ptolemy/actor/lib/test/auto/ConstantPublisherPort3.xml
6 ms. Memory: 879104K Free: 683546K (78%)
----------------- Invoking toplevel() on ptolemy.moml.MoMLSimpleApplication@84f86ad
----------------- Done invoking toplevel() on ptolemy.moml.MoMLSimpleApplication@84f86ad
reloadAllAccessors: .ConstantPublisherPort3

===========================================================================================
----------------- testing Tue Jun 12 00:01:02 UTC 2018 /home/travis/build/icyphy/ptII/ptolemy/actor/lib/test/auto/ConstantPublisherPort4.xml
----------------- Instantiating /home/travis/build/icyphy/ptII/ptolemy/actor/lib/test/auto/ConstantPublisherPort4.xml
2 ms. Memory: 879104K Free: 673156K (77%)
----------------- Invoking toplevel() on ptolemy.moml.MoMLSimpleApplication@735102bc
----------------- Done invoking toplevel() on ptolemy.moml.MoMLSimpleApplication@735102bc
reloadAllAccessors: .ConstantPublisherPort4

===========================================================================================
----------------- testing Tue Jun 12 00:01:02 UTC 2018 /home/travis/build/icyphy/ptII/ptolemy/actor/lib/test/auto/ConstantPublisherPort5.xml
----------------- Instantiating /home/travis/build/icyphy/ptII/ptolemy/actor/lib/test/auto/ConstantPublisherPort5.xml
30 ms. Memory: 879104K Free: 647165K (74%)
----------------- Invoking toplevel() on ptolemy.moml.MoMLSimpleApplication@3c72cfea
----------------- Done invoking toplevel() on ptolemy.moml.MoMLSimpleApplication@3c72cfea
reloadAllAccessors: .ConstantPublisherPort5

===========================================================================================
----------------- testing Tue Jun 12 00:01:02 UTC 2018 /home/travis/build/icyphy/ptII/ptolemy/actor/lib/test/auto/ConstantPublisherPort6.xml
----------------- Instantiating /home/travis/build/icyphy/ptII/ptolemy/actor/lib/test/auto/ConstantPublisherPort6.xml
18 ms. Memory: 879104K Free: 621189K (71%)
----------------- Invoking toplevel() on ptolemy.moml.MoMLSimpleApplication@39bde619
----------------- Done invoking toplevel() on ptolemy.moml.MoMLSimpleApplication@39bde619
reloadAllAccessors: .ConstantPublisherPort6

===========================================================================================
----------------- testing Tue Jun 12 00:01:02 UTC 2018 /home/travis/build/icyphy/ptII/ptolemy/actor/lib/test/auto/ConstantPublisherPort7.xml
----------------- Instantiating /home/travis/build/icyphy/ptII/ptolemy/actor/lib/test/auto/ConstantPublisherPort7.xml
11 ms. Memory: 879104K Free: 587478K (67%)
----------------- Invoking toplevel() on ptolemy.moml.MoMLSimpleApplication@46682c14
----------------- Done invoking toplevel() on ptolemy.moml.MoMLSimpleApplication@46682c14
reloadAllAccessors: .ConstantPublisherPort7

===========================================================================================
----------------- testing Tue Jun 12 00:01:02 UTC 2018 /home/travis/build/icyphy/ptII/ptolemy/actor/lib/test/auto/ConstraintMonitor1.xml
----------------- Instantiating /home/travis/build/icyphy/ptII/ptolemy/actor/lib/test/auto/ConstraintMonitor1.xml
3 ms. Memory: 879104K Free: 577087K (66%)
----------------- Invoking toplevel() on ptolemy.moml.MoMLSimpleApplication@1e8933d7
----------------- Done invoking toplevel() on ptolemy.moml.MoMLSimpleApplication@1e8933d7
reloadAllAccessors: .ConstraintMonitor1

===========================================================================================
----------------- testing Tue Jun 12 00:01:02 UTC 2018 /home/travis/build/icyphy/ptII/ptolemy/actor/lib/test/auto/ConstraintMonitor2.xml
----------------- Instantiating /home/travis/build/icyphy/ptII/ptolemy/actor/lib/test/auto/ConstraintMonitor2.xml
5 ms. Memory: 879104K Free: 566697K (64%)
----------------- Invoking toplevel() on ptolemy.moml.MoMLSimpleApplication@40d3a04f
----------------- Done invoking toplevel() on ptolemy.moml.MoMLSimpleApplication@40d3a04f
reloadAllAccessors: .ConstraintMonitor2

===========================================================================================
----------------- testing Tue Jun 12 00:01:02 UTC 2018 /home/travis/build/icyphy/ptII/ptolemy/actor/lib/test/auto/ConstraintMonitor3.xml
----------------- Instantiating /home/travis/build/icyphy/ptII/ptolemy/actor/lib/test/auto/ConstraintMonitor3.xml
2 ms. Memory: 879104K Free: 548571K (62%)
----------------- Invoking toplevel() on ptolemy.moml.MoMLSimpleApplication@635a9f53
----------------- Done invoking toplevel() on ptolemy.moml.MoMLSimpleApplication@635a9f53
reloadAllAccessors: .ConstraintMonitor3

===========================================================================================
----------------- testing Tue Jun 12 00:01:02 UTC 2018 /home/travis/build/icyphy/ptII/ptolemy/actor/lib/test/auto/ConstraintMonitor4.xml
----------------- Instantiating /home/travis/build/icyphy/ptII/ptolemy/actor/lib/test/auto/ConstraintMonitor4.xml
3 ms. Memory: 879104K Free: 538181K (61%)
----------------- Invoking toplevel() on ptolemy.moml.MoMLSimpleApplication@1ce08b8e
----------------- Done invoking toplevel() on ptolemy.moml.MoMLSimpleApplication@1ce08b8e
reloadAllAccessors: .ConstraintMonitor4

===========================================================================================
----------------- testing Tue Jun 12 00:01:02 UTC 2018 /home/travis/build/icyphy/ptII/ptolemy/actor/lib/test/auto/ConstraintMonitor5.xml
----------------- Instantiating /home/travis/build/icyphy/ptII/ptolemy/actor/lib/test/auto/ConstraintMonitor5.xml
3 ms. Memory: 879104K Free: 527791K (60%)
----------------- Invoking toplevel() on ptolemy.moml.MoMLSimpleApplication@2919c965
----------------- Done invoking toplevel() on ptolemy.moml.MoMLSimpleApplication@2919c965
reloadAllAccessors: .ConstraintMonitor5

===========================================================================================
----------------- testing Tue Jun 12 00:01:02 UTC 2018 /home/travis/build/icyphy/ptII/ptolemy/actor/lib/test/auto/ConstraintMonitor6.xml
----------------- Instantiating /home/travis/build/icyphy/ptII/ptolemy/actor/lib/test/auto/ConstraintMonitor6.xml
7 ms. Memory: 879104K Free: 517401K (59%)
----------------- Invoking toplevel() on ptolemy.moml.MoMLSimpleApplication@130878e
----------------- Done invoking toplevel() on ptolemy.moml.MoMLSimpleApplication@130878e
reloadAllAccessors: .ConstraintMonitor6

===========================================================================================
----------------- testing Tue Jun 12 00:01:02 UTC 2018 /home/travis/build/icyphy/ptII/ptolemy/actor/lib/test/auto/ConstraintMonitor7.xml
----------------- Instantiating /home/travis/build/icyphy/ptII/ptolemy/actor/lib/test/auto/ConstraintMonitor7.xml
3 ms. Memory: 879104K Free: 499275K (57%)
----------------- Invoking toplevel() on ptolemy.moml.MoMLSimpleApplication@5443afa1
----------------- Done invoking toplevel() on ptolemy.moml.MoMLSimpleApplication@5443afa1
reloadAllAccessors: .ConstraintMonitor7

===========================================================================================
----------------- testing Tue Jun 12 00:01:02 UTC 2018 /home/travis/build/icyphy/ptII/ptolemy/actor/lib/test/auto/ConstraintMonitor8.xml
----------------- Instantiating /home/travis/build/icyphy/ptII/ptolemy/actor/lib/test/auto/ConstraintMonitor8.xml
8 ms. Memory: 879104K Free: 488885K (56%)
----------------- Invoking toplevel() on ptolemy.moml.MoMLSimpleApplication@16e6fcb5
----------------- Done invoking toplevel() on ptolemy.moml.MoMLSimpleApplication@16e6fcb5
reloadAllAccessors: .ConstraintMonitor8

===========================================================================================
----------------- testing Tue Jun 12 00:01:02 UTC 2018 /home/travis/build/icyphy/ptII/ptolemy/actor/lib/test/auto/Counter.xml
----------------- Instantiating /home/travis/build/icyphy/ptII/ptolemy/actor/lib/test/auto/Counter.xml
3 ms. Memory: 879104K Free: 478494K (54%)
----------------- Invoking toplevel() on ptolemy.moml.MoMLSimpleApplication@62e6a1d3
----------------- Done invoking toplevel() on ptolemy.moml.MoMLSimpleApplication@62e6a1d3
reloadAllAccessors: .Counter

===========================================================================================
----------------- testing Tue Jun 12 00:01:02 UTC 2018 /home/travis/build/icyphy/ptII/ptolemy/actor/lib/test/auto/CurrentTimeSDF.xml
----------------- Instantiating /home/travis/build/icyphy/ptII/ptolemy/actor/lib/test/auto/CurrentTimeSDF.xml
2 ms. Memory: 879104K Free: 460368K (52%)
----------------- Invoking toplevel() on ptolemy.moml.MoMLSimpleApplication@425be474
----------------- Done invoking toplevel() on ptolemy.moml.MoMLSimpleApplication@425be474
reloadAllAccessors: .CurrentTimeSDF

===========================================================================================
----------------- testing Tue Jun 12 00:01:02 UTC 2018 /home/travis/build/icyphy/ptII/ptolemy/actor/lib/test/auto/DB.xml
----------------- Instantiating /home/travis/build/icyphy/ptII/ptolemy/actor/lib/test/auto/DB.xml
3 ms. Memory: 879104K Free: 449978K (51%)
----------------- Invoking toplevel() on ptolemy.moml.MoMLSimpleApplication@1e9f70ce
----------------- Done invoking toplevel() on ptolemy.moml.MoMLSimpleApplication@1e9f70ce
reloadAllAccessors: .DB

===========================================================================================
----------------- testing Tue Jun 12 00:01:02 UTC 2018 /home/travis/build/icyphy/ptII/ptolemy/actor/lib/test/auto/DBDE.xml
----------------- Instantiating /home/travis/build/icyphy/ptII/ptolemy/actor/lib/test/auto/DBDE.xml
2 ms. Memory: 879104K Free: 439588K (50%)
----------------- Invoking toplevel() on ptolemy.moml.MoMLSimpleApplication@53af36e
----------------- Done invoking toplevel() on ptolemy.moml.MoMLSimpleApplication@53af36e
reloadAllAccessors: .DBDE

===========================================================================================
----------------- testing Tue Jun 12 00:01:02 UTC 2018 /home/travis/build/icyphy/ptII/ptolemy/actor/lib/test/auto/DateConstructor.xml
----------------- Instantiating /home/travis/build/icyphy/ptII/ptolemy/actor/lib/test/auto/DateConstructor.xml
18 ms. Memory: 879104K Free: 411072K (47%)
----------------- Invoking toplevel() on ptolemy.moml.MoMLSimpleApplication@df29194
----------------- Done invoking toplevel() on ptolemy.moml.MoMLSimpleApplication@df29194
reloadAllAccessors: .DateConstructor

===========================================================================================
----------------- testing Tue Jun 12 00:01:03 UTC 2018 /home/travis/build/icyphy/ptII/ptolemy/actor/lib/test/auto/DelayTime.xml
----------------- Instantiating /home/travis/build/icyphy/ptII/ptolemy/actor/lib/test/auto/DelayTime.xml
2 ms. Memory: 879104K Free: 400682K (46%)
----------------- Invoking toplevel() on ptolemy.moml.MoMLSimpleApplication@10eaadaa
----------------- Done invoking toplevel() on ptolemy.moml.MoMLSimpleApplication@10eaadaa
reloadAllAccessors: .DelayTime

===========================================================================================
----------------- testing Tue Jun 12 00:01:03 UTC 2018 /home/travis/build/icyphy/ptII/ptolemy/actor/lib/test/auto/Dictionary1.xml
----------------- Instantiating /home/travis/build/icyphy/ptII/ptolemy/actor/lib/test/auto/Dictionary1.xml
2 ms. Memory: 879104K Free: 390292K (44%)
----------------- Invoking toplevel() on ptolemy.moml.MoMLSimpleApplication@2bb76f56
----------------- Done invoking toplevel() on ptolemy.moml.MoMLSimpleApplication@2bb76f56
reloadAllAccessors: .Dictionary1

===========================================================================================
----------------- testing Tue Jun 12 00:01:03 UTC 2018 /home/travis/build/icyphy/ptII/ptolemy/actor/lib/test/auto/Dictionary2.xml
----------------- Instantiating /home/travis/build/icyphy/ptII/ptolemy/actor/lib/test/auto/Dictionary2.xml
3 ms. Memory: 879104K Free: 379901K (43%)
----------------- Invoking toplevel() on ptolemy.moml.MoMLSimpleApplication@569891b
----------------- Done invoking toplevel() on ptolemy.moml.MoMLSimpleApplication@569891b
reloadAllAccessors: .Dictionary2

===========================================================================================
----------------- testing Tue Jun 12 00:01:03 UTC 2018 /home/travis/build/icyphy/ptII/ptolemy/actor/lib/test/auto/Dictionary3.xml
----------------- Instantiating /home/travis/build/icyphy/ptII/ptolemy/actor/lib/test/auto/Dictionary3.xml
2 ms. Memory: 879104K Free: 361775K (41%)
----------------- Invoking toplevel() on ptolemy.moml.MoMLSimpleApplication@521d2dfd
----------------- Done invoking toplevel() on ptolemy.moml.MoMLSimpleApplication@521d2dfd
reloadAllAccessors: .Dictionary3

===========================================================================================
----------------- testing Tue Jun 12 00:01:03 UTC 2018 /home/travis/build/icyphy/ptII/ptolemy/actor/lib/test/auto/Dictionary4.xml
----------------- Instantiating /home/travis/build/icyphy/ptII/ptolemy/actor/lib/test/auto/Dictionary4.xml
3 ms. Memory: 879104K Free: 351385K (40%)
----------------- Invoking toplevel() on ptolemy.moml.MoMLSimpleApplication@57224147
----------------- Done invoking toplevel() on ptolemy.moml.MoMLSimpleApplication@57224147
reloadAllAccessors: .Dictionary4

===========================================================================================
----------------- testing Tue Jun 12 00:01:03 UTC 2018 /home/travis/build/icyphy/ptII/ptolemy/actor/lib/test/auto/Differential.xml
----------------- Instantiating /home/travis/build/icyphy/ptII/ptolemy/actor/lib/test/auto/Differential.xml
2 ms. Memory: 879104K Free: 340995K (39%)
----------------- Invoking toplevel() on ptolemy.moml.MoMLSimpleApplication@64ec3582
----------------- Done invoking toplevel() on ptolemy.moml.MoMLSimpleApplication@64ec3582
reloadAllAccessors: .Differential

===========================================================================================
----------------- testing Tue Jun 12 00:01:03 UTC 2018 /home/travis/build/icyphy/ptII/ptolemy/actor/lib/test/auto/Director.xml
----------------- Instantiating /home/travis/build/icyphy/ptII/ptolemy/actor/lib/test/auto/Director.xml
2 ms. Memory: 879104K Free: 322869K (37%)
----------------- Invoking toplevel() on ptolemy.moml.MoMLSimpleApplication@1f73b168
----------------- Done invoking toplevel() on ptolemy.moml.MoMLSimpleApplication@1f73b168
reloadAllAccessors: .Director

===========================================================================================
----------------- testing Tue Jun 12 00:01:03 UTC 2018 /home/travis/build/icyphy/ptII/ptolemy/actor/lib/test/auto/DiscreteClock.xml
----------------- Instantiating /home/travis/build/icyphy/ptII/ptolemy/actor/lib/test/auto/DiscreteClock.xml
1 ms. Memory: 879104K Free: 312478K (36%)
----------------- Invoking toplevel() on ptolemy.moml.MoMLSimpleApplication@71d2ec17
----------------- Done invoking toplevel() on ptolemy.moml.MoMLSimpleApplication@71d2ec17
reloadAllAccessors: .DiscreteClock

===========================================================================================
----------------- testing Tue Jun 12 00:01:03 UTC 2018 /home/travis/build/icyphy/ptII/ptolemy/actor/lib/test/auto/DiscreteClock10.xml
----------------- Instantiating /home/travis/build/icyphy/ptII/ptolemy/actor/lib/test/auto/DiscreteClock10.xml
5 ms. Memory: 879104K Free: 302088K (34%)
----------------- Invoking toplevel() on ptolemy.moml.MoMLSimpleApplication@795ff0d8
----------------- Done invoking toplevel() on ptolemy.moml.MoMLSimpleApplication@795ff0d8
reloadAllAccessors: .DiscreteClock10

===========================================================================================
----------------- testing Tue Jun 12 00:01:03 UTC 2018 /home/travis/build/icyphy/ptII/ptolemy/actor/lib/test/auto/DiscreteClock11.xml
----------------- Instantiating /home/travis/build/icyphy/ptII/ptolemy/actor/lib/test/auto/DiscreteClock11.xml
2 ms. Memory: 879104K Free: 283962K (32%)
----------------- Invoking toplevel() on ptolemy.moml.MoMLSimpleApplication@40c51ea
----------------- Done invoking toplevel() on ptolemy.moml.MoMLSimpleApplication@40c51ea
reloadAllAccessors: .DiscreteClock11

===========================================================================================
----------------- testing Tue Jun 12 00:01:03 UTC 2018 /home/travis/build/icyphy/ptII/ptolemy/actor/lib/test/auto/DiscreteClock12.xml
----------------- Instantiating /home/travis/build/icyphy/ptII/ptolemy/actor/lib/test/auto/DiscreteClock12.xml
2 ms. Memory: 879104K Free: 273572K (31%)
----------------- Invoking toplevel() on ptolemy.moml.MoMLSimpleApplication@7a531234
----------------- Done invoking toplevel() on ptolemy.moml.MoMLSimpleApplication@7a531234
reloadAllAccessors: .DiscreteClock12

===========================================================================================
----------------- testing Tue Jun 12 00:01:03 UTC 2018 /home/travis/build/icyphy/ptII/ptolemy/actor/lib/test/auto/DiscreteClock13.xml
----------------- Instantiating /home/travis/build/icyphy/ptII/ptolemy/actor/lib/test/auto/DiscreteClock13.xml
5 ms. Memory: 879104K Free: 263182K (30%)
----------------- Invoking toplevel() on ptolemy.moml.MoMLSimpleApplication@3c09192d
----------------- Done invoking toplevel() on ptolemy.moml.MoMLSimpleApplication@3c09192d
reloadAllAccessors: .DiscreteClock13

===========================================================================================
----------------- testing Tue Jun 12 00:01:03 UTC 2018 /home/travis/build/icyphy/ptII/ptolemy/actor/lib/test/auto/DiscreteClock14.xml
----------------- Instantiating /home/travis/build/icyphy/ptII/ptolemy/actor/lib/test/auto/DiscreteClock14.xml
3 ms. Memory: 879104K Free: 252791K (29%)
----------------- Invoking toplevel() on ptolemy.moml.MoMLSimpleApplication@65c98cc
----------------- Done invoking toplevel() on ptolemy.moml.MoMLSimpleApplication@65c98cc
reloadAllAccessors: .DiscreteClock14

===========================================================================================
----------------- testing Tue Jun 12 00:01:03 UTC 2018 /home/travis/build/icyphy/ptII/ptolemy/actor/lib/test/auto/DiscreteClock15.xml
----------------- Instantiating /home/travis/build/icyphy/ptII/ptolemy/actor/lib/test/auto/DiscreteClock15.xml
2 ms. Memory: 879104K Free: 234665K (27%)
----------------- Invoking toplevel() on ptolemy.moml.MoMLSimpleApplication@955304b
----------------- Done invoking toplevel() on ptolemy.moml.MoMLSimpleApplication@955304b
reloadAllAccessors: .DiscreteClock15

===========================================================================================
----------------- testing Tue Jun 12 00:01:03 UTC 2018 /home/travis/build/icyphy/ptII/ptolemy/actor/lib/test/auto/DiscreteClock16.xml
----------------- Instantiating /home/travis/build/icyphy/ptII/ptolemy/actor/lib/test/auto/DiscreteClock16.xml
15 ms. Memory: 879104K Free: 219064K (25%)
----------------- Invoking toplevel() on ptolemy.moml.MoMLSimpleApplication@5dd74f5b
----------------- Done invoking toplevel() on ptolemy.moml.MoMLSimpleApplication@5dd74f5b
reloadAllAccessors: .DiscreteClock16

===========================================================================================
----------------- testing Tue Jun 12 00:01:03 UTC 2018 /home/travis/build/icyphy/ptII/ptolemy/actor/lib/test/auto/DiscreteClock17.xml
----------------- Instantiating /home/travis/build/icyphy/ptII/ptolemy/actor/lib/test/auto/DiscreteClock17.xml
12 ms. Memory: 879104K Free: 203463K (23%)
----------------- Invoking toplevel() on ptolemy.moml.MoMLSimpleApplication@20c29d5a
----------------- Done invoking toplevel() on ptolemy.moml.MoMLSimpleApplication@20c29d5a
reloadAllAccessors: .DiscreteClock17

===========================================================================================
----------------- testing Tue Jun 12 00:01:03 UTC 2018 /home/travis/build/icyphy/ptII/ptolemy/actor/lib/test/auto/DiscreteClock18.xml
----------------- Instantiating /home/travis/build/icyphy/ptII/ptolemy/actor/lib/test/auto/DiscreteClock18.xml
17 ms. Memory: 879104K Free: 180134K (20%)
----------------- Invoking toplevel() on ptolemy.moml.MoMLSimpleApplication@767a8ff9
----------------- Done invoking toplevel() on ptolemy.moml.MoMLSimpleApplication@767a8ff9
reloadAllAccessors: .DiscreteClock18

===========================================================================================
----------------- testing Tue Jun 12 00:01:03 UTC 2018 /home/travis/build/icyphy/ptII/ptolemy/actor/lib/test/auto/DiscreteClock19.xml
----------------- Instantiating /home/travis/build/icyphy/ptII/ptolemy/actor/lib/test/auto/DiscreteClock19.xml
19 ms. Memory: 879104K Free: 164533K (19%)
----------------- Invoking toplevel() on ptolemy.moml.MoMLSimpleApplication@56332f29
----------------- Done invoking toplevel() on ptolemy.moml.MoMLSimpleApplication@56332f29
reloadAllAccessors: .DiscreteClock19

===========================================================================================
----------------- testing Tue Jun 12 00:01:03 UTC 2018 /home/travis/build/icyphy/ptII/ptolemy/actor/lib/test/auto/DiscreteClock2.xml
----------------- Instantiating /home/travis/build/icyphy/ptII/ptolemy/actor/lib/test/auto/DiscreteClock2.xml
2 ms. Memory: 879104K Free: 154142K (18%)
----------------- Invoking toplevel() on ptolemy.moml.MoMLSimpleApplication@75db16af
----------------- Done invoking toplevel() on ptolemy.moml.MoMLSimpleApplication@75db16af
reloadAllAccessors: .DiscreteClock2

===========================================================================================
----------------- testing Tue Jun 12 00:01:03 UTC 2018 /home/travis/build/icyphy/ptII/ptolemy/actor/lib/test/auto/DiscreteClock20.xml
----------------- Instantiating /home/travis/build/icyphy/ptII/ptolemy/actor/lib/test/auto/DiscreteClock20.xml
4 ms. Memory: 879104K Free: 136016K (15%)
----------------- Invoking toplevel() on ptolemy.moml.MoMLSimpleApplication@7957225a
----------------- Done invoking toplevel() on ptolemy.moml.MoMLSimpleApplication@7957225a
reloadAllAccessors: .DiscreteClock20

===========================================================================================
----------------- testing Tue Jun 12 00:01:03 UTC 2018 /home/travis/build/icyphy/ptII/ptolemy/actor/lib/test/auto/DiscreteClock21.xml
----------------- Instantiating /home/travis/build/icyphy/ptII/ptolemy/actor/lib/test/auto/DiscreteClock21.xml
4 ms. Memory: 879104K Free: 125626K (14%)
----------------- Invoking toplevel() on ptolemy.moml.MoMLSimpleApplication@5d67a0fb
----------------- Done invoking toplevel() on ptolemy.moml.MoMLSimpleApplication@5d67a0fb
reloadAllAccessors: .DiscreteClock21

===========================================================================================
----------------- testing Tue Jun 12 00:01:03 UTC 2018 /home/travis/build/icyphy/ptII/ptolemy/actor/lib/test/auto/DiscreteClock22.xml
----------------- Instantiating /home/travis/build/icyphy/ptII/ptolemy/actor/lib/test/auto/DiscreteClock22.xml
4 ms. Memory: 879104K Free: 115236K (13%)
----------------- Invoking toplevel() on ptolemy.moml.MoMLSimpleApplication@2a059ad
----------------- Done invoking toplevel() on ptolemy.moml.MoMLSimpleApplication@2a059ad
reloadAllAccessors: .DiscreteClock22

===========================================================================================
----------------- testing Tue Jun 12 00:01:03 UTC 2018 /home/travis/build/icyphy/ptII/ptolemy/actor/lib/test/auto/DiscreteClock23.xml
----------------- Instantiating /home/travis/build/icyphy/ptII/ptolemy/actor/lib/test/auto/DiscreteClock23.xml
2 ms. Memory: 879104K Free: 97110K (11%)
----------------- Invoking toplevel() on ptolemy.moml.MoMLSimpleApplication@65334adf
----------------- Done invoking toplevel() on ptolemy.moml.MoMLSimpleApplication@65334adf
reloadAllAccessors: .DiscreteClock23

===========================================================================================
----------------- testing Tue Jun 12 00:01:03 UTC 2018 /home/travis/build/icyphy/ptII/ptolemy/actor/lib/test/auto/DiscreteClock24.xml
----------------- Instantiating /home/travis/build/icyphy/ptII/ptolemy/actor/lib/test/auto/DiscreteClock24.xml
2 ms. Memory: 879104K Free: 86720K (10%)
----------------- Invoking toplevel() on ptolemy.moml.MoMLSimpleApplication@64690482
----------------- Done invoking toplevel() on ptolemy.moml.MoMLSimpleApplication@64690482
reloadAllAccessors: .DiscreteClock24

===========================================================================================
----------------- testing Tue Jun 12 00:01:03 UTC 2018 /home/travis/build/icyphy/ptII/ptolemy/actor/lib/test/auto/DiscreteClock4.xml
----------------- Instantiating /home/travis/build/icyphy/ptII/ptolemy/actor/lib/test/auto/DiscreteClock4.xml
4 ms. Memory: 879104K Free: 76330K (9%)
----------------- Invoking toplevel() on ptolemy.moml.MoMLSimpleApplication@3d7877c8
----------------- Done invoking toplevel() on ptolemy.moml.MoMLSimpleApplication@3d7877c8
reloadAllAccessors: .DiscreteClock4

===========================================================================================
----------------- testing Tue Jun 12 00:01:03 UTC 2018 /home/travis/build/icyphy/ptII/ptolemy/actor/lib/test/auto/DiscreteClock5.xml
----------------- Instantiating /home/travis/build/icyphy/ptII/ptolemy/actor/lib/test/auto/DiscreteClock5.xml
2 ms. Memory: 879104K Free: 65940K (8%)
----------------- Invoking toplevel() on ptolemy.moml.MoMLSimpleApplication@5fea0e72
----------------- Done invoking toplevel() on ptolemy.moml.MoMLSimpleApplication@5fea0e72
reloadAllAccessors: .DiscreteClock5

===========================================================================================
----------------- testing Tue Jun 12 00:01:03 UTC 2018 /home/travis/build/icyphy/ptII/ptolemy/actor/lib/test/auto/DiscreteClock6.xml
----------------- Instantiating /home/travis/build/icyphy/ptII/ptolemy/actor/lib/test/auto/DiscreteClock6.xml
1 ms. Memory: 1347584K Free: 1282369K (95%)
----------------- Invoking toplevel() on ptolemy.moml.MoMLSimpleApplication@1fa60d42
----------------- Done invoking toplevel() on ptolemy.moml.MoMLSimpleApplication@1fa60d42
reloadAllAccessors: .DiscreteClock6

===========================================================================================
----------------- testing Tue Jun 12 00:01:03 UTC 2018 /home/travis/build/icyphy/ptII/ptolemy/actor/lib/test/auto/DiscreteClock7.xml
----------------- Instantiating /home/travis/build/icyphy/ptII/ptolemy/actor/lib/test/auto/DiscreteClock7.xml
2 ms. Memory: 1347584K Free: 1256305K (93%)
----------------- Invoking toplevel() on ptolemy.moml.MoMLSimpleApplication@319ef291
----------------- Done invoking toplevel() on ptolemy.moml.MoMLSimpleApplication@319ef291
reloadAllAccessors: .DiscreteClock7

===========================================================================================
----------------- testing Tue Jun 12 00:01:03 UTC 2018 /home/travis/build/icyphy/ptII/ptolemy/actor/lib/test/auto/DiscreteClock8.xml
----------------- Instantiating /home/travis/build/icyphy/ptII/ptolemy/actor/lib/test/auto/DiscreteClock8.xml
1 ms. Memory: 1347584K Free: 1239675K (92%)
----------------- Invoking toplevel() on ptolemy.moml.MoMLSimpleApplication@4058fe5c
----------------- Done invoking toplevel() on ptolemy.moml.MoMLSimpleApplication@4058fe5c
reloadAllAccessors: .DiscreteClock8

===========================================================================================
----------------- testing Tue Jun 12 00:01:03 UTC 2018 /home/travis/build/icyphy/ptII/ptolemy/actor/lib/test/auto/DiscreteClock9.xml
----------------- Instantiating /home/travis/build/icyphy/ptII/ptolemy/actor/lib/test/auto/DiscreteClock9.xml
2 ms. Memory: 1347584K Free: 1223045K (91%)
----------------- Invoking toplevel() on ptolemy.moml.MoMLSimpleApplication@2bd16289
----------------- Done invoking toplevel() on ptolemy.moml.MoMLSimpleApplication@2bd16289
reloadAllAccessors: .DiscreteClock9

===========================================================================================
----------------- testing Tue Jun 12 00:01:03 UTC 2018 /home/travis/build/icyphy/ptII/ptolemy/actor/lib/test/auto/DisplayArray.xml
----------------- Instantiating /home/travis/build/icyphy/ptII/ptolemy/actor/lib/test/auto/DisplayArray.xml
2 ms. Memory: 1347584K Free: 1206247K (90%)
----------------- Invoking toplevel() on ptolemy.moml.MoMLSimpleApplication@d55042d
----------------- Done invoking toplevel() on ptolemy.moml.MoMLSimpleApplication@d55042d
reloadAllAccessors: .DisplayArray

===========================================================================================
----------------- testing Tue Jun 12 00:01:03 UTC 2018 /home/travis/build/icyphy/ptII/ptolemy/actor/lib/test/auto/Distributor.xml
----------------- Instantiating /home/travis/build/icyphy/ptII/ptolemy/actor/lib/test/auto/Distributor.xml
1 ms. Memory: 1360896K Free: 1307257K (96%)
----------------- Invoking toplevel() on ptolemy.moml.MoMLSimpleApplication@77c6c3d7
----------------- Done invoking toplevel() on ptolemy.moml.MoMLSimpleApplication@77c6c3d7
reloadAllAccessors: .Distributor

===========================================================================================
----------------- testing Tue Jun 12 00:01:04 UTC 2018 /home/travis/build/icyphy/ptII/ptolemy/actor/lib/test/auto/Distributor2.xml
----------------- Instantiating /home/travis/build/icyphy/ptII/ptolemy/actor/lib/test/auto/Distributor2.xml
1 ms. Memory: 1360896K Free: 1281192K (94%)
----------------- Invoking toplevel() on ptolemy.moml.MoMLSimpleApplication@7c7ea2c9
----------------- Done invoking toplevel() on ptolemy.moml.MoMLSimpleApplication@7c7ea2c9
reloadAllAccessors: .Distributor2

===========================================================================================
----------------- testing Tue Jun 12 00:01:04 UTC 2018 /home/travis/build/icyphy/ptII/ptolemy/actor/lib/test/auto/DownSample.xml
----------------- Instantiating /home/travis/build/icyphy/ptII/ptolemy/actor/lib/test/auto/DownSample.xml
1 ms. Memory: 1360896K Free: 1264563K (93%)
----------------- Invoking toplevel() on ptolemy.moml.MoMLSimpleApplication@679575ac
----------------- Done invoking toplevel() on ptolemy.moml.MoMLSimpleApplication@679575ac
reloadAllAccessors: .DownSample

===========================================================================================
----------------- testing Tue Jun 12 00:01:04 UTC 2018 /home/travis/build/icyphy/ptII/ptolemy/actor/lib/test/auto/ElectronicUnitBase1.xml
----------------- Instantiating /home/travis/build/icyphy/ptII/ptolemy/actor/lib/test/auto/ElectronicUnitBase1.xml
19 ms. Memory: 1360896K Free: 1239602K (91%)
----------------- Invoking toplevel() on ptolemy.moml.MoMLSimpleApplication@317562df
----------------- Done invoking toplevel() on ptolemy.moml.MoMLSimpleApplication@317562df
reloadAllAccessors: .ElectronicUnitBase1

===========================================================================================
----------------- testing Tue Jun 12 00:01:04 UTC 2018 /home/travis/build/icyphy/ptII/ptolemy/actor/lib/test/auto/ElementsToArray.xml
----------------- Instantiating /home/travis/build/icyphy/ptII/ptolemy/actor/lib/test/auto/ElementsToArray.xml
3 ms. Memory: 1360896K Free: 1222972K (90%)
----------------- Invoking toplevel() on ptolemy.moml.MoMLSimpleApplication@8304551
----------------- Done invoking toplevel() on ptolemy.moml.MoMLSimpleApplication@8304551
reloadAllAccessors: .ElementsToArray

===========================================================================================
----------------- testing Tue Jun 12 00:01:04 UTC 2018 /home/travis/build/icyphy/ptII/ptolemy/actor/lib/test/auto/Equals.xml
----------------- Instantiating /home/travis/build/icyphy/ptII/ptolemy/actor/lib/test/auto/Equals.xml
3 ms. Memory: 1360896K Free: 1196908K (88%)
----------------- Invoking toplevel() on ptolemy.moml.MoMLSimpleApplication@6ebb6fbb
----------------- Done invoking toplevel() on ptolemy.moml.MoMLSimpleApplication@6ebb6fbb
reloadAllAccessors: .Equals

===========================================================================================
----------------- testing Tue Jun 12 00:01:04 UTC 2018 /home/travis/build/icyphy/ptII/ptolemy/actor/lib/test/auto/Exec.xml
----------------- Instantiating /home/travis/build/icyphy/ptII/ptolemy/actor/lib/test/auto/Exec.xml
14 ms. Memory: 1360896K Free: 1159491K (85%)
----------------- Invoking toplevel() on ptolemy.moml.MoMLSimpleApplication@6bfa742e
----------------- Done invoking toplevel() on ptolemy.moml.MoMLSimpleApplication@6bfa742e
reloadAllAccessors: .Exec

===========================================================================================
----------------- testing Tue Jun 12 00:01:04 UTC 2018 /home/travis/build/icyphy/ptII/ptolemy/actor/lib/test/auto/ExecEnvironment.xml
----------------- Instantiating /home/travis/build/icyphy/ptII/ptolemy/actor/lib/test/auto/ExecEnvironment.xml
25 ms. Memory: 1360896K Free: 1134546K (83%)
----------------- Invoking toplevel() on ptolemy.moml.MoMLSimpleApplication@7f8dfb2d
----------------- Done invoking toplevel() on ptolemy.moml.MoMLSimpleApplication@7f8dfb2d
reloadAllAccessors: .ExecEnvironment

===========================================================================================
----------------- testing Tue Jun 12 00:01:04 UTC 2018 /home/travis/build/icyphy/ptII/ptolemy/actor/lib/test/auto/ExecNonZeroReturnOutput.xml
----------------- Instantiating /home/travis/build/icyphy/ptII/ptolemy/actor/lib/test/auto/ExecNonZeroReturnOutput.xml
140 ms. Memory: 1360896K Free: 1009822K (74%)
----------------- Invoking toplevel() on ptolemy.moml.MoMLSimpleApplication@2839c7e0
----------------- Done invoking toplevel() on ptolemy.moml.MoMLSimpleApplication@2839c7e0
reloadAllAccessors: .ExecNonZeroReturnOutput

===========================================================================================
----------------- testing Tue Jun 12 00:01:04 UTC 2018 /home/travis/build/icyphy/ptII/ptolemy/actor/lib/test/auto/ExecRunDemos.xml
----------------- Instantiating /home/travis/build/icyphy/ptII/ptolemy/actor/lib/test/auto/ExecRunDemos.xml
Finished: 35 ms. Memory: 116224K Free: 100789K (87%)

Finished: 53 ms. Memory: 116224K Free: 98295K (85%)

Finished: 75 ms. Memory: 116224K Free: 98340K (85%)

Finished: 37 ms. Memory: 116224K Free: 99578K (86%)

Finished: 35 ms. Memory: 116224K Free: 100768K (87%)

9158 ms. Memory: 1360896K Free: 892124K (66%)
----------------- Invoking toplevel() on ptolemy.moml.MoMLSimpleApplication@5ceee018
----------------- Done invoking toplevel() on ptolemy.moml.MoMLSimpleApplication@5ceee018
reloadAllAccessors: .ExecRunDemos

===========================================================================================
----------------- testing Tue Jun 12 00:01:13 UTC 2018 /home/travis/build/icyphy/ptII/ptolemy/actor/lib/test/auto/ExecStop.xml
----------------- Instantiating /home/travis/build/icyphy/ptII/ptolemy/actor/lib/test/auto/ExecStop.xml
5010 ms. Memory: 1360896K Free: 650991K (48%)
----------------- Invoking toplevel() on ptolemy.moml.MoMLSimpleApplication@47525f20
----------------- Done invoking toplevel() on ptolemy.moml.MoMLSimpleApplication@47525f20
reloadAllAccessors: .ExecStop

===========================================================================================
----------------- testing Tue Jun 12 00:01:18 UTC 2018 /home/travis/build/icyphy/ptII/ptolemy/actor/lib/test/auto/ExecutionTimeSDF.xml
----------------- Instantiating /home/travis/build/icyphy/ptII/ptolemy/actor/lib/test/auto/ExecutionTimeSDF.xml
Fired ExecutionTime: -713767296
Fired ExecutionTime: 968800000
Fired ExecutionTime: 998800000
6003 ms. Memory: 1360896K Free: 626046K (46%)
----------------- Invoking toplevel() on ptolemy.moml.MoMLSimpleApplication@258089c4
----------------- Done invoking toplevel() on ptolemy.moml.MoMLSimpleApplication@258089c4
reloadAllAccessors: .ExecutionTimeSDF

===========================================================================================
----------------- testing Tue Jun 12 00:01:24 UTC 2018 /home/travis/build/icyphy/ptII/ptolemy/actor/lib/test/auto/Expression1.xml
----------------- Instantiating /home/travis/build/icyphy/ptII/ptolemy/actor/lib/test/auto/Expression1.xml
1 ms. Memory: 1360896K Free: 609416K (45%)
----------------- Invoking toplevel() on ptolemy.moml.MoMLSimpleApplication@29a0e933
----------------- Done invoking toplevel() on ptolemy.moml.MoMLSimpleApplication@29a0e933
reloadAllAccessors: .Expression1

===========================================================================================
----------------- testing Tue Jun 12 00:01:24 UTC 2018 /home/travis/build/icyphy/ptII/ptolemy/actor/lib/test/auto/Expression10.xml
----------------- Instantiating /home/travis/build/icyphy/ptII/ptolemy/actor/lib/test/auto/Expression10.xml
12 ms. Memory: 1360896K Free: 583352K (43%)
----------------- Invoking toplevel() on ptolemy.moml.MoMLSimpleApplication@7a769559
----------------- Done invoking toplevel() on ptolemy.moml.MoMLSimpleApplication@7a769559
reloadAllAccessors: .Expression10

===========================================================================================
----------------- testing Tue Jun 12 00:01:24 UTC 2018 /home/travis/build/icyphy/ptII/ptolemy/actor/lib/test/auto/Expression11.xml
----------------- Instantiating /home/travis/build/icyphy/ptII/ptolemy/actor/lib/test/auto/Expression11.xml
2 ms. Memory: 1360896K Free: 566722K (42%)
----------------- Invoking toplevel() on ptolemy.moml.MoMLSimpleApplication@7815fdd2
----------------- Done invoking toplevel() on ptolemy.moml.MoMLSimpleApplication@7815fdd2
reloadAllAccessors: .Expression11

===========================================================================================
----------------- testing Tue Jun 12 00:01:24 UTC 2018 /home/travis/build/icyphy/ptII/ptolemy/actor/lib/test/auto/Expression12.xml
----------------- Instantiating /home/travis/build/icyphy/ptII/ptolemy/actor/lib/test/auto/Expression12.xml
3 ms. Memory: 1360896K Free: 550093K (40%)
----------------- Invoking toplevel() on ptolemy.moml.MoMLSimpleApplication@32e2742c
----------------- Done invoking toplevel() on ptolemy.moml.MoMLSimpleApplication@32e2742c
reloadAllAccessors: .Expression12

===========================================================================================
----------------- testing Tue Jun 12 00:01:24 UTC 2018 /home/travis/build/icyphy/ptII/ptolemy/actor/lib/test/auto/Expression13.xml
----------------- Instantiating /home/travis/build/icyphy/ptII/ptolemy/actor/lib/test/auto/Expression13.xml
5 ms. Memory: 1360896K Free: 533463K (39%)
----------------- Invoking toplevel() on ptolemy.moml.MoMLSimpleApplication@3132e764
----------------- Done invoking toplevel() on ptolemy.moml.MoMLSimpleApplication@3132e764
reloadAllAccessors: .Expression13

===========================================================================================
----------------- testing Tue Jun 12 00:01:24 UTC 2018 /home/travis/build/icyphy/ptII/ptolemy/actor/lib/test/auto/Expression14.xml
----------------- Instantiating /home/travis/build/icyphy/ptII/ptolemy/actor/lib/test/auto/Expression14.xml
7 ms. Memory: 1360896K Free: 507398K (37%)
----------------- Invoking toplevel() on ptolemy.moml.MoMLSimpleApplication@1a0e5095
----------------- Done invoking toplevel() on ptolemy.moml.MoMLSimpleApplication@1a0e5095
reloadAllAccessors: .Expression14

===========================================================================================
----------------- testing Tue Jun 12 00:01:25 UTC 2018 /home/travis/build/icyphy/ptII/ptolemy/actor/lib/test/auto/Expression15.xml
----------------- Instantiating /home/travis/build/icyphy/ptII/ptolemy/actor/lib/test/auto/Expression15.xml
2 ms. Memory: 1360896K Free: 490768K (36%)
----------------- Invoking toplevel() on ptolemy.moml.MoMLSimpleApplication@766f6159
----------------- Done invoking toplevel() on ptolemy.moml.MoMLSimpleApplication@766f6159
reloadAllAccessors: .Expression15

===========================================================================================
----------------- testing Tue Jun 12 00:01:25 UTC 2018 /home/travis/build/icyphy/ptII/ptolemy/actor/lib/test/auto/Expression16.xml
----------------- Instantiating /home/travis/build/icyphy/ptII/ptolemy/actor/lib/test/auto/Expression16.xml
3 ms. Memory: 1360896K Free: 474139K (35%)
----------------- Invoking toplevel() on ptolemy.moml.MoMLSimpleApplication@6cb9ec47
----------------- Done invoking toplevel() on ptolemy.moml.MoMLSimpleApplication@6cb9ec47
reloadAllAccessors: .Expression16

===========================================================================================
----------------- testing Tue Jun 12 00:01:25 UTC 2018 /home/travis/build/icyphy/ptII/ptolemy/actor/lib/test/auto/Expression17.xml
----------------- Instantiating /home/travis/build/icyphy/ptII/ptolemy/actor/lib/test/auto/Expression17.xml
4 ms. Memory: 1360896K Free: 457509K (34%)
----------------- Invoking toplevel() on ptolemy.moml.MoMLSimpleApplication@73acbe6e
----------------- Done invoking toplevel() on ptolemy.moml.MoMLSimpleApplication@73acbe6e
reloadAllAccessors: .Expression17

===========================================================================================
----------------- testing Tue Jun 12 00:01:25 UTC 2018 /home/travis/build/icyphy/ptII/ptolemy/actor/lib/test/auto/Expression18.xml
----------------- Instantiating /home/travis/build/icyphy/ptII/ptolemy/actor/lib/test/auto/Expression18.xml
3 ms. Memory: 1360896K Free: 431444K (32%)
----------------- Invoking toplevel() on ptolemy.moml.MoMLSimpleApplication@9335e62
----------------- Done invoking toplevel() on ptolemy.moml.MoMLSimpleApplication@9335e62
reloadAllAccessors: .Expression18

===========================================================================================
----------------- testing Tue Jun 12 00:01:25 UTC 2018 /home/travis/build/icyphy/ptII/ptolemy/actor/lib/test/auto/Expression2.xml
----------------- Instantiating /home/travis/build/icyphy/ptII/ptolemy/actor/lib/test/auto/Expression2.xml
4 ms. Memory: 1360896K Free: 414814K (30%)
----------------- Invoking toplevel() on ptolemy.moml.MoMLSimpleApplication@3f0afead
----------------- Done invoking toplevel() on ptolemy.moml.MoMLSimpleApplication@3f0afead
reloadAllAccessors: .Expression2

===========================================================================================
----------------- testing Tue Jun 12 00:01:25 UTC 2018 /home/travis/build/icyphy/ptII/ptolemy/actor/lib/test/auto/Expression3.xml
----------------- Instantiating /home/travis/build/icyphy/ptII/ptolemy/actor/lib/test/auto/Expression3.xml
6 ms. Memory: 1360896K Free: 398185K (29%)
----------------- Invoking toplevel() on ptolemy.moml.MoMLSimpleApplication@5ada100b
----------------- Done invoking toplevel() on ptolemy.moml.MoMLSimpleApplication@5ada100b
reloadAllAccessors: .Expression3

===========================================================================================
----------------- testing Tue Jun 12 00:01:25 UTC 2018 /home/travis/build/icyphy/ptII/ptolemy/actor/lib/test/auto/Expression4.xml
----------------- Instantiating /home/travis/build/icyphy/ptII/ptolemy/actor/lib/test/auto/Expression4.xml
4 ms. Memory: 1360896K Free: 381555K (28%)
----------------- Invoking toplevel() on ptolemy.moml.MoMLSimpleApplication@7ef62c29
----------------- Done invoking toplevel() on ptolemy.moml.MoMLSimpleApplication@7ef62c29
reloadAllAccessors: .Expression4

===========================================================================================
----------------- testing Tue Jun 12 00:01:25 UTC 2018 /home/travis/build/icyphy/ptII/ptolemy/actor/lib/test/auto/Expression5.xml
----------------- Instantiating /home/travis/build/icyphy/ptII/ptolemy/actor/lib/test/auto/Expression5.xml
6 ms. Memory: 1360896K Free: 355490K (26%)
----------------- Invoking toplevel() on ptolemy.moml.MoMLSimpleApplication@39ee48c7
----------------- Done invoking toplevel() on ptolemy.moml.MoMLSimpleApplication@39ee48c7
reloadAllAccessors: .Expression5

===========================================================================================
----------------- testing Tue Jun 12 00:01:25 UTC 2018 /home/travis/build/icyphy/ptII/ptolemy/actor/lib/test/auto/Expression6.xml
----------------- Instantiating /home/travis/build/icyphy/ptII/ptolemy/actor/lib/test/auto/Expression6.xml
2 ms. Memory: 1360896K Free: 338861K (25%)
----------------- Invoking toplevel() on ptolemy.moml.MoMLSimpleApplication@640c4175
----------------- Done invoking toplevel() on ptolemy.moml.MoMLSimpleApplication@640c4175
reloadAllAccessors: .Expression6

===========================================================================================
----------------- testing Tue Jun 12 00:01:25 UTC 2018 /home/travis/build/icyphy/ptII/ptolemy/actor/lib/test/auto/Expression7.xml
----------------- Instantiating /home/travis/build/icyphy/ptII/ptolemy/actor/lib/test/auto/Expression7.xml
3 ms. Memory: 1360896K Free: 322231K (24%)
----------------- Invoking toplevel() on ptolemy.moml.MoMLSimpleApplication@7ef7ee42
----------------- Done invoking toplevel() on ptolemy.moml.MoMLSimpleApplication@7ef7ee42
reloadAllAccessors: .Expression7

===========================================================================================
----------------- testing Tue Jun 12 00:01:25 UTC 2018 /home/travis/build/icyphy/ptII/ptolemy/actor/lib/test/auto/Expression8.xml
----------------- Instantiating /home/travis/build/icyphy/ptII/ptolemy/actor/lib/test/auto/Expression8.xml
9 ms. Memory: 1360896K Free: 305601K (22%)
----------------- Invoking toplevel() on ptolemy.moml.MoMLSimpleApplication@51c24786
----------------- Done invoking toplevel() on ptolemy.moml.MoMLSimpleApplication@51c24786
reloadAllAccessors: .Expression8

===========================================================================================
----------------- testing Tue Jun 12 00:01:25 UTC 2018 /home/travis/build/icyphy/ptII/ptolemy/actor/lib/test/auto/Expression9.xml
----------------- Instantiating /home/travis/build/icyphy/ptII/ptolemy/actor/lib/test/auto/Expression9.xml
1 ms. Memory: 1360896K Free: 279537K (21%)
----------------- Invoking toplevel() on ptolemy.moml.MoMLSimpleApplication@5c786193
----------------- Done invoking toplevel() on ptolemy.moml.MoMLSimpleApplication@5c786193
reloadAllAccessors: .Expression9

===========================================================================================
----------------- testing Tue Jun 12 00:01:25 UTC 2018 /home/travis/build/icyphy/ptII/ptolemy/actor/lib/test/auto/ExpressionConcatenateArrayType.xml
----------------- Instantiating /home/travis/build/icyphy/ptII/ptolemy/actor/lib/test/auto/ExpressionConcatenateArrayType.xml
3 ms. Memory: 1360896K Free: 262907K (19%)
----------------- Invoking toplevel() on ptolemy.moml.MoMLSimpleApplication@74a2235f
----------------- Done invoking toplevel() on ptolemy.moml.MoMLSimpleApplication@74a2235f
reloadAllAccessors: .ExpressionConcatenateArrayType

===========================================================================================
----------------- testing Tue Jun 12 00:01:25 UTC 2018 /home/travis/build/icyphy/ptII/ptolemy/actor/lib/test/auto/ExpressionConcatenateArrayType2.xml
----------------- Instantiating /home/travis/build/icyphy/ptII/ptolemy/actor/lib/test/auto/ExpressionConcatenateArrayType2.xml
3 ms. Memory: 1360896K Free: 246277K (18%)
----------------- Invoking toplevel() on ptolemy.moml.MoMLSimpleApplication@258761c0
----------------- Done invoking toplevel() on ptolemy.moml.MoMLSimpleApplication@258761c0
reloadAllAccessors: .ExpressionConcatenateArrayType2

===========================================================================================
----------------- testing Tue Jun 12 00:01:25 UTC 2018 /home/travis/build/icyphy/ptII/ptolemy/actor/lib/test/auto/ExpressionFix.xml
----------------- Instantiating /home/travis/build/icyphy/ptII/ptolemy/actor/lib/test/auto/ExpressionFix.xml
23 ms. Memory: 1360896K Free: 229648K (17%)
----------------- Invoking toplevel() on ptolemy.moml.MoMLSimpleApplication@39dc7f27
----------------- Done invoking toplevel() on ptolemy.moml.MoMLSimpleApplication@39dc7f27
reloadAllAccessors: .ExpressionFix

===========================================================================================
----------------- testing Tue Jun 12 00:01:25 UTC 2018 /home/travis/build/icyphy/ptII/ptolemy/actor/lib/test/auto/ExpressionFix2.xml
----------------- Instantiating /home/travis/build/icyphy/ptII/ptolemy/actor/lib/test/auto/ExpressionFix2.xml
5 ms. Memory: 1360896K Free: 203583K (15%)
----------------- Invoking toplevel() on ptolemy.moml.MoMLSimpleApplication@5ebf428e
----------------- Done invoking toplevel() on ptolemy.moml.MoMLSimpleApplication@5ebf428e
reloadAllAccessors: .ExpressionFix2

===========================================================================================
----------------- testing Tue Jun 12 00:01:25 UTC 2018 /home/travis/build/icyphy/ptII/ptolemy/actor/lib/test/auto/ExpressionFix3.xml
----------------- Instantiating /home/travis/build/icyphy/ptII/ptolemy/actor/lib/test/auto/ExpressionFix3.xml
4 ms. Memory: 1360896K Free: 186953K (14%)
----------------- Invoking toplevel() on ptolemy.moml.MoMLSimpleApplication@43d368ef
----------------- Done invoking toplevel() on ptolemy.moml.MoMLSimpleApplication@43d368ef
reloadAllAccessors: .ExpressionFix3

===========================================================================================
----------------- testing Tue Jun 12 00:01:25 UTC 2018 /home/travis/build/icyphy/ptII/ptolemy/actor/lib/test/auto/FileWriter1.xml
----------------- Instantiating /home/travis/build/icyphy/ptII/ptolemy/actor/lib/test/auto/FileWriter1.xml
3 ms. Memory: 1360896K Free: 170324K (13%)
----------------- Invoking toplevel() on ptolemy.moml.MoMLSimpleApplication@3e26bf4c
----------------- Done invoking toplevel() on ptolemy.moml.MoMLSimpleApplication@3e26bf4c
reloadAllAccessors: .FileWriter1

===========================================================================================
----------------- testing Tue Jun 12 00:01:25 UTC 2018 /home/travis/build/icyphy/ptII/ptolemy/actor/lib/test/auto/FileWriter2.xml
----------------- Instantiating /home/travis/build/icyphy/ptII/ptolemy/actor/lib/test/auto/FileWriter2.xml
7 ms. Memory: 1360896K Free: 153694K (11%)
----------------- Invoking toplevel() on ptolemy.moml.MoMLSimpleApplication@3e16c6e2
----------------- Done invoking toplevel() on ptolemy.moml.MoMLSimpleApplication@3e16c6e2
reloadAllAccessors: .FileWriter2

===========================================================================================
----------------- testing Tue Jun 12 00:01:25 UTC 2018 /home/travis/build/icyphy/ptII/ptolemy/actor/lib/test/auto/FileWriter3.xml
----------------- Instantiating /home/travis/build/icyphy/ptII/ptolemy/actor/lib/test/auto/FileWriter3.xml
2 ms. Memory: 1360896K Free: 137064K (10%)
----------------- Invoking toplevel() on ptolemy.moml.MoMLSimpleApplication@473f7014
----------------- Done invoking toplevel() on ptolemy.moml.MoMLSimpleApplication@473f7014
reloadAllAccessors: .FileWriter3

===========================================================================================
----------------- testing Tue Jun 12 00:01:25 UTC 2018 /home/travis/build/icyphy/ptII/ptolemy/actor/lib/test/auto/Gaussian.xml
----------------- Instantiating /home/travis/build/icyphy/ptII/ptolemy/actor/lib/test/auto/Gaussian.xml
5 ms. Memory: 1360896K Free: 111000K (8%)
----------------- Invoking toplevel() on ptolemy.moml.MoMLSimpleApplication@246c4b0c
----------------- Done invoking toplevel() on ptolemy.moml.MoMLSimpleApplication@246c4b0c
reloadAllAccessors: .Gaussian

===========================================================================================
----------------- testing Tue Jun 12 00:01:25 UTC 2018 /home/travis/build/icyphy/ptII/ptolemy/actor/lib/test/auto/Gaussian1.xml
----------------- Instantiating /home/travis/build/icyphy/ptII/ptolemy/actor/lib/test/auto/Gaussian1.xml
2 ms. Memory: 1360896K Free: 94370K (7%)
----------------- Invoking toplevel() on ptolemy.moml.MoMLSimpleApplication@7a533b42
----------------- Done invoking toplevel() on ptolemy.moml.MoMLSimpleApplication@7a533b42
reloadAllAccessors: .Gaussian1

===========================================================================================
----------------- testing Tue Jun 12 00:01:25 UTC 2018 /home/travis/build/icyphy/ptII/ptolemy/actor/lib/test/auto/Gaussian2.xml
----------------- Instantiating /home/travis/build/icyphy/ptII/ptolemy/actor/lib/test/auto/Gaussian2.xml
2 ms. Memory: 1360896K Free: 77740K (6%)
----------------- Invoking toplevel() on ptolemy.moml.MoMLSimpleApplication@54b52a03
----------------- Done invoking toplevel() on ptolemy.moml.MoMLSimpleApplication@54b52a03
reloadAllAccessors: .Gaussian2

===========================================================================================
----------------- testing Tue Jun 12 00:01:25 UTC 2018 /home/travis/build/icyphy/ptII/ptolemy/actor/lib/test/auto/GradientAdaptiveLattice.xml
----------------- Instantiating /home/travis/build/icyphy/ptII/ptolemy/actor/lib/test/auto/GradientAdaptiveLattice.xml
12 ms. Memory: 1653248K Free: 1599663K (97%)
----------------- Invoking toplevel() on ptolemy.moml.MoMLSimpleApplication@4fd4deb3
----------------- Done invoking toplevel() on ptolemy.moml.MoMLSimpleApplication@4fd4deb3
reloadAllAccessors: .GradientAdaptiveLattice

===========================================================================================
----------------- testing Tue Jun 12 00:01:25 UTC 2018 /home/travis/build/icyphy/ptII/ptolemy/actor/lib/test/auto/IIR.xml
----------------- Instantiating /home/travis/build/icyphy/ptII/ptolemy/actor/lib/test/auto/IIR.xml
2 ms. Memory: 1653248K Free: 1570487K (95%)
----------------- Invoking toplevel() on ptolemy.moml.MoMLSimpleApplication@2f0e174d
----------------- Done invoking toplevel() on ptolemy.moml.MoMLSimpleApplication@2f0e174d
reloadAllAccessors: .IIR

===========================================================================================
----------------- testing Tue Jun 12 00:01:25 UTC 2018 /home/travis/build/icyphy/ptII/ptolemy/actor/lib/test/auto/InputOutputTransparentPorts.xml
----------------- Instantiating /home/travis/build/icyphy/ptII/ptolemy/actor/lib/test/auto/InputOutputTransparentPorts.xml
2 ms. Memory: 1653248K Free: 1549713K (94%)
----------------- Invoking toplevel() on ptolemy.moml.MoMLSimpleApplication@1c5c8711
----------------- Done invoking toplevel() on ptolemy.moml.MoMLSimpleApplication@1c5c8711
reloadAllAccessors: .InputOutputTransparentPorts

===========================================================================================
----------------- testing Tue Jun 12 00:01:25 UTC 2018 /home/travis/build/icyphy/ptII/ptolemy/actor/lib/test/auto/Interpolator.xml
----------------- Instantiating /home/travis/build/icyphy/ptII/ptolemy/actor/lib/test/auto/Interpolator.xml
5 ms. Memory: 1653248K Free: 1528940K (92%)
----------------- Invoking toplevel() on ptolemy.moml.MoMLSimpleApplication@781f8237
----------------- Done invoking toplevel() on ptolemy.moml.MoMLSimpleApplication@781f8237
reloadAllAccessors: .Interpolator

===========================================================================================
----------------- testing Tue Jun 12 00:01:25 UTC 2018 /home/travis/build/icyphy/ptII/ptolemy/actor/lib/test/auto/InterpolatorFiringLimitDE.xml
----------------- Instantiating /home/travis/build/icyphy/ptII/ptolemy/actor/lib/test/auto/InterpolatorFiringLimitDE.xml
2 ms. Memory: 1653248K Free: 1499763K (91%)
----------------- Invoking toplevel() on ptolemy.moml.MoMLSimpleApplication@2fa6a31b
----------------- Done invoking toplevel() on ptolemy.moml.MoMLSimpleApplication@2fa6a31b
reloadAllAccessors: .InterpolatorFiringLimitDE

===========================================================================================
----------------- testing Tue Jun 12 00:01:25 UTC 2018 /home/travis/build/icyphy/ptII/ptolemy/actor/lib/test/auto/Lattice.xml
----------------- Instantiating /home/travis/build/icyphy/ptII/ptolemy/actor/lib/test/auto/Lattice.xml
1 ms. Memory: 1653248K Free: 1478990K (89%)
----------------- Invoking toplevel() on ptolemy.moml.MoMLSimpleApplication@7d8676ad
----------------- Done invoking toplevel() on ptolemy.moml.MoMLSimpleApplication@7d8676ad
reloadAllAccessors: .Lattice

===========================================================================================
----------------- testing Tue Jun 12 00:01:25 UTC 2018 /home/travis/build/icyphy/ptII/ptolemy/actor/lib/test/auto/LazyAOCTestLazy.xml
----------------- Instantiating /home/travis/build/icyphy/ptII/ptolemy/actor/lib/test/auto/LazyAOCTestLazy.xml
9 ms. Memory: 1653248K Free: 1458216K (88%)
----------------- Invoking toplevel() on ptolemy.moml.MoMLSimpleApplication@16a09de4
----------------- Done invoking toplevel() on ptolemy.moml.MoMLSimpleApplication@16a09de4
reloadAllAccessors: .LazyAOCTestLazy

===========================================================================================
----------------- testing Tue Jun 12 00:01:25 UTC 2018 /home/travis/build/icyphy/ptII/ptolemy/actor/lib/test/auto/LazyAOCTestNonLazy.xml
----------------- Instantiating /home/travis/build/icyphy/ptII/ptolemy/actor/lib/test/auto/LazyAOCTestNonLazy.xml
6 ms. Memory: 1653248K Free: 1437442K (87%)
----------------- Invoking toplevel() on ptolemy.moml.MoMLSimpleApplication@6124f337
----------------- Done invoking toplevel() on ptolemy.moml.MoMLSimpleApplication@6124f337
reloadAllAccessors: .LazyAOCTestNonLazy

===========================================================================================
----------------- testing Tue Jun 12 00:01:25 UTC 2018 /home/travis/build/icyphy/ptII/ptolemy/actor/lib/test/auto/LazyInnerClass.xml
----------------- Instantiating /home/travis/build/icyphy/ptII/ptolemy/actor/lib/test/auto/LazyInnerClass.xml
18 ms. Memory: 1653248K Free: 1408265K (85%)
----------------- Invoking toplevel() on ptolemy.moml.MoMLSimpleApplication@35fc36d6
----------------- Done invoking toplevel() on ptolemy.moml.MoMLSimpleApplication@35fc36d6
reloadAllAccessors: .LazyInnerClass

===========================================================================================
----------------- testing Tue Jun 12 00:01:25 UTC 2018 /home/travis/build/icyphy/ptII/ptolemy/actor/lib/test/auto/LazyPubSub.xml
----------------- Instantiating /home/travis/build/icyphy/ptII/ptolemy/actor/lib/test/auto/LazyPubSub.xml
25 ms. Memory: 1653248K Free: 1387492K (84%)
----------------- Invoking toplevel() on ptolemy.moml.MoMLSimpleApplication@17ff6fd7
----------------- Done invoking toplevel() on ptolemy.moml.MoMLSimpleApplication@17ff6fd7
reloadAllAccessors: .LazyPubSub

===========================================================================================
----------------- testing Tue Jun 12 00:01:25 UTC 2018 /home/travis/build/icyphy/ptII/ptolemy/actor/lib/test/auto/LazyPubSub2.xml
----------------- Instantiating /home/travis/build/icyphy/ptII/ptolemy/actor/lib/test/auto/LazyPubSub2.xml
16 ms. Memory: 1653248K Free: 1366582K (83%)
----------------- Invoking toplevel() on ptolemy.moml.MoMLSimpleApplication@308d9019
----------------- Done invoking toplevel() on ptolemy.moml.MoMLSimpleApplication@308d9019
reloadAllAccessors: .LazyPubSub2

===========================================================================================
----------------- testing Tue Jun 12 00:01:25 UTC 2018 /home/travis/build/icyphy/ptII/ptolemy/actor/lib/test/auto/LazyPubSub3.xml
----------------- Instantiating /home/travis/build/icyphy/ptII/ptolemy/actor/lib/test/auto/LazyPubSub3.xml
14 ms. Memory: 1653248K Free: 1337405K (81%)
----------------- Invoking toplevel() on ptolemy.moml.MoMLSimpleApplication@3cbdee74
----------------- Done invoking toplevel() on ptolemy.moml.MoMLSimpleApplication@3cbdee74
reloadAllAccessors: .LazyPubSub3

===========================================================================================
----------------- testing Tue Jun 12 00:01:25 UTC 2018 /home/travis/build/icyphy/ptII/ptolemy/actor/lib/test/auto/LazySubClassModel.xml
----------------- Instantiating /home/travis/build/icyphy/ptII/ptolemy/actor/lib/test/auto/LazySubClassModel.xml
2 ms. Memory: 1653248K Free: 1316631K (80%)
----------------- Invoking toplevel() on ptolemy.moml.MoMLSimpleApplication@1f23f407
----------------- Done invoking toplevel() on ptolemy.moml.MoMLSimpleApplication@1f23f407
reloadAllAccessors: .LazySubClassModel

===========================================================================================
----------------- testing Tue Jun 12 00:01:25 UTC 2018 /home/travis/build/icyphy/ptII/ptolemy/actor/lib/test/auto/LevelCrossTest1.xml
----------------- Instantiating /home/travis/build/icyphy/ptII/ptolemy/actor/lib/test/auto/LevelCrossTest1.xml
1 ms. Memory: 1653248K Free: 1295858K (78%)
----------------- Invoking toplevel() on ptolemy.moml.MoMLSimpleApplication@1a26a760
----------------- Done invoking toplevel() on ptolemy.moml.MoMLSimpleApplication@1a26a760
reloadAllAccessors: .broken

===========================================================================================
----------------- testing Tue Jun 12 00:01:25 UTC 2018 /home/travis/build/icyphy/ptII/ptolemy/actor/lib/test/auto/LevelCrossTest10.xml
----------------- Instantiating /home/travis/build/icyphy/ptII/ptolemy/actor/lib/test/auto/LevelCrossTest10.xml
1 ms. Memory: 1653248K Free: 1275084K (77%)
----------------- Invoking toplevel() on ptolemy.moml.MoMLSimpleApplication@5af3840c
----------------- Done invoking toplevel() on ptolemy.moml.MoMLSimpleApplication@5af3840c
reloadAllAccessors: .LevelCrossTest10

===========================================================================================
----------------- testing Tue Jun 12 00:01:25 UTC 2018 /home/travis/build/icyphy/ptII/ptolemy/actor/lib/test/auto/LevelCrossTest11.xml
----------------- Instantiating /home/travis/build/icyphy/ptII/ptolemy/actor/lib/test/auto/LevelCrossTest11.xml
1 ms. Memory: 1653248K Free: 1245907K (75%)
----------------- Invoking toplevel() on ptolemy.moml.MoMLSimpleApplication@1d0a56e1
----------------- Done invoking toplevel() on ptolemy.moml.MoMLSimpleApplication@1d0a56e1
reloadAllAccessors: .LevelCrossTest11

===========================================================================================
----------------- testing Tue Jun 12 00:01:25 UTC 2018 /home/travis/build/icyphy/ptII/ptolemy/actor/lib/test/auto/LevelCrossTest12.xml
----------------- Instantiating /home/travis/build/icyphy/ptII/ptolemy/actor/lib/test/auto/LevelCrossTest12.xml
1 ms. Memory: 1653248K Free: 1225134K (74%)
----------------- Invoking toplevel() on ptolemy.moml.MoMLSimpleApplication@590e8cce
----------------- Done invoking toplevel() on ptolemy.moml.MoMLSimpleApplication@590e8cce
reloadAllAccessors: .LevelCrossTest12

===========================================================================================
----------------- testing Tue Jun 12 00:01:26 UTC 2018 /home/travis/build/icyphy/ptII/ptolemy/actor/lib/test/auto/LevelCrossTest13.xml
----------------- Instantiating /home/travis/build/icyphy/ptII/ptolemy/actor/lib/test/auto/LevelCrossTest13.xml
1 ms. Memory: 1653248K Free: 1204360K (73%)
----------------- Invoking toplevel() on ptolemy.moml.MoMLSimpleApplication@4cd0834d
----------------- Done invoking toplevel() on ptolemy.moml.MoMLSimpleApplication@4cd0834d
reloadAllAccessors: .LevelCrossTest13

===========================================================================================
----------------- testing Tue Jun 12 00:01:26 UTC 2018 /home/travis/build/icyphy/ptII/ptolemy/actor/lib/test/auto/LevelCrossTest2.xml
----------------- Instantiating /home/travis/build/icyphy/ptII/ptolemy/actor/lib/test/auto/LevelCrossTest2.xml
2 ms. Memory: 1653248K Free: 1183587K (72%)
----------------- Invoking toplevel() on ptolemy.moml.MoMLSimpleApplication@29198c5e
----------------- Done invoking toplevel() on ptolemy.moml.MoMLSimpleApplication@29198c5e
reloadAllAccessors: .broken

===========================================================================================
----------------- testing Tue Jun 12 00:01:26 UTC 2018 /home/travis/build/icyphy/ptII/ptolemy/actor/lib/test/auto/LevelCrossTest3.xml
----------------- Instantiating /home/travis/build/icyphy/ptII/ptolemy/actor/lib/test/auto/LevelCrossTest3.xml
1 ms. Memory: 1653248K Free: 1154410K (70%)
----------------- Invoking toplevel() on ptolemy.moml.MoMLSimpleApplication@7cdad6ab
----------------- Done invoking toplevel() on ptolemy.moml.MoMLSimpleApplication@7cdad6ab
reloadAllAccessors: .LevelCrossTest3

===========================================================================================
----------------- testing Tue Jun 12 00:01:26 UTC 2018 /home/travis/build/icyphy/ptII/ptolemy/actor/lib/test/auto/LevelCrossTest4.xml
----------------- Instantiating /home/travis/build/icyphy/ptII/ptolemy/actor/lib/test/auto/LevelCrossTest4.xml
1 ms. Memory: 1653248K Free: 1133637K (69%)
----------------- Invoking toplevel() on ptolemy.moml.MoMLSimpleApplication@3a03f66d
----------------- Done invoking toplevel() on ptolemy.moml.MoMLSimpleApplication@3a03f66d
reloadAllAccessors: .broken

===========================================================================================
----------------- testing Tue Jun 12 00:01:26 UTC 2018 /home/travis/build/icyphy/ptII/ptolemy/actor/lib/test/auto/LevelCrossTest5.xml
----------------- Instantiating /home/travis/build/icyphy/ptII/ptolemy/actor/lib/test/auto/LevelCrossTest5.xml
1 ms. Memory: 1653248K Free: 1112863K (67%)
----------------- Invoking toplevel() on ptolemy.moml.MoMLSimpleApplication@6414d8a3
----------------- Done invoking toplevel() on ptolemy.moml.MoMLSimpleApplication@6414d8a3
reloadAllAccessors: .LevelCrossTest5

===========================================================================================
----------------- testing Tue Jun 12 00:01:26 UTC 2018 /home/travis/build/icyphy/ptII/ptolemy/actor/lib/test/auto/LevelCrossTest6.xml
----------------- Instantiating /home/travis/build/icyphy/ptII/ptolemy/actor/lib/test/auto/LevelCrossTest6.xml
2 ms. Memory: 1653248K Free: 1083686K (66%)
----------------- Invoking toplevel() on ptolemy.moml.MoMLSimpleApplication@48f63d13
----------------- Done invoking toplevel() on ptolemy.moml.MoMLSimpleApplication@48f63d13
reloadAllAccessors: .LevelCrossTest6

===========================================================================================
----------------- testing Tue Jun 12 00:01:26 UTC 2018 /home/travis/build/icyphy/ptII/ptolemy/actor/lib/test/auto/LevelCrossTest7.xml
----------------- Instantiating /home/travis/build/icyphy/ptII/ptolemy/actor/lib/test/auto/LevelCrossTest7.xml
4 ms. Memory: 1653248K Free: 1062913K (64%)
----------------- Invoking toplevel() on ptolemy.moml.MoMLSimpleApplication@1d8556ac
----------------- Done invoking toplevel() on ptolemy.moml.MoMLSimpleApplication@1d8556ac
reloadAllAccessors: .LevelCrossTest7

===========================================================================================
----------------- testing Tue Jun 12 00:01:26 UTC 2018 /home/travis/build/icyphy/ptII/ptolemy/actor/lib/test/auto/LevelCrossTest8.xml
----------------- Instantiating /home/travis/build/icyphy/ptII/ptolemy/actor/lib/test/auto/LevelCrossTest8.xml
1 ms. Memory: 1653248K Free: 1042139K (63%)
----------------- Invoking toplevel() on ptolemy.moml.MoMLSimpleApplication@510eb2c9
----------------- Done invoking toplevel() on ptolemy.moml.MoMLSimpleApplication@510eb2c9
reloadAllAccessors: .LevelCrossTest8

===========================================================================================
----------------- testing Tue Jun 12 00:01:26 UTC 2018 /home/travis/build/icyphy/ptII/ptolemy/actor/lib/test/auto/LevelCrossTest9.xml
----------------- Instantiating /home/travis/build/icyphy/ptII/ptolemy/actor/lib/test/auto/LevelCrossTest9.xml
2 ms. Memory: 1653248K Free: 1021366K (62%)
----------------- Invoking toplevel() on ptolemy.moml.MoMLSimpleApplication@51176d40
----------------- Done invoking toplevel() on ptolemy.moml.MoMLSimpleApplication@51176d40
reloadAllAccessors: .LevelCrossTest9

===========================================================================================
----------------- testing Tue Jun 12 00:01:26 UTC 2018 /home/travis/build/icyphy/ptII/ptolemy/actor/lib/test/auto/LevinsonDurbin.xml
----------------- Instantiating /home/travis/build/icyphy/ptII/ptolemy/actor/lib/test/auto/LevinsonDurbin.xml
5 ms. Memory: 1653248K Free: 992189K (60%)
----------------- Invoking toplevel() on ptolemy.moml.MoMLSimpleApplication@761fe99b
----------------- Done invoking toplevel() on ptolemy.moml.MoMLSimpleApplication@761fe99b
reloadAllAccessors: .LevinsonDurbin

===========================================================================================
----------------- testing Tue Jun 12 00:01:26 UTC 2018 /home/travis/build/icyphy/ptII/ptolemy/actor/lib/test/auto/LevinsonDurbin2.xml
----------------- Instantiating /home/travis/build/icyphy/ptII/ptolemy/actor/lib/test/auto/LevinsonDurbin2.xml
3 ms. Memory: 1653248K Free: 971415K (59%)
----------------- Invoking toplevel() on ptolemy.moml.MoMLSimpleApplication@4b7879e7
----------------- Done invoking toplevel() on ptolemy.moml.MoMLSimpleApplication@4b7879e7
reloadAllAccessors: .LevinsonDurbin2

===========================================================================================
----------------- testing Tue Jun 12 00:01:26 UTC 2018 /home/travis/build/icyphy/ptII/ptolemy/actor/lib/test/auto/LevinsonDurbin3.xml
----------------- Instantiating /home/travis/build/icyphy/ptII/ptolemy/actor/lib/test/auto/LevinsonDurbin3.xml
2 ms. Memory: 1653248K Free: 950642K (58%)
----------------- Invoking toplevel() on ptolemy.moml.MoMLSimpleApplication@edea47a
----------------- Done invoking toplevel() on ptolemy.moml.MoMLSimpleApplication@edea47a
reloadAllAccessors: .LevinsonDurbin3

===========================================================================================
----------------- testing Tue Jun 12 00:01:26 UTC 2018 /home/travis/build/icyphy/ptII/ptolemy/actor/lib/test/auto/Limiter.xml
----------------- Instantiating /home/travis/build/icyphy/ptII/ptolemy/actor/lib/test/auto/Limiter.xml
4 ms. Memory: 1653248K Free: 929868K (56%)
----------------- Invoking toplevel() on ptolemy.moml.MoMLSimpleApplication@6b6e0b9f
----------------- Done invoking toplevel() on ptolemy.moml.MoMLSimpleApplication@6b6e0b9f
reloadAllAccessors: .Limiter

===========================================================================================
----------------- testing Tue Jun 12 00:01:26 UTC 2018 /home/travis/build/icyphy/ptII/ptolemy/actor/lib/test/auto/LinearDifferenceEquationSystem.xml
----------------- Instantiating /home/travis/build/icyphy/ptII/ptolemy/actor/lib/test/auto/LinearDifferenceEquationSystem.xml
4 ms. Memory: 1653248K Free: 900691K (54%)
----------------- Invoking toplevel() on ptolemy.moml.MoMLSimpleApplication@665de66d
----------------- Done invoking toplevel() on ptolemy.moml.MoMLSimpleApplication@665de66d
reloadAllAccessors: .LinearDifferenceEquationSystem

===========================================================================================
----------------- testing Tue Jun 12 00:01:26 UTC 2018 /home/travis/build/icyphy/ptII/ptolemy/actor/lib/test/auto/LookupTable.xml
----------------- Instantiating /home/travis/build/icyphy/ptII/ptolemy/actor/lib/test/auto/LookupTable.xml
1 ms. Memory: 1653248K Free: 879918K (53%)
----------------- Invoking toplevel() on ptolemy.moml.MoMLSimpleApplication@703b8a4e
----------------- Done invoking toplevel() on ptolemy.moml.MoMLSimpleApplication@703b8a4e
reloadAllAccessors: .LookupTable

===========================================================================================
----------------- testing Tue Jun 12 00:01:26 UTC 2018 /home/travis/build/icyphy/ptII/ptolemy/actor/lib/test/auto/MathFunction.xml
----------------- Instantiating /home/travis/build/icyphy/ptII/ptolemy/actor/lib/test/auto/MathFunction.xml
2 ms. Memory: 1653248K Free: 859144K (52%)
----------------- Invoking toplevel() on ptolemy.moml.MoMLSimpleApplication@56e43ceb
----------------- Done invoking toplevel() on ptolemy.moml.MoMLSimpleApplication@56e43ceb
reloadAllAccessors: .MathFunction

===========================================================================================
----------------- testing Tue Jun 12 00:01:26 UTC 2018 /home/travis/build/icyphy/ptII/ptolemy/actor/lib/test/auto/MathFunction2.xml
----------------- Instantiating /home/travis/build/icyphy/ptII/ptolemy/actor/lib/test/auto/MathFunction2.xml
1 ms. Memory: 1653248K Free: 829967K (50%)
----------------- Invoking toplevel() on ptolemy.moml.MoMLSimpleApplication@1ffa5672
----------------- Done invoking toplevel() on ptolemy.moml.MoMLSimpleApplication@1ffa5672
reloadAllAccessors: .MathFunction2

===========================================================================================
----------------- testing Tue Jun 12 00:01:26 UTC 2018 /home/travis/build/icyphy/ptII/ptolemy/actor/lib/test/auto/MathFunction3.xml
----------------- Instantiating /home/travis/build/icyphy/ptII/ptolemy/actor/lib/test/auto/MathFunction3.xml
8 ms. Memory: 1653248K Free: 809194K (49%)
----------------- Invoking toplevel() on ptolemy.moml.MoMLSimpleApplication@77f33cd2
----------------- Done invoking toplevel() on ptolemy.moml.MoMLSimpleApplication@77f33cd2
reloadAllAccessors: .MathFunction3

===========================================================================================
----------------- testing Tue Jun 12 00:01:26 UTC 2018 /home/travis/build/icyphy/ptII/ptolemy/actor/lib/test/auto/MatrixCropBoolean.xml
----------------- Instantiating /home/travis/build/icyphy/ptII/ptolemy/actor/lib/test/auto/MatrixCropBoolean.xml
3 ms. Memory: 1653248K Free: 788420K (48%)
----------------- Invoking toplevel() on ptolemy.moml.MoMLSimpleApplication@5cf5e689
----------------- Done invoking toplevel() on ptolemy.moml.MoMLSimpleApplication@5cf5e689
reloadAllAccessors: .MatrixCropBoolean

===========================================================================================
----------------- testing Tue Jun 12 00:01:26 UTC 2018 /home/travis/build/icyphy/ptII/ptolemy/actor/lib/test/auto/MatrixCropComplex.xml
----------------- Instantiating /home/travis/build/icyphy/ptII/ptolemy/actor/lib/test/auto/MatrixCropComplex.xml
2 ms. Memory: 1653248K Free: 767647K (46%)
----------------- Invoking toplevel() on ptolemy.moml.MoMLSimpleApplication@6841e3a0
----------------- Done invoking toplevel() on ptolemy.moml.MoMLSimpleApplication@6841e3a0
reloadAllAccessors: .MatrixCropComplex

===========================================================================================
----------------- testing Tue Jun 12 00:01:26 UTC 2018 /home/travis/build/icyphy/ptII/ptolemy/actor/lib/test/auto/MatrixCropDouble.xml
----------------- Instantiating /home/travis/build/icyphy/ptII/ptolemy/actor/lib/test/auto/MatrixCropDouble.xml
2 ms. Memory: 1653248K Free: 738470K (45%)
----------------- Invoking toplevel() on ptolemy.moml.MoMLSimpleApplication@2f796d1a
----------------- Done invoking toplevel() on ptolemy.moml.MoMLSimpleApplication@2f796d1a
reloadAllAccessors: .MatrixCropDouble

===========================================================================================
----------------- testing Tue Jun 12 00:01:26 UTC 2018 /home/travis/build/icyphy/ptII/ptolemy/actor/lib/test/auto/MatrixCropFix.xml
----------------- Instantiating /home/travis/build/icyphy/ptII/ptolemy/actor/lib/test/auto/MatrixCropFix.xml
3 ms. Memory: 1653248K Free: 717697K (43%)
----------------- Invoking toplevel() on ptolemy.moml.MoMLSimpleApplication@68a9f3f2
----------------- Done invoking toplevel() on ptolemy.moml.MoMLSimpleApplication@68a9f3f2
reloadAllAccessors: .MatrixCropFix

===========================================================================================
----------------- testing Tue Jun 12 00:01:26 UTC 2018 /home/travis/build/icyphy/ptII/ptolemy/actor/lib/test/auto/MatrixCropInt.xml
----------------- Instantiating /home/travis/build/icyphy/ptII/ptolemy/actor/lib/test/auto/MatrixCropInt.xml
1 ms. Memory: 1653248K Free: 696923K (42%)
----------------- Invoking toplevel() on ptolemy.moml.MoMLSimpleApplication@3a58b31a
----------------- Done invoking toplevel() on ptolemy.moml.MoMLSimpleApplication@3a58b31a
reloadAllAccessors: .MatrixCropInt

===========================================================================================
----------------- testing Tue Jun 12 00:01:26 UTC 2018 /home/travis/build/icyphy/ptII/ptolemy/actor/lib/test/auto/MatrixCropLong.xml
----------------- Instantiating /home/travis/build/icyphy/ptII/ptolemy/actor/lib/test/auto/MatrixCropLong.xml
3 ms. Memory: 1653248K Free: 667747K (40%)
----------------- Invoking toplevel() on ptolemy.moml.MoMLSimpleApplication@5d77f154
----------------- Done invoking toplevel() on ptolemy.moml.MoMLSimpleApplication@5d77f154
reloadAllAccessors: .MatrixCropLong

===========================================================================================
----------------- testing Tue Jun 12 00:01:26 UTC 2018 /home/travis/build/icyphy/ptII/ptolemy/actor/lib/test/auto/MatrixToArray.xml
----------------- Instantiating /home/travis/build/icyphy/ptII/ptolemy/actor/lib/test/auto/MatrixToArray.xml
6 ms. Memory: 1653248K Free: 636570K (39%)
----------------- Invoking toplevel() on ptolemy.moml.MoMLSimpleApplication@6dd94d4c
----------------- Done invoking toplevel() on ptolemy.moml.MoMLSimpleApplication@6dd94d4c
reloadAllAccessors: .MatrixToArray

===========================================================================================
----------------- testing Tue Jun 12 00:01:26 UTC 2018 /home/travis/build/icyphy/ptII/ptolemy/actor/lib/test/auto/MaxIndex.xml
----------------- Instantiating /home/travis/build/icyphy/ptII/ptolemy/actor/lib/test/auto/MaxIndex.xml
3 ms. Memory: 1653248K Free: 615797K (37%)
----------------- Invoking toplevel() on ptolemy.moml.MoMLSimpleApplication@12979fa
----------------- Done invoking toplevel() on ptolemy.moml.MoMLSimpleApplication@12979fa
reloadAllAccessors: .MaxIndex

===========================================================================================
----------------- testing Tue Jun 12 00:01:26 UTC 2018 /home/travis/build/icyphy/ptII/ptolemy/actor/lib/test/auto/Maximum.xml
----------------- Instantiating /home/travis/build/icyphy/ptII/ptolemy/actor/lib/test/auto/Maximum.xml
5 ms. Memory: 1653248K Free: 595023K (36%)
----------------- Invoking toplevel() on ptolemy.moml.MoMLSimpleApplication@2e2dce69
----------------- Done invoking toplevel() on ptolemy.moml.MoMLSimpleApplication@2e2dce69
reloadAllAccessors: .Maximum

===========================================================================================
----------------- testing Tue Jun 12 00:01:26 UTC 2018 /home/travis/build/icyphy/ptII/ptolemy/actor/lib/test/auto/MaximumComplex.xml
----------------- Instantiating /home/travis/build/icyphy/ptII/ptolemy/actor/lib/test/auto/MaximumComplex.xml
4 ms. Memory: 1653248K Free: 565847K (34%)
----------------- Invoking toplevel() on ptolemy.moml.MoMLSimpleApplication@10da63dc
----------------- Done invoking toplevel() on ptolemy.moml.MoMLSimpleApplication@10da63dc
reloadAllAccessors: .MaximumComplex

===========================================================================================
----------------- testing Tue Jun 12 00:01:26 UTC 2018 /home/travis/build/icyphy/ptII/ptolemy/actor/lib/test/auto/MethodCallTest.xml
----------------- Instantiating /home/travis/build/icyphy/ptII/ptolemy/actor/lib/test/auto/MethodCallTest.xml
1 ms. Memory: 1653248K Free: 545073K (33%)
----------------- Invoking toplevel() on ptolemy.moml.MoMLSimpleApplication@766e727d
----------------- Done invoking toplevel() on ptolemy.moml.MoMLSimpleApplication@766e727d
reloadAllAccessors: .MethodCallTest

===========================================================================================
----------------- testing Tue Jun 12 00:01:26 UTC 2018 /home/travis/build/icyphy/ptII/ptolemy/actor/lib/test/auto/Minimum.xml
----------------- Instantiating /home/travis/build/icyphy/ptII/ptolemy/actor/lib/test/auto/Minimum.xml
2 ms. Memory: 1653248K Free: 524300K (32%)
----------------- Invoking toplevel() on ptolemy.moml.MoMLSimpleApplication@24776caa
----------------- Done invoking toplevel() on ptolemy.moml.MoMLSimpleApplication@24776caa
reloadAllAccessors: .Minimum

===========================================================================================
----------------- testing Tue Jun 12 00:01:26 UTC 2018 /home/travis/build/icyphy/ptII/ptolemy/actor/lib/test/auto/MinimumComplex.xml
----------------- Instantiating /home/travis/build/icyphy/ptII/ptolemy/actor/lib/test/auto/MinimumComplex.xml
2 ms. Memory: 1653248K Free: 503526K (30%)
----------------- Invoking toplevel() on ptolemy.moml.MoMLSimpleApplication@73a15957
----------------- Done invoking toplevel() on ptolemy.moml.MoMLSimpleApplication@73a15957
reloadAllAccessors: .MinimumComplex

===========================================================================================
----------------- testing Tue Jun 12 00:01:26 UTC 2018 /home/travis/build/icyphy/ptII/ptolemy/actor/lib/test/auto/MinimumMultiports.xml
----------------- Instantiating /home/travis/build/icyphy/ptII/ptolemy/actor/lib/test/auto/MinimumMultiports.xml
3 ms. Memory: 1653248K Free: 474350K (29%)
----------------- Invoking toplevel() on ptolemy.moml.MoMLSimpleApplication@4f733b82
----------------- Done invoking toplevel() on ptolemy.moml.MoMLSimpleApplication@4f733b82
reloadAllAccessors: .MinimumMultiports

===========================================================================================
----------------- testing Tue Jun 12 00:01:26 UTC 2018 /home/travis/build/icyphy/ptII/ptolemy/actor/lib/test/auto/ModifyDate.xml
----------------- Instantiating /home/travis/build/icyphy/ptII/ptolemy/actor/lib/test/auto/ModifyDate.xml
4 ms. Memory: 1653248K Free: 443173K (27%)
----------------- Invoking toplevel() on ptolemy.moml.MoMLSimpleApplication@46310094
----------------- Done invoking toplevel() on ptolemy.moml.MoMLSimpleApplication@46310094
reloadAllAccessors: .ModifyDate

===========================================================================================
----------------- testing Tue Jun 12 00:01:26 UTC 2018 /home/travis/build/icyphy/ptII/ptolemy/actor/lib/test/auto/ModifyDate2.xml
----------------- Instantiating /home/travis/build/icyphy/ptII/ptolemy/actor/lib/test/auto/ModifyDate2.xml
3 ms. Memory: 1653248K Free: 422400K (26%)
----------------- Invoking toplevel() on ptolemy.moml.MoMLSimpleApplication@24a11013
----------------- Done invoking toplevel() on ptolemy.moml.MoMLSimpleApplication@24a11013
reloadAllAccessors: .ModifyDate2

===========================================================================================
----------------- testing Tue Jun 12 00:01:26 UTC 2018 /home/travis/build/icyphy/ptII/ptolemy/actor/lib/test/auto/MovingAverage.xml
----------------- Instantiating /home/travis/build/icyphy/ptII/ptolemy/actor/lib/test/auto/MovingAverage.xml
1 ms. Memory: 1653248K Free: 393223K (24%)
----------------- Invoking toplevel() on ptolemy.moml.MoMLSimpleApplication@484b99c8
----------------- Done invoking toplevel() on ptolemy.moml.MoMLSimpleApplication@484b99c8
reloadAllAccessors: .MovingAverage

===========================================================================================
----------------- testing Tue Jun 12 00:01:26 UTC 2018 /home/travis/build/icyphy/ptII/ptolemy/actor/lib/test/auto/MovingMaximum.xml
----------------- Instantiating /home/travis/build/icyphy/ptII/ptolemy/actor/lib/test/auto/MovingMaximum.xml
1 ms. Memory: 1653248K Free: 372450K (23%)
----------------- Invoking toplevel() on ptolemy.moml.MoMLSimpleApplication@c47c562
----------------- Done invoking toplevel() on ptolemy.moml.MoMLSimpleApplication@c47c562
reloadAllAccessors: .MovingMaximum

===========================================================================================
----------------- testing Tue Jun 12 00:01:26 UTC 2018 /home/travis/build/icyphy/ptII/ptolemy/actor/lib/test/auto/MultipleLinksToSameRelation.xml
----------------- Instantiating /home/travis/build/icyphy/ptII/ptolemy/actor/lib/test/auto/MultipleLinksToSameRelation.xml
2 ms. Memory: 1653248K Free: 351676K (21%)
----------------- Invoking toplevel() on ptolemy.moml.MoMLSimpleApplication@3f1486e1
----------------- Done invoking toplevel() on ptolemy.moml.MoMLSimpleApplication@3f1486e1
reloadAllAccessors: .MultipleLinksToSameRelation

===========================================================================================
----------------- testing Tue Jun 12 00:01:26 UTC 2018 /home/travis/build/icyphy/ptII/ptolemy/actor/lib/test/auto/MultipleLinksToSameRelationDE.xml
----------------- Instantiating /home/travis/build/icyphy/ptII/ptolemy/actor/lib/test/auto/MultipleLinksToSameRelationDE.xml
6 ms. Memory: 1653248K Free: 330903K (20%)
----------------- Invoking toplevel() on ptolemy.moml.MoMLSimpleApplication@15bc360f
----------------- Done invoking toplevel() on ptolemy.moml.MoMLSimpleApplication@15bc360f
reloadAllAccessors: .MultipleLinksToSameRelationDE

===========================================================================================
----------------- testing Tue Jun 12 00:01:26 UTC 2018 /home/travis/build/icyphy/ptII/ptolemy/actor/lib/test/auto/Multiplexor.xml
----------------- Instantiating /home/travis/build/icyphy/ptII/ptolemy/actor/lib/test/auto/Multiplexor.xml
2 ms. Memory: 1653248K Free: 301726K (18%)
----------------- Invoking toplevel() on ptolemy.moml.MoMLSimpleApplication@614fd37e
----------------- Done invoking toplevel() on ptolemy.moml.MoMLSimpleApplication@614fd37e
reloadAllAccessors: .Multiplexor

===========================================================================================
----------------- testing Tue Jun 12 00:01:26 UTC 2018 /home/travis/build/icyphy/ptII/ptolemy/actor/lib/test/auto/Multiplexor1.xml
----------------- Instantiating /home/travis/build/icyphy/ptII/ptolemy/actor/lib/test/auto/Multiplexor1.xml
2 ms. Memory: 1653248K Free: 280952K (17%)
----------------- Invoking toplevel() on ptolemy.moml.MoMLSimpleApplication@4de94613
----------------- Done invoking toplevel() on ptolemy.moml.MoMLSimpleApplication@4de94613
reloadAllAccessors: .Multiplexor1

===========================================================================================
----------------- testing Tue Jun 12 00:01:26 UTC 2018 /home/travis/build/icyphy/ptII/ptolemy/actor/lib/test/auto/Multiplexor2.xml
----------------- Instantiating /home/travis/build/icyphy/ptII/ptolemy/actor/lib/test/auto/Multiplexor2.xml
3 ms. Memory: 1653248K Free: 260179K (16%)
----------------- Invoking toplevel() on ptolemy.moml.MoMLSimpleApplication@775bdc18
----------------- Done invoking toplevel() on ptolemy.moml.MoMLSimpleApplication@775bdc18
reloadAllAccessors: .Multiplexor2

===========================================================================================
----------------- testing Tue Jun 12 00:01:26 UTC 2018 /home/travis/build/icyphy/ptII/ptolemy/actor/lib/test/auto/Multiplexor3.xml
----------------- Instantiating /home/travis/build/icyphy/ptII/ptolemy/actor/lib/test/auto/Multiplexor3.xml
2 ms. Memory: 1653248K Free: 231002K (14%)
----------------- Invoking toplevel() on ptolemy.moml.MoMLSimpleApplication@26606669
----------------- Done invoking toplevel() on ptolemy.moml.MoMLSimpleApplication@26606669
reloadAllAccessors: .Multiplexor3

===========================================================================================
----------------- testing Tue Jun 12 00:01:26 UTC 2018 /home/travis/build/icyphy/ptII/ptolemy/actor/lib/test/auto/MultiplexorDE.xml
----------------- Instantiating /home/travis/build/icyphy/ptII/ptolemy/actor/lib/test/auto/MultiplexorDE.xml
3 ms. Memory: 1653248K Free: 210229K (13%)
----------------- Invoking toplevel() on ptolemy.moml.MoMLSimpleApplication@d9dc17d
----------------- Done invoking toplevel() on ptolemy.moml.MoMLSimpleApplication@d9dc17d
reloadAllAccessors: .MultiplexorDE

===========================================================================================
----------------- testing Tue Jun 12 00:01:26 UTC 2018 /home/travis/build/icyphy/ptII/ptolemy/actor/lib/test/auto/MultiportBroadcastTest.xml
----------------- Instantiating /home/travis/build/icyphy/ptII/ptolemy/actor/lib/test/auto/MultiportBroadcastTest.xml
88 ms. Memory: 1653248K Free: 189455K (11%)
----------------- Invoking toplevel() on ptolemy.moml.MoMLSimpleApplication@689811f
----------------- Done invoking toplevel() on ptolemy.moml.MoMLSimpleApplication@689811f
reloadAllAccessors: .MultiportBroadcastTest

===========================================================================================
----------------- testing Tue Jun 12 00:01:27 UTC 2018 /home/travis/build/icyphy/ptII/ptolemy/actor/lib/test/auto/MultiportOutHangDuringGetWidth.xml
----------------- Instantiating /home/travis/build/icyphy/ptII/ptolemy/actor/lib/test/auto/MultiportOutHangDuringGetWidth.xml
4 ms. Memory: 1653248K Free: 168682K (10%)
----------------- Invoking toplevel() on ptolemy.moml.MoMLSimpleApplication@2c21d9bf
----------------- Done invoking toplevel() on ptolemy.moml.MoMLSimpleApplication@2c21d9bf
reloadAllAccessors: .MultiportOutHangDuringGetWidth

===========================================================================================
----------------- testing Tue Jun 12 00:01:27 UTC 2018 /home/travis/build/icyphy/ptII/ptolemy/actor/lib/test/auto/NilToken.xml
----------------- Instantiating /home/travis/build/icyphy/ptII/ptolemy/actor/lib/test/auto/NilToken.xml
1 ms. Memory: 1653248K Free: 139505K (8%)
----------------- Invoking toplevel() on ptolemy.moml.MoMLSimpleApplication@2d6be447
----------------- Done invoking toplevel() on ptolemy.moml.MoMLSimpleApplication@2d6be447
reloadAllAccessors: .NilToken

===========================================================================================
----------------- testing Tue Jun 12 00:01:27 UTC 2018 /home/travis/build/icyphy/ptII/ptolemy/actor/lib/test/auto/NilTokenNonStrictTest.xml
----------------- Instantiating /home/travis/build/icyphy/ptII/ptolemy/actor/lib/test/auto/NilTokenNonStrictTest.xml
2 ms. Memory: 1653248K Free: 118732K (7%)
----------------- Invoking toplevel() on ptolemy.moml.MoMLSimpleApplication@73957885
----------------- Done invoking toplevel() on ptolemy.moml.MoMLSimpleApplication@73957885
reloadAllAccessors: .NilTokenNonStrictTest

===========================================================================================
----------------- testing Tue Jun 12 00:01:27 UTC 2018 /home/travis/build/icyphy/ptII/ptolemy/actor/lib/test/auto/NilTokenRecord.xml
----------------- Instantiating /home/travis/build/icyphy/ptII/ptolemy/actor/lib/test/auto/NilTokenRecord.xml
5 ms. Memory: 1653248K Free: 97958K (6%)
----------------- Invoking toplevel() on ptolemy.moml.MoMLSimpleApplication@1c212aa2
----------------- Done invoking toplevel() on ptolemy.moml.MoMLSimpleApplication@1c212aa2
reloadAllAccessors: .NilTokenRecord

===========================================================================================
----------------- testing Tue Jun 12 00:01:27 UTC 2018 /home/travis/build/icyphy/ptII/ptolemy/actor/lib/test/auto/NilTokenTypeTest.xml
----------------- Instantiating /home/travis/build/icyphy/ptII/ptolemy/actor/lib/test/auto/NilTokenTypeTest.xml
4 ms. Memory: 1653248K Free: 68781K (4%)
----------------- Invoking toplevel() on ptolemy.moml.MoMLSimpleApplication@77aac8d4
----------------- Done invoking toplevel() on ptolemy.moml.MoMLSimpleApplication@77aac8d4
reloadAllAccessors: .NilTokenTypeTest

===========================================================================================
----------------- testing Tue Jun 12 00:01:27 UTC 2018 /home/travis/build/icyphy/ptII/ptolemy/actor/lib/test/auto/ObjectToken1.xml
----------------- Instantiating /home/travis/build/icyphy/ptII/ptolemy/actor/lib/test/auto/ObjectToken1.xml
2 ms. Memory: 1653248K Free: 57271K (3%)
----------------- Invoking toplevel() on ptolemy.moml.MoMLSimpleApplication@4ad7f192
----------------- Done invoking toplevel() on ptolemy.moml.MoMLSimpleApplication@4ad7f192
reloadAllAccessors: .ObjectToken1

===========================================================================================
----------------- testing Tue Jun 12 00:01:27 UTC 2018 /home/travis/build/icyphy/ptII/ptolemy/actor/lib/test/auto/OrderedMerge.xml
----------------- Instantiating /home/travis/build/icyphy/ptII/ptolemy/actor/lib/test/auto/OrderedMerge.xml
4 ms. Memory: 1762816K Free: 1664137K (94%)
----------------- Invoking toplevel() on ptolemy.moml.MoMLSimpleApplication@7563b5d
----------------- Done invoking toplevel() on ptolemy.moml.MoMLSimpleApplication@7563b5d
reloadAllAccessors: .OrderedMerge

===========================================================================================
----------------- testing Tue Jun 12 00:01:27 UTC 2018 /home/travis/build/icyphy/ptII/ptolemy/actor/lib/test/auto/OrderedRecordDisassembler.xml
----------------- Instantiating /home/travis/build/icyphy/ptII/ptolemy/actor/lib/test/auto/OrderedRecordDisassembler.xml
3 ms. Memory: 1762816K Free: 1635181K (93%)
----------------- Invoking toplevel() on ptolemy.moml.MoMLSimpleApplication@1f64706c
----------------- Done invoking toplevel() on ptolemy.moml.MoMLSimpleApplication@1f64706c
reloadAllAccessors: .OrderedRecordDisassembler

===========================================================================================
----------------- testing Tue Jun 12 00:01:27 UTC 2018 /home/travis/build/icyphy/ptII/ptolemy/actor/lib/test/auto/OrderedRecordDisassembler2.xml
----------------- Instantiating /home/travis/build/icyphy/ptII/ptolemy/actor/lib/test/auto/OrderedRecordDisassembler2.xml
3 ms. Memory: 1762816K Free: 1613192K (92%)
----------------- Invoking toplevel() on ptolemy.moml.MoMLSimpleApplication@6a6dfd0
----------------- Done invoking toplevel() on ptolemy.moml.MoMLSimpleApplication@6a6dfd0
reloadAllAccessors: .OrderedRecordDisassembler2

===========================================================================================
----------------- testing Tue Jun 12 00:01:27 UTC 2018 /home/travis/build/icyphy/ptII/ptolemy/actor/lib/test/auto/OrderedRecordUpdater.xml
----------------- Instantiating /home/travis/build/icyphy/ptII/ptolemy/actor/lib/test/auto/OrderedRecordUpdater.xml
1 ms. Memory: 1762816K Free: 1584141K (90%)
----------------- Invoking toplevel() on ptolemy.moml.MoMLSimpleApplication@4707bc82
----------------- Done invoking toplevel() on ptolemy.moml.MoMLSimpleApplication@4707bc82
reloadAllAccessors: .RecordUpdater

===========================================================================================
----------------- testing Tue Jun 12 00:01:27 UTC 2018 /home/travis/build/icyphy/ptII/ptolemy/actor/lib/test/auto/OrderedRecordUpdater2.xml
----------------- Instantiating /home/travis/build/icyphy/ptII/ptolemy/actor/lib/test/auto/OrderedRecordUpdater2.xml
2 ms. Memory: 1762816K Free: 1562152K (89%)
----------------- Invoking toplevel() on ptolemy.moml.MoMLSimpleApplication@69a60e33
----------------- Done invoking toplevel() on ptolemy.moml.MoMLSimpleApplication@69a60e33
reloadAllAccessors: .RecordUpdater2

===========================================================================================
----------------- testing Tue Jun 12 00:01:27 UTC 2018 /home/travis/build/icyphy/ptII/ptolemy/actor/lib/test/auto/PhaseUnwrap.xml
----------------- Instantiating /home/travis/build/icyphy/ptII/ptolemy/actor/lib/test/auto/PhaseUnwrap.xml
2 ms. Memory: 1762816K Free: 1540163K (87%)
----------------- Invoking toplevel() on ptolemy.moml.MoMLSimpleApplication@4a3dff3f
----------------- Done invoking toplevel() on ptolemy.moml.MoMLSimpleApplication@4a3dff3f
reloadAllAccessors: .PhaseUnwrap

===========================================================================================
----------------- testing Tue Jun 12 00:01:27 UTC 2018 /home/travis/build/icyphy/ptII/ptolemy/actor/lib/test/auto/PoissonClock.xml
----------------- Instantiating /home/travis/build/icyphy/ptII/ptolemy/actor/lib/test/auto/PoissonClock.xml
1 ms. Memory: 1762816K Free: 1511206K (86%)
----------------- Invoking toplevel() on ptolemy.moml.MoMLSimpleApplication@4269c6e1
----------------- Done invoking toplevel() on ptolemy.moml.MoMLSimpleApplication@4269c6e1
reloadAllAccessors: .PoissonClock

===========================================================================================
----------------- testing Tue Jun 12 00:01:27 UTC 2018 /home/travis/build/icyphy/ptII/ptolemy/actor/lib/test/auto/PoissonClock2.xml
----------------- Instantiating /home/travis/build/icyphy/ptII/ptolemy/actor/lib/test/auto/PoissonClock2.xml
1 ms. Memory: 1762816K Free: 1489218K (84%)
----------------- Invoking toplevel() on ptolemy.moml.MoMLSimpleApplication@7f02fe01
----------------- Done invoking toplevel() on ptolemy.moml.MoMLSimpleApplication@7f02fe01
reloadAllAccessors: .PoissonClock2

===========================================================================================
----------------- testing Tue Jun 12 00:01:27 UTC 2018 /home/travis/build/icyphy/ptII/ptolemy/actor/lib/test/auto/PoissonClock3.xml
----------------- Instantiating /home/travis/build/icyphy/ptII/ptolemy/actor/lib/test/auto/PoissonClock3.xml
1 ms. Memory: 1762816K Free: 1467229K (83%)
----------------- Invoking toplevel() on ptolemy.moml.MoMLSimpleApplication@6831e23a
----------------- Done invoking toplevel() on ptolemy.moml.MoMLSimpleApplication@6831e23a
reloadAllAccessors: .PoissonClock3

===========================================================================================
----------------- testing Tue Jun 12 00:01:27 UTC 2018 /home/travis/build/icyphy/ptII/ptolemy/actor/lib/test/auto/PubSubWithInitialTokens.xml
----------------- Instantiating /home/travis/build/icyphy/ptII/ptolemy/actor/lib/test/auto/PubSubWithInitialTokens.xml
1 ms. Memory: 1762816K Free: 1438272K (82%)
----------------- Invoking toplevel() on ptolemy.moml.MoMLSimpleApplication@77186c03
----------------- Done invoking toplevel() on ptolemy.moml.MoMLSimpleApplication@77186c03
reloadAllAccessors: .PubSubWithInitialTokens

===========================================================================================
----------------- testing Tue Jun 12 00:01:27 UTC 2018 /home/travis/build/icyphy/ptII/ptolemy/actor/lib/test/auto/PubSubWithInitialTokens2.xml
----------------- Instantiating /home/travis/build/icyphy/ptII/ptolemy/actor/lib/test/auto/PubSubWithInitialTokens2.xml
2 ms. Memory: 1762816K Free: 1416283K (80%)
----------------- Invoking toplevel() on ptolemy.moml.MoMLSimpleApplication@75132970
----------------- Done invoking toplevel() on ptolemy.moml.MoMLSimpleApplication@75132970
reloadAllAccessors: .PubSubWithInitialTokens2

===========================================================================================
----------------- testing Tue Jun 12 00:01:27 UTC 2018 /home/travis/build/icyphy/ptII/ptolemy/actor/lib/test/auto/PublisherClassNoParameter.xml
----------------- Instantiating /home/travis/build/icyphy/ptII/ptolemy/actor/lib/test/auto/PublisherClassNoParameter.xml
2 ms. Memory: 1762816K Free: 1394295K (79%)
----------------- Invoking toplevel() on ptolemy.moml.MoMLSimpleApplication@4e300411
----------------- Done invoking toplevel() on ptolemy.moml.MoMLSimpleApplication@4e300411
reloadAllAccessors: .PublisherClassNoParameter

===========================================================================================
----------------- testing Tue Jun 12 00:01:27 UTC 2018 /home/travis/build/icyphy/ptII/ptolemy/actor/lib/test/auto/PublisherClassParameter.xml
----------------- Instantiating /home/travis/build/icyphy/ptII/ptolemy/actor/lib/test/auto/PublisherClassParameter.xml
2 ms. Memory: 1762816K Free: 1365338K (77%)
----------------- Invoking toplevel() on ptolemy.moml.MoMLSimpleApplication@603792c3
----------------- Done invoking toplevel() on ptolemy.moml.MoMLSimpleApplication@603792c3
reloadAllAccessors: .PublisherClassParameter

===========================================================================================
----------------- testing Tue Jun 12 00:01:27 UTC 2018 /home/travis/build/icyphy/ptII/ptolemy/actor/lib/test/auto/PublisherNonStrictTest.xml
----------------- Instantiating /home/travis/build/icyphy/ptII/ptolemy/actor/lib/test/auto/PublisherNonStrictTest.xml
3 ms. Memory: 1762816K Free: 1343349K (76%)
----------------- Invoking toplevel() on ptolemy.moml.MoMLSimpleApplication@4d52b40a
----------------- Done invoking toplevel() on ptolemy.moml.MoMLSimpleApplication@4d52b40a
reloadAllAccessors: .PublisherNonStrictTest

===========================================================================================
----------------- testing Tue Jun 12 00:01:27 UTC 2018 /home/travis/build/icyphy/ptII/ptolemy/actor/lib/test/auto/PublisherPort1.xml
----------------- Instantiating /home/travis/build/icyphy/ptII/ptolemy/actor/lib/test/auto/PublisherPort1.xml
2 ms. Memory: 1762816K Free: 1321360K (75%)
----------------- Invoking toplevel() on ptolemy.moml.MoMLSimpleApplication@5409d0dd
----------------- Done invoking toplevel() on ptolemy.moml.MoMLSimpleApplication@5409d0dd
reloadAllAccessors: .PublisherPort1

===========================================================================================
----------------- testing Tue Jun 12 00:01:27 UTC 2018 /home/travis/build/icyphy/ptII/ptolemy/actor/lib/test/auto/PublisherPort2.xml
----------------- Instantiating /home/travis/build/icyphy/ptII/ptolemy/actor/lib/test/auto/PublisherPort2.xml
1 ms. Memory: 1762816K Free: 1292403K (73%)
----------------- Invoking toplevel() on ptolemy.moml.MoMLSimpleApplication@515c0681
----------------- Done invoking toplevel() on ptolemy.moml.MoMLSimpleApplication@515c0681
reloadAllAccessors: .PublisherPort2

===========================================================================================
----------------- testing Tue Jun 12 00:01:27 UTC 2018 /home/travis/build/icyphy/ptII/ptolemy/actor/lib/test/auto/PublisherPort3.xml
----------------- Instantiating /home/travis/build/icyphy/ptII/ptolemy/actor/lib/test/auto/PublisherPort3.xml
3 ms. Memory: 1762816K Free: 1270415K (72%)
----------------- Invoking toplevel() on ptolemy.moml.MoMLSimpleApplication@43f23b8a
----------------- Done invoking toplevel() on ptolemy.moml.MoMLSimpleApplication@43f23b8a
reloadAllAccessors: .PublisherPort3

===========================================================================================
----------------- testing Tue Jun 12 00:01:27 UTC 2018 /home/travis/build/icyphy/ptII/ptolemy/actor/lib/test/auto/PublisherPort4.xml
----------------- Instantiating /home/travis/build/icyphy/ptII/ptolemy/actor/lib/test/auto/PublisherPort4.xml
2 ms. Memory: 1762816K Free: 1248426K (71%)
----------------- Invoking toplevel() on ptolemy.moml.MoMLSimpleApplication@2cf7614
----------------- Done invoking toplevel() on ptolemy.moml.MoMLSimpleApplication@2cf7614
reloadAllAccessors: .PublisherPort4

===========================================================================================
----------------- testing Tue Jun 12 00:01:27 UTC 2018 /home/travis/build/icyphy/ptII/ptolemy/actor/lib/test/auto/PublisherPort5.xml
----------------- Instantiating /home/travis/build/icyphy/ptII/ptolemy/actor/lib/test/auto/PublisherPort5.xml
3 ms. Memory: 1762816K Free: 1219469K (69%)
----------------- Invoking toplevel() on ptolemy.moml.MoMLSimpleApplication@3897c7bf
----------------- Done invoking toplevel() on ptolemy.moml.MoMLSimpleApplication@3897c7bf
reloadAllAccessors: .PublisherPort5

===========================================================================================
----------------- testing Tue Jun 12 00:01:27 UTC 2018 /home/travis/build/icyphy/ptII/ptolemy/actor/lib/test/auto/PublisherPort5LookAlike.xml
----------------- Instantiating /home/travis/build/icyphy/ptII/ptolemy/actor/lib/test/auto/PublisherPort5LookAlike.xml
3 ms. Memory: 1762816K Free: 1197480K (68%)
----------------- Invoking toplevel() on ptolemy.moml.MoMLSimpleApplication@542d2d88
----------------- Done invoking toplevel() on ptolemy.moml.MoMLSimpleApplication@542d2d88
reloadAllAccessors: .PublisherPort5LookAlike

===========================================================================================
----------------- testing Tue Jun 12 00:01:27 UTC 2018 /home/travis/build/icyphy/ptII/ptolemy/actor/lib/test/auto/PublisherPort6.xml
----------------- Instantiating /home/travis/build/icyphy/ptII/ptolemy/actor/lib/test/auto/PublisherPort6.xml
2 ms. Memory: 1762816K Free: 1175492K (67%)
----------------- Invoking toplevel() on ptolemy.moml.MoMLSimpleApplication@9c209c0
----------------- Done invoking toplevel() on ptolemy.moml.MoMLSimpleApplication@9c209c0
reloadAllAccessors: .PublisherPort6

===========================================================================================
----------------- testing Tue Jun 12 00:01:27 UTC 2018 /home/travis/build/icyphy/ptII/ptolemy/actor/lib/test/auto/PublisherPort7.xml
----------------- Instantiating /home/travis/build/icyphy/ptII/ptolemy/actor/lib/test/auto/PublisherPort7.xml
3 ms. Memory: 1762816K Free: 1146534K (65%)
----------------- Invoking toplevel() on ptolemy.moml.MoMLSimpleApplication@2ae2e057
----------------- Done invoking toplevel() on ptolemy.moml.MoMLSimpleApplication@2ae2e057
reloadAllAccessors: .PublisherPort7

===========================================================================================
----------------- testing Tue Jun 12 00:01:27 UTC 2018 /home/travis/build/icyphy/ptII/ptolemy/actor/lib/test/auto/PublisherPort8.xml
----------------- Instantiating /home/travis/build/icyphy/ptII/ptolemy/actor/lib/test/auto/PublisherPort8.xml
4 ms. Memory: 1762816K Free: 1124546K (64%)
----------------- Invoking toplevel() on ptolemy.moml.MoMLSimpleApplication@3ca4d030
----------------- Done invoking toplevel() on ptolemy.moml.MoMLSimpleApplication@3ca4d030
reloadAllAccessors: .PublisherPort8

===========================================================================================
----------------- testing Tue Jun 12 00:01:27 UTC 2018 /home/travis/build/icyphy/ptII/ptolemy/actor/lib/test/auto/PublisherPortSubscriberChannelVariablesAOC2.xml
----------------- Instantiating /home/travis/build/icyphy/ptII/ptolemy/actor/lib/test/auto/PublisherPortSubscriberChannelVariablesAOC2.xml
2 ms. Memory: 1762816K Free: 1091555K (62%)
----------------- Invoking toplevel() on ptolemy.moml.MoMLSimpleApplication@480f1345
----------------- Done invoking toplevel() on ptolemy.moml.MoMLSimpleApplication@480f1345
reloadAllAccessors: .PublisherPortSubscriberChannelVariablesAOC2

===========================================================================================
----------------- testing Tue Jun 12 00:01:27 UTC 2018 /home/travis/build/icyphy/ptII/ptolemy/actor/lib/test/auto/PublisherPortSubscriberOpaqueWidthInference.xml
----------------- Instantiating /home/travis/build/icyphy/ptII/ptolemy/actor/lib/test/auto/PublisherPortSubscriberOpaqueWidthInference.xml
3 ms. Memory: 1762816K Free: 1062598K (60%)
----------------- Invoking toplevel() on ptolemy.moml.MoMLSimpleApplication@52c3a3f6
----------------- Done invoking toplevel() on ptolemy.moml.MoMLSimpleApplication@52c3a3f6
reloadAllAccessors: .PublisherPortSubscriberOpaqueWidthInference

===========================================================================================
----------------- testing Tue Jun 12 00:01:27 UTC 2018 /home/travis/build/icyphy/ptII/ptolemy/actor/lib/test/auto/PublisherPortSubscriberPortAdjacent.xml
----------------- Instantiating /home/travis/build/icyphy/ptII/ptolemy/actor/lib/test/auto/PublisherPortSubscriberPortAdjacent.xml
1 ms. Memory: 1762816K Free: 1040609K (59%)
----------------- Invoking toplevel() on ptolemy.moml.MoMLSimpleApplication@48e0cb93
----------------- Done invoking toplevel() on ptolemy.moml.MoMLSimpleApplication@48e0cb93
reloadAllAccessors: .PublisherPortSubscriberPortAdjacent

===========================================================================================
----------------- testing Tue Jun 12 00:01:27 UTC 2018 /home/travis/build/icyphy/ptII/ptolemy/actor/lib/test/auto/PublisherPortSubscriberPortExpression.xml
----------------- Instantiating /home/travis/build/icyphy/ptII/ptolemy/actor/lib/test/auto/PublisherPortSubscriberPortExpression.xml
3 ms. Memory: 1762816K Free: 1018620K (58%)
----------------- Invoking toplevel() on ptolemy.moml.MoMLSimpleApplication@292ac5d9
----------------- Done invoking toplevel() on ptolemy.moml.MoMLSimpleApplication@292ac5d9
reloadAllAccessors: .PublisherPortSubscriberPortExpression

===========================================================================================
----------------- testing Tue Jun 12 00:01:27 UTC 2018 /home/travis/build/icyphy/ptII/ptolemy/actor/lib/test/auto/PublisherPortSubscriberPortOpaqueD3Reverse.xml
----------------- Instantiating /home/travis/build/icyphy/ptII/ptolemy/actor/lib/test/auto/PublisherPortSubscriberPortOpaqueD3Reverse.xml
6 ms. Memory: 1762816K Free: 989663K (56%)
----------------- Invoking toplevel() on ptolemy.moml.MoMLSimpleApplication@7d3f293b
----------------- Done invoking toplevel() on ptolemy.moml.MoMLSimpleApplication@7d3f293b
reloadAllAccessors: .PublisherPortSubscriberPortOpaqueD3Reverse

===========================================================================================
----------------- testing Tue Jun 12 00:01:27 UTC 2018 /home/travis/build/icyphy/ptII/ptolemy/actor/lib/test/auto/PublisherPortSubscriberPortOpaqueWidthInference.xml
----------------- Instantiating /home/travis/build/icyphy/ptII/ptolemy/actor/lib/test/auto/PublisherPortSubscriberPortOpaqueWidthInference.xml
3 ms. Memory: 1762816K Free: 967675K (55%)
----------------- Invoking toplevel() on ptolemy.moml.MoMLSimpleApplication@46acc923
----------------- Done invoking toplevel() on ptolemy.moml.MoMLSimpleApplication@46acc923
reloadAllAccessors: .PublisherPortSubscriberPortOpaqueWidthInference

===========================================================================================
----------------- testing Tue Jun 12 00:01:27 UTC 2018 /home/travis/build/icyphy/ptII/ptolemy/actor/lib/test/auto/PublisherPortToplevelSubscriberPortAOC.xml
----------------- Instantiating /home/travis/build/icyphy/ptII/ptolemy/actor/lib/test/auto/PublisherPortToplevelSubscriberPortAOC.xml
.PublisherPortToplevelSubscriberPortAOC.TestExceptionAttribute: initialize() was not invoked, but wrapup() was.  This is unusual, but not always a problem.  For example, exporting JNLP will do this.
0 ms. Memory: 1762816K Free: 945686K (54%)
----------------- Invoking toplevel() on ptolemy.moml.MoMLSimpleApplication@3e5634db
----------------- Done invoking toplevel() on ptolemy.moml.MoMLSimpleApplication@3e5634db
reloadAllAccessors: .PublisherPortToplevelSubscriberPortAOC

===========================================================================================
----------------- testing Tue Jun 12 00:01:27 UTC 2018 /home/travis/build/icyphy/ptII/ptolemy/actor/lib/test/auto/PublisherSubscriber.xml
----------------- Instantiating /home/travis/build/icyphy/ptII/ptolemy/actor/lib/test/auto/PublisherSubscriber.xml
2 ms. Memory: 1762816K Free: 916729K (52%)
----------------- Invoking toplevel() on ptolemy.moml.MoMLSimpleApplication@4a31e0e
----------------- Done invoking toplevel() on ptolemy.moml.MoMLSimpleApplication@4a31e0e
reloadAllAccessors: .PublisherSubscriber

===========================================================================================
----------------- testing Tue Jun 12 00:01:27 UTC 2018 /home/travis/build/icyphy/ptII/ptolemy/actor/lib/test/auto/PublisherSubscriber10.xml
----------------- Instantiating /home/travis/build/icyphy/ptII/ptolemy/actor/lib/test/auto/PublisherSubscriber10.xml
5 ms. Memory: 1762816K Free: 894740K (51%)
----------------- Invoking toplevel() on ptolemy.moml.MoMLSimpleApplication@43074e51
----------------- Done invoking toplevel() on ptolemy.moml.MoMLSimpleApplication@43074e51
reloadAllAccessors: .PublisherSubscriber10

===========================================================================================
----------------- testing Tue Jun 12 00:01:27 UTC 2018 /home/travis/build/icyphy/ptII/ptolemy/actor/lib/test/auto/PublisherSubscriber10InitialOutputs.xml
----------------- Instantiating /home/travis/build/icyphy/ptII/ptolemy/actor/lib/test/auto/PublisherSubscriber10InitialOutputs.xml
4 ms. Memory: 1762816K Free: 865783K (49%)
----------------- Invoking toplevel() on ptolemy.moml.MoMLSimpleApplication@25dd3365
----------------- Done invoking toplevel() on ptolemy.moml.MoMLSimpleApplication@25dd3365
reloadAllAccessors: .PublisherSubscriber10InitialOutputs

===========================================================================================
----------------- testing Tue Jun 12 00:01:27 UTC 2018 /home/travis/build/icyphy/ptII/ptolemy/actor/lib/test/auto/PublisherSubscriber11.xml
----------------- Instantiating /home/travis/build/icyphy/ptII/ptolemy/actor/lib/test/auto/PublisherSubscriber11.xml
2 ms. Memory: 1762816K Free: 843795K (48%)
----------------- Invoking toplevel() on ptolemy.moml.MoMLSimpleApplication@3d550e13
----------------- Done invoking toplevel() on ptolemy.moml.MoMLSimpleApplication@3d550e13
reloadAllAccessors: .PublisherSubscriber11

===========================================================================================
----------------- testing Tue Jun 12 00:01:27 UTC 2018 /home/travis/build/icyphy/ptII/ptolemy/actor/lib/test/auto/PublisherSubscriber12.xml
----------------- Instantiating /home/travis/build/icyphy/ptII/ptolemy/actor/lib/test/auto/PublisherSubscriber12.xml
2 ms. Memory: 1762816K Free: 821806K (47%)
----------------- Invoking toplevel() on ptolemy.moml.MoMLSimpleApplication@1bf8d1d6
----------------- Done invoking toplevel() on ptolemy.moml.MoMLSimpleApplication@1bf8d1d6
reloadAllAccessors: .PublisherSubscriber12

===========================================================================================
----------------- testing Tue Jun 12 00:01:27 UTC 2018 /home/travis/build/icyphy/ptII/ptolemy/actor/lib/test/auto/PublisherSubscriber13.xml
----------------- Instantiating /home/travis/build/icyphy/ptII/ptolemy/actor/lib/test/auto/PublisherSubscriber13.xml
2 ms. Memory: 1762816K Free: 792849K (45%)
----------------- Invoking toplevel() on ptolemy.moml.MoMLSimpleApplication@1294aba7
----------------- Done invoking toplevel() on ptolemy.moml.MoMLSimpleApplication@1294aba7
reloadAllAccessors: .PublisherSubscriber13

===========================================================================================
----------------- testing Tue Jun 12 00:01:27 UTC 2018 /home/travis/build/icyphy/ptII/ptolemy/actor/lib/test/auto/PublisherSubscriber14.xml
----------------- Instantiating /home/travis/build/icyphy/ptII/ptolemy/actor/lib/test/auto/PublisherSubscriber14.xml
2 ms. Memory: 1762816K Free: 770861K (44%)
----------------- Invoking toplevel() on ptolemy.moml.MoMLSimpleApplication@25eb900b
----------------- Done invoking toplevel() on ptolemy.moml.MoMLSimpleApplication@25eb900b
reloadAllAccessors: .PublisherSubscriber14

===========================================================================================
----------------- testing Tue Jun 12 00:01:27 UTC 2018 /home/travis/build/icyphy/ptII/ptolemy/actor/lib/test/auto/PublisherSubscriber2.xml
----------------- Instantiating /home/travis/build/icyphy/ptII/ptolemy/actor/lib/test/auto/PublisherSubscriber2.xml
3 ms. Memory: 1762816K Free: 748872K (42%)
----------------- Invoking toplevel() on ptolemy.moml.MoMLSimpleApplication@39900149
----------------- Done invoking toplevel() on ptolemy.moml.MoMLSimpleApplication@39900149
reloadAllAccessors: .PublisherSubscriber2

===========================================================================================
----------------- testing Tue Jun 12 00:01:27 UTC 2018 /home/travis/build/icyphy/ptII/ptolemy/actor/lib/test/auto/PublisherSubscriber3.xml
----------------- Instantiating /home/travis/build/icyphy/ptII/ptolemy/actor/lib/test/auto/PublisherSubscriber3.xml
2 ms. Memory: 1762816K Free: 719915K (41%)
----------------- Invoking toplevel() on ptolemy.moml.MoMLSimpleApplication@42894e52
----------------- Done invoking toplevel() on ptolemy.moml.MoMLSimpleApplication@42894e52
reloadAllAccessors: .PublisherSubscriber3

===========================================================================================
----------------- testing Tue Jun 12 00:01:27 UTC 2018 /home/travis/build/icyphy/ptII/ptolemy/actor/lib/test/auto/PublisherSubscriber4.xml
----------------- Instantiating /home/travis/build/icyphy/ptII/ptolemy/actor/lib/test/auto/PublisherSubscriber4.xml
2 ms. Memory: 1762816K Free: 697926K (40%)
----------------- Invoking toplevel() on ptolemy.moml.MoMLSimpleApplication@33769c2f
----------------- Done invoking toplevel() on ptolemy.moml.MoMLSimpleApplication@33769c2f
reloadAllAccessors: .PublisherSubscriber4

===========================================================================================
----------------- testing Tue Jun 12 00:01:27 UTC 2018 /home/travis/build/icyphy/ptII/ptolemy/actor/lib/test/auto/PublisherSubscriber5.xml
----------------- Instantiating /home/travis/build/icyphy/ptII/ptolemy/actor/lib/test/auto/PublisherSubscriber5.xml
2 ms. Memory: 1762816K Free: 675938K (38%)
----------------- Invoking toplevel() on ptolemy.moml.MoMLSimpleApplication@4b0eda03
----------------- Done invoking toplevel() on ptolemy.moml.MoMLSimpleApplication@4b0eda03
reloadAllAccessors: .PublisherSubscriber5

===========================================================================================
----------------- testing Tue Jun 12 00:01:27 UTC 2018 /home/travis/build/icyphy/ptII/ptolemy/actor/lib/test/auto/PublisherSubscriber6.xml
----------------- Instantiating /home/travis/build/icyphy/ptII/ptolemy/actor/lib/test/auto/PublisherSubscriber6.xml
2 ms. Memory: 1762816K Free: 646981K (37%)
----------------- Invoking toplevel() on ptolemy.moml.MoMLSimpleApplication@331c2aa4
----------------- Done invoking toplevel() on ptolemy.moml.MoMLSimpleApplication@331c2aa4
reloadAllAccessors: .PublisherSubscriber6

===========================================================================================
----------------- testing Tue Jun 12 00:01:28 UTC 2018 /home/travis/build/icyphy/ptII/ptolemy/actor/lib/test/auto/PublisherSubscriber7.xml
----------------- Instantiating /home/travis/build/icyphy/ptII/ptolemy/actor/lib/test/auto/PublisherSubscriber7.xml
2 ms. Memory: 1762816K Free: 624992K (35%)
----------------- Invoking toplevel() on ptolemy.moml.MoMLSimpleApplication@15f75d3e
----------------- Done invoking toplevel() on ptolemy.moml.MoMLSimpleApplication@15f75d3e
reloadAllAccessors: .PublisherSubscriber7

===========================================================================================
----------------- testing Tue Jun 12 00:01:28 UTC 2018 /home/travis/build/icyphy/ptII/ptolemy/actor/lib/test/auto/PublisherSubscriber8.xml
----------------- Instantiating /home/travis/build/icyphy/ptII/ptolemy/actor/lib/test/auto/PublisherSubscriber8.xml
19 ms. Memory: 1762816K Free: 493059K (28%)
----------------- Invoking toplevel() on ptolemy.moml.MoMLSimpleApplication@36030fcd
----------------- Done invoking toplevel() on ptolemy.moml.MoMLSimpleApplication@36030fcd
reloadAllAccessors: .PublisherSubscriber8

===========================================================================================
----------------- testing Tue Jun 12 00:01:28 UTC 2018 /home/travis/build/icyphy/ptII/ptolemy/actor/lib/test/auto/PublisherSubscriber9.xml
----------------- Instantiating /home/travis/build/icyphy/ptII/ptolemy/actor/lib/test/auto/PublisherSubscriber9.xml
3 ms. Memory: 1762816K Free: 464102K (26%)
----------------- Invoking toplevel() on ptolemy.moml.MoMLSimpleApplication@4b003998
----------------- Done invoking toplevel() on ptolemy.moml.MoMLSimpleApplication@4b003998
reloadAllAccessors: .PublisherSubscriber9

===========================================================================================
----------------- testing Tue Jun 12 00:01:28 UTC 2018 /home/travis/build/icyphy/ptII/ptolemy/actor/lib/test/auto/PublisherSubscriberAdjacent.xml
----------------- Instantiating /home/travis/build/icyphy/ptII/ptolemy/actor/lib/test/auto/PublisherSubscriberAdjacent.xml
2 ms. Memory: 1762816K Free: 442114K (25%)
----------------- Invoking toplevel() on ptolemy.moml.MoMLSimpleApplication@24209e2b
----------------- Done invoking toplevel() on ptolemy.moml.MoMLSimpleApplication@24209e2b
reloadAllAccessors: .PublisherSubscriberAdjacent

===========================================================================================
----------------- testing Tue Jun 12 00:01:28 UTC 2018 /home/travis/build/icyphy/ptII/ptolemy/actor/lib/test/auto/PublisherSubscriberChannelVariablesAOC2.xml
----------------- Instantiating /home/travis/build/icyphy/ptII/ptolemy/actor/lib/test/auto/PublisherSubscriberChannelVariablesAOC2.xml
3 ms. Memory: 1762816K Free: 409122K (23%)
----------------- Invoking toplevel() on ptolemy.moml.MoMLSimpleApplication@4b97acd1
----------------- Done invoking toplevel() on ptolemy.moml.MoMLSimpleApplication@4b97acd1
reloadAllAccessors: .PublisherSubscriberChannelVariablesAOC2

===========================================================================================
----------------- testing Tue Jun 12 00:01:28 UTC 2018 /home/travis/build/icyphy/ptII/ptolemy/actor/lib/test/auto/PublisherSubscriberD3.xml
----------------- Instantiating /home/travis/build/icyphy/ptII/ptolemy/actor/lib/test/auto/PublisherSubscriberD3.xml
2 ms. Memory: 1762816K Free: 380165K (22%)
----------------- Invoking toplevel() on ptolemy.moml.MoMLSimpleApplication@5b1b8b19
----------------- Done invoking toplevel() on ptolemy.moml.MoMLSimpleApplication@5b1b8b19
reloadAllAccessors: .PublisherSubscriberD3

===========================================================================================
----------------- testing Tue Jun 12 00:01:28 UTC 2018 /home/travis/build/icyphy/ptII/ptolemy/actor/lib/test/auto/PublisherSubscriberD3Reverse.xml
----------------- Instantiating /home/travis/build/icyphy/ptII/ptolemy/actor/lib/test/auto/PublisherSubscriberD3Reverse.xml
2 ms. Memory: 1762816K Free: 358177K (20%)
----------------- Invoking toplevel() on ptolemy.moml.MoMLSimpleApplication@1c163020
----------------- Done invoking toplevel() on ptolemy.moml.MoMLSimpleApplication@1c163020
reloadAllAccessors: .PublisherSubscriberD3Reverse

===========================================================================================
----------------- testing Tue Jun 12 00:01:28 UTC 2018 /home/travis/build/icyphy/ptII/ptolemy/actor/lib/test/auto/PublisherSubscriberExpression.xml
----------------- Instantiating /home/travis/build/icyphy/ptII/ptolemy/actor/lib/test/auto/PublisherSubscriberExpression.xml
3 ms. Memory: 1762816K Free: 336188K (19%)
----------------- Invoking toplevel() on ptolemy.moml.MoMLSimpleApplication@5945c52e
----------------- Done invoking toplevel() on ptolemy.moml.MoMLSimpleApplication@5945c52e
reloadAllAccessors: .PublisherSubscriberExpression

===========================================================================================
----------------- testing Tue Jun 12 00:01:28 UTC 2018 /home/travis/build/icyphy/ptII/ptolemy/actor/lib/test/auto/PublisherSubscriberOpaque.xml
----------------- Instantiating /home/travis/build/icyphy/ptII/ptolemy/actor/lib/test/auto/PublisherSubscriberOpaque.xml
4 ms. Memory: 1762816K Free: 307231K (17%)
----------------- Invoking toplevel() on ptolemy.moml.MoMLSimpleApplication@3eb79482
----------------- Done invoking toplevel() on ptolemy.moml.MoMLSimpleApplication@3eb79482
reloadAllAccessors: .PublisherSubscriberOpaque

===========================================================================================
----------------- testing Tue Jun 12 00:01:28 UTC 2018 /home/travis/build/icyphy/ptII/ptolemy/actor/lib/test/auto/PublisherSubscriberOpaqueD3.xml
----------------- Instantiating /home/travis/build/icyphy/ptII/ptolemy/actor/lib/test/auto/PublisherSubscriberOpaqueD3.xml
5 ms. Memory: 1762816K Free: 285242K (16%)
----------------- Invoking toplevel() on ptolemy.moml.MoMLSimpleApplication@7146ed1e
----------------- Done invoking toplevel() on ptolemy.moml.MoMLSimpleApplication@7146ed1e
reloadAllAccessors: .PublisherSubscriberOpaqueD3

===========================================================================================
----------------- testing Tue Jun 12 00:01:28 UTC 2018 /home/travis/build/icyphy/ptII/ptolemy/actor/lib/test/auto/PublisherSubscriberOpaqueD3Reverse.xml
----------------- Instantiating /home/travis/build/icyphy/ptII/ptolemy/actor/lib/test/auto/PublisherSubscriberOpaqueD3Reverse.xml
7 ms. Memory: 1762816K Free: 263254K (15%)
----------------- Invoking toplevel() on ptolemy.moml.MoMLSimpleApplication@1f23f214
----------------- Done invoking toplevel() on ptolemy.moml.MoMLSimpleApplication@1f23f214
reloadAllAccessors: .PublisherSubscriberOpaqueD3Reverse

===========================================================================================
----------------- testing Tue Jun 12 00:01:28 UTC 2018 /home/travis/build/icyphy/ptII/ptolemy/actor/lib/test/auto/PublisherSubscriberOpaqueWidthInference.xml
----------------- Instantiating /home/travis/build/icyphy/ptII/ptolemy/actor/lib/test/auto/PublisherSubscriberOpaqueWidthInference.xml
4 ms. Memory: 1762816K Free: 234297K (13%)
----------------- Invoking toplevel() on ptolemy.moml.MoMLSimpleApplication@1a227b3e
----------------- Done invoking toplevel() on ptolemy.moml.MoMLSimpleApplication@1a227b3e
reloadAllAccessors: .PublisherSubscriberOpaqueWidthInference

===========================================================================================
----------------- testing Tue Jun 12 00:01:28 UTC 2018 /home/travis/build/icyphy/ptII/ptolemy/actor/lib/test/auto/PublisherTestSubscriber.xml
----------------- Instantiating /home/travis/build/icyphy/ptII/ptolemy/actor/lib/test/auto/PublisherTestSubscriber.xml
4 ms. Memory: 1762816K Free: 212308K (12%)
----------------- Invoking toplevel() on ptolemy.moml.MoMLSimpleApplication@774204f3
----------------- Done invoking toplevel() on ptolemy.moml.MoMLSimpleApplication@774204f3
reloadAllAccessors: .PublisherTestSubscriber

===========================================================================================
----------------- testing Tue Jun 12 00:01:28 UTC 2018 /home/travis/build/icyphy/ptII/ptolemy/actor/lib/test/auto/PublisherToplevelSubscriberPortAOC.xml
----------------- Instantiating /home/travis/build/icyphy/ptII/ptolemy/actor/lib/test/auto/PublisherToplevelSubscriberPortAOC.xml
2 ms. Memory: 1762816K Free: 183351K (10%)
----------------- Invoking toplevel() on ptolemy.moml.MoMLSimpleApplication@62d3da3c
----------------- Done invoking toplevel() on ptolemy.moml.MoMLSimpleApplication@62d3da3c
reloadAllAccessors: .PublisherToplevelSubscriberPortAOC

===========================================================================================
----------------- testing Tue Jun 12 00:01:28 UTC 2018 /home/travis/build/icyphy/ptII/ptolemy/actor/lib/test/auto/PulseFiringLimitDE.xml
----------------- Instantiating /home/travis/build/icyphy/ptII/ptolemy/actor/lib/test/auto/PulseFiringLimitDE.xml
2 ms. Memory: 1762816K Free: 161362K (9%)
----------------- Invoking toplevel() on ptolemy.moml.MoMLSimpleApplication@8cbd854
----------------- Done invoking toplevel() on ptolemy.moml.MoMLSimpleApplication@8cbd854
reloadAllAccessors: .PulseFiringLimitDE

===========================================================================================
----------------- testing Tue Jun 12 00:01:28 UTC 2018 /home/travis/build/icyphy/ptII/ptolemy/actor/lib/test/auto/Ramp1.xml
----------------- Instantiating /home/travis/build/icyphy/ptII/ptolemy/actor/lib/test/auto/Ramp1.xml
2 ms. Memory: 1762816K Free: 139374K (8%)
----------------- Invoking toplevel() on ptolemy.moml.MoMLSimpleApplication@3bd67b0e
----------------- Done invoking toplevel() on ptolemy.moml.MoMLSimpleApplication@3bd67b0e
reloadAllAccessors: .Ramp1

===========================================================================================
----------------- testing Tue Jun 12 00:01:28 UTC 2018 /home/travis/build/icyphy/ptII/ptolemy/actor/lib/test/auto/RampFiringLimitDE.xml
----------------- Instantiating /home/travis/build/icyphy/ptII/ptolemy/actor/lib/test/auto/RampFiringLimitDE.xml
3 ms. Memory: 1762816K Free: 110417K (6%)
----------------- Invoking toplevel() on ptolemy.moml.MoMLSimpleApplication@3832b53
----------------- Done invoking toplevel() on ptolemy.moml.MoMLSimpleApplication@3832b53
reloadAllAccessors: .RampFiringLimitDE

===========================================================================================
----------------- testing Tue Jun 12 00:01:28 UTC 2018 /home/travis/build/icyphy/ptII/ptolemy/actor/lib/test/auto/RampFiringLimitSDF.xml
----------------- Instantiating /home/travis/build/icyphy/ptII/ptolemy/actor/lib/test/auto/RampFiringLimitSDF.xml
2 ms. Memory: 1762816K Free: 88428K (5%)
----------------- Invoking toplevel() on ptolemy.moml.MoMLSimpleApplication@56a752ba
----------------- Done invoking toplevel() on ptolemy.moml.MoMLSimpleApplication@56a752ba
reloadAllAccessors: .RampFiringLimitSDF

===========================================================================================
----------------- testing Tue Jun 12 00:01:28 UTC 2018 /home/travis/build/icyphy/ptII/ptolemy/actor/lib/test/auto/RandomInteger.xml
----------------- Instantiating /home/travis/build/icyphy/ptII/ptolemy/actor/lib/test/auto/RandomInteger.xml
2 ms. Memory: 1762816K Free: 75455K (4%)
----------------- Invoking toplevel() on ptolemy.moml.MoMLSimpleApplication@7c2beee1
----------------- Done invoking toplevel() on ptolemy.moml.MoMLSimpleApplication@7c2beee1
reloadAllAccessors: .RandomInteger

===========================================================================================
----------------- testing Tue Jun 12 00:01:28 UTC 2018 /home/travis/build/icyphy/ptII/ptolemy/actor/lib/test/auto/ReadFile1.xml
----------------- Instantiating /home/travis/build/icyphy/ptII/ptolemy/actor/lib/test/auto/ReadFile1.xml
1 ms. Memory: 1779712K Free: 1713474K (96%)
----------------- Invoking toplevel() on ptolemy.moml.MoMLSimpleApplication@1a7a95b9
----------------- Done invoking toplevel() on ptolemy.moml.MoMLSimpleApplication@1a7a95b9
reloadAllAccessors: .ReadFile1

===========================================================================================
----------------- testing Tue Jun 12 00:01:28 UTC 2018 /home/travis/build/icyphy/ptII/ptolemy/actor/lib/test/auto/ReadFile2.xml
----------------- Instantiating /home/travis/build/icyphy/ptII/ptolemy/actor/lib/test/auto/ReadFile2.xml
1 ms. Memory: 1779712K Free: 1691170K (95%)
----------------- Invoking toplevel() on ptolemy.moml.MoMLSimpleApplication@117fd699
----------------- Done invoking toplevel() on ptolemy.moml.MoMLSimpleApplication@117fd699
reloadAllAccessors: .ReadFile2

===========================================================================================
----------------- testing Tue Jun 12 00:01:28 UTC 2018 /home/travis/build/icyphy/ptII/ptolemy/actor/lib/test/auto/Reader.xml
----------------- Instantiating /home/travis/build/icyphy/ptII/ptolemy/actor/lib/test/auto/Reader.xml
actor.lib.Reader is obsolete, use actor.lib.io.ExpressionReader instead
5 ms. Memory: 1779712K Free: 1663278K (93%)
----------------- Invoking toplevel() on ptolemy.moml.MoMLSimpleApplication@7824f10
----------------- Done invoking toplevel() on ptolemy.moml.MoMLSimpleApplication@7824f10
reloadAllAccessors: .Reader

===========================================================================================
----------------- testing Tue Jun 12 00:01:28 UTC 2018 /home/travis/build/icyphy/ptII/ptolemy/actor/lib/test/auto/RecordAssemblerDisplayNameTest.xml
----------------- Instantiating /home/travis/build/icyphy/ptII/ptolemy/actor/lib/test/auto/RecordAssemblerDisplayNameTest.xml
2941 ms. Memory: 1779712K Free: 395792K (22%)
----------------- Invoking toplevel() on ptolemy.moml.MoMLSimpleApplication@2f4b3df4
----------------- Done invoking toplevel() on ptolemy.moml.MoMLSimpleApplication@2f4b3df4
reloadAllAccessors: .RecordAssemblerDisplayNameTest

===========================================================================================
----------------- testing Tue Jun 12 00:01:31 UTC 2018 /home/travis/build/icyphy/ptII/ptolemy/actor/lib/test/auto/RecordAssemblerTypeError.xml
----------------- Instantiating /home/travis/build/icyphy/ptII/ptolemy/actor/lib/test/auto/RecordAssemblerTypeError.xml
4 ms. Memory: 1779712K Free: 373551K (21%)
----------------- Invoking toplevel() on ptolemy.moml.MoMLSimpleApplication@50f94d04
----------------- Done invoking toplevel() on ptolemy.moml.MoMLSimpleApplication@50f94d04
reloadAllAccessors: .RecordAssemblerTypeError

===========================================================================================
----------------- testing Tue Jun 12 00:01:31 UTC 2018 /home/travis/build/icyphy/ptII/ptolemy/actor/lib/test/auto/RecordDisassember.xml
----------------- Instantiating /home/travis/build/icyphy/ptII/ptolemy/actor/lib/test/auto/RecordDisassember.xml
3 ms. Memory: 1779712K Free: 345658K (19%)
----------------- Invoking toplevel() on ptolemy.moml.MoMLSimpleApplication@453030ff
----------------- Done invoking toplevel() on ptolemy.moml.MoMLSimpleApplication@453030ff
reloadAllAccessors: .RecordDisassember

===========================================================================================
----------------- testing Tue Jun 12 00:01:31 UTC 2018 /home/travis/build/icyphy/ptII/ptolemy/actor/lib/test/auto/RecordDisassemberDisplayNameTest.xml
----------------- Instantiating /home/travis/build/icyphy/ptII/ptolemy/actor/lib/test/auto/RecordDisassemberDisplayNameTest.xml
4 ms. Memory: 1779712K Free: 323417K (18%)
----------------- Invoking toplevel() on ptolemy.moml.MoMLSimpleApplication@5d0ae1d7
----------------- Done invoking toplevel() on ptolemy.moml.MoMLSimpleApplication@5d0ae1d7
reloadAllAccessors: .RecordDisassemberDisplayNameTest

===========================================================================================
----------------- testing Tue Jun 12 00:01:31 UTC 2018 /home/travis/build/icyphy/ptII/ptolemy/actor/lib/test/auto/RecordDisassembler.xml
----------------- Instantiating /home/travis/build/icyphy/ptII/ptolemy/actor/lib/test/auto/RecordDisassembler.xml
2 ms. Memory: 1779712K Free: 295524K (17%)
----------------- Invoking toplevel() on ptolemy.moml.MoMLSimpleApplication@5ebcb875
----------------- Done invoking toplevel() on ptolemy.moml.MoMLSimpleApplication@5ebcb875
reloadAllAccessors: .RecordDisassembler

===========================================================================================
----------------- testing Tue Jun 12 00:01:31 UTC 2018 /home/travis/build/icyphy/ptII/ptolemy/actor/lib/test/auto/RecordDisassembler2.xml
----------------- Instantiating /home/travis/build/icyphy/ptII/ptolemy/actor/lib/test/auto/RecordDisassembler2.xml
2 ms. Memory: 1779712K Free: 273283K (15%)
----------------- Invoking toplevel() on ptolemy.moml.MoMLSimpleApplication@4ca70596
----------------- Done invoking toplevel() on ptolemy.moml.MoMLSimpleApplication@4ca70596
reloadAllAccessors: .RecordDisassembler2

===========================================================================================
----------------- testing Tue Jun 12 00:01:31 UTC 2018 /home/travis/build/icyphy/ptII/ptolemy/actor/lib/test/auto/RecordUpdater.xml
----------------- Instantiating /home/travis/build/icyphy/ptII/ptolemy/actor/lib/test/auto/RecordUpdater.xml
2 ms. Memory: 1779712K Free: 245390K (14%)
----------------- Invoking toplevel() on ptolemy.moml.MoMLSimpleApplication@31fd1b1
----------------- Done invoking toplevel() on ptolemy.moml.MoMLSimpleApplication@31fd1b1
reloadAllAccessors: .RecordUpdater

===========================================================================================
----------------- testing Tue Jun 12 00:01:31 UTC 2018 /home/travis/build/icyphy/ptII/ptolemy/actor/lib/test/auto/RecordUpdater2.xml
----------------- Instantiating /home/travis/build/icyphy/ptII/ptolemy/actor/lib/test/auto/RecordUpdater2.xml
1 ms. Memory: 1779712K Free: 223149K (13%)
----------------- Invoking toplevel() on ptolemy.moml.MoMLSimpleApplication@d853f05
----------------- Done invoking toplevel() on ptolemy.moml.MoMLSimpleApplication@d853f05
reloadAllAccessors: .RecordUpdater2

===========================================================================================
----------------- testing Tue Jun 12 00:01:31 UTC 2018 /home/travis/build/icyphy/ptII/ptolemy/actor/lib/test/auto/RecursiveLattice.xml
----------------- Instantiating /home/travis/build/icyphy/ptII/ptolemy/actor/lib/test/auto/RecursiveLattice.xml
1 ms. Memory: 1779712K Free: 200907K (11%)
----------------- Invoking toplevel() on ptolemy.moml.MoMLSimpleApplication@b70ba1a
----------------- Done invoking toplevel() on ptolemy.moml.MoMLSimpleApplication@b70ba1a
reloadAllAccessors: .RecursiveLattice

===========================================================================================
----------------- testing Tue Jun 12 00:01:31 UTC 2018 /home/travis/build/icyphy/ptII/ptolemy/actor/lib/test/auto/Router.xml
----------------- Instantiating /home/travis/build/icyphy/ptII/ptolemy/actor/lib/test/auto/Router.xml
3004 ms. Memory: 1779712K Free: 173015K (10%)
----------------- Invoking toplevel() on ptolemy.moml.MoMLSimpleApplication@44c45e12
----------------- Done invoking toplevel() on ptolemy.moml.MoMLSimpleApplication@44c45e12
reloadAllAccessors: .Router

===========================================================================================
----------------- testing Tue Jun 12 00:01:34 UTC 2018 /home/travis/build/icyphy/ptII/ptolemy/actor/lib/test/auto/Router2.xml
----------------- Instantiating /home/travis/build/icyphy/ptII/ptolemy/actor/lib/test/auto/Router2.xml
3004 ms. Memory: 1779712K Free: 150773K (8%)
----------------- Invoking toplevel() on ptolemy.moml.MoMLSimpleApplication@34bf6697
----------------- Done invoking toplevel() on ptolemy.moml.MoMLSimpleApplication@34bf6697
reloadAllAccessors: .Router2

===========================================================================================
----------------- testing Tue Jun 12 00:01:37 UTC 2018 /home/travis/build/icyphy/ptII/ptolemy/actor/lib/test/auto/RunningMaximum.xml
----------------- Instantiating /home/travis/build/icyphy/ptII/ptolemy/actor/lib/test/auto/RunningMaximum.xml
3 ms. Memory: 1779712K Free: 122880K (7%)
----------------- Invoking toplevel() on ptolemy.moml.MoMLSimpleApplication@16808abd
----------------- Done invoking toplevel() on ptolemy.moml.MoMLSimpleApplication@16808abd
reloadAllAccessors: .RunningMaximum

===========================================================================================
----------------- testing Tue Jun 12 00:01:37 UTC 2018 /home/travis/build/icyphy/ptII/ptolemy/actor/lib/test/auto/RunningMinimum.xml
----------------- Instantiating /home/travis/build/icyphy/ptII/ptolemy/actor/lib/test/auto/RunningMinimum.xml
2 ms. Memory: 1779712K Free: 100639K (6%)
----------------- Invoking toplevel() on ptolemy.moml.MoMLSimpleApplication@242f56f0
----------------- Done invoking toplevel() on ptolemy.moml.MoMLSimpleApplication@242f56f0
reloadAllAccessors: .RunningMinimum

===========================================================================================
----------------- testing Tue Jun 12 00:01:37 UTC 2018 /home/travis/build/icyphy/ptII/ptolemy/actor/lib/test/auto/Scale.xml
----------------- Instantiating /home/travis/build/icyphy/ptII/ptolemy/actor/lib/test/auto/Scale.xml
2 ms. Memory: 1779712K Free: 73271K (4%)
----------------- Invoking toplevel() on ptolemy.moml.MoMLSimpleApplication@1337ced
----------------- Done invoking toplevel() on ptolemy.moml.MoMLSimpleApplication@1337ced
reloadAllAccessors: .Scale

===========================================================================================
----------------- testing Tue Jun 12 00:01:37 UTC 2018 /home/travis/build/icyphy/ptII/ptolemy/actor/lib/test/auto/Scale2.xml
----------------- Instantiating /home/travis/build/icyphy/ptII/ptolemy/actor/lib/test/auto/Scale2.xml
5 ms. Memory: 1780736K Free: 1725662K (97%)
----------------- Invoking toplevel() on ptolemy.moml.MoMLSimpleApplication@2c26f486
----------------- Done invoking toplevel() on ptolemy.moml.MoMLSimpleApplication@2c26f486
reloadAllAccessors: .Scale2

===========================================================================================
----------------- testing Tue Jun 12 00:01:37 UTC 2018 /home/travis/build/icyphy/ptII/ptolemy/actor/lib/test/auto/Scale3.xml
----------------- Instantiating /home/travis/build/icyphy/ptII/ptolemy/actor/lib/test/auto/Scale3.xml
12 ms. Memory: 1780736K Free: 1699470K (95%)
----------------- Invoking toplevel() on ptolemy.moml.MoMLSimpleApplication@b59cecc
----------------- Done invoking toplevel() on ptolemy.moml.MoMLSimpleApplication@b59cecc
reloadAllAccessors: .Scale3

===========================================================================================
----------------- testing Tue Jun 12 00:01:37 UTC 2018 /home/travis/build/icyphy/ptII/ptolemy/actor/lib/test/auto/ScaleArray.xml
----------------- Instantiating /home/travis/build/icyphy/ptII/ptolemy/actor/lib/test/auto/ScaleArray.xml
10 ms. Memory: 1780736K Free: 1673276K (94%)
----------------- Invoking toplevel() on ptolemy.moml.MoMLSimpleApplication@4f41a667
----------------- Done invoking toplevel() on ptolemy.moml.MoMLSimpleApplication@4f41a667
reloadAllAccessors: .ScaleArray

===========================================================================================
----------------- testing Tue Jun 12 00:01:37 UTC 2018 /home/travis/build/icyphy/ptII/ptolemy/actor/lib/test/auto/ScaleArray2.xml
----------------- Instantiating /home/travis/build/icyphy/ptII/ptolemy/actor/lib/test/auto/ScaleArray2.xml
6 ms. Memory: 1780736K Free: 1651035K (93%)
----------------- Invoking toplevel() on ptolemy.moml.MoMLSimpleApplication@39d9e3cc
----------------- Done invoking toplevel() on ptolemy.moml.MoMLSimpleApplication@39d9e3cc
reloadAllAccessors: .ScaleArray2

===========================================================================================
----------------- testing Tue Jun 12 00:01:37 UTC 2018 /home/travis/build/icyphy/ptII/ptolemy/actor/lib/test/auto/ScaleMatrix.xml
----------------- Instantiating /home/travis/build/icyphy/ptII/ptolemy/actor/lib/test/auto/ScaleMatrix.xml
192 ms. Memory: 1780736K Free: 1624803K (91%)
----------------- Invoking toplevel() on ptolemy.moml.MoMLSimpleApplication@71f27f2c
----------------- Done invoking toplevel() on ptolemy.moml.MoMLSimpleApplication@71f27f2c
reloadAllAccessors: .ScaleMatrix

===========================================================================================
----------------- testing Tue Jun 12 00:01:38 UTC 2018 /home/travis/build/icyphy/ptII/ptolemy/actor/lib/test/auto/Select.xml
----------------- Instantiating /home/travis/build/icyphy/ptII/ptolemy/actor/lib/test/auto/Select.xml
2 ms. Memory: 1780736K Free: 1598611K (90%)
----------------- Invoking toplevel() on ptolemy.moml.MoMLSimpleApplication@5860f5a8
----------------- Done invoking toplevel() on ptolemy.moml.MoMLSimpleApplication@5860f5a8
reloadAllAccessors: .Select

===========================================================================================
----------------- testing Tue Jun 12 00:01:38 UTC 2018 /home/travis/build/icyphy/ptII/ptolemy/actor/lib/test/auto/Select2.xml
----------------- Instantiating /home/travis/build/icyphy/ptII/ptolemy/actor/lib/test/auto/Select2.xml
1 ms. Memory: 1780736K Free: 1576370K (89%)
----------------- Invoking toplevel() on ptolemy.moml.MoMLSimpleApplication@7c49f388
----------------- Done invoking toplevel() on ptolemy.moml.MoMLSimpleApplication@7c49f388
reloadAllAccessors: .Select2

===========================================================================================
----------------- testing Tue Jun 12 00:01:38 UTC 2018 /home/travis/build/icyphy/ptII/ptolemy/actor/lib/test/auto/SequenceToArray2.xml
----------------- Instantiating /home/travis/build/icyphy/ptII/ptolemy/actor/lib/test/auto/SequenceToArray2.xml
64 ms. Memory: 1780736K Free: 1438956K (81%)
----------------- Invoking toplevel() on ptolemy.moml.MoMLSimpleApplication@54ed6788
----------------- Done invoking toplevel() on ptolemy.moml.MoMLSimpleApplication@54ed6788
reloadAllAccessors: .SequenceToArray2

===========================================================================================
----------------- testing Tue Jun 12 00:01:38 UTC 2018 /home/travis/build/icyphy/ptII/ptolemy/actor/lib/test/auto/SequentialClock.xml
----------------- Instantiating /home/travis/build/icyphy/ptII/ptolemy/actor/lib/test/auto/SequentialClock.xml
1 ms. Memory: 1780736K Free: 1416714K (80%)
----------------- Invoking toplevel() on ptolemy.moml.MoMLSimpleApplication@3c108846
----------------- Done invoking toplevel() on ptolemy.moml.MoMLSimpleApplication@3c108846
reloadAllAccessors: .SequentialClock

===========================================================================================
----------------- testing Tue Jun 12 00:01:38 UTC 2018 /home/travis/build/icyphy/ptII/ptolemy/actor/lib/test/auto/SetVariable.xml
----------------- Instantiating /home/travis/build/icyphy/ptII/ptolemy/actor/lib/test/auto/SetVariable.xml
2 ms. Memory: 1780736K Free: 1390523K (78%)
----------------- Invoking toplevel() on ptolemy.moml.MoMLSimpleApplication@5f7ac97f
----------------- Done invoking toplevel() on ptolemy.moml.MoMLSimpleApplication@5f7ac97f
reloadAllAccessors: .SetVariable

===========================================================================================
----------------- testing Tue Jun 12 00:01:38 UTC 2018 /home/travis/build/icyphy/ptII/ptolemy/actor/lib/test/auto/SetVariable2.xml
----------------- Instantiating /home/travis/build/icyphy/ptII/ptolemy/actor/lib/test/auto/SetVariable2.xml
2 ms. Memory: 1780736K Free: 1364331K (77%)
----------------- Invoking toplevel() on ptolemy.moml.MoMLSimpleApplication@6b5e5127
----------------- Done invoking toplevel() on ptolemy.moml.MoMLSimpleApplication@6b5e5127
reloadAllAccessors: .SetVariable2

===========================================================================================
----------------- testing Tue Jun 12 00:01:38 UTC 2018 /home/travis/build/icyphy/ptII/ptolemy/actor/lib/test/auto/SetVariable3.xml
----------------- Instantiating /home/travis/build/icyphy/ptII/ptolemy/actor/lib/test/auto/SetVariable3.xml
2 ms. Memory: 1780736K Free: 1342090K (75%)
----------------- Invoking toplevel() on ptolemy.moml.MoMLSimpleApplication@435ac049
----------------- Done invoking toplevel() on ptolemy.moml.MoMLSimpleApplication@435ac049
reloadAllAccessors: .SetVariable3

===========================================================================================
----------------- testing Tue Jun 12 00:01:38 UTC 2018 /home/travis/build/icyphy/ptII/ptolemy/actor/lib/test/auto/SetVariable4.xml
----------------- Instantiating /home/travis/build/icyphy/ptII/ptolemy/actor/lib/test/auto/SetVariable4.xml
12 ms. Memory: 1780736K Free: 1238054K (70%)
----------------- Invoking toplevel() on ptolemy.moml.MoMLSimpleApplication@69cfb9b1
----------------- Done invoking toplevel() on ptolemy.moml.MoMLSimpleApplication@69cfb9b1
reloadAllAccessors: .SetVariable4

===========================================================================================
----------------- testing Tue Jun 12 00:01:38 UTC 2018 /home/travis/build/icyphy/ptII/ptolemy/actor/lib/test/auto/SetVariable5.xml
----------------- Instantiating /home/travis/build/icyphy/ptII/ptolemy/actor/lib/test/auto/SetVariable5.xml
8 ms. Memory: 1780736K Free: 1211862K (68%)
----------------- Invoking toplevel() on ptolemy.moml.MoMLSimpleApplication@78a3f993
----------------- Done invoking toplevel() on ptolemy.moml.MoMLSimpleApplication@78a3f993
reloadAllAccessors: .SetVariable5

===========================================================================================
----------------- testing Tue Jun 12 00:01:38 UTC 2018 /home/travis/build/icyphy/ptII/ptolemy/actor/lib/test/auto/Sinewave.xml
----------------- Instantiating /home/travis/build/icyphy/ptII/ptolemy/actor/lib/test/auto/Sinewave.xml
4 ms. Memory: 1780736K Free: 1189621K (67%)
----------------- Invoking toplevel() on ptolemy.moml.MoMLSimpleApplication@2e0a833f
----------------- Done invoking toplevel() on ptolemy.moml.MoMLSimpleApplication@2e0a833f
reloadAllAccessors: .Sinewave

===========================================================================================
----------------- testing Tue Jun 12 00:01:38 UTC 2018 /home/travis/build/icyphy/ptII/ptolemy/actor/lib/test/auto/Sinewave2.xml
----------------- Instantiating /home/travis/build/icyphy/ptII/ptolemy/actor/lib/test/auto/Sinewave2.xml
5 ms. Memory: 1780736K Free: 1163429K (65%)
----------------- Invoking toplevel() on ptolemy.moml.MoMLSimpleApplication@712157a4
----------------- Done invoking toplevel() on ptolemy.moml.MoMLSimpleApplication@712157a4
reloadAllAccessors: .Sinewave2

===========================================================================================
----------------- testing Tue Jun 12 00:01:38 UTC 2018 /home/travis/build/icyphy/ptII/ptolemy/actor/lib/test/auto/Sinewave3.xml
----------------- Instantiating /home/travis/build/icyphy/ptII/ptolemy/actor/lib/test/auto/Sinewave3.xml
5 ms. Memory: 1780736K Free: 1141188K (64%)
----------------- Invoking toplevel() on ptolemy.moml.MoMLSimpleApplication@58734116
----------------- Done invoking toplevel() on ptolemy.moml.MoMLSimpleApplication@58734116
reloadAllAccessors: .Sinewave3

===========================================================================================
----------------- testing Tue Jun 12 00:01:38 UTC 2018 /home/travis/build/icyphy/ptII/ptolemy/actor/lib/test/auto/SingleEvent.xml
----------------- Instantiating /home/travis/build/icyphy/ptII/ptolemy/actor/lib/test/auto/SingleEvent.xml
1 ms. Memory: 1780736K Free: 1114996K (63%)
----------------- Invoking toplevel() on ptolemy.moml.MoMLSimpleApplication@25615b16
----------------- Done invoking toplevel() on ptolemy.moml.MoMLSimpleApplication@25615b16
reloadAllAccessors: .SingleEvent

===========================================================================================
----------------- testing Tue Jun 12 00:01:38 UTC 2018 /home/travis/build/icyphy/ptII/ptolemy/actor/lib/test/auto/Sleep.xml
----------------- Instantiating /home/travis/build/icyphy/ptII/ptolemy/actor/lib/test/auto/Sleep.xml
6003 ms. Memory: 1780736K Free: 1088804K (61%)
----------------- Invoking toplevel() on ptolemy.moml.MoMLSimpleApplication@3ab0c1e1
----------------- Done invoking toplevel() on ptolemy.moml.MoMLSimpleApplication@3ab0c1e1
reloadAllAccessors: .Sleep

===========================================================================================
----------------- testing Tue Jun 12 00:01:44 UTC 2018 /home/travis/build/icyphy/ptII/ptolemy/actor/lib/test/auto/SleepMultipleFire.xml
----------------- Instantiating /home/travis/build/icyphy/ptII/ptolemy/actor/lib/test/auto/SleepMultipleFire.xml
1005 ms. Memory: 1780736K Free: 1066563K (60%)
----------------- Invoking toplevel() on ptolemy.moml.MoMLSimpleApplication@72735bd8
----------------- Done invoking toplevel() on ptolemy.moml.MoMLSimpleApplication@72735bd8
reloadAllAccessors: .SleepMultipleFire

===========================================================================================
----------------- testing Tue Jun 12 00:01:45 UTC 2018 /home/travis/build/icyphy/ptII/ptolemy/actor/lib/test/auto/StopDE.xml
----------------- Instantiating /home/travis/build/icyphy/ptII/ptolemy/actor/lib/test/auto/StopDE.xml
4 ms. Memory: 1780736K Free: 1040371K (58%)
----------------- Invoking toplevel() on ptolemy.moml.MoMLSimpleApplication@7dee70d5
----------------- Done invoking toplevel() on ptolemy.moml.MoMLSimpleApplication@7dee70d5
reloadAllAccessors: .StopDE

===========================================================================================
----------------- testing Tue Jun 12 00:01:45 UTC 2018 /home/travis/build/icyphy/ptII/ptolemy/actor/lib/test/auto/StopSDF.xml
----------------- Instantiating /home/travis/build/icyphy/ptII/ptolemy/actor/lib/test/auto/StopSDF.xml
2 ms. Memory: 1780736K Free: 1018130K (57%)
----------------- Invoking toplevel() on ptolemy.moml.MoMLSimpleApplication@6ae3fbb4
----------------- Done invoking toplevel() on ptolemy.moml.MoMLSimpleApplication@6ae3fbb4
reloadAllAccessors: .StopSDF

===========================================================================================
----------------- testing Tue Jun 12 00:01:45 UTC 2018 /home/travis/build/icyphy/ptII/ptolemy/actor/lib/test/auto/StringConstant.xml
----------------- Instantiating /home/travis/build/icyphy/ptII/ptolemy/actor/lib/test/auto/StringConstant.xml
3 ms. Memory: 1780736K Free: 991938K (56%)
----------------- Invoking toplevel() on ptolemy.moml.MoMLSimpleApplication@15a30472
----------------- Done invoking toplevel() on ptolemy.moml.MoMLSimpleApplication@15a30472
reloadAllAccessors: .StringConstant

===========================================================================================
----------------- testing Tue Jun 12 00:01:45 UTC 2018 /home/travis/build/icyphy/ptII/ptolemy/actor/lib/test/auto/SubscriberPortInitialValues1.xml
----------------- Instantiating /home/travis/build/icyphy/ptII/ptolemy/actor/lib/test/auto/SubscriberPortInitialValues1.xml
7 ms. Memory: 1780736K Free: 965746K (54%)
----------------- Invoking toplevel() on ptolemy.moml.MoMLSimpleApplication@39a06255
----------------- Done invoking toplevel() on ptolemy.moml.MoMLSimpleApplication@39a06255
reloadAllAccessors: .SubscriberPortInitialValues1

===========================================================================================
----------------- testing Tue Jun 12 00:01:45 UTC 2018 /home/travis/build/icyphy/ptII/ptolemy/actor/lib/test/auto/SubscriberPortInitialValues13.xml
----------------- Instantiating /home/travis/build/icyphy/ptII/ptolemy/actor/lib/test/auto/SubscriberPortInitialValues13.xml
6 ms. Memory: 1780736K Free: 943505K (53%)
----------------- Invoking toplevel() on ptolemy.moml.MoMLSimpleApplication@15b8573f
----------------- Done invoking toplevel() on ptolemy.moml.MoMLSimpleApplication@15b8573f
reloadAllAccessors: .SubscriberPortInitialValues13

===========================================================================================
----------------- testing Tue Jun 12 00:01:45 UTC 2018 /home/travis/build/icyphy/ptII/ptolemy/actor/lib/test/auto/SubscriberPortInitialValues14.xml
----------------- Instantiating /home/travis/build/icyphy/ptII/ptolemy/actor/lib/test/auto/SubscriberPortInitialValues14.xml
4 ms. Memory: 1780736K Free: 917313K (52%)
----------------- Invoking toplevel() on ptolemy.moml.MoMLSimpleApplication@6a7cade6
----------------- Done invoking toplevel() on ptolemy.moml.MoMLSimpleApplication@6a7cade6
reloadAllAccessors: .SubscriberPortInitialValues14

===========================================================================================
----------------- testing Tue Jun 12 00:01:45 UTC 2018 /home/travis/build/icyphy/ptII/ptolemy/actor/lib/test/auto/SubscriberPortInitialValues2.xml
----------------- Instantiating /home/travis/build/icyphy/ptII/ptolemy/actor/lib/test/auto/SubscriberPortInitialValues2.xml
5 ms. Memory: 1780736K Free: 891122K (50%)
----------------- Invoking toplevel() on ptolemy.moml.MoMLSimpleApplication@6d15a963
----------------- Done invoking toplevel() on ptolemy.moml.MoMLSimpleApplication@6d15a963
reloadAllAccessors: .SubscriberPortInitialValues2

===========================================================================================
----------------- testing Tue Jun 12 00:01:45 UTC 2018 /home/travis/build/icyphy/ptII/ptolemy/actor/lib/test/auto/SubscriberPortInitialValues3.xml
----------------- Instantiating /home/travis/build/icyphy/ptII/ptolemy/actor/lib/test/auto/SubscriberPortInitialValues3.xml
4 ms. Memory: 1780736K Free: 868880K (49%)
----------------- Invoking toplevel() on ptolemy.moml.MoMLSimpleApplication@23d1f942
----------------- Done invoking toplevel() on ptolemy.moml.MoMLSimpleApplication@23d1f942
reloadAllAccessors: .SubscriberPortInitialValues3

===========================================================================================
----------------- testing Tue Jun 12 00:01:45 UTC 2018 /home/travis/build/icyphy/ptII/ptolemy/actor/lib/test/auto/SubscriptionAggregator.xml
----------------- Instantiating /home/travis/build/icyphy/ptII/ptolemy/actor/lib/test/auto/SubscriptionAggregator.xml
2 ms. Memory: 1780736K Free: 842689K (47%)
----------------- Invoking toplevel() on ptolemy.moml.MoMLSimpleApplication@32e36c7b
----------------- Done invoking toplevel() on ptolemy.moml.MoMLSimpleApplication@32e36c7b
reloadAllAccessors: .SubscriptionAggregator

===========================================================================================
----------------- testing Tue Jun 12 00:01:45 UTC 2018 /home/travis/build/icyphy/ptII/ptolemy/actor/lib/test/auto/SubscriptionAggregator2.xml
----------------- Instantiating /home/travis/build/icyphy/ptII/ptolemy/actor/lib/test/auto/SubscriptionAggregator2.xml
2 ms. Memory: 1780736K Free: 820447K (46%)
----------------- Invoking toplevel() on ptolemy.moml.MoMLSimpleApplication@26528715
----------------- Done invoking toplevel() on ptolemy.moml.MoMLSimpleApplication@26528715
reloadAllAccessors: .SubscriptionAggregator2

===========================================================================================
----------------- testing Tue Jun 12 00:01:45 UTC 2018 /home/travis/build/icyphy/ptII/ptolemy/actor/lib/test/auto/SubscriptionAggregator3.xml
----------------- Instantiating /home/travis/build/icyphy/ptII/ptolemy/actor/lib/test/auto/SubscriptionAggregator3.xml
3 ms. Memory: 1780736K Free: 794256K (45%)
----------------- Invoking toplevel() on ptolemy.moml.MoMLSimpleApplication@1e6ed5bc
----------------- Done invoking toplevel() on ptolemy.moml.MoMLSimpleApplication@1e6ed5bc
reloadAllAccessors: .SubscriptionAggregator3

===========================================================================================
----------------- testing Tue Jun 12 00:01:45 UTC 2018 /home/travis/build/icyphy/ptII/ptolemy/actor/lib/test/auto/SubscriptionAggregatorMultiply.xml
----------------- Instantiating /home/travis/build/icyphy/ptII/ptolemy/actor/lib/test/auto/SubscriptionAggregatorMultiply.xml
6 ms. Memory: 1780736K Free: 768064K (43%)
----------------- Invoking toplevel() on ptolemy.moml.MoMLSimpleApplication@72ea3ce
----------------- Done invoking toplevel() on ptolemy.moml.MoMLSimpleApplication@72ea3ce
reloadAllAccessors: .SubscriptionAggregatorMultiply

===========================================================================================
----------------- testing Tue Jun 12 00:01:45 UTC 2018 /home/travis/build/icyphy/ptII/ptolemy/actor/lib/test/auto/SubscriptionAggregatorPortMultiply1.xml
----------------- Instantiating /home/travis/build/icyphy/ptII/ptolemy/actor/lib/test/auto/SubscriptionAggregatorPortMultiply1.xml
4 ms. Memory: 1780736K Free: 745823K (42%)
----------------- Invoking toplevel() on ptolemy.moml.MoMLSimpleApplication@7eaabd9d
----------------- Done invoking toplevel() on ptolemy.moml.MoMLSimpleApplication@7eaabd9d
reloadAllAccessors: .SubscriptionAggregatorPortMultiply1

===========================================================================================
----------------- testing Tue Jun 12 00:01:45 UTC 2018 /home/travis/build/icyphy/ptII/ptolemy/actor/lib/test/auto/Switch.xml
----------------- Instantiating /home/travis/build/icyphy/ptII/ptolemy/actor/lib/test/auto/Switch.xml
6 ms. Memory: 1780736K Free: 652907K (37%)
----------------- Invoking toplevel() on ptolemy.moml.MoMLSimpleApplication@339a8de3
----------------- Done invoking toplevel() on ptolemy.moml.MoMLSimpleApplication@339a8de3
reloadAllAccessors: .Switch

===========================================================================================
----------------- testing Tue Jun 12 00:01:45 UTC 2018 /home/travis/build/icyphy/ptII/ptolemy/actor/lib/test/auto/Switch2.xml
----------------- Instantiating /home/travis/build/icyphy/ptII/ptolemy/actor/lib/test/auto/Switch2.xml
1 ms. Memory: 1780736K Free: 626715K (35%)
----------------- Invoking toplevel() on ptolemy.moml.MoMLSimpleApplication@379e95bb
----------------- Done invoking toplevel() on ptolemy.moml.MoMLSimpleApplication@379e95bb
reloadAllAccessors: .Switch2

===========================================================================================
----------------- testing Tue Jun 12 00:01:45 UTC 2018 /home/travis/build/icyphy/ptII/ptolemy/actor/lib/test/auto/SwitchDE.xml
----------------- Instantiating /home/travis/build/icyphy/ptII/ptolemy/actor/lib/test/auto/SwitchDE.xml
4 ms. Memory: 1780736K Free: 604474K (34%)
----------------- Invoking toplevel() on ptolemy.moml.MoMLSimpleApplication@2e9e0d2d
----------------- Done invoking toplevel() on ptolemy.moml.MoMLSimpleApplication@2e9e0d2d
reloadAllAccessors: .SwitchDE

===========================================================================================
----------------- testing Tue Jun 12 00:01:45 UTC 2018 /home/travis/build/icyphy/ptII/ptolemy/actor/lib/test/auto/SynchronizerDE.xml
----------------- Instantiating /home/travis/build/icyphy/ptII/ptolemy/actor/lib/test/auto/SynchronizerDE.xml
5 ms. Memory: 1780736K Free: 578282K (32%)
----------------- Invoking toplevel() on ptolemy.moml.MoMLSimpleApplication@72fdd876
----------------- Done invoking toplevel() on ptolemy.moml.MoMLSimpleApplication@72fdd876
reloadAllAccessors: .SynchronizerDE

===========================================================================================
----------------- testing Tue Jun 12 00:01:45 UTC 2018 /home/travis/build/icyphy/ptII/ptolemy/actor/lib/test/auto/Test.xml
----------------- Instantiating /home/travis/build/icyphy/ptII/ptolemy/actor/lib/test/auto/Test.xml
3 ms. Memory: 1780736K Free: 556041K (31%)
----------------- Invoking toplevel() on ptolemy.moml.MoMLSimpleApplication@10826665
----------------- Done invoking toplevel() on ptolemy.moml.MoMLSimpleApplication@10826665
reloadAllAccessors: .Test

===========================================================================================
----------------- testing Tue Jun 12 00:01:45 UTC 2018 /home/travis/build/icyphy/ptII/ptolemy/actor/lib/test/auto/TestExceptionAttribute1.xml
----------------- Instantiating /home/travis/build/icyphy/ptII/ptolemy/actor/lib/test/auto/TestExceptionAttribute1.xml
1 ms. Memory: 1780736K Free: 529849K (30%)
----------------- Invoking toplevel() on ptolemy.moml.MoMLSimpleApplication@60880096
----------------- Done invoking toplevel() on ptolemy.moml.MoMLSimpleApplication@60880096
reloadAllAccessors: .TestExceptionAttribute1

===========================================================================================
----------------- testing Tue Jun 12 00:01:45 UTC 2018 /home/travis/build/icyphy/ptII/ptolemy/actor/lib/test/auto/TestExceptionAttribute2.xml
----------------- Instantiating /home/travis/build/icyphy/ptII/ptolemy/actor/lib/test/auto/TestExceptionAttribute2.xml
2 ms. Memory: 1780736K Free: 503658K (28%)
----------------- Invoking toplevel() on ptolemy.moml.MoMLSimpleApplication@74c78c7f
----------------- Done invoking toplevel() on ptolemy.moml.MoMLSimpleApplication@74c78c7f
reloadAllAccessors: .TestExceptionAttribute2

===========================================================================================
----------------- testing Tue Jun 12 00:01:45 UTC 2018 /home/travis/build/icyphy/ptII/ptolemy/actor/lib/test/auto/TestExceptionAttribute3.xml
----------------- Instantiating /home/travis/build/icyphy/ptII/ptolemy/actor/lib/test/auto/TestExceptionAttribute3.xml
.TestExceptionAttribute3.TestExceptionAttribute: initialize() was not invoked, but wrapup() was.  This is unusual, but not always a problem.  For example, exporting JNLP will do this.
1 ms. Memory: 1780736K Free: 481416K (27%)
----------------- Invoking toplevel() on ptolemy.moml.MoMLSimpleApplication@160a59e
----------------- Done invoking toplevel() on ptolemy.moml.MoMLSimpleApplication@160a59e
reloadAllAccessors: .TestExceptionAttribute3

===========================================================================================
----------------- testing Tue Jun 12 00:01:45 UTC 2018 /home/travis/build/icyphy/ptII/ptolemy/actor/lib/test/auto/TestExceptionAttribute4.xml
----------------- Instantiating /home/travis/build/icyphy/ptII/ptolemy/actor/lib/test/auto/TestExceptionAttribute4.xml
.TestExceptionAttribute4.TestExceptionAttribute: initialize() was not invoked, but wrapup() was.  This is unusual, but not always a problem.  For example, exporting JNLP will do this.
.TestExceptionAttribute4.TestExceptionAttribute2: initialize() was not invoked, but wrapup() was.  This is unusual, but not always a problem.  For example, exporting JNLP will do this.
1 ms. Memory: 1780736K Free: 455225K (26%)
----------------- Invoking toplevel() on ptolemy.moml.MoMLSimpleApplication@3ba060b2
----------------- Done invoking toplevel() on ptolemy.moml.MoMLSimpleApplication@3ba060b2
reloadAllAccessors: .TestExceptionAttribute4

===========================================================================================
----------------- testing Tue Jun 12 00:01:45 UTC 2018 /home/travis/build/icyphy/ptII/ptolemy/actor/lib/test/auto/TestExceptionHandler1.xml
----------------- Instantiating /home/travis/build/icyphy/ptII/ptolemy/actor/lib/test/auto/TestExceptionHandler1.xml
0 ms. Memory: 1780736K Free: 429033K (24%)
----------------- Invoking toplevel() on ptolemy.moml.MoMLSimpleApplication@3ed2d12f
----------------- Done invoking toplevel() on ptolemy.moml.MoMLSimpleApplication@3ed2d12f
reloadAllAccessors: .TestExceptionHandler1

===========================================================================================
----------------- testing Tue Jun 12 00:01:45 UTC 2018 /home/travis/build/icyphy/ptII/ptolemy/actor/lib/test/auto/TestExceptionHandler2.xml
----------------- Instantiating /home/travis/build/icyphy/ptII/ptolemy/actor/lib/test/auto/TestExceptionHandler2.xml
1 ms. Memory: 1780736K Free: 406792K (23%)
----------------- Invoking toplevel() on ptolemy.moml.MoMLSimpleApplication@d659aa7
----------------- Done invoking toplevel() on ptolemy.moml.MoMLSimpleApplication@d659aa7
reloadAllAccessors: .TestExceptionHandler2

===========================================================================================
----------------- testing Tue Jun 12 00:01:45 UTC 2018 /home/travis/build/icyphy/ptII/ptolemy/actor/lib/test/auto/TestExceptionHandler3.xml
----------------- Instantiating /home/travis/build/icyphy/ptII/ptolemy/actor/lib/test/auto/TestExceptionHandler3.xml
1 ms. Memory: 1780736K Free: 380600K (21%)
----------------- Invoking toplevel() on ptolemy.moml.MoMLSimpleApplication@3464fef
----------------- Done invoking toplevel() on ptolemy.moml.MoMLSimpleApplication@3464fef
reloadAllAccessors: .TestExceptionHandler3

===========================================================================================
----------------- testing Tue Jun 12 00:01:45 UTC 2018 /home/travis/build/icyphy/ptII/ptolemy/actor/lib/test/auto/TestExceptionHandler4.xml
----------------- Instantiating /home/travis/build/icyphy/ptII/ptolemy/actor/lib/test/auto/TestExceptionHandler4.xml
1 ms. Memory: 1780736K Free: 358359K (20%)
----------------- Invoking toplevel() on ptolemy.moml.MoMLSimpleApplication@49bb785
----------------- Done invoking toplevel() on ptolemy.moml.MoMLSimpleApplication@49bb785
reloadAllAccessors: .TestExceptionHandler4

===========================================================================================
----------------- testing Tue Jun 12 00:01:45 UTC 2018 /home/travis/build/icyphy/ptII/ptolemy/actor/lib/test/auto/TestRequireCorrectOrder.xml
----------------- Instantiating /home/travis/build/icyphy/ptII/ptolemy/actor/lib/test/auto/TestRequireCorrectOrder.xml
2 ms. Memory: 1780736K Free: 332167K (19%)
----------------- Invoking toplevel() on ptolemy.moml.MoMLSimpleApplication@4173b89e
----------------- Done invoking toplevel() on ptolemy.moml.MoMLSimpleApplication@4173b89e
reloadAllAccessors: .TestRequireCorrectOrder

===========================================================================================
----------------- testing Tue Jun 12 00:01:45 UTC 2018 /home/travis/build/icyphy/ptII/ptolemy/actor/lib/test/auto/TestSimple.xml
----------------- Instantiating /home/travis/build/icyphy/ptII/ptolemy/actor/lib/test/auto/TestSimple.xml
1 ms. Memory: 1780736K Free: 305975K (17%)
----------------- Invoking toplevel() on ptolemy.moml.MoMLSimpleApplication@62528544
----------------- Done invoking toplevel() on ptolemy.moml.MoMLSimpleApplication@62528544
reloadAllAccessors: .TestSimple

===========================================================================================
----------------- testing Tue Jun 12 00:01:46 UTC 2018 /home/travis/build/icyphy/ptII/ptolemy/actor/lib/test/auto/ThrowModelError.xml
----------------- Instantiating /home/travis/build/icyphy/ptII/ptolemy/actor/lib/test/auto/ThrowModelError.xml
1 ms. Memory: 1780736K Free: 283734K (16%)
----------------- Invoking toplevel() on ptolemy.moml.MoMLSimpleApplication@3e0f1003
----------------- Done invoking toplevel() on ptolemy.moml.MoMLSimpleApplication@3e0f1003
reloadAllAccessors: .ThrowModelError

===========================================================================================
----------------- testing Tue Jun 12 00:01:46 UTC 2018 /home/travis/build/icyphy/ptII/ptolemy/actor/lib/test/auto/TimeDelayMicrosteps.xml
----------------- Instantiating /home/travis/build/icyphy/ptII/ptolemy/actor/lib/test/auto/TimeDelayMicrosteps.xml
2 ms. Memory: 1780736K Free: 257542K (14%)
----------------- Invoking toplevel() on ptolemy.moml.MoMLSimpleApplication@334ec14f
----------------- Done invoking toplevel() on ptolemy.moml.MoMLSimpleApplication@334ec14f
reloadAllAccessors: .TimeDelayMicrosteps

===========================================================================================
----------------- testing Tue Jun 12 00:01:46 UTC 2018 /home/travis/build/icyphy/ptII/ptolemy/actor/lib/test/auto/TimeDelayMicrosteps2.xml
----------------- Instantiating /home/travis/build/icyphy/ptII/ptolemy/actor/lib/test/auto/TimeDelayMicrosteps2.xml
2 ms. Memory: 1780736K Free: 231350K (13%)
----------------- Invoking toplevel() on ptolemy.moml.MoMLSimpleApplication@5f1d2b01
----------------- Done invoking toplevel() on ptolemy.moml.MoMLSimpleApplication@5f1d2b01
reloadAllAccessors: .TimeDelayMicrosteps2

===========================================================================================
----------------- testing Tue Jun 12 00:01:46 UTC 2018 /home/travis/build/icyphy/ptII/ptolemy/actor/lib/test/auto/TimeDelayMicrosteps3.xml
----------------- Instantiating /home/travis/build/icyphy/ptII/ptolemy/actor/lib/test/auto/TimeDelayMicrosteps3.xml
2 ms. Memory: 1780736K Free: 209109K (12%)
----------------- Invoking toplevel() on ptolemy.moml.MoMLSimpleApplication@68d8943f
----------------- Done invoking toplevel() on ptolemy.moml.MoMLSimpleApplication@68d8943f
reloadAllAccessors: .TimeDelayMicrosteps3

===========================================================================================
----------------- testing Tue Jun 12 00:01:46 UTC 2018 /home/travis/build/icyphy/ptII/ptolemy/actor/lib/test/auto/TimeDelayVariableMicrosteps.xml
----------------- Instantiating /home/travis/build/icyphy/ptII/ptolemy/actor/lib/test/auto/TimeDelayVariableMicrosteps.xml
2 ms. Memory: 1780736K Free: 182917K (10%)
----------------- Invoking toplevel() on ptolemy.moml.MoMLSimpleApplication@5ea3ee0a
----------------- Done invoking toplevel() on ptolemy.moml.MoMLSimpleApplication@5ea3ee0a
reloadAllAccessors: .TimeDelayVariableMicrosteps

===========================================================================================
----------------- testing Tue Jun 12 00:01:46 UTC 2018 /home/travis/build/icyphy/ptII/ptolemy/actor/lib/test/auto/TimeGap.xml
----------------- Instantiating /home/travis/build/icyphy/ptII/ptolemy/actor/lib/test/auto/TimeGap.xml
2 ms. Memory: 1780736K Free: 160676K (9%)
----------------- Invoking toplevel() on ptolemy.moml.MoMLSimpleApplication@2f772982
----------------- Done invoking toplevel() on ptolemy.moml.MoMLSimpleApplication@2f772982
reloadAllAccessors: .TimeGap

===========================================================================================
----------------- testing Tue Jun 12 00:01:46 UTC 2018 /home/travis/build/icyphy/ptII/ptolemy/actor/lib/test/auto/TimeGap2.xml
----------------- Instantiating /home/travis/build/icyphy/ptII/ptolemy/actor/lib/test/auto/TimeGap2.xml
2 ms. Memory: 1780736K Free: 134484K (8%)
----------------- Invoking toplevel() on ptolemy.moml.MoMLSimpleApplication@7d5932d5
----------------- Done invoking toplevel() on ptolemy.moml.MoMLSimpleApplication@7d5932d5
reloadAllAccessors: .TimeGap2

===========================================================================================
----------------- testing Tue Jun 12 00:01:46 UTC 2018 /home/travis/build/icyphy/ptII/ptolemy/actor/lib/test/auto/TimedSinewave.xml
----------------- Instantiating /home/travis/build/icyphy/ptII/ptolemy/actor/lib/test/auto/TimedSinewave.xml
13 ms. Memory: 1780736K Free: 97156K (5%)
----------------- Invoking toplevel() on ptolemy.moml.MoMLSimpleApplication@61c47f4d
----------------- Done invoking toplevel() on ptolemy.moml.MoMLSimpleApplication@61c47f4d
reloadAllAccessors: .TimedSinewave

===========================================================================================
----------------- testing Tue Jun 12 00:01:46 UTC 2018 /home/travis/build/icyphy/ptII/ptolemy/actor/lib/test/auto/TimedSinewavePhase.xml
----------------- Instantiating /home/travis/build/icyphy/ptII/ptolemy/actor/lib/test/auto/TimedSinewavePhase.xml
9 ms. Memory: 1780736K Free: 74915K (4%)
----------------- Invoking toplevel() on ptolemy.moml.MoMLSimpleApplication@481db28c
----------------- Done invoking toplevel() on ptolemy.moml.MoMLSimpleApplication@481db28c
reloadAllAccessors: .TimedSinewavePhase

===========================================================================================
----------------- testing Tue Jun 12 00:01:46 UTC 2018 /home/travis/build/icyphy/ptII/ptolemy/actor/lib/test/auto/Timer.xml
----------------- Instantiating /home/travis/build/icyphy/ptII/ptolemy/actor/lib/test/auto/Timer.xml
2 ms. Memory: 1779712K Free: 1713832K (96%)
----------------- Invoking toplevel() on ptolemy.moml.MoMLSimpleApplication@67756f2b
----------------- Done invoking toplevel() on ptolemy.moml.MoMLSimpleApplication@67756f2b
reloadAllAccessors: .Timer

===========================================================================================
----------------- testing Tue Jun 12 00:01:46 UTC 2018 /home/travis/build/icyphy/ptII/ptolemy/actor/lib/test/auto/TriangularDistTestModel.xml
----------------- Instantiating /home/travis/build/icyphy/ptII/ptolemy/actor/lib/test/auto/TriangularDistTestModel.xml
1 ms. Memory: 1779712K Free: 1687974K (95%)
----------------- Invoking toplevel() on ptolemy.moml.MoMLSimpleApplication@7e5158fa
----------------- Done invoking toplevel() on ptolemy.moml.MoMLSimpleApplication@7e5158fa
reloadAllAccessors: .TriangularDistTestModel

===========================================================================================
----------------- testing Tue Jun 12 00:01:46 UTC 2018 /home/travis/build/icyphy/ptII/ptolemy/actor/lib/test/auto/TrigFunction.xml
----------------- Instantiating /home/travis/build/icyphy/ptII/ptolemy/actor/lib/test/auto/TrigFunction.xml
2 ms. Memory: 1779712K Free: 1665706K (94%)
----------------- Invoking toplevel() on ptolemy.moml.MoMLSimpleApplication@658169fb
----------------- Done invoking toplevel() on ptolemy.moml.MoMLSimpleApplication@658169fb
reloadAllAccessors: .TrigFunction

===========================================================================================
----------------- testing Tue Jun 12 00:01:46 UTC 2018 /home/travis/build/icyphy/ptII/ptolemy/actor/lib/test/auto/TrigFunctionDE.xml
----------------- Instantiating /home/travis/build/icyphy/ptII/ptolemy/actor/lib/test/auto/TrigFunctionDE.xml
2 ms. Memory: 1779712K Free: 1639874K (92%)
----------------- Invoking toplevel() on ptolemy.moml.MoMLSimpleApplication@392299a8
----------------- Done invoking toplevel() on ptolemy.moml.MoMLSimpleApplication@392299a8
reloadAllAccessors: .TrigFunctionDE

===========================================================================================
----------------- testing Tue Jun 12 00:01:46 UTC 2018 /home/travis/build/icyphy/ptII/ptolemy/actor/lib/test/auto/TrigFunctionInverse.xml
----------------- Instantiating /home/travis/build/icyphy/ptII/ptolemy/actor/lib/test/auto/TrigFunctionInverse.xml
1 ms. Memory: 1779712K Free: 1614042K (91%)
----------------- Invoking toplevel() on ptolemy.moml.MoMLSimpleApplication@26e9054f
----------------- Done invoking toplevel() on ptolemy.moml.MoMLSimpleApplication@26e9054f
reloadAllAccessors: .TrigFunctionInverse

===========================================================================================
----------------- testing Tue Jun 12 00:01:46 UTC 2018 /home/travis/build/icyphy/ptII/ptolemy/actor/lib/test/auto/TrigFunctionTan.xml
----------------- Instantiating /home/travis/build/icyphy/ptII/ptolemy/actor/lib/test/auto/TrigFunctionTan.xml
1 ms. Memory: 1779712K Free: 1591773K (89%)
----------------- Invoking toplevel() on ptolemy.moml.MoMLSimpleApplication@4b8224fc
----------------- Done invoking toplevel() on ptolemy.moml.MoMLSimpleApplication@4b8224fc
reloadAllAccessors: .TrigFunctionTan

===========================================================================================
----------------- testing Tue Jun 12 00:01:46 UTC 2018 /home/travis/build/icyphy/ptII/ptolemy/actor/lib/test/auto/TriggeredClock.xml
----------------- Instantiating /home/travis/build/icyphy/ptII/ptolemy/actor/lib/test/auto/TriggeredClock.xml
2 ms. Memory: 1779712K Free: 1565942K (88%)
----------------- Invoking toplevel() on ptolemy.moml.MoMLSimpleApplication@61f6a777
----------------- Done invoking toplevel() on ptolemy.moml.MoMLSimpleApplication@61f6a777
reloadAllAccessors: .TriggeredClock

===========================================================================================
----------------- testing Tue Jun 12 00:01:46 UTC 2018 /home/travis/build/icyphy/ptII/ptolemy/actor/lib/test/auto/URLDirectoryReader.xml
----------------- Instantiating /home/travis/build/icyphy/ptII/ptolemy/actor/lib/test/auto/URLDirectoryReader.xml
29 ms. Memory: 1779712K Free: 1540110K (87%)
----------------- Invoking toplevel() on ptolemy.moml.MoMLSimpleApplication@4e7ba13
----------------- Done invoking toplevel() on ptolemy.moml.MoMLSimpleApplication@4e7ba13
reloadAllAccessors: .URLDirectoryReader

===========================================================================================
----------------- testing Tue Jun 12 00:01:46 UTC 2018 /home/travis/build/icyphy/ptII/ptolemy/actor/lib/test/auto/URLDirectoryReader3.xml
----------------- Instantiating /home/travis/build/icyphy/ptII/ptolemy/actor/lib/test/auto/URLDirectoryReader3.xml
1106 ms. Memory: 1779712K Free: 1458606K (82%)
----------------- Invoking toplevel() on ptolemy.moml.MoMLSimpleApplication@f05c51d
----------------- Done invoking toplevel() on ptolemy.moml.MoMLSimpleApplication@f05c51d
reloadAllAccessors: .URLDirectoryReader3

===========================================================================================
----------------- testing Tue Jun 12 00:01:47 UTC 2018 /home/travis/build/icyphy/ptII/ptolemy/actor/lib/test/auto/UnaryMathFunction.xml
----------------- Instantiating /home/travis/build/icyphy/ptII/ptolemy/actor/lib/test/auto/UnaryMathFunction.xml
2 ms. Memory: 1779712K Free: 1436338K (81%)
----------------- Invoking toplevel() on ptolemy.moml.MoMLSimpleApplication@26265ca
----------------- Done invoking toplevel() on ptolemy.moml.MoMLSimpleApplication@26265ca
reloadAllAccessors: .UnaryMathFunction

===========================================================================================
----------------- testing Tue Jun 12 00:01:47 UTC 2018 /home/travis/build/icyphy/ptII/ptolemy/actor/lib/test/auto/Uniform.xml
----------------- Instantiating /home/travis/build/icyphy/ptII/ptolemy/actor/lib/test/auto/Uniform.xml
2 ms. Memory: 1779712K Free: 1410506K (79%)
----------------- Invoking toplevel() on ptolemy.moml.MoMLSimpleApplication@3803ac0a
----------------- Done invoking toplevel() on ptolemy.moml.MoMLSimpleApplication@3803ac0a
reloadAllAccessors: .Uniform

===========================================================================================
----------------- testing Tue Jun 12 00:01:47 UTC 2018 /home/travis/build/icyphy/ptII/ptolemy/actor/lib/test/auto/UnionDisassemblerTest.xml
----------------- Instantiating /home/travis/build/icyphy/ptII/ptolemy/actor/lib/test/auto/UnionDisassemblerTest.xml
10 ms. Memory: 1779712K Free: 1384674K (78%)
----------------- Invoking toplevel() on ptolemy.moml.MoMLSimpleApplication@161ab638
----------------- Done invoking toplevel() on ptolemy.moml.MoMLSimpleApplication@161ab638
reloadAllAccessors: .UnionDisassemblerTest

===========================================================================================
----------------- testing Tue Jun 12 00:01:47 UTC 2018 /home/travis/build/icyphy/ptII/ptolemy/actor/lib/test/auto/UtilityFunctions.xml
----------------- Instantiating /home/travis/build/icyphy/ptII/ptolemy/actor/lib/test/auto/UtilityFunctions.xml
9 ms. Memory: 1779712K Free: 1362405K (77%)
----------------- Invoking toplevel() on ptolemy.moml.MoMLSimpleApplication@4c543266
----------------- Done invoking toplevel() on ptolemy.moml.MoMLSimpleApplication@4c543266
reloadAllAccessors: .UtilityFunctions

===========================================================================================
----------------- testing Tue Jun 12 00:01:47 UTC 2018 /home/travis/build/icyphy/ptII/ptolemy/actor/lib/test/auto/VariableSleep.xml
----------------- Instantiating /home/travis/build/icyphy/ptII/ptolemy/actor/lib/test/auto/VariableSleep.xml
503 ms. Memory: 1779712K Free: 1336573K (75%)
----------------- Invoking toplevel() on ptolemy.moml.MoMLSimpleApplication@458b6cc2
----------------- Done invoking toplevel() on ptolemy.moml.MoMLSimpleApplication@458b6cc2
reloadAllAccessors: .VariableSleep

===========================================================================================
----------------- testing Tue Jun 12 00:01:48 UTC 2018 /home/travis/build/icyphy/ptII/ptolemy/actor/lib/test/auto/VectorAssemblerDisassemblerCT.xml
----------------- Instantiating /home/travis/build/icyphy/ptII/ptolemy/actor/lib/test/auto/VectorAssemblerDisassemblerCT.xml
61 ms. Memory: 1779712K Free: 1299607K (73%)
----------------- Invoking toplevel() on ptolemy.moml.MoMLSimpleApplication@75dd698a
----------------- Done invoking toplevel() on ptolemy.moml.MoMLSimpleApplication@75dd698a
reloadAllAccessors: .VectorAssemblerDisassemblerCT

===========================================================================================
----------------- testing Tue Jun 12 00:01:48 UTC 2018 /home/travis/build/icyphy/ptII/ptolemy/actor/lib/test/auto/VectorAssemblerDisassemblerDE.xml
----------------- Instantiating /home/travis/build/icyphy/ptII/ptolemy/actor/lib/test/auto/VectorAssemblerDisassemblerDE.xml
2 ms. Memory: 1779712K Free: 1277339K (72%)
----------------- Invoking toplevel() on ptolemy.moml.MoMLSimpleApplication@60f453d7
----------------- Done invoking toplevel() on ptolemy.moml.MoMLSimpleApplication@60f453d7
reloadAllAccessors: .VectorAssemblerDisassemblerDE

===========================================================================================
----------------- testing Tue Jun 12 00:01:48 UTC 2018 /home/travis/build/icyphy/ptII/ptolemy/actor/lib/test/auto/VectorAssemblerDisassemblerSDF.xml
----------------- Instantiating /home/travis/build/icyphy/ptII/ptolemy/actor/lib/test/auto/VectorAssemblerDisassemblerSDF.xml
2 ms. Memory: 1779712K Free: 1251507K (70%)
----------------- Invoking toplevel() on ptolemy.moml.MoMLSimpleApplication@5e566dd9
----------------- Done invoking toplevel() on ptolemy.moml.MoMLSimpleApplication@5e566dd9
reloadAllAccessors: .VectorAssemblerDisassemblerSDF

===========================================================================================
----------------- testing Tue Jun 12 00:01:48 UTC 2018 /home/travis/build/icyphy/ptII/ptolemy/actor/lib/test/auto/WallClockTime.xml
----------------- Instantiating /home/travis/build/icyphy/ptII/ptolemy/actor/lib/test/auto/WallClockTime.xml
1004 ms. Memory: 1779712K Free: 1225675K (69%)
----------------- Invoking toplevel() on ptolemy.moml.MoMLSimpleApplication@3a7078bd
----------------- Done invoking toplevel() on ptolemy.moml.MoMLSimpleApplication@3a7078bd
reloadAllAccessors: .WallClockTime

===========================================================================================
----------------- testing Tue Jun 12 00:01:49 UTC 2018 /home/travis/build/icyphy/ptII/ptolemy/actor/lib/test/auto/WidthTestWithSubscriberPublisher.xml
----------------- Instantiating /home/travis/build/icyphy/ptII/ptolemy/actor/lib/test/auto/WidthTestWithSubscriberPublisher.xml
6 ms. Memory: 1779712K Free: 1188701K (67%)
----------------- Invoking toplevel() on ptolemy.moml.MoMLSimpleApplication@2d8ae0c9
----------------- Done invoking toplevel() on ptolemy.moml.MoMLSimpleApplication@2d8ae0c9
reloadAllAccessors: .WidthTestWithSubscriberPublisher

===========================================================================================
----------------- testing Tue Jun 12 00:01:49 UTC 2018 /home/travis/build/icyphy/ptII/ptolemy/actor/lib/test/auto/WidthTestWithSubscriberPublisher2.xml
----------------- Instantiating /home/travis/build/icyphy/ptII/ptolemy/actor/lib/test/auto/WidthTestWithSubscriberPublisher2.xml
6 ms. Memory: 1779712K Free: 1166432K (66%)
----------------- Invoking toplevel() on ptolemy.moml.MoMLSimpleApplication@33693ddb
----------------- Done invoking toplevel() on ptolemy.moml.MoMLSimpleApplication@33693ddb
reloadAllAccessors: .WidthTestWithSubscriberPublisher2

===========================================================================================
----------------- testing Tue Jun 12 00:01:49 UTC 2018 /home/travis/build/icyphy/ptII/ptolemy/actor/lib/test/auto/WidthTestWithSubscriberPublisher3.xml
----------------- Instantiating /home/travis/build/icyphy/ptII/ptolemy/actor/lib/test/auto/WidthTestWithSubscriberPublisher3.xml
2 ms. Memory: 1779712K Free: 1140600K (64%)
----------------- Invoking toplevel() on ptolemy.moml.MoMLSimpleApplication@6e2123fb
----------------- Done invoking toplevel() on ptolemy.moml.MoMLSimpleApplication@6e2123fb
reloadAllAccessors: .WidthTestWithSubscriberPublisher3

===========================================================================================
----------------- testing Tue Jun 12 00:01:49 UTC 2018 /home/travis/build/icyphy/ptII/ptolemy/actor/lib/test/auto/Writer.xml
----------------- Instantiating /home/travis/build/icyphy/ptII/ptolemy/actor/lib/test/auto/Writer.xml
0
1
2
3
4
1 ms. Memory: 1779712K Free: 1114768K (63%)
----------------- Invoking toplevel() on ptolemy.moml.MoMLSimpleApplication@dd33ef1
----------------- Done invoking toplevel() on ptolemy.moml.MoMLSimpleApplication@dd33ef1
reloadAllAccessors: .Writer

===========================================================================================
----------------- testing Tue Jun 12 00:01:49 UTC 2018 /home/travis/build/icyphy/ptII/ptolemy/actor/lib/test/auto/array.xml
----------------- Instantiating /home/travis/build/icyphy/ptII/ptolemy/actor/lib/test/auto/array.xml
1 ms. Memory: 1779712K Free: 1092500K (61%)
----------------- Invoking toplevel() on ptolemy.moml.MoMLSimpleApplication@387daafe
----------------- Done invoking toplevel() on ptolemy.moml.MoMLSimpleApplication@387daafe
reloadAllAccessors: .array

===========================================================================================
----------------- testing Tue Jun 12 00:01:49 UTC 2018 /home/travis/build/icyphy/ptII/ptolemy/actor/lib/test/auto/array2.xml
----------------- Instantiating /home/travis/build/icyphy/ptII/ptolemy/actor/lib/test/auto/array2.xml
2 ms. Memory: 1779712K Free: 1066668K (60%)
----------------- Invoking toplevel() on ptolemy.moml.MoMLSimpleApplication@704fc926
----------------- Done invoking toplevel() on ptolemy.moml.MoMLSimpleApplication@704fc926
reloadAllAccessors: .array2

===========================================================================================
----------------- testing Tue Jun 12 00:01:49 UTC 2018 /home/travis/build/icyphy/ptII/ptolemy/actor/lib/test/auto/arrayType.xml
----------------- Instantiating /home/travis/build/icyphy/ptII/ptolemy/actor/lib/test/auto/arrayType.xml
2 ms. Memory: 1779712K Free: 1040836K (58%)
----------------- Invoking toplevel() on ptolemy.moml.MoMLSimpleApplication@113ef337
----------------- Done invoking toplevel() on ptolemy.moml.MoMLSimpleApplication@113ef337
reloadAllAccessors: .arrayType

===========================================================================================
----------------- testing Tue Jun 12 00:01:49 UTC 2018 /home/travis/build/icyphy/ptII/ptolemy/actor/lib/test/auto/arrayType10.xml
----------------- Instantiating /home/travis/build/icyphy/ptII/ptolemy/actor/lib/test/auto/arrayType10.xml
1 ms. Memory: 1779712K Free: 1015004K (57%)
----------------- Invoking toplevel() on ptolemy.moml.MoMLSimpleApplication@df0d47d
----------------- Done invoking toplevel() on ptolemy.moml.MoMLSimpleApplication@df0d47d
reloadAllAccessors: .arrayType10

===========================================================================================
----------------- testing Tue Jun 12 00:01:49 UTC 2018 /home/travis/build/icyphy/ptII/ptolemy/actor/lib/test/auto/arrayType11.xml
----------------- Instantiating /home/travis/build/icyphy/ptII/ptolemy/actor/lib/test/auto/arrayType11.xml
2 ms. Memory: 1779712K Free: 992735K (56%)
----------------- Invoking toplevel() on ptolemy.moml.MoMLSimpleApplication@7eab829a
----------------- Done invoking toplevel() on ptolemy.moml.MoMLSimpleApplication@7eab829a
reloadAllAccessors: .arrayType11

===========================================================================================
----------------- testing Tue Jun 12 00:01:49 UTC 2018 /home/travis/build/icyphy/ptII/ptolemy/actor/lib/test/auto/arrayType12.xml
----------------- Instantiating /home/travis/build/icyphy/ptII/ptolemy/actor/lib/test/auto/arrayType12.xml
1 ms. Memory: 1779712K Free: 966903K (54%)
----------------- Invoking toplevel() on ptolemy.moml.MoMLSimpleApplication@3de4b561
----------------- Done invoking toplevel() on ptolemy.moml.MoMLSimpleApplication@3de4b561
reloadAllAccessors: .arrayType12

===========================================================================================
----------------- testing Tue Jun 12 00:01:49 UTC 2018 /home/travis/build/icyphy/ptII/ptolemy/actor/lib/test/auto/arrayType13.xml
----------------- Instantiating /home/travis/build/icyphy/ptII/ptolemy/actor/lib/test/auto/arrayType13.xml
1 ms. Memory: 1779712K Free: 941071K (53%)
----------------- Invoking toplevel() on ptolemy.moml.MoMLSimpleApplication@4747280e
----------------- Done invoking toplevel() on ptolemy.moml.MoMLSimpleApplication@4747280e
reloadAllAccessors: .arrayType13

===========================================================================================
----------------- testing Tue Jun 12 00:01:49 UTC 2018 /home/travis/build/icyphy/ptII/ptolemy/actor/lib/test/auto/arrayType14.xml
----------------- Instantiating /home/travis/build/icyphy/ptII/ptolemy/actor/lib/test/auto/arrayType14.xml
1 ms. Memory: 1779712K Free: 918803K (52%)
----------------- Invoking toplevel() on ptolemy.moml.MoMLSimpleApplication@362f3d46
----------------- Done invoking toplevel() on ptolemy.moml.MoMLSimpleApplication@362f3d46
reloadAllAccessors: .arrayType14

===========================================================================================
----------------- testing Tue Jun 12 00:01:49 UTC 2018 /home/travis/build/icyphy/ptII/ptolemy/actor/lib/test/auto/arrayType15.xml
----------------- Instantiating /home/travis/build/icyphy/ptII/ptolemy/actor/lib/test/auto/arrayType15.xml
2 ms. Memory: 1779712K Free: 892971K (50%)
----------------- Invoking toplevel() on ptolemy.moml.MoMLSimpleApplication@7d0af099
----------------- Done invoking toplevel() on ptolemy.moml.MoMLSimpleApplication@7d0af099
reloadAllAccessors: .arrayType15

===========================================================================================
----------------- testing Tue Jun 12 00:01:49 UTC 2018 /home/travis/build/icyphy/ptII/ptolemy/actor/lib/test/auto/arrayType16.xml
----------------- Instantiating /home/travis/build/icyphy/ptII/ptolemy/actor/lib/test/auto/arrayType16.xml
2 ms. Memory: 1779712K Free: 867139K (49%)
----------------- Invoking toplevel() on ptolemy.moml.MoMLSimpleApplication@3d435dbd
----------------- Done invoking toplevel() on ptolemy.moml.MoMLSimpleApplication@3d435dbd
reloadAllAccessors: .arrayType16

===========================================================================================
----------------- testing Tue Jun 12 00:01:49 UTC 2018 /home/travis/build/icyphy/ptII/ptolemy/actor/lib/test/auto/arrayType17.xml
----------------- Instantiating /home/travis/build/icyphy/ptII/ptolemy/actor/lib/test/auto/arrayType17.xml
2 ms. Memory: 1779712K Free: 841307K (47%)
----------------- Invoking toplevel() on ptolemy.moml.MoMLSimpleApplication@29e8ab4d
----------------- Done invoking toplevel() on ptolemy.moml.MoMLSimpleApplication@29e8ab4d
reloadAllAccessors: .arrayType17

===========================================================================================
----------------- testing Tue Jun 12 00:01:49 UTC 2018 /home/travis/build/icyphy/ptII/ptolemy/actor/lib/test/auto/arrayType18.xml
----------------- Instantiating /home/travis/build/icyphy/ptII/ptolemy/actor/lib/test/auto/arrayType18.xml
2 ms. Memory: 1779712K Free: 819038K (46%)
----------------- Invoking toplevel() on ptolemy.moml.MoMLSimpleApplication@40379a12
----------------- Done invoking toplevel() on ptolemy.moml.MoMLSimpleApplication@40379a12
reloadAllAccessors: .arrayType18

===========================================================================================
----------------- testing Tue Jun 12 00:01:49 UTC 2018 /home/travis/build/icyphy/ptII/ptolemy/actor/lib/test/auto/arrayType19.xml
----------------- Instantiating /home/travis/build/icyphy/ptII/ptolemy/actor/lib/test/auto/arrayType19.xml
1 ms. Memory: 1779712K Free: 793207K (45%)
----------------- Invoking toplevel() on ptolemy.moml.MoMLSimpleApplication@3f369a56
----------------- Done invoking toplevel() on ptolemy.moml.MoMLSimpleApplication@3f369a56
reloadAllAccessors: .arrayType19

===========================================================================================
----------------- testing Tue Jun 12 00:01:49 UTC 2018 /home/travis/build/icyphy/ptII/ptolemy/actor/lib/test/auto/arrayType2.xml
----------------- Instantiating /home/travis/build/icyphy/ptII/ptolemy/actor/lib/test/auto/arrayType2.xml
1 ms. Memory: 1779712K Free: 767375K (43%)
----------------- Invoking toplevel() on ptolemy.moml.MoMLSimpleApplication@73355c44
----------------- Done invoking toplevel() on ptolemy.moml.MoMLSimpleApplication@73355c44
reloadAllAccessors: .arrayType2

===========================================================================================
----------------- testing Tue Jun 12 00:01:49 UTC 2018 /home/travis/build/icyphy/ptII/ptolemy/actor/lib/test/auto/arrayType20.xml
----------------- Instantiating /home/travis/build/icyphy/ptII/ptolemy/actor/lib/test/auto/arrayType20.xml
2 ms. Memory: 1779712K Free: 745106K (42%)
----------------- Invoking toplevel() on ptolemy.moml.MoMLSimpleApplication@1078e844
----------------- Done invoking toplevel() on ptolemy.moml.MoMLSimpleApplication@1078e844
reloadAllAccessors: .arrayType20

===========================================================================================
----------------- testing Tue Jun 12 00:01:49 UTC 2018 /home/travis/build/icyphy/ptII/ptolemy/actor/lib/test/auto/arrayType21.xml
----------------- Instantiating /home/travis/build/icyphy/ptII/ptolemy/actor/lib/test/auto/arrayType21.xml
2 ms. Memory: 1779712K Free: 719274K (40%)
----------------- Invoking toplevel() on ptolemy.moml.MoMLSimpleApplication@72c70d8c
----------------- Done invoking toplevel() on ptolemy.moml.MoMLSimpleApplication@72c70d8c
reloadAllAccessors: .arrayType21

===========================================================================================
----------------- testing Tue Jun 12 00:01:49 UTC 2018 /home/travis/build/icyphy/ptII/ptolemy/actor/lib/test/auto/arrayType22.xml
----------------- Instantiating /home/travis/build/icyphy/ptII/ptolemy/actor/lib/test/auto/arrayType22.xml
1 ms. Memory: 1779712K Free: 693442K (39%)
----------------- Invoking toplevel() on ptolemy.moml.MoMLSimpleApplication@2919dd3a
----------------- Done invoking toplevel() on ptolemy.moml.MoMLSimpleApplication@2919dd3a
reloadAllAccessors: .arrayType22

===========================================================================================
----------------- testing Tue Jun 12 00:01:49 UTC 2018 /home/travis/build/icyphy/ptII/ptolemy/actor/lib/test/auto/arrayType23.xml
----------------- Instantiating /home/travis/build/icyphy/ptII/ptolemy/actor/lib/test/auto/arrayType23.xml
1 ms. Memory: 1779712K Free: 667610K (38%)
----------------- Invoking toplevel() on ptolemy.moml.MoMLSimpleApplication@de6097e
----------------- Done invoking toplevel() on ptolemy.moml.MoMLSimpleApplication@de6097e
reloadAllAccessors: .arrayType23

===========================================================================================
----------------- testing Tue Jun 12 00:01:49 UTC 2018 /home/travis/build/icyphy/ptII/ptolemy/actor/lib/test/auto/arrayType24.xml
----------------- Instantiating /home/travis/build/icyphy/ptII/ptolemy/actor/lib/test/auto/arrayType24.xml
2 ms. Memory: 1779712K Free: 645342K (36%)
----------------- Invoking toplevel() on ptolemy.moml.MoMLSimpleApplication@1038319e
----------------- Done invoking toplevel() on ptolemy.moml.MoMLSimpleApplication@1038319e
reloadAllAccessors: .arrayType24

===========================================================================================
----------------- testing Tue Jun 12 00:01:49 UTC 2018 /home/travis/build/icyphy/ptII/ptolemy/actor/lib/test/auto/arrayType25.xml
----------------- Instantiating /home/travis/build/icyphy/ptII/ptolemy/actor/lib/test/auto/arrayType25.xml
2 ms. Memory: 1779712K Free: 619510K (35%)
----------------- Invoking toplevel() on ptolemy.moml.MoMLSimpleApplication@4e8db1a9
----------------- Done invoking toplevel() on ptolemy.moml.MoMLSimpleApplication@4e8db1a9
reloadAllAccessors: .arrayType25

===========================================================================================
----------------- testing Tue Jun 12 00:01:50 UTC 2018 /home/travis/build/icyphy/ptII/ptolemy/actor/lib/test/auto/arrayType26.xml
----------------- Instantiating /home/travis/build/icyphy/ptII/ptolemy/actor/lib/test/auto/arrayType26.xml
1 ms. Memory: 1779712K Free: 593678K (33%)
----------------- Invoking toplevel() on ptolemy.moml.MoMLSimpleApplication@437af1cb
----------------- Done invoking toplevel() on ptolemy.moml.MoMLSimpleApplication@437af1cb
reloadAllAccessors: .arrayType26

===========================================================================================
----------------- testing Tue Jun 12 00:01:50 UTC 2018 /home/travis/build/icyphy/ptII/ptolemy/actor/lib/test/auto/arrayType27.xml
----------------- Instantiating /home/travis/build/icyphy/ptII/ptolemy/actor/lib/test/auto/arrayType27.xml
1 ms. Memory: 1779712K Free: 571410K (32%)
----------------- Invoking toplevel() on ptolemy.moml.MoMLSimpleApplication@382bec11
----------------- Done invoking toplevel() on ptolemy.moml.MoMLSimpleApplication@382bec11
reloadAllAccessors: .arrayType27

===========================================================================================
----------------- testing Tue Jun 12 00:01:50 UTC 2018 /home/travis/build/icyphy/ptII/ptolemy/actor/lib/test/auto/arrayType28.xml
----------------- Instantiating /home/travis/build/icyphy/ptII/ptolemy/actor/lib/test/auto/arrayType28.xml
1 ms. Memory: 1779712K Free: 545578K (31%)
----------------- Invoking toplevel() on ptolemy.moml.MoMLSimpleApplication@5c7780bc
----------------- Done invoking toplevel() on ptolemy.moml.MoMLSimpleApplication@5c7780bc
reloadAllAccessors: .arrayType28

===========================================================================================
----------------- testing Tue Jun 12 00:01:50 UTC 2018 /home/travis/build/icyphy/ptII/ptolemy/actor/lib/test/auto/arrayType3.xml
----------------- Instantiating /home/travis/build/icyphy/ptII/ptolemy/actor/lib/test/auto/arrayType3.xml
2 ms. Memory: 1779712K Free: 519746K (29%)
----------------- Invoking toplevel() on ptolemy.moml.MoMLSimpleApplication@345974cc
----------------- Done invoking toplevel() on ptolemy.moml.MoMLSimpleApplication@345974cc
reloadAllAccessors: .arrayType3

===========================================================================================
----------------- testing Tue Jun 12 00:01:50 UTC 2018 /home/travis/build/icyphy/ptII/ptolemy/actor/lib/test/auto/arrayType4.xml
----------------- Instantiating /home/travis/build/icyphy/ptII/ptolemy/actor/lib/test/auto/arrayType4.xml
1 ms. Memory: 1779712K Free: 493914K (28%)
----------------- Invoking toplevel() on ptolemy.moml.MoMLSimpleApplication@7f2e186c
----------------- Done invoking toplevel() on ptolemy.moml.MoMLSimpleApplication@7f2e186c
reloadAllAccessors: .arrayType4

===========================================================================================
----------------- testing Tue Jun 12 00:01:50 UTC 2018 /home/travis/build/icyphy/ptII/ptolemy/actor/lib/test/auto/arrayType5.xml
----------------- Instantiating /home/travis/build/icyphy/ptII/ptolemy/actor/lib/test/auto/arrayType5.xml
1 ms. Memory: 1779712K Free: 471645K (27%)
----------------- Invoking toplevel() on ptolemy.moml.MoMLSimpleApplication@108ee544
----------------- Done invoking toplevel() on ptolemy.moml.MoMLSimpleApplication@108ee544
reloadAllAccessors: .arrayType5

===========================================================================================
----------------- testing Tue Jun 12 00:01:50 UTC 2018 /home/travis/build/icyphy/ptII/ptolemy/actor/lib/test/auto/arrayType6.xml
----------------- Instantiating /home/travis/build/icyphy/ptII/ptolemy/actor/lib/test/auto/arrayType6.xml
1 ms. Memory: 1779712K Free: 445814K (25%)
----------------- Invoking toplevel() on ptolemy.moml.MoMLSimpleApplication@5a7a21a0
----------------- Done invoking toplevel() on ptolemy.moml.MoMLSimpleApplication@5a7a21a0
reloadAllAccessors: .arrayType6

===========================================================================================
----------------- testing Tue Jun 12 00:01:50 UTC 2018 /home/travis/build/icyphy/ptII/ptolemy/actor/lib/test/auto/arrayType7.xml
----------------- Instantiating /home/travis/build/icyphy/ptII/ptolemy/actor/lib/test/auto/arrayType7.xml
1 ms. Memory: 1779712K Free: 419982K (24%)
----------------- Invoking toplevel() on ptolemy.moml.MoMLSimpleApplication@303c8f09
----------------- Done invoking toplevel() on ptolemy.moml.MoMLSimpleApplication@303c8f09
reloadAllAccessors: .arrayType7

===========================================================================================
----------------- testing Tue Jun 12 00:01:50 UTC 2018 /home/travis/build/icyphy/ptII/ptolemy/actor/lib/test/auto/arrayType8.xml
----------------- Instantiating /home/travis/build/icyphy/ptII/ptolemy/actor/lib/test/auto/arrayType8.xml
1 ms. Memory: 1779712K Free: 397713K (22%)
----------------- Invoking toplevel() on ptolemy.moml.MoMLSimpleApplication@73652b05
----------------- Done invoking toplevel() on ptolemy.moml.MoMLSimpleApplication@73652b05
reloadAllAccessors: .arrayType8

===========================================================================================
----------------- testing Tue Jun 12 00:01:50 UTC 2018 /home/travis/build/icyphy/ptII/ptolemy/actor/lib/test/auto/arrayType9.xml
----------------- Instantiating /home/travis/build/icyphy/ptII/ptolemy/actor/lib/test/auto/arrayType9.xml
1 ms. Memory: 1779712K Free: 371881K (21%)
----------------- Invoking toplevel() on ptolemy.moml.MoMLSimpleApplication@6d045df2
----------------- Done invoking toplevel() on ptolemy.moml.MoMLSimpleApplication@6d045df2
reloadAllAccessors: .arrayType9

===========================================================================================
----------------- testing Tue Jun 12 00:01:50 UTC 2018 /home/travis/build/icyphy/ptII/ptolemy/actor/lib/test/auto/cast.xml
----------------- Instantiating /home/travis/build/icyphy/ptII/ptolemy/actor/lib/test/auto/cast.xml
2 ms. Memory: 1779712K Free: 346049K (19%)
----------------- Invoking toplevel() on ptolemy.moml.MoMLSimpleApplication@59b5985e
----------------- Done invoking toplevel() on ptolemy.moml.MoMLSimpleApplication@59b5985e
reloadAllAccessors: .cast

===========================================================================================
----------------- testing Tue Jun 12 00:01:50 UTC 2018 /home/travis/build/icyphy/ptII/ptolemy/actor/lib/test/auto/compositeMultiPort.xml
----------------- Instantiating /home/travis/build/icyphy/ptII/ptolemy/actor/lib/test/auto/compositeMultiPort.xml
3 ms. Memory: 1779712K Free: 320217K (18%)
----------------- Invoking toplevel() on ptolemy.moml.MoMLSimpleApplication@4871db4b
----------------- Done invoking toplevel() on ptolemy.moml.MoMLSimpleApplication@4871db4b
reloadAllAccessors: .compositeMultiPort

===========================================================================================
----------------- testing Tue Jun 12 00:01:50 UTC 2018 /home/travis/build/icyphy/ptII/ptolemy/actor/lib/test/auto/expressionCastInference.xml
----------------- Instantiating /home/travis/build/icyphy/ptII/ptolemy/actor/lib/test/auto/expressionCastInference.xml
2 ms. Memory: 1779712K Free: 297949K (17%)
----------------- Invoking toplevel() on ptolemy.moml.MoMLSimpleApplication@5dde9d4b
----------------- Done invoking toplevel() on ptolemy.moml.MoMLSimpleApplication@5dde9d4b
reloadAllAccessors: .expressionCastInference

===========================================================================================
----------------- testing Tue Jun 12 00:01:50 UTC 2018 /home/travis/build/icyphy/ptII/ptolemy/actor/lib/test/auto/expressionCastInference2.xml
----------------- Instantiating /home/travis/build/icyphy/ptII/ptolemy/actor/lib/test/auto/expressionCastInference2.xml
1 ms. Memory: 1779712K Free: 272117K (15%)
----------------- Invoking toplevel() on ptolemy.moml.MoMLSimpleApplication@2d864c10
----------------- Done invoking toplevel() on ptolemy.moml.MoMLSimpleApplication@2d864c10
reloadAllAccessors: .expressionCastInference2

===========================================================================================
----------------- testing Tue Jun 12 00:01:50 UTC 2018 /home/travis/build/icyphy/ptII/ptolemy/actor/lib/test/auto/expressionInference.xml
----------------- Instantiating /home/travis/build/icyphy/ptII/ptolemy/actor/lib/test/auto/expressionInference.xml
2 ms. Memory: 1779712K Free: 246285K (14%)
----------------- Invoking toplevel() on ptolemy.moml.MoMLSimpleApplication@4708fd5e
----------------- Done invoking toplevel() on ptolemy.moml.MoMLSimpleApplication@4708fd5e
reloadAllAccessors: .expressionInference

===========================================================================================
----------------- testing Tue Jun 12 00:01:50 UTC 2018 /home/travis/build/icyphy/ptII/ptolemy/actor/lib/test/auto/expression_bug.xml
----------------- Instantiating /home/travis/build/icyphy/ptII/ptolemy/actor/lib/test/auto/expression_bug.xml
2 ms. Memory: 1779712K Free: 224016K (13%)
----------------- Invoking toplevel() on ptolemy.moml.MoMLSimpleApplication@7f2a1cbb
----------------- Done invoking toplevel() on ptolemy.moml.MoMLSimpleApplication@7f2a1cbb
reloadAllAccessors: .expression_bug

===========================================================================================
----------------- testing Tue Jun 12 00:01:50 UTC 2018 /home/travis/build/icyphy/ptII/ptolemy/actor/lib/test/auto/factorial.xml
----------------- Instantiating /home/travis/build/icyphy/ptII/ptolemy/actor/lib/test/auto/factorial.xml
24 ms. Memory: 1779712K Free: 198184K (11%)
----------------- Invoking toplevel() on ptolemy.moml.MoMLSimpleApplication@6a5eec78
----------------- Done invoking toplevel() on ptolemy.moml.MoMLSimpleApplication@6a5eec78
reloadAllAccessors: .factorial

===========================================================================================
----------------- testing Tue Jun 12 00:01:50 UTC 2018 /home/travis/build/icyphy/ptII/ptolemy/actor/lib/test/auto/filterTest1.xml
----------------- Instantiating /home/travis/build/icyphy/ptII/ptolemy/actor/lib/test/auto/filterTest1.xml
2 ms. Memory: 1779712K Free: 172352K (10%)
----------------- Invoking toplevel() on ptolemy.moml.MoMLSimpleApplication@55c3c909
----------------- Done invoking toplevel() on ptolemy.moml.MoMLSimpleApplication@55c3c909
reloadAllAccessors: .filterTest1

===========================================================================================
----------------- testing Tue Jun 12 00:01:50 UTC 2018 /home/travis/build/icyphy/ptII/ptolemy/actor/lib/test/auto/funcApplyInConst.xml
----------------- Instantiating /home/travis/build/icyphy/ptII/ptolemy/actor/lib/test/auto/funcApplyInConst.xml
1 ms. Memory: 1779712K Free: 146521K (8%)
----------------- Invoking toplevel() on ptolemy.moml.MoMLSimpleApplication@1039a137
----------------- Done invoking toplevel() on ptolemy.moml.MoMLSimpleApplication@1039a137
reloadAllAccessors: .funcApplyInConst

===========================================================================================
----------------- testing Tue Jun 12 00:01:50 UTC 2018 /home/travis/build/icyphy/ptII/ptolemy/actor/lib/test/auto/funcApplyInExpr.xml
----------------- Instantiating /home/travis/build/icyphy/ptII/ptolemy/actor/lib/test/auto/funcApplyInExpr.xml
1 ms. Memory: 1779712K Free: 124252K (7%)
----------------- Invoking toplevel() on ptolemy.moml.MoMLSimpleApplication@6830d441
----------------- Done invoking toplevel() on ptolemy.moml.MoMLSimpleApplication@6830d441
reloadAllAccessors: .funcApplyInExpr

===========================================================================================
----------------- testing Tue Jun 12 00:01:50 UTC 2018 /home/travis/build/icyphy/ptII/ptolemy/actor/lib/test/auto/function.xml
----------------- Instantiating /home/travis/build/icyphy/ptII/ptolemy/actor/lib/test/auto/function.xml
2 ms. Memory: 1779712K Free: 98420K (6%)
----------------- Invoking toplevel() on ptolemy.moml.MoMLSimpleApplication@7981c87a
----------------- Done invoking toplevel() on ptolemy.moml.MoMLSimpleApplication@7981c87a
reloadAllAccessors: .function

===========================================================================================
----------------- testing Tue Jun 12 00:01:50 UTC 2018 /home/travis/build/icyphy/ptII/ptolemy/actor/lib/test/auto/function2.xml
----------------- Instantiating /home/travis/build/icyphy/ptII/ptolemy/actor/lib/test/auto/function2.xml
2 ms. Memory: 1779712K Free: 72588K (4%)
----------------- Invoking toplevel() on ptolemy.moml.MoMLSimpleApplication@75f7deb7
----------------- Done invoking toplevel() on ptolemy.moml.MoMLSimpleApplication@75f7deb7
reloadAllAccessors: .function2

===========================================================================================
----------------- testing Tue Jun 12 00:01:50 UTC 2018 /home/travis/build/icyphy/ptII/ptolemy/actor/lib/test/auto/function3.xml
----------------- Instantiating /home/travis/build/icyphy/ptII/ptolemy/actor/lib/test/auto/function3.xml
1 ms. Memory: 1781248K Free: 1710035K (96%)
----------------- Invoking toplevel() on ptolemy.moml.MoMLSimpleApplication@aa083d1
----------------- Done invoking toplevel() on ptolemy.moml.MoMLSimpleApplication@aa083d1
reloadAllAccessors: .function3

===========================================================================================
----------------- testing Tue Jun 12 00:01:50 UTC 2018 /home/travis/build/icyphy/ptII/ptolemy/actor/lib/test/auto/functionClosureTest1.xml
----------------- Instantiating /home/travis/build/icyphy/ptII/ptolemy/actor/lib/test/auto/functionClosureTest1.xml
1 ms. Memory: 1781248K Free: 1684303K (95%)
----------------- Invoking toplevel() on ptolemy.moml.MoMLSimpleApplication@41552f50
----------------- Done invoking toplevel() on ptolemy.moml.MoMLSimpleApplication@41552f50
reloadAllAccessors: .functionClosureTest1

===========================================================================================
----------------- testing Tue Jun 12 00:01:50 UTC 2018 /home/travis/build/icyphy/ptII/ptolemy/actor/lib/test/auto/functionClosureTest2.xml
----------------- Instantiating /home/travis/build/icyphy/ptII/ptolemy/actor/lib/test/auto/functionClosureTest2.xml
1 ms. Memory: 1781248K Free: 1658571K (93%)
----------------- Invoking toplevel() on ptolemy.moml.MoMLSimpleApplication@7ec8dd87
----------------- Done invoking toplevel() on ptolemy.moml.MoMLSimpleApplication@7ec8dd87
reloadAllAccessors: .functionClosureTest2

===========================================================================================
----------------- testing Tue Jun 12 00:01:50 UTC 2018 /home/travis/build/icyphy/ptII/ptolemy/actor/lib/test/auto/functionClosureTest3.xml
----------------- Instantiating /home/travis/build/icyphy/ptII/ptolemy/actor/lib/test/auto/functionClosureTest3.xml
1 ms. Memory: 1781248K Free: 1632839K (92%)
----------------- Invoking toplevel() on ptolemy.moml.MoMLSimpleApplication@229148d1
----------------- Done invoking toplevel() on ptolemy.moml.MoMLSimpleApplication@229148d1
reloadAllAccessors: .functionClosureTest3

===========================================================================================
----------------- testing Tue Jun 12 00:01:50 UTC 2018 /home/travis/build/icyphy/ptII/ptolemy/actor/lib/test/auto/functionClosureTest4.xml
----------------- Instantiating /home/travis/build/icyphy/ptII/ptolemy/actor/lib/test/auto/functionClosureTest4.xml
3 ms. Memory: 1781248K Free: 1610570K (90%)
----------------- Invoking toplevel() on ptolemy.moml.MoMLSimpleApplication@64b1ece4
----------------- Done invoking toplevel() on ptolemy.moml.MoMLSimpleApplication@64b1ece4
reloadAllAccessors: .functionClosureTest4

===========================================================================================
----------------- testing Tue Jun 12 00:01:50 UTC 2018 /home/travis/build/icyphy/ptII/ptolemy/actor/lib/test/auto/functionClosureTest5.xml
----------------- Instantiating /home/travis/build/icyphy/ptII/ptolemy/actor/lib/test/auto/functionClosureTest5.xml
3 ms. Memory: 1781248K Free: 1584838K (89%)
----------------- Invoking toplevel() on ptolemy.moml.MoMLSimpleApplication@7c3a00c7
----------------- Done invoking toplevel() on ptolemy.moml.MoMLSimpleApplication@7c3a00c7
reloadAllAccessors: .functionClosureTest5

===========================================================================================
----------------- testing Tue Jun 12 00:01:50 UTC 2018 /home/travis/build/icyphy/ptII/ptolemy/actor/lib/test/auto/functionClosureTest6.xml
----------------- Instantiating /home/travis/build/icyphy/ptII/ptolemy/actor/lib/test/auto/functionClosureTest6.xml
2 ms. Memory: 1781248K Free: 1559106K (88%)
----------------- Invoking toplevel() on ptolemy.moml.MoMLSimpleApplication@b1c7efb
----------------- Done invoking toplevel() on ptolemy.moml.MoMLSimpleApplication@b1c7efb
reloadAllAccessors: .functionClosureTest6

===========================================================================================
----------------- testing Tue Jun 12 00:01:50 UTC 2018 /home/travis/build/icyphy/ptII/ptolemy/actor/lib/test/auto/functionsOnArcs.xml
----------------- Instantiating /home/travis/build/icyphy/ptII/ptolemy/actor/lib/test/auto/functionsOnArcs.xml
1 ms. Memory: 1781248K Free: 1533373K (86%)
----------------- Invoking toplevel() on ptolemy.moml.MoMLSimpleApplication@7b25ee9c
----------------- Done invoking toplevel() on ptolemy.moml.MoMLSimpleApplication@7b25ee9c
reloadAllAccessors: .functionsOnArcs

===========================================================================================
----------------- testing Tue Jun 12 00:01:50 UTC 2018 /home/travis/build/icyphy/ptII/ptolemy/actor/lib/test/auto/functionsOnArcsHOF.xml
----------------- Instantiating /home/travis/build/icyphy/ptII/ptolemy/actor/lib/test/auto/functionsOnArcsHOF.xml
3 ms. Memory: 1781248K Free: 1511105K (85%)
----------------- Invoking toplevel() on ptolemy.moml.MoMLSimpleApplication@31085d4d
----------------- Done invoking toplevel() on ptolemy.moml.MoMLSimpleApplication@31085d4d
reloadAllAccessors: .functionsOnArcsHOF

===========================================================================================
----------------- testing Tue Jun 12 00:01:50 UTC 2018 /home/travis/build/icyphy/ptII/ptolemy/actor/lib/test/auto/logic.xml
----------------- Instantiating /home/travis/build/icyphy/ptII/ptolemy/actor/lib/test/auto/logic.xml
2 ms. Memory: 1781248K Free: 1485373K (83%)
----------------- Invoking toplevel() on ptolemy.moml.MoMLSimpleApplication@5e4c1101
----------------- Done invoking toplevel() on ptolemy.moml.MoMLSimpleApplication@5e4c1101
reloadAllAccessors: .logic

===========================================================================================
----------------- testing Tue Jun 12 00:01:50 UTC 2018 /home/travis/build/icyphy/ptII/ptolemy/actor/lib/test/auto/matrixType.xml
----------------- Instantiating /home/travis/build/icyphy/ptII/ptolemy/actor/lib/test/auto/matrixType.xml
1 ms. Memory: 1781248K Free: 1459641K (82%)
----------------- Invoking toplevel() on ptolemy.moml.MoMLSimpleApplication@486f5399
----------------- Done invoking toplevel() on ptolemy.moml.MoMLSimpleApplication@486f5399
reloadAllAccessors: .matrixType

===========================================================================================
----------------- testing Tue Jun 12 00:01:50 UTC 2018 /home/travis/build/icyphy/ptII/ptolemy/actor/lib/test/auto/matrixType10.xml
----------------- Instantiating /home/travis/build/icyphy/ptII/ptolemy/actor/lib/test/auto/matrixType10.xml
1 ms. Memory: 1781248K Free: 1433908K (81%)
----------------- Invoking toplevel() on ptolemy.moml.MoMLSimpleApplication@15d11cc6
----------------- Done invoking toplevel() on ptolemy.moml.MoMLSimpleApplication@15d11cc6
reloadAllAccessors: .matrixType10

===========================================================================================
----------------- testing Tue Jun 12 00:01:50 UTC 2018 /home/travis/build/icyphy/ptII/ptolemy/actor/lib/test/auto/matrixType11.xml
----------------- Instantiating /home/travis/build/icyphy/ptII/ptolemy/actor/lib/test/auto/matrixType11.xml
1 ms. Memory: 1781248K Free: 1411640K (79%)
----------------- Invoking toplevel() on ptolemy.moml.MoMLSimpleApplication@2945a4b0
----------------- Done invoking toplevel() on ptolemy.moml.MoMLSimpleApplication@2945a4b0
reloadAllAccessors: .matrixType11

===========================================================================================
----------------- testing Tue Jun 12 00:01:50 UTC 2018 /home/travis/build/icyphy/ptII/ptolemy/actor/lib/test/auto/matrixType12.xml
----------------- Instantiating /home/travis/build/icyphy/ptII/ptolemy/actor/lib/test/auto/matrixType12.xml
1 ms. Memory: 1781248K Free: 1385907K (78%)
----------------- Invoking toplevel() on ptolemy.moml.MoMLSimpleApplication@7646ca34
----------------- Done invoking toplevel() on ptolemy.moml.MoMLSimpleApplication@7646ca34
reloadAllAccessors: .matrixType12

===========================================================================================
----------------- testing Tue Jun 12 00:01:50 UTC 2018 /home/travis/build/icyphy/ptII/ptolemy/actor/lib/test/auto/matrixType13.xml
----------------- Instantiating /home/travis/build/icyphy/ptII/ptolemy/actor/lib/test/auto/matrixType13.xml
1 ms. Memory: 1781248K Free: 1360175K (76%)
----------------- Invoking toplevel() on ptolemy.moml.MoMLSimpleApplication@48b55e7b
----------------- Done invoking toplevel() on ptolemy.moml.MoMLSimpleApplication@48b55e7b
reloadAllAccessors: .matrixType13

===========================================================================================
----------------- testing Tue Jun 12 00:01:50 UTC 2018 /home/travis/build/icyphy/ptII/ptolemy/actor/lib/test/auto/matrixType14.xml
----------------- Instantiating /home/travis/build/icyphy/ptII/ptolemy/actor/lib/test/auto/matrixType14.xml
2 ms. Memory: 1781248K Free: 1334443K (75%)
----------------- Invoking toplevel() on ptolemy.moml.MoMLSimpleApplication@2bee53d7
----------------- Done invoking toplevel() on ptolemy.moml.MoMLSimpleApplication@2bee53d7
reloadAllAccessors: .matrixType14

===========================================================================================
----------------- testing Tue Jun 12 00:01:50 UTC 2018 /home/travis/build/icyphy/ptII/ptolemy/actor/lib/test/auto/matrixType2.xml
----------------- Instantiating /home/travis/build/icyphy/ptII/ptolemy/actor/lib/test/auto/matrixType2.xml
1 ms. Memory: 1781248K Free: 1312174K (74%)
----------------- Invoking toplevel() on ptolemy.moml.MoMLSimpleApplication@1335ca99
----------------- Done invoking toplevel() on ptolemy.moml.MoMLSimpleApplication@1335ca99
reloadAllAccessors: .matrixType2

===========================================================================================
----------------- testing Tue Jun 12 00:01:50 UTC 2018 /home/travis/build/icyphy/ptII/ptolemy/actor/lib/test/auto/matrixType3.xml
----------------- Instantiating /home/travis/build/icyphy/ptII/ptolemy/actor/lib/test/auto/matrixType3.xml
1 ms. Memory: 1781248K Free: 1286442K (72%)
----------------- Invoking toplevel() on ptolemy.moml.MoMLSimpleApplication@6363ac7e
----------------- Done invoking toplevel() on ptolemy.moml.MoMLSimpleApplication@6363ac7e
reloadAllAccessors: .matrixType3

===========================================================================================
----------------- testing Tue Jun 12 00:01:50 UTC 2018 /home/travis/build/icyphy/ptII/ptolemy/actor/lib/test/auto/matrixType4.xml
----------------- Instantiating /home/travis/build/icyphy/ptII/ptolemy/actor/lib/test/auto/matrixType4.xml
1 ms. Memory: 1781248K Free: 1260710K (71%)
----------------- Invoking toplevel() on ptolemy.moml.MoMLSimpleApplication@6841cdc2
----------------- Done invoking toplevel() on ptolemy.moml.MoMLSimpleApplication@6841cdc2
reloadAllAccessors: .matrixType4

===========================================================================================
----------------- testing Tue Jun 12 00:01:50 UTC 2018 /home/travis/build/icyphy/ptII/ptolemy/actor/lib/test/auto/matrixType5.xml
----------------- Instantiating /home/travis/build/icyphy/ptII/ptolemy/actor/lib/test/auto/matrixType5.xml
1 ms. Memory: 1781248K Free: 1234978K (69%)
----------------- Invoking toplevel() on ptolemy.moml.MoMLSimpleApplication@6d545a5
----------------- Done invoking toplevel() on ptolemy.moml.MoMLSimpleApplication@6d545a5
reloadAllAccessors: .matrixType5

===========================================================================================
----------------- testing Tue Jun 12 00:01:50 UTC 2018 /home/travis/build/icyphy/ptII/ptolemy/actor/lib/test/auto/matrixType6.xml
----------------- Instantiating /home/travis/build/icyphy/ptII/ptolemy/actor/lib/test/auto/matrixType6.xml
1 ms. Memory: 1781248K Free: 1209246K (68%)
----------------- Invoking toplevel() on ptolemy.moml.MoMLSimpleApplication@1f3ce748
----------------- Done invoking toplevel() on ptolemy.moml.MoMLSimpleApplication@1f3ce748
reloadAllAccessors: .matrixType6

===========================================================================================
----------------- testing Tue Jun 12 00:01:50 UTC 2018 /home/travis/build/icyphy/ptII/ptolemy/actor/lib/test/auto/matrixType7.xml
----------------- Instantiating /home/travis/build/icyphy/ptII/ptolemy/actor/lib/test/auto/matrixType7.xml
1 ms. Memory: 1781248K Free: 1186978K (67%)
----------------- Invoking toplevel() on ptolemy.moml.MoMLSimpleApplication@33165da
----------------- Done invoking toplevel() on ptolemy.moml.MoMLSimpleApplication@33165da
reloadAllAccessors: .matrixType7

===========================================================================================
----------------- testing Tue Jun 12 00:01:50 UTC 2018 /home/travis/build/icyphy/ptII/ptolemy/actor/lib/test/auto/matrixType8.xml
----------------- Instantiating /home/travis/build/icyphy/ptII/ptolemy/actor/lib/test/auto/matrixType8.xml
2 ms. Memory: 1781248K Free: 1161245K (65%)
----------------- Invoking toplevel() on ptolemy.moml.MoMLSimpleApplication@3305c40f
----------------- Done invoking toplevel() on ptolemy.moml.MoMLSimpleApplication@3305c40f
reloadAllAccessors: .matrixType8

===========================================================================================
----------------- testing Tue Jun 12 00:01:50 UTC 2018 /home/travis/build/icyphy/ptII/ptolemy/actor/lib/test/auto/matrixType9.xml
----------------- Instantiating /home/travis/build/icyphy/ptII/ptolemy/actor/lib/test/auto/matrixType9.xml
1 ms. Memory: 1781248K Free: 1135513K (64%)
----------------- Invoking toplevel() on ptolemy.moml.MoMLSimpleApplication@4e1a00e1
----------------- Done invoking toplevel() on ptolemy.moml.MoMLSimpleApplication@4e1a00e1
reloadAllAccessors: .matrixType9

===========================================================================================
----------------- testing Tue Jun 12 00:01:50 UTC 2018 /home/travis/build/icyphy/ptII/ptolemy/actor/lib/test/auto/paraFunctest.xml
----------------- Instantiating /home/travis/build/icyphy/ptII/ptolemy/actor/lib/test/auto/paraFunctest.xml
1 ms. Memory: 1781248K Free: 1109781K (62%)
----------------- Invoking toplevel() on ptolemy.moml.MoMLSimpleApplication@305e172f
----------------- Done invoking toplevel() on ptolemy.moml.MoMLSimpleApplication@305e172f
reloadAllAccessors: .paraFunctest

===========================================================================================
----------------- testing Tue Jun 12 00:01:50 UTC 2018 /home/travis/build/icyphy/ptII/ptolemy/actor/lib/test/auto/paraFunctest2.xml
----------------- Instantiating /home/travis/build/icyphy/ptII/ptolemy/actor/lib/test/auto/paraFunctest2.xml
1 ms. Memory: 1781248K Free: 1087512K (61%)
----------------- Invoking toplevel() on ptolemy.moml.MoMLSimpleApplication@552a8dee
----------------- Done invoking toplevel() on ptolemy.moml.MoMLSimpleApplication@552a8dee
reloadAllAccessors: .paraFunctest2

===========================================================================================
----------------- testing Tue Jun 12 00:01:50 UTC 2018 /home/travis/build/icyphy/ptII/ptolemy/actor/lib/test/auto/parameterPassing.xml
----------------- Instantiating /home/travis/build/icyphy/ptII/ptolemy/actor/lib/test/auto/parameterPassing.xml
1 ms. Memory: 1781248K Free: 1061780K (60%)
----------------- Invoking toplevel() on ptolemy.moml.MoMLSimpleApplication@6e964017
----------------- Done invoking toplevel() on ptolemy.moml.MoMLSimpleApplication@6e964017
reloadAllAccessors: .parameterPassing

===========================================================================================
----------------- testing Tue Jun 12 00:01:50 UTC 2018 /home/travis/build/icyphy/ptII/ptolemy/actor/lib/test/auto/record.xml
----------------- Instantiating /home/travis/build/icyphy/ptII/ptolemy/actor/lib/test/auto/record.xml
2 ms. Memory: 1781248K Free: 1036048K (58%)
----------------- Invoking toplevel() on ptolemy.moml.MoMLSimpleApplication@60aaa6f0
----------------- Done invoking toplevel() on ptolemy.moml.MoMLSimpleApplication@60aaa6f0
reloadAllAccessors: .record

===========================================================================================
----------------- testing Tue Jun 12 00:01:50 UTC 2018 /home/travis/build/icyphy/ptII/ptolemy/actor/lib/test/auto/sizedarray1.xml
----------------- Instantiating /home/travis/build/icyphy/ptII/ptolemy/actor/lib/test/auto/sizedarray1.xml
1 ms. Memory: 1781248K Free: 1010316K (57%)
----------------- Invoking toplevel() on ptolemy.moml.MoMLSimpleApplication@1cda5a0b
----------------- Done invoking toplevel() on ptolemy.moml.MoMLSimpleApplication@1cda5a0b
reloadAllAccessors: .sizedarray1

===========================================================================================
----------------- testing Tue Jun 12 00:01:50 UTC 2018 /home/travis/build/icyphy/ptII/ptolemy/actor/lib/test/auto/sizedarray2.xml
----------------- Instantiating /home/travis/build/icyphy/ptII/ptolemy/actor/lib/test/auto/sizedarray2.xml
2 ms. Memory: 1781248K Free: 988047K (55%)
----------------- Invoking toplevel() on ptolemy.moml.MoMLSimpleApplication@654169c1
----------------- Done invoking toplevel() on ptolemy.moml.MoMLSimpleApplication@654169c1
reloadAllAccessors: .sizedarray2

===========================================================================================
----------------- testing Tue Jun 12 00:01:50 UTC 2018 /home/travis/build/icyphy/ptII/ptolemy/actor/lib/test/auto/twoPublishers.xml
----------------- Instantiating /home/travis/build/icyphy/ptII/ptolemy/actor/lib/test/auto/twoPublishers.xml
5 ms. Memory: 1781248K Free: 962315K (54%)
----------------- Invoking toplevel() on ptolemy.moml.MoMLSimpleApplication@8db146d
----------------- Done invoking toplevel() on ptolemy.moml.MoMLSimpleApplication@8db146d
reloadAllAccessors: .twoPublishers
AutoTests.java: About to close Vertx.
AutoTests.java: Vertx closed.
]]></system-out>
  <system-err><![CDATA[java.lang.RuntimeException: Execution failed
	at ptolemy.moml.MoMLSimpleApplication$UnloadThread.run(MoMLSimpleApplication.java:402)
Caused by: java.lang.RuntimeException: Normally, we would exit here because Manager.exitAfterWrapup() was called.  However, because the ptolemy.ptII.exitAfterWrapup property is set, we throw this exception instead.
	at ptolemy.util.StringUtilities.exit(StringUtilities.java:363)
	at ptolemy.actor.Manager.wrapup(Manager.java:1531)
	at ptolemy.actor.Manager.execute(Manager.java:407)
	at ptolemy.actor.Manager.run(Manager.java:1263)
	at ptolemy.actor.Manager$PtolemyRunThread.run(Manager.java:1915)
Warning: '.top.test' is in training mode, set the trainingMode parameter to false before checking in
Warning: '.top.test' is in training mode, set the trainingMode parameter to false before checking in
Warning: '.top.test' is in training mode, set the trainingMode parameter to false before checking in
Warning: '.BooleanSwitch_RegressionTest_WrongTrainingValues.Test' is in training mode, set the trainingMode parameter to false before checking in
Warning: '.BooleanSwitch_RegressionTest_WrongTrainingValues.Test2' is in training mode, set the trainingMode parameter to false before checking in
Warning: '.BooleanSwitch_RegressionTest_WrongTrainingValues.Test2' The test produced 0 tokens.
Warning: '.top.testExceptionHandler' is in training mode, set the trainingMode parameter to false before checking in
java.lang.RuntimeException: Execution failed
	at ptolemy.moml.MoMLSimpleApplication$UnloadThread.run(MoMLSimpleApplication.java:402)
Caused by: ptolemy.kernel.util.IllegalActionException: PublisherPorts cannot be used at the top level, use a Publisher actor instead.
  in .PublisherPortToplevelSubscriber.PublisherPort
	at ptolemy.actor.PublisherPort.preinitialize(PublisherPort.java:403)
	at ptolemy.actor.CompositeActor.preinitialize(CompositeActor.java:1769)
	at ptolemy.actor.Manager.preinitializeAndResolveTypes(Manager.java:1040)
	at ptolemy.actor.Manager.initialize(Manager.java:710)
	at ptolemy.actor.Manager.execute(Manager.java:356)
	at ptolemy.actor.Manager.run(Manager.java:1263)
	at ptolemy.actor.Manager$PtolemyRunThread.run(Manager.java:1915)
java.lang.reflect.InvocationTargetException
	at sun.reflect.NativeConstructorAccessorImpl.newInstance0(Native Method)
	at sun.reflect.NativeConstructorAccessorImpl.newInstance(NativeConstructorAccessorImpl.java:62)
	at sun.reflect.DelegatingConstructorAccessorImpl.newInstance(DelegatingConstructorAccessorImpl.java:45)
	at java.lang.reflect.Constructor.newInstance(Constructor.java:423)
	at ptolemy.util.test.junit.AutoKnownFailedTests.RunModel(AutoKnownFailedTests.java:107)
	at sun.reflect.NativeMethodAccessorImpl.invoke0(Native Method)
	at sun.reflect.NativeMethodAccessorImpl.invoke(NativeMethodAccessorImpl.java:62)
	at sun.reflect.DelegatingMethodAccessorImpl.invoke(DelegatingMethodAccessorImpl.java:43)
	at java.lang.reflect.Method.invoke(Method.java:498)
	at org.junit.runners.model.FrameworkMethod$1.runReflectiveCall(FrameworkMethod.java:44)
	at org.junit.internal.runners.model.ReflectiveCallable.run(ReflectiveCallable.java:15)
	at org.junit.runners.model.FrameworkMethod.invokeExplosively(FrameworkMethod.java:41)
	at junitparams.internal.InvokeParameterisedMethod.evaluate(InvokeParameterisedMethod.java:102)
	at org.junit.internal.runners.statements.FailOnTimeout$1.run(FailOnTimeout.java:28)
Caused by: ptolemy.kernel.util.IllegalActionException: PublisherPorts cannot be used at the top level, use a Publisher actor instead.
  in .PublisherPortToplevelSubscriber.PublisherPort
	at ptolemy.actor.PublisherPort.preinitialize(PublisherPort.java:403)
	at ptolemy.actor.CompositeActor.preinitialize(CompositeActor.java:1769)
	at ptolemy.actor.Manager.preinitializeAndResolveTypes(Manager.java:1040)
	at ptolemy.actor.Manager.initialize(Manager.java:710)
	at ptolemy.actor.Manager.execute(Manager.java:356)
	at ptolemy.actor.Manager.run(Manager.java:1263)
	at ptolemy.actor.Manager$PtolemyRunThread.run(Manager.java:1915)
java.lang.RuntimeException: Execution failed
	at ptolemy.moml.MoMLSimpleApplication$UnloadThread.run(MoMLSimpleApplication.java:402)
Caused by: ptolemy.kernel.util.IllegalActionException: SubscriberPorts cannot be used at the top level, use a Subscriber actor instead.
  in .PublisherSubscriberPortToplevel.SubscriberPort
	at ptolemy.actor.SubscriberPort.preinitialize(SubscriberPort.java:328)
	at ptolemy.actor.CompositeActor.preinitialize(CompositeActor.java:1769)
	at ptolemy.actor.Manager.preinitializeAndResolveTypes(Manager.java:1040)
	at ptolemy.actor.Manager.initialize(Manager.java:710)
	at ptolemy.actor.Manager.execute(Manager.java:356)
	at ptolemy.actor.Manager.run(Manager.java:1263)
	at ptolemy.actor.Manager$PtolemyRunThread.run(Manager.java:1915)
java.lang.reflect.InvocationTargetException
	at sun.reflect.NativeConstructorAccessorImpl.newInstance0(Native Method)
	at sun.reflect.NativeConstructorAccessorImpl.newInstance(NativeConstructorAccessorImpl.java:62)
	at sun.reflect.DelegatingConstructorAccessorImpl.newInstance(DelegatingConstructorAccessorImpl.java:45)
	at java.lang.reflect.Constructor.newInstance(Constructor.java:423)
	at ptolemy.util.test.junit.AutoKnownFailedTests.RunModel(AutoKnownFailedTests.java:107)
	at sun.reflect.NativeMethodAccessorImpl.invoke0(Native Method)
	at sun.reflect.NativeMethodAccessorImpl.invoke(NativeMethodAccessorImpl.java:62)
	at sun.reflect.DelegatingMethodAccessorImpl.invoke(DelegatingMethodAccessorImpl.java:43)
	at java.lang.reflect.Method.invoke(Method.java:498)
	at org.junit.runners.model.FrameworkMethod$1.runReflectiveCall(FrameworkMethod.java:44)
	at org.junit.internal.runners.model.ReflectiveCallable.run(ReflectiveCallable.java:15)
	at org.junit.runners.model.FrameworkMethod.invokeExplosively(FrameworkMethod.java:41)
	at junitparams.internal.InvokeParameterisedMethod.evaluate(InvokeParameterisedMethod.java:102)
	at org.junit.internal.runners.statements.FailOnTimeout$1.run(FailOnTimeout.java:28)
Caused by: ptolemy.kernel.util.IllegalActionException: SubscriberPorts cannot be used at the top level, use a Subscriber actor instead.
  in .PublisherSubscriberPortToplevel.SubscriberPort
	at ptolemy.actor.SubscriberPort.preinitialize(SubscriberPort.java:328)
	at ptolemy.actor.CompositeActor.preinitialize(CompositeActor.java:1769)
	at ptolemy.actor.Manager.preinitializeAndResolveTypes(Manager.java:1040)
	at ptolemy.actor.Manager.initialize(Manager.java:710)
	at ptolemy.actor.Manager.execute(Manager.java:356)
	at ptolemy.actor.Manager.run(Manager.java:1263)
	at ptolemy.actor.Manager$PtolemyRunThread.run(Manager.java:1915)
java.lang.RuntimeException: Execution failed
	at ptolemy.moml.MoMLSimpleApplication$UnloadThread.run(MoMLSimpleApplication.java:402)
Caused by: ptolemy.kernel.util.IllegalActionException: SubscriptionAggregatorPorts cannot be used at the top level, use a SubscriptionAggregator actor instead.
  in .PublisherSubscriptionAggregatorPort.SubscriptionAggregatorPort
	at ptolemy.actor.SubscriptionAggregatorPort.preinitialize(SubscriptionAggregatorPort.java:353)
	at ptolemy.actor.CompositeActor.preinitialize(CompositeActor.java:1769)
	at ptolemy.actor.Manager.preinitializeAndResolveTypes(Manager.java:1040)
	at ptolemy.actor.Manager.initialize(Manager.java:710)
	at ptolemy.actor.Manager.execute(Manager.java:356)
	at ptolemy.actor.Manager.run(Manager.java:1263)
	at ptolemy.actor.Manager$PtolemyRunThread.run(Manager.java:1915)
java.lang.reflect.InvocationTargetException
	at sun.reflect.NativeConstructorAccessorImpl.newInstance0(Native Method)
	at sun.reflect.NativeConstructorAccessorImpl.newInstance(NativeConstructorAccessorImpl.java:62)
	at sun.reflect.DelegatingConstructorAccessorImpl.newInstance(DelegatingConstructorAccessorImpl.java:45)
	at java.lang.reflect.Constructor.newInstance(Constructor.java:423)
	at ptolemy.util.test.junit.AutoKnownFailedTests.RunModel(AutoKnownFailedTests.java:107)
	at sun.reflect.NativeMethodAccessorImpl.invoke0(Native Method)
	at sun.reflect.NativeMethodAccessorImpl.invoke(NativeMethodAccessorImpl.java:62)
	at sun.reflect.DelegatingMethodAccessorImpl.invoke(DelegatingMethodAccessorImpl.java:43)
	at java.lang.reflect.Method.invoke(Method.java:498)
	at org.junit.runners.model.FrameworkMethod$1.runReflectiveCall(FrameworkMethod.java:44)
	at org.junit.internal.runners.model.ReflectiveCallable.run(ReflectiveCallable.java:15)
	at org.junit.runners.model.FrameworkMethod.invokeExplosively(FrameworkMethod.java:41)
	at junitparams.internal.InvokeParameterisedMethod.evaluate(InvokeParameterisedMethod.java:102)
	at org.junit.internal.runners.statements.FailOnTimeout$1.run(FailOnTimeout.java:28)
Caused by: ptolemy.kernel.util.IllegalActionException: SubscriptionAggregatorPorts cannot be used at the top level, use a SubscriptionAggregator actor instead.
  in .PublisherSubscriptionAggregatorPort.SubscriptionAggregatorPort
	at ptolemy.actor.SubscriptionAggregatorPort.preinitialize(SubscriptionAggregatorPort.java:353)
	at ptolemy.actor.CompositeActor.preinitialize(CompositeActor.java:1769)
	at ptolemy.actor.Manager.preinitializeAndResolveTypes(Manager.java:1040)
	at ptolemy.actor.Manager.initialize(Manager.java:710)
	at ptolemy.actor.Manager.execute(Manager.java:356)
	at ptolemy.actor.Manager.run(Manager.java:1263)
	at ptolemy.actor.Manager$PtolemyRunThread.run(Manager.java:1915)
java.lang.RuntimeException: Execution failed
	at ptolemy.moml.MoMLSimpleApplication$UnloadThread.run(MoMLSimpleApplication.java:402)
Caused by: ptolemy.kernel.util.IllegalActionException: TypeTest actor has no training data.
  in .sizedarray3.TypeTest
	at ptolemy.actor.lib.TypeTest.initialize(TypeTest.java:250)
	at ptolemy.actor.Director.initialize(Director.java:938)
	at ptolemy.actor.Director.initialize(Director.java:907)
	at ptolemy.actor.sched.StaticSchedulingDirector.initialize(StaticSchedulingDirector.java:159)
	at ptolemy.domains.sdf.kernel.SDFDirector.initialize(SDFDirector.java:544)
	at ptolemy.actor.CompositeActor.initialize(CompositeActor.java:935)
	at ptolemy.actor.Manager.initialize(Manager.java:724)
	at ptolemy.actor.Manager.execute(Manager.java:356)
	at ptolemy.actor.Manager.run(Manager.java:1263)
	at ptolemy.actor.Manager$PtolemyRunThread.run(Manager.java:1915)
java.lang.reflect.InvocationTargetException
	at sun.reflect.NativeConstructorAccessorImpl.newInstance0(Native Method)
	at sun.reflect.NativeConstructorAccessorImpl.newInstance(NativeConstructorAccessorImpl.java:62)
	at sun.reflect.DelegatingConstructorAccessorImpl.newInstance(DelegatingConstructorAccessorImpl.java:45)
	at java.lang.reflect.Constructor.newInstance(Constructor.java:423)
	at ptolemy.util.test.junit.AutoKnownFailedTests.RunModel(AutoKnownFailedTests.java:107)
	at sun.reflect.NativeMethodAccessorImpl.invoke0(Native Method)
	at sun.reflect.NativeMethodAccessorImpl.invoke(NativeMethodAccessorImpl.java:62)
	at sun.reflect.DelegatingMethodAccessorImpl.invoke(DelegatingMethodAccessorImpl.java:43)
	at java.lang.reflect.Method.invoke(Method.java:498)
	at org.junit.runners.model.FrameworkMethod$1.runReflectiveCall(FrameworkMethod.java:44)
	at org.junit.internal.runners.model.ReflectiveCallable.run(ReflectiveCallable.java:15)
	at org.junit.runners.model.FrameworkMethod.invokeExplosively(FrameworkMethod.java:41)
	at junitparams.internal.InvokeParameterisedMethod.evaluate(InvokeParameterisedMethod.java:102)
	at org.junit.internal.runners.statements.FailOnTimeout$1.run(FailOnTimeout.java:28)
Caused by: ptolemy.kernel.util.IllegalActionException: TypeTest actor has no training data.
  in .sizedarray3.TypeTest
	at ptolemy.actor.lib.TypeTest.initialize(TypeTest.java:250)
	at ptolemy.actor.Director.initialize(Director.java:938)
	at ptolemy.actor.Director.initialize(Director.java:907)
	at ptolemy.actor.sched.StaticSchedulingDirector.initialize(StaticSchedulingDirector.java:159)
	at ptolemy.domains.sdf.kernel.SDFDirector.initialize(SDFDirector.java:544)
	at ptolemy.actor.CompositeActor.initialize(CompositeActor.java:935)
	at ptolemy.actor.Manager.initialize(Manager.java:724)
	at ptolemy.actor.Manager.execute(Manager.java:356)
	at ptolemy.actor.Manager.run(Manager.java:1263)
	at ptolemy.actor.Manager$PtolemyRunThread.run(Manager.java:1915)
]]></system-err>
</testsuite>
