<?xml version="1.0" encoding="UTF-8" ?>
<testsuite errors="0" failures="0" hostname="travis-job-e2df73b4-3f8b-443d-b88a-12df1506c98e" name="ptolemy.domains.de.test.junit.JUnitTclTest" skipped="0" tests="101" time="127.421" timestamp="2018-06-07T18:33:26">
  <properties>
    <property name="npm.executable" value="npm" />
    <property name="file.encoding.pkg" value="sun.io" />
    <property name="ptII.mk.exists" value="true" />
    <property name="env.rvm_bin_path" value="/home/travis/.rvm/bin" />
    <property name="java.home" value="/usr/lib/jvm/java-8-oracle/jre" />
    <property name="env.TRAVIS_JOB_NUMBER" value="533.8" />
    <property name="env.DISPLAY" value=":99.0" />
    <property name="java.net.preferIPv4Stack" value="true" />
    <property name="env.SSH_TTY" value="/dev/pts/0" />
    <property name="env.RUN_TESTS" value="true" />
    <property name="timeout.short" value="1000000" />
    <property name="env.TRAVIS_STACK_NODE_ATTRIBUTES" value="/.node-attributes.yml" />
    <property name="junit.formatter" value="xml" />
    <property name="java.endorsed.dirs" value="/usr/lib/jvm/java-8-oracle/jre/lib/endorsed" />
    <property name="env.TRAVIS_SUDO" value="true" />
    <property name="env.LOGNAME" value="travis" />
    <property name="jsdoc.home" value="node_modules/@terraswarm/jsdoc" />
    <property name="debuglevel" value="source,lines,vars" />
    <property name="checkstyle.formatter" value="xml" />
    <property name="bin.vergil.makeable" value="true" />
    <property name="env._system_version" value="14.04" />
    <property name="sun.os.patch.level" value="unknown" />
    <property name="java.vendor.url" value="http://java.oracle.com/" />
    <property name="java.version" value="1.8.0_151" />
    <property name="env.TZ" value="UTC" />
    <property name="env.PT_NO_NET" value="true" />
    <property name="env.TRAVIS_PULL_REQUEST_SHA" value="" />
    <property name="env.TRAVIS_SECURE_ENV_VARS" value="true" />
    <property name="env._system_type" value="Linux" />
    <property name="java.vendor.url.bug" value="http://bugreport.sun.com/bugreport/" />
    <property name="env.SSH_CLIENT" value="10.10.4.29 56344 22" />
    <property name="npmjs-org-is-up" value="true" />
    <property name="env.GEM_HOME" value="/home/travis/.rvm/gems/ruby-2.4.1" />
    <property name="env.HAS_ANTARES_THREE_LITTLE_FRONZIES_BADGE" value="true" />
    <property name="env.PS4" value="+" />
    <property name="ant.project.invoked-targets" value="build,test.core2.xml" />
    <property name="env.TRAVIS_PULL_REQUEST_BRANCH" value="" />
    <property name="env.TRAVIS_REPO_SLUG" value="icyphy/ptII" />
    <property name="node.in.path" value="true" />
    <property name="java.maxmemory" value="1400m" />
    <property name="env.RUBY_VERSION" value="ruby-2.4.1" />
    <property name="user.name" value="travis" />
    <property name="env.LANG" value="en_US.UTF-8" />
    <property name="sun.io.unicode.encoding" value="UnicodeLittle" />
    <property name="sun.jnu.encoding" value="UTF-8" />
    <property name="java.runtime.name" value="Java(TM) SE Runtime Environment" />
    <property name="usefile" value="false" />
    <property name="return.code" value="0" />
    <property name="junit.single.formatter" value="plain" />
    <property name="env.DYLD_LIBRARY_PATH" value="/home/travis/pthla/certi-tools/lib:" />
    <property name="env.DEBIAN_FRONTEND" value="noninteractive" />
    <property name="env.SSH_CONNECTION" value="10.10.4.29 56344 10.20.0.141 22" />
    <property name="env.MYSQL_UNIX_PORT" value="/var/run/mysqld/mysqld.sock" />
    <property name="env.TRAVIS_ALLOW_FAILURE" value="false" />
    <property name="env.LC_ALL" value="en_US.UTF-8" />
    <property name="java.specification.name" value="Java Platform API Specification" />
    <property name="node.works" value="true" />
    <property name="user.timezone" value="" />
    <property name="path.separator" value=":" />
    <property name="env.PYTHON_CFLAGS" value="-g -fstack-protector --param=ssp-buffer-size=4 -Wformat -Werror=format-security" />
    <property name="timeout.long" value="4000000" />
    <property name="env.CERTI_HOME" value="/home/travis/pthla/certi-tools" />
    <property name="file.encoding" value="UTF-8" />
    <property name="ant.file.ptII" value="/home/travis/build/icyphy/ptII/build.xml" />
    <property name="javadoc.packagenames" value="com.*,diva.*,lbnl.*,org.hlacerti.*,org.json.*,org.ptolemy.*,org.terraswarm.*,ptolemy.*,ptserver.*" />
    <property name="env.TRAVIS_PULL_REQUEST_SLUG" value="" />
    <property name="ant.project.default-target" value="build" />
    <property name="env.GIT_ASKPASS" value="echo" />
    <property name="env.HOME" value="/home/travis" />
    <property name="sun.java.command" value="org.apache.tools.ant.taskdefs.optional.junit.JUnitTestRunner ptolemy.domains.de.test.junit.JUnitTclTest skipNonTests=false filtertrace=true haltOnError=false haltOnFailure=false formatter=org.apache.tools.ant.taskdefs.optional.junit.OutErrSummaryJUnitResultFormatter showoutput=true outputtoformatters=true logfailedtests=true threadid=0 logtestlistenerevents=false formatter=org.apache.tools.ant.taskdefs.optional.junit.XMLJUnitResultFormatter,/home/travis/build/icyphy/ptII/reports/junit/TEST-ptolemy.domains.de.test.junit.JUnitTclTest.xml crashfile=/home/travis/build/icyphy/ptII/junitvmwatcher3817213747974743612.properties propsfile=/home/travis/build/icyphy/ptII/junit828834948261364301.properties" />
    <property name="env.MANPATH" value="/home/travis/.nvm/versions/node/v7.10.1/share/man:/home/travis/.kiex/elixirs/elixir-1.4.5/man:/home/travis/.rvm/rubies/ruby-2.4.1/share/man:/usr/local/man:/usr/local/cmake-3.9.2/man:/usr/local/clang-5.0.0/share/man:/usr/local/share/man:/usr/share/man:/home/travis/.rvm/man" />
    <property name="env.COMPOSER_NO_INTERACTION" value="1" />
    <property name="env.JDK_SWITCHER_DEFAULT" value="oraclejdk8" />
    <property name="ant.file" value="/home/travis/build/icyphy/ptII/build.xml" />
    <property name="env.TRAVIS_COMMIT_RANGE" value="b998390e7147...6e57172d7c3e" />
    <property name="env._system_name" value="Ubuntu" />
    <property name="timeout" value="2400000" />
    <property name="ptII.classpath.optional.property" value="/home/travis/build/icyphy/ptII/lib/bsh-2.0b4.jar:/home/travis/build/icyphy/ptII/lib/ptCal.jar:/home/travis/build/icyphy/ptII/lib/java_cup.jar:/home/travis/build/icyphy/ptII/lib/saxon8.jar:/home/travis/build/icyphy/ptII/lib/saxon8-dom.jar:/home/travis/build/icyphy/ptII/lib/chic.jar:/home/travis/build/icyphy/ptII/lib/ptcolt.jar:/usr/lib/jvm/java-8-oracle/lib/tools.jar:/usr/lib/eclipse/plugins/org.eclipse.jdt.core_3.8.2.dist.jar:/usr/lib/eclipse/plugins/org.eclipse.core.runtime_3.8.0.dist.jar:/usr/lib/eclipse/plugins/org.eclipse.osgi_3.8.1.dist.jar:/usr/lib/eclipse/plugins/org.eclipse.core.resources_3.8.1.dist.jar:/usr/lib/eclipse/plugins/org.eclipse.equinox.common_3.6.100.dist.jar:/usr/lib/eclipse/plugins/org.eclipse.core.jobs_3.5.200.dist.jar:/usr/lib/eclipse/plugins/org.eclipse.core.contenttype_3.4.200.dist.jar:/usr/lib/eclipse/plugins/org.eclipse.equinox.preferences_3.5.0.dist.jar:/usr/lib/eclipse/plugins/org.eclipse.text_3.5.200.dist.jar:/usr/lib/eclipse/plugins/org.eclipse.ui.workbench_3.8.1.dist.jar:/usr/lib/eclipse/plugins/org.eclipse.jface_3.8.0.dist.jar:/usr/lib/eclipse/plugins/org.eclipse.swt_3.8.2.jar:/usr/lib/eclipse/plugins/org.eclipse.jface.text_3.8.1.dist.jar:/usr/lib/eclipse/plugins/org.eclipse.ui.workbench.texteditor_3.8.0.dist.jar:/usr/lib/eclipse/plugins/org.eclipse.ui.editors_3.8.0.dist.jar:/usr/lib/eclipse/plugins/org.eclipse.core.commands_3.6.1.dist.jar:/usr/lib/eclipse/plugins/org.eclipse.equinox.registry_3.5.200.dist.jar:/usr/lib/eclipse/plugins/org.eclipse.ui.console_3.5.100.dist.jar:/usr/lib/eclipse/plugins/org.eclipse.ui.forms_3.5.200.dist.jar:/usr/lib/eclipse/plugins/org.eclipse.ui.ide_3.8.1.dist.jar:/home/travis/build/icyphy/ptII/vendors/oracle/dbxml.jar:/home/travis/build/icyphy/ptII/vendors/oracle/db.jar:/home/travis/build/icyphy/ptII/vendors/misc/itext/iText.jar:/home/travis/build/icyphy/ptII/lib/g4ltl.jar:/home/travis/build/icyphy/ptII/lib/StructuralCoder.jar:/home/travis/build/icyphy/ptII/lib/org-openide-util.jar:/home/travis/build/icyphy/ptII/lib/org-openide-util-lookup.jar:/home/travis/build/icyphy/ptII/lib/org-netbeans-api-visual.jar:/home/travis/build/icyphy/ptII/vendors/jai-1_1_2_01/lib/jai_core.jar:/home/travis/build/icyphy/ptII/vendors/jai-1_1_2_01/lib/jai_codec.jar:/home/travis/build/icyphy/ptII/lib/jcerti.jar:/home/travis/build/icyphy/ptII/lib/smack.jar:/home/travis/build/icyphy/ptII/lib/smackx.jar:/home/travis/build/icyphy/ptII/lib/jetty-all-8.1.5-v20120716.jar:/home/travis/build/icyphy/ptII/lib/javax.servlet-api-3.0.1.jar:/home/travis/build/icyphy/ptII/lib/javax.mail.jar:/home/travis/build/icyphy/ptII/vendors/JMF-2.1.1e/lib/jmf.jar:/home/travis/build/icyphy/ptII/lib/jna-4.0.0-variadic.jar:/home/travis/build/icyphy/ptII/vendors/misc/joystick/Joystick.jar:/home/travis/build/icyphy/ptII/lib/ptjacl.jar:/home/travis/build/icyphy/ptII/lib/jsoup-1.8.2.jar:/home/travis/build/icyphy/ptII/lib/junit-4.8.2.jar:/home/travis/build/icyphy/ptII/lib/JUnitParams-0.4.0.jar:/home/travis/build/icyphy/ptII/ptolemy/actor/lib/excel/jxl.jar:/home/travis/build/icyphy/ptII/lib/jython.jar:/home/travis/build/icyphy/ptII/lib/kieler.jar:/home/travis/build/icyphy/ptII/vendors/opencv/share/OpenCV/java/opencv-341.jar:/home/travis/build/icyphy/ptII/lib/oscP5.jar:/home/travis/build/icyphy/ptII/lib/nrjavaserial-3.11.0.devel.jar:/usr/share/java/j3dcore.jar:/usr/share/java/j3dutils.jar:/usr/share/java/vecmath.jar:/home/travis/build/icyphy/ptII/ptolemy/distributed/jini/jar/jini-core.jar:/home/travis/build/icyphy/ptII/ptolemy/distributed/jini/jar/jini-ext.jar:/home/travis/build/icyphy/ptII/ptolemy/distributed/jini/jar/sun-util.jar:/home/travis/build/icyphy/ptII/lib/protobuf-java-2.4.1.jar:/home/travis/build/icyphy/ptII/lib/org.eclipse.paho.client.mqttv3.jar:/home/travis/build/icyphy/ptII/ptserver/lib/hessian-4.0.7.jar:/home/travis/build/icyphy/ptII/ptserver/lib/wmqtt.jar:/home/travis/build/icyphy/ptII/lib/mapss.jar:/home/travis/build/icyphy/ptII/ptolemy/actor/ptalon/antlr/antlr.jar:/home/travis/build/icyphy/ptII/lib/JRI.jar:/home/travis/build/icyphy/ptII/lib/commons-lang-2.6.jar:/home/travis/build/icyphy/ptII/lib/commons-logging-1.1.1.jar:/home/travis/build/icyphy/ptII/lib/sootclasses.jar:/home/travis/build/icyphy/ptII/ptolemy/actor/lib/database/mysql-connector-java-5.1.6-bin.jar:/home/travis/build/icyphy/ptII/vendors/misc/sphinx4/sphinx4-data-5prealpha.jar:/home/travis/build/icyphy/ptII/vendors/misc/sphinx4/sphinx4-core-5prealpha.jar:/home/travis/build/icyphy/ptII/lib/PDFRenderer.jar:/home/travis/build/icyphy/ptII/lib/svgSalamander.jar:/home/travis/build/icyphy/ptII/lib/rsyntaxtextarea-2.6.0-SNAPSHOT.jar:/home/travis/build/icyphy/ptII/lib/hazelcast-3.8.2.jar:/home/travis/build/icyphy/ptII/lib/jackson-annotations-2.9.0.jar:/home/travis/build/icyphy/ptII/lib/jackson-core-2.9.3.jar:/home/travis/build/icyphy/ptII/lib/jackson-databind-2.9.3.jar:/home/travis/build/icyphy/ptII/lib/netty-buffer-4.1.19.Final.jar:/home/travis/build/icyphy/ptII/lib/netty-codec-4.1.19.Final.jar:/home/travis/build/icyphy/ptII/lib/netty-codec-dns-4.1.19.Final.jar:/home/travis/build/icyphy/ptII/lib/netty-codec-http-4.1.19.Final.jar:/home/travis/build/icyphy/ptII/lib/netty-codec-http2-4.1.19.Final.jar:/home/travis/build/icyphy/ptII/lib/netty-common-4.1.19.Final.jar:/home/travis/build/icyphy/ptII/lib/netty-handler-4.1.19.Final.jar:/home/travis/build/icyphy/ptII/lib/netty-resolver-4.1.19.Final.jar:/home/travis/build/icyphy/ptII/lib/netty-resolver-dns-4.1.19.Final.jar:/home/travis/build/icyphy/ptII/lib/netty-transport-4.1.19.Final.jar:/home/travis/build/icyphy/ptII/lib/vertx-codegen-3.5.1.jar:/home/travis/build/icyphy/ptII/lib/vertx-core-3.5.2-SNAPSHOT.jar:/home/travis/build/icyphy/ptII/lib/vertx-hazelcast-3.5.1.jar:/home/travis/build/icyphy/ptII/lib/vertx-lang-js-3.5.1.jar:/home/travis/build/icyphy/ptII/lib/vertx-service-proxy-3.5.1.jar:/home/travis/build/icyphy/ptII/lib/vertx-web-3.5.1.jar:/home/travis/build/icyphy/ptII/lib/slf4j-api-1.7.13.jar:/home/travis/build/icyphy/ptII/lib/slf4j-simple-1.7.13.jar:/home/travis/build/icyphy/ptII/lib/webcam-capture-0.3.12.jar:/home/travis/build/icyphy/ptII/lib/bridj-0.7.0.jar:/home/travis/build/icyphy/ptII/lib/xbjlib-1.1.0.nrjavaserial.jar" />
    <property name="test.batch" value="**/junit/*.java" />
    <property name="env._" value="/usr/bin/timeout" />
    <property name="java.io.tmpdir" value="/tmp" />
    <property name="user.language" value="en" />
    <property name="env.HISTCONTROL" value="ignoredups:ignorespace" />
    <property name="env.GOROOT" value="/home/travis/.gimme/versions/go1.7.4.linux.amd64" />
    <property name="line.separator" value="&#xa;" />
    <property name="target" value="1.8" />
    <property name="env.TRAVIS_BUILD_DIR" value="/home/travis/build/icyphy/ptII" />
    <property name="env.ANT_OPTS" value="-Xmx2048m" />
    <property name="ant.file.type" value="file" />
    <property name="ptolemy.ptII.batchMode" value="true" />
    <property name="env.HISTSIZE" value="1000" />
    <property name="env.MERB_ENV" value="test" />
    <property name="java.vm.info" value="mixed mode" />
    <property name="source" value="1.8" />
    <property name="java.vm.specification.name" value="Java Virtual Machine Specification" />
    <property name="env.TRAVIS_TEST_RESULT" value="0" />
    <property name="jsdoc.command" value="node_modules/@terraswarm/jsdoc/jsdoc.js" />
    <property name="npm.works" value="true" />
    <property name="cobertura.dir" value="/home/travis/build/icyphy/ptII/vendors/cobertura-2.0.3" />
    <property name="env.rvm_path" value="/home/travis/.rvm" />
    <property name="env.GEM_PATH" value="/home/travis/.rvm/gems/ruby-2.4.1:/home/travis/.rvm/gems/ruby-2.4.1@global" />
    <property name="env.LC_CTYPE" value="en_US.UTF-8" />
    <property name="java.awt.printerjob" value="sun.print.PSPrinterJob" />
    <property name="env.TRAVIS_STACK_NAME" value="garnet" />
    <property name="ant.version" value="Apache Ant(TM) version 1.10.1 compiled on February 2 2017" />
    <property name="ptII.reports" value="/home/travis/build/icyphy/ptII/reports" />
    <property name="env.TRAVIS_STACK_TIMESTAMP" value="2017-12-05 19:33:09 UTC" />
    <property name="ant.file.type.ptII" value="file" />
    <property name="env.RBENV_SHELL" value="bash" />
    <property name="os.name" value="Linux" />
    <property name="java.specification.vendor" value="Oracle Corporation" />
    <property name="env.rvm_version" value="1.29.3 (latest)" />
    <property name="env.TERM" value="xterm" />
    <property name="java.vm.name" value="Java HotSpot(TM) 64-Bit Server VM" />
    <property name="env.TRAVIS_BUILD_NUMBER" value="533" />
    <property name="env.CI" value="true" />
    <property name="java.library.path" value="/home/travis/pthla/certi-tools/lib:/usr/lib/jni:/usr/local/share/OpenCV/java/:/usr/share/OpenCV/java::/usr/java/packages/lib/amd64:/usr/lib64:/lib64:/lib:/usr/lib" />
    <property name="env.rvm_prefix" value="/home/travis" />
    <property name="env.PATH" value="/home/travis/pthla/certi-tools/share/scripts:/home/travis/.rvm/gems/ruby-2.4.1/bin:/home/travis/.rvm/gems/ruby-2.4.1@global/bin:/home/travis/.rvm/rubies/ruby-2.4.1/bin:/home/travis/.rvm/bin:/home/travis/.nvm/versions/node/v7.10.1/bin:./node_modules/.bin:/home/travis/build/icyphy/ptII/bin:/home/travis/pthla/certi-tools/bin:/home/travis/bin:/home/travis/.local/bin:/opt/pyenv/shims:/home/travis/.phpenv/shims:/home/travis/perl5/perlbrew/bin:/home/travis/.kiex/elixirs/elixir-1.4.5/bin:/home/travis/.kiex/bin:/home/travis/gopath/bin:/home/travis/.gimme/versions/go1.7.4.linux.amd64/bin:/usr/local/phantomjs/bin:/usr/local/phantomjs:/usr/local/neo4j-3.2.7/bin:/usr/local/maven-3.5.2/bin:/usr/local/cmake-3.9.2/bin:/usr/local/clang-5.0.0/bin:/usr/local/sbin:/usr/local/bin:/usr/sbin:/usr/bin:/sbin:/bin:/home/travis/.phpenv/bin:/opt/pyenv/bin:/home/travis/.yarn/bin" />
    <property name="env.TRAVIS_OS_NAME" value="linux" />
    <property name="ant.java.version" value="1.8" />
    <property name="basedir" value="/home/travis/build/icyphy/ptII" />
    <property name="java.class.version" value="52.0" />
    <property name="env.SHLVL" value="3" />
    <property name="env.LD_LIBRARY_PATH" value="/home/travis/pthla/certi-tools/lib:/usr/lib/jni:/usr/local/share/OpenCV/java/:/usr/share/OpenCV/java:" />
    <property name="env.RACK_ENV" value="test" />
    <property name="ant.home" value="/home/travis/build/icyphy/ptII/ant" />
    <property name="env.NVM_DIR" value="/home/travis/.nvm" />
    <property name="env.PERLBREW_BASHRC_VERSION" value="0.80" />
    <property name="env.CERTI_FOM_PATH" value="/home/travis/pthla/certi-tools/share/federations" />
    <property name="env.TRAVIS_BUILD_ID" value="389360304" />
    <property name="env.PYENV_ROOT" value="/opt/pyenv" />
    <property name="env.TRAVIS_UID" value="2000" />
    <property name="env.rvm_pretty_print_flag" value="auto" />
    <property name="env.NVM_BIN" value="/home/travis/.nvm/versions/node/v7.10.1/bin" />
    <property name="env.TRAVIS_COMMIT" value="6e57172d7c3e4d8e901719c448b608ed8442916c" />
    <property name="env._system_arch" value="x86_64" />
    <property name="node.executable" value="node" />
    <property name="sun.boot.library.path" value="/usr/lib/jvm/java-8-oracle/jre/lib/amd64" />
    <property name="sun.management.compiler" value="HotSpot 64-Bit Tiered Compilers" />
    <property name="env.GOPATH" value="/home/travis/gopath" />
    <property name="java.awt.graphicsenv" value="sun.awt.X11GraphicsEnvironment" />
    <property name="ptolemy.ptII.dir" value="/home/travis/build/icyphy/ptII" />
    <property name="env.USER" value="travis" />
    <property name="env.HISTFILESIZE" value="2000" />
    <property name="timeout.longest" value="19000000" />
    <property name="env.TRAVIS_STACK_FEATURES" value="basic cassandra chromium couchdb disabled-ipv6 docker docker-compose elasticsearch firefox go-toolchain google-chrome jdk memcached mongodb mysql neo4j nodejs_interpreter perl_interpreter perlbrew phantomjs postgresql python_interpreter rabbitmq redis riak ruby_interpreter sqlite xserver" />
    <property name="env.TRAVIS_PULL_REQUEST" value="false" />
    <property name="env.PYENV_SHELL" value="bash" />
    <property name="ant.project.name" value="ptII" />
    <property name="java.vm.specification.version" value="1.8" />
    <property name="env.CERTI_VERSION" value="4.0.0" />
    <property name="env.NLSPATH" value="/usr/dt/lib/nls/msg/%L/%N.cat" />
    <property name="awt.toolkit" value="sun.awt.X11.XToolkit" />
    <property name="env.CERTI_HOST" value="localhost" />
    <property name="env.MY_RUBY_HOME" value="/home/travis/.rvm/rubies/ruby-2.4.1" />
    <property name="sun.cpu.isalist" value="" />
    <property name="java.ext.dirs" value="/usr/lib/jvm/java-8-oracle/jre/lib/ext:/usr/java/packages/lib/ext" />
    <property name="os.version" value="4.4.0-101-generic" />
    <property name="user.home" value="/home/travis" />
    <property name="env.MIX_ARCHIVES" value="/home/travis/.kiex/mix/elixir-1.4.5" />
    <property name="java.vm.vendor" value="Oracle Corporation" />
    <property name="env.TRAVIS_TAG" value="nightly" />
    <property name="env.TRAVIS_FILTERED" value="redirect_io" />
    <property name="javadoc.excludepackagenames" value="adm.cvs2svn.*,build.*,config.*,doc.coding.templates.*,jni.test.jni.meaningOfLife.*,jni.test.jni.testDeux.*,jni.test.jni.testTrois.*,org.terraswarm.accessor.accessors.web.node_modules.*,org.terraswarm.accessor.accessors.web.hosts.cordova.demo.*,org.terraswarm.accessor.accessors.web.hosts.cordova.plugins.*,org.terraswarm.accessor.accessors-svn.*,pt-modules.*,ptolemy.apps.agilent.*,ptolemy.apps.anytimecontrol.*,ptolemy.apps.apes.*,ptolemy.apps.charon.*,ptolemy.apps.crazyboard.*,ptolemy.apps.eclipse.*,ptolemy.apps.etherealSting.*,ptolemy.apps.fullscreen.*,ptolemy.apps.giotto.*,ptolemy.apps.ia.*,ptolemy.apps.interfaces.*,ptolemy.apps.jmf.*,ptolemy.apps.kurt.*,ptolemy.apps.kvm.*,ptolemy.apps.lego.*,ptolemy.apps.lejos.*,ptolemy.apps.midp.*,ptolemy.apps.mobileCoding.*,ptolemy.apps.pendulum.*,ptolemy.apps.rijndael.*,ptolemy.apps.robot.*,ptolemy.apps.security.*,ptolemy.apps.sobel.*,ptolemy.apps.soot.*,ptolemy.apps.throttle.*,ptolemy.apps.tini.*,ptolemy.apps.transmission.*,ptolemy.apps.vergil.*,ptolemy.apps.waba.*,ptolemy.apps.websensor.*,ptolemy.apps.webstart.*,ptolemy.apps.xsl.*,ptolemy.apps.zaurus.*,ptolemy.backtrack.eclipse.plugin.*,ptolemy.backtrack.test.*,ptolemy.codegen.c.actor.lib.oldJavaFiles.*,ptolemy.codegen.dsp.lib.*,ptolemy.codegen.kernel.newInterfaces.*,ptolemy.codegen.lib.*,ptolemy.copernicus.kernel.fragment.*,ptolemy.copernicus.shallow.cg.*,ptolemy.domains.giotto.demo.Hierarchy.Hierarchy.*,ptolemy.domains.giotto.demo.Multimode.Multimode.*,ptolemy.domains.giotto.demo.Simple.Simple.*,ptolemy.domains.gr.lib.experimental.*,ptolemy.domains.gro.*,ptolemy.domains.pdf.*,ptolemy.domains.ptinyos.demo.Surge.output.*,ptolemy.moml.test.NoPackageActor.java*,ptolemy.plot.adm.*,ptolemy.plot.servlet.*,reports.*,signed.*,src.*,target.*,vendors.*,ptolemy.cg.adapter.generic.program.procedural.c.mbed*,ptolemy.actor.lib.fmi.fmus.omc*,ptolemy.domains.openmodelica*,ptdb.kernel.bl.save.test.*,ptdb.kernel.bl.load.test.*,ptdb.kernel.bl.search.test.*,ptdb.kernel.bl.migration.test.*,ptdb.kernel.database.test.*,ptdb.test.*,ptdb.gui.test.*,org.ptolemy.scala.*,diva.util.java2d.svg.*,ptolemy.domains.ptinyos.*,ptolemy.actor.lib.fmi.fmipp.*,,org.terraswarm.accessor.accessors.web.node_modules.*,org.terraswarm.accessor.accessors-svn,ptolemy.actor.ptalon.demo.ptinyos.SendAndReceiveCnt.output,ptolemy.actor.ptalon.demo.ptinyos.SenseToLeds.output,ptolemy.domains.ptinyos.demo.CntToLedsAndRfm.output,ptolemy.domains.ptinyos.demo.RfmToLeds.output,ptolemy.domains.ptinyos.demo.SendAndReceiveCnt.output,ptolemy.domains.ptinyos.demo.SenseToLeds.output,ptolemy.actor.lib.jjs.modules.udpSocket.*" />
    <property name="env.JAVA_HOME" value="/usr/lib/jvm/java-8-oracle" />
    <property name="env.PTII" value="/home/travis/build/icyphy/ptII" />
    <property name="env.TRAVIS_COMMIT_MESSAGE" value="11.0.devel to 11.0.beta." />
    <property name="keystore" value="ptKeystore" />
    <property name="env.XDG_SESSION_ID" value="2" />
    <property name="junit.output.dir" value="/home/travis/build/icyphy/ptII/reports/junit" />
    <property name="npm.return.code" value="0" />
    <property name="user.dir" value="/home/travis/build/icyphy/ptII/ptolemy/domains/de/test" />
    <property name="env.TRAVIS_NODE_VERSION" value="7" />
    <property name="env.XFILESEARCHPATH" value="/usr/dt/app-defaults/%L/Dt" />
    <property name="env.TRAVIS_EVENT_TYPE" value="push" />
    <property name="env.MAIL" value="/var/mail/travis" />
    <property name="env.PWD" value="/home/travis/build/icyphy/ptII" />
    <property name="env.PERLBREW_ROOT" value="/home/travis/perl5/perlbrew" />
    <property name="timeout.npm" value="45000" />
    <property name="env.PT_TRAVIS_TEST_CORE2_XML" value="true" />
    <property name="env.PAGER" value="cat" />
    <property name="sun.cpu.endian" value="little" />
    <property name="env.TRAVIS_BUILD_STAGE_NAME" value="Test" />
    <property name="env.PERLBREW_HOME" value="/home/travis/.perlbrew" />
    <property name="env.RAILS_ENV" value="test" />
    <property name="java.vm.version" value="25.151-b12" />
    <property name="java.class.path" value="/home/travis/build/icyphy/ptII:/home/travis/build/icyphy/ptII/lib/bsh-2.0b4.jar:/home/travis/build/icyphy/ptII/lib/ptCal.jar:/home/travis/build/icyphy/ptII/lib/java_cup.jar:/home/travis/build/icyphy/ptII/lib/saxon8.jar:/home/travis/build/icyphy/ptII/lib/saxon8-dom.jar:/home/travis/build/icyphy/ptII/lib/chic.jar:/home/travis/build/icyphy/ptII/lib/ptcolt.jar:/usr/lib/jvm/java-8-oracle/lib/tools.jar:/usr/lib/eclipse/plugins/org.eclipse.jdt.core_3.8.2.dist.jar:/usr/lib/eclipse/plugins/org.eclipse.core.runtime_3.8.0.dist.jar:/usr/lib/eclipse/plugins/org.eclipse.osgi_3.8.1.dist.jar:/usr/lib/eclipse/plugins/org.eclipse.core.resources_3.8.1.dist.jar:/usr/lib/eclipse/plugins/org.eclipse.equinox.common_3.6.100.dist.jar:/usr/lib/eclipse/plugins/org.eclipse.core.jobs_3.5.200.dist.jar:/usr/lib/eclipse/plugins/org.eclipse.core.contenttype_3.4.200.dist.jar:/usr/lib/eclipse/plugins/org.eclipse.equinox.preferences_3.5.0.dist.jar:/usr/lib/eclipse/plugins/org.eclipse.text_3.5.200.dist.jar:/usr/lib/eclipse/plugins/org.eclipse.ui.workbench_3.8.1.dist.jar:/usr/lib/eclipse/plugins/org.eclipse.jface_3.8.0.dist.jar:/usr/lib/eclipse/plugins/org.eclipse.swt_3.8.2.jar:/usr/lib/eclipse/plugins/org.eclipse.jface.text_3.8.1.dist.jar:/usr/lib/eclipse/plugins/org.eclipse.ui.workbench.texteditor_3.8.0.dist.jar:/usr/lib/eclipse/plugins/org.eclipse.ui.editors_3.8.0.dist.jar:/usr/lib/eclipse/plugins/org.eclipse.core.commands_3.6.1.dist.jar:/usr/lib/eclipse/plugins/org.eclipse.equinox.registry_3.5.200.dist.jar:/usr/lib/eclipse/plugins/org.eclipse.ui.console_3.5.100.dist.jar:/usr/lib/eclipse/plugins/org.eclipse.ui.forms_3.5.200.dist.jar:/usr/lib/eclipse/plugins/org.eclipse.ui.ide_3.8.1.dist.jar:/home/travis/build/icyphy/ptII/vendors/oracle/dbxml.jar:/home/travis/build/icyphy/ptII/vendors/oracle/db.jar:/home/travis/build/icyphy/ptII/vendors/misc/itext/iText.jar:/home/travis/build/icyphy/ptII/lib/g4ltl.jar:/home/travis/build/icyphy/ptII/lib/StructuralCoder.jar:/home/travis/build/icyphy/ptII/lib/org-openide-util.jar:/home/travis/build/icyphy/ptII/lib/org-openide-util-lookup.jar:/home/travis/build/icyphy/ptII/lib/org-netbeans-api-visual.jar:/home/travis/build/icyphy/ptII/vendors/jai-1_1_2_01/lib/jai_core.jar:/home/travis/build/icyphy/ptII/vendors/jai-1_1_2_01/lib/jai_codec.jar:/home/travis/build/icyphy/ptII/lib/jcerti.jar:/home/travis/build/icyphy/ptII/lib/smack.jar:/home/travis/build/icyphy/ptII/lib/smackx.jar:/home/travis/build/icyphy/ptII/lib/jetty-all-8.1.5-v20120716.jar:/home/travis/build/icyphy/ptII/lib/javax.servlet-api-3.0.1.jar:/home/travis/build/icyphy/ptII/lib/javax.mail.jar:/home/travis/build/icyphy/ptII/vendors/JMF-2.1.1e/lib/jmf.jar:/home/travis/build/icyphy/ptII/lib/jna-4.0.0-variadic.jar:/home/travis/build/icyphy/ptII/vendors/misc/joystick/Joystick.jar:/home/travis/build/icyphy/ptII/lib/ptjacl.jar:/home/travis/build/icyphy/ptII/lib/jsoup-1.8.2.jar:/home/travis/build/icyphy/ptII/lib/junit-4.8.2.jar:/home/travis/build/icyphy/ptII/lib/JUnitParams-0.4.0.jar:/home/travis/build/icyphy/ptII/ptolemy/actor/lib/excel/jxl.jar:/home/travis/build/icyphy/ptII/lib/jython.jar:/home/travis/build/icyphy/ptII/lib/kieler.jar:/home/travis/build/icyphy/ptII/vendors/opencv/share/OpenCV/java/opencv-341.jar:/home/travis/build/icyphy/ptII/lib/oscP5.jar:/home/travis/build/icyphy/ptII/lib/nrjavaserial-3.11.0.devel.jar:/usr/share/java/j3dcore.jar:/usr/share/java/j3dutils.jar:/usr/share/java/vecmath.jar:/home/travis/build/icyphy/ptII/ptolemy/distributed/jini/jar/jini-core.jar:/home/travis/build/icyphy/ptII/ptolemy/distributed/jini/jar/jini-ext.jar:/home/travis/build/icyphy/ptII/ptolemy/distributed/jini/jar/sun-util.jar:/home/travis/build/icyphy/ptII/lib/protobuf-java-2.4.1.jar:/home/travis/build/icyphy/ptII/lib/org.eclipse.paho.client.mqttv3.jar:/home/travis/build/icyphy/ptII/ptserver/lib/hessian-4.0.7.jar:/home/travis/build/icyphy/ptII/ptserver/lib/wmqtt.jar:/home/travis/build/icyphy/ptII/lib/mapss.jar:/home/travis/build/icyphy/ptII/ptolemy/actor/ptalon/antlr/antlr.jar:/home/travis/build/icyphy/ptII/lib/JRI.jar:/home/travis/build/icyphy/ptII/lib/commons-lang-2.6.jar:/home/travis/build/icyphy/ptII/lib/commons-logging-1.1.1.jar:/home/travis/build/icyphy/ptII/lib/sootclasses.jar:/home/travis/build/icyphy/ptII/ptolemy/actor/lib/database/mysql-connector-java-5.1.6-bin.jar:/home/travis/build/icyphy/ptII/vendors/misc/sphinx4/sphinx4-data-5prealpha.jar:/home/travis/build/icyphy/ptII/vendors/misc/sphinx4/sphinx4-core-5prealpha.jar:/home/travis/build/icyphy/ptII/lib/PDFRenderer.jar:/home/travis/build/icyphy/ptII/lib/svgSalamander.jar:/home/travis/build/icyphy/ptII/lib/rsyntaxtextarea-2.6.0-SNAPSHOT.jar:/home/travis/build/icyphy/ptII/lib/hazelcast-3.8.2.jar:/home/travis/build/icyphy/ptII/lib/jackson-annotations-2.9.0.jar:/home/travis/build/icyphy/ptII/lib/jackson-core-2.9.3.jar:/home/travis/build/icyphy/ptII/lib/jackson-databind-2.9.3.jar:/home/travis/build/icyphy/ptII/lib/netty-buffer-4.1.19.Final.jar:/home/travis/build/icyphy/ptII/lib/netty-codec-4.1.19.Final.jar:/home/travis/build/icyphy/ptII/lib/netty-codec-dns-4.1.19.Final.jar:/home/travis/build/icyphy/ptII/lib/netty-codec-http-4.1.19.Final.jar:/home/travis/build/icyphy/ptII/lib/netty-codec-http2-4.1.19.Final.jar:/home/travis/build/icyphy/ptII/lib/netty-common-4.1.19.Final.jar:/home/travis/build/icyphy/ptII/lib/netty-handler-4.1.19.Final.jar:/home/travis/build/icyphy/ptII/lib/netty-resolver-4.1.19.Final.jar:/home/travis/build/icyphy/ptII/lib/netty-resolver-dns-4.1.19.Final.jar:/home/travis/build/icyphy/ptII/lib/netty-transport-4.1.19.Final.jar:/home/travis/build/icyphy/ptII/lib/vertx-codegen-3.5.1.jar:/home/travis/build/icyphy/ptII/lib/vertx-core-3.5.2-SNAPSHOT.jar:/home/travis/build/icyphy/ptII/lib/vertx-hazelcast-3.5.1.jar:/home/travis/build/icyphy/ptII/lib/vertx-lang-js-3.5.1.jar:/home/travis/build/icyphy/ptII/lib/vertx-service-proxy-3.5.1.jar:/home/travis/build/icyphy/ptII/lib/vertx-web-3.5.1.jar:/home/travis/build/icyphy/ptII/lib/slf4j-api-1.7.13.jar:/home/travis/build/icyphy/ptII/lib/slf4j-simple-1.7.13.jar:/home/travis/build/icyphy/ptII/lib/webcam-capture-0.3.12.jar:/home/travis/build/icyphy/ptII/lib/bridj-0.7.0.jar:/home/travis/build/icyphy/ptII/lib/xbjlib-1.1.0.nrjavaserial.jar:/home/travis/build/icyphy/ptII/ptolemy/moml/test:/home/travis/build/icyphy/ptII/ant/lib/ant-launcher.jar:/home/travis/build/icyphy/ptII/ant/lib/ant.jar:/home/travis/build/icyphy/ptII/ant/lib/ant-junit.jar:/home/travis/build/icyphy/ptII/ant/lib/ant-junit4.jar" />
    <property name="ant.library.dir" value="/home/travis/build/icyphy/ptII/ant/lib" />
    <property name="os.arch" value="amd64" />
    <property name="env.TRAVIS_LANGUAGE" value="node_js" />
    <property name="env.CONTINUOUS_INTEGRATION" value="true" />
    <property name="env.TRAVIS_STACK_LANGUAGES" value="__garnet__ c c++ clojure cplusplus cpp default go groovy java node_js php pure_java python ruby scala" />
    <property name="test.name" value="ptolemy.actor.lib.test.junit.JUnitTclTest" />
    <property name="sun.java.launcher" value="SUN_STANDARD" />
    <property name="env.PYTHON_CONFIGURE_OPTS" value="--enable-unicode=ucs4 --with-wide-unicode --enable-shared --enable-ipv6 --enable-loadable-sqlite-extensions --with-computed-gotos" />
    <property name="ant.core.lib" value="/home/travis/build/icyphy/ptII/ant/lib/ant.jar" />
    <property name="java.vm.specification.vendor" value="Oracle Corporation" />
    <property name="env.BCVTB_HOME" value="/home/travis/build/icyphy/ptII/lbnl" />
    <property name="file.separator" value="/" />
    <property name="java.runtime.version" value="1.8.0_151-b12" />
    <property name="spotbugs.home" value="/home/travis/build/icyphy/ptII/vendors/spotbugs-3.1.1" />
    <property name="sun.boot.class.path" value="/usr/lib/jvm/java-8-oracle/jre/lib/resources.jar:/usr/lib/jvm/java-8-oracle/jre/lib/rt.jar:/usr/lib/jvm/java-8-oracle/jre/lib/sunrsasign.jar:/usr/lib/jvm/java-8-oracle/jre/lib/jsse.jar:/usr/lib/jvm/java-8-oracle/jre/lib/jce.jar:/usr/lib/jvm/java-8-oracle/jre/lib/charsets.jar:/usr/lib/jvm/java-8-oracle/jre/lib/jfr.jar:/usr/lib/jvm/java-8-oracle/jre/classes" />
    <property name="env.HAS_JOSH_K_SEAL_OF_APPROVAL" value="true" />
    <property name="env.TRAVIS_OSX_IMAGE" value="" />
    <property name="env.XDG_RUNTIME_DIR" value="/run/user/2000" />
    <property name="env.TRAVIS_BRANCH" value="master" />
    <property name="env.TRAVIS_JOB_ID" value="389360312" />
    <property name="env.CERTI_HOME_TRAVIS" value="/home/travis/pthla/certi-tools" />
    <property name="user.country" value="US" />
    <property name="env.SHELL" value="/bin/bash" />
    <property name="java.maxmemory.large" value="5000m" />
    <property name="model" value="" />
    <property name="env.CASHER_DIR" value="/home/travis/.casher" />
    <property name="env.NVM_CD_FLAGS" value="" />
    <property name="jshint.executable" value="/home/travis/node_modules/jshint/bin/jshint" />
    <property name="java.vendor" value="Oracle Corporation" />
    <property name="env.JRUBY_OPTS" value=" --client -J-XX:+TieredCompilation -J-XX:TieredStopAtLevel=1 -J-Xss2m -Xcompile.invokedynamic=false" />
    <property name="env.TRAVIS_PRE_CHEF_BOOTSTRAP_TIME" value="2017-12-05T19:32:55" />
    <property name="env.TRAVIS_STACK_JOB_BOARD_REGISTER" value="/.job-board-register.yml" />
    <property name="env.ELIXIR_VERSION" value="1.4.5" />
    <property name="java.specification.version" value="1.8" />
    <property name="env.IRBRC" value="/home/travis/.rvm/rubies/ruby-2.4.1/.irbrc" />
    <property name="env.TRAVIS" value="true" />
    <property name="sun.arch.data.model" value="64" />
  </properties>
  <testcase classname="ptolemy.util.test.junit.TclTests" name="[0] /home/travis/build/icyphy/ptII/ptolemy/domains/de/test/DependencyLoop.tcl (RunTclFile)" time="0.761" />
  <testcase classname="ptolemy.util.test.junit.TclTests" name="[1] /home/travis/build/icyphy/ptII/ptolemy/domains/de/test/RunDETestsAsQSS.tcl (RunTclFile)" time="87.156" />
  <testcase classname="ptolemy.util.test.junit.AutoKnownFailedTests" name="[0] /home/travis/build/icyphy/ptII/ptolemy/domains/de/test/auto/knownFailedTests/DESDFClockTest.xml (RunModel)" time="2.024" />
  <testcase classname="ptolemy.util.test.junit.AutoKnownFailedTests" name="[1] /home/travis/build/icyphy/ptII/ptolemy/domains/de/test/auto/knownFailedTests/DirectFeedback.xml (RunModel)" time="0.012" />
  <testcase classname="ptolemy.util.test.junit.AutoKnownFailedTests" name="[2] /home/travis/build/icyphy/ptII/ptolemy/domains/de/test/auto/knownFailedTests/FSMSource.xml (RunModel)" time="0.016" />
  <testcase classname="ptolemy.util.test.junit.AutoKnownFailedTests" name="[3] /home/travis/build/icyphy/ptII/ptolemy/domains/de/test/auto/knownFailedTests/HierarchicalModel.xml (RunModel)" time="0.026" />
  <testcase classname="ptolemy.util.test.junit.AutoKnownFailedTests" name="[4] /home/travis/build/icyphy/ptII/ptolemy/domains/de/test/auto/knownFailedTests/dependencyLoop.xml (RunModel)" time="0.022" />
  <testcase classname="ptolemy.util.test.junit.AutoKnownFailedTests" name="[5] /home/travis/build/icyphy/ptII/ptolemy/domains/de/test/auto/knownFailedTests/dependencyLoop2.xml (RunModel)" time="0.023" />
  <testcase classname="ptolemy.util.test.junit.AutoNameArchTests" name="[0] ThereAreNoAutoArchTests (RunModel)" time="0.0" />
  <testcase classname="ptolemy.util.test.junit.AutoTests" name="[0] /home/travis/build/icyphy/ptII/ptolemy/domains/de/test/auto/ActorDepthCalculation_actorWithoutPorts.xml (RunModel)" time="0.008" />
  <testcase classname="ptolemy.util.test.junit.AutoTests" name="[1] /home/travis/build/icyphy/ptII/ptolemy/domains/de/test/auto/AssemblyLine.xml (RunModel)" time="0.011" />
  <testcase classname="ptolemy.util.test.junit.AutoTests" name="[2] /home/travis/build/icyphy/ptII/ptolemy/domains/de/test/auto/CQBug1.xml (RunModel)" time="0.005" />
  <testcase classname="ptolemy.util.test.junit.AutoTests" name="[3] /home/travis/build/icyphy/ptII/ptolemy/domains/de/test/auto/CancelFireAt.xml (RunModel)" time="0.008" />
  <testcase classname="ptolemy.util.test.junit.AutoTests" name="[4] /home/travis/build/icyphy/ptII/ptolemy/domains/de/test/auto/CausalityAndComposabilityAnalysis.xml (RunModel)" time="0.009" />
  <testcase classname="ptolemy.util.test.junit.AutoTests" name="[5] /home/travis/build/icyphy/ptII/ptolemy/domains/de/test/auto/CausalityInterface1.xml (RunModel)" time="0.008" />
  <testcase classname="ptolemy.util.test.junit.AutoTests" name="[6] /home/travis/build/icyphy/ptII/ptolemy/domains/de/test/auto/CausalityInterface15.xml (RunModel)" time="0.009" />
  <testcase classname="ptolemy.util.test.junit.AutoTests" name="[7] /home/travis/build/icyphy/ptII/ptolemy/domains/de/test/auto/CausalityInterface2.xml (RunModel)" time="0.006" />
  <testcase classname="ptolemy.util.test.junit.AutoTests" name="[8] /home/travis/build/icyphy/ptII/ptolemy/domains/de/test/auto/CausalityInterface3.xml (RunModel)" time="0.008" />
  <testcase classname="ptolemy.util.test.junit.AutoTests" name="[9] /home/travis/build/icyphy/ptII/ptolemy/domains/de/test/auto/ClockDrift.xml (RunModel)" time="0.023" />
  <testcase classname="ptolemy.util.test.junit.AutoTests" name="[10] /home/travis/build/icyphy/ptII/ptolemy/domains/de/test/auto/ClockDriftAndValueChange.xml (RunModel)" time="0.022" />
  <testcase classname="ptolemy.util.test.junit.AutoTests" name="[11] /home/travis/build/icyphy/ptII/ptolemy/domains/de/test/auto/ClockDriftChange.xml (RunModel)" time="0.018" />
  <testcase classname="ptolemy.util.test.junit.AutoTests" name="[12] /home/travis/build/icyphy/ptII/ptolemy/domains/de/test/auto/ComposableCausalityAnalysis.xml (RunModel)" time="0.015" />
  <testcase classname="ptolemy.util.test.junit.AutoTests" name="[13] /home/travis/build/icyphy/ptII/ptolemy/domains/de/test/auto/DEFixedPointLimitation.xml (RunModel)" time="0.007" />
  <testcase classname="ptolemy.util.test.junit.AutoTests" name="[14] /home/travis/build/icyphy/ptII/ptolemy/domains/de/test/auto/DEScheduleTest.xml (RunModel)" time="0.028" />
  <testcase classname="ptolemy.util.test.junit.AutoTests" name="[15] /home/travis/build/icyphy/ptII/ptolemy/domains/de/test/auto/DEinDEwithStartTimes.xml (RunModel)" time="0.014" />
  <testcase classname="ptolemy.util.test.junit.AutoTests" name="[16] /home/travis/build/icyphy/ptII/ptolemy/domains/de/test/auto/DEinDEwithStartTimes2.xml (RunModel)" time="0.012" />
  <testcase classname="ptolemy.util.test.junit.AutoTests" name="[17] /home/travis/build/icyphy/ptII/ptolemy/domains/de/test/auto/DateDemo.xml (RunModel)" time="0.027" />
  <testcase classname="ptolemy.util.test.junit.AutoTests" name="[18] /home/travis/build/icyphy/ptII/ptolemy/domains/de/test/auto/DateToEvent.xml (RunModel)" time="2.028" />
  <testcase classname="ptolemy.util.test.junit.AutoTests" name="[19] /home/travis/build/icyphy/ptII/ptolemy/domains/de/test/auto/DepthTest1.xml (RunModel)" time="0.011" />
  <testcase classname="ptolemy.util.test.junit.AutoTests" name="[20] /home/travis/build/icyphy/ptII/ptolemy/domains/de/test/auto/DepthTest2.xml (RunModel)" time="0.016" />
  <testcase classname="ptolemy.util.test.junit.AutoTests" name="[21] /home/travis/build/icyphy/ptII/ptolemy/domains/de/test/auto/DepthTest3.xml (RunModel)" time="0.005" />
  <testcase classname="ptolemy.util.test.junit.AutoTests" name="[22] /home/travis/build/icyphy/ptII/ptolemy/domains/de/test/auto/DepthTest4.xml (RunModel)" time="0.014" />
  <testcase classname="ptolemy.util.test.junit.AutoTests" name="[23] /home/travis/build/icyphy/ptII/ptolemy/domains/de/test/auto/DepthTest5.xml (RunModel)" time="0.011" />
  <testcase classname="ptolemy.util.test.junit.AutoTests" name="[24] /home/travis/build/icyphy/ptII/ptolemy/domains/de/test/auto/DepthTest6.xml (RunModel)" time="0.009" />
  <testcase classname="ptolemy.util.test.junit.AutoTests" name="[25] /home/travis/build/icyphy/ptII/ptolemy/domains/de/test/auto/DepthTest7.xml (RunModel)" time="0.011" />
  <testcase classname="ptolemy.util.test.junit.AutoTests" name="[26] /home/travis/build/icyphy/ptII/ptolemy/domains/de/test/auto/EventToDate.xml (RunModel)" time="3.023" />
  <testcase classname="ptolemy.util.test.junit.AutoTests" name="[27] /home/travis/build/icyphy/ptII/ptolemy/domains/de/test/auto/FSM1.xml (RunModel)" time="0.038" />
  <testcase classname="ptolemy.util.test.junit.AutoTests" name="[28] /home/travis/build/icyphy/ptII/ptolemy/domains/de/test/auto/FSM7.xml (RunModel)" time="0.062" />
  <testcase classname="ptolemy.util.test.junit.AutoTests" name="[29] /home/travis/build/icyphy/ptII/ptolemy/domains/de/test/auto/Inspection.xml (RunModel)" time="0.045" />
  <testcase classname="ptolemy.util.test.junit.AutoTests" name="[30] /home/travis/build/icyphy/ptII/ptolemy/domains/de/test/auto/Iteration.xml (RunModel)" time="0.024" />
  <testcase classname="ptolemy.util.test.junit.AutoTests" name="[31] /home/travis/build/icyphy/ptII/ptolemy/domains/de/test/auto/LineFault.xml (RunModel)" time="0.511" />
  <testcase classname="ptolemy.util.test.junit.AutoTests" name="[32] /home/travis/build/icyphy/ptII/ptolemy/domains/de/test/auto/MergeModel1Add.xml (RunModel)" time="0.034" />
  <testcase classname="ptolemy.util.test.junit.AutoTests" name="[33] /home/travis/build/icyphy/ptII/ptolemy/domains/de/test/auto/MergeModel2Add.xml (RunModel)" time="0.027" />
  <testcase classname="ptolemy.util.test.junit.AutoTests" name="[34] /home/travis/build/icyphy/ptII/ptolemy/domains/de/test/auto/MergeModel3Add.xml (RunModel)" time="0.029" />
  <testcase classname="ptolemy.util.test.junit.AutoTests" name="[35] /home/travis/build/icyphy/ptII/ptolemy/domains/de/test/auto/MergeWithoutDiscard.xml (RunModel)" time="0.008" />
  <testcase classname="ptolemy.util.test.junit.AutoTests" name="[36] /home/travis/build/icyphy/ptII/ptolemy/domains/de/test/auto/Modal1.xml (RunModel)" time="0.024" />
  <testcase classname="ptolemy.util.test.junit.AutoTests" name="[37] /home/travis/build/icyphy/ptII/ptolemy/domains/de/test/auto/Modal2.xml (RunModel)" time="0.022" />
  <testcase classname="ptolemy.util.test.junit.AutoTests" name="[38] /home/travis/build/icyphy/ptII/ptolemy/domains/de/test/auto/Modal3.xml (RunModel)" time="0.028" />
  <testcase classname="ptolemy.util.test.junit.AutoTests" name="[39] /home/travis/build/icyphy/ptII/ptolemy/domains/de/test/auto/Modal4.xml (RunModel)" time="0.027" />
  <testcase classname="ptolemy.util.test.junit.AutoTests" name="[40] /home/travis/build/icyphy/ptII/ptolemy/domains/de/test/auto/Modal5.xml (RunModel)" time="0.02" />
  <testcase classname="ptolemy.util.test.junit.AutoTests" name="[41] /home/travis/build/icyphy/ptII/ptolemy/domains/de/test/auto/Modal6.xml (RunModel)" time="0.021" />
  <testcase classname="ptolemy.util.test.junit.AutoTests" name="[42] /home/travis/build/icyphy/ptII/ptolemy/domains/de/test/auto/Modal7.xml (RunModel)" time="0.021" />
  <testcase classname="ptolemy.util.test.junit.AutoTests" name="[43] /home/travis/build/icyphy/ptII/ptolemy/domains/de/test/auto/ModalModel.xml (RunModel)" time="0.131" />
  <testcase classname="ptolemy.util.test.junit.AutoTests" name="[44] /home/travis/build/icyphy/ptII/ptolemy/domains/de/test/auto/ModalSource.xml (RunModel)" time="0.015" />
  <testcase classname="ptolemy.util.test.junit.AutoTests" name="[45] /home/travis/build/icyphy/ptII/ptolemy/domains/de/test/auto/NonInterruptibleTimerZeroDelay.xml (RunModel)" time="0.011" />
  <testcase classname="ptolemy.util.test.junit.AutoTests" name="[46] /home/travis/build/icyphy/ptII/ptolemy/domains/de/test/auto/OpenQueueingNetwork.xml (RunModel)" time="2.32" />
  <testcase classname="ptolemy.util.test.junit.AutoTests" name="[47] /home/travis/build/icyphy/ptII/ptolemy/domains/de/test/auto/OpenQueuingNetwork.xml (RunModel)" time="0.323" />
  <testcase classname="ptolemy.util.test.junit.AutoTests" name="[48] /home/travis/build/icyphy/ptII/ptolemy/domains/de/test/auto/PeriodicSampler.xml (RunModel)" time="0.009" />
  <testcase classname="ptolemy.util.test.junit.AutoTests" name="[49] /home/travis/build/icyphy/ptII/ptolemy/domains/de/test/auto/PersistentIO.xml (RunModel)" time="0.022" />
  <testcase classname="ptolemy.util.test.junit.AutoTests" name="[50] /home/travis/build/icyphy/ptII/ptolemy/domains/de/test/auto/PortParameterResetOnInitialize.xml (RunModel)" time="0.015" />
  <testcase classname="ptolemy.util.test.junit.AutoTests" name="[51] /home/travis/build/icyphy/ptII/ptolemy/domains/de/test/auto/PortParameterUpdates.xml (RunModel)" time="0.018" />
  <testcase classname="ptolemy.util.test.junit.AutoTests" name="[52] /home/travis/build/icyphy/ptII/ptolemy/domains/de/test/auto/QueueAndServer.xml (RunModel)" time="0.018" />
  <testcase classname="ptolemy.util.test.junit.AutoTests" name="[53] /home/travis/build/icyphy/ptII/ptolemy/domains/de/test/auto/Records.xml (RunModel)" time="0.013" />
  <testcase classname="ptolemy.util.test.junit.AutoTests" name="[54] /home/travis/build/icyphy/ptII/ptolemy/domains/de/test/auto/ResetTransitionWithStartTime1.xml (RunModel)" time="0.017" />
  <testcase classname="ptolemy.util.test.junit.AutoTests" name="[55] /home/travis/build/icyphy/ptII/ptolemy/domains/de/test/auto/ResetTransitionWithStartTime2.xml (RunModel)" time="0.02" />
  <testcase classname="ptolemy.util.test.junit.AutoTests" name="[56] /home/travis/build/icyphy/ptII/ptolemy/domains/de/test/auto/ResetTransitionWithStartTime3.xml (RunModel)" time="0.018" />
  <testcase classname="ptolemy.util.test.junit.AutoTests" name="[57] /home/travis/build/icyphy/ptII/ptolemy/domains/de/test/auto/ResetTransitionWithStartTime4.xml (RunModel)" time="0.022" />
  <testcase classname="ptolemy.util.test.junit.AutoTests" name="[58] /home/travis/build/icyphy/ptII/ptolemy/domains/de/test/auto/ResettableTimer1.xml (RunModel)" time="0.01" />
  <testcase classname="ptolemy.util.test.junit.AutoTests" name="[59] /home/travis/build/icyphy/ptII/ptolemy/domains/de/test/auto/ResettableTimer2.xml (RunModel)" time="0.009" />
  <testcase classname="ptolemy.util.test.junit.AutoTests" name="[60] /home/travis/build/icyphy/ptII/ptolemy/domains/de/test/auto/ResettableTimer3.xml (RunModel)" time="0.008" />
  <testcase classname="ptolemy.util.test.junit.AutoTests" name="[61] /home/travis/build/icyphy/ptII/ptolemy/domains/de/test/auto/ResettableTimer4.xml (RunModel)" time="0.007" />
  <testcase classname="ptolemy.util.test.junit.AutoTests" name="[62] /home/travis/build/icyphy/ptII/ptolemy/domains/de/test/auto/ResettableTimer5.xml (RunModel)" time="0.009" />
  <testcase classname="ptolemy.util.test.junit.AutoTests" name="[63] /home/travis/build/icyphy/ptII/ptolemy/domains/de/test/auto/ResettableTimer6.xml (RunModel)" time="0.011" />
  <testcase classname="ptolemy.util.test.junit.AutoTests" name="[64] /home/travis/build/icyphy/ptII/ptolemy/domains/de/test/auto/ServerZeroDelay.xml (RunModel)" time="0.009" />
  <testcase classname="ptolemy.util.test.junit.AutoTests" name="[65] /home/travis/build/icyphy/ptII/ptolemy/domains/de/test/auto/SmartSender.xml (RunModel)" time="3.009" />
  <testcase classname="ptolemy.util.test.junit.AutoTests" name="[66] /home/travis/build/icyphy/ptII/ptolemy/domains/de/test/auto/ThreadedComposite.xml (RunModel)" time="0.182" />
  <testcase classname="ptolemy.util.test.junit.AutoTests" name="[67] /home/travis/build/icyphy/ptII/ptolemy/domains/de/test/auto/Time.xml (RunModel)" time="0.414" />
  <testcase classname="ptolemy.util.test.junit.AutoTests" name="[68] /home/travis/build/icyphy/ptII/ptolemy/domains/de/test/auto/TimeDelayZeroDelay.xml (RunModel)" time="0.012" />
  <testcase classname="ptolemy.util.test.junit.AutoTests" name="[69] /home/travis/build/icyphy/ptII/ptolemy/domains/de/test/auto/TimerZeroDelay.xml (RunModel)" time="0.009" />
  <testcase classname="ptolemy.util.test.junit.AutoTests" name="[70] /home/travis/build/icyphy/ptII/ptolemy/domains/de/test/auto/TimingParadox.xml (RunModel)" time="0.375" />
  <testcase classname="ptolemy.util.test.junit.AutoTests" name="[71] /home/travis/build/icyphy/ptII/ptolemy/domains/de/test/auto/TransferInputs.xml (RunModel)" time="0.01" />
  <testcase classname="ptolemy.util.test.junit.AutoTests" name="[72] /home/travis/build/icyphy/ptII/ptolemy/domains/de/test/auto/TransferOutputs2.xml (RunModel)" time="0.016" />
  <testcase classname="ptolemy.util.test.junit.AutoTests" name="[73] /home/travis/build/icyphy/ptII/ptolemy/domains/de/test/auto/Trilateration.xml (RunModel)" time="11.163" />
  <testcase classname="ptolemy.util.test.junit.AutoTests" name="[74] /home/travis/build/icyphy/ptII/ptolemy/domains/de/test/auto/TwoSigmaDelta.xml (RunModel)" time="2.316" />
  <testcase classname="ptolemy.util.test.junit.AutoTests" name="[75] /home/travis/build/icyphy/ptII/ptolemy/domains/de/test/auto/VariableDelay.xml (RunModel)" time="0.01" />
  <testcase classname="ptolemy.util.test.junit.AutoTests" name="[76] /home/travis/build/icyphy/ptII/ptolemy/domains/de/test/auto/VariableDelay2.xml (RunModel)" time="0.009" />
  <testcase classname="ptolemy.util.test.junit.AutoTests" name="[77] /home/travis/build/icyphy/ptII/ptolemy/domains/de/test/auto/VariableDelayZeroDelay.xml (RunModel)" time="0.01" />
  <testcase classname="ptolemy.util.test.junit.AutoTests" name="[78] /home/travis/build/icyphy/ptII/ptolemy/domains/de/test/auto/VariableDelayZeroDelay2.xml (RunModel)" time="0.01" />
  <testcase classname="ptolemy.util.test.junit.AutoTests" name="[79] /home/travis/build/icyphy/ptII/ptolemy/domains/de/test/auto/deInCt.xml (RunModel)" time="0.016" />
  <testcase classname="ptolemy.util.test.junit.AutoTests" name="[80] /home/travis/build/icyphy/ptII/ptolemy/domains/de/test/auto/deInCt2.xml (RunModel)" time="0.029" />
  <testcase classname="ptolemy.util.test.junit.AutoTests" name="[81] /home/travis/build/icyphy/ptII/ptolemy/domains/de/test/auto/dynamicCausalityInterface1.xml (RunModel)" time="0.022" />
  <testcase classname="ptolemy.util.test.junit.AutoTests" name="[82] /home/travis/build/icyphy/ptII/ptolemy/domains/de/test/auto/fsm_de_test.xml (RunModel)" time="0.022" />
  <testcase classname="ptolemy.util.test.junit.AutoTests" name="[83] /home/travis/build/icyphy/ptII/ptolemy/domains/de/test/auto/functionDependencyReconstruction.xml (RunModel)" time="0.034" />
  <testcase classname="ptolemy.util.test.junit.AutoTests" name="[84] /home/travis/build/icyphy/ptII/ptolemy/domains/de/test/auto/multirate.xml (RunModel)" time="0.017" />
  <testcase classname="ptolemy.util.test.junit.AutoTests" name="[85] /home/travis/build/icyphy/ptII/ptolemy/domains/de/test/auto/multirate2.xml (RunModel)" time="0.018" />
  <testcase classname="ptolemy.util.test.junit.AutoTests" name="[86] /home/travis/build/icyphy/ptII/ptolemy/domains/de/test/auto/realtime.xml (RunModel)" time="10.012" />
  <testcase classname="ptolemy.util.test.junit.AutoTests" name="[87] /home/travis/build/icyphy/ptII/ptolemy/domains/de/test/auto/relationGroup.xml (RunModel)" time="0.008" />
  <testcase classname="ptolemy.util.test.junit.AutoTests" name="[88] /home/travis/build/icyphy/ptII/ptolemy/domains/de/test/auto/relationGroup2.xml (RunModel)" time="0.007" />
  <testcase classname="ptolemy.util.test.junit.AutoTests" name="[89] /home/travis/build/icyphy/ptII/ptolemy/domains/de/test/auto/sortWithOpaquePorts.xml (RunModel)" time="0.013" />
  <testcase classname="ptolemy.util.test.junit.AutoTests" name="[90] /home/travis/build/icyphy/ptII/ptolemy/domains/de/test/auto/transferInputsandOutputs.xml (RunModel)" time="0.014" />
  <testcase classname="ptolemy.util.test.junit.AutoTests" name="[91] /home/travis/build/icyphy/ptII/ptolemy/domains/de/test/auto/triggerType.xml (RunModel)" time="0.009" />
  <system-out><![CDATA[/home/travis/build/icyphy/ptII/ptolemy/domains/de/test/DependencyLoop.tcl
testDefs.tcl: setting time out to 9000 seconds at Thu Jun 07 18:33:26 UTC 2018
32 ms. Memory: 116224K Free: 95053K (82%)
7 ms. Memory: 116224K Free: 108317K (93%)
/home/travis/build/icyphy/ptII/ptolemy/domains/de/test/RunDETestsAsQSS.tcl
Run the DE tests using ptolemy.domains.qss.test.QSSDirectorTest, which extends QSSDirector and prints a message in the constructors.
------------------ testing $PTII/ptolemy/domains/de/test/auto/knownFailedTests/dependencyLoop.xml (Known Failure) 
7 ms. Memory: 116224K Free: 105157K (90%)


==== $PTIIhome/travis/build/icyphy/ptII/ptolemy/domains/de/test/../../../../: Auto Automatic test in file $PTII/ptolemy/domains/de/test/auto/knownFailedTests/dependencyLoop.xml
==== Contents of test case:

	    # FIXME: we should use $relativeFilename here, but it
	    # might have backslashes under Windows, which causes no end
	    # of trouble.
	    createAndExecute $file
	    list {}
	
.... Test generated KNOWN error:
    while executing
ptolemy.kernel.util.IllegalActionException: Found a zero delay loop containing .dependencyLoop.original
  in .dependencyLoop and .dependencyLoop.original
	at ptolemy.actor.util.CausalityInterfaceForComposites._computeOutputPortDepth(CausalityInterfaceForComposites.java:759)
	at ptolemy.actor.util.CausalityInterfaceForComposites._computeInputDepth(CausalityInterfaceForComposites.java:696)
	at ptolemy.actor.util.CausalityInterfaceForComposites._computeOutputPortDepth(CausalityInterfaceForComposites.java:765)
	at ptolemy.actor.util.CausalityInterfaceForComposites._computeInputDepth(CausalityInterfaceForComposites.java:696)
	at ptolemy.actor.util.CausalityInterfaceForComposites._computeOutputPortDepth(CausalityInterfaceForComposites.java:765)
	at ptolemy.actor.util.CausalityInterfaceForComposites._computeInputDepth(CausalityInterfaceForComposites.java:696)
	at ptolemy.actor.util.CausalityInterfaceForComposites._computeActorDepth(CausalityInterfaceForComposites.java:532)
	at ptolemy.actor.util.CausalityInterfaceForComposites.checkForCycles(CausalityInterfaceForComposites.java:96)
	at ptolemy.domains.de.kernel.DEDirector.preinitialize(DEDirector.java:1337)
	at ptolemy.actor.CompositeActor.preinitialize(CompositeActor.java:1828)
	at ptolemy.actor.Manager.preinitializeAndResolveTypes(Manager.java:1040)
	at ptolemy.actor.Manager.initialize(Manager.java:710)
	at ptolemy.actor.Manager.execute(Manager.java:356)
	at ptolemy.actor.Manager.run(Manager.java:1263)
	at ptolemy.actor.Manager$PtolemyRunThread.run(Manager.java:1915)

    while executing
ptolemy.kernel.util.IllegalActionException: Found a zero delay loop containing .dependencyLoop.original
  in .dependencyLoop and .dependencyLoop.original
    while executing
"java::new ptolemy.moml.MoMLSimpleApplication $file
"
    (procedure "createAndExecute" line 2)
    invoked from within
"createAndExecute $file"
    ("uplevel" body line 5)
    invoked from within
"uplevel $contents_of_test"
------------------ testing $PTII/ptolemy/domains/de/test/auto/knownFailedTests/DESDFClockTest.xml (Known Failure) 
2060 ms. Memory: 116224K Free: 89805K (77%)


==== $PTIIhome/travis/build/icyphy/ptII/ptolemy/domains/de/test/../../../../: Auto Automatic test in file $PTII/ptolemy/domains/de/test/auto/knownFailedTests/DESDFClockTest.xml
==== Contents of test case:

	    # FIXME: we should use $relativeFilename here, but it
	    # might have backslashes under Windows, which causes no end
	    # of trouble.
	    createAndExecute $file
	    list {}
	
.... Test generated KNOWN error:
    while executing
ptolemy.kernel.util.IllegalActionException: Actor is not ready to fire.  Perhaps UpSample.prefire() returned false? Try debugging the actor by selecting "Listen to Actor".  Also, for SDF check moml for tokenConsumptionRate on input.
  in .DESDFClockTest.Play Bell.Copy1:SDF Director and .DESDFClockTest.Play Bell.UpSample
	at ptolemy.actor.sched.StaticSchedulingDirector.fire(StaticSchedulingDirector.java:227)
	at ptolemy.domains.sdf.kernel.SDFDirector.fire(SDFDirector.java:500)
	at ptolemy.actor.CompositeActor.fire(CompositeActor.java:455)
	at ptolemy.domains.de.kernel.DEDirector._fire(DEDirector.java:1948)
	at ptolemy.domains.de.kernel.DEDirector.fire(DEDirector.java:502)
	at ptolemy.actor.CompositeActor.fire(CompositeActor.java:455)
	at ptolemy.actor.Manager.iterate(Manager.java:851)
	at ptolemy.actor.Manager.execute(Manager.java:369)
	at ptolemy.actor.Manager.run(Manager.java:1263)
	at ptolemy.actor.Manager$PtolemyRunThread.run(Manager.java:1915)

    while executing
ptolemy.kernel.util.IllegalActionException: Actor is not ready to fire.  Perhaps UpSample.prefire() returned false? Try debugging the actor by selecting "Listen to Actor".  Also, for SDF check moml for tokenConsumptionRate on input.
  in .DESDFClockTest.Play Bell.Copy1:SDF Director and .DESDFClockTest.Play Bell.UpSample
    while executing
"java::new ptolemy.moml.MoMLSimpleApplication $file
"
    (procedure "createAndExecute" line 2)
    invoked from within
"createAndExecute $file"
    ("uplevel" body line 5)
    invoked from within
"uplevel $contents_of_test"
------------------ testing $PTII/ptolemy/domains/de/test/auto/knownFailedTests/FSMSource.xml (Known Failure) 
27 ms. Memory: 116224K Free: 82008K (71%)
!!!! Auto was marked as failing, but now passes
------------------ testing $PTII/ptolemy/domains/de/test/auto/knownFailedTests/dependencyLoop2.xml (Known Failure) 
15 ms. Memory: 116224K Free: 110287K (95%)


==== $PTIIhome/travis/build/icyphy/ptII/ptolemy/domains/de/test/../../../../: Auto Automatic test in file $PTII/ptolemy/domains/de/test/auto/knownFailedTests/dependencyLoop2.xml
==== Contents of test case:

	    # FIXME: we should use $relativeFilename here, but it
	    # might have backslashes under Windows, which causes no end
	    # of trouble.
	    createAndExecute $file
	    list {}
	
.... Test generated KNOWN error:
    while executing
ptolemy.kernel.util.IllegalActionException: Found a zero delay loop containing .dependencyLoop2.original
  in .dependencyLoop2 and .dependencyLoop2.original
	at ptolemy.actor.util.CausalityInterfaceForComposites._computeOutputPortDepth(CausalityInterfaceForComposites.java:759)
	at ptolemy.actor.util.CausalityInterfaceForComposites._computeInputDepth(CausalityInterfaceForComposites.java:696)
	at ptolemy.actor.util.CausalityInterfaceForComposites._computeOutputPortDepth(CausalityInterfaceForComposites.java:765)
	at ptolemy.actor.util.CausalityInterfaceForComposites._computeInputDepth(CausalityInterfaceForComposites.java:696)
	at ptolemy.actor.util.CausalityInterfaceForComposites._computeOutputPortDepth(CausalityInterfaceForComposites.java:765)
	at ptolemy.actor.util.CausalityInterfaceForComposites._computeInputDepth(CausalityInterfaceForComposites.java:696)
	at ptolemy.actor.util.CausalityInterfaceForComposites._computeActorDepth(CausalityInterfaceForComposites.java:532)
	at ptolemy.actor.util.CausalityInterfaceForComposites.checkForCycles(CausalityInterfaceForComposites.java:96)
	at ptolemy.domains.de.kernel.DEDirector.preinitialize(DEDirector.java:1337)
	at ptolemy.actor.CompositeActor.preinitialize(CompositeActor.java:1828)
	at ptolemy.actor.Manager.preinitializeAndResolveTypes(Manager.java:1040)
	at ptolemy.actor.Manager.initialize(Manager.java:710)
	at ptolemy.actor.Manager.execute(Manager.java:356)
	at ptolemy.actor.Manager.run(Manager.java:1263)
	at ptolemy.actor.Manager$PtolemyRunThread.run(Manager.java:1915)

    while executing
ptolemy.kernel.util.IllegalActionException: Found a zero delay loop containing .dependencyLoop2.original
  in .dependencyLoop2 and .dependencyLoop2.original
    while executing
"java::new ptolemy.moml.MoMLSimpleApplication $file
"
    (procedure "createAndExecute" line 2)
    invoked from within
"createAndExecute $file"
    ("uplevel" body line 5)
    invoked from within
"uplevel $contents_of_test"
------------------ testing $PTII/ptolemy/domains/de/test/auto/knownFailedTests/HierarchicalModel.xml (Known Failure) 
5 ms. Memory: 116224K Free: 89774K (77%)


==== $PTIIhome/travis/build/icyphy/ptII/ptolemy/domains/de/test/../../../../: Auto Automatic test in file $PTII/ptolemy/domains/de/test/auto/knownFailedTests/HierarchicalModel.xml
==== Contents of test case:

	    # FIXME: we should use $relativeFilename here, but it
	    # might have backslashes under Windows, which causes no end
	    # of trouble.
	    createAndExecute $file
	    list {}
	
.... Test generated KNOWN error:
    while executing
ptolemy.kernel.util.IllegalActionException: Found a zero delay loop containing .HierarchicalModel.A
  in .HierarchicalModel and .HierarchicalModel.A
	at ptolemy.actor.util.CausalityInterfaceForComposites._computeOutputPortDepth(CausalityInterfaceForComposites.java:759)
	at ptolemy.actor.util.CausalityInterfaceForComposites._computeInputDepth(CausalityInterfaceForComposites.java:696)
	at ptolemy.actor.util.CausalityInterfaceForComposites._computeOutputPortDepth(CausalityInterfaceForComposites.java:765)
	at ptolemy.actor.util.CausalityInterfaceForComposites._computeInputDepth(CausalityInterfaceForComposites.java:696)
	at ptolemy.actor.util.CausalityInterfaceForComposites._computeOutputPortDepth(CausalityInterfaceForComposites.java:765)
	at ptolemy.actor.util.CausalityInterfaceForComposites._computeInputDepth(CausalityInterfaceForComposites.java:696)
	at ptolemy.actor.util.CausalityInterfaceForComposites._computeActorDepth(CausalityInterfaceForComposites.java:532)
	at ptolemy.actor.util.CausalityInterfaceForComposites.checkForCycles(CausalityInterfaceForComposites.java:96)
	at ptolemy.domains.de.kernel.DEDirector.preinitialize(DEDirector.java:1337)
	at ptolemy.actor.CompositeActor.preinitialize(CompositeActor.java:1828)
	at ptolemy.actor.Manager.preinitializeAndResolveTypes(Manager.java:1040)
	at ptolemy.actor.Manager.initialize(Manager.java:710)
	at ptolemy.actor.Manager.execute(Manager.java:356)
	at ptolemy.actor.Manager.run(Manager.java:1263)
	at ptolemy.actor.Manager$PtolemyRunThread.run(Manager.java:1915)

    while executing
ptolemy.kernel.util.IllegalActionException: Found a zero delay loop containing .HierarchicalModel.A
  in .HierarchicalModel and .HierarchicalModel.A
    while executing
"java::new ptolemy.moml.MoMLSimpleApplication $file
"
    (procedure "createAndExecute" line 2)
    invoked from within
"createAndExecute $file"
    ("uplevel" body line 5)
    invoked from within
"uplevel $contents_of_test"
------------------ testing $PTII/ptolemy/domains/de/test/auto/knownFailedTests/DirectFeedback.xml (Known Failure) 
4 ms. Memory: 116224K Free: 85950K (74%)


==== $PTIIhome/travis/build/icyphy/ptII/ptolemy/domains/de/test/../../../../: Auto Automatic test in file $PTII/ptolemy/domains/de/test/auto/knownFailedTests/DirectFeedback.xml
==== Contents of test case:

	    # FIXME: we should use $relativeFilename here, but it
	    # might have backslashes under Windows, which causes no end
	    # of trouble.
	    createAndExecute $file
	    list {}
	
.... Test generated KNOWN error:
    while executing
ptolemy.kernel.util.IllegalActionException: Test fails in iteration 1.
Value was: 1.0. Should have been: 2.0
  in .DirectFeedback.Test
	at ptolemy.actor.lib.Test.fire(Test.java:268)
	at ptolemy.domains.de.kernel.DEDirector._fire(DEDirector.java:1948)
	at ptolemy.domains.de.kernel.DEDirector.fire(DEDirector.java:502)
	at ptolemy.actor.CompositeActor.fire(CompositeActor.java:455)
	at ptolemy.actor.Manager.iterate(Manager.java:851)
	at ptolemy.actor.Manager.execute(Manager.java:369)
	at ptolemy.actor.Manager.run(Manager.java:1263)
	at ptolemy.actor.Manager$PtolemyRunThread.run(Manager.java:1915)

    while executing
ptolemy.kernel.util.IllegalActionException: Test fails in iteration 1.
Value was: 1.0. Should have been: 2.0
  in .DirectFeedback.Test
    while executing
"java::new ptolemy.moml.MoMLSimpleApplication $file
"
    (procedure "createAndExecute" line 2)
    invoked from within
"createAndExecute $file"
    ("uplevel" body line 5)
    invoked from within
"uplevel $contents_of_test"
------------------ testing $PTII/ptolemy/domains/de/test/auto/ActorDepthCalculation_actorWithoutPorts.xml
auto.tcl: Setting watchdog for 200 seconds at Thu Jun 07 18:33:30 UTC 2018
4 ms. Memory: 146944K Free: 139974K (95%)
ptolemy.util.test.WatchDog.cancel(): canceling Thu Jun 07 18:33:30 UTC 2018
auto.tcl: Setting watchdog for 200 seconds at Thu Jun 07 18:33:30 UTC 2018
5 ms. Memory: 146944K Free: 137960K (94%)
ptolemy.util.test.WatchDog.cancel(): canceling Thu Jun 07 18:33:30 UTC 2018
------------------ testing $PTII/ptolemy/domains/de/test/auto/AssemblyLine.xml
auto.tcl: Setting watchdog for 200 seconds at Thu Jun 07 18:33:30 UTC 2018
13 ms. Memory: 146944K Free: 127147K (87%)
ptolemy.util.test.WatchDog.cancel(): canceling Thu Jun 07 18:33:30 UTC 2018
auto.tcl: Setting watchdog for 200 seconds at Thu Jun 07 18:33:30 UTC 2018
18 ms. Memory: 146944K Free: 126141K (86%)
ptolemy.util.test.WatchDog.cancel(): canceling Thu Jun 07 18:33:30 UTC 2018
------------------ testing $PTII/ptolemy/domains/de/test/auto/CQBug1.xml
auto.tcl: Setting watchdog for 200 seconds at Thu Jun 07 18:33:30 UTC 2018
19 ms. Memory: 146944K Free: 137846K (94%)
ptolemy.util.test.WatchDog.cancel(): canceling Thu Jun 07 18:33:30 UTC 2018
auto.tcl: Setting watchdog for 200 seconds at Thu Jun 07 18:33:30 UTC 2018
2 ms. Memory: 146944K Free: 137846K (94%)
ptolemy.util.test.WatchDog.cancel(): canceling Thu Jun 07 18:33:30 UTC 2018
------------------ testing $PTII/ptolemy/domains/de/test/auto/CancelFireAt.xml
auto.tcl: Setting watchdog for 200 seconds at Thu Jun 07 18:33:30 UTC 2018
4 ms. Memory: 146944K Free: 139477K (95%)
ptolemy.util.test.WatchDog.cancel(): canceling Thu Jun 07 18:33:30 UTC 2018
auto.tcl: Setting watchdog for 200 seconds at Thu Jun 07 18:33:30 UTC 2018
5 ms. Memory: 146944K Free: 139308K (95%)
ptolemy.util.test.WatchDog.cancel(): canceling Thu Jun 07 18:33:30 UTC 2018
------------------ testing $PTII/ptolemy/domains/de/test/auto/CausalityAndComposabilityAnalysis.xml
auto.tcl: Setting watchdog for 200 seconds at Thu Jun 07 18:33:30 UTC 2018
17 ms. Memory: 146944K Free: 137096K (93%)
ptolemy.util.test.WatchDog.cancel(): canceling Thu Jun 07 18:33:31 UTC 2018
auto.tcl: Setting watchdog for 200 seconds at Thu Jun 07 18:33:31 UTC 2018
10 ms. Memory: 146944K Free: 137096K (93%)
ptolemy.util.test.WatchDog.cancel(): canceling Thu Jun 07 18:33:31 UTC 2018
------------------ testing $PTII/ptolemy/domains/de/test/auto/CausalityInterface1.xml
auto.tcl: Setting watchdog for 200 seconds at Thu Jun 07 18:33:31 UTC 2018
12 ms. Memory: 146944K Free: 136379K (93%)
ptolemy.util.test.WatchDog.cancel(): canceling Thu Jun 07 18:33:31 UTC 2018
auto.tcl: Setting watchdog for 200 seconds at Thu Jun 07 18:33:31 UTC 2018
5 ms. Memory: 146944K Free: 135372K (92%)
ptolemy.util.test.WatchDog.cancel(): canceling Thu Jun 07 18:33:31 UTC 2018
------------------ testing $PTII/ptolemy/domains/de/test/auto/CausalityInterface15.xml
auto.tcl: Setting watchdog for 200 seconds at Thu Jun 07 18:33:31 UTC 2018
12 ms. Memory: 146944K Free: 135379K (92%)
ptolemy.util.test.WatchDog.cancel(): canceling Thu Jun 07 18:33:31 UTC 2018
auto.tcl: Setting watchdog for 200 seconds at Thu Jun 07 18:33:31 UTC 2018
6 ms. Memory: 146944K Free: 134356K (91%)
ptolemy.util.test.WatchDog.cancel(): canceling Thu Jun 07 18:33:31 UTC 2018
------------------ testing $PTII/ptolemy/domains/de/test/auto/CausalityInterface2.xml
auto.tcl: Setting watchdog for 200 seconds at Thu Jun 07 18:33:31 UTC 2018
7 ms. Memory: 146944K Free: 136361K (93%)
ptolemy.util.test.WatchDog.cancel(): canceling Thu Jun 07 18:33:31 UTC 2018
auto.tcl: Setting watchdog for 200 seconds at Thu Jun 07 18:33:31 UTC 2018
3 ms. Memory: 146944K Free: 135355K (92%)
ptolemy.util.test.WatchDog.cancel(): canceling Thu Jun 07 18:33:31 UTC 2018
------------------ testing $PTII/ptolemy/domains/de/test/auto/CausalityInterface3.xml
auto.tcl: Setting watchdog for 200 seconds at Thu Jun 07 18:33:31 UTC 2018
3 ms. Memory: 146944K Free: 136358K (93%)
ptolemy.util.test.WatchDog.cancel(): canceling Thu Jun 07 18:33:31 UTC 2018
auto.tcl: Setting watchdog for 200 seconds at Thu Jun 07 18:33:31 UTC 2018
3 ms. Memory: 146944K Free: 135336K (92%)
ptolemy.util.test.WatchDog.cancel(): canceling Thu Jun 07 18:33:31 UTC 2018
------------------ testing $PTII/ptolemy/domains/de/test/auto/ClockDrift.xml
auto.tcl: Setting watchdog for 200 seconds at Thu Jun 07 18:33:31 UTC 2018
105 ms. Memory: 146944K Free: 128408K (87%)
ptolemy.util.test.WatchDog.cancel(): canceling Thu Jun 07 18:33:31 UTC 2018
auto.tcl: Setting watchdog for 200 seconds at Thu Jun 07 18:33:31 UTC 2018
60 ms. Memory: 146944K Free: 125388K (85%)
ptolemy.util.test.WatchDog.cancel(): canceling Thu Jun 07 18:33:31 UTC 2018
------------------ testing $PTII/ptolemy/domains/de/test/auto/ClockDriftAndValueChange.xml
auto.tcl: Setting watchdog for 200 seconds at Thu Jun 07 18:33:31 UTC 2018
51 ms. Memory: 146944K Free: 128211K (87%)
ptolemy.util.test.WatchDog.cancel(): canceling Thu Jun 07 18:33:31 UTC 2018
auto.tcl: Setting watchdog for 200 seconds at Thu Jun 07 18:33:31 UTC 2018
34 ms. Memory: 146944K Free: 125159K (85%)
ptolemy.util.test.WatchDog.cancel(): canceling Thu Jun 07 18:33:31 UTC 2018
------------------ testing $PTII/ptolemy/domains/de/test/auto/ClockDriftChange.xml
auto.tcl: Setting watchdog for 200 seconds at Thu Jun 07 18:33:31 UTC 2018
21 ms. Memory: 146944K Free: 130873K (89%)
ptolemy.util.test.WatchDog.cancel(): canceling Thu Jun 07 18:33:32 UTC 2018
auto.tcl: Setting watchdog for 200 seconds at Thu Jun 07 18:33:32 UTC 2018
21 ms. Memory: 146944K Free: 127837K (87%)
ptolemy.util.test.WatchDog.cancel(): canceling Thu Jun 07 18:33:32 UTC 2018
------------------ testing $PTII/ptolemy/domains/de/test/auto/ComposableCausalityAnalysis.xml
auto.tcl: Setting watchdog for 200 seconds at Thu Jun 07 18:33:32 UTC 2018
4 ms. Memory: 146944K Free: 135218K (92%)
ptolemy.util.test.WatchDog.cancel(): canceling Thu Jun 07 18:33:32 UTC 2018
auto.tcl: Setting watchdog for 200 seconds at Thu Jun 07 18:33:32 UTC 2018
2 ms. Memory: 146944K Free: 134196K (91%)
ptolemy.util.test.WatchDog.cancel(): canceling Thu Jun 07 18:33:32 UTC 2018
------------------ testing $PTII/ptolemy/domains/de/test/auto/DEFixedPointLimitation.xml
auto.tcl: Setting watchdog for 200 seconds at Thu Jun 07 18:33:32 UTC 2018
2 ms. Memory: 146944K Free: 136330K (93%)
ptolemy.util.test.WatchDog.cancel(): canceling Thu Jun 07 18:33:32 UTC 2018
auto.tcl: Setting watchdog for 200 seconds at Thu Jun 07 18:33:32 UTC 2018
1 ms. Memory: 146944K Free: 136330K (93%)
ptolemy.util.test.WatchDog.cancel(): canceling Thu Jun 07 18:33:32 UTC 2018
------------------ testing $PTII/ptolemy/domains/de/test/auto/DEScheduleTest.xml
auto.tcl: Setting watchdog for 200 seconds at Thu Jun 07 18:33:32 UTC 2018
4 ms. Memory: 146944K Free: 137372K (93%)
ptolemy.util.test.WatchDog.cancel(): canceling Thu Jun 07 18:33:32 UTC 2018
auto.tcl: Setting watchdog for 200 seconds at Thu Jun 07 18:33:32 UTC 2018
7 ms. Memory: 146944K Free: 136366K (93%)
ptolemy.util.test.WatchDog.cancel(): canceling Thu Jun 07 18:33:32 UTC 2018
------------------ testing $PTII/ptolemy/domains/de/test/auto/DEinDEwithStartTimes.xml
auto.tcl: Setting watchdog for 200 seconds at Thu Jun 07 18:33:32 UTC 2018
5 ms. Memory: 146944K Free: 135304K (92%)
ptolemy.util.test.WatchDog.cancel(): canceling Thu Jun 07 18:33:32 UTC 2018
auto.tcl: Setting watchdog for 200 seconds at Thu Jun 07 18:33:32 UTC 2018
4 ms. Memory: 146944K Free: 134297K (91%)
ptolemy.util.test.WatchDog.cancel(): canceling Thu Jun 07 18:33:32 UTC 2018
------------------ testing $PTII/ptolemy/domains/de/test/auto/DEinDEwithStartTimes2.xml
auto.tcl: Setting watchdog for 200 seconds at Thu Jun 07 18:33:32 UTC 2018
5 ms. Memory: 146944K Free: 135276K (92%)
ptolemy.util.test.WatchDog.cancel(): canceling Thu Jun 07 18:33:32 UTC 2018
auto.tcl: Setting watchdog for 200 seconds at Thu Jun 07 18:33:32 UTC 2018
4 ms. Memory: 146944K Free: 133238K (91%)
ptolemy.util.test.WatchDog.cancel(): canceling Thu Jun 07 18:33:32 UTC 2018
------------------ testing $PTII/ptolemy/domains/de/test/auto/DateDemo.xml
auto.tcl: Setting watchdog for 200 seconds at Thu Jun 07 18:33:32 UTC 2018
9 ms. Memory: 146944K Free: 128556K (87%)
ptolemy.util.test.WatchDog.cancel(): canceling Thu Jun 07 18:33:32 UTC 2018
auto.tcl: Setting watchdog for 200 seconds at Thu Jun 07 18:33:32 UTC 2018
7 ms. Memory: 146944K Free: 127534K (87%)
ptolemy.util.test.WatchDog.cancel(): canceling Thu Jun 07 18:33:32 UTC 2018
------------------ testing $PTII/ptolemy/domains/de/test/auto/DateToEvent.xml
auto.tcl: Setting watchdog for 200 seconds at Thu Jun 07 18:33:32 UTC 2018
2015 ms. Memory: 146944K Free: 122908K (84%)
ptolemy.util.test.WatchDog.cancel(): canceling Thu Jun 07 18:33:34 UTC 2018
auto.tcl: Setting watchdog for 200 seconds at Thu Jun 07 18:33:34 UTC 2018
2006 ms. Memory: 146944K Free: 121901K (83%)
ptolemy.util.test.WatchDog.cancel(): canceling Thu Jun 07 18:33:36 UTC 2018
------------------ testing $PTII/ptolemy/domains/de/test/auto/DepthTest1.xml
auto.tcl: Setting watchdog for 200 seconds at Thu Jun 07 18:33:36 UTC 2018
6 ms. Memory: 146944K Free: 138691K (94%)
ptolemy.util.test.WatchDog.cancel(): canceling Thu Jun 07 18:33:36 UTC 2018
auto.tcl: Setting watchdog for 200 seconds at Thu Jun 07 18:33:36 UTC 2018
3 ms. Memory: 146944K Free: 138523K (94%)
ptolemy.util.test.WatchDog.cancel(): canceling Thu Jun 07 18:33:36 UTC 2018
------------------ testing $PTII/ptolemy/domains/de/test/auto/DepthTest2.xml
auto.tcl: Setting watchdog for 200 seconds at Thu Jun 07 18:33:36 UTC 2018
7 ms. Memory: 146944K Free: 133077K (91%)
ptolemy.util.test.WatchDog.cancel(): canceling Thu Jun 07 18:33:36 UTC 2018
auto.tcl: Setting watchdog for 200 seconds at Thu Jun 07 18:33:36 UTC 2018
6 ms. Memory: 146944K Free: 132054K (90%)
ptolemy.util.test.WatchDog.cancel(): canceling Thu Jun 07 18:33:36 UTC 2018
------------------ testing $PTII/ptolemy/domains/de/test/auto/DepthTest3.xml
auto.tcl: Setting watchdog for 200 seconds at Thu Jun 07 18:33:37 UTC 2018
2 ms. Memory: 146944K Free: 138873K (95%)
ptolemy.util.test.WatchDog.cancel(): canceling Thu Jun 07 18:33:37 UTC 2018
auto.tcl: Setting watchdog for 200 seconds at Thu Jun 07 18:33:37 UTC 2018
1 ms. Memory: 146944K Free: 137866K (94%)
ptolemy.util.test.WatchDog.cancel(): canceling Thu Jun 07 18:33:37 UTC 2018
------------------ testing $PTII/ptolemy/domains/de/test/auto/DepthTest4.xml
auto.tcl: Setting watchdog for 200 seconds at Thu Jun 07 18:33:37 UTC 2018
5 ms. Memory: 146944K Free: 136268K (93%)
ptolemy.util.test.WatchDog.cancel(): canceling Thu Jun 07 18:33:37 UTC 2018
auto.tcl: Setting watchdog for 200 seconds at Thu Jun 07 18:33:37 UTC 2018
2 ms. Memory: 146944K Free: 135262K (92%)
ptolemy.util.test.WatchDog.cancel(): canceling Thu Jun 07 18:33:37 UTC 2018
------------------ testing $PTII/ptolemy/domains/de/test/auto/DepthTest5.xml
auto.tcl: Setting watchdog for 200 seconds at Thu Jun 07 18:33:37 UTC 2018
3 ms. Memory: 146944K Free: 135246K (92%)
ptolemy.util.test.WatchDog.cancel(): canceling Thu Jun 07 18:33:37 UTC 2018
auto.tcl: Setting watchdog for 200 seconds at Thu Jun 07 18:33:37 UTC 2018
3 ms. Memory: 146944K Free: 135246K (92%)
ptolemy.util.test.WatchDog.cancel(): canceling Thu Jun 07 18:33:37 UTC 2018
------------------ testing $PTII/ptolemy/domains/de/test/auto/DepthTest6.xml
auto.tcl: Setting watchdog for 200 seconds at Thu Jun 07 18:33:37 UTC 2018
8 ms. Memory: 146944K Free: 135371K (92%)
ptolemy.util.test.WatchDog.cancel(): canceling Thu Jun 07 18:33:37 UTC 2018
auto.tcl: Setting watchdog for 200 seconds at Thu Jun 07 18:33:37 UTC 2018
3 ms. Memory: 146944K Free: 135371K (92%)
ptolemy.util.test.WatchDog.cancel(): canceling Thu Jun 07 18:33:37 UTC 2018
------------------ testing $PTII/ptolemy/domains/de/test/auto/DepthTest7.xml
auto.tcl: Setting watchdog for 200 seconds at Thu Jun 07 18:33:37 UTC 2018
2 ms. Memory: 146944K Free: 136205K (93%)
ptolemy.util.test.WatchDog.cancel(): canceling Thu Jun 07 18:33:37 UTC 2018
auto.tcl: Setting watchdog for 200 seconds at Thu Jun 07 18:33:37 UTC 2018
1 ms. Memory: 146944K Free: 135183K (92%)
ptolemy.util.test.WatchDog.cancel(): canceling Thu Jun 07 18:33:37 UTC 2018
------------------ testing $PTII/ptolemy/domains/de/test/auto/EventToDate.xml
auto.tcl: Setting watchdog for 200 seconds at Thu Jun 07 18:33:37 UTC 2018
3010 ms. Memory: 146944K Free: 126032K (86%)
ptolemy.util.test.WatchDog.cancel(): canceling Thu Jun 07 18:33:40 UTC 2018
auto.tcl: Setting watchdog for 200 seconds at Thu Jun 07 18:33:40 UTC 2018
3005 ms. Memory: 146944K Free: 125009K (85%)
ptolemy.util.test.WatchDog.cancel(): canceling Thu Jun 07 18:33:43 UTC 2018
------------------ testing $PTII/ptolemy/domains/de/test/auto/FSM1.xml
auto.tcl: Setting watchdog for 200 seconds at Thu Jun 07 18:33:43 UTC 2018
40 ms. Memory: 146944K Free: 127319K (87%)
ptolemy.util.test.WatchDog.cancel(): canceling Thu Jun 07 18:33:43 UTC 2018
auto.tcl: Setting watchdog for 200 seconds at Thu Jun 07 18:33:43 UTC 2018
32 ms. Memory: 146944K Free: 124251K (85%)
ptolemy.util.test.WatchDog.cancel(): canceling Thu Jun 07 18:33:43 UTC 2018
------------------ testing $PTII/ptolemy/domains/de/test/auto/FSM7.xml
auto.tcl: Setting watchdog for 200 seconds at Thu Jun 07 18:33:43 UTC 2018
28 ms. Memory: 146944K Free: 127472K (87%)
ptolemy.util.test.WatchDog.cancel(): canceling Thu Jun 07 18:33:43 UTC 2018
auto.tcl: Setting watchdog for 200 seconds at Thu Jun 07 18:33:43 UTC 2018
16 ms. Memory: 146944K Free: 124420K (85%)
ptolemy.util.test.WatchDog.cancel(): canceling Thu Jun 07 18:33:43 UTC 2018
------------------ testing $PTII/ptolemy/domains/de/test/auto/Inspection.xml
auto.tcl: Setting watchdog for 200 seconds at Thu Jun 07 18:33:43 UTC 2018
49 ms. Memory: 146944K Free: 127568K (87%)
ptolemy.util.test.WatchDog.cancel(): canceling Thu Jun 07 18:33:43 UTC 2018
auto.tcl: Setting watchdog for 200 seconds at Thu Jun 07 18:33:43 UTC 2018
26 ms. Memory: 146944K Free: 126562K (86%)
ptolemy.util.test.WatchDog.cancel(): canceling Thu Jun 07 18:33:43 UTC 2018
------------------ testing $PTII/ptolemy/domains/de/test/auto/Iteration.xml
auto.tcl: Setting watchdog for 200 seconds at Thu Jun 07 18:33:44 UTC 2018
9 ms. Memory: 146944K Free: 134124K (91%)
ptolemy.util.test.WatchDog.cancel(): canceling Thu Jun 07 18:33:44 UTC 2018
auto.tcl: Setting watchdog for 200 seconds at Thu Jun 07 18:33:44 UTC 2018
7 ms. Memory: 146944K Free: 133117K (91%)
ptolemy.util.test.WatchDog.cancel(): canceling Thu Jun 07 18:33:44 UTC 2018
------------------ testing $PTII/ptolemy/domains/de/test/auto/LineFault.xml
auto.tcl: Setting watchdog for 200 seconds at Thu Jun 07 18:33:44 UTC 2018
728 ms. Memory: 146944K Free: 136931K (93%)
ptolemy.util.test.WatchDog.cancel(): canceling Thu Jun 07 18:33:45 UTC 2018
auto.tcl: Setting watchdog for 200 seconds at Thu Jun 07 18:33:45 UTC 2018
700 ms. Memory: 146944K Free: 80749K (55%)
ptolemy.util.test.WatchDog.cancel(): canceling Thu Jun 07 18:33:45 UTC 2018
------------------ testing $PTII/ptolemy/domains/de/test/auto/MergeModel1Add.xml
auto.tcl: Setting watchdog for 200 seconds at Thu Jun 07 18:33:45 UTC 2018
16 ms. Memory: 209920K Free: 180526K (86%)
ptolemy.util.test.WatchDog.cancel(): canceling Thu Jun 07 18:33:46 UTC 2018
auto.tcl: Setting watchdog for 200 seconds at Thu Jun 07 18:33:46 UTC 2018
16 ms. Memory: 209920K Free: 178668K (85%)
ptolemy.util.test.WatchDog.cancel(): canceling Thu Jun 07 18:33:46 UTC 2018
------------------ testing $PTII/ptolemy/domains/de/test/auto/MergeModel2Add.xml
auto.tcl: Setting watchdog for 200 seconds at Thu Jun 07 18:33:46 UTC 2018
17 ms. Memory: 210432K Free: 182305K (87%)
ptolemy.util.test.WatchDog.cancel(): canceling Thu Jun 07 18:33:46 UTC 2018
auto.tcl: Setting watchdog for 200 seconds at Thu Jun 07 18:33:46 UTC 2018
11 ms. Memory: 210432K Free: 180447K (86%)
ptolemy.util.test.WatchDog.cancel(): canceling Thu Jun 07 18:33:46 UTC 2018
------------------ testing $PTII/ptolemy/domains/de/test/auto/MergeModel3Add.xml
auto.tcl: Setting watchdog for 200 seconds at Thu Jun 07 18:33:46 UTC 2018
12 ms. Memory: 209920K Free: 183544K (87%)
ptolemy.util.test.WatchDog.cancel(): canceling Thu Jun 07 18:33:46 UTC 2018
auto.tcl: Setting watchdog for 200 seconds at Thu Jun 07 18:33:46 UTC 2018
8 ms. Memory: 209920K Free: 181662K (87%)
ptolemy.util.test.WatchDog.cancel(): canceling Thu Jun 07 18:33:46 UTC 2018
------------------ testing $PTII/ptolemy/domains/de/test/auto/MergeWithoutDiscard.xml
auto.tcl: Setting watchdog for 200 seconds at Thu Jun 07 18:33:46 UTC 2018
4 ms. Memory: 210432K Free: 198510K (94%)
ptolemy.util.test.WatchDog.cancel(): canceling Thu Jun 07 18:33:46 UTC 2018
auto.tcl: Setting watchdog for 200 seconds at Thu Jun 07 18:33:46 UTC 2018
1 ms. Memory: 210432K Free: 198510K (94%)
ptolemy.util.test.WatchDog.cancel(): canceling Thu Jun 07 18:33:46 UTC 2018
------------------ testing $PTII/ptolemy/domains/de/test/auto/Modal1.xml
auto.tcl: Setting watchdog for 200 seconds at Thu Jun 07 18:33:46 UTC 2018
11 ms. Memory: 210432K Free: 190639K (91%)
ptolemy.util.test.WatchDog.cancel(): canceling Thu Jun 07 18:33:46 UTC 2018
auto.tcl: Setting watchdog for 200 seconds at Thu Jun 07 18:33:46 UTC 2018
19 ms. Memory: 210432K Free: 186892K (89%)
ptolemy.util.test.WatchDog.cancel(): canceling Thu Jun 07 18:33:46 UTC 2018
------------------ testing $PTII/ptolemy/domains/de/test/auto/Modal2.xml
auto.tcl: Setting watchdog for 200 seconds at Thu Jun 07 18:33:46 UTC 2018
19 ms. Memory: 210432K Free: 190512K (91%)
ptolemy.util.test.WatchDog.cancel(): canceling Thu Jun 07 18:33:46 UTC 2018
auto.tcl: Setting watchdog for 200 seconds at Thu Jun 07 18:33:46 UTC 2018
12 ms. Memory: 210432K Free: 186765K (89%)
ptolemy.util.test.WatchDog.cancel(): canceling Thu Jun 07 18:33:46 UTC 2018
------------------ testing $PTII/ptolemy/domains/de/test/auto/Modal3.xml
auto.tcl: Setting watchdog for 200 seconds at Thu Jun 07 18:33:46 UTC 2018
17 ms. Memory: 210432K Free: 190615K (91%)
ptolemy.util.test.WatchDog.cancel(): canceling Thu Jun 07 18:33:46 UTC 2018
auto.tcl: Setting watchdog for 200 seconds at Thu Jun 07 18:33:46 UTC 2018
18 ms. Memory: 210432K Free: 186780K (89%)
ptolemy.util.test.WatchDog.cancel(): canceling Thu Jun 07 18:33:46 UTC 2018
------------------ testing $PTII/ptolemy/domains/de/test/auto/Modal4.xml
auto.tcl: Setting watchdog for 200 seconds at Thu Jun 07 18:33:46 UTC 2018
14 ms. Memory: 208384K Free: 188453K (90%)
ptolemy.util.test.WatchDog.cancel(): canceling Thu Jun 07 18:33:46 UTC 2018
auto.tcl: Setting watchdog for 200 seconds at Thu Jun 07 18:33:46 UTC 2018
20 ms. Memory: 208384K Free: 184689K (89%)
ptolemy.util.test.WatchDog.cancel(): canceling Thu Jun 07 18:33:46 UTC 2018
------------------ testing $PTII/ptolemy/domains/de/test/auto/Modal5.xml
auto.tcl: Setting watchdog for 200 seconds at Thu Jun 07 18:33:46 UTC 2018
17 ms. Memory: 209920K Free: 190000K (91%)
ptolemy.util.test.WatchDog.cancel(): canceling Thu Jun 07 18:33:46 UTC 2018
auto.tcl: Setting watchdog for 200 seconds at Thu Jun 07 18:33:46 UTC 2018
14 ms. Memory: 209920K Free: 186244K (89%)
ptolemy.util.test.WatchDog.cancel(): canceling Thu Jun 07 18:33:46 UTC 2018
------------------ testing $PTII/ptolemy/domains/de/test/auto/Modal6.xml
auto.tcl: Setting watchdog for 200 seconds at Thu Jun 07 18:33:47 UTC 2018
13 ms. Memory: 209920K Free: 189965K (90%)
ptolemy.util.test.WatchDog.cancel(): canceling Thu Jun 07 18:33:47 UTC 2018
auto.tcl: Setting watchdog for 200 seconds at Thu Jun 07 18:33:47 UTC 2018
16 ms. Memory: 209920K Free: 186210K (89%)
ptolemy.util.test.WatchDog.cancel(): canceling Thu Jun 07 18:33:47 UTC 2018
------------------ testing $PTII/ptolemy/domains/de/test/auto/Modal7.xml
auto.tcl: Setting watchdog for 200 seconds at Thu Jun 07 18:33:47 UTC 2018
16 ms. Memory: 209920K Free: 188140K (90%)
ptolemy.util.test.WatchDog.cancel(): canceling Thu Jun 07 18:33:47 UTC 2018
auto.tcl: Setting watchdog for 200 seconds at Thu Jun 07 18:33:47 UTC 2018
11 ms. Memory: 209920K Free: 184393K (88%)
ptolemy.util.test.WatchDog.cancel(): canceling Thu Jun 07 18:33:47 UTC 2018
------------------ testing $PTII/ptolemy/domains/de/test/auto/ModalModel.xml
auto.tcl: Setting watchdog for 200 seconds at Thu Jun 07 18:33:47 UTC 2018
240 ms. Memory: 209920K Free: 129398K (62%)
ptolemy.util.test.WatchDog.cancel(): canceling Thu Jun 07 18:33:47 UTC 2018
auto.tcl: Setting watchdog for 200 seconds at Thu Jun 07 18:33:47 UTC 2018
239 ms. Memory: 209920K Free: 197282K (94%)
ptolemy.util.test.WatchDog.cancel(): canceling Thu Jun 07 18:33:47 UTC 2018
------------------ testing $PTII/ptolemy/domains/de/test/auto/ModalSource.xml
auto.tcl: Setting watchdog for 200 seconds at Thu Jun 07 18:33:47 UTC 2018
12 ms. Memory: 209920K Free: 195049K (93%)
ptolemy.util.test.WatchDog.cancel(): canceling Thu Jun 07 18:33:47 UTC 2018
auto.tcl: Setting watchdog for 200 seconds at Thu Jun 07 18:33:47 UTC 2018
7 ms. Memory: 209920K Free: 193322K (92%)
ptolemy.util.test.WatchDog.cancel(): canceling Thu Jun 07 18:33:47 UTC 2018
------------------ testing $PTII/ptolemy/domains/de/test/auto/NonInterruptibleTimerZeroDelay.xml
auto.tcl: Setting watchdog for 200 seconds at Thu Jun 07 18:33:47 UTC 2018
4 ms. Memory: 336896K Free: 326221K (97%)
ptolemy.util.test.WatchDog.cancel(): canceling Thu Jun 07 18:33:47 UTC 2018
auto.tcl: Setting watchdog for 200 seconds at Thu Jun 07 18:33:47 UTC 2018
3 ms. Memory: 336896K Free: 322768K (96%)
ptolemy.util.test.WatchDog.cancel(): canceling Thu Jun 07 18:33:47 UTC 2018
------------------ testing $PTII/ptolemy/domains/de/test/auto/OpenQueueingNetwork.xml
auto.tcl: Setting watchdog for 200 seconds at Thu Jun 07 18:33:48 UTC 2018
3386 ms. Memory: 336384K Free: 198659K (59%)
ptolemy.util.test.WatchDog.cancel(): canceling Thu Jun 07 18:33:51 UTC 2018
auto.tcl: Setting watchdog for 200 seconds at Thu Jun 07 18:33:51 UTC 2018
2283 ms. Memory: 314880K Free: 122384K (39%)
ptolemy.util.test.WatchDog.cancel(): canceling Thu Jun 07 18:33:53 UTC 2018
------------------ testing $PTII/ptolemy/domains/de/test/auto/OpenQueuingNetwork.xml
auto.tcl: Setting watchdog for 200 seconds at Thu Jun 07 18:33:53 UTC 2018
252 ms. Memory: 313344K Free: 208430K (67%)
ptolemy.util.test.WatchDog.cancel(): canceling Thu Jun 07 18:33:54 UTC 2018
auto.tcl: Setting watchdog for 200 seconds at Thu Jun 07 18:33:54 UTC 2018
244 ms. Memory: 313344K Free: 147060K (47%)
ptolemy.util.test.WatchDog.cancel(): canceling Thu Jun 07 18:33:54 UTC 2018
------------------ testing $PTII/ptolemy/domains/de/test/auto/PeriodicSampler.xml
auto.tcl: Setting watchdog for 200 seconds at Thu Jun 07 18:33:54 UTC 2018
3 ms. Memory: 314880K Free: 301624K (96%)
ptolemy.util.test.WatchDog.cancel(): canceling Thu Jun 07 18:33:54 UTC 2018
auto.tcl: Setting watchdog for 200 seconds at Thu Jun 07 18:33:54 UTC 2018
3 ms. Memory: 314880K Free: 298397K (95%)
ptolemy.util.test.WatchDog.cancel(): canceling Thu Jun 07 18:33:54 UTC 2018
------------------ testing $PTII/ptolemy/domains/de/test/auto/PersistentIO.xml
auto.tcl: Setting watchdog for 200 seconds at Thu Jun 07 18:33:54 UTC 2018
16 ms. Memory: 313344K Free: 296611K (95%)
ptolemy.util.test.WatchDog.cancel(): canceling Thu Jun 07 18:33:54 UTC 2018
auto.tcl: Setting watchdog for 200 seconds at Thu Jun 07 18:33:54 UTC 2018
4 ms. Memory: 313344K Free: 293377K (94%)
ptolemy.util.test.WatchDog.cancel(): canceling Thu Jun 07 18:33:54 UTC 2018
------------------ testing $PTII/ptolemy/domains/de/test/auto/PortParameterResetOnInitialize.xml
auto.tcl: Setting watchdog for 200 seconds at Thu Jun 07 18:33:54 UTC 2018
5 ms. Memory: 314880K Free: 298842K (95%)
ptolemy.util.test.WatchDog.cancel(): canceling Thu Jun 07 18:33:54 UTC 2018
auto.tcl: Setting watchdog for 200 seconds at Thu Jun 07 18:33:54 UTC 2018
2 ms. Memory: 314880K Free: 298842K (95%)
ptolemy.util.test.WatchDog.cancel(): canceling Thu Jun 07 18:33:54 UTC 2018
------------------ testing $PTII/ptolemy/domains/de/test/auto/PortParameterUpdates.xml
auto.tcl: Setting watchdog for 200 seconds at Thu Jun 07 18:33:54 UTC 2018
3 ms. Memory: 313344K Free: 299766K (96%)
ptolemy.util.test.WatchDog.cancel(): canceling Thu Jun 07 18:33:54 UTC 2018
auto.tcl: Setting watchdog for 200 seconds at Thu Jun 07 18:33:54 UTC 2018
4 ms. Memory: 313344K Free: 296532K (95%)
ptolemy.util.test.WatchDog.cancel(): canceling Thu Jun 07 18:33:54 UTC 2018
------------------ testing $PTII/ptolemy/domains/de/test/auto/QueueAndServer.xml
auto.tcl: Setting watchdog for 200 seconds at Thu Jun 07 18:33:54 UTC 2018
13 ms. Memory: 314368K Free: 300762K (96%)
ptolemy.util.test.WatchDog.cancel(): canceling Thu Jun 07 18:33:54 UTC 2018
auto.tcl: Setting watchdog for 200 seconds at Thu Jun 07 18:33:54 UTC 2018
8 ms. Memory: 314368K Free: 297535K (95%)
ptolemy.util.test.WatchDog.cancel(): canceling Thu Jun 07 18:33:54 UTC 2018
------------------ testing $PTII/ptolemy/domains/de/test/auto/Records.xml
auto.tcl: Setting watchdog for 200 seconds at Thu Jun 07 18:33:54 UTC 2018
4 ms. Memory: 313344K Free: 299680K (96%)
ptolemy.util.test.WatchDog.cancel(): canceling Thu Jun 07 18:33:54 UTC 2018
auto.tcl: Setting watchdog for 200 seconds at Thu Jun 07 18:33:54 UTC 2018
2 ms. Memory: 313344K Free: 299680K (96%)
ptolemy.util.test.WatchDog.cancel(): canceling Thu Jun 07 18:33:54 UTC 2018
------------------ testing $PTII/ptolemy/domains/de/test/auto/ResetTransitionWithStartTime1.xml
auto.tcl: Setting watchdog for 200 seconds at Thu Jun 07 18:33:54 UTC 2018
15 ms. Memory: 314368K Free: 297471K (95%)
ptolemy.util.test.WatchDog.cancel(): canceling Thu Jun 07 18:33:55 UTC 2018
auto.tcl: Setting watchdog for 200 seconds at Thu Jun 07 18:33:55 UTC 2018
11 ms. Memory: 314368K Free: 297471K (95%)
ptolemy.util.test.WatchDog.cancel(): canceling Thu Jun 07 18:33:55 UTC 2018
------------------ testing $PTII/ptolemy/domains/de/test/auto/ResetTransitionWithStartTime2.xml
auto.tcl: Setting watchdog for 200 seconds at Thu Jun 07 18:33:55 UTC 2018
5 ms. Memory: 313344K Free: 296512K (95%)
ptolemy.util.test.WatchDog.cancel(): canceling Thu Jun 07 18:33:55 UTC 2018
auto.tcl: Setting watchdog for 200 seconds at Thu Jun 07 18:33:55 UTC 2018
6 ms. Memory: 313344K Free: 296512K (95%)
ptolemy.util.test.WatchDog.cancel(): canceling Thu Jun 07 18:33:55 UTC 2018
------------------ testing $PTII/ptolemy/domains/de/test/auto/ResetTransitionWithStartTime3.xml
auto.tcl: Setting watchdog for 200 seconds at Thu Jun 07 18:33:55 UTC 2018
5 ms. Memory: 314368K Free: 297460K (95%)
ptolemy.util.test.WatchDog.cancel(): canceling Thu Jun 07 18:33:55 UTC 2018
auto.tcl: Setting watchdog for 200 seconds at Thu Jun 07 18:33:55 UTC 2018
6 ms. Memory: 314368K Free: 297460K (95%)
ptolemy.util.test.WatchDog.cancel(): canceling Thu Jun 07 18:33:55 UTC 2018
------------------ testing $PTII/ptolemy/domains/de/test/auto/ResetTransitionWithStartTime4.xml
auto.tcl: Setting watchdog for 200 seconds at Thu Jun 07 18:33:55 UTC 2018
5 ms. Memory: 313344K Free: 296450K (95%)
ptolemy.util.test.WatchDog.cancel(): canceling Thu Jun 07 18:33:55 UTC 2018
auto.tcl: Setting watchdog for 200 seconds at Thu Jun 07 18:33:55 UTC 2018
3 ms. Memory: 313344K Free: 296450K (95%)
ptolemy.util.test.WatchDog.cancel(): canceling Thu Jun 07 18:33:55 UTC 2018
------------------ testing $PTII/ptolemy/domains/de/test/auto/ResettableTimer1.xml
auto.tcl: Setting watchdog for 200 seconds at Thu Jun 07 18:33:55 UTC 2018
3 ms. Memory: 313856K Free: 300184K (96%)
ptolemy.util.test.WatchDog.cancel(): canceling Thu Jun 07 18:33:55 UTC 2018
auto.tcl: Setting watchdog for 200 seconds at Thu Jun 07 18:33:55 UTC 2018
2 ms. Memory: 313856K Free: 300184K (96%)
ptolemy.util.test.WatchDog.cancel(): canceling Thu Jun 07 18:33:55 UTC 2018
------------------ testing $PTII/ptolemy/domains/de/test/auto/ResettableTimer2.xml
auto.tcl: Setting watchdog for 200 seconds at Thu Jun 07 18:33:55 UTC 2018
3 ms. Memory: 313344K Free: 299805K (96%)
ptolemy.util.test.WatchDog.cancel(): canceling Thu Jun 07 18:33:55 UTC 2018
auto.tcl: Setting watchdog for 200 seconds at Thu Jun 07 18:33:55 UTC 2018
2 ms. Memory: 313344K Free: 299805K (96%)
ptolemy.util.test.WatchDog.cancel(): canceling Thu Jun 07 18:33:55 UTC 2018
------------------ testing $PTII/ptolemy/domains/de/test/auto/ResettableTimer3.xml
auto.tcl: Setting watchdog for 200 seconds at Thu Jun 07 18:33:55 UTC 2018
1 ms. Memory: 313856K Free: 300242K (96%)
ptolemy.util.test.WatchDog.cancel(): canceling Thu Jun 07 18:33:55 UTC 2018
auto.tcl: Setting watchdog for 200 seconds at Thu Jun 07 18:33:55 UTC 2018
1 ms. Memory: 313856K Free: 300242K (96%)
ptolemy.util.test.WatchDog.cancel(): canceling Thu Jun 07 18:33:55 UTC 2018
------------------ testing $PTII/ptolemy/domains/de/test/auto/ResettableTimer4.xml
auto.tcl: Setting watchdog for 200 seconds at Thu Jun 07 18:33:55 UTC 2018
2 ms. Memory: 313344K Free: 299817K (96%)
ptolemy.util.test.WatchDog.cancel(): canceling Thu Jun 07 18:33:55 UTC 2018
auto.tcl: Setting watchdog for 200 seconds at Thu Jun 07 18:33:55 UTC 2018
2 ms. Memory: 313344K Free: 299817K (96%)
ptolemy.util.test.WatchDog.cancel(): canceling Thu Jun 07 18:33:55 UTC 2018
------------------ testing $PTII/ptolemy/domains/de/test/auto/ResettableTimer5.xml
auto.tcl: Setting watchdog for 200 seconds at Thu Jun 07 18:33:55 UTC 2018
1 ms. Memory: 313856K Free: 298008K (95%)
ptolemy.util.test.WatchDog.cancel(): canceling Thu Jun 07 18:33:55 UTC 2018
auto.tcl: Setting watchdog for 200 seconds at Thu Jun 07 18:33:55 UTC 2018
2 ms. Memory: 313856K Free: 298008K (95%)
ptolemy.util.test.WatchDog.cancel(): canceling Thu Jun 07 18:33:55 UTC 2018
------------------ testing $PTII/ptolemy/domains/de/test/auto/ResettableTimer6.xml
auto.tcl: Setting watchdog for 200 seconds at Thu Jun 07 18:33:55 UTC 2018
2 ms. Memory: 313344K Free: 297371K (95%)
ptolemy.util.test.WatchDog.cancel(): canceling Thu Jun 07 18:33:55 UTC 2018
auto.tcl: Setting watchdog for 200 seconds at Thu Jun 07 18:33:55 UTC 2018
1 ms. Memory: 313344K Free: 297371K (95%)
ptolemy.util.test.WatchDog.cancel(): canceling Thu Jun 07 18:33:55 UTC 2018
------------------ testing $PTII/ptolemy/domains/de/test/auto/ServerZeroDelay.xml
auto.tcl: Setting watchdog for 200 seconds at Thu Jun 07 18:33:55 UTC 2018
3 ms. Memory: 313856K Free: 303510K (97%)
ptolemy.util.test.WatchDog.cancel(): canceling Thu Jun 07 18:33:55 UTC 2018
auto.tcl: Setting watchdog for 200 seconds at Thu Jun 07 18:33:55 UTC 2018
2 ms. Memory: 313856K Free: 300284K (96%)
ptolemy.util.test.WatchDog.cancel(): canceling Thu Jun 07 18:33:55 UTC 2018
------------------ testing $PTII/ptolemy/domains/de/test/auto/SmartSender.xml
auto.tcl: Setting watchdog for 200 seconds at Thu Jun 07 18:33:55 UTC 2018
3001 ms. Memory: 313344K Free: 297431K (95%)
ptolemy.util.test.WatchDog.cancel(): canceling Thu Jun 07 18:33:58 UTC 2018
auto.tcl: Setting watchdog for 200 seconds at Thu Jun 07 18:33:58 UTC 2018
3001 ms. Memory: 313344K Free: 297431K (95%)
ptolemy.util.test.WatchDog.cancel(): canceling Thu Jun 07 18:34:01 UTC 2018
------------------ testing $PTII/ptolemy/domains/de/test/auto/ThreadedComposite.xml
auto.tcl: Setting watchdog for 200 seconds at Thu Jun 07 18:34:01 UTC 2018
249 ms. Memory: 313856K Free: 277513K (88%)
ptolemy.util.test.WatchDog.cancel(): canceling Thu Jun 07 18:34:02 UTC 2018
auto.tcl: Setting watchdog for 200 seconds at Thu Jun 07 18:34:02 UTC 2018
137 ms. Memory: 313856K Free: 261783K (83%)
ptolemy.util.test.WatchDog.cancel(): canceling Thu Jun 07 18:34:02 UTC 2018
------------------ testing $PTII/ptolemy/domains/de/test/auto/Time.xml
auto.tcl: Setting watchdog for 200 seconds at Thu Jun 07 18:34:02 UTC 2018
521 ms. Memory: 313344K Free: 250702K (80%)
ptolemy.util.test.WatchDog.cancel(): canceling Thu Jun 07 18:34:02 UTC 2018
auto.tcl: Setting watchdog for 200 seconds at Thu Jun 07 18:34:02 UTC 2018
448 ms. Memory: 313344K Free: 202303K (65%)
ptolemy.util.test.WatchDog.cancel(): canceling Thu Jun 07 18:34:03 UTC 2018
------------------ testing $PTII/ptolemy/domains/de/test/auto/TimeDelayZeroDelay.xml
auto.tcl: Setting watchdog for 200 seconds at Thu Jun 07 18:34:03 UTC 2018
2 ms. Memory: 313856K Free: 303353K (97%)
ptolemy.util.test.WatchDog.cancel(): canceling Thu Jun 07 18:34:03 UTC 2018
auto.tcl: Setting watchdog for 200 seconds at Thu Jun 07 18:34:03 UTC 2018
2 ms. Memory: 313856K Free: 300110K (96%)
ptolemy.util.test.WatchDog.cancel(): canceling Thu Jun 07 18:34:03 UTC 2018
------------------ testing $PTII/ptolemy/domains/de/test/auto/TimerZeroDelay.xml
auto.tcl: Setting watchdog for 200 seconds at Thu Jun 07 18:34:03 UTC 2018
5 ms. Memory: 313344K Free: 302959K (97%)
ptolemy.util.test.WatchDog.cancel(): canceling Thu Jun 07 18:34:03 UTC 2018
auto.tcl: Setting watchdog for 200 seconds at Thu Jun 07 18:34:03 UTC 2018
1 ms. Memory: 313344K Free: 299717K (96%)
ptolemy.util.test.WatchDog.cancel(): canceling Thu Jun 07 18:34:03 UTC 2018
------------------ testing $PTII/ptolemy/domains/de/test/auto/TimingParadox.xml
auto.tcl: Setting watchdog for 200 seconds at Thu Jun 07 18:34:03 UTC 2018
356 ms. Memory: 313856K Free: 238579K (76%)
ptolemy.util.test.WatchDog.cancel(): canceling Thu Jun 07 18:34:03 UTC 2018
auto.tcl: Setting watchdog for 200 seconds at Thu Jun 07 18:34:03 UTC 2018
345 ms. Memory: 313856K Free: 203087K (65%)
ptolemy.util.test.WatchDog.cancel(): canceling Thu Jun 07 18:34:04 UTC 2018
------------------ testing $PTII/ptolemy/domains/de/test/auto/TransferInputs.xml
auto.tcl: Setting watchdog for 200 seconds at Thu Jun 07 18:34:04 UTC 2018
5 ms. Memory: 313856K Free: 299139K (95%)
ptolemy.util.test.WatchDog.cancel(): canceling Thu Jun 07 18:34:04 UTC 2018
auto.tcl: Setting watchdog for 200 seconds at Thu Jun 07 18:34:04 UTC 2018
2 ms. Memory: 313856K Free: 299139K (95%)
ptolemy.util.test.WatchDog.cancel(): canceling Thu Jun 07 18:34:04 UTC 2018
------------------ testing $PTII/ptolemy/domains/de/test/auto/TransferOutputs2.xml
auto.tcl: Setting watchdog for 200 seconds at Thu Jun 07 18:34:04 UTC 2018
3 ms. Memory: 313344K Free: 296501K (95%)
ptolemy.util.test.WatchDog.cancel(): canceling Thu Jun 07 18:34:04 UTC 2018
auto.tcl: Setting watchdog for 200 seconds at Thu Jun 07 18:34:04 UTC 2018
3 ms. Memory: 313344K Free: 296501K (95%)
ptolemy.util.test.WatchDog.cancel(): canceling Thu Jun 07 18:34:04 UTC 2018
------------------ testing $PTII/ptolemy/domains/de/test/auto/Trilateration.xml
auto.tcl: Setting watchdog for 200 seconds at Thu Jun 07 18:34:04 UTC 2018
12559 ms. Memory: 391680K Free: 248228K (63%)
ptolemy.util.test.WatchDog.cancel(): canceling Thu Jun 07 18:34:18 UTC 2018
auto.tcl: Setting watchdog for 200 seconds at Thu Jun 07 18:34:18 UTC 2018
9880 ms. Memory: 280576K Free: 120072K (43%)
ptolemy.util.test.WatchDog.cancel(): canceling Thu Jun 07 18:34:28 UTC 2018
------------------ testing $PTII/ptolemy/domains/de/test/auto/TwoSigmaDelta.xml
auto.tcl: Setting watchdog for 200 seconds at Thu Jun 07 18:34:28 UTC 2018
2926 ms. Memory: 272896K Free: 176353K (65%)
ptolemy.util.test.WatchDog.cancel(): canceling Thu Jun 07 18:34:31 UTC 2018
auto.tcl: Setting watchdog for 200 seconds at Thu Jun 07 18:34:31 UTC 2018
2217 ms. Memory: 266240K Free: 130541K (49%)
ptolemy.util.test.WatchDog.cancel(): canceling Thu Jun 07 18:34:33 UTC 2018
------------------ testing $PTII/ptolemy/domains/de/test/auto/VariableDelay.xml
auto.tcl: Setting watchdog for 200 seconds at Thu Jun 07 18:34:33 UTC 2018
2 ms. Memory: 264192K Free: 249564K (94%)
ptolemy.util.test.WatchDog.cancel(): canceling Thu Jun 07 18:34:33 UTC 2018
auto.tcl: Setting watchdog for 200 seconds at Thu Jun 07 18:34:33 UTC 2018
3 ms. Memory: 264192K Free: 249564K (94%)
ptolemy.util.test.WatchDog.cancel(): canceling Thu Jun 07 18:34:33 UTC 2018
------------------ testing $PTII/ptolemy/domains/de/test/auto/VariableDelay2.xml
auto.tcl: Setting watchdog for 200 seconds at Thu Jun 07 18:34:33 UTC 2018
9 ms. Memory: 265728K Free: 253329K (95%)
ptolemy.util.test.WatchDog.cancel(): canceling Thu Jun 07 18:34:33 UTC 2018
auto.tcl: Setting watchdog for 200 seconds at Thu Jun 07 18:34:33 UTC 2018
2 ms. Memory: 265728K Free: 253329K (95%)
ptolemy.util.test.WatchDog.cancel(): canceling Thu Jun 07 18:34:33 UTC 2018
------------------ testing $PTII/ptolemy/domains/de/test/auto/VariableDelayZeroDelay.xml
auto.tcl: Setting watchdog for 200 seconds at Thu Jun 07 18:34:33 UTC 2018
2 ms. Memory: 264192K Free: 249957K (95%)
ptolemy.util.test.WatchDog.cancel(): canceling Thu Jun 07 18:34:33 UTC 2018
auto.tcl: Setting watchdog for 200 seconds at Thu Jun 07 18:34:33 UTC 2018
2 ms. Memory: 264192K Free: 249957K (95%)
ptolemy.util.test.WatchDog.cancel(): canceling Thu Jun 07 18:34:33 UTC 2018
------------------ testing $PTII/ptolemy/domains/de/test/auto/VariableDelayZeroDelay2.xml
auto.tcl: Setting watchdog for 200 seconds at Thu Jun 07 18:34:33 UTC 2018
2 ms. Memory: 265728K Free: 251491K (95%)
ptolemy.util.test.WatchDog.cancel(): canceling Thu Jun 07 18:34:33 UTC 2018
auto.tcl: Setting watchdog for 200 seconds at Thu Jun 07 18:34:33 UTC 2018
1 ms. Memory: 265728K Free: 251491K (95%)
ptolemy.util.test.WatchDog.cancel(): canceling Thu Jun 07 18:34:33 UTC 2018
------------------ testing $PTII/ptolemy/domains/de/test/auto/deInCt.xml
auto.tcl: Setting watchdog for 200 seconds at Thu Jun 07 18:34:33 UTC 2018
0
1
1
1
1
0
0
0
0
0
1
1
1
0
0
0
1
1
1
0
0
0
1
1
1
0
0
0
1
1
1
1
0
0
0
0
1
1
1
1
12 ms. Memory: 264192K Free: 249965K (95%)
ptolemy.util.test.WatchDog.cancel(): canceling Thu Jun 07 18:34:33 UTC 2018
auto.tcl: Setting watchdog for 200 seconds at Thu Jun 07 18:34:33 UTC 2018
0
1
1
1
1
0
0
0
1
1
1
0
0
0
1
1
1
0
0
0
1
1
1
0
0
0
1
1
1
0
0
0
1
1
1
0
0
0
1
1
1
0
0
0
1
1
1
0
0
0
0
1
1
1
0
0
0
1
1
1
1
1
0
0
0
12 ms. Memory: 264192K Free: 247174K (94%)
ptolemy.util.test.WatchDog.cancel(): canceling Thu Jun 07 18:34:33 UTC 2018
------------------ testing $PTII/ptolemy/domains/de/test/auto/deInCt2.xml
auto.tcl: Setting watchdog for 200 seconds at Thu Jun 07 18:34:33 UTC 2018
0
1
1
1
0
0
1
1
1
0
0
1
1
1
0
0
1
1
1
0
0
1
1
1
0
0
1
1
1
0
0
1
1
1
0
0
1
1
1
0
0
0
10 ms. Memory: 265216K Free: 250992K (95%)
ptolemy.util.test.WatchDog.cancel(): canceling Thu Jun 07 18:34:34 UTC 2018
auto.tcl: Setting watchdog for 200 seconds at Thu Jun 07 18:34:34 UTC 2018
0
1
1
1
0
0
1
1
1
0
0
1
1
1
0
0
1
1
1
0
0
1
1
1
0
0
1
1
1
0
0
1
1
1
0
0
1
1
1
0
0
0
6 ms. Memory: 265216K Free: 250992K (95%)
ptolemy.util.test.WatchDog.cancel(): canceling Thu Jun 07 18:34:34 UTC 2018
------------------ testing $PTII/ptolemy/domains/de/test/auto/dynamicCausalityInterface1.xml
auto.tcl: Setting watchdog for 200 seconds at Thu Jun 07 18:34:34 UTC 2018
3 ms. Memory: 264192K Free: 244349K (92%)
ptolemy.util.test.WatchDog.cancel(): canceling Thu Jun 07 18:34:34 UTC 2018
auto.tcl: Setting watchdog for 200 seconds at Thu Jun 07 18:34:34 UTC 2018
0 ms. Memory: 264192K Free: 244349K (92%)
ptolemy.util.test.WatchDog.cancel(): canceling Thu Jun 07 18:34:34 UTC 2018
------------------ testing $PTII/ptolemy/domains/de/test/auto/fsm_de_test.xml
auto.tcl: Setting watchdog for 200 seconds at Thu Jun 07 18:34:34 UTC 2018
19 ms. Memory: 265216K Free: 248083K (94%)
ptolemy.util.test.WatchDog.cancel(): canceling Thu Jun 07 18:34:34 UTC 2018
auto.tcl: Setting watchdog for 200 seconds at Thu Jun 07 18:34:34 UTC 2018
7 ms. Memory: 265216K Free: 245276K (92%)
ptolemy.util.test.WatchDog.cancel(): canceling Thu Jun 07 18:34:34 UTC 2018
------------------ testing $PTII/ptolemy/domains/de/test/auto/functionDependencyReconstruction.xml
auto.tcl: Setting watchdog for 200 seconds at Thu Jun 07 18:34:34 UTC 2018
2 ms. Memory: 264192K Free: 238637K (90%)
ptolemy.util.test.WatchDog.cancel(): canceling Thu Jun 07 18:34:34 UTC 2018
auto.tcl: Setting watchdog for 200 seconds at Thu Jun 07 18:34:34 UTC 2018
4 ms. Memory: 264192K Free: 235830K (89%)
ptolemy.util.test.WatchDog.cancel(): canceling Thu Jun 07 18:34:34 UTC 2018
------------------ testing $PTII/ptolemy/domains/de/test/auto/multirate.xml
auto.tcl: Setting watchdog for 200 seconds at Thu Jun 07 18:34:34 UTC 2018
5 ms. Memory: 265216K Free: 247950K (93%)
ptolemy.util.test.WatchDog.cancel(): canceling Thu Jun 07 18:34:34 UTC 2018
auto.tcl: Setting watchdog for 200 seconds at Thu Jun 07 18:34:34 UTC 2018
3 ms. Memory: 265216K Free: 247950K (93%)
ptolemy.util.test.WatchDog.cancel(): canceling Thu Jun 07 18:34:34 UTC 2018
------------------ testing $PTII/ptolemy/domains/de/test/auto/multirate2.xml
auto.tcl: Setting watchdog for 200 seconds at Thu Jun 07 18:34:34 UTC 2018
3 ms. Memory: 264192K Free: 249897K (95%)
ptolemy.util.test.WatchDog.cancel(): canceling Thu Jun 07 18:34:34 UTC 2018
auto.tcl: Setting watchdog for 200 seconds at Thu Jun 07 18:34:34 UTC 2018
3 ms. Memory: 264192K Free: 247106K (94%)
ptolemy.util.test.WatchDog.cancel(): canceling Thu Jun 07 18:34:34 UTC 2018
------------------ testing $PTII/ptolemy/domains/de/test/auto/realtime.xml
auto.tcl: Setting watchdog for 200 seconds at Thu Jun 07 18:34:34 UTC 2018
10003 ms. Memory: 264704K Free: 250405K (95%)
ptolemy.util.test.WatchDog.cancel(): canceling Thu Jun 07 18:34:44 UTC 2018
auto.tcl: Setting watchdog for 200 seconds at Thu Jun 07 18:34:44 UTC 2018
10001 ms. Memory: 264704K Free: 250405K (95%)
ptolemy.util.test.WatchDog.cancel(): canceling Thu Jun 07 18:34:54 UTC 2018
------------------ testing $PTII/ptolemy/domains/de/test/auto/relationGroup.xml
auto.tcl: Setting watchdog for 200 seconds at Thu Jun 07 18:34:54 UTC 2018
1 ms. Memory: 264192K Free: 252729K (96%)
ptolemy.util.test.WatchDog.cancel(): canceling Thu Jun 07 18:34:54 UTC 2018
auto.tcl: Setting watchdog for 200 seconds at Thu Jun 07 18:34:54 UTC 2018
1 ms. Memory: 264192K Free: 249922K (95%)
ptolemy.util.test.WatchDog.cancel(): canceling Thu Jun 07 18:34:54 UTC 2018
------------------ testing $PTII/ptolemy/domains/de/test/auto/relationGroup2.xml
auto.tcl: Setting watchdog for 200 seconds at Thu Jun 07 18:34:54 UTC 2018
3 ms. Memory: 264704K Free: 253266K (96%)
ptolemy.util.test.WatchDog.cancel(): canceling Thu Jun 07 18:34:54 UTC 2018
auto.tcl: Setting watchdog for 200 seconds at Thu Jun 07 18:34:54 UTC 2018
1 ms. Memory: 264704K Free: 250475K (95%)
ptolemy.util.test.WatchDog.cancel(): canceling Thu Jun 07 18:34:54 UTC 2018
------------------ testing $PTII/ptolemy/domains/de/test/auto/sortWithOpaquePorts.xml
auto.tcl: Setting watchdog for 200 seconds at Thu Jun 07 18:34:54 UTC 2018
1 ms. Memory: 264192K Free: 249949K (95%)
ptolemy.util.test.WatchDog.cancel(): canceling Thu Jun 07 18:34:54 UTC 2018
auto.tcl: Setting watchdog for 200 seconds at Thu Jun 07 18:34:54 UTC 2018
1 ms. Memory: 264192K Free: 249949K (95%)
ptolemy.util.test.WatchDog.cancel(): canceling Thu Jun 07 18:34:54 UTC 2018
------------------ testing $PTII/ptolemy/domains/de/test/auto/transferInputsandOutputs.xml
auto.tcl: Setting watchdog for 200 seconds at Thu Jun 07 18:34:54 UTC 2018
3 ms. Memory: 264704K Free: 247657K (94%)
ptolemy.util.test.WatchDog.cancel(): canceling Thu Jun 07 18:34:54 UTC 2018
auto.tcl: Setting watchdog for 200 seconds at Thu Jun 07 18:34:54 UTC 2018
2 ms. Memory: 264704K Free: 247657K (94%)
ptolemy.util.test.WatchDog.cancel(): canceling Thu Jun 07 18:34:54 UTC 2018
------------------ testing $PTII/ptolemy/domains/de/test/auto/triggerType.xml
auto.tcl: Setting watchdog for 200 seconds at Thu Jun 07 18:34:54 UTC 2018
1 ms. Memory: 264192K Free: 249902K (95%)
ptolemy.util.test.WatchDog.cancel(): canceling Thu Jun 07 18:34:54 UTC 2018
auto.tcl: Setting watchdog for 200 seconds at Thu Jun 07 18:34:54 UTC 2018
1 ms. Memory: 264192K Free: 249902K (95%)
ptolemy.util.test.WatchDog.cancel(): canceling Thu Jun 07 18:34:54 UTC 2018
06/07/18 06:34:54
Failed: 0  Total Tests: 192  ((Passed: 187, Newly Passed: 1)  Known Failed: 5) /home/travis/build/icyphy/ptII/ptolemy/domains/de/test
06/07/18 06:34:54
Failed: 0  Total Tests: 192  ((Passed: 187, Newly Passed: 1)  Known Failed: 5) /home/travis/build/icyphy/ptII/ptolemy/domains/de/test
----------------- testing (KnownFailure) /home/travis/build/icyphy/ptII/ptolemy/domains/de/test/auto/knownFailedTests/DESDFClockTest.xml
2007 ms. Memory: 264704K Free: 242276K (92%)
Known Failure: java.lang.reflect.InvocationTargetException
----------------- testing (KnownFailure) /home/travis/build/icyphy/ptII/ptolemy/domains/de/test/auto/knownFailedTests/DirectFeedback.xml
1 ms. Memory: 264704K Free: 227653K (86%)
Known Failure: java.lang.reflect.InvocationTargetException
----------------- testing (KnownFailure) /home/travis/build/icyphy/ptII/ptolemy/domains/de/test/auto/knownFailedTests/FSMSource.xml
5 ms. Memory: 264704K Free: 209374K (79%)
----------------- testing (KnownFailure) /home/travis/build/icyphy/ptII/ptolemy/domains/de/test/auto/knownFailedTests/HierarchicalModel.xml
1 ms. Memory: 264704K Free: 187420K (71%)
Known Failure: java.lang.reflect.InvocationTargetException
----------------- testing (KnownFailure) /home/travis/build/icyphy/ptII/ptolemy/domains/de/test/auto/knownFailedTests/dependencyLoop.xml
1 ms. Memory: 264704K Free: 158175K (60%)
Known Failure: java.lang.reflect.InvocationTargetException
----------------- testing (KnownFailure) /home/travis/build/icyphy/ptII/ptolemy/domains/de/test/auto/knownFailedTests/dependencyLoop2.xml
1 ms. Memory: 264704K Free: 128904K (49%)
Known Failure: java.lang.reflect.InvocationTargetException
No auto/linux-amd64/*.xml tests in /home/travis/build/icyphy/ptII/ptolemy/domains/de/test
AutoTests.java: About to close Vertx.
AutoTests.java: Vertx closed.

===========================================================================================
----------------- testing Thu Jun 07 18:34:56 UTC 2018 /home/travis/build/icyphy/ptII/ptolemy/domains/de/test/auto/ActorDepthCalculation_actorWithoutPorts.xml
----------------- Instantiating /home/travis/build/icyphy/ptII/ptolemy/domains/de/test/auto/ActorDepthCalculation_actorWithoutPorts.xml
1 ms. Memory: 264704K Free: 106954K (40%)
----------------- Invoking toplevel() on ptolemy.moml.MoMLSimpleApplication@44c55871
----------------- Done invoking toplevel() on ptolemy.moml.MoMLSimpleApplication@44c55871
reloadAllAccessors: .ActorDepthCalculation_actorWithoutPorts

===========================================================================================
----------------- testing Thu Jun 07 18:34:56 UTC 2018 /home/travis/build/icyphy/ptII/ptolemy/domains/de/test/auto/AssemblyLine.xml
----------------- Instantiating /home/travis/build/icyphy/ptII/ptolemy/domains/de/test/auto/AssemblyLine.xml
1 ms. Memory: 264704K Free: 95971K (36%)
----------------- Invoking toplevel() on ptolemy.moml.MoMLSimpleApplication@54a56132
----------------- Done invoking toplevel() on ptolemy.moml.MoMLSimpleApplication@54a56132
reloadAllAccessors: .AssemblyLine

===========================================================================================
----------------- testing Thu Jun 07 18:34:56 UTC 2018 /home/travis/build/icyphy/ptII/ptolemy/domains/de/test/auto/CQBug1.xml
----------------- Instantiating /home/travis/build/icyphy/ptII/ptolemy/domains/de/test/auto/CQBug1.xml
1 ms. Memory: 264704K Free: 88660K (33%)
----------------- Invoking toplevel() on ptolemy.moml.MoMLSimpleApplication@2a1d77cf
----------------- Done invoking toplevel() on ptolemy.moml.MoMLSimpleApplication@2a1d77cf
reloadAllAccessors: .CQBug1

===========================================================================================
----------------- testing Thu Jun 07 18:34:56 UTC 2018 /home/travis/build/icyphy/ptII/ptolemy/domains/de/test/auto/CancelFireAt.xml
----------------- Instantiating /home/travis/build/icyphy/ptII/ptolemy/domains/de/test/auto/CancelFireAt.xml
1 ms. Memory: 264704K Free: 81348K (31%)
----------------- Invoking toplevel() on ptolemy.moml.MoMLSimpleApplication@2b1e3cc3
----------------- Done invoking toplevel() on ptolemy.moml.MoMLSimpleApplication@2b1e3cc3
reloadAllAccessors: .CancelFireAt

===========================================================================================
----------------- testing Thu Jun 07 18:34:56 UTC 2018 /home/travis/build/icyphy/ptII/ptolemy/domains/de/test/auto/CausalityAndComposabilityAnalysis.xml
----------------- Instantiating /home/travis/build/icyphy/ptII/ptolemy/domains/de/test/auto/CausalityAndComposabilityAnalysis.xml
1 ms. Memory: 256512K Free: 245725K (96%)
----------------- Invoking toplevel() on ptolemy.moml.MoMLSimpleApplication@3fa853a2
----------------- Done invoking toplevel() on ptolemy.moml.MoMLSimpleApplication@3fa853a2
reloadAllAccessors: .CausalityAndComposabilityAnalysis

===========================================================================================
----------------- testing Thu Jun 07 18:34:57 UTC 2018 /home/travis/build/icyphy/ptII/ptolemy/domains/de/test/auto/CausalityInterface1.xml
----------------- Instantiating /home/travis/build/icyphy/ptII/ptolemy/domains/de/test/auto/CausalityInterface1.xml
2 ms. Memory: 256512K Free: 236932K (92%)
----------------- Invoking toplevel() on ptolemy.moml.MoMLSimpleApplication@6b8f3589
----------------- Done invoking toplevel() on ptolemy.moml.MoMLSimpleApplication@6b8f3589
reloadAllAccessors: .CausalityInterface1

===========================================================================================
----------------- testing Thu Jun 07 18:34:57 UTC 2018 /home/travis/build/icyphy/ptII/ptolemy/domains/de/test/auto/CausalityInterface15.xml
----------------- Instantiating /home/travis/build/icyphy/ptII/ptolemy/domains/de/test/auto/CausalityInterface15.xml
1 ms. Memory: 256512K Free: 229912K (90%)
----------------- Invoking toplevel() on ptolemy.moml.MoMLSimpleApplication@53a9b280
----------------- Done invoking toplevel() on ptolemy.moml.MoMLSimpleApplication@53a9b280
reloadAllAccessors: .CausalityInterface15

===========================================================================================
----------------- testing Thu Jun 07 18:34:57 UTC 2018 /home/travis/build/icyphy/ptII/ptolemy/domains/de/test/auto/CausalityInterface2.xml
----------------- Instantiating /home/travis/build/icyphy/ptII/ptolemy/domains/de/test/auto/CausalityInterface2.xml
1 ms. Memory: 256512K Free: 222900K (87%)
----------------- Invoking toplevel() on ptolemy.moml.MoMLSimpleApplication@faed0f7
----------------- Done invoking toplevel() on ptolemy.moml.MoMLSimpleApplication@faed0f7
reloadAllAccessors: .CausalityInterface2

===========================================================================================
----------------- testing Thu Jun 07 18:34:57 UTC 2018 /home/travis/build/icyphy/ptII/ptolemy/domains/de/test/auto/CausalityInterface3.xml
----------------- Instantiating /home/travis/build/icyphy/ptII/ptolemy/domains/de/test/auto/CausalityInterface3.xml
1 ms. Memory: 256512K Free: 214122K (83%)
----------------- Invoking toplevel() on ptolemy.moml.MoMLSimpleApplication@3efa2ca2
----------------- Done invoking toplevel() on ptolemy.moml.MoMLSimpleApplication@3efa2ca2
reloadAllAccessors: .CausalityInterface3

===========================================================================================
----------------- testing Thu Jun 07 18:34:57 UTC 2018 /home/travis/build/icyphy/ptII/ptolemy/domains/de/test/auto/ClockDrift.xml
----------------- Instantiating /home/travis/build/icyphy/ptII/ptolemy/domains/de/test/auto/ClockDrift.xml
9 ms. Memory: 256512K Free: 198299K (77%)
----------------- Invoking toplevel() on ptolemy.moml.MoMLSimpleApplication@2bfeba5f
----------------- Done invoking toplevel() on ptolemy.moml.MoMLSimpleApplication@2bfeba5f
reloadAllAccessors: .ClockDrift

===========================================================================================
----------------- testing Thu Jun 07 18:34:57 UTC 2018 /home/travis/build/icyphy/ptII/ptolemy/domains/de/test/auto/ClockDriftAndValueChange.xml
----------------- Instantiating /home/travis/build/icyphy/ptII/ptolemy/domains/de/test/auto/ClockDriftAndValueChange.xml
8 ms. Memory: 256512K Free: 184258K (72%)
----------------- Invoking toplevel() on ptolemy.moml.MoMLSimpleApplication@11940e02
----------------- Done invoking toplevel() on ptolemy.moml.MoMLSimpleApplication@11940e02
reloadAllAccessors: .ClockDriftAndValueChange

===========================================================================================
----------------- testing Thu Jun 07 18:34:57 UTC 2018 /home/travis/build/icyphy/ptII/ptolemy/domains/de/test/auto/ClockDriftChange.xml
----------------- Instantiating /home/travis/build/icyphy/ptII/ptolemy/domains/de/test/auto/ClockDriftChange.xml
7 ms. Memory: 256512K Free: 171968K (67%)
----------------- Invoking toplevel() on ptolemy.moml.MoMLSimpleApplication@76aa16c
----------------- Done invoking toplevel() on ptolemy.moml.MoMLSimpleApplication@76aa16c
reloadAllAccessors: .ClockDriftChange

===========================================================================================
----------------- testing Thu Jun 07 18:34:57 UTC 2018 /home/travis/build/icyphy/ptII/ptolemy/domains/de/test/auto/ComposableCausalityAnalysis.xml
----------------- Instantiating /home/travis/build/icyphy/ptII/ptolemy/domains/de/test/auto/ComposableCausalityAnalysis.xml
2 ms. Memory: 256512K Free: 163207K (64%)
----------------- Invoking toplevel() on ptolemy.moml.MoMLSimpleApplication@2fdd6865
----------------- Done invoking toplevel() on ptolemy.moml.MoMLSimpleApplication@2fdd6865
reloadAllAccessors: .ComposableCausalityAnalysis

===========================================================================================
----------------- testing Thu Jun 07 18:34:57 UTC 2018 /home/travis/build/icyphy/ptII/ptolemy/domains/de/test/auto/DEFixedPointLimitation.xml
----------------- Instantiating /home/travis/build/icyphy/ptII/ptolemy/domains/de/test/auto/DEFixedPointLimitation.xml
1 ms. Memory: 256512K Free: 156171K (61%)
----------------- Invoking toplevel() on ptolemy.moml.MoMLSimpleApplication@7f9957e8
----------------- Done invoking toplevel() on ptolemy.moml.MoMLSimpleApplication@7f9957e8
reloadAllAccessors: .DEFixedPointLimitation

===========================================================================================
----------------- testing Thu Jun 07 18:34:57 UTC 2018 /home/travis/build/icyphy/ptII/ptolemy/domains/de/test/auto/DEScheduleTest.xml
----------------- Instantiating /home/travis/build/icyphy/ptII/ptolemy/domains/de/test/auto/DEScheduleTest.xml
5 ms. Memory: 256512K Free: 150909K (59%)
----------------- Invoking toplevel() on ptolemy.moml.MoMLSimpleApplication@50219996
----------------- Done invoking toplevel() on ptolemy.moml.MoMLSimpleApplication@50219996
reloadAllAccessors: .DEScheduleTest

===========================================================================================
----------------- testing Thu Jun 07 18:34:57 UTC 2018 /home/travis/build/icyphy/ptII/ptolemy/domains/de/test/auto/DEinDEwithStartTimes.xml
----------------- Instantiating /home/travis/build/icyphy/ptII/ptolemy/domains/de/test/auto/DEinDEwithStartTimes.xml
2 ms. Memory: 256512K Free: 143889K (56%)
----------------- Invoking toplevel() on ptolemy.moml.MoMLSimpleApplication@3ed1a2c0
----------------- Done invoking toplevel() on ptolemy.moml.MoMLSimpleApplication@3ed1a2c0
reloadAllAccessors: .DEinDEwithStartTimes

===========================================================================================
----------------- testing Thu Jun 07 18:34:57 UTC 2018 /home/travis/build/icyphy/ptII/ptolemy/domains/de/test/auto/DEinDEwithStartTimes2.xml
----------------- Instantiating /home/travis/build/icyphy/ptII/ptolemy/domains/de/test/auto/DEinDEwithStartTimes2.xml
3 ms. Memory: 256512K Free: 133343K (52%)
----------------- Invoking toplevel() on ptolemy.moml.MoMLSimpleApplication@6cc413ea
----------------- Done invoking toplevel() on ptolemy.moml.MoMLSimpleApplication@6cc413ea
reloadAllAccessors: .DEinDEwithStartTimes2

===========================================================================================
----------------- testing Thu Jun 07 18:34:57 UTC 2018 /home/travis/build/icyphy/ptII/ptolemy/domains/de/test/auto/DateDemo.xml
----------------- Instantiating /home/travis/build/icyphy/ptII/ptolemy/domains/de/test/auto/DateDemo.xml
4 ms. Memory: 256512K Free: 119286K (47%)
----------------- Invoking toplevel() on ptolemy.moml.MoMLSimpleApplication@5b78ad3b
----------------- Done invoking toplevel() on ptolemy.moml.MoMLSimpleApplication@5b78ad3b
reloadAllAccessors: .DateDemo

===========================================================================================
----------------- testing Thu Jun 07 18:34:57 UTC 2018 /home/travis/build/icyphy/ptII/ptolemy/domains/de/test/auto/DateToEvent.xml
----------------- Instantiating /home/travis/build/icyphy/ptII/ptolemy/domains/de/test/auto/DateToEvent.xml
2002 ms. Memory: 256512K Free: 99968K (39%)
----------------- Invoking toplevel() on ptolemy.moml.MoMLSimpleApplication@7dc15744
----------------- Done invoking toplevel() on ptolemy.moml.MoMLSimpleApplication@7dc15744
reloadAllAccessors: .DateToEvent

===========================================================================================
----------------- testing Thu Jun 07 18:34:59 UTC 2018 /home/travis/build/icyphy/ptII/ptolemy/domains/de/test/auto/DepthTest1.xml
----------------- Instantiating /home/travis/build/icyphy/ptII/ptolemy/domains/de/test/auto/DepthTest1.xml
0 ms. Memory: 256512K Free: 94699K (37%)
----------------- Invoking toplevel() on ptolemy.moml.MoMLSimpleApplication@eb9561c
----------------- Done invoking toplevel() on ptolemy.moml.MoMLSimpleApplication@eb9561c
reloadAllAccessors: .DepthTest1

===========================================================================================
----------------- testing Thu Jun 07 18:34:59 UTC 2018 /home/travis/build/icyphy/ptII/ptolemy/domains/de/test/auto/DepthTest2.xml
----------------- Instantiating /home/travis/build/icyphy/ptII/ptolemy/domains/de/test/auto/DepthTest2.xml
1 ms. Memory: 256512K Free: 84170K (33%)
----------------- Invoking toplevel() on ptolemy.moml.MoMLSimpleApplication@8105e09
----------------- Done invoking toplevel() on ptolemy.moml.MoMLSimpleApplication@8105e09
reloadAllAccessors: .DepthTest2

===========================================================================================
----------------- testing Thu Jun 07 18:34:59 UTC 2018 /home/travis/build/icyphy/ptII/ptolemy/domains/de/test/auto/DepthTest3.xml
----------------- Instantiating /home/travis/build/icyphy/ptII/ptolemy/domains/de/test/auto/DepthTest3.xml
1 ms. Memory: 256512K Free: 78901K (31%)
----------------- Invoking toplevel() on ptolemy.moml.MoMLSimpleApplication@436fcf8b
----------------- Done invoking toplevel() on ptolemy.moml.MoMLSimpleApplication@436fcf8b
reloadAllAccessors: .DepthTest3

===========================================================================================
----------------- testing Thu Jun 07 18:34:59 UTC 2018 /home/travis/build/icyphy/ptII/ptolemy/domains/de/test/auto/DepthTest4.xml
----------------- Instantiating /home/travis/build/icyphy/ptII/ptolemy/domains/de/test/auto/DepthTest4.xml
1 ms. Memory: 249856K Free: 240730K (96%)
----------------- Invoking toplevel() on ptolemy.moml.MoMLSimpleApplication@265d794a
----------------- Done invoking toplevel() on ptolemy.moml.MoMLSimpleApplication@265d794a
reloadAllAccessors: .DepthTest4

===========================================================================================
----------------- testing Thu Jun 07 18:34:59 UTC 2018 /home/travis/build/icyphy/ptII/ptolemy/domains/de/test/auto/DepthTest5.xml
----------------- Instantiating /home/travis/build/icyphy/ptII/ptolemy/domains/de/test/auto/DepthTest5.xml
1 ms. Memory: 249856K Free: 232851K (93%)
----------------- Invoking toplevel() on ptolemy.moml.MoMLSimpleApplication@6127bd34
----------------- Done invoking toplevel() on ptolemy.moml.MoMLSimpleApplication@6127bd34
reloadAllAccessors: .DepthTest5

===========================================================================================
----------------- testing Thu Jun 07 18:34:59 UTC 2018 /home/travis/build/icyphy/ptII/ptolemy/domains/de/test/auto/DepthTest6.xml
----------------- Instantiating /home/travis/build/icyphy/ptII/ptolemy/domains/de/test/auto/DepthTest6.xml
1 ms. Memory: 249856K Free: 226117K (90%)
----------------- Invoking toplevel() on ptolemy.moml.MoMLSimpleApplication@ddc30c3
----------------- Done invoking toplevel() on ptolemy.moml.MoMLSimpleApplication@ddc30c3
reloadAllAccessors: .DepthTest6

===========================================================================================
----------------- testing Thu Jun 07 18:34:59 UTC 2018 /home/travis/build/icyphy/ptII/ptolemy/domains/de/test/auto/DepthTest7.xml
----------------- Instantiating /home/travis/build/icyphy/ptII/ptolemy/domains/de/test/auto/DepthTest7.xml
1 ms. Memory: 249856K Free: 216575K (87%)
----------------- Invoking toplevel() on ptolemy.moml.MoMLSimpleApplication@5c3ce2ed
----------------- Done invoking toplevel() on ptolemy.moml.MoMLSimpleApplication@5c3ce2ed
reloadAllAccessors: .DepthTest7

===========================================================================================
----------------- testing Thu Jun 07 18:34:59 UTC 2018 /home/travis/build/icyphy/ptII/ptolemy/domains/de/test/auto/EventToDate.xml
----------------- Instantiating /home/travis/build/icyphy/ptII/ptolemy/domains/de/test/auto/EventToDate.xml
3002 ms. Memory: 249856K Free: 199715K (80%)
----------------- Invoking toplevel() on ptolemy.moml.MoMLSimpleApplication@44bcb998
----------------- Done invoking toplevel() on ptolemy.moml.MoMLSimpleApplication@44bcb998
reloadAllAccessors: .EventToDate

===========================================================================================
----------------- testing Thu Jun 07 18:35:02 UTC 2018 /home/travis/build/icyphy/ptII/ptolemy/domains/de/test/auto/FSM1.xml
----------------- Instantiating /home/travis/build/icyphy/ptII/ptolemy/domains/de/test/auto/FSM1.xml
17 ms. Memory: 249856K Free: 185118K (74%)
----------------- Invoking toplevel() on ptolemy.moml.MoMLSimpleApplication@654a9075
----------------- Done invoking toplevel() on ptolemy.moml.MoMLSimpleApplication@654a9075
reloadAllAccessors: .FSM1

===========================================================================================
----------------- testing Thu Jun 07 18:35:02 UTC 2018 /home/travis/build/icyphy/ptII/ptolemy/domains/de/test/auto/FSM7.xml
----------------- Instantiating /home/travis/build/icyphy/ptII/ptolemy/domains/de/test/auto/FSM7.xml
19 ms. Memory: 249856K Free: 169931K (68%)
----------------- Invoking toplevel() on ptolemy.moml.MoMLSimpleApplication@431d22ff
----------------- Done invoking toplevel() on ptolemy.moml.MoMLSimpleApplication@431d22ff
reloadAllAccessors: .FSM7

===========================================================================================
----------------- testing Thu Jun 07 18:35:02 UTC 2018 /home/travis/build/icyphy/ptII/ptolemy/domains/de/test/auto/Inspection.xml
----------------- Instantiating /home/travis/build/icyphy/ptII/ptolemy/domains/de/test/auto/Inspection.xml
13 ms. Memory: 249856K Free: 156472K (63%)
----------------- Invoking toplevel() on ptolemy.moml.MoMLSimpleApplication@59a5d09c
----------------- Done invoking toplevel() on ptolemy.moml.MoMLSimpleApplication@59a5d09c
reloadAllAccessors: .Inspection

===========================================================================================
----------------- testing Thu Jun 07 18:35:02 UTC 2018 /home/travis/build/icyphy/ptII/ptolemy/domains/de/test/auto/Iteration.xml
----------------- Instantiating /home/travis/build/icyphy/ptII/ptolemy/domains/de/test/auto/Iteration.xml
8 ms. Memory: 249856K Free: 146929K (59%)
----------------- Invoking toplevel() on ptolemy.moml.MoMLSimpleApplication@65ab62ed
----------------- Done invoking toplevel() on ptolemy.moml.MoMLSimpleApplication@65ab62ed
reloadAllAccessors: .Iteration

===========================================================================================
----------------- testing Thu Jun 07 18:35:02 UTC 2018 /home/travis/build/icyphy/ptII/ptolemy/domains/de/test/auto/LineFault.xml
----------------- Instantiating /home/travis/build/icyphy/ptII/ptolemy/domains/de/test/auto/LineFault.xml
364 ms. Memory: 243200K Free: 188062K (77%)
----------------- Invoking toplevel() on ptolemy.moml.MoMLSimpleApplication@2d52d7d1
----------------- Done invoking toplevel() on ptolemy.moml.MoMLSimpleApplication@2d52d7d1
reloadAllAccessors: .LineFault

===========================================================================================
----------------- testing Thu Jun 07 18:35:03 UTC 2018 /home/travis/build/icyphy/ptII/ptolemy/domains/de/test/auto/MergeModel1Add.xml
----------------- Instantiating /home/travis/build/icyphy/ptII/ptolemy/domains/de/test/auto/MergeModel1Add.xml
3 ms. Memory: 243200K Free: 164236K (68%)
----------------- Invoking toplevel() on ptolemy.moml.MoMLSimpleApplication@6d83b573
----------------- Done invoking toplevel() on ptolemy.moml.MoMLSimpleApplication@6d83b573
reloadAllAccessors: .MergeModel1Add

===========================================================================================
----------------- testing Thu Jun 07 18:35:03 UTC 2018 /home/travis/build/icyphy/ptII/ptolemy/domains/de/test/auto/MergeModel2Add.xml
----------------- Instantiating /home/travis/build/icyphy/ptII/ptolemy/domains/de/test/auto/MergeModel2Add.xml
5 ms. Memory: 243200K Free: 142924K (59%)
----------------- Invoking toplevel() on ptolemy.moml.MoMLSimpleApplication@86e8eba
----------------- Done invoking toplevel() on ptolemy.moml.MoMLSimpleApplication@86e8eba
reloadAllAccessors: .MergeModel2Add

===========================================================================================
----------------- testing Thu Jun 07 18:35:03 UTC 2018 /home/travis/build/icyphy/ptII/ptolemy/domains/de/test/auto/MergeModel3Add.xml
----------------- Instantiating /home/travis/build/icyphy/ptII/ptolemy/domains/de/test/auto/MergeModel3Add.xml
4 ms. Memory: 243200K Free: 122359K (50%)
----------------- Invoking toplevel() on ptolemy.moml.MoMLSimpleApplication@67d4045c
----------------- Done invoking toplevel() on ptolemy.moml.MoMLSimpleApplication@67d4045c
reloadAllAccessors: .MergeModel3Add

===========================================================================================
----------------- testing Thu Jun 07 18:35:03 UTC 2018 /home/travis/build/icyphy/ptII/ptolemy/domains/de/test/auto/MergeWithoutDiscard.xml
----------------- Instantiating /home/travis/build/icyphy/ptII/ptolemy/domains/de/test/auto/MergeWithoutDiscard.xml
1 ms. Memory: 243200K Free: 116220K (48%)
----------------- Invoking toplevel() on ptolemy.moml.MoMLSimpleApplication@5976fca2
----------------- Done invoking toplevel() on ptolemy.moml.MoMLSimpleApplication@5976fca2
reloadAllAccessors: .MergeWithoutDiscard

===========================================================================================
----------------- testing Thu Jun 07 18:35:03 UTC 2018 /home/travis/build/icyphy/ptII/ptolemy/domains/de/test/auto/Modal1.xml
----------------- Instantiating /home/travis/build/icyphy/ptII/ptolemy/domains/de/test/auto/Modal1.xml
8 ms. Memory: 243200K Free: 101440K (42%)
----------------- Invoking toplevel() on ptolemy.moml.MoMLSimpleApplication@2172826d
----------------- Done invoking toplevel() on ptolemy.moml.MoMLSimpleApplication@2172826d
reloadAllAccessors: .Modal1

===========================================================================================
----------------- testing Thu Jun 07 18:35:03 UTC 2018 /home/travis/build/icyphy/ptII/ptolemy/domains/de/test/auto/Modal2.xml
----------------- Instantiating /home/travis/build/icyphy/ptII/ptolemy/domains/de/test/auto/Modal2.xml
7 ms. Memory: 243200K Free: 87390K (36%)
----------------- Invoking toplevel() on ptolemy.moml.MoMLSimpleApplication@2978735f
----------------- Done invoking toplevel() on ptolemy.moml.MoMLSimpleApplication@2978735f
reloadAllAccessors: .Modal2

===========================================================================================
----------------- testing Thu Jun 07 18:35:03 UTC 2018 /home/travis/build/icyphy/ptII/ptolemy/domains/de/test/auto/Modal3.xml
----------------- Instantiating /home/travis/build/icyphy/ptII/ptolemy/domains/de/test/auto/Modal3.xml
11 ms. Memory: 236032K Free: 226224K (96%)
----------------- Invoking toplevel() on ptolemy.moml.MoMLSimpleApplication@4791067b
----------------- Done invoking toplevel() on ptolemy.moml.MoMLSimpleApplication@4791067b
reloadAllAccessors: .Modal3

===========================================================================================
----------------- testing Thu Jun 07 18:35:03 UTC 2018 /home/travis/build/icyphy/ptII/ptolemy/domains/de/test/auto/Modal4.xml
----------------- Instantiating /home/travis/build/icyphy/ptII/ptolemy/domains/de/test/auto/Modal4.xml
8 ms. Memory: 236032K Free: 210605K (89%)
----------------- Invoking toplevel() on ptolemy.moml.MoMLSimpleApplication@47a50a9b
----------------- Done invoking toplevel() on ptolemy.moml.MoMLSimpleApplication@47a50a9b
reloadAllAccessors: .Modal4

===========================================================================================
----------------- testing Thu Jun 07 18:35:03 UTC 2018 /home/travis/build/icyphy/ptII/ptolemy/domains/de/test/auto/Modal5.xml
----------------- Instantiating /home/travis/build/icyphy/ptII/ptolemy/domains/de/test/auto/Modal5.xml
5 ms. Memory: 236032K Free: 195136K (83%)
----------------- Invoking toplevel() on ptolemy.moml.MoMLSimpleApplication@109a6fac
----------------- Done invoking toplevel() on ptolemy.moml.MoMLSimpleApplication@109a6fac
reloadAllAccessors: .Modal5

===========================================================================================
----------------- testing Thu Jun 07 18:35:03 UTC 2018 /home/travis/build/icyphy/ptII/ptolemy/domains/de/test/auto/Modal6.xml
----------------- Instantiating /home/travis/build/icyphy/ptII/ptolemy/domains/de/test/auto/Modal6.xml
7 ms. Memory: 236032K Free: 180156K (76%)
----------------- Invoking toplevel() on ptolemy.moml.MoMLSimpleApplication@6783e8f8
----------------- Done invoking toplevel() on ptolemy.moml.MoMLSimpleApplication@6783e8f8
reloadAllAccessors: .Modal6

===========================================================================================
----------------- testing Thu Jun 07 18:35:03 UTC 2018 /home/travis/build/icyphy/ptII/ptolemy/domains/de/test/auto/Modal7.xml
----------------- Instantiating /home/travis/build/icyphy/ptII/ptolemy/domains/de/test/auto/Modal7.xml
6 ms. Memory: 236032K Free: 164043K (70%)
----------------- Invoking toplevel() on ptolemy.moml.MoMLSimpleApplication@c0ec571
----------------- Done invoking toplevel() on ptolemy.moml.MoMLSimpleApplication@c0ec571
reloadAllAccessors: .Modal7

===========================================================================================
----------------- testing Thu Jun 07 18:35:03 UTC 2018 /home/travis/build/icyphy/ptII/ptolemy/domains/de/test/auto/ModalModel.xml
----------------- Instantiating /home/travis/build/icyphy/ptII/ptolemy/domains/de/test/auto/ModalModel.xml
102 ms. Memory: 236032K Free: 92854K (39%)
----------------- Invoking toplevel() on ptolemy.moml.MoMLSimpleApplication@286bb5eb
----------------- Done invoking toplevel() on ptolemy.moml.MoMLSimpleApplication@286bb5eb
reloadAllAccessors: .ModalModel

===========================================================================================
----------------- testing Thu Jun 07 18:35:03 UTC 2018 /home/travis/build/icyphy/ptII/ptolemy/domains/de/test/auto/ModalSource.xml
----------------- Instantiating /home/travis/build/icyphy/ptII/ptolemy/domains/de/test/auto/ModalSource.xml
3 ms. Memory: 236032K Free: 83014K (35%)
----------------- Invoking toplevel() on ptolemy.moml.MoMLSimpleApplication@7d90e274
----------------- Done invoking toplevel() on ptolemy.moml.MoMLSimpleApplication@7d90e274
reloadAllAccessors: .ModalSource

===========================================================================================
----------------- testing Thu Jun 07 18:35:03 UTC 2018 /home/travis/build/icyphy/ptII/ptolemy/domains/de/test/auto/NonInterruptibleTimerZeroDelay.xml
----------------- Instantiating /home/travis/build/icyphy/ptII/ptolemy/domains/de/test/auto/NonInterruptibleTimerZeroDelay.xml
2 ms. Memory: 236032K Free: 78381K (33%)
----------------- Invoking toplevel() on ptolemy.moml.MoMLSimpleApplication@2ebc43ba
----------------- Done invoking toplevel() on ptolemy.moml.MoMLSimpleApplication@2ebc43ba
reloadAllAccessors: .NonInterruptibleTimerZeroDelay

===========================================================================================
----------------- testing Thu Jun 07 18:35:03 UTC 2018 /home/travis/build/icyphy/ptII/ptolemy/domains/de/test/auto/OpenQueueingNetwork.xml
----------------- Instantiating /home/travis/build/icyphy/ptII/ptolemy/domains/de/test/auto/OpenQueueingNetwork.xml
2246 ms. Memory: 207872K Free: 122839K (59%)
----------------- Invoking toplevel() on ptolemy.moml.MoMLSimpleApplication@7c7b6a3f
----------------- Done invoking toplevel() on ptolemy.moml.MoMLSimpleApplication@7c7b6a3f
reloadAllAccessors: .OpenQueueingNetwork

===========================================================================================
----------------- testing Thu Jun 07 18:35:05 UTC 2018 /home/travis/build/icyphy/ptII/ptolemy/domains/de/test/auto/OpenQueuingNetwork.xml
----------------- Instantiating /home/travis/build/icyphy/ptII/ptolemy/domains/de/test/auto/OpenQueuingNetwork.xml
268 ms. Memory: 204800K Free: 156790K (77%)
----------------- Invoking toplevel() on ptolemy.moml.MoMLSimpleApplication@1700ad53
----------------- Done invoking toplevel() on ptolemy.moml.MoMLSimpleApplication@1700ad53
reloadAllAccessors: .OpenQueuingNetwork

===========================================================================================
----------------- testing Thu Jun 07 18:35:06 UTC 2018 /home/travis/build/icyphy/ptII/ptolemy/domains/de/test/auto/PeriodicSampler.xml
----------------- Instantiating /home/travis/build/icyphy/ptII/ptolemy/domains/de/test/auto/PeriodicSampler.xml
1 ms. Memory: 204800K Free: 149887K (73%)
----------------- Invoking toplevel() on ptolemy.moml.MoMLSimpleApplication@70f9721f
----------------- Done invoking toplevel() on ptolemy.moml.MoMLSimpleApplication@70f9721f
reloadAllAccessors: .PeriodicSampler

===========================================================================================
----------------- testing Thu Jun 07 18:35:06 UTC 2018 /home/travis/build/icyphy/ptII/ptolemy/domains/de/test/auto/PersistentIO.xml
----------------- Instantiating /home/travis/build/icyphy/ptII/ptolemy/domains/de/test/auto/PersistentIO.xml
5 ms. Memory: 204800K Free: 139546K (68%)
----------------- Invoking toplevel() on ptolemy.moml.MoMLSimpleApplication@772b659b
----------------- Done invoking toplevel() on ptolemy.moml.MoMLSimpleApplication@772b659b
reloadAllAccessors: .PersistentIO

===========================================================================================
----------------- testing Thu Jun 07 18:35:06 UTC 2018 /home/travis/build/icyphy/ptII/ptolemy/domains/de/test/auto/PortParameterResetOnInitialize.xml
----------------- Instantiating /home/travis/build/icyphy/ptII/ptolemy/domains/de/test/auto/PortParameterResetOnInitialize.xml
8 ms. Memory: 204800K Free: 134120K (65%)
----------------- Invoking toplevel() on ptolemy.moml.MoMLSimpleApplication@4bec9886
----------------- Done invoking toplevel() on ptolemy.moml.MoMLSimpleApplication@4bec9886
reloadAllAccessors: .PortParameterResetOnInitialize

===========================================================================================
----------------- testing Thu Jun 07 18:35:06 UTC 2018 /home/travis/build/icyphy/ptII/ptolemy/domains/de/test/auto/PortParameterUpdates.xml
----------------- Instantiating /home/travis/build/icyphy/ptII/ptolemy/domains/de/test/auto/PortParameterUpdates.xml
3 ms. Memory: 204800K Free: 126218K (62%)
----------------- Invoking toplevel() on ptolemy.moml.MoMLSimpleApplication@34901475
----------------- Done invoking toplevel() on ptolemy.moml.MoMLSimpleApplication@34901475
reloadAllAccessors: .PortParameterUpdates

===========================================================================================
----------------- testing Thu Jun 07 18:35:06 UTC 2018 /home/travis/build/icyphy/ptII/ptolemy/domains/de/test/auto/QueueAndServer.xml
----------------- Instantiating /home/travis/build/icyphy/ptII/ptolemy/domains/de/test/auto/QueueAndServer.xml
5 ms. Memory: 204800K Free: 117300K (57%)
----------------- Invoking toplevel() on ptolemy.moml.MoMLSimpleApplication@75c75ab
----------------- Done invoking toplevel() on ptolemy.moml.MoMLSimpleApplication@75c75ab
reloadAllAccessors: .QueueAndServer

===========================================================================================
----------------- testing Thu Jun 07 18:35:06 UTC 2018 /home/travis/build/icyphy/ptII/ptolemy/domains/de/test/auto/Records.xml
----------------- Instantiating /home/travis/build/icyphy/ptII/ptolemy/domains/de/test/auto/Records.xml
2 ms. Memory: 204800K Free: 110632K (54%)
----------------- Invoking toplevel() on ptolemy.moml.MoMLSimpleApplication@29293d2d
----------------- Done invoking toplevel() on ptolemy.moml.MoMLSimpleApplication@29293d2d
reloadAllAccessors: .Records

===========================================================================================
----------------- testing Thu Jun 07 18:35:06 UTC 2018 /home/travis/build/icyphy/ptII/ptolemy/domains/de/test/auto/ResetTransitionWithStartTime1.xml
----------------- Instantiating /home/travis/build/icyphy/ptII/ptolemy/domains/de/test/auto/ResetTransitionWithStartTime1.xml
4 ms. Memory: 204800K Free: 100300K (49%)
----------------- Invoking toplevel() on ptolemy.moml.MoMLSimpleApplication@4100cab1
----------------- Done invoking toplevel() on ptolemy.moml.MoMLSimpleApplication@4100cab1
reloadAllAccessors: .ResetTransitionWithStartTime1

===========================================================================================
----------------- testing Thu Jun 07 18:35:06 UTC 2018 /home/travis/build/icyphy/ptII/ptolemy/domains/de/test/auto/ResetTransitionWithStartTime2.xml
----------------- Instantiating /home/travis/build/icyphy/ptII/ptolemy/domains/de/test/auto/ResetTransitionWithStartTime2.xml
5 ms. Memory: 204800K Free: 89920K (44%)
----------------- Invoking toplevel() on ptolemy.moml.MoMLSimpleApplication@7afa8e0e
----------------- Done invoking toplevel() on ptolemy.moml.MoMLSimpleApplication@7afa8e0e
reloadAllAccessors: .ResetTransitionWithStartTime2

===========================================================================================
----------------- testing Thu Jun 07 18:35:06 UTC 2018 /home/travis/build/icyphy/ptII/ptolemy/domains/de/test/auto/ResetTransitionWithStartTime3.xml
----------------- Instantiating /home/travis/build/icyphy/ptII/ptolemy/domains/de/test/auto/ResetTransitionWithStartTime3.xml
5 ms. Memory: 204800K Free: 79540K (39%)
----------------- Invoking toplevel() on ptolemy.moml.MoMLSimpleApplication@12d831b8
----------------- Done invoking toplevel() on ptolemy.moml.MoMLSimpleApplication@12d831b8
reloadAllAccessors: .ResetTransitionWithStartTime3

===========================================================================================
----------------- testing Thu Jun 07 18:35:06 UTC 2018 /home/travis/build/icyphy/ptII/ptolemy/domains/de/test/auto/ResetTransitionWithStartTime4.xml
----------------- Instantiating /home/travis/build/icyphy/ptII/ptolemy/domains/de/test/auto/ResetTransitionWithStartTime4.xml
3 ms. Memory: 198656K Free: 184953K (93%)
----------------- Invoking toplevel() on ptolemy.moml.MoMLSimpleApplication@667745fb
----------------- Done invoking toplevel() on ptolemy.moml.MoMLSimpleApplication@667745fb
reloadAllAccessors: .ResetTransitionWithStartTime4

===========================================================================================
----------------- testing Thu Jun 07 18:35:06 UTC 2018 /home/travis/build/icyphy/ptII/ptolemy/domains/de/test/auto/ResettableTimer1.xml
----------------- Instantiating /home/travis/build/icyphy/ptII/ptolemy/domains/de/test/auto/ResettableTimer1.xml
1 ms. Memory: 198656K Free: 179652K (90%)
----------------- Invoking toplevel() on ptolemy.moml.MoMLSimpleApplication@15276010
----------------- Done invoking toplevel() on ptolemy.moml.MoMLSimpleApplication@15276010
reloadAllAccessors: .ResettableTimer1

===========================================================================================
----------------- testing Thu Jun 07 18:35:06 UTC 2018 /home/travis/build/icyphy/ptII/ptolemy/domains/de/test/auto/ResettableTimer2.xml
----------------- Instantiating /home/travis/build/icyphy/ptII/ptolemy/domains/de/test/auto/ResettableTimer2.xml
1 ms. Memory: 198656K Free: 174499K (88%)
----------------- Invoking toplevel() on ptolemy.moml.MoMLSimpleApplication@1fffac3a
----------------- Done invoking toplevel() on ptolemy.moml.MoMLSimpleApplication@1fffac3a
reloadAllAccessors: .ResettableTimer2

===========================================================================================
----------------- testing Thu Jun 07 18:35:06 UTC 2018 /home/travis/build/icyphy/ptII/ptolemy/domains/de/test/auto/ResettableTimer3.xml
----------------- Instantiating /home/travis/build/icyphy/ptII/ptolemy/domains/de/test/auto/ResettableTimer3.xml
1 ms. Memory: 198656K Free: 169198K (85%)
----------------- Invoking toplevel() on ptolemy.moml.MoMLSimpleApplication@596b9c8
----------------- Done invoking toplevel() on ptolemy.moml.MoMLSimpleApplication@596b9c8
reloadAllAccessors: .ResettableTimer3

===========================================================================================
----------------- testing Thu Jun 07 18:35:06 UTC 2018 /home/travis/build/icyphy/ptII/ptolemy/domains/de/test/auto/ResettableTimer4.xml
----------------- Instantiating /home/travis/build/icyphy/ptII/ptolemy/domains/de/test/auto/ResettableTimer4.xml
1 ms. Memory: 198656K Free: 164045K (83%)
----------------- Invoking toplevel() on ptolemy.moml.MoMLSimpleApplication@6f356e8e
----------------- Done invoking toplevel() on ptolemy.moml.MoMLSimpleApplication@6f356e8e
reloadAllAccessors: .ResettableTimer4

===========================================================================================
----------------- testing Thu Jun 07 18:35:06 UTC 2018 /home/travis/build/icyphy/ptII/ptolemy/domains/de/test/auto/ResettableTimer5.xml
----------------- Instantiating /home/travis/build/icyphy/ptII/ptolemy/domains/de/test/auto/ResettableTimer5.xml
1 ms. Memory: 198656K Free: 157563K (79%)
----------------- Invoking toplevel() on ptolemy.moml.MoMLSimpleApplication@690bfc62
----------------- Done invoking toplevel() on ptolemy.moml.MoMLSimpleApplication@690bfc62
reloadAllAccessors: .ResettableTimer5

===========================================================================================
----------------- testing Thu Jun 07 18:35:06 UTC 2018 /home/travis/build/icyphy/ptII/ptolemy/domains/de/test/auto/ResettableTimer6.xml
----------------- Instantiating /home/travis/build/icyphy/ptII/ptolemy/domains/de/test/auto/ResettableTimer6.xml
1 ms. Memory: 198656K Free: 151238K (76%)
----------------- Invoking toplevel() on ptolemy.moml.MoMLSimpleApplication@55257861
----------------- Done invoking toplevel() on ptolemy.moml.MoMLSimpleApplication@55257861
reloadAllAccessors: .ResettableTimer6

===========================================================================================
----------------- testing Thu Jun 07 18:35:06 UTC 2018 /home/travis/build/icyphy/ptII/ptolemy/domains/de/test/auto/ServerZeroDelay.xml
----------------- Instantiating /home/travis/build/icyphy/ptII/ptolemy/domains/de/test/auto/ServerZeroDelay.xml
2 ms. Memory: 198656K Free: 145935K (73%)
----------------- Invoking toplevel() on ptolemy.moml.MoMLSimpleApplication@53d5a660
----------------- Done invoking toplevel() on ptolemy.moml.MoMLSimpleApplication@53d5a660
reloadAllAccessors: .ServerZeroDelay

===========================================================================================
----------------- testing Thu Jun 07 18:35:06 UTC 2018 /home/travis/build/icyphy/ptII/ptolemy/domains/de/test/auto/SmartSender.xml
----------------- Instantiating /home/travis/build/icyphy/ptII/ptolemy/domains/de/test/auto/SmartSender.xml
3002 ms. Memory: 198656K Free: 140774K (71%)
----------------- Invoking toplevel() on ptolemy.moml.MoMLSimpleApplication@13d2a42c
----------------- Done invoking toplevel() on ptolemy.moml.MoMLSimpleApplication@13d2a42c
reloadAllAccessors: .SmartSender

===========================================================================================
----------------- testing Thu Jun 07 18:35:09 UTC 2018 /home/travis/build/icyphy/ptII/ptolemy/domains/de/test/auto/ThreadedComposite.xml
----------------- Instantiating /home/travis/build/icyphy/ptII/ptolemy/domains/de/test/auto/ThreadedComposite.xml
159 ms. Memory: 198656K Free: 116678K (59%)
----------------- Invoking toplevel() on ptolemy.moml.MoMLSimpleApplication@20ccde13
----------------- Done invoking toplevel() on ptolemy.moml.MoMLSimpleApplication@20ccde13
reloadAllAccessors: .ThreadedComposite

===========================================================================================
----------------- testing Thu Jun 07 18:35:09 UTC 2018 /home/travis/build/icyphy/ptII/ptolemy/domains/de/test/auto/Time.xml
----------------- Instantiating /home/travis/build/icyphy/ptII/ptolemy/domains/de/test/auto/Time.xml
403 ms. Memory: 195072K Free: 175789K (90%)
----------------- Invoking toplevel() on ptolemy.moml.MoMLSimpleApplication@c76eae0
----------------- Done invoking toplevel() on ptolemy.moml.MoMLSimpleApplication@c76eae0
reloadAllAccessors: .Time

===========================================================================================
----------------- testing Thu Jun 07 18:35:09 UTC 2018 /home/travis/build/icyphy/ptII/ptolemy/domains/de/test/auto/TimeDelayZeroDelay.xml
----------------- Instantiating /home/travis/build/icyphy/ptII/ptolemy/domains/de/test/auto/TimeDelayZeroDelay.xml
2 ms. Memory: 195072K Free: 170780K (88%)
----------------- Invoking toplevel() on ptolemy.moml.MoMLSimpleApplication@3b424944
----------------- Done invoking toplevel() on ptolemy.moml.MoMLSimpleApplication@3b424944
reloadAllAccessors: .TimeDelayZeroDelay

===========================================================================================
----------------- testing Thu Jun 07 18:35:10 UTC 2018 /home/travis/build/icyphy/ptII/ptolemy/domains/de/test/auto/TimerZeroDelay.xml
----------------- Instantiating /home/travis/build/icyphy/ptII/ptolemy/domains/de/test/auto/TimerZeroDelay.xml
2 ms. Memory: 195072K Free: 166496K (85%)
----------------- Invoking toplevel() on ptolemy.moml.MoMLSimpleApplication@733f5e12
----------------- Done invoking toplevel() on ptolemy.moml.MoMLSimpleApplication@733f5e12
reloadAllAccessors: .TimerZeroDelay

===========================================================================================
----------------- testing Thu Jun 07 18:35:10 UTC 2018 /home/travis/build/icyphy/ptII/ptolemy/domains/de/test/auto/TimingParadox.xml
----------------- Instantiating /home/travis/build/icyphy/ptII/ptolemy/domains/de/test/auto/TimingParadox.xml
310 ms. Memory: 195072K Free: 97917K (50%)
----------------- Invoking toplevel() on ptolemy.moml.MoMLSimpleApplication@33e1cc26
----------------- Done invoking toplevel() on ptolemy.moml.MoMLSimpleApplication@33e1cc26
reloadAllAccessors: .TimingParadox

===========================================================================================
----------------- testing Thu Jun 07 18:35:10 UTC 2018 /home/travis/build/icyphy/ptII/ptolemy/domains/de/test/auto/TransferInputs.xml
----------------- Instantiating /home/travis/build/icyphy/ptII/ptolemy/domains/de/test/auto/TransferInputs.xml
2 ms. Memory: 195072K Free: 92842K (48%)
----------------- Invoking toplevel() on ptolemy.moml.MoMLSimpleApplication@2efb827
----------------- Done invoking toplevel() on ptolemy.moml.MoMLSimpleApplication@2efb827
reloadAllAccessors: .TransferInputs

===========================================================================================
----------------- testing Thu Jun 07 18:35:10 UTC 2018 /home/travis/build/icyphy/ptII/ptolemy/domains/de/test/auto/TransferOutputs2.xml
----------------- Instantiating /home/travis/build/icyphy/ptII/ptolemy/domains/de/test/auto/TransferOutputs2.xml
2 ms. Memory: 195072K Free: 83956K (43%)
----------------- Invoking toplevel() on ptolemy.moml.MoMLSimpleApplication@35f299d7
----------------- Done invoking toplevel() on ptolemy.moml.MoMLSimpleApplication@35f299d7
reloadAllAccessors: .TransferOutputs2

===========================================================================================
----------------- testing Thu Jun 07 18:35:10 UTC 2018 /home/travis/build/icyphy/ptII/ptolemy/domains/de/test/auto/Trilateration.xml
----------------- Instantiating /home/travis/build/icyphy/ptII/ptolemy/domains/de/test/auto/Trilateration.xml
10329 ms. Memory: 600576K Free: 159265K (27%)
----------------- Invoking toplevel() on ptolemy.moml.MoMLSimpleApplication@5ba54b34
----------------- Done invoking toplevel() on ptolemy.moml.MoMLSimpleApplication@5ba54b34
reloadAllAccessors: .Trilateration

===========================================================================================
----------------- testing Thu Jun 07 18:35:21 UTC 2018 /home/travis/build/icyphy/ptII/ptolemy/domains/de/test/auto/TwoSigmaDelta.xml
----------------- Instantiating /home/travis/build/icyphy/ptII/ptolemy/domains/de/test/auto/TwoSigmaDelta.xml
2272 ms. Memory: 581120K Free: 368025K (63%)
----------------- Invoking toplevel() on ptolemy.moml.MoMLSimpleApplication@6f415af2
----------------- Done invoking toplevel() on ptolemy.moml.MoMLSimpleApplication@6f415af2
reloadAllAccessors: .TwoSigmaDelta

===========================================================================================
----------------- testing Thu Jun 07 18:35:23 UTC 2018 /home/travis/build/icyphy/ptII/ptolemy/domains/de/test/auto/VariableDelay.xml
----------------- Instantiating /home/travis/build/icyphy/ptII/ptolemy/domains/de/test/auto/VariableDelay.xml
2 ms. Memory: 581120K Free: 352467K (61%)
----------------- Invoking toplevel() on ptolemy.moml.MoMLSimpleApplication@eeaaf11
----------------- Done invoking toplevel() on ptolemy.moml.MoMLSimpleApplication@eeaaf11
reloadAllAccessors: .VariableDelay

===========================================================================================
----------------- testing Thu Jun 07 18:35:23 UTC 2018 /home/travis/build/icyphy/ptII/ptolemy/domains/de/test/auto/VariableDelay2.xml
----------------- Instantiating /home/travis/build/icyphy/ptII/ptolemy/domains/de/test/auto/VariableDelay2.xml
2 ms. Memory: 581120K Free: 341959K (59%)
----------------- Invoking toplevel() on ptolemy.moml.MoMLSimpleApplication@63d54144
----------------- Done invoking toplevel() on ptolemy.moml.MoMLSimpleApplication@63d54144
reloadAllAccessors: .VariableDelay2

===========================================================================================
----------------- testing Thu Jun 07 18:35:23 UTC 2018 /home/travis/build/icyphy/ptII/ptolemy/domains/de/test/auto/VariableDelayZeroDelay.xml
----------------- Instantiating /home/travis/build/icyphy/ptII/ptolemy/domains/de/test/auto/VariableDelayZeroDelay.xml
2 ms. Memory: 581120K Free: 331451K (57%)
----------------- Invoking toplevel() on ptolemy.moml.MoMLSimpleApplication@4bfa8744
----------------- Done invoking toplevel() on ptolemy.moml.MoMLSimpleApplication@4bfa8744
reloadAllAccessors: .VariableDelayZeroDelay

===========================================================================================
----------------- testing Thu Jun 07 18:35:23 UTC 2018 /home/travis/build/icyphy/ptII/ptolemy/domains/de/test/auto/VariableDelayZeroDelay2.xml
----------------- Instantiating /home/travis/build/icyphy/ptII/ptolemy/domains/de/test/auto/VariableDelayZeroDelay2.xml
2 ms. Memory: 581120K Free: 320942K (55%)
----------------- Invoking toplevel() on ptolemy.moml.MoMLSimpleApplication@53c6f861
----------------- Done invoking toplevel() on ptolemy.moml.MoMLSimpleApplication@53c6f861
reloadAllAccessors: .VariableDelayZeroDelay2

===========================================================================================
----------------- testing Thu Jun 07 18:35:23 UTC 2018 /home/travis/build/icyphy/ptII/ptolemy/domains/de/test/auto/deInCt.xml
----------------- Instantiating /home/travis/build/icyphy/ptII/ptolemy/domains/de/test/auto/deInCt.xml
0
1
1
1
0
0
0
1
1
1
0
0
0
1
1
1
0
0
0
1
1
1
0
0
1
1
1
1
0
0
0
1
1
1
0
0
0
0
0
1
1
1
0
0
0
1
1
1
0
0
0
1
1
1
1
4 ms. Memory: 581120K Free: 310737K (53%)
----------------- Invoking toplevel() on ptolemy.moml.MoMLSimpleApplication@479cd999
----------------- Done invoking toplevel() on ptolemy.moml.MoMLSimpleApplication@479cd999
reloadAllAccessors: .deInCt

===========================================================================================
----------------- testing Thu Jun 07 18:35:23 UTC 2018 /home/travis/build/icyphy/ptII/ptolemy/domains/de/test/auto/deInCt2.xml
----------------- Instantiating /home/travis/build/icyphy/ptII/ptolemy/domains/de/test/auto/deInCt2.xml
0
1
1
1
0
0
1
1
1
0
0
1
1
1
0
0
1
1
1
0
0
1
1
1
0
0
1
1
1
0
0
1
1
1
0
0
1
1
1
0
0
0
12 ms. Memory: 581120K Free: 300227K (52%)
----------------- Invoking toplevel() on ptolemy.moml.MoMLSimpleApplication@7bbe58dc
----------------- Done invoking toplevel() on ptolemy.moml.MoMLSimpleApplication@7bbe58dc
reloadAllAccessors: .deInCt2

===========================================================================================
----------------- testing Thu Jun 07 18:35:24 UTC 2018 /home/travis/build/icyphy/ptII/ptolemy/domains/de/test/auto/dynamicCausalityInterface1.xml
----------------- Instantiating /home/travis/build/icyphy/ptII/ptolemy/domains/de/test/auto/dynamicCausalityInterface1.xml
1 ms. Memory: 581120K Free: 284753K (49%)
----------------- Invoking toplevel() on ptolemy.moml.MoMLSimpleApplication@3744a435
----------------- Done invoking toplevel() on ptolemy.moml.MoMLSimpleApplication@3744a435
reloadAllAccessors: .dynamicCausalityInterface1

===========================================================================================
----------------- testing Thu Jun 07 18:35:24 UTC 2018 /home/travis/build/icyphy/ptII/ptolemy/domains/de/test/auto/fsm_de_test.xml
----------------- Instantiating /home/travis/build/icyphy/ptII/ptolemy/domains/de/test/auto/fsm_de_test.xml
5 ms. Memory: 581120K Free: 269278K (46%)
----------------- Invoking toplevel() on ptolemy.moml.MoMLSimpleApplication@7a386787
----------------- Done invoking toplevel() on ptolemy.moml.MoMLSimpleApplication@7a386787
reloadAllAccessors: .fsm_de_test

===========================================================================================
----------------- testing Thu Jun 07 18:35:24 UTC 2018 /home/travis/build/icyphy/ptII/ptolemy/domains/de/test/auto/functionDependencyReconstruction.xml
----------------- Instantiating /home/travis/build/icyphy/ptII/ptolemy/domains/de/test/auto/functionDependencyReconstruction.xml
2 ms. Memory: 581120K Free: 248867K (43%)
----------------- Invoking toplevel() on ptolemy.moml.MoMLSimpleApplication@3444cd7c
----------------- Done invoking toplevel() on ptolemy.moml.MoMLSimpleApplication@3444cd7c
reloadAllAccessors: .functionDependencyReconstruction

===========================================================================================
----------------- testing Thu Jun 07 18:35:24 UTC 2018 /home/travis/build/icyphy/ptII/ptolemy/domains/de/test/auto/multirate.xml
----------------- Instantiating /home/travis/build/icyphy/ptII/ptolemy/domains/de/test/auto/multirate.xml
5 ms. Memory: 581120K Free: 233695K (40%)
----------------- Invoking toplevel() on ptolemy.moml.MoMLSimpleApplication@1d585843
----------------- Done invoking toplevel() on ptolemy.moml.MoMLSimpleApplication@1d585843
reloadAllAccessors: .multirate

===========================================================================================
----------------- testing Thu Jun 07 18:35:24 UTC 2018 /home/travis/build/icyphy/ptII/ptolemy/domains/de/test/auto/multirate2.xml
----------------- Instantiating /home/travis/build/icyphy/ptII/ptolemy/domains/de/test/auto/multirate2.xml
3 ms. Memory: 581120K Free: 218220K (38%)
----------------- Invoking toplevel() on ptolemy.moml.MoMLSimpleApplication@6e4730f
----------------- Done invoking toplevel() on ptolemy.moml.MoMLSimpleApplication@6e4730f
reloadAllAccessors: .multirate2

===========================================================================================
----------------- testing Thu Jun 07 18:35:24 UTC 2018 /home/travis/build/icyphy/ptII/ptolemy/domains/de/test/auto/realtime.xml
----------------- Instantiating /home/travis/build/icyphy/ptII/ptolemy/domains/de/test/auto/realtime.xml
10001 ms. Memory: 581120K Free: 207712K (36%)
----------------- Invoking toplevel() on ptolemy.moml.MoMLSimpleApplication@5b25e864
----------------- Done invoking toplevel() on ptolemy.moml.MoMLSimpleApplication@5b25e864
reloadAllAccessors: .realtime

===========================================================================================
----------------- testing Thu Jun 07 18:35:34 UTC 2018 /home/travis/build/icyphy/ptII/ptolemy/domains/de/test/auto/relationGroup.xml
----------------- Instantiating /home/travis/build/icyphy/ptII/ptolemy/domains/de/test/auto/relationGroup.xml
1 ms. Memory: 581120K Free: 197204K (34%)
----------------- Invoking toplevel() on ptolemy.moml.MoMLSimpleApplication@5ea62d85
----------------- Done invoking toplevel() on ptolemy.moml.MoMLSimpleApplication@5ea62d85
reloadAllAccessors: .relationGroup

===========================================================================================
----------------- testing Thu Jun 07 18:35:34 UTC 2018 /home/travis/build/icyphy/ptII/ptolemy/domains/de/test/auto/relationGroup2.xml
----------------- Instantiating /home/travis/build/icyphy/ptII/ptolemy/domains/de/test/auto/relationGroup2.xml
1 ms. Memory: 581120K Free: 186696K (32%)
----------------- Invoking toplevel() on ptolemy.moml.MoMLSimpleApplication@59a14ad0
----------------- Done invoking toplevel() on ptolemy.moml.MoMLSimpleApplication@59a14ad0
reloadAllAccessors: .relationGroup2

===========================================================================================
----------------- testing Thu Jun 07 18:35:34 UTC 2018 /home/travis/build/icyphy/ptII/ptolemy/domains/de/test/auto/sortWithOpaquePorts.xml
----------------- Instantiating /home/travis/build/icyphy/ptII/ptolemy/domains/de/test/auto/sortWithOpaquePorts.xml
1 ms. Memory: 581120K Free: 176188K (30%)
----------------- Invoking toplevel() on ptolemy.moml.MoMLSimpleApplication@7952a9c1
----------------- Done invoking toplevel() on ptolemy.moml.MoMLSimpleApplication@7952a9c1
reloadAllAccessors: .sortWithOpaquePorts

===========================================================================================
----------------- testing Thu Jun 07 18:35:34 UTC 2018 /home/travis/build/icyphy/ptII/ptolemy/domains/de/test/auto/transferInputsandOutputs.xml
----------------- Instantiating /home/travis/build/icyphy/ptII/ptolemy/domains/de/test/auto/transferInputsandOutputs.xml
2 ms. Memory: 581120K Free: 160712K (28%)
----------------- Invoking toplevel() on ptolemy.moml.MoMLSimpleApplication@5d39b95d
----------------- Done invoking toplevel() on ptolemy.moml.MoMLSimpleApplication@5d39b95d
reloadAllAccessors: .transferInputsandOutputs

===========================================================================================
----------------- testing Thu Jun 07 18:35:34 UTC 2018 /home/travis/build/icyphy/ptII/ptolemy/domains/de/test/auto/triggerType.xml
----------------- Instantiating /home/travis/build/icyphy/ptII/ptolemy/domains/de/test/auto/triggerType.xml
2 ms. Memory: 581120K Free: 150507K (26%)
----------------- Invoking toplevel() on ptolemy.moml.MoMLSimpleApplication@5193ac03
----------------- Done invoking toplevel() on ptolemy.moml.MoMLSimpleApplication@5193ac03
reloadAllAccessors: .triggerType
AutoTests.java: About to close Vertx.
AutoTests.java: Vertx closed.
]]></system-out>
  <system-err><![CDATA[java.lang.RuntimeException: Execution failed
	at ptolemy.moml.MoMLSimpleApplication$UnloadThread.run(MoMLSimpleApplication.java:402)
Caused by: ptolemy.kernel.util.IllegalActionException: Found a zero delay loop containing .dependencyLoop.original
  in .dependencyLoop and .dependencyLoop.original
	at ptolemy.actor.util.CausalityInterfaceForComposites._computeOutputPortDepth(CausalityInterfaceForComposites.java:759)
	at ptolemy.actor.util.CausalityInterfaceForComposites._computeInputDepth(CausalityInterfaceForComposites.java:696)
	at ptolemy.actor.util.CausalityInterfaceForComposites._computeOutputPortDepth(CausalityInterfaceForComposites.java:765)
	at ptolemy.actor.util.CausalityInterfaceForComposites._computeInputDepth(CausalityInterfaceForComposites.java:696)
	at ptolemy.actor.util.CausalityInterfaceForComposites._computeOutputPortDepth(CausalityInterfaceForComposites.java:765)
	at ptolemy.actor.util.CausalityInterfaceForComposites._computeInputDepth(CausalityInterfaceForComposites.java:696)
	at ptolemy.actor.util.CausalityInterfaceForComposites._computeActorDepth(CausalityInterfaceForComposites.java:532)
	at ptolemy.actor.util.CausalityInterfaceForComposites.checkForCycles(CausalityInterfaceForComposites.java:96)
	at ptolemy.domains.de.kernel.DEDirector.preinitialize(DEDirector.java:1337)
	at ptolemy.actor.CompositeActor.preinitialize(CompositeActor.java:1828)
	at ptolemy.actor.Manager.preinitializeAndResolveTypes(Manager.java:1040)
	at ptolemy.actor.Manager.initialize(Manager.java:710)
	at ptolemy.actor.Manager.execute(Manager.java:356)
	at ptolemy.actor.Manager.run(Manager.java:1263)
	at ptolemy.actor.Manager$PtolemyRunThread.run(Manager.java:1915)
java.lang.RuntimeException: Execution failed
	at ptolemy.moml.MoMLSimpleApplication$UnloadThread.run(MoMLSimpleApplication.java:402)
Caused by: ptolemy.kernel.util.IllegalActionException: Found a zero delay loop containing .dependencyLoop2.original
  in .dependencyLoop2 and .dependencyLoop2.original
	at ptolemy.actor.util.CausalityInterfaceForComposites._computeOutputPortDepth(CausalityInterfaceForComposites.java:759)
	at ptolemy.actor.util.CausalityInterfaceForComposites._computeInputDepth(CausalityInterfaceForComposites.java:696)
	at ptolemy.actor.util.CausalityInterfaceForComposites._computeOutputPortDepth(CausalityInterfaceForComposites.java:765)
	at ptolemy.actor.util.CausalityInterfaceForComposites._computeInputDepth(CausalityInterfaceForComposites.java:696)
	at ptolemy.actor.util.CausalityInterfaceForComposites._computeOutputPortDepth(CausalityInterfaceForComposites.java:765)
	at ptolemy.actor.util.CausalityInterfaceForComposites._computeInputDepth(CausalityInterfaceForComposites.java:696)
	at ptolemy.actor.util.CausalityInterfaceForComposites._computeActorDepth(CausalityInterfaceForComposites.java:532)
	at ptolemy.actor.util.CausalityInterfaceForComposites.checkForCycles(CausalityInterfaceForComposites.java:96)
	at ptolemy.domains.de.kernel.DEDirector.preinitialize(DEDirector.java:1337)
	at ptolemy.actor.CompositeActor.preinitialize(CompositeActor.java:1828)
	at ptolemy.actor.Manager.preinitializeAndResolveTypes(Manager.java:1040)
	at ptolemy.actor.Manager.initialize(Manager.java:710)
	at ptolemy.actor.Manager.execute(Manager.java:356)
	at ptolemy.actor.Manager.run(Manager.java:1263)
	at ptolemy.actor.Manager$PtolemyRunThread.run(Manager.java:1915)
java.lang.RuntimeException: Execution failed
	at ptolemy.moml.MoMLSimpleApplication$UnloadThread.run(MoMLSimpleApplication.java:402)
Caused by: ptolemy.kernel.util.IllegalActionException: Found a zero delay loop containing .dependencyLoop.original
  in .dependencyLoop and .dependencyLoop.original
	at ptolemy.actor.util.CausalityInterfaceForComposites._computeOutputPortDepth(CausalityInterfaceForComposites.java:759)
	at ptolemy.actor.util.CausalityInterfaceForComposites._computeInputDepth(CausalityInterfaceForComposites.java:696)
	at ptolemy.actor.util.CausalityInterfaceForComposites._computeOutputPortDepth(CausalityInterfaceForComposites.java:765)
	at ptolemy.actor.util.CausalityInterfaceForComposites._computeInputDepth(CausalityInterfaceForComposites.java:696)
	at ptolemy.actor.util.CausalityInterfaceForComposites._computeOutputPortDepth(CausalityInterfaceForComposites.java:765)
	at ptolemy.actor.util.CausalityInterfaceForComposites._computeInputDepth(CausalityInterfaceForComposites.java:696)
	at ptolemy.actor.util.CausalityInterfaceForComposites._computeActorDepth(CausalityInterfaceForComposites.java:532)
	at ptolemy.actor.util.CausalityInterfaceForComposites.checkForCycles(CausalityInterfaceForComposites.java:96)
	at ptolemy.domains.de.kernel.DEDirector.preinitialize(DEDirector.java:1337)
	at ptolemy.actor.CompositeActor.preinitialize(CompositeActor.java:1828)
	at ptolemy.actor.Manager.preinitializeAndResolveTypes(Manager.java:1040)
	at ptolemy.actor.Manager.initialize(Manager.java:710)
	at ptolemy.actor.Manager.execute(Manager.java:356)
	at ptolemy.actor.Manager.run(Manager.java:1263)
	at ptolemy.actor.Manager$PtolemyRunThread.run(Manager.java:1915)
java.lang.RuntimeException: Execution failed
	at ptolemy.moml.MoMLSimpleApplication$UnloadThread.run(MoMLSimpleApplication.java:402)
Caused by: ptolemy.kernel.util.IllegalActionException: Actor is not ready to fire.  Perhaps UpSample.prefire() returned false? Try debugging the actor by selecting "Listen to Actor".  Also, for SDF check moml for tokenConsumptionRate on input.
  in .DESDFClockTest.Play Bell.Copy1:SDF Director and .DESDFClockTest.Play Bell.UpSample
	at ptolemy.actor.sched.StaticSchedulingDirector.fire(StaticSchedulingDirector.java:227)
	at ptolemy.domains.sdf.kernel.SDFDirector.fire(SDFDirector.java:500)
	at ptolemy.actor.CompositeActor.fire(CompositeActor.java:455)
	at ptolemy.domains.de.kernel.DEDirector._fire(DEDirector.java:1948)
	at ptolemy.domains.de.kernel.DEDirector.fire(DEDirector.java:502)
	at ptolemy.actor.CompositeActor.fire(CompositeActor.java:455)
	at ptolemy.actor.Manager.iterate(Manager.java:851)
	at ptolemy.actor.Manager.execute(Manager.java:369)
	at ptolemy.actor.Manager.run(Manager.java:1263)
	at ptolemy.actor.Manager$PtolemyRunThread.run(Manager.java:1915)
java.lang.RuntimeException: Execution failed
	at ptolemy.moml.MoMLSimpleApplication$UnloadThread.run(MoMLSimpleApplication.java:402)
Caused by: ptolemy.kernel.util.IllegalActionException: Found a zero delay loop containing .dependencyLoop2.original
  in .dependencyLoop2 and .dependencyLoop2.original
	at ptolemy.actor.util.CausalityInterfaceForComposites._computeOutputPortDepth(CausalityInterfaceForComposites.java:759)
	at ptolemy.actor.util.CausalityInterfaceForComposites._computeInputDepth(CausalityInterfaceForComposites.java:696)
	at ptolemy.actor.util.CausalityInterfaceForComposites._computeOutputPortDepth(CausalityInterfaceForComposites.java:765)
	at ptolemy.actor.util.CausalityInterfaceForComposites._computeInputDepth(CausalityInterfaceForComposites.java:696)
	at ptolemy.actor.util.CausalityInterfaceForComposites._computeOutputPortDepth(CausalityInterfaceForComposites.java:765)
	at ptolemy.actor.util.CausalityInterfaceForComposites._computeInputDepth(CausalityInterfaceForComposites.java:696)
	at ptolemy.actor.util.CausalityInterfaceForComposites._computeActorDepth(CausalityInterfaceForComposites.java:532)
	at ptolemy.actor.util.CausalityInterfaceForComposites.checkForCycles(CausalityInterfaceForComposites.java:96)
	at ptolemy.domains.de.kernel.DEDirector.preinitialize(DEDirector.java:1337)
	at ptolemy.actor.CompositeActor.preinitialize(CompositeActor.java:1828)
	at ptolemy.actor.Manager.preinitializeAndResolveTypes(Manager.java:1040)
	at ptolemy.actor.Manager.initialize(Manager.java:710)
	at ptolemy.actor.Manager.execute(Manager.java:356)
	at ptolemy.actor.Manager.run(Manager.java:1263)
	at ptolemy.actor.Manager$PtolemyRunThread.run(Manager.java:1915)
java.lang.RuntimeException: Execution failed
	at ptolemy.moml.MoMLSimpleApplication$UnloadThread.run(MoMLSimpleApplication.java:402)
Caused by: ptolemy.kernel.util.IllegalActionException: Found a zero delay loop containing .HierarchicalModel.A
  in .HierarchicalModel and .HierarchicalModel.A
	at ptolemy.actor.util.CausalityInterfaceForComposites._computeOutputPortDepth(CausalityInterfaceForComposites.java:759)
	at ptolemy.actor.util.CausalityInterfaceForComposites._computeInputDepth(CausalityInterfaceForComposites.java:696)
	at ptolemy.actor.util.CausalityInterfaceForComposites._computeOutputPortDepth(CausalityInterfaceForComposites.java:765)
	at ptolemy.actor.util.CausalityInterfaceForComposites._computeInputDepth(CausalityInterfaceForComposites.java:696)
	at ptolemy.actor.util.CausalityInterfaceForComposites._computeOutputPortDepth(CausalityInterfaceForComposites.java:765)
	at ptolemy.actor.util.CausalityInterfaceForComposites._computeInputDepth(CausalityInterfaceForComposites.java:696)
	at ptolemy.actor.util.CausalityInterfaceForComposites._computeActorDepth(CausalityInterfaceForComposites.java:532)
	at ptolemy.actor.util.CausalityInterfaceForComposites.checkForCycles(CausalityInterfaceForComposites.java:96)
	at ptolemy.domains.de.kernel.DEDirector.preinitialize(DEDirector.java:1337)
	at ptolemy.actor.CompositeActor.preinitialize(CompositeActor.java:1828)
	at ptolemy.actor.Manager.preinitializeAndResolveTypes(Manager.java:1040)
	at ptolemy.actor.Manager.initialize(Manager.java:710)
	at ptolemy.actor.Manager.execute(Manager.java:356)
	at ptolemy.actor.Manager.run(Manager.java:1263)
	at ptolemy.actor.Manager$PtolemyRunThread.run(Manager.java:1915)
java.lang.RuntimeException: Execution failed
	at ptolemy.moml.MoMLSimpleApplication$UnloadThread.run(MoMLSimpleApplication.java:402)
Caused by: ptolemy.kernel.util.IllegalActionException: Test fails in iteration 1.
Value was: 1.0. Should have been: 2.0
  in .DirectFeedback.Test
	at ptolemy.actor.lib.Test.fire(Test.java:268)
	at ptolemy.domains.de.kernel.DEDirector._fire(DEDirector.java:1948)
	at ptolemy.domains.de.kernel.DEDirector.fire(DEDirector.java:502)
	at ptolemy.actor.CompositeActor.fire(CompositeActor.java:455)
	at ptolemy.actor.Manager.iterate(Manager.java:851)
	at ptolemy.actor.Manager.execute(Manager.java:369)
	at ptolemy.actor.Manager.run(Manager.java:1263)
	at ptolemy.actor.Manager$PtolemyRunThread.run(Manager.java:1915)
java.lang.RuntimeException: Execution failed
	at ptolemy.moml.MoMLSimpleApplication$UnloadThread.run(MoMLSimpleApplication.java:402)
Caused by: ptolemy.kernel.util.IllegalActionException: Actor is not ready to fire.  Perhaps UpSample.prefire() returned false? Try debugging the actor by selecting "Listen to Actor".  Also, for SDF check moml for tokenConsumptionRate on input.
  in .DESDFClockTest.Play Bell.Copy1:SDF Director and .DESDFClockTest.Play Bell.UpSample
	at ptolemy.actor.sched.StaticSchedulingDirector.fire(StaticSchedulingDirector.java:227)
	at ptolemy.domains.sdf.kernel.SDFDirector.fire(SDFDirector.java:500)
	at ptolemy.actor.CompositeActor.fire(CompositeActor.java:455)
	at ptolemy.domains.de.kernel.DEDirector._fire(DEDirector.java:1948)
	at ptolemy.domains.de.kernel.DEDirector.fire(DEDirector.java:502)
	at ptolemy.actor.CompositeActor.fire(CompositeActor.java:455)
	at ptolemy.actor.Manager.iterate(Manager.java:851)
	at ptolemy.actor.Manager.execute(Manager.java:369)
	at ptolemy.actor.Manager.run(Manager.java:1263)
	at ptolemy.actor.Manager$PtolemyRunThread.run(Manager.java:1915)
java.lang.reflect.InvocationTargetException
	at sun.reflect.NativeConstructorAccessorImpl.newInstance0(Native Method)
	at sun.reflect.NativeConstructorAccessorImpl.newInstance(NativeConstructorAccessorImpl.java:62)
	at sun.reflect.DelegatingConstructorAccessorImpl.newInstance(DelegatingConstructorAccessorImpl.java:45)
	at java.lang.reflect.Constructor.newInstance(Constructor.java:423)
	at ptolemy.util.test.junit.AutoKnownFailedTests.RunModel(AutoKnownFailedTests.java:107)
	at sun.reflect.NativeMethodAccessorImpl.invoke0(Native Method)
	at sun.reflect.NativeMethodAccessorImpl.invoke(NativeMethodAccessorImpl.java:62)
	at sun.reflect.DelegatingMethodAccessorImpl.invoke(DelegatingMethodAccessorImpl.java:43)
	at java.lang.reflect.Method.invoke(Method.java:498)
	at org.junit.runners.model.FrameworkMethod$1.runReflectiveCall(FrameworkMethod.java:44)
	at org.junit.internal.runners.model.ReflectiveCallable.run(ReflectiveCallable.java:15)
	at org.junit.runners.model.FrameworkMethod.invokeExplosively(FrameworkMethod.java:41)
	at junitparams.internal.InvokeParameterisedMethod.evaluate(InvokeParameterisedMethod.java:102)
	at org.junit.internal.runners.statements.FailOnTimeout$1.run(FailOnTimeout.java:28)
Caused by: ptolemy.kernel.util.IllegalActionException: Actor is not ready to fire.  Perhaps UpSample.prefire() returned false? Try debugging the actor by selecting "Listen to Actor".  Also, for SDF check moml for tokenConsumptionRate on input.
  in .DESDFClockTest.Play Bell.Copy1:SDF Director and .DESDFClockTest.Play Bell.UpSample
	at ptolemy.actor.sched.StaticSchedulingDirector.fire(StaticSchedulingDirector.java:227)
	at ptolemy.domains.sdf.kernel.SDFDirector.fire(SDFDirector.java:500)
	at ptolemy.actor.CompositeActor.fire(CompositeActor.java:455)
	at ptolemy.domains.de.kernel.DEDirector._fire(DEDirector.java:1948)
	at ptolemy.domains.de.kernel.DEDirector.fire(DEDirector.java:502)
	at ptolemy.actor.CompositeActor.fire(CompositeActor.java:455)
	at ptolemy.actor.Manager.iterate(Manager.java:851)
	at ptolemy.actor.Manager.execute(Manager.java:369)
	at ptolemy.actor.Manager.run(Manager.java:1263)
	at ptolemy.actor.Manager$PtolemyRunThread.run(Manager.java:1915)
java.lang.RuntimeException: Execution failed
	at ptolemy.moml.MoMLSimpleApplication$UnloadThread.run(MoMLSimpleApplication.java:402)
Caused by: ptolemy.kernel.util.IllegalActionException: Test fails in iteration 1.
Value was: 1.0. Should have been: 2.0
  in .DirectFeedback.Test
	at ptolemy.actor.lib.Test.fire(Test.java:268)
	at ptolemy.domains.de.kernel.DEDirector._fire(DEDirector.java:1948)
	at ptolemy.domains.de.kernel.DEDirector.fire(DEDirector.java:502)
	at ptolemy.actor.CompositeActor.fire(CompositeActor.java:455)
	at ptolemy.actor.Manager.iterate(Manager.java:851)
	at ptolemy.actor.Manager.execute(Manager.java:369)
	at ptolemy.actor.Manager.run(Manager.java:1263)
	at ptolemy.actor.Manager$PtolemyRunThread.run(Manager.java:1915)
java.lang.reflect.InvocationTargetException
	at sun.reflect.NativeConstructorAccessorImpl.newInstance0(Native Method)
	at sun.reflect.NativeConstructorAccessorImpl.newInstance(NativeConstructorAccessorImpl.java:62)
	at sun.reflect.DelegatingConstructorAccessorImpl.newInstance(DelegatingConstructorAccessorImpl.java:45)
	at java.lang.reflect.Constructor.newInstance(Constructor.java:423)
	at ptolemy.util.test.junit.AutoKnownFailedTests.RunModel(AutoKnownFailedTests.java:107)
	at sun.reflect.NativeMethodAccessorImpl.invoke0(Native Method)
	at sun.reflect.NativeMethodAccessorImpl.invoke(NativeMethodAccessorImpl.java:62)
	at sun.reflect.DelegatingMethodAccessorImpl.invoke(DelegatingMethodAccessorImpl.java:43)
	at java.lang.reflect.Method.invoke(Method.java:498)
	at org.junit.runners.model.FrameworkMethod$1.runReflectiveCall(FrameworkMethod.java:44)
	at org.junit.internal.runners.model.ReflectiveCallable.run(ReflectiveCallable.java:15)
	at org.junit.runners.model.FrameworkMethod.invokeExplosively(FrameworkMethod.java:41)
	at junitparams.internal.InvokeParameterisedMethod.evaluate(InvokeParameterisedMethod.java:102)
	at org.junit.internal.runners.statements.FailOnTimeout$1.run(FailOnTimeout.java:28)
Caused by: ptolemy.kernel.util.IllegalActionException: Test fails in iteration 1.
Value was: 1.0. Should have been: 2.0
  in .DirectFeedback.Test
	at ptolemy.actor.lib.Test.fire(Test.java:268)
	at ptolemy.domains.de.kernel.DEDirector._fire(DEDirector.java:1948)
	at ptolemy.domains.de.kernel.DEDirector.fire(DEDirector.java:502)
	at ptolemy.actor.CompositeActor.fire(CompositeActor.java:455)
	at ptolemy.actor.Manager.iterate(Manager.java:851)
	at ptolemy.actor.Manager.execute(Manager.java:369)
	at ptolemy.actor.Manager.run(Manager.java:1263)
	at ptolemy.actor.Manager$PtolemyRunThread.run(Manager.java:1915)
java.lang.RuntimeException: Execution failed
	at ptolemy.moml.MoMLSimpleApplication$UnloadThread.run(MoMLSimpleApplication.java:402)
Caused by: ptolemy.kernel.util.IllegalActionException: Found a zero delay loop containing .HierarchicalModel.A
  in .HierarchicalModel and .HierarchicalModel.A
	at ptolemy.actor.util.CausalityInterfaceForComposites._computeOutputPortDepth(CausalityInterfaceForComposites.java:759)
	at ptolemy.actor.util.CausalityInterfaceForComposites._computeInputDepth(CausalityInterfaceForComposites.java:696)
	at ptolemy.actor.util.CausalityInterfaceForComposites._computeOutputPortDepth(CausalityInterfaceForComposites.java:765)
	at ptolemy.actor.util.CausalityInterfaceForComposites._computeInputDepth(CausalityInterfaceForComposites.java:696)
	at ptolemy.actor.util.CausalityInterfaceForComposites._computeOutputPortDepth(CausalityInterfaceForComposites.java:765)
	at ptolemy.actor.util.CausalityInterfaceForComposites._computeInputDepth(CausalityInterfaceForComposites.java:696)
	at ptolemy.actor.util.CausalityInterfaceForComposites._computeActorDepth(CausalityInterfaceForComposites.java:532)
	at ptolemy.actor.util.CausalityInterfaceForComposites.checkForCycles(CausalityInterfaceForComposites.java:96)
	at ptolemy.domains.de.kernel.DEDirector.preinitialize(DEDirector.java:1337)
	at ptolemy.actor.CompositeActor.preinitialize(CompositeActor.java:1828)
	at ptolemy.actor.Manager.preinitializeAndResolveTypes(Manager.java:1040)
	at ptolemy.actor.Manager.initialize(Manager.java:710)
	at ptolemy.actor.Manager.execute(Manager.java:356)
	at ptolemy.actor.Manager.run(Manager.java:1263)
	at ptolemy.actor.Manager$PtolemyRunThread.run(Manager.java:1915)
java.lang.reflect.InvocationTargetException
	at sun.reflect.NativeConstructorAccessorImpl.newInstance0(Native Method)
	at sun.reflect.NativeConstructorAccessorImpl.newInstance(NativeConstructorAccessorImpl.java:62)
	at sun.reflect.DelegatingConstructorAccessorImpl.newInstance(DelegatingConstructorAccessorImpl.java:45)
	at java.lang.reflect.Constructor.newInstance(Constructor.java:423)
	at ptolemy.util.test.junit.AutoKnownFailedTests.RunModel(AutoKnownFailedTests.java:107)
	at sun.reflect.NativeMethodAccessorImpl.invoke0(Native Method)
	at sun.reflect.NativeMethodAccessorImpl.invoke(NativeMethodAccessorImpl.java:62)
	at sun.reflect.DelegatingMethodAccessorImpl.invoke(DelegatingMethodAccessorImpl.java:43)
	at java.lang.reflect.Method.invoke(Method.java:498)
	at org.junit.runners.model.FrameworkMethod$1.runReflectiveCall(FrameworkMethod.java:44)
	at org.junit.internal.runners.model.ReflectiveCallable.run(ReflectiveCallable.java:15)
	at org.junit.runners.model.FrameworkMethod.invokeExplosively(FrameworkMethod.java:41)
	at junitparams.internal.InvokeParameterisedMethod.evaluate(InvokeParameterisedMethod.java:102)
	at org.junit.internal.runners.statements.FailOnTimeout$1.run(FailOnTimeout.java:28)
Caused by: ptolemy.kernel.util.IllegalActionException: Found a zero delay loop containing .HierarchicalModel.A
  in .HierarchicalModel and .HierarchicalModel.A
	at ptolemy.actor.util.CausalityInterfaceForComposites._computeOutputPortDepth(CausalityInterfaceForComposites.java:759)
	at ptolemy.actor.util.CausalityInterfaceForComposites._computeInputDepth(CausalityInterfaceForComposites.java:696)
	at ptolemy.actor.util.CausalityInterfaceForComposites._computeOutputPortDepth(CausalityInterfaceForComposites.java:765)
	at ptolemy.actor.util.CausalityInterfaceForComposites._computeInputDepth(CausalityInterfaceForComposites.java:696)
	at ptolemy.actor.util.CausalityInterfaceForComposites._computeOutputPortDepth(CausalityInterfaceForComposites.java:765)
	at ptolemy.actor.util.CausalityInterfaceForComposites._computeInputDepth(CausalityInterfaceForComposites.java:696)
	at ptolemy.actor.util.CausalityInterfaceForComposites._computeActorDepth(CausalityInterfaceForComposites.java:532)
	at ptolemy.actor.util.CausalityInterfaceForComposites.checkForCycles(CausalityInterfaceForComposites.java:96)
	at ptolemy.domains.de.kernel.DEDirector.preinitialize(DEDirector.java:1337)
	at ptolemy.actor.CompositeActor.preinitialize(CompositeActor.java:1828)
	at ptolemy.actor.Manager.preinitializeAndResolveTypes(Manager.java:1040)
	at ptolemy.actor.Manager.initialize(Manager.java:710)
	at ptolemy.actor.Manager.execute(Manager.java:356)
	at ptolemy.actor.Manager.run(Manager.java:1263)
	at ptolemy.actor.Manager$PtolemyRunThread.run(Manager.java:1915)
java.lang.RuntimeException: Execution failed
	at ptolemy.moml.MoMLSimpleApplication$UnloadThread.run(MoMLSimpleApplication.java:402)
Caused by: ptolemy.kernel.util.IllegalActionException: Found a zero delay loop containing .dependencyLoop.original
  in .dependencyLoop and .dependencyLoop.original
	at ptolemy.actor.util.CausalityInterfaceForComposites._computeOutputPortDepth(CausalityInterfaceForComposites.java:759)
	at ptolemy.actor.util.CausalityInterfaceForComposites._computeInputDepth(CausalityInterfaceForComposites.java:696)
	at ptolemy.actor.util.CausalityInterfaceForComposites._computeOutputPortDepth(CausalityInterfaceForComposites.java:765)
	at ptolemy.actor.util.CausalityInterfaceForComposites._computeInputDepth(CausalityInterfaceForComposites.java:696)
	at ptolemy.actor.util.CausalityInterfaceForComposites._computeOutputPortDepth(CausalityInterfaceForComposites.java:765)
	at ptolemy.actor.util.CausalityInterfaceForComposites._computeInputDepth(CausalityInterfaceForComposites.java:696)
	at ptolemy.actor.util.CausalityInterfaceForComposites._computeActorDepth(CausalityInterfaceForComposites.java:532)
	at ptolemy.actor.util.CausalityInterfaceForComposites.checkForCycles(CausalityInterfaceForComposites.java:96)
	at ptolemy.domains.de.kernel.DEDirector.preinitialize(DEDirector.java:1337)
	at ptolemy.actor.CompositeActor.preinitialize(CompositeActor.java:1828)
	at ptolemy.actor.Manager.preinitializeAndResolveTypes(Manager.java:1040)
	at ptolemy.actor.Manager.initialize(Manager.java:710)
	at ptolemy.actor.Manager.execute(Manager.java:356)
	at ptolemy.actor.Manager.run(Manager.java:1263)
	at ptolemy.actor.Manager$PtolemyRunThread.run(Manager.java:1915)
java.lang.reflect.InvocationTargetException
	at sun.reflect.NativeConstructorAccessorImpl.newInstance0(Native Method)
	at sun.reflect.NativeConstructorAccessorImpl.newInstance(NativeConstructorAccessorImpl.java:62)
	at sun.reflect.DelegatingConstructorAccessorImpl.newInstance(DelegatingConstructorAccessorImpl.java:45)
	at java.lang.reflect.Constructor.newInstance(Constructor.java:423)
	at ptolemy.util.test.junit.AutoKnownFailedTests.RunModel(AutoKnownFailedTests.java:107)
	at sun.reflect.NativeMethodAccessorImpl.invoke0(Native Method)
	at sun.reflect.NativeMethodAccessorImpl.invoke(NativeMethodAccessorImpl.java:62)
	at sun.reflect.DelegatingMethodAccessorImpl.invoke(DelegatingMethodAccessorImpl.java:43)
	at java.lang.reflect.Method.invoke(Method.java:498)
	at org.junit.runners.model.FrameworkMethod$1.runReflectiveCall(FrameworkMethod.java:44)
	at org.junit.internal.runners.model.ReflectiveCallable.run(ReflectiveCallable.java:15)
	at org.junit.runners.model.FrameworkMethod.invokeExplosively(FrameworkMethod.java:41)
	at junitparams.internal.InvokeParameterisedMethod.evaluate(InvokeParameterisedMethod.java:102)
	at org.junit.internal.runners.statements.FailOnTimeout$1.run(FailOnTimeout.java:28)
Caused by: ptolemy.kernel.util.IllegalActionException: Found a zero delay loop containing .dependencyLoop.original
  in .dependencyLoop and .dependencyLoop.original
	at ptolemy.actor.util.CausalityInterfaceForComposites._computeOutputPortDepth(CausalityInterfaceForComposites.java:759)
	at ptolemy.actor.util.CausalityInterfaceForComposites._computeInputDepth(CausalityInterfaceForComposites.java:696)
	at ptolemy.actor.util.CausalityInterfaceForComposites._computeOutputPortDepth(CausalityInterfaceForComposites.java:765)
	at ptolemy.actor.util.CausalityInterfaceForComposites._computeInputDepth(CausalityInterfaceForComposites.java:696)
	at ptolemy.actor.util.CausalityInterfaceForComposites._computeOutputPortDepth(CausalityInterfaceForComposites.java:765)
	at ptolemy.actor.util.CausalityInterfaceForComposites._computeInputDepth(CausalityInterfaceForComposites.java:696)
	at ptolemy.actor.util.CausalityInterfaceForComposites._computeActorDepth(CausalityInterfaceForComposites.java:532)
	at ptolemy.actor.util.CausalityInterfaceForComposites.checkForCycles(CausalityInterfaceForComposites.java:96)
	at ptolemy.domains.de.kernel.DEDirector.preinitialize(DEDirector.java:1337)
	at ptolemy.actor.CompositeActor.preinitialize(CompositeActor.java:1828)
	at ptolemy.actor.Manager.preinitializeAndResolveTypes(Manager.java:1040)
	at ptolemy.actor.Manager.initialize(Manager.java:710)
	at ptolemy.actor.Manager.execute(Manager.java:356)
	at ptolemy.actor.Manager.run(Manager.java:1263)
	at ptolemy.actor.Manager$PtolemyRunThread.run(Manager.java:1915)
java.lang.RuntimeException: Execution failed
	at ptolemy.moml.MoMLSimpleApplication$UnloadThread.run(MoMLSimpleApplication.java:402)
Caused by: ptolemy.kernel.util.IllegalActionException: Found a zero delay loop containing .dependencyLoop2.original
  in .dependencyLoop2 and .dependencyLoop2.original
	at ptolemy.actor.util.CausalityInterfaceForComposites._computeOutputPortDepth(CausalityInterfaceForComposites.java:759)
	at ptolemy.actor.util.CausalityInterfaceForComposites._computeInputDepth(CausalityInterfaceForComposites.java:696)
	at ptolemy.actor.util.CausalityInterfaceForComposites._computeOutputPortDepth(CausalityInterfaceForComposites.java:765)
	at ptolemy.actor.util.CausalityInterfaceForComposites._computeInputDepth(CausalityInterfaceForComposites.java:696)
	at ptolemy.actor.util.CausalityInterfaceForComposites._computeOutputPortDepth(CausalityInterfaceForComposites.java:765)
	at ptolemy.actor.util.CausalityInterfaceForComposites._computeInputDepth(CausalityInterfaceForComposites.java:696)
	at ptolemy.actor.util.CausalityInterfaceForComposites._computeActorDepth(CausalityInterfaceForComposites.java:532)
	at ptolemy.actor.util.CausalityInterfaceForComposites.checkForCycles(CausalityInterfaceForComposites.java:96)
	at ptolemy.domains.de.kernel.DEDirector.preinitialize(DEDirector.java:1337)
	at ptolemy.actor.CompositeActor.preinitialize(CompositeActor.java:1828)
	at ptolemy.actor.Manager.preinitializeAndResolveTypes(Manager.java:1040)
	at ptolemy.actor.Manager.initialize(Manager.java:710)
	at ptolemy.actor.Manager.execute(Manager.java:356)
	at ptolemy.actor.Manager.run(Manager.java:1263)
	at ptolemy.actor.Manager$PtolemyRunThread.run(Manager.java:1915)
java.lang.reflect.InvocationTargetException
	at sun.reflect.NativeConstructorAccessorImpl.newInstance0(Native Method)
	at sun.reflect.NativeConstructorAccessorImpl.newInstance(NativeConstructorAccessorImpl.java:62)
	at sun.reflect.DelegatingConstructorAccessorImpl.newInstance(DelegatingConstructorAccessorImpl.java:45)
	at java.lang.reflect.Constructor.newInstance(Constructor.java:423)
	at ptolemy.util.test.junit.AutoKnownFailedTests.RunModel(AutoKnownFailedTests.java:107)
	at sun.reflect.NativeMethodAccessorImpl.invoke0(Native Method)
	at sun.reflect.NativeMethodAccessorImpl.invoke(NativeMethodAccessorImpl.java:62)
	at sun.reflect.DelegatingMethodAccessorImpl.invoke(DelegatingMethodAccessorImpl.java:43)
	at java.lang.reflect.Method.invoke(Method.java:498)
	at org.junit.runners.model.FrameworkMethod$1.runReflectiveCall(FrameworkMethod.java:44)
	at org.junit.internal.runners.model.ReflectiveCallable.run(ReflectiveCallable.java:15)
	at org.junit.runners.model.FrameworkMethod.invokeExplosively(FrameworkMethod.java:41)
	at junitparams.internal.InvokeParameterisedMethod.evaluate(InvokeParameterisedMethod.java:102)
	at org.junit.internal.runners.statements.FailOnTimeout$1.run(FailOnTimeout.java:28)
Caused by: ptolemy.kernel.util.IllegalActionException: Found a zero delay loop containing .dependencyLoop2.original
  in .dependencyLoop2 and .dependencyLoop2.original
	at ptolemy.actor.util.CausalityInterfaceForComposites._computeOutputPortDepth(CausalityInterfaceForComposites.java:759)
	at ptolemy.actor.util.CausalityInterfaceForComposites._computeInputDepth(CausalityInterfaceForComposites.java:696)
	at ptolemy.actor.util.CausalityInterfaceForComposites._computeOutputPortDepth(CausalityInterfaceForComposites.java:765)
	at ptolemy.actor.util.CausalityInterfaceForComposites._computeInputDepth(CausalityInterfaceForComposites.java:696)
	at ptolemy.actor.util.CausalityInterfaceForComposites._computeOutputPortDepth(CausalityInterfaceForComposites.java:765)
	at ptolemy.actor.util.CausalityInterfaceForComposites._computeInputDepth(CausalityInterfaceForComposites.java:696)
	at ptolemy.actor.util.CausalityInterfaceForComposites._computeActorDepth(CausalityInterfaceForComposites.java:532)
	at ptolemy.actor.util.CausalityInterfaceForComposites.checkForCycles(CausalityInterfaceForComposites.java:96)
	at ptolemy.domains.de.kernel.DEDirector.preinitialize(DEDirector.java:1337)
	at ptolemy.actor.CompositeActor.preinitialize(CompositeActor.java:1828)
	at ptolemy.actor.Manager.preinitializeAndResolveTypes(Manager.java:1040)
	at ptolemy.actor.Manager.initialize(Manager.java:710)
	at ptolemy.actor.Manager.execute(Manager.java:356)
	at ptolemy.actor.Manager.run(Manager.java:1263)
	at ptolemy.actor.Manager$PtolemyRunThread.run(Manager.java:1915)
]]></system-err>
</testsuite>
