<?xml version="1.0" encoding="UTF-8" ?>
<testsuite errors="0" failures="1" hostname="travis-job-26051e16-54f0-4b3d-b482-2caeb4625582" name="ptolemy.actor.lib.test.junit.JUnitTclTest" skipped="0" tests="517" time="64.63" timestamp="2019-07-17T15:53:06">
  <properties>
    <property name="npm.executable" value="npm" />
    <property name="env.TRAVIS_ROOT" value="/" />
    <property name="ptII.mk.exists" value="true" />
    <property name="env.TRAVIS_APP_HOST" value="build.travis-ci.org" />
    <property name="env.rvm_bin_path" value="/home/travis/.rvm/bin" />
    <property name="java.home" value="/usr/local/lib/jvm/openjdk11" />
    <property name="env.TRAVIS_JOB_NUMBER" value="1245.8" />
    <property name="env.TRAVIS_HOME" value="/home/travis" />
    <property name="env.DISPLAY" value=":99.0" />
    <property name="env.TRAVIS_INIT" value="systemd" />
    <property name="env.SSH_TTY" value="/dev/pts/0" />
    <property name="java.net.preferIPv4Stack" value="true" />
    <property name="env.RUN_TESTS" value="true" />
    <property name="timeout.short" value="1000000" />
    <property name="junit.formatter" value="xml" />
    <property name="env.TRAVIS_SUDO" value="true" />
    <property name="env.TRAVIS_JOB_NAME" value="" />
    <property name="env.TRAVIS_STACK_NODE_ATTRIBUTES" value="/.node-attributes.yml" />
    <property name="env.LOGNAME" value="travis" />
    <property name="env.PT_TRAVIS_TEST_CORE1_XML" value="true" />
    <property name="jsdoc.home" value="node_modules/@terraswarm/jsdoc" />
    <property name="debuglevel" value="source,lines,vars" />
    <property name="checkstyle.formatter" value="xml" />
    <property name="env._system_version" value="16.04" />
    <property name="bin.vergil.makeable" value="true" />
    <property name="sun.os.patch.level" value="unknown" />
    <property name="java.vendor.url" value="http://java.oracle.com/" />
    <property name="env.TRAVIS_BUILD_WEB_URL" value="https://travis-ci.org/icyphy/ptII/builds/560024457" />
    <property name="java.version" value="11.0.2" />
    <property name="env.TZ" value="UTC" />
    <property name="env.TRAVIS_PULL_REQUEST_SHA" value="" />
    <property name="env.PT_NO_NET" value="true" />
    <property name="env.TRAVIS_SECURE_ENV_VARS" value="true" />
    <property name="env._system_type" value="Linux" />
    <property name="java.vendor.url.bug" value="http://bugreport.java.com/bugreport/" />
    <property name="npmjs-org-is-up" value="true" />
    <property name="env.LANGUAGE" value="en_US.UTF-8" />
    <property name="env.SSH_CLIENT" value="10.10.4.225 54638 22" />
    <property name="env.GEM_HOME" value="/home/travis/.rvm/gems/ruby-2.5.3" />
    <property name="env.HAS_ANTARES_THREE_LITTLE_FRONZIES_BADGE" value="true" />
    <property name="java.version.date" value="2019-01-15" />
    <property name="env.PS4" value="+" />
    <property name="ant.project.invoked-targets" value="build,test.core1.xml" />
    <property name="env.TRAVIS_PULL_REQUEST_BRANCH" value="" />
    <property name="env.TRAVIS_REPO_SLUG" value="icyphy/ptII" />
    <property name="env.XDG_DATA_DIRS" value="/usr/local/share:/usr/share:/var/lib/snapd/desktop" />
    <property name="jdk.debug" value="release" />
    <property name="env.TRAVIS_APT_PROXY" value="http://apt.cache.travis-ci.com" />
    <property name="node.in.path" value="true" />
    <property name="user.name" value="travis" />
    <property name="java.maxmemory" value="1400m" />
    <property name="env.RUBY_VERSION" value="ruby-2.5.3" />
    <property name="env.LANG" value="en_US.UTF-8" />
    <property name="sun.io.unicode.encoding" value="UnicodeLittle" />
    <property name="sun.jnu.encoding" value="UTF-8" />
    <property name="java.runtime.name" value="OpenJDK Runtime Environment" />
    <property name="usefile" value="false" />
    <property name="return.code" value="0" />
    <property name="junit.single.formatter" value="plain" />
    <property name="env.DYLD_LIBRARY_PATH" value="/home/travis/pthla/certi-tools/lib:" />
    <property name="env.DEBIAN_FRONTEND" value="noninteractive" />
    <property name="env.SSH_CONNECTION" value="10.10.4.225 54638 10.20.0.231 22" />
    <property name="env.MYSQL_UNIX_PORT" value="/var/run/mysqld/mysqld.sock" />
    <property name="env.LC_ALL" value="en_US.UTF-8" />
    <property name="env.TRAVIS_ALLOW_FAILURE" value="false" />
    <property name="env.TRAVIS_JOB_WEB_URL" value="https://travis-ci.org/icyphy/ptII/jobs/560024467" />
    <property name="java.specification.name" value="Java Platform API Specification" />
    <property name="node.works" value="true" />
    <property name="user.timezone" value="" />
    <property name="path.separator" value=":" />
    <property name="env.TRAVIS_ENABLE_INFRA_DETECTION" value="true" />
    <property name="env.PYTHON_CFLAGS" value="-g -fstack-protector --param=ssp-buffer-size=4 -Wformat -Werror=format-security" />
    <property name="timeout.long" value="4000000" />
    <property name="env.CERTI_HOME" value="/home/travis/pthla/certi-tools" />
    <property name="ant.file.ptII" value="/home/travis/build/icyphy/ptII/build.xml" />
    <property name="javadoc.packagenames" value="com.*,diva.*,lbnl.*,org.hlacerti.*,org.json.*,org.ptolemy.*,org.terraswarm.*,ptolemy.*,ptserver.*" />
    <property name="file.encoding" value="UTF-8" />
    <property name="env.TRAVIS_PULL_REQUEST_SLUG" value="" />
    <property name="ant.project.default-target" value="build" />
    <property name="env.GIT_ASKPASS" value="echo" />
    <property name="env.HOME" value="/home/travis" />
    <property name="sun.java.command" value="org.apache.tools.ant.taskdefs.optional.junit.JUnitTestRunner ptolemy.actor.lib.test.junit.JUnitTclTest skipNonTests=false filtertrace=true haltOnError=false haltOnFailure=false formatter=org.apache.tools.ant.taskdefs.optional.junit.OutErrSummaryJUnitResultFormatter showoutput=true outputtoformatters=true logfailedtests=true threadid=0 logtestlistenerevents=false formatter=org.apache.tools.ant.taskdefs.optional.junit.XMLJUnitResultFormatter,/home/travis/build/icyphy/ptII/reports/junit/TEST-ptolemy.actor.lib.test.junit.JUnitTclTest.xml crashfile=/home/travis/build/icyphy/ptII/junitvmwatcher8843748590380096853.properties propsfile=/home/travis/build/icyphy/ptII/junit14665950622035413559.properties" />
    <property name="env.COMPOSER_NO_INTERACTION" value="1" />
    <property name="env.MANPATH" value="/home/travis/.nvm/versions/node/v7.10.1/share/man:/home/travis/.rvm/rubies/ruby-2.5.3/share/man:/usr/local/cmake-3.12.4/man:/usr/local/clang-7.0.0/share/man:/usr/local/man:/usr/local/share/man:/usr/share/man:/home/travis/.rvm/man" />
    <property name="env.TRAVIS_TIMER_ID" value="09749070" />
    <property name="ant.file" value="/home/travis/build/icyphy/ptII/build.xml" />
    <property name="env.TRAVIS_COMMIT_RANGE" value="a27efbf6a4fb...2366dd88b4c1" />
    <property name="env._system_name" value="Ubuntu" />
    <property name="ptII.classpath.optional.property" value="/home/travis/build/icyphy/ptII/lib/bsh-2.0b4.jar:/home/travis/build/icyphy/ptII/lib/ptCal.jar:/home/travis/build/icyphy/ptII/lib/java_cup.jar:/home/travis/build/icyphy/ptII/lib/saxon8.jar:/home/travis/build/icyphy/ptII/lib/saxon8-dom.jar:/home/travis/build/icyphy/ptII/lib/chic.jar:/home/travis/build/icyphy/ptII/lib/ptcolt.jar:/home/travis/build/icyphy/ptII/vendors/misc/itext/iText.jar:/home/travis/build/icyphy/ptII/lib/g4ltl.jar:/home/travis/build/icyphy/ptII/lib/StructuralCoder.jar:/home/travis/build/icyphy/ptII/lib/jcerti.jar:/home/travis/build/icyphy/ptII/lib/javax.mail.jar:/home/travis/build/icyphy/ptII/vendors/JMF-2.1.1e/lib/jmf.jar:/home/travis/build/icyphy/ptII/lib/jna-4.0.0-variadic.jar:/home/travis/build/icyphy/ptII/vendors/misc/joystick/Joystick.jar:/home/travis/build/icyphy/ptII/lib/ptjacl.jar:/home/travis/build/icyphy/ptII/lib/jsoup-1.8.2.jar:/home/travis/build/icyphy/ptII/lib/junit-4.8.2.jar:/home/travis/build/icyphy/ptII/lib/JUnitParams-0.4.0.jar:/home/travis/build/icyphy/ptII/ptolemy/actor/lib/excel/jxl.jar:/home/travis/build/icyphy/ptII/lib/jython.jar:/home/travis/build/icyphy/ptII/lib/kieler.jar:/home/travis/build/icyphy/ptII/vendors/opencv/share/OpenCV/java/opencv-341.jar:/home/travis/build/icyphy/ptII/lib/oscP5.jar:/home/travis/build/icyphy/ptII/lib/nrjavaserial-3.11.0.devel.jar:/home/travis/build/icyphy/ptII/vendors/j3d/lib/Linux/j3dcore.jar:/home/travis/build/icyphy/ptII/vendors/j3d/lib/Linux/j3dutils.jar:/home/travis/build/icyphy/ptII/vendors/j3d/lib/Linux/vecmath.jar:/home/travis/build/icyphy/ptII/vendors/jogl/lib/Linux/gluegen-rt-natives-linux-amd64.jar:/home/travis/build/icyphy/ptII/vendors/jogl/lib/Linux/gluegen-rt.jar:/home/travis/build/icyphy/ptII/vendors/jogl/lib/Linux/jogl-all-natives-linux-amd64.jar:/home/travis/build/icyphy/ptII/vendors/jogl/lib/Linux/jogl-all.jar:/home/travis/build/icyphy/ptII/vendors/jogl/lib/natives/linux-amd64/gluegen-rt-natives-linux-amd64.jar:/home/travis/build/icyphy/ptII/vendors/jogl/lib/natives/linux-amd64/jogl-all-natives-linux-amd64.jar:/home/travis/build/icyphy/ptII/ptolemy/distributed/jini/jar/jini-core.jar:/home/travis/build/icyphy/ptII/ptolemy/distributed/jini/jar/jini-ext.jar:/home/travis/build/icyphy/ptII/ptolemy/distributed/jini/jar/sun-util.jar:/home/travis/build/icyphy/ptII/lib/protobuf-java-2.4.1.jar:/home/travis/build/icyphy/ptII/lib/org.eclipse.paho.client.mqttv3.jar:/home/travis/build/icyphy/ptII/lib/mapss.jar:/home/travis/build/icyphy/ptII/ptolemy/actor/ptalon/antlr/antlr.jar:/home/travis/build/icyphy/ptII/lib/JRI.jar:/home/travis/build/icyphy/ptII/lib/commons-lang-2.6.jar:/home/travis/build/icyphy/ptII/lib/commons-logging-1.1.1.jar:/home/travis/build/icyphy/ptII/lib/sootclasses.jar:/home/travis/build/icyphy/ptII/ptolemy/actor/lib/database/mysql-connector-java-5.1.6-bin.jar:/home/travis/build/icyphy/ptII/vendors/misc/sphinx4/sphinx4-data-5prealpha.jar:/home/travis/build/icyphy/ptII/vendors/misc/sphinx4/sphinx4-core-5prealpha.jar:/home/travis/build/icyphy/ptII/lib/PDFRenderer.jar:/home/travis/build/icyphy/ptII/lib/svgSalamander.jar:/home/travis/build/icyphy/ptII/lib/rsyntaxtextarea-2.6.0-SNAPSHOT.jar:/home/travis/build/icyphy/ptII/lib/hazelcast-3.8.2.jar:/home/travis/build/icyphy/ptII/lib/jackson-annotations-2.9.0.jar:/home/travis/build/icyphy/ptII/lib/jackson-core-2.9.3.jar:/home/travis/build/icyphy/ptII/lib/jackson-databind-2.9.3.jar:/home/travis/build/icyphy/ptII/lib/netty-buffer-4.1.19.Final.jar:/home/travis/build/icyphy/ptII/lib/netty-codec-4.1.19.Final.jar:/home/travis/build/icyphy/ptII/lib/netty-codec-dns-4.1.19.Final.jar:/home/travis/build/icyphy/ptII/lib/netty-codec-http-4.1.19.Final.jar:/home/travis/build/icyphy/ptII/lib/netty-codec-http2-4.1.19.Final.jar:/home/travis/build/icyphy/ptII/lib/netty-common-4.1.19.Final.jar:/home/travis/build/icyphy/ptII/lib/netty-handler-4.1.19.Final.jar:/home/travis/build/icyphy/ptII/lib/netty-resolver-4.1.19.Final.jar:/home/travis/build/icyphy/ptII/lib/netty-resolver-dns-4.1.19.Final.jar:/home/travis/build/icyphy/ptII/lib/netty-transport-4.1.19.Final.jar:/home/travis/build/icyphy/ptII/lib/vertx-codegen-3.5.1.jar:/home/travis/build/icyphy/ptII/lib/vertx-core-3.5.2-SNAPSHOT.jar:/home/travis/build/icyphy/ptII/lib/vertx-hazelcast-3.5.1.jar:/home/travis/build/icyphy/ptII/lib/vertx-lang-js-3.5.1.jar:/home/travis/build/icyphy/ptII/lib/vertx-service-proxy-3.5.1.jar:/home/travis/build/icyphy/ptII/lib/vertx-web-3.5.1.jar:/home/travis/build/icyphy/ptII/lib/slf4j-api-1.7.13.jar:/home/travis/build/icyphy/ptII/lib/slf4j-simple-1.7.13.jar:/home/travis/build/icyphy/ptII/lib/webcam-capture-0.3.12.jar:/home/travis/build/icyphy/ptII/lib/bridj-0.7.0.jar:/home/travis/build/icyphy/ptII/lib/xbjlib-1.1.0.nrjavaserial.jar" />
    <property name="timeout" value="2400000" />
    <property name="test.batch" value="**/junit/*.java" />
    <property name="env._" value="/usr/bin/timeout" />
    <property name="java.io.tmpdir" value="/tmp" />
    <property name="user.language" value="en" />
    <property name="env.TRAVIS_INTERNAL_RUBY_REGEX" value="^ruby-(2\.[0-4]\.[0-9]|1\.9\.3)" />
    <property name="env.HISTCONTROL" value="ignoredups:ignorespace" />
    <property name="env.GOROOT" value="/home/travis/.gimme/versions/go1.11.1.linux.amd64" />
    <property name="line.separator" value="&#xa;" />
    <property name="target" value="11" />
    <property name="env.TRAVIS_BUILD_DIR" value="/home/travis/build/icyphy/ptII" />
    <property name="env.ANT_OPTS" value="-Xmx2048m" />
    <property name="ant.file.type" value="file" />
    <property name="ptolemy.ptII.batchMode" value="true" />
    <property name="env.HISTSIZE" value="1000" />
    <property name="env.MERB_ENV" value="test" />
    <property name="java.vm.info" value="mixed mode" />
    <property name="source" value="11" />
    <property name="java.vm.specification.name" value="Java Virtual Machine Specification" />
    <property name="env.TRAVIS_TEST_RESULT" value="0" />
    <property name="jsdoc.command" value="node_modules/@terraswarm/jsdoc/jsdoc.js" />
    <property name="npm.works" value="true" />
    <property name="cobertura.dir" value="/home/travis/build/icyphy/ptII/vendors/cobertura-2.0.3" />
    <property name="jsdoc.command.exists" value="true" />
    <property name="env.rvm_path" value="/home/travis/.rvm" />
    <property name="env.GEM_PATH" value="/home/travis/.rvm/gems/ruby-2.5.3:/home/travis/.rvm/gems/ruby-2.5.3@global" />
    <property name="env.LC_CTYPE" value="en_US.UTF-8" />
    <property name="env.TRAVIS_CMD" value="$PTII/bin/ptIITravisBuild.sh $SECONDS" />
    <property name="java.awt.printerjob" value="sun.print.PSPrinterJob" />
    <property name="env.TRAVIS_STACK_NAME" value="sardonyx" />
    <property name="env.TRAVIS_TIMER_START_TIME" value="1563378119681366613" />
    <property name="ant.version" value="Apache Ant(TM) version 1.10.1 compiled on February 2 2017" />
    <property name="ptII.reports" value="/home/travis/build/icyphy/ptII/reports" />
    <property name="env.TRAVIS_STACK_TIMESTAMP" value="2019-03-25 16:16:56 UTC" />
    <property name="ant.file.type.ptII" value="file" />
    <property name="env.RBENV_SHELL" value="bash" />
    <property name="os.name" value="Linux" />
    <property name="java.specification.vendor" value="Oracle Corporation" />
    <property name="env.rvm_version" value="1.29.7 (latest)" />
    <property name="env.TRAVIS_INFRA" value="gce" />
    <property name="env.TERM" value="xterm" />
    <property name="java.vm.name" value="OpenJDK 64-Bit Server VM" />
    <property name="env.TRAVIS_BUILD_NUMBER" value="1245" />
    <property name="env.CI" value="true" />
    <property name="java.library.path" value="/home/travis/pthla/certi-tools/lib:/usr/lib/jni:/usr/local/share/OpenCV/java/:/usr/share/OpenCV/java::/usr/java/packages/lib:/usr/lib64:/lib64:/lib:/usr/lib" />
    <property name="jdk.module.path" value="/home/travis/build/icyphy/ptII/vendors/javafx/javafx-sdk-11.0.2/lib:" />
    <property name="env.rvm_prefix" value="/home/travis" />
    <property name="env.PATH" value="/home/travis/pthla/certi-tools/share/scripts:/home/travis/.rvm/gems/ruby-2.5.3/bin:/home/travis/.rvm/gems/ruby-2.5.3@global/bin:/home/travis/.rvm/rubies/ruby-2.5.3/bin:/home/travis/.rvm/bin:/home/travis/.nvm/versions/node/v7.10.1/bin:./node_modules/.bin:/home/travis/build/icyphy/ptII/bin:/home/travis/pthla/certi-tools/bin:/home/travis/bin:/home/travis/.local/bin:/usr/local/lib/jvm/openjdk11/bin:/opt/pyenv/shims:/home/travis/.phpenv/shims:/home/travis/perl5/perlbrew/bin:/home/travis/gopath/bin:/home/travis/.gimme/versions/go1.11.1.linux.amd64/bin:/usr/local/maven-3.6.0/bin:/usr/local/cmake-3.12.4/bin:/usr/local/clang-7.0.0/bin:/usr/local/sbin:/usr/local/bin:/usr/sbin:/usr/bin:/sbin:/bin:/snap/bin:/home/travis/.phpenv/bin:/opt/pyenv/bin:/home/travis/.yarn/bin" />
    <property name="env.TRAVIS_OS_NAME" value="linux" />
    <property name="ant.java.version" value="9" />
    <property name="basedir" value="/home/travis/build/icyphy/ptII" />
    <property name="java.class.version" value="55.0" />
    <property name="env.SHLVL" value="3" />
    <property name="env.LD_LIBRARY_PATH" value="/home/travis/pthla/certi-tools/lib:/usr/lib/jni:/usr/local/share/OpenCV/java/:/usr/share/OpenCV/java:" />
    <property name="env.RACK_ENV" value="test" />
    <property name="ant.home" value="/home/travis/build/icyphy/ptII/ant" />
    <property name="env.NVM_DIR" value="/home/travis/.nvm" />
    <property name="env.CERTI_FOM_PATH" value="/home/travis/pthla/certi-tools/share/federations" />
    <property name="env.TRAVIS_BUILD_ID" value="560024457" />
    <property name="env.PYENV_ROOT" value="/opt/pyenv" />
    <property name="env.TRAVIS_UID" value="2000" />
    <property name="prism.verbose" value="true" />
    <property name="env.NVM_BIN" value="/home/travis/.nvm/versions/node/v7.10.1/bin" />
    <property name="env.TRAVIS_COMMIT" value="2366dd88b4c1557d2c556c09d06ce94cc1f8a32e" />
    <property name="env._system_arch" value="x86_64" />
    <property name="node.executable" value="node" />
    <property name="sun.boot.library.path" value="/usr/local/lib/jvm/openjdk11/lib" />
    <property name="sun.management.compiler" value="HotSpot 64-Bit Tiered Compilers" />
    <property name="java.awt.graphicsenv" value="sun.awt.X11GraphicsEnvironment" />
    <property name="env.GOPATH" value="/home/travis/gopath" />
    <property name="ptolemy.ptII.dir" value="/home/travis/build/icyphy/ptII" />
    <property name="env.USER" value="travis" />
    <property name="env.HISTFILESIZE" value="2000" />
    <property name="timeout.longest" value="19000000" />
    <property name="env.PERLBREW_SHELLRC_VERSION" value="0.86" />
    <property name="env.TRAVIS_STACK_FEATURES" value="basic couchdb disabled-ipv6 docker docker-compose elasticsearch firefox go-toolchain google-chrome jdk memcached mongodb mysql nodejs_interpreter perl_interpreter perlbrew phantomjs postgresql python_interpreter redis ruby_interpreter sqlite xserver" />
    <property name="env.TRAVIS_PULL_REQUEST" value="false" />
    <property name="env.PYENV_SHELL" value="bash" />
    <property name="ant.project.name" value="ptII" />
    <property name="env.ANSI_RESET" value="\033[0m" />
    <property name="java.vm.specification.version" value="11" />
    <property name="env.TRAVIS_DIST" value="xenial" />
    <property name="env.CERTI_VERSION" value="4.0.0" />
    <property name="env.CERTI_HOST" value="localhost" />
    <property name="awt.toolkit" value="sun.awt.X11.XToolkit" />
    <property name="env.MY_RUBY_HOME" value="/home/travis/.rvm/rubies/ruby-2.5.3" />
    <property name="sun.cpu.isalist" value="" />
    <property name="env.TRAVIS_TMPDIR" value="/tmp/tmp.1tZZelJril" />
    <property name="java.vm.compressedOopsMode" value="Zero based" />
    <property name="os.version" value="4.15.0-1028-gcp" />
    <property name="user.home" value="/home/travis" />
    <property name="java.vm.vendor" value="Oracle Corporation" />
    <property name="env.TRAVIS_TAG" value="nightly" />
    <property name="env.ANSI_YELLOW" value="\033[33;1m" />
    <property name="env.TRAVIS_FILTERED" value="redirect_io" />
    <property name="env.ANSI_GREEN" value="\033[32;1m" />
    <property name="env.JAVA_HOME" value="/usr/local/lib/jvm/openjdk11" />
    <property name="javadoc.excludepackagenames" value="adm.cvs2svn.*,build.*,config.*,doc.coding.templates.*,jni.test.jni.meaningOfLife.*,jni.test.jni.testDeux.*,jni.test.jni.testTrois.*,org.terraswarm.accessor.accessors.web.node_modules.*,org.terraswarm.accessor.accessors.web.hosts.cordova.demo.*,org.terraswarm.accessor.accessors.web.hosts.cordova.plugins.*,org.terraswarm.accessor.accessors-svn.*,pt-modules.*,ptolemy.apps.agilent.*,ptolemy.apps.anytimecontrol.*,ptolemy.apps.apes.*,ptolemy.apps.charon.*,ptolemy.apps.crazyboard.*,ptolemy.apps.eclipse.*,ptolemy.apps.etherealSting.*,ptolemy.apps.fullscreen.*,ptolemy.apps.giotto.*,ptolemy.apps.ia.*,ptolemy.apps.interfaces.*,ptolemy.apps.jmf.*,ptolemy.apps.kurt.*,ptolemy.apps.kvm.*,ptolemy.apps.lego.*,ptolemy.apps.lejos.*,ptolemy.apps.midp.*,ptolemy.apps.mobileCoding.*,ptolemy.apps.pendulum.*,ptolemy.apps.rijndael.*,ptolemy.apps.robot.*,ptolemy.apps.security.*,ptolemy.apps.sobel.*,ptolemy.apps.soot.*,ptolemy.apps.throttle.*,ptolemy.apps.tini.*,ptolemy.apps.transmission.*,ptolemy.apps.vergil.*,ptolemy.apps.waba.*,ptolemy.apps.websensor.*,ptolemy.apps.webstart.*,ptolemy.apps.xsl.*,ptolemy.apps.zaurus.*,ptolemy.codegen.c.actor.lib.oldJavaFiles.*,ptolemy.codegen.dsp.lib.*,ptolemy.codegen.kernel.newInterfaces.*,ptolemy.codegen.lib.*,ptolemy.copernicus.kernel.fragment.*,ptolemy.copernicus.shallow.cg.*,ptolemy.domains.giotto.demo.Hierarchy.Hierarchy.*,ptolemy.domains.giotto.demo.Multimode.Multimode.*,ptolemy.domains.giotto.demo.Simple.Simple.*,ptolemy.domains.gr.lib.experimental.*,ptolemy.domains.gro.*,ptolemy.domains.pdf.*,ptolemy.domains.ptinyos.demo.Surge.output.*,ptolemy.moml.test.NoPackageActor.java*,ptolemy.plot.adm.*,ptolemy.plot.servlet.*,reports.*,signed.*,src.*,target.*,vendors.*,ptolemy.copernicus.applet.*,ptolemy.media.viewer.*,ptolemy.actor.corba.*,doc.doclets.*,ptolemy.apps.eclipse.awt.*,ptolemy.backtrack.*,ptolemy.backtrack.ast.*,ptolemy.cg.adapter.generic.program.procedural.c.mbed*,ptolemy.homer.*,ptolemy.actor.lib.jai.*,org.ptolemy.scala.*,diva.util.java2d.svg.*,ptolemy.domains.ptinyos.*,ptolemy.actor.lib.fmi.fmipp.*,,org.terraswarm.accessor.accessors.web.node_modules.*,org.terraswarm.accessor.accessors-svn,ptolemy.apps.*,ptolemy.actor.ptalon.demo.ptinyos.SendAndReceiveCnt.output,ptolemy.actor.ptalon.demo.ptinyos.SenseToLeds.output,ptolemy.domains.ptinyos.demo.CntToLedsAndRfm.output,ptolemy.domains.ptinyos.demo.RfmToLeds.output,ptolemy.domains.ptinyos.demo.SendAndReceiveCnt.output,ptolemy.domains.ptinyos.demo.SenseToLeds.output,ptolemy.actor.lib.jjs.modules.udpSocket.*" />
    <property name="env.PTII" value="/home/travis/build/icyphy/ptII" />
    <property name="env.XDG_SESSION_ID" value="2" />
    <property name="keystore" value="ptKeystore" />
    <property name="env.TRAVIS_COMMIT_MESSAGE" value="Travis test.core5.xml was failing to allocate memory in fork.  Changed java.maxmemory.large from 8000m to 6000m." />
    <property name="junit.output.dir" value="/home/travis/build/icyphy/ptII/reports/junit" />
    <property name="npm.return.code" value="0" />
    <property name="user.dir" value="/home/travis/build/icyphy/ptII/ptolemy/actor/lib/test" />
    <property name="env.TRAVIS_NODE_VERSION" value="7" />
    <property name="env.TRAVIS_EVENT_TYPE" value="push" />
    <property name="env.MAIL" value="/var/mail/travis" />
    <property name="env.PERLBREW_ROOT" value="/home/travis/perl5/perlbrew" />
    <property name="env.PWD" value="/home/travis/build/icyphy/ptII" />
    <property name="timeout.npm" value="45000" />
    <property name="env.TRAVIS_ARCH" value="amd64" />
    <property name="sun.cpu.endian" value="little" />
    <property name="env.PAGER" value="cat" />
    <property name="env.TRAVIS_BUILD_STAGE_NAME" value="Test" />
    <property name="env.PERLBREW_HOME" value="/home/travis/.perlbrew" />
    <property name="java.vm.version" value="11.0.2+9" />
    <property name="env.RAILS_ENV" value="test" />
    <property name="java.class.path" value="/home/travis/.ptolemyII:/home/travis/.ptolemyII/*:/home/travis/build/icyphy/ptII:/home/travis/build/icyphy/ptII/lib/bsh-2.0b4.jar:/home/travis/build/icyphy/ptII/lib/ptCal.jar:/home/travis/build/icyphy/ptII/lib/java_cup.jar:/home/travis/build/icyphy/ptII/lib/saxon8.jar:/home/travis/build/icyphy/ptII/lib/saxon8-dom.jar:/home/travis/build/icyphy/ptII/lib/chic.jar:/home/travis/build/icyphy/ptII/lib/ptcolt.jar:/home/travis/build/icyphy/ptII/vendors/misc/itext/iText.jar:/home/travis/build/icyphy/ptII/lib/g4ltl.jar:/home/travis/build/icyphy/ptII/lib/StructuralCoder.jar:/home/travis/build/icyphy/ptII/lib/jcerti.jar:/home/travis/build/icyphy/ptII/lib/javax.mail.jar:/home/travis/build/icyphy/ptII/vendors/JMF-2.1.1e/lib/jmf.jar:/home/travis/build/icyphy/ptII/lib/jna-4.0.0-variadic.jar:/home/travis/build/icyphy/ptII/vendors/misc/joystick/Joystick.jar:/home/travis/build/icyphy/ptII/lib/ptjacl.jar:/home/travis/build/icyphy/ptII/lib/jsoup-1.8.2.jar:/home/travis/build/icyphy/ptII/lib/junit-4.8.2.jar:/home/travis/build/icyphy/ptII/lib/JUnitParams-0.4.0.jar:/home/travis/build/icyphy/ptII/ptolemy/actor/lib/excel/jxl.jar:/home/travis/build/icyphy/ptII/lib/jython.jar:/home/travis/build/icyphy/ptII/lib/kieler.jar:/home/travis/build/icyphy/ptII/vendors/opencv/share/OpenCV/java/opencv-341.jar:/home/travis/build/icyphy/ptII/lib/oscP5.jar:/home/travis/build/icyphy/ptII/lib/nrjavaserial-3.11.0.devel.jar:/home/travis/build/icyphy/ptII/vendors/j3d/lib/Linux/j3dcore.jar:/home/travis/build/icyphy/ptII/vendors/j3d/lib/Linux/j3dutils.jar:/home/travis/build/icyphy/ptII/vendors/j3d/lib/Linux/vecmath.jar:/home/travis/build/icyphy/ptII/vendors/jogl/lib/Linux/gluegen-rt-natives-linux-amd64.jar:/home/travis/build/icyphy/ptII/vendors/jogl/lib/Linux/gluegen-rt.jar:/home/travis/build/icyphy/ptII/vendors/jogl/lib/Linux/jogl-all-natives-linux-amd64.jar:/home/travis/build/icyphy/ptII/vendors/jogl/lib/Linux/jogl-all.jar:/home/travis/build/icyphy/ptII/vendors/jogl/lib/natives/linux-amd64/gluegen-rt-natives-linux-amd64.jar:/home/travis/build/icyphy/ptII/vendors/jogl/lib/natives/linux-amd64/jogl-all-natives-linux-amd64.jar:/home/travis/build/icyphy/ptII/ptolemy/distributed/jini/jar/jini-core.jar:/home/travis/build/icyphy/ptII/ptolemy/distributed/jini/jar/jini-ext.jar:/home/travis/build/icyphy/ptII/ptolemy/distributed/jini/jar/sun-util.jar:/home/travis/build/icyphy/ptII/lib/protobuf-java-2.4.1.jar:/home/travis/build/icyphy/ptII/lib/org.eclipse.paho.client.mqttv3.jar:/home/travis/build/icyphy/ptII/lib/mapss.jar:/home/travis/build/icyphy/ptII/ptolemy/actor/ptalon/antlr/antlr.jar:/home/travis/build/icyphy/ptII/lib/JRI.jar:/home/travis/build/icyphy/ptII/lib/commons-lang-2.6.jar:/home/travis/build/icyphy/ptII/lib/commons-logging-1.1.1.jar:/home/travis/build/icyphy/ptII/lib/sootclasses.jar:/home/travis/build/icyphy/ptII/ptolemy/actor/lib/database/mysql-connector-java-5.1.6-bin.jar:/home/travis/build/icyphy/ptII/vendors/misc/sphinx4/sphinx4-data-5prealpha.jar:/home/travis/build/icyphy/ptII/vendors/misc/sphinx4/sphinx4-core-5prealpha.jar:/home/travis/build/icyphy/ptII/lib/PDFRenderer.jar:/home/travis/build/icyphy/ptII/lib/svgSalamander.jar:/home/travis/build/icyphy/ptII/lib/rsyntaxtextarea-2.6.0-SNAPSHOT.jar:/home/travis/build/icyphy/ptII/lib/hazelcast-3.8.2.jar:/home/travis/build/icyphy/ptII/lib/jackson-annotations-2.9.0.jar:/home/travis/build/icyphy/ptII/lib/jackson-core-2.9.3.jar:/home/travis/build/icyphy/ptII/lib/jackson-databind-2.9.3.jar:/home/travis/build/icyphy/ptII/lib/netty-buffer-4.1.19.Final.jar:/home/travis/build/icyphy/ptII/lib/netty-codec-4.1.19.Final.jar:/home/travis/build/icyphy/ptII/lib/netty-codec-dns-4.1.19.Final.jar:/home/travis/build/icyphy/ptII/lib/netty-codec-http-4.1.19.Final.jar:/home/travis/build/icyphy/ptII/lib/netty-codec-http2-4.1.19.Final.jar:/home/travis/build/icyphy/ptII/lib/netty-common-4.1.19.Final.jar:/home/travis/build/icyphy/ptII/lib/netty-handler-4.1.19.Final.jar:/home/travis/build/icyphy/ptII/lib/netty-resolver-4.1.19.Final.jar:/home/travis/build/icyphy/ptII/lib/netty-resolver-dns-4.1.19.Final.jar:/home/travis/build/icyphy/ptII/lib/netty-transport-4.1.19.Final.jar:/home/travis/build/icyphy/ptII/lib/vertx-codegen-3.5.1.jar:/home/travis/build/icyphy/ptII/lib/vertx-core-3.5.2-SNAPSHOT.jar:/home/travis/build/icyphy/ptII/lib/vertx-hazelcast-3.5.1.jar:/home/travis/build/icyphy/ptII/lib/vertx-lang-js-3.5.1.jar:/home/travis/build/icyphy/ptII/lib/vertx-service-proxy-3.5.1.jar:/home/travis/build/icyphy/ptII/lib/vertx-web-3.5.1.jar:/home/travis/build/icyphy/ptII/lib/slf4j-api-1.7.13.jar:/home/travis/build/icyphy/ptII/lib/slf4j-simple-1.7.13.jar:/home/travis/build/icyphy/ptII/lib/webcam-capture-0.3.12.jar:/home/travis/build/icyphy/ptII/lib/bridj-0.7.0.jar:/home/travis/build/icyphy/ptII/lib/xbjlib-1.1.0.nrjavaserial.jar:/home/travis/build/icyphy/ptII/ptolemy/moml/test:/home/travis/build/icyphy/ptII/ant/lib/ant-launcher.jar:/home/travis/build/icyphy/ptII/ant/lib/ant.jar:/home/travis/build/icyphy/ptII/ant/lib/ant-junit.jar:/home/travis/build/icyphy/ptII/ant/lib/ant-junit4.jar" />
    <property name="ant.library.dir" value="/home/travis/build/icyphy/ptII/ant/lib" />
    <property name="os.arch" value="amd64" />
    <property name="env.CONTINUOUS_INTEGRATION" value="true" />
    <property name="env.TRAVIS_LANGUAGE" value="node_js" />
    <property name="env.TRAVIS_STACK_LANGUAGES" value="__sardonyx__ c c++ clojure cplusplus cpp default generic go groovy java node_js php pure_java python ruby scala" />
    <property name="test.name" value="ptolemy.actor.lib.test.junit.JUnitTclTest" />
    <property name="env.APT_KEY_DONT_WARN_ON_DANGEROUS_USAGE" value="1" />
    <property name="sun.java.launcher" value="SUN_STANDARD" />
    <property name="env.PYTHON_CONFIGURE_OPTS" value="--enable-unicode=ucs4 --with-wide-unicode --enable-shared --enable-ipv6 --enable-loadable-sqlite-extensions --with-computed-gotos" />
    <property name="ant.core.lib" value="/home/travis/build/icyphy/ptII/ant/lib/ant.jar" />
    <property name="java.vm.specification.vendor" value="Oracle Corporation" />
    <property name="env.BCVTB_HOME" value="/home/travis/build/icyphy/ptII/lbnl" />
    <property name="file.separator" value="/" />
    <property name="spotbugs.home" value="/home/travis/build/icyphy/ptII/vendors/spotbugs-3.1.1" />
    <property name="java.runtime.version" value="11.0.2+9" />
    <property name="env.ANSI_CLEAR" value="\033[0K" />
    <property name="javafx.verbose" value="true" />
    <property name="env.HAS_JOSH_K_SEAL_OF_APPROVAL" value="true" />
    <property name="env.XDG_RUNTIME_DIR" value="/run/user/2000" />
    <property name="env.TRAVIS_OSX_IMAGE" value="" />
    <property name="env.TRAVIS_JOB_ID" value="560024467" />
    <property name="env.TRAVIS_BRANCH" value="master" />
    <property name="user.country" value="US" />
    <property name="env.CERTI_HOME_TRAVIS" value="/home/travis/pthla/certi-tools" />
    <property name="env.SHELL" value="/bin/bash" />
    <property name="java.maxmemory.large" value="6000m" />
    <property name="model" value="" />
    <property name="env.CASHER_DIR" value="/home/travis/.casher" />
    <property name="env.NVM_CD_FLAGS" value="" />
    <property name="java.vendor.version" value="18.9" />
    <property name="jshint.executable" value="/home/travis/node_modules/jshint/bin/jshint" />
    <property name="env.JRUBY_OPTS" value=" --client -J-XX:+TieredCompilation -J-XX:TieredStopAtLevel=1 -J-Xss2m -Xcompile.invokedynamic=false" />
    <property name="java.vendor" value="Oracle Corporation" />
    <property name="env.TRAVIS_PRE_CHEF_BOOTSTRAP_TIME" value="2019-03-25T16:16:42" />
    <property name="env.TRAVIS_STACK_JOB_BOARD_REGISTER" value="/.job-board-register.yml" />
    <property name="env.ANSI_RED" value="\033[31;1m" />
    <property name="java.specification.version" value="11" />
    <property name="env.IRBRC" value="/home/travis/.rvm/rubies/ruby-2.5.3/.irbrc" />
    <property name="env.TRAVIS" value="true" />
    <property name="sun.arch.data.model" value="64" />
  </properties>
  <testcase classname="ptolemy.util.test.junit.TclTests" name="[0] /home/travis/build/icyphy/ptII/ptolemy/actor/lib/test/AbsoluteValue.tcl (RunTclFile)" time="0.53" />
  <testcase classname="ptolemy.util.test.junit.TclTests" name="[1] /home/travis/build/icyphy/ptII/ptolemy/actor/lib/test/AddSubtract.tcl (RunTclFile)" time="0.16" />
  <testcase classname="ptolemy.util.test.junit.TclTests" name="[2] /home/travis/build/icyphy/ptII/ptolemy/actor/lib/test/Average.tcl (RunTclFile)" time="0.077" />
  <testcase classname="ptolemy.util.test.junit.TclTests" name="[3] /home/travis/build/icyphy/ptII/ptolemy/actor/lib/test/Bernoulli.tcl (RunTclFile)" time="0.035" />
  <testcase classname="ptolemy.util.test.junit.TclTests" name="[4] /home/travis/build/icyphy/ptII/ptolemy/actor/lib/test/Clock.tcl (RunTclFile)" time="0.084" />
  <testcase classname="ptolemy.util.test.junit.TclTests" name="[5] /home/travis/build/icyphy/ptII/ptolemy/actor/lib/test/Commutator.tcl (RunTclFile)" time="0.185" />
  <testcase classname="ptolemy.util.test.junit.TclTests" name="[6] /home/travis/build/icyphy/ptII/ptolemy/actor/lib/test/Const.tcl (RunTclFile)" time="0.075" />
  <testcase classname="ptolemy.util.test.junit.TclTests" name="[7] /home/travis/build/icyphy/ptII/ptolemy/actor/lib/test/CurrentTime.tcl (RunTclFile)" time="0.021" />
  <testcase classname="ptolemy.util.test.junit.TclTests" name="[8] /home/travis/build/icyphy/ptII/ptolemy/actor/lib/test/DB.tcl (RunTclFile)" time="0.054" />
  <testcase classname="ptolemy.util.test.junit.TclTests" name="[9] /home/travis/build/icyphy/ptII/ptolemy/actor/lib/test/DiscreteRandomSource.tcl (RunTclFile)" time="0.043" />
  <testcase classname="ptolemy.util.test.junit.TclTests" name="[10] /home/travis/build/icyphy/ptII/ptolemy/actor/lib/test/Distributor.tcl (RunTclFile)" time="0.062" />
  <testcase classname="ptolemy.util.test.junit.TclTests" name="[11] /home/travis/build/icyphy/ptII/ptolemy/actor/lib/test/Exit.tcl (RunTclFile)" time="0.153" />
  <testcase classname="ptolemy.util.test.junit.TclTests" name="[12] /home/travis/build/icyphy/ptII/ptolemy/actor/lib/test/Expression.tcl (RunTclFile)" time="0.118" />
  <testcase classname="ptolemy.util.test.junit.TclTests" name="[13] /home/travis/build/icyphy/ptII/ptolemy/actor/lib/test/Gaussian.tcl (RunTclFile)" time="1.006" />
  <testcase classname="ptolemy.util.test.junit.TclTests" name="[14] /home/travis/build/icyphy/ptII/ptolemy/actor/lib/test/IIR.tcl (RunTclFile)" time="0.046" />
  <testcase classname="ptolemy.util.test.junit.TclTests" name="[15] /home/travis/build/icyphy/ptII/ptolemy/actor/lib/test/Interpolator.tcl (RunTclFile)" time="0.109" />
  <testcase classname="ptolemy.util.test.junit.TclTests" name="[16] /home/travis/build/icyphy/ptII/ptolemy/actor/lib/test/MathFunction.tcl (RunTclFile)" time="0.062" />
  <testcase classname="ptolemy.util.test.junit.TclTests" name="[17] /home/travis/build/icyphy/ptII/ptolemy/actor/lib/test/Maximum.tcl (RunTclFile)" time="0.027" />
  <testcase classname="ptolemy.util.test.junit.TclTests" name="[18] /home/travis/build/icyphy/ptII/ptolemy/actor/lib/test/Minimum.tcl (RunTclFile)" time="0.02" />
  <testcase classname="ptolemy.util.test.junit.TclTests" name="[19] /home/travis/build/icyphy/ptII/ptolemy/actor/lib/test/MultiplyDivide.tcl (RunTclFile)" time="0.027" />
  <testcase classname="ptolemy.util.test.junit.TclTests" name="[20] /home/travis/build/icyphy/ptII/ptolemy/actor/lib/test/OrderedMerge.tcl (RunTclFile)" time="0.128" />
  <testcase classname="ptolemy.util.test.junit.TclTests" name="[21] /home/travis/build/icyphy/ptII/ptolemy/actor/lib/test/Publisher.tcl (RunTclFile)" time="0.877" />
  <testcase classname="ptolemy.util.test.junit.TclTests" name="[22] /home/travis/build/icyphy/ptII/ptolemy/actor/lib/test/Pulse.tcl (RunTclFile)" time="0.077" />
  <testcase classname="ptolemy.util.test.junit.TclTests" name="[23] /home/travis/build/icyphy/ptII/ptolemy/actor/lib/test/Ramp.tcl (RunTclFile)" time="2.225" />
  <testcase classname="ptolemy.util.test.junit.TclTests" name="[24] /home/travis/build/icyphy/ptII/ptolemy/actor/lib/test/RampContinuous.tcl (RunTclFile)" time="0.019" />
  <testcase classname="ptolemy.util.test.junit.TclTests" name="[25] /home/travis/build/icyphy/ptII/ptolemy/actor/lib/test/RecordAssembler.tcl (RunTclFile)" time="0.016" />
  <testcase classname="ptolemy.util.test.junit.TclTests" name="[26] /home/travis/build/icyphy/ptII/ptolemy/actor/lib/test/RecordDisassembler.tcl (RunTclFile)" time="0.033" />
  <testcase classname="ptolemy.util.test.junit.TclTests" name="[27] /home/travis/build/icyphy/ptII/ptolemy/actor/lib/test/Scale.tcl (RunTclFile)" time="0.061" />
  <testcase classname="ptolemy.util.test.junit.TclTests" name="[28] /home/travis/build/icyphy/ptII/ptolemy/actor/lib/test/SequentialClock.tcl (RunTclFile)" time="0.026" />
  <testcase classname="ptolemy.util.test.junit.TclTests" name="[29] /home/travis/build/icyphy/ptII/ptolemy/actor/lib/test/SetVariable.tcl (RunTclFile)" time="0.045">
    <failure message="Number of failed tests is has increased. expected:&lt;0&gt; but was:&lt;1&gt;" type="junit.framework.AssertionFailedError">junit.framework.AssertionFailedError: Number of failed tests is has increased. expected:&lt;0&gt; but was:&lt;1&gt;
	at ptolemy.util.test.junit.TclTests.RunTclFile(TclTests.java:286)
	at jdk.internal.reflect.GeneratedMethodAccessor19.invoke(Unknown Source)
	at java.base/jdk.internal.reflect.DelegatingMethodAccessorImpl.invoke(DelegatingMethodAccessorImpl.java:43)
	at junitparams.internal.InvokeParameterisedMethod.evaluate(InvokeParameterisedMethod.java:102)
	at junitparams.internal.ParameterisedTestMethodRunner.runMethodInvoker(ParameterisedTestMethodRunner.java:47)
	at junitparams.internal.ParameterisedTestMethodRunner.runTestMethod(ParameterisedTestMethodRunner.java:41)
	at junitparams.internal.ParameterisedTestClassRunner.runParameterisedTest(ParameterisedTestClassRunner.java:143)
	at junitparams.JUnitParamsRunner.runChild(JUnitParamsRunner.java:237)
	at junitparams.JUnitParamsRunner.runChild(JUnitParamsRunner.java:215)
</failure>
  </testcase>
  <testcase classname="ptolemy.util.test.junit.TclTests" name="[30] /home/travis/build/icyphy/ptII/ptolemy/actor/lib/test/Sinewave.tcl (RunTclFile)" time="0.075" />
  <testcase classname="ptolemy.util.test.junit.TclTests" name="[31] /home/travis/build/icyphy/ptII/ptolemy/actor/lib/test/SubscriptionAggregator.tcl (RunTclFile)" time="2.512" />
  <testcase classname="ptolemy.util.test.junit.TclTests" name="[32] /home/travis/build/icyphy/ptII/ptolemy/actor/lib/test/Test.tcl (RunTclFile)" time="0.085" />
  <testcase classname="ptolemy.util.test.junit.TclTests" name="[33] /home/travis/build/icyphy/ptII/ptolemy/actor/lib/test/TestExceptionHandler.tcl (RunTclFile)" time="0.017" />
  <testcase classname="ptolemy.util.test.junit.TclTests" name="[34] /home/travis/build/icyphy/ptII/ptolemy/actor/lib/test/UnionDisassembler.tcl (RunTclFile)" time="0.08" />
  <testcase classname="ptolemy.util.test.junit.TclTests" name="[35] /home/travis/build/icyphy/ptII/ptolemy/actor/lib/test/VariableClock.tcl (RunTclFile)" time="0.017" />
  <testcase classname="ptolemy.util.test.junit.AutoKnownFailedTests" name="[0] /home/travis/build/icyphy/ptII/ptolemy/actor/lib/test/auto/knownFailedTests/PublisherPortToplevelSubscriber.xml (RunModel)" time="0.03" />
  <testcase classname="ptolemy.util.test.junit.AutoKnownFailedTests" name="[1] /home/travis/build/icyphy/ptII/ptolemy/actor/lib/test/auto/knownFailedTests/PublisherSubscriberPortToplevel.xml (RunModel)" time="0.021" />
  <testcase classname="ptolemy.util.test.junit.AutoKnownFailedTests" name="[2] /home/travis/build/icyphy/ptII/ptolemy/actor/lib/test/auto/knownFailedTests/PublisherSubscriptionAggregatorPort.xml (RunModel)" time="0.018" />
  <testcase classname="ptolemy.util.test.junit.AutoKnownFailedTests" name="[3] /home/travis/build/icyphy/ptII/ptolemy/actor/lib/test/auto/knownFailedTests/sizedarray3.xml (RunModel)" time="0.041" />
  <testcase classname="ptolemy.util.test.junit.AutoNameArchTests" name="[0] ThereAreNoAutoArchTests (RunModel)" time="0.01" />
  <testcase classname="ptolemy.util.test.junit.AutoTests" name="[0] /home/travis/build/icyphy/ptII/ptolemy/actor/lib/test/auto/AbsoluteValue.xml (RunModel)" time="0.115" />
  <testcase classname="ptolemy.util.test.junit.AutoTests" name="[1] /home/travis/build/icyphy/ptII/ptolemy/actor/lib/test/auto/AbsoluteValue2.xml (RunModel)" time="0.045" />
  <testcase classname="ptolemy.util.test.junit.AutoTests" name="[2] /home/travis/build/icyphy/ptII/ptolemy/actor/lib/test/auto/Accumulator.xml (RunModel)" time="0.067" />
  <testcase classname="ptolemy.util.test.junit.AutoTests" name="[3] /home/travis/build/icyphy/ptII/ptolemy/actor/lib/test/auto/Accumulator2.xml (RunModel)" time="0.023" />
  <testcase classname="ptolemy.util.test.junit.AutoTests" name="[4] /home/travis/build/icyphy/ptII/ptolemy/actor/lib/test/auto/Accumulator3.xml (RunModel)" time="0.013" />
  <testcase classname="ptolemy.util.test.junit.AutoTests" name="[5] /home/travis/build/icyphy/ptII/ptolemy/actor/lib/test/auto/ArrayAppend.xml (RunModel)" time="0.068" />
  <testcase classname="ptolemy.util.test.junit.AutoTests" name="[6] /home/travis/build/icyphy/ptII/ptolemy/actor/lib/test/auto/ArrayAppend2.xml (RunModel)" time="0.602" />
  <testcase classname="ptolemy.util.test.junit.AutoTests" name="[7] /home/travis/build/icyphy/ptII/ptolemy/actor/lib/test/auto/ArrayAppend3.xml (RunModel)" time="0.048" />
  <testcase classname="ptolemy.util.test.junit.AutoTests" name="[8] /home/travis/build/icyphy/ptII/ptolemy/actor/lib/test/auto/ArrayAppend4.xml (RunModel)" time="0.022" />
  <testcase classname="ptolemy.util.test.junit.AutoTests" name="[9] /home/travis/build/icyphy/ptII/ptolemy/actor/lib/test/auto/ArrayAppend5.xml (RunModel)" time="0.026" />
  <testcase classname="ptolemy.util.test.junit.AutoTests" name="[10] /home/travis/build/icyphy/ptII/ptolemy/actor/lib/test/auto/ArrayAppend6.xml (RunModel)" time="0.024" />
  <testcase classname="ptolemy.util.test.junit.AutoTests" name="[11] /home/travis/build/icyphy/ptII/ptolemy/actor/lib/test/auto/ArrayAppendPerformanceTest.xml (RunModel)" time="0.096" />
  <testcase classname="ptolemy.util.test.junit.AutoTests" name="[12] /home/travis/build/icyphy/ptII/ptolemy/actor/lib/test/auto/ArrayAppendWithEmptyInput.xml (RunModel)" time="0.071" />
  <testcase classname="ptolemy.util.test.junit.AutoTests" name="[13] /home/travis/build/icyphy/ptII/ptolemy/actor/lib/test/auto/ArrayAverage.xml (RunModel)" time="0.053" />
  <testcase classname="ptolemy.util.test.junit.AutoTests" name="[14] /home/travis/build/icyphy/ptII/ptolemy/actor/lib/test/auto/ArrayContains.xml (RunModel)" time="0.046" />
  <testcase classname="ptolemy.util.test.junit.AutoTests" name="[15] /home/travis/build/icyphy/ptII/ptolemy/actor/lib/test/auto/ArrayElement.xml (RunModel)" time="0.032" />
  <testcase classname="ptolemy.util.test.junit.AutoTests" name="[16] /home/travis/build/icyphy/ptII/ptolemy/actor/lib/test/auto/ArrayElementAsMatrix.xml (RunModel)" time="0.088" />
  <testcase classname="ptolemy.util.test.junit.AutoTests" name="[17] /home/travis/build/icyphy/ptII/ptolemy/actor/lib/test/auto/ArrayElementI.xml (RunModel)" time="0.037" />
  <testcase classname="ptolemy.util.test.junit.AutoTests" name="[18] /home/travis/build/icyphy/ptII/ptolemy/actor/lib/test/auto/ArrayExtract.xml (RunModel)" time="0.043" />
  <testcase classname="ptolemy.util.test.junit.AutoTests" name="[19] /home/travis/build/icyphy/ptII/ptolemy/actor/lib/test/auto/ArrayExtract2.xml (RunModel)" time="0.02" />
  <testcase classname="ptolemy.util.test.junit.AutoTests" name="[20] /home/travis/build/icyphy/ptII/ptolemy/actor/lib/test/auto/ArrayLength.xml (RunModel)" time="0.041" />
  <testcase classname="ptolemy.util.test.junit.AutoTests" name="[21] /home/travis/build/icyphy/ptII/ptolemy/actor/lib/test/auto/ArrayLevelCrossing.xml (RunModel)" time="0.03" />
  <testcase classname="ptolemy.util.test.junit.AutoTests" name="[22] /home/travis/build/icyphy/ptII/ptolemy/actor/lib/test/auto/ArrayLevelCrossing2.xml (RunModel)" time="0.024" />
  <testcase classname="ptolemy.util.test.junit.AutoTests" name="[23] /home/travis/build/icyphy/ptII/ptolemy/actor/lib/test/auto/ArrayPeakSearch.xml (RunModel)" time="0.05" />
  <testcase classname="ptolemy.util.test.junit.AutoTests" name="[24] /home/travis/build/icyphy/ptII/ptolemy/actor/lib/test/auto/ArrayPeakSearch2.xml (RunModel)" time="0.048" />
  <testcase classname="ptolemy.util.test.junit.AutoTests" name="[25] /home/travis/build/icyphy/ptII/ptolemy/actor/lib/test/auto/ArrayPeakSearch3.xml (RunModel)" time="0.042" />
  <testcase classname="ptolemy.util.test.junit.AutoTests" name="[26] /home/travis/build/icyphy/ptII/ptolemy/actor/lib/test/auto/ArrayRemoveElement.xml (RunModel)" time="0.03" />
  <testcase classname="ptolemy.util.test.junit.AutoTests" name="[27] /home/travis/build/icyphy/ptII/ptolemy/actor/lib/test/auto/ArraySort.xml (RunModel)" time="0.044" />
  <testcase classname="ptolemy.util.test.junit.AutoTests" name="[28] /home/travis/build/icyphy/ptII/ptolemy/actor/lib/test/auto/ArraySum.xml (RunModel)" time="0.023" />
  <testcase classname="ptolemy.util.test.junit.AutoTests" name="[29] /home/travis/build/icyphy/ptII/ptolemy/actor/lib/test/auto/ArrayToElements.xml (RunModel)" time="0.029" />
  <testcase classname="ptolemy.util.test.junit.AutoTests" name="[30] /home/travis/build/icyphy/ptII/ptolemy/actor/lib/test/auto/ArrayToMatrix.xml (RunModel)" time="0.054" />
  <testcase classname="ptolemy.util.test.junit.AutoTests" name="[31] /home/travis/build/icyphy/ptII/ptolemy/actor/lib/test/auto/ArrayUpdate1.xml (RunModel)" time="0.018" />
  <testcase classname="ptolemy.util.test.junit.AutoTests" name="[32] /home/travis/build/icyphy/ptII/ptolemy/actor/lib/test/auto/ArrayUpdate2.xml (RunModel)" time="0.024" />
  <testcase classname="ptolemy.util.test.junit.AutoTests" name="[33] /home/travis/build/icyphy/ptII/ptolemy/actor/lib/test/auto/ArrayUpdate3.xml (RunModel)" time="0.019" />
  <testcase classname="ptolemy.util.test.junit.AutoTests" name="[34] /home/travis/build/icyphy/ptII/ptolemy/actor/lib/test/auto/Assert1.xml (RunModel)" time="0.02" />
  <testcase classname="ptolemy.util.test.junit.AutoTests" name="[35] /home/travis/build/icyphy/ptII/ptolemy/actor/lib/test/auto/Assert2.xml (RunModel)" time="0.011" />
  <testcase classname="ptolemy.util.test.junit.AutoTests" name="[36] /home/travis/build/icyphy/ptII/ptolemy/actor/lib/test/auto/BooleanMultiplexor.xml (RunModel)" time="0.027" />
  <testcase classname="ptolemy.util.test.junit.AutoTests" name="[37] /home/travis/build/icyphy/ptII/ptolemy/actor/lib/test/auto/BooleanMultiplexor2.xml (RunModel)" time="0.033" />
  <testcase classname="ptolemy.util.test.junit.AutoTests" name="[38] /home/travis/build/icyphy/ptII/ptolemy/actor/lib/test/auto/BooleanMultiplexor3.xml (RunModel)" time="0.022" />
  <testcase classname="ptolemy.util.test.junit.AutoTests" name="[39] /home/travis/build/icyphy/ptII/ptolemy/actor/lib/test/auto/BooleanSelect.xml (RunModel)" time="0.027" />
  <testcase classname="ptolemy.util.test.junit.AutoTests" name="[40] /home/travis/build/icyphy/ptII/ptolemy/actor/lib/test/auto/BooleanSelect2.xml (RunModel)" time="0.013" />
  <testcase classname="ptolemy.util.test.junit.AutoTests" name="[41] /home/travis/build/icyphy/ptII/ptolemy/actor/lib/test/auto/BooleanSwitch.xml (RunModel)" time="0.032" />
  <testcase classname="ptolemy.util.test.junit.AutoTests" name="[42] /home/travis/build/icyphy/ptII/ptolemy/actor/lib/test/auto/BooleanSwitch2.xml (RunModel)" time="0.017" />
  <testcase classname="ptolemy.util.test.junit.AutoTests" name="[43] /home/travis/build/icyphy/ptII/ptolemy/actor/lib/test/auto/BooleanSwitchCloningBugWithClassRelationGroup.xml (RunModel)" time="0.034" />
  <testcase classname="ptolemy.util.test.junit.AutoTests" name="[44] /home/travis/build/icyphy/ptII/ptolemy/actor/lib/test/auto/BusActors.xml (RunModel)" time="0.063" />
  <testcase classname="ptolemy.util.test.junit.AutoTests" name="[45] /home/travis/build/icyphy/ptII/ptolemy/actor/lib/test/auto/ClassWrapper.xml (RunModel)" time="0.026" />
  <testcase classname="ptolemy.util.test.junit.AutoTests" name="[46] /home/travis/build/icyphy/ptII/ptolemy/actor/lib/test/auto/Clock.xml (RunModel)" time="0.01" />
  <testcase classname="ptolemy.util.test.junit.AutoTests" name="[47] /home/travis/build/icyphy/ptII/ptolemy/actor/lib/test/auto/Clock10.xml (RunModel)" time="0.025" />
  <testcase classname="ptolemy.util.test.junit.AutoTests" name="[48] /home/travis/build/icyphy/ptII/ptolemy/actor/lib/test/auto/Clock11.xml (RunModel)" time="0.02" />
  <testcase classname="ptolemy.util.test.junit.AutoTests" name="[49] /home/travis/build/icyphy/ptII/ptolemy/actor/lib/test/auto/Clock12.xml (RunModel)" time="0.028" />
  <testcase classname="ptolemy.util.test.junit.AutoTests" name="[50] /home/travis/build/icyphy/ptII/ptolemy/actor/lib/test/auto/Clock13.xml (RunModel)" time="0.017" />
  <testcase classname="ptolemy.util.test.junit.AutoTests" name="[51] /home/travis/build/icyphy/ptII/ptolemy/actor/lib/test/auto/Clock14.xml (RunModel)" time="0.018" />
  <testcase classname="ptolemy.util.test.junit.AutoTests" name="[52] /home/travis/build/icyphy/ptII/ptolemy/actor/lib/test/auto/Clock15.xml (RunModel)" time="0.014" />
  <testcase classname="ptolemy.util.test.junit.AutoTests" name="[53] /home/travis/build/icyphy/ptII/ptolemy/actor/lib/test/auto/Clock16.xml (RunModel)" time="0.116" />
  <testcase classname="ptolemy.util.test.junit.AutoTests" name="[54] /home/travis/build/icyphy/ptII/ptolemy/actor/lib/test/auto/Clock17.xml (RunModel)" time="0.053" />
  <testcase classname="ptolemy.util.test.junit.AutoTests" name="[55] /home/travis/build/icyphy/ptII/ptolemy/actor/lib/test/auto/Clock18.xml (RunModel)" time="0.068" />
  <testcase classname="ptolemy.util.test.junit.AutoTests" name="[56] /home/travis/build/icyphy/ptII/ptolemy/actor/lib/test/auto/Clock19.xml (RunModel)" time="0.041" />
  <testcase classname="ptolemy.util.test.junit.AutoTests" name="[57] /home/travis/build/icyphy/ptII/ptolemy/actor/lib/test/auto/Clock2.xml (RunModel)" time="0.011" />
  <testcase classname="ptolemy.util.test.junit.AutoTests" name="[58] /home/travis/build/icyphy/ptII/ptolemy/actor/lib/test/auto/Clock20.xml (RunModel)" time="0.017" />
  <testcase classname="ptolemy.util.test.junit.AutoTests" name="[59] /home/travis/build/icyphy/ptII/ptolemy/actor/lib/test/auto/Clock21.xml (RunModel)" time="0.014" />
  <testcase classname="ptolemy.util.test.junit.AutoTests" name="[60] /home/travis/build/icyphy/ptII/ptolemy/actor/lib/test/auto/Clock22.xml (RunModel)" time="0.015" />
  <testcase classname="ptolemy.util.test.junit.AutoTests" name="[61] /home/travis/build/icyphy/ptII/ptolemy/actor/lib/test/auto/Clock23.xml (RunModel)" time="0.014" />
  <testcase classname="ptolemy.util.test.junit.AutoTests" name="[62] /home/travis/build/icyphy/ptII/ptolemy/actor/lib/test/auto/Clock24.xml (RunModel)" time="0.025" />
  <testcase classname="ptolemy.util.test.junit.AutoTests" name="[63] /home/travis/build/icyphy/ptII/ptolemy/actor/lib/test/auto/Clock4.xml (RunModel)" time="0.013" />
  <testcase classname="ptolemy.util.test.junit.AutoTests" name="[64] /home/travis/build/icyphy/ptII/ptolemy/actor/lib/test/auto/Clock5.xml (RunModel)" time="0.01" />
  <testcase classname="ptolemy.util.test.junit.AutoTests" name="[65] /home/travis/build/icyphy/ptII/ptolemy/actor/lib/test/auto/Clock6.xml (RunModel)" time="0.015" />
  <testcase classname="ptolemy.util.test.junit.AutoTests" name="[66] /home/travis/build/icyphy/ptII/ptolemy/actor/lib/test/auto/Clock7.xml (RunModel)" time="0.011" />
  <testcase classname="ptolemy.util.test.junit.AutoTests" name="[67] /home/travis/build/icyphy/ptII/ptolemy/actor/lib/test/auto/Clock8.xml (RunModel)" time="0.014" />
  <testcase classname="ptolemy.util.test.junit.AutoTests" name="[68] /home/travis/build/icyphy/ptII/ptolemy/actor/lib/test/auto/Clock9.xml (RunModel)" time="0.016" />
  <testcase classname="ptolemy.util.test.junit.AutoTests" name="[69] /home/travis/build/icyphy/ptII/ptolemy/actor/lib/test/auto/CommDistDiscard.xml (RunModel)" time="0.023" />
  <testcase classname="ptolemy.util.test.junit.AutoTests" name="[70] /home/travis/build/icyphy/ptII/ptolemy/actor/lib/test/auto/Commutator.xml (RunModel)" time="0.013" />
  <testcase classname="ptolemy.util.test.junit.AutoTests" name="[71] /home/travis/build/icyphy/ptII/ptolemy/actor/lib/test/auto/Commutator2.xml (RunModel)" time="0.01" />
  <testcase classname="ptolemy.util.test.junit.AutoTests" name="[72] /home/travis/build/icyphy/ptII/ptolemy/actor/lib/test/auto/Commutator3.xml (RunModel)" time="0.013" />
  <testcase classname="ptolemy.util.test.junit.AutoTests" name="[73] /home/travis/build/icyphy/ptII/ptolemy/actor/lib/test/auto/Compare.xml (RunModel)" time="0.022" />
  <testcase classname="ptolemy.util.test.junit.AutoTests" name="[74] /home/travis/build/icyphy/ptII/ptolemy/actor/lib/test/auto/CompareDE.xml (RunModel)" time="0.02" />
  <testcase classname="ptolemy.util.test.junit.AutoTests" name="[75] /home/travis/build/icyphy/ptII/ptolemy/actor/lib/test/auto/ComplexDivide.xml (RunModel)" time="0.01" />
  <testcase classname="ptolemy.util.test.junit.AutoTests" name="[76] /home/travis/build/icyphy/ptII/ptolemy/actor/lib/test/auto/ComputeHistogram.xml (RunModel)" time="0.073" />
  <testcase classname="ptolemy.util.test.junit.AutoTests" name="[77] /home/travis/build/icyphy/ptII/ptolemy/actor/lib/test/auto/ConfigurationSelect.xml (RunModel)" time="0.023" />
  <testcase classname="ptolemy.util.test.junit.AutoTests" name="[78] /home/travis/build/icyphy/ptII/ptolemy/actor/lib/test/auto/ConfigurationSelect2.xml (RunModel)" time="0.019" />
  <testcase classname="ptolemy.util.test.junit.AutoTests" name="[79] /home/travis/build/icyphy/ptII/ptolemy/actor/lib/test/auto/ConfigurationSwitch.xml (RunModel)" time="0.023" />
  <testcase classname="ptolemy.util.test.junit.AutoTests" name="[80] /home/travis/build/icyphy/ptII/ptolemy/actor/lib/test/auto/ConfigurationSwitch2.xml (RunModel)" time="0.038" />
  <testcase classname="ptolemy.util.test.junit.AutoTests" name="[81] /home/travis/build/icyphy/ptII/ptolemy/actor/lib/test/auto/ConfigurationSwitchCloningBugWithClassRelationGroup.xml (RunModel)" time="0.018" />
  <testcase classname="ptolemy.util.test.junit.AutoTests" name="[82] /home/travis/build/icyphy/ptII/ptolemy/actor/lib/test/auto/ConfigurationSwitchSelectSDF.xml (RunModel)" time="0.015" />
  <testcase classname="ptolemy.util.test.junit.AutoTests" name="[83] /home/travis/build/icyphy/ptII/ptolemy/actor/lib/test/auto/ConfigurationSwitchSelectSDF2.xml (RunModel)" time="0.017" />
  <testcase classname="ptolemy.util.test.junit.AutoTests" name="[84] /home/travis/build/icyphy/ptII/ptolemy/actor/lib/test/auto/Const.xml (RunModel)" time="0.008" />
  <testcase classname="ptolemy.util.test.junit.AutoTests" name="[85] /home/travis/build/icyphy/ptII/ptolemy/actor/lib/test/auto/Const2.xml (RunModel)" time="0.011" />
  <testcase classname="ptolemy.util.test.junit.AutoTests" name="[86] /home/travis/build/icyphy/ptII/ptolemy/actor/lib/test/auto/Const3.xml (RunModel)" time="0.008" />
  <testcase classname="ptolemy.util.test.junit.AutoTests" name="[87] /home/travis/build/icyphy/ptII/ptolemy/actor/lib/test/auto/ConstantPublisherPort1.xml (RunModel)" time="0.025" />
  <testcase classname="ptolemy.util.test.junit.AutoTests" name="[88] /home/travis/build/icyphy/ptII/ptolemy/actor/lib/test/auto/ConstantPublisherPort2.xml (RunModel)" time="0.017" />
  <testcase classname="ptolemy.util.test.junit.AutoTests" name="[89] /home/travis/build/icyphy/ptII/ptolemy/actor/lib/test/auto/ConstantPublisherPort3.xml (RunModel)" time="0.028" />
  <testcase classname="ptolemy.util.test.junit.AutoTests" name="[90] /home/travis/build/icyphy/ptII/ptolemy/actor/lib/test/auto/ConstantPublisherPort4.xml (RunModel)" time="0.017" />
  <testcase classname="ptolemy.util.test.junit.AutoTests" name="[91] /home/travis/build/icyphy/ptII/ptolemy/actor/lib/test/auto/ConstantPublisherPort5.xml (RunModel)" time="0.045" />
  <testcase classname="ptolemy.util.test.junit.AutoTests" name="[92] /home/travis/build/icyphy/ptII/ptolemy/actor/lib/test/auto/ConstantPublisherPort6.xml (RunModel)" time="0.031" />
  <testcase classname="ptolemy.util.test.junit.AutoTests" name="[93] /home/travis/build/icyphy/ptII/ptolemy/actor/lib/test/auto/ConstantPublisherPort7.xml (RunModel)" time="0.032" />
  <testcase classname="ptolemy.util.test.junit.AutoTests" name="[94] /home/travis/build/icyphy/ptII/ptolemy/actor/lib/test/auto/ConstraintMonitor1.xml (RunModel)" time="0.034" />
  <testcase classname="ptolemy.util.test.junit.AutoTests" name="[95] /home/travis/build/icyphy/ptII/ptolemy/actor/lib/test/auto/ConstraintMonitor2.xml (RunModel)" time="0.01" />
  <testcase classname="ptolemy.util.test.junit.AutoTests" name="[96] /home/travis/build/icyphy/ptII/ptolemy/actor/lib/test/auto/ConstraintMonitor3.xml (RunModel)" time="0.041" />
  <testcase classname="ptolemy.util.test.junit.AutoTests" name="[97] /home/travis/build/icyphy/ptII/ptolemy/actor/lib/test/auto/ConstraintMonitor4.xml (RunModel)" time="0.017" />
  <testcase classname="ptolemy.util.test.junit.AutoTests" name="[98] /home/travis/build/icyphy/ptII/ptolemy/actor/lib/test/auto/ConstraintMonitor5.xml (RunModel)" time="0.014" />
  <testcase classname="ptolemy.util.test.junit.AutoTests" name="[99] /home/travis/build/icyphy/ptII/ptolemy/actor/lib/test/auto/ConstraintMonitor6.xml (RunModel)" time="0.016" />
  <testcase classname="ptolemy.util.test.junit.AutoTests" name="[100] /home/travis/build/icyphy/ptII/ptolemy/actor/lib/test/auto/ConstraintMonitor7.xml (RunModel)" time="0.027" />
  <testcase classname="ptolemy.util.test.junit.AutoTests" name="[101] /home/travis/build/icyphy/ptII/ptolemy/actor/lib/test/auto/ConstraintMonitor8.xml (RunModel)" time="0.024" />
  <testcase classname="ptolemy.util.test.junit.AutoTests" name="[102] /home/travis/build/icyphy/ptII/ptolemy/actor/lib/test/auto/Counter.xml (RunModel)" time="0.014" />
  <testcase classname="ptolemy.util.test.junit.AutoTests" name="[103] /home/travis/build/icyphy/ptII/ptolemy/actor/lib/test/auto/CurrentTimeSDF.xml (RunModel)" time="0.009" />
  <testcase classname="ptolemy.util.test.junit.AutoTests" name="[104] /home/travis/build/icyphy/ptII/ptolemy/actor/lib/test/auto/DB.xml (RunModel)" time="0.014" />
  <testcase classname="ptolemy.util.test.junit.AutoTests" name="[105] /home/travis/build/icyphy/ptII/ptolemy/actor/lib/test/auto/DBDE.xml (RunModel)" time="0.013" />
  <testcase classname="ptolemy.util.test.junit.AutoTests" name="[106] /home/travis/build/icyphy/ptII/ptolemy/actor/lib/test/auto/DateConstructor.xml (RunModel)" time="0.073" />
  <testcase classname="ptolemy.util.test.junit.AutoTests" name="[107] /home/travis/build/icyphy/ptII/ptolemy/actor/lib/test/auto/DelayTime.xml (RunModel)" time="0.015" />
  <testcase classname="ptolemy.util.test.junit.AutoTests" name="[108] /home/travis/build/icyphy/ptII/ptolemy/actor/lib/test/auto/Dictionary1.xml (RunModel)" time="0.022" />
  <testcase classname="ptolemy.util.test.junit.AutoTests" name="[109] /home/travis/build/icyphy/ptII/ptolemy/actor/lib/test/auto/Dictionary2.xml (RunModel)" time="0.016" />
  <testcase classname="ptolemy.util.test.junit.AutoTests" name="[110] /home/travis/build/icyphy/ptII/ptolemy/actor/lib/test/auto/Dictionary3.xml (RunModel)" time="0.013" />
  <testcase classname="ptolemy.util.test.junit.AutoTests" name="[111] /home/travis/build/icyphy/ptII/ptolemy/actor/lib/test/auto/Dictionary4.xml (RunModel)" time="0.021" />
  <testcase classname="ptolemy.util.test.junit.AutoTests" name="[112] /home/travis/build/icyphy/ptII/ptolemy/actor/lib/test/auto/Differential.xml (RunModel)" time="0.012" />
  <testcase classname="ptolemy.util.test.junit.AutoTests" name="[113] /home/travis/build/icyphy/ptII/ptolemy/actor/lib/test/auto/Director.xml (RunModel)" time="0.01" />
  <testcase classname="ptolemy.util.test.junit.AutoTests" name="[114] /home/travis/build/icyphy/ptII/ptolemy/actor/lib/test/auto/DiscreteClock.xml (RunModel)" time="0.008" />
  <testcase classname="ptolemy.util.test.junit.AutoTests" name="[115] /home/travis/build/icyphy/ptII/ptolemy/actor/lib/test/auto/DiscreteClock10.xml (RunModel)" time="0.012" />
  <testcase classname="ptolemy.util.test.junit.AutoTests" name="[116] /home/travis/build/icyphy/ptII/ptolemy/actor/lib/test/auto/DiscreteClock11.xml (RunModel)" time="0.011" />
  <testcase classname="ptolemy.util.test.junit.AutoTests" name="[117] /home/travis/build/icyphy/ptII/ptolemy/actor/lib/test/auto/DiscreteClock12.xml (RunModel)" time="0.015" />
  <testcase classname="ptolemy.util.test.junit.AutoTests" name="[118] /home/travis/build/icyphy/ptII/ptolemy/actor/lib/test/auto/DiscreteClock13.xml (RunModel)" time="0.012" />
  <testcase classname="ptolemy.util.test.junit.AutoTests" name="[119] /home/travis/build/icyphy/ptII/ptolemy/actor/lib/test/auto/DiscreteClock14.xml (RunModel)" time="0.016" />
  <testcase classname="ptolemy.util.test.junit.AutoTests" name="[120] /home/travis/build/icyphy/ptII/ptolemy/actor/lib/test/auto/DiscreteClock15.xml (RunModel)" time="0.012" />
  <testcase classname="ptolemy.util.test.junit.AutoTests" name="[121] /home/travis/build/icyphy/ptII/ptolemy/actor/lib/test/auto/DiscreteClock16.xml (RunModel)" time="0.045" />
  <testcase classname="ptolemy.util.test.junit.AutoTests" name="[122] /home/travis/build/icyphy/ptII/ptolemy/actor/lib/test/auto/DiscreteClock17.xml (RunModel)" time="0.041" />
  <testcase classname="ptolemy.util.test.junit.AutoTests" name="[123] /home/travis/build/icyphy/ptII/ptolemy/actor/lib/test/auto/DiscreteClock18.xml (RunModel)" time="0.032" />
  <testcase classname="ptolemy.util.test.junit.AutoTests" name="[124] /home/travis/build/icyphy/ptII/ptolemy/actor/lib/test/auto/DiscreteClock19.xml (RunModel)" time="0.039" />
  <testcase classname="ptolemy.util.test.junit.AutoTests" name="[125] /home/travis/build/icyphy/ptII/ptolemy/actor/lib/test/auto/DiscreteClock2.xml (RunModel)" time="0.008" />
  <testcase classname="ptolemy.util.test.junit.AutoTests" name="[126] /home/travis/build/icyphy/ptII/ptolemy/actor/lib/test/auto/DiscreteClock20.xml (RunModel)" time="0.015" />
  <testcase classname="ptolemy.util.test.junit.AutoTests" name="[127] /home/travis/build/icyphy/ptII/ptolemy/actor/lib/test/auto/DiscreteClock21.xml (RunModel)" time="0.023" />
  <testcase classname="ptolemy.util.test.junit.AutoTests" name="[128] /home/travis/build/icyphy/ptII/ptolemy/actor/lib/test/auto/DiscreteClock22.xml (RunModel)" time="0.012" />
  <testcase classname="ptolemy.util.test.junit.AutoTests" name="[129] /home/travis/build/icyphy/ptII/ptolemy/actor/lib/test/auto/DiscreteClock23.xml (RunModel)" time="0.012" />
  <testcase classname="ptolemy.util.test.junit.AutoTests" name="[130] /home/travis/build/icyphy/ptII/ptolemy/actor/lib/test/auto/DiscreteClock24.xml (RunModel)" time="0.014" />
  <testcase classname="ptolemy.util.test.junit.AutoTests" name="[131] /home/travis/build/icyphy/ptII/ptolemy/actor/lib/test/auto/DiscreteClock4.xml (RunModel)" time="0.011" />
  <testcase classname="ptolemy.util.test.junit.AutoTests" name="[132] /home/travis/build/icyphy/ptII/ptolemy/actor/lib/test/auto/DiscreteClock5.xml (RunModel)" time="0.009" />
  <testcase classname="ptolemy.util.test.junit.AutoTests" name="[133] /home/travis/build/icyphy/ptII/ptolemy/actor/lib/test/auto/DiscreteClock6.xml (RunModel)" time="0.051" />
  <testcase classname="ptolemy.util.test.junit.AutoTests" name="[134] /home/travis/build/icyphy/ptII/ptolemy/actor/lib/test/auto/DiscreteClock7.xml (RunModel)" time="0.01" />
  <testcase classname="ptolemy.util.test.junit.AutoTests" name="[135] /home/travis/build/icyphy/ptII/ptolemy/actor/lib/test/auto/DiscreteClock8.xml (RunModel)" time="0.011" />
  <testcase classname="ptolemy.util.test.junit.AutoTests" name="[136] /home/travis/build/icyphy/ptII/ptolemy/actor/lib/test/auto/DiscreteClock9.xml (RunModel)" time="0.012" />
  <testcase classname="ptolemy.util.test.junit.AutoTests" name="[137] /home/travis/build/icyphy/ptII/ptolemy/actor/lib/test/auto/DisplayArray.xml (RunModel)" time="0.008" />
  <testcase classname="ptolemy.util.test.junit.AutoTests" name="[138] /home/travis/build/icyphy/ptII/ptolemy/actor/lib/test/auto/Distributor.xml (RunModel)" time="0.01" />
  <testcase classname="ptolemy.util.test.junit.AutoTests" name="[139] /home/travis/build/icyphy/ptII/ptolemy/actor/lib/test/auto/Distributor2.xml (RunModel)" time="0.01" />
  <testcase classname="ptolemy.util.test.junit.AutoTests" name="[140] /home/travis/build/icyphy/ptII/ptolemy/actor/lib/test/auto/DownSample.xml (RunModel)" time="0.011" />
  <testcase classname="ptolemy.util.test.junit.AutoTests" name="[141] /home/travis/build/icyphy/ptII/ptolemy/actor/lib/test/auto/ElectronicUnitBase1.xml (RunModel)" time="0.066" />
  <testcase classname="ptolemy.util.test.junit.AutoTests" name="[142] /home/travis/build/icyphy/ptII/ptolemy/actor/lib/test/auto/ElementsToArray.xml (RunModel)" time="0.027" />
  <testcase classname="ptolemy.util.test.junit.AutoTests" name="[143] /home/travis/build/icyphy/ptII/ptolemy/actor/lib/test/auto/Equals.xml (RunModel)" time="0.015" />
  <testcase classname="ptolemy.util.test.junit.AutoTests" name="[144] /home/travis/build/icyphy/ptII/ptolemy/actor/lib/test/auto/Exec.xml (RunModel)" time="0.039" />
  <testcase classname="ptolemy.util.test.junit.AutoTests" name="[145] /home/travis/build/icyphy/ptII/ptolemy/actor/lib/test/auto/ExecEnvironment.xml (RunModel)" time="0.037" />
  <testcase classname="ptolemy.util.test.junit.AutoTests" name="[146] /home/travis/build/icyphy/ptII/ptolemy/actor/lib/test/auto/ExecNonZeroReturnOutput.xml (RunModel)" time="0.204" />
  <testcase classname="ptolemy.util.test.junit.AutoTests" name="[147] /home/travis/build/icyphy/ptII/ptolemy/actor/lib/test/auto/ExecRunDemos.xml (RunModel)" time="11.055" />
  <testcase classname="ptolemy.util.test.junit.AutoTests" name="[148] /home/travis/build/icyphy/ptII/ptolemy/actor/lib/test/auto/ExecStop.xml (RunModel)" time="5.042" />
  <testcase classname="ptolemy.util.test.junit.AutoTests" name="[149] /home/travis/build/icyphy/ptII/ptolemy/actor/lib/test/auto/ExecutionTimeSDF.xml (RunModel)" time="6.03" />
  <testcase classname="ptolemy.util.test.junit.AutoTests" name="[150] /home/travis/build/icyphy/ptII/ptolemy/actor/lib/test/auto/Expression1.xml (RunModel)" time="0.007" />
  <testcase classname="ptolemy.util.test.junit.AutoTests" name="[151] /home/travis/build/icyphy/ptII/ptolemy/actor/lib/test/auto/Expression10.xml (RunModel)" time="0.016" />
  <testcase classname="ptolemy.util.test.junit.AutoTests" name="[152] /home/travis/build/icyphy/ptII/ptolemy/actor/lib/test/auto/Expression11.xml (RunModel)" time="0.016" />
  <testcase classname="ptolemy.util.test.junit.AutoTests" name="[153] /home/travis/build/icyphy/ptII/ptolemy/actor/lib/test/auto/Expression12.xml (RunModel)" time="0.015" />
  <testcase classname="ptolemy.util.test.junit.AutoTests" name="[154] /home/travis/build/icyphy/ptII/ptolemy/actor/lib/test/auto/Expression13.xml (RunModel)" time="0.014" />
  <testcase classname="ptolemy.util.test.junit.AutoTests" name="[155] /home/travis/build/icyphy/ptII/ptolemy/actor/lib/test/auto/Expression14.xml (RunModel)" time="0.025" />
  <testcase classname="ptolemy.util.test.junit.AutoTests" name="[156] /home/travis/build/icyphy/ptII/ptolemy/actor/lib/test/auto/Expression15.xml (RunModel)" time="0.008" />
  <testcase classname="ptolemy.util.test.junit.AutoTests" name="[157] /home/travis/build/icyphy/ptII/ptolemy/actor/lib/test/auto/Expression16.xml (RunModel)" time="0.012" />
  <testcase classname="ptolemy.util.test.junit.AutoTests" name="[158] /home/travis/build/icyphy/ptII/ptolemy/actor/lib/test/auto/Expression17.xml (RunModel)" time="0.012" />
  <testcase classname="ptolemy.util.test.junit.AutoTests" name="[159] /home/travis/build/icyphy/ptII/ptolemy/actor/lib/test/auto/Expression18.xml (RunModel)" time="0.012" />
  <testcase classname="ptolemy.util.test.junit.AutoTests" name="[160] /home/travis/build/icyphy/ptII/ptolemy/actor/lib/test/auto/Expression2.xml (RunModel)" time="0.011" />
  <testcase classname="ptolemy.util.test.junit.AutoTests" name="[161] /home/travis/build/icyphy/ptII/ptolemy/actor/lib/test/auto/Expression3.xml (RunModel)" time="0.012" />
  <testcase classname="ptolemy.util.test.junit.AutoTests" name="[162] /home/travis/build/icyphy/ptII/ptolemy/actor/lib/test/auto/Expression4.xml (RunModel)" time="0.018" />
  <testcase classname="ptolemy.util.test.junit.AutoTests" name="[163] /home/travis/build/icyphy/ptII/ptolemy/actor/lib/test/auto/Expression5.xml (RunModel)" time="0.013" />
  <testcase classname="ptolemy.util.test.junit.AutoTests" name="[164] /home/travis/build/icyphy/ptII/ptolemy/actor/lib/test/auto/Expression6.xml (RunModel)" time="0.01" />
  <testcase classname="ptolemy.util.test.junit.AutoTests" name="[165] /home/travis/build/icyphy/ptII/ptolemy/actor/lib/test/auto/Expression7.xml (RunModel)" time="0.013" />
  <testcase classname="ptolemy.util.test.junit.AutoTests" name="[166] /home/travis/build/icyphy/ptII/ptolemy/actor/lib/test/auto/Expression8.xml (RunModel)" time="0.017" />
  <testcase classname="ptolemy.util.test.junit.AutoTests" name="[167] /home/travis/build/icyphy/ptII/ptolemy/actor/lib/test/auto/Expression9.xml (RunModel)" time="0.007" />
  <testcase classname="ptolemy.util.test.junit.AutoTests" name="[168] /home/travis/build/icyphy/ptII/ptolemy/actor/lib/test/auto/ExpressionConcatenateArrayType.xml (RunModel)" time="0.027" />
  <testcase classname="ptolemy.util.test.junit.AutoTests" name="[169] /home/travis/build/icyphy/ptII/ptolemy/actor/lib/test/auto/ExpressionConcatenateArrayType2.xml (RunModel)" time="0.021" />
  <testcase classname="ptolemy.util.test.junit.AutoTests" name="[170] /home/travis/build/icyphy/ptII/ptolemy/actor/lib/test/auto/ExpressionFix.xml (RunModel)" time="0.056" />
  <testcase classname="ptolemy.util.test.junit.AutoTests" name="[171] /home/travis/build/icyphy/ptII/ptolemy/actor/lib/test/auto/ExpressionFix2.xml (RunModel)" time="0.01" />
  <testcase classname="ptolemy.util.test.junit.AutoTests" name="[172] /home/travis/build/icyphy/ptII/ptolemy/actor/lib/test/auto/ExpressionFix3.xml (RunModel)" time="0.017" />
  <testcase classname="ptolemy.util.test.junit.AutoTests" name="[173] /home/travis/build/icyphy/ptII/ptolemy/actor/lib/test/auto/FileWriter1.xml (RunModel)" time="0.01" />
  <testcase classname="ptolemy.util.test.junit.AutoTests" name="[174] /home/travis/build/icyphy/ptII/ptolemy/actor/lib/test/auto/FileWriter2.xml (RunModel)" time="0.011" />
  <testcase classname="ptolemy.util.test.junit.AutoTests" name="[175] /home/travis/build/icyphy/ptII/ptolemy/actor/lib/test/auto/FileWriter3.xml (RunModel)" time="0.01" />
  <testcase classname="ptolemy.util.test.junit.AutoTests" name="[176] /home/travis/build/icyphy/ptII/ptolemy/actor/lib/test/auto/Gaussian.xml (RunModel)" time="0.012" />
  <testcase classname="ptolemy.util.test.junit.AutoTests" name="[177] /home/travis/build/icyphy/ptII/ptolemy/actor/lib/test/auto/Gaussian1.xml (RunModel)" time="0.023" />
  <testcase classname="ptolemy.util.test.junit.AutoTests" name="[178] /home/travis/build/icyphy/ptII/ptolemy/actor/lib/test/auto/Gaussian2.xml (RunModel)" time="0.017" />
  <testcase classname="ptolemy.util.test.junit.AutoTests" name="[179] /home/travis/build/icyphy/ptII/ptolemy/actor/lib/test/auto/GradientAdaptiveLattice.xml (RunModel)" time="0.018" />
  <testcase classname="ptolemy.util.test.junit.AutoTests" name="[180] /home/travis/build/icyphy/ptII/ptolemy/actor/lib/test/auto/IIR.xml (RunModel)" time="0.011" />
  <testcase classname="ptolemy.util.test.junit.AutoTests" name="[181] /home/travis/build/icyphy/ptII/ptolemy/actor/lib/test/auto/InputOutputTransparentPorts.xml (RunModel)" time="0.026" />
  <testcase classname="ptolemy.util.test.junit.AutoTests" name="[182] /home/travis/build/icyphy/ptII/ptolemy/actor/lib/test/auto/Interpolator.xml (RunModel)" time="0.014" />
  <testcase classname="ptolemy.util.test.junit.AutoTests" name="[183] /home/travis/build/icyphy/ptII/ptolemy/actor/lib/test/auto/InterpolatorFiringLimitDE.xml (RunModel)" time="0.013" />
  <testcase classname="ptolemy.util.test.junit.AutoTests" name="[184] /home/travis/build/icyphy/ptII/ptolemy/actor/lib/test/auto/Lattice.xml (RunModel)" time="0.008" />
  <testcase classname="ptolemy.util.test.junit.AutoTests" name="[185] /home/travis/build/icyphy/ptII/ptolemy/actor/lib/test/auto/LazyAOCTestLazy.xml (RunModel)" time="0.034" />
  <testcase classname="ptolemy.util.test.junit.AutoTests" name="[186] /home/travis/build/icyphy/ptII/ptolemy/actor/lib/test/auto/LazyAOCTestNonLazy.xml (RunModel)" time="0.015" />
  <testcase classname="ptolemy.util.test.junit.AutoTests" name="[187] /home/travis/build/icyphy/ptII/ptolemy/actor/lib/test/auto/LazyInnerClass.xml (RunModel)" time="0.019" />
  <testcase classname="ptolemy.util.test.junit.AutoTests" name="[188] /home/travis/build/icyphy/ptII/ptolemy/actor/lib/test/auto/LazyPubSub.xml (RunModel)" time="0.053" />
  <testcase classname="ptolemy.util.test.junit.AutoTests" name="[189] /home/travis/build/icyphy/ptII/ptolemy/actor/lib/test/auto/LazyPubSub2.xml (RunModel)" time="0.088" />
  <testcase classname="ptolemy.util.test.junit.AutoTests" name="[190] /home/travis/build/icyphy/ptII/ptolemy/actor/lib/test/auto/LazyPubSub3.xml (RunModel)" time="0.026" />
  <testcase classname="ptolemy.util.test.junit.AutoTests" name="[191] /home/travis/build/icyphy/ptII/ptolemy/actor/lib/test/auto/LazySubClassModel.xml (RunModel)" time="0.022" />
  <testcase classname="ptolemy.util.test.junit.AutoTests" name="[192] /home/travis/build/icyphy/ptII/ptolemy/actor/lib/test/auto/LevelCrossTest1.xml (RunModel)" time="0.01" />
  <testcase classname="ptolemy.util.test.junit.AutoTests" name="[193] /home/travis/build/icyphy/ptII/ptolemy/actor/lib/test/auto/LevelCrossTest10.xml (RunModel)" time="0.015" />
  <testcase classname="ptolemy.util.test.junit.AutoTests" name="[194] /home/travis/build/icyphy/ptII/ptolemy/actor/lib/test/auto/LevelCrossTest11.xml (RunModel)" time="0.017" />
  <testcase classname="ptolemy.util.test.junit.AutoTests" name="[195] /home/travis/build/icyphy/ptII/ptolemy/actor/lib/test/auto/LevelCrossTest12.xml (RunModel)" time="0.016" />
  <testcase classname="ptolemy.util.test.junit.AutoTests" name="[196] /home/travis/build/icyphy/ptII/ptolemy/actor/lib/test/auto/LevelCrossTest13.xml (RunModel)" time="0.014" />
  <testcase classname="ptolemy.util.test.junit.AutoTests" name="[197] /home/travis/build/icyphy/ptII/ptolemy/actor/lib/test/auto/LevelCrossTest2.xml (RunModel)" time="0.011" />
  <testcase classname="ptolemy.util.test.junit.AutoTests" name="[198] /home/travis/build/icyphy/ptII/ptolemy/actor/lib/test/auto/LevelCrossTest3.xml (RunModel)" time="0.012" />
  <testcase classname="ptolemy.util.test.junit.AutoTests" name="[199] /home/travis/build/icyphy/ptII/ptolemy/actor/lib/test/auto/LevelCrossTest4.xml (RunModel)" time="0.013" />
  <testcase classname="ptolemy.util.test.junit.AutoTests" name="[200] /home/travis/build/icyphy/ptII/ptolemy/actor/lib/test/auto/LevelCrossTest5.xml (RunModel)" time="0.015" />
  <testcase classname="ptolemy.util.test.junit.AutoTests" name="[201] /home/travis/build/icyphy/ptII/ptolemy/actor/lib/test/auto/LevelCrossTest6.xml (RunModel)" time="0.013" />
  <testcase classname="ptolemy.util.test.junit.AutoTests" name="[202] /home/travis/build/icyphy/ptII/ptolemy/actor/lib/test/auto/LevelCrossTest7.xml (RunModel)" time="0.026" />
  <testcase classname="ptolemy.util.test.junit.AutoTests" name="[203] /home/travis/build/icyphy/ptII/ptolemy/actor/lib/test/auto/LevelCrossTest8.xml (RunModel)" time="0.017" />
  <testcase classname="ptolemy.util.test.junit.AutoTests" name="[204] /home/travis/build/icyphy/ptII/ptolemy/actor/lib/test/auto/LevelCrossTest9.xml (RunModel)" time="0.016" />
  <testcase classname="ptolemy.util.test.junit.AutoTests" name="[205] /home/travis/build/icyphy/ptII/ptolemy/actor/lib/test/auto/LevinsonDurbin.xml (RunModel)" time="0.009" />
  <testcase classname="ptolemy.util.test.junit.AutoTests" name="[206] /home/travis/build/icyphy/ptII/ptolemy/actor/lib/test/auto/LevinsonDurbin2.xml (RunModel)" time="0.01" />
  <testcase classname="ptolemy.util.test.junit.AutoTests" name="[207] /home/travis/build/icyphy/ptII/ptolemy/actor/lib/test/auto/LevinsonDurbin3.xml (RunModel)" time="0.01" />
  <testcase classname="ptolemy.util.test.junit.AutoTests" name="[208] /home/travis/build/icyphy/ptII/ptolemy/actor/lib/test/auto/Limiter.xml (RunModel)" time="0.035" />
  <testcase classname="ptolemy.util.test.junit.AutoTests" name="[209] /home/travis/build/icyphy/ptII/ptolemy/actor/lib/test/auto/LinearDifferenceEquationSystem.xml (RunModel)" time="0.025" />
  <testcase classname="ptolemy.util.test.junit.AutoTests" name="[210] /home/travis/build/icyphy/ptII/ptolemy/actor/lib/test/auto/LookupTable.xml (RunModel)" time="0.017" />
  <testcase classname="ptolemy.util.test.junit.AutoTests" name="[211] /home/travis/build/icyphy/ptII/ptolemy/actor/lib/test/auto/MathFunction.xml (RunModel)" time="0.02" />
  <testcase classname="ptolemy.util.test.junit.AutoTests" name="[212] /home/travis/build/icyphy/ptII/ptolemy/actor/lib/test/auto/MathFunction2.xml (RunModel)" time="0.016" />
  <testcase classname="ptolemy.util.test.junit.AutoTests" name="[213] /home/travis/build/icyphy/ptII/ptolemy/actor/lib/test/auto/MathFunction3.xml (RunModel)" time="0.03" />
  <testcase classname="ptolemy.util.test.junit.AutoTests" name="[214] /home/travis/build/icyphy/ptII/ptolemy/actor/lib/test/auto/MatrixCropBoolean.xml (RunModel)" time="0.023" />
  <testcase classname="ptolemy.util.test.junit.AutoTests" name="[215] /home/travis/build/icyphy/ptII/ptolemy/actor/lib/test/auto/MatrixCropComplex.xml (RunModel)" time="0.012" />
  <testcase classname="ptolemy.util.test.junit.AutoTests" name="[216] /home/travis/build/icyphy/ptII/ptolemy/actor/lib/test/auto/MatrixCropDouble.xml (RunModel)" time="0.008" />
  <testcase classname="ptolemy.util.test.junit.AutoTests" name="[217] /home/travis/build/icyphy/ptII/ptolemy/actor/lib/test/auto/MatrixCropFix.xml (RunModel)" time="0.015" />
  <testcase classname="ptolemy.util.test.junit.AutoTests" name="[218] /home/travis/build/icyphy/ptII/ptolemy/actor/lib/test/auto/MatrixCropInt.xml (RunModel)" time="0.01" />
  <testcase classname="ptolemy.util.test.junit.AutoTests" name="[219] /home/travis/build/icyphy/ptII/ptolemy/actor/lib/test/auto/MatrixCropLong.xml (RunModel)" time="0.009" />
  <testcase classname="ptolemy.util.test.junit.AutoTests" name="[220] /home/travis/build/icyphy/ptII/ptolemy/actor/lib/test/auto/MatrixToArray.xml (RunModel)" time="0.058" />
  <testcase classname="ptolemy.util.test.junit.AutoTests" name="[221] /home/travis/build/icyphy/ptII/ptolemy/actor/lib/test/auto/MaxIndex.xml (RunModel)" time="0.017" />
  <testcase classname="ptolemy.util.test.junit.AutoTests" name="[222] /home/travis/build/icyphy/ptII/ptolemy/actor/lib/test/auto/Maximum.xml (RunModel)" time="0.013" />
  <testcase classname="ptolemy.util.test.junit.AutoTests" name="[223] /home/travis/build/icyphy/ptII/ptolemy/actor/lib/test/auto/MaximumComplex.xml (RunModel)" time="0.015" />
  <testcase classname="ptolemy.util.test.junit.AutoTests" name="[224] /home/travis/build/icyphy/ptII/ptolemy/actor/lib/test/auto/MethodCallTest.xml (RunModel)" time="0.022" />
  <testcase classname="ptolemy.util.test.junit.AutoTests" name="[225] /home/travis/build/icyphy/ptII/ptolemy/actor/lib/test/auto/Minimum.xml (RunModel)" time="0.045" />
  <testcase classname="ptolemy.util.test.junit.AutoTests" name="[226] /home/travis/build/icyphy/ptII/ptolemy/actor/lib/test/auto/MinimumComplex.xml (RunModel)" time="0.028" />
  <testcase classname="ptolemy.util.test.junit.AutoTests" name="[227] /home/travis/build/icyphy/ptII/ptolemy/actor/lib/test/auto/MinimumMultiports.xml (RunModel)" time="0.016" />
  <testcase classname="ptolemy.util.test.junit.AutoTests" name="[228] /home/travis/build/icyphy/ptII/ptolemy/actor/lib/test/auto/ModifyDate.xml (RunModel)" time="0.038" />
  <testcase classname="ptolemy.util.test.junit.AutoTests" name="[229] /home/travis/build/icyphy/ptII/ptolemy/actor/lib/test/auto/ModifyDate2.xml (RunModel)" time="0.03" />
  <testcase classname="ptolemy.util.test.junit.AutoTests" name="[230] /home/travis/build/icyphy/ptII/ptolemy/actor/lib/test/auto/MovingAverage.xml (RunModel)" time="0.012" />
  <testcase classname="ptolemy.util.test.junit.AutoTests" name="[231] /home/travis/build/icyphy/ptII/ptolemy/actor/lib/test/auto/MovingMaximum.xml (RunModel)" time="0.01" />
  <testcase classname="ptolemy.util.test.junit.AutoTests" name="[232] /home/travis/build/icyphy/ptII/ptolemy/actor/lib/test/auto/MultipleLinksToSameRelation.xml (RunModel)" time="0.008" />
  <testcase classname="ptolemy.util.test.junit.AutoTests" name="[233] /home/travis/build/icyphy/ptII/ptolemy/actor/lib/test/auto/MultipleLinksToSameRelationDE.xml (RunModel)" time="0.007" />
  <testcase classname="ptolemy.util.test.junit.AutoTests" name="[234] /home/travis/build/icyphy/ptII/ptolemy/actor/lib/test/auto/Multiplexor.xml (RunModel)" time="0.012" />
  <testcase classname="ptolemy.util.test.junit.AutoTests" name="[235] /home/travis/build/icyphy/ptII/ptolemy/actor/lib/test/auto/Multiplexor1.xml (RunModel)" time="0.01" />
  <testcase classname="ptolemy.util.test.junit.AutoTests" name="[236] /home/travis/build/icyphy/ptII/ptolemy/actor/lib/test/auto/Multiplexor2.xml (RunModel)" time="0.016" />
  <testcase classname="ptolemy.util.test.junit.AutoTests" name="[237] /home/travis/build/icyphy/ptII/ptolemy/actor/lib/test/auto/Multiplexor3.xml (RunModel)" time="0.009" />
  <testcase classname="ptolemy.util.test.junit.AutoTests" name="[238] /home/travis/build/icyphy/ptII/ptolemy/actor/lib/test/auto/MultiplexorDE.xml (RunModel)" time="0.022" />
  <testcase classname="ptolemy.util.test.junit.AutoTests" name="[239] /home/travis/build/icyphy/ptII/ptolemy/actor/lib/test/auto/MultiportBroadcastTest.xml (RunModel)" time="0.097" />
  <testcase classname="ptolemy.util.test.junit.AutoTests" name="[240] /home/travis/build/icyphy/ptII/ptolemy/actor/lib/test/auto/MultiportOutHangDuringGetWidth.xml (RunModel)" time="0.032" />
  <testcase classname="ptolemy.util.test.junit.AutoTests" name="[241] /home/travis/build/icyphy/ptII/ptolemy/actor/lib/test/auto/NilToken.xml (RunModel)" time="0.01" />
  <testcase classname="ptolemy.util.test.junit.AutoTests" name="[242] /home/travis/build/icyphy/ptII/ptolemy/actor/lib/test/auto/NilTokenNonStrictTest.xml (RunModel)" time="0.011" />
  <testcase classname="ptolemy.util.test.junit.AutoTests" name="[243] /home/travis/build/icyphy/ptII/ptolemy/actor/lib/test/auto/NilTokenRecord.xml (RunModel)" time="0.023" />
  <testcase classname="ptolemy.util.test.junit.AutoTests" name="[244] /home/travis/build/icyphy/ptII/ptolemy/actor/lib/test/auto/NilTokenTypeTest.xml (RunModel)" time="0.032" />
  <testcase classname="ptolemy.util.test.junit.AutoTests" name="[245] /home/travis/build/icyphy/ptII/ptolemy/actor/lib/test/auto/ObjectToken1.xml (RunModel)" time="0.009" />
  <testcase classname="ptolemy.util.test.junit.AutoTests" name="[246] /home/travis/build/icyphy/ptII/ptolemy/actor/lib/test/auto/OrderedMerge.xml (RunModel)" time="0.019" />
  <testcase classname="ptolemy.util.test.junit.AutoTests" name="[247] /home/travis/build/icyphy/ptII/ptolemy/actor/lib/test/auto/OrderedRecordDisassembler.xml (RunModel)" time="0.02" />
  <testcase classname="ptolemy.util.test.junit.AutoTests" name="[248] /home/travis/build/icyphy/ptII/ptolemy/actor/lib/test/auto/OrderedRecordDisassembler2.xml (RunModel)" time="0.023" />
  <testcase classname="ptolemy.util.test.junit.AutoTests" name="[249] /home/travis/build/icyphy/ptII/ptolemy/actor/lib/test/auto/OrderedRecordUpdater.xml (RunModel)" time="0.01" />
  <testcase classname="ptolemy.util.test.junit.AutoTests" name="[250] /home/travis/build/icyphy/ptII/ptolemy/actor/lib/test/auto/OrderedRecordUpdater2.xml (RunModel)" time="0.019" />
  <testcase classname="ptolemy.util.test.junit.AutoTests" name="[251] /home/travis/build/icyphy/ptII/ptolemy/actor/lib/test/auto/PhaseUnwrap.xml (RunModel)" time="0.013" />
  <testcase classname="ptolemy.util.test.junit.AutoTests" name="[252] /home/travis/build/icyphy/ptII/ptolemy/actor/lib/test/auto/PoissonClock.xml (RunModel)" time="0.01" />
  <testcase classname="ptolemy.util.test.junit.AutoTests" name="[253] /home/travis/build/icyphy/ptII/ptolemy/actor/lib/test/auto/PoissonClock2.xml (RunModel)" time="0.008" />
  <testcase classname="ptolemy.util.test.junit.AutoTests" name="[254] /home/travis/build/icyphy/ptII/ptolemy/actor/lib/test/auto/PoissonClock3.xml (RunModel)" time="0.023" />
  <testcase classname="ptolemy.util.test.junit.AutoTests" name="[255] /home/travis/build/icyphy/ptII/ptolemy/actor/lib/test/auto/PubSubWithInitialTokens.xml (RunModel)" time="0.011" />
  <testcase classname="ptolemy.util.test.junit.AutoTests" name="[256] /home/travis/build/icyphy/ptII/ptolemy/actor/lib/test/auto/PubSubWithInitialTokens2.xml (RunModel)" time="0.01" />
  <testcase classname="ptolemy.util.test.junit.AutoTests" name="[257] /home/travis/build/icyphy/ptII/ptolemy/actor/lib/test/auto/PublisherClassNoParameter.xml (RunModel)" time="0.02" />
  <testcase classname="ptolemy.util.test.junit.AutoTests" name="[258] /home/travis/build/icyphy/ptII/ptolemy/actor/lib/test/auto/PublisherClassParameter.xml (RunModel)" time="0.02" />
  <testcase classname="ptolemy.util.test.junit.AutoTests" name="[259] /home/travis/build/icyphy/ptII/ptolemy/actor/lib/test/auto/PublisherNonStrictTest.xml (RunModel)" time="0.016" />
  <testcase classname="ptolemy.util.test.junit.AutoTests" name="[260] /home/travis/build/icyphy/ptII/ptolemy/actor/lib/test/auto/PublisherPort1.xml (RunModel)" time="0.011" />
  <testcase classname="ptolemy.util.test.junit.AutoTests" name="[261] /home/travis/build/icyphy/ptII/ptolemy/actor/lib/test/auto/PublisherPort2.xml (RunModel)" time="0.009" />
  <testcase classname="ptolemy.util.test.junit.AutoTests" name="[262] /home/travis/build/icyphy/ptII/ptolemy/actor/lib/test/auto/PublisherPort3.xml (RunModel)" time="0.019" />
  <testcase classname="ptolemy.util.test.junit.AutoTests" name="[263] /home/travis/build/icyphy/ptII/ptolemy/actor/lib/test/auto/PublisherPort4.xml (RunModel)" time="0.017" />
  <testcase classname="ptolemy.util.test.junit.AutoTests" name="[264] /home/travis/build/icyphy/ptII/ptolemy/actor/lib/test/auto/PublisherPort5.xml (RunModel)" time="0.015" />
  <testcase classname="ptolemy.util.test.junit.AutoTests" name="[265] /home/travis/build/icyphy/ptII/ptolemy/actor/lib/test/auto/PublisherPort5LookAlike.xml (RunModel)" time="0.018" />
  <testcase classname="ptolemy.util.test.junit.AutoTests" name="[266] /home/travis/build/icyphy/ptII/ptolemy/actor/lib/test/auto/PublisherPort6.xml (RunModel)" time="0.012" />
  <testcase classname="ptolemy.util.test.junit.AutoTests" name="[267] /home/travis/build/icyphy/ptII/ptolemy/actor/lib/test/auto/PublisherPort7.xml (RunModel)" time="0.015" />
  <testcase classname="ptolemy.util.test.junit.AutoTests" name="[268] /home/travis/build/icyphy/ptII/ptolemy/actor/lib/test/auto/PublisherPort8.xml (RunModel)" time="0.016" />
  <testcase classname="ptolemy.util.test.junit.AutoTests" name="[269] /home/travis/build/icyphy/ptII/ptolemy/actor/lib/test/auto/PublisherPortSubscriberChannelVariablesAOC2.xml (RunModel)" time="0.034" />
  <testcase classname="ptolemy.util.test.junit.AutoTests" name="[270] /home/travis/build/icyphy/ptII/ptolemy/actor/lib/test/auto/PublisherPortSubscriberOpaqueWidthInference.xml (RunModel)" time="0.015" />
  <testcase classname="ptolemy.util.test.junit.AutoTests" name="[271] /home/travis/build/icyphy/ptII/ptolemy/actor/lib/test/auto/PublisherPortSubscriberPortAdjacent.xml (RunModel)" time="0.019" />
  <testcase classname="ptolemy.util.test.junit.AutoTests" name="[272] /home/travis/build/icyphy/ptII/ptolemy/actor/lib/test/auto/PublisherPortSubscriberPortExpression.xml (RunModel)" time="0.016" />
  <testcase classname="ptolemy.util.test.junit.AutoTests" name="[273] /home/travis/build/icyphy/ptII/ptolemy/actor/lib/test/auto/PublisherPortSubscriberPortOpaqueD3Reverse.xml (RunModel)" time="0.036" />
  <testcase classname="ptolemy.util.test.junit.AutoTests" name="[274] /home/travis/build/icyphy/ptII/ptolemy/actor/lib/test/auto/PublisherPortSubscriberPortOpaqueWidthInference.xml (RunModel)" time="0.023" />
  <testcase classname="ptolemy.util.test.junit.AutoTests" name="[275] /home/travis/build/icyphy/ptII/ptolemy/actor/lib/test/auto/PublisherPortToplevelSubscriberPortAOC.xml (RunModel)" time="0.052" />
  <testcase classname="ptolemy.util.test.junit.AutoTests" name="[276] /home/travis/build/icyphy/ptII/ptolemy/actor/lib/test/auto/PublisherSubscriber.xml (RunModel)" time="0.02" />
  <testcase classname="ptolemy.util.test.junit.AutoTests" name="[277] /home/travis/build/icyphy/ptII/ptolemy/actor/lib/test/auto/PublisherSubscriber10.xml (RunModel)" time="0.021" />
  <testcase classname="ptolemy.util.test.junit.AutoTests" name="[278] /home/travis/build/icyphy/ptII/ptolemy/actor/lib/test/auto/PublisherSubscriber10InitialOutputs.xml (RunModel)" time="0.031" />
  <testcase classname="ptolemy.util.test.junit.AutoTests" name="[279] /home/travis/build/icyphy/ptII/ptolemy/actor/lib/test/auto/PublisherSubscriber11.xml (RunModel)" time="0.028" />
  <testcase classname="ptolemy.util.test.junit.AutoTests" name="[280] /home/travis/build/icyphy/ptII/ptolemy/actor/lib/test/auto/PublisherSubscriber12.xml (RunModel)" time="0.018" />
  <testcase classname="ptolemy.util.test.junit.AutoTests" name="[281] /home/travis/build/icyphy/ptII/ptolemy/actor/lib/test/auto/PublisherSubscriber13.xml (RunModel)" time="0.013" />
  <testcase classname="ptolemy.util.test.junit.AutoTests" name="[282] /home/travis/build/icyphy/ptII/ptolemy/actor/lib/test/auto/PublisherSubscriber14.xml (RunModel)" time="0.018" />
  <testcase classname="ptolemy.util.test.junit.AutoTests" name="[283] /home/travis/build/icyphy/ptII/ptolemy/actor/lib/test/auto/PublisherSubscriber2.xml (RunModel)" time="0.01" />
  <testcase classname="ptolemy.util.test.junit.AutoTests" name="[284] /home/travis/build/icyphy/ptII/ptolemy/actor/lib/test/auto/PublisherSubscriber3.xml (RunModel)" time="0.01" />
  <testcase classname="ptolemy.util.test.junit.AutoTests" name="[285] /home/travis/build/icyphy/ptII/ptolemy/actor/lib/test/auto/PublisherSubscriber4.xml (RunModel)" time="0.01" />
  <testcase classname="ptolemy.util.test.junit.AutoTests" name="[286] /home/travis/build/icyphy/ptII/ptolemy/actor/lib/test/auto/PublisherSubscriber5.xml (RunModel)" time="0.014" />
  <testcase classname="ptolemy.util.test.junit.AutoTests" name="[287] /home/travis/build/icyphy/ptII/ptolemy/actor/lib/test/auto/PublisherSubscriber6.xml (RunModel)" time="0.018" />
  <testcase classname="ptolemy.util.test.junit.AutoTests" name="[288] /home/travis/build/icyphy/ptII/ptolemy/actor/lib/test/auto/PublisherSubscriber7.xml (RunModel)" time="0.017" />
  <testcase classname="ptolemy.util.test.junit.AutoTests" name="[289] /home/travis/build/icyphy/ptII/ptolemy/actor/lib/test/auto/PublisherSubscriber8.xml (RunModel)" time="0.032" />
  <testcase classname="ptolemy.util.test.junit.AutoTests" name="[290] /home/travis/build/icyphy/ptII/ptolemy/actor/lib/test/auto/PublisherSubscriber9.xml (RunModel)" time="0.014" />
  <testcase classname="ptolemy.util.test.junit.AutoTests" name="[291] /home/travis/build/icyphy/ptII/ptolemy/actor/lib/test/auto/PublisherSubscriberAdjacent.xml (RunModel)" time="0.017" />
  <testcase classname="ptolemy.util.test.junit.AutoTests" name="[292] /home/travis/build/icyphy/ptII/ptolemy/actor/lib/test/auto/PublisherSubscriberChannelVariablesAOC2.xml (RunModel)" time="0.026" />
  <testcase classname="ptolemy.util.test.junit.AutoTests" name="[293] /home/travis/build/icyphy/ptII/ptolemy/actor/lib/test/auto/PublisherSubscriberD3.xml (RunModel)" time="0.014" />
  <testcase classname="ptolemy.util.test.junit.AutoTests" name="[294] /home/travis/build/icyphy/ptII/ptolemy/actor/lib/test/auto/PublisherSubscriberD3Reverse.xml (RunModel)" time="0.01" />
  <testcase classname="ptolemy.util.test.junit.AutoTests" name="[295] /home/travis/build/icyphy/ptII/ptolemy/actor/lib/test/auto/PublisherSubscriberExpression.xml (RunModel)" time="0.026" />
  <testcase classname="ptolemy.util.test.junit.AutoTests" name="[296] /home/travis/build/icyphy/ptII/ptolemy/actor/lib/test/auto/PublisherSubscriberOpaque.xml (RunModel)" time="0.014" />
  <testcase classname="ptolemy.util.test.junit.AutoTests" name="[297] /home/travis/build/icyphy/ptII/ptolemy/actor/lib/test/auto/PublisherSubscriberOpaqueD3.xml (RunModel)" time="0.026" />
  <testcase classname="ptolemy.util.test.junit.AutoTests" name="[298] /home/travis/build/icyphy/ptII/ptolemy/actor/lib/test/auto/PublisherSubscriberOpaqueD3Reverse.xml (RunModel)" time="0.023" />
  <testcase classname="ptolemy.util.test.junit.AutoTests" name="[299] /home/travis/build/icyphy/ptII/ptolemy/actor/lib/test/auto/PublisherSubscriberOpaqueWidthInference.xml (RunModel)" time="0.017" />
  <testcase classname="ptolemy.util.test.junit.AutoTests" name="[300] /home/travis/build/icyphy/ptII/ptolemy/actor/lib/test/auto/PublisherTestSubscriber.xml (RunModel)" time="0.015" />
  <testcase classname="ptolemy.util.test.junit.AutoTests" name="[301] /home/travis/build/icyphy/ptII/ptolemy/actor/lib/test/auto/PublisherToplevelSubscriberPortAOC.xml (RunModel)" time="0.011" />
  <testcase classname="ptolemy.util.test.junit.AutoTests" name="[302] /home/travis/build/icyphy/ptII/ptolemy/actor/lib/test/auto/PulseFiringLimitDE.xml (RunModel)" time="0.015" />
  <testcase classname="ptolemy.util.test.junit.AutoTests" name="[303] /home/travis/build/icyphy/ptII/ptolemy/actor/lib/test/auto/Ramp1.xml (RunModel)" time="0.007" />
  <testcase classname="ptolemy.util.test.junit.AutoTests" name="[304] /home/travis/build/icyphy/ptII/ptolemy/actor/lib/test/auto/RampFiringLimitDE.xml (RunModel)" time="0.011" />
  <testcase classname="ptolemy.util.test.junit.AutoTests" name="[305] /home/travis/build/icyphy/ptII/ptolemy/actor/lib/test/auto/RampFiringLimitSDF.xml (RunModel)" time="0.009" />
  <testcase classname="ptolemy.util.test.junit.AutoTests" name="[306] /home/travis/build/icyphy/ptII/ptolemy/actor/lib/test/auto/RandomInteger.xml (RunModel)" time="0.009" />
  <testcase classname="ptolemy.util.test.junit.AutoTests" name="[307] /home/travis/build/icyphy/ptII/ptolemy/actor/lib/test/auto/ReadFile1.xml (RunModel)" time="0.007" />
  <testcase classname="ptolemy.util.test.junit.AutoTests" name="[308] /home/travis/build/icyphy/ptII/ptolemy/actor/lib/test/auto/ReadFile2.xml (RunModel)" time="0.006" />
  <testcase classname="ptolemy.util.test.junit.AutoTests" name="[309] /home/travis/build/icyphy/ptII/ptolemy/actor/lib/test/auto/Reader.xml (RunModel)" time="0.011" />
  <testcase classname="ptolemy.util.test.junit.AutoTests" name="[310] /home/travis/build/icyphy/ptII/ptolemy/actor/lib/test/auto/RecordAssemblerDisplayNameTest.xml (RunModel)" time="3.997" />
  <testcase classname="ptolemy.util.test.junit.AutoTests" name="[311] /home/travis/build/icyphy/ptII/ptolemy/actor/lib/test/auto/RecordAssemblerTypeError.xml (RunModel)" time="0.037" />
  <testcase classname="ptolemy.util.test.junit.AutoTests" name="[312] /home/travis/build/icyphy/ptII/ptolemy/actor/lib/test/auto/RecordDisassember.xml (RunModel)" time="0.01" />
  <testcase classname="ptolemy.util.test.junit.AutoTests" name="[313] /home/travis/build/icyphy/ptII/ptolemy/actor/lib/test/auto/RecordDisassemberDisplayNameTest.xml (RunModel)" time="0.017" />
  <testcase classname="ptolemy.util.test.junit.AutoTests" name="[314] /home/travis/build/icyphy/ptII/ptolemy/actor/lib/test/auto/RecordDisassembler.xml (RunModel)" time="0.011" />
  <testcase classname="ptolemy.util.test.junit.AutoTests" name="[315] /home/travis/build/icyphy/ptII/ptolemy/actor/lib/test/auto/RecordDisassembler2.xml (RunModel)" time="0.01" />
  <testcase classname="ptolemy.util.test.junit.AutoTests" name="[316] /home/travis/build/icyphy/ptII/ptolemy/actor/lib/test/auto/RecordUpdater.xml (RunModel)" time="0.008" />
  <testcase classname="ptolemy.util.test.junit.AutoTests" name="[317] /home/travis/build/icyphy/ptII/ptolemy/actor/lib/test/auto/RecordUpdater2.xml (RunModel)" time="0.01" />
  <testcase classname="ptolemy.util.test.junit.AutoTests" name="[318] /home/travis/build/icyphy/ptII/ptolemy/actor/lib/test/auto/RecursiveLattice.xml (RunModel)" time="0.008" />
  <testcase classname="ptolemy.util.test.junit.AutoTests" name="[319] /home/travis/build/icyphy/ptII/ptolemy/actor/lib/test/auto/Router.xml (RunModel)" time="3.026" />
  <testcase classname="ptolemy.util.test.junit.AutoTests" name="[320] /home/travis/build/icyphy/ptII/ptolemy/actor/lib/test/auto/Router2.xml (RunModel)" time="3.022" />
  <testcase classname="ptolemy.util.test.junit.AutoTests" name="[321] /home/travis/build/icyphy/ptII/ptolemy/actor/lib/test/auto/RunningMaximum.xml (RunModel)" time="0.014" />
  <testcase classname="ptolemy.util.test.junit.AutoTests" name="[322] /home/travis/build/icyphy/ptII/ptolemy/actor/lib/test/auto/RunningMinimum.xml (RunModel)" time="0.018" />
  <testcase classname="ptolemy.util.test.junit.AutoTests" name="[323] /home/travis/build/icyphy/ptII/ptolemy/actor/lib/test/auto/Scale.xml (RunModel)" time="0.011" />
  <testcase classname="ptolemy.util.test.junit.AutoTests" name="[324] /home/travis/build/icyphy/ptII/ptolemy/actor/lib/test/auto/Scale2.xml (RunModel)" time="0.028" />
  <testcase classname="ptolemy.util.test.junit.AutoTests" name="[325] /home/travis/build/icyphy/ptII/ptolemy/actor/lib/test/auto/Scale3.xml (RunModel)" time="0.015" />
  <testcase classname="ptolemy.util.test.junit.AutoTests" name="[326] /home/travis/build/icyphy/ptII/ptolemy/actor/lib/test/auto/ScaleArray.xml (RunModel)" time="0.007" />
  <testcase classname="ptolemy.util.test.junit.AutoTests" name="[327] /home/travis/build/icyphy/ptII/ptolemy/actor/lib/test/auto/ScaleArray2.xml (RunModel)" time="0.007" />
  <testcase classname="ptolemy.util.test.junit.AutoTests" name="[328] /home/travis/build/icyphy/ptII/ptolemy/actor/lib/test/auto/ScaleMatrix.xml (RunModel)" time="0.13" />
  <testcase classname="ptolemy.util.test.junit.AutoTests" name="[329] /home/travis/build/icyphy/ptII/ptolemy/actor/lib/test/auto/Select.xml (RunModel)" time="0.025" />
  <testcase classname="ptolemy.util.test.junit.AutoTests" name="[330] /home/travis/build/icyphy/ptII/ptolemy/actor/lib/test/auto/Select2.xml (RunModel)" time="0.008" />
  <testcase classname="ptolemy.util.test.junit.AutoTests" name="[331] /home/travis/build/icyphy/ptII/ptolemy/actor/lib/test/auto/SequenceToArray2.xml (RunModel)" time="0.143" />
  <testcase classname="ptolemy.util.test.junit.AutoTests" name="[332] /home/travis/build/icyphy/ptII/ptolemy/actor/lib/test/auto/SequentialClock.xml (RunModel)" time="0.011" />
  <testcase classname="ptolemy.util.test.junit.AutoTests" name="[333] /home/travis/build/icyphy/ptII/ptolemy/actor/lib/test/auto/SetVariable.xml (RunModel)" time="0.011" />
  <testcase classname="ptolemy.util.test.junit.AutoTests" name="[334] /home/travis/build/icyphy/ptII/ptolemy/actor/lib/test/auto/SetVariable2.xml (RunModel)" time="0.01" />
  <testcase classname="ptolemy.util.test.junit.AutoTests" name="[335] /home/travis/build/icyphy/ptII/ptolemy/actor/lib/test/auto/SetVariable3.xml (RunModel)" time="0.016" />
  <testcase classname="ptolemy.util.test.junit.AutoTests" name="[336] /home/travis/build/icyphy/ptII/ptolemy/actor/lib/test/auto/SetVariable4.xml (RunModel)" time="0.025" />
  <testcase classname="ptolemy.util.test.junit.AutoTests" name="[337] /home/travis/build/icyphy/ptII/ptolemy/actor/lib/test/auto/SetVariable5.xml (RunModel)" time="0.036" />
  <testcase classname="ptolemy.util.test.junit.AutoTests" name="[338] /home/travis/build/icyphy/ptII/ptolemy/actor/lib/test/auto/Sinewave.xml (RunModel)" time="0.028" />
  <testcase classname="ptolemy.util.test.junit.AutoTests" name="[339] /home/travis/build/icyphy/ptII/ptolemy/actor/lib/test/auto/Sinewave2.xml (RunModel)" time="0.016" />
  <testcase classname="ptolemy.util.test.junit.AutoTests" name="[340] /home/travis/build/icyphy/ptII/ptolemy/actor/lib/test/auto/Sinewave3.xml (RunModel)" time="0.019" />
  <testcase classname="ptolemy.util.test.junit.AutoTests" name="[341] /home/travis/build/icyphy/ptII/ptolemy/actor/lib/test/auto/SingleEvent.xml (RunModel)" time="0.007" />
  <testcase classname="ptolemy.util.test.junit.AutoTests" name="[342] /home/travis/build/icyphy/ptII/ptolemy/actor/lib/test/auto/Sleep.xml (RunModel)" time="6.023" />
  <testcase classname="ptolemy.util.test.junit.AutoTests" name="[343] /home/travis/build/icyphy/ptII/ptolemy/actor/lib/test/auto/SleepMultipleFire.xml (RunModel)" time="1.017" />
  <testcase classname="ptolemy.util.test.junit.AutoTests" name="[344] /home/travis/build/icyphy/ptII/ptolemy/actor/lib/test/auto/StopDE.xml (RunModel)" time="0.051" />
  <testcase classname="ptolemy.util.test.junit.AutoTests" name="[345] /home/travis/build/icyphy/ptII/ptolemy/actor/lib/test/auto/StopSDF.xml (RunModel)" time="0.014" />
  <testcase classname="ptolemy.util.test.junit.AutoTests" name="[346] /home/travis/build/icyphy/ptII/ptolemy/actor/lib/test/auto/StringConstant.xml (RunModel)" time="0.018" />
  <testcase classname="ptolemy.util.test.junit.AutoTests" name="[347] /home/travis/build/icyphy/ptII/ptolemy/actor/lib/test/auto/SubscriberPortInitialValues1.xml (RunModel)" time="0.021" />
  <testcase classname="ptolemy.util.test.junit.AutoTests" name="[348] /home/travis/build/icyphy/ptII/ptolemy/actor/lib/test/auto/SubscriberPortInitialValues13.xml (RunModel)" time="0.027" />
  <testcase classname="ptolemy.util.test.junit.AutoTests" name="[349] /home/travis/build/icyphy/ptII/ptolemy/actor/lib/test/auto/SubscriberPortInitialValues14.xml (RunModel)" time="0.015" />
  <testcase classname="ptolemy.util.test.junit.AutoTests" name="[350] /home/travis/build/icyphy/ptII/ptolemy/actor/lib/test/auto/SubscriberPortInitialValues2.xml (RunModel)" time="0.018" />
  <testcase classname="ptolemy.util.test.junit.AutoTests" name="[351] /home/travis/build/icyphy/ptII/ptolemy/actor/lib/test/auto/SubscriberPortInitialValues3.xml (RunModel)" time="0.019" />
  <testcase classname="ptolemy.util.test.junit.AutoTests" name="[352] /home/travis/build/icyphy/ptII/ptolemy/actor/lib/test/auto/SubscriptionAggregator.xml (RunModel)" time="0.016" />
  <testcase classname="ptolemy.util.test.junit.AutoTests" name="[353] /home/travis/build/icyphy/ptII/ptolemy/actor/lib/test/auto/SubscriptionAggregator2.xml (RunModel)" time="0.012" />
  <testcase classname="ptolemy.util.test.junit.AutoTests" name="[354] /home/travis/build/icyphy/ptII/ptolemy/actor/lib/test/auto/SubscriptionAggregator3.xml (RunModel)" time="0.016" />
  <testcase classname="ptolemy.util.test.junit.AutoTests" name="[355] /home/travis/build/icyphy/ptII/ptolemy/actor/lib/test/auto/SubscriptionAggregatorMultiply.xml (RunModel)" time="0.024" />
  <testcase classname="ptolemy.util.test.junit.AutoTests" name="[356] /home/travis/build/icyphy/ptII/ptolemy/actor/lib/test/auto/SubscriptionAggregatorPortMultiply1.xml (RunModel)" time="0.018" />
  <testcase classname="ptolemy.util.test.junit.AutoTests" name="[357] /home/travis/build/icyphy/ptII/ptolemy/actor/lib/test/auto/Switch.xml (RunModel)" time="0.021" />
  <testcase classname="ptolemy.util.test.junit.AutoTests" name="[358] /home/travis/build/icyphy/ptII/ptolemy/actor/lib/test/auto/Switch2.xml (RunModel)" time="0.013" />
  <testcase classname="ptolemy.util.test.junit.AutoTests" name="[359] /home/travis/build/icyphy/ptII/ptolemy/actor/lib/test/auto/SwitchDE.xml (RunModel)" time="0.013" />
  <testcase classname="ptolemy.util.test.junit.AutoTests" name="[360] /home/travis/build/icyphy/ptII/ptolemy/actor/lib/test/auto/SynchronizerDE.xml (RunModel)" time="0.021" />
  <testcase classname="ptolemy.util.test.junit.AutoTests" name="[361] /home/travis/build/icyphy/ptII/ptolemy/actor/lib/test/auto/Test.xml (RunModel)" time="0.019" />
  <testcase classname="ptolemy.util.test.junit.AutoTests" name="[362] /home/travis/build/icyphy/ptII/ptolemy/actor/lib/test/auto/TestExceptionAttribute1.xml (RunModel)" time="0.007" />
  <testcase classname="ptolemy.util.test.junit.AutoTests" name="[363] /home/travis/build/icyphy/ptII/ptolemy/actor/lib/test/auto/TestExceptionAttribute2.xml (RunModel)" time="0.007" />
  <testcase classname="ptolemy.util.test.junit.AutoTests" name="[364] /home/travis/build/icyphy/ptII/ptolemy/actor/lib/test/auto/TestExceptionAttribute3.xml (RunModel)" time="0.011" />
  <testcase classname="ptolemy.util.test.junit.AutoTests" name="[365] /home/travis/build/icyphy/ptII/ptolemy/actor/lib/test/auto/TestExceptionAttribute4.xml (RunModel)" time="0.007" />
  <testcase classname="ptolemy.util.test.junit.AutoTests" name="[366] /home/travis/build/icyphy/ptII/ptolemy/actor/lib/test/auto/TestExceptionHandler1.xml (RunModel)" time="0.006" />
  <testcase classname="ptolemy.util.test.junit.AutoTests" name="[367] /home/travis/build/icyphy/ptII/ptolemy/actor/lib/test/auto/TestExceptionHandler2.xml (RunModel)" time="0.008" />
  <testcase classname="ptolemy.util.test.junit.AutoTests" name="[368] /home/travis/build/icyphy/ptII/ptolemy/actor/lib/test/auto/TestExceptionHandler3.xml (RunModel)" time="0.005" />
  <testcase classname="ptolemy.util.test.junit.AutoTests" name="[369] /home/travis/build/icyphy/ptII/ptolemy/actor/lib/test/auto/TestExceptionHandler4.xml (RunModel)" time="0.006" />
  <testcase classname="ptolemy.util.test.junit.AutoTests" name="[370] /home/travis/build/icyphy/ptII/ptolemy/actor/lib/test/auto/TestRequireCorrectOrder.xml (RunModel)" time="0.013" />
  <testcase classname="ptolemy.util.test.junit.AutoTests" name="[371] /home/travis/build/icyphy/ptII/ptolemy/actor/lib/test/auto/TestSimple.xml (RunModel)" time="0.006" />
  <testcase classname="ptolemy.util.test.junit.AutoTests" name="[372] /home/travis/build/icyphy/ptII/ptolemy/actor/lib/test/auto/ThrowModelError.xml (RunModel)" time="0.01" />
  <testcase classname="ptolemy.util.test.junit.AutoTests" name="[373] /home/travis/build/icyphy/ptII/ptolemy/actor/lib/test/auto/TimeDelayMicrosteps.xml (RunModel)" time="0.013" />
  <testcase classname="ptolemy.util.test.junit.AutoTests" name="[374] /home/travis/build/icyphy/ptII/ptolemy/actor/lib/test/auto/TimeDelayMicrosteps2.xml (RunModel)" time="0.015" />
  <testcase classname="ptolemy.util.test.junit.AutoTests" name="[375] /home/travis/build/icyphy/ptII/ptolemy/actor/lib/test/auto/TimeDelayMicrosteps3.xml (RunModel)" time="0.018" />
  <testcase classname="ptolemy.util.test.junit.AutoTests" name="[376] /home/travis/build/icyphy/ptII/ptolemy/actor/lib/test/auto/TimeDelayVariableMicrosteps.xml (RunModel)" time="0.022" />
  <testcase classname="ptolemy.util.test.junit.AutoTests" name="[377] /home/travis/build/icyphy/ptII/ptolemy/actor/lib/test/auto/TimeGap.xml (RunModel)" time="0.013" />
  <testcase classname="ptolemy.util.test.junit.AutoTests" name="[378] /home/travis/build/icyphy/ptII/ptolemy/actor/lib/test/auto/TimeGap2.xml (RunModel)" time="0.012" />
  <testcase classname="ptolemy.util.test.junit.AutoTests" name="[379] /home/travis/build/icyphy/ptII/ptolemy/actor/lib/test/auto/TimedSinewave.xml (RunModel)" time="0.06" />
  <testcase classname="ptolemy.util.test.junit.AutoTests" name="[380] /home/travis/build/icyphy/ptII/ptolemy/actor/lib/test/auto/TimedSinewavePhase.xml (RunModel)" time="0.03" />
  <testcase classname="ptolemy.util.test.junit.AutoTests" name="[381] /home/travis/build/icyphy/ptII/ptolemy/actor/lib/test/auto/Timer.xml (RunModel)" time="0.011" />
  <testcase classname="ptolemy.util.test.junit.AutoTests" name="[382] /home/travis/build/icyphy/ptII/ptolemy/actor/lib/test/auto/TriangularDistTestModel.xml (RunModel)" time="0.017" />
  <testcase classname="ptolemy.util.test.junit.AutoTests" name="[383] /home/travis/build/icyphy/ptII/ptolemy/actor/lib/test/auto/TrigFunction.xml (RunModel)" time="0.008" />
  <testcase classname="ptolemy.util.test.junit.AutoTests" name="[384] /home/travis/build/icyphy/ptII/ptolemy/actor/lib/test/auto/TrigFunctionDE.xml (RunModel)" time="0.01" />
  <testcase classname="ptolemy.util.test.junit.AutoTests" name="[385] /home/travis/build/icyphy/ptII/ptolemy/actor/lib/test/auto/TrigFunctionInverse.xml (RunModel)" time="0.01" />
  <testcase classname="ptolemy.util.test.junit.AutoTests" name="[386] /home/travis/build/icyphy/ptII/ptolemy/actor/lib/test/auto/TrigFunctionTan.xml (RunModel)" time="0.007" />
  <testcase classname="ptolemy.util.test.junit.AutoTests" name="[387] /home/travis/build/icyphy/ptII/ptolemy/actor/lib/test/auto/TriggeredClock.xml (RunModel)" time="0.008" />
  <testcase classname="ptolemy.util.test.junit.AutoTests" name="[388] /home/travis/build/icyphy/ptII/ptolemy/actor/lib/test/auto/URLDirectoryReader.xml (RunModel)" time="0.087" />
  <testcase classname="ptolemy.util.test.junit.AutoTests" name="[389] /home/travis/build/icyphy/ptII/ptolemy/actor/lib/test/auto/URLDirectoryReader3.xml (RunModel)" time="1.343" />
  <testcase classname="ptolemy.util.test.junit.AutoTests" name="[390] /home/travis/build/icyphy/ptII/ptolemy/actor/lib/test/auto/UnaryMathFunction.xml (RunModel)" time="0.025" />
  <testcase classname="ptolemy.util.test.junit.AutoTests" name="[391] /home/travis/build/icyphy/ptII/ptolemy/actor/lib/test/auto/Uniform.xml (RunModel)" time="0.014" />
  <testcase classname="ptolemy.util.test.junit.AutoTests" name="[392] /home/travis/build/icyphy/ptII/ptolemy/actor/lib/test/auto/UnionDisassemblerTest.xml (RunModel)" time="0.009" />
  <testcase classname="ptolemy.util.test.junit.AutoTests" name="[393] /home/travis/build/icyphy/ptII/ptolemy/actor/lib/test/auto/UtilityFunctions.xml (RunModel)" time="0.015" />
  <testcase classname="ptolemy.util.test.junit.AutoTests" name="[394] /home/travis/build/icyphy/ptII/ptolemy/actor/lib/test/auto/VariableSleep.xml (RunModel)" time="0.511" />
  <testcase classname="ptolemy.util.test.junit.AutoTests" name="[395] /home/travis/build/icyphy/ptII/ptolemy/actor/lib/test/auto/VectorAssemblerDisassemblerCT.xml (RunModel)" time="0.112" />
  <testcase classname="ptolemy.util.test.junit.AutoTests" name="[396] /home/travis/build/icyphy/ptII/ptolemy/actor/lib/test/auto/VectorAssemblerDisassemblerDE.xml (RunModel)" time="0.013" />
  <testcase classname="ptolemy.util.test.junit.AutoTests" name="[397] /home/travis/build/icyphy/ptII/ptolemy/actor/lib/test/auto/VectorAssemblerDisassemblerSDF.xml (RunModel)" time="0.011" />
  <testcase classname="ptolemy.util.test.junit.AutoTests" name="[398] /home/travis/build/icyphy/ptII/ptolemy/actor/lib/test/auto/WallClockTime.xml (RunModel)" time="1.012" />
  <testcase classname="ptolemy.util.test.junit.AutoTests" name="[399] /home/travis/build/icyphy/ptII/ptolemy/actor/lib/test/auto/WidthTestWithSubscriberPublisher.xml (RunModel)" time="0.042" />
  <testcase classname="ptolemy.util.test.junit.AutoTests" name="[400] /home/travis/build/icyphy/ptII/ptolemy/actor/lib/test/auto/WidthTestWithSubscriberPublisher2.xml (RunModel)" time="0.013" />
  <testcase classname="ptolemy.util.test.junit.AutoTests" name="[401] /home/travis/build/icyphy/ptII/ptolemy/actor/lib/test/auto/WidthTestWithSubscriberPublisher3.xml (RunModel)" time="0.011" />
  <testcase classname="ptolemy.util.test.junit.AutoTests" name="[402] /home/travis/build/icyphy/ptII/ptolemy/actor/lib/test/auto/Writer.xml (RunModel)" time="0.007" />
  <testcase classname="ptolemy.util.test.junit.AutoTests" name="[403] /home/travis/build/icyphy/ptII/ptolemy/actor/lib/test/auto/array.xml (RunModel)" time="0.025" />
  <testcase classname="ptolemy.util.test.junit.AutoTests" name="[404] /home/travis/build/icyphy/ptII/ptolemy/actor/lib/test/auto/array2.xml (RunModel)" time="0.012" />
  <testcase classname="ptolemy.util.test.junit.AutoTests" name="[405] /home/travis/build/icyphy/ptII/ptolemy/actor/lib/test/auto/arrayType.xml (RunModel)" time="0.01" />
  <testcase classname="ptolemy.util.test.junit.AutoTests" name="[406] /home/travis/build/icyphy/ptII/ptolemy/actor/lib/test/auto/arrayType10.xml (RunModel)" time="0.008" />
  <testcase classname="ptolemy.util.test.junit.AutoTests" name="[407] /home/travis/build/icyphy/ptII/ptolemy/actor/lib/test/auto/arrayType11.xml (RunModel)" time="0.008" />
  <testcase classname="ptolemy.util.test.junit.AutoTests" name="[408] /home/travis/build/icyphy/ptII/ptolemy/actor/lib/test/auto/arrayType12.xml (RunModel)" time="0.008" />
  <testcase classname="ptolemy.util.test.junit.AutoTests" name="[409] /home/travis/build/icyphy/ptII/ptolemy/actor/lib/test/auto/arrayType13.xml (RunModel)" time="0.009" />
  <testcase classname="ptolemy.util.test.junit.AutoTests" name="[410] /home/travis/build/icyphy/ptII/ptolemy/actor/lib/test/auto/arrayType14.xml (RunModel)" time="0.008" />
  <testcase classname="ptolemy.util.test.junit.AutoTests" name="[411] /home/travis/build/icyphy/ptII/ptolemy/actor/lib/test/auto/arrayType15.xml (RunModel)" time="0.01" />
  <testcase classname="ptolemy.util.test.junit.AutoTests" name="[412] /home/travis/build/icyphy/ptII/ptolemy/actor/lib/test/auto/arrayType16.xml (RunModel)" time="0.008" />
  <testcase classname="ptolemy.util.test.junit.AutoTests" name="[413] /home/travis/build/icyphy/ptII/ptolemy/actor/lib/test/auto/arrayType17.xml (RunModel)" time="0.009" />
  <testcase classname="ptolemy.util.test.junit.AutoTests" name="[414] /home/travis/build/icyphy/ptII/ptolemy/actor/lib/test/auto/arrayType18.xml (RunModel)" time="0.007" />
  <testcase classname="ptolemy.util.test.junit.AutoTests" name="[415] /home/travis/build/icyphy/ptII/ptolemy/actor/lib/test/auto/arrayType19.xml (RunModel)" time="0.008" />
  <testcase classname="ptolemy.util.test.junit.AutoTests" name="[416] /home/travis/build/icyphy/ptII/ptolemy/actor/lib/test/auto/arrayType2.xml (RunModel)" time="0.008" />
  <testcase classname="ptolemy.util.test.junit.AutoTests" name="[417] /home/travis/build/icyphy/ptII/ptolemy/actor/lib/test/auto/arrayType20.xml (RunModel)" time="0.011" />
  <testcase classname="ptolemy.util.test.junit.AutoTests" name="[418] /home/travis/build/icyphy/ptII/ptolemy/actor/lib/test/auto/arrayType21.xml (RunModel)" time="0.008" />
  <testcase classname="ptolemy.util.test.junit.AutoTests" name="[419] /home/travis/build/icyphy/ptII/ptolemy/actor/lib/test/auto/arrayType22.xml (RunModel)" time="0.008" />
  <testcase classname="ptolemy.util.test.junit.AutoTests" name="[420] /home/travis/build/icyphy/ptII/ptolemy/actor/lib/test/auto/arrayType23.xml (RunModel)" time="0.008" />
  <testcase classname="ptolemy.util.test.junit.AutoTests" name="[421] /home/travis/build/icyphy/ptII/ptolemy/actor/lib/test/auto/arrayType24.xml (RunModel)" time="0.014" />
  <testcase classname="ptolemy.util.test.junit.AutoTests" name="[422] /home/travis/build/icyphy/ptII/ptolemy/actor/lib/test/auto/arrayType25.xml (RunModel)" time="0.009" />
  <testcase classname="ptolemy.util.test.junit.AutoTests" name="[423] /home/travis/build/icyphy/ptII/ptolemy/actor/lib/test/auto/arrayType26.xml (RunModel)" time="0.008" />
  <testcase classname="ptolemy.util.test.junit.AutoTests" name="[424] /home/travis/build/icyphy/ptII/ptolemy/actor/lib/test/auto/arrayType27.xml (RunModel)" time="0.007" />
  <testcase classname="ptolemy.util.test.junit.AutoTests" name="[425] /home/travis/build/icyphy/ptII/ptolemy/actor/lib/test/auto/arrayType28.xml (RunModel)" time="0.007" />
  <testcase classname="ptolemy.util.test.junit.AutoTests" name="[426] /home/travis/build/icyphy/ptII/ptolemy/actor/lib/test/auto/arrayType3.xml (RunModel)" time="0.014" />
  <testcase classname="ptolemy.util.test.junit.AutoTests" name="[427] /home/travis/build/icyphy/ptII/ptolemy/actor/lib/test/auto/arrayType4.xml (RunModel)" time="0.008" />
  <testcase classname="ptolemy.util.test.junit.AutoTests" name="[428] /home/travis/build/icyphy/ptII/ptolemy/actor/lib/test/auto/arrayType5.xml (RunModel)" time="0.011" />
  <testcase classname="ptolemy.util.test.junit.AutoTests" name="[429] /home/travis/build/icyphy/ptII/ptolemy/actor/lib/test/auto/arrayType6.xml (RunModel)" time="0.008" />
  <testcase classname="ptolemy.util.test.junit.AutoTests" name="[430] /home/travis/build/icyphy/ptII/ptolemy/actor/lib/test/auto/arrayType7.xml (RunModel)" time="0.008" />
  <testcase classname="ptolemy.util.test.junit.AutoTests" name="[431] /home/travis/build/icyphy/ptII/ptolemy/actor/lib/test/auto/arrayType8.xml (RunModel)" time="0.014" />
  <testcase classname="ptolemy.util.test.junit.AutoTests" name="[432] /home/travis/build/icyphy/ptII/ptolemy/actor/lib/test/auto/arrayType9.xml (RunModel)" time="0.008" />
  <testcase classname="ptolemy.util.test.junit.AutoTests" name="[433] /home/travis/build/icyphy/ptII/ptolemy/actor/lib/test/auto/cast.xml (RunModel)" time="0.008" />
  <testcase classname="ptolemy.util.test.junit.AutoTests" name="[434] /home/travis/build/icyphy/ptII/ptolemy/actor/lib/test/auto/compositeMultiPort.xml (RunModel)" time="0.016" />
  <testcase classname="ptolemy.util.test.junit.AutoTests" name="[435] /home/travis/build/icyphy/ptII/ptolemy/actor/lib/test/auto/expressionCastInference.xml (RunModel)" time="0.007" />
  <testcase classname="ptolemy.util.test.junit.AutoTests" name="[436] /home/travis/build/icyphy/ptII/ptolemy/actor/lib/test/auto/expressionCastInference2.xml (RunModel)" time="0.015" />
  <testcase classname="ptolemy.util.test.junit.AutoTests" name="[437] /home/travis/build/icyphy/ptII/ptolemy/actor/lib/test/auto/expressionInference.xml (RunModel)" time="0.015" />
  <testcase classname="ptolemy.util.test.junit.AutoTests" name="[438] /home/travis/build/icyphy/ptII/ptolemy/actor/lib/test/auto/expression_bug.xml (RunModel)" time="0.007" />
  <testcase classname="ptolemy.util.test.junit.AutoTests" name="[439] /home/travis/build/icyphy/ptII/ptolemy/actor/lib/test/auto/factorial.xml (RunModel)" time="0.052" />
  <testcase classname="ptolemy.util.test.junit.AutoTests" name="[440] /home/travis/build/icyphy/ptII/ptolemy/actor/lib/test/auto/filterTest1.xml (RunModel)" time="0.016" />
  <testcase classname="ptolemy.util.test.junit.AutoTests" name="[441] /home/travis/build/icyphy/ptII/ptolemy/actor/lib/test/auto/funcApplyInConst.xml (RunModel)" time="0.006" />
  <testcase classname="ptolemy.util.test.junit.AutoTests" name="[442] /home/travis/build/icyphy/ptII/ptolemy/actor/lib/test/auto/funcApplyInExpr.xml (RunModel)" time="0.008" />
  <testcase classname="ptolemy.util.test.junit.AutoTests" name="[443] /home/travis/build/icyphy/ptII/ptolemy/actor/lib/test/auto/function.xml (RunModel)" time="0.01" />
  <testcase classname="ptolemy.util.test.junit.AutoTests" name="[444] /home/travis/build/icyphy/ptII/ptolemy/actor/lib/test/auto/function2.xml (RunModel)" time="0.01" />
  <testcase classname="ptolemy.util.test.junit.AutoTests" name="[445] /home/travis/build/icyphy/ptII/ptolemy/actor/lib/test/auto/function3.xml (RunModel)" time="0.007" />
  <testcase classname="ptolemy.util.test.junit.AutoTests" name="[446] /home/travis/build/icyphy/ptII/ptolemy/actor/lib/test/auto/functionClosureTest1.xml (RunModel)" time="0.008" />
  <testcase classname="ptolemy.util.test.junit.AutoTests" name="[447] /home/travis/build/icyphy/ptII/ptolemy/actor/lib/test/auto/functionClosureTest2.xml (RunModel)" time="0.005" />
  <testcase classname="ptolemy.util.test.junit.AutoTests" name="[448] /home/travis/build/icyphy/ptII/ptolemy/actor/lib/test/auto/functionClosureTest3.xml (RunModel)" time="0.009" />
  <testcase classname="ptolemy.util.test.junit.AutoTests" name="[449] /home/travis/build/icyphy/ptII/ptolemy/actor/lib/test/auto/functionClosureTest4.xml (RunModel)" time="0.038" />
  <testcase classname="ptolemy.util.test.junit.AutoTests" name="[450] /home/travis/build/icyphy/ptII/ptolemy/actor/lib/test/auto/functionClosureTest5.xml (RunModel)" time="0.037" />
  <testcase classname="ptolemy.util.test.junit.AutoTests" name="[451] /home/travis/build/icyphy/ptII/ptolemy/actor/lib/test/auto/functionClosureTest6.xml (RunModel)" time="0.032" />
  <testcase classname="ptolemy.util.test.junit.AutoTests" name="[452] /home/travis/build/icyphy/ptII/ptolemy/actor/lib/test/auto/functionsOnArcs.xml (RunModel)" time="0.054" />
  <testcase classname="ptolemy.util.test.junit.AutoTests" name="[453] /home/travis/build/icyphy/ptII/ptolemy/actor/lib/test/auto/functionsOnArcsHOF.xml (RunModel)" time="0.013" />
  <testcase classname="ptolemy.util.test.junit.AutoTests" name="[454] /home/travis/build/icyphy/ptII/ptolemy/actor/lib/test/auto/logic.xml (RunModel)" time="0.018" />
  <testcase classname="ptolemy.util.test.junit.AutoTests" name="[455] /home/travis/build/icyphy/ptII/ptolemy/actor/lib/test/auto/matrixType.xml (RunModel)" time="0.008" />
  <testcase classname="ptolemy.util.test.junit.AutoTests" name="[456] /home/travis/build/icyphy/ptII/ptolemy/actor/lib/test/auto/matrixType10.xml (RunModel)" time="0.009" />
  <testcase classname="ptolemy.util.test.junit.AutoTests" name="[457] /home/travis/build/icyphy/ptII/ptolemy/actor/lib/test/auto/matrixType11.xml (RunModel)" time="0.008" />
  <testcase classname="ptolemy.util.test.junit.AutoTests" name="[458] /home/travis/build/icyphy/ptII/ptolemy/actor/lib/test/auto/matrixType12.xml (RunModel)" time="0.011" />
  <testcase classname="ptolemy.util.test.junit.AutoTests" name="[459] /home/travis/build/icyphy/ptII/ptolemy/actor/lib/test/auto/matrixType13.xml (RunModel)" time="0.008" />
  <testcase classname="ptolemy.util.test.junit.AutoTests" name="[460] /home/travis/build/icyphy/ptII/ptolemy/actor/lib/test/auto/matrixType14.xml (RunModel)" time="0.01" />
  <testcase classname="ptolemy.util.test.junit.AutoTests" name="[461] /home/travis/build/icyphy/ptII/ptolemy/actor/lib/test/auto/matrixType2.xml (RunModel)" time="0.009" />
  <testcase classname="ptolemy.util.test.junit.AutoTests" name="[462] /home/travis/build/icyphy/ptII/ptolemy/actor/lib/test/auto/matrixType3.xml (RunModel)" time="0.014" />
  <testcase classname="ptolemy.util.test.junit.AutoTests" name="[463] /home/travis/build/icyphy/ptII/ptolemy/actor/lib/test/auto/matrixType4.xml (RunModel)" time="0.011" />
  <testcase classname="ptolemy.util.test.junit.AutoTests" name="[464] /home/travis/build/icyphy/ptII/ptolemy/actor/lib/test/auto/matrixType5.xml (RunModel)" time="0.008" />
  <testcase classname="ptolemy.util.test.junit.AutoTests" name="[465] /home/travis/build/icyphy/ptII/ptolemy/actor/lib/test/auto/matrixType6.xml (RunModel)" time="0.009" />
  <testcase classname="ptolemy.util.test.junit.AutoTests" name="[466] /home/travis/build/icyphy/ptII/ptolemy/actor/lib/test/auto/matrixType7.xml (RunModel)" time="0.01" />
  <testcase classname="ptolemy.util.test.junit.AutoTests" name="[467] /home/travis/build/icyphy/ptII/ptolemy/actor/lib/test/auto/matrixType8.xml (RunModel)" time="0.01" />
  <testcase classname="ptolemy.util.test.junit.AutoTests" name="[468] /home/travis/build/icyphy/ptII/ptolemy/actor/lib/test/auto/matrixType9.xml (RunModel)" time="0.009" />
  <testcase classname="ptolemy.util.test.junit.AutoTests" name="[469] /home/travis/build/icyphy/ptII/ptolemy/actor/lib/test/auto/paraFunctest.xml (RunModel)" time="0.007" />
  <testcase classname="ptolemy.util.test.junit.AutoTests" name="[470] /home/travis/build/icyphy/ptII/ptolemy/actor/lib/test/auto/paraFunctest2.xml (RunModel)" time="0.013" />
  <testcase classname="ptolemy.util.test.junit.AutoTests" name="[471] /home/travis/build/icyphy/ptII/ptolemy/actor/lib/test/auto/parameterPassing.xml (RunModel)" time="0.009" />
  <testcase classname="ptolemy.util.test.junit.AutoTests" name="[472] /home/travis/build/icyphy/ptII/ptolemy/actor/lib/test/auto/record.xml (RunModel)" time="0.009" />
  <testcase classname="ptolemy.util.test.junit.AutoTests" name="[473] /home/travis/build/icyphy/ptII/ptolemy/actor/lib/test/auto/sizedarray1.xml (RunModel)" time="0.009" />
  <testcase classname="ptolemy.util.test.junit.AutoTests" name="[474] /home/travis/build/icyphy/ptII/ptolemy/actor/lib/test/auto/sizedarray2.xml (RunModel)" time="0.01" />
  <testcase classname="ptolemy.util.test.junit.AutoTests" name="[475] /home/travis/build/icyphy/ptII/ptolemy/actor/lib/test/auto/twoPublishers.xml (RunModel)" time="0.026" />
  <system-out><![CDATA[/home/travis/build/icyphy/ptII/ptolemy/actor/lib/test/AbsoluteValue.tcl
testDefs.tcl: setting time out to 9000 seconds at Wed Jul 17 15:53:06 UTC 2019
93 ms. Memory: 120832K Free: 85431K (71%)
11 ms. Memory: 120832K Free: 83912K (69%)
11 ms. Memory: 120832K Free: 82888K (69%)
5 ms. Memory: 120832K Free: 82359K (68%)
/home/travis/build/icyphy/ptII/ptolemy/actor/lib/test/AddSubtract.tcl
16 ms. Memory: 120832K Free: 80311K (66%)
6 ms. Memory: 120832K Free: 79271K (66%)
6 ms. Memory: 120832K Free: 78792K (65%)
9 ms. Memory: 120832K Free: 77768K (64%)
50 ms. Memory: 120832K Free: 75203K (62%)
11 ms. Memory: 120832K Free: 74167K (61%)
/home/travis/build/icyphy/ptII/ptolemy/actor/lib/test/Average.tcl
17 ms. Memory: 120832K Free: 72648K (60%)
25 ms. Memory: 120832K Free: 71095K (59%)
/home/travis/build/icyphy/ptII/ptolemy/actor/lib/test/Bernoulli.tcl
11 ms. Memory: 120832K Free: 69576K (58%)
2 ms. Memory: 120832K Free: 69576K (58%)
/home/travis/build/icyphy/ptII/ptolemy/actor/lib/test/Clock.tcl
preinitializing
resolving types
initializing
executing number 1
wrapping up
idle
20 ms. Memory: 120832K Free: 66504K (55%)
Completed execution with 5 iterations
preinitializing
resolving types
initializing
executing number 1
wrapping up
idle
7 ms. Memory: 120832K Free: 65975K (55%)
Completed execution with 5 iterations
preinitializing
resolving types
initializing
executing number 1
wrapping up
idle
10 ms. Memory: 120832K Free: 65480K (54%)
Completed execution with 5 iterations
/home/travis/build/icyphy/ptII/ptolemy/actor/lib/test/Commutator.tcl
15 ms. Memory: 120832K Free: 63432K (52%)
15 ms. Memory: 120832K Free: 62408K (52%)
17 ms. Memory: 120832K Free: 56774K (47%)
/home/travis/build/icyphy/ptII/ptolemy/actor/lib/test/Const.tcl
4 ms. Memory: 120832K Free: 55240K (46%)
2 ms. Memory: 120832K Free: 54726K (45%)
3 ms. Memory: 120832K Free: 54216K (45%)
2 ms. Memory: 120832K Free: 53702K (44%)
3 ms. Memory: 120832K Free: 52678K (44%)
12 ms. Memory: 120832K Free: 51144K (42%)
5 ms. Memory: 120832K Free: 50120K (41%)
4 ms. Memory: 120832K Free: 49096K (41%)
/home/travis/build/icyphy/ptII/ptolemy/actor/lib/test/CurrentTime.tcl
preinitializing
resolving types
initializing
executing number 1
wrapping up
idle
8 ms. Memory: 120832K Free: 47558K (39%)
Completed execution with 11 iterations
/home/travis/build/icyphy/ptII/ptolemy/actor/lib/test/DB.tcl
24 ms. Memory: 120832K Free: 107331K (89%)
14 ms. Memory: 120832K Free: 106836K (88%)
2 ms. Memory: 120832K Free: 106307K (88%)
/home/travis/build/icyphy/ptII/ptolemy/actor/lib/test/DiscreteRandomSource.tcl
preinitializing
resolving types
initializing
executing number 1
wrapping up
idle
11 ms. Memory: 120832K Free: 104788K (87%)
Completed execution with 4 iterations
preinitializing
resolving types
initializing
executing number 1
wrapping up
idle
3 ms. Memory: 120832K Free: 104259K (86%)
Completed execution with 4 iterations
preinitializing
resolving types
initializing
executing number 1
wrapping up
idle
9 ms. Memory: 120832K Free: 103764K (86%)
Completed execution with 4 iterations
preinitializing
resolving types
initializing
executing number 1
wrapping up
idle
7 ms. Memory: 120832K Free: 103764K (86%)
Completed execution with 4 iterations
preinitializing
resolving types
initializing
executing number 1
wrapping up
idle
3 ms. Memory: 120832K Free: 103250K (85%)
Completed execution with 4 iterations
/home/travis/build/icyphy/ptII/ptolemy/actor/lib/test/Distributor.tcl
5 ms. Memory: 120832K Free: 101716K (84%)
14 ms. Memory: 120832K Free: 100692K (83%)
StreamChangeRequest.changeExecuted(): <deleteEntity name="rec2"/> succeeded
StreamChangeRequest.changeExecuted(): <deleteRelation name="r2"/> succeeded
StreamChangeRequest.changeExecuted(): Record firings per iteration succeeded
13 ms. Memory: 120832K Free: 98115K (81%)
/home/travis/build/icyphy/ptII/ptolemy/actor/lib/test/Exit.tcl
Exit.tcl: this will print a message about Manager.exitAfterWrapup, which can be ignored.
27 ms. Memory: 120832K Free: 106349K (88%)
/home/travis/build/icyphy/ptII/ptolemy/actor/lib/test/Expression.tcl
24 ms. Memory: 120832K Free: 102783K (85%)
3 ms. Memory: 120832K Free: 101761K (84%)
16 ms. Memory: 120832K Free: 101240K (84%)
preinitializing
resolving types
initializing
executing number 1
wrapping up
idle
14 ms. Memory: 120832K Free: 99719K (83%)
Completed execution with 6 iterations
4 ms. Memory: 120832K Free: 98687K (82%)
3 ms. Memory: 120832K Free: 98168K (81%)
6 ms. Memory: 120832K Free: 97143K (80%)
4 ms. Memory: 120832K Free: 95615K (79%)
5 ms. Memory: 120832K Free: 94598K (78%)
/home/travis/build/icyphy/ptII/ptolemy/actor/lib/test/Gaussian.tcl
5 ms. Memory: 120832K Free: 92543K (77%)
sleeping 1 seconds: ...........................................................................................................................................................................................................................................................................................................................................................................................................................................................................................................................................................................................................................................................................................................................................................................................................................................................................................................................................................................................................................................................................................................................................................................................................................................................................................................................................................................................................................................................................................................................................................................................................................................................................................................................................................................................................................................................................................................................................................................................................................................................................................................................................................................................................................................................................................................................................................................................................................................................................................................................................................................................................................................................................................................................................................................................................................................................................................................................................................................................................................................................................................................................................................................................................................................................................................................................................................................................................................................................................................................................................................................................................................................................................................................................................................................................................................................................................................................................................................................................................................................................................................................................................................................................................................................................................................................................................................................................................................................................................................................................................................................................................................................................................................................................................................................................................................................................................................................................................................................................................................................................................................................................................................................................................................................................................................................................................................................................................................................................................................................................................................................................................................................................................................................................................................................................................................................................................................................................................................................................................................................................................................................................................................................................................................................................................................................................................................................................................................................................................................................................................................................................................................................................................................................................................................................................................................................................................................................................................................................................................................................................................................................................................................................................................................................................................................................................................................................................................................................................................................................................................................................................................................................................................................................................................................................................................................................................................................................................................................................................................................................................................................................................................................................................................................................................................................................................................................................................................................................................................................................................................................................................................................................................................................................................................................................................................................................................................................................................................................................................................................................................................................................................................................................................................................................................................................................................................................................................................................................................................................................................................................................................................................................................................................................................................................................................................................................................................................................................................................................................................................................................................................................................................................................................................................................................................................................................................................................................................................................................................................................................................................................................................................................................................................................................................................................................................................................................................................................................................................................................................................................................................................................................................................................................................................................................................................................................................................................................................................................................................................................................................................................................................................................................................................................................................................................................................................................................................................................................................................................................................................................................................................................................................................................................................................................................................................................................................................................................................................................................................................................................................................................................................................................................................................................................................................................................................................................................................................................................................................................................................................................................................................................................................................................................................................................................................................................................................................................................................................................................................................................................................................................................................................................................................................................................................................................................................................................................................................................................................................................................................................................................................................................................................................................................................................................................................................................................................................................................................................................................................................................................................................................................................................................................................................................................................................................................................................................................................................................................................................................................................................................................................................................................................................................................................................................................................................................................................................................................................................................................................................................................................................................................................................................................................................................................................................................................................................................................................................................................................................................................................................................................................................................................................................................................................................................................................................................................................................................................................................................................................................................................................................................................................................................................................................................................................................................................................................................................................................................................................................................................................................................................................................................................................................................................................................................................................................................................................................................................................................................................................................................................................................................................................................................................................................................................................................................................................................................................................................................................................................................................................................................................................................................................................................................................................................................................................................................................................................................................................................................................................................................................................................................................................................................................................................................................................................................................................................................................................................................................................................................................................................................................................................................................................................................................................................................................................................................................................................................................................................................................................................................................................................................................................................................................................................................................................................................................................................................................................................................................................................................................................................................................................................................................................................................................................................................................................................................................................................................................................................................................................................................................................................................................................................................................................................................................................................................................................................................................................................................................................................................................................................................................................................................................................................................................................................................................................................................................................................................................................................................................................................................................................................................................................................................................................................................................................................................................................................................................................................................................................................................................................................................................................................................................................................................................................................................................................................................................................................................................................................................................................................................................................................................................................................................................................................................................................................................................................................................................................................................................................................................................................................................................................................................................................................................................................................................................................................................................................................................................................................................................................................................................................................................................................................................................................................................................................................................................................................................................................................................................................................................................................................................................................................................................................................................................................................................................................................................................................................................................................................................................................................................................................................................................................................................................................................................................................................................................................................................................................................................................................................................................................................................................................................................................................................................................................................................................................................................................................................................................................................................................................................................................................................................................................................................................................................................................................................................................................................................................................................................................................................................................................................................................................................................................................................................................................................................................................................................................................................................................................................................................................................................................................................................................................................................................................................................................................................................................................................................................................................................................................................................................................................................................................................................................................................................................................................................................................................................................................................................................................................................................................................................................................................................................................................................................................................................................................................................................................................................................................................................................................................................................................................................................................................................................................................................................................................................................................................................................................................................................................................................................................................................................................................................................................................................................................................................................................................................................................................................................................................................................................................................................................................................................................................................................................................................................................................................................................................................................................................................................................................................................................................................................................................................................................................................................................................................................................................................................................................................................................................................................................................................................................................................................................................................................................................................................................................................................................................................................................................................................................................................................................................................................................................................................................................................................................................................................................................................................................................................................................................................................................................................................................................................................................................................................................................................................................................................................................................................................................................................................................................................................................................................................................................................................................................................................................................................................................................................................................................................................................................................................................................................................................................................................................................................................................................................................................................................................................................................................................................................................................................................................................................................................................................................................................................................................................................................................................................................................................................................................................................................................................................................................................................................................................................................................................................................................................................................................................................................................................................................................................................................................................................................................................................................................................................................................................................................................................................................................................................................................................................................................................................................................................................................................................................................................................................................................................................................................................................................................................................................................................................................................................................................................................................................................................................................................................................................................................................................................................................................................................................................................................................................................................................................................................................................................................................................................................................................................................................................................................................................................................................................................................................................................................................................................................................................................................................................................................................................................................................................................................................................................................................................................................................................................................................................................................................................................................................................................................................................................................................................................................................................................................................................................................................................................................................................................................................................................................................................................................................................................................................................................................................................................................................................................................................................................................................................................................................................................................................................................................................................................................................................................................................................................................................................................................................................................................................................................................................................................................................................................................................................................................................................................................................................................................................................................................................................................................................................................................................................................................................................................................................................................................................................................................................................................................................................................................................................................................................................................................................................................................................................................................................................................................................................................................................................................................................................................................................................................................................................................................................................................................................................................................................................................................................................................................................................................................................................................................................................................................................................................................................................................................................................................................................................................................................................................................................................................................................................................................................................................................................................................................................................................................................................................................................................................................................................................................................................................................................................................................................................................................................................................................................................................................................................................................................................................................................................................................................................................................................................................................................................................................................................................................................................................................................................................................................................................................................................................................................................................................................................................................................................................................................................................................................................................................................................................................................................................................................................................................................................................................................................................................................................................................................................................................................................................................................................................................................................................................................................................................................................................................................................................................................................................................................................................................................................................................................................................................................................................................................................................................................................................................................................................................................................................................................................................................................................................................................................................................................................................................................................................................................................................................................................................................................................................................................................................................................................................................................................................................................................................................................................................................................................................................................................................................................................................................................................................................................................................................................................................................................................................................................................................................................................................................................................................................................................................................................................................................................................................................................................................................................................................................................................................................................................................................................................................................................................................................................................................................................................................................................................................................................................................................................................................................................................................................................................................................................................................................................................................................................................................................................................................................................................................................................................................................................................................................................................................................................................................................................................................................................................................................................................................................................................................................................................................................................................................................................................................................................................................................................................................................................................................................................................................................................................................................................................................................................................................................................................................................................................................................................................................................................................................................................................................................................................................................................................................................................................................................................................................................................................................................................................................................................................................................................................................................................................................................................................................................................................................................................................................................................................................................................................................................................................................................................................................................................................................................................................................................................................................................................................................................................................................................................................................................................................................................................................................................................................................................................................................................................................................................................................................................................................................................................................................................................................................................................................................................................................................................................................................................................................................................................................................................................................................................................................................................................................................................................................................................................................................................................................................................................................................................................................................................................................................................................................................................................................................................................................................................................................................................................................................................................................................................................................................................................................................................................................................................................................................................................................................................................................................................................................................................................................................................................................................................................................................................................................................................................................................................................................................................................................................................................................................................................................................................................................................................................................................................................................................................................................................................................................................................................................................................................................................................................................................................................................................................................................................................................................................................................................................................................................................................................................................................................................................................................................................................................................................................................................................................................................................................................................................................................................................................................................................................................................................................................................................................................................................................................................................................................................................................................................................................................................................................................................................................................................................................................................................................................................................................................................................................................................................................................................................................................................................................................................................................................................................................................................................................................................................................................................................................................................................................................................................................................................................................................................................................................................................................................................................................................................................................................................................................................................................................................................................................................................................................................................................................................................................................................................................................................................................................................................................................................................................................................................................................................................................................................................................................................................................................................................................................................................................................................................................................................................................................................................................................................................................................................................................................................................................................................................................................................................................................................................................................................................................................................................................................................................................................................................................................................................................................................................................................................................................................................................................................................................................................................................................................................................................................................................................................................................................................................................................................................................................................................................................................................................................................................................................................................................................................................................................................................................................................................................................................................................................................................................................................................................................................................................................................................................................................................................................................................................................................................................................................................................................................................................................................................................................................................................................................................................................................................................................................................................................................................................................................................................................................................................................................................................................................................................................................................................................................................................................................................................................................................................................................................................................................................................................................................................................................................................................................................................................................................................................................................................................................................................................................................................................................................................................................................................................................................................................................................................................................................................................................................................................................................................................................................................................................................................................................................................................................................................................................................................................................................................................................................................................................................................................................................................................................................................................................................................................................................................................................................................................................................................................................................................................................................................................................................................................................................................................................................................................................................................................................................................................................................................................................................................................................................................................................................................................................................................................................................................................................................................................................................................................................................................................................................................................................................................................................................................................................................................................................................................3 ms. Memory: 145408K Free: 98736K (68%)
3 ms. Memory: 145408K Free: 97712K (67%)
4 ms. Memory: 145408K Free: 97184K (67%)
5 ms. Memory: 145408K Free: 96688K (66%)
2 ms. Memory: 145408K Free: 96160K (66%)
/home/travis/build/icyphy/ptII/ptolemy/actor/lib/test/IIR.tcl
/home/travis/build/icyphy/ptII/ptolemy/actor/lib/test/Interpolator.tcl
6 ms. Memory: 145408K Free: 92072K (63%)
4 ms. Memory: 145408K Free: 91568K (63%)
5 ms. Memory: 145408K Free: 91024K (63%)
2 ms. Memory: 145408K Free: 90544K (62%)
10 ms. Memory: 145408K Free: 89520K (62%)
2 ms. Memory: 145408K Free: 89000K (61%)
2 ms. Memory: 145408K Free: 87968K (60%)
11 ms. Memory: 145408K Free: 86928K (60%)
4 ms. Memory: 145408K Free: 85934K (59%)
7 ms. Memory: 145408K Free: 85424K (59%)
/home/travis/build/icyphy/ptII/ptolemy/actor/lib/test/MathFunction.tcl
7 ms. Memory: 145408K Free: 83376K (57%)
5 ms. Memory: 145408K Free: 81838K (56%)
2 ms. Memory: 145408K Free: 80800K (56%)
3 ms. Memory: 145408K Free: 80304K (55%)
3 ms. Memory: 145408K Free: 78766K (54%)
6 ms. Memory: 145408K Free: 76718K (53%)
/home/travis/build/icyphy/ptII/ptolemy/actor/lib/test/Maximum.tcl
3 ms. Memory: 145408K Free: 75184K (52%)
2 ms. Memory: 145408K Free: 74160K (51%)
2 ms. Memory: 145408K Free: 73646K (51%)
2 ms. Memory: 145408K Free: 73136K (50%)
/home/travis/build/icyphy/ptII/ptolemy/actor/lib/test/Minimum.tcl
3 ms. Memory: 145408K Free: 71598K (49%)
2 ms. Memory: 145408K Free: 70560K (49%)
2 ms. Memory: 145408K Free: 70064K (48%)
2 ms. Memory: 145408K Free: 69536K (48%)
/home/travis/build/icyphy/ptII/ptolemy/actor/lib/test/MultiplyDivide.tcl
7 ms. Memory: 145408K Free: 67472K (46%)
3 ms. Memory: 145408K Free: 66478K (46%)
3 ms. Memory: 145408K Free: 65968K (45%)
3 ms. Memory: 145408K Free: 65424K (45%)
2 ms. Memory: 145408K Free: 64416K (44%)
/home/travis/build/icyphy/ptII/ptolemy/actor/lib/test/OrderedMerge.tcl
Connections changed on port: inputA
Connections changed on port: inputB
Connections changed on port: output
Connections changed on port: output
Connections changed on port: output
Connections changed on port: input
.top. Preinitializing ...
Invoking preinitialize():  .top.OrderedMerge
Called preinitialize()
Invoking preinitialize():  .top.Ramp
Called preinitialize()
Invoking preinitialize():  .top.Ramp2
Called preinitialize()
Invoking preinitialize():  .top.Test
Called preinitialize()
Connections changed on port: inputA
Connections changed on port: output
Connections changed on port: inputB
Connections changed on port: output
Connections changed on port: output
Connections changed on port: input
.top. Finished preinitialize().
Called initialize().
Invoking initialize():  .top.OrderedMerge
Initializing actor: .top.OrderedMerge
Adding a thread: .top.OrderedMerge
Invoking initialize():  .top.Ramp
Initializing actor: .top.Ramp
Adding a thread: .top.Ramp
Invoking initialize():  .top.Ramp2
Initializing actor: .top.Ramp2
Adding a thread: .top.Ramp2
Invoking initialize():  .top.Test
Initializing actor: .top.Test
Adding a thread: .top.Test
Called fire().
Checking for deadlock:
-- Starting thread.
Called initialize()
Called prefire()
Called fire()
-- Starting thread.
Called initialize()
-- Starting thread.
Called initialize()
Called prefire()
Called prefire()
-- Starting thread.
Called fire()
Called initialize()
Called prefire()
Called fire()
Called fire()
There are 0 Blocked actors, 0 Stopped actors, and 4 active threads.
Waiting for actors to stop.
Called postfire()
Called prefire()
Called fire()
Called postfire()
Called prefire()
Called fire()
Called postfire()
Called prefire()
Called fire()
Checking for deadlock:
There are 3 Blocked actors, 0 Stopped actors, and 4 active threads.
Waiting for actors to stop.
Read input token from inputA with value 0.0
Next port to read input from is inputB
Called postfire()
Called prefire()
Called fire()
Read input token from inputB with value 0.0
Called postfire()
Called prefire()
Called fire()
-- Read input: 0.0, which is expected to match: 0.0
Called prefire()
Called fire()
Sent output token with value 0.0
Next port to read input from is inputA
Called postfire()
Called prefire()
Called fire()
Read input token from inputA with value 1.0
Sent output token with value 0.0
Next port to read input from is inputB
Called postfire()
Called prefire()
Called fire()
Read input token from inputB with value 1.5
Checking for deadlock:
There are 1 Blocked actors, 0 Stopped actors, and 4 active threads.
Waiting for actors to stop.
-- Read input: 0.0, which is expected to match: 0.0
Called postfire()
Called prefire()
Called prefire()
Called fire()
Called fire()
Checking for deadlock:
There are 1 Blocked actors, 0 Stopped actors, and 4 active threads.
Waiting for actors to stop.
Called postfire()
Called prefire()
Called fire()
Sent output token with value 1.0
Next port to read input from is inputA
Called postfire()
Called prefire()
Called fire()
Read input token from inputA with value 2.0
Checking for deadlock:
There are 2 Blocked actors, 0 Stopped actors, and 4 active threads.
Waiting for actors to stop.
Called postfire()
-- Read input: 1.0, which is expected to match: 1.0
Called prefire()
Called fire()
Called prefire()
Called fire()
Checking for deadlock:
There are 3 Blocked actors, 0 Stopped actors, and 4 active threads.
Waiting for actors to stop.
Sent output token with value 1.5
Next port to read input from is inputB
Called postfire()
Called prefire()
Called fire()
Read input token from inputB with value 3.0
Checking for deadlock:
There are 2 Blocked actors, 0 Stopped actors, and 4 active threads.
Waiting for actors to stop.
Called postfire()
Called prefire()
Called fire()
-- Read input: 1.5, which is expected to match: 1.5
Called prefire()
Called fire()
Checking for deadlock:
There are 3 Blocked actors, 0 Stopped actors, and 4 active threads.
Waiting for actors to stop.
Sent output token with value 2.0
Next port to read input from is inputA
Called postfire()
Called prefire()
Called fire()
Read input token from inputA with value 3.0
Checking for deadlock:
There are 2 Blocked actors, 0 Stopped actors, and 4 active threads.
Waiting for actors to stop.
-- Read input: 2.0, which is expected to match: 2.0
Called postfire()
Called prefire()
Called fire()
Called prefire()
Called fire()
Checking for deadlock:
There are 2 Blocked actors, 0 Stopped actors, and 4 active threads.
Waiting for actors to stop.
Sent output token with value 3.0
Next port to read input from is inputB
Called postfire()
Called prefire()
Called fire()
Read input token from inputB with value 4.5
Checking for deadlock:
There are 2 Blocked actors, 0 Stopped actors, and 4 active threads.
Waiting for actors to stop.
-- Read input: 3.0, which is expected to match: 3.0
Called postfire()
Called prefire()
Called fire()
Called prefire()
Called fire()
Checking for deadlock:
There are 2 Blocked actors, 0 Stopped actors, and 4 active threads.
Waiting for actors to stop.
Sent output token with value 3.0
Checking for deadlock:
There are 2 Blocked actors, 0 Stopped actors, and 4 active threads.
Waiting for actors to stop.
-- Read input: 3.0, which is expected to match: 3.0
Called prefire()
Called fire()
Next port to read input from is inputA
Called postfire()
Called prefire()
Called fire()
Read input token from inputA with value 4.0
Sent output token with value 4.0
Next port to read input from is inputA
Called postfire()
Called prefire()
Called fire()
Checking for deadlock:
There are 2 Blocked actors, 0 Stopped actors, and 4 active threads.
Waiting for actors to stop.
Called postfire()
Called prefire()
Called fire()
-- Read input: 4.0, which is expected to match: 4.0
Called prefire()
Called fire()
Past the end of training data. Read and discard all inputs.
Called postfire()
Read input token from inputA with value 5.0
Called prefire()
Called fire()
Sent output token with value 4.5
Next port to read input from is inputB
Called postfire()
Called prefire()
Called fire()
Read input token from inputB with value 6.0
Checking for deadlock:
There are 2 Blocked actors, 0 Stopped actors, and 4 active threads.
Waiting for actors to stop.
Called postfire()
Called prefire()
Called fire()
Called prefire()
Called fire()
Past the end of training data. Read and discard all inputs.
Checking for deadlock:
There are 3 Blocked actors, 0 Stopped actors, and 4 active threads.
Waiting for actors to stop.
Sent output token with value 5.0
Next port to read input from is inputA
Called postfire()
Called prefire()
Called fire()
Read input token from inputA with value 6.0
Checking for deadlock:
There are 2 Blocked actors, 0 Stopped actors, and 4 active threads.
Waiting for actors to stop.
Called prefire()
Called fire()
Past the end of training data. Read and discard all inputs.
Called postfire()
Checking for deadlock:
Called prefire()
There are 2 Blocked actors, 0 Stopped actors, and 4 active threads.
Called fire()
Waiting for actors to stop.
Sent output token with value 6.0
Next port to read input from is inputB
Called postfire()
Called prefire()
Called fire()
Read input token from inputB with value 7.5
Checking for deadlock:
There are 2 Blocked actors, 0 Stopped actors, and 4 active threads.
Waiting for actors to stop.
Called prefire()
Called fire()
Past the end of training data. Read and discard all inputs.
Called postfire()
Called prefire()
Checking for deadlock:
Called fire()
There are 2 Blocked actors, 0 Stopped actors, and 4 active threads.
Waiting for actors to stop.
Sent output token with value 6.0
Next port to read input from is inputA
Called postfire()
Called prefire()
Called fire()
Read input token from inputA with value 7.0
Checking for deadlock:
There are 2 Blocked actors, 0 Stopped actors, and 4 active threads.
Waiting for actors to stop.
Called prefire()
Called fire()
Past the end of training data. Read and discard all inputs.
Called postfire()
Checking for deadlock:
There are 2 Blocked actors, 0 Stopped actors, and 4 active threads.
Called prefire()
Waiting for actors to stop.
Called fire()
Sent output token with value 7.0
Next port to read input from is inputA
Called postfire()
Called prefire()
Called fire()
Read input token from inputA with value 8.0
Checking for deadlock:
There are 2 Blocked actors, 0 Stopped actors, and 4 active threads.
Waiting for actors to stop.
Called prefire()
Called fire()
Past the end of training data. Read and discard all inputs.
Checking for deadlock:
There are 2 Blocked actors, 0 Stopped actors, and 4 active threads.
Waiting for actors to stop.
-- Thread wrapup() called.
Called wrapup()
Sent output token with value 7.5
Next port to read input from is inputB
Called postfire()
Called prefire()
Called fire()
Thread .top.Ramp is exiting.
-- Thread stopped.
Read input token from inputB with value 9.0
Checking for deadlock:
There are 1 Blocked actors, 0 Stopped actors, and 3 active threads.
Waiting for actors to stop.
Called prefire()
Called fire()
Called postfire()
Past the end of training data. Read and discard all inputs.
Called prefire()
Called fire()
Checking for deadlock:
There are 1 Blocked actors, 0 Stopped actors, and 3 active threads.
Waiting for actors to stop.
Called prefire()
Called fire()
Sent output token with value 8.0
Past the end of training data. Read and discard all inputs.
Checking for deadlock:
There are 2 Blocked actors, 0 Stopped actors, and 3 active threads.
Waiting for actors to stop.
Next port to read input from is inputA
Called postfire()
Called prefire()
Called fire()
Read input token from inputA with value 9.0
Checking for deadlock:
There are 1 Blocked actors, 0 Stopped actors, and 3 active threads.
Called prefire()
Called fire()
Waiting for actors to stop.
Past the end of training data. Read and discard all inputs.
Sent output token with value 9.0
Checking for deadlock:
There are 2 Blocked actors, 0 Stopped actors, and 3 active threads.
Waiting for actors to stop.
Next port to read input from is inputB
Called postfire()
Called prefire()
Called fire()
Checking for deadlock:
There are 1 Blocked actors, 0 Stopped actors, and 3 active threads.
Waiting for actors to stop.
Read input token from inputB with value 10.5
Called postfire()
Called prefire()
Called fire()
Sent output token with value 9.0
Called prefire()
Checking for deadlock:
Called fire()
There are 1 Blocked actors, 0 Stopped actors, and 3 active threads.
Past the end of training data. Read and discard all inputs.
Waiting for actors to stop.
Checking for deadlock:
There are 2 Blocked actors, 0 Stopped actors, and 3 active threads.
Waiting for actors to stop.
Next port to read input from is inputA
Called postfire()
Called prefire()
Called fire()
Checking for deadlock:
There are 3 Blocked actors, 0 Stopped actors, and 3 active threads.
Actors have stopped.
Checking for deadlock:
There are 3 Blocked actors, 0 Stopped actors, and 3 active threads.
Deadlock detected.
Resolving Deadlock
Checking for deadlock:
There are 3 Blocked actors, 0 Stopped actors, and 3 active threads.
Artificial Deadlock - increasing queue capacity.
increasing the capacity of receiver ptolemy.actor.TypedIOPort {.top.OrderedMerge.inputB} to 2
Director: Called postfire().
Called postfire().
_stopRequested = false
_stopFireRequested = false
Returning from postfire(): true
Called fire().
Checking for deadlock:
There are 2 Blocked actors, 0 Stopped actors, and 3 active threads.
Waiting for actors to stop.
-- Thread wrapup() called.
Called wrapup()
Thread .top.Ramp2 is exiting.
-- Thread stopped.
Checking for deadlock:
There are 2 Blocked actors, 0 Stopped actors, and 2 active threads.
Actors have stopped.
Checking for deadlock:
There are 2 Blocked actors, 0 Stopped actors, and 2 active threads.
Deadlock detected.
Resolving Deadlock
Checking for deadlock:
There are 2 Blocked actors, 0 Stopped actors, and 2 active threads.
Deadlock detected: no processes blocked on write, but some are blocked on read.
Called postfire().
_stopRequested = false
_stopFireRequested = false
Returning from postfire(): false
Finished deactivating branches.
Called wrapup().
-- Thread wrapup() called.
Called wrapup()
-- Thread wrapup() called.
Thread .top.OrderedMerge is exiting.
Called wrapup()
-- Thread stopped.
-- Blocked Receiver call threw TerminateProcessException.
Thread .top.Test is exiting.
-- Thread stopped.
-- Blocked Receiver call threw TerminateProcessException.
66 ms. Memory: 145408K Free: 126944K (87%)
.top. Preinitializing ...
Invoking preinitialize():  .top.OrderedMerge
Called preinitialize()
Invoking preinitialize():  .top.Ramp
Called preinitialize()
Invoking preinitialize():  .top.Ramp2
Called preinitialize()
Invoking preinitialize():  .top.Test
Called preinitialize()
.top. Finished preinitialize().
Called initialize().
Invoking initialize():  .top.OrderedMerge
Initializing actor: .top.OrderedMerge
Adding a thread: .top.OrderedMerge
Invoking initialize():  .top.Ramp
Initializing actor: .top.Ramp
Adding a thread: .top.Ramp
Invoking initialize():  .top.Ramp2
Initializing actor: .top.Ramp2
Adding a thread: .top.Ramp2
Invoking initialize():  .top.Test
Initializing actor: .top.Test
Adding a thread: .top.Test
-- Starting thread.
Called initialize()
Called prefire()
Called fire()
-- Starting thread.
Called initialize()
Called prefire()
Called fire()
Called postfire()
Called prefire()
Called fire()
-- Starting thread.
Called initialize()
Called prefire()
Called fire()
Called postfire()
Called prefire()
Called fire()
Called fire().
Checking for deadlock:
There are 3 Blocked actors, 0 Stopped actors, and 4 active threads.
Waiting for actors to stop.
-- Starting thread.
Called initialize()
Called prefire()
Called fire()
Read input token from inputA with value 0.0
Called postfire()
Called prefire()
Called fire()
Next port to read input from is inputB
Called postfire()
Checking for deadlock:
Called prefire()
Called fire()
There are 3 Blocked actors, 0 Stopped actors, and 4 active threads.
Waiting for actors to stop.
Checking for deadlock:
There are 2 Blocked actors, 0 Stopped actors, and 4 active threads.
Read input token from inputB with value 0.0
Waiting for actors to stop.
Called postfire()
Called prefire()
Called fire()
Checking for deadlock:
Sent output token with value 0.0
There are 2 Blocked actors, 0 Stopped actors, and 4 active threads.
Waiting for actors to stop.
Next port to read input from is inputA
Called postfire()
Called prefire()
-- Read input: 0.0, which is expected to match: 0.0
Called fire()
Called prefire()
Called fire()
Read input token from inputA with value 1.0
Sent output token with value 0.0
Next port to read input from is inputB
Called postfire()
Called prefire()
Called fire()
Read input token from inputB with value 1.5
Called postfire()
Called prefire()
Called fire()
Called postfire()
Called prefire()
Called fire()
-- Read input: 0.0, which is expected to match: 0.0
Called prefire()
Called fire()
Checking for deadlock:
There are 3 Blocked actors, 0 Stopped actors, and 4 active threads.
Waiting for actors to stop.
Checking for deadlock:
There are 2 Blocked actors, 0 Stopped actors, and 4 active threads.
Waiting for actors to stop.
-- Read input: 1.0, which is expected to match: 1.0
Sent output token with value 1.0
Called prefire()
Called fire()
Next port to read input from is inputA
Called postfire()
Called prefire()
Called fire()
Read input token from inputA with value 2.0
Sent output token with value 1.5
Next port to read input from is inputB
Called postfire()
Called prefire()
Called fire()
Read input token from inputB with value 3.0
Called postfire()
Called prefire()
Called fire()
Checking for deadlock:
There are 1 Blocked actors, 0 Stopped actors, and 4 active threads.
Waiting for actors to stop.
-- Read input: 1.5, which is expected to match: 1.5
Called prefire()
Called fire()
Called postfire()
Called prefire()
Called fire()
Sent output token with value 2.0
Next port to read input from is inputA
Called postfire()
-- Read input: 2.0, which is expected to match: 2.0
Called prefire()
Called fire()
Called prefire()
Called fire()
Read input token from inputA with value 3.0
Sent output token with value 3.0
Next port to read input from is inputB
Called postfire()
Called prefire()
Called fire()
Read input token from inputB with value 4.5
Checking for deadlock:
There are 1 Blocked actors, 0 Stopped actors, and 4 active threads.
Waiting for actors to stop.
-- Read input: 3.0, which is expected to match: 3.0
Called prefire()
Called fire()
Called postfire()
Called postfire()
Called prefire()
Called prefire()
Called fire()
Called fire()
Checking for deadlock:
There are 3 Blocked actors, 0 Stopped actors, and 4 active threads.
Waiting for actors to stop.
Sent output token with value 3.0
Next port to read input from is inputA
Called postfire()
Called prefire()
Called fire()
Read input token from inputA with value 4.0
Checking for deadlock:
There are 1 Blocked actors, 0 Stopped actors, and 4 active threads.
Waiting for actors to stop.
-- Read input: 3.0, which is expected to match: 3.0
Called prefire()
Called fire()
Checking for deadlock:
There are 2 Blocked actors, 0 Stopped actors, and 4 active threads.
Waiting for actors to stop.
Called postfire()
Called prefire()
Called fire()
Sent output token with value 4.0
Next port to read input from is inputA
Called postfire()
Called prefire()
Called fire()
Read input token from inputA with value 5.0
-- Read input: 4.0, which is expected to match: 4.0
Called prefire()
Called fire()
Sent output token with value 4.5
Past the end of training data. Read and discard all inputs.
Called prefire()
Next port to read input from is inputB
Called fire()
Past the end of training data. Read and discard all inputs.
Called postfire()
Called prefire()
Called fire()
Read input token from inputB with value 6.0
Sent output token with value 5.0
Next port to read input from is inputA
Called postfire()
Called prefire()
Called fire()
Called postfire()
Called prefire()
Called fire()
Checking for deadlock:
There are 2 Blocked actors, 0 Stopped actors, and 4 active threads.
Waiting for actors to stop.
Called prefire()
Called fire()
Past the end of training data. Read and discard all inputs.
Called postfire()
Called prefire()
Called fire()
Called postfire()
Read input token from inputA with value 6.0
Called prefire()
Called fire()
Sent output token with value 6.0
Next port to read input from is inputB
Called postfire()
Called prefire()
Called fire()
Read input token from inputB with value 7.5
Checking for deadlock:
There are 2 Blocked actors, 0 Stopped actors, and 4 active threads.
Waiting for actors to stop.
Called postfire()
Called prefire()
Called fire()
Called prefire()
Called fire()
Past the end of training data. Read and discard all inputs.
Called prefire()
Called fire()
Sent output token with value 6.0
Past the end of training data. Read and discard all inputs.
Next port to read input from is inputA
Called postfire()
Called prefire()
Called fire()
Read input token from inputA with value 7.0
Sent output token with value 7.0
Next port to read input from is inputA
Called postfire()
Called prefire()
Called fire()
Checking for deadlock:
There are 2 Blocked actors, 0 Stopped actors, and 4 active threads.
Waiting for actors to stop.
Called prefire()
Called fire()
Past the end of training data. Read and discard all inputs.
Called postfire()
Checking for deadlock:
Called prefire()
There are 2 Blocked actors, 0 Stopped actors, and 4 active threads.
Called fire()
Waiting for actors to stop.
-- Thread wrapup() called.
Checking for deadlock:
Called wrapup()
There are 2 Blocked actors, 0 Stopped actors, and 4 active threads.
Waiting for actors to stop.
Read input token from inputA with value 8.0
Thread .top.Ramp is exiting.
-- Thread stopped.
Sent output token with value 7.5
Checking for deadlock:
There are 1 Blocked actors, 0 Stopped actors, and 3 active threads.
Waiting for actors to stop.
Next port to read input from is inputB
Called postfire()
Called prefire()
Called fire()
Called prefire()
Called fire()
Read input token from inputB with value 9.0
Past the end of training data. Read and discard all inputs.
Checking for deadlock:
There are 0 Blocked actors, 0 Stopped actors, and 3 active threads.
Sent output token with value 8.0
Waiting for actors to stop.
Next port to read input from is inputA
Called postfire()
Called prefire()
Called fire()
Read input token from inputA with value 9.0
Checking for deadlock:
There are 1 Blocked actors, 0 Stopped actors, and 3 active threads.
Waiting for actors to stop.
Called prefire()
Called postfire()
Checking for deadlock:
There are 0 Blocked actors, 0 Stopped actors, and 3 active threads.
Waiting for actors to stop.
Called fire()
Past the end of training data. Read and discard all inputs.
Called prefire()
Called fire()
Past the end of training data. Read and discard all inputs.
Sent output token with value 9.0
Checking for deadlock:
Next port to read input from is inputB
Called postfire()
Called prefire()
Called fire()
Called prefire()
There are 1 Blocked actors, 0 Stopped actors, and 3 active threads.
Called fire()
Waiting for actors to stop.
Read input token from inputB with value 10.5
Sent output token with value 9.0
Next port to read input from is inputA
Called postfire()
Called prefire()
Called fire()
Checking for deadlock:
Called postfire()
There are 1 Blocked actors, 0 Stopped actors, and 3 active threads.
Called prefire()
Waiting for actors to stop.
Called fire()
Called prefire()
Called fire()
Past the end of training data. Read and discard all inputs.
Checking for deadlock:
There are 3 Blocked actors, 0 Stopped actors, and 3 active threads.
Actors have stopped.
Checking for deadlock:
There are 3 Blocked actors, 0 Stopped actors, and 3 active threads.
Deadlock detected.
Resolving Deadlock
Checking for deadlock:
There are 3 Blocked actors, 0 Stopped actors, and 3 active threads.
Artificial Deadlock - increasing queue capacity.
increasing the capacity of receiver ptolemy.actor.TypedIOPort {.top.OrderedMerge.inputB} to 2
Director: Called postfire().
Called postfire().
_stopRequested = false
_stopFireRequested = false
Returning from postfire(): true
Called fire().
Checking for deadlock:
There are 2 Blocked actors, 0 Stopped actors, and 3 active threads.
Waiting for actors to stop.
-- Thread wrapup() called.
Called wrapup()
Thread .top.Ramp2 is exiting.
-- Thread stopped.
Checking for deadlock:
There are 2 Blocked actors, 0 Stopped actors, and 2 active threads.
Actors have stopped.
Checking for deadlock:
There are 2 Blocked actors, 0 Stopped actors, and 2 active threads.
Deadlock detected.
Resolving Deadlock
Checking for deadlock:
There are 2 Blocked actors, 0 Stopped actors, and 2 active threads.
Deadlock detected: no processes blocked on write, but some are blocked on read.
Called postfire().
_stopRequested = false
_stopFireRequested = false
Returning from postfire(): false
Finished deactivating branches.
Called wrapup().
-- Thread wrapup() called.
-- Thread wrapup() called.
Called wrapup()
Called wrapup()
Thread .top.OrderedMerge is exiting.
-- Thread stopped.
-- Blocked Receiver call threw TerminateProcessException.
Thread .top.Test is exiting.
-- Thread stopped.
-- Blocked Receiver call threw TerminateProcessException.
44 ms. Memory: 145408K Free: 124896K (86%)
/home/travis/build/icyphy/ptII/ptolemy/actor/lib/test/Publisher.tcl
11 ms. Memory: 145408K Free: 118722K (82%)
14 ms. Memory: 145408K Free: 113632K (78%)
11 ms. Memory: 145408K Free: 109522K (75%)
4 ms. Memory: 145408K Free: 108512K (75%)
3 ms. Memory: 145408K Free: 108002K (74%)
3 ms. Memory: 145408K Free: 106978K (74%)
3 ms. Memory: 145408K Free: 105954K (73%)
3 ms. Memory: 145408K Free: 105426K (73%)
24 ms. Memory: 145408K Free: 95200K (65%)
11 ms. Memory: 145408K Free: 125852K (87%)
6 ms. Memory: 145408K Free: 125324K (86%)
3 ms. Memory: 145408K Free: 122780K (84%)
6 ms. Memory: 145408K Free: 115612K (80%)
5 ms. Memory: 145408K Free: 105852K (73%)
20 ms. Memory: 145408K Free: 95132K (65%)
/home/travis/build/icyphy/ptII/ptolemy/actor/lib/test/Pulse.tcl
2 ms. Memory: 175104K Free: 154861K (88%)
1 ms. Memory: 175104K Free: 154365K (88%)
2 ms. Memory: 175104K Free: 153835K (88%)
1 ms. Memory: 175104K Free: 153341K (88%)
8 ms. Memory: 175104K Free: 152827K (87%)
10 ms. Memory: 175104K Free: 151293K (86%)
8 ms. Memory: 175104K Free: 150779K (86%)
1 ms. Memory: 175104K Free: 149755K (86%)
5 ms. Memory: 175104K Free: 149245K (85%)
/home/travis/build/icyphy/ptII/ptolemy/actor/lib/test/Ramp.tcl
3 ms. Memory: 175104K Free: 147197K (84%)
2 ms. Memory: 175104K Free: 146669K (84%)
2 ms. Memory: 175104K Free: 145653K (83%)
1 ms. Memory: 175104K Free: 144635K (83%)
5 ms. Memory: 175104K Free: 144125K (82%)
8 ms. Memory: 175104K Free: 143101K (82%)
8 ms. Memory: 175104K Free: 142077K (81%)
5 actors
5000 microseconds per iteration to create
14 ms. Memory: 175104K Free: 139501K (80%)
2 ms. Memory: 175104K Free: 139005K (79%)
2 ms. Memory: 175104K Free: 138485K (79%)
2 ms. Memory: 175104K Free: 137453K (78%)
50 actors
35000 microseconds per iteration to create
31 ms. Memory: 175104K Free: 122107K (70%)
5 ms. Memory: 175104K Free: 121083K (69%)
5 ms. Memory: 175104K Free: 120059K (69%)
4 ms. Memory: 175104K Free: 119035K (68%)
500 actors
1666000 microseconds per iteration to create
230 ms. Memory: 175104K Free: 130378K (74%)
53 ms. Memory: 175104K Free: 124744K (71%)
51 ms. Memory: 175104K Free: 119593K (68%)
43 ms. Memory: 175104K Free: 114504K (65%)
/home/travis/build/icyphy/ptII/ptolemy/actor/lib/test/RampContinuous.tcl
7 ms. Memory: 175104K Free: 112970K (65%)
/home/travis/build/icyphy/ptII/ptolemy/actor/lib/test/RecordAssembler.tcl
5 ms. Memory: 175104K Free: 111432K (64%)
4 ms. Memory: 175104K Free: 110408K (63%)
/home/travis/build/icyphy/ptII/ptolemy/actor/lib/test/RecordDisassembler.tcl
10 ms. Memory: 175104K Free: 108360K (62%)
7 ms. Memory: 175104K Free: 107850K (62%)
5 ms. Memory: 175104K Free: 106826K (61%)
/home/travis/build/icyphy/ptII/ptolemy/actor/lib/test/Scale.tcl
3 ms. Memory: 175104K Free: 104778K (60%)
2 ms. Memory: 175104K Free: 104233K (60%)
2 ms. Memory: 175104K Free: 103240K (59%)
3 ms. Memory: 175104K Free: 102185K (58%)
11 ms. Memory: 175104K Free: 101706K (58%)
/home/travis/build/icyphy/ptII/ptolemy/actor/lib/test/SequentialClock.tcl
preinitializing
resolving types
initializing
executing number 1
wrapping up
idle
11 ms. Memory: 175104K Free: 100168K (57%)
Completed execution with 5 iterations
preinitializing
resolving types
initializing
executing number 1
wrapping up
idle
2 ms. Memory: 175104K Free: 99658K (57%)
Completed execution with 5 iterations
preinitializing
resolving types
initializing
executing number 1
wrapping up
idle
1 ms. Memory: 175104K Free: 99144K (57%)
Completed execution with 5 iterations
/home/travis/build/icyphy/ptII/ptolemy/actor/lib/test/SetVariable.tcl
12 ms. Memory: 175104K Free: 97610K (56%)


==== $PTII/ptolemy/actor/lib/test/SetVariable.tcl: SetVariable-3.1 changeFailed
==== Contents of test case:

    #Uses 2.1 above
    jdkCaptureErr {
        # This test was failing if we ran Exit.tcl and then this test.
        # MessageHandler.error() now actually throws the Exception.
	catch {$setVariable changeFailed [java::null]  [java::new Exception {Test exception for SetVariable.changeFailed()}]} errMsg
    } results
    list [string range $results 0 89] "\n" $errMsg

==== Result was:
{java.lang.Exception: Test exception for SetVariable.changeFailed()
	at java.base/jdk.inter} {
} {java.lang.RuntimeException: java.lang.Exception: Test exception for SetVariable.changeFailed()}
---- Result should have been:
{Failed to set variable.
java.lang.Exception: Test exception for SetVariable.changeFailed()} {
} {java.lang.RuntimeException: java.lang.Exception: Test exception for SetVariable.changeFailed()}
---- SetVariable-3.1 FAILED
/home/travis/build/icyphy/ptII/ptolemy/actor/lib/test/Sinewave.tcl
/home/travis/build/icyphy/ptII/ptolemy/actor/lib/test/SubscriptionAggregator.tcl
4 ms. Memory: 175104K Free: 85322K (49%)
2 ms. Memory: 175104K Free: 84808K (48%)
1 ms. Memory: 175104K Free: 84298K (48%)
1 ms. Memory: 175104K Free: 83784K (48%)
1 ms. Memory: 175104K Free: 80202K (46%)
9 ms. Memory: 175104K Free: 77640K (44%)
...............................................................1168 ms. Memory: 233472K Free: 171738K (74%)
/home/travis/build/icyphy/ptII/ptolemy/actor/lib/test/Test.tcl
 The next command will produce a warning about training mode,
   which may be ignored.
4 ms. Memory: 233472K Free: 169692K (73%)
2 ms. Memory: 233472K Free: 168668K (72%)
1 ms. Memory: 233472K Free: 168139K (72%)
1 ms. Memory: 233472K Free: 167644K (72%)
1 ms. Memory: 233472K Free: 167115K (72%)
3 ms. Memory: 233472K Free: 165596K (71%)
3 ms. Memory: 233472K Free: 164572K (70%)
 The next command will produce a warning about training mode,
   which may be ignored.
4 ms. Memory: 233472K Free: 162010K (69%)
 The next command will produce a warning about training mode,
   which may be ignored.
2 ms. Memory: 233472K Free: 160971K (69%)
1 ms. Memory: 233472K Free: 160476K (69%)
1 ms. Memory: 233472K Free: 159962K (69%)
1 ms. Memory: 233472K Free: 159452K (68%)
8 ms. Memory: 233472K Free: 158428K (68%)
5 ms. Memory: 233472K Free: 154332K (66%)
/home/travis/build/icyphy/ptII/ptolemy/actor/lib/test/TestExceptionHandler.tcl
 The next command will produce a warning about training mode,
   which may be ignored.
6 ms. Memory: 233472K Free: 153308K (66%)
1 ms. Memory: 233472K Free: 152779K (65%)
1 ms. Memory: 233472K Free: 152284K (65%)
/home/travis/build/icyphy/ptII/ptolemy/actor/lib/test/UnionDisassembler.tcl
26 ms. Memory: 233472K Free: 145116K (62%)
/home/travis/build/icyphy/ptII/ptolemy/actor/lib/test/VariableClock.tcl
preinitializing
resolving types
initializing
executing number 1
wrapping up
idle
3 ms. Memory: 233472K Free: 143068K (61%)
Completed execution with 11 iterations
preinitializing
resolving types
initializing
executing number 1
wrapping up
idle
3 ms. Memory: 233472K Free: 141523K (61%)
Completed execution with 10 iterations
07/17/19 03:53:15
Failed: 1  Total Tests: 234  ((Passed: 233, Newly Passed: 0)  Known Failed: 0) /home/travis/build/icyphy/ptII/ptolemy/actor/lib/test
----------------- testing (KnownFailure) /home/travis/build/icyphy/ptII/ptolemy/actor/lib/test/auto/knownFailedTests/PublisherPortToplevelSubscriber.xml
0 ms. Memory: 233472K Free: 137948K (59%)
Known Failure: java.lang.reflect.InvocationTargetException
----------------- testing (KnownFailure) /home/travis/build/icyphy/ptII/ptolemy/actor/lib/test/auto/knownFailedTests/PublisherSubscriberPortToplevel.xml
1 ms. Memory: 233472K Free: 134362K (58%)
Known Failure: java.lang.reflect.InvocationTargetException
----------------- testing (KnownFailure) /home/travis/build/icyphy/ptII/ptolemy/actor/lib/test/auto/knownFailedTests/PublisherSubscriptionAggregatorPort.xml
0 ms. Memory: 233472K Free: 130266K (56%)
Known Failure: java.lang.reflect.InvocationTargetException
----------------- testing (KnownFailure) /home/travis/build/icyphy/ptII/ptolemy/actor/lib/test/auto/knownFailedTests/sizedarray3.xml
5 ms. Memory: 233472K Free: 126170K (54%)
Known Failure: java.lang.reflect.InvocationTargetException
No auto/linux-amd64/*.xml tests in /home/travis/build/icyphy/ptII/ptolemy/actor/lib/test
AutoTests.java: About to close Vertx.
AutoTests.java: Vertx closed.

===========================================================================================
----------------- testing Wed Jul 17 15:53:16 UTC 2019 /home/travis/build/icyphy/ptII/ptolemy/actor/lib/test/auto/AbsoluteValue.xml
----------------- Instantiating /home/travis/build/icyphy/ptII/ptolemy/actor/lib/test/auto/AbsoluteValue.xml
7 ms. Memory: 233472K Free: 103132K (44%)
----------------- Invoking toplevel() on ptolemy.moml.MoMLSimpleApplication@ba9d86b
----------------- Done invoking toplevel() on ptolemy.moml.MoMLSimpleApplication@ba9d86b
reloadAllAccessors: .AbsoluteValue

===========================================================================================
----------------- testing Wed Jul 17 15:53:16 UTC 2019 /home/travis/build/icyphy/ptII/ptolemy/actor/lib/test/auto/AbsoluteValue2.xml
----------------- Instantiating /home/travis/build/icyphy/ptII/ptolemy/actor/lib/test/auto/AbsoluteValue2.xml
6 ms. Memory: 233472K Free: 95964K (41%)
----------------- Invoking toplevel() on ptolemy.moml.MoMLSimpleApplication@1b60ecde
----------------- Done invoking toplevel() on ptolemy.moml.MoMLSimpleApplication@1b60ecde
reloadAllAccessors: .AbsoluteValue2

===========================================================================================
----------------- testing Wed Jul 17 15:53:16 UTC 2019 /home/travis/build/icyphy/ptII/ptolemy/actor/lib/test/auto/Accumulator.xml
----------------- Instantiating /home/travis/build/icyphy/ptII/ptolemy/actor/lib/test/auto/Accumulator.xml
6 ms. Memory: 233472K Free: 89820K (38%)
----------------- Invoking toplevel() on ptolemy.moml.MoMLSimpleApplication@43138fd6
----------------- Done invoking toplevel() on ptolemy.moml.MoMLSimpleApplication@43138fd6
reloadAllAccessors: .Accumulator

===========================================================================================
----------------- testing Wed Jul 17 15:53:16 UTC 2019 /home/travis/build/icyphy/ptII/ptolemy/actor/lib/test/auto/Accumulator2.xml
----------------- Instantiating /home/travis/build/icyphy/ptII/ptolemy/actor/lib/test/auto/Accumulator2.xml
4 ms. Memory: 233472K Free: 84186K (36%)
----------------- Invoking toplevel() on ptolemy.moml.MoMLSimpleApplication@620c6432
----------------- Done invoking toplevel() on ptolemy.moml.MoMLSimpleApplication@620c6432
reloadAllAccessors: .Accumulator2

===========================================================================================
----------------- testing Wed Jul 17 15:53:16 UTC 2019 /home/travis/build/icyphy/ptII/ptolemy/actor/lib/test/auto/Accumulator3.xml
----------------- Instantiating /home/travis/build/icyphy/ptII/ptolemy/actor/lib/test/auto/Accumulator3.xml
2 ms. Memory: 233472K Free: 80090K (34%)
----------------- Invoking toplevel() on ptolemy.moml.MoMLSimpleApplication@4d4241ad
----------------- Done invoking toplevel() on ptolemy.moml.MoMLSimpleApplication@4d4241ad
reloadAllAccessors: .Accumulator3

===========================================================================================
----------------- testing Wed Jul 17 15:53:16 UTC 2019 /home/travis/build/icyphy/ptII/ptolemy/actor/lib/test/auto/ArrayAppend.xml
----------------- Instantiating /home/travis/build/icyphy/ptII/ptolemy/actor/lib/test/auto/ArrayAppend.xml
5 ms. Memory: 233472K Free: 74460K (32%)
----------------- Invoking toplevel() on ptolemy.moml.MoMLSimpleApplication@41438173
----------------- Done invoking toplevel() on ptolemy.moml.MoMLSimpleApplication@41438173
reloadAllAccessors: .ArrayAppend

===========================================================================================
----------------- testing Wed Jul 17 15:53:16 UTC 2019 /home/travis/build/icyphy/ptII/ptolemy/actor/lib/test/auto/ArrayAppend2.xml
----------------- Instantiating /home/travis/build/icyphy/ptII/ptolemy/actor/lib/test/auto/ArrayAppend2.xml
582 ms. Memory: 422912K Free: 298095K (70%)
----------------- Invoking toplevel() on ptolemy.moml.MoMLSimpleApplication@1ba86a01
----------------- Done invoking toplevel() on ptolemy.moml.MoMLSimpleApplication@1ba86a01
reloadAllAccessors: .ArrayAppend2

===========================================================================================
----------------- testing Wed Jul 17 15:53:17 UTC 2019 /home/travis/build/icyphy/ptII/ptolemy/actor/lib/test/auto/ArrayAppend3.xml
----------------- Instantiating /home/travis/build/icyphy/ptII/ptolemy/actor/lib/test/auto/ArrayAppend3.xml
6 ms. Memory: 422912K Free: 291871K (69%)
----------------- Invoking toplevel() on ptolemy.moml.MoMLSimpleApplication@5398a308
----------------- Done invoking toplevel() on ptolemy.moml.MoMLSimpleApplication@5398a308
reloadAllAccessors: .ArrayAppend3

===========================================================================================
----------------- testing Wed Jul 17 15:53:17 UTC 2019 /home/travis/build/icyphy/ptII/ptolemy/actor/lib/test/auto/ArrayAppend4.xml
----------------- Instantiating /home/travis/build/icyphy/ptII/ptolemy/actor/lib/test/auto/ArrayAppend4.xml
2 ms. Memory: 422912K Free: 286751K (68%)
----------------- Invoking toplevel() on ptolemy.moml.MoMLSimpleApplication@323bdd41
----------------- Done invoking toplevel() on ptolemy.moml.MoMLSimpleApplication@323bdd41
reloadAllAccessors: .ArrayAppend4

===========================================================================================
----------------- testing Wed Jul 17 15:53:17 UTC 2019 /home/travis/build/icyphy/ptII/ptolemy/actor/lib/test/auto/ArrayAppend5.xml
----------------- Instantiating /home/travis/build/icyphy/ptII/ptolemy/actor/lib/test/auto/ArrayAppend5.xml
3 ms. Memory: 422912K Free: 281631K (67%)
----------------- Invoking toplevel() on ptolemy.moml.MoMLSimpleApplication@4245a56e
----------------- Done invoking toplevel() on ptolemy.moml.MoMLSimpleApplication@4245a56e
reloadAllAccessors: .ArrayAppend5

===========================================================================================
----------------- testing Wed Jul 17 15:53:17 UTC 2019 /home/travis/build/icyphy/ptII/ptolemy/actor/lib/test/auto/ArrayAppend6.xml
----------------- Instantiating /home/travis/build/icyphy/ptII/ptolemy/actor/lib/test/auto/ArrayAppend6.xml
3 ms. Memory: 422912K Free: 276001K (65%)
----------------- Invoking toplevel() on ptolemy.moml.MoMLSimpleApplication@7b972dad
----------------- Done invoking toplevel() on ptolemy.moml.MoMLSimpleApplication@7b972dad
reloadAllAccessors: .ArrayAppend6

===========================================================================================
----------------- testing Wed Jul 17 15:53:17 UTC 2019 /home/travis/build/icyphy/ptII/ptolemy/actor/lib/test/auto/ArrayAppendPerformanceTest.xml
----------------- Instantiating /home/travis/build/icyphy/ptII/ptolemy/actor/lib/test/auto/ArrayAppendPerformanceTest.xml
41 ms. Memory: 422912K Free: 265247K (63%)
----------------- Invoking toplevel() on ptolemy.moml.MoMLSimpleApplication@27b90d22
----------------- Done invoking toplevel() on ptolemy.moml.MoMLSimpleApplication@27b90d22
reloadAllAccessors: .ArrayAppendPerformanceTest

===========================================================================================
----------------- testing Wed Jul 17 15:53:17 UTC 2019 /home/travis/build/icyphy/ptII/ptolemy/actor/lib/test/auto/ArrayAppendWithEmptyInput.xml
----------------- Instantiating /home/travis/build/icyphy/ptII/ptolemy/actor/lib/test/auto/ArrayAppendWithEmptyInput.xml
17 ms. Memory: 422912K Free: 257055K (61%)
----------------- Invoking toplevel() on ptolemy.moml.MoMLSimpleApplication@6b072142
----------------- Done invoking toplevel() on ptolemy.moml.MoMLSimpleApplication@6b072142
reloadAllAccessors: .ArrayAppendWithEmptyInput

===========================================================================================
----------------- testing Wed Jul 17 15:53:17 UTC 2019 /home/travis/build/icyphy/ptII/ptolemy/actor/lib/test/auto/ArrayAverage.xml
----------------- Instantiating /home/travis/build/icyphy/ptII/ptolemy/actor/lib/test/auto/ArrayAverage.xml
5 ms. Memory: 422912K Free: 249377K (59%)
----------------- Invoking toplevel() on ptolemy.moml.MoMLSimpleApplication@2fd994d5
----------------- Done invoking toplevel() on ptolemy.moml.MoMLSimpleApplication@2fd994d5
reloadAllAccessors: .ArrayAverage

===========================================================================================
----------------- testing Wed Jul 17 15:53:17 UTC 2019 /home/travis/build/icyphy/ptII/ptolemy/actor/lib/test/auto/ArrayContains.xml
----------------- Instantiating /home/travis/build/icyphy/ptII/ptolemy/actor/lib/test/auto/ArrayContains.xml
7 ms. Memory: 422912K Free: 243233K (58%)
----------------- Invoking toplevel() on ptolemy.moml.MoMLSimpleApplication@5daa5e7d
----------------- Done invoking toplevel() on ptolemy.moml.MoMLSimpleApplication@5daa5e7d
reloadAllAccessors: .ArrayContains

===========================================================================================
----------------- testing Wed Jul 17 15:53:17 UTC 2019 /home/travis/build/icyphy/ptII/ptolemy/actor/lib/test/auto/ArrayElement.xml
----------------- Instantiating /home/travis/build/icyphy/ptII/ptolemy/actor/lib/test/auto/ArrayElement.xml
9 ms. Memory: 422912K Free: 237599K (56%)
----------------- Invoking toplevel() on ptolemy.moml.MoMLSimpleApplication@45423589
----------------- Done invoking toplevel() on ptolemy.moml.MoMLSimpleApplication@45423589
reloadAllAccessors: .ArrayElement

===========================================================================================
----------------- testing Wed Jul 17 15:53:17 UTC 2019 /home/travis/build/icyphy/ptII/ptolemy/actor/lib/test/auto/ArrayElementAsMatrix.xml
----------------- Instantiating /home/travis/build/icyphy/ptII/ptolemy/actor/lib/test/auto/ArrayElementAsMatrix.xml
24 ms. Memory: 422912K Free: 227359K (54%)
----------------- Invoking toplevel() on ptolemy.moml.MoMLSimpleApplication@27be7c6d
----------------- Done invoking toplevel() on ptolemy.moml.MoMLSimpleApplication@27be7c6d
reloadAllAccessors: .ArrayElementAsMatrix

===========================================================================================
----------------- testing Wed Jul 17 15:53:17 UTC 2019 /home/travis/build/icyphy/ptII/ptolemy/actor/lib/test/auto/ArrayElementI.xml
----------------- Instantiating /home/travis/build/icyphy/ptII/ptolemy/actor/lib/test/auto/ArrayElementI.xml
7 ms. Memory: 422912K Free: 222753K (53%)
----------------- Invoking toplevel() on ptolemy.moml.MoMLSimpleApplication@4f59d84f
----------------- Done invoking toplevel() on ptolemy.moml.MoMLSimpleApplication@4f59d84f
reloadAllAccessors: .ArrayElementI

===========================================================================================
----------------- testing Wed Jul 17 15:53:17 UTC 2019 /home/travis/build/icyphy/ptII/ptolemy/actor/lib/test/auto/ArrayExtract.xml
----------------- Instantiating /home/travis/build/icyphy/ptII/ptolemy/actor/lib/test/auto/ArrayExtract.xml
10 ms. Memory: 422912K Free: 214047K (51%)
----------------- Invoking toplevel() on ptolemy.moml.MoMLSimpleApplication@45605671
----------------- Done invoking toplevel() on ptolemy.moml.MoMLSimpleApplication@45605671
reloadAllAccessors: .ArrayExtract

===========================================================================================
----------------- testing Wed Jul 17 15:53:17 UTC 2019 /home/travis/build/icyphy/ptII/ptolemy/actor/lib/test/auto/ArrayExtract2.xml
----------------- Instantiating /home/travis/build/icyphy/ptII/ptolemy/actor/lib/test/auto/ArrayExtract2.xml
4 ms. Memory: 422912K Free: 208417K (49%)
----------------- Invoking toplevel() on ptolemy.moml.MoMLSimpleApplication@47516300
----------------- Done invoking toplevel() on ptolemy.moml.MoMLSimpleApplication@47516300
reloadAllAccessors: .ArrayExtract2

===========================================================================================
----------------- testing Wed Jul 17 15:53:17 UTC 2019 /home/travis/build/icyphy/ptII/ptolemy/actor/lib/test/auto/ArrayLength.xml
----------------- Instantiating /home/travis/build/icyphy/ptII/ptolemy/actor/lib/test/auto/ArrayLength.xml
1 ms. Memory: 422912K Free: 370207K (88%)
----------------- Invoking toplevel() on ptolemy.moml.MoMLSimpleApplication@6b35bdf
----------------- Done invoking toplevel() on ptolemy.moml.MoMLSimpleApplication@6b35bdf
reloadAllAccessors: .ArrayLength

===========================================================================================
----------------- testing Wed Jul 17 15:53:17 UTC 2019 /home/travis/build/icyphy/ptII/ptolemy/actor/lib/test/auto/ArrayLevelCrossing.xml
----------------- Instantiating /home/travis/build/icyphy/ptII/ptolemy/actor/lib/test/auto/ArrayLevelCrossing.xml
4 ms. Memory: 422912K Free: 362015K (86%)
----------------- Invoking toplevel() on ptolemy.moml.MoMLSimpleApplication@64ba4f02
----------------- Done invoking toplevel() on ptolemy.moml.MoMLSimpleApplication@64ba4f02
reloadAllAccessors: .ArrayLevelCrossing

===========================================================================================
----------------- testing Wed Jul 17 15:53:17 UTC 2019 /home/travis/build/icyphy/ptII/ptolemy/actor/lib/test/auto/ArrayLevelCrossing2.xml
----------------- Instantiating /home/travis/build/icyphy/ptII/ptolemy/actor/lib/test/auto/ArrayLevelCrossing2.xml
3 ms. Memory: 422912K Free: 354816K (84%)
----------------- Invoking toplevel() on ptolemy.moml.MoMLSimpleApplication@7764636c
----------------- Done invoking toplevel() on ptolemy.moml.MoMLSimpleApplication@7764636c
reloadAllAccessors: .ArrayLevelCrossing2

===========================================================================================
----------------- testing Wed Jul 17 15:53:17 UTC 2019 /home/travis/build/icyphy/ptII/ptolemy/actor/lib/test/auto/ArrayPeakSearch.xml
----------------- Instantiating /home/travis/build/icyphy/ptII/ptolemy/actor/lib/test/auto/ArrayPeakSearch.xml
13 ms. Memory: 422912K Free: 345631K (82%)
----------------- Invoking toplevel() on ptolemy.moml.MoMLSimpleApplication@5920be56
----------------- Done invoking toplevel() on ptolemy.moml.MoMLSimpleApplication@5920be56
reloadAllAccessors: .ArrayPeakSearch

===========================================================================================
----------------- testing Wed Jul 17 15:53:18 UTC 2019 /home/travis/build/icyphy/ptII/ptolemy/actor/lib/test/auto/ArrayPeakSearch2.xml
----------------- Instantiating /home/travis/build/icyphy/ptII/ptolemy/actor/lib/test/auto/ArrayPeakSearch2.xml
8 ms. Memory: 422912K Free: 335376K (79%)
----------------- Invoking toplevel() on ptolemy.moml.MoMLSimpleApplication@52a4f324
----------------- Done invoking toplevel() on ptolemy.moml.MoMLSimpleApplication@52a4f324
reloadAllAccessors: .ArrayPeakSearch2

===========================================================================================
----------------- testing Wed Jul 17 15:53:18 UTC 2019 /home/travis/build/icyphy/ptII/ptolemy/actor/lib/test/auto/ArrayPeakSearch3.xml
----------------- Instantiating /home/travis/build/icyphy/ptII/ptolemy/actor/lib/test/auto/ArrayPeakSearch3.xml
11 ms. Memory: 422912K Free: 326175K (77%)
----------------- Invoking toplevel() on ptolemy.moml.MoMLSimpleApplication@11f3afbf
----------------- Done invoking toplevel() on ptolemy.moml.MoMLSimpleApplication@11f3afbf
reloadAllAccessors: .ArrayPeakSearch3

===========================================================================================
----------------- testing Wed Jul 17 15:53:18 UTC 2019 /home/travis/build/icyphy/ptII/ptolemy/actor/lib/test/auto/ArrayRemoveElement.xml
----------------- Instantiating /home/travis/build/icyphy/ptII/ptolemy/actor/lib/test/auto/ArrayRemoveElement.xml
4 ms. Memory: 422912K Free: 318497K (75%)
----------------- Invoking toplevel() on ptolemy.moml.MoMLSimpleApplication@603b8649
----------------- Done invoking toplevel() on ptolemy.moml.MoMLSimpleApplication@603b8649
reloadAllAccessors: .ArrayRemoveElement

===========================================================================================
----------------- testing Wed Jul 17 15:53:18 UTC 2019 /home/travis/build/icyphy/ptII/ptolemy/actor/lib/test/auto/ArraySort.xml
----------------- Instantiating /home/travis/build/icyphy/ptII/ptolemy/actor/lib/test/auto/ArraySort.xml
17 ms. Memory: 422912K Free: 309281K (73%)
----------------- Invoking toplevel() on ptolemy.moml.MoMLSimpleApplication@50b6462c
----------------- Done invoking toplevel() on ptolemy.moml.MoMLSimpleApplication@50b6462c
reloadAllAccessors: .ArraySort

===========================================================================================
----------------- testing Wed Jul 17 15:53:18 UTC 2019 /home/travis/build/icyphy/ptII/ptolemy/actor/lib/test/auto/ArraySum.xml
----------------- Instantiating /home/travis/build/icyphy/ptII/ptolemy/actor/lib/test/auto/ArraySum.xml
6 ms. Memory: 422912K Free: 304161K (72%)
----------------- Invoking toplevel() on ptolemy.moml.MoMLSimpleApplication@6dbf1911
----------------- Done invoking toplevel() on ptolemy.moml.MoMLSimpleApplication@6dbf1911
reloadAllAccessors: .ArraySum

===========================================================================================
----------------- testing Wed Jul 17 15:53:18 UTC 2019 /home/travis/build/icyphy/ptII/ptolemy/actor/lib/test/auto/ArrayToElements.xml
----------------- Instantiating /home/travis/build/icyphy/ptII/ptolemy/actor/lib/test/auto/ArrayToElements.xml
10 ms. Memory: 422912K Free: 298527K (71%)
----------------- Invoking toplevel() on ptolemy.moml.MoMLSimpleApplication@71e35bde
----------------- Done invoking toplevel() on ptolemy.moml.MoMLSimpleApplication@71e35bde
reloadAllAccessors: .ArrayToElements

===========================================================================================
----------------- testing Wed Jul 17 15:53:18 UTC 2019 /home/travis/build/icyphy/ptII/ptolemy/actor/lib/test/auto/ArrayToMatrix.xml
----------------- Instantiating /home/travis/build/icyphy/ptII/ptolemy/actor/lib/test/auto/ArrayToMatrix.xml
14 ms. Memory: 422912K Free: 284191K (67%)
----------------- Invoking toplevel() on ptolemy.moml.MoMLSimpleApplication@1daa8768
----------------- Done invoking toplevel() on ptolemy.moml.MoMLSimpleApplication@1daa8768
reloadAllAccessors: .ArrayToMatrix

===========================================================================================
----------------- testing Wed Jul 17 15:53:18 UTC 2019 /home/travis/build/icyphy/ptII/ptolemy/actor/lib/test/auto/ArrayUpdate1.xml
----------------- Instantiating /home/travis/build/icyphy/ptII/ptolemy/actor/lib/test/auto/ArrayUpdate1.xml
5 ms. Memory: 422912K Free: 279071K (66%)
----------------- Invoking toplevel() on ptolemy.moml.MoMLSimpleApplication@2b5b09d6
----------------- Done invoking toplevel() on ptolemy.moml.MoMLSimpleApplication@2b5b09d6
reloadAllAccessors: .ArrayUpdate1

===========================================================================================
----------------- testing Wed Jul 17 15:53:18 UTC 2019 /home/travis/build/icyphy/ptII/ptolemy/actor/lib/test/auto/ArrayUpdate2.xml
----------------- Instantiating /home/travis/build/icyphy/ptII/ptolemy/actor/lib/test/auto/ArrayUpdate2.xml
9 ms. Memory: 422912K Free: 272927K (65%)
----------------- Invoking toplevel() on ptolemy.moml.MoMLSimpleApplication@a808bc8
----------------- Done invoking toplevel() on ptolemy.moml.MoMLSimpleApplication@a808bc8
reloadAllAccessors: .ArrayUpdate2

===========================================================================================
----------------- testing Wed Jul 17 15:53:18 UTC 2019 /home/travis/build/icyphy/ptII/ptolemy/actor/lib/test/auto/ArrayUpdate3.xml
----------------- Instantiating /home/travis/build/icyphy/ptII/ptolemy/actor/lib/test/auto/ArrayUpdate3.xml
4 ms. Memory: 422912K Free: 267807K (63%)
----------------- Invoking toplevel() on ptolemy.moml.MoMLSimpleApplication@499ef1a8
----------------- Done invoking toplevel() on ptolemy.moml.MoMLSimpleApplication@499ef1a8
reloadAllAccessors: .ArrayUpdate3

===========================================================================================
----------------- testing Wed Jul 17 15:53:18 UTC 2019 /home/travis/build/icyphy/ptII/ptolemy/actor/lib/test/auto/Assert1.xml
----------------- Instantiating /home/travis/build/icyphy/ptII/ptolemy/actor/lib/test/auto/Assert1.xml
5 ms. Memory: 422912K Free: 263711K (62%)
----------------- Invoking toplevel() on ptolemy.moml.MoMLSimpleApplication@323a9f75
----------------- Done invoking toplevel() on ptolemy.moml.MoMLSimpleApplication@323a9f75
reloadAllAccessors: .Assert1

===========================================================================================
----------------- testing Wed Jul 17 15:53:18 UTC 2019 /home/travis/build/icyphy/ptII/ptolemy/actor/lib/test/auto/Assert2.xml
----------------- Instantiating /home/travis/build/icyphy/ptII/ptolemy/actor/lib/test/auto/Assert2.xml
2 ms. Memory: 422912K Free: 258591K (61%)
----------------- Invoking toplevel() on ptolemy.moml.MoMLSimpleApplication@1072761a
----------------- Done invoking toplevel() on ptolemy.moml.MoMLSimpleApplication@1072761a
reloadAllAccessors: .Assert2

===========================================================================================
----------------- testing Wed Jul 17 15:53:18 UTC 2019 /home/travis/build/icyphy/ptII/ptolemy/actor/lib/test/auto/BooleanMultiplexor.xml
----------------- Instantiating /home/travis/build/icyphy/ptII/ptolemy/actor/lib/test/auto/BooleanMultiplexor.xml
9 ms. Memory: 422912K Free: 253464K (60%)
----------------- Invoking toplevel() on ptolemy.moml.MoMLSimpleApplication@7759bdf7
----------------- Done invoking toplevel() on ptolemy.moml.MoMLSimpleApplication@7759bdf7
reloadAllAccessors: .BooleanMultiplexor

===========================================================================================
----------------- testing Wed Jul 17 15:53:18 UTC 2019 /home/travis/build/icyphy/ptII/ptolemy/actor/lib/test/auto/BooleanMultiplexor2.xml
----------------- Instantiating /home/travis/build/icyphy/ptII/ptolemy/actor/lib/test/auto/BooleanMultiplexor2.xml
10 ms. Memory: 422912K Free: 246817K (58%)
----------------- Invoking toplevel() on ptolemy.moml.MoMLSimpleApplication@1f79ed90
----------------- Done invoking toplevel() on ptolemy.moml.MoMLSimpleApplication@1f79ed90
reloadAllAccessors: .BooleanMultiplexor2

===========================================================================================
----------------- testing Wed Jul 17 15:53:18 UTC 2019 /home/travis/build/icyphy/ptII/ptolemy/actor/lib/test/auto/BooleanMultiplexor3.xml
----------------- Instantiating /home/travis/build/icyphy/ptII/ptolemy/actor/lib/test/auto/BooleanMultiplexor3.xml
5 ms. Memory: 422912K Free: 243231K (58%)
----------------- Invoking toplevel() on ptolemy.moml.MoMLSimpleApplication@fbe6ef7
----------------- Done invoking toplevel() on ptolemy.moml.MoMLSimpleApplication@fbe6ef7
reloadAllAccessors: .BooleanMultiplexor3

===========================================================================================
----------------- testing Wed Jul 17 15:53:18 UTC 2019 /home/travis/build/icyphy/ptII/ptolemy/actor/lib/test/auto/BooleanSelect.xml
----------------- Instantiating /home/travis/build/icyphy/ptII/ptolemy/actor/lib/test/auto/BooleanSelect.xml
8 ms. Memory: 422912K Free: 237056K (56%)
----------------- Invoking toplevel() on ptolemy.moml.MoMLSimpleApplication@1c4ad65e
----------------- Done invoking toplevel() on ptolemy.moml.MoMLSimpleApplication@1c4ad65e
reloadAllAccessors: .BooleanSelect

===========================================================================================
----------------- testing Wed Jul 17 15:53:18 UTC 2019 /home/travis/build/icyphy/ptII/ptolemy/actor/lib/test/auto/BooleanSelect2.xml
----------------- Instantiating /home/travis/build/icyphy/ptII/ptolemy/actor/lib/test/auto/BooleanSelect2.xml
2 ms. Memory: 422912K Free: 232991K (55%)
----------------- Invoking toplevel() on ptolemy.moml.MoMLSimpleApplication@74c50381
----------------- Done invoking toplevel() on ptolemy.moml.MoMLSimpleApplication@74c50381
reloadAllAccessors: .BooleanSelect2

===========================================================================================
----------------- testing Wed Jul 17 15:53:18 UTC 2019 /home/travis/build/icyphy/ptII/ptolemy/actor/lib/test/auto/BooleanSwitch.xml
----------------- Instantiating /home/travis/build/icyphy/ptII/ptolemy/actor/lib/test/auto/BooleanSwitch.xml
16 ms. Memory: 422912K Free: 226847K (54%)
----------------- Invoking toplevel() on ptolemy.moml.MoMLSimpleApplication@4296663a
----------------- Done invoking toplevel() on ptolemy.moml.MoMLSimpleApplication@4296663a
reloadAllAccessors: .BooleanSwitch

===========================================================================================
----------------- testing Wed Jul 17 15:53:18 UTC 2019 /home/travis/build/icyphy/ptII/ptolemy/actor/lib/test/auto/BooleanSwitch2.xml
----------------- Instantiating /home/travis/build/icyphy/ptII/ptolemy/actor/lib/test/auto/BooleanSwitch2.xml
1 ms. Memory: 422912K Free: 222751K (53%)
----------------- Invoking toplevel() on ptolemy.moml.MoMLSimpleApplication@6e29e4c9
----------------- Done invoking toplevel() on ptolemy.moml.MoMLSimpleApplication@6e29e4c9
reloadAllAccessors: .BooleanSwitch2

===========================================================================================
----------------- testing Wed Jul 17 15:53:18 UTC 2019 /home/travis/build/icyphy/ptII/ptolemy/actor/lib/test/auto/BooleanSwitchCloningBugWithClassRelationGroup.xml
----------------- Instantiating /home/travis/build/icyphy/ptII/ptolemy/actor/lib/test/auto/BooleanSwitchCloningBugWithClassRelationGroup.xml
2 ms. Memory: 422912K Free: 216592K (51%)
----------------- Invoking toplevel() on ptolemy.moml.MoMLSimpleApplication@3f650f18
----------------- Done invoking toplevel() on ptolemy.moml.MoMLSimpleApplication@3f650f18
reloadAllAccessors: .BooleanSwitchCloningBugWithClassRelationGroup

===========================================================================================
----------------- testing Wed Jul 17 15:53:18 UTC 2019 /home/travis/build/icyphy/ptII/ptolemy/actor/lib/test/auto/BusActors.xml
----------------- Instantiating /home/travis/build/icyphy/ptII/ptolemy/actor/lib/test/auto/BusActors.xml
5 ms. Memory: 422912K Free: 208415K (49%)
----------------- Invoking toplevel() on ptolemy.moml.MoMLSimpleApplication@6ac7bf1b
----------------- Done invoking toplevel() on ptolemy.moml.MoMLSimpleApplication@6ac7bf1b
reloadAllAccessors: .BusActors

===========================================================================================
----------------- testing Wed Jul 17 15:53:18 UTC 2019 /home/travis/build/icyphy/ptII/ptolemy/actor/lib/test/auto/ClassWrapper.xml
----------------- Instantiating /home/travis/build/icyphy/ptII/ptolemy/actor/lib/test/auto/ClassWrapper.xml
4 ms. Memory: 422912K Free: 204319K (48%)
----------------- Invoking toplevel() on ptolemy.moml.MoMLSimpleApplication@4b683ac8
----------------- Done invoking toplevel() on ptolemy.moml.MoMLSimpleApplication@4b683ac8
reloadAllAccessors: .ClassWrapper

===========================================================================================
----------------- testing Wed Jul 17 15:53:18 UTC 2019 /home/travis/build/icyphy/ptII/ptolemy/actor/lib/test/auto/Clock.xml
----------------- Instantiating /home/travis/build/icyphy/ptII/ptolemy/actor/lib/test/auto/Clock.xml
1 ms. Memory: 422912K Free: 200223K (47%)
----------------- Invoking toplevel() on ptolemy.moml.MoMLSimpleApplication@71a2fdcf
----------------- Done invoking toplevel() on ptolemy.moml.MoMLSimpleApplication@71a2fdcf
reloadAllAccessors: .Clock

===========================================================================================
----------------- testing Wed Jul 17 15:53:18 UTC 2019 /home/travis/build/icyphy/ptII/ptolemy/actor/lib/test/auto/Clock10.xml
----------------- Instantiating /home/travis/build/icyphy/ptII/ptolemy/actor/lib/test/auto/Clock10.xml
7 ms. Memory: 422912K Free: 194593K (46%)
----------------- Invoking toplevel() on ptolemy.moml.MoMLSimpleApplication@49990eac
----------------- Done invoking toplevel() on ptolemy.moml.MoMLSimpleApplication@49990eac
reloadAllAccessors: .Clock10

===========================================================================================
----------------- testing Wed Jul 17 15:53:18 UTC 2019 /home/travis/build/icyphy/ptII/ptolemy/actor/lib/test/auto/Clock11.xml
----------------- Instantiating /home/travis/build/icyphy/ptII/ptolemy/actor/lib/test/auto/Clock11.xml
5 ms. Memory: 422912K Free: 188449K (45%)
----------------- Invoking toplevel() on ptolemy.moml.MoMLSimpleApplication@556f0193
----------------- Done invoking toplevel() on ptolemy.moml.MoMLSimpleApplication@556f0193
reloadAllAccessors: .Clock11

===========================================================================================
----------------- testing Wed Jul 17 15:53:18 UTC 2019 /home/travis/build/icyphy/ptII/ptolemy/actor/lib/test/auto/Clock12.xml
----------------- Instantiating /home/travis/build/icyphy/ptII/ptolemy/actor/lib/test/auto/Clock12.xml
4 ms. Memory: 422912K Free: 182815K (43%)
----------------- Invoking toplevel() on ptolemy.moml.MoMLSimpleApplication@206d4d3f
----------------- Done invoking toplevel() on ptolemy.moml.MoMLSimpleApplication@206d4d3f
reloadAllAccessors: .Clock12

===========================================================================================
----------------- testing Wed Jul 17 15:53:18 UTC 2019 /home/travis/build/icyphy/ptII/ptolemy/actor/lib/test/auto/Clock13.xml
----------------- Instantiating /home/travis/build/icyphy/ptII/ptolemy/actor/lib/test/auto/Clock13.xml
5 ms. Memory: 422912K Free: 176656K (42%)
----------------- Invoking toplevel() on ptolemy.moml.MoMLSimpleApplication@187777bb
----------------- Done invoking toplevel() on ptolemy.moml.MoMLSimpleApplication@187777bb
reloadAllAccessors: .Clock13

===========================================================================================
----------------- testing Wed Jul 17 15:53:18 UTC 2019 /home/travis/build/icyphy/ptII/ptolemy/actor/lib/test/auto/Clock14.xml
----------------- Instantiating /home/travis/build/icyphy/ptII/ptolemy/actor/lib/test/auto/Clock14.xml
6 ms. Memory: 422912K Free: 171041K (40%)
----------------- Invoking toplevel() on ptolemy.moml.MoMLSimpleApplication@36d267b6
----------------- Done invoking toplevel() on ptolemy.moml.MoMLSimpleApplication@36d267b6
reloadAllAccessors: .Clock14

===========================================================================================
----------------- testing Wed Jul 17 15:53:18 UTC 2019 /home/travis/build/icyphy/ptII/ptolemy/actor/lib/test/auto/Clock15.xml
----------------- Instantiating /home/travis/build/icyphy/ptII/ptolemy/actor/lib/test/auto/Clock15.xml
6 ms. Memory: 422912K Free: 164897K (39%)
----------------- Invoking toplevel() on ptolemy.moml.MoMLSimpleApplication@7f3d9590
----------------- Done invoking toplevel() on ptolemy.moml.MoMLSimpleApplication@7f3d9590
reloadAllAccessors: .Clock15

===========================================================================================
----------------- testing Wed Jul 17 15:53:18 UTC 2019 /home/travis/build/icyphy/ptII/ptolemy/actor/lib/test/auto/Clock16.xml
----------------- Instantiating /home/travis/build/icyphy/ptII/ptolemy/actor/lib/test/auto/Clock16.xml
33 ms. Memory: 422912K Free: 150561K (36%)
----------------- Invoking toplevel() on ptolemy.moml.MoMLSimpleApplication@3a368748
----------------- Done invoking toplevel() on ptolemy.moml.MoMLSimpleApplication@3a368748
reloadAllAccessors: .Clock16

===========================================================================================
----------------- testing Wed Jul 17 15:53:19 UTC 2019 /home/travis/build/icyphy/ptII/ptolemy/actor/lib/test/auto/Clock17.xml
----------------- Instantiating /home/travis/build/icyphy/ptII/ptolemy/actor/lib/test/auto/Clock17.xml
27 ms. Memory: 422912K Free: 136225K (32%)
----------------- Invoking toplevel() on ptolemy.moml.MoMLSimpleApplication@398349b4
----------------- Done invoking toplevel() on ptolemy.moml.MoMLSimpleApplication@398349b4
reloadAllAccessors: .Clock17

===========================================================================================
----------------- testing Wed Jul 17 15:53:19 UTC 2019 /home/travis/build/icyphy/ptII/ptolemy/actor/lib/test/auto/Clock18.xml
----------------- Instantiating /home/travis/build/icyphy/ptII/ptolemy/actor/lib/test/auto/Clock18.xml
41 ms. Memory: 422912K Free: 370846K (88%)
----------------- Invoking toplevel() on ptolemy.moml.MoMLSimpleApplication@3702184c
----------------- Done invoking toplevel() on ptolemy.moml.MoMLSimpleApplication@3702184c
reloadAllAccessors: .Clock18

===========================================================================================
----------------- testing Wed Jul 17 15:53:19 UTC 2019 /home/travis/build/icyphy/ptII/ptolemy/actor/lib/test/auto/Clock19.xml
----------------- Instantiating /home/travis/build/icyphy/ptII/ptolemy/actor/lib/test/auto/Clock19.xml
12 ms. Memory: 422912K Free: 357116K (84%)
----------------- Invoking toplevel() on ptolemy.moml.MoMLSimpleApplication@312bc489
----------------- Done invoking toplevel() on ptolemy.moml.MoMLSimpleApplication@312bc489
reloadAllAccessors: .Clock19

===========================================================================================
----------------- testing Wed Jul 17 15:53:19 UTC 2019 /home/travis/build/icyphy/ptII/ptolemy/actor/lib/test/auto/Clock2.xml
----------------- Instantiating /home/travis/build/icyphy/ptII/ptolemy/actor/lib/test/auto/Clock2.xml
5 ms. Memory: 422912K Free: 353020K (83%)
----------------- Invoking toplevel() on ptolemy.moml.MoMLSimpleApplication@46ad4b1d
----------------- Done invoking toplevel() on ptolemy.moml.MoMLSimpleApplication@46ad4b1d
reloadAllAccessors: .Clock2

===========================================================================================
----------------- testing Wed Jul 17 15:53:19 UTC 2019 /home/travis/build/icyphy/ptII/ptolemy/actor/lib/test/auto/Clock20.xml
----------------- Instantiating /home/travis/build/icyphy/ptII/ptolemy/actor/lib/test/auto/Clock20.xml
6 ms. Memory: 422912K Free: 347386K (82%)
----------------- Invoking toplevel() on ptolemy.moml.MoMLSimpleApplication@247e5ac0
----------------- Done invoking toplevel() on ptolemy.moml.MoMLSimpleApplication@247e5ac0
reloadAllAccessors: .Clock20

===========================================================================================
----------------- testing Wed Jul 17 15:53:19 UTC 2019 /home/travis/build/icyphy/ptII/ptolemy/actor/lib/test/auto/Clock21.xml
----------------- Instantiating /home/travis/build/icyphy/ptII/ptolemy/actor/lib/test/auto/Clock21.xml
5 ms. Memory: 422912K Free: 341756K (81%)
----------------- Invoking toplevel() on ptolemy.moml.MoMLSimpleApplication@16f2b1be
----------------- Done invoking toplevel() on ptolemy.moml.MoMLSimpleApplication@16f2b1be
reloadAllAccessors: .Clock21

===========================================================================================
----------------- testing Wed Jul 17 15:53:19 UTC 2019 /home/travis/build/icyphy/ptII/ptolemy/actor/lib/test/auto/Clock22.xml
----------------- Instantiating /home/travis/build/icyphy/ptII/ptolemy/actor/lib/test/auto/Clock22.xml
5 ms. Memory: 422912K Free: 336636K (80%)
----------------- Invoking toplevel() on ptolemy.moml.MoMLSimpleApplication@5cc1c1ca
----------------- Done invoking toplevel() on ptolemy.moml.MoMLSimpleApplication@5cc1c1ca
reloadAllAccessors: .Clock22

===========================================================================================
----------------- testing Wed Jul 17 15:53:19 UTC 2019 /home/travis/build/icyphy/ptII/ptolemy/actor/lib/test/auto/Clock23.xml
----------------- Instantiating /home/travis/build/icyphy/ptII/ptolemy/actor/lib/test/auto/Clock23.xml
5 ms. Memory: 422912K Free: 331002K (78%)
----------------- Invoking toplevel() on ptolemy.moml.MoMLSimpleApplication@670e3202
----------------- Done invoking toplevel() on ptolemy.moml.MoMLSimpleApplication@670e3202
reloadAllAccessors: .Clock23

===========================================================================================
----------------- testing Wed Jul 17 15:53:19 UTC 2019 /home/travis/build/icyphy/ptII/ptolemy/actor/lib/test/auto/Clock24.xml
----------------- Instantiating /home/travis/build/icyphy/ptII/ptolemy/actor/lib/test/auto/Clock24.xml
4 ms. Memory: 422912K Free: 325882K (77%)
----------------- Invoking toplevel() on ptolemy.moml.MoMLSimpleApplication@673d135a
----------------- Done invoking toplevel() on ptolemy.moml.MoMLSimpleApplication@673d135a
reloadAllAccessors: .Clock24

===========================================================================================
----------------- testing Wed Jul 17 15:53:19 UTC 2019 /home/travis/build/icyphy/ptII/ptolemy/actor/lib/test/auto/Clock4.xml
----------------- Instantiating /home/travis/build/icyphy/ptII/ptolemy/actor/lib/test/auto/Clock4.xml
1 ms. Memory: 422912K Free: 320732K (76%)
----------------- Invoking toplevel() on ptolemy.moml.MoMLSimpleApplication@672825a1
----------------- Done invoking toplevel() on ptolemy.moml.MoMLSimpleApplication@672825a1
reloadAllAccessors: .Clock4

===========================================================================================
----------------- testing Wed Jul 17 15:53:19 UTC 2019 /home/travis/build/icyphy/ptII/ptolemy/actor/lib/test/auto/Clock5.xml
----------------- Instantiating /home/travis/build/icyphy/ptII/ptolemy/actor/lib/test/auto/Clock5.xml
2 ms. Memory: 422912K Free: 315132K (75%)
----------------- Invoking toplevel() on ptolemy.moml.MoMLSimpleApplication@210764b9
----------------- Done invoking toplevel() on ptolemy.moml.MoMLSimpleApplication@210764b9
reloadAllAccessors: .Clock5

===========================================================================================
----------------- testing Wed Jul 17 15:53:19 UTC 2019 /home/travis/build/icyphy/ptII/ptolemy/actor/lib/test/auto/Clock6.xml
----------------- Instantiating /home/travis/build/icyphy/ptII/ptolemy/actor/lib/test/auto/Clock6.xml
1 ms. Memory: 422912K Free: 311036K (74%)
----------------- Invoking toplevel() on ptolemy.moml.MoMLSimpleApplication@775e473c
----------------- Done invoking toplevel() on ptolemy.moml.MoMLSimpleApplication@775e473c
reloadAllAccessors: .Clock6

===========================================================================================
----------------- testing Wed Jul 17 15:53:19 UTC 2019 /home/travis/build/icyphy/ptII/ptolemy/actor/lib/test/auto/Clock7.xml
----------------- Instantiating /home/travis/build/icyphy/ptII/ptolemy/actor/lib/test/auto/Clock7.xml
2 ms. Memory: 422912K Free: 306426K (72%)
----------------- Invoking toplevel() on ptolemy.moml.MoMLSimpleApplication@d209d93
----------------- Done invoking toplevel() on ptolemy.moml.MoMLSimpleApplication@d209d93
reloadAllAccessors: .Clock7

===========================================================================================
----------------- testing Wed Jul 17 15:53:19 UTC 2019 /home/travis/build/icyphy/ptII/ptolemy/actor/lib/test/auto/Clock8.xml
----------------- Instantiating /home/travis/build/icyphy/ptII/ptolemy/actor/lib/test/auto/Clock8.xml
6 ms. Memory: 422912K Free: 301292K (71%)
----------------- Invoking toplevel() on ptolemy.moml.MoMLSimpleApplication@24b38a09
----------------- Done invoking toplevel() on ptolemy.moml.MoMLSimpleApplication@24b38a09
reloadAllAccessors: .Clock8

===========================================================================================
----------------- testing Wed Jul 17 15:53:19 UTC 2019 /home/travis/build/icyphy/ptII/ptolemy/actor/lib/test/auto/Clock9.xml
----------------- Instantiating /home/travis/build/icyphy/ptII/ptolemy/actor/lib/test/auto/Clock9.xml
5 ms. Memory: 422912K Free: 295676K (70%)
----------------- Invoking toplevel() on ptolemy.moml.MoMLSimpleApplication@b60ea99
----------------- Done invoking toplevel() on ptolemy.moml.MoMLSimpleApplication@b60ea99
reloadAllAccessors: .Clock9

===========================================================================================
----------------- testing Wed Jul 17 15:53:19 UTC 2019 /home/travis/build/icyphy/ptII/ptolemy/actor/lib/test/auto/CommDistDiscard.xml
----------------- Instantiating /home/travis/build/icyphy/ptII/ptolemy/actor/lib/test/auto/CommDistDiscard.xml
4 ms. Memory: 422912K Free: 290042K (69%)
----------------- Invoking toplevel() on ptolemy.moml.MoMLSimpleApplication@52e7a675
----------------- Done invoking toplevel() on ptolemy.moml.MoMLSimpleApplication@52e7a675
reloadAllAccessors: .CommDistDiscard

===========================================================================================
----------------- testing Wed Jul 17 15:53:19 UTC 2019 /home/travis/build/icyphy/ptII/ptolemy/actor/lib/test/auto/Commutator.xml
----------------- Instantiating /home/travis/build/icyphy/ptII/ptolemy/actor/lib/test/auto/Commutator.xml
2 ms. Memory: 422912K Free: 285946K (68%)
----------------- Invoking toplevel() on ptolemy.moml.MoMLSimpleApplication@5478b772
----------------- Done invoking toplevel() on ptolemy.moml.MoMLSimpleApplication@5478b772
reloadAllAccessors: .Commutator

===========================================================================================
----------------- testing Wed Jul 17 15:53:19 UTC 2019 /home/travis/build/icyphy/ptII/ptolemy/actor/lib/test/auto/Commutator2.xml
----------------- Instantiating /home/travis/build/icyphy/ptII/ptolemy/actor/lib/test/auto/Commutator2.xml
2 ms. Memory: 422912K Free: 281340K (67%)
----------------- Invoking toplevel() on ptolemy.moml.MoMLSimpleApplication@8ec115c
----------------- Done invoking toplevel() on ptolemy.moml.MoMLSimpleApplication@8ec115c
reloadAllAccessors: .Commutator2

===========================================================================================
----------------- testing Wed Jul 17 15:53:19 UTC 2019 /home/travis/build/icyphy/ptII/ptolemy/actor/lib/test/auto/Commutator3.xml
----------------- Instantiating /home/travis/build/icyphy/ptII/ptolemy/actor/lib/test/auto/Commutator3.xml
2 ms. Memory: 422912K Free: 277244K (66%)
----------------- Invoking toplevel() on ptolemy.moml.MoMLSimpleApplication@24e7b7e5
----------------- Done invoking toplevel() on ptolemy.moml.MoMLSimpleApplication@24e7b7e5
reloadAllAccessors: .Commutator3

===========================================================================================
----------------- testing Wed Jul 17 15:53:19 UTC 2019 /home/travis/build/icyphy/ptII/ptolemy/actor/lib/test/auto/Compare.xml
----------------- Instantiating /home/travis/build/icyphy/ptII/ptolemy/actor/lib/test/auto/Compare.xml
2 ms. Memory: 422912K Free: 270586K (64%)
----------------- Invoking toplevel() on ptolemy.moml.MoMLSimpleApplication@5beb609a
----------------- Done invoking toplevel() on ptolemy.moml.MoMLSimpleApplication@5beb609a
reloadAllAccessors: .Compare

===========================================================================================
----------------- testing Wed Jul 17 15:53:19 UTC 2019 /home/travis/build/icyphy/ptII/ptolemy/actor/lib/test/auto/CompareDE.xml
----------------- Instantiating /home/travis/build/icyphy/ptII/ptolemy/actor/lib/test/auto/CompareDE.xml
4 ms. Memory: 422912K Free: 263404K (62%)
----------------- Invoking toplevel() on ptolemy.moml.MoMLSimpleApplication@593f7ab4
----------------- Done invoking toplevel() on ptolemy.moml.MoMLSimpleApplication@593f7ab4
reloadAllAccessors: .CompareDE

===========================================================================================
----------------- testing Wed Jul 17 15:53:19 UTC 2019 /home/travis/build/icyphy/ptII/ptolemy/actor/lib/test/auto/ComplexDivide.xml
----------------- Instantiating /home/travis/build/icyphy/ptII/ptolemy/actor/lib/test/auto/ComplexDivide.xml
1 ms. Memory: 422912K Free: 259836K (61%)
----------------- Invoking toplevel() on ptolemy.moml.MoMLSimpleApplication@ff8dac8
----------------- Done invoking toplevel() on ptolemy.moml.MoMLSimpleApplication@ff8dac8
reloadAllAccessors: .ComplexDivide

===========================================================================================
----------------- testing Wed Jul 17 15:53:19 UTC 2019 /home/travis/build/icyphy/ptII/ptolemy/actor/lib/test/auto/ComputeHistogram.xml
----------------- Instantiating /home/travis/build/icyphy/ptII/ptolemy/actor/lib/test/auto/ComputeHistogram.xml
36 ms. Memory: 422912K Free: 247034K (58%)
----------------- Invoking toplevel() on ptolemy.moml.MoMLSimpleApplication@4ccc74ba
----------------- Done invoking toplevel() on ptolemy.moml.MoMLSimpleApplication@4ccc74ba
reloadAllAccessors: .ComputeHistogram

===========================================================================================
----------------- testing Wed Jul 17 15:53:19 UTC 2019 /home/travis/build/icyphy/ptII/ptolemy/actor/lib/test/auto/ConfigurationSelect.xml
----------------- Instantiating /home/travis/build/icyphy/ptII/ptolemy/actor/lib/test/auto/ConfigurationSelect.xml
10 ms. Memory: 422912K Free: 241900K (57%)
----------------- Invoking toplevel() on ptolemy.moml.MoMLSimpleApplication@43b85e0f
----------------- Done invoking toplevel() on ptolemy.moml.MoMLSimpleApplication@43b85e0f
reloadAllAccessors: .ConfigurationSelect

===========================================================================================
----------------- testing Wed Jul 17 15:53:19 UTC 2019 /home/travis/build/icyphy/ptII/ptolemy/actor/lib/test/auto/ConfigurationSelect2.xml
----------------- Instantiating /home/travis/build/icyphy/ptII/ptolemy/actor/lib/test/auto/ConfigurationSelect2.xml
2 ms. Memory: 422912K Free: 237308K (56%)
----------------- Invoking toplevel() on ptolemy.moml.MoMLSimpleApplication@9c81ae2
----------------- Done invoking toplevel() on ptolemy.moml.MoMLSimpleApplication@9c81ae2
reloadAllAccessors: .ConfigurationSelect2

===========================================================================================
----------------- testing Wed Jul 17 15:53:19 UTC 2019 /home/travis/build/icyphy/ptII/ptolemy/actor/lib/test/auto/ConfigurationSwitch.xml
----------------- Instantiating /home/travis/build/icyphy/ptII/ptolemy/actor/lib/test/auto/ConfigurationSwitch.xml
2 ms. Memory: 422912K Free: 231164K (55%)
----------------- Invoking toplevel() on ptolemy.moml.MoMLSimpleApplication@6745ddfb
----------------- Done invoking toplevel() on ptolemy.moml.MoMLSimpleApplication@6745ddfb
reloadAllAccessors: .ConfigurationSwitch

===========================================================================================
----------------- testing Wed Jul 17 15:53:19 UTC 2019 /home/travis/build/icyphy/ptII/ptolemy/actor/lib/test/auto/ConfigurationSwitch2.xml
----------------- Instantiating /home/travis/build/icyphy/ptII/ptolemy/actor/lib/test/auto/ConfigurationSwitch2.xml
4 ms. Memory: 422912K Free: 226044K (53%)
----------------- Invoking toplevel() on ptolemy.moml.MoMLSimpleApplication@4764bd7a
----------------- Done invoking toplevel() on ptolemy.moml.MoMLSimpleApplication@4764bd7a
reloadAllAccessors: .ConfigurationSwitch2

===========================================================================================
----------------- testing Wed Jul 17 15:53:19 UTC 2019 /home/travis/build/icyphy/ptII/ptolemy/actor/lib/test/auto/ConfigurationSwitchCloningBugWithClassRelationGroup.xml
----------------- Instantiating /home/travis/build/icyphy/ptII/ptolemy/actor/lib/test/auto/ConfigurationSwitchCloningBugWithClassRelationGroup.xml
1 ms. Memory: 422912K Free: 219386K (52%)
----------------- Invoking toplevel() on ptolemy.moml.MoMLSimpleApplication@6c22826e
----------------- Done invoking toplevel() on ptolemy.moml.MoMLSimpleApplication@6c22826e
reloadAllAccessors: .ConfigurationSwitchCloningBugWithClassRelationGroup

===========================================================================================
----------------- testing Wed Jul 17 15:53:19 UTC 2019 /home/travis/build/icyphy/ptII/ptolemy/actor/lib/test/auto/ConfigurationSwitchSelectSDF.xml
----------------- Instantiating /home/travis/build/icyphy/ptII/ptolemy/actor/lib/test/auto/ConfigurationSwitchSelectSDF.xml
3 ms. Memory: 422912K Free: 213242K (50%)
----------------- Invoking toplevel() on ptolemy.moml.MoMLSimpleApplication@28afa16a
----------------- Done invoking toplevel() on ptolemy.moml.MoMLSimpleApplication@28afa16a
reloadAllAccessors: .ConfigurationSwitchSelectSDF

===========================================================================================
----------------- testing Wed Jul 17 15:53:19 UTC 2019 /home/travis/build/icyphy/ptII/ptolemy/actor/lib/test/auto/ConfigurationSwitchSelectSDF2.xml
----------------- Instantiating /home/travis/build/icyphy/ptII/ptolemy/actor/lib/test/auto/ConfigurationSwitchSelectSDF2.xml
2 ms. Memory: 422912K Free: 207612K (49%)
----------------- Invoking toplevel() on ptolemy.moml.MoMLSimpleApplication@1b90468c
----------------- Done invoking toplevel() on ptolemy.moml.MoMLSimpleApplication@1b90468c
reloadAllAccessors: .ConfigurationSwitchSelectSDF2

===========================================================================================
----------------- testing Wed Jul 17 15:53:19 UTC 2019 /home/travis/build/icyphy/ptII/ptolemy/actor/lib/test/auto/Const.xml
----------------- Instantiating /home/travis/build/icyphy/ptII/ptolemy/actor/lib/test/auto/Const.xml
1 ms. Memory: 422912K Free: 204026K (48%)
----------------- Invoking toplevel() on ptolemy.moml.MoMLSimpleApplication@4b39a602
----------------- Done invoking toplevel() on ptolemy.moml.MoMLSimpleApplication@4b39a602
reloadAllAccessors: .Const

===========================================================================================
----------------- testing Wed Jul 17 15:53:19 UTC 2019 /home/travis/build/icyphy/ptII/ptolemy/actor/lib/test/auto/Const2.xml
----------------- Instantiating /home/travis/build/icyphy/ptII/ptolemy/actor/lib/test/auto/Const2.xml
2 ms. Memory: 422912K Free: 200444K (47%)
----------------- Invoking toplevel() on ptolemy.moml.MoMLSimpleApplication@3b6b1acd
----------------- Done invoking toplevel() on ptolemy.moml.MoMLSimpleApplication@3b6b1acd
reloadAllAccessors: .Const2

===========================================================================================
----------------- testing Wed Jul 17 15:53:19 UTC 2019 /home/travis/build/icyphy/ptII/ptolemy/actor/lib/test/auto/Const3.xml
----------------- Instantiating /home/travis/build/icyphy/ptII/ptolemy/actor/lib/test/auto/Const3.xml
1 ms. Memory: 422912K Free: 197372K (47%)
----------------- Invoking toplevel() on ptolemy.moml.MoMLSimpleApplication@1b26d62c
----------------- Done invoking toplevel() on ptolemy.moml.MoMLSimpleApplication@1b26d62c
reloadAllAccessors: .Const3

===========================================================================================
----------------- testing Wed Jul 17 15:53:19 UTC 2019 /home/travis/build/icyphy/ptII/ptolemy/actor/lib/test/auto/ConstantPublisherPort1.xml
----------------- Instantiating /home/travis/build/icyphy/ptII/ptolemy/actor/lib/test/auto/ConstantPublisherPort1.xml
8 ms. Memory: 422912K Free: 188156K (44%)
----------------- Invoking toplevel() on ptolemy.moml.MoMLSimpleApplication@6d35933
----------------- Done invoking toplevel() on ptolemy.moml.MoMLSimpleApplication@6d35933
reloadAllAccessors: .ConstantPublisherPort1

===========================================================================================
----------------- testing Wed Jul 17 15:53:19 UTC 2019 /home/travis/build/icyphy/ptII/ptolemy/actor/lib/test/auto/ConstantPublisherPort2.xml
----------------- Instantiating /home/travis/build/icyphy/ptII/ptolemy/actor/lib/test/auto/ConstantPublisherPort2.xml
4 ms. Memory: 422912K Free: 180474K (43%)
----------------- Invoking toplevel() on ptolemy.moml.MoMLSimpleApplication@31923139
----------------- Done invoking toplevel() on ptolemy.moml.MoMLSimpleApplication@31923139
reloadAllAccessors: .ConstantPublisherPort2

===========================================================================================
----------------- testing Wed Jul 17 15:53:20 UTC 2019 /home/travis/build/icyphy/ptII/ptolemy/actor/lib/test/auto/ConstantPublisherPort3.xml
----------------- Instantiating /home/travis/build/icyphy/ptII/ptolemy/actor/lib/test/auto/ConstantPublisherPort3.xml
6 ms. Memory: 422912K Free: 172796K (41%)
----------------- Invoking toplevel() on ptolemy.moml.MoMLSimpleApplication@a7eb851
----------------- Done invoking toplevel() on ptolemy.moml.MoMLSimpleApplication@a7eb851
reloadAllAccessors: .ConstantPublisherPort3

===========================================================================================
----------------- testing Wed Jul 17 15:53:20 UTC 2019 /home/travis/build/icyphy/ptII/ptolemy/actor/lib/test/auto/ConstantPublisherPort4.xml
----------------- Instantiating /home/travis/build/icyphy/ptII/ptolemy/actor/lib/test/auto/ConstantPublisherPort4.xml
3 ms. Memory: 422912K Free: 165628K (39%)
----------------- Invoking toplevel() on ptolemy.moml.MoMLSimpleApplication@6b769d52
----------------- Done invoking toplevel() on ptolemy.moml.MoMLSimpleApplication@6b769d52
reloadAllAccessors: .ConstantPublisherPort4

===========================================================================================
----------------- testing Wed Jul 17 15:53:20 UTC 2019 /home/travis/build/icyphy/ptII/ptolemy/actor/lib/test/auto/ConstantPublisherPort5.xml
----------------- Instantiating /home/travis/build/icyphy/ptII/ptolemy/actor/lib/test/auto/ConstantPublisherPort5.xml
27 ms. Memory: 422912K Free: 156922K (37%)
----------------- Invoking toplevel() on ptolemy.moml.MoMLSimpleApplication@586756dc
----------------- Done invoking toplevel() on ptolemy.moml.MoMLSimpleApplication@586756dc
reloadAllAccessors: .ConstantPublisherPort5

===========================================================================================
----------------- testing Wed Jul 17 15:53:20 UTC 2019 /home/travis/build/icyphy/ptII/ptolemy/actor/lib/test/auto/ConstantPublisherPort6.xml
----------------- Instantiating /home/travis/build/icyphy/ptII/ptolemy/actor/lib/test/auto/ConstantPublisherPort6.xml
18 ms. Memory: 422912K Free: 147196K (35%)
----------------- Invoking toplevel() on ptolemy.moml.MoMLSimpleApplication@2241a24c
----------------- Done invoking toplevel() on ptolemy.moml.MoMLSimpleApplication@2241a24c
reloadAllAccessors: .ConstantPublisherPort6

===========================================================================================
----------------- testing Wed Jul 17 15:53:20 UTC 2019 /home/travis/build/icyphy/ptII/ptolemy/actor/lib/test/auto/ConstantPublisherPort7.xml
----------------- Instantiating /home/travis/build/icyphy/ptII/ptolemy/actor/lib/test/auto/ConstantPublisherPort7.xml
20 ms. Memory: 422912K Free: 137466K (33%)
----------------- Invoking toplevel() on ptolemy.moml.MoMLSimpleApplication@1984e661
----------------- Done invoking toplevel() on ptolemy.moml.MoMLSimpleApplication@1984e661
reloadAllAccessors: .ConstantPublisherPort7

===========================================================================================
----------------- testing Wed Jul 17 15:53:20 UTC 2019 /home/travis/build/icyphy/ptII/ptolemy/actor/lib/test/auto/ConstraintMonitor1.xml
----------------- Instantiating /home/travis/build/icyphy/ptII/ptolemy/actor/lib/test/auto/ConstraintMonitor1.xml
2 ms. Memory: 422912K Free: 132346K (31%)
----------------- Invoking toplevel() on ptolemy.moml.MoMLSimpleApplication@4888635
----------------- Done invoking toplevel() on ptolemy.moml.MoMLSimpleApplication@4888635
reloadAllAccessors: .ConstraintMonitor1

===========================================================================================
----------------- testing Wed Jul 17 15:53:20 UTC 2019 /home/travis/build/icyphy/ptII/ptolemy/actor/lib/test/auto/ConstraintMonitor2.xml
----------------- Instantiating /home/travis/build/icyphy/ptII/ptolemy/actor/lib/test/auto/ConstraintMonitor2.xml
1 ms. Memory: 422912K Free: 127740K (30%)
----------------- Invoking toplevel() on ptolemy.moml.MoMLSimpleApplication@430fe13e
----------------- Done invoking toplevel() on ptolemy.moml.MoMLSimpleApplication@430fe13e
reloadAllAccessors: .ConstraintMonitor2

===========================================================================================
----------------- testing Wed Jul 17 15:53:20 UTC 2019 /home/travis/build/icyphy/ptII/ptolemy/actor/lib/test/auto/ConstraintMonitor3.xml
----------------- Instantiating /home/travis/build/icyphy/ptII/ptolemy/actor/lib/test/auto/ConstraintMonitor3.xml
29 ms. Memory: 422912K Free: 371364K (88%)
----------------- Invoking toplevel() on ptolemy.moml.MoMLSimpleApplication@58c9e156
----------------- Done invoking toplevel() on ptolemy.moml.MoMLSimpleApplication@58c9e156
reloadAllAccessors: .ConstraintMonitor3

===========================================================================================
----------------- testing Wed Jul 17 15:53:20 UTC 2019 /home/travis/build/icyphy/ptII/ptolemy/actor/lib/test/auto/ConstraintMonitor4.xml
----------------- Instantiating /home/travis/build/icyphy/ptII/ptolemy/actor/lib/test/auto/ConstraintMonitor4.xml
1 ms. Memory: 422912K Free: 365731K (86%)
----------------- Invoking toplevel() on ptolemy.moml.MoMLSimpleApplication@7b1919bb
----------------- Done invoking toplevel() on ptolemy.moml.MoMLSimpleApplication@7b1919bb
reloadAllAccessors: .ConstraintMonitor4

===========================================================================================
----------------- testing Wed Jul 17 15:53:20 UTC 2019 /home/travis/build/icyphy/ptII/ptolemy/actor/lib/test/auto/ConstraintMonitor5.xml
----------------- Instantiating /home/travis/build/icyphy/ptII/ptolemy/actor/lib/test/auto/ConstraintMonitor5.xml
5 ms. Memory: 422912K Free: 360097K (85%)
----------------- Invoking toplevel() on ptolemy.moml.MoMLSimpleApplication@2cb9f687
----------------- Done invoking toplevel() on ptolemy.moml.MoMLSimpleApplication@2cb9f687
reloadAllAccessors: .ConstraintMonitor5

===========================================================================================
----------------- testing Wed Jul 17 15:53:20 UTC 2019 /home/travis/build/icyphy/ptII/ptolemy/actor/lib/test/auto/ConstraintMonitor6.xml
----------------- Instantiating /home/travis/build/icyphy/ptII/ptolemy/actor/lib/test/auto/ConstraintMonitor6.xml
6 ms. Memory: 422912K Free: 353443K (84%)
----------------- Invoking toplevel() on ptolemy.moml.MoMLSimpleApplication@b4160a0
----------------- Done invoking toplevel() on ptolemy.moml.MoMLSimpleApplication@b4160a0
reloadAllAccessors: .ConstraintMonitor6

===========================================================================================
----------------- testing Wed Jul 17 15:53:20 UTC 2019 /home/travis/build/icyphy/ptII/ptolemy/actor/lib/test/auto/ConstraintMonitor7.xml
----------------- Instantiating /home/travis/build/icyphy/ptII/ptolemy/actor/lib/test/auto/ConstraintMonitor7.xml
9 ms. Memory: 422912K Free: 346755K (82%)
----------------- Invoking toplevel() on ptolemy.moml.MoMLSimpleApplication@59e9feca
----------------- Done invoking toplevel() on ptolemy.moml.MoMLSimpleApplication@59e9feca
reloadAllAccessors: .ConstraintMonitor7

===========================================================================================
----------------- testing Wed Jul 17 15:53:20 UTC 2019 /home/travis/build/icyphy/ptII/ptolemy/actor/lib/test/auto/ConstraintMonitor8.xml
----------------- Instantiating /home/travis/build/icyphy/ptII/ptolemy/actor/lib/test/auto/ConstraintMonitor8.xml
8 ms. Memory: 422912K Free: 339617K (80%)
----------------- Invoking toplevel() on ptolemy.moml.MoMLSimpleApplication@5a3f1b59
----------------- Done invoking toplevel() on ptolemy.moml.MoMLSimpleApplication@5a3f1b59
reloadAllAccessors: .ConstraintMonitor8

===========================================================================================
----------------- testing Wed Jul 17 15:53:20 UTC 2019 /home/travis/build/icyphy/ptII/ptolemy/actor/lib/test/auto/Counter.xml
----------------- Instantiating /home/travis/build/icyphy/ptII/ptolemy/actor/lib/test/auto/Counter.xml
3 ms. Memory: 422912K Free: 334497K (79%)
----------------- Invoking toplevel() on ptolemy.moml.MoMLSimpleApplication@43b39d14
----------------- Done invoking toplevel() on ptolemy.moml.MoMLSimpleApplication@43b39d14
reloadAllAccessors: .Counter

===========================================================================================
----------------- testing Wed Jul 17 15:53:20 UTC 2019 /home/travis/build/icyphy/ptII/ptolemy/actor/lib/test/auto/CurrentTimeSDF.xml
----------------- Instantiating /home/travis/build/icyphy/ptII/ptolemy/actor/lib/test/auto/CurrentTimeSDF.xml
1 ms. Memory: 422912K Free: 330401K (78%)
----------------- Invoking toplevel() on ptolemy.moml.MoMLSimpleApplication@11bd3075
----------------- Done invoking toplevel() on ptolemy.moml.MoMLSimpleApplication@11bd3075
reloadAllAccessors: .CurrentTimeSDF

===========================================================================================
----------------- testing Wed Jul 17 15:53:20 UTC 2019 /home/travis/build/icyphy/ptII/ptolemy/actor/lib/test/auto/DB.xml
----------------- Instantiating /home/travis/build/icyphy/ptII/ptolemy/actor/lib/test/auto/DB.xml
3 ms. Memory: 422912K Free: 325281K (77%)
----------------- Invoking toplevel() on ptolemy.moml.MoMLSimpleApplication@27d6cfff
----------------- Done invoking toplevel() on ptolemy.moml.MoMLSimpleApplication@27d6cfff
reloadAllAccessors: .DB

===========================================================================================
----------------- testing Wed Jul 17 15:53:20 UTC 2019 /home/travis/build/icyphy/ptII/ptolemy/actor/lib/test/auto/DBDE.xml
----------------- Instantiating /home/travis/build/icyphy/ptII/ptolemy/actor/lib/test/auto/DBDE.xml
2 ms. Memory: 422912K Free: 319651K (76%)
----------------- Invoking toplevel() on ptolemy.moml.MoMLSimpleApplication@6553b9ef
----------------- Done invoking toplevel() on ptolemy.moml.MoMLSimpleApplication@6553b9ef
reloadAllAccessors: .DBDE

===========================================================================================
----------------- testing Wed Jul 17 15:53:20 UTC 2019 /home/travis/build/icyphy/ptII/ptolemy/actor/lib/test/auto/DateConstructor.xml
----------------- Instantiating /home/travis/build/icyphy/ptII/ptolemy/actor/lib/test/auto/DateConstructor.xml
29 ms. Memory: 422912K Free: 301219K (71%)
----------------- Invoking toplevel() on ptolemy.moml.MoMLSimpleApplication@27faec85
----------------- Done invoking toplevel() on ptolemy.moml.MoMLSimpleApplication@27faec85
reloadAllAccessors: .DateConstructor

===========================================================================================
----------------- testing Wed Jul 17 15:53:20 UTC 2019 /home/travis/build/icyphy/ptII/ptolemy/actor/lib/test/auto/DelayTime.xml
----------------- Instantiating /home/travis/build/icyphy/ptII/ptolemy/actor/lib/test/auto/DelayTime.xml
4 ms. Memory: 422912K Free: 296099K (70%)
----------------- Invoking toplevel() on ptolemy.moml.MoMLSimpleApplication@5a1d2e3
----------------- Done invoking toplevel() on ptolemy.moml.MoMLSimpleApplication@5a1d2e3
reloadAllAccessors: .DelayTime

===========================================================================================
----------------- testing Wed Jul 17 15:53:20 UTC 2019 /home/travis/build/icyphy/ptII/ptolemy/actor/lib/test/auto/Dictionary1.xml
----------------- Instantiating /home/travis/build/icyphy/ptII/ptolemy/actor/lib/test/auto/Dictionary1.xml
1 ms. Memory: 422912K Free: 290465K (69%)
----------------- Invoking toplevel() on ptolemy.moml.MoMLSimpleApplication@146bccc
----------------- Done invoking toplevel() on ptolemy.moml.MoMLSimpleApplication@146bccc
reloadAllAccessors: .Dictionary1

===========================================================================================
----------------- testing Wed Jul 17 15:53:20 UTC 2019 /home/travis/build/icyphy/ptII/ptolemy/actor/lib/test/auto/Dictionary2.xml
----------------- Instantiating /home/travis/build/icyphy/ptII/ptolemy/actor/lib/test/auto/Dictionary2.xml
4 ms. Memory: 422912K Free: 284835K (67%)
----------------- Invoking toplevel() on ptolemy.moml.MoMLSimpleApplication@27398841
----------------- Done invoking toplevel() on ptolemy.moml.MoMLSimpleApplication@27398841
reloadAllAccessors: .Dictionary2

===========================================================================================
----------------- testing Wed Jul 17 15:53:20 UTC 2019 /home/travis/build/icyphy/ptII/ptolemy/actor/lib/test/auto/Dictionary3.xml
----------------- Instantiating /home/travis/build/icyphy/ptII/ptolemy/actor/lib/test/auto/Dictionary3.xml
2 ms. Memory: 422912K Free: 279201K (66%)
----------------- Invoking toplevel() on ptolemy.moml.MoMLSimpleApplication@30626356
----------------- Done invoking toplevel() on ptolemy.moml.MoMLSimpleApplication@30626356
reloadAllAccessors: .Dictionary3

===========================================================================================
----------------- testing Wed Jul 17 15:53:20 UTC 2019 /home/travis/build/icyphy/ptII/ptolemy/actor/lib/test/auto/Dictionary4.xml
----------------- Instantiating /home/travis/build/icyphy/ptII/ptolemy/actor/lib/test/auto/Dictionary4.xml
5 ms. Memory: 422912K Free: 272547K (64%)
----------------- Invoking toplevel() on ptolemy.moml.MoMLSimpleApplication@e90a84
----------------- Done invoking toplevel() on ptolemy.moml.MoMLSimpleApplication@e90a84
reloadAllAccessors: .Dictionary4

===========================================================================================
----------------- testing Wed Jul 17 15:53:20 UTC 2019 /home/travis/build/icyphy/ptII/ptolemy/actor/lib/test/auto/Differential.xml
----------------- Instantiating /home/travis/build/icyphy/ptII/ptolemy/actor/lib/test/auto/Differential.xml
3 ms. Memory: 422912K Free: 267937K (63%)
----------------- Invoking toplevel() on ptolemy.moml.MoMLSimpleApplication@5ef836c5
----------------- Done invoking toplevel() on ptolemy.moml.MoMLSimpleApplication@5ef836c5
reloadAllAccessors: .Differential

===========================================================================================
----------------- testing Wed Jul 17 15:53:20 UTC 2019 /home/travis/build/icyphy/ptII/ptolemy/actor/lib/test/auto/Director.xml
----------------- Instantiating /home/travis/build/icyphy/ptII/ptolemy/actor/lib/test/auto/Director.xml
1 ms. Memory: 422912K Free: 264355K (63%)
----------------- Invoking toplevel() on ptolemy.moml.MoMLSimpleApplication@2e26295d
----------------- Done invoking toplevel() on ptolemy.moml.MoMLSimpleApplication@2e26295d
reloadAllAccessors: .Director

===========================================================================================
----------------- testing Wed Jul 17 15:53:20 UTC 2019 /home/travis/build/icyphy/ptII/ptolemy/actor/lib/test/auto/DiscreteClock.xml
----------------- Instantiating /home/travis/build/icyphy/ptII/ptolemy/actor/lib/test/auto/DiscreteClock.xml
2 ms. Memory: 422912K Free: 260259K (62%)
----------------- Invoking toplevel() on ptolemy.moml.MoMLSimpleApplication@434b09a
----------------- Done invoking toplevel() on ptolemy.moml.MoMLSimpleApplication@434b09a
reloadAllAccessors: .DiscreteClock

===========================================================================================
----------------- testing Wed Jul 17 15:53:20 UTC 2019 /home/travis/build/icyphy/ptII/ptolemy/actor/lib/test/auto/DiscreteClock10.xml
----------------- Instantiating /home/travis/build/icyphy/ptII/ptolemy/actor/lib/test/auto/DiscreteClock10.xml
2 ms. Memory: 422912K Free: 254625K (60%)
----------------- Invoking toplevel() on ptolemy.moml.MoMLSimpleApplication@75f4f614
----------------- Done invoking toplevel() on ptolemy.moml.MoMLSimpleApplication@75f4f614
reloadAllAccessors: .DiscreteClock10

===========================================================================================
----------------- testing Wed Jul 17 15:53:20 UTC 2019 /home/travis/build/icyphy/ptII/ptolemy/actor/lib/test/auto/DiscreteClock11.xml
----------------- Instantiating /home/travis/build/icyphy/ptII/ptolemy/actor/lib/test/auto/DiscreteClock11.xml
2 ms. Memory: 422912K Free: 248481K (59%)
----------------- Invoking toplevel() on ptolemy.moml.MoMLSimpleApplication@3c1157e0
----------------- Done invoking toplevel() on ptolemy.moml.MoMLSimpleApplication@3c1157e0
reloadAllAccessors: .DiscreteClock11

===========================================================================================
----------------- testing Wed Jul 17 15:53:20 UTC 2019 /home/travis/build/icyphy/ptII/ptolemy/actor/lib/test/auto/DiscreteClock12.xml
----------------- Instantiating /home/travis/build/icyphy/ptII/ptolemy/actor/lib/test/auto/DiscreteClock12.xml
3 ms. Memory: 422912K Free: 242337K (57%)
----------------- Invoking toplevel() on ptolemy.moml.MoMLSimpleApplication@2245ab43
----------------- Done invoking toplevel() on ptolemy.moml.MoMLSimpleApplication@2245ab43
reloadAllAccessors: .DiscreteClock12

===========================================================================================
----------------- testing Wed Jul 17 15:53:20 UTC 2019 /home/travis/build/icyphy/ptII/ptolemy/actor/lib/test/auto/DiscreteClock13.xml
----------------- Instantiating /home/travis/build/icyphy/ptII/ptolemy/actor/lib/test/auto/DiscreteClock13.xml
3 ms. Memory: 422912K Free: 236179K (56%)
----------------- Invoking toplevel() on ptolemy.moml.MoMLSimpleApplication@35ed5880
----------------- Done invoking toplevel() on ptolemy.moml.MoMLSimpleApplication@35ed5880
reloadAllAccessors: .DiscreteClock13

===========================================================================================
----------------- testing Wed Jul 17 15:53:20 UTC 2019 /home/travis/build/icyphy/ptII/ptolemy/actor/lib/test/auto/DiscreteClock14.xml
----------------- Instantiating /home/travis/build/icyphy/ptII/ptolemy/actor/lib/test/auto/DiscreteClock14.xml
2 ms. Memory: 422912K Free: 230563K (55%)
----------------- Invoking toplevel() on ptolemy.moml.MoMLSimpleApplication@6d90f4bf
----------------- Done invoking toplevel() on ptolemy.moml.MoMLSimpleApplication@6d90f4bf
reloadAllAccessors: .DiscreteClock14

===========================================================================================
----------------- testing Wed Jul 17 15:53:20 UTC 2019 /home/travis/build/icyphy/ptII/ptolemy/actor/lib/test/auto/DiscreteClock15.xml
----------------- Instantiating /home/travis/build/icyphy/ptII/ptolemy/actor/lib/test/auto/DiscreteClock15.xml
2 ms. Memory: 422912K Free: 224419K (53%)
----------------- Invoking toplevel() on ptolemy.moml.MoMLSimpleApplication@41704a7c
----------------- Done invoking toplevel() on ptolemy.moml.MoMLSimpleApplication@41704a7c
reloadAllAccessors: .DiscreteClock15

===========================================================================================
----------------- testing Wed Jul 17 15:53:20 UTC 2019 /home/travis/build/icyphy/ptII/ptolemy/actor/lib/test/auto/DiscreteClock16.xml
----------------- Instantiating /home/travis/build/icyphy/ptII/ptolemy/actor/lib/test/auto/DiscreteClock16.xml
15 ms. Memory: 422912K Free: 210579K (50%)
----------------- Invoking toplevel() on ptolemy.moml.MoMLSimpleApplication@3cda24aa
----------------- Done invoking toplevel() on ptolemy.moml.MoMLSimpleApplication@3cda24aa
reloadAllAccessors: .DiscreteClock16

===========================================================================================
----------------- testing Wed Jul 17 15:53:20 UTC 2019 /home/travis/build/icyphy/ptII/ptolemy/actor/lib/test/auto/DiscreteClock17.xml
----------------- Instantiating /home/travis/build/icyphy/ptII/ptolemy/actor/lib/test/auto/DiscreteClock17.xml
15 ms. Memory: 422912K Free: 196257K (46%)
----------------- Invoking toplevel() on ptolemy.moml.MoMLSimpleApplication@26afa18c
----------------- Done invoking toplevel() on ptolemy.moml.MoMLSimpleApplication@26afa18c
reloadAllAccessors: .DiscreteClock17

===========================================================================================
----------------- testing Wed Jul 17 15:53:20 UTC 2019 /home/travis/build/icyphy/ptII/ptolemy/actor/lib/test/auto/DiscreteClock18.xml
----------------- Instantiating /home/travis/build/icyphy/ptII/ptolemy/actor/lib/test/auto/DiscreteClock18.xml
8 ms. Memory: 422912K Free: 182945K (43%)
----------------- Invoking toplevel() on ptolemy.moml.MoMLSimpleApplication@3d428b9e
----------------- Done invoking toplevel() on ptolemy.moml.MoMLSimpleApplication@3d428b9e
reloadAllAccessors: .DiscreteClock18

===========================================================================================
----------------- testing Wed Jul 17 15:53:20 UTC 2019 /home/travis/build/icyphy/ptII/ptolemy/actor/lib/test/auto/DiscreteClock19.xml
----------------- Instantiating /home/travis/build/icyphy/ptII/ptolemy/actor/lib/test/auto/DiscreteClock19.xml
14 ms. Memory: 422912K Free: 169123K (40%)
----------------- Invoking toplevel() on ptolemy.moml.MoMLSimpleApplication@536b8e4d
----------------- Done invoking toplevel() on ptolemy.moml.MoMLSimpleApplication@536b8e4d
reloadAllAccessors: .DiscreteClock19

===========================================================================================
----------------- testing Wed Jul 17 15:53:21 UTC 2019 /home/travis/build/icyphy/ptII/ptolemy/actor/lib/test/auto/DiscreteClock2.xml
----------------- Instantiating /home/travis/build/icyphy/ptII/ptolemy/actor/lib/test/auto/DiscreteClock2.xml
2 ms. Memory: 422912K Free: 164003K (39%)
----------------- Invoking toplevel() on ptolemy.moml.MoMLSimpleApplication@337045db
----------------- Done invoking toplevel() on ptolemy.moml.MoMLSimpleApplication@337045db
reloadAllAccessors: .DiscreteClock2

===========================================================================================
----------------- testing Wed Jul 17 15:53:21 UTC 2019 /home/travis/build/icyphy/ptII/ptolemy/actor/lib/test/auto/DiscreteClock20.xml
----------------- Instantiating /home/travis/build/icyphy/ptII/ptolemy/actor/lib/test/auto/DiscreteClock20.xml
5 ms. Memory: 422912K Free: 158369K (37%)
----------------- Invoking toplevel() on ptolemy.moml.MoMLSimpleApplication@21042b4f
----------------- Done invoking toplevel() on ptolemy.moml.MoMLSimpleApplication@21042b4f
reloadAllAccessors: .DiscreteClock20

===========================================================================================
----------------- testing Wed Jul 17 15:53:21 UTC 2019 /home/travis/build/icyphy/ptII/ptolemy/actor/lib/test/auto/DiscreteClock21.xml
----------------- Instantiating /home/travis/build/icyphy/ptII/ptolemy/actor/lib/test/auto/DiscreteClock21.xml
7 ms. Memory: 422912K Free: 153249K (36%)
----------------- Invoking toplevel() on ptolemy.moml.MoMLSimpleApplication@1c6ac398
----------------- Done invoking toplevel() on ptolemy.moml.MoMLSimpleApplication@1c6ac398
reloadAllAccessors: .DiscreteClock21

===========================================================================================
----------------- testing Wed Jul 17 15:53:21 UTC 2019 /home/travis/build/icyphy/ptII/ptolemy/actor/lib/test/auto/DiscreteClock22.xml
----------------- Instantiating /home/travis/build/icyphy/ptII/ptolemy/actor/lib/test/auto/DiscreteClock22.xml
3 ms. Memory: 422912K Free: 147619K (35%)
----------------- Invoking toplevel() on ptolemy.moml.MoMLSimpleApplication@3353d7dd
----------------- Done invoking toplevel() on ptolemy.moml.MoMLSimpleApplication@3353d7dd
reloadAllAccessors: .DiscreteClock22

===========================================================================================
----------------- testing Wed Jul 17 15:53:21 UTC 2019 /home/travis/build/icyphy/ptII/ptolemy/actor/lib/test/auto/DiscreteClock23.xml
----------------- Instantiating /home/travis/build/icyphy/ptII/ptolemy/actor/lib/test/auto/DiscreteClock23.xml
2 ms. Memory: 422912K Free: 141985K (34%)
----------------- Invoking toplevel() on ptolemy.moml.MoMLSimpleApplication@759ae083
----------------- Done invoking toplevel() on ptolemy.moml.MoMLSimpleApplication@759ae083
reloadAllAccessors: .DiscreteClock23

===========================================================================================
----------------- testing Wed Jul 17 15:53:21 UTC 2019 /home/travis/build/icyphy/ptII/ptolemy/actor/lib/test/auto/DiscreteClock24.xml
----------------- Instantiating /home/travis/build/icyphy/ptII/ptolemy/actor/lib/test/auto/DiscreteClock24.xml
5 ms. Memory: 422912K Free: 136355K (32%)
----------------- Invoking toplevel() on ptolemy.moml.MoMLSimpleApplication@1180cfbc
----------------- Done invoking toplevel() on ptolemy.moml.MoMLSimpleApplication@1180cfbc
reloadAllAccessors: .DiscreteClock24

===========================================================================================
----------------- testing Wed Jul 17 15:53:21 UTC 2019 /home/travis/build/icyphy/ptII/ptolemy/actor/lib/test/auto/DiscreteClock4.xml
----------------- Instantiating /home/travis/build/icyphy/ptII/ptolemy/actor/lib/test/auto/DiscreteClock4.xml
2 ms. Memory: 422912K Free: 131235K (31%)
----------------- Invoking toplevel() on ptolemy.moml.MoMLSimpleApplication@6d4b8bc8
----------------- Done invoking toplevel() on ptolemy.moml.MoMLSimpleApplication@6d4b8bc8
reloadAllAccessors: .DiscreteClock4

===========================================================================================
----------------- testing Wed Jul 17 15:53:21 UTC 2019 /home/travis/build/icyphy/ptII/ptolemy/actor/lib/test/auto/DiscreteClock5.xml
----------------- Instantiating /home/travis/build/icyphy/ptII/ptolemy/actor/lib/test/auto/DiscreteClock5.xml
1 ms. Memory: 422912K Free: 125587K (30%)
----------------- Invoking toplevel() on ptolemy.moml.MoMLSimpleApplication@6e0f055a
----------------- Done invoking toplevel() on ptolemy.moml.MoMLSimpleApplication@6e0f055a
reloadAllAccessors: .DiscreteClock5

===========================================================================================
----------------- testing Wed Jul 17 15:53:21 UTC 2019 /home/travis/build/icyphy/ptII/ptolemy/actor/lib/test/auto/DiscreteClock6.xml
----------------- Instantiating /home/travis/build/icyphy/ptII/ptolemy/actor/lib/test/auto/DiscreteClock6.xml
1 ms. Memory: 577536K Free: 523407K (91%)
----------------- Invoking toplevel() on ptolemy.moml.MoMLSimpleApplication@565cfed8
----------------- Done invoking toplevel() on ptolemy.moml.MoMLSimpleApplication@565cfed8
reloadAllAccessors: .DiscreteClock6

===========================================================================================
----------------- testing Wed Jul 17 15:53:21 UTC 2019 /home/travis/build/icyphy/ptII/ptolemy/actor/lib/test/auto/DiscreteClock7.xml
----------------- Instantiating /home/travis/build/icyphy/ptII/ptolemy/actor/lib/test/auto/DiscreteClock7.xml
2 ms. Memory: 577536K Free: 518797K (90%)
----------------- Invoking toplevel() on ptolemy.moml.MoMLSimpleApplication@3a169f39
----------------- Done invoking toplevel() on ptolemy.moml.MoMLSimpleApplication@3a169f39
reloadAllAccessors: .DiscreteClock7

===========================================================================================
----------------- testing Wed Jul 17 15:53:21 UTC 2019 /home/travis/build/icyphy/ptII/ptolemy/actor/lib/test/auto/DiscreteClock8.xml
----------------- Instantiating /home/travis/build/icyphy/ptII/ptolemy/actor/lib/test/auto/DiscreteClock8.xml
3 ms. Memory: 577536K Free: 513167K (89%)
----------------- Invoking toplevel() on ptolemy.moml.MoMLSimpleApplication@54eaccbd
----------------- Done invoking toplevel() on ptolemy.moml.MoMLSimpleApplication@54eaccbd
reloadAllAccessors: .DiscreteClock8

===========================================================================================
----------------- testing Wed Jul 17 15:53:21 UTC 2019 /home/travis/build/icyphy/ptII/ptolemy/actor/lib/test/auto/DiscreteClock9.xml
----------------- Instantiating /home/travis/build/icyphy/ptII/ptolemy/actor/lib/test/auto/DiscreteClock9.xml
2 ms. Memory: 577536K Free: 507023K (88%)
----------------- Invoking toplevel() on ptolemy.moml.MoMLSimpleApplication@1b74a405
----------------- Done invoking toplevel() on ptolemy.moml.MoMLSimpleApplication@1b74a405
reloadAllAccessors: .DiscreteClock9

===========================================================================================
----------------- testing Wed Jul 17 15:53:21 UTC 2019 /home/travis/build/icyphy/ptII/ptolemy/actor/lib/test/auto/DisplayArray.xml
----------------- Instantiating /home/travis/build/icyphy/ptII/ptolemy/actor/lib/test/auto/DisplayArray.xml
2 ms. Memory: 577536K Free: 503437K (87%)
----------------- Invoking toplevel() on ptolemy.moml.MoMLSimpleApplication@c7e3b1d
----------------- Done invoking toplevel() on ptolemy.moml.MoMLSimpleApplication@c7e3b1d
reloadAllAccessors: .DisplayArray

===========================================================================================
----------------- testing Wed Jul 17 15:53:21 UTC 2019 /home/travis/build/icyphy/ptII/ptolemy/actor/lib/test/auto/Distributor.xml
----------------- Instantiating /home/travis/build/icyphy/ptII/ptolemy/actor/lib/test/auto/Distributor.xml
2 ms. Memory: 577536K Free: 499341K (86%)
----------------- Invoking toplevel() on ptolemy.moml.MoMLSimpleApplication@7b3a1e4d
----------------- Done invoking toplevel() on ptolemy.moml.MoMLSimpleApplication@7b3a1e4d
reloadAllAccessors: .Distributor

===========================================================================================
----------------- testing Wed Jul 17 15:53:21 UTC 2019 /home/travis/build/icyphy/ptII/ptolemy/actor/lib/test/auto/Distributor2.xml
----------------- Instantiating /home/travis/build/icyphy/ptII/ptolemy/actor/lib/test/auto/Distributor2.xml
2 ms. Memory: 577536K Free: 494735K (86%)
----------------- Invoking toplevel() on ptolemy.moml.MoMLSimpleApplication@d898436
----------------- Done invoking toplevel() on ptolemy.moml.MoMLSimpleApplication@d898436
reloadAllAccessors: .Distributor2

===========================================================================================
----------------- testing Wed Jul 17 15:53:21 UTC 2019 /home/travis/build/icyphy/ptII/ptolemy/actor/lib/test/auto/DownSample.xml
----------------- Instantiating /home/travis/build/icyphy/ptII/ptolemy/actor/lib/test/auto/DownSample.xml
2 ms. Memory: 577536K Free: 490125K (85%)
----------------- Invoking toplevel() on ptolemy.moml.MoMLSimpleApplication@77018674
----------------- Done invoking toplevel() on ptolemy.moml.MoMLSimpleApplication@77018674
reloadAllAccessors: .DownSample

===========================================================================================
----------------- testing Wed Jul 17 15:53:21 UTC 2019 /home/travis/build/icyphy/ptII/ptolemy/actor/lib/test/auto/ElectronicUnitBase1.xml
----------------- Instantiating /home/travis/build/icyphy/ptII/ptolemy/actor/lib/test/auto/ElectronicUnitBase1.xml
15 ms. Memory: 577536K Free: 473741K (82%)
----------------- Invoking toplevel() on ptolemy.moml.MoMLSimpleApplication@2f4c94f0
----------------- Done invoking toplevel() on ptolemy.moml.MoMLSimpleApplication@2f4c94f0
reloadAllAccessors: .ElectronicUnitBase1

===========================================================================================
----------------- testing Wed Jul 17 15:53:21 UTC 2019 /home/travis/build/icyphy/ptII/ptolemy/actor/lib/test/auto/ElementsToArray.xml
----------------- Instantiating /home/travis/build/icyphy/ptII/ptolemy/actor/lib/test/auto/ElementsToArray.xml
3 ms. Memory: 577536K Free: 468621K (81%)
----------------- Invoking toplevel() on ptolemy.moml.MoMLSimpleApplication@4c8bc70c
----------------- Done invoking toplevel() on ptolemy.moml.MoMLSimpleApplication@4c8bc70c
reloadAllAccessors: .ElementsToArray

===========================================================================================
----------------- testing Wed Jul 17 15:53:21 UTC 2019 /home/travis/build/icyphy/ptII/ptolemy/actor/lib/test/auto/Equals.xml
----------------- Instantiating /home/travis/build/icyphy/ptII/ptolemy/actor/lib/test/auto/Equals.xml
3 ms. Memory: 577536K Free: 464525K (80%)
----------------- Invoking toplevel() on ptolemy.moml.MoMLSimpleApplication@65c4c096
----------------- Done invoking toplevel() on ptolemy.moml.MoMLSimpleApplication@65c4c096
reloadAllAccessors: .Equals

===========================================================================================
----------------- testing Wed Jul 17 15:53:21 UTC 2019 /home/travis/build/icyphy/ptII/ptolemy/actor/lib/test/auto/Exec.xml
----------------- Instantiating /home/travis/build/icyphy/ptII/ptolemy/actor/lib/test/auto/Exec.xml
26 ms. Memory: 577536K Free: 458381K (79%)
----------------- Invoking toplevel() on ptolemy.moml.MoMLSimpleApplication@232d994a
----------------- Done invoking toplevel() on ptolemy.moml.MoMLSimpleApplication@232d994a
reloadAllAccessors: .Exec

===========================================================================================
----------------- testing Wed Jul 17 15:53:21 UTC 2019 /home/travis/build/icyphy/ptII/ptolemy/actor/lib/test/auto/ExecEnvironment.xml
----------------- Instantiating /home/travis/build/icyphy/ptII/ptolemy/actor/lib/test/auto/ExecEnvironment.xml
22 ms. Memory: 577536K Free: 453247K (78%)
----------------- Invoking toplevel() on ptolemy.moml.MoMLSimpleApplication@5189e64c
----------------- Done invoking toplevel() on ptolemy.moml.MoMLSimpleApplication@5189e64c
reloadAllAccessors: .ExecEnvironment

===========================================================================================
----------------- testing Wed Jul 17 15:53:21 UTC 2019 /home/travis/build/icyphy/ptII/ptolemy/actor/lib/test/auto/ExecNonZeroReturnOutput.xml
----------------- Instantiating /home/travis/build/icyphy/ptII/ptolemy/actor/lib/test/auto/ExecNonZeroReturnOutput.xml
184 ms. Memory: 577536K Free: 441997K (77%)
----------------- Invoking toplevel() on ptolemy.moml.MoMLSimpleApplication@22152afc
----------------- Done invoking toplevel() on ptolemy.moml.MoMLSimpleApplication@22152afc
reloadAllAccessors: .ExecNonZeroReturnOutput

===========================================================================================
----------------- testing Wed Jul 17 15:53:21 UTC 2019 /home/travis/build/icyphy/ptII/ptolemy/actor/lib/test/auto/ExecRunDemos.xml
----------------- Instantiating /home/travis/build/icyphy/ptII/ptolemy/actor/lib/test/auto/ExecRunDemos.xml
Finished: 74 ms. Memory: 120832K Free: 111668K (92%)

Finished: 96 ms. Memory: 120832K Free: 101747K (84%)

Finished: 107 ms. Memory: 120832K Free: 110979K (92%)

Finished: 72 ms. Memory: 120832K Free: 103426K (86%)

Finished: 58 ms. Memory: 120832K Free: 104142K (86%)

11002 ms. Memory: 577536K Free: 421005K (73%)
----------------- Invoking toplevel() on ptolemy.moml.MoMLSimpleApplication@36f85667
----------------- Done invoking toplevel() on ptolemy.moml.MoMLSimpleApplication@36f85667
reloadAllAccessors: .ExecRunDemos

===========================================================================================
----------------- testing Wed Jul 17 15:53:32 UTC 2019 /home/travis/build/icyphy/ptII/ptolemy/actor/lib/test/auto/ExecStop.xml
----------------- Instantiating /home/travis/build/icyphy/ptII/ptolemy/actor/lib/test/auto/ExecStop.xml
5022 ms. Memory: 577536K Free: 302733K (52%)
----------------- Invoking toplevel() on ptolemy.moml.MoMLSimpleApplication@2ec0f469
----------------- Done invoking toplevel() on ptolemy.moml.MoMLSimpleApplication@2ec0f469
reloadAllAccessors: .ExecStop

===========================================================================================
----------------- testing Wed Jul 17 15:53:37 UTC 2019 /home/travis/build/icyphy/ptII/ptolemy/actor/lib/test/auto/ExecutionTimeSDF.xml
----------------- Instantiating /home/travis/build/icyphy/ptII/ptolemy/actor/lib/test/auto/ExecutionTimeSDF.xml
Fired ExecutionTime: 1892400000
Fired ExecutionTime: 1053600000
Fired ExecutionTime: 1086400000
6005 ms. Memory: 577536K Free: 290431K (50%)
----------------- Invoking toplevel() on ptolemy.moml.MoMLSimpleApplication@125d1746
----------------- Done invoking toplevel() on ptolemy.moml.MoMLSimpleApplication@125d1746
reloadAllAccessors: .ExecutionTimeSDF

===========================================================================================
----------------- testing Wed Jul 17 15:53:43 UTC 2019 /home/travis/build/icyphy/ptII/ptolemy/actor/lib/test/auto/Expression1.xml
----------------- Instantiating /home/travis/build/icyphy/ptII/ptolemy/actor/lib/test/auto/Expression1.xml
1 ms. Memory: 577536K Free: 286863K (50%)
----------------- Invoking toplevel() on ptolemy.moml.MoMLSimpleApplication@262cd7ec
----------------- Done invoking toplevel() on ptolemy.moml.MoMLSimpleApplication@262cd7ec
reloadAllAccessors: .Expression1

===========================================================================================
----------------- testing Wed Jul 17 15:53:43 UTC 2019 /home/travis/build/icyphy/ptII/ptolemy/actor/lib/test/auto/Expression10.xml
----------------- Instantiating /home/travis/build/icyphy/ptII/ptolemy/actor/lib/test/auto/Expression10.xml
6 ms. Memory: 577536K Free: 281743K (49%)
----------------- Invoking toplevel() on ptolemy.moml.MoMLSimpleApplication@22fb1b2d
----------------- Done invoking toplevel() on ptolemy.moml.MoMLSimpleApplication@22fb1b2d
reloadAllAccessors: .Expression10

===========================================================================================
----------------- testing Wed Jul 17 15:53:43 UTC 2019 /home/travis/build/icyphy/ptII/ptolemy/actor/lib/test/auto/Expression11.xml
----------------- Instantiating /home/travis/build/icyphy/ptII/ptolemy/actor/lib/test/auto/Expression11.xml
4 ms. Memory: 577536K Free: 277133K (48%)
----------------- Invoking toplevel() on ptolemy.moml.MoMLSimpleApplication@21fee36c
----------------- Done invoking toplevel() on ptolemy.moml.MoMLSimpleApplication@21fee36c
reloadAllAccessors: .Expression11

===========================================================================================
----------------- testing Wed Jul 17 15:53:43 UTC 2019 /home/travis/build/icyphy/ptII/ptolemy/actor/lib/test/auto/Expression12.xml
----------------- Instantiating /home/travis/build/icyphy/ptII/ptolemy/actor/lib/test/auto/Expression12.xml
3 ms. Memory: 577536K Free: 272013K (47%)
----------------- Invoking toplevel() on ptolemy.moml.MoMLSimpleApplication@3e7f32f6
----------------- Done invoking toplevel() on ptolemy.moml.MoMLSimpleApplication@3e7f32f6
reloadAllAccessors: .Expression12

===========================================================================================
----------------- testing Wed Jul 17 15:53:43 UTC 2019 /home/travis/build/icyphy/ptII/ptolemy/actor/lib/test/auto/Expression13.xml
----------------- Instantiating /home/travis/build/icyphy/ptII/ptolemy/actor/lib/test/auto/Expression13.xml
5 ms. Memory: 577536K Free: 266893K (46%)
----------------- Invoking toplevel() on ptolemy.moml.MoMLSimpleApplication@a3cb8d7
----------------- Done invoking toplevel() on ptolemy.moml.MoMLSimpleApplication@a3cb8d7
reloadAllAccessors: .Expression13

===========================================================================================
----------------- testing Wed Jul 17 15:53:43 UTC 2019 /home/travis/build/icyphy/ptII/ptolemy/actor/lib/test/auto/Expression14.xml
----------------- Instantiating /home/travis/build/icyphy/ptII/ptolemy/actor/lib/test/auto/Expression14.xml
13 ms. Memory: 577536K Free: 260749K (45%)
----------------- Invoking toplevel() on ptolemy.moml.MoMLSimpleApplication@3f695b8
----------------- Done invoking toplevel() on ptolemy.moml.MoMLSimpleApplication@3f695b8
reloadAllAccessors: .Expression14

===========================================================================================
----------------- testing Wed Jul 17 15:53:44 UTC 2019 /home/travis/build/icyphy/ptII/ptolemy/actor/lib/test/auto/Expression15.xml
----------------- Instantiating /home/travis/build/icyphy/ptII/ptolemy/actor/lib/test/auto/Expression15.xml
1 ms. Memory: 577536K Free: 257167K (45%)
----------------- Invoking toplevel() on ptolemy.moml.MoMLSimpleApplication@219a0f52
----------------- Done invoking toplevel() on ptolemy.moml.MoMLSimpleApplication@219a0f52
reloadAllAccessors: .Expression15

===========================================================================================
----------------- testing Wed Jul 17 15:53:44 UTC 2019 /home/travis/build/icyphy/ptII/ptolemy/actor/lib/test/auto/Expression16.xml
----------------- Instantiating /home/travis/build/icyphy/ptII/ptolemy/actor/lib/test/auto/Expression16.xml
3 ms. Memory: 577536K Free: 252047K (44%)
----------------- Invoking toplevel() on ptolemy.moml.MoMLSimpleApplication@33011853
----------------- Done invoking toplevel() on ptolemy.moml.MoMLSimpleApplication@33011853
reloadAllAccessors: .Expression16

===========================================================================================
----------------- testing Wed Jul 17 15:53:44 UTC 2019 /home/travis/build/icyphy/ptII/ptolemy/actor/lib/test/auto/Expression17.xml
----------------- Instantiating /home/travis/build/icyphy/ptII/ptolemy/actor/lib/test/auto/Expression17.xml
4 ms. Memory: 577536K Free: 247437K (43%)
----------------- Invoking toplevel() on ptolemy.moml.MoMLSimpleApplication@231e52fa
----------------- Done invoking toplevel() on ptolemy.moml.MoMLSimpleApplication@231e52fa
reloadAllAccessors: .Expression17

===========================================================================================
----------------- testing Wed Jul 17 15:53:44 UTC 2019 /home/travis/build/icyphy/ptII/ptolemy/actor/lib/test/auto/Expression18.xml
----------------- Instantiating /home/travis/build/icyphy/ptII/ptolemy/actor/lib/test/auto/Expression18.xml
2 ms. Memory: 577536K Free: 242317K (42%)
----------------- Invoking toplevel() on ptolemy.moml.MoMLSimpleApplication@14f24a4c
----------------- Done invoking toplevel() on ptolemy.moml.MoMLSimpleApplication@14f24a4c
reloadAllAccessors: .Expression18

===========================================================================================
----------------- testing Wed Jul 17 15:53:44 UTC 2019 /home/travis/build/icyphy/ptII/ptolemy/actor/lib/test/auto/Expression2.xml
----------------- Instantiating /home/travis/build/icyphy/ptII/ptolemy/actor/lib/test/auto/Expression2.xml
2 ms. Memory: 577536K Free: 237711K (41%)
----------------- Invoking toplevel() on ptolemy.moml.MoMLSimpleApplication@2cbc47e5
----------------- Done invoking toplevel() on ptolemy.moml.MoMLSimpleApplication@2cbc47e5
reloadAllAccessors: .Expression2

===========================================================================================
----------------- testing Wed Jul 17 15:53:44 UTC 2019 /home/travis/build/icyphy/ptII/ptolemy/actor/lib/test/auto/Expression3.xml
----------------- Instantiating /home/travis/build/icyphy/ptII/ptolemy/actor/lib/test/auto/Expression3.xml
6 ms. Memory: 577536K Free: 232591K (40%)
----------------- Invoking toplevel() on ptolemy.moml.MoMLSimpleApplication@3c1ec711
----------------- Done invoking toplevel() on ptolemy.moml.MoMLSimpleApplication@3c1ec711
reloadAllAccessors: .Expression3

===========================================================================================
----------------- testing Wed Jul 17 15:53:44 UTC 2019 /home/travis/build/icyphy/ptII/ptolemy/actor/lib/test/auto/Expression4.xml
----------------- Instantiating /home/travis/build/icyphy/ptII/ptolemy/actor/lib/test/auto/Expression4.xml
4 ms. Memory: 577536K Free: 224903K (39%)
----------------- Invoking toplevel() on ptolemy.moml.MoMLSimpleApplication@4cb612d5
----------------- Done invoking toplevel() on ptolemy.moml.MoMLSimpleApplication@4cb612d5
reloadAllAccessors: .Expression4

===========================================================================================
----------------- testing Wed Jul 17 15:53:44 UTC 2019 /home/travis/build/icyphy/ptII/ptolemy/actor/lib/test/auto/Expression5.xml
----------------- Instantiating /home/travis/build/icyphy/ptII/ptolemy/actor/lib/test/auto/Expression5.xml
5 ms. Memory: 577536K Free: 220303K (38%)
----------------- Invoking toplevel() on ptolemy.moml.MoMLSimpleApplication@1f6f98bf
----------------- Done invoking toplevel() on ptolemy.moml.MoMLSimpleApplication@1f6f98bf
reloadAllAccessors: .Expression5

===========================================================================================
----------------- testing Wed Jul 17 15:53:44 UTC 2019 /home/travis/build/icyphy/ptII/ptolemy/actor/lib/test/auto/Expression6.xml
----------------- Instantiating /home/travis/build/icyphy/ptII/ptolemy/actor/lib/test/auto/Expression6.xml
2 ms. Memory: 577536K Free: 215693K (37%)
----------------- Invoking toplevel() on ptolemy.moml.MoMLSimpleApplication@75e747
----------------- Done invoking toplevel() on ptolemy.moml.MoMLSimpleApplication@75e747
reloadAllAccessors: .Expression6

===========================================================================================
----------------- testing Wed Jul 17 15:53:44 UTC 2019 /home/travis/build/icyphy/ptII/ptolemy/actor/lib/test/auto/Expression7.xml
----------------- Instantiating /home/travis/build/icyphy/ptII/ptolemy/actor/lib/test/auto/Expression7.xml
3 ms. Memory: 577536K Free: 210573K (36%)
----------------- Invoking toplevel() on ptolemy.moml.MoMLSimpleApplication@17d2d42b
----------------- Done invoking toplevel() on ptolemy.moml.MoMLSimpleApplication@17d2d42b
reloadAllAccessors: .Expression7

===========================================================================================
----------------- testing Wed Jul 17 15:53:44 UTC 2019 /home/travis/build/icyphy/ptII/ptolemy/actor/lib/test/auto/Expression8.xml
----------------- Instantiating /home/travis/build/icyphy/ptII/ptolemy/actor/lib/test/auto/Expression8.xml
9 ms. Memory: 577536K Free: 205967K (36%)
----------------- Invoking toplevel() on ptolemy.moml.MoMLSimpleApplication@7d91d85a
----------------- Done invoking toplevel() on ptolemy.moml.MoMLSimpleApplication@7d91d85a
reloadAllAccessors: .Expression8

===========================================================================================
----------------- testing Wed Jul 17 15:53:44 UTC 2019 /home/travis/build/icyphy/ptII/ptolemy/actor/lib/test/auto/Expression9.xml
----------------- Instantiating /home/travis/build/icyphy/ptII/ptolemy/actor/lib/test/auto/Expression9.xml
1 ms. Memory: 577536K Free: 201871K (35%)
----------------- Invoking toplevel() on ptolemy.moml.MoMLSimpleApplication@6b314dc2
----------------- Done invoking toplevel() on ptolemy.moml.MoMLSimpleApplication@6b314dc2
reloadAllAccessors: .Expression9

===========================================================================================
----------------- testing Wed Jul 17 15:53:44 UTC 2019 /home/travis/build/icyphy/ptII/ptolemy/actor/lib/test/auto/ExpressionConcatenateArrayType.xml
----------------- Instantiating /home/travis/build/icyphy/ptII/ptolemy/actor/lib/test/auto/ExpressionConcatenateArrayType.xml
2 ms. Memory: 577536K Free: 195727K (34%)
----------------- Invoking toplevel() on ptolemy.moml.MoMLSimpleApplication@2a7acc60
----------------- Done invoking toplevel() on ptolemy.moml.MoMLSimpleApplication@2a7acc60
reloadAllAccessors: .ExpressionConcatenateArrayType

===========================================================================================
----------------- testing Wed Jul 17 15:53:44 UTC 2019 /home/travis/build/icyphy/ptII/ptolemy/actor/lib/test/auto/ExpressionConcatenateArrayType2.xml
----------------- Instantiating /home/travis/build/icyphy/ptII/ptolemy/actor/lib/test/auto/ExpressionConcatenateArrayType2.xml
2 ms. Memory: 577536K Free: 190093K (33%)
----------------- Invoking toplevel() on ptolemy.moml.MoMLSimpleApplication@2f6a96eb
----------------- Done invoking toplevel() on ptolemy.moml.MoMLSimpleApplication@2f6a96eb
reloadAllAccessors: .ExpressionConcatenateArrayType2

===========================================================================================
----------------- testing Wed Jul 17 15:53:44 UTC 2019 /home/travis/build/icyphy/ptII/ptolemy/actor/lib/test/auto/ExpressionFix.xml
----------------- Instantiating /home/travis/build/icyphy/ptII/ptolemy/actor/lib/test/auto/ExpressionFix.xml
10 ms. Memory: 577536K Free: 524493K (91%)
----------------- Invoking toplevel() on ptolemy.moml.MoMLSimpleApplication@15dff250
----------------- Done invoking toplevel() on ptolemy.moml.MoMLSimpleApplication@15dff250
reloadAllAccessors: .ExpressionFix

===========================================================================================
----------------- testing Wed Jul 17 15:53:44 UTC 2019 /home/travis/build/icyphy/ptII/ptolemy/actor/lib/test/auto/ExpressionFix2.xml
----------------- Instantiating /home/travis/build/icyphy/ptII/ptolemy/actor/lib/test/auto/ExpressionFix2.xml
2 ms. Memory: 577536K Free: 520411K (90%)
----------------- Invoking toplevel() on ptolemy.moml.MoMLSimpleApplication@4bcfd40a
----------------- Done invoking toplevel() on ptolemy.moml.MoMLSimpleApplication@4bcfd40a
reloadAllAccessors: .ExpressionFix2

===========================================================================================
----------------- testing Wed Jul 17 15:53:44 UTC 2019 /home/travis/build/icyphy/ptII/ptolemy/actor/lib/test/auto/ExpressionFix3.xml
----------------- Instantiating /home/travis/build/icyphy/ptII/ptolemy/actor/lib/test/auto/ExpressionFix3.xml
3 ms. Memory: 577536K Free: 515805K (89%)
----------------- Invoking toplevel() on ptolemy.moml.MoMLSimpleApplication@2ec204cf
----------------- Done invoking toplevel() on ptolemy.moml.MoMLSimpleApplication@2ec204cf
reloadAllAccessors: .ExpressionFix3

===========================================================================================
----------------- testing Wed Jul 17 15:53:44 UTC 2019 /home/travis/build/icyphy/ptII/ptolemy/actor/lib/test/auto/FileWriter1.xml
----------------- Instantiating /home/travis/build/icyphy/ptII/ptolemy/actor/lib/test/auto/FileWriter1.xml
2 ms. Memory: 577536K Free: 512219K (89%)
----------------- Invoking toplevel() on ptolemy.moml.MoMLSimpleApplication@79350e2b
----------------- Done invoking toplevel() on ptolemy.moml.MoMLSimpleApplication@79350e2b
reloadAllAccessors: .FileWriter1

===========================================================================================
----------------- testing Wed Jul 17 15:53:44 UTC 2019 /home/travis/build/icyphy/ptII/ptolemy/actor/lib/test/auto/FileWriter2.xml
----------------- Instantiating /home/travis/build/icyphy/ptII/ptolemy/actor/lib/test/auto/FileWriter2.xml
3 ms. Memory: 577536K Free: 507613K (88%)
----------------- Invoking toplevel() on ptolemy.moml.MoMLSimpleApplication@41f1d6e3
----------------- Done invoking toplevel() on ptolemy.moml.MoMLSimpleApplication@41f1d6e3
reloadAllAccessors: .FileWriter2

===========================================================================================
----------------- testing Wed Jul 17 15:53:44 UTC 2019 /home/travis/build/icyphy/ptII/ptolemy/actor/lib/test/auto/FileWriter3.xml
----------------- Instantiating /home/travis/build/icyphy/ptII/ptolemy/actor/lib/test/auto/FileWriter3.xml
2 ms. Memory: 577536K Free: 503517K (87%)
----------------- Invoking toplevel() on ptolemy.moml.MoMLSimpleApplication@63d68fcc
----------------- Done invoking toplevel() on ptolemy.moml.MoMLSimpleApplication@63d68fcc
reloadAllAccessors: .FileWriter3

===========================================================================================
----------------- testing Wed Jul 17 15:53:44 UTC 2019 /home/travis/build/icyphy/ptII/ptolemy/actor/lib/test/auto/Gaussian.xml
----------------- Instantiating /home/travis/build/icyphy/ptII/ptolemy/actor/lib/test/auto/Gaussian.xml
3 ms. Memory: 577536K Free: 499421K (86%)
----------------- Invoking toplevel() on ptolemy.moml.MoMLSimpleApplication@57f8dfc1
----------------- Done invoking toplevel() on ptolemy.moml.MoMLSimpleApplication@57f8dfc1
reloadAllAccessors: .Gaussian

===========================================================================================
----------------- testing Wed Jul 17 15:53:44 UTC 2019 /home/travis/build/icyphy/ptII/ptolemy/actor/lib/test/auto/Gaussian1.xml
----------------- Instantiating /home/travis/build/icyphy/ptII/ptolemy/actor/lib/test/auto/Gaussian1.xml
8 ms. Memory: 577536K Free: 493773K (85%)
----------------- Invoking toplevel() on ptolemy.moml.MoMLSimpleApplication@2b154acf
----------------- Done invoking toplevel() on ptolemy.moml.MoMLSimpleApplication@2b154acf
reloadAllAccessors: .Gaussian1

===========================================================================================
----------------- testing Wed Jul 17 15:53:44 UTC 2019 /home/travis/build/icyphy/ptII/ptolemy/actor/lib/test/auto/Gaussian2.xml
----------------- Instantiating /home/travis/build/icyphy/ptII/ptolemy/actor/lib/test/auto/Gaussian2.xml
2 ms. Memory: 577536K Free: 488157K (85%)
----------------- Invoking toplevel() on ptolemy.moml.MoMLSimpleApplication@5add8f56
----------------- Done invoking toplevel() on ptolemy.moml.MoMLSimpleApplication@5add8f56
reloadAllAccessors: .Gaussian2

===========================================================================================
----------------- testing Wed Jul 17 15:53:44 UTC 2019 /home/travis/build/icyphy/ptII/ptolemy/actor/lib/test/auto/GradientAdaptiveLattice.xml
----------------- Instantiating /home/travis/build/icyphy/ptII/ptolemy/actor/lib/test/auto/GradientAdaptiveLattice.xml
5 ms. Memory: 577536K Free: 483547K (84%)
----------------- Invoking toplevel() on ptolemy.moml.MoMLSimpleApplication@104a964c
----------------- Done invoking toplevel() on ptolemy.moml.MoMLSimpleApplication@104a964c
reloadAllAccessors: .GradientAdaptiveLattice

===========================================================================================
----------------- testing Wed Jul 17 15:53:44 UTC 2019 /home/travis/build/icyphy/ptII/ptolemy/actor/lib/test/auto/IIR.xml
----------------- Instantiating /home/travis/build/icyphy/ptII/ptolemy/actor/lib/test/auto/IIR.xml
1 ms. Memory: 577536K Free: 478941K (83%)
----------------- Invoking toplevel() on ptolemy.moml.MoMLSimpleApplication@52ab9667
----------------- Done invoking toplevel() on ptolemy.moml.MoMLSimpleApplication@52ab9667
reloadAllAccessors: .IIR

===========================================================================================
----------------- testing Wed Jul 17 15:53:44 UTC 2019 /home/travis/build/icyphy/ptII/ptolemy/actor/lib/test/auto/InputOutputTransparentPorts.xml
----------------- Instantiating /home/travis/build/icyphy/ptII/ptolemy/actor/lib/test/auto/InputOutputTransparentPorts.xml
1 ms. Memory: 577536K Free: 471773K (82%)
----------------- Invoking toplevel() on ptolemy.moml.MoMLSimpleApplication@c8521bb
----------------- Done invoking toplevel() on ptolemy.moml.MoMLSimpleApplication@c8521bb
reloadAllAccessors: .InputOutputTransparentPorts

===========================================================================================
----------------- testing Wed Jul 17 15:53:44 UTC 2019 /home/travis/build/icyphy/ptII/ptolemy/actor/lib/test/auto/Interpolator.xml
----------------- Instantiating /home/travis/build/icyphy/ptII/ptolemy/actor/lib/test/auto/Interpolator.xml
4 ms. Memory: 577536K Free: 468187K (81%)
----------------- Invoking toplevel() on ptolemy.moml.MoMLSimpleApplication@4fb4a627
----------------- Done invoking toplevel() on ptolemy.moml.MoMLSimpleApplication@4fb4a627
reloadAllAccessors: .Interpolator

===========================================================================================
----------------- testing Wed Jul 17 15:53:44 UTC 2019 /home/travis/build/icyphy/ptII/ptolemy/actor/lib/test/auto/InterpolatorFiringLimitDE.xml
----------------- Instantiating /home/travis/build/icyphy/ptII/ptolemy/actor/lib/test/auto/InterpolatorFiringLimitDE.xml
2 ms. Memory: 577536K Free: 462043K (80%)
----------------- Invoking toplevel() on ptolemy.moml.MoMLSimpleApplication@57869c42
----------------- Done invoking toplevel() on ptolemy.moml.MoMLSimpleApplication@57869c42
reloadAllAccessors: .InterpolatorFiringLimitDE

===========================================================================================
----------------- testing Wed Jul 17 15:53:44 UTC 2019 /home/travis/build/icyphy/ptII/ptolemy/actor/lib/test/auto/Lattice.xml
----------------- Instantiating /home/travis/build/icyphy/ptII/ptolemy/actor/lib/test/auto/Lattice.xml
1 ms. Memory: 577536K Free: 457947K (79%)
----------------- Invoking toplevel() on ptolemy.moml.MoMLSimpleApplication@260322c0
----------------- Done invoking toplevel() on ptolemy.moml.MoMLSimpleApplication@260322c0
reloadAllAccessors: .Lattice

===========================================================================================
----------------- testing Wed Jul 17 15:53:44 UTC 2019 /home/travis/build/icyphy/ptII/ptolemy/actor/lib/test/auto/LazyAOCTestLazy.xml
----------------- Instantiating /home/travis/build/icyphy/ptII/ptolemy/actor/lib/test/auto/LazyAOCTestLazy.xml
22 ms. Memory: 577536K Free: 452317K (78%)
----------------- Invoking toplevel() on ptolemy.moml.MoMLSimpleApplication@46559314
----------------- Done invoking toplevel() on ptolemy.moml.MoMLSimpleApplication@46559314
reloadAllAccessors: .LazyAOCTestLazy

===========================================================================================
----------------- testing Wed Jul 17 15:53:44 UTC 2019 /home/travis/build/icyphy/ptII/ptolemy/actor/lib/test/auto/LazyAOCTestNonLazy.xml
----------------- Instantiating /home/travis/build/icyphy/ptII/ptolemy/actor/lib/test/auto/LazyAOCTestNonLazy.xml
3 ms. Memory: 577536K Free: 445659K (77%)
----------------- Invoking toplevel() on ptolemy.moml.MoMLSimpleApplication@1707d543
----------------- Done invoking toplevel() on ptolemy.moml.MoMLSimpleApplication@1707d543
reloadAllAccessors: .LazyAOCTestNonLazy

===========================================================================================
----------------- testing Wed Jul 17 15:53:44 UTC 2019 /home/travis/build/icyphy/ptII/ptolemy/actor/lib/test/auto/LazyInnerClass.xml
----------------- Instantiating /home/travis/build/icyphy/ptII/ptolemy/actor/lib/test/auto/LazyInnerClass.xml
10 ms. Memory: 577536K Free: 436429K (76%)
----------------- Invoking toplevel() on ptolemy.moml.MoMLSimpleApplication@7f91352
----------------- Done invoking toplevel() on ptolemy.moml.MoMLSimpleApplication@7f91352
reloadAllAccessors: .LazyInnerClass

===========================================================================================
----------------- testing Wed Jul 17 15:53:44 UTC 2019 /home/travis/build/icyphy/ptII/ptolemy/actor/lib/test/auto/LazyPubSub.xml
----------------- Instantiating /home/travis/build/icyphy/ptII/ptolemy/actor/lib/test/auto/LazyPubSub.xml
29 ms. Memory: 577536K Free: 426717K (74%)
----------------- Invoking toplevel() on ptolemy.moml.MoMLSimpleApplication@44a76fb8
----------------- Done invoking toplevel() on ptolemy.moml.MoMLSimpleApplication@44a76fb8
reloadAllAccessors: .LazyPubSub

===========================================================================================
----------------- testing Wed Jul 17 15:53:44 UTC 2019 /home/travis/build/icyphy/ptII/ptolemy/actor/lib/test/auto/LazyPubSub2.xml
----------------- Instantiating /home/travis/build/icyphy/ptII/ptolemy/actor/lib/test/auto/LazyPubSub2.xml
22 ms. Memory: 577536K Free: 416987K (72%)
----------------- Invoking toplevel() on ptolemy.moml.MoMLSimpleApplication@723ca3ae
----------------- Done invoking toplevel() on ptolemy.moml.MoMLSimpleApplication@723ca3ae
reloadAllAccessors: .LazyPubSub2

===========================================================================================
----------------- testing Wed Jul 17 15:53:44 UTC 2019 /home/travis/build/icyphy/ptII/ptolemy/actor/lib/test/auto/LazyPubSub3.xml
----------------- Instantiating /home/travis/build/icyphy/ptII/ptolemy/actor/lib/test/auto/LazyPubSub3.xml
14 ms. Memory: 577536K Free: 406747K (70%)
----------------- Invoking toplevel() on ptolemy.moml.MoMLSimpleApplication@16643184
----------------- Done invoking toplevel() on ptolemy.moml.MoMLSimpleApplication@16643184
reloadAllAccessors: .LazyPubSub3

===========================================================================================
----------------- testing Wed Jul 17 15:53:44 UTC 2019 /home/travis/build/icyphy/ptII/ptolemy/actor/lib/test/auto/LazySubClassModel.xml
----------------- Instantiating /home/travis/build/icyphy/ptII/ptolemy/actor/lib/test/auto/LazySubClassModel.xml
2 ms. Memory: 577536K Free: 398045K (69%)
----------------- Invoking toplevel() on ptolemy.moml.MoMLSimpleApplication@24581bcd
----------------- Done invoking toplevel() on ptolemy.moml.MoMLSimpleApplication@24581bcd
reloadAllAccessors: .LazySubClassModel

===========================================================================================
----------------- testing Wed Jul 17 15:53:44 UTC 2019 /home/travis/build/icyphy/ptII/ptolemy/actor/lib/test/auto/LevelCrossTest1.xml
----------------- Instantiating /home/travis/build/icyphy/ptII/ptolemy/actor/lib/test/auto/LevelCrossTest1.xml
1 ms. Memory: 577536K Free: 392411K (68%)
----------------- Invoking toplevel() on ptolemy.moml.MoMLSimpleApplication@48234f0b
----------------- Done invoking toplevel() on ptolemy.moml.MoMLSimpleApplication@48234f0b
reloadAllAccessors: .broken

===========================================================================================
----------------- testing Wed Jul 17 15:53:44 UTC 2019 /home/travis/build/icyphy/ptII/ptolemy/actor/lib/test/auto/LevelCrossTest10.xml
----------------- Instantiating /home/travis/build/icyphy/ptII/ptolemy/actor/lib/test/auto/LevelCrossTest10.xml
2 ms. Memory: 577536K Free: 384733K (67%)
----------------- Invoking toplevel() on ptolemy.moml.MoMLSimpleApplication@74d0b98e
----------------- Done invoking toplevel() on ptolemy.moml.MoMLSimpleApplication@74d0b98e
reloadAllAccessors: .LevelCrossTest10

===========================================================================================
----------------- testing Wed Jul 17 15:53:44 UTC 2019 /home/travis/build/icyphy/ptII/ptolemy/actor/lib/test/auto/LevelCrossTest11.xml
----------------- Instantiating /home/travis/build/icyphy/ptII/ptolemy/actor/lib/test/auto/LevelCrossTest11.xml
2 ms. Memory: 577536K Free: 378075K (65%)
----------------- Invoking toplevel() on ptolemy.moml.MoMLSimpleApplication@291aa9f
----------------- Done invoking toplevel() on ptolemy.moml.MoMLSimpleApplication@291aa9f
reloadAllAccessors: .LevelCrossTest11

===========================================================================================
----------------- testing Wed Jul 17 15:53:44 UTC 2019 /home/travis/build/icyphy/ptII/ptolemy/actor/lib/test/auto/LevelCrossTest12.xml
----------------- Instantiating /home/travis/build/icyphy/ptII/ptolemy/actor/lib/test/auto/LevelCrossTest12.xml
2 ms. Memory: 577536K Free: 371421K (64%)
----------------- Invoking toplevel() on ptolemy.moml.MoMLSimpleApplication@6b5cbdd7
----------------- Done invoking toplevel() on ptolemy.moml.MoMLSimpleApplication@6b5cbdd7
reloadAllAccessors: .LevelCrossTest12

===========================================================================================
----------------- testing Wed Jul 17 15:53:44 UTC 2019 /home/travis/build/icyphy/ptII/ptolemy/actor/lib/test/auto/LevelCrossTest13.xml
----------------- Instantiating /home/travis/build/icyphy/ptII/ptolemy/actor/lib/test/auto/LevelCrossTest13.xml
1 ms. Memory: 577536K Free: 364253K (63%)
----------------- Invoking toplevel() on ptolemy.moml.MoMLSimpleApplication@7d6108be
----------------- Done invoking toplevel() on ptolemy.moml.MoMLSimpleApplication@7d6108be
reloadAllAccessors: .LevelCrossTest13

===========================================================================================
----------------- testing Wed Jul 17 15:53:44 UTC 2019 /home/travis/build/icyphy/ptII/ptolemy/actor/lib/test/auto/LevelCrossTest2.xml
----------------- Instantiating /home/travis/build/icyphy/ptII/ptolemy/actor/lib/test/auto/LevelCrossTest2.xml
1 ms. Memory: 577536K Free: 358619K (62%)
----------------- Invoking toplevel() on ptolemy.moml.MoMLSimpleApplication@7e4fae5
----------------- Done invoking toplevel() on ptolemy.moml.MoMLSimpleApplication@7e4fae5
reloadAllAccessors: .broken

===========================================================================================
----------------- testing Wed Jul 17 15:53:44 UTC 2019 /home/travis/build/icyphy/ptII/ptolemy/actor/lib/test/auto/LevelCrossTest3.xml
----------------- Instantiating /home/travis/build/icyphy/ptII/ptolemy/actor/lib/test/auto/LevelCrossTest3.xml
1 ms. Memory: 577536K Free: 352989K (61%)
----------------- Invoking toplevel() on ptolemy.moml.MoMLSimpleApplication@411c0b9a
----------------- Done invoking toplevel() on ptolemy.moml.MoMLSimpleApplication@411c0b9a
reloadAllAccessors: .LevelCrossTest3

===========================================================================================
----------------- testing Wed Jul 17 15:53:45 UTC 2019 /home/travis/build/icyphy/ptII/ptolemy/actor/lib/test/auto/LevelCrossTest4.xml
----------------- Instantiating /home/travis/build/icyphy/ptII/ptolemy/actor/lib/test/auto/LevelCrossTest4.xml
2 ms. Memory: 577536K Free: 347355K (60%)
----------------- Invoking toplevel() on ptolemy.moml.MoMLSimpleApplication@5dc92306
----------------- Done invoking toplevel() on ptolemy.moml.MoMLSimpleApplication@5dc92306
reloadAllAccessors: .broken

===========================================================================================
----------------- testing Wed Jul 17 15:53:45 UTC 2019 /home/travis/build/icyphy/ptII/ptolemy/actor/lib/test/auto/LevelCrossTest5.xml
----------------- Instantiating /home/travis/build/icyphy/ptII/ptolemy/actor/lib/test/auto/LevelCrossTest5.xml
4 ms. Memory: 577536K Free: 340701K (59%)
----------------- Invoking toplevel() on ptolemy.moml.MoMLSimpleApplication@7cbf367f
----------------- Done invoking toplevel() on ptolemy.moml.MoMLSimpleApplication@7cbf367f
reloadAllAccessors: .LevelCrossTest5

===========================================================================================
----------------- testing Wed Jul 17 15:53:45 UTC 2019 /home/travis/build/icyphy/ptII/ptolemy/actor/lib/test/auto/LevelCrossTest6.xml
----------------- Instantiating /home/travis/build/icyphy/ptII/ptolemy/actor/lib/test/auto/LevelCrossTest6.xml
1 ms. Memory: 577536K Free: 334043K (58%)
----------------- Invoking toplevel() on ptolemy.moml.MoMLSimpleApplication@d1afe1d
----------------- Done invoking toplevel() on ptolemy.moml.MoMLSimpleApplication@d1afe1d
reloadAllAccessors: .LevelCrossTest6

===========================================================================================
----------------- testing Wed Jul 17 15:53:45 UTC 2019 /home/travis/build/icyphy/ptII/ptolemy/actor/lib/test/auto/LevelCrossTest7.xml
----------------- Instantiating /home/travis/build/icyphy/ptII/ptolemy/actor/lib/test/auto/LevelCrossTest7.xml
8 ms. Memory: 577536K Free: 325851K (56%)
----------------- Invoking toplevel() on ptolemy.moml.MoMLSimpleApplication@678c4138
----------------- Done invoking toplevel() on ptolemy.moml.MoMLSimpleApplication@678c4138
reloadAllAccessors: .LevelCrossTest7

===========================================================================================
----------------- testing Wed Jul 17 15:53:45 UTC 2019 /home/travis/build/icyphy/ptII/ptolemy/actor/lib/test/auto/LevelCrossTest8.xml
----------------- Instantiating /home/travis/build/icyphy/ptII/ptolemy/actor/lib/test/auto/LevelCrossTest8.xml
1 ms. Memory: 577536K Free: 317659K (55%)
----------------- Invoking toplevel() on ptolemy.moml.MoMLSimpleApplication@5fb58e79
----------------- Done invoking toplevel() on ptolemy.moml.MoMLSimpleApplication@5fb58e79
reloadAllAccessors: .LevelCrossTest8

===========================================================================================
----------------- testing Wed Jul 17 15:53:45 UTC 2019 /home/travis/build/icyphy/ptII/ptolemy/actor/lib/test/auto/LevelCrossTest9.xml
----------------- Instantiating /home/travis/build/icyphy/ptII/ptolemy/actor/lib/test/auto/LevelCrossTest9.xml
2 ms. Memory: 577536K Free: 310491K (54%)
----------------- Invoking toplevel() on ptolemy.moml.MoMLSimpleApplication@49260a5
----------------- Done invoking toplevel() on ptolemy.moml.MoMLSimpleApplication@49260a5
reloadAllAccessors: .LevelCrossTest9

===========================================================================================
----------------- testing Wed Jul 17 15:53:45 UTC 2019 /home/travis/build/icyphy/ptII/ptolemy/actor/lib/test/auto/LevinsonDurbin.xml
----------------- Instantiating /home/travis/build/icyphy/ptII/ptolemy/actor/lib/test/auto/LevinsonDurbin.xml
1 ms. Memory: 577536K Free: 306909K (53%)
----------------- Invoking toplevel() on ptolemy.moml.MoMLSimpleApplication@32789d0
----------------- Done invoking toplevel() on ptolemy.moml.MoMLSimpleApplication@32789d0
reloadAllAccessors: .LevinsonDurbin

===========================================================================================
----------------- testing Wed Jul 17 15:53:45 UTC 2019 /home/travis/build/icyphy/ptII/ptolemy/actor/lib/test/auto/LevinsonDurbin2.xml
----------------- Instantiating /home/travis/build/icyphy/ptII/ptolemy/actor/lib/test/auto/LevinsonDurbin2.xml
1 ms. Memory: 577536K Free: 302813K (52%)
----------------- Invoking toplevel() on ptolemy.moml.MoMLSimpleApplication@f88d0eb
----------------- Done invoking toplevel() on ptolemy.moml.MoMLSimpleApplication@f88d0eb
reloadAllAccessors: .LevinsonDurbin2

===========================================================================================
----------------- testing Wed Jul 17 15:53:45 UTC 2019 /home/travis/build/icyphy/ptII/ptolemy/actor/lib/test/auto/LevinsonDurbin3.xml
----------------- Instantiating /home/travis/build/icyphy/ptII/ptolemy/actor/lib/test/auto/LevinsonDurbin3.xml
2 ms. Memory: 577536K Free: 298717K (52%)
----------------- Invoking toplevel() on ptolemy.moml.MoMLSimpleApplication@271c34fb
----------------- Done invoking toplevel() on ptolemy.moml.MoMLSimpleApplication@271c34fb
reloadAllAccessors: .LevinsonDurbin3

===========================================================================================
----------------- testing Wed Jul 17 15:53:45 UTC 2019 /home/travis/build/icyphy/ptII/ptolemy/actor/lib/test/auto/Limiter.xml
----------------- Instantiating /home/travis/build/icyphy/ptII/ptolemy/actor/lib/test/auto/Limiter.xml
3 ms. Memory: 577536K Free: 289981K (50%)
----------------- Invoking toplevel() on ptolemy.moml.MoMLSimpleApplication@58a2db14
----------------- Done invoking toplevel() on ptolemy.moml.MoMLSimpleApplication@58a2db14
reloadAllAccessors: .Limiter

===========================================================================================
----------------- testing Wed Jul 17 15:53:45 UTC 2019 /home/travis/build/icyphy/ptII/ptolemy/actor/lib/test/auto/LinearDifferenceEquationSystem.xml
----------------- Instantiating /home/travis/build/icyphy/ptII/ptolemy/actor/lib/test/auto/LinearDifferenceEquationSystem.xml
4 ms. Memory: 577536K Free: 282333K (49%)
----------------- Invoking toplevel() on ptolemy.moml.MoMLSimpleApplication@71674694
----------------- Done invoking toplevel() on ptolemy.moml.MoMLSimpleApplication@71674694
reloadAllAccessors: .LinearDifferenceEquationSystem

===========================================================================================
----------------- testing Wed Jul 17 15:53:45 UTC 2019 /home/travis/build/icyphy/ptII/ptolemy/actor/lib/test/auto/LookupTable.xml
----------------- Instantiating /home/travis/build/icyphy/ptII/ptolemy/actor/lib/test/auto/LookupTable.xml
7 ms. Memory: 577536K Free: 277723K (48%)
----------------- Invoking toplevel() on ptolemy.moml.MoMLSimpleApplication@4f36b78c
----------------- Done invoking toplevel() on ptolemy.moml.MoMLSimpleApplication@4f36b78c
reloadAllAccessors: .LookupTable

===========================================================================================
----------------- testing Wed Jul 17 15:53:45 UTC 2019 /home/travis/build/icyphy/ptII/ptolemy/actor/lib/test/auto/MathFunction.xml
----------------- Instantiating /home/travis/build/icyphy/ptII/ptolemy/actor/lib/test/auto/MathFunction.xml
2 ms. Memory: 577536K Free: 269531K (47%)
----------------- Invoking toplevel() on ptolemy.moml.MoMLSimpleApplication@7dc19b52
----------------- Done invoking toplevel() on ptolemy.moml.MoMLSimpleApplication@7dc19b52
reloadAllAccessors: .MathFunction

===========================================================================================
----------------- testing Wed Jul 17 15:53:45 UTC 2019 /home/travis/build/icyphy/ptII/ptolemy/actor/lib/test/auto/MathFunction2.xml
----------------- Instantiating /home/travis/build/icyphy/ptII/ptolemy/actor/lib/test/auto/MathFunction2.xml
5 ms. Memory: 577536K Free: 265949K (46%)
----------------- Invoking toplevel() on ptolemy.moml.MoMLSimpleApplication@b0b6350
----------------- Done invoking toplevel() on ptolemy.moml.MoMLSimpleApplication@b0b6350
reloadAllAccessors: .MathFunction2

===========================================================================================
----------------- testing Wed Jul 17 15:53:45 UTC 2019 /home/travis/build/icyphy/ptII/ptolemy/actor/lib/test/auto/MathFunction3.xml
----------------- Instantiating /home/travis/build/icyphy/ptII/ptolemy/actor/lib/test/auto/MathFunction3.xml
10 ms. Memory: 577536K Free: 258781K (45%)
----------------- Invoking toplevel() on ptolemy.moml.MoMLSimpleApplication@2acee7c
----------------- Done invoking toplevel() on ptolemy.moml.MoMLSimpleApplication@2acee7c
reloadAllAccessors: .MathFunction3

===========================================================================================
----------------- testing Wed Jul 17 15:53:45 UTC 2019 /home/travis/build/icyphy/ptII/ptolemy/actor/lib/test/auto/MatrixCropBoolean.xml
----------------- Instantiating /home/travis/build/icyphy/ptII/ptolemy/actor/lib/test/auto/MatrixCropBoolean.xml
2 ms. Memory: 577536K Free: 253661K (44%)
----------------- Invoking toplevel() on ptolemy.moml.MoMLSimpleApplication@2539f32e
----------------- Done invoking toplevel() on ptolemy.moml.MoMLSimpleApplication@2539f32e
reloadAllAccessors: .MatrixCropBoolean

===========================================================================================
----------------- testing Wed Jul 17 15:53:45 UTC 2019 /home/travis/build/icyphy/ptII/ptolemy/actor/lib/test/auto/MatrixCropComplex.xml
----------------- Instantiating /home/travis/build/icyphy/ptII/ptolemy/actor/lib/test/auto/MatrixCropComplex.xml
2 ms. Memory: 577536K Free: 248541K (43%)
----------------- Invoking toplevel() on ptolemy.moml.MoMLSimpleApplication@2d44aad1
----------------- Done invoking toplevel() on ptolemy.moml.MoMLSimpleApplication@2d44aad1
reloadAllAccessors: .MatrixCropComplex

===========================================================================================
----------------- testing Wed Jul 17 15:53:45 UTC 2019 /home/travis/build/icyphy/ptII/ptolemy/actor/lib/test/auto/MatrixCropDouble.xml
----------------- Instantiating /home/travis/build/icyphy/ptII/ptolemy/actor/lib/test/auto/MatrixCropDouble.xml
2 ms. Memory: 577536K Free: 243901K (42%)
----------------- Invoking toplevel() on ptolemy.moml.MoMLSimpleApplication@50e62fe3
----------------- Done invoking toplevel() on ptolemy.moml.MoMLSimpleApplication@50e62fe3
reloadAllAccessors: .MatrixCropDouble

===========================================================================================
----------------- testing Wed Jul 17 15:53:45 UTC 2019 /home/travis/build/icyphy/ptII/ptolemy/actor/lib/test/auto/MatrixCropFix.xml
----------------- Instantiating /home/travis/build/icyphy/ptII/ptolemy/actor/lib/test/auto/MatrixCropFix.xml
2 ms. Memory: 577536K Free: 238797K (41%)
----------------- Invoking toplevel() on ptolemy.moml.MoMLSimpleApplication@71ba8eea
----------------- Done invoking toplevel() on ptolemy.moml.MoMLSimpleApplication@71ba8eea
reloadAllAccessors: .MatrixCropFix

===========================================================================================
----------------- testing Wed Jul 17 15:53:45 UTC 2019 /home/travis/build/icyphy/ptII/ptolemy/actor/lib/test/auto/MatrixCropInt.xml
----------------- Instantiating /home/travis/build/icyphy/ptII/ptolemy/actor/lib/test/auto/MatrixCropInt.xml
2 ms. Memory: 577536K Free: 233661K (40%)
----------------- Invoking toplevel() on ptolemy.moml.MoMLSimpleApplication@1a87876f
----------------- Done invoking toplevel() on ptolemy.moml.MoMLSimpleApplication@1a87876f
reloadAllAccessors: .MatrixCropInt

===========================================================================================
----------------- testing Wed Jul 17 15:53:45 UTC 2019 /home/travis/build/icyphy/ptII/ptolemy/actor/lib/test/auto/MatrixCropLong.xml
----------------- Instantiating /home/travis/build/icyphy/ptII/ptolemy/actor/lib/test/auto/MatrixCropLong.xml
2 ms. Memory: 577536K Free: 228541K (40%)
----------------- Invoking toplevel() on ptolemy.moml.MoMLSimpleApplication@6d5e7849
----------------- Done invoking toplevel() on ptolemy.moml.MoMLSimpleApplication@6d5e7849
reloadAllAccessors: .MatrixCropLong

===========================================================================================
----------------- testing Wed Jul 17 15:53:45 UTC 2019 /home/travis/build/icyphy/ptII/ptolemy/actor/lib/test/auto/MatrixToArray.xml
----------------- Instantiating /home/travis/build/icyphy/ptII/ptolemy/actor/lib/test/auto/MatrixToArray.xml
11 ms. Memory: 577536K Free: 213211K (37%)
----------------- Invoking toplevel() on ptolemy.moml.MoMLSimpleApplication@358abb51
----------------- Done invoking toplevel() on ptolemy.moml.MoMLSimpleApplication@358abb51
reloadAllAccessors: .MatrixToArray

===========================================================================================
----------------- testing Wed Jul 17 15:53:45 UTC 2019 /home/travis/build/icyphy/ptII/ptolemy/actor/lib/test/auto/MaxIndex.xml
----------------- Instantiating /home/travis/build/icyphy/ptII/ptolemy/actor/lib/test/auto/MaxIndex.xml
2 ms. Memory: 577536K Free: 208091K (36%)
----------------- Invoking toplevel() on ptolemy.moml.MoMLSimpleApplication@3a0a5b60
----------------- Done invoking toplevel() on ptolemy.moml.MoMLSimpleApplication@3a0a5b60
reloadAllAccessors: .MaxIndex

===========================================================================================
----------------- testing Wed Jul 17 15:53:45 UTC 2019 /home/travis/build/icyphy/ptII/ptolemy/actor/lib/test/auto/Maximum.xml
----------------- Instantiating /home/travis/build/icyphy/ptII/ptolemy/actor/lib/test/auto/Maximum.xml
2 ms. Memory: 577536K Free: 201917K (35%)
----------------- Invoking toplevel() on ptolemy.moml.MoMLSimpleApplication@7f1bb5ec
----------------- Done invoking toplevel() on ptolemy.moml.MoMLSimpleApplication@7f1bb5ec
reloadAllAccessors: .Maximum

===========================================================================================
----------------- testing Wed Jul 17 15:53:45 UTC 2019 /home/travis/build/icyphy/ptII/ptolemy/actor/lib/test/auto/MaximumComplex.xml
----------------- Instantiating /home/travis/build/icyphy/ptII/ptolemy/actor/lib/test/auto/MaximumComplex.xml
5 ms. Memory: 577536K Free: 195789K (34%)
----------------- Invoking toplevel() on ptolemy.moml.MoMLSimpleApplication@6316ff05
----------------- Done invoking toplevel() on ptolemy.moml.MoMLSimpleApplication@6316ff05
reloadAllAccessors: .MaximumComplex

===========================================================================================
----------------- testing Wed Jul 17 15:53:45 UTC 2019 /home/travis/build/icyphy/ptII/ptolemy/actor/lib/test/auto/MethodCallTest.xml
----------------- Instantiating /home/travis/build/icyphy/ptII/ptolemy/actor/lib/test/auto/MethodCallTest.xml
2 ms. Memory: 577536K Free: 189149K (33%)
----------------- Invoking toplevel() on ptolemy.moml.MoMLSimpleApplication@1339c4f
----------------- Done invoking toplevel() on ptolemy.moml.MoMLSimpleApplication@1339c4f
reloadAllAccessors: .MethodCallTest

===========================================================================================
----------------- testing Wed Jul 17 15:53:45 UTC 2019 /home/travis/build/icyphy/ptII/ptolemy/actor/lib/test/auto/Minimum.xml
----------------- Instantiating /home/travis/build/icyphy/ptII/ptolemy/actor/lib/test/auto/Minimum.xml
2 ms. Memory: 577536K Free: 523809K (91%)
----------------- Invoking toplevel() on ptolemy.moml.MoMLSimpleApplication@45aae0fb
----------------- Done invoking toplevel() on ptolemy.moml.MoMLSimpleApplication@45aae0fb
reloadAllAccessors: .Minimum

===========================================================================================
----------------- testing Wed Jul 17 15:53:45 UTC 2019 /home/travis/build/icyphy/ptII/ptolemy/actor/lib/test/auto/MinimumComplex.xml
----------------- Instantiating /home/travis/build/icyphy/ptII/ptolemy/actor/lib/test/auto/MinimumComplex.xml
2 ms. Memory: 577536K Free: 517665K (90%)
----------------- Invoking toplevel() on ptolemy.moml.MoMLSimpleApplication@71aa4446
----------------- Done invoking toplevel() on ptolemy.moml.MoMLSimpleApplication@71aa4446
reloadAllAccessors: .MinimumComplex

===========================================================================================
----------------- testing Wed Jul 17 15:53:45 UTC 2019 /home/travis/build/icyphy/ptII/ptolemy/actor/lib/test/auto/MinimumMultiports.xml
----------------- Instantiating /home/travis/build/icyphy/ptII/ptolemy/actor/lib/test/auto/MinimumMultiports.xml
3 ms. Memory: 577536K Free: 508944K (88%)
----------------- Invoking toplevel() on ptolemy.moml.MoMLSimpleApplication@40699998
----------------- Done invoking toplevel() on ptolemy.moml.MoMLSimpleApplication@40699998
reloadAllAccessors: .MinimumMultiports

===========================================================================================
----------------- testing Wed Jul 17 15:53:45 UTC 2019 /home/travis/build/icyphy/ptII/ptolemy/actor/lib/test/auto/ModifyDate.xml
----------------- Instantiating /home/travis/build/icyphy/ptII/ptolemy/actor/lib/test/auto/ModifyDate.xml
9 ms. Memory: 577536K Free: 495647K (86%)
----------------- Invoking toplevel() on ptolemy.moml.MoMLSimpleApplication@7864b194
----------------- Done invoking toplevel() on ptolemy.moml.MoMLSimpleApplication@7864b194
reloadAllAccessors: .ModifyDate

===========================================================================================
----------------- testing Wed Jul 17 15:53:45 UTC 2019 /home/travis/build/icyphy/ptII/ptolemy/actor/lib/test/auto/ModifyDate2.xml
----------------- Instantiating /home/travis/build/icyphy/ptII/ptolemy/actor/lib/test/auto/ModifyDate2.xml
8 ms. Memory: 577536K Free: 486945K (84%)
----------------- Invoking toplevel() on ptolemy.moml.MoMLSimpleApplication@3ba052d0
----------------- Done invoking toplevel() on ptolemy.moml.MoMLSimpleApplication@3ba052d0
reloadAllAccessors: .ModifyDate2

===========================================================================================
----------------- testing Wed Jul 17 15:53:45 UTC 2019 /home/travis/build/icyphy/ptII/ptolemy/actor/lib/test/auto/MovingAverage.xml
----------------- Instantiating /home/travis/build/icyphy/ptII/ptolemy/actor/lib/test/auto/MovingAverage.xml
1 ms. Memory: 577536K Free: 482335K (84%)
----------------- Invoking toplevel() on ptolemy.moml.MoMLSimpleApplication@74f06184
----------------- Done invoking toplevel() on ptolemy.moml.MoMLSimpleApplication@74f06184
reloadAllAccessors: .MovingAverage

===========================================================================================
----------------- testing Wed Jul 17 15:53:45 UTC 2019 /home/travis/build/icyphy/ptII/ptolemy/actor/lib/test/auto/MovingMaximum.xml
----------------- Instantiating /home/travis/build/icyphy/ptII/ptolemy/actor/lib/test/auto/MovingMaximum.xml
1 ms. Memory: 577536K Free: 477729K (83%)
----------------- Invoking toplevel() on ptolemy.moml.MoMLSimpleApplication@8f73e10
----------------- Done invoking toplevel() on ptolemy.moml.MoMLSimpleApplication@8f73e10
reloadAllAccessors: .MovingMaximum

===========================================================================================
----------------- testing Wed Jul 17 15:53:45 UTC 2019 /home/travis/build/icyphy/ptII/ptolemy/actor/lib/test/auto/MultipleLinksToSameRelation.xml
----------------- Instantiating /home/travis/build/icyphy/ptII/ptolemy/actor/lib/test/auto/MultipleLinksToSameRelation.xml
2 ms. Memory: 577536K Free: 473633K (82%)
----------------- Invoking toplevel() on ptolemy.moml.MoMLSimpleApplication@2a38e341
----------------- Done invoking toplevel() on ptolemy.moml.MoMLSimpleApplication@2a38e341
reloadAllAccessors: .MultipleLinksToSameRelation

===========================================================================================
----------------- testing Wed Jul 17 15:53:45 UTC 2019 /home/travis/build/icyphy/ptII/ptolemy/actor/lib/test/auto/MultipleLinksToSameRelationDE.xml
----------------- Instantiating /home/travis/build/icyphy/ptII/ptolemy/actor/lib/test/auto/MultipleLinksToSameRelationDE.xml
2 ms. Memory: 577536K Free: 469008K (81%)
----------------- Invoking toplevel() on ptolemy.moml.MoMLSimpleApplication@1b04198b
----------------- Done invoking toplevel() on ptolemy.moml.MoMLSimpleApplication@1b04198b
reloadAllAccessors: .MultipleLinksToSameRelationDE

===========================================================================================
----------------- testing Wed Jul 17 15:53:45 UTC 2019 /home/travis/build/icyphy/ptII/ptolemy/actor/lib/test/auto/Multiplexor.xml
----------------- Instantiating /home/travis/build/icyphy/ptII/ptolemy/actor/lib/test/auto/Multiplexor.xml
2 ms. Memory: 577536K Free: 463393K (80%)
----------------- Invoking toplevel() on ptolemy.moml.MoMLSimpleApplication@a51c8e2
----------------- Done invoking toplevel() on ptolemy.moml.MoMLSimpleApplication@a51c8e2
reloadAllAccessors: .Multiplexor

===========================================================================================
----------------- testing Wed Jul 17 15:53:45 UTC 2019 /home/travis/build/icyphy/ptII/ptolemy/actor/lib/test/auto/Multiplexor1.xml
----------------- Instantiating /home/travis/build/icyphy/ptII/ptolemy/actor/lib/test/auto/Multiplexor1.xml
1 ms. Memory: 577536K Free: 457752K (79%)
----------------- Invoking toplevel() on ptolemy.moml.MoMLSimpleApplication@7ef05166
----------------- Done invoking toplevel() on ptolemy.moml.MoMLSimpleApplication@7ef05166
reloadAllAccessors: .Multiplexor1

===========================================================================================
----------------- testing Wed Jul 17 15:53:45 UTC 2019 /home/travis/build/icyphy/ptII/ptolemy/actor/lib/test/auto/Multiplexor2.xml
----------------- Instantiating /home/travis/build/icyphy/ptII/ptolemy/actor/lib/test/auto/Multiplexor2.xml
5 ms. Memory: 577536K Free: 451612K (78%)
----------------- Invoking toplevel() on ptolemy.moml.MoMLSimpleApplication@499a381c
----------------- Done invoking toplevel() on ptolemy.moml.MoMLSimpleApplication@499a381c
reloadAllAccessors: .Multiplexor2

===========================================================================================
----------------- testing Wed Jul 17 15:53:45 UTC 2019 /home/travis/build/icyphy/ptII/ptolemy/actor/lib/test/auto/Multiplexor3.xml
----------------- Instantiating /home/travis/build/icyphy/ptII/ptolemy/actor/lib/test/auto/Multiplexor3.xml
2 ms. Memory: 577536K Free: 447519K (77%)
----------------- Invoking toplevel() on ptolemy.moml.MoMLSimpleApplication@d4280bd
----------------- Done invoking toplevel() on ptolemy.moml.MoMLSimpleApplication@d4280bd
reloadAllAccessors: .Multiplexor3

===========================================================================================
----------------- testing Wed Jul 17 15:53:45 UTC 2019 /home/travis/build/icyphy/ptII/ptolemy/actor/lib/test/auto/MultiplexorDE.xml
----------------- Instantiating /home/travis/build/icyphy/ptII/ptolemy/actor/lib/test/auto/MultiplexorDE.xml
3 ms. Memory: 577536K Free: 439841K (76%)
----------------- Invoking toplevel() on ptolemy.moml.MoMLSimpleApplication@53550cd7
----------------- Done invoking toplevel() on ptolemy.moml.MoMLSimpleApplication@53550cd7
reloadAllAccessors: .MultiplexorDE

===========================================================================================
----------------- testing Wed Jul 17 15:53:45 UTC 2019 /home/travis/build/icyphy/ptII/ptolemy/actor/lib/test/auto/MultiportBroadcastTest.xml
----------------- Instantiating /home/travis/build/icyphy/ptII/ptolemy/actor/lib/test/auto/MultiportBroadcastTest.xml
81 ms. Memory: 577536K Free: 433697K (75%)
----------------- Invoking toplevel() on ptolemy.moml.MoMLSimpleApplication@6f6837c9
----------------- Done invoking toplevel() on ptolemy.moml.MoMLSimpleApplication@6f6837c9
reloadAllAccessors: .MultiportBroadcastTest

===========================================================================================
----------------- testing Wed Jul 17 15:53:46 UTC 2019 /home/travis/build/icyphy/ptII/ptolemy/actor/lib/test/auto/MultiportOutHangDuringGetWidth.xml
----------------- Instantiating /home/travis/build/icyphy/ptII/ptolemy/actor/lib/test/auto/MultiportOutHangDuringGetWidth.xml
4 ms. Memory: 577536K Free: 421409K (73%)
----------------- Invoking toplevel() on ptolemy.moml.MoMLSimpleApplication@31a63394
----------------- Done invoking toplevel() on ptolemy.moml.MoMLSimpleApplication@31a63394
reloadAllAccessors: .MultiportOutHangDuringGetWidth

===========================================================================================
----------------- testing Wed Jul 17 15:53:46 UTC 2019 /home/travis/build/icyphy/ptII/ptolemy/actor/lib/test/auto/NilToken.xml
----------------- Instantiating /home/travis/build/icyphy/ptII/ptolemy/actor/lib/test/auto/NilToken.xml
1 ms. Memory: 577536K Free: 417823K (72%)
----------------- Invoking toplevel() on ptolemy.moml.MoMLSimpleApplication@4c9cf0d1
----------------- Done invoking toplevel() on ptolemy.moml.MoMLSimpleApplication@4c9cf0d1
reloadAllAccessors: .NilToken

===========================================================================================
----------------- testing Wed Jul 17 15:53:46 UTC 2019 /home/travis/build/icyphy/ptII/ptolemy/actor/lib/test/auto/NilTokenNonStrictTest.xml
----------------- Instantiating /home/travis/build/icyphy/ptII/ptolemy/actor/lib/test/auto/NilTokenNonStrictTest.xml
2 ms. Memory: 577536K Free: 413217K (72%)
----------------- Invoking toplevel() on ptolemy.moml.MoMLSimpleApplication@6604e02f
----------------- Done invoking toplevel() on ptolemy.moml.MoMLSimpleApplication@6604e02f
reloadAllAccessors: .NilTokenNonStrictTest

===========================================================================================
----------------- testing Wed Jul 17 15:53:46 UTC 2019 /home/travis/build/icyphy/ptII/ptolemy/actor/lib/test/auto/NilTokenRecord.xml
----------------- Instantiating /home/travis/build/icyphy/ptII/ptolemy/actor/lib/test/auto/NilTokenRecord.xml
6 ms. Memory: 577536K Free: 406559K (70%)
----------------- Invoking toplevel() on ptolemy.moml.MoMLSimpleApplication@2b38bd26
----------------- Done invoking toplevel() on ptolemy.moml.MoMLSimpleApplication@2b38bd26
reloadAllAccessors: .NilTokenRecord

===========================================================================================
----------------- testing Wed Jul 17 15:53:46 UTC 2019 /home/travis/build/icyphy/ptII/ptolemy/actor/lib/test/auto/NilTokenTypeTest.xml
----------------- Instantiating /home/travis/build/icyphy/ptII/ptolemy/actor/lib/test/auto/NilTokenTypeTest.xml
12 ms. Memory: 577536K Free: 396833K (69%)
----------------- Invoking toplevel() on ptolemy.moml.MoMLSimpleApplication@35af68e1
----------------- Done invoking toplevel() on ptolemy.moml.MoMLSimpleApplication@35af68e1
reloadAllAccessors: .NilTokenTypeTest

===========================================================================================
----------------- testing Wed Jul 17 15:53:46 UTC 2019 /home/travis/build/icyphy/ptII/ptolemy/actor/lib/test/auto/ObjectToken1.xml
----------------- Instantiating /home/travis/build/icyphy/ptII/ptolemy/actor/lib/test/auto/ObjectToken1.xml
2 ms. Memory: 577536K Free: 392737K (68%)
----------------- Invoking toplevel() on ptolemy.moml.MoMLSimpleApplication@5fec9b76
----------------- Done invoking toplevel() on ptolemy.moml.MoMLSimpleApplication@5fec9b76
reloadAllAccessors: .ObjectToken1

===========================================================================================
----------------- testing Wed Jul 17 15:53:46 UTC 2019 /home/travis/build/icyphy/ptII/ptolemy/actor/lib/test/auto/OrderedMerge.xml
----------------- Instantiating /home/travis/build/icyphy/ptII/ptolemy/actor/lib/test/auto/OrderedMerge.xml
10 ms. Memory: 577536K Free: 387103K (67%)
----------------- Invoking toplevel() on ptolemy.moml.MoMLSimpleApplication@6e19a64f
----------------- Done invoking toplevel() on ptolemy.moml.MoMLSimpleApplication@6e19a64f
reloadAllAccessors: .OrderedMerge

===========================================================================================
----------------- testing Wed Jul 17 15:53:46 UTC 2019 /home/travis/build/icyphy/ptII/ptolemy/actor/lib/test/auto/OrderedRecordDisassembler.xml
----------------- Instantiating /home/travis/build/icyphy/ptII/ptolemy/actor/lib/test/auto/OrderedRecordDisassembler.xml
3 ms. Memory: 577536K Free: 382497K (66%)
----------------- Invoking toplevel() on ptolemy.moml.MoMLSimpleApplication@3db01376
----------------- Done invoking toplevel() on ptolemy.moml.MoMLSimpleApplication@3db01376
reloadAllAccessors: .OrderedRecordDisassembler

===========================================================================================
----------------- testing Wed Jul 17 15:53:46 UTC 2019 /home/travis/build/icyphy/ptII/ptolemy/actor/lib/test/auto/OrderedRecordDisassembler2.xml
----------------- Instantiating /home/travis/build/icyphy/ptII/ptolemy/actor/lib/test/auto/OrderedRecordDisassembler2.xml
4 ms. Memory: 577536K Free: 374800K (65%)
----------------- Invoking toplevel() on ptolemy.moml.MoMLSimpleApplication@5bcc4589
----------------- Done invoking toplevel() on ptolemy.moml.MoMLSimpleApplication@5bcc4589
reloadAllAccessors: .OrderedRecordDisassembler2

===========================================================================================
----------------- testing Wed Jul 17 15:53:46 UTC 2019 /home/travis/build/icyphy/ptII/ptolemy/actor/lib/test/auto/OrderedRecordUpdater.xml
----------------- Instantiating /home/travis/build/icyphy/ptII/ptolemy/actor/lib/test/auto/OrderedRecordUpdater.xml
2 ms. Memory: 577536K Free: 370209K (64%)
----------------- Invoking toplevel() on ptolemy.moml.MoMLSimpleApplication@61288858
----------------- Done invoking toplevel() on ptolemy.moml.MoMLSimpleApplication@61288858
reloadAllAccessors: .RecordUpdater

===========================================================================================
----------------- testing Wed Jul 17 15:53:46 UTC 2019 /home/travis/build/icyphy/ptII/ptolemy/actor/lib/test/auto/OrderedRecordUpdater2.xml
----------------- Instantiating /home/travis/build/icyphy/ptII/ptolemy/actor/lib/test/auto/OrderedRecordUpdater2.xml
2 ms. Memory: 577536K Free: 365599K (63%)
----------------- Invoking toplevel() on ptolemy.moml.MoMLSimpleApplication@50557b79
----------------- Done invoking toplevel() on ptolemy.moml.MoMLSimpleApplication@50557b79
reloadAllAccessors: .RecordUpdater2

===========================================================================================
----------------- testing Wed Jul 17 15:53:46 UTC 2019 /home/travis/build/icyphy/ptII/ptolemy/actor/lib/test/auto/PhaseUnwrap.xml
----------------- Instantiating /home/travis/build/icyphy/ptII/ptolemy/actor/lib/test/auto/PhaseUnwrap.xml
2 ms. Memory: 577536K Free: 360993K (63%)
----------------- Invoking toplevel() on ptolemy.moml.MoMLSimpleApplication@2e63127b
----------------- Done invoking toplevel() on ptolemy.moml.MoMLSimpleApplication@2e63127b
reloadAllAccessors: .PhaseUnwrap

===========================================================================================
----------------- testing Wed Jul 17 15:53:46 UTC 2019 /home/travis/build/icyphy/ptII/ptolemy/actor/lib/test/auto/PoissonClock.xml
----------------- Instantiating /home/travis/build/icyphy/ptII/ptolemy/actor/lib/test/auto/PoissonClock.xml
1 ms. Memory: 577536K Free: 356897K (62%)
----------------- Invoking toplevel() on ptolemy.moml.MoMLSimpleApplication@7e2c95df
----------------- Done invoking toplevel() on ptolemy.moml.MoMLSimpleApplication@7e2c95df
reloadAllAccessors: .PoissonClock

===========================================================================================
----------------- testing Wed Jul 17 15:53:46 UTC 2019 /home/travis/build/icyphy/ptII/ptolemy/actor/lib/test/auto/PoissonClock2.xml
----------------- Instantiating /home/travis/build/icyphy/ptII/ptolemy/actor/lib/test/auto/PoissonClock2.xml
1 ms. Memory: 577536K Free: 352801K (61%)
----------------- Invoking toplevel() on ptolemy.moml.MoMLSimpleApplication@15950c61
----------------- Done invoking toplevel() on ptolemy.moml.MoMLSimpleApplication@15950c61
reloadAllAccessors: .PoissonClock2

===========================================================================================
----------------- testing Wed Jul 17 15:53:46 UTC 2019 /home/travis/build/icyphy/ptII/ptolemy/actor/lib/test/auto/PoissonClock3.xml
----------------- Instantiating /home/travis/build/icyphy/ptII/ptolemy/actor/lib/test/auto/PoissonClock3.xml
1 ms. Memory: 577536K Free: 348705K (60%)
----------------- Invoking toplevel() on ptolemy.moml.MoMLSimpleApplication@560b1152
----------------- Done invoking toplevel() on ptolemy.moml.MoMLSimpleApplication@560b1152
reloadAllAccessors: .PoissonClock3

===========================================================================================
----------------- testing Wed Jul 17 15:53:46 UTC 2019 /home/travis/build/icyphy/ptII/ptolemy/actor/lib/test/auto/PubSubWithInitialTokens.xml
----------------- Instantiating /home/travis/build/icyphy/ptII/ptolemy/actor/lib/test/auto/PubSubWithInitialTokens.xml
2 ms. Memory: 577536K Free: 343056K (59%)
----------------- Invoking toplevel() on ptolemy.moml.MoMLSimpleApplication@11606f9d
----------------- Done invoking toplevel() on ptolemy.moml.MoMLSimpleApplication@11606f9d
reloadAllAccessors: .PubSubWithInitialTokens

===========================================================================================
----------------- testing Wed Jul 17 15:53:46 UTC 2019 /home/travis/build/icyphy/ptII/ptolemy/actor/lib/test/auto/PubSubWithInitialTokens2.xml
----------------- Instantiating /home/travis/build/icyphy/ptII/ptolemy/actor/lib/test/auto/PubSubWithInitialTokens2.xml
2 ms. Memory: 577536K Free: 336912K (58%)
----------------- Invoking toplevel() on ptolemy.moml.MoMLSimpleApplication@3f6dbcff
----------------- Done invoking toplevel() on ptolemy.moml.MoMLSimpleApplication@3f6dbcff
reloadAllAccessors: .PubSubWithInitialTokens2

===========================================================================================
----------------- testing Wed Jul 17 15:53:46 UTC 2019 /home/travis/build/icyphy/ptII/ptolemy/actor/lib/test/auto/PublisherClassNoParameter.xml
----------------- Instantiating /home/travis/build/icyphy/ptII/ptolemy/actor/lib/test/auto/PublisherClassNoParameter.xml
2 ms. Memory: 577536K Free: 327201K (57%)
----------------- Invoking toplevel() on ptolemy.moml.MoMLSimpleApplication@2101d25d
----------------- Done invoking toplevel() on ptolemy.moml.MoMLSimpleApplication@2101d25d
reloadAllAccessors: .PublisherClassNoParameter

===========================================================================================
----------------- testing Wed Jul 17 15:53:46 UTC 2019 /home/travis/build/icyphy/ptII/ptolemy/actor/lib/test/auto/PublisherClassParameter.xml
----------------- Instantiating /home/travis/build/icyphy/ptII/ptolemy/actor/lib/test/auto/PublisherClassParameter.xml
2 ms. Memory: 577536K Free: 316961K (55%)
----------------- Invoking toplevel() on ptolemy.moml.MoMLSimpleApplication@54e9d80
----------------- Done invoking toplevel() on ptolemy.moml.MoMLSimpleApplication@54e9d80
reloadAllAccessors: .PublisherClassParameter

===========================================================================================
----------------- testing Wed Jul 17 15:53:46 UTC 2019 /home/travis/build/icyphy/ptII/ptolemy/actor/lib/test/auto/PublisherNonStrictTest.xml
----------------- Instantiating /home/travis/build/icyphy/ptII/ptolemy/actor/lib/test/auto/PublisherNonStrictTest.xml
3 ms. Memory: 577536K Free: 309272K (54%)
----------------- Invoking toplevel() on ptolemy.moml.MoMLSimpleApplication@7785c56
----------------- Done invoking toplevel() on ptolemy.moml.MoMLSimpleApplication@7785c56
reloadAllAccessors: .PublisherNonStrictTest

===========================================================================================
----------------- testing Wed Jul 17 15:53:46 UTC 2019 /home/travis/build/icyphy/ptII/ptolemy/actor/lib/test/auto/PublisherPort1.xml
----------------- Instantiating /home/travis/build/icyphy/ptII/ptolemy/actor/lib/test/auto/PublisherPort1.xml
3 ms. Memory: 577536K Free: 303649K (53%)
----------------- Invoking toplevel() on ptolemy.moml.MoMLSimpleApplication@6f85958c
----------------- Done invoking toplevel() on ptolemy.moml.MoMLSimpleApplication@6f85958c
reloadAllAccessors: .PublisherPort1

===========================================================================================
----------------- testing Wed Jul 17 15:53:46 UTC 2019 /home/travis/build/icyphy/ptII/ptolemy/actor/lib/test/auto/PublisherPort2.xml
----------------- Instantiating /home/travis/build/icyphy/ptII/ptolemy/actor/lib/test/auto/PublisherPort2.xml
1 ms. Memory: 577536K Free: 298529K (52%)
----------------- Invoking toplevel() on ptolemy.moml.MoMLSimpleApplication@c1410f2
----------------- Done invoking toplevel() on ptolemy.moml.MoMLSimpleApplication@c1410f2
reloadAllAccessors: .PublisherPort2

===========================================================================================
----------------- testing Wed Jul 17 15:53:46 UTC 2019 /home/travis/build/icyphy/ptII/ptolemy/actor/lib/test/auto/PublisherPort3.xml
----------------- Instantiating /home/travis/build/icyphy/ptII/ptolemy/actor/lib/test/auto/PublisherPort3.xml
10 ms. Memory: 577536K Free: 292385K (51%)
----------------- Invoking toplevel() on ptolemy.moml.MoMLSimpleApplication@7859550b
----------------- Done invoking toplevel() on ptolemy.moml.MoMLSimpleApplication@7859550b
reloadAllAccessors: .PublisherPort3

===========================================================================================
----------------- testing Wed Jul 17 15:53:46 UTC 2019 /home/travis/build/icyphy/ptII/ptolemy/actor/lib/test/auto/PublisherPort4.xml
----------------- Instantiating /home/travis/build/icyphy/ptII/ptolemy/actor/lib/test/auto/PublisherPort4.xml
3 ms. Memory: 577536K Free: 286736K (50%)
----------------- Invoking toplevel() on ptolemy.moml.MoMLSimpleApplication@1e9ac341
----------------- Done invoking toplevel() on ptolemy.moml.MoMLSimpleApplication@1e9ac341
reloadAllAccessors: .PublisherPort4

===========================================================================================
----------------- testing Wed Jul 17 15:53:46 UTC 2019 /home/travis/build/icyphy/ptII/ptolemy/actor/lib/test/auto/PublisherPort5.xml
----------------- Instantiating /home/travis/build/icyphy/ptII/ptolemy/actor/lib/test/auto/PublisherPort5.xml
3 ms. Memory: 577536K Free: 279073K (48%)
----------------- Invoking toplevel() on ptolemy.moml.MoMLSimpleApplication@20d24305
----------------- Done invoking toplevel() on ptolemy.moml.MoMLSimpleApplication@20d24305
reloadAllAccessors: .PublisherPort5

===========================================================================================
----------------- testing Wed Jul 17 15:53:46 UTC 2019 /home/travis/build/icyphy/ptII/ptolemy/actor/lib/test/auto/PublisherPort5LookAlike.xml
----------------- Instantiating /home/travis/build/icyphy/ptII/ptolemy/actor/lib/test/auto/PublisherPort5LookAlike.xml
8 ms. Memory: 577536K Free: 271384K (47%)
----------------- Invoking toplevel() on ptolemy.moml.MoMLSimpleApplication@1f762df2
----------------- Done invoking toplevel() on ptolemy.moml.MoMLSimpleApplication@1f762df2
reloadAllAccessors: .PublisherPort5LookAlike

===========================================================================================
----------------- testing Wed Jul 17 15:53:46 UTC 2019 /home/travis/build/icyphy/ptII/ptolemy/actor/lib/test/auto/PublisherPort6.xml
----------------- Instantiating /home/travis/build/icyphy/ptII/ptolemy/actor/lib/test/auto/PublisherPort6.xml
2 ms. Memory: 577536K Free: 264737K (46%)
----------------- Invoking toplevel() on ptolemy.moml.MoMLSimpleApplication@3d5aa97a
----------------- Done invoking toplevel() on ptolemy.moml.MoMLSimpleApplication@3d5aa97a
reloadAllAccessors: .PublisherPort6

===========================================================================================
----------------- testing Wed Jul 17 15:53:46 UTC 2019 /home/travis/build/icyphy/ptII/ptolemy/actor/lib/test/auto/PublisherPort7.xml
----------------- Instantiating /home/travis/build/icyphy/ptII/ptolemy/actor/lib/test/auto/PublisherPort7.xml
3 ms. Memory: 577536K Free: 257055K (45%)
----------------- Invoking toplevel() on ptolemy.moml.MoMLSimpleApplication@7b8095c5
----------------- Done invoking toplevel() on ptolemy.moml.MoMLSimpleApplication@7b8095c5
reloadAllAccessors: .PublisherPort7

===========================================================================================
----------------- testing Wed Jul 17 15:53:46 UTC 2019 /home/travis/build/icyphy/ptII/ptolemy/actor/lib/test/auto/PublisherPort8.xml
----------------- Instantiating /home/travis/build/icyphy/ptII/ptolemy/actor/lib/test/auto/PublisherPort8.xml
4 ms. Memory: 577536K Free: 248353K (43%)
----------------- Invoking toplevel() on ptolemy.moml.MoMLSimpleApplication@2ed7bb05
----------------- Done invoking toplevel() on ptolemy.moml.MoMLSimpleApplication@2ed7bb05
reloadAllAccessors: .PublisherPort8

===========================================================================================
----------------- testing Wed Jul 17 15:53:46 UTC 2019 /home/travis/build/icyphy/ptII/ptolemy/actor/lib/test/auto/PublisherPortSubscriberChannelVariablesAOC2.xml
----------------- Instantiating /home/travis/build/icyphy/ptII/ptolemy/actor/lib/test/auto/PublisherPortSubscriberChannelVariablesAOC2.xml
3 ms. Memory: 577536K Free: 230431K (40%)
----------------- Invoking toplevel() on ptolemy.moml.MoMLSimpleApplication@44f974b2
----------------- Done invoking toplevel() on ptolemy.moml.MoMLSimpleApplication@44f974b2
reloadAllAccessors: .PublisherPortSubscriberChannelVariablesAOC2

===========================================================================================
----------------- testing Wed Jul 17 15:53:46 UTC 2019 /home/travis/build/icyphy/ptII/ptolemy/actor/lib/test/auto/PublisherPortSubscriberOpaqueWidthInference.xml
----------------- Instantiating /home/travis/build/icyphy/ptII/ptolemy/actor/lib/test/auto/PublisherPortSubscriberOpaqueWidthInference.xml
3 ms. Memory: 577536K Free: 222753K (39%)
----------------- Invoking toplevel() on ptolemy.moml.MoMLSimpleApplication@8bbb44f
----------------- Done invoking toplevel() on ptolemy.moml.MoMLSimpleApplication@8bbb44f
reloadAllAccessors: .PublisherPortSubscriberOpaqueWidthInference

===========================================================================================
----------------- testing Wed Jul 17 15:53:46 UTC 2019 /home/travis/build/icyphy/ptII/ptolemy/actor/lib/test/auto/PublisherPortSubscriberPortAdjacent.xml
----------------- Instantiating /home/travis/build/icyphy/ptII/ptolemy/actor/lib/test/auto/PublisherPortSubscriberPortAdjacent.xml
2 ms. Memory: 577536K Free: 214561K (37%)
----------------- Invoking toplevel() on ptolemy.moml.MoMLSimpleApplication@36192ca9
----------------- Done invoking toplevel() on ptolemy.moml.MoMLSimpleApplication@36192ca9
reloadAllAccessors: .PublisherPortSubscriberPortAdjacent

===========================================================================================
----------------- testing Wed Jul 17 15:53:46 UTC 2019 /home/travis/build/icyphy/ptII/ptolemy/actor/lib/test/auto/PublisherPortSubscriberPortExpression.xml
----------------- Instantiating /home/travis/build/icyphy/ptII/ptolemy/actor/lib/test/auto/PublisherPortSubscriberPortExpression.xml
4 ms. Memory: 577536K Free: 207393K (36%)
----------------- Invoking toplevel() on ptolemy.moml.MoMLSimpleApplication@1d68dfc8
----------------- Done invoking toplevel() on ptolemy.moml.MoMLSimpleApplication@1d68dfc8
reloadAllAccessors: .PublisherPortSubscriberPortExpression

===========================================================================================
----------------- testing Wed Jul 17 15:53:46 UTC 2019 /home/travis/build/icyphy/ptII/ptolemy/actor/lib/test/auto/PublisherPortSubscriberPortOpaqueD3Reverse.xml
----------------- Instantiating /home/travis/build/icyphy/ptII/ptolemy/actor/lib/test/auto/PublisherPortSubscriberPortOpaqueD3Reverse.xml
6 ms. Memory: 577536K Free: 197153K (34%)
----------------- Invoking toplevel() on ptolemy.moml.MoMLSimpleApplication@7c240007
----------------- Done invoking toplevel() on ptolemy.moml.MoMLSimpleApplication@7c240007
reloadAllAccessors: .PublisherPortSubscriberPortOpaqueD3Reverse

===========================================================================================
----------------- testing Wed Jul 17 15:53:46 UTC 2019 /home/travis/build/icyphy/ptII/ptolemy/actor/lib/test/auto/PublisherPortSubscriberPortOpaqueWidthInference.xml
----------------- Instantiating /home/travis/build/icyphy/ptII/ptolemy/actor/lib/test/auto/PublisherPortSubscriberPortOpaqueWidthInference.xml
3 ms. Memory: 577536K Free: 189456K (33%)
----------------- Invoking toplevel() on ptolemy.moml.MoMLSimpleApplication@706a7ae3
----------------- Done invoking toplevel() on ptolemy.moml.MoMLSimpleApplication@706a7ae3
reloadAllAccessors: .PublisherPortSubscriberPortOpaqueWidthInference

===========================================================================================
----------------- testing Wed Jul 17 15:53:46 UTC 2019 /home/travis/build/icyphy/ptII/ptolemy/actor/lib/test/auto/PublisherPortToplevelSubscriberPortAOC.xml
----------------- Instantiating /home/travis/build/icyphy/ptII/ptolemy/actor/lib/test/auto/PublisherPortToplevelSubscriberPortAOC.xml
.PublisherPortToplevelSubscriberPortAOC.TestExceptionAttribute: initialize() was not invoked, but wrapup() was.  This is unusual, but not always a problem.  For example, exporting JNLP will do this.
1 ms. Memory: 577536K Free: 523922K (91%)
----------------- Invoking toplevel() on ptolemy.moml.MoMLSimpleApplication@2d87ebd9
----------------- Done invoking toplevel() on ptolemy.moml.MoMLSimpleApplication@2d87ebd9
reloadAllAccessors: .PublisherPortToplevelSubscriberPortAOC

===========================================================================================
----------------- testing Wed Jul 17 15:53:46 UTC 2019 /home/travis/build/icyphy/ptII/ptolemy/actor/lib/test/auto/PublisherSubscriber.xml
----------------- Instantiating /home/travis/build/icyphy/ptII/ptolemy/actor/lib/test/auto/PublisherSubscriber.xml
3 ms. Memory: 577536K Free: 516210K (89%)
----------------- Invoking toplevel() on ptolemy.moml.MoMLSimpleApplication@1fe1b3a3
----------------- Done invoking toplevel() on ptolemy.moml.MoMLSimpleApplication@1fe1b3a3
reloadAllAccessors: .PublisherSubscriber

===========================================================================================
----------------- testing Wed Jul 17 15:53:46 UTC 2019 /home/travis/build/icyphy/ptII/ptolemy/actor/lib/test/auto/PublisherSubscriber10.xml
----------------- Instantiating /home/travis/build/icyphy/ptII/ptolemy/actor/lib/test/auto/PublisherSubscriber10.xml
7 ms. Memory: 577536K Free: 507024K (88%)
----------------- Invoking toplevel() on ptolemy.moml.MoMLSimpleApplication@21411ee4
----------------- Done invoking toplevel() on ptolemy.moml.MoMLSimpleApplication@21411ee4
reloadAllAccessors: .PublisherSubscriber10

===========================================================================================
----------------- testing Wed Jul 17 15:53:46 UTC 2019 /home/travis/build/icyphy/ptII/ptolemy/actor/lib/test/auto/PublisherSubscriber10InitialOutputs.xml
----------------- Instantiating /home/travis/build/icyphy/ptII/ptolemy/actor/lib/test/auto/PublisherSubscriber10InitialOutputs.xml
16 ms. Memory: 577536K Free: 497808K (86%)
----------------- Invoking toplevel() on ptolemy.moml.MoMLSimpleApplication@700990b2
----------------- Done invoking toplevel() on ptolemy.moml.MoMLSimpleApplication@700990b2
reloadAllAccessors: .PublisherSubscriber10InitialOutputs

===========================================================================================
----------------- testing Wed Jul 17 15:53:46 UTC 2019 /home/travis/build/icyphy/ptII/ptolemy/actor/lib/test/auto/PublisherSubscriber11.xml
----------------- Instantiating /home/travis/build/icyphy/ptII/ptolemy/actor/lib/test/auto/PublisherSubscriber11.xml
8 ms. Memory: 577536K Free: 491650K (85%)
----------------- Invoking toplevel() on ptolemy.moml.MoMLSimpleApplication@3faa9b28
----------------- Done invoking toplevel() on ptolemy.moml.MoMLSimpleApplication@3faa9b28
reloadAllAccessors: .PublisherSubscriber11

===========================================================================================
----------------- testing Wed Jul 17 15:53:46 UTC 2019 /home/travis/build/icyphy/ptII/ptolemy/actor/lib/test/auto/PublisherSubscriber12.xml
----------------- Instantiating /home/travis/build/icyphy/ptII/ptolemy/actor/lib/test/auto/PublisherSubscriber12.xml
6 ms. Memory: 577536K Free: 485010K (84%)
----------------- Invoking toplevel() on ptolemy.moml.MoMLSimpleApplication@66f2ad3b
----------------- Done invoking toplevel() on ptolemy.moml.MoMLSimpleApplication@66f2ad3b
reloadAllAccessors: .PublisherSubscriber12

===========================================================================================
----------------- testing Wed Jul 17 15:53:46 UTC 2019 /home/travis/build/icyphy/ptII/ptolemy/actor/lib/test/auto/PublisherSubscriber13.xml
----------------- Instantiating /home/travis/build/icyphy/ptII/ptolemy/actor/lib/test/auto/PublisherSubscriber13.xml
2 ms. Memory: 577536K Free: 479362K (83%)
----------------- Invoking toplevel() on ptolemy.moml.MoMLSimpleApplication@7976b24d
----------------- Done invoking toplevel() on ptolemy.moml.MoMLSimpleApplication@7976b24d
reloadAllAccessors: .PublisherSubscriber13

===========================================================================================
----------------- testing Wed Jul 17 15:53:46 UTC 2019 /home/travis/build/icyphy/ptII/ptolemy/actor/lib/test/auto/PublisherSubscriber14.xml
----------------- Instantiating /home/travis/build/icyphy/ptII/ptolemy/actor/lib/test/auto/PublisherSubscriber14.xml
1 ms. Memory: 577536K Free: 471184K (82%)
----------------- Invoking toplevel() on ptolemy.moml.MoMLSimpleApplication@7c9a6dd
----------------- Done invoking toplevel() on ptolemy.moml.MoMLSimpleApplication@7c9a6dd
reloadAllAccessors: .PublisherSubscriber14

===========================================================================================
----------------- testing Wed Jul 17 15:53:46 UTC 2019 /home/travis/build/icyphy/ptII/ptolemy/actor/lib/test/auto/PublisherSubscriber2.xml
----------------- Instantiating /home/travis/build/icyphy/ptII/ptolemy/actor/lib/test/auto/PublisherSubscriber2.xml
4 ms. Memory: 577536K Free: 465554K (81%)
----------------- Invoking toplevel() on ptolemy.moml.MoMLSimpleApplication@16075f51
----------------- Done invoking toplevel() on ptolemy.moml.MoMLSimpleApplication@16075f51
reloadAllAccessors: .PublisherSubscriber2

===========================================================================================
----------------- testing Wed Jul 17 15:53:46 UTC 2019 /home/travis/build/icyphy/ptII/ptolemy/actor/lib/test/auto/PublisherSubscriber3.xml
----------------- Instantiating /home/travis/build/icyphy/ptII/ptolemy/actor/lib/test/auto/PublisherSubscriber3.xml
2 ms. Memory: 577536K Free: 459906K (80%)
----------------- Invoking toplevel() on ptolemy.moml.MoMLSimpleApplication@4ee75476
----------------- Done invoking toplevel() on ptolemy.moml.MoMLSimpleApplication@4ee75476
reloadAllAccessors: .PublisherSubscriber3

===========================================================================================
----------------- testing Wed Jul 17 15:53:47 UTC 2019 /home/travis/build/icyphy/ptII/ptolemy/actor/lib/test/auto/PublisherSubscriber4.xml
----------------- Instantiating /home/travis/build/icyphy/ptII/ptolemy/actor/lib/test/auto/PublisherSubscriber4.xml
2 ms. Memory: 577536K Free: 454770K (79%)
----------------- Invoking toplevel() on ptolemy.moml.MoMLSimpleApplication@f07c7c1
----------------- Done invoking toplevel() on ptolemy.moml.MoMLSimpleApplication@f07c7c1
reloadAllAccessors: .PublisherSubscriber4

===========================================================================================
----------------- testing Wed Jul 17 15:53:47 UTC 2019 /home/travis/build/icyphy/ptII/ptolemy/actor/lib/test/auto/PublisherSubscriber5.xml
----------------- Instantiating /home/travis/build/icyphy/ptII/ptolemy/actor/lib/test/auto/PublisherSubscriber5.xml
4 ms. Memory: 577536K Free: 448146K (78%)
----------------- Invoking toplevel() on ptolemy.moml.MoMLSimpleApplication@168b23a1
----------------- Done invoking toplevel() on ptolemy.moml.MoMLSimpleApplication@168b23a1
reloadAllAccessors: .PublisherSubscriber5

===========================================================================================
----------------- testing Wed Jul 17 15:53:47 UTC 2019 /home/travis/build/icyphy/ptII/ptolemy/actor/lib/test/auto/PublisherSubscriber6.xml
----------------- Instantiating /home/travis/build/icyphy/ptII/ptolemy/actor/lib/test/auto/PublisherSubscriber6.xml
4 ms. Memory: 577536K Free: 441488K (76%)
----------------- Invoking toplevel() on ptolemy.moml.MoMLSimpleApplication@ab59f74
----------------- Done invoking toplevel() on ptolemy.moml.MoMLSimpleApplication@ab59f74
reloadAllAccessors: .PublisherSubscriber6

===========================================================================================
----------------- testing Wed Jul 17 15:53:47 UTC 2019 /home/travis/build/icyphy/ptII/ptolemy/actor/lib/test/auto/PublisherSubscriber7.xml
----------------- Instantiating /home/travis/build/icyphy/ptII/ptolemy/actor/lib/test/auto/PublisherSubscriber7.xml
8 ms. Memory: 577536K Free: 434834K (75%)
----------------- Invoking toplevel() on ptolemy.moml.MoMLSimpleApplication@410f12cb
----------------- Done invoking toplevel() on ptolemy.moml.MoMLSimpleApplication@410f12cb
reloadAllAccessors: .PublisherSubscriber7

===========================================================================================
----------------- testing Wed Jul 17 15:53:47 UTC 2019 /home/travis/build/icyphy/ptII/ptolemy/actor/lib/test/auto/PublisherSubscriber8.xml
----------------- Instantiating /home/travis/build/icyphy/ptII/ptolemy/actor/lib/test/auto/PublisherSubscriber8.xml
19 ms. Memory: 577536K Free: 423056K (73%)
----------------- Invoking toplevel() on ptolemy.moml.MoMLSimpleApplication@6578fc6f
----------------- Done invoking toplevel() on ptolemy.moml.MoMLSimpleApplication@6578fc6f
reloadAllAccessors: .PublisherSubscriber8

===========================================================================================
----------------- testing Wed Jul 17 15:53:47 UTC 2019 /home/travis/build/icyphy/ptII/ptolemy/actor/lib/test/auto/PublisherSubscriber9.xml
----------------- Instantiating /home/travis/build/icyphy/ptII/ptolemy/actor/lib/test/auto/PublisherSubscriber9.xml
3 ms. Memory: 577536K Free: 415882K (72%)
----------------- Invoking toplevel() on ptolemy.moml.MoMLSimpleApplication@7ab4e7fb
----------------- Done invoking toplevel() on ptolemy.moml.MoMLSimpleApplication@7ab4e7fb
reloadAllAccessors: .PublisherSubscriber9

===========================================================================================
----------------- testing Wed Jul 17 15:53:47 UTC 2019 /home/travis/build/icyphy/ptII/ptolemy/actor/lib/test/auto/PublisherSubscriberAdjacent.xml
----------------- Instantiating /home/travis/build/icyphy/ptII/ptolemy/actor/lib/test/auto/PublisherSubscriberAdjacent.xml
2 ms. Memory: 577536K Free: 407696K (71%)
----------------- Invoking toplevel() on ptolemy.moml.MoMLSimpleApplication@128e5e82
----------------- Done invoking toplevel() on ptolemy.moml.MoMLSimpleApplication@128e5e82
reloadAllAccessors: .PublisherSubscriberAdjacent

===========================================================================================
----------------- testing Wed Jul 17 15:53:47 UTC 2019 /home/travis/build/icyphy/ptII/ptolemy/actor/lib/test/auto/PublisherSubscriberChannelVariablesAOC2.xml
----------------- Instantiating /home/travis/build/icyphy/ptII/ptolemy/actor/lib/test/auto/PublisherSubscriberChannelVariablesAOC2.xml
3 ms. Memory: 577536K Free: 393360K (68%)
----------------- Invoking toplevel() on ptolemy.moml.MoMLSimpleApplication@693394ef
----------------- Done invoking toplevel() on ptolemy.moml.MoMLSimpleApplication@693394ef
reloadAllAccessors: .PublisherSubscriberChannelVariablesAOC2

===========================================================================================
----------------- testing Wed Jul 17 15:53:47 UTC 2019 /home/travis/build/icyphy/ptII/ptolemy/actor/lib/test/auto/PublisherSubscriberD3.xml
----------------- Instantiating /home/travis/build/icyphy/ptII/ptolemy/actor/lib/test/auto/PublisherSubscriberD3.xml
1 ms. Memory: 577536K Free: 386192K (67%)
----------------- Invoking toplevel() on ptolemy.moml.MoMLSimpleApplication@75fbb3d
----------------- Done invoking toplevel() on ptolemy.moml.MoMLSimpleApplication@75fbb3d
reloadAllAccessors: .PublisherSubscriberD3

===========================================================================================
----------------- testing Wed Jul 17 15:53:47 UTC 2019 /home/travis/build/icyphy/ptII/ptolemy/actor/lib/test/auto/PublisherSubscriberD3Reverse.xml
----------------- Instantiating /home/travis/build/icyphy/ptII/ptolemy/actor/lib/test/auto/PublisherSubscriberD3Reverse.xml
1 ms. Memory: 577536K Free: 380048K (66%)
----------------- Invoking toplevel() on ptolemy.moml.MoMLSimpleApplication@4d7960c8
----------------- Done invoking toplevel() on ptolemy.moml.MoMLSimpleApplication@4d7960c8
reloadAllAccessors: .PublisherSubscriberD3Reverse

===========================================================================================
----------------- testing Wed Jul 17 15:53:47 UTC 2019 /home/travis/build/icyphy/ptII/ptolemy/actor/lib/test/auto/PublisherSubscriberExpression.xml
----------------- Instantiating /home/travis/build/icyphy/ptII/ptolemy/actor/lib/test/auto/PublisherSubscriberExpression.xml
4 ms. Memory: 577536K Free: 371346K (64%)
----------------- Invoking toplevel() on ptolemy.moml.MoMLSimpleApplication@50a016a9
----------------- Done invoking toplevel() on ptolemy.moml.MoMLSimpleApplication@50a016a9
reloadAllAccessors: .PublisherSubscriberExpression

===========================================================================================
----------------- testing Wed Jul 17 15:53:47 UTC 2019 /home/travis/build/icyphy/ptII/ptolemy/actor/lib/test/auto/PublisherSubscriberOpaque.xml
----------------- Instantiating /home/travis/build/icyphy/ptII/ptolemy/actor/lib/test/auto/PublisherSubscriberOpaque.xml
3 ms. Memory: 577536K Free: 363154K (63%)
----------------- Invoking toplevel() on ptolemy.moml.MoMLSimpleApplication@124df311
----------------- Done invoking toplevel() on ptolemy.moml.MoMLSimpleApplication@124df311
reloadAllAccessors: .PublisherSubscriberOpaque

===========================================================================================
----------------- testing Wed Jul 17 15:53:47 UTC 2019 /home/travis/build/icyphy/ptII/ptolemy/actor/lib/test/auto/PublisherSubscriberOpaqueD3.xml
----------------- Instantiating /home/travis/build/icyphy/ptII/ptolemy/actor/lib/test/auto/PublisherSubscriberOpaqueD3.xml
6 ms. Memory: 577536K Free: 351376K (61%)
----------------- Invoking toplevel() on ptolemy.moml.MoMLSimpleApplication@4a902319
----------------- Done invoking toplevel() on ptolemy.moml.MoMLSimpleApplication@4a902319
reloadAllAccessors: .PublisherSubscriberOpaqueD3

===========================================================================================
----------------- testing Wed Jul 17 15:53:47 UTC 2019 /home/travis/build/icyphy/ptII/ptolemy/actor/lib/test/auto/PublisherSubscriberOpaqueD3Reverse.xml
----------------- Instantiating /home/travis/build/icyphy/ptII/ptolemy/actor/lib/test/auto/PublisherSubscriberOpaqueD3Reverse.xml
8 ms. Memory: 577536K Free: 340626K (59%)
----------------- Invoking toplevel() on ptolemy.moml.MoMLSimpleApplication@3670178c
----------------- Done invoking toplevel() on ptolemy.moml.MoMLSimpleApplication@3670178c
reloadAllAccessors: .PublisherSubscriberOpaqueD3Reverse

===========================================================================================
----------------- testing Wed Jul 17 15:53:47 UTC 2019 /home/travis/build/icyphy/ptII/ptolemy/actor/lib/test/auto/PublisherSubscriberOpaqueWidthInference.xml
----------------- Instantiating /home/travis/build/icyphy/ptII/ptolemy/actor/lib/test/auto/PublisherSubscriberOpaqueWidthInference.xml
5 ms. Memory: 577536K Free: 332434K (58%)
----------------- Invoking toplevel() on ptolemy.moml.MoMLSimpleApplication@5c5ff0a2
----------------- Done invoking toplevel() on ptolemy.moml.MoMLSimpleApplication@5c5ff0a2
reloadAllAccessors: .PublisherSubscriberOpaqueWidthInference

===========================================================================================
----------------- testing Wed Jul 17 15:53:47 UTC 2019 /home/travis/build/icyphy/ptII/ptolemy/actor/lib/test/auto/PublisherTestSubscriber.xml
----------------- Instantiating /home/travis/build/icyphy/ptII/ptolemy/actor/lib/test/auto/PublisherTestSubscriber.xml
3 ms. Memory: 577536K Free: 324746K (56%)
----------------- Invoking toplevel() on ptolemy.moml.MoMLSimpleApplication@17a39cd5
----------------- Done invoking toplevel() on ptolemy.moml.MoMLSimpleApplication@17a39cd5
reloadAllAccessors: .PublisherTestSubscriber

===========================================================================================
----------------- testing Wed Jul 17 15:53:47 UTC 2019 /home/travis/build/icyphy/ptII/ptolemy/actor/lib/test/auto/PublisherToplevelSubscriberPortAOC.xml
----------------- Instantiating /home/travis/build/icyphy/ptII/ptolemy/actor/lib/test/auto/PublisherToplevelSubscriberPortAOC.xml
2 ms. Memory: 577536K Free: 318594K (55%)
----------------- Invoking toplevel() on ptolemy.moml.MoMLSimpleApplication@4ebe5cdf
----------------- Done invoking toplevel() on ptolemy.moml.MoMLSimpleApplication@4ebe5cdf
reloadAllAccessors: .PublisherToplevelSubscriberPortAOC

===========================================================================================
----------------- testing Wed Jul 17 15:53:47 UTC 2019 /home/travis/build/icyphy/ptII/ptolemy/actor/lib/test/auto/PulseFiringLimitDE.xml
----------------- Instantiating /home/travis/build/icyphy/ptII/ptolemy/actor/lib/test/auto/PulseFiringLimitDE.xml
2 ms. Memory: 577536K Free: 311954K (54%)
----------------- Invoking toplevel() on ptolemy.moml.MoMLSimpleApplication@358d1945
----------------- Done invoking toplevel() on ptolemy.moml.MoMLSimpleApplication@358d1945
reloadAllAccessors: .PulseFiringLimitDE

===========================================================================================
----------------- testing Wed Jul 17 15:53:47 UTC 2019 /home/travis/build/icyphy/ptII/ptolemy/actor/lib/test/auto/Ramp1.xml
----------------- Instantiating /home/travis/build/icyphy/ptII/ptolemy/actor/lib/test/auto/Ramp1.xml
1 ms. Memory: 577536K Free: 307858K (53%)
----------------- Invoking toplevel() on ptolemy.moml.MoMLSimpleApplication@7412769f
----------------- Done invoking toplevel() on ptolemy.moml.MoMLSimpleApplication@7412769f
reloadAllAccessors: .Ramp1

===========================================================================================
----------------- testing Wed Jul 17 15:53:47 UTC 2019 /home/travis/build/icyphy/ptII/ptolemy/actor/lib/test/auto/RampFiringLimitDE.xml
----------------- Instantiating /home/travis/build/icyphy/ptII/ptolemy/actor/lib/test/auto/RampFiringLimitDE.xml
3 ms. Memory: 577536K Free: 301714K (52%)
----------------- Invoking toplevel() on ptolemy.moml.MoMLSimpleApplication@6f21b366
----------------- Done invoking toplevel() on ptolemy.moml.MoMLSimpleApplication@6f21b366
reloadAllAccessors: .RampFiringLimitDE

===========================================================================================
----------------- testing Wed Jul 17 15:53:47 UTC 2019 /home/travis/build/icyphy/ptII/ptolemy/actor/lib/test/auto/RampFiringLimitSDF.xml
----------------- Instantiating /home/travis/build/icyphy/ptII/ptolemy/actor/lib/test/auto/RampFiringLimitSDF.xml
2 ms. Memory: 577536K Free: 296594K (51%)
----------------- Invoking toplevel() on ptolemy.moml.MoMLSimpleApplication@32198698
----------------- Done invoking toplevel() on ptolemy.moml.MoMLSimpleApplication@32198698
reloadAllAccessors: .RampFiringLimitSDF

===========================================================================================
----------------- testing Wed Jul 17 15:53:47 UTC 2019 /home/travis/build/icyphy/ptII/ptolemy/actor/lib/test/auto/RandomInteger.xml
----------------- Instantiating /home/travis/build/icyphy/ptII/ptolemy/actor/lib/test/auto/RandomInteger.xml
1 ms. Memory: 577536K Free: 292498K (51%)
----------------- Invoking toplevel() on ptolemy.moml.MoMLSimpleApplication@42080621
----------------- Done invoking toplevel() on ptolemy.moml.MoMLSimpleApplication@42080621
reloadAllAccessors: .RandomInteger

===========================================================================================
----------------- testing Wed Jul 17 15:53:47 UTC 2019 /home/travis/build/icyphy/ptII/ptolemy/actor/lib/test/auto/ReadFile1.xml
----------------- Instantiating /home/travis/build/icyphy/ptII/ptolemy/actor/lib/test/auto/ReadFile1.xml
2 ms. Memory: 577536K Free: 287888K (50%)
----------------- Invoking toplevel() on ptolemy.moml.MoMLSimpleApplication@496a4e03
----------------- Done invoking toplevel() on ptolemy.moml.MoMLSimpleApplication@496a4e03
reloadAllAccessors: .ReadFile1

===========================================================================================
----------------- testing Wed Jul 17 15:53:47 UTC 2019 /home/travis/build/icyphy/ptII/ptolemy/actor/lib/test/auto/ReadFile2.xml
----------------- Instantiating /home/travis/build/icyphy/ptII/ptolemy/actor/lib/test/auto/ReadFile2.xml
1 ms. Memory: 577536K Free: 283792K (49%)
----------------- Invoking toplevel() on ptolemy.moml.MoMLSimpleApplication@540a1b55
----------------- Done invoking toplevel() on ptolemy.moml.MoMLSimpleApplication@540a1b55
reloadAllAccessors: .ReadFile2

===========================================================================================
----------------- testing Wed Jul 17 15:53:47 UTC 2019 /home/travis/build/icyphy/ptII/ptolemy/actor/lib/test/auto/Reader.xml
----------------- Instantiating /home/travis/build/icyphy/ptII/ptolemy/actor/lib/test/auto/Reader.xml
actor.lib.Reader is obsolete, use actor.lib.io.ExpressionReader instead
4 ms. Memory: 577536K Free: 279696K (48%)
----------------- Invoking toplevel() on ptolemy.moml.MoMLSimpleApplication@2b5e3bf7
----------------- Done invoking toplevel() on ptolemy.moml.MoMLSimpleApplication@2b5e3bf7
reloadAllAccessors: .Reader

===========================================================================================
----------------- testing Wed Jul 17 15:53:47 UTC 2019 /home/travis/build/icyphy/ptII/ptolemy/actor/lib/test/auto/RecordAssemblerDisplayNameTest.xml
----------------- Instantiating /home/travis/build/icyphy/ptII/ptolemy/actor/lib/test/auto/RecordAssemblerDisplayNameTest.xml
3987 ms. Memory: 577536K Free: 418375K (72%)
----------------- Invoking toplevel() on ptolemy.moml.MoMLSimpleApplication@66fe202e
----------------- Done invoking toplevel() on ptolemy.moml.MoMLSimpleApplication@66fe202e
reloadAllAccessors: .RecordAssemblerDisplayNameTest

===========================================================================================
----------------- testing Wed Jul 17 15:53:51 UTC 2019 /home/travis/build/icyphy/ptII/ptolemy/actor/lib/test/auto/RecordAssemblerTypeError.xml
----------------- Instantiating /home/travis/build/icyphy/ptII/ptolemy/actor/lib/test/auto/RecordAssemblerTypeError.xml
8 ms. Memory: 577536K Free: 408649K (71%)
----------------- Invoking toplevel() on ptolemy.moml.MoMLSimpleApplication@7f5ab93b
----------------- Done invoking toplevel() on ptolemy.moml.MoMLSimpleApplication@7f5ab93b
reloadAllAccessors: .RecordAssemblerTypeError

===========================================================================================
----------------- testing Wed Jul 17 15:53:51 UTC 2019 /home/travis/build/icyphy/ptII/ptolemy/actor/lib/test/auto/RecordDisassember.xml
----------------- Instantiating /home/travis/build/icyphy/ptII/ptolemy/actor/lib/test/auto/RecordDisassember.xml
3 ms. Memory: 577536K Free: 404009K (70%)
----------------- Invoking toplevel() on ptolemy.moml.MoMLSimpleApplication@10ccca68
----------------- Done invoking toplevel() on ptolemy.moml.MoMLSimpleApplication@10ccca68
reloadAllAccessors: .RecordDisassember

===========================================================================================
----------------- testing Wed Jul 17 15:53:51 UTC 2019 /home/travis/build/icyphy/ptII/ptolemy/actor/lib/test/auto/RecordDisassemberDisplayNameTest.xml
----------------- Instantiating /home/travis/build/icyphy/ptII/ptolemy/actor/lib/test/auto/RecordDisassemberDisplayNameTest.xml
5 ms. Memory: 577536K Free: 396361K (69%)
----------------- Invoking toplevel() on ptolemy.moml.MoMLSimpleApplication@2e1caf2d
----------------- Done invoking toplevel() on ptolemy.moml.MoMLSimpleApplication@2e1caf2d
reloadAllAccessors: .RecordDisassemberDisplayNameTest

===========================================================================================
----------------- testing Wed Jul 17 15:53:51 UTC 2019 /home/travis/build/icyphy/ptII/ptolemy/actor/lib/test/auto/RecordDisassembler.xml
----------------- Instantiating /home/travis/build/icyphy/ptII/ptolemy/actor/lib/test/auto/RecordDisassembler.xml
3 ms. Memory: 577536K Free: 391241K (68%)
----------------- Invoking toplevel() on ptolemy.moml.MoMLSimpleApplication@313da44
----------------- Done invoking toplevel() on ptolemy.moml.MoMLSimpleApplication@313da44
reloadAllAccessors: .RecordDisassembler

===========================================================================================
----------------- testing Wed Jul 17 15:53:51 UTC 2019 /home/travis/build/icyphy/ptII/ptolemy/actor/lib/test/auto/RecordDisassembler2.xml
----------------- Instantiating /home/travis/build/icyphy/ptII/ptolemy/actor/lib/test/auto/RecordDisassembler2.xml
2 ms. Memory: 577536K Free: 386121K (67%)
----------------- Invoking toplevel() on ptolemy.moml.MoMLSimpleApplication@6ef7c4da
----------------- Done invoking toplevel() on ptolemy.moml.MoMLSimpleApplication@6ef7c4da
reloadAllAccessors: .RecordDisassembler2

===========================================================================================
----------------- testing Wed Jul 17 15:53:51 UTC 2019 /home/travis/build/icyphy/ptII/ptolemy/actor/lib/test/auto/RecordUpdater.xml
----------------- Instantiating /home/travis/build/icyphy/ptII/ptolemy/actor/lib/test/auto/RecordUpdater.xml
1 ms. Memory: 577536K Free: 381511K (66%)
----------------- Invoking toplevel() on ptolemy.moml.MoMLSimpleApplication@2e97bd11
----------------- Done invoking toplevel() on ptolemy.moml.MoMLSimpleApplication@2e97bd11
reloadAllAccessors: .RecordUpdater

===========================================================================================
----------------- testing Wed Jul 17 15:53:51 UTC 2019 /home/travis/build/icyphy/ptII/ptolemy/actor/lib/test/auto/RecordUpdater2.xml
----------------- Instantiating /home/travis/build/icyphy/ptII/ptolemy/actor/lib/test/auto/RecordUpdater2.xml
4 ms. Memory: 577536K Free: 376391K (65%)
----------------- Invoking toplevel() on ptolemy.moml.MoMLSimpleApplication@427d2a14
----------------- Done invoking toplevel() on ptolemy.moml.MoMLSimpleApplication@427d2a14
reloadAllAccessors: .RecordUpdater2

===========================================================================================
----------------- testing Wed Jul 17 15:53:51 UTC 2019 /home/travis/build/icyphy/ptII/ptolemy/actor/lib/test/auto/RecursiveLattice.xml
----------------- Instantiating /home/travis/build/icyphy/ptII/ptolemy/actor/lib/test/auto/RecursiveLattice.xml
2 ms. Memory: 577536K Free: 372265K (64%)
----------------- Invoking toplevel() on ptolemy.moml.MoMLSimpleApplication@29bbf492
----------------- Done invoking toplevel() on ptolemy.moml.MoMLSimpleApplication@29bbf492
reloadAllAccessors: .RecursiveLattice

===========================================================================================
----------------- testing Wed Jul 17 15:53:51 UTC 2019 /home/travis/build/icyphy/ptII/ptolemy/actor/lib/test/auto/Router.xml
----------------- Instantiating /home/travis/build/icyphy/ptII/ptolemy/actor/lib/test/auto/Router.xml
3004 ms. Memory: 577536K Free: 361545K (63%)
----------------- Invoking toplevel() on ptolemy.moml.MoMLSimpleApplication@38516b12
----------------- Done invoking toplevel() on ptolemy.moml.MoMLSimpleApplication@38516b12
reloadAllAccessors: .Router

===========================================================================================
----------------- testing Wed Jul 17 15:53:54 UTC 2019 /home/travis/build/icyphy/ptII/ptolemy/actor/lib/test/auto/Router2.xml
----------------- Instantiating /home/travis/build/icyphy/ptII/ptolemy/actor/lib/test/auto/Router2.xml
3003 ms. Memory: 577536K Free: 351305K (61%)
----------------- Invoking toplevel() on ptolemy.moml.MoMLSimpleApplication@357b8bd6
----------------- Done invoking toplevel() on ptolemy.moml.MoMLSimpleApplication@357b8bd6
reloadAllAccessors: .Router2

===========================================================================================
----------------- testing Wed Jul 17 15:53:57 UTC 2019 /home/travis/build/icyphy/ptII/ptolemy/actor/lib/test/auto/RunningMaximum.xml
----------------- Instantiating /home/travis/build/icyphy/ptII/ptolemy/actor/lib/test/auto/RunningMaximum.xml
2 ms. Memory: 577536K Free: 346185K (60%)
----------------- Invoking toplevel() on ptolemy.moml.MoMLSimpleApplication@7b9f2ee3
----------------- Done invoking toplevel() on ptolemy.moml.MoMLSimpleApplication@7b9f2ee3
reloadAllAccessors: .RunningMaximum

===========================================================================================
----------------- testing Wed Jul 17 15:53:57 UTC 2019 /home/travis/build/icyphy/ptII/ptolemy/actor/lib/test/auto/RunningMinimum.xml
----------------- Instantiating /home/travis/build/icyphy/ptII/ptolemy/actor/lib/test/auto/RunningMinimum.xml
9 ms. Memory: 577536K Free: 340551K (59%)
----------------- Invoking toplevel() on ptolemy.moml.MoMLSimpleApplication@269b9448
----------------- Done invoking toplevel() on ptolemy.moml.MoMLSimpleApplication@269b9448
reloadAllAccessors: .RunningMinimum

===========================================================================================
----------------- testing Wed Jul 17 15:53:57 UTC 2019 /home/travis/build/icyphy/ptII/ptolemy/actor/lib/test/auto/Scale.xml
----------------- Instantiating /home/travis/build/icyphy/ptII/ptolemy/actor/lib/test/auto/Scale.xml
4 ms. Memory: 577536K Free: 335945K (58%)
----------------- Invoking toplevel() on ptolemy.moml.MoMLSimpleApplication@4cf58653
----------------- Done invoking toplevel() on ptolemy.moml.MoMLSimpleApplication@4cf58653
reloadAllAccessors: .Scale

===========================================================================================
----------------- testing Wed Jul 17 15:53:57 UTC 2019 /home/travis/build/icyphy/ptII/ptolemy/actor/lib/test/auto/Scale2.xml
----------------- Instantiating /home/travis/build/icyphy/ptII/ptolemy/actor/lib/test/auto/Scale2.xml
2 ms. Memory: 577536K Free: 331335K (57%)
----------------- Invoking toplevel() on ptolemy.moml.MoMLSimpleApplication@7541c196
----------------- Done invoking toplevel() on ptolemy.moml.MoMLSimpleApplication@7541c196
reloadAllAccessors: .Scale2

===========================================================================================
----------------- testing Wed Jul 17 15:53:57 UTC 2019 /home/travis/build/icyphy/ptII/ptolemy/actor/lib/test/auto/Scale3.xml
----------------- Instantiating /home/travis/build/icyphy/ptII/ptolemy/actor/lib/test/auto/Scale3.xml
3 ms. Memory: 577536K Free: 325191K (56%)
----------------- Invoking toplevel() on ptolemy.moml.MoMLSimpleApplication@6322407d
----------------- Done invoking toplevel() on ptolemy.moml.MoMLSimpleApplication@6322407d
reloadAllAccessors: .Scale3

===========================================================================================
----------------- testing Wed Jul 17 15:53:57 UTC 2019 /home/travis/build/icyphy/ptII/ptolemy/actor/lib/test/auto/ScaleArray.xml
----------------- Instantiating /home/travis/build/icyphy/ptII/ptolemy/actor/lib/test/auto/ScaleArray.xml
1 ms. Memory: 577536K Free: 320585K (56%)
----------------- Invoking toplevel() on ptolemy.moml.MoMLSimpleApplication@1d2ba5fd
----------------- Done invoking toplevel() on ptolemy.moml.MoMLSimpleApplication@1d2ba5fd
reloadAllAccessors: .ScaleArray

===========================================================================================
----------------- testing Wed Jul 17 15:53:57 UTC 2019 /home/travis/build/icyphy/ptII/ptolemy/actor/lib/test/auto/ScaleArray2.xml
----------------- Instantiating /home/travis/build/icyphy/ptII/ptolemy/actor/lib/test/auto/ScaleArray2.xml
1 ms. Memory: 577536K Free: 315975K (55%)
----------------- Invoking toplevel() on ptolemy.moml.MoMLSimpleApplication@56f6a623
----------------- Done invoking toplevel() on ptolemy.moml.MoMLSimpleApplication@56f6a623
reloadAllAccessors: .ScaleArray2

===========================================================================================
----------------- testing Wed Jul 17 15:53:57 UTC 2019 /home/travis/build/icyphy/ptII/ptolemy/actor/lib/test/auto/ScaleMatrix.xml
----------------- Instantiating /home/travis/build/icyphy/ptII/ptolemy/actor/lib/test/auto/ScaleMatrix.xml
113 ms. Memory: 577536K Free: 302663K (52%)
----------------- Invoking toplevel() on ptolemy.moml.MoMLSimpleApplication@3de69b5c
----------------- Done invoking toplevel() on ptolemy.moml.MoMLSimpleApplication@3de69b5c
reloadAllAccessors: .ScaleMatrix

===========================================================================================
----------------- testing Wed Jul 17 15:53:57 UTC 2019 /home/travis/build/icyphy/ptII/ptolemy/actor/lib/test/auto/Select.xml
----------------- Instantiating /home/travis/build/icyphy/ptII/ptolemy/actor/lib/test/auto/Select.xml
3 ms. Memory: 577536K Free: 296505K (51%)
----------------- Invoking toplevel() on ptolemy.moml.MoMLSimpleApplication@2e76ba14
----------------- Done invoking toplevel() on ptolemy.moml.MoMLSimpleApplication@2e76ba14
reloadAllAccessors: .Select

===========================================================================================
----------------- testing Wed Jul 17 15:53:57 UTC 2019 /home/travis/build/icyphy/ptII/ptolemy/actor/lib/test/auto/Select2.xml
----------------- Instantiating /home/travis/build/icyphy/ptII/ptolemy/actor/lib/test/auto/Select2.xml
1 ms. Memory: 577536K Free: 291913K (51%)
----------------- Invoking toplevel() on ptolemy.moml.MoMLSimpleApplication@715f2a2b
----------------- Done invoking toplevel() on ptolemy.moml.MoMLSimpleApplication@715f2a2b
reloadAllAccessors: .Select2

===========================================================================================
----------------- testing Wed Jul 17 15:53:57 UTC 2019 /home/travis/build/icyphy/ptII/ptolemy/actor/lib/test/auto/SequenceToArray2.xml
----------------- Instantiating /home/travis/build/icyphy/ptII/ptolemy/actor/lib/test/auto/SequenceToArray2.xml
104 ms. Memory: 577536K Free: 267833K (46%)
----------------- Invoking toplevel() on ptolemy.moml.MoMLSimpleApplication@25fba0c5
----------------- Done invoking toplevel() on ptolemy.moml.MoMLSimpleApplication@25fba0c5
reloadAllAccessors: .SequenceToArray2

===========================================================================================
----------------- testing Wed Jul 17 15:53:58 UTC 2019 /home/travis/build/icyphy/ptII/ptolemy/actor/lib/test/auto/SequentialClock.xml
----------------- Instantiating /home/travis/build/icyphy/ptII/ptolemy/actor/lib/test/auto/SequentialClock.xml
1 ms. Memory: 577536K Free: 263751K (46%)
----------------- Invoking toplevel() on ptolemy.moml.MoMLSimpleApplication@5f640e06
----------------- Done invoking toplevel() on ptolemy.moml.MoMLSimpleApplication@5f640e06
reloadAllAccessors: .SequentialClock

===========================================================================================
----------------- testing Wed Jul 17 15:53:58 UTC 2019 /home/travis/build/icyphy/ptII/ptolemy/actor/lib/test/auto/SetVariable.xml
----------------- Instantiating /home/travis/build/icyphy/ptII/ptolemy/actor/lib/test/auto/SetVariable.xml
5 ms. Memory: 577536K Free: 259145K (45%)
----------------- Invoking toplevel() on ptolemy.moml.MoMLSimpleApplication@173ed8e2
----------------- Done invoking toplevel() on ptolemy.moml.MoMLSimpleApplication@173ed8e2
reloadAllAccessors: .SetVariable

===========================================================================================
----------------- testing Wed Jul 17 15:53:58 UTC 2019 /home/travis/build/icyphy/ptII/ptolemy/actor/lib/test/auto/SetVariable2.xml
----------------- Instantiating /home/travis/build/icyphy/ptII/ptolemy/actor/lib/test/auto/SetVariable2.xml
4 ms. Memory: 577536K Free: 254025K (44%)
----------------- Invoking toplevel() on ptolemy.moml.MoMLSimpleApplication@78fe44f8
----------------- Done invoking toplevel() on ptolemy.moml.MoMLSimpleApplication@78fe44f8
reloadAllAccessors: .SetVariable2

===========================================================================================
----------------- testing Wed Jul 17 15:53:58 UTC 2019 /home/travis/build/icyphy/ptII/ptolemy/actor/lib/test/auto/SetVariable3.xml
----------------- Instantiating /home/travis/build/icyphy/ptII/ptolemy/actor/lib/test/auto/SetVariable3.xml
8 ms. Memory: 577536K Free: 248391K (43%)
----------------- Invoking toplevel() on ptolemy.moml.MoMLSimpleApplication@7726e835
----------------- Done invoking toplevel() on ptolemy.moml.MoMLSimpleApplication@7726e835
reloadAllAccessors: .SetVariable3

===========================================================================================
----------------- testing Wed Jul 17 15:53:58 UTC 2019 /home/travis/build/icyphy/ptII/ptolemy/actor/lib/test/auto/SetVariable4.xml
----------------- Instantiating /home/travis/build/icyphy/ptII/ptolemy/actor/lib/test/auto/SetVariable4.xml
16 ms. Memory: 577536K Free: 238665K (41%)
----------------- Invoking toplevel() on ptolemy.moml.MoMLSimpleApplication@782ab7e3
----------------- Done invoking toplevel() on ptolemy.moml.MoMLSimpleApplication@782ab7e3
reloadAllAccessors: .SetVariable4

===========================================================================================
----------------- testing Wed Jul 17 15:53:58 UTC 2019 /home/travis/build/icyphy/ptII/ptolemy/actor/lib/test/auto/SetVariable5.xml
----------------- Instantiating /home/travis/build/icyphy/ptII/ptolemy/actor/lib/test/auto/SetVariable5.xml
17 ms. Memory: 577536K Free: 229449K (40%)
----------------- Invoking toplevel() on ptolemy.moml.MoMLSimpleApplication@46760578
----------------- Done invoking toplevel() on ptolemy.moml.MoMLSimpleApplication@46760578
reloadAllAccessors: .SetVariable5

===========================================================================================
----------------- testing Wed Jul 17 15:53:58 UTC 2019 /home/travis/build/icyphy/ptII/ptolemy/actor/lib/test/auto/Sinewave.xml
----------------- Instantiating /home/travis/build/icyphy/ptII/ptolemy/actor/lib/test/auto/Sinewave.xml
6 ms. Memory: 577536K Free: 219209K (38%)
----------------- Invoking toplevel() on ptolemy.moml.MoMLSimpleApplication@7e2f51d
----------------- Done invoking toplevel() on ptolemy.moml.MoMLSimpleApplication@7e2f51d
reloadAllAccessors: .Sinewave

===========================================================================================
----------------- testing Wed Jul 17 15:53:58 UTC 2019 /home/travis/build/icyphy/ptII/ptolemy/actor/lib/test/auto/Sinewave2.xml
----------------- Instantiating /home/travis/build/icyphy/ptII/ptolemy/actor/lib/test/auto/Sinewave2.xml
7 ms. Memory: 577536K Free: 210503K (36%)
----------------- Invoking toplevel() on ptolemy.moml.MoMLSimpleApplication@285bf9cf
----------------- Done invoking toplevel() on ptolemy.moml.MoMLSimpleApplication@285bf9cf
reloadAllAccessors: .Sinewave2

===========================================================================================
----------------- testing Wed Jul 17 15:53:58 UTC 2019 /home/travis/build/icyphy/ptII/ptolemy/actor/lib/test/auto/Sinewave3.xml
----------------- Instantiating /home/travis/build/icyphy/ptII/ptolemy/actor/lib/test/auto/Sinewave3.xml
9 ms. Memory: 577536K Free: 202281K (35%)
----------------- Invoking toplevel() on ptolemy.moml.MoMLSimpleApplication@59a5074a
----------------- Done invoking toplevel() on ptolemy.moml.MoMLSimpleApplication@59a5074a
reloadAllAccessors: .Sinewave3

===========================================================================================
----------------- testing Wed Jul 17 15:53:58 UTC 2019 /home/travis/build/icyphy/ptII/ptolemy/actor/lib/test/auto/SingleEvent.xml
----------------- Instantiating /home/travis/build/icyphy/ptII/ptolemy/actor/lib/test/auto/SingleEvent.xml
1 ms. Memory: 577536K Free: 198215K (34%)
----------------- Invoking toplevel() on ptolemy.moml.MoMLSimpleApplication@58828105
----------------- Done invoking toplevel() on ptolemy.moml.MoMLSimpleApplication@58828105
reloadAllAccessors: .SingleEvent

===========================================================================================
----------------- testing Wed Jul 17 15:53:58 UTC 2019 /home/travis/build/icyphy/ptII/ptolemy/actor/lib/test/auto/Sleep.xml
----------------- Instantiating /home/travis/build/icyphy/ptII/ptolemy/actor/lib/test/auto/Sleep.xml
6003 ms. Memory: 577536K Free: 192585K (33%)
----------------- Invoking toplevel() on ptolemy.moml.MoMLSimpleApplication@68bf5b33
----------------- Done invoking toplevel() on ptolemy.moml.MoMLSimpleApplication@68bf5b33
reloadAllAccessors: .Sleep

===========================================================================================
----------------- testing Wed Jul 17 15:54:04 UTC 2019 /home/travis/build/icyphy/ptII/ptolemy/actor/lib/test/auto/SleepMultipleFire.xml
----------------- Instantiating /home/travis/build/icyphy/ptII/ptolemy/actor/lib/test/auto/SleepMultipleFire.xml
1007 ms. Memory: 577536K Free: 186951K (32%)
----------------- Invoking toplevel() on ptolemy.moml.MoMLSimpleApplication@3984b738
----------------- Done invoking toplevel() on ptolemy.moml.MoMLSimpleApplication@3984b738
reloadAllAccessors: .SleepMultipleFire

===========================================================================================
----------------- testing Wed Jul 17 15:54:05 UTC 2019 /home/travis/build/icyphy/ptII/ptolemy/actor/lib/test/auto/StopDE.xml
----------------- Instantiating /home/travis/build/icyphy/ptII/ptolemy/actor/lib/test/auto/StopDE.xml
3 ms. Memory: 577536K Free: 521283K (90%)
----------------- Invoking toplevel() on ptolemy.moml.MoMLSimpleApplication@2bbb9555
----------------- Done invoking toplevel() on ptolemy.moml.MoMLSimpleApplication@2bbb9555
reloadAllAccessors: .StopDE

===========================================================================================
----------------- testing Wed Jul 17 15:54:05 UTC 2019 /home/travis/build/icyphy/ptII/ptolemy/actor/lib/test/auto/StopSDF.xml
----------------- Instantiating /home/travis/build/icyphy/ptII/ptolemy/actor/lib/test/auto/StopSDF.xml
2 ms. Memory: 577536K Free: 515649K (89%)
----------------- Invoking toplevel() on ptolemy.moml.MoMLSimpleApplication@15fcff14
----------------- Done invoking toplevel() on ptolemy.moml.MoMLSimpleApplication@15fcff14
reloadAllAccessors: .StopSDF

===========================================================================================
----------------- testing Wed Jul 17 15:54:05 UTC 2019 /home/travis/build/icyphy/ptII/ptolemy/actor/lib/test/auto/StringConstant.xml
----------------- Instantiating /home/travis/build/icyphy/ptII/ptolemy/actor/lib/test/auto/StringConstant.xml
10 ms. Memory: 577536K Free: 511041K (88%)
----------------- Invoking toplevel() on ptolemy.moml.MoMLSimpleApplication@50064458
----------------- Done invoking toplevel() on ptolemy.moml.MoMLSimpleApplication@50064458
reloadAllAccessors: .StringConstant

===========================================================================================
----------------- testing Wed Jul 17 15:54:05 UTC 2019 /home/travis/build/icyphy/ptII/ptolemy/actor/lib/test/auto/SubscriberPortInitialValues1.xml
----------------- Instantiating /home/travis/build/icyphy/ptII/ptolemy/actor/lib/test/auto/SubscriberPortInitialValues1.xml
9 ms. Memory: 577536K Free: 502337K (87%)
----------------- Invoking toplevel() on ptolemy.moml.MoMLSimpleApplication@4b30c89b
----------------- Done invoking toplevel() on ptolemy.moml.MoMLSimpleApplication@4b30c89b
reloadAllAccessors: .SubscriberPortInitialValues1

===========================================================================================
----------------- testing Wed Jul 17 15:54:05 UTC 2019 /home/travis/build/icyphy/ptII/ptolemy/actor/lib/test/auto/SubscriberPortInitialValues13.xml
----------------- Instantiating /home/travis/build/icyphy/ptII/ptolemy/actor/lib/test/auto/SubscriberPortInitialValues13.xml
5 ms. Memory: 577536K Free: 489025K (85%)
----------------- Invoking toplevel() on ptolemy.moml.MoMLSimpleApplication@3da3ba33
----------------- Done invoking toplevel() on ptolemy.moml.MoMLSimpleApplication@3da3ba33
reloadAllAccessors: .SubscriberPortInitialValues13

===========================================================================================
----------------- testing Wed Jul 17 15:54:05 UTC 2019 /home/travis/build/icyphy/ptII/ptolemy/actor/lib/test/auto/SubscriberPortInitialValues14.xml
----------------- Instantiating /home/travis/build/icyphy/ptII/ptolemy/actor/lib/test/auto/SubscriberPortInitialValues14.xml
4 ms. Memory: 577536K Free: 481347K (83%)
----------------- Invoking toplevel() on ptolemy.moml.MoMLSimpleApplication@3d83adca
----------------- Done invoking toplevel() on ptolemy.moml.MoMLSimpleApplication@3d83adca
reloadAllAccessors: .SubscriberPortInitialValues14

===========================================================================================
----------------- testing Wed Jul 17 15:54:05 UTC 2019 /home/travis/build/icyphy/ptII/ptolemy/actor/lib/test/auto/SubscriberPortInitialValues2.xml
----------------- Instantiating /home/travis/build/icyphy/ptII/ptolemy/actor/lib/test/auto/SubscriberPortInitialValues2.xml
5 ms. Memory: 577536K Free: 473665K (82%)
----------------- Invoking toplevel() on ptolemy.moml.MoMLSimpleApplication@155398e2
----------------- Done invoking toplevel() on ptolemy.moml.MoMLSimpleApplication@155398e2
reloadAllAccessors: .SubscriberPortInitialValues2

===========================================================================================
----------------- testing Wed Jul 17 15:54:05 UTC 2019 /home/travis/build/icyphy/ptII/ptolemy/actor/lib/test/auto/SubscriberPortInitialValues3.xml
----------------- Instantiating /home/travis/build/icyphy/ptII/ptolemy/actor/lib/test/auto/SubscriberPortInitialValues3.xml
4 ms. Memory: 577536K Free: 462915K (80%)
----------------- Invoking toplevel() on ptolemy.moml.MoMLSimpleApplication@1b5d87d6
----------------- Done invoking toplevel() on ptolemy.moml.MoMLSimpleApplication@1b5d87d6
reloadAllAccessors: .SubscriberPortInitialValues3

===========================================================================================
----------------- testing Wed Jul 17 15:54:05 UTC 2019 /home/travis/build/icyphy/ptII/ptolemy/actor/lib/test/auto/SubscriptionAggregator.xml
----------------- Instantiating /home/travis/build/icyphy/ptII/ptolemy/actor/lib/test/auto/SubscriptionAggregator.xml
7 ms. Memory: 577536K Free: 455747K (79%)
----------------- Invoking toplevel() on ptolemy.moml.MoMLSimpleApplication@5feee115
----------------- Done invoking toplevel() on ptolemy.moml.MoMLSimpleApplication@5feee115
reloadAllAccessors: .SubscriptionAggregator

===========================================================================================
----------------- testing Wed Jul 17 15:54:05 UTC 2019 /home/travis/build/icyphy/ptII/ptolemy/actor/lib/test/auto/SubscriptionAggregator2.xml
----------------- Instantiating /home/travis/build/icyphy/ptII/ptolemy/actor/lib/test/auto/SubscriptionAggregator2.xml
2 ms. Memory: 577536K Free: 449075K (78%)
----------------- Invoking toplevel() on ptolemy.moml.MoMLSimpleApplication@6cef0e15
----------------- Done invoking toplevel() on ptolemy.moml.MoMLSimpleApplication@6cef0e15
reloadAllAccessors: .SubscriptionAggregator2

===========================================================================================
----------------- testing Wed Jul 17 15:54:05 UTC 2019 /home/travis/build/icyphy/ptII/ptolemy/actor/lib/test/auto/SubscriptionAggregator3.xml
----------------- Instantiating /home/travis/build/icyphy/ptII/ptolemy/actor/lib/test/auto/SubscriptionAggregator3.xml
4 ms. Memory: 577536K Free: 440891K (76%)
----------------- Invoking toplevel() on ptolemy.moml.MoMLSimpleApplication@18328c25
----------------- Done invoking toplevel() on ptolemy.moml.MoMLSimpleApplication@18328c25
reloadAllAccessors: .SubscriptionAggregator3

===========================================================================================
----------------- testing Wed Jul 17 15:54:05 UTC 2019 /home/travis/build/icyphy/ptII/ptolemy/actor/lib/test/auto/SubscriptionAggregatorMultiply.xml
----------------- Instantiating /home/travis/build/icyphy/ptII/ptolemy/actor/lib/test/auto/SubscriptionAggregatorMultiply.xml
13 ms. Memory: 577536K Free: 432699K (75%)
----------------- Invoking toplevel() on ptolemy.moml.MoMLSimpleApplication@2d252643
----------------- Done invoking toplevel() on ptolemy.moml.MoMLSimpleApplication@2d252643
reloadAllAccessors: .SubscriptionAggregatorMultiply

===========================================================================================
----------------- testing Wed Jul 17 15:54:05 UTC 2019 /home/travis/build/icyphy/ptII/ptolemy/actor/lib/test/auto/SubscriptionAggregatorPortMultiply1.xml
----------------- Instantiating /home/travis/build/icyphy/ptII/ptolemy/actor/lib/test/auto/SubscriptionAggregatorPortMultiply1.xml
4 ms. Memory: 577536K Free: 425027K (74%)
----------------- Invoking toplevel() on ptolemy.moml.MoMLSimpleApplication@6a8e3115
----------------- Done invoking toplevel() on ptolemy.moml.MoMLSimpleApplication@6a8e3115
reloadAllAccessors: .SubscriptionAggregatorPortMultiply1

===========================================================================================
----------------- testing Wed Jul 17 15:54:05 UTC 2019 /home/travis/build/icyphy/ptII/ptolemy/actor/lib/test/auto/Switch.xml
----------------- Instantiating /home/travis/build/icyphy/ptII/ptolemy/actor/lib/test/auto/Switch.xml
8 ms. Memory: 577536K Free: 416835K (72%)
----------------- Invoking toplevel() on ptolemy.moml.MoMLSimpleApplication@281583fc
----------------- Done invoking toplevel() on ptolemy.moml.MoMLSimpleApplication@281583fc
reloadAllAccessors: .Switch

===========================================================================================
----------------- testing Wed Jul 17 15:54:05 UTC 2019 /home/travis/build/icyphy/ptII/ptolemy/actor/lib/test/auto/Switch2.xml
----------------- Instantiating /home/travis/build/icyphy/ptII/ptolemy/actor/lib/test/auto/Switch2.xml
1 ms. Memory: 577536K Free: 412225K (71%)
----------------- Invoking toplevel() on ptolemy.moml.MoMLSimpleApplication@24231991
----------------- Done invoking toplevel() on ptolemy.moml.MoMLSimpleApplication@24231991
reloadAllAccessors: .Switch2

===========================================================================================
----------------- testing Wed Jul 17 15:54:05 UTC 2019 /home/travis/build/icyphy/ptII/ptolemy/actor/lib/test/auto/SwitchDE.xml
----------------- Instantiating /home/travis/build/icyphy/ptII/ptolemy/actor/lib/test/auto/SwitchDE.xml
2 ms. Memory: 577536K Free: 405571K (70%)
----------------- Invoking toplevel() on ptolemy.moml.MoMLSimpleApplication@24cbfba
----------------- Done invoking toplevel() on ptolemy.moml.MoMLSimpleApplication@24cbfba
reloadAllAccessors: .SwitchDE

===========================================================================================
----------------- testing Wed Jul 17 15:54:05 UTC 2019 /home/travis/build/icyphy/ptII/ptolemy/actor/lib/test/auto/SynchronizerDE.xml
----------------- Instantiating /home/travis/build/icyphy/ptII/ptolemy/actor/lib/test/auto/SynchronizerDE.xml
8 ms. Memory: 577536K Free: 397379K (69%)
----------------- Invoking toplevel() on ptolemy.moml.MoMLSimpleApplication@1b364675
----------------- Done invoking toplevel() on ptolemy.moml.MoMLSimpleApplication@1b364675
reloadAllAccessors: .SynchronizerDE

===========================================================================================
----------------- testing Wed Jul 17 15:54:05 UTC 2019 /home/travis/build/icyphy/ptII/ptolemy/actor/lib/test/auto/Test.xml
----------------- Instantiating /home/travis/build/icyphy/ptII/ptolemy/actor/lib/test/auto/Test.xml
11 ms. Memory: 577536K Free: 392259K (68%)
----------------- Invoking toplevel() on ptolemy.moml.MoMLSimpleApplication@4f7fc5b6
----------------- Done invoking toplevel() on ptolemy.moml.MoMLSimpleApplication@4f7fc5b6
reloadAllAccessors: .Test

===========================================================================================
----------------- testing Wed Jul 17 15:54:05 UTC 2019 /home/travis/build/icyphy/ptII/ptolemy/actor/lib/test/auto/TestExceptionAttribute1.xml
----------------- Instantiating /home/travis/build/icyphy/ptII/ptolemy/actor/lib/test/auto/TestExceptionAttribute1.xml
1 ms. Memory: 577536K Free: 388673K (67%)
----------------- Invoking toplevel() on ptolemy.moml.MoMLSimpleApplication@72bc0e01
----------------- Done invoking toplevel() on ptolemy.moml.MoMLSimpleApplication@72bc0e01
reloadAllAccessors: .TestExceptionAttribute1

===========================================================================================
----------------- testing Wed Jul 17 15:54:05 UTC 2019 /home/travis/build/icyphy/ptII/ptolemy/actor/lib/test/auto/TestExceptionAttribute2.xml
----------------- Instantiating /home/travis/build/icyphy/ptII/ptolemy/actor/lib/test/auto/TestExceptionAttribute2.xml
1 ms. Memory: 577536K Free: 385091K (67%)
----------------- Invoking toplevel() on ptolemy.moml.MoMLSimpleApplication@1d4d8d64
----------------- Done invoking toplevel() on ptolemy.moml.MoMLSimpleApplication@1d4d8d64
reloadAllAccessors: .TestExceptionAttribute2

===========================================================================================
----------------- testing Wed Jul 17 15:54:05 UTC 2019 /home/travis/build/icyphy/ptII/ptolemy/actor/lib/test/auto/TestExceptionAttribute3.xml
----------------- Instantiating /home/travis/build/icyphy/ptII/ptolemy/actor/lib/test/auto/TestExceptionAttribute3.xml
.TestExceptionAttribute3.TestExceptionAttribute: initialize() was not invoked, but wrapup() was.  This is unusual, but not always a problem.  For example, exporting JNLP will do this.
0 ms. Memory: 577536K Free: 381505K (66%)
----------------- Invoking toplevel() on ptolemy.moml.MoMLSimpleApplication@a757754
----------------- Done invoking toplevel() on ptolemy.moml.MoMLSimpleApplication@a757754
reloadAllAccessors: .TestExceptionAttribute3

===========================================================================================
----------------- testing Wed Jul 17 15:54:05 UTC 2019 /home/travis/build/icyphy/ptII/ptolemy/actor/lib/test/auto/TestExceptionAttribute4.xml
----------------- Instantiating /home/travis/build/icyphy/ptII/ptolemy/actor/lib/test/auto/TestExceptionAttribute4.xml
.TestExceptionAttribute4.TestExceptionAttribute: initialize() was not invoked, but wrapup() was.  This is unusual, but not always a problem.  For example, exporting JNLP will do this.
.TestExceptionAttribute4.TestExceptionAttribute2: initialize() was not invoked, but wrapup() was.  This is unusual, but not always a problem.  For example, exporting JNLP will do this.
0 ms. Memory: 577536K Free: 376899K (65%)
----------------- Invoking toplevel() on ptolemy.moml.MoMLSimpleApplication@5499b25d
----------------- Done invoking toplevel() on ptolemy.moml.MoMLSimpleApplication@5499b25d
reloadAllAccessors: .TestExceptionAttribute4

===========================================================================================
----------------- testing Wed Jul 17 15:54:05 UTC 2019 /home/travis/build/icyphy/ptII/ptolemy/actor/lib/test/auto/TestExceptionHandler1.xml
----------------- Instantiating /home/travis/build/icyphy/ptII/ptolemy/actor/lib/test/auto/TestExceptionHandler1.xml
1 ms. Memory: 577536K Free: 373313K (65%)
----------------- Invoking toplevel() on ptolemy.moml.MoMLSimpleApplication@20258dd1
----------------- Done invoking toplevel() on ptolemy.moml.MoMLSimpleApplication@20258dd1
reloadAllAccessors: .TestExceptionHandler1

===========================================================================================
----------------- testing Wed Jul 17 15:54:05 UTC 2019 /home/travis/build/icyphy/ptII/ptolemy/actor/lib/test/auto/TestExceptionHandler2.xml
----------------- Instantiating /home/travis/build/icyphy/ptII/ptolemy/actor/lib/test/auto/TestExceptionHandler2.xml
1 ms. Memory: 577536K Free: 369731K (64%)
----------------- Invoking toplevel() on ptolemy.moml.MoMLSimpleApplication@fc58b95
----------------- Done invoking toplevel() on ptolemy.moml.MoMLSimpleApplication@fc58b95
reloadAllAccessors: .TestExceptionHandler2

===========================================================================================
----------------- testing Wed Jul 17 15:54:05 UTC 2019 /home/travis/build/icyphy/ptII/ptolemy/actor/lib/test/auto/TestExceptionHandler3.xml
----------------- Instantiating /home/travis/build/icyphy/ptII/ptolemy/actor/lib/test/auto/TestExceptionHandler3.xml
1 ms. Memory: 577536K Free: 366145K (63%)
----------------- Invoking toplevel() on ptolemy.moml.MoMLSimpleApplication@1cb79977
----------------- Done invoking toplevel() on ptolemy.moml.MoMLSimpleApplication@1cb79977
reloadAllAccessors: .TestExceptionHandler3

===========================================================================================
----------------- testing Wed Jul 17 15:54:05 UTC 2019 /home/travis/build/icyphy/ptII/ptolemy/actor/lib/test/auto/TestExceptionHandler4.xml
----------------- Instantiating /home/travis/build/icyphy/ptII/ptolemy/actor/lib/test/auto/TestExceptionHandler4.xml
1 ms. Memory: 577536K Free: 362049K (63%)
----------------- Invoking toplevel() on ptolemy.moml.MoMLSimpleApplication@1cd096a
----------------- Done invoking toplevel() on ptolemy.moml.MoMLSimpleApplication@1cd096a
reloadAllAccessors: .TestExceptionHandler4

===========================================================================================
----------------- testing Wed Jul 17 15:54:05 UTC 2019 /home/travis/build/icyphy/ptII/ptolemy/actor/lib/test/auto/TestRequireCorrectOrder.xml
----------------- Instantiating /home/travis/build/icyphy/ptII/ptolemy/actor/lib/test/auto/TestRequireCorrectOrder.xml
6 ms. Memory: 577536K Free: 356923K (62%)
----------------- Invoking toplevel() on ptolemy.moml.MoMLSimpleApplication@73bdcb35
----------------- Done invoking toplevel() on ptolemy.moml.MoMLSimpleApplication@73bdcb35
reloadAllAccessors: .TestRequireCorrectOrder

===========================================================================================
----------------- testing Wed Jul 17 15:54:05 UTC 2019 /home/travis/build/icyphy/ptII/ptolemy/actor/lib/test/auto/TestSimple.xml
----------------- Instantiating /home/travis/build/icyphy/ptII/ptolemy/actor/lib/test/auto/TestSimple.xml
1 ms. Memory: 577536K Free: 351809K (61%)
----------------- Invoking toplevel() on ptolemy.moml.MoMLSimpleApplication@5749730e
----------------- Done invoking toplevel() on ptolemy.moml.MoMLSimpleApplication@5749730e
reloadAllAccessors: .TestSimple

===========================================================================================
----------------- testing Wed Jul 17 15:54:05 UTC 2019 /home/travis/build/icyphy/ptII/ptolemy/actor/lib/test/auto/ThrowModelError.xml
----------------- Instantiating /home/travis/build/icyphy/ptII/ptolemy/actor/lib/test/auto/ThrowModelError.xml
1 ms. Memory: 577536K Free: 347203K (60%)
----------------- Invoking toplevel() on ptolemy.moml.MoMLSimpleApplication@2aa95e3
----------------- Done invoking toplevel() on ptolemy.moml.MoMLSimpleApplication@2aa95e3
reloadAllAccessors: .ThrowModelError

===========================================================================================
----------------- testing Wed Jul 17 15:54:05 UTC 2019 /home/travis/build/icyphy/ptII/ptolemy/actor/lib/test/auto/TimeDelayMicrosteps.xml
----------------- Instantiating /home/travis/build/icyphy/ptII/ptolemy/actor/lib/test/auto/TimeDelayMicrosteps.xml
4 ms. Memory: 577536K Free: 340515K (59%)
----------------- Invoking toplevel() on ptolemy.moml.MoMLSimpleApplication@77ebb8c
----------------- Done invoking toplevel() on ptolemy.moml.MoMLSimpleApplication@77ebb8c
reloadAllAccessors: .TimeDelayMicrosteps

===========================================================================================
----------------- testing Wed Jul 17 15:54:05 UTC 2019 /home/travis/build/icyphy/ptII/ptolemy/actor/lib/test/auto/TimeDelayMicrosteps2.xml
----------------- Instantiating /home/travis/build/icyphy/ptII/ptolemy/actor/lib/test/auto/TimeDelayMicrosteps2.xml
3 ms. Memory: 577536K Free: 333363K (58%)
----------------- Invoking toplevel() on ptolemy.moml.MoMLSimpleApplication@5efb6097
----------------- Done invoking toplevel() on ptolemy.moml.MoMLSimpleApplication@5efb6097
reloadAllAccessors: .TimeDelayMicrosteps2

===========================================================================================
----------------- testing Wed Jul 17 15:54:05 UTC 2019 /home/travis/build/icyphy/ptII/ptolemy/actor/lib/test/auto/TimeDelayMicrosteps3.xml
----------------- Instantiating /home/travis/build/icyphy/ptII/ptolemy/actor/lib/test/auto/TimeDelayMicrosteps3.xml
9 ms. Memory: 577536K Free: 326723K (57%)
----------------- Invoking toplevel() on ptolemy.moml.MoMLSimpleApplication@71e171d8
----------------- Done invoking toplevel() on ptolemy.moml.MoMLSimpleApplication@71e171d8
reloadAllAccessors: .TimeDelayMicrosteps3

===========================================================================================
----------------- testing Wed Jul 17 15:54:06 UTC 2019 /home/travis/build/icyphy/ptII/ptolemy/actor/lib/test/auto/TimeDelayVariableMicrosteps.xml
----------------- Instantiating /home/travis/build/icyphy/ptII/ptolemy/actor/lib/test/auto/TimeDelayVariableMicrosteps.xml
3 ms. Memory: 577536K Free: 320065K (55%)
----------------- Invoking toplevel() on ptolemy.moml.MoMLSimpleApplication@873bfb3
----------------- Done invoking toplevel() on ptolemy.moml.MoMLSimpleApplication@873bfb3
reloadAllAccessors: .TimeDelayVariableMicrosteps

===========================================================================================
----------------- testing Wed Jul 17 15:54:06 UTC 2019 /home/travis/build/icyphy/ptII/ptolemy/actor/lib/test/auto/TimeGap.xml
----------------- Instantiating /home/travis/build/icyphy/ptII/ptolemy/actor/lib/test/auto/TimeGap.xml
3 ms. Memory: 577536K Free: 314931K (55%)
----------------- Invoking toplevel() on ptolemy.moml.MoMLSimpleApplication@6369cf76
----------------- Done invoking toplevel() on ptolemy.moml.MoMLSimpleApplication@6369cf76
reloadAllAccessors: .TimeGap

===========================================================================================
----------------- testing Wed Jul 17 15:54:06 UTC 2019 /home/travis/build/icyphy/ptII/ptolemy/actor/lib/test/auto/TimeGap2.xml
----------------- Instantiating /home/travis/build/icyphy/ptII/ptolemy/actor/lib/test/auto/TimeGap2.xml
2 ms. Memory: 577536K Free: 309315K (54%)
----------------- Invoking toplevel() on ptolemy.moml.MoMLSimpleApplication@fadf90f
----------------- Done invoking toplevel() on ptolemy.moml.MoMLSimpleApplication@fadf90f
reloadAllAccessors: .TimeGap2

===========================================================================================
----------------- testing Wed Jul 17 15:54:06 UTC 2019 /home/travis/build/icyphy/ptII/ptolemy/actor/lib/test/auto/TimedSinewave.xml
----------------- Instantiating /home/travis/build/icyphy/ptII/ptolemy/actor/lib/test/auto/TimedSinewave.xml
32 ms. Memory: 577536K Free: 294979K (51%)
----------------- Invoking toplevel() on ptolemy.moml.MoMLSimpleApplication@5f9c58e0
----------------- Done invoking toplevel() on ptolemy.moml.MoMLSimpleApplication@5f9c58e0
reloadAllAccessors: .TimedSinewave

===========================================================================================
----------------- testing Wed Jul 17 15:54:06 UTC 2019 /home/travis/build/icyphy/ptII/ptolemy/actor/lib/test/auto/TimedSinewavePhase.xml
----------------- Instantiating /home/travis/build/icyphy/ptII/ptolemy/actor/lib/test/auto/TimedSinewavePhase.xml
10 ms. Memory: 577536K Free: 284739K (49%)
----------------- Invoking toplevel() on ptolemy.moml.MoMLSimpleApplication@5d95c631
----------------- Done invoking toplevel() on ptolemy.moml.MoMLSimpleApplication@5d95c631
reloadAllAccessors: .TimedSinewavePhase

===========================================================================================
----------------- testing Wed Jul 17 15:54:06 UTC 2019 /home/travis/build/icyphy/ptII/ptolemy/actor/lib/test/auto/Timer.xml
----------------- Instantiating /home/travis/build/icyphy/ptII/ptolemy/actor/lib/test/auto/Timer.xml
2 ms. Memory: 577536K Free: 279105K (48%)
----------------- Invoking toplevel() on ptolemy.moml.MoMLSimpleApplication@361eb902
----------------- Done invoking toplevel() on ptolemy.moml.MoMLSimpleApplication@361eb902
reloadAllAccessors: .Timer

===========================================================================================
----------------- testing Wed Jul 17 15:54:06 UTC 2019 /home/travis/build/icyphy/ptII/ptolemy/actor/lib/test/auto/TriangularDistTestModel.xml
----------------- Instantiating /home/travis/build/icyphy/ptII/ptolemy/actor/lib/test/auto/TriangularDistTestModel.xml
2 ms. Memory: 577536K Free: 273475K (47%)
----------------- Invoking toplevel() on ptolemy.moml.MoMLSimpleApplication@27ed1a26
----------------- Done invoking toplevel() on ptolemy.moml.MoMLSimpleApplication@27ed1a26
reloadAllAccessors: .TriangularDistTestModel

===========================================================================================
----------------- testing Wed Jul 17 15:54:06 UTC 2019 /home/travis/build/icyphy/ptII/ptolemy/actor/lib/test/auto/TrigFunction.xml
----------------- Instantiating /home/travis/build/icyphy/ptII/ptolemy/actor/lib/test/auto/TrigFunction.xml
1 ms. Memory: 577536K Free: 268865K (47%)
----------------- Invoking toplevel() on ptolemy.moml.MoMLSimpleApplication@46f78052
----------------- Done invoking toplevel() on ptolemy.moml.MoMLSimpleApplication@46f78052
reloadAllAccessors: .TrigFunction

===========================================================================================
----------------- testing Wed Jul 17 15:54:06 UTC 2019 /home/travis/build/icyphy/ptII/ptolemy/actor/lib/test/auto/TrigFunctionDE.xml
----------------- Instantiating /home/travis/build/icyphy/ptII/ptolemy/actor/lib/test/auto/TrigFunctionDE.xml
2 ms. Memory: 577536K Free: 263235K (46%)
----------------- Invoking toplevel() on ptolemy.moml.MoMLSimpleApplication@c43d825
----------------- Done invoking toplevel() on ptolemy.moml.MoMLSimpleApplication@c43d825
reloadAllAccessors: .TrigFunctionDE

===========================================================================================
----------------- testing Wed Jul 17 15:54:06 UTC 2019 /home/travis/build/icyphy/ptII/ptolemy/actor/lib/test/auto/TrigFunctionInverse.xml
----------------- Instantiating /home/travis/build/icyphy/ptII/ptolemy/actor/lib/test/auto/TrigFunctionInverse.xml
2 ms. Memory: 577536K Free: 257601K (45%)
----------------- Invoking toplevel() on ptolemy.moml.MoMLSimpleApplication@190428f0
----------------- Done invoking toplevel() on ptolemy.moml.MoMLSimpleApplication@190428f0
reloadAllAccessors: .TrigFunctionInverse

===========================================================================================
----------------- testing Wed Jul 17 15:54:06 UTC 2019 /home/travis/build/icyphy/ptII/ptolemy/actor/lib/test/auto/TrigFunctionTan.xml
----------------- Instantiating /home/travis/build/icyphy/ptII/ptolemy/actor/lib/test/auto/TrigFunctionTan.xml
1 ms. Memory: 577536K Free: 253505K (44%)
----------------- Invoking toplevel() on ptolemy.moml.MoMLSimpleApplication@318ba650
----------------- Done invoking toplevel() on ptolemy.moml.MoMLSimpleApplication@318ba650
reloadAllAccessors: .TrigFunctionTan

===========================================================================================
----------------- testing Wed Jul 17 15:54:06 UTC 2019 /home/travis/build/icyphy/ptII/ptolemy/actor/lib/test/auto/TriggeredClock.xml
----------------- Instantiating /home/travis/build/icyphy/ptII/ptolemy/actor/lib/test/auto/TriggeredClock.xml
2 ms. Memory: 577536K Free: 248371K (43%)
----------------- Invoking toplevel() on ptolemy.moml.MoMLSimpleApplication@489159a3
----------------- Done invoking toplevel() on ptolemy.moml.MoMLSimpleApplication@489159a3
reloadAllAccessors: .TriggeredClock

===========================================================================================
----------------- testing Wed Jul 17 15:54:06 UTC 2019 /home/travis/build/icyphy/ptII/ptolemy/actor/lib/test/auto/URLDirectoryReader.xml
----------------- Instantiating /home/travis/build/icyphy/ptII/ptolemy/actor/lib/test/auto/URLDirectoryReader.xml
32 ms. Memory: 577536K Free: 238659K (41%)
----------------- Invoking toplevel() on ptolemy.moml.MoMLSimpleApplication@60bf68a4
----------------- Done invoking toplevel() on ptolemy.moml.MoMLSimpleApplication@60bf68a4
reloadAllAccessors: .URLDirectoryReader

===========================================================================================
----------------- testing Wed Jul 17 15:54:06 UTC 2019 /home/travis/build/icyphy/ptII/ptolemy/actor/lib/test/auto/URLDirectoryReader3.xml
----------------- Instantiating /home/travis/build/icyphy/ptII/ptolemy/actor/lib/test/auto/URLDirectoryReader3.xml
1129 ms. Memory: 577536K Free: 518316K (90%)
----------------- Invoking toplevel() on ptolemy.moml.MoMLSimpleApplication@5366ed55
----------------- Done invoking toplevel() on ptolemy.moml.MoMLSimpleApplication@5366ed55
reloadAllAccessors: .URLDirectoryReader3

===========================================================================================
----------------- testing Wed Jul 17 15:54:07 UTC 2019 /home/travis/build/icyphy/ptII/ptolemy/actor/lib/test/auto/UnaryMathFunction.xml
----------------- Instantiating /home/travis/build/icyphy/ptII/ptolemy/actor/lib/test/auto/UnaryMathFunction.xml
3 ms. Memory: 577536K Free: 510502K (88%)
----------------- Invoking toplevel() on ptolemy.moml.MoMLSimpleApplication@16a9bdc
----------------- Done invoking toplevel() on ptolemy.moml.MoMLSimpleApplication@16a9bdc
reloadAllAccessors: .UnaryMathFunction

===========================================================================================
----------------- testing Wed Jul 17 15:54:07 UTC 2019 /home/travis/build/icyphy/ptII/ptolemy/actor/lib/test/auto/Uniform.xml
----------------- Instantiating /home/travis/build/icyphy/ptII/ptolemy/actor/lib/test/auto/Uniform.xml
1 ms. Memory: 577536K Free: 505896K (88%)
----------------- Invoking toplevel() on ptolemy.moml.MoMLSimpleApplication@4811c0c2
----------------- Done invoking toplevel() on ptolemy.moml.MoMLSimpleApplication@4811c0c2
reloadAllAccessors: .Uniform

===========================================================================================
----------------- testing Wed Jul 17 15:54:07 UTC 2019 /home/travis/build/icyphy/ptII/ptolemy/actor/lib/test/auto/UnionDisassemblerTest.xml
----------------- Instantiating /home/travis/build/icyphy/ptII/ptolemy/actor/lib/test/auto/UnionDisassemblerTest.xml
7 ms. Memory: 577536K Free: 502310K (87%)
----------------- Invoking toplevel() on ptolemy.moml.MoMLSimpleApplication@5188424e
----------------- Done invoking toplevel() on ptolemy.moml.MoMLSimpleApplication@5188424e
reloadAllAccessors: .UnionDisassemblerTest

===========================================================================================
----------------- testing Wed Jul 17 15:54:07 UTC 2019 /home/travis/build/icyphy/ptII/ptolemy/actor/lib/test/auto/UtilityFunctions.xml
----------------- Instantiating /home/travis/build/icyphy/ptII/ptolemy/actor/lib/test/auto/UtilityFunctions.xml
1 ms. Memory: 577536K Free: 498728K (86%)
----------------- Invoking toplevel() on ptolemy.moml.MoMLSimpleApplication@798d782e
----------------- Done invoking toplevel() on ptolemy.moml.MoMLSimpleApplication@798d782e
reloadAllAccessors: .UtilityFunctions

===========================================================================================
----------------- testing Wed Jul 17 15:54:07 UTC 2019 /home/travis/build/icyphy/ptII/ptolemy/actor/lib/test/auto/VariableSleep.xml
----------------- Instantiating /home/travis/build/icyphy/ptII/ptolemy/actor/lib/test/auto/VariableSleep.xml
503 ms. Memory: 577536K Free: 493094K (85%)
----------------- Invoking toplevel() on ptolemy.moml.MoMLSimpleApplication@46b241c8
----------------- Done invoking toplevel() on ptolemy.moml.MoMLSimpleApplication@46b241c8
reloadAllAccessors: .VariableSleep

===========================================================================================
----------------- testing Wed Jul 17 15:54:08 UTC 2019 /home/travis/build/icyphy/ptII/ptolemy/actor/lib/test/auto/VectorAssemblerDisassemblerCT.xml
----------------- Instantiating /home/travis/build/icyphy/ptII/ptolemy/actor/lib/test/auto/VectorAssemblerDisassemblerCT.xml
75 ms. Memory: 577536K Free: 473128K (82%)
----------------- Invoking toplevel() on ptolemy.moml.MoMLSimpleApplication@78c78092
----------------- Done invoking toplevel() on ptolemy.moml.MoMLSimpleApplication@78c78092
reloadAllAccessors: .VectorAssemblerDisassemblerCT

===========================================================================================
----------------- testing Wed Jul 17 15:54:08 UTC 2019 /home/travis/build/icyphy/ptII/ptolemy/actor/lib/test/auto/VectorAssemblerDisassemblerDE.xml
----------------- Instantiating /home/travis/build/icyphy/ptII/ptolemy/actor/lib/test/auto/VectorAssemblerDisassemblerDE.xml
3 ms. Memory: 577536K Free: 465960K (81%)
----------------- Invoking toplevel() on ptolemy.moml.MoMLSimpleApplication@1aa7daea
----------------- Done invoking toplevel() on ptolemy.moml.MoMLSimpleApplication@1aa7daea
reloadAllAccessors: .VectorAssemblerDisassemblerDE

===========================================================================================
----------------- testing Wed Jul 17 15:54:08 UTC 2019 /home/travis/build/icyphy/ptII/ptolemy/actor/lib/test/auto/VectorAssemblerDisassemblerSDF.xml
----------------- Instantiating /home/travis/build/icyphy/ptII/ptolemy/actor/lib/test/auto/VectorAssemblerDisassemblerSDF.xml
3 ms. Memory: 577536K Free: 458792K (79%)
----------------- Invoking toplevel() on ptolemy.moml.MoMLSimpleApplication@368fd251
----------------- Done invoking toplevel() on ptolemy.moml.MoMLSimpleApplication@368fd251
reloadAllAccessors: .VectorAssemblerDisassemblerSDF

===========================================================================================
----------------- testing Wed Jul 17 15:54:08 UTC 2019 /home/travis/build/icyphy/ptII/ptolemy/actor/lib/test/auto/WallClockTime.xml
----------------- Instantiating /home/travis/build/icyphy/ptII/ptolemy/actor/lib/test/auto/WallClockTime.xml
1005 ms. Memory: 577536K Free: 453672K (79%)
----------------- Invoking toplevel() on ptolemy.moml.MoMLSimpleApplication@38973ba2
----------------- Done invoking toplevel() on ptolemy.moml.MoMLSimpleApplication@38973ba2
reloadAllAccessors: .WallClockTime

===========================================================================================
----------------- testing Wed Jul 17 15:54:09 UTC 2019 /home/travis/build/icyphy/ptII/ptolemy/actor/lib/test/auto/WidthTestWithSubscriberPublisher.xml
----------------- Instantiating /home/travis/build/icyphy/ptII/ptolemy/actor/lib/test/auto/WidthTestWithSubscriberPublisher.xml
7 ms. Memory: 577536K Free: 435750K (75%)
----------------- Invoking toplevel() on ptolemy.moml.MoMLSimpleApplication@1b133c9a
----------------- Done invoking toplevel() on ptolemy.moml.MoMLSimpleApplication@1b133c9a
reloadAllAccessors: .WidthTestWithSubscriberPublisher

===========================================================================================
----------------- testing Wed Jul 17 15:54:09 UTC 2019 /home/travis/build/icyphy/ptII/ptolemy/actor/lib/test/auto/WidthTestWithSubscriberPublisher2.xml
----------------- Instantiating /home/travis/build/icyphy/ptII/ptolemy/actor/lib/test/auto/WidthTestWithSubscriberPublisher2.xml
2 ms. Memory: 577536K Free: 429606K (74%)
----------------- Invoking toplevel() on ptolemy.moml.MoMLSimpleApplication@22b5727
----------------- Done invoking toplevel() on ptolemy.moml.MoMLSimpleApplication@22b5727
reloadAllAccessors: .WidthTestWithSubscriberPublisher2

===========================================================================================
----------------- testing Wed Jul 17 15:54:09 UTC 2019 /home/travis/build/icyphy/ptII/ptolemy/actor/lib/test/auto/WidthTestWithSubscriberPublisher3.xml
----------------- Instantiating /home/travis/build/icyphy/ptII/ptolemy/actor/lib/test/auto/WidthTestWithSubscriberPublisher3.xml
2 ms. Memory: 577536K Free: 423462K (73%)
----------------- Invoking toplevel() on ptolemy.moml.MoMLSimpleApplication@71eb5473
----------------- Done invoking toplevel() on ptolemy.moml.MoMLSimpleApplication@71eb5473
reloadAllAccessors: .WidthTestWithSubscriberPublisher3

===========================================================================================
----------------- testing Wed Jul 17 15:54:09 UTC 2019 /home/travis/build/icyphy/ptII/ptolemy/actor/lib/test/auto/Writer.xml
----------------- Instantiating /home/travis/build/icyphy/ptII/ptolemy/actor/lib/test/auto/Writer.xml
0
1
2
3
4
1 ms. Memory: 577536K Free: 418856K (73%)
----------------- Invoking toplevel() on ptolemy.moml.MoMLSimpleApplication@5d6c419e
----------------- Done invoking toplevel() on ptolemy.moml.MoMLSimpleApplication@5d6c419e
reloadAllAccessors: .Writer

===========================================================================================
----------------- testing Wed Jul 17 15:54:09 UTC 2019 /home/travis/build/icyphy/ptII/ptolemy/actor/lib/test/auto/array.xml
----------------- Instantiating /home/travis/build/icyphy/ptII/ptolemy/actor/lib/test/auto/array.xml
2 ms. Memory: 577536K Free: 414246K (72%)
----------------- Invoking toplevel() on ptolemy.moml.MoMLSimpleApplication@35db0646
----------------- Done invoking toplevel() on ptolemy.moml.MoMLSimpleApplication@35db0646
reloadAllAccessors: .array

===========================================================================================
----------------- testing Wed Jul 17 15:54:09 UTC 2019 /home/travis/build/icyphy/ptII/ptolemy/actor/lib/test/auto/array2.xml
----------------- Instantiating /home/travis/build/icyphy/ptII/ptolemy/actor/lib/test/auto/array2.xml
5 ms. Memory: 577536K Free: 409112K (71%)
----------------- Invoking toplevel() on ptolemy.moml.MoMLSimpleApplication@744fac0
----------------- Done invoking toplevel() on ptolemy.moml.MoMLSimpleApplication@744fac0
reloadAllAccessors: .array2

===========================================================================================
----------------- testing Wed Jul 17 15:54:09 UTC 2019 /home/travis/build/icyphy/ptII/ptolemy/actor/lib/test/auto/arrayType.xml
----------------- Instantiating /home/travis/build/icyphy/ptII/ptolemy/actor/lib/test/auto/arrayType.xml
2 ms. Memory: 577536K Free: 404006K (70%)
----------------- Invoking toplevel() on ptolemy.moml.MoMLSimpleApplication@2ca31349
----------------- Done invoking toplevel() on ptolemy.moml.MoMLSimpleApplication@2ca31349
reloadAllAccessors: .arrayType

===========================================================================================
----------------- testing Wed Jul 17 15:54:09 UTC 2019 /home/travis/build/icyphy/ptII/ptolemy/actor/lib/test/auto/arrayType10.xml
----------------- Instantiating /home/travis/build/icyphy/ptII/ptolemy/actor/lib/test/auto/arrayType10.xml
2 ms. Memory: 577536K Free: 399400K (69%)
----------------- Invoking toplevel() on ptolemy.moml.MoMLSimpleApplication@672f6b51
----------------- Done invoking toplevel() on ptolemy.moml.MoMLSimpleApplication@672f6b51
reloadAllAccessors: .arrayType10

===========================================================================================
----------------- testing Wed Jul 17 15:54:09 UTC 2019 /home/travis/build/icyphy/ptII/ptolemy/actor/lib/test/auto/arrayType11.xml
----------------- Instantiating /home/travis/build/icyphy/ptII/ptolemy/actor/lib/test/auto/arrayType11.xml
1 ms. Memory: 577536K Free: 394280K (68%)
----------------- Invoking toplevel() on ptolemy.moml.MoMLSimpleApplication@7b73c8b2
----------------- Done invoking toplevel() on ptolemy.moml.MoMLSimpleApplication@7b73c8b2
reloadAllAccessors: .arrayType11

===========================================================================================
----------------- testing Wed Jul 17 15:54:09 UTC 2019 /home/travis/build/icyphy/ptII/ptolemy/actor/lib/test/auto/arrayType12.xml
----------------- Instantiating /home/travis/build/icyphy/ptII/ptolemy/actor/lib/test/auto/arrayType12.xml
2 ms. Memory: 577536K Free: 389670K (67%)
----------------- Invoking toplevel() on ptolemy.moml.MoMLSimpleApplication@13c0e517
----------------- Done invoking toplevel() on ptolemy.moml.MoMLSimpleApplication@13c0e517
reloadAllAccessors: .arrayType12

===========================================================================================
----------------- testing Wed Jul 17 15:54:09 UTC 2019 /home/travis/build/icyphy/ptII/ptolemy/actor/lib/test/auto/arrayType13.xml
----------------- Instantiating /home/travis/build/icyphy/ptII/ptolemy/actor/lib/test/auto/arrayType13.xml
1 ms. Memory: 577536K Free: 384550K (67%)
----------------- Invoking toplevel() on ptolemy.moml.MoMLSimpleApplication@37e8e70a
----------------- Done invoking toplevel() on ptolemy.moml.MoMLSimpleApplication@37e8e70a
reloadAllAccessors: .arrayType13

===========================================================================================
----------------- testing Wed Jul 17 15:54:09 UTC 2019 /home/travis/build/icyphy/ptII/ptolemy/actor/lib/test/auto/arrayType14.xml
----------------- Instantiating /home/travis/build/icyphy/ptII/ptolemy/actor/lib/test/auto/arrayType14.xml
2 ms. Memory: 577536K Free: 379430K (66%)
----------------- Invoking toplevel() on ptolemy.moml.MoMLSimpleApplication@cc6b01
----------------- Done invoking toplevel() on ptolemy.moml.MoMLSimpleApplication@cc6b01
reloadAllAccessors: .arrayType14

===========================================================================================
----------------- testing Wed Jul 17 15:54:09 UTC 2019 /home/travis/build/icyphy/ptII/ptolemy/actor/lib/test/auto/arrayType15.xml
----------------- Instantiating /home/travis/build/icyphy/ptII/ptolemy/actor/lib/test/auto/arrayType15.xml
2 ms. Memory: 577536K Free: 373800K (65%)
----------------- Invoking toplevel() on ptolemy.moml.MoMLSimpleApplication@2c1ae056
----------------- Done invoking toplevel() on ptolemy.moml.MoMLSimpleApplication@2c1ae056
reloadAllAccessors: .arrayType15

===========================================================================================
----------------- testing Wed Jul 17 15:54:09 UTC 2019 /home/travis/build/icyphy/ptII/ptolemy/actor/lib/test/auto/arrayType16.xml
----------------- Instantiating /home/travis/build/icyphy/ptII/ptolemy/actor/lib/test/auto/arrayType16.xml
2 ms. Memory: 577536K Free: 368680K (64%)
----------------- Invoking toplevel() on ptolemy.moml.MoMLSimpleApplication@11e63501
----------------- Done invoking toplevel() on ptolemy.moml.MoMLSimpleApplication@11e63501
reloadAllAccessors: .arrayType16

===========================================================================================
----------------- testing Wed Jul 17 15:54:09 UTC 2019 /home/travis/build/icyphy/ptII/ptolemy/actor/lib/test/auto/arrayType17.xml
----------------- Instantiating /home/travis/build/icyphy/ptII/ptolemy/actor/lib/test/auto/arrayType17.xml
1 ms. Memory: 577536K Free: 363560K (63%)
----------------- Invoking toplevel() on ptolemy.moml.MoMLSimpleApplication@2ada5d3c
----------------- Done invoking toplevel() on ptolemy.moml.MoMLSimpleApplication@2ada5d3c
reloadAllAccessors: .arrayType17

===========================================================================================
----------------- testing Wed Jul 17 15:54:09 UTC 2019 /home/travis/build/icyphy/ptII/ptolemy/actor/lib/test/auto/arrayType18.xml
----------------- Instantiating /home/travis/build/icyphy/ptII/ptolemy/actor/lib/test/auto/arrayType18.xml
2 ms. Memory: 577536K Free: 358950K (62%)
----------------- Invoking toplevel() on ptolemy.moml.MoMLSimpleApplication@315d9bcc
----------------- Done invoking toplevel() on ptolemy.moml.MoMLSimpleApplication@315d9bcc
reloadAllAccessors: .arrayType18

===========================================================================================
----------------- testing Wed Jul 17 15:54:09 UTC 2019 /home/travis/build/icyphy/ptII/ptolemy/actor/lib/test/auto/arrayType19.xml
----------------- Instantiating /home/travis/build/icyphy/ptII/ptolemy/actor/lib/test/auto/arrayType19.xml
1 ms. Memory: 577536K Free: 354344K (61%)
----------------- Invoking toplevel() on ptolemy.moml.MoMLSimpleApplication@25cf49a4
----------------- Done invoking toplevel() on ptolemy.moml.MoMLSimpleApplication@25cf49a4
reloadAllAccessors: .arrayType19

===========================================================================================
----------------- testing Wed Jul 17 15:54:09 UTC 2019 /home/travis/build/icyphy/ptII/ptolemy/actor/lib/test/auto/arrayType2.xml
----------------- Instantiating /home/travis/build/icyphy/ptII/ptolemy/actor/lib/test/auto/arrayType2.xml
1 ms. Memory: 577536K Free: 348710K (60%)
----------------- Invoking toplevel() on ptolemy.moml.MoMLSimpleApplication@59bcde1c
----------------- Done invoking toplevel() on ptolemy.moml.MoMLSimpleApplication@59bcde1c
reloadAllAccessors: .arrayType2

===========================================================================================
----------------- testing Wed Jul 17 15:54:09 UTC 2019 /home/travis/build/icyphy/ptII/ptolemy/actor/lib/test/auto/arrayType20.xml
----------------- Instantiating /home/travis/build/icyphy/ptII/ptolemy/actor/lib/test/auto/arrayType20.xml
4 ms. Memory: 577536K Free: 344104K (60%)
----------------- Invoking toplevel() on ptolemy.moml.MoMLSimpleApplication@268d5c99
----------------- Done invoking toplevel() on ptolemy.moml.MoMLSimpleApplication@268d5c99
reloadAllAccessors: .arrayType20

===========================================================================================
----------------- testing Wed Jul 17 15:54:09 UTC 2019 /home/travis/build/icyphy/ptII/ptolemy/actor/lib/test/auto/arrayType21.xml
----------------- Instantiating /home/travis/build/icyphy/ptII/ptolemy/actor/lib/test/auto/arrayType21.xml
1 ms. Memory: 577536K Free: 339494K (59%)
----------------- Invoking toplevel() on ptolemy.moml.MoMLSimpleApplication@2b0671ab
----------------- Done invoking toplevel() on ptolemy.moml.MoMLSimpleApplication@2b0671ab
reloadAllAccessors: .arrayType21

===========================================================================================
----------------- testing Wed Jul 17 15:54:09 UTC 2019 /home/travis/build/icyphy/ptII/ptolemy/actor/lib/test/auto/arrayType22.xml
----------------- Instantiating /home/travis/build/icyphy/ptII/ptolemy/actor/lib/test/auto/arrayType22.xml
1 ms. Memory: 577536K Free: 334888K (58%)
----------------- Invoking toplevel() on ptolemy.moml.MoMLSimpleApplication@37df46d5
----------------- Done invoking toplevel() on ptolemy.moml.MoMLSimpleApplication@37df46d5
reloadAllAccessors: .arrayType22

===========================================================================================
----------------- testing Wed Jul 17 15:54:09 UTC 2019 /home/travis/build/icyphy/ptII/ptolemy/actor/lib/test/auto/arrayType23.xml
----------------- Instantiating /home/travis/build/icyphy/ptII/ptolemy/actor/lib/test/auto/arrayType23.xml
1 ms. Memory: 577536K Free: 329768K (57%)
----------------- Invoking toplevel() on ptolemy.moml.MoMLSimpleApplication@53ddc74e
----------------- Done invoking toplevel() on ptolemy.moml.MoMLSimpleApplication@53ddc74e
reloadAllAccessors: .arrayType23

===========================================================================================
----------------- testing Wed Jul 17 15:54:09 UTC 2019 /home/travis/build/icyphy/ptII/ptolemy/actor/lib/test/auto/arrayType24.xml
----------------- Instantiating /home/travis/build/icyphy/ptII/ptolemy/actor/lib/test/auto/arrayType24.xml
6 ms. Memory: 577536K Free: 325158K (56%)
----------------- Invoking toplevel() on ptolemy.moml.MoMLSimpleApplication@76783a59
----------------- Done invoking toplevel() on ptolemy.moml.MoMLSimpleApplication@76783a59
reloadAllAccessors: .arrayType24

===========================================================================================
----------------- testing Wed Jul 17 15:54:09 UTC 2019 /home/travis/build/icyphy/ptII/ptolemy/actor/lib/test/auto/arrayType25.xml
----------------- Instantiating /home/travis/build/icyphy/ptII/ptolemy/actor/lib/test/auto/arrayType25.xml
2 ms. Memory: 577536K Free: 320038K (55%)
----------------- Invoking toplevel() on ptolemy.moml.MoMLSimpleApplication@70b5b2dd
----------------- Done invoking toplevel() on ptolemy.moml.MoMLSimpleApplication@70b5b2dd
reloadAllAccessors: .arrayType25

===========================================================================================
----------------- testing Wed Jul 17 15:54:09 UTC 2019 /home/travis/build/icyphy/ptII/ptolemy/actor/lib/test/auto/arrayType26.xml
----------------- Instantiating /home/travis/build/icyphy/ptII/ptolemy/actor/lib/test/auto/arrayType26.xml
1 ms. Memory: 577536K Free: 314918K (55%)
----------------- Invoking toplevel() on ptolemy.moml.MoMLSimpleApplication@7b0de886
----------------- Done invoking toplevel() on ptolemy.moml.MoMLSimpleApplication@7b0de886
reloadAllAccessors: .arrayType26

===========================================================================================
----------------- testing Wed Jul 17 15:54:09 UTC 2019 /home/travis/build/icyphy/ptII/ptolemy/actor/lib/test/auto/arrayType27.xml
----------------- Instantiating /home/travis/build/icyphy/ptII/ptolemy/actor/lib/test/auto/arrayType27.xml
2 ms. Memory: 577536K Free: 309288K (54%)
----------------- Invoking toplevel() on ptolemy.moml.MoMLSimpleApplication@503bc603
----------------- Done invoking toplevel() on ptolemy.moml.MoMLSimpleApplication@503bc603
reloadAllAccessors: .arrayType27

===========================================================================================
----------------- testing Wed Jul 17 15:54:09 UTC 2019 /home/travis/build/icyphy/ptII/ptolemy/actor/lib/test/auto/arrayType28.xml
----------------- Instantiating /home/travis/build/icyphy/ptII/ptolemy/actor/lib/test/auto/arrayType28.xml
1 ms. Memory: 577536K Free: 304168K (53%)
----------------- Invoking toplevel() on ptolemy.moml.MoMLSimpleApplication@485bdf9b
----------------- Done invoking toplevel() on ptolemy.moml.MoMLSimpleApplication@485bdf9b
reloadAllAccessors: .arrayType28

===========================================================================================
----------------- testing Wed Jul 17 15:54:09 UTC 2019 /home/travis/build/icyphy/ptII/ptolemy/actor/lib/test/auto/arrayType3.xml
----------------- Instantiating /home/travis/build/icyphy/ptII/ptolemy/actor/lib/test/auto/arrayType3.xml
7 ms. Memory: 577536K Free: 299048K (52%)
----------------- Invoking toplevel() on ptolemy.moml.MoMLSimpleApplication@73fcaf08
----------------- Done invoking toplevel() on ptolemy.moml.MoMLSimpleApplication@73fcaf08
reloadAllAccessors: .arrayType3

===========================================================================================
----------------- testing Wed Jul 17 15:54:09 UTC 2019 /home/travis/build/icyphy/ptII/ptolemy/actor/lib/test/auto/arrayType4.xml
----------------- Instantiating /home/travis/build/icyphy/ptII/ptolemy/actor/lib/test/auto/arrayType4.xml
2 ms. Memory: 577536K Free: 293414K (51%)
----------------- Invoking toplevel() on ptolemy.moml.MoMLSimpleApplication@12082da0
----------------- Done invoking toplevel() on ptolemy.moml.MoMLSimpleApplication@12082da0
reloadAllAccessors: .arrayType4

===========================================================================================
----------------- testing Wed Jul 17 15:54:09 UTC 2019 /home/travis/build/icyphy/ptII/ptolemy/actor/lib/test/auto/arrayType5.xml
----------------- Instantiating /home/travis/build/icyphy/ptII/ptolemy/actor/lib/test/auto/arrayType5.xml
4 ms. Memory: 577536K Free: 288294K (50%)
----------------- Invoking toplevel() on ptolemy.moml.MoMLSimpleApplication@5312749a
----------------- Done invoking toplevel() on ptolemy.moml.MoMLSimpleApplication@5312749a
reloadAllAccessors: .arrayType5

===========================================================================================
----------------- testing Wed Jul 17 15:54:09 UTC 2019 /home/travis/build/icyphy/ptII/ptolemy/actor/lib/test/auto/arrayType6.xml
----------------- Instantiating /home/travis/build/icyphy/ptII/ptolemy/actor/lib/test/auto/arrayType6.xml
1 ms. Memory: 577536K Free: 283688K (49%)
----------------- Invoking toplevel() on ptolemy.moml.MoMLSimpleApplication@250de93c
----------------- Done invoking toplevel() on ptolemy.moml.MoMLSimpleApplication@250de93c
reloadAllAccessors: .arrayType6

===========================================================================================
----------------- testing Wed Jul 17 15:54:09 UTC 2019 /home/travis/build/icyphy/ptII/ptolemy/actor/lib/test/auto/arrayType7.xml
----------------- Instantiating /home/travis/build/icyphy/ptII/ptolemy/actor/lib/test/auto/arrayType7.xml
1 ms. Memory: 577536K Free: 279078K (48%)
----------------- Invoking toplevel() on ptolemy.moml.MoMLSimpleApplication@641bbfe7
----------------- Done invoking toplevel() on ptolemy.moml.MoMLSimpleApplication@641bbfe7
reloadAllAccessors: .arrayType7

===========================================================================================
----------------- testing Wed Jul 17 15:54:09 UTC 2019 /home/travis/build/icyphy/ptII/ptolemy/actor/lib/test/auto/arrayType8.xml
----------------- Instantiating /home/travis/build/icyphy/ptII/ptolemy/actor/lib/test/auto/arrayType8.xml
1 ms. Memory: 577536K Free: 273958K (47%)
----------------- Invoking toplevel() on ptolemy.moml.MoMLSimpleApplication@561b53c0
----------------- Done invoking toplevel() on ptolemy.moml.MoMLSimpleApplication@561b53c0
reloadAllAccessors: .arrayType8

===========================================================================================
----------------- testing Wed Jul 17 15:54:09 UTC 2019 /home/travis/build/icyphy/ptII/ptolemy/actor/lib/test/auto/arrayType9.xml
----------------- Instantiating /home/travis/build/icyphy/ptII/ptolemy/actor/lib/test/auto/arrayType9.xml
1 ms. Memory: 577536K Free: 269352K (47%)
----------------- Invoking toplevel() on ptolemy.moml.MoMLSimpleApplication@3e854653
----------------- Done invoking toplevel() on ptolemy.moml.MoMLSimpleApplication@3e854653
reloadAllAccessors: .arrayType9

===========================================================================================
----------------- testing Wed Jul 17 15:54:09 UTC 2019 /home/travis/build/icyphy/ptII/ptolemy/actor/lib/test/auto/cast.xml
----------------- Instantiating /home/travis/build/icyphy/ptII/ptolemy/actor/lib/test/auto/cast.xml
2 ms. Memory: 577536K Free: 264742K (46%)
----------------- Invoking toplevel() on ptolemy.moml.MoMLSimpleApplication@52ac6335
----------------- Done invoking toplevel() on ptolemy.moml.MoMLSimpleApplication@52ac6335
reloadAllAccessors: .cast

===========================================================================================
----------------- testing Wed Jul 17 15:54:09 UTC 2019 /home/travis/build/icyphy/ptII/ptolemy/actor/lib/test/auto/compositeMultiPort.xml
----------------- Instantiating /home/travis/build/icyphy/ptII/ptolemy/actor/lib/test/auto/compositeMultiPort.xml
3 ms. Memory: 577536K Free: 256040K (44%)
----------------- Invoking toplevel() on ptolemy.moml.MoMLSimpleApplication@1a8c9c29
----------------- Done invoking toplevel() on ptolemy.moml.MoMLSimpleApplication@1a8c9c29
reloadAllAccessors: .compositeMultiPort

===========================================================================================
----------------- testing Wed Jul 17 15:54:10 UTC 2019 /home/travis/build/icyphy/ptII/ptolemy/actor/lib/test/auto/expressionCastInference.xml
----------------- Instantiating /home/travis/build/icyphy/ptII/ptolemy/actor/lib/test/auto/expressionCastInference.xml
2 ms. Memory: 577536K Free: 250920K (43%)
----------------- Invoking toplevel() on ptolemy.moml.MoMLSimpleApplication@64f5617a
----------------- Done invoking toplevel() on ptolemy.moml.MoMLSimpleApplication@64f5617a
reloadAllAccessors: .expressionCastInference

===========================================================================================
----------------- testing Wed Jul 17 15:54:10 UTC 2019 /home/travis/build/icyphy/ptII/ptolemy/actor/lib/test/auto/expressionCastInference2.xml
----------------- Instantiating /home/travis/build/icyphy/ptII/ptolemy/actor/lib/test/auto/expressionCastInference2.xml
10 ms. Memory: 577536K Free: 246310K (43%)
----------------- Invoking toplevel() on ptolemy.moml.MoMLSimpleApplication@5747ded0
----------------- Done invoking toplevel() on ptolemy.moml.MoMLSimpleApplication@5747ded0
reloadAllAccessors: .expressionCastInference2

===========================================================================================
----------------- testing Wed Jul 17 15:54:10 UTC 2019 /home/travis/build/icyphy/ptII/ptolemy/actor/lib/test/auto/expressionInference.xml
----------------- Instantiating /home/travis/build/icyphy/ptII/ptolemy/actor/lib/test/auto/expressionInference.xml
1 ms. Memory: 577536K Free: 242214K (42%)
----------------- Invoking toplevel() on ptolemy.moml.MoMLSimpleApplication@2ce62075
----------------- Done invoking toplevel() on ptolemy.moml.MoMLSimpleApplication@2ce62075
reloadAllAccessors: .expressionInference

===========================================================================================
----------------- testing Wed Jul 17 15:54:10 UTC 2019 /home/travis/build/icyphy/ptII/ptolemy/actor/lib/test/auto/expression_bug.xml
----------------- Instantiating /home/travis/build/icyphy/ptII/ptolemy/actor/lib/test/auto/expression_bug.xml
2 ms. Memory: 577536K Free: 237608K (41%)
----------------- Invoking toplevel() on ptolemy.moml.MoMLSimpleApplication@305d7ba3
----------------- Done invoking toplevel() on ptolemy.moml.MoMLSimpleApplication@305d7ba3
reloadAllAccessors: .expression_bug

===========================================================================================
----------------- testing Wed Jul 17 15:54:10 UTC 2019 /home/travis/build/icyphy/ptII/ptolemy/actor/lib/test/auto/factorial.xml
----------------- Instantiating /home/travis/build/icyphy/ptII/ptolemy/actor/lib/test/auto/factorial.xml
32 ms. Memory: 577536K Free: 229416K (40%)
----------------- Invoking toplevel() on ptolemy.moml.MoMLSimpleApplication@3484df7e
----------------- Done invoking toplevel() on ptolemy.moml.MoMLSimpleApplication@3484df7e
reloadAllAccessors: .factorial

===========================================================================================
----------------- testing Wed Jul 17 15:54:10 UTC 2019 /home/travis/build/icyphy/ptII/ptolemy/actor/lib/test/auto/filterTest1.xml
----------------- Instantiating /home/travis/build/icyphy/ptII/ptolemy/actor/lib/test/auto/filterTest1.xml
3 ms. Memory: 577536K Free: 223768K (39%)
----------------- Invoking toplevel() on ptolemy.moml.MoMLSimpleApplication@2c95c67d
----------------- Done invoking toplevel() on ptolemy.moml.MoMLSimpleApplication@2c95c67d
reloadAllAccessors: .filterTest1

===========================================================================================
----------------- testing Wed Jul 17 15:54:10 UTC 2019 /home/travis/build/icyphy/ptII/ptolemy/actor/lib/test/auto/funcApplyInConst.xml
----------------- Instantiating /home/travis/build/icyphy/ptII/ptolemy/actor/lib/test/auto/funcApplyInConst.xml
1 ms. Memory: 577536K Free: 219686K (38%)
----------------- Invoking toplevel() on ptolemy.moml.MoMLSimpleApplication@58ce6bc9
----------------- Done invoking toplevel() on ptolemy.moml.MoMLSimpleApplication@58ce6bc9
reloadAllAccessors: .funcApplyInConst

===========================================================================================
----------------- testing Wed Jul 17 15:54:10 UTC 2019 /home/travis/build/icyphy/ptII/ptolemy/actor/lib/test/auto/funcApplyInExpr.xml
----------------- Instantiating /home/travis/build/icyphy/ptII/ptolemy/actor/lib/test/auto/funcApplyInExpr.xml
1 ms. Memory: 577536K Free: 216104K (37%)
----------------- Invoking toplevel() on ptolemy.moml.MoMLSimpleApplication@2d1f1464
----------------- Done invoking toplevel() on ptolemy.moml.MoMLSimpleApplication@2d1f1464
reloadAllAccessors: .funcApplyInExpr

===========================================================================================
----------------- testing Wed Jul 17 15:54:10 UTC 2019 /home/travis/build/icyphy/ptII/ptolemy/actor/lib/test/auto/function.xml
----------------- Instantiating /home/travis/build/icyphy/ptII/ptolemy/actor/lib/test/auto/function.xml
3 ms. Memory: 577536K Free: 211494K (37%)
----------------- Invoking toplevel() on ptolemy.moml.MoMLSimpleApplication@77466834
----------------- Done invoking toplevel() on ptolemy.moml.MoMLSimpleApplication@77466834
reloadAllAccessors: .function

===========================================================================================
----------------- testing Wed Jul 17 15:54:10 UTC 2019 /home/travis/build/icyphy/ptII/ptolemy/actor/lib/test/auto/function2.xml
----------------- Instantiating /home/travis/build/icyphy/ptII/ptolemy/actor/lib/test/auto/function2.xml
1 ms. Memory: 577536K Free: 206374K (36%)
----------------- Invoking toplevel() on ptolemy.moml.MoMLSimpleApplication@1c58cbf3
----------------- Done invoking toplevel() on ptolemy.moml.MoMLSimpleApplication@1c58cbf3
reloadAllAccessors: .function2

===========================================================================================
----------------- testing Wed Jul 17 15:54:10 UTC 2019 /home/travis/build/icyphy/ptII/ptolemy/actor/lib/test/auto/function3.xml
----------------- Instantiating /home/travis/build/icyphy/ptII/ptolemy/actor/lib/test/auto/function3.xml
2 ms. Memory: 577536K Free: 202792K (35%)
----------------- Invoking toplevel() on ptolemy.moml.MoMLSimpleApplication@580fa48b
----------------- Done invoking toplevel() on ptolemy.moml.MoMLSimpleApplication@580fa48b
reloadAllAccessors: .function3

===========================================================================================
----------------- testing Wed Jul 17 15:54:10 UTC 2019 /home/travis/build/icyphy/ptII/ptolemy/actor/lib/test/auto/functionClosureTest1.xml
----------------- Instantiating /home/travis/build/icyphy/ptII/ptolemy/actor/lib/test/auto/functionClosureTest1.xml
2 ms. Memory: 577536K Free: 197152K (34%)
----------------- Invoking toplevel() on ptolemy.moml.MoMLSimpleApplication@4a5bf356
----------------- Done invoking toplevel() on ptolemy.moml.MoMLSimpleApplication@4a5bf356
reloadAllAccessors: .functionClosureTest1

===========================================================================================
----------------- testing Wed Jul 17 15:54:10 UTC 2019 /home/travis/build/icyphy/ptII/ptolemy/actor/lib/test/auto/functionClosureTest2.xml
----------------- Instantiating /home/travis/build/icyphy/ptII/ptolemy/actor/lib/test/auto/functionClosureTest2.xml
1 ms. Memory: 577536K Free: 193062K (33%)
----------------- Invoking toplevel() on ptolemy.moml.MoMLSimpleApplication@2214b0dd
----------------- Done invoking toplevel() on ptolemy.moml.MoMLSimpleApplication@2214b0dd
reloadAllAccessors: .functionClosureTest2

===========================================================================================
----------------- testing Wed Jul 17 15:54:10 UTC 2019 /home/travis/build/icyphy/ptII/ptolemy/actor/lib/test/auto/functionClosureTest3.xml
----------------- Instantiating /home/travis/build/icyphy/ptII/ptolemy/actor/lib/test/auto/functionClosureTest3.xml
3 ms. Memory: 577536K Free: 187928K (33%)
----------------- Invoking toplevel() on ptolemy.moml.MoMLSimpleApplication@7f05af42
----------------- Done invoking toplevel() on ptolemy.moml.MoMLSimpleApplication@7f05af42
reloadAllAccessors: .functionClosureTest3

===========================================================================================
----------------- testing Wed Jul 17 15:54:10 UTC 2019 /home/travis/build/icyphy/ptII/ptolemy/actor/lib/test/auto/functionClosureTest4.xml
----------------- Instantiating /home/travis/build/icyphy/ptII/ptolemy/actor/lib/test/auto/functionClosureTest4.xml
2 ms. Memory: 577536K Free: 518689K (90%)
----------------- Invoking toplevel() on ptolemy.moml.MoMLSimpleApplication@b2370a3
----------------- Done invoking toplevel() on ptolemy.moml.MoMLSimpleApplication@b2370a3
reloadAllAccessors: .functionClosureTest4

===========================================================================================
----------------- testing Wed Jul 17 15:54:10 UTC 2019 /home/travis/build/icyphy/ptII/ptolemy/actor/lib/test/auto/functionClosureTest5.xml
----------------- Instantiating /home/travis/build/icyphy/ptII/ptolemy/actor/lib/test/auto/functionClosureTest5.xml
3 ms. Memory: 577536K Free: 513040K (89%)
----------------- Invoking toplevel() on ptolemy.moml.MoMLSimpleApplication@7fbc91b4
----------------- Done invoking toplevel() on ptolemy.moml.MoMLSimpleApplication@7fbc91b4
reloadAllAccessors: .functionClosureTest5

===========================================================================================
----------------- testing Wed Jul 17 15:54:10 UTC 2019 /home/travis/build/icyphy/ptII/ptolemy/actor/lib/test/auto/functionClosureTest6.xml
----------------- Instantiating /home/travis/build/icyphy/ptII/ptolemy/actor/lib/test/auto/functionClosureTest6.xml
2 ms. Memory: 577536K Free: 508449K (88%)
----------------- Invoking toplevel() on ptolemy.moml.MoMLSimpleApplication@7e543bb7
----------------- Done invoking toplevel() on ptolemy.moml.MoMLSimpleApplication@7e543bb7
reloadAllAccessors: .functionClosureTest6

===========================================================================================
----------------- testing Wed Jul 17 15:54:10 UTC 2019 /home/travis/build/icyphy/ptII/ptolemy/actor/lib/test/auto/functionsOnArcs.xml
----------------- Instantiating /home/travis/build/icyphy/ptII/ptolemy/actor/lib/test/auto/functionsOnArcs.xml
24 ms. Memory: 577536K Free: 503329K (87%)
----------------- Invoking toplevel() on ptolemy.moml.MoMLSimpleApplication@5c69fd29
----------------- Done invoking toplevel() on ptolemy.moml.MoMLSimpleApplication@5c69fd29
reloadAllAccessors: .functionsOnArcs

===========================================================================================
----------------- testing Wed Jul 17 15:54:10 UTC 2019 /home/travis/build/icyphy/ptII/ptolemy/actor/lib/test/auto/functionsOnArcsHOF.xml
----------------- Instantiating /home/travis/build/icyphy/ptII/ptolemy/actor/lib/test/auto/functionsOnArcsHOF.xml
4 ms. Memory: 577536K Free: 497185K (86%)
----------------- Invoking toplevel() on ptolemy.moml.MoMLSimpleApplication@5bbeec21
----------------- Done invoking toplevel() on ptolemy.moml.MoMLSimpleApplication@5bbeec21
reloadAllAccessors: .functionsOnArcsHOF

===========================================================================================
----------------- testing Wed Jul 17 15:54:10 UTC 2019 /home/travis/build/icyphy/ptII/ptolemy/actor/lib/test/auto/logic.xml
----------------- Instantiating /home/travis/build/icyphy/ptII/ptolemy/actor/lib/test/auto/logic.xml
2 ms. Memory: 577536K Free: 490017K (85%)
----------------- Invoking toplevel() on ptolemy.moml.MoMLSimpleApplication@481da1f3
----------------- Done invoking toplevel() on ptolemy.moml.MoMLSimpleApplication@481da1f3
reloadAllAccessors: .logic

===========================================================================================
----------------- testing Wed Jul 17 15:54:10 UTC 2019 /home/travis/build/icyphy/ptII/ptolemy/actor/lib/test/auto/matrixType.xml
----------------- Instantiating /home/travis/build/icyphy/ptII/ptolemy/actor/lib/test/auto/matrixType.xml
2 ms. Memory: 577536K Free: 485407K (84%)
----------------- Invoking toplevel() on ptolemy.moml.MoMLSimpleApplication@7584f62b
----------------- Done invoking toplevel() on ptolemy.moml.MoMLSimpleApplication@7584f62b
reloadAllAccessors: .matrixType

===========================================================================================
----------------- testing Wed Jul 17 15:54:10 UTC 2019 /home/travis/build/icyphy/ptII/ptolemy/actor/lib/test/auto/matrixType10.xml
----------------- Instantiating /home/travis/build/icyphy/ptII/ptolemy/actor/lib/test/auto/matrixType10.xml
2 ms. Memory: 577536K Free: 480287K (83%)
----------------- Invoking toplevel() on ptolemy.moml.MoMLSimpleApplication@42569da1
----------------- Done invoking toplevel() on ptolemy.moml.MoMLSimpleApplication@42569da1
reloadAllAccessors: .matrixType10

===========================================================================================
----------------- testing Wed Jul 17 15:54:10 UTC 2019 /home/travis/build/icyphy/ptII/ptolemy/actor/lib/test/auto/matrixType11.xml
----------------- Instantiating /home/travis/build/icyphy/ptII/ptolemy/actor/lib/test/auto/matrixType11.xml
2 ms. Memory: 577536K Free: 475681K (82%)
----------------- Invoking toplevel() on ptolemy.moml.MoMLSimpleApplication@59115953
----------------- Done invoking toplevel() on ptolemy.moml.MoMLSimpleApplication@59115953
reloadAllAccessors: .matrixType11

===========================================================================================
----------------- testing Wed Jul 17 15:54:10 UTC 2019 /home/travis/build/icyphy/ptII/ptolemy/actor/lib/test/auto/matrixType12.xml
----------------- Instantiating /home/travis/build/icyphy/ptII/ptolemy/actor/lib/test/auto/matrixType12.xml
1 ms. Memory: 577536K Free: 471071K (82%)
----------------- Invoking toplevel() on ptolemy.moml.MoMLSimpleApplication@4f1a8125
----------------- Done invoking toplevel() on ptolemy.moml.MoMLSimpleApplication@4f1a8125
reloadAllAccessors: .matrixType12

===========================================================================================
----------------- testing Wed Jul 17 15:54:10 UTC 2019 /home/travis/build/icyphy/ptII/ptolemy/actor/lib/test/auto/matrixType13.xml
----------------- Instantiating /home/travis/build/icyphy/ptII/ptolemy/actor/lib/test/auto/matrixType13.xml
2 ms. Memory: 577536K Free: 465951K (81%)
----------------- Invoking toplevel() on ptolemy.moml.MoMLSimpleApplication@4ad31177
----------------- Done invoking toplevel() on ptolemy.moml.MoMLSimpleApplication@4ad31177
reloadAllAccessors: .matrixType13

===========================================================================================
----------------- testing Wed Jul 17 15:54:10 UTC 2019 /home/travis/build/icyphy/ptII/ptolemy/actor/lib/test/auto/matrixType14.xml
----------------- Instantiating /home/travis/build/icyphy/ptII/ptolemy/actor/lib/test/auto/matrixType14.xml
1 ms. Memory: 577536K Free: 460831K (80%)
----------------- Invoking toplevel() on ptolemy.moml.MoMLSimpleApplication@19d112a7
----------------- Done invoking toplevel() on ptolemy.moml.MoMLSimpleApplication@19d112a7
reloadAllAccessors: .matrixType14

===========================================================================================
----------------- testing Wed Jul 17 15:54:10 UTC 2019 /home/travis/build/icyphy/ptII/ptolemy/actor/lib/test/auto/matrixType2.xml
----------------- Instantiating /home/travis/build/icyphy/ptII/ptolemy/actor/lib/test/auto/matrixType2.xml
2 ms. Memory: 577536K Free: 456225K (79%)
----------------- Invoking toplevel() on ptolemy.moml.MoMLSimpleApplication@fdb404d
----------------- Done invoking toplevel() on ptolemy.moml.MoMLSimpleApplication@fdb404d
reloadAllAccessors: .matrixType2

===========================================================================================
----------------- testing Wed Jul 17 15:54:10 UTC 2019 /home/travis/build/icyphy/ptII/ptolemy/actor/lib/test/auto/matrixType3.xml
----------------- Instantiating /home/travis/build/icyphy/ptII/ptolemy/actor/lib/test/auto/matrixType3.xml
7 ms. Memory: 577536K Free: 451105K (78%)
----------------- Invoking toplevel() on ptolemy.moml.MoMLSimpleApplication@5ec0b04a
----------------- Done invoking toplevel() on ptolemy.moml.MoMLSimpleApplication@5ec0b04a
reloadAllAccessors: .matrixType3

===========================================================================================
----------------- testing Wed Jul 17 15:54:10 UTC 2019 /home/travis/build/icyphy/ptII/ptolemy/actor/lib/test/auto/matrixType4.xml
----------------- Instantiating /home/travis/build/icyphy/ptII/ptolemy/actor/lib/test/auto/matrixType4.xml
1 ms. Memory: 577536K Free: 446495K (77%)
----------------- Invoking toplevel() on ptolemy.moml.MoMLSimpleApplication@28a8152f
----------------- Done invoking toplevel() on ptolemy.moml.MoMLSimpleApplication@28a8152f
reloadAllAccessors: .matrixType4

===========================================================================================
----------------- testing Wed Jul 17 15:54:10 UTC 2019 /home/travis/build/icyphy/ptII/ptolemy/actor/lib/test/auto/matrixType5.xml
----------------- Instantiating /home/travis/build/icyphy/ptII/ptolemy/actor/lib/test/auto/matrixType5.xml
2 ms. Memory: 577536K Free: 441375K (76%)
----------------- Invoking toplevel() on ptolemy.moml.MoMLSimpleApplication@6be0b026
----------------- Done invoking toplevel() on ptolemy.moml.MoMLSimpleApplication@6be0b026
reloadAllAccessors: .matrixType5

===========================================================================================
----------------- testing Wed Jul 17 15:54:10 UTC 2019 /home/travis/build/icyphy/ptII/ptolemy/actor/lib/test/auto/matrixType6.xml
----------------- Instantiating /home/travis/build/icyphy/ptII/ptolemy/actor/lib/test/auto/matrixType6.xml
2 ms. Memory: 577536K Free: 436769K (76%)
----------------- Invoking toplevel() on ptolemy.moml.MoMLSimpleApplication@aeb1cea
----------------- Done invoking toplevel() on ptolemy.moml.MoMLSimpleApplication@aeb1cea
reloadAllAccessors: .matrixType6

===========================================================================================
----------------- testing Wed Jul 17 15:54:10 UTC 2019 /home/travis/build/icyphy/ptII/ptolemy/actor/lib/test/auto/matrixType7.xml
----------------- Instantiating /home/travis/build/icyphy/ptII/ptolemy/actor/lib/test/auto/matrixType7.xml
2 ms. Memory: 577536K Free: 432159K (75%)
----------------- Invoking toplevel() on ptolemy.moml.MoMLSimpleApplication@2f4fe9e8
----------------- Done invoking toplevel() on ptolemy.moml.MoMLSimpleApplication@2f4fe9e8
reloadAllAccessors: .matrixType7

===========================================================================================
----------------- testing Wed Jul 17 15:54:10 UTC 2019 /home/travis/build/icyphy/ptII/ptolemy/actor/lib/test/auto/matrixType8.xml
----------------- Instantiating /home/travis/build/icyphy/ptII/ptolemy/actor/lib/test/auto/matrixType8.xml
1 ms. Memory: 577536K Free: 427039K (74%)
----------------- Invoking toplevel() on ptolemy.moml.MoMLSimpleApplication@24cdb1b5
----------------- Done invoking toplevel() on ptolemy.moml.MoMLSimpleApplication@24cdb1b5
reloadAllAccessors: .matrixType8

===========================================================================================
----------------- testing Wed Jul 17 15:54:10 UTC 2019 /home/travis/build/icyphy/ptII/ptolemy/actor/lib/test/auto/matrixType9.xml
----------------- Instantiating /home/travis/build/icyphy/ptII/ptolemy/actor/lib/test/auto/matrixType9.xml
2 ms. Memory: 577536K Free: 422433K (73%)
----------------- Invoking toplevel() on ptolemy.moml.MoMLSimpleApplication@199e3757
----------------- Done invoking toplevel() on ptolemy.moml.MoMLSimpleApplication@199e3757
reloadAllAccessors: .matrixType9

===========================================================================================
----------------- testing Wed Jul 17 15:54:10 UTC 2019 /home/travis/build/icyphy/ptII/ptolemy/actor/lib/test/auto/paraFunctest.xml
----------------- Instantiating /home/travis/build/icyphy/ptII/ptolemy/actor/lib/test/auto/paraFunctest.xml
2 ms. Memory: 577536K Free: 418337K (72%)
----------------- Invoking toplevel() on ptolemy.moml.MoMLSimpleApplication@61ca5aac
----------------- Done invoking toplevel() on ptolemy.moml.MoMLSimpleApplication@61ca5aac
reloadAllAccessors: .paraFunctest

===========================================================================================
----------------- testing Wed Jul 17 15:54:10 UTC 2019 /home/travis/build/icyphy/ptII/ptolemy/actor/lib/test/auto/paraFunctest2.xml
----------------- Instantiating /home/travis/build/icyphy/ptII/ptolemy/actor/lib/test/auto/paraFunctest2.xml
2 ms. Memory: 577536K Free: 414241K (72%)
----------------- Invoking toplevel() on ptolemy.moml.MoMLSimpleApplication@50d100e0
----------------- Done invoking toplevel() on ptolemy.moml.MoMLSimpleApplication@50d100e0
reloadAllAccessors: .paraFunctest2

===========================================================================================
----------------- testing Wed Jul 17 15:54:10 UTC 2019 /home/travis/build/icyphy/ptII/ptolemy/actor/lib/test/auto/parameterPassing.xml
----------------- Instantiating /home/travis/build/icyphy/ptII/ptolemy/actor/lib/test/auto/parameterPassing.xml
1 ms. Memory: 577536K Free: 410145K (71%)
----------------- Invoking toplevel() on ptolemy.moml.MoMLSimpleApplication@3fb4e045
----------------- Done invoking toplevel() on ptolemy.moml.MoMLSimpleApplication@3fb4e045
reloadAllAccessors: .parameterPassing

===========================================================================================
----------------- testing Wed Jul 17 15:54:10 UTC 2019 /home/travis/build/icyphy/ptII/ptolemy/actor/lib/test/auto/record.xml
----------------- Instantiating /home/travis/build/icyphy/ptII/ptolemy/actor/lib/test/auto/record.xml
3 ms. Memory: 577536K Free: 405025K (70%)
----------------- Invoking toplevel() on ptolemy.moml.MoMLSimpleApplication@4c846c2
----------------- Done invoking toplevel() on ptolemy.moml.MoMLSimpleApplication@4c846c2
reloadAllAccessors: .record

===========================================================================================
----------------- testing Wed Jul 17 15:54:10 UTC 2019 /home/travis/build/icyphy/ptII/ptolemy/actor/lib/test/auto/sizedarray1.xml
----------------- Instantiating /home/travis/build/icyphy/ptII/ptolemy/actor/lib/test/auto/sizedarray1.xml
1 ms. Memory: 577536K Free: 399905K (69%)
----------------- Invoking toplevel() on ptolemy.moml.MoMLSimpleApplication@795750ec
----------------- Done invoking toplevel() on ptolemy.moml.MoMLSimpleApplication@795750ec
reloadAllAccessors: .sizedarray1

===========================================================================================
----------------- testing Wed Jul 17 15:54:10 UTC 2019 /home/travis/build/icyphy/ptII/ptolemy/actor/lib/test/auto/sizedarray2.xml
----------------- Instantiating /home/travis/build/icyphy/ptII/ptolemy/actor/lib/test/auto/sizedarray2.xml
3 ms. Memory: 577536K Free: 394271K (68%)
----------------- Invoking toplevel() on ptolemy.moml.MoMLSimpleApplication@1ee3f716
----------------- Done invoking toplevel() on ptolemy.moml.MoMLSimpleApplication@1ee3f716
reloadAllAccessors: .sizedarray2

===========================================================================================
----------------- testing Wed Jul 17 15:54:10 UTC 2019 /home/travis/build/icyphy/ptII/ptolemy/actor/lib/test/auto/twoPublishers.xml
----------------- Instantiating /home/travis/build/icyphy/ptII/ptolemy/actor/lib/test/auto/twoPublishers.xml
10 ms. Memory: 577536K Free: 383521K (66%)
----------------- Invoking toplevel() on ptolemy.moml.MoMLSimpleApplication@17c3a14d
----------------- Done invoking toplevel() on ptolemy.moml.MoMLSimpleApplication@17c3a14d
reloadAllAccessors: .twoPublishers
AutoTests.java: About to close Vertx.
AutoTests.java: Vertx closed.
]]></system-out>
  <system-err><![CDATA[java.lang.RuntimeException: Execution failed
	at ptolemy.moml.MoMLSimpleApplication$UnloadThread.run(MoMLSimpleApplication.java:402)
Caused by: java.lang.RuntimeException: StringUtilities.exit() was called. Normally, we would exit here because Manager.exitAfterWrapup() was called.  However, because the ptolemy.ptII.exitAfterWrapup property is set, we throw this exception instead.
	at ptolemy.util.StringUtilities.exit(StringUtilities.java:363)
	at ptolemy.actor.Manager.wrapup(Manager.java:1549)
	at ptolemy.actor.Manager.execute(Manager.java:407)
	at ptolemy.actor.Manager.run(Manager.java:1263)
	at ptolemy.actor.Manager$PtolemyRunThread.run(Manager.java:1933)
Warning: '.top.test' is in training mode, set the trainingMode parameter to false before checking in
Warning: '.top.test' is in training mode, set the trainingMode parameter to false before checking in
Warning: '.top.test' is in training mode, set the trainingMode parameter to false before checking in
Warning: '.BooleanSwitch_RegressionTest_WrongTrainingValues.Test' is in training mode, set the trainingMode parameter to false before checking in
Warning: '.BooleanSwitch_RegressionTest_WrongTrainingValues.Test2' is in training mode, set the trainingMode parameter to false before checking in
Warning: '.BooleanSwitch_RegressionTest_WrongTrainingValues.Test2' The test produced 0 tokens.
Warning: '.top.testExceptionHandler' is in training mode, set the trainingMode parameter to false before checking in
java.lang.RuntimeException: Execution failed
	at ptolemy.moml.MoMLSimpleApplication$UnloadThread.run(MoMLSimpleApplication.java:402)
Caused by: ptolemy.kernel.util.IllegalActionException: PublisherPorts cannot be used at the top level, use a Publisher actor instead.
  in .PublisherPortToplevelSubscriber.PublisherPort
	at ptolemy.actor.PublisherPort.preinitialize(PublisherPort.java:403)
	at ptolemy.actor.CompositeActor.preinitialize(CompositeActor.java:1769)
	at ptolemy.actor.Manager.preinitializeAndResolveTypes(Manager.java:1040)
	at ptolemy.actor.Manager.initialize(Manager.java:710)
	at ptolemy.actor.Manager.execute(Manager.java:356)
	at ptolemy.actor.Manager.run(Manager.java:1263)
	at ptolemy.actor.Manager$PtolemyRunThread.run(Manager.java:1933)
java.lang.reflect.InvocationTargetException
	at java.base/jdk.internal.reflect.NativeConstructorAccessorImpl.newInstance0(Native Method)
	at java.base/jdk.internal.reflect.NativeConstructorAccessorImpl.newInstance(NativeConstructorAccessorImpl.java:62)
	at java.base/jdk.internal.reflect.DelegatingConstructorAccessorImpl.newInstance(DelegatingConstructorAccessorImpl.java:45)
	at java.base/java.lang.reflect.Constructor.newInstance(Constructor.java:490)
	at ptolemy.util.test.junit.AutoKnownFailedTests.RunModel(AutoKnownFailedTests.java:105)
	at java.base/jdk.internal.reflect.NativeMethodAccessorImpl.invoke0(Native Method)
	at java.base/jdk.internal.reflect.NativeMethodAccessorImpl.invoke(NativeMethodAccessorImpl.java:62)
	at java.base/jdk.internal.reflect.DelegatingMethodAccessorImpl.invoke(DelegatingMethodAccessorImpl.java:43)
	at java.base/java.lang.reflect.Method.invoke(Method.java:566)
	at org.junit.runners.model.FrameworkMethod$1.runReflectiveCall(FrameworkMethod.java:44)
	at org.junit.internal.runners.model.ReflectiveCallable.run(ReflectiveCallable.java:15)
	at org.junit.runners.model.FrameworkMethod.invokeExplosively(FrameworkMethod.java:41)
	at junitparams.internal.InvokeParameterisedMethod.evaluate(InvokeParameterisedMethod.java:102)
	at org.junit.internal.runners.statements.FailOnTimeout$1.run(FailOnTimeout.java:28)
Caused by: ptolemy.kernel.util.IllegalActionException: PublisherPorts cannot be used at the top level, use a Publisher actor instead.
  in .PublisherPortToplevelSubscriber.PublisherPort
	at ptolemy.actor.PublisherPort.preinitialize(PublisherPort.java:403)
	at ptolemy.actor.CompositeActor.preinitialize(CompositeActor.java:1769)
	at ptolemy.actor.Manager.preinitializeAndResolveTypes(Manager.java:1040)
	at ptolemy.actor.Manager.initialize(Manager.java:710)
	at ptolemy.actor.Manager.execute(Manager.java:356)
	at ptolemy.actor.Manager.run(Manager.java:1263)
	at ptolemy.actor.Manager$PtolemyRunThread.run(Manager.java:1933)
java.lang.RuntimeException: Execution failed
	at ptolemy.moml.MoMLSimpleApplication$UnloadThread.run(MoMLSimpleApplication.java:402)
Caused by: ptolemy.kernel.util.IllegalActionException: SubscriberPorts cannot be used at the top level, use a Subscriber actor instead.
  in .PublisherSubscriberPortToplevel.SubscriberPort
	at ptolemy.actor.SubscriberPort.preinitialize(SubscriberPort.java:328)
	at ptolemy.actor.CompositeActor.preinitialize(CompositeActor.java:1769)
	at ptolemy.actor.Manager.preinitializeAndResolveTypes(Manager.java:1040)
	at ptolemy.actor.Manager.initialize(Manager.java:710)
	at ptolemy.actor.Manager.execute(Manager.java:356)
	at ptolemy.actor.Manager.run(Manager.java:1263)
	at ptolemy.actor.Manager$PtolemyRunThread.run(Manager.java:1933)
java.lang.reflect.InvocationTargetException
	at java.base/jdk.internal.reflect.NativeConstructorAccessorImpl.newInstance0(Native Method)
	at java.base/jdk.internal.reflect.NativeConstructorAccessorImpl.newInstance(NativeConstructorAccessorImpl.java:62)
	at java.base/jdk.internal.reflect.DelegatingConstructorAccessorImpl.newInstance(DelegatingConstructorAccessorImpl.java:45)
	at java.base/java.lang.reflect.Constructor.newInstance(Constructor.java:490)
	at ptolemy.util.test.junit.AutoKnownFailedTests.RunModel(AutoKnownFailedTests.java:105)
	at java.base/jdk.internal.reflect.NativeMethodAccessorImpl.invoke0(Native Method)
	at java.base/jdk.internal.reflect.NativeMethodAccessorImpl.invoke(NativeMethodAccessorImpl.java:62)
	at java.base/jdk.internal.reflect.DelegatingMethodAccessorImpl.invoke(DelegatingMethodAccessorImpl.java:43)
	at java.base/java.lang.reflect.Method.invoke(Method.java:566)
	at org.junit.runners.model.FrameworkMethod$1.runReflectiveCall(FrameworkMethod.java:44)
	at org.junit.internal.runners.model.ReflectiveCallable.run(ReflectiveCallable.java:15)
	at org.junit.runners.model.FrameworkMethod.invokeExplosively(FrameworkMethod.java:41)
	at junitparams.internal.InvokeParameterisedMethod.evaluate(InvokeParameterisedMethod.java:102)
	at org.junit.internal.runners.statements.FailOnTimeout$1.run(FailOnTimeout.java:28)
Caused by: ptolemy.kernel.util.IllegalActionException: SubscriberPorts cannot be used at the top level, use a Subscriber actor instead.
  in .PublisherSubscriberPortToplevel.SubscriberPort
	at ptolemy.actor.SubscriberPort.preinitialize(SubscriberPort.java:328)
	at ptolemy.actor.CompositeActor.preinitialize(CompositeActor.java:1769)
	at ptolemy.actor.Manager.preinitializeAndResolveTypes(Manager.java:1040)
	at ptolemy.actor.Manager.initialize(Manager.java:710)
	at ptolemy.actor.Manager.execute(Manager.java:356)
	at ptolemy.actor.Manager.run(Manager.java:1263)
	at ptolemy.actor.Manager$PtolemyRunThread.run(Manager.java:1933)
java.lang.RuntimeException: Execution failed
	at ptolemy.moml.MoMLSimpleApplication$UnloadThread.run(MoMLSimpleApplication.java:402)
Caused by: ptolemy.kernel.util.IllegalActionException: SubscriptionAggregatorPorts cannot be used at the top level, use a SubscriptionAggregator actor instead.
  in .PublisherSubscriptionAggregatorPort.SubscriptionAggregatorPort
	at ptolemy.actor.SubscriptionAggregatorPort.preinitialize(SubscriptionAggregatorPort.java:353)
	at ptolemy.actor.CompositeActor.preinitialize(CompositeActor.java:1769)
	at ptolemy.actor.Manager.preinitializeAndResolveTypes(Manager.java:1040)
	at ptolemy.actor.Manager.initialize(Manager.java:710)
	at ptolemy.actor.Manager.execute(Manager.java:356)
	at ptolemy.actor.Manager.run(Manager.java:1263)
	at ptolemy.actor.Manager$PtolemyRunThread.run(Manager.java:1933)
java.lang.reflect.InvocationTargetException
	at java.base/jdk.internal.reflect.NativeConstructorAccessorImpl.newInstance0(Native Method)
	at java.base/jdk.internal.reflect.NativeConstructorAccessorImpl.newInstance(NativeConstructorAccessorImpl.java:62)
	at java.base/jdk.internal.reflect.DelegatingConstructorAccessorImpl.newInstance(DelegatingConstructorAccessorImpl.java:45)
	at java.base/java.lang.reflect.Constructor.newInstance(Constructor.java:490)
	at ptolemy.util.test.junit.AutoKnownFailedTests.RunModel(AutoKnownFailedTests.java:105)
	at java.base/jdk.internal.reflect.NativeMethodAccessorImpl.invoke0(Native Method)
	at java.base/jdk.internal.reflect.NativeMethodAccessorImpl.invoke(NativeMethodAccessorImpl.java:62)
	at java.base/jdk.internal.reflect.DelegatingMethodAccessorImpl.invoke(DelegatingMethodAccessorImpl.java:43)
	at java.base/java.lang.reflect.Method.invoke(Method.java:566)
	at org.junit.runners.model.FrameworkMethod$1.runReflectiveCall(FrameworkMethod.java:44)
	at org.junit.internal.runners.model.ReflectiveCallable.run(ReflectiveCallable.java:15)
	at org.junit.runners.model.FrameworkMethod.invokeExplosively(FrameworkMethod.java:41)
	at junitparams.internal.InvokeParameterisedMethod.evaluate(InvokeParameterisedMethod.java:102)
	at org.junit.internal.runners.statements.FailOnTimeout$1.run(FailOnTimeout.java:28)
Caused by: ptolemy.kernel.util.IllegalActionException: SubscriptionAggregatorPorts cannot be used at the top level, use a SubscriptionAggregator actor instead.
  in .PublisherSubscriptionAggregatorPort.SubscriptionAggregatorPort
	at ptolemy.actor.SubscriptionAggregatorPort.preinitialize(SubscriptionAggregatorPort.java:353)
	at ptolemy.actor.CompositeActor.preinitialize(CompositeActor.java:1769)
	at ptolemy.actor.Manager.preinitializeAndResolveTypes(Manager.java:1040)
	at ptolemy.actor.Manager.initialize(Manager.java:710)
	at ptolemy.actor.Manager.execute(Manager.java:356)
	at ptolemy.actor.Manager.run(Manager.java:1263)
	at ptolemy.actor.Manager$PtolemyRunThread.run(Manager.java:1933)
java.lang.RuntimeException: Execution failed
	at ptolemy.moml.MoMLSimpleApplication$UnloadThread.run(MoMLSimpleApplication.java:402)
Caused by: ptolemy.kernel.util.IllegalActionException: TypeTest actor has no training data.
  in .sizedarray3.TypeTest
	at ptolemy.actor.lib.TypeTest.initialize(TypeTest.java:250)
	at ptolemy.actor.Director.initialize(Director.java:938)
	at ptolemy.actor.Director.initialize(Director.java:907)
	at ptolemy.actor.sched.StaticSchedulingDirector.initialize(StaticSchedulingDirector.java:159)
	at ptolemy.domains.sdf.kernel.SDFDirector.initialize(SDFDirector.java:544)
	at ptolemy.actor.CompositeActor.initialize(CompositeActor.java:935)
	at ptolemy.actor.Manager.initialize(Manager.java:724)
	at ptolemy.actor.Manager.execute(Manager.java:356)
	at ptolemy.actor.Manager.run(Manager.java:1263)
	at ptolemy.actor.Manager$PtolemyRunThread.run(Manager.java:1933)
java.lang.reflect.InvocationTargetException
	at java.base/jdk.internal.reflect.NativeConstructorAccessorImpl.newInstance0(Native Method)
	at java.base/jdk.internal.reflect.NativeConstructorAccessorImpl.newInstance(NativeConstructorAccessorImpl.java:62)
	at java.base/jdk.internal.reflect.DelegatingConstructorAccessorImpl.newInstance(DelegatingConstructorAccessorImpl.java:45)
	at java.base/java.lang.reflect.Constructor.newInstance(Constructor.java:490)
	at ptolemy.util.test.junit.AutoKnownFailedTests.RunModel(AutoKnownFailedTests.java:105)
	at java.base/jdk.internal.reflect.NativeMethodAccessorImpl.invoke0(Native Method)
	at java.base/jdk.internal.reflect.NativeMethodAccessorImpl.invoke(NativeMethodAccessorImpl.java:62)
	at java.base/jdk.internal.reflect.DelegatingMethodAccessorImpl.invoke(DelegatingMethodAccessorImpl.java:43)
	at java.base/java.lang.reflect.Method.invoke(Method.java:566)
	at org.junit.runners.model.FrameworkMethod$1.runReflectiveCall(FrameworkMethod.java:44)
	at org.junit.internal.runners.model.ReflectiveCallable.run(ReflectiveCallable.java:15)
	at org.junit.runners.model.FrameworkMethod.invokeExplosively(FrameworkMethod.java:41)
	at junitparams.internal.InvokeParameterisedMethod.evaluate(InvokeParameterisedMethod.java:102)
	at org.junit.internal.runners.statements.FailOnTimeout$1.run(FailOnTimeout.java:28)
Caused by: ptolemy.kernel.util.IllegalActionException: TypeTest actor has no training data.
  in .sizedarray3.TypeTest
	at ptolemy.actor.lib.TypeTest.initialize(TypeTest.java:250)
	at ptolemy.actor.Director.initialize(Director.java:938)
	at ptolemy.actor.Director.initialize(Director.java:907)
	at ptolemy.actor.sched.StaticSchedulingDirector.initialize(StaticSchedulingDirector.java:159)
	at ptolemy.domains.sdf.kernel.SDFDirector.initialize(SDFDirector.java:544)
	at ptolemy.actor.CompositeActor.initialize(CompositeActor.java:935)
	at ptolemy.actor.Manager.initialize(Manager.java:724)
	at ptolemy.actor.Manager.execute(Manager.java:356)
	at ptolemy.actor.Manager.run(Manager.java:1263)
	at ptolemy.actor.Manager$PtolemyRunThread.run(Manager.java:1933)
]]></system-err>
</testsuite>
