<?xml version="1.0" encoding="UTF-8" ?>
<testsuite errors="0" failures="0" hostname="travis-job-ca426a24-6634-4317-aaca-ba4c60359897" name="ptolemy.actor.lib.test.junit.JUnitTclTest" skipped="0" tests="517" time="59.999" timestamp="2021-12-06T02:08:17">
  <properties>
    <property name="env.OLDPWD" value="/home/travis/build" />
    <property name="npm.executable" value="npm" />
    <property name="env.TRAVIS_ROOT" value="/" />
    <property name="ptII.mk.exists" value="true" />
    <property name="env.TRAVIS_APP_HOST" value="build.travis-ci.com" />
    <property name="env.rvm_bin_path" value="/home/travis/.rvm/bin" />
    <property name="java.home" value="/usr/local/lib/jvm/openjdk11" />
    <property name="env.TRAVIS_JOB_NUMBER" value="1851.8" />
    <property name="env.TRAVIS_HOME" value="/home/travis" />
    <property name="env.DISPLAY" value=":99.0" />
    <property name="env.TRAVIS_INIT" value="systemd" />
    <property name="env.SSH_TTY" value="/dev/pts/0" />
    <property name="java.net.preferIPv4Stack" value="true" />
    <property name="env.RUN_TESTS" value="true" />
    <property name="timeout.short" value="1000000" />
    <property name="junit.formatter" value="xml" />
    <property name="env.TRAVIS_SUDO" value="true" />
    <property name="env.TRAVIS_JOB_NAME" value="" />
    <property name="env.TRAVIS_STACK_NODE_ATTRIBUTES" value="/.node-attributes.yml" />
    <property name="env.LOGNAME" value="travis" />
    <property name="env.PT_TRAVIS_TEST_CORE1_XML" value="true" />
    <property name="jsdoc.home" value="node_modules/@terraswarm/jsdoc" />
    <property name="debuglevel" value="source,lines,vars" />
    <property name="checkstyle.formatter" value="xml" />
    <property name="bin.vergil.makeable" value="true" />
    <property name="sun.os.patch.level" value="unknown" />
    <property name="java.vendor.url" value="http://java.oracle.com/" />
    <property name="env.TRAVIS_BUILD_WEB_URL" value="https://app.travis-ci.com/icyphy/ptII/builds/242938139" />
    <property name="java.version" value="11.0.2" />
    <property name="env.TZ" value="UTC" />
    <property name="env.TRAVIS_PULL_REQUEST_SHA" value="" />
    <property name="env.PT_NO_NET" value="true" />
    <property name="env.TRAVIS_SECURE_ENV_VARS" value="true" />
    <property name="java.vendor.url.bug" value="http://bugreport.java.com/bugreport/" />
    <property name="npmjs-org-is-up" value="true" />
    <property name="env.LANGUAGE" value="en_US.UTF-8" />
    <property name="env.SSH_CLIENT" value="10.16.1.16 58178 22" />
    <property name="env.GEM_HOME" value="/home/travis/.rvm/gems/ruby-2.6.5" />
    <property name="env.HAS_ANTARES_THREE_LITTLE_FRONZIES_BADGE" value="true" />
    <property name="java.version.date" value="2019-01-15" />
    <property name="env.PS4" value="+" />
    <property name="ant.project.invoked-targets" value="build,test.core1.xml" />
    <property name="env.TRAVIS_PULL_REQUEST_BRANCH" value="" />
    <property name="env.TRAVIS_REPO_SLUG" value="icyphy/ptII" />
    <property name="env.XDG_DATA_DIRS" value="/usr/local/share:/usr/share:/var/lib/snapd/desktop" />
    <property name="jdk.debug" value="release" />
    <property name="env.TRAVIS_APT_PROXY" value="http://build-cache.travisci.net" />
    <property name="env.TRAVIS_CPU_ARCH" value="amd64" />
    <property name="node.in.path" value="true" />
    <property name="user.name" value="travis" />
    <property name="java.maxmemory" value="1400m" />
    <property name="env.RUBY_VERSION" value="ruby-2.6.5" />
    <property name="env.LANG" value="en_US.UTF-8" />
    <property name="sun.io.unicode.encoding" value="UnicodeLittle" />
    <property name="sun.jnu.encoding" value="UTF-8" />
    <property name="java.runtime.name" value="OpenJDK Runtime Environment" />
    <property name="usefile" value="false" />
    <property name="return.code" value="0" />
    <property name="junit.single.formatter" value="plain" />
    <property name="env.DYLD_LIBRARY_PATH" value="/home/travis/pthla/certi-tools/lib:" />
    <property name="env.DEBIAN_FRONTEND" value="noninteractive" />
    <property name="env.SSH_CONNECTION" value="10.16.1.16 58178 10.30.0.112 22" />
    <property name="env.MYSQL_UNIX_PORT" value="/var/run/mysqld/mysqld.sock" />
    <property name="env.LC_ALL" value="en_US.UTF-8" />
    <property name="env.TRAVIS_ALLOW_FAILURE" value="" />
    <property name="env.TRAVIS_JOB_WEB_URL" value="https://app.travis-ci.com/icyphy/ptII/jobs/550934786" />
    <property name="java.specification.name" value="Java Platform API Specification" />
    <property name="node.works" value="true" />
    <property name="user.timezone" value="" />
    <property name="path.separator" value=":" />
    <property name="env.TRAVIS_ENABLE_INFRA_DETECTION" value="true" />
    <property name="env.PYTHON_CFLAGS" value="-g -fstack-protector --param=ssp-buffer-size=4 -Wformat -Werror=format-security" />
    <property name="timeout.long" value="4000000" />
    <property name="env.CERTI_HOME" value="/home/travis/pthla/certi-tools" />
    <property name="ant.file.ptII" value="/home/travis/build/icyphy/ptII/build.xml" />
    <property name="javadoc.packagenames" value="com.*,diva.*,lbnl.*,org.hlacerti.*,org.json.*,org.ptolemy.*,org.terraswarm.*,ptolemy.*,ptserver.*" />
    <property name="file.encoding" value="UTF-8" />
    <property name="env.TRAVIS_PULL_REQUEST_SLUG" value="" />
    <property name="ant.project.default-target" value="build" />
    <property name="env.GIT_ASKPASS" value="echo" />
    <property name="env.HOME" value="/home/travis" />
    <property name="sun.java.command" value="org.apache.tools.ant.taskdefs.optional.junit.JUnitTestRunner ptolemy.actor.lib.test.junit.JUnitTclTest skipNonTests=false filtertrace=true haltOnError=false haltOnFailure=false formatter=org.apache.tools.ant.taskdefs.optional.junit.OutErrSummaryJUnitResultFormatter showoutput=true outputtoformatters=true logfailedtests=true threadid=0 logtestlistenerevents=false formatter=org.apache.tools.ant.taskdefs.optional.junit.XMLJUnitResultFormatter,/home/travis/build/icyphy/ptII/reports/junit/TEST-ptolemy.actor.lib.test.junit.JUnitTclTest.xml crashfile=/home/travis/build/icyphy/ptII/junitvmwatcher16702583871857359756.properties propsfile=/home/travis/build/icyphy/ptII/junit369473063777858207.properties" />
    <property name="env.COMPOSER_NO_INTERACTION" value="1" />
    <property name="env.MANPATH" value="/home/travis/.nvm/versions/node/v7.10.1/share/man:/home/travis/.kiex/elixirs/elixir-1.7.4/man:/home/travis/.rvm/rubies/ruby-2.6.5/share/man:/usr/local/cmake-3.12.4/man:/usr/local/clang-7.0.0/share/man:/usr/local/man:/usr/local/share/man:/usr/share/man:/home/travis/.rvm/man" />
    <property name="env.TRAVIS_TIMER_ID" value="079e7c65" />
    <property name="ant.file" value="/home/travis/build/icyphy/ptII/build.xml" />
    <property name="env.TRAVIS_COMMIT_RANGE" value="83d15f2bbc5e0bff50436e0e1a8e0dccbb2bf6c8...60786cc645dd63c18f4a4ea4f3a4f5584eec1f5d" />
    <property name="ptII.classpath.optional.property" value="/home/travis/build/icyphy/ptII/lib/asm-all-5.2.jar:/home/travis/build/icyphy/ptII/lib/nashorn-core-15.3.jar:/home/travis/build/icyphy/ptII/lib/bsh-2.0b4.jar:/home/travis/build/icyphy/ptII/lib/ptCal.jar:/home/travis/build/icyphy/ptII/lib/java_cup.jar:/home/travis/build/icyphy/ptII/lib/saxon8.jar:/home/travis/build/icyphy/ptII/lib/saxon8-dom.jar:/home/travis/build/icyphy/ptII/lib/chic.jar:/home/travis/build/icyphy/ptII/lib/ptcolt.jar:/home/travis/build/icyphy/ptII/vendors/misc/itext/iText.jar:/home/travis/build/icyphy/ptII/lib/g4ltl.jar:/home/travis/build/icyphy/ptII/lib/StructuralCoder.jar:/home/travis/build/icyphy/ptII/lib/jcerti.jar:/home/travis/build/icyphy/ptII/lib/javax.mail.jar:/home/travis/build/icyphy/ptII/vendors/JMF-2.1.1e/lib/jmf.jar:/home/travis/build/icyphy/ptII/lib/jna-4.0.0-variadic.jar:/home/travis/build/icyphy/ptII/vendors/misc/joystick/Joystick.jar:/home/travis/build/icyphy/ptII/lib/ptjacl.jar:/home/travis/build/icyphy/ptII/lib/jsoup-1.14.2.jar:/home/travis/build/icyphy/ptII/lib/junit-4.8.2.jar:/home/travis/build/icyphy/ptII/lib/JUnitParams-0.4.0.jar:/home/travis/build/icyphy/ptII/ptolemy/actor/lib/excel/jxl.jar:/home/travis/build/icyphy/ptII/lib/jython.jar:/home/travis/build/icyphy/ptII/lib/kieler.jar:/home/travis/build/icyphy/ptII/vendors/opencv/share/OpenCV/java/opencv-341.jar:/home/travis/build/icyphy/ptII/lib/oscP5.jar:/home/travis/build/icyphy/ptII/lib/nrjavaserial-3.11.0.devel.jar:/home/travis/build/icyphy/ptII/vendors/j3d/lib/Linux/j3dcore.jar:/home/travis/build/icyphy/ptII/vendors/j3d/lib/Linux/j3dutils.jar:/home/travis/build/icyphy/ptII/vendors/j3d/lib/Linux/vecmath.jar:/home/travis/build/icyphy/ptII/vendors/jogl/lib/Linux/gluegen-rt-natives-linux-amd64.jar:/home/travis/build/icyphy/ptII/vendors/jogl/lib/Linux/gluegen-rt.jar:/home/travis/build/icyphy/ptII/vendors/jogl/lib/Linux/jogl-all-natives-linux-amd64.jar:/home/travis/build/icyphy/ptII/vendors/jogl/lib/Linux/jogl-all.jar:/home/travis/build/icyphy/ptII/ptolemy/distributed/jini/jar/jini-core.jar:/home/travis/build/icyphy/ptII/ptolemy/distributed/jini/jar/jini-ext.jar:/home/travis/build/icyphy/ptII/ptolemy/distributed/jini/jar/sun-util.jar:/home/travis/build/icyphy/ptII/lib/protobuf-java-2.4.1.jar:/home/travis/build/icyphy/ptII/lib/org.eclipse.paho.client.mqttv3.jar:/home/travis/build/icyphy/ptII/lib/mapss.jar:/home/travis/build/icyphy/ptII/ptolemy/actor/ptalon/antlr/antlr.jar:/home/travis/build/icyphy/ptII/lib/JRI.jar:/home/travis/build/icyphy/ptII/lib/commons-lang-2.6.jar:/home/travis/build/icyphy/ptII/lib/commons-logging-1.1.1.jar:/home/travis/build/icyphy/ptII/lib/sootclasses.jar:/home/travis/build/icyphy/ptII/ptolemy/actor/lib/database/mysql-connector-java-8.0.26.jar:/home/travis/build/icyphy/ptII/vendors/misc/sphinx4/sphinx4-data-5prealpha.jar:/home/travis/build/icyphy/ptII/vendors/misc/sphinx4/sphinx4-core-5prealpha.jar:/home/travis/build/icyphy/ptII/lib/PDFRenderer.jar:/home/travis/build/icyphy/ptII/lib/svgSalamander.jar:/home/travis/build/icyphy/ptII/lib/rsyntaxtextarea-2.6.0-SNAPSHOT.jar:/home/travis/build/icyphy/ptII/lib/hazelcast-3.8.2.jar:/home/travis/build/icyphy/ptII/lib/jackson-annotations-2.9.0.jar:/home/travis/build/icyphy/ptII/lib/jackson-core-2.9.3.jar:/home/travis/build/icyphy/ptII/lib/jackson-databind-2.9.3.jar:/home/travis/build/icyphy/ptII/lib/netty-buffer-4.1.19.Final.jar:/home/travis/build/icyphy/ptII/lib/netty-codec-4.1.19.Final.jar:/home/travis/build/icyphy/ptII/lib/netty-codec-dns-4.1.19.Final.jar:/home/travis/build/icyphy/ptII/lib/netty-codec-http-4.1.19.Final.jar:/home/travis/build/icyphy/ptII/lib/netty-codec-http2-4.1.19.Final.jar:/home/travis/build/icyphy/ptII/lib/netty-common-4.1.19.Final.jar:/home/travis/build/icyphy/ptII/lib/netty-handler-4.1.19.Final.jar:/home/travis/build/icyphy/ptII/lib/netty-resolver-4.1.19.Final.jar:/home/travis/build/icyphy/ptII/lib/netty-resolver-dns-4.1.19.Final.jar:/home/travis/build/icyphy/ptII/lib/netty-transport-4.1.19.Final.jar:/home/travis/build/icyphy/ptII/lib/vertx-codegen-3.5.1.jar:/home/travis/build/icyphy/ptII/lib/vertx-core-3.5.2-SNAPSHOT.jar:/home/travis/build/icyphy/ptII/lib/vertx-hazelcast-3.5.1.jar:/home/travis/build/icyphy/ptII/lib/vertx-lang-js-3.5.1.jar:/home/travis/build/icyphy/ptII/lib/vertx-service-proxy-3.5.1.jar:/home/travis/build/icyphy/ptII/lib/vertx-web-3.5.1.jar:/home/travis/build/icyphy/ptII/lib/slf4j-api-1.7.13.jar:/home/travis/build/icyphy/ptII/lib/slf4j-simple-1.7.13.jar:/home/travis/build/icyphy/ptII/lib/webcam-capture-0.3.12.jar:/home/travis/build/icyphy/ptII/lib/bridj-0.7.0.jar:/home/travis/build/icyphy/ptII/lib/xbjlib-1.1.0.nrjavaserial.jar" />
    <property name="timeout" value="2400000" />
    <property name="test.batch" value="**/junit/*.java" />
    <property name="env._" value="/usr/bin/timeout" />
    <property name="java.io.tmpdir" value="/tmp" />
    <property name="user.language" value="en" />
    <property name="env.TRAVIS_INTERNAL_RUBY_REGEX" value="^ruby-(2\.[0-4]\.[0-9]|1\.9\.3)" />
    <property name="env.HISTCONTROL" value="ignoredups:ignorespace" />
    <property name="env.GOROOT" value="/home/travis/.gimme/versions/go1.11.1.linux.amd64" />
    <property name="line.separator" value="&#xa;" />
    <property name="target" value="11" />
    <property name="env.TRAVIS_BUILD_DIR" value="/home/travis/build/icyphy/ptII" />
    <property name="env.ANT_OPTS" value="-Xmx2048m" />
    <property name="ant.file.type" value="file" />
    <property name="ptolemy.ptII.batchMode" value="true" />
    <property name="env.HISTSIZE" value="1000" />
    <property name="env.MERB_ENV" value="test" />
    <property name="java.vm.info" value="mixed mode" />
    <property name="source" value="11" />
    <property name="java.vm.specification.name" value="Java Virtual Machine Specification" />
    <property name="env.TRAVIS_TEST_RESULT" value="0" />
    <property name="jsdoc.command" value="node_modules/@terraswarm/jsdoc/jsdoc.js" />
    <property name="npm.works" value="true" />
    <property name="cobertura.dir" value="/home/travis/build/icyphy/ptII/vendors/cobertura-2.0.3" />
    <property name="jsdoc.command.exists" value="true" />
    <property name="env.rvm_path" value="/home/travis/.rvm" />
    <property name="env.GEM_PATH" value="/home/travis/.rvm/gems/ruby-2.6.5:/home/travis/.rvm/gems/ruby-2.6.5@global" />
    <property name="env.LC_CTYPE" value="en_US.UTF-8" />
    <property name="env.TRAVIS_CMD" value="$PTII/bin/ptIITravisBuild.sh $SECONDS" />
    <property name="java.awt.printerjob" value="sun.print.PSPrinterJob" />
    <property name="env.TRAVIS_STACK_NAME" value="ubuntu_1804" />
    <property name="env.TRAVIS_TIMER_START_TIME" value="1638756140617629530" />
    <property name="ant.version" value="Apache Ant(TM) version 1.10.1 compiled on February 2 2017" />
    <property name="ptII.reports" value="/home/travis/build/icyphy/ptII/reports" />
    <property name="env.TRAVIS_STACK_TIMESTAMP" value="2021-12-02 09:53:20 UTC" />
    <property name="ant.file.type.ptII" value="file" />
    <property name="env.RBENV_SHELL" value="bash" />
    <property name="os.name" value="Linux" />
    <property name="java.specification.vendor" value="Oracle Corporation" />
    <property name="env.rvm_version" value="1.29.12 (latest)" />
    <property name="env.TRAVIS_INFRA" value="unknown" />
    <property name="env.TERM" value="xterm" />
    <property name="java.vm.name" value="OpenJDK 64-Bit Server VM" />
    <property name="env.TRAVIS_BUILD_NUMBER" value="1851" />
    <property name="env.CI" value="true" />
    <property name="java.library.path" value="/home/travis/pthla/certi-tools/lib:/usr/lib/jni:/usr/local/share/OpenCV/java/:/usr/share/OpenCV/java::/usr/java/packages/lib:/usr/lib64:/lib64:/lib:/usr/lib" />
    <property name="jdk.module.path" value="/home/travis/build/icyphy/ptII/vendors/javafx/javafx-sdk-11.0.2/lib:" />
    <property name="env.rvm_prefix" value="/home/travis" />
    <property name="env.PATH" value="/home/travis/pthla/certi-tools/share/scripts:/home/travis/.rvm/gems/ruby-2.6.5/bin:/home/travis/.rvm/gems/ruby-2.6.5@global/bin:/home/travis/.rvm/rubies/ruby-2.6.5/bin:/home/travis/.rvm/bin:./node_modules/.bin:/home/travis/build/icyphy/ptII/bin:/home/travis/pthla/certi-tools/bin:/home/travis/bin:/home/travis/.local/bin:/usr/local/lib/jvm/openjdk11/bin:/opt/pyenv/shims:/home/travis/.phpenv/shims:/home/travis/perl5/perlbrew/bin:/home/travis/.nvm/versions/node/v7.10.1/bin:/home/travis/.kiex/elixirs/elixir-1.7.4/bin:/home/travis/.kiex/bin:/home/travis/gopath/bin:/home/travis/.gimme/versions/go1.11.1.linux.amd64/bin:/usr/local/maven-3.6.3/bin:/usr/local/cmake-3.12.4/bin:/usr/local/clang-7.0.0/bin:/usr/local/sbin:/usr/local/bin:/usr/sbin:/usr/bin:/sbin:/bin:/snap/bin:/home/travis/.phpenv/bin:/opt/pyenv/bin:/home/travis/.yarn/bin" />
    <property name="env.TRAVIS_OS_NAME" value="linux" />
    <property name="ant.java.version" value="9" />
    <property name="basedir" value="/home/travis/build/icyphy/ptII" />
    <property name="java.class.version" value="55.0" />
    <property name="env.SHLVL" value="3" />
    <property name="env.LD_LIBRARY_PATH" value="/home/travis/pthla/certi-tools/lib:/usr/lib/jni:/usr/local/share/OpenCV/java/:/usr/share/OpenCV/java:" />
    <property name="env.RACK_ENV" value="test" />
    <property name="ant.home" value="/home/travis/build/icyphy/ptII/ant" />
    <property name="env.NVM_DIR" value="/home/travis/.nvm" />
    <property name="env.CERTI_FOM_PATH" value="/home/travis/pthla/certi-tools/share/federations" />
    <property name="env.TRAVIS_BUILD_ID" value="242938139" />
    <property name="env.PYENV_ROOT" value="/opt/pyenv" />
    <property name="env.TRAVIS_UID" value="2000" />
    <property name="prism.verbose" value="true" />
    <property name="env.NVM_BIN" value="/home/travis/.nvm/versions/node/v7.10.1/bin" />
    <property name="env.TRAVIS_COMMIT" value="60786cc645dd63c18f4a4ea4f3a4f5584eec1f5d" />
    <property name="node.executable" value="node" />
    <property name="sun.boot.library.path" value="/usr/local/lib/jvm/openjdk11/lib" />
    <property name="sun.management.compiler" value="HotSpot 64-Bit Tiered Compilers" />
    <property name="java.awt.graphicsenv" value="sun.awt.X11GraphicsEnvironment" />
    <property name="env.GOPATH" value="/home/travis/gopath" />
    <property name="ptolemy.ptII.dir" value="/home/travis/build/icyphy/ptII" />
    <property name="env.USER" value="travis" />
    <property name="env.HISTFILESIZE" value="2000" />
    <property name="env.NVM_INC" value="/home/travis/.nvm/versions/node/v7.10.1/include/node" />
    <property name="timeout.longest" value="19000000" />
    <property name="env.PERLBREW_SHELLRC_VERSION" value="0.93" />
    <property name="env.TRAVIS_STACK_FEATURES" value="basic couchdb disabled-ipv6 docker docker-compose elasticsearch firefox go-toolchain google-chrome jdk memcached mongodb mysql nodejs_interpreter perl_interpreter perlbrew phantomjs postgresql python_interpreter redis ruby_interpreter sqlite xserver" />
    <property name="env.TRAVIS_PULL_REQUEST" value="false" />
    <property name="env.PYENV_SHELL" value="bash" />
    <property name="ant.project.name" value="ptII" />
    <property name="env.ANSI_RESET" value="\033[0m" />
    <property name="java.vm.specification.version" value="11" />
    <property name="env.TRAVIS_DIST" value="bionic" />
    <property name="env.CERTI_VERSION" value="4.0.0" />
    <property name="env.CERTI_HOST" value="localhost" />
    <property name="awt.toolkit" value="sun.awt.X11.XToolkit" />
    <property name="env.MY_RUBY_HOME" value="/home/travis/.rvm/rubies/ruby-2.6.5" />
    <property name="sun.cpu.isalist" value="" />
    <property name="env.TRAVIS_TMPDIR" value="/tmp/tmp.ziG5hUXLsM" />
    <property name="java.vm.compressedOopsMode" value="Zero based" />
    <property name="os.version" value="5.4.0-1058-gcp" />
    <property name="user.home" value="/home/travis" />
    <property name="env.MIX_ARCHIVES" value="/home/travis/.kiex/mix/elixir-1.7.4" />
    <property name="java.vm.vendor" value="Oracle Corporation" />
    <property name="env.TRAVIS_TAG" value="nightly" />
    <property name="env.ANSI_YELLOW" value="\033[33;1m" />
    <property name="env.TRAVIS_FILTERED" value="redirect_io" />
    <property name="env.ANSI_GREEN" value="\033[32;1m" />
    <property name="env.JAVA_HOME" value="/usr/local/lib/jvm/openjdk11" />
    <property name="javadoc.excludepackagenames" value="adm.cvs2svn.*,build.*,config.*,doc.coding.templates.*,jni.test.jni.meaningOfLife.*,jni.test.jni.testDeux.*,jni.test.jni.testTrois.*,org.terraswarm.accessor.accessors.web.node_modules.*,org.terraswarm.accessor.accessors.web.hosts.cordova.demo.*,org.terraswarm.accessor.accessors.web.hosts.cordova.plugins.*,org.terraswarm.accessor.accessors-svn.*,pt-modules.*,ptolemy.apps.agilent.*,ptolemy.apps.anytimecontrol.*,ptolemy.apps.apes.*,ptolemy.apps.charon.*,ptolemy.apps.crazyboard.*,ptolemy.apps.eclipse.*,ptolemy.apps.etherealSting.*,ptolemy.apps.fullscreen.*,ptolemy.apps.giotto.*,ptolemy.apps.ia.*,ptolemy.apps.interfaces.*,ptolemy.apps.jmf.*,ptolemy.apps.kurt.*,ptolemy.apps.kvm.*,ptolemy.apps.lego.*,ptolemy.apps.lejos.*,ptolemy.apps.midp.*,ptolemy.apps.mobileCoding.*,ptolemy.apps.pendulum.*,ptolemy.apps.rijndael.*,ptolemy.apps.robot.*,ptolemy.apps.security.*,ptolemy.apps.sobel.*,ptolemy.apps.soot.*,ptolemy.apps.throttle.*,ptolemy.apps.tini.*,ptolemy.apps.transmission.*,ptolemy.apps.vergil.*,ptolemy.apps.waba.*,ptolemy.apps.websensor.*,ptolemy.apps.webstart.*,ptolemy.apps.xsl.*,ptolemy.apps.zaurus.*,ptolemy.codegen.c.actor.lib.oldJavaFiles.*,ptolemy.codegen.dsp.lib.*,ptolemy.codegen.kernel.newInterfaces.*,ptolemy.codegen.lib.*,ptolemy.copernicus.kernel.fragment.*,ptolemy.copernicus.shallow.cg.*,ptolemy.domains.giotto.demo.Hierarchy.Hierarchy.*,ptolemy.domains.giotto.demo.Multimode.Multimode.*,ptolemy.domains.giotto.demo.Simple.Simple.*,ptolemy.domains.gr.lib.experimental.*,ptolemy.domains.gro.*,ptolemy.domains.pdf.*,ptolemy.domains.ptinyos.demo.Surge.output.*,ptolemy.moml.test.NoPackageActor.java*,ptolemy.plot.adm.*,ptolemy.plot.servlet.*,reports.*,signed.*,src.*,target.*,vendors.*,ptolemy.copernicus.applet.*,ptolemy.media.viewer.*,ptolemy.actor.corba.*,doc.doclets.*,ptolemy.apps.eclipse.awt.*,ptolemy.backtrack.*,ptolemy.backtrack.ast.*,ptolemy.cg.adapter.generic.program.procedural.c.mbed*,ptolemy.homer.*,ptolemy.actor.lib.jai.*,org.ptolemy.scala.*,diva.util.java2d.svg.*,ptolemy.domains.ptinyos.*,ptolemy.actor.lib.fmi.fmipp.*,,org.terraswarm.accessor.accessors.web.node_modules.*,org.terraswarm.accessor.accessors-svn,ptolemy.apps.*,ptolemy.actor.ptalon.demo.ptinyos.SendAndReceiveCnt.output,ptolemy.actor.ptalon.demo.ptinyos.SenseToLeds.output,ptolemy.domains.ptinyos.demo.CntToLedsAndRfm.output,ptolemy.domains.ptinyos.demo.RfmToLeds.output,ptolemy.domains.ptinyos.demo.SendAndReceiveCnt.output,ptolemy.domains.ptinyos.demo.SenseToLeds.output,ptolemy.actor.lib.jjs.modules.udpSocket.*" />
    <property name="env.PTII" value="/home/travis/build/icyphy/ptII" />
    <property name="env.XDG_SESSION_ID" value="3" />
    <property name="keystore" value="ptKeystore" />
    <property name="env.TRAVIS_COMMIT_MESSAGE" value="CERTI_SRC is a directory, not a file." />
    <property name="junit.output.dir" value="/home/travis/build/icyphy/ptII/reports/junit" />
    <property name="npm.return.code" value="0" />
    <property name="user.dir" value="/home/travis/build/icyphy/ptII/ptolemy/actor/lib/test" />
    <property name="env.TRAVIS_NODE_VERSION" value="7" />
    <property name="env.TRAVIS_EVENT_TYPE" value="cron" />
    <property name="env.MAIL" value="/var/mail/travis" />
    <property name="env.PERLBREW_ROOT" value="/home/travis/perl5/perlbrew" />
    <property name="env.PWD" value="/home/travis/build/icyphy/ptII" />
    <property name="timeout.npm" value="45000" />
    <property name="env.TRAVIS_ARCH" value="amd64" />
    <property name="sun.cpu.endian" value="little" />
    <property name="env.PAGER" value="cat" />
    <property name="env.TRAVIS_BUILD_STAGE_NAME" value="test" />
    <property name="env.PERLBREW_HOME" value="/home/travis/.perlbrew" />
    <property name="java.vm.version" value="11.0.2+9" />
    <property name="env.RAILS_ENV" value="test" />
    <property name="java.class.path" value="/home/travis/.ptolemyII:/home/travis/.ptolemyII/*:/home/travis/build/icyphy/ptII:/home/travis/build/icyphy/ptII/lib/asm-all-5.2.jar:/home/travis/build/icyphy/ptII/lib/nashorn-core-15.3.jar:/home/travis/build/icyphy/ptII/lib/bsh-2.0b4.jar:/home/travis/build/icyphy/ptII/lib/ptCal.jar:/home/travis/build/icyphy/ptII/lib/java_cup.jar:/home/travis/build/icyphy/ptII/lib/saxon8.jar:/home/travis/build/icyphy/ptII/lib/saxon8-dom.jar:/home/travis/build/icyphy/ptII/lib/chic.jar:/home/travis/build/icyphy/ptII/lib/ptcolt.jar:/home/travis/build/icyphy/ptII/vendors/misc/itext/iText.jar:/home/travis/build/icyphy/ptII/lib/g4ltl.jar:/home/travis/build/icyphy/ptII/lib/StructuralCoder.jar:/home/travis/build/icyphy/ptII/lib/jcerti.jar:/home/travis/build/icyphy/ptII/lib/javax.mail.jar:/home/travis/build/icyphy/ptII/vendors/JMF-2.1.1e/lib/jmf.jar:/home/travis/build/icyphy/ptII/lib/jna-4.0.0-variadic.jar:/home/travis/build/icyphy/ptII/vendors/misc/joystick/Joystick.jar:/home/travis/build/icyphy/ptII/lib/ptjacl.jar:/home/travis/build/icyphy/ptII/lib/jsoup-1.14.2.jar:/home/travis/build/icyphy/ptII/lib/junit-4.8.2.jar:/home/travis/build/icyphy/ptII/lib/JUnitParams-0.4.0.jar:/home/travis/build/icyphy/ptII/ptolemy/actor/lib/excel/jxl.jar:/home/travis/build/icyphy/ptII/lib/jython.jar:/home/travis/build/icyphy/ptII/lib/kieler.jar:/home/travis/build/icyphy/ptII/vendors/opencv/share/OpenCV/java/opencv-341.jar:/home/travis/build/icyphy/ptII/lib/oscP5.jar:/home/travis/build/icyphy/ptII/lib/nrjavaserial-3.11.0.devel.jar:/home/travis/build/icyphy/ptII/vendors/j3d/lib/Linux/j3dcore.jar:/home/travis/build/icyphy/ptII/vendors/j3d/lib/Linux/j3dutils.jar:/home/travis/build/icyphy/ptII/vendors/j3d/lib/Linux/vecmath.jar:/home/travis/build/icyphy/ptII/vendors/jogl/lib/Linux/gluegen-rt-natives-linux-amd64.jar:/home/travis/build/icyphy/ptII/vendors/jogl/lib/Linux/gluegen-rt.jar:/home/travis/build/icyphy/ptII/vendors/jogl/lib/Linux/jogl-all-natives-linux-amd64.jar:/home/travis/build/icyphy/ptII/vendors/jogl/lib/Linux/jogl-all.jar:/home/travis/build/icyphy/ptII/ptolemy/distributed/jini/jar/jini-core.jar:/home/travis/build/icyphy/ptII/ptolemy/distributed/jini/jar/jini-ext.jar:/home/travis/build/icyphy/ptII/ptolemy/distributed/jini/jar/sun-util.jar:/home/travis/build/icyphy/ptII/lib/protobuf-java-2.4.1.jar:/home/travis/build/icyphy/ptII/lib/org.eclipse.paho.client.mqttv3.jar:/home/travis/build/icyphy/ptII/lib/mapss.jar:/home/travis/build/icyphy/ptII/ptolemy/actor/ptalon/antlr/antlr.jar:/home/travis/build/icyphy/ptII/lib/JRI.jar:/home/travis/build/icyphy/ptII/lib/commons-lang-2.6.jar:/home/travis/build/icyphy/ptII/lib/commons-logging-1.1.1.jar:/home/travis/build/icyphy/ptII/lib/sootclasses.jar:/home/travis/build/icyphy/ptII/ptolemy/actor/lib/database/mysql-connector-java-8.0.26.jar:/home/travis/build/icyphy/ptII/vendors/misc/sphinx4/sphinx4-data-5prealpha.jar:/home/travis/build/icyphy/ptII/vendors/misc/sphinx4/sphinx4-core-5prealpha.jar:/home/travis/build/icyphy/ptII/lib/PDFRenderer.jar:/home/travis/build/icyphy/ptII/lib/svgSalamander.jar:/home/travis/build/icyphy/ptII/lib/rsyntaxtextarea-2.6.0-SNAPSHOT.jar:/home/travis/build/icyphy/ptII/lib/hazelcast-3.8.2.jar:/home/travis/build/icyphy/ptII/lib/jackson-annotations-2.9.0.jar:/home/travis/build/icyphy/ptII/lib/jackson-core-2.9.3.jar:/home/travis/build/icyphy/ptII/lib/jackson-databind-2.9.3.jar:/home/travis/build/icyphy/ptII/lib/netty-buffer-4.1.19.Final.jar:/home/travis/build/icyphy/ptII/lib/netty-codec-4.1.19.Final.jar:/home/travis/build/icyphy/ptII/lib/netty-codec-dns-4.1.19.Final.jar:/home/travis/build/icyphy/ptII/lib/netty-codec-http-4.1.19.Final.jar:/home/travis/build/icyphy/ptII/lib/netty-codec-http2-4.1.19.Final.jar:/home/travis/build/icyphy/ptII/lib/netty-common-4.1.19.Final.jar:/home/travis/build/icyphy/ptII/lib/netty-handler-4.1.19.Final.jar:/home/travis/build/icyphy/ptII/lib/netty-resolver-4.1.19.Final.jar:/home/travis/build/icyphy/ptII/lib/netty-resolver-dns-4.1.19.Final.jar:/home/travis/build/icyphy/ptII/lib/netty-transport-4.1.19.Final.jar:/home/travis/build/icyphy/ptII/lib/vertx-codegen-3.5.1.jar:/home/travis/build/icyphy/ptII/lib/vertx-core-3.5.2-SNAPSHOT.jar:/home/travis/build/icyphy/ptII/lib/vertx-hazelcast-3.5.1.jar:/home/travis/build/icyphy/ptII/lib/vertx-lang-js-3.5.1.jar:/home/travis/build/icyphy/ptII/lib/vertx-service-proxy-3.5.1.jar:/home/travis/build/icyphy/ptII/lib/vertx-web-3.5.1.jar:/home/travis/build/icyphy/ptII/lib/slf4j-api-1.7.13.jar:/home/travis/build/icyphy/ptII/lib/slf4j-simple-1.7.13.jar:/home/travis/build/icyphy/ptII/lib/webcam-capture-0.3.12.jar:/home/travis/build/icyphy/ptII/lib/bridj-0.7.0.jar:/home/travis/build/icyphy/ptII/lib/xbjlib-1.1.0.nrjavaserial.jar:/home/travis/build/icyphy/ptII/ptolemy/moml/test:/home/travis/build/icyphy/ptII/ant/lib/ant-launcher.jar:/home/travis/build/icyphy/ptII/ant/lib/ant.jar:/home/travis/build/icyphy/ptII/ant/lib/ant-junit.jar:/home/travis/build/icyphy/ptII/ant/lib/ant-junit4.jar" />
    <property name="ant.library.dir" value="/home/travis/build/icyphy/ptII/ant/lib" />
    <property name="os.arch" value="amd64" />
    <property name="env.CONTINUOUS_INTEGRATION" value="true" />
    <property name="env.TRAVIS_LANGUAGE" value="node_js" />
    <property name="env.TRAVIS_STACK_LANGUAGES" value="__ubuntu_1804__ c c++ clojure cplusplus cpp crystal default generic go groovy java node_js php pure_java python r ruby scala julia perl perl6 elixir erlang" />
    <property name="test.name" value="ptolemy.actor.lib.test.junit.JUnitTclTest" />
    <property name="env.APT_KEY_DONT_WARN_ON_DANGEROUS_USAGE" value="1" />
    <property name="sun.java.launcher" value="SUN_STANDARD" />
    <property name="env.PYTHON_CONFIGURE_OPTS" value="--enable-unicode=ucs4 --with-wide-unicode --enable-shared --enable-ipv6 --enable-loadable-sqlite-extensions --with-computed-gotos" />
    <property name="ant.core.lib" value="/home/travis/build/icyphy/ptII/ant/lib/ant.jar" />
    <property name="java.vm.specification.vendor" value="Oracle Corporation" />
    <property name="env.BCVTB_HOME" value="/home/travis/build/icyphy/ptII/lbnl" />
    <property name="file.separator" value="/" />
    <property name="spotbugs.home" value="/home/travis/build/icyphy/ptII/vendors/spotbugs-3.1.1" />
    <property name="java.runtime.version" value="11.0.2+9" />
    <property name="env.ANSI_CLEAR" value="\033[0K" />
    <property name="javafx.verbose" value="true" />
    <property name="env.HAS_JOSH_K_SEAL_OF_APPROVAL" value="true" />
    <property name="env.XDG_RUNTIME_DIR" value="/run/user/2000" />
    <property name="env.TRAVIS_OSX_IMAGE" value="" />
    <property name="env.TRAVIS_JOB_ID" value="550934786" />
    <property name="env.TRAVIS_BRANCH" value="master" />
    <property name="user.country" value="US" />
    <property name="env.CERTI_HOME_TRAVIS" value="/home/travis/pthla/certi-tools" />
    <property name="env.SHELL" value="/bin/bash" />
    <property name="java.maxmemory.large" value="3200m" />
    <property name="model" value="" />
    <property name="env.CASHER_DIR" value="/home/travis/.casher" />
    <property name="env.NVM_CD_FLAGS" value="" />
    <property name="java.vendor.version" value="18.9" />
    <property name="jshint.executable" value="/home/travis/node_modules/jshint/bin/jshint" />
    <property name="env.JRUBY_OPTS" value=" --client -J-XX:+TieredCompilation -J-XX:TieredStopAtLevel=1 -J-Xss2m -Xcompile.invokedynamic=false" />
    <property name="java.vendor" value="Oracle Corporation" />
    <property name="env.TRAVIS_PRE_CHEF_BOOTSTRAP_TIME" value="2021-12-02T09:53:11" />
    <property name="env.ELIXIR_VERSION" value="1.7.4" />
    <property name="env.TRAVIS_STACK_JOB_BOARD_REGISTER" value="/.job-board-register.yml" />
    <property name="env.ANSI_RED" value="\033[31;1m" />
    <property name="java.specification.version" value="11" />
    <property name="env.IRBRC" value="/home/travis/.rvm/rubies/ruby-2.6.5/.irbrc" />
    <property name="env.TRAVIS" value="true" />
    <property name="sun.arch.data.model" value="64" />
  </properties>
  <testcase classname="ptolemy.util.test.junit.TclTests" name="[0] /home/travis/build/icyphy/ptII/ptolemy/actor/lib/test/AbsoluteValue.tcl (RunTclFile)" time="0.445" />
  <testcase classname="ptolemy.util.test.junit.TclTests" name="[1] /home/travis/build/icyphy/ptII/ptolemy/actor/lib/test/AddSubtract.tcl (RunTclFile)" time="0.167" />
  <testcase classname="ptolemy.util.test.junit.TclTests" name="[2] /home/travis/build/icyphy/ptII/ptolemy/actor/lib/test/Average.tcl (RunTclFile)" time="0.048" />
  <testcase classname="ptolemy.util.test.junit.TclTests" name="[3] /home/travis/build/icyphy/ptII/ptolemy/actor/lib/test/Bernoulli.tcl (RunTclFile)" time="0.019" />
  <testcase classname="ptolemy.util.test.junit.TclTests" name="[4] /home/travis/build/icyphy/ptII/ptolemy/actor/lib/test/Clock.tcl (RunTclFile)" time="0.084" />
  <testcase classname="ptolemy.util.test.junit.TclTests" name="[5] /home/travis/build/icyphy/ptII/ptolemy/actor/lib/test/Commutator.tcl (RunTclFile)" time="0.163" />
  <testcase classname="ptolemy.util.test.junit.TclTests" name="[6] /home/travis/build/icyphy/ptII/ptolemy/actor/lib/test/Const.tcl (RunTclFile)" time="0.121" />
  <testcase classname="ptolemy.util.test.junit.TclTests" name="[7] /home/travis/build/icyphy/ptII/ptolemy/actor/lib/test/CurrentTime.tcl (RunTclFile)" time="0.036" />
  <testcase classname="ptolemy.util.test.junit.TclTests" name="[8] /home/travis/build/icyphy/ptII/ptolemy/actor/lib/test/DB.tcl (RunTclFile)" time="0.029" />
  <testcase classname="ptolemy.util.test.junit.TclTests" name="[9] /home/travis/build/icyphy/ptII/ptolemy/actor/lib/test/DiscreteRandomSource.tcl (RunTclFile)" time="0.043" />
  <testcase classname="ptolemy.util.test.junit.TclTests" name="[10] /home/travis/build/icyphy/ptII/ptolemy/actor/lib/test/Distributor.tcl (RunTclFile)" time="0.071" />
  <testcase classname="ptolemy.util.test.junit.TclTests" name="[11] /home/travis/build/icyphy/ptII/ptolemy/actor/lib/test/Exit.tcl (RunTclFile)" time="0.082" />
  <testcase classname="ptolemy.util.test.junit.TclTests" name="[12] /home/travis/build/icyphy/ptII/ptolemy/actor/lib/test/Expression.tcl (RunTclFile)" time="0.102" />
  <testcase classname="ptolemy.util.test.junit.TclTests" name="[13] /home/travis/build/icyphy/ptII/ptolemy/actor/lib/test/Gaussian.tcl (RunTclFile)" time="0.307" />
  <testcase classname="ptolemy.util.test.junit.TclTests" name="[14] /home/travis/build/icyphy/ptII/ptolemy/actor/lib/test/IIR.tcl (RunTclFile)" time="0.02" />
  <testcase classname="ptolemy.util.test.junit.TclTests" name="[15] /home/travis/build/icyphy/ptII/ptolemy/actor/lib/test/Interpolator.tcl (RunTclFile)" time="0.06" />
  <testcase classname="ptolemy.util.test.junit.TclTests" name="[16] /home/travis/build/icyphy/ptII/ptolemy/actor/lib/test/MathFunction.tcl (RunTclFile)" time="0.056" />
  <testcase classname="ptolemy.util.test.junit.TclTests" name="[17] /home/travis/build/icyphy/ptII/ptolemy/actor/lib/test/Maximum.tcl (RunTclFile)" time="0.037" />
  <testcase classname="ptolemy.util.test.junit.TclTests" name="[18] /home/travis/build/icyphy/ptII/ptolemy/actor/lib/test/Minimum.tcl (RunTclFile)" time="0.032" />
  <testcase classname="ptolemy.util.test.junit.TclTests" name="[19] /home/travis/build/icyphy/ptII/ptolemy/actor/lib/test/MultiplyDivide.tcl (RunTclFile)" time="0.035" />
  <testcase classname="ptolemy.util.test.junit.TclTests" name="[20] /home/travis/build/icyphy/ptII/ptolemy/actor/lib/test/OrderedMerge.tcl (RunTclFile)" time="0.106" />
  <testcase classname="ptolemy.util.test.junit.TclTests" name="[21] /home/travis/build/icyphy/ptII/ptolemy/actor/lib/test/Publisher.tcl (RunTclFile)" time="0.663" />
  <testcase classname="ptolemy.util.test.junit.TclTests" name="[22] /home/travis/build/icyphy/ptII/ptolemy/actor/lib/test/Pulse.tcl (RunTclFile)" time="0.049" />
  <testcase classname="ptolemy.util.test.junit.TclTests" name="[23] /home/travis/build/icyphy/ptII/ptolemy/actor/lib/test/Ramp.tcl (RunTclFile)" time="1.862" />
  <testcase classname="ptolemy.util.test.junit.TclTests" name="[24] /home/travis/build/icyphy/ptII/ptolemy/actor/lib/test/RampContinuous.tcl (RunTclFile)" time="0.015" />
  <testcase classname="ptolemy.util.test.junit.TclTests" name="[25] /home/travis/build/icyphy/ptII/ptolemy/actor/lib/test/RecordAssembler.tcl (RunTclFile)" time="0.013" />
  <testcase classname="ptolemy.util.test.junit.TclTests" name="[26] /home/travis/build/icyphy/ptII/ptolemy/actor/lib/test/RecordDisassembler.tcl (RunTclFile)" time="0.017" />
  <testcase classname="ptolemy.util.test.junit.TclTests" name="[27] /home/travis/build/icyphy/ptII/ptolemy/actor/lib/test/Scale.tcl (RunTclFile)" time="0.014" />
  <testcase classname="ptolemy.util.test.junit.TclTests" name="[28] /home/travis/build/icyphy/ptII/ptolemy/actor/lib/test/SequentialClock.tcl (RunTclFile)" time="0.011" />
  <testcase classname="ptolemy.util.test.junit.TclTests" name="[29] /home/travis/build/icyphy/ptII/ptolemy/actor/lib/test/SetVariable.tcl (RunTclFile)" time="0.008" />
  <testcase classname="ptolemy.util.test.junit.TclTests" name="[30] /home/travis/build/icyphy/ptII/ptolemy/actor/lib/test/Sinewave.tcl (RunTclFile)" time="0.025" />
  <testcase classname="ptolemy.util.test.junit.TclTests" name="[31] /home/travis/build/icyphy/ptII/ptolemy/actor/lib/test/SubscriptionAggregator.tcl (RunTclFile)" time="1.903" />
  <testcase classname="ptolemy.util.test.junit.TclTests" name="[32] /home/travis/build/icyphy/ptII/ptolemy/actor/lib/test/Test.tcl (RunTclFile)" time="0.065" />
  <testcase classname="ptolemy.util.test.junit.TclTests" name="[33] /home/travis/build/icyphy/ptII/ptolemy/actor/lib/test/TestExceptionHandler.tcl (RunTclFile)" time="0.009" />
  <testcase classname="ptolemy.util.test.junit.TclTests" name="[34] /home/travis/build/icyphy/ptII/ptolemy/actor/lib/test/UnionDisassembler.tcl (RunTclFile)" time="0.039" />
  <testcase classname="ptolemy.util.test.junit.TclTests" name="[35] /home/travis/build/icyphy/ptII/ptolemy/actor/lib/test/VariableClock.tcl (RunTclFile)" time="0.013" />
  <testcase classname="ptolemy.util.test.junit.AutoKnownFailedTests" name="[0] /home/travis/build/icyphy/ptII/ptolemy/actor/lib/test/auto/knownFailedTests/PublisherPortToplevelSubscriber.xml (RunModel)" time="0.025" />
  <testcase classname="ptolemy.util.test.junit.AutoKnownFailedTests" name="[1] /home/travis/build/icyphy/ptII/ptolemy/actor/lib/test/auto/knownFailedTests/PublisherSubscriberPortToplevel.xml (RunModel)" time="0.019" />
  <testcase classname="ptolemy.util.test.junit.AutoKnownFailedTests" name="[2] /home/travis/build/icyphy/ptII/ptolemy/actor/lib/test/auto/knownFailedTests/PublisherSubscriptionAggregatorPort.xml (RunModel)" time="0.108" />
  <testcase classname="ptolemy.util.test.junit.AutoKnownFailedTests" name="[3] /home/travis/build/icyphy/ptII/ptolemy/actor/lib/test/auto/knownFailedTests/sizedarray3.xml (RunModel)" time="0.03" />
  <testcase classname="ptolemy.util.test.junit.AutoNameArchTests" name="[0] ThereAreNoAutoArchTests (RunModel)" time="0.005" />
  <testcase classname="ptolemy.util.test.junit.AutoTests" name="[0] /home/travis/build/icyphy/ptII/ptolemy/actor/lib/test/auto/AbsoluteValue.xml (RunModel)" time="0.083" />
  <testcase classname="ptolemy.util.test.junit.AutoTests" name="[1] /home/travis/build/icyphy/ptII/ptolemy/actor/lib/test/auto/AbsoluteValue2.xml (RunModel)" time="0.069" />
  <testcase classname="ptolemy.util.test.junit.AutoTests" name="[2] /home/travis/build/icyphy/ptII/ptolemy/actor/lib/test/auto/Accumulator.xml (RunModel)" time="0.028" />
  <testcase classname="ptolemy.util.test.junit.AutoTests" name="[3] /home/travis/build/icyphy/ptII/ptolemy/actor/lib/test/auto/Accumulator2.xml (RunModel)" time="0.022" />
  <testcase classname="ptolemy.util.test.junit.AutoTests" name="[4] /home/travis/build/icyphy/ptII/ptolemy/actor/lib/test/auto/Accumulator3.xml (RunModel)" time="0.015" />
  <testcase classname="ptolemy.util.test.junit.AutoTests" name="[5] /home/travis/build/icyphy/ptII/ptolemy/actor/lib/test/auto/ArrayAppend.xml (RunModel)" time="0.055" />
  <testcase classname="ptolemy.util.test.junit.AutoTests" name="[6] /home/travis/build/icyphy/ptII/ptolemy/actor/lib/test/auto/ArrayAppend2.xml (RunModel)" time="0.425" />
  <testcase classname="ptolemy.util.test.junit.AutoTests" name="[7] /home/travis/build/icyphy/ptII/ptolemy/actor/lib/test/auto/ArrayAppend3.xml (RunModel)" time="0.028" />
  <testcase classname="ptolemy.util.test.junit.AutoTests" name="[8] /home/travis/build/icyphy/ptII/ptolemy/actor/lib/test/auto/ArrayAppend4.xml (RunModel)" time="0.044" />
  <testcase classname="ptolemy.util.test.junit.AutoTests" name="[9] /home/travis/build/icyphy/ptII/ptolemy/actor/lib/test/auto/ArrayAppend5.xml (RunModel)" time="0.019" />
  <testcase classname="ptolemy.util.test.junit.AutoTests" name="[10] /home/travis/build/icyphy/ptII/ptolemy/actor/lib/test/auto/ArrayAppend6.xml (RunModel)" time="0.022" />
  <testcase classname="ptolemy.util.test.junit.AutoTests" name="[11] /home/travis/build/icyphy/ptII/ptolemy/actor/lib/test/auto/ArrayAppendPerformanceTest.xml (RunModel)" time="0.06" />
  <testcase classname="ptolemy.util.test.junit.AutoTests" name="[12] /home/travis/build/icyphy/ptII/ptolemy/actor/lib/test/auto/ArrayAppendWithEmptyInput.xml (RunModel)" time="0.047" />
  <testcase classname="ptolemy.util.test.junit.AutoTests" name="[13] /home/travis/build/icyphy/ptII/ptolemy/actor/lib/test/auto/ArrayAverage.xml (RunModel)" time="0.045" />
  <testcase classname="ptolemy.util.test.junit.AutoTests" name="[14] /home/travis/build/icyphy/ptII/ptolemy/actor/lib/test/auto/ArrayContains.xml (RunModel)" time="0.031" />
  <testcase classname="ptolemy.util.test.junit.AutoTests" name="[15] /home/travis/build/icyphy/ptII/ptolemy/actor/lib/test/auto/ArrayElement.xml (RunModel)" time="0.025" />
  <testcase classname="ptolemy.util.test.junit.AutoTests" name="[16] /home/travis/build/icyphy/ptII/ptolemy/actor/lib/test/auto/ArrayElementAsMatrix.xml (RunModel)" time="0.068" />
  <testcase classname="ptolemy.util.test.junit.AutoTests" name="[17] /home/travis/build/icyphy/ptII/ptolemy/actor/lib/test/auto/ArrayElementI.xml (RunModel)" time="0.019" />
  <testcase classname="ptolemy.util.test.junit.AutoTests" name="[18] /home/travis/build/icyphy/ptII/ptolemy/actor/lib/test/auto/ArrayExtract.xml (RunModel)" time="0.024" />
  <testcase classname="ptolemy.util.test.junit.AutoTests" name="[19] /home/travis/build/icyphy/ptII/ptolemy/actor/lib/test/auto/ArrayExtract2.xml (RunModel)" time="0.02" />
  <testcase classname="ptolemy.util.test.junit.AutoTests" name="[20] /home/travis/build/icyphy/ptII/ptolemy/actor/lib/test/auto/ArrayLength.xml (RunModel)" time="0.018" />
  <testcase classname="ptolemy.util.test.junit.AutoTests" name="[21] /home/travis/build/icyphy/ptII/ptolemy/actor/lib/test/auto/ArrayLevelCrossing.xml (RunModel)" time="0.038" />
  <testcase classname="ptolemy.util.test.junit.AutoTests" name="[22] /home/travis/build/icyphy/ptII/ptolemy/actor/lib/test/auto/ArrayLevelCrossing2.xml (RunModel)" time="0.023" />
  <testcase classname="ptolemy.util.test.junit.AutoTests" name="[23] /home/travis/build/icyphy/ptII/ptolemy/actor/lib/test/auto/ArrayPeakSearch.xml (RunModel)" time="0.037" />
  <testcase classname="ptolemy.util.test.junit.AutoTests" name="[24] /home/travis/build/icyphy/ptII/ptolemy/actor/lib/test/auto/ArrayPeakSearch2.xml (RunModel)" time="0.041" />
  <testcase classname="ptolemy.util.test.junit.AutoTests" name="[25] /home/travis/build/icyphy/ptII/ptolemy/actor/lib/test/auto/ArrayPeakSearch3.xml (RunModel)" time="0.027" />
  <testcase classname="ptolemy.util.test.junit.AutoTests" name="[26] /home/travis/build/icyphy/ptII/ptolemy/actor/lib/test/auto/ArrayRemoveElement.xml (RunModel)" time="0.025" />
  <testcase classname="ptolemy.util.test.junit.AutoTests" name="[27] /home/travis/build/icyphy/ptII/ptolemy/actor/lib/test/auto/ArraySort.xml (RunModel)" time="0.03" />
  <testcase classname="ptolemy.util.test.junit.AutoTests" name="[28] /home/travis/build/icyphy/ptII/ptolemy/actor/lib/test/auto/ArraySum.xml (RunModel)" time="0.017" />
  <testcase classname="ptolemy.util.test.junit.AutoTests" name="[29] /home/travis/build/icyphy/ptII/ptolemy/actor/lib/test/auto/ArrayToElements.xml (RunModel)" time="0.019" />
  <testcase classname="ptolemy.util.test.junit.AutoTests" name="[30] /home/travis/build/icyphy/ptII/ptolemy/actor/lib/test/auto/ArrayToMatrix.xml (RunModel)" time="0.053" />
  <testcase classname="ptolemy.util.test.junit.AutoTests" name="[31] /home/travis/build/icyphy/ptII/ptolemy/actor/lib/test/auto/ArrayUpdate1.xml (RunModel)" time="0.017" />
  <testcase classname="ptolemy.util.test.junit.AutoTests" name="[32] /home/travis/build/icyphy/ptII/ptolemy/actor/lib/test/auto/ArrayUpdate2.xml (RunModel)" time="0.021" />
  <testcase classname="ptolemy.util.test.junit.AutoTests" name="[33] /home/travis/build/icyphy/ptII/ptolemy/actor/lib/test/auto/ArrayUpdate3.xml (RunModel)" time="0.012" />
  <testcase classname="ptolemy.util.test.junit.AutoTests" name="[34] /home/travis/build/icyphy/ptII/ptolemy/actor/lib/test/auto/Assert1.xml (RunModel)" time="0.024" />
  <testcase classname="ptolemy.util.test.junit.AutoTests" name="[35] /home/travis/build/icyphy/ptII/ptolemy/actor/lib/test/auto/Assert2.xml (RunModel)" time="0.011" />
  <testcase classname="ptolemy.util.test.junit.AutoTests" name="[36] /home/travis/build/icyphy/ptII/ptolemy/actor/lib/test/auto/BooleanMultiplexor.xml (RunModel)" time="0.016" />
  <testcase classname="ptolemy.util.test.junit.AutoTests" name="[37] /home/travis/build/icyphy/ptII/ptolemy/actor/lib/test/auto/BooleanMultiplexor2.xml (RunModel)" time="0.022" />
  <testcase classname="ptolemy.util.test.junit.AutoTests" name="[38] /home/travis/build/icyphy/ptII/ptolemy/actor/lib/test/auto/BooleanMultiplexor3.xml (RunModel)" time="0.018" />
  <testcase classname="ptolemy.util.test.junit.AutoTests" name="[39] /home/travis/build/icyphy/ptII/ptolemy/actor/lib/test/auto/BooleanSelect.xml (RunModel)" time="0.022" />
  <testcase classname="ptolemy.util.test.junit.AutoTests" name="[40] /home/travis/build/icyphy/ptII/ptolemy/actor/lib/test/auto/BooleanSelect2.xml (RunModel)" time="0.012" />
  <testcase classname="ptolemy.util.test.junit.AutoTests" name="[41] /home/travis/build/icyphy/ptII/ptolemy/actor/lib/test/auto/BooleanSwitch.xml (RunModel)" time="0.03" />
  <testcase classname="ptolemy.util.test.junit.AutoTests" name="[42] /home/travis/build/icyphy/ptII/ptolemy/actor/lib/test/auto/BooleanSwitch2.xml (RunModel)" time="0.012" />
  <testcase classname="ptolemy.util.test.junit.AutoTests" name="[43] /home/travis/build/icyphy/ptII/ptolemy/actor/lib/test/auto/BooleanSwitchCloningBugWithClassRelationGroup.xml (RunModel)" time="0.025" />
  <testcase classname="ptolemy.util.test.junit.AutoTests" name="[44] /home/travis/build/icyphy/ptII/ptolemy/actor/lib/test/auto/BusActors.xml (RunModel)" time="0.052" />
  <testcase classname="ptolemy.util.test.junit.AutoTests" name="[45] /home/travis/build/icyphy/ptII/ptolemy/actor/lib/test/auto/ClassWrapper.xml (RunModel)" time="0.01" />
  <testcase classname="ptolemy.util.test.junit.AutoTests" name="[46] /home/travis/build/icyphy/ptII/ptolemy/actor/lib/test/auto/Clock.xml (RunModel)" time="0.007" />
  <testcase classname="ptolemy.util.test.junit.AutoTests" name="[47] /home/travis/build/icyphy/ptII/ptolemy/actor/lib/test/auto/Clock10.xml (RunModel)" time="0.016" />
  <testcase classname="ptolemy.util.test.junit.AutoTests" name="[48] /home/travis/build/icyphy/ptII/ptolemy/actor/lib/test/auto/Clock11.xml (RunModel)" time="0.018" />
  <testcase classname="ptolemy.util.test.junit.AutoTests" name="[49] /home/travis/build/icyphy/ptII/ptolemy/actor/lib/test/auto/Clock12.xml (RunModel)" time="0.016" />
  <testcase classname="ptolemy.util.test.junit.AutoTests" name="[50] /home/travis/build/icyphy/ptII/ptolemy/actor/lib/test/auto/Clock13.xml (RunModel)" time="0.017" />
  <testcase classname="ptolemy.util.test.junit.AutoTests" name="[51] /home/travis/build/icyphy/ptII/ptolemy/actor/lib/test/auto/Clock14.xml (RunModel)" time="0.018" />
  <testcase classname="ptolemy.util.test.junit.AutoTests" name="[52] /home/travis/build/icyphy/ptII/ptolemy/actor/lib/test/auto/Clock15.xml (RunModel)" time="0.017" />
  <testcase classname="ptolemy.util.test.junit.AutoTests" name="[53] /home/travis/build/icyphy/ptII/ptolemy/actor/lib/test/auto/Clock16.xml (RunModel)" time="0.088" />
  <testcase classname="ptolemy.util.test.junit.AutoTests" name="[54] /home/travis/build/icyphy/ptII/ptolemy/actor/lib/test/auto/Clock17.xml (RunModel)" time="0.069" />
  <testcase classname="ptolemy.util.test.junit.AutoTests" name="[55] /home/travis/build/icyphy/ptII/ptolemy/actor/lib/test/auto/Clock18.xml (RunModel)" time="0.053" />
  <testcase classname="ptolemy.util.test.junit.AutoTests" name="[56] /home/travis/build/icyphy/ptII/ptolemy/actor/lib/test/auto/Clock19.xml (RunModel)" time="0.039" />
  <testcase classname="ptolemy.util.test.junit.AutoTests" name="[57] /home/travis/build/icyphy/ptII/ptolemy/actor/lib/test/auto/Clock2.xml (RunModel)" time="0.013" />
  <testcase classname="ptolemy.util.test.junit.AutoTests" name="[58] /home/travis/build/icyphy/ptII/ptolemy/actor/lib/test/auto/Clock20.xml (RunModel)" time="0.02" />
  <testcase classname="ptolemy.util.test.junit.AutoTests" name="[59] /home/travis/build/icyphy/ptII/ptolemy/actor/lib/test/auto/Clock21.xml (RunModel)" time="0.014" />
  <testcase classname="ptolemy.util.test.junit.AutoTests" name="[60] /home/travis/build/icyphy/ptII/ptolemy/actor/lib/test/auto/Clock22.xml (RunModel)" time="0.015" />
  <testcase classname="ptolemy.util.test.junit.AutoTests" name="[61] /home/travis/build/icyphy/ptII/ptolemy/actor/lib/test/auto/Clock23.xml (RunModel)" time="0.015" />
  <testcase classname="ptolemy.util.test.junit.AutoTests" name="[62] /home/travis/build/icyphy/ptII/ptolemy/actor/lib/test/auto/Clock24.xml (RunModel)" time="0.013" />
  <testcase classname="ptolemy.util.test.junit.AutoTests" name="[63] /home/travis/build/icyphy/ptII/ptolemy/actor/lib/test/auto/Clock4.xml (RunModel)" time="0.01" />
  <testcase classname="ptolemy.util.test.junit.AutoTests" name="[64] /home/travis/build/icyphy/ptII/ptolemy/actor/lib/test/auto/Clock5.xml (RunModel)" time="0.008" />
  <testcase classname="ptolemy.util.test.junit.AutoTests" name="[65] /home/travis/build/icyphy/ptII/ptolemy/actor/lib/test/auto/Clock6.xml (RunModel)" time="0.011" />
  <testcase classname="ptolemy.util.test.junit.AutoTests" name="[66] /home/travis/build/icyphy/ptII/ptolemy/actor/lib/test/auto/Clock7.xml (RunModel)" time="0.008" />
  <testcase classname="ptolemy.util.test.junit.AutoTests" name="[67] /home/travis/build/icyphy/ptII/ptolemy/actor/lib/test/auto/Clock8.xml (RunModel)" time="0.014" />
  <testcase classname="ptolemy.util.test.junit.AutoTests" name="[68] /home/travis/build/icyphy/ptII/ptolemy/actor/lib/test/auto/Clock9.xml (RunModel)" time="0.012" />
  <testcase classname="ptolemy.util.test.junit.AutoTests" name="[69] /home/travis/build/icyphy/ptII/ptolemy/actor/lib/test/auto/CommDistDiscard.xml (RunModel)" time="0.017" />
  <testcase classname="ptolemy.util.test.junit.AutoTests" name="[70] /home/travis/build/icyphy/ptII/ptolemy/actor/lib/test/auto/Commutator.xml (RunModel)" time="0.013" />
  <testcase classname="ptolemy.util.test.junit.AutoTests" name="[71] /home/travis/build/icyphy/ptII/ptolemy/actor/lib/test/auto/Commutator2.xml (RunModel)" time="0.008" />
  <testcase classname="ptolemy.util.test.junit.AutoTests" name="[72] /home/travis/build/icyphy/ptII/ptolemy/actor/lib/test/auto/Commutator3.xml (RunModel)" time="0.011" />
  <testcase classname="ptolemy.util.test.junit.AutoTests" name="[73] /home/travis/build/icyphy/ptII/ptolemy/actor/lib/test/auto/Compare.xml (RunModel)" time="0.016" />
  <testcase classname="ptolemy.util.test.junit.AutoTests" name="[74] /home/travis/build/icyphy/ptII/ptolemy/actor/lib/test/auto/CompareDE.xml (RunModel)" time="0.017" />
  <testcase classname="ptolemy.util.test.junit.AutoTests" name="[75] /home/travis/build/icyphy/ptII/ptolemy/actor/lib/test/auto/ComplexDivide.xml (RunModel)" time="0.007" />
  <testcase classname="ptolemy.util.test.junit.AutoTests" name="[76] /home/travis/build/icyphy/ptII/ptolemy/actor/lib/test/auto/ComputeHistogram.xml (RunModel)" time="0.058" />
  <testcase classname="ptolemy.util.test.junit.AutoTests" name="[77] /home/travis/build/icyphy/ptII/ptolemy/actor/lib/test/auto/ConfigurationSelect.xml (RunModel)" time="0.051" />
  <testcase classname="ptolemy.util.test.junit.AutoTests" name="[78] /home/travis/build/icyphy/ptII/ptolemy/actor/lib/test/auto/ConfigurationSelect2.xml (RunModel)" time="0.016" />
  <testcase classname="ptolemy.util.test.junit.AutoTests" name="[79] /home/travis/build/icyphy/ptII/ptolemy/actor/lib/test/auto/ConfigurationSwitch.xml (RunModel)" time="0.019" />
  <testcase classname="ptolemy.util.test.junit.AutoTests" name="[80] /home/travis/build/icyphy/ptII/ptolemy/actor/lib/test/auto/ConfigurationSwitch2.xml (RunModel)" time="0.02" />
  <testcase classname="ptolemy.util.test.junit.AutoTests" name="[81] /home/travis/build/icyphy/ptII/ptolemy/actor/lib/test/auto/ConfigurationSwitchCloningBugWithClassRelationGroup.xml (RunModel)" time="0.017" />
  <testcase classname="ptolemy.util.test.junit.AutoTests" name="[82] /home/travis/build/icyphy/ptII/ptolemy/actor/lib/test/auto/ConfigurationSwitchSelectSDF.xml (RunModel)" time="0.016" />
  <testcase classname="ptolemy.util.test.junit.AutoTests" name="[83] /home/travis/build/icyphy/ptII/ptolemy/actor/lib/test/auto/ConfigurationSwitchSelectSDF2.xml (RunModel)" time="0.012" />
  <testcase classname="ptolemy.util.test.junit.AutoTests" name="[84] /home/travis/build/icyphy/ptII/ptolemy/actor/lib/test/auto/Const.xml (RunModel)" time="0.005" />
  <testcase classname="ptolemy.util.test.junit.AutoTests" name="[85] /home/travis/build/icyphy/ptII/ptolemy/actor/lib/test/auto/Const2.xml (RunModel)" time="0.009" />
  <testcase classname="ptolemy.util.test.junit.AutoTests" name="[86] /home/travis/build/icyphy/ptII/ptolemy/actor/lib/test/auto/Const3.xml (RunModel)" time="0.005" />
  <testcase classname="ptolemy.util.test.junit.AutoTests" name="[87] /home/travis/build/icyphy/ptII/ptolemy/actor/lib/test/auto/ConstantPublisherPort1.xml (RunModel)" time="0.018" />
  <testcase classname="ptolemy.util.test.junit.AutoTests" name="[88] /home/travis/build/icyphy/ptII/ptolemy/actor/lib/test/auto/ConstantPublisherPort2.xml (RunModel)" time="0.02" />
  <testcase classname="ptolemy.util.test.junit.AutoTests" name="[89] /home/travis/build/icyphy/ptII/ptolemy/actor/lib/test/auto/ConstantPublisherPort3.xml (RunModel)" time="0.015" />
  <testcase classname="ptolemy.util.test.junit.AutoTests" name="[90] /home/travis/build/icyphy/ptII/ptolemy/actor/lib/test/auto/ConstantPublisherPort4.xml (RunModel)" time="0.014" />
  <testcase classname="ptolemy.util.test.junit.AutoTests" name="[91] /home/travis/build/icyphy/ptII/ptolemy/actor/lib/test/auto/ConstantPublisherPort5.xml (RunModel)" time="0.04" />
  <testcase classname="ptolemy.util.test.junit.AutoTests" name="[92] /home/travis/build/icyphy/ptII/ptolemy/actor/lib/test/auto/ConstantPublisherPort6.xml (RunModel)" time="0.026" />
  <testcase classname="ptolemy.util.test.junit.AutoTests" name="[93] /home/travis/build/icyphy/ptII/ptolemy/actor/lib/test/auto/ConstantPublisherPort7.xml (RunModel)" time="0.028" />
  <testcase classname="ptolemy.util.test.junit.AutoTests" name="[94] /home/travis/build/icyphy/ptII/ptolemy/actor/lib/test/auto/ConstraintMonitor1.xml (RunModel)" time="0.032" />
  <testcase classname="ptolemy.util.test.junit.AutoTests" name="[95] /home/travis/build/icyphy/ptII/ptolemy/actor/lib/test/auto/ConstraintMonitor2.xml (RunModel)" time="0.01" />
  <testcase classname="ptolemy.util.test.junit.AutoTests" name="[96] /home/travis/build/icyphy/ptII/ptolemy/actor/lib/test/auto/ConstraintMonitor3.xml (RunModel)" time="0.013" />
  <testcase classname="ptolemy.util.test.junit.AutoTests" name="[97] /home/travis/build/icyphy/ptII/ptolemy/actor/lib/test/auto/ConstraintMonitor4.xml (RunModel)" time="0.011" />
  <testcase classname="ptolemy.util.test.junit.AutoTests" name="[98] /home/travis/build/icyphy/ptII/ptolemy/actor/lib/test/auto/ConstraintMonitor5.xml (RunModel)" time="0.011" />
  <testcase classname="ptolemy.util.test.junit.AutoTests" name="[99] /home/travis/build/icyphy/ptII/ptolemy/actor/lib/test/auto/ConstraintMonitor6.xml (RunModel)" time="0.012" />
  <testcase classname="ptolemy.util.test.junit.AutoTests" name="[100] /home/travis/build/icyphy/ptII/ptolemy/actor/lib/test/auto/ConstraintMonitor7.xml (RunModel)" time="0.016" />
  <testcase classname="ptolemy.util.test.junit.AutoTests" name="[101] /home/travis/build/icyphy/ptII/ptolemy/actor/lib/test/auto/ConstraintMonitor8.xml (RunModel)" time="0.019" />
  <testcase classname="ptolemy.util.test.junit.AutoTests" name="[102] /home/travis/build/icyphy/ptII/ptolemy/actor/lib/test/auto/Counter.xml (RunModel)" time="0.011" />
  <testcase classname="ptolemy.util.test.junit.AutoTests" name="[103] /home/travis/build/icyphy/ptII/ptolemy/actor/lib/test/auto/CurrentTimeSDF.xml (RunModel)" time="0.015" />
  <testcase classname="ptolemy.util.test.junit.AutoTests" name="[104] /home/travis/build/icyphy/ptII/ptolemy/actor/lib/test/auto/DB.xml (RunModel)" time="0.01" />
  <testcase classname="ptolemy.util.test.junit.AutoTests" name="[105] /home/travis/build/icyphy/ptII/ptolemy/actor/lib/test/auto/DBDE.xml (RunModel)" time="0.011" />
  <testcase classname="ptolemy.util.test.junit.AutoTests" name="[106] /home/travis/build/icyphy/ptII/ptolemy/actor/lib/test/auto/DateConstructor.xml (RunModel)" time="0.059" />
  <testcase classname="ptolemy.util.test.junit.AutoTests" name="[107] /home/travis/build/icyphy/ptII/ptolemy/actor/lib/test/auto/DelayTime.xml (RunModel)" time="0.017" />
  <testcase classname="ptolemy.util.test.junit.AutoTests" name="[108] /home/travis/build/icyphy/ptII/ptolemy/actor/lib/test/auto/Dictionary1.xml (RunModel)" time="0.015" />
  <testcase classname="ptolemy.util.test.junit.AutoTests" name="[109] /home/travis/build/icyphy/ptII/ptolemy/actor/lib/test/auto/Dictionary2.xml (RunModel)" time="0.063" />
  <testcase classname="ptolemy.util.test.junit.AutoTests" name="[110] /home/travis/build/icyphy/ptII/ptolemy/actor/lib/test/auto/Dictionary3.xml (RunModel)" time="0.013" />
  <testcase classname="ptolemy.util.test.junit.AutoTests" name="[111] /home/travis/build/icyphy/ptII/ptolemy/actor/lib/test/auto/Dictionary4.xml (RunModel)" time="0.018" />
  <testcase classname="ptolemy.util.test.junit.AutoTests" name="[112] /home/travis/build/icyphy/ptII/ptolemy/actor/lib/test/auto/Differential.xml (RunModel)" time="0.011" />
  <testcase classname="ptolemy.util.test.junit.AutoTests" name="[113] /home/travis/build/icyphy/ptII/ptolemy/actor/lib/test/auto/Director.xml (RunModel)" time="0.01" />
  <testcase classname="ptolemy.util.test.junit.AutoTests" name="[114] /home/travis/build/icyphy/ptII/ptolemy/actor/lib/test/auto/DiscreteClock.xml (RunModel)" time="0.007" />
  <testcase classname="ptolemy.util.test.junit.AutoTests" name="[115] /home/travis/build/icyphy/ptII/ptolemy/actor/lib/test/auto/DiscreteClock10.xml (RunModel)" time="0.013" />
  <testcase classname="ptolemy.util.test.junit.AutoTests" name="[116] /home/travis/build/icyphy/ptII/ptolemy/actor/lib/test/auto/DiscreteClock11.xml (RunModel)" time="0.013" />
  <testcase classname="ptolemy.util.test.junit.AutoTests" name="[117] /home/travis/build/icyphy/ptII/ptolemy/actor/lib/test/auto/DiscreteClock12.xml (RunModel)" time="0.013" />
  <testcase classname="ptolemy.util.test.junit.AutoTests" name="[118] /home/travis/build/icyphy/ptII/ptolemy/actor/lib/test/auto/DiscreteClock13.xml (RunModel)" time="0.012" />
  <testcase classname="ptolemy.util.test.junit.AutoTests" name="[119] /home/travis/build/icyphy/ptII/ptolemy/actor/lib/test/auto/DiscreteClock14.xml (RunModel)" time="0.014" />
  <testcase classname="ptolemy.util.test.junit.AutoTests" name="[120] /home/travis/build/icyphy/ptII/ptolemy/actor/lib/test/auto/DiscreteClock15.xml (RunModel)" time="0.015" />
  <testcase classname="ptolemy.util.test.junit.AutoTests" name="[121] /home/travis/build/icyphy/ptII/ptolemy/actor/lib/test/auto/DiscreteClock16.xml (RunModel)" time="0.044" />
  <testcase classname="ptolemy.util.test.junit.AutoTests" name="[122] /home/travis/build/icyphy/ptII/ptolemy/actor/lib/test/auto/DiscreteClock17.xml (RunModel)" time="0.043" />
  <testcase classname="ptolemy.util.test.junit.AutoTests" name="[123] /home/travis/build/icyphy/ptII/ptolemy/actor/lib/test/auto/DiscreteClock18.xml (RunModel)" time="0.047" />
  <testcase classname="ptolemy.util.test.junit.AutoTests" name="[124] /home/travis/build/icyphy/ptII/ptolemy/actor/lib/test/auto/DiscreteClock19.xml (RunModel)" time="0.049" />
  <testcase classname="ptolemy.util.test.junit.AutoTests" name="[125] /home/travis/build/icyphy/ptII/ptolemy/actor/lib/test/auto/DiscreteClock2.xml (RunModel)" time="0.01" />
  <testcase classname="ptolemy.util.test.junit.AutoTests" name="[126] /home/travis/build/icyphy/ptII/ptolemy/actor/lib/test/auto/DiscreteClock20.xml (RunModel)" time="0.019" />
  <testcase classname="ptolemy.util.test.junit.AutoTests" name="[127] /home/travis/build/icyphy/ptII/ptolemy/actor/lib/test/auto/DiscreteClock21.xml (RunModel)" time="0.017" />
  <testcase classname="ptolemy.util.test.junit.AutoTests" name="[128] /home/travis/build/icyphy/ptII/ptolemy/actor/lib/test/auto/DiscreteClock22.xml (RunModel)" time="0.015" />
  <testcase classname="ptolemy.util.test.junit.AutoTests" name="[129] /home/travis/build/icyphy/ptII/ptolemy/actor/lib/test/auto/DiscreteClock23.xml (RunModel)" time="0.019" />
  <testcase classname="ptolemy.util.test.junit.AutoTests" name="[130] /home/travis/build/icyphy/ptII/ptolemy/actor/lib/test/auto/DiscreteClock24.xml (RunModel)" time="0.013" />
  <testcase classname="ptolemy.util.test.junit.AutoTests" name="[131] /home/travis/build/icyphy/ptII/ptolemy/actor/lib/test/auto/DiscreteClock4.xml (RunModel)" time="0.012" />
  <testcase classname="ptolemy.util.test.junit.AutoTests" name="[132] /home/travis/build/icyphy/ptII/ptolemy/actor/lib/test/auto/DiscreteClock5.xml (RunModel)" time="0.012" />
  <testcase classname="ptolemy.util.test.junit.AutoTests" name="[133] /home/travis/build/icyphy/ptII/ptolemy/actor/lib/test/auto/DiscreteClock6.xml (RunModel)" time="0.01" />
  <testcase classname="ptolemy.util.test.junit.AutoTests" name="[134] /home/travis/build/icyphy/ptII/ptolemy/actor/lib/test/auto/DiscreteClock7.xml (RunModel)" time="0.01" />
  <testcase classname="ptolemy.util.test.junit.AutoTests" name="[135] /home/travis/build/icyphy/ptII/ptolemy/actor/lib/test/auto/DiscreteClock8.xml (RunModel)" time="0.028" />
  <testcase classname="ptolemy.util.test.junit.AutoTests" name="[136] /home/travis/build/icyphy/ptII/ptolemy/actor/lib/test/auto/DiscreteClock9.xml (RunModel)" time="0.014" />
  <testcase classname="ptolemy.util.test.junit.AutoTests" name="[137] /home/travis/build/icyphy/ptII/ptolemy/actor/lib/test/auto/DisplayArray.xml (RunModel)" time="0.007" />
  <testcase classname="ptolemy.util.test.junit.AutoTests" name="[138] /home/travis/build/icyphy/ptII/ptolemy/actor/lib/test/auto/Distributor.xml (RunModel)" time="0.008" />
  <testcase classname="ptolemy.util.test.junit.AutoTests" name="[139] /home/travis/build/icyphy/ptII/ptolemy/actor/lib/test/auto/Distributor2.xml (RunModel)" time="0.011" />
  <testcase classname="ptolemy.util.test.junit.AutoTests" name="[140] /home/travis/build/icyphy/ptII/ptolemy/actor/lib/test/auto/DownSample.xml (RunModel)" time="0.009" />
  <testcase classname="ptolemy.util.test.junit.AutoTests" name="[141] /home/travis/build/icyphy/ptII/ptolemy/actor/lib/test/auto/ElectronicUnitBase1.xml (RunModel)" time="0.081" />
  <testcase classname="ptolemy.util.test.junit.AutoTests" name="[142] /home/travis/build/icyphy/ptII/ptolemy/actor/lib/test/auto/ElementsToArray.xml (RunModel)" time="0.011" />
  <testcase classname="ptolemy.util.test.junit.AutoTests" name="[143] /home/travis/build/icyphy/ptII/ptolemy/actor/lib/test/auto/Equals.xml (RunModel)" time="0.017" />
  <testcase classname="ptolemy.util.test.junit.AutoTests" name="[144] /home/travis/build/icyphy/ptII/ptolemy/actor/lib/test/auto/Exec.xml (RunModel)" time="0.035" />
  <testcase classname="ptolemy.util.test.junit.AutoTests" name="[145] /home/travis/build/icyphy/ptII/ptolemy/actor/lib/test/auto/ExecEnvironment.xml (RunModel)" time="0.045" />
  <testcase classname="ptolemy.util.test.junit.AutoTests" name="[146] /home/travis/build/icyphy/ptII/ptolemy/actor/lib/test/auto/ExecNonZeroReturnOutput.xml (RunModel)" time="0.188" />
  <testcase classname="ptolemy.util.test.junit.AutoTests" name="[147] /home/travis/build/icyphy/ptII/ptolemy/actor/lib/test/auto/ExecRunDemos.xml (RunModel)" time="10.276" />
  <testcase classname="ptolemy.util.test.junit.AutoTests" name="[148] /home/travis/build/icyphy/ptII/ptolemy/actor/lib/test/auto/ExecStop.xml (RunModel)" time="5.038" />
  <testcase classname="ptolemy.util.test.junit.AutoTests" name="[149] /home/travis/build/icyphy/ptII/ptolemy/actor/lib/test/auto/ExecutionTimeSDF.xml (RunModel)" time="6.059" />
  <testcase classname="ptolemy.util.test.junit.AutoTests" name="[150] /home/travis/build/icyphy/ptII/ptolemy/actor/lib/test/auto/Expression1.xml (RunModel)" time="0.015" />
  <testcase classname="ptolemy.util.test.junit.AutoTests" name="[151] /home/travis/build/icyphy/ptII/ptolemy/actor/lib/test/auto/Expression10.xml (RunModel)" time="0.012" />
  <testcase classname="ptolemy.util.test.junit.AutoTests" name="[152] /home/travis/build/icyphy/ptII/ptolemy/actor/lib/test/auto/Expression11.xml (RunModel)" time="0.009" />
  <testcase classname="ptolemy.util.test.junit.AutoTests" name="[153] /home/travis/build/icyphy/ptII/ptolemy/actor/lib/test/auto/Expression12.xml (RunModel)" time="0.01" />
  <testcase classname="ptolemy.util.test.junit.AutoTests" name="[154] /home/travis/build/icyphy/ptII/ptolemy/actor/lib/test/auto/Expression13.xml (RunModel)" time="0.01" />
  <testcase classname="ptolemy.util.test.junit.AutoTests" name="[155] /home/travis/build/icyphy/ptII/ptolemy/actor/lib/test/auto/Expression14.xml (RunModel)" time="0.012" />
  <testcase classname="ptolemy.util.test.junit.AutoTests" name="[156] /home/travis/build/icyphy/ptII/ptolemy/actor/lib/test/auto/Expression15.xml (RunModel)" time="0.006" />
  <testcase classname="ptolemy.util.test.junit.AutoTests" name="[157] /home/travis/build/icyphy/ptII/ptolemy/actor/lib/test/auto/Expression16.xml (RunModel)" time="0.011" />
  <testcase classname="ptolemy.util.test.junit.AutoTests" name="[158] /home/travis/build/icyphy/ptII/ptolemy/actor/lib/test/auto/Expression17.xml (RunModel)" time="0.009" />
  <testcase classname="ptolemy.util.test.junit.AutoTests" name="[159] /home/travis/build/icyphy/ptII/ptolemy/actor/lib/test/auto/Expression18.xml (RunModel)" time="0.012" />
  <testcase classname="ptolemy.util.test.junit.AutoTests" name="[160] /home/travis/build/icyphy/ptII/ptolemy/actor/lib/test/auto/Expression2.xml (RunModel)" time="0.012" />
  <testcase classname="ptolemy.util.test.junit.AutoTests" name="[161] /home/travis/build/icyphy/ptII/ptolemy/actor/lib/test/auto/Expression3.xml (RunModel)" time="0.012" />
  <testcase classname="ptolemy.util.test.junit.AutoTests" name="[162] /home/travis/build/icyphy/ptII/ptolemy/actor/lib/test/auto/Expression4.xml (RunModel)" time="0.018" />
  <testcase classname="ptolemy.util.test.junit.AutoTests" name="[163] /home/travis/build/icyphy/ptII/ptolemy/actor/lib/test/auto/Expression5.xml (RunModel)" time="0.013" />
  <testcase classname="ptolemy.util.test.junit.AutoTests" name="[164] /home/travis/build/icyphy/ptII/ptolemy/actor/lib/test/auto/Expression6.xml (RunModel)" time="0.008" />
  <testcase classname="ptolemy.util.test.junit.AutoTests" name="[165] /home/travis/build/icyphy/ptII/ptolemy/actor/lib/test/auto/Expression7.xml (RunModel)" time="0.011" />
  <testcase classname="ptolemy.util.test.junit.AutoTests" name="[166] /home/travis/build/icyphy/ptII/ptolemy/actor/lib/test/auto/Expression8.xml (RunModel)" time="0.014" />
  <testcase classname="ptolemy.util.test.junit.AutoTests" name="[167] /home/travis/build/icyphy/ptII/ptolemy/actor/lib/test/auto/Expression9.xml (RunModel)" time="0.007" />
  <testcase classname="ptolemy.util.test.junit.AutoTests" name="[168] /home/travis/build/icyphy/ptII/ptolemy/actor/lib/test/auto/ExpressionConcatenateArrayType.xml (RunModel)" time="0.029" />
  <testcase classname="ptolemy.util.test.junit.AutoTests" name="[169] /home/travis/build/icyphy/ptII/ptolemy/actor/lib/test/auto/ExpressionConcatenateArrayType2.xml (RunModel)" time="0.024" />
  <testcase classname="ptolemy.util.test.junit.AutoTests" name="[170] /home/travis/build/icyphy/ptII/ptolemy/actor/lib/test/auto/ExpressionFix.xml (RunModel)" time="0.047" />
  <testcase classname="ptolemy.util.test.junit.AutoTests" name="[171] /home/travis/build/icyphy/ptII/ptolemy/actor/lib/test/auto/ExpressionFix2.xml (RunModel)" time="0.011" />
  <testcase classname="ptolemy.util.test.junit.AutoTests" name="[172] /home/travis/build/icyphy/ptII/ptolemy/actor/lib/test/auto/ExpressionFix3.xml (RunModel)" time="0.011" />
  <testcase classname="ptolemy.util.test.junit.AutoTests" name="[173] /home/travis/build/icyphy/ptII/ptolemy/actor/lib/test/auto/FileWriter1.xml (RunModel)" time="0.008" />
  <testcase classname="ptolemy.util.test.junit.AutoTests" name="[174] /home/travis/build/icyphy/ptII/ptolemy/actor/lib/test/auto/FileWriter2.xml (RunModel)" time="0.012" />
  <testcase classname="ptolemy.util.test.junit.AutoTests" name="[175] /home/travis/build/icyphy/ptII/ptolemy/actor/lib/test/auto/FileWriter3.xml (RunModel)" time="0.012" />
  <testcase classname="ptolemy.util.test.junit.AutoTests" name="[176] /home/travis/build/icyphy/ptII/ptolemy/actor/lib/test/auto/Gaussian.xml (RunModel)" time="0.01" />
  <testcase classname="ptolemy.util.test.junit.AutoTests" name="[177] /home/travis/build/icyphy/ptII/ptolemy/actor/lib/test/auto/Gaussian1.xml (RunModel)" time="0.02" />
  <testcase classname="ptolemy.util.test.junit.AutoTests" name="[178] /home/travis/build/icyphy/ptII/ptolemy/actor/lib/test/auto/Gaussian2.xml (RunModel)" time="0.018" />
  <testcase classname="ptolemy.util.test.junit.AutoTests" name="[179] /home/travis/build/icyphy/ptII/ptolemy/actor/lib/test/auto/GradientAdaptiveLattice.xml (RunModel)" time="0.016" />
  <testcase classname="ptolemy.util.test.junit.AutoTests" name="[180] /home/travis/build/icyphy/ptII/ptolemy/actor/lib/test/auto/IIR.xml (RunModel)" time="0.01" />
  <testcase classname="ptolemy.util.test.junit.AutoTests" name="[181] /home/travis/build/icyphy/ptII/ptolemy/actor/lib/test/auto/InputOutputTransparentPorts.xml (RunModel)" time="0.02" />
  <testcase classname="ptolemy.util.test.junit.AutoTests" name="[182] /home/travis/build/icyphy/ptII/ptolemy/actor/lib/test/auto/Interpolator.xml (RunModel)" time="0.012" />
  <testcase classname="ptolemy.util.test.junit.AutoTests" name="[183] /home/travis/build/icyphy/ptII/ptolemy/actor/lib/test/auto/InterpolatorFiringLimitDE.xml (RunModel)" time="0.014" />
  <testcase classname="ptolemy.util.test.junit.AutoTests" name="[184] /home/travis/build/icyphy/ptII/ptolemy/actor/lib/test/auto/Lattice.xml (RunModel)" time="0.008" />
  <testcase classname="ptolemy.util.test.junit.AutoTests" name="[185] /home/travis/build/icyphy/ptII/ptolemy/actor/lib/test/auto/LazyAOCTestLazy.xml (RunModel)" time="0.026" />
  <testcase classname="ptolemy.util.test.junit.AutoTests" name="[186] /home/travis/build/icyphy/ptII/ptolemy/actor/lib/test/auto/LazyAOCTestNonLazy.xml (RunModel)" time="0.051" />
  <testcase classname="ptolemy.util.test.junit.AutoTests" name="[187] /home/travis/build/icyphy/ptII/ptolemy/actor/lib/test/auto/LazyInnerClass.xml (RunModel)" time="0.026" />
  <testcase classname="ptolemy.util.test.junit.AutoTests" name="[188] /home/travis/build/icyphy/ptII/ptolemy/actor/lib/test/auto/LazyPubSub.xml (RunModel)" time="0.07" />
  <testcase classname="ptolemy.util.test.junit.AutoTests" name="[189] /home/travis/build/icyphy/ptII/ptolemy/actor/lib/test/auto/LazyPubSub2.xml (RunModel)" time="0.033" />
  <testcase classname="ptolemy.util.test.junit.AutoTests" name="[190] /home/travis/build/icyphy/ptII/ptolemy/actor/lib/test/auto/LazyPubSub3.xml (RunModel)" time="0.038" />
  <testcase classname="ptolemy.util.test.junit.AutoTests" name="[191] /home/travis/build/icyphy/ptII/ptolemy/actor/lib/test/auto/LazySubClassModel.xml (RunModel)" time="0.022" />
  <testcase classname="ptolemy.util.test.junit.AutoTests" name="[192] /home/travis/build/icyphy/ptII/ptolemy/actor/lib/test/auto/LevelCrossTest1.xml (RunModel)" time="0.012" />
  <testcase classname="ptolemy.util.test.junit.AutoTests" name="[193] /home/travis/build/icyphy/ptII/ptolemy/actor/lib/test/auto/LevelCrossTest10.xml (RunModel)" time="0.014" />
  <testcase classname="ptolemy.util.test.junit.AutoTests" name="[194] /home/travis/build/icyphy/ptII/ptolemy/actor/lib/test/auto/LevelCrossTest11.xml (RunModel)" time="0.012" />
  <testcase classname="ptolemy.util.test.junit.AutoTests" name="[195] /home/travis/build/icyphy/ptII/ptolemy/actor/lib/test/auto/LevelCrossTest12.xml (RunModel)" time="0.016" />
  <testcase classname="ptolemy.util.test.junit.AutoTests" name="[196] /home/travis/build/icyphy/ptII/ptolemy/actor/lib/test/auto/LevelCrossTest13.xml (RunModel)" time="0.014" />
  <testcase classname="ptolemy.util.test.junit.AutoTests" name="[197] /home/travis/build/icyphy/ptII/ptolemy/actor/lib/test/auto/LevelCrossTest2.xml (RunModel)" time="0.01" />
  <testcase classname="ptolemy.util.test.junit.AutoTests" name="[198] /home/travis/build/icyphy/ptII/ptolemy/actor/lib/test/auto/LevelCrossTest3.xml (RunModel)" time="0.012" />
  <testcase classname="ptolemy.util.test.junit.AutoTests" name="[199] /home/travis/build/icyphy/ptII/ptolemy/actor/lib/test/auto/LevelCrossTest4.xml (RunModel)" time="0.011" />
  <testcase classname="ptolemy.util.test.junit.AutoTests" name="[200] /home/travis/build/icyphy/ptII/ptolemy/actor/lib/test/auto/LevelCrossTest5.xml (RunModel)" time="0.026" />
  <testcase classname="ptolemy.util.test.junit.AutoTests" name="[201] /home/travis/build/icyphy/ptII/ptolemy/actor/lib/test/auto/LevelCrossTest6.xml (RunModel)" time="0.017" />
  <testcase classname="ptolemy.util.test.junit.AutoTests" name="[202] /home/travis/build/icyphy/ptII/ptolemy/actor/lib/test/auto/LevelCrossTest7.xml (RunModel)" time="0.02" />
  <testcase classname="ptolemy.util.test.junit.AutoTests" name="[203] /home/travis/build/icyphy/ptII/ptolemy/actor/lib/test/auto/LevelCrossTest8.xml (RunModel)" time="0.014" />
  <testcase classname="ptolemy.util.test.junit.AutoTests" name="[204] /home/travis/build/icyphy/ptII/ptolemy/actor/lib/test/auto/LevelCrossTest9.xml (RunModel)" time="0.012" />
  <testcase classname="ptolemy.util.test.junit.AutoTests" name="[205] /home/travis/build/icyphy/ptII/ptolemy/actor/lib/test/auto/LevinsonDurbin.xml (RunModel)" time="0.009" />
  <testcase classname="ptolemy.util.test.junit.AutoTests" name="[206] /home/travis/build/icyphy/ptII/ptolemy/actor/lib/test/auto/LevinsonDurbin2.xml (RunModel)" time="0.011" />
  <testcase classname="ptolemy.util.test.junit.AutoTests" name="[207] /home/travis/build/icyphy/ptII/ptolemy/actor/lib/test/auto/LevinsonDurbin3.xml (RunModel)" time="0.007" />
  <testcase classname="ptolemy.util.test.junit.AutoTests" name="[208] /home/travis/build/icyphy/ptII/ptolemy/actor/lib/test/auto/Limiter.xml (RunModel)" time="0.029" />
  <testcase classname="ptolemy.util.test.junit.AutoTests" name="[209] /home/travis/build/icyphy/ptII/ptolemy/actor/lib/test/auto/LinearDifferenceEquationSystem.xml (RunModel)" time="0.018" />
  <testcase classname="ptolemy.util.test.junit.AutoTests" name="[210] /home/travis/build/icyphy/ptII/ptolemy/actor/lib/test/auto/LookupTable.xml (RunModel)" time="0.01" />
  <testcase classname="ptolemy.util.test.junit.AutoTests" name="[211] /home/travis/build/icyphy/ptII/ptolemy/actor/lib/test/auto/MathFunction.xml (RunModel)" time="0.016" />
  <testcase classname="ptolemy.util.test.junit.AutoTests" name="[212] /home/travis/build/icyphy/ptII/ptolemy/actor/lib/test/auto/MathFunction2.xml (RunModel)" time="0.01" />
  <testcase classname="ptolemy.util.test.junit.AutoTests" name="[213] /home/travis/build/icyphy/ptII/ptolemy/actor/lib/test/auto/MathFunction3.xml (RunModel)" time="0.022" />
  <testcase classname="ptolemy.util.test.junit.AutoTests" name="[214] /home/travis/build/icyphy/ptII/ptolemy/actor/lib/test/auto/MatrixCropBoolean.xml (RunModel)" time="0.015" />
  <testcase classname="ptolemy.util.test.junit.AutoTests" name="[215] /home/travis/build/icyphy/ptII/ptolemy/actor/lib/test/auto/MatrixCropComplex.xml (RunModel)" time="0.011" />
  <testcase classname="ptolemy.util.test.junit.AutoTests" name="[216] /home/travis/build/icyphy/ptII/ptolemy/actor/lib/test/auto/MatrixCropDouble.xml (RunModel)" time="0.01" />
  <testcase classname="ptolemy.util.test.junit.AutoTests" name="[217] /home/travis/build/icyphy/ptII/ptolemy/actor/lib/test/auto/MatrixCropFix.xml (RunModel)" time="0.011" />
  <testcase classname="ptolemy.util.test.junit.AutoTests" name="[218] /home/travis/build/icyphy/ptII/ptolemy/actor/lib/test/auto/MatrixCropInt.xml (RunModel)" time="0.009" />
  <testcase classname="ptolemy.util.test.junit.AutoTests" name="[219] /home/travis/build/icyphy/ptII/ptolemy/actor/lib/test/auto/MatrixCropLong.xml (RunModel)" time="0.008" />
  <testcase classname="ptolemy.util.test.junit.AutoTests" name="[220] /home/travis/build/icyphy/ptII/ptolemy/actor/lib/test/auto/MatrixToArray.xml (RunModel)" time="0.054" />
  <testcase classname="ptolemy.util.test.junit.AutoTests" name="[221] /home/travis/build/icyphy/ptII/ptolemy/actor/lib/test/auto/MaxIndex.xml (RunModel)" time="0.017" />
  <testcase classname="ptolemy.util.test.junit.AutoTests" name="[222] /home/travis/build/icyphy/ptII/ptolemy/actor/lib/test/auto/Maximum.xml (RunModel)" time="0.018" />
  <testcase classname="ptolemy.util.test.junit.AutoTests" name="[223] /home/travis/build/icyphy/ptII/ptolemy/actor/lib/test/auto/MaximumComplex.xml (RunModel)" time="0.014" />
  <testcase classname="ptolemy.util.test.junit.AutoTests" name="[224] /home/travis/build/icyphy/ptII/ptolemy/actor/lib/test/auto/MethodCallTest.xml (RunModel)" time="0.021" />
  <testcase classname="ptolemy.util.test.junit.AutoTests" name="[225] /home/travis/build/icyphy/ptII/ptolemy/actor/lib/test/auto/Minimum.xml (RunModel)" time="0.013" />
  <testcase classname="ptolemy.util.test.junit.AutoTests" name="[226] /home/travis/build/icyphy/ptII/ptolemy/actor/lib/test/auto/MinimumComplex.xml (RunModel)" time="0.023" />
  <testcase classname="ptolemy.util.test.junit.AutoTests" name="[227] /home/travis/build/icyphy/ptII/ptolemy/actor/lib/test/auto/MinimumMultiports.xml (RunModel)" time="0.016" />
  <testcase classname="ptolemy.util.test.junit.AutoTests" name="[228] /home/travis/build/icyphy/ptII/ptolemy/actor/lib/test/auto/ModifyDate.xml (RunModel)" time="0.041" />
  <testcase classname="ptolemy.util.test.junit.AutoTests" name="[229] /home/travis/build/icyphy/ptII/ptolemy/actor/lib/test/auto/ModifyDate2.xml (RunModel)" time="0.031" />
  <testcase classname="ptolemy.util.test.junit.AutoTests" name="[230] /home/travis/build/icyphy/ptII/ptolemy/actor/lib/test/auto/MovingAverage.xml (RunModel)" time="0.01" />
  <testcase classname="ptolemy.util.test.junit.AutoTests" name="[231] /home/travis/build/icyphy/ptII/ptolemy/actor/lib/test/auto/MovingMaximum.xml (RunModel)" time="0.01" />
  <testcase classname="ptolemy.util.test.junit.AutoTests" name="[232] /home/travis/build/icyphy/ptII/ptolemy/actor/lib/test/auto/MultipleLinksToSameRelation.xml (RunModel)" time="0.007" />
  <testcase classname="ptolemy.util.test.junit.AutoTests" name="[233] /home/travis/build/icyphy/ptII/ptolemy/actor/lib/test/auto/MultipleLinksToSameRelationDE.xml (RunModel)" time="0.015" />
  <testcase classname="ptolemy.util.test.junit.AutoTests" name="[234] /home/travis/build/icyphy/ptII/ptolemy/actor/lib/test/auto/Multiplexor.xml (RunModel)" time="0.01" />
  <testcase classname="ptolemy.util.test.junit.AutoTests" name="[235] /home/travis/build/icyphy/ptII/ptolemy/actor/lib/test/auto/Multiplexor1.xml (RunModel)" time="0.01" />
  <testcase classname="ptolemy.util.test.junit.AutoTests" name="[236] /home/travis/build/icyphy/ptII/ptolemy/actor/lib/test/auto/Multiplexor2.xml (RunModel)" time="0.016" />
  <testcase classname="ptolemy.util.test.junit.AutoTests" name="[237] /home/travis/build/icyphy/ptII/ptolemy/actor/lib/test/auto/Multiplexor3.xml (RunModel)" time="0.007" />
  <testcase classname="ptolemy.util.test.junit.AutoTests" name="[238] /home/travis/build/icyphy/ptII/ptolemy/actor/lib/test/auto/MultiplexorDE.xml (RunModel)" time="0.016" />
  <testcase classname="ptolemy.util.test.junit.AutoTests" name="[239] /home/travis/build/icyphy/ptII/ptolemy/actor/lib/test/auto/MultiportBroadcastTest.xml (RunModel)" time="0.09" />
  <testcase classname="ptolemy.util.test.junit.AutoTests" name="[240] /home/travis/build/icyphy/ptII/ptolemy/actor/lib/test/auto/MultiportOutHangDuringGetWidth.xml (RunModel)" time="0.034" />
  <testcase classname="ptolemy.util.test.junit.AutoTests" name="[241] /home/travis/build/icyphy/ptII/ptolemy/actor/lib/test/auto/NilToken.xml (RunModel)" time="0.01" />
  <testcase classname="ptolemy.util.test.junit.AutoTests" name="[242] /home/travis/build/icyphy/ptII/ptolemy/actor/lib/test/auto/NilTokenNonStrictTest.xml (RunModel)" time="0.01" />
  <testcase classname="ptolemy.util.test.junit.AutoTests" name="[243] /home/travis/build/icyphy/ptII/ptolemy/actor/lib/test/auto/NilTokenRecord.xml (RunModel)" time="0.026" />
  <testcase classname="ptolemy.util.test.junit.AutoTests" name="[244] /home/travis/build/icyphy/ptII/ptolemy/actor/lib/test/auto/NilTokenTypeTest.xml (RunModel)" time="0.034" />
  <testcase classname="ptolemy.util.test.junit.AutoTests" name="[245] /home/travis/build/icyphy/ptII/ptolemy/actor/lib/test/auto/ObjectToken1.xml (RunModel)" time="0.007" />
  <testcase classname="ptolemy.util.test.junit.AutoTests" name="[246] /home/travis/build/icyphy/ptII/ptolemy/actor/lib/test/auto/OrderedMerge.xml (RunModel)" time="0.023" />
  <testcase classname="ptolemy.util.test.junit.AutoTests" name="[247] /home/travis/build/icyphy/ptII/ptolemy/actor/lib/test/auto/OrderedRecordDisassembler.xml (RunModel)" time="0.017" />
  <testcase classname="ptolemy.util.test.junit.AutoTests" name="[248] /home/travis/build/icyphy/ptII/ptolemy/actor/lib/test/auto/OrderedRecordDisassembler2.xml (RunModel)" time="0.023" />
  <testcase classname="ptolemy.util.test.junit.AutoTests" name="[249] /home/travis/build/icyphy/ptII/ptolemy/actor/lib/test/auto/OrderedRecordUpdater.xml (RunModel)" time="0.01" />
  <testcase classname="ptolemy.util.test.junit.AutoTests" name="[250] /home/travis/build/icyphy/ptII/ptolemy/actor/lib/test/auto/OrderedRecordUpdater2.xml (RunModel)" time="0.016" />
  <testcase classname="ptolemy.util.test.junit.AutoTests" name="[251] /home/travis/build/icyphy/ptII/ptolemy/actor/lib/test/auto/PhaseUnwrap.xml (RunModel)" time="0.012" />
  <testcase classname="ptolemy.util.test.junit.AutoTests" name="[252] /home/travis/build/icyphy/ptII/ptolemy/actor/lib/test/auto/PoissonClock.xml (RunModel)" time="0.009" />
  <testcase classname="ptolemy.util.test.junit.AutoTests" name="[253] /home/travis/build/icyphy/ptII/ptolemy/actor/lib/test/auto/PoissonClock2.xml (RunModel)" time="0.007" />
  <testcase classname="ptolemy.util.test.junit.AutoTests" name="[254] /home/travis/build/icyphy/ptII/ptolemy/actor/lib/test/auto/PoissonClock3.xml (RunModel)" time="0.023" />
  <testcase classname="ptolemy.util.test.junit.AutoTests" name="[255] /home/travis/build/icyphy/ptII/ptolemy/actor/lib/test/auto/PubSubWithInitialTokens.xml (RunModel)" time="0.014" />
  <testcase classname="ptolemy.util.test.junit.AutoTests" name="[256] /home/travis/build/icyphy/ptII/ptolemy/actor/lib/test/auto/PubSubWithInitialTokens2.xml (RunModel)" time="0.011" />
  <testcase classname="ptolemy.util.test.junit.AutoTests" name="[257] /home/travis/build/icyphy/ptII/ptolemy/actor/lib/test/auto/PublisherClassNoParameter.xml (RunModel)" time="0.023" />
  <testcase classname="ptolemy.util.test.junit.AutoTests" name="[258] /home/travis/build/icyphy/ptII/ptolemy/actor/lib/test/auto/PublisherClassParameter.xml (RunModel)" time="0.017" />
  <testcase classname="ptolemy.util.test.junit.AutoTests" name="[259] /home/travis/build/icyphy/ptII/ptolemy/actor/lib/test/auto/PublisherNonStrictTest.xml (RunModel)" time="0.012" />
  <testcase classname="ptolemy.util.test.junit.AutoTests" name="[260] /home/travis/build/icyphy/ptII/ptolemy/actor/lib/test/auto/PublisherPort1.xml (RunModel)" time="0.008" />
  <testcase classname="ptolemy.util.test.junit.AutoTests" name="[261] /home/travis/build/icyphy/ptII/ptolemy/actor/lib/test/auto/PublisherPort2.xml (RunModel)" time="0.006" />
  <testcase classname="ptolemy.util.test.junit.AutoTests" name="[262] /home/travis/build/icyphy/ptII/ptolemy/actor/lib/test/auto/PublisherPort3.xml (RunModel)" time="0.016" />
  <testcase classname="ptolemy.util.test.junit.AutoTests" name="[263] /home/travis/build/icyphy/ptII/ptolemy/actor/lib/test/auto/PublisherPort4.xml (RunModel)" time="0.014" />
  <testcase classname="ptolemy.util.test.junit.AutoTests" name="[264] /home/travis/build/icyphy/ptII/ptolemy/actor/lib/test/auto/PublisherPort5.xml (RunModel)" time="0.012" />
  <testcase classname="ptolemy.util.test.junit.AutoTests" name="[265] /home/travis/build/icyphy/ptII/ptolemy/actor/lib/test/auto/PublisherPort5LookAlike.xml (RunModel)" time="0.015" />
  <testcase classname="ptolemy.util.test.junit.AutoTests" name="[266] /home/travis/build/icyphy/ptII/ptolemy/actor/lib/test/auto/PublisherPort6.xml (RunModel)" time="0.01" />
  <testcase classname="ptolemy.util.test.junit.AutoTests" name="[267] /home/travis/build/icyphy/ptII/ptolemy/actor/lib/test/auto/PublisherPort7.xml (RunModel)" time="0.011" />
  <testcase classname="ptolemy.util.test.junit.AutoTests" name="[268] /home/travis/build/icyphy/ptII/ptolemy/actor/lib/test/auto/PublisherPort8.xml (RunModel)" time="0.013" />
  <testcase classname="ptolemy.util.test.junit.AutoTests" name="[269] /home/travis/build/icyphy/ptII/ptolemy/actor/lib/test/auto/PublisherPortSubscriberChannelVariablesAOC2.xml (RunModel)" time="0.06" />
  <testcase classname="ptolemy.util.test.junit.AutoTests" name="[270] /home/travis/build/icyphy/ptII/ptolemy/actor/lib/test/auto/PublisherPortSubscriberOpaqueWidthInference.xml (RunModel)" time="0.014" />
  <testcase classname="ptolemy.util.test.junit.AutoTests" name="[271] /home/travis/build/icyphy/ptII/ptolemy/actor/lib/test/auto/PublisherPortSubscriberPortAdjacent.xml (RunModel)" time="0.015" />
  <testcase classname="ptolemy.util.test.junit.AutoTests" name="[272] /home/travis/build/icyphy/ptII/ptolemy/actor/lib/test/auto/PublisherPortSubscriberPortExpression.xml (RunModel)" time="0.012" />
  <testcase classname="ptolemy.util.test.junit.AutoTests" name="[273] /home/travis/build/icyphy/ptII/ptolemy/actor/lib/test/auto/PublisherPortSubscriberPortOpaqueD3Reverse.xml (RunModel)" time="0.03" />
  <testcase classname="ptolemy.util.test.junit.AutoTests" name="[274] /home/travis/build/icyphy/ptII/ptolemy/actor/lib/test/auto/PublisherPortSubscriberPortOpaqueWidthInference.xml (RunModel)" time="0.013" />
  <testcase classname="ptolemy.util.test.junit.AutoTests" name="[275] /home/travis/build/icyphy/ptII/ptolemy/actor/lib/test/auto/PublisherPortToplevelSubscriberPortAOC.xml (RunModel)" time="0.008" />
  <testcase classname="ptolemy.util.test.junit.AutoTests" name="[276] /home/travis/build/icyphy/ptII/ptolemy/actor/lib/test/auto/PublisherSubscriber.xml (RunModel)" time="0.011" />
  <testcase classname="ptolemy.util.test.junit.AutoTests" name="[277] /home/travis/build/icyphy/ptII/ptolemy/actor/lib/test/auto/PublisherSubscriber10.xml (RunModel)" time="0.018" />
  <testcase classname="ptolemy.util.test.junit.AutoTests" name="[278] /home/travis/build/icyphy/ptII/ptolemy/actor/lib/test/auto/PublisherSubscriber10InitialOutputs.xml (RunModel)" time="0.024" />
  <testcase classname="ptolemy.util.test.junit.AutoTests" name="[279] /home/travis/build/icyphy/ptII/ptolemy/actor/lib/test/auto/PublisherSubscriber11.xml (RunModel)" time="0.013" />
  <testcase classname="ptolemy.util.test.junit.AutoTests" name="[280] /home/travis/build/icyphy/ptII/ptolemy/actor/lib/test/auto/PublisherSubscriber12.xml (RunModel)" time="0.015" />
  <testcase classname="ptolemy.util.test.junit.AutoTests" name="[281] /home/travis/build/icyphy/ptII/ptolemy/actor/lib/test/auto/PublisherSubscriber13.xml (RunModel)" time="0.012" />
  <testcase classname="ptolemy.util.test.junit.AutoTests" name="[282] /home/travis/build/icyphy/ptII/ptolemy/actor/lib/test/auto/PublisherSubscriber14.xml (RunModel)" time="0.03" />
  <testcase classname="ptolemy.util.test.junit.AutoTests" name="[283] /home/travis/build/icyphy/ptII/ptolemy/actor/lib/test/auto/PublisherSubscriber2.xml (RunModel)" time="0.01" />
  <testcase classname="ptolemy.util.test.junit.AutoTests" name="[284] /home/travis/build/icyphy/ptII/ptolemy/actor/lib/test/auto/PublisherSubscriber3.xml (RunModel)" time="0.008" />
  <testcase classname="ptolemy.util.test.junit.AutoTests" name="[285] /home/travis/build/icyphy/ptII/ptolemy/actor/lib/test/auto/PublisherSubscriber4.xml (RunModel)" time="0.007" />
  <testcase classname="ptolemy.util.test.junit.AutoTests" name="[286] /home/travis/build/icyphy/ptII/ptolemy/actor/lib/test/auto/PublisherSubscriber5.xml (RunModel)" time="0.009" />
  <testcase classname="ptolemy.util.test.junit.AutoTests" name="[287] /home/travis/build/icyphy/ptII/ptolemy/actor/lib/test/auto/PublisherSubscriber6.xml (RunModel)" time="0.015" />
  <testcase classname="ptolemy.util.test.junit.AutoTests" name="[288] /home/travis/build/icyphy/ptII/ptolemy/actor/lib/test/auto/PublisherSubscriber7.xml (RunModel)" time="0.017" />
  <testcase classname="ptolemy.util.test.junit.AutoTests" name="[289] /home/travis/build/icyphy/ptII/ptolemy/actor/lib/test/auto/PublisherSubscriber8.xml (RunModel)" time="0.029" />
  <testcase classname="ptolemy.util.test.junit.AutoTests" name="[290] /home/travis/build/icyphy/ptII/ptolemy/actor/lib/test/auto/PublisherSubscriber9.xml (RunModel)" time="0.012" />
  <testcase classname="ptolemy.util.test.junit.AutoTests" name="[291] /home/travis/build/icyphy/ptII/ptolemy/actor/lib/test/auto/PublisherSubscriberAdjacent.xml (RunModel)" time="0.012" />
  <testcase classname="ptolemy.util.test.junit.AutoTests" name="[292] /home/travis/build/icyphy/ptII/ptolemy/actor/lib/test/auto/PublisherSubscriberChannelVariablesAOC2.xml (RunModel)" time="0.022" />
  <testcase classname="ptolemy.util.test.junit.AutoTests" name="[293] /home/travis/build/icyphy/ptII/ptolemy/actor/lib/test/auto/PublisherSubscriberD3.xml (RunModel)" time="0.011" />
  <testcase classname="ptolemy.util.test.junit.AutoTests" name="[294] /home/travis/build/icyphy/ptII/ptolemy/actor/lib/test/auto/PublisherSubscriberD3Reverse.xml (RunModel)" time="0.01" />
  <testcase classname="ptolemy.util.test.junit.AutoTests" name="[295] /home/travis/build/icyphy/ptII/ptolemy/actor/lib/test/auto/PublisherSubscriberExpression.xml (RunModel)" time="0.013" />
  <testcase classname="ptolemy.util.test.junit.AutoTests" name="[296] /home/travis/build/icyphy/ptII/ptolemy/actor/lib/test/auto/PublisherSubscriberOpaque.xml (RunModel)" time="0.013" />
  <testcase classname="ptolemy.util.test.junit.AutoTests" name="[297] /home/travis/build/icyphy/ptII/ptolemy/actor/lib/test/auto/PublisherSubscriberOpaqueD3.xml (RunModel)" time="0.018" />
  <testcase classname="ptolemy.util.test.junit.AutoTests" name="[298] /home/travis/build/icyphy/ptII/ptolemy/actor/lib/test/auto/PublisherSubscriberOpaqueD3Reverse.xml (RunModel)" time="0.017" />
  <testcase classname="ptolemy.util.test.junit.AutoTests" name="[299] /home/travis/build/icyphy/ptII/ptolemy/actor/lib/test/auto/PublisherSubscriberOpaqueWidthInference.xml (RunModel)" time="0.013" />
  <testcase classname="ptolemy.util.test.junit.AutoTests" name="[300] /home/travis/build/icyphy/ptII/ptolemy/actor/lib/test/auto/PublisherTestSubscriber.xml (RunModel)" time="0.011" />
  <testcase classname="ptolemy.util.test.junit.AutoTests" name="[301] /home/travis/build/icyphy/ptII/ptolemy/actor/lib/test/auto/PublisherToplevelSubscriberPortAOC.xml (RunModel)" time="0.008" />
  <testcase classname="ptolemy.util.test.junit.AutoTests" name="[302] /home/travis/build/icyphy/ptII/ptolemy/actor/lib/test/auto/PulseFiringLimitDE.xml (RunModel)" time="0.015" />
  <testcase classname="ptolemy.util.test.junit.AutoTests" name="[303] /home/travis/build/icyphy/ptII/ptolemy/actor/lib/test/auto/Ramp1.xml (RunModel)" time="0.006" />
  <testcase classname="ptolemy.util.test.junit.AutoTests" name="[304] /home/travis/build/icyphy/ptII/ptolemy/actor/lib/test/auto/RampFiringLimitDE.xml (RunModel)" time="0.01" />
  <testcase classname="ptolemy.util.test.junit.AutoTests" name="[305] /home/travis/build/icyphy/ptII/ptolemy/actor/lib/test/auto/RampFiringLimitSDF.xml (RunModel)" time="0.009" />
  <testcase classname="ptolemy.util.test.junit.AutoTests" name="[306] /home/travis/build/icyphy/ptII/ptolemy/actor/lib/test/auto/RandomInteger.xml (RunModel)" time="0.008" />
  <testcase classname="ptolemy.util.test.junit.AutoTests" name="[307] /home/travis/build/icyphy/ptII/ptolemy/actor/lib/test/auto/ReadFile1.xml (RunModel)" time="0.006" />
  <testcase classname="ptolemy.util.test.junit.AutoTests" name="[308] /home/travis/build/icyphy/ptII/ptolemy/actor/lib/test/auto/ReadFile2.xml (RunModel)" time="0.006" />
  <testcase classname="ptolemy.util.test.junit.AutoTests" name="[309] /home/travis/build/icyphy/ptII/ptolemy/actor/lib/test/auto/Reader.xml (RunModel)" time="0.011" />
  <testcase classname="ptolemy.util.test.junit.AutoTests" name="[310] /home/travis/build/icyphy/ptII/ptolemy/actor/lib/test/auto/RecordAssemblerDisplayNameTest.xml (RunModel)" time="3.472" />
  <testcase classname="ptolemy.util.test.junit.AutoTests" name="[311] /home/travis/build/icyphy/ptII/ptolemy/actor/lib/test/auto/RecordAssemblerTypeError.xml (RunModel)" time="0.031" />
  <testcase classname="ptolemy.util.test.junit.AutoTests" name="[312] /home/travis/build/icyphy/ptII/ptolemy/actor/lib/test/auto/RecordDisassember.xml (RunModel)" time="0.012" />
  <testcase classname="ptolemy.util.test.junit.AutoTests" name="[313] /home/travis/build/icyphy/ptII/ptolemy/actor/lib/test/auto/RecordDisassemberDisplayNameTest.xml (RunModel)" time="0.013" />
  <testcase classname="ptolemy.util.test.junit.AutoTests" name="[314] /home/travis/build/icyphy/ptII/ptolemy/actor/lib/test/auto/RecordDisassembler.xml (RunModel)" time="0.066" />
  <testcase classname="ptolemy.util.test.junit.AutoTests" name="[315] /home/travis/build/icyphy/ptII/ptolemy/actor/lib/test/auto/RecordDisassembler2.xml (RunModel)" time="0.007" />
  <testcase classname="ptolemy.util.test.junit.AutoTests" name="[316] /home/travis/build/icyphy/ptII/ptolemy/actor/lib/test/auto/RecordUpdater.xml (RunModel)" time="0.006" />
  <testcase classname="ptolemy.util.test.junit.AutoTests" name="[317] /home/travis/build/icyphy/ptII/ptolemy/actor/lib/test/auto/RecordUpdater2.xml (RunModel)" time="0.006" />
  <testcase classname="ptolemy.util.test.junit.AutoTests" name="[318] /home/travis/build/icyphy/ptII/ptolemy/actor/lib/test/auto/RecursiveLattice.xml (RunModel)" time="0.005" />
  <testcase classname="ptolemy.util.test.junit.AutoTests" name="[319] /home/travis/build/icyphy/ptII/ptolemy/actor/lib/test/auto/Router.xml (RunModel)" time="3.019" />
  <testcase classname="ptolemy.util.test.junit.AutoTests" name="[320] /home/travis/build/icyphy/ptII/ptolemy/actor/lib/test/auto/Router2.xml (RunModel)" time="3.042" />
  <testcase classname="ptolemy.util.test.junit.AutoTests" name="[321] /home/travis/build/icyphy/ptII/ptolemy/actor/lib/test/auto/RunningMaximum.xml (RunModel)" time="0.015" />
  <testcase classname="ptolemy.util.test.junit.AutoTests" name="[322] /home/travis/build/icyphy/ptII/ptolemy/actor/lib/test/auto/RunningMinimum.xml (RunModel)" time="0.015" />
  <testcase classname="ptolemy.util.test.junit.AutoTests" name="[323] /home/travis/build/icyphy/ptII/ptolemy/actor/lib/test/auto/Scale.xml (RunModel)" time="0.012" />
  <testcase classname="ptolemy.util.test.junit.AutoTests" name="[324] /home/travis/build/icyphy/ptII/ptolemy/actor/lib/test/auto/Scale2.xml (RunModel)" time="0.008" />
  <testcase classname="ptolemy.util.test.junit.AutoTests" name="[325] /home/travis/build/icyphy/ptII/ptolemy/actor/lib/test/auto/Scale3.xml (RunModel)" time="0.019" />
  <testcase classname="ptolemy.util.test.junit.AutoTests" name="[326] /home/travis/build/icyphy/ptII/ptolemy/actor/lib/test/auto/ScaleArray.xml (RunModel)" time="0.008" />
  <testcase classname="ptolemy.util.test.junit.AutoTests" name="[327] /home/travis/build/icyphy/ptII/ptolemy/actor/lib/test/auto/ScaleArray2.xml (RunModel)" time="0.007" />
  <testcase classname="ptolemy.util.test.junit.AutoTests" name="[328] /home/travis/build/icyphy/ptII/ptolemy/actor/lib/test/auto/ScaleMatrix.xml (RunModel)" time="0.165" />
  <testcase classname="ptolemy.util.test.junit.AutoTests" name="[329] /home/travis/build/icyphy/ptII/ptolemy/actor/lib/test/auto/Select.xml (RunModel)" time="0.015" />
  <testcase classname="ptolemy.util.test.junit.AutoTests" name="[330] /home/travis/build/icyphy/ptII/ptolemy/actor/lib/test/auto/Select2.xml (RunModel)" time="0.008" />
  <testcase classname="ptolemy.util.test.junit.AutoTests" name="[331] /home/travis/build/icyphy/ptII/ptolemy/actor/lib/test/auto/SequenceToArray2.xml (RunModel)" time="0.127" />
  <testcase classname="ptolemy.util.test.junit.AutoTests" name="[332] /home/travis/build/icyphy/ptII/ptolemy/actor/lib/test/auto/SequentialClock.xml (RunModel)" time="0.018" />
  <testcase classname="ptolemy.util.test.junit.AutoTests" name="[333] /home/travis/build/icyphy/ptII/ptolemy/actor/lib/test/auto/SetVariable.xml (RunModel)" time="0.012" />
  <testcase classname="ptolemy.util.test.junit.AutoTests" name="[334] /home/travis/build/icyphy/ptII/ptolemy/actor/lib/test/auto/SetVariable2.xml (RunModel)" time="0.008" />
  <testcase classname="ptolemy.util.test.junit.AutoTests" name="[335] /home/travis/build/icyphy/ptII/ptolemy/actor/lib/test/auto/SetVariable3.xml (RunModel)" time="0.015" />
  <testcase classname="ptolemy.util.test.junit.AutoTests" name="[336] /home/travis/build/icyphy/ptII/ptolemy/actor/lib/test/auto/SetVariable4.xml (RunModel)" time="0.032" />
  <testcase classname="ptolemy.util.test.junit.AutoTests" name="[337] /home/travis/build/icyphy/ptII/ptolemy/actor/lib/test/auto/SetVariable5.xml (RunModel)" time="0.038" />
  <testcase classname="ptolemy.util.test.junit.AutoTests" name="[338] /home/travis/build/icyphy/ptII/ptolemy/actor/lib/test/auto/Sinewave.xml (RunModel)" time="0.028" />
  <testcase classname="ptolemy.util.test.junit.AutoTests" name="[339] /home/travis/build/icyphy/ptII/ptolemy/actor/lib/test/auto/Sinewave2.xml (RunModel)" time="0.019" />
  <testcase classname="ptolemy.util.test.junit.AutoTests" name="[340] /home/travis/build/icyphy/ptII/ptolemy/actor/lib/test/auto/Sinewave3.xml (RunModel)" time="0.019" />
  <testcase classname="ptolemy.util.test.junit.AutoTests" name="[341] /home/travis/build/icyphy/ptII/ptolemy/actor/lib/test/auto/SingleEvent.xml (RunModel)" time="0.006" />
  <testcase classname="ptolemy.util.test.junit.AutoTests" name="[342] /home/travis/build/icyphy/ptII/ptolemy/actor/lib/test/auto/Sleep.xml (RunModel)" time="6.016" />
  <testcase classname="ptolemy.util.test.junit.AutoTests" name="[343] /home/travis/build/icyphy/ptII/ptolemy/actor/lib/test/auto/SleepMultipleFire.xml (RunModel)" time="1.019" />
  <testcase classname="ptolemy.util.test.junit.AutoTests" name="[344] /home/travis/build/icyphy/ptII/ptolemy/actor/lib/test/auto/StopDE.xml (RunModel)" time="0.021" />
  <testcase classname="ptolemy.util.test.junit.AutoTests" name="[345] /home/travis/build/icyphy/ptII/ptolemy/actor/lib/test/auto/StopSDF.xml (RunModel)" time="0.014" />
  <testcase classname="ptolemy.util.test.junit.AutoTests" name="[346] /home/travis/build/icyphy/ptII/ptolemy/actor/lib/test/auto/StringConstant.xml (RunModel)" time="0.02" />
  <testcase classname="ptolemy.util.test.junit.AutoTests" name="[347] /home/travis/build/icyphy/ptII/ptolemy/actor/lib/test/auto/SubscriberPortInitialValues1.xml (RunModel)" time="0.023" />
  <testcase classname="ptolemy.util.test.junit.AutoTests" name="[348] /home/travis/build/icyphy/ptII/ptolemy/actor/lib/test/auto/SubscriberPortInitialValues13.xml (RunModel)" time="0.023" />
  <testcase classname="ptolemy.util.test.junit.AutoTests" name="[349] /home/travis/build/icyphy/ptII/ptolemy/actor/lib/test/auto/SubscriberPortInitialValues14.xml (RunModel)" time="0.011" />
  <testcase classname="ptolemy.util.test.junit.AutoTests" name="[350] /home/travis/build/icyphy/ptII/ptolemy/actor/lib/test/auto/SubscriberPortInitialValues2.xml (RunModel)" time="0.024" />
  <testcase classname="ptolemy.util.test.junit.AutoTests" name="[351] /home/travis/build/icyphy/ptII/ptolemy/actor/lib/test/auto/SubscriberPortInitialValues3.xml (RunModel)" time="0.024" />
  <testcase classname="ptolemy.util.test.junit.AutoTests" name="[352] /home/travis/build/icyphy/ptII/ptolemy/actor/lib/test/auto/SubscriptionAggregator.xml (RunModel)" time="0.011" />
  <testcase classname="ptolemy.util.test.junit.AutoTests" name="[353] /home/travis/build/icyphy/ptII/ptolemy/actor/lib/test/auto/SubscriptionAggregator2.xml (RunModel)" time="0.01" />
  <testcase classname="ptolemy.util.test.junit.AutoTests" name="[354] /home/travis/build/icyphy/ptII/ptolemy/actor/lib/test/auto/SubscriptionAggregator3.xml (RunModel)" time="0.014" />
  <testcase classname="ptolemy.util.test.junit.AutoTests" name="[355] /home/travis/build/icyphy/ptII/ptolemy/actor/lib/test/auto/SubscriptionAggregatorMultiply.xml (RunModel)" time="0.011" />
  <testcase classname="ptolemy.util.test.junit.AutoTests" name="[356] /home/travis/build/icyphy/ptII/ptolemy/actor/lib/test/auto/SubscriptionAggregatorPortMultiply1.xml (RunModel)" time="0.01" />
  <testcase classname="ptolemy.util.test.junit.AutoTests" name="[357] /home/travis/build/icyphy/ptII/ptolemy/actor/lib/test/auto/Switch.xml (RunModel)" time="0.016" />
  <testcase classname="ptolemy.util.test.junit.AutoTests" name="[358] /home/travis/build/icyphy/ptII/ptolemy/actor/lib/test/auto/Switch2.xml (RunModel)" time="0.008" />
  <testcase classname="ptolemy.util.test.junit.AutoTests" name="[359] /home/travis/build/icyphy/ptII/ptolemy/actor/lib/test/auto/SwitchDE.xml (RunModel)" time="0.015" />
  <testcase classname="ptolemy.util.test.junit.AutoTests" name="[360] /home/travis/build/icyphy/ptII/ptolemy/actor/lib/test/auto/SynchronizerDE.xml (RunModel)" time="0.021" />
  <testcase classname="ptolemy.util.test.junit.AutoTests" name="[361] /home/travis/build/icyphy/ptII/ptolemy/actor/lib/test/auto/Test.xml (RunModel)" time="0.014" />
  <testcase classname="ptolemy.util.test.junit.AutoTests" name="[362] /home/travis/build/icyphy/ptII/ptolemy/actor/lib/test/auto/TestExceptionAttribute1.xml (RunModel)" time="0.005" />
  <testcase classname="ptolemy.util.test.junit.AutoTests" name="[363] /home/travis/build/icyphy/ptII/ptolemy/actor/lib/test/auto/TestExceptionAttribute2.xml (RunModel)" time="0.009" />
  <testcase classname="ptolemy.util.test.junit.AutoTests" name="[364] /home/travis/build/icyphy/ptII/ptolemy/actor/lib/test/auto/TestExceptionAttribute3.xml (RunModel)" time="0.008" />
  <testcase classname="ptolemy.util.test.junit.AutoTests" name="[365] /home/travis/build/icyphy/ptII/ptolemy/actor/lib/test/auto/TestExceptionAttribute4.xml (RunModel)" time="0.004" />
  <testcase classname="ptolemy.util.test.junit.AutoTests" name="[366] /home/travis/build/icyphy/ptII/ptolemy/actor/lib/test/auto/TestExceptionHandler1.xml (RunModel)" time="0.006" />
  <testcase classname="ptolemy.util.test.junit.AutoTests" name="[367] /home/travis/build/icyphy/ptII/ptolemy/actor/lib/test/auto/TestExceptionHandler2.xml (RunModel)" time="0.008" />
  <testcase classname="ptolemy.util.test.junit.AutoTests" name="[368] /home/travis/build/icyphy/ptII/ptolemy/actor/lib/test/auto/TestExceptionHandler3.xml (RunModel)" time="0.004" />
  <testcase classname="ptolemy.util.test.junit.AutoTests" name="[369] /home/travis/build/icyphy/ptII/ptolemy/actor/lib/test/auto/TestExceptionHandler4.xml (RunModel)" time="0.004" />
  <testcase classname="ptolemy.util.test.junit.AutoTests" name="[370] /home/travis/build/icyphy/ptII/ptolemy/actor/lib/test/auto/TestRequireCorrectOrder.xml (RunModel)" time="0.044" />
  <testcase classname="ptolemy.util.test.junit.AutoTests" name="[371] /home/travis/build/icyphy/ptII/ptolemy/actor/lib/test/auto/TestSimple.xml (RunModel)" time="0.013" />
  <testcase classname="ptolemy.util.test.junit.AutoTests" name="[372] /home/travis/build/icyphy/ptII/ptolemy/actor/lib/test/auto/ThrowModelError.xml (RunModel)" time="0.009" />
  <testcase classname="ptolemy.util.test.junit.AutoTests" name="[373] /home/travis/build/icyphy/ptII/ptolemy/actor/lib/test/auto/TimeDelayMicrosteps.xml (RunModel)" time="0.011" />
  <testcase classname="ptolemy.util.test.junit.AutoTests" name="[374] /home/travis/build/icyphy/ptII/ptolemy/actor/lib/test/auto/TimeDelayMicrosteps2.xml (RunModel)" time="0.011" />
  <testcase classname="ptolemy.util.test.junit.AutoTests" name="[375] /home/travis/build/icyphy/ptII/ptolemy/actor/lib/test/auto/TimeDelayMicrosteps3.xml (RunModel)" time="0.009" />
  <testcase classname="ptolemy.util.test.junit.AutoTests" name="[376] /home/travis/build/icyphy/ptII/ptolemy/actor/lib/test/auto/TimeDelayVariableMicrosteps.xml (RunModel)" time="0.009" />
  <testcase classname="ptolemy.util.test.junit.AutoTests" name="[377] /home/travis/build/icyphy/ptII/ptolemy/actor/lib/test/auto/TimeGap.xml (RunModel)" time="0.014" />
  <testcase classname="ptolemy.util.test.junit.AutoTests" name="[378] /home/travis/build/icyphy/ptII/ptolemy/actor/lib/test/auto/TimeGap2.xml (RunModel)" time="0.009" />
  <testcase classname="ptolemy.util.test.junit.AutoTests" name="[379] /home/travis/build/icyphy/ptII/ptolemy/actor/lib/test/auto/TimedSinewave.xml (RunModel)" time="0.048" />
  <testcase classname="ptolemy.util.test.junit.AutoTests" name="[380] /home/travis/build/icyphy/ptII/ptolemy/actor/lib/test/auto/TimedSinewavePhase.xml (RunModel)" time="0.023" />
  <testcase classname="ptolemy.util.test.junit.AutoTests" name="[381] /home/travis/build/icyphy/ptII/ptolemy/actor/lib/test/auto/Timer.xml (RunModel)" time="0.015" />
  <testcase classname="ptolemy.util.test.junit.AutoTests" name="[382] /home/travis/build/icyphy/ptII/ptolemy/actor/lib/test/auto/TriangularDistTestModel.xml (RunModel)" time="0.014" />
  <testcase classname="ptolemy.util.test.junit.AutoTests" name="[383] /home/travis/build/icyphy/ptII/ptolemy/actor/lib/test/auto/TrigFunction.xml (RunModel)" time="0.007" />
  <testcase classname="ptolemy.util.test.junit.AutoTests" name="[384] /home/travis/build/icyphy/ptII/ptolemy/actor/lib/test/auto/TrigFunctionDE.xml (RunModel)" time="0.01" />
  <testcase classname="ptolemy.util.test.junit.AutoTests" name="[385] /home/travis/build/icyphy/ptII/ptolemy/actor/lib/test/auto/TrigFunctionInverse.xml (RunModel)" time="0.008" />
  <testcase classname="ptolemy.util.test.junit.AutoTests" name="[386] /home/travis/build/icyphy/ptII/ptolemy/actor/lib/test/auto/TrigFunctionTan.xml (RunModel)" time="0.005" />
  <testcase classname="ptolemy.util.test.junit.AutoTests" name="[387] /home/travis/build/icyphy/ptII/ptolemy/actor/lib/test/auto/TriggeredClock.xml (RunModel)" time="0.007" />
  <testcase classname="ptolemy.util.test.junit.AutoTests" name="[388] /home/travis/build/icyphy/ptII/ptolemy/actor/lib/test/auto/URLDirectoryReader.xml (RunModel)" time="0.108" />
  <testcase classname="ptolemy.util.test.junit.AutoTests" name="[389] /home/travis/build/icyphy/ptII/ptolemy/actor/lib/test/auto/URLDirectoryReader3.xml (RunModel)" time="1.687" />
  <testcase classname="ptolemy.util.test.junit.AutoTests" name="[390] /home/travis/build/icyphy/ptII/ptolemy/actor/lib/test/auto/UnaryMathFunction.xml (RunModel)" time="0.024" />
  <testcase classname="ptolemy.util.test.junit.AutoTests" name="[391] /home/travis/build/icyphy/ptII/ptolemy/actor/lib/test/auto/Uniform.xml (RunModel)" time="0.009" />
  <testcase classname="ptolemy.util.test.junit.AutoTests" name="[392] /home/travis/build/icyphy/ptII/ptolemy/actor/lib/test/auto/UnionDisassemblerTest.xml (RunModel)" time="0.013" />
  <testcase classname="ptolemy.util.test.junit.AutoTests" name="[393] /home/travis/build/icyphy/ptII/ptolemy/actor/lib/test/auto/UtilityFunctions.xml (RunModel)" time="0.005" />
  <testcase classname="ptolemy.util.test.junit.AutoTests" name="[394] /home/travis/build/icyphy/ptII/ptolemy/actor/lib/test/auto/VariableSleep.xml (RunModel)" time="0.51" />
  <testcase classname="ptolemy.util.test.junit.AutoTests" name="[395] /home/travis/build/icyphy/ptII/ptolemy/actor/lib/test/auto/VectorAssemblerDisassemblerCT.xml (RunModel)" time="0.082" />
  <testcase classname="ptolemy.util.test.junit.AutoTests" name="[396] /home/travis/build/icyphy/ptII/ptolemy/actor/lib/test/auto/VectorAssemblerDisassemblerDE.xml (RunModel)" time="0.011" />
  <testcase classname="ptolemy.util.test.junit.AutoTests" name="[397] /home/travis/build/icyphy/ptII/ptolemy/actor/lib/test/auto/VectorAssemblerDisassemblerSDF.xml (RunModel)" time="0.01" />
  <testcase classname="ptolemy.util.test.junit.AutoTests" name="[398] /home/travis/build/icyphy/ptII/ptolemy/actor/lib/test/auto/WallClockTime.xml (RunModel)" time="1.01" />
  <testcase classname="ptolemy.util.test.junit.AutoTests" name="[399] /home/travis/build/icyphy/ptII/ptolemy/actor/lib/test/auto/WidthTestWithSubscriberPublisher.xml (RunModel)" time="0.034" />
  <testcase classname="ptolemy.util.test.junit.AutoTests" name="[400] /home/travis/build/icyphy/ptII/ptolemy/actor/lib/test/auto/WidthTestWithSubscriberPublisher2.xml (RunModel)" time="0.012" />
  <testcase classname="ptolemy.util.test.junit.AutoTests" name="[401] /home/travis/build/icyphy/ptII/ptolemy/actor/lib/test/auto/WidthTestWithSubscriberPublisher3.xml (RunModel)" time="0.011" />
  <testcase classname="ptolemy.util.test.junit.AutoTests" name="[402] /home/travis/build/icyphy/ptII/ptolemy/actor/lib/test/auto/Writer.xml (RunModel)" time="0.006" />
  <testcase classname="ptolemy.util.test.junit.AutoTests" name="[403] /home/travis/build/icyphy/ptII/ptolemy/actor/lib/test/auto/array.xml (RunModel)" time="0.025" />
  <testcase classname="ptolemy.util.test.junit.AutoTests" name="[404] /home/travis/build/icyphy/ptII/ptolemy/actor/lib/test/auto/array2.xml (RunModel)" time="0.019" />
  <testcase classname="ptolemy.util.test.junit.AutoTests" name="[405] /home/travis/build/icyphy/ptII/ptolemy/actor/lib/test/auto/arrayType.xml (RunModel)" time="0.009" />
  <testcase classname="ptolemy.util.test.junit.AutoTests" name="[406] /home/travis/build/icyphy/ptII/ptolemy/actor/lib/test/auto/arrayType10.xml (RunModel)" time="0.006" />
  <testcase classname="ptolemy.util.test.junit.AutoTests" name="[407] /home/travis/build/icyphy/ptII/ptolemy/actor/lib/test/auto/arrayType11.xml (RunModel)" time="0.005" />
  <testcase classname="ptolemy.util.test.junit.AutoTests" name="[408] /home/travis/build/icyphy/ptII/ptolemy/actor/lib/test/auto/arrayType12.xml (RunModel)" time="0.006" />
  <testcase classname="ptolemy.util.test.junit.AutoTests" name="[409] /home/travis/build/icyphy/ptII/ptolemy/actor/lib/test/auto/arrayType13.xml (RunModel)" time="0.006" />
  <testcase classname="ptolemy.util.test.junit.AutoTests" name="[410] /home/travis/build/icyphy/ptII/ptolemy/actor/lib/test/auto/arrayType14.xml (RunModel)" time="0.006" />
  <testcase classname="ptolemy.util.test.junit.AutoTests" name="[411] /home/travis/build/icyphy/ptII/ptolemy/actor/lib/test/auto/arrayType15.xml (RunModel)" time="0.007" />
  <testcase classname="ptolemy.util.test.junit.AutoTests" name="[412] /home/travis/build/icyphy/ptII/ptolemy/actor/lib/test/auto/arrayType16.xml (RunModel)" time="0.007" />
  <testcase classname="ptolemy.util.test.junit.AutoTests" name="[413] /home/travis/build/icyphy/ptII/ptolemy/actor/lib/test/auto/arrayType17.xml (RunModel)" time="0.006" />
  <testcase classname="ptolemy.util.test.junit.AutoTests" name="[414] /home/travis/build/icyphy/ptII/ptolemy/actor/lib/test/auto/arrayType18.xml (RunModel)" time="0.005" />
  <testcase classname="ptolemy.util.test.junit.AutoTests" name="[415] /home/travis/build/icyphy/ptII/ptolemy/actor/lib/test/auto/arrayType19.xml (RunModel)" time="0.006" />
  <testcase classname="ptolemy.util.test.junit.AutoTests" name="[416] /home/travis/build/icyphy/ptII/ptolemy/actor/lib/test/auto/arrayType2.xml (RunModel)" time="0.006" />
  <testcase classname="ptolemy.util.test.junit.AutoTests" name="[417] /home/travis/build/icyphy/ptII/ptolemy/actor/lib/test/auto/arrayType20.xml (RunModel)" time="0.007" />
  <testcase classname="ptolemy.util.test.junit.AutoTests" name="[418] /home/travis/build/icyphy/ptII/ptolemy/actor/lib/test/auto/arrayType21.xml (RunModel)" time="0.006" />
  <testcase classname="ptolemy.util.test.junit.AutoTests" name="[419] /home/travis/build/icyphy/ptII/ptolemy/actor/lib/test/auto/arrayType22.xml (RunModel)" time="0.006" />
  <testcase classname="ptolemy.util.test.junit.AutoTests" name="[420] /home/travis/build/icyphy/ptII/ptolemy/actor/lib/test/auto/arrayType23.xml (RunModel)" time="0.006" />
  <testcase classname="ptolemy.util.test.junit.AutoTests" name="[421] /home/travis/build/icyphy/ptII/ptolemy/actor/lib/test/auto/arrayType24.xml (RunModel)" time="0.009" />
  <testcase classname="ptolemy.util.test.junit.AutoTests" name="[422] /home/travis/build/icyphy/ptII/ptolemy/actor/lib/test/auto/arrayType25.xml (RunModel)" time="0.007" />
  <testcase classname="ptolemy.util.test.junit.AutoTests" name="[423] /home/travis/build/icyphy/ptII/ptolemy/actor/lib/test/auto/arrayType26.xml (RunModel)" time="0.006" />
  <testcase classname="ptolemy.util.test.junit.AutoTests" name="[424] /home/travis/build/icyphy/ptII/ptolemy/actor/lib/test/auto/arrayType27.xml (RunModel)" time="0.006" />
  <testcase classname="ptolemy.util.test.junit.AutoTests" name="[425] /home/travis/build/icyphy/ptII/ptolemy/actor/lib/test/auto/arrayType28.xml (RunModel)" time="0.008" />
  <testcase classname="ptolemy.util.test.junit.AutoTests" name="[426] /home/travis/build/icyphy/ptII/ptolemy/actor/lib/test/auto/arrayType3.xml (RunModel)" time="0.007" />
  <testcase classname="ptolemy.util.test.junit.AutoTests" name="[427] /home/travis/build/icyphy/ptII/ptolemy/actor/lib/test/auto/arrayType4.xml (RunModel)" time="0.006" />
  <testcase classname="ptolemy.util.test.junit.AutoTests" name="[428] /home/travis/build/icyphy/ptII/ptolemy/actor/lib/test/auto/arrayType5.xml (RunModel)" time="0.006" />
  <testcase classname="ptolemy.util.test.junit.AutoTests" name="[429] /home/travis/build/icyphy/ptII/ptolemy/actor/lib/test/auto/arrayType6.xml (RunModel)" time="0.016" />
  <testcase classname="ptolemy.util.test.junit.AutoTests" name="[430] /home/travis/build/icyphy/ptII/ptolemy/actor/lib/test/auto/arrayType7.xml (RunModel)" time="0.011" />
  <testcase classname="ptolemy.util.test.junit.AutoTests" name="[431] /home/travis/build/icyphy/ptII/ptolemy/actor/lib/test/auto/arrayType8.xml (RunModel)" time="0.007" />
  <testcase classname="ptolemy.util.test.junit.AutoTests" name="[432] /home/travis/build/icyphy/ptII/ptolemy/actor/lib/test/auto/arrayType9.xml (RunModel)" time="0.006" />
  <testcase classname="ptolemy.util.test.junit.AutoTests" name="[433] /home/travis/build/icyphy/ptII/ptolemy/actor/lib/test/auto/cast.xml (RunModel)" time="0.006" />
  <testcase classname="ptolemy.util.test.junit.AutoTests" name="[434] /home/travis/build/icyphy/ptII/ptolemy/actor/lib/test/auto/compositeMultiPort.xml (RunModel)" time="0.014" />
  <testcase classname="ptolemy.util.test.junit.AutoTests" name="[435] /home/travis/build/icyphy/ptII/ptolemy/actor/lib/test/auto/expressionCastInference.xml (RunModel)" time="0.007" />
  <testcase classname="ptolemy.util.test.junit.AutoTests" name="[436] /home/travis/build/icyphy/ptII/ptolemy/actor/lib/test/auto/expressionCastInference2.xml (RunModel)" time="0.006" />
  <testcase classname="ptolemy.util.test.junit.AutoTests" name="[437] /home/travis/build/icyphy/ptII/ptolemy/actor/lib/test/auto/expressionInference.xml (RunModel)" time="0.005" />
  <testcase classname="ptolemy.util.test.junit.AutoTests" name="[438] /home/travis/build/icyphy/ptII/ptolemy/actor/lib/test/auto/expression_bug.xml (RunModel)" time="0.006" />
  <testcase classname="ptolemy.util.test.junit.AutoTests" name="[439] /home/travis/build/icyphy/ptII/ptolemy/actor/lib/test/auto/factorial.xml (RunModel)" time="0.049" />
  <testcase classname="ptolemy.util.test.junit.AutoTests" name="[440] /home/travis/build/icyphy/ptII/ptolemy/actor/lib/test/auto/filterTest1.xml (RunModel)" time="0.011" />
  <testcase classname="ptolemy.util.test.junit.AutoTests" name="[441] /home/travis/build/icyphy/ptII/ptolemy/actor/lib/test/auto/funcApplyInConst.xml (RunModel)" time="0.004" />
  <testcase classname="ptolemy.util.test.junit.AutoTests" name="[442] /home/travis/build/icyphy/ptII/ptolemy/actor/lib/test/auto/funcApplyInExpr.xml (RunModel)" time="0.005" />
  <testcase classname="ptolemy.util.test.junit.AutoTests" name="[443] /home/travis/build/icyphy/ptII/ptolemy/actor/lib/test/auto/function.xml (RunModel)" time="0.008" />
  <testcase classname="ptolemy.util.test.junit.AutoTests" name="[444] /home/travis/build/icyphy/ptII/ptolemy/actor/lib/test/auto/function2.xml (RunModel)" time="0.007" />
  <testcase classname="ptolemy.util.test.junit.AutoTests" name="[445] /home/travis/build/icyphy/ptII/ptolemy/actor/lib/test/auto/function3.xml (RunModel)" time="0.005" />
  <testcase classname="ptolemy.util.test.junit.AutoTests" name="[446] /home/travis/build/icyphy/ptII/ptolemy/actor/lib/test/auto/functionClosureTest1.xml (RunModel)" time="0.009" />
  <testcase classname="ptolemy.util.test.junit.AutoTests" name="[447] /home/travis/build/icyphy/ptII/ptolemy/actor/lib/test/auto/functionClosureTest2.xml (RunModel)" time="0.006" />
  <testcase classname="ptolemy.util.test.junit.AutoTests" name="[448] /home/travis/build/icyphy/ptII/ptolemy/actor/lib/test/auto/functionClosureTest3.xml (RunModel)" time="0.007" />
  <testcase classname="ptolemy.util.test.junit.AutoTests" name="[449] /home/travis/build/icyphy/ptII/ptolemy/actor/lib/test/auto/functionClosureTest4.xml (RunModel)" time="0.012" />
  <testcase classname="ptolemy.util.test.junit.AutoTests" name="[450] /home/travis/build/icyphy/ptII/ptolemy/actor/lib/test/auto/functionClosureTest5.xml (RunModel)" time="0.009" />
  <testcase classname="ptolemy.util.test.junit.AutoTests" name="[451] /home/travis/build/icyphy/ptII/ptolemy/actor/lib/test/auto/functionClosureTest6.xml (RunModel)" time="0.006" />
  <testcase classname="ptolemy.util.test.junit.AutoTests" name="[452] /home/travis/build/icyphy/ptII/ptolemy/actor/lib/test/auto/functionsOnArcs.xml (RunModel)" time="0.008" />
  <testcase classname="ptolemy.util.test.junit.AutoTests" name="[453] /home/travis/build/icyphy/ptII/ptolemy/actor/lib/test/auto/functionsOnArcsHOF.xml (RunModel)" time="0.009" />
  <testcase classname="ptolemy.util.test.junit.AutoTests" name="[454] /home/travis/build/icyphy/ptII/ptolemy/actor/lib/test/auto/logic.xml (RunModel)" time="0.014" />
  <testcase classname="ptolemy.util.test.junit.AutoTests" name="[455] /home/travis/build/icyphy/ptII/ptolemy/actor/lib/test/auto/matrixType.xml (RunModel)" time="0.072" />
  <testcase classname="ptolemy.util.test.junit.AutoTests" name="[456] /home/travis/build/icyphy/ptII/ptolemy/actor/lib/test/auto/matrixType10.xml (RunModel)" time="0.038" />
  <testcase classname="ptolemy.util.test.junit.AutoTests" name="[457] /home/travis/build/icyphy/ptII/ptolemy/actor/lib/test/auto/matrixType11.xml (RunModel)" time="0.045" />
  <testcase classname="ptolemy.util.test.junit.AutoTests" name="[458] /home/travis/build/icyphy/ptII/ptolemy/actor/lib/test/auto/matrixType12.xml (RunModel)" time="0.035" />
  <testcase classname="ptolemy.util.test.junit.AutoTests" name="[459] /home/travis/build/icyphy/ptII/ptolemy/actor/lib/test/auto/matrixType13.xml (RunModel)" time="0.028" />
  <testcase classname="ptolemy.util.test.junit.AutoTests" name="[460] /home/travis/build/icyphy/ptII/ptolemy/actor/lib/test/auto/matrixType14.xml (RunModel)" time="0.011" />
  <testcase classname="ptolemy.util.test.junit.AutoTests" name="[461] /home/travis/build/icyphy/ptII/ptolemy/actor/lib/test/auto/matrixType2.xml (RunModel)" time="0.007" />
  <testcase classname="ptolemy.util.test.junit.AutoTests" name="[462] /home/travis/build/icyphy/ptII/ptolemy/actor/lib/test/auto/matrixType3.xml (RunModel)" time="0.012" />
  <testcase classname="ptolemy.util.test.junit.AutoTests" name="[463] /home/travis/build/icyphy/ptII/ptolemy/actor/lib/test/auto/matrixType4.xml (RunModel)" time="0.006" />
  <testcase classname="ptolemy.util.test.junit.AutoTests" name="[464] /home/travis/build/icyphy/ptII/ptolemy/actor/lib/test/auto/matrixType5.xml (RunModel)" time="0.006" />
  <testcase classname="ptolemy.util.test.junit.AutoTests" name="[465] /home/travis/build/icyphy/ptII/ptolemy/actor/lib/test/auto/matrixType6.xml (RunModel)" time="0.006" />
  <testcase classname="ptolemy.util.test.junit.AutoTests" name="[466] /home/travis/build/icyphy/ptII/ptolemy/actor/lib/test/auto/matrixType7.xml (RunModel)" time="0.007" />
  <testcase classname="ptolemy.util.test.junit.AutoTests" name="[467] /home/travis/build/icyphy/ptII/ptolemy/actor/lib/test/auto/matrixType8.xml (RunModel)" time="0.007" />
  <testcase classname="ptolemy.util.test.junit.AutoTests" name="[468] /home/travis/build/icyphy/ptII/ptolemy/actor/lib/test/auto/matrixType9.xml (RunModel)" time="0.006" />
  <testcase classname="ptolemy.util.test.junit.AutoTests" name="[469] /home/travis/build/icyphy/ptII/ptolemy/actor/lib/test/auto/paraFunctest.xml (RunModel)" time="0.004" />
  <testcase classname="ptolemy.util.test.junit.AutoTests" name="[470] /home/travis/build/icyphy/ptII/ptolemy/actor/lib/test/auto/paraFunctest2.xml (RunModel)" time="0.009" />
  <testcase classname="ptolemy.util.test.junit.AutoTests" name="[471] /home/travis/build/icyphy/ptII/ptolemy/actor/lib/test/auto/parameterPassing.xml (RunModel)" time="0.006" />
  <testcase classname="ptolemy.util.test.junit.AutoTests" name="[472] /home/travis/build/icyphy/ptII/ptolemy/actor/lib/test/auto/record.xml (RunModel)" time="0.007" />
  <testcase classname="ptolemy.util.test.junit.AutoTests" name="[473] /home/travis/build/icyphy/ptII/ptolemy/actor/lib/test/auto/sizedarray1.xml (RunModel)" time="0.007" />
  <testcase classname="ptolemy.util.test.junit.AutoTests" name="[474] /home/travis/build/icyphy/ptII/ptolemy/actor/lib/test/auto/sizedarray2.xml (RunModel)" time="0.006" />
  <testcase classname="ptolemy.util.test.junit.AutoTests" name="[475] /home/travis/build/icyphy/ptII/ptolemy/actor/lib/test/auto/twoPublishers.xml (RunModel)" time="0.014" />
  <system-out><![CDATA[/home/travis/build/icyphy/ptII/ptolemy/actor/lib/test/AbsoluteValue.tcl
testDefs.tcl: setting time out to 9000 seconds at Mon Dec 06 02:08:17 UTC 2021
83 ms. Memory: 129024K Free: 92575K (72%)
5 ms. Memory: 129024K Free: 91056K (71%)
4 ms. Memory: 129024K Free: 90032K (70%)
4 ms. Memory: 129024K Free: 89503K (69%)
/home/travis/build/icyphy/ptII/ptolemy/actor/lib/test/AddSubtract.tcl
9 ms. Memory: 129024K Free: 87439K (68%)
5 ms. Memory: 129024K Free: 86927K (67%)
5 ms. Memory: 129024K Free: 85936K (67%)
11 ms. Memory: 129024K Free: 84912K (66%)
84 ms. Memory: 129024K Free: 82350K (64%)
13 ms. Memory: 129024K Free: 81319K (63%)
/home/travis/build/icyphy/ptII/ptolemy/actor/lib/test/Average.tcl
14 ms. Memory: 129024K Free: 79792K (62%)
7 ms. Memory: 129024K Free: 78768K (61%)
/home/travis/build/icyphy/ptII/ptolemy/actor/lib/test/Bernoulli.tcl
4 ms. Memory: 129024K Free: 76720K (59%)
2 ms. Memory: 129024K Free: 76720K (59%)
/home/travis/build/icyphy/ptII/ptolemy/actor/lib/test/Clock.tcl
preinitializing
resolving types
initializing
executing number 1
wrapping up
idle
30 ms. Memory: 129024K Free: 73648K (57%)
Completed execution with 5 iterations
preinitializing
resolving types
initializing
executing number 1
wrapping up
idle
4 ms. Memory: 129024K Free: 73103K (57%)
Completed execution with 5 iterations
preinitializing
resolving types
initializing
executing number 1
wrapping up
idle
3 ms. Memory: 129024K Free: 72624K (56%)
Completed execution with 5 iterations
/home/travis/build/icyphy/ptII/ptolemy/actor/lib/test/Commutator.tcl
14 ms. Memory: 129024K Free: 70576K (55%)
10 ms. Memory: 129024K Free: 69552K (54%)
14 ms. Memory: 129024K Free: 63903K (50%)
/home/travis/build/icyphy/ptII/ptolemy/actor/lib/test/Const.tcl
4 ms. Memory: 129024K Free: 62384K (48%)
5 ms. Memory: 129024K Free: 61870K (48%)
3 ms. Memory: 129024K Free: 61360K (48%)
2 ms. Memory: 129024K Free: 60846K (47%)
2 ms. Memory: 129024K Free: 59807K (46%)
14 ms. Memory: 129024K Free: 58288K (45%)
15 ms. Memory: 129024K Free: 57264K (44%)
9 ms. Memory: 129024K Free: 56240K (44%)
/home/travis/build/icyphy/ptII/ptolemy/actor/lib/test/CurrentTime.tcl
preinitializing
resolving types
initializing
executing number 1
wrapping up
idle
19 ms. Memory: 129024K Free: 54671K (42%)
Completed execution with 11 iterations
/home/travis/build/icyphy/ptII/ptolemy/actor/lib/test/DB.tcl
8 ms. Memory: 129024K Free: 52654K (41%)
3 ms. Memory: 129024K Free: 52144K (40%)
1 ms. Memory: 129024K Free: 51630K (40%)
/home/travis/build/icyphy/ptII/ptolemy/actor/lib/test/DiscreteRandomSource.tcl
preinitializing
resolving types
initializing
executing number 1
wrapping up
idle
4 ms. Memory: 129024K Free: 50575K (39%)
Completed execution with 4 iterations
preinitializing
resolving types
initializing
executing number 1
wrapping up
idle
3 ms. Memory: 129024K Free: 50096K (39%)
Completed execution with 4 iterations
preinitializing
resolving types
initializing
executing number 1
wrapping up
idle
6 ms. Memory: 129024K Free: 49567K (38%)
Completed execution with 4 iterations
preinitializing
resolving types
initializing
executing number 1
wrapping up
idle
13 ms. Memory: 129024K Free: 49070K (38%)
Completed execution with 4 iterations
preinitializing
resolving types
initializing
executing number 1
wrapping up
idle
3 ms. Memory: 129024K Free: 48558K (38%)
Completed execution with 4 iterations
/home/travis/build/icyphy/ptII/ptolemy/actor/lib/test/Distributor.tcl
27 ms. Memory: 129024K Free: 113515K (88%)
5 ms. Memory: 129024K Free: 113001K (88%)
StreamChangeRequest.changeExecuted(): <deleteEntity name="rec2"/> succeeded
StreamChangeRequest.changeExecuted(): <deleteRelation name="r2"/> succeeded
StreamChangeRequest.changeExecuted(): Record firings per iteration succeeded
4 ms. Memory: 129024K Free: 110443K (86%)
/home/travis/build/icyphy/ptII/ptolemy/actor/lib/test/Exit.tcl
Exit.tcl: this will print a message about Manager.exitAfterWrapup, which can be ignored.
8 ms. Memory: 129024K Free: 107371K (83%)
/home/travis/build/icyphy/ptII/ptolemy/actor/lib/test/Expression.tcl
18 ms. Memory: 129024K Free: 103785K (80%)
10 ms. Memory: 129024K Free: 103275K (80%)
4 ms. Memory: 129024K Free: 102251K (79%)
preinitializing
resolving types
initializing
executing number 1
wrapping up
idle
10 ms. Memory: 129024K Free: 100699K (78%)
Completed execution with 6 iterations
10 ms. Memory: 129024K Free: 100203K (78%)
2 ms. Memory: 129024K Free: 99179K (77%)
11 ms. Memory: 129024K Free: 98155K (76%)
3 ms. Memory: 129024K Free: 96611K (75%)
3 ms. Memory: 129024K Free: 95579K (74%)
/home/travis/build/icyphy/ptII/ptolemy/actor/lib/test/Gaussian.tcl
3 ms. Memory: 129024K Free: 94059K (73%)
sleeping 1 seconds: .............................................................................................................................................................................................................................................................................................................................................................................................................................................................................................................................................................................................................................................................................................................................................................................................................................................................................................................................................................................................................................................................................................................................................................................................................................................................................................................................................................................................................................................................................................................................................................................................................................................................................................................................................................................................................................................................................................................................................................................................................................................................................................................................................................................................................................................................................................................................................................................................................................................................................................................................................................................................................................................................................................................................................................................................................................................................................................................................................................................................................................................................................................................................................................................................................................................................................................................................................................................................................................................................................................................................................................................................................................................................................................................................................................................................................................................................................................................................................................................................................................................................................................................................................................................................................................................................................................................................................................................................................................................................................................................................................................................................................................................................................................................................................................................................................................................................................................................................................................................................................................................................................................................................................................................................................................................................................................................................................................................................................................................................................................................................................................................................................................................................................................................................................................................................................................................................................................................................................................................................................................................................................................................................................................................................................................................................................................................................................................................................................................................................................................................................................................................................................................................................................................................................................................................................................................................................................................................................................................................................................................................................................................................................................................................................................................................................................................................................................................................................................................................................................................................................................................................................................................................................................................................................................................................................................................................................................................................................................................................................................................................................................................................................................................................................................................................................................................................................................................................................................................................................................................................................................................................................................................................................................................................................................................................................................................................................................................................................................................................................................................................................................................................................................................................................................................................................................................................................................................................................................................................................................................................................................................................................................................................................................................................................................................................................................................................................................................................................................................................................................................................................................................................................................................................................................................................................................................................................................................................................................................................................................................................................................................................................................................................................................................................................................................................................................................................................................................................................................................................................................................................................................................................................................................................................................................................................................................................................................................................................................................................................................................................................................................................................................................................................................................................................................................................................................................................................................................................................................................................................................................................................................................................................................................................................................................................................................................................................................................................................................................................................................................................................................................................................................................................................................................................................................................................................................................................................................................................................................................................................................................................................................................................................................................................................................................................................................................................................................................................................................................................................................................................................................................................................................................................................................................................................................................................................................................................................................................................................................2 ms. Memory: 129024K Free: 102453K (79%)
2 ms. Memory: 129024K Free: 101939K (79%)
2 ms. Memory: 129024K Free: 101429K (79%)
1 ms. Memory: 129024K Free: 100405K (78%)
2 ms. Memory: 129024K Free: 99861K (77%)
/home/travis/build/icyphy/ptII/ptolemy/actor/lib/test/IIR.tcl
/home/travis/build/icyphy/ptII/ptolemy/actor/lib/test/Interpolator.tcl
3 ms. Memory: 129024K Free: 95781K (74%)
1 ms. Memory: 129024K Free: 95285K (74%)
1 ms. Memory: 129024K Free: 94771K (73%)
1 ms. Memory: 129024K Free: 94261K (73%)
2 ms. Memory: 129024K Free: 93237K (72%)
1 ms. Memory: 129024K Free: 92709K (72%)
2 ms. Memory: 129024K Free: 91693K (71%)
2 ms. Memory: 129024K Free: 90675K (70%)
6 ms. Memory: 129024K Free: 90165K (70%)
2 ms. Memory: 129024K Free: 89141K (69%)
/home/travis/build/icyphy/ptII/ptolemy/actor/lib/test/MathFunction.tcl
4 ms. Memory: 129024K Free: 87093K (68%)
2 ms. Memory: 129024K Free: 86069K (67%)
2 ms. Memory: 129024K Free: 85045K (66%)
2 ms. Memory: 129024K Free: 84021K (65%)
3 ms. Memory: 129024K Free: 82469K (64%)
5 ms. Memory: 129024K Free: 80949K (63%)
/home/travis/build/icyphy/ptII/ptolemy/actor/lib/test/Maximum.tcl
2 ms. Memory: 129024K Free: 78901K (61%)
6 ms. Memory: 129024K Free: 78387K (61%)
6 ms. Memory: 129024K Free: 77363K (60%)
3 ms. Memory: 129024K Free: 76853K (60%)
/home/travis/build/icyphy/ptII/ptolemy/actor/lib/test/Minimum.tcl
6 ms. Memory: 129024K Free: 75309K (58%)
3 ms. Memory: 129024K Free: 74277K (58%)
2 ms. Memory: 129024K Free: 73781K (57%)
3 ms. Memory: 129024K Free: 73267K (57%)
/home/travis/build/icyphy/ptII/ptolemy/actor/lib/test/MultiplyDivide.tcl
8 ms. Memory: 129024K Free: 71205K (55%)
9 ms. Memory: 129024K Free: 70709K (55%)
2 ms. Memory: 129024K Free: 69685K (54%)
2 ms. Memory: 129024K Free: 69157K (54%)
2 ms. Memory: 129024K Free: 68147K (53%)
/home/travis/build/icyphy/ptII/ptolemy/actor/lib/test/OrderedMerge.tcl
Connections changed on port: inputA
Connections changed on port: inputB
Connections changed on port: output
Connections changed on port: output
Connections changed on port: output
Connections changed on port: input
.top. Preinitializing ...
Invoking preinitialize():  .top.OrderedMerge
Called preinitialize()
Invoking preinitialize():  .top.Ramp
Called preinitialize()
Invoking preinitialize():  .top.Ramp2
Called preinitialize()
Invoking preinitialize():  .top.Test
Called preinitialize()
Connections changed on port: inputA
Connections changed on port: output
Connections changed on port: inputB
Connections changed on port: output
Connections changed on port: output
Connections changed on port: input
.top. Finished preinitialize().
Called initialize().
Invoking initialize():  .top.OrderedMerge
Initializing actor: .top.OrderedMerge
Adding a thread: .top.OrderedMerge
Invoking initialize():  .top.Ramp
Initializing actor: .top.Ramp
Adding a thread: .top.Ramp
Invoking initialize():  .top.Ramp2
Initializing actor: .top.Ramp2
Adding a thread: .top.Ramp2
Invoking initialize():  .top.Test
Initializing actor: .top.Test
Adding a thread: .top.Test
Called fire().
Checking for deadlock:
-- Starting thread.
Called initialize()
Called prefire()
Called fire()
-- Starting thread.
Called initialize()
-- Starting thread.
Called initialize()
Called prefire()
Called prefire()
Called fire()
Called fire()
-- Starting thread.
Called initialize()
Called prefire()
Called fire()
There are 0 Blocked actors, 0 Stopped actors, and 4 active threads.
Waiting for actors to stop.
Called postfire()
Called prefire()
Called fire()
Called postfire()
Called prefire()
Called fire()
Read input token from inputA with value 0.0
Next port to read input from is inputB
Called postfire()
Called prefire()
Called fire()
Read input token from inputB with value 0.0
Sent output token with value 0.0
Checking for deadlock:
There are 0 Blocked actors, 0 Stopped actors, and 4 active threads.
Waiting for actors to stop.
Called postfire()
Called prefire()
Called fire()
-- Read input: 0.0, which is expected to match: 0.0
Called prefire()
Called fire()
Called postfire()
Called prefire()
Called fire()
Checking for deadlock:
There are 3 Blocked actors, 0 Stopped actors, and 4 active threads.
Waiting for actors to stop.
Next port to read input from is inputA
Called postfire()
Called prefire()
Called fire()
Called postfire()
Called prefire()
Called fire()
Checking for deadlock:
There are 3 Blocked actors, 0 Stopped actors, and 4 active threads.
Waiting for actors to stop.
Read input token from inputA with value 1.0
-- Read input: 0.0, which is expected to match: 0.0
Called prefire()
Called fire()
Checking for deadlock:
There are 3 Blocked actors, 0 Stopped actors, and 4 active threads.
Waiting for actors to stop.
Sent output token with value 0.0
Next port to read input from is inputB
Called postfire()
Called prefire()
Called fire()
Called postfire()
Called prefire()
Called fire()
Checking for deadlock:
There are 3 Blocked actors, 0 Stopped actors, and 4 active threads.
Waiting for actors to stop.
Read input token from inputB with value 1.5
-- Read input: 1.0, which is expected to match: 1.0
Called prefire()
Called fire()
Checking for deadlock:
There are 3 Blocked actors, 0 Stopped actors, and 4 active threads.
Waiting for actors to stop.
Sent output token with value 1.0
Next port to read input from is inputA
Called postfire()
Called prefire()
Called fire()
Checking for deadlock:
There are 2 Blocked actors, 0 Stopped actors, and 4 active threads.
Waiting for actors to stop.
Called postfire()
Called prefire()
Called fire()
Checking for deadlock:
There are 3 Blocked actors, 0 Stopped actors, and 4 active threads.
Waiting for actors to stop.
Read input token from inputA with value 2.0
Checking for deadlock:
There are 2 Blocked actors, 0 Stopped actors, and 4 active threads.
Waiting for actors to stop.
-- Read input: 1.5, which is expected to match: 1.5
Called prefire()
Called fire()
Checking for deadlock:
There are 3 Blocked actors, 0 Stopped actors, and 4 active threads.
Waiting for actors to stop.
Sent output token with value 1.5
Next port to read input from is inputB
Called postfire()
Called prefire()
Called fire()
Called postfire()
Called prefire()
Called fire()
Checking for deadlock:
There are 3 Blocked actors, 0 Stopped actors, and 4 active threads.
Waiting for actors to stop.
Read input token from inputB with value 3.0
-- Read input: 2.0, which is expected to match: 2.0
Called prefire()
Called fire()
Checking for deadlock:
There are 3 Blocked actors, 0 Stopped actors, and 4 active threads.
Waiting for actors to stop.
Sent output token with value 2.0
Next port to read input from is inputA
Called postfire()
Called prefire()
Called fire()
Checking for deadlock:
There are 2 Blocked actors, 0 Stopped actors, and 4 active threads.
Waiting for actors to stop.
Called postfire()
Called prefire()
Called fire()
Checking for deadlock:
There are 3 Blocked actors, 0 Stopped actors, and 4 active threads.
Waiting for actors to stop.
Read input token from inputA with value 3.0
Checking for deadlock:
There are 2 Blocked actors, 0 Stopped actors, and 4 active threads.
Waiting for actors to stop.
-- Read input: 3.0, which is expected to match: 3.0
Called prefire()
Called fire()
Checking for deadlock:
There are 3 Blocked actors, 0 Stopped actors, and 4 active threads.
Waiting for actors to stop.
Sent output token with value 3.0
Next port to read input from is inputB
Called postfire()
Called prefire()
Called fire()
Called postfire()
Called prefire()
Called fire()
Checking for deadlock:
There are 3 Blocked actors, 0 Stopped actors, and 4 active threads.
Waiting for actors to stop.
Read input token from inputB with value 4.5
-- Read input: 3.0, which is expected to match: 3.0
Called prefire()
Called fire()
Checking for deadlock:
There are 3 Blocked actors, 0 Stopped actors, and 4 active threads.
Waiting for actors to stop.
Sent output token with value 3.0
Next port to read input from is inputA
Called postfire()
Called prefire()
Called fire()
Checking for deadlock:
There are 2 Blocked actors, 0 Stopped actors, and 4 active threads.
Waiting for actors to stop.
Called postfire()
Called prefire()
Called fire()
Checking for deadlock:
There are 3 Blocked actors, 0 Stopped actors, and 4 active threads.
Waiting for actors to stop.
Read input token from inputA with value 4.0
Checking for deadlock:
There are 2 Blocked actors, 0 Stopped actors, and 4 active threads.
Waiting for actors to stop.
-- Read input: 4.0, which is expected to match: 4.0
Called prefire()
Called fire()
Past the end of training data. Read and discard all inputs.
Checking for deadlock:
There are 3 Blocked actors, 0 Stopped actors, and 4 active threads.
Waiting for actors to stop.
Sent output token with value 4.0
Next port to read input from is inputA
Called postfire()
Called prefire()
Called fire()
Checking for deadlock:
There are 2 Blocked actors, 0 Stopped actors, and 4 active threads.
Waiting for actors to stop.
Called postfire()
Called prefire()
Called fire()
Checking for deadlock:
There are 3 Blocked actors, 0 Stopped actors, and 4 active threads.
Waiting for actors to stop.
Read input token from inputA with value 5.0
Checking for deadlock:
There are 2 Blocked actors, 0 Stopped actors, and 4 active threads.
Waiting for actors to stop.
Called prefire()
Called fire()
Past the end of training data. Read and discard all inputs.
Checking for deadlock:
There are 3 Blocked actors, 0 Stopped actors, and 4 active threads.
Waiting for actors to stop.
Sent output token with value 4.5
Next port to read input from is inputB
Called postfire()
Called prefire()
Called fire()
Called postfire()
Called prefire()
Called fire()
Checking for deadlock:
There are 3 Blocked actors, 0 Stopped actors, and 4 active threads.
Waiting for actors to stop.
Read input token from inputB with value 6.0
Called prefire()
Called fire()
Past the end of training data. Read and discard all inputs.
Checking for deadlock:
There are 3 Blocked actors, 0 Stopped actors, and 4 active threads.
Waiting for actors to stop.
Sent output token with value 5.0
Next port to read input from is inputA
Called postfire()
Called prefire()
Called fire()
Checking for deadlock:
There are 2 Blocked actors, 0 Stopped actors, and 4 active threads.
Waiting for actors to stop.
Called postfire()
Called prefire()
Called fire()
Checking for deadlock:
There are 3 Blocked actors, 0 Stopped actors, and 4 active threads.
Waiting for actors to stop.
Read input token from inputA with value 6.0
Checking for deadlock:
There are 2 Blocked actors, 0 Stopped actors, and 4 active threads.
Waiting for actors to stop.
Called prefire()
Called fire()
Past the end of training data. Read and discard all inputs.
Checking for deadlock:
There are 3 Blocked actors, 0 Stopped actors, and 4 active threads.
Waiting for actors to stop.
Sent output token with value 6.0
Next port to read input from is inputB
Called postfire()
Called prefire()
Called fire()
Called postfire()
Called prefire()
Called fire()
Checking for deadlock:
There are 3 Blocked actors, 0 Stopped actors, and 4 active threads.
Waiting for actors to stop.
Read input token from inputB with value 7.5
Called prefire()
Called fire()
Past the end of training data. Read and discard all inputs.
Checking for deadlock:
There are 3 Blocked actors, 0 Stopped actors, and 4 active threads.
Waiting for actors to stop.
Sent output token with value 6.0
Next port to read input from is inputA
Called postfire()
Called prefire()
Called fire()
Checking for deadlock:
There are 2 Blocked actors, 0 Stopped actors, and 4 active threads.
Waiting for actors to stop.
Called postfire()
Called prefire()
Called fire()
Checking for deadlock:
There are 3 Blocked actors, 0 Stopped actors, and 4 active threads.
Waiting for actors to stop.
Read input token from inputA with value 7.0
Checking for deadlock:
There are 2 Blocked actors, 0 Stopped actors, and 4 active threads.
Waiting for actors to stop.
Called prefire()
Called fire()
Past the end of training data. Read and discard all inputs.
Checking for deadlock:
There are 3 Blocked actors, 0 Stopped actors, and 4 active threads.
Waiting for actors to stop.
Sent output token with value 7.0
Next port to read input from is inputA
Called postfire()
Called prefire()
Called fire()
Checking for deadlock:
There are 2 Blocked actors, 0 Stopped actors, and 4 active threads.
Waiting for actors to stop.
-- Thread wrapup() called.
Called wrapup()
Thread .top.Ramp is exiting.
-- Thread stopped.
Checking for deadlock:
There are 2 Blocked actors, 0 Stopped actors, and 3 active threads.
Waiting for actors to stop.
Read input token from inputA with value 8.0
Called prefire()
Called fire()
Past the end of training data. Read and discard all inputs.
Checking for deadlock:
There are 2 Blocked actors, 0 Stopped actors, and 3 active threads.
Waiting for actors to stop.
Sent output token with value 7.5
Next port to read input from is inputB
Called postfire()
Called prefire()
Called fire()
Checking for deadlock:
There are 1 Blocked actors, 0 Stopped actors, and 3 active threads.
Waiting for actors to stop.
Called postfire()
Called prefire()
Called fire()
Checking for deadlock:
There are 2 Blocked actors, 0 Stopped actors, and 3 active threads.
Waiting for actors to stop.
Read input token from inputB with value 9.0
Checking for deadlock:
There are 1 Blocked actors, 0 Stopped actors, and 3 active threads.
Waiting for actors to stop.
Called prefire()
Called fire()
Past the end of training data. Read and discard all inputs.
Checking for deadlock:
There are 2 Blocked actors, 0 Stopped actors, and 3 active threads.
Waiting for actors to stop.
Sent output token with value 8.0
Next port to read input from is inputA
Called postfire()
Called prefire()
Called fire()
Read input token from inputA with value 9.0
Called prefire()
Called fire()
Past the end of training data. Read and discard all inputs.
Checking for deadlock:
There are 2 Blocked actors, 0 Stopped actors, and 3 active threads.
Waiting for actors to stop.
Sent output token with value 9.0
Next port to read input from is inputB
Called postfire()
Called prefire()
Called fire()
Called postfire()
Called prefire()
Called fire()
Checking for deadlock:
There are 2 Blocked actors, 0 Stopped actors, and 3 active threads.
Waiting for actors to stop.
Read input token from inputB with value 10.5
Called prefire()
Called fire()
Past the end of training data. Read and discard all inputs.
Checking for deadlock:
There are 2 Blocked actors, 0 Stopped actors, and 3 active threads.
Waiting for actors to stop.
Sent output token with value 9.0
Next port to read input from is inputA
Called postfire()
Called prefire()
Called fire()
Checking for deadlock:
There are 3 Blocked actors, 0 Stopped actors, and 3 active threads.
Actors have stopped.
Checking for deadlock:
There are 3 Blocked actors, 0 Stopped actors, and 3 active threads.
Deadlock detected.
Resolving Deadlock
Checking for deadlock:
There are 3 Blocked actors, 0 Stopped actors, and 3 active threads.
Artificial Deadlock - increasing queue capacity.
increasing the capacity of receiver ptolemy.actor.TypedIOPort {.top.OrderedMerge.inputB} to 2
Director: Called postfire().
Called postfire().
_stopRequested = false
_stopFireRequested = false
Returning from postfire(): true
Called fire().
Checking for deadlock:
There are 2 Blocked actors, 0 Stopped actors, and 3 active threads.
Waiting for actors to stop.
-- Thread wrapup() called.
Called wrapup()
Thread .top.Ramp2 is exiting.
-- Thread stopped.
Checking for deadlock:
There are 2 Blocked actors, 0 Stopped actors, and 2 active threads.
Actors have stopped.
Checking for deadlock:
There are 2 Blocked actors, 0 Stopped actors, and 2 active threads.
Deadlock detected.
Resolving Deadlock
Checking for deadlock:
There are 2 Blocked actors, 0 Stopped actors, and 2 active threads.
Deadlock detected: no processes blocked on write, but some are blocked on read.
Called postfire().
_stopRequested = false
_stopFireRequested = false
Returning from postfire(): false
Finished deactivating branches.
Called wrapup().
-- Thread wrapup() called.
Called wrapup()
Thread .top.Test is exiting.
-- Thread stopped.
-- Blocked Receiver call threw TerminateProcessException.
-- Thread wrapup() called.
Called wrapup()
Thread .top.OrderedMerge is exiting.
-- Thread stopped.
-- Blocked Receiver call threw TerminateProcessException.
46 ms. Memory: 129024K Free: 63549K (49%)
.top. Preinitializing ...
Invoking preinitialize():  .top.OrderedMerge
Called preinitialize()
Invoking preinitialize():  .top.Ramp
Called preinitialize()
Invoking preinitialize():  .top.Ramp2
Called preinitialize()
Invoking preinitialize():  .top.Test
Called preinitialize()
.top. Finished preinitialize().
Called initialize().
Invoking initialize():  .top.OrderedMerge
Initializing actor: .top.OrderedMerge
Adding a thread: .top.OrderedMerge
Invoking initialize():  .top.Ramp
Initializing actor: .top.Ramp
Adding a thread: .top.Ramp
Invoking initialize():  .top.Ramp2
Initializing actor: .top.Ramp2
Adding a thread: .top.Ramp2
Invoking initialize():  .top.Test
Initializing actor: .top.Test
Adding a thread: .top.Test
-- Starting thread.
Called initialize()
Called prefire()
Called fire()
-- Starting thread.
Called initialize()
Called prefire()
Called fire()
Called postfire()
Called prefire()
Called fire()
-- Starting thread.
Called initialize()
Called prefire()
Called fire()
Called postfire()
Called prefire()
Called fire()
Called fire().
Checking for deadlock:
There are 3 Blocked actors, 0 Stopped actors, and 4 active threads.
Waiting for actors to stop.
-- Starting thread.
Called initialize()
Called prefire()
Called fire()
Checking for deadlock:
There are 2 Blocked actors, 0 Stopped actors, and 4 active threads.
Waiting for actors to stop.
Read input token from inputA with value 0.0
Next port to read input from is inputB
Called postfire()
Called postfire()
Called prefire()
Called fire()
Called prefire()
Called fire()
Checking for deadlock:
There are 3 Blocked actors, 0 Stopped actors, and 4 active threads.
Waiting for actors to stop.
Read input token from inputB with value 0.0
Checking for deadlock:
There are 2 Blocked actors, 0 Stopped actors, and 4 active threads.
Waiting for actors to stop.
Called postfire()
Called prefire()
Called fire()
Sent output token with value 0.0
-- Read input: 0.0, which is expected to match: 0.0
Called prefire()
Called fire()
Checking for deadlock:
There are 3 Blocked actors, 0 Stopped actors, and 4 active threads.
Waiting for actors to stop.
Next port to read input from is inputA
Called postfire()
Called prefire()
Called fire()
Called postfire()
Checking for deadlock:
There are 2 Blocked actors, 0 Stopped actors, and 4 active threads.
Called prefire()
Waiting for actors to stop.
Read input token from inputA with value 1.0
Called fire()
Checking for deadlock:
There are 3 Blocked actors, 0 Stopped actors, and 4 active threads.
Waiting for actors to stop.
Checking for deadlock:
There are 2 Blocked actors, 0 Stopped actors, and 4 active threads.
Waiting for actors to stop.
Sent output token with value 0.0
-- Read input: 0.0, which is expected to match: 0.0
Called prefire()
Called fire()
Next port to read input from is inputB
Called postfire()
Called prefire()
Called fire()
Checking for deadlock:
There are 3 Blocked actors, 0 Stopped actors, and 4 active threads.
Waiting for actors to stop.
Checking for deadlock:
There are 2 Blocked actors, 0 Stopped actors, and 4 active threads.
Waiting for actors to stop.
Read input token from inputB with value 1.5
Called postfire()
Called prefire()
Called fire()
Checking for deadlock:
There are 3 Blocked actors, 0 Stopped actors, and 4 active threads.
Waiting for actors to stop.
Checking for deadlock:
There are 2 Blocked actors, 0 Stopped actors, and 4 active threads.
Waiting for actors to stop.
Sent output token with value 1.0
-- Read input: 1.0, which is expected to match: 1.0
Next port to read input from is inputA
Called postfire()
Called prefire()
Called fire()
Checking for deadlock:
Called prefire()
There are 3 Blocked actors, 0 Stopped actors, and 4 active threads.
Waiting for actors to stop.
Called fire()
Checking for deadlock:
There are 2 Blocked actors, 0 Stopped actors, and 4 active threads.
Waiting for actors to stop.
Read input token from inputA with value 2.0
Called postfire()
Called prefire()
Called fire()
Checking for deadlock:
Sent output token with value 1.5
There are 2 Blocked actors, 0 Stopped actors, and 4 active threads.
Waiting for actors to stop.
-- Read input: 1.5, which is expected to match: 1.5
Called prefire()
Called fire()
Checking for deadlock:
There are 3 Blocked actors, 0 Stopped actors, and 4 active threads.
Waiting for actors to stop.
Next port to read input from is inputB
Called postfire()
Called prefire()
Called fire()
Read input token from inputB with value 3.0
Sent output token with value 2.0
Next port to read input from is inputA
Called postfire()
Called prefire()
Called fire()
Read input token from inputA with value 3.0
Checking for deadlock:
Called postfire()
There are 1 Blocked actors, 0 Stopped actors, and 4 active threads.
Called prefire()
Waiting for actors to stop.
Called postfire()
Called fire()
-- Read input: 2.0, which is expected to match: 2.0
Called prefire()
Called prefire()
Called fire()
Called fire()
Checking for deadlock:
There are 3 Blocked actors, 0 Stopped actors, and 4 active threads.
Waiting for actors to stop.
Checking for deadlock:
There are 2 Blocked actors, 0 Stopped actors, and 4 active threads.
Sent output token with value 3.0
Waiting for actors to stop.
Next port to read input from is inputB
Called postfire()
Called prefire()
-- Read input: 3.0, which is expected to match: 3.0
Called fire()
Called prefire()
Called fire()
Checking for deadlock:
There are 2 Blocked actors, 0 Stopped actors, and 4 active threads.
Waiting for actors to stop.
Read input token from inputB with value 4.5
Called postfire()
Called prefire()
Called fire()
Checking for deadlock:
There are 3 Blocked actors, 0 Stopped actors, and 4 active threads.
Waiting for actors to stop.
Checking for deadlock:
There are 2 Blocked actors, 0 Stopped actors, and 4 active threads.
Waiting for actors to stop.
Sent output token with value 3.0
-- Read input: 3.0, which is expected to match: 3.0
Called prefire()
Called fire()
Checking for deadlock:
There are 3 Blocked actors, 0 Stopped actors, and 4 active threads.
Waiting for actors to stop.
Next port to read input from is inputA
Called postfire()
Called prefire()
Called fire()
Checking for deadlock:
There are 2 Blocked actors, 0 Stopped actors, and 4 active threads.
Waiting for actors to stop.
Called postfire()
Called prefire()
Called fire()
Read input token from inputA with value 4.0
Checking for deadlock:
There are 3 Blocked actors, 0 Stopped actors, and 4 active threads.
Waiting for actors to stop.
Checking for deadlock:
There are 2 Blocked actors, 0 Stopped actors, and 4 active threads.
Waiting for actors to stop.
Sent output token with value 4.0
Next port to read input from is inputA
Called postfire()
-- Read input: 4.0, which is expected to match: 4.0
Called prefire()
Called fire()
Called prefire()
Called fire()
Past the end of training data. Read and discard all inputs.
Checking for deadlock:
There are 2 Blocked actors, 0 Stopped actors, and 4 active threads.
Waiting for actors to stop.
Read input token from inputA with value 5.0
Called postfire()
Called prefire()
Called fire()
Checking for deadlock:
There are 3 Blocked actors, 0 Stopped actors, and 4 active threads.
Waiting for actors to stop.
Checking for deadlock:
There are 2 Blocked actors, 0 Stopped actors, and 4 active threads.
Waiting for actors to stop.
Called prefire()
Called fire()
Past the end of training data. Read and discard all inputs.
Checking for deadlock:
There are 3 Blocked actors, 0 Stopped actors, and 4 active threads.
Waiting for actors to stop.
Sent output token with value 4.5
Next port to read input from is inputB
Called postfire()
Called prefire()
Called fire()
Checking for deadlock:
There are 2 Blocked actors, 0 Stopped actors, and 4 active threads.
Waiting for actors to stop.
Called postfire()
Called prefire()
Called fire()
Checking for deadlock:
Read input token from inputB with value 6.0
There are 3 Blocked actors, 0 Stopped actors, and 4 active threads.
Waiting for actors to stop.
Checking for deadlock:
There are 2 Blocked actors, 0 Stopped actors, and 4 active threads.
Waiting for actors to stop.
Called prefire()
Called fire()
Past the end of training data. Read and discard all inputs.
Checking for deadlock:
There are 3 Blocked actors, 0 Stopped actors, and 4 active threads.
Waiting for actors to stop.
Sent output token with value 5.0
Next port to read input from is inputA
Called postfire()
Called prefire()
Called fire()
Checking for deadlock:
There are 2 Blocked actors, 0 Stopped actors, and 4 active threads.
Waiting for actors to stop.
Called postfire()
Called prefire()
Called fire()
Read input token from inputA with value 6.0
Checking for deadlock:
There are 3 Blocked actors, 0 Stopped actors, and 4 active threads.
Waiting for actors to stop.
Checking for deadlock:
There are 2 Blocked actors, 0 Stopped actors, and 4 active threads.
Waiting for actors to stop.
Called prefire()
Called fire()
Sent output token with value 6.0
Past the end of training data. Read and discard all inputs.
Checking for deadlock:
Next port to read input from is inputB
There are 3 Blocked actors, 0 Stopped actors, and 4 active threads.
Called postfire()
Waiting for actors to stop.
Called prefire()
Called fire()
Checking for deadlock:
There are 2 Blocked actors, 0 Stopped actors, and 4 active threads.
Waiting for actors to stop.
Called postfire()
Called prefire()
Called fire()
Read input token from inputB with value 7.5
Checking for deadlock:
There are 3 Blocked actors, 0 Stopped actors, and 4 active threads.
Waiting for actors to stop.
Checking for deadlock:
There are 2 Blocked actors, 0 Stopped actors, and 4 active threads.
Waiting for actors to stop.
Called prefire()
Called fire()
Past the end of training data. Read and discard all inputs.
Checking for deadlock:
Sent output token with value 6.0
There are 3 Blocked actors, 0 Stopped actors, and 4 active threads.
Waiting for actors to stop.
Next port to read input from is inputA
Called postfire()
Called prefire()
Called fire()
Checking for deadlock:
There are 2 Blocked actors, 0 Stopped actors, and 4 active threads.
Waiting for actors to stop.
Called postfire()
Called prefire()
Called fire()
Read input token from inputA with value 7.0
Checking for deadlock:
There are 3 Blocked actors, 0 Stopped actors, and 4 active threads.
Waiting for actors to stop.
Checking for deadlock:
There are 2 Blocked actors, 0 Stopped actors, and 4 active threads.
Sent output token with value 7.0
Waiting for actors to stop.
Next port to read input from is inputA
Called postfire()
Called prefire()
Called fire()
Called prefire()
Called fire()
Past the end of training data. Read and discard all inputs.
-- Thread wrapup() called.
Called wrapup()
Checking for deadlock:
There are 2 Blocked actors, 0 Stopped actors, and 4 active threads.
Waiting for actors to stop.
Read input token from inputA with value 8.0
Thread .top.Ramp is exiting.
-- Thread stopped.
Checking for deadlock:
There are 2 Blocked actors, 0 Stopped actors, and 3 active threads.
Waiting for actors to stop.
Called prefire()
Called fire()
Past the end of training data. Read and discard all inputs.
Sent output token with value 7.5
Checking for deadlock:
There are 2 Blocked actors, 0 Stopped actors, and 3 active threads.
Waiting for actors to stop.
Next port to read input from is inputB
Called postfire()
Called prefire()
Called fire()
Checking for deadlock:
There are 1 Blocked actors, 0 Stopped actors, and 3 active threads.
Read input token from inputB with value 9.0
Waiting for actors to stop.
Called postfire()
Called prefire()
Called fire()
Checking for deadlock:
There are 1 Blocked actors, 0 Stopped actors, and 3 active threads.
Sent output token with value 8.0
Waiting for actors to stop.
Called prefire()
Called fire()
Next port to read input from is inputA
Called postfire()
Past the end of training data. Read and discard all inputs.
Called prefire()
Called fire()
Checking for deadlock:
There are 2 Blocked actors, 0 Stopped actors, and 3 active threads.
Waiting for actors to stop.
Read input token from inputA with value 9.0
Called prefire()
Called fire()
Sent output token with value 9.0
Checking for deadlock:
There are 1 Blocked actors, 0 Stopped actors, and 3 active threads.
Waiting for actors to stop.
Next port to read input from is inputB
Called postfire()
Past the end of training data. Read and discard all inputs.
Called prefire()
Called fire()
Checking for deadlock:
There are 2 Blocked actors, 0 Stopped actors, and 3 active threads.
Waiting for actors to stop.
Checking for deadlock:
Called postfire()
There are 1 Blocked actors, 0 Stopped actors, and 3 active threads.
Waiting for actors to stop.
Called prefire()
Called fire()
Checking for deadlock:
There are 2 Blocked actors, 0 Stopped actors, and 3 active threads.
Waiting for actors to stop.
Read input token from inputB with value 10.5
Called prefire()
Sent output token with value 9.0
Checking for deadlock:
There are 1 Blocked actors, 0 Stopped actors, and 3 active threads.
Waiting for actors to stop.
Next port to read input from is inputA
Called fire()
Past the end of training data. Read and discard all inputs.
Checking for deadlock:
Called postfire()
There are 2 Blocked actors, 0 Stopped actors, and 3 active threads.
Waiting for actors to stop.
Called prefire()
Called fire()
Checking for deadlock:
There are 3 Blocked actors, 0 Stopped actors, and 3 active threads.
Actors have stopped.
Checking for deadlock:
There are 3 Blocked actors, 0 Stopped actors, and 3 active threads.
Deadlock detected.
Resolving Deadlock
Checking for deadlock:
There are 3 Blocked actors, 0 Stopped actors, and 3 active threads.
Artificial Deadlock - increasing queue capacity.
increasing the capacity of receiver ptolemy.actor.TypedIOPort {.top.OrderedMerge.inputB} to 2
Director: Called postfire().
Called postfire().
_stopRequested = false
_stopFireRequested = false
Returning from postfire(): true
Called fire().
Checking for deadlock:
There are 2 Blocked actors, 0 Stopped actors, and 3 active threads.
Waiting for actors to stop.
-- Thread wrapup() called.
Called wrapup()
Thread .top.Ramp2 is exiting.
-- Thread stopped.
Checking for deadlock:
There are 2 Blocked actors, 0 Stopped actors, and 2 active threads.
Actors have stopped.
Checking for deadlock:
There are 2 Blocked actors, 0 Stopped actors, and 2 active threads.
Deadlock detected.
Resolving Deadlock
Checking for deadlock:
There are 2 Blocked actors, 0 Stopped actors, and 2 active threads.
Deadlock detected: no processes blocked on write, but some are blocked on read.
Called postfire().
_stopRequested = false
_stopFireRequested = false
Returning from postfire(): false
Finished deactivating branches.
Called wrapup().
-- Thread wrapup() called.
Called wrapup()
-- Thread wrapup() called.
Thread .top.OrderedMerge is exiting.
Called wrapup()
-- Thread stopped.
-- Blocked Receiver call threw TerminateProcessException.
Thread .top.Test is exiting.
-- Thread stopped.
-- Blocked Receiver call threw TerminateProcessException.
43 ms. Memory: 129024K Free: 110084K (85%)
/home/travis/build/icyphy/ptII/ptolemy/actor/lib/test/Publisher.tcl
19 ms. Memory: 129024K Free: 104074K (81%)
4 ms. Memory: 129024K Free: 98474K (76%)
2 ms. Memory: 129024K Free: 94888K (74%)
7 ms. Memory: 129024K Free: 93834K (73%)
2 ms. Memory: 129024K Free: 92840K (72%)
5 ms. Memory: 129024K Free: 92330K (72%)
2 ms. Memory: 129024K Free: 91306K (71%)
2 ms. Memory: 129024K Free: 90762K (70%)
33 ms. Memory: 129024K Free: 111874K (87%)
4 ms. Memory: 129024K Free: 108290K (84%)
1 ms. Memory: 129024K Free: 107746K (84%)
3 ms. Memory: 129024K Free: 105218K (82%)
6 ms. Memory: 129024K Free: 97536K (76%)
5 ms. Memory: 129024K Free: 88320K (68%)
6 ms. Memory: 129024K Free: 77056K (60%)
/home/travis/build/icyphy/ptII/ptolemy/actor/lib/test/Pulse.tcl
4 ms. Memory: 129024K Free: 99074K (77%)
7 ms. Memory: 129024K Free: 98560K (76%)
1 ms. Memory: 129024K Free: 98050K (76%)
9 ms. Memory: 129024K Free: 97536K (76%)
1 ms. Memory: 129024K Free: 96512K (75%)
5 ms. Memory: 129024K Free: 95488K (74%)
1 ms. Memory: 129024K Free: 94434K (73%)
1 ms. Memory: 129024K Free: 93954K (73%)
1 ms. Memory: 129024K Free: 93440K (72%)
/home/travis/build/icyphy/ptII/ptolemy/actor/lib/test/Ramp.tcl
2 ms. Memory: 129024K Free: 91392K (71%)
1 ms. Memory: 129024K Free: 90338K (70%)
2 ms. Memory: 129024K Free: 89858K (70%)
1 ms. Memory: 129024K Free: 88834K (69%)
3 ms. Memory: 129024K Free: 88306K (68%)
4 ms. Memory: 129024K Free: 87296K (68%)
4 ms. Memory: 129024K Free: 86242K (67%)
5 actors
9000 microseconds per iteration to create
5 ms. Memory: 129024K Free: 83714K (65%)
1 ms. Memory: 129024K Free: 83186K (64%)
2 ms. Memory: 129024K Free: 82690K (64%)
2 ms. Memory: 129024K Free: 81666K (63%)
50 actors
38000 microseconds per iteration to create
41 ms. Memory: 129024K Free: 66306K (51%)
5 ms. Memory: 129024K Free: 65282K (51%)
4 ms. Memory: 129024K Free: 64258K (50%)
5 ms. Memory: 129024K Free: 63234K (49%)
500 actors
1415000 microseconds per iteration to create
191 ms. Memory: 159744K Free: 63449K (40%)
56 ms. Memory: 159744K Free: 132433K (83%)
26 ms. Memory: 159744K Free: 127313K (80%)
27 ms. Memory: 159744K Free: 121683K (76%)
/home/travis/build/icyphy/ptII/ptolemy/actor/lib/test/RampContinuous.tcl
6 ms. Memory: 159744K Free: 120145K (75%)
/home/travis/build/icyphy/ptII/ptolemy/actor/lib/test/RecordAssembler.tcl
4 ms. Memory: 159744K Free: 118611K (74%)
3 ms. Memory: 159744K Free: 117587K (74%)
/home/travis/build/icyphy/ptII/ptolemy/actor/lib/test/RecordDisassembler.tcl
6 ms. Memory: 159744K Free: 116035K (73%)
2 ms. Memory: 159744K Free: 115539K (72%)
2 ms. Memory: 159744K Free: 114001K (71%)
/home/travis/build/icyphy/ptII/ptolemy/actor/lib/test/Scale.tcl
2 ms. Memory: 159744K Free: 112467K (70%)
1 ms. Memory: 159744K Free: 111443K (70%)
1 ms. Memory: 159744K Free: 110915K (69%)
2 ms. Memory: 159744K Free: 109899K (69%)
2 ms. Memory: 159744K Free: 108867K (68%)
/home/travis/build/icyphy/ptII/ptolemy/actor/lib/test/SequentialClock.tcl
preinitializing
resolving types
initializing
executing number 1
wrapping up
idle
2 ms. Memory: 159744K Free: 107843K (68%)
Completed execution with 5 iterations
preinitializing
resolving types
initializing
executing number 1
wrapping up
idle
1 ms. Memory: 159744K Free: 107347K (67%)
Completed execution with 5 iterations
preinitializing
resolving types
initializing
executing number 1
wrapping up
idle
1 ms. Memory: 159744K Free: 106833K (67%)
Completed execution with 5 iterations
/home/travis/build/icyphy/ptII/ptolemy/actor/lib/test/SetVariable.tcl
3 ms. Memory: 159744K Free: 104785K (66%)
/home/travis/build/icyphy/ptII/ptolemy/actor/lib/test/Sinewave.tcl
/home/travis/build/icyphy/ptII/ptolemy/actor/lib/test/SubscriptionAggregator.tcl
3 ms. Memory: 159744K Free: 93521K (59%)
2 ms. Memory: 159744K Free: 93011K (58%)
0 ms. Memory: 159744K Free: 92467K (58%)
0 ms. Memory: 159744K Free: 91987K (58%)
2 ms. Memory: 159744K Free: 88387K (55%)
10 ms. Memory: 159744K Free: 86353K (54%)
...............................................................845 ms. Memory: 205824K Free: 97471K (47%)
/home/travis/build/icyphy/ptII/ptolemy/actor/lib/test/Test.tcl
 The next command will produce a warning about training mode,
   which may be ignored.
4 ms. Memory: 205824K Free: 95418K (46%)
2 ms. Memory: 205824K Free: 94409K (46%)
1 ms. Memory: 205824K Free: 93899K (46%)
1 ms. Memory: 205824K Free: 93370K (45%)
1 ms. Memory: 205824K Free: 92875K (45%)
2 ms. Memory: 205824K Free: 91337K (44%)
3 ms. Memory: 205824K Free: 90298K (44%)
 The next command will produce a warning about training mode,
   which may be ignored.
2 ms. Memory: 205824K Free: 87755K (43%)
 The next command will produce a warning about training mode,
   which may be ignored.
2 ms. Memory: 205824K Free: 86731K (42%)
1 ms. Memory: 205824K Free: 86202K (42%)
1 ms. Memory: 205824K Free: 85707K (42%)
1 ms. Memory: 205824K Free: 85178K (41%)
5 ms. Memory: 205824K Free: 84169K (41%)
2 ms. Memory: 205824K Free: 80073K (39%)
/home/travis/build/icyphy/ptII/ptolemy/actor/lib/test/TestExceptionHandler.tcl
 The next command will produce a warning about training mode,
   which may be ignored.
2 ms. Memory: 205824K Free: 79042K (38%)
1 ms. Memory: 205824K Free: 78539K (38%)
1 ms. Memory: 205824K Free: 78010K (38%)
/home/travis/build/icyphy/ptII/ptolemy/actor/lib/test/UnionDisassembler.tcl
12 ms. Memory: 205824K Free: 70842K (34%)
/home/travis/build/icyphy/ptII/ptolemy/actor/lib/test/VariableClock.tcl
preinitializing
resolving types
initializing
executing number 1
wrapping up
idle
3 ms. Memory: 205824K Free: 68794K (33%)
Completed execution with 11 iterations
preinitializing
resolving types
initializing
executing number 1
wrapping up
idle
3 ms. Memory: 205824K Free: 67275K (33%)
Completed execution with 10 iterations
12/06/21 02:08:24
Failed: 0  Total Tests: 233  ((Passed: 233, Newly Passed: 0)  Known Failed: 0) /home/travis/build/icyphy/ptII/ptolemy/actor/lib/test
----------------- testing (KnownFailure) /home/travis/build/icyphy/ptII/ptolemy/actor/lib/test/auto/knownFailedTests/PublisherPortToplevelSubscriber.xml
0 ms. Memory: 205824K Free: 63689K (31%)
Known Failure: java.lang.reflect.InvocationTargetException
----------------- testing (KnownFailure) /home/travis/build/icyphy/ptII/ptolemy/actor/lib/test/auto/knownFailedTests/PublisherSubscriberPortToplevel.xml
0 ms. Memory: 205824K Free: 59593K (29%)
Known Failure: java.lang.reflect.InvocationTargetException
----------------- testing (KnownFailure) /home/travis/build/icyphy/ptII/ptolemy/actor/lib/test/auto/knownFailedTests/PublisherSubscriptionAggregatorPort.xml
0 ms. Memory: 353280K Free: 303749K (86%)
Known Failure: java.lang.reflect.InvocationTargetException
----------------- testing (KnownFailure) /home/travis/build/icyphy/ptII/ptolemy/actor/lib/test/auto/knownFailedTests/sizedarray3.xml
9 ms. Memory: 353280K Free: 299143K (85%)
Known Failure: java.lang.reflect.InvocationTargetException
No auto/linux-amd64/*.xml tests in /home/travis/build/icyphy/ptII/ptolemy/actor/lib/test
AutoTests.java: About to close Vertx.
AutoTests.java: Vertx closed.

===========================================================================================
----------------- testing Mon Dec 06 02:08:24 UTC 2021 /home/travis/build/icyphy/ptII/ptolemy/actor/lib/test/auto/AbsoluteValue.xml
----------------- Instantiating /home/travis/build/icyphy/ptII/ptolemy/actor/lib/test/auto/AbsoluteValue.xml
4 ms. Memory: 353280K Free: 276101K (78%)
----------------- Invoking toplevel() on ptolemy.moml.MoMLSimpleApplication@35504235
----------------- Done invoking toplevel() on ptolemy.moml.MoMLSimpleApplication@35504235
reloadAllAccessors: .AbsoluteValue

===========================================================================================
----------------- testing Mon Dec 06 02:08:24 UTC 2021 /home/travis/build/icyphy/ptII/ptolemy/actor/lib/test/auto/AbsoluteValue2.xml
----------------- Instantiating /home/travis/build/icyphy/ptII/ptolemy/actor/lib/test/auto/AbsoluteValue2.xml
5 ms. Memory: 353280K Free: 268933K (76%)
----------------- Invoking toplevel() on ptolemy.moml.MoMLSimpleApplication@53ac03af
----------------- Done invoking toplevel() on ptolemy.moml.MoMLSimpleApplication@53ac03af
reloadAllAccessors: .AbsoluteValue2

===========================================================================================
----------------- testing Mon Dec 06 02:08:24 UTC 2021 /home/travis/build/icyphy/ptII/ptolemy/actor/lib/test/auto/Accumulator.xml
----------------- Instantiating /home/travis/build/icyphy/ptII/ptolemy/actor/lib/test/auto/Accumulator.xml
5 ms. Memory: 353280K Free: 262789K (74%)
----------------- Invoking toplevel() on ptolemy.moml.MoMLSimpleApplication@1c50ebba
----------------- Done invoking toplevel() on ptolemy.moml.MoMLSimpleApplication@1c50ebba
reloadAllAccessors: .Accumulator

===========================================================================================
----------------- testing Mon Dec 06 02:08:24 UTC 2021 /home/travis/build/icyphy/ptII/ptolemy/actor/lib/test/auto/Accumulator2.xml
----------------- Instantiating /home/travis/build/icyphy/ptII/ptolemy/actor/lib/test/auto/Accumulator2.xml
3 ms. Memory: 353280K Free: 257669K (73%)
----------------- Invoking toplevel() on ptolemy.moml.MoMLSimpleApplication@3d668e8b
----------------- Done invoking toplevel() on ptolemy.moml.MoMLSimpleApplication@3d668e8b
reloadAllAccessors: .Accumulator2

===========================================================================================
----------------- testing Mon Dec 06 02:08:24 UTC 2021 /home/travis/build/icyphy/ptII/ptolemy/actor/lib/test/auto/Accumulator3.xml
----------------- Instantiating /home/travis/build/icyphy/ptII/ptolemy/actor/lib/test/auto/Accumulator3.xml
3 ms. Memory: 353280K Free: 253063K (72%)
----------------- Invoking toplevel() on ptolemy.moml.MoMLSimpleApplication@1f860fe4
----------------- Done invoking toplevel() on ptolemy.moml.MoMLSimpleApplication@1f860fe4
reloadAllAccessors: .Accumulator3

===========================================================================================
----------------- testing Mon Dec 06 02:08:24 UTC 2021 /home/travis/build/icyphy/ptII/ptolemy/actor/lib/test/auto/ArrayAppend.xml
----------------- Instantiating /home/travis/build/icyphy/ptII/ptolemy/actor/lib/test/auto/ArrayAppend.xml
12 ms. Memory: 353280K Free: 247399K (70%)
----------------- Invoking toplevel() on ptolemy.moml.MoMLSimpleApplication@1ba75df1
----------------- Done invoking toplevel() on ptolemy.moml.MoMLSimpleApplication@1ba75df1
reloadAllAccessors: .ArrayAppend

===========================================================================================
----------------- testing Mon Dec 06 02:08:24 UTC 2021 /home/travis/build/icyphy/ptII/ptolemy/actor/lib/test/auto/ArrayAppend2.xml
----------------- Instantiating /home/travis/build/icyphy/ptII/ptolemy/actor/lib/test/auto/ArrayAppend2.xml
407 ms. Memory: 353280K Free: 188037K (53%)
----------------- Invoking toplevel() on ptolemy.moml.MoMLSimpleApplication@7efe302c
----------------- Done invoking toplevel() on ptolemy.moml.MoMLSimpleApplication@7efe302c
reloadAllAccessors: .ArrayAppend2

===========================================================================================
----------------- testing Mon Dec 06 02:08:25 UTC 2021 /home/travis/build/icyphy/ptII/ptolemy/actor/lib/test/auto/ArrayAppend3.xml
----------------- Instantiating /home/travis/build/icyphy/ptII/ptolemy/actor/lib/test/auto/ArrayAppend3.xml
15 ms. Memory: 353280K Free: 182917K (52%)
----------------- Invoking toplevel() on ptolemy.moml.MoMLSimpleApplication@5398a308
----------------- Done invoking toplevel() on ptolemy.moml.MoMLSimpleApplication@5398a308
reloadAllAccessors: .ArrayAppend3

===========================================================================================
----------------- testing Mon Dec 06 02:08:25 UTC 2021 /home/travis/build/icyphy/ptII/ptolemy/actor/lib/test/auto/ArrayAppend4.xml
----------------- Instantiating /home/travis/build/icyphy/ptII/ptolemy/actor/lib/test/auto/ArrayAppend4.xml
3 ms. Memory: 353280K Free: 177287K (50%)
----------------- Invoking toplevel() on ptolemy.moml.MoMLSimpleApplication@2ade0b86
----------------- Done invoking toplevel() on ptolemy.moml.MoMLSimpleApplication@2ade0b86
reloadAllAccessors: .ArrayAppend4

===========================================================================================
----------------- testing Mon Dec 06 02:08:25 UTC 2021 /home/travis/build/icyphy/ptII/ptolemy/actor/lib/test/auto/ArrayAppend5.xml
----------------- Instantiating /home/travis/build/icyphy/ptII/ptolemy/actor/lib/test/auto/ArrayAppend5.xml
1 ms. Memory: 353280K Free: 172167K (49%)
----------------- Invoking toplevel() on ptolemy.moml.MoMLSimpleApplication@1c5cadf6
----------------- Done invoking toplevel() on ptolemy.moml.MoMLSimpleApplication@1c5cadf6
reloadAllAccessors: .ArrayAppend5

===========================================================================================
----------------- testing Mon Dec 06 02:08:25 UTC 2021 /home/travis/build/icyphy/ptII/ptolemy/actor/lib/test/auto/ArrayAppend6.xml
----------------- Instantiating /home/travis/build/icyphy/ptII/ptolemy/actor/lib/test/auto/ArrayAppend6.xml
3 ms. Memory: 353280K Free: 167047K (47%)
----------------- Invoking toplevel() on ptolemy.moml.MoMLSimpleApplication@3c637854
----------------- Done invoking toplevel() on ptolemy.moml.MoMLSimpleApplication@3c637854
reloadAllAccessors: .ArrayAppend6

===========================================================================================
----------------- testing Mon Dec 06 02:08:25 UTC 2021 /home/travis/build/icyphy/ptII/ptolemy/actor/lib/test/auto/ArrayAppendPerformanceTest.xml
----------------- Instantiating /home/travis/build/icyphy/ptII/ptolemy/actor/lib/test/auto/ArrayAppendPerformanceTest.xml
33 ms. Memory: 353280K Free: 155783K (44%)
----------------- Invoking toplevel() on ptolemy.moml.MoMLSimpleApplication@70ddd22
----------------- Done invoking toplevel() on ptolemy.moml.MoMLSimpleApplication@70ddd22
reloadAllAccessors: .ArrayAppendPerformanceTest

===========================================================================================
----------------- testing Mon Dec 06 02:08:25 UTC 2021 /home/travis/build/icyphy/ptII/ptolemy/actor/lib/test/auto/ArrayAppendWithEmptyInput.xml
----------------- Instantiating /home/travis/build/icyphy/ptII/ptolemy/actor/lib/test/auto/ArrayAppendWithEmptyInput.xml
13 ms. Memory: 353280K Free: 148101K (42%)
----------------- Invoking toplevel() on ptolemy.moml.MoMLSimpleApplication@89ab72
----------------- Done invoking toplevel() on ptolemy.moml.MoMLSimpleApplication@89ab72
reloadAllAccessors: .ArrayAppendWithEmptyInput

===========================================================================================
----------------- testing Mon Dec 06 02:08:25 UTC 2021 /home/travis/build/icyphy/ptII/ptolemy/actor/lib/test/auto/ArrayAverage.xml
----------------- Instantiating /home/travis/build/icyphy/ptII/ptolemy/actor/lib/test/auto/ArrayAverage.xml
4 ms. Memory: 353280K Free: 139909K (40%)
----------------- Invoking toplevel() on ptolemy.moml.MoMLSimpleApplication@5ed30843
----------------- Done invoking toplevel() on ptolemy.moml.MoMLSimpleApplication@5ed30843
reloadAllAccessors: .ArrayAverage

===========================================================================================
----------------- testing Mon Dec 06 02:08:25 UTC 2021 /home/travis/build/icyphy/ptII/ptolemy/actor/lib/test/auto/ArrayContains.xml
----------------- Instantiating /home/travis/build/icyphy/ptII/ptolemy/actor/lib/test/auto/ArrayContains.xml
11 ms. Memory: 353280K Free: 134279K (38%)
----------------- Invoking toplevel() on ptolemy.moml.MoMLSimpleApplication@77f92420
----------------- Done invoking toplevel() on ptolemy.moml.MoMLSimpleApplication@77f92420
reloadAllAccessors: .ArrayContains

===========================================================================================
----------------- testing Mon Dec 06 02:08:25 UTC 2021 /home/travis/build/icyphy/ptII/ptolemy/actor/lib/test/auto/ArrayElement.xml
----------------- Instantiating /home/travis/build/icyphy/ptII/ptolemy/actor/lib/test/auto/ArrayElement.xml
7 ms. Memory: 353280K Free: 128135K (36%)
----------------- Invoking toplevel() on ptolemy.moml.MoMLSimpleApplication@188a6dad
----------------- Done invoking toplevel() on ptolemy.moml.MoMLSimpleApplication@188a6dad
reloadAllAccessors: .ArrayElement

===========================================================================================
----------------- testing Mon Dec 06 02:08:25 UTC 2021 /home/travis/build/icyphy/ptII/ptolemy/actor/lib/test/auto/ArrayElementAsMatrix.xml
----------------- Instantiating /home/travis/build/icyphy/ptII/ptolemy/actor/lib/test/auto/ArrayElementAsMatrix.xml
19 ms. Memory: 353280K Free: 118405K (34%)
----------------- Invoking toplevel() on ptolemy.moml.MoMLSimpleApplication@484ac2d6
----------------- Done invoking toplevel() on ptolemy.moml.MoMLSimpleApplication@484ac2d6
reloadAllAccessors: .ArrayElementAsMatrix

===========================================================================================
----------------- testing Mon Dec 06 02:08:25 UTC 2021 /home/travis/build/icyphy/ptII/ptolemy/actor/lib/test/auto/ArrayElementI.xml
----------------- Instantiating /home/travis/build/icyphy/ptII/ptolemy/actor/lib/test/auto/ArrayElementI.xml
2 ms. Memory: 353280K Free: 299653K (85%)
----------------- Invoking toplevel() on ptolemy.moml.MoMLSimpleApplication@48736dd6
----------------- Done invoking toplevel() on ptolemy.moml.MoMLSimpleApplication@48736dd6
reloadAllAccessors: .ArrayElementI

===========================================================================================
----------------- testing Mon Dec 06 02:08:25 UTC 2021 /home/travis/build/icyphy/ptII/ptolemy/actor/lib/test/auto/ArrayExtract.xml
----------------- Instantiating /home/travis/build/icyphy/ptII/ptolemy/actor/lib/test/auto/ArrayExtract.xml
4 ms. Memory: 353280K Free: 291461K (83%)
----------------- Invoking toplevel() on ptolemy.moml.MoMLSimpleApplication@1a83c439
----------------- Done invoking toplevel() on ptolemy.moml.MoMLSimpleApplication@1a83c439
reloadAllAccessors: .ArrayExtract

===========================================================================================
----------------- testing Mon Dec 06 02:08:25 UTC 2021 /home/travis/build/icyphy/ptII/ptolemy/actor/lib/test/auto/ArrayExtract2.xml
----------------- Instantiating /home/travis/build/icyphy/ptII/ptolemy/actor/lib/test/auto/ArrayExtract2.xml
2 ms. Memory: 353280K Free: 286327K (81%)
----------------- Invoking toplevel() on ptolemy.moml.MoMLSimpleApplication@634b004c
----------------- Done invoking toplevel() on ptolemy.moml.MoMLSimpleApplication@634b004c
reloadAllAccessors: .ArrayExtract2

===========================================================================================
----------------- testing Mon Dec 06 02:08:25 UTC 2021 /home/travis/build/icyphy/ptII/ptolemy/actor/lib/test/auto/ArrayLength.xml
----------------- Instantiating /home/travis/build/icyphy/ptII/ptolemy/actor/lib/test/auto/ArrayLength.xml
2 ms. Memory: 353280K Free: 282245K (80%)
----------------- Invoking toplevel() on ptolemy.moml.MoMLSimpleApplication@4d04c90c
----------------- Done invoking toplevel() on ptolemy.moml.MoMLSimpleApplication@4d04c90c
reloadAllAccessors: .ArrayLength

===========================================================================================
----------------- testing Mon Dec 06 02:08:25 UTC 2021 /home/travis/build/icyphy/ptII/ptolemy/actor/lib/test/auto/ArrayLevelCrossing.xml
----------------- Instantiating /home/travis/build/icyphy/ptII/ptolemy/actor/lib/test/auto/ArrayLevelCrossing.xml
6 ms. Memory: 353280K Free: 274567K (78%)
----------------- Invoking toplevel() on ptolemy.moml.MoMLSimpleApplication@72201e3a
----------------- Done invoking toplevel() on ptolemy.moml.MoMLSimpleApplication@72201e3a
reloadAllAccessors: .ArrayLevelCrossing

===========================================================================================
----------------- testing Mon Dec 06 02:08:25 UTC 2021 /home/travis/build/icyphy/ptII/ptolemy/actor/lib/test/auto/ArrayLevelCrossing2.xml
----------------- Instantiating /home/travis/build/icyphy/ptII/ptolemy/actor/lib/test/auto/ArrayLevelCrossing2.xml
3 ms. Memory: 353280K Free: 266871K (76%)
----------------- Invoking toplevel() on ptolemy.moml.MoMLSimpleApplication@c50523b
----------------- Done invoking toplevel() on ptolemy.moml.MoMLSimpleApplication@c50523b
reloadAllAccessors: .ArrayLevelCrossing2

===========================================================================================
----------------- testing Mon Dec 06 02:08:26 UTC 2021 /home/travis/build/icyphy/ptII/ptolemy/actor/lib/test/auto/ArrayPeakSearch.xml
----------------- Instantiating /home/travis/build/icyphy/ptII/ptolemy/actor/lib/test/auto/ArrayPeakSearch.xml
6 ms. Memory: 353280K Free: 258183K (73%)
----------------- Invoking toplevel() on ptolemy.moml.MoMLSimpleApplication@f4603ed
----------------- Done invoking toplevel() on ptolemy.moml.MoMLSimpleApplication@f4603ed
reloadAllAccessors: .ArrayPeakSearch

===========================================================================================
----------------- testing Mon Dec 06 02:08:26 UTC 2021 /home/travis/build/icyphy/ptII/ptolemy/actor/lib/test/auto/ArrayPeakSearch2.xml
----------------- Instantiating /home/travis/build/icyphy/ptII/ptolemy/actor/lib/test/auto/ArrayPeakSearch2.xml
5 ms. Memory: 353280K Free: 247415K (70%)
----------------- Invoking toplevel() on ptolemy.moml.MoMLSimpleApplication@7d6d9a8f
----------------- Done invoking toplevel() on ptolemy.moml.MoMLSimpleApplication@7d6d9a8f
reloadAllAccessors: .ArrayPeakSearch2

===========================================================================================
----------------- testing Mon Dec 06 02:08:26 UTC 2021 /home/travis/build/icyphy/ptII/ptolemy/actor/lib/test/auto/ArrayPeakSearch3.xml
----------------- Instantiating /home/travis/build/icyphy/ptII/ptolemy/actor/lib/test/auto/ArrayPeakSearch3.xml
5 ms. Memory: 353280K Free: 238727K (68%)
----------------- Invoking toplevel() on ptolemy.moml.MoMLSimpleApplication@111b9a6c
----------------- Done invoking toplevel() on ptolemy.moml.MoMLSimpleApplication@111b9a6c
reloadAllAccessors: .ArrayPeakSearch3

===========================================================================================
----------------- testing Mon Dec 06 02:08:26 UTC 2021 /home/travis/build/icyphy/ptII/ptolemy/actor/lib/test/auto/ArrayRemoveElement.xml
----------------- Instantiating /home/travis/build/icyphy/ptII/ptolemy/actor/lib/test/auto/ArrayRemoveElement.xml
5 ms. Memory: 353280K Free: 230535K (65%)
----------------- Invoking toplevel() on ptolemy.moml.MoMLSimpleApplication@7177e78d
----------------- Done invoking toplevel() on ptolemy.moml.MoMLSimpleApplication@7177e78d
reloadAllAccessors: .ArrayRemoveElement

===========================================================================================
----------------- testing Mon Dec 06 02:08:26 UTC 2021 /home/travis/build/icyphy/ptII/ptolemy/actor/lib/test/auto/ArraySort.xml
----------------- Instantiating /home/travis/build/icyphy/ptII/ptolemy/actor/lib/test/auto/ArraySort.xml
3 ms. Memory: 353280K Free: 221829K (63%)
----------------- Invoking toplevel() on ptolemy.moml.MoMLSimpleApplication@2305df4b
----------------- Done invoking toplevel() on ptolemy.moml.MoMLSimpleApplication@2305df4b
reloadAllAccessors: .ArraySort

===========================================================================================
----------------- testing Mon Dec 06 02:08:26 UTC 2021 /home/travis/build/icyphy/ptII/ptolemy/actor/lib/test/auto/ArraySum.xml
----------------- Instantiating /home/travis/build/icyphy/ptII/ptolemy/actor/lib/test/auto/ArraySum.xml
2 ms. Memory: 353280K Free: 216199K (61%)
----------------- Invoking toplevel() on ptolemy.moml.MoMLSimpleApplication@350ca538
----------------- Done invoking toplevel() on ptolemy.moml.MoMLSimpleApplication@350ca538
reloadAllAccessors: .ArraySum

===========================================================================================
----------------- testing Mon Dec 06 02:08:26 UTC 2021 /home/travis/build/icyphy/ptII/ptolemy/actor/lib/test/auto/ArrayToElements.xml
----------------- Instantiating /home/travis/build/icyphy/ptII/ptolemy/actor/lib/test/auto/ArrayToElements.xml
4 ms. Memory: 353280K Free: 211079K (60%)
----------------- Invoking toplevel() on ptolemy.moml.MoMLSimpleApplication@6fa5f91b
----------------- Done invoking toplevel() on ptolemy.moml.MoMLSimpleApplication@6fa5f91b
reloadAllAccessors: .ArrayToElements

===========================================================================================
----------------- testing Mon Dec 06 02:08:26 UTC 2021 /home/travis/build/icyphy/ptII/ptolemy/actor/lib/test/auto/ArrayToMatrix.xml
----------------- Instantiating /home/travis/build/icyphy/ptII/ptolemy/actor/lib/test/auto/ArrayToMatrix.xml
14 ms. Memory: 353280K Free: 196743K (56%)
----------------- Invoking toplevel() on ptolemy.moml.MoMLSimpleApplication@3941ea72
----------------- Done invoking toplevel() on ptolemy.moml.MoMLSimpleApplication@3941ea72
reloadAllAccessors: .ArrayToMatrix

===========================================================================================
----------------- testing Mon Dec 06 02:08:26 UTC 2021 /home/travis/build/icyphy/ptII/ptolemy/actor/lib/test/auto/ArrayUpdate1.xml
----------------- Instantiating /home/travis/build/icyphy/ptII/ptolemy/actor/lib/test/auto/ArrayUpdate1.xml
4 ms. Memory: 353280K Free: 192133K (54%)
----------------- Invoking toplevel() on ptolemy.moml.MoMLSimpleApplication@2a7c69b9
----------------- Done invoking toplevel() on ptolemy.moml.MoMLSimpleApplication@2a7c69b9
reloadAllAccessors: .ArrayUpdate1

===========================================================================================
----------------- testing Mon Dec 06 02:08:26 UTC 2021 /home/travis/build/icyphy/ptII/ptolemy/actor/lib/test/auto/ArrayUpdate2.xml
----------------- Instantiating /home/travis/build/icyphy/ptII/ptolemy/actor/lib/test/auto/ArrayUpdate2.xml
10 ms. Memory: 353280K Free: 185479K (53%)
----------------- Invoking toplevel() on ptolemy.moml.MoMLSimpleApplication@71ce125d
----------------- Done invoking toplevel() on ptolemy.moml.MoMLSimpleApplication@71ce125d
reloadAllAccessors: .ArrayUpdate2

===========================================================================================
----------------- testing Mon Dec 06 02:08:26 UTC 2021 /home/travis/build/icyphy/ptII/ptolemy/actor/lib/test/auto/ArrayUpdate3.xml
----------------- Instantiating /home/travis/build/icyphy/ptII/ptolemy/actor/lib/test/auto/ArrayUpdate3.xml
2 ms. Memory: 353280K Free: 180869K (51%)
----------------- Invoking toplevel() on ptolemy.moml.MoMLSimpleApplication@796f55d
----------------- Done invoking toplevel() on ptolemy.moml.MoMLSimpleApplication@796f55d
reloadAllAccessors: .ArrayUpdate3

===========================================================================================
----------------- testing Mon Dec 06 02:08:26 UTC 2021 /home/travis/build/icyphy/ptII/ptolemy/actor/lib/test/auto/Assert1.xml
----------------- Instantiating /home/travis/build/icyphy/ptII/ptolemy/actor/lib/test/auto/Assert1.xml
6 ms. Memory: 353280K Free: 175749K (50%)
----------------- Invoking toplevel() on ptolemy.moml.MoMLSimpleApplication@6fa92bbd
----------------- Done invoking toplevel() on ptolemy.moml.MoMLSimpleApplication@6fa92bbd
reloadAllAccessors: .Assert1

===========================================================================================
----------------- testing Mon Dec 06 02:08:26 UTC 2021 /home/travis/build/icyphy/ptII/ptolemy/actor/lib/test/auto/Assert2.xml
----------------- Instantiating /home/travis/build/icyphy/ptII/ptolemy/actor/lib/test/auto/Assert2.xml
2 ms. Memory: 353280K Free: 170629K (48%)
----------------- Invoking toplevel() on ptolemy.moml.MoMLSimpleApplication@3451bc7e
----------------- Done invoking toplevel() on ptolemy.moml.MoMLSimpleApplication@3451bc7e
reloadAllAccessors: .Assert2

===========================================================================================
----------------- testing Mon Dec 06 02:08:26 UTC 2021 /home/travis/build/icyphy/ptII/ptolemy/actor/lib/test/auto/BooleanMultiplexor.xml
----------------- Instantiating /home/travis/build/icyphy/ptII/ptolemy/actor/lib/test/auto/BooleanMultiplexor.xml
2 ms. Memory: 353280K Free: 164999K (47%)
----------------- Invoking toplevel() on ptolemy.moml.MoMLSimpleApplication@27464fce
----------------- Done invoking toplevel() on ptolemy.moml.MoMLSimpleApplication@27464fce
reloadAllAccessors: .BooleanMultiplexor

===========================================================================================
----------------- testing Mon Dec 06 02:08:26 UTC 2021 /home/travis/build/icyphy/ptII/ptolemy/actor/lib/test/auto/BooleanMultiplexor2.xml
----------------- Instantiating /home/travis/build/icyphy/ptII/ptolemy/actor/lib/test/auto/BooleanMultiplexor2.xml
9 ms. Memory: 353280K Free: 158855K (45%)
----------------- Invoking toplevel() on ptolemy.moml.MoMLSimpleApplication@237edc3d
----------------- Done invoking toplevel() on ptolemy.moml.MoMLSimpleApplication@237edc3d
reloadAllAccessors: .BooleanMultiplexor2

===========================================================================================
----------------- testing Mon Dec 06 02:08:26 UTC 2021 /home/travis/build/icyphy/ptII/ptolemy/actor/lib/test/auto/BooleanMultiplexor3.xml
----------------- Instantiating /home/travis/build/icyphy/ptII/ptolemy/actor/lib/test/auto/BooleanMultiplexor3.xml
5 ms. Memory: 353280K Free: 154759K (44%)
----------------- Invoking toplevel() on ptolemy.moml.MoMLSimpleApplication@c8877a1
----------------- Done invoking toplevel() on ptolemy.moml.MoMLSimpleApplication@c8877a1
reloadAllAccessors: .BooleanMultiplexor3

===========================================================================================
----------------- testing Mon Dec 06 02:08:26 UTC 2021 /home/travis/build/icyphy/ptII/ptolemy/actor/lib/test/auto/BooleanSelect.xml
----------------- Instantiating /home/travis/build/icyphy/ptII/ptolemy/actor/lib/test/auto/BooleanSelect.xml
9 ms. Memory: 353280K Free: 149095K (42%)
----------------- Invoking toplevel() on ptolemy.moml.MoMLSimpleApplication@4ea69cc0
----------------- Done invoking toplevel() on ptolemy.moml.MoMLSimpleApplication@4ea69cc0
reloadAllAccessors: .BooleanSelect

===========================================================================================
----------------- testing Mon Dec 06 02:08:26 UTC 2021 /home/travis/build/icyphy/ptII/ptolemy/actor/lib/test/auto/BooleanSelect2.xml
----------------- Instantiating /home/travis/build/icyphy/ptII/ptolemy/actor/lib/test/auto/BooleanSelect2.xml
2 ms. Memory: 353280K Free: 144519K (41%)
----------------- Invoking toplevel() on ptolemy.moml.MoMLSimpleApplication@314ff007
----------------- Done invoking toplevel() on ptolemy.moml.MoMLSimpleApplication@314ff007
reloadAllAccessors: .BooleanSelect2

===========================================================================================
----------------- testing Mon Dec 06 02:08:26 UTC 2021 /home/travis/build/icyphy/ptII/ptolemy/actor/lib/test/auto/BooleanSwitch.xml
----------------- Instantiating /home/travis/build/icyphy/ptII/ptolemy/actor/lib/test/auto/BooleanSwitch.xml
7 ms. Memory: 353280K Free: 138885K (39%)
----------------- Invoking toplevel() on ptolemy.moml.MoMLSimpleApplication@17774d3c
----------------- Done invoking toplevel() on ptolemy.moml.MoMLSimpleApplication@17774d3c
reloadAllAccessors: .BooleanSwitch

===========================================================================================
----------------- testing Mon Dec 06 02:08:26 UTC 2021 /home/travis/build/icyphy/ptII/ptolemy/actor/lib/test/auto/BooleanSwitch2.xml
----------------- Instantiating /home/travis/build/icyphy/ptII/ptolemy/actor/lib/test/auto/BooleanSwitch2.xml
1 ms. Memory: 353280K Free: 134279K (38%)
----------------- Invoking toplevel() on ptolemy.moml.MoMLSimpleApplication@4fa1f1f5
----------------- Done invoking toplevel() on ptolemy.moml.MoMLSimpleApplication@4fa1f1f5
reloadAllAccessors: .BooleanSwitch2

===========================================================================================
----------------- testing Mon Dec 06 02:08:26 UTC 2021 /home/travis/build/icyphy/ptII/ptolemy/actor/lib/test/auto/BooleanSwitchCloningBugWithClassRelationGroup.xml
----------------- Instantiating /home/travis/build/icyphy/ptII/ptolemy/actor/lib/test/auto/BooleanSwitchCloningBugWithClassRelationGroup.xml
3 ms. Memory: 353280K Free: 128135K (36%)
----------------- Invoking toplevel() on ptolemy.moml.MoMLSimpleApplication@5bb49ef1
----------------- Done invoking toplevel() on ptolemy.moml.MoMLSimpleApplication@5bb49ef1
reloadAllAccessors: .BooleanSwitchCloningBugWithClassRelationGroup

===========================================================================================
----------------- testing Mon Dec 06 02:08:26 UTC 2021 /home/travis/build/icyphy/ptII/ptolemy/actor/lib/test/auto/BusActors.xml
----------------- Instantiating /home/travis/build/icyphy/ptII/ptolemy/actor/lib/test/auto/BusActors.xml
4 ms. Memory: 353280K Free: 119943K (34%)
----------------- Invoking toplevel() on ptolemy.moml.MoMLSimpleApplication@47419d0
----------------- Done invoking toplevel() on ptolemy.moml.MoMLSimpleApplication@47419d0
reloadAllAccessors: .BusActors

===========================================================================================
----------------- testing Mon Dec 06 02:08:26 UTC 2021 /home/travis/build/icyphy/ptII/ptolemy/actor/lib/test/auto/ClassWrapper.xml
----------------- Instantiating /home/travis/build/icyphy/ptII/ptolemy/actor/lib/test/auto/ClassWrapper.xml
2 ms. Memory: 353280K Free: 115847K (33%)
----------------- Invoking toplevel() on ptolemy.moml.MoMLSimpleApplication@37ecc7ca
----------------- Done invoking toplevel() on ptolemy.moml.MoMLSimpleApplication@37ecc7ca
reloadAllAccessors: .ClassWrapper

===========================================================================================
----------------- testing Mon Dec 06 02:08:26 UTC 2021 /home/travis/build/icyphy/ptII/ptolemy/actor/lib/test/auto/Clock.xml
----------------- Instantiating /home/travis/build/icyphy/ptII/ptolemy/actor/lib/test/auto/Clock.xml
1 ms. Memory: 353280K Free: 111751K (32%)
----------------- Invoking toplevel() on ptolemy.moml.MoMLSimpleApplication@130fa4fd
----------------- Done invoking toplevel() on ptolemy.moml.MoMLSimpleApplication@130fa4fd
reloadAllAccessors: .Clock

===========================================================================================
----------------- testing Mon Dec 06 02:08:26 UTC 2021 /home/travis/build/icyphy/ptII/ptolemy/actor/lib/test/auto/Clock10.xml
----------------- Instantiating /home/travis/build/icyphy/ptII/ptolemy/actor/lib/test/auto/Clock10.xml
3 ms. Memory: 353280K Free: 106117K (30%)
----------------- Invoking toplevel() on ptolemy.moml.MoMLSimpleApplication@24ee2ea1
----------------- Done invoking toplevel() on ptolemy.moml.MoMLSimpleApplication@24ee2ea1
reloadAllAccessors: .Clock10

===========================================================================================
----------------- testing Mon Dec 06 02:08:26 UTC 2021 /home/travis/build/icyphy/ptII/ptolemy/actor/lib/test/auto/Clock11.xml
----------------- Instantiating /home/travis/build/icyphy/ptII/ptolemy/actor/lib/test/auto/Clock11.xml
5 ms. Memory: 353280K Free: 299648K (85%)
----------------- Invoking toplevel() on ptolemy.moml.MoMLSimpleApplication@5d33c5ce
----------------- Done invoking toplevel() on ptolemy.moml.MoMLSimpleApplication@5d33c5ce
reloadAllAccessors: .Clock11

===========================================================================================
----------------- testing Mon Dec 06 02:08:26 UTC 2021 /home/travis/build/icyphy/ptII/ptolemy/actor/lib/test/auto/Clock12.xml
----------------- Instantiating /home/travis/build/icyphy/ptII/ptolemy/actor/lib/test/auto/Clock12.xml
4 ms. Memory: 353280K Free: 293509K (83%)
----------------- Invoking toplevel() on ptolemy.moml.MoMLSimpleApplication@55e42762
----------------- Done invoking toplevel() on ptolemy.moml.MoMLSimpleApplication@55e42762
reloadAllAccessors: .Clock12

===========================================================================================
----------------- testing Mon Dec 06 02:08:26 UTC 2021 /home/travis/build/icyphy/ptII/ptolemy/actor/lib/test/auto/Clock13.xml
----------------- Instantiating /home/travis/build/icyphy/ptII/ptolemy/actor/lib/test/auto/Clock13.xml
6 ms. Memory: 353280K Free: 287879K (81%)
----------------- Invoking toplevel() on ptolemy.moml.MoMLSimpleApplication@1d2d21c0
----------------- Done invoking toplevel() on ptolemy.moml.MoMLSimpleApplication@1d2d21c0
reloadAllAccessors: .Clock13

===========================================================================================
----------------- testing Mon Dec 06 02:08:26 UTC 2021 /home/travis/build/icyphy/ptII/ptolemy/actor/lib/test/auto/Clock14.xml
----------------- Instantiating /home/travis/build/icyphy/ptII/ptolemy/actor/lib/test/auto/Clock14.xml
6 ms. Memory: 353280K Free: 281735K (80%)
----------------- Invoking toplevel() on ptolemy.moml.MoMLSimpleApplication@2da17ecd
----------------- Done invoking toplevel() on ptolemy.moml.MoMLSimpleApplication@2da17ecd
reloadAllAccessors: .Clock14

===========================================================================================
----------------- testing Mon Dec 06 02:08:26 UTC 2021 /home/travis/build/icyphy/ptII/ptolemy/actor/lib/test/auto/Clock15.xml
----------------- Instantiating /home/travis/build/icyphy/ptII/ptolemy/actor/lib/test/auto/Clock15.xml
5 ms. Memory: 353280K Free: 276071K (78%)
----------------- Invoking toplevel() on ptolemy.moml.MoMLSimpleApplication@6fea29f
----------------- Done invoking toplevel() on ptolemy.moml.MoMLSimpleApplication@6fea29f
reloadAllAccessors: .Clock15

===========================================================================================
----------------- testing Mon Dec 06 02:08:26 UTC 2021 /home/travis/build/icyphy/ptII/ptolemy/actor/lib/test/auto/Clock16.xml
----------------- Instantiating /home/travis/build/icyphy/ptII/ptolemy/actor/lib/test/auto/Clock16.xml
33 ms. Memory: 353280K Free: 261239K (74%)
----------------- Invoking toplevel() on ptolemy.moml.MoMLSimpleApplication@6234b29b
----------------- Done invoking toplevel() on ptolemy.moml.MoMLSimpleApplication@6234b29b
reloadAllAccessors: .Clock16

===========================================================================================
----------------- testing Mon Dec 06 02:08:26 UTC 2021 /home/travis/build/icyphy/ptII/ptolemy/actor/lib/test/auto/Clock17.xml
----------------- Instantiating /home/travis/build/icyphy/ptII/ptolemy/actor/lib/test/auto/Clock17.xml
26 ms. Memory: 353280K Free: 247415K (70%)
----------------- Invoking toplevel() on ptolemy.moml.MoMLSimpleApplication@3f8f0c96
----------------- Done invoking toplevel() on ptolemy.moml.MoMLSimpleApplication@3f8f0c96
reloadAllAccessors: .Clock17

===========================================================================================
----------------- testing Mon Dec 06 02:08:27 UTC 2021 /home/travis/build/icyphy/ptII/ptolemy/actor/lib/test/auto/Clock18.xml
----------------- Instantiating /home/travis/build/icyphy/ptII/ptolemy/actor/lib/test/auto/Clock18.xml
26 ms. Memory: 353280K Free: 234103K (66%)
----------------- Invoking toplevel() on ptolemy.moml.MoMLSimpleApplication@8a2cc08
----------------- Done invoking toplevel() on ptolemy.moml.MoMLSimpleApplication@8a2cc08
reloadAllAccessors: .Clock18

===========================================================================================
----------------- testing Mon Dec 06 02:08:27 UTC 2021 /home/travis/build/icyphy/ptII/ptolemy/actor/lib/test/auto/Clock19.xml
----------------- Instantiating /home/travis/build/icyphy/ptII/ptolemy/actor/lib/test/auto/Clock19.xml
13 ms. Memory: 353280K Free: 220775K (62%)
----------------- Invoking toplevel() on ptolemy.moml.MoMLSimpleApplication@1e8c9bdd
----------------- Done invoking toplevel() on ptolemy.moml.MoMLSimpleApplication@1e8c9bdd
reloadAllAccessors: .Clock19

===========================================================================================
----------------- testing Mon Dec 06 02:08:27 UTC 2021 /home/travis/build/icyphy/ptII/ptolemy/actor/lib/test/auto/Clock2.xml
----------------- Instantiating /home/travis/build/icyphy/ptII/ptolemy/actor/lib/test/auto/Clock2.xml
7 ms. Memory: 353280K Free: 216709K (61%)
----------------- Invoking toplevel() on ptolemy.moml.MoMLSimpleApplication@26e7bce4
----------------- Done invoking toplevel() on ptolemy.moml.MoMLSimpleApplication@26e7bce4
reloadAllAccessors: .Clock2

===========================================================================================
----------------- testing Mon Dec 06 02:08:27 UTC 2021 /home/travis/build/icyphy/ptII/ptolemy/actor/lib/test/auto/Clock20.xml
----------------- Instantiating /home/travis/build/icyphy/ptII/ptolemy/actor/lib/test/auto/Clock20.xml
9 ms. Memory: 353280K Free: 210565K (60%)
----------------- Invoking toplevel() on ptolemy.moml.MoMLSimpleApplication@64fa6ea6
----------------- Done invoking toplevel() on ptolemy.moml.MoMLSimpleApplication@64fa6ea6
reloadAllAccessors: .Clock20

===========================================================================================
----------------- testing Mon Dec 06 02:08:27 UTC 2021 /home/travis/build/icyphy/ptII/ptolemy/actor/lib/test/auto/Clock21.xml
----------------- Instantiating /home/travis/build/icyphy/ptII/ptolemy/actor/lib/test/auto/Clock21.xml
5 ms. Memory: 353280K Free: 205445K (58%)
----------------- Invoking toplevel() on ptolemy.moml.MoMLSimpleApplication@1516f5ec
----------------- Done invoking toplevel() on ptolemy.moml.MoMLSimpleApplication@1516f5ec
reloadAllAccessors: .Clock21

===========================================================================================
----------------- testing Mon Dec 06 02:08:27 UTC 2021 /home/travis/build/icyphy/ptII/ptolemy/actor/lib/test/auto/Clock22.xml
----------------- Instantiating /home/travis/build/icyphy/ptII/ptolemy/actor/lib/test/auto/Clock22.xml
5 ms. Memory: 353280K Free: 199815K (57%)
----------------- Invoking toplevel() on ptolemy.moml.MoMLSimpleApplication@6fb6d113
----------------- Done invoking toplevel() on ptolemy.moml.MoMLSimpleApplication@6fb6d113
reloadAllAccessors: .Clock22

===========================================================================================
----------------- testing Mon Dec 06 02:08:27 UTC 2021 /home/travis/build/icyphy/ptII/ptolemy/actor/lib/test/auto/Clock23.xml
----------------- Instantiating /home/travis/build/icyphy/ptII/ptolemy/actor/lib/test/auto/Clock23.xml
5 ms. Memory: 353280K Free: 194695K (55%)
----------------- Invoking toplevel() on ptolemy.moml.MoMLSimpleApplication@73fec30d
----------------- Done invoking toplevel() on ptolemy.moml.MoMLSimpleApplication@73fec30d
reloadAllAccessors: .Clock23

===========================================================================================
----------------- testing Mon Dec 06 02:08:27 UTC 2021 /home/travis/build/icyphy/ptII/ptolemy/actor/lib/test/auto/Clock24.xml
----------------- Instantiating /home/travis/build/icyphy/ptII/ptolemy/actor/lib/test/auto/Clock24.xml
4 ms. Memory: 353280K Free: 189061K (54%)
----------------- Invoking toplevel() on ptolemy.moml.MoMLSimpleApplication@423d9166
----------------- Done invoking toplevel() on ptolemy.moml.MoMLSimpleApplication@423d9166
reloadAllAccessors: .Clock24

===========================================================================================
----------------- testing Mon Dec 06 02:08:27 UTC 2021 /home/travis/build/icyphy/ptII/ptolemy/actor/lib/test/auto/Clock4.xml
----------------- Instantiating /home/travis/build/icyphy/ptII/ptolemy/actor/lib/test/auto/Clock4.xml
1 ms. Memory: 353280K Free: 183911K (52%)
----------------- Invoking toplevel() on ptolemy.moml.MoMLSimpleApplication@9214497
----------------- Done invoking toplevel() on ptolemy.moml.MoMLSimpleApplication@9214497
reloadAllAccessors: .Clock4

===========================================================================================
----------------- testing Mon Dec 06 02:08:27 UTC 2021 /home/travis/build/icyphy/ptII/ptolemy/actor/lib/test/auto/Clock5.xml
----------------- Instantiating /home/travis/build/icyphy/ptII/ptolemy/actor/lib/test/auto/Clock5.xml
2 ms. Memory: 353280K Free: 178807K (51%)
----------------- Invoking toplevel() on ptolemy.moml.MoMLSimpleApplication@32349255
----------------- Done invoking toplevel() on ptolemy.moml.MoMLSimpleApplication@32349255
reloadAllAccessors: .Clock5

===========================================================================================
----------------- testing Mon Dec 06 02:08:27 UTC 2021 /home/travis/build/icyphy/ptII/ptolemy/actor/lib/test/auto/Clock6.xml
----------------- Instantiating /home/travis/build/icyphy/ptII/ptolemy/actor/lib/test/auto/Clock6.xml
1 ms. Memory: 353280K Free: 174215K (49%)
----------------- Invoking toplevel() on ptolemy.moml.MoMLSimpleApplication@5f095292
----------------- Done invoking toplevel() on ptolemy.moml.MoMLSimpleApplication@5f095292
reloadAllAccessors: .Clock6

===========================================================================================
----------------- testing Mon Dec 06 02:08:27 UTC 2021 /home/travis/build/icyphy/ptII/ptolemy/actor/lib/test/auto/Clock7.xml
----------------- Instantiating /home/travis/build/icyphy/ptII/ptolemy/actor/lib/test/auto/Clock7.xml
3 ms. Memory: 353280K Free: 169605K (48%)
----------------- Invoking toplevel() on ptolemy.moml.MoMLSimpleApplication@419ea44
----------------- Done invoking toplevel() on ptolemy.moml.MoMLSimpleApplication@419ea44
reloadAllAccessors: .Clock7

===========================================================================================
----------------- testing Mon Dec 06 02:08:27 UTC 2021 /home/travis/build/icyphy/ptII/ptolemy/actor/lib/test/auto/Clock8.xml
----------------- Instantiating /home/travis/build/icyphy/ptII/ptolemy/actor/lib/test/auto/Clock8.xml
5 ms. Memory: 353280K Free: 163975K (46%)
----------------- Invoking toplevel() on ptolemy.moml.MoMLSimpleApplication@77cb4023
----------------- Done invoking toplevel() on ptolemy.moml.MoMLSimpleApplication@77cb4023
reloadAllAccessors: .Clock8

===========================================================================================
----------------- testing Mon Dec 06 02:08:27 UTC 2021 /home/travis/build/icyphy/ptII/ptolemy/actor/lib/test/auto/Clock9.xml
----------------- Instantiating /home/travis/build/icyphy/ptII/ptolemy/actor/lib/test/auto/Clock9.xml
6 ms. Memory: 353280K Free: 158327K (45%)
----------------- Invoking toplevel() on ptolemy.moml.MoMLSimpleApplication@67228f7a
----------------- Done invoking toplevel() on ptolemy.moml.MoMLSimpleApplication@67228f7a
reloadAllAccessors: .Clock9

===========================================================================================
----------------- testing Mon Dec 06 02:08:27 UTC 2021 /home/travis/build/icyphy/ptII/ptolemy/actor/lib/test/auto/CommDistDiscard.xml
----------------- Instantiating /home/travis/build/icyphy/ptII/ptolemy/actor/lib/test/auto/CommDistDiscard.xml
3 ms. Memory: 353280K Free: 153221K (43%)
----------------- Invoking toplevel() on ptolemy.moml.MoMLSimpleApplication@73636f1b
----------------- Done invoking toplevel() on ptolemy.moml.MoMLSimpleApplication@73636f1b
reloadAllAccessors: .CommDistDiscard

===========================================================================================
----------------- testing Mon Dec 06 02:08:27 UTC 2021 /home/travis/build/icyphy/ptII/ptolemy/actor/lib/test/auto/Commutator.xml
----------------- Instantiating /home/travis/build/icyphy/ptII/ptolemy/actor/lib/test/auto/Commutator.xml
3 ms. Memory: 353280K Free: 148615K (42%)
----------------- Invoking toplevel() on ptolemy.moml.MoMLSimpleApplication@13e01173
----------------- Done invoking toplevel() on ptolemy.moml.MoMLSimpleApplication@13e01173
reloadAllAccessors: .Commutator

===========================================================================================
----------------- testing Mon Dec 06 02:08:27 UTC 2021 /home/travis/build/icyphy/ptII/ptolemy/actor/lib/test/auto/Commutator2.xml
----------------- Instantiating /home/travis/build/icyphy/ptII/ptolemy/actor/lib/test/auto/Commutator2.xml
2 ms. Memory: 353280K Free: 144519K (41%)
----------------- Invoking toplevel() on ptolemy.moml.MoMLSimpleApplication@781ac55d
----------------- Done invoking toplevel() on ptolemy.moml.MoMLSimpleApplication@781ac55d
reloadAllAccessors: .Commutator2

===========================================================================================
----------------- testing Mon Dec 06 02:08:27 UTC 2021 /home/travis/build/icyphy/ptII/ptolemy/actor/lib/test/auto/Commutator3.xml
----------------- Instantiating /home/travis/build/icyphy/ptII/ptolemy/actor/lib/test/auto/Commutator3.xml
2 ms. Memory: 353280K Free: 139909K (40%)
----------------- Invoking toplevel() on ptolemy.moml.MoMLSimpleApplication@52fbec41
----------------- Done invoking toplevel() on ptolemy.moml.MoMLSimpleApplication@52fbec41
reloadAllAccessors: .Commutator3

===========================================================================================
----------------- testing Mon Dec 06 02:08:27 UTC 2021 /home/travis/build/icyphy/ptII/ptolemy/actor/lib/test/auto/Compare.xml
----------------- Instantiating /home/travis/build/icyphy/ptII/ptolemy/actor/lib/test/auto/Compare.xml
2 ms. Memory: 353280K Free: 133255K (38%)
----------------- Invoking toplevel() on ptolemy.moml.MoMLSimpleApplication@2fa1e8c
----------------- Done invoking toplevel() on ptolemy.moml.MoMLSimpleApplication@2fa1e8c
reloadAllAccessors: .Compare

===========================================================================================
----------------- testing Mon Dec 06 02:08:27 UTC 2021 /home/travis/build/icyphy/ptII/ptolemy/actor/lib/test/auto/CompareDE.xml
----------------- Instantiating /home/travis/build/icyphy/ptII/ptolemy/actor/lib/test/auto/CompareDE.xml
3 ms. Memory: 353280K Free: 126583K (36%)
----------------- Invoking toplevel() on ptolemy.moml.MoMLSimpleApplication@7ce91eb7
----------------- Done invoking toplevel() on ptolemy.moml.MoMLSimpleApplication@7ce91eb7
reloadAllAccessors: .CompareDE

===========================================================================================
----------------- testing Mon Dec 06 02:08:27 UTC 2021 /home/travis/build/icyphy/ptII/ptolemy/actor/lib/test/auto/ComplexDivide.xml
----------------- Instantiating /home/travis/build/icyphy/ptII/ptolemy/actor/lib/test/auto/ComplexDivide.xml
1 ms. Memory: 353280K Free: 122501K (35%)
----------------- Invoking toplevel() on ptolemy.moml.MoMLSimpleApplication@5fc36fa4
----------------- Done invoking toplevel() on ptolemy.moml.MoMLSimpleApplication@5fc36fa4
reloadAllAccessors: .ComplexDivide

===========================================================================================
----------------- testing Mon Dec 06 02:08:27 UTC 2021 /home/travis/build/icyphy/ptII/ptolemy/actor/lib/test/auto/ComputeHistogram.xml
----------------- Instantiating /home/travis/build/icyphy/ptII/ptolemy/actor/lib/test/auto/ComputeHistogram.xml
31 ms. Memory: 353280K Free: 109703K (31%)
----------------- Invoking toplevel() on ptolemy.moml.MoMLSimpleApplication@793f676a
----------------- Done invoking toplevel() on ptolemy.moml.MoMLSimpleApplication@793f676a
reloadAllAccessors: .ComputeHistogram

===========================================================================================
----------------- testing Mon Dec 06 02:08:27 UTC 2021 /home/travis/build/icyphy/ptII/ptolemy/actor/lib/test/auto/ConfigurationSelect.xml
----------------- Instantiating /home/travis/build/icyphy/ptII/ptolemy/actor/lib/test/auto/ConfigurationSelect.xml
40 ms. Memory: 353280K Free: 303749K (86%)
----------------- Invoking toplevel() on ptolemy.moml.MoMLSimpleApplication@5a8258ba
----------------- Done invoking toplevel() on ptolemy.moml.MoMLSimpleApplication@5a8258ba
reloadAllAccessors: .ConfigurationSelect

===========================================================================================
----------------- testing Mon Dec 06 02:08:27 UTC 2021 /home/travis/build/icyphy/ptII/ptolemy/actor/lib/test/auto/ConfigurationSelect2.xml
----------------- Instantiating /home/travis/build/icyphy/ptII/ptolemy/actor/lib/test/auto/ConfigurationSelect2.xml
3 ms. Memory: 353280K Free: 298631K (85%)
----------------- Invoking toplevel() on ptolemy.moml.MoMLSimpleApplication@fd88a96
----------------- Done invoking toplevel() on ptolemy.moml.MoMLSimpleApplication@fd88a96
reloadAllAccessors: .ConfigurationSelect2

===========================================================================================
----------------- testing Mon Dec 06 02:08:27 UTC 2021 /home/travis/build/icyphy/ptII/ptolemy/actor/lib/test/auto/ConfigurationSwitch.xml
----------------- Instantiating /home/travis/build/icyphy/ptII/ptolemy/actor/lib/test/auto/ConfigurationSwitch.xml
2 ms. Memory: 353280K Free: 293511K (83%)
----------------- Invoking toplevel() on ptolemy.moml.MoMLSimpleApplication@72c87e63
----------------- Done invoking toplevel() on ptolemy.moml.MoMLSimpleApplication@72c87e63
reloadAllAccessors: .ConfigurationSwitch

===========================================================================================
----------------- testing Mon Dec 06 02:08:27 UTC 2021 /home/travis/build/icyphy/ptII/ptolemy/actor/lib/test/auto/ConfigurationSwitch2.xml
----------------- Instantiating /home/travis/build/icyphy/ptII/ptolemy/actor/lib/test/auto/ConfigurationSwitch2.xml
3 ms. Memory: 353280K Free: 287877K (81%)
----------------- Invoking toplevel() on ptolemy.moml.MoMLSimpleApplication@69b3a992
----------------- Done invoking toplevel() on ptolemy.moml.MoMLSimpleApplication@69b3a992
reloadAllAccessors: .ConfigurationSwitch2

===========================================================================================
----------------- testing Mon Dec 06 02:08:27 UTC 2021 /home/travis/build/icyphy/ptII/ptolemy/actor/lib/test/auto/ConfigurationSwitchCloningBugWithClassRelationGroup.xml
----------------- Instantiating /home/travis/build/icyphy/ptII/ptolemy/actor/lib/test/auto/ConfigurationSwitchCloningBugWithClassRelationGroup.xml
1 ms. Memory: 353280K Free: 281223K (80%)
----------------- Invoking toplevel() on ptolemy.moml.MoMLSimpleApplication@33597448
----------------- Done invoking toplevel() on ptolemy.moml.MoMLSimpleApplication@33597448
reloadAllAccessors: .ConfigurationSwitchCloningBugWithClassRelationGroup

===========================================================================================
----------------- testing Mon Dec 06 02:08:27 UTC 2021 /home/travis/build/icyphy/ptII/ptolemy/actor/lib/test/auto/ConfigurationSwitchSelectSDF.xml
----------------- Instantiating /home/travis/build/icyphy/ptII/ptolemy/actor/lib/test/auto/ConfigurationSwitchSelectSDF.xml
5 ms. Memory: 353280K Free: 276103K (78%)
----------------- Invoking toplevel() on ptolemy.moml.MoMLSimpleApplication@1ffb0ffe
----------------- Done invoking toplevel() on ptolemy.moml.MoMLSimpleApplication@1ffb0ffe
reloadAllAccessors: .ConfigurationSwitchSelectSDF

===========================================================================================
----------------- testing Mon Dec 06 02:08:27 UTC 2021 /home/travis/build/icyphy/ptII/ptolemy/actor/lib/test/auto/ConfigurationSwitchSelectSDF2.xml
----------------- Instantiating /home/travis/build/icyphy/ptII/ptolemy/actor/lib/test/auto/ConfigurationSwitchSelectSDF2.xml
2 ms. Memory: 353280K Free: 269959K (76%)
----------------- Invoking toplevel() on ptolemy.moml.MoMLSimpleApplication@15e7d58a
----------------- Done invoking toplevel() on ptolemy.moml.MoMLSimpleApplication@15e7d58a
reloadAllAccessors: .ConfigurationSwitchSelectSDF2

===========================================================================================
----------------- testing Mon Dec 06 02:08:27 UTC 2021 /home/travis/build/icyphy/ptII/ptolemy/actor/lib/test/auto/Const.xml
----------------- Instantiating /home/travis/build/icyphy/ptII/ptolemy/actor/lib/test/auto/Const.xml
1 ms. Memory: 353280K Free: 266887K (76%)
----------------- Invoking toplevel() on ptolemy.moml.MoMLSimpleApplication@7fd361c8
----------------- Done invoking toplevel() on ptolemy.moml.MoMLSimpleApplication@7fd361c8
reloadAllAccessors: .Const

===========================================================================================
----------------- testing Mon Dec 06 02:08:27 UTC 2021 /home/travis/build/icyphy/ptII/ptolemy/actor/lib/test/auto/Const2.xml
----------------- Instantiating /home/travis/build/icyphy/ptII/ptolemy/actor/lib/test/auto/Const2.xml
1 ms. Memory: 353280K Free: 262791K (74%)
----------------- Invoking toplevel() on ptolemy.moml.MoMLSimpleApplication@7a91da94
----------------- Done invoking toplevel() on ptolemy.moml.MoMLSimpleApplication@7a91da94
reloadAllAccessors: .Const2

===========================================================================================
----------------- testing Mon Dec 06 02:08:27 UTC 2021 /home/travis/build/icyphy/ptII/ptolemy/actor/lib/test/auto/Const3.xml
----------------- Instantiating /home/travis/build/icyphy/ptII/ptolemy/actor/lib/test/auto/Const3.xml
1 ms. Memory: 353280K Free: 259719K (74%)
----------------- Invoking toplevel() on ptolemy.moml.MoMLSimpleApplication@2e16c988
----------------- Done invoking toplevel() on ptolemy.moml.MoMLSimpleApplication@2e16c988
reloadAllAccessors: .Const3

===========================================================================================
----------------- testing Mon Dec 06 02:08:27 UTC 2021 /home/travis/build/icyphy/ptII/ptolemy/actor/lib/test/auto/ConstantPublisherPort1.xml
----------------- Instantiating /home/travis/build/icyphy/ptII/ptolemy/actor/lib/test/auto/ConstantPublisherPort1.xml
4 ms. Memory: 353280K Free: 251013K (71%)
----------------- Invoking toplevel() on ptolemy.moml.MoMLSimpleApplication@1cd27d3b
----------------- Done invoking toplevel() on ptolemy.moml.MoMLSimpleApplication@1cd27d3b
reloadAllAccessors: .ConstantPublisherPort1

===========================================================================================
----------------- testing Mon Dec 06 02:08:27 UTC 2021 /home/travis/build/icyphy/ptII/ptolemy/actor/lib/test/auto/ConstantPublisherPort2.xml
----------------- Instantiating /home/travis/build/icyphy/ptII/ptolemy/actor/lib/test/auto/ConstantPublisherPort2.xml
7 ms. Memory: 353280K Free: 243335K (69%)
----------------- Invoking toplevel() on ptolemy.moml.MoMLSimpleApplication@480ec01e
----------------- Done invoking toplevel() on ptolemy.moml.MoMLSimpleApplication@480ec01e
reloadAllAccessors: .ConstantPublisherPort2

===========================================================================================
----------------- testing Mon Dec 06 02:08:27 UTC 2021 /home/travis/build/icyphy/ptII/ptolemy/actor/lib/test/auto/ConstantPublisherPort3.xml
----------------- Instantiating /home/travis/build/icyphy/ptII/ptolemy/actor/lib/test/auto/ConstantPublisherPort3.xml
3 ms. Memory: 353280K Free: 235653K (67%)
----------------- Invoking toplevel() on ptolemy.moml.MoMLSimpleApplication@51e12f6f
----------------- Done invoking toplevel() on ptolemy.moml.MoMLSimpleApplication@51e12f6f
reloadAllAccessors: .ConstantPublisherPort3

===========================================================================================
----------------- testing Mon Dec 06 02:08:27 UTC 2021 /home/travis/build/icyphy/ptII/ptolemy/actor/lib/test/auto/ConstantPublisherPort4.xml
----------------- Instantiating /home/travis/build/icyphy/ptII/ptolemy/actor/lib/test/auto/ConstantPublisherPort4.xml
3 ms. Memory: 353280K Free: 228479K (65%)
----------------- Invoking toplevel() on ptolemy.moml.MoMLSimpleApplication@28a6862b
----------------- Done invoking toplevel() on ptolemy.moml.MoMLSimpleApplication@28a6862b
reloadAllAccessors: .ConstantPublisherPort4

===========================================================================================
----------------- testing Mon Dec 06 02:08:27 UTC 2021 /home/travis/build/icyphy/ptII/ptolemy/actor/lib/test/auto/ConstantPublisherPort5.xml
----------------- Instantiating /home/travis/build/icyphy/ptII/ptolemy/actor/lib/test/auto/ConstantPublisherPort5.xml
28 ms. Memory: 353280K Free: 218759K (62%)
----------------- Invoking toplevel() on ptolemy.moml.MoMLSimpleApplication@353ba37c
----------------- Done invoking toplevel() on ptolemy.moml.MoMLSimpleApplication@353ba37c
reloadAllAccessors: .ConstantPublisherPort5

===========================================================================================
----------------- testing Mon Dec 06 02:08:27 UTC 2021 /home/travis/build/icyphy/ptII/ptolemy/actor/lib/test/auto/ConstantPublisherPort6.xml
----------------- Instantiating /home/travis/build/icyphy/ptII/ptolemy/actor/lib/test/auto/ConstantPublisherPort6.xml
14 ms. Memory: 353280K Free: 209029K (59%)
----------------- Invoking toplevel() on ptolemy.moml.MoMLSimpleApplication@5cbdc49a
----------------- Done invoking toplevel() on ptolemy.moml.MoMLSimpleApplication@5cbdc49a
reloadAllAccessors: .ConstantPublisherPort6

===========================================================================================
----------------- testing Mon Dec 06 02:08:27 UTC 2021 /home/travis/build/icyphy/ptII/ptolemy/actor/lib/test/auto/ConstantPublisherPort7.xml
----------------- Instantiating /home/travis/build/icyphy/ptII/ptolemy/actor/lib/test/auto/ConstantPublisherPort7.xml
16 ms. Memory: 353280K Free: 199813K (57%)
----------------- Invoking toplevel() on ptolemy.moml.MoMLSimpleApplication@3a523749
----------------- Done invoking toplevel() on ptolemy.moml.MoMLSimpleApplication@3a523749
reloadAllAccessors: .ConstantPublisherPort7

===========================================================================================
----------------- testing Mon Dec 06 02:08:27 UTC 2021 /home/travis/build/icyphy/ptII/ptolemy/actor/lib/test/auto/ConstraintMonitor1.xml
----------------- Instantiating /home/travis/build/icyphy/ptII/ptolemy/actor/lib/test/auto/ConstraintMonitor1.xml
2 ms. Memory: 353280K Free: 194693K (55%)
----------------- Invoking toplevel() on ptolemy.moml.MoMLSimpleApplication@20077dbd
----------------- Done invoking toplevel() on ptolemy.moml.MoMLSimpleApplication@20077dbd
reloadAllAccessors: .ConstraintMonitor1

===========================================================================================
----------------- testing Mon Dec 06 02:08:27 UTC 2021 /home/travis/build/icyphy/ptII/ptolemy/actor/lib/test/auto/ConstraintMonitor2.xml
----------------- Instantiating /home/travis/build/icyphy/ptII/ptolemy/actor/lib/test/auto/ConstraintMonitor2.xml
4 ms. Memory: 353280K Free: 190087K (54%)
----------------- Invoking toplevel() on ptolemy.moml.MoMLSimpleApplication@66dca348
----------------- Done invoking toplevel() on ptolemy.moml.MoMLSimpleApplication@66dca348
reloadAllAccessors: .ConstraintMonitor2

===========================================================================================
----------------- testing Mon Dec 06 02:08:28 UTC 2021 /home/travis/build/icyphy/ptII/ptolemy/actor/lib/test/auto/ConstraintMonitor3.xml
----------------- Instantiating /home/travis/build/icyphy/ptII/ptolemy/actor/lib/test/auto/ConstraintMonitor3.xml
4 ms. Memory: 353280K Free: 185991K (53%)
----------------- Invoking toplevel() on ptolemy.moml.MoMLSimpleApplication@39b97ed6
----------------- Done invoking toplevel() on ptolemy.moml.MoMLSimpleApplication@39b97ed6
reloadAllAccessors: .ConstraintMonitor3

===========================================================================================
----------------- testing Mon Dec 06 02:08:28 UTC 2021 /home/travis/build/icyphy/ptII/ptolemy/actor/lib/test/auto/ConstraintMonitor4.xml
----------------- Instantiating /home/travis/build/icyphy/ptII/ptolemy/actor/lib/test/auto/ConstraintMonitor4.xml
4 ms. Memory: 353280K Free: 180871K (51%)
----------------- Invoking toplevel() on ptolemy.moml.MoMLSimpleApplication@3ab9e1a
----------------- Done invoking toplevel() on ptolemy.moml.MoMLSimpleApplication@3ab9e1a
reloadAllAccessors: .ConstraintMonitor4

===========================================================================================
----------------- testing Mon Dec 06 02:08:28 UTC 2021 /home/travis/build/icyphy/ptII/ptolemy/actor/lib/test/auto/ConstraintMonitor5.xml
----------------- Instantiating /home/travis/build/icyphy/ptII/ptolemy/actor/lib/test/auto/ConstraintMonitor5.xml
3 ms. Memory: 353280K Free: 175237K (50%)
----------------- Invoking toplevel() on ptolemy.moml.MoMLSimpleApplication@4dc7fc11
----------------- Done invoking toplevel() on ptolemy.moml.MoMLSimpleApplication@4dc7fc11
reloadAllAccessors: .ConstraintMonitor5

===========================================================================================
----------------- testing Mon Dec 06 02:08:28 UTC 2021 /home/travis/build/icyphy/ptII/ptolemy/actor/lib/test/auto/ConstraintMonitor6.xml
----------------- Instantiating /home/travis/build/icyphy/ptII/ptolemy/actor/lib/test/auto/ConstraintMonitor6.xml
5 ms. Memory: 353280K Free: 169607K (48%)
----------------- Invoking toplevel() on ptolemy.moml.MoMLSimpleApplication@cb50451
----------------- Done invoking toplevel() on ptolemy.moml.MoMLSimpleApplication@cb50451
reloadAllAccessors: .ConstraintMonitor6

===========================================================================================
----------------- testing Mon Dec 06 02:08:28 UTC 2021 /home/travis/build/icyphy/ptII/ptolemy/actor/lib/test/auto/ConstraintMonitor7.xml
----------------- Instantiating /home/travis/build/icyphy/ptII/ptolemy/actor/lib/test/auto/ConstraintMonitor7.xml
5 ms. Memory: 353280K Free: 162919K (46%)
----------------- Invoking toplevel() on ptolemy.moml.MoMLSimpleApplication@42ac47f6
----------------- Done invoking toplevel() on ptolemy.moml.MoMLSimpleApplication@42ac47f6
reloadAllAccessors: .ConstraintMonitor7

===========================================================================================
----------------- testing Mon Dec 06 02:08:28 UTC 2021 /home/travis/build/icyphy/ptII/ptolemy/actor/lib/test/auto/ConstraintMonitor8.xml
----------------- Instantiating /home/travis/build/icyphy/ptII/ptolemy/actor/lib/test/auto/ConstraintMonitor8.xml
8 ms. Memory: 353280K Free: 155271K (44%)
----------------- Invoking toplevel() on ptolemy.moml.MoMLSimpleApplication@3fa04a32
----------------- Done invoking toplevel() on ptolemy.moml.MoMLSimpleApplication@3fa04a32
reloadAllAccessors: .ConstraintMonitor8

===========================================================================================
----------------- testing Mon Dec 06 02:08:28 UTC 2021 /home/travis/build/icyphy/ptII/ptolemy/actor/lib/test/auto/Counter.xml
----------------- Instantiating /home/travis/build/icyphy/ptII/ptolemy/actor/lib/test/auto/Counter.xml
2 ms. Memory: 353280K Free: 150661K (43%)
----------------- Invoking toplevel() on ptolemy.moml.MoMLSimpleApplication@4db3b424
----------------- Done invoking toplevel() on ptolemy.moml.MoMLSimpleApplication@4db3b424
reloadAllAccessors: .Counter

===========================================================================================
----------------- testing Mon Dec 06 02:08:28 UTC 2021 /home/travis/build/icyphy/ptII/ptolemy/actor/lib/test/auto/CurrentTimeSDF.xml
----------------- Instantiating /home/travis/build/icyphy/ptII/ptolemy/actor/lib/test/auto/CurrentTimeSDF.xml
5 ms. Memory: 353280K Free: 146565K (41%)
----------------- Invoking toplevel() on ptolemy.moml.MoMLSimpleApplication@24804081
----------------- Done invoking toplevel() on ptolemy.moml.MoMLSimpleApplication@24804081
reloadAllAccessors: .CurrentTimeSDF

===========================================================================================
----------------- testing Mon Dec 06 02:08:28 UTC 2021 /home/travis/build/icyphy/ptII/ptolemy/actor/lib/test/auto/DB.xml
----------------- Instantiating /home/travis/build/icyphy/ptII/ptolemy/actor/lib/test/auto/DB.xml
2 ms. Memory: 353280K Free: 140935K (40%)
----------------- Invoking toplevel() on ptolemy.moml.MoMLSimpleApplication@20524fba
----------------- Done invoking toplevel() on ptolemy.moml.MoMLSimpleApplication@20524fba
reloadAllAccessors: .DB

===========================================================================================
----------------- testing Mon Dec 06 02:08:28 UTC 2021 /home/travis/build/icyphy/ptII/ptolemy/actor/lib/test/auto/DBDE.xml
----------------- Instantiating /home/travis/build/icyphy/ptII/ptolemy/actor/lib/test/auto/DBDE.xml
2 ms. Memory: 353280K Free: 134791K (38%)
----------------- Invoking toplevel() on ptolemy.moml.MoMLSimpleApplication@3c6328a0
----------------- Done invoking toplevel() on ptolemy.moml.MoMLSimpleApplication@3c6328a0
reloadAllAccessors: .DBDE

===========================================================================================
----------------- testing Mon Dec 06 02:08:28 UTC 2021 /home/travis/build/icyphy/ptII/ptolemy/actor/lib/test/auto/DateConstructor.xml
----------------- Instantiating /home/travis/build/icyphy/ptII/ptolemy/actor/lib/test/auto/DateConstructor.xml
21 ms. Memory: 353280K Free: 117383K (33%)
----------------- Invoking toplevel() on ptolemy.moml.MoMLSimpleApplication@761486b0
----------------- Done invoking toplevel() on ptolemy.moml.MoMLSimpleApplication@761486b0
reloadAllAccessors: .DateConstructor

===========================================================================================
----------------- testing Mon Dec 06 02:08:28 UTC 2021 /home/travis/build/icyphy/ptII/ptolemy/actor/lib/test/auto/DelayTime.xml
----------------- Instantiating /home/travis/build/icyphy/ptII/ptolemy/actor/lib/test/auto/DelayTime.xml
6 ms. Memory: 353280K Free: 112263K (32%)
----------------- Invoking toplevel() on ptolemy.moml.MoMLSimpleApplication@7b73859
----------------- Done invoking toplevel() on ptolemy.moml.MoMLSimpleApplication@7b73859
reloadAllAccessors: .DelayTime

===========================================================================================
----------------- testing Mon Dec 06 02:08:28 UTC 2021 /home/travis/build/icyphy/ptII/ptolemy/actor/lib/test/auto/Dictionary1.xml
----------------- Instantiating /home/travis/build/icyphy/ptII/ptolemy/actor/lib/test/auto/Dictionary1.xml
1 ms. Memory: 353280K Free: 106629K (30%)
----------------- Invoking toplevel() on ptolemy.moml.MoMLSimpleApplication@38942751
----------------- Done invoking toplevel() on ptolemy.moml.MoMLSimpleApplication@38942751
reloadAllAccessors: .Dictionary1

===========================================================================================
----------------- testing Mon Dec 06 02:08:28 UTC 2021 /home/travis/build/icyphy/ptII/ptolemy/actor/lib/test/auto/Dictionary2.xml
----------------- Instantiating /home/travis/build/icyphy/ptII/ptolemy/actor/lib/test/auto/Dictionary2.xml
2 ms. Memory: 659456K Free: 607223K (92%)
----------------- Invoking toplevel() on ptolemy.moml.MoMLSimpleApplication@186265cc
----------------- Done invoking toplevel() on ptolemy.moml.MoMLSimpleApplication@186265cc
reloadAllAccessors: .Dictionary2

===========================================================================================
----------------- testing Mon Dec 06 02:08:28 UTC 2021 /home/travis/build/icyphy/ptII/ptolemy/actor/lib/test/auto/Dictionary3.xml
----------------- Instantiating /home/travis/build/icyphy/ptII/ptolemy/actor/lib/test/auto/Dictionary3.xml
2 ms. Memory: 659456K Free: 601593K (91%)
----------------- Invoking toplevel() on ptolemy.moml.MoMLSimpleApplication@18b8228f
----------------- Done invoking toplevel() on ptolemy.moml.MoMLSimpleApplication@18b8228f
reloadAllAccessors: .Dictionary3

===========================================================================================
----------------- testing Mon Dec 06 02:08:28 UTC 2021 /home/travis/build/icyphy/ptII/ptolemy/actor/lib/test/auto/Dictionary4.xml
----------------- Instantiating /home/travis/build/icyphy/ptII/ptolemy/actor/lib/test/auto/Dictionary4.xml
3 ms. Memory: 659456K Free: 594425K (90%)
----------------- Invoking toplevel() on ptolemy.moml.MoMLSimpleApplication@1b0a8924
----------------- Done invoking toplevel() on ptolemy.moml.MoMLSimpleApplication@1b0a8924
reloadAllAccessors: .Dictionary4

===========================================================================================
----------------- testing Mon Dec 06 02:08:28 UTC 2021 /home/travis/build/icyphy/ptII/ptolemy/actor/lib/test/auto/Differential.xml
----------------- Instantiating /home/travis/build/icyphy/ptII/ptolemy/actor/lib/test/auto/Differential.xml
3 ms. Memory: 659456K Free: 589815K (89%)
----------------- Invoking toplevel() on ptolemy.moml.MoMLSimpleApplication@168a19a
----------------- Done invoking toplevel() on ptolemy.moml.MoMLSimpleApplication@168a19a
reloadAllAccessors: .Differential

===========================================================================================
----------------- testing Mon Dec 06 02:08:28 UTC 2021 /home/travis/build/icyphy/ptII/ptolemy/actor/lib/test/auto/Director.xml
----------------- Instantiating /home/travis/build/icyphy/ptII/ptolemy/actor/lib/test/auto/Director.xml
3 ms. Memory: 659456K Free: 586743K (89%)
----------------- Invoking toplevel() on ptolemy.moml.MoMLSimpleApplication@5f9959de
----------------- Done invoking toplevel() on ptolemy.moml.MoMLSimpleApplication@5f9959de
reloadAllAccessors: .Director

===========================================================================================
----------------- testing Mon Dec 06 02:08:28 UTC 2021 /home/travis/build/icyphy/ptII/ptolemy/actor/lib/test/auto/DiscreteClock.xml
----------------- Instantiating /home/travis/build/icyphy/ptII/ptolemy/actor/lib/test/auto/DiscreteClock.xml
2 ms. Memory: 659456K Free: 582647K (88%)
----------------- Invoking toplevel() on ptolemy.moml.MoMLSimpleApplication@5dee1247
----------------- Done invoking toplevel() on ptolemy.moml.MoMLSimpleApplication@5dee1247
reloadAllAccessors: .DiscreteClock

===========================================================================================
----------------- testing Mon Dec 06 02:08:28 UTC 2021 /home/travis/build/icyphy/ptII/ptolemy/actor/lib/test/auto/DiscreteClock10.xml
----------------- Instantiating /home/travis/build/icyphy/ptII/ptolemy/actor/lib/test/auto/DiscreteClock10.xml
4 ms. Memory: 659456K Free: 576503K (87%)
----------------- Invoking toplevel() on ptolemy.moml.MoMLSimpleApplication@1a6e5e2d
----------------- Done invoking toplevel() on ptolemy.moml.MoMLSimpleApplication@1a6e5e2d
reloadAllAccessors: .DiscreteClock10

===========================================================================================
----------------- testing Mon Dec 06 02:08:28 UTC 2021 /home/travis/build/icyphy/ptII/ptolemy/actor/lib/test/auto/DiscreteClock11.xml
----------------- Instantiating /home/travis/build/icyphy/ptII/ptolemy/actor/lib/test/auto/DiscreteClock11.xml
2 ms. Memory: 659456K Free: 570359K (86%)
----------------- Invoking toplevel() on ptolemy.moml.MoMLSimpleApplication@541c01c4
----------------- Done invoking toplevel() on ptolemy.moml.MoMLSimpleApplication@541c01c4
reloadAllAccessors: .DiscreteClock11

===========================================================================================
----------------- testing Mon Dec 06 02:08:28 UTC 2021 /home/travis/build/icyphy/ptII/ptolemy/actor/lib/test/auto/DiscreteClock12.xml
----------------- Instantiating /home/travis/build/icyphy/ptII/ptolemy/actor/lib/test/auto/DiscreteClock12.xml
3 ms. Memory: 659456K Free: 564729K (86%)
----------------- Invoking toplevel() on ptolemy.moml.MoMLSimpleApplication@254fe63c
----------------- Done invoking toplevel() on ptolemy.moml.MoMLSimpleApplication@254fe63c
reloadAllAccessors: .DiscreteClock12

===========================================================================================
----------------- testing Mon Dec 06 02:08:28 UTC 2021 /home/travis/build/icyphy/ptII/ptolemy/actor/lib/test/auto/DiscreteClock13.xml
----------------- Instantiating /home/travis/build/icyphy/ptII/ptolemy/actor/lib/test/auto/DiscreteClock13.xml
3 ms. Memory: 659456K Free: 558585K (85%)
----------------- Invoking toplevel() on ptolemy.moml.MoMLSimpleApplication@1dbe38de
----------------- Done invoking toplevel() on ptolemy.moml.MoMLSimpleApplication@1dbe38de
reloadAllAccessors: .DiscreteClock13

===========================================================================================
----------------- testing Mon Dec 06 02:08:28 UTC 2021 /home/travis/build/icyphy/ptII/ptolemy/actor/lib/test/auto/DiscreteClock14.xml
----------------- Instantiating /home/travis/build/icyphy/ptII/ptolemy/actor/lib/test/auto/DiscreteClock14.xml
5 ms. Memory: 659456K Free: 552441K (84%)
----------------- Invoking toplevel() on ptolemy.moml.MoMLSimpleApplication@906502b
----------------- Done invoking toplevel() on ptolemy.moml.MoMLSimpleApplication@906502b
reloadAllAccessors: .DiscreteClock14

===========================================================================================
----------------- testing Mon Dec 06 02:08:28 UTC 2021 /home/travis/build/icyphy/ptII/ptolemy/actor/lib/test/auto/DiscreteClock15.xml
----------------- Instantiating /home/travis/build/icyphy/ptII/ptolemy/actor/lib/test/auto/DiscreteClock15.xml
5 ms. Memory: 659456K Free: 546801K (83%)
----------------- Invoking toplevel() on ptolemy.moml.MoMLSimpleApplication@51908ec6
----------------- Done invoking toplevel() on ptolemy.moml.MoMLSimpleApplication@51908ec6
reloadAllAccessors: .DiscreteClock15

===========================================================================================
----------------- testing Mon Dec 06 02:08:28 UTC 2021 /home/travis/build/icyphy/ptII/ptolemy/actor/lib/test/auto/DiscreteClock16.xml
----------------- Instantiating /home/travis/build/icyphy/ptII/ptolemy/actor/lib/test/auto/DiscreteClock16.xml
17 ms. Memory: 659456K Free: 532985K (81%)
----------------- Invoking toplevel() on ptolemy.moml.MoMLSimpleApplication@679cda39
----------------- Done invoking toplevel() on ptolemy.moml.MoMLSimpleApplication@679cda39
reloadAllAccessors: .DiscreteClock16

===========================================================================================
----------------- testing Mon Dec 06 02:08:28 UTC 2021 /home/travis/build/icyphy/ptII/ptolemy/actor/lib/test/auto/DiscreteClock17.xml
----------------- Instantiating /home/travis/build/icyphy/ptII/ptolemy/actor/lib/test/auto/DiscreteClock17.xml
17 ms. Memory: 659456K Free: 518129K (79%)
----------------- Invoking toplevel() on ptolemy.moml.MoMLSimpleApplication@5677a993
----------------- Done invoking toplevel() on ptolemy.moml.MoMLSimpleApplication@5677a993
reloadAllAccessors: .DiscreteClock17

===========================================================================================
----------------- testing Mon Dec 06 02:08:28 UTC 2021 /home/travis/build/icyphy/ptII/ptolemy/actor/lib/test/auto/DiscreteClock18.xml
----------------- Instantiating /home/travis/build/icyphy/ptII/ptolemy/actor/lib/test/auto/DiscreteClock18.xml
23 ms. Memory: 659456K Free: 504313K (76%)
----------------- Invoking toplevel() on ptolemy.moml.MoMLSimpleApplication@6f3dcb19
----------------- Done invoking toplevel() on ptolemy.moml.MoMLSimpleApplication@6f3dcb19
reloadAllAccessors: .DiscreteClock18

===========================================================================================
----------------- testing Mon Dec 06 02:08:28 UTC 2021 /home/travis/build/icyphy/ptII/ptolemy/actor/lib/test/auto/DiscreteClock19.xml
----------------- Instantiating /home/travis/build/icyphy/ptII/ptolemy/actor/lib/test/auto/DiscreteClock19.xml
19 ms. Memory: 659456K Free: 491001K (74%)
----------------- Invoking toplevel() on ptolemy.moml.MoMLSimpleApplication@3f7f09e
----------------- Done invoking toplevel() on ptolemy.moml.MoMLSimpleApplication@3f7f09e
reloadAllAccessors: .DiscreteClock19

===========================================================================================
----------------- testing Mon Dec 06 02:08:28 UTC 2021 /home/travis/build/icyphy/ptII/ptolemy/actor/lib/test/auto/DiscreteClock2.xml
----------------- Instantiating /home/travis/build/icyphy/ptII/ptolemy/actor/lib/test/auto/DiscreteClock2.xml
4 ms. Memory: 659456K Free: 485881K (74%)
----------------- Invoking toplevel() on ptolemy.moml.MoMLSimpleApplication@737388c5
----------------- Done invoking toplevel() on ptolemy.moml.MoMLSimpleApplication@737388c5
reloadAllAccessors: .DiscreteClock2

===========================================================================================
----------------- testing Mon Dec 06 02:08:28 UTC 2021 /home/travis/build/icyphy/ptII/ptolemy/actor/lib/test/auto/DiscreteClock20.xml
----------------- Instantiating /home/travis/build/icyphy/ptII/ptolemy/actor/lib/test/auto/DiscreteClock20.xml
7 ms. Memory: 659456K Free: 480247K (73%)
----------------- Invoking toplevel() on ptolemy.moml.MoMLSimpleApplication@5ca888d6
----------------- Done invoking toplevel() on ptolemy.moml.MoMLSimpleApplication@5ca888d6
reloadAllAccessors: .DiscreteClock20

===========================================================================================
----------------- testing Mon Dec 06 02:08:28 UTC 2021 /home/travis/build/icyphy/ptII/ptolemy/actor/lib/test/auto/DiscreteClock21.xml
----------------- Instantiating /home/travis/build/icyphy/ptII/ptolemy/actor/lib/test/auto/DiscreteClock21.xml
5 ms. Memory: 659456K Free: 474617K (72%)
----------------- Invoking toplevel() on ptolemy.moml.MoMLSimpleApplication@541671a5
----------------- Done invoking toplevel() on ptolemy.moml.MoMLSimpleApplication@541671a5
reloadAllAccessors: .DiscreteClock21

===========================================================================================
----------------- testing Mon Dec 06 02:08:28 UTC 2021 /home/travis/build/icyphy/ptII/ptolemy/actor/lib/test/auto/DiscreteClock22.xml
----------------- Instantiating /home/travis/build/icyphy/ptII/ptolemy/actor/lib/test/auto/DiscreteClock22.xml
5 ms. Memory: 659456K Free: 469497K (71%)
----------------- Invoking toplevel() on ptolemy.moml.MoMLSimpleApplication@e50db4e
----------------- Done invoking toplevel() on ptolemy.moml.MoMLSimpleApplication@e50db4e
reloadAllAccessors: .DiscreteClock22

===========================================================================================
----------------- testing Mon Dec 06 02:08:28 UTC 2021 /home/travis/build/icyphy/ptII/ptolemy/actor/lib/test/auto/DiscreteClock23.xml
----------------- Instantiating /home/travis/build/icyphy/ptII/ptolemy/actor/lib/test/auto/DiscreteClock23.xml
9 ms. Memory: 659456K Free: 463863K (70%)
----------------- Invoking toplevel() on ptolemy.moml.MoMLSimpleApplication@5e00f90
----------------- Done invoking toplevel() on ptolemy.moml.MoMLSimpleApplication@5e00f90
reloadAllAccessors: .DiscreteClock23

===========================================================================================
----------------- testing Mon Dec 06 02:08:28 UTC 2021 /home/travis/build/icyphy/ptII/ptolemy/actor/lib/test/auto/DiscreteClock24.xml
----------------- Instantiating /home/travis/build/icyphy/ptII/ptolemy/actor/lib/test/auto/DiscreteClock24.xml
5 ms. Memory: 659456K Free: 458233K (69%)
----------------- Invoking toplevel() on ptolemy.moml.MoMLSimpleApplication@7820915e
----------------- Done invoking toplevel() on ptolemy.moml.MoMLSimpleApplication@7820915e
reloadAllAccessors: .DiscreteClock24

===========================================================================================
----------------- testing Mon Dec 06 02:08:28 UTC 2021 /home/travis/build/icyphy/ptII/ptolemy/actor/lib/test/auto/DiscreteClock4.xml
----------------- Instantiating /home/travis/build/icyphy/ptII/ptolemy/actor/lib/test/auto/DiscreteClock4.xml
4 ms. Memory: 659456K Free: 452599K (69%)
----------------- Invoking toplevel() on ptolemy.moml.MoMLSimpleApplication@4ca86b0c
----------------- Done invoking toplevel() on ptolemy.moml.MoMLSimpleApplication@4ca86b0c
reloadAllAccessors: .DiscreteClock4

===========================================================================================
----------------- testing Mon Dec 06 02:08:28 UTC 2021 /home/travis/build/icyphy/ptII/ptolemy/actor/lib/test/auto/DiscreteClock5.xml
----------------- Instantiating /home/travis/build/icyphy/ptII/ptolemy/actor/lib/test/auto/DiscreteClock5.xml
2 ms. Memory: 659456K Free: 446969K (68%)
----------------- Invoking toplevel() on ptolemy.moml.MoMLSimpleApplication@2ca05e28
----------------- Done invoking toplevel() on ptolemy.moml.MoMLSimpleApplication@2ca05e28
reloadAllAccessors: .DiscreteClock5

===========================================================================================
----------------- testing Mon Dec 06 02:08:29 UTC 2021 /home/travis/build/icyphy/ptII/ptolemy/actor/lib/test/auto/DiscreteClock6.xml
----------------- Instantiating /home/travis/build/icyphy/ptII/ptolemy/actor/lib/test/auto/DiscreteClock6.xml
1 ms. Memory: 659456K Free: 443369K (67%)
----------------- Invoking toplevel() on ptolemy.moml.MoMLSimpleApplication@24499a02
----------------- Done invoking toplevel() on ptolemy.moml.MoMLSimpleApplication@24499a02
reloadAllAccessors: .DiscreteClock6

===========================================================================================
----------------- testing Mon Dec 06 02:08:29 UTC 2021 /home/travis/build/icyphy/ptII/ptolemy/actor/lib/test/auto/DiscreteClock7.xml
----------------- Instantiating /home/travis/build/icyphy/ptII/ptolemy/actor/lib/test/auto/DiscreteClock7.xml
2 ms. Memory: 659456K Free: 438263K (66%)
----------------- Invoking toplevel() on ptolemy.moml.MoMLSimpleApplication@1c137b0c
----------------- Done invoking toplevel() on ptolemy.moml.MoMLSimpleApplication@1c137b0c
reloadAllAccessors: .DiscreteClock7

===========================================================================================
----------------- testing Mon Dec 06 02:08:29 UTC 2021 /home/travis/build/icyphy/ptII/ptolemy/actor/lib/test/auto/DiscreteClock8.xml
----------------- Instantiating /home/travis/build/icyphy/ptII/ptolemy/actor/lib/test/auto/DiscreteClock8.xml
5 ms. Memory: 659456K Free: 432633K (66%)
----------------- Invoking toplevel() on ptolemy.moml.MoMLSimpleApplication@2325ce78
----------------- Done invoking toplevel() on ptolemy.moml.MoMLSimpleApplication@2325ce78
reloadAllAccessors: .DiscreteClock8

===========================================================================================
----------------- testing Mon Dec 06 02:08:29 UTC 2021 /home/travis/build/icyphy/ptII/ptolemy/actor/lib/test/auto/DiscreteClock9.xml
----------------- Instantiating /home/travis/build/icyphy/ptII/ptolemy/actor/lib/test/auto/DiscreteClock9.xml
4 ms. Memory: 659456K Free: 426489K (65%)
----------------- Invoking toplevel() on ptolemy.moml.MoMLSimpleApplication@237f4e44
----------------- Done invoking toplevel() on ptolemy.moml.MoMLSimpleApplication@237f4e44
reloadAllAccessors: .DiscreteClock9

===========================================================================================
----------------- testing Mon Dec 06 02:08:29 UTC 2021 /home/travis/build/icyphy/ptII/ptolemy/actor/lib/test/auto/DisplayArray.xml
----------------- Instantiating /home/travis/build/icyphy/ptII/ptolemy/actor/lib/test/auto/DisplayArray.xml
1 ms. Memory: 659456K Free: 423417K (64%)
----------------- Invoking toplevel() on ptolemy.moml.MoMLSimpleApplication@b024d26
----------------- Done invoking toplevel() on ptolemy.moml.MoMLSimpleApplication@b024d26
reloadAllAccessors: .DisplayArray

===========================================================================================
----------------- testing Mon Dec 06 02:08:29 UTC 2021 /home/travis/build/icyphy/ptII/ptolemy/actor/lib/test/auto/Distributor.xml
----------------- Instantiating /home/travis/build/icyphy/ptII/ptolemy/actor/lib/test/auto/Distributor.xml
2 ms. Memory: 659456K Free: 418297K (63%)
----------------- Invoking toplevel() on ptolemy.moml.MoMLSimpleApplication@5dcd549d
----------------- Done invoking toplevel() on ptolemy.moml.MoMLSimpleApplication@5dcd549d
reloadAllAccessors: .Distributor

===========================================================================================
----------------- testing Mon Dec 06 02:08:29 UTC 2021 /home/travis/build/icyphy/ptII/ptolemy/actor/lib/test/auto/Distributor2.xml
----------------- Instantiating /home/travis/build/icyphy/ptII/ptolemy/actor/lib/test/auto/Distributor2.xml
2 ms. Memory: 659456K Free: 413177K (63%)
----------------- Invoking toplevel() on ptolemy.moml.MoMLSimpleApplication@64e6c03a
----------------- Done invoking toplevel() on ptolemy.moml.MoMLSimpleApplication@64e6c03a
reloadAllAccessors: .Distributor2

===========================================================================================
----------------- testing Mon Dec 06 02:08:29 UTC 2021 /home/travis/build/icyphy/ptII/ptolemy/actor/lib/test/auto/DownSample.xml
----------------- Instantiating /home/travis/build/icyphy/ptII/ptolemy/actor/lib/test/auto/DownSample.xml
1 ms. Memory: 659456K Free: 408567K (62%)
----------------- Invoking toplevel() on ptolemy.moml.MoMLSimpleApplication@53007ec5
----------------- Done invoking toplevel() on ptolemy.moml.MoMLSimpleApplication@53007ec5
reloadAllAccessors: .DownSample

===========================================================================================
----------------- testing Mon Dec 06 02:08:29 UTC 2021 /home/travis/build/icyphy/ptII/ptolemy/actor/lib/test/auto/ElectronicUnitBase1.xml
----------------- Instantiating /home/travis/build/icyphy/ptII/ptolemy/actor/lib/test/auto/ElectronicUnitBase1.xml
18 ms. Memory: 659456K Free: 392183K (59%)
----------------- Invoking toplevel() on ptolemy.moml.MoMLSimpleApplication@44833102
----------------- Done invoking toplevel() on ptolemy.moml.MoMLSimpleApplication@44833102
reloadAllAccessors: .ElectronicUnitBase1

===========================================================================================
----------------- testing Mon Dec 06 02:08:29 UTC 2021 /home/travis/build/icyphy/ptII/ptolemy/actor/lib/test/auto/ElementsToArray.xml
----------------- Instantiating /home/travis/build/icyphy/ptII/ptolemy/actor/lib/test/auto/ElementsToArray.xml
2 ms. Memory: 659456K Free: 387577K (59%)
----------------- Invoking toplevel() on ptolemy.moml.MoMLSimpleApplication@101d5f21
----------------- Done invoking toplevel() on ptolemy.moml.MoMLSimpleApplication@101d5f21
reloadAllAccessors: .ElementsToArray

===========================================================================================
----------------- testing Mon Dec 06 02:08:29 UTC 2021 /home/travis/build/icyphy/ptII/ptolemy/actor/lib/test/auto/Equals.xml
----------------- Instantiating /home/travis/build/icyphy/ptII/ptolemy/actor/lib/test/auto/Equals.xml
6 ms. Memory: 659456K Free: 382967K (58%)
----------------- Invoking toplevel() on ptolemy.moml.MoMLSimpleApplication@6f3813c1
----------------- Done invoking toplevel() on ptolemy.moml.MoMLSimpleApplication@6f3813c1
reloadAllAccessors: .Equals

===========================================================================================
----------------- testing Mon Dec 06 02:08:29 UTC 2021 /home/travis/build/icyphy/ptII/ptolemy/actor/lib/test/auto/Exec.xml
----------------- Instantiating /home/travis/build/icyphy/ptII/ptolemy/actor/lib/test/auto/Exec.xml
24 ms. Memory: 659456K Free: 376823K (57%)
----------------- Invoking toplevel() on ptolemy.moml.MoMLSimpleApplication@2ebc14a8
----------------- Done invoking toplevel() on ptolemy.moml.MoMLSimpleApplication@2ebc14a8
reloadAllAccessors: .Exec

===========================================================================================
----------------- testing Mon Dec 06 02:08:29 UTC 2021 /home/travis/build/icyphy/ptII/ptolemy/actor/lib/test/auto/ExecEnvironment.xml
----------------- Instantiating /home/travis/build/icyphy/ptII/ptolemy/actor/lib/test/auto/ExecEnvironment.xml
33 ms. Memory: 659456K Free: 370679K (56%)
----------------- Invoking toplevel() on ptolemy.moml.MoMLSimpleApplication@1132b8aa
----------------- Done invoking toplevel() on ptolemy.moml.MoMLSimpleApplication@1132b8aa
reloadAllAccessors: .ExecEnvironment

===========================================================================================
----------------- testing Mon Dec 06 02:08:29 UTC 2021 /home/travis/build/icyphy/ptII/ptolemy/actor/lib/test/auto/ExecNonZeroReturnOutput.xml
----------------- Instantiating /home/travis/build/icyphy/ptII/ptolemy/actor/lib/test/auto/ExecNonZeroReturnOutput.xml
168 ms. Memory: 659456K Free: 359415K (55%)
----------------- Invoking toplevel() on ptolemy.moml.MoMLSimpleApplication@3cd47511
----------------- Done invoking toplevel() on ptolemy.moml.MoMLSimpleApplication@3cd47511
reloadAllAccessors: .ExecNonZeroReturnOutput

===========================================================================================
----------------- testing Mon Dec 06 02:08:29 UTC 2021 /home/travis/build/icyphy/ptII/ptolemy/actor/lib/test/auto/ExecRunDemos.xml
----------------- Instantiating /home/travis/build/icyphy/ptII/ptolemy/actor/lib/test/auto/ExecRunDemos.xml
Finished: 59 ms. Memory: 129024K Free: 111606K (87%)

Finished: 69 ms. Memory: 129024K Free: 108702K (84%)

Finished: 75 ms. Memory: 129024K Free: 109000K (84%)

Finished: 81 ms. Memory: 129024K Free: 110578K (86%)

Finished: 78 ms. Memory: 129024K Free: 111362K (86%)

10227 ms. Memory: 659456K Free: 338423K (51%)
----------------- Invoking toplevel() on ptolemy.moml.MoMLSimpleApplication@3e445c9
----------------- Done invoking toplevel() on ptolemy.moml.MoMLSimpleApplication@3e445c9
reloadAllAccessors: .ExecRunDemos

===========================================================================================
----------------- testing Mon Dec 06 02:08:39 UTC 2021 /home/travis/build/icyphy/ptII/ptolemy/actor/lib/test/auto/ExecStop.xml
----------------- Instantiating /home/travis/build/icyphy/ptII/ptolemy/actor/lib/test/auto/ExecStop.xml
5017 ms. Memory: 659456K Free: 231929K (35%)
----------------- Invoking toplevel() on ptolemy.moml.MoMLSimpleApplication@2486fedd
----------------- Done invoking toplevel() on ptolemy.moml.MoMLSimpleApplication@2486fedd
reloadAllAccessors: .ExecStop

===========================================================================================
----------------- testing Mon Dec 06 02:08:44 UTC 2021 /home/travis/build/icyphy/ptII/ptolemy/actor/lib/test/auto/ExecutionTimeSDF.xml
----------------- Instantiating /home/travis/build/icyphy/ptII/ptolemy/actor/lib/test/auto/ExecutionTimeSDF.xml
Fired ExecutionTime: -310167296
Fired ExecutionTime: 1338000000
Fired ExecutionTime: 1369600000
6005 ms. Memory: 659456K Free: 601223K (91%)
----------------- Invoking toplevel() on ptolemy.moml.MoMLSimpleApplication@6663ed57
----------------- Done invoking toplevel() on ptolemy.moml.MoMLSimpleApplication@6663ed57
reloadAllAccessors: .ExecutionTimeSDF

===========================================================================================
----------------- testing Mon Dec 06 02:08:50 UTC 2021 /home/travis/build/icyphy/ptII/ptolemy/actor/lib/test/auto/Expression1.xml
----------------- Instantiating /home/travis/build/icyphy/ptII/ptolemy/actor/lib/test/auto/Expression1.xml
1 ms. Memory: 659456K Free: 597637K (91%)
----------------- Invoking toplevel() on ptolemy.moml.MoMLSimpleApplication@5f2dbd3c
----------------- Done invoking toplevel() on ptolemy.moml.MoMLSimpleApplication@5f2dbd3c
reloadAllAccessors: .Expression1

===========================================================================================
----------------- testing Mon Dec 06 02:08:50 UTC 2021 /home/travis/build/icyphy/ptII/ptolemy/actor/lib/test/auto/Expression10.xml
----------------- Instantiating /home/travis/build/icyphy/ptII/ptolemy/actor/lib/test/auto/Expression10.xml
5 ms. Memory: 659456K Free: 591493K (90%)
----------------- Invoking toplevel() on ptolemy.moml.MoMLSimpleApplication@a878519
----------------- Done invoking toplevel() on ptolemy.moml.MoMLSimpleApplication@a878519
reloadAllAccessors: .Expression10

===========================================================================================
----------------- testing Mon Dec 06 02:08:51 UTC 2021 /home/travis/build/icyphy/ptII/ptolemy/actor/lib/test/auto/Expression11.xml
----------------- Instantiating /home/travis/build/icyphy/ptII/ptolemy/actor/lib/test/auto/Expression11.xml
2 ms. Memory: 659456K Free: 587397K (89%)
----------------- Invoking toplevel() on ptolemy.moml.MoMLSimpleApplication@541b1303
----------------- Done invoking toplevel() on ptolemy.moml.MoMLSimpleApplication@541b1303
reloadAllAccessors: .Expression11

===========================================================================================
----------------- testing Mon Dec 06 02:08:51 UTC 2021 /home/travis/build/icyphy/ptII/ptolemy/actor/lib/test/auto/Expression12.xml
----------------- Instantiating /home/travis/build/icyphy/ptII/ptolemy/actor/lib/test/auto/Expression12.xml
2 ms. Memory: 659456K Free: 581767K (88%)
----------------- Invoking toplevel() on ptolemy.moml.MoMLSimpleApplication@32790b74
----------------- Done invoking toplevel() on ptolemy.moml.MoMLSimpleApplication@32790b74
reloadAllAccessors: .Expression12

===========================================================================================
----------------- testing Mon Dec 06 02:08:51 UTC 2021 /home/travis/build/icyphy/ptII/ptolemy/actor/lib/test/auto/Expression13.xml
----------------- Instantiating /home/travis/build/icyphy/ptII/ptolemy/actor/lib/test/auto/Expression13.xml
2 ms. Memory: 659456K Free: 576647K (87%)
----------------- Invoking toplevel() on ptolemy.moml.MoMLSimpleApplication@720b55a
----------------- Done invoking toplevel() on ptolemy.moml.MoMLSimpleApplication@720b55a
reloadAllAccessors: .Expression13

===========================================================================================
----------------- testing Mon Dec 06 02:08:51 UTC 2021 /home/travis/build/icyphy/ptII/ptolemy/actor/lib/test/auto/Expression14.xml
----------------- Instantiating /home/travis/build/icyphy/ptII/ptolemy/actor/lib/test/auto/Expression14.xml
3 ms. Memory: 659456K Free: 570503K (87%)
----------------- Invoking toplevel() on ptolemy.moml.MoMLSimpleApplication@3cb419b3
----------------- Done invoking toplevel() on ptolemy.moml.MoMLSimpleApplication@3cb419b3
reloadAllAccessors: .Expression14

===========================================================================================
----------------- testing Mon Dec 06 02:08:51 UTC 2021 /home/travis/build/icyphy/ptII/ptolemy/actor/lib/test/auto/Expression15.xml
----------------- Instantiating /home/travis/build/icyphy/ptII/ptolemy/actor/lib/test/auto/Expression15.xml
1 ms. Memory: 659456K Free: 566407K (86%)
----------------- Invoking toplevel() on ptolemy.moml.MoMLSimpleApplication@4ed73c2f
----------------- Done invoking toplevel() on ptolemy.moml.MoMLSimpleApplication@4ed73c2f
reloadAllAccessors: .Expression15

===========================================================================================
----------------- testing Mon Dec 06 02:08:51 UTC 2021 /home/travis/build/icyphy/ptII/ptolemy/actor/lib/test/auto/Expression16.xml
----------------- Instantiating /home/travis/build/icyphy/ptII/ptolemy/actor/lib/test/auto/Expression16.xml
4 ms. Memory: 659456K Free: 561797K (85%)
----------------- Invoking toplevel() on ptolemy.moml.MoMLSimpleApplication@537e53ac
----------------- Done invoking toplevel() on ptolemy.moml.MoMLSimpleApplication@537e53ac
reloadAllAccessors: .Expression16

===========================================================================================
----------------- testing Mon Dec 06 02:08:51 UTC 2021 /home/travis/build/icyphy/ptII/ptolemy/actor/lib/test/auto/Expression17.xml
----------------- Instantiating /home/travis/build/icyphy/ptII/ptolemy/actor/lib/test/auto/Expression17.xml
3 ms. Memory: 659456K Free: 556677K (84%)
----------------- Invoking toplevel() on ptolemy.moml.MoMLSimpleApplication@aa3d4f
----------------- Done invoking toplevel() on ptolemy.moml.MoMLSimpleApplication@aa3d4f
reloadAllAccessors: .Expression17

===========================================================================================
----------------- testing Mon Dec 06 02:08:51 UTC 2021 /home/travis/build/icyphy/ptII/ptolemy/actor/lib/test/auto/Expression18.xml
----------------- Instantiating /home/travis/build/icyphy/ptII/ptolemy/actor/lib/test/auto/Expression18.xml
2 ms. Memory: 659456K Free: 551557K (84%)
----------------- Invoking toplevel() on ptolemy.moml.MoMLSimpleApplication@6338814f
----------------- Done invoking toplevel() on ptolemy.moml.MoMLSimpleApplication@6338814f
reloadAllAccessors: .Expression18

===========================================================================================
----------------- testing Mon Dec 06 02:08:51 UTC 2021 /home/travis/build/icyphy/ptII/ptolemy/actor/lib/test/auto/Expression2.xml
----------------- Instantiating /home/travis/build/icyphy/ptII/ptolemy/actor/lib/test/auto/Expression2.xml
3 ms. Memory: 659456K Free: 546437K (83%)
----------------- Invoking toplevel() on ptolemy.moml.MoMLSimpleApplication@17e370f
----------------- Done invoking toplevel() on ptolemy.moml.MoMLSimpleApplication@17e370f
reloadAllAccessors: .Expression2

===========================================================================================
----------------- testing Mon Dec 06 02:08:51 UTC 2021 /home/travis/build/icyphy/ptII/ptolemy/actor/lib/test/auto/Expression3.xml
----------------- Instantiating /home/travis/build/icyphy/ptII/ptolemy/actor/lib/test/auto/Expression3.xml
5 ms. Memory: 659456K Free: 541317K (82%)
----------------- Invoking toplevel() on ptolemy.moml.MoMLSimpleApplication@43032e5d
----------------- Done invoking toplevel() on ptolemy.moml.MoMLSimpleApplication@43032e5d
reloadAllAccessors: .Expression3

===========================================================================================
----------------- testing Mon Dec 06 02:08:51 UTC 2021 /home/travis/build/icyphy/ptII/ptolemy/actor/lib/test/auto/Expression4.xml
----------------- Instantiating /home/travis/build/icyphy/ptII/ptolemy/actor/lib/test/auto/Expression4.xml
4 ms. Memory: 659456K Free: 533639K (81%)
----------------- Invoking toplevel() on ptolemy.moml.MoMLSimpleApplication@62060426
----------------- Done invoking toplevel() on ptolemy.moml.MoMLSimpleApplication@62060426
reloadAllAccessors: .Expression4

===========================================================================================
----------------- testing Mon Dec 06 02:08:51 UTC 2021 /home/travis/build/icyphy/ptII/ptolemy/actor/lib/test/auto/Expression5.xml
----------------- Instantiating /home/travis/build/icyphy/ptII/ptolemy/actor/lib/test/auto/Expression5.xml
4 ms. Memory: 659456K Free: 529029K (80%)
----------------- Invoking toplevel() on ptolemy.moml.MoMLSimpleApplication@7b2488c8
----------------- Done invoking toplevel() on ptolemy.moml.MoMLSimpleApplication@7b2488c8
reloadAllAccessors: .Expression5

===========================================================================================
----------------- testing Mon Dec 06 02:08:51 UTC 2021 /home/travis/build/icyphy/ptII/ptolemy/actor/lib/test/auto/Expression6.xml
----------------- Instantiating /home/travis/build/icyphy/ptII/ptolemy/actor/lib/test/auto/Expression6.xml
2 ms. Memory: 659456K Free: 524423K (80%)
----------------- Invoking toplevel() on ptolemy.moml.MoMLSimpleApplication@4f53ce3b
----------------- Done invoking toplevel() on ptolemy.moml.MoMLSimpleApplication@4f53ce3b
reloadAllAccessors: .Expression6

===========================================================================================
----------------- testing Mon Dec 06 02:08:51 UTC 2021 /home/travis/build/icyphy/ptII/ptolemy/actor/lib/test/auto/Expression7.xml
----------------- Instantiating /home/travis/build/icyphy/ptII/ptolemy/actor/lib/test/auto/Expression7.xml
3 ms. Memory: 659456K Free: 519303K (79%)
----------------- Invoking toplevel() on ptolemy.moml.MoMLSimpleApplication@39932108
----------------- Done invoking toplevel() on ptolemy.moml.MoMLSimpleApplication@39932108
reloadAllAccessors: .Expression7

===========================================================================================
----------------- testing Mon Dec 06 02:08:51 UTC 2021 /home/travis/build/icyphy/ptII/ptolemy/actor/lib/test/auto/Expression8.xml
----------------- Instantiating /home/travis/build/icyphy/ptII/ptolemy/actor/lib/test/auto/Expression8.xml
7 ms. Memory: 659456K Free: 514183K (78%)
----------------- Invoking toplevel() on ptolemy.moml.MoMLSimpleApplication@23e2e665
----------------- Done invoking toplevel() on ptolemy.moml.MoMLSimpleApplication@23e2e665
reloadAllAccessors: .Expression8

===========================================================================================
----------------- testing Mon Dec 06 02:08:51 UTC 2021 /home/travis/build/icyphy/ptII/ptolemy/actor/lib/test/auto/Expression9.xml
----------------- Instantiating /home/travis/build/icyphy/ptII/ptolemy/actor/lib/test/auto/Expression9.xml
1 ms. Memory: 659456K Free: 510087K (77%)
----------------- Invoking toplevel() on ptolemy.moml.MoMLSimpleApplication@43e8320e
----------------- Done invoking toplevel() on ptolemy.moml.MoMLSimpleApplication@43e8320e
reloadAllAccessors: .Expression9

===========================================================================================
----------------- testing Mon Dec 06 02:08:51 UTC 2021 /home/travis/build/icyphy/ptII/ptolemy/actor/lib/test/auto/ExpressionConcatenateArrayType.xml
----------------- Instantiating /home/travis/build/icyphy/ptII/ptolemy/actor/lib/test/auto/ExpressionConcatenateArrayType.xml
3 ms. Memory: 659456K Free: 503429K (76%)
----------------- Invoking toplevel() on ptolemy.moml.MoMLSimpleApplication@d799425
----------------- Done invoking toplevel() on ptolemy.moml.MoMLSimpleApplication@d799425
reloadAllAccessors: .ExpressionConcatenateArrayType

===========================================================================================
----------------- testing Mon Dec 06 02:08:51 UTC 2021 /home/travis/build/icyphy/ptII/ptolemy/actor/lib/test/auto/ExpressionConcatenateArrayType2.xml
----------------- Instantiating /home/travis/build/icyphy/ptII/ptolemy/actor/lib/test/auto/ExpressionConcatenateArrayType2.xml
3 ms. Memory: 659456K Free: 498309K (76%)
----------------- Invoking toplevel() on ptolemy.moml.MoMLSimpleApplication@8796008
----------------- Done invoking toplevel() on ptolemy.moml.MoMLSimpleApplication@8796008
reloadAllAccessors: .ExpressionConcatenateArrayType2

===========================================================================================
----------------- testing Mon Dec 06 02:08:51 UTC 2021 /home/travis/build/icyphy/ptII/ptolemy/actor/lib/test/auto/ExpressionFix.xml
----------------- Instantiating /home/travis/build/icyphy/ptII/ptolemy/actor/lib/test/auto/ExpressionFix.xml
22 ms. Memory: 659456K Free: 491655K (75%)
----------------- Invoking toplevel() on ptolemy.moml.MoMLSimpleApplication@1c97b2bf
----------------- Done invoking toplevel() on ptolemy.moml.MoMLSimpleApplication@1c97b2bf
reloadAllAccessors: .ExpressionFix

===========================================================================================
----------------- testing Mon Dec 06 02:08:51 UTC 2021 /home/travis/build/icyphy/ptII/ptolemy/actor/lib/test/auto/ExpressionFix2.xml
----------------- Instantiating /home/travis/build/icyphy/ptII/ptolemy/actor/lib/test/auto/ExpressionFix2.xml
3 ms. Memory: 659456K Free: 487045K (74%)
----------------- Invoking toplevel() on ptolemy.moml.MoMLSimpleApplication@33f750c0
----------------- Done invoking toplevel() on ptolemy.moml.MoMLSimpleApplication@33f750c0
reloadAllAccessors: .ExpressionFix2

===========================================================================================
----------------- testing Mon Dec 06 02:08:51 UTC 2021 /home/travis/build/icyphy/ptII/ptolemy/actor/lib/test/auto/ExpressionFix3.xml
----------------- Instantiating /home/travis/build/icyphy/ptII/ptolemy/actor/lib/test/auto/ExpressionFix3.xml
2 ms. Memory: 659456K Free: 482439K (73%)
----------------- Invoking toplevel() on ptolemy.moml.MoMLSimpleApplication@6cb8912b
----------------- Done invoking toplevel() on ptolemy.moml.MoMLSimpleApplication@6cb8912b
reloadAllAccessors: .ExpressionFix3

===========================================================================================
----------------- testing Mon Dec 06 02:08:51 UTC 2021 /home/travis/build/icyphy/ptII/ptolemy/actor/lib/test/auto/FileWriter1.xml
----------------- Instantiating /home/travis/build/icyphy/ptII/ptolemy/actor/lib/test/auto/FileWriter1.xml
2 ms. Memory: 659456K Free: 478343K (73%)
----------------- Invoking toplevel() on ptolemy.moml.MoMLSimpleApplication@6100172c
----------------- Done invoking toplevel() on ptolemy.moml.MoMLSimpleApplication@6100172c
reloadAllAccessors: .FileWriter1

===========================================================================================
----------------- testing Mon Dec 06 02:08:51 UTC 2021 /home/travis/build/icyphy/ptII/ptolemy/actor/lib/test/auto/FileWriter2.xml
----------------- Instantiating /home/travis/build/icyphy/ptII/ptolemy/actor/lib/test/auto/FileWriter2.xml
2 ms. Memory: 659456K Free: 473733K (72%)
----------------- Invoking toplevel() on ptolemy.moml.MoMLSimpleApplication@4a3514a8
----------------- Done invoking toplevel() on ptolemy.moml.MoMLSimpleApplication@4a3514a8
reloadAllAccessors: .FileWriter2

===========================================================================================
----------------- testing Mon Dec 06 02:08:51 UTC 2021 /home/travis/build/icyphy/ptII/ptolemy/actor/lib/test/auto/FileWriter3.xml
----------------- Instantiating /home/travis/build/icyphy/ptII/ptolemy/actor/lib/test/auto/FileWriter3.xml
3 ms. Memory: 659456K Free: 469637K (71%)
----------------- Invoking toplevel() on ptolemy.moml.MoMLSimpleApplication@7e43a704
----------------- Done invoking toplevel() on ptolemy.moml.MoMLSimpleApplication@7e43a704
reloadAllAccessors: .FileWriter3

===========================================================================================
----------------- testing Mon Dec 06 02:08:51 UTC 2021 /home/travis/build/icyphy/ptII/ptolemy/actor/lib/test/auto/Gaussian.xml
----------------- Instantiating /home/travis/build/icyphy/ptII/ptolemy/actor/lib/test/auto/Gaussian.xml
2 ms. Memory: 659456K Free: 465535K (71%)
----------------- Invoking toplevel() on ptolemy.moml.MoMLSimpleApplication@2c3f08e1
----------------- Done invoking toplevel() on ptolemy.moml.MoMLSimpleApplication@2c3f08e1
reloadAllAccessors: .Gaussian

===========================================================================================
----------------- testing Mon Dec 06 02:08:51 UTC 2021 /home/travis/build/icyphy/ptII/ptolemy/actor/lib/test/auto/Gaussian1.xml
----------------- Instantiating /home/travis/build/icyphy/ptII/ptolemy/actor/lib/test/auto/Gaussian1.xml
8 ms. Memory: 659456K Free: 459911K (70%)
----------------- Invoking toplevel() on ptolemy.moml.MoMLSimpleApplication@40eb603a
----------------- Done invoking toplevel() on ptolemy.moml.MoMLSimpleApplication@40eb603a
reloadAllAccessors: .Gaussian1

===========================================================================================
----------------- testing Mon Dec 06 02:08:51 UTC 2021 /home/travis/build/icyphy/ptII/ptolemy/actor/lib/test/auto/Gaussian2.xml
----------------- Instantiating /home/travis/build/icyphy/ptII/ptolemy/actor/lib/test/auto/Gaussian2.xml
2 ms. Memory: 659456K Free: 454263K (69%)
----------------- Invoking toplevel() on ptolemy.moml.MoMLSimpleApplication@3523d6bd
----------------- Done invoking toplevel() on ptolemy.moml.MoMLSimpleApplication@3523d6bd
reloadAllAccessors: .Gaussian2

===========================================================================================
----------------- testing Mon Dec 06 02:08:51 UTC 2021 /home/travis/build/icyphy/ptII/ptolemy/actor/lib/test/auto/GradientAdaptiveLattice.xml
----------------- Instantiating /home/travis/build/icyphy/ptII/ptolemy/actor/lib/test/auto/GradientAdaptiveLattice.xml
3 ms. Memory: 659456K Free: 449157K (68%)
----------------- Invoking toplevel() on ptolemy.moml.MoMLSimpleApplication@51aada8d
----------------- Done invoking toplevel() on ptolemy.moml.MoMLSimpleApplication@51aada8d
reloadAllAccessors: .GradientAdaptiveLattice

===========================================================================================
----------------- testing Mon Dec 06 02:08:51 UTC 2021 /home/travis/build/icyphy/ptII/ptolemy/actor/lib/test/auto/IIR.xml
----------------- Instantiating /home/travis/build/icyphy/ptII/ptolemy/actor/lib/test/auto/IIR.xml
1 ms. Memory: 659456K Free: 444551K (67%)
----------------- Invoking toplevel() on ptolemy.moml.MoMLSimpleApplication@3967007a
----------------- Done invoking toplevel() on ptolemy.moml.MoMLSimpleApplication@3967007a
reloadAllAccessors: .IIR

===========================================================================================
----------------- testing Mon Dec 06 02:08:51 UTC 2021 /home/travis/build/icyphy/ptII/ptolemy/actor/lib/test/auto/InputOutputTransparentPorts.xml
----------------- Instantiating /home/travis/build/icyphy/ptII/ptolemy/actor/lib/test/auto/InputOutputTransparentPorts.xml
1 ms. Memory: 659456K Free: 437383K (66%)
----------------- Invoking toplevel() on ptolemy.moml.MoMLSimpleApplication@1ed63896
----------------- Done invoking toplevel() on ptolemy.moml.MoMLSimpleApplication@1ed63896
reloadAllAccessors: .InputOutputTransparentPorts

===========================================================================================
----------------- testing Mon Dec 06 02:08:51 UTC 2021 /home/travis/build/icyphy/ptII/ptolemy/actor/lib/test/auto/Interpolator.xml
----------------- Instantiating /home/travis/build/icyphy/ptII/ptolemy/actor/lib/test/auto/Interpolator.xml
4 ms. Memory: 659456K Free: 432773K (66%)
----------------- Invoking toplevel() on ptolemy.moml.MoMLSimpleApplication@72ef5e49
----------------- Done invoking toplevel() on ptolemy.moml.MoMLSimpleApplication@72ef5e49
reloadAllAccessors: .Interpolator

===========================================================================================
----------------- testing Mon Dec 06 02:08:51 UTC 2021 /home/travis/build/icyphy/ptII/ptolemy/actor/lib/test/auto/InterpolatorFiringLimitDE.xml
----------------- Instantiating /home/travis/build/icyphy/ptII/ptolemy/actor/lib/test/auto/InterpolatorFiringLimitDE.xml
3 ms. Memory: 659456K Free: 426629K (65%)
----------------- Invoking toplevel() on ptolemy.moml.MoMLSimpleApplication@1c735b26
----------------- Done invoking toplevel() on ptolemy.moml.MoMLSimpleApplication@1c735b26
reloadAllAccessors: .InterpolatorFiringLimitDE

===========================================================================================
----------------- testing Mon Dec 06 02:08:51 UTC 2021 /home/travis/build/icyphy/ptII/ptolemy/actor/lib/test/auto/Lattice.xml
----------------- Instantiating /home/travis/build/icyphy/ptII/ptolemy/actor/lib/test/auto/Lattice.xml
1 ms. Memory: 659456K Free: 423047K (64%)
----------------- Invoking toplevel() on ptolemy.moml.MoMLSimpleApplication@7120036d
----------------- Done invoking toplevel() on ptolemy.moml.MoMLSimpleApplication@7120036d
reloadAllAccessors: .Lattice

===========================================================================================
----------------- testing Mon Dec 06 02:08:51 UTC 2021 /home/travis/build/icyphy/ptII/ptolemy/actor/lib/test/auto/LazyAOCTestLazy.xml
----------------- Instantiating /home/travis/build/icyphy/ptII/ptolemy/actor/lib/test/auto/LazyAOCTestLazy.xml
13 ms. Memory: 659456K Free: 416903K (63%)
----------------- Invoking toplevel() on ptolemy.moml.MoMLSimpleApplication@27256912
----------------- Done invoking toplevel() on ptolemy.moml.MoMLSimpleApplication@27256912
reloadAllAccessors: .LazyAOCTestLazy

===========================================================================================
----------------- testing Mon Dec 06 02:08:51 UTC 2021 /home/travis/build/icyphy/ptII/ptolemy/actor/lib/test/auto/LazyAOCTestNonLazy.xml
----------------- Instantiating /home/travis/build/icyphy/ptII/ptolemy/actor/lib/test/auto/LazyAOCTestNonLazy.xml
2 ms. Memory: 659456K Free: 410759K (62%)
----------------- Invoking toplevel() on ptolemy.moml.MoMLSimpleApplication@6db763e
----------------- Done invoking toplevel() on ptolemy.moml.MoMLSimpleApplication@6db763e
reloadAllAccessors: .LazyAOCTestNonLazy

===========================================================================================
----------------- testing Mon Dec 06 02:08:51 UTC 2021 /home/travis/build/icyphy/ptII/ptolemy/actor/lib/test/auto/LazyInnerClass.xml
----------------- Instantiating /home/travis/build/icyphy/ptII/ptolemy/actor/lib/test/auto/LazyInnerClass.xml
10 ms. Memory: 659456K Free: 402023K (61%)
----------------- Invoking toplevel() on ptolemy.moml.MoMLSimpleApplication@575e1d9b
----------------- Done invoking toplevel() on ptolemy.moml.MoMLSimpleApplication@575e1d9b
reloadAllAccessors: .LazyInnerClass

===========================================================================================
----------------- testing Mon Dec 06 02:08:51 UTC 2021 /home/travis/build/icyphy/ptII/ptolemy/actor/lib/test/auto/LazyPubSub.xml
----------------- Instantiating /home/travis/build/icyphy/ptII/ptolemy/actor/lib/test/auto/LazyPubSub.xml
32 ms. Memory: 659456K Free: 391813K (59%)
----------------- Invoking toplevel() on ptolemy.moml.MoMLSimpleApplication@3840da00
----------------- Done invoking toplevel() on ptolemy.moml.MoMLSimpleApplication@3840da00
reloadAllAccessors: .LazyPubSub

===========================================================================================
----------------- testing Mon Dec 06 02:08:51 UTC 2021 /home/travis/build/icyphy/ptII/ptolemy/actor/lib/test/auto/LazyPubSub2.xml
----------------- Instantiating /home/travis/build/icyphy/ptII/ptolemy/actor/lib/test/auto/LazyPubSub2.xml
19 ms. Memory: 659456K Free: 381573K (58%)
----------------- Invoking toplevel() on ptolemy.moml.MoMLSimpleApplication@16c14621
----------------- Done invoking toplevel() on ptolemy.moml.MoMLSimpleApplication@16c14621
reloadAllAccessors: .LazyPubSub2

===========================================================================================
----------------- testing Mon Dec 06 02:08:51 UTC 2021 /home/travis/build/icyphy/ptII/ptolemy/actor/lib/test/auto/LazyPubSub3.xml
----------------- Instantiating /home/travis/build/icyphy/ptII/ptolemy/actor/lib/test/auto/LazyPubSub3.xml
17 ms. Memory: 659456K Free: 371333K (56%)
----------------- Invoking toplevel() on ptolemy.moml.MoMLSimpleApplication@4c295747
----------------- Done invoking toplevel() on ptolemy.moml.MoMLSimpleApplication@4c295747
reloadAllAccessors: .LazyPubSub3

===========================================================================================
----------------- testing Mon Dec 06 02:08:51 UTC 2021 /home/travis/build/icyphy/ptII/ptolemy/actor/lib/test/auto/LazySubClassModel.xml
----------------- Instantiating /home/travis/build/icyphy/ptII/ptolemy/actor/lib/test/auto/LazySubClassModel.xml
2 ms. Memory: 659456K Free: 362117K (55%)
----------------- Invoking toplevel() on ptolemy.moml.MoMLSimpleApplication@1cd8f6a4
----------------- Done invoking toplevel() on ptolemy.moml.MoMLSimpleApplication@1cd8f6a4
reloadAllAccessors: .LazySubClassModel

===========================================================================================
----------------- testing Mon Dec 06 02:08:51 UTC 2021 /home/travis/build/icyphy/ptII/ptolemy/actor/lib/test/auto/LevelCrossTest1.xml
----------------- Instantiating /home/travis/build/icyphy/ptII/ptolemy/actor/lib/test/auto/LevelCrossTest1.xml
1 ms. Memory: 659456K Free: 356487K (54%)
----------------- Invoking toplevel() on ptolemy.moml.MoMLSimpleApplication@1de136a8
----------------- Done invoking toplevel() on ptolemy.moml.MoMLSimpleApplication@1de136a8
reloadAllAccessors: .broken

===========================================================================================
----------------- testing Mon Dec 06 02:08:51 UTC 2021 /home/travis/build/icyphy/ptII/ptolemy/actor/lib/test/auto/LevelCrossTest10.xml
----------------- Instantiating /home/travis/build/icyphy/ptII/ptolemy/actor/lib/test/auto/LevelCrossTest10.xml
1 ms. Memory: 659456K Free: 348805K (53%)
----------------- Invoking toplevel() on ptolemy.moml.MoMLSimpleApplication@3d94ebd4
----------------- Done invoking toplevel() on ptolemy.moml.MoMLSimpleApplication@3d94ebd4
reloadAllAccessors: .LevelCrossTest10

===========================================================================================
----------------- testing Mon Dec 06 02:08:51 UTC 2021 /home/travis/build/icyphy/ptII/ptolemy/actor/lib/test/auto/LevelCrossTest11.xml
----------------- Instantiating /home/travis/build/icyphy/ptII/ptolemy/actor/lib/test/auto/LevelCrossTest11.xml
1 ms. Memory: 659456K Free: 342151K (52%)
----------------- Invoking toplevel() on ptolemy.moml.MoMLSimpleApplication@53694921
----------------- Done invoking toplevel() on ptolemy.moml.MoMLSimpleApplication@53694921
reloadAllAccessors: .LevelCrossTest11

===========================================================================================
----------------- testing Mon Dec 06 02:08:51 UTC 2021 /home/travis/build/icyphy/ptII/ptolemy/actor/lib/test/auto/LevelCrossTest12.xml
----------------- Instantiating /home/travis/build/icyphy/ptII/ptolemy/actor/lib/test/auto/LevelCrossTest12.xml
1 ms. Memory: 659456K Free: 334983K (51%)
----------------- Invoking toplevel() on ptolemy.moml.MoMLSimpleApplication@125b09ff
----------------- Done invoking toplevel() on ptolemy.moml.MoMLSimpleApplication@125b09ff
reloadAllAccessors: .LevelCrossTest12

===========================================================================================
----------------- testing Mon Dec 06 02:08:51 UTC 2021 /home/travis/build/icyphy/ptII/ptolemy/actor/lib/test/auto/LevelCrossTest13.xml
----------------- Instantiating /home/travis/build/icyphy/ptII/ptolemy/actor/lib/test/auto/LevelCrossTest13.xml
1 ms. Memory: 659456K Free: 326791K (50%)
----------------- Invoking toplevel() on ptolemy.moml.MoMLSimpleApplication@32b4ae4
----------------- Done invoking toplevel() on ptolemy.moml.MoMLSimpleApplication@32b4ae4
reloadAllAccessors: .LevelCrossTest13

===========================================================================================
----------------- testing Mon Dec 06 02:08:51 UTC 2021 /home/travis/build/icyphy/ptII/ptolemy/actor/lib/test/auto/LevelCrossTest2.xml
----------------- Instantiating /home/travis/build/icyphy/ptII/ptolemy/actor/lib/test/auto/LevelCrossTest2.xml
1 ms. Memory: 659456K Free: 321157K (49%)
----------------- Invoking toplevel() on ptolemy.moml.MoMLSimpleApplication@5eb79dc3
----------------- Done invoking toplevel() on ptolemy.moml.MoMLSimpleApplication@5eb79dc3
reloadAllAccessors: .broken

===========================================================================================
----------------- testing Mon Dec 06 02:08:51 UTC 2021 /home/travis/build/icyphy/ptII/ptolemy/actor/lib/test/auto/LevelCrossTest3.xml
----------------- Instantiating /home/travis/build/icyphy/ptII/ptolemy/actor/lib/test/auto/LevelCrossTest3.xml
2 ms. Memory: 659456K Free: 314503K (48%)
----------------- Invoking toplevel() on ptolemy.moml.MoMLSimpleApplication@78bcccbc
----------------- Done invoking toplevel() on ptolemy.moml.MoMLSimpleApplication@78bcccbc
reloadAllAccessors: .LevelCrossTest3

===========================================================================================
----------------- testing Mon Dec 06 02:08:51 UTC 2021 /home/travis/build/icyphy/ptII/ptolemy/actor/lib/test/auto/LevelCrossTest4.xml
----------------- Instantiating /home/travis/build/icyphy/ptII/ptolemy/actor/lib/test/auto/LevelCrossTest4.xml
1 ms. Memory: 659456K Free: 309383K (47%)
----------------- Invoking toplevel() on ptolemy.moml.MoMLSimpleApplication@4820f748
----------------- Done invoking toplevel() on ptolemy.moml.MoMLSimpleApplication@4820f748
reloadAllAccessors: .broken

===========================================================================================
----------------- testing Mon Dec 06 02:08:52 UTC 2021 /home/travis/build/icyphy/ptII/ptolemy/actor/lib/test/auto/LevelCrossTest5.xml
----------------- Instantiating /home/travis/build/icyphy/ptII/ptolemy/actor/lib/test/auto/LevelCrossTest5.xml
15 ms. Memory: 659456K Free: 302215K (46%)
----------------- Invoking toplevel() on ptolemy.moml.MoMLSimpleApplication@20e7a58e
----------------- Done invoking toplevel() on ptolemy.moml.MoMLSimpleApplication@20e7a58e
reloadAllAccessors: .LevelCrossTest5

===========================================================================================
----------------- testing Mon Dec 06 02:08:52 UTC 2021 /home/travis/build/icyphy/ptII/ptolemy/actor/lib/test/auto/LevelCrossTest6.xml
----------------- Instantiating /home/travis/build/icyphy/ptII/ptolemy/actor/lib/test/auto/LevelCrossTest6.xml
2 ms. Memory: 659456K Free: 295557K (45%)
----------------- Invoking toplevel() on ptolemy.moml.MoMLSimpleApplication@464f4ce5
----------------- Done invoking toplevel() on ptolemy.moml.MoMLSimpleApplication@464f4ce5
reloadAllAccessors: .LevelCrossTest6

===========================================================================================
----------------- testing Mon Dec 06 02:08:52 UTC 2021 /home/travis/build/icyphy/ptII/ptolemy/actor/lib/test/auto/LevelCrossTest7.xml
----------------- Instantiating /home/travis/build/icyphy/ptII/ptolemy/actor/lib/test/auto/LevelCrossTest7.xml
1 ms. Memory: 659456K Free: 288389K (44%)
----------------- Invoking toplevel() on ptolemy.moml.MoMLSimpleApplication@cdbb18a
----------------- Done invoking toplevel() on ptolemy.moml.MoMLSimpleApplication@cdbb18a
reloadAllAccessors: .LevelCrossTest7

===========================================================================================
----------------- testing Mon Dec 06 02:08:52 UTC 2021 /home/travis/build/icyphy/ptII/ptolemy/actor/lib/test/auto/LevelCrossTest8.xml
----------------- Instantiating /home/travis/build/icyphy/ptII/ptolemy/actor/lib/test/auto/LevelCrossTest8.xml
1 ms. Memory: 659456K Free: 281221K (43%)
----------------- Invoking toplevel() on ptolemy.moml.MoMLSimpleApplication@28b6047c
----------------- Done invoking toplevel() on ptolemy.moml.MoMLSimpleApplication@28b6047c
reloadAllAccessors: .LevelCrossTest8

===========================================================================================
----------------- testing Mon Dec 06 02:08:52 UTC 2021 /home/travis/build/icyphy/ptII/ptolemy/actor/lib/test/auto/LevelCrossTest9.xml
----------------- Instantiating /home/travis/build/icyphy/ptII/ptolemy/actor/lib/test/auto/LevelCrossTest9.xml
1 ms. Memory: 659456K Free: 274567K (42%)
----------------- Invoking toplevel() on ptolemy.moml.MoMLSimpleApplication@24ed04ba
----------------- Done invoking toplevel() on ptolemy.moml.MoMLSimpleApplication@24ed04ba
reloadAllAccessors: .LevelCrossTest9

===========================================================================================
----------------- testing Mon Dec 06 02:08:52 UTC 2021 /home/travis/build/icyphy/ptII/ptolemy/actor/lib/test/auto/LevinsonDurbin.xml
----------------- Instantiating /home/travis/build/icyphy/ptII/ptolemy/actor/lib/test/auto/LevinsonDurbin.xml
1 ms. Memory: 659456K Free: 270471K (41%)
----------------- Invoking toplevel() on ptolemy.moml.MoMLSimpleApplication@3eb687d6
----------------- Done invoking toplevel() on ptolemy.moml.MoMLSimpleApplication@3eb687d6
reloadAllAccessors: .LevinsonDurbin

===========================================================================================
----------------- testing Mon Dec 06 02:08:52 UTC 2021 /home/travis/build/icyphy/ptII/ptolemy/actor/lib/test/auto/LevinsonDurbin2.xml
----------------- Instantiating /home/travis/build/icyphy/ptII/ptolemy/actor/lib/test/auto/LevinsonDurbin2.xml
5 ms. Memory: 659456K Free: 266375K (40%)
----------------- Invoking toplevel() on ptolemy.moml.MoMLSimpleApplication@fd7fcff
----------------- Done invoking toplevel() on ptolemy.moml.MoMLSimpleApplication@fd7fcff
reloadAllAccessors: .LevinsonDurbin2

===========================================================================================
----------------- testing Mon Dec 06 02:08:52 UTC 2021 /home/travis/build/icyphy/ptII/ptolemy/actor/lib/test/auto/LevinsonDurbin3.xml
----------------- Instantiating /home/travis/build/icyphy/ptII/ptolemy/actor/lib/test/auto/LevinsonDurbin3.xml
2 ms. Memory: 659456K Free: 262279K (40%)
----------------- Invoking toplevel() on ptolemy.moml.MoMLSimpleApplication@18dd4840
----------------- Done invoking toplevel() on ptolemy.moml.MoMLSimpleApplication@18dd4840
reloadAllAccessors: .LevinsonDurbin3

===========================================================================================
----------------- testing Mon Dec 06 02:08:52 UTC 2021 /home/travis/build/icyphy/ptII/ptolemy/actor/lib/test/auto/Limiter.xml
----------------- Instantiating /home/travis/build/icyphy/ptII/ptolemy/actor/lib/test/auto/Limiter.xml
3 ms. Memory: 659456K Free: 253063K (38%)
----------------- Invoking toplevel() on ptolemy.moml.MoMLSimpleApplication@f8aab0
----------------- Done invoking toplevel() on ptolemy.moml.MoMLSimpleApplication@f8aab0
reloadAllAccessors: .Limiter

===========================================================================================
----------------- testing Mon Dec 06 02:08:52 UTC 2021 /home/travis/build/icyphy/ptII/ptolemy/actor/lib/test/auto/LinearDifferenceEquationSystem.xml
----------------- Instantiating /home/travis/build/icyphy/ptII/ptolemy/actor/lib/test/auto/LinearDifferenceEquationSystem.xml
4 ms. Memory: 659456K Free: 245895K (37%)
----------------- Invoking toplevel() on ptolemy.moml.MoMLSimpleApplication@6cb8e78e
----------------- Done invoking toplevel() on ptolemy.moml.MoMLSimpleApplication@6cb8e78e
reloadAllAccessors: .LinearDifferenceEquationSystem

===========================================================================================
----------------- testing Mon Dec 06 02:08:52 UTC 2021 /home/travis/build/icyphy/ptII/ptolemy/actor/lib/test/auto/LookupTable.xml
----------------- Instantiating /home/travis/build/icyphy/ptII/ptolemy/actor/lib/test/auto/LookupTable.xml
2 ms. Memory: 659456K Free: 241285K (37%)
----------------- Invoking toplevel() on ptolemy.moml.MoMLSimpleApplication@5d9934e9
----------------- Done invoking toplevel() on ptolemy.moml.MoMLSimpleApplication@5d9934e9
reloadAllAccessors: .LookupTable

===========================================================================================
----------------- testing Mon Dec 06 02:08:52 UTC 2021 /home/travis/build/icyphy/ptII/ptolemy/actor/lib/test/auto/MathFunction.xml
----------------- Instantiating /home/travis/build/icyphy/ptII/ptolemy/actor/lib/test/auto/MathFunction.xml
2 ms. Memory: 659456K Free: 233607K (35%)
----------------- Invoking toplevel() on ptolemy.moml.MoMLSimpleApplication@2de7c9c5
----------------- Done invoking toplevel() on ptolemy.moml.MoMLSimpleApplication@2de7c9c5
reloadAllAccessors: .MathFunction

===========================================================================================
----------------- testing Mon Dec 06 02:08:52 UTC 2021 /home/travis/build/icyphy/ptII/ptolemy/actor/lib/test/auto/MathFunction2.xml
----------------- Instantiating /home/travis/build/icyphy/ptII/ptolemy/actor/lib/test/auto/MathFunction2.xml
2 ms. Memory: 659456K Free: 229511K (35%)
----------------- Invoking toplevel() on ptolemy.moml.MoMLSimpleApplication@6d118c16
----------------- Done invoking toplevel() on ptolemy.moml.MoMLSimpleApplication@6d118c16
reloadAllAccessors: .MathFunction2

===========================================================================================
----------------- testing Mon Dec 06 02:08:52 UTC 2021 /home/travis/build/icyphy/ptII/ptolemy/actor/lib/test/auto/MathFunction3.xml
----------------- Instantiating /home/travis/build/icyphy/ptII/ptolemy/actor/lib/test/auto/MathFunction3.xml
2 ms. Memory: 659456K Free: 604295K (92%)
----------------- Invoking toplevel() on ptolemy.moml.MoMLSimpleApplication@26e0eb2a
----------------- Done invoking toplevel() on ptolemy.moml.MoMLSimpleApplication@26e0eb2a
reloadAllAccessors: .MathFunction3

===========================================================================================
----------------- testing Mon Dec 06 02:08:52 UTC 2021 /home/travis/build/icyphy/ptII/ptolemy/actor/lib/test/auto/MatrixCropBoolean.xml
----------------- Instantiating /home/travis/build/icyphy/ptII/ptolemy/actor/lib/test/auto/MatrixCropBoolean.xml
2 ms. Memory: 659456K Free: 599175K (91%)
----------------- Invoking toplevel() on ptolemy.moml.MoMLSimpleApplication@35148c2c
----------------- Done invoking toplevel() on ptolemy.moml.MoMLSimpleApplication@35148c2c
reloadAllAccessors: .MatrixCropBoolean

===========================================================================================
----------------- testing Mon Dec 06 02:08:52 UTC 2021 /home/travis/build/icyphy/ptII/ptolemy/actor/lib/test/auto/MatrixCropComplex.xml
----------------- Instantiating /home/travis/build/icyphy/ptII/ptolemy/actor/lib/test/auto/MatrixCropComplex.xml
1 ms. Memory: 659456K Free: 594055K (90%)
----------------- Invoking toplevel() on ptolemy.moml.MoMLSimpleApplication@7527371e
----------------- Done invoking toplevel() on ptolemy.moml.MoMLSimpleApplication@7527371e
reloadAllAccessors: .MatrixCropComplex

===========================================================================================
----------------- testing Mon Dec 06 02:08:52 UTC 2021 /home/travis/build/icyphy/ptII/ptolemy/actor/lib/test/auto/MatrixCropDouble.xml
----------------- Instantiating /home/travis/build/icyphy/ptII/ptolemy/actor/lib/test/auto/MatrixCropDouble.xml
2 ms. Memory: 659456K Free: 588935K (89%)
----------------- Invoking toplevel() on ptolemy.moml.MoMLSimpleApplication@74f5e2c2
----------------- Done invoking toplevel() on ptolemy.moml.MoMLSimpleApplication@74f5e2c2
reloadAllAccessors: .MatrixCropDouble

===========================================================================================
----------------- testing Mon Dec 06 02:08:52 UTC 2021 /home/travis/build/icyphy/ptII/ptolemy/actor/lib/test/auto/MatrixCropFix.xml
----------------- Instantiating /home/travis/build/icyphy/ptII/ptolemy/actor/lib/test/auto/MatrixCropFix.xml
2 ms. Memory: 659456K Free: 583815K (89%)
----------------- Invoking toplevel() on ptolemy.moml.MoMLSimpleApplication@122c3615
----------------- Done invoking toplevel() on ptolemy.moml.MoMLSimpleApplication@122c3615
reloadAllAccessors: .MatrixCropFix

===========================================================================================
----------------- testing Mon Dec 06 02:08:52 UTC 2021 /home/travis/build/icyphy/ptII/ptolemy/actor/lib/test/auto/MatrixCropInt.xml
----------------- Instantiating /home/travis/build/icyphy/ptII/ptolemy/actor/lib/test/auto/MatrixCropInt.xml
2 ms. Memory: 659456K Free: 578695K (88%)
----------------- Invoking toplevel() on ptolemy.moml.MoMLSimpleApplication@7624dc0d
----------------- Done invoking toplevel() on ptolemy.moml.MoMLSimpleApplication@7624dc0d
reloadAllAccessors: .MatrixCropInt

===========================================================================================
----------------- testing Mon Dec 06 02:08:52 UTC 2021 /home/travis/build/icyphy/ptII/ptolemy/actor/lib/test/auto/MatrixCropLong.xml
----------------- Instantiating /home/travis/build/icyphy/ptII/ptolemy/actor/lib/test/auto/MatrixCropLong.xml
1 ms. Memory: 659456K Free: 573575K (87%)
----------------- Invoking toplevel() on ptolemy.moml.MoMLSimpleApplication@5725f47f
----------------- Done invoking toplevel() on ptolemy.moml.MoMLSimpleApplication@5725f47f
reloadAllAccessors: .MatrixCropLong

===========================================================================================
----------------- testing Mon Dec 06 02:08:52 UTC 2021 /home/travis/build/icyphy/ptII/ptolemy/actor/lib/test/auto/MatrixToArray.xml
----------------- Instantiating /home/travis/build/icyphy/ptII/ptolemy/actor/lib/test/auto/MatrixToArray.xml
10 ms. Memory: 659456K Free: 558215K (85%)
----------------- Invoking toplevel() on ptolemy.moml.MoMLSimpleApplication@4fa8e470
----------------- Done invoking toplevel() on ptolemy.moml.MoMLSimpleApplication@4fa8e470
reloadAllAccessors: .MatrixToArray

===========================================================================================
----------------- testing Mon Dec 06 02:08:52 UTC 2021 /home/travis/build/icyphy/ptII/ptolemy/actor/lib/test/auto/MaxIndex.xml
----------------- Instantiating /home/travis/build/icyphy/ptII/ptolemy/actor/lib/test/auto/MaxIndex.xml
6 ms. Memory: 659456K Free: 553095K (84%)
----------------- Invoking toplevel() on ptolemy.moml.MoMLSimpleApplication@674146e1
----------------- Done invoking toplevel() on ptolemy.moml.MoMLSimpleApplication@674146e1
reloadAllAccessors: .MaxIndex

===========================================================================================
----------------- testing Mon Dec 06 02:08:52 UTC 2021 /home/travis/build/icyphy/ptII/ptolemy/actor/lib/test/auto/Maximum.xml
----------------- Instantiating /home/travis/build/icyphy/ptII/ptolemy/actor/lib/test/auto/Maximum.xml
6 ms. Memory: 659456K Free: 546407K (83%)
----------------- Invoking toplevel() on ptolemy.moml.MoMLSimpleApplication@14c8b79e
----------------- Done invoking toplevel() on ptolemy.moml.MoMLSimpleApplication@14c8b79e
reloadAllAccessors: .Maximum

===========================================================================================
----------------- testing Mon Dec 06 02:08:52 UTC 2021 /home/travis/build/icyphy/ptII/ptolemy/actor/lib/test/auto/MaximumComplex.xml
----------------- Instantiating /home/travis/build/icyphy/ptII/ptolemy/actor/lib/test/auto/MaximumComplex.xml
4 ms. Memory: 659456K Free: 540263K (82%)
----------------- Invoking toplevel() on ptolemy.moml.MoMLSimpleApplication@21441072
----------------- Done invoking toplevel() on ptolemy.moml.MoMLSimpleApplication@21441072
reloadAllAccessors: .MaximumComplex

===========================================================================================
----------------- testing Mon Dec 06 02:08:52 UTC 2021 /home/travis/build/icyphy/ptII/ptolemy/actor/lib/test/auto/MethodCallTest.xml
----------------- Instantiating /home/travis/build/icyphy/ptII/ptolemy/actor/lib/test/auto/MethodCallTest.xml
2 ms. Memory: 659456K Free: 533639K (81%)
----------------- Invoking toplevel() on ptolemy.moml.MoMLSimpleApplication@74d255e7
----------------- Done invoking toplevel() on ptolemy.moml.MoMLSimpleApplication@74d255e7
reloadAllAccessors: .MethodCallTest

===========================================================================================
----------------- testing Mon Dec 06 02:08:52 UTC 2021 /home/travis/build/icyphy/ptII/ptolemy/actor/lib/test/auto/Minimum.xml
----------------- Instantiating /home/travis/build/icyphy/ptII/ptolemy/actor/lib/test/auto/Minimum.xml
3 ms. Memory: 659456K Free: 526967K (80%)
----------------- Invoking toplevel() on ptolemy.moml.MoMLSimpleApplication@42683d13
----------------- Done invoking toplevel() on ptolemy.moml.MoMLSimpleApplication@42683d13
reloadAllAccessors: .Minimum

===========================================================================================
----------------- testing Mon Dec 06 02:08:52 UTC 2021 /home/travis/build/icyphy/ptII/ptolemy/actor/lib/test/auto/MinimumComplex.xml
----------------- Instantiating /home/travis/build/icyphy/ptII/ptolemy/actor/lib/test/auto/MinimumComplex.xml
3 ms. Memory: 659456K Free: 520807K (79%)
----------------- Invoking toplevel() on ptolemy.moml.MoMLSimpleApplication@e562abf
----------------- Done invoking toplevel() on ptolemy.moml.MoMLSimpleApplication@e562abf
reloadAllAccessors: .MinimumComplex

===========================================================================================
----------------- testing Mon Dec 06 02:08:52 UTC 2021 /home/travis/build/icyphy/ptII/ptolemy/actor/lib/test/auto/MinimumMultiports.xml
----------------- Instantiating /home/travis/build/icyphy/ptII/ptolemy/actor/lib/test/auto/MinimumMultiports.xml
3 ms. Memory: 659456K Free: 512135K (78%)
----------------- Invoking toplevel() on ptolemy.moml.MoMLSimpleApplication@19bafc38
----------------- Done invoking toplevel() on ptolemy.moml.MoMLSimpleApplication@19bafc38
reloadAllAccessors: .MinimumMultiports

===========================================================================================
----------------- testing Mon Dec 06 02:08:52 UTC 2021 /home/travis/build/icyphy/ptII/ptolemy/actor/lib/test/auto/ModifyDate.xml
----------------- Instantiating /home/travis/build/icyphy/ptII/ptolemy/actor/lib/test/auto/ModifyDate.xml
6 ms. Memory: 659456K Free: 499333K (76%)
----------------- Invoking toplevel() on ptolemy.moml.MoMLSimpleApplication@4e4a9453
----------------- Done invoking toplevel() on ptolemy.moml.MoMLSimpleApplication@4e4a9453
reloadAllAccessors: .ModifyDate

===========================================================================================
----------------- testing Mon Dec 06 02:08:52 UTC 2021 /home/travis/build/icyphy/ptII/ptolemy/actor/lib/test/auto/ModifyDate2.xml
----------------- Instantiating /home/travis/build/icyphy/ptII/ptolemy/actor/lib/test/auto/ModifyDate2.xml
5 ms. Memory: 659456K Free: 490631K (74%)
----------------- Invoking toplevel() on ptolemy.moml.MoMLSimpleApplication@61394afa
----------------- Done invoking toplevel() on ptolemy.moml.MoMLSimpleApplication@61394afa
reloadAllAccessors: .ModifyDate2

===========================================================================================
----------------- testing Mon Dec 06 02:08:52 UTC 2021 /home/travis/build/icyphy/ptII/ptolemy/actor/lib/test/auto/MovingAverage.xml
----------------- Instantiating /home/travis/build/icyphy/ptII/ptolemy/actor/lib/test/auto/MovingAverage.xml
2 ms. Memory: 659456K Free: 485511K (74%)
----------------- Invoking toplevel() on ptolemy.moml.MoMLSimpleApplication@439c76ca
----------------- Done invoking toplevel() on ptolemy.moml.MoMLSimpleApplication@439c76ca
reloadAllAccessors: .MovingAverage

===========================================================================================
----------------- testing Mon Dec 06 02:08:52 UTC 2021 /home/travis/build/icyphy/ptII/ptolemy/actor/lib/test/auto/MovingMaximum.xml
----------------- Instantiating /home/travis/build/icyphy/ptII/ptolemy/actor/lib/test/auto/MovingMaximum.xml
1 ms. Memory: 659456K Free: 480901K (73%)
----------------- Invoking toplevel() on ptolemy.moml.MoMLSimpleApplication@20f8f42e
----------------- Done invoking toplevel() on ptolemy.moml.MoMLSimpleApplication@20f8f42e
reloadAllAccessors: .MovingMaximum

===========================================================================================
----------------- testing Mon Dec 06 02:08:52 UTC 2021 /home/travis/build/icyphy/ptII/ptolemy/actor/lib/test/auto/MultipleLinksToSameRelation.xml
----------------- Instantiating /home/travis/build/icyphy/ptII/ptolemy/actor/lib/test/auto/MultipleLinksToSameRelation.xml
2 ms. Memory: 659456K Free: 476805K (72%)
----------------- Invoking toplevel() on ptolemy.moml.MoMLSimpleApplication@46948793
----------------- Done invoking toplevel() on ptolemy.moml.MoMLSimpleApplication@46948793
reloadAllAccessors: .MultipleLinksToSameRelation

===========================================================================================
----------------- testing Mon Dec 06 02:08:52 UTC 2021 /home/travis/build/icyphy/ptII/ptolemy/actor/lib/test/auto/MultipleLinksToSameRelationDE.xml
----------------- Instantiating /home/travis/build/icyphy/ptII/ptolemy/actor/lib/test/auto/MultipleLinksToSameRelationDE.xml
9 ms. Memory: 659456K Free: 472199K (72%)
----------------- Invoking toplevel() on ptolemy.moml.MoMLSimpleApplication@6c2835e2
----------------- Done invoking toplevel() on ptolemy.moml.MoMLSimpleApplication@6c2835e2
reloadAllAccessors: .MultipleLinksToSameRelationDE

===========================================================================================
----------------- testing Mon Dec 06 02:08:52 UTC 2021 /home/travis/build/icyphy/ptII/ptolemy/actor/lib/test/auto/Multiplexor.xml
----------------- Instantiating /home/travis/build/icyphy/ptII/ptolemy/actor/lib/test/auto/Multiplexor.xml
1 ms. Memory: 659456K Free: 466055K (71%)
----------------- Invoking toplevel() on ptolemy.moml.MoMLSimpleApplication@87c6b61
----------------- Done invoking toplevel() on ptolemy.moml.MoMLSimpleApplication@87c6b61
reloadAllAccessors: .Multiplexor

===========================================================================================
----------------- testing Mon Dec 06 02:08:52 UTC 2021 /home/travis/build/icyphy/ptII/ptolemy/actor/lib/test/auto/Multiplexor1.xml
----------------- Instantiating /home/travis/build/icyphy/ptII/ptolemy/actor/lib/test/auto/Multiplexor1.xml
2 ms. Memory: 659456K Free: 460391K (70%)
----------------- Invoking toplevel() on ptolemy.moml.MoMLSimpleApplication@10af9f50
----------------- Done invoking toplevel() on ptolemy.moml.MoMLSimpleApplication@10af9f50
reloadAllAccessors: .Multiplexor1

===========================================================================================
----------------- testing Mon Dec 06 02:08:52 UTC 2021 /home/travis/build/icyphy/ptII/ptolemy/actor/lib/test/auto/Multiplexor2.xml
----------------- Instantiating /home/travis/build/icyphy/ptII/ptolemy/actor/lib/test/auto/Multiplexor2.xml
5 ms. Memory: 659456K Free: 453767K (69%)
----------------- Invoking toplevel() on ptolemy.moml.MoMLSimpleApplication@eb5691d
----------------- Done invoking toplevel() on ptolemy.moml.MoMLSimpleApplication@eb5691d
reloadAllAccessors: .Multiplexor2

===========================================================================================
----------------- testing Mon Dec 06 02:08:52 UTC 2021 /home/travis/build/icyphy/ptII/ptolemy/actor/lib/test/auto/Multiplexor3.xml
----------------- Instantiating /home/travis/build/icyphy/ptII/ptolemy/actor/lib/test/auto/Multiplexor3.xml
2 ms. Memory: 659456K Free: 449671K (68%)
----------------- Invoking toplevel() on ptolemy.moml.MoMLSimpleApplication@75a627c8
----------------- Done invoking toplevel() on ptolemy.moml.MoMLSimpleApplication@75a627c8
reloadAllAccessors: .Multiplexor3

===========================================================================================
----------------- testing Mon Dec 06 02:08:52 UTC 2021 /home/travis/build/icyphy/ptII/ptolemy/actor/lib/test/auto/MultiplexorDE.xml
----------------- Instantiating /home/travis/build/icyphy/ptII/ptolemy/actor/lib/test/auto/MultiplexorDE.xml
2 ms. Memory: 659456K Free: 441983K (67%)
----------------- Invoking toplevel() on ptolemy.moml.MoMLSimpleApplication@60247e3a
----------------- Done invoking toplevel() on ptolemy.moml.MoMLSimpleApplication@60247e3a
reloadAllAccessors: .MultiplexorDE

===========================================================================================
----------------- testing Mon Dec 06 02:08:52 UTC 2021 /home/travis/build/icyphy/ptII/ptolemy/actor/lib/test/auto/MultiportBroadcastTest.xml
----------------- Instantiating /home/travis/build/icyphy/ptII/ptolemy/actor/lib/test/auto/MultiportBroadcastTest.xml
81 ms. Memory: 659456K Free: 435335K (66%)
----------------- Invoking toplevel() on ptolemy.moml.MoMLSimpleApplication@2bd7296d
----------------- Done invoking toplevel() on ptolemy.moml.MoMLSimpleApplication@2bd7296d
reloadAllAccessors: .MultiportBroadcastTest

===========================================================================================
----------------- testing Mon Dec 06 02:08:52 UTC 2021 /home/travis/build/icyphy/ptII/ptolemy/actor/lib/test/auto/MultiportOutHangDuringGetWidth.xml
----------------- Instantiating /home/travis/build/icyphy/ptII/ptolemy/actor/lib/test/auto/MultiportOutHangDuringGetWidth.xml
5 ms. Memory: 659456K Free: 423543K (64%)
----------------- Invoking toplevel() on ptolemy.moml.MoMLSimpleApplication@5fbc42ec
----------------- Done invoking toplevel() on ptolemy.moml.MoMLSimpleApplication@5fbc42ec
reloadAllAccessors: .MultiportOutHangDuringGetWidth

===========================================================================================
----------------- testing Mon Dec 06 02:08:52 UTC 2021 /home/travis/build/icyphy/ptII/ptolemy/actor/lib/test/auto/NilToken.xml
----------------- Instantiating /home/travis/build/icyphy/ptII/ptolemy/actor/lib/test/auto/NilToken.xml
1 ms. Memory: 659456K Free: 419461K (64%)
----------------- Invoking toplevel() on ptolemy.moml.MoMLSimpleApplication@7dcb5db3
----------------- Done invoking toplevel() on ptolemy.moml.MoMLSimpleApplication@7dcb5db3
reloadAllAccessors: .NilToken

===========================================================================================
----------------- testing Mon Dec 06 02:08:52 UTC 2021 /home/travis/build/icyphy/ptII/ptolemy/actor/lib/test/auto/NilTokenNonStrictTest.xml
----------------- Instantiating /home/travis/build/icyphy/ptII/ptolemy/actor/lib/test/auto/NilTokenNonStrictTest.xml
2 ms. Memory: 659456K Free: 414341K (63%)
----------------- Invoking toplevel() on ptolemy.moml.MoMLSimpleApplication@54b6a39
----------------- Done invoking toplevel() on ptolemy.moml.MoMLSimpleApplication@54b6a39
reloadAllAccessors: .NilTokenNonStrictTest

===========================================================================================
----------------- testing Mon Dec 06 02:08:52 UTC 2021 /home/travis/build/icyphy/ptII/ptolemy/actor/lib/test/auto/NilTokenRecord.xml
----------------- Instantiating /home/travis/build/icyphy/ptII/ptolemy/actor/lib/test/auto/NilTokenRecord.xml
10 ms. Memory: 659456K Free: 407687K (62%)
----------------- Invoking toplevel() on ptolemy.moml.MoMLSimpleApplication@fe70bb3
----------------- Done invoking toplevel() on ptolemy.moml.MoMLSimpleApplication@fe70bb3
reloadAllAccessors: .NilTokenRecord

===========================================================================================
----------------- testing Mon Dec 06 02:08:53 UTC 2021 /home/travis/build/icyphy/ptII/ptolemy/actor/lib/test/auto/NilTokenTypeTest.xml
----------------- Instantiating /home/travis/build/icyphy/ptII/ptolemy/actor/lib/test/auto/NilTokenTypeTest.xml
11 ms. Memory: 659456K Free: 397957K (60%)
----------------- Invoking toplevel() on ptolemy.moml.MoMLSimpleApplication@75f8041c
----------------- Done invoking toplevel() on ptolemy.moml.MoMLSimpleApplication@75f8041c
reloadAllAccessors: .NilTokenTypeTest

===========================================================================================
----------------- testing Mon Dec 06 02:08:53 UTC 2021 /home/travis/build/icyphy/ptII/ptolemy/actor/lib/test/auto/ObjectToken1.xml
----------------- Instantiating /home/travis/build/icyphy/ptII/ptolemy/actor/lib/test/auto/ObjectToken1.xml
3 ms. Memory: 659456K Free: 393861K (60%)
----------------- Invoking toplevel() on ptolemy.moml.MoMLSimpleApplication@2a2fb848
----------------- Done invoking toplevel() on ptolemy.moml.MoMLSimpleApplication@2a2fb848
reloadAllAccessors: .ObjectToken1

===========================================================================================
----------------- testing Mon Dec 06 02:08:53 UTC 2021 /home/travis/build/icyphy/ptII/ptolemy/actor/lib/test/auto/OrderedMerge.xml
----------------- Instantiating /home/travis/build/icyphy/ptII/ptolemy/actor/lib/test/auto/OrderedMerge.xml
15 ms. Memory: 659456K Free: 388231K (59%)
----------------- Invoking toplevel() on ptolemy.moml.MoMLSimpleApplication@26b6f611
----------------- Done invoking toplevel() on ptolemy.moml.MoMLSimpleApplication@26b6f611
reloadAllAccessors: .OrderedMerge

===========================================================================================
----------------- testing Mon Dec 06 02:08:53 UTC 2021 /home/travis/build/icyphy/ptII/ptolemy/actor/lib/test/auto/OrderedRecordDisassembler.xml
----------------- Instantiating /home/travis/build/icyphy/ptII/ptolemy/actor/lib/test/auto/OrderedRecordDisassembler.xml
3 ms. Memory: 659456K Free: 383111K (58%)
----------------- Invoking toplevel() on ptolemy.moml.MoMLSimpleApplication@3c084788
----------------- Done invoking toplevel() on ptolemy.moml.MoMLSimpleApplication@3c084788
reloadAllAccessors: .OrderedRecordDisassembler

===========================================================================================
----------------- testing Mon Dec 06 02:08:53 UTC 2021 /home/travis/build/icyphy/ptII/ptolemy/actor/lib/test/auto/OrderedRecordDisassembler2.xml
----------------- Instantiating /home/travis/build/icyphy/ptII/ptolemy/actor/lib/test/auto/OrderedRecordDisassembler2.xml
4 ms. Memory: 659456K Free: 375415K (57%)
----------------- Invoking toplevel() on ptolemy.moml.MoMLSimpleApplication@41c307fa
----------------- Done invoking toplevel() on ptolemy.moml.MoMLSimpleApplication@41c307fa
reloadAllAccessors: .OrderedRecordDisassembler2

===========================================================================================
----------------- testing Mon Dec 06 02:08:53 UTC 2021 /home/travis/build/icyphy/ptII/ptolemy/actor/lib/test/auto/OrderedRecordUpdater.xml
----------------- Instantiating /home/travis/build/icyphy/ptII/ptolemy/actor/lib/test/auto/OrderedRecordUpdater.xml
2 ms. Memory: 659456K Free: 370309K (56%)
----------------- Invoking toplevel() on ptolemy.moml.MoMLSimpleApplication@18a61eed
----------------- Done invoking toplevel() on ptolemy.moml.MoMLSimpleApplication@18a61eed
reloadAllAccessors: .RecordUpdater

===========================================================================================
----------------- testing Mon Dec 06 02:08:53 UTC 2021 /home/travis/build/icyphy/ptII/ptolemy/actor/lib/test/auto/OrderedRecordUpdater2.xml
----------------- Instantiating /home/travis/build/icyphy/ptII/ptolemy/actor/lib/test/auto/OrderedRecordUpdater2.xml
3 ms. Memory: 659456K Free: 365189K (55%)
----------------- Invoking toplevel() on ptolemy.moml.MoMLSimpleApplication@73b8c63e
----------------- Done invoking toplevel() on ptolemy.moml.MoMLSimpleApplication@73b8c63e
reloadAllAccessors: .RecordUpdater2

===========================================================================================
----------------- testing Mon Dec 06 02:08:53 UTC 2021 /home/travis/build/icyphy/ptII/ptolemy/actor/lib/test/auto/PhaseUnwrap.xml
----------------- Instantiating /home/travis/build/icyphy/ptII/ptolemy/actor/lib/test/auto/PhaseUnwrap.xml
1 ms. Memory: 659456K Free: 360069K (55%)
----------------- Invoking toplevel() on ptolemy.moml.MoMLSimpleApplication@30fe4c3a
----------------- Done invoking toplevel() on ptolemy.moml.MoMLSimpleApplication@30fe4c3a
reloadAllAccessors: .PhaseUnwrap

===========================================================================================
----------------- testing Mon Dec 06 02:08:53 UTC 2021 /home/travis/build/icyphy/ptII/ptolemy/actor/lib/test/auto/PoissonClock.xml
----------------- Instantiating /home/travis/build/icyphy/ptII/ptolemy/actor/lib/test/auto/PoissonClock.xml
1 ms. Memory: 659456K Free: 355973K (54%)
----------------- Invoking toplevel() on ptolemy.moml.MoMLSimpleApplication@24e194a
----------------- Done invoking toplevel() on ptolemy.moml.MoMLSimpleApplication@24e194a
reloadAllAccessors: .PoissonClock

===========================================================================================
----------------- testing Mon Dec 06 02:08:53 UTC 2021 /home/travis/build/icyphy/ptII/ptolemy/actor/lib/test/auto/PoissonClock2.xml
----------------- Instantiating /home/travis/build/icyphy/ptII/ptolemy/actor/lib/test/auto/PoissonClock2.xml
1 ms. Memory: 659456K Free: 351367K (53%)
----------------- Invoking toplevel() on ptolemy.moml.MoMLSimpleApplication@aac5f7d
----------------- Done invoking toplevel() on ptolemy.moml.MoMLSimpleApplication@aac5f7d
reloadAllAccessors: .PoissonClock2

===========================================================================================
----------------- testing Mon Dec 06 02:08:53 UTC 2021 /home/travis/build/icyphy/ptII/ptolemy/actor/lib/test/auto/PoissonClock3.xml
----------------- Instantiating /home/travis/build/icyphy/ptII/ptolemy/actor/lib/test/auto/PoissonClock3.xml
1 ms. Memory: 659456K Free: 346757K (53%)
----------------- Invoking toplevel() on ptolemy.moml.MoMLSimpleApplication@2ca55a16
----------------- Done invoking toplevel() on ptolemy.moml.MoMLSimpleApplication@2ca55a16
reloadAllAccessors: .PoissonClock3

===========================================================================================
----------------- testing Mon Dec 06 02:08:53 UTC 2021 /home/travis/build/icyphy/ptII/ptolemy/actor/lib/test/auto/PubSubWithInitialTokens.xml
----------------- Instantiating /home/travis/build/icyphy/ptII/ptolemy/actor/lib/test/auto/PubSubWithInitialTokens.xml
2 ms. Memory: 659456K Free: 341127K (52%)
----------------- Invoking toplevel() on ptolemy.moml.MoMLSimpleApplication@14eeade2
----------------- Done invoking toplevel() on ptolemy.moml.MoMLSimpleApplication@14eeade2
reloadAllAccessors: .PubSubWithInitialTokens

===========================================================================================
----------------- testing Mon Dec 06 02:08:53 UTC 2021 /home/travis/build/icyphy/ptII/ptolemy/actor/lib/test/auto/PubSubWithInitialTokens2.xml
----------------- Instantiating /home/travis/build/icyphy/ptII/ptolemy/actor/lib/test/auto/PubSubWithInitialTokens2.xml
2 ms. Memory: 659456K Free: 334983K (51%)
----------------- Invoking toplevel() on ptolemy.moml.MoMLSimpleApplication@6794012c
----------------- Done invoking toplevel() on ptolemy.moml.MoMLSimpleApplication@6794012c
reloadAllAccessors: .PubSubWithInitialTokens2

===========================================================================================
----------------- testing Mon Dec 06 02:08:53 UTC 2021 /home/travis/build/icyphy/ptII/ptolemy/actor/lib/test/auto/PublisherClassNoParameter.xml
----------------- Instantiating /home/travis/build/icyphy/ptII/ptolemy/actor/lib/test/auto/PublisherClassNoParameter.xml
3 ms. Memory: 659456K Free: 325253K (49%)
----------------- Invoking toplevel() on ptolemy.moml.MoMLSimpleApplication@23ef8582
----------------- Done invoking toplevel() on ptolemy.moml.MoMLSimpleApplication@23ef8582
reloadAllAccessors: .PublisherClassNoParameter

===========================================================================================
----------------- testing Mon Dec 06 02:08:53 UTC 2021 /home/travis/build/icyphy/ptII/ptolemy/actor/lib/test/auto/PublisherClassParameter.xml
----------------- Instantiating /home/travis/build/icyphy/ptII/ptolemy/actor/lib/test/auto/PublisherClassParameter.xml
2 ms. Memory: 659456K Free: 314503K (48%)
----------------- Invoking toplevel() on ptolemy.moml.MoMLSimpleApplication@5611b2c5
----------------- Done invoking toplevel() on ptolemy.moml.MoMLSimpleApplication@5611b2c5
reloadAllAccessors: .PublisherClassParameter

===========================================================================================
----------------- testing Mon Dec 06 02:08:53 UTC 2021 /home/travis/build/icyphy/ptII/ptolemy/actor/lib/test/auto/PublisherNonStrictTest.xml
----------------- Instantiating /home/travis/build/icyphy/ptII/ptolemy/actor/lib/test/auto/PublisherNonStrictTest.xml
2 ms. Memory: 659456K Free: 306815K (47%)
----------------- Invoking toplevel() on ptolemy.moml.MoMLSimpleApplication@3d37e975
----------------- Done invoking toplevel() on ptolemy.moml.MoMLSimpleApplication@3d37e975
reloadAllAccessors: .PublisherNonStrictTest

===========================================================================================
----------------- testing Mon Dec 06 02:08:53 UTC 2021 /home/travis/build/icyphy/ptII/ptolemy/actor/lib/test/auto/PublisherPort1.xml
----------------- Instantiating /home/travis/build/icyphy/ptII/ptolemy/actor/lib/test/auto/PublisherPort1.xml
2 ms. Memory: 659456K Free: 301191K (46%)
----------------- Invoking toplevel() on ptolemy.moml.MoMLSimpleApplication@651180c
----------------- Done invoking toplevel() on ptolemy.moml.MoMLSimpleApplication@651180c
reloadAllAccessors: .PublisherPort1

===========================================================================================
----------------- testing Mon Dec 06 02:08:53 UTC 2021 /home/travis/build/icyphy/ptII/ptolemy/actor/lib/test/auto/PublisherPort2.xml
----------------- Instantiating /home/travis/build/icyphy/ptII/ptolemy/actor/lib/test/auto/PublisherPort2.xml
1 ms. Memory: 659456K Free: 296071K (45%)
----------------- Invoking toplevel() on ptolemy.moml.MoMLSimpleApplication@75fcd9ce
----------------- Done invoking toplevel() on ptolemy.moml.MoMLSimpleApplication@75fcd9ce
reloadAllAccessors: .PublisherPort2

===========================================================================================
----------------- testing Mon Dec 06 02:08:53 UTC 2021 /home/travis/build/icyphy/ptII/ptolemy/actor/lib/test/auto/PublisherPort3.xml
----------------- Instantiating /home/travis/build/icyphy/ptII/ptolemy/actor/lib/test/auto/PublisherPort3.xml
10 ms. Memory: 659456K Free: 288903K (44%)
----------------- Invoking toplevel() on ptolemy.moml.MoMLSimpleApplication@7ddcb33c
----------------- Done invoking toplevel() on ptolemy.moml.MoMLSimpleApplication@7ddcb33c
reloadAllAccessors: .PublisherPort3

===========================================================================================
----------------- testing Mon Dec 06 02:08:53 UTC 2021 /home/travis/build/icyphy/ptII/ptolemy/actor/lib/test/auto/PublisherPort4.xml
----------------- Instantiating /home/travis/build/icyphy/ptII/ptolemy/actor/lib/test/auto/PublisherPort4.xml
2 ms. Memory: 659456K Free: 283255K (43%)
----------------- Invoking toplevel() on ptolemy.moml.MoMLSimpleApplication@6648d04
----------------- Done invoking toplevel() on ptolemy.moml.MoMLSimpleApplication@6648d04
reloadAllAccessors: .PublisherPort4

===========================================================================================
----------------- testing Mon Dec 06 02:08:53 UTC 2021 /home/travis/build/icyphy/ptII/ptolemy/actor/lib/test/auto/PublisherPort5.xml
----------------- Instantiating /home/travis/build/icyphy/ptII/ptolemy/actor/lib/test/auto/PublisherPort5.xml
3 ms. Memory: 659456K Free: 275591K (42%)
----------------- Invoking toplevel() on ptolemy.moml.MoMLSimpleApplication@6d92dee3
----------------- Done invoking toplevel() on ptolemy.moml.MoMLSimpleApplication@6d92dee3
reloadAllAccessors: .PublisherPort5

===========================================================================================
----------------- testing Mon Dec 06 02:08:53 UTC 2021 /home/travis/build/icyphy/ptII/ptolemy/actor/lib/test/auto/PublisherPort5LookAlike.xml
----------------- Instantiating /home/travis/build/icyphy/ptII/ptolemy/actor/lib/test/auto/PublisherPort5LookAlike.xml
4 ms. Memory: 659456K Free: 267903K (41%)
----------------- Invoking toplevel() on ptolemy.moml.MoMLSimpleApplication@59eb3908
----------------- Done invoking toplevel() on ptolemy.moml.MoMLSimpleApplication@59eb3908
reloadAllAccessors: .PublisherPort5LookAlike

===========================================================================================
----------------- testing Mon Dec 06 02:08:53 UTC 2021 /home/travis/build/icyphy/ptII/ptolemy/actor/lib/test/auto/PublisherPort6.xml
----------------- Instantiating /home/travis/build/icyphy/ptII/ptolemy/actor/lib/test/auto/PublisherPort6.xml
1 ms. Memory: 659456K Free: 261255K (40%)
----------------- Invoking toplevel() on ptolemy.moml.MoMLSimpleApplication@33f0ac65
----------------- Done invoking toplevel() on ptolemy.moml.MoMLSimpleApplication@33f0ac65
reloadAllAccessors: .PublisherPort6

===========================================================================================
----------------- testing Mon Dec 06 02:08:53 UTC 2021 /home/travis/build/icyphy/ptII/ptolemy/actor/lib/test/auto/PublisherPort7.xml
----------------- Instantiating /home/travis/build/icyphy/ptII/ptolemy/actor/lib/test/auto/PublisherPort7.xml
3 ms. Memory: 659456K Free: 253573K (38%)
----------------- Invoking toplevel() on ptolemy.moml.MoMLSimpleApplication@70f01dee
----------------- Done invoking toplevel() on ptolemy.moml.MoMLSimpleApplication@70f01dee
reloadAllAccessors: .PublisherPort7

===========================================================================================
----------------- testing Mon Dec 06 02:08:53 UTC 2021 /home/travis/build/icyphy/ptII/ptolemy/actor/lib/test/auto/PublisherPort8.xml
----------------- Instantiating /home/travis/build/icyphy/ptII/ptolemy/actor/lib/test/auto/PublisherPort8.xml
3 ms. Memory: 659456K Free: 244871K (37%)
----------------- Invoking toplevel() on ptolemy.moml.MoMLSimpleApplication@2bc66504
----------------- Done invoking toplevel() on ptolemy.moml.MoMLSimpleApplication@2bc66504
reloadAllAccessors: .PublisherPort8

===========================================================================================
----------------- testing Mon Dec 06 02:08:53 UTC 2021 /home/travis/build/icyphy/ptII/ptolemy/actor/lib/test/auto/PublisherPortSubscriberChannelVariablesAOC2.xml
----------------- Instantiating /home/travis/build/icyphy/ptII/ptolemy/actor/lib/test/auto/PublisherPortSubscriberChannelVariablesAOC2.xml
36 ms. Memory: 659456K Free: 609324K (92%)
----------------- Invoking toplevel() on ptolemy.moml.MoMLSimpleApplication@586bfab5
----------------- Done invoking toplevel() on ptolemy.moml.MoMLSimpleApplication@586bfab5
reloadAllAccessors: .PublisherPortSubscriberChannelVariablesAOC2

===========================================================================================
----------------- testing Mon Dec 06 02:08:53 UTC 2021 /home/travis/build/icyphy/ptII/ptolemy/actor/lib/test/auto/PublisherPortSubscriberOpaqueWidthInference.xml
----------------- Instantiating /home/travis/build/icyphy/ptII/ptolemy/actor/lib/test/auto/PublisherPortSubscriberOpaqueWidthInference.xml
2 ms. Memory: 659456K Free: 600411K (91%)
----------------- Invoking toplevel() on ptolemy.moml.MoMLSimpleApplication@635a9b9b
----------------- Done invoking toplevel() on ptolemy.moml.MoMLSimpleApplication@635a9b9b
reloadAllAccessors: .PublisherPortSubscriberOpaqueWidthInference

===========================================================================================
----------------- testing Mon Dec 06 02:08:53 UTC 2021 /home/travis/build/icyphy/ptII/ptolemy/actor/lib/test/auto/PublisherPortSubscriberPortAdjacent.xml
----------------- Instantiating /home/travis/build/icyphy/ptII/ptolemy/actor/lib/test/auto/PublisherPortSubscriberPortAdjacent.xml
2 ms. Memory: 659456K Free: 592233K (90%)
----------------- Invoking toplevel() on ptolemy.moml.MoMLSimpleApplication@27957190
----------------- Done invoking toplevel() on ptolemy.moml.MoMLSimpleApplication@27957190
reloadAllAccessors: .PublisherPortSubscriberPortAdjacent

===========================================================================================
----------------- testing Mon Dec 06 02:08:53 UTC 2021 /home/travis/build/icyphy/ptII/ptolemy/actor/lib/test/auto/PublisherPortSubscriberPortExpression.xml
----------------- Instantiating /home/travis/build/icyphy/ptII/ptolemy/actor/lib/test/auto/PublisherPortSubscriberPortExpression.xml
3 ms. Memory: 659456K Free: 584555K (89%)
----------------- Invoking toplevel() on ptolemy.moml.MoMLSimpleApplication@8497144
----------------- Done invoking toplevel() on ptolemy.moml.MoMLSimpleApplication@8497144
reloadAllAccessors: .PublisherPortSubscriberPortExpression

===========================================================================================
----------------- testing Mon Dec 06 02:08:53 UTC 2021 /home/travis/build/icyphy/ptII/ptolemy/actor/lib/test/auto/PublisherPortSubscriberPortOpaqueD3Reverse.xml
----------------- Instantiating /home/travis/build/icyphy/ptII/ptolemy/actor/lib/test/auto/PublisherPortSubscriberPortOpaqueD3Reverse.xml
9 ms. Memory: 659456K Free: 574315K (87%)
----------------- Invoking toplevel() on ptolemy.moml.MoMLSimpleApplication@60fab18d
----------------- Done invoking toplevel() on ptolemy.moml.MoMLSimpleApplication@60fab18d
reloadAllAccessors: .PublisherPortSubscriberPortOpaqueD3Reverse

===========================================================================================
----------------- testing Mon Dec 06 02:08:53 UTC 2021 /home/travis/build/icyphy/ptII/ptolemy/actor/lib/test/auto/PublisherPortSubscriberPortOpaqueWidthInference.xml
----------------- Instantiating /home/travis/build/icyphy/ptII/ptolemy/actor/lib/test/auto/PublisherPortSubscriberPortOpaqueWidthInference.xml
3 ms. Memory: 659456K Free: 566619K (86%)
----------------- Invoking toplevel() on ptolemy.moml.MoMLSimpleApplication@2d2800c0
----------------- Done invoking toplevel() on ptolemy.moml.MoMLSimpleApplication@2d2800c0
reloadAllAccessors: .PublisherPortSubscriberPortOpaqueWidthInference

===========================================================================================
----------------- testing Mon Dec 06 02:08:53 UTC 2021 /home/travis/build/icyphy/ptII/ptolemy/actor/lib/test/auto/PublisherPortToplevelSubscriberPortAOC.xml
----------------- Instantiating /home/travis/build/icyphy/ptII/ptolemy/actor/lib/test/auto/PublisherPortToplevelSubscriberPortAOC.xml
.PublisherPortToplevelSubscriberPortAOC.TestExceptionAttribute: initialize() was not invoked, but wrapup() was.  This is unusual, but not always a problem.  For example, exporting JNLP will do this.
1 ms. Memory: 659456K Free: 560489K (85%)
----------------- Invoking toplevel() on ptolemy.moml.MoMLSimpleApplication@28906cfd
----------------- Done invoking toplevel() on ptolemy.moml.MoMLSimpleApplication@28906cfd
reloadAllAccessors: .PublisherPortToplevelSubscriberPortAOC

===========================================================================================
----------------- testing Mon Dec 06 02:08:53 UTC 2021 /home/travis/build/icyphy/ptII/ptolemy/actor/lib/test/auto/PublisherSubscriber.xml
----------------- Instantiating /home/travis/build/icyphy/ptII/ptolemy/actor/lib/test/auto/PublisherSubscriber.xml
2 ms. Memory: 659456K Free: 552267K (84%)
----------------- Invoking toplevel() on ptolemy.moml.MoMLSimpleApplication@5ae39fd
----------------- Done invoking toplevel() on ptolemy.moml.MoMLSimpleApplication@5ae39fd
reloadAllAccessors: .PublisherSubscriber

===========================================================================================
----------------- testing Mon Dec 06 02:08:53 UTC 2021 /home/travis/build/icyphy/ptII/ptolemy/actor/lib/test/auto/PublisherSubscriber10.xml
----------------- Instantiating /home/travis/build/icyphy/ptII/ptolemy/actor/lib/test/auto/PublisherSubscriber10.xml
5 ms. Memory: 659456K Free: 542571K (82%)
----------------- Invoking toplevel() on ptolemy.moml.MoMLSimpleApplication@512ad15f
----------------- Done invoking toplevel() on ptolemy.moml.MoMLSimpleApplication@512ad15f
reloadAllAccessors: .PublisherSubscriber10

===========================================================================================
----------------- testing Mon Dec 06 02:08:53 UTC 2021 /home/travis/build/icyphy/ptII/ptolemy/actor/lib/test/auto/PublisherSubscriber10InitialOutputs.xml
----------------- Instantiating /home/travis/build/icyphy/ptII/ptolemy/actor/lib/test/auto/PublisherSubscriber10InitialOutputs.xml
12 ms. Memory: 659456K Free: 533355K (81%)
----------------- Invoking toplevel() on ptolemy.moml.MoMLSimpleApplication@255a6d8d
----------------- Done invoking toplevel() on ptolemy.moml.MoMLSimpleApplication@255a6d8d
reloadAllAccessors: .PublisherSubscriber10InitialOutputs

===========================================================================================
----------------- testing Mon Dec 06 02:08:53 UTC 2021 /home/travis/build/icyphy/ptII/ptolemy/actor/lib/test/auto/PublisherSubscriber11.xml
----------------- Instantiating /home/travis/build/icyphy/ptII/ptolemy/actor/lib/test/auto/PublisherSubscriber11.xml
2 ms. Memory: 659456K Free: 527211K (80%)
----------------- Invoking toplevel() on ptolemy.moml.MoMLSimpleApplication@564575e0
----------------- Done invoking toplevel() on ptolemy.moml.MoMLSimpleApplication@564575e0
reloadAllAccessors: .PublisherSubscriber11

===========================================================================================
----------------- testing Mon Dec 06 02:08:53 UTC 2021 /home/travis/build/icyphy/ptII/ptolemy/actor/lib/test/auto/PublisherSubscriber12.xml
----------------- Instantiating /home/travis/build/icyphy/ptII/ptolemy/actor/lib/test/auto/PublisherSubscriber12.xml
4 ms. Memory: 659456K Free: 520043K (79%)
----------------- Invoking toplevel() on ptolemy.moml.MoMLSimpleApplication@15d2d223
----------------- Done invoking toplevel() on ptolemy.moml.MoMLSimpleApplication@15d2d223
reloadAllAccessors: .PublisherSubscriber12

===========================================================================================
----------------- testing Mon Dec 06 02:08:53 UTC 2021 /home/travis/build/icyphy/ptII/ptolemy/actor/lib/test/auto/PublisherSubscriber13.xml
----------------- Instantiating /home/travis/build/icyphy/ptII/ptolemy/actor/lib/test/auto/PublisherSubscriber13.xml
1 ms. Memory: 659456K Free: 514379K (78%)
----------------- Invoking toplevel() on ptolemy.moml.MoMLSimpleApplication@1e16fea8
----------------- Done invoking toplevel() on ptolemy.moml.MoMLSimpleApplication@1e16fea8
reloadAllAccessors: .PublisherSubscriber13

===========================================================================================
----------------- testing Mon Dec 06 02:08:53 UTC 2021 /home/travis/build/icyphy/ptII/ptolemy/actor/lib/test/auto/PublisherSubscriber14.xml
----------------- Instantiating /home/travis/build/icyphy/ptII/ptolemy/actor/lib/test/auto/PublisherSubscriber14.xml
2 ms. Memory: 659456K Free: 505179K (77%)
----------------- Invoking toplevel() on ptolemy.moml.MoMLSimpleApplication@62c964d2
----------------- Done invoking toplevel() on ptolemy.moml.MoMLSimpleApplication@62c964d2
reloadAllAccessors: .PublisherSubscriber14

===========================================================================================
----------------- testing Mon Dec 06 02:08:53 UTC 2021 /home/travis/build/icyphy/ptII/ptolemy/actor/lib/test/auto/PublisherSubscriber2.xml
----------------- Instantiating /home/travis/build/icyphy/ptII/ptolemy/actor/lib/test/auto/PublisherSubscriber2.xml
2 ms. Memory: 659456K Free: 499563K (76%)
----------------- Invoking toplevel() on ptolemy.moml.MoMLSimpleApplication@19f36181
----------------- Done invoking toplevel() on ptolemy.moml.MoMLSimpleApplication@19f36181
reloadAllAccessors: .PublisherSubscriber2

===========================================================================================
----------------- testing Mon Dec 06 02:08:53 UTC 2021 /home/travis/build/icyphy/ptII/ptolemy/actor/lib/test/auto/PublisherSubscriber3.xml
----------------- Instantiating /home/travis/build/icyphy/ptII/ptolemy/actor/lib/test/auto/PublisherSubscriber3.xml
1 ms. Memory: 659456K Free: 493899K (75%)
----------------- Invoking toplevel() on ptolemy.moml.MoMLSimpleApplication@b3c3651
----------------- Done invoking toplevel() on ptolemy.moml.MoMLSimpleApplication@b3c3651
reloadAllAccessors: .PublisherSubscriber3

===========================================================================================
----------------- testing Mon Dec 06 02:08:53 UTC 2021 /home/travis/build/icyphy/ptII/ptolemy/actor/lib/test/auto/PublisherSubscriber4.xml
----------------- Instantiating /home/travis/build/icyphy/ptII/ptolemy/actor/lib/test/auto/PublisherSubscriber4.xml
1 ms. Memory: 659456K Free: 488795K (74%)
----------------- Invoking toplevel() on ptolemy.moml.MoMLSimpleApplication@2afe2345
----------------- Done invoking toplevel() on ptolemy.moml.MoMLSimpleApplication@2afe2345
reloadAllAccessors: .PublisherSubscriber4

===========================================================================================
----------------- testing Mon Dec 06 02:08:53 UTC 2021 /home/travis/build/icyphy/ptII/ptolemy/actor/lib/test/auto/PublisherSubscriber5.xml
----------------- Instantiating /home/travis/build/icyphy/ptII/ptolemy/actor/lib/test/auto/PublisherSubscriber5.xml
2 ms. Memory: 659456K Free: 482155K (73%)
----------------- Invoking toplevel() on ptolemy.moml.MoMLSimpleApplication@4b12f004
----------------- Done invoking toplevel() on ptolemy.moml.MoMLSimpleApplication@4b12f004
reloadAllAccessors: .PublisherSubscriber5

===========================================================================================
----------------- testing Mon Dec 06 02:08:53 UTC 2021 /home/travis/build/icyphy/ptII/ptolemy/actor/lib/test/auto/PublisherSubscriber6.xml
----------------- Instantiating /home/travis/build/icyphy/ptII/ptolemy/actor/lib/test/auto/PublisherSubscriber6.xml
3 ms. Memory: 659456K Free: 475483K (72%)
----------------- Invoking toplevel() on ptolemy.moml.MoMLSimpleApplication@72e021b0
----------------- Done invoking toplevel() on ptolemy.moml.MoMLSimpleApplication@72e021b0
reloadAllAccessors: .PublisherSubscriber6

===========================================================================================
----------------- testing Mon Dec 06 02:08:53 UTC 2021 /home/travis/build/icyphy/ptII/ptolemy/actor/lib/test/auto/PublisherSubscriber7.xml
----------------- Instantiating /home/travis/build/icyphy/ptII/ptolemy/actor/lib/test/auto/PublisherSubscriber7.xml
8 ms. Memory: 659456K Free: 468843K (71%)
----------------- Invoking toplevel() on ptolemy.moml.MoMLSimpleApplication@6cacfca6
----------------- Done invoking toplevel() on ptolemy.moml.MoMLSimpleApplication@6cacfca6
reloadAllAccessors: .PublisherSubscriber7

===========================================================================================
----------------- testing Mon Dec 06 02:08:53 UTC 2021 /home/travis/build/icyphy/ptII/ptolemy/actor/lib/test/auto/PublisherSubscriber8.xml
----------------- Instantiating /home/travis/build/icyphy/ptII/ptolemy/actor/lib/test/auto/PublisherSubscriber8.xml
17 ms. Memory: 659456K Free: 457065K (69%)
----------------- Invoking toplevel() on ptolemy.moml.MoMLSimpleApplication@31e2623
----------------- Done invoking toplevel() on ptolemy.moml.MoMLSimpleApplication@31e2623
reloadAllAccessors: .PublisherSubscriber8

===========================================================================================
----------------- testing Mon Dec 06 02:08:53 UTC 2021 /home/travis/build/icyphy/ptII/ptolemy/actor/lib/test/auto/PublisherSubscriber9.xml
----------------- Instantiating /home/travis/build/icyphy/ptII/ptolemy/actor/lib/test/auto/PublisherSubscriber9.xml
2 ms. Memory: 659456K Free: 449897K (68%)
----------------- Invoking toplevel() on ptolemy.moml.MoMLSimpleApplication@71324cd6
----------------- Done invoking toplevel() on ptolemy.moml.MoMLSimpleApplication@71324cd6
reloadAllAccessors: .PublisherSubscriber9

===========================================================================================
----------------- testing Mon Dec 06 02:08:53 UTC 2021 /home/travis/build/icyphy/ptII/ptolemy/actor/lib/test/auto/PublisherSubscriberAdjacent.xml
----------------- Instantiating /home/travis/build/icyphy/ptII/ptolemy/actor/lib/test/auto/PublisherSubscriberAdjacent.xml
2 ms. Memory: 659456K Free: 441705K (67%)
----------------- Invoking toplevel() on ptolemy.moml.MoMLSimpleApplication@69b1189e
----------------- Done invoking toplevel() on ptolemy.moml.MoMLSimpleApplication@69b1189e
reloadAllAccessors: .PublisherSubscriberAdjacent

===========================================================================================
----------------- testing Mon Dec 06 02:08:53 UTC 2021 /home/travis/build/icyphy/ptII/ptolemy/actor/lib/test/auto/PublisherSubscriberChannelVariablesAOC2.xml
----------------- Instantiating /home/travis/build/icyphy/ptII/ptolemy/actor/lib/test/auto/PublisherSubscriberChannelVariablesAOC2.xml
3 ms. Memory: 659456K Free: 426859K (65%)
----------------- Invoking toplevel() on ptolemy.moml.MoMLSimpleApplication@1dd3a22d
----------------- Done invoking toplevel() on ptolemy.moml.MoMLSimpleApplication@1dd3a22d
reloadAllAccessors: .PublisherSubscriberChannelVariablesAOC2

===========================================================================================
----------------- testing Mon Dec 06 02:08:53 UTC 2021 /home/travis/build/icyphy/ptII/ptolemy/actor/lib/test/auto/PublisherSubscriberD3.xml
----------------- Instantiating /home/travis/build/icyphy/ptII/ptolemy/actor/lib/test/auto/PublisherSubscriberD3.xml
1 ms. Memory: 659456K Free: 419177K (64%)
----------------- Invoking toplevel() on ptolemy.moml.MoMLSimpleApplication@1f26406f
----------------- Done invoking toplevel() on ptolemy.moml.MoMLSimpleApplication@1f26406f
reloadAllAccessors: .PublisherSubscriberD3

===========================================================================================
----------------- testing Mon Dec 06 02:08:53 UTC 2021 /home/travis/build/icyphy/ptII/ptolemy/actor/lib/test/auto/PublisherSubscriberD3Reverse.xml
----------------- Instantiating /home/travis/build/icyphy/ptII/ptolemy/actor/lib/test/auto/PublisherSubscriberD3Reverse.xml
2 ms. Memory: 659456K Free: 413033K (63%)
----------------- Invoking toplevel() on ptolemy.moml.MoMLSimpleApplication@638207aa
----------------- Done invoking toplevel() on ptolemy.moml.MoMLSimpleApplication@638207aa
reloadAllAccessors: .PublisherSubscriberD3Reverse

===========================================================================================
----------------- testing Mon Dec 06 02:08:53 UTC 2021 /home/travis/build/icyphy/ptII/ptolemy/actor/lib/test/auto/PublisherSubscriberExpression.xml
----------------- Instantiating /home/travis/build/icyphy/ptII/ptolemy/actor/lib/test/auto/PublisherSubscriberExpression.xml
3 ms. Memory: 659456K Free: 404331K (61%)
----------------- Invoking toplevel() on ptolemy.moml.MoMLSimpleApplication@13edb3ca
----------------- Done invoking toplevel() on ptolemy.moml.MoMLSimpleApplication@13edb3ca
reloadAllAccessors: .PublisherSubscriberExpression

===========================================================================================
----------------- testing Mon Dec 06 02:08:54 UTC 2021 /home/travis/build/icyphy/ptII/ptolemy/actor/lib/test/auto/PublisherSubscriberOpaque.xml
----------------- Instantiating /home/travis/build/icyphy/ptII/ptolemy/actor/lib/test/auto/PublisherSubscriberOpaque.xml
2 ms. Memory: 659456K Free: 396139K (60%)
----------------- Invoking toplevel() on ptolemy.moml.MoMLSimpleApplication@d06bbac
----------------- Done invoking toplevel() on ptolemy.moml.MoMLSimpleApplication@d06bbac
reloadAllAccessors: .PublisherSubscriberOpaque

===========================================================================================
----------------- testing Mon Dec 06 02:08:54 UTC 2021 /home/travis/build/icyphy/ptII/ptolemy/actor/lib/test/auto/PublisherSubscriberOpaqueD3.xml
----------------- Instantiating /home/travis/build/icyphy/ptII/ptolemy/actor/lib/test/auto/PublisherSubscriberOpaqueD3.xml
5 ms. Memory: 659456K Free: 384361K (58%)
----------------- Invoking toplevel() on ptolemy.moml.MoMLSimpleApplication@6205f885
----------------- Done invoking toplevel() on ptolemy.moml.MoMLSimpleApplication@6205f885
reloadAllAccessors: .PublisherSubscriberOpaqueD3

===========================================================================================
----------------- testing Mon Dec 06 02:08:54 UTC 2021 /home/travis/build/icyphy/ptII/ptolemy/actor/lib/test/auto/PublisherSubscriberOpaqueD3Reverse.xml
----------------- Instantiating /home/travis/build/icyphy/ptII/ptolemy/actor/lib/test/auto/PublisherSubscriberOpaqueD3Reverse.xml
6 ms. Memory: 659456K Free: 373611K (57%)
----------------- Invoking toplevel() on ptolemy.moml.MoMLSimpleApplication@19f540f0
----------------- Done invoking toplevel() on ptolemy.moml.MoMLSimpleApplication@19f540f0
reloadAllAccessors: .PublisherSubscriberOpaqueD3Reverse

===========================================================================================
----------------- testing Mon Dec 06 02:08:54 UTC 2021 /home/travis/build/icyphy/ptII/ptolemy/actor/lib/test/auto/PublisherSubscriberOpaqueWidthInference.xml
----------------- Instantiating /home/travis/build/icyphy/ptII/ptolemy/actor/lib/test/auto/PublisherSubscriberOpaqueWidthInference.xml
4 ms. Memory: 659456K Free: 365419K (55%)
----------------- Invoking toplevel() on ptolemy.moml.MoMLSimpleApplication@316bbb4
----------------- Done invoking toplevel() on ptolemy.moml.MoMLSimpleApplication@316bbb4
reloadAllAccessors: .PublisherSubscriberOpaqueWidthInference

===========================================================================================
----------------- testing Mon Dec 06 02:08:54 UTC 2021 /home/travis/build/icyphy/ptII/ptolemy/actor/lib/test/auto/PublisherTestSubscriber.xml
----------------- Instantiating /home/travis/build/icyphy/ptII/ptolemy/actor/lib/test/auto/PublisherTestSubscriber.xml
2 ms. Memory: 659456K Free: 357731K (54%)
----------------- Invoking toplevel() on ptolemy.moml.MoMLSimpleApplication@331cf96d
----------------- Done invoking toplevel() on ptolemy.moml.MoMLSimpleApplication@331cf96d
reloadAllAccessors: .PublisherTestSubscriber

===========================================================================================
----------------- testing Mon Dec 06 02:08:54 UTC 2021 /home/travis/build/icyphy/ptII/ptolemy/actor/lib/test/auto/PublisherToplevelSubscriberPortAOC.xml
----------------- Instantiating /home/travis/build/icyphy/ptII/ptolemy/actor/lib/test/auto/PublisherToplevelSubscriberPortAOC.xml
2 ms. Memory: 659456K Free: 351563K (53%)
----------------- Invoking toplevel() on ptolemy.moml.MoMLSimpleApplication@5fecd579
----------------- Done invoking toplevel() on ptolemy.moml.MoMLSimpleApplication@5fecd579
reloadAllAccessors: .PublisherToplevelSubscriberPortAOC

===========================================================================================
----------------- testing Mon Dec 06 02:08:54 UTC 2021 /home/travis/build/icyphy/ptII/ptolemy/actor/lib/test/auto/PulseFiringLimitDE.xml
----------------- Instantiating /home/travis/build/icyphy/ptII/ptolemy/actor/lib/test/auto/PulseFiringLimitDE.xml
2 ms. Memory: 659456K Free: 344425K (52%)
----------------- Invoking toplevel() on ptolemy.moml.MoMLSimpleApplication@41718cb4
----------------- Done invoking toplevel() on ptolemy.moml.MoMLSimpleApplication@41718cb4
reloadAllAccessors: .PulseFiringLimitDE

===========================================================================================
----------------- testing Mon Dec 06 02:08:54 UTC 2021 /home/travis/build/icyphy/ptII/ptolemy/actor/lib/test/auto/Ramp1.xml
----------------- Instantiating /home/travis/build/icyphy/ptII/ptolemy/actor/lib/test/auto/Ramp1.xml
1 ms. Memory: 659456K Free: 340323K (52%)
----------------- Invoking toplevel() on ptolemy.moml.MoMLSimpleApplication@6816a989
----------------- Done invoking toplevel() on ptolemy.moml.MoMLSimpleApplication@6816a989
reloadAllAccessors: .Ramp1

===========================================================================================
----------------- testing Mon Dec 06 02:08:54 UTC 2021 /home/travis/build/icyphy/ptII/ptolemy/actor/lib/test/auto/RampFiringLimitDE.xml
----------------- Instantiating /home/travis/build/icyphy/ptII/ptolemy/actor/lib/test/auto/RampFiringLimitDE.xml
3 ms. Memory: 659456K Free: 334171K (51%)
----------------- Invoking toplevel() on ptolemy.moml.MoMLSimpleApplication@77dec239
----------------- Done invoking toplevel() on ptolemy.moml.MoMLSimpleApplication@77dec239
reloadAllAccessors: .RampFiringLimitDE

===========================================================================================
----------------- testing Mon Dec 06 02:08:54 UTC 2021 /home/travis/build/icyphy/ptII/ptolemy/actor/lib/test/auto/RampFiringLimitSDF.xml
----------------- Instantiating /home/travis/build/icyphy/ptII/ptolemy/actor/lib/test/auto/RampFiringLimitSDF.xml
1 ms. Memory: 659456K Free: 329051K (50%)
----------------- Invoking toplevel() on ptolemy.moml.MoMLSimpleApplication@364222c3
----------------- Done invoking toplevel() on ptolemy.moml.MoMLSimpleApplication@364222c3
reloadAllAccessors: .RampFiringLimitSDF

===========================================================================================
----------------- testing Mon Dec 06 02:08:54 UTC 2021 /home/travis/build/icyphy/ptII/ptolemy/actor/lib/test/auto/RandomInteger.xml
----------------- Instantiating /home/travis/build/icyphy/ptII/ptolemy/actor/lib/test/auto/RandomInteger.xml
1 ms. Memory: 659456K Free: 324969K (49%)
----------------- Invoking toplevel() on ptolemy.moml.MoMLSimpleApplication@3a358dc4
----------------- Done invoking toplevel() on ptolemy.moml.MoMLSimpleApplication@3a358dc4
reloadAllAccessors: .RandomInteger

===========================================================================================
----------------- testing Mon Dec 06 02:08:54 UTC 2021 /home/travis/build/icyphy/ptII/ptolemy/actor/lib/test/auto/ReadFile1.xml
----------------- Instantiating /home/travis/build/icyphy/ptII/ptolemy/actor/lib/test/auto/ReadFile1.xml
1 ms. Memory: 659456K Free: 320363K (49%)
----------------- Invoking toplevel() on ptolemy.moml.MoMLSimpleApplication@66534219
----------------- Done invoking toplevel() on ptolemy.moml.MoMLSimpleApplication@66534219
reloadAllAccessors: .ReadFile1

===========================================================================================
----------------- testing Mon Dec 06 02:08:54 UTC 2021 /home/travis/build/icyphy/ptII/ptolemy/actor/lib/test/auto/ReadFile2.xml
----------------- Instantiating /home/travis/build/icyphy/ptII/ptolemy/actor/lib/test/auto/ReadFile2.xml
1 ms. Memory: 659456K Free: 315753K (48%)
----------------- Invoking toplevel() on ptolemy.moml.MoMLSimpleApplication@308f4188
----------------- Done invoking toplevel() on ptolemy.moml.MoMLSimpleApplication@308f4188
reloadAllAccessors: .ReadFile2

===========================================================================================
----------------- testing Mon Dec 06 02:08:54 UTC 2021 /home/travis/build/icyphy/ptII/ptolemy/actor/lib/test/auto/Reader.xml
----------------- Instantiating /home/travis/build/icyphy/ptII/ptolemy/actor/lib/test/auto/Reader.xml
actor.lib.Reader is obsolete, use actor.lib.io.ExpressionReader instead
7 ms. Memory: 659456K Free: 311657K (47%)
----------------- Invoking toplevel() on ptolemy.moml.MoMLSimpleApplication@62626dd5
----------------- Done invoking toplevel() on ptolemy.moml.MoMLSimpleApplication@62626dd5
reloadAllAccessors: .Reader

===========================================================================================
----------------- testing Mon Dec 06 02:08:54 UTC 2021 /home/travis/build/icyphy/ptII/ptolemy/actor/lib/test/auto/RecordAssemblerDisplayNameTest.xml
----------------- Instantiating /home/travis/build/icyphy/ptII/ptolemy/actor/lib/test/auto/RecordAssemblerDisplayNameTest.xml
3463 ms. Memory: 659456K Free: 252039K (38%)
----------------- Invoking toplevel() on ptolemy.moml.MoMLSimpleApplication@504688d2
----------------- Done invoking toplevel() on ptolemy.moml.MoMLSimpleApplication@504688d2
reloadAllAccessors: .RecordAssemblerDisplayNameTest

===========================================================================================
----------------- testing Mon Dec 06 02:08:57 UTC 2021 /home/travis/build/icyphy/ptII/ptolemy/actor/lib/test/auto/RecordAssemblerTypeError.xml
----------------- Instantiating /home/travis/build/icyphy/ptII/ptolemy/actor/lib/test/auto/RecordAssemblerTypeError.xml
10 ms. Memory: 659456K Free: 242309K (37%)
----------------- Invoking toplevel() on ptolemy.moml.MoMLSimpleApplication@2f6a0f77
----------------- Done invoking toplevel() on ptolemy.moml.MoMLSimpleApplication@2f6a0f77
reloadAllAccessors: .RecordAssemblerTypeError

===========================================================================================
----------------- testing Mon Dec 06 02:08:57 UTC 2021 /home/travis/build/icyphy/ptII/ptolemy/actor/lib/test/auto/RecordDisassember.xml
----------------- Instantiating /home/travis/build/icyphy/ptII/ptolemy/actor/lib/test/auto/RecordDisassember.xml
7 ms. Memory: 659456K Free: 237703K (36%)
----------------- Invoking toplevel() on ptolemy.moml.MoMLSimpleApplication@e02a26a
----------------- Done invoking toplevel() on ptolemy.moml.MoMLSimpleApplication@e02a26a
reloadAllAccessors: .RecordDisassember

===========================================================================================
----------------- testing Mon Dec 06 02:08:57 UTC 2021 /home/travis/build/icyphy/ptII/ptolemy/actor/lib/test/auto/RecordDisassemberDisplayNameTest.xml
----------------- Instantiating /home/travis/build/icyphy/ptII/ptolemy/actor/lib/test/auto/RecordDisassemberDisplayNameTest.xml
4 ms. Memory: 659456K Free: 230021K (35%)
----------------- Invoking toplevel() on ptolemy.moml.MoMLSimpleApplication@bd9295
----------------- Done invoking toplevel() on ptolemy.moml.MoMLSimpleApplication@bd9295
reloadAllAccessors: .RecordDisassemberDisplayNameTest

===========================================================================================
----------------- testing Mon Dec 06 02:08:57 UTC 2021 /home/travis/build/icyphy/ptII/ptolemy/actor/lib/test/auto/RecordDisassembler.xml
----------------- Instantiating /home/travis/build/icyphy/ptII/ptolemy/actor/lib/test/auto/RecordDisassembler.xml
4 ms. Memory: 659456K Free: 606311K (92%)
----------------- Invoking toplevel() on ptolemy.moml.MoMLSimpleApplication@27e47f8
----------------- Done invoking toplevel() on ptolemy.moml.MoMLSimpleApplication@27e47f8
reloadAllAccessors: .RecordDisassembler

===========================================================================================
----------------- testing Mon Dec 06 02:08:57 UTC 2021 /home/travis/build/icyphy/ptII/ptolemy/actor/lib/test/auto/RecordDisassembler2.xml
----------------- Instantiating /home/travis/build/icyphy/ptII/ptolemy/actor/lib/test/auto/RecordDisassembler2.xml
2 ms. Memory: 659456K Free: 600711K (91%)
----------------- Invoking toplevel() on ptolemy.moml.MoMLSimpleApplication@12250c69
----------------- Done invoking toplevel() on ptolemy.moml.MoMLSimpleApplication@12250c69
reloadAllAccessors: .RecordDisassembler2

===========================================================================================
----------------- testing Mon Dec 06 02:08:57 UTC 2021 /home/travis/build/icyphy/ptII/ptolemy/actor/lib/test/auto/RecordUpdater.xml
----------------- Instantiating /home/travis/build/icyphy/ptII/ptolemy/actor/lib/test/auto/RecordUpdater.xml
1 ms. Memory: 659456K Free: 595591K (90%)
----------------- Invoking toplevel() on ptolemy.moml.MoMLSimpleApplication@3b7692f2
----------------- Done invoking toplevel() on ptolemy.moml.MoMLSimpleApplication@3b7692f2
reloadAllAccessors: .RecordUpdater

===========================================================================================
----------------- testing Mon Dec 06 02:08:57 UTC 2021 /home/travis/build/icyphy/ptII/ptolemy/actor/lib/test/auto/RecordUpdater2.xml
----------------- Instantiating /home/travis/build/icyphy/ptII/ptolemy/actor/lib/test/auto/RecordUpdater2.xml
2 ms. Memory: 659456K Free: 590471K (90%)
----------------- Invoking toplevel() on ptolemy.moml.MoMLSimpleApplication@6abc1c08
----------------- Done invoking toplevel() on ptolemy.moml.MoMLSimpleApplication@6abc1c08
reloadAllAccessors: .RecordUpdater2

===========================================================================================
----------------- testing Mon Dec 06 02:08:57 UTC 2021 /home/travis/build/icyphy/ptII/ptolemy/actor/lib/test/auto/RecursiveLattice.xml
----------------- Instantiating /home/travis/build/icyphy/ptII/ptolemy/actor/lib/test/auto/RecursiveLattice.xml
1 ms. Memory: 659456K Free: 586375K (89%)
----------------- Invoking toplevel() on ptolemy.moml.MoMLSimpleApplication@1a090da8
----------------- Done invoking toplevel() on ptolemy.moml.MoMLSimpleApplication@1a090da8
reloadAllAccessors: .RecursiveLattice

===========================================================================================
----------------- testing Mon Dec 06 02:08:57 UTC 2021 /home/travis/build/icyphy/ptII/ptolemy/actor/lib/test/auto/Router.xml
----------------- Instantiating /home/travis/build/icyphy/ptII/ptolemy/actor/lib/test/auto/Router.xml
3004 ms. Memory: 659456K Free: 575621K (87%)
----------------- Invoking toplevel() on ptolemy.moml.MoMLSimpleApplication@5f005da2
----------------- Done invoking toplevel() on ptolemy.moml.MoMLSimpleApplication@5f005da2
reloadAllAccessors: .Router

===========================================================================================
----------------- testing Mon Dec 06 02:09:00 UTC 2021 /home/travis/build/icyphy/ptII/ptolemy/actor/lib/test/auto/Router2.xml
----------------- Instantiating /home/travis/build/icyphy/ptII/ptolemy/actor/lib/test/auto/Router2.xml
3012 ms. Memory: 659456K Free: 564871K (86%)
----------------- Invoking toplevel() on ptolemy.moml.MoMLSimpleApplication@780d194d
----------------- Done invoking toplevel() on ptolemy.moml.MoMLSimpleApplication@780d194d
reloadAllAccessors: .Router2

===========================================================================================
----------------- testing Mon Dec 06 02:09:03 UTC 2021 /home/travis/build/icyphy/ptII/ptolemy/actor/lib/test/auto/RunningMaximum.xml
----------------- Instantiating /home/travis/build/icyphy/ptII/ptolemy/actor/lib/test/auto/RunningMaximum.xml
2 ms. Memory: 659456K Free: 560261K (85%)
----------------- Invoking toplevel() on ptolemy.moml.MoMLSimpleApplication@2e594f35
----------------- Done invoking toplevel() on ptolemy.moml.MoMLSimpleApplication@2e594f35
reloadAllAccessors: .RunningMaximum

===========================================================================================
----------------- testing Mon Dec 06 02:09:03 UTC 2021 /home/travis/build/icyphy/ptII/ptolemy/actor/lib/test/auto/RunningMinimum.xml
----------------- Instantiating /home/travis/build/icyphy/ptII/ptolemy/actor/lib/test/auto/RunningMinimum.xml
8 ms. Memory: 659456K Free: 555655K (84%)
----------------- Invoking toplevel() on ptolemy.moml.MoMLSimpleApplication@126921d1
----------------- Done invoking toplevel() on ptolemy.moml.MoMLSimpleApplication@126921d1
reloadAllAccessors: .RunningMinimum

===========================================================================================
----------------- testing Mon Dec 06 02:09:03 UTC 2021 /home/travis/build/icyphy/ptII/ptolemy/actor/lib/test/auto/Scale.xml
----------------- Instantiating /home/travis/build/icyphy/ptII/ptolemy/actor/lib/test/auto/Scale.xml
1 ms. Memory: 659456K Free: 551045K (84%)
----------------- Invoking toplevel() on ptolemy.moml.MoMLSimpleApplication@3b003fff
----------------- Done invoking toplevel() on ptolemy.moml.MoMLSimpleApplication@3b003fff
reloadAllAccessors: .Scale

===========================================================================================
----------------- testing Mon Dec 06 02:09:03 UTC 2021 /home/travis/build/icyphy/ptII/ptolemy/actor/lib/test/auto/Scale2.xml
----------------- Instantiating /home/travis/build/icyphy/ptII/ptolemy/actor/lib/test/auto/Scale2.xml
1 ms. Memory: 659456K Free: 546439K (83%)
----------------- Invoking toplevel() on ptolemy.moml.MoMLSimpleApplication@5a87840d
----------------- Done invoking toplevel() on ptolemy.moml.MoMLSimpleApplication@5a87840d
reloadAllAccessors: .Scale2

===========================================================================================
----------------- testing Mon Dec 06 02:09:03 UTC 2021 /home/travis/build/icyphy/ptII/ptolemy/actor/lib/test/auto/Scale3.xml
----------------- Instantiating /home/travis/build/icyphy/ptII/ptolemy/actor/lib/test/auto/Scale3.xml
7 ms. Memory: 659456K Free: 539781K (82%)
----------------- Invoking toplevel() on ptolemy.moml.MoMLSimpleApplication@551af5b4
----------------- Done invoking toplevel() on ptolemy.moml.MoMLSimpleApplication@551af5b4
reloadAllAccessors: .Scale3

===========================================================================================
----------------- testing Mon Dec 06 02:09:04 UTC 2021 /home/travis/build/icyphy/ptII/ptolemy/actor/lib/test/auto/ScaleArray.xml
----------------- Instantiating /home/travis/build/icyphy/ptII/ptolemy/actor/lib/test/auto/ScaleArray.xml
3 ms. Memory: 659456K Free: 535175K (81%)
----------------- Invoking toplevel() on ptolemy.moml.MoMLSimpleApplication@122e0323
----------------- Done invoking toplevel() on ptolemy.moml.MoMLSimpleApplication@122e0323
reloadAllAccessors: .ScaleArray

===========================================================================================
----------------- testing Mon Dec 06 02:09:04 UTC 2021 /home/travis/build/icyphy/ptII/ptolemy/actor/lib/test/auto/ScaleArray2.xml
----------------- Instantiating /home/travis/build/icyphy/ptII/ptolemy/actor/lib/test/auto/ScaleArray2.xml
2 ms. Memory: 659456K Free: 530565K (80%)
----------------- Invoking toplevel() on ptolemy.moml.MoMLSimpleApplication@393d63f8
----------------- Done invoking toplevel() on ptolemy.moml.MoMLSimpleApplication@393d63f8
reloadAllAccessors: .ScaleArray2

===========================================================================================
----------------- testing Mon Dec 06 02:09:04 UTC 2021 /home/travis/build/icyphy/ptII/ptolemy/actor/lib/test/auto/ScaleMatrix.xml
----------------- Instantiating /home/travis/build/icyphy/ptII/ptolemy/actor/lib/test/auto/ScaleMatrix.xml
159 ms. Memory: 659456K Free: 515205K (78%)
----------------- Invoking toplevel() on ptolemy.moml.MoMLSimpleApplication@2715378b
----------------- Done invoking toplevel() on ptolemy.moml.MoMLSimpleApplication@2715378b
reloadAllAccessors: .ScaleMatrix

===========================================================================================
----------------- testing Mon Dec 06 02:09:04 UTC 2021 /home/travis/build/icyphy/ptII/ptolemy/actor/lib/test/auto/Select.xml
----------------- Instantiating /home/travis/build/icyphy/ptII/ptolemy/actor/lib/test/auto/Select.xml
2 ms. Memory: 659456K Free: 509031K (77%)
----------------- Invoking toplevel() on ptolemy.moml.MoMLSimpleApplication@2c8d8a4c
----------------- Done invoking toplevel() on ptolemy.moml.MoMLSimpleApplication@2c8d8a4c
reloadAllAccessors: .Select

===========================================================================================
----------------- testing Mon Dec 06 02:09:04 UTC 2021 /home/travis/build/icyphy/ptII/ptolemy/actor/lib/test/auto/Select2.xml
----------------- Instantiating /home/travis/build/icyphy/ptII/ptolemy/actor/lib/test/auto/Select2.xml
1 ms. Memory: 659456K Free: 504455K (76%)
----------------- Invoking toplevel() on ptolemy.moml.MoMLSimpleApplication@7cd43fad
----------------- Done invoking toplevel() on ptolemy.moml.MoMLSimpleApplication@7cd43fad
reloadAllAccessors: .Select2

===========================================================================================
----------------- testing Mon Dec 06 02:09:04 UTC 2021 /home/travis/build/icyphy/ptII/ptolemy/actor/lib/test/auto/SequenceToArray2.xml
----------------- Instantiating /home/travis/build/icyphy/ptII/ptolemy/actor/lib/test/auto/SequenceToArray2.xml
89 ms. Memory: 659456K Free: 479879K (73%)
----------------- Invoking toplevel() on ptolemy.moml.MoMLSimpleApplication@7b799cd6
----------------- Done invoking toplevel() on ptolemy.moml.MoMLSimpleApplication@7b799cd6
reloadAllAccessors: .SequenceToArray2

===========================================================================================
----------------- testing Mon Dec 06 02:09:04 UTC 2021 /home/travis/build/icyphy/ptII/ptolemy/actor/lib/test/auto/SequentialClock.xml
----------------- Instantiating /home/travis/build/icyphy/ptII/ptolemy/actor/lib/test/auto/SequentialClock.xml
13 ms. Memory: 659456K Free: 475783K (72%)
----------------- Invoking toplevel() on ptolemy.moml.MoMLSimpleApplication@b932d4e
----------------- Done invoking toplevel() on ptolemy.moml.MoMLSimpleApplication@b932d4e
reloadAllAccessors: .SequentialClock

===========================================================================================
----------------- testing Mon Dec 06 02:09:04 UTC 2021 /home/travis/build/icyphy/ptII/ptolemy/actor/lib/test/auto/SetVariable.xml
----------------- Instantiating /home/travis/build/icyphy/ptII/ptolemy/actor/lib/test/auto/SetVariable.xml
5 ms. Memory: 659456K Free: 470663K (71%)
----------------- Invoking toplevel() on ptolemy.moml.MoMLSimpleApplication@277dae0
----------------- Done invoking toplevel() on ptolemy.moml.MoMLSimpleApplication@277dae0
reloadAllAccessors: .SetVariable

===========================================================================================
----------------- testing Mon Dec 06 02:09:04 UTC 2021 /home/travis/build/icyphy/ptII/ptolemy/actor/lib/test/auto/SetVariable2.xml
----------------- Instantiating /home/travis/build/icyphy/ptII/ptolemy/actor/lib/test/auto/SetVariable2.xml
1 ms. Memory: 659456K Free: 466053K (71%)
----------------- Invoking toplevel() on ptolemy.moml.MoMLSimpleApplication@72d95353
----------------- Done invoking toplevel() on ptolemy.moml.MoMLSimpleApplication@72d95353
reloadAllAccessors: .SetVariable2

===========================================================================================
----------------- testing Mon Dec 06 02:09:04 UTC 2021 /home/travis/build/icyphy/ptII/ptolemy/actor/lib/test/auto/SetVariable3.xml
----------------- Instantiating /home/travis/build/icyphy/ptII/ptolemy/actor/lib/test/auto/SetVariable3.xml
6 ms. Memory: 659456K Free: 460423K (70%)
----------------- Invoking toplevel() on ptolemy.moml.MoMLSimpleApplication@141ec1fe
----------------- Done invoking toplevel() on ptolemy.moml.MoMLSimpleApplication@141ec1fe
reloadAllAccessors: .SetVariable3

===========================================================================================
----------------- testing Mon Dec 06 02:09:04 UTC 2021 /home/travis/build/icyphy/ptII/ptolemy/actor/lib/test/auto/SetVariable4.xml
----------------- Instantiating /home/travis/build/icyphy/ptII/ptolemy/actor/lib/test/auto/SetVariable4.xml
22 ms. Memory: 659456K Free: 451205K (68%)
----------------- Invoking toplevel() on ptolemy.moml.MoMLSimpleApplication@2104c0b0
----------------- Done invoking toplevel() on ptolemy.moml.MoMLSimpleApplication@2104c0b0
reloadAllAccessors: .SetVariable4

===========================================================================================
----------------- testing Mon Dec 06 02:09:04 UTC 2021 /home/travis/build/icyphy/ptII/ptolemy/actor/lib/test/auto/SetVariable5.xml
----------------- Instantiating /home/travis/build/icyphy/ptII/ptolemy/actor/lib/test/auto/SetVariable5.xml
20 ms. Memory: 659456K Free: 441991K (67%)
----------------- Invoking toplevel() on ptolemy.moml.MoMLSimpleApplication@45d30a6c
----------------- Done invoking toplevel() on ptolemy.moml.MoMLSimpleApplication@45d30a6c
reloadAllAccessors: .SetVariable5

===========================================================================================
----------------- testing Mon Dec 06 02:09:04 UTC 2021 /home/travis/build/icyphy/ptII/ptolemy/actor/lib/test/auto/Sinewave.xml
----------------- Instantiating /home/travis/build/icyphy/ptII/ptolemy/actor/lib/test/auto/Sinewave.xml
5 ms. Memory: 659456K Free: 431237K (65%)
----------------- Invoking toplevel() on ptolemy.moml.MoMLSimpleApplication@578dba55
----------------- Done invoking toplevel() on ptolemy.moml.MoMLSimpleApplication@578dba55
reloadAllAccessors: .Sinewave

===========================================================================================
----------------- testing Mon Dec 06 02:09:04 UTC 2021 /home/travis/build/icyphy/ptII/ptolemy/actor/lib/test/auto/Sinewave2.xml
----------------- Instantiating /home/travis/build/icyphy/ptII/ptolemy/actor/lib/test/auto/Sinewave2.xml
9 ms. Memory: 659456K Free: 423045K (64%)
----------------- Invoking toplevel() on ptolemy.moml.MoMLSimpleApplication@9a2947a
----------------- Done invoking toplevel() on ptolemy.moml.MoMLSimpleApplication@9a2947a
reloadAllAccessors: .Sinewave2

===========================================================================================
----------------- testing Mon Dec 06 02:09:04 UTC 2021 /home/travis/build/icyphy/ptII/ptolemy/actor/lib/test/auto/Sinewave3.xml
----------------- Instantiating /home/travis/build/icyphy/ptII/ptolemy/actor/lib/test/auto/Sinewave3.xml
8 ms. Memory: 659456K Free: 414839K (63%)
----------------- Invoking toplevel() on ptolemy.moml.MoMLSimpleApplication@3c3892a7
----------------- Done invoking toplevel() on ptolemy.moml.MoMLSimpleApplication@3c3892a7
reloadAllAccessors: .Sinewave3

===========================================================================================
----------------- testing Mon Dec 06 02:09:04 UTC 2021 /home/travis/build/icyphy/ptII/ptolemy/actor/lib/test/auto/SingleEvent.xml
----------------- Instantiating /home/travis/build/icyphy/ptII/ptolemy/actor/lib/test/auto/SingleEvent.xml
1 ms. Memory: 659456K Free: 410247K (62%)
----------------- Invoking toplevel() on ptolemy.moml.MoMLSimpleApplication@2ade4afc
----------------- Done invoking toplevel() on ptolemy.moml.MoMLSimpleApplication@2ade4afc
reloadAllAccessors: .SingleEvent

===========================================================================================
----------------- testing Mon Dec 06 02:09:04 UTC 2021 /home/travis/build/icyphy/ptII/ptolemy/actor/lib/test/auto/Sleep.xml
----------------- Instantiating /home/travis/build/icyphy/ptII/ptolemy/actor/lib/test/auto/Sleep.xml
6002 ms. Memory: 659456K Free: 404613K (61%)
----------------- Invoking toplevel() on ptolemy.moml.MoMLSimpleApplication@5242e39
----------------- Done invoking toplevel() on ptolemy.moml.MoMLSimpleApplication@5242e39
reloadAllAccessors: .Sleep

===========================================================================================
----------------- testing Mon Dec 06 02:09:10 UTC 2021 /home/travis/build/icyphy/ptII/ptolemy/actor/lib/test/auto/SleepMultipleFire.xml
----------------- Instantiating /home/travis/build/icyphy/ptII/ptolemy/actor/lib/test/auto/SleepMultipleFire.xml
1004 ms. Memory: 659456K Free: 398983K (61%)
----------------- Invoking toplevel() on ptolemy.moml.MoMLSimpleApplication@cb326f1
----------------- Done invoking toplevel() on ptolemy.moml.MoMLSimpleApplication@cb326f1
reloadAllAccessors: .SleepMultipleFire

===========================================================================================
----------------- testing Mon Dec 06 02:09:11 UTC 2021 /home/travis/build/icyphy/ptII/ptolemy/actor/lib/test/auto/StopDE.xml
----------------- Instantiating /home/travis/build/icyphy/ptII/ptolemy/actor/lib/test/auto/StopDE.xml
3 ms. Memory: 659456K Free: 393349K (60%)
----------------- Invoking toplevel() on ptolemy.moml.MoMLSimpleApplication@78a42f0d
----------------- Done invoking toplevel() on ptolemy.moml.MoMLSimpleApplication@78a42f0d
reloadAllAccessors: .StopDE

===========================================================================================
----------------- testing Mon Dec 06 02:09:11 UTC 2021 /home/travis/build/icyphy/ptII/ptolemy/actor/lib/test/auto/StopSDF.xml
----------------- Instantiating /home/travis/build/icyphy/ptII/ptolemy/actor/lib/test/auto/StopSDF.xml
5 ms. Memory: 659456K Free: 388229K (59%)
----------------- Invoking toplevel() on ptolemy.moml.MoMLSimpleApplication@16bf2e89
----------------- Done invoking toplevel() on ptolemy.moml.MoMLSimpleApplication@16bf2e89
reloadAllAccessors: .StopSDF

===========================================================================================
----------------- testing Mon Dec 06 02:09:11 UTC 2021 /home/travis/build/icyphy/ptII/ptolemy/actor/lib/test/auto/StringConstant.xml
----------------- Instantiating /home/travis/build/icyphy/ptII/ptolemy/actor/lib/test/auto/StringConstant.xml
11 ms. Memory: 659456K Free: 383623K (58%)
----------------- Invoking toplevel() on ptolemy.moml.MoMLSimpleApplication@48a8d8ed
----------------- Done invoking toplevel() on ptolemy.moml.MoMLSimpleApplication@48a8d8ed
reloadAllAccessors: .StringConstant

===========================================================================================
----------------- testing Mon Dec 06 02:09:11 UTC 2021 /home/travis/build/icyphy/ptII/ptolemy/actor/lib/test/auto/SubscriberPortInitialValues1.xml
----------------- Instantiating /home/travis/build/icyphy/ptII/ptolemy/actor/lib/test/auto/SubscriberPortInitialValues1.xml
9 ms. Memory: 659456K Free: 374407K (57%)
----------------- Invoking toplevel() on ptolemy.moml.MoMLSimpleApplication@1490afcf
----------------- Done invoking toplevel() on ptolemy.moml.MoMLSimpleApplication@1490afcf
reloadAllAccessors: .SubscriberPortInitialValues1

===========================================================================================
----------------- testing Mon Dec 06 02:09:11 UTC 2021 /home/travis/build/icyphy/ptII/ptolemy/actor/lib/test/auto/SubscriberPortInitialValues13.xml
----------------- Instantiating /home/travis/build/icyphy/ptII/ptolemy/actor/lib/test/auto/SubscriberPortInitialValues13.xml
5 ms. Memory: 659456K Free: 361605K (55%)
----------------- Invoking toplevel() on ptolemy.moml.MoMLSimpleApplication@5e30d1b0
----------------- Done invoking toplevel() on ptolemy.moml.MoMLSimpleApplication@5e30d1b0
reloadAllAccessors: .SubscriberPortInitialValues13

===========================================================================================
----------------- testing Mon Dec 06 02:09:11 UTC 2021 /home/travis/build/icyphy/ptII/ptolemy/actor/lib/test/auto/SubscriberPortInitialValues14.xml
----------------- Instantiating /home/travis/build/icyphy/ptII/ptolemy/actor/lib/test/auto/SubscriberPortInitialValues14.xml
3 ms. Memory: 659456K Free: 353927K (54%)
----------------- Invoking toplevel() on ptolemy.moml.MoMLSimpleApplication@65f3d621
----------------- Done invoking toplevel() on ptolemy.moml.MoMLSimpleApplication@65f3d621
reloadAllAccessors: .SubscriberPortInitialValues14

===========================================================================================
----------------- testing Mon Dec 06 02:09:11 UTC 2021 /home/travis/build/icyphy/ptII/ptolemy/actor/lib/test/auto/SubscriberPortInitialValues2.xml
----------------- Instantiating /home/travis/build/icyphy/ptII/ptolemy/actor/lib/test/auto/SubscriberPortInitialValues2.xml
15 ms. Memory: 659456K Free: 346245K (53%)
----------------- Invoking toplevel() on ptolemy.moml.MoMLSimpleApplication@775f7dd3
----------------- Done invoking toplevel() on ptolemy.moml.MoMLSimpleApplication@775f7dd3
reloadAllAccessors: .SubscriberPortInitialValues2

===========================================================================================
----------------- testing Mon Dec 06 02:09:11 UTC 2021 /home/travis/build/icyphy/ptII/ptolemy/actor/lib/test/auto/SubscriberPortInitialValues3.xml
----------------- Instantiating /home/travis/build/icyphy/ptII/ptolemy/actor/lib/test/auto/SubscriberPortInitialValues3.xml
5 ms. Memory: 659456K Free: 335495K (51%)
----------------- Invoking toplevel() on ptolemy.moml.MoMLSimpleApplication@249890ee
----------------- Done invoking toplevel() on ptolemy.moml.MoMLSimpleApplication@249890ee
reloadAllAccessors: .SubscriberPortInitialValues3

===========================================================================================
----------------- testing Mon Dec 06 02:09:11 UTC 2021 /home/travis/build/icyphy/ptII/ptolemy/actor/lib/test/auto/SubscriptionAggregator.xml
----------------- Instantiating /home/travis/build/icyphy/ptII/ptolemy/actor/lib/test/auto/SubscriptionAggregator.xml
2 ms. Memory: 659456K Free: 328327K (50%)
----------------- Invoking toplevel() on ptolemy.moml.MoMLSimpleApplication@3b0630f6
----------------- Done invoking toplevel() on ptolemy.moml.MoMLSimpleApplication@3b0630f6
reloadAllAccessors: .SubscriptionAggregator

===========================================================================================
----------------- testing Mon Dec 06 02:09:11 UTC 2021 /home/travis/build/icyphy/ptII/ptolemy/actor/lib/test/auto/SubscriptionAggregator2.xml
----------------- Instantiating /home/travis/build/icyphy/ptII/ptolemy/actor/lib/test/auto/SubscriptionAggregator2.xml
2 ms. Memory: 659456K Free: 321159K (49%)
----------------- Invoking toplevel() on ptolemy.moml.MoMLSimpleApplication@4ceee104
----------------- Done invoking toplevel() on ptolemy.moml.MoMLSimpleApplication@4ceee104
reloadAllAccessors: .SubscriptionAggregator2

===========================================================================================
----------------- testing Mon Dec 06 02:09:11 UTC 2021 /home/travis/build/icyphy/ptII/ptolemy/actor/lib/test/auto/SubscriptionAggregator3.xml
----------------- Instantiating /home/travis/build/icyphy/ptII/ptolemy/actor/lib/test/auto/SubscriptionAggregator3.xml
3 ms. Memory: 659456K Free: 312447K (47%)
----------------- Invoking toplevel() on ptolemy.moml.MoMLSimpleApplication@2a3df2fa
----------------- Done invoking toplevel() on ptolemy.moml.MoMLSimpleApplication@2a3df2fa
reloadAllAccessors: .SubscriptionAggregator3

===========================================================================================
----------------- testing Mon Dec 06 02:09:11 UTC 2021 /home/travis/build/icyphy/ptII/ptolemy/actor/lib/test/auto/SubscriptionAggregatorMultiply.xml
----------------- Instantiating /home/travis/build/icyphy/ptII/ptolemy/actor/lib/test/auto/SubscriptionAggregatorMultiply.xml
2 ms. Memory: 659456K Free: 304255K (46%)
----------------- Invoking toplevel() on ptolemy.moml.MoMLSimpleApplication@18c8c5e9
----------------- Done invoking toplevel() on ptolemy.moml.MoMLSimpleApplication@18c8c5e9
reloadAllAccessors: .SubscriptionAggregatorMultiply

===========================================================================================
----------------- testing Mon Dec 06 02:09:11 UTC 2021 /home/travis/build/icyphy/ptII/ptolemy/actor/lib/test/auto/SubscriptionAggregatorPortMultiply1.xml
----------------- Instantiating /home/travis/build/icyphy/ptII/ptolemy/actor/lib/test/auto/SubscriptionAggregatorPortMultiply1.xml
3 ms. Memory: 659456K Free: 296069K (45%)
----------------- Invoking toplevel() on ptolemy.moml.MoMLSimpleApplication@34b4b7ea
----------------- Done invoking toplevel() on ptolemy.moml.MoMLSimpleApplication@34b4b7ea
reloadAllAccessors: .SubscriptionAggregatorPortMultiply1

===========================================================================================
----------------- testing Mon Dec 06 02:09:11 UTC 2021 /home/travis/build/icyphy/ptII/ptolemy/actor/lib/test/auto/Switch.xml
----------------- Instantiating /home/travis/build/icyphy/ptII/ptolemy/actor/lib/test/auto/Switch.xml
7 ms. Memory: 659456K Free: 287877K (44%)
----------------- Invoking toplevel() on ptolemy.moml.MoMLSimpleApplication@78a779d6
----------------- Done invoking toplevel() on ptolemy.moml.MoMLSimpleApplication@78a779d6
reloadAllAccessors: .Switch

===========================================================================================
----------------- testing Mon Dec 06 02:09:11 UTC 2021 /home/travis/build/icyphy/ptII/ptolemy/actor/lib/test/auto/Switch2.xml
----------------- Instantiating /home/travis/build/icyphy/ptII/ptolemy/actor/lib/test/auto/Switch2.xml
1 ms. Memory: 659456K Free: 282757K (43%)
----------------- Invoking toplevel() on ptolemy.moml.MoMLSimpleApplication@21cd4c89
----------------- Done invoking toplevel() on ptolemy.moml.MoMLSimpleApplication@21cd4c89
reloadAllAccessors: .Switch2

===========================================================================================
----------------- testing Mon Dec 06 02:09:11 UTC 2021 /home/travis/build/icyphy/ptII/ptolemy/actor/lib/test/auto/SwitchDE.xml
----------------- Instantiating /home/travis/build/icyphy/ptII/ptolemy/actor/lib/test/auto/SwitchDE.xml
3 ms. Memory: 659456K Free: 276583K (42%)
----------------- Invoking toplevel() on ptolemy.moml.MoMLSimpleApplication@644cd71f
----------------- Done invoking toplevel() on ptolemy.moml.MoMLSimpleApplication@644cd71f
reloadAllAccessors: .SwitchDE

===========================================================================================
----------------- testing Mon Dec 06 02:09:11 UTC 2021 /home/travis/build/icyphy/ptII/ptolemy/actor/lib/test/auto/SynchronizerDE.xml
----------------- Instantiating /home/travis/build/icyphy/ptII/ptolemy/actor/lib/test/auto/SynchronizerDE.xml
7 ms. Memory: 659456K Free: 268415K (41%)
----------------- Invoking toplevel() on ptolemy.moml.MoMLSimpleApplication@34740f3a
----------------- Done invoking toplevel() on ptolemy.moml.MoMLSimpleApplication@34740f3a
reloadAllAccessors: .SynchronizerDE

===========================================================================================
----------------- testing Mon Dec 06 02:09:11 UTC 2021 /home/travis/build/icyphy/ptII/ptolemy/actor/lib/test/auto/Test.xml
----------------- Instantiating /home/travis/build/icyphy/ptII/ptolemy/actor/lib/test/auto/Test.xml
9 ms. Memory: 659456K Free: 263287K (40%)
----------------- Invoking toplevel() on ptolemy.moml.MoMLSimpleApplication@21324bd1
----------------- Done invoking toplevel() on ptolemy.moml.MoMLSimpleApplication@21324bd1
reloadAllAccessors: .Test

===========================================================================================
----------------- testing Mon Dec 06 02:09:11 UTC 2021 /home/travis/build/icyphy/ptII/ptolemy/actor/lib/test/auto/TestExceptionAttribute1.xml
----------------- Instantiating /home/travis/build/icyphy/ptII/ptolemy/actor/lib/test/auto/TestExceptionAttribute1.xml
1 ms. Memory: 659456K Free: 259205K (39%)
----------------- Invoking toplevel() on ptolemy.moml.MoMLSimpleApplication@68128bd0
----------------- Done invoking toplevel() on ptolemy.moml.MoMLSimpleApplication@68128bd0
reloadAllAccessors: .TestExceptionAttribute1

===========================================================================================
----------------- testing Mon Dec 06 02:09:12 UTC 2021 /home/travis/build/icyphy/ptII/ptolemy/actor/lib/test/auto/TestExceptionAttribute2.xml
----------------- Instantiating /home/travis/build/icyphy/ptII/ptolemy/actor/lib/test/auto/TestExceptionAttribute2.xml
1 ms. Memory: 659456K Free: 255623K (39%)
----------------- Invoking toplevel() on ptolemy.moml.MoMLSimpleApplication@760f6296
----------------- Done invoking toplevel() on ptolemy.moml.MoMLSimpleApplication@760f6296
reloadAllAccessors: .TestExceptionAttribute2

===========================================================================================
----------------- testing Mon Dec 06 02:09:12 UTC 2021 /home/travis/build/icyphy/ptII/ptolemy/actor/lib/test/auto/TestExceptionAttribute3.xml
----------------- Instantiating /home/travis/build/icyphy/ptII/ptolemy/actor/lib/test/auto/TestExceptionAttribute3.xml
.TestExceptionAttribute3.TestExceptionAttribute: initialize() was not invoked, but wrapup() was.  This is unusual, but not always a problem.  For example, exporting JNLP will do this.
1 ms. Memory: 659456K Free: 252037K (38%)
----------------- Invoking toplevel() on ptolemy.moml.MoMLSimpleApplication@76999e6a
----------------- Done invoking toplevel() on ptolemy.moml.MoMLSimpleApplication@76999e6a
reloadAllAccessors: .TestExceptionAttribute3

===========================================================================================
----------------- testing Mon Dec 06 02:09:12 UTC 2021 /home/travis/build/icyphy/ptII/ptolemy/actor/lib/test/auto/TestExceptionAttribute4.xml
----------------- Instantiating /home/travis/build/icyphy/ptII/ptolemy/actor/lib/test/auto/TestExceptionAttribute4.xml
.TestExceptionAttribute4.TestExceptionAttribute: initialize() was not invoked, but wrapup() was.  This is unusual, but not always a problem.  For example, exporting JNLP will do this.
.TestExceptionAttribute4.TestExceptionAttribute2: initialize() was not invoked, but wrapup() was.  This is unusual, but not always a problem.  For example, exporting JNLP will do this.
1 ms. Memory: 659456K Free: 247941K (38%)
----------------- Invoking toplevel() on ptolemy.moml.MoMLSimpleApplication@68546482
----------------- Done invoking toplevel() on ptolemy.moml.MoMLSimpleApplication@68546482
reloadAllAccessors: .TestExceptionAttribute4

===========================================================================================
----------------- testing Mon Dec 06 02:09:12 UTC 2021 /home/travis/build/icyphy/ptII/ptolemy/actor/lib/test/auto/TestExceptionHandler1.xml
----------------- Instantiating /home/travis/build/icyphy/ptII/ptolemy/actor/lib/test/auto/TestExceptionHandler1.xml
0 ms. Memory: 659456K Free: 244359K (37%)
----------------- Invoking toplevel() on ptolemy.moml.MoMLSimpleApplication@7b170bf3
----------------- Done invoking toplevel() on ptolemy.moml.MoMLSimpleApplication@7b170bf3
reloadAllAccessors: .TestExceptionHandler1

===========================================================================================
----------------- testing Mon Dec 06 02:09:12 UTC 2021 /home/travis/build/icyphy/ptII/ptolemy/actor/lib/test/auto/TestExceptionHandler2.xml
----------------- Instantiating /home/travis/build/icyphy/ptII/ptolemy/actor/lib/test/auto/TestExceptionHandler2.xml
1 ms. Memory: 659456K Free: 240263K (36%)
----------------- Invoking toplevel() on ptolemy.moml.MoMLSimpleApplication@5defe895
----------------- Done invoking toplevel() on ptolemy.moml.MoMLSimpleApplication@5defe895
reloadAllAccessors: .TestExceptionHandler2

===========================================================================================
----------------- testing Mon Dec 06 02:09:12 UTC 2021 /home/travis/build/icyphy/ptII/ptolemy/actor/lib/test/auto/TestExceptionHandler3.xml
----------------- Instantiating /home/travis/build/icyphy/ptII/ptolemy/actor/lib/test/auto/TestExceptionHandler3.xml
0 ms. Memory: 659456K Free: 236677K (36%)
----------------- Invoking toplevel() on ptolemy.moml.MoMLSimpleApplication@4d4cc3c1
----------------- Done invoking toplevel() on ptolemy.moml.MoMLSimpleApplication@4d4cc3c1
reloadAllAccessors: .TestExceptionHandler3

===========================================================================================
----------------- testing Mon Dec 06 02:09:12 UTC 2021 /home/travis/build/icyphy/ptII/ptolemy/actor/lib/test/auto/TestExceptionHandler4.xml
----------------- Instantiating /home/travis/build/icyphy/ptII/ptolemy/actor/lib/test/auto/TestExceptionHandler4.xml
1 ms. Memory: 659456K Free: 232581K (35%)
----------------- Invoking toplevel() on ptolemy.moml.MoMLSimpleApplication@381e7189
----------------- Done invoking toplevel() on ptolemy.moml.MoMLSimpleApplication@381e7189
reloadAllAccessors: .TestExceptionHandler4

===========================================================================================
----------------- testing Mon Dec 06 02:09:12 UTC 2021 /home/travis/build/icyphy/ptII/ptolemy/actor/lib/test/auto/TestRequireCorrectOrder.xml
----------------- Instantiating /home/travis/build/icyphy/ptII/ptolemy/actor/lib/test/auto/TestRequireCorrectOrder.xml
36 ms. Memory: 659456K Free: 608856K (92%)
----------------- Invoking toplevel() on ptolemy.moml.MoMLSimpleApplication@320b0599
----------------- Done invoking toplevel() on ptolemy.moml.MoMLSimpleApplication@320b0599
reloadAllAccessors: .TestRequireCorrectOrder

===========================================================================================
----------------- testing Mon Dec 06 02:09:12 UTC 2021 /home/travis/build/icyphy/ptII/ptolemy/actor/lib/test/auto/TestSimple.xml
----------------- Instantiating /home/travis/build/icyphy/ptII/ptolemy/actor/lib/test/auto/TestSimple.xml
5 ms. Memory: 659456K Free: 603775K (92%)
----------------- Invoking toplevel() on ptolemy.moml.MoMLSimpleApplication@2743daf7
----------------- Done invoking toplevel() on ptolemy.moml.MoMLSimpleApplication@2743daf7
reloadAllAccessors: .TestSimple

===========================================================================================
----------------- testing Mon Dec 06 02:09:12 UTC 2021 /home/travis/build/icyphy/ptII/ptolemy/actor/lib/test/auto/ThrowModelError.xml
----------------- Instantiating /home/travis/build/icyphy/ptII/ptolemy/actor/lib/test/auto/ThrowModelError.xml
1 ms. Memory: 659456K Free: 598661K (91%)
----------------- Invoking toplevel() on ptolemy.moml.MoMLSimpleApplication@20a156e2
----------------- Done invoking toplevel() on ptolemy.moml.MoMLSimpleApplication@20a156e2
reloadAllAccessors: .ThrowModelError

===========================================================================================
----------------- testing Mon Dec 06 02:09:12 UTC 2021 /home/travis/build/icyphy/ptII/ptolemy/actor/lib/test/auto/TimeDelayMicrosteps.xml
----------------- Instantiating /home/travis/build/icyphy/ptII/ptolemy/actor/lib/test/auto/TimeDelayMicrosteps.xml
3 ms. Memory: 659456K Free: 592007K (90%)
----------------- Invoking toplevel() on ptolemy.moml.MoMLSimpleApplication@58e8d6a6
----------------- Done invoking toplevel() on ptolemy.moml.MoMLSimpleApplication@58e8d6a6
reloadAllAccessors: .TimeDelayMicrosteps

===========================================================================================
----------------- testing Mon Dec 06 02:09:12 UTC 2021 /home/travis/build/icyphy/ptII/ptolemy/actor/lib/test/auto/TimeDelayMicrosteps2.xml
----------------- Instantiating /home/travis/build/icyphy/ptII/ptolemy/actor/lib/test/auto/TimeDelayMicrosteps2.xml
2 ms. Memory: 659456K Free: 584839K (89%)
----------------- Invoking toplevel() on ptolemy.moml.MoMLSimpleApplication@7d19ec92
----------------- Done invoking toplevel() on ptolemy.moml.MoMLSimpleApplication@7d19ec92
reloadAllAccessors: .TimeDelayMicrosteps2

===========================================================================================
----------------- testing Mon Dec 06 02:09:12 UTC 2021 /home/travis/build/icyphy/ptII/ptolemy/actor/lib/test/auto/TimeDelayMicrosteps3.xml
----------------- Instantiating /home/travis/build/icyphy/ptII/ptolemy/actor/lib/test/auto/TimeDelayMicrosteps3.xml
2 ms. Memory: 659456K Free: 578151K (88%)
----------------- Invoking toplevel() on ptolemy.moml.MoMLSimpleApplication@fd83dff
----------------- Done invoking toplevel() on ptolemy.moml.MoMLSimpleApplication@fd83dff
reloadAllAccessors: .TimeDelayMicrosteps3

===========================================================================================
----------------- testing Mon Dec 06 02:09:12 UTC 2021 /home/travis/build/icyphy/ptII/ptolemy/actor/lib/test/auto/TimeDelayVariableMicrosteps.xml
----------------- Instantiating /home/travis/build/icyphy/ptII/ptolemy/actor/lib/test/auto/TimeDelayVariableMicrosteps.xml
3 ms. Memory: 659456K Free: 571013K (87%)
----------------- Invoking toplevel() on ptolemy.moml.MoMLSimpleApplication@c26774d
----------------- Done invoking toplevel() on ptolemy.moml.MoMLSimpleApplication@c26774d
reloadAllAccessors: .TimeDelayVariableMicrosteps

===========================================================================================
----------------- testing Mon Dec 06 02:09:12 UTC 2021 /home/travis/build/icyphy/ptII/ptolemy/actor/lib/test/auto/TimeGap.xml
----------------- Instantiating /home/travis/build/icyphy/ptII/ptolemy/actor/lib/test/auto/TimeGap.xml
2 ms. Memory: 659456K Free: 565887K (86%)
----------------- Invoking toplevel() on ptolemy.moml.MoMLSimpleApplication@349aec0
----------------- Done invoking toplevel() on ptolemy.moml.MoMLSimpleApplication@349aec0
reloadAllAccessors: .TimeGap

===========================================================================================
----------------- testing Mon Dec 06 02:09:12 UTC 2021 /home/travis/build/icyphy/ptII/ptolemy/actor/lib/test/auto/TimeGap2.xml
----------------- Instantiating /home/travis/build/icyphy/ptII/ptolemy/actor/lib/test/auto/TimeGap2.xml
1 ms. Memory: 659456K Free: 560263K (85%)
----------------- Invoking toplevel() on ptolemy.moml.MoMLSimpleApplication@774f5226
----------------- Done invoking toplevel() on ptolemy.moml.MoMLSimpleApplication@774f5226
reloadAllAccessors: .TimeGap2

===========================================================================================
----------------- testing Mon Dec 06 02:09:12 UTC 2021 /home/travis/build/icyphy/ptII/ptolemy/actor/lib/test/auto/TimedSinewave.xml
----------------- Instantiating /home/travis/build/icyphy/ptII/ptolemy/actor/lib/test/auto/TimedSinewave.xml
24 ms. Memory: 659456K Free: 545927K (83%)
----------------- Invoking toplevel() on ptolemy.moml.MoMLSimpleApplication@71cb2df2
----------------- Done invoking toplevel() on ptolemy.moml.MoMLSimpleApplication@71cb2df2
reloadAllAccessors: .TimedSinewave

===========================================================================================
----------------- testing Mon Dec 06 02:09:12 UTC 2021 /home/travis/build/icyphy/ptII/ptolemy/actor/lib/test/auto/TimedSinewavePhase.xml
----------------- Instantiating /home/travis/build/icyphy/ptII/ptolemy/actor/lib/test/auto/TimedSinewavePhase.xml
7 ms. Memory: 659456K Free: 535687K (81%)
----------------- Invoking toplevel() on ptolemy.moml.MoMLSimpleApplication@55afb2f8
----------------- Done invoking toplevel() on ptolemy.moml.MoMLSimpleApplication@55afb2f8
reloadAllAccessors: .TimedSinewavePhase

===========================================================================================
----------------- testing Mon Dec 06 02:09:12 UTC 2021 /home/travis/build/icyphy/ptII/ptolemy/actor/lib/test/auto/Timer.xml
----------------- Instantiating /home/travis/build/icyphy/ptII/ptolemy/actor/lib/test/auto/Timer.xml
3 ms. Memory: 659456K Free: 530047K (80%)
----------------- Invoking toplevel() on ptolemy.moml.MoMLSimpleApplication@7185e4db
----------------- Done invoking toplevel() on ptolemy.moml.MoMLSimpleApplication@7185e4db
reloadAllAccessors: .Timer

===========================================================================================
----------------- testing Mon Dec 06 02:09:12 UTC 2021 /home/travis/build/icyphy/ptII/ptolemy/actor/lib/test/auto/TriangularDistTestModel.xml
----------------- Instantiating /home/travis/build/icyphy/ptII/ptolemy/actor/lib/test/auto/TriangularDistTestModel.xml
2 ms. Memory: 659456K Free: 524423K (80%)
----------------- Invoking toplevel() on ptolemy.moml.MoMLSimpleApplication@35105e5d
----------------- Done invoking toplevel() on ptolemy.moml.MoMLSimpleApplication@35105e5d
reloadAllAccessors: .TriangularDistTestModel

===========================================================================================
----------------- testing Mon Dec 06 02:09:12 UTC 2021 /home/travis/build/icyphy/ptII/ptolemy/actor/lib/test/auto/TrigFunction.xml
----------------- Instantiating /home/travis/build/icyphy/ptII/ptolemy/actor/lib/test/auto/TrigFunction.xml
1 ms. Memory: 659456K Free: 519303K (79%)
----------------- Invoking toplevel() on ptolemy.moml.MoMLSimpleApplication@3653240b
----------------- Done invoking toplevel() on ptolemy.moml.MoMLSimpleApplication@3653240b
reloadAllAccessors: .TrigFunction

===========================================================================================
----------------- testing Mon Dec 06 02:09:12 UTC 2021 /home/travis/build/icyphy/ptII/ptolemy/actor/lib/test/auto/TrigFunctionDE.xml
----------------- Instantiating /home/travis/build/icyphy/ptII/ptolemy/actor/lib/test/auto/TrigFunctionDE.xml
2 ms. Memory: 659456K Free: 513159K (78%)
----------------- Invoking toplevel() on ptolemy.moml.MoMLSimpleApplication@4d01443a
----------------- Done invoking toplevel() on ptolemy.moml.MoMLSimpleApplication@4d01443a
reloadAllAccessors: .TrigFunctionDE

===========================================================================================
----------------- testing Mon Dec 06 02:09:12 UTC 2021 /home/travis/build/icyphy/ptII/ptolemy/actor/lib/test/auto/TrigFunctionInverse.xml
----------------- Instantiating /home/travis/build/icyphy/ptII/ptolemy/actor/lib/test/auto/TrigFunctionInverse.xml
3 ms. Memory: 659456K Free: 508039K (77%)
----------------- Invoking toplevel() on ptolemy.moml.MoMLSimpleApplication@247c5672
----------------- Done invoking toplevel() on ptolemy.moml.MoMLSimpleApplication@247c5672
reloadAllAccessors: .TrigFunctionInverse

===========================================================================================
----------------- testing Mon Dec 06 02:09:12 UTC 2021 /home/travis/build/icyphy/ptII/ptolemy/actor/lib/test/auto/TrigFunctionTan.xml
----------------- Instantiating /home/travis/build/icyphy/ptII/ptolemy/actor/lib/test/auto/TrigFunctionTan.xml
1 ms. Memory: 659456K Free: 503429K (76%)
----------------- Invoking toplevel() on ptolemy.moml.MoMLSimpleApplication@7ffea057
----------------- Done invoking toplevel() on ptolemy.moml.MoMLSimpleApplication@7ffea057
reloadAllAccessors: .TrigFunctionTan

===========================================================================================
----------------- testing Mon Dec 06 02:09:12 UTC 2021 /home/travis/build/icyphy/ptII/ptolemy/actor/lib/test/auto/TriggeredClock.xml
----------------- Instantiating /home/travis/build/icyphy/ptII/ptolemy/actor/lib/test/auto/TriggeredClock.xml
1 ms. Memory: 659456K Free: 497799K (75%)
----------------- Invoking toplevel() on ptolemy.moml.MoMLSimpleApplication@6118b992
----------------- Done invoking toplevel() on ptolemy.moml.MoMLSimpleApplication@6118b992
reloadAllAccessors: .TriggeredClock

===========================================================================================
----------------- testing Mon Dec 06 02:09:12 UTC 2021 /home/travis/build/icyphy/ptII/ptolemy/actor/lib/test/auto/URLDirectoryReader.xml
----------------- Instantiating /home/travis/build/icyphy/ptII/ptolemy/actor/lib/test/auto/URLDirectoryReader.xml
36 ms. Memory: 659456K Free: 489093K (74%)
----------------- Invoking toplevel() on ptolemy.moml.MoMLSimpleApplication@a984967
----------------- Done invoking toplevel() on ptolemy.moml.MoMLSimpleApplication@a984967
reloadAllAccessors: .URLDirectoryReader

===========================================================================================
----------------- testing Mon Dec 06 02:09:12 UTC 2021 /home/travis/build/icyphy/ptII/ptolemy/actor/lib/test/auto/URLDirectoryReader3.xml
----------------- Instantiating /home/travis/build/icyphy/ptII/ptolemy/actor/lib/test/auto/URLDirectoryReader3.xml
1364 ms. Memory: 659456K Free: 601224K (91%)
----------------- Invoking toplevel() on ptolemy.moml.MoMLSimpleApplication@de3ff2
----------------- Done invoking toplevel() on ptolemy.moml.MoMLSimpleApplication@de3ff2
reloadAllAccessors: .URLDirectoryReader3

===========================================================================================
----------------- testing Mon Dec 06 02:09:14 UTC 2021 /home/travis/build/icyphy/ptII/ptolemy/actor/lib/test/auto/UnaryMathFunction.xml
----------------- Instantiating /home/travis/build/icyphy/ptII/ptolemy/actor/lib/test/auto/UnaryMathFunction.xml
2 ms. Memory: 659456K Free: 593031K (90%)
----------------- Invoking toplevel() on ptolemy.moml.MoMLSimpleApplication@4f584fd8
----------------- Done invoking toplevel() on ptolemy.moml.MoMLSimpleApplication@4f584fd8
reloadAllAccessors: .UnaryMathFunction

===========================================================================================
----------------- testing Mon Dec 06 02:09:14 UTC 2021 /home/travis/build/icyphy/ptII/ptolemy/actor/lib/test/auto/Uniform.xml
----------------- Instantiating /home/travis/build/icyphy/ptII/ptolemy/actor/lib/test/auto/Uniform.xml
1 ms. Memory: 659456K Free: 588421K (89%)
----------------- Invoking toplevel() on ptolemy.moml.MoMLSimpleApplication@881ed6a
----------------- Done invoking toplevel() on ptolemy.moml.MoMLSimpleApplication@881ed6a
reloadAllAccessors: .Uniform

===========================================================================================
----------------- testing Mon Dec 06 02:09:14 UTC 2021 /home/travis/build/icyphy/ptII/ptolemy/actor/lib/test/auto/UnionDisassemblerTest.xml
----------------- Instantiating /home/travis/build/icyphy/ptII/ptolemy/actor/lib/test/auto/UnionDisassemblerTest.xml
11 ms. Memory: 659456K Free: 584839K (89%)
----------------- Invoking toplevel() on ptolemy.moml.MoMLSimpleApplication@38c38d15
----------------- Done invoking toplevel() on ptolemy.moml.MoMLSimpleApplication@38c38d15
reloadAllAccessors: .UnionDisassemblerTest

===========================================================================================
----------------- testing Mon Dec 06 02:09:14 UTC 2021 /home/travis/build/icyphy/ptII/ptolemy/actor/lib/test/auto/UtilityFunctions.xml
----------------- Instantiating /home/travis/build/icyphy/ptII/ptolemy/actor/lib/test/auto/UtilityFunctions.xml
1 ms. Memory: 659456K Free: 579205K (88%)
----------------- Invoking toplevel() on ptolemy.moml.MoMLSimpleApplication@2b18e028
----------------- Done invoking toplevel() on ptolemy.moml.MoMLSimpleApplication@2b18e028
reloadAllAccessors: .UtilityFunctions

===========================================================================================
----------------- testing Mon Dec 06 02:09:14 UTC 2021 /home/travis/build/icyphy/ptII/ptolemy/actor/lib/test/auto/VariableSleep.xml
----------------- Instantiating /home/travis/build/icyphy/ptII/ptolemy/actor/lib/test/auto/VariableSleep.xml
502 ms. Memory: 659456K Free: 574085K (87%)
----------------- Invoking toplevel() on ptolemy.moml.MoMLSimpleApplication@3863bf64
----------------- Done invoking toplevel() on ptolemy.moml.MoMLSimpleApplication@3863bf64
reloadAllAccessors: .VariableSleep

===========================================================================================
----------------- testing Mon Dec 06 02:09:14 UTC 2021 /home/travis/build/icyphy/ptII/ptolemy/actor/lib/test/auto/VectorAssemblerDisassemblerCT.xml
----------------- Instantiating /home/travis/build/icyphy/ptII/ptolemy/actor/lib/test/auto/VectorAssemblerDisassemblerCT.xml
48 ms. Memory: 659456K Free: 553605K (84%)
----------------- Invoking toplevel() on ptolemy.moml.MoMLSimpleApplication@350940e0
----------------- Done invoking toplevel() on ptolemy.moml.MoMLSimpleApplication@350940e0
reloadAllAccessors: .VectorAssemblerDisassemblerCT

===========================================================================================
----------------- testing Mon Dec 06 02:09:14 UTC 2021 /home/travis/build/icyphy/ptII/ptolemy/actor/lib/test/auto/VectorAssemblerDisassemblerDE.xml
----------------- Instantiating /home/travis/build/icyphy/ptII/ptolemy/actor/lib/test/auto/VectorAssemblerDisassemblerDE.xml
2 ms. Memory: 659456K Free: 545927K (83%)
----------------- Invoking toplevel() on ptolemy.moml.MoMLSimpleApplication@70c8a93a
----------------- Done invoking toplevel() on ptolemy.moml.MoMLSimpleApplication@70c8a93a
reloadAllAccessors: .VectorAssemblerDisassemblerDE

===========================================================================================
----------------- testing Mon Dec 06 02:09:14 UTC 2021 /home/travis/build/icyphy/ptII/ptolemy/actor/lib/test/auto/VectorAssemblerDisassemblerSDF.xml
----------------- Instantiating /home/travis/build/icyphy/ptII/ptolemy/actor/lib/test/auto/VectorAssemblerDisassemblerSDF.xml
2 ms. Memory: 659456K Free: 539269K (82%)
----------------- Invoking toplevel() on ptolemy.moml.MoMLSimpleApplication@4042c488
----------------- Done invoking toplevel() on ptolemy.moml.MoMLSimpleApplication@4042c488
reloadAllAccessors: .VectorAssemblerDisassemblerSDF

===========================================================================================
----------------- testing Mon Dec 06 02:09:14 UTC 2021 /home/travis/build/icyphy/ptII/ptolemy/actor/lib/test/auto/WallClockTime.xml
----------------- Instantiating /home/travis/build/icyphy/ptII/ptolemy/actor/lib/test/auto/WallClockTime.xml
1004 ms. Memory: 659456K Free: 534149K (81%)
----------------- Invoking toplevel() on ptolemy.moml.MoMLSimpleApplication@68101344
----------------- Done invoking toplevel() on ptolemy.moml.MoMLSimpleApplication@68101344
reloadAllAccessors: .WallClockTime

===========================================================================================
----------------- testing Mon Dec 06 02:09:15 UTC 2021 /home/travis/build/icyphy/ptII/ptolemy/actor/lib/test/auto/WidthTestWithSubscriberPublisher.xml
----------------- Instantiating /home/travis/build/icyphy/ptII/ptolemy/actor/lib/test/auto/WidthTestWithSubscriberPublisher.xml
7 ms. Memory: 659456K Free: 516231K (78%)
----------------- Invoking toplevel() on ptolemy.moml.MoMLSimpleApplication@2d861755
----------------- Done invoking toplevel() on ptolemy.moml.MoMLSimpleApplication@2d861755
reloadAllAccessors: .WidthTestWithSubscriberPublisher

===========================================================================================
----------------- testing Mon Dec 06 02:09:15 UTC 2021 /home/travis/build/icyphy/ptII/ptolemy/actor/lib/test/auto/WidthTestWithSubscriberPublisher2.xml
----------------- Instantiating /home/travis/build/icyphy/ptII/ptolemy/actor/lib/test/auto/WidthTestWithSubscriberPublisher2.xml
2 ms. Memory: 659456K Free: 509573K (77%)
----------------- Invoking toplevel() on ptolemy.moml.MoMLSimpleApplication@403322a
----------------- Done invoking toplevel() on ptolemy.moml.MoMLSimpleApplication@403322a
reloadAllAccessors: .WidthTestWithSubscriberPublisher2

===========================================================================================
----------------- testing Mon Dec 06 02:09:15 UTC 2021 /home/travis/build/icyphy/ptII/ptolemy/actor/lib/test/auto/WidthTestWithSubscriberPublisher3.xml
----------------- Instantiating /home/travis/build/icyphy/ptII/ptolemy/actor/lib/test/auto/WidthTestWithSubscriberPublisher3.xml
2 ms. Memory: 659456K Free: 503943K (76%)
----------------- Invoking toplevel() on ptolemy.moml.MoMLSimpleApplication@4bd3243d
----------------- Done invoking toplevel() on ptolemy.moml.MoMLSimpleApplication@4bd3243d
reloadAllAccessors: .WidthTestWithSubscriberPublisher3

===========================================================================================
----------------- testing Mon Dec 06 02:09:15 UTC 2021 /home/travis/build/icyphy/ptII/ptolemy/actor/lib/test/auto/Writer.xml
----------------- Instantiating /home/travis/build/icyphy/ptII/ptolemy/actor/lib/test/auto/Writer.xml
0
1
2
3
4
1 ms. Memory: 659456K Free: 499847K (76%)
----------------- Invoking toplevel() on ptolemy.moml.MoMLSimpleApplication@412f3a29
----------------- Done invoking toplevel() on ptolemy.moml.MoMLSimpleApplication@412f3a29
reloadAllAccessors: .Writer

===========================================================================================
----------------- testing Mon Dec 06 02:09:15 UTC 2021 /home/travis/build/icyphy/ptII/ptolemy/actor/lib/test/auto/array.xml
----------------- Instantiating /home/travis/build/icyphy/ptII/ptolemy/actor/lib/test/auto/array.xml
6 ms. Memory: 659456K Free: 494727K (75%)
----------------- Invoking toplevel() on ptolemy.moml.MoMLSimpleApplication@3064b9b6
----------------- Done invoking toplevel() on ptolemy.moml.MoMLSimpleApplication@3064b9b6
reloadAllAccessors: .array

===========================================================================================
----------------- testing Mon Dec 06 02:09:16 UTC 2021 /home/travis/build/icyphy/ptII/ptolemy/actor/lib/test/auto/array2.xml
----------------- Instantiating /home/travis/build/icyphy/ptII/ptolemy/actor/lib/test/auto/array2.xml
9 ms. Memory: 659456K Free: 489607K (74%)
----------------- Invoking toplevel() on ptolemy.moml.MoMLSimpleApplication@4b6173ce
----------------- Done invoking toplevel() on ptolemy.moml.MoMLSimpleApplication@4b6173ce
reloadAllAccessors: .array2

===========================================================================================
----------------- testing Mon Dec 06 02:09:16 UTC 2021 /home/travis/build/icyphy/ptII/ptolemy/actor/lib/test/auto/arrayType.xml
----------------- Instantiating /home/travis/build/icyphy/ptII/ptolemy/actor/lib/test/auto/arrayType.xml
1 ms. Memory: 659456K Free: 484487K (73%)
----------------- Invoking toplevel() on ptolemy.moml.MoMLSimpleApplication@c79c1af
----------------- Done invoking toplevel() on ptolemy.moml.MoMLSimpleApplication@c79c1af
reloadAllAccessors: .arrayType

===========================================================================================
----------------- testing Mon Dec 06 02:09:16 UTC 2021 /home/travis/build/icyphy/ptII/ptolemy/actor/lib/test/auto/arrayType10.xml
----------------- Instantiating /home/travis/build/icyphy/ptII/ptolemy/actor/lib/test/auto/arrayType10.xml
1 ms. Memory: 659456K Free: 479367K (73%)
----------------- Invoking toplevel() on ptolemy.moml.MoMLSimpleApplication@456bdd70
----------------- Done invoking toplevel() on ptolemy.moml.MoMLSimpleApplication@456bdd70
reloadAllAccessors: .arrayType10

===========================================================================================
----------------- testing Mon Dec 06 02:09:16 UTC 2021 /home/travis/build/icyphy/ptII/ptolemy/actor/lib/test/auto/arrayType11.xml
----------------- Instantiating /home/travis/build/icyphy/ptII/ptolemy/actor/lib/test/auto/arrayType11.xml
1 ms. Memory: 659456K Free: 474757K (72%)
----------------- Invoking toplevel() on ptolemy.moml.MoMLSimpleApplication@60dc13ae
----------------- Done invoking toplevel() on ptolemy.moml.MoMLSimpleApplication@60dc13ae
reloadAllAccessors: .arrayType11

===========================================================================================
----------------- testing Mon Dec 06 02:09:16 UTC 2021 /home/travis/build/icyphy/ptII/ptolemy/actor/lib/test/auto/arrayType12.xml
----------------- Instantiating /home/travis/build/icyphy/ptII/ptolemy/actor/lib/test/auto/arrayType12.xml
1 ms. Memory: 659456K Free: 470151K (71%)
----------------- Invoking toplevel() on ptolemy.moml.MoMLSimpleApplication@52271200
----------------- Done invoking toplevel() on ptolemy.moml.MoMLSimpleApplication@52271200
reloadAllAccessors: .arrayType12

===========================================================================================
----------------- testing Mon Dec 06 02:09:16 UTC 2021 /home/travis/build/icyphy/ptII/ptolemy/actor/lib/test/auto/arrayType13.xml
----------------- Instantiating /home/travis/build/icyphy/ptII/ptolemy/actor/lib/test/auto/arrayType13.xml
1 ms. Memory: 659456K Free: 464517K (70%)
----------------- Invoking toplevel() on ptolemy.moml.MoMLSimpleApplication@507e7d53
----------------- Done invoking toplevel() on ptolemy.moml.MoMLSimpleApplication@507e7d53
reloadAllAccessors: .arrayType13

===========================================================================================
----------------- testing Mon Dec 06 02:09:16 UTC 2021 /home/travis/build/icyphy/ptII/ptolemy/actor/lib/test/auto/arrayType14.xml
----------------- Instantiating /home/travis/build/icyphy/ptII/ptolemy/actor/lib/test/auto/arrayType14.xml
1 ms. Memory: 659456K Free: 459397K (70%)
----------------- Invoking toplevel() on ptolemy.moml.MoMLSimpleApplication@7970893e
----------------- Done invoking toplevel() on ptolemy.moml.MoMLSimpleApplication@7970893e
reloadAllAccessors: .arrayType14

===========================================================================================
----------------- testing Mon Dec 06 02:09:16 UTC 2021 /home/travis/build/icyphy/ptII/ptolemy/actor/lib/test/auto/arrayType15.xml
----------------- Instantiating /home/travis/build/icyphy/ptII/ptolemy/actor/lib/test/auto/arrayType15.xml
1 ms. Memory: 659456K Free: 454277K (69%)
----------------- Invoking toplevel() on ptolemy.moml.MoMLSimpleApplication@6f0ae48b
----------------- Done invoking toplevel() on ptolemy.moml.MoMLSimpleApplication@6f0ae48b
reloadAllAccessors: .arrayType15

===========================================================================================
----------------- testing Mon Dec 06 02:09:16 UTC 2021 /home/travis/build/icyphy/ptII/ptolemy/actor/lib/test/auto/arrayType16.xml
----------------- Instantiating /home/travis/build/icyphy/ptII/ptolemy/actor/lib/test/auto/arrayType16.xml
3 ms. Memory: 659456K Free: 448647K (68%)
----------------- Invoking toplevel() on ptolemy.moml.MoMLSimpleApplication@3a8de207
----------------- Done invoking toplevel() on ptolemy.moml.MoMLSimpleApplication@3a8de207
reloadAllAccessors: .arrayType16

===========================================================================================
----------------- testing Mon Dec 06 02:09:16 UTC 2021 /home/travis/build/icyphy/ptII/ptolemy/actor/lib/test/auto/arrayType17.xml
----------------- Instantiating /home/travis/build/icyphy/ptII/ptolemy/actor/lib/test/auto/arrayType17.xml
2 ms. Memory: 659456K Free: 443527K (67%)
----------------- Invoking toplevel() on ptolemy.moml.MoMLSimpleApplication@35b97ed7
----------------- Done invoking toplevel() on ptolemy.moml.MoMLSimpleApplication@35b97ed7
reloadAllAccessors: .arrayType17

===========================================================================================
----------------- testing Mon Dec 06 02:09:16 UTC 2021 /home/travis/build/icyphy/ptII/ptolemy/actor/lib/test/auto/arrayType18.xml
----------------- Instantiating /home/travis/build/icyphy/ptII/ptolemy/actor/lib/test/auto/arrayType18.xml
1 ms. Memory: 659456K Free: 438917K (67%)
----------------- Invoking toplevel() on ptolemy.moml.MoMLSimpleApplication@23f1d96b
----------------- Done invoking toplevel() on ptolemy.moml.MoMLSimpleApplication@23f1d96b
reloadAllAccessors: .arrayType18

===========================================================================================
----------------- testing Mon Dec 06 02:09:16 UTC 2021 /home/travis/build/icyphy/ptII/ptolemy/actor/lib/test/auto/arrayType19.xml
----------------- Instantiating /home/travis/build/icyphy/ptII/ptolemy/actor/lib/test/auto/arrayType19.xml
1 ms. Memory: 659456K Free: 433797K (66%)
----------------- Invoking toplevel() on ptolemy.moml.MoMLSimpleApplication@4d863666
----------------- Done invoking toplevel() on ptolemy.moml.MoMLSimpleApplication@4d863666
reloadAllAccessors: .arrayType19

===========================================================================================
----------------- testing Mon Dec 06 02:09:16 UTC 2021 /home/travis/build/icyphy/ptII/ptolemy/actor/lib/test/auto/arrayType2.xml
----------------- Instantiating /home/travis/build/icyphy/ptII/ptolemy/actor/lib/test/auto/arrayType2.xml
1 ms. Memory: 659456K Free: 428677K (65%)
----------------- Invoking toplevel() on ptolemy.moml.MoMLSimpleApplication@2f14b882
----------------- Done invoking toplevel() on ptolemy.moml.MoMLSimpleApplication@2f14b882
reloadAllAccessors: .arrayType2

===========================================================================================
----------------- testing Mon Dec 06 02:09:16 UTC 2021 /home/travis/build/icyphy/ptII/ptolemy/actor/lib/test/auto/arrayType20.xml
----------------- Instantiating /home/travis/build/icyphy/ptII/ptolemy/actor/lib/test/auto/arrayType20.xml
1 ms. Memory: 659456K Free: 423557K (64%)
----------------- Invoking toplevel() on ptolemy.moml.MoMLSimpleApplication@698fd739
----------------- Done invoking toplevel() on ptolemy.moml.MoMLSimpleApplication@698fd739
reloadAllAccessors: .arrayType20

===========================================================================================
----------------- testing Mon Dec 06 02:09:16 UTC 2021 /home/travis/build/icyphy/ptII/ptolemy/actor/lib/test/auto/arrayType21.xml
----------------- Instantiating /home/travis/build/icyphy/ptII/ptolemy/actor/lib/test/auto/arrayType21.xml
1 ms. Memory: 659456K Free: 418951K (64%)
----------------- Invoking toplevel() on ptolemy.moml.MoMLSimpleApplication@45efc234
----------------- Done invoking toplevel() on ptolemy.moml.MoMLSimpleApplication@45efc234
reloadAllAccessors: .arrayType21

===========================================================================================
----------------- testing Mon Dec 06 02:09:16 UTC 2021 /home/travis/build/icyphy/ptII/ptolemy/actor/lib/test/auto/arrayType22.xml
----------------- Instantiating /home/travis/build/icyphy/ptII/ptolemy/actor/lib/test/auto/arrayType22.xml
1 ms. Memory: 659456K Free: 414341K (63%)
----------------- Invoking toplevel() on ptolemy.moml.MoMLSimpleApplication@46a2bcbc
----------------- Done invoking toplevel() on ptolemy.moml.MoMLSimpleApplication@46a2bcbc
reloadAllAccessors: .arrayType22

===========================================================================================
----------------- testing Mon Dec 06 02:09:16 UTC 2021 /home/travis/build/icyphy/ptII/ptolemy/actor/lib/test/auto/arrayType23.xml
----------------- Instantiating /home/travis/build/icyphy/ptII/ptolemy/actor/lib/test/auto/arrayType23.xml
1 ms. Memory: 659456K Free: 409221K (62%)
----------------- Invoking toplevel() on ptolemy.moml.MoMLSimpleApplication@6a4957d
----------------- Done invoking toplevel() on ptolemy.moml.MoMLSimpleApplication@6a4957d
reloadAllAccessors: .arrayType23

===========================================================================================
----------------- testing Mon Dec 06 02:09:16 UTC 2021 /home/travis/build/icyphy/ptII/ptolemy/actor/lib/test/auto/arrayType24.xml
----------------- Instantiating /home/travis/build/icyphy/ptII/ptolemy/actor/lib/test/auto/arrayType24.xml
4 ms. Memory: 659456K Free: 404615K (61%)
----------------- Invoking toplevel() on ptolemy.moml.MoMLSimpleApplication@12992b2c
----------------- Done invoking toplevel() on ptolemy.moml.MoMLSimpleApplication@12992b2c
reloadAllAccessors: .arrayType24

===========================================================================================
----------------- testing Mon Dec 06 02:09:16 UTC 2021 /home/travis/build/icyphy/ptII/ptolemy/actor/lib/test/auto/arrayType25.xml
----------------- Instantiating /home/travis/build/icyphy/ptII/ptolemy/actor/lib/test/auto/arrayType25.xml
2 ms. Memory: 659456K Free: 399495K (61%)
----------------- Invoking toplevel() on ptolemy.moml.MoMLSimpleApplication@170e9643
----------------- Done invoking toplevel() on ptolemy.moml.MoMLSimpleApplication@170e9643
reloadAllAccessors: .arrayType25

===========================================================================================
----------------- testing Mon Dec 06 02:09:16 UTC 2021 /home/travis/build/icyphy/ptII/ptolemy/actor/lib/test/auto/arrayType26.xml
----------------- Instantiating /home/travis/build/icyphy/ptII/ptolemy/actor/lib/test/auto/arrayType26.xml
1 ms. Memory: 659456K Free: 393861K (60%)
----------------- Invoking toplevel() on ptolemy.moml.MoMLSimpleApplication@2261dbcc
----------------- Done invoking toplevel() on ptolemy.moml.MoMLSimpleApplication@2261dbcc
reloadAllAccessors: .arrayType26

===========================================================================================
----------------- testing Mon Dec 06 02:09:16 UTC 2021 /home/travis/build/icyphy/ptII/ptolemy/actor/lib/test/auto/arrayType27.xml
----------------- Instantiating /home/travis/build/icyphy/ptII/ptolemy/actor/lib/test/auto/arrayType27.xml
1 ms. Memory: 659456K Free: 388741K (59%)
----------------- Invoking toplevel() on ptolemy.moml.MoMLSimpleApplication@1e7f5490
----------------- Done invoking toplevel() on ptolemy.moml.MoMLSimpleApplication@1e7f5490
reloadAllAccessors: .arrayType27

===========================================================================================
----------------- testing Mon Dec 06 02:09:16 UTC 2021 /home/travis/build/icyphy/ptII/ptolemy/actor/lib/test/auto/arrayType28.xml
----------------- Instantiating /home/travis/build/icyphy/ptII/ptolemy/actor/lib/test/auto/arrayType28.xml
2 ms. Memory: 659456K Free: 383111K (58%)
----------------- Invoking toplevel() on ptolemy.moml.MoMLSimpleApplication@35ef1acd
----------------- Done invoking toplevel() on ptolemy.moml.MoMLSimpleApplication@35ef1acd
reloadAllAccessors: .arrayType28

===========================================================================================
----------------- testing Mon Dec 06 02:09:16 UTC 2021 /home/travis/build/icyphy/ptII/ptolemy/actor/lib/test/auto/arrayType3.xml
----------------- Instantiating /home/travis/build/icyphy/ptII/ptolemy/actor/lib/test/auto/arrayType3.xml
2 ms. Memory: 659456K Free: 377991K (57%)
----------------- Invoking toplevel() on ptolemy.moml.MoMLSimpleApplication@593701a3
----------------- Done invoking toplevel() on ptolemy.moml.MoMLSimpleApplication@593701a3
reloadAllAccessors: .arrayType3

===========================================================================================
----------------- testing Mon Dec 06 02:09:16 UTC 2021 /home/travis/build/icyphy/ptII/ptolemy/actor/lib/test/auto/arrayType4.xml
----------------- Instantiating /home/travis/build/icyphy/ptII/ptolemy/actor/lib/test/auto/arrayType4.xml
1 ms. Memory: 659456K Free: 372871K (57%)
----------------- Invoking toplevel() on ptolemy.moml.MoMLSimpleApplication@78dcb56
----------------- Done invoking toplevel() on ptolemy.moml.MoMLSimpleApplication@78dcb56
reloadAllAccessors: .arrayType4

===========================================================================================
----------------- testing Mon Dec 06 02:09:16 UTC 2021 /home/travis/build/icyphy/ptII/ptolemy/actor/lib/test/auto/arrayType5.xml
----------------- Instantiating /home/travis/build/icyphy/ptII/ptolemy/actor/lib/test/auto/arrayType5.xml
1 ms. Memory: 659456K Free: 367237K (56%)
----------------- Invoking toplevel() on ptolemy.moml.MoMLSimpleApplication@69d758cc
----------------- Done invoking toplevel() on ptolemy.moml.MoMLSimpleApplication@69d758cc
reloadAllAccessors: .arrayType5

===========================================================================================
----------------- testing Mon Dec 06 02:09:16 UTC 2021 /home/travis/build/icyphy/ptII/ptolemy/actor/lib/test/auto/arrayType6.xml
----------------- Instantiating /home/travis/build/icyphy/ptII/ptolemy/actor/lib/test/auto/arrayType6.xml
1 ms. Memory: 659456K Free: 362631K (55%)
----------------- Invoking toplevel() on ptolemy.moml.MoMLSimpleApplication@629f2de2
----------------- Done invoking toplevel() on ptolemy.moml.MoMLSimpleApplication@629f2de2
reloadAllAccessors: .arrayType6

===========================================================================================
----------------- testing Mon Dec 06 02:09:16 UTC 2021 /home/travis/build/icyphy/ptII/ptolemy/actor/lib/test/auto/arrayType7.xml
----------------- Instantiating /home/travis/build/icyphy/ptII/ptolemy/actor/lib/test/auto/arrayType7.xml
5 ms. Memory: 659456K Free: 357511K (54%)
----------------- Invoking toplevel() on ptolemy.moml.MoMLSimpleApplication@75bc672
----------------- Done invoking toplevel() on ptolemy.moml.MoMLSimpleApplication@75bc672
reloadAllAccessors: .arrayType7

===========================================================================================
----------------- testing Mon Dec 06 02:09:16 UTC 2021 /home/travis/build/icyphy/ptII/ptolemy/actor/lib/test/auto/arrayType8.xml
----------------- Instantiating /home/travis/build/icyphy/ptII/ptolemy/actor/lib/test/auto/arrayType8.xml
2 ms. Memory: 659456K Free: 352901K (54%)
----------------- Invoking toplevel() on ptolemy.moml.MoMLSimpleApplication@7fa686b5
----------------- Done invoking toplevel() on ptolemy.moml.MoMLSimpleApplication@7fa686b5
reloadAllAccessors: .arrayType8

===========================================================================================
----------------- testing Mon Dec 06 02:09:16 UTC 2021 /home/travis/build/icyphy/ptII/ptolemy/actor/lib/test/auto/arrayType9.xml
----------------- Instantiating /home/travis/build/icyphy/ptII/ptolemy/actor/lib/test/auto/arrayType9.xml
1 ms. Memory: 659456K Free: 348295K (53%)
----------------- Invoking toplevel() on ptolemy.moml.MoMLSimpleApplication@6605cbb5
----------------- Done invoking toplevel() on ptolemy.moml.MoMLSimpleApplication@6605cbb5
reloadAllAccessors: .arrayType9

===========================================================================================
----------------- testing Mon Dec 06 02:09:16 UTC 2021 /home/travis/build/icyphy/ptII/ptolemy/actor/lib/test/auto/cast.xml
----------------- Instantiating /home/travis/build/icyphy/ptII/ptolemy/actor/lib/test/auto/cast.xml
2 ms. Memory: 659456K Free: 343175K (52%)
----------------- Invoking toplevel() on ptolemy.moml.MoMLSimpleApplication@3dee7c4e
----------------- Done invoking toplevel() on ptolemy.moml.MoMLSimpleApplication@3dee7c4e
reloadAllAccessors: .cast

===========================================================================================
----------------- testing Mon Dec 06 02:09:16 UTC 2021 /home/travis/build/icyphy/ptII/ptolemy/actor/lib/test/auto/compositeMultiPort.xml
----------------- Instantiating /home/travis/build/icyphy/ptII/ptolemy/actor/lib/test/auto/compositeMultiPort.xml
3 ms. Memory: 659456K Free: 334439K (51%)
----------------- Invoking toplevel() on ptolemy.moml.MoMLSimpleApplication@3b6989c8
----------------- Done invoking toplevel() on ptolemy.moml.MoMLSimpleApplication@3b6989c8
reloadAllAccessors: .compositeMultiPort

===========================================================================================
----------------- testing Mon Dec 06 02:09:16 UTC 2021 /home/travis/build/icyphy/ptII/ptolemy/actor/lib/test/auto/expressionCastInference.xml
----------------- Instantiating /home/travis/build/icyphy/ptII/ptolemy/actor/lib/test/auto/expressionCastInference.xml
2 ms. Memory: 659456K Free: 329349K (50%)
----------------- Invoking toplevel() on ptolemy.moml.MoMLSimpleApplication@7f3f2e73
----------------- Done invoking toplevel() on ptolemy.moml.MoMLSimpleApplication@7f3f2e73
reloadAllAccessors: .expressionCastInference

===========================================================================================
----------------- testing Mon Dec 06 02:09:16 UTC 2021 /home/travis/build/icyphy/ptII/ptolemy/actor/lib/test/auto/expressionCastInference2.xml
----------------- Instantiating /home/travis/build/icyphy/ptII/ptolemy/actor/lib/test/auto/expressionCastInference2.xml
1 ms. Memory: 659456K Free: 324743K (49%)
----------------- Invoking toplevel() on ptolemy.moml.MoMLSimpleApplication@2f7e72f8
----------------- Done invoking toplevel() on ptolemy.moml.MoMLSimpleApplication@2f7e72f8
reloadAllAccessors: .expressionCastInference2

===========================================================================================
----------------- testing Mon Dec 06 02:09:16 UTC 2021 /home/travis/build/icyphy/ptII/ptolemy/actor/lib/test/auto/expressionInference.xml
----------------- Instantiating /home/travis/build/icyphy/ptII/ptolemy/actor/lib/test/auto/expressionInference.xml
1 ms. Memory: 659456K Free: 320647K (49%)
----------------- Invoking toplevel() on ptolemy.moml.MoMLSimpleApplication@3a5605c6
----------------- Done invoking toplevel() on ptolemy.moml.MoMLSimpleApplication@3a5605c6
reloadAllAccessors: .expressionInference

===========================================================================================
----------------- testing Mon Dec 06 02:09:16 UTC 2021 /home/travis/build/icyphy/ptII/ptolemy/actor/lib/test/auto/expression_bug.xml
----------------- Instantiating /home/travis/build/icyphy/ptII/ptolemy/actor/lib/test/auto/expression_bug.xml
1 ms. Memory: 659456K Free: 316037K (48%)
----------------- Invoking toplevel() on ptolemy.moml.MoMLSimpleApplication@54ab0e62
----------------- Done invoking toplevel() on ptolemy.moml.MoMLSimpleApplication@54ab0e62
reloadAllAccessors: .expression_bug

===========================================================================================
----------------- testing Mon Dec 06 02:09:16 UTC 2021 /home/travis/build/icyphy/ptII/ptolemy/actor/lib/test/auto/factorial.xml
----------------- Instantiating /home/travis/build/icyphy/ptII/ptolemy/actor/lib/test/auto/factorial.xml
39 ms. Memory: 659456K Free: 307845K (47%)
----------------- Invoking toplevel() on ptolemy.moml.MoMLSimpleApplication@56483d95
----------------- Done invoking toplevel() on ptolemy.moml.MoMLSimpleApplication@56483d95
reloadAllAccessors: .factorial

===========================================================================================
----------------- testing Mon Dec 06 02:09:16 UTC 2021 /home/travis/build/icyphy/ptII/ptolemy/actor/lib/test/auto/filterTest1.xml
----------------- Instantiating /home/travis/build/icyphy/ptII/ptolemy/actor/lib/test/auto/filterTest1.xml
3 ms. Memory: 659456K Free: 301687K (46%)
----------------- Invoking toplevel() on ptolemy.moml.MoMLSimpleApplication@737da418
----------------- Done invoking toplevel() on ptolemy.moml.MoMLSimpleApplication@737da418
reloadAllAccessors: .filterTest1

===========================================================================================
----------------- testing Mon Dec 06 02:09:16 UTC 2021 /home/travis/build/icyphy/ptII/ptolemy/actor/lib/test/auto/funcApplyInConst.xml
----------------- Instantiating /home/travis/build/icyphy/ptII/ptolemy/actor/lib/test/auto/funcApplyInConst.xml
1 ms. Memory: 659456K Free: 298119K (45%)
----------------- Invoking toplevel() on ptolemy.moml.MoMLSimpleApplication@11950b33
----------------- Done invoking toplevel() on ptolemy.moml.MoMLSimpleApplication@11950b33
reloadAllAccessors: .funcApplyInConst

===========================================================================================
----------------- testing Mon Dec 06 02:09:16 UTC 2021 /home/travis/build/icyphy/ptII/ptolemy/actor/lib/test/auto/funcApplyInExpr.xml
----------------- Instantiating /home/travis/build/icyphy/ptII/ptolemy/actor/lib/test/auto/funcApplyInExpr.xml
1 ms. Memory: 659456K Free: 294023K (45%)
----------------- Invoking toplevel() on ptolemy.moml.MoMLSimpleApplication@4ccf689
----------------- Done invoking toplevel() on ptolemy.moml.MoMLSimpleApplication@4ccf689
reloadAllAccessors: .funcApplyInExpr

===========================================================================================
----------------- testing Mon Dec 06 02:09:16 UTC 2021 /home/travis/build/icyphy/ptII/ptolemy/actor/lib/test/auto/function.xml
----------------- Instantiating /home/travis/build/icyphy/ptII/ptolemy/actor/lib/test/auto/function.xml
2 ms. Memory: 659456K Free: 289413K (44%)
----------------- Invoking toplevel() on ptolemy.moml.MoMLSimpleApplication@57707d13
----------------- Done invoking toplevel() on ptolemy.moml.MoMLSimpleApplication@57707d13
reloadAllAccessors: .function

===========================================================================================
----------------- testing Mon Dec 06 02:09:16 UTC 2021 /home/travis/build/icyphy/ptII/ptolemy/actor/lib/test/auto/function2.xml
----------------- Instantiating /home/travis/build/icyphy/ptII/ptolemy/actor/lib/test/auto/function2.xml
1 ms. Memory: 659456K Free: 284807K (43%)
----------------- Invoking toplevel() on ptolemy.moml.MoMLSimpleApplication@2ce009e7
----------------- Done invoking toplevel() on ptolemy.moml.MoMLSimpleApplication@2ce009e7
reloadAllAccessors: .function2

===========================================================================================
----------------- testing Mon Dec 06 02:09:16 UTC 2021 /home/travis/build/icyphy/ptII/ptolemy/actor/lib/test/auto/function3.xml
----------------- Instantiating /home/travis/build/icyphy/ptII/ptolemy/actor/lib/test/auto/function3.xml
1 ms. Memory: 659456K Free: 280711K (43%)
----------------- Invoking toplevel() on ptolemy.moml.MoMLSimpleApplication@527b1c65
----------------- Done invoking toplevel() on ptolemy.moml.MoMLSimpleApplication@527b1c65
reloadAllAccessors: .function3

===========================================================================================
----------------- testing Mon Dec 06 02:09:16 UTC 2021 /home/travis/build/icyphy/ptII/ptolemy/actor/lib/test/auto/functionClosureTest1.xml
----------------- Instantiating /home/travis/build/icyphy/ptII/ptolemy/actor/lib/test/auto/functionClosureTest1.xml
1 ms. Memory: 659456K Free: 275077K (42%)
----------------- Invoking toplevel() on ptolemy.moml.MoMLSimpleApplication@2edd5e7a
----------------- Done invoking toplevel() on ptolemy.moml.MoMLSimpleApplication@2edd5e7a
reloadAllAccessors: .functionClosureTest1

===========================================================================================
----------------- testing Mon Dec 06 02:09:16 UTC 2021 /home/travis/build/icyphy/ptII/ptolemy/actor/lib/test/auto/functionClosureTest2.xml
----------------- Instantiating /home/travis/build/icyphy/ptII/ptolemy/actor/lib/test/auto/functionClosureTest2.xml
1 ms. Memory: 659456K Free: 270981K (41%)
----------------- Invoking toplevel() on ptolemy.moml.MoMLSimpleApplication@45da89c8
----------------- Done invoking toplevel() on ptolemy.moml.MoMLSimpleApplication@45da89c8
reloadAllAccessors: .functionClosureTest2

===========================================================================================
----------------- testing Mon Dec 06 02:09:16 UTC 2021 /home/travis/build/icyphy/ptII/ptolemy/actor/lib/test/auto/functionClosureTest3.xml
----------------- Instantiating /home/travis/build/icyphy/ptII/ptolemy/actor/lib/test/auto/functionClosureTest3.xml
2 ms. Memory: 659456K Free: 265847K (40%)
----------------- Invoking toplevel() on ptolemy.moml.MoMLSimpleApplication@4c83dd42
----------------- Done invoking toplevel() on ptolemy.moml.MoMLSimpleApplication@4c83dd42
reloadAllAccessors: .functionClosureTest3

===========================================================================================
----------------- testing Mon Dec 06 02:09:16 UTC 2021 /home/travis/build/icyphy/ptII/ptolemy/actor/lib/test/auto/functionClosureTest4.xml
----------------- Instantiating /home/travis/build/icyphy/ptII/ptolemy/actor/lib/test/auto/functionClosureTest4.xml
3 ms. Memory: 659456K Free: 259207K (39%)
----------------- Invoking toplevel() on ptolemy.moml.MoMLSimpleApplication@444bc466
----------------- Done invoking toplevel() on ptolemy.moml.MoMLSimpleApplication@444bc466
reloadAllAccessors: .functionClosureTest4

===========================================================================================
----------------- testing Mon Dec 06 02:09:16 UTC 2021 /home/travis/build/icyphy/ptII/ptolemy/actor/lib/test/auto/functionClosureTest5.xml
----------------- Instantiating /home/travis/build/icyphy/ptII/ptolemy/actor/lib/test/auto/functionClosureTest5.xml
2 ms. Memory: 659456K Free: 254087K (39%)
----------------- Invoking toplevel() on ptolemy.moml.MoMLSimpleApplication@1fbada1d
----------------- Done invoking toplevel() on ptolemy.moml.MoMLSimpleApplication@1fbada1d
reloadAllAccessors: .functionClosureTest5

===========================================================================================
----------------- testing Mon Dec 06 02:09:16 UTC 2021 /home/travis/build/icyphy/ptII/ptolemy/actor/lib/test/auto/functionClosureTest6.xml
----------------- Instantiating /home/travis/build/icyphy/ptII/ptolemy/actor/lib/test/auto/functionClosureTest6.xml
1 ms. Memory: 659456K Free: 248967K (38%)
----------------- Invoking toplevel() on ptolemy.moml.MoMLSimpleApplication@6b3bafe
----------------- Done invoking toplevel() on ptolemy.moml.MoMLSimpleApplication@6b3bafe
reloadAllAccessors: .functionClosureTest6

===========================================================================================
----------------- testing Mon Dec 06 02:09:16 UTC 2021 /home/travis/build/icyphy/ptII/ptolemy/actor/lib/test/auto/functionsOnArcs.xml
----------------- Instantiating /home/travis/build/icyphy/ptII/ptolemy/actor/lib/test/auto/functionsOnArcs.xml
1 ms. Memory: 659456K Free: 243847K (37%)
----------------- Invoking toplevel() on ptolemy.moml.MoMLSimpleApplication@65d81053
----------------- Done invoking toplevel() on ptolemy.moml.MoMLSimpleApplication@65d81053
reloadAllAccessors: .functionsOnArcs

===========================================================================================
----------------- testing Mon Dec 06 02:09:16 UTC 2021 /home/travis/build/icyphy/ptII/ptolemy/actor/lib/test/auto/functionsOnArcsHOF.xml
----------------- Instantiating /home/travis/build/icyphy/ptII/ptolemy/actor/lib/test/auto/functionsOnArcsHOF.xml
3 ms. Memory: 659456K Free: 237703K (36%)
----------------- Invoking toplevel() on ptolemy.moml.MoMLSimpleApplication@5c70b6e6
----------------- Done invoking toplevel() on ptolemy.moml.MoMLSimpleApplication@5c70b6e6
reloadAllAccessors: .functionsOnArcsHOF

===========================================================================================
----------------- testing Mon Dec 06 02:09:16 UTC 2021 /home/travis/build/icyphy/ptII/ptolemy/actor/lib/test/auto/logic.xml
----------------- Instantiating /home/travis/build/icyphy/ptII/ptolemy/actor/lib/test/auto/logic.xml
1 ms. Memory: 659456K Free: 230535K (35%)
----------------- Invoking toplevel() on ptolemy.moml.MoMLSimpleApplication@647e18ff
----------------- Done invoking toplevel() on ptolemy.moml.MoMLSimpleApplication@647e18ff
reloadAllAccessors: .logic

===========================================================================================
----------------- testing Mon Dec 06 02:09:16 UTC 2021 /home/travis/build/icyphy/ptII/ptolemy/actor/lib/test/auto/matrixType.xml
----------------- Instantiating /home/travis/build/icyphy/ptII/ptolemy/actor/lib/test/auto/matrixType.xml
1 ms. Memory: 659456K Free: 604799K (92%)
----------------- Invoking toplevel() on ptolemy.moml.MoMLSimpleApplication@1f0eeb8f
----------------- Done invoking toplevel() on ptolemy.moml.MoMLSimpleApplication@1f0eeb8f
reloadAllAccessors: .matrixType

===========================================================================================
----------------- testing Mon Dec 06 02:09:16 UTC 2021 /home/travis/build/icyphy/ptII/ptolemy/actor/lib/test/auto/matrixType10.xml
----------------- Instantiating /home/travis/build/icyphy/ptII/ptolemy/actor/lib/test/auto/matrixType10.xml
2 ms. Memory: 659456K Free: 599175K (91%)
----------------- Invoking toplevel() on ptolemy.moml.MoMLSimpleApplication@5917aa26
----------------- Done invoking toplevel() on ptolemy.moml.MoMLSimpleApplication@5917aa26
reloadAllAccessors: .matrixType10

===========================================================================================
----------------- testing Mon Dec 06 02:09:16 UTC 2021 /home/travis/build/icyphy/ptII/ptolemy/actor/lib/test/auto/matrixType11.xml
----------------- Instantiating /home/travis/build/icyphy/ptII/ptolemy/actor/lib/test/auto/matrixType11.xml
1 ms. Memory: 659456K Free: 594565K (90%)
----------------- Invoking toplevel() on ptolemy.moml.MoMLSimpleApplication@4457661b
----------------- Done invoking toplevel() on ptolemy.moml.MoMLSimpleApplication@4457661b
reloadAllAccessors: .matrixType11

===========================================================================================
----------------- testing Mon Dec 06 02:09:16 UTC 2021 /home/travis/build/icyphy/ptII/ptolemy/actor/lib/test/auto/matrixType12.xml
----------------- Instantiating /home/travis/build/icyphy/ptII/ptolemy/actor/lib/test/auto/matrixType12.xml
1 ms. Memory: 659456K Free: 589445K (89%)
----------------- Invoking toplevel() on ptolemy.moml.MoMLSimpleApplication@74ba9fcf
----------------- Done invoking toplevel() on ptolemy.moml.MoMLSimpleApplication@74ba9fcf
reloadAllAccessors: .matrixType12

===========================================================================================
----------------- testing Mon Dec 06 02:09:16 UTC 2021 /home/travis/build/icyphy/ptII/ptolemy/actor/lib/test/auto/matrixType13.xml
----------------- Instantiating /home/travis/build/icyphy/ptII/ptolemy/actor/lib/test/auto/matrixType13.xml
1 ms. Memory: 659456K Free: 584839K (89%)
----------------- Invoking toplevel() on ptolemy.moml.MoMLSimpleApplication@40e28968
----------------- Done invoking toplevel() on ptolemy.moml.MoMLSimpleApplication@40e28968
reloadAllAccessors: .matrixType13

===========================================================================================
----------------- testing Mon Dec 06 02:09:16 UTC 2021 /home/travis/build/icyphy/ptII/ptolemy/actor/lib/test/auto/matrixType14.xml
----------------- Instantiating /home/travis/build/icyphy/ptII/ptolemy/actor/lib/test/auto/matrixType14.xml
1 ms. Memory: 659456K Free: 579205K (88%)
----------------- Invoking toplevel() on ptolemy.moml.MoMLSimpleApplication@65dff212
----------------- Done invoking toplevel() on ptolemy.moml.MoMLSimpleApplication@65dff212
reloadAllAccessors: .matrixType14

===========================================================================================
----------------- testing Mon Dec 06 02:09:16 UTC 2021 /home/travis/build/icyphy/ptII/ptolemy/actor/lib/test/auto/matrixType2.xml
----------------- Instantiating /home/travis/build/icyphy/ptII/ptolemy/actor/lib/test/auto/matrixType2.xml
1 ms. Memory: 659456K Free: 574085K (87%)
----------------- Invoking toplevel() on ptolemy.moml.MoMLSimpleApplication@23e4c230
----------------- Done invoking toplevel() on ptolemy.moml.MoMLSimpleApplication@23e4c230
reloadAllAccessors: .matrixType2

===========================================================================================
----------------- testing Mon Dec 06 02:09:16 UTC 2021 /home/travis/build/icyphy/ptII/ptolemy/actor/lib/test/auto/matrixType3.xml
----------------- Instantiating /home/travis/build/icyphy/ptII/ptolemy/actor/lib/test/auto/matrixType3.xml
3 ms. Memory: 659456K Free: 568965K (86%)
----------------- Invoking toplevel() on ptolemy.moml.MoMLSimpleApplication@422b041e
----------------- Done invoking toplevel() on ptolemy.moml.MoMLSimpleApplication@422b041e
reloadAllAccessors: .matrixType3

===========================================================================================
----------------- testing Mon Dec 06 02:09:16 UTC 2021 /home/travis/build/icyphy/ptII/ptolemy/actor/lib/test/auto/matrixType4.xml
----------------- Instantiating /home/travis/build/icyphy/ptII/ptolemy/actor/lib/test/auto/matrixType4.xml
1 ms. Memory: 659456K Free: 564359K (86%)
----------------- Invoking toplevel() on ptolemy.moml.MoMLSimpleApplication@1e435362
----------------- Done invoking toplevel() on ptolemy.moml.MoMLSimpleApplication@1e435362
reloadAllAccessors: .matrixType4

===========================================================================================
----------------- testing Mon Dec 06 02:09:16 UTC 2021 /home/travis/build/icyphy/ptII/ptolemy/actor/lib/test/auto/matrixType5.xml
----------------- Instantiating /home/travis/build/icyphy/ptII/ptolemy/actor/lib/test/auto/matrixType5.xml
1 ms. Memory: 659456K Free: 559239K (85%)
----------------- Invoking toplevel() on ptolemy.moml.MoMLSimpleApplication@ff2d52c
----------------- Done invoking toplevel() on ptolemy.moml.MoMLSimpleApplication@ff2d52c
reloadAllAccessors: .matrixType5

===========================================================================================
----------------- testing Mon Dec 06 02:09:16 UTC 2021 /home/travis/build/icyphy/ptII/ptolemy/actor/lib/test/auto/matrixType6.xml
----------------- Instantiating /home/travis/build/icyphy/ptII/ptolemy/actor/lib/test/auto/matrixType6.xml
1 ms. Memory: 659456K Free: 554629K (84%)
----------------- Invoking toplevel() on ptolemy.moml.MoMLSimpleApplication@353919e5
----------------- Done invoking toplevel() on ptolemy.moml.MoMLSimpleApplication@353919e5
reloadAllAccessors: .matrixType6

===========================================================================================
----------------- testing Mon Dec 06 02:09:16 UTC 2021 /home/travis/build/icyphy/ptII/ptolemy/actor/lib/test/auto/matrixType7.xml
----------------- Instantiating /home/travis/build/icyphy/ptII/ptolemy/actor/lib/test/auto/matrixType7.xml
1 ms. Memory: 659456K Free: 549509K (83%)
----------------- Invoking toplevel() on ptolemy.moml.MoMLSimpleApplication@54d8a6a0
----------------- Done invoking toplevel() on ptolemy.moml.MoMLSimpleApplication@54d8a6a0
reloadAllAccessors: .matrixType7

===========================================================================================
----------------- testing Mon Dec 06 02:09:16 UTC 2021 /home/travis/build/icyphy/ptII/ptolemy/actor/lib/test/auto/matrixType8.xml
----------------- Instantiating /home/travis/build/icyphy/ptII/ptolemy/actor/lib/test/auto/matrixType8.xml
1 ms. Memory: 659456K Free: 544903K (83%)
----------------- Invoking toplevel() on ptolemy.moml.MoMLSimpleApplication@4d8dfd2b
----------------- Done invoking toplevel() on ptolemy.moml.MoMLSimpleApplication@4d8dfd2b
reloadAllAccessors: .matrixType8

===========================================================================================
----------------- testing Mon Dec 06 02:09:16 UTC 2021 /home/travis/build/icyphy/ptII/ptolemy/actor/lib/test/auto/matrixType9.xml
----------------- Instantiating /home/travis/build/icyphy/ptII/ptolemy/actor/lib/test/auto/matrixType9.xml
1 ms. Memory: 659456K Free: 539783K (82%)
----------------- Invoking toplevel() on ptolemy.moml.MoMLSimpleApplication@231c9c6d
----------------- Done invoking toplevel() on ptolemy.moml.MoMLSimpleApplication@231c9c6d
reloadAllAccessors: .matrixType9

===========================================================================================
----------------- testing Mon Dec 06 02:09:16 UTC 2021 /home/travis/build/icyphy/ptII/ptolemy/actor/lib/test/auto/paraFunctest.xml
----------------- Instantiating /home/travis/build/icyphy/ptII/ptolemy/actor/lib/test/auto/paraFunctest.xml
1 ms. Memory: 659456K Free: 536197K (81%)
----------------- Invoking toplevel() on ptolemy.moml.MoMLSimpleApplication@b99978f
----------------- Done invoking toplevel() on ptolemy.moml.MoMLSimpleApplication@b99978f
reloadAllAccessors: .paraFunctest

===========================================================================================
----------------- testing Mon Dec 06 02:09:16 UTC 2021 /home/travis/build/icyphy/ptII/ptolemy/actor/lib/test/auto/paraFunctest2.xml
----------------- Instantiating /home/travis/build/icyphy/ptII/ptolemy/actor/lib/test/auto/paraFunctest2.xml
1 ms. Memory: 659456K Free: 532101K (81%)
----------------- Invoking toplevel() on ptolemy.moml.MoMLSimpleApplication@2e0b78d0
----------------- Done invoking toplevel() on ptolemy.moml.MoMLSimpleApplication@2e0b78d0
reloadAllAccessors: .paraFunctest2

===========================================================================================
----------------- testing Mon Dec 06 02:09:17 UTC 2021 /home/travis/build/icyphy/ptII/ptolemy/actor/lib/test/auto/parameterPassing.xml
----------------- Instantiating /home/travis/build/icyphy/ptII/ptolemy/actor/lib/test/auto/parameterPassing.xml
1 ms. Memory: 659456K Free: 528005K (80%)
----------------- Invoking toplevel() on ptolemy.moml.MoMLSimpleApplication@433291cd
----------------- Done invoking toplevel() on ptolemy.moml.MoMLSimpleApplication@433291cd
reloadAllAccessors: .parameterPassing

===========================================================================================
----------------- testing Mon Dec 06 02:09:17 UTC 2021 /home/travis/build/icyphy/ptII/ptolemy/actor/lib/test/auto/record.xml
----------------- Instantiating /home/travis/build/icyphy/ptII/ptolemy/actor/lib/test/auto/record.xml
1 ms. Memory: 659456K Free: 522885K (79%)
----------------- Invoking toplevel() on ptolemy.moml.MoMLSimpleApplication@370be347
----------------- Done invoking toplevel() on ptolemy.moml.MoMLSimpleApplication@370be347
reloadAllAccessors: .record

===========================================================================================
----------------- testing Mon Dec 06 02:09:17 UTC 2021 /home/travis/build/icyphy/ptII/ptolemy/actor/lib/test/auto/sizedarray1.xml
----------------- Instantiating /home/travis/build/icyphy/ptII/ptolemy/actor/lib/test/auto/sizedarray1.xml
2 ms. Memory: 659456K Free: 517765K (79%)
----------------- Invoking toplevel() on ptolemy.moml.MoMLSimpleApplication@77ad31a4
----------------- Done invoking toplevel() on ptolemy.moml.MoMLSimpleApplication@77ad31a4
reloadAllAccessors: .sizedarray1

===========================================================================================
----------------- testing Mon Dec 06 02:09:17 UTC 2021 /home/travis/build/icyphy/ptII/ptolemy/actor/lib/test/auto/sizedarray2.xml
----------------- Instantiating /home/travis/build/icyphy/ptII/ptolemy/actor/lib/test/auto/sizedarray2.xml
2 ms. Memory: 659456K Free: 512135K (78%)
----------------- Invoking toplevel() on ptolemy.moml.MoMLSimpleApplication@66969ba5
----------------- Done invoking toplevel() on ptolemy.moml.MoMLSimpleApplication@66969ba5
reloadAllAccessors: .sizedarray2

===========================================================================================
----------------- testing Mon Dec 06 02:09:17 UTC 2021 /home/travis/build/icyphy/ptII/ptolemy/actor/lib/test/auto/twoPublishers.xml
----------------- Instantiating /home/travis/build/icyphy/ptII/ptolemy/actor/lib/test/auto/twoPublishers.xml
2 ms. Memory: 659456K Free: 501895K (76%)
----------------- Invoking toplevel() on ptolemy.moml.MoMLSimpleApplication@254caad6
----------------- Done invoking toplevel() on ptolemy.moml.MoMLSimpleApplication@254caad6
reloadAllAccessors: .twoPublishers
AutoTests.java: About to close Vertx.
AutoTests.java: Vertx closed.
]]></system-out>
  <system-err><![CDATA[java.lang.RuntimeException: Execution failed
	at ptolemy.moml.MoMLSimpleApplication$UnloadThread.run(MoMLSimpleApplication.java:402)
Caused by: java.lang.RuntimeException: StringUtilities.exit() was called. Normally, we would exit here because Manager.exitAfterWrapup() was called.  However, because the ptolemy.ptII.exitAfterWrapup property is set, we throw this exception instead.
	at ptolemy.util.StringUtilities.exit(StringUtilities.java:365)
	at ptolemy.actor.Manager.wrapup(Manager.java:1549)
	at ptolemy.actor.Manager.execute(Manager.java:407)
	at ptolemy.actor.Manager.run(Manager.java:1263)
	at ptolemy.actor.Manager$PtolemyRunThread.run(Manager.java:1933)
Warning: '.top.test' is in training mode, set the trainingMode parameter to false before checking in
Warning: '.top.test' is in training mode, set the trainingMode parameter to false before checking in
Warning: '.top.test' is in training mode, set the trainingMode parameter to false before checking in
Warning: '.BooleanSwitch_RegressionTest_WrongTrainingValues.Test' is in training mode, set the trainingMode parameter to false before checking in
Warning: '.BooleanSwitch_RegressionTest_WrongTrainingValues.Test2' is in training mode, set the trainingMode parameter to false before checking in
Warning: '.BooleanSwitch_RegressionTest_WrongTrainingValues.Test2' The test produced 0 tokens.
Warning: '.top.testExceptionHandler' is in training mode, set the trainingMode parameter to false before checking in
java.lang.RuntimeException: Execution failed
	at ptolemy.moml.MoMLSimpleApplication$UnloadThread.run(MoMLSimpleApplication.java:402)
Caused by: ptolemy.kernel.util.IllegalActionException: PublisherPorts cannot be used at the top level, use a Publisher actor instead.
  in .PublisherPortToplevelSubscriber.PublisherPort
	at ptolemy.actor.PublisherPort.preinitialize(PublisherPort.java:403)
	at ptolemy.actor.CompositeActor.preinitialize(CompositeActor.java:1769)
	at ptolemy.actor.Manager.preinitializeAndResolveTypes(Manager.java:1040)
	at ptolemy.actor.Manager.initialize(Manager.java:710)
	at ptolemy.actor.Manager.execute(Manager.java:356)
	at ptolemy.actor.Manager.run(Manager.java:1263)
	at ptolemy.actor.Manager$PtolemyRunThread.run(Manager.java:1933)
java.lang.reflect.InvocationTargetException
	at java.base/jdk.internal.reflect.NativeConstructorAccessorImpl.newInstance0(Native Method)
	at java.base/jdk.internal.reflect.NativeConstructorAccessorImpl.newInstance(NativeConstructorAccessorImpl.java:62)
	at java.base/jdk.internal.reflect.DelegatingConstructorAccessorImpl.newInstance(DelegatingConstructorAccessorImpl.java:45)
	at java.base/java.lang.reflect.Constructor.newInstance(Constructor.java:490)
	at ptolemy.util.test.junit.AutoKnownFailedTests.RunModel(AutoKnownFailedTests.java:105)
	at java.base/jdk.internal.reflect.NativeMethodAccessorImpl.invoke0(Native Method)
	at java.base/jdk.internal.reflect.NativeMethodAccessorImpl.invoke(NativeMethodAccessorImpl.java:62)
	at java.base/jdk.internal.reflect.DelegatingMethodAccessorImpl.invoke(DelegatingMethodAccessorImpl.java:43)
	at java.base/java.lang.reflect.Method.invoke(Method.java:566)
	at org.junit.runners.model.FrameworkMethod$1.runReflectiveCall(FrameworkMethod.java:44)
	at org.junit.internal.runners.model.ReflectiveCallable.run(ReflectiveCallable.java:15)
	at org.junit.runners.model.FrameworkMethod.invokeExplosively(FrameworkMethod.java:41)
	at junitparams.internal.InvokeParameterisedMethod.evaluate(InvokeParameterisedMethod.java:102)
	at org.junit.internal.runners.statements.FailOnTimeout$1.run(FailOnTimeout.java:28)
Caused by: ptolemy.kernel.util.IllegalActionException: PublisherPorts cannot be used at the top level, use a Publisher actor instead.
  in .PublisherPortToplevelSubscriber.PublisherPort
	at ptolemy.actor.PublisherPort.preinitialize(PublisherPort.java:403)
	at ptolemy.actor.CompositeActor.preinitialize(CompositeActor.java:1769)
	at ptolemy.actor.Manager.preinitializeAndResolveTypes(Manager.java:1040)
	at ptolemy.actor.Manager.initialize(Manager.java:710)
	at ptolemy.actor.Manager.execute(Manager.java:356)
	at ptolemy.actor.Manager.run(Manager.java:1263)
	at ptolemy.actor.Manager$PtolemyRunThread.run(Manager.java:1933)
java.lang.RuntimeException: Execution failed
	at ptolemy.moml.MoMLSimpleApplication$UnloadThread.run(MoMLSimpleApplication.java:402)
Caused by: ptolemy.kernel.util.IllegalActionException: SubscriberPorts cannot be used at the top level, use a Subscriber actor instead.
  in .PublisherSubscriberPortToplevel.SubscriberPort
	at ptolemy.actor.SubscriberPort.preinitialize(SubscriberPort.java:328)
	at ptolemy.actor.CompositeActor.preinitialize(CompositeActor.java:1769)
	at ptolemy.actor.Manager.preinitializeAndResolveTypes(Manager.java:1040)
	at ptolemy.actor.Manager.initialize(Manager.java:710)
	at ptolemy.actor.Manager.execute(Manager.java:356)
	at ptolemy.actor.Manager.run(Manager.java:1263)
	at ptolemy.actor.Manager$PtolemyRunThread.run(Manager.java:1933)
java.lang.reflect.InvocationTargetException
	at java.base/jdk.internal.reflect.NativeConstructorAccessorImpl.newInstance0(Native Method)
	at java.base/jdk.internal.reflect.NativeConstructorAccessorImpl.newInstance(NativeConstructorAccessorImpl.java:62)
	at java.base/jdk.internal.reflect.DelegatingConstructorAccessorImpl.newInstance(DelegatingConstructorAccessorImpl.java:45)
	at java.base/java.lang.reflect.Constructor.newInstance(Constructor.java:490)
	at ptolemy.util.test.junit.AutoKnownFailedTests.RunModel(AutoKnownFailedTests.java:105)
	at java.base/jdk.internal.reflect.NativeMethodAccessorImpl.invoke0(Native Method)
	at java.base/jdk.internal.reflect.NativeMethodAccessorImpl.invoke(NativeMethodAccessorImpl.java:62)
	at java.base/jdk.internal.reflect.DelegatingMethodAccessorImpl.invoke(DelegatingMethodAccessorImpl.java:43)
	at java.base/java.lang.reflect.Method.invoke(Method.java:566)
	at org.junit.runners.model.FrameworkMethod$1.runReflectiveCall(FrameworkMethod.java:44)
	at org.junit.internal.runners.model.ReflectiveCallable.run(ReflectiveCallable.java:15)
	at org.junit.runners.model.FrameworkMethod.invokeExplosively(FrameworkMethod.java:41)
	at junitparams.internal.InvokeParameterisedMethod.evaluate(InvokeParameterisedMethod.java:102)
	at org.junit.internal.runners.statements.FailOnTimeout$1.run(FailOnTimeout.java:28)
Caused by: ptolemy.kernel.util.IllegalActionException: SubscriberPorts cannot be used at the top level, use a Subscriber actor instead.
  in .PublisherSubscriberPortToplevel.SubscriberPort
	at ptolemy.actor.SubscriberPort.preinitialize(SubscriberPort.java:328)
	at ptolemy.actor.CompositeActor.preinitialize(CompositeActor.java:1769)
	at ptolemy.actor.Manager.preinitializeAndResolveTypes(Manager.java:1040)
	at ptolemy.actor.Manager.initialize(Manager.java:710)
	at ptolemy.actor.Manager.execute(Manager.java:356)
	at ptolemy.actor.Manager.run(Manager.java:1263)
	at ptolemy.actor.Manager$PtolemyRunThread.run(Manager.java:1933)
java.lang.RuntimeException: Execution failed
	at ptolemy.moml.MoMLSimpleApplication$UnloadThread.run(MoMLSimpleApplication.java:402)
Caused by: ptolemy.kernel.util.IllegalActionException: SubscriptionAggregatorPorts cannot be used at the top level, use a SubscriptionAggregator actor instead.
  in .PublisherSubscriptionAggregatorPort.SubscriptionAggregatorPort
	at ptolemy.actor.SubscriptionAggregatorPort.preinitialize(SubscriptionAggregatorPort.java:353)
	at ptolemy.actor.CompositeActor.preinitialize(CompositeActor.java:1769)
	at ptolemy.actor.Manager.preinitializeAndResolveTypes(Manager.java:1040)
	at ptolemy.actor.Manager.initialize(Manager.java:710)
	at ptolemy.actor.Manager.execute(Manager.java:356)
	at ptolemy.actor.Manager.run(Manager.java:1263)
	at ptolemy.actor.Manager$PtolemyRunThread.run(Manager.java:1933)
java.lang.reflect.InvocationTargetException
	at java.base/jdk.internal.reflect.NativeConstructorAccessorImpl.newInstance0(Native Method)
	at java.base/jdk.internal.reflect.NativeConstructorAccessorImpl.newInstance(NativeConstructorAccessorImpl.java:62)
	at java.base/jdk.internal.reflect.DelegatingConstructorAccessorImpl.newInstance(DelegatingConstructorAccessorImpl.java:45)
	at java.base/java.lang.reflect.Constructor.newInstance(Constructor.java:490)
	at ptolemy.util.test.junit.AutoKnownFailedTests.RunModel(AutoKnownFailedTests.java:105)
	at java.base/jdk.internal.reflect.NativeMethodAccessorImpl.invoke0(Native Method)
	at java.base/jdk.internal.reflect.NativeMethodAccessorImpl.invoke(NativeMethodAccessorImpl.java:62)
	at java.base/jdk.internal.reflect.DelegatingMethodAccessorImpl.invoke(DelegatingMethodAccessorImpl.java:43)
	at java.base/java.lang.reflect.Method.invoke(Method.java:566)
	at org.junit.runners.model.FrameworkMethod$1.runReflectiveCall(FrameworkMethod.java:44)
	at org.junit.internal.runners.model.ReflectiveCallable.run(ReflectiveCallable.java:15)
	at org.junit.runners.model.FrameworkMethod.invokeExplosively(FrameworkMethod.java:41)
	at junitparams.internal.InvokeParameterisedMethod.evaluate(InvokeParameterisedMethod.java:102)
	at org.junit.internal.runners.statements.FailOnTimeout$1.run(FailOnTimeout.java:28)
Caused by: ptolemy.kernel.util.IllegalActionException: SubscriptionAggregatorPorts cannot be used at the top level, use a SubscriptionAggregator actor instead.
  in .PublisherSubscriptionAggregatorPort.SubscriptionAggregatorPort
	at ptolemy.actor.SubscriptionAggregatorPort.preinitialize(SubscriptionAggregatorPort.java:353)
	at ptolemy.actor.CompositeActor.preinitialize(CompositeActor.java:1769)
	at ptolemy.actor.Manager.preinitializeAndResolveTypes(Manager.java:1040)
	at ptolemy.actor.Manager.initialize(Manager.java:710)
	at ptolemy.actor.Manager.execute(Manager.java:356)
	at ptolemy.actor.Manager.run(Manager.java:1263)
	at ptolemy.actor.Manager$PtolemyRunThread.run(Manager.java:1933)
java.lang.RuntimeException: Execution failed
	at ptolemy.moml.MoMLSimpleApplication$UnloadThread.run(MoMLSimpleApplication.java:402)
Caused by: ptolemy.kernel.util.IllegalActionException: TypeTest actor has no training data.
  in .sizedarray3.TypeTest
	at ptolemy.actor.lib.TypeTest.initialize(TypeTest.java:250)
	at ptolemy.actor.Director.initialize(Director.java:938)
	at ptolemy.actor.Director.initialize(Director.java:907)
	at ptolemy.actor.sched.StaticSchedulingDirector.initialize(StaticSchedulingDirector.java:159)
	at ptolemy.domains.sdf.kernel.SDFDirector.initialize(SDFDirector.java:544)
	at ptolemy.actor.CompositeActor.initialize(CompositeActor.java:935)
	at ptolemy.actor.Manager.initialize(Manager.java:724)
	at ptolemy.actor.Manager.execute(Manager.java:356)
	at ptolemy.actor.Manager.run(Manager.java:1263)
	at ptolemy.actor.Manager$PtolemyRunThread.run(Manager.java:1933)
java.lang.reflect.InvocationTargetException
	at java.base/jdk.internal.reflect.NativeConstructorAccessorImpl.newInstance0(Native Method)
	at java.base/jdk.internal.reflect.NativeConstructorAccessorImpl.newInstance(NativeConstructorAccessorImpl.java:62)
	at java.base/jdk.internal.reflect.DelegatingConstructorAccessorImpl.newInstance(DelegatingConstructorAccessorImpl.java:45)
	at java.base/java.lang.reflect.Constructor.newInstance(Constructor.java:490)
	at ptolemy.util.test.junit.AutoKnownFailedTests.RunModel(AutoKnownFailedTests.java:105)
	at java.base/jdk.internal.reflect.NativeMethodAccessorImpl.invoke0(Native Method)
	at java.base/jdk.internal.reflect.NativeMethodAccessorImpl.invoke(NativeMethodAccessorImpl.java:62)
	at java.base/jdk.internal.reflect.DelegatingMethodAccessorImpl.invoke(DelegatingMethodAccessorImpl.java:43)
	at java.base/java.lang.reflect.Method.invoke(Method.java:566)
	at org.junit.runners.model.FrameworkMethod$1.runReflectiveCall(FrameworkMethod.java:44)
	at org.junit.internal.runners.model.ReflectiveCallable.run(ReflectiveCallable.java:15)
	at org.junit.runners.model.FrameworkMethod.invokeExplosively(FrameworkMethod.java:41)
	at junitparams.internal.InvokeParameterisedMethod.evaluate(InvokeParameterisedMethod.java:102)
	at org.junit.internal.runners.statements.FailOnTimeout$1.run(FailOnTimeout.java:28)
Caused by: ptolemy.kernel.util.IllegalActionException: TypeTest actor has no training data.
  in .sizedarray3.TypeTest
	at ptolemy.actor.lib.TypeTest.initialize(TypeTest.java:250)
	at ptolemy.actor.Director.initialize(Director.java:938)
	at ptolemy.actor.Director.initialize(Director.java:907)
	at ptolemy.actor.sched.StaticSchedulingDirector.initialize(StaticSchedulingDirector.java:159)
	at ptolemy.domains.sdf.kernel.SDFDirector.initialize(SDFDirector.java:544)
	at ptolemy.actor.CompositeActor.initialize(CompositeActor.java:935)
	at ptolemy.actor.Manager.initialize(Manager.java:724)
	at ptolemy.actor.Manager.execute(Manager.java:356)
	at ptolemy.actor.Manager.run(Manager.java:1263)
	at ptolemy.actor.Manager$PtolemyRunThread.run(Manager.java:1933)
]]></system-err>
</testsuite>
