<?xml version="1.0" encoding="UTF-8" ?>
<testsuite errors="0" failures="1" hostname="travis-job-176266a0-26d9-49d5-b395-722b565c1f5f" name="ptolemy.actor.lib.test.junit.JUnitTclTest" skipped="0" tests="517" time="65.484" timestamp="2019-10-07T05:58:20">
  <properties>
    <property name="npm.executable" value="npm" />
    <property name="env.TRAVIS_ROOT" value="/" />
    <property name="ptII.mk.exists" value="true" />
    <property name="env.TRAVIS_APP_HOST" value="build.travis-ci.org" />
    <property name="env.rvm_bin_path" value="/home/travis/.rvm/bin" />
    <property name="java.home" value="/usr/local/lib/jvm/openjdk11" />
    <property name="env.TRAVIS_JOB_NUMBER" value="1352.8" />
    <property name="env.TRAVIS_HOME" value="/home/travis" />
    <property name="env.DISPLAY" value=":99.0" />
    <property name="env.TRAVIS_INIT" value="systemd" />
    <property name="env.SSH_TTY" value="/dev/pts/0" />
    <property name="java.net.preferIPv4Stack" value="true" />
    <property name="env.RUN_TESTS" value="true" />
    <property name="timeout.short" value="1000000" />
    <property name="junit.formatter" value="xml" />
    <property name="env.TRAVIS_SUDO" value="true" />
    <property name="env.TRAVIS_JOB_NAME" value="" />
    <property name="env.TRAVIS_STACK_NODE_ATTRIBUTES" value="/.node-attributes.yml" />
    <property name="env.LOGNAME" value="travis" />
    <property name="env.PT_TRAVIS_TEST_CORE1_XML" value="true" />
    <property name="jsdoc.home" value="node_modules/@terraswarm/jsdoc" />
    <property name="debuglevel" value="source,lines,vars" />
    <property name="checkstyle.formatter" value="xml" />
    <property name="env._system_version" value="16.04" />
    <property name="bin.vergil.makeable" value="true" />
    <property name="sun.os.patch.level" value="unknown" />
    <property name="java.vendor.url" value="http://java.oracle.com/" />
    <property name="env.TRAVIS_BUILD_WEB_URL" value="https://travis-ci.org/icyphy/ptII/builds/594415557" />
    <property name="java.version" value="11.0.2" />
    <property name="env.TZ" value="UTC" />
    <property name="env.TRAVIS_PULL_REQUEST_SHA" value="" />
    <property name="env.PT_NO_NET" value="true" />
    <property name="env.TRAVIS_SECURE_ENV_VARS" value="true" />
    <property name="env._system_type" value="Linux" />
    <property name="java.vendor.url.bug" value="http://bugreport.java.com/bugreport/" />
    <property name="npmjs-org-is-up" value="true" />
    <property name="env.LANGUAGE" value="en_US.UTF-8" />
    <property name="env.SSH_CLIENT" value="10.16.4.24 53482 22" />
    <property name="env.GEM_HOME" value="/home/travis/.rvm/gems/ruby-2.5.3" />
    <property name="env.HAS_ANTARES_THREE_LITTLE_FRONZIES_BADGE" value="true" />
    <property name="java.version.date" value="2019-01-15" />
    <property name="env.PS4" value="+" />
    <property name="ant.project.invoked-targets" value="build,test.core1.xml" />
    <property name="env.TRAVIS_PULL_REQUEST_BRANCH" value="" />
    <property name="env.TRAVIS_REPO_SLUG" value="icyphy/ptII" />
    <property name="env.XDG_DATA_DIRS" value="/usr/local/share:/usr/share:/var/lib/snapd/desktop" />
    <property name="jdk.debug" value="release" />
    <property name="env.TRAVIS_APT_PROXY" value="http://apt.cache.travis-ci.com" />
    <property name="node.in.path" value="true" />
    <property name="user.name" value="travis" />
    <property name="java.maxmemory" value="1400m" />
    <property name="env.RUBY_VERSION" value="ruby-2.5.3" />
    <property name="env.LANG" value="en_US.UTF-8" />
    <property name="sun.io.unicode.encoding" value="UnicodeLittle" />
    <property name="sun.jnu.encoding" value="UTF-8" />
    <property name="java.runtime.name" value="OpenJDK Runtime Environment" />
    <property name="usefile" value="false" />
    <property name="return.code" value="0" />
    <property name="junit.single.formatter" value="plain" />
    <property name="env.DYLD_LIBRARY_PATH" value="/home/travis/pthla/certi-tools/lib:" />
    <property name="env.DEBIAN_FRONTEND" value="noninteractive" />
    <property name="env.SSH_CONNECTION" value="10.16.4.24 53482 10.20.0.148 22" />
    <property name="env.MYSQL_UNIX_PORT" value="/var/run/mysqld/mysqld.sock" />
    <property name="env.LC_ALL" value="en_US.UTF-8" />
    <property name="env.TRAVIS_ALLOW_FAILURE" value="false" />
    <property name="env.TRAVIS_JOB_WEB_URL" value="https://travis-ci.org/icyphy/ptII/jobs/594415565" />
    <property name="java.specification.name" value="Java Platform API Specification" />
    <property name="node.works" value="true" />
    <property name="user.timezone" value="" />
    <property name="path.separator" value=":" />
    <property name="env.TRAVIS_ENABLE_INFRA_DETECTION" value="true" />
    <property name="env.PYTHON_CFLAGS" value="-g -fstack-protector --param=ssp-buffer-size=4 -Wformat -Werror=format-security" />
    <property name="timeout.long" value="4000000" />
    <property name="env.CERTI_HOME" value="/home/travis/pthla/certi-tools" />
    <property name="ant.file.ptII" value="/home/travis/build/icyphy/ptII/build.xml" />
    <property name="javadoc.packagenames" value="com.*,diva.*,lbnl.*,org.hlacerti.*,org.json.*,org.ptolemy.*,org.terraswarm.*,ptolemy.*,ptserver.*" />
    <property name="file.encoding" value="UTF-8" />
    <property name="env.TRAVIS_PULL_REQUEST_SLUG" value="" />
    <property name="ant.project.default-target" value="build" />
    <property name="env.GIT_ASKPASS" value="echo" />
    <property name="env.HOME" value="/home/travis" />
    <property name="sun.java.command" value="org.apache.tools.ant.taskdefs.optional.junit.JUnitTestRunner ptolemy.actor.lib.test.junit.JUnitTclTest skipNonTests=false filtertrace=true haltOnError=false haltOnFailure=false formatter=org.apache.tools.ant.taskdefs.optional.junit.OutErrSummaryJUnitResultFormatter showoutput=true outputtoformatters=true logfailedtests=true threadid=0 logtestlistenerevents=false formatter=org.apache.tools.ant.taskdefs.optional.junit.XMLJUnitResultFormatter,/home/travis/build/icyphy/ptII/reports/junit/TEST-ptolemy.actor.lib.test.junit.JUnitTclTest.xml crashfile=/home/travis/build/icyphy/ptII/junitvmwatcher458433815488616472.properties propsfile=/home/travis/build/icyphy/ptII/junit990986655926272257.properties" />
    <property name="env.COMPOSER_NO_INTERACTION" value="1" />
    <property name="env.MANPATH" value="/home/travis/.nvm/versions/node/v7.10.1/share/man:/home/travis/.rvm/rubies/ruby-2.5.3/share/man:/usr/local/cmake-3.12.4/man:/usr/local/clang-7.0.0/share/man:/usr/local/man:/usr/local/share/man:/usr/share/man:/home/travis/.rvm/man" />
    <property name="env.TRAVIS_TIMER_ID" value="03b07b1c" />
    <property name="ant.file" value="/home/travis/build/icyphy/ptII/build.xml" />
    <property name="env.TRAVIS_COMMIT_RANGE" value="bc7bfed3151ace78f6177b95f8054c233d74f1bf...1691c4a63a7f6e8f7441362a7c71a7ee30ba8bb1" />
    <property name="env._system_name" value="Ubuntu" />
    <property name="ptII.classpath.optional.property" value="/home/travis/build/icyphy/ptII/lib/bsh-2.0b4.jar:/home/travis/build/icyphy/ptII/lib/ptCal.jar:/home/travis/build/icyphy/ptII/lib/java_cup.jar:/home/travis/build/icyphy/ptII/lib/saxon8.jar:/home/travis/build/icyphy/ptII/lib/saxon8-dom.jar:/home/travis/build/icyphy/ptII/lib/chic.jar:/home/travis/build/icyphy/ptII/lib/ptcolt.jar:/home/travis/build/icyphy/ptII/vendors/misc/itext/iText.jar:/home/travis/build/icyphy/ptII/lib/g4ltl.jar:/home/travis/build/icyphy/ptII/lib/StructuralCoder.jar:/home/travis/build/icyphy/ptII/lib/jcerti.jar:/home/travis/build/icyphy/ptII/lib/javax.mail.jar:/home/travis/build/icyphy/ptII/vendors/JMF-2.1.1e/lib/jmf.jar:/home/travis/build/icyphy/ptII/lib/jna-4.0.0-variadic.jar:/home/travis/build/icyphy/ptII/vendors/misc/joystick/Joystick.jar:/home/travis/build/icyphy/ptII/lib/ptjacl.jar:/home/travis/build/icyphy/ptII/lib/jsoup-1.8.2.jar:/home/travis/build/icyphy/ptII/lib/junit-4.8.2.jar:/home/travis/build/icyphy/ptII/lib/JUnitParams-0.4.0.jar:/home/travis/build/icyphy/ptII/ptolemy/actor/lib/excel/jxl.jar:/home/travis/build/icyphy/ptII/lib/jython.jar:/home/travis/build/icyphy/ptII/lib/kieler.jar:/home/travis/build/icyphy/ptII/vendors/opencv/share/OpenCV/java/opencv-341.jar:/home/travis/build/icyphy/ptII/lib/oscP5.jar:/home/travis/build/icyphy/ptII/lib/nrjavaserial-3.11.0.devel.jar:/home/travis/build/icyphy/ptII/vendors/j3d/lib/Linux/j3dcore.jar:/home/travis/build/icyphy/ptII/vendors/j3d/lib/Linux/j3dutils.jar:/home/travis/build/icyphy/ptII/vendors/j3d/lib/Linux/vecmath.jar:/home/travis/build/icyphy/ptII/vendors/jogl/lib/Linux/gluegen-rt-natives-linux-amd64.jar:/home/travis/build/icyphy/ptII/vendors/jogl/lib/Linux/gluegen-rt.jar:/home/travis/build/icyphy/ptII/vendors/jogl/lib/Linux/jogl-all-natives-linux-amd64.jar:/home/travis/build/icyphy/ptII/vendors/jogl/lib/Linux/jogl-all.jar:/home/travis/build/icyphy/ptII/ptolemy/distributed/jini/jar/jini-core.jar:/home/travis/build/icyphy/ptII/ptolemy/distributed/jini/jar/jini-ext.jar:/home/travis/build/icyphy/ptII/ptolemy/distributed/jini/jar/sun-util.jar:/home/travis/build/icyphy/ptII/lib/protobuf-java-2.4.1.jar:/home/travis/build/icyphy/ptII/lib/org.eclipse.paho.client.mqttv3.jar:/home/travis/build/icyphy/ptII/lib/mapss.jar:/home/travis/build/icyphy/ptII/ptolemy/actor/ptalon/antlr/antlr.jar:/home/travis/build/icyphy/ptII/lib/JRI.jar:/home/travis/build/icyphy/ptII/lib/commons-lang-2.6.jar:/home/travis/build/icyphy/ptII/lib/commons-logging-1.1.1.jar:/home/travis/build/icyphy/ptII/lib/sootclasses.jar:/home/travis/build/icyphy/ptII/ptolemy/actor/lib/database/mysql-connector-java-5.1.6-bin.jar:/home/travis/build/icyphy/ptII/vendors/misc/sphinx4/sphinx4-data-5prealpha.jar:/home/travis/build/icyphy/ptII/vendors/misc/sphinx4/sphinx4-core-5prealpha.jar:/home/travis/build/icyphy/ptII/lib/PDFRenderer.jar:/home/travis/build/icyphy/ptII/lib/svgSalamander.jar:/home/travis/build/icyphy/ptII/lib/rsyntaxtextarea-2.6.0-SNAPSHOT.jar:/home/travis/build/icyphy/ptII/lib/hazelcast-3.8.2.jar:/home/travis/build/icyphy/ptII/lib/jackson-annotations-2.9.0.jar:/home/travis/build/icyphy/ptII/lib/jackson-core-2.9.3.jar:/home/travis/build/icyphy/ptII/lib/jackson-databind-2.9.3.jar:/home/travis/build/icyphy/ptII/lib/netty-buffer-4.1.19.Final.jar:/home/travis/build/icyphy/ptII/lib/netty-codec-4.1.19.Final.jar:/home/travis/build/icyphy/ptII/lib/netty-codec-dns-4.1.19.Final.jar:/home/travis/build/icyphy/ptII/lib/netty-codec-http-4.1.19.Final.jar:/home/travis/build/icyphy/ptII/lib/netty-codec-http2-4.1.19.Final.jar:/home/travis/build/icyphy/ptII/lib/netty-common-4.1.19.Final.jar:/home/travis/build/icyphy/ptII/lib/netty-handler-4.1.19.Final.jar:/home/travis/build/icyphy/ptII/lib/netty-resolver-4.1.19.Final.jar:/home/travis/build/icyphy/ptII/lib/netty-resolver-dns-4.1.19.Final.jar:/home/travis/build/icyphy/ptII/lib/netty-transport-4.1.19.Final.jar:/home/travis/build/icyphy/ptII/lib/vertx-codegen-3.5.1.jar:/home/travis/build/icyphy/ptII/lib/vertx-core-3.5.2-SNAPSHOT.jar:/home/travis/build/icyphy/ptII/lib/vertx-hazelcast-3.5.1.jar:/home/travis/build/icyphy/ptII/lib/vertx-lang-js-3.5.1.jar:/home/travis/build/icyphy/ptII/lib/vertx-service-proxy-3.5.1.jar:/home/travis/build/icyphy/ptII/lib/vertx-web-3.5.1.jar:/home/travis/build/icyphy/ptII/lib/slf4j-api-1.7.13.jar:/home/travis/build/icyphy/ptII/lib/slf4j-simple-1.7.13.jar:/home/travis/build/icyphy/ptII/lib/webcam-capture-0.3.12.jar:/home/travis/build/icyphy/ptII/lib/bridj-0.7.0.jar:/home/travis/build/icyphy/ptII/lib/xbjlib-1.1.0.nrjavaserial.jar" />
    <property name="timeout" value="2400000" />
    <property name="test.batch" value="**/junit/*.java" />
    <property name="env._" value="/usr/bin/timeout" />
    <property name="java.io.tmpdir" value="/tmp" />
    <property name="user.language" value="en" />
    <property name="env.TRAVIS_INTERNAL_RUBY_REGEX" value="^ruby-(2\.[0-4]\.[0-9]|1\.9\.3)" />
    <property name="env.HISTCONTROL" value="ignoredups:ignorespace" />
    <property name="env.GOROOT" value="/home/travis/.gimme/versions/go1.11.1.linux.amd64" />
    <property name="line.separator" value="&#xa;" />
    <property name="target" value="11" />
    <property name="env.TRAVIS_BUILD_DIR" value="/home/travis/build/icyphy/ptII" />
    <property name="env.ANT_OPTS" value="-Xmx2048m" />
    <property name="ant.file.type" value="file" />
    <property name="ptolemy.ptII.batchMode" value="true" />
    <property name="env.HISTSIZE" value="1000" />
    <property name="env.MERB_ENV" value="test" />
    <property name="java.vm.info" value="mixed mode" />
    <property name="source" value="11" />
    <property name="java.vm.specification.name" value="Java Virtual Machine Specification" />
    <property name="env.TRAVIS_TEST_RESULT" value="0" />
    <property name="jsdoc.command" value="node_modules/@terraswarm/jsdoc/jsdoc.js" />
    <property name="npm.works" value="true" />
    <property name="cobertura.dir" value="/home/travis/build/icyphy/ptII/vendors/cobertura-2.0.3" />
    <property name="jsdoc.command.exists" value="true" />
    <property name="env.rvm_path" value="/home/travis/.rvm" />
    <property name="env.GEM_PATH" value="/home/travis/.rvm/gems/ruby-2.5.3:/home/travis/.rvm/gems/ruby-2.5.3@global" />
    <property name="env.LC_CTYPE" value="en_US.UTF-8" />
    <property name="env.TRAVIS_CMD" value="$PTII/bin/ptIITravisBuild.sh $SECONDS" />
    <property name="java.awt.printerjob" value="sun.print.PSPrinterJob" />
    <property name="env.TRAVIS_STACK_NAME" value="sardonyx" />
    <property name="env.TRAVIS_TIMER_START_TIME" value="1570427163847092065" />
    <property name="ant.version" value="Apache Ant(TM) version 1.10.1 compiled on February 2 2017" />
    <property name="ptII.reports" value="/home/travis/build/icyphy/ptII/reports" />
    <property name="env.TRAVIS_STACK_TIMESTAMP" value="2019-03-25 16:16:56 UTC" />
    <property name="ant.file.type.ptII" value="file" />
    <property name="env.RBENV_SHELL" value="bash" />
    <property name="os.name" value="Linux" />
    <property name="java.specification.vendor" value="Oracle Corporation" />
    <property name="env.rvm_version" value="1.29.7 (latest)" />
    <property name="env.TRAVIS_INFRA" value="unknown" />
    <property name="env.TERM" value="xterm" />
    <property name="java.vm.name" value="OpenJDK 64-Bit Server VM" />
    <property name="env.TRAVIS_BUILD_NUMBER" value="1352" />
    <property name="env.CI" value="true" />
    <property name="java.library.path" value="/home/travis/pthla/certi-tools/lib:/usr/lib/jni:/usr/local/share/OpenCV/java/:/usr/share/OpenCV/java::/usr/java/packages/lib:/usr/lib64:/lib64:/lib:/usr/lib" />
    <property name="jdk.module.path" value="/home/travis/build/icyphy/ptII/vendors/javafx/javafx-sdk-11.0.2/lib:" />
    <property name="env.rvm_prefix" value="/home/travis" />
    <property name="env.PATH" value="/home/travis/pthla/certi-tools/share/scripts:/home/travis/.rvm/gems/ruby-2.5.3/bin:/home/travis/.rvm/gems/ruby-2.5.3@global/bin:/home/travis/.rvm/rubies/ruby-2.5.3/bin:/home/travis/.rvm/bin:/home/travis/.nvm/versions/node/v7.10.1/bin:./node_modules/.bin:/home/travis/build/icyphy/ptII/bin:/home/travis/pthla/certi-tools/bin:/home/travis/bin:/home/travis/.local/bin:/usr/local/lib/jvm/openjdk11/bin:/opt/pyenv/shims:/home/travis/.phpenv/shims:/home/travis/perl5/perlbrew/bin:/home/travis/gopath/bin:/home/travis/.gimme/versions/go1.11.1.linux.amd64/bin:/usr/local/maven-3.6.0/bin:/usr/local/cmake-3.12.4/bin:/usr/local/clang-7.0.0/bin:/usr/local/sbin:/usr/local/bin:/usr/sbin:/usr/bin:/sbin:/bin:/snap/bin:/home/travis/.phpenv/bin:/opt/pyenv/bin:/home/travis/.yarn/bin" />
    <property name="env.TRAVIS_OS_NAME" value="linux" />
    <property name="ant.java.version" value="9" />
    <property name="basedir" value="/home/travis/build/icyphy/ptII" />
    <property name="java.class.version" value="55.0" />
    <property name="env.SHLVL" value="3" />
    <property name="env.LD_LIBRARY_PATH" value="/home/travis/pthla/certi-tools/lib:/usr/lib/jni:/usr/local/share/OpenCV/java/:/usr/share/OpenCV/java:" />
    <property name="env.RACK_ENV" value="test" />
    <property name="ant.home" value="/home/travis/build/icyphy/ptII/ant" />
    <property name="env.NVM_DIR" value="/home/travis/.nvm" />
    <property name="env.CERTI_FOM_PATH" value="/home/travis/pthla/certi-tools/share/federations" />
    <property name="env.TRAVIS_BUILD_ID" value="594415557" />
    <property name="env.PYENV_ROOT" value="/opt/pyenv" />
    <property name="env.TRAVIS_UID" value="2000" />
    <property name="prism.verbose" value="true" />
    <property name="env.NVM_BIN" value="/home/travis/.nvm/versions/node/v7.10.1/bin" />
    <property name="env.TRAVIS_COMMIT" value="1691c4a63a7f6e8f7441362a7c71a7ee30ba8bb1" />
    <property name="env._system_arch" value="x86_64" />
    <property name="node.executable" value="node" />
    <property name="sun.boot.library.path" value="/usr/local/lib/jvm/openjdk11/lib" />
    <property name="sun.management.compiler" value="HotSpot 64-Bit Tiered Compilers" />
    <property name="java.awt.graphicsenv" value="sun.awt.X11GraphicsEnvironment" />
    <property name="env.GOPATH" value="/home/travis/gopath" />
    <property name="ptolemy.ptII.dir" value="/home/travis/build/icyphy/ptII" />
    <property name="env.USER" value="travis" />
    <property name="env.HISTFILESIZE" value="2000" />
    <property name="timeout.longest" value="19000000" />
    <property name="env.PERLBREW_SHELLRC_VERSION" value="0.86" />
    <property name="env.TRAVIS_STACK_FEATURES" value="basic couchdb disabled-ipv6 docker docker-compose elasticsearch firefox go-toolchain google-chrome jdk memcached mongodb mysql nodejs_interpreter perl_interpreter perlbrew phantomjs postgresql python_interpreter redis ruby_interpreter sqlite xserver" />
    <property name="env.TRAVIS_PULL_REQUEST" value="false" />
    <property name="env.PYENV_SHELL" value="bash" />
    <property name="ant.project.name" value="ptII" />
    <property name="env.ANSI_RESET" value="\033[0m" />
    <property name="java.vm.specification.version" value="11" />
    <property name="env.TRAVIS_DIST" value="xenial" />
    <property name="env.CERTI_VERSION" value="4.0.0" />
    <property name="env.CERTI_HOST" value="localhost" />
    <property name="awt.toolkit" value="sun.awt.X11.XToolkit" />
    <property name="env.MY_RUBY_HOME" value="/home/travis/.rvm/rubies/ruby-2.5.3" />
    <property name="sun.cpu.isalist" value="" />
    <property name="env.TRAVIS_TMPDIR" value="/tmp/tmp.8eP12wM0VR" />
    <property name="java.vm.compressedOopsMode" value="Zero based" />
    <property name="os.version" value="4.15.0-1028-gcp" />
    <property name="user.home" value="/home/travis" />
    <property name="java.vm.vendor" value="Oracle Corporation" />
    <property name="env.TRAVIS_TAG" value="nightly" />
    <property name="env.ANSI_YELLOW" value="\033[33;1m" />
    <property name="env.TRAVIS_FILTERED" value="redirect_io" />
    <property name="env.ANSI_GREEN" value="\033[32;1m" />
    <property name="env.JAVA_HOME" value="/usr/local/lib/jvm/openjdk11" />
    <property name="javadoc.excludepackagenames" value="adm.cvs2svn.*,build.*,config.*,doc.coding.templates.*,jni.test.jni.meaningOfLife.*,jni.test.jni.testDeux.*,jni.test.jni.testTrois.*,org.terraswarm.accessor.accessors.web.node_modules.*,org.terraswarm.accessor.accessors.web.hosts.cordova.demo.*,org.terraswarm.accessor.accessors.web.hosts.cordova.plugins.*,org.terraswarm.accessor.accessors-svn.*,pt-modules.*,ptolemy.apps.agilent.*,ptolemy.apps.anytimecontrol.*,ptolemy.apps.apes.*,ptolemy.apps.charon.*,ptolemy.apps.crazyboard.*,ptolemy.apps.eclipse.*,ptolemy.apps.etherealSting.*,ptolemy.apps.fullscreen.*,ptolemy.apps.giotto.*,ptolemy.apps.ia.*,ptolemy.apps.interfaces.*,ptolemy.apps.jmf.*,ptolemy.apps.kurt.*,ptolemy.apps.kvm.*,ptolemy.apps.lego.*,ptolemy.apps.lejos.*,ptolemy.apps.midp.*,ptolemy.apps.mobileCoding.*,ptolemy.apps.pendulum.*,ptolemy.apps.rijndael.*,ptolemy.apps.robot.*,ptolemy.apps.security.*,ptolemy.apps.sobel.*,ptolemy.apps.soot.*,ptolemy.apps.throttle.*,ptolemy.apps.tini.*,ptolemy.apps.transmission.*,ptolemy.apps.vergil.*,ptolemy.apps.waba.*,ptolemy.apps.websensor.*,ptolemy.apps.webstart.*,ptolemy.apps.xsl.*,ptolemy.apps.zaurus.*,ptolemy.codegen.c.actor.lib.oldJavaFiles.*,ptolemy.codegen.dsp.lib.*,ptolemy.codegen.kernel.newInterfaces.*,ptolemy.codegen.lib.*,ptolemy.copernicus.kernel.fragment.*,ptolemy.copernicus.shallow.cg.*,ptolemy.domains.giotto.demo.Hierarchy.Hierarchy.*,ptolemy.domains.giotto.demo.Multimode.Multimode.*,ptolemy.domains.giotto.demo.Simple.Simple.*,ptolemy.domains.gr.lib.experimental.*,ptolemy.domains.gro.*,ptolemy.domains.pdf.*,ptolemy.domains.ptinyos.demo.Surge.output.*,ptolemy.moml.test.NoPackageActor.java*,ptolemy.plot.adm.*,ptolemy.plot.servlet.*,reports.*,signed.*,src.*,target.*,vendors.*,ptolemy.copernicus.applet.*,ptolemy.media.viewer.*,ptolemy.actor.corba.*,doc.doclets.*,ptolemy.apps.eclipse.awt.*,ptolemy.backtrack.*,ptolemy.backtrack.ast.*,ptolemy.cg.adapter.generic.program.procedural.c.mbed*,ptolemy.homer.*,ptolemy.actor.lib.jai.*,org.ptolemy.scala.*,diva.util.java2d.svg.*,ptolemy.domains.ptinyos.*,ptolemy.actor.lib.fmi.fmipp.*,,org.terraswarm.accessor.accessors.web.node_modules.*,org.terraswarm.accessor.accessors-svn,ptolemy.apps.*,ptolemy.actor.ptalon.demo.ptinyos.SendAndReceiveCnt.output,ptolemy.actor.ptalon.demo.ptinyos.SenseToLeds.output,ptolemy.domains.ptinyos.demo.CntToLedsAndRfm.output,ptolemy.domains.ptinyos.demo.RfmToLeds.output,ptolemy.domains.ptinyos.demo.SendAndReceiveCnt.output,ptolemy.domains.ptinyos.demo.SenseToLeds.output,ptolemy.actor.lib.jjs.modules.udpSocket.*" />
    <property name="env.PTII" value="/home/travis/build/icyphy/ptII" />
    <property name="env.XDG_SESSION_ID" value="2" />
    <property name="keystore" value="ptKeystore" />
    <property name="env.TRAVIS_COMMIT_MESSAGE" value="Use --release 8 instead of -target 8 -release 8 because --release 8 includes -target 8." />
    <property name="junit.output.dir" value="/home/travis/build/icyphy/ptII/reports/junit" />
    <property name="npm.return.code" value="0" />
    <property name="user.dir" value="/home/travis/build/icyphy/ptII/ptolemy/actor/lib/test" />
    <property name="env.TRAVIS_NODE_VERSION" value="7" />
    <property name="env.TRAVIS_EVENT_TYPE" value="cron" />
    <property name="env.MAIL" value="/var/mail/travis" />
    <property name="env.PERLBREW_ROOT" value="/home/travis/perl5/perlbrew" />
    <property name="env.PWD" value="/home/travis/build/icyphy/ptII" />
    <property name="timeout.npm" value="45000" />
    <property name="env.TRAVIS_ARCH" value="amd64" />
    <property name="sun.cpu.endian" value="little" />
    <property name="env.PAGER" value="cat" />
    <property name="env.TRAVIS_BUILD_STAGE_NAME" value="Test" />
    <property name="env.PERLBREW_HOME" value="/home/travis/.perlbrew" />
    <property name="java.vm.version" value="11.0.2+9" />
    <property name="env.RAILS_ENV" value="test" />
    <property name="java.class.path" value="/home/travis/.ptolemyII:/home/travis/.ptolemyII/*:/home/travis/build/icyphy/ptII:/home/travis/build/icyphy/ptII/lib/bsh-2.0b4.jar:/home/travis/build/icyphy/ptII/lib/ptCal.jar:/home/travis/build/icyphy/ptII/lib/java_cup.jar:/home/travis/build/icyphy/ptII/lib/saxon8.jar:/home/travis/build/icyphy/ptII/lib/saxon8-dom.jar:/home/travis/build/icyphy/ptII/lib/chic.jar:/home/travis/build/icyphy/ptII/lib/ptcolt.jar:/home/travis/build/icyphy/ptII/vendors/misc/itext/iText.jar:/home/travis/build/icyphy/ptII/lib/g4ltl.jar:/home/travis/build/icyphy/ptII/lib/StructuralCoder.jar:/home/travis/build/icyphy/ptII/lib/jcerti.jar:/home/travis/build/icyphy/ptII/lib/javax.mail.jar:/home/travis/build/icyphy/ptII/vendors/JMF-2.1.1e/lib/jmf.jar:/home/travis/build/icyphy/ptII/lib/jna-4.0.0-variadic.jar:/home/travis/build/icyphy/ptII/vendors/misc/joystick/Joystick.jar:/home/travis/build/icyphy/ptII/lib/ptjacl.jar:/home/travis/build/icyphy/ptII/lib/jsoup-1.8.2.jar:/home/travis/build/icyphy/ptII/lib/junit-4.8.2.jar:/home/travis/build/icyphy/ptII/lib/JUnitParams-0.4.0.jar:/home/travis/build/icyphy/ptII/ptolemy/actor/lib/excel/jxl.jar:/home/travis/build/icyphy/ptII/lib/jython.jar:/home/travis/build/icyphy/ptII/lib/kieler.jar:/home/travis/build/icyphy/ptII/vendors/opencv/share/OpenCV/java/opencv-341.jar:/home/travis/build/icyphy/ptII/lib/oscP5.jar:/home/travis/build/icyphy/ptII/lib/nrjavaserial-3.11.0.devel.jar:/home/travis/build/icyphy/ptII/vendors/j3d/lib/Linux/j3dcore.jar:/home/travis/build/icyphy/ptII/vendors/j3d/lib/Linux/j3dutils.jar:/home/travis/build/icyphy/ptII/vendors/j3d/lib/Linux/vecmath.jar:/home/travis/build/icyphy/ptII/vendors/jogl/lib/Linux/gluegen-rt-natives-linux-amd64.jar:/home/travis/build/icyphy/ptII/vendors/jogl/lib/Linux/gluegen-rt.jar:/home/travis/build/icyphy/ptII/vendors/jogl/lib/Linux/jogl-all-natives-linux-amd64.jar:/home/travis/build/icyphy/ptII/vendors/jogl/lib/Linux/jogl-all.jar:/home/travis/build/icyphy/ptII/ptolemy/distributed/jini/jar/jini-core.jar:/home/travis/build/icyphy/ptII/ptolemy/distributed/jini/jar/jini-ext.jar:/home/travis/build/icyphy/ptII/ptolemy/distributed/jini/jar/sun-util.jar:/home/travis/build/icyphy/ptII/lib/protobuf-java-2.4.1.jar:/home/travis/build/icyphy/ptII/lib/org.eclipse.paho.client.mqttv3.jar:/home/travis/build/icyphy/ptII/lib/mapss.jar:/home/travis/build/icyphy/ptII/ptolemy/actor/ptalon/antlr/antlr.jar:/home/travis/build/icyphy/ptII/lib/JRI.jar:/home/travis/build/icyphy/ptII/lib/commons-lang-2.6.jar:/home/travis/build/icyphy/ptII/lib/commons-logging-1.1.1.jar:/home/travis/build/icyphy/ptII/lib/sootclasses.jar:/home/travis/build/icyphy/ptII/ptolemy/actor/lib/database/mysql-connector-java-5.1.6-bin.jar:/home/travis/build/icyphy/ptII/vendors/misc/sphinx4/sphinx4-data-5prealpha.jar:/home/travis/build/icyphy/ptII/vendors/misc/sphinx4/sphinx4-core-5prealpha.jar:/home/travis/build/icyphy/ptII/lib/PDFRenderer.jar:/home/travis/build/icyphy/ptII/lib/svgSalamander.jar:/home/travis/build/icyphy/ptII/lib/rsyntaxtextarea-2.6.0-SNAPSHOT.jar:/home/travis/build/icyphy/ptII/lib/hazelcast-3.8.2.jar:/home/travis/build/icyphy/ptII/lib/jackson-annotations-2.9.0.jar:/home/travis/build/icyphy/ptII/lib/jackson-core-2.9.3.jar:/home/travis/build/icyphy/ptII/lib/jackson-databind-2.9.3.jar:/home/travis/build/icyphy/ptII/lib/netty-buffer-4.1.19.Final.jar:/home/travis/build/icyphy/ptII/lib/netty-codec-4.1.19.Final.jar:/home/travis/build/icyphy/ptII/lib/netty-codec-dns-4.1.19.Final.jar:/home/travis/build/icyphy/ptII/lib/netty-codec-http-4.1.19.Final.jar:/home/travis/build/icyphy/ptII/lib/netty-codec-http2-4.1.19.Final.jar:/home/travis/build/icyphy/ptII/lib/netty-common-4.1.19.Final.jar:/home/travis/build/icyphy/ptII/lib/netty-handler-4.1.19.Final.jar:/home/travis/build/icyphy/ptII/lib/netty-resolver-4.1.19.Final.jar:/home/travis/build/icyphy/ptII/lib/netty-resolver-dns-4.1.19.Final.jar:/home/travis/build/icyphy/ptII/lib/netty-transport-4.1.19.Final.jar:/home/travis/build/icyphy/ptII/lib/vertx-codegen-3.5.1.jar:/home/travis/build/icyphy/ptII/lib/vertx-core-3.5.2-SNAPSHOT.jar:/home/travis/build/icyphy/ptII/lib/vertx-hazelcast-3.5.1.jar:/home/travis/build/icyphy/ptII/lib/vertx-lang-js-3.5.1.jar:/home/travis/build/icyphy/ptII/lib/vertx-service-proxy-3.5.1.jar:/home/travis/build/icyphy/ptII/lib/vertx-web-3.5.1.jar:/home/travis/build/icyphy/ptII/lib/slf4j-api-1.7.13.jar:/home/travis/build/icyphy/ptII/lib/slf4j-simple-1.7.13.jar:/home/travis/build/icyphy/ptII/lib/webcam-capture-0.3.12.jar:/home/travis/build/icyphy/ptII/lib/bridj-0.7.0.jar:/home/travis/build/icyphy/ptII/lib/xbjlib-1.1.0.nrjavaserial.jar:/home/travis/build/icyphy/ptII/ptolemy/moml/test:/home/travis/build/icyphy/ptII/ant/lib/ant-launcher.jar:/home/travis/build/icyphy/ptII/ant/lib/ant.jar:/home/travis/build/icyphy/ptII/ant/lib/ant-junit.jar:/home/travis/build/icyphy/ptII/ant/lib/ant-junit4.jar" />
    <property name="ant.library.dir" value="/home/travis/build/icyphy/ptII/ant/lib" />
    <property name="os.arch" value="amd64" />
    <property name="env.CONTINUOUS_INTEGRATION" value="true" />
    <property name="env.TRAVIS_LANGUAGE" value="node_js" />
    <property name="env.TRAVIS_STACK_LANGUAGES" value="__sardonyx__ c c++ clojure cplusplus cpp default generic go groovy java node_js php pure_java python ruby scala" />
    <property name="test.name" value="ptolemy.actor.lib.test.junit.JUnitTclTest" />
    <property name="env.APT_KEY_DONT_WARN_ON_DANGEROUS_USAGE" value="1" />
    <property name="sun.java.launcher" value="SUN_STANDARD" />
    <property name="env.PYTHON_CONFIGURE_OPTS" value="--enable-unicode=ucs4 --with-wide-unicode --enable-shared --enable-ipv6 --enable-loadable-sqlite-extensions --with-computed-gotos" />
    <property name="ant.core.lib" value="/home/travis/build/icyphy/ptII/ant/lib/ant.jar" />
    <property name="java.vm.specification.vendor" value="Oracle Corporation" />
    <property name="env.BCVTB_HOME" value="/home/travis/build/icyphy/ptII/lbnl" />
    <property name="file.separator" value="/" />
    <property name="spotbugs.home" value="/home/travis/build/icyphy/ptII/vendors/spotbugs-3.1.1" />
    <property name="java.runtime.version" value="11.0.2+9" />
    <property name="env.ANSI_CLEAR" value="\033[0K" />
    <property name="javafx.verbose" value="true" />
    <property name="env.HAS_JOSH_K_SEAL_OF_APPROVAL" value="true" />
    <property name="env.XDG_RUNTIME_DIR" value="/run/user/2000" />
    <property name="env.TRAVIS_OSX_IMAGE" value="" />
    <property name="env.TRAVIS_JOB_ID" value="594415565" />
    <property name="env.TRAVIS_BRANCH" value="master" />
    <property name="user.country" value="US" />
    <property name="env.CERTI_HOME_TRAVIS" value="/home/travis/pthla/certi-tools" />
    <property name="env.SHELL" value="/bin/bash" />
    <property name="java.maxmemory.large" value="3200m" />
    <property name="model" value="" />
    <property name="env.CASHER_DIR" value="/home/travis/.casher" />
    <property name="env.NVM_CD_FLAGS" value="" />
    <property name="java.vendor.version" value="18.9" />
    <property name="jshint.executable" value="/home/travis/node_modules/jshint/bin/jshint" />
    <property name="env.JRUBY_OPTS" value=" --client -J-XX:+TieredCompilation -J-XX:TieredStopAtLevel=1 -J-Xss2m -Xcompile.invokedynamic=false" />
    <property name="java.vendor" value="Oracle Corporation" />
    <property name="env.TRAVIS_PRE_CHEF_BOOTSTRAP_TIME" value="2019-03-25T16:16:42" />
    <property name="env.TRAVIS_STACK_JOB_BOARD_REGISTER" value="/.job-board-register.yml" />
    <property name="env.ANSI_RED" value="\033[31;1m" />
    <property name="java.specification.version" value="11" />
    <property name="env.IRBRC" value="/home/travis/.rvm/rubies/ruby-2.5.3/.irbrc" />
    <property name="env.TRAVIS" value="true" />
    <property name="sun.arch.data.model" value="64" />
  </properties>
  <testcase classname="ptolemy.util.test.junit.TclTests" name="[0] /home/travis/build/icyphy/ptII/ptolemy/actor/lib/test/AbsoluteValue.tcl (RunTclFile)" time="0.51" />
  <testcase classname="ptolemy.util.test.junit.TclTests" name="[1] /home/travis/build/icyphy/ptII/ptolemy/actor/lib/test/AddSubtract.tcl (RunTclFile)" time="0.215" />
  <testcase classname="ptolemy.util.test.junit.TclTests" name="[2] /home/travis/build/icyphy/ptII/ptolemy/actor/lib/test/Average.tcl (RunTclFile)" time="0.04" />
  <testcase classname="ptolemy.util.test.junit.TclTests" name="[3] /home/travis/build/icyphy/ptII/ptolemy/actor/lib/test/Bernoulli.tcl (RunTclFile)" time="0.018" />
  <testcase classname="ptolemy.util.test.junit.TclTests" name="[4] /home/travis/build/icyphy/ptII/ptolemy/actor/lib/test/Clock.tcl (RunTclFile)" time="0.098" />
  <testcase classname="ptolemy.util.test.junit.TclTests" name="[5] /home/travis/build/icyphy/ptII/ptolemy/actor/lib/test/Commutator.tcl (RunTclFile)" time="0.205" />
  <testcase classname="ptolemy.util.test.junit.TclTests" name="[6] /home/travis/build/icyphy/ptII/ptolemy/actor/lib/test/Const.tcl (RunTclFile)" time="0.151" />
  <testcase classname="ptolemy.util.test.junit.TclTests" name="[7] /home/travis/build/icyphy/ptII/ptolemy/actor/lib/test/CurrentTime.tcl (RunTclFile)" time="0.021" />
  <testcase classname="ptolemy.util.test.junit.TclTests" name="[8] /home/travis/build/icyphy/ptII/ptolemy/actor/lib/test/DB.tcl (RunTclFile)" time="0.059" />
  <testcase classname="ptolemy.util.test.junit.TclTests" name="[9] /home/travis/build/icyphy/ptII/ptolemy/actor/lib/test/DiscreteRandomSource.tcl (RunTclFile)" time="0.025" />
  <testcase classname="ptolemy.util.test.junit.TclTests" name="[10] /home/travis/build/icyphy/ptII/ptolemy/actor/lib/test/Distributor.tcl (RunTclFile)" time="0.079" />
  <testcase classname="ptolemy.util.test.junit.TclTests" name="[11] /home/travis/build/icyphy/ptII/ptolemy/actor/lib/test/Exit.tcl (RunTclFile)" time="0.133" />
  <testcase classname="ptolemy.util.test.junit.TclTests" name="[12] /home/travis/build/icyphy/ptII/ptolemy/actor/lib/test/Expression.tcl (RunTclFile)" time="0.148" />
  <testcase classname="ptolemy.util.test.junit.TclTests" name="[13] /home/travis/build/icyphy/ptII/ptolemy/actor/lib/test/Gaussian.tcl (RunTclFile)" time="0.539" />
  <testcase classname="ptolemy.util.test.junit.TclTests" name="[14] /home/travis/build/icyphy/ptII/ptolemy/actor/lib/test/IIR.tcl (RunTclFile)" time="0.04" />
  <testcase classname="ptolemy.util.test.junit.TclTests" name="[15] /home/travis/build/icyphy/ptII/ptolemy/actor/lib/test/Interpolator.tcl (RunTclFile)" time="0.108" />
  <testcase classname="ptolemy.util.test.junit.TclTests" name="[16] /home/travis/build/icyphy/ptII/ptolemy/actor/lib/test/MathFunction.tcl (RunTclFile)" time="0.087" />
  <testcase classname="ptolemy.util.test.junit.TclTests" name="[17] /home/travis/build/icyphy/ptII/ptolemy/actor/lib/test/Maximum.tcl (RunTclFile)" time="0.023" />
  <testcase classname="ptolemy.util.test.junit.TclTests" name="[18] /home/travis/build/icyphy/ptII/ptolemy/actor/lib/test/Minimum.tcl (RunTclFile)" time="0.019" />
  <testcase classname="ptolemy.util.test.junit.TclTests" name="[19] /home/travis/build/icyphy/ptII/ptolemy/actor/lib/test/MultiplyDivide.tcl (RunTclFile)" time="0.029" />
  <testcase classname="ptolemy.util.test.junit.TclTests" name="[20] /home/travis/build/icyphy/ptII/ptolemy/actor/lib/test/OrderedMerge.tcl (RunTclFile)" time="0.154" />
  <testcase classname="ptolemy.util.test.junit.TclTests" name="[21] /home/travis/build/icyphy/ptII/ptolemy/actor/lib/test/Publisher.tcl (RunTclFile)" time="0.791" />
  <testcase classname="ptolemy.util.test.junit.TclTests" name="[22] /home/travis/build/icyphy/ptII/ptolemy/actor/lib/test/Pulse.tcl (RunTclFile)" time="0.094" />
  <testcase classname="ptolemy.util.test.junit.TclTests" name="[23] /home/travis/build/icyphy/ptII/ptolemy/actor/lib/test/Ramp.tcl (RunTclFile)" time="2.364" />
  <testcase classname="ptolemy.util.test.junit.TclTests" name="[24] /home/travis/build/icyphy/ptII/ptolemy/actor/lib/test/RampContinuous.tcl (RunTclFile)" time="0.019" />
  <testcase classname="ptolemy.util.test.junit.TclTests" name="[25] /home/travis/build/icyphy/ptII/ptolemy/actor/lib/test/RecordAssembler.tcl (RunTclFile)" time="0.018" />
  <testcase classname="ptolemy.util.test.junit.TclTests" name="[26] /home/travis/build/icyphy/ptII/ptolemy/actor/lib/test/RecordDisassembler.tcl (RunTclFile)" time="0.043" />
  <testcase classname="ptolemy.util.test.junit.TclTests" name="[27] /home/travis/build/icyphy/ptII/ptolemy/actor/lib/test/Scale.tcl (RunTclFile)" time="0.018" />
  <testcase classname="ptolemy.util.test.junit.TclTests" name="[28] /home/travis/build/icyphy/ptII/ptolemy/actor/lib/test/SequentialClock.tcl (RunTclFile)" time="0.013" />
  <testcase classname="ptolemy.util.test.junit.TclTests" name="[29] /home/travis/build/icyphy/ptII/ptolemy/actor/lib/test/SetVariable.tcl (RunTclFile)" time="0.037">
    <failure message="Number of failed tests is has increased. expected:&lt;0&gt; but was:&lt;1&gt;" type="junit.framework.AssertionFailedError">junit.framework.AssertionFailedError: Number of failed tests is has increased. expected:&lt;0&gt; but was:&lt;1&gt;
	at ptolemy.util.test.junit.TclTests.RunTclFile(TclTests.java:286)
	at jdk.internal.reflect.GeneratedMethodAccessor19.invoke(Unknown Source)
	at java.base/jdk.internal.reflect.DelegatingMethodAccessorImpl.invoke(DelegatingMethodAccessorImpl.java:43)
	at junitparams.internal.InvokeParameterisedMethod.evaluate(InvokeParameterisedMethod.java:102)
	at junitparams.internal.ParameterisedTestMethodRunner.runMethodInvoker(ParameterisedTestMethodRunner.java:47)
	at junitparams.internal.ParameterisedTestMethodRunner.runTestMethod(ParameterisedTestMethodRunner.java:41)
	at junitparams.internal.ParameterisedTestClassRunner.runParameterisedTest(ParameterisedTestClassRunner.java:143)
	at junitparams.JUnitParamsRunner.runChild(JUnitParamsRunner.java:237)
	at junitparams.JUnitParamsRunner.runChild(JUnitParamsRunner.java:215)
</failure>
  </testcase>
  <testcase classname="ptolemy.util.test.junit.TclTests" name="[30] /home/travis/build/icyphy/ptII/ptolemy/actor/lib/test/Sinewave.tcl (RunTclFile)" time="0.051" />
  <testcase classname="ptolemy.util.test.junit.TclTests" name="[31] /home/travis/build/icyphy/ptII/ptolemy/actor/lib/test/SubscriptionAggregator.tcl (RunTclFile)" time="2.236" />
  <testcase classname="ptolemy.util.test.junit.TclTests" name="[32] /home/travis/build/icyphy/ptII/ptolemy/actor/lib/test/Test.tcl (RunTclFile)" time="0.136" />
  <testcase classname="ptolemy.util.test.junit.TclTests" name="[33] /home/travis/build/icyphy/ptII/ptolemy/actor/lib/test/TestExceptionHandler.tcl (RunTclFile)" time="0.013" />
  <testcase classname="ptolemy.util.test.junit.TclTests" name="[34] /home/travis/build/icyphy/ptII/ptolemy/actor/lib/test/UnionDisassembler.tcl (RunTclFile)" time="0.096" />
  <testcase classname="ptolemy.util.test.junit.TclTests" name="[35] /home/travis/build/icyphy/ptII/ptolemy/actor/lib/test/VariableClock.tcl (RunTclFile)" time="0.027" />
  <testcase classname="ptolemy.util.test.junit.AutoKnownFailedTests" name="[0] /home/travis/build/icyphy/ptII/ptolemy/actor/lib/test/auto/knownFailedTests/PublisherPortToplevelSubscriber.xml (RunModel)" time="0.034" />
  <testcase classname="ptolemy.util.test.junit.AutoKnownFailedTests" name="[1] /home/travis/build/icyphy/ptII/ptolemy/actor/lib/test/auto/knownFailedTests/PublisherSubscriberPortToplevel.xml (RunModel)" time="0.034" />
  <testcase classname="ptolemy.util.test.junit.AutoKnownFailedTests" name="[2] /home/travis/build/icyphy/ptII/ptolemy/actor/lib/test/auto/knownFailedTests/PublisherSubscriptionAggregatorPort.xml (RunModel)" time="0.019" />
  <testcase classname="ptolemy.util.test.junit.AutoKnownFailedTests" name="[3] /home/travis/build/icyphy/ptII/ptolemy/actor/lib/test/auto/knownFailedTests/sizedarray3.xml (RunModel)" time="0.023" />
  <testcase classname="ptolemy.util.test.junit.AutoNameArchTests" name="[0] ThereAreNoAutoArchTests (RunModel)" time="0.006" />
  <testcase classname="ptolemy.util.test.junit.AutoTests" name="[0] /home/travis/build/icyphy/ptII/ptolemy/actor/lib/test/auto/AbsoluteValue.xml (RunModel)" time="0.103" />
  <testcase classname="ptolemy.util.test.junit.AutoTests" name="[1] /home/travis/build/icyphy/ptII/ptolemy/actor/lib/test/auto/AbsoluteValue2.xml (RunModel)" time="0.065" />
  <testcase classname="ptolemy.util.test.junit.AutoTests" name="[2] /home/travis/build/icyphy/ptII/ptolemy/actor/lib/test/auto/Accumulator.xml (RunModel)" time="0.197" />
  <testcase classname="ptolemy.util.test.junit.AutoTests" name="[3] /home/travis/build/icyphy/ptII/ptolemy/actor/lib/test/auto/Accumulator2.xml (RunModel)" time="0.051" />
  <testcase classname="ptolemy.util.test.junit.AutoTests" name="[4] /home/travis/build/icyphy/ptII/ptolemy/actor/lib/test/auto/Accumulator3.xml (RunModel)" time="0.051" />
  <testcase classname="ptolemy.util.test.junit.AutoTests" name="[5] /home/travis/build/icyphy/ptII/ptolemy/actor/lib/test/auto/ArrayAppend.xml (RunModel)" time="0.038" />
  <testcase classname="ptolemy.util.test.junit.AutoTests" name="[6] /home/travis/build/icyphy/ptII/ptolemy/actor/lib/test/auto/ArrayAppend2.xml (RunModel)" time="0.417" />
  <testcase classname="ptolemy.util.test.junit.AutoTests" name="[7] /home/travis/build/icyphy/ptII/ptolemy/actor/lib/test/auto/ArrayAppend3.xml (RunModel)" time="0.043" />
  <testcase classname="ptolemy.util.test.junit.AutoTests" name="[8] /home/travis/build/icyphy/ptII/ptolemy/actor/lib/test/auto/ArrayAppend4.xml (RunModel)" time="0.033" />
  <testcase classname="ptolemy.util.test.junit.AutoTests" name="[9] /home/travis/build/icyphy/ptII/ptolemy/actor/lib/test/auto/ArrayAppend5.xml (RunModel)" time="0.017" />
  <testcase classname="ptolemy.util.test.junit.AutoTests" name="[10] /home/travis/build/icyphy/ptII/ptolemy/actor/lib/test/auto/ArrayAppend6.xml (RunModel)" time="0.023" />
  <testcase classname="ptolemy.util.test.junit.AutoTests" name="[11] /home/travis/build/icyphy/ptII/ptolemy/actor/lib/test/auto/ArrayAppendPerformanceTest.xml (RunModel)" time="0.079" />
  <testcase classname="ptolemy.util.test.junit.AutoTests" name="[12] /home/travis/build/icyphy/ptII/ptolemy/actor/lib/test/auto/ArrayAppendWithEmptyInput.xml (RunModel)" time="0.04" />
  <testcase classname="ptolemy.util.test.junit.AutoTests" name="[13] /home/travis/build/icyphy/ptII/ptolemy/actor/lib/test/auto/ArrayAverage.xml (RunModel)" time="0.043" />
  <testcase classname="ptolemy.util.test.junit.AutoTests" name="[14] /home/travis/build/icyphy/ptII/ptolemy/actor/lib/test/auto/ArrayContains.xml (RunModel)" time="0.046" />
  <testcase classname="ptolemy.util.test.junit.AutoTests" name="[15] /home/travis/build/icyphy/ptII/ptolemy/actor/lib/test/auto/ArrayElement.xml (RunModel)" time="0.035" />
  <testcase classname="ptolemy.util.test.junit.AutoTests" name="[16] /home/travis/build/icyphy/ptII/ptolemy/actor/lib/test/auto/ArrayElementAsMatrix.xml (RunModel)" time="0.114" />
  <testcase classname="ptolemy.util.test.junit.AutoTests" name="[17] /home/travis/build/icyphy/ptII/ptolemy/actor/lib/test/auto/ArrayElementI.xml (RunModel)" time="0.019" />
  <testcase classname="ptolemy.util.test.junit.AutoTests" name="[18] /home/travis/build/icyphy/ptII/ptolemy/actor/lib/test/auto/ArrayExtract.xml (RunModel)" time="0.043" />
  <testcase classname="ptolemy.util.test.junit.AutoTests" name="[19] /home/travis/build/icyphy/ptII/ptolemy/actor/lib/test/auto/ArrayExtract2.xml (RunModel)" time="0.017" />
  <testcase classname="ptolemy.util.test.junit.AutoTests" name="[20] /home/travis/build/icyphy/ptII/ptolemy/actor/lib/test/auto/ArrayLength.xml (RunModel)" time="0.024" />
  <testcase classname="ptolemy.util.test.junit.AutoTests" name="[21] /home/travis/build/icyphy/ptII/ptolemy/actor/lib/test/auto/ArrayLevelCrossing.xml (RunModel)" time="0.029" />
  <testcase classname="ptolemy.util.test.junit.AutoTests" name="[22] /home/travis/build/icyphy/ptII/ptolemy/actor/lib/test/auto/ArrayLevelCrossing2.xml (RunModel)" time="0.029" />
  <testcase classname="ptolemy.util.test.junit.AutoTests" name="[23] /home/travis/build/icyphy/ptII/ptolemy/actor/lib/test/auto/ArrayPeakSearch.xml (RunModel)" time="0.039" />
  <testcase classname="ptolemy.util.test.junit.AutoTests" name="[24] /home/travis/build/icyphy/ptII/ptolemy/actor/lib/test/auto/ArrayPeakSearch2.xml (RunModel)" time="0.035" />
  <testcase classname="ptolemy.util.test.junit.AutoTests" name="[25] /home/travis/build/icyphy/ptII/ptolemy/actor/lib/test/auto/ArrayPeakSearch3.xml (RunModel)" time="0.031" />
  <testcase classname="ptolemy.util.test.junit.AutoTests" name="[26] /home/travis/build/icyphy/ptII/ptolemy/actor/lib/test/auto/ArrayRemoveElement.xml (RunModel)" time="0.031" />
  <testcase classname="ptolemy.util.test.junit.AutoTests" name="[27] /home/travis/build/icyphy/ptII/ptolemy/actor/lib/test/auto/ArraySort.xml (RunModel)" time="0.031" />
  <testcase classname="ptolemy.util.test.junit.AutoTests" name="[28] /home/travis/build/icyphy/ptII/ptolemy/actor/lib/test/auto/ArraySum.xml (RunModel)" time="0.018" />
  <testcase classname="ptolemy.util.test.junit.AutoTests" name="[29] /home/travis/build/icyphy/ptII/ptolemy/actor/lib/test/auto/ArrayToElements.xml (RunModel)" time="0.02" />
  <testcase classname="ptolemy.util.test.junit.AutoTests" name="[30] /home/travis/build/icyphy/ptII/ptolemy/actor/lib/test/auto/ArrayToMatrix.xml (RunModel)" time="0.054" />
  <testcase classname="ptolemy.util.test.junit.AutoTests" name="[31] /home/travis/build/icyphy/ptII/ptolemy/actor/lib/test/auto/ArrayUpdate1.xml (RunModel)" time="0.024" />
  <testcase classname="ptolemy.util.test.junit.AutoTests" name="[32] /home/travis/build/icyphy/ptII/ptolemy/actor/lib/test/auto/ArrayUpdate2.xml (RunModel)" time="0.033" />
  <testcase classname="ptolemy.util.test.junit.AutoTests" name="[33] /home/travis/build/icyphy/ptII/ptolemy/actor/lib/test/auto/ArrayUpdate3.xml (RunModel)" time="0.021" />
  <testcase classname="ptolemy.util.test.junit.AutoTests" name="[34] /home/travis/build/icyphy/ptII/ptolemy/actor/lib/test/auto/Assert1.xml (RunModel)" time="0.022" />
  <testcase classname="ptolemy.util.test.junit.AutoTests" name="[35] /home/travis/build/icyphy/ptII/ptolemy/actor/lib/test/auto/Assert2.xml (RunModel)" time="0.014" />
  <testcase classname="ptolemy.util.test.junit.AutoTests" name="[36] /home/travis/build/icyphy/ptII/ptolemy/actor/lib/test/auto/BooleanMultiplexor.xml (RunModel)" time="0.015" />
  <testcase classname="ptolemy.util.test.junit.AutoTests" name="[37] /home/travis/build/icyphy/ptII/ptolemy/actor/lib/test/auto/BooleanMultiplexor2.xml (RunModel)" time="0.029" />
  <testcase classname="ptolemy.util.test.junit.AutoTests" name="[38] /home/travis/build/icyphy/ptII/ptolemy/actor/lib/test/auto/BooleanMultiplexor3.xml (RunModel)" time="0.022" />
  <testcase classname="ptolemy.util.test.junit.AutoTests" name="[39] /home/travis/build/icyphy/ptII/ptolemy/actor/lib/test/auto/BooleanSelect.xml (RunModel)" time="0.024" />
  <testcase classname="ptolemy.util.test.junit.AutoTests" name="[40] /home/travis/build/icyphy/ptII/ptolemy/actor/lib/test/auto/BooleanSelect2.xml (RunModel)" time="0.017" />
  <testcase classname="ptolemy.util.test.junit.AutoTests" name="[41] /home/travis/build/icyphy/ptII/ptolemy/actor/lib/test/auto/BooleanSwitch.xml (RunModel)" time="0.02" />
  <testcase classname="ptolemy.util.test.junit.AutoTests" name="[42] /home/travis/build/icyphy/ptII/ptolemy/actor/lib/test/auto/BooleanSwitch2.xml (RunModel)" time="0.066" />
  <testcase classname="ptolemy.util.test.junit.AutoTests" name="[43] /home/travis/build/icyphy/ptII/ptolemy/actor/lib/test/auto/BooleanSwitchCloningBugWithClassRelationGroup.xml (RunModel)" time="0.025" />
  <testcase classname="ptolemy.util.test.junit.AutoTests" name="[44] /home/travis/build/icyphy/ptII/ptolemy/actor/lib/test/auto/BusActors.xml (RunModel)" time="0.037" />
  <testcase classname="ptolemy.util.test.junit.AutoTests" name="[45] /home/travis/build/icyphy/ptII/ptolemy/actor/lib/test/auto/ClassWrapper.xml (RunModel)" time="0.029" />
  <testcase classname="ptolemy.util.test.junit.AutoTests" name="[46] /home/travis/build/icyphy/ptII/ptolemy/actor/lib/test/auto/Clock.xml (RunModel)" time="0.024" />
  <testcase classname="ptolemy.util.test.junit.AutoTests" name="[47] /home/travis/build/icyphy/ptII/ptolemy/actor/lib/test/auto/Clock10.xml (RunModel)" time="0.03" />
  <testcase classname="ptolemy.util.test.junit.AutoTests" name="[48] /home/travis/build/icyphy/ptII/ptolemy/actor/lib/test/auto/Clock11.xml (RunModel)" time="0.012" />
  <testcase classname="ptolemy.util.test.junit.AutoTests" name="[49] /home/travis/build/icyphy/ptII/ptolemy/actor/lib/test/auto/Clock12.xml (RunModel)" time="0.013" />
  <testcase classname="ptolemy.util.test.junit.AutoTests" name="[50] /home/travis/build/icyphy/ptII/ptolemy/actor/lib/test/auto/Clock13.xml (RunModel)" time="0.015" />
  <testcase classname="ptolemy.util.test.junit.AutoTests" name="[51] /home/travis/build/icyphy/ptII/ptolemy/actor/lib/test/auto/Clock14.xml (RunModel)" time="0.016" />
  <testcase classname="ptolemy.util.test.junit.AutoTests" name="[52] /home/travis/build/icyphy/ptII/ptolemy/actor/lib/test/auto/Clock15.xml (RunModel)" time="0.014" />
  <testcase classname="ptolemy.util.test.junit.AutoTests" name="[53] /home/travis/build/icyphy/ptII/ptolemy/actor/lib/test/auto/Clock16.xml (RunModel)" time="0.086" />
  <testcase classname="ptolemy.util.test.junit.AutoTests" name="[54] /home/travis/build/icyphy/ptII/ptolemy/actor/lib/test/auto/Clock17.xml (RunModel)" time="0.045" />
  <testcase classname="ptolemy.util.test.junit.AutoTests" name="[55] /home/travis/build/icyphy/ptII/ptolemy/actor/lib/test/auto/Clock18.xml (RunModel)" time="0.064" />
  <testcase classname="ptolemy.util.test.junit.AutoTests" name="[56] /home/travis/build/icyphy/ptII/ptolemy/actor/lib/test/auto/Clock19.xml (RunModel)" time="0.051" />
  <testcase classname="ptolemy.util.test.junit.AutoTests" name="[57] /home/travis/build/icyphy/ptII/ptolemy/actor/lib/test/auto/Clock2.xml (RunModel)" time="0.016" />
  <testcase classname="ptolemy.util.test.junit.AutoTests" name="[58] /home/travis/build/icyphy/ptII/ptolemy/actor/lib/test/auto/Clock20.xml (RunModel)" time="0.024" />
  <testcase classname="ptolemy.util.test.junit.AutoTests" name="[59] /home/travis/build/icyphy/ptII/ptolemy/actor/lib/test/auto/Clock21.xml (RunModel)" time="0.023" />
  <testcase classname="ptolemy.util.test.junit.AutoTests" name="[60] /home/travis/build/icyphy/ptII/ptolemy/actor/lib/test/auto/Clock22.xml (RunModel)" time="0.016" />
  <testcase classname="ptolemy.util.test.junit.AutoTests" name="[61] /home/travis/build/icyphy/ptII/ptolemy/actor/lib/test/auto/Clock23.xml (RunModel)" time="0.018" />
  <testcase classname="ptolemy.util.test.junit.AutoTests" name="[62] /home/travis/build/icyphy/ptII/ptolemy/actor/lib/test/auto/Clock24.xml (RunModel)" time="0.016" />
  <testcase classname="ptolemy.util.test.junit.AutoTests" name="[63] /home/travis/build/icyphy/ptII/ptolemy/actor/lib/test/auto/Clock4.xml (RunModel)" time="0.011" />
  <testcase classname="ptolemy.util.test.junit.AutoTests" name="[64] /home/travis/build/icyphy/ptII/ptolemy/actor/lib/test/auto/Clock5.xml (RunModel)" time="0.012" />
  <testcase classname="ptolemy.util.test.junit.AutoTests" name="[65] /home/travis/build/icyphy/ptII/ptolemy/actor/lib/test/auto/Clock6.xml (RunModel)" time="0.014" />
  <testcase classname="ptolemy.util.test.junit.AutoTests" name="[66] /home/travis/build/icyphy/ptII/ptolemy/actor/lib/test/auto/Clock7.xml (RunModel)" time="0.011" />
  <testcase classname="ptolemy.util.test.junit.AutoTests" name="[67] /home/travis/build/icyphy/ptII/ptolemy/actor/lib/test/auto/Clock8.xml (RunModel)" time="0.013" />
  <testcase classname="ptolemy.util.test.junit.AutoTests" name="[68] /home/travis/build/icyphy/ptII/ptolemy/actor/lib/test/auto/Clock9.xml (RunModel)" time="0.016" />
  <testcase classname="ptolemy.util.test.junit.AutoTests" name="[69] /home/travis/build/icyphy/ptII/ptolemy/actor/lib/test/auto/CommDistDiscard.xml (RunModel)" time="0.023" />
  <testcase classname="ptolemy.util.test.junit.AutoTests" name="[70] /home/travis/build/icyphy/ptII/ptolemy/actor/lib/test/auto/Commutator.xml (RunModel)" time="0.026" />
  <testcase classname="ptolemy.util.test.junit.AutoTests" name="[71] /home/travis/build/icyphy/ptII/ptolemy/actor/lib/test/auto/Commutator2.xml (RunModel)" time="0.011" />
  <testcase classname="ptolemy.util.test.junit.AutoTests" name="[72] /home/travis/build/icyphy/ptII/ptolemy/actor/lib/test/auto/Commutator3.xml (RunModel)" time="0.012" />
  <testcase classname="ptolemy.util.test.junit.AutoTests" name="[73] /home/travis/build/icyphy/ptII/ptolemy/actor/lib/test/auto/Compare.xml (RunModel)" time="0.05" />
  <testcase classname="ptolemy.util.test.junit.AutoTests" name="[74] /home/travis/build/icyphy/ptII/ptolemy/actor/lib/test/auto/CompareDE.xml (RunModel)" time="0.024" />
  <testcase classname="ptolemy.util.test.junit.AutoTests" name="[75] /home/travis/build/icyphy/ptII/ptolemy/actor/lib/test/auto/ComplexDivide.xml (RunModel)" time="0.009" />
  <testcase classname="ptolemy.util.test.junit.AutoTests" name="[76] /home/travis/build/icyphy/ptII/ptolemy/actor/lib/test/auto/ComputeHistogram.xml (RunModel)" time="0.085" />
  <testcase classname="ptolemy.util.test.junit.AutoTests" name="[77] /home/travis/build/icyphy/ptII/ptolemy/actor/lib/test/auto/ConfigurationSelect.xml (RunModel)" time="0.021" />
  <testcase classname="ptolemy.util.test.junit.AutoTests" name="[78] /home/travis/build/icyphy/ptII/ptolemy/actor/lib/test/auto/ConfigurationSelect2.xml (RunModel)" time="0.014" />
  <testcase classname="ptolemy.util.test.junit.AutoTests" name="[79] /home/travis/build/icyphy/ptII/ptolemy/actor/lib/test/auto/ConfigurationSwitch.xml (RunModel)" time="0.025" />
  <testcase classname="ptolemy.util.test.junit.AutoTests" name="[80] /home/travis/build/icyphy/ptII/ptolemy/actor/lib/test/auto/ConfigurationSwitch2.xml (RunModel)" time="0.025" />
  <testcase classname="ptolemy.util.test.junit.AutoTests" name="[81] /home/travis/build/icyphy/ptII/ptolemy/actor/lib/test/auto/ConfigurationSwitchCloningBugWithClassRelationGroup.xml (RunModel)" time="0.016" />
  <testcase classname="ptolemy.util.test.junit.AutoTests" name="[82] /home/travis/build/icyphy/ptII/ptolemy/actor/lib/test/auto/ConfigurationSwitchSelectSDF.xml (RunModel)" time="0.013" />
  <testcase classname="ptolemy.util.test.junit.AutoTests" name="[83] /home/travis/build/icyphy/ptII/ptolemy/actor/lib/test/auto/ConfigurationSwitchSelectSDF2.xml (RunModel)" time="0.012" />
  <testcase classname="ptolemy.util.test.junit.AutoTests" name="[84] /home/travis/build/icyphy/ptII/ptolemy/actor/lib/test/auto/Const.xml (RunModel)" time="0.006" />
  <testcase classname="ptolemy.util.test.junit.AutoTests" name="[85] /home/travis/build/icyphy/ptII/ptolemy/actor/lib/test/auto/Const2.xml (RunModel)" time="0.008" />
  <testcase classname="ptolemy.util.test.junit.AutoTests" name="[86] /home/travis/build/icyphy/ptII/ptolemy/actor/lib/test/auto/Const3.xml (RunModel)" time="0.006" />
  <testcase classname="ptolemy.util.test.junit.AutoTests" name="[87] /home/travis/build/icyphy/ptII/ptolemy/actor/lib/test/auto/ConstantPublisherPort1.xml (RunModel)" time="0.02" />
  <testcase classname="ptolemy.util.test.junit.AutoTests" name="[88] /home/travis/build/icyphy/ptII/ptolemy/actor/lib/test/auto/ConstantPublisherPort2.xml (RunModel)" time="0.016" />
  <testcase classname="ptolemy.util.test.junit.AutoTests" name="[89] /home/travis/build/icyphy/ptII/ptolemy/actor/lib/test/auto/ConstantPublisherPort3.xml (RunModel)" time="0.015" />
  <testcase classname="ptolemy.util.test.junit.AutoTests" name="[90] /home/travis/build/icyphy/ptII/ptolemy/actor/lib/test/auto/ConstantPublisherPort4.xml (RunModel)" time="0.015" />
  <testcase classname="ptolemy.util.test.junit.AutoTests" name="[91] /home/travis/build/icyphy/ptII/ptolemy/actor/lib/test/auto/ConstantPublisherPort5.xml (RunModel)" time="0.04" />
  <testcase classname="ptolemy.util.test.junit.AutoTests" name="[92] /home/travis/build/icyphy/ptII/ptolemy/actor/lib/test/auto/ConstantPublisherPort6.xml (RunModel)" time="0.025" />
  <testcase classname="ptolemy.util.test.junit.AutoTests" name="[93] /home/travis/build/icyphy/ptII/ptolemy/actor/lib/test/auto/ConstantPublisherPort7.xml (RunModel)" time="0.032" />
  <testcase classname="ptolemy.util.test.junit.AutoTests" name="[94] /home/travis/build/icyphy/ptII/ptolemy/actor/lib/test/auto/ConstraintMonitor1.xml (RunModel)" time="0.046" />
  <testcase classname="ptolemy.util.test.junit.AutoTests" name="[95] /home/travis/build/icyphy/ptII/ptolemy/actor/lib/test/auto/ConstraintMonitor2.xml (RunModel)" time="0.012" />
  <testcase classname="ptolemy.util.test.junit.AutoTests" name="[96] /home/travis/build/icyphy/ptII/ptolemy/actor/lib/test/auto/ConstraintMonitor3.xml (RunModel)" time="0.015" />
  <testcase classname="ptolemy.util.test.junit.AutoTests" name="[97] /home/travis/build/icyphy/ptII/ptolemy/actor/lib/test/auto/ConstraintMonitor4.xml (RunModel)" time="0.011" />
  <testcase classname="ptolemy.util.test.junit.AutoTests" name="[98] /home/travis/build/icyphy/ptII/ptolemy/actor/lib/test/auto/ConstraintMonitor5.xml (RunModel)" time="0.014" />
  <testcase classname="ptolemy.util.test.junit.AutoTests" name="[99] /home/travis/build/icyphy/ptII/ptolemy/actor/lib/test/auto/ConstraintMonitor6.xml (RunModel)" time="0.015" />
  <testcase classname="ptolemy.util.test.junit.AutoTests" name="[100] /home/travis/build/icyphy/ptII/ptolemy/actor/lib/test/auto/ConstraintMonitor7.xml (RunModel)" time="0.015" />
  <testcase classname="ptolemy.util.test.junit.AutoTests" name="[101] /home/travis/build/icyphy/ptII/ptolemy/actor/lib/test/auto/ConstraintMonitor8.xml (RunModel)" time="0.022" />
  <testcase classname="ptolemy.util.test.junit.AutoTests" name="[102] /home/travis/build/icyphy/ptII/ptolemy/actor/lib/test/auto/Counter.xml (RunModel)" time="0.019" />
  <testcase classname="ptolemy.util.test.junit.AutoTests" name="[103] /home/travis/build/icyphy/ptII/ptolemy/actor/lib/test/auto/CurrentTimeSDF.xml (RunModel)" time="0.01" />
  <testcase classname="ptolemy.util.test.junit.AutoTests" name="[104] /home/travis/build/icyphy/ptII/ptolemy/actor/lib/test/auto/DB.xml (RunModel)" time="0.013" />
  <testcase classname="ptolemy.util.test.junit.AutoTests" name="[105] /home/travis/build/icyphy/ptII/ptolemy/actor/lib/test/auto/DBDE.xml (RunModel)" time="0.012" />
  <testcase classname="ptolemy.util.test.junit.AutoTests" name="[106] /home/travis/build/icyphy/ptII/ptolemy/actor/lib/test/auto/DateConstructor.xml (RunModel)" time="0.088" />
  <testcase classname="ptolemy.util.test.junit.AutoTests" name="[107] /home/travis/build/icyphy/ptII/ptolemy/actor/lib/test/auto/DelayTime.xml (RunModel)" time="0.021" />
  <testcase classname="ptolemy.util.test.junit.AutoTests" name="[108] /home/travis/build/icyphy/ptII/ptolemy/actor/lib/test/auto/Dictionary1.xml (RunModel)" time="0.021" />
  <testcase classname="ptolemy.util.test.junit.AutoTests" name="[109] /home/travis/build/icyphy/ptII/ptolemy/actor/lib/test/auto/Dictionary2.xml (RunModel)" time="0.06" />
  <testcase classname="ptolemy.util.test.junit.AutoTests" name="[110] /home/travis/build/icyphy/ptII/ptolemy/actor/lib/test/auto/Dictionary3.xml (RunModel)" time="0.015" />
  <testcase classname="ptolemy.util.test.junit.AutoTests" name="[111] /home/travis/build/icyphy/ptII/ptolemy/actor/lib/test/auto/Dictionary4.xml (RunModel)" time="0.024" />
  <testcase classname="ptolemy.util.test.junit.AutoTests" name="[112] /home/travis/build/icyphy/ptII/ptolemy/actor/lib/test/auto/Differential.xml (RunModel)" time="0.014" />
  <testcase classname="ptolemy.util.test.junit.AutoTests" name="[113] /home/travis/build/icyphy/ptII/ptolemy/actor/lib/test/auto/Director.xml (RunModel)" time="0.01" />
  <testcase classname="ptolemy.util.test.junit.AutoTests" name="[114] /home/travis/build/icyphy/ptII/ptolemy/actor/lib/test/auto/DiscreteClock.xml (RunModel)" time="0.011" />
  <testcase classname="ptolemy.util.test.junit.AutoTests" name="[115] /home/travis/build/icyphy/ptII/ptolemy/actor/lib/test/auto/DiscreteClock10.xml (RunModel)" time="0.016" />
  <testcase classname="ptolemy.util.test.junit.AutoTests" name="[116] /home/travis/build/icyphy/ptII/ptolemy/actor/lib/test/auto/DiscreteClock11.xml (RunModel)" time="0.014" />
  <testcase classname="ptolemy.util.test.junit.AutoTests" name="[117] /home/travis/build/icyphy/ptII/ptolemy/actor/lib/test/auto/DiscreteClock12.xml (RunModel)" time="0.015" />
  <testcase classname="ptolemy.util.test.junit.AutoTests" name="[118] /home/travis/build/icyphy/ptII/ptolemy/actor/lib/test/auto/DiscreteClock13.xml (RunModel)" time="0.018" />
  <testcase classname="ptolemy.util.test.junit.AutoTests" name="[119] /home/travis/build/icyphy/ptII/ptolemy/actor/lib/test/auto/DiscreteClock14.xml (RunModel)" time="0.018" />
  <testcase classname="ptolemy.util.test.junit.AutoTests" name="[120] /home/travis/build/icyphy/ptII/ptolemy/actor/lib/test/auto/DiscreteClock15.xml (RunModel)" time="0.021" />
  <testcase classname="ptolemy.util.test.junit.AutoTests" name="[121] /home/travis/build/icyphy/ptII/ptolemy/actor/lib/test/auto/DiscreteClock16.xml (RunModel)" time="0.06" />
  <testcase classname="ptolemy.util.test.junit.AutoTests" name="[122] /home/travis/build/icyphy/ptII/ptolemy/actor/lib/test/auto/DiscreteClock17.xml (RunModel)" time="0.049" />
  <testcase classname="ptolemy.util.test.junit.AutoTests" name="[123] /home/travis/build/icyphy/ptII/ptolemy/actor/lib/test/auto/DiscreteClock18.xml (RunModel)" time="0.065" />
  <testcase classname="ptolemy.util.test.junit.AutoTests" name="[124] /home/travis/build/icyphy/ptII/ptolemy/actor/lib/test/auto/DiscreteClock19.xml (RunModel)" time="0.049" />
  <testcase classname="ptolemy.util.test.junit.AutoTests" name="[125] /home/travis/build/icyphy/ptII/ptolemy/actor/lib/test/auto/DiscreteClock2.xml (RunModel)" time="0.014" />
  <testcase classname="ptolemy.util.test.junit.AutoTests" name="[126] /home/travis/build/icyphy/ptII/ptolemy/actor/lib/test/auto/DiscreteClock20.xml (RunModel)" time="0.028" />
  <testcase classname="ptolemy.util.test.junit.AutoTests" name="[127] /home/travis/build/icyphy/ptII/ptolemy/actor/lib/test/auto/DiscreteClock21.xml (RunModel)" time="0.021" />
  <testcase classname="ptolemy.util.test.junit.AutoTests" name="[128] /home/travis/build/icyphy/ptII/ptolemy/actor/lib/test/auto/DiscreteClock22.xml (RunModel)" time="0.016" />
  <testcase classname="ptolemy.util.test.junit.AutoTests" name="[129] /home/travis/build/icyphy/ptII/ptolemy/actor/lib/test/auto/DiscreteClock23.xml (RunModel)" time="0.016" />
  <testcase classname="ptolemy.util.test.junit.AutoTests" name="[130] /home/travis/build/icyphy/ptII/ptolemy/actor/lib/test/auto/DiscreteClock24.xml (RunModel)" time="0.016" />
  <testcase classname="ptolemy.util.test.junit.AutoTests" name="[131] /home/travis/build/icyphy/ptII/ptolemy/actor/lib/test/auto/DiscreteClock4.xml (RunModel)" time="0.024" />
  <testcase classname="ptolemy.util.test.junit.AutoTests" name="[132] /home/travis/build/icyphy/ptII/ptolemy/actor/lib/test/auto/DiscreteClock5.xml (RunModel)" time="0.013" />
  <testcase classname="ptolemy.util.test.junit.AutoTests" name="[133] /home/travis/build/icyphy/ptII/ptolemy/actor/lib/test/auto/DiscreteClock6.xml (RunModel)" time="0.013" />
  <testcase classname="ptolemy.util.test.junit.AutoTests" name="[134] /home/travis/build/icyphy/ptII/ptolemy/actor/lib/test/auto/DiscreteClock7.xml (RunModel)" time="0.012" />
  <testcase classname="ptolemy.util.test.junit.AutoTests" name="[135] /home/travis/build/icyphy/ptII/ptolemy/actor/lib/test/auto/DiscreteClock8.xml (RunModel)" time="0.025" />
  <testcase classname="ptolemy.util.test.junit.AutoTests" name="[136] /home/travis/build/icyphy/ptII/ptolemy/actor/lib/test/auto/DiscreteClock9.xml (RunModel)" time="0.024" />
  <testcase classname="ptolemy.util.test.junit.AutoTests" name="[137] /home/travis/build/icyphy/ptII/ptolemy/actor/lib/test/auto/DisplayArray.xml (RunModel)" time="0.013" />
  <testcase classname="ptolemy.util.test.junit.AutoTests" name="[138] /home/travis/build/icyphy/ptII/ptolemy/actor/lib/test/auto/Distributor.xml (RunModel)" time="0.012" />
  <testcase classname="ptolemy.util.test.junit.AutoTests" name="[139] /home/travis/build/icyphy/ptII/ptolemy/actor/lib/test/auto/Distributor2.xml (RunModel)" time="0.017" />
  <testcase classname="ptolemy.util.test.junit.AutoTests" name="[140] /home/travis/build/icyphy/ptII/ptolemy/actor/lib/test/auto/DownSample.xml (RunModel)" time="0.014" />
  <testcase classname="ptolemy.util.test.junit.AutoTests" name="[141] /home/travis/build/icyphy/ptII/ptolemy/actor/lib/test/auto/ElectronicUnitBase1.xml (RunModel)" time="0.087" />
  <testcase classname="ptolemy.util.test.junit.AutoTests" name="[142] /home/travis/build/icyphy/ptII/ptolemy/actor/lib/test/auto/ElementsToArray.xml (RunModel)" time="0.014" />
  <testcase classname="ptolemy.util.test.junit.AutoTests" name="[143] /home/travis/build/icyphy/ptII/ptolemy/actor/lib/test/auto/Equals.xml (RunModel)" time="0.021" />
  <testcase classname="ptolemy.util.test.junit.AutoTests" name="[144] /home/travis/build/icyphy/ptII/ptolemy/actor/lib/test/auto/Exec.xml (RunModel)" time="0.045" />
  <testcase classname="ptolemy.util.test.junit.AutoTests" name="[145] /home/travis/build/icyphy/ptII/ptolemy/actor/lib/test/auto/ExecEnvironment.xml (RunModel)" time="0.052" />
  <testcase classname="ptolemy.util.test.junit.AutoTests" name="[146] /home/travis/build/icyphy/ptII/ptolemy/actor/lib/test/auto/ExecNonZeroReturnOutput.xml (RunModel)" time="0.231" />
  <testcase classname="ptolemy.util.test.junit.AutoTests" name="[147] /home/travis/build/icyphy/ptII/ptolemy/actor/lib/test/auto/ExecRunDemos.xml (RunModel)" time="11.511" />
  <testcase classname="ptolemy.util.test.junit.AutoTests" name="[148] /home/travis/build/icyphy/ptII/ptolemy/actor/lib/test/auto/ExecStop.xml (RunModel)" time="5.048" />
  <testcase classname="ptolemy.util.test.junit.AutoTests" name="[149] /home/travis/build/icyphy/ptII/ptolemy/actor/lib/test/auto/ExecutionTimeSDF.xml (RunModel)" time="6.041" />
  <testcase classname="ptolemy.util.test.junit.AutoTests" name="[150] /home/travis/build/icyphy/ptII/ptolemy/actor/lib/test/auto/Expression1.xml (RunModel)" time="0.012" />
  <testcase classname="ptolemy.util.test.junit.AutoTests" name="[151] /home/travis/build/icyphy/ptII/ptolemy/actor/lib/test/auto/Expression10.xml (RunModel)" time="0.035" />
  <testcase classname="ptolemy.util.test.junit.AutoTests" name="[152] /home/travis/build/icyphy/ptII/ptolemy/actor/lib/test/auto/Expression11.xml (RunModel)" time="0.014" />
  <testcase classname="ptolemy.util.test.junit.AutoTests" name="[153] /home/travis/build/icyphy/ptII/ptolemy/actor/lib/test/auto/Expression12.xml (RunModel)" time="0.023" />
  <testcase classname="ptolemy.util.test.junit.AutoTests" name="[154] /home/travis/build/icyphy/ptII/ptolemy/actor/lib/test/auto/Expression13.xml (RunModel)" time="0.012" />
  <testcase classname="ptolemy.util.test.junit.AutoTests" name="[155] /home/travis/build/icyphy/ptII/ptolemy/actor/lib/test/auto/Expression14.xml (RunModel)" time="0.019" />
  <testcase classname="ptolemy.util.test.junit.AutoTests" name="[156] /home/travis/build/icyphy/ptII/ptolemy/actor/lib/test/auto/Expression15.xml (RunModel)" time="0.007" />
  <testcase classname="ptolemy.util.test.junit.AutoTests" name="[157] /home/travis/build/icyphy/ptII/ptolemy/actor/lib/test/auto/Expression16.xml (RunModel)" time="0.013" />
  <testcase classname="ptolemy.util.test.junit.AutoTests" name="[158] /home/travis/build/icyphy/ptII/ptolemy/actor/lib/test/auto/Expression17.xml (RunModel)" time="0.014" />
  <testcase classname="ptolemy.util.test.junit.AutoTests" name="[159] /home/travis/build/icyphy/ptII/ptolemy/actor/lib/test/auto/Expression18.xml (RunModel)" time="0.016" />
  <testcase classname="ptolemy.util.test.junit.AutoTests" name="[160] /home/travis/build/icyphy/ptII/ptolemy/actor/lib/test/auto/Expression2.xml (RunModel)" time="0.013" />
  <testcase classname="ptolemy.util.test.junit.AutoTests" name="[161] /home/travis/build/icyphy/ptII/ptolemy/actor/lib/test/auto/Expression3.xml (RunModel)" time="0.015" />
  <testcase classname="ptolemy.util.test.junit.AutoTests" name="[162] /home/travis/build/icyphy/ptII/ptolemy/actor/lib/test/auto/Expression4.xml (RunModel)" time="0.019" />
  <testcase classname="ptolemy.util.test.junit.AutoTests" name="[163] /home/travis/build/icyphy/ptII/ptolemy/actor/lib/test/auto/Expression5.xml (RunModel)" time="0.016" />
  <testcase classname="ptolemy.util.test.junit.AutoTests" name="[164] /home/travis/build/icyphy/ptII/ptolemy/actor/lib/test/auto/Expression6.xml (RunModel)" time="0.01" />
  <testcase classname="ptolemy.util.test.junit.AutoTests" name="[165] /home/travis/build/icyphy/ptII/ptolemy/actor/lib/test/auto/Expression7.xml (RunModel)" time="0.013" />
  <testcase classname="ptolemy.util.test.junit.AutoTests" name="[166] /home/travis/build/icyphy/ptII/ptolemy/actor/lib/test/auto/Expression8.xml (RunModel)" time="0.016" />
  <testcase classname="ptolemy.util.test.junit.AutoTests" name="[167] /home/travis/build/icyphy/ptII/ptolemy/actor/lib/test/auto/Expression9.xml (RunModel)" time="0.008" />
  <testcase classname="ptolemy.util.test.junit.AutoTests" name="[168] /home/travis/build/icyphy/ptII/ptolemy/actor/lib/test/auto/ExpressionConcatenateArrayType.xml (RunModel)" time="0.026" />
  <testcase classname="ptolemy.util.test.junit.AutoTests" name="[169] /home/travis/build/icyphy/ptII/ptolemy/actor/lib/test/auto/ExpressionConcatenateArrayType2.xml (RunModel)" time="0.023" />
  <testcase classname="ptolemy.util.test.junit.AutoTests" name="[170] /home/travis/build/icyphy/ptII/ptolemy/actor/lib/test/auto/ExpressionFix.xml (RunModel)" time="0.042" />
  <testcase classname="ptolemy.util.test.junit.AutoTests" name="[171] /home/travis/build/icyphy/ptII/ptolemy/actor/lib/test/auto/ExpressionFix2.xml (RunModel)" time="0.016" />
  <testcase classname="ptolemy.util.test.junit.AutoTests" name="[172] /home/travis/build/icyphy/ptII/ptolemy/actor/lib/test/auto/ExpressionFix3.xml (RunModel)" time="0.012" />
  <testcase classname="ptolemy.util.test.junit.AutoTests" name="[173] /home/travis/build/icyphy/ptII/ptolemy/actor/lib/test/auto/FileWriter1.xml (RunModel)" time="0.009" />
  <testcase classname="ptolemy.util.test.junit.AutoTests" name="[174] /home/travis/build/icyphy/ptII/ptolemy/actor/lib/test/auto/FileWriter2.xml (RunModel)" time="0.014" />
  <testcase classname="ptolemy.util.test.junit.AutoTests" name="[175] /home/travis/build/icyphy/ptII/ptolemy/actor/lib/test/auto/FileWriter3.xml (RunModel)" time="0.015" />
  <testcase classname="ptolemy.util.test.junit.AutoTests" name="[176] /home/travis/build/icyphy/ptII/ptolemy/actor/lib/test/auto/Gaussian.xml (RunModel)" time="0.012" />
  <testcase classname="ptolemy.util.test.junit.AutoTests" name="[177] /home/travis/build/icyphy/ptII/ptolemy/actor/lib/test/auto/Gaussian1.xml (RunModel)" time="0.023" />
  <testcase classname="ptolemy.util.test.junit.AutoTests" name="[178] /home/travis/build/icyphy/ptII/ptolemy/actor/lib/test/auto/Gaussian2.xml (RunModel)" time="0.017" />
  <testcase classname="ptolemy.util.test.junit.AutoTests" name="[179] /home/travis/build/icyphy/ptII/ptolemy/actor/lib/test/auto/GradientAdaptiveLattice.xml (RunModel)" time="0.015" />
  <testcase classname="ptolemy.util.test.junit.AutoTests" name="[180] /home/travis/build/icyphy/ptII/ptolemy/actor/lib/test/auto/IIR.xml (RunModel)" time="0.01" />
  <testcase classname="ptolemy.util.test.junit.AutoTests" name="[181] /home/travis/build/icyphy/ptII/ptolemy/actor/lib/test/auto/InputOutputTransparentPorts.xml (RunModel)" time="0.02" />
  <testcase classname="ptolemy.util.test.junit.AutoTests" name="[182] /home/travis/build/icyphy/ptII/ptolemy/actor/lib/test/auto/Interpolator.xml (RunModel)" time="0.015" />
  <testcase classname="ptolemy.util.test.junit.AutoTests" name="[183] /home/travis/build/icyphy/ptII/ptolemy/actor/lib/test/auto/InterpolatorFiringLimitDE.xml (RunModel)" time="0.014" />
  <testcase classname="ptolemy.util.test.junit.AutoTests" name="[184] /home/travis/build/icyphy/ptII/ptolemy/actor/lib/test/auto/Lattice.xml (RunModel)" time="0.01" />
  <testcase classname="ptolemy.util.test.junit.AutoTests" name="[185] /home/travis/build/icyphy/ptII/ptolemy/actor/lib/test/auto/LazyAOCTestLazy.xml (RunModel)" time="0.046" />
  <testcase classname="ptolemy.util.test.junit.AutoTests" name="[186] /home/travis/build/icyphy/ptII/ptolemy/actor/lib/test/auto/LazyAOCTestNonLazy.xml (RunModel)" time="0.02" />
  <testcase classname="ptolemy.util.test.junit.AutoTests" name="[187] /home/travis/build/icyphy/ptII/ptolemy/actor/lib/test/auto/LazyInnerClass.xml (RunModel)" time="0.019" />
  <testcase classname="ptolemy.util.test.junit.AutoTests" name="[188] /home/travis/build/icyphy/ptII/ptolemy/actor/lib/test/auto/LazyPubSub.xml (RunModel)" time="0.033" />
  <testcase classname="ptolemy.util.test.junit.AutoTests" name="[189] /home/travis/build/icyphy/ptII/ptolemy/actor/lib/test/auto/LazyPubSub2.xml (RunModel)" time="0.059" />
  <testcase classname="ptolemy.util.test.junit.AutoTests" name="[190] /home/travis/build/icyphy/ptII/ptolemy/actor/lib/test/auto/LazyPubSub3.xml (RunModel)" time="0.071" />
  <testcase classname="ptolemy.util.test.junit.AutoTests" name="[191] /home/travis/build/icyphy/ptII/ptolemy/actor/lib/test/auto/LazySubClassModel.xml (RunModel)" time="0.041" />
  <testcase classname="ptolemy.util.test.junit.AutoTests" name="[192] /home/travis/build/icyphy/ptII/ptolemy/actor/lib/test/auto/LevelCrossTest1.xml (RunModel)" time="0.01" />
  <testcase classname="ptolemy.util.test.junit.AutoTests" name="[193] /home/travis/build/icyphy/ptII/ptolemy/actor/lib/test/auto/LevelCrossTest10.xml (RunModel)" time="0.016" />
  <testcase classname="ptolemy.util.test.junit.AutoTests" name="[194] /home/travis/build/icyphy/ptII/ptolemy/actor/lib/test/auto/LevelCrossTest11.xml (RunModel)" time="0.018" />
  <testcase classname="ptolemy.util.test.junit.AutoTests" name="[195] /home/travis/build/icyphy/ptII/ptolemy/actor/lib/test/auto/LevelCrossTest12.xml (RunModel)" time="0.018" />
  <testcase classname="ptolemy.util.test.junit.AutoTests" name="[196] /home/travis/build/icyphy/ptII/ptolemy/actor/lib/test/auto/LevelCrossTest13.xml (RunModel)" time="0.015" />
  <testcase classname="ptolemy.util.test.junit.AutoTests" name="[197] /home/travis/build/icyphy/ptII/ptolemy/actor/lib/test/auto/LevelCrossTest2.xml (RunModel)" time="0.011" />
  <testcase classname="ptolemy.util.test.junit.AutoTests" name="[198] /home/travis/build/icyphy/ptII/ptolemy/actor/lib/test/auto/LevelCrossTest3.xml (RunModel)" time="0.014" />
  <testcase classname="ptolemy.util.test.junit.AutoTests" name="[199] /home/travis/build/icyphy/ptII/ptolemy/actor/lib/test/auto/LevelCrossTest4.xml (RunModel)" time="0.014" />
  <testcase classname="ptolemy.util.test.junit.AutoTests" name="[200] /home/travis/build/icyphy/ptII/ptolemy/actor/lib/test/auto/LevelCrossTest5.xml (RunModel)" time="0.017" />
  <testcase classname="ptolemy.util.test.junit.AutoTests" name="[201] /home/travis/build/icyphy/ptII/ptolemy/actor/lib/test/auto/LevelCrossTest6.xml (RunModel)" time="0.018" />
  <testcase classname="ptolemy.util.test.junit.AutoTests" name="[202] /home/travis/build/icyphy/ptII/ptolemy/actor/lib/test/auto/LevelCrossTest7.xml (RunModel)" time="0.018" />
  <testcase classname="ptolemy.util.test.junit.AutoTests" name="[203] /home/travis/build/icyphy/ptII/ptolemy/actor/lib/test/auto/LevelCrossTest8.xml (RunModel)" time="0.015" />
  <testcase classname="ptolemy.util.test.junit.AutoTests" name="[204] /home/travis/build/icyphy/ptII/ptolemy/actor/lib/test/auto/LevelCrossTest9.xml (RunModel)" time="0.016" />
  <testcase classname="ptolemy.util.test.junit.AutoTests" name="[205] /home/travis/build/icyphy/ptII/ptolemy/actor/lib/test/auto/LevinsonDurbin.xml (RunModel)" time="0.009" />
  <testcase classname="ptolemy.util.test.junit.AutoTests" name="[206] /home/travis/build/icyphy/ptII/ptolemy/actor/lib/test/auto/LevinsonDurbin2.xml (RunModel)" time="0.008" />
  <testcase classname="ptolemy.util.test.junit.AutoTests" name="[207] /home/travis/build/icyphy/ptII/ptolemy/actor/lib/test/auto/LevinsonDurbin3.xml (RunModel)" time="0.011" />
  <testcase classname="ptolemy.util.test.junit.AutoTests" name="[208] /home/travis/build/icyphy/ptII/ptolemy/actor/lib/test/auto/Limiter.xml (RunModel)" time="0.045" />
  <testcase classname="ptolemy.util.test.junit.AutoTests" name="[209] /home/travis/build/icyphy/ptII/ptolemy/actor/lib/test/auto/LinearDifferenceEquationSystem.xml (RunModel)" time="0.038" />
  <testcase classname="ptolemy.util.test.junit.AutoTests" name="[210] /home/travis/build/icyphy/ptII/ptolemy/actor/lib/test/auto/LookupTable.xml (RunModel)" time="0.018" />
  <testcase classname="ptolemy.util.test.junit.AutoTests" name="[211] /home/travis/build/icyphy/ptII/ptolemy/actor/lib/test/auto/MathFunction.xml (RunModel)" time="0.021" />
  <testcase classname="ptolemy.util.test.junit.AutoTests" name="[212] /home/travis/build/icyphy/ptII/ptolemy/actor/lib/test/auto/MathFunction2.xml (RunModel)" time="0.014" />
  <testcase classname="ptolemy.util.test.junit.AutoTests" name="[213] /home/travis/build/icyphy/ptII/ptolemy/actor/lib/test/auto/MathFunction3.xml (RunModel)" time="0.02" />
  <testcase classname="ptolemy.util.test.junit.AutoTests" name="[214] /home/travis/build/icyphy/ptII/ptolemy/actor/lib/test/auto/MatrixCropBoolean.xml (RunModel)" time="0.013" />
  <testcase classname="ptolemy.util.test.junit.AutoTests" name="[215] /home/travis/build/icyphy/ptII/ptolemy/actor/lib/test/auto/MatrixCropComplex.xml (RunModel)" time="0.015" />
  <testcase classname="ptolemy.util.test.junit.AutoTests" name="[216] /home/travis/build/icyphy/ptII/ptolemy/actor/lib/test/auto/MatrixCropDouble.xml (RunModel)" time="0.011" />
  <testcase classname="ptolemy.util.test.junit.AutoTests" name="[217] /home/travis/build/icyphy/ptII/ptolemy/actor/lib/test/auto/MatrixCropFix.xml (RunModel)" time="0.016" />
  <testcase classname="ptolemy.util.test.junit.AutoTests" name="[218] /home/travis/build/icyphy/ptII/ptolemy/actor/lib/test/auto/MatrixCropInt.xml (RunModel)" time="0.015" />
  <testcase classname="ptolemy.util.test.junit.AutoTests" name="[219] /home/travis/build/icyphy/ptII/ptolemy/actor/lib/test/auto/MatrixCropLong.xml (RunModel)" time="0.009" />
  <testcase classname="ptolemy.util.test.junit.AutoTests" name="[220] /home/travis/build/icyphy/ptII/ptolemy/actor/lib/test/auto/MatrixToArray.xml (RunModel)" time="0.052" />
  <testcase classname="ptolemy.util.test.junit.AutoTests" name="[221] /home/travis/build/icyphy/ptII/ptolemy/actor/lib/test/auto/MaxIndex.xml (RunModel)" time="0.013" />
  <testcase classname="ptolemy.util.test.junit.AutoTests" name="[222] /home/travis/build/icyphy/ptII/ptolemy/actor/lib/test/auto/Maximum.xml (RunModel)" time="0.013" />
  <testcase classname="ptolemy.util.test.junit.AutoTests" name="[223] /home/travis/build/icyphy/ptII/ptolemy/actor/lib/test/auto/MaximumComplex.xml (RunModel)" time="0.017" />
  <testcase classname="ptolemy.util.test.junit.AutoTests" name="[224] /home/travis/build/icyphy/ptII/ptolemy/actor/lib/test/auto/MethodCallTest.xml (RunModel)" time="0.029" />
  <testcase classname="ptolemy.util.test.junit.AutoTests" name="[225] /home/travis/build/icyphy/ptII/ptolemy/actor/lib/test/auto/Minimum.xml (RunModel)" time="0.017" />
  <testcase classname="ptolemy.util.test.junit.AutoTests" name="[226] /home/travis/build/icyphy/ptII/ptolemy/actor/lib/test/auto/MinimumComplex.xml (RunModel)" time="0.027" />
  <testcase classname="ptolemy.util.test.junit.AutoTests" name="[227] /home/travis/build/icyphy/ptII/ptolemy/actor/lib/test/auto/MinimumMultiports.xml (RunModel)" time="0.019" />
  <testcase classname="ptolemy.util.test.junit.AutoTests" name="[228] /home/travis/build/icyphy/ptII/ptolemy/actor/lib/test/auto/ModifyDate.xml (RunModel)" time="0.045" />
  <testcase classname="ptolemy.util.test.junit.AutoTests" name="[229] /home/travis/build/icyphy/ptII/ptolemy/actor/lib/test/auto/ModifyDate2.xml (RunModel)" time="0.028" />
  <testcase classname="ptolemy.util.test.junit.AutoTests" name="[230] /home/travis/build/icyphy/ptII/ptolemy/actor/lib/test/auto/MovingAverage.xml (RunModel)" time="0.012" />
  <testcase classname="ptolemy.util.test.junit.AutoTests" name="[231] /home/travis/build/icyphy/ptII/ptolemy/actor/lib/test/auto/MovingMaximum.xml (RunModel)" time="0.019" />
  <testcase classname="ptolemy.util.test.junit.AutoTests" name="[232] /home/travis/build/icyphy/ptII/ptolemy/actor/lib/test/auto/MultipleLinksToSameRelation.xml (RunModel)" time="0.01" />
  <testcase classname="ptolemy.util.test.junit.AutoTests" name="[233] /home/travis/build/icyphy/ptII/ptolemy/actor/lib/test/auto/MultipleLinksToSameRelationDE.xml (RunModel)" time="0.01" />
  <testcase classname="ptolemy.util.test.junit.AutoTests" name="[234] /home/travis/build/icyphy/ptII/ptolemy/actor/lib/test/auto/Multiplexor.xml (RunModel)" time="0.012" />
  <testcase classname="ptolemy.util.test.junit.AutoTests" name="[235] /home/travis/build/icyphy/ptII/ptolemy/actor/lib/test/auto/Multiplexor1.xml (RunModel)" time="0.013" />
  <testcase classname="ptolemy.util.test.junit.AutoTests" name="[236] /home/travis/build/icyphy/ptII/ptolemy/actor/lib/test/auto/Multiplexor2.xml (RunModel)" time="0.014" />
  <testcase classname="ptolemy.util.test.junit.AutoTests" name="[237] /home/travis/build/icyphy/ptII/ptolemy/actor/lib/test/auto/Multiplexor3.xml (RunModel)" time="0.011" />
  <testcase classname="ptolemy.util.test.junit.AutoTests" name="[238] /home/travis/build/icyphy/ptII/ptolemy/actor/lib/test/auto/MultiplexorDE.xml (RunModel)" time="0.019" />
  <testcase classname="ptolemy.util.test.junit.AutoTests" name="[239] /home/travis/build/icyphy/ptII/ptolemy/actor/lib/test/auto/MultiportBroadcastTest.xml (RunModel)" time="0.1" />
  <testcase classname="ptolemy.util.test.junit.AutoTests" name="[240] /home/travis/build/icyphy/ptII/ptolemy/actor/lib/test/auto/MultiportOutHangDuringGetWidth.xml (RunModel)" time="0.042" />
  <testcase classname="ptolemy.util.test.junit.AutoTests" name="[241] /home/travis/build/icyphy/ptII/ptolemy/actor/lib/test/auto/NilToken.xml (RunModel)" time="0.012" />
  <testcase classname="ptolemy.util.test.junit.AutoTests" name="[242] /home/travis/build/icyphy/ptII/ptolemy/actor/lib/test/auto/NilTokenNonStrictTest.xml (RunModel)" time="0.012" />
  <testcase classname="ptolemy.util.test.junit.AutoTests" name="[243] /home/travis/build/icyphy/ptII/ptolemy/actor/lib/test/auto/NilTokenRecord.xml (RunModel)" time="0.028" />
  <testcase classname="ptolemy.util.test.junit.AutoTests" name="[244] /home/travis/build/icyphy/ptII/ptolemy/actor/lib/test/auto/NilTokenTypeTest.xml (RunModel)" time="0.033" />
  <testcase classname="ptolemy.util.test.junit.AutoTests" name="[245] /home/travis/build/icyphy/ptII/ptolemy/actor/lib/test/auto/ObjectToken1.xml (RunModel)" time="0.011" />
  <testcase classname="ptolemy.util.test.junit.AutoTests" name="[246] /home/travis/build/icyphy/ptII/ptolemy/actor/lib/test/auto/OrderedMerge.xml (RunModel)" time="0.03" />
  <testcase classname="ptolemy.util.test.junit.AutoTests" name="[247] /home/travis/build/icyphy/ptII/ptolemy/actor/lib/test/auto/OrderedRecordDisassembler.xml (RunModel)" time="0.021" />
  <testcase classname="ptolemy.util.test.junit.AutoTests" name="[248] /home/travis/build/icyphy/ptII/ptolemy/actor/lib/test/auto/OrderedRecordDisassembler2.xml (RunModel)" time="0.019" />
  <testcase classname="ptolemy.util.test.junit.AutoTests" name="[249] /home/travis/build/icyphy/ptII/ptolemy/actor/lib/test/auto/OrderedRecordUpdater.xml (RunModel)" time="0.012" />
  <testcase classname="ptolemy.util.test.junit.AutoTests" name="[250] /home/travis/build/icyphy/ptII/ptolemy/actor/lib/test/auto/OrderedRecordUpdater2.xml (RunModel)" time="0.021" />
  <testcase classname="ptolemy.util.test.junit.AutoTests" name="[251] /home/travis/build/icyphy/ptII/ptolemy/actor/lib/test/auto/PhaseUnwrap.xml (RunModel)" time="0.022" />
  <testcase classname="ptolemy.util.test.junit.AutoTests" name="[252] /home/travis/build/icyphy/ptII/ptolemy/actor/lib/test/auto/PoissonClock.xml (RunModel)" time="0.011" />
  <testcase classname="ptolemy.util.test.junit.AutoTests" name="[253] /home/travis/build/icyphy/ptII/ptolemy/actor/lib/test/auto/PoissonClock2.xml (RunModel)" time="0.008" />
  <testcase classname="ptolemy.util.test.junit.AutoTests" name="[254] /home/travis/build/icyphy/ptII/ptolemy/actor/lib/test/auto/PoissonClock3.xml (RunModel)" time="0.019" />
  <testcase classname="ptolemy.util.test.junit.AutoTests" name="[255] /home/travis/build/icyphy/ptII/ptolemy/actor/lib/test/auto/PubSubWithInitialTokens.xml (RunModel)" time="0.019" />
  <testcase classname="ptolemy.util.test.junit.AutoTests" name="[256] /home/travis/build/icyphy/ptII/ptolemy/actor/lib/test/auto/PubSubWithInitialTokens2.xml (RunModel)" time="0.011" />
  <testcase classname="ptolemy.util.test.junit.AutoTests" name="[257] /home/travis/build/icyphy/ptII/ptolemy/actor/lib/test/auto/PublisherClassNoParameter.xml (RunModel)" time="0.024" />
  <testcase classname="ptolemy.util.test.junit.AutoTests" name="[258] /home/travis/build/icyphy/ptII/ptolemy/actor/lib/test/auto/PublisherClassParameter.xml (RunModel)" time="0.022" />
  <testcase classname="ptolemy.util.test.junit.AutoTests" name="[259] /home/travis/build/icyphy/ptII/ptolemy/actor/lib/test/auto/PublisherNonStrictTest.xml (RunModel)" time="0.014" />
  <testcase classname="ptolemy.util.test.junit.AutoTests" name="[260] /home/travis/build/icyphy/ptII/ptolemy/actor/lib/test/auto/PublisherPort1.xml (RunModel)" time="0.011" />
  <testcase classname="ptolemy.util.test.junit.AutoTests" name="[261] /home/travis/build/icyphy/ptII/ptolemy/actor/lib/test/auto/PublisherPort2.xml (RunModel)" time="0.06" />
  <testcase classname="ptolemy.util.test.junit.AutoTests" name="[262] /home/travis/build/icyphy/ptII/ptolemy/actor/lib/test/auto/PublisherPort3.xml (RunModel)" time="0.024" />
  <testcase classname="ptolemy.util.test.junit.AutoTests" name="[263] /home/travis/build/icyphy/ptII/ptolemy/actor/lib/test/auto/PublisherPort4.xml (RunModel)" time="0.015" />
  <testcase classname="ptolemy.util.test.junit.AutoTests" name="[264] /home/travis/build/icyphy/ptII/ptolemy/actor/lib/test/auto/PublisherPort5.xml (RunModel)" time="0.013" />
  <testcase classname="ptolemy.util.test.junit.AutoTests" name="[265] /home/travis/build/icyphy/ptII/ptolemy/actor/lib/test/auto/PublisherPort5LookAlike.xml (RunModel)" time="0.018" />
  <testcase classname="ptolemy.util.test.junit.AutoTests" name="[266] /home/travis/build/icyphy/ptII/ptolemy/actor/lib/test/auto/PublisherPort6.xml (RunModel)" time="0.012" />
  <testcase classname="ptolemy.util.test.junit.AutoTests" name="[267] /home/travis/build/icyphy/ptII/ptolemy/actor/lib/test/auto/PublisherPort7.xml (RunModel)" time="0.014" />
  <testcase classname="ptolemy.util.test.junit.AutoTests" name="[268] /home/travis/build/icyphy/ptII/ptolemy/actor/lib/test/auto/PublisherPort8.xml (RunModel)" time="0.017" />
  <testcase classname="ptolemy.util.test.junit.AutoTests" name="[269] /home/travis/build/icyphy/ptII/ptolemy/actor/lib/test/auto/PublisherPortSubscriberChannelVariablesAOC2.xml (RunModel)" time="0.034" />
  <testcase classname="ptolemy.util.test.junit.AutoTests" name="[270] /home/travis/build/icyphy/ptII/ptolemy/actor/lib/test/auto/PublisherPortSubscriberOpaqueWidthInference.xml (RunModel)" time="0.016" />
  <testcase classname="ptolemy.util.test.junit.AutoTests" name="[271] /home/travis/build/icyphy/ptII/ptolemy/actor/lib/test/auto/PublisherPortSubscriberPortAdjacent.xml (RunModel)" time="0.018" />
  <testcase classname="ptolemy.util.test.junit.AutoTests" name="[272] /home/travis/build/icyphy/ptII/ptolemy/actor/lib/test/auto/PublisherPortSubscriberPortExpression.xml (RunModel)" time="0.016" />
  <testcase classname="ptolemy.util.test.junit.AutoTests" name="[273] /home/travis/build/icyphy/ptII/ptolemy/actor/lib/test/auto/PublisherPortSubscriberPortOpaqueD3Reverse.xml (RunModel)" time="0.018" />
  <testcase classname="ptolemy.util.test.junit.AutoTests" name="[274] /home/travis/build/icyphy/ptII/ptolemy/actor/lib/test/auto/PublisherPortSubscriberPortOpaqueWidthInference.xml (RunModel)" time="0.014" />
  <testcase classname="ptolemy.util.test.junit.AutoTests" name="[275] /home/travis/build/icyphy/ptII/ptolemy/actor/lib/test/auto/PublisherPortToplevelSubscriberPortAOC.xml (RunModel)" time="0.011" />
  <testcase classname="ptolemy.util.test.junit.AutoTests" name="[276] /home/travis/build/icyphy/ptII/ptolemy/actor/lib/test/auto/PublisherSubscriber.xml (RunModel)" time="0.012" />
  <testcase classname="ptolemy.util.test.junit.AutoTests" name="[277] /home/travis/build/icyphy/ptII/ptolemy/actor/lib/test/auto/PublisherSubscriber10.xml (RunModel)" time="0.022" />
  <testcase classname="ptolemy.util.test.junit.AutoTests" name="[278] /home/travis/build/icyphy/ptII/ptolemy/actor/lib/test/auto/PublisherSubscriber10InitialOutputs.xml (RunModel)" time="0.023" />
  <testcase classname="ptolemy.util.test.junit.AutoTests" name="[279] /home/travis/build/icyphy/ptII/ptolemy/actor/lib/test/auto/PublisherSubscriber11.xml (RunModel)" time="0.029" />
  <testcase classname="ptolemy.util.test.junit.AutoTests" name="[280] /home/travis/build/icyphy/ptII/ptolemy/actor/lib/test/auto/PublisherSubscriber12.xml (RunModel)" time="0.031" />
  <testcase classname="ptolemy.util.test.junit.AutoTests" name="[281] /home/travis/build/icyphy/ptII/ptolemy/actor/lib/test/auto/PublisherSubscriber13.xml (RunModel)" time="0.011" />
  <testcase classname="ptolemy.util.test.junit.AutoTests" name="[282] /home/travis/build/icyphy/ptII/ptolemy/actor/lib/test/auto/PublisherSubscriber14.xml (RunModel)" time="0.024" />
  <testcase classname="ptolemy.util.test.junit.AutoTests" name="[283] /home/travis/build/icyphy/ptII/ptolemy/actor/lib/test/auto/PublisherSubscriber2.xml (RunModel)" time="0.011" />
  <testcase classname="ptolemy.util.test.junit.AutoTests" name="[284] /home/travis/build/icyphy/ptII/ptolemy/actor/lib/test/auto/PublisherSubscriber3.xml (RunModel)" time="0.009" />
  <testcase classname="ptolemy.util.test.junit.AutoTests" name="[285] /home/travis/build/icyphy/ptII/ptolemy/actor/lib/test/auto/PublisherSubscriber4.xml (RunModel)" time="0.01" />
  <testcase classname="ptolemy.util.test.junit.AutoTests" name="[286] /home/travis/build/icyphy/ptII/ptolemy/actor/lib/test/auto/PublisherSubscriber5.xml (RunModel)" time="0.013" />
  <testcase classname="ptolemy.util.test.junit.AutoTests" name="[287] /home/travis/build/icyphy/ptII/ptolemy/actor/lib/test/auto/PublisherSubscriber6.xml (RunModel)" time="0.015" />
  <testcase classname="ptolemy.util.test.junit.AutoTests" name="[288] /home/travis/build/icyphy/ptII/ptolemy/actor/lib/test/auto/PublisherSubscriber7.xml (RunModel)" time="0.019" />
  <testcase classname="ptolemy.util.test.junit.AutoTests" name="[289] /home/travis/build/icyphy/ptII/ptolemy/actor/lib/test/auto/PublisherSubscriber8.xml (RunModel)" time="0.029" />
  <testcase classname="ptolemy.util.test.junit.AutoTests" name="[290] /home/travis/build/icyphy/ptII/ptolemy/actor/lib/test/auto/PublisherSubscriber9.xml (RunModel)" time="0.019" />
  <testcase classname="ptolemy.util.test.junit.AutoTests" name="[291] /home/travis/build/icyphy/ptII/ptolemy/actor/lib/test/auto/PublisherSubscriberAdjacent.xml (RunModel)" time="0.016" />
  <testcase classname="ptolemy.util.test.junit.AutoTests" name="[292] /home/travis/build/icyphy/ptII/ptolemy/actor/lib/test/auto/PublisherSubscriberChannelVariablesAOC2.xml (RunModel)" time="0.028" />
  <testcase classname="ptolemy.util.test.junit.AutoTests" name="[293] /home/travis/build/icyphy/ptII/ptolemy/actor/lib/test/auto/PublisherSubscriberD3.xml (RunModel)" time="0.014" />
  <testcase classname="ptolemy.util.test.junit.AutoTests" name="[294] /home/travis/build/icyphy/ptII/ptolemy/actor/lib/test/auto/PublisherSubscriberD3Reverse.xml (RunModel)" time="0.012" />
  <testcase classname="ptolemy.util.test.junit.AutoTests" name="[295] /home/travis/build/icyphy/ptII/ptolemy/actor/lib/test/auto/PublisherSubscriberExpression.xml (RunModel)" time="0.021" />
  <testcase classname="ptolemy.util.test.junit.AutoTests" name="[296] /home/travis/build/icyphy/ptII/ptolemy/actor/lib/test/auto/PublisherSubscriberOpaque.xml (RunModel)" time="0.015" />
  <testcase classname="ptolemy.util.test.junit.AutoTests" name="[297] /home/travis/build/icyphy/ptII/ptolemy/actor/lib/test/auto/PublisherSubscriberOpaqueD3.xml (RunModel)" time="0.023" />
  <testcase classname="ptolemy.util.test.junit.AutoTests" name="[298] /home/travis/build/icyphy/ptII/ptolemy/actor/lib/test/auto/PublisherSubscriberOpaqueD3Reverse.xml (RunModel)" time="0.021" />
  <testcase classname="ptolemy.util.test.junit.AutoTests" name="[299] /home/travis/build/icyphy/ptII/ptolemy/actor/lib/test/auto/PublisherSubscriberOpaqueWidthInference.xml (RunModel)" time="0.016" />
  <testcase classname="ptolemy.util.test.junit.AutoTests" name="[300] /home/travis/build/icyphy/ptII/ptolemy/actor/lib/test/auto/PublisherTestSubscriber.xml (RunModel)" time="0.014" />
  <testcase classname="ptolemy.util.test.junit.AutoTests" name="[301] /home/travis/build/icyphy/ptII/ptolemy/actor/lib/test/auto/PublisherToplevelSubscriberPortAOC.xml (RunModel)" time="0.013" />
  <testcase classname="ptolemy.util.test.junit.AutoTests" name="[302] /home/travis/build/icyphy/ptII/ptolemy/actor/lib/test/auto/PulseFiringLimitDE.xml (RunModel)" time="0.013" />
  <testcase classname="ptolemy.util.test.junit.AutoTests" name="[303] /home/travis/build/icyphy/ptII/ptolemy/actor/lib/test/auto/Ramp1.xml (RunModel)" time="0.007" />
  <testcase classname="ptolemy.util.test.junit.AutoTests" name="[304] /home/travis/build/icyphy/ptII/ptolemy/actor/lib/test/auto/RampFiringLimitDE.xml (RunModel)" time="0.016" />
  <testcase classname="ptolemy.util.test.junit.AutoTests" name="[305] /home/travis/build/icyphy/ptII/ptolemy/actor/lib/test/auto/RampFiringLimitSDF.xml (RunModel)" time="0.011" />
  <testcase classname="ptolemy.util.test.junit.AutoTests" name="[306] /home/travis/build/icyphy/ptII/ptolemy/actor/lib/test/auto/RandomInteger.xml (RunModel)" time="0.008" />
  <testcase classname="ptolemy.util.test.junit.AutoTests" name="[307] /home/travis/build/icyphy/ptII/ptolemy/actor/lib/test/auto/ReadFile1.xml (RunModel)" time="0.008" />
  <testcase classname="ptolemy.util.test.junit.AutoTests" name="[308] /home/travis/build/icyphy/ptII/ptolemy/actor/lib/test/auto/ReadFile2.xml (RunModel)" time="0.008" />
  <testcase classname="ptolemy.util.test.junit.AutoTests" name="[309] /home/travis/build/icyphy/ptII/ptolemy/actor/lib/test/auto/Reader.xml (RunModel)" time="0.018" />
  <testcase classname="ptolemy.util.test.junit.AutoTests" name="[310] /home/travis/build/icyphy/ptII/ptolemy/actor/lib/test/auto/RecordAssemblerDisplayNameTest.xml (RunModel)" time="3.944" />
  <testcase classname="ptolemy.util.test.junit.AutoTests" name="[311] /home/travis/build/icyphy/ptII/ptolemy/actor/lib/test/auto/RecordAssemblerTypeError.xml (RunModel)" time="0.035" />
  <testcase classname="ptolemy.util.test.junit.AutoTests" name="[312] /home/travis/build/icyphy/ptII/ptolemy/actor/lib/test/auto/RecordDisassember.xml (RunModel)" time="0.015" />
  <testcase classname="ptolemy.util.test.junit.AutoTests" name="[313] /home/travis/build/icyphy/ptII/ptolemy/actor/lib/test/auto/RecordDisassemberDisplayNameTest.xml (RunModel)" time="0.018" />
  <testcase classname="ptolemy.util.test.junit.AutoTests" name="[314] /home/travis/build/icyphy/ptII/ptolemy/actor/lib/test/auto/RecordDisassembler.xml (RunModel)" time="0.009" />
  <testcase classname="ptolemy.util.test.junit.AutoTests" name="[315] /home/travis/build/icyphy/ptII/ptolemy/actor/lib/test/auto/RecordDisassembler2.xml (RunModel)" time="0.01" />
  <testcase classname="ptolemy.util.test.junit.AutoTests" name="[316] /home/travis/build/icyphy/ptII/ptolemy/actor/lib/test/auto/RecordUpdater.xml (RunModel)" time="0.011" />
  <testcase classname="ptolemy.util.test.junit.AutoTests" name="[317] /home/travis/build/icyphy/ptII/ptolemy/actor/lib/test/auto/RecordUpdater2.xml (RunModel)" time="0.009" />
  <testcase classname="ptolemy.util.test.junit.AutoTests" name="[318] /home/travis/build/icyphy/ptII/ptolemy/actor/lib/test/auto/RecursiveLattice.xml (RunModel)" time="0.008" />
  <testcase classname="ptolemy.util.test.junit.AutoTests" name="[319] /home/travis/build/icyphy/ptII/ptolemy/actor/lib/test/auto/Router.xml (RunModel)" time="3.027" />
  <testcase classname="ptolemy.util.test.junit.AutoTests" name="[320] /home/travis/build/icyphy/ptII/ptolemy/actor/lib/test/auto/Router2.xml (RunModel)" time="3.03" />
  <testcase classname="ptolemy.util.test.junit.AutoTests" name="[321] /home/travis/build/icyphy/ptII/ptolemy/actor/lib/test/auto/RunningMaximum.xml (RunModel)" time="0.026" />
  <testcase classname="ptolemy.util.test.junit.AutoTests" name="[322] /home/travis/build/icyphy/ptII/ptolemy/actor/lib/test/auto/RunningMinimum.xml (RunModel)" time="0.02" />
  <testcase classname="ptolemy.util.test.junit.AutoTests" name="[323] /home/travis/build/icyphy/ptII/ptolemy/actor/lib/test/auto/Scale.xml (RunModel)" time="0.008" />
  <testcase classname="ptolemy.util.test.junit.AutoTests" name="[324] /home/travis/build/icyphy/ptII/ptolemy/actor/lib/test/auto/Scale2.xml (RunModel)" time="0.009" />
  <testcase classname="ptolemy.util.test.junit.AutoTests" name="[325] /home/travis/build/icyphy/ptII/ptolemy/actor/lib/test/auto/Scale3.xml (RunModel)" time="0.019" />
  <testcase classname="ptolemy.util.test.junit.AutoTests" name="[326] /home/travis/build/icyphy/ptII/ptolemy/actor/lib/test/auto/ScaleArray.xml (RunModel)" time="0.016" />
  <testcase classname="ptolemy.util.test.junit.AutoTests" name="[327] /home/travis/build/icyphy/ptII/ptolemy/actor/lib/test/auto/ScaleArray2.xml (RunModel)" time="0.009" />
  <testcase classname="ptolemy.util.test.junit.AutoTests" name="[328] /home/travis/build/icyphy/ptII/ptolemy/actor/lib/test/auto/ScaleMatrix.xml (RunModel)" time="0.181" />
  <testcase classname="ptolemy.util.test.junit.AutoTests" name="[329] /home/travis/build/icyphy/ptII/ptolemy/actor/lib/test/auto/Select.xml (RunModel)" time="0.02" />
  <testcase classname="ptolemy.util.test.junit.AutoTests" name="[330] /home/travis/build/icyphy/ptII/ptolemy/actor/lib/test/auto/Select2.xml (RunModel)" time="0.008" />
  <testcase classname="ptolemy.util.test.junit.AutoTests" name="[331] /home/travis/build/icyphy/ptII/ptolemy/actor/lib/test/auto/SequenceToArray2.xml (RunModel)" time="0.14" />
  <testcase classname="ptolemy.util.test.junit.AutoTests" name="[332] /home/travis/build/icyphy/ptII/ptolemy/actor/lib/test/auto/SequentialClock.xml (RunModel)" time="0.007" />
  <testcase classname="ptolemy.util.test.junit.AutoTests" name="[333] /home/travis/build/icyphy/ptII/ptolemy/actor/lib/test/auto/SetVariable.xml (RunModel)" time="0.009" />
  <testcase classname="ptolemy.util.test.junit.AutoTests" name="[334] /home/travis/build/icyphy/ptII/ptolemy/actor/lib/test/auto/SetVariable2.xml (RunModel)" time="0.009" />
  <testcase classname="ptolemy.util.test.junit.AutoTests" name="[335] /home/travis/build/icyphy/ptII/ptolemy/actor/lib/test/auto/SetVariable3.xml (RunModel)" time="0.019" />
  <testcase classname="ptolemy.util.test.junit.AutoTests" name="[336] /home/travis/build/icyphy/ptII/ptolemy/actor/lib/test/auto/SetVariable4.xml (RunModel)" time="0.023" />
  <testcase classname="ptolemy.util.test.junit.AutoTests" name="[337] /home/travis/build/icyphy/ptII/ptolemy/actor/lib/test/auto/SetVariable5.xml (RunModel)" time="0.036" />
  <testcase classname="ptolemy.util.test.junit.AutoTests" name="[338] /home/travis/build/icyphy/ptII/ptolemy/actor/lib/test/auto/Sinewave.xml (RunModel)" time="0.032" />
  <testcase classname="ptolemy.util.test.junit.AutoTests" name="[339] /home/travis/build/icyphy/ptII/ptolemy/actor/lib/test/auto/Sinewave2.xml (RunModel)" time="0.017" />
  <testcase classname="ptolemy.util.test.junit.AutoTests" name="[340] /home/travis/build/icyphy/ptII/ptolemy/actor/lib/test/auto/Sinewave3.xml (RunModel)" time="0.02" />
  <testcase classname="ptolemy.util.test.junit.AutoTests" name="[341] /home/travis/build/icyphy/ptII/ptolemy/actor/lib/test/auto/SingleEvent.xml (RunModel)" time="0.007" />
  <testcase classname="ptolemy.util.test.junit.AutoTests" name="[342] /home/travis/build/icyphy/ptII/ptolemy/actor/lib/test/auto/Sleep.xml (RunModel)" time="6.023" />
  <testcase classname="ptolemy.util.test.junit.AutoTests" name="[343] /home/travis/build/icyphy/ptII/ptolemy/actor/lib/test/auto/SleepMultipleFire.xml (RunModel)" time="1.019" />
  <testcase classname="ptolemy.util.test.junit.AutoTests" name="[344] /home/travis/build/icyphy/ptII/ptolemy/actor/lib/test/auto/StopDE.xml (RunModel)" time="0.015" />
  <testcase classname="ptolemy.util.test.junit.AutoTests" name="[345] /home/travis/build/icyphy/ptII/ptolemy/actor/lib/test/auto/StopSDF.xml (RunModel)" time="0.019" />
  <testcase classname="ptolemy.util.test.junit.AutoTests" name="[346] /home/travis/build/icyphy/ptII/ptolemy/actor/lib/test/auto/StringConstant.xml (RunModel)" time="0.015" />
  <testcase classname="ptolemy.util.test.junit.AutoTests" name="[347] /home/travis/build/icyphy/ptII/ptolemy/actor/lib/test/auto/SubscriberPortInitialValues1.xml (RunModel)" time="0.054" />
  <testcase classname="ptolemy.util.test.junit.AutoTests" name="[348] /home/travis/build/icyphy/ptII/ptolemy/actor/lib/test/auto/SubscriberPortInitialValues13.xml (RunModel)" time="0.034" />
  <testcase classname="ptolemy.util.test.junit.AutoTests" name="[349] /home/travis/build/icyphy/ptII/ptolemy/actor/lib/test/auto/SubscriberPortInitialValues14.xml (RunModel)" time="0.022" />
  <testcase classname="ptolemy.util.test.junit.AutoTests" name="[350] /home/travis/build/icyphy/ptII/ptolemy/actor/lib/test/auto/SubscriberPortInitialValues2.xml (RunModel)" time="0.021" />
  <testcase classname="ptolemy.util.test.junit.AutoTests" name="[351] /home/travis/build/icyphy/ptII/ptolemy/actor/lib/test/auto/SubscriberPortInitialValues3.xml (RunModel)" time="0.027" />
  <testcase classname="ptolemy.util.test.junit.AutoTests" name="[352] /home/travis/build/icyphy/ptII/ptolemy/actor/lib/test/auto/SubscriptionAggregator.xml (RunModel)" time="0.016" />
  <testcase classname="ptolemy.util.test.junit.AutoTests" name="[353] /home/travis/build/icyphy/ptII/ptolemy/actor/lib/test/auto/SubscriptionAggregator2.xml (RunModel)" time="0.015" />
  <testcase classname="ptolemy.util.test.junit.AutoTests" name="[354] /home/travis/build/icyphy/ptII/ptolemy/actor/lib/test/auto/SubscriptionAggregator3.xml (RunModel)" time="0.025" />
  <testcase classname="ptolemy.util.test.junit.AutoTests" name="[355] /home/travis/build/icyphy/ptII/ptolemy/actor/lib/test/auto/SubscriptionAggregatorMultiply.xml (RunModel)" time="0.032" />
  <testcase classname="ptolemy.util.test.junit.AutoTests" name="[356] /home/travis/build/icyphy/ptII/ptolemy/actor/lib/test/auto/SubscriptionAggregatorPortMultiply1.xml (RunModel)" time="0.024" />
  <testcase classname="ptolemy.util.test.junit.AutoTests" name="[357] /home/travis/build/icyphy/ptII/ptolemy/actor/lib/test/auto/Switch.xml (RunModel)" time="0.023" />
  <testcase classname="ptolemy.util.test.junit.AutoTests" name="[358] /home/travis/build/icyphy/ptII/ptolemy/actor/lib/test/auto/Switch2.xml (RunModel)" time="0.015" />
  <testcase classname="ptolemy.util.test.junit.AutoTests" name="[359] /home/travis/build/icyphy/ptII/ptolemy/actor/lib/test/auto/SwitchDE.xml (RunModel)" time="0.017" />
  <testcase classname="ptolemy.util.test.junit.AutoTests" name="[360] /home/travis/build/icyphy/ptII/ptolemy/actor/lib/test/auto/SynchronizerDE.xml (RunModel)" time="0.026" />
  <testcase classname="ptolemy.util.test.junit.AutoTests" name="[361] /home/travis/build/icyphy/ptII/ptolemy/actor/lib/test/auto/Test.xml (RunModel)" time="0.019" />
  <testcase classname="ptolemy.util.test.junit.AutoTests" name="[362] /home/travis/build/icyphy/ptII/ptolemy/actor/lib/test/auto/TestExceptionAttribute1.xml (RunModel)" time="0.013" />
  <testcase classname="ptolemy.util.test.junit.AutoTests" name="[363] /home/travis/build/icyphy/ptII/ptolemy/actor/lib/test/auto/TestExceptionAttribute2.xml (RunModel)" time="0.014" />
  <testcase classname="ptolemy.util.test.junit.AutoTests" name="[364] /home/travis/build/icyphy/ptII/ptolemy/actor/lib/test/auto/TestExceptionAttribute3.xml (RunModel)" time="0.013" />
  <testcase classname="ptolemy.util.test.junit.AutoTests" name="[365] /home/travis/build/icyphy/ptII/ptolemy/actor/lib/test/auto/TestExceptionAttribute4.xml (RunModel)" time="0.006" />
  <testcase classname="ptolemy.util.test.junit.AutoTests" name="[366] /home/travis/build/icyphy/ptII/ptolemy/actor/lib/test/auto/TestExceptionHandler1.xml (RunModel)" time="0.008" />
  <testcase classname="ptolemy.util.test.junit.AutoTests" name="[367] /home/travis/build/icyphy/ptII/ptolemy/actor/lib/test/auto/TestExceptionHandler2.xml (RunModel)" time="0.009" />
  <testcase classname="ptolemy.util.test.junit.AutoTests" name="[368] /home/travis/build/icyphy/ptII/ptolemy/actor/lib/test/auto/TestExceptionHandler3.xml (RunModel)" time="0.005" />
  <testcase classname="ptolemy.util.test.junit.AutoTests" name="[369] /home/travis/build/icyphy/ptII/ptolemy/actor/lib/test/auto/TestExceptionHandler4.xml (RunModel)" time="0.006" />
  <testcase classname="ptolemy.util.test.junit.AutoTests" name="[370] /home/travis/build/icyphy/ptII/ptolemy/actor/lib/test/auto/TestRequireCorrectOrder.xml (RunModel)" time="0.009" />
  <testcase classname="ptolemy.util.test.junit.AutoTests" name="[371] /home/travis/build/icyphy/ptII/ptolemy/actor/lib/test/auto/TestSimple.xml (RunModel)" time="0.01" />
  <testcase classname="ptolemy.util.test.junit.AutoTests" name="[372] /home/travis/build/icyphy/ptII/ptolemy/actor/lib/test/auto/ThrowModelError.xml (RunModel)" time="0.011" />
  <testcase classname="ptolemy.util.test.junit.AutoTests" name="[373] /home/travis/build/icyphy/ptII/ptolemy/actor/lib/test/auto/TimeDelayMicrosteps.xml (RunModel)" time="0.015" />
  <testcase classname="ptolemy.util.test.junit.AutoTests" name="[374] /home/travis/build/icyphy/ptII/ptolemy/actor/lib/test/auto/TimeDelayMicrosteps2.xml (RunModel)" time="0.013" />
  <testcase classname="ptolemy.util.test.junit.AutoTests" name="[375] /home/travis/build/icyphy/ptII/ptolemy/actor/lib/test/auto/TimeDelayMicrosteps3.xml (RunModel)" time="0.011" />
  <testcase classname="ptolemy.util.test.junit.AutoTests" name="[376] /home/travis/build/icyphy/ptII/ptolemy/actor/lib/test/auto/TimeDelayVariableMicrosteps.xml (RunModel)" time="0.012" />
  <testcase classname="ptolemy.util.test.junit.AutoTests" name="[377] /home/travis/build/icyphy/ptII/ptolemy/actor/lib/test/auto/TimeGap.xml (RunModel)" time="0.014" />
  <testcase classname="ptolemy.util.test.junit.AutoTests" name="[378] /home/travis/build/icyphy/ptII/ptolemy/actor/lib/test/auto/TimeGap2.xml (RunModel)" time="0.01" />
  <testcase classname="ptolemy.util.test.junit.AutoTests" name="[379] /home/travis/build/icyphy/ptII/ptolemy/actor/lib/test/auto/TimedSinewave.xml (RunModel)" time="0.061" />
  <testcase classname="ptolemy.util.test.junit.AutoTests" name="[380] /home/travis/build/icyphy/ptII/ptolemy/actor/lib/test/auto/TimedSinewavePhase.xml (RunModel)" time="0.042" />
  <testcase classname="ptolemy.util.test.junit.AutoTests" name="[381] /home/travis/build/icyphy/ptII/ptolemy/actor/lib/test/auto/Timer.xml (RunModel)" time="0.022" />
  <testcase classname="ptolemy.util.test.junit.AutoTests" name="[382] /home/travis/build/icyphy/ptII/ptolemy/actor/lib/test/auto/TriangularDistTestModel.xml (RunModel)" time="0.018" />
  <testcase classname="ptolemy.util.test.junit.AutoTests" name="[383] /home/travis/build/icyphy/ptII/ptolemy/actor/lib/test/auto/TrigFunction.xml (RunModel)" time="0.008" />
  <testcase classname="ptolemy.util.test.junit.AutoTests" name="[384] /home/travis/build/icyphy/ptII/ptolemy/actor/lib/test/auto/TrigFunctionDE.xml (RunModel)" time="0.01" />
  <testcase classname="ptolemy.util.test.junit.AutoTests" name="[385] /home/travis/build/icyphy/ptII/ptolemy/actor/lib/test/auto/TrigFunctionInverse.xml (RunModel)" time="0.009" />
  <testcase classname="ptolemy.util.test.junit.AutoTests" name="[386] /home/travis/build/icyphy/ptII/ptolemy/actor/lib/test/auto/TrigFunctionTan.xml (RunModel)" time="0.006" />
  <testcase classname="ptolemy.util.test.junit.AutoTests" name="[387] /home/travis/build/icyphy/ptII/ptolemy/actor/lib/test/auto/TriggeredClock.xml (RunModel)" time="0.008" />
  <testcase classname="ptolemy.util.test.junit.AutoTests" name="[388] /home/travis/build/icyphy/ptII/ptolemy/actor/lib/test/auto/URLDirectoryReader.xml (RunModel)" time="0.087" />
  <testcase classname="ptolemy.util.test.junit.AutoTests" name="[389] /home/travis/build/icyphy/ptII/ptolemy/actor/lib/test/auto/URLDirectoryReader3.xml (RunModel)" time="1.51" />
  <testcase classname="ptolemy.util.test.junit.AutoTests" name="[390] /home/travis/build/icyphy/ptII/ptolemy/actor/lib/test/auto/UnaryMathFunction.xml (RunModel)" time="0.031" />
  <testcase classname="ptolemy.util.test.junit.AutoTests" name="[391] /home/travis/build/icyphy/ptII/ptolemy/actor/lib/test/auto/Uniform.xml (RunModel)" time="0.031" />
  <testcase classname="ptolemy.util.test.junit.AutoTests" name="[392] /home/travis/build/icyphy/ptII/ptolemy/actor/lib/test/auto/UnionDisassemblerTest.xml (RunModel)" time="0.011" />
  <testcase classname="ptolemy.util.test.junit.AutoTests" name="[393] /home/travis/build/icyphy/ptII/ptolemy/actor/lib/test/auto/UtilityFunctions.xml (RunModel)" time="0.009" />
  <testcase classname="ptolemy.util.test.junit.AutoTests" name="[394] /home/travis/build/icyphy/ptII/ptolemy/actor/lib/test/auto/VariableSleep.xml (RunModel)" time="0.516" />
  <testcase classname="ptolemy.util.test.junit.AutoTests" name="[395] /home/travis/build/icyphy/ptII/ptolemy/actor/lib/test/auto/VectorAssemblerDisassemblerCT.xml (RunModel)" time="0.166" />
  <testcase classname="ptolemy.util.test.junit.AutoTests" name="[396] /home/travis/build/icyphy/ptII/ptolemy/actor/lib/test/auto/VectorAssemblerDisassemblerDE.xml (RunModel)" time="0.021" />
  <testcase classname="ptolemy.util.test.junit.AutoTests" name="[397] /home/travis/build/icyphy/ptII/ptolemy/actor/lib/test/auto/VectorAssemblerDisassemblerSDF.xml (RunModel)" time="0.015" />
  <testcase classname="ptolemy.util.test.junit.AutoTests" name="[398] /home/travis/build/icyphy/ptII/ptolemy/actor/lib/test/auto/WallClockTime.xml (RunModel)" time="1.017" />
  <testcase classname="ptolemy.util.test.junit.AutoTests" name="[399] /home/travis/build/icyphy/ptII/ptolemy/actor/lib/test/auto/WidthTestWithSubscriberPublisher.xml (RunModel)" time="0.045" />
  <testcase classname="ptolemy.util.test.junit.AutoTests" name="[400] /home/travis/build/icyphy/ptII/ptolemy/actor/lib/test/auto/WidthTestWithSubscriberPublisher2.xml (RunModel)" time="0.023" />
  <testcase classname="ptolemy.util.test.junit.AutoTests" name="[401] /home/travis/build/icyphy/ptII/ptolemy/actor/lib/test/auto/WidthTestWithSubscriberPublisher3.xml (RunModel)" time="0.014" />
  <testcase classname="ptolemy.util.test.junit.AutoTests" name="[402] /home/travis/build/icyphy/ptII/ptolemy/actor/lib/test/auto/Writer.xml (RunModel)" time="0.012" />
  <testcase classname="ptolemy.util.test.junit.AutoTests" name="[403] /home/travis/build/icyphy/ptII/ptolemy/actor/lib/test/auto/array.xml (RunModel)" time="0.011" />
  <testcase classname="ptolemy.util.test.junit.AutoTests" name="[404] /home/travis/build/icyphy/ptII/ptolemy/actor/lib/test/auto/array2.xml (RunModel)" time="0.017" />
  <testcase classname="ptolemy.util.test.junit.AutoTests" name="[405] /home/travis/build/icyphy/ptII/ptolemy/actor/lib/test/auto/arrayType.xml (RunModel)" time="0.014" />
  <testcase classname="ptolemy.util.test.junit.AutoTests" name="[406] /home/travis/build/icyphy/ptII/ptolemy/actor/lib/test/auto/arrayType10.xml (RunModel)" time="0.01" />
  <testcase classname="ptolemy.util.test.junit.AutoTests" name="[407] /home/travis/build/icyphy/ptII/ptolemy/actor/lib/test/auto/arrayType11.xml (RunModel)" time="0.011" />
  <testcase classname="ptolemy.util.test.junit.AutoTests" name="[408] /home/travis/build/icyphy/ptII/ptolemy/actor/lib/test/auto/arrayType12.xml (RunModel)" time="0.011" />
  <testcase classname="ptolemy.util.test.junit.AutoTests" name="[409] /home/travis/build/icyphy/ptII/ptolemy/actor/lib/test/auto/arrayType13.xml (RunModel)" time="0.012" />
  <testcase classname="ptolemy.util.test.junit.AutoTests" name="[410] /home/travis/build/icyphy/ptII/ptolemy/actor/lib/test/auto/arrayType14.xml (RunModel)" time="0.01" />
  <testcase classname="ptolemy.util.test.junit.AutoTests" name="[411] /home/travis/build/icyphy/ptII/ptolemy/actor/lib/test/auto/arrayType15.xml (RunModel)" time="0.012" />
  <testcase classname="ptolemy.util.test.junit.AutoTests" name="[412] /home/travis/build/icyphy/ptII/ptolemy/actor/lib/test/auto/arrayType16.xml (RunModel)" time="0.012" />
  <testcase classname="ptolemy.util.test.junit.AutoTests" name="[413] /home/travis/build/icyphy/ptII/ptolemy/actor/lib/test/auto/arrayType17.xml (RunModel)" time="0.01" />
  <testcase classname="ptolemy.util.test.junit.AutoTests" name="[414] /home/travis/build/icyphy/ptII/ptolemy/actor/lib/test/auto/arrayType18.xml (RunModel)" time="0.01" />
  <testcase classname="ptolemy.util.test.junit.AutoTests" name="[415] /home/travis/build/icyphy/ptII/ptolemy/actor/lib/test/auto/arrayType19.xml (RunModel)" time="0.01" />
  <testcase classname="ptolemy.util.test.junit.AutoTests" name="[416] /home/travis/build/icyphy/ptII/ptolemy/actor/lib/test/auto/arrayType2.xml (RunModel)" time="0.01" />
  <testcase classname="ptolemy.util.test.junit.AutoTests" name="[417] /home/travis/build/icyphy/ptII/ptolemy/actor/lib/test/auto/arrayType20.xml (RunModel)" time="0.012" />
  <testcase classname="ptolemy.util.test.junit.AutoTests" name="[418] /home/travis/build/icyphy/ptII/ptolemy/actor/lib/test/auto/arrayType21.xml (RunModel)" time="0.011" />
  <testcase classname="ptolemy.util.test.junit.AutoTests" name="[419] /home/travis/build/icyphy/ptII/ptolemy/actor/lib/test/auto/arrayType22.xml (RunModel)" time="0.01" />
  <testcase classname="ptolemy.util.test.junit.AutoTests" name="[420] /home/travis/build/icyphy/ptII/ptolemy/actor/lib/test/auto/arrayType23.xml (RunModel)" time="0.011" />
  <testcase classname="ptolemy.util.test.junit.AutoTests" name="[421] /home/travis/build/icyphy/ptII/ptolemy/actor/lib/test/auto/arrayType24.xml (RunModel)" time="0.011" />
  <testcase classname="ptolemy.util.test.junit.AutoTests" name="[422] /home/travis/build/icyphy/ptII/ptolemy/actor/lib/test/auto/arrayType25.xml (RunModel)" time="0.01" />
  <testcase classname="ptolemy.util.test.junit.AutoTests" name="[423] /home/travis/build/icyphy/ptII/ptolemy/actor/lib/test/auto/arrayType26.xml (RunModel)" time="0.011" />
  <testcase classname="ptolemy.util.test.junit.AutoTests" name="[424] /home/travis/build/icyphy/ptII/ptolemy/actor/lib/test/auto/arrayType27.xml (RunModel)" time="0.01" />
  <testcase classname="ptolemy.util.test.junit.AutoTests" name="[425] /home/travis/build/icyphy/ptII/ptolemy/actor/lib/test/auto/arrayType28.xml (RunModel)" time="0.012" />
  <testcase classname="ptolemy.util.test.junit.AutoTests" name="[426] /home/travis/build/icyphy/ptII/ptolemy/actor/lib/test/auto/arrayType3.xml (RunModel)" time="0.011" />
  <testcase classname="ptolemy.util.test.junit.AutoTests" name="[427] /home/travis/build/icyphy/ptII/ptolemy/actor/lib/test/auto/arrayType4.xml (RunModel)" time="0.01" />
  <testcase classname="ptolemy.util.test.junit.AutoTests" name="[428] /home/travis/build/icyphy/ptII/ptolemy/actor/lib/test/auto/arrayType5.xml (RunModel)" time="0.011" />
  <testcase classname="ptolemy.util.test.junit.AutoTests" name="[429] /home/travis/build/icyphy/ptII/ptolemy/actor/lib/test/auto/arrayType6.xml (RunModel)" time="0.01" />
  <testcase classname="ptolemy.util.test.junit.AutoTests" name="[430] /home/travis/build/icyphy/ptII/ptolemy/actor/lib/test/auto/arrayType7.xml (RunModel)" time="0.03" />
  <testcase classname="ptolemy.util.test.junit.AutoTests" name="[431] /home/travis/build/icyphy/ptII/ptolemy/actor/lib/test/auto/arrayType8.xml (RunModel)" time="0.011" />
  <testcase classname="ptolemy.util.test.junit.AutoTests" name="[432] /home/travis/build/icyphy/ptII/ptolemy/actor/lib/test/auto/arrayType9.xml (RunModel)" time="0.01" />
  <testcase classname="ptolemy.util.test.junit.AutoTests" name="[433] /home/travis/build/icyphy/ptII/ptolemy/actor/lib/test/auto/cast.xml (RunModel)" time="0.011" />
  <testcase classname="ptolemy.util.test.junit.AutoTests" name="[434] /home/travis/build/icyphy/ptII/ptolemy/actor/lib/test/auto/compositeMultiPort.xml (RunModel)" time="0.021" />
  <testcase classname="ptolemy.util.test.junit.AutoTests" name="[435] /home/travis/build/icyphy/ptII/ptolemy/actor/lib/test/auto/expressionCastInference.xml (RunModel)" time="0.01" />
  <testcase classname="ptolemy.util.test.junit.AutoTests" name="[436] /home/travis/build/icyphy/ptII/ptolemy/actor/lib/test/auto/expressionCastInference2.xml (RunModel)" time="0.01" />
  <testcase classname="ptolemy.util.test.junit.AutoTests" name="[437] /home/travis/build/icyphy/ptII/ptolemy/actor/lib/test/auto/expressionInference.xml (RunModel)" time="0.008" />
  <testcase classname="ptolemy.util.test.junit.AutoTests" name="[438] /home/travis/build/icyphy/ptII/ptolemy/actor/lib/test/auto/expression_bug.xml (RunModel)" time="0.008" />
  <testcase classname="ptolemy.util.test.junit.AutoTests" name="[439] /home/travis/build/icyphy/ptII/ptolemy/actor/lib/test/auto/factorial.xml (RunModel)" time="0.05" />
  <testcase classname="ptolemy.util.test.junit.AutoTests" name="[440] /home/travis/build/icyphy/ptII/ptolemy/actor/lib/test/auto/filterTest1.xml (RunModel)" time="0.019" />
  <testcase classname="ptolemy.util.test.junit.AutoTests" name="[441] /home/travis/build/icyphy/ptII/ptolemy/actor/lib/test/auto/funcApplyInConst.xml (RunModel)" time="0.012" />
  <testcase classname="ptolemy.util.test.junit.AutoTests" name="[442] /home/travis/build/icyphy/ptII/ptolemy/actor/lib/test/auto/funcApplyInExpr.xml (RunModel)" time="0.011" />
  <testcase classname="ptolemy.util.test.junit.AutoTests" name="[443] /home/travis/build/icyphy/ptII/ptolemy/actor/lib/test/auto/function.xml (RunModel)" time="0.013" />
  <testcase classname="ptolemy.util.test.junit.AutoTests" name="[444] /home/travis/build/icyphy/ptII/ptolemy/actor/lib/test/auto/function2.xml (RunModel)" time="0.01" />
  <testcase classname="ptolemy.util.test.junit.AutoTests" name="[445] /home/travis/build/icyphy/ptII/ptolemy/actor/lib/test/auto/function3.xml (RunModel)" time="0.01" />
  <testcase classname="ptolemy.util.test.junit.AutoTests" name="[446] /home/travis/build/icyphy/ptII/ptolemy/actor/lib/test/auto/functionClosureTest1.xml (RunModel)" time="0.013" />
  <testcase classname="ptolemy.util.test.junit.AutoTests" name="[447] /home/travis/build/icyphy/ptII/ptolemy/actor/lib/test/auto/functionClosureTest2.xml (RunModel)" time="0.008" />
  <testcase classname="ptolemy.util.test.junit.AutoTests" name="[448] /home/travis/build/icyphy/ptII/ptolemy/actor/lib/test/auto/functionClosureTest3.xml (RunModel)" time="0.012" />
  <testcase classname="ptolemy.util.test.junit.AutoTests" name="[449] /home/travis/build/icyphy/ptII/ptolemy/actor/lib/test/auto/functionClosureTest4.xml (RunModel)" time="0.018" />
  <testcase classname="ptolemy.util.test.junit.AutoTests" name="[450] /home/travis/build/icyphy/ptII/ptolemy/actor/lib/test/auto/functionClosureTest5.xml (RunModel)" time="0.016" />
  <testcase classname="ptolemy.util.test.junit.AutoTests" name="[451] /home/travis/build/icyphy/ptII/ptolemy/actor/lib/test/auto/functionClosureTest6.xml (RunModel)" time="0.011" />
  <testcase classname="ptolemy.util.test.junit.AutoTests" name="[452] /home/travis/build/icyphy/ptII/ptolemy/actor/lib/test/auto/functionsOnArcs.xml (RunModel)" time="0.013" />
  <testcase classname="ptolemy.util.test.junit.AutoTests" name="[453] /home/travis/build/icyphy/ptII/ptolemy/actor/lib/test/auto/functionsOnArcsHOF.xml (RunModel)" time="0.015" />
  <testcase classname="ptolemy.util.test.junit.AutoTests" name="[454] /home/travis/build/icyphy/ptII/ptolemy/actor/lib/test/auto/logic.xml (RunModel)" time="0.02" />
  <testcase classname="ptolemy.util.test.junit.AutoTests" name="[455] /home/travis/build/icyphy/ptII/ptolemy/actor/lib/test/auto/matrixType.xml (RunModel)" time="0.079" />
  <testcase classname="ptolemy.util.test.junit.AutoTests" name="[456] /home/travis/build/icyphy/ptII/ptolemy/actor/lib/test/auto/matrixType10.xml (RunModel)" time="0.024" />
  <testcase classname="ptolemy.util.test.junit.AutoTests" name="[457] /home/travis/build/icyphy/ptII/ptolemy/actor/lib/test/auto/matrixType11.xml (RunModel)" time="0.044" />
  <testcase classname="ptolemy.util.test.junit.AutoTests" name="[458] /home/travis/build/icyphy/ptII/ptolemy/actor/lib/test/auto/matrixType12.xml (RunModel)" time="0.057" />
  <testcase classname="ptolemy.util.test.junit.AutoTests" name="[459] /home/travis/build/icyphy/ptII/ptolemy/actor/lib/test/auto/matrixType13.xml (RunModel)" time="0.031" />
  <testcase classname="ptolemy.util.test.junit.AutoTests" name="[460] /home/travis/build/icyphy/ptII/ptolemy/actor/lib/test/auto/matrixType14.xml (RunModel)" time="0.042" />
  <testcase classname="ptolemy.util.test.junit.AutoTests" name="[461] /home/travis/build/icyphy/ptII/ptolemy/actor/lib/test/auto/matrixType2.xml (RunModel)" time="0.013" />
  <testcase classname="ptolemy.util.test.junit.AutoTests" name="[462] /home/travis/build/icyphy/ptII/ptolemy/actor/lib/test/auto/matrixType3.xml (RunModel)" time="0.01" />
  <testcase classname="ptolemy.util.test.junit.AutoTests" name="[463] /home/travis/build/icyphy/ptII/ptolemy/actor/lib/test/auto/matrixType4.xml (RunModel)" time="0.007" />
  <testcase classname="ptolemy.util.test.junit.AutoTests" name="[464] /home/travis/build/icyphy/ptII/ptolemy/actor/lib/test/auto/matrixType5.xml (RunModel)" time="0.007" />
  <testcase classname="ptolemy.util.test.junit.AutoTests" name="[465] /home/travis/build/icyphy/ptII/ptolemy/actor/lib/test/auto/matrixType6.xml (RunModel)" time="0.007" />
  <testcase classname="ptolemy.util.test.junit.AutoTests" name="[466] /home/travis/build/icyphy/ptII/ptolemy/actor/lib/test/auto/matrixType7.xml (RunModel)" time="0.007" />
  <testcase classname="ptolemy.util.test.junit.AutoTests" name="[467] /home/travis/build/icyphy/ptII/ptolemy/actor/lib/test/auto/matrixType8.xml (RunModel)" time="0.008" />
  <testcase classname="ptolemy.util.test.junit.AutoTests" name="[468] /home/travis/build/icyphy/ptII/ptolemy/actor/lib/test/auto/matrixType9.xml (RunModel)" time="0.008" />
  <testcase classname="ptolemy.util.test.junit.AutoTests" name="[469] /home/travis/build/icyphy/ptII/ptolemy/actor/lib/test/auto/paraFunctest.xml (RunModel)" time="0.007" />
  <testcase classname="ptolemy.util.test.junit.AutoTests" name="[470] /home/travis/build/icyphy/ptII/ptolemy/actor/lib/test/auto/paraFunctest2.xml (RunModel)" time="0.012" />
  <testcase classname="ptolemy.util.test.junit.AutoTests" name="[471] /home/travis/build/icyphy/ptII/ptolemy/actor/lib/test/auto/parameterPassing.xml (RunModel)" time="0.007" />
  <testcase classname="ptolemy.util.test.junit.AutoTests" name="[472] /home/travis/build/icyphy/ptII/ptolemy/actor/lib/test/auto/record.xml (RunModel)" time="0.01" />
  <testcase classname="ptolemy.util.test.junit.AutoTests" name="[473] /home/travis/build/icyphy/ptII/ptolemy/actor/lib/test/auto/sizedarray1.xml (RunModel)" time="0.01" />
  <testcase classname="ptolemy.util.test.junit.AutoTests" name="[474] /home/travis/build/icyphy/ptII/ptolemy/actor/lib/test/auto/sizedarray2.xml (RunModel)" time="0.01" />
  <testcase classname="ptolemy.util.test.junit.AutoTests" name="[475] /home/travis/build/icyphy/ptII/ptolemy/actor/lib/test/auto/twoPublishers.xml (RunModel)" time="0.022" />
  <system-out><![CDATA[/home/travis/build/icyphy/ptII/ptolemy/actor/lib/test/AbsoluteValue.tcl
testDefs.tcl: setting time out to 9000 seconds at Mon Oct 07 05:58:20 UTC 2019
102 ms. Memory: 120832K Free: 85427K (71%)
6 ms. Memory: 120832K Free: 83908K (69%)
14 ms. Memory: 120832K Free: 82884K (69%)
5 ms. Memory: 120832K Free: 82370K (68%)
/home/travis/build/icyphy/ptII/ptolemy/actor/lib/test/AddSubtract.tcl
14 ms. Memory: 120832K Free: 80322K (66%)
7 ms. Memory: 120832K Free: 79298K (66%)
19 ms. Memory: 120832K Free: 78788K (65%)
21 ms. Memory: 120832K Free: 77764K (64%)
90 ms. Memory: 120832K Free: 75202K (62%)
10 ms. Memory: 120832K Free: 74178K (61%)
/home/travis/build/icyphy/ptII/ptolemy/actor/lib/test/Average.tcl
8 ms. Memory: 120832K Free: 72644K (60%)
6 ms. Memory: 120832K Free: 71106K (59%)
/home/travis/build/icyphy/ptII/ptolemy/actor/lib/test/Bernoulli.tcl
4 ms. Memory: 120832K Free: 69572K (58%)
2 ms. Memory: 120832K Free: 69572K (58%)
/home/travis/build/icyphy/ptII/ptolemy/actor/lib/test/Clock.tcl
preinitializing
resolving types
initializing
executing number 1
wrapping up
idle
33 ms. Memory: 120832K Free: 66500K (55%)
Completed execution with 5 iterations
preinitializing
resolving types
initializing
executing number 1
wrapping up
idle
13 ms. Memory: 120832K Free: 65986K (55%)
Completed execution with 5 iterations
preinitializing
resolving types
initializing
executing number 1
wrapping up
idle
9 ms. Memory: 120832K Free: 65476K (54%)
Completed execution with 5 iterations
/home/travis/build/icyphy/ptII/ptolemy/actor/lib/test/Commutator.tcl
12 ms. Memory: 120832K Free: 63428K (52%)
7 ms. Memory: 120832K Free: 62404K (52%)
19 ms. Memory: 120832K Free: 56755K (47%)
/home/travis/build/icyphy/ptII/ptolemy/actor/lib/test/Const.tcl
5 ms. Memory: 120832K Free: 55236K (46%)
2 ms. Memory: 120832K Free: 54722K (45%)
12 ms. Memory: 120832K Free: 54212K (45%)
2 ms. Memory: 120832K Free: 53698K (44%)
2 ms. Memory: 120832K Free: 52643K (44%)
23 ms. Memory: 120832K Free: 51140K (42%)
10 ms. Memory: 120832K Free: 50116K (41%)
3 ms. Memory: 120832K Free: 49092K (41%)
/home/travis/build/icyphy/ptII/ptolemy/actor/lib/test/CurrentTime.tcl
preinitializing
resolving types
initializing
executing number 1
wrapping up
idle
8 ms. Memory: 120832K Free: 47554K (39%)
Completed execution with 11 iterations
/home/travis/build/icyphy/ptII/ptolemy/actor/lib/test/DB.tcl
41 ms. Memory: 120832K Free: 107240K (89%)
2 ms. Memory: 120832K Free: 106730K (88%)
1 ms. Memory: 120832K Free: 106216K (88%)
/home/travis/build/icyphy/ptII/ptolemy/actor/lib/test/DiscreteRandomSource.tcl
preinitializing
resolving types
initializing
executing number 1
wrapping up
idle
4 ms. Memory: 120832K Free: 105185K (87%)
Completed execution with 4 iterations
preinitializing
resolving types
initializing
executing number 1
wrapping up
idle
2 ms. Memory: 120832K Free: 104682K (87%)
Completed execution with 4 iterations
preinitializing
resolving types
initializing
executing number 1
wrapping up
idle
3 ms. Memory: 120832K Free: 104153K (86%)
Completed execution with 4 iterations
preinitializing
resolving types
initializing
executing number 1
wrapping up
idle
3 ms. Memory: 120832K Free: 103658K (86%)
Completed execution with 4 iterations
preinitializing
resolving types
initializing
executing number 1
wrapping up
idle
4 ms. Memory: 120832K Free: 103129K (85%)
Completed execution with 4 iterations
/home/travis/build/icyphy/ptII/ptolemy/actor/lib/test/Distributor.tcl
10 ms. Memory: 120832K Free: 101610K (84%)
10 ms. Memory: 120832K Free: 100586K (83%)
9 ms. Memory: 120832K Free: 104231K (86%)
/home/travis/build/icyphy/ptII/ptolemy/actor/lib/test/Exit.tcl
Exit.tcl: this will print a message about Manager.exitAfterWrapup, which can be ignored.
7 ms. Memory: 120832K Free: 101148K (84%)
/home/travis/build/icyphy/ptII/ptolemy/actor/lib/test/Expression.tcl
23 ms. Memory: 120832K Free: 97715K (81%)
11 ms. Memory: 120832K Free: 97063K (80%)
3 ms. Memory: 120832K Free: 96039K (79%)
preinitializing
resolving types
initializing
executing number 1
wrapping up
idle
12 ms. Memory: 120832K Free: 94613K (78%)
Completed execution with 6 iterations
10 ms. Memory: 120832K Free: 94021K (78%)
4 ms. Memory: 120832K Free: 92958K (77%)
11 ms. Memory: 120832K Free: 91942K (76%)
8 ms. Memory: 120832K Free: 90531K (75%)
8 ms. Memory: 120832K Free: 89485K (74%)
/home/travis/build/icyphy/ptII/ptolemy/actor/lib/test/Gaussian.tcl
6 ms. Memory: 120832K Free: 87869K (73%)
sleeping 1 seconds: ............................................................................................................................................................................................................................................................................................................................................................................................................................................................................................................................................................................................................................................................................................................................................................................................................................................................................................................................................................................................................................................................................................................................................................................................................................................................................................................................................................................................................................................................................................................................................................................................................................................................................................................................................................................................................................................................................................................................................................................................................................................................................................................................................................................................................................................................................................................................................................................................................................................................................................................................................................................................................................................................................................................................................................................................................................................................................................................................................................................................................................................................................................................................................................................................................................................................................................................................................................................................................................................................................................................................................................................................................................................................................................................................................................................................................................................................................................................................................................................................................................................................................................................................................................................................................................................................................................................................................................................................................................................................................................................................................................................................................................................................................................................................................................................................................................................................................................................................................................................................................................................................................................................................................................................................................................................................................................................................................................................................................................................................................................................................................................................................................................................................................................................................................................................................................................................................................................................................................................................................................................................................................................................................................................................................................................................................................................................................................................................................................................................................................................................................................................................................................................................................................................................................................................................................................................................................................................................................................................................................................................................................................................................................................................................................................................................................................................................................................................................................................................................................................................................................................................................................................................................................................................................................................................................................................................................................................................................................................................................................................................................................................................................................................................................................................................................................................................................................................................................................................................................................................................................................................................................................................................................................................................................................................................................................................................................................................................................................................................................................................................................................................................................................................................................................................................................................................................................................................................................................................................................................................................................................................................................................................................................................................................................................................................................................................................................................................................................................................................................................................................................................................................................................................................................................................................................................................................................................................................................................................................................................................................................................................................................................................................................................................................................................................................................................................................................................................................................................................................................................................................................................................................................................................................................................................................................................................................................................................................................................................................................................................................................................................................................................................................................................................................................................................................................................................................................................................................................................................................................................................................................................................................................................................................................................................................................................................................................................................................................................................................................................................................................................................................................................................................................................................................................................................................................................................................................................................................................................................................................................................................................................................................................................................................................................................................................................................................................................................................................................................................................................................................................................................................................................................................................................................................................................................................................................................................................................................................................................................................................................................................................................................................................................................................................................................................................................................................................................................................................................................................................................................................................................................................................................................................................................................................................................................................................................................................................................................................................................................................................................................................................................................................................................................................................................................................................................................................................................................................................................................................................................................................................................................................................................................................................................................................................................................................................................................................................................................................................................................................................................................................................................................................................................................................................................................................................................................................................................................................................................................................................................................................................................................................................................................................................................................................................................................................................................................................................................................................................................................................................................................................................................................................................................................................................................................................................................................................................................................................................................................................................................................................................................................................................................................................................................................................................................................................................................................................................................................................................................................................................................................................................................................................................................................................................................................................................................................................................................................................................................................................................................................................................................................................................................................................................................................................................................................................................................................................................................................................................................................................................................................................................................................................................................................................................................................................................................................................................................................................................................................................................................................................................................................................................................................................................................................................................................................................................................................................................................................................................................................................................................................................................................................................................................................................................................................................................................................................................................................................................................................................................................................................................................................................................................................................................................................................................................................................................................................................................................................................................................................................................................................................................................................................................................................................................................................................................................................................................................................................................................................................................................................................................................................................................................................................................................................................................................................................................................................................................................................................................................................................................................................................................................................................................................................................................................................................................................................................................................................................................................................................................................................................................................................................................................................................................................................................................................................................................................................................................................................................................................................................................................................................................................................................................................................................................................................................................................................................................................................................................................................................................................................................................................................................................................................................................................................................................................................................................................................................................................................................................................................................................................................................................................................................................................................................................................................................................................................................................................................................................................................................................................................................................................................................................................................................................................................................................................................................................................................................................................................................................................................................................................................................3 ms. Memory: 146432K Free: 108790K (74%)
2 ms. Memory: 146432K Free: 108262K (74%)
1 ms. Memory: 146432K Free: 107766K (74%)
4 ms. Memory: 146432K Free: 106742K (73%)
6 ms. Memory: 146432K Free: 106132K (72%)
/home/travis/build/icyphy/ptII/ptolemy/actor/lib/test/IIR.tcl
/home/travis/build/icyphy/ptII/ptolemy/actor/lib/test/Interpolator.tcl
5 ms. Memory: 146432K Free: 102646K (70%)
3 ms. Memory: 146432K Free: 102132K (70%)
3 ms. Memory: 146432K Free: 101094K (69%)
1 ms. Memory: 146432K Free: 100598K (69%)
5 ms. Memory: 146432K Free: 100070K (68%)
5 ms. Memory: 146432K Free: 99030K (68%)
5 ms. Memory: 146432K Free: 98036K (67%)
2 ms. Memory: 146432K Free: 96998K (66%)
7 ms. Memory: 146432K Free: 96502K (66%)
4 ms. Memory: 146432K Free: 95478K (65%)
/home/travis/build/icyphy/ptII/ptolemy/actor/lib/test/MathFunction.tcl
5 ms. Memory: 146432K Free: 93430K (64%)
9 ms. Memory: 146432K Free: 92406K (63%)
4 ms. Memory: 146432K Free: 91382K (62%)
5 ms. Memory: 146432K Free: 90358K (62%)
8 ms. Memory: 146432K Free: 89334K (61%)
12 ms. Memory: 146432K Free: 87286K (60%)
/home/travis/build/icyphy/ptII/ptolemy/actor/lib/test/Maximum.tcl
4 ms. Memory: 146432K Free: 85238K (58%)
2 ms. Memory: 146432K Free: 84710K (58%)
2 ms. Memory: 146432K Free: 84214K (58%)
2 ms. Memory: 146432K Free: 83190K (57%)
/home/travis/build/icyphy/ptII/ptolemy/actor/lib/test/Minimum.tcl
3 ms. Memory: 146432K Free: 81638K (56%)
2 ms. Memory: 146432K Free: 81142K (55%)
2 ms. Memory: 146432K Free: 80118K (55%)
2 ms. Memory: 146432K Free: 79590K (54%)
/home/travis/build/icyphy/ptII/ptolemy/actor/lib/test/MultiplyDivide.tcl
11 ms. Memory: 146432K Free: 130107K (89%)
3 ms. Memory: 146432K Free: 129597K (89%)
3 ms. Memory: 146432K Free: 129069K (88%)
2 ms. Memory: 146432K Free: 128059K (87%)
2 ms. Memory: 146432K Free: 127549K (87%)
/home/travis/build/icyphy/ptII/ptolemy/actor/lib/test/OrderedMerge.tcl
Connections changed on port: inputA
Connections changed on port: inputB
Connections changed on port: output
Connections changed on port: output
Connections changed on port: output
Connections changed on port: input
.top. Preinitializing ...
Invoking preinitialize():  .top.OrderedMerge
Called preinitialize()
Invoking preinitialize():  .top.Ramp
Called preinitialize()
Invoking preinitialize():  .top.Ramp2
Called preinitialize()
Invoking preinitialize():  .top.Test
Called preinitialize()
Connections changed on port: inputA
Connections changed on port: output
Connections changed on port: output
Connections changed on port: input
Connections changed on port: inputB
Connections changed on port: output
.top. Finished preinitialize().
Called initialize().
Invoking initialize():  .top.OrderedMerge
Initializing actor: .top.OrderedMerge
Adding a thread: .top.OrderedMerge
Invoking initialize():  .top.Ramp
Initializing actor: .top.Ramp
Adding a thread: .top.Ramp
Invoking initialize():  .top.Ramp2
Initializing actor: .top.Ramp2
Adding a thread: .top.Ramp2
Invoking initialize():  .top.Test
Initializing actor: .top.Test
Adding a thread: .top.Test
Called fire().
Checking for deadlock:
-- Starting thread.
Called initialize()
Called prefire()
Called fire()
-- Starting thread.
Called initialize()
-- Starting thread.
Called initialize()
Called prefire()
Called prefire()
Called fire()
-- Starting thread.
Called fire()
Called initialize()
Called prefire()
Called fire()
There are 0 Blocked actors, 0 Stopped actors, and 4 active threads.
Waiting for actors to stop.
Called postfire()
Called prefire()
Called fire()
Called postfire()
Called prefire()
Called fire()
Called postfire()
Called prefire()
Called fire()
Checking for deadlock:
Read input token from inputA with value 0.0
Next port to read input from is inputB
Called postfire()
Called prefire()
Called fire()
There are 3 Blocked actors, 0 Stopped actors, and 4 active threads.
Waiting for actors to stop.
Read input token from inputB with value 0.0
Sent output token with value 0.0
Next port to read input from is inputA
Called postfire()
Called prefire()
Called fire()
Read input token from inputA with value 1.0
Checking for deadlock:
There are 1 Blocked actors, 0 Stopped actors, and 4 active threads.
Waiting for actors to stop.
Called postfire()
Called prefire()
Called fire()
-- Read input: 0.0, which is expected to match: 0.0
Called prefire()
Called fire()
Called postfire()
Called prefire()
Called fire()
Checking for deadlock:
There are 3 Blocked actors, 0 Stopped actors, and 4 active threads.
Waiting for actors to stop.
-- Read input: 0.0, which is expected to match: 0.0
Called prefire()
Called fire()
Sent output token with value 0.0
Next port to read input from is inputB
Called postfire()
Called prefire()
Called fire()
Read input token from inputB with value 1.5
Sent output token with value 1.0
Next port to read input from is inputA
Called postfire()
Called prefire()
Called fire()
Read input token from inputA with value 2.0
Checking for deadlock:
There are 1 Blocked actors, 0 Stopped actors, and 4 active threads.
Waiting for actors to stop.
Called postfire()
Called prefire()
Called fire()
-- Read input: 1.0, which is expected to match: 1.0
Called prefire()
Called fire()
Called postfire()
Called prefire()
Called fire()
Checking for deadlock:
There are 3 Blocked actors, 0 Stopped actors, and 4 active threads.
Waiting for actors to stop.
-- Read input: 1.5, which is expected to match: 1.5
Called prefire()
Called fire()
Sent output token with value 1.5
Next port to read input from is inputB
Called postfire()
Called prefire()
Called fire()
Read input token from inputB with value 3.0
Sent output token with value 2.0
Next port to read input from is inputA
Called postfire()
Called prefire()
Called fire()
Read input token from inputA with value 3.0
Checking for deadlock:
There are 1 Blocked actors, 0 Stopped actors, and 4 active threads.
Waiting for actors to stop.
Called postfire()
Called prefire()
Called fire()
-- Read input: 2.0, which is expected to match: 2.0
Called prefire()
Called fire()
Called postfire()
Called prefire()
Called fire()
Checking for deadlock:
There are 3 Blocked actors, 0 Stopped actors, and 4 active threads.
Waiting for actors to stop.
-- Read input: 3.0, which is expected to match: 3.0
Called prefire()
Called fire()
Sent output token with value 3.0
Next port to read input from is inputB
Called postfire()
Called prefire()
Called fire()
Read input token from inputB with value 4.5
Sent output token with value 3.0
Next port to read input from is inputA
Called postfire()
Called prefire()
Called fire()
Read input token from inputA with value 4.0
Checking for deadlock:
There are 1 Blocked actors, 0 Stopped actors, and 4 active threads.
Waiting for actors to stop.
Called postfire()
Called prefire()
Called fire()
-- Read input: 3.0, which is expected to match: 3.0
Called prefire()
Called fire()
Called postfire()
Called prefire()
Called fire()
Checking for deadlock:
There are 3 Blocked actors, 0 Stopped actors, and 4 active threads.
Waiting for actors to stop.
-- Read input: 4.0, which is expected to match: 4.0
Called prefire()
Called fire()
Past the end of training data. Read and discard all inputs.
Sent output token with value 4.0
Next port to read input from is inputA
Called postfire()
Called prefire()
Called fire()
Read input token from inputA with value 5.0
Sent output token with value 4.5
Next port to read input from is inputB
Called postfire()
Called prefire()
Called fire()
Read input token from inputB with value 6.0
Checking for deadlock:
There are 1 Blocked actors, 0 Stopped actors, and 4 active threads.
Waiting for actors to stop.
Called postfire()
Called prefire()
Called fire()
Called prefire()
Called fire()
Past the end of training data. Read and discard all inputs.
Called postfire()
Called prefire()
Called fire()
Checking for deadlock:
There are 3 Blocked actors, 0 Stopped actors, and 4 active threads.
Waiting for actors to stop.
Called prefire()
Called fire()
Past the end of training data. Read and discard all inputs.
Sent output token with value 5.0
Next port to read input from is inputA
Called postfire()
Called prefire()
Called fire()
Read input token from inputA with value 6.0
Sent output token with value 6.0
Next port to read input from is inputB
Called postfire()
Called prefire()
Called fire()
Read input token from inputB with value 7.5
Checking for deadlock:
There are 1 Blocked actors, 0 Stopped actors, and 4 active threads.
Waiting for actors to stop.
Called postfire()
Called prefire()
Called fire()
Called prefire()
Called fire()
Past the end of training data. Read and discard all inputs.
Called postfire()
Called prefire()
Called fire()
Checking for deadlock:
There are 3 Blocked actors, 0 Stopped actors, and 4 active threads.
Waiting for actors to stop.
Called prefire()
Called fire()
Past the end of training data. Read and discard all inputs.
Sent output token with value 6.0
Next port to read input from is inputA
Called postfire()
Called prefire()
Called fire()
Read input token from inputA with value 7.0
Sent output token with value 7.0
Next port to read input from is inputA
Called postfire()
Called prefire()
Called fire()
Checking for deadlock:
There are 2 Blocked actors, 0 Stopped actors, and 4 active threads.
Waiting for actors to stop.
Called prefire()
Called fire()
Past the end of training data. Read and discard all inputs.
Called postfire()
Called prefire()
Called fire()
Checking for deadlock:
There are 3 Blocked actors, 0 Stopped actors, and 4 active threads.
Waiting for actors to stop.
-- Thread wrapup() called.
Called wrapup()
Thread .top.Ramp is exiting.
-- Thread stopped.
Read input token from inputA with value 8.0
Sent output token with value 7.5
Next port to read input from is inputB
Called postfire()
Called prefire()
Called fire()
Read input token from inputB with value 9.0
Checking for deadlock:
There are 1 Blocked actors, 0 Stopped actors, and 3 active threads.
Waiting for actors to stop.
Called postfire()
Called prefire()
Called fire()
Called prefire()
Called fire()
Past the end of training data. Read and discard all inputs.
Checking for deadlock:
There are 2 Blocked actors, 0 Stopped actors, and 3 active threads.
Waiting for actors to stop.
Called prefire()
Called fire()
Past the end of training data. Read and discard all inputs.
Sent output token with value 8.0
Next port to read input from is inputA
Called postfire()
Called prefire()
Called fire()
Read input token from inputA with value 9.0
Sent output token with value 9.0
Next port to read input from is inputB
Called postfire()
Called prefire()
Called fire()
Read input token from inputB with value 10.5
Checking for deadlock:
There are 1 Blocked actors, 0 Stopped actors, and 3 active threads.
Waiting for actors to stop.
Called postfire()
Called prefire()
Called fire()
Called prefire()
Called fire()
Past the end of training data. Read and discard all inputs.
Checking for deadlock:
There are 2 Blocked actors, 0 Stopped actors, and 3 active threads.
Waiting for actors to stop.
Called prefire()
Called fire()
Past the end of training data. Read and discard all inputs.
Sent output token with value 9.0
Next port to read input from is inputA
Called postfire()
Called prefire()
Called fire()
Checking for deadlock:
There are 3 Blocked actors, 0 Stopped actors, and 3 active threads.
Actors have stopped.
Checking for deadlock:
There are 3 Blocked actors, 0 Stopped actors, and 3 active threads.
Deadlock detected.
Resolving Deadlock
Checking for deadlock:
There are 3 Blocked actors, 0 Stopped actors, and 3 active threads.
Artificial Deadlock - increasing queue capacity.
increasing the capacity of receiver ptolemy.actor.TypedIOPort {.top.OrderedMerge.inputB} to 2
-- Thread wrapup() called.
Called wrapup()
Thread .top.Ramp2 is exiting.
-- Thread stopped.
Director: Called postfire().
Called postfire().
_stopRequested = false
_stopFireRequested = false
Returning from postfire(): true
Called fire().
Checking for deadlock:
There are 2 Blocked actors, 0 Stopped actors, and 2 active threads.
Actors have stopped.
Checking for deadlock:
There are 2 Blocked actors, 0 Stopped actors, and 2 active threads.
Deadlock detected.
Resolving Deadlock
Checking for deadlock:
There are 2 Blocked actors, 0 Stopped actors, and 2 active threads.
Deadlock detected: no processes blocked on write, but some are blocked on read.
Called postfire().
_stopRequested = false
_stopFireRequested = false
Returning from postfire(): false
Finished deactivating branches.
Called wrapup().
-- Thread wrapup() called.
Called wrapup()
Thread .top.Test is exiting.
-- Thread stopped.
-- Blocked Receiver call threw TerminateProcessException.
-- Thread wrapup() called.
Called wrapup()
Thread .top.OrderedMerge is exiting.
-- Thread stopped.
-- Blocked Receiver call threw TerminateProcessException.
80 ms. Memory: 146432K Free: 122429K (84%)
.top. Preinitializing ...
Invoking preinitialize():  .top.OrderedMerge
Called preinitialize()
Invoking preinitialize():  .top.Ramp
Called preinitialize()
Invoking preinitialize():  .top.Ramp2
Called preinitialize()
Invoking preinitialize():  .top.Test
Called preinitialize()
.top. Finished preinitialize().
Called initialize().
Invoking initialize():  .top.OrderedMerge
Initializing actor: .top.OrderedMerge
Adding a thread: .top.OrderedMerge
Invoking initialize():  .top.Ramp
Initializing actor: .top.Ramp
Adding a thread: .top.Ramp
Invoking initialize():  .top.Ramp2
Initializing actor: .top.Ramp2
Adding a thread: .top.Ramp2
Invoking initialize():  .top.Test
Initializing actor: .top.Test
Adding a thread: .top.Test
-- Starting thread.
Called initialize()
Called prefire()
Called fire()
-- Starting thread.
Called initialize()
Called prefire()
Called fire()
Called postfire()
Called prefire()
Called fire()
Called fire().
Checking for deadlock:
-- Starting thread.
Called initialize()
There are 2 Blocked actors, 0 Stopped actors, and 4 active threads.
Waiting for actors to stop.
Called prefire()
Called fire()
Called postfire()
Called prefire()
Called fire()
-- Starting thread.
Called initialize()
Called prefire()
Called fire()
Checking for deadlock:
There are 3 Blocked actors, 0 Stopped actors, and 4 active threads.
Waiting for actors to stop.
Checking for deadlock:
There are 2 Blocked actors, 0 Stopped actors, and 4 active threads.
Waiting for actors to stop.
Called postfire()
Called prefire()
Called fire()
Checking for deadlock:
There are 3 Blocked actors, 0 Stopped actors, and 4 active threads.
Waiting for actors to stop.
Read input token from inputA with value 0.0
Next port to read input from is inputB
Called postfire()
Called prefire()
Called fire()
Checking for deadlock:
There are 2 Blocked actors, 0 Stopped actors, and 4 active threads.
Waiting for actors to stop.
Called postfire()
Called prefire()
Called fire()
Checking for deadlock:
There are 3 Blocked actors, 0 Stopped actors, and 4 active threads.
Waiting for actors to stop.
Read input token from inputB with value 0.0
-- Read input: 0.0, which is expected to match: 0.0
Called prefire()
Called fire()
Checking for deadlock:
There are 3 Blocked actors, 0 Stopped actors, and 4 active threads.
Waiting for actors to stop.
Sent output token with value 0.0
Next port to read input from is inputA
Called postfire()
Called prefire()
Called fire()
Checking for deadlock:
There are 2 Blocked actors, 0 Stopped actors, and 4 active threads.
Waiting for actors to stop.
Called postfire()
Called prefire()
Called fire()
Checking for deadlock:
There are 3 Blocked actors, 0 Stopped actors, and 4 active threads.
Waiting for actors to stop.
Read input token from inputA with value 1.0
Checking for deadlock:
There are 2 Blocked actors, 0 Stopped actors, and 4 active threads.
Waiting for actors to stop.
-- Read input: 0.0, which is expected to match: 0.0
Called prefire()
Called fire()
Checking for deadlock:
Sent output token with value 0.0
There are 3 Blocked actors, 0 Stopped actors, and 4 active threads.
Waiting for actors to stop.
Next port to read input from is inputB
Called postfire()
Called prefire()
Called fire()
Checking for deadlock:
There are 2 Blocked actors, 0 Stopped actors, and 4 active threads.
Waiting for actors to stop.
Called postfire()
Called prefire()
Called fire()
Checking for deadlock:
There are 3 Blocked actors, 0 Stopped actors, and 4 active threads.
Waiting for actors to stop.
Read input token from inputB with value 1.5
Checking for deadlock:
There are 2 Blocked actors, 0 Stopped actors, and 4 active threads.
Waiting for actors to stop.
-- Read input: 1.0, which is expected to match: 1.0
Called prefire()
Called fire()
Checking for deadlock:
There are 3 Blocked actors, 0 Stopped actors, and 4 active threads.
Waiting for actors to stop.
Sent output token with value 1.0
Next port to read input from is inputA
Called postfire()
Called prefire()
Called fire()
Checking for deadlock:
There are 2 Blocked actors, 0 Stopped actors, and 4 active threads.
Waiting for actors to stop.
Read input token from inputA with value 2.0
Called postfire()
Called prefire()
Called fire()
Checking for deadlock:
There are 3 Blocked actors, 0 Stopped actors, and 4 active threads.
Waiting for actors to stop.
Checking for deadlock:
There are 2 Blocked actors, 0 Stopped actors, and 4 active threads.
Waiting for actors to stop.
-- Read input: 1.5, which is expected to match: 1.5
Called prefire()
Called fire()
Checking for deadlock:
There are 3 Blocked actors, 0 Stopped actors, and 4 active threads.
Waiting for actors to stop.
Sent output token with value 1.5
Next port to read input from is inputB
Called postfire()
Called prefire()
Called fire()
Checking for deadlock:
There are 2 Blocked actors, 0 Stopped actors, and 4 active threads.
Waiting for actors to stop.
Called postfire()
Called prefire()
Called fire()
Checking for deadlock:
There are 3 Blocked actors, 0 Stopped actors, and 4 active threads.
Waiting for actors to stop.
Read input token from inputB with value 3.0
Checking for deadlock:
There are 2 Blocked actors, 0 Stopped actors, and 4 active threads.
Waiting for actors to stop.
-- Read input: 2.0, which is expected to match: 2.0
Called prefire()
Called fire()
Checking for deadlock:
There are 3 Blocked actors, 0 Stopped actors, and 4 active threads.
Waiting for actors to stop.
Sent output token with value 2.0
Next port to read input from is inputA
Called postfire()
Called prefire()
Called fire()
Checking for deadlock:
There are 2 Blocked actors, 0 Stopped actors, and 4 active threads.
Waiting for actors to stop.
Called postfire()
Called prefire()
Called fire()
Checking for deadlock:
There are 3 Blocked actors, 0 Stopped actors, and 4 active threads.
Waiting for actors to stop.
Read input token from inputA with value 3.0
Checking for deadlock:
There are 2 Blocked actors, 0 Stopped actors, and 4 active threads.
Waiting for actors to stop.
-- Read input: 3.0, which is expected to match: 3.0
Called prefire()
Called fire()
Checking for deadlock:
Sent output token with value 3.0
There are 3 Blocked actors, 0 Stopped actors, and 4 active threads.
Waiting for actors to stop.
Next port to read input from is inputB
Called postfire()
Called prefire()
Called fire()
Checking for deadlock:
There are 2 Blocked actors, 0 Stopped actors, and 4 active threads.
Waiting for actors to stop.
Called postfire()
Called prefire()
Called fire()
Checking for deadlock:
There are 3 Blocked actors, 0 Stopped actors, and 4 active threads.
Waiting for actors to stop.
Read input token from inputB with value 4.5
Checking for deadlock:
There are 2 Blocked actors, 0 Stopped actors, and 4 active threads.
Waiting for actors to stop.
Sent output token with value 3.0
-- Read input: 3.0, which is expected to match: 3.0
Called prefire()
Called fire()
Checking for deadlock:
There are 3 Blocked actors, 0 Stopped actors, and 4 active threads.
Waiting for actors to stop.
Next port to read input from is inputA
Called postfire()
Called prefire()
Called fire()
Checking for deadlock:
There are 2 Blocked actors, 0 Stopped actors, and 4 active threads.
Waiting for actors to stop.
Read input token from inputA with value 4.0
Called postfire()
Called prefire()
Called fire()
Checking for deadlock:
There are 3 Blocked actors, 0 Stopped actors, and 4 active threads.
Waiting for actors to stop.
Checking for deadlock:
There are 2 Blocked actors, 0 Stopped actors, and 4 active threads.
Waiting for actors to stop.
Sent output token with value 4.0
-- Read input: 4.0, which is expected to match: 4.0
Called prefire()
Called fire()
Past the end of training data. Read and discard all inputs.
Checking for deadlock:
There are 3 Blocked actors, 0 Stopped actors, and 4 active threads.
Waiting for actors to stop.
Next port to read input from is inputA
Called postfire()
Called prefire()
Called fire()
Checking for deadlock:
There are 2 Blocked actors, 0 Stopped actors, and 4 active threads.
Waiting for actors to stop.
Read input token from inputA with value 5.0
Called postfire()
Called prefire()
Called fire()
Called prefire()
Called fire()
Past the end of training data. Read and discard all inputs.
Checking for deadlock:
There are 3 Blocked actors, 0 Stopped actors, and 4 active threads.
Waiting for actors to stop.
Sent output token with value 4.5
Next port to read input from is inputB
Called postfire()
Called prefire()
Called fire()
Checking for deadlock:
There are 2 Blocked actors, 0 Stopped actors, and 4 active threads.
Read input token from inputB with value 6.0
Waiting for actors to stop.
Checking for deadlock:
Called postfire()
There are 1 Blocked actors, 0 Stopped actors, and 4 active threads.
Called prefire()
Waiting for actors to stop.
Called fire()
Called prefire()
Sent output token with value 5.0
Checking for deadlock:
Next port to read input from is inputA
Called postfire()
Called fire()
Past the end of training data. Read and discard all inputs.
Called prefire()
There are 2 Blocked actors, 0 Stopped actors, and 4 active threads.
Waiting for actors to stop.
Called fire()
Checking for deadlock:
There are 2 Blocked actors, 0 Stopped actors, and 4 active threads.
Waiting for actors to stop.
Called postfire()
Called prefire()
Called fire()
Read input token from inputA with value 6.0
Called prefire()
Called fire()
Past the end of training data. Read and discard all inputs.
Checking for deadlock:
There are 3 Blocked actors, 0 Stopped actors, and 4 active threads.
Waiting for actors to stop.
Sent output token with value 6.0
Next port to read input from is inputB
Called postfire()
Called prefire()
Called fire()
Checking for deadlock:
There are 2 Blocked actors, 0 Stopped actors, and 4 active threads.
Waiting for actors to stop.
Called postfire()
Called prefire()
Called fire()
Checking for deadlock:
There are 3 Blocked actors, 0 Stopped actors, and 4 active threads.
Waiting for actors to stop.
Read input token from inputB with value 7.5
Checking for deadlock:
There are 2 Blocked actors, 0 Stopped actors, and 4 active threads.
Waiting for actors to stop.
Called prefire()
Called fire()
Past the end of training data. Read and discard all inputs.
Checking for deadlock:
There are 3 Blocked actors, 0 Stopped actors, and 4 active threads.
Waiting for actors to stop.
Sent output token with value 6.0
Next port to read input from is inputA
Called postfire()
Called prefire()
Called fire()
Checking for deadlock:
There are 2 Blocked actors, 0 Stopped actors, and 4 active threads.
Waiting for actors to stop.
Called postfire()
Called prefire()
Read input token from inputA with value 7.0
Called fire()
Called prefire()
Called fire()
Past the end of training data. Read and discard all inputs.
Checking for deadlock:
There are 3 Blocked actors, 0 Stopped actors, and 4 active threads.
Waiting for actors to stop.
Sent output token with value 7.0
Next port to read input from is inputA
Called postfire()
Called prefire()
Called fire()
Checking for deadlock:
There are 2 Blocked actors, 0 Stopped actors, and 4 active threads.
Waiting for actors to stop.
Read input token from inputA with value 8.0
-- Thread wrapup() called.
Called wrapup()
Called prefire()
Thread .top.Ramp is exiting.
-- Thread stopped.
Called fire()
Past the end of training data. Read and discard all inputs.
Checking for deadlock:
There are 2 Blocked actors, 0 Stopped actors, and 3 active threads.
Waiting for actors to stop.
Sent output token with value 7.5
Next port to read input from is inputB
Called postfire()
Called prefire()
Called fire()
Called postfire()
Called prefire()
Called fire()
Checking for deadlock:
There are 2 Blocked actors, 0 Stopped actors, and 3 active threads.
Waiting for actors to stop.
Read input token from inputB with value 9.0
Called prefire()
Called fire()
Past the end of training data. Read and discard all inputs.
Checking for deadlock:
There are 2 Blocked actors, 0 Stopped actors, and 3 active threads.
Waiting for actors to stop.
Sent output token with value 8.0
Next port to read input from is inputA
Called postfire()
Called prefire()
Called fire()
Read input token from inputA with value 9.0
Called prefire()
Called fire()
Past the end of training data. Read and discard all inputs.
Checking for deadlock:
There are 2 Blocked actors, 0 Stopped actors, and 3 active threads.
Waiting for actors to stop.
Sent output token with value 9.0
Next port to read input from is inputB
Called postfire()
Called prefire()
Called fire()
Checking for deadlock:
There are 1 Blocked actors, 0 Stopped actors, and 3 active threads.
Waiting for actors to stop.
Called postfire()
Called prefire()
Called fire()
Checking for deadlock:
There are 2 Blocked actors, 0 Stopped actors, and 3 active threads.
Waiting for actors to stop.
Read input token from inputB with value 10.5
Checking for deadlock:
There are 1 Blocked actors, 0 Stopped actors, and 3 active threads.
Waiting for actors to stop.
Called prefire()
Called fire()
Past the end of training data. Read and discard all inputs.
Checking for deadlock:
There are 2 Blocked actors, 0 Stopped actors, and 3 active threads.
Waiting for actors to stop.
Sent output token with value 9.0
Next port to read input from is inputA
Called postfire()
Called prefire()
Called fire()
Checking for deadlock:
There are 3 Blocked actors, 0 Stopped actors, and 3 active threads.
Actors have stopped.
Checking for deadlock:
There are 3 Blocked actors, 0 Stopped actors, and 3 active threads.
Deadlock detected.
Resolving Deadlock
Checking for deadlock:
There are 3 Blocked actors, 0 Stopped actors, and 3 active threads.
Artificial Deadlock - increasing queue capacity.
increasing the capacity of receiver ptolemy.actor.TypedIOPort {.top.OrderedMerge.inputB} to 2
Director: Called postfire().
Called postfire().
_stopRequested = false
_stopFireRequested = false
Returning from postfire(): true
Called fire().
Checking for deadlock:
There are 2 Blocked actors, 0 Stopped actors, and 3 active threads.
Waiting for actors to stop.
-- Thread wrapup() called.
Called wrapup()
Thread .top.Ramp2 is exiting.
-- Thread stopped.
Checking for deadlock:
There are 2 Blocked actors, 0 Stopped actors, and 2 active threads.
Actors have stopped.
Checking for deadlock:
There are 2 Blocked actors, 0 Stopped actors, and 2 active threads.
Deadlock detected.
Resolving Deadlock
Checking for deadlock:
There are 2 Blocked actors, 0 Stopped actors, and 2 active threads.
Deadlock detected: no processes blocked on write, but some are blocked on read.
Called postfire().
_stopRequested = false
_stopFireRequested = false
Returning from postfire(): false
Finished deactivating branches.
Called wrapup().
-- Thread wrapup() called.
Called wrapup()
-- Thread wrapup() called.
Called wrapup()
Thread .top.Test is exiting.
-- Thread stopped.
-- Blocked Receiver call threw TerminateProcessException.
Thread .top.OrderedMerge is exiting.
60 ms. Memory: 146432K Free: 119867K (82%)
/home/travis/build/icyphy/ptII/ptolemy/actor/lib/test/Publisher.tcl
-- Thread stopped.
-- Blocked Receiver call threw TerminateProcessException.
19 ms. Memory: 146432K Free: 113717K (78%)
4 ms. Memory: 146432K Free: 108597K (74%)
2 ms. Memory: 146432K Free: 105021K (72%)
4 ms. Memory: 146432K Free: 103997K (71%)
2 ms. Memory: 146432K Free: 102973K (70%)
3 ms. Memory: 146432K Free: 102445K (70%)
2 ms. Memory: 146432K Free: 101435K (69%)
3 ms. Memory: 146432K Free: 100397K (69%)
23 ms. Memory: 146432K Free: 90685K (62%)
10 ms. Memory: 146432K Free: 127193K (87%)
2 ms. Memory: 146432K Free: 126199K (86%)
3 ms. Memory: 146432K Free: 124137K (85%)
6 ms. Memory: 146432K Free: 116473K (80%)
5 ms. Memory: 146432K Free: 106729K (73%)
6 ms. Memory: 146432K Free: 95993K (66%)
/home/travis/build/icyphy/ptII/ptolemy/actor/lib/test/Pulse.tcl
5 ms. Memory: 176128K Free: 151498K (86%)
8 ms. Memory: 176128K Free: 150984K (86%)
2 ms. Memory: 176128K Free: 150474K (85%)
13 ms. Memory: 176128K Free: 149960K (85%)
2 ms. Memory: 176128K Free: 149450K (85%)
7 ms. Memory: 176128K Free: 147912K (84%)
10 ms. Memory: 176128K Free: 146835K (83%)
2 ms. Memory: 176128K Free: 146378K (83%)
5 ms. Memory: 176128K Free: 145354K (83%)
/home/travis/build/icyphy/ptII/ptolemy/actor/lib/test/Ramp.tcl
8 ms. Memory: 176128K Free: 143786K (82%)
4 ms. Memory: 176128K Free: 142792K (81%)
3 ms. Memory: 176128K Free: 142282K (81%)
2 ms. Memory: 176128K Free: 141258K (80%)
7 ms. Memory: 176128K Free: 140730K (80%)
10 ms. Memory: 176128K Free: 139720K (79%)
9 ms. Memory: 176128K Free: 138682K (79%)
5 actors
9000 microseconds per iteration to create
13 ms. Memory: 176128K Free: 136138K (77%)
2 ms. Memory: 176128K Free: 135618K (77%)
4 ms. Memory: 176128K Free: 134594K (76%)
3 ms. Memory: 176128K Free: 134090K (76%)
50 actors
64000 microseconds per iteration to create
53 ms. Memory: 176128K Free: 118202K (67%)
14 ms. Memory: 176128K Free: 117162K (67%)
6 ms. Memory: 176128K Free: 116162K (66%)
14 ms. Memory: 176128K Free: 115130K (65%)
500 actors
1743000 microseconds per iteration to create
245 ms. Memory: 176128K Free: 120983K (69%)
37 ms. Memory: 176128K Free: 115863K (66%)
37 ms. Memory: 176128K Free: 110233K (63%)
39 ms. Memory: 176128K Free: 105113K (60%)
/home/travis/build/icyphy/ptII/ptolemy/actor/lib/test/RampContinuous.tcl
8 ms. Memory: 176128K Free: 103561K (59%)
/home/travis/build/icyphy/ptII/ptolemy/actor/lib/test/RecordAssembler.tcl
5 ms. Memory: 176128K Free: 102041K (58%)
3 ms. Memory: 176128K Free: 101017K (57%)
/home/travis/build/icyphy/ptII/ptolemy/actor/lib/test/RecordDisassembler.tcl
18 ms. Memory: 176128K Free: 99465K (56%)
10 ms. Memory: 176128K Free: 98969K (56%)
3 ms. Memory: 176128K Free: 97431K (55%)
/home/travis/build/icyphy/ptII/ptolemy/actor/lib/test/Scale.tcl
3 ms. Memory: 176128K Free: 95897K (54%)
1 ms. Memory: 176128K Free: 94873K (54%)
2 ms. Memory: 176128K Free: 94345K (54%)
2 ms. Memory: 176128K Free: 93321K (53%)
2 ms. Memory: 176128K Free: 92305K (52%)
/home/travis/build/icyphy/ptII/ptolemy/actor/lib/test/SequentialClock.tcl
preinitializing
resolving types
initializing
executing number 1
wrapping up
idle
3 ms. Memory: 176128K Free: 91273K (52%)
Completed execution with 5 iterations
preinitializing
resolving types
initializing
executing number 1
wrapping up
idle
2 ms. Memory: 176128K Free: 90777K (52%)
Completed execution with 5 iterations
preinitializing
resolving types
initializing
executing number 1
wrapping up
idle
1 ms. Memory: 176128K Free: 90263K (51%)
Completed execution with 5 iterations
/home/travis/build/icyphy/ptII/ptolemy/actor/lib/test/SetVariable.tcl
4 ms. Memory: 176128K Free: 88201K (50%)


==== $PTII/ptolemy/actor/lib/test/SetVariable.tcl: SetVariable-3.1 changeFailed
==== Contents of test case:

    #Uses 2.1 above
    jdkCaptureErr {
        # This test was failing if we ran Exit.tcl and then this test.
        # MessageHandler.error() now actually throws the Exception.
	catch {$setVariable changeFailed [java::null]  [java::new Exception {Test exception for SetVariable.changeFailed()}]} errMsg
    } results
    list [string range $results 0 89] "\n" $errMsg

==== Result was:
{java.lang.Exception: Test exception for SetVariable.changeFailed()
	at java.base/jdk.inter} {
} {java.lang.RuntimeException: java.lang.Exception: Test exception for SetVariable.changeFailed()}
---- Result should have been:
{Failed to set variable.
java.lang.Exception: Test exception for SetVariable.changeFailed()} {
} {java.lang.RuntimeException: java.lang.Exception: Test exception for SetVariable.changeFailed()}
---- SetVariable-3.1 FAILED
/home/travis/build/icyphy/ptII/ptolemy/actor/lib/test/Sinewave.tcl
/home/travis/build/icyphy/ptII/ptolemy/actor/lib/test/SubscriptionAggregator.tcl
4 ms. Memory: 176128K Free: 75927K (43%)
2 ms. Memory: 176128K Free: 75417K (43%)
1 ms. Memory: 176128K Free: 74889K (43%)
1 ms. Memory: 176128K Free: 74889K (43%)
1 ms. Memory: 176128K Free: 71321K (40%)
8 ms. Memory: 176128K Free: 68759K (39%)
...............................................................1073 ms. Memory: 227328K Free: 143420K (63%)
/home/travis/build/icyphy/ptII/ptolemy/actor/lib/test/Test.tcl
 The next command will produce a warning about training mode,
   which may be ignored.
5 ms. Memory: 227328K Free: 141867K (62%)
10 ms. Memory: 227328K Free: 140858K (62%)
10 ms. Memory: 227328K Free: 140348K (62%)
1 ms. Memory: 227328K Free: 139819K (62%)
2 ms. Memory: 227328K Free: 138795K (61%)
6 ms. Memory: 227328K Free: 137779K (61%)
3 ms. Memory: 227328K Free: 136252K (60%)
 The next command will produce a warning about training mode,
   which may be ignored.
16 ms. Memory: 227328K Free: 134204K (59%)
 The next command will produce a warning about training mode,
   which may be ignored.
2 ms. Memory: 227328K Free: 132666K (58%)
1 ms. Memory: 227328K Free: 132666K (58%)
1 ms. Memory: 227328K Free: 132156K (58%)
4 ms. Memory: 227328K Free: 131642K (58%)
7 ms. Memory: 227328K Free: 130587K (57%)
7 ms. Memory: 227328K Free: 126522K (56%)
/home/travis/build/icyphy/ptII/ptolemy/actor/lib/test/TestExceptionHandler.tcl
 The next command will produce a warning about training mode,
   which may be ignored.
2 ms. Memory: 227328K Free: 125467K (55%)
1 ms. Memory: 227328K Free: 124988K (55%)
1 ms. Memory: 227328K Free: 124474K (55%)
/home/travis/build/icyphy/ptII/ptolemy/actor/lib/test/UnionDisassembler.tcl
28 ms. Memory: 227328K Free: 117306K (52%)
/home/travis/build/icyphy/ptII/ptolemy/actor/lib/test/VariableClock.tcl
preinitializing
resolving types
initializing
executing number 1
wrapping up
idle
9 ms. Memory: 227328K Free: 115258K (51%)
Completed execution with 11 iterations
preinitializing
resolving types
initializing
executing number 1
wrapping up
idle
3 ms. Memory: 227328K Free: 113724K (50%)
Completed execution with 10 iterations
10/07/19 05:58:29
Failed: 1  Total Tests: 234  ((Passed: 233, Newly Passed: 0)  Known Failed: 0) /home/travis/build/icyphy/ptII/ptolemy/actor/lib/test
----------------- testing (KnownFailure) /home/travis/build/icyphy/ptII/ptolemy/actor/lib/test/auto/knownFailedTests/PublisherPortToplevelSubscriber.xml
4 ms. Memory: 227328K Free: 110138K (48%)
Known Failure: java.lang.reflect.InvocationTargetException
----------------- testing (KnownFailure) /home/travis/build/icyphy/ptII/ptolemy/actor/lib/test/auto/knownFailedTests/PublisherSubscriberPortToplevel.xml
1 ms. Memory: 227328K Free: 106042K (47%)
Known Failure: java.lang.reflect.InvocationTargetException
----------------- testing (KnownFailure) /home/travis/build/icyphy/ptII/ptolemy/actor/lib/test/auto/knownFailedTests/PublisherSubscriptionAggregatorPort.xml
1 ms. Memory: 227328K Free: 101436K (45%)
Known Failure: java.lang.reflect.InvocationTargetException
----------------- testing (KnownFailure) /home/travis/build/icyphy/ptII/ptolemy/actor/lib/test/auto/knownFailedTests/sizedarray3.xml
5 ms. Memory: 227328K Free: 97340K (43%)
Known Failure: java.lang.reflect.InvocationTargetException
No auto/linux-amd64/*.xml tests in /home/travis/build/icyphy/ptII/ptolemy/actor/lib/test
AutoTests.java: About to close Vertx.
AutoTests.java: Vertx closed.

===========================================================================================
----------------- testing Mon Oct 07 05:58:30 UTC 2019 /home/travis/build/icyphy/ptII/ptolemy/actor/lib/test/auto/AbsoluteValue.xml
----------------- Instantiating /home/travis/build/icyphy/ptII/ptolemy/actor/lib/test/auto/AbsoluteValue.xml
4 ms. Memory: 227328K Free: 74298K (33%)
----------------- Invoking toplevel() on ptolemy.moml.MoMLSimpleApplication@280d5a69
----------------- Done invoking toplevel() on ptolemy.moml.MoMLSimpleApplication@280d5a69
reloadAllAccessors: .AbsoluteValue

===========================================================================================
----------------- testing Mon Oct 07 05:58:30 UTC 2019 /home/travis/build/icyphy/ptII/ptolemy/actor/lib/test/auto/AbsoluteValue2.xml
----------------- Instantiating /home/travis/build/icyphy/ptII/ptolemy/actor/lib/test/auto/AbsoluteValue2.xml
5 ms. Memory: 227328K Free: 67130K (30%)
----------------- Invoking toplevel() on ptolemy.moml.MoMLSimpleApplication@18854a67
----------------- Done invoking toplevel() on ptolemy.moml.MoMLSimpleApplication@18854a67
reloadAllAccessors: .AbsoluteValue2

===========================================================================================
----------------- testing Mon Oct 07 05:58:30 UTC 2019 /home/travis/build/icyphy/ptII/ptolemy/actor/lib/test/auto/Accumulator.xml
----------------- Instantiating /home/travis/build/icyphy/ptII/ptolemy/actor/lib/test/auto/Accumulator.xml
7 ms. Memory: 397312K Free: 345328K (87%)
----------------- Invoking toplevel() on ptolemy.moml.MoMLSimpleApplication@69c3139f
----------------- Done invoking toplevel() on ptolemy.moml.MoMLSimpleApplication@69c3139f
reloadAllAccessors: .Accumulator

===========================================================================================
----------------- testing Mon Oct 07 05:58:30 UTC 2019 /home/travis/build/icyphy/ptII/ptolemy/actor/lib/test/auto/Accumulator2.xml
----------------- Instantiating /home/travis/build/icyphy/ptII/ptolemy/actor/lib/test/auto/Accumulator2.xml
4 ms. Memory: 397312K Free: 339694K (85%)
----------------- Invoking toplevel() on ptolemy.moml.MoMLSimpleApplication@671e87e5
----------------- Done invoking toplevel() on ptolemy.moml.MoMLSimpleApplication@671e87e5
reloadAllAccessors: .Accumulator2

===========================================================================================
----------------- testing Mon Oct 07 05:58:30 UTC 2019 /home/travis/build/icyphy/ptII/ptolemy/actor/lib/test/auto/Accumulator3.xml
----------------- Instantiating /home/travis/build/icyphy/ptII/ptolemy/actor/lib/test/auto/Accumulator3.xml
4 ms. Memory: 397312K Free: 335598K (84%)
----------------- Invoking toplevel() on ptolemy.moml.MoMLSimpleApplication@341c944f
----------------- Done invoking toplevel() on ptolemy.moml.MoMLSimpleApplication@341c944f
reloadAllAccessors: .Accumulator3

===========================================================================================
----------------- testing Mon Oct 07 05:58:30 UTC 2019 /home/travis/build/icyphy/ptII/ptolemy/actor/lib/test/auto/ArrayAppend.xml
----------------- Instantiating /home/travis/build/icyphy/ptII/ptolemy/actor/lib/test/auto/ArrayAppend.xml
6 ms. Memory: 397312K Free: 329440K (83%)
----------------- Invoking toplevel() on ptolemy.moml.MoMLSimpleApplication@1907d2d3
----------------- Done invoking toplevel() on ptolemy.moml.MoMLSimpleApplication@1907d2d3
reloadAllAccessors: .ArrayAppend

===========================================================================================
----------------- testing Mon Oct 07 05:58:30 UTC 2019 /home/travis/build/icyphy/ptII/ptolemy/actor/lib/test/auto/ArrayAppend2.xml
----------------- Instantiating /home/travis/build/icyphy/ptII/ptolemy/actor/lib/test/auto/ArrayAppend2.xml
382 ms. Memory: 397312K Free: 256240K (64%)
----------------- Invoking toplevel() on ptolemy.moml.MoMLSimpleApplication@20a93ad2
----------------- Done invoking toplevel() on ptolemy.moml.MoMLSimpleApplication@20a93ad2
reloadAllAccessors: .ArrayAppend2

===========================================================================================
----------------- testing Mon Oct 07 05:58:30 UTC 2019 /home/travis/build/icyphy/ptII/ptolemy/actor/lib/test/auto/ArrayAppend3.xml
----------------- Instantiating /home/travis/build/icyphy/ptII/ptolemy/actor/lib/test/auto/ArrayAppend3.xml
4 ms. Memory: 397312K Free: 250606K (63%)
----------------- Invoking toplevel() on ptolemy.moml.MoMLSimpleApplication@4de7a546
----------------- Done invoking toplevel() on ptolemy.moml.MoMLSimpleApplication@4de7a546
reloadAllAccessors: .ArrayAppend3

===========================================================================================
----------------- testing Mon Oct 07 05:58:31 UTC 2019 /home/travis/build/icyphy/ptII/ptolemy/actor/lib/test/auto/ArrayAppend4.xml
----------------- Instantiating /home/travis/build/icyphy/ptII/ptolemy/actor/lib/test/auto/ArrayAppend4.xml
9 ms. Memory: 397312K Free: 245486K (62%)
----------------- Invoking toplevel() on ptolemy.moml.MoMLSimpleApplication@18846daa
----------------- Done invoking toplevel() on ptolemy.moml.MoMLSimpleApplication@18846daa
reloadAllAccessors: .ArrayAppend4

===========================================================================================
----------------- testing Mon Oct 07 05:58:31 UTC 2019 /home/travis/build/icyphy/ptII/ptolemy/actor/lib/test/auto/ArrayAppend5.xml
----------------- Instantiating /home/travis/build/icyphy/ptII/ptolemy/actor/lib/test/auto/ArrayAppend5.xml
3 ms. Memory: 397312K Free: 240366K (60%)
----------------- Invoking toplevel() on ptolemy.moml.MoMLSimpleApplication@3defca42
----------------- Done invoking toplevel() on ptolemy.moml.MoMLSimpleApplication@3defca42
reloadAllAccessors: .ArrayAppend5

===========================================================================================
----------------- testing Mon Oct 07 05:58:31 UTC 2019 /home/travis/build/icyphy/ptII/ptolemy/actor/lib/test/auto/ArrayAppend6.xml
----------------- Instantiating /home/travis/build/icyphy/ptII/ptolemy/actor/lib/test/auto/ArrayAppend6.xml
2 ms. Memory: 397312K Free: 234736K (59%)
----------------- Invoking toplevel() on ptolemy.moml.MoMLSimpleApplication@4137bbb4
----------------- Done invoking toplevel() on ptolemy.moml.MoMLSimpleApplication@4137bbb4
reloadAllAccessors: .ArrayAppend6

===========================================================================================
----------------- testing Mon Oct 07 05:58:31 UTC 2019 /home/travis/build/icyphy/ptII/ptolemy/actor/lib/test/auto/ArrayAppendPerformanceTest.xml
----------------- Instantiating /home/travis/build/icyphy/ptII/ptolemy/actor/lib/test/auto/ArrayAppendPerformanceTest.xml
46 ms. Memory: 397312K Free: 223982K (56%)
----------------- Invoking toplevel() on ptolemy.moml.MoMLSimpleApplication@14cfb36c
----------------- Done invoking toplevel() on ptolemy.moml.MoMLSimpleApplication@14cfb36c
reloadAllAccessors: .ArrayAppendPerformanceTest

===========================================================================================
----------------- testing Mon Oct 07 05:58:31 UTC 2019 /home/travis/build/icyphy/ptII/ptolemy/actor/lib/test/auto/ArrayAppendWithEmptyInput.xml
----------------- Instantiating /home/travis/build/icyphy/ptII/ptolemy/actor/lib/test/auto/ArrayAppendWithEmptyInput.xml
9 ms. Memory: 397312K Free: 215790K (54%)
----------------- Invoking toplevel() on ptolemy.moml.MoMLSimpleApplication@6feaa66
----------------- Done invoking toplevel() on ptolemy.moml.MoMLSimpleApplication@6feaa66
reloadAllAccessors: .ArrayAppendWithEmptyInput

===========================================================================================
----------------- testing Mon Oct 07 05:58:31 UTC 2019 /home/travis/build/icyphy/ptII/ptolemy/actor/lib/test/auto/ArrayAverage.xml
----------------- Instantiating /home/travis/build/icyphy/ptII/ptolemy/actor/lib/test/auto/ArrayAverage.xml
14 ms. Memory: 397312K Free: 208112K (52%)
----------------- Invoking toplevel() on ptolemy.moml.MoMLSimpleApplication@4f194849
----------------- Done invoking toplevel() on ptolemy.moml.MoMLSimpleApplication@4f194849
reloadAllAccessors: .ArrayAverage

===========================================================================================
----------------- testing Mon Oct 07 05:58:31 UTC 2019 /home/travis/build/icyphy/ptII/ptolemy/actor/lib/test/auto/ArrayContains.xml
----------------- Instantiating /home/travis/build/icyphy/ptII/ptolemy/actor/lib/test/auto/ArrayContains.xml
12 ms. Memory: 397312K Free: 201968K (51%)
----------------- Invoking toplevel() on ptolemy.moml.MoMLSimpleApplication@2fc8237b
----------------- Done invoking toplevel() on ptolemy.moml.MoMLSimpleApplication@2fc8237b
reloadAllAccessors: .ArrayContains

===========================================================================================
----------------- testing Mon Oct 07 05:58:31 UTC 2019 /home/travis/build/icyphy/ptII/ptolemy/actor/lib/test/auto/ArrayElement.xml
----------------- Instantiating /home/travis/build/icyphy/ptII/ptolemy/actor/lib/test/auto/ArrayElement.xml
6 ms. Memory: 397312K Free: 196848K (50%)
----------------- Invoking toplevel() on ptolemy.moml.MoMLSimpleApplication@2c192ce8
----------------- Done invoking toplevel() on ptolemy.moml.MoMLSimpleApplication@2c192ce8
reloadAllAccessors: .ArrayElement

===========================================================================================
----------------- testing Mon Oct 07 05:58:31 UTC 2019 /home/travis/build/icyphy/ptII/ptolemy/actor/lib/test/auto/ArrayElementAsMatrix.xml
----------------- Instantiating /home/travis/build/icyphy/ptII/ptolemy/actor/lib/test/auto/ArrayElementAsMatrix.xml
20 ms. Memory: 397312K Free: 341742K (86%)
----------------- Invoking toplevel() on ptolemy.moml.MoMLSimpleApplication@614a1f41
----------------- Done invoking toplevel() on ptolemy.moml.MoMLSimpleApplication@614a1f41
reloadAllAccessors: .ArrayElementAsMatrix

===========================================================================================
----------------- testing Mon Oct 07 05:58:31 UTC 2019 /home/travis/build/icyphy/ptII/ptolemy/actor/lib/test/auto/ArrayElementI.xml
----------------- Instantiating /home/travis/build/icyphy/ptII/ptolemy/actor/lib/test/auto/ArrayElementI.xml
4 ms. Memory: 397312K Free: 336112K (85%)
----------------- Invoking toplevel() on ptolemy.moml.MoMLSimpleApplication@382ea652
----------------- Done invoking toplevel() on ptolemy.moml.MoMLSimpleApplication@382ea652
reloadAllAccessors: .ArrayElementI

===========================================================================================
----------------- testing Mon Oct 07 05:58:31 UTC 2019 /home/travis/build/icyphy/ptII/ptolemy/actor/lib/test/auto/ArrayExtract.xml
----------------- Instantiating /home/travis/build/icyphy/ptII/ptolemy/actor/lib/test/auto/ArrayExtract.xml
9 ms. Memory: 397312K Free: 327920K (83%)
----------------- Invoking toplevel() on ptolemy.moml.MoMLSimpleApplication@7144ba16
----------------- Done invoking toplevel() on ptolemy.moml.MoMLSimpleApplication@7144ba16
reloadAllAccessors: .ArrayExtract

===========================================================================================
----------------- testing Mon Oct 07 05:58:31 UTC 2019 /home/travis/build/icyphy/ptII/ptolemy/actor/lib/test/auto/ArrayExtract2.xml
----------------- Instantiating /home/travis/build/icyphy/ptII/ptolemy/actor/lib/test/auto/ArrayExtract2.xml
2 ms. Memory: 397312K Free: 322256K (81%)
----------------- Invoking toplevel() on ptolemy.moml.MoMLSimpleApplication@723695dc
----------------- Done invoking toplevel() on ptolemy.moml.MoMLSimpleApplication@723695dc
reloadAllAccessors: .ArrayExtract2

===========================================================================================
----------------- testing Mon Oct 07 05:58:31 UTC 2019 /home/travis/build/icyphy/ptII/ptolemy/actor/lib/test/auto/ArrayLength.xml
----------------- Instantiating /home/travis/build/icyphy/ptII/ptolemy/actor/lib/test/auto/ArrayLength.xml
1 ms. Memory: 397312K Free: 318704K (80%)
----------------- Invoking toplevel() on ptolemy.moml.MoMLSimpleApplication@56bd15fa
----------------- Done invoking toplevel() on ptolemy.moml.MoMLSimpleApplication@56bd15fa
reloadAllAccessors: .ArrayLength

===========================================================================================
----------------- testing Mon Oct 07 05:58:31 UTC 2019 /home/travis/build/icyphy/ptII/ptolemy/actor/lib/test/auto/ArrayLevelCrossing.xml
----------------- Instantiating /home/travis/build/icyphy/ptII/ptolemy/actor/lib/test/auto/ArrayLevelCrossing.xml
5 ms. Memory: 397312K Free: 310512K (78%)
----------------- Invoking toplevel() on ptolemy.moml.MoMLSimpleApplication@3448935e
----------------- Done invoking toplevel() on ptolemy.moml.MoMLSimpleApplication@3448935e
reloadAllAccessors: .ArrayLevelCrossing

===========================================================================================
----------------- testing Mon Oct 07 05:58:31 UTC 2019 /home/travis/build/icyphy/ptII/ptolemy/actor/lib/test/auto/ArrayLevelCrossing2.xml
----------------- Instantiating /home/travis/build/icyphy/ptII/ptolemy/actor/lib/test/auto/ArrayLevelCrossing2.xml
3 ms. Memory: 397312K Free: 303840K (76%)
----------------- Invoking toplevel() on ptolemy.moml.MoMLSimpleApplication@5b34c9dc
----------------- Done invoking toplevel() on ptolemy.moml.MoMLSimpleApplication@5b34c9dc
reloadAllAccessors: .ArrayLevelCrossing2

===========================================================================================
----------------- testing Mon Oct 07 05:58:31 UTC 2019 /home/travis/build/icyphy/ptII/ptolemy/actor/lib/test/auto/ArrayPeakSearch.xml
----------------- Instantiating /home/travis/build/icyphy/ptII/ptolemy/actor/lib/test/auto/ArrayPeakSearch.xml
5 ms. Memory: 397312K Free: 294638K (74%)
----------------- Invoking toplevel() on ptolemy.moml.MoMLSimpleApplication@44a9c30a
----------------- Done invoking toplevel() on ptolemy.moml.MoMLSimpleApplication@44a9c30a
reloadAllAccessors: .ArrayPeakSearch

===========================================================================================
----------------- testing Mon Oct 07 05:58:31 UTC 2019 /home/travis/build/icyphy/ptII/ptolemy/actor/lib/test/auto/ArrayPeakSearch2.xml
----------------- Instantiating /home/travis/build/icyphy/ptII/ptolemy/actor/lib/test/auto/ArrayPeakSearch2.xml
5 ms. Memory: 397312K Free: 283888K (71%)
----------------- Invoking toplevel() on ptolemy.moml.MoMLSimpleApplication@4fbefaeb
----------------- Done invoking toplevel() on ptolemy.moml.MoMLSimpleApplication@4fbefaeb
reloadAllAccessors: .ArrayPeakSearch2

===========================================================================================
----------------- testing Mon Oct 07 05:58:31 UTC 2019 /home/travis/build/icyphy/ptII/ptolemy/actor/lib/test/auto/ArrayPeakSearch3.xml
----------------- Instantiating /home/travis/build/icyphy/ptII/ptolemy/actor/lib/test/auto/ArrayPeakSearch3.xml
4 ms. Memory: 397312K Free: 274672K (69%)
----------------- Invoking toplevel() on ptolemy.moml.MoMLSimpleApplication@4a1bf68
----------------- Done invoking toplevel() on ptolemy.moml.MoMLSimpleApplication@4a1bf68
reloadAllAccessors: .ArrayPeakSearch3

===========================================================================================
----------------- testing Mon Oct 07 05:58:31 UTC 2019 /home/travis/build/icyphy/ptII/ptolemy/actor/lib/test/auto/ArrayRemoveElement.xml
----------------- Instantiating /home/travis/build/icyphy/ptII/ptolemy/actor/lib/test/auto/ArrayRemoveElement.xml
5 ms. Memory: 397312K Free: 266990K (67%)
----------------- Invoking toplevel() on ptolemy.moml.MoMLSimpleApplication@3a513de5
----------------- Done invoking toplevel() on ptolemy.moml.MoMLSimpleApplication@3a513de5
reloadAllAccessors: .ArrayRemoveElement

===========================================================================================
----------------- testing Mon Oct 07 05:58:31 UTC 2019 /home/travis/build/icyphy/ptII/ptolemy/actor/lib/test/auto/ArraySort.xml
----------------- Instantiating /home/travis/build/icyphy/ptII/ptolemy/actor/lib/test/auto/ArraySort.xml
4 ms. Memory: 397312K Free: 257774K (65%)
----------------- Invoking toplevel() on ptolemy.moml.MoMLSimpleApplication@13d1f577
----------------- Done invoking toplevel() on ptolemy.moml.MoMLSimpleApplication@13d1f577
reloadAllAccessors: .ArraySort

===========================================================================================
----------------- testing Mon Oct 07 05:58:31 UTC 2019 /home/travis/build/icyphy/ptII/ptolemy/actor/lib/test/auto/ArraySum.xml
----------------- Instantiating /home/travis/build/icyphy/ptII/ptolemy/actor/lib/test/auto/ArraySum.xml
6 ms. Memory: 397312K Free: 252654K (64%)
----------------- Invoking toplevel() on ptolemy.moml.MoMLSimpleApplication@7aa6550a
----------------- Done invoking toplevel() on ptolemy.moml.MoMLSimpleApplication@7aa6550a
reloadAllAccessors: .ArraySum

===========================================================================================
----------------- testing Mon Oct 07 05:58:31 UTC 2019 /home/travis/build/icyphy/ptII/ptolemy/actor/lib/test/auto/ArrayToElements.xml
----------------- Instantiating /home/travis/build/icyphy/ptII/ptolemy/actor/lib/test/auto/ArrayToElements.xml
7 ms. Memory: 397312K Free: 247024K (62%)
----------------- Invoking toplevel() on ptolemy.moml.MoMLSimpleApplication@29db462f
----------------- Done invoking toplevel() on ptolemy.moml.MoMLSimpleApplication@29db462f
reloadAllAccessors: .ArrayToElements

===========================================================================================
----------------- testing Mon Oct 07 05:58:31 UTC 2019 /home/travis/build/icyphy/ptII/ptolemy/actor/lib/test/auto/ArrayToMatrix.xml
----------------- Instantiating /home/travis/build/icyphy/ptII/ptolemy/actor/lib/test/auto/ArrayToMatrix.xml
9 ms. Memory: 397312K Free: 233198K (59%)
----------------- Invoking toplevel() on ptolemy.moml.MoMLSimpleApplication@7a67e5f9
----------------- Done invoking toplevel() on ptolemy.moml.MoMLSimpleApplication@7a67e5f9
reloadAllAccessors: .ArrayToMatrix

===========================================================================================
----------------- testing Mon Oct 07 05:58:31 UTC 2019 /home/travis/build/icyphy/ptII/ptolemy/actor/lib/test/auto/ArrayUpdate1.xml
----------------- Instantiating /home/travis/build/icyphy/ptII/ptolemy/actor/lib/test/auto/ArrayUpdate1.xml
6 ms. Memory: 397312K Free: 228078K (57%)
----------------- Invoking toplevel() on ptolemy.moml.MoMLSimpleApplication@113dfdf7
----------------- Done invoking toplevel() on ptolemy.moml.MoMLSimpleApplication@113dfdf7
reloadAllAccessors: .ArrayUpdate1

===========================================================================================
----------------- testing Mon Oct 07 05:58:32 UTC 2019 /home/travis/build/icyphy/ptII/ptolemy/actor/lib/test/auto/ArrayUpdate2.xml
----------------- Instantiating /home/travis/build/icyphy/ptII/ptolemy/actor/lib/test/auto/ArrayUpdate2.xml
6 ms. Memory: 397312K Free: 221934K (56%)
----------------- Invoking toplevel() on ptolemy.moml.MoMLSimpleApplication@32fc62b2
----------------- Done invoking toplevel() on ptolemy.moml.MoMLSimpleApplication@32fc62b2
reloadAllAccessors: .ArrayUpdate2

===========================================================================================
----------------- testing Mon Oct 07 05:58:32 UTC 2019 /home/travis/build/icyphy/ptII/ptolemy/actor/lib/test/auto/ArrayUpdate3.xml
----------------- Instantiating /home/travis/build/icyphy/ptII/ptolemy/actor/lib/test/auto/ArrayUpdate3.xml
9 ms. Memory: 397312K Free: 216814K (55%)
----------------- Invoking toplevel() on ptolemy.moml.MoMLSimpleApplication@576e25d0
----------------- Done invoking toplevel() on ptolemy.moml.MoMLSimpleApplication@576e25d0
reloadAllAccessors: .ArrayUpdate3

===========================================================================================
----------------- testing Mon Oct 07 05:58:32 UTC 2019 /home/travis/build/icyphy/ptII/ptolemy/actor/lib/test/auto/Assert1.xml
----------------- Instantiating /home/travis/build/icyphy/ptII/ptolemy/actor/lib/test/auto/Assert1.xml
8 ms. Memory: 397312K Free: 212718K (54%)
----------------- Invoking toplevel() on ptolemy.moml.MoMLSimpleApplication@3f74e40
----------------- Done invoking toplevel() on ptolemy.moml.MoMLSimpleApplication@3f74e40
reloadAllAccessors: .Assert1

===========================================================================================
----------------- testing Mon Oct 07 05:58:32 UTC 2019 /home/travis/build/icyphy/ptII/ptolemy/actor/lib/test/auto/Assert2.xml
----------------- Instantiating /home/travis/build/icyphy/ptII/ptolemy/actor/lib/test/auto/Assert2.xml
3 ms. Memory: 397312K Free: 207598K (52%)
----------------- Invoking toplevel() on ptolemy.moml.MoMLSimpleApplication@1f1a6a95
----------------- Done invoking toplevel() on ptolemy.moml.MoMLSimpleApplication@1f1a6a95
reloadAllAccessors: .Assert2

===========================================================================================
----------------- testing Mon Oct 07 05:58:32 UTC 2019 /home/travis/build/icyphy/ptII/ptolemy/actor/lib/test/auto/BooleanMultiplexor.xml
----------------- Instantiating /home/travis/build/icyphy/ptII/ptolemy/actor/lib/test/auto/BooleanMultiplexor.xml
3 ms. Memory: 397312K Free: 202448K (51%)
----------------- Invoking toplevel() on ptolemy.moml.MoMLSimpleApplication@2d75c2bb
----------------- Done invoking toplevel() on ptolemy.moml.MoMLSimpleApplication@2d75c2bb
reloadAllAccessors: .BooleanMultiplexor

===========================================================================================
----------------- testing Mon Oct 07 05:58:32 UTC 2019 /home/travis/build/icyphy/ptII/ptolemy/actor/lib/test/auto/BooleanMultiplexor2.xml
----------------- Instantiating /home/travis/build/icyphy/ptII/ptolemy/actor/lib/test/auto/BooleanMultiplexor2.xml
15 ms. Memory: 397312K Free: 195824K (49%)
----------------- Invoking toplevel() on ptolemy.moml.MoMLSimpleApplication@68ff67ef
----------------- Done invoking toplevel() on ptolemy.moml.MoMLSimpleApplication@68ff67ef
reloadAllAccessors: .BooleanMultiplexor2

===========================================================================================
----------------- testing Mon Oct 07 05:58:32 UTC 2019 /home/travis/build/icyphy/ptII/ptolemy/actor/lib/test/auto/BooleanMultiplexor3.xml
----------------- Instantiating /home/travis/build/icyphy/ptII/ptolemy/actor/lib/test/auto/BooleanMultiplexor3.xml
5 ms. Memory: 397312K Free: 192238K (48%)
----------------- Invoking toplevel() on ptolemy.moml.MoMLSimpleApplication@74c3253b
----------------- Done invoking toplevel() on ptolemy.moml.MoMLSimpleApplication@74c3253b
reloadAllAccessors: .BooleanMultiplexor3

===========================================================================================
----------------- testing Mon Oct 07 05:58:32 UTC 2019 /home/travis/build/icyphy/ptII/ptolemy/actor/lib/test/auto/BooleanSelect.xml
----------------- Instantiating /home/travis/build/icyphy/ptII/ptolemy/actor/lib/test/auto/BooleanSelect.xml
8 ms. Memory: 397312K Free: 186080K (47%)
----------------- Invoking toplevel() on ptolemy.moml.MoMLSimpleApplication@5bd4d4c2
----------------- Done invoking toplevel() on ptolemy.moml.MoMLSimpleApplication@5bd4d4c2
reloadAllAccessors: .BooleanSelect

===========================================================================================
----------------- testing Mon Oct 07 05:58:32 UTC 2019 /home/travis/build/icyphy/ptII/ptolemy/actor/lib/test/auto/BooleanSelect2.xml
----------------- Instantiating /home/travis/build/icyphy/ptII/ptolemy/actor/lib/test/auto/BooleanSelect2.xml
1 ms. Memory: 397312K Free: 181998K (46%)
----------------- Invoking toplevel() on ptolemy.moml.MoMLSimpleApplication@74799699
----------------- Done invoking toplevel() on ptolemy.moml.MoMLSimpleApplication@74799699
reloadAllAccessors: .BooleanSelect2

===========================================================================================
----------------- testing Mon Oct 07 05:58:32 UTC 2019 /home/travis/build/icyphy/ptII/ptolemy/actor/lib/test/auto/BooleanSwitch.xml
----------------- Instantiating /home/travis/build/icyphy/ptII/ptolemy/actor/lib/test/auto/BooleanSwitch.xml
7 ms. Memory: 397312K Free: 175344K (44%)
----------------- Invoking toplevel() on ptolemy.moml.MoMLSimpleApplication@7e52afad
----------------- Done invoking toplevel() on ptolemy.moml.MoMLSimpleApplication@7e52afad
reloadAllAccessors: .BooleanSwitch

===========================================================================================
----------------- testing Mon Oct 07 05:58:32 UTC 2019 /home/travis/build/icyphy/ptII/ptolemy/actor/lib/test/auto/BooleanSwitch2.xml
----------------- Instantiating /home/travis/build/icyphy/ptII/ptolemy/actor/lib/test/auto/BooleanSwitch2.xml
2 ms. Memory: 397312K Free: 346864K (87%)
----------------- Invoking toplevel() on ptolemy.moml.MoMLSimpleApplication@5e679a2a
----------------- Done invoking toplevel() on ptolemy.moml.MoMLSimpleApplication@5e679a2a
reloadAllAccessors: .BooleanSwitch2

===========================================================================================
----------------- testing Mon Oct 07 05:58:32 UTC 2019 /home/travis/build/icyphy/ptII/ptolemy/actor/lib/test/auto/BooleanSwitchCloningBugWithClassRelationGroup.xml
----------------- Instantiating /home/travis/build/icyphy/ptII/ptolemy/actor/lib/test/auto/BooleanSwitchCloningBugWithClassRelationGroup.xml
3 ms. Memory: 397312K Free: 340206K (86%)
----------------- Invoking toplevel() on ptolemy.moml.MoMLSimpleApplication@53eb9880
----------------- Done invoking toplevel() on ptolemy.moml.MoMLSimpleApplication@53eb9880
reloadAllAccessors: .BooleanSwitchCloningBugWithClassRelationGroup

===========================================================================================
----------------- testing Mon Oct 07 05:58:32 UTC 2019 /home/travis/build/icyphy/ptII/ptolemy/actor/lib/test/auto/BusActors.xml
----------------- Instantiating /home/travis/build/icyphy/ptII/ptolemy/actor/lib/test/auto/BusActors.xml
9 ms. Memory: 397312K Free: 332014K (84%)
----------------- Invoking toplevel() on ptolemy.moml.MoMLSimpleApplication@6c6efb05
----------------- Done invoking toplevel() on ptolemy.moml.MoMLSimpleApplication@6c6efb05
reloadAllAccessors: .BusActors

===========================================================================================
----------------- testing Mon Oct 07 05:58:32 UTC 2019 /home/travis/build/icyphy/ptII/ptolemy/actor/lib/test/auto/ClassWrapper.xml
----------------- Instantiating /home/travis/build/icyphy/ptII/ptolemy/actor/lib/test/auto/ClassWrapper.xml
3 ms. Memory: 397312K Free: 327918K (83%)
----------------- Invoking toplevel() on ptolemy.moml.MoMLSimpleApplication@770a2d19
----------------- Done invoking toplevel() on ptolemy.moml.MoMLSimpleApplication@770a2d19
reloadAllAccessors: .ClassWrapper

===========================================================================================
----------------- testing Mon Oct 07 05:58:32 UTC 2019 /home/travis/build/icyphy/ptII/ptolemy/actor/lib/test/auto/Clock.xml
----------------- Instantiating /home/travis/build/icyphy/ptII/ptolemy/actor/lib/test/auto/Clock.xml
2 ms. Memory: 397312K Free: 323822K (82%)
----------------- Invoking toplevel() on ptolemy.moml.MoMLSimpleApplication@360297ba
----------------- Done invoking toplevel() on ptolemy.moml.MoMLSimpleApplication@360297ba
reloadAllAccessors: .Clock

===========================================================================================
----------------- testing Mon Oct 07 05:58:32 UTC 2019 /home/travis/build/icyphy/ptII/ptolemy/actor/lib/test/auto/Clock10.xml
----------------- Instantiating /home/travis/build/icyphy/ptII/ptolemy/actor/lib/test/auto/Clock10.xml
5 ms. Memory: 397312K Free: 318192K (80%)
----------------- Invoking toplevel() on ptolemy.moml.MoMLSimpleApplication@346a7f6d
----------------- Done invoking toplevel() on ptolemy.moml.MoMLSimpleApplication@346a7f6d
reloadAllAccessors: .Clock10

===========================================================================================
----------------- testing Mon Oct 07 05:58:32 UTC 2019 /home/travis/build/icyphy/ptII/ptolemy/actor/lib/test/auto/Clock11.xml
----------------- Instantiating /home/travis/build/icyphy/ptII/ptolemy/actor/lib/test/auto/Clock11.xml
2 ms. Memory: 397312K Free: 312048K (79%)
----------------- Invoking toplevel() on ptolemy.moml.MoMLSimpleApplication@290908df
----------------- Done invoking toplevel() on ptolemy.moml.MoMLSimpleApplication@290908df
reloadAllAccessors: .Clock11

===========================================================================================
----------------- testing Mon Oct 07 05:58:32 UTC 2019 /home/travis/build/icyphy/ptII/ptolemy/actor/lib/test/auto/Clock12.xml
----------------- Instantiating /home/travis/build/icyphy/ptII/ptolemy/actor/lib/test/auto/Clock12.xml
2 ms. Memory: 397312K Free: 306414K (77%)
----------------- Invoking toplevel() on ptolemy.moml.MoMLSimpleApplication@44a6aefa
----------------- Done invoking toplevel() on ptolemy.moml.MoMLSimpleApplication@44a6aefa
reloadAllAccessors: .Clock12

===========================================================================================
----------------- testing Mon Oct 07 05:58:32 UTC 2019 /home/travis/build/icyphy/ptII/ptolemy/actor/lib/test/auto/Clock13.xml
----------------- Instantiating /home/travis/build/icyphy/ptII/ptolemy/actor/lib/test/auto/Clock13.xml
4 ms. Memory: 397312K Free: 300240K (76%)
----------------- Invoking toplevel() on ptolemy.moml.MoMLSimpleApplication@575993a0
----------------- Done invoking toplevel() on ptolemy.moml.MoMLSimpleApplication@575993a0
reloadAllAccessors: .Clock13

===========================================================================================
----------------- testing Mon Oct 07 05:58:32 UTC 2019 /home/travis/build/icyphy/ptII/ptolemy/actor/lib/test/auto/Clock14.xml
----------------- Instantiating /home/travis/build/icyphy/ptII/ptolemy/actor/lib/test/auto/Clock14.xml
5 ms. Memory: 397312K Free: 294640K (74%)
----------------- Invoking toplevel() on ptolemy.moml.MoMLSimpleApplication@2f0a684d
----------------- Done invoking toplevel() on ptolemy.moml.MoMLSimpleApplication@2f0a684d
reloadAllAccessors: .Clock14

===========================================================================================
----------------- testing Mon Oct 07 05:58:32 UTC 2019 /home/travis/build/icyphy/ptII/ptolemy/actor/lib/test/auto/Clock15.xml
----------------- Instantiating /home/travis/build/icyphy/ptII/ptolemy/actor/lib/test/auto/Clock15.xml
5 ms. Memory: 397312K Free: 288496K (73%)
----------------- Invoking toplevel() on ptolemy.moml.MoMLSimpleApplication@18e5a421
----------------- Done invoking toplevel() on ptolemy.moml.MoMLSimpleApplication@18e5a421
reloadAllAccessors: .Clock15

===========================================================================================
----------------- testing Mon Oct 07 05:58:32 UTC 2019 /home/travis/build/icyphy/ptII/ptolemy/actor/lib/test/auto/Clock16.xml
----------------- Instantiating /home/travis/build/icyphy/ptII/ptolemy/actor/lib/test/auto/Clock16.xml
25 ms. Memory: 397312K Free: 274144K (69%)
----------------- Invoking toplevel() on ptolemy.moml.MoMLSimpleApplication@1945a714
----------------- Done invoking toplevel() on ptolemy.moml.MoMLSimpleApplication@1945a714
reloadAllAccessors: .Clock16

===========================================================================================
----------------- testing Mon Oct 07 05:58:32 UTC 2019 /home/travis/build/icyphy/ptII/ptolemy/actor/lib/test/auto/Clock17.xml
----------------- Instantiating /home/travis/build/icyphy/ptII/ptolemy/actor/lib/test/auto/Clock17.xml
21 ms. Memory: 397312K Free: 259824K (65%)
----------------- Invoking toplevel() on ptolemy.moml.MoMLSimpleApplication@5e1946a9
----------------- Done invoking toplevel() on ptolemy.moml.MoMLSimpleApplication@5e1946a9
reloadAllAccessors: .Clock17

===========================================================================================
----------------- testing Mon Oct 07 05:58:32 UTC 2019 /home/travis/build/icyphy/ptII/ptolemy/actor/lib/test/auto/Clock18.xml
----------------- Instantiating /home/travis/build/icyphy/ptII/ptolemy/actor/lib/test/auto/Clock18.xml
23 ms. Memory: 397312K Free: 246512K (62%)
----------------- Invoking toplevel() on ptolemy.moml.MoMLSimpleApplication@41cee9fe
----------------- Done invoking toplevel() on ptolemy.moml.MoMLSimpleApplication@41cee9fe
reloadAllAccessors: .Clock18

===========================================================================================
----------------- testing Mon Oct 07 05:58:32 UTC 2019 /home/travis/build/icyphy/ptII/ptolemy/actor/lib/test/auto/Clock19.xml
----------------- Instantiating /home/travis/build/icyphy/ptII/ptolemy/actor/lib/test/auto/Clock19.xml
19 ms. Memory: 397312K Free: 233710K (59%)
----------------- Invoking toplevel() on ptolemy.moml.MoMLSimpleApplication@73fe88de
----------------- Done invoking toplevel() on ptolemy.moml.MoMLSimpleApplication@73fe88de
reloadAllAccessors: .Clock19

===========================================================================================
----------------- testing Mon Oct 07 05:58:32 UTC 2019 /home/travis/build/icyphy/ptII/ptolemy/actor/lib/test/auto/Clock2.xml
----------------- Instantiating /home/travis/build/icyphy/ptII/ptolemy/actor/lib/test/auto/Clock2.xml
8 ms. Memory: 397312K Free: 229104K (58%)
----------------- Invoking toplevel() on ptolemy.moml.MoMLSimpleApplication@33529f61
----------------- Done invoking toplevel() on ptolemy.moml.MoMLSimpleApplication@33529f61
reloadAllAccessors: .Clock2

===========================================================================================
----------------- testing Mon Oct 07 05:58:32 UTC 2019 /home/travis/build/icyphy/ptII/ptolemy/actor/lib/test/auto/Clock20.xml
----------------- Instantiating /home/travis/build/icyphy/ptII/ptolemy/actor/lib/test/auto/Clock20.xml
11 ms. Memory: 397312K Free: 223984K (56%)
----------------- Invoking toplevel() on ptolemy.moml.MoMLSimpleApplication@d0893f4
----------------- Done invoking toplevel() on ptolemy.moml.MoMLSimpleApplication@d0893f4
reloadAllAccessors: .Clock20

===========================================================================================
----------------- testing Mon Oct 07 05:58:32 UTC 2019 /home/travis/build/icyphy/ptII/ptolemy/actor/lib/test/auto/Clock21.xml
----------------- Instantiating /home/travis/build/icyphy/ptII/ptolemy/actor/lib/test/auto/Clock21.xml
9 ms. Memory: 397312K Free: 218350K (55%)
----------------- Invoking toplevel() on ptolemy.moml.MoMLSimpleApplication@6e4d9f32
----------------- Done invoking toplevel() on ptolemy.moml.MoMLSimpleApplication@6e4d9f32
reloadAllAccessors: .Clock21

===========================================================================================
----------------- testing Mon Oct 07 05:58:32 UTC 2019 /home/travis/build/icyphy/ptII/ptolemy/actor/lib/test/auto/Clock22.xml
----------------- Instantiating /home/travis/build/icyphy/ptII/ptolemy/actor/lib/test/auto/Clock22.xml
6 ms. Memory: 397312K Free: 213230K (54%)
----------------- Invoking toplevel() on ptolemy.moml.MoMLSimpleApplication@3c69da51
----------------- Done invoking toplevel() on ptolemy.moml.MoMLSimpleApplication@3c69da51
reloadAllAccessors: .Clock22

===========================================================================================
----------------- testing Mon Oct 07 05:58:32 UTC 2019 /home/travis/build/icyphy/ptII/ptolemy/actor/lib/test/auto/Clock23.xml
----------------- Instantiating /home/travis/build/icyphy/ptII/ptolemy/actor/lib/test/auto/Clock23.xml
7 ms. Memory: 397312K Free: 207600K (52%)
----------------- Invoking toplevel() on ptolemy.moml.MoMLSimpleApplication@5e265728
----------------- Done invoking toplevel() on ptolemy.moml.MoMLSimpleApplication@5e265728
reloadAllAccessors: .Clock23

===========================================================================================
----------------- testing Mon Oct 07 05:58:33 UTC 2019 /home/travis/build/icyphy/ptII/ptolemy/actor/lib/test/auto/Clock24.xml
----------------- Instantiating /home/travis/build/icyphy/ptII/ptolemy/actor/lib/test/auto/Clock24.xml
6 ms. Memory: 397312K Free: 201966K (51%)
----------------- Invoking toplevel() on ptolemy.moml.MoMLSimpleApplication@15e36883
----------------- Done invoking toplevel() on ptolemy.moml.MoMLSimpleApplication@15e36883
reloadAllAccessors: .Clock24

===========================================================================================
----------------- testing Mon Oct 07 05:58:33 UTC 2019 /home/travis/build/icyphy/ptII/ptolemy/actor/lib/test/auto/Clock4.xml
----------------- Instantiating /home/travis/build/icyphy/ptII/ptolemy/actor/lib/test/auto/Clock4.xml
1 ms. Memory: 397312K Free: 197360K (50%)
----------------- Invoking toplevel() on ptolemy.moml.MoMLSimpleApplication@167f6da2
----------------- Done invoking toplevel() on ptolemy.moml.MoMLSimpleApplication@167f6da2
reloadAllAccessors: .Clock4

===========================================================================================
----------------- testing Mon Oct 07 05:58:33 UTC 2019 /home/travis/build/icyphy/ptII/ptolemy/actor/lib/test/auto/Clock5.xml
----------------- Instantiating /home/travis/build/icyphy/ptII/ptolemy/actor/lib/test/auto/Clock5.xml
1 ms. Memory: 397312K Free: 191720K (48%)
----------------- Invoking toplevel() on ptolemy.moml.MoMLSimpleApplication@2da12c0e
----------------- Done invoking toplevel() on ptolemy.moml.MoMLSimpleApplication@2da12c0e
reloadAllAccessors: .Clock5

===========================================================================================
----------------- testing Mon Oct 07 05:58:33 UTC 2019 /home/travis/build/icyphy/ptII/ptolemy/actor/lib/test/auto/Clock6.xml
----------------- Instantiating /home/travis/build/icyphy/ptII/ptolemy/actor/lib/test/auto/Clock6.xml
1 ms. Memory: 397312K Free: 187630K (47%)
----------------- Invoking toplevel() on ptolemy.moml.MoMLSimpleApplication@d83a41a
----------------- Done invoking toplevel() on ptolemy.moml.MoMLSimpleApplication@d83a41a
reloadAllAccessors: .Clock6

===========================================================================================
----------------- testing Mon Oct 07 05:58:33 UTC 2019 /home/travis/build/icyphy/ptII/ptolemy/actor/lib/test/auto/Clock7.xml
----------------- Instantiating /home/travis/build/icyphy/ptII/ptolemy/actor/lib/test/auto/Clock7.xml
4 ms. Memory: 397312K Free: 182510K (46%)
----------------- Invoking toplevel() on ptolemy.moml.MoMLSimpleApplication@6e0bc3fe
----------------- Done invoking toplevel() on ptolemy.moml.MoMLSimpleApplication@6e0bc3fe
reloadAllAccessors: .Clock7

===========================================================================================
----------------- testing Mon Oct 07 05:58:33 UTC 2019 /home/travis/build/icyphy/ptII/ptolemy/actor/lib/test/auto/Clock8.xml
----------------- Instantiating /home/travis/build/icyphy/ptII/ptolemy/actor/lib/test/auto/Clock8.xml
5 ms. Memory: 397312K Free: 177376K (45%)
----------------- Invoking toplevel() on ptolemy.moml.MoMLSimpleApplication@15d4b484
----------------- Done invoking toplevel() on ptolemy.moml.MoMLSimpleApplication@15d4b484
reloadAllAccessors: .Clock8

===========================================================================================
----------------- testing Mon Oct 07 05:58:33 UTC 2019 /home/travis/build/icyphy/ptII/ptolemy/actor/lib/test/auto/Clock9.xml
----------------- Instantiating /home/travis/build/icyphy/ptII/ptolemy/actor/lib/test/auto/Clock9.xml
6 ms. Memory: 397312K Free: 171760K (43%)
----------------- Invoking toplevel() on ptolemy.moml.MoMLSimpleApplication@18eebb6e
----------------- Done invoking toplevel() on ptolemy.moml.MoMLSimpleApplication@18eebb6e
reloadAllAccessors: .Clock9

===========================================================================================
----------------- testing Mon Oct 07 05:58:33 UTC 2019 /home/travis/build/icyphy/ptII/ptolemy/actor/lib/test/auto/CommDistDiscard.xml
----------------- Instantiating /home/travis/build/icyphy/ptII/ptolemy/actor/lib/test/auto/CommDistDiscard.xml
4 ms. Memory: 397312K Free: 166126K (42%)
----------------- Invoking toplevel() on ptolemy.moml.MoMLSimpleApplication@199a6df0
----------------- Done invoking toplevel() on ptolemy.moml.MoMLSimpleApplication@199a6df0
reloadAllAccessors: .CommDistDiscard

===========================================================================================
----------------- testing Mon Oct 07 05:58:33 UTC 2019 /home/travis/build/icyphy/ptII/ptolemy/actor/lib/test/auto/Commutator.xml
----------------- Instantiating /home/travis/build/icyphy/ptII/ptolemy/actor/lib/test/auto/Commutator.xml
4 ms. Memory: 397312K Free: 162030K (41%)
----------------- Invoking toplevel() on ptolemy.moml.MoMLSimpleApplication@7eac31a2
----------------- Done invoking toplevel() on ptolemy.moml.MoMLSimpleApplication@7eac31a2
reloadAllAccessors: .Commutator

===========================================================================================
----------------- testing Mon Oct 07 05:58:33 UTC 2019 /home/travis/build/icyphy/ptII/ptolemy/actor/lib/test/auto/Commutator2.xml
----------------- Instantiating /home/travis/build/icyphy/ptII/ptolemy/actor/lib/test/auto/Commutator2.xml
2 ms. Memory: 397312K Free: 157424K (40%)
----------------- Invoking toplevel() on ptolemy.moml.MoMLSimpleApplication@184bdd5c
----------------- Done invoking toplevel() on ptolemy.moml.MoMLSimpleApplication@184bdd5c
reloadAllAccessors: .Commutator2

===========================================================================================
----------------- testing Mon Oct 07 05:58:33 UTC 2019 /home/travis/build/icyphy/ptII/ptolemy/actor/lib/test/auto/Commutator3.xml
----------------- Instantiating /home/travis/build/icyphy/ptII/ptolemy/actor/lib/test/auto/Commutator3.xml
2 ms. Memory: 397312K Free: 153328K (39%)
----------------- Invoking toplevel() on ptolemy.moml.MoMLSimpleApplication@6839eb5b
----------------- Done invoking toplevel() on ptolemy.moml.MoMLSimpleApplication@6839eb5b
reloadAllAccessors: .Commutator3

===========================================================================================
----------------- testing Mon Oct 07 05:58:33 UTC 2019 /home/travis/build/icyphy/ptII/ptolemy/actor/lib/test/auto/Compare.xml
----------------- Instantiating /home/travis/build/icyphy/ptII/ptolemy/actor/lib/test/auto/Compare.xml
30 ms. Memory: 397312K Free: 349639K (88%)
----------------- Invoking toplevel() on ptolemy.moml.MoMLSimpleApplication@17617cc0
----------------- Done invoking toplevel() on ptolemy.moml.MoMLSimpleApplication@17617cc0
reloadAllAccessors: .Compare

===========================================================================================
----------------- testing Mon Oct 07 05:58:33 UTC 2019 /home/travis/build/icyphy/ptII/ptolemy/actor/lib/test/auto/CompareDE.xml
----------------- Instantiating /home/travis/build/icyphy/ptII/ptolemy/actor/lib/test/auto/CompareDE.xml
4 ms. Memory: 397312K Free: 342240K (86%)
----------------- Invoking toplevel() on ptolemy.moml.MoMLSimpleApplication@1e439078
----------------- Done invoking toplevel() on ptolemy.moml.MoMLSimpleApplication@1e439078
reloadAllAccessors: .CompareDE

===========================================================================================
----------------- testing Mon Oct 07 05:58:33 UTC 2019 /home/travis/build/icyphy/ptII/ptolemy/actor/lib/test/auto/ComplexDivide.xml
----------------- Instantiating /home/travis/build/icyphy/ptII/ptolemy/actor/lib/test/auto/ComplexDivide.xml
1 ms. Memory: 397312K Free: 338158K (85%)
----------------- Invoking toplevel() on ptolemy.moml.MoMLSimpleApplication@7aeca21b
----------------- Done invoking toplevel() on ptolemy.moml.MoMLSimpleApplication@7aeca21b
reloadAllAccessors: .ComplexDivide

===========================================================================================
----------------- testing Mon Oct 07 05:58:33 UTC 2019 /home/travis/build/icyphy/ptII/ptolemy/actor/lib/test/auto/ComputeHistogram.xml
----------------- Instantiating /home/travis/build/icyphy/ptII/ptolemy/actor/lib/test/auto/ComputeHistogram.xml
46 ms. Memory: 397312K Free: 325360K (82%)
----------------- Invoking toplevel() on ptolemy.moml.MoMLSimpleApplication@1d169a4f
----------------- Done invoking toplevel() on ptolemy.moml.MoMLSimpleApplication@1d169a4f
reloadAllAccessors: .ComputeHistogram

===========================================================================================
----------------- testing Mon Oct 07 05:58:33 UTC 2019 /home/travis/build/icyphy/ptII/ptolemy/actor/lib/test/auto/ConfigurationSelect.xml
----------------- Instantiating /home/travis/build/icyphy/ptII/ptolemy/actor/lib/test/auto/ConfigurationSelect.xml
9 ms. Memory: 397312K Free: 320240K (81%)
----------------- Invoking toplevel() on ptolemy.moml.MoMLSimpleApplication@5727f8e0
----------------- Done invoking toplevel() on ptolemy.moml.MoMLSimpleApplication@5727f8e0
reloadAllAccessors: .ConfigurationSelect

===========================================================================================
----------------- testing Mon Oct 07 05:58:33 UTC 2019 /home/travis/build/icyphy/ptII/ptolemy/actor/lib/test/auto/ConfigurationSelect2.xml
----------------- Instantiating /home/travis/build/icyphy/ptII/ptolemy/actor/lib/test/auto/ConfigurationSelect2.xml
1 ms. Memory: 397312K Free: 315630K (79%)
----------------- Invoking toplevel() on ptolemy.moml.MoMLSimpleApplication@74b73567
----------------- Done invoking toplevel() on ptolemy.moml.MoMLSimpleApplication@74b73567
reloadAllAccessors: .ConfigurationSelect2

===========================================================================================
----------------- testing Mon Oct 07 05:58:33 UTC 2019 /home/travis/build/icyphy/ptII/ptolemy/actor/lib/test/auto/ConfigurationSwitch.xml
----------------- Instantiating /home/travis/build/icyphy/ptII/ptolemy/actor/lib/test/auto/ConfigurationSwitch.xml
1 ms. Memory: 397312K Free: 310510K (78%)
----------------- Invoking toplevel() on ptolemy.moml.MoMLSimpleApplication@5b64ca54
----------------- Done invoking toplevel() on ptolemy.moml.MoMLSimpleApplication@5b64ca54
reloadAllAccessors: .ConfigurationSwitch

===========================================================================================
----------------- testing Mon Oct 07 05:58:33 UTC 2019 /home/travis/build/icyphy/ptII/ptolemy/actor/lib/test/auto/ConfigurationSwitch2.xml
----------------- Instantiating /home/travis/build/icyphy/ptII/ptolemy/actor/lib/test/auto/ConfigurationSwitch2.xml
3 ms. Memory: 397312K Free: 304880K (77%)
----------------- Invoking toplevel() on ptolemy.moml.MoMLSimpleApplication@25b01f50
----------------- Done invoking toplevel() on ptolemy.moml.MoMLSimpleApplication@25b01f50
reloadAllAccessors: .ConfigurationSwitch2

===========================================================================================
----------------- testing Mon Oct 07 05:58:33 UTC 2019 /home/travis/build/icyphy/ptII/ptolemy/actor/lib/test/auto/ConfigurationSwitchCloningBugWithClassRelationGroup.xml
----------------- Instantiating /home/travis/build/icyphy/ptII/ptolemy/actor/lib/test/auto/ConfigurationSwitchCloningBugWithClassRelationGroup.xml
2 ms. Memory: 397312K Free: 298222K (75%)
----------------- Invoking toplevel() on ptolemy.moml.MoMLSimpleApplication@2bce6cf0
----------------- Done invoking toplevel() on ptolemy.moml.MoMLSimpleApplication@2bce6cf0
reloadAllAccessors: .ConfigurationSwitchCloningBugWithClassRelationGroup

===========================================================================================
----------------- testing Mon Oct 07 05:58:33 UTC 2019 /home/travis/build/icyphy/ptII/ptolemy/actor/lib/test/auto/ConfigurationSwitchSelectSDF.xml
----------------- Instantiating /home/travis/build/icyphy/ptII/ptolemy/actor/lib/test/auto/ConfigurationSwitchSelectSDF.xml
2 ms. Memory: 397312K Free: 293102K (74%)
----------------- Invoking toplevel() on ptolemy.moml.MoMLSimpleApplication@469b2fbb
----------------- Done invoking toplevel() on ptolemy.moml.MoMLSimpleApplication@469b2fbb
reloadAllAccessors: .ConfigurationSwitchSelectSDF

===========================================================================================
----------------- testing Mon Oct 07 05:58:33 UTC 2019 /home/travis/build/icyphy/ptII/ptolemy/actor/lib/test/auto/ConfigurationSwitchSelectSDF2.xml
----------------- Instantiating /home/travis/build/icyphy/ptII/ptolemy/actor/lib/test/auto/ConfigurationSwitchSelectSDF2.xml
2 ms. Memory: 397312K Free: 286958K (72%)
----------------- Invoking toplevel() on ptolemy.moml.MoMLSimpleApplication@788fde09
----------------- Done invoking toplevel() on ptolemy.moml.MoMLSimpleApplication@788fde09
reloadAllAccessors: .ConfigurationSwitchSelectSDF2

===========================================================================================
----------------- testing Mon Oct 07 05:58:33 UTC 2019 /home/travis/build/icyphy/ptII/ptolemy/actor/lib/test/auto/Const.xml
----------------- Instantiating /home/travis/build/icyphy/ptII/ptolemy/actor/lib/test/auto/Const.xml
1 ms. Memory: 397312K Free: 283376K (71%)
----------------- Invoking toplevel() on ptolemy.moml.MoMLSimpleApplication@6cbd57a6
----------------- Done invoking toplevel() on ptolemy.moml.MoMLSimpleApplication@6cbd57a6
reloadAllAccessors: .Const

===========================================================================================
----------------- testing Mon Oct 07 05:58:33 UTC 2019 /home/travis/build/icyphy/ptII/ptolemy/actor/lib/test/auto/Const2.xml
----------------- Instantiating /home/travis/build/icyphy/ptII/ptolemy/actor/lib/test/auto/Const2.xml
1 ms. Memory: 397312K Free: 279790K (70%)
----------------- Invoking toplevel() on ptolemy.moml.MoMLSimpleApplication@51dc25a9
----------------- Done invoking toplevel() on ptolemy.moml.MoMLSimpleApplication@51dc25a9
reloadAllAccessors: .Const2

===========================================================================================
----------------- testing Mon Oct 07 05:58:33 UTC 2019 /home/travis/build/icyphy/ptII/ptolemy/actor/lib/test/auto/Const3.xml
----------------- Instantiating /home/travis/build/icyphy/ptII/ptolemy/actor/lib/test/auto/Const3.xml
1 ms. Memory: 397312K Free: 276718K (70%)
----------------- Invoking toplevel() on ptolemy.moml.MoMLSimpleApplication@1f01d082
----------------- Done invoking toplevel() on ptolemy.moml.MoMLSimpleApplication@1f01d082
reloadAllAccessors: .Const3

===========================================================================================
----------------- testing Mon Oct 07 05:58:33 UTC 2019 /home/travis/build/icyphy/ptII/ptolemy/actor/lib/test/auto/ConstantPublisherPort1.xml
----------------- Instantiating /home/travis/build/icyphy/ptII/ptolemy/actor/lib/test/auto/ConstantPublisherPort1.xml
6 ms. Memory: 397312K Free: 268016K (67%)
----------------- Invoking toplevel() on ptolemy.moml.MoMLSimpleApplication@70e83b74
----------------- Done invoking toplevel() on ptolemy.moml.MoMLSimpleApplication@70e83b74
reloadAllAccessors: .ConstantPublisherPort1

===========================================================================================
----------------- testing Mon Oct 07 05:58:33 UTC 2019 /home/travis/build/icyphy/ptII/ptolemy/actor/lib/test/auto/ConstantPublisherPort2.xml
----------------- Instantiating /home/travis/build/icyphy/ptII/ptolemy/actor/lib/test/auto/ConstantPublisherPort2.xml
4 ms. Memory: 397312K Free: 260334K (66%)
----------------- Invoking toplevel() on ptolemy.moml.MoMLSimpleApplication@7e0357a1
----------------- Done invoking toplevel() on ptolemy.moml.MoMLSimpleApplication@7e0357a1
reloadAllAccessors: .ConstantPublisherPort2

===========================================================================================
----------------- testing Mon Oct 07 05:58:33 UTC 2019 /home/travis/build/icyphy/ptII/ptolemy/actor/lib/test/auto/ConstantPublisherPort3.xml
----------------- Instantiating /home/travis/build/icyphy/ptII/ptolemy/actor/lib/test/auto/ConstantPublisherPort3.xml
3 ms. Memory: 397312K Free: 252656K (64%)
----------------- Invoking toplevel() on ptolemy.moml.MoMLSimpleApplication@7dd51659
----------------- Done invoking toplevel() on ptolemy.moml.MoMLSimpleApplication@7dd51659
reloadAllAccessors: .ConstantPublisherPort3

===========================================================================================
----------------- testing Mon Oct 07 05:58:33 UTC 2019 /home/travis/build/icyphy/ptII/ptolemy/actor/lib/test/auto/ConstantPublisherPort4.xml
----------------- Instantiating /home/travis/build/icyphy/ptII/ptolemy/actor/lib/test/auto/ConstantPublisherPort4.xml
2 ms. Memory: 397312K Free: 245488K (62%)
----------------- Invoking toplevel() on ptolemy.moml.MoMLSimpleApplication@3c9dc369
----------------- Done invoking toplevel() on ptolemy.moml.MoMLSimpleApplication@3c9dc369
reloadAllAccessors: .ConstantPublisherPort4

===========================================================================================
----------------- testing Mon Oct 07 05:58:33 UTC 2019 /home/travis/build/icyphy/ptII/ptolemy/actor/lib/test/auto/ConstantPublisherPort5.xml
----------------- Instantiating /home/travis/build/icyphy/ptII/ptolemy/actor/lib/test/auto/ConstantPublisherPort5.xml
25 ms. Memory: 397312K Free: 236782K (60%)
----------------- Invoking toplevel() on ptolemy.moml.MoMLSimpleApplication@1074fbd3
----------------- Done invoking toplevel() on ptolemy.moml.MoMLSimpleApplication@1074fbd3
reloadAllAccessors: .ConstantPublisherPort5

===========================================================================================
----------------- testing Mon Oct 07 05:58:33 UTC 2019 /home/travis/build/icyphy/ptII/ptolemy/actor/lib/test/auto/ConstantPublisherPort6.xml
----------------- Instantiating /home/travis/build/icyphy/ptII/ptolemy/actor/lib/test/auto/ConstantPublisherPort6.xml
13 ms. Memory: 397312K Free: 227566K (57%)
----------------- Invoking toplevel() on ptolemy.moml.MoMLSimpleApplication@5a708af7
----------------- Done invoking toplevel() on ptolemy.moml.MoMLSimpleApplication@5a708af7
reloadAllAccessors: .ConstantPublisherPort6

===========================================================================================
----------------- testing Mon Oct 07 05:58:33 UTC 2019 /home/travis/build/icyphy/ptII/ptolemy/actor/lib/test/auto/ConstantPublisherPort7.xml
----------------- Instantiating /home/travis/build/icyphy/ptII/ptolemy/actor/lib/test/auto/ConstantPublisherPort7.xml
19 ms. Memory: 397312K Free: 218350K (55%)
----------------- Invoking toplevel() on ptolemy.moml.MoMLSimpleApplication@6ba1c652
----------------- Done invoking toplevel() on ptolemy.moml.MoMLSimpleApplication@6ba1c652
reloadAllAccessors: .ConstantPublisherPort7

===========================================================================================
----------------- testing Mon Oct 07 05:58:33 UTC 2019 /home/travis/build/icyphy/ptII/ptolemy/actor/lib/test/auto/ConstraintMonitor1.xml
----------------- Instantiating /home/travis/build/icyphy/ptII/ptolemy/actor/lib/test/auto/ConstraintMonitor1.xml
6 ms. Memory: 397312K Free: 212720K (54%)
----------------- Invoking toplevel() on ptolemy.moml.MoMLSimpleApplication@22d5baa3
----------------- Done invoking toplevel() on ptolemy.moml.MoMLSimpleApplication@22d5baa3
reloadAllAccessors: .ConstraintMonitor1

===========================================================================================
----------------- testing Mon Oct 07 05:58:33 UTC 2019 /home/travis/build/icyphy/ptII/ptolemy/actor/lib/test/auto/ConstraintMonitor2.xml
----------------- Instantiating /home/travis/build/icyphy/ptII/ptolemy/actor/lib/test/auto/ConstraintMonitor2.xml
3 ms. Memory: 397312K Free: 208110K (52%)
----------------- Invoking toplevel() on ptolemy.moml.MoMLSimpleApplication@2ee093df
----------------- Done invoking toplevel() on ptolemy.moml.MoMLSimpleApplication@2ee093df
reloadAllAccessors: .ConstraintMonitor2

===========================================================================================
----------------- testing Mon Oct 07 05:58:33 UTC 2019 /home/travis/build/icyphy/ptII/ptolemy/actor/lib/test/auto/ConstraintMonitor3.xml
----------------- Instantiating /home/travis/build/icyphy/ptII/ptolemy/actor/lib/test/auto/ConstraintMonitor3.xml
4 ms. Memory: 397312K Free: 204014K (51%)
----------------- Invoking toplevel() on ptolemy.moml.MoMLSimpleApplication@5699a9d0
----------------- Done invoking toplevel() on ptolemy.moml.MoMLSimpleApplication@5699a9d0
reloadAllAccessors: .ConstraintMonitor3

===========================================================================================
----------------- testing Mon Oct 07 05:58:33 UTC 2019 /home/travis/build/icyphy/ptII/ptolemy/actor/lib/test/auto/ConstraintMonitor4.xml
----------------- Instantiating /home/travis/build/icyphy/ptII/ptolemy/actor/lib/test/auto/ConstraintMonitor4.xml
2 ms. Memory: 397312K Free: 198894K (50%)
----------------- Invoking toplevel() on ptolemy.moml.MoMLSimpleApplication@7b87d7b3
----------------- Done invoking toplevel() on ptolemy.moml.MoMLSimpleApplication@7b87d7b3
reloadAllAccessors: .ConstraintMonitor4

===========================================================================================
----------------- testing Mon Oct 07 05:58:33 UTC 2019 /home/travis/build/icyphy/ptII/ptolemy/actor/lib/test/auto/ConstraintMonitor5.xml
----------------- Instantiating /home/travis/build/icyphy/ptII/ptolemy/actor/lib/test/auto/ConstraintMonitor5.xml
5 ms. Memory: 397312K Free: 193264K (49%)
----------------- Invoking toplevel() on ptolemy.moml.MoMLSimpleApplication@60528983
----------------- Done invoking toplevel() on ptolemy.moml.MoMLSimpleApplication@60528983
reloadAllAccessors: .ConstraintMonitor5

===========================================================================================
----------------- testing Mon Oct 07 05:58:33 UTC 2019 /home/travis/build/icyphy/ptII/ptolemy/actor/lib/test/auto/ConstraintMonitor6.xml
----------------- Instantiating /home/travis/build/icyphy/ptII/ptolemy/actor/lib/test/auto/ConstraintMonitor6.xml
2 ms. Memory: 397312K Free: 186592K (47%)
----------------- Invoking toplevel() on ptolemy.moml.MoMLSimpleApplication@599b502c
----------------- Done invoking toplevel() on ptolemy.moml.MoMLSimpleApplication@599b502c
reloadAllAccessors: .ConstraintMonitor6

===========================================================================================
----------------- testing Mon Oct 07 05:58:33 UTC 2019 /home/travis/build/icyphy/ptII/ptolemy/actor/lib/test/auto/ConstraintMonitor7.xml
----------------- Instantiating /home/travis/build/icyphy/ptII/ptolemy/actor/lib/test/auto/ConstraintMonitor7.xml
4 ms. Memory: 397312K Free: 180448K (45%)
----------------- Invoking toplevel() on ptolemy.moml.MoMLSimpleApplication@4d00ebf
----------------- Done invoking toplevel() on ptolemy.moml.MoMLSimpleApplication@4d00ebf
reloadAllAccessors: .ConstraintMonitor7

===========================================================================================
----------------- testing Mon Oct 07 05:58:33 UTC 2019 /home/travis/build/icyphy/ptII/ptolemy/actor/lib/test/auto/ConstraintMonitor8.xml
----------------- Instantiating /home/travis/build/icyphy/ptII/ptolemy/actor/lib/test/auto/ConstraintMonitor8.xml
9 ms. Memory: 397312K Free: 172784K (43%)
----------------- Invoking toplevel() on ptolemy.moml.MoMLSimpleApplication@1b75251d
----------------- Done invoking toplevel() on ptolemy.moml.MoMLSimpleApplication@1b75251d
reloadAllAccessors: .ConstraintMonitor8

===========================================================================================
----------------- testing Mon Oct 07 05:58:33 UTC 2019 /home/travis/build/icyphy/ptII/ptolemy/actor/lib/test/auto/Counter.xml
----------------- Instantiating /home/travis/build/icyphy/ptII/ptolemy/actor/lib/test/auto/Counter.xml
3 ms. Memory: 397312K Free: 167664K (42%)
----------------- Invoking toplevel() on ptolemy.moml.MoMLSimpleApplication@6554119d
----------------- Done invoking toplevel() on ptolemy.moml.MoMLSimpleApplication@6554119d
reloadAllAccessors: .Counter

===========================================================================================
----------------- testing Mon Oct 07 05:58:34 UTC 2019 /home/travis/build/icyphy/ptII/ptolemy/actor/lib/test/auto/CurrentTimeSDF.xml
----------------- Instantiating /home/travis/build/icyphy/ptII/ptolemy/actor/lib/test/auto/CurrentTimeSDF.xml
1 ms. Memory: 397312K Free: 164078K (41%)
----------------- Invoking toplevel() on ptolemy.moml.MoMLSimpleApplication@666405dc
----------------- Done invoking toplevel() on ptolemy.moml.MoMLSimpleApplication@666405dc
reloadAllAccessors: .CurrentTimeSDF

===========================================================================================
----------------- testing Mon Oct 07 05:58:34 UTC 2019 /home/travis/build/icyphy/ptII/ptolemy/actor/lib/test/auto/DB.xml
----------------- Instantiating /home/travis/build/icyphy/ptII/ptolemy/actor/lib/test/auto/DB.xml
2 ms. Memory: 397312K Free: 158958K (40%)
----------------- Invoking toplevel() on ptolemy.moml.MoMLSimpleApplication@3a1576da
----------------- Done invoking toplevel() on ptolemy.moml.MoMLSimpleApplication@3a1576da
reloadAllAccessors: .DB

===========================================================================================
----------------- testing Mon Oct 07 05:58:34 UTC 2019 /home/travis/build/icyphy/ptII/ptolemy/actor/lib/test/auto/DBDE.xml
----------------- Instantiating /home/travis/build/icyphy/ptII/ptolemy/actor/lib/test/auto/DBDE.xml
2 ms. Memory: 397312K Free: 152808K (38%)
----------------- Invoking toplevel() on ptolemy.moml.MoMLSimpleApplication@67f196e2
----------------- Done invoking toplevel() on ptolemy.moml.MoMLSimpleApplication@67f196e2
reloadAllAccessors: .DBDE

===========================================================================================
----------------- testing Mon Oct 07 05:58:34 UTC 2019 /home/travis/build/icyphy/ptII/ptolemy/actor/lib/test/auto/DateConstructor.xml
----------------- Instantiating /home/travis/build/icyphy/ptII/ptolemy/actor/lib/test/auto/DateConstructor.xml
26 ms. Memory: 397312K Free: 135920K (34%)
----------------- Invoking toplevel() on ptolemy.moml.MoMLSimpleApplication@7217e38c
----------------- Done invoking toplevel() on ptolemy.moml.MoMLSimpleApplication@7217e38c
reloadAllAccessors: .DateConstructor

===========================================================================================
----------------- testing Mon Oct 07 05:58:34 UTC 2019 /home/travis/build/icyphy/ptII/ptolemy/actor/lib/test/auto/DelayTime.xml
----------------- Instantiating /home/travis/build/icyphy/ptII/ptolemy/actor/lib/test/auto/DelayTime.xml
6 ms. Memory: 397312K Free: 130800K (33%)
----------------- Invoking toplevel() on ptolemy.moml.MoMLSimpleApplication@288273ba
----------------- Done invoking toplevel() on ptolemy.moml.MoMLSimpleApplication@288273ba
reloadAllAccessors: .DelayTime

===========================================================================================
----------------- testing Mon Oct 07 05:58:34 UTC 2019 /home/travis/build/icyphy/ptII/ptolemy/actor/lib/test/auto/Dictionary1.xml
----------------- Instantiating /home/travis/build/icyphy/ptII/ptolemy/actor/lib/test/auto/Dictionary1.xml
2 ms. Memory: 397312K Free: 125166K (32%)
----------------- Invoking toplevel() on ptolemy.moml.MoMLSimpleApplication@45924776
----------------- Done invoking toplevel() on ptolemy.moml.MoMLSimpleApplication@45924776
reloadAllAccessors: .Dictionary1

===========================================================================================
----------------- testing Mon Oct 07 05:58:34 UTC 2019 /home/travis/build/icyphy/ptII/ptolemy/actor/lib/test/auto/Dictionary2.xml
----------------- Instantiating /home/travis/build/icyphy/ptII/ptolemy/actor/lib/test/auto/Dictionary2.xml
5 ms. Memory: 653312K Free: 604010K (92%)
----------------- Invoking toplevel() on ptolemy.moml.MoMLSimpleApplication@70bb3417
----------------- Done invoking toplevel() on ptolemy.moml.MoMLSimpleApplication@70bb3417
reloadAllAccessors: .Dictionary2

===========================================================================================
----------------- testing Mon Oct 07 05:58:34 UTC 2019 /home/travis/build/icyphy/ptII/ptolemy/actor/lib/test/auto/Dictionary3.xml
----------------- Instantiating /home/travis/build/icyphy/ptII/ptolemy/actor/lib/test/auto/Dictionary3.xml
1 ms. Memory: 653312K Free: 598254K (92%)
----------------- Invoking toplevel() on ptolemy.moml.MoMLSimpleApplication@3ea6ae6b
----------------- Done invoking toplevel() on ptolemy.moml.MoMLSimpleApplication@3ea6ae6b
reloadAllAccessors: .Dictionary3

===========================================================================================
----------------- testing Mon Oct 07 05:58:34 UTC 2019 /home/travis/build/icyphy/ptII/ptolemy/actor/lib/test/auto/Dictionary4.xml
----------------- Instantiating /home/travis/build/icyphy/ptII/ptolemy/actor/lib/test/auto/Dictionary4.xml
5 ms. Memory: 653312K Free: 591086K (90%)
----------------- Invoking toplevel() on ptolemy.moml.MoMLSimpleApplication@2566a8af
----------------- Done invoking toplevel() on ptolemy.moml.MoMLSimpleApplication@2566a8af
reloadAllAccessors: .Dictionary4

===========================================================================================
----------------- testing Mon Oct 07 05:58:34 UTC 2019 /home/travis/build/icyphy/ptII/ptolemy/actor/lib/test/auto/Differential.xml
----------------- Instantiating /home/travis/build/icyphy/ptII/ptolemy/actor/lib/test/auto/Differential.xml
3 ms. Memory: 653312K Free: 586990K (90%)
----------------- Invoking toplevel() on ptolemy.moml.MoMLSimpleApplication@362a6b8f
----------------- Done invoking toplevel() on ptolemy.moml.MoMLSimpleApplication@362a6b8f
reloadAllAccessors: .Differential

===========================================================================================
----------------- testing Mon Oct 07 05:58:34 UTC 2019 /home/travis/build/icyphy/ptII/ptolemy/actor/lib/test/auto/Director.xml
----------------- Instantiating /home/travis/build/icyphy/ptII/ptolemy/actor/lib/test/auto/Director.xml
1 ms. Memory: 653312K Free: 583408K (89%)
----------------- Invoking toplevel() on ptolemy.moml.MoMLSimpleApplication@2cb6afe1
----------------- Done invoking toplevel() on ptolemy.moml.MoMLSimpleApplication@2cb6afe1
reloadAllAccessors: .Director

===========================================================================================
----------------- testing Mon Oct 07 05:58:34 UTC 2019 /home/travis/build/icyphy/ptII/ptolemy/actor/lib/test/auto/DiscreteClock.xml
----------------- Instantiating /home/travis/build/icyphy/ptII/ptolemy/actor/lib/test/auto/DiscreteClock.xml
3 ms. Memory: 653312K Free: 579312K (89%)
----------------- Invoking toplevel() on ptolemy.moml.MoMLSimpleApplication@59c57a57
----------------- Done invoking toplevel() on ptolemy.moml.MoMLSimpleApplication@59c57a57
reloadAllAccessors: .DiscreteClock

===========================================================================================
----------------- testing Mon Oct 07 05:58:34 UTC 2019 /home/travis/build/icyphy/ptII/ptolemy/actor/lib/test/auto/DiscreteClock10.xml
----------------- Instantiating /home/travis/build/icyphy/ptII/ptolemy/actor/lib/test/auto/DiscreteClock10.xml
4 ms. Memory: 653312K Free: 573168K (88%)
----------------- Invoking toplevel() on ptolemy.moml.MoMLSimpleApplication@52850df1
----------------- Done invoking toplevel() on ptolemy.moml.MoMLSimpleApplication@52850df1
reloadAllAccessors: .DiscreteClock10

===========================================================================================
----------------- testing Mon Oct 07 05:58:34 UTC 2019 /home/travis/build/icyphy/ptII/ptolemy/actor/lib/test/auto/DiscreteClock11.xml
----------------- Instantiating /home/travis/build/icyphy/ptII/ptolemy/actor/lib/test/auto/DiscreteClock11.xml
3 ms. Memory: 653312K Free: 567534K (87%)
----------------- Invoking toplevel() on ptolemy.moml.MoMLSimpleApplication@4177baf0
----------------- Done invoking toplevel() on ptolemy.moml.MoMLSimpleApplication@4177baf0
reloadAllAccessors: .DiscreteClock11

===========================================================================================
----------------- testing Mon Oct 07 05:58:34 UTC 2019 /home/travis/build/icyphy/ptII/ptolemy/actor/lib/test/auto/DiscreteClock12.xml
----------------- Instantiating /home/travis/build/icyphy/ptII/ptolemy/actor/lib/test/auto/DiscreteClock12.xml
3 ms. Memory: 653312K Free: 561390K (86%)
----------------- Invoking toplevel() on ptolemy.moml.MoMLSimpleApplication@4bd01ae1
----------------- Done invoking toplevel() on ptolemy.moml.MoMLSimpleApplication@4bd01ae1
reloadAllAccessors: .DiscreteClock12

===========================================================================================
----------------- testing Mon Oct 07 05:58:34 UTC 2019 /home/travis/build/icyphy/ptII/ptolemy/actor/lib/test/auto/DiscreteClock13.xml
----------------- Instantiating /home/travis/build/icyphy/ptII/ptolemy/actor/lib/test/auto/DiscreteClock13.xml
5 ms. Memory: 653312K Free: 555216K (85%)
----------------- Invoking toplevel() on ptolemy.moml.MoMLSimpleApplication@152102d7
----------------- Done invoking toplevel() on ptolemy.moml.MoMLSimpleApplication@152102d7
reloadAllAccessors: .DiscreteClock13

===========================================================================================
----------------- testing Mon Oct 07 05:58:34 UTC 2019 /home/travis/build/icyphy/ptII/ptolemy/actor/lib/test/auto/DiscreteClock14.xml
----------------- Instantiating /home/travis/build/icyphy/ptII/ptolemy/actor/lib/test/auto/DiscreteClock14.xml
6 ms. Memory: 653312K Free: 549072K (84%)
----------------- Invoking toplevel() on ptolemy.moml.MoMLSimpleApplication@7a76be0b
----------------- Done invoking toplevel() on ptolemy.moml.MoMLSimpleApplication@7a76be0b
reloadAllAccessors: .DiscreteClock14

===========================================================================================
----------------- testing Mon Oct 07 05:58:34 UTC 2019 /home/travis/build/icyphy/ptII/ptolemy/actor/lib/test/auto/DiscreteClock15.xml
----------------- Instantiating /home/travis/build/icyphy/ptII/ptolemy/actor/lib/test/auto/DiscreteClock15.xml
5 ms. Memory: 653312K Free: 543472K (83%)
----------------- Invoking toplevel() on ptolemy.moml.MoMLSimpleApplication@5024ec8a
----------------- Done invoking toplevel() on ptolemy.moml.MoMLSimpleApplication@5024ec8a
reloadAllAccessors: .DiscreteClock15

===========================================================================================
----------------- testing Mon Oct 07 05:58:34 UTC 2019 /home/travis/build/icyphy/ptII/ptolemy/actor/lib/test/auto/DiscreteClock16.xml
----------------- Instantiating /home/travis/build/icyphy/ptII/ptolemy/actor/lib/test/auto/DiscreteClock16.xml
22 ms. Memory: 653312K Free: 529632K (81%)
----------------- Invoking toplevel() on ptolemy.moml.MoMLSimpleApplication@4ad39775
----------------- Done invoking toplevel() on ptolemy.moml.MoMLSimpleApplication@4ad39775
reloadAllAccessors: .DiscreteClock16

===========================================================================================
----------------- testing Mon Oct 07 05:58:34 UTC 2019 /home/travis/build/icyphy/ptII/ptolemy/actor/lib/test/auto/DiscreteClock17.xml
----------------- Instantiating /home/travis/build/icyphy/ptII/ptolemy/actor/lib/test/auto/DiscreteClock17.xml
21 ms. Memory: 653312K Free: 514800K (79%)
----------------- Invoking toplevel() on ptolemy.moml.MoMLSimpleApplication@3bf60e52
----------------- Done invoking toplevel() on ptolemy.moml.MoMLSimpleApplication@3bf60e52
reloadAllAccessors: .DiscreteClock17

===========================================================================================
----------------- testing Mon Oct 07 05:58:34 UTC 2019 /home/travis/build/icyphy/ptII/ptolemy/actor/lib/test/auto/DiscreteClock18.xml
----------------- Instantiating /home/travis/build/icyphy/ptII/ptolemy/actor/lib/test/auto/DiscreteClock18.xml
34 ms. Memory: 653312K Free: 500960K (77%)
----------------- Invoking toplevel() on ptolemy.moml.MoMLSimpleApplication@25dc27c9
----------------- Done invoking toplevel() on ptolemy.moml.MoMLSimpleApplication@25dc27c9
reloadAllAccessors: .DiscreteClock18

===========================================================================================
----------------- testing Mon Oct 07 05:58:34 UTC 2019 /home/travis/build/icyphy/ptII/ptolemy/actor/lib/test/auto/DiscreteClock19.xml
----------------- Instantiating /home/travis/build/icyphy/ptII/ptolemy/actor/lib/test/auto/DiscreteClock19.xml
18 ms. Memory: 653312K Free: 487648K (75%)
----------------- Invoking toplevel() on ptolemy.moml.MoMLSimpleApplication@735a5824
----------------- Done invoking toplevel() on ptolemy.moml.MoMLSimpleApplication@735a5824
reloadAllAccessors: .DiscreteClock19

===========================================================================================
----------------- testing Mon Oct 07 05:58:34 UTC 2019 /home/travis/build/icyphy/ptII/ptolemy/actor/lib/test/auto/DiscreteClock2.xml
----------------- Instantiating /home/travis/build/icyphy/ptII/ptolemy/actor/lib/test/auto/DiscreteClock2.xml
5 ms. Memory: 653312K Free: 482536K (74%)
----------------- Invoking toplevel() on ptolemy.moml.MoMLSimpleApplication@227676f5
----------------- Done invoking toplevel() on ptolemy.moml.MoMLSimpleApplication@227676f5
reloadAllAccessors: .DiscreteClock2

===========================================================================================
----------------- testing Mon Oct 07 05:58:34 UTC 2019 /home/travis/build/icyphy/ptII/ptolemy/actor/lib/test/auto/DiscreteClock20.xml
----------------- Instantiating /home/travis/build/icyphy/ptII/ptolemy/actor/lib/test/auto/DiscreteClock20.xml
12 ms. Memory: 653312K Free: 476912K (73%)
----------------- Invoking toplevel() on ptolemy.moml.MoMLSimpleApplication@36c9b12a
----------------- Done invoking toplevel() on ptolemy.moml.MoMLSimpleApplication@36c9b12a
reloadAllAccessors: .DiscreteClock20

===========================================================================================
----------------- testing Mon Oct 07 05:58:34 UTC 2019 /home/travis/build/icyphy/ptII/ptolemy/actor/lib/test/auto/DiscreteClock21.xml
----------------- Instantiating /home/travis/build/icyphy/ptII/ptolemy/actor/lib/test/auto/DiscreteClock21.xml
9 ms. Memory: 653312K Free: 471278K (72%)
----------------- Invoking toplevel() on ptolemy.moml.MoMLSimpleApplication@34d2ba0f
----------------- Done invoking toplevel() on ptolemy.moml.MoMLSimpleApplication@34d2ba0f
reloadAllAccessors: .DiscreteClock21

===========================================================================================
----------------- testing Mon Oct 07 05:58:34 UTC 2019 /home/travis/build/icyphy/ptII/ptolemy/actor/lib/test/auto/DiscreteClock22.xml
----------------- Instantiating /home/travis/build/icyphy/ptII/ptolemy/actor/lib/test/auto/DiscreteClock22.xml
5 ms. Memory: 653312K Free: 466158K (71%)
----------------- Invoking toplevel() on ptolemy.moml.MoMLSimpleApplication@6d2b664d
----------------- Done invoking toplevel() on ptolemy.moml.MoMLSimpleApplication@6d2b664d
reloadAllAccessors: .DiscreteClock22

===========================================================================================
----------------- testing Mon Oct 07 05:58:34 UTC 2019 /home/travis/build/icyphy/ptII/ptolemy/actor/lib/test/auto/DiscreteClock23.xml
----------------- Instantiating /home/travis/build/icyphy/ptII/ptolemy/actor/lib/test/auto/DiscreteClock23.xml
5 ms. Memory: 653312K Free: 460528K (70%)
----------------- Invoking toplevel() on ptolemy.moml.MoMLSimpleApplication@493eafab
----------------- Done invoking toplevel() on ptolemy.moml.MoMLSimpleApplication@493eafab
reloadAllAccessors: .DiscreteClock23

===========================================================================================
----------------- testing Mon Oct 07 05:58:34 UTC 2019 /home/travis/build/icyphy/ptII/ptolemy/actor/lib/test/auto/DiscreteClock24.xml
----------------- Instantiating /home/travis/build/icyphy/ptII/ptolemy/actor/lib/test/auto/DiscreteClock24.xml
5 ms. Memory: 653312K Free: 454894K (70%)
----------------- Invoking toplevel() on ptolemy.moml.MoMLSimpleApplication@3a0fdce3
----------------- Done invoking toplevel() on ptolemy.moml.MoMLSimpleApplication@3a0fdce3
reloadAllAccessors: .DiscreteClock24

===========================================================================================
----------------- testing Mon Oct 07 05:58:34 UTC 2019 /home/travis/build/icyphy/ptII/ptolemy/actor/lib/test/auto/DiscreteClock4.xml
----------------- Instantiating /home/travis/build/icyphy/ptII/ptolemy/actor/lib/test/auto/DiscreteClock4.xml
2 ms. Memory: 653312K Free: 449264K (69%)
----------------- Invoking toplevel() on ptolemy.moml.MoMLSimpleApplication@2a4aaec6
----------------- Done invoking toplevel() on ptolemy.moml.MoMLSimpleApplication@2a4aaec6
reloadAllAccessors: .DiscreteClock4

===========================================================================================
----------------- testing Mon Oct 07 05:58:34 UTC 2019 /home/travis/build/icyphy/ptII/ptolemy/actor/lib/test/auto/DiscreteClock5.xml
----------------- Instantiating /home/travis/build/icyphy/ptII/ptolemy/actor/lib/test/auto/DiscreteClock5.xml
2 ms. Memory: 653312K Free: 444144K (68%)
----------------- Invoking toplevel() on ptolemy.moml.MoMLSimpleApplication@c5564e7
----------------- Done invoking toplevel() on ptolemy.moml.MoMLSimpleApplication@c5564e7
reloadAllAccessors: .DiscreteClock5

===========================================================================================
----------------- testing Mon Oct 07 05:58:34 UTC 2019 /home/travis/build/icyphy/ptII/ptolemy/actor/lib/test/auto/DiscreteClock6.xml
----------------- Instantiating /home/travis/build/icyphy/ptII/ptolemy/actor/lib/test/auto/DiscreteClock6.xml
1 ms. Memory: 653312K Free: 439534K (67%)
----------------- Invoking toplevel() on ptolemy.moml.MoMLSimpleApplication@7fbc6b77
----------------- Done invoking toplevel() on ptolemy.moml.MoMLSimpleApplication@7fbc6b77
reloadAllAccessors: .DiscreteClock6

===========================================================================================
----------------- testing Mon Oct 07 05:58:34 UTC 2019 /home/travis/build/icyphy/ptII/ptolemy/actor/lib/test/auto/DiscreteClock7.xml
----------------- Instantiating /home/travis/build/icyphy/ptII/ptolemy/actor/lib/test/auto/DiscreteClock7.xml
2 ms. Memory: 653312K Free: 434414K (66%)
----------------- Invoking toplevel() on ptolemy.moml.MoMLSimpleApplication@7d7813c7
----------------- Done invoking toplevel() on ptolemy.moml.MoMLSimpleApplication@7d7813c7
reloadAllAccessors: .DiscreteClock7

===========================================================================================
----------------- testing Mon Oct 07 05:58:34 UTC 2019 /home/travis/build/icyphy/ptII/ptolemy/actor/lib/test/auto/DiscreteClock8.xml
----------------- Instantiating /home/travis/build/icyphy/ptII/ptolemy/actor/lib/test/auto/DiscreteClock8.xml
5 ms. Memory: 653312K Free: 428784K (66%)
----------------- Invoking toplevel() on ptolemy.moml.MoMLSimpleApplication@1117b458
----------------- Done invoking toplevel() on ptolemy.moml.MoMLSimpleApplication@1117b458
reloadAllAccessors: .DiscreteClock8

===========================================================================================
----------------- testing Mon Oct 07 05:58:35 UTC 2019 /home/travis/build/icyphy/ptII/ptolemy/actor/lib/test/auto/DiscreteClock9.xml
----------------- Instantiating /home/travis/build/icyphy/ptII/ptolemy/actor/lib/test/auto/DiscreteClock9.xml
5 ms. Memory: 653312K Free: 422640K (65%)
----------------- Invoking toplevel() on ptolemy.moml.MoMLSimpleApplication@598df4fa
----------------- Done invoking toplevel() on ptolemy.moml.MoMLSimpleApplication@598df4fa
reloadAllAccessors: .DiscreteClock9

===========================================================================================
----------------- testing Mon Oct 07 05:58:35 UTC 2019 /home/travis/build/icyphy/ptII/ptolemy/actor/lib/test/auto/DisplayArray.xml
----------------- Instantiating /home/travis/build/icyphy/ptII/ptolemy/actor/lib/test/auto/DisplayArray.xml
1 ms. Memory: 653312K Free: 419568K (64%)
----------------- Invoking toplevel() on ptolemy.moml.MoMLSimpleApplication@9177664
----------------- Done invoking toplevel() on ptolemy.moml.MoMLSimpleApplication@9177664
reloadAllAccessors: .DisplayArray

===========================================================================================
----------------- testing Mon Oct 07 05:58:35 UTC 2019 /home/travis/build/icyphy/ptII/ptolemy/actor/lib/test/auto/Distributor.xml
----------------- Instantiating /home/travis/build/icyphy/ptII/ptolemy/actor/lib/test/auto/Distributor.xml
2 ms. Memory: 653312K Free: 414448K (63%)
----------------- Invoking toplevel() on ptolemy.moml.MoMLSimpleApplication@224878c8
----------------- Done invoking toplevel() on ptolemy.moml.MoMLSimpleApplication@224878c8
reloadAllAccessors: .Distributor

===========================================================================================
----------------- testing Mon Oct 07 05:58:35 UTC 2019 /home/travis/build/icyphy/ptII/ptolemy/actor/lib/test/auto/Distributor2.xml
----------------- Instantiating /home/travis/build/icyphy/ptII/ptolemy/actor/lib/test/auto/Distributor2.xml
2 ms. Memory: 653312K Free: 409328K (63%)
----------------- Invoking toplevel() on ptolemy.moml.MoMLSimpleApplication@777196b0
----------------- Done invoking toplevel() on ptolemy.moml.MoMLSimpleApplication@777196b0
reloadAllAccessors: .Distributor2

===========================================================================================
----------------- testing Mon Oct 07 05:58:35 UTC 2019 /home/travis/build/icyphy/ptII/ptolemy/actor/lib/test/auto/DownSample.xml
----------------- Instantiating /home/travis/build/icyphy/ptII/ptolemy/actor/lib/test/auto/DownSample.xml
2 ms. Memory: 653312K Free: 404718K (62%)
----------------- Invoking toplevel() on ptolemy.moml.MoMLSimpleApplication@5479e890
----------------- Done invoking toplevel() on ptolemy.moml.MoMLSimpleApplication@5479e890
reloadAllAccessors: .DownSample

===========================================================================================
----------------- testing Mon Oct 07 05:58:35 UTC 2019 /home/travis/build/icyphy/ptII/ptolemy/actor/lib/test/auto/ElectronicUnitBase1.xml
----------------- Instantiating /home/travis/build/icyphy/ptII/ptolemy/actor/lib/test/auto/ElectronicUnitBase1.xml
21 ms. Memory: 653312K Free: 388848K (60%)
----------------- Invoking toplevel() on ptolemy.moml.MoMLSimpleApplication@218d1dc4
----------------- Done invoking toplevel() on ptolemy.moml.MoMLSimpleApplication@218d1dc4
reloadAllAccessors: .ElectronicUnitBase1

===========================================================================================
----------------- testing Mon Oct 07 05:58:35 UTC 2019 /home/travis/build/icyphy/ptII/ptolemy/actor/lib/test/auto/ElementsToArray.xml
----------------- Instantiating /home/travis/build/icyphy/ptII/ptolemy/actor/lib/test/auto/ElementsToArray.xml
3 ms. Memory: 653312K Free: 384238K (59%)
----------------- Invoking toplevel() on ptolemy.moml.MoMLSimpleApplication@718ae5f3
----------------- Done invoking toplevel() on ptolemy.moml.MoMLSimpleApplication@718ae5f3
reloadAllAccessors: .ElementsToArray

===========================================================================================
----------------- testing Mon Oct 07 05:58:35 UTC 2019 /home/travis/build/icyphy/ptII/ptolemy/actor/lib/test/auto/Equals.xml
----------------- Instantiating /home/travis/build/icyphy/ptII/ptolemy/actor/lib/test/auto/Equals.xml
4 ms. Memory: 653312K Free: 379632K (58%)
----------------- Invoking toplevel() on ptolemy.moml.MoMLSimpleApplication@3d816169
----------------- Done invoking toplevel() on ptolemy.moml.MoMLSimpleApplication@3d816169
reloadAllAccessors: .Equals

===========================================================================================
----------------- testing Mon Oct 07 05:58:35 UTC 2019 /home/travis/build/icyphy/ptII/ptolemy/actor/lib/test/auto/Exec.xml
----------------- Instantiating /home/travis/build/icyphy/ptII/ptolemy/actor/lib/test/auto/Exec.xml
29 ms. Memory: 653312K Free: 373488K (57%)
----------------- Invoking toplevel() on ptolemy.moml.MoMLSimpleApplication@2b9856e1
----------------- Done invoking toplevel() on ptolemy.moml.MoMLSimpleApplication@2b9856e1
reloadAllAccessors: .Exec

===========================================================================================
----------------- testing Mon Oct 07 05:58:35 UTC 2019 /home/travis/build/icyphy/ptII/ptolemy/actor/lib/test/auto/ExecEnvironment.xml
----------------- Instantiating /home/travis/build/icyphy/ptII/ptolemy/actor/lib/test/auto/ExecEnvironment.xml
35 ms. Memory: 653312K Free: 367344K (56%)
----------------- Invoking toplevel() on ptolemy.moml.MoMLSimpleApplication@60ba4b4d
----------------- Done invoking toplevel() on ptolemy.moml.MoMLSimpleApplication@60ba4b4d
reloadAllAccessors: .ExecEnvironment

===========================================================================================
----------------- testing Mon Oct 07 05:58:35 UTC 2019 /home/travis/build/icyphy/ptII/ptolemy/actor/lib/test/auto/ExecNonZeroReturnOutput.xml
----------------- Instantiating /home/travis/build/icyphy/ptII/ptolemy/actor/lib/test/auto/ExecNonZeroReturnOutput.xml
202 ms. Memory: 653312K Free: 355566K (54%)
----------------- Invoking toplevel() on ptolemy.moml.MoMLSimpleApplication@76baac8c
----------------- Done invoking toplevel() on ptolemy.moml.MoMLSimpleApplication@76baac8c
reloadAllAccessors: .ExecNonZeroReturnOutput

===========================================================================================
----------------- testing Mon Oct 07 05:58:35 UTC 2019 /home/travis/build/icyphy/ptII/ptolemy/actor/lib/test/auto/ExecRunDemos.xml
----------------- Instantiating /home/travis/build/icyphy/ptII/ptolemy/actor/lib/test/auto/ExecRunDemos.xml
Finished: 137 ms. Memory: 120832K Free: 104537K (87%)

Finished: 93 ms. Memory: 120832K Free: 110789K (92%)

Finished: 133 ms. Memory: 120832K Free: 110781K (92%)

Finished: 88 ms. Memory: 120832K Free: 103594K (86%)

Finished: 75 ms. Memory: 120832K Free: 104068K (86%)

11463 ms. Memory: 653312K Free: 334574K (51%)
----------------- Invoking toplevel() on ptolemy.moml.MoMLSimpleApplication@419a8659
----------------- Done invoking toplevel() on ptolemy.moml.MoMLSimpleApplication@419a8659
reloadAllAccessors: .ExecRunDemos

===========================================================================================
----------------- testing Mon Oct 07 05:58:47 UTC 2019 /home/travis/build/icyphy/ptII/ptolemy/actor/lib/test/auto/ExecStop.xml
----------------- Instantiating /home/travis/build/icyphy/ptII/ptolemy/actor/lib/test/auto/ExecStop.xml
5023 ms. Memory: 653312K Free: 531482K (81%)
----------------- Invoking toplevel() on ptolemy.moml.MoMLSimpleApplication@17cb76a6
----------------- Done invoking toplevel() on ptolemy.moml.MoMLSimpleApplication@17cb76a6
reloadAllAccessors: .ExecStop

===========================================================================================
----------------- testing Mon Oct 07 05:58:52 UTC 2019 /home/travis/build/icyphy/ptII/ptolemy/actor/lib/test/auto/ExecutionTimeSDF.xml
----------------- Instantiating /home/travis/build/icyphy/ptII/ptolemy/actor/lib/test/auto/ExecutionTimeSDF.xml
Fired ExecutionTime: 2101200000
Fired ExecutionTime: 1055200000
Fired ExecutionTime: -1088167296
6013 ms. Memory: 653312K Free: 519124K (79%)
----------------- Invoking toplevel() on ptolemy.moml.MoMLSimpleApplication@3ab3ed1a
----------------- Done invoking toplevel() on ptolemy.moml.MoMLSimpleApplication@3ab3ed1a
reloadAllAccessors: .ExecutionTimeSDF

===========================================================================================
----------------- testing Mon Oct 07 05:58:58 UTC 2019 /home/travis/build/icyphy/ptII/ptolemy/actor/lib/test/auto/Expression1.xml
----------------- Instantiating /home/travis/build/icyphy/ptII/ptolemy/actor/lib/test/auto/Expression1.xml
1 ms. Memory: 653312K Free: 515538K (79%)
----------------- Invoking toplevel() on ptolemy.moml.MoMLSimpleApplication@75c8b255
----------------- Done invoking toplevel() on ptolemy.moml.MoMLSimpleApplication@75c8b255
reloadAllAccessors: .Expression1

===========================================================================================
----------------- testing Mon Oct 07 05:58:58 UTC 2019 /home/travis/build/icyphy/ptII/ptolemy/actor/lib/test/auto/Expression10.xml
----------------- Instantiating /home/travis/build/icyphy/ptII/ptolemy/actor/lib/test/auto/Expression10.xml
6 ms. Memory: 653312K Free: 509908K (78%)
----------------- Invoking toplevel() on ptolemy.moml.MoMLSimpleApplication@423f0e05
----------------- Done invoking toplevel() on ptolemy.moml.MoMLSimpleApplication@423f0e05
reloadAllAccessors: .Expression10

===========================================================================================
----------------- testing Mon Oct 07 05:58:58 UTC 2019 /home/travis/build/icyphy/ptII/ptolemy/actor/lib/test/auto/Expression11.xml
----------------- Instantiating /home/travis/build/icyphy/ptII/ptolemy/actor/lib/test/auto/Expression11.xml
1 ms. Memory: 653312K Free: 505298K (77%)
----------------- Invoking toplevel() on ptolemy.moml.MoMLSimpleApplication@593ac7e4
----------------- Done invoking toplevel() on ptolemy.moml.MoMLSimpleApplication@593ac7e4
reloadAllAccessors: .Expression11

===========================================================================================
----------------- testing Mon Oct 07 05:58:58 UTC 2019 /home/travis/build/icyphy/ptII/ptolemy/actor/lib/test/auto/Expression12.xml
----------------- Instantiating /home/travis/build/icyphy/ptII/ptolemy/actor/lib/test/auto/Expression12.xml
10 ms. Memory: 653312K Free: 500178K (77%)
----------------- Invoking toplevel() on ptolemy.moml.MoMLSimpleApplication@420f0d25
----------------- Done invoking toplevel() on ptolemy.moml.MoMLSimpleApplication@420f0d25
reloadAllAccessors: .Expression12

===========================================================================================
----------------- testing Mon Oct 07 05:58:58 UTC 2019 /home/travis/build/icyphy/ptII/ptolemy/actor/lib/test/auto/Expression13.xml
----------------- Instantiating /home/travis/build/icyphy/ptII/ptolemy/actor/lib/test/auto/Expression13.xml
4 ms. Memory: 653312K Free: 495058K (76%)
----------------- Invoking toplevel() on ptolemy.moml.MoMLSimpleApplication@1e16884f
----------------- Done invoking toplevel() on ptolemy.moml.MoMLSimpleApplication@1e16884f
reloadAllAccessors: .Expression13

===========================================================================================
----------------- testing Mon Oct 07 05:58:58 UTC 2019 /home/travis/build/icyphy/ptII/ptolemy/actor/lib/test/auto/Expression14.xml
----------------- Instantiating /home/travis/build/icyphy/ptII/ptolemy/actor/lib/test/auto/Expression14.xml
7 ms. Memory: 653312K Free: 488914K (75%)
----------------- Invoking toplevel() on ptolemy.moml.MoMLSimpleApplication@3f1c4d90
----------------- Done invoking toplevel() on ptolemy.moml.MoMLSimpleApplication@3f1c4d90
reloadAllAccessors: .Expression14

===========================================================================================
----------------- testing Mon Oct 07 05:58:58 UTC 2019 /home/travis/build/icyphy/ptII/ptolemy/actor/lib/test/auto/Expression15.xml
----------------- Instantiating /home/travis/build/icyphy/ptII/ptolemy/actor/lib/test/auto/Expression15.xml
1 ms. Memory: 653312K Free: 485332K (74%)
----------------- Invoking toplevel() on ptolemy.moml.MoMLSimpleApplication@37edef7
----------------- Done invoking toplevel() on ptolemy.moml.MoMLSimpleApplication@37edef7
reloadAllAccessors: .Expression15

===========================================================================================
----------------- testing Mon Oct 07 05:58:58 UTC 2019 /home/travis/build/icyphy/ptII/ptolemy/actor/lib/test/auto/Expression16.xml
----------------- Instantiating /home/travis/build/icyphy/ptII/ptolemy/actor/lib/test/auto/Expression16.xml
3 ms. Memory: 653312K Free: 480212K (74%)
----------------- Invoking toplevel() on ptolemy.moml.MoMLSimpleApplication@74950628
----------------- Done invoking toplevel() on ptolemy.moml.MoMLSimpleApplication@74950628
reloadAllAccessors: .Expression16

===========================================================================================
----------------- testing Mon Oct 07 05:58:58 UTC 2019 /home/travis/build/icyphy/ptII/ptolemy/actor/lib/test/auto/Expression17.xml
----------------- Instantiating /home/travis/build/icyphy/ptII/ptolemy/actor/lib/test/auto/Expression17.xml
4 ms. Memory: 653312K Free: 475092K (73%)
----------------- Invoking toplevel() on ptolemy.moml.MoMLSimpleApplication@357c4498
----------------- Done invoking toplevel() on ptolemy.moml.MoMLSimpleApplication@357c4498
reloadAllAccessors: .Expression17

===========================================================================================
----------------- testing Mon Oct 07 05:58:58 UTC 2019 /home/travis/build/icyphy/ptII/ptolemy/actor/lib/test/auto/Expression18.xml
----------------- Instantiating /home/travis/build/icyphy/ptII/ptolemy/actor/lib/test/auto/Expression18.xml
3 ms. Memory: 653312K Free: 470482K (72%)
----------------- Invoking toplevel() on ptolemy.moml.MoMLSimpleApplication@2b72b358
----------------- Done invoking toplevel() on ptolemy.moml.MoMLSimpleApplication@2b72b358
reloadAllAccessors: .Expression18

===========================================================================================
----------------- testing Mon Oct 07 05:58:58 UTC 2019 /home/travis/build/icyphy/ptII/ptolemy/actor/lib/test/auto/Expression2.xml
----------------- Instantiating /home/travis/build/icyphy/ptII/ptolemy/actor/lib/test/auto/Expression2.xml
2 ms. Memory: 653312K Free: 465362K (71%)
----------------- Invoking toplevel() on ptolemy.moml.MoMLSimpleApplication@67bb7e07
----------------- Done invoking toplevel() on ptolemy.moml.MoMLSimpleApplication@67bb7e07
reloadAllAccessors: .Expression2

===========================================================================================
----------------- testing Mon Oct 07 05:58:58 UTC 2019 /home/travis/build/icyphy/ptII/ptolemy/actor/lib/test/auto/Expression3.xml
----------------- Instantiating /home/travis/build/icyphy/ptII/ptolemy/actor/lib/test/auto/Expression3.xml
7 ms. Memory: 653312K Free: 460242K (70%)
----------------- Invoking toplevel() on ptolemy.moml.MoMLSimpleApplication@32e06f90
----------------- Done invoking toplevel() on ptolemy.moml.MoMLSimpleApplication@32e06f90
reloadAllAccessors: .Expression3

===========================================================================================
----------------- testing Mon Oct 07 05:58:58 UTC 2019 /home/travis/build/icyphy/ptII/ptolemy/actor/lib/test/auto/Expression4.xml
----------------- Instantiating /home/travis/build/icyphy/ptII/ptolemy/actor/lib/test/auto/Expression4.xml
3 ms. Memory: 653312K Free: 452564K (69%)
----------------- Invoking toplevel() on ptolemy.moml.MoMLSimpleApplication@3c0459a1
----------------- Done invoking toplevel() on ptolemy.moml.MoMLSimpleApplication@3c0459a1
reloadAllAccessors: .Expression4

===========================================================================================
----------------- testing Mon Oct 07 05:58:58 UTC 2019 /home/travis/build/icyphy/ptII/ptolemy/actor/lib/test/auto/Expression5.xml
----------------- Instantiating /home/travis/build/icyphy/ptII/ptolemy/actor/lib/test/auto/Expression5.xml
5 ms. Memory: 653312K Free: 447444K (68%)
----------------- Invoking toplevel() on ptolemy.moml.MoMLSimpleApplication@17c228dc
----------------- Done invoking toplevel() on ptolemy.moml.MoMLSimpleApplication@17c228dc
reloadAllAccessors: .Expression5

===========================================================================================
----------------- testing Mon Oct 07 05:58:58 UTC 2019 /home/travis/build/icyphy/ptII/ptolemy/actor/lib/test/auto/Expression6.xml
----------------- Instantiating /home/travis/build/icyphy/ptII/ptolemy/actor/lib/test/auto/Expression6.xml
2 ms. Memory: 653312K Free: 443348K (68%)
----------------- Invoking toplevel() on ptolemy.moml.MoMLSimpleApplication@4f556600
----------------- Done invoking toplevel() on ptolemy.moml.MoMLSimpleApplication@4f556600
reloadAllAccessors: .Expression6

===========================================================================================
----------------- testing Mon Oct 07 05:58:58 UTC 2019 /home/travis/build/icyphy/ptII/ptolemy/actor/lib/test/auto/Expression7.xml
----------------- Instantiating /home/travis/build/icyphy/ptII/ptolemy/actor/lib/test/auto/Expression7.xml
3 ms. Memory: 653312K Free: 438228K (67%)
----------------- Invoking toplevel() on ptolemy.moml.MoMLSimpleApplication@31df02d7
----------------- Done invoking toplevel() on ptolemy.moml.MoMLSimpleApplication@31df02d7
reloadAllAccessors: .Expression7

===========================================================================================
----------------- testing Mon Oct 07 05:58:58 UTC 2019 /home/travis/build/icyphy/ptII/ptolemy/actor/lib/test/auto/Expression8.xml
----------------- Instantiating /home/travis/build/icyphy/ptII/ptolemy/actor/lib/test/auto/Expression8.xml
8 ms. Memory: 653312K Free: 433108K (66%)
----------------- Invoking toplevel() on ptolemy.moml.MoMLSimpleApplication@f7a6b40
----------------- Done invoking toplevel() on ptolemy.moml.MoMLSimpleApplication@f7a6b40
reloadAllAccessors: .Expression8

===========================================================================================
----------------- testing Mon Oct 07 05:58:58 UTC 2019 /home/travis/build/icyphy/ptII/ptolemy/actor/lib/test/auto/Expression9.xml
----------------- Instantiating /home/travis/build/icyphy/ptII/ptolemy/actor/lib/test/auto/Expression9.xml
2 ms. Memory: 653312K Free: 429012K (66%)
----------------- Invoking toplevel() on ptolemy.moml.MoMLSimpleApplication@4eac8d4d
----------------- Done invoking toplevel() on ptolemy.moml.MoMLSimpleApplication@4eac8d4d
reloadAllAccessors: .Expression9

===========================================================================================
----------------- testing Mon Oct 07 05:58:58 UTC 2019 /home/travis/build/icyphy/ptII/ptolemy/actor/lib/test/auto/ExpressionConcatenateArrayType.xml
----------------- Instantiating /home/travis/build/icyphy/ptII/ptolemy/actor/lib/test/auto/ExpressionConcatenateArrayType.xml
4 ms. Memory: 653312K Free: 422354K (65%)
----------------- Invoking toplevel() on ptolemy.moml.MoMLSimpleApplication@75a9e226
----------------- Done invoking toplevel() on ptolemy.moml.MoMLSimpleApplication@75a9e226
reloadAllAccessors: .ExpressionConcatenateArrayType

===========================================================================================
----------------- testing Mon Oct 07 05:58:58 UTC 2019 /home/travis/build/icyphy/ptII/ptolemy/actor/lib/test/auto/ExpressionConcatenateArrayType2.xml
----------------- Instantiating /home/travis/build/icyphy/ptII/ptolemy/actor/lib/test/auto/ExpressionConcatenateArrayType2.xml
2 ms. Memory: 653312K Free: 416724K (64%)
----------------- Invoking toplevel() on ptolemy.moml.MoMLSimpleApplication@74cd4360
----------------- Done invoking toplevel() on ptolemy.moml.MoMLSimpleApplication@74cd4360
reloadAllAccessors: .ExpressionConcatenateArrayType2

===========================================================================================
----------------- testing Mon Oct 07 05:58:58 UTC 2019 /home/travis/build/icyphy/ptII/ptolemy/actor/lib/test/auto/ExpressionFix.xml
----------------- Instantiating /home/travis/build/icyphy/ptII/ptolemy/actor/lib/test/auto/ExpressionFix.xml
21 ms. Memory: 653312K Free: 410580K (63%)
----------------- Invoking toplevel() on ptolemy.moml.MoMLSimpleApplication@2ef59e5a
----------------- Done invoking toplevel() on ptolemy.moml.MoMLSimpleApplication@2ef59e5a
reloadAllAccessors: .ExpressionFix

===========================================================================================
----------------- testing Mon Oct 07 05:58:58 UTC 2019 /home/travis/build/icyphy/ptII/ptolemy/actor/lib/test/auto/ExpressionFix2.xml
----------------- Instantiating /home/travis/build/icyphy/ptII/ptolemy/actor/lib/test/auto/ExpressionFix2.xml
4 ms. Memory: 653312K Free: 406484K (62%)
----------------- Invoking toplevel() on ptolemy.moml.MoMLSimpleApplication@10f03829
----------------- Done invoking toplevel() on ptolemy.moml.MoMLSimpleApplication@10f03829
reloadAllAccessors: .ExpressionFix2

===========================================================================================
----------------- testing Mon Oct 07 05:58:58 UTC 2019 /home/travis/build/icyphy/ptII/ptolemy/actor/lib/test/auto/ExpressionFix3.xml
----------------- Instantiating /home/travis/build/icyphy/ptII/ptolemy/actor/lib/test/auto/ExpressionFix3.xml
2 ms. Memory: 653312K Free: 401874K (62%)
----------------- Invoking toplevel() on ptolemy.moml.MoMLSimpleApplication@292ca5f8
----------------- Done invoking toplevel() on ptolemy.moml.MoMLSimpleApplication@292ca5f8
reloadAllAccessors: .ExpressionFix3

===========================================================================================
----------------- testing Mon Oct 07 05:58:58 UTC 2019 /home/travis/build/icyphy/ptII/ptolemy/actor/lib/test/auto/FileWriter1.xml
----------------- Instantiating /home/travis/build/icyphy/ptII/ptolemy/actor/lib/test/auto/FileWriter1.xml
2 ms. Memory: 653312K Free: 397778K (61%)
----------------- Invoking toplevel() on ptolemy.moml.MoMLSimpleApplication@77f9e1b8
----------------- Done invoking toplevel() on ptolemy.moml.MoMLSimpleApplication@77f9e1b8
reloadAllAccessors: .FileWriter1

===========================================================================================
----------------- testing Mon Oct 07 05:58:58 UTC 2019 /home/travis/build/icyphy/ptII/ptolemy/actor/lib/test/auto/FileWriter2.xml
----------------- Instantiating /home/travis/build/icyphy/ptII/ptolemy/actor/lib/test/auto/FileWriter2.xml
2 ms. Memory: 653312K Free: 393172K (60%)
----------------- Invoking toplevel() on ptolemy.moml.MoMLSimpleApplication@5d95ad95
----------------- Done invoking toplevel() on ptolemy.moml.MoMLSimpleApplication@5d95ad95
reloadAllAccessors: .FileWriter2

===========================================================================================
----------------- testing Mon Oct 07 05:58:58 UTC 2019 /home/travis/build/icyphy/ptII/ptolemy/actor/lib/test/auto/FileWriter3.xml
----------------- Instantiating /home/travis/build/icyphy/ptII/ptolemy/actor/lib/test/auto/FileWriter3.xml
4 ms. Memory: 653312K Free: 389076K (60%)
----------------- Invoking toplevel() on ptolemy.moml.MoMLSimpleApplication@65e6f686
----------------- Done invoking toplevel() on ptolemy.moml.MoMLSimpleApplication@65e6f686
reloadAllAccessors: .FileWriter3

===========================================================================================
----------------- testing Mon Oct 07 05:58:58 UTC 2019 /home/travis/build/icyphy/ptII/ptolemy/actor/lib/test/auto/Gaussian.xml
----------------- Instantiating /home/travis/build/icyphy/ptII/ptolemy/actor/lib/test/auto/Gaussian.xml
2 ms. Memory: 653312K Free: 384466K (59%)
----------------- Invoking toplevel() on ptolemy.moml.MoMLSimpleApplication@681963
----------------- Done invoking toplevel() on ptolemy.moml.MoMLSimpleApplication@681963
reloadAllAccessors: .Gaussian

===========================================================================================
----------------- testing Mon Oct 07 05:58:58 UTC 2019 /home/travis/build/icyphy/ptII/ptolemy/actor/lib/test/auto/Gaussian1.xml
----------------- Instantiating /home/travis/build/icyphy/ptII/ptolemy/actor/lib/test/auto/Gaussian1.xml
9 ms. Memory: 653312K Free: 379860K (58%)
----------------- Invoking toplevel() on ptolemy.moml.MoMLSimpleApplication@3485b065
----------------- Done invoking toplevel() on ptolemy.moml.MoMLSimpleApplication@3485b065
reloadAllAccessors: .Gaussian1

===========================================================================================
----------------- testing Mon Oct 07 05:58:58 UTC 2019 /home/travis/build/icyphy/ptII/ptolemy/actor/lib/test/auto/Gaussian2.xml
----------------- Instantiating /home/travis/build/icyphy/ptII/ptolemy/actor/lib/test/auto/Gaussian2.xml
3 ms. Memory: 653312K Free: 374212K (57%)
----------------- Invoking toplevel() on ptolemy.moml.MoMLSimpleApplication@a739d1f
----------------- Done invoking toplevel() on ptolemy.moml.MoMLSimpleApplication@a739d1f
reloadAllAccessors: .Gaussian2

===========================================================================================
----------------- testing Mon Oct 07 05:58:58 UTC 2019 /home/travis/build/icyphy/ptII/ptolemy/actor/lib/test/auto/GradientAdaptiveLattice.xml
----------------- Instantiating /home/travis/build/icyphy/ptII/ptolemy/actor/lib/test/auto/GradientAdaptiveLattice.xml
2 ms. Memory: 653312K Free: 369106K (56%)
----------------- Invoking toplevel() on ptolemy.moml.MoMLSimpleApplication@20f25029
----------------- Done invoking toplevel() on ptolemy.moml.MoMLSimpleApplication@20f25029
reloadAllAccessors: .GradientAdaptiveLattice

===========================================================================================
----------------- testing Mon Oct 07 05:58:58 UTC 2019 /home/travis/build/icyphy/ptII/ptolemy/actor/lib/test/auto/IIR.xml
----------------- Instantiating /home/travis/build/icyphy/ptII/ptolemy/actor/lib/test/auto/IIR.xml
1 ms. Memory: 653312K Free: 364500K (56%)
----------------- Invoking toplevel() on ptolemy.moml.MoMLSimpleApplication@7e791f72
----------------- Done invoking toplevel() on ptolemy.moml.MoMLSimpleApplication@7e791f72
reloadAllAccessors: .IIR

===========================================================================================
----------------- testing Mon Oct 07 05:58:58 UTC 2019 /home/travis/build/icyphy/ptII/ptolemy/actor/lib/test/auto/InputOutputTransparentPorts.xml
----------------- Instantiating /home/travis/build/icyphy/ptII/ptolemy/actor/lib/test/auto/InputOutputTransparentPorts.xml
3 ms. Memory: 653312K Free: 357332K (55%)
----------------- Invoking toplevel() on ptolemy.moml.MoMLSimpleApplication@28b52498
----------------- Done invoking toplevel() on ptolemy.moml.MoMLSimpleApplication@28b52498
reloadAllAccessors: .InputOutputTransparentPorts

===========================================================================================
----------------- testing Mon Oct 07 05:58:58 UTC 2019 /home/travis/build/icyphy/ptII/ptolemy/actor/lib/test/auto/Interpolator.xml
----------------- Instantiating /home/travis/build/icyphy/ptII/ptolemy/actor/lib/test/auto/Interpolator.xml
6 ms. Memory: 653312K Free: 352722K (54%)
----------------- Invoking toplevel() on ptolemy.moml.MoMLSimpleApplication@2fa9544d
----------------- Done invoking toplevel() on ptolemy.moml.MoMLSimpleApplication@2fa9544d
reloadAllAccessors: .Interpolator

===========================================================================================
----------------- testing Mon Oct 07 05:58:58 UTC 2019 /home/travis/build/icyphy/ptII/ptolemy/actor/lib/test/auto/InterpolatorFiringLimitDE.xml
----------------- Instantiating /home/travis/build/icyphy/ptII/ptolemy/actor/lib/test/auto/InterpolatorFiringLimitDE.xml
3 ms. Memory: 653312K Free: 346578K (53%)
----------------- Invoking toplevel() on ptolemy.moml.MoMLSimpleApplication@51f5e9fe
----------------- Done invoking toplevel() on ptolemy.moml.MoMLSimpleApplication@51f5e9fe
reloadAllAccessors: .InterpolatorFiringLimitDE

===========================================================================================
----------------- testing Mon Oct 07 05:58:58 UTC 2019 /home/travis/build/icyphy/ptII/ptolemy/actor/lib/test/auto/Lattice.xml
----------------- Instantiating /home/travis/build/icyphy/ptII/ptolemy/actor/lib/test/auto/Lattice.xml
1 ms. Memory: 653312K Free: 342482K (52%)
----------------- Invoking toplevel() on ptolemy.moml.MoMLSimpleApplication@1491de94
----------------- Done invoking toplevel() on ptolemy.moml.MoMLSimpleApplication@1491de94
reloadAllAccessors: .Lattice

===========================================================================================
----------------- testing Mon Oct 07 05:58:58 UTC 2019 /home/travis/build/icyphy/ptII/ptolemy/actor/lib/test/auto/LazyAOCTestLazy.xml
----------------- Instantiating /home/travis/build/icyphy/ptII/ptolemy/actor/lib/test/auto/LazyAOCTestLazy.xml
16 ms. Memory: 653312K Free: 336324K (51%)
----------------- Invoking toplevel() on ptolemy.moml.MoMLSimpleApplication@6405dc35
----------------- Done invoking toplevel() on ptolemy.moml.MoMLSimpleApplication@6405dc35
reloadAllAccessors: .LazyAOCTestLazy

===========================================================================================
----------------- testing Mon Oct 07 05:58:59 UTC 2019 /home/travis/build/icyphy/ptII/ptolemy/actor/lib/test/auto/LazyAOCTestNonLazy.xml
----------------- Instantiating /home/travis/build/icyphy/ptII/ptolemy/actor/lib/test/auto/LazyAOCTestNonLazy.xml
1 ms. Memory: 653312K Free: 330194K (51%)
----------------- Invoking toplevel() on ptolemy.moml.MoMLSimpleApplication@1b23d89f
----------------- Done invoking toplevel() on ptolemy.moml.MoMLSimpleApplication@1b23d89f
reloadAllAccessors: .LazyAOCTestNonLazy

===========================================================================================
----------------- testing Mon Oct 07 05:58:59 UTC 2019 /home/travis/build/icyphy/ptII/ptolemy/actor/lib/test/auto/LazyInnerClass.xml
----------------- Instantiating /home/travis/build/icyphy/ptII/ptolemy/actor/lib/test/auto/LazyInnerClass.xml
10 ms. Memory: 653312K Free: 321492K (49%)
----------------- Invoking toplevel() on ptolemy.moml.MoMLSimpleApplication@3d0f4003
----------------- Done invoking toplevel() on ptolemy.moml.MoMLSimpleApplication@3d0f4003
reloadAllAccessors: .LazyInnerClass

===========================================================================================
----------------- testing Mon Oct 07 05:58:59 UTC 2019 /home/travis/build/icyphy/ptII/ptolemy/actor/lib/test/auto/LazyPubSub.xml
----------------- Instantiating /home/travis/build/icyphy/ptII/ptolemy/actor/lib/test/auto/LazyPubSub.xml
21 ms. Memory: 653312K Free: 311762K (48%)
----------------- Invoking toplevel() on ptolemy.moml.MoMLSimpleApplication@70dc29ea
----------------- Done invoking toplevel() on ptolemy.moml.MoMLSimpleApplication@70dc29ea
reloadAllAccessors: .LazyPubSub

===========================================================================================
----------------- testing Mon Oct 07 05:58:59 UTC 2019 /home/travis/build/icyphy/ptII/ptolemy/actor/lib/test/auto/LazyPubSub2.xml
----------------- Instantiating /home/travis/build/icyphy/ptII/ptolemy/actor/lib/test/auto/LazyPubSub2.xml
26 ms. Memory: 653312K Free: 302036K (46%)
----------------- Invoking toplevel() on ptolemy.moml.MoMLSimpleApplication@df1740e
----------------- Done invoking toplevel() on ptolemy.moml.MoMLSimpleApplication@df1740e
reloadAllAccessors: .LazyPubSub2

===========================================================================================
----------------- testing Mon Oct 07 05:58:59 UTC 2019 /home/travis/build/icyphy/ptII/ptolemy/actor/lib/test/auto/LazyPubSub3.xml
----------------- Instantiating /home/travis/build/icyphy/ptII/ptolemy/actor/lib/test/auto/LazyPubSub3.xml
29 ms. Memory: 653312K Free: 291796K (45%)
----------------- Invoking toplevel() on ptolemy.moml.MoMLSimpleApplication@35d7633
----------------- Done invoking toplevel() on ptolemy.moml.MoMLSimpleApplication@35d7633
reloadAllAccessors: .LazyPubSub3

===========================================================================================
----------------- testing Mon Oct 07 05:58:59 UTC 2019 /home/travis/build/icyphy/ptII/ptolemy/actor/lib/test/auto/LazySubClassModel.xml
----------------- Instantiating /home/travis/build/icyphy/ptII/ptolemy/actor/lib/test/auto/LazySubClassModel.xml
2 ms. Memory: 653312K Free: 282066K (43%)
----------------- Invoking toplevel() on ptolemy.moml.MoMLSimpleApplication@39b9037
----------------- Done invoking toplevel() on ptolemy.moml.MoMLSimpleApplication@39b9037
reloadAllAccessors: .LazySubClassModel

===========================================================================================
----------------- testing Mon Oct 07 05:58:59 UTC 2019 /home/travis/build/icyphy/ptII/ptolemy/actor/lib/test/auto/LevelCrossTest1.xml
----------------- Instantiating /home/travis/build/icyphy/ptII/ptolemy/actor/lib/test/auto/LevelCrossTest1.xml
2 ms. Memory: 653312K Free: 276436K (42%)
----------------- Invoking toplevel() on ptolemy.moml.MoMLSimpleApplication@2300dd72
----------------- Done invoking toplevel() on ptolemy.moml.MoMLSimpleApplication@2300dd72
reloadAllAccessors: .broken

===========================================================================================
----------------- testing Mon Oct 07 05:58:59 UTC 2019 /home/travis/build/icyphy/ptII/ptolemy/actor/lib/test/auto/LevelCrossTest10.xml
----------------- Instantiating /home/travis/build/icyphy/ptII/ptolemy/actor/lib/test/auto/LevelCrossTest10.xml
1 ms. Memory: 653312K Free: 268754K (41%)
----------------- Invoking toplevel() on ptolemy.moml.MoMLSimpleApplication@283154ef
----------------- Done invoking toplevel() on ptolemy.moml.MoMLSimpleApplication@283154ef
reloadAllAccessors: .LevelCrossTest10

===========================================================================================
----------------- testing Mon Oct 07 05:58:59 UTC 2019 /home/travis/build/icyphy/ptII/ptolemy/actor/lib/test/auto/LevelCrossTest11.xml
----------------- Instantiating /home/travis/build/icyphy/ptII/ptolemy/actor/lib/test/auto/LevelCrossTest11.xml
2 ms. Memory: 653312K Free: 261586K (40%)
----------------- Invoking toplevel() on ptolemy.moml.MoMLSimpleApplication@2f4a8d8a
----------------- Done invoking toplevel() on ptolemy.moml.MoMLSimpleApplication@2f4a8d8a
reloadAllAccessors: .LevelCrossTest11

===========================================================================================
----------------- testing Mon Oct 07 05:58:59 UTC 2019 /home/travis/build/icyphy/ptII/ptolemy/actor/lib/test/auto/LevelCrossTest12.xml
----------------- Instantiating /home/travis/build/icyphy/ptII/ptolemy/actor/lib/test/auto/LevelCrossTest12.xml
1 ms. Memory: 653312K Free: 254932K (39%)
----------------- Invoking toplevel() on ptolemy.moml.MoMLSimpleApplication@4eb06f4b
----------------- Done invoking toplevel() on ptolemy.moml.MoMLSimpleApplication@4eb06f4b
reloadAllAccessors: .LevelCrossTest12

===========================================================================================
----------------- testing Mon Oct 07 05:58:59 UTC 2019 /home/travis/build/icyphy/ptII/ptolemy/actor/lib/test/auto/LevelCrossTest13.xml
----------------- Instantiating /home/travis/build/icyphy/ptII/ptolemy/actor/lib/test/auto/LevelCrossTest13.xml
1 ms. Memory: 653312K Free: 247764K (38%)
----------------- Invoking toplevel() on ptolemy.moml.MoMLSimpleApplication@548ef1fd
----------------- Done invoking toplevel() on ptolemy.moml.MoMLSimpleApplication@548ef1fd
reloadAllAccessors: .LevelCrossTest13

===========================================================================================
----------------- testing Mon Oct 07 05:58:59 UTC 2019 /home/travis/build/icyphy/ptII/ptolemy/actor/lib/test/auto/LevelCrossTest2.xml
----------------- Instantiating /home/travis/build/icyphy/ptII/ptolemy/actor/lib/test/auto/LevelCrossTest2.xml
1 ms. Memory: 653312K Free: 242644K (37%)
----------------- Invoking toplevel() on ptolemy.moml.MoMLSimpleApplication@14d3d715
----------------- Done invoking toplevel() on ptolemy.moml.MoMLSimpleApplication@14d3d715
reloadAllAccessors: .broken

===========================================================================================
----------------- testing Mon Oct 07 05:58:59 UTC 2019 /home/travis/build/icyphy/ptII/ptolemy/actor/lib/test/auto/LevelCrossTest3.xml
----------------- Instantiating /home/travis/build/icyphy/ptII/ptolemy/actor/lib/test/auto/LevelCrossTest3.xml
1 ms. Memory: 653312K Free: 236500K (36%)
----------------- Invoking toplevel() on ptolemy.moml.MoMLSimpleApplication@3bdbae7f
----------------- Done invoking toplevel() on ptolemy.moml.MoMLSimpleApplication@3bdbae7f
reloadAllAccessors: .LevelCrossTest3

===========================================================================================
----------------- testing Mon Oct 07 05:58:59 UTC 2019 /home/travis/build/icyphy/ptII/ptolemy/actor/lib/test/auto/LevelCrossTest4.xml
----------------- Instantiating /home/travis/build/icyphy/ptII/ptolemy/actor/lib/test/auto/LevelCrossTest4.xml
2 ms. Memory: 653312K Free: 230866K (35%)
----------------- Invoking toplevel() on ptolemy.moml.MoMLSimpleApplication@4f5feccd
----------------- Done invoking toplevel() on ptolemy.moml.MoMLSimpleApplication@4f5feccd
reloadAllAccessors: .broken

===========================================================================================
----------------- testing Mon Oct 07 05:58:59 UTC 2019 /home/travis/build/icyphy/ptII/ptolemy/actor/lib/test/auto/LevelCrossTest5.xml
----------------- Instantiating /home/travis/build/icyphy/ptII/ptolemy/actor/lib/test/auto/LevelCrossTest5.xml
4 ms. Memory: 653312K Free: 224212K (34%)
----------------- Invoking toplevel() on ptolemy.moml.MoMLSimpleApplication@1c9d892d
----------------- Done invoking toplevel() on ptolemy.moml.MoMLSimpleApplication@1c9d892d
reloadAllAccessors: .LevelCrossTest5

===========================================================================================
----------------- testing Mon Oct 07 05:58:59 UTC 2019 /home/travis/build/icyphy/ptII/ptolemy/actor/lib/test/auto/LevelCrossTest6.xml
----------------- Instantiating /home/travis/build/icyphy/ptII/ptolemy/actor/lib/test/auto/LevelCrossTest6.xml
2 ms. Memory: 653312K Free: 598766K (92%)
----------------- Invoking toplevel() on ptolemy.moml.MoMLSimpleApplication@47f66d20
----------------- Done invoking toplevel() on ptolemy.moml.MoMLSimpleApplication@47f66d20
reloadAllAccessors: .LevelCrossTest6

===========================================================================================
----------------- testing Mon Oct 07 05:58:59 UTC 2019 /home/travis/build/icyphy/ptII/ptolemy/actor/lib/test/auto/LevelCrossTest7.xml
----------------- Instantiating /home/travis/build/icyphy/ptII/ptolemy/actor/lib/test/auto/LevelCrossTest7.xml
2 ms. Memory: 653312K Free: 591088K (90%)
----------------- Invoking toplevel() on ptolemy.moml.MoMLSimpleApplication@3bc776e9
----------------- Done invoking toplevel() on ptolemy.moml.MoMLSimpleApplication@3bc776e9
reloadAllAccessors: .LevelCrossTest7

===========================================================================================
----------------- testing Mon Oct 07 05:58:59 UTC 2019 /home/travis/build/icyphy/ptII/ptolemy/actor/lib/test/auto/LevelCrossTest8.xml
----------------- Instantiating /home/travis/build/icyphy/ptII/ptolemy/actor/lib/test/auto/LevelCrossTest8.xml
1 ms. Memory: 653312K Free: 584430K (89%)
----------------- Invoking toplevel() on ptolemy.moml.MoMLSimpleApplication@2e634652
----------------- Done invoking toplevel() on ptolemy.moml.MoMLSimpleApplication@2e634652
reloadAllAccessors: .LevelCrossTest8

===========================================================================================
----------------- testing Mon Oct 07 05:58:59 UTC 2019 /home/travis/build/icyphy/ptII/ptolemy/actor/lib/test/auto/LevelCrossTest9.xml
----------------- Instantiating /home/travis/build/icyphy/ptII/ptolemy/actor/lib/test/auto/LevelCrossTest9.xml
2 ms. Memory: 653312K Free: 577776K (88%)
----------------- Invoking toplevel() on ptolemy.moml.MoMLSimpleApplication@6b9dce6b
----------------- Done invoking toplevel() on ptolemy.moml.MoMLSimpleApplication@6b9dce6b
reloadAllAccessors: .LevelCrossTest9

===========================================================================================
----------------- testing Mon Oct 07 05:58:59 UTC 2019 /home/travis/build/icyphy/ptII/ptolemy/actor/lib/test/auto/LevinsonDurbin.xml
----------------- Instantiating /home/travis/build/icyphy/ptII/ptolemy/actor/lib/test/auto/LevinsonDurbin.xml
1 ms. Memory: 653312K Free: 573680K (88%)
----------------- Invoking toplevel() on ptolemy.moml.MoMLSimpleApplication@5a0fed4a
----------------- Done invoking toplevel() on ptolemy.moml.MoMLSimpleApplication@5a0fed4a
reloadAllAccessors: .LevinsonDurbin

===========================================================================================
----------------- testing Mon Oct 07 05:58:59 UTC 2019 /home/travis/build/icyphy/ptII/ptolemy/actor/lib/test/auto/LevinsonDurbin2.xml
----------------- Instantiating /home/travis/build/icyphy/ptII/ptolemy/actor/lib/test/auto/LevinsonDurbin2.xml
2 ms. Memory: 653312K Free: 569584K (87%)
----------------- Invoking toplevel() on ptolemy.moml.MoMLSimpleApplication@5e56df15
----------------- Done invoking toplevel() on ptolemy.moml.MoMLSimpleApplication@5e56df15
reloadAllAccessors: .LevinsonDurbin2

===========================================================================================
----------------- testing Mon Oct 07 05:58:59 UTC 2019 /home/travis/build/icyphy/ptII/ptolemy/actor/lib/test/auto/LevinsonDurbin3.xml
----------------- Instantiating /home/travis/build/icyphy/ptII/ptolemy/actor/lib/test/auto/LevinsonDurbin3.xml
2 ms. Memory: 653312K Free: 565488K (87%)
----------------- Invoking toplevel() on ptolemy.moml.MoMLSimpleApplication@2e4cc54c
----------------- Done invoking toplevel() on ptolemy.moml.MoMLSimpleApplication@2e4cc54c
reloadAllAccessors: .LevinsonDurbin3

===========================================================================================
----------------- testing Mon Oct 07 05:58:59 UTC 2019 /home/travis/build/icyphy/ptII/ptolemy/actor/lib/test/auto/Limiter.xml
----------------- Instantiating /home/travis/build/icyphy/ptII/ptolemy/actor/lib/test/auto/Limiter.xml
4 ms. Memory: 653312K Free: 556272K (85%)
----------------- Invoking toplevel() on ptolemy.moml.MoMLSimpleApplication@5a6c99b6
----------------- Done invoking toplevel() on ptolemy.moml.MoMLSimpleApplication@5a6c99b6
reloadAllAccessors: .Limiter

===========================================================================================
----------------- testing Mon Oct 07 05:58:59 UTC 2019 /home/travis/build/icyphy/ptII/ptolemy/actor/lib/test/auto/LinearDifferenceEquationSystem.xml
----------------- Instantiating /home/travis/build/icyphy/ptII/ptolemy/actor/lib/test/auto/LinearDifferenceEquationSystem.xml
15 ms. Memory: 653312K Free: 549104K (84%)
----------------- Invoking toplevel() on ptolemy.moml.MoMLSimpleApplication@2b617a8e
----------------- Done invoking toplevel() on ptolemy.moml.MoMLSimpleApplication@2b617a8e
reloadAllAccessors: .LinearDifferenceEquationSystem

===========================================================================================
----------------- testing Mon Oct 07 05:58:59 UTC 2019 /home/travis/build/icyphy/ptII/ptolemy/actor/lib/test/auto/LookupTable.xml
----------------- Instantiating /home/travis/build/icyphy/ptII/ptolemy/actor/lib/test/auto/LookupTable.xml
2 ms. Memory: 653312K Free: 544494K (83%)
----------------- Invoking toplevel() on ptolemy.moml.MoMLSimpleApplication@7d689daf
----------------- Done invoking toplevel() on ptolemy.moml.MoMLSimpleApplication@7d689daf
reloadAllAccessors: .LookupTable

===========================================================================================
----------------- testing Mon Oct 07 05:58:59 UTC 2019 /home/travis/build/icyphy/ptII/ptolemy/actor/lib/test/auto/MathFunction.xml
----------------- Instantiating /home/travis/build/icyphy/ptII/ptolemy/actor/lib/test/auto/MathFunction.xml
3 ms. Memory: 653312K Free: 536302K (82%)
----------------- Invoking toplevel() on ptolemy.moml.MoMLSimpleApplication@ccb841e
----------------- Done invoking toplevel() on ptolemy.moml.MoMLSimpleApplication@ccb841e
reloadAllAccessors: .MathFunction

===========================================================================================
----------------- testing Mon Oct 07 05:58:59 UTC 2019 /home/travis/build/icyphy/ptII/ptolemy/actor/lib/test/auto/MathFunction2.xml
----------------- Instantiating /home/travis/build/icyphy/ptII/ptolemy/actor/lib/test/auto/MathFunction2.xml
5 ms. Memory: 653312K Free: 532206K (81%)
----------------- Invoking toplevel() on ptolemy.moml.MoMLSimpleApplication@22ecc5be
----------------- Done invoking toplevel() on ptolemy.moml.MoMLSimpleApplication@22ecc5be
reloadAllAccessors: .MathFunction2

===========================================================================================
----------------- testing Mon Oct 07 05:58:59 UTC 2019 /home/travis/build/icyphy/ptII/ptolemy/actor/lib/test/auto/MathFunction3.xml
----------------- Instantiating /home/travis/build/icyphy/ptII/ptolemy/actor/lib/test/auto/MathFunction3.xml
2 ms. Memory: 653312K Free: 525038K (80%)
----------------- Invoking toplevel() on ptolemy.moml.MoMLSimpleApplication@49a37ac9
----------------- Done invoking toplevel() on ptolemy.moml.MoMLSimpleApplication@49a37ac9
reloadAllAccessors: .MathFunction3

===========================================================================================
----------------- testing Mon Oct 07 05:58:59 UTC 2019 /home/travis/build/icyphy/ptII/ptolemy/actor/lib/test/auto/MatrixCropBoolean.xml
----------------- Instantiating /home/travis/build/icyphy/ptII/ptolemy/actor/lib/test/auto/MatrixCropBoolean.xml
2 ms. Memory: 653312K Free: 519912K (80%)
----------------- Invoking toplevel() on ptolemy.moml.MoMLSimpleApplication@5b63798a
----------------- Done invoking toplevel() on ptolemy.moml.MoMLSimpleApplication@5b63798a
reloadAllAccessors: .MatrixCropBoolean

===========================================================================================
----------------- testing Mon Oct 07 05:58:59 UTC 2019 /home/travis/build/icyphy/ptII/ptolemy/actor/lib/test/auto/MatrixCropComplex.xml
----------------- Instantiating /home/travis/build/icyphy/ptII/ptolemy/actor/lib/test/auto/MatrixCropComplex.xml
2 ms. Memory: 653312K Free: 514768K (79%)
----------------- Invoking toplevel() on ptolemy.moml.MoMLSimpleApplication@48ddc632
----------------- Done invoking toplevel() on ptolemy.moml.MoMLSimpleApplication@48ddc632
reloadAllAccessors: .MatrixCropComplex

===========================================================================================
----------------- testing Mon Oct 07 05:58:59 UTC 2019 /home/travis/build/icyphy/ptII/ptolemy/actor/lib/test/auto/MatrixCropDouble.xml
----------------- Instantiating /home/travis/build/icyphy/ptII/ptolemy/actor/lib/test/auto/MatrixCropDouble.xml
2 ms. Memory: 653312K Free: 509664K (78%)
----------------- Invoking toplevel() on ptolemy.moml.MoMLSimpleApplication@727294af
----------------- Done invoking toplevel() on ptolemy.moml.MoMLSimpleApplication@727294af
reloadAllAccessors: .MatrixCropDouble

===========================================================================================
----------------- testing Mon Oct 07 05:58:59 UTC 2019 /home/travis/build/icyphy/ptII/ptolemy/actor/lib/test/auto/MatrixCropFix.xml
----------------- Instantiating /home/travis/build/icyphy/ptII/ptolemy/actor/lib/test/auto/MatrixCropFix.xml
4 ms. Memory: 653312K Free: 504552K (77%)
----------------- Invoking toplevel() on ptolemy.moml.MoMLSimpleApplication@7cadaa64
----------------- Done invoking toplevel() on ptolemy.moml.MoMLSimpleApplication@7cadaa64
reloadAllAccessors: .MatrixCropFix

===========================================================================================
----------------- testing Mon Oct 07 05:58:59 UTC 2019 /home/travis/build/icyphy/ptII/ptolemy/actor/lib/test/auto/MatrixCropInt.xml
----------------- Instantiating /home/travis/build/icyphy/ptII/ptolemy/actor/lib/test/auto/MatrixCropInt.xml
6 ms. Memory: 653312K Free: 499952K (77%)
----------------- Invoking toplevel() on ptolemy.moml.MoMLSimpleApplication@44b45fbe
----------------- Done invoking toplevel() on ptolemy.moml.MoMLSimpleApplication@44b45fbe
reloadAllAccessors: .MatrixCropInt

===========================================================================================
----------------- testing Mon Oct 07 05:58:59 UTC 2019 /home/travis/build/icyphy/ptII/ptolemy/actor/lib/test/auto/MatrixCropLong.xml
----------------- Instantiating /home/travis/build/icyphy/ptII/ptolemy/actor/lib/test/auto/MatrixCropLong.xml
2 ms. Memory: 653312K Free: 494832K (76%)
----------------- Invoking toplevel() on ptolemy.moml.MoMLSimpleApplication@5a2c1bc
----------------- Done invoking toplevel() on ptolemy.moml.MoMLSimpleApplication@5a2c1bc
reloadAllAccessors: .MatrixCropLong

===========================================================================================
----------------- testing Mon Oct 07 05:58:59 UTC 2019 /home/travis/build/icyphy/ptII/ptolemy/actor/lib/test/auto/MatrixToArray.xml
----------------- Instantiating /home/travis/build/icyphy/ptII/ptolemy/actor/lib/test/auto/MatrixToArray.xml
7 ms. Memory: 653312K Free: 479472K (73%)
----------------- Invoking toplevel() on ptolemy.moml.MoMLSimpleApplication@3744562a
----------------- Done invoking toplevel() on ptolemy.moml.MoMLSimpleApplication@3744562a
reloadAllAccessors: .MatrixToArray

===========================================================================================
----------------- testing Mon Oct 07 05:58:59 UTC 2019 /home/travis/build/icyphy/ptII/ptolemy/actor/lib/test/auto/MaxIndex.xml
----------------- Instantiating /home/travis/build/icyphy/ptII/ptolemy/actor/lib/test/auto/MaxIndex.xml
2 ms. Memory: 653312K Free: 474352K (73%)
----------------- Invoking toplevel() on ptolemy.moml.MoMLSimpleApplication@4ad40ea7
----------------- Done invoking toplevel() on ptolemy.moml.MoMLSimpleApplication@4ad40ea7
reloadAllAccessors: .MaxIndex

===========================================================================================
----------------- testing Mon Oct 07 05:59:00 UTC 2019 /home/travis/build/icyphy/ptII/ptolemy/actor/lib/test/auto/Maximum.xml
----------------- Instantiating /home/travis/build/icyphy/ptII/ptolemy/actor/lib/test/auto/Maximum.xml
2 ms. Memory: 653312K Free: 467664K (72%)
----------------- Invoking toplevel() on ptolemy.moml.MoMLSimpleApplication@46d8f32c
----------------- Done invoking toplevel() on ptolemy.moml.MoMLSimpleApplication@46d8f32c
reloadAllAccessors: .Maximum

===========================================================================================
----------------- testing Mon Oct 07 05:59:00 UTC 2019 /home/travis/build/icyphy/ptII/ptolemy/actor/lib/test/auto/MaximumComplex.xml
----------------- Instantiating /home/travis/build/icyphy/ptII/ptolemy/actor/lib/test/auto/MaximumComplex.xml
5 ms. Memory: 653312K Free: 461536K (71%)
----------------- Invoking toplevel() on ptolemy.moml.MoMLSimpleApplication@3114e54e
----------------- Done invoking toplevel() on ptolemy.moml.MoMLSimpleApplication@3114e54e
reloadAllAccessors: .MaximumComplex

===========================================================================================
----------------- testing Mon Oct 07 05:59:00 UTC 2019 /home/travis/build/icyphy/ptII/ptolemy/actor/lib/test/auto/MethodCallTest.xml
----------------- Instantiating /home/travis/build/icyphy/ptII/ptolemy/actor/lib/test/auto/MethodCallTest.xml
3 ms. Memory: 653312K Free: 454896K (70%)
----------------- Invoking toplevel() on ptolemy.moml.MoMLSimpleApplication@54c5f412
----------------- Done invoking toplevel() on ptolemy.moml.MoMLSimpleApplication@54c5f412
reloadAllAccessors: .MethodCallTest

===========================================================================================
----------------- testing Mon Oct 07 05:59:00 UTC 2019 /home/travis/build/icyphy/ptII/ptolemy/actor/lib/test/auto/Minimum.xml
----------------- Instantiating /home/travis/build/icyphy/ptII/ptolemy/actor/lib/test/auto/Minimum.xml
3 ms. Memory: 653312K Free: 448752K (69%)
----------------- Invoking toplevel() on ptolemy.moml.MoMLSimpleApplication@4b3518d9
----------------- Done invoking toplevel() on ptolemy.moml.MoMLSimpleApplication@4b3518d9
reloadAllAccessors: .Minimum

===========================================================================================
----------------- testing Mon Oct 07 05:59:00 UTC 2019 /home/travis/build/icyphy/ptII/ptolemy/actor/lib/test/auto/MinimumComplex.xml
----------------- Instantiating /home/travis/build/icyphy/ptII/ptolemy/actor/lib/test/auto/MinimumComplex.xml
3 ms. Memory: 653312K Free: 442608K (68%)
----------------- Invoking toplevel() on ptolemy.moml.MoMLSimpleApplication@7b9a87dd
----------------- Done invoking toplevel() on ptolemy.moml.MoMLSimpleApplication@7b9a87dd
reloadAllAccessors: .MinimumComplex

===========================================================================================
----------------- testing Mon Oct 07 05:59:00 UTC 2019 /home/travis/build/icyphy/ptII/ptolemy/actor/lib/test/auto/MinimumMultiports.xml
----------------- Instantiating /home/travis/build/icyphy/ptII/ptolemy/actor/lib/test/auto/MinimumMultiports.xml
4 ms. Memory: 653312K Free: 433896K (66%)
----------------- Invoking toplevel() on ptolemy.moml.MoMLSimpleApplication@3aa6e375
----------------- Done invoking toplevel() on ptolemy.moml.MoMLSimpleApplication@3aa6e375
reloadAllAccessors: .MinimumMultiports

===========================================================================================
----------------- testing Mon Oct 07 05:59:00 UTC 2019 /home/travis/build/icyphy/ptII/ptolemy/actor/lib/test/auto/ModifyDate.xml
----------------- Instantiating /home/travis/build/icyphy/ptII/ptolemy/actor/lib/test/auto/ModifyDate.xml
10 ms. Memory: 653312K Free: 421104K (64%)
----------------- Invoking toplevel() on ptolemy.moml.MoMLSimpleApplication@5e011253
----------------- Done invoking toplevel() on ptolemy.moml.MoMLSimpleApplication@5e011253
reloadAllAccessors: .ModifyDate

===========================================================================================
----------------- testing Mon Oct 07 05:59:00 UTC 2019 /home/travis/build/icyphy/ptII/ptolemy/actor/lib/test/auto/ModifyDate2.xml
----------------- Instantiating /home/travis/build/icyphy/ptII/ptolemy/actor/lib/test/auto/ModifyDate2.xml
3 ms. Memory: 653312K Free: 412398K (63%)
----------------- Invoking toplevel() on ptolemy.moml.MoMLSimpleApplication@67f9423c
----------------- Done invoking toplevel() on ptolemy.moml.MoMLSimpleApplication@67f9423c
reloadAllAccessors: .ModifyDate2

===========================================================================================
----------------- testing Mon Oct 07 05:59:00 UTC 2019 /home/travis/build/icyphy/ptII/ptolemy/actor/lib/test/auto/MovingAverage.xml
----------------- Instantiating /home/travis/build/icyphy/ptII/ptolemy/actor/lib/test/auto/MovingAverage.xml
2 ms. Memory: 653312K Free: 407278K (62%)
----------------- Invoking toplevel() on ptolemy.moml.MoMLSimpleApplication@5e4af62b
----------------- Done invoking toplevel() on ptolemy.moml.MoMLSimpleApplication@5e4af62b
reloadAllAccessors: .MovingAverage

===========================================================================================
----------------- testing Mon Oct 07 05:59:00 UTC 2019 /home/travis/build/icyphy/ptII/ptolemy/actor/lib/test/auto/MovingMaximum.xml
----------------- Instantiating /home/travis/build/icyphy/ptII/ptolemy/actor/lib/test/auto/MovingMaximum.xml
8 ms. Memory: 653312K Free: 402672K (62%)
----------------- Invoking toplevel() on ptolemy.moml.MoMLSimpleApplication@146a1c7a
----------------- Done invoking toplevel() on ptolemy.moml.MoMLSimpleApplication@146a1c7a
reloadAllAccessors: .MovingMaximum

===========================================================================================
----------------- testing Mon Oct 07 05:59:00 UTC 2019 /home/travis/build/icyphy/ptII/ptolemy/actor/lib/test/auto/MultipleLinksToSameRelation.xml
----------------- Instantiating /home/travis/build/icyphy/ptII/ptolemy/actor/lib/test/auto/MultipleLinksToSameRelation.xml
2 ms. Memory: 653312K Free: 398576K (61%)
----------------- Invoking toplevel() on ptolemy.moml.MoMLSimpleApplication@37d82a25
----------------- Done invoking toplevel() on ptolemy.moml.MoMLSimpleApplication@37d82a25
reloadAllAccessors: .MultipleLinksToSameRelation

===========================================================================================
----------------- testing Mon Oct 07 05:59:00 UTC 2019 /home/travis/build/icyphy/ptII/ptolemy/actor/lib/test/auto/MultipleLinksToSameRelationDE.xml
----------------- Instantiating /home/travis/build/icyphy/ptII/ptolemy/actor/lib/test/auto/MultipleLinksToSameRelationDE.xml
5 ms. Memory: 653312K Free: 393936K (60%)
----------------- Invoking toplevel() on ptolemy.moml.MoMLSimpleApplication@231aa19c
----------------- Done invoking toplevel() on ptolemy.moml.MoMLSimpleApplication@231aa19c
reloadAllAccessors: .MultipleLinksToSameRelationDE

===========================================================================================
----------------- testing Mon Oct 07 05:59:00 UTC 2019 /home/travis/build/icyphy/ptII/ptolemy/actor/lib/test/auto/Multiplexor.xml
----------------- Instantiating /home/travis/build/icyphy/ptII/ptolemy/actor/lib/test/auto/Multiplexor.xml
3 ms. Memory: 653312K Free: 388336K (59%)
----------------- Invoking toplevel() on ptolemy.moml.MoMLSimpleApplication@e8ae6c4
----------------- Done invoking toplevel() on ptolemy.moml.MoMLSimpleApplication@e8ae6c4
reloadAllAccessors: .Multiplexor

===========================================================================================
----------------- testing Mon Oct 07 05:59:00 UTC 2019 /home/travis/build/icyphy/ptII/ptolemy/actor/lib/test/auto/Multiplexor1.xml
----------------- Instantiating /home/travis/build/icyphy/ptII/ptolemy/actor/lib/test/auto/Multiplexor1.xml
2 ms. Memory: 653312K Free: 382672K (59%)
----------------- Invoking toplevel() on ptolemy.moml.MoMLSimpleApplication@3c69349d
----------------- Done invoking toplevel() on ptolemy.moml.MoMLSimpleApplication@3c69349d
reloadAllAccessors: .Multiplexor1

===========================================================================================
----------------- testing Mon Oct 07 05:59:00 UTC 2019 /home/travis/build/icyphy/ptII/ptolemy/actor/lib/test/auto/Multiplexor2.xml
----------------- Instantiating /home/travis/build/icyphy/ptII/ptolemy/actor/lib/test/auto/Multiplexor2.xml
3 ms. Memory: 653312K Free: 376048K (58%)
----------------- Invoking toplevel() on ptolemy.moml.MoMLSimpleApplication@7011cf1d
----------------- Done invoking toplevel() on ptolemy.moml.MoMLSimpleApplication@7011cf1d
reloadAllAccessors: .Multiplexor2

===========================================================================================
----------------- testing Mon Oct 07 05:59:00 UTC 2019 /home/travis/build/icyphy/ptII/ptolemy/actor/lib/test/auto/Multiplexor3.xml
----------------- Instantiating /home/travis/build/icyphy/ptII/ptolemy/actor/lib/test/auto/Multiplexor3.xml
4 ms. Memory: 653312K Free: 371952K (57%)
----------------- Invoking toplevel() on ptolemy.moml.MoMLSimpleApplication@2a4a5ce0
----------------- Done invoking toplevel() on ptolemy.moml.MoMLSimpleApplication@2a4a5ce0
reloadAllAccessors: .Multiplexor3

===========================================================================================
----------------- testing Mon Oct 07 05:59:00 UTC 2019 /home/travis/build/icyphy/ptII/ptolemy/actor/lib/test/auto/MultiplexorDE.xml
----------------- Instantiating /home/travis/build/icyphy/ptII/ptolemy/actor/lib/test/auto/MultiplexorDE.xml
2 ms. Memory: 653312K Free: 364240K (56%)
----------------- Invoking toplevel() on ptolemy.moml.MoMLSimpleApplication@185b1dfc
----------------- Done invoking toplevel() on ptolemy.moml.MoMLSimpleApplication@185b1dfc
reloadAllAccessors: .MultiplexorDE

===========================================================================================
----------------- testing Mon Oct 07 05:59:00 UTC 2019 /home/travis/build/icyphy/ptII/ptolemy/actor/lib/test/auto/MultiportBroadcastTest.xml
----------------- Instantiating /home/travis/build/icyphy/ptII/ptolemy/actor/lib/test/auto/MultiportBroadcastTest.xml
92 ms. Memory: 653312K Free: 358120K (55%)
----------------- Invoking toplevel() on ptolemy.moml.MoMLSimpleApplication@132927a9
----------------- Done invoking toplevel() on ptolemy.moml.MoMLSimpleApplication@132927a9
reloadAllAccessors: .MultiportBroadcastTest

===========================================================================================
----------------- testing Mon Oct 07 05:59:00 UTC 2019 /home/travis/build/icyphy/ptII/ptolemy/actor/lib/test/auto/MultiportOutHangDuringGetWidth.xml
----------------- Instantiating /home/travis/build/icyphy/ptII/ptolemy/actor/lib/test/auto/MultiportOutHangDuringGetWidth.xml
6 ms. Memory: 653312K Free: 345824K (53%)
----------------- Invoking toplevel() on ptolemy.moml.MoMLSimpleApplication@22ecdc66
----------------- Done invoking toplevel() on ptolemy.moml.MoMLSimpleApplication@22ecdc66
reloadAllAccessors: .MultiportOutHangDuringGetWidth

===========================================================================================
----------------- testing Mon Oct 07 05:59:00 UTC 2019 /home/travis/build/icyphy/ptII/ptolemy/actor/lib/test/auto/NilToken.xml
----------------- Instantiating /home/travis/build/icyphy/ptII/ptolemy/actor/lib/test/auto/NilToken.xml
1 ms. Memory: 653312K Free: 341742K (52%)
----------------- Invoking toplevel() on ptolemy.moml.MoMLSimpleApplication@1038222f
----------------- Done invoking toplevel() on ptolemy.moml.MoMLSimpleApplication@1038222f
reloadAllAccessors: .NilToken

===========================================================================================
----------------- testing Mon Oct 07 05:59:00 UTC 2019 /home/travis/build/icyphy/ptII/ptolemy/actor/lib/test/auto/NilTokenNonStrictTest.xml
----------------- Instantiating /home/travis/build/icyphy/ptII/ptolemy/actor/lib/test/auto/NilTokenNonStrictTest.xml
1 ms. Memory: 653312K Free: 336622K (52%)
----------------- Invoking toplevel() on ptolemy.moml.MoMLSimpleApplication@9ee365
----------------- Done invoking toplevel() on ptolemy.moml.MoMLSimpleApplication@9ee365
reloadAllAccessors: .NilTokenNonStrictTest

===========================================================================================
----------------- testing Mon Oct 07 05:59:00 UTC 2019 /home/travis/build/icyphy/ptII/ptolemy/actor/lib/test/auto/NilTokenRecord.xml
----------------- Instantiating /home/travis/build/icyphy/ptII/ptolemy/actor/lib/test/auto/NilTokenRecord.xml
10 ms. Memory: 653312K Free: 329968K (51%)
----------------- Invoking toplevel() on ptolemy.moml.MoMLSimpleApplication@5140aed4
----------------- Done invoking toplevel() on ptolemy.moml.MoMLSimpleApplication@5140aed4
reloadAllAccessors: .NilTokenRecord

===========================================================================================
----------------- testing Mon Oct 07 05:59:00 UTC 2019 /home/travis/build/icyphy/ptII/ptolemy/actor/lib/test/auto/NilTokenTypeTest.xml
----------------- Instantiating /home/travis/build/icyphy/ptII/ptolemy/actor/lib/test/auto/NilTokenTypeTest.xml
10 ms. Memory: 653312K Free: 320238K (49%)
----------------- Invoking toplevel() on ptolemy.moml.MoMLSimpleApplication@1f4551db
----------------- Done invoking toplevel() on ptolemy.moml.MoMLSimpleApplication@1f4551db
reloadAllAccessors: .NilTokenTypeTest

===========================================================================================
----------------- testing Mon Oct 07 05:59:00 UTC 2019 /home/travis/build/icyphy/ptII/ptolemy/actor/lib/test/auto/ObjectToken1.xml
----------------- Instantiating /home/travis/build/icyphy/ptII/ptolemy/actor/lib/test/auto/ObjectToken1.xml
3 ms. Memory: 653312K Free: 316142K (48%)
----------------- Invoking toplevel() on ptolemy.moml.MoMLSimpleApplication@589fba1f
----------------- Done invoking toplevel() on ptolemy.moml.MoMLSimpleApplication@589fba1f
reloadAllAccessors: .ObjectToken1

===========================================================================================
----------------- testing Mon Oct 07 05:59:00 UTC 2019 /home/travis/build/icyphy/ptII/ptolemy/actor/lib/test/auto/OrderedMerge.xml
----------------- Instantiating /home/travis/build/icyphy/ptII/ptolemy/actor/lib/test/auto/OrderedMerge.xml
16 ms. Memory: 653312K Free: 310512K (48%)
----------------- Invoking toplevel() on ptolemy.moml.MoMLSimpleApplication@1e0a1508
----------------- Done invoking toplevel() on ptolemy.moml.MoMLSimpleApplication@1e0a1508
reloadAllAccessors: .OrderedMerge

===========================================================================================
----------------- testing Mon Oct 07 05:59:00 UTC 2019 /home/travis/build/icyphy/ptII/ptolemy/actor/lib/test/auto/OrderedRecordDisassembler.xml
----------------- Instantiating /home/travis/build/icyphy/ptII/ptolemy/actor/lib/test/auto/OrderedRecordDisassembler.xml
3 ms. Memory: 653312K Free: 304848K (47%)
----------------- Invoking toplevel() on ptolemy.moml.MoMLSimpleApplication@2689c07b
----------------- Done invoking toplevel() on ptolemy.moml.MoMLSimpleApplication@2689c07b
reloadAllAccessors: .OrderedRecordDisassembler

===========================================================================================
----------------- testing Mon Oct 07 05:59:00 UTC 2019 /home/travis/build/icyphy/ptII/ptolemy/actor/lib/test/auto/OrderedRecordDisassembler2.xml
----------------- Instantiating /home/travis/build/icyphy/ptII/ptolemy/actor/lib/test/auto/OrderedRecordDisassembler2.xml
4 ms. Memory: 653312K Free: 297200K (45%)
----------------- Invoking toplevel() on ptolemy.moml.MoMLSimpleApplication@3d7a8b9c
----------------- Done invoking toplevel() on ptolemy.moml.MoMLSimpleApplication@3d7a8b9c
reloadAllAccessors: .OrderedRecordDisassembler2

===========================================================================================
----------------- testing Mon Oct 07 05:59:00 UTC 2019 /home/travis/build/icyphy/ptII/ptolemy/actor/lib/test/auto/OrderedRecordUpdater.xml
----------------- Instantiating /home/travis/build/icyphy/ptII/ptolemy/actor/lib/test/auto/OrderedRecordUpdater.xml
1 ms. Memory: 653312K Free: 292080K (45%)
----------------- Invoking toplevel() on ptolemy.moml.MoMLSimpleApplication@5509871f
----------------- Done invoking toplevel() on ptolemy.moml.MoMLSimpleApplication@5509871f
reloadAllAccessors: .RecordUpdater

===========================================================================================
----------------- testing Mon Oct 07 05:59:00 UTC 2019 /home/travis/build/icyphy/ptII/ptolemy/actor/lib/test/auto/OrderedRecordUpdater2.xml
----------------- Instantiating /home/travis/build/icyphy/ptII/ptolemy/actor/lib/test/auto/OrderedRecordUpdater2.xml
3 ms. Memory: 653312K Free: 287470K (44%)
----------------- Invoking toplevel() on ptolemy.moml.MoMLSimpleApplication@6676511e
----------------- Done invoking toplevel() on ptolemy.moml.MoMLSimpleApplication@6676511e
reloadAllAccessors: .RecordUpdater2

===========================================================================================
----------------- testing Mon Oct 07 05:59:00 UTC 2019 /home/travis/build/icyphy/ptII/ptolemy/actor/lib/test/auto/PhaseUnwrap.xml
----------------- Instantiating /home/travis/build/icyphy/ptII/ptolemy/actor/lib/test/auto/PhaseUnwrap.xml
2 ms. Memory: 653312K Free: 282864K (43%)
----------------- Invoking toplevel() on ptolemy.moml.MoMLSimpleApplication@23c0025c
----------------- Done invoking toplevel() on ptolemy.moml.MoMLSimpleApplication@23c0025c
reloadAllAccessors: .PhaseUnwrap

===========================================================================================
----------------- testing Mon Oct 07 05:59:00 UTC 2019 /home/travis/build/icyphy/ptII/ptolemy/actor/lib/test/auto/PoissonClock.xml
----------------- Instantiating /home/travis/build/icyphy/ptII/ptolemy/actor/lib/test/auto/PoissonClock.xml
2 ms. Memory: 653312K Free: 278768K (43%)
----------------- Invoking toplevel() on ptolemy.moml.MoMLSimpleApplication@291c2338
----------------- Done invoking toplevel() on ptolemy.moml.MoMLSimpleApplication@291c2338
reloadAllAccessors: .PoissonClock

===========================================================================================
----------------- testing Mon Oct 07 05:59:00 UTC 2019 /home/travis/build/icyphy/ptII/ptolemy/actor/lib/test/auto/PoissonClock2.xml
----------------- Instantiating /home/travis/build/icyphy/ptII/ptolemy/actor/lib/test/auto/PoissonClock2.xml
1 ms. Memory: 653312K Free: 274672K (42%)
----------------- Invoking toplevel() on ptolemy.moml.MoMLSimpleApplication@4b10f8c3
----------------- Done invoking toplevel() on ptolemy.moml.MoMLSimpleApplication@4b10f8c3
reloadAllAccessors: .PoissonClock2

===========================================================================================
----------------- testing Mon Oct 07 05:59:00 UTC 2019 /home/travis/build/icyphy/ptII/ptolemy/actor/lib/test/auto/PoissonClock3.xml
----------------- Instantiating /home/travis/build/icyphy/ptII/ptolemy/actor/lib/test/auto/PoissonClock3.xml
2 ms. Memory: 653312K Free: 270062K (41%)
----------------- Invoking toplevel() on ptolemy.moml.MoMLSimpleApplication@27c7b6f5
----------------- Done invoking toplevel() on ptolemy.moml.MoMLSimpleApplication@27c7b6f5
reloadAllAccessors: .PoissonClock3

===========================================================================================
----------------- testing Mon Oct 07 05:59:00 UTC 2019 /home/travis/build/icyphy/ptII/ptolemy/actor/lib/test/auto/PubSubWithInitialTokens.xml
----------------- Instantiating /home/travis/build/icyphy/ptII/ptolemy/actor/lib/test/auto/PubSubWithInitialTokens.xml
2 ms. Memory: 653312K Free: 264432K (40%)
----------------- Invoking toplevel() on ptolemy.moml.MoMLSimpleApplication@760ec573
----------------- Done invoking toplevel() on ptolemy.moml.MoMLSimpleApplication@760ec573
reloadAllAccessors: .PubSubWithInitialTokens

===========================================================================================
----------------- testing Mon Oct 07 05:59:00 UTC 2019 /home/travis/build/icyphy/ptII/ptolemy/actor/lib/test/auto/PubSubWithInitialTokens2.xml
----------------- Instantiating /home/travis/build/icyphy/ptII/ptolemy/actor/lib/test/auto/PubSubWithInitialTokens2.xml
2 ms. Memory: 653312K Free: 258288K (40%)
----------------- Invoking toplevel() on ptolemy.moml.MoMLSimpleApplication@60512bcc
----------------- Done invoking toplevel() on ptolemy.moml.MoMLSimpleApplication@60512bcc
reloadAllAccessors: .PubSubWithInitialTokens2

===========================================================================================
----------------- testing Mon Oct 07 05:59:00 UTC 2019 /home/travis/build/icyphy/ptII/ptolemy/actor/lib/test/auto/PublisherClassNoParameter.xml
----------------- Instantiating /home/travis/build/icyphy/ptII/ptolemy/actor/lib/test/auto/PublisherClassNoParameter.xml
2 ms. Memory: 653312K Free: 248544K (38%)
----------------- Invoking toplevel() on ptolemy.moml.MoMLSimpleApplication@5d243604
----------------- Done invoking toplevel() on ptolemy.moml.MoMLSimpleApplication@5d243604
reloadAllAccessors: .PublisherClassNoParameter

===========================================================================================
----------------- testing Mon Oct 07 05:59:00 UTC 2019 /home/travis/build/icyphy/ptII/ptolemy/actor/lib/test/auto/PublisherClassParameter.xml
----------------- Instantiating /home/travis/build/icyphy/ptII/ptolemy/actor/lib/test/auto/PublisherClassParameter.xml
2 ms. Memory: 653312K Free: 237808K (36%)
----------------- Invoking toplevel() on ptolemy.moml.MoMLSimpleApplication@4c0e05dd
----------------- Done invoking toplevel() on ptolemy.moml.MoMLSimpleApplication@4c0e05dd
reloadAllAccessors: .PublisherClassParameter

===========================================================================================
----------------- testing Mon Oct 07 05:59:00 UTC 2019 /home/travis/build/icyphy/ptII/ptolemy/actor/lib/test/auto/PublisherNonStrictTest.xml
----------------- Instantiating /home/travis/build/icyphy/ptII/ptolemy/actor/lib/test/auto/PublisherNonStrictTest.xml
3 ms. Memory: 653312K Free: 229616K (35%)
----------------- Invoking toplevel() on ptolemy.moml.MoMLSimpleApplication@258ec8f3
----------------- Done invoking toplevel() on ptolemy.moml.MoMLSimpleApplication@258ec8f3
reloadAllAccessors: .PublisherNonStrictTest

===========================================================================================
----------------- testing Mon Oct 07 05:59:00 UTC 2019 /home/travis/build/icyphy/ptII/ptolemy/actor/lib/test/auto/PublisherPort1.xml
----------------- Instantiating /home/travis/build/icyphy/ptII/ptolemy/actor/lib/test/auto/PublisherPort1.xml
2 ms. Memory: 653312K Free: 223968K (34%)
----------------- Invoking toplevel() on ptolemy.moml.MoMLSimpleApplication@58d5d
----------------- Done invoking toplevel() on ptolemy.moml.MoMLSimpleApplication@58d5d
reloadAllAccessors: .PublisherPort1

===========================================================================================
----------------- testing Mon Oct 07 05:59:01 UTC 2019 /home/travis/build/icyphy/ptII/ptolemy/actor/lib/test/auto/PublisherPort2.xml
----------------- Instantiating /home/travis/build/icyphy/ptII/ptolemy/actor/lib/test/auto/PublisherPort2.xml
2 ms. Memory: 653312K Free: 601042K (92%)
----------------- Invoking toplevel() on ptolemy.moml.MoMLSimpleApplication@f48084e
----------------- Done invoking toplevel() on ptolemy.moml.MoMLSimpleApplication@f48084e
reloadAllAccessors: .PublisherPort2

===========================================================================================
----------------- testing Mon Oct 07 05:59:01 UTC 2019 /home/travis/build/icyphy/ptII/ptolemy/actor/lib/test/auto/PublisherPort3.xml
----------------- Instantiating /home/travis/build/icyphy/ptII/ptolemy/actor/lib/test/auto/PublisherPort3.xml
16 ms. Memory: 653312K Free: 593844K (91%)
----------------- Invoking toplevel() on ptolemy.moml.MoMLSimpleApplication@2cc01b0e
----------------- Done invoking toplevel() on ptolemy.moml.MoMLSimpleApplication@2cc01b0e
reloadAllAccessors: .PublisherPort3

===========================================================================================
----------------- testing Mon Oct 07 05:59:01 UTC 2019 /home/travis/build/icyphy/ptII/ptolemy/actor/lib/test/auto/PublisherPort4.xml
----------------- Instantiating /home/travis/build/icyphy/ptII/ptolemy/actor/lib/test/auto/PublisherPort4.xml
2 ms. Memory: 653312K Free: 588244K (90%)
----------------- Invoking toplevel() on ptolemy.moml.MoMLSimpleApplication@701bf29a
----------------- Done invoking toplevel() on ptolemy.moml.MoMLSimpleApplication@701bf29a
reloadAllAccessors: .PublisherPort4

===========================================================================================
----------------- testing Mon Oct 07 05:59:01 UTC 2019 /home/travis/build/icyphy/ptII/ptolemy/actor/lib/test/auto/PublisherPort5.xml
----------------- Instantiating /home/travis/build/icyphy/ptII/ptolemy/actor/lib/test/auto/PublisherPort5.xml
3 ms. Memory: 653312K Free: 580562K (89%)
----------------- Invoking toplevel() on ptolemy.moml.MoMLSimpleApplication@629d5fc
----------------- Done invoking toplevel() on ptolemy.moml.MoMLSimpleApplication@629d5fc
reloadAllAccessors: .PublisherPort5

===========================================================================================
----------------- testing Mon Oct 07 05:59:01 UTC 2019 /home/travis/build/icyphy/ptII/ptolemy/actor/lib/test/auto/PublisherPort5LookAlike.xml
----------------- Instantiating /home/travis/build/icyphy/ptII/ptolemy/actor/lib/test/auto/PublisherPort5LookAlike.xml
8 ms. Memory: 653312K Free: 572884K (88%)
----------------- Invoking toplevel() on ptolemy.moml.MoMLSimpleApplication@3aa6b9bb
----------------- Done invoking toplevel() on ptolemy.moml.MoMLSimpleApplication@3aa6b9bb
reloadAllAccessors: .PublisherPort5LookAlike

===========================================================================================
----------------- testing Mon Oct 07 05:59:01 UTC 2019 /home/travis/build/icyphy/ptII/ptolemy/actor/lib/test/auto/PublisherPort6.xml
----------------- Instantiating /home/travis/build/icyphy/ptII/ptolemy/actor/lib/test/auto/PublisherPort6.xml
2 ms. Memory: 653312K Free: 566226K (87%)
----------------- Invoking toplevel() on ptolemy.moml.MoMLSimpleApplication@7e9ddd83
----------------- Done invoking toplevel() on ptolemy.moml.MoMLSimpleApplication@7e9ddd83
reloadAllAccessors: .PublisherPort6

===========================================================================================
----------------- testing Mon Oct 07 05:59:01 UTC 2019 /home/travis/build/icyphy/ptII/ptolemy/actor/lib/test/auto/PublisherPort7.xml
----------------- Instantiating /home/travis/build/icyphy/ptII/ptolemy/actor/lib/test/auto/PublisherPort7.xml
3 ms. Memory: 653312K Free: 558548K (85%)
----------------- Invoking toplevel() on ptolemy.moml.MoMLSimpleApplication@6f5e9cf2
----------------- Done invoking toplevel() on ptolemy.moml.MoMLSimpleApplication@6f5e9cf2
reloadAllAccessors: .PublisherPort7

===========================================================================================
----------------- testing Mon Oct 07 05:59:01 UTC 2019 /home/travis/build/icyphy/ptII/ptolemy/actor/lib/test/auto/PublisherPort8.xml
----------------- Instantiating /home/travis/build/icyphy/ptII/ptolemy/actor/lib/test/auto/PublisherPort8.xml
4 ms. Memory: 653312K Free: 549842K (84%)
----------------- Invoking toplevel() on ptolemy.moml.MoMLSimpleApplication@7aa345a0
----------------- Done invoking toplevel() on ptolemy.moml.MoMLSimpleApplication@7aa345a0
reloadAllAccessors: .PublisherPort8

===========================================================================================
----------------- testing Mon Oct 07 05:59:01 UTC 2019 /home/travis/build/icyphy/ptII/ptolemy/actor/lib/test/auto/PublisherPortSubscriberChannelVariablesAOC2.xml
----------------- Instantiating /home/travis/build/icyphy/ptII/ptolemy/actor/lib/test/auto/PublisherPortSubscriberChannelVariablesAOC2.xml
2 ms. Memory: 653312K Free: 531924K (81%)
----------------- Invoking toplevel() on ptolemy.moml.MoMLSimpleApplication@31519d9d
----------------- Done invoking toplevel() on ptolemy.moml.MoMLSimpleApplication@31519d9d
reloadAllAccessors: .PublisherPortSubscriberChannelVariablesAOC2

===========================================================================================
----------------- testing Mon Oct 07 05:59:01 UTC 2019 /home/travis/build/icyphy/ptII/ptolemy/actor/lib/test/auto/PublisherPortSubscriberOpaqueWidthInference.xml
----------------- Instantiating /home/travis/build/icyphy/ptII/ptolemy/actor/lib/test/auto/PublisherPortSubscriberOpaqueWidthInference.xml
5 ms. Memory: 653312K Free: 523732K (80%)
----------------- Invoking toplevel() on ptolemy.moml.MoMLSimpleApplication@795a8d54
----------------- Done invoking toplevel() on ptolemy.moml.MoMLSimpleApplication@795a8d54
reloadAllAccessors: .PublisherPortSubscriberOpaqueWidthInference

===========================================================================================
----------------- testing Mon Oct 07 05:59:01 UTC 2019 /home/travis/build/icyphy/ptII/ptolemy/actor/lib/test/auto/PublisherPortSubscriberPortAdjacent.xml
----------------- Instantiating /home/travis/build/icyphy/ptII/ptolemy/actor/lib/test/auto/PublisherPortSubscriberPortAdjacent.xml
1 ms. Memory: 653312K Free: 515540K (79%)
----------------- Invoking toplevel() on ptolemy.moml.MoMLSimpleApplication@7206ed9c
----------------- Done invoking toplevel() on ptolemy.moml.MoMLSimpleApplication@7206ed9c
reloadAllAccessors: .PublisherPortSubscriberPortAdjacent

===========================================================================================
----------------- testing Mon Oct 07 05:59:01 UTC 2019 /home/travis/build/icyphy/ptII/ptolemy/actor/lib/test/auto/PublisherPortSubscriberPortExpression.xml
----------------- Instantiating /home/travis/build/icyphy/ptII/ptolemy/actor/lib/test/auto/PublisherPortSubscriberPortExpression.xml
4 ms. Memory: 653312K Free: 507852K (78%)
----------------- Invoking toplevel() on ptolemy.moml.MoMLSimpleApplication@d908b00
----------------- Done invoking toplevel() on ptolemy.moml.MoMLSimpleApplication@d908b00
reloadAllAccessors: .PublisherPortSubscriberPortExpression

===========================================================================================
----------------- testing Mon Oct 07 05:59:01 UTC 2019 /home/travis/build/icyphy/ptII/ptolemy/actor/lib/test/auto/PublisherPortSubscriberPortOpaqueD3Reverse.xml
----------------- Instantiating /home/travis/build/icyphy/ptII/ptolemy/actor/lib/test/auto/PublisherPortSubscriberPortOpaqueD3Reverse.xml
5 ms. Memory: 653312K Free: 497618K (76%)
----------------- Invoking toplevel() on ptolemy.moml.MoMLSimpleApplication@20fe19f4
----------------- Done invoking toplevel() on ptolemy.moml.MoMLSimpleApplication@20fe19f4
reloadAllAccessors: .PublisherPortSubscriberPortOpaqueD3Reverse

===========================================================================================
----------------- testing Mon Oct 07 05:59:01 UTC 2019 /home/travis/build/icyphy/ptII/ptolemy/actor/lib/test/auto/PublisherPortSubscriberPortOpaqueWidthInference.xml
----------------- Instantiating /home/travis/build/icyphy/ptII/ptolemy/actor/lib/test/auto/PublisherPortSubscriberPortOpaqueWidthInference.xml
3 ms. Memory: 653312K Free: 489940K (75%)
----------------- Invoking toplevel() on ptolemy.moml.MoMLSimpleApplication@382f8205
----------------- Done invoking toplevel() on ptolemy.moml.MoMLSimpleApplication@382f8205
reloadAllAccessors: .PublisherPortSubscriberPortOpaqueWidthInference

===========================================================================================
----------------- testing Mon Oct 07 05:59:01 UTC 2019 /home/travis/build/icyphy/ptII/ptolemy/actor/lib/test/auto/PublisherPortToplevelSubscriberPortAOC.xml
----------------- Instantiating /home/travis/build/icyphy/ptII/ptolemy/actor/lib/test/auto/PublisherPortToplevelSubscriberPortAOC.xml
.PublisherPortToplevelSubscriberPortAOC.TestExceptionAttribute: initialize() was not invoked, but wrapup() was.  This is unusual, but not always a problem.  For example, exporting JNLP will do this.
1 ms. Memory: 653312K Free: 483796K (74%)
----------------- Invoking toplevel() on ptolemy.moml.MoMLSimpleApplication@4e5bcce2
----------------- Done invoking toplevel() on ptolemy.moml.MoMLSimpleApplication@4e5bcce2
reloadAllAccessors: .PublisherPortToplevelSubscriberPortAOC

===========================================================================================
----------------- testing Mon Oct 07 05:59:01 UTC 2019 /home/travis/build/icyphy/ptII/ptolemy/actor/lib/test/auto/PublisherSubscriber.xml
----------------- Instantiating /home/travis/build/icyphy/ptII/ptolemy/actor/lib/test/auto/PublisherSubscriber.xml
3 ms. Memory: 653312K Free: 476628K (73%)
----------------- Invoking toplevel() on ptolemy.moml.MoMLSimpleApplication@4ebb2bac
----------------- Done invoking toplevel() on ptolemy.moml.MoMLSimpleApplication@4ebb2bac
reloadAllAccessors: .PublisherSubscriber

===========================================================================================
----------------- testing Mon Oct 07 05:59:01 UTC 2019 /home/travis/build/icyphy/ptII/ptolemy/actor/lib/test/auto/PublisherSubscriber10.xml
----------------- Instantiating /home/travis/build/icyphy/ptII/ptolemy/actor/lib/test/auto/PublisherSubscriber10.xml
7 ms. Memory: 653312K Free: 466898K (71%)
----------------- Invoking toplevel() on ptolemy.moml.MoMLSimpleApplication@2bfc3624
----------------- Done invoking toplevel() on ptolemy.moml.MoMLSimpleApplication@2bfc3624
reloadAllAccessors: .PublisherSubscriber10

===========================================================================================
----------------- testing Mon Oct 07 05:59:01 UTC 2019 /home/travis/build/icyphy/ptII/ptolemy/actor/lib/test/auto/PublisherSubscriber10InitialOutputs.xml
----------------- Instantiating /home/travis/build/icyphy/ptII/ptolemy/actor/lib/test/auto/PublisherSubscriber10InitialOutputs.xml
9 ms. Memory: 653312K Free: 457682K (70%)
----------------- Invoking toplevel() on ptolemy.moml.MoMLSimpleApplication@33a54bdc
----------------- Done invoking toplevel() on ptolemy.moml.MoMLSimpleApplication@33a54bdc
reloadAllAccessors: .PublisherSubscriber10InitialOutputs

===========================================================================================
----------------- testing Mon Oct 07 05:59:01 UTC 2019 /home/travis/build/icyphy/ptII/ptolemy/actor/lib/test/auto/PublisherSubscriber11.xml
----------------- Instantiating /home/travis/build/icyphy/ptII/ptolemy/actor/lib/test/auto/PublisherSubscriber11.xml
2 ms. Memory: 653312K Free: 451028K (69%)
----------------- Invoking toplevel() on ptolemy.moml.MoMLSimpleApplication@1610c05b
----------------- Done invoking toplevel() on ptolemy.moml.MoMLSimpleApplication@1610c05b
reloadAllAccessors: .PublisherSubscriber11

===========================================================================================
----------------- testing Mon Oct 07 05:59:01 UTC 2019 /home/travis/build/icyphy/ptII/ptolemy/actor/lib/test/auto/PublisherSubscriber12.xml
----------------- Instantiating /home/travis/build/icyphy/ptII/ptolemy/actor/lib/test/auto/PublisherSubscriber12.xml
14 ms. Memory: 653312K Free: 443860K (68%)
----------------- Invoking toplevel() on ptolemy.moml.MoMLSimpleApplication@525bb036
----------------- Done invoking toplevel() on ptolemy.moml.MoMLSimpleApplication@525bb036
reloadAllAccessors: .PublisherSubscriber12

===========================================================================================
----------------- testing Mon Oct 07 05:59:01 UTC 2019 /home/travis/build/icyphy/ptII/ptolemy/actor/lib/test/auto/PublisherSubscriber13.xml
----------------- Instantiating /home/travis/build/icyphy/ptII/ptolemy/actor/lib/test/auto/PublisherSubscriber13.xml
2 ms. Memory: 653312K Free: 438196K (67%)
----------------- Invoking toplevel() on ptolemy.moml.MoMLSimpleApplication@7e904757
----------------- Done invoking toplevel() on ptolemy.moml.MoMLSimpleApplication@7e904757
reloadAllAccessors: .PublisherSubscriber13

===========================================================================================
----------------- testing Mon Oct 07 05:59:01 UTC 2019 /home/travis/build/icyphy/ptII/ptolemy/actor/lib/test/auto/PublisherSubscriber14.xml
----------------- Instantiating /home/travis/build/icyphy/ptII/ptolemy/actor/lib/test/auto/PublisherSubscriber14.xml
2 ms. Memory: 653312K Free: 429524K (66%)
----------------- Invoking toplevel() on ptolemy.moml.MoMLSimpleApplication@78ef01ac
----------------- Done invoking toplevel() on ptolemy.moml.MoMLSimpleApplication@78ef01ac
reloadAllAccessors: .PublisherSubscriber14

===========================================================================================
----------------- testing Mon Oct 07 05:59:01 UTC 2019 /home/travis/build/icyphy/ptII/ptolemy/actor/lib/test/auto/PublisherSubscriber2.xml
----------------- Instantiating /home/travis/build/icyphy/ptII/ptolemy/actor/lib/test/auto/PublisherSubscriber2.xml
3 ms. Memory: 653312K Free: 423380K (65%)
----------------- Invoking toplevel() on ptolemy.moml.MoMLSimpleApplication@4a2b35df
----------------- Done invoking toplevel() on ptolemy.moml.MoMLSimpleApplication@4a2b35df
reloadAllAccessors: .PublisherSubscriber2

===========================================================================================
----------------- testing Mon Oct 07 05:59:01 UTC 2019 /home/travis/build/icyphy/ptII/ptolemy/actor/lib/test/auto/PublisherSubscriber3.xml
----------------- Instantiating /home/travis/build/icyphy/ptII/ptolemy/actor/lib/test/auto/PublisherSubscriber3.xml
1 ms. Memory: 653312K Free: 417732K (64%)
----------------- Invoking toplevel() on ptolemy.moml.MoMLSimpleApplication@1e1010a9
----------------- Done invoking toplevel() on ptolemy.moml.MoMLSimpleApplication@1e1010a9
reloadAllAccessors: .PublisherSubscriber3

===========================================================================================
----------------- testing Mon Oct 07 05:59:01 UTC 2019 /home/travis/build/icyphy/ptII/ptolemy/actor/lib/test/auto/PublisherSubscriber4.xml
----------------- Instantiating /home/travis/build/icyphy/ptII/ptolemy/actor/lib/test/auto/PublisherSubscriber4.xml
2 ms. Memory: 653312K Free: 412116K (63%)
----------------- Invoking toplevel() on ptolemy.moml.MoMLSimpleApplication@4b70d583
----------------- Done invoking toplevel() on ptolemy.moml.MoMLSimpleApplication@4b70d583
reloadAllAccessors: .PublisherSubscriber4

===========================================================================================
----------------- testing Mon Oct 07 05:59:01 UTC 2019 /home/travis/build/icyphy/ptII/ptolemy/actor/lib/test/auto/PublisherSubscriber5.xml
----------------- Instantiating /home/travis/build/icyphy/ptII/ptolemy/actor/lib/test/auto/PublisherSubscriber5.xml
2 ms. Memory: 653312K Free: 405458K (62%)
----------------- Invoking toplevel() on ptolemy.moml.MoMLSimpleApplication@147cc74
----------------- Done invoking toplevel() on ptolemy.moml.MoMLSimpleApplication@147cc74
reloadAllAccessors: .PublisherSubscriber5

===========================================================================================
----------------- testing Mon Oct 07 05:59:01 UTC 2019 /home/travis/build/icyphy/ptII/ptolemy/actor/lib/test/auto/PublisherSubscriber6.xml
----------------- Instantiating /home/travis/build/icyphy/ptII/ptolemy/actor/lib/test/auto/PublisherSubscriber6.xml
4 ms. Memory: 653312K Free: 398804K (61%)
----------------- Invoking toplevel() on ptolemy.moml.MoMLSimpleApplication@59b80d4
----------------- Done invoking toplevel() on ptolemy.moml.MoMLSimpleApplication@59b80d4
reloadAllAccessors: .PublisherSubscriber6

===========================================================================================
----------------- testing Mon Oct 07 05:59:01 UTC 2019 /home/travis/build/icyphy/ptII/ptolemy/actor/lib/test/auto/PublisherSubscriber7.xml
----------------- Instantiating /home/travis/build/icyphy/ptII/ptolemy/actor/lib/test/auto/PublisherSubscriber7.xml
8 ms. Memory: 653312K Free: 392132K (60%)
----------------- Invoking toplevel() on ptolemy.moml.MoMLSimpleApplication@3ed4ebfe
----------------- Done invoking toplevel() on ptolemy.moml.MoMLSimpleApplication@3ed4ebfe
reloadAllAccessors: .PublisherSubscriber7

===========================================================================================
----------------- testing Mon Oct 07 05:59:01 UTC 2019 /home/travis/build/icyphy/ptII/ptolemy/actor/lib/test/auto/PublisherSubscriber8.xml
----------------- Instantiating /home/travis/build/icyphy/ptII/ptolemy/actor/lib/test/auto/PublisherSubscriber8.xml
16 ms. Memory: 653312K Free: 379858K (58%)
----------------- Invoking toplevel() on ptolemy.moml.MoMLSimpleApplication@7df85a8b
----------------- Done invoking toplevel() on ptolemy.moml.MoMLSimpleApplication@7df85a8b
reloadAllAccessors: .PublisherSubscriber8

===========================================================================================
----------------- testing Mon Oct 07 05:59:01 UTC 2019 /home/travis/build/icyphy/ptII/ptolemy/actor/lib/test/auto/PublisherSubscriber9.xml
----------------- Instantiating /home/travis/build/icyphy/ptII/ptolemy/actor/lib/test/auto/PublisherSubscriber9.xml
3 ms. Memory: 653312K Free: 372690K (57%)
----------------- Invoking toplevel() on ptolemy.moml.MoMLSimpleApplication@17234604
----------------- Done invoking toplevel() on ptolemy.moml.MoMLSimpleApplication@17234604
reloadAllAccessors: .PublisherSubscriber9

===========================================================================================
----------------- testing Mon Oct 07 05:59:01 UTC 2019 /home/travis/build/icyphy/ptII/ptolemy/actor/lib/test/auto/PublisherSubscriberAdjacent.xml
----------------- Instantiating /home/travis/build/icyphy/ptII/ptolemy/actor/lib/test/auto/PublisherSubscriberAdjacent.xml
2 ms. Memory: 653312K Free: 364498K (56%)
----------------- Invoking toplevel() on ptolemy.moml.MoMLSimpleApplication@15f33d3
----------------- Done invoking toplevel() on ptolemy.moml.MoMLSimpleApplication@15f33d3
reloadAllAccessors: .PublisherSubscriberAdjacent

===========================================================================================
----------------- testing Mon Oct 07 05:59:01 UTC 2019 /home/travis/build/icyphy/ptII/ptolemy/actor/lib/test/auto/PublisherSubscriberChannelVariablesAOC2.xml
----------------- Instantiating /home/travis/build/icyphy/ptII/ptolemy/actor/lib/test/auto/PublisherSubscriberChannelVariablesAOC2.xml
3 ms. Memory: 653312K Free: 349652K (54%)
----------------- Invoking toplevel() on ptolemy.moml.MoMLSimpleApplication@480c163
----------------- Done invoking toplevel() on ptolemy.moml.MoMLSimpleApplication@480c163
reloadAllAccessors: .PublisherSubscriberChannelVariablesAOC2

===========================================================================================
----------------- testing Mon Oct 07 05:59:01 UTC 2019 /home/travis/build/icyphy/ptII/ptolemy/actor/lib/test/auto/PublisherSubscriberD3.xml
----------------- Instantiating /home/travis/build/icyphy/ptII/ptolemy/actor/lib/test/auto/PublisherSubscriberD3.xml
1 ms. Memory: 653312K Free: 342484K (52%)
----------------- Invoking toplevel() on ptolemy.moml.MoMLSimpleApplication@4b2bc7f8
----------------- Done invoking toplevel() on ptolemy.moml.MoMLSimpleApplication@4b2bc7f8
reloadAllAccessors: .PublisherSubscriberD3

===========================================================================================
----------------- testing Mon Oct 07 05:59:01 UTC 2019 /home/travis/build/icyphy/ptII/ptolemy/actor/lib/test/auto/PublisherSubscriberD3Reverse.xml
----------------- Instantiating /home/travis/build/icyphy/ptII/ptolemy/actor/lib/test/auto/PublisherSubscriberD3Reverse.xml
1 ms. Memory: 653312K Free: 335826K (51%)
----------------- Invoking toplevel() on ptolemy.moml.MoMLSimpleApplication@784da29c
----------------- Done invoking toplevel() on ptolemy.moml.MoMLSimpleApplication@784da29c
reloadAllAccessors: .PublisherSubscriberD3Reverse

===========================================================================================
----------------- testing Mon Oct 07 05:59:01 UTC 2019 /home/travis/build/icyphy/ptII/ptolemy/actor/lib/test/auto/PublisherSubscriberExpression.xml
----------------- Instantiating /home/travis/build/icyphy/ptII/ptolemy/actor/lib/test/auto/PublisherSubscriberExpression.xml
6 ms. Memory: 653312K Free: 327124K (50%)
----------------- Invoking toplevel() on ptolemy.moml.MoMLSimpleApplication@33c87fb5
----------------- Done invoking toplevel() on ptolemy.moml.MoMLSimpleApplication@33c87fb5
reloadAllAccessors: .PublisherSubscriberExpression

===========================================================================================
----------------- testing Mon Oct 07 05:59:01 UTC 2019 /home/travis/build/icyphy/ptII/ptolemy/actor/lib/test/auto/PublisherSubscriberOpaque.xml
----------------- Instantiating /home/travis/build/icyphy/ptII/ptolemy/actor/lib/test/auto/PublisherSubscriberOpaque.xml
4 ms. Memory: 653312K Free: 318932K (49%)
----------------- Invoking toplevel() on ptolemy.moml.MoMLSimpleApplication@5e5f2710
----------------- Done invoking toplevel() on ptolemy.moml.MoMLSimpleApplication@5e5f2710
reloadAllAccessors: .PublisherSubscriberOpaque

===========================================================================================
----------------- testing Mon Oct 07 05:59:01 UTC 2019 /home/travis/build/icyphy/ptII/ptolemy/actor/lib/test/auto/PublisherSubscriberOpaqueD3.xml
----------------- Instantiating /home/travis/build/icyphy/ptII/ptolemy/actor/lib/test/auto/PublisherSubscriberOpaqueD3.xml
6 ms. Memory: 653312K Free: 307154K (47%)
----------------- Invoking toplevel() on ptolemy.moml.MoMLSimpleApplication@3fed73e
----------------- Done invoking toplevel() on ptolemy.moml.MoMLSimpleApplication@3fed73e
reloadAllAccessors: .PublisherSubscriberOpaqueD3

===========================================================================================
----------------- testing Mon Oct 07 05:59:01 UTC 2019 /home/travis/build/icyphy/ptII/ptolemy/actor/lib/test/auto/PublisherSubscriberOpaqueD3Reverse.xml
----------------- Instantiating /home/travis/build/icyphy/ptII/ptolemy/actor/lib/test/auto/PublisherSubscriberOpaqueD3Reverse.xml
8 ms. Memory: 653312K Free: 296404K (45%)
----------------- Invoking toplevel() on ptolemy.moml.MoMLSimpleApplication@26ba624
----------------- Done invoking toplevel() on ptolemy.moml.MoMLSimpleApplication@26ba624
reloadAllAccessors: .PublisherSubscriberOpaqueD3Reverse

===========================================================================================
----------------- testing Mon Oct 07 05:59:01 UTC 2019 /home/travis/build/icyphy/ptII/ptolemy/actor/lib/test/auto/PublisherSubscriberOpaqueWidthInference.xml
----------------- Instantiating /home/travis/build/icyphy/ptII/ptolemy/actor/lib/test/auto/PublisherSubscriberOpaqueWidthInference.xml
5 ms. Memory: 653312K Free: 287684K (44%)
----------------- Invoking toplevel() on ptolemy.moml.MoMLSimpleApplication@1c9d3572
----------------- Done invoking toplevel() on ptolemy.moml.MoMLSimpleApplication@1c9d3572
reloadAllAccessors: .PublisherSubscriberOpaqueWidthInference

===========================================================================================
----------------- testing Mon Oct 07 05:59:01 UTC 2019 /home/travis/build/icyphy/ptII/ptolemy/actor/lib/test/auto/PublisherTestSubscriber.xml
----------------- Instantiating /home/travis/build/icyphy/ptII/ptolemy/actor/lib/test/auto/PublisherTestSubscriber.xml
3 ms. Memory: 653312K Free: 280020K (43%)
----------------- Invoking toplevel() on ptolemy.moml.MoMLSimpleApplication@3b31c44
----------------- Done invoking toplevel() on ptolemy.moml.MoMLSimpleApplication@3b31c44
reloadAllAccessors: .PublisherTestSubscriber

===========================================================================================
----------------- testing Mon Oct 07 05:59:01 UTC 2019 /home/travis/build/icyphy/ptII/ptolemy/actor/lib/test/auto/PublisherToplevelSubscriberPortAOC.xml
----------------- Instantiating /home/travis/build/icyphy/ptII/ptolemy/actor/lib/test/auto/PublisherToplevelSubscriberPortAOC.xml
2 ms. Memory: 653312K Free: 273876K (42%)
----------------- Invoking toplevel() on ptolemy.moml.MoMLSimpleApplication@a2256d7
----------------- Done invoking toplevel() on ptolemy.moml.MoMLSimpleApplication@a2256d7
reloadAllAccessors: .PublisherToplevelSubscriberPortAOC

===========================================================================================
----------------- testing Mon Oct 07 05:59:01 UTC 2019 /home/travis/build/icyphy/ptII/ptolemy/actor/lib/test/auto/PulseFiringLimitDE.xml
----------------- Instantiating /home/travis/build/icyphy/ptII/ptolemy/actor/lib/test/auto/PulseFiringLimitDE.xml
1 ms. Memory: 653312K Free: 267732K (41%)
----------------- Invoking toplevel() on ptolemy.moml.MoMLSimpleApplication@39019aac
----------------- Done invoking toplevel() on ptolemy.moml.MoMLSimpleApplication@39019aac
reloadAllAccessors: .PulseFiringLimitDE

===========================================================================================
----------------- testing Mon Oct 07 05:59:01 UTC 2019 /home/travis/build/icyphy/ptII/ptolemy/actor/lib/test/auto/Ramp1.xml
----------------- Instantiating /home/travis/build/icyphy/ptII/ptolemy/actor/lib/test/auto/Ramp1.xml
2 ms. Memory: 653312K Free: 263116K (40%)
----------------- Invoking toplevel() on ptolemy.moml.MoMLSimpleApplication@25289105
----------------- Done invoking toplevel() on ptolemy.moml.MoMLSimpleApplication@25289105
reloadAllAccessors: .Ramp1

===========================================================================================
----------------- testing Mon Oct 07 05:59:01 UTC 2019 /home/travis/build/icyphy/ptII/ptolemy/actor/lib/test/auto/RampFiringLimitDE.xml
----------------- Instantiating /home/travis/build/icyphy/ptII/ptolemy/actor/lib/test/auto/RampFiringLimitDE.xml
4 ms. Memory: 653312K Free: 256964K (39%)
----------------- Invoking toplevel() on ptolemy.moml.MoMLSimpleApplication@4996730
----------------- Done invoking toplevel() on ptolemy.moml.MoMLSimpleApplication@4996730
reloadAllAccessors: .RampFiringLimitDE

===========================================================================================
----------------- testing Mon Oct 07 05:59:01 UTC 2019 /home/travis/build/icyphy/ptII/ptolemy/actor/lib/test/auto/RampFiringLimitSDF.xml
----------------- Instantiating /home/travis/build/icyphy/ptII/ptolemy/actor/lib/test/auto/RampFiringLimitSDF.xml
2 ms. Memory: 653312K Free: 251844K (39%)
----------------- Invoking toplevel() on ptolemy.moml.MoMLSimpleApplication@673028e6
----------------- Done invoking toplevel() on ptolemy.moml.MoMLSimpleApplication@673028e6
reloadAllAccessors: .RampFiringLimitSDF

===========================================================================================
----------------- testing Mon Oct 07 05:59:01 UTC 2019 /home/travis/build/icyphy/ptII/ptolemy/actor/lib/test/auto/RandomInteger.xml
----------------- Instantiating /home/travis/build/icyphy/ptII/ptolemy/actor/lib/test/auto/RandomInteger.xml
1 ms. Memory: 653312K Free: 247762K (38%)
----------------- Invoking toplevel() on ptolemy.moml.MoMLSimpleApplication@3fd7b15a
----------------- Done invoking toplevel() on ptolemy.moml.MoMLSimpleApplication@3fd7b15a
reloadAllAccessors: .RandomInteger

===========================================================================================
----------------- testing Mon Oct 07 05:59:01 UTC 2019 /home/travis/build/icyphy/ptII/ptolemy/actor/lib/test/auto/ReadFile1.xml
----------------- Instantiating /home/travis/build/icyphy/ptII/ptolemy/actor/lib/test/auto/ReadFile1.xml
1 ms. Memory: 653312K Free: 243156K (37%)
----------------- Invoking toplevel() on ptolemy.moml.MoMLSimpleApplication@72770edf
----------------- Done invoking toplevel() on ptolemy.moml.MoMLSimpleApplication@72770edf
reloadAllAccessors: .ReadFile1

===========================================================================================
----------------- testing Mon Oct 07 05:59:02 UTC 2019 /home/travis/build/icyphy/ptII/ptolemy/actor/lib/test/auto/ReadFile2.xml
----------------- Instantiating /home/travis/build/icyphy/ptII/ptolemy/actor/lib/test/auto/ReadFile2.xml
1 ms. Memory: 653312K Free: 238546K (37%)
----------------- Invoking toplevel() on ptolemy.moml.MoMLSimpleApplication@5f394e27
----------------- Done invoking toplevel() on ptolemy.moml.MoMLSimpleApplication@5f394e27
reloadAllAccessors: .ReadFile2

===========================================================================================
----------------- testing Mon Oct 07 05:59:02 UTC 2019 /home/travis/build/icyphy/ptII/ptolemy/actor/lib/test/auto/Reader.xml
----------------- Instantiating /home/travis/build/icyphy/ptII/ptolemy/actor/lib/test/auto/Reader.xml
actor.lib.Reader is obsolete, use actor.lib.io.ExpressionReader instead
4 ms. Memory: 653312K Free: 234450K (36%)
----------------- Invoking toplevel() on ptolemy.moml.MoMLSimpleApplication@74ed0811
----------------- Done invoking toplevel() on ptolemy.moml.MoMLSimpleApplication@74ed0811
reloadAllAccessors: .Reader

===========================================================================================
----------------- testing Mon Oct 07 05:59:02 UTC 2019 /home/travis/build/icyphy/ptII/ptolemy/actor/lib/test/auto/RecordAssemblerDisplayNameTest.xml
----------------- Instantiating /home/travis/build/icyphy/ptII/ptolemy/actor/lib/test/auto/RecordAssemblerDisplayNameTest.xml
3933 ms. Memory: 653312K Free: 546032K (84%)
----------------- Invoking toplevel() on ptolemy.moml.MoMLSimpleApplication@cc714f9
----------------- Done invoking toplevel() on ptolemy.moml.MoMLSimpleApplication@cc714f9
reloadAllAccessors: .RecordAssemblerDisplayNameTest

===========================================================================================
----------------- testing Mon Oct 07 05:59:05 UTC 2019 /home/travis/build/icyphy/ptII/ptolemy/actor/lib/test/auto/RecordAssemblerTypeError.xml
----------------- Instantiating /home/travis/build/icyphy/ptII/ptolemy/actor/lib/test/auto/RecordAssemblerTypeError.xml
14 ms. Memory: 653312K Free: 536302K (82%)
----------------- Invoking toplevel() on ptolemy.moml.MoMLSimpleApplication@6c51484c
----------------- Done invoking toplevel() on ptolemy.moml.MoMLSimpleApplication@6c51484c
reloadAllAccessors: .RecordAssemblerTypeError

===========================================================================================
----------------- testing Mon Oct 07 05:59:06 UTC 2019 /home/travis/build/icyphy/ptII/ptolemy/actor/lib/test/auto/RecordDisassember.xml
----------------- Instantiating /home/travis/build/icyphy/ptII/ptolemy/actor/lib/test/auto/RecordDisassember.xml
3 ms. Memory: 653312K Free: 531152K (81%)
----------------- Invoking toplevel() on ptolemy.moml.MoMLSimpleApplication@e5000ef
----------------- Done invoking toplevel() on ptolemy.moml.MoMLSimpleApplication@e5000ef
reloadAllAccessors: .RecordDisassember

===========================================================================================
----------------- testing Mon Oct 07 05:59:06 UTC 2019 /home/travis/build/icyphy/ptII/ptolemy/actor/lib/test/auto/RecordDisassemberDisplayNameTest.xml
----------------- Instantiating /home/travis/build/icyphy/ptII/ptolemy/actor/lib/test/auto/RecordDisassemberDisplayNameTest.xml
5 ms. Memory: 653312K Free: 523502K (80%)
----------------- Invoking toplevel() on ptolemy.moml.MoMLSimpleApplication@5cdcc9cb
----------------- Done invoking toplevel() on ptolemy.moml.MoMLSimpleApplication@5cdcc9cb
reloadAllAccessors: .RecordDisassemberDisplayNameTest

===========================================================================================
----------------- testing Mon Oct 07 05:59:06 UTC 2019 /home/travis/build/icyphy/ptII/ptolemy/actor/lib/test/auto/RecordDisassembler.xml
----------------- Instantiating /home/travis/build/icyphy/ptII/ptolemy/actor/lib/test/auto/RecordDisassembler.xml
3 ms. Memory: 653312K Free: 518384K (79%)
----------------- Invoking toplevel() on ptolemy.moml.MoMLSimpleApplication@5a8186c
----------------- Done invoking toplevel() on ptolemy.moml.MoMLSimpleApplication@5a8186c
reloadAllAccessors: .RecordDisassembler

===========================================================================================
----------------- testing Mon Oct 07 05:59:06 UTC 2019 /home/travis/build/icyphy/ptII/ptolemy/actor/lib/test/auto/RecordDisassembler2.xml
----------------- Instantiating /home/travis/build/icyphy/ptII/ptolemy/actor/lib/test/auto/RecordDisassembler2.xml
2 ms. Memory: 653312K Free: 513264K (79%)
----------------- Invoking toplevel() on ptolemy.moml.MoMLSimpleApplication@233ce94e
----------------- Done invoking toplevel() on ptolemy.moml.MoMLSimpleApplication@233ce94e
reloadAllAccessors: .RecordDisassembler2

===========================================================================================
----------------- testing Mon Oct 07 05:59:06 UTC 2019 /home/travis/build/icyphy/ptII/ptolemy/actor/lib/test/auto/RecordUpdater.xml
----------------- Instantiating /home/travis/build/icyphy/ptII/ptolemy/actor/lib/test/auto/RecordUpdater.xml
2 ms. Memory: 653312K Free: 507630K (78%)
----------------- Invoking toplevel() on ptolemy.moml.MoMLSimpleApplication@1ce5bc8a
----------------- Done invoking toplevel() on ptolemy.moml.MoMLSimpleApplication@1ce5bc8a
reloadAllAccessors: .RecordUpdater

===========================================================================================
----------------- testing Mon Oct 07 05:59:06 UTC 2019 /home/travis/build/icyphy/ptII/ptolemy/actor/lib/test/auto/RecordUpdater2.xml
----------------- Instantiating /home/travis/build/icyphy/ptII/ptolemy/actor/lib/test/auto/RecordUpdater2.xml
1 ms. Memory: 653312K Free: 502510K (77%)
----------------- Invoking toplevel() on ptolemy.moml.MoMLSimpleApplication@971695d
----------------- Done invoking toplevel() on ptolemy.moml.MoMLSimpleApplication@971695d
reloadAllAccessors: .RecordUpdater2

===========================================================================================
----------------- testing Mon Oct 07 05:59:06 UTC 2019 /home/travis/build/icyphy/ptII/ptolemy/actor/lib/test/auto/RecursiveLattice.xml
----------------- Instantiating /home/travis/build/icyphy/ptII/ptolemy/actor/lib/test/auto/RecursiveLattice.xml
2 ms. Memory: 653312K Free: 498414K (76%)
----------------- Invoking toplevel() on ptolemy.moml.MoMLSimpleApplication@2e181b92
----------------- Done invoking toplevel() on ptolemy.moml.MoMLSimpleApplication@2e181b92
reloadAllAccessors: .RecursiveLattice

===========================================================================================
----------------- testing Mon Oct 07 05:59:06 UTC 2019 /home/travis/build/icyphy/ptII/ptolemy/actor/lib/test/auto/Router.xml
----------------- Instantiating /home/travis/build/icyphy/ptII/ptolemy/actor/lib/test/auto/Router.xml
3003 ms. Memory: 653312K Free: 487150K (75%)
----------------- Invoking toplevel() on ptolemy.moml.MoMLSimpleApplication@672ebb7a
----------------- Done invoking toplevel() on ptolemy.moml.MoMLSimpleApplication@672ebb7a
reloadAllAccessors: .Router

===========================================================================================
----------------- testing Mon Oct 07 05:59:09 UTC 2019 /home/travis/build/icyphy/ptII/ptolemy/actor/lib/test/auto/Router2.xml
----------------- Instantiating /home/travis/build/icyphy/ptII/ptolemy/actor/lib/test/auto/Router2.xml
3004 ms. Memory: 653312K Free: 475376K (73%)
----------------- Invoking toplevel() on ptolemy.moml.MoMLSimpleApplication@496a97ae
----------------- Done invoking toplevel() on ptolemy.moml.MoMLSimpleApplication@496a97ae
reloadAllAccessors: .Router2

===========================================================================================
----------------- testing Mon Oct 07 05:59:12 UTC 2019 /home/travis/build/icyphy/ptII/ptolemy/actor/lib/test/auto/RunningMaximum.xml
----------------- Instantiating /home/travis/build/icyphy/ptII/ptolemy/actor/lib/test/auto/RunningMaximum.xml
2 ms. Memory: 653312K Free: 470766K (72%)
----------------- Invoking toplevel() on ptolemy.moml.MoMLSimpleApplication@5ba5dc21
----------------- Done invoking toplevel() on ptolemy.moml.MoMLSimpleApplication@5ba5dc21
reloadAllAccessors: .RunningMaximum

===========================================================================================
----------------- testing Mon Oct 07 05:59:12 UTC 2019 /home/travis/build/icyphy/ptII/ptolemy/actor/lib/test/auto/RunningMinimum.xml
----------------- Instantiating /home/travis/build/icyphy/ptII/ptolemy/actor/lib/test/auto/RunningMinimum.xml
8 ms. Memory: 653312K Free: 466160K (71%)
----------------- Invoking toplevel() on ptolemy.moml.MoMLSimpleApplication@4049e7a3
----------------- Done invoking toplevel() on ptolemy.moml.MoMLSimpleApplication@4049e7a3
reloadAllAccessors: .RunningMinimum

===========================================================================================
----------------- testing Mon Oct 07 05:59:12 UTC 2019 /home/travis/build/icyphy/ptII/ptolemy/actor/lib/test/auto/Scale.xml
----------------- Instantiating /home/travis/build/icyphy/ptII/ptolemy/actor/lib/test/auto/Scale.xml
1 ms. Memory: 653312K Free: 461550K (71%)
----------------- Invoking toplevel() on ptolemy.moml.MoMLSimpleApplication@2cb63519
----------------- Done invoking toplevel() on ptolemy.moml.MoMLSimpleApplication@2cb63519
reloadAllAccessors: .Scale

===========================================================================================
----------------- testing Mon Oct 07 05:59:12 UTC 2019 /home/travis/build/icyphy/ptII/ptolemy/actor/lib/test/auto/Scale2.xml
----------------- Instantiating /home/travis/build/icyphy/ptII/ptolemy/actor/lib/test/auto/Scale2.xml
1 ms. Memory: 653312K Free: 456430K (70%)
----------------- Invoking toplevel() on ptolemy.moml.MoMLSimpleApplication@6f362f3a
----------------- Done invoking toplevel() on ptolemy.moml.MoMLSimpleApplication@6f362f3a
reloadAllAccessors: .Scale2

===========================================================================================
----------------- testing Mon Oct 07 05:59:12 UTC 2019 /home/travis/build/icyphy/ptII/ptolemy/actor/lib/test/auto/Scale3.xml
----------------- Instantiating /home/travis/build/icyphy/ptII/ptolemy/actor/lib/test/auto/Scale3.xml
10 ms. Memory: 653312K Free: 450286K (69%)
----------------- Invoking toplevel() on ptolemy.moml.MoMLSimpleApplication@460c5120
----------------- Done invoking toplevel() on ptolemy.moml.MoMLSimpleApplication@460c5120
reloadAllAccessors: .Scale3

===========================================================================================
----------------- testing Mon Oct 07 05:59:12 UTC 2019 /home/travis/build/icyphy/ptII/ptolemy/actor/lib/test/auto/ScaleArray.xml
----------------- Instantiating /home/travis/build/icyphy/ptII/ptolemy/actor/lib/test/auto/ScaleArray.xml
3 ms. Memory: 653312K Free: 445680K (68%)
----------------- Invoking toplevel() on ptolemy.moml.MoMLSimpleApplication@67eab713
----------------- Done invoking toplevel() on ptolemy.moml.MoMLSimpleApplication@67eab713
reloadAllAccessors: .ScaleArray

===========================================================================================
----------------- testing Mon Oct 07 05:59:12 UTC 2019 /home/travis/build/icyphy/ptII/ptolemy/actor/lib/test/auto/ScaleArray2.xml
----------------- Instantiating /home/travis/build/icyphy/ptII/ptolemy/actor/lib/test/auto/ScaleArray2.xml
2 ms. Memory: 653312K Free: 440560K (67%)
----------------- Invoking toplevel() on ptolemy.moml.MoMLSimpleApplication@2027eba1
----------------- Done invoking toplevel() on ptolemy.moml.MoMLSimpleApplication@2027eba1
reloadAllAccessors: .ScaleArray2

===========================================================================================
----------------- testing Mon Oct 07 05:59:12 UTC 2019 /home/travis/build/icyphy/ptII/ptolemy/actor/lib/test/auto/ScaleMatrix.xml
----------------- Instantiating /home/travis/build/icyphy/ptII/ptolemy/actor/lib/test/auto/ScaleMatrix.xml
175 ms. Memory: 653312K Free: 425710K (65%)
----------------- Invoking toplevel() on ptolemy.moml.MoMLSimpleApplication@75186c25
----------------- Done invoking toplevel() on ptolemy.moml.MoMLSimpleApplication@75186c25
reloadAllAccessors: .ScaleMatrix

===========================================================================================
----------------- testing Mon Oct 07 05:59:12 UTC 2019 /home/travis/build/icyphy/ptII/ptolemy/actor/lib/test/auto/Select.xml
----------------- Instantiating /home/travis/build/icyphy/ptII/ptolemy/actor/lib/test/auto/Select.xml
8 ms. Memory: 653312K Free: 419536K (64%)
----------------- Invoking toplevel() on ptolemy.moml.MoMLSimpleApplication@cffde8c
----------------- Done invoking toplevel() on ptolemy.moml.MoMLSimpleApplication@cffde8c
reloadAllAccessors: .Select

===========================================================================================
----------------- testing Mon Oct 07 05:59:12 UTC 2019 /home/travis/build/icyphy/ptII/ptolemy/actor/lib/test/auto/Select2.xml
----------------- Instantiating /home/travis/build/icyphy/ptII/ptolemy/actor/lib/test/auto/Select2.xml
1 ms. Memory: 653312K Free: 414446K (63%)
----------------- Invoking toplevel() on ptolemy.moml.MoMLSimpleApplication@5bb2d99f
----------------- Done invoking toplevel() on ptolemy.moml.MoMLSimpleApplication@5bb2d99f
reloadAllAccessors: .Select2

===========================================================================================
----------------- testing Mon Oct 07 05:59:12 UTC 2019 /home/travis/build/icyphy/ptII/ptolemy/actor/lib/test/auto/SequenceToArray2.xml
----------------- Instantiating /home/travis/build/icyphy/ptII/ptolemy/actor/lib/test/auto/SequenceToArray2.xml
106 ms. Memory: 653312K Free: 390894K (60%)
----------------- Invoking toplevel() on ptolemy.moml.MoMLSimpleApplication@5318282f
----------------- Done invoking toplevel() on ptolemy.moml.MoMLSimpleApplication@5318282f
reloadAllAccessors: .SequenceToArray2

===========================================================================================
----------------- testing Mon Oct 07 05:59:12 UTC 2019 /home/travis/build/icyphy/ptII/ptolemy/actor/lib/test/auto/SequentialClock.xml
----------------- Instantiating /home/travis/build/icyphy/ptII/ptolemy/actor/lib/test/auto/SequentialClock.xml
2 ms. Memory: 653312K Free: 386798K (59%)
----------------- Invoking toplevel() on ptolemy.moml.MoMLSimpleApplication@771c6dcb
----------------- Done invoking toplevel() on ptolemy.moml.MoMLSimpleApplication@771c6dcb
reloadAllAccessors: .SequentialClock

===========================================================================================
----------------- testing Mon Oct 07 05:59:12 UTC 2019 /home/travis/build/icyphy/ptII/ptolemy/actor/lib/test/auto/SetVariable.xml
----------------- Instantiating /home/travis/build/icyphy/ptII/ptolemy/actor/lib/test/auto/SetVariable.xml
2 ms. Memory: 653312K Free: 382192K (59%)
----------------- Invoking toplevel() on ptolemy.moml.MoMLSimpleApplication@fa20652
----------------- Done invoking toplevel() on ptolemy.moml.MoMLSimpleApplication@fa20652
reloadAllAccessors: .SetVariable

===========================================================================================
----------------- testing Mon Oct 07 05:59:12 UTC 2019 /home/travis/build/icyphy/ptII/ptolemy/actor/lib/test/auto/SetVariable2.xml
----------------- Instantiating /home/travis/build/icyphy/ptII/ptolemy/actor/lib/test/auto/SetVariable2.xml
2 ms. Memory: 653312K Free: 376048K (58%)
----------------- Invoking toplevel() on ptolemy.moml.MoMLSimpleApplication@107377ee
----------------- Done invoking toplevel() on ptolemy.moml.MoMLSimpleApplication@107377ee
reloadAllAccessors: .SetVariable2

===========================================================================================
----------------- testing Mon Oct 07 05:59:12 UTC 2019 /home/travis/build/icyphy/ptII/ptolemy/actor/lib/test/auto/SetVariable3.xml
----------------- Instantiating /home/travis/build/icyphy/ptII/ptolemy/actor/lib/test/auto/SetVariable3.xml
9 ms. Memory: 653312K Free: 370928K (57%)
----------------- Invoking toplevel() on ptolemy.moml.MoMLSimpleApplication@767c92ff
----------------- Done invoking toplevel() on ptolemy.moml.MoMLSimpleApplication@767c92ff
reloadAllAccessors: .SetVariable3

===========================================================================================
----------------- testing Mon Oct 07 05:59:12 UTC 2019 /home/travis/build/icyphy/ptII/ptolemy/actor/lib/test/auto/SetVariable4.xml
----------------- Instantiating /home/travis/build/icyphy/ptII/ptolemy/actor/lib/test/auto/SetVariable4.xml
12 ms. Memory: 653312K Free: 361712K (55%)
----------------- Invoking toplevel() on ptolemy.moml.MoMLSimpleApplication@1b1f8275
----------------- Done invoking toplevel() on ptolemy.moml.MoMLSimpleApplication@1b1f8275
reloadAllAccessors: .SetVariable4

===========================================================================================
----------------- testing Mon Oct 07 05:59:12 UTC 2019 /home/travis/build/icyphy/ptII/ptolemy/actor/lib/test/auto/SetVariable5.xml
----------------- Instantiating /home/travis/build/icyphy/ptII/ptolemy/actor/lib/test/auto/SetVariable5.xml
18 ms. Memory: 653312K Free: 351982K (54%)
----------------- Invoking toplevel() on ptolemy.moml.MoMLSimpleApplication@23f30244
----------------- Done invoking toplevel() on ptolemy.moml.MoMLSimpleApplication@23f30244
reloadAllAccessors: .SetVariable5

===========================================================================================
----------------- testing Mon Oct 07 05:59:12 UTC 2019 /home/travis/build/icyphy/ptII/ptolemy/actor/lib/test/auto/Sinewave.xml
----------------- Instantiating /home/travis/build/icyphy/ptII/ptolemy/actor/lib/test/auto/Sinewave.xml
8 ms. Memory: 653312K Free: 341232K (52%)
----------------- Invoking toplevel() on ptolemy.moml.MoMLSimpleApplication@4c0fb8fd
----------------- Done invoking toplevel() on ptolemy.moml.MoMLSimpleApplication@4c0fb8fd
reloadAllAccessors: .Sinewave

===========================================================================================
----------------- testing Mon Oct 07 05:59:12 UTC 2019 /home/travis/build/icyphy/ptII/ptolemy/actor/lib/test/auto/Sinewave2.xml
----------------- Instantiating /home/travis/build/icyphy/ptII/ptolemy/actor/lib/test/auto/Sinewave2.xml
7 ms. Memory: 653312K Free: 333040K (51%)
----------------- Invoking toplevel() on ptolemy.moml.MoMLSimpleApplication@615da584
----------------- Done invoking toplevel() on ptolemy.moml.MoMLSimpleApplication@615da584
reloadAllAccessors: .Sinewave2

===========================================================================================
----------------- testing Mon Oct 07 05:59:12 UTC 2019 /home/travis/build/icyphy/ptII/ptolemy/actor/lib/test/auto/Sinewave3.xml
----------------- Instantiating /home/travis/build/icyphy/ptII/ptolemy/actor/lib/test/auto/Sinewave3.xml
9 ms. Memory: 653312K Free: 324320K (50%)
----------------- Invoking toplevel() on ptolemy.moml.MoMLSimpleApplication@137edce5
----------------- Done invoking toplevel() on ptolemy.moml.MoMLSimpleApplication@137edce5
reloadAllAccessors: .Sinewave3

===========================================================================================
----------------- testing Mon Oct 07 05:59:12 UTC 2019 /home/travis/build/icyphy/ptII/ptolemy/actor/lib/test/auto/SingleEvent.xml
----------------- Instantiating /home/travis/build/icyphy/ptII/ptolemy/actor/lib/test/auto/SingleEvent.xml
1 ms. Memory: 653312K Free: 320238K (49%)
----------------- Invoking toplevel() on ptolemy.moml.MoMLSimpleApplication@31667dab
----------------- Done invoking toplevel() on ptolemy.moml.MoMLSimpleApplication@31667dab
reloadAllAccessors: .SingleEvent

===========================================================================================
----------------- testing Mon Oct 07 05:59:12 UTC 2019 /home/travis/build/icyphy/ptII/ptolemy/actor/lib/test/auto/Sleep.xml
----------------- Instantiating /home/travis/build/icyphy/ptII/ptolemy/actor/lib/test/auto/Sleep.xml
6004 ms. Memory: 653312K Free: 315088K (48%)
----------------- Invoking toplevel() on ptolemy.moml.MoMLSimpleApplication@bfc5730
----------------- Done invoking toplevel() on ptolemy.moml.MoMLSimpleApplication@bfc5730
reloadAllAccessors: .Sleep

===========================================================================================
----------------- testing Mon Oct 07 05:59:18 UTC 2019 /home/travis/build/icyphy/ptII/ptolemy/actor/lib/test/auto/SleepMultipleFire.xml
----------------- Instantiating /home/travis/build/icyphy/ptII/ptolemy/actor/lib/test/auto/SleepMultipleFire.xml
1007 ms. Memory: 653312K Free: 308974K (47%)
----------------- Invoking toplevel() on ptolemy.moml.MoMLSimpleApplication@4da57e7f
----------------- Done invoking toplevel() on ptolemy.moml.MoMLSimpleApplication@4da57e7f
reloadAllAccessors: .SleepMultipleFire

===========================================================================================
----------------- testing Mon Oct 07 05:59:19 UTC 2019 /home/travis/build/icyphy/ptII/ptolemy/actor/lib/test/auto/StopDE.xml
----------------- Instantiating /home/travis/build/icyphy/ptII/ptolemy/actor/lib/test/auto/StopDE.xml
5 ms. Memory: 653312K Free: 303344K (46%)
----------------- Invoking toplevel() on ptolemy.moml.MoMLSimpleApplication@265be60
----------------- Done invoking toplevel() on ptolemy.moml.MoMLSimpleApplication@265be60
reloadAllAccessors: .StopDE

===========================================================================================
----------------- testing Mon Oct 07 05:59:20 UTC 2019 /home/travis/build/icyphy/ptII/ptolemy/actor/lib/test/auto/StopSDF.xml
----------------- Instantiating /home/travis/build/icyphy/ptII/ptolemy/actor/lib/test/auto/StopSDF.xml
3 ms. Memory: 653312K Free: 298224K (46%)
----------------- Invoking toplevel() on ptolemy.moml.MoMLSimpleApplication@3fa3c67a
----------------- Done invoking toplevel() on ptolemy.moml.MoMLSimpleApplication@3fa3c67a
reloadAllAccessors: .StopSDF

===========================================================================================
----------------- testing Mon Oct 07 05:59:20 UTC 2019 /home/travis/build/icyphy/ptII/ptolemy/actor/lib/test/auto/StringConstant.xml
----------------- Instantiating /home/travis/build/icyphy/ptII/ptolemy/actor/lib/test/auto/StringConstant.xml
4 ms. Memory: 653312K Free: 293104K (45%)
----------------- Invoking toplevel() on ptolemy.moml.MoMLSimpleApplication@2f1abf44
----------------- Done invoking toplevel() on ptolemy.moml.MoMLSimpleApplication@2f1abf44
reloadAllAccessors: .StringConstant

===========================================================================================
----------------- testing Mon Oct 07 05:59:20 UTC 2019 /home/travis/build/icyphy/ptII/ptolemy/actor/lib/test/auto/SubscriberPortInitialValues1.xml
----------------- Instantiating /home/travis/build/icyphy/ptII/ptolemy/actor/lib/test/auto/SubscriberPortInitialValues1.xml
15 ms. Memory: 653312K Free: 284398K (44%)
----------------- Invoking toplevel() on ptolemy.moml.MoMLSimpleApplication@811f8aa
----------------- Done invoking toplevel() on ptolemy.moml.MoMLSimpleApplication@811f8aa
reloadAllAccessors: .SubscriberPortInitialValues1

===========================================================================================
----------------- testing Mon Oct 07 05:59:20 UTC 2019 /home/travis/build/icyphy/ptII/ptolemy/actor/lib/test/auto/SubscriberPortInitialValues13.xml
----------------- Instantiating /home/travis/build/icyphy/ptII/ptolemy/actor/lib/test/auto/SubscriberPortInitialValues13.xml
7 ms. Memory: 653312K Free: 272110K (42%)
----------------- Invoking toplevel() on ptolemy.moml.MoMLSimpleApplication@222df540
----------------- Done invoking toplevel() on ptolemy.moml.MoMLSimpleApplication@222df540
reloadAllAccessors: .SubscriberPortInitialValues13

===========================================================================================
----------------- testing Mon Oct 07 05:59:20 UTC 2019 /home/travis/build/icyphy/ptII/ptolemy/actor/lib/test/auto/SubscriberPortInitialValues14.xml
----------------- Instantiating /home/travis/build/icyphy/ptII/ptolemy/actor/lib/test/auto/SubscriberPortInitialValues14.xml
5 ms. Memory: 653312K Free: 263918K (40%)
----------------- Invoking toplevel() on ptolemy.moml.MoMLSimpleApplication@54c5a7
----------------- Done invoking toplevel() on ptolemy.moml.MoMLSimpleApplication@54c5a7
reloadAllAccessors: .SubscriberPortInitialValues14

===========================================================================================
----------------- testing Mon Oct 07 05:59:20 UTC 2019 /home/travis/build/icyphy/ptII/ptolemy/actor/lib/test/auto/SubscriberPortInitialValues2.xml
----------------- Instantiating /home/travis/build/icyphy/ptII/ptolemy/actor/lib/test/auto/SubscriberPortInitialValues2.xml
5 ms. Memory: 653312K Free: 256240K (39%)
----------------- Invoking toplevel() on ptolemy.moml.MoMLSimpleApplication@4133ea65
----------------- Done invoking toplevel() on ptolemy.moml.MoMLSimpleApplication@4133ea65
reloadAllAccessors: .SubscriberPortInitialValues2

===========================================================================================
----------------- testing Mon Oct 07 05:59:20 UTC 2019 /home/travis/build/icyphy/ptII/ptolemy/actor/lib/test/auto/SubscriberPortInitialValues3.xml
----------------- Instantiating /home/travis/build/icyphy/ptII/ptolemy/actor/lib/test/auto/SubscriberPortInitialValues3.xml
5 ms. Memory: 653312K Free: 245486K (38%)
----------------- Invoking toplevel() on ptolemy.moml.MoMLSimpleApplication@486f1cc2
----------------- Done invoking toplevel() on ptolemy.moml.MoMLSimpleApplication@486f1cc2
reloadAllAccessors: .SubscriberPortInitialValues3

===========================================================================================
----------------- testing Mon Oct 07 05:59:20 UTC 2019 /home/travis/build/icyphy/ptII/ptolemy/actor/lib/test/auto/SubscriptionAggregator.xml
----------------- Instantiating /home/travis/build/icyphy/ptII/ptolemy/actor/lib/test/auto/SubscriptionAggregator.xml
6 ms. Memory: 653312K Free: 238304K (36%)
----------------- Invoking toplevel() on ptolemy.moml.MoMLSimpleApplication@59a1f53
----------------- Done invoking toplevel() on ptolemy.moml.MoMLSimpleApplication@59a1f53
reloadAllAccessors: .SubscriptionAggregator

===========================================================================================
----------------- testing Mon Oct 07 05:59:20 UTC 2019 /home/travis/build/icyphy/ptII/ptolemy/actor/lib/test/auto/SubscriptionAggregator2.xml
----------------- Instantiating /home/travis/build/icyphy/ptII/ptolemy/actor/lib/test/auto/SubscriptionAggregator2.xml
3 ms. Memory: 653312K Free: 231664K (35%)
----------------- Invoking toplevel() on ptolemy.moml.MoMLSimpleApplication@6338b815
----------------- Done invoking toplevel() on ptolemy.moml.MoMLSimpleApplication@6338b815
reloadAllAccessors: .SubscriptionAggregator2

===========================================================================================
----------------- testing Mon Oct 07 05:59:20 UTC 2019 /home/travis/build/icyphy/ptII/ptolemy/actor/lib/test/auto/SubscriptionAggregator3.xml
----------------- Instantiating /home/travis/build/icyphy/ptII/ptolemy/actor/lib/test/auto/SubscriptionAggregator3.xml
4 ms. Memory: 653312K Free: 222448K (34%)
----------------- Invoking toplevel() on ptolemy.moml.MoMLSimpleApplication@6a17b9a5
----------------- Done invoking toplevel() on ptolemy.moml.MoMLSimpleApplication@6a17b9a5
reloadAllAccessors: .SubscriptionAggregator3

===========================================================================================
----------------- testing Mon Oct 07 05:59:20 UTC 2019 /home/travis/build/icyphy/ptII/ptolemy/actor/lib/test/auto/SubscriptionAggregatorMultiply.xml
----------------- Instantiating /home/travis/build/icyphy/ptII/ptolemy/actor/lib/test/auto/SubscriptionAggregatorMultiply.xml
14 ms. Memory: 653312K Free: 595696K (91%)
----------------- Invoking toplevel() on ptolemy.moml.MoMLSimpleApplication@66cac854
----------------- Done invoking toplevel() on ptolemy.moml.MoMLSimpleApplication@66cac854
reloadAllAccessors: .SubscriptionAggregatorMultiply

===========================================================================================
----------------- testing Mon Oct 07 05:59:20 UTC 2019 /home/travis/build/icyphy/ptII/ptolemy/actor/lib/test/auto/SubscriptionAggregatorPortMultiply1.xml
----------------- Instantiating /home/travis/build/icyphy/ptII/ptolemy/actor/lib/test/auto/SubscriptionAggregatorPortMultiply1.xml
5 ms. Memory: 653312K Free: 588014K (90%)
----------------- Invoking toplevel() on ptolemy.moml.MoMLSimpleApplication@6e4184a3
----------------- Done invoking toplevel() on ptolemy.moml.MoMLSimpleApplication@6e4184a3
reloadAllAccessors: .SubscriptionAggregatorPortMultiply1

===========================================================================================
----------------- testing Mon Oct 07 05:59:20 UTC 2019 /home/travis/build/icyphy/ptII/ptolemy/actor/lib/test/auto/Switch.xml
----------------- Instantiating /home/travis/build/icyphy/ptII/ptolemy/actor/lib/test/auto/Switch.xml
10 ms. Memory: 653312K Free: 579312K (89%)
----------------- Invoking toplevel() on ptolemy.moml.MoMLSimpleApplication@21df25a8
----------------- Done invoking toplevel() on ptolemy.moml.MoMLSimpleApplication@21df25a8
reloadAllAccessors: .Switch

===========================================================================================
----------------- testing Mon Oct 07 05:59:20 UTC 2019 /home/travis/build/icyphy/ptII/ptolemy/actor/lib/test/auto/Switch2.xml
----------------- Instantiating /home/travis/build/icyphy/ptII/ptolemy/actor/lib/test/auto/Switch2.xml
1 ms. Memory: 653312K Free: 574702K (88%)
----------------- Invoking toplevel() on ptolemy.moml.MoMLSimpleApplication@3bb59d8c
----------------- Done invoking toplevel() on ptolemy.moml.MoMLSimpleApplication@3bb59d8c
reloadAllAccessors: .Switch2

===========================================================================================
----------------- testing Mon Oct 07 05:59:20 UTC 2019 /home/travis/build/icyphy/ptII/ptolemy/actor/lib/test/auto/SwitchDE.xml
----------------- Instantiating /home/travis/build/icyphy/ptII/ptolemy/actor/lib/test/auto/SwitchDE.xml
5 ms. Memory: 653312K Free: 568528K (87%)
----------------- Invoking toplevel() on ptolemy.moml.MoMLSimpleApplication@322f406d
----------------- Done invoking toplevel() on ptolemy.moml.MoMLSimpleApplication@322f406d
reloadAllAccessors: .SwitchDE

===========================================================================================
----------------- testing Mon Oct 07 05:59:20 UTC 2019 /home/travis/build/icyphy/ptII/ptolemy/actor/lib/test/auto/SynchronizerDE.xml
----------------- Instantiating /home/travis/build/icyphy/ptII/ptolemy/actor/lib/test/auto/SynchronizerDE.xml
10 ms. Memory: 653312K Free: 559856K (86%)
----------------- Invoking toplevel() on ptolemy.moml.MoMLSimpleApplication@28675e1e
----------------- Done invoking toplevel() on ptolemy.moml.MoMLSimpleApplication@28675e1e
reloadAllAccessors: .SynchronizerDE

===========================================================================================
----------------- testing Mon Oct 07 05:59:20 UTC 2019 /home/travis/build/icyphy/ptII/ptolemy/actor/lib/test/auto/Test.xml
----------------- Instantiating /home/travis/build/icyphy/ptII/ptolemy/actor/lib/test/auto/Test.xml
10 ms. Memory: 653312K Free: 554736K (85%)
----------------- Invoking toplevel() on ptolemy.moml.MoMLSimpleApplication@388addbe
----------------- Done invoking toplevel() on ptolemy.moml.MoMLSimpleApplication@388addbe
reloadAllAccessors: .Test

===========================================================================================
----------------- testing Mon Oct 07 05:59:20 UTC 2019 /home/travis/build/icyphy/ptII/ptolemy/actor/lib/test/auto/TestExceptionAttribute1.xml
----------------- Instantiating /home/travis/build/icyphy/ptII/ptolemy/actor/lib/test/auto/TestExceptionAttribute1.xml
2 ms. Memory: 653312K Free: 550640K (84%)
----------------- Invoking toplevel() on ptolemy.moml.MoMLSimpleApplication@249179c9
----------------- Done invoking toplevel() on ptolemy.moml.MoMLSimpleApplication@249179c9
reloadAllAccessors: .TestExceptionAttribute1

===========================================================================================
----------------- testing Mon Oct 07 05:59:20 UTC 2019 /home/travis/build/icyphy/ptII/ptolemy/actor/lib/test/auto/TestExceptionAttribute2.xml
----------------- Instantiating /home/travis/build/icyphy/ptII/ptolemy/actor/lib/test/auto/TestExceptionAttribute2.xml
1 ms. Memory: 653312K Free: 547054K (84%)
----------------- Invoking toplevel() on ptolemy.moml.MoMLSimpleApplication@7be66fe8
----------------- Done invoking toplevel() on ptolemy.moml.MoMLSimpleApplication@7be66fe8
reloadAllAccessors: .TestExceptionAttribute2

===========================================================================================
----------------- testing Mon Oct 07 05:59:20 UTC 2019 /home/travis/build/icyphy/ptII/ptolemy/actor/lib/test/auto/TestExceptionAttribute3.xml
----------------- Instantiating /home/travis/build/icyphy/ptII/ptolemy/actor/lib/test/auto/TestExceptionAttribute3.xml
.TestExceptionAttribute3.TestExceptionAttribute: initialize() was not invoked, but wrapup() was.  This is unusual, but not always a problem.  For example, exporting JNLP will do this.
1 ms. Memory: 653312K Free: 543472K (83%)
----------------- Invoking toplevel() on ptolemy.moml.MoMLSimpleApplication@254e9377
----------------- Done invoking toplevel() on ptolemy.moml.MoMLSimpleApplication@254e9377
reloadAllAccessors: .TestExceptionAttribute3

===========================================================================================
----------------- testing Mon Oct 07 05:59:20 UTC 2019 /home/travis/build/icyphy/ptII/ptolemy/actor/lib/test/auto/TestExceptionAttribute4.xml
----------------- Instantiating /home/travis/build/icyphy/ptII/ptolemy/actor/lib/test/auto/TestExceptionAttribute4.xml
.TestExceptionAttribute4.TestExceptionAttribute: initialize() was not invoked, but wrapup() was.  This is unusual, but not always a problem.  For example, exporting JNLP will do this.
.TestExceptionAttribute4.TestExceptionAttribute2: initialize() was not invoked, but wrapup() was.  This is unusual, but not always a problem.  For example, exporting JNLP will do this.
1 ms. Memory: 653312K Free: 538862K (82%)
----------------- Invoking toplevel() on ptolemy.moml.MoMLSimpleApplication@552571e9
----------------- Done invoking toplevel() on ptolemy.moml.MoMLSimpleApplication@552571e9
reloadAllAccessors: .TestExceptionAttribute4

===========================================================================================
----------------- testing Mon Oct 07 05:59:20 UTC 2019 /home/travis/build/icyphy/ptII/ptolemy/actor/lib/test/auto/TestExceptionHandler1.xml
----------------- Instantiating /home/travis/build/icyphy/ptII/ptolemy/actor/lib/test/auto/TestExceptionHandler1.xml
1 ms. Memory: 653312K Free: 535280K (82%)
----------------- Invoking toplevel() on ptolemy.moml.MoMLSimpleApplication@1ebff177
----------------- Done invoking toplevel() on ptolemy.moml.MoMLSimpleApplication@1ebff177
reloadAllAccessors: .TestExceptionHandler1

===========================================================================================
----------------- testing Mon Oct 07 05:59:20 UTC 2019 /home/travis/build/icyphy/ptII/ptolemy/actor/lib/test/auto/TestExceptionHandler2.xml
----------------- Instantiating /home/travis/build/icyphy/ptII/ptolemy/actor/lib/test/auto/TestExceptionHandler2.xml
1 ms. Memory: 653312K Free: 531184K (81%)
----------------- Invoking toplevel() on ptolemy.moml.MoMLSimpleApplication@7b14f90b
----------------- Done invoking toplevel() on ptolemy.moml.MoMLSimpleApplication@7b14f90b
reloadAllAccessors: .TestExceptionHandler2

===========================================================================================
----------------- testing Mon Oct 07 05:59:20 UTC 2019 /home/travis/build/icyphy/ptII/ptolemy/actor/lib/test/auto/TestExceptionHandler3.xml
----------------- Instantiating /home/travis/build/icyphy/ptII/ptolemy/actor/lib/test/auto/TestExceptionHandler3.xml
1 ms. Memory: 653312K Free: 527598K (81%)
----------------- Invoking toplevel() on ptolemy.moml.MoMLSimpleApplication@22ebe9ee
----------------- Done invoking toplevel() on ptolemy.moml.MoMLSimpleApplication@22ebe9ee
reloadAllAccessors: .TestExceptionHandler3

===========================================================================================
----------------- testing Mon Oct 07 05:59:20 UTC 2019 /home/travis/build/icyphy/ptII/ptolemy/actor/lib/test/auto/TestExceptionHandler4.xml
----------------- Instantiating /home/travis/build/icyphy/ptII/ptolemy/actor/lib/test/auto/TestExceptionHandler4.xml
1 ms. Memory: 653312K Free: 523502K (80%)
----------------- Invoking toplevel() on ptolemy.moml.MoMLSimpleApplication@70b3526a
----------------- Done invoking toplevel() on ptolemy.moml.MoMLSimpleApplication@70b3526a
reloadAllAccessors: .TestExceptionHandler4

===========================================================================================
----------------- testing Mon Oct 07 05:59:20 UTC 2019 /home/travis/build/icyphy/ptII/ptolemy/actor/lib/test/auto/TestRequireCorrectOrder.xml
----------------- Instantiating /home/travis/build/icyphy/ptII/ptolemy/actor/lib/test/auto/TestRequireCorrectOrder.xml
2 ms. Memory: 653312K Free: 517872K (79%)
----------------- Invoking toplevel() on ptolemy.moml.MoMLSimpleApplication@574991bc
----------------- Done invoking toplevel() on ptolemy.moml.MoMLSimpleApplication@574991bc
reloadAllAccessors: .TestRequireCorrectOrder

===========================================================================================
----------------- testing Mon Oct 07 05:59:20 UTC 2019 /home/travis/build/icyphy/ptII/ptolemy/actor/lib/test/auto/TestSimple.xml
----------------- Instantiating /home/travis/build/icyphy/ptII/ptolemy/actor/lib/test/auto/TestSimple.xml
6 ms. Memory: 653312K Free: 513256K (79%)
----------------- Invoking toplevel() on ptolemy.moml.MoMLSimpleApplication@7650ccd0
----------------- Done invoking toplevel() on ptolemy.moml.MoMLSimpleApplication@7650ccd0
reloadAllAccessors: .TestSimple

===========================================================================================
----------------- testing Mon Oct 07 05:59:20 UTC 2019 /home/travis/build/icyphy/ptII/ptolemy/actor/lib/test/auto/ThrowModelError.xml
----------------- Instantiating /home/travis/build/icyphy/ptII/ptolemy/actor/lib/test/auto/ThrowModelError.xml
1 ms. Memory: 653312K Free: 508142K (78%)
----------------- Invoking toplevel() on ptolemy.moml.MoMLSimpleApplication@5fceb933
----------------- Done invoking toplevel() on ptolemy.moml.MoMLSimpleApplication@5fceb933
reloadAllAccessors: .ThrowModelError

===========================================================================================
----------------- testing Mon Oct 07 05:59:20 UTC 2019 /home/travis/build/icyphy/ptII/ptolemy/actor/lib/test/auto/TimeDelayMicrosteps.xml
----------------- Instantiating /home/travis/build/icyphy/ptII/ptolemy/actor/lib/test/auto/TimeDelayMicrosteps.xml
4 ms. Memory: 653312K Free: 501488K (77%)
----------------- Invoking toplevel() on ptolemy.moml.MoMLSimpleApplication@617da5c1
----------------- Done invoking toplevel() on ptolemy.moml.MoMLSimpleApplication@617da5c1
reloadAllAccessors: .TimeDelayMicrosteps

===========================================================================================
----------------- testing Mon Oct 07 05:59:20 UTC 2019 /home/travis/build/icyphy/ptII/ptolemy/actor/lib/test/auto/TimeDelayMicrosteps2.xml
----------------- Instantiating /home/travis/build/icyphy/ptII/ptolemy/actor/lib/test/auto/TimeDelayMicrosteps2.xml
3 ms. Memory: 653312K Free: 494320K (76%)
----------------- Invoking toplevel() on ptolemy.moml.MoMLSimpleApplication@4257cd37
----------------- Done invoking toplevel() on ptolemy.moml.MoMLSimpleApplication@4257cd37
reloadAllAccessors: .TimeDelayMicrosteps2

===========================================================================================
----------------- testing Mon Oct 07 05:59:20 UTC 2019 /home/travis/build/icyphy/ptII/ptolemy/actor/lib/test/auto/TimeDelayMicrosteps3.xml
----------------- Instantiating /home/travis/build/icyphy/ptII/ptolemy/actor/lib/test/auto/TimeDelayMicrosteps3.xml
3 ms. Memory: 653312K Free: 487152K (75%)
----------------- Invoking toplevel() on ptolemy.moml.MoMLSimpleApplication@51c3dfba
----------------- Done invoking toplevel() on ptolemy.moml.MoMLSimpleApplication@51c3dfba
reloadAllAccessors: .TimeDelayMicrosteps3

===========================================================================================
----------------- testing Mon Oct 07 05:59:20 UTC 2019 /home/travis/build/icyphy/ptII/ptolemy/actor/lib/test/auto/TimeDelayVariableMicrosteps.xml
----------------- Instantiating /home/travis/build/icyphy/ptII/ptolemy/actor/lib/test/auto/TimeDelayVariableMicrosteps.xml
4 ms. Memory: 653312K Free: 481006K (74%)
----------------- Invoking toplevel() on ptolemy.moml.MoMLSimpleApplication@62736ea8
----------------- Done invoking toplevel() on ptolemy.moml.MoMLSimpleApplication@62736ea8
reloadAllAccessors: .TimeDelayVariableMicrosteps

===========================================================================================
----------------- testing Mon Oct 07 05:59:20 UTC 2019 /home/travis/build/icyphy/ptII/ptolemy/actor/lib/test/auto/TimeGap.xml
----------------- Instantiating /home/travis/build/icyphy/ptII/ptolemy/actor/lib/test/auto/TimeGap.xml
4 ms. Memory: 653312K Free: 475344K (73%)
----------------- Invoking toplevel() on ptolemy.moml.MoMLSimpleApplication@7f2aaddb
----------------- Done invoking toplevel() on ptolemy.moml.MoMLSimpleApplication@7f2aaddb
reloadAllAccessors: .TimeGap

===========================================================================================
----------------- testing Mon Oct 07 05:59:20 UTC 2019 /home/travis/build/icyphy/ptII/ptolemy/actor/lib/test/auto/TimeGap2.xml
----------------- Instantiating /home/travis/build/icyphy/ptII/ptolemy/actor/lib/test/auto/TimeGap2.xml
2 ms. Memory: 653312K Free: 469744K (72%)
----------------- Invoking toplevel() on ptolemy.moml.MoMLSimpleApplication@656a5c43
----------------- Done invoking toplevel() on ptolemy.moml.MoMLSimpleApplication@656a5c43
reloadAllAccessors: .TimeGap2

===========================================================================================
----------------- testing Mon Oct 07 05:59:20 UTC 2019 /home/travis/build/icyphy/ptII/ptolemy/actor/lib/test/auto/TimedSinewave.xml
----------------- Instantiating /home/travis/build/icyphy/ptII/ptolemy/actor/lib/test/auto/TimedSinewave.xml
27 ms. Memory: 653312K Free: 453870K (69%)
----------------- Invoking toplevel() on ptolemy.moml.MoMLSimpleApplication@23ea341a
----------------- Done invoking toplevel() on ptolemy.moml.MoMLSimpleApplication@23ea341a
reloadAllAccessors: .TimedSinewave

===========================================================================================
----------------- testing Mon Oct 07 05:59:20 UTC 2019 /home/travis/build/icyphy/ptII/ptolemy/actor/lib/test/auto/TimedSinewavePhase.xml
----------------- Instantiating /home/travis/build/icyphy/ptII/ptolemy/actor/lib/test/auto/TimedSinewavePhase.xml
10 ms. Memory: 653312K Free: 444144K (68%)
----------------- Invoking toplevel() on ptolemy.moml.MoMLSimpleApplication@38c83e48
----------------- Done invoking toplevel() on ptolemy.moml.MoMLSimpleApplication@38c83e48
reloadAllAccessors: .TimedSinewavePhase

===========================================================================================
----------------- testing Mon Oct 07 05:59:20 UTC 2019 /home/travis/build/icyphy/ptII/ptolemy/actor/lib/test/auto/Timer.xml
----------------- Instantiating /home/travis/build/icyphy/ptII/ptolemy/actor/lib/test/auto/Timer.xml
3 ms. Memory: 653312K Free: 438504K (67%)
----------------- Invoking toplevel() on ptolemy.moml.MoMLSimpleApplication@7ea25efa
----------------- Done invoking toplevel() on ptolemy.moml.MoMLSimpleApplication@7ea25efa
reloadAllAccessors: .Timer

===========================================================================================
----------------- testing Mon Oct 07 05:59:20 UTC 2019 /home/travis/build/icyphy/ptII/ptolemy/actor/lib/test/auto/TriangularDistTestModel.xml
----------------- Instantiating /home/travis/build/icyphy/ptII/ptolemy/actor/lib/test/auto/TriangularDistTestModel.xml
2 ms. Memory: 653312K Free: 432352K (66%)
----------------- Invoking toplevel() on ptolemy.moml.MoMLSimpleApplication@7d70963b
----------------- Done invoking toplevel() on ptolemy.moml.MoMLSimpleApplication@7d70963b
reloadAllAccessors: .TriangularDistTestModel

===========================================================================================
----------------- testing Mon Oct 07 05:59:20 UTC 2019 /home/travis/build/icyphy/ptII/ptolemy/actor/lib/test/auto/TrigFunction.xml
----------------- Instantiating /home/travis/build/icyphy/ptII/ptolemy/actor/lib/test/auto/TrigFunction.xml
1 ms. Memory: 653312K Free: 427760K (65%)
----------------- Invoking toplevel() on ptolemy.moml.MoMLSimpleApplication@bbd336e
----------------- Done invoking toplevel() on ptolemy.moml.MoMLSimpleApplication@bbd336e
reloadAllAccessors: .TrigFunction

===========================================================================================
----------------- testing Mon Oct 07 05:59:20 UTC 2019 /home/travis/build/icyphy/ptII/ptolemy/actor/lib/test/auto/TrigFunctionDE.xml
----------------- Instantiating /home/travis/build/icyphy/ptII/ptolemy/actor/lib/test/auto/TrigFunctionDE.xml
1 ms. Memory: 653312K Free: 421616K (65%)
----------------- Invoking toplevel() on ptolemy.moml.MoMLSimpleApplication@578423eb
----------------- Done invoking toplevel() on ptolemy.moml.MoMLSimpleApplication@578423eb
reloadAllAccessors: .TrigFunctionDE

===========================================================================================
----------------- testing Mon Oct 07 05:59:20 UTC 2019 /home/travis/build/icyphy/ptII/ptolemy/actor/lib/test/auto/TrigFunctionInverse.xml
----------------- Instantiating /home/travis/build/icyphy/ptII/ptolemy/actor/lib/test/auto/TrigFunctionInverse.xml
1 ms. Memory: 653312K Free: 416496K (64%)
----------------- Invoking toplevel() on ptolemy.moml.MoMLSimpleApplication@5567a291
----------------- Done invoking toplevel() on ptolemy.moml.MoMLSimpleApplication@5567a291
reloadAllAccessors: .TrigFunctionInverse

===========================================================================================
----------------- testing Mon Oct 07 05:59:20 UTC 2019 /home/travis/build/icyphy/ptII/ptolemy/actor/lib/test/auto/TrigFunctionTan.xml
----------------- Instantiating /home/travis/build/icyphy/ptII/ptolemy/actor/lib/test/auto/TrigFunctionTan.xml
1 ms. Memory: 653312K Free: 411886K (63%)
----------------- Invoking toplevel() on ptolemy.moml.MoMLSimpleApplication@25c51202
----------------- Done invoking toplevel() on ptolemy.moml.MoMLSimpleApplication@25c51202
reloadAllAccessors: .TrigFunctionTan

===========================================================================================
----------------- testing Mon Oct 07 05:59:20 UTC 2019 /home/travis/build/icyphy/ptII/ptolemy/actor/lib/test/auto/TriggeredClock.xml
----------------- Instantiating /home/travis/build/icyphy/ptII/ptolemy/actor/lib/test/auto/TriggeredClock.xml
2 ms. Memory: 653312K Free: 407248K (62%)
----------------- Invoking toplevel() on ptolemy.moml.MoMLSimpleApplication@74cb07a9
----------------- Done invoking toplevel() on ptolemy.moml.MoMLSimpleApplication@74cb07a9
reloadAllAccessors: .TriggeredClock

===========================================================================================
----------------- testing Mon Oct 07 05:59:20 UTC 2019 /home/travis/build/icyphy/ptII/ptolemy/actor/lib/test/auto/URLDirectoryReader.xml
----------------- Instantiating /home/travis/build/icyphy/ptII/ptolemy/actor/lib/test/auto/URLDirectoryReader.xml
32 ms. Memory: 653312K Free: 398064K (61%)
----------------- Invoking toplevel() on ptolemy.moml.MoMLSimpleApplication@32779780
----------------- Done invoking toplevel() on ptolemy.moml.MoMLSimpleApplication@32779780
reloadAllAccessors: .URLDirectoryReader

===========================================================================================
----------------- testing Mon Oct 07 05:59:21 UTC 2019 /home/travis/build/icyphy/ptII/ptolemy/actor/lib/test/auto/URLDirectoryReader3.xml
----------------- Instantiating /home/travis/build/icyphy/ptII/ptolemy/actor/lib/test/auto/URLDirectoryReader3.xml
1291 ms. Memory: 653312K Free: 594160K (91%)
----------------- Invoking toplevel() on ptolemy.moml.MoMLSimpleApplication@12adcdcf
----------------- Done invoking toplevel() on ptolemy.moml.MoMLSimpleApplication@12adcdcf
reloadAllAccessors: .URLDirectoryReader3

===========================================================================================
----------------- testing Mon Oct 07 05:59:22 UTC 2019 /home/travis/build/icyphy/ptII/ptolemy/actor/lib/test/auto/UnaryMathFunction.xml
----------------- Instantiating /home/travis/build/icyphy/ptII/ptolemy/actor/lib/test/auto/UnaryMathFunction.xml
5 ms. Memory: 653312K Free: 585968K (90%)
----------------- Invoking toplevel() on ptolemy.moml.MoMLSimpleApplication@586e944b
----------------- Done invoking toplevel() on ptolemy.moml.MoMLSimpleApplication@586e944b
reloadAllAccessors: .UnaryMathFunction

===========================================================================================
----------------- testing Mon Oct 07 05:59:22 UTC 2019 /home/travis/build/icyphy/ptII/ptolemy/actor/lib/test/auto/Uniform.xml
----------------- Instantiating /home/travis/build/icyphy/ptII/ptolemy/actor/lib/test/auto/Uniform.xml
6 ms. Memory: 653312K Free: 581355K (89%)
----------------- Invoking toplevel() on ptolemy.moml.MoMLSimpleApplication@56efe6af
----------------- Done invoking toplevel() on ptolemy.moml.MoMLSimpleApplication@56efe6af
reloadAllAccessors: .Uniform

===========================================================================================
----------------- testing Mon Oct 07 05:59:22 UTC 2019 /home/travis/build/icyphy/ptII/ptolemy/actor/lib/test/auto/UnionDisassemblerTest.xml
----------------- Instantiating /home/travis/build/icyphy/ptII/ptolemy/actor/lib/test/auto/UnionDisassemblerTest.xml
10 ms. Memory: 653312K Free: 577262K (88%)
----------------- Invoking toplevel() on ptolemy.moml.MoMLSimpleApplication@13668c58
----------------- Done invoking toplevel() on ptolemy.moml.MoMLSimpleApplication@13668c58
reloadAllAccessors: .UnionDisassemblerTest

===========================================================================================
----------------- testing Mon Oct 07 05:59:22 UTC 2019 /home/travis/build/icyphy/ptII/ptolemy/actor/lib/test/auto/UtilityFunctions.xml
----------------- Instantiating /home/travis/build/icyphy/ptII/ptolemy/actor/lib/test/auto/UtilityFunctions.xml
2 ms. Memory: 653312K Free: 573152K (88%)
----------------- Invoking toplevel() on ptolemy.moml.MoMLSimpleApplication@561d3515
----------------- Done invoking toplevel() on ptolemy.moml.MoMLSimpleApplication@561d3515
reloadAllAccessors: .UtilityFunctions

===========================================================================================
----------------- testing Mon Oct 07 05:59:22 UTC 2019 /home/travis/build/icyphy/ptII/ptolemy/actor/lib/test/auto/VariableSleep.xml
----------------- Instantiating /home/travis/build/icyphy/ptII/ptolemy/actor/lib/test/auto/VariableSleep.xml
504 ms. Memory: 653312K Free: 568046K (87%)
----------------- Invoking toplevel() on ptolemy.moml.MoMLSimpleApplication@52c15453
----------------- Done invoking toplevel() on ptolemy.moml.MoMLSimpleApplication@52c15453
reloadAllAccessors: .VariableSleep

===========================================================================================
----------------- testing Mon Oct 07 05:59:23 UTC 2019 /home/travis/build/icyphy/ptII/ptolemy/actor/lib/test/auto/VectorAssemblerDisassemblerCT.xml
----------------- Instantiating /home/travis/build/icyphy/ptII/ptolemy/actor/lib/test/auto/VectorAssemblerDisassemblerCT.xml
106 ms. Memory: 653312K Free: 547056K (84%)
----------------- Invoking toplevel() on ptolemy.moml.MoMLSimpleApplication@4e19766c
----------------- Done invoking toplevel() on ptolemy.moml.MoMLSimpleApplication@4e19766c
reloadAllAccessors: .VectorAssemblerDisassemblerCT

===========================================================================================
----------------- testing Mon Oct 07 05:59:23 UTC 2019 /home/travis/build/icyphy/ptII/ptolemy/actor/lib/test/auto/VectorAssemblerDisassemblerDE.xml
----------------- Instantiating /home/travis/build/icyphy/ptII/ptolemy/actor/lib/test/auto/VectorAssemblerDisassemblerDE.xml
2 ms. Memory: 653312K Free: 539888K (83%)
----------------- Invoking toplevel() on ptolemy.moml.MoMLSimpleApplication@59478262
----------------- Done invoking toplevel() on ptolemy.moml.MoMLSimpleApplication@59478262
reloadAllAccessors: .VectorAssemblerDisassemblerDE

===========================================================================================
----------------- testing Mon Oct 07 05:59:23 UTC 2019 /home/travis/build/icyphy/ptII/ptolemy/actor/lib/test/auto/VectorAssemblerDisassemblerSDF.xml
----------------- Instantiating /home/travis/build/icyphy/ptII/ptolemy/actor/lib/test/auto/VectorAssemblerDisassemblerSDF.xml
3 ms. Memory: 653312K Free: 533744K (82%)
----------------- Invoking toplevel() on ptolemy.moml.MoMLSimpleApplication@68b01d06
----------------- Done invoking toplevel() on ptolemy.moml.MoMLSimpleApplication@68b01d06
reloadAllAccessors: .VectorAssemblerDisassemblerSDF

===========================================================================================
----------------- testing Mon Oct 07 05:59:23 UTC 2019 /home/travis/build/icyphy/ptII/ptolemy/actor/lib/test/auto/WallClockTime.xml
----------------- Instantiating /home/travis/build/icyphy/ptII/ptolemy/actor/lib/test/auto/WallClockTime.xml
1006 ms. Memory: 653312K Free: 528110K (81%)
----------------- Invoking toplevel() on ptolemy.moml.MoMLSimpleApplication@d379879
----------------- Done invoking toplevel() on ptolemy.moml.MoMLSimpleApplication@d379879
reloadAllAccessors: .WallClockTime

===========================================================================================
----------------- testing Mon Oct 07 05:59:24 UTC 2019 /home/travis/build/icyphy/ptII/ptolemy/actor/lib/test/auto/WidthTestWithSubscriberPublisher.xml
----------------- Instantiating /home/travis/build/icyphy/ptII/ptolemy/actor/lib/test/auto/WidthTestWithSubscriberPublisher.xml
9 ms. Memory: 653312K Free: 510702K (78%)
----------------- Invoking toplevel() on ptolemy.moml.MoMLSimpleApplication@4ca04785
----------------- Done invoking toplevel() on ptolemy.moml.MoMLSimpleApplication@4ca04785
reloadAllAccessors: .WidthTestWithSubscriberPublisher

===========================================================================================
----------------- testing Mon Oct 07 05:59:24 UTC 2019 /home/travis/build/icyphy/ptII/ptolemy/actor/lib/test/auto/WidthTestWithSubscriberPublisher2.xml
----------------- Instantiating /home/travis/build/icyphy/ptII/ptolemy/actor/lib/test/auto/WidthTestWithSubscriberPublisher2.xml
3 ms. Memory: 653312K Free: 504558K (77%)
----------------- Invoking toplevel() on ptolemy.moml.MoMLSimpleApplication@7b9512e4
----------------- Done invoking toplevel() on ptolemy.moml.MoMLSimpleApplication@7b9512e4
reloadAllAccessors: .WidthTestWithSubscriberPublisher2

===========================================================================================
----------------- testing Mon Oct 07 05:59:24 UTC 2019 /home/travis/build/icyphy/ptII/ptolemy/actor/lib/test/auto/WidthTestWithSubscriberPublisher3.xml
----------------- Instantiating /home/travis/build/icyphy/ptII/ptolemy/actor/lib/test/auto/WidthTestWithSubscriberPublisher3.xml
3 ms. Memory: 653312K Free: 498414K (76%)
----------------- Invoking toplevel() on ptolemy.moml.MoMLSimpleApplication@2f536d96
----------------- Done invoking toplevel() on ptolemy.moml.MoMLSimpleApplication@2f536d96
reloadAllAccessors: .WidthTestWithSubscriberPublisher3

===========================================================================================
----------------- testing Mon Oct 07 05:59:24 UTC 2019 /home/travis/build/icyphy/ptII/ptolemy/actor/lib/test/auto/Writer.xml
----------------- Instantiating /home/travis/build/icyphy/ptII/ptolemy/actor/lib/test/auto/Writer.xml
0
1
2
3
4
3 ms. Memory: 653312K Free: 494304K (76%)
----------------- Invoking toplevel() on ptolemy.moml.MoMLSimpleApplication@58d96974
----------------- Done invoking toplevel() on ptolemy.moml.MoMLSimpleApplication@58d96974
reloadAllAccessors: .Writer

===========================================================================================
----------------- testing Mon Oct 07 05:59:24 UTC 2019 /home/travis/build/icyphy/ptII/ptolemy/actor/lib/test/auto/array.xml
----------------- Instantiating /home/travis/build/icyphy/ptII/ptolemy/actor/lib/test/auto/array.xml
3 ms. Memory: 653312K Free: 489198K (75%)
----------------- Invoking toplevel() on ptolemy.moml.MoMLSimpleApplication@18d739ae
----------------- Done invoking toplevel() on ptolemy.moml.MoMLSimpleApplication@18d739ae
reloadAllAccessors: .array

===========================================================================================
----------------- testing Mon Oct 07 05:59:24 UTC 2019 /home/travis/build/icyphy/ptII/ptolemy/actor/lib/test/auto/array2.xml
----------------- Instantiating /home/travis/build/icyphy/ptII/ptolemy/actor/lib/test/auto/array2.xml
5 ms. Memory: 653312K Free: 484064K (74%)
----------------- Invoking toplevel() on ptolemy.moml.MoMLSimpleApplication@11a952fb
----------------- Done invoking toplevel() on ptolemy.moml.MoMLSimpleApplication@11a952fb
reloadAllAccessors: .array2

===========================================================================================
----------------- testing Mon Oct 07 05:59:24 UTC 2019 /home/travis/build/icyphy/ptII/ptolemy/actor/lib/test/auto/arrayType.xml
----------------- Instantiating /home/travis/build/icyphy/ptII/ptolemy/actor/lib/test/auto/arrayType.xml
3 ms. Memory: 653312K Free: 478958K (73%)
----------------- Invoking toplevel() on ptolemy.moml.MoMLSimpleApplication@7b01db1f
----------------- Done invoking toplevel() on ptolemy.moml.MoMLSimpleApplication@7b01db1f
reloadAllAccessors: .arrayType

===========================================================================================
----------------- testing Mon Oct 07 05:59:24 UTC 2019 /home/travis/build/icyphy/ptII/ptolemy/actor/lib/test/auto/arrayType10.xml
----------------- Instantiating /home/travis/build/icyphy/ptII/ptolemy/actor/lib/test/auto/arrayType10.xml
2 ms. Memory: 653312K Free: 473838K (73%)
----------------- Invoking toplevel() on ptolemy.moml.MoMLSimpleApplication@2368579e
----------------- Done invoking toplevel() on ptolemy.moml.MoMLSimpleApplication@2368579e
reloadAllAccessors: .arrayType10

===========================================================================================
----------------- testing Mon Oct 07 05:59:24 UTC 2019 /home/travis/build/icyphy/ptII/ptolemy/actor/lib/test/auto/arrayType11.xml
----------------- Instantiating /home/travis/build/icyphy/ptII/ptolemy/actor/lib/test/auto/arrayType11.xml
2 ms. Memory: 653312K Free: 469232K (72%)
----------------- Invoking toplevel() on ptolemy.moml.MoMLSimpleApplication@2ad053c4
----------------- Done invoking toplevel() on ptolemy.moml.MoMLSimpleApplication@2ad053c4
reloadAllAccessors: .arrayType11

===========================================================================================
----------------- testing Mon Oct 07 05:59:24 UTC 2019 /home/travis/build/icyphy/ptII/ptolemy/actor/lib/test/auto/arrayType12.xml
----------------- Instantiating /home/travis/build/icyphy/ptII/ptolemy/actor/lib/test/auto/arrayType12.xml
2 ms. Memory: 653312K Free: 464622K (71%)
----------------- Invoking toplevel() on ptolemy.moml.MoMLSimpleApplication@735cd4a7
----------------- Done invoking toplevel() on ptolemy.moml.MoMLSimpleApplication@735cd4a7
reloadAllAccessors: .arrayType12

===========================================================================================
----------------- testing Mon Oct 07 05:59:24 UTC 2019 /home/travis/build/icyphy/ptII/ptolemy/actor/lib/test/auto/arrayType13.xml
----------------- Instantiating /home/travis/build/icyphy/ptII/ptolemy/actor/lib/test/auto/arrayType13.xml
2 ms. Memory: 653312K Free: 458992K (70%)
----------------- Invoking toplevel() on ptolemy.moml.MoMLSimpleApplication@777620ad
----------------- Done invoking toplevel() on ptolemy.moml.MoMLSimpleApplication@777620ad
reloadAllAccessors: .arrayType13

===========================================================================================
----------------- testing Mon Oct 07 05:59:24 UTC 2019 /home/travis/build/icyphy/ptII/ptolemy/actor/lib/test/auto/arrayType14.xml
----------------- Instantiating /home/travis/build/icyphy/ptII/ptolemy/actor/lib/test/auto/arrayType14.xml
2 ms. Memory: 653312K Free: 453872K (69%)
----------------- Invoking toplevel() on ptolemy.moml.MoMLSimpleApplication@59990c8e
----------------- Done invoking toplevel() on ptolemy.moml.MoMLSimpleApplication@59990c8e
reloadAllAccessors: .arrayType14

===========================================================================================
----------------- testing Mon Oct 07 05:59:24 UTC 2019 /home/travis/build/icyphy/ptII/ptolemy/actor/lib/test/auto/arrayType15.xml
----------------- Instantiating /home/travis/build/icyphy/ptII/ptolemy/actor/lib/test/auto/arrayType15.xml
3 ms. Memory: 653312K Free: 448752K (69%)
----------------- Invoking toplevel() on ptolemy.moml.MoMLSimpleApplication@5d4c87c0
----------------- Done invoking toplevel() on ptolemy.moml.MoMLSimpleApplication@5d4c87c0
reloadAllAccessors: .arrayType15

===========================================================================================
----------------- testing Mon Oct 07 05:59:24 UTC 2019 /home/travis/build/icyphy/ptII/ptolemy/actor/lib/test/auto/arrayType16.xml
----------------- Instantiating /home/travis/build/icyphy/ptII/ptolemy/actor/lib/test/auto/arrayType16.xml
2 ms. Memory: 653312K Free: 443118K (68%)
----------------- Invoking toplevel() on ptolemy.moml.MoMLSimpleApplication@40e3e001
----------------- Done invoking toplevel() on ptolemy.moml.MoMLSimpleApplication@40e3e001
reloadAllAccessors: .arrayType16

===========================================================================================
----------------- testing Mon Oct 07 05:59:24 UTC 2019 /home/travis/build/icyphy/ptII/ptolemy/actor/lib/test/auto/arrayType17.xml
----------------- Instantiating /home/travis/build/icyphy/ptII/ptolemy/actor/lib/test/auto/arrayType17.xml
2 ms. Memory: 653312K Free: 437998K (67%)
----------------- Invoking toplevel() on ptolemy.moml.MoMLSimpleApplication@7231b342
----------------- Done invoking toplevel() on ptolemy.moml.MoMLSimpleApplication@7231b342
reloadAllAccessors: .arrayType17

===========================================================================================
----------------- testing Mon Oct 07 05:59:24 UTC 2019 /home/travis/build/icyphy/ptII/ptolemy/actor/lib/test/auto/arrayType18.xml
----------------- Instantiating /home/travis/build/icyphy/ptII/ptolemy/actor/lib/test/auto/arrayType18.xml
1 ms. Memory: 653312K Free: 432878K (66%)
----------------- Invoking toplevel() on ptolemy.moml.MoMLSimpleApplication@4db3cbc1
----------------- Done invoking toplevel() on ptolemy.moml.MoMLSimpleApplication@4db3cbc1
reloadAllAccessors: .arrayType18

===========================================================================================
----------------- testing Mon Oct 07 05:59:24 UTC 2019 /home/travis/build/icyphy/ptII/ptolemy/actor/lib/test/auto/arrayType19.xml
----------------- Instantiating /home/travis/build/icyphy/ptII/ptolemy/actor/lib/test/auto/arrayType19.xml
1 ms. Memory: 653312K Free: 428272K (66%)
----------------- Invoking toplevel() on ptolemy.moml.MoMLSimpleApplication@c18355d
----------------- Done invoking toplevel() on ptolemy.moml.MoMLSimpleApplication@c18355d
reloadAllAccessors: .arrayType19

===========================================================================================
----------------- testing Mon Oct 07 05:59:24 UTC 2019 /home/travis/build/icyphy/ptII/ptolemy/actor/lib/test/auto/arrayType2.xml
----------------- Instantiating /home/travis/build/icyphy/ptII/ptolemy/actor/lib/test/auto/arrayType2.xml
1 ms. Memory: 653312K Free: 423152K (65%)
----------------- Invoking toplevel() on ptolemy.moml.MoMLSimpleApplication@32524174
----------------- Done invoking toplevel() on ptolemy.moml.MoMLSimpleApplication@32524174
reloadAllAccessors: .arrayType2

===========================================================================================
----------------- testing Mon Oct 07 05:59:24 UTC 2019 /home/travis/build/icyphy/ptII/ptolemy/actor/lib/test/auto/arrayType20.xml
----------------- Instantiating /home/travis/build/icyphy/ptII/ptolemy/actor/lib/test/auto/arrayType20.xml
2 ms. Memory: 653312K Free: 418032K (64%)
----------------- Invoking toplevel() on ptolemy.moml.MoMLSimpleApplication@4768da23
----------------- Done invoking toplevel() on ptolemy.moml.MoMLSimpleApplication@4768da23
reloadAllAccessors: .arrayType20

===========================================================================================
----------------- testing Mon Oct 07 05:59:24 UTC 2019 /home/travis/build/icyphy/ptII/ptolemy/actor/lib/test/auto/arrayType21.xml
----------------- Instantiating /home/travis/build/icyphy/ptII/ptolemy/actor/lib/test/auto/arrayType21.xml
4 ms. Memory: 653312K Free: 413422K (63%)
----------------- Invoking toplevel() on ptolemy.moml.MoMLSimpleApplication@5085a710
----------------- Done invoking toplevel() on ptolemy.moml.MoMLSimpleApplication@5085a710
reloadAllAccessors: .arrayType21

===========================================================================================
----------------- testing Mon Oct 07 05:59:24 UTC 2019 /home/travis/build/icyphy/ptII/ptolemy/actor/lib/test/auto/arrayType22.xml
----------------- Instantiating /home/travis/build/icyphy/ptII/ptolemy/actor/lib/test/auto/arrayType22.xml
2 ms. Memory: 653312K Free: 408816K (63%)
----------------- Invoking toplevel() on ptolemy.moml.MoMLSimpleApplication@791d8de0
----------------- Done invoking toplevel() on ptolemy.moml.MoMLSimpleApplication@791d8de0
reloadAllAccessors: .arrayType22

===========================================================================================
----------------- testing Mon Oct 07 05:59:24 UTC 2019 /home/travis/build/icyphy/ptII/ptolemy/actor/lib/test/auto/arrayType23.xml
----------------- Instantiating /home/travis/build/icyphy/ptII/ptolemy/actor/lib/test/auto/arrayType23.xml
2 ms. Memory: 653312K Free: 403696K (62%)
----------------- Invoking toplevel() on ptolemy.moml.MoMLSimpleApplication@2a49f93
----------------- Done invoking toplevel() on ptolemy.moml.MoMLSimpleApplication@2a49f93
reloadAllAccessors: .arrayType23

===========================================================================================
----------------- testing Mon Oct 07 05:59:24 UTC 2019 /home/travis/build/icyphy/ptII/ptolemy/actor/lib/test/auto/arrayType24.xml
----------------- Instantiating /home/travis/build/icyphy/ptII/ptolemy/actor/lib/test/auto/arrayType24.xml
2 ms. Memory: 653312K Free: 399086K (61%)
----------------- Invoking toplevel() on ptolemy.moml.MoMLSimpleApplication@2b810156
----------------- Done invoking toplevel() on ptolemy.moml.MoMLSimpleApplication@2b810156
reloadAllAccessors: .arrayType24

===========================================================================================
----------------- testing Mon Oct 07 05:59:24 UTC 2019 /home/travis/build/icyphy/ptII/ptolemy/actor/lib/test/auto/arrayType25.xml
----------------- Instantiating /home/travis/build/icyphy/ptII/ptolemy/actor/lib/test/auto/arrayType25.xml
2 ms. Memory: 653312K Free: 392942K (60%)
----------------- Invoking toplevel() on ptolemy.moml.MoMLSimpleApplication@212af82f
----------------- Done invoking toplevel() on ptolemy.moml.MoMLSimpleApplication@212af82f
reloadAllAccessors: .arrayType25

===========================================================================================
----------------- testing Mon Oct 07 05:59:24 UTC 2019 /home/travis/build/icyphy/ptII/ptolemy/actor/lib/test/auto/arrayType26.xml
----------------- Instantiating /home/travis/build/icyphy/ptII/ptolemy/actor/lib/test/auto/arrayType26.xml
2 ms. Memory: 653312K Free: 387822K (59%)
----------------- Invoking toplevel() on ptolemy.moml.MoMLSimpleApplication@57070a96
----------------- Done invoking toplevel() on ptolemy.moml.MoMLSimpleApplication@57070a96
reloadAllAccessors: .arrayType26

===========================================================================================
----------------- testing Mon Oct 07 05:59:24 UTC 2019 /home/travis/build/icyphy/ptII/ptolemy/actor/lib/test/auto/arrayType27.xml
----------------- Instantiating /home/travis/build/icyphy/ptII/ptolemy/actor/lib/test/auto/arrayType27.xml
2 ms. Memory: 653312K Free: 382702K (59%)
----------------- Invoking toplevel() on ptolemy.moml.MoMLSimpleApplication@43bc3b8c
----------------- Done invoking toplevel() on ptolemy.moml.MoMLSimpleApplication@43bc3b8c
reloadAllAccessors: .arrayType27

===========================================================================================
----------------- testing Mon Oct 07 05:59:24 UTC 2019 /home/travis/build/icyphy/ptII/ptolemy/actor/lib/test/auto/arrayType28.xml
----------------- Instantiating /home/travis/build/icyphy/ptII/ptolemy/actor/lib/test/auto/arrayType28.xml
2 ms. Memory: 653312K Free: 377072K (58%)
----------------- Invoking toplevel() on ptolemy.moml.MoMLSimpleApplication@20a953fd
----------------- Done invoking toplevel() on ptolemy.moml.MoMLSimpleApplication@20a953fd
reloadAllAccessors: .arrayType28

===========================================================================================
----------------- testing Mon Oct 07 05:59:24 UTC 2019 /home/travis/build/icyphy/ptII/ptolemy/actor/lib/test/auto/arrayType3.xml
----------------- Instantiating /home/travis/build/icyphy/ptII/ptolemy/actor/lib/test/auto/arrayType3.xml
2 ms. Memory: 653312K Free: 371952K (57%)
----------------- Invoking toplevel() on ptolemy.moml.MoMLSimpleApplication@6f965556
----------------- Done invoking toplevel() on ptolemy.moml.MoMLSimpleApplication@6f965556
reloadAllAccessors: .arrayType3

===========================================================================================
----------------- testing Mon Oct 07 05:59:24 UTC 2019 /home/travis/build/icyphy/ptII/ptolemy/actor/lib/test/auto/arrayType4.xml
----------------- Instantiating /home/travis/build/icyphy/ptII/ptolemy/actor/lib/test/auto/arrayType4.xml
2 ms. Memory: 653312K Free: 366318K (56%)
----------------- Invoking toplevel() on ptolemy.moml.MoMLSimpleApplication@5e871175
----------------- Done invoking toplevel() on ptolemy.moml.MoMLSimpleApplication@5e871175
reloadAllAccessors: .arrayType4

===========================================================================================
----------------- testing Mon Oct 07 05:59:24 UTC 2019 /home/travis/build/icyphy/ptII/ptolemy/actor/lib/test/auto/arrayType5.xml
----------------- Instantiating /home/travis/build/icyphy/ptII/ptolemy/actor/lib/test/auto/arrayType5.xml
2 ms. Memory: 653312K Free: 361198K (55%)
----------------- Invoking toplevel() on ptolemy.moml.MoMLSimpleApplication@d4dbec1
----------------- Done invoking toplevel() on ptolemy.moml.MoMLSimpleApplication@d4dbec1
reloadAllAccessors: .arrayType5

===========================================================================================
----------------- testing Mon Oct 07 05:59:25 UTC 2019 /home/travis/build/icyphy/ptII/ptolemy/actor/lib/test/auto/arrayType6.xml
----------------- Instantiating /home/travis/build/icyphy/ptII/ptolemy/actor/lib/test/auto/arrayType6.xml
2 ms. Memory: 653312K Free: 356592K (55%)
----------------- Invoking toplevel() on ptolemy.moml.MoMLSimpleApplication@49032978
----------------- Done invoking toplevel() on ptolemy.moml.MoMLSimpleApplication@49032978
reloadAllAccessors: .arrayType6

===========================================================================================
----------------- testing Mon Oct 07 05:59:25 UTC 2019 /home/travis/build/icyphy/ptII/ptolemy/actor/lib/test/auto/arrayType7.xml
----------------- Instantiating /home/travis/build/icyphy/ptII/ptolemy/actor/lib/test/auto/arrayType7.xml
8 ms. Memory: 653312K Free: 351472K (54%)
----------------- Invoking toplevel() on ptolemy.moml.MoMLSimpleApplication@648cf2e3
----------------- Done invoking toplevel() on ptolemy.moml.MoMLSimpleApplication@648cf2e3
reloadAllAccessors: .arrayType7

===========================================================================================
----------------- testing Mon Oct 07 05:59:25 UTC 2019 /home/travis/build/icyphy/ptII/ptolemy/actor/lib/test/auto/arrayType8.xml
----------------- Instantiating /home/travis/build/icyphy/ptII/ptolemy/actor/lib/test/auto/arrayType8.xml
2 ms. Memory: 653312K Free: 346352K (53%)
----------------- Invoking toplevel() on ptolemy.moml.MoMLSimpleApplication@69bb6018
----------------- Done invoking toplevel() on ptolemy.moml.MoMLSimpleApplication@69bb6018
reloadAllAccessors: .arrayType8

===========================================================================================
----------------- testing Mon Oct 07 05:59:25 UTC 2019 /home/travis/build/icyphy/ptII/ptolemy/actor/lib/test/auto/arrayType9.xml
----------------- Instantiating /home/travis/build/icyphy/ptII/ptolemy/actor/lib/test/auto/arrayType9.xml
1 ms. Memory: 653312K Free: 341232K (52%)
----------------- Invoking toplevel() on ptolemy.moml.MoMLSimpleApplication@54db8322
----------------- Done invoking toplevel() on ptolemy.moml.MoMLSimpleApplication@54db8322
reloadAllAccessors: .arrayType9

===========================================================================================
----------------- testing Mon Oct 07 05:59:25 UTC 2019 /home/travis/build/icyphy/ptII/ptolemy/actor/lib/test/auto/cast.xml
----------------- Instantiating /home/travis/build/icyphy/ptII/ptolemy/actor/lib/test/auto/cast.xml
3 ms. Memory: 653312K Free: 336622K (52%)
----------------- Invoking toplevel() on ptolemy.moml.MoMLSimpleApplication@73aaaf38
----------------- Done invoking toplevel() on ptolemy.moml.MoMLSimpleApplication@73aaaf38
reloadAllAccessors: .cast

===========================================================================================
----------------- testing Mon Oct 07 05:59:25 UTC 2019 /home/travis/build/icyphy/ptII/ptolemy/actor/lib/test/auto/compositeMultiPort.xml
----------------- Instantiating /home/travis/build/icyphy/ptII/ptolemy/actor/lib/test/auto/compositeMultiPort.xml
4 ms. Memory: 653312K Free: 327392K (50%)
----------------- Invoking toplevel() on ptolemy.moml.MoMLSimpleApplication@2c30394f
----------------- Done invoking toplevel() on ptolemy.moml.MoMLSimpleApplication@2c30394f
reloadAllAccessors: .compositeMultiPort

===========================================================================================
----------------- testing Mon Oct 07 05:59:25 UTC 2019 /home/travis/build/icyphy/ptII/ptolemy/actor/lib/test/auto/expressionCastInference.xml
----------------- Instantiating /home/travis/build/icyphy/ptII/ptolemy/actor/lib/test/auto/expressionCastInference.xml
2 ms. Memory: 653312K Free: 322800K (49%)
----------------- Invoking toplevel() on ptolemy.moml.MoMLSimpleApplication@6a649230
----------------- Done invoking toplevel() on ptolemy.moml.MoMLSimpleApplication@6a649230
reloadAllAccessors: .expressionCastInference

===========================================================================================
----------------- testing Mon Oct 07 05:59:25 UTC 2019 /home/travis/build/icyphy/ptII/ptolemy/actor/lib/test/auto/expressionCastInference2.xml
----------------- Instantiating /home/travis/build/icyphy/ptII/ptolemy/actor/lib/test/auto/expressionCastInference2.xml
2 ms. Memory: 653312K Free: 317680K (49%)
----------------- Invoking toplevel() on ptolemy.moml.MoMLSimpleApplication@69d9e2ed
----------------- Done invoking toplevel() on ptolemy.moml.MoMLSimpleApplication@69d9e2ed
reloadAllAccessors: .expressionCastInference2

===========================================================================================
----------------- testing Mon Oct 07 05:59:25 UTC 2019 /home/travis/build/icyphy/ptII/ptolemy/actor/lib/test/auto/expressionInference.xml
----------------- Instantiating /home/travis/build/icyphy/ptII/ptolemy/actor/lib/test/auto/expressionInference.xml
2 ms. Memory: 653312K Free: 313584K (48%)
----------------- Invoking toplevel() on ptolemy.moml.MoMLSimpleApplication@1249e52c
----------------- Done invoking toplevel() on ptolemy.moml.MoMLSimpleApplication@1249e52c
reloadAllAccessors: .expressionInference

===========================================================================================
----------------- testing Mon Oct 07 05:59:25 UTC 2019 /home/travis/build/icyphy/ptII/ptolemy/actor/lib/test/auto/expression_bug.xml
----------------- Instantiating /home/travis/build/icyphy/ptII/ptolemy/actor/lib/test/auto/expression_bug.xml
2 ms. Memory: 653312K Free: 308974K (47%)
----------------- Invoking toplevel() on ptolemy.moml.MoMLSimpleApplication@7e89c19b
----------------- Done invoking toplevel() on ptolemy.moml.MoMLSimpleApplication@7e89c19b
reloadAllAccessors: .expression_bug

===========================================================================================
----------------- testing Mon Oct 07 05:59:25 UTC 2019 /home/travis/build/icyphy/ptII/ptolemy/actor/lib/test/auto/factorial.xml
----------------- Instantiating /home/travis/build/icyphy/ptII/ptolemy/actor/lib/test/auto/factorial.xml
33 ms. Memory: 653312K Free: 300272K (46%)
----------------- Invoking toplevel() on ptolemy.moml.MoMLSimpleApplication@39173c59
----------------- Done invoking toplevel() on ptolemy.moml.MoMLSimpleApplication@39173c59
reloadAllAccessors: .factorial

===========================================================================================
----------------- testing Mon Oct 07 05:59:25 UTC 2019 /home/travis/build/icyphy/ptII/ptolemy/actor/lib/test/auto/filterTest1.xml
----------------- Instantiating /home/travis/build/icyphy/ptII/ptolemy/actor/lib/test/auto/filterTest1.xml
6 ms. Memory: 653312K Free: 294624K (45%)
----------------- Invoking toplevel() on ptolemy.moml.MoMLSimpleApplication@6eb58ef4
----------------- Done invoking toplevel() on ptolemy.moml.MoMLSimpleApplication@6eb58ef4
reloadAllAccessors: .filterTest1

===========================================================================================
----------------- testing Mon Oct 07 05:59:25 UTC 2019 /home/travis/build/icyphy/ptII/ptolemy/actor/lib/test/auto/funcApplyInConst.xml
----------------- Instantiating /home/travis/build/icyphy/ptII/ptolemy/actor/lib/test/auto/funcApplyInConst.xml
1 ms. Memory: 653312K Free: 290542K (44%)
----------------- Invoking toplevel() on ptolemy.moml.MoMLSimpleApplication@53ee7d66
----------------- Done invoking toplevel() on ptolemy.moml.MoMLSimpleApplication@53ee7d66
reloadAllAccessors: .funcApplyInConst

===========================================================================================
----------------- testing Mon Oct 07 05:59:25 UTC 2019 /home/travis/build/icyphy/ptII/ptolemy/actor/lib/test/auto/funcApplyInExpr.xml
----------------- Instantiating /home/travis/build/icyphy/ptII/ptolemy/actor/lib/test/auto/funcApplyInExpr.xml
2 ms. Memory: 653312K Free: 286960K (44%)
----------------- Invoking toplevel() on ptolemy.moml.MoMLSimpleApplication@4b8ae6b8
----------------- Done invoking toplevel() on ptolemy.moml.MoMLSimpleApplication@4b8ae6b8
reloadAllAccessors: .funcApplyInExpr

===========================================================================================
----------------- testing Mon Oct 07 05:59:25 UTC 2019 /home/travis/build/icyphy/ptII/ptolemy/actor/lib/test/auto/function.xml
----------------- Instantiating /home/travis/build/icyphy/ptII/ptolemy/actor/lib/test/auto/function.xml
2 ms. Memory: 653312K Free: 281840K (43%)
----------------- Invoking toplevel() on ptolemy.moml.MoMLSimpleApplication@75d973d0
----------------- Done invoking toplevel() on ptolemy.moml.MoMLSimpleApplication@75d973d0
reloadAllAccessors: .function

===========================================================================================
----------------- testing Mon Oct 07 05:59:25 UTC 2019 /home/travis/build/icyphy/ptII/ptolemy/actor/lib/test/auto/function2.xml
----------------- Instantiating /home/travis/build/icyphy/ptII/ptolemy/actor/lib/test/auto/function2.xml
3 ms. Memory: 653312K Free: 277230K (42%)
----------------- Invoking toplevel() on ptolemy.moml.MoMLSimpleApplication@27a645b7
----------------- Done invoking toplevel() on ptolemy.moml.MoMLSimpleApplication@27a645b7
reloadAllAccessors: .function2

===========================================================================================
----------------- testing Mon Oct 07 05:59:25 UTC 2019 /home/travis/build/icyphy/ptII/ptolemy/actor/lib/test/auto/function3.xml
----------------- Instantiating /home/travis/build/icyphy/ptII/ptolemy/actor/lib/test/auto/function3.xml
2 ms. Memory: 653312K Free: 273134K (42%)
----------------- Invoking toplevel() on ptolemy.moml.MoMLSimpleApplication@df5dc5b
----------------- Done invoking toplevel() on ptolemy.moml.MoMLSimpleApplication@df5dc5b
reloadAllAccessors: .function3

===========================================================================================
----------------- testing Mon Oct 07 05:59:25 UTC 2019 /home/travis/build/icyphy/ptII/ptolemy/actor/lib/test/auto/functionClosureTest1.xml
----------------- Instantiating /home/travis/build/icyphy/ptII/ptolemy/actor/lib/test/auto/functionClosureTest1.xml
2 ms. Memory: 653312K Free: 267504K (41%)
----------------- Invoking toplevel() on ptolemy.moml.MoMLSimpleApplication@d8a4d11
----------------- Done invoking toplevel() on ptolemy.moml.MoMLSimpleApplication@d8a4d11
reloadAllAccessors: .functionClosureTest1

===========================================================================================
----------------- testing Mon Oct 07 05:59:25 UTC 2019 /home/travis/build/icyphy/ptII/ptolemy/actor/lib/test/auto/functionClosureTest2.xml
----------------- Instantiating /home/travis/build/icyphy/ptII/ptolemy/actor/lib/test/auto/functionClosureTest2.xml
2 ms. Memory: 653312K Free: 263408K (40%)
----------------- Invoking toplevel() on ptolemy.moml.MoMLSimpleApplication@3427c038
----------------- Done invoking toplevel() on ptolemy.moml.MoMLSimpleApplication@3427c038
reloadAllAccessors: .functionClosureTest2

===========================================================================================
----------------- testing Mon Oct 07 05:59:25 UTC 2019 /home/travis/build/icyphy/ptII/ptolemy/actor/lib/test/auto/functionClosureTest3.xml
----------------- Instantiating /home/travis/build/icyphy/ptII/ptolemy/actor/lib/test/auto/functionClosureTest3.xml
3 ms. Memory: 653312K Free: 258288K (40%)
----------------- Invoking toplevel() on ptolemy.moml.MoMLSimpleApplication@376aff53
----------------- Done invoking toplevel() on ptolemy.moml.MoMLSimpleApplication@376aff53
reloadAllAccessors: .functionClosureTest3

===========================================================================================
----------------- testing Mon Oct 07 05:59:25 UTC 2019 /home/travis/build/icyphy/ptII/ptolemy/actor/lib/test/auto/functionClosureTest4.xml
----------------- Instantiating /home/travis/build/icyphy/ptII/ptolemy/actor/lib/test/auto/functionClosureTest4.xml
5 ms. Memory: 653312K Free: 252144K (39%)
----------------- Invoking toplevel() on ptolemy.moml.MoMLSimpleApplication@c3187bc
----------------- Done invoking toplevel() on ptolemy.moml.MoMLSimpleApplication@c3187bc
reloadAllAccessors: .functionClosureTest4

===========================================================================================
----------------- testing Mon Oct 07 05:59:25 UTC 2019 /home/travis/build/icyphy/ptII/ptolemy/actor/lib/test/auto/functionClosureTest5.xml
----------------- Instantiating /home/travis/build/icyphy/ptII/ptolemy/actor/lib/test/auto/functionClosureTest5.xml
5 ms. Memory: 653312K Free: 246480K (38%)
----------------- Invoking toplevel() on ptolemy.moml.MoMLSimpleApplication@8a8f4c9
----------------- Done invoking toplevel() on ptolemy.moml.MoMLSimpleApplication@8a8f4c9
reloadAllAccessors: .functionClosureTest5

===========================================================================================
----------------- testing Mon Oct 07 05:59:25 UTC 2019 /home/travis/build/icyphy/ptII/ptolemy/actor/lib/test/auto/functionClosureTest6.xml
----------------- Instantiating /home/travis/build/icyphy/ptII/ptolemy/actor/lib/test/auto/functionClosureTest6.xml
3 ms. Memory: 653312K Free: 241904K (37%)
----------------- Invoking toplevel() on ptolemy.moml.MoMLSimpleApplication@4ad42710
----------------- Done invoking toplevel() on ptolemy.moml.MoMLSimpleApplication@4ad42710
reloadAllAccessors: .functionClosureTest6

===========================================================================================
----------------- testing Mon Oct 07 05:59:25 UTC 2019 /home/travis/build/icyphy/ptII/ptolemy/actor/lib/test/auto/functionsOnArcs.xml
----------------- Instantiating /home/travis/build/icyphy/ptII/ptolemy/actor/lib/test/auto/functionsOnArcs.xml
3 ms. Memory: 653312K Free: 236270K (36%)
----------------- Invoking toplevel() on ptolemy.moml.MoMLSimpleApplication@5227e24
----------------- Done invoking toplevel() on ptolemy.moml.MoMLSimpleApplication@5227e24
reloadAllAccessors: .functionsOnArcs

===========================================================================================
----------------- testing Mon Oct 07 05:59:25 UTC 2019 /home/travis/build/icyphy/ptII/ptolemy/actor/lib/test/auto/functionsOnArcsHOF.xml
----------------- Instantiating /home/travis/build/icyphy/ptII/ptolemy/actor/lib/test/auto/functionsOnArcsHOF.xml
4 ms. Memory: 653312K Free: 230640K (35%)
----------------- Invoking toplevel() on ptolemy.moml.MoMLSimpleApplication@78f070d9
----------------- Done invoking toplevel() on ptolemy.moml.MoMLSimpleApplication@78f070d9
reloadAllAccessors: .functionsOnArcsHOF

===========================================================================================
----------------- testing Mon Oct 07 05:59:25 UTC 2019 /home/travis/build/icyphy/ptII/ptolemy/actor/lib/test/auto/logic.xml
----------------- Instantiating /home/travis/build/icyphy/ptII/ptolemy/actor/lib/test/auto/logic.xml
2 ms. Memory: 653312K Free: 222958K (34%)
----------------- Invoking toplevel() on ptolemy.moml.MoMLSimpleApplication@4e3a6c9d
----------------- Done invoking toplevel() on ptolemy.moml.MoMLSimpleApplication@4e3a6c9d
reloadAllAccessors: .logic

===========================================================================================
----------------- testing Mon Oct 07 05:59:25 UTC 2019 /home/travis/build/icyphy/ptII/ptolemy/actor/lib/test/auto/matrixType.xml
----------------- Instantiating /home/travis/build/icyphy/ptII/ptolemy/actor/lib/test/auto/matrixType.xml
2 ms. Memory: 653312K Free: 597230K (91%)
----------------- Invoking toplevel() on ptolemy.moml.MoMLSimpleApplication@7b299932
----------------- Done invoking toplevel() on ptolemy.moml.MoMLSimpleApplication@7b299932
reloadAllAccessors: .matrixType

===========================================================================================
----------------- testing Mon Oct 07 05:59:25 UTC 2019 /home/travis/build/icyphy/ptII/ptolemy/actor/lib/test/auto/matrixType10.xml
----------------- Instantiating /home/travis/build/icyphy/ptII/ptolemy/actor/lib/test/auto/matrixType10.xml
3 ms. Memory: 653312K Free: 592110K (91%)
----------------- Invoking toplevel() on ptolemy.moml.MoMLSimpleApplication@9e8554e
----------------- Done invoking toplevel() on ptolemy.moml.MoMLSimpleApplication@9e8554e
reloadAllAccessors: .matrixType10

===========================================================================================
----------------- testing Mon Oct 07 05:59:25 UTC 2019 /home/travis/build/icyphy/ptII/ptolemy/actor/lib/test/auto/matrixType11.xml
----------------- Instantiating /home/travis/build/icyphy/ptII/ptolemy/actor/lib/test/auto/matrixType11.xml
2 ms. Memory: 653312K Free: 587504K (90%)
----------------- Invoking toplevel() on ptolemy.moml.MoMLSimpleApplication@725457f4
----------------- Done invoking toplevel() on ptolemy.moml.MoMLSimpleApplication@725457f4
reloadAllAccessors: .matrixType11

===========================================================================================
----------------- testing Mon Oct 07 05:59:25 UTC 2019 /home/travis/build/icyphy/ptII/ptolemy/actor/lib/test/auto/matrixType12.xml
----------------- Instantiating /home/travis/build/icyphy/ptII/ptolemy/actor/lib/test/auto/matrixType12.xml
2 ms. Memory: 653312K Free: 582384K (89%)
----------------- Invoking toplevel() on ptolemy.moml.MoMLSimpleApplication@26745571
----------------- Done invoking toplevel() on ptolemy.moml.MoMLSimpleApplication@26745571
reloadAllAccessors: .matrixType12

===========================================================================================
----------------- testing Mon Oct 07 05:59:25 UTC 2019 /home/travis/build/icyphy/ptII/ptolemy/actor/lib/test/auto/matrixType13.xml
----------------- Instantiating /home/travis/build/icyphy/ptII/ptolemy/actor/lib/test/auto/matrixType13.xml
2 ms. Memory: 653312K Free: 577774K (88%)
----------------- Invoking toplevel() on ptolemy.moml.MoMLSimpleApplication@3ddb0fe7
----------------- Done invoking toplevel() on ptolemy.moml.MoMLSimpleApplication@3ddb0fe7
reloadAllAccessors: .matrixType13

===========================================================================================
----------------- testing Mon Oct 07 05:59:25 UTC 2019 /home/travis/build/icyphy/ptII/ptolemy/actor/lib/test/auto/matrixType14.xml
----------------- Instantiating /home/travis/build/icyphy/ptII/ptolemy/actor/lib/test/auto/matrixType14.xml
2 ms. Memory: 653312K Free: 572654K (88%)
----------------- Invoking toplevel() on ptolemy.moml.MoMLSimpleApplication@3f579aab
----------------- Done invoking toplevel() on ptolemy.moml.MoMLSimpleApplication@3f579aab
reloadAllAccessors: .matrixType14

===========================================================================================
----------------- testing Mon Oct 07 05:59:25 UTC 2019 /home/travis/build/icyphy/ptII/ptolemy/actor/lib/test/auto/matrixType2.xml
----------------- Instantiating /home/travis/build/icyphy/ptII/ptolemy/actor/lib/test/auto/matrixType2.xml
2 ms. Memory: 653312K Free: 567520K (87%)
----------------- Invoking toplevel() on ptolemy.moml.MoMLSimpleApplication@46e22e6
----------------- Done invoking toplevel() on ptolemy.moml.MoMLSimpleApplication@46e22e6
reloadAllAccessors: .matrixType2

===========================================================================================
----------------- testing Mon Oct 07 05:59:25 UTC 2019 /home/travis/build/icyphy/ptII/ptolemy/actor/lib/test/auto/matrixType3.xml
----------------- Instantiating /home/travis/build/icyphy/ptII/ptolemy/actor/lib/test/auto/matrixType3.xml
4 ms. Memory: 653312K Free: 562414K (86%)
----------------- Invoking toplevel() on ptolemy.moml.MoMLSimpleApplication@382eed21
----------------- Done invoking toplevel() on ptolemy.moml.MoMLSimpleApplication@382eed21
reloadAllAccessors: .matrixType3

===========================================================================================
----------------- testing Mon Oct 07 05:59:25 UTC 2019 /home/travis/build/icyphy/ptII/ptolemy/actor/lib/test/auto/matrixType4.xml
----------------- Instantiating /home/travis/build/icyphy/ptII/ptolemy/actor/lib/test/auto/matrixType4.xml
2 ms. Memory: 653312K Free: 557294K (85%)
----------------- Invoking toplevel() on ptolemy.moml.MoMLSimpleApplication@9a8b651
----------------- Done invoking toplevel() on ptolemy.moml.MoMLSimpleApplication@9a8b651
reloadAllAccessors: .matrixType4

===========================================================================================
----------------- testing Mon Oct 07 05:59:25 UTC 2019 /home/travis/build/icyphy/ptII/ptolemy/actor/lib/test/auto/matrixType5.xml
----------------- Instantiating /home/travis/build/icyphy/ptII/ptolemy/actor/lib/test/auto/matrixType5.xml
2 ms. Memory: 653312K Free: 552688K (85%)
----------------- Invoking toplevel() on ptolemy.moml.MoMLSimpleApplication@1c40a7cc
----------------- Done invoking toplevel() on ptolemy.moml.MoMLSimpleApplication@1c40a7cc
reloadAllAccessors: .matrixType5

===========================================================================================
----------------- testing Mon Oct 07 05:59:25 UTC 2019 /home/travis/build/icyphy/ptII/ptolemy/actor/lib/test/auto/matrixType6.xml
----------------- Instantiating /home/travis/build/icyphy/ptII/ptolemy/actor/lib/test/auto/matrixType6.xml
1 ms. Memory: 653312K Free: 547568K (84%)
----------------- Invoking toplevel() on ptolemy.moml.MoMLSimpleApplication@62141189
----------------- Done invoking toplevel() on ptolemy.moml.MoMLSimpleApplication@62141189
reloadAllAccessors: .matrixType6

===========================================================================================
----------------- testing Mon Oct 07 05:59:25 UTC 2019 /home/travis/build/icyphy/ptII/ptolemy/actor/lib/test/auto/matrixType7.xml
----------------- Instantiating /home/travis/build/icyphy/ptII/ptolemy/actor/lib/test/auto/matrixType7.xml
2 ms. Memory: 653312K Free: 542958K (83%)
----------------- Invoking toplevel() on ptolemy.moml.MoMLSimpleApplication@6bb12d10
----------------- Done invoking toplevel() on ptolemy.moml.MoMLSimpleApplication@6bb12d10
reloadAllAccessors: .matrixType7

===========================================================================================
----------------- testing Mon Oct 07 05:59:25 UTC 2019 /home/travis/build/icyphy/ptII/ptolemy/actor/lib/test/auto/matrixType8.xml
----------------- Instantiating /home/travis/build/icyphy/ptII/ptolemy/actor/lib/test/auto/matrixType8.xml
1 ms. Memory: 653312K Free: 537838K (82%)
----------------- Invoking toplevel() on ptolemy.moml.MoMLSimpleApplication@70003c97
----------------- Done invoking toplevel() on ptolemy.moml.MoMLSimpleApplication@70003c97
reloadAllAccessors: .matrixType8

===========================================================================================
----------------- testing Mon Oct 07 05:59:25 UTC 2019 /home/travis/build/icyphy/ptII/ptolemy/actor/lib/test/auto/matrixType9.xml
----------------- Instantiating /home/travis/build/icyphy/ptII/ptolemy/actor/lib/test/auto/matrixType9.xml
1 ms. Memory: 653312K Free: 533232K (82%)
----------------- Invoking toplevel() on ptolemy.moml.MoMLSimpleApplication@27c29e68
----------------- Done invoking toplevel() on ptolemy.moml.MoMLSimpleApplication@27c29e68
reloadAllAccessors: .matrixType9

===========================================================================================
----------------- testing Mon Oct 07 05:59:25 UTC 2019 /home/travis/build/icyphy/ptII/ptolemy/actor/lib/test/auto/paraFunctest.xml
----------------- Instantiating /home/travis/build/icyphy/ptII/ptolemy/actor/lib/test/auto/paraFunctest.xml
1 ms. Memory: 653312K Free: 529136K (81%)
----------------- Invoking toplevel() on ptolemy.moml.MoMLSimpleApplication@23a89f8c
----------------- Done invoking toplevel() on ptolemy.moml.MoMLSimpleApplication@23a89f8c
reloadAllAccessors: .paraFunctest

===========================================================================================
----------------- testing Mon Oct 07 05:59:25 UTC 2019 /home/travis/build/icyphy/ptII/ptolemy/actor/lib/test/auto/paraFunctest2.xml
----------------- Instantiating /home/travis/build/icyphy/ptII/ptolemy/actor/lib/test/auto/paraFunctest2.xml
2 ms. Memory: 653312K Free: 525550K (80%)
----------------- Invoking toplevel() on ptolemy.moml.MoMLSimpleApplication@6ec975f2
----------------- Done invoking toplevel() on ptolemy.moml.MoMLSimpleApplication@6ec975f2
reloadAllAccessors: .paraFunctest2

===========================================================================================
----------------- testing Mon Oct 07 05:59:25 UTC 2019 /home/travis/build/icyphy/ptII/ptolemy/actor/lib/test/auto/parameterPassing.xml
----------------- Instantiating /home/travis/build/icyphy/ptII/ptolemy/actor/lib/test/auto/parameterPassing.xml
1 ms. Memory: 653312K Free: 520944K (80%)
----------------- Invoking toplevel() on ptolemy.moml.MoMLSimpleApplication@6baadbf9
----------------- Done invoking toplevel() on ptolemy.moml.MoMLSimpleApplication@6baadbf9
reloadAllAccessors: .parameterPassing

===========================================================================================
----------------- testing Mon Oct 07 05:59:25 UTC 2019 /home/travis/build/icyphy/ptII/ptolemy/actor/lib/test/auto/record.xml
----------------- Instantiating /home/travis/build/icyphy/ptII/ptolemy/actor/lib/test/auto/record.xml
3 ms. Memory: 653312K Free: 516334K (79%)
----------------- Invoking toplevel() on ptolemy.moml.MoMLSimpleApplication@48bb989f
----------------- Done invoking toplevel() on ptolemy.moml.MoMLSimpleApplication@48bb989f
reloadAllAccessors: .record

===========================================================================================
----------------- testing Mon Oct 07 05:59:25 UTC 2019 /home/travis/build/icyphy/ptII/ptolemy/actor/lib/test/auto/sizedarray1.xml
----------------- Instantiating /home/travis/build/icyphy/ptII/ptolemy/actor/lib/test/auto/sizedarray1.xml
2 ms. Memory: 653312K Free: 510704K (78%)
----------------- Invoking toplevel() on ptolemy.moml.MoMLSimpleApplication@4e0ab96c
----------------- Done invoking toplevel() on ptolemy.moml.MoMLSimpleApplication@4e0ab96c
reloadAllAccessors: .sizedarray1

===========================================================================================
----------------- testing Mon Oct 07 05:59:25 UTC 2019 /home/travis/build/icyphy/ptII/ptolemy/actor/lib/test/auto/sizedarray2.xml
----------------- Instantiating /home/travis/build/icyphy/ptII/ptolemy/actor/lib/test/auto/sizedarray2.xml
2 ms. Memory: 653312K Free: 505584K (77%)
----------------- Invoking toplevel() on ptolemy.moml.MoMLSimpleApplication@12a77b98
----------------- Done invoking toplevel() on ptolemy.moml.MoMLSimpleApplication@12a77b98
reloadAllAccessors: .sizedarray2

===========================================================================================
----------------- testing Mon Oct 07 05:59:25 UTC 2019 /home/travis/build/icyphy/ptII/ptolemy/actor/lib/test/auto/twoPublishers.xml
----------------- Instantiating /home/travis/build/icyphy/ptII/ptolemy/actor/lib/test/auto/twoPublishers.xml
6 ms. Memory: 653312K Free: 494320K (76%)
----------------- Invoking toplevel() on ptolemy.moml.MoMLSimpleApplication@3b0652cc
----------------- Done invoking toplevel() on ptolemy.moml.MoMLSimpleApplication@3b0652cc
reloadAllAccessors: .twoPublishers
AutoTests.java: About to close Vertx.
AutoTests.java: Vertx closed.
]]></system-out>
  <system-err><![CDATA[java.lang.RuntimeException: Execution failed
	at ptolemy.moml.MoMLSimpleApplication$UnloadThread.run(MoMLSimpleApplication.java:402)
Caused by: java.lang.RuntimeException: StringUtilities.exit() was called. Normally, we would exit here because Manager.exitAfterWrapup() was called.  However, because the ptolemy.ptII.exitAfterWrapup property is set, we throw this exception instead.
	at ptolemy.util.StringUtilities.exit(StringUtilities.java:365)
	at ptolemy.actor.Manager.wrapup(Manager.java:1549)
	at ptolemy.actor.Manager.execute(Manager.java:407)
	at ptolemy.actor.Manager.run(Manager.java:1263)
	at ptolemy.actor.Manager$PtolemyRunThread.run(Manager.java:1933)
Warning: '.top.test' is in training mode, set the trainingMode parameter to false before checking in
Warning: '.top.test' is in training mode, set the trainingMode parameter to false before checking in
Warning: '.top.test' is in training mode, set the trainingMode parameter to false before checking in
Warning: '.BooleanSwitch_RegressionTest_WrongTrainingValues.Test' is in training mode, set the trainingMode parameter to false before checking in
Warning: '.BooleanSwitch_RegressionTest_WrongTrainingValues.Test2' is in training mode, set the trainingMode parameter to false before checking in
Warning: '.BooleanSwitch_RegressionTest_WrongTrainingValues.Test2' The test produced 0 tokens.
Warning: '.top.testExceptionHandler' is in training mode, set the trainingMode parameter to false before checking in
java.lang.RuntimeException: Execution failed
	at ptolemy.moml.MoMLSimpleApplication$UnloadThread.run(MoMLSimpleApplication.java:402)
Caused by: ptolemy.kernel.util.IllegalActionException: PublisherPorts cannot be used at the top level, use a Publisher actor instead.
  in .PublisherPortToplevelSubscriber.PublisherPort
	at ptolemy.actor.PublisherPort.preinitialize(PublisherPort.java:403)
	at ptolemy.actor.CompositeActor.preinitialize(CompositeActor.java:1769)
	at ptolemy.actor.Manager.preinitializeAndResolveTypes(Manager.java:1040)
	at ptolemy.actor.Manager.initialize(Manager.java:710)
	at ptolemy.actor.Manager.execute(Manager.java:356)
	at ptolemy.actor.Manager.run(Manager.java:1263)
	at ptolemy.actor.Manager$PtolemyRunThread.run(Manager.java:1933)
java.lang.reflect.InvocationTargetException
	at java.base/jdk.internal.reflect.NativeConstructorAccessorImpl.newInstance0(Native Method)
	at java.base/jdk.internal.reflect.NativeConstructorAccessorImpl.newInstance(NativeConstructorAccessorImpl.java:62)
	at java.base/jdk.internal.reflect.DelegatingConstructorAccessorImpl.newInstance(DelegatingConstructorAccessorImpl.java:45)
	at java.base/java.lang.reflect.Constructor.newInstance(Constructor.java:490)
	at ptolemy.util.test.junit.AutoKnownFailedTests.RunModel(AutoKnownFailedTests.java:105)
	at java.base/jdk.internal.reflect.NativeMethodAccessorImpl.invoke0(Native Method)
	at java.base/jdk.internal.reflect.NativeMethodAccessorImpl.invoke(NativeMethodAccessorImpl.java:62)
	at java.base/jdk.internal.reflect.DelegatingMethodAccessorImpl.invoke(DelegatingMethodAccessorImpl.java:43)
	at java.base/java.lang.reflect.Method.invoke(Method.java:566)
	at org.junit.runners.model.FrameworkMethod$1.runReflectiveCall(FrameworkMethod.java:44)
	at org.junit.internal.runners.model.ReflectiveCallable.run(ReflectiveCallable.java:15)
	at org.junit.runners.model.FrameworkMethod.invokeExplosively(FrameworkMethod.java:41)
	at junitparams.internal.InvokeParameterisedMethod.evaluate(InvokeParameterisedMethod.java:102)
	at org.junit.internal.runners.statements.FailOnTimeout$1.run(FailOnTimeout.java:28)
Caused by: ptolemy.kernel.util.IllegalActionException: PublisherPorts cannot be used at the top level, use a Publisher actor instead.
  in .PublisherPortToplevelSubscriber.PublisherPort
	at ptolemy.actor.PublisherPort.preinitialize(PublisherPort.java:403)
	at ptolemy.actor.CompositeActor.preinitialize(CompositeActor.java:1769)
	at ptolemy.actor.Manager.preinitializeAndResolveTypes(Manager.java:1040)
	at ptolemy.actor.Manager.initialize(Manager.java:710)
	at ptolemy.actor.Manager.execute(Manager.java:356)
	at ptolemy.actor.Manager.run(Manager.java:1263)
	at ptolemy.actor.Manager$PtolemyRunThread.run(Manager.java:1933)
java.lang.RuntimeException: Execution failed
	at ptolemy.moml.MoMLSimpleApplication$UnloadThread.run(MoMLSimpleApplication.java:402)
Caused by: ptolemy.kernel.util.IllegalActionException: SubscriberPorts cannot be used at the top level, use a Subscriber actor instead.
  in .PublisherSubscriberPortToplevel.SubscriberPort
	at ptolemy.actor.SubscriberPort.preinitialize(SubscriberPort.java:328)
	at ptolemy.actor.CompositeActor.preinitialize(CompositeActor.java:1769)
	at ptolemy.actor.Manager.preinitializeAndResolveTypes(Manager.java:1040)
	at ptolemy.actor.Manager.initialize(Manager.java:710)
	at ptolemy.actor.Manager.execute(Manager.java:356)
	at ptolemy.actor.Manager.run(Manager.java:1263)
	at ptolemy.actor.Manager$PtolemyRunThread.run(Manager.java:1933)
java.lang.reflect.InvocationTargetException
	at java.base/jdk.internal.reflect.NativeConstructorAccessorImpl.newInstance0(Native Method)
	at java.base/jdk.internal.reflect.NativeConstructorAccessorImpl.newInstance(NativeConstructorAccessorImpl.java:62)
	at java.base/jdk.internal.reflect.DelegatingConstructorAccessorImpl.newInstance(DelegatingConstructorAccessorImpl.java:45)
	at java.base/java.lang.reflect.Constructor.newInstance(Constructor.java:490)
	at ptolemy.util.test.junit.AutoKnownFailedTests.RunModel(AutoKnownFailedTests.java:105)
	at java.base/jdk.internal.reflect.NativeMethodAccessorImpl.invoke0(Native Method)
	at java.base/jdk.internal.reflect.NativeMethodAccessorImpl.invoke(NativeMethodAccessorImpl.java:62)
	at java.base/jdk.internal.reflect.DelegatingMethodAccessorImpl.invoke(DelegatingMethodAccessorImpl.java:43)
	at java.base/java.lang.reflect.Method.invoke(Method.java:566)
	at org.junit.runners.model.FrameworkMethod$1.runReflectiveCall(FrameworkMethod.java:44)
	at org.junit.internal.runners.model.ReflectiveCallable.run(ReflectiveCallable.java:15)
	at org.junit.runners.model.FrameworkMethod.invokeExplosively(FrameworkMethod.java:41)
	at junitparams.internal.InvokeParameterisedMethod.evaluate(InvokeParameterisedMethod.java:102)
	at org.junit.internal.runners.statements.FailOnTimeout$1.run(FailOnTimeout.java:28)
Caused by: ptolemy.kernel.util.IllegalActionException: SubscriberPorts cannot be used at the top level, use a Subscriber actor instead.
  in .PublisherSubscriberPortToplevel.SubscriberPort
	at ptolemy.actor.SubscriberPort.preinitialize(SubscriberPort.java:328)
	at ptolemy.actor.CompositeActor.preinitialize(CompositeActor.java:1769)
	at ptolemy.actor.Manager.preinitializeAndResolveTypes(Manager.java:1040)
	at ptolemy.actor.Manager.initialize(Manager.java:710)
	at ptolemy.actor.Manager.execute(Manager.java:356)
	at ptolemy.actor.Manager.run(Manager.java:1263)
	at ptolemy.actor.Manager$PtolemyRunThread.run(Manager.java:1933)
java.lang.RuntimeException: Execution failed
	at ptolemy.moml.MoMLSimpleApplication$UnloadThread.run(MoMLSimpleApplication.java:402)
Caused by: ptolemy.kernel.util.IllegalActionException: SubscriptionAggregatorPorts cannot be used at the top level, use a SubscriptionAggregator actor instead.
  in .PublisherSubscriptionAggregatorPort.SubscriptionAggregatorPort
	at ptolemy.actor.SubscriptionAggregatorPort.preinitialize(SubscriptionAggregatorPort.java:353)
	at ptolemy.actor.CompositeActor.preinitialize(CompositeActor.java:1769)
	at ptolemy.actor.Manager.preinitializeAndResolveTypes(Manager.java:1040)
	at ptolemy.actor.Manager.initialize(Manager.java:710)
	at ptolemy.actor.Manager.execute(Manager.java:356)
	at ptolemy.actor.Manager.run(Manager.java:1263)
	at ptolemy.actor.Manager$PtolemyRunThread.run(Manager.java:1933)
java.lang.reflect.InvocationTargetException
	at java.base/jdk.internal.reflect.NativeConstructorAccessorImpl.newInstance0(Native Method)
	at java.base/jdk.internal.reflect.NativeConstructorAccessorImpl.newInstance(NativeConstructorAccessorImpl.java:62)
	at java.base/jdk.internal.reflect.DelegatingConstructorAccessorImpl.newInstance(DelegatingConstructorAccessorImpl.java:45)
	at java.base/java.lang.reflect.Constructor.newInstance(Constructor.java:490)
	at ptolemy.util.test.junit.AutoKnownFailedTests.RunModel(AutoKnownFailedTests.java:105)
	at java.base/jdk.internal.reflect.NativeMethodAccessorImpl.invoke0(Native Method)
	at java.base/jdk.internal.reflect.NativeMethodAccessorImpl.invoke(NativeMethodAccessorImpl.java:62)
	at java.base/jdk.internal.reflect.DelegatingMethodAccessorImpl.invoke(DelegatingMethodAccessorImpl.java:43)
	at java.base/java.lang.reflect.Method.invoke(Method.java:566)
	at org.junit.runners.model.FrameworkMethod$1.runReflectiveCall(FrameworkMethod.java:44)
	at org.junit.internal.runners.model.ReflectiveCallable.run(ReflectiveCallable.java:15)
	at org.junit.runners.model.FrameworkMethod.invokeExplosively(FrameworkMethod.java:41)
	at junitparams.internal.InvokeParameterisedMethod.evaluate(InvokeParameterisedMethod.java:102)
	at org.junit.internal.runners.statements.FailOnTimeout$1.run(FailOnTimeout.java:28)
Caused by: ptolemy.kernel.util.IllegalActionException: SubscriptionAggregatorPorts cannot be used at the top level, use a SubscriptionAggregator actor instead.
  in .PublisherSubscriptionAggregatorPort.SubscriptionAggregatorPort
	at ptolemy.actor.SubscriptionAggregatorPort.preinitialize(SubscriptionAggregatorPort.java:353)
	at ptolemy.actor.CompositeActor.preinitialize(CompositeActor.java:1769)
	at ptolemy.actor.Manager.preinitializeAndResolveTypes(Manager.java:1040)
	at ptolemy.actor.Manager.initialize(Manager.java:710)
	at ptolemy.actor.Manager.execute(Manager.java:356)
	at ptolemy.actor.Manager.run(Manager.java:1263)
	at ptolemy.actor.Manager$PtolemyRunThread.run(Manager.java:1933)
java.lang.RuntimeException: Execution failed
	at ptolemy.moml.MoMLSimpleApplication$UnloadThread.run(MoMLSimpleApplication.java:402)
Caused by: ptolemy.kernel.util.IllegalActionException: TypeTest actor has no training data.
  in .sizedarray3.TypeTest
	at ptolemy.actor.lib.TypeTest.initialize(TypeTest.java:250)
	at ptolemy.actor.Director.initialize(Director.java:938)
	at ptolemy.actor.Director.initialize(Director.java:907)
	at ptolemy.actor.sched.StaticSchedulingDirector.initialize(StaticSchedulingDirector.java:159)
	at ptolemy.domains.sdf.kernel.SDFDirector.initialize(SDFDirector.java:544)
	at ptolemy.actor.CompositeActor.initialize(CompositeActor.java:935)
	at ptolemy.actor.Manager.initialize(Manager.java:724)
	at ptolemy.actor.Manager.execute(Manager.java:356)
	at ptolemy.actor.Manager.run(Manager.java:1263)
	at ptolemy.actor.Manager$PtolemyRunThread.run(Manager.java:1933)
java.lang.reflect.InvocationTargetException
	at java.base/jdk.internal.reflect.NativeConstructorAccessorImpl.newInstance0(Native Method)
	at java.base/jdk.internal.reflect.NativeConstructorAccessorImpl.newInstance(NativeConstructorAccessorImpl.java:62)
	at java.base/jdk.internal.reflect.DelegatingConstructorAccessorImpl.newInstance(DelegatingConstructorAccessorImpl.java:45)
	at java.base/java.lang.reflect.Constructor.newInstance(Constructor.java:490)
	at ptolemy.util.test.junit.AutoKnownFailedTests.RunModel(AutoKnownFailedTests.java:105)
	at java.base/jdk.internal.reflect.NativeMethodAccessorImpl.invoke0(Native Method)
	at java.base/jdk.internal.reflect.NativeMethodAccessorImpl.invoke(NativeMethodAccessorImpl.java:62)
	at java.base/jdk.internal.reflect.DelegatingMethodAccessorImpl.invoke(DelegatingMethodAccessorImpl.java:43)
	at java.base/java.lang.reflect.Method.invoke(Method.java:566)
	at org.junit.runners.model.FrameworkMethod$1.runReflectiveCall(FrameworkMethod.java:44)
	at org.junit.internal.runners.model.ReflectiveCallable.run(ReflectiveCallable.java:15)
	at org.junit.runners.model.FrameworkMethod.invokeExplosively(FrameworkMethod.java:41)
	at junitparams.internal.InvokeParameterisedMethod.evaluate(InvokeParameterisedMethod.java:102)
	at org.junit.internal.runners.statements.FailOnTimeout$1.run(FailOnTimeout.java:28)
Caused by: ptolemy.kernel.util.IllegalActionException: TypeTest actor has no training data.
  in .sizedarray3.TypeTest
	at ptolemy.actor.lib.TypeTest.initialize(TypeTest.java:250)
	at ptolemy.actor.Director.initialize(Director.java:938)
	at ptolemy.actor.Director.initialize(Director.java:907)
	at ptolemy.actor.sched.StaticSchedulingDirector.initialize(StaticSchedulingDirector.java:159)
	at ptolemy.domains.sdf.kernel.SDFDirector.initialize(SDFDirector.java:544)
	at ptolemy.actor.CompositeActor.initialize(CompositeActor.java:935)
	at ptolemy.actor.Manager.initialize(Manager.java:724)
	at ptolemy.actor.Manager.execute(Manager.java:356)
	at ptolemy.actor.Manager.run(Manager.java:1263)
	at ptolemy.actor.Manager$PtolemyRunThread.run(Manager.java:1933)
]]></system-err>
</testsuite>
