<?xml version="1.0" encoding="UTF-8" ?>
<testsuite errors="0" failures="0" hostname="travis-job-417dcd1f-3bb4-48fa-b0b8-6a916e107474" name="ptolemy.domains.de.test.junit.JUnitTclTest" skipped="0" tests="101" time="121.65" timestamp="2020-07-04T14:56:59">
  <properties>
    <property name="npm.executable" value="npm" />
    <property name="env.TRAVIS_ROOT" value="/" />
    <property name="ptII.mk.exists" value="true" />
    <property name="env.TRAVIS_APP_HOST" value="build.travis-ci.org" />
    <property name="env.rvm_bin_path" value="/home/travis/.rvm/bin" />
    <property name="java.home" value="/usr/local/lib/jvm/openjdk11" />
    <property name="env.TRAVIS_JOB_NUMBER" value="1681.9" />
    <property name="env.TRAVIS_HOME" value="/home/travis" />
    <property name="env.DISPLAY" value=":99.0" />
    <property name="env.TRAVIS_INIT" value="systemd" />
    <property name="env.SSH_TTY" value="/dev/pts/0" />
    <property name="java.net.preferIPv4Stack" value="true" />
    <property name="env.RUN_TESTS" value="true" />
    <property name="timeout.short" value="1000000" />
    <property name="junit.formatter" value="xml" />
    <property name="env.TRAVIS_SUDO" value="true" />
    <property name="env.TRAVIS_JOB_NAME" value="" />
    <property name="env.TRAVIS_STACK_NODE_ATTRIBUTES" value="/.node-attributes.yml" />
    <property name="env.LOGNAME" value="travis" />
    <property name="jsdoc.home" value="node_modules/@terraswarm/jsdoc" />
    <property name="debuglevel" value="source,lines,vars" />
    <property name="checkstyle.formatter" value="xml" />
    <property name="env._system_version" value="16.04" />
    <property name="bin.vergil.makeable" value="true" />
    <property name="sun.os.patch.level" value="unknown" />
    <property name="java.vendor.url" value="http://java.oracle.com/" />
    <property name="env.TRAVIS_BUILD_WEB_URL" value="https://travis-ci.org/icyphy/ptII/builds/704932786" />
    <property name="java.version" value="11.0.2" />
    <property name="env.TZ" value="UTC" />
    <property name="env.TRAVIS_PULL_REQUEST_SHA" value="" />
    <property name="env.PT_NO_NET" value="true" />
    <property name="env.TRAVIS_SECURE_ENV_VARS" value="true" />
    <property name="env._system_type" value="Linux" />
    <property name="java.vendor.url.bug" value="http://bugreport.java.com/bugreport/" />
    <property name="npmjs-org-is-up" value="true" />
    <property name="env.LANGUAGE" value="en_US.UTF-8" />
    <property name="env.SSH_CLIENT" value="10.52.1.93 35370 22" />
    <property name="env.GEM_HOME" value="/home/travis/.rvm/gems/ruby-2.5.3" />
    <property name="env.HAS_ANTARES_THREE_LITTLE_FRONZIES_BADGE" value="true" />
    <property name="java.version.date" value="2019-01-15" />
    <property name="env.PS4" value="+" />
    <property name="ant.project.invoked-targets" value="build,test.core2.xml" />
    <property name="env.TRAVIS_PULL_REQUEST_BRANCH" value="" />
    <property name="env.TRAVIS_REPO_SLUG" value="icyphy/ptII" />
    <property name="env.XDG_DATA_DIRS" value="/usr/local/share:/usr/share:/var/lib/snapd/desktop" />
    <property name="jdk.debug" value="release" />
    <property name="env.TRAVIS_APT_PROXY" value="http://build-cache.travisci.net" />
    <property name="env.TRAVIS_CPU_ARCH" value="amd64" />
    <property name="node.in.path" value="true" />
    <property name="user.name" value="travis" />
    <property name="java.maxmemory" value="1400m" />
    <property name="env.RUBY_VERSION" value="ruby-2.5.3" />
    <property name="env.LANG" value="en_US.UTF-8" />
    <property name="sun.io.unicode.encoding" value="UnicodeLittle" />
    <property name="sun.jnu.encoding" value="UTF-8" />
    <property name="java.runtime.name" value="OpenJDK Runtime Environment" />
    <property name="usefile" value="false" />
    <property name="return.code" value="0" />
    <property name="junit.single.formatter" value="plain" />
    <property name="env.DYLD_LIBRARY_PATH" value="/home/travis/pthla/certi-tools/lib:" />
    <property name="env.DEBIAN_FRONTEND" value="noninteractive" />
    <property name="env.SSH_CONNECTION" value="10.52.1.93 35370 10.20.0.56 22" />
    <property name="env.MYSQL_UNIX_PORT" value="/var/run/mysqld/mysqld.sock" />
    <property name="env.LC_ALL" value="en_US.UTF-8" />
    <property name="env.TRAVIS_ALLOW_FAILURE" value="" />
    <property name="env.TRAVIS_JOB_WEB_URL" value="https://travis-ci.org/icyphy/ptII/jobs/704932805" />
    <property name="java.specification.name" value="Java Platform API Specification" />
    <property name="node.works" value="true" />
    <property name="user.timezone" value="" />
    <property name="path.separator" value=":" />
    <property name="env.TRAVIS_ENABLE_INFRA_DETECTION" value="true" />
    <property name="env.PYTHON_CFLAGS" value="-g -fstack-protector --param=ssp-buffer-size=4 -Wformat -Werror=format-security" />
    <property name="timeout.long" value="4000000" />
    <property name="env.CERTI_HOME" value="/home/travis/pthla/certi-tools" />
    <property name="ant.file.ptII" value="/home/travis/build/icyphy/ptII/build.xml" />
    <property name="javadoc.packagenames" value="com.*,diva.*,lbnl.*,org.hlacerti.*,org.json.*,org.ptolemy.*,org.terraswarm.*,ptolemy.*,ptserver.*" />
    <property name="file.encoding" value="UTF-8" />
    <property name="env.TRAVIS_PULL_REQUEST_SLUG" value="" />
    <property name="ant.project.default-target" value="build" />
    <property name="env.GIT_ASKPASS" value="echo" />
    <property name="env.HOME" value="/home/travis" />
    <property name="sun.java.command" value="org.apache.tools.ant.taskdefs.optional.junit.JUnitTestRunner ptolemy.domains.de.test.junit.JUnitTclTest skipNonTests=false filtertrace=true haltOnError=false haltOnFailure=false formatter=org.apache.tools.ant.taskdefs.optional.junit.OutErrSummaryJUnitResultFormatter showoutput=true outputtoformatters=true logfailedtests=true threadid=0 logtestlistenerevents=false formatter=org.apache.tools.ant.taskdefs.optional.junit.XMLJUnitResultFormatter,/home/travis/build/icyphy/ptII/reports/junit/TEST-ptolemy.domains.de.test.junit.JUnitTclTest.xml crashfile=/home/travis/build/icyphy/ptII/junitvmwatcher7340711958755113228.properties propsfile=/home/travis/build/icyphy/ptII/junit15982542970152224606.properties" />
    <property name="env.COMPOSER_NO_INTERACTION" value="1" />
    <property name="env.MANPATH" value="/home/travis/.nvm/versions/node/v7.10.1/share/man:/home/travis/.rvm/rubies/ruby-2.5.3/share/man:/usr/local/cmake-3.12.4/man:/usr/local/clang-7.0.0/share/man:/usr/local/man:/usr/local/share/man:/usr/share/man:/home/travis/.rvm/man" />
    <property name="env.TRAVIS_TIMER_ID" value="1c278620" />
    <property name="ant.file" value="/home/travis/build/icyphy/ptII/build.xml" />
    <property name="env.TRAVIS_COMMIT_RANGE" value="3e950cfe0f3c004454147d0a7dfedd7f8d8e77cc...52bfcaaec950ad6b43d11ffdb9cd3f924b0c1f76" />
    <property name="env._system_name" value="Ubuntu" />
    <property name="ptII.classpath.optional.property" value="/home/travis/build/icyphy/ptII/lib/bsh-2.0b4.jar:/home/travis/build/icyphy/ptII/lib/ptCal.jar:/home/travis/build/icyphy/ptII/lib/java_cup.jar:/home/travis/build/icyphy/ptII/lib/saxon8.jar:/home/travis/build/icyphy/ptII/lib/saxon8-dom.jar:/home/travis/build/icyphy/ptII/lib/chic.jar:/home/travis/build/icyphy/ptII/lib/ptcolt.jar:/home/travis/build/icyphy/ptII/vendors/misc/itext/iText.jar:/home/travis/build/icyphy/ptII/lib/g4ltl.jar:/home/travis/build/icyphy/ptII/lib/StructuralCoder.jar:/home/travis/build/icyphy/ptII/lib/jcerti.jar:/home/travis/build/icyphy/ptII/lib/javax.mail.jar:/home/travis/build/icyphy/ptII/vendors/JMF-2.1.1e/lib/jmf.jar:/home/travis/build/icyphy/ptII/lib/jna-4.0.0-variadic.jar:/home/travis/build/icyphy/ptII/vendors/misc/joystick/Joystick.jar:/home/travis/build/icyphy/ptII/lib/ptjacl.jar:/home/travis/build/icyphy/ptII/lib/jsoup-1.8.2.jar:/home/travis/build/icyphy/ptII/lib/junit-4.8.2.jar:/home/travis/build/icyphy/ptII/lib/JUnitParams-0.4.0.jar:/home/travis/build/icyphy/ptII/ptolemy/actor/lib/excel/jxl.jar:/home/travis/build/icyphy/ptII/lib/jython.jar:/home/travis/build/icyphy/ptII/lib/kieler.jar:/home/travis/build/icyphy/ptII/vendors/opencv/share/OpenCV/java/opencv-341.jar:/home/travis/build/icyphy/ptII/lib/oscP5.jar:/home/travis/build/icyphy/ptII/lib/nrjavaserial-3.11.0.devel.jar:/home/travis/build/icyphy/ptII/vendors/j3d/lib/Linux/j3dcore.jar:/home/travis/build/icyphy/ptII/vendors/j3d/lib/Linux/j3dutils.jar:/home/travis/build/icyphy/ptII/vendors/j3d/lib/Linux/vecmath.jar:/home/travis/build/icyphy/ptII/vendors/jogl/lib/Linux/gluegen-rt-natives-linux-amd64.jar:/home/travis/build/icyphy/ptII/vendors/jogl/lib/Linux/gluegen-rt.jar:/home/travis/build/icyphy/ptII/vendors/jogl/lib/Linux/jogl-all-natives-linux-amd64.jar:/home/travis/build/icyphy/ptII/vendors/jogl/lib/Linux/jogl-all.jar:/home/travis/build/icyphy/ptII/ptolemy/distributed/jini/jar/jini-core.jar:/home/travis/build/icyphy/ptII/ptolemy/distributed/jini/jar/jini-ext.jar:/home/travis/build/icyphy/ptII/ptolemy/distributed/jini/jar/sun-util.jar:/home/travis/build/icyphy/ptII/lib/protobuf-java-2.4.1.jar:/home/travis/build/icyphy/ptII/lib/org.eclipse.paho.client.mqttv3.jar:/home/travis/build/icyphy/ptII/lib/mapss.jar:/home/travis/build/icyphy/ptII/ptolemy/actor/ptalon/antlr/antlr.jar:/home/travis/build/icyphy/ptII/lib/JRI.jar:/home/travis/build/icyphy/ptII/lib/commons-lang-2.6.jar:/home/travis/build/icyphy/ptII/lib/commons-logging-1.1.1.jar:/home/travis/build/icyphy/ptII/lib/sootclasses.jar:/home/travis/build/icyphy/ptII/ptolemy/actor/lib/database/mysql-connector-java-5.1.6-bin.jar:/home/travis/build/icyphy/ptII/vendors/misc/sphinx4/sphinx4-data-5prealpha.jar:/home/travis/build/icyphy/ptII/vendors/misc/sphinx4/sphinx4-core-5prealpha.jar:/home/travis/build/icyphy/ptII/lib/PDFRenderer.jar:/home/travis/build/icyphy/ptII/lib/svgSalamander.jar:/home/travis/build/icyphy/ptII/lib/rsyntaxtextarea-2.6.0-SNAPSHOT.jar:/home/travis/build/icyphy/ptII/lib/hazelcast-3.8.2.jar:/home/travis/build/icyphy/ptII/lib/jackson-annotations-2.9.0.jar:/home/travis/build/icyphy/ptII/lib/jackson-core-2.9.3.jar:/home/travis/build/icyphy/ptII/lib/jackson-databind-2.9.3.jar:/home/travis/build/icyphy/ptII/lib/netty-buffer-4.1.19.Final.jar:/home/travis/build/icyphy/ptII/lib/netty-codec-4.1.19.Final.jar:/home/travis/build/icyphy/ptII/lib/netty-codec-dns-4.1.19.Final.jar:/home/travis/build/icyphy/ptII/lib/netty-codec-http-4.1.19.Final.jar:/home/travis/build/icyphy/ptII/lib/netty-codec-http2-4.1.19.Final.jar:/home/travis/build/icyphy/ptII/lib/netty-common-4.1.19.Final.jar:/home/travis/build/icyphy/ptII/lib/netty-handler-4.1.19.Final.jar:/home/travis/build/icyphy/ptII/lib/netty-resolver-4.1.19.Final.jar:/home/travis/build/icyphy/ptII/lib/netty-resolver-dns-4.1.19.Final.jar:/home/travis/build/icyphy/ptII/lib/netty-transport-4.1.19.Final.jar:/home/travis/build/icyphy/ptII/lib/vertx-codegen-3.5.1.jar:/home/travis/build/icyphy/ptII/lib/vertx-core-3.5.2-SNAPSHOT.jar:/home/travis/build/icyphy/ptII/lib/vertx-hazelcast-3.5.1.jar:/home/travis/build/icyphy/ptII/lib/vertx-lang-js-3.5.1.jar:/home/travis/build/icyphy/ptII/lib/vertx-service-proxy-3.5.1.jar:/home/travis/build/icyphy/ptII/lib/vertx-web-3.5.1.jar:/home/travis/build/icyphy/ptII/lib/slf4j-api-1.7.13.jar:/home/travis/build/icyphy/ptII/lib/slf4j-simple-1.7.13.jar:/home/travis/build/icyphy/ptII/lib/webcam-capture-0.3.12.jar:/home/travis/build/icyphy/ptII/lib/bridj-0.7.0.jar:/home/travis/build/icyphy/ptII/lib/xbjlib-1.1.0.nrjavaserial.jar" />
    <property name="timeout" value="2400000" />
    <property name="test.batch" value="**/junit/*.java" />
    <property name="env._" value="/usr/bin/timeout" />
    <property name="java.io.tmpdir" value="/tmp" />
    <property name="user.language" value="en" />
    <property name="env.TRAVIS_INTERNAL_RUBY_REGEX" value="^ruby-(2\.[0-4]\.[0-9]|1\.9\.3)" />
    <property name="env.HISTCONTROL" value="ignoredups:ignorespace" />
    <property name="env.GOROOT" value="/home/travis/.gimme/versions/go1.11.1.linux.amd64" />
    <property name="line.separator" value="&#xa;" />
    <property name="target" value="11" />
    <property name="env.TRAVIS_BUILD_DIR" value="/home/travis/build/icyphy/ptII" />
    <property name="env.ANT_OPTS" value="-Xmx2048m" />
    <property name="ant.file.type" value="file" />
    <property name="ptolemy.ptII.batchMode" value="true" />
    <property name="env.HISTSIZE" value="1000" />
    <property name="env.MERB_ENV" value="test" />
    <property name="java.vm.info" value="mixed mode" />
    <property name="source" value="11" />
    <property name="java.vm.specification.name" value="Java Virtual Machine Specification" />
    <property name="env.TRAVIS_TEST_RESULT" value="0" />
    <property name="jsdoc.command" value="node_modules/@terraswarm/jsdoc/jsdoc.js" />
    <property name="npm.works" value="true" />
    <property name="cobertura.dir" value="/home/travis/build/icyphy/ptII/vendors/cobertura-2.0.3" />
    <property name="jsdoc.command.exists" value="true" />
    <property name="env.rvm_path" value="/home/travis/.rvm" />
    <property name="env.GEM_PATH" value="/home/travis/.rvm/gems/ruby-2.5.3:/home/travis/.rvm/gems/ruby-2.5.3@global" />
    <property name="env.LC_CTYPE" value="en_US.UTF-8" />
    <property name="env.TRAVIS_CMD" value="$PTII/bin/ptIITravisBuild.sh $SECONDS" />
    <property name="java.awt.printerjob" value="sun.print.PSPrinterJob" />
    <property name="env.TRAVIS_STACK_NAME" value="sardonyx" />
    <property name="env.TRAVIS_TIMER_START_TIME" value="1593874409335470832" />
    <property name="ant.version" value="Apache Ant(TM) version 1.10.1 compiled on February 2 2017" />
    <property name="ptII.reports" value="/home/travis/build/icyphy/ptII/reports" />
    <property name="env.TRAVIS_STACK_TIMESTAMP" value="2019-03-25 16:16:56 UTC" />
    <property name="ant.file.type.ptII" value="file" />
    <property name="env.RBENV_SHELL" value="bash" />
    <property name="os.name" value="Linux" />
    <property name="java.specification.vendor" value="Oracle Corporation" />
    <property name="env.rvm_version" value="1.29.7 (latest)" />
    <property name="env.TRAVIS_INFRA" value="unknown" />
    <property name="env.TERM" value="xterm" />
    <property name="java.vm.name" value="OpenJDK 64-Bit Server VM" />
    <property name="env.TRAVIS_BUILD_NUMBER" value="1681" />
    <property name="env.CI" value="true" />
    <property name="java.library.path" value="/home/travis/pthla/certi-tools/lib:/usr/lib/jni:/usr/local/share/OpenCV/java/:/usr/share/OpenCV/java::/usr/java/packages/lib:/usr/lib64:/lib64:/lib:/usr/lib" />
    <property name="jdk.module.path" value="/home/travis/build/icyphy/ptII/vendors/javafx/javafx-sdk-11.0.2/lib:" />
    <property name="env.rvm_prefix" value="/home/travis" />
    <property name="env.PATH" value="/home/travis/pthla/certi-tools/share/scripts:/home/travis/.rvm/gems/ruby-2.5.3/bin:/home/travis/.rvm/gems/ruby-2.5.3@global/bin:/home/travis/.rvm/rubies/ruby-2.5.3/bin:/home/travis/.rvm/bin:/home/travis/.nvm/versions/node/v7.10.1/bin:./node_modules/.bin:/home/travis/build/icyphy/ptII/bin:/home/travis/pthla/certi-tools/bin:/home/travis/bin:/home/travis/.local/bin:/usr/local/lib/jvm/openjdk11/bin:/opt/pyenv/shims:/home/travis/.phpenv/shims:/home/travis/perl5/perlbrew/bin:/home/travis/gopath/bin:/home/travis/.gimme/versions/go1.11.1.linux.amd64/bin:/usr/local/maven-3.6.0/bin:/usr/local/cmake-3.12.4/bin:/usr/local/clang-7.0.0/bin:/usr/local/sbin:/usr/local/bin:/usr/sbin:/usr/bin:/sbin:/bin:/snap/bin:/home/travis/.phpenv/bin:/opt/pyenv/bin:/home/travis/.yarn/bin" />
    <property name="env.TRAVIS_OS_NAME" value="linux" />
    <property name="ant.java.version" value="9" />
    <property name="basedir" value="/home/travis/build/icyphy/ptII" />
    <property name="java.class.version" value="55.0" />
    <property name="env.SHLVL" value="3" />
    <property name="env.LD_LIBRARY_PATH" value="/home/travis/pthla/certi-tools/lib:/usr/lib/jni:/usr/local/share/OpenCV/java/:/usr/share/OpenCV/java:" />
    <property name="env.RACK_ENV" value="test" />
    <property name="ant.home" value="/home/travis/build/icyphy/ptII/ant" />
    <property name="env.NVM_DIR" value="/home/travis/.nvm" />
    <property name="env.CERTI_FOM_PATH" value="/home/travis/pthla/certi-tools/share/federations" />
    <property name="env.TRAVIS_BUILD_ID" value="704932786" />
    <property name="env.PYENV_ROOT" value="/opt/pyenv" />
    <property name="env.TRAVIS_UID" value="2000" />
    <property name="prism.verbose" value="true" />
    <property name="env.NVM_BIN" value="/home/travis/.nvm/versions/node/v7.10.1/bin" />
    <property name="env.TRAVIS_COMMIT" value="52bfcaaec950ad6b43d11ffdb9cd3f924b0c1f76" />
    <property name="env._system_arch" value="x86_64" />
    <property name="node.executable" value="node" />
    <property name="sun.boot.library.path" value="/usr/local/lib/jvm/openjdk11/lib" />
    <property name="sun.management.compiler" value="HotSpot 64-Bit Tiered Compilers" />
    <property name="java.awt.graphicsenv" value="sun.awt.X11GraphicsEnvironment" />
    <property name="env.GOPATH" value="/home/travis/gopath" />
    <property name="ptolemy.ptII.dir" value="/home/travis/build/icyphy/ptII" />
    <property name="env.USER" value="travis" />
    <property name="env.HISTFILESIZE" value="2000" />
    <property name="env.NVM_INC" value="/home/travis/.nvm/versions/node/v7.10.1/include/node" />
    <property name="timeout.longest" value="19000000" />
    <property name="env.PERLBREW_SHELLRC_VERSION" value="0.86" />
    <property name="env.TRAVIS_STACK_FEATURES" value="basic couchdb disabled-ipv6 docker docker-compose elasticsearch firefox go-toolchain google-chrome jdk memcached mongodb mysql nodejs_interpreter perl_interpreter perlbrew phantomjs postgresql python_interpreter redis ruby_interpreter sqlite xserver" />
    <property name="env.TRAVIS_PULL_REQUEST" value="false" />
    <property name="env.PYENV_SHELL" value="bash" />
    <property name="ant.project.name" value="ptII" />
    <property name="env.ANSI_RESET" value="\033[0m" />
    <property name="java.vm.specification.version" value="11" />
    <property name="env.TRAVIS_DIST" value="xenial" />
    <property name="env.CERTI_VERSION" value="4.0.0" />
    <property name="env.CERTI_HOST" value="localhost" />
    <property name="awt.toolkit" value="sun.awt.X11.XToolkit" />
    <property name="env.MY_RUBY_HOME" value="/home/travis/.rvm/rubies/ruby-2.5.3" />
    <property name="sun.cpu.isalist" value="" />
    <property name="env.TRAVIS_TMPDIR" value="/tmp/tmp.6E2175QKN6" />
    <property name="java.vm.compressedOopsMode" value="Zero based" />
    <property name="os.version" value="4.15.0-1028-gcp" />
    <property name="user.home" value="/home/travis" />
    <property name="java.vm.vendor" value="Oracle Corporation" />
    <property name="env.TRAVIS_TAG" value="nightly" />
    <property name="env.ANSI_YELLOW" value="\033[33;1m" />
    <property name="env.TRAVIS_FILTERED" value="redirect_io" />
    <property name="env.ANSI_GREEN" value="\033[32;1m" />
    <property name="env.JAVA_HOME" value="/usr/local/lib/jvm/openjdk11" />
    <property name="javadoc.excludepackagenames" value="adm.cvs2svn.*,build.*,config.*,doc.coding.templates.*,jni.test.jni.meaningOfLife.*,jni.test.jni.testDeux.*,jni.test.jni.testTrois.*,org.terraswarm.accessor.accessors.web.node_modules.*,org.terraswarm.accessor.accessors.web.hosts.cordova.demo.*,org.terraswarm.accessor.accessors.web.hosts.cordova.plugins.*,org.terraswarm.accessor.accessors-svn.*,pt-modules.*,ptolemy.apps.agilent.*,ptolemy.apps.anytimecontrol.*,ptolemy.apps.apes.*,ptolemy.apps.charon.*,ptolemy.apps.crazyboard.*,ptolemy.apps.eclipse.*,ptolemy.apps.etherealSting.*,ptolemy.apps.fullscreen.*,ptolemy.apps.giotto.*,ptolemy.apps.ia.*,ptolemy.apps.interfaces.*,ptolemy.apps.jmf.*,ptolemy.apps.kurt.*,ptolemy.apps.kvm.*,ptolemy.apps.lego.*,ptolemy.apps.lejos.*,ptolemy.apps.midp.*,ptolemy.apps.mobileCoding.*,ptolemy.apps.pendulum.*,ptolemy.apps.rijndael.*,ptolemy.apps.robot.*,ptolemy.apps.security.*,ptolemy.apps.sobel.*,ptolemy.apps.soot.*,ptolemy.apps.throttle.*,ptolemy.apps.tini.*,ptolemy.apps.transmission.*,ptolemy.apps.vergil.*,ptolemy.apps.waba.*,ptolemy.apps.websensor.*,ptolemy.apps.webstart.*,ptolemy.apps.xsl.*,ptolemy.apps.zaurus.*,ptolemy.codegen.c.actor.lib.oldJavaFiles.*,ptolemy.codegen.dsp.lib.*,ptolemy.codegen.kernel.newInterfaces.*,ptolemy.codegen.lib.*,ptolemy.copernicus.kernel.fragment.*,ptolemy.copernicus.shallow.cg.*,ptolemy.domains.giotto.demo.Hierarchy.Hierarchy.*,ptolemy.domains.giotto.demo.Multimode.Multimode.*,ptolemy.domains.giotto.demo.Simple.Simple.*,ptolemy.domains.gr.lib.experimental.*,ptolemy.domains.gro.*,ptolemy.domains.pdf.*,ptolemy.domains.ptinyos.demo.Surge.output.*,ptolemy.moml.test.NoPackageActor.java*,ptolemy.plot.adm.*,ptolemy.plot.servlet.*,reports.*,signed.*,src.*,target.*,vendors.*,ptolemy.copernicus.applet.*,ptolemy.media.viewer.*,ptolemy.actor.corba.*,doc.doclets.*,ptolemy.apps.eclipse.awt.*,ptolemy.backtrack.*,ptolemy.backtrack.ast.*,ptolemy.cg.adapter.generic.program.procedural.c.mbed*,ptolemy.homer.*,ptolemy.actor.lib.jai.*,org.ptolemy.scala.*,diva.util.java2d.svg.*,ptolemy.domains.ptinyos.*,ptolemy.actor.lib.fmi.fmipp.*,,org.terraswarm.accessor.accessors.web.node_modules.*,org.terraswarm.accessor.accessors-svn,ptolemy.apps.*,ptolemy.actor.ptalon.demo.ptinyos.SendAndReceiveCnt.output,ptolemy.actor.ptalon.demo.ptinyos.SenseToLeds.output,ptolemy.domains.ptinyos.demo.CntToLedsAndRfm.output,ptolemy.domains.ptinyos.demo.RfmToLeds.output,ptolemy.domains.ptinyos.demo.SendAndReceiveCnt.output,ptolemy.domains.ptinyos.demo.SenseToLeds.output,ptolemy.actor.lib.jjs.modules.udpSocket.*" />
    <property name="env.PTII" value="/home/travis/build/icyphy/ptII" />
    <property name="env.XDG_SESSION_ID" value="2" />
    <property name="keystore" value="ptKeystore" />
    <property name="env.TRAVIS_COMMIT_MESSAGE" value="Updating models using array data type." />
    <property name="junit.output.dir" value="/home/travis/build/icyphy/ptII/reports/junit" />
    <property name="npm.return.code" value="0" />
    <property name="user.dir" value="/home/travis/build/icyphy/ptII/ptolemy/domains/de/test" />
    <property name="env.TRAVIS_NODE_VERSION" value="7" />
    <property name="env.TRAVIS_EVENT_TYPE" value="cron" />
    <property name="env.MAIL" value="/var/mail/travis" />
    <property name="env.PERLBREW_ROOT" value="/home/travis/perl5/perlbrew" />
    <property name="env.PWD" value="/home/travis/build/icyphy/ptII" />
    <property name="timeout.npm" value="45000" />
    <property name="env.PT_TRAVIS_TEST_CORE2_XML" value="true" />
    <property name="env.TRAVIS_ARCH" value="amd64" />
    <property name="sun.cpu.endian" value="little" />
    <property name="env.PAGER" value="cat" />
    <property name="env.TRAVIS_BUILD_STAGE_NAME" value="test" />
    <property name="env.PERLBREW_HOME" value="/home/travis/.perlbrew" />
    <property name="java.vm.version" value="11.0.2+9" />
    <property name="env.RAILS_ENV" value="test" />
    <property name="java.class.path" value="/home/travis/build/icyphy/ptII:/home/travis/build/icyphy/ptII/lib/bsh-2.0b4.jar:/home/travis/build/icyphy/ptII/lib/ptCal.jar:/home/travis/build/icyphy/ptII/lib/java_cup.jar:/home/travis/build/icyphy/ptII/lib/saxon8.jar:/home/travis/build/icyphy/ptII/lib/saxon8-dom.jar:/home/travis/build/icyphy/ptII/lib/chic.jar:/home/travis/build/icyphy/ptII/lib/ptcolt.jar:/home/travis/build/icyphy/ptII/vendors/misc/itext/iText.jar:/home/travis/build/icyphy/ptII/lib/g4ltl.jar:/home/travis/build/icyphy/ptII/lib/StructuralCoder.jar:/home/travis/build/icyphy/ptII/lib/jcerti.jar:/home/travis/build/icyphy/ptII/lib/javax.mail.jar:/home/travis/build/icyphy/ptII/vendors/JMF-2.1.1e/lib/jmf.jar:/home/travis/build/icyphy/ptII/lib/jna-4.0.0-variadic.jar:/home/travis/build/icyphy/ptII/vendors/misc/joystick/Joystick.jar:/home/travis/build/icyphy/ptII/lib/ptjacl.jar:/home/travis/build/icyphy/ptII/lib/jsoup-1.8.2.jar:/home/travis/build/icyphy/ptII/lib/junit-4.8.2.jar:/home/travis/build/icyphy/ptII/lib/JUnitParams-0.4.0.jar:/home/travis/build/icyphy/ptII/ptolemy/actor/lib/excel/jxl.jar:/home/travis/build/icyphy/ptII/lib/jython.jar:/home/travis/build/icyphy/ptII/lib/kieler.jar:/home/travis/build/icyphy/ptII/vendors/opencv/share/OpenCV/java/opencv-341.jar:/home/travis/build/icyphy/ptII/lib/oscP5.jar:/home/travis/build/icyphy/ptII/lib/nrjavaserial-3.11.0.devel.jar:/home/travis/build/icyphy/ptII/vendors/j3d/lib/Linux/j3dcore.jar:/home/travis/build/icyphy/ptII/vendors/j3d/lib/Linux/j3dutils.jar:/home/travis/build/icyphy/ptII/vendors/j3d/lib/Linux/vecmath.jar:/home/travis/build/icyphy/ptII/vendors/jogl/lib/Linux/gluegen-rt-natives-linux-amd64.jar:/home/travis/build/icyphy/ptII/vendors/jogl/lib/Linux/gluegen-rt.jar:/home/travis/build/icyphy/ptII/vendors/jogl/lib/Linux/jogl-all-natives-linux-amd64.jar:/home/travis/build/icyphy/ptII/vendors/jogl/lib/Linux/jogl-all.jar:/home/travis/build/icyphy/ptII/ptolemy/distributed/jini/jar/jini-core.jar:/home/travis/build/icyphy/ptII/ptolemy/distributed/jini/jar/jini-ext.jar:/home/travis/build/icyphy/ptII/ptolemy/distributed/jini/jar/sun-util.jar:/home/travis/build/icyphy/ptII/lib/protobuf-java-2.4.1.jar:/home/travis/build/icyphy/ptII/lib/org.eclipse.paho.client.mqttv3.jar:/home/travis/build/icyphy/ptII/lib/mapss.jar:/home/travis/build/icyphy/ptII/ptolemy/actor/ptalon/antlr/antlr.jar:/home/travis/build/icyphy/ptII/lib/JRI.jar:/home/travis/build/icyphy/ptII/lib/commons-lang-2.6.jar:/home/travis/build/icyphy/ptII/lib/commons-logging-1.1.1.jar:/home/travis/build/icyphy/ptII/lib/sootclasses.jar:/home/travis/build/icyphy/ptII/ptolemy/actor/lib/database/mysql-connector-java-5.1.6-bin.jar:/home/travis/build/icyphy/ptII/vendors/misc/sphinx4/sphinx4-data-5prealpha.jar:/home/travis/build/icyphy/ptII/vendors/misc/sphinx4/sphinx4-core-5prealpha.jar:/home/travis/build/icyphy/ptII/lib/PDFRenderer.jar:/home/travis/build/icyphy/ptII/lib/svgSalamander.jar:/home/travis/build/icyphy/ptII/lib/rsyntaxtextarea-2.6.0-SNAPSHOT.jar:/home/travis/build/icyphy/ptII/lib/hazelcast-3.8.2.jar:/home/travis/build/icyphy/ptII/lib/jackson-annotations-2.9.0.jar:/home/travis/build/icyphy/ptII/lib/jackson-core-2.9.3.jar:/home/travis/build/icyphy/ptII/lib/jackson-databind-2.9.3.jar:/home/travis/build/icyphy/ptII/lib/netty-buffer-4.1.19.Final.jar:/home/travis/build/icyphy/ptII/lib/netty-codec-4.1.19.Final.jar:/home/travis/build/icyphy/ptII/lib/netty-codec-dns-4.1.19.Final.jar:/home/travis/build/icyphy/ptII/lib/netty-codec-http-4.1.19.Final.jar:/home/travis/build/icyphy/ptII/lib/netty-codec-http2-4.1.19.Final.jar:/home/travis/build/icyphy/ptII/lib/netty-common-4.1.19.Final.jar:/home/travis/build/icyphy/ptII/lib/netty-handler-4.1.19.Final.jar:/home/travis/build/icyphy/ptII/lib/netty-resolver-4.1.19.Final.jar:/home/travis/build/icyphy/ptII/lib/netty-resolver-dns-4.1.19.Final.jar:/home/travis/build/icyphy/ptII/lib/netty-transport-4.1.19.Final.jar:/home/travis/build/icyphy/ptII/lib/vertx-codegen-3.5.1.jar:/home/travis/build/icyphy/ptII/lib/vertx-core-3.5.2-SNAPSHOT.jar:/home/travis/build/icyphy/ptII/lib/vertx-hazelcast-3.5.1.jar:/home/travis/build/icyphy/ptII/lib/vertx-lang-js-3.5.1.jar:/home/travis/build/icyphy/ptII/lib/vertx-service-proxy-3.5.1.jar:/home/travis/build/icyphy/ptII/lib/vertx-web-3.5.1.jar:/home/travis/build/icyphy/ptII/lib/slf4j-api-1.7.13.jar:/home/travis/build/icyphy/ptII/lib/slf4j-simple-1.7.13.jar:/home/travis/build/icyphy/ptII/lib/webcam-capture-0.3.12.jar:/home/travis/build/icyphy/ptII/lib/bridj-0.7.0.jar:/home/travis/build/icyphy/ptII/lib/xbjlib-1.1.0.nrjavaserial.jar:/home/travis/build/icyphy/ptII/ptolemy/moml/test:/home/travis/build/icyphy/ptII/ant/lib/ant-launcher.jar:/home/travis/build/icyphy/ptII/ant/lib/ant.jar:/home/travis/build/icyphy/ptII/ant/lib/ant-junit.jar:/home/travis/build/icyphy/ptII/ant/lib/ant-junit4.jar" />
    <property name="ant.library.dir" value="/home/travis/build/icyphy/ptII/ant/lib" />
    <property name="os.arch" value="amd64" />
    <property name="env.CONTINUOUS_INTEGRATION" value="true" />
    <property name="env.TRAVIS_LANGUAGE" value="node_js" />
    <property name="env.TRAVIS_STACK_LANGUAGES" value="__sardonyx__ c c++ clojure cplusplus cpp default generic go groovy java node_js php pure_java python ruby scala" />
    <property name="test.name" value="ptolemy.actor.lib.test.junit.JUnitTclTest" />
    <property name="env.APT_KEY_DONT_WARN_ON_DANGEROUS_USAGE" value="1" />
    <property name="sun.java.launcher" value="SUN_STANDARD" />
    <property name="env.PYTHON_CONFIGURE_OPTS" value="--enable-unicode=ucs4 --with-wide-unicode --enable-shared --enable-ipv6 --enable-loadable-sqlite-extensions --with-computed-gotos" />
    <property name="ant.core.lib" value="/home/travis/build/icyphy/ptII/ant/lib/ant.jar" />
    <property name="java.vm.specification.vendor" value="Oracle Corporation" />
    <property name="env.BCVTB_HOME" value="/home/travis/build/icyphy/ptII/lbnl" />
    <property name="file.separator" value="/" />
    <property name="spotbugs.home" value="/home/travis/build/icyphy/ptII/vendors/spotbugs-3.1.1" />
    <property name="java.runtime.version" value="11.0.2+9" />
    <property name="env.ANSI_CLEAR" value="\033[0K" />
    <property name="javafx.verbose" value="true" />
    <property name="env.HAS_JOSH_K_SEAL_OF_APPROVAL" value="true" />
    <property name="env.XDG_RUNTIME_DIR" value="/run/user/2000" />
    <property name="env.TRAVIS_OSX_IMAGE" value="" />
    <property name="env.TRAVIS_JOB_ID" value="704932805" />
    <property name="env.TRAVIS_BRANCH" value="master" />
    <property name="user.country" value="US" />
    <property name="env.CERTI_HOME_TRAVIS" value="/home/travis/pthla/certi-tools" />
    <property name="env.SHELL" value="/bin/bash" />
    <property name="java.maxmemory.large" value="3200m" />
    <property name="model" value="" />
    <property name="env.CASHER_DIR" value="/home/travis/.casher" />
    <property name="env.NVM_CD_FLAGS" value="" />
    <property name="java.vendor.version" value="18.9" />
    <property name="jshint.executable" value="/home/travis/node_modules/jshint/bin/jshint" />
    <property name="env.JRUBY_OPTS" value=" --client -J-XX:+TieredCompilation -J-XX:TieredStopAtLevel=1 -J-Xss2m -Xcompile.invokedynamic=false" />
    <property name="java.vendor" value="Oracle Corporation" />
    <property name="env.TRAVIS_PRE_CHEF_BOOTSTRAP_TIME" value="2019-03-25T16:16:42" />
    <property name="env.TRAVIS_STACK_JOB_BOARD_REGISTER" value="/.job-board-register.yml" />
    <property name="env.ANSI_RED" value="\033[31;1m" />
    <property name="java.specification.version" value="11" />
    <property name="env.IRBRC" value="/home/travis/.rvm/rubies/ruby-2.5.3/.irbrc" />
    <property name="env.TRAVIS" value="true" />
    <property name="sun.arch.data.model" value="64" />
  </properties>
  <testcase classname="ptolemy.util.test.junit.TclTests" name="[0] /home/travis/build/icyphy/ptII/ptolemy/domains/de/test/DependencyLoop.tcl (RunTclFile)" time="0.998" />
  <testcase classname="ptolemy.util.test.junit.TclTests" name="[1] /home/travis/build/icyphy/ptII/ptolemy/domains/de/test/RunDETestsAsQSS.tcl (RunTclFile)" time="82.059" />
  <testcase classname="ptolemy.util.test.junit.AutoKnownFailedTests" name="[0] /home/travis/build/icyphy/ptII/ptolemy/domains/de/test/auto/knownFailedTests/DESDFClockTest.xml (RunModel)" time="2.051" />
  <testcase classname="ptolemy.util.test.junit.AutoKnownFailedTests" name="[1] /home/travis/build/icyphy/ptII/ptolemy/domains/de/test/auto/knownFailedTests/DirectFeedback.xml (RunModel)" time="0.026" />
  <testcase classname="ptolemy.util.test.junit.AutoKnownFailedTests" name="[2] /home/travis/build/icyphy/ptII/ptolemy/domains/de/test/auto/knownFailedTests/FSMSource.xml (RunModel)" time="0.036" />
  <testcase classname="ptolemy.util.test.junit.AutoKnownFailedTests" name="[3] /home/travis/build/icyphy/ptII/ptolemy/domains/de/test/auto/knownFailedTests/HierarchicalModel.xml (RunModel)" time="0.06" />
  <testcase classname="ptolemy.util.test.junit.AutoKnownFailedTests" name="[4] /home/travis/build/icyphy/ptII/ptolemy/domains/de/test/auto/knownFailedTests/dependencyLoop.xml (RunModel)" time="0.043" />
  <testcase classname="ptolemy.util.test.junit.AutoKnownFailedTests" name="[5] /home/travis/build/icyphy/ptII/ptolemy/domains/de/test/auto/knownFailedTests/dependencyLoop2.xml (RunModel)" time="0.041" />
  <testcase classname="ptolemy.util.test.junit.AutoNameArchTests" name="[0] ThereAreNoAutoArchTests (RunModel)" time="0.004" />
  <testcase classname="ptolemy.util.test.junit.AutoTests" name="[0] /home/travis/build/icyphy/ptII/ptolemy/domains/de/test/auto/ActorDepthCalculation_actorWithoutPorts.xml (RunModel)" time="0.016" />
  <testcase classname="ptolemy.util.test.junit.AutoTests" name="[1] /home/travis/build/icyphy/ptII/ptolemy/domains/de/test/auto/AssemblyLine.xml (RunModel)" time="0.024" />
  <testcase classname="ptolemy.util.test.junit.AutoTests" name="[2] /home/travis/build/icyphy/ptII/ptolemy/domains/de/test/auto/CQBug1.xml (RunModel)" time="0.008" />
  <testcase classname="ptolemy.util.test.junit.AutoTests" name="[3] /home/travis/build/icyphy/ptII/ptolemy/domains/de/test/auto/CancelFireAt.xml (RunModel)" time="0.015" />
  <testcase classname="ptolemy.util.test.junit.AutoTests" name="[4] /home/travis/build/icyphy/ptII/ptolemy/domains/de/test/auto/CausalityAndComposabilityAnalysis.xml (RunModel)" time="0.012" />
  <testcase classname="ptolemy.util.test.junit.AutoTests" name="[5] /home/travis/build/icyphy/ptII/ptolemy/domains/de/test/auto/CausalityInterface1.xml (RunModel)" time="0.017" />
  <testcase classname="ptolemy.util.test.junit.AutoTests" name="[6] /home/travis/build/icyphy/ptII/ptolemy/domains/de/test/auto/CausalityInterface15.xml (RunModel)" time="0.015" />
  <testcase classname="ptolemy.util.test.junit.AutoTests" name="[7] /home/travis/build/icyphy/ptII/ptolemy/domains/de/test/auto/CausalityInterface2.xml (RunModel)" time="0.013" />
  <testcase classname="ptolemy.util.test.junit.AutoTests" name="[8] /home/travis/build/icyphy/ptII/ptolemy/domains/de/test/auto/CausalityInterface3.xml (RunModel)" time="0.011" />
  <testcase classname="ptolemy.util.test.junit.AutoTests" name="[9] /home/travis/build/icyphy/ptII/ptolemy/domains/de/test/auto/ClockDrift.xml (RunModel)" time="0.039" />
  <testcase classname="ptolemy.util.test.junit.AutoTests" name="[10] /home/travis/build/icyphy/ptII/ptolemy/domains/de/test/auto/ClockDriftAndValueChange.xml (RunModel)" time="0.029" />
  <testcase classname="ptolemy.util.test.junit.AutoTests" name="[11] /home/travis/build/icyphy/ptII/ptolemy/domains/de/test/auto/ClockDriftChange.xml (RunModel)" time="0.03" />
  <testcase classname="ptolemy.util.test.junit.AutoTests" name="[12] /home/travis/build/icyphy/ptII/ptolemy/domains/de/test/auto/ComposableCausalityAnalysis.xml (RunModel)" time="0.014" />
  <testcase classname="ptolemy.util.test.junit.AutoTests" name="[13] /home/travis/build/icyphy/ptII/ptolemy/domains/de/test/auto/DEFixedPointLimitation.xml (RunModel)" time="0.009" />
  <testcase classname="ptolemy.util.test.junit.AutoTests" name="[14] /home/travis/build/icyphy/ptII/ptolemy/domains/de/test/auto/DEScheduleTest.xml (RunModel)" time="0.018" />
  <testcase classname="ptolemy.util.test.junit.AutoTests" name="[15] /home/travis/build/icyphy/ptII/ptolemy/domains/de/test/auto/DEinDEwithStartTimes.xml (RunModel)" time="0.015" />
  <testcase classname="ptolemy.util.test.junit.AutoTests" name="[16] /home/travis/build/icyphy/ptII/ptolemy/domains/de/test/auto/DEinDEwithStartTimes2.xml (RunModel)" time="0.02" />
  <testcase classname="ptolemy.util.test.junit.AutoTests" name="[17] /home/travis/build/icyphy/ptII/ptolemy/domains/de/test/auto/DateDemo.xml (RunModel)" time="0.034" />
  <testcase classname="ptolemy.util.test.junit.AutoTests" name="[18] /home/travis/build/icyphy/ptII/ptolemy/domains/de/test/auto/DateToEvent.xml (RunModel)" time="2.038" />
  <testcase classname="ptolemy.util.test.junit.AutoTests" name="[19] /home/travis/build/icyphy/ptII/ptolemy/domains/de/test/auto/DepthTest1.xml (RunModel)" time="0.013" />
  <testcase classname="ptolemy.util.test.junit.AutoTests" name="[20] /home/travis/build/icyphy/ptII/ptolemy/domains/de/test/auto/DepthTest2.xml (RunModel)" time="0.02" />
  <testcase classname="ptolemy.util.test.junit.AutoTests" name="[21] /home/travis/build/icyphy/ptII/ptolemy/domains/de/test/auto/DepthTest3.xml (RunModel)" time="0.01" />
  <testcase classname="ptolemy.util.test.junit.AutoTests" name="[22] /home/travis/build/icyphy/ptII/ptolemy/domains/de/test/auto/DepthTest4.xml (RunModel)" time="0.017" />
  <testcase classname="ptolemy.util.test.junit.AutoTests" name="[23] /home/travis/build/icyphy/ptII/ptolemy/domains/de/test/auto/DepthTest5.xml (RunModel)" time="0.017" />
  <testcase classname="ptolemy.util.test.junit.AutoTests" name="[24] /home/travis/build/icyphy/ptII/ptolemy/domains/de/test/auto/DepthTest6.xml (RunModel)" time="0.016" />
  <testcase classname="ptolemy.util.test.junit.AutoTests" name="[25] /home/travis/build/icyphy/ptII/ptolemy/domains/de/test/auto/DepthTest7.xml (RunModel)" time="0.012" />
  <testcase classname="ptolemy.util.test.junit.AutoTests" name="[26] /home/travis/build/icyphy/ptII/ptolemy/domains/de/test/auto/EventToDate.xml (RunModel)" time="3.046" />
  <testcase classname="ptolemy.util.test.junit.AutoTests" name="[27] /home/travis/build/icyphy/ptII/ptolemy/domains/de/test/auto/FSM1.xml (RunModel)" time="0.038" />
  <testcase classname="ptolemy.util.test.junit.AutoTests" name="[28] /home/travis/build/icyphy/ptII/ptolemy/domains/de/test/auto/FSM7.xml (RunModel)" time="0.031" />
  <testcase classname="ptolemy.util.test.junit.AutoTests" name="[29] /home/travis/build/icyphy/ptII/ptolemy/domains/de/test/auto/Inspection.xml (RunModel)" time="0.04" />
  <testcase classname="ptolemy.util.test.junit.AutoTests" name="[30] /home/travis/build/icyphy/ptII/ptolemy/domains/de/test/auto/Iteration.xml (RunModel)" time="0.023" />
  <testcase classname="ptolemy.util.test.junit.AutoTests" name="[31] /home/travis/build/icyphy/ptII/ptolemy/domains/de/test/auto/LineFault.xml (RunModel)" time="0.525" />
  <testcase classname="ptolemy.util.test.junit.AutoTests" name="[32] /home/travis/build/icyphy/ptII/ptolemy/domains/de/test/auto/MergeModel1Add.xml (RunModel)" time="0.052" />
  <testcase classname="ptolemy.util.test.junit.AutoTests" name="[33] /home/travis/build/icyphy/ptII/ptolemy/domains/de/test/auto/MergeModel2Add.xml (RunModel)" time="0.04" />
  <testcase classname="ptolemy.util.test.junit.AutoTests" name="[34] /home/travis/build/icyphy/ptII/ptolemy/domains/de/test/auto/MergeModel3Add.xml (RunModel)" time="0.05" />
  <testcase classname="ptolemy.util.test.junit.AutoTests" name="[35] /home/travis/build/icyphy/ptII/ptolemy/domains/de/test/auto/MergeWithoutDiscard.xml (RunModel)" time="0.016" />
  <testcase classname="ptolemy.util.test.junit.AutoTests" name="[36] /home/travis/build/icyphy/ptII/ptolemy/domains/de/test/auto/Modal1.xml (RunModel)" time="0.025" />
  <testcase classname="ptolemy.util.test.junit.AutoTests" name="[37] /home/travis/build/icyphy/ptII/ptolemy/domains/de/test/auto/Modal2.xml (RunModel)" time="0.027" />
  <testcase classname="ptolemy.util.test.junit.AutoTests" name="[38] /home/travis/build/icyphy/ptII/ptolemy/domains/de/test/auto/Modal3.xml (RunModel)" time="0.024" />
  <testcase classname="ptolemy.util.test.junit.AutoTests" name="[39] /home/travis/build/icyphy/ptII/ptolemy/domains/de/test/auto/Modal4.xml (RunModel)" time="0.035" />
  <testcase classname="ptolemy.util.test.junit.AutoTests" name="[40] /home/travis/build/icyphy/ptII/ptolemy/domains/de/test/auto/Modal5.xml (RunModel)" time="0.031" />
  <testcase classname="ptolemy.util.test.junit.AutoTests" name="[41] /home/travis/build/icyphy/ptII/ptolemy/domains/de/test/auto/Modal6.xml (RunModel)" time="0.025" />
  <testcase classname="ptolemy.util.test.junit.AutoTests" name="[42] /home/travis/build/icyphy/ptII/ptolemy/domains/de/test/auto/Modal7.xml (RunModel)" time="0.03" />
  <testcase classname="ptolemy.util.test.junit.AutoTests" name="[43] /home/travis/build/icyphy/ptII/ptolemy/domains/de/test/auto/ModalModel.xml (RunModel)" time="0.164" />
  <testcase classname="ptolemy.util.test.junit.AutoTests" name="[44] /home/travis/build/icyphy/ptII/ptolemy/domains/de/test/auto/ModalSource.xml (RunModel)" time="0.021" />
  <testcase classname="ptolemy.util.test.junit.AutoTests" name="[45] /home/travis/build/icyphy/ptII/ptolemy/domains/de/test/auto/NonInterruptibleTimerZeroDelay.xml (RunModel)" time="0.009" />
  <testcase classname="ptolemy.util.test.junit.AutoTests" name="[46] /home/travis/build/icyphy/ptII/ptolemy/domains/de/test/auto/OpenQueueingNetwork.xml (RunModel)" time="2.333" />
  <testcase classname="ptolemy.util.test.junit.AutoTests" name="[47] /home/travis/build/icyphy/ptII/ptolemy/domains/de/test/auto/OpenQueuingNetwork.xml (RunModel)" time="0.263" />
  <testcase classname="ptolemy.util.test.junit.AutoTests" name="[48] /home/travis/build/icyphy/ptII/ptolemy/domains/de/test/auto/PeriodicSampler.xml (RunModel)" time="0.008" />
  <testcase classname="ptolemy.util.test.junit.AutoTests" name="[49] /home/travis/build/icyphy/ptII/ptolemy/domains/de/test/auto/PersistentIO.xml (RunModel)" time="0.024" />
  <testcase classname="ptolemy.util.test.junit.AutoTests" name="[50] /home/travis/build/icyphy/ptII/ptolemy/domains/de/test/auto/PortParameterResetOnInitialize.xml (RunModel)" time="0.013" />
  <testcase classname="ptolemy.util.test.junit.AutoTests" name="[51] /home/travis/build/icyphy/ptII/ptolemy/domains/de/test/auto/PortParameterUpdates.xml (RunModel)" time="0.014" />
  <testcase classname="ptolemy.util.test.junit.AutoTests" name="[52] /home/travis/build/icyphy/ptII/ptolemy/domains/de/test/auto/QueueAndServer.xml (RunModel)" time="0.019" />
  <testcase classname="ptolemy.util.test.junit.AutoTests" name="[53] /home/travis/build/icyphy/ptII/ptolemy/domains/de/test/auto/Records.xml (RunModel)" time="0.013" />
  <testcase classname="ptolemy.util.test.junit.AutoTests" name="[54] /home/travis/build/icyphy/ptII/ptolemy/domains/de/test/auto/ResetTransitionWithStartTime1.xml (RunModel)" time="0.022" />
  <testcase classname="ptolemy.util.test.junit.AutoTests" name="[55] /home/travis/build/icyphy/ptII/ptolemy/domains/de/test/auto/ResetTransitionWithStartTime2.xml (RunModel)" time="0.018" />
  <testcase classname="ptolemy.util.test.junit.AutoTests" name="[56] /home/travis/build/icyphy/ptII/ptolemy/domains/de/test/auto/ResetTransitionWithStartTime3.xml (RunModel)" time="0.018" />
  <testcase classname="ptolemy.util.test.junit.AutoTests" name="[57] /home/travis/build/icyphy/ptII/ptolemy/domains/de/test/auto/ResetTransitionWithStartTime4.xml (RunModel)" time="0.016" />
  <testcase classname="ptolemy.util.test.junit.AutoTests" name="[58] /home/travis/build/icyphy/ptII/ptolemy/domains/de/test/auto/ResettableTimer1.xml (RunModel)" time="0.011" />
  <testcase classname="ptolemy.util.test.junit.AutoTests" name="[59] /home/travis/build/icyphy/ptII/ptolemy/domains/de/test/auto/ResettableTimer2.xml (RunModel)" time="0.008" />
  <testcase classname="ptolemy.util.test.junit.AutoTests" name="[60] /home/travis/build/icyphy/ptII/ptolemy/domains/de/test/auto/ResettableTimer3.xml (RunModel)" time="0.008" />
  <testcase classname="ptolemy.util.test.junit.AutoTests" name="[61] /home/travis/build/icyphy/ptII/ptolemy/domains/de/test/auto/ResettableTimer4.xml (RunModel)" time="0.009" />
  <testcase classname="ptolemy.util.test.junit.AutoTests" name="[62] /home/travis/build/icyphy/ptII/ptolemy/domains/de/test/auto/ResettableTimer5.xml (RunModel)" time="0.009" />
  <testcase classname="ptolemy.util.test.junit.AutoTests" name="[63] /home/travis/build/icyphy/ptII/ptolemy/domains/de/test/auto/ResettableTimer6.xml (RunModel)" time="0.017" />
  <testcase classname="ptolemy.util.test.junit.AutoTests" name="[64] /home/travis/build/icyphy/ptII/ptolemy/domains/de/test/auto/ServerZeroDelay.xml (RunModel)" time="0.011" />
  <testcase classname="ptolemy.util.test.junit.AutoTests" name="[65] /home/travis/build/icyphy/ptII/ptolemy/domains/de/test/auto/SmartSender.xml (RunModel)" time="3.007" />
  <testcase classname="ptolemy.util.test.junit.AutoTests" name="[66] /home/travis/build/icyphy/ptII/ptolemy/domains/de/test/auto/ThreadedComposite.xml (RunModel)" time="0.107" />
  <testcase classname="ptolemy.util.test.junit.AutoTests" name="[67] /home/travis/build/icyphy/ptII/ptolemy/domains/de/test/auto/Time.xml (RunModel)" time="0.352" />
  <testcase classname="ptolemy.util.test.junit.AutoTests" name="[68] /home/travis/build/icyphy/ptII/ptolemy/domains/de/test/auto/TimeDelayZeroDelay.xml (RunModel)" time="0.009" />
  <testcase classname="ptolemy.util.test.junit.AutoTests" name="[69] /home/travis/build/icyphy/ptII/ptolemy/domains/de/test/auto/TimerZeroDelay.xml (RunModel)" time="0.014" />
  <testcase classname="ptolemy.util.test.junit.AutoTests" name="[70] /home/travis/build/icyphy/ptII/ptolemy/domains/de/test/auto/TimingParadox.xml (RunModel)" time="0.319" />
  <testcase classname="ptolemy.util.test.junit.AutoTests" name="[71] /home/travis/build/icyphy/ptII/ptolemy/domains/de/test/auto/TransferInputs.xml (RunModel)" time="0.02" />
  <testcase classname="ptolemy.util.test.junit.AutoTests" name="[72] /home/travis/build/icyphy/ptII/ptolemy/domains/de/test/auto/TransferOutputs2.xml (RunModel)" time="0.017" />
  <testcase classname="ptolemy.util.test.junit.AutoTests" name="[73] /home/travis/build/icyphy/ptII/ptolemy/domains/de/test/auto/Trilateration.xml (RunModel)" time="10.54" />
  <testcase classname="ptolemy.util.test.junit.AutoTests" name="[74] /home/travis/build/icyphy/ptII/ptolemy/domains/de/test/auto/TwoSigmaDelta.xml (RunModel)" time="1.799" />
  <testcase classname="ptolemy.util.test.junit.AutoTests" name="[75] /home/travis/build/icyphy/ptII/ptolemy/domains/de/test/auto/VariableDelay.xml (RunModel)" time="0.008" />
  <testcase classname="ptolemy.util.test.junit.AutoTests" name="[76] /home/travis/build/icyphy/ptII/ptolemy/domains/de/test/auto/VariableDelay2.xml (RunModel)" time="0.009" />
  <testcase classname="ptolemy.util.test.junit.AutoTests" name="[77] /home/travis/build/icyphy/ptII/ptolemy/domains/de/test/auto/VariableDelayZeroDelay.xml (RunModel)" time="0.011" />
  <testcase classname="ptolemy.util.test.junit.AutoTests" name="[78] /home/travis/build/icyphy/ptII/ptolemy/domains/de/test/auto/VariableDelayZeroDelay2.xml (RunModel)" time="0.016" />
  <testcase classname="ptolemy.util.test.junit.AutoTests" name="[79] /home/travis/build/icyphy/ptII/ptolemy/domains/de/test/auto/deInCt.xml (RunModel)" time="0.014" />
  <testcase classname="ptolemy.util.test.junit.AutoTests" name="[80] /home/travis/build/icyphy/ptII/ptolemy/domains/de/test/auto/deInCt2.xml (RunModel)" time="0.018" />
  <testcase classname="ptolemy.util.test.junit.AutoTests" name="[81] /home/travis/build/icyphy/ptII/ptolemy/domains/de/test/auto/dynamicCausalityInterface1.xml (RunModel)" time="0.017" />
  <testcase classname="ptolemy.util.test.junit.AutoTests" name="[82] /home/travis/build/icyphy/ptII/ptolemy/domains/de/test/auto/fsm_de_test.xml (RunModel)" time="0.021" />
  <testcase classname="ptolemy.util.test.junit.AutoTests" name="[83] /home/travis/build/icyphy/ptII/ptolemy/domains/de/test/auto/functionDependencyReconstruction.xml (RunModel)" time="0.028" />
  <testcase classname="ptolemy.util.test.junit.AutoTests" name="[84] /home/travis/build/icyphy/ptII/ptolemy/domains/de/test/auto/multirate.xml (RunModel)" time="0.014" />
  <testcase classname="ptolemy.util.test.junit.AutoTests" name="[85] /home/travis/build/icyphy/ptII/ptolemy/domains/de/test/auto/multirate2.xml (RunModel)" time="0.013" />
  <testcase classname="ptolemy.util.test.junit.AutoTests" name="[86] /home/travis/build/icyphy/ptII/ptolemy/domains/de/test/auto/realtime.xml (RunModel)" time="10.011" />
  <testcase classname="ptolemy.util.test.junit.AutoTests" name="[87] /home/travis/build/icyphy/ptII/ptolemy/domains/de/test/auto/relationGroup.xml (RunModel)" time="0.006" />
  <testcase classname="ptolemy.util.test.junit.AutoTests" name="[88] /home/travis/build/icyphy/ptII/ptolemy/domains/de/test/auto/relationGroup2.xml (RunModel)" time="0.011" />
  <testcase classname="ptolemy.util.test.junit.AutoTests" name="[89] /home/travis/build/icyphy/ptII/ptolemy/domains/de/test/auto/sortWithOpaquePorts.xml (RunModel)" time="0.011" />
  <testcase classname="ptolemy.util.test.junit.AutoTests" name="[90] /home/travis/build/icyphy/ptII/ptolemy/domains/de/test/auto/transferInputsandOutputs.xml (RunModel)" time="0.043" />
  <testcase classname="ptolemy.util.test.junit.AutoTests" name="[91] /home/travis/build/icyphy/ptII/ptolemy/domains/de/test/auto/triggerType.xml (RunModel)" time="0.008" />
  <system-out><![CDATA[/home/travis/build/icyphy/ptII/ptolemy/domains/de/test/DependencyLoop.tcl
testDefs.tcl: setting time out to 9000 seconds at Sat Jul 04 14:56:59 UTC 2020
72 ms. Memory: 129024K Free: 78792K (61%)
26 ms. Memory: 129024K Free: 61384K (48%)
/home/travis/build/icyphy/ptII/ptolemy/domains/de/test/RunDETestsAsQSS.tcl
Run the DE tests using ptolemy.domains.qss.test.QSSDirectorTest, which extends QSSDirector and prints a message in the constructors.
------------------ testing $PTII/ptolemy/domains/de/test/auto/knownFailedTests/DirectFeedback.xml (Known Failure) 
30 ms. Memory: 129024K Free: 55750K (43%)


==== $PTIIhome/travis/build/icyphy/ptII/ptolemy/domains/de/test/../../../../: Auto Automatic test in file $PTII/ptolemy/domains/de/test/auto/knownFailedTests/DirectFeedback.xml
==== Contents of test case:

	    # FIXME: we should use $relativeFilename here, but it
	    # might have backslashes under Windows, which causes no end
	    # of trouble.
	    createAndExecute $file
	    list {}
	
.... Test generated KNOWN error:
    while executing
ptolemy.kernel.util.IllegalActionException: Test fails in iteration 1.
Value was: 1.0. Should have been: 2.0
  in .DirectFeedback.Test
	at ptolemy.actor.lib.Test.fire(Test.java:268)
	at ptolemy.domains.de.kernel.DEDirector._fire(DEDirector.java:1949)
	at ptolemy.domains.de.kernel.DEDirector.fire(DEDirector.java:502)
	at ptolemy.actor.CompositeActor.fire(CompositeActor.java:455)
	at ptolemy.actor.Manager.iterate(Manager.java:851)
	at ptolemy.actor.Manager.execute(Manager.java:369)
	at ptolemy.actor.Manager.run(Manager.java:1263)
	at ptolemy.actor.Manager$PtolemyRunThread.run(Manager.java:1933)

    while executing
ptolemy.kernel.util.IllegalActionException: Test fails in iteration 1.
Value was: 1.0. Should have been: 2.0
  in .DirectFeedback.Test
    while executing
"java::new ptolemy.moml.MoMLSimpleApplication $file
"
    (procedure "createAndExecute" line 2)
    invoked from within
"createAndExecute $file"
    ("uplevel" body line 5)
    invoked from within
"uplevel $contents_of_test"
------------------ testing $PTII/ptolemy/domains/de/test/auto/knownFailedTests/dependencyLoop.xml (Known Failure) 
7 ms. Memory: 129024K Free: 52678K (41%)


==== $PTIIhome/travis/build/icyphy/ptII/ptolemy/domains/de/test/../../../../: Auto Automatic test in file $PTII/ptolemy/domains/de/test/auto/knownFailedTests/dependencyLoop.xml
==== Contents of test case:

	    # FIXME: we should use $relativeFilename here, but it
	    # might have backslashes under Windows, which causes no end
	    # of trouble.
	    createAndExecute $file
	    list {}
	
.... Test generated KNOWN error:
    while executing
ptolemy.kernel.util.IllegalActionException: Found a zero delay loop containing .dependencyLoop.original
  in .dependencyLoop and .dependencyLoop.original
	at ptolemy.actor.util.CausalityInterfaceForComposites._computeOutputPortDepth(CausalityInterfaceForComposites.java:759)
	at ptolemy.actor.util.CausalityInterfaceForComposites._computeInputDepth(CausalityInterfaceForComposites.java:696)
	at ptolemy.actor.util.CausalityInterfaceForComposites._computeOutputPortDepth(CausalityInterfaceForComposites.java:765)
	at ptolemy.actor.util.CausalityInterfaceForComposites._computeInputDepth(CausalityInterfaceForComposites.java:696)
	at ptolemy.actor.util.CausalityInterfaceForComposites._computeOutputPortDepth(CausalityInterfaceForComposites.java:765)
	at ptolemy.actor.util.CausalityInterfaceForComposites._computeInputDepth(CausalityInterfaceForComposites.java:696)
	at ptolemy.actor.util.CausalityInterfaceForComposites._computeActorDepth(CausalityInterfaceForComposites.java:532)
	at ptolemy.actor.util.CausalityInterfaceForComposites.checkForCycles(CausalityInterfaceForComposites.java:96)
	at ptolemy.domains.de.kernel.DEDirector.preinitialize(DEDirector.java:1338)
	at ptolemy.actor.CompositeActor.preinitialize(CompositeActor.java:1828)
	at ptolemy.actor.Manager.preinitializeAndResolveTypes(Manager.java:1040)
	at ptolemy.actor.Manager.initialize(Manager.java:710)
	at ptolemy.actor.Manager.execute(Manager.java:356)
	at ptolemy.actor.Manager.run(Manager.java:1263)
	at ptolemy.actor.Manager$PtolemyRunThread.run(Manager.java:1933)

    while executing
ptolemy.kernel.util.IllegalActionException: Found a zero delay loop containing .dependencyLoop.original
  in .dependencyLoop and .dependencyLoop.original
    while executing
"java::new ptolemy.moml.MoMLSimpleApplication $file
"
    (procedure "createAndExecute" line 2)
    invoked from within
"createAndExecute $file"
    ("uplevel" body line 5)
    invoked from within
"uplevel $contents_of_test"
------------------ testing $PTII/ptolemy/domains/de/test/auto/knownFailedTests/FSMSource.xml (Known Failure) 
49 ms. Memory: 129024K Free: 110441K (86%)
!!!! Auto was marked as failing, but now passes
------------------ testing $PTII/ptolemy/domains/de/test/auto/knownFailedTests/HierarchicalModel.xml (Known Failure) 
9 ms. Memory: 129024K Free: 93001K (72%)


==== $PTIIhome/travis/build/icyphy/ptII/ptolemy/domains/de/test/../../../../: Auto Automatic test in file $PTII/ptolemy/domains/de/test/auto/knownFailedTests/HierarchicalModel.xml
==== Contents of test case:

	    # FIXME: we should use $relativeFilename here, but it
	    # might have backslashes under Windows, which causes no end
	    # of trouble.
	    createAndExecute $file
	    list {}
	
.... Test generated KNOWN error:
    while executing
ptolemy.kernel.util.IllegalActionException: Found a zero delay loop containing .HierarchicalModel.A
  in .HierarchicalModel and .HierarchicalModel.A
	at ptolemy.actor.util.CausalityInterfaceForComposites._computeOutputPortDepth(CausalityInterfaceForComposites.java:759)
	at ptolemy.actor.util.CausalityInterfaceForComposites._computeInputDepth(CausalityInterfaceForComposites.java:696)
	at ptolemy.actor.util.CausalityInterfaceForComposites._computeOutputPortDepth(CausalityInterfaceForComposites.java:765)
	at ptolemy.actor.util.CausalityInterfaceForComposites._computeInputDepth(CausalityInterfaceForComposites.java:696)
	at ptolemy.actor.util.CausalityInterfaceForComposites._computeOutputPortDepth(CausalityInterfaceForComposites.java:765)
	at ptolemy.actor.util.CausalityInterfaceForComposites._computeInputDepth(CausalityInterfaceForComposites.java:696)
	at ptolemy.actor.util.CausalityInterfaceForComposites._computeActorDepth(CausalityInterfaceForComposites.java:532)
	at ptolemy.actor.util.CausalityInterfaceForComposites.checkForCycles(CausalityInterfaceForComposites.java:96)
	at ptolemy.domains.de.kernel.DEDirector.preinitialize(DEDirector.java:1338)
	at ptolemy.actor.CompositeActor.preinitialize(CompositeActor.java:1828)
	at ptolemy.actor.Manager.preinitializeAndResolveTypes(Manager.java:1040)
	at ptolemy.actor.Manager.initialize(Manager.java:710)
	at ptolemy.actor.Manager.execute(Manager.java:356)
	at ptolemy.actor.Manager.run(Manager.java:1263)
	at ptolemy.actor.Manager$PtolemyRunThread.run(Manager.java:1933)

    while executing
ptolemy.kernel.util.IllegalActionException: Found a zero delay loop containing .HierarchicalModel.A
  in .HierarchicalModel and .HierarchicalModel.A
    while executing
"java::new ptolemy.moml.MoMLSimpleApplication $file
"
    (procedure "createAndExecute" line 2)
    invoked from within
"createAndExecute $file"
    ("uplevel" body line 5)
    invoked from within
"uplevel $contents_of_test"
------------------ testing $PTII/ptolemy/domains/de/test/auto/knownFailedTests/dependencyLoop2.xml (Known Failure) 
8 ms. Memory: 129024K Free: 76671K (59%)


==== $PTIIhome/travis/build/icyphy/ptII/ptolemy/domains/de/test/../../../../: Auto Automatic test in file $PTII/ptolemy/domains/de/test/auto/knownFailedTests/dependencyLoop2.xml
==== Contents of test case:

	    # FIXME: we should use $relativeFilename here, but it
	    # might have backslashes under Windows, which causes no end
	    # of trouble.
	    createAndExecute $file
	    list {}
	
.... Test generated KNOWN error:
    while executing
ptolemy.kernel.util.IllegalActionException: Found a zero delay loop containing .dependencyLoop2.original
  in .dependencyLoop2 and .dependencyLoop2.original
	at ptolemy.actor.util.CausalityInterfaceForComposites._computeOutputPortDepth(CausalityInterfaceForComposites.java:759)
	at ptolemy.actor.util.CausalityInterfaceForComposites._computeInputDepth(CausalityInterfaceForComposites.java:696)
	at ptolemy.actor.util.CausalityInterfaceForComposites._computeOutputPortDepth(CausalityInterfaceForComposites.java:765)
	at ptolemy.actor.util.CausalityInterfaceForComposites._computeInputDepth(CausalityInterfaceForComposites.java:696)
	at ptolemy.actor.util.CausalityInterfaceForComposites._computeOutputPortDepth(CausalityInterfaceForComposites.java:765)
	at ptolemy.actor.util.CausalityInterfaceForComposites._computeInputDepth(CausalityInterfaceForComposites.java:696)
	at ptolemy.actor.util.CausalityInterfaceForComposites._computeActorDepth(CausalityInterfaceForComposites.java:532)
	at ptolemy.actor.util.CausalityInterfaceForComposites.checkForCycles(CausalityInterfaceForComposites.java:96)
	at ptolemy.domains.de.kernel.DEDirector.preinitialize(DEDirector.java:1338)
	at ptolemy.actor.CompositeActor.preinitialize(CompositeActor.java:1828)
	at ptolemy.actor.Manager.preinitializeAndResolveTypes(Manager.java:1040)
	at ptolemy.actor.Manager.initialize(Manager.java:710)
	at ptolemy.actor.Manager.execute(Manager.java:356)
	at ptolemy.actor.Manager.run(Manager.java:1263)
	at ptolemy.actor.Manager$PtolemyRunThread.run(Manager.java:1933)

    while executing
ptolemy.kernel.util.IllegalActionException: Found a zero delay loop containing .dependencyLoop2.original
  in .dependencyLoop2 and .dependencyLoop2.original
    while executing
"java::new ptolemy.moml.MoMLSimpleApplication $file
"
    (procedure "createAndExecute" line 2)
    invoked from within
"createAndExecute $file"
    ("uplevel" body line 5)
    invoked from within
"uplevel $contents_of_test"
------------------ testing $PTII/ptolemy/domains/de/test/auto/knownFailedTests/DESDFClockTest.xml (Known Failure) 
2040 ms. Memory: 129024K Free: 107261K (83%)


==== $PTIIhome/travis/build/icyphy/ptII/ptolemy/domains/de/test/../../../../: Auto Automatic test in file $PTII/ptolemy/domains/de/test/auto/knownFailedTests/DESDFClockTest.xml
==== Contents of test case:

	    # FIXME: we should use $relativeFilename here, but it
	    # might have backslashes under Windows, which causes no end
	    # of trouble.
	    createAndExecute $file
	    list {}
	
.... Test generated KNOWN error:
    while executing
ptolemy.kernel.util.IllegalActionException: Actor is not ready to fire.  Perhaps UpSample.prefire() returned false? Try debugging the actor by selecting "Listen to Actor".  Also, for SDF check moml for tokenConsumptionRate on input.
  in .DESDFClockTest.Play Bell.Copy1:SDF Director and .DESDFClockTest.Play Bell.UpSample
	at ptolemy.actor.sched.StaticSchedulingDirector.fire(StaticSchedulingDirector.java:227)
	at ptolemy.domains.sdf.kernel.SDFDirector.fire(SDFDirector.java:500)
	at ptolemy.actor.CompositeActor.fire(CompositeActor.java:455)
	at ptolemy.domains.de.kernel.DEDirector._fire(DEDirector.java:1949)
	at ptolemy.domains.de.kernel.DEDirector.fire(DEDirector.java:502)
	at ptolemy.actor.CompositeActor.fire(CompositeActor.java:455)
	at ptolemy.actor.Manager.iterate(Manager.java:851)
	at ptolemy.actor.Manager.execute(Manager.java:369)
	at ptolemy.actor.Manager.run(Manager.java:1263)
	at ptolemy.actor.Manager$PtolemyRunThread.run(Manager.java:1933)

    while executing
ptolemy.kernel.util.IllegalActionException: Actor is not ready to fire.  Perhaps UpSample.prefire() returned false? Try debugging the actor by selecting "Listen to Actor".  Also, for SDF check moml for tokenConsumptionRate on input.
  in .DESDFClockTest.Play Bell.Copy1:SDF Director and .DESDFClockTest.Play Bell.UpSample
    while executing
"java::new ptolemy.moml.MoMLSimpleApplication $file
"
    (procedure "createAndExecute" line 2)
    invoked from within
"createAndExecute $file"
    ("uplevel" body line 5)
    invoked from within
"uplevel $contents_of_test"
------------------ testing $PTII/ptolemy/domains/de/test/auto/ActorDepthCalculation_actorWithoutPorts.xml
auto.tcl: Setting watchdog for 200 seconds at Sat Jul 04 14:57:03 UTC 2020
8 ms. Memory: 129024K Free: 99565K (77%)
ptolemy.util.test.WatchDog.cancel(): canceling Sat Jul 04 14:57:03 UTC 2020
auto.tcl: Setting watchdog for 200 seconds at Sat Jul 04 14:57:03 UTC 2020
4 ms. Memory: 129024K Free: 98045K (76%)
ptolemy.util.test.WatchDog.cancel(): canceling Sat Jul 04 14:57:03 UTC 2020
------------------ testing $PTII/ptolemy/domains/de/test/auto/AssemblyLine.xml
auto.tcl: Setting watchdog for 200 seconds at Sat Jul 04 14:57:03 UTC 2020
8 ms. Memory: 48128K Free: 24447K (51%)
ptolemy.util.test.WatchDog.cancel(): canceling Sat Jul 04 14:57:03 UTC 2020
auto.tcl: Setting watchdog for 200 seconds at Sat Jul 04 14:57:03 UTC 2020
7 ms. Memory: 48128K Free: 24017K (50%)
ptolemy.util.test.WatchDog.cancel(): canceling Sat Jul 04 14:57:03 UTC 2020
------------------ testing $PTII/ptolemy/domains/de/test/auto/CQBug1.xml
auto.tcl: Setting watchdog for 200 seconds at Sat Jul 04 14:57:03 UTC 2020
16 ms. Memory: 48128K Free: 30402K (63%)
ptolemy.util.test.WatchDog.cancel(): canceling Sat Jul 04 14:57:03 UTC 2020
auto.tcl: Setting watchdog for 200 seconds at Sat Jul 04 14:57:03 UTC 2020
2 ms. Memory: 48128K Free: 29972K (62%)
ptolemy.util.test.WatchDog.cancel(): canceling Sat Jul 04 14:57:03 UTC 2020
------------------ testing $PTII/ptolemy/domains/de/test/auto/CancelFireAt.xml
auto.tcl: Setting watchdog for 200 seconds at Sat Jul 04 14:57:03 UTC 2020
3 ms. Memory: 48128K Free: 31756K (66%)
ptolemy.util.test.WatchDog.cancel(): canceling Sat Jul 04 14:57:03 UTC 2020
auto.tcl: Setting watchdog for 200 seconds at Sat Jul 04 14:57:03 UTC 2020
2 ms. Memory: 48128K Free: 31327K (65%)
ptolemy.util.test.WatchDog.cancel(): canceling Sat Jul 04 14:57:03 UTC 2020
------------------ testing $PTII/ptolemy/domains/de/test/auto/CausalityAndComposabilityAnalysis.xml
auto.tcl: Setting watchdog for 200 seconds at Sat Jul 04 14:57:03 UTC 2020
10 ms. Memory: 48128K Free: 29909K (62%)
ptolemy.util.test.WatchDog.cancel(): canceling Sat Jul 04 14:57:03 UTC 2020
auto.tcl: Setting watchdog for 200 seconds at Sat Jul 04 14:57:03 UTC 2020
5 ms. Memory: 48128K Free: 29081K (60%)
ptolemy.util.test.WatchDog.cancel(): canceling Sat Jul 04 14:57:03 UTC 2020
------------------ testing $PTII/ptolemy/domains/de/test/auto/CausalityInterface1.xml
auto.tcl: Setting watchdog for 200 seconds at Sat Jul 04 14:57:03 UTC 2020
29 ms. Memory: 48128K Free: 28353K (59%)
ptolemy.util.test.WatchDog.cancel(): canceling Sat Jul 04 14:57:03 UTC 2020
auto.tcl: Setting watchdog for 200 seconds at Sat Jul 04 14:57:03 UTC 2020
3 ms. Memory: 48128K Free: 27386K (57%)
ptolemy.util.test.WatchDog.cancel(): canceling Sat Jul 04 14:57:03 UTC 2020
------------------ testing $PTII/ptolemy/domains/de/test/auto/CausalityInterface15.xml
auto.tcl: Setting watchdog for 200 seconds at Sat Jul 04 14:57:03 UTC 2020
22 ms. Memory: 48128K Free: 28280K (59%)
ptolemy.util.test.WatchDog.cancel(): canceling Sat Jul 04 14:57:04 UTC 2020
auto.tcl: Setting watchdog for 200 seconds at Sat Jul 04 14:57:04 UTC 2020
5 ms. Memory: 48128K Free: 27336K (57%)
ptolemy.util.test.WatchDog.cancel(): canceling Sat Jul 04 14:57:04 UTC 2020
------------------ testing $PTII/ptolemy/domains/de/test/auto/CausalityInterface2.xml
auto.tcl: Setting watchdog for 200 seconds at Sat Jul 04 14:57:04 UTC 2020
5 ms. Memory: 48128K Free: 29242K (61%)
ptolemy.util.test.WatchDog.cancel(): canceling Sat Jul 04 14:57:04 UTC 2020
auto.tcl: Setting watchdog for 200 seconds at Sat Jul 04 14:57:04 UTC 2020
3 ms. Memory: 48128K Free: 28324K (59%)
ptolemy.util.test.WatchDog.cancel(): canceling Sat Jul 04 14:57:04 UTC 2020
------------------ testing $PTII/ptolemy/domains/de/test/auto/CausalityInterface3.xml
auto.tcl: Setting watchdog for 200 seconds at Sat Jul 04 14:57:04 UTC 2020
5 ms. Memory: 48128K Free: 28534K (59%)
ptolemy.util.test.WatchDog.cancel(): canceling Sat Jul 04 14:57:04 UTC 2020
auto.tcl: Setting watchdog for 200 seconds at Sat Jul 04 14:57:04 UTC 2020
3 ms. Memory: 48128K Free: 27748K (58%)
ptolemy.util.test.WatchDog.cancel(): canceling Sat Jul 04 14:57:04 UTC 2020
------------------ testing $PTII/ptolemy/domains/de/test/auto/ClockDrift.xml
auto.tcl: Setting watchdog for 200 seconds at Sat Jul 04 14:57:04 UTC 2020
79 ms. Memory: 48128K Free: 20882K (43%)
ptolemy.util.test.WatchDog.cancel(): canceling Sat Jul 04 14:57:04 UTC 2020
auto.tcl: Setting watchdog for 200 seconds at Sat Jul 04 14:57:04 UTC 2020
52 ms. Memory: 48128K Free: 17690K (37%)
ptolemy.util.test.WatchDog.cancel(): canceling Sat Jul 04 14:57:04 UTC 2020
------------------ testing $PTII/ptolemy/domains/de/test/auto/ClockDriftAndValueChange.xml
auto.tcl: Setting watchdog for 200 seconds at Sat Jul 04 14:57:04 UTC 2020
33 ms. Memory: 48128K Free: 21203K (44%)
ptolemy.util.test.WatchDog.cancel(): canceling Sat Jul 04 14:57:04 UTC 2020
auto.tcl: Setting watchdog for 200 seconds at Sat Jul 04 14:57:04 UTC 2020
21 ms. Memory: 48128K Free: 18368K (38%)
ptolemy.util.test.WatchDog.cancel(): canceling Sat Jul 04 14:57:04 UTC 2020
------------------ testing $PTII/ptolemy/domains/de/test/auto/ClockDriftChange.xml
auto.tcl: Setting watchdog for 200 seconds at Sat Jul 04 14:57:04 UTC 2020
18 ms. Memory: 48128K Free: 23246K (48%)
ptolemy.util.test.WatchDog.cancel(): canceling Sat Jul 04 14:57:04 UTC 2020
auto.tcl: Setting watchdog for 200 seconds at Sat Jul 04 14:57:04 UTC 2020
26 ms. Memory: 48128K Free: 20666K (43%)
ptolemy.util.test.WatchDog.cancel(): canceling Sat Jul 04 14:57:04 UTC 2020
------------------ testing $PTII/ptolemy/domains/de/test/auto/ComposableCausalityAnalysis.xml
auto.tcl: Setting watchdog for 200 seconds at Sat Jul 04 14:57:04 UTC 2020
2 ms. Memory: 48128K Free: 27895K (58%)
ptolemy.util.test.WatchDog.cancel(): canceling Sat Jul 04 14:57:04 UTC 2020
auto.tcl: Setting watchdog for 200 seconds at Sat Jul 04 14:57:04 UTC 2020
4 ms. Memory: 48128K Free: 26848K (56%)
ptolemy.util.test.WatchDog.cancel(): canceling Sat Jul 04 14:57:04 UTC 2020
------------------ testing $PTII/ptolemy/domains/de/test/auto/DEFixedPointLimitation.xml
auto.tcl: Setting watchdog for 200 seconds at Sat Jul 04 14:57:04 UTC 2020
3 ms. Memory: 48128K Free: 29234K (61%)
ptolemy.util.test.WatchDog.cancel(): canceling Sat Jul 04 14:57:04 UTC 2020
auto.tcl: Setting watchdog for 200 seconds at Sat Jul 04 14:57:04 UTC 2020
2 ms. Memory: 48128K Free: 28301K (59%)
ptolemy.util.test.WatchDog.cancel(): canceling Sat Jul 04 14:57:04 UTC 2020
------------------ testing $PTII/ptolemy/domains/de/test/auto/DEScheduleTest.xml
auto.tcl: Setting watchdog for 200 seconds at Sat Jul 04 14:57:04 UTC 2020
5 ms. Memory: 48128K Free: 29543K (61%)
ptolemy.util.test.WatchDog.cancel(): canceling Sat Jul 04 14:57:04 UTC 2020
auto.tcl: Setting watchdog for 200 seconds at Sat Jul 04 14:57:04 UTC 2020
2 ms. Memory: 48128K Free: 28757K (60%)
ptolemy.util.test.WatchDog.cancel(): canceling Sat Jul 04 14:57:04 UTC 2020
------------------ testing $PTII/ptolemy/domains/de/test/auto/DEinDEwithStartTimes.xml
auto.tcl: Setting watchdog for 200 seconds at Sat Jul 04 14:57:04 UTC 2020
7 ms. Memory: 48128K Free: 27701K (58%)
ptolemy.util.test.WatchDog.cancel(): canceling Sat Jul 04 14:57:04 UTC 2020
auto.tcl: Setting watchdog for 200 seconds at Sat Jul 04 14:57:04 UTC 2020
3 ms. Memory: 48128K Free: 26660K (55%)
ptolemy.util.test.WatchDog.cancel(): canceling Sat Jul 04 14:57:04 UTC 2020
------------------ testing $PTII/ptolemy/domains/de/test/auto/DEinDEwithStartTimes2.xml
auto.tcl: Setting watchdog for 200 seconds at Sat Jul 04 14:57:05 UTC 2020
9 ms. Memory: 48128K Free: 26933K (56%)
ptolemy.util.test.WatchDog.cancel(): canceling Sat Jul 04 14:57:05 UTC 2020
auto.tcl: Setting watchdog for 200 seconds at Sat Jul 04 14:57:05 UTC 2020
2 ms. Memory: 48128K Free: 25610K (53%)
ptolemy.util.test.WatchDog.cancel(): canceling Sat Jul 04 14:57:05 UTC 2020
------------------ testing $PTII/ptolemy/domains/de/test/auto/DateDemo.xml
auto.tcl: Setting watchdog for 200 seconds at Sat Jul 04 14:57:05 UTC 2020
20 ms. Memory: 48128K Free: 21252K (44%)
ptolemy.util.test.WatchDog.cancel(): canceling Sat Jul 04 14:57:05 UTC 2020
auto.tcl: Setting watchdog for 200 seconds at Sat Jul 04 14:57:05 UTC 2020
12 ms. Memory: 48128K Free: 19642K (41%)
ptolemy.util.test.WatchDog.cancel(): canceling Sat Jul 04 14:57:05 UTC 2020
------------------ testing $PTII/ptolemy/domains/de/test/auto/DateToEvent.xml
auto.tcl: Setting watchdog for 200 seconds at Sat Jul 04 14:57:05 UTC 2020
2018 ms. Memory: 48128K Free: 17236K (36%)
ptolemy.util.test.WatchDog.cancel(): canceling Sat Jul 04 14:57:07 UTC 2020
auto.tcl: Setting watchdog for 200 seconds at Sat Jul 04 14:57:07 UTC 2020
2004 ms. Memory: 48128K Free: 16150K (34%)
ptolemy.util.test.WatchDog.cancel(): canceling Sat Jul 04 14:57:09 UTC 2020
------------------ testing $PTII/ptolemy/domains/de/test/auto/DepthTest1.xml
auto.tcl: Setting watchdog for 200 seconds at Sat Jul 04 14:57:09 UTC 2020
3 ms. Memory: 48128K Free: 30322K (63%)
ptolemy.util.test.WatchDog.cancel(): canceling Sat Jul 04 14:57:09 UTC 2020
auto.tcl: Setting watchdog for 200 seconds at Sat Jul 04 14:57:09 UTC 2020
2 ms. Memory: 48128K Free: 29939K (62%)
ptolemy.util.test.WatchDog.cancel(): canceling Sat Jul 04 14:57:09 UTC 2020
------------------ testing $PTII/ptolemy/domains/de/test/auto/DepthTest2.xml
auto.tcl: Setting watchdog for 200 seconds at Sat Jul 04 14:57:09 UTC 2020
5 ms. Memory: 48128K Free: 27162K (56%)
ptolemy.util.test.WatchDog.cancel(): canceling Sat Jul 04 14:57:09 UTC 2020
auto.tcl: Setting watchdog for 200 seconds at Sat Jul 04 14:57:09 UTC 2020
3 ms. Memory: 48128K Free: 26732K (56%)
ptolemy.util.test.WatchDog.cancel(): canceling Sat Jul 04 14:57:09 UTC 2020
------------------ testing $PTII/ptolemy/domains/de/test/auto/DepthTest3.xml
auto.tcl: Setting watchdog for 200 seconds at Sat Jul 04 14:57:09 UTC 2020
2 ms. Memory: 48128K Free: 30651K (64%)
ptolemy.util.test.WatchDog.cancel(): canceling Sat Jul 04 14:57:09 UTC 2020
auto.tcl: Setting watchdog for 200 seconds at Sat Jul 04 14:57:09 UTC 2020
2 ms. Memory: 48128K Free: 30221K (63%)
ptolemy.util.test.WatchDog.cancel(): canceling Sat Jul 04 14:57:09 UTC 2020
------------------ testing $PTII/ptolemy/domains/de/test/auto/DepthTest4.xml
auto.tcl: Setting watchdog for 200 seconds at Sat Jul 04 14:57:09 UTC 2020
3 ms. Memory: 48128K Free: 29001K (60%)
ptolemy.util.test.WatchDog.cancel(): canceling Sat Jul 04 14:57:09 UTC 2020
auto.tcl: Setting watchdog for 200 seconds at Sat Jul 04 14:57:09 UTC 2020
2 ms. Memory: 48128K Free: 28256K (59%)
ptolemy.util.test.WatchDog.cancel(): canceling Sat Jul 04 14:57:09 UTC 2020
------------------ testing $PTII/ptolemy/domains/de/test/auto/DepthTest5.xml
auto.tcl: Setting watchdog for 200 seconds at Sat Jul 04 14:57:09 UTC 2020
3 ms. Memory: 48128K Free: 28384K (59%)
ptolemy.util.test.WatchDog.cancel(): canceling Sat Jul 04 14:57:09 UTC 2020
auto.tcl: Setting watchdog for 200 seconds at Sat Jul 04 14:57:09 UTC 2020
3 ms. Memory: 48128K Free: 27611K (57%)
ptolemy.util.test.WatchDog.cancel(): canceling Sat Jul 04 14:57:09 UTC 2020
------------------ testing $PTII/ptolemy/domains/de/test/auto/DepthTest6.xml
auto.tcl: Setting watchdog for 200 seconds at Sat Jul 04 14:57:09 UTC 2020
3 ms. Memory: 48128K Free: 28102K (58%)
ptolemy.util.test.WatchDog.cancel(): canceling Sat Jul 04 14:57:09 UTC 2020
auto.tcl: Setting watchdog for 200 seconds at Sat Jul 04 14:57:09 UTC 2020
3 ms. Memory: 48128K Free: 27697K (58%)
ptolemy.util.test.WatchDog.cancel(): canceling Sat Jul 04 14:57:09 UTC 2020
------------------ testing $PTII/ptolemy/domains/de/test/auto/DepthTest7.xml
auto.tcl: Setting watchdog for 200 seconds at Sat Jul 04 14:57:09 UTC 2020
7 ms. Memory: 48128K Free: 28926K (60%)
ptolemy.util.test.WatchDog.cancel(): canceling Sat Jul 04 14:57:09 UTC 2020
auto.tcl: Setting watchdog for 200 seconds at Sat Jul 04 14:57:09 UTC 2020
2 ms. Memory: 48128K Free: 28203K (59%)
ptolemy.util.test.WatchDog.cancel(): canceling Sat Jul 04 14:57:09 UTC 2020
------------------ testing $PTII/ptolemy/domains/de/test/auto/EventToDate.xml
auto.tcl: Setting watchdog for 200 seconds at Sat Jul 04 14:57:09 UTC 2020
3007 ms. Memory: 48128K Free: 19660K (41%)
ptolemy.util.test.WatchDog.cancel(): canceling Sat Jul 04 14:57:12 UTC 2020
auto.tcl: Setting watchdog for 200 seconds at Sat Jul 04 14:57:12 UTC 2020
3003 ms. Memory: 48128K Free: 19016K (40%)
ptolemy.util.test.WatchDog.cancel(): canceling Sat Jul 04 14:57:15 UTC 2020
------------------ testing $PTII/ptolemy/domains/de/test/auto/FSM1.xml
auto.tcl: Setting watchdog for 200 seconds at Sat Jul 04 14:57:15 UTC 2020
44 ms. Memory: 48128K Free: 20928K (43%)
ptolemy.util.test.WatchDog.cancel(): canceling Sat Jul 04 14:57:16 UTC 2020
auto.tcl: Setting watchdog for 200 seconds at Sat Jul 04 14:57:16 UTC 2020
16 ms. Memory: 48128K Free: 17692K (37%)
ptolemy.util.test.WatchDog.cancel(): canceling Sat Jul 04 14:57:16 UTC 2020
------------------ testing $PTII/ptolemy/domains/de/test/auto/FSM7.xml
auto.tcl: Setting watchdog for 200 seconds at Sat Jul 04 14:57:16 UTC 2020
14 ms. Memory: 48128K Free: 20602K (43%)
ptolemy.util.test.WatchDog.cancel(): canceling Sat Jul 04 14:57:16 UTC 2020
auto.tcl: Setting watchdog for 200 seconds at Sat Jul 04 14:57:16 UTC 2020
15 ms. Memory: 48128K Free: 17486K (36%)
ptolemy.util.test.WatchDog.cancel(): canceling Sat Jul 04 14:57:16 UTC 2020
------------------ testing $PTII/ptolemy/domains/de/test/auto/Inspection.xml
auto.tcl: Setting watchdog for 200 seconds at Sat Jul 04 14:57:16 UTC 2020
27 ms. Memory: 48128K Free: 20635K (43%)
ptolemy.util.test.WatchDog.cancel(): canceling Sat Jul 04 14:57:16 UTC 2020
auto.tcl: Setting watchdog for 200 seconds at Sat Jul 04 14:57:16 UTC 2020
28 ms. Memory: 48128K Free: 18912K (39%)
ptolemy.util.test.WatchDog.cancel(): canceling Sat Jul 04 14:57:16 UTC 2020
------------------ testing $PTII/ptolemy/domains/de/test/auto/Iteration.xml
auto.tcl: Setting watchdog for 200 seconds at Sat Jul 04 14:57:16 UTC 2020
10 ms. Memory: 48128K Free: 26378K (55%)
ptolemy.util.test.WatchDog.cancel(): canceling Sat Jul 04 14:57:16 UTC 2020
auto.tcl: Setting watchdog for 200 seconds at Sat Jul 04 14:57:16 UTC 2020
6 ms. Memory: 48128K Free: 24967K (52%)
ptolemy.util.test.WatchDog.cancel(): canceling Sat Jul 04 14:57:16 UTC 2020
------------------ testing $PTII/ptolemy/domains/de/test/auto/LineFault.xml
auto.tcl: Setting watchdog for 200 seconds at Sat Jul 04 14:57:16 UTC 2020
596 ms. Memory: 48128K Free: 23633K (49%)
ptolemy.util.test.WatchDog.cancel(): canceling Sat Jul 04 14:57:17 UTC 2020
auto.tcl: Setting watchdog for 200 seconds at Sat Jul 04 14:57:17 UTC 2020
525 ms. Memory: 58368K Free: 19639K (34%)
ptolemy.util.test.WatchDog.cancel(): canceling Sat Jul 04 14:57:17 UTC 2020
------------------ testing $PTII/ptolemy/domains/de/test/auto/MergeModel1Add.xml
auto.tcl: Setting watchdog for 200 seconds at Sat Jul 04 14:57:17 UTC 2020
16 ms. Memory: 58368K Free: 22602K (39%)
ptolemy.util.test.WatchDog.cancel(): canceling Sat Jul 04 14:57:17 UTC 2020
auto.tcl: Setting watchdog for 200 seconds at Sat Jul 04 14:57:17 UTC 2020
9 ms. Memory: 58368K Free: 20930K (36%)
ptolemy.util.test.WatchDog.cancel(): canceling Sat Jul 04 14:57:17 UTC 2020
------------------ testing $PTII/ptolemy/domains/de/test/auto/MergeModel2Add.xml
auto.tcl: Setting watchdog for 200 seconds at Sat Jul 04 14:57:17 UTC 2020
13 ms. Memory: 51200K Free: 17302K (34%)
ptolemy.util.test.WatchDog.cancel(): canceling Sat Jul 04 14:57:18 UTC 2020
auto.tcl: Setting watchdog for 200 seconds at Sat Jul 04 14:57:18 UTC 2020
10 ms. Memory: 51200K Free: 15539K (30%)
ptolemy.util.test.WatchDog.cancel(): canceling Sat Jul 04 14:57:18 UTC 2020
------------------ testing $PTII/ptolemy/domains/de/test/auto/MergeModel3Add.xml
auto.tcl: Setting watchdog for 200 seconds at Sat Jul 04 14:57:18 UTC 2020
6 ms. Memory: 51200K Free: 17517K (34%)
ptolemy.util.test.WatchDog.cancel(): canceling Sat Jul 04 14:57:18 UTC 2020
auto.tcl: Setting watchdog for 200 seconds at Sat Jul 04 14:57:18 UTC 2020
6 ms. Memory: 51200K Free: 15972K (31%)
ptolemy.util.test.WatchDog.cancel(): canceling Sat Jul 04 14:57:18 UTC 2020
------------------ testing $PTII/ptolemy/domains/de/test/auto/MergeWithoutDiscard.xml
auto.tcl: Setting watchdog for 200 seconds at Sat Jul 04 14:57:18 UTC 2020
3 ms. Memory: 51200K Free: 31851K (62%)
ptolemy.util.test.WatchDog.cancel(): canceling Sat Jul 04 14:57:18 UTC 2020
auto.tcl: Setting watchdog for 200 seconds at Sat Jul 04 14:57:18 UTC 2020
2 ms. Memory: 51200K Free: 31416K (61%)
ptolemy.util.test.WatchDog.cancel(): canceling Sat Jul 04 14:57:18 UTC 2020
------------------ testing $PTII/ptolemy/domains/de/test/auto/Modal1.xml
auto.tcl: Setting watchdog for 200 seconds at Sat Jul 04 14:57:18 UTC 2020
20 ms. Memory: 51200K Free: 23984K (47%)
ptolemy.util.test.WatchDog.cancel(): canceling Sat Jul 04 14:57:18 UTC 2020
auto.tcl: Setting watchdog for 200 seconds at Sat Jul 04 14:57:18 UTC 2020
28 ms. Memory: 51200K Free: 20522K (40%)
ptolemy.util.test.WatchDog.cancel(): canceling Sat Jul 04 14:57:18 UTC 2020
------------------ testing $PTII/ptolemy/domains/de/test/auto/Modal2.xml
auto.tcl: Setting watchdog for 200 seconds at Sat Jul 04 14:57:18 UTC 2020
11 ms. Memory: 51200K Free: 24111K (47%)
ptolemy.util.test.WatchDog.cancel(): canceling Sat Jul 04 14:57:18 UTC 2020
auto.tcl: Setting watchdog for 200 seconds at Sat Jul 04 14:57:18 UTC 2020
9 ms. Memory: 51200K Free: 20878K (41%)
ptolemy.util.test.WatchDog.cancel(): canceling Sat Jul 04 14:57:18 UTC 2020
------------------ testing $PTII/ptolemy/domains/de/test/auto/Modal3.xml
auto.tcl: Setting watchdog for 200 seconds at Sat Jul 04 14:57:18 UTC 2020
15 ms. Memory: 51200K Free: 23639K (46%)
ptolemy.util.test.WatchDog.cancel(): canceling Sat Jul 04 14:57:18 UTC 2020
auto.tcl: Setting watchdog for 200 seconds at Sat Jul 04 14:57:18 UTC 2020
14 ms. Memory: 51200K Free: 20487K (40%)
ptolemy.util.test.WatchDog.cancel(): canceling Sat Jul 04 14:57:18 UTC 2020
------------------ testing $PTII/ptolemy/domains/de/test/auto/Modal4.xml
auto.tcl: Setting watchdog for 200 seconds at Sat Jul 04 14:57:18 UTC 2020
12 ms. Memory: 51200K Free: 23053K (45%)
ptolemy.util.test.WatchDog.cancel(): canceling Sat Jul 04 14:57:18 UTC 2020
auto.tcl: Setting watchdog for 200 seconds at Sat Jul 04 14:57:18 UTC 2020
14 ms. Memory: 51200K Free: 19224K (38%)
ptolemy.util.test.WatchDog.cancel(): canceling Sat Jul 04 14:57:18 UTC 2020
------------------ testing $PTII/ptolemy/domains/de/test/auto/Modal5.xml
auto.tcl: Setting watchdog for 200 seconds at Sat Jul 04 14:57:18 UTC 2020
15 ms. Memory: 51200K Free: 23069K (45%)
ptolemy.util.test.WatchDog.cancel(): canceling Sat Jul 04 14:57:18 UTC 2020
auto.tcl: Setting watchdog for 200 seconds at Sat Jul 04 14:57:18 UTC 2020
14 ms. Memory: 51200K Free: 19211K (38%)
ptolemy.util.test.WatchDog.cancel(): canceling Sat Jul 04 14:57:18 UTC 2020
------------------ testing $PTII/ptolemy/domains/de/test/auto/Modal6.xml
auto.tcl: Setting watchdog for 200 seconds at Sat Jul 04 14:57:18 UTC 2020
12 ms. Memory: 51200K Free: 23856K (47%)
ptolemy.util.test.WatchDog.cancel(): canceling Sat Jul 04 14:57:18 UTC 2020
auto.tcl: Setting watchdog for 200 seconds at Sat Jul 04 14:57:18 UTC 2020
14 ms. Memory: 51200K Free: 19836K (39%)
ptolemy.util.test.WatchDog.cancel(): canceling Sat Jul 04 14:57:18 UTC 2020
------------------ testing $PTII/ptolemy/domains/de/test/auto/Modal7.xml
auto.tcl: Setting watchdog for 200 seconds at Sat Jul 04 14:57:18 UTC 2020
10 ms. Memory: 51200K Free: 23015K (45%)
ptolemy.util.test.WatchDog.cancel(): canceling Sat Jul 04 14:57:18 UTC 2020
auto.tcl: Setting watchdog for 200 seconds at Sat Jul 04 14:57:18 UTC 2020
10 ms. Memory: 51200K Free: 19457K (38%)
ptolemy.util.test.WatchDog.cancel(): canceling Sat Jul 04 14:57:18 UTC 2020
------------------ testing $PTII/ptolemy/domains/de/test/auto/ModalModel.xml
auto.tcl: Setting watchdog for 200 seconds at Sat Jul 04 14:57:18 UTC 2020
233 ms. Memory: 51200K Free: 12845K (25%)
ptolemy.util.test.WatchDog.cancel(): canceling Sat Jul 04 14:57:19 UTC 2020
auto.tcl: Setting watchdog for 200 seconds at Sat Jul 04 14:57:19 UTC 2020
214 ms. Memory: 61440K Free: 41419K (67%)
ptolemy.util.test.WatchDog.cancel(): canceling Sat Jul 04 14:57:19 UTC 2020
------------------ testing $PTII/ptolemy/domains/de/test/auto/ModalSource.xml
auto.tcl: Setting watchdog for 200 seconds at Sat Jul 04 14:57:19 UTC 2020
6 ms. Memory: 51200K Free: 27885K (54%)
ptolemy.util.test.WatchDog.cancel(): canceling Sat Jul 04 14:57:19 UTC 2020
auto.tcl: Setting watchdog for 200 seconds at Sat Jul 04 14:57:19 UTC 2020
6 ms. Memory: 51200K Free: 25837K (50%)
ptolemy.util.test.WatchDog.cancel(): canceling Sat Jul 04 14:57:19 UTC 2020
------------------ testing $PTII/ptolemy/domains/de/test/auto/NonInterruptibleTimerZeroDelay.xml
auto.tcl: Setting watchdog for 200 seconds at Sat Jul 04 14:57:19 UTC 2020
4 ms. Memory: 51200K Free: 33113K (65%)
ptolemy.util.test.WatchDog.cancel(): canceling Sat Jul 04 14:57:19 UTC 2020
auto.tcl: Setting watchdog for 200 seconds at Sat Jul 04 14:57:19 UTC 2020
3 ms. Memory: 51200K Free: 32209K (63%)
ptolemy.util.test.WatchDog.cancel(): canceling Sat Jul 04 14:57:19 UTC 2020
------------------ testing $PTII/ptolemy/domains/de/test/auto/OpenQueueingNetwork.xml
auto.tcl: Setting watchdog for 200 seconds at Sat Jul 04 14:57:19 UTC 2020
2767 ms. Memory: 94208K Free: 39670K (42%)
ptolemy.util.test.WatchDog.cancel(): canceling Sat Jul 04 14:57:22 UTC 2020
auto.tcl: Setting watchdog for 200 seconds at Sat Jul 04 14:57:22 UTC 2020
2236 ms. Memory: 113664K Free: 84611K (74%)
ptolemy.util.test.WatchDog.cancel(): canceling Sat Jul 04 14:57:24 UTC 2020
------------------ testing $PTII/ptolemy/domains/de/test/auto/OpenQueuingNetwork.xml
auto.tcl: Setting watchdog for 200 seconds at Sat Jul 04 14:57:24 UTC 2020
245 ms. Memory: 70656K Free: 43179K (61%)
ptolemy.util.test.WatchDog.cancel(): canceling Sat Jul 04 14:57:25 UTC 2020
auto.tcl: Setting watchdog for 200 seconds at Sat Jul 04 14:57:25 UTC 2020
217 ms. Memory: 70656K Free: 30871K (44%)
ptolemy.util.test.WatchDog.cancel(): canceling Sat Jul 04 14:57:25 UTC 2020
------------------ testing $PTII/ptolemy/domains/de/test/auto/PeriodicSampler.xml
auto.tcl: Setting watchdog for 200 seconds at Sat Jul 04 14:57:25 UTC 2020
3 ms. Memory: 51200K Free: 32020K (63%)
ptolemy.util.test.WatchDog.cancel(): canceling Sat Jul 04 14:57:25 UTC 2020
auto.tcl: Setting watchdog for 200 seconds at Sat Jul 04 14:57:25 UTC 2020
2 ms. Memory: 51200K Free: 31500K (62%)
ptolemy.util.test.WatchDog.cancel(): canceling Sat Jul 04 14:57:25 UTC 2020
------------------ testing $PTII/ptolemy/domains/de/test/auto/PersistentIO.xml
auto.tcl: Setting watchdog for 200 seconds at Sat Jul 04 14:57:25 UTC 2020
5 ms. Memory: 51200K Free: 26929K (53%)
ptolemy.util.test.WatchDog.cancel(): canceling Sat Jul 04 14:57:25 UTC 2020
auto.tcl: Setting watchdog for 200 seconds at Sat Jul 04 14:57:25 UTC 2020
5 ms. Memory: 51200K Free: 25425K (50%)
ptolemy.util.test.WatchDog.cancel(): canceling Sat Jul 04 14:57:25 UTC 2020
------------------ testing $PTII/ptolemy/domains/de/test/auto/PortParameterResetOnInitialize.xml
auto.tcl: Setting watchdog for 200 seconds at Sat Jul 04 14:57:25 UTC 2020
8 ms. Memory: 51200K Free: 31940K (62%)
ptolemy.util.test.WatchDog.cancel(): canceling Sat Jul 04 14:57:25 UTC 2020
auto.tcl: Setting watchdog for 200 seconds at Sat Jul 04 14:57:25 UTC 2020
2 ms. Memory: 51200K Free: 31433K (61%)
ptolemy.util.test.WatchDog.cancel(): canceling Sat Jul 04 14:57:25 UTC 2020
------------------ testing $PTII/ptolemy/domains/de/test/auto/PortParameterUpdates.xml
auto.tcl: Setting watchdog for 200 seconds at Sat Jul 04 14:57:25 UTC 2020
5 ms. Memory: 51200K Free: 30237K (59%)
ptolemy.util.test.WatchDog.cancel(): canceling Sat Jul 04 14:57:25 UTC 2020
auto.tcl: Setting watchdog for 200 seconds at Sat Jul 04 14:57:25 UTC 2020
5 ms. Memory: 51200K Free: 28993K (57%)
ptolemy.util.test.WatchDog.cancel(): canceling Sat Jul 04 14:57:25 UTC 2020
------------------ testing $PTII/ptolemy/domains/de/test/auto/QueueAndServer.xml
auto.tcl: Setting watchdog for 200 seconds at Sat Jul 04 14:57:25 UTC 2020
13 ms. Memory: 51200K Free: 28904K (56%)
ptolemy.util.test.WatchDog.cancel(): canceling Sat Jul 04 14:57:25 UTC 2020
auto.tcl: Setting watchdog for 200 seconds at Sat Jul 04 14:57:25 UTC 2020
7 ms. Memory: 51200K Free: 27432K (54%)
ptolemy.util.test.WatchDog.cancel(): canceling Sat Jul 04 14:57:25 UTC 2020
------------------ testing $PTII/ptolemy/domains/de/test/auto/Records.xml
auto.tcl: Setting watchdog for 200 seconds at Sat Jul 04 14:57:25 UTC 2020
8 ms. Memory: 51200K Free: 31181K (61%)
ptolemy.util.test.WatchDog.cancel(): canceling Sat Jul 04 14:57:25 UTC 2020
auto.tcl: Setting watchdog for 200 seconds at Sat Jul 04 14:57:25 UTC 2020
3 ms. Memory: 51200K Free: 30642K (60%)
ptolemy.util.test.WatchDog.cancel(): canceling Sat Jul 04 14:57:25 UTC 2020
------------------ testing $PTII/ptolemy/domains/de/test/auto/ResetTransitionWithStartTime1.xml
auto.tcl: Setting watchdog for 200 seconds at Sat Jul 04 14:57:26 UTC 2020
13 ms. Memory: 51200K Free: 28425K (56%)
ptolemy.util.test.WatchDog.cancel(): canceling Sat Jul 04 14:57:26 UTC 2020
auto.tcl: Setting watchdog for 200 seconds at Sat Jul 04 14:57:26 UTC 2020
8 ms. Memory: 51200K Free: 26377K (52%)
ptolemy.util.test.WatchDog.cancel(): canceling Sat Jul 04 14:57:26 UTC 2020
------------------ testing $PTII/ptolemy/domains/de/test/auto/ResetTransitionWithStartTime2.xml
auto.tcl: Setting watchdog for 200 seconds at Sat Jul 04 14:57:26 UTC 2020
7 ms. Memory: 51200K Free: 28417K (56%)
ptolemy.util.test.WatchDog.cancel(): canceling Sat Jul 04 14:57:26 UTC 2020
auto.tcl: Setting watchdog for 200 seconds at Sat Jul 04 14:57:26 UTC 2020
5 ms. Memory: 51200K Free: 26332K (51%)
ptolemy.util.test.WatchDog.cancel(): canceling Sat Jul 04 14:57:26 UTC 2020
------------------ testing $PTII/ptolemy/domains/de/test/auto/ResetTransitionWithStartTime3.xml
auto.tcl: Setting watchdog for 200 seconds at Sat Jul 04 14:57:26 UTC 2020
6 ms. Memory: 51200K Free: 28379K (55%)
ptolemy.util.test.WatchDog.cancel(): canceling Sat Jul 04 14:57:26 UTC 2020
auto.tcl: Setting watchdog for 200 seconds at Sat Jul 04 14:57:26 UTC 2020
5 ms. Memory: 51200K Free: 26331K (51%)
ptolemy.util.test.WatchDog.cancel(): canceling Sat Jul 04 14:57:26 UTC 2020
------------------ testing $PTII/ptolemy/domains/de/test/auto/ResetTransitionWithStartTime4.xml
auto.tcl: Setting watchdog for 200 seconds at Sat Jul 04 14:57:26 UTC 2020
7 ms. Memory: 51200K Free: 28822K (56%)
ptolemy.util.test.WatchDog.cancel(): canceling Sat Jul 04 14:57:26 UTC 2020
auto.tcl: Setting watchdog for 200 seconds at Sat Jul 04 14:57:26 UTC 2020
4 ms. Memory: 51200K Free: 27354K (53%)
ptolemy.util.test.WatchDog.cancel(): canceling Sat Jul 04 14:57:26 UTC 2020
------------------ testing $PTII/ptolemy/domains/de/test/auto/ResettableTimer1.xml
auto.tcl: Setting watchdog for 200 seconds at Sat Jul 04 14:57:26 UTC 2020
2 ms. Memory: 51200K Free: 32591K (64%)
ptolemy.util.test.WatchDog.cancel(): canceling Sat Jul 04 14:57:26 UTC 2020
auto.tcl: Setting watchdog for 200 seconds at Sat Jul 04 14:57:26 UTC 2020
2 ms. Memory: 51200K Free: 31934K (62%)
ptolemy.util.test.WatchDog.cancel(): canceling Sat Jul 04 14:57:26 UTC 2020
------------------ testing $PTII/ptolemy/domains/de/test/auto/ResettableTimer2.xml
auto.tcl: Setting watchdog for 200 seconds at Sat Jul 04 14:57:26 UTC 2020
2 ms. Memory: 51200K Free: 32611K (64%)
ptolemy.util.test.WatchDog.cancel(): canceling Sat Jul 04 14:57:26 UTC 2020
auto.tcl: Setting watchdog for 200 seconds at Sat Jul 04 14:57:26 UTC 2020
2 ms. Memory: 51200K Free: 31992K (62%)
ptolemy.util.test.WatchDog.cancel(): canceling Sat Jul 04 14:57:26 UTC 2020
------------------ testing $PTII/ptolemy/domains/de/test/auto/ResettableTimer3.xml
auto.tcl: Setting watchdog for 200 seconds at Sat Jul 04 14:57:26 UTC 2020
1 ms. Memory: 51200K Free: 32910K (64%)
ptolemy.util.test.WatchDog.cancel(): canceling Sat Jul 04 14:57:26 UTC 2020
auto.tcl: Setting watchdog for 200 seconds at Sat Jul 04 14:57:26 UTC 2020
1 ms. Memory: 51200K Free: 31968K (62%)
ptolemy.util.test.WatchDog.cancel(): canceling Sat Jul 04 14:57:26 UTC 2020
------------------ testing $PTII/ptolemy/domains/de/test/auto/ResettableTimer4.xml
auto.tcl: Setting watchdog for 200 seconds at Sat Jul 04 14:57:26 UTC 2020
1 ms. Memory: 51200K Free: 32525K (64%)
ptolemy.util.test.WatchDog.cancel(): canceling Sat Jul 04 14:57:26 UTC 2020
auto.tcl: Setting watchdog for 200 seconds at Sat Jul 04 14:57:26 UTC 2020
1 ms. Memory: 51200K Free: 32011K (63%)
ptolemy.util.test.WatchDog.cancel(): canceling Sat Jul 04 14:57:26 UTC 2020
------------------ testing $PTII/ptolemy/domains/de/test/auto/ResettableTimer5.xml
auto.tcl: Setting watchdog for 200 seconds at Sat Jul 04 14:57:26 UTC 2020
2 ms. Memory: 51200K Free: 32009K (63%)
ptolemy.util.test.WatchDog.cancel(): canceling Sat Jul 04 14:57:26 UTC 2020
auto.tcl: Setting watchdog for 200 seconds at Sat Jul 04 14:57:26 UTC 2020
1 ms. Memory: 51200K Free: 31499K (62%)
ptolemy.util.test.WatchDog.cancel(): canceling Sat Jul 04 14:57:26 UTC 2020
------------------ testing $PTII/ptolemy/domains/de/test/auto/ResettableTimer6.xml
auto.tcl: Setting watchdog for 200 seconds at Sat Jul 04 14:57:26 UTC 2020
2 ms. Memory: 51200K Free: 32000K (63%)
ptolemy.util.test.WatchDog.cancel(): canceling Sat Jul 04 14:57:26 UTC 2020
auto.tcl: Setting watchdog for 200 seconds at Sat Jul 04 14:57:26 UTC 2020
1 ms. Memory: 51200K Free: 31490K (62%)
ptolemy.util.test.WatchDog.cancel(): canceling Sat Jul 04 14:57:26 UTC 2020
------------------ testing $PTII/ptolemy/domains/de/test/auto/ServerZeroDelay.xml
auto.tcl: Setting watchdog for 200 seconds at Sat Jul 04 14:57:26 UTC 2020
2 ms. Memory: 51200K Free: 32505K (63%)
ptolemy.util.test.WatchDog.cancel(): canceling Sat Jul 04 14:57:26 UTC 2020
auto.tcl: Setting watchdog for 200 seconds at Sat Jul 04 14:57:26 UTC 2020
2 ms. Memory: 51200K Free: 31481K (61%)
ptolemy.util.test.WatchDog.cancel(): canceling Sat Jul 04 14:57:26 UTC 2020
------------------ testing $PTII/ptolemy/domains/de/test/auto/SmartSender.xml
auto.tcl: Setting watchdog for 200 seconds at Sat Jul 04 14:57:26 UTC 2020
3001 ms. Memory: 51200K Free: 31986K (62%)
ptolemy.util.test.WatchDog.cancel(): canceling Sat Jul 04 14:57:29 UTC 2020
auto.tcl: Setting watchdog for 200 seconds at Sat Jul 04 14:57:29 UTC 2020
3001 ms. Memory: 51200K Free: 31476K (61%)
ptolemy.util.test.WatchDog.cancel(): canceling Sat Jul 04 14:57:32 UTC 2020
------------------ testing $PTII/ptolemy/domains/de/test/auto/ThreadedComposite.xml
auto.tcl: Setting watchdog for 200 seconds at Sat Jul 04 14:57:32 UTC 2020
222 ms. Memory: 51200K Free: 14082K (28%)
ptolemy.util.test.WatchDog.cancel(): canceling Sat Jul 04 14:57:33 UTC 2020
auto.tcl: Setting watchdog for 200 seconds at Sat Jul 04 14:57:33 UTC 2020
128 ms. Memory: 51200K Free: 30040K (59%)
ptolemy.util.test.WatchDog.cancel(): canceling Sat Jul 04 14:57:33 UTC 2020
------------------ testing $PTII/ptolemy/domains/de/test/auto/Time.xml
auto.tcl: Setting watchdog for 200 seconds at Sat Jul 04 14:57:33 UTC 2020
465 ms. Memory: 51200K Free: 35253K (69%)
ptolemy.util.test.WatchDog.cancel(): canceling Sat Jul 04 14:57:33 UTC 2020
auto.tcl: Setting watchdog for 200 seconds at Sat Jul 04 14:57:33 UTC 2020
396 ms. Memory: 51200K Free: 8764K (17%)
ptolemy.util.test.WatchDog.cancel(): canceling Sat Jul 04 14:57:34 UTC 2020
------------------ testing $PTII/ptolemy/domains/de/test/auto/TimeDelayZeroDelay.xml
auto.tcl: Setting watchdog for 200 seconds at Sat Jul 04 14:57:34 UTC 2020
2 ms. Memory: 51200K Free: 32430K (63%)
ptolemy.util.test.WatchDog.cancel(): canceling Sat Jul 04 14:57:34 UTC 2020
auto.tcl: Setting watchdog for 200 seconds at Sat Jul 04 14:57:34 UTC 2020
2 ms. Memory: 51200K Free: 31945K (62%)
ptolemy.util.test.WatchDog.cancel(): canceling Sat Jul 04 14:57:34 UTC 2020
------------------ testing $PTII/ptolemy/domains/de/test/auto/TimerZeroDelay.xml
auto.tcl: Setting watchdog for 200 seconds at Sat Jul 04 14:57:34 UTC 2020
2 ms. Memory: 51200K Free: 32791K (64%)
ptolemy.util.test.WatchDog.cancel(): canceling Sat Jul 04 14:57:34 UTC 2020
auto.tcl: Setting watchdog for 200 seconds at Sat Jul 04 14:57:34 UTC 2020
1 ms. Memory: 51200K Free: 32473K (63%)
ptolemy.util.test.WatchDog.cancel(): canceling Sat Jul 04 14:57:34 UTC 2020
------------------ testing $PTII/ptolemy/domains/de/test/auto/TimingParadox.xml
auto.tcl: Setting watchdog for 200 seconds at Sat Jul 04 14:57:34 UTC 2020
275 ms. Memory: 51200K Free: 20101K (39%)
ptolemy.util.test.WatchDog.cancel(): canceling Sat Jul 04 14:57:34 UTC 2020
auto.tcl: Setting watchdog for 200 seconds at Sat Jul 04 14:57:34 UTC 2020
275 ms. Memory: 51200K Free: 9742K (19%)
ptolemy.util.test.WatchDog.cancel(): canceling Sat Jul 04 14:57:34 UTC 2020
------------------ testing $PTII/ptolemy/domains/de/test/auto/TransferInputs.xml
auto.tcl: Setting watchdog for 200 seconds at Sat Jul 04 14:57:34 UTC 2020
2 ms. Memory: 51200K Free: 30941K (60%)
ptolemy.util.test.WatchDog.cancel(): canceling Sat Jul 04 14:57:34 UTC 2020
auto.tcl: Setting watchdog for 200 seconds at Sat Jul 04 14:57:34 UTC 2020
1 ms. Memory: 51200K Free: 30027K (59%)
ptolemy.util.test.WatchDog.cancel(): canceling Sat Jul 04 14:57:34 UTC 2020
------------------ testing $PTII/ptolemy/domains/de/test/auto/TransferOutputs2.xml
auto.tcl: Setting watchdog for 200 seconds at Sat Jul 04 14:57:34 UTC 2020
3 ms. Memory: 51200K Free: 28383K (55%)
ptolemy.util.test.WatchDog.cancel(): canceling Sat Jul 04 14:57:34 UTC 2020
auto.tcl: Setting watchdog for 200 seconds at Sat Jul 04 14:57:34 UTC 2020
3 ms. Memory: 51200K Free: 26958K (53%)
ptolemy.util.test.WatchDog.cancel(): canceling Sat Jul 04 14:57:34 UTC 2020
------------------ testing $PTII/ptolemy/domains/de/test/auto/Trilateration.xml
auto.tcl: Setting watchdog for 200 seconds at Sat Jul 04 14:57:35 UTC 2020
11747 ms. Memory: 482304K Free: 212131K (44%)
ptolemy.util.test.WatchDog.cancel(): canceling Sat Jul 04 14:57:47 UTC 2020
auto.tcl: Setting watchdog for 200 seconds at Sat Jul 04 14:57:47 UTC 2020
9100 ms. Memory: 482304K Free: 419420K (87%)
ptolemy.util.test.WatchDog.cancel(): canceling Sat Jul 04 14:57:57 UTC 2020
------------------ testing $PTII/ptolemy/domains/de/test/auto/TwoSigmaDelta.xml
auto.tcl: Setting watchdog for 200 seconds at Sat Jul 04 14:57:57 UTC 2020
2184 ms. Memory: 89088K Free: 35247K (40%)
ptolemy.util.test.WatchDog.cancel(): canceling Sat Jul 04 14:57:59 UTC 2020
auto.tcl: Setting watchdog for 200 seconds at Sat Jul 04 14:57:59 UTC 2020
1858 ms. Memory: 89088K Free: 32157K (36%)
ptolemy.util.test.WatchDog.cancel(): canceling Sat Jul 04 14:58:01 UTC 2020
------------------ testing $PTII/ptolemy/domains/de/test/auto/VariableDelay.xml
auto.tcl: Setting watchdog for 200 seconds at Sat Jul 04 14:58:01 UTC 2020
2 ms. Memory: 51200K Free: 31415K (61%)
ptolemy.util.test.WatchDog.cancel(): canceling Sat Jul 04 14:58:01 UTC 2020
auto.tcl: Setting watchdog for 200 seconds at Sat Jul 04 14:58:01 UTC 2020
2 ms. Memory: 51200K Free: 30421K (59%)
ptolemy.util.test.WatchDog.cancel(): canceling Sat Jul 04 14:58:01 UTC 2020
------------------ testing $PTII/ptolemy/domains/de/test/auto/VariableDelay2.xml
auto.tcl: Setting watchdog for 200 seconds at Sat Jul 04 14:58:01 UTC 2020
3 ms. Memory: 51200K Free: 31830K (62%)
ptolemy.util.test.WatchDog.cancel(): canceling Sat Jul 04 14:58:01 UTC 2020
auto.tcl: Setting watchdog for 200 seconds at Sat Jul 04 14:58:01 UTC 2020
2 ms. Memory: 51200K Free: 31334K (61%)
ptolemy.util.test.WatchDog.cancel(): canceling Sat Jul 04 14:58:01 UTC 2020
------------------ testing $PTII/ptolemy/domains/de/test/auto/VariableDelayZeroDelay.xml
auto.tcl: Setting watchdog for 200 seconds at Sat Jul 04 14:58:01 UTC 2020
2 ms. Memory: 51200K Free: 32356K (63%)
ptolemy.util.test.WatchDog.cancel(): canceling Sat Jul 04 14:58:01 UTC 2020
auto.tcl: Setting watchdog for 200 seconds at Sat Jul 04 14:58:01 UTC 2020
2 ms. Memory: 51200K Free: 31812K (62%)
ptolemy.util.test.WatchDog.cancel(): canceling Sat Jul 04 14:58:01 UTC 2020
------------------ testing $PTII/ptolemy/domains/de/test/auto/VariableDelayZeroDelay2.xml
auto.tcl: Setting watchdog for 200 seconds at Sat Jul 04 14:58:01 UTC 2020
2 ms. Memory: 51200K Free: 32356K (63%)
ptolemy.util.test.WatchDog.cancel(): canceling Sat Jul 04 14:58:01 UTC 2020
auto.tcl: Setting watchdog for 200 seconds at Sat Jul 04 14:58:01 UTC 2020
2 ms. Memory: 51200K Free: 31332K (61%)
ptolemy.util.test.WatchDog.cancel(): canceling Sat Jul 04 14:58:01 UTC 2020
------------------ testing $PTII/ptolemy/domains/de/test/auto/deInCt.xml
auto.tcl: Setting watchdog for 200 seconds at Sat Jul 04 14:58:01 UTC 2020
0
1
1
1
1
1
1
0
0
0
1
1
1
1
0
0
0
1
1
1
0
0
0
1
1
1
1
1
1
8 ms. Memory: 51200K Free: 31329K (61%)
ptolemy.util.test.WatchDog.cancel(): canceling Sat Jul 04 14:58:01 UTC 2020
auto.tcl: Setting watchdog for 200 seconds at Sat Jul 04 14:58:01 UTC 2020
0
1
1
1
1
0
0
0
0
1
1
1
0
0
0
1
1
1
1
0
0
0
1
1
1
1
1
0
0
0
0
1
1
1
0
0
1
1
1
8 ms. Memory: 51200K Free: 29791K (58%)
ptolemy.util.test.WatchDog.cancel(): canceling Sat Jul 04 14:58:01 UTC 2020
------------------ testing $PTII/ptolemy/domains/de/test/auto/deInCt2.xml
auto.tcl: Setting watchdog for 200 seconds at Sat Jul 04 14:58:01 UTC 2020
0
1
1
1
0
0
1
1
1
0
0
1
1
1
0
0
1
1
1
0
0
1
1
1
0
0
1
1
1
0
0
1
1
1
0
0
1
1
1
0
0
0
12 ms. Memory: 51200K Free: 31329K (61%)
ptolemy.util.test.WatchDog.cancel(): canceling Sat Jul 04 14:58:01 UTC 2020
auto.tcl: Setting watchdog for 200 seconds at Sat Jul 04 14:58:01 UTC 2020
0
1
1
1
0
0
1
1
1
0
0
1
1
1
0
0
1
1
1
0
0
1
1
1
0
0
1
1
1
0
0
1
1
1
0
0
1
1
1
0
0
0
5 ms. Memory: 51200K Free: 29777K (58%)
ptolemy.util.test.WatchDog.cancel(): canceling Sat Jul 04 14:58:01 UTC 2020
------------------ testing $PTII/ptolemy/domains/de/test/auto/dynamicCausalityInterface1.xml
auto.tcl: Setting watchdog for 200 seconds at Sat Jul 04 14:58:01 UTC 2020
2 ms. Memory: 51200K Free: 27228K (53%)
ptolemy.util.test.WatchDog.cancel(): canceling Sat Jul 04 14:58:01 UTC 2020
auto.tcl: Setting watchdog for 200 seconds at Sat Jul 04 14:58:01 UTC 2020
0 ms. Memory: 51200K Free: 26714K (52%)
ptolemy.util.test.WatchDog.cancel(): canceling Sat Jul 04 14:58:01 UTC 2020
------------------ testing $PTII/ptolemy/domains/de/test/auto/fsm_de_test.xml
auto.tcl: Setting watchdog for 200 seconds at Sat Jul 04 14:58:01 UTC 2020
8 ms. Memory: 51200K Free: 27126K (53%)
ptolemy.util.test.WatchDog.cancel(): canceling Sat Jul 04 14:58:01 UTC 2020
auto.tcl: Setting watchdog for 200 seconds at Sat Jul 04 14:58:01 UTC 2020
11 ms. Memory: 51200K Free: 25078K (49%)
ptolemy.util.test.WatchDog.cancel(): canceling Sat Jul 04 14:58:01 UTC 2020
------------------ testing $PTII/ptolemy/domains/de/test/auto/functionDependencyReconstruction.xml
auto.tcl: Setting watchdog for 200 seconds at Sat Jul 04 14:58:01 UTC 2020
2 ms. Memory: 51200K Free: 20972K (41%)
ptolemy.util.test.WatchDog.cancel(): canceling Sat Jul 04 14:58:01 UTC 2020
auto.tcl: Setting watchdog for 200 seconds at Sat Jul 04 14:58:01 UTC 2020
3 ms. Memory: 51200K Free: 18924K (37%)
ptolemy.util.test.WatchDog.cancel(): canceling Sat Jul 04 14:58:01 UTC 2020
------------------ testing $PTII/ptolemy/domains/de/test/auto/multirate.xml
auto.tcl: Setting watchdog for 200 seconds at Sat Jul 04 14:58:01 UTC 2020
6 ms. Memory: 51200K Free: 29767K (58%)
ptolemy.util.test.WatchDog.cancel(): canceling Sat Jul 04 14:58:01 UTC 2020
auto.tcl: Setting watchdog for 200 seconds at Sat Jul 04 14:58:01 UTC 2020
4 ms. Memory: 51200K Free: 28022K (55%)
ptolemy.util.test.WatchDog.cancel(): canceling Sat Jul 04 14:58:01 UTC 2020
------------------ testing $PTII/ptolemy/domains/de/test/auto/multirate2.xml
auto.tcl: Setting watchdog for 200 seconds at Sat Jul 04 14:58:02 UTC 2020
3 ms. Memory: 51200K Free: 29723K (58%)
ptolemy.util.test.WatchDog.cancel(): canceling Sat Jul 04 14:58:02 UTC 2020
auto.tcl: Setting watchdog for 200 seconds at Sat Jul 04 14:58:02 UTC 2020
3 ms. Memory: 51200K Free: 28203K (55%)
ptolemy.util.test.WatchDog.cancel(): canceling Sat Jul 04 14:58:02 UTC 2020
------------------ testing $PTII/ptolemy/domains/de/test/auto/realtime.xml
auto.tcl: Setting watchdog for 200 seconds at Sat Jul 04 14:58:02 UTC 2020
10001 ms. Memory: 51200K Free: 31999K (62%)
ptolemy.util.test.WatchDog.cancel(): canceling Sat Jul 04 14:58:12 UTC 2020
auto.tcl: Setting watchdog for 200 seconds at Sat Jul 04 14:58:12 UTC 2020
10002 ms. Memory: 51200K Free: 31274K (61%)
ptolemy.util.test.WatchDog.cancel(): canceling Sat Jul 04 14:58:22 UTC 2020
------------------ testing $PTII/ptolemy/domains/de/test/auto/relationGroup.xml
auto.tcl: Setting watchdog for 200 seconds at Sat Jul 04 14:58:22 UTC 2020
2 ms. Memory: 51200K Free: 33059K (65%)
ptolemy.util.test.WatchDog.cancel(): canceling Sat Jul 04 14:58:22 UTC 2020
auto.tcl: Setting watchdog for 200 seconds at Sat Jul 04 14:58:22 UTC 2020
2 ms. Memory: 51200K Free: 32522K (64%)
ptolemy.util.test.WatchDog.cancel(): canceling Sat Jul 04 14:58:22 UTC 2020
------------------ testing $PTII/ptolemy/domains/de/test/auto/relationGroup2.xml
auto.tcl: Setting watchdog for 200 seconds at Sat Jul 04 14:58:22 UTC 2020
2 ms. Memory: 51200K Free: 32891K (64%)
ptolemy.util.test.WatchDog.cancel(): canceling Sat Jul 04 14:58:22 UTC 2020
auto.tcl: Setting watchdog for 200 seconds at Sat Jul 04 14:58:22 UTC 2020
2 ms. Memory: 51200K Free: 32381K (63%)
ptolemy.util.test.WatchDog.cancel(): canceling Sat Jul 04 14:58:22 UTC 2020
------------------ testing $PTII/ptolemy/domains/de/test/auto/sortWithOpaquePorts.xml
auto.tcl: Setting watchdog for 200 seconds at Sat Jul 04 14:58:22 UTC 2020
1 ms. Memory: 51200K Free: 31867K (62%)
ptolemy.util.test.WatchDog.cancel(): canceling Sat Jul 04 14:58:22 UTC 2020
auto.tcl: Setting watchdog for 200 seconds at Sat Jul 04 14:58:22 UTC 2020
2 ms. Memory: 51200K Free: 30339K (59%)
ptolemy.util.test.WatchDog.cancel(): canceling Sat Jul 04 14:58:22 UTC 2020
------------------ testing $PTII/ptolemy/domains/de/test/auto/transferInputsandOutputs.xml
auto.tcl: Setting watchdog for 200 seconds at Sat Jul 04 14:58:22 UTC 2020
4 ms. Memory: 51200K Free: 29297K (57%)
ptolemy.util.test.WatchDog.cancel(): canceling Sat Jul 04 14:58:22 UTC 2020
auto.tcl: Setting watchdog for 200 seconds at Sat Jul 04 14:58:22 UTC 2020
2 ms. Memory: 51200K Free: 28273K (55%)
ptolemy.util.test.WatchDog.cancel(): canceling Sat Jul 04 14:58:22 UTC 2020
------------------ testing $PTII/ptolemy/domains/de/test/auto/triggerType.xml
auto.tcl: Setting watchdog for 200 seconds at Sat Jul 04 14:58:22 UTC 2020
1 ms. Memory: 51200K Free: 32322K (63%)
ptolemy.util.test.WatchDog.cancel(): canceling Sat Jul 04 14:58:22 UTC 2020
auto.tcl: Setting watchdog for 200 seconds at Sat Jul 04 14:58:22 UTC 2020
1 ms. Memory: 51200K Free: 31298K (61%)
ptolemy.util.test.WatchDog.cancel(): canceling Sat Jul 04 14:58:22 UTC 2020
07/04/20 02:58:22
Failed: 0  Total Tests: 192  ((Passed: 187, Newly Passed: 1)  Known Failed: 5) /home/travis/build/icyphy/ptII/ptolemy/domains/de/test
07/04/20 02:58:22
Failed: 0  Total Tests: 192  ((Passed: 187, Newly Passed: 1)  Known Failed: 5) /home/travis/build/icyphy/ptII/ptolemy/domains/de/test
----------------- testing (KnownFailure) /home/travis/build/icyphy/ptII/ptolemy/domains/de/test/auto/knownFailedTests/DESDFClockTest.xml
2021 ms. Memory: 51200K Free: 25206K (49%)
Known Failure: java.lang.reflect.InvocationTargetException
----------------- testing (KnownFailure) /home/travis/build/icyphy/ptII/ptolemy/domains/de/test/auto/knownFailedTests/DirectFeedback.xml
2 ms. Memory: 51200K Free: 21110K (41%)
Known Failure: java.lang.reflect.InvocationTargetException
----------------- testing (KnownFailure) /home/travis/build/icyphy/ptII/ptolemy/domains/de/test/auto/knownFailedTests/FSMSource.xml
18 ms. Memory: 51200K Free: 13942K (27%)
----------------- testing (KnownFailure) /home/travis/build/icyphy/ptII/ptolemy/domains/de/test/auto/knownFailedTests/HierarchicalModel.xml
3 ms. Memory: 51200K Free: 27151K (53%)
Known Failure: java.lang.reflect.InvocationTargetException
----------------- testing (KnownFailure) /home/travis/build/icyphy/ptII/ptolemy/domains/de/test/auto/knownFailedTests/dependencyLoop.xml
3 ms. Memory: 51200K Free: 11800K (23%)
Known Failure: java.lang.reflect.InvocationTargetException
----------------- testing (KnownFailure) /home/travis/build/icyphy/ptII/ptolemy/domains/de/test/auto/knownFailedTests/dependencyLoop2.xml
4 ms. Memory: 51200K Free: 25609K (50%)
Known Failure: java.lang.reflect.InvocationTargetException
No auto/linux-amd64/*.xml tests in /home/travis/build/icyphy/ptII/ptolemy/domains/de/test
AutoTests.java: About to close Vertx.
AutoTests.java: Vertx closed.

===========================================================================================
----------------- testing Sat Jul 04 14:58:24 UTC 2020 /home/travis/build/icyphy/ptII/ptolemy/domains/de/test/auto/ActorDepthCalculation_actorWithoutPorts.xml
----------------- Instantiating /home/travis/build/icyphy/ptII/ptolemy/domains/de/test/auto/ActorDepthCalculation_actorWithoutPorts.xml
2 ms. Memory: 51200K Free: 18858K (37%)
----------------- Invoking toplevel() on ptolemy.moml.MoMLSimpleApplication@3bd9e072
----------------- Done invoking toplevel() on ptolemy.moml.MoMLSimpleApplication@3bd9e072
reloadAllAccessors: .ActorDepthCalculation_actorWithoutPorts

===========================================================================================
----------------- testing Sat Jul 04 14:58:24 UTC 2020 /home/travis/build/icyphy/ptII/ptolemy/domains/de/test/auto/AssemblyLine.xml
----------------- Instantiating /home/travis/build/icyphy/ptII/ptolemy/domains/de/test/auto/AssemblyLine.xml
3 ms. Memory: 51200K Free: 12009K (23%)
----------------- Invoking toplevel() on ptolemy.moml.MoMLSimpleApplication@6d7ccc45
----------------- Done invoking toplevel() on ptolemy.moml.MoMLSimpleApplication@6d7ccc45
reloadAllAccessors: .AssemblyLine

===========================================================================================
----------------- testing Sat Jul 04 14:58:24 UTC 2020 /home/travis/build/icyphy/ptII/ptolemy/domains/de/test/auto/CQBug1.xml
----------------- Instantiating /home/travis/build/icyphy/ptII/ptolemy/domains/de/test/auto/CQBug1.xml
0 ms. Memory: 51200K Free: 9225K (18%)
----------------- Invoking toplevel() on ptolemy.moml.MoMLSimpleApplication@481c5137
----------------- Done invoking toplevel() on ptolemy.moml.MoMLSimpleApplication@481c5137
reloadAllAccessors: .CQBug1

===========================================================================================
----------------- testing Sat Jul 04 14:58:24 UTC 2020 /home/travis/build/icyphy/ptII/ptolemy/domains/de/test/auto/CancelFireAt.xml
----------------- Instantiating /home/travis/build/icyphy/ptII/ptolemy/domains/de/test/auto/CancelFireAt.xml
5 ms. Memory: 51200K Free: 35968K (70%)
----------------- Invoking toplevel() on ptolemy.moml.MoMLSimpleApplication@72cbebe3
----------------- Done invoking toplevel() on ptolemy.moml.MoMLSimpleApplication@72cbebe3
reloadAllAccessors: .CancelFireAt

===========================================================================================
----------------- testing Sat Jul 04 14:58:24 UTC 2020 /home/travis/build/icyphy/ptII/ptolemy/domains/de/test/auto/CausalityAndComposabilityAnalysis.xml
----------------- Instantiating /home/travis/build/icyphy/ptII/ptolemy/domains/de/test/auto/CausalityAndComposabilityAnalysis.xml
2 ms. Memory: 51200K Free: 31577K (62%)
----------------- Invoking toplevel() on ptolemy.moml.MoMLSimpleApplication@708bba29
----------------- Done invoking toplevel() on ptolemy.moml.MoMLSimpleApplication@708bba29
reloadAllAccessors: .CausalityAndComposabilityAnalysis

===========================================================================================
----------------- testing Sat Jul 04 14:58:24 UTC 2020 /home/travis/build/icyphy/ptII/ptolemy/domains/de/test/auto/CausalityInterface1.xml
----------------- Instantiating /home/travis/build/icyphy/ptII/ptolemy/domains/de/test/auto/CausalityInterface1.xml
5 ms. Memory: 51200K Free: 26670K (52%)
----------------- Invoking toplevel() on ptolemy.moml.MoMLSimpleApplication@4518494
----------------- Done invoking toplevel() on ptolemy.moml.MoMLSimpleApplication@4518494
reloadAllAccessors: .CausalityInterface1

===========================================================================================
----------------- testing Sat Jul 04 14:58:24 UTC 2020 /home/travis/build/icyphy/ptII/ptolemy/domains/de/test/auto/CausalityInterface15.xml
----------------- Instantiating /home/travis/build/icyphy/ptII/ptolemy/domains/de/test/auto/CausalityInterface15.xml
2 ms. Memory: 51200K Free: 21097K (41%)
----------------- Invoking toplevel() on ptolemy.moml.MoMLSimpleApplication@4f50ed34
----------------- Done invoking toplevel() on ptolemy.moml.MoMLSimpleApplication@4f50ed34
reloadAllAccessors: .CausalityInterface15

===========================================================================================
----------------- testing Sat Jul 04 14:58:24 UTC 2020 /home/travis/build/icyphy/ptII/ptolemy/domains/de/test/auto/CausalityInterface2.xml
----------------- Instantiating /home/travis/build/icyphy/ptII/ptolemy/domains/de/test/auto/CausalityInterface2.xml
1 ms. Memory: 51200K Free: 16621K (32%)
----------------- Invoking toplevel() on ptolemy.moml.MoMLSimpleApplication@419f3dd1
----------------- Done invoking toplevel() on ptolemy.moml.MoMLSimpleApplication@419f3dd1
reloadAllAccessors: .CausalityInterface2

===========================================================================================
----------------- testing Sat Jul 04 14:58:24 UTC 2020 /home/travis/build/icyphy/ptII/ptolemy/domains/de/test/auto/CausalityInterface3.xml
----------------- Instantiating /home/travis/build/icyphy/ptII/ptolemy/domains/de/test/auto/CausalityInterface3.xml
2 ms. Memory: 51200K Free: 11730K (23%)
----------------- Invoking toplevel() on ptolemy.moml.MoMLSimpleApplication@4758677a
----------------- Done invoking toplevel() on ptolemy.moml.MoMLSimpleApplication@4758677a
reloadAllAccessors: .CausalityInterface3

===========================================================================================
----------------- testing Sat Jul 04 14:58:24 UTC 2020 /home/travis/build/icyphy/ptII/ptolemy/domains/de/test/auto/ClockDrift.xml
----------------- Instantiating /home/travis/build/icyphy/ptII/ptolemy/domains/de/test/auto/ClockDrift.xml
12 ms. Memory: 51200K Free: 28120K (55%)
----------------- Invoking toplevel() on ptolemy.moml.MoMLSimpleApplication@6b4f2278
----------------- Done invoking toplevel() on ptolemy.moml.MoMLSimpleApplication@6b4f2278
reloadAllAccessors: .ClockDrift

===========================================================================================
----------------- testing Sat Jul 04 14:58:24 UTC 2020 /home/travis/build/icyphy/ptII/ptolemy/domains/de/test/auto/ClockDriftAndValueChange.xml
----------------- Instantiating /home/travis/build/icyphy/ptII/ptolemy/domains/de/test/auto/ClockDriftAndValueChange.xml
10 ms. Memory: 51200K Free: 16385K (32%)
----------------- Invoking toplevel() on ptolemy.moml.MoMLSimpleApplication@102567c
----------------- Done invoking toplevel() on ptolemy.moml.MoMLSimpleApplication@102567c
reloadAllAccessors: .ClockDriftAndValueChange

===========================================================================================
----------------- testing Sat Jul 04 14:58:24 UTC 2020 /home/travis/build/icyphy/ptII/ptolemy/domains/de/test/auto/ClockDriftChange.xml
----------------- Instantiating /home/travis/build/icyphy/ptII/ptolemy/domains/de/test/auto/ClockDriftChange.xml
13 ms. Memory: 51200K Free: 34313K (67%)
----------------- Invoking toplevel() on ptolemy.moml.MoMLSimpleApplication@1284a90e
----------------- Done invoking toplevel() on ptolemy.moml.MoMLSimpleApplication@1284a90e
reloadAllAccessors: .ClockDriftChange

===========================================================================================
----------------- testing Sat Jul 04 14:58:25 UTC 2020 /home/travis/build/icyphy/ptII/ptolemy/domains/de/test/auto/ComposableCausalityAnalysis.xml
----------------- Instantiating /home/travis/build/icyphy/ptII/ptolemy/domains/de/test/auto/ComposableCausalityAnalysis.xml
1 ms. Memory: 51200K Free: 28387K (55%)
----------------- Invoking toplevel() on ptolemy.moml.MoMLSimpleApplication@33128e88
----------------- Done invoking toplevel() on ptolemy.moml.MoMLSimpleApplication@33128e88
reloadAllAccessors: .ComposableCausalityAnalysis

===========================================================================================
----------------- testing Sat Jul 04 14:58:25 UTC 2020 /home/travis/build/icyphy/ptII/ptolemy/domains/de/test/auto/DEFixedPointLimitation.xml
----------------- Instantiating /home/travis/build/icyphy/ptII/ptolemy/domains/de/test/auto/DEFixedPointLimitation.xml
1 ms. Memory: 51200K Free: 23838K (47%)
----------------- Invoking toplevel() on ptolemy.moml.MoMLSimpleApplication@2e2fb4f0
----------------- Done invoking toplevel() on ptolemy.moml.MoMLSimpleApplication@2e2fb4f0
reloadAllAccessors: .DEFixedPointLimitation

===========================================================================================
----------------- testing Sat Jul 04 14:58:25 UTC 2020 /home/travis/build/icyphy/ptII/ptolemy/domains/de/test/auto/DEScheduleTest.xml
----------------- Instantiating /home/travis/build/icyphy/ptII/ptolemy/domains/de/test/auto/DEScheduleTest.xml
2 ms. Memory: 51200K Free: 19742K (39%)
----------------- Invoking toplevel() on ptolemy.moml.MoMLSimpleApplication@1e5e1a05
----------------- Done invoking toplevel() on ptolemy.moml.MoMLSimpleApplication@1e5e1a05
reloadAllAccessors: .DEScheduleTest

===========================================================================================
----------------- testing Sat Jul 04 14:58:25 UTC 2020 /home/travis/build/icyphy/ptII/ptolemy/domains/de/test/auto/DEinDEwithStartTimes.xml
----------------- Instantiating /home/travis/build/icyphy/ptII/ptolemy/domains/de/test/auto/DEinDEwithStartTimes.xml
1 ms. Memory: 51200K Free: 14012K (27%)
----------------- Invoking toplevel() on ptolemy.moml.MoMLSimpleApplication@14c68af
----------------- Done invoking toplevel() on ptolemy.moml.MoMLSimpleApplication@14c68af
reloadAllAccessors: .DEinDEwithStartTimes

===========================================================================================
----------------- testing Sat Jul 04 14:58:25 UTC 2020 /home/travis/build/icyphy/ptII/ptolemy/domains/de/test/auto/DEinDEwithStartTimes2.xml
----------------- Instantiating /home/travis/build/icyphy/ptII/ptolemy/domains/de/test/auto/DEinDEwithStartTimes2.xml
7 ms. Memory: 51200K Free: 35172K (69%)
----------------- Invoking toplevel() on ptolemy.moml.MoMLSimpleApplication@3aab2aa1
----------------- Done invoking toplevel() on ptolemy.moml.MoMLSimpleApplication@3aab2aa1
reloadAllAccessors: .DEinDEwithStartTimes2

===========================================================================================
----------------- testing Sat Jul 04 14:58:25 UTC 2020 /home/travis/build/icyphy/ptII/ptolemy/domains/de/test/auto/DateDemo.xml
----------------- Instantiating /home/travis/build/icyphy/ptII/ptolemy/domains/de/test/auto/DateDemo.xml
7 ms. Memory: 51200K Free: 23808K (47%)
----------------- Invoking toplevel() on ptolemy.moml.MoMLSimpleApplication@4eb2ab9
----------------- Done invoking toplevel() on ptolemy.moml.MoMLSimpleApplication@4eb2ab9
reloadAllAccessors: .DateDemo

===========================================================================================
----------------- testing Sat Jul 04 14:58:25 UTC 2020 /home/travis/build/icyphy/ptII/ptolemy/domains/de/test/auto/DateToEvent.xml
----------------- Instantiating /home/travis/build/icyphy/ptII/ptolemy/domains/de/test/auto/DateToEvent.xml
2004 ms. Memory: 51200K Free: 35616K (70%)
----------------- Invoking toplevel() on ptolemy.moml.MoMLSimpleApplication@18843013
----------------- Done invoking toplevel() on ptolemy.moml.MoMLSimpleApplication@18843013
reloadAllAccessors: .DateToEvent

===========================================================================================
----------------- testing Sat Jul 04 14:58:27 UTC 2020 /home/travis/build/icyphy/ptII/ptolemy/domains/de/test/auto/DepthTest1.xml
----------------- Instantiating /home/travis/build/icyphy/ptII/ptolemy/domains/de/test/auto/DepthTest1.xml
2 ms. Memory: 51200K Free: 32506K (63%)
----------------- Invoking toplevel() on ptolemy.moml.MoMLSimpleApplication@1fcee527
----------------- Done invoking toplevel() on ptolemy.moml.MoMLSimpleApplication@1fcee527
reloadAllAccessors: .DepthTest1

===========================================================================================
----------------- testing Sat Jul 04 14:58:27 UTC 2020 /home/travis/build/icyphy/ptII/ptolemy/domains/de/test/auto/DepthTest2.xml
----------------- Instantiating /home/travis/build/icyphy/ptII/ptolemy/domains/de/test/auto/DepthTest2.xml
2 ms. Memory: 51200K Free: 26016K (51%)
----------------- Invoking toplevel() on ptolemy.moml.MoMLSimpleApplication@434ee6d3
----------------- Done invoking toplevel() on ptolemy.moml.MoMLSimpleApplication@434ee6d3
reloadAllAccessors: .DepthTest2

===========================================================================================
----------------- testing Sat Jul 04 14:58:27 UTC 2020 /home/travis/build/icyphy/ptII/ptolemy/domains/de/test/auto/DepthTest3.xml
----------------- Instantiating /home/travis/build/icyphy/ptII/ptolemy/domains/de/test/auto/DepthTest3.xml
1 ms. Memory: 51200K Free: 23152K (45%)
----------------- Invoking toplevel() on ptolemy.moml.MoMLSimpleApplication@6fa6b0b
----------------- Done invoking toplevel() on ptolemy.moml.MoMLSimpleApplication@6fa6b0b
reloadAllAccessors: .DepthTest3

===========================================================================================
----------------- testing Sat Jul 04 14:58:27 UTC 2020 /home/travis/build/icyphy/ptII/ptolemy/domains/de/test/auto/DepthTest4.xml
----------------- Instantiating /home/travis/build/icyphy/ptII/ptolemy/domains/de/test/auto/DepthTest4.xml
1 ms. Memory: 51200K Free: 18375K (36%)
----------------- Invoking toplevel() on ptolemy.moml.MoMLSimpleApplication@3b77ef7a
----------------- Done invoking toplevel() on ptolemy.moml.MoMLSimpleApplication@3b77ef7a
reloadAllAccessors: .DepthTest4

===========================================================================================
----------------- testing Sat Jul 04 14:58:27 UTC 2020 /home/travis/build/icyphy/ptII/ptolemy/domains/de/test/auto/DepthTest5.xml
----------------- Instantiating /home/travis/build/icyphy/ptII/ptolemy/domains/de/test/auto/DepthTest5.xml
2 ms. Memory: 51200K Free: 13209K (26%)
----------------- Invoking toplevel() on ptolemy.moml.MoMLSimpleApplication@e0ca20e
----------------- Done invoking toplevel() on ptolemy.moml.MoMLSimpleApplication@e0ca20e
reloadAllAccessors: .DepthTest5

===========================================================================================
----------------- testing Sat Jul 04 14:58:27 UTC 2020 /home/travis/build/icyphy/ptII/ptolemy/domains/de/test/auto/DepthTest6.xml
----------------- Instantiating /home/travis/build/icyphy/ptII/ptolemy/domains/de/test/auto/DepthTest6.xml
5 ms. Memory: 51200K Free: 35854K (70%)
----------------- Invoking toplevel() on ptolemy.moml.MoMLSimpleApplication@76b314f5
----------------- Done invoking toplevel() on ptolemy.moml.MoMLSimpleApplication@76b314f5
reloadAllAccessors: .DepthTest6

===========================================================================================
----------------- testing Sat Jul 04 14:58:27 UTC 2020 /home/travis/build/icyphy/ptII/ptolemy/domains/de/test/auto/DepthTest7.xml
----------------- Instantiating /home/travis/build/icyphy/ptII/ptolemy/domains/de/test/auto/DepthTest7.xml
2 ms. Memory: 51200K Free: 30825K (60%)
----------------- Invoking toplevel() on ptolemy.moml.MoMLSimpleApplication@304c7566
----------------- Done invoking toplevel() on ptolemy.moml.MoMLSimpleApplication@304c7566
reloadAllAccessors: .DepthTest7

===========================================================================================
----------------- testing Sat Jul 04 14:58:27 UTC 2020 /home/travis/build/icyphy/ptII/ptolemy/domains/de/test/auto/EventToDate.xml
----------------- Instantiating /home/travis/build/icyphy/ptII/ptolemy/domains/de/test/auto/EventToDate.xml
3012 ms. Memory: 51200K Free: 17372K (34%)
----------------- Invoking toplevel() on ptolemy.moml.MoMLSimpleApplication@568831f2
----------------- Done invoking toplevel() on ptolemy.moml.MoMLSimpleApplication@568831f2
reloadAllAccessors: .EventToDate

===========================================================================================
----------------- testing Sat Jul 04 14:58:30 UTC 2020 /home/travis/build/icyphy/ptII/ptolemy/domains/de/test/auto/FSM1.xml
----------------- Instantiating /home/travis/build/icyphy/ptII/ptolemy/domains/de/test/auto/FSM1.xml
14 ms. Memory: 51200K Free: 33135K (65%)
----------------- Invoking toplevel() on ptolemy.moml.MoMLSimpleApplication@631bfe71
----------------- Done invoking toplevel() on ptolemy.moml.MoMLSimpleApplication@631bfe71
reloadAllAccessors: .FSM1

===========================================================================================
----------------- testing Sat Jul 04 14:58:30 UTC 2020 /home/travis/build/icyphy/ptII/ptolemy/domains/de/test/auto/FSM7.xml
----------------- Instantiating /home/travis/build/icyphy/ptII/ptolemy/domains/de/test/auto/FSM7.xml
11 ms. Memory: 51200K Free: 20664K (40%)
----------------- Invoking toplevel() on ptolemy.moml.MoMLSimpleApplication@36c9a677
----------------- Done invoking toplevel() on ptolemy.moml.MoMLSimpleApplication@36c9a677
reloadAllAccessors: .FSM7

===========================================================================================
----------------- testing Sat Jul 04 14:58:30 UTC 2020 /home/travis/build/icyphy/ptII/ptolemy/domains/de/test/auto/Inspection.xml
----------------- Instantiating /home/travis/build/icyphy/ptII/ptolemy/domains/de/test/auto/Inspection.xml
11 ms. Memory: 51200K Free: 8372K (16%)
----------------- Invoking toplevel() on ptolemy.moml.MoMLSimpleApplication@3fde3231
----------------- Done invoking toplevel() on ptolemy.moml.MoMLSimpleApplication@3fde3231
reloadAllAccessors: .Inspection

===========================================================================================
----------------- testing Sat Jul 04 14:58:30 UTC 2020 /home/travis/build/icyphy/ptII/ptolemy/domains/de/test/auto/Iteration.xml
----------------- Instantiating /home/travis/build/icyphy/ptII/ptolemy/domains/de/test/auto/Iteration.xml
10 ms. Memory: 51200K Free: 28510K (56%)
----------------- Invoking toplevel() on ptolemy.moml.MoMLSimpleApplication@174a0f4b
----------------- Done invoking toplevel() on ptolemy.moml.MoMLSimpleApplication@174a0f4b
reloadAllAccessors: .Iteration

===========================================================================================
----------------- testing Sat Jul 04 14:58:30 UTC 2020 /home/travis/build/icyphy/ptII/ptolemy/domains/de/test/auto/LineFault.xml
----------------- Instantiating /home/travis/build/icyphy/ptII/ptolemy/domains/de/test/auto/LineFault.xml
413 ms. Memory: 51200K Free: 22394K (44%)
----------------- Invoking toplevel() on ptolemy.moml.MoMLSimpleApplication@feff404
----------------- Done invoking toplevel() on ptolemy.moml.MoMLSimpleApplication@feff404
reloadAllAccessors: .LineFault

===========================================================================================
----------------- testing Sat Jul 04 14:58:30 UTC 2020 /home/travis/build/icyphy/ptII/ptolemy/domains/de/test/auto/MergeModel1Add.xml
----------------- Instantiating /home/travis/build/icyphy/ptII/ptolemy/domains/de/test/auto/MergeModel1Add.xml
10 ms. Memory: 61440K Free: 39526K (64%)
----------------- Invoking toplevel() on ptolemy.moml.MoMLSimpleApplication@2dc6dd2f
----------------- Done invoking toplevel() on ptolemy.moml.MoMLSimpleApplication@2dc6dd2f
reloadAllAccessors: .MergeModel1Add

===========================================================================================
----------------- testing Sat Jul 04 14:58:31 UTC 2020 /home/travis/build/icyphy/ptII/ptolemy/domains/de/test/auto/MergeModel2Add.xml
----------------- Instantiating /home/travis/build/icyphy/ptII/ptolemy/domains/de/test/auto/MergeModel2Add.xml
6 ms. Memory: 61440K Free: 21709K (35%)
----------------- Invoking toplevel() on ptolemy.moml.MoMLSimpleApplication@2427fae8
----------------- Done invoking toplevel() on ptolemy.moml.MoMLSimpleApplication@2427fae8
reloadAllAccessors: .MergeModel2Add

===========================================================================================
----------------- testing Sat Jul 04 14:58:31 UTC 2020 /home/travis/build/icyphy/ptII/ptolemy/domains/de/test/auto/MergeModel3Add.xml
----------------- Instantiating /home/travis/build/icyphy/ptII/ptolemy/domains/de/test/auto/MergeModel3Add.xml
5 ms. Memory: 61440K Free: 34673K (56%)
----------------- Invoking toplevel() on ptolemy.moml.MoMLSimpleApplication@95df05a
----------------- Done invoking toplevel() on ptolemy.moml.MoMLSimpleApplication@95df05a
reloadAllAccessors: .MergeModel3Add

===========================================================================================
----------------- testing Sat Jul 04 14:58:31 UTC 2020 /home/travis/build/icyphy/ptII/ptolemy/domains/de/test/auto/MergeWithoutDiscard.xml
----------------- Instantiating /home/travis/build/icyphy/ptII/ptolemy/domains/de/test/auto/MergeWithoutDiscard.xml
1 ms. Memory: 61440K Free: 30490K (50%)
----------------- Invoking toplevel() on ptolemy.moml.MoMLSimpleApplication@6292a8dd
----------------- Done invoking toplevel() on ptolemy.moml.MoMLSimpleApplication@6292a8dd
reloadAllAccessors: .MergeWithoutDiscard

===========================================================================================
----------------- testing Sat Jul 04 14:58:31 UTC 2020 /home/travis/build/icyphy/ptII/ptolemy/domains/de/test/auto/Modal1.xml
----------------- Instantiating /home/travis/build/icyphy/ptII/ptolemy/domains/de/test/auto/Modal1.xml
7 ms. Memory: 61440K Free: 18216K (30%)
----------------- Invoking toplevel() on ptolemy.moml.MoMLSimpleApplication@3899eb21
----------------- Done invoking toplevel() on ptolemy.moml.MoMLSimpleApplication@3899eb21
reloadAllAccessors: .Modal1

===========================================================================================
----------------- testing Sat Jul 04 14:58:31 UTC 2020 /home/travis/build/icyphy/ptII/ptolemy/domains/de/test/auto/Modal2.xml
----------------- Instantiating /home/travis/build/icyphy/ptII/ptolemy/domains/de/test/auto/Modal2.xml
9 ms. Memory: 61440K Free: 37061K (60%)
----------------- Invoking toplevel() on ptolemy.moml.MoMLSimpleApplication@173ac1cf
----------------- Done invoking toplevel() on ptolemy.moml.MoMLSimpleApplication@173ac1cf
reloadAllAccessors: .Modal2

===========================================================================================
----------------- testing Sat Jul 04 14:58:31 UTC 2020 /home/travis/build/icyphy/ptII/ptolemy/domains/de/test/auto/Modal3.xml
----------------- Instantiating /home/travis/build/icyphy/ptII/ptolemy/domains/de/test/auto/Modal3.xml
7 ms. Memory: 61440K Free: 24741K (40%)
----------------- Invoking toplevel() on ptolemy.moml.MoMLSimpleApplication@3661963a
----------------- Done invoking toplevel() on ptolemy.moml.MoMLSimpleApplication@3661963a
reloadAllAccessors: .Modal3

===========================================================================================
----------------- testing Sat Jul 04 14:58:31 UTC 2020 /home/travis/build/icyphy/ptII/ptolemy/domains/de/test/auto/Modal4.xml
----------------- Instantiating /home/travis/build/icyphy/ptII/ptolemy/domains/de/test/auto/Modal4.xml
15 ms. Memory: 61440K Free: 43604K (71%)
----------------- Invoking toplevel() on ptolemy.moml.MoMLSimpleApplication@21b25d1b
----------------- Done invoking toplevel() on ptolemy.moml.MoMLSimpleApplication@21b25d1b
reloadAllAccessors: .Modal4

===========================================================================================
----------------- testing Sat Jul 04 14:58:31 UTC 2020 /home/travis/build/icyphy/ptII/ptolemy/domains/de/test/auto/Modal5.xml
----------------- Instantiating /home/travis/build/icyphy/ptII/ptolemy/domains/de/test/auto/Modal5.xml
9 ms. Memory: 61440K Free: 30448K (50%)
----------------- Invoking toplevel() on ptolemy.moml.MoMLSimpleApplication@37254e0
----------------- Done invoking toplevel() on ptolemy.moml.MoMLSimpleApplication@37254e0
reloadAllAccessors: .Modal5

===========================================================================================
----------------- testing Sat Jul 04 14:58:31 UTC 2020 /home/travis/build/icyphy/ptII/ptolemy/domains/de/test/auto/Modal6.xml
----------------- Instantiating /home/travis/build/icyphy/ptII/ptolemy/domains/de/test/auto/Modal6.xml
10 ms. Memory: 61440K Free: 18145K (30%)
----------------- Invoking toplevel() on ptolemy.moml.MoMLSimpleApplication@5a97cf7e
----------------- Done invoking toplevel() on ptolemy.moml.MoMLSimpleApplication@5a97cf7e
reloadAllAccessors: .Modal6

===========================================================================================
----------------- testing Sat Jul 04 14:58:31 UTC 2020 /home/travis/build/icyphy/ptII/ptolemy/domains/de/test/auto/Modal7.xml
----------------- Instantiating /home/travis/build/icyphy/ptII/ptolemy/domains/de/test/auto/Modal7.xml
8 ms. Memory: 61440K Free: 36749K (60%)
----------------- Invoking toplevel() on ptolemy.moml.MoMLSimpleApplication@768f8e4e
----------------- Done invoking toplevel() on ptolemy.moml.MoMLSimpleApplication@768f8e4e
reloadAllAccessors: .Modal7

===========================================================================================
----------------- testing Sat Jul 04 14:58:31 UTC 2020 /home/travis/build/icyphy/ptII/ptolemy/domains/de/test/auto/ModalModel.xml
----------------- Instantiating /home/travis/build/icyphy/ptII/ptolemy/domains/de/test/auto/ModalModel.xml
118 ms. Memory: 61440K Free: 34497K (56%)
----------------- Invoking toplevel() on ptolemy.moml.MoMLSimpleApplication@11d448c3
----------------- Done invoking toplevel() on ptolemy.moml.MoMLSimpleApplication@11d448c3
reloadAllAccessors: .ModalModel

===========================================================================================
----------------- testing Sat Jul 04 14:58:31 UTC 2020 /home/travis/build/icyphy/ptII/ptolemy/domains/de/test/auto/ModalSource.xml
----------------- Instantiating /home/travis/build/icyphy/ptII/ptolemy/domains/de/test/auto/ModalSource.xml
4 ms. Memory: 61440K Free: 25997K (42%)
----------------- Invoking toplevel() on ptolemy.moml.MoMLSimpleApplication@51b6cb87
----------------- Done invoking toplevel() on ptolemy.moml.MoMLSimpleApplication@51b6cb87
reloadAllAccessors: .ModalSource

===========================================================================================
----------------- testing Sat Jul 04 14:58:31 UTC 2020 /home/travis/build/icyphy/ptII/ptolemy/domains/de/test/auto/NonInterruptibleTimerZeroDelay.xml
----------------- Instantiating /home/travis/build/icyphy/ptII/ptolemy/domains/de/test/auto/NonInterruptibleTimerZeroDelay.xml
2 ms. Memory: 61440K Free: 22173K (36%)
----------------- Invoking toplevel() on ptolemy.moml.MoMLSimpleApplication@79795c13
----------------- Done invoking toplevel() on ptolemy.moml.MoMLSimpleApplication@79795c13
reloadAllAccessors: .NonInterruptibleTimerZeroDelay

===========================================================================================
----------------- testing Sat Jul 04 14:58:31 UTC 2020 /home/travis/build/icyphy/ptII/ptolemy/domains/de/test/auto/OpenQueueingNetwork.xml
----------------- Instantiating /home/travis/build/icyphy/ptII/ptolemy/domains/de/test/auto/OpenQueueingNetwork.xml
2239 ms. Memory: 140288K Free: 61552K (44%)
----------------- Invoking toplevel() on ptolemy.moml.MoMLSimpleApplication@5da1c46
----------------- Done invoking toplevel() on ptolemy.moml.MoMLSimpleApplication@5da1c46
reloadAllAccessors: .OpenQueueingNetwork

===========================================================================================
----------------- testing Sat Jul 04 14:58:33 UTC 2020 /home/travis/build/icyphy/ptII/ptolemy/domains/de/test/auto/OpenQueuingNetwork.xml
----------------- Instantiating /home/travis/build/icyphy/ptII/ptolemy/domains/de/test/auto/OpenQueuingNetwork.xml
210 ms. Memory: 140288K Free: 58803K (42%)
----------------- Invoking toplevel() on ptolemy.moml.MoMLSimpleApplication@33191a7a
----------------- Done invoking toplevel() on ptolemy.moml.MoMLSimpleApplication@33191a7a
reloadAllAccessors: .OpenQueuingNetwork

===========================================================================================
----------------- testing Sat Jul 04 14:58:34 UTC 2020 /home/travis/build/icyphy/ptII/ptolemy/domains/de/test/auto/PeriodicSampler.xml
----------------- Instantiating /home/travis/build/icyphy/ptII/ptolemy/domains/de/test/auto/PeriodicSampler.xml
1 ms. Memory: 140288K Free: 54707K (39%)
----------------- Invoking toplevel() on ptolemy.moml.MoMLSimpleApplication@40aade4
----------------- Done invoking toplevel() on ptolemy.moml.MoMLSimpleApplication@40aade4
reloadAllAccessors: .PeriodicSampler

===========================================================================================
----------------- testing Sat Jul 04 14:58:34 UTC 2020 /home/travis/build/icyphy/ptII/ptolemy/domains/de/test/auto/PersistentIO.xml
----------------- Instantiating /home/travis/build/icyphy/ptII/ptolemy/domains/de/test/auto/PersistentIO.xml
3 ms. Memory: 140288K Free: 122606K (87%)
----------------- Invoking toplevel() on ptolemy.moml.MoMLSimpleApplication@4e05ec9f
----------------- Done invoking toplevel() on ptolemy.moml.MoMLSimpleApplication@4e05ec9f
reloadAllAccessors: .PersistentIO

===========================================================================================
----------------- testing Sat Jul 04 14:58:34 UTC 2020 /home/travis/build/icyphy/ptII/ptolemy/domains/de/test/auto/PortParameterResetOnInitialize.xml
----------------- Instantiating /home/travis/build/icyphy/ptII/ptolemy/domains/de/test/auto/PortParameterResetOnInitialize.xml
2 ms. Memory: 140288K Free: 117990K (84%)
----------------- Invoking toplevel() on ptolemy.moml.MoMLSimpleApplication@7bd4da84
----------------- Done invoking toplevel() on ptolemy.moml.MoMLSimpleApplication@7bd4da84
reloadAllAccessors: .PortParameterResetOnInitialize

===========================================================================================
----------------- testing Sat Jul 04 14:58:34 UTC 2020 /home/travis/build/icyphy/ptII/ptolemy/domains/de/test/auto/PortParameterUpdates.xml
----------------- Instantiating /home/travis/build/icyphy/ptII/ptolemy/domains/de/test/auto/PortParameterUpdates.xml
3 ms. Memory: 140288K Free: 111342K (79%)
----------------- Invoking toplevel() on ptolemy.moml.MoMLSimpleApplication@3ab3b9a5
----------------- Done invoking toplevel() on ptolemy.moml.MoMLSimpleApplication@3ab3b9a5
reloadAllAccessors: .PortParameterUpdates

===========================================================================================
----------------- testing Sat Jul 04 14:58:34 UTC 2020 /home/travis/build/icyphy/ptII/ptolemy/domains/de/test/auto/QueueAndServer.xml
----------------- Instantiating /home/travis/build/icyphy/ptII/ptolemy/domains/de/test/auto/QueueAndServer.xml
4 ms. Memory: 140288K Free: 103660K (74%)
----------------- Invoking toplevel() on ptolemy.moml.MoMLSimpleApplication@6c9e7fcd
----------------- Done invoking toplevel() on ptolemy.moml.MoMLSimpleApplication@6c9e7fcd
reloadAllAccessors: .QueueAndServer

===========================================================================================
----------------- testing Sat Jul 04 14:58:34 UTC 2020 /home/travis/build/icyphy/ptII/ptolemy/domains/de/test/auto/Records.xml
----------------- Instantiating /home/travis/build/icyphy/ptII/ptolemy/domains/de/test/auto/Records.xml
3 ms. Memory: 140288K Free: 98030K (70%)
----------------- Invoking toplevel() on ptolemy.moml.MoMLSimpleApplication@beac078
----------------- Done invoking toplevel() on ptolemy.moml.MoMLSimpleApplication@beac078
reloadAllAccessors: .Records

===========================================================================================
----------------- testing Sat Jul 04 14:58:34 UTC 2020 /home/travis/build/icyphy/ptII/ptolemy/domains/de/test/auto/ResetTransitionWithStartTime1.xml
----------------- Instantiating /home/travis/build/icyphy/ptII/ptolemy/domains/de/test/auto/ResetTransitionWithStartTime1.xml
9 ms. Memory: 140288K Free: 89838K (64%)
----------------- Invoking toplevel() on ptolemy.moml.MoMLSimpleApplication@152dc6b5
----------------- Done invoking toplevel() on ptolemy.moml.MoMLSimpleApplication@152dc6b5
reloadAllAccessors: .ResetTransitionWithStartTime1

===========================================================================================
----------------- testing Sat Jul 04 14:58:34 UTC 2020 /home/travis/build/icyphy/ptII/ptolemy/domains/de/test/auto/ResetTransitionWithStartTime2.xml
----------------- Instantiating /home/travis/build/icyphy/ptII/ptolemy/domains/de/test/auto/ResetTransitionWithStartTime2.xml
4 ms. Memory: 140288K Free: 81646K (58%)
----------------- Invoking toplevel() on ptolemy.moml.MoMLSimpleApplication@b2a293d
----------------- Done invoking toplevel() on ptolemy.moml.MoMLSimpleApplication@b2a293d
reloadAllAccessors: .ResetTransitionWithStartTime2

===========================================================================================
----------------- testing Sat Jul 04 14:58:34 UTC 2020 /home/travis/build/icyphy/ptII/ptolemy/domains/de/test/auto/ResetTransitionWithStartTime3.xml
----------------- Instantiating /home/travis/build/icyphy/ptII/ptolemy/domains/de/test/auto/ResetTransitionWithStartTime3.xml
4 ms. Memory: 140288K Free: 73454K (52%)
----------------- Invoking toplevel() on ptolemy.moml.MoMLSimpleApplication@1aa0dbb1
----------------- Done invoking toplevel() on ptolemy.moml.MoMLSimpleApplication@1aa0dbb1
reloadAllAccessors: .ResetTransitionWithStartTime3

===========================================================================================
----------------- testing Sat Jul 04 14:58:34 UTC 2020 /home/travis/build/icyphy/ptII/ptolemy/domains/de/test/auto/ResetTransitionWithStartTime4.xml
----------------- Instantiating /home/travis/build/icyphy/ptII/ptolemy/domains/de/test/auto/ResetTransitionWithStartTime4.xml
3 ms. Memory: 140288K Free: 65766K (47%)
----------------- Invoking toplevel() on ptolemy.moml.MoMLSimpleApplication@57ade902
----------------- Done invoking toplevel() on ptolemy.moml.MoMLSimpleApplication@57ade902
reloadAllAccessors: .ResetTransitionWithStartTime4

===========================================================================================
----------------- testing Sat Jul 04 14:58:34 UTC 2020 /home/travis/build/icyphy/ptII/ptolemy/domains/de/test/auto/ResettableTimer1.xml
----------------- Instantiating /home/travis/build/icyphy/ptII/ptolemy/domains/de/test/auto/ResettableTimer1.xml
3 ms. Memory: 140288K Free: 61662K (44%)
----------------- Invoking toplevel() on ptolemy.moml.MoMLSimpleApplication@54ed7b4e
----------------- Done invoking toplevel() on ptolemy.moml.MoMLSimpleApplication@54ed7b4e
reloadAllAccessors: .ResettableTimer1

===========================================================================================
----------------- testing Sat Jul 04 14:58:34 UTC 2020 /home/travis/build/icyphy/ptII/ptolemy/domains/de/test/auto/ResettableTimer2.xml
----------------- Instantiating /home/travis/build/icyphy/ptII/ptolemy/domains/de/test/auto/ResettableTimer2.xml
2 ms. Memory: 140288K Free: 57550K (41%)
----------------- Invoking toplevel() on ptolemy.moml.MoMLSimpleApplication@39370b43
----------------- Done invoking toplevel() on ptolemy.moml.MoMLSimpleApplication@39370b43
reloadAllAccessors: .ResettableTimer2

===========================================================================================
----------------- testing Sat Jul 04 14:58:34 UTC 2020 /home/travis/build/icyphy/ptII/ptolemy/domains/de/test/auto/ResettableTimer3.xml
----------------- Instantiating /home/travis/build/icyphy/ptII/ptolemy/domains/de/test/auto/ResettableTimer3.xml
1 ms. Memory: 140288K Free: 53484K (38%)
----------------- Invoking toplevel() on ptolemy.moml.MoMLSimpleApplication@7556aa24
----------------- Done invoking toplevel() on ptolemy.moml.MoMLSimpleApplication@7556aa24
reloadAllAccessors: .ResettableTimer3

===========================================================================================
----------------- testing Sat Jul 04 14:58:34 UTC 2020 /home/travis/build/icyphy/ptII/ptolemy/domains/de/test/auto/ResettableTimer4.xml
----------------- Instantiating /home/travis/build/icyphy/ptII/ptolemy/domains/de/test/auto/ResettableTimer4.xml
1 ms. Memory: 140288K Free: 49388K (35%)
----------------- Invoking toplevel() on ptolemy.moml.MoMLSimpleApplication@680c9ca0
----------------- Done invoking toplevel() on ptolemy.moml.MoMLSimpleApplication@680c9ca0
reloadAllAccessors: .ResettableTimer4

===========================================================================================
----------------- testing Sat Jul 04 14:58:34 UTC 2020 /home/travis/build/icyphy/ptII/ptolemy/domains/de/test/auto/ResettableTimer5.xml
----------------- Instantiating /home/travis/build/icyphy/ptII/ptolemy/domains/de/test/auto/ResettableTimer5.xml
1 ms. Memory: 140288K Free: 45292K (32%)
----------------- Invoking toplevel() on ptolemy.moml.MoMLSimpleApplication@a568063
----------------- Done invoking toplevel() on ptolemy.moml.MoMLSimpleApplication@a568063
reloadAllAccessors: .ResettableTimer5

===========================================================================================
----------------- testing Sat Jul 04 14:58:34 UTC 2020 /home/travis/build/icyphy/ptII/ptolemy/domains/de/test/auto/ResettableTimer6.xml
----------------- Instantiating /home/travis/build/icyphy/ptII/ptolemy/domains/de/test/auto/ResettableTimer6.xml
6 ms. Memory: 140288K Free: 120759K (86%)
----------------- Invoking toplevel() on ptolemy.moml.MoMLSimpleApplication@410c224b
----------------- Done invoking toplevel() on ptolemy.moml.MoMLSimpleApplication@410c224b
reloadAllAccessors: .ResettableTimer6

===========================================================================================
----------------- testing Sat Jul 04 14:58:34 UTC 2020 /home/travis/build/icyphy/ptII/ptolemy/domains/de/test/auto/ServerZeroDelay.xml
----------------- Instantiating /home/travis/build/icyphy/ptII/ptolemy/domains/de/test/auto/ServerZeroDelay.xml
1 ms. Memory: 140288K Free: 116665K (83%)
----------------- Invoking toplevel() on ptolemy.moml.MoMLSimpleApplication@5d488dd2
----------------- Done invoking toplevel() on ptolemy.moml.MoMLSimpleApplication@5d488dd2
reloadAllAccessors: .ServerZeroDelay

===========================================================================================
----------------- testing Sat Jul 04 14:58:34 UTC 2020 /home/travis/build/icyphy/ptII/ptolemy/domains/de/test/auto/SmartSender.xml
----------------- Instantiating /home/travis/build/icyphy/ptII/ptolemy/domains/de/test/auto/SmartSender.xml
3000 ms. Memory: 140288K Free: 112055K (80%)
----------------- Invoking toplevel() on ptolemy.moml.MoMLSimpleApplication@1a6fb63c
----------------- Done invoking toplevel() on ptolemy.moml.MoMLSimpleApplication@1a6fb63c
reloadAllAccessors: .SmartSender

===========================================================================================
----------------- testing Sat Jul 04 14:58:37 UTC 2020 /home/travis/build/icyphy/ptII/ptolemy/domains/de/test/auto/ThreadedComposite.xml
----------------- Instantiating /home/travis/build/icyphy/ptII/ptolemy/domains/de/test/auto/ThreadedComposite.xml
86 ms. Memory: 140288K Free: 91575K (65%)
----------------- Invoking toplevel() on ptolemy.moml.MoMLSimpleApplication@65937bc0
----------------- Done invoking toplevel() on ptolemy.moml.MoMLSimpleApplication@65937bc0
reloadAllAccessors: .ThreadedComposite

===========================================================================================
----------------- testing Sat Jul 04 14:58:37 UTC 2020 /home/travis/build/icyphy/ptII/ptolemy/domains/de/test/auto/Time.xml
----------------- Instantiating /home/travis/build/icyphy/ptII/ptolemy/domains/de/test/auto/Time.xml
342 ms. Memory: 140288K Free: 121777K (87%)
----------------- Invoking toplevel() on ptolemy.moml.MoMLSimpleApplication@410b7700
----------------- Done invoking toplevel() on ptolemy.moml.MoMLSimpleApplication@410b7700
reloadAllAccessors: .Time

===========================================================================================
----------------- testing Sat Jul 04 14:58:37 UTC 2020 /home/travis/build/icyphy/ptII/ptolemy/domains/de/test/auto/TimeDelayZeroDelay.xml
----------------- Instantiating /home/travis/build/icyphy/ptII/ptolemy/domains/de/test/auto/TimeDelayZeroDelay.xml
2 ms. Memory: 140288K Free: 117167K (84%)
----------------- Invoking toplevel() on ptolemy.moml.MoMLSimpleApplication@4e6c97ea
----------------- Done invoking toplevel() on ptolemy.moml.MoMLSimpleApplication@4e6c97ea
reloadAllAccessors: .TimeDelayZeroDelay

===========================================================================================
----------------- testing Sat Jul 04 14:58:37 UTC 2020 /home/travis/build/icyphy/ptII/ptolemy/domains/de/test/auto/TimerZeroDelay.xml
----------------- Instantiating /home/travis/build/icyphy/ptII/ptolemy/domains/de/test/auto/TimerZeroDelay.xml
2 ms. Memory: 140288K Free: 113057K (81%)
----------------- Invoking toplevel() on ptolemy.moml.MoMLSimpleApplication@633b2bf6
----------------- Done invoking toplevel() on ptolemy.moml.MoMLSimpleApplication@633b2bf6
reloadAllAccessors: .TimerZeroDelay

===========================================================================================
----------------- testing Sat Jul 04 14:58:37 UTC 2020 /home/travis/build/icyphy/ptII/ptolemy/domains/de/test/auto/TimingParadox.xml
----------------- Instantiating /home/travis/build/icyphy/ptII/ptolemy/domains/de/test/auto/TimingParadox.xml
260 ms. Memory: 140288K Free: 44977K (32%)
----------------- Invoking toplevel() on ptolemy.moml.MoMLSimpleApplication@aee8cfb
----------------- Done invoking toplevel() on ptolemy.moml.MoMLSimpleApplication@aee8cfb
reloadAllAccessors: .TimingParadox

===========================================================================================
----------------- testing Sat Jul 04 14:58:38 UTC 2020 /home/travis/build/icyphy/ptII/ptolemy/domains/de/test/auto/TransferInputs.xml
----------------- Instantiating /home/travis/build/icyphy/ptII/ptolemy/domains/de/test/auto/TransferInputs.xml
2 ms. Memory: 140288K Free: 123245K (88%)
----------------- Invoking toplevel() on ptolemy.moml.MoMLSimpleApplication@6caf7f56
----------------- Done invoking toplevel() on ptolemy.moml.MoMLSimpleApplication@6caf7f56
reloadAllAccessors: .TransferInputs

===========================================================================================
----------------- testing Sat Jul 04 14:58:38 UTC 2020 /home/travis/build/icyphy/ptII/ptolemy/domains/de/test/auto/TransferOutputs2.xml
----------------- Instantiating /home/travis/build/icyphy/ptII/ptolemy/domains/de/test/auto/TransferOutputs2.xml
5 ms. Memory: 140288K Free: 115059K (82%)
----------------- Invoking toplevel() on ptolemy.moml.MoMLSimpleApplication@1073f0da
----------------- Done invoking toplevel() on ptolemy.moml.MoMLSimpleApplication@1073f0da
reloadAllAccessors: .TransferOutputs2

===========================================================================================
----------------- testing Sat Jul 04 14:58:38 UTC 2020 /home/travis/build/icyphy/ptII/ptolemy/domains/de/test/auto/Trilateration.xml
----------------- Instantiating /home/travis/build/icyphy/ptII/ptolemy/domains/de/test/auto/Trilateration.xml
9798 ms. Memory: 485376K Free: 331904K (68%)
----------------- Invoking toplevel() on ptolemy.moml.MoMLSimpleApplication@265c4d4f
----------------- Done invoking toplevel() on ptolemy.moml.MoMLSimpleApplication@265c4d4f
reloadAllAccessors: .Trilateration

===========================================================================================
----------------- testing Sat Jul 04 14:58:48 UTC 2020 /home/travis/build/icyphy/ptII/ptolemy/domains/de/test/auto/TwoSigmaDelta.xml
----------------- Instantiating /home/travis/build/icyphy/ptII/ptolemy/domains/de/test/auto/TwoSigmaDelta.xml
1751 ms. Memory: 485376K Free: 419556K (86%)
----------------- Invoking toplevel() on ptolemy.moml.MoMLSimpleApplication@2da387fd
----------------- Done invoking toplevel() on ptolemy.moml.MoMLSimpleApplication@2da387fd
reloadAllAccessors: .TwoSigmaDelta

===========================================================================================
----------------- testing Sat Jul 04 14:58:50 UTC 2020 /home/travis/build/icyphy/ptII/ptolemy/domains/de/test/auto/VariableDelay.xml
----------------- Instantiating /home/travis/build/icyphy/ptII/ptolemy/domains/de/test/auto/VariableDelay.xml
2 ms. Memory: 485376K Free: 414406K (85%)
----------------- Invoking toplevel() on ptolemy.moml.MoMLSimpleApplication@18d2de6f
----------------- Done invoking toplevel() on ptolemy.moml.MoMLSimpleApplication@18d2de6f
reloadAllAccessors: .VariableDelay

===========================================================================================
----------------- testing Sat Jul 04 14:58:50 UTC 2020 /home/travis/build/icyphy/ptII/ptolemy/domains/de/test/auto/VariableDelay2.xml
----------------- Instantiating /home/travis/build/icyphy/ptII/ptolemy/domains/de/test/auto/VariableDelay2.xml
2 ms. Memory: 485376K Free: 409830K (84%)
----------------- Invoking toplevel() on ptolemy.moml.MoMLSimpleApplication@b82c608
----------------- Done invoking toplevel() on ptolemy.moml.MoMLSimpleApplication@b82c608
reloadAllAccessors: .VariableDelay2

===========================================================================================
----------------- testing Sat Jul 04 14:58:50 UTC 2020 /home/travis/build/icyphy/ptII/ptolemy/domains/de/test/auto/VariableDelayZeroDelay.xml
----------------- Instantiating /home/travis/build/icyphy/ptII/ptolemy/domains/de/test/auto/VariableDelayZeroDelay.xml
4 ms. Memory: 485376K Free: 405734K (84%)
----------------- Invoking toplevel() on ptolemy.moml.MoMLSimpleApplication@527394c3
----------------- Done invoking toplevel() on ptolemy.moml.MoMLSimpleApplication@527394c3
reloadAllAccessors: .VariableDelayZeroDelay

===========================================================================================
----------------- testing Sat Jul 04 14:58:50 UTC 2020 /home/travis/build/icyphy/ptII/ptolemy/domains/de/test/auto/VariableDelayZeroDelay2.xml
----------------- Instantiating /home/travis/build/icyphy/ptII/ptolemy/domains/de/test/auto/VariableDelayZeroDelay2.xml
2 ms. Memory: 485376K Free: 401124K (83%)
----------------- Invoking toplevel() on ptolemy.moml.MoMLSimpleApplication@23b4452d
----------------- Done invoking toplevel() on ptolemy.moml.MoMLSimpleApplication@23b4452d
reloadAllAccessors: .VariableDelayZeroDelay2

===========================================================================================
----------------- testing Sat Jul 04 14:58:50 UTC 2020 /home/travis/build/icyphy/ptII/ptolemy/domains/de/test/auto/deInCt.xml
----------------- Instantiating /home/travis/build/icyphy/ptII/ptolemy/domains/de/test/auto/deInCt.xml
0
1
1
1
0
0
0
1
1
1
0
0
0
0
1
1
1
0
0
0
1
1
1
0
0
0
0
0
1
1
1
1
1
4 ms. Memory: 485376K Free: 396004K (82%)
----------------- Invoking toplevel() on ptolemy.moml.MoMLSimpleApplication@43c6daf6
----------------- Done invoking toplevel() on ptolemy.moml.MoMLSimpleApplication@43c6daf6
reloadAllAccessors: .deInCt

===========================================================================================
----------------- testing Sat Jul 04 14:58:50 UTC 2020 /home/travis/build/icyphy/ptII/ptolemy/domains/de/test/auto/deInCt2.xml
----------------- Instantiating /home/travis/build/icyphy/ptII/ptolemy/domains/de/test/auto/deInCt2.xml
0
1
1
1
0
0
1
1
1
0
0
1
1
1
0
0
1
1
1
0
0
1
1
1
0
0
1
1
1
0
0
1
1
1
0
0
1
1
1
0
0
0
6 ms. Memory: 485376K Free: 390878K (81%)
----------------- Invoking toplevel() on ptolemy.moml.MoMLSimpleApplication@74b7337c
----------------- Done invoking toplevel() on ptolemy.moml.MoMLSimpleApplication@74b7337c
reloadAllAccessors: .deInCt2

===========================================================================================
----------------- testing Sat Jul 04 14:58:50 UTC 2020 /home/travis/build/icyphy/ptII/ptolemy/domains/de/test/auto/dynamicCausalityInterface1.xml
----------------- Instantiating /home/travis/build/icyphy/ptII/ptolemy/domains/de/test/auto/dynamicCausalityInterface1.xml
0 ms. Memory: 485376K Free: 381668K (79%)
----------------- Invoking toplevel() on ptolemy.moml.MoMLSimpleApplication@22eead45
----------------- Done invoking toplevel() on ptolemy.moml.MoMLSimpleApplication@22eead45
reloadAllAccessors: .dynamicCausalityInterface1

===========================================================================================
----------------- testing Sat Jul 04 14:58:50 UTC 2020 /home/travis/build/icyphy/ptII/ptolemy/domains/de/test/auto/fsm_de_test.xml
----------------- Instantiating /home/travis/build/icyphy/ptII/ptolemy/domains/de/test/auto/fsm_de_test.xml
6 ms. Memory: 485376K Free: 372422K (77%)
----------------- Invoking toplevel() on ptolemy.moml.MoMLSimpleApplication@7c4f974d
----------------- Done invoking toplevel() on ptolemy.moml.MoMLSimpleApplication@7c4f974d
reloadAllAccessors: .fsm_de_test

===========================================================================================
----------------- testing Sat Jul 04 14:58:50 UTC 2020 /home/travis/build/icyphy/ptII/ptolemy/domains/de/test/auto/functionDependencyReconstruction.xml
----------------- Instantiating /home/travis/build/icyphy/ptII/ptolemy/domains/de/test/auto/functionDependencyReconstruction.xml
2 ms. Memory: 485376K Free: 357606K (74%)
----------------- Invoking toplevel() on ptolemy.moml.MoMLSimpleApplication@12be2b13
----------------- Done invoking toplevel() on ptolemy.moml.MoMLSimpleApplication@12be2b13
reloadAllAccessors: .functionDependencyReconstruction

===========================================================================================
----------------- testing Sat Jul 04 14:58:50 UTC 2020 /home/travis/build/icyphy/ptII/ptolemy/domains/de/test/auto/multirate.xml
----------------- Instantiating /home/travis/build/icyphy/ptII/ptolemy/domains/de/test/auto/multirate.xml
2 ms. Memory: 485376K Free: 350934K (72%)
----------------- Invoking toplevel() on ptolemy.moml.MoMLSimpleApplication@426ead74
----------------- Done invoking toplevel() on ptolemy.moml.MoMLSimpleApplication@426ead74
reloadAllAccessors: .multirate

===========================================================================================
----------------- testing Sat Jul 04 14:58:50 UTC 2020 /home/travis/build/icyphy/ptII/ptolemy/domains/de/test/auto/multirate2.xml
----------------- Instantiating /home/travis/build/icyphy/ptII/ptolemy/domains/de/test/auto/multirate2.xml
2 ms. Memory: 485376K Free: 343766K (71%)
----------------- Invoking toplevel() on ptolemy.moml.MoMLSimpleApplication@6bfe7a42
----------------- Done invoking toplevel() on ptolemy.moml.MoMLSimpleApplication@6bfe7a42
reloadAllAccessors: .multirate2

===========================================================================================
----------------- testing Sat Jul 04 14:58:50 UTC 2020 /home/travis/build/icyphy/ptII/ptolemy/domains/de/test/auto/realtime.xml
----------------- Instantiating /home/travis/build/icyphy/ptII/ptolemy/domains/de/test/auto/realtime.xml
10002 ms. Memory: 485376K Free: 339174K (70%)
----------------- Invoking toplevel() on ptolemy.moml.MoMLSimpleApplication@3238045d
----------------- Done invoking toplevel() on ptolemy.moml.MoMLSimpleApplication@3238045d
reloadAllAccessors: .realtime

===========================================================================================
----------------- testing Sat Jul 04 14:59:00 UTC 2020 /home/travis/build/icyphy/ptII/ptolemy/domains/de/test/auto/relationGroup.xml
----------------- Instantiating /home/travis/build/icyphy/ptII/ptolemy/domains/de/test/auto/relationGroup.xml
1 ms. Memory: 485376K Free: 335588K (69%)
----------------- Invoking toplevel() on ptolemy.moml.MoMLSimpleApplication@3bd928a0
----------------- Done invoking toplevel() on ptolemy.moml.MoMLSimpleApplication@3bd928a0
reloadAllAccessors: .relationGroup

===========================================================================================
----------------- testing Sat Jul 04 14:59:00 UTC 2020 /home/travis/build/icyphy/ptII/ptolemy/domains/de/test/auto/relationGroup2.xml
----------------- Instantiating /home/travis/build/icyphy/ptII/ptolemy/domains/de/test/auto/relationGroup2.xml
3 ms. Memory: 485376K Free: 332006K (68%)
----------------- Invoking toplevel() on ptolemy.moml.MoMLSimpleApplication@3d9026e8
----------------- Done invoking toplevel() on ptolemy.moml.MoMLSimpleApplication@3d9026e8
reloadAllAccessors: .relationGroup2

===========================================================================================
----------------- testing Sat Jul 04 14:59:00 UTC 2020 /home/travis/build/icyphy/ptII/ptolemy/domains/de/test/auto/sortWithOpaquePorts.xml
----------------- Instantiating /home/travis/build/icyphy/ptII/ptolemy/domains/de/test/auto/sortWithOpaquePorts.xml
2 ms. Memory: 485376K Free: 327382K (67%)
----------------- Invoking toplevel() on ptolemy.moml.MoMLSimpleApplication@64967e14
----------------- Done invoking toplevel() on ptolemy.moml.MoMLSimpleApplication@64967e14
reloadAllAccessors: .sortWithOpaquePorts

===========================================================================================
----------------- testing Sat Jul 04 14:59:00 UTC 2020 /home/travis/build/icyphy/ptII/ptolemy/domains/de/test/auto/transferInputsandOutputs.xml
----------------- Instantiating /home/travis/build/icyphy/ptII/ptolemy/domains/de/test/auto/transferInputsandOutputs.xml
6 ms. Memory: 485376K Free: 320228K (66%)
----------------- Invoking toplevel() on ptolemy.moml.MoMLSimpleApplication@84db5e7
----------------- Done invoking toplevel() on ptolemy.moml.MoMLSimpleApplication@84db5e7
reloadAllAccessors: .transferInputsandOutputs

===========================================================================================
----------------- testing Sat Jul 04 14:59:00 UTC 2020 /home/travis/build/icyphy/ptII/ptolemy/domains/de/test/auto/triggerType.xml
----------------- Instantiating /home/travis/build/icyphy/ptII/ptolemy/domains/de/test/auto/triggerType.xml
1 ms. Memory: 485376K Free: 316102K (65%)
----------------- Invoking toplevel() on ptolemy.moml.MoMLSimpleApplication@36a5fa53
----------------- Done invoking toplevel() on ptolemy.moml.MoMLSimpleApplication@36a5fa53
reloadAllAccessors: .triggerType
AutoTests.java: About to close Vertx.
AutoTests.java: Vertx closed.
]]></system-out>
  <system-err><![CDATA[java.lang.RuntimeException: Execution failed
	at ptolemy.moml.MoMLSimpleApplication$UnloadThread.run(MoMLSimpleApplication.java:402)
Caused by: ptolemy.kernel.util.IllegalActionException: Found a zero delay loop containing .dependencyLoop.original
  in .dependencyLoop and .dependencyLoop.original
	at ptolemy.actor.util.CausalityInterfaceForComposites._computeOutputPortDepth(CausalityInterfaceForComposites.java:759)
	at ptolemy.actor.util.CausalityInterfaceForComposites._computeInputDepth(CausalityInterfaceForComposites.java:696)
	at ptolemy.actor.util.CausalityInterfaceForComposites._computeOutputPortDepth(CausalityInterfaceForComposites.java:765)
	at ptolemy.actor.util.CausalityInterfaceForComposites._computeInputDepth(CausalityInterfaceForComposites.java:696)
	at ptolemy.actor.util.CausalityInterfaceForComposites._computeOutputPortDepth(CausalityInterfaceForComposites.java:765)
	at ptolemy.actor.util.CausalityInterfaceForComposites._computeInputDepth(CausalityInterfaceForComposites.java:696)
	at ptolemy.actor.util.CausalityInterfaceForComposites._computeActorDepth(CausalityInterfaceForComposites.java:532)
	at ptolemy.actor.util.CausalityInterfaceForComposites.checkForCycles(CausalityInterfaceForComposites.java:96)
	at ptolemy.domains.de.kernel.DEDirector.preinitialize(DEDirector.java:1338)
	at ptolemy.actor.CompositeActor.preinitialize(CompositeActor.java:1828)
	at ptolemy.actor.Manager.preinitializeAndResolveTypes(Manager.java:1040)
	at ptolemy.actor.Manager.initialize(Manager.java:710)
	at ptolemy.actor.Manager.execute(Manager.java:356)
	at ptolemy.actor.Manager.run(Manager.java:1263)
	at ptolemy.actor.Manager$PtolemyRunThread.run(Manager.java:1933)
java.lang.RuntimeException: Execution failed
	at ptolemy.moml.MoMLSimpleApplication$UnloadThread.run(MoMLSimpleApplication.java:402)
Caused by: ptolemy.kernel.util.IllegalActionException: Found a zero delay loop containing .dependencyLoop2.original
  in .dependencyLoop2 and .dependencyLoop2.original
	at ptolemy.actor.util.CausalityInterfaceForComposites._computeOutputPortDepth(CausalityInterfaceForComposites.java:759)
	at ptolemy.actor.util.CausalityInterfaceForComposites._computeInputDepth(CausalityInterfaceForComposites.java:696)
	at ptolemy.actor.util.CausalityInterfaceForComposites._computeOutputPortDepth(CausalityInterfaceForComposites.java:765)
	at ptolemy.actor.util.CausalityInterfaceForComposites._computeInputDepth(CausalityInterfaceForComposites.java:696)
	at ptolemy.actor.util.CausalityInterfaceForComposites._computeOutputPortDepth(CausalityInterfaceForComposites.java:765)
	at ptolemy.actor.util.CausalityInterfaceForComposites._computeInputDepth(CausalityInterfaceForComposites.java:696)
	at ptolemy.actor.util.CausalityInterfaceForComposites._computeActorDepth(CausalityInterfaceForComposites.java:532)
	at ptolemy.actor.util.CausalityInterfaceForComposites.checkForCycles(CausalityInterfaceForComposites.java:96)
	at ptolemy.domains.de.kernel.DEDirector.preinitialize(DEDirector.java:1338)
	at ptolemy.actor.CompositeActor.preinitialize(CompositeActor.java:1828)
	at ptolemy.actor.Manager.preinitializeAndResolveTypes(Manager.java:1040)
	at ptolemy.actor.Manager.initialize(Manager.java:710)
	at ptolemy.actor.Manager.execute(Manager.java:356)
	at ptolemy.actor.Manager.run(Manager.java:1263)
	at ptolemy.actor.Manager$PtolemyRunThread.run(Manager.java:1933)
java.lang.RuntimeException: Execution failed
	at ptolemy.moml.MoMLSimpleApplication$UnloadThread.run(MoMLSimpleApplication.java:402)
Caused by: ptolemy.kernel.util.IllegalActionException: Test fails in iteration 1.
Value was: 1.0. Should have been: 2.0
  in .DirectFeedback.Test
	at ptolemy.actor.lib.Test.fire(Test.java:268)
	at ptolemy.domains.de.kernel.DEDirector._fire(DEDirector.java:1949)
	at ptolemy.domains.de.kernel.DEDirector.fire(DEDirector.java:502)
	at ptolemy.actor.CompositeActor.fire(CompositeActor.java:455)
	at ptolemy.actor.Manager.iterate(Manager.java:851)
	at ptolemy.actor.Manager.execute(Manager.java:369)
	at ptolemy.actor.Manager.run(Manager.java:1263)
	at ptolemy.actor.Manager$PtolemyRunThread.run(Manager.java:1933)
java.lang.RuntimeException: Execution failed
	at ptolemy.moml.MoMLSimpleApplication$UnloadThread.run(MoMLSimpleApplication.java:402)
Caused by: ptolemy.kernel.util.IllegalActionException: Found a zero delay loop containing .dependencyLoop.original
  in .dependencyLoop and .dependencyLoop.original
	at ptolemy.actor.util.CausalityInterfaceForComposites._computeOutputPortDepth(CausalityInterfaceForComposites.java:759)
	at ptolemy.actor.util.CausalityInterfaceForComposites._computeInputDepth(CausalityInterfaceForComposites.java:696)
	at ptolemy.actor.util.CausalityInterfaceForComposites._computeOutputPortDepth(CausalityInterfaceForComposites.java:765)
	at ptolemy.actor.util.CausalityInterfaceForComposites._computeInputDepth(CausalityInterfaceForComposites.java:696)
	at ptolemy.actor.util.CausalityInterfaceForComposites._computeOutputPortDepth(CausalityInterfaceForComposites.java:765)
	at ptolemy.actor.util.CausalityInterfaceForComposites._computeInputDepth(CausalityInterfaceForComposites.java:696)
	at ptolemy.actor.util.CausalityInterfaceForComposites._computeActorDepth(CausalityInterfaceForComposites.java:532)
	at ptolemy.actor.util.CausalityInterfaceForComposites.checkForCycles(CausalityInterfaceForComposites.java:96)
	at ptolemy.domains.de.kernel.DEDirector.preinitialize(DEDirector.java:1338)
	at ptolemy.actor.CompositeActor.preinitialize(CompositeActor.java:1828)
	at ptolemy.actor.Manager.preinitializeAndResolveTypes(Manager.java:1040)
	at ptolemy.actor.Manager.initialize(Manager.java:710)
	at ptolemy.actor.Manager.execute(Manager.java:356)
	at ptolemy.actor.Manager.run(Manager.java:1263)
	at ptolemy.actor.Manager$PtolemyRunThread.run(Manager.java:1933)
java.lang.RuntimeException: Execution failed
	at ptolemy.moml.MoMLSimpleApplication$UnloadThread.run(MoMLSimpleApplication.java:402)
Caused by: ptolemy.kernel.util.IllegalActionException: Found a zero delay loop containing .HierarchicalModel.A
  in .HierarchicalModel and .HierarchicalModel.A
	at ptolemy.actor.util.CausalityInterfaceForComposites._computeOutputPortDepth(CausalityInterfaceForComposites.java:759)
	at ptolemy.actor.util.CausalityInterfaceForComposites._computeInputDepth(CausalityInterfaceForComposites.java:696)
	at ptolemy.actor.util.CausalityInterfaceForComposites._computeOutputPortDepth(CausalityInterfaceForComposites.java:765)
	at ptolemy.actor.util.CausalityInterfaceForComposites._computeInputDepth(CausalityInterfaceForComposites.java:696)
	at ptolemy.actor.util.CausalityInterfaceForComposites._computeOutputPortDepth(CausalityInterfaceForComposites.java:765)
	at ptolemy.actor.util.CausalityInterfaceForComposites._computeInputDepth(CausalityInterfaceForComposites.java:696)
	at ptolemy.actor.util.CausalityInterfaceForComposites._computeActorDepth(CausalityInterfaceForComposites.java:532)
	at ptolemy.actor.util.CausalityInterfaceForComposites.checkForCycles(CausalityInterfaceForComposites.java:96)
	at ptolemy.domains.de.kernel.DEDirector.preinitialize(DEDirector.java:1338)
	at ptolemy.actor.CompositeActor.preinitialize(CompositeActor.java:1828)
	at ptolemy.actor.Manager.preinitializeAndResolveTypes(Manager.java:1040)
	at ptolemy.actor.Manager.initialize(Manager.java:710)
	at ptolemy.actor.Manager.execute(Manager.java:356)
	at ptolemy.actor.Manager.run(Manager.java:1263)
	at ptolemy.actor.Manager$PtolemyRunThread.run(Manager.java:1933)
java.lang.RuntimeException: Execution failed
	at ptolemy.moml.MoMLSimpleApplication$UnloadThread.run(MoMLSimpleApplication.java:402)
Caused by: ptolemy.kernel.util.IllegalActionException: Found a zero delay loop containing .dependencyLoop2.original
  in .dependencyLoop2 and .dependencyLoop2.original
	at ptolemy.actor.util.CausalityInterfaceForComposites._computeOutputPortDepth(CausalityInterfaceForComposites.java:759)
	at ptolemy.actor.util.CausalityInterfaceForComposites._computeInputDepth(CausalityInterfaceForComposites.java:696)
	at ptolemy.actor.util.CausalityInterfaceForComposites._computeOutputPortDepth(CausalityInterfaceForComposites.java:765)
	at ptolemy.actor.util.CausalityInterfaceForComposites._computeInputDepth(CausalityInterfaceForComposites.java:696)
	at ptolemy.actor.util.CausalityInterfaceForComposites._computeOutputPortDepth(CausalityInterfaceForComposites.java:765)
	at ptolemy.actor.util.CausalityInterfaceForComposites._computeInputDepth(CausalityInterfaceForComposites.java:696)
	at ptolemy.actor.util.CausalityInterfaceForComposites._computeActorDepth(CausalityInterfaceForComposites.java:532)
	at ptolemy.actor.util.CausalityInterfaceForComposites.checkForCycles(CausalityInterfaceForComposites.java:96)
	at ptolemy.domains.de.kernel.DEDirector.preinitialize(DEDirector.java:1338)
	at ptolemy.actor.CompositeActor.preinitialize(CompositeActor.java:1828)
	at ptolemy.actor.Manager.preinitializeAndResolveTypes(Manager.java:1040)
	at ptolemy.actor.Manager.initialize(Manager.java:710)
	at ptolemy.actor.Manager.execute(Manager.java:356)
	at ptolemy.actor.Manager.run(Manager.java:1263)
	at ptolemy.actor.Manager$PtolemyRunThread.run(Manager.java:1933)
java.lang.RuntimeException: Execution failed
	at ptolemy.moml.MoMLSimpleApplication$UnloadThread.run(MoMLSimpleApplication.java:402)
Caused by: ptolemy.kernel.util.IllegalActionException: Actor is not ready to fire.  Perhaps UpSample.prefire() returned false? Try debugging the actor by selecting "Listen to Actor".  Also, for SDF check moml for tokenConsumptionRate on input.
  in .DESDFClockTest.Play Bell.Copy1:SDF Director and .DESDFClockTest.Play Bell.UpSample
	at ptolemy.actor.sched.StaticSchedulingDirector.fire(StaticSchedulingDirector.java:227)
	at ptolemy.domains.sdf.kernel.SDFDirector.fire(SDFDirector.java:500)
	at ptolemy.actor.CompositeActor.fire(CompositeActor.java:455)
	at ptolemy.domains.de.kernel.DEDirector._fire(DEDirector.java:1949)
	at ptolemy.domains.de.kernel.DEDirector.fire(DEDirector.java:502)
	at ptolemy.actor.CompositeActor.fire(CompositeActor.java:455)
	at ptolemy.actor.Manager.iterate(Manager.java:851)
	at ptolemy.actor.Manager.execute(Manager.java:369)
	at ptolemy.actor.Manager.run(Manager.java:1263)
	at ptolemy.actor.Manager$PtolemyRunThread.run(Manager.java:1933)
java.lang.RuntimeException: Execution failed
	at ptolemy.moml.MoMLSimpleApplication$UnloadThread.run(MoMLSimpleApplication.java:402)
Caused by: ptolemy.kernel.util.IllegalActionException: Actor is not ready to fire.  Perhaps UpSample.prefire() returned false? Try debugging the actor by selecting "Listen to Actor".  Also, for SDF check moml for tokenConsumptionRate on input.
  in .DESDFClockTest.Play Bell.Copy1:SDF Director and .DESDFClockTest.Play Bell.UpSample
	at ptolemy.actor.sched.StaticSchedulingDirector.fire(StaticSchedulingDirector.java:227)
	at ptolemy.domains.sdf.kernel.SDFDirector.fire(SDFDirector.java:500)
	at ptolemy.actor.CompositeActor.fire(CompositeActor.java:455)
	at ptolemy.domains.de.kernel.DEDirector._fire(DEDirector.java:1949)
	at ptolemy.domains.de.kernel.DEDirector.fire(DEDirector.java:502)
	at ptolemy.actor.CompositeActor.fire(CompositeActor.java:455)
	at ptolemy.actor.Manager.iterate(Manager.java:851)
	at ptolemy.actor.Manager.execute(Manager.java:369)
	at ptolemy.actor.Manager.run(Manager.java:1263)
	at ptolemy.actor.Manager$PtolemyRunThread.run(Manager.java:1933)
java.lang.reflect.InvocationTargetException
	at java.base/jdk.internal.reflect.NativeConstructorAccessorImpl.newInstance0(Native Method)
	at java.base/jdk.internal.reflect.NativeConstructorAccessorImpl.newInstance(NativeConstructorAccessorImpl.java:62)
	at java.base/jdk.internal.reflect.DelegatingConstructorAccessorImpl.newInstance(DelegatingConstructorAccessorImpl.java:45)
	at java.base/java.lang.reflect.Constructor.newInstance(Constructor.java:490)
	at ptolemy.util.test.junit.AutoKnownFailedTests.RunModel(AutoKnownFailedTests.java:105)
	at java.base/jdk.internal.reflect.NativeMethodAccessorImpl.invoke0(Native Method)
	at java.base/jdk.internal.reflect.NativeMethodAccessorImpl.invoke(NativeMethodAccessorImpl.java:62)
	at java.base/jdk.internal.reflect.DelegatingMethodAccessorImpl.invoke(DelegatingMethodAccessorImpl.java:43)
	at java.base/java.lang.reflect.Method.invoke(Method.java:566)
	at org.junit.runners.model.FrameworkMethod$1.runReflectiveCall(FrameworkMethod.java:44)
	at org.junit.internal.runners.model.ReflectiveCallable.run(ReflectiveCallable.java:15)
	at org.junit.runners.model.FrameworkMethod.invokeExplosively(FrameworkMethod.java:41)
	at junitparams.internal.InvokeParameterisedMethod.evaluate(InvokeParameterisedMethod.java:102)
	at org.junit.internal.runners.statements.FailOnTimeout$1.run(FailOnTimeout.java:28)
Caused by: ptolemy.kernel.util.IllegalActionException: Actor is not ready to fire.  Perhaps UpSample.prefire() returned false? Try debugging the actor by selecting "Listen to Actor".  Also, for SDF check moml for tokenConsumptionRate on input.
  in .DESDFClockTest.Play Bell.Copy1:SDF Director and .DESDFClockTest.Play Bell.UpSample
	at ptolemy.actor.sched.StaticSchedulingDirector.fire(StaticSchedulingDirector.java:227)
	at ptolemy.domains.sdf.kernel.SDFDirector.fire(SDFDirector.java:500)
	at ptolemy.actor.CompositeActor.fire(CompositeActor.java:455)
	at ptolemy.domains.de.kernel.DEDirector._fire(DEDirector.java:1949)
	at ptolemy.domains.de.kernel.DEDirector.fire(DEDirector.java:502)
	at ptolemy.actor.CompositeActor.fire(CompositeActor.java:455)
	at ptolemy.actor.Manager.iterate(Manager.java:851)
	at ptolemy.actor.Manager.execute(Manager.java:369)
	at ptolemy.actor.Manager.run(Manager.java:1263)
	at ptolemy.actor.Manager$PtolemyRunThread.run(Manager.java:1933)
java.lang.RuntimeException: Execution failed
	at ptolemy.moml.MoMLSimpleApplication$UnloadThread.run(MoMLSimpleApplication.java:402)
Caused by: ptolemy.kernel.util.IllegalActionException: Test fails in iteration 1.
Value was: 1.0. Should have been: 2.0
  in .DirectFeedback.Test
	at ptolemy.actor.lib.Test.fire(Test.java:268)
	at ptolemy.domains.de.kernel.DEDirector._fire(DEDirector.java:1949)
	at ptolemy.domains.de.kernel.DEDirector.fire(DEDirector.java:502)
	at ptolemy.actor.CompositeActor.fire(CompositeActor.java:455)
	at ptolemy.actor.Manager.iterate(Manager.java:851)
	at ptolemy.actor.Manager.execute(Manager.java:369)
	at ptolemy.actor.Manager.run(Manager.java:1263)
	at ptolemy.actor.Manager$PtolemyRunThread.run(Manager.java:1933)
java.lang.reflect.InvocationTargetException
	at java.base/jdk.internal.reflect.NativeConstructorAccessorImpl.newInstance0(Native Method)
	at java.base/jdk.internal.reflect.NativeConstructorAccessorImpl.newInstance(NativeConstructorAccessorImpl.java:62)
	at java.base/jdk.internal.reflect.DelegatingConstructorAccessorImpl.newInstance(DelegatingConstructorAccessorImpl.java:45)
	at java.base/java.lang.reflect.Constructor.newInstance(Constructor.java:490)
	at ptolemy.util.test.junit.AutoKnownFailedTests.RunModel(AutoKnownFailedTests.java:105)
	at java.base/jdk.internal.reflect.NativeMethodAccessorImpl.invoke0(Native Method)
	at java.base/jdk.internal.reflect.NativeMethodAccessorImpl.invoke(NativeMethodAccessorImpl.java:62)
	at java.base/jdk.internal.reflect.DelegatingMethodAccessorImpl.invoke(DelegatingMethodAccessorImpl.java:43)
	at java.base/java.lang.reflect.Method.invoke(Method.java:566)
	at org.junit.runners.model.FrameworkMethod$1.runReflectiveCall(FrameworkMethod.java:44)
	at org.junit.internal.runners.model.ReflectiveCallable.run(ReflectiveCallable.java:15)
	at org.junit.runners.model.FrameworkMethod.invokeExplosively(FrameworkMethod.java:41)
	at junitparams.internal.InvokeParameterisedMethod.evaluate(InvokeParameterisedMethod.java:102)
	at org.junit.internal.runners.statements.FailOnTimeout$1.run(FailOnTimeout.java:28)
Caused by: ptolemy.kernel.util.IllegalActionException: Test fails in iteration 1.
Value was: 1.0. Should have been: 2.0
  in .DirectFeedback.Test
	at ptolemy.actor.lib.Test.fire(Test.java:268)
	at ptolemy.domains.de.kernel.DEDirector._fire(DEDirector.java:1949)
	at ptolemy.domains.de.kernel.DEDirector.fire(DEDirector.java:502)
	at ptolemy.actor.CompositeActor.fire(CompositeActor.java:455)
	at ptolemy.actor.Manager.iterate(Manager.java:851)
	at ptolemy.actor.Manager.execute(Manager.java:369)
	at ptolemy.actor.Manager.run(Manager.java:1263)
	at ptolemy.actor.Manager$PtolemyRunThread.run(Manager.java:1933)
java.lang.RuntimeException: Execution failed
	at ptolemy.moml.MoMLSimpleApplication$UnloadThread.run(MoMLSimpleApplication.java:402)
Caused by: ptolemy.kernel.util.IllegalActionException: Found a zero delay loop containing .HierarchicalModel.A
  in .HierarchicalModel and .HierarchicalModel.A
	at ptolemy.actor.util.CausalityInterfaceForComposites._computeOutputPortDepth(CausalityInterfaceForComposites.java:759)
	at ptolemy.actor.util.CausalityInterfaceForComposites._computeInputDepth(CausalityInterfaceForComposites.java:696)
	at ptolemy.actor.util.CausalityInterfaceForComposites._computeOutputPortDepth(CausalityInterfaceForComposites.java:765)
	at ptolemy.actor.util.CausalityInterfaceForComposites._computeInputDepth(CausalityInterfaceForComposites.java:696)
	at ptolemy.actor.util.CausalityInterfaceForComposites._computeOutputPortDepth(CausalityInterfaceForComposites.java:765)
	at ptolemy.actor.util.CausalityInterfaceForComposites._computeInputDepth(CausalityInterfaceForComposites.java:696)
	at ptolemy.actor.util.CausalityInterfaceForComposites._computeActorDepth(CausalityInterfaceForComposites.java:532)
	at ptolemy.actor.util.CausalityInterfaceForComposites.checkForCycles(CausalityInterfaceForComposites.java:96)
	at ptolemy.domains.de.kernel.DEDirector.preinitialize(DEDirector.java:1338)
	at ptolemy.actor.CompositeActor.preinitialize(CompositeActor.java:1828)
	at ptolemy.actor.Manager.preinitializeAndResolveTypes(Manager.java:1040)
	at ptolemy.actor.Manager.initialize(Manager.java:710)
	at ptolemy.actor.Manager.execute(Manager.java:356)
	at ptolemy.actor.Manager.run(Manager.java:1263)
	at ptolemy.actor.Manager$PtolemyRunThread.run(Manager.java:1933)
java.lang.reflect.InvocationTargetException
	at java.base/jdk.internal.reflect.NativeConstructorAccessorImpl.newInstance0(Native Method)
	at java.base/jdk.internal.reflect.NativeConstructorAccessorImpl.newInstance(NativeConstructorAccessorImpl.java:62)
	at java.base/jdk.internal.reflect.DelegatingConstructorAccessorImpl.newInstance(DelegatingConstructorAccessorImpl.java:45)
	at java.base/java.lang.reflect.Constructor.newInstance(Constructor.java:490)
	at ptolemy.util.test.junit.AutoKnownFailedTests.RunModel(AutoKnownFailedTests.java:105)
	at java.base/jdk.internal.reflect.NativeMethodAccessorImpl.invoke0(Native Method)
	at java.base/jdk.internal.reflect.NativeMethodAccessorImpl.invoke(NativeMethodAccessorImpl.java:62)
	at java.base/jdk.internal.reflect.DelegatingMethodAccessorImpl.invoke(DelegatingMethodAccessorImpl.java:43)
	at java.base/java.lang.reflect.Method.invoke(Method.java:566)
	at org.junit.runners.model.FrameworkMethod$1.runReflectiveCall(FrameworkMethod.java:44)
	at org.junit.internal.runners.model.ReflectiveCallable.run(ReflectiveCallable.java:15)
	at org.junit.runners.model.FrameworkMethod.invokeExplosively(FrameworkMethod.java:41)
	at junitparams.internal.InvokeParameterisedMethod.evaluate(InvokeParameterisedMethod.java:102)
	at org.junit.internal.runners.statements.FailOnTimeout$1.run(FailOnTimeout.java:28)
Caused by: ptolemy.kernel.util.IllegalActionException: Found a zero delay loop containing .HierarchicalModel.A
  in .HierarchicalModel and .HierarchicalModel.A
	at ptolemy.actor.util.CausalityInterfaceForComposites._computeOutputPortDepth(CausalityInterfaceForComposites.java:759)
	at ptolemy.actor.util.CausalityInterfaceForComposites._computeInputDepth(CausalityInterfaceForComposites.java:696)
	at ptolemy.actor.util.CausalityInterfaceForComposites._computeOutputPortDepth(CausalityInterfaceForComposites.java:765)
	at ptolemy.actor.util.CausalityInterfaceForComposites._computeInputDepth(CausalityInterfaceForComposites.java:696)
	at ptolemy.actor.util.CausalityInterfaceForComposites._computeOutputPortDepth(CausalityInterfaceForComposites.java:765)
	at ptolemy.actor.util.CausalityInterfaceForComposites._computeInputDepth(CausalityInterfaceForComposites.java:696)
	at ptolemy.actor.util.CausalityInterfaceForComposites._computeActorDepth(CausalityInterfaceForComposites.java:532)
	at ptolemy.actor.util.CausalityInterfaceForComposites.checkForCycles(CausalityInterfaceForComposites.java:96)
	at ptolemy.domains.de.kernel.DEDirector.preinitialize(DEDirector.java:1338)
	at ptolemy.actor.CompositeActor.preinitialize(CompositeActor.java:1828)
	at ptolemy.actor.Manager.preinitializeAndResolveTypes(Manager.java:1040)
	at ptolemy.actor.Manager.initialize(Manager.java:710)
	at ptolemy.actor.Manager.execute(Manager.java:356)
	at ptolemy.actor.Manager.run(Manager.java:1263)
	at ptolemy.actor.Manager$PtolemyRunThread.run(Manager.java:1933)
java.lang.RuntimeException: Execution failed
	at ptolemy.moml.MoMLSimpleApplication$UnloadThread.run(MoMLSimpleApplication.java:402)
Caused by: ptolemy.kernel.util.IllegalActionException: Found a zero delay loop containing .dependencyLoop.original
  in .dependencyLoop and .dependencyLoop.original
	at ptolemy.actor.util.CausalityInterfaceForComposites._computeOutputPortDepth(CausalityInterfaceForComposites.java:759)
	at ptolemy.actor.util.CausalityInterfaceForComposites._computeInputDepth(CausalityInterfaceForComposites.java:696)
	at ptolemy.actor.util.CausalityInterfaceForComposites._computeOutputPortDepth(CausalityInterfaceForComposites.java:765)
	at ptolemy.actor.util.CausalityInterfaceForComposites._computeInputDepth(CausalityInterfaceForComposites.java:696)
	at ptolemy.actor.util.CausalityInterfaceForComposites._computeOutputPortDepth(CausalityInterfaceForComposites.java:765)
	at ptolemy.actor.util.CausalityInterfaceForComposites._computeInputDepth(CausalityInterfaceForComposites.java:696)
	at ptolemy.actor.util.CausalityInterfaceForComposites._computeActorDepth(CausalityInterfaceForComposites.java:532)
	at ptolemy.actor.util.CausalityInterfaceForComposites.checkForCycles(CausalityInterfaceForComposites.java:96)
	at ptolemy.domains.de.kernel.DEDirector.preinitialize(DEDirector.java:1338)
	at ptolemy.actor.CompositeActor.preinitialize(CompositeActor.java:1828)
	at ptolemy.actor.Manager.preinitializeAndResolveTypes(Manager.java:1040)
	at ptolemy.actor.Manager.initialize(Manager.java:710)
	at ptolemy.actor.Manager.execute(Manager.java:356)
	at ptolemy.actor.Manager.run(Manager.java:1263)
	at ptolemy.actor.Manager$PtolemyRunThread.run(Manager.java:1933)
java.lang.reflect.InvocationTargetException
	at java.base/jdk.internal.reflect.NativeConstructorAccessorImpl.newInstance0(Native Method)
	at java.base/jdk.internal.reflect.NativeConstructorAccessorImpl.newInstance(NativeConstructorAccessorImpl.java:62)
	at java.base/jdk.internal.reflect.DelegatingConstructorAccessorImpl.newInstance(DelegatingConstructorAccessorImpl.java:45)
	at java.base/java.lang.reflect.Constructor.newInstance(Constructor.java:490)
	at ptolemy.util.test.junit.AutoKnownFailedTests.RunModel(AutoKnownFailedTests.java:105)
	at java.base/jdk.internal.reflect.NativeMethodAccessorImpl.invoke0(Native Method)
	at java.base/jdk.internal.reflect.NativeMethodAccessorImpl.invoke(NativeMethodAccessorImpl.java:62)
	at java.base/jdk.internal.reflect.DelegatingMethodAccessorImpl.invoke(DelegatingMethodAccessorImpl.java:43)
	at java.base/java.lang.reflect.Method.invoke(Method.java:566)
	at org.junit.runners.model.FrameworkMethod$1.runReflectiveCall(FrameworkMethod.java:44)
	at org.junit.internal.runners.model.ReflectiveCallable.run(ReflectiveCallable.java:15)
	at org.junit.runners.model.FrameworkMethod.invokeExplosively(FrameworkMethod.java:41)
	at junitparams.internal.InvokeParameterisedMethod.evaluate(InvokeParameterisedMethod.java:102)
	at org.junit.internal.runners.statements.FailOnTimeout$1.run(FailOnTimeout.java:28)
Caused by: ptolemy.kernel.util.IllegalActionException: Found a zero delay loop containing .dependencyLoop.original
  in .dependencyLoop and .dependencyLoop.original
	at ptolemy.actor.util.CausalityInterfaceForComposites._computeOutputPortDepth(CausalityInterfaceForComposites.java:759)
	at ptolemy.actor.util.CausalityInterfaceForComposites._computeInputDepth(CausalityInterfaceForComposites.java:696)
	at ptolemy.actor.util.CausalityInterfaceForComposites._computeOutputPortDepth(CausalityInterfaceForComposites.java:765)
	at ptolemy.actor.util.CausalityInterfaceForComposites._computeInputDepth(CausalityInterfaceForComposites.java:696)
	at ptolemy.actor.util.CausalityInterfaceForComposites._computeOutputPortDepth(CausalityInterfaceForComposites.java:765)
	at ptolemy.actor.util.CausalityInterfaceForComposites._computeInputDepth(CausalityInterfaceForComposites.java:696)
	at ptolemy.actor.util.CausalityInterfaceForComposites._computeActorDepth(CausalityInterfaceForComposites.java:532)
	at ptolemy.actor.util.CausalityInterfaceForComposites.checkForCycles(CausalityInterfaceForComposites.java:96)
	at ptolemy.domains.de.kernel.DEDirector.preinitialize(DEDirector.java:1338)
	at ptolemy.actor.CompositeActor.preinitialize(CompositeActor.java:1828)
	at ptolemy.actor.Manager.preinitializeAndResolveTypes(Manager.java:1040)
	at ptolemy.actor.Manager.initialize(Manager.java:710)
	at ptolemy.actor.Manager.execute(Manager.java:356)
	at ptolemy.actor.Manager.run(Manager.java:1263)
	at ptolemy.actor.Manager$PtolemyRunThread.run(Manager.java:1933)
java.lang.RuntimeException: Execution failed
	at ptolemy.moml.MoMLSimpleApplication$UnloadThread.run(MoMLSimpleApplication.java:402)
Caused by: ptolemy.kernel.util.IllegalActionException: Found a zero delay loop containing .dependencyLoop2.original
  in .dependencyLoop2 and .dependencyLoop2.original
	at ptolemy.actor.util.CausalityInterfaceForComposites._computeOutputPortDepth(CausalityInterfaceForComposites.java:759)
	at ptolemy.actor.util.CausalityInterfaceForComposites._computeInputDepth(CausalityInterfaceForComposites.java:696)
	at ptolemy.actor.util.CausalityInterfaceForComposites._computeOutputPortDepth(CausalityInterfaceForComposites.java:765)
	at ptolemy.actor.util.CausalityInterfaceForComposites._computeInputDepth(CausalityInterfaceForComposites.java:696)
	at ptolemy.actor.util.CausalityInterfaceForComposites._computeOutputPortDepth(CausalityInterfaceForComposites.java:765)
	at ptolemy.actor.util.CausalityInterfaceForComposites._computeInputDepth(CausalityInterfaceForComposites.java:696)
	at ptolemy.actor.util.CausalityInterfaceForComposites._computeActorDepth(CausalityInterfaceForComposites.java:532)
	at ptolemy.actor.util.CausalityInterfaceForComposites.checkForCycles(CausalityInterfaceForComposites.java:96)
	at ptolemy.domains.de.kernel.DEDirector.preinitialize(DEDirector.java:1338)
	at ptolemy.actor.CompositeActor.preinitialize(CompositeActor.java:1828)
	at ptolemy.actor.Manager.preinitializeAndResolveTypes(Manager.java:1040)
	at ptolemy.actor.Manager.initialize(Manager.java:710)
	at ptolemy.actor.Manager.execute(Manager.java:356)
	at ptolemy.actor.Manager.run(Manager.java:1263)
	at ptolemy.actor.Manager$PtolemyRunThread.run(Manager.java:1933)
java.lang.reflect.InvocationTargetException
	at java.base/jdk.internal.reflect.NativeConstructorAccessorImpl.newInstance0(Native Method)
	at java.base/jdk.internal.reflect.NativeConstructorAccessorImpl.newInstance(NativeConstructorAccessorImpl.java:62)
	at java.base/jdk.internal.reflect.DelegatingConstructorAccessorImpl.newInstance(DelegatingConstructorAccessorImpl.java:45)
	at java.base/java.lang.reflect.Constructor.newInstance(Constructor.java:490)
	at ptolemy.util.test.junit.AutoKnownFailedTests.RunModel(AutoKnownFailedTests.java:105)
	at java.base/jdk.internal.reflect.NativeMethodAccessorImpl.invoke0(Native Method)
	at java.base/jdk.internal.reflect.NativeMethodAccessorImpl.invoke(NativeMethodAccessorImpl.java:62)
	at java.base/jdk.internal.reflect.DelegatingMethodAccessorImpl.invoke(DelegatingMethodAccessorImpl.java:43)
	at java.base/java.lang.reflect.Method.invoke(Method.java:566)
	at org.junit.runners.model.FrameworkMethod$1.runReflectiveCall(FrameworkMethod.java:44)
	at org.junit.internal.runners.model.ReflectiveCallable.run(ReflectiveCallable.java:15)
	at org.junit.runners.model.FrameworkMethod.invokeExplosively(FrameworkMethod.java:41)
	at junitparams.internal.InvokeParameterisedMethod.evaluate(InvokeParameterisedMethod.java:102)
	at org.junit.internal.runners.statements.FailOnTimeout$1.run(FailOnTimeout.java:28)
Caused by: ptolemy.kernel.util.IllegalActionException: Found a zero delay loop containing .dependencyLoop2.original
  in .dependencyLoop2 and .dependencyLoop2.original
	at ptolemy.actor.util.CausalityInterfaceForComposites._computeOutputPortDepth(CausalityInterfaceForComposites.java:759)
	at ptolemy.actor.util.CausalityInterfaceForComposites._computeInputDepth(CausalityInterfaceForComposites.java:696)
	at ptolemy.actor.util.CausalityInterfaceForComposites._computeOutputPortDepth(CausalityInterfaceForComposites.java:765)
	at ptolemy.actor.util.CausalityInterfaceForComposites._computeInputDepth(CausalityInterfaceForComposites.java:696)
	at ptolemy.actor.util.CausalityInterfaceForComposites._computeOutputPortDepth(CausalityInterfaceForComposites.java:765)
	at ptolemy.actor.util.CausalityInterfaceForComposites._computeInputDepth(CausalityInterfaceForComposites.java:696)
	at ptolemy.actor.util.CausalityInterfaceForComposites._computeActorDepth(CausalityInterfaceForComposites.java:532)
	at ptolemy.actor.util.CausalityInterfaceForComposites.checkForCycles(CausalityInterfaceForComposites.java:96)
	at ptolemy.domains.de.kernel.DEDirector.preinitialize(DEDirector.java:1338)
	at ptolemy.actor.CompositeActor.preinitialize(CompositeActor.java:1828)
	at ptolemy.actor.Manager.preinitializeAndResolveTypes(Manager.java:1040)
	at ptolemy.actor.Manager.initialize(Manager.java:710)
	at ptolemy.actor.Manager.execute(Manager.java:356)
	at ptolemy.actor.Manager.run(Manager.java:1263)
	at ptolemy.actor.Manager$PtolemyRunThread.run(Manager.java:1933)
]]></system-err>
</testsuite>
