<?xml version="1.0" encoding="UTF-8" ?>
<testsuite errors="0" failures="0" hostname="travis-job-915447e8-387c-4631-9450-9c5d8cb8d924" name="ptolemy.domains.continuous.test.junit.JUnitTclTest" skipped="0" tests="156" time="69.853" timestamp="2021-08-24T17:24:18">
  <properties>
    <property name="npm.executable" value="npm" />
    <property name="env.TRAVIS_ROOT" value="/" />
    <property name="ptII.mk.exists" value="true" />
    <property name="env.TRAVIS_APP_HOST" value="build.travis-ci.com" />
    <property name="env.rvm_bin_path" value="/home/travis/.rvm/bin" />
    <property name="java.home" value="/usr/local/lib/jvm/openjdk11" />
    <property name="env.TRAVIS_JOB_NUMBER" value="1836.9" />
    <property name="env.TRAVIS_HOME" value="/home/travis" />
    <property name="env.DISPLAY" value=":99.0" />
    <property name="env.TRAVIS_INIT" value="systemd" />
    <property name="env.SSH_TTY" value="/dev/pts/0" />
    <property name="java.net.preferIPv4Stack" value="true" />
    <property name="env.RUN_TESTS" value="true" />
    <property name="timeout.short" value="1000000" />
    <property name="junit.formatter" value="xml" />
    <property name="env.TRAVIS_SUDO" value="true" />
    <property name="env.TRAVIS_JOB_NAME" value="" />
    <property name="env.TRAVIS_STACK_NODE_ATTRIBUTES" value="/.node-attributes.yml" />
    <property name="env.LOGNAME" value="travis" />
    <property name="jsdoc.home" value="node_modules/@terraswarm/jsdoc" />
    <property name="debuglevel" value="source,lines,vars" />
    <property name="checkstyle.formatter" value="xml" />
    <property name="bin.vergil.makeable" value="true" />
    <property name="sun.os.patch.level" value="unknown" />
    <property name="java.vendor.url" value="http://java.oracle.com/" />
    <property name="env.TRAVIS_BUILD_WEB_URL" value="https://app.travis-ci.com/icyphy/ptII/builds/236112682" />
    <property name="java.version" value="11.0.2" />
    <property name="env.TZ" value="UTC" />
    <property name="env.TRAVIS_PULL_REQUEST_SHA" value="" />
    <property name="env.PT_NO_NET" value="true" />
    <property name="env.TRAVIS_SECURE_ENV_VARS" value="true" />
    <property name="java.vendor.url.bug" value="http://bugreport.java.com/bugreport/" />
    <property name="npmjs-org-is-up" value="true" />
    <property name="env.LANGUAGE" value="en_US.UTF-8" />
    <property name="env.SSH_CLIENT" value="10.16.1.16 47042 22" />
    <property name="env.GEM_HOME" value="/home/travis/.rvm/gems/ruby-2.5.3" />
    <property name="env.HAS_ANTARES_THREE_LITTLE_FRONZIES_BADGE" value="true" />
    <property name="java.version.date" value="2019-01-15" />
    <property name="env.PS4" value="+" />
    <property name="ant.project.invoked-targets" value="build,test.core2.xml" />
    <property name="env.TRAVIS_PULL_REQUEST_BRANCH" value="" />
    <property name="env.TRAVIS_REPO_SLUG" value="icyphy/ptII" />
    <property name="env.XDG_DATA_DIRS" value="/usr/local/share:/usr/share:/var/lib/snapd/desktop" />
    <property name="jdk.debug" value="release" />
    <property name="env.TRAVIS_APT_PROXY" value="http://build-cache.travisci.net" />
    <property name="env.TRAVIS_CPU_ARCH" value="amd64" />
    <property name="node.in.path" value="true" />
    <property name="user.name" value="travis" />
    <property name="java.maxmemory" value="1400m" />
    <property name="env.RUBY_VERSION" value="ruby-2.5.3" />
    <property name="env.LANG" value="en_US.UTF-8" />
    <property name="sun.io.unicode.encoding" value="UnicodeLittle" />
    <property name="sun.jnu.encoding" value="UTF-8" />
    <property name="java.runtime.name" value="OpenJDK Runtime Environment" />
    <property name="usefile" value="false" />
    <property name="return.code" value="0" />
    <property name="junit.single.formatter" value="plain" />
    <property name="env.DYLD_LIBRARY_PATH" value="/home/travis/pthla/certi-tools/lib:" />
    <property name="env.DEBIAN_FRONTEND" value="noninteractive" />
    <property name="env.SSH_CONNECTION" value="10.16.1.16 47042 10.30.0.139 22" />
    <property name="env.MYSQL_UNIX_PORT" value="/var/run/mysqld/mysqld.sock" />
    <property name="env.LC_ALL" value="en_US.UTF-8" />
    <property name="env.TRAVIS_ALLOW_FAILURE" value="" />
    <property name="env.TRAVIS_JOB_WEB_URL" value="https://app.travis-ci.com/icyphy/ptII/jobs/533524463" />
    <property name="java.specification.name" value="Java Platform API Specification" />
    <property name="node.works" value="true" />
    <property name="user.timezone" value="" />
    <property name="path.separator" value=":" />
    <property name="env.TRAVIS_ENABLE_INFRA_DETECTION" value="true" />
    <property name="env.PYTHON_CFLAGS" value="-g -fstack-protector --param=ssp-buffer-size=4 -Wformat -Werror=format-security" />
    <property name="timeout.long" value="4000000" />
    <property name="env.CERTI_HOME" value="/home/travis/pthla/certi-tools" />
    <property name="ant.file.ptII" value="/home/travis/build/icyphy/ptII/build.xml" />
    <property name="javadoc.packagenames" value="com.*,diva.*,lbnl.*,org.hlacerti.*,org.json.*,org.ptolemy.*,org.terraswarm.*,ptolemy.*,ptserver.*" />
    <property name="file.encoding" value="UTF-8" />
    <property name="env.TRAVIS_PULL_REQUEST_SLUG" value="" />
    <property name="ant.project.default-target" value="build" />
    <property name="env.GIT_ASKPASS" value="echo" />
    <property name="env.HOME" value="/home/travis" />
    <property name="sun.java.command" value="org.apache.tools.ant.taskdefs.optional.junit.JUnitTestRunner ptolemy.domains.continuous.test.junit.JUnitTclTest skipNonTests=false filtertrace=true haltOnError=false haltOnFailure=false formatter=org.apache.tools.ant.taskdefs.optional.junit.OutErrSummaryJUnitResultFormatter showoutput=true outputtoformatters=true logfailedtests=true threadid=0 logtestlistenerevents=false formatter=org.apache.tools.ant.taskdefs.optional.junit.XMLJUnitResultFormatter,/home/travis/build/icyphy/ptII/reports/junit/TEST-ptolemy.domains.continuous.test.junit.JUnitTclTest.xml crashfile=/home/travis/build/icyphy/ptII/junitvmwatcher17541549556278080412.properties propsfile=/home/travis/build/icyphy/ptII/junit8641337279772609241.properties" />
    <property name="env.COMPOSER_NO_INTERACTION" value="1" />
    <property name="env.MANPATH" value="/home/travis/.nvm/versions/node/v7.10.1/share/man:/home/travis/.rvm/rubies/ruby-2.5.3/share/man:/usr/local/cmake-3.12.4/man:/usr/local/clang-7.0.0/share/man:/usr/local/man:/usr/local/share/man:/usr/share/man:/home/travis/.rvm/man" />
    <property name="env.TRAVIS_TIMER_ID" value="05b2aba6" />
    <property name="ant.file" value="/home/travis/build/icyphy/ptII/build.xml" />
    <property name="env.TRAVIS_COMMIT_RANGE" value="e5a2c78a8791...ebf0e8bf7c2f" />
    <property name="ptII.classpath.optional.property" value="/home/travis/build/icyphy/ptII/lib/bsh-2.0b4.jar:/home/travis/build/icyphy/ptII/lib/ptCal.jar:/home/travis/build/icyphy/ptII/lib/java_cup.jar:/home/travis/build/icyphy/ptII/lib/saxon8.jar:/home/travis/build/icyphy/ptII/lib/saxon8-dom.jar:/home/travis/build/icyphy/ptII/lib/chic.jar:/home/travis/build/icyphy/ptII/lib/ptcolt.jar:/home/travis/build/icyphy/ptII/vendors/misc/itext/iText.jar:/home/travis/build/icyphy/ptII/lib/g4ltl.jar:/home/travis/build/icyphy/ptII/lib/StructuralCoder.jar:/home/travis/build/icyphy/ptII/lib/jcerti.jar:/home/travis/build/icyphy/ptII/lib/javax.mail.jar:/home/travis/build/icyphy/ptII/vendors/JMF-2.1.1e/lib/jmf.jar:/home/travis/build/icyphy/ptII/lib/jna-4.0.0-variadic.jar:/home/travis/build/icyphy/ptII/vendors/misc/joystick/Joystick.jar:/home/travis/build/icyphy/ptII/lib/ptjacl.jar:/home/travis/build/icyphy/ptII/lib/jsoup-1.14.2.jar:/home/travis/build/icyphy/ptII/lib/junit-4.8.2.jar:/home/travis/build/icyphy/ptII/lib/JUnitParams-0.4.0.jar:/home/travis/build/icyphy/ptII/ptolemy/actor/lib/excel/jxl.jar:/home/travis/build/icyphy/ptII/lib/jython.jar:/home/travis/build/icyphy/ptII/lib/kieler.jar:/home/travis/build/icyphy/ptII/vendors/opencv/share/OpenCV/java/opencv-341.jar:/home/travis/build/icyphy/ptII/lib/oscP5.jar:/home/travis/build/icyphy/ptII/lib/nrjavaserial-3.11.0.devel.jar:/home/travis/build/icyphy/ptII/vendors/j3d/lib/Linux/j3dcore.jar:/home/travis/build/icyphy/ptII/vendors/j3d/lib/Linux/j3dutils.jar:/home/travis/build/icyphy/ptII/vendors/j3d/lib/Linux/vecmath.jar:/home/travis/build/icyphy/ptII/vendors/jogl/lib/Linux/gluegen-rt-natives-linux-amd64.jar:/home/travis/build/icyphy/ptII/vendors/jogl/lib/Linux/gluegen-rt.jar:/home/travis/build/icyphy/ptII/vendors/jogl/lib/Linux/jogl-all-natives-linux-amd64.jar:/home/travis/build/icyphy/ptII/vendors/jogl/lib/Linux/jogl-all.jar:/home/travis/build/icyphy/ptII/ptolemy/distributed/jini/jar/jini-core.jar:/home/travis/build/icyphy/ptII/ptolemy/distributed/jini/jar/jini-ext.jar:/home/travis/build/icyphy/ptII/ptolemy/distributed/jini/jar/sun-util.jar:/home/travis/build/icyphy/ptII/lib/protobuf-java-2.4.1.jar:/home/travis/build/icyphy/ptII/lib/org.eclipse.paho.client.mqttv3.jar:/home/travis/build/icyphy/ptII/lib/mapss.jar:/home/travis/build/icyphy/ptII/ptolemy/actor/ptalon/antlr/antlr.jar:/home/travis/build/icyphy/ptII/lib/JRI.jar:/home/travis/build/icyphy/ptII/lib/commons-lang-2.6.jar:/home/travis/build/icyphy/ptII/lib/commons-logging-1.1.1.jar:/home/travis/build/icyphy/ptII/lib/sootclasses.jar:/home/travis/build/icyphy/ptII/ptolemy/actor/lib/database/mysql-connector-java-5.1.6-bin.jar:/home/travis/build/icyphy/ptII/vendors/misc/sphinx4/sphinx4-data-5prealpha.jar:/home/travis/build/icyphy/ptII/vendors/misc/sphinx4/sphinx4-core-5prealpha.jar:/home/travis/build/icyphy/ptII/lib/PDFRenderer.jar:/home/travis/build/icyphy/ptII/lib/svgSalamander.jar:/home/travis/build/icyphy/ptII/lib/rsyntaxtextarea-2.6.0-SNAPSHOT.jar:/home/travis/build/icyphy/ptII/lib/hazelcast-3.8.2.jar:/home/travis/build/icyphy/ptII/lib/jackson-annotations-2.9.0.jar:/home/travis/build/icyphy/ptII/lib/jackson-core-2.9.3.jar:/home/travis/build/icyphy/ptII/lib/jackson-databind-2.9.3.jar:/home/travis/build/icyphy/ptII/lib/netty-buffer-4.1.19.Final.jar:/home/travis/build/icyphy/ptII/lib/netty-codec-4.1.19.Final.jar:/home/travis/build/icyphy/ptII/lib/netty-codec-dns-4.1.19.Final.jar:/home/travis/build/icyphy/ptII/lib/netty-codec-http-4.1.19.Final.jar:/home/travis/build/icyphy/ptII/lib/netty-codec-http2-4.1.19.Final.jar:/home/travis/build/icyphy/ptII/lib/netty-common-4.1.19.Final.jar:/home/travis/build/icyphy/ptII/lib/netty-handler-4.1.19.Final.jar:/home/travis/build/icyphy/ptII/lib/netty-resolver-4.1.19.Final.jar:/home/travis/build/icyphy/ptII/lib/netty-resolver-dns-4.1.19.Final.jar:/home/travis/build/icyphy/ptII/lib/netty-transport-4.1.19.Final.jar:/home/travis/build/icyphy/ptII/lib/vertx-codegen-3.5.1.jar:/home/travis/build/icyphy/ptII/lib/vertx-core-3.5.2-SNAPSHOT.jar:/home/travis/build/icyphy/ptII/lib/vertx-hazelcast-3.5.1.jar:/home/travis/build/icyphy/ptII/lib/vertx-lang-js-3.5.1.jar:/home/travis/build/icyphy/ptII/lib/vertx-service-proxy-3.5.1.jar:/home/travis/build/icyphy/ptII/lib/vertx-web-3.5.1.jar:/home/travis/build/icyphy/ptII/lib/slf4j-api-1.7.13.jar:/home/travis/build/icyphy/ptII/lib/slf4j-simple-1.7.13.jar:/home/travis/build/icyphy/ptII/lib/webcam-capture-0.3.12.jar:/home/travis/build/icyphy/ptII/lib/bridj-0.7.0.jar:/home/travis/build/icyphy/ptII/lib/xbjlib-1.1.0.nrjavaserial.jar" />
    <property name="timeout" value="2400000" />
    <property name="test.batch" value="**/junit/*.java" />
    <property name="env._" value="/usr/bin/timeout" />
    <property name="java.io.tmpdir" value="/tmp" />
    <property name="user.language" value="en" />
    <property name="env.TRAVIS_INTERNAL_RUBY_REGEX" value="^ruby-(2\.[0-4]\.[0-9]|1\.9\.3)" />
    <property name="env.HISTCONTROL" value="ignoredups:ignorespace" />
    <property name="env.GOROOT" value="/home/travis/.gimme/versions/go1.11.1.linux.amd64" />
    <property name="line.separator" value="&#xa;" />
    <property name="target" value="11" />
    <property name="env.TRAVIS_BUILD_DIR" value="/home/travis/build/icyphy/ptII" />
    <property name="env.ANT_OPTS" value="-Xmx2048m" />
    <property name="ant.file.type" value="file" />
    <property name="ptolemy.ptII.batchMode" value="true" />
    <property name="env.HISTSIZE" value="1000" />
    <property name="env.MERB_ENV" value="test" />
    <property name="java.vm.info" value="mixed mode" />
    <property name="source" value="11" />
    <property name="java.vm.specification.name" value="Java Virtual Machine Specification" />
    <property name="env.TRAVIS_TEST_RESULT" value="0" />
    <property name="jsdoc.command" value="node_modules/@terraswarm/jsdoc/jsdoc.js" />
    <property name="npm.works" value="true" />
    <property name="cobertura.dir" value="/home/travis/build/icyphy/ptII/vendors/cobertura-2.0.3" />
    <property name="jsdoc.command.exists" value="true" />
    <property name="env.rvm_path" value="/home/travis/.rvm" />
    <property name="env.GEM_PATH" value="/home/travis/.rvm/gems/ruby-2.5.3:/home/travis/.rvm/gems/ruby-2.5.3@global" />
    <property name="env.LC_CTYPE" value="en_US.UTF-8" />
    <property name="env.TRAVIS_CMD" value="$PTII/bin/ptIITravisBuild.sh $SECONDS" />
    <property name="java.awt.printerjob" value="sun.print.PSPrinterJob" />
    <property name="env.TRAVIS_STACK_NAME" value="sardonyx" />
    <property name="env.TRAVIS_TIMER_START_TIME" value="1629825761280876257" />
    <property name="ant.version" value="Apache Ant(TM) version 1.10.1 compiled on February 2 2017" />
    <property name="ptII.reports" value="/home/travis/build/icyphy/ptII/reports" />
    <property name="env.TRAVIS_STACK_TIMESTAMP" value="2020-06-24 13:13:18 UTC" />
    <property name="ant.file.type.ptII" value="file" />
    <property name="env.RBENV_SHELL" value="bash" />
    <property name="os.name" value="Linux" />
    <property name="java.specification.vendor" value="Oracle Corporation" />
    <property name="env.rvm_version" value="1.29.10 (latest)" />
    <property name="env.TRAVIS_INFRA" value="unknown" />
    <property name="env.TERM" value="xterm" />
    <property name="java.vm.name" value="OpenJDK 64-Bit Server VM" />
    <property name="env.TRAVIS_BUILD_NUMBER" value="1836" />
    <property name="env.CI" value="true" />
    <property name="java.library.path" value="/home/travis/pthla/certi-tools/lib:/usr/lib/jni:/usr/local/share/OpenCV/java/:/usr/share/OpenCV/java::/usr/java/packages/lib:/usr/lib64:/lib64:/lib:/usr/lib" />
    <property name="jdk.module.path" value="/home/travis/build/icyphy/ptII/vendors/javafx/javafx-sdk-11.0.2/lib:" />
    <property name="env.rvm_prefix" value="/home/travis" />
    <property name="env.PATH" value="/home/travis/pthla/certi-tools/share/scripts:/home/travis/.rvm/gems/ruby-2.5.3/bin:/home/travis/.rvm/gems/ruby-2.5.3@global/bin:/home/travis/.rvm/rubies/ruby-2.5.3/bin:/home/travis/.rvm/bin:./node_modules/.bin:/home/travis/build/icyphy/ptII/bin:/home/travis/pthla/certi-tools/bin:/home/travis/bin:/home/travis/.local/bin:/usr/local/lib/jvm/openjdk11/bin:/opt/pyenv/shims:/home/travis/.phpenv/shims:/home/travis/perl5/perlbrew/bin:/home/travis/.nvm/versions/node/v7.10.1/bin:/home/travis/gopath/bin:/home/travis/.gimme/versions/go1.11.1.linux.amd64/bin:/usr/local/maven-3.6.3/bin:/usr/local/cmake-3.12.4/bin:/usr/local/clang-7.0.0/bin:/usr/local/sbin:/usr/local/bin:/usr/sbin:/usr/bin:/sbin:/bin:/snap/bin:/home/travis/.phpenv/bin:/opt/pyenv/bin:/home/travis/.yarn/bin" />
    <property name="env.TRAVIS_OS_NAME" value="linux" />
    <property name="ant.java.version" value="9" />
    <property name="basedir" value="/home/travis/build/icyphy/ptII" />
    <property name="java.class.version" value="55.0" />
    <property name="env.SHLVL" value="3" />
    <property name="env.LD_LIBRARY_PATH" value="/home/travis/pthla/certi-tools/lib:/usr/lib/jni:/usr/local/share/OpenCV/java/:/usr/share/OpenCV/java:" />
    <property name="env.RACK_ENV" value="test" />
    <property name="ant.home" value="/home/travis/build/icyphy/ptII/ant" />
    <property name="env.NVM_DIR" value="/home/travis/.nvm" />
    <property name="env.CERTI_FOM_PATH" value="/home/travis/pthla/certi-tools/share/federations" />
    <property name="env.TRAVIS_BUILD_ID" value="236112682" />
    <property name="env.PYENV_ROOT" value="/opt/pyenv" />
    <property name="env.TRAVIS_UID" value="2000" />
    <property name="prism.verbose" value="true" />
    <property name="env.NVM_BIN" value="/home/travis/.nvm/versions/node/v7.10.1/bin" />
    <property name="env.TRAVIS_COMMIT" value="ebf0e8bf7c2fa855f25430e4e4a774947c14c0ea" />
    <property name="node.executable" value="node" />
    <property name="sun.boot.library.path" value="/usr/local/lib/jvm/openjdk11/lib" />
    <property name="sun.management.compiler" value="HotSpot 64-Bit Tiered Compilers" />
    <property name="java.awt.graphicsenv" value="sun.awt.X11GraphicsEnvironment" />
    <property name="env.GOPATH" value="/home/travis/gopath" />
    <property name="ptolemy.ptII.dir" value="/home/travis/build/icyphy/ptII" />
    <property name="env.USER" value="travis" />
    <property name="env.HISTFILESIZE" value="2000" />
    <property name="env.NVM_INC" value="/home/travis/.nvm/versions/node/v7.10.1/include/node" />
    <property name="timeout.longest" value="19000000" />
    <property name="env.PERLBREW_SHELLRC_VERSION" value="0.88" />
    <property name="env.TRAVIS_STACK_FEATURES" value="basic couchdb disabled-ipv6 docker docker-compose elasticsearch firefox go-toolchain google-chrome jdk memcached mongodb mysql nodejs_interpreter perl_interpreter perlbrew phantomjs postgresql python_interpreter redis ruby_interpreter sqlite xserver" />
    <property name="env.TRAVIS_PULL_REQUEST" value="false" />
    <property name="env.PYENV_SHELL" value="bash" />
    <property name="ant.project.name" value="ptII" />
    <property name="env.ANSI_RESET" value="\033[0m" />
    <property name="java.vm.specification.version" value="11" />
    <property name="env.TRAVIS_DIST" value="xenial" />
    <property name="env.CERTI_VERSION" value="4.0.0" />
    <property name="env.CERTI_HOST" value="localhost" />
    <property name="awt.toolkit" value="sun.awt.X11.XToolkit" />
    <property name="env.MY_RUBY_HOME" value="/home/travis/.rvm/rubies/ruby-2.5.3" />
    <property name="sun.cpu.isalist" value="" />
    <property name="env.TRAVIS_TMPDIR" value="/tmp/tmp.C9ORCWnN6l" />
    <property name="java.vm.compressedOopsMode" value="Zero based" />
    <property name="os.version" value="4.15.0-1077-gcp" />
    <property name="user.home" value="/home/travis" />
    <property name="java.vm.vendor" value="Oracle Corporation" />
    <property name="env.TRAVIS_TAG" value="nightly" />
    <property name="env.ANSI_YELLOW" value="\033[33;1m" />
    <property name="env.TRAVIS_FILTERED" value="redirect_io" />
    <property name="env.ANSI_GREEN" value="\033[32;1m" />
    <property name="env.JAVA_HOME" value="/usr/local/lib/jvm/openjdk11" />
    <property name="javadoc.excludepackagenames" value="adm.cvs2svn.*,build.*,config.*,doc.coding.templates.*,jni.test.jni.meaningOfLife.*,jni.test.jni.testDeux.*,jni.test.jni.testTrois.*,org.terraswarm.accessor.accessors.web.node_modules.*,org.terraswarm.accessor.accessors.web.hosts.cordova.demo.*,org.terraswarm.accessor.accessors.web.hosts.cordova.plugins.*,org.terraswarm.accessor.accessors-svn.*,pt-modules.*,ptolemy.apps.agilent.*,ptolemy.apps.anytimecontrol.*,ptolemy.apps.apes.*,ptolemy.apps.charon.*,ptolemy.apps.crazyboard.*,ptolemy.apps.eclipse.*,ptolemy.apps.etherealSting.*,ptolemy.apps.fullscreen.*,ptolemy.apps.giotto.*,ptolemy.apps.ia.*,ptolemy.apps.interfaces.*,ptolemy.apps.jmf.*,ptolemy.apps.kurt.*,ptolemy.apps.kvm.*,ptolemy.apps.lego.*,ptolemy.apps.lejos.*,ptolemy.apps.midp.*,ptolemy.apps.mobileCoding.*,ptolemy.apps.pendulum.*,ptolemy.apps.rijndael.*,ptolemy.apps.robot.*,ptolemy.apps.security.*,ptolemy.apps.sobel.*,ptolemy.apps.soot.*,ptolemy.apps.throttle.*,ptolemy.apps.tini.*,ptolemy.apps.transmission.*,ptolemy.apps.vergil.*,ptolemy.apps.waba.*,ptolemy.apps.websensor.*,ptolemy.apps.webstart.*,ptolemy.apps.xsl.*,ptolemy.apps.zaurus.*,ptolemy.codegen.c.actor.lib.oldJavaFiles.*,ptolemy.codegen.dsp.lib.*,ptolemy.codegen.kernel.newInterfaces.*,ptolemy.codegen.lib.*,ptolemy.copernicus.kernel.fragment.*,ptolemy.copernicus.shallow.cg.*,ptolemy.domains.giotto.demo.Hierarchy.Hierarchy.*,ptolemy.domains.giotto.demo.Multimode.Multimode.*,ptolemy.domains.giotto.demo.Simple.Simple.*,ptolemy.domains.gr.lib.experimental.*,ptolemy.domains.gro.*,ptolemy.domains.pdf.*,ptolemy.domains.ptinyos.demo.Surge.output.*,ptolemy.moml.test.NoPackageActor.java*,ptolemy.plot.adm.*,ptolemy.plot.servlet.*,reports.*,signed.*,src.*,target.*,vendors.*,ptolemy.copernicus.applet.*,ptolemy.media.viewer.*,ptolemy.actor.corba.*,doc.doclets.*,ptolemy.apps.eclipse.awt.*,ptolemy.backtrack.*,ptolemy.backtrack.ast.*,ptolemy.cg.adapter.generic.program.procedural.c.mbed*,ptolemy.homer.*,ptolemy.actor.lib.jai.*,org.ptolemy.scala.*,diva.util.java2d.svg.*,ptolemy.domains.ptinyos.*,ptolemy.actor.lib.fmi.fmipp.*,,org.terraswarm.accessor.accessors.web.node_modules.*,org.terraswarm.accessor.accessors-svn,ptolemy.apps.*,ptolemy.actor.ptalon.demo.ptinyos.SendAndReceiveCnt.output,ptolemy.actor.ptalon.demo.ptinyos.SenseToLeds.output,ptolemy.domains.ptinyos.demo.CntToLedsAndRfm.output,ptolemy.domains.ptinyos.demo.RfmToLeds.output,ptolemy.domains.ptinyos.demo.SendAndReceiveCnt.output,ptolemy.domains.ptinyos.demo.SenseToLeds.output,ptolemy.actor.lib.jjs.modules.udpSocket.*" />
    <property name="env.PTII" value="/home/travis/build/icyphy/ptII" />
    <property name="env.XDG_SESSION_ID" value="2" />
    <property name="keystore" value="ptKeystore" />
    <property name="env.TRAVIS_COMMIT_MESSAGE" value="configure.in changed." />
    <property name="junit.output.dir" value="/home/travis/build/icyphy/ptII/reports/junit" />
    <property name="npm.return.code" value="0" />
    <property name="user.dir" value="/home/travis/build/icyphy/ptII/ptolemy/domains/continuous/test" />
    <property name="env.TRAVIS_NODE_VERSION" value="7" />
    <property name="env.TRAVIS_EVENT_TYPE" value="push" />
    <property name="env.MAIL" value="/var/mail/travis" />
    <property name="env.PERLBREW_ROOT" value="/home/travis/perl5/perlbrew" />
    <property name="env.PWD" value="/home/travis/build/icyphy/ptII" />
    <property name="timeout.npm" value="45000" />
    <property name="env.PT_TRAVIS_TEST_CORE2_XML" value="true" />
    <property name="env.TRAVIS_ARCH" value="amd64" />
    <property name="sun.cpu.endian" value="little" />
    <property name="env.PAGER" value="cat" />
    <property name="env.TRAVIS_BUILD_STAGE_NAME" value="test" />
    <property name="env.PERLBREW_HOME" value="/home/travis/.perlbrew" />
    <property name="java.vm.version" value="11.0.2+9" />
    <property name="env.RAILS_ENV" value="test" />
    <property name="java.class.path" value="/home/travis/build/icyphy/ptII:/home/travis/build/icyphy/ptII/lib/bsh-2.0b4.jar:/home/travis/build/icyphy/ptII/lib/ptCal.jar:/home/travis/build/icyphy/ptII/lib/java_cup.jar:/home/travis/build/icyphy/ptII/lib/saxon8.jar:/home/travis/build/icyphy/ptII/lib/saxon8-dom.jar:/home/travis/build/icyphy/ptII/lib/chic.jar:/home/travis/build/icyphy/ptII/lib/ptcolt.jar:/home/travis/build/icyphy/ptII/vendors/misc/itext/iText.jar:/home/travis/build/icyphy/ptII/lib/g4ltl.jar:/home/travis/build/icyphy/ptII/lib/StructuralCoder.jar:/home/travis/build/icyphy/ptII/lib/jcerti.jar:/home/travis/build/icyphy/ptII/lib/javax.mail.jar:/home/travis/build/icyphy/ptII/vendors/JMF-2.1.1e/lib/jmf.jar:/home/travis/build/icyphy/ptII/lib/jna-4.0.0-variadic.jar:/home/travis/build/icyphy/ptII/vendors/misc/joystick/Joystick.jar:/home/travis/build/icyphy/ptII/lib/ptjacl.jar:/home/travis/build/icyphy/ptII/lib/jsoup-1.14.2.jar:/home/travis/build/icyphy/ptII/lib/junit-4.8.2.jar:/home/travis/build/icyphy/ptII/lib/JUnitParams-0.4.0.jar:/home/travis/build/icyphy/ptII/ptolemy/actor/lib/excel/jxl.jar:/home/travis/build/icyphy/ptII/lib/jython.jar:/home/travis/build/icyphy/ptII/lib/kieler.jar:/home/travis/build/icyphy/ptII/vendors/opencv/share/OpenCV/java/opencv-341.jar:/home/travis/build/icyphy/ptII/lib/oscP5.jar:/home/travis/build/icyphy/ptII/lib/nrjavaserial-3.11.0.devel.jar:/home/travis/build/icyphy/ptII/vendors/j3d/lib/Linux/j3dcore.jar:/home/travis/build/icyphy/ptII/vendors/j3d/lib/Linux/j3dutils.jar:/home/travis/build/icyphy/ptII/vendors/j3d/lib/Linux/vecmath.jar:/home/travis/build/icyphy/ptII/vendors/jogl/lib/Linux/gluegen-rt-natives-linux-amd64.jar:/home/travis/build/icyphy/ptII/vendors/jogl/lib/Linux/gluegen-rt.jar:/home/travis/build/icyphy/ptII/vendors/jogl/lib/Linux/jogl-all-natives-linux-amd64.jar:/home/travis/build/icyphy/ptII/vendors/jogl/lib/Linux/jogl-all.jar:/home/travis/build/icyphy/ptII/ptolemy/distributed/jini/jar/jini-core.jar:/home/travis/build/icyphy/ptII/ptolemy/distributed/jini/jar/jini-ext.jar:/home/travis/build/icyphy/ptII/ptolemy/distributed/jini/jar/sun-util.jar:/home/travis/build/icyphy/ptII/lib/protobuf-java-2.4.1.jar:/home/travis/build/icyphy/ptII/lib/org.eclipse.paho.client.mqttv3.jar:/home/travis/build/icyphy/ptII/lib/mapss.jar:/home/travis/build/icyphy/ptII/ptolemy/actor/ptalon/antlr/antlr.jar:/home/travis/build/icyphy/ptII/lib/JRI.jar:/home/travis/build/icyphy/ptII/lib/commons-lang-2.6.jar:/home/travis/build/icyphy/ptII/lib/commons-logging-1.1.1.jar:/home/travis/build/icyphy/ptII/lib/sootclasses.jar:/home/travis/build/icyphy/ptII/ptolemy/actor/lib/database/mysql-connector-java-5.1.6-bin.jar:/home/travis/build/icyphy/ptII/vendors/misc/sphinx4/sphinx4-data-5prealpha.jar:/home/travis/build/icyphy/ptII/vendors/misc/sphinx4/sphinx4-core-5prealpha.jar:/home/travis/build/icyphy/ptII/lib/PDFRenderer.jar:/home/travis/build/icyphy/ptII/lib/svgSalamander.jar:/home/travis/build/icyphy/ptII/lib/rsyntaxtextarea-2.6.0-SNAPSHOT.jar:/home/travis/build/icyphy/ptII/lib/hazelcast-3.8.2.jar:/home/travis/build/icyphy/ptII/lib/jackson-annotations-2.9.0.jar:/home/travis/build/icyphy/ptII/lib/jackson-core-2.9.3.jar:/home/travis/build/icyphy/ptII/lib/jackson-databind-2.9.3.jar:/home/travis/build/icyphy/ptII/lib/netty-buffer-4.1.19.Final.jar:/home/travis/build/icyphy/ptII/lib/netty-codec-4.1.19.Final.jar:/home/travis/build/icyphy/ptII/lib/netty-codec-dns-4.1.19.Final.jar:/home/travis/build/icyphy/ptII/lib/netty-codec-http-4.1.19.Final.jar:/home/travis/build/icyphy/ptII/lib/netty-codec-http2-4.1.19.Final.jar:/home/travis/build/icyphy/ptII/lib/netty-common-4.1.19.Final.jar:/home/travis/build/icyphy/ptII/lib/netty-handler-4.1.19.Final.jar:/home/travis/build/icyphy/ptII/lib/netty-resolver-4.1.19.Final.jar:/home/travis/build/icyphy/ptII/lib/netty-resolver-dns-4.1.19.Final.jar:/home/travis/build/icyphy/ptII/lib/netty-transport-4.1.19.Final.jar:/home/travis/build/icyphy/ptII/lib/vertx-codegen-3.5.1.jar:/home/travis/build/icyphy/ptII/lib/vertx-core-3.5.2-SNAPSHOT.jar:/home/travis/build/icyphy/ptII/lib/vertx-hazelcast-3.5.1.jar:/home/travis/build/icyphy/ptII/lib/vertx-lang-js-3.5.1.jar:/home/travis/build/icyphy/ptII/lib/vertx-service-proxy-3.5.1.jar:/home/travis/build/icyphy/ptII/lib/vertx-web-3.5.1.jar:/home/travis/build/icyphy/ptII/lib/slf4j-api-1.7.13.jar:/home/travis/build/icyphy/ptII/lib/slf4j-simple-1.7.13.jar:/home/travis/build/icyphy/ptII/lib/webcam-capture-0.3.12.jar:/home/travis/build/icyphy/ptII/lib/bridj-0.7.0.jar:/home/travis/build/icyphy/ptII/lib/xbjlib-1.1.0.nrjavaserial.jar:/home/travis/build/icyphy/ptII/ptolemy/moml/test:/home/travis/build/icyphy/ptII/ant/lib/ant-launcher.jar:/home/travis/build/icyphy/ptII/ant/lib/ant.jar:/home/travis/build/icyphy/ptII/ant/lib/ant-junit.jar:/home/travis/build/icyphy/ptII/ant/lib/ant-junit4.jar" />
    <property name="ant.library.dir" value="/home/travis/build/icyphy/ptII/ant/lib" />
    <property name="os.arch" value="amd64" />
    <property name="env.CONTINUOUS_INTEGRATION" value="true" />
    <property name="env.TRAVIS_LANGUAGE" value="node_js" />
    <property name="env.TRAVIS_STACK_LANGUAGES" value="__sardonyx__ c c++ clojure cplusplus cpp default generic go groovy java node_js php pure_java python ruby scala" />
    <property name="test.name" value="ptolemy.actor.lib.test.junit.JUnitTclTest" />
    <property name="env.APT_KEY_DONT_WARN_ON_DANGEROUS_USAGE" value="1" />
    <property name="sun.java.launcher" value="SUN_STANDARD" />
    <property name="env.PYTHON_CONFIGURE_OPTS" value="--enable-unicode=ucs4 --with-wide-unicode --enable-shared --enable-ipv6 --enable-loadable-sqlite-extensions --with-computed-gotos" />
    <property name="ant.core.lib" value="/home/travis/build/icyphy/ptII/ant/lib/ant.jar" />
    <property name="java.vm.specification.vendor" value="Oracle Corporation" />
    <property name="env.BCVTB_HOME" value="/home/travis/build/icyphy/ptII/lbnl" />
    <property name="file.separator" value="/" />
    <property name="spotbugs.home" value="/home/travis/build/icyphy/ptII/vendors/spotbugs-3.1.1" />
    <property name="java.runtime.version" value="11.0.2+9" />
    <property name="javafx.verbose" value="true" />
    <property name="env.ANSI_CLEAR" value="\033[0K" />
    <property name="env.HAS_JOSH_K_SEAL_OF_APPROVAL" value="true" />
    <property name="env.XDG_RUNTIME_DIR" value="/run/user/2000" />
    <property name="env.TRAVIS_OSX_IMAGE" value="" />
    <property name="env.TRAVIS_JOB_ID" value="533524463" />
    <property name="env.TRAVIS_BRANCH" value="master" />
    <property name="user.country" value="US" />
    <property name="env.CERTI_HOME_TRAVIS" value="/home/travis/pthla/certi-tools" />
    <property name="env.SHELL" value="/bin/bash" />
    <property name="java.maxmemory.large" value="3200m" />
    <property name="model" value="" />
    <property name="env.CASHER_DIR" value="/home/travis/.casher" />
    <property name="env.NVM_CD_FLAGS" value="" />
    <property name="java.vendor.version" value="18.9" />
    <property name="jshint.executable" value="/home/travis/node_modules/jshint/bin/jshint" />
    <property name="env.JRUBY_OPTS" value=" --client -J-XX:+TieredCompilation -J-XX:TieredStopAtLevel=1 -J-Xss2m -Xcompile.invokedynamic=false" />
    <property name="java.vendor" value="Oracle Corporation" />
    <property name="env.TRAVIS_PRE_CHEF_BOOTSTRAP_TIME" value="2020-06-24T13:13:03" />
    <property name="env.TRAVIS_STACK_JOB_BOARD_REGISTER" value="/.job-board-register.yml" />
    <property name="env.ANSI_RED" value="\033[31;1m" />
    <property name="java.specification.version" value="11" />
    <property name="env.IRBRC" value="/home/travis/.rvm/rubies/ruby-2.5.3/.irbrc" />
    <property name="env.TRAVIS" value="true" />
    <property name="sun.arch.data.model" value="64" />
  </properties>
  <testcase classname="ptolemy.util.test.junit.TclTests" name="[0] ThereAreNoTclTests (RunTclFile)" time="0.008" />
  <testcase classname="ptolemy.util.test.junit.AutoKnownFailedTests" name="[0] ThereAreNoKnowFailedTests (RunModel)" time="0.001" />
  <testcase classname="ptolemy.util.test.junit.AutoNameArchTests" name="[0] ThereAreNoAutoArchTests (RunModel)" time="0.009" />
  <testcase classname="ptolemy.util.test.junit.AutoTests" name="[0] /home/travis/build/icyphy/ptII/ptolemy/domains/continuous/test/auto/BouncingBall.xml (RunModel)" time="3.141" />
  <testcase classname="ptolemy.util.test.junit.AutoTests" name="[1] /home/travis/build/icyphy/ptII/ptolemy/domains/continuous/test/auto/BouncingBallWithoutGR.xml (RunModel)" time="0.931" />
  <testcase classname="ptolemy.util.test.junit.AutoTests" name="[2] /home/travis/build/icyphy/ptII/ptolemy/domains/continuous/test/auto/Brownian.xml (RunModel)" time="0.097" />
  <testcase classname="ptolemy.util.test.junit.AutoTests" name="[3] /home/travis/build/icyphy/ptII/ptolemy/domains/continuous/test/auto/CarTracking.xml (RunModel)" time="3.757" />
  <testcase classname="ptolemy.util.test.junit.AutoTests" name="[4] /home/travis/build/icyphy/ptII/ptolemy/domains/continuous/test/auto/CartPendulum.xml (RunModel)" time="0.513" />
  <testcase classname="ptolemy.util.test.junit.AutoTests" name="[5] /home/travis/build/icyphy/ptII/ptolemy/domains/continuous/test/auto/CausalityInterface10.xml (RunModel)" time="0.048" />
  <testcase classname="ptolemy.util.test.junit.AutoTests" name="[6] /home/travis/build/icyphy/ptII/ptolemy/domains/continuous/test/auto/CausalityInterface11.xml (RunModel)" time="0.044" />
  <testcase classname="ptolemy.util.test.junit.AutoTests" name="[7] /home/travis/build/icyphy/ptII/ptolemy/domains/continuous/test/auto/CausalityInterface12.xml (RunModel)" time="0.047" />
  <testcase classname="ptolemy.util.test.junit.AutoTests" name="[8] /home/travis/build/icyphy/ptII/ptolemy/domains/continuous/test/auto/CausalityInterface13.xml (RunModel)" time="0.038" />
  <testcase classname="ptolemy.util.test.junit.AutoTests" name="[9] /home/travis/build/icyphy/ptII/ptolemy/domains/continuous/test/auto/CausalityInterface14.xml (RunModel)" time="0.03" />
  <testcase classname="ptolemy.util.test.junit.AutoTests" name="[10] /home/travis/build/icyphy/ptII/ptolemy/domains/continuous/test/auto/CausalityInterface4.xml (RunModel)" time="0.041" />
  <testcase classname="ptolemy.util.test.junit.AutoTests" name="[11] /home/travis/build/icyphy/ptII/ptolemy/domains/continuous/test/auto/CausalityInterface5.xml (RunModel)" time="0.049" />
  <testcase classname="ptolemy.util.test.junit.AutoTests" name="[12] /home/travis/build/icyphy/ptII/ptolemy/domains/continuous/test/auto/CausalityInterface6.xml (RunModel)" time="0.028" />
  <testcase classname="ptolemy.util.test.junit.AutoTests" name="[13] /home/travis/build/icyphy/ptII/ptolemy/domains/continuous/test/auto/CausalityInterface7.xml (RunModel)" time="0.044" />
  <testcase classname="ptolemy.util.test.junit.AutoTests" name="[14] /home/travis/build/icyphy/ptII/ptolemy/domains/continuous/test/auto/CausalityInterface8.xml (RunModel)" time="0.037" />
  <testcase classname="ptolemy.util.test.junit.AutoTests" name="[15] /home/travis/build/icyphy/ptII/ptolemy/domains/continuous/test/auto/CausalityInterface9.xml (RunModel)" time="0.044" />
  <testcase classname="ptolemy.util.test.junit.AutoTests" name="[16] /home/travis/build/icyphy/ptII/ptolemy/domains/continuous/test/auto/CausalityInterfaceFeedback1.xml (RunModel)" time="0.028" />
  <testcase classname="ptolemy.util.test.junit.AutoTests" name="[17] /home/travis/build/icyphy/ptII/ptolemy/domains/continuous/test/auto/CausalityInterfaceFeedback2.xml (RunModel)" time="0.036" />
  <testcase classname="ptolemy.util.test.junit.AutoTests" name="[18] /home/travis/build/icyphy/ptII/ptolemy/domains/continuous/test/auto/CompareWithCurrentTime.xml (RunModel)" time="0.029" />
  <testcase classname="ptolemy.util.test.junit.AutoTests" name="[19] /home/travis/build/icyphy/ptII/ptolemy/domains/continuous/test/auto/ComparedClocks.xml (RunModel)" time="0.05" />
  <testcase classname="ptolemy.util.test.junit.AutoTests" name="[20] /home/travis/build/icyphy/ptII/ptolemy/domains/continuous/test/auto/ContinuousAOCClone.xml (RunModel)" time="2.477" />
  <testcase classname="ptolemy.util.test.junit.AutoTests" name="[21] /home/travis/build/icyphy/ptII/ptolemy/domains/continuous/test/auto/ContinuousClock.xml (RunModel)" time="0.058" />
  <testcase classname="ptolemy.util.test.junit.AutoTests" name="[22] /home/travis/build/icyphy/ptII/ptolemy/domains/continuous/test/auto/ContinuousInContinuous.xml (RunModel)" time="0.082" />
  <testcase classname="ptolemy.util.test.junit.AutoTests" name="[23] /home/travis/build/icyphy/ptII/ptolemy/domains/continuous/test/auto/ContinuousInContinuousInContinuous.xml (RunModel)" time="0.019" />
  <testcase classname="ptolemy.util.test.junit.AutoTests" name="[24] /home/travis/build/icyphy/ptII/ptolemy/domains/continuous/test/auto/ContinuousInDE.xml (RunModel)" time="0.136" />
  <testcase classname="ptolemy.util.test.junit.AutoTests" name="[25] /home/travis/build/icyphy/ptII/ptolemy/domains/continuous/test/auto/ContinuousInDE2.xml (RunModel)" time="0.046" />
  <testcase classname="ptolemy.util.test.junit.AutoTests" name="[26] /home/travis/build/icyphy/ptII/ptolemy/domains/continuous/test/auto/ContinuousInDE3.xml (RunModel)" time="0.044" />
  <testcase classname="ptolemy.util.test.junit.AutoTests" name="[27] /home/travis/build/icyphy/ptII/ptolemy/domains/continuous/test/auto/ContinuousInDE4.xml (RunModel)" time="0.023" />
  <testcase classname="ptolemy.util.test.junit.AutoTests" name="[28] /home/travis/build/icyphy/ptII/ptolemy/domains/continuous/test/auto/ContinuousInDEDifferentRefinements.xml (RunModel)" time="0.094" />
  <testcase classname="ptolemy.util.test.junit.AutoTests" name="[29] /home/travis/build/icyphy/ptII/ptolemy/domains/continuous/test/auto/ContinuousInDEDifferentRefinementsPreemptive.xml (RunModel)" time="0.078" />
  <testcase classname="ptolemy.util.test.junit.AutoTests" name="[30] /home/travis/build/icyphy/ptII/ptolemy/domains/continuous/test/auto/ContinuousInDEInContinuous2.xml (RunModel)" time="0.05" />
  <testcase classname="ptolemy.util.test.junit.AutoTests" name="[31] /home/travis/build/icyphy/ptII/ptolemy/domains/continuous/test/auto/ContinuousInDEInContinuous3.xml (RunModel)" time="0.055" />
  <testcase classname="ptolemy.util.test.junit.AutoTests" name="[32] /home/travis/build/icyphy/ptII/ptolemy/domains/continuous/test/auto/ContinuousInDEInput.xml (RunModel)" time="0.034" />
  <testcase classname="ptolemy.util.test.junit.AutoTests" name="[33] /home/travis/build/icyphy/ptII/ptolemy/domains/continuous/test/auto/ContinuousInDEInput2.xml (RunModel)" time="0.033" />
  <testcase classname="ptolemy.util.test.junit.AutoTests" name="[34] /home/travis/build/icyphy/ptII/ptolemy/domains/continuous/test/auto/ContinuousInDEInput3.xml (RunModel)" time="0.027" />
  <testcase classname="ptolemy.util.test.junit.AutoTests" name="[35] /home/travis/build/icyphy/ptII/ptolemy/domains/continuous/test/auto/ContinuousInDESharingRefinement.xml (RunModel)" time="0.15" />
  <testcase classname="ptolemy.util.test.junit.AutoTests" name="[36] /home/travis/build/icyphy/ptII/ptolemy/domains/continuous/test/auto/ContinuousInDEwithNoPorts.xml (RunModel)" time="0.019" />
  <testcase classname="ptolemy.util.test.junit.AutoTests" name="[37] /home/travis/build/icyphy/ptII/ptolemy/domains/continuous/test/auto/ContinuousInsideDE.xml (RunModel)" time="0.072" />
  <testcase classname="ptolemy.util.test.junit.AutoTests" name="[38] /home/travis/build/icyphy/ptII/ptolemy/domains/continuous/test/auto/ContinuousMerge1.xml (RunModel)" time="0.014" />
  <testcase classname="ptolemy.util.test.junit.AutoTests" name="[39] /home/travis/build/icyphy/ptII/ptolemy/domains/continuous/test/auto/ContinuousMerge2.xml (RunModel)" time="0.048" />
  <testcase classname="ptolemy.util.test.junit.AutoTests" name="[40] /home/travis/build/icyphy/ptII/ptolemy/domains/continuous/test/auto/ContinuousMerge3.xml (RunModel)" time="0.057" />
  <testcase classname="ptolemy.util.test.junit.AutoTests" name="[41] /home/travis/build/icyphy/ptII/ptolemy/domains/continuous/test/auto/ContinuousWithinContinuous.xml (RunModel)" time="0.046" />
  <testcase classname="ptolemy.util.test.junit.AutoTests" name="[42] /home/travis/build/icyphy/ptII/ptolemy/domains/continuous/test/auto/ContinuousWithinContinuous2.xml (RunModel)" time="0.084" />
  <testcase classname="ptolemy.util.test.junit.AutoTests" name="[43] /home/travis/build/icyphy/ptII/ptolemy/domains/continuous/test/auto/ContinuousWithinContinuous3.xml (RunModel)" time="0.027" />
  <testcase classname="ptolemy.util.test.junit.AutoTests" name="[44] /home/travis/build/icyphy/ptII/ptolemy/domains/continuous/test/auto/ContinuousWithinContinuous4.xml (RunModel)" time="0.079" />
  <testcase classname="ptolemy.util.test.junit.AutoTests" name="[45] /home/travis/build/icyphy/ptII/ptolemy/domains/continuous/test/auto/ContinuousWithinContinuous5.xml (RunModel)" time="0.027" />
  <testcase classname="ptolemy.util.test.junit.AutoTests" name="[46] /home/travis/build/icyphy/ptII/ptolemy/domains/continuous/test/auto/ContinuousWithinContinuous6.xml (RunModel)" time="0.03" />
  <testcase classname="ptolemy.util.test.junit.AutoTests" name="[47] /home/travis/build/icyphy/ptII/ptolemy/domains/continuous/test/auto/ContinuousWithinContinuous7.xml (RunModel)" time="0.06" />
  <testcase classname="ptolemy.util.test.junit.AutoTests" name="[48] /home/travis/build/icyphy/ptII/ptolemy/domains/continuous/test/auto/DCMotor.xml (RunModel)" time="13.356" />
  <testcase classname="ptolemy.util.test.junit.AutoTests" name="[49] /home/travis/build/icyphy/ptII/ptolemy/domains/continuous/test/auto/DEInContinuous.xml (RunModel)" time="0.028" />
  <testcase classname="ptolemy.util.test.junit.AutoTests" name="[50] /home/travis/build/icyphy/ptII/ptolemy/domains/continuous/test/auto/DEinContinuous2.xml (RunModel)" time="0.031" />
  <testcase classname="ptolemy.util.test.junit.AutoTests" name="[51] /home/travis/build/icyphy/ptII/ptolemy/domains/continuous/test/auto/Derivative.xml (RunModel)" time="0.184" />
  <testcase classname="ptolemy.util.test.junit.AutoTests" name="[52] /home/travis/build/icyphy/ptII/ptolemy/domains/continuous/test/auto/Derivative1.xml (RunModel)" time="0.039" />
  <testcase classname="ptolemy.util.test.junit.AutoTests" name="[53] /home/travis/build/icyphy/ptII/ptolemy/domains/continuous/test/auto/DiscreteClock.xml (RunModel)" time="0.012" />
  <testcase classname="ptolemy.util.test.junit.AutoTests" name="[54] /home/travis/build/icyphy/ptII/ptolemy/domains/continuous/test/auto/EfficiencyCurve.xml (RunModel)" time="0.077" />
  <testcase classname="ptolemy.util.test.junit.AutoTests" name="[55] /home/travis/build/icyphy/ptII/ptolemy/domains/continuous/test/auto/ExponentialResponse.xml (RunModel)" time="0.136" />
  <testcase classname="ptolemy.util.test.junit.AutoTests" name="[56] /home/travis/build/icyphy/ptII/ptolemy/domains/continuous/test/auto/ExponentialResponseRK45.xml (RunModel)" time="0.036" />
  <testcase classname="ptolemy.util.test.junit.AutoTests" name="[57] /home/travis/build/icyphy/ptII/ptolemy/domains/continuous/test/auto/Friction.xml (RunModel)" time="1.506" />
  <testcase classname="ptolemy.util.test.junit.AutoTests" name="[58] /home/travis/build/icyphy/ptII/ptolemy/domains/continuous/test/auto/FurutaPendulum.xml (RunModel)" time="3.047" />
  <testcase classname="ptolemy.util.test.junit.AutoTests" name="[59] /home/travis/build/icyphy/ptII/ptolemy/domains/continuous/test/auto/HierarchicalExecution.xml (RunModel)" time="2.003" />
  <testcase classname="ptolemy.util.test.junit.AutoTests" name="[60] /home/travis/build/icyphy/ptII/ptolemy/domains/continuous/test/auto/HybridPlant.xml (RunModel)" time="0.498" />
  <testcase classname="ptolemy.util.test.junit.AutoTests" name="[61] /home/travis/build/icyphy/ptII/ptolemy/domains/continuous/test/auto/Hysteresis.xml (RunModel)" time="0.18" />
  <testcase classname="ptolemy.util.test.junit.AutoTests" name="[62] /home/travis/build/icyphy/ptII/ptolemy/domains/continuous/test/auto/HysteresisWithRandomDelay.xml (RunModel)" time="0.211" />
  <testcase classname="ptolemy.util.test.junit.AutoTests" name="[63] /home/travis/build/icyphy/ptII/ptolemy/domains/continuous/test/auto/HysteresisWithRandomLosses.xml (RunModel)" time="2.214" />
  <testcase classname="ptolemy.util.test.junit.AutoTests" name="[64] /home/travis/build/icyphy/ptII/ptolemy/domains/continuous/test/auto/ImmediateTransitions.xml (RunModel)" time="0.028" />
  <testcase classname="ptolemy.util.test.junit.AutoTests" name="[65] /home/travis/build/icyphy/ptII/ptolemy/domains/continuous/test/auto/ImpulseFeedback.xml (RunModel)" time="0.016" />
  <testcase classname="ptolemy.util.test.junit.AutoTests" name="[66] /home/travis/build/icyphy/ptII/ptolemy/domains/continuous/test/auto/ImpulseFeedback2.xml (RunModel)" time="0.017" />
  <testcase classname="ptolemy.util.test.junit.AutoTests" name="[67] /home/travis/build/icyphy/ptII/ptolemy/domains/continuous/test/auto/IncreasingRatePoisson.xml (RunModel)" time="0.654" />
  <testcase classname="ptolemy.util.test.junit.AutoTests" name="[68] /home/travis/build/icyphy/ptII/ptolemy/domains/continuous/test/auto/InitialStateFeedback.xml (RunModel)" time="0.015" />
  <testcase classname="ptolemy.util.test.junit.AutoTests" name="[69] /home/travis/build/icyphy/ptII/ptolemy/domains/continuous/test/auto/Integration.xml (RunModel)" time="0.011" />
  <testcase classname="ptolemy.util.test.junit.AutoTests" name="[70] /home/travis/build/icyphy/ptII/ptolemy/domains/continuous/test/auto/Integration2.xml (RunModel)" time="0.08" />
  <testcase classname="ptolemy.util.test.junit.AutoTests" name="[71] /home/travis/build/icyphy/ptII/ptolemy/domains/continuous/test/auto/Integration3.xml (RunModel)" time="0.013" />
  <testcase classname="ptolemy.util.test.junit.AutoTests" name="[72] /home/travis/build/icyphy/ptII/ptolemy/domains/continuous/test/auto/Integration5.xml (RunModel)" time="0.012" />
  <testcase classname="ptolemy.util.test.junit.AutoTests" name="[73] /home/travis/build/icyphy/ptII/ptolemy/domains/continuous/test/auto/IntegratorImpulse.xml (RunModel)" time="0.026" />
  <testcase classname="ptolemy.util.test.junit.AutoTests" name="[74] /home/travis/build/icyphy/ptII/ptolemy/domains/continuous/test/auto/IntegratorImpulse2.xml (RunModel)" time="0.014" />
  <testcase classname="ptolemy.util.test.junit.AutoTests" name="[75] /home/travis/build/icyphy/ptII/ptolemy/domains/continuous/test/auto/LevelCrossing1.xml (RunModel)" time="0.012" />
  <testcase classname="ptolemy.util.test.junit.AutoTests" name="[76] /home/travis/build/icyphy/ptII/ptolemy/domains/continuous/test/auto/LevelCrossing2.xml (RunModel)" time="0.017" />
  <testcase classname="ptolemy.util.test.junit.AutoTests" name="[77] /home/travis/build/icyphy/ptII/ptolemy/domains/continuous/test/auto/LevelCrossing3.xml (RunModel)" time="0.013" />
  <testcase classname="ptolemy.util.test.junit.AutoTests" name="[78] /home/travis/build/icyphy/ptII/ptolemy/domains/continuous/test/auto/LevelCrossing4.xml (RunModel)" time="0.013" />
  <testcase classname="ptolemy.util.test.junit.AutoTests" name="[79] /home/travis/build/icyphy/ptII/ptolemy/domains/continuous/test/auto/LevelCrossing5.xml (RunModel)" time="0.026" />
  <testcase classname="ptolemy.util.test.junit.AutoTests" name="[80] /home/travis/build/icyphy/ptII/ptolemy/domains/continuous/test/auto/LevelCrossing6.xml (RunModel)" time="0.016" />
  <testcase classname="ptolemy.util.test.junit.AutoTests" name="[81] /home/travis/build/icyphy/ptII/ptolemy/domains/continuous/test/auto/LevelCrossingDetector.xml (RunModel)" time="0.032" />
  <testcase classname="ptolemy.util.test.junit.AutoTests" name="[82] /home/travis/build/icyphy/ptII/ptolemy/domains/continuous/test/auto/LevelCrossingDetectorDetectingDirections.xml (RunModel)" time="0.083" />
  <testcase classname="ptolemy.util.test.junit.AutoTests" name="[83] /home/travis/build/icyphy/ptII/ptolemy/domains/continuous/test/auto/LevelCrossingDetectorDetectsGlitches.xml (RunModel)" time="0.057" />
  <testcase classname="ptolemy.util.test.junit.AutoTests" name="[84] /home/travis/build/icyphy/ptII/ptolemy/domains/continuous/test/auto/LevelCrossingNoInitialOuput.xml (RunModel)" time="0.012" />
  <testcase classname="ptolemy.util.test.junit.AutoTests" name="[85] /home/travis/build/icyphy/ptII/ptolemy/domains/continuous/test/auto/LinearStateSpaceExample.xml (RunModel)" time="0.06" />
  <testcase classname="ptolemy.util.test.junit.AutoTests" name="[86] /home/travis/build/icyphy/ptII/ptolemy/domains/continuous/test/auto/Lorenz.xml (RunModel)" time="3.461" />
  <testcase classname="ptolemy.util.test.junit.AutoTests" name="[87] /home/travis/build/icyphy/ptII/ptolemy/domains/continuous/test/auto/LorenzDifferentialSystem.xml (RunModel)" time="0.812" />
  <testcase classname="ptolemy.util.test.junit.AutoTests" name="[88] /home/travis/build/icyphy/ptII/ptolemy/domains/continuous/test/auto/LorenzDifferentialSystemWithInput.xml (RunModel)" time="1.139" />
  <testcase classname="ptolemy.util.test.junit.AutoTests" name="[89] /home/travis/build/icyphy/ptII/ptolemy/domains/continuous/test/auto/LorenzDifferentialSystemWithTime.xml (RunModel)" time="0.617" />
  <testcase classname="ptolemy.util.test.junit.AutoTests" name="[90] /home/travis/build/icyphy/ptII/ptolemy/domains/continuous/test/auto/Microsteps.xml (RunModel)" time="0.026" />
  <testcase classname="ptolemy.util.test.junit.AutoTests" name="[91] /home/travis/build/icyphy/ptII/ptolemy/domains/continuous/test/auto/Modal1.xml (RunModel)" time="0.033" />
  <testcase classname="ptolemy.util.test.junit.AutoTests" name="[92] /home/travis/build/icyphy/ptII/ptolemy/domains/continuous/test/auto/Modal2.xml (RunModel)" time="0.047" />
  <testcase classname="ptolemy.util.test.junit.AutoTests" name="[93] /home/travis/build/icyphy/ptII/ptolemy/domains/continuous/test/auto/ModalTransitionGuardWithReset.xml (RunModel)" time="0.026" />
  <testcase classname="ptolemy.util.test.junit.AutoTests" name="[94] /home/travis/build/icyphy/ptII/ptolemy/domains/continuous/test/auto/ModalTransitionGuardWithResetUsingPreemptiveTransition.xml (RunModel)" time="0.031" />
  <testcase classname="ptolemy.util.test.junit.AutoTests" name="[95] /home/travis/build/icyphy/ptII/ptolemy/domains/continuous/test/auto/ModalTransitionGuardWithResetUsingPreemptiveTransition2.xml (RunModel)" time="0.031" />
  <testcase classname="ptolemy.util.test.junit.AutoTests" name="[96] /home/travis/build/icyphy/ptII/ptolemy/domains/continuous/test/auto/ModalTransitionGuardWithResetUsingPreemptiveTransition3.xml (RunModel)" time="0.026" />
  <testcase classname="ptolemy.util.test.junit.AutoTests" name="[97] /home/travis/build/icyphy/ptII/ptolemy/domains/continuous/test/auto/NewtonsCradle.xml (RunModel)" time="0.745" />
  <testcase classname="ptolemy.util.test.junit.AutoTests" name="[98] /home/travis/build/icyphy/ptII/ptolemy/domains/continuous/test/auto/NewtonsCradleAnimated.xml (RunModel)" time="1.194" />
  <testcase classname="ptolemy.util.test.junit.AutoTests" name="[99] /home/travis/build/icyphy/ptII/ptolemy/domains/continuous/test/auto/NewtonsCradleComplicated.xml (RunModel)" time="0.898" />
  <testcase classname="ptolemy.util.test.junit.AutoTests" name="[100] /home/travis/build/icyphy/ptII/ptolemy/domains/continuous/test/auto/NewtonsCradleNondeterministic.xml (RunModel)" time="0.713" />
  <testcase classname="ptolemy.util.test.junit.AutoTests" name="[101] /home/travis/build/icyphy/ptII/ptolemy/domains/continuous/test/auto/NewtonsCradlePerfectlyInelastic1.xml (RunModel)" time="1.194" />
  <testcase classname="ptolemy.util.test.junit.AutoTests" name="[102] /home/travis/build/icyphy/ptII/ptolemy/domains/continuous/test/auto/Noise.xml (RunModel)" time="0.174" />
  <testcase classname="ptolemy.util.test.junit.AutoTests" name="[103] /home/travis/build/icyphy/ptII/ptolemy/domains/continuous/test/auto/NoiseSpectrum.xml (RunModel)" time="0.723" />
  <testcase classname="ptolemy.util.test.junit.AutoTests" name="[104] /home/travis/build/icyphy/ptII/ptolemy/domains/continuous/test/auto/ParameterizedNewtonsCradleAnimated.xml (RunModel)" time="0.348" />
  <testcase classname="ptolemy.util.test.junit.AutoTests" name="[105] /home/travis/build/icyphy/ptII/ptolemy/domains/continuous/test/auto/ParameterizedNewtonsCradleAnimatedNondeterministic.xml (RunModel)" time="1.086" />
  <testcase classname="ptolemy.util.test.junit.AutoTests" name="[106] /home/travis/build/icyphy/ptII/ptolemy/domains/continuous/test/auto/Pendulum3D.xml (RunModel)" time="0.184" />
  <testcase classname="ptolemy.util.test.junit.AutoTests" name="[107] /home/travis/build/icyphy/ptII/ptolemy/domains/continuous/test/auto/PeriodicSampler.xml (RunModel)" time="0.013" />
  <testcase classname="ptolemy.util.test.junit.AutoTests" name="[108] /home/travis/build/icyphy/ptII/ptolemy/domains/continuous/test/auto/PeriodicSampler1.xml (RunModel)" time="0.04" />
  <testcase classname="ptolemy.util.test.junit.AutoTests" name="[109] /home/travis/build/icyphy/ptII/ptolemy/domains/continuous/test/auto/PeriodicSampler2.xml (RunModel)" time="0.076" />
  <testcase classname="ptolemy.util.test.junit.AutoTests" name="[110] /home/travis/build/icyphy/ptII/ptolemy/domains/continuous/test/auto/Poisson.xml (RunModel)" time="0.407" />
  <testcase classname="ptolemy.util.test.junit.AutoTests" name="[111] /home/travis/build/icyphy/ptII/ptolemy/domains/continuous/test/auto/PoissonClock.xml (RunModel)" time="0.014" />
  <testcase classname="ptolemy.util.test.junit.AutoTests" name="[112] /home/travis/build/icyphy/ptII/ptolemy/domains/continuous/test/auto/PoissonClock2.xml (RunModel)" time="0.012" />
  <testcase classname="ptolemy.util.test.junit.AutoTests" name="[113] /home/travis/build/icyphy/ptII/ptolemy/domains/continuous/test/auto/PortParameterHierarchy.xml (RunModel)" time="0.023" />
  <testcase classname="ptolemy.util.test.junit.AutoTests" name="[114] /home/travis/build/icyphy/ptII/ptolemy/domains/continuous/test/auto/RandomHybridPlant.xml (RunModel)" time="0.508" />
  <testcase classname="ptolemy.util.test.junit.AutoTests" name="[115] /home/travis/build/icyphy/ptII/ptolemy/domains/continuous/test/auto/ResetTransitionWithStartTime1.xml (RunModel)" time="0.028" />
  <testcase classname="ptolemy.util.test.junit.AutoTests" name="[116] /home/travis/build/icyphy/ptII/ptolemy/domains/continuous/test/auto/ResetTransitionWithStartTime2.xml (RunModel)" time="0.031" />
  <testcase classname="ptolemy.util.test.junit.AutoTests" name="[117] /home/travis/build/icyphy/ptII/ptolemy/domains/continuous/test/auto/ResetTransitionWithStartTime3.xml (RunModel)" time="0.035" />
  <testcase classname="ptolemy.util.test.junit.AutoTests" name="[118] /home/travis/build/icyphy/ptII/ptolemy/domains/continuous/test/auto/ResetTransitionWithStartTime4.xml (RunModel)" time="0.025" />
  <testcase classname="ptolemy.util.test.junit.AutoTests" name="[119] /home/travis/build/icyphy/ptII/ptolemy/domains/continuous/test/auto/ResetTransitionWithStartTime5.xml (RunModel)" time="0.031" />
  <testcase classname="ptolemy.util.test.junit.AutoTests" name="[120] /home/travis/build/icyphy/ptII/ptolemy/domains/continuous/test/auto/ResetTransitionWithStartTime6.xml (RunModel)" time="0.023" />
  <testcase classname="ptolemy.util.test.junit.AutoTests" name="[121] /home/travis/build/icyphy/ptII/ptolemy/domains/continuous/test/auto/SRinContinuous.xml (RunModel)" time="0.024" />
  <testcase classname="ptolemy.util.test.junit.AutoTests" name="[122] /home/travis/build/icyphy/ptII/ptolemy/domains/continuous/test/auto/SampledClocks.xml (RunModel)" time="0.028" />
  <testcase classname="ptolemy.util.test.junit.AutoTests" name="[123] /home/travis/build/icyphy/ptII/ptolemy/domains/continuous/test/auto/Satellite.xml (RunModel)" time="0.804" />
  <testcase classname="ptolemy.util.test.junit.AutoTests" name="[124] /home/travis/build/icyphy/ptII/ptolemy/domains/continuous/test/auto/SigmaDelta.xml (RunModel)" time="2.215" />
  <testcase classname="ptolemy.util.test.junit.AutoTests" name="[125] /home/travis/build/icyphy/ptII/ptolemy/domains/continuous/test/auto/SingleRefinement.xml (RunModel)" time="0.372" />
  <testcase classname="ptolemy.util.test.junit.AutoTests" name="[126] /home/travis/build/icyphy/ptII/ptolemy/domains/continuous/test/auto/SinuBouncingBall.xml (RunModel)" time="0.802" />
  <testcase classname="ptolemy.util.test.junit.AutoTests" name="[127] /home/travis/build/icyphy/ptII/ptolemy/domains/continuous/test/auto/Sinusoid.xml (RunModel)" time="0.015" />
  <testcase classname="ptolemy.util.test.junit.AutoTests" name="[128] /home/travis/build/icyphy/ptII/ptolemy/domains/continuous/test/auto/SinusoidInNoise.xml (RunModel)" time="0.859" />
  <testcase classname="ptolemy.util.test.junit.AutoTests" name="[129] /home/travis/build/icyphy/ptII/ptolemy/domains/continuous/test/auto/SinusoidRK45.xml (RunModel)" time="0.014" />
  <testcase classname="ptolemy.util.test.junit.AutoTests" name="[130] /home/travis/build/icyphy/ptII/ptolemy/domains/continuous/test/auto/SinusoidWithMultipleImpulses.xml (RunModel)" time="0.01" />
  <testcase classname="ptolemy.util.test.junit.AutoTests" name="[131] /home/travis/build/icyphy/ptII/ptolemy/domains/continuous/test/auto/SquareWave.xml (RunModel)" time="0.161" />
  <testcase classname="ptolemy.util.test.junit.AutoTests" name="[132] /home/travis/build/icyphy/ptII/ptolemy/domains/continuous/test/auto/Starmac.xml (RunModel)" time="3.343" />
  <testcase classname="ptolemy.util.test.junit.AutoTests" name="[133] /home/travis/build/icyphy/ptII/ptolemy/domains/continuous/test/auto/StaticUnits.xml (RunModel)" time="2.617" />
  <testcase classname="ptolemy.util.test.junit.AutoTests" name="[134] /home/travis/build/icyphy/ptII/ptolemy/domains/continuous/test/auto/StickyMasses.xml (RunModel)" time="0.207" />
  <testcase classname="ptolemy.util.test.junit.AutoTests" name="[135] /home/travis/build/icyphy/ptII/ptolemy/domains/continuous/test/auto/StopTime.xml (RunModel)" time="0.06" />
  <testcase classname="ptolemy.util.test.junit.AutoTests" name="[136] /home/travis/build/icyphy/ptII/ptolemy/domains/continuous/test/auto/StopTime2.xml (RunModel)" time="0.051" />
  <testcase classname="ptolemy.util.test.junit.AutoTests" name="[137] /home/travis/build/icyphy/ptII/ptolemy/domains/continuous/test/auto/Switch.xml (RunModel)" time="0.069" />
  <testcase classname="ptolemy.util.test.junit.AutoTests" name="[138] /home/travis/build/icyphy/ptII/ptolemy/domains/continuous/test/auto/Thermostat.xml (RunModel)" time="0.245" />
  <testcase classname="ptolemy.util.test.junit.AutoTests" name="[139] /home/travis/build/icyphy/ptII/ptolemy/domains/continuous/test/auto/TimeDelay.xml (RunModel)" time="0.013" />
  <testcase classname="ptolemy.util.test.junit.AutoTests" name="[140] /home/travis/build/icyphy/ptII/ptolemy/domains/continuous/test/auto/TimeDelay2.xml (RunModel)" time="0.026" />
  <testcase classname="ptolemy.util.test.junit.AutoTests" name="[141] /home/travis/build/icyphy/ptII/ptolemy/domains/continuous/test/auto/TimeDelay3.xml (RunModel)" time="0.011" />
  <testcase classname="ptolemy.util.test.junit.AutoTests" name="[142] /home/travis/build/icyphy/ptII/ptolemy/domains/continuous/test/auto/TransferAbsentToInside.xml (RunModel)" time="0.098" />
  <testcase classname="ptolemy.util.test.junit.AutoTests" name="[143] /home/travis/build/icyphy/ptII/ptolemy/domains/continuous/test/auto/Transmission.xml (RunModel)" time="0.767" />
  <testcase classname="ptolemy.util.test.junit.AutoTests" name="[144] /home/travis/build/icyphy/ptII/ptolemy/domains/continuous/test/auto/TriggeredContinuousClock.xml (RunModel)" time="0.06" />
  <testcase classname="ptolemy.util.test.junit.AutoTests" name="[145] /home/travis/build/icyphy/ptII/ptolemy/domains/continuous/test/auto/TwoMachineInfiniteBusControl.xml (RunModel)" time="2.441" />
  <testcase classname="ptolemy.util.test.junit.AutoTests" name="[146] /home/travis/build/icyphy/ptII/ptolemy/domains/continuous/test/auto/V2V.xml (RunModel)" time="0.812" />
  <testcase classname="ptolemy.util.test.junit.AutoTests" name="[147] /home/travis/build/icyphy/ptII/ptolemy/domains/continuous/test/auto/hierarchicalModalModel.xml (RunModel)" time="0.033" />
  <testcase classname="ptolemy.util.test.junit.AutoTests" name="[148] /home/travis/build/icyphy/ptII/ptolemy/domains/continuous/test/auto/hierarchicalModalModel1.xml (RunModel)" time="0.038" />
  <testcase classname="ptolemy.util.test.junit.AutoTests" name="[149] /home/travis/build/icyphy/ptII/ptolemy/domains/continuous/test/auto/hierarchicalModalModel2.xml (RunModel)" time="0.029" />
  <testcase classname="ptolemy.util.test.junit.AutoTests" name="[150] /home/travis/build/icyphy/ptII/ptolemy/domains/continuous/test/auto/hierarchicalModalModel3.xml (RunModel)" time="0.022" />
  <testcase classname="ptolemy.util.test.junit.AutoTests" name="[151] /home/travis/build/icyphy/ptII/ptolemy/domains/continuous/test/auto/hierarchicalModalModel4.xml (RunModel)" time="0.023" />
  <testcase classname="ptolemy.util.test.junit.AutoTests" name="[152] /home/travis/build/icyphy/ptII/ptolemy/domains/continuous/test/auto/junk.xml (RunModel)" time="0.132" />
  <system-out><![CDATA[No tcl tests in /home/travis/build/icyphy/ptII/ptolemy/domains/continuous/test
No auto/knownFailedTests/*.xml tests in /home/travis/build/icyphy/ptII/ptolemy/domains/continuous/test
No auto/linux-amd64/*.xml tests in /home/travis/build/icyphy/ptII/ptolemy/domains/continuous/test
AutoTests.java: About to close Vertx.
AutoTests.java: Vertx closed.

===========================================================================================
----------------- testing Tue Aug 24 17:24:18 UTC 2021 /home/travis/build/icyphy/ptII/ptolemy/domains/continuous/test/auto/BouncingBall.xml
----------------- Instantiating /home/travis/build/icyphy/ptII/ptolemy/domains/continuous/test/auto/BouncingBall.xml
2422 ms. Memory: 199680K Free: 173268K (87%)
----------------- Invoking toplevel() on ptolemy.moml.MoMLSimpleApplication@1e5a5c8f
----------------- Done invoking toplevel() on ptolemy.moml.MoMLSimpleApplication@1e5a5c8f
reloadAllAccessors: .BouncingBall

===========================================================================================
----------------- testing Tue Aug 24 17:24:21 UTC 2021 /home/travis/build/icyphy/ptII/ptolemy/domains/continuous/test/auto/BouncingBallWithoutGR.xml
----------------- Instantiating /home/travis/build/icyphy/ptII/ptolemy/domains/continuous/test/auto/BouncingBallWithoutGR.xml
742 ms. Memory: 199680K Free: 112402K (56%)
----------------- Invoking toplevel() on ptolemy.moml.MoMLSimpleApplication@4661ad36
----------------- Done invoking toplevel() on ptolemy.moml.MoMLSimpleApplication@4661ad36
reloadAllAccessors: .BouncingBallWithoutGR

===========================================================================================
----------------- testing Tue Aug 24 17:24:22 UTC 2021 /home/travis/build/icyphy/ptII/ptolemy/domains/continuous/test/auto/Brownian.xml
----------------- Instantiating /home/travis/build/icyphy/ptII/ptolemy/domains/continuous/test/auto/Brownian.xml
32 ms. Memory: 199680K Free: 103696K (52%)
----------------- Invoking toplevel() on ptolemy.moml.MoMLSimpleApplication@30eeb87f
----------------- Done invoking toplevel() on ptolemy.moml.MoMLSimpleApplication@30eeb87f
reloadAllAccessors: .Brownian

===========================================================================================
----------------- testing Tue Aug 24 17:24:22 UTC 2021 /home/travis/build/icyphy/ptII/ptolemy/domains/continuous/test/auto/CarTracking.xml
----------------- Instantiating /home/travis/build/icyphy/ptII/ptolemy/domains/continuous/test/auto/CarTracking.xml
3343 ms. Memory: 239616K Free: 188721K (79%)
----------------- Invoking toplevel() on ptolemy.moml.MoMLSimpleApplication@4acb7bf0
----------------- Done invoking toplevel() on ptolemy.moml.MoMLSimpleApplication@4acb7bf0
reloadAllAccessors: .CarTracking

===========================================================================================
----------------- testing Tue Aug 24 17:24:26 UTC 2021 /home/travis/build/icyphy/ptII/ptolemy/domains/continuous/test/auto/CartPendulum.xml
----------------- Instantiating /home/travis/build/icyphy/ptII/ptolemy/domains/continuous/test/auto/CartPendulum.xml
390 ms. Memory: 239616K Free: 96575K (40%)
----------------- Invoking toplevel() on ptolemy.moml.MoMLSimpleApplication@1ce412ea
----------------- Done invoking toplevel() on ptolemy.moml.MoMLSimpleApplication@1ce412ea
reloadAllAccessors: .CartPendulum

===========================================================================================
----------------- testing Tue Aug 24 17:24:27 UTC 2021 /home/travis/build/icyphy/ptII/ptolemy/domains/continuous/test/auto/CausalityInterface10.xml
----------------- Instantiating /home/travis/build/icyphy/ptII/ptolemy/domains/continuous/test/auto/CausalityInterface10.xml
6 ms. Memory: 239616K Free: 86335K (36%)
----------------- Invoking toplevel() on ptolemy.moml.MoMLSimpleApplication@5bc9003d
----------------- Done invoking toplevel() on ptolemy.moml.MoMLSimpleApplication@5bc9003d
reloadAllAccessors: .CausalityInterface10

===========================================================================================
----------------- testing Tue Aug 24 17:24:27 UTC 2021 /home/travis/build/icyphy/ptII/ptolemy/domains/continuous/test/auto/CausalityInterface11.xml
----------------- Instantiating /home/travis/build/icyphy/ptII/ptolemy/domains/continuous/test/auto/CausalityInterface11.xml
9 ms. Memory: 287744K Free: 269242K (94%)
----------------- Invoking toplevel() on ptolemy.moml.MoMLSimpleApplication@50c6fe08
----------------- Done invoking toplevel() on ptolemy.moml.MoMLSimpleApplication@50c6fe08
reloadAllAccessors: .CausalityInterface11

===========================================================================================
----------------- testing Tue Aug 24 17:24:27 UTC 2021 /home/travis/build/icyphy/ptII/ptolemy/domains/continuous/test/auto/CausalityInterface12.xml
----------------- Instantiating /home/travis/build/icyphy/ptII/ptolemy/domains/continuous/test/auto/CausalityInterface12.xml
11 ms. Memory: 287744K Free: 263098K (91%)
----------------- Invoking toplevel() on ptolemy.moml.MoMLSimpleApplication@883981f
----------------- Done invoking toplevel() on ptolemy.moml.MoMLSimpleApplication@883981f
reloadAllAccessors: .CausalityInterface12

===========================================================================================
----------------- testing Tue Aug 24 17:24:27 UTC 2021 /home/travis/build/icyphy/ptII/ptolemy/domains/continuous/test/auto/CausalityInterface13.xml
----------------- Instantiating /home/travis/build/icyphy/ptII/ptolemy/domains/continuous/test/auto/CausalityInterface13.xml
7 ms. Memory: 287744K Free: 256954K (89%)
----------------- Invoking toplevel() on ptolemy.moml.MoMLSimpleApplication@7ea6509d
----------------- Done invoking toplevel() on ptolemy.moml.MoMLSimpleApplication@7ea6509d
reloadAllAccessors: .CausalityInterface13

===========================================================================================
----------------- testing Tue Aug 24 17:24:27 UTC 2021 /home/travis/build/icyphy/ptII/ptolemy/domains/continuous/test/auto/CausalityInterface14.xml
----------------- Instantiating /home/travis/build/icyphy/ptII/ptolemy/domains/continuous/test/auto/CausalityInterface14.xml
6 ms. Memory: 287744K Free: 251324K (87%)
----------------- Invoking toplevel() on ptolemy.moml.MoMLSimpleApplication@2ebe6acd
----------------- Done invoking toplevel() on ptolemy.moml.MoMLSimpleApplication@2ebe6acd
reloadAllAccessors: .CausalityInterface14

===========================================================================================
----------------- testing Tue Aug 24 17:24:27 UTC 2021 /home/travis/build/icyphy/ptII/ptolemy/domains/continuous/test/auto/CausalityInterface4.xml
----------------- Instantiating /home/travis/build/icyphy/ptII/ptolemy/domains/continuous/test/auto/CausalityInterface4.xml
7 ms. Memory: 287744K Free: 244156K (85%)
----------------- Invoking toplevel() on ptolemy.moml.MoMLSimpleApplication@1098831f
----------------- Done invoking toplevel() on ptolemy.moml.MoMLSimpleApplication@1098831f
reloadAllAccessors: .CausalityInterface4

===========================================================================================
----------------- testing Tue Aug 24 17:24:27 UTC 2021 /home/travis/build/icyphy/ptII/ptolemy/domains/continuous/test/auto/CausalityInterface5.xml
----------------- Instantiating /home/travis/build/icyphy/ptII/ptolemy/domains/continuous/test/auto/CausalityInterface5.xml
8 ms. Memory: 287744K Free: 235964K (82%)
----------------- Invoking toplevel() on ptolemy.moml.MoMLSimpleApplication@6c0e5cdd
----------------- Done invoking toplevel() on ptolemy.moml.MoMLSimpleApplication@6c0e5cdd
reloadAllAccessors: .CausalityInterface5

===========================================================================================
----------------- testing Tue Aug 24 17:24:27 UTC 2021 /home/travis/build/icyphy/ptII/ptolemy/domains/continuous/test/auto/CausalityInterface6.xml
----------------- Instantiating /home/travis/build/icyphy/ptII/ptolemy/domains/continuous/test/auto/CausalityInterface6.xml
6 ms. Memory: 287744K Free: 230315K (80%)
----------------- Invoking toplevel() on ptolemy.moml.MoMLSimpleApplication@23d89f6a
----------------- Done invoking toplevel() on ptolemy.moml.MoMLSimpleApplication@23d89f6a
reloadAllAccessors: .CausalityInterface6

===========================================================================================
----------------- testing Tue Aug 24 17:24:27 UTC 2021 /home/travis/build/icyphy/ptII/ptolemy/domains/continuous/test/auto/CausalityInterface7.xml
----------------- Instantiating /home/travis/build/icyphy/ptII/ptolemy/domains/continuous/test/auto/CausalityInterface7.xml
9 ms. Memory: 287744K Free: 221628K (77%)
----------------- Invoking toplevel() on ptolemy.moml.MoMLSimpleApplication@5a6c7c8d
----------------- Done invoking toplevel() on ptolemy.moml.MoMLSimpleApplication@5a6c7c8d
reloadAllAccessors: .CausalityInterface7

===========================================================================================
----------------- testing Tue Aug 24 17:24:27 UTC 2021 /home/travis/build/icyphy/ptII/ptolemy/domains/continuous/test/auto/CausalityInterface8.xml
----------------- Instantiating /home/travis/build/icyphy/ptII/ptolemy/domains/continuous/test/auto/CausalityInterface8.xml
5 ms. Memory: 287744K Free: 212922K (74%)
----------------- Invoking toplevel() on ptolemy.moml.MoMLSimpleApplication@512c949f
----------------- Done invoking toplevel() on ptolemy.moml.MoMLSimpleApplication@512c949f
reloadAllAccessors: .CausalityInterface8

===========================================================================================
----------------- testing Tue Aug 24 17:24:27 UTC 2021 /home/travis/build/icyphy/ptII/ptolemy/domains/continuous/test/auto/CausalityInterface9.xml
----------------- Instantiating /home/travis/build/icyphy/ptII/ptolemy/domains/continuous/test/auto/CausalityInterface9.xml
8 ms. Memory: 287744K Free: 202172K (70%)
----------------- Invoking toplevel() on ptolemy.moml.MoMLSimpleApplication@3c11aa77
----------------- Done invoking toplevel() on ptolemy.moml.MoMLSimpleApplication@3c11aa77
reloadAllAccessors: .CausalityInterface9

===========================================================================================
----------------- testing Tue Aug 24 17:24:27 UTC 2021 /home/travis/build/icyphy/ptII/ptolemy/domains/continuous/test/auto/CausalityInterfaceFeedback1.xml
----------------- Instantiating /home/travis/build/icyphy/ptII/ptolemy/domains/continuous/test/auto/CausalityInterfaceFeedback1.xml
5 ms. Memory: 287744K Free: 195483K (68%)
----------------- Invoking toplevel() on ptolemy.moml.MoMLSimpleApplication@1fddabc5
----------------- Done invoking toplevel() on ptolemy.moml.MoMLSimpleApplication@1fddabc5
reloadAllAccessors: .CausalityInterfaceFeedback1

===========================================================================================
----------------- testing Tue Aug 24 17:24:27 UTC 2021 /home/travis/build/icyphy/ptII/ptolemy/domains/continuous/test/auto/CausalityInterfaceFeedback2.xml
----------------- Instantiating /home/travis/build/icyphy/ptII/ptolemy/domains/continuous/test/auto/CausalityInterfaceFeedback2.xml
6 ms. Memory: 287744K Free: 188860K (66%)
----------------- Invoking toplevel() on ptolemy.moml.MoMLSimpleApplication@6f08eb0a
----------------- Done invoking toplevel() on ptolemy.moml.MoMLSimpleApplication@6f08eb0a
reloadAllAccessors: .CausalityInterfaceFeedback2

===========================================================================================
----------------- testing Tue Aug 24 17:24:27 UTC 2021 /home/travis/build/icyphy/ptII/ptolemy/domains/continuous/test/auto/CompareWithCurrentTime.xml
----------------- Instantiating /home/travis/build/icyphy/ptII/ptolemy/domains/continuous/test/auto/CompareWithCurrentTime.xml
2 ms. Memory: 287744K Free: 184764K (64%)
----------------- Invoking toplevel() on ptolemy.moml.MoMLSimpleApplication@522849c6
----------------- Done invoking toplevel() on ptolemy.moml.MoMLSimpleApplication@522849c6
reloadAllAccessors: .CompareWithCurrentTime

===========================================================================================
----------------- testing Tue Aug 24 17:24:27 UTC 2021 /home/travis/build/icyphy/ptII/ptolemy/domains/continuous/test/auto/ComparedClocks.xml
----------------- Instantiating /home/travis/build/icyphy/ptII/ptolemy/domains/continuous/test/auto/ComparedClocks.xml
6 ms. Memory: 287744K Free: 168875K (59%)
----------------- Invoking toplevel() on ptolemy.moml.MoMLSimpleApplication@133304d7
----------------- Done invoking toplevel() on ptolemy.moml.MoMLSimpleApplication@133304d7
reloadAllAccessors: .ComparedClocks

===========================================================================================
----------------- testing Tue Aug 24 17:24:27 UTC 2021 /home/travis/build/icyphy/ptII/ptolemy/domains/continuous/test/auto/ContinuousAOCClone.xml
----------------- Instantiating /home/travis/build/icyphy/ptII/ptolemy/domains/continuous/test/auto/ContinuousAOCClone.xml
2229 ms. Memory: 287744K Free: 143082K (50%)
----------------- Invoking toplevel() on ptolemy.moml.MoMLSimpleApplication@5b6ede31
----------------- Done invoking toplevel() on ptolemy.moml.MoMLSimpleApplication@5b6ede31
reloadAllAccessors: .ContinuousAOCClone

===========================================================================================
----------------- testing Tue Aug 24 17:24:30 UTC 2021 /home/travis/build/icyphy/ptII/ptolemy/domains/continuous/test/auto/ContinuousClock.xml
----------------- Instantiating /home/travis/build/icyphy/ptII/ptolemy/domains/continuous/test/auto/ContinuousClock.xml
26 ms. Memory: 287744K Free: 121033K (42%)
----------------- Invoking toplevel() on ptolemy.moml.MoMLSimpleApplication@2457dc5d
----------------- Done invoking toplevel() on ptolemy.moml.MoMLSimpleApplication@2457dc5d
reloadAllAccessors: .ContinuousClock

===========================================================================================
----------------- testing Tue Aug 24 17:24:30 UTC 2021 /home/travis/build/icyphy/ptII/ptolemy/domains/continuous/test/auto/ContinuousInContinuous.xml
----------------- Instantiating /home/travis/build/icyphy/ptII/ptolemy/domains/continuous/test/auto/ContinuousInContinuous.xml
44 ms. Memory: 287744K Free: 267666K (93%)
----------------- Invoking toplevel() on ptolemy.moml.MoMLSimpleApplication@5afbc93f
----------------- Done invoking toplevel() on ptolemy.moml.MoMLSimpleApplication@5afbc93f
reloadAllAccessors: .ContinuousInContinuous

===========================================================================================
----------------- testing Tue Aug 24 17:24:30 UTC 2021 /home/travis/build/icyphy/ptII/ptolemy/domains/continuous/test/auto/ContinuousInContinuousInContinuous.xml
----------------- Instantiating /home/travis/build/icyphy/ptII/ptolemy/domains/continuous/test/auto/ContinuousInContinuousInContinuous.xml
6 ms. Memory: 287744K Free: 259292K (90%)
----------------- Invoking toplevel() on ptolemy.moml.MoMLSimpleApplication@4ae402a1
----------------- Done invoking toplevel() on ptolemy.moml.MoMLSimpleApplication@4ae402a1
reloadAllAccessors: .ContinuousInContinuousInContinuous

===========================================================================================
----------------- testing Tue Aug 24 17:24:30 UTC 2021 /home/travis/build/icyphy/ptII/ptolemy/domains/continuous/test/auto/ContinuousInDE.xml
----------------- Instantiating /home/travis/build/icyphy/ptII/ptolemy/domains/continuous/test/auto/ContinuousInDE.xml
100 ms. Memory: 287744K Free: 249052K (87%)
----------------- Invoking toplevel() on ptolemy.moml.MoMLSimpleApplication@e645a9
----------------- Done invoking toplevel() on ptolemy.moml.MoMLSimpleApplication@e645a9
reloadAllAccessors: .ContinuousInDE

===========================================================================================
----------------- testing Tue Aug 24 17:24:30 UTC 2021 /home/travis/build/icyphy/ptII/ptolemy/domains/continuous/test/auto/ContinuousInDE2.xml
----------------- Instantiating /home/travis/build/icyphy/ptII/ptolemy/domains/continuous/test/auto/ContinuousInDE2.xml
29 ms. Memory: 287744K Free: 239326K (83%)
----------------- Invoking toplevel() on ptolemy.moml.MoMLSimpleApplication@3371ef5e
----------------- Done invoking toplevel() on ptolemy.moml.MoMLSimpleApplication@3371ef5e
reloadAllAccessors: .ContinuousInDE2

===========================================================================================
----------------- testing Tue Aug 24 17:24:30 UTC 2021 /home/travis/build/icyphy/ptII/ptolemy/domains/continuous/test/auto/ContinuousInDE3.xml
----------------- Instantiating /home/travis/build/icyphy/ptII/ptolemy/domains/continuous/test/auto/ContinuousInDE3.xml
30 ms. Memory: 287744K Free: 229596K (80%)
----------------- Invoking toplevel() on ptolemy.moml.MoMLSimpleApplication@67bba7c9
----------------- Done invoking toplevel() on ptolemy.moml.MoMLSimpleApplication@67bba7c9
reloadAllAccessors: .ContinuousInDE3

===========================================================================================
----------------- testing Tue Aug 24 17:24:30 UTC 2021 /home/travis/build/icyphy/ptII/ptolemy/domains/continuous/test/auto/ContinuousInDE4.xml
----------------- Instantiating /home/travis/build/icyphy/ptII/ptolemy/domains/continuous/test/auto/ContinuousInDE4.xml
9 ms. Memory: 287744K Free: 223452K (78%)
----------------- Invoking toplevel() on ptolemy.moml.MoMLSimpleApplication@441d8115
----------------- Done invoking toplevel() on ptolemy.moml.MoMLSimpleApplication@441d8115
reloadAllAccessors: .ContinuousInDE4

===========================================================================================
----------------- testing Tue Aug 24 17:24:30 UTC 2021 /home/travis/build/icyphy/ptII/ptolemy/domains/continuous/test/auto/ContinuousInDEDifferentRefinements.xml
----------------- Instantiating /home/travis/build/icyphy/ptII/ptolemy/domains/continuous/test/auto/ContinuousInDEDifferentRefinements.xml
60 ms. Memory: 287744K Free: 192222K (67%)
----------------- Invoking toplevel() on ptolemy.moml.MoMLSimpleApplication@7cc4d7c0
----------------- Done invoking toplevel() on ptolemy.moml.MoMLSimpleApplication@7cc4d7c0
reloadAllAccessors: .ContinuousInDEDifferentRefinements

===========================================================================================
----------------- testing Tue Aug 24 17:24:30 UTC 2021 /home/travis/build/icyphy/ptII/ptolemy/domains/continuous/test/auto/ContinuousInDEDifferentRefinementsPreemptive.xml
----------------- Instantiating /home/travis/build/icyphy/ptII/ptolemy/domains/continuous/test/auto/ContinuousInDEDifferentRefinementsPreemptive.xml
39 ms. Memory: 287744K Free: 161502K (56%)
----------------- Invoking toplevel() on ptolemy.moml.MoMLSimpleApplication@36854535
----------------- Done invoking toplevel() on ptolemy.moml.MoMLSimpleApplication@36854535
reloadAllAccessors: .ContinuousInDEDifferentRefinementsPreemptive

===========================================================================================
----------------- testing Tue Aug 24 17:24:30 UTC 2021 /home/travis/build/icyphy/ptII/ptolemy/domains/continuous/test/auto/ContinuousInDEInContinuous2.xml
----------------- Instantiating /home/travis/build/icyphy/ptII/ptolemy/domains/continuous/test/auto/ContinuousInDEInContinuous2.xml
32 ms. Memory: 287744K Free: 149724K (52%)
----------------- Invoking toplevel() on ptolemy.moml.MoMLSimpleApplication@2b45e5c2
----------------- Done invoking toplevel() on ptolemy.moml.MoMLSimpleApplication@2b45e5c2
reloadAllAccessors: .ContinuousInDEInContinuous2

===========================================================================================
----------------- testing Tue Aug 24 17:24:30 UTC 2021 /home/travis/build/icyphy/ptII/ptolemy/domains/continuous/test/auto/ContinuousInDEInContinuous3.xml
----------------- Instantiating /home/travis/build/icyphy/ptII/ptolemy/domains/continuous/test/auto/ContinuousInDEInContinuous3.xml
33 ms. Memory: 287744K Free: 137436K (48%)
----------------- Invoking toplevel() on ptolemy.moml.MoMLSimpleApplication@59db72d5
----------------- Done invoking toplevel() on ptolemy.moml.MoMLSimpleApplication@59db72d5
reloadAllAccessors: .ContinuousInDEInContinuous3

===========================================================================================
----------------- testing Tue Aug 24 17:24:30 UTC 2021 /home/travis/build/icyphy/ptII/ptolemy/domains/continuous/test/auto/ContinuousInDEInput.xml
----------------- Instantiating /home/travis/build/icyphy/ptII/ptolemy/domains/continuous/test/auto/ContinuousInDEInput.xml
13 ms. Memory: 287744K Free: 130268K (45%)
----------------- Invoking toplevel() on ptolemy.moml.MoMLSimpleApplication@62615c6d
----------------- Done invoking toplevel() on ptolemy.moml.MoMLSimpleApplication@62615c6d
reloadAllAccessors: .ContinuousInDEInput

===========================================================================================
----------------- testing Tue Aug 24 17:24:30 UTC 2021 /home/travis/build/icyphy/ptII/ptolemy/domains/continuous/test/auto/ContinuousInDEInput2.xml
----------------- Instantiating /home/travis/build/icyphy/ptII/ptolemy/domains/continuous/test/auto/ContinuousInDEInput2.xml
12 ms. Memory: 287744K Free: 123100K (43%)
----------------- Invoking toplevel() on ptolemy.moml.MoMLSimpleApplication@637127a9
----------------- Done invoking toplevel() on ptolemy.moml.MoMLSimpleApplication@637127a9
reloadAllAccessors: .ContinuousInDEInput2

===========================================================================================
----------------- testing Tue Aug 24 17:24:30 UTC 2021 /home/travis/build/icyphy/ptII/ptolemy/domains/continuous/test/auto/ContinuousInDEInput3.xml
----------------- Instantiating /home/travis/build/icyphy/ptII/ptolemy/domains/continuous/test/auto/ContinuousInDEInput3.xml
13 ms. Memory: 287744K Free: 115932K (40%)
----------------- Invoking toplevel() on ptolemy.moml.MoMLSimpleApplication@39854e40
----------------- Done invoking toplevel() on ptolemy.moml.MoMLSimpleApplication@39854e40
reloadAllAccessors: .ContinuousInDEInput3

===========================================================================================
----------------- testing Tue Aug 24 17:24:30 UTC 2021 /home/travis/build/icyphy/ptII/ptolemy/domains/continuous/test/auto/ContinuousInDESharingRefinement.xml
----------------- Instantiating /home/travis/build/icyphy/ptII/ptolemy/domains/continuous/test/auto/ContinuousInDESharingRefinement.xml
123 ms. Memory: 287744K Free: 192121K (67%)
----------------- Invoking toplevel() on ptolemy.moml.MoMLSimpleApplication@aaeb637
----------------- Done invoking toplevel() on ptolemy.moml.MoMLSimpleApplication@aaeb637
reloadAllAccessors: .ContinuousInDESharingRefinement

===========================================================================================
----------------- testing Tue Aug 24 17:24:31 UTC 2021 /home/travis/build/icyphy/ptII/ptolemy/domains/continuous/test/auto/ContinuousInDEwithNoPorts.xml
----------------- Instantiating /home/travis/build/icyphy/ptII/ptolemy/domains/continuous/test/auto/ContinuousInDEwithNoPorts.xml
5 ms. Memory: 287744K Free: 187661K (65%)
----------------- Invoking toplevel() on ptolemy.moml.MoMLSimpleApplication@14551da3
----------------- Done invoking toplevel() on ptolemy.moml.MoMLSimpleApplication@14551da3
reloadAllAccessors: .ContinuousInDEwithNoPorts

===========================================================================================
----------------- testing Tue Aug 24 17:24:31 UTC 2021 /home/travis/build/icyphy/ptII/ptolemy/domains/continuous/test/auto/ContinuousInsideDE.xml
----------------- Instantiating /home/travis/build/icyphy/ptII/ptolemy/domains/continuous/test/auto/ContinuousInsideDE.xml
27 ms. Memory: 287744K Free: 176397K (61%)
----------------- Invoking toplevel() on ptolemy.moml.MoMLSimpleApplication@22de79e9
----------------- Done invoking toplevel() on ptolemy.moml.MoMLSimpleApplication@22de79e9
reloadAllAccessors: .ContinuousInsideDE

===========================================================================================
----------------- testing Tue Aug 24 17:24:31 UTC 2021 /home/travis/build/icyphy/ptII/ptolemy/domains/continuous/test/auto/ContinuousMerge1.xml
----------------- Instantiating /home/travis/build/icyphy/ptII/ptolemy/domains/continuous/test/auto/ContinuousMerge1.xml
2 ms. Memory: 287744K Free: 172301K (60%)
----------------- Invoking toplevel() on ptolemy.moml.MoMLSimpleApplication@2f164f58
----------------- Done invoking toplevel() on ptolemy.moml.MoMLSimpleApplication@2f164f58
reloadAllAccessors: .ContinuousMerge1

===========================================================================================
----------------- testing Tue Aug 24 17:24:31 UTC 2021 /home/travis/build/icyphy/ptII/ptolemy/domains/continuous/test/auto/ContinuousMerge2.xml
----------------- Instantiating /home/travis/build/icyphy/ptII/ptolemy/domains/continuous/test/auto/ContinuousMerge2.xml
16 ms. Memory: 287744K Free: 161547K (56%)
----------------- Invoking toplevel() on ptolemy.moml.MoMLSimpleApplication@4d8b3bbc
----------------- Done invoking toplevel() on ptolemy.moml.MoMLSimpleApplication@4d8b3bbc
reloadAllAccessors: .ContinuousMerge2

===========================================================================================
----------------- testing Tue Aug 24 17:24:31 UTC 2021 /home/travis/build/icyphy/ptII/ptolemy/domains/continuous/test/auto/ContinuousMerge3.xml
----------------- Instantiating /home/travis/build/icyphy/ptII/ptolemy/domains/continuous/test/auto/ContinuousMerge3.xml
35 ms. Memory: 287744K Free: 150797K (52%)
----------------- Invoking toplevel() on ptolemy.moml.MoMLSimpleApplication@1e5d8f14
----------------- Done invoking toplevel() on ptolemy.moml.MoMLSimpleApplication@1e5d8f14
reloadAllAccessors: .ContinuousMerge3

===========================================================================================
----------------- testing Tue Aug 24 17:24:31 UTC 2021 /home/travis/build/icyphy/ptII/ptolemy/domains/continuous/test/auto/ContinuousWithinContinuous.xml
----------------- Instantiating /home/travis/build/icyphy/ptII/ptolemy/domains/continuous/test/auto/ContinuousWithinContinuous.xml
28 ms. Memory: 287744K Free: 141067K (49%)
----------------- Invoking toplevel() on ptolemy.moml.MoMLSimpleApplication@3c839b4e
----------------- Done invoking toplevel() on ptolemy.moml.MoMLSimpleApplication@3c839b4e
reloadAllAccessors: .ContinuousWithinContinuous

===========================================================================================
----------------- testing Tue Aug 24 17:24:31 UTC 2021 /home/travis/build/icyphy/ptII/ptolemy/domains/continuous/test/auto/ContinuousWithinContinuous2.xml
----------------- Instantiating /home/travis/build/icyphy/ptII/ptolemy/domains/continuous/test/auto/ContinuousWithinContinuous2.xml
57 ms. Memory: 287744K Free: 129803K (45%)
----------------- Invoking toplevel() on ptolemy.moml.MoMLSimpleApplication@49012de3
----------------- Done invoking toplevel() on ptolemy.moml.MoMLSimpleApplication@49012de3
reloadAllAccessors: .ContinuousWithinContinuous2

===========================================================================================
----------------- testing Tue Aug 24 17:24:31 UTC 2021 /home/travis/build/icyphy/ptII/ptolemy/domains/continuous/test/auto/ContinuousWithinContinuous3.xml
----------------- Instantiating /home/travis/build/icyphy/ptII/ptolemy/domains/continuous/test/auto/ContinuousWithinContinuous3.xml
11 ms. Memory: 287744K Free: 122635K (43%)
----------------- Invoking toplevel() on ptolemy.moml.MoMLSimpleApplication@6447255e
----------------- Done invoking toplevel() on ptolemy.moml.MoMLSimpleApplication@6447255e
reloadAllAccessors: .ContinuousWithinContinuous3

===========================================================================================
----------------- testing Tue Aug 24 17:24:31 UTC 2021 /home/travis/build/icyphy/ptII/ptolemy/domains/continuous/test/auto/ContinuousWithinContinuous4.xml
----------------- Instantiating /home/travis/build/icyphy/ptII/ptolemy/domains/continuous/test/auto/ContinuousWithinContinuous4.xml
56 ms. Memory: 287744K Free: 110347K (38%)
----------------- Invoking toplevel() on ptolemy.moml.MoMLSimpleApplication@2aebe3e0
----------------- Done invoking toplevel() on ptolemy.moml.MoMLSimpleApplication@2aebe3e0
reloadAllAccessors: .ContinuousWithinContinuous4

===========================================================================================
----------------- testing Tue Aug 24 17:24:31 UTC 2021 /home/travis/build/icyphy/ptII/ptolemy/domains/continuous/test/auto/ContinuousWithinContinuous5.xml
----------------- Instantiating /home/travis/build/icyphy/ptII/ptolemy/domains/continuous/test/auto/ContinuousWithinContinuous5.xml
10 ms. Memory: 287744K Free: 103179K (36%)
----------------- Invoking toplevel() on ptolemy.moml.MoMLSimpleApplication@1dfe194e
----------------- Done invoking toplevel() on ptolemy.moml.MoMLSimpleApplication@1dfe194e
reloadAllAccessors: .ContinuousWithinContinuous5

===========================================================================================
----------------- testing Tue Aug 24 17:24:31 UTC 2021 /home/travis/build/icyphy/ptII/ptolemy/domains/continuous/test/auto/ContinuousWithinContinuous6.xml
----------------- Instantiating /home/travis/build/icyphy/ptII/ptolemy/domains/continuous/test/auto/ContinuousWithinContinuous6.xml
9 ms. Memory: 287744K Free: 267118K (93%)
----------------- Invoking toplevel() on ptolemy.moml.MoMLSimpleApplication@52d9196c
----------------- Done invoking toplevel() on ptolemy.moml.MoMLSimpleApplication@52d9196c
reloadAllAccessors: .ContinuousWithinContinuous6

===========================================================================================
----------------- testing Tue Aug 24 17:24:31 UTC 2021 /home/travis/build/icyphy/ptII/ptolemy/domains/continuous/test/auto/ContinuousWithinContinuous7.xml
----------------- Instantiating /home/travis/build/icyphy/ptII/ptolemy/domains/continuous/test/auto/ContinuousWithinContinuous7.xml
44 ms. Memory: 287744K Free: 256368K (89%)
----------------- Invoking toplevel() on ptolemy.moml.MoMLSimpleApplication@6125bd00
----------------- Done invoking toplevel() on ptolemy.moml.MoMLSimpleApplication@6125bd00
reloadAllAccessors: .ContinuousWithinContinuous7

===========================================================================================
----------------- testing Tue Aug 24 17:24:31 UTC 2021 /home/travis/build/icyphy/ptII/ptolemy/domains/continuous/test/auto/DCMotor.xml
----------------- Instantiating /home/travis/build/icyphy/ptII/ptolemy/domains/continuous/test/auto/DCMotor.xml
13275 ms. Memory: 287744K Free: 204661K (71%)
----------------- Invoking toplevel() on ptolemy.moml.MoMLSimpleApplication@595f0c49
----------------- Done invoking toplevel() on ptolemy.moml.MoMLSimpleApplication@595f0c49
reloadAllAccessors: .DCMotor

===========================================================================================
----------------- testing Tue Aug 24 17:24:45 UTC 2021 /home/travis/build/icyphy/ptII/ptolemy/domains/continuous/test/auto/DEInContinuous.xml
----------------- Instantiating /home/travis/build/icyphy/ptII/ptolemy/domains/continuous/test/auto/DEInContinuous.xml
11 ms. Memory: 287744K Free: 198517K (69%)
----------------- Invoking toplevel() on ptolemy.moml.MoMLSimpleApplication@4cfae44d
----------------- Done invoking toplevel() on ptolemy.moml.MoMLSimpleApplication@4cfae44d
reloadAllAccessors: .DEInContinuous

===========================================================================================
----------------- testing Tue Aug 24 17:24:45 UTC 2021 /home/travis/build/icyphy/ptII/ptolemy/domains/continuous/test/auto/DEinContinuous2.xml
----------------- Instantiating /home/travis/build/icyphy/ptII/ptolemy/domains/continuous/test/auto/DEinContinuous2.xml
5 ms. Memory: 287744K Free: 190325K (66%)
----------------- Invoking toplevel() on ptolemy.moml.MoMLSimpleApplication@5e7341f7
----------------- Done invoking toplevel() on ptolemy.moml.MoMLSimpleApplication@5e7341f7
reloadAllAccessors: .DEinContinuous2

===========================================================================================
----------------- testing Tue Aug 24 17:24:45 UTC 2021 /home/travis/build/icyphy/ptII/ptolemy/domains/continuous/test/auto/Derivative.xml
----------------- Instantiating /home/travis/build/icyphy/ptII/ptolemy/domains/continuous/test/auto/Derivative.xml
144 ms. Memory: 287744K Free: 161139K (56%)
----------------- Invoking toplevel() on ptolemy.moml.MoMLSimpleApplication@6ef21013
----------------- Done invoking toplevel() on ptolemy.moml.MoMLSimpleApplication@6ef21013
reloadAllAccessors: .Derivative2

===========================================================================================
----------------- testing Tue Aug 24 17:24:45 UTC 2021 /home/travis/build/icyphy/ptII/ptolemy/domains/continuous/test/auto/Derivative1.xml
----------------- Instantiating /home/travis/build/icyphy/ptII/ptolemy/domains/continuous/test/auto/Derivative1.xml
17 ms. Memory: 287744K Free: 146803K (51%)
----------------- Invoking toplevel() on ptolemy.moml.MoMLSimpleApplication@1a7538e2
----------------- Done invoking toplevel() on ptolemy.moml.MoMLSimpleApplication@1a7538e2
reloadAllAccessors: .Derivative1

===========================================================================================
----------------- testing Tue Aug 24 17:24:45 UTC 2021 /home/travis/build/icyphy/ptII/ptolemy/domains/continuous/test/auto/DiscreteClock.xml
----------------- Instantiating /home/travis/build/icyphy/ptII/ptolemy/domains/continuous/test/auto/DiscreteClock.xml
3 ms. Memory: 287744K Free: 141683K (49%)
----------------- Invoking toplevel() on ptolemy.moml.MoMLSimpleApplication@356b78f9
----------------- Done invoking toplevel() on ptolemy.moml.MoMLSimpleApplication@356b78f9
reloadAllAccessors: .DiscreteClock

===========================================================================================
----------------- testing Tue Aug 24 17:24:45 UTC 2021 /home/travis/build/icyphy/ptII/ptolemy/domains/continuous/test/auto/EfficiencyCurve.xml
----------------- Instantiating /home/travis/build/icyphy/ptII/ptolemy/domains/continuous/test/auto/EfficiencyCurve.xml
56 ms. Memory: 287744K Free: 132467K (46%)
----------------- Invoking toplevel() on ptolemy.moml.MoMLSimpleApplication@24e7da16
----------------- Done invoking toplevel() on ptolemy.moml.MoMLSimpleApplication@24e7da16
reloadAllAccessors: .EfficiencyCurve

===========================================================================================
----------------- testing Tue Aug 24 17:24:45 UTC 2021 /home/travis/build/icyphy/ptII/ptolemy/domains/continuous/test/auto/ExponentialResponse.xml
----------------- Instantiating /home/travis/build/icyphy/ptII/ptolemy/domains/continuous/test/auto/ExponentialResponse.xml
112 ms. Memory: 287744K Free: 116597K (41%)
----------------- Invoking toplevel() on ptolemy.moml.MoMLSimpleApplication@64aa9032
----------------- Done invoking toplevel() on ptolemy.moml.MoMLSimpleApplication@64aa9032
reloadAllAccessors: .ExponentialResponse

===========================================================================================
----------------- testing Tue Aug 24 17:24:45 UTC 2021 /home/travis/build/icyphy/ptII/ptolemy/domains/continuous/test/auto/ExponentialResponseRK45.xml
----------------- Instantiating /home/travis/build/icyphy/ptII/ptolemy/domains/continuous/test/auto/ExponentialResponseRK45.xml
27 ms. Memory: 287744K Free: 109939K (38%)
----------------- Invoking toplevel() on ptolemy.moml.MoMLSimpleApplication@6154075b
----------------- Done invoking toplevel() on ptolemy.moml.MoMLSimpleApplication@6154075b
reloadAllAccessors: .ExponentialResponseRK45

===========================================================================================
----------------- testing Tue Aug 24 17:24:45 UTC 2021 /home/travis/build/icyphy/ptII/ptolemy/domains/continuous/test/auto/Friction.xml
----------------- Instantiating /home/travis/build/icyphy/ptII/ptolemy/domains/continuous/test/auto/Friction.xml
1390 ms. Memory: 287744K Free: 191175K (66%)
----------------- Invoking toplevel() on ptolemy.moml.MoMLSimpleApplication@35d83df8
----------------- Done invoking toplevel() on ptolemy.moml.MoMLSimpleApplication@35d83df8
reloadAllAccessors: .Friction

===========================================================================================
----------------- testing Tue Aug 24 17:24:47 UTC 2021 /home/travis/build/icyphy/ptII/ptolemy/domains/continuous/test/auto/FurutaPendulum.xml
----------------- Instantiating /home/travis/build/icyphy/ptII/ptolemy/domains/continuous/test/auto/FurutaPendulum.xml
2896 ms. Memory: 287744K Free: 188155K (65%)
----------------- Invoking toplevel() on ptolemy.moml.MoMLSimpleApplication@46bf61ab
----------------- Done invoking toplevel() on ptolemy.moml.MoMLSimpleApplication@46bf61ab
reloadAllAccessors: .FurutaPendulum

===========================================================================================
----------------- testing Tue Aug 24 17:24:50 UTC 2021 /home/travis/build/icyphy/ptII/ptolemy/domains/continuous/test/auto/HierarchicalExecution.xml
----------------- Instantiating /home/travis/build/icyphy/ptII/ptolemy/domains/continuous/test/auto/HierarchicalExecution.xml
1638 ms. Memory: 287744K Free: 231780K (81%)
----------------- Invoking toplevel() on ptolemy.moml.MoMLSimpleApplication@c4fd094
----------------- Done invoking toplevel() on ptolemy.moml.MoMLSimpleApplication@c4fd094
reloadAllAccessors: .HierarchicalExecution

===========================================================================================
----------------- testing Tue Aug 24 17:24:52 UTC 2021 /home/travis/build/icyphy/ptII/ptolemy/domains/continuous/test/auto/HybridPlant.xml
----------------- Instantiating /home/travis/build/icyphy/ptII/ptolemy/domains/continuous/test/auto/HybridPlant.xml
438 ms. Memory: 287744K Free: 137558K (48%)
----------------- Invoking toplevel() on ptolemy.moml.MoMLSimpleApplication@1ee228fb
----------------- Done invoking toplevel() on ptolemy.moml.MoMLSimpleApplication@1ee228fb
reloadAllAccessors: .HybridPlant

===========================================================================================
----------------- testing Tue Aug 24 17:24:52 UTC 2021 /home/travis/build/icyphy/ptII/ptolemy/domains/continuous/test/auto/Hysteresis.xml
----------------- Instantiating /home/travis/build/icyphy/ptII/ptolemy/domains/continuous/test/auto/Hysteresis.xml
137 ms. Memory: 287744K Free: 245358K (85%)
----------------- Invoking toplevel() on ptolemy.moml.MoMLSimpleApplication@7cbd2af5
----------------- Done invoking toplevel() on ptolemy.moml.MoMLSimpleApplication@7cbd2af5
reloadAllAccessors: .Hysteresis

===========================================================================================
----------------- testing Tue Aug 24 17:24:52 UTC 2021 /home/travis/build/icyphy/ptII/ptolemy/domains/continuous/test/auto/HysteresisWithRandomDelay.xml
----------------- Instantiating /home/travis/build/icyphy/ptII/ptolemy/domains/continuous/test/auto/HysteresisWithRandomDelay.xml
166 ms. Memory: 287744K Free: 172106K (60%)
----------------- Invoking toplevel() on ptolemy.moml.MoMLSimpleApplication@105f3d98
----------------- Done invoking toplevel() on ptolemy.moml.MoMLSimpleApplication@105f3d98
reloadAllAccessors: .HysteresisWithRandomDelay

===========================================================================================
----------------- testing Tue Aug 24 17:24:53 UTC 2021 /home/travis/build/icyphy/ptII/ptolemy/domains/continuous/test/auto/HysteresisWithRandomLosses.xml
----------------- Instantiating /home/travis/build/icyphy/ptII/ptolemy/domains/continuous/test/auto/HysteresisWithRandomLosses.xml
2143 ms. Memory: 287744K Free: 260850K (91%)
----------------- Invoking toplevel() on ptolemy.moml.MoMLSimpleApplication@2583ee2a
----------------- Done invoking toplevel() on ptolemy.moml.MoMLSimpleApplication@2583ee2a
reloadAllAccessors: .HysteresisWithRandomLosses

===========================================================================================
----------------- testing Tue Aug 24 17:24:55 UTC 2021 /home/travis/build/icyphy/ptII/ptolemy/domains/continuous/test/auto/ImmediateTransitions.xml
----------------- Instantiating /home/travis/build/icyphy/ptII/ptolemy/domains/continuous/test/auto/ImmediateTransitions.xml
9 ms. Memory: 287744K Free: 250100K (87%)
----------------- Invoking toplevel() on ptolemy.moml.MoMLSimpleApplication@37e78029
----------------- Done invoking toplevel() on ptolemy.moml.MoMLSimpleApplication@37e78029
reloadAllAccessors: .ImmediateTransitions

===========================================================================================
----------------- testing Tue Aug 24 17:24:55 UTC 2021 /home/travis/build/icyphy/ptII/ptolemy/domains/continuous/test/auto/ImpulseFeedback.xml
----------------- Instantiating /home/travis/build/icyphy/ptII/ptolemy/domains/continuous/test/auto/ImpulseFeedback.xml
6 ms. Memory: 287744K Free: 244466K (85%)
----------------- Invoking toplevel() on ptolemy.moml.MoMLSimpleApplication@28a27c
----------------- Done invoking toplevel() on ptolemy.moml.MoMLSimpleApplication@28a27c
reloadAllAccessors: .ImpulseFeedback

===========================================================================================
----------------- testing Tue Aug 24 17:24:55 UTC 2021 /home/travis/build/icyphy/ptII/ptolemy/domains/continuous/test/auto/ImpulseFeedback2.xml
----------------- Instantiating /home/travis/build/icyphy/ptII/ptolemy/domains/continuous/test/auto/ImpulseFeedback2.xml
6 ms. Memory: 287744K Free: 238836K (83%)
----------------- Invoking toplevel() on ptolemy.moml.MoMLSimpleApplication@6ed22d13
----------------- Done invoking toplevel() on ptolemy.moml.MoMLSimpleApplication@6ed22d13
reloadAllAccessors: .ImpulseFeedback2

===========================================================================================
----------------- testing Tue Aug 24 17:24:55 UTC 2021 /home/travis/build/icyphy/ptII/ptolemy/domains/continuous/test/auto/IncreasingRatePoisson.xml
----------------- Instantiating /home/travis/build/icyphy/ptII/ptolemy/domains/continuous/test/auto/IncreasingRatePoisson.xml
626 ms. Memory: 287744K Free: 111481K (39%)
----------------- Invoking toplevel() on ptolemy.moml.MoMLSimpleApplication@51eba94d
----------------- Done invoking toplevel() on ptolemy.moml.MoMLSimpleApplication@51eba94d
reloadAllAccessors: .IncreasingRatePoisson

===========================================================================================
----------------- testing Tue Aug 24 17:24:56 UTC 2021 /home/travis/build/icyphy/ptII/ptolemy/domains/continuous/test/auto/InitialStateFeedback.xml
----------------- Instantiating /home/travis/build/icyphy/ptII/ptolemy/domains/continuous/test/auto/InitialStateFeedback.xml
4 ms. Memory: 287744K Free: 106871K (37%)
----------------- Invoking toplevel() on ptolemy.moml.MoMLSimpleApplication@7f76868a
----------------- Done invoking toplevel() on ptolemy.moml.MoMLSimpleApplication@7f76868a
reloadAllAccessors: .InitialStateFeedback

===========================================================================================
----------------- testing Tue Aug 24 17:24:56 UTC 2021 /home/travis/build/icyphy/ptII/ptolemy/domains/continuous/test/auto/Integration.xml
----------------- Instantiating /home/travis/build/icyphy/ptII/ptolemy/domains/continuous/test/auto/Integration.xml
4 ms. Memory: 287744K Free: 102775K (36%)
----------------- Invoking toplevel() on ptolemy.moml.MoMLSimpleApplication@5e6ced7
----------------- Done invoking toplevel() on ptolemy.moml.MoMLSimpleApplication@5e6ced7
reloadAllAccessors: .Integration

===========================================================================================
----------------- testing Tue Aug 24 17:24:56 UTC 2021 /home/travis/build/icyphy/ptII/ptolemy/domains/continuous/test/auto/Integration2.xml
----------------- Instantiating /home/travis/build/icyphy/ptII/ptolemy/domains/continuous/test/auto/Integration2.xml
68 ms. Memory: 287744K Free: 259767K (90%)
----------------- Invoking toplevel() on ptolemy.moml.MoMLSimpleApplication@3534605
----------------- Done invoking toplevel() on ptolemy.moml.MoMLSimpleApplication@3534605
reloadAllAccessors: .Integration2

===========================================================================================
----------------- testing Tue Aug 24 17:24:56 UTC 2021 /home/travis/build/icyphy/ptII/ptolemy/domains/continuous/test/auto/Integration3.xml
----------------- Instantiating /home/travis/build/icyphy/ptII/ptolemy/domains/continuous/test/auto/Integration3.xml
2 ms. Memory: 287744K Free: 255161K (89%)
----------------- Invoking toplevel() on ptolemy.moml.MoMLSimpleApplication@7724417e
----------------- Done invoking toplevel() on ptolemy.moml.MoMLSimpleApplication@7724417e
reloadAllAccessors: .Integration3

===========================================================================================
----------------- testing Tue Aug 24 17:24:56 UTC 2021 /home/travis/build/icyphy/ptII/ptolemy/domains/continuous/test/auto/Integration5.xml
----------------- Instantiating /home/travis/build/icyphy/ptII/ptolemy/domains/continuous/test/auto/Integration5.xml
3 ms. Memory: 287744K Free: 251065K (87%)
----------------- Invoking toplevel() on ptolemy.moml.MoMLSimpleApplication@501267ee
----------------- Done invoking toplevel() on ptolemy.moml.MoMLSimpleApplication@501267ee
reloadAllAccessors: .Integration5

===========================================================================================
----------------- testing Tue Aug 24 17:24:56 UTC 2021 /home/travis/build/icyphy/ptII/ptolemy/domains/continuous/test/auto/IntegratorImpulse.xml
----------------- Instantiating /home/travis/build/icyphy/ptII/ptolemy/domains/continuous/test/auto/IntegratorImpulse.xml
2 ms. Memory: 287744K Free: 246969K (86%)
----------------- Invoking toplevel() on ptolemy.moml.MoMLSimpleApplication@62dd15c6
----------------- Done invoking toplevel() on ptolemy.moml.MoMLSimpleApplication@62dd15c6
reloadAllAccessors: .IntegratorImpulse

===========================================================================================
----------------- testing Tue Aug 24 17:24:56 UTC 2021 /home/travis/build/icyphy/ptII/ptolemy/domains/continuous/test/auto/IntegratorImpulse2.xml
----------------- Instantiating /home/travis/build/icyphy/ptII/ptolemy/domains/continuous/test/auto/IntegratorImpulse2.xml
5 ms. Memory: 287744K Free: 242329K (84%)
----------------- Invoking toplevel() on ptolemy.moml.MoMLSimpleApplication@21733005
----------------- Done invoking toplevel() on ptolemy.moml.MoMLSimpleApplication@21733005
reloadAllAccessors: .IntegratorImpulse2

===========================================================================================
----------------- testing Tue Aug 24 17:24:56 UTC 2021 /home/travis/build/icyphy/ptII/ptolemy/domains/continuous/test/auto/LevelCrossing1.xml
----------------- Instantiating /home/travis/build/icyphy/ptII/ptolemy/domains/continuous/test/auto/LevelCrossing1.xml
3 ms. Memory: 287744K Free: 237239K (82%)
----------------- Invoking toplevel() on ptolemy.moml.MoMLSimpleApplication@38fd9f39
----------------- Done invoking toplevel() on ptolemy.moml.MoMLSimpleApplication@38fd9f39
reloadAllAccessors: .LevelCrossing1

===========================================================================================
----------------- testing Tue Aug 24 17:24:56 UTC 2021 /home/travis/build/icyphy/ptII/ptolemy/domains/continuous/test/auto/LevelCrossing2.xml
----------------- Instantiating /home/travis/build/icyphy/ptII/ptolemy/domains/continuous/test/auto/LevelCrossing2.xml
3 ms. Memory: 287744K Free: 232119K (81%)
----------------- Invoking toplevel() on ptolemy.moml.MoMLSimpleApplication@21b6e82d
----------------- Done invoking toplevel() on ptolemy.moml.MoMLSimpleApplication@21b6e82d
reloadAllAccessors: .LevelCrossing2

===========================================================================================
----------------- testing Tue Aug 24 17:24:56 UTC 2021 /home/travis/build/icyphy/ptII/ptolemy/domains/continuous/test/auto/LevelCrossing3.xml
----------------- Instantiating /home/travis/build/icyphy/ptII/ptolemy/domains/continuous/test/auto/LevelCrossing3.xml
2 ms. Memory: 287744K Free: 226999K (79%)
----------------- Invoking toplevel() on ptolemy.moml.MoMLSimpleApplication@22233a4f
----------------- Done invoking toplevel() on ptolemy.moml.MoMLSimpleApplication@22233a4f
reloadAllAccessors: .LevelCrossing3

===========================================================================================
----------------- testing Tue Aug 24 17:24:56 UTC 2021 /home/travis/build/icyphy/ptII/ptolemy/domains/continuous/test/auto/LevelCrossing4.xml
----------------- Instantiating /home/travis/build/icyphy/ptII/ptolemy/domains/continuous/test/auto/LevelCrossing4.xml
3 ms. Memory: 287744K Free: 221865K (77%)
----------------- Invoking toplevel() on ptolemy.moml.MoMLSimpleApplication@69dc9e1
----------------- Done invoking toplevel() on ptolemy.moml.MoMLSimpleApplication@69dc9e1
reloadAllAccessors: .LevelCrossing4

===========================================================================================
----------------- testing Tue Aug 24 17:24:56 UTC 2021 /home/travis/build/icyphy/ptII/ptolemy/domains/continuous/test/auto/LevelCrossing5.xml
----------------- Instantiating /home/travis/build/icyphy/ptII/ptolemy/domains/continuous/test/auto/LevelCrossing5.xml
3 ms. Memory: 287744K Free: 216759K (75%)
----------------- Invoking toplevel() on ptolemy.moml.MoMLSimpleApplication@6f917b67
----------------- Done invoking toplevel() on ptolemy.moml.MoMLSimpleApplication@6f917b67
reloadAllAccessors: .LevelCrossing5

===========================================================================================
----------------- testing Tue Aug 24 17:24:56 UTC 2021 /home/travis/build/icyphy/ptII/ptolemy/domains/continuous/test/auto/LevelCrossing6.xml
----------------- Instantiating /home/travis/build/icyphy/ptII/ptolemy/domains/continuous/test/auto/LevelCrossing6.xml
2 ms. Memory: 287744K Free: 211639K (74%)
----------------- Invoking toplevel() on ptolemy.moml.MoMLSimpleApplication@15574897
----------------- Done invoking toplevel() on ptolemy.moml.MoMLSimpleApplication@15574897
reloadAllAccessors: .LevelCrossing6

===========================================================================================
----------------- testing Tue Aug 24 17:24:56 UTC 2021 /home/travis/build/icyphy/ptII/ptolemy/domains/continuous/test/auto/LevelCrossingDetector.xml
----------------- Instantiating /home/travis/build/icyphy/ptII/ptolemy/domains/continuous/test/auto/LevelCrossingDetector.xml
13 ms. Memory: 287744K Free: 201399K (70%)
----------------- Invoking toplevel() on ptolemy.moml.MoMLSimpleApplication@24a20a4e
----------------- Done invoking toplevel() on ptolemy.moml.MoMLSimpleApplication@24a20a4e
reloadAllAccessors: .LevelCrossingDetector

===========================================================================================
----------------- testing Tue Aug 24 17:24:56 UTC 2021 /home/travis/build/icyphy/ptII/ptolemy/domains/continuous/test/auto/LevelCrossingDetectorDetectingDirections.xml
----------------- Instantiating /home/travis/build/icyphy/ptII/ptolemy/domains/continuous/test/auto/LevelCrossingDetectorDetectingDirections.xml
44 ms. Memory: 287744K Free: 182967K (64%)
----------------- Invoking toplevel() on ptolemy.moml.MoMLSimpleApplication@894a7f5
----------------- Done invoking toplevel() on ptolemy.moml.MoMLSimpleApplication@894a7f5
reloadAllAccessors: .LevelCrossingDetectorDetectingDirections

===========================================================================================
----------------- testing Tue Aug 24 17:24:56 UTC 2021 /home/travis/build/icyphy/ptII/ptolemy/domains/continuous/test/auto/LevelCrossingDetectorDetectsGlitches.xml
----------------- Instantiating /home/travis/build/icyphy/ptII/ptolemy/domains/continuous/test/auto/LevelCrossingDetectorDetectsGlitches.xml
24 ms. Memory: 287744K Free: 160953K (56%)
----------------- Invoking toplevel() on ptolemy.moml.MoMLSimpleApplication@4cf7de63
----------------- Done invoking toplevel() on ptolemy.moml.MoMLSimpleApplication@4cf7de63
reloadAllAccessors: .LevelCrossingDetectorDetectsGlitches

===========================================================================================
----------------- testing Tue Aug 24 17:24:56 UTC 2021 /home/travis/build/icyphy/ptII/ptolemy/domains/continuous/test/auto/LevelCrossingNoInitialOuput.xml
----------------- Instantiating /home/travis/build/icyphy/ptII/ptolemy/domains/continuous/test/auto/LevelCrossingNoInitialOuput.xml
3 ms. Memory: 287744K Free: 156343K (54%)
----------------- Invoking toplevel() on ptolemy.moml.MoMLSimpleApplication@7b14c9f3
----------------- Done invoking toplevel() on ptolemy.moml.MoMLSimpleApplication@7b14c9f3
reloadAllAccessors: .LevelCrossingNoInitialOuput

===========================================================================================
----------------- testing Tue Aug 24 17:24:56 UTC 2021 /home/travis/build/icyphy/ptII/ptolemy/domains/continuous/test/auto/LinearStateSpaceExample.xml
----------------- Instantiating /home/travis/build/icyphy/ptII/ptolemy/domains/continuous/test/auto/LinearStateSpaceExample.xml
33 ms. Memory: 287744K Free: 148151K (51%)
----------------- Invoking toplevel() on ptolemy.moml.MoMLSimpleApplication@62913bb4
----------------- Done invoking toplevel() on ptolemy.moml.MoMLSimpleApplication@62913bb4
reloadAllAccessors: .LinearStateSpace_Example

===========================================================================================
----------------- testing Tue Aug 24 17:24:56 UTC 2021 /home/travis/build/icyphy/ptII/ptolemy/domains/continuous/test/auto/Lorenz.xml
----------------- Instantiating /home/travis/build/icyphy/ptII/ptolemy/domains/continuous/test/auto/Lorenz.xml
3391 ms. Memory: 287744K Free: 220861K (77%)
----------------- Invoking toplevel() on ptolemy.moml.MoMLSimpleApplication@7a9d487
----------------- Done invoking toplevel() on ptolemy.moml.MoMLSimpleApplication@7a9d487
reloadAllAccessors: .Lorenz

===========================================================================================
----------------- testing Tue Aug 24 17:25:00 UTC 2021 /home/travis/build/icyphy/ptII/ptolemy/domains/continuous/test/auto/LorenzDifferentialSystem.xml
----------------- Instantiating /home/travis/build/icyphy/ptII/ptolemy/domains/continuous/test/auto/LorenzDifferentialSystem.xml
713 ms. Memory: 287744K Free: 232197K (81%)
----------------- Invoking toplevel() on ptolemy.moml.MoMLSimpleApplication@5f304d3b
----------------- Done invoking toplevel() on ptolemy.moml.MoMLSimpleApplication@5f304d3b
reloadAllAccessors: .LorenzDifferentialSystem

===========================================================================================
----------------- testing Tue Aug 24 17:25:00 UTC 2021 /home/travis/build/icyphy/ptII/ptolemy/domains/continuous/test/auto/LorenzDifferentialSystemWithInput.xml
----------------- Instantiating /home/travis/build/icyphy/ptII/ptolemy/domains/continuous/test/auto/LorenzDifferentialSystemWithInput.xml
1058 ms. Memory: 287744K Free: 201906K (70%)
----------------- Invoking toplevel() on ptolemy.moml.MoMLSimpleApplication@2cb7dabe
----------------- Done invoking toplevel() on ptolemy.moml.MoMLSimpleApplication@2cb7dabe
reloadAllAccessors: .LorenzDifferentialSystemWithInput

===========================================================================================
----------------- testing Tue Aug 24 17:25:02 UTC 2021 /home/travis/build/icyphy/ptII/ptolemy/domains/continuous/test/auto/LorenzDifferentialSystemWithTime.xml
----------------- Instantiating /home/travis/build/icyphy/ptII/ptolemy/domains/continuous/test/auto/LorenzDifferentialSystemWithTime.xml
598 ms. Memory: 287744K Free: 260266K (90%)
----------------- Invoking toplevel() on ptolemy.moml.MoMLSimpleApplication@5a48f085
----------------- Done invoking toplevel() on ptolemy.moml.MoMLSimpleApplication@5a48f085
reloadAllAccessors: .LorenzDifferentialSystemWithTime

===========================================================================================
----------------- testing Tue Aug 24 17:25:02 UTC 2021 /home/travis/build/icyphy/ptII/ptolemy/domains/continuous/test/auto/Microsteps.xml
----------------- Instantiating /home/travis/build/icyphy/ptII/ptolemy/domains/continuous/test/auto/Microsteps.xml
5 ms. Memory: 287744K Free: 254122K (88%)
----------------- Invoking toplevel() on ptolemy.moml.MoMLSimpleApplication@36d0e1e7
----------------- Done invoking toplevel() on ptolemy.moml.MoMLSimpleApplication@36d0e1e7
reloadAllAccessors: .Microsteps

===========================================================================================
----------------- testing Tue Aug 24 17:25:02 UTC 2021 /home/travis/build/icyphy/ptII/ptolemy/domains/continuous/test/auto/Modal1.xml
----------------- Instantiating /home/travis/build/icyphy/ptII/ptolemy/domains/continuous/test/auto/Modal1.xml
13 ms. Memory: 287744K Free: 240300K (84%)
----------------- Invoking toplevel() on ptolemy.moml.MoMLSimpleApplication@4f727ae
----------------- Done invoking toplevel() on ptolemy.moml.MoMLSimpleApplication@4f727ae
reloadAllAccessors: .Modal1

===========================================================================================
----------------- testing Tue Aug 24 17:25:02 UTC 2021 /home/travis/build/icyphy/ptII/ptolemy/domains/continuous/test/auto/Modal2.xml
----------------- Instantiating /home/travis/build/icyphy/ptII/ptolemy/domains/continuous/test/auto/Modal2.xml
20 ms. Memory: 287744K Free: 224940K (78%)
----------------- Invoking toplevel() on ptolemy.moml.MoMLSimpleApplication@1c9ae064
----------------- Done invoking toplevel() on ptolemy.moml.MoMLSimpleApplication@1c9ae064
reloadAllAccessors: .Modal2

===========================================================================================
----------------- testing Tue Aug 24 17:25:02 UTC 2021 /home/travis/build/icyphy/ptII/ptolemy/domains/continuous/test/auto/ModalTransitionGuardWithReset.xml
----------------- Instantiating /home/travis/build/icyphy/ptII/ptolemy/domains/continuous/test/auto/ModalTransitionGuardWithReset.xml
9 ms. Memory: 287744K Free: 214700K (75%)
----------------- Invoking toplevel() on ptolemy.moml.MoMLSimpleApplication@1edcb467
----------------- Done invoking toplevel() on ptolemy.moml.MoMLSimpleApplication@1edcb467
reloadAllAccessors: .ModalTransitionGuardWithReset

===========================================================================================
----------------- testing Tue Aug 24 17:25:02 UTC 2021 /home/travis/build/icyphy/ptII/ptolemy/domains/continuous/test/auto/ModalTransitionGuardWithResetUsingPreemptiveTransition.xml
----------------- Instantiating /home/travis/build/icyphy/ptII/ptolemy/domains/continuous/test/auto/ModalTransitionGuardWithResetUsingPreemptiveTransition.xml
11 ms. Memory: 287744K Free: 204460K (71%)
----------------- Invoking toplevel() on ptolemy.moml.MoMLSimpleApplication@96104d0
----------------- Done invoking toplevel() on ptolemy.moml.MoMLSimpleApplication@96104d0
reloadAllAccessors: .ModalTransitionGuardWithResetUsingPreemptiveTransition

===========================================================================================
----------------- testing Tue Aug 24 17:25:02 UTC 2021 /home/travis/build/icyphy/ptII/ptolemy/domains/continuous/test/auto/ModalTransitionGuardWithResetUsingPreemptiveTransition2.xml
----------------- Instantiating /home/travis/build/icyphy/ptII/ptolemy/domains/continuous/test/auto/ModalTransitionGuardWithResetUsingPreemptiveTransition2.xml
17 ms. Memory: 287744K Free: 194220K (67%)
----------------- Invoking toplevel() on ptolemy.moml.MoMLSimpleApplication@79350afd
----------------- Done invoking toplevel() on ptolemy.moml.MoMLSimpleApplication@79350afd
reloadAllAccessors: .ModalTransitionGuardWithResetUsingPreemptiveTransition2

===========================================================================================
----------------- testing Tue Aug 24 17:25:02 UTC 2021 /home/travis/build/icyphy/ptII/ptolemy/domains/continuous/test/auto/ModalTransitionGuardWithResetUsingPreemptiveTransition3.xml
----------------- Instantiating /home/travis/build/icyphy/ptII/ptolemy/domains/continuous/test/auto/ModalTransitionGuardWithResetUsingPreemptiveTransition3.xml
8 ms. Memory: 287744K Free: 183451K (64%)
----------------- Invoking toplevel() on ptolemy.moml.MoMLSimpleApplication@5c6fcdee
----------------- Done invoking toplevel() on ptolemy.moml.MoMLSimpleApplication@5c6fcdee
reloadAllAccessors: .ModalTransitionGuardWithResetUsingPreemptiveTransition3

===========================================================================================
----------------- testing Tue Aug 24 17:25:02 UTC 2021 /home/travis/build/icyphy/ptII/ptolemy/domains/continuous/test/auto/NewtonsCradle.xml
----------------- Instantiating /home/travis/build/icyphy/ptII/ptolemy/domains/continuous/test/auto/NewtonsCradle.xml
623 ms. Memory: 287744K Free: 259944K (90%)
----------------- Invoking toplevel() on ptolemy.moml.MoMLSimpleApplication@17b4527d
----------------- Done invoking toplevel() on ptolemy.moml.MoMLSimpleApplication@17b4527d
reloadAllAccessors: .NewtonsCradle

===========================================================================================
----------------- testing Tue Aug 24 17:25:03 UTC 2021 /home/travis/build/icyphy/ptII/ptolemy/domains/continuous/test/auto/NewtonsCradleAnimated.xml
----------------- Instantiating /home/travis/build/icyphy/ptII/ptolemy/domains/continuous/test/auto/NewtonsCradleAnimated.xml
1098 ms. Memory: 287744K Free: 199082K (69%)
----------------- Invoking toplevel() on ptolemy.moml.MoMLSimpleApplication@48a0e3c2
----------------- Done invoking toplevel() on ptolemy.moml.MoMLSimpleApplication@48a0e3c2
reloadAllAccessors: .NewtonsCradleAnimated

===========================================================================================
----------------- testing Tue Aug 24 17:25:04 UTC 2021 /home/travis/build/icyphy/ptII/ptolemy/domains/continuous/test/auto/NewtonsCradleComplicated.xml
----------------- Instantiating /home/travis/build/icyphy/ptII/ptolemy/domains/continuous/test/auto/NewtonsCradleComplicated.xml
791 ms. Memory: 287744K Free: 126198K (44%)
----------------- Invoking toplevel() on ptolemy.moml.MoMLSimpleApplication@45ccdca7
----------------- Done invoking toplevel() on ptolemy.moml.MoMLSimpleApplication@45ccdca7
reloadAllAccessors: .NewtonsCradleComplicated

===========================================================================================
----------------- testing Tue Aug 24 17:25:05 UTC 2021 /home/travis/build/icyphy/ptII/ptolemy/domains/continuous/test/auto/NewtonsCradleNondeterministic.xml
----------------- Instantiating /home/travis/build/icyphy/ptII/ptolemy/domains/continuous/test/auto/NewtonsCradleNondeterministic.xml
614 ms. Memory: 287744K Free: 268305K (93%)
----------------- Invoking toplevel() on ptolemy.moml.MoMLSimpleApplication@7ab6f706
----------------- Done invoking toplevel() on ptolemy.moml.MoMLSimpleApplication@7ab6f706
reloadAllAccessors: .NewtonsCradleNondeterministic

===========================================================================================
----------------- testing Tue Aug 24 17:25:06 UTC 2021 /home/travis/build/icyphy/ptII/ptolemy/domains/continuous/test/auto/NewtonsCradlePerfectlyInelastic1.xml
----------------- Instantiating /home/travis/build/icyphy/ptII/ptolemy/domains/continuous/test/auto/NewtonsCradlePerfectlyInelastic1.xml
1113 ms. Memory: 287744K Free: 139258K (48%)
----------------- Invoking toplevel() on ptolemy.moml.MoMLSimpleApplication@389d9fbf
----------------- Done invoking toplevel() on ptolemy.moml.MoMLSimpleApplication@389d9fbf
reloadAllAccessors: .NewtonsCradlePerfectlyInelastic1

===========================================================================================
----------------- testing Tue Aug 24 17:25:07 UTC 2021 /home/travis/build/icyphy/ptII/ptolemy/domains/continuous/test/auto/Noise.xml
----------------- Instantiating /home/travis/build/icyphy/ptII/ptolemy/domains/continuous/test/auto/Noise.xml
139 ms. Memory: 287744K Free: 242822K (84%)
----------------- Invoking toplevel() on ptolemy.moml.MoMLSimpleApplication@492a4d09
----------------- Done invoking toplevel() on ptolemy.moml.MoMLSimpleApplication@492a4d09
reloadAllAccessors: .Noise

===========================================================================================
----------------- testing Tue Aug 24 17:25:07 UTC 2021 /home/travis/build/icyphy/ptII/ptolemy/domains/continuous/test/auto/NoiseSpectrum.xml
----------------- Instantiating /home/travis/build/icyphy/ptII/ptolemy/domains/continuous/test/auto/NoiseSpectrum.xml
640 ms. Memory: 287744K Free: 115850K (40%)
----------------- Invoking toplevel() on ptolemy.moml.MoMLSimpleApplication@36540224
----------------- Done invoking toplevel() on ptolemy.moml.MoMLSimpleApplication@36540224
reloadAllAccessors: .NoiseSpectrum

===========================================================================================
----------------- testing Tue Aug 24 17:25:08 UTC 2021 /home/travis/build/icyphy/ptII/ptolemy/domains/continuous/test/auto/ParameterizedNewtonsCradleAnimated.xml
----------------- Instantiating /home/travis/build/icyphy/ptII/ptolemy/domains/continuous/test/auto/ParameterizedNewtonsCradleAnimated.xml
258 ms. Memory: 287744K Free: 181325K (63%)
----------------- Invoking toplevel() on ptolemy.moml.MoMLSimpleApplication@3e170cfc
----------------- Done invoking toplevel() on ptolemy.moml.MoMLSimpleApplication@3e170cfc
reloadAllAccessors: .ParameterizedNewtonsCradleAnimated

===========================================================================================
----------------- testing Tue Aug 24 17:25:08 UTC 2021 /home/travis/build/icyphy/ptII/ptolemy/domains/continuous/test/auto/ParameterizedNewtonsCradleAnimatedNondeterministic.xml
----------------- Instantiating /home/travis/build/icyphy/ptII/ptolemy/domains/continuous/test/auto/ParameterizedNewtonsCradleAnimatedNondeterministic.xml
994 ms. Memory: 287744K Free: 205487K (71%)
----------------- Invoking toplevel() on ptolemy.moml.MoMLSimpleApplication@664e474a
----------------- Done invoking toplevel() on ptolemy.moml.MoMLSimpleApplication@664e474a
reloadAllAccessors: .ParameterizedNewtonsCradleAnimatedNondeterministic

===========================================================================================
----------------- testing Tue Aug 24 17:25:09 UTC 2021 /home/travis/build/icyphy/ptII/ptolemy/domains/continuous/test/auto/Pendulum3D.xml
----------------- Instantiating /home/travis/build/icyphy/ptII/ptolemy/domains/continuous/test/auto/Pendulum3D.xml
131 ms. Memory: 287744K Free: 154797K (54%)
----------------- Invoking toplevel() on ptolemy.moml.MoMLSimpleApplication@23d5c7a3
----------------- Done invoking toplevel() on ptolemy.moml.MoMLSimpleApplication@23d5c7a3
reloadAllAccessors: .Pendulum3D

===========================================================================================
----------------- testing Tue Aug 24 17:25:10 UTC 2021 /home/travis/build/icyphy/ptII/ptolemy/domains/continuous/test/auto/PeriodicSampler.xml
----------------- Instantiating /home/travis/build/icyphy/ptII/ptolemy/domains/continuous/test/auto/PeriodicSampler.xml
2 ms. Memory: 287744K Free: 150701K (52%)
----------------- Invoking toplevel() on ptolemy.moml.MoMLSimpleApplication@67a763d8
----------------- Done invoking toplevel() on ptolemy.moml.MoMLSimpleApplication@67a763d8
reloadAllAccessors: .PeriodicSampler

===========================================================================================
----------------- testing Tue Aug 24 17:25:10 UTC 2021 /home/travis/build/icyphy/ptII/ptolemy/domains/continuous/test/auto/PeriodicSampler1.xml
----------------- Instantiating /home/travis/build/icyphy/ptII/ptolemy/domains/continuous/test/auto/PeriodicSampler1.xml
18 ms. Memory: 287744K Free: 133807K (47%)
----------------- Invoking toplevel() on ptolemy.moml.MoMLSimpleApplication@60624e63
----------------- Done invoking toplevel() on ptolemy.moml.MoMLSimpleApplication@60624e63
reloadAllAccessors: .PeriodicSampler1

===========================================================================================
----------------- testing Tue Aug 24 17:25:10 UTC 2021 /home/travis/build/icyphy/ptII/ptolemy/domains/continuous/test/auto/PeriodicSampler2.xml
----------------- Instantiating /home/travis/build/icyphy/ptII/ptolemy/domains/continuous/test/auto/PeriodicSampler2.xml
44 ms. Memory: 287744K Free: 102573K (36%)
----------------- Invoking toplevel() on ptolemy.moml.MoMLSimpleApplication@3a4c2e0
----------------- Done invoking toplevel() on ptolemy.moml.MoMLSimpleApplication@3a4c2e0
reloadAllAccessors: .PeriodicSampler2

===========================================================================================
----------------- testing Tue Aug 24 17:25:10 UTC 2021 /home/travis/build/icyphy/ptII/ptolemy/domains/continuous/test/auto/Poisson.xml
----------------- Instantiating /home/travis/build/icyphy/ptII/ptolemy/domains/continuous/test/auto/Poisson.xml
387 ms. Memory: 287744K Free: 223457K (78%)
----------------- Invoking toplevel() on ptolemy.moml.MoMLSimpleApplication@52be01e6
----------------- Done invoking toplevel() on ptolemy.moml.MoMLSimpleApplication@52be01e6
reloadAllAccessors: .Poisson

===========================================================================================
----------------- testing Tue Aug 24 17:25:10 UTC 2021 /home/travis/build/icyphy/ptII/ptolemy/domains/continuous/test/auto/PoissonClock.xml
----------------- Instantiating /home/travis/build/icyphy/ptII/ptolemy/domains/continuous/test/auto/PoissonClock.xml
2 ms. Memory: 287744K Free: 219361K (76%)
----------------- Invoking toplevel() on ptolemy.moml.MoMLSimpleApplication@7465e200
----------------- Done invoking toplevel() on ptolemy.moml.MoMLSimpleApplication@7465e200
reloadAllAccessors: .PoissonClock

===========================================================================================
----------------- testing Tue Aug 24 17:25:10 UTC 2021 /home/travis/build/icyphy/ptII/ptolemy/domains/continuous/test/auto/PoissonClock2.xml
----------------- Instantiating /home/travis/build/icyphy/ptII/ptolemy/domains/continuous/test/auto/PoissonClock2.xml
4 ms. Memory: 287744K Free: 214755K (75%)
----------------- Invoking toplevel() on ptolemy.moml.MoMLSimpleApplication@251e3977
----------------- Done invoking toplevel() on ptolemy.moml.MoMLSimpleApplication@251e3977
reloadAllAccessors: .PoissonClock2

===========================================================================================
----------------- testing Tue Aug 24 17:25:10 UTC 2021 /home/travis/build/icyphy/ptII/ptolemy/domains/continuous/test/auto/PortParameterHierarchy.xml
----------------- Instantiating /home/travis/build/icyphy/ptII/ptolemy/domains/continuous/test/auto/PortParameterHierarchy.xml
4 ms. Memory: 287744K Free: 205025K (71%)
----------------- Invoking toplevel() on ptolemy.moml.MoMLSimpleApplication@98ac56b
----------------- Done invoking toplevel() on ptolemy.moml.MoMLSimpleApplication@98ac56b
reloadAllAccessors: .PortParameterHierarchy

===========================================================================================
----------------- testing Tue Aug 24 17:25:10 UTC 2021 /home/travis/build/icyphy/ptII/ptolemy/domains/continuous/test/auto/RandomHybridPlant.xml
----------------- Instantiating /home/travis/build/icyphy/ptII/ptolemy/domains/continuous/test/auto/RandomHybridPlant.xml
461 ms. Memory: 287744K Free: 263151K (91%)
----------------- Invoking toplevel() on ptolemy.moml.MoMLSimpleApplication@60086475
----------------- Done invoking toplevel() on ptolemy.moml.MoMLSimpleApplication@60086475
reloadAllAccessors: .RandomHybridPlant

===========================================================================================
----------------- testing Tue Aug 24 17:25:11 UTC 2021 /home/travis/build/icyphy/ptII/ptolemy/domains/continuous/test/auto/ResetTransitionWithStartTime1.xml
----------------- Instantiating /home/travis/build/icyphy/ptII/ptolemy/domains/continuous/test/auto/ResetTransitionWithStartTime1.xml
14 ms. Memory: 287744K Free: 248821K (86%)
----------------- Invoking toplevel() on ptolemy.moml.MoMLSimpleApplication@1da7cb9b
----------------- Done invoking toplevel() on ptolemy.moml.MoMLSimpleApplication@1da7cb9b
reloadAllAccessors: .ResetTransitionWithStartTime1

===========================================================================================
----------------- testing Tue Aug 24 17:25:11 UTC 2021 /home/travis/build/icyphy/ptII/ptolemy/domains/continuous/test/auto/ResetTransitionWithStartTime2.xml
----------------- Instantiating /home/travis/build/icyphy/ptII/ptolemy/domains/continuous/test/auto/ResetTransitionWithStartTime2.xml
19 ms. Memory: 287744K Free: 234479K (81%)
----------------- Invoking toplevel() on ptolemy.moml.MoMLSimpleApplication@7725e4fa
----------------- Done invoking toplevel() on ptolemy.moml.MoMLSimpleApplication@7725e4fa
reloadAllAccessors: .ResetTransitionWithStartTime2

===========================================================================================
----------------- testing Tue Aug 24 17:25:11 UTC 2021 /home/travis/build/icyphy/ptII/ptolemy/domains/continuous/test/auto/ResetTransitionWithStartTime3.xml
----------------- Instantiating /home/travis/build/icyphy/ptII/ptolemy/domains/continuous/test/auto/ResetTransitionWithStartTime3.xml
21 ms. Memory: 287744K Free: 220135K (77%)
----------------- Invoking toplevel() on ptolemy.moml.MoMLSimpleApplication@18731cb7
----------------- Done invoking toplevel() on ptolemy.moml.MoMLSimpleApplication@18731cb7
reloadAllAccessors: .ResetTransitionWithStartTime3

===========================================================================================
----------------- testing Tue Aug 24 17:25:11 UTC 2021 /home/travis/build/icyphy/ptII/ptolemy/domains/continuous/test/auto/ResetTransitionWithStartTime4.xml
----------------- Instantiating /home/travis/build/icyphy/ptII/ptolemy/domains/continuous/test/auto/ResetTransitionWithStartTime4.xml
8 ms. Memory: 287744K Free: 209909K (73%)
----------------- Invoking toplevel() on ptolemy.moml.MoMLSimpleApplication@18f8257c
----------------- Done invoking toplevel() on ptolemy.moml.MoMLSimpleApplication@18f8257c
reloadAllAccessors: .ResetTransitionWithStartTime4

===========================================================================================
----------------- testing Tue Aug 24 17:25:11 UTC 2021 /home/travis/build/icyphy/ptII/ptolemy/domains/continuous/test/auto/ResetTransitionWithStartTime5.xml
----------------- Instantiating /home/travis/build/icyphy/ptII/ptolemy/domains/continuous/test/auto/ResetTransitionWithStartTime5.xml
16 ms. Memory: 287744K Free: 196087K (68%)
----------------- Invoking toplevel() on ptolemy.moml.MoMLSimpleApplication@5fbcb38a
----------------- Done invoking toplevel() on ptolemy.moml.MoMLSimpleApplication@5fbcb38a
reloadAllAccessors: .ResetTransitionWithStartTime5

===========================================================================================
----------------- testing Tue Aug 24 17:25:11 UTC 2021 /home/travis/build/icyphy/ptII/ptolemy/domains/continuous/test/auto/ResetTransitionWithStartTime6.xml
----------------- Instantiating /home/travis/build/icyphy/ptII/ptolemy/domains/continuous/test/auto/ResetTransitionWithStartTime6.xml
9 ms. Memory: 287744K Free: 185319K (64%)
----------------- Invoking toplevel() on ptolemy.moml.MoMLSimpleApplication@3582ffcb
----------------- Done invoking toplevel() on ptolemy.moml.MoMLSimpleApplication@3582ffcb
reloadAllAccessors: .ResetTransitionWithStartTime6

===========================================================================================
----------------- testing Tue Aug 24 17:25:11 UTC 2021 /home/travis/build/icyphy/ptII/ptolemy/domains/continuous/test/auto/SRinContinuous.xml
----------------- Instantiating /home/travis/build/icyphy/ptII/ptolemy/domains/continuous/test/auto/SRinContinuous.xml
5 ms. Memory: 287744K Free: 177655K (62%)
----------------- Invoking toplevel() on ptolemy.moml.MoMLSimpleApplication@2bd4513e
----------------- Done invoking toplevel() on ptolemy.moml.MoMLSimpleApplication@2bd4513e
reloadAllAccessors: .SRinContinuous

===========================================================================================
----------------- testing Tue Aug 24 17:25:11 UTC 2021 /home/travis/build/icyphy/ptII/ptolemy/domains/continuous/test/auto/SampledClocks.xml
----------------- Instantiating /home/travis/build/icyphy/ptII/ptolemy/domains/continuous/test/auto/SampledClocks.xml
6 ms. Memory: 287744K Free: 164343K (57%)
----------------- Invoking toplevel() on ptolemy.moml.MoMLSimpleApplication@9fa0f14
----------------- Done invoking toplevel() on ptolemy.moml.MoMLSimpleApplication@9fa0f14
reloadAllAccessors: .SampledClocks

===========================================================================================
----------------- testing Tue Aug 24 17:25:11 UTC 2021 /home/travis/build/icyphy/ptII/ptolemy/domains/continuous/test/auto/Satellite.xml
----------------- Instantiating /home/travis/build/icyphy/ptII/ptolemy/domains/continuous/test/auto/Satellite.xml
787 ms. Memory: 287744K Free: 134166K (47%)
----------------- Invoking toplevel() on ptolemy.moml.MoMLSimpleApplication@4220f778
----------------- Done invoking toplevel() on ptolemy.moml.MoMLSimpleApplication@4220f778
reloadAllAccessors: .Satellite

===========================================================================================
----------------- testing Tue Aug 24 17:25:12 UTC 2021 /home/travis/build/icyphy/ptII/ptolemy/domains/continuous/test/auto/SigmaDelta.xml
----------------- Instantiating /home/travis/build/icyphy/ptII/ptolemy/domains/continuous/test/auto/SigmaDelta.xml
2088 ms. Memory: 287744K Free: 198890K (69%)
----------------- Invoking toplevel() on ptolemy.moml.MoMLSimpleApplication@43a8daf4
----------------- Done invoking toplevel() on ptolemy.moml.MoMLSimpleApplication@43a8daf4
reloadAllAccessors: .SigmaDelta

===========================================================================================
----------------- testing Tue Aug 24 17:25:14 UTC 2021 /home/travis/build/icyphy/ptII/ptolemy/domains/continuous/test/auto/SingleRefinement.xml
----------------- Instantiating /home/travis/build/icyphy/ptII/ptolemy/domains/continuous/test/auto/SingleRefinement.xml
278 ms. Memory: 287744K Free: 184536K (64%)
----------------- Invoking toplevel() on ptolemy.moml.MoMLSimpleApplication@cf24328
----------------- Done invoking toplevel() on ptolemy.moml.MoMLSimpleApplication@cf24328
reloadAllAccessors: .SingleRefinement

===========================================================================================
----------------- testing Tue Aug 24 17:25:14 UTC 2021 /home/travis/build/icyphy/ptII/ptolemy/domains/continuous/test/auto/SinuBouncingBall.xml
----------------- Instantiating /home/travis/build/icyphy/ptII/ptolemy/domains/continuous/test/auto/SinuBouncingBall.xml
735 ms. Memory: 287744K Free: 135622K (47%)
----------------- Invoking toplevel() on ptolemy.moml.MoMLSimpleApplication@2e3fb637
----------------- Done invoking toplevel() on ptolemy.moml.MoMLSimpleApplication@2e3fb637
reloadAllAccessors: .SinuBouncingBall

===========================================================================================
----------------- testing Tue Aug 24 17:25:15 UTC 2021 /home/travis/build/icyphy/ptII/ptolemy/domains/continuous/test/auto/Sinusoid.xml
----------------- Instantiating /home/travis/build/icyphy/ptII/ptolemy/domains/continuous/test/auto/Sinusoid.xml
4 ms. Memory: 287744K Free: 130998K (46%)
----------------- Invoking toplevel() on ptolemy.moml.MoMLSimpleApplication@3733b81b
----------------- Done invoking toplevel() on ptolemy.moml.MoMLSimpleApplication@3733b81b
reloadAllAccessors: .Sinusoid

===========================================================================================
----------------- testing Tue Aug 24 17:25:15 UTC 2021 /home/travis/build/icyphy/ptII/ptolemy/domains/continuous/test/auto/SinusoidInNoise.xml
----------------- Instantiating /home/travis/build/icyphy/ptII/ptolemy/domains/continuous/test/auto/SinusoidInNoise.xml
819 ms. Memory: 287744K Free: 161585K (56%)
----------------- Invoking toplevel() on ptolemy.moml.MoMLSimpleApplication@2ca8fc5e
----------------- Done invoking toplevel() on ptolemy.moml.MoMLSimpleApplication@2ca8fc5e
reloadAllAccessors: .SinusoidInNoise

===========================================================================================
----------------- testing Tue Aug 24 17:25:16 UTC 2021 /home/travis/build/icyphy/ptII/ptolemy/domains/continuous/test/auto/SinusoidRK45.xml
----------------- Instantiating /home/travis/build/icyphy/ptII/ptolemy/domains/continuous/test/auto/SinusoidRK45.xml
1 ms. Memory: 287744K Free: 157361K (55%)
----------------- Invoking toplevel() on ptolemy.moml.MoMLSimpleApplication@2cbbd635
----------------- Done invoking toplevel() on ptolemy.moml.MoMLSimpleApplication@2cbbd635
reloadAllAccessors: .SinusoidRK45

===========================================================================================
----------------- testing Tue Aug 24 17:25:16 UTC 2021 /home/travis/build/icyphy/ptII/ptolemy/domains/continuous/test/auto/SinusoidWithMultipleImpulses.xml
----------------- Instantiating /home/travis/build/icyphy/ptII/ptolemy/domains/continuous/test/auto/SinusoidWithMultipleImpulses.xml
2 ms. Memory: 287744K Free: 152785K (53%)
----------------- Invoking toplevel() on ptolemy.moml.MoMLSimpleApplication@762224c0
----------------- Done invoking toplevel() on ptolemy.moml.MoMLSimpleApplication@762224c0
reloadAllAccessors: .SinusoidWithMultipleImpulses

===========================================================================================
----------------- testing Tue Aug 24 17:25:16 UTC 2021 /home/travis/build/icyphy/ptII/ptolemy/domains/continuous/test/auto/SquareWave.xml
----------------- Instantiating /home/travis/build/icyphy/ptII/ptolemy/domains/continuous/test/auto/SquareWave.xml
135 ms. Memory: 287744K Free: 125137K (43%)
----------------- Invoking toplevel() on ptolemy.moml.MoMLSimpleApplication@3613920d
----------------- Done invoking toplevel() on ptolemy.moml.MoMLSimpleApplication@3613920d
reloadAllAccessors: .SquareWave

===========================================================================================
----------------- testing Tue Aug 24 17:25:16 UTC 2021 /home/travis/build/icyphy/ptII/ptolemy/domains/continuous/test/auto/Starmac.xml
----------------- Instantiating /home/travis/build/icyphy/ptII/ptolemy/domains/continuous/test/auto/Starmac.xml
3064 ms. Memory: 287744K Free: 141508K (49%)
----------------- Invoking toplevel() on ptolemy.moml.MoMLSimpleApplication@5c47f249
----------------- Done invoking toplevel() on ptolemy.moml.MoMLSimpleApplication@5c47f249
reloadAllAccessors: .Starmac

===========================================================================================
----------------- testing Tue Aug 24 17:25:20 UTC 2021 /home/travis/build/icyphy/ptII/ptolemy/domains/continuous/test/auto/StaticUnits.xml
----------------- Instantiating /home/travis/build/icyphy/ptII/ptolemy/domains/continuous/test/auto/StaticUnits.xml
1936 ms. Memory: 346112K Free: 261746K (76%)
----------------- Invoking toplevel() on ptolemy.moml.MoMLSimpleApplication@718c2b96
----------------- Done invoking toplevel() on ptolemy.moml.MoMLSimpleApplication@718c2b96
reloadAllAccessors: .StaticUnits

===========================================================================================
----------------- testing Tue Aug 24 17:25:22 UTC 2021 /home/travis/build/icyphy/ptII/ptolemy/domains/continuous/test/auto/StickyMasses.xml
----------------- Instantiating /home/travis/build/icyphy/ptII/ptolemy/domains/continuous/test/auto/StickyMasses.xml
134 ms. Memory: 346112K Free: 212080K (61%)
----------------- Invoking toplevel() on ptolemy.moml.MoMLSimpleApplication@3119d8de
----------------- Done invoking toplevel() on ptolemy.moml.MoMLSimpleApplication@3119d8de
reloadAllAccessors: .StickyMasses

===========================================================================================
----------------- testing Tue Aug 24 17:25:22 UTC 2021 /home/travis/build/icyphy/ptII/ptolemy/domains/continuous/test/auto/StopTime.xml
----------------- Instantiating /home/travis/build/icyphy/ptII/ptolemy/domains/continuous/test/auto/StopTime.xml
41 ms. Memory: 346112K Free: 186994K (54%)
----------------- Invoking toplevel() on ptolemy.moml.MoMLSimpleApplication@26a81766
----------------- Done invoking toplevel() on ptolemy.moml.MoMLSimpleApplication@26a81766
reloadAllAccessors: .StopTime

===========================================================================================
----------------- testing Tue Aug 24 17:25:22 UTC 2021 /home/travis/build/icyphy/ptII/ptolemy/domains/continuous/test/auto/StopTime2.xml
----------------- Instantiating /home/travis/build/icyphy/ptII/ptolemy/domains/continuous/test/auto/StopTime2.xml
32 ms. Memory: 346112K Free: 164961K (48%)
----------------- Invoking toplevel() on ptolemy.moml.MoMLSimpleApplication@1efccad
----------------- Done invoking toplevel() on ptolemy.moml.MoMLSimpleApplication@1efccad
reloadAllAccessors: .StopTime2

===========================================================================================
----------------- testing Tue Aug 24 17:25:23 UTC 2021 /home/travis/build/icyphy/ptII/ptolemy/domains/continuous/test/auto/Switch.xml
----------------- Instantiating /home/travis/build/icyphy/ptII/ptolemy/domains/continuous/test/auto/Switch.xml
46 ms. Memory: 346112K Free: 139376K (40%)
----------------- Invoking toplevel() on ptolemy.moml.MoMLSimpleApplication@3a43e3f7
----------------- Done invoking toplevel() on ptolemy.moml.MoMLSimpleApplication@3a43e3f7
reloadAllAccessors: .Switch

===========================================================================================
----------------- testing Tue Aug 24 17:25:23 UTC 2021 /home/travis/build/icyphy/ptII/ptolemy/domains/continuous/test/auto/Thermostat.xml
----------------- Instantiating /home/travis/build/icyphy/ptII/ptolemy/domains/continuous/test/auto/Thermostat.xml
222 ms. Memory: 346112K Free: 267017K (77%)
----------------- Invoking toplevel() on ptolemy.moml.MoMLSimpleApplication@3974e85f
----------------- Done invoking toplevel() on ptolemy.moml.MoMLSimpleApplication@3974e85f
reloadAllAccessors: .Thermostat

===========================================================================================
----------------- testing Tue Aug 24 17:25:23 UTC 2021 /home/travis/build/icyphy/ptII/ptolemy/domains/continuous/test/auto/TimeDelay.xml
----------------- Instantiating /home/travis/build/icyphy/ptII/ptolemy/domains/continuous/test/auto/TimeDelay.xml
5 ms. Memory: 346112K Free: 262241K (76%)
----------------- Invoking toplevel() on ptolemy.moml.MoMLSimpleApplication@11828e27
----------------- Done invoking toplevel() on ptolemy.moml.MoMLSimpleApplication@11828e27
reloadAllAccessors: .TimeDelay

===========================================================================================
----------------- testing Tue Aug 24 17:25:23 UTC 2021 /home/travis/build/icyphy/ptII/ptolemy/domains/continuous/test/auto/TimeDelay2.xml
----------------- Instantiating /home/travis/build/icyphy/ptII/ptolemy/domains/continuous/test/auto/TimeDelay2.xml
9 ms. Memory: 346112K Free: 252511K (73%)
----------------- Invoking toplevel() on ptolemy.moml.MoMLSimpleApplication@1469426
----------------- Done invoking toplevel() on ptolemy.moml.MoMLSimpleApplication@1469426
reloadAllAccessors: .TimeDelay2

===========================================================================================
----------------- testing Tue Aug 24 17:25:23 UTC 2021 /home/travis/build/icyphy/ptII/ptolemy/domains/continuous/test/auto/TimeDelay3.xml
----------------- Instantiating /home/travis/build/icyphy/ptII/ptolemy/domains/continuous/test/auto/TimeDelay3.xml
4 ms. Memory: 346112K Free: 247903K (72%)
----------------- Invoking toplevel() on ptolemy.moml.MoMLSimpleApplication@67d226d6
----------------- Done invoking toplevel() on ptolemy.moml.MoMLSimpleApplication@67d226d6
reloadAllAccessors: .TimeDelay3

===========================================================================================
----------------- testing Tue Aug 24 17:25:23 UTC 2021 /home/travis/build/icyphy/ptII/ptolemy/domains/continuous/test/auto/TransferAbsentToInside.xml
----------------- Instantiating /home/travis/build/icyphy/ptII/ptolemy/domains/continuous/test/auto/TransferAbsentToInside.xml
28 ms. Memory: 346112K Free: 194129K (56%)
----------------- Invoking toplevel() on ptolemy.moml.MoMLSimpleApplication@434ef53e
----------------- Done invoking toplevel() on ptolemy.moml.MoMLSimpleApplication@434ef53e
reloadAllAccessors: .TransferAbsentToInside

===========================================================================================
----------------- testing Tue Aug 24 17:25:23 UTC 2021 /home/travis/build/icyphy/ptII/ptolemy/domains/continuous/test/auto/Transmission.xml
----------------- Instantiating /home/travis/build/icyphy/ptII/ptolemy/domains/continuous/test/auto/Transmission.xml
733 ms. Memory: 346112K Free: 159325K (46%)
----------------- Invoking toplevel() on ptolemy.moml.MoMLSimpleApplication@42c5e83d
----------------- Done invoking toplevel() on ptolemy.moml.MoMLSimpleApplication@42c5e83d
reloadAllAccessors: .Transmission

===========================================================================================
----------------- testing Tue Aug 24 17:25:24 UTC 2021 /home/travis/build/icyphy/ptII/ptolemy/domains/continuous/test/auto/TriggeredContinuousClock.xml
----------------- Instantiating /home/travis/build/icyphy/ptII/ptolemy/domains/continuous/test/auto/TriggeredContinuousClock.xml
35 ms. Memory: 346112K Free: 129629K (37%)
----------------- Invoking toplevel() on ptolemy.moml.MoMLSimpleApplication@7f37a4fe
----------------- Done invoking toplevel() on ptolemy.moml.MoMLSimpleApplication@7f37a4fe
reloadAllAccessors: .TriggeredContinuousClock

===========================================================================================
----------------- testing Tue Aug 24 17:25:24 UTC 2021 /home/travis/build/icyphy/ptII/ptolemy/domains/continuous/test/auto/TwoMachineInfiniteBusControl.xml
----------------- Instantiating /home/travis/build/icyphy/ptII/ptolemy/domains/continuous/test/auto/TwoMachineInfiniteBusControl.xml
2318 ms. Memory: 346112K Free: 140846K (41%)
----------------- Invoking toplevel() on ptolemy.moml.MoMLSimpleApplication@67fbd782
----------------- Done invoking toplevel() on ptolemy.moml.MoMLSimpleApplication@67fbd782
reloadAllAccessors: .TwoMachineInfiniteBusControl

===========================================================================================
----------------- testing Tue Aug 24 17:25:26 UTC 2021 /home/travis/build/icyphy/ptII/ptolemy/domains/continuous/test/auto/V2V.xml
----------------- Instantiating /home/travis/build/icyphy/ptII/ptolemy/domains/continuous/test/auto/V2V.xml
732 ms. Memory: 346112K Free: 149528K (43%)
----------------- Invoking toplevel() on ptolemy.moml.MoMLSimpleApplication@43d85a0a
----------------- Done invoking toplevel() on ptolemy.moml.MoMLSimpleApplication@43d85a0a
reloadAllAccessors: .V2V

===========================================================================================
----------------- testing Tue Aug 24 17:25:27 UTC 2021 /home/travis/build/icyphy/ptII/ptolemy/domains/continuous/test/auto/hierarchicalModalModel.xml
----------------- Instantiating /home/travis/build/icyphy/ptII/ptolemy/domains/continuous/test/auto/hierarchicalModalModel.xml
7 ms. Memory: 346112K Free: 135207K (39%)
----------------- Invoking toplevel() on ptolemy.moml.MoMLSimpleApplication@b6319ec
----------------- Done invoking toplevel() on ptolemy.moml.MoMLSimpleApplication@b6319ec
reloadAllAccessors: .hierarchicalModalModel

===========================================================================================
----------------- testing Tue Aug 24 17:25:27 UTC 2021 /home/travis/build/icyphy/ptII/ptolemy/domains/continuous/test/auto/hierarchicalModalModel1.xml
----------------- Instantiating /home/travis/build/icyphy/ptII/ptolemy/domains/continuous/test/auto/hierarchicalModalModel1.xml
20 ms. Memory: 346112K Free: 321300K (93%)
----------------- Invoking toplevel() on ptolemy.moml.MoMLSimpleApplication@413d31c8
----------------- Done invoking toplevel() on ptolemy.moml.MoMLSimpleApplication@413d31c8
reloadAllAccessors: .hierarchicalModalModel1

===========================================================================================
----------------- testing Tue Aug 24 17:25:27 UTC 2021 /home/travis/build/icyphy/ptII/ptolemy/domains/continuous/test/auto/hierarchicalModalModel2.xml
----------------- Instantiating /home/travis/build/icyphy/ptII/ptolemy/domains/continuous/test/auto/hierarchicalModalModel2.xml
6 ms. Memory: 346112K Free: 308258K (89%)
----------------- Invoking toplevel() on ptolemy.moml.MoMLSimpleApplication@f2a21e6
----------------- Done invoking toplevel() on ptolemy.moml.MoMLSimpleApplication@f2a21e6
reloadAllAccessors: .hierarchicalModalModel2

===========================================================================================
----------------- testing Tue Aug 24 17:25:27 UTC 2021 /home/travis/build/icyphy/ptII/ptolemy/domains/continuous/test/auto/hierarchicalModalModel3.xml
----------------- Instantiating /home/travis/build/icyphy/ptII/ptolemy/domains/continuous/test/auto/hierarchicalModalModel3.xml
6 ms. Memory: 346112K Free: 297504K (86%)
----------------- Invoking toplevel() on ptolemy.moml.MoMLSimpleApplication@5d343313
----------------- Done invoking toplevel() on ptolemy.moml.MoMLSimpleApplication@5d343313
reloadAllAccessors: .hierarchicalModalModel3

===========================================================================================
----------------- testing Tue Aug 24 17:25:27 UTC 2021 /home/travis/build/icyphy/ptII/ptolemy/domains/continuous/test/auto/hierarchicalModalModel4.xml
----------------- Instantiating /home/travis/build/icyphy/ptII/ptolemy/domains/continuous/test/auto/hierarchicalModalModel4.xml
4 ms. Memory: 346112K Free: 285730K (83%)
----------------- Invoking toplevel() on ptolemy.moml.MoMLSimpleApplication@3b76f2a2
----------------- Done invoking toplevel() on ptolemy.moml.MoMLSimpleApplication@3b76f2a2
reloadAllAccessors: .hierarchicalModalModel4

===========================================================================================
----------------- testing Tue Aug 24 17:25:27 UTC 2021 /home/travis/build/icyphy/ptII/ptolemy/domains/continuous/test/auto/junk.xml
----------------- Instantiating /home/travis/build/icyphy/ptII/ptolemy/domains/continuous/test/auto/junk.xml
112 ms. Memory: 346112K Free: 257058K (74%)
----------------- Invoking toplevel() on ptolemy.moml.MoMLSimpleApplication@1e7c96c
----------------- Done invoking toplevel() on ptolemy.moml.MoMLSimpleApplication@1e7c96c
reloadAllAccessors: .junk
AutoTests.java: About to close Vertx.
AutoTests.java: Vertx closed.
]]></system-out>
  <system-err><![CDATA[Warning: '.HysteresisWithRandomDelay.NonStrictTest3' The test produced only 26 tokens, yet the correctValues parameter was expecting 30 tokens.
Warning: '.IncreasingRatePoisson.NonStrictTest' The test produced only 375 tokens, yet the correctValues parameter was expecting 402 tokens.
Warning: '.Poisson.NonStrictTest' The test produced only 392 tokens, yet the correctValues parameter was expecting 430 tokens.
]]></system-err>
</testsuite>
