<?xml version="1.0" encoding="UTF-8" ?>
<testsuite errors="0" failures="0" hostname="travis-job-94f3b4db-7543-4cff-bb01-0da3d7af325d" name="ptolemy.actor.lib.test.junit.JUnitTclTest" skipped="0" tests="517" time="59.943" timestamp="2019-05-17T04:41:52">
  <properties>
    <property name="npm.executable" value="npm" />
    <property name="file.encoding.pkg" value="sun.io" />
    <property name="env.TRAVIS_ROOT" value="/" />
    <property name="ptII.mk.exists" value="true" />
    <property name="env.TRAVIS_APP_HOST" value="build.travis-ci.org" />
    <property name="env.rvm_bin_path" value="/home/travis/.rvm/bin" />
    <property name="java.home" value="/usr/lib/jvm/java-8-oracle/jre" />
    <property name="env.TRAVIS_JOB_NUMBER" value="1134.8" />
    <property name="env.TRAVIS_HOME" value="/home/travis" />
    <property name="env.DISPLAY" value=":99.0" />
    <property name="java.net.preferIPv4Stack" value="true" />
    <property name="env.TRAVIS_INIT" value="upstart" />
    <property name="env.SSH_TTY" value="/dev/pts/0" />
    <property name="env.RUN_TESTS" value="true" />
    <property name="timeout.short" value="1000000" />
    <property name="env.TRAVIS_JOB_NAME" value="" />
    <property name="env.TRAVIS_STACK_NODE_ATTRIBUTES" value="/.node-attributes.yml" />
    <property name="junit.formatter" value="xml" />
    <property name="java.endorsed.dirs" value="/usr/lib/jvm/java-8-oracle/jre/lib/endorsed" />
    <property name="env.TRAVIS_SUDO" value="true" />
    <property name="env.LOGNAME" value="travis" />
    <property name="env.PT_TRAVIS_TEST_CORE1_XML" value="true" />
    <property name="jsdoc.home" value="node_modules/@terraswarm/jsdoc" />
    <property name="debuglevel" value="source,lines,vars" />
    <property name="checkstyle.formatter" value="xml" />
    <property name="bin.vergil.makeable" value="true" />
    <property name="env._system_version" value="14.04" />
    <property name="sun.os.patch.level" value="unknown" />
    <property name="java.vendor.url" value="http://java.oracle.com/" />
    <property name="env.TRAVIS_BUILD_WEB_URL" value="https://travis-ci.org/icyphy/ptII/builds/533624858" />
    <property name="java.version" value="1.8.0_151" />
    <property name="env.TZ" value="UTC" />
    <property name="env.PT_NO_NET" value="true" />
    <property name="env.TRAVIS_PULL_REQUEST_SHA" value="" />
    <property name="env.TRAVIS_SECURE_ENV_VARS" value="true" />
    <property name="env._system_type" value="Linux" />
    <property name="java.vendor.url.bug" value="http://bugreport.sun.com/bugreport/" />
    <property name="env.SSH_CLIENT" value="10.10.4.72 40772 22" />
    <property name="npmjs-org-is-up" value="true" />
    <property name="env.GEM_HOME" value="/home/travis/.rvm/gems/ruby-2.4.1" />
    <property name="env.HAS_ANTARES_THREE_LITTLE_FRONZIES_BADGE" value="true" />
    <property name="env.PS4" value="+" />
    <property name="ant.project.invoked-targets" value="build,test.core1.xml" />
    <property name="env.TRAVIS_PULL_REQUEST_BRANCH" value="" />
    <property name="env.TRAVIS_REPO_SLUG" value="icyphy/ptII" />
    <property name="env.TRAVIS_APT_PROXY" value="http://build-cache.travisci.net" />
    <property name="node.in.path" value="true" />
    <property name="java.maxmemory" value="1400m" />
    <property name="env.RUBY_VERSION" value="ruby-2.4.1" />
    <property name="user.name" value="travis" />
    <property name="env.LANG" value="en_US.UTF-8" />
    <property name="sun.io.unicode.encoding" value="UnicodeLittle" />
    <property name="sun.jnu.encoding" value="UTF-8" />
    <property name="java.runtime.name" value="Java(TM) SE Runtime Environment" />
    <property name="usefile" value="false" />
    <property name="return.code" value="0" />
    <property name="junit.single.formatter" value="plain" />
    <property name="env.DEBIAN_FRONTEND" value="noninteractive" />
    <property name="env.SSH_CONNECTION" value="10.10.4.72 40772 10.20.2.166 22" />
    <property name="env.MYSQL_UNIX_PORT" value="/var/run/mysqld/mysqld.sock" />
    <property name="env.TRAVIS_ALLOW_FAILURE" value="false" />
    <property name="env.LC_ALL" value="en_US.UTF-8" />
    <property name="env.TRAVIS_JOB_WEB_URL" value="https://travis-ci.org/icyphy/ptII/jobs/533624866" />
    <property name="java.specification.name" value="Java Platform API Specification" />
    <property name="node.works" value="true" />
    <property name="user.timezone" value="" />
    <property name="path.separator" value=":" />
    <property name="env.TRAVIS_ENABLE_INFRA_DETECTION" value="true" />
    <property name="env.PYTHON_CFLAGS" value="-g -fstack-protector --param=ssp-buffer-size=4 -Wformat -Werror=format-security" />
    <property name="timeout.long" value="4000000" />
    <property name="file.encoding" value="UTF-8" />
    <property name="ant.file.ptII" value="/home/travis/build/icyphy/ptII/build.xml" />
    <property name="javadoc.packagenames" value="com.*,diva.*,lbnl.*,org.hlacerti.*,org.json.*,org.ptolemy.*,org.terraswarm.*,ptolemy.*,ptserver.*" />
    <property name="env.TRAVIS_PULL_REQUEST_SLUG" value="" />
    <property name="ant.project.default-target" value="build" />
    <property name="env.GIT_ASKPASS" value="echo" />
    <property name="env.HOME" value="/home/travis" />
    <property name="sun.java.command" value="org.apache.tools.ant.taskdefs.optional.junit.JUnitTestRunner ptolemy.actor.lib.test.junit.JUnitTclTest skipNonTests=false filtertrace=true haltOnError=false haltOnFailure=false formatter=org.apache.tools.ant.taskdefs.optional.junit.OutErrSummaryJUnitResultFormatter showoutput=true outputtoformatters=true logfailedtests=true threadid=0 logtestlistenerevents=false formatter=org.apache.tools.ant.taskdefs.optional.junit.XMLJUnitResultFormatter,/home/travis/build/icyphy/ptII/reports/junit/TEST-ptolemy.actor.lib.test.junit.JUnitTclTest.xml crashfile=/home/travis/build/icyphy/ptII/junitvmwatcher8554144151760241240.properties propsfile=/home/travis/build/icyphy/ptII/junit2967072700173324142.properties" />
    <property name="env.MANPATH" value="/home/travis/.nvm/versions/node/v7.10.1/share/man:/home/travis/.kiex/elixirs/elixir-1.4.5/man:/home/travis/.rvm/rubies/ruby-2.4.1/share/man:/usr/local/man:/usr/local/cmake-3.9.2/man:/usr/local/clang-5.0.0/share/man:/usr/local/share/man:/usr/share/man:/home/travis/.rvm/man" />
    <property name="env.COMPOSER_NO_INTERACTION" value="1" />
    <property name="env.JDK_SWITCHER_DEFAULT" value="oraclejdk8" />
    <property name="env.TRAVIS_TIMER_ID" value="09a30f76" />
    <property name="ant.file" value="/home/travis/build/icyphy/ptII/build.xml" />
    <property name="env.TRAVIS_COMMIT_RANGE" value="25358e19e906f8e9155807d44808777cd5710b63...03859736f61821d9cf596b8cb9a71eb7250d4667" />
    <property name="env._system_name" value="Ubuntu" />
    <property name="timeout" value="2400000" />
    <property name="ptII.classpath.optional.property" value="/home/travis/build/icyphy/ptII/lib/bsh-2.0b4.jar:/home/travis/build/icyphy/ptII/lib/ptCal.jar:/home/travis/build/icyphy/ptII/lib/java_cup.jar:/home/travis/build/icyphy/ptII/lib/saxon8.jar:/home/travis/build/icyphy/ptII/lib/saxon8-dom.jar:/home/travis/build/icyphy/ptII/lib/chic.jar:/home/travis/build/icyphy/ptII/lib/ptcolt.jar:/usr/lib/jvm/java-8-oracle/lib/tools.jar:/home/travis/build/icyphy/ptII/vendors/misc/itext/iText.jar:/home/travis/build/icyphy/ptII/lib/g4ltl.jar:/home/travis/build/icyphy/ptII/lib/StructuralCoder.jar:/home/travis/build/icyphy/ptII/vendors/jai-1_1_2_01/lib/jai_core.jar:/home/travis/build/icyphy/ptII/vendors/jai-1_1_2_01/lib/jai_codec.jar:/home/travis/build/icyphy/ptII/lib/jcerti.jar:/home/travis/build/icyphy/ptII/lib/javax.mail.jar:/home/travis/build/icyphy/ptII/vendors/JMF-2.1.1e/lib/jmf.jar:/home/travis/build/icyphy/ptII/lib/jna-4.0.0-variadic.jar:/home/travis/build/icyphy/ptII/vendors/misc/joystick/Joystick.jar:/home/travis/build/icyphy/ptII/lib/ptjacl.jar:/home/travis/build/icyphy/ptII/lib/jsoup-1.8.2.jar:/home/travis/build/icyphy/ptII/lib/junit-4.8.2.jar:/home/travis/build/icyphy/ptII/lib/JUnitParams-0.4.0.jar:/home/travis/build/icyphy/ptII/ptolemy/actor/lib/excel/jxl.jar:/home/travis/build/icyphy/ptII/lib/jython.jar:/home/travis/build/icyphy/ptII/lib/kieler.jar:/home/travis/build/icyphy/ptII/vendors/opencv/share/OpenCV/java/opencv-341.jar:/home/travis/build/icyphy/ptII/lib/oscP5.jar:/home/travis/build/icyphy/ptII/lib/nrjavaserial-3.11.0.devel.jar:/home/travis/build/icyphy/ptII/vendors/j3d/lib/j3dcore.jar:/home/travis/build/icyphy/ptII/vendors/j3d/lib/j3dutils.jar:/home/travis/build/icyphy/ptII/vendors/j3d/lib/vecmath.jar:/home/travis/build/icyphy/ptII/ptolemy/distributed/jini/jar/jini-core.jar:/home/travis/build/icyphy/ptII/ptolemy/distributed/jini/jar/jini-ext.jar:/home/travis/build/icyphy/ptII/ptolemy/distributed/jini/jar/sun-util.jar:/home/travis/build/icyphy/ptII/lib/protobuf-java-2.4.1.jar:/home/travis/build/icyphy/ptII/lib/org.eclipse.paho.client.mqttv3.jar:/home/travis/build/icyphy/ptII/lib/mapss.jar:/home/travis/build/icyphy/ptII/ptolemy/actor/ptalon/antlr/antlr.jar:/home/travis/build/icyphy/ptII/lib/JRI.jar:/home/travis/build/icyphy/ptII/lib/commons-lang-2.6.jar:/home/travis/build/icyphy/ptII/lib/commons-logging-1.1.1.jar:/home/travis/build/icyphy/ptII/lib/sootclasses.jar:/home/travis/build/icyphy/ptII/ptolemy/actor/lib/database/mysql-connector-java-5.1.6-bin.jar:/home/travis/build/icyphy/ptII/vendors/misc/sphinx4/sphinx4-data-5prealpha.jar:/home/travis/build/icyphy/ptII/vendors/misc/sphinx4/sphinx4-core-5prealpha.jar:/home/travis/build/icyphy/ptII/lib/PDFRenderer.jar:/home/travis/build/icyphy/ptII/lib/svgSalamander.jar:/home/travis/build/icyphy/ptII/lib/rsyntaxtextarea-2.6.0-SNAPSHOT.jar:/home/travis/build/icyphy/ptII/lib/hazelcast-3.8.2.jar:/home/travis/build/icyphy/ptII/lib/jackson-annotations-2.9.0.jar:/home/travis/build/icyphy/ptII/lib/jackson-core-2.9.3.jar:/home/travis/build/icyphy/ptII/lib/jackson-databind-2.9.3.jar:/home/travis/build/icyphy/ptII/lib/netty-buffer-4.1.19.Final.jar:/home/travis/build/icyphy/ptII/lib/netty-codec-4.1.19.Final.jar:/home/travis/build/icyphy/ptII/lib/netty-codec-dns-4.1.19.Final.jar:/home/travis/build/icyphy/ptII/lib/netty-codec-http-4.1.19.Final.jar:/home/travis/build/icyphy/ptII/lib/netty-codec-http2-4.1.19.Final.jar:/home/travis/build/icyphy/ptII/lib/netty-common-4.1.19.Final.jar:/home/travis/build/icyphy/ptII/lib/netty-handler-4.1.19.Final.jar:/home/travis/build/icyphy/ptII/lib/netty-resolver-4.1.19.Final.jar:/home/travis/build/icyphy/ptII/lib/netty-resolver-dns-4.1.19.Final.jar:/home/travis/build/icyphy/ptII/lib/netty-transport-4.1.19.Final.jar:/home/travis/build/icyphy/ptII/lib/vertx-codegen-3.5.1.jar:/home/travis/build/icyphy/ptII/lib/vertx-core-3.5.2-SNAPSHOT.jar:/home/travis/build/icyphy/ptII/lib/vertx-hazelcast-3.5.1.jar:/home/travis/build/icyphy/ptII/lib/vertx-lang-js-3.5.1.jar:/home/travis/build/icyphy/ptII/lib/vertx-service-proxy-3.5.1.jar:/home/travis/build/icyphy/ptII/lib/vertx-web-3.5.1.jar:/home/travis/build/icyphy/ptII/lib/slf4j-api-1.7.13.jar:/home/travis/build/icyphy/ptII/lib/slf4j-simple-1.7.13.jar:/home/travis/build/icyphy/ptII/lib/webcam-capture-0.3.12.jar:/home/travis/build/icyphy/ptII/lib/bridj-0.7.0.jar:/home/travis/build/icyphy/ptII/lib/xbjlib-1.1.0.nrjavaserial.jar" />
    <property name="test.batch" value="**/junit/*.java" />
    <property name="env._" value="/usr/bin/timeout" />
    <property name="java.io.tmpdir" value="/tmp" />
    <property name="env.TRAVIS_INTERNAL_RUBY_REGEX" value="^ruby-(2\.[0-4]\.[0-9]|1\.9\.3)" />
    <property name="user.language" value="en" />
    <property name="env.HISTCONTROL" value="ignoredups:ignorespace" />
    <property name="env.GOROOT" value="/home/travis/.gimme/versions/go1.7.4.linux.amd64" />
    <property name="line.separator" value="&#xa;" />
    <property name="target" value="1.8" />
    <property name="env.TRAVIS_BUILD_DIR" value="/home/travis/build/icyphy/ptII" />
    <property name="env.ANT_OPTS" value="-Xmx2048m" />
    <property name="ant.file.type" value="file" />
    <property name="ptolemy.ptII.batchMode" value="true" />
    <property name="env.HISTSIZE" value="1000" />
    <property name="env.MERB_ENV" value="test" />
    <property name="java.vm.info" value="mixed mode" />
    <property name="source" value="1.8" />
    <property name="java.vm.specification.name" value="Java Virtual Machine Specification" />
    <property name="env.TRAVIS_TEST_RESULT" value="0" />
    <property name="jsdoc.command" value="node_modules/@terraswarm/jsdoc/jsdoc.js" />
    <property name="npm.works" value="true" />
    <property name="cobertura.dir" value="/home/travis/build/icyphy/ptII/vendors/cobertura-2.0.3" />
    <property name="env.rvm_path" value="/home/travis/.rvm" />
    <property name="env.GEM_PATH" value="/home/travis/.rvm/gems/ruby-2.4.1:/home/travis/.rvm/gems/ruby-2.4.1@global" />
    <property name="env.LC_CTYPE" value="en_US.UTF-8" />
    <property name="java.awt.printerjob" value="sun.print.PSPrinterJob" />
    <property name="env.TRAVIS_CMD" value="$PTII/bin/ptIITravisBuild.sh $SECONDS" />
    <property name="env.TRAVIS_STACK_NAME" value="garnet" />
    <property name="env.TRAVIS_TIMER_START_TIME" value="1558067723722965825" />
    <property name="ant.version" value="Apache Ant(TM) version 1.10.1 compiled on February 2 2017" />
    <property name="ptII.reports" value="/home/travis/build/icyphy/ptII/reports" />
    <property name="env.TRAVIS_STACK_TIMESTAMP" value="2017-12-05 19:33:09 UTC" />
    <property name="ant.file.type.ptII" value="file" />
    <property name="env.RBENV_SHELL" value="bash" />
    <property name="os.name" value="Linux" />
    <property name="java.specification.vendor" value="Oracle Corporation" />
    <property name="env.rvm_version" value="1.29.3 (latest)" />
    <property name="env.TRAVIS_INFRA" value="gce" />
    <property name="env.TERM" value="xterm" />
    <property name="java.vm.name" value="Java HotSpot(TM) 64-Bit Server VM" />
    <property name="env.TRAVIS_BUILD_NUMBER" value="1134" />
    <property name="env.CI" value="true" />
    <property name="java.library.path" value="/usr/lib/jni:/usr/local/share/OpenCV/java/:/usr/share/OpenCV/java::/usr/java/packages/lib/amd64:/usr/lib64:/lib64:/lib:/usr/lib" />
    <property name="env.rvm_prefix" value="/home/travis" />
    <property name="env.PATH" value="/home/travis/.rvm/gems/ruby-2.4.1/bin:/home/travis/.rvm/gems/ruby-2.4.1@global/bin:/home/travis/.rvm/rubies/ruby-2.4.1/bin:/home/travis/.rvm/bin:/home/travis/.nvm/versions/node/v7.10.1/bin:./node_modules/.bin:/home/travis/build/icyphy/ptII/bin:/home/travis/pthla/certi-tools/bin:/home/travis/bin:/home/travis/.local/bin:/opt/pyenv/shims:/home/travis/.phpenv/shims:/home/travis/perl5/perlbrew/bin:/home/travis/.kiex/elixirs/elixir-1.4.5/bin:/home/travis/.kiex/bin:/home/travis/gopath/bin:/home/travis/.gimme/versions/go1.7.4.linux.amd64/bin:/usr/local/phantomjs/bin:/usr/local/phantomjs:/usr/local/neo4j-3.2.7/bin:/usr/local/maven-3.5.2/bin:/usr/local/cmake-3.9.2/bin:/usr/local/clang-5.0.0/bin:/usr/local/sbin:/usr/local/bin:/usr/sbin:/usr/bin:/sbin:/bin:/home/travis/.phpenv/bin:/opt/pyenv/bin:/home/travis/.yarn/bin" />
    <property name="env.TRAVIS_OS_NAME" value="linux" />
    <property name="ant.java.version" value="1.8" />
    <property name="basedir" value="/home/travis/build/icyphy/ptII" />
    <property name="java.class.version" value="52.0" />
    <property name="env.SHLVL" value="3" />
    <property name="env.LD_LIBRARY_PATH" value="/usr/lib/jni:/usr/local/share/OpenCV/java/:/usr/share/OpenCV/java:" />
    <property name="env.RACK_ENV" value="test" />
    <property name="ant.home" value="/home/travis/build/icyphy/ptII/ant" />
    <property name="env.NVM_DIR" value="/home/travis/.nvm" />
    <property name="env.PERLBREW_BASHRC_VERSION" value="0.80" />
    <property name="env.TRAVIS_BUILD_ID" value="533624858" />
    <property name="env.PYENV_ROOT" value="/opt/pyenv" />
    <property name="env.TRAVIS_UID" value="2000" />
    <property name="env.rvm_pretty_print_flag" value="auto" />
    <property name="env.NVM_BIN" value="/home/travis/.nvm/versions/node/v7.10.1/bin" />
    <property name="env.TRAVIS_COMMIT" value="03859736f61821d9cf596b8cb9a71eb7250d4667" />
    <property name="env._system_arch" value="x86_64" />
    <property name="node.executable" value="node" />
    <property name="sun.boot.library.path" value="/usr/lib/jvm/java-8-oracle/jre/lib/amd64" />
    <property name="sun.management.compiler" value="HotSpot 64-Bit Tiered Compilers" />
    <property name="env.GOPATH" value="/home/travis/gopath" />
    <property name="java.awt.graphicsenv" value="sun.awt.X11GraphicsEnvironment" />
    <property name="ptolemy.ptII.dir" value="/home/travis/build/icyphy/ptII" />
    <property name="env.USER" value="travis" />
    <property name="env.HISTFILESIZE" value="2000" />
    <property name="timeout.longest" value="19000000" />
    <property name="env.TRAVIS_STACK_FEATURES" value="basic cassandra chromium couchdb disabled-ipv6 docker docker-compose elasticsearch firefox go-toolchain google-chrome jdk memcached mongodb mysql neo4j nodejs_interpreter perl_interpreter perlbrew phantomjs postgresql python_interpreter rabbitmq redis riak ruby_interpreter sqlite xserver" />
    <property name="env.TRAVIS_PULL_REQUEST" value="false" />
    <property name="env.PYENV_SHELL" value="bash" />
    <property name="ant.project.name" value="ptII" />
    <property name="java.vm.specification.version" value="1.8" />
    <property name="env.ANSI_RESET" value="\033[0m" />
    <property name="env.TRAVIS_DIST" value="trusty" />
    <property name="env.NLSPATH" value="/usr/dt/lib/nls/msg/%L/%N.cat" />
    <property name="awt.toolkit" value="sun.awt.X11.XToolkit" />
    <property name="env.MY_RUBY_HOME" value="/home/travis/.rvm/rubies/ruby-2.4.1" />
    <property name="sun.cpu.isalist" value="" />
    <property name="env.TRAVIS_TMPDIR" value="/tmp/tmp.suo6EjNbK5" />
    <property name="java.ext.dirs" value="/usr/lib/jvm/java-8-oracle/jre/lib/ext:/usr/java/packages/lib/ext" />
    <property name="os.version" value="4.4.0-101-generic" />
    <property name="user.home" value="/home/travis" />
    <property name="env.MIX_ARCHIVES" value="/home/travis/.kiex/mix/elixir-1.4.5" />
    <property name="java.vm.vendor" value="Oracle Corporation" />
    <property name="env.TRAVIS_TAG" value="nightly" />
    <property name="env.ANSI_YELLOW" value="\033[33;1m" />
    <property name="env.TRAVIS_FILTERED" value="redirect_io" />
    <property name="env.PTII" value="/home/travis/build/icyphy/ptII" />
    <property name="env.JAVA_HOME" value="/usr/lib/jvm/java-8-oracle" />
    <property name="javadoc.excludepackagenames" value="adm.cvs2svn.*,build.*,config.*,doc.coding.templates.*,jni.test.jni.meaningOfLife.*,jni.test.jni.testDeux.*,jni.test.jni.testTrois.*,org.terraswarm.accessor.accessors.web.node_modules.*,org.terraswarm.accessor.accessors.web.hosts.cordova.demo.*,org.terraswarm.accessor.accessors.web.hosts.cordova.plugins.*,org.terraswarm.accessor.accessors-svn.*,pt-modules.*,ptolemy.apps.agilent.*,ptolemy.apps.anytimecontrol.*,ptolemy.apps.apes.*,ptolemy.apps.charon.*,ptolemy.apps.crazyboard.*,ptolemy.apps.eclipse.*,ptolemy.apps.etherealSting.*,ptolemy.apps.fullscreen.*,ptolemy.apps.giotto.*,ptolemy.apps.ia.*,ptolemy.apps.interfaces.*,ptolemy.apps.jmf.*,ptolemy.apps.kurt.*,ptolemy.apps.kvm.*,ptolemy.apps.lego.*,ptolemy.apps.lejos.*,ptolemy.apps.midp.*,ptolemy.apps.mobileCoding.*,ptolemy.apps.pendulum.*,ptolemy.apps.rijndael.*,ptolemy.apps.robot.*,ptolemy.apps.security.*,ptolemy.apps.sobel.*,ptolemy.apps.soot.*,ptolemy.apps.throttle.*,ptolemy.apps.tini.*,ptolemy.apps.transmission.*,ptolemy.apps.vergil.*,ptolemy.apps.waba.*,ptolemy.apps.websensor.*,ptolemy.apps.webstart.*,ptolemy.apps.xsl.*,ptolemy.apps.zaurus.*,ptolemy.codegen.c.actor.lib.oldJavaFiles.*,ptolemy.codegen.dsp.lib.*,ptolemy.codegen.kernel.newInterfaces.*,ptolemy.codegen.lib.*,ptolemy.copernicus.kernel.fragment.*,ptolemy.copernicus.shallow.cg.*,ptolemy.domains.giotto.demo.Hierarchy.Hierarchy.*,ptolemy.domains.giotto.demo.Multimode.Multimode.*,ptolemy.domains.giotto.demo.Simple.Simple.*,ptolemy.domains.gr.lib.experimental.*,ptolemy.domains.gro.*,ptolemy.domains.pdf.*,ptolemy.domains.ptinyos.demo.Surge.output.*,ptolemy.moml.test.NoPackageActor.java*,ptolemy.plot.adm.*,ptolemy.plot.servlet.*,reports.*,signed.*,src.*,target.*,vendors.*,ptolemy.apps.eclipse.awt.*,ptolemy.backtrack.*,ptolemy.backtrack.ast.*,ptolemy.cg.adapter.generic.program.procedural.c.mbed*,ptolemy.homer.*,org.ptolemy.scala.*,diva.util.java2d.svg.*,ptolemy.domains.ptinyos.*,ptolemy.actor.lib.fmi.fmipp.*,,org.terraswarm.accessor.accessors.web.node_modules.*,org.terraswarm.accessor.accessors-svn,ptolemy.apps.*,ptolemy.actor.ptalon.demo.ptinyos.SendAndReceiveCnt.output,ptolemy.actor.ptalon.demo.ptinyos.SenseToLeds.output,ptolemy.domains.ptinyos.demo.CntToLedsAndRfm.output,ptolemy.domains.ptinyos.demo.RfmToLeds.output,ptolemy.domains.ptinyos.demo.SendAndReceiveCnt.output,ptolemy.domains.ptinyos.demo.SenseToLeds.output,ptolemy.actor.lib.jjs.modules.udpSocket.*" />
    <property name="env.ANSI_GREEN" value="\033[32;1m" />
    <property name="env.TRAVIS_COMMIT_MESSAGE" value="Tuning docs" />
    <property name="keystore" value="ptKeystore" />
    <property name="env.XDG_SESSION_ID" value="2" />
    <property name="junit.output.dir" value="/home/travis/build/icyphy/ptII/reports/junit" />
    <property name="npm.return.code" value="0" />
    <property name="user.dir" value="/home/travis/build/icyphy/ptII/ptolemy/actor/lib/test" />
    <property name="env.XFILESEARCHPATH" value="/usr/dt/app-defaults/%L/Dt" />
    <property name="env.TRAVIS_NODE_VERSION" value="7" />
    <property name="env.MAIL" value="/var/mail/travis" />
    <property name="env.TRAVIS_EVENT_TYPE" value="cron" />
    <property name="env.PWD" value="/home/travis/build/icyphy/ptII" />
    <property name="env.PERLBREW_ROOT" value="/home/travis/perl5/perlbrew" />
    <property name="timeout.npm" value="45000" />
    <property name="env.TRAVIS_ARCH" value="amd64" />
    <property name="env.PAGER" value="cat" />
    <property name="sun.cpu.endian" value="little" />
    <property name="env.TRAVIS_BUILD_STAGE_NAME" value="Test" />
    <property name="env.PERLBREW_HOME" value="/home/travis/.perlbrew" />
    <property name="java.vm.version" value="25.151-b12" />
    <property name="env.RAILS_ENV" value="test" />
    <property name="java.class.path" value="/home/travis/.ptolemyII:/home/travis/.ptolemyII/*:/home/travis/build/icyphy/ptII:/home/travis/build/icyphy/ptII/lib/bsh-2.0b4.jar:/home/travis/build/icyphy/ptII/lib/ptCal.jar:/home/travis/build/icyphy/ptII/lib/java_cup.jar:/home/travis/build/icyphy/ptII/lib/saxon8.jar:/home/travis/build/icyphy/ptII/lib/saxon8-dom.jar:/home/travis/build/icyphy/ptII/lib/chic.jar:/home/travis/build/icyphy/ptII/lib/ptcolt.jar:/usr/lib/jvm/java-8-oracle/lib/tools.jar:/home/travis/build/icyphy/ptII/vendors/misc/itext/iText.jar:/home/travis/build/icyphy/ptII/lib/g4ltl.jar:/home/travis/build/icyphy/ptII/lib/StructuralCoder.jar:/home/travis/build/icyphy/ptII/vendors/jai-1_1_2_01/lib/jai_core.jar:/home/travis/build/icyphy/ptII/vendors/jai-1_1_2_01/lib/jai_codec.jar:/home/travis/build/icyphy/ptII/lib/jcerti.jar:/home/travis/build/icyphy/ptII/lib/javax.mail.jar:/home/travis/build/icyphy/ptII/vendors/JMF-2.1.1e/lib/jmf.jar:/home/travis/build/icyphy/ptII/lib/jna-4.0.0-variadic.jar:/home/travis/build/icyphy/ptII/vendors/misc/joystick/Joystick.jar:/home/travis/build/icyphy/ptII/lib/ptjacl.jar:/home/travis/build/icyphy/ptII/lib/jsoup-1.8.2.jar:/home/travis/build/icyphy/ptII/lib/junit-4.8.2.jar:/home/travis/build/icyphy/ptII/lib/JUnitParams-0.4.0.jar:/home/travis/build/icyphy/ptII/ptolemy/actor/lib/excel/jxl.jar:/home/travis/build/icyphy/ptII/lib/jython.jar:/home/travis/build/icyphy/ptII/lib/kieler.jar:/home/travis/build/icyphy/ptII/vendors/opencv/share/OpenCV/java/opencv-341.jar:/home/travis/build/icyphy/ptII/lib/oscP5.jar:/home/travis/build/icyphy/ptII/lib/nrjavaserial-3.11.0.devel.jar:/home/travis/build/icyphy/ptII/vendors/j3d/lib/j3dcore.jar:/home/travis/build/icyphy/ptII/vendors/j3d/lib/j3dutils.jar:/home/travis/build/icyphy/ptII/vendors/j3d/lib/vecmath.jar:/home/travis/build/icyphy/ptII/ptolemy/distributed/jini/jar/jini-core.jar:/home/travis/build/icyphy/ptII/ptolemy/distributed/jini/jar/jini-ext.jar:/home/travis/build/icyphy/ptII/ptolemy/distributed/jini/jar/sun-util.jar:/home/travis/build/icyphy/ptII/lib/protobuf-java-2.4.1.jar:/home/travis/build/icyphy/ptII/lib/org.eclipse.paho.client.mqttv3.jar:/home/travis/build/icyphy/ptII/lib/mapss.jar:/home/travis/build/icyphy/ptII/ptolemy/actor/ptalon/antlr/antlr.jar:/home/travis/build/icyphy/ptII/lib/JRI.jar:/home/travis/build/icyphy/ptII/lib/commons-lang-2.6.jar:/home/travis/build/icyphy/ptII/lib/commons-logging-1.1.1.jar:/home/travis/build/icyphy/ptII/lib/sootclasses.jar:/home/travis/build/icyphy/ptII/ptolemy/actor/lib/database/mysql-connector-java-5.1.6-bin.jar:/home/travis/build/icyphy/ptII/vendors/misc/sphinx4/sphinx4-data-5prealpha.jar:/home/travis/build/icyphy/ptII/vendors/misc/sphinx4/sphinx4-core-5prealpha.jar:/home/travis/build/icyphy/ptII/lib/PDFRenderer.jar:/home/travis/build/icyphy/ptII/lib/svgSalamander.jar:/home/travis/build/icyphy/ptII/lib/rsyntaxtextarea-2.6.0-SNAPSHOT.jar:/home/travis/build/icyphy/ptII/lib/hazelcast-3.8.2.jar:/home/travis/build/icyphy/ptII/lib/jackson-annotations-2.9.0.jar:/home/travis/build/icyphy/ptII/lib/jackson-core-2.9.3.jar:/home/travis/build/icyphy/ptII/lib/jackson-databind-2.9.3.jar:/home/travis/build/icyphy/ptII/lib/netty-buffer-4.1.19.Final.jar:/home/travis/build/icyphy/ptII/lib/netty-codec-4.1.19.Final.jar:/home/travis/build/icyphy/ptII/lib/netty-codec-dns-4.1.19.Final.jar:/home/travis/build/icyphy/ptII/lib/netty-codec-http-4.1.19.Final.jar:/home/travis/build/icyphy/ptII/lib/netty-codec-http2-4.1.19.Final.jar:/home/travis/build/icyphy/ptII/lib/netty-common-4.1.19.Final.jar:/home/travis/build/icyphy/ptII/lib/netty-handler-4.1.19.Final.jar:/home/travis/build/icyphy/ptII/lib/netty-resolver-4.1.19.Final.jar:/home/travis/build/icyphy/ptII/lib/netty-resolver-dns-4.1.19.Final.jar:/home/travis/build/icyphy/ptII/lib/netty-transport-4.1.19.Final.jar:/home/travis/build/icyphy/ptII/lib/vertx-codegen-3.5.1.jar:/home/travis/build/icyphy/ptII/lib/vertx-core-3.5.2-SNAPSHOT.jar:/home/travis/build/icyphy/ptII/lib/vertx-hazelcast-3.5.1.jar:/home/travis/build/icyphy/ptII/lib/vertx-lang-js-3.5.1.jar:/home/travis/build/icyphy/ptII/lib/vertx-service-proxy-3.5.1.jar:/home/travis/build/icyphy/ptII/lib/vertx-web-3.5.1.jar:/home/travis/build/icyphy/ptII/lib/slf4j-api-1.7.13.jar:/home/travis/build/icyphy/ptII/lib/slf4j-simple-1.7.13.jar:/home/travis/build/icyphy/ptII/lib/webcam-capture-0.3.12.jar:/home/travis/build/icyphy/ptII/lib/bridj-0.7.0.jar:/home/travis/build/icyphy/ptII/lib/xbjlib-1.1.0.nrjavaserial.jar:/home/travis/build/icyphy/ptII/ptolemy/moml/test:/home/travis/build/icyphy/ptII/ant/lib/ant-launcher.jar:/home/travis/build/icyphy/ptII/ant/lib/ant.jar:/home/travis/build/icyphy/ptII/ant/lib/ant-junit.jar:/home/travis/build/icyphy/ptII/ant/lib/ant-junit4.jar" />
    <property name="ant.library.dir" value="/home/travis/build/icyphy/ptII/ant/lib" />
    <property name="os.arch" value="amd64" />
    <property name="env.TRAVIS_LANGUAGE" value="node_js" />
    <property name="env.CONTINUOUS_INTEGRATION" value="true" />
    <property name="env.TRAVIS_STACK_LANGUAGES" value="__garnet__ c c++ clojure cplusplus cpp default go groovy java node_js php pure_java python ruby scala" />
    <property name="test.name" value="ptolemy.actor.lib.test.junit.JUnitTclTest" />
    <property name="sun.java.launcher" value="SUN_STANDARD" />
    <property name="env.PYTHON_CONFIGURE_OPTS" value="--enable-unicode=ucs4 --with-wide-unicode --enable-shared --enable-ipv6 --enable-loadable-sqlite-extensions --with-computed-gotos" />
    <property name="ant.core.lib" value="/home/travis/build/icyphy/ptII/ant/lib/ant.jar" />
    <property name="java.vm.specification.vendor" value="Oracle Corporation" />
    <property name="env.BCVTB_HOME" value="/home/travis/build/icyphy/ptII/lbnl" />
    <property name="file.separator" value="/" />
    <property name="java.runtime.version" value="1.8.0_151-b12" />
    <property name="spotbugs.home" value="/home/travis/build/icyphy/ptII/vendors/spotbugs-3.1.1" />
    <property name="sun.boot.class.path" value="/usr/lib/jvm/java-8-oracle/jre/lib/resources.jar:/usr/lib/jvm/java-8-oracle/jre/lib/rt.jar:/usr/lib/jvm/java-8-oracle/jre/lib/sunrsasign.jar:/usr/lib/jvm/java-8-oracle/jre/lib/jsse.jar:/usr/lib/jvm/java-8-oracle/jre/lib/jce.jar:/usr/lib/jvm/java-8-oracle/jre/lib/charsets.jar:/usr/lib/jvm/java-8-oracle/jre/lib/jfr.jar:/usr/lib/jvm/java-8-oracle/jre/classes" />
    <property name="env.ANSI_CLEAR" value="\033[0K" />
    <property name="env.HAS_JOSH_K_SEAL_OF_APPROVAL" value="true" />
    <property name="env.TRAVIS_OSX_IMAGE" value="" />
    <property name="env.XDG_RUNTIME_DIR" value="/run/user/2000" />
    <property name="env.TRAVIS_JOB_ID" value="533624866" />
    <property name="env.TRAVIS_BRANCH" value="master" />
    <property name="user.country" value="US" />
    <property name="env.CERTI_HOME_TRAVIS" value="/home/travis/pthla/certi-tools" />
    <property name="env.SHELL" value="/bin/bash" />
    <property name="java.maxmemory.large" value="5000m" />
    <property name="model" value="" />
    <property name="env.CASHER_DIR" value="/home/travis/.casher" />
    <property name="env.NVM_CD_FLAGS" value="" />
    <property name="jshint.executable" value="/home/travis/node_modules/jshint/bin/jshint" />
    <property name="java.vendor" value="Oracle Corporation" />
    <property name="env.JRUBY_OPTS" value=" --client -J-XX:+TieredCompilation -J-XX:TieredStopAtLevel=1 -J-Xss2m -Xcompile.invokedynamic=false" />
    <property name="env.TRAVIS_PRE_CHEF_BOOTSTRAP_TIME" value="2017-12-05T19:32:55" />
    <property name="env.TRAVIS_STACK_JOB_BOARD_REGISTER" value="/.job-board-register.yml" />
    <property name="env.ELIXIR_VERSION" value="1.4.5" />
    <property name="env.ANSI_RED" value="\033[31;1m" />
    <property name="java.specification.version" value="1.8" />
    <property name="env.TRAVIS" value="true" />
    <property name="env.IRBRC" value="/home/travis/.rvm/rubies/ruby-2.4.1/.irbrc" />
    <property name="sun.arch.data.model" value="64" />
  </properties>
  <testcase classname="ptolemy.util.test.junit.TclTests" name="[0] /home/travis/build/icyphy/ptII/ptolemy/actor/lib/test/AbsoluteValue.tcl (RunTclFile)" time="0.471" />
  <testcase classname="ptolemy.util.test.junit.TclTests" name="[1] /home/travis/build/icyphy/ptII/ptolemy/actor/lib/test/AddSubtract.tcl (RunTclFile)" time="0.105" />
  <testcase classname="ptolemy.util.test.junit.TclTests" name="[2] /home/travis/build/icyphy/ptII/ptolemy/actor/lib/test/Average.tcl (RunTclFile)" time="0.046" />
  <testcase classname="ptolemy.util.test.junit.TclTests" name="[3] /home/travis/build/icyphy/ptII/ptolemy/actor/lib/test/Bernoulli.tcl (RunTclFile)" time="0.022" />
  <testcase classname="ptolemy.util.test.junit.TclTests" name="[4] /home/travis/build/icyphy/ptII/ptolemy/actor/lib/test/Clock.tcl (RunTclFile)" time="0.071" />
  <testcase classname="ptolemy.util.test.junit.TclTests" name="[5] /home/travis/build/icyphy/ptII/ptolemy/actor/lib/test/Commutator.tcl (RunTclFile)" time="0.142" />
  <testcase classname="ptolemy.util.test.junit.TclTests" name="[6] /home/travis/build/icyphy/ptII/ptolemy/actor/lib/test/Const.tcl (RunTclFile)" time="0.133" />
  <testcase classname="ptolemy.util.test.junit.TclTests" name="[7] /home/travis/build/icyphy/ptII/ptolemy/actor/lib/test/CurrentTime.tcl (RunTclFile)" time="0.024" />
  <testcase classname="ptolemy.util.test.junit.TclTests" name="[8] /home/travis/build/icyphy/ptII/ptolemy/actor/lib/test/DB.tcl (RunTclFile)" time="0.043" />
  <testcase classname="ptolemy.util.test.junit.TclTests" name="[9] /home/travis/build/icyphy/ptII/ptolemy/actor/lib/test/DiscreteRandomSource.tcl (RunTclFile)" time="0.055" />
  <testcase classname="ptolemy.util.test.junit.TclTests" name="[10] /home/travis/build/icyphy/ptII/ptolemy/actor/lib/test/Distributor.tcl (RunTclFile)" time="0.078" />
  <testcase classname="ptolemy.util.test.junit.TclTests" name="[11] /home/travis/build/icyphy/ptII/ptolemy/actor/lib/test/Exit.tcl (RunTclFile)" time="0.06" />
  <testcase classname="ptolemy.util.test.junit.TclTests" name="[12] /home/travis/build/icyphy/ptII/ptolemy/actor/lib/test/Expression.tcl (RunTclFile)" time="0.087" />
  <testcase classname="ptolemy.util.test.junit.TclTests" name="[13] /home/travis/build/icyphy/ptII/ptolemy/actor/lib/test/Gaussian.tcl (RunTclFile)" time="0.441" />
  <testcase classname="ptolemy.util.test.junit.TclTests" name="[14] /home/travis/build/icyphy/ptII/ptolemy/actor/lib/test/IIR.tcl (RunTclFile)" time="0.038" />
  <testcase classname="ptolemy.util.test.junit.TclTests" name="[15] /home/travis/build/icyphy/ptII/ptolemy/actor/lib/test/Interpolator.tcl (RunTclFile)" time="0.109" />
  <testcase classname="ptolemy.util.test.junit.TclTests" name="[16] /home/travis/build/icyphy/ptII/ptolemy/actor/lib/test/MathFunction.tcl (RunTclFile)" time="0.086" />
  <testcase classname="ptolemy.util.test.junit.TclTests" name="[17] /home/travis/build/icyphy/ptII/ptolemy/actor/lib/test/Maximum.tcl (RunTclFile)" time="0.031" />
  <testcase classname="ptolemy.util.test.junit.TclTests" name="[18] /home/travis/build/icyphy/ptII/ptolemy/actor/lib/test/Minimum.tcl (RunTclFile)" time="0.028" />
  <testcase classname="ptolemy.util.test.junit.TclTests" name="[19] /home/travis/build/icyphy/ptII/ptolemy/actor/lib/test/MultiplyDivide.tcl (RunTclFile)" time="0.04" />
  <testcase classname="ptolemy.util.test.junit.TclTests" name="[20] /home/travis/build/icyphy/ptII/ptolemy/actor/lib/test/OrderedMerge.tcl (RunTclFile)" time="0.103" />
  <testcase classname="ptolemy.util.test.junit.TclTests" name="[21] /home/travis/build/icyphy/ptII/ptolemy/actor/lib/test/Publisher.tcl (RunTclFile)" time="0.653" />
  <testcase classname="ptolemy.util.test.junit.TclTests" name="[22] /home/travis/build/icyphy/ptII/ptolemy/actor/lib/test/Pulse.tcl (RunTclFile)" time="0.044" />
  <testcase classname="ptolemy.util.test.junit.TclTests" name="[23] /home/travis/build/icyphy/ptII/ptolemy/actor/lib/test/Ramp.tcl (RunTclFile)" time="1.96" />
  <testcase classname="ptolemy.util.test.junit.TclTests" name="[24] /home/travis/build/icyphy/ptII/ptolemy/actor/lib/test/RampContinuous.tcl (RunTclFile)" time="0.02" />
  <testcase classname="ptolemy.util.test.junit.TclTests" name="[25] /home/travis/build/icyphy/ptII/ptolemy/actor/lib/test/RecordAssembler.tcl (RunTclFile)" time="0.023" />
  <testcase classname="ptolemy.util.test.junit.TclTests" name="[26] /home/travis/build/icyphy/ptII/ptolemy/actor/lib/test/RecordDisassembler.tcl (RunTclFile)" time="0.031" />
  <testcase classname="ptolemy.util.test.junit.TclTests" name="[27] /home/travis/build/icyphy/ptII/ptolemy/actor/lib/test/Scale.tcl (RunTclFile)" time="0.036" />
  <testcase classname="ptolemy.util.test.junit.TclTests" name="[28] /home/travis/build/icyphy/ptII/ptolemy/actor/lib/test/SequentialClock.tcl (RunTclFile)" time="0.019" />
  <testcase classname="ptolemy.util.test.junit.TclTests" name="[29] /home/travis/build/icyphy/ptII/ptolemy/actor/lib/test/SetVariable.tcl (RunTclFile)" time="0.015" />
  <testcase classname="ptolemy.util.test.junit.TclTests" name="[30] /home/travis/build/icyphy/ptII/ptolemy/actor/lib/test/Sinewave.tcl (RunTclFile)" time="0.053" />
  <testcase classname="ptolemy.util.test.junit.TclTests" name="[31] /home/travis/build/icyphy/ptII/ptolemy/actor/lib/test/SubscriptionAggregator.tcl (RunTclFile)" time="1.974" />
  <testcase classname="ptolemy.util.test.junit.TclTests" name="[32] /home/travis/build/icyphy/ptII/ptolemy/actor/lib/test/Test.tcl (RunTclFile)" time="0.097" />
  <testcase classname="ptolemy.util.test.junit.TclTests" name="[33] /home/travis/build/icyphy/ptII/ptolemy/actor/lib/test/TestExceptionHandler.tcl (RunTclFile)" time="0.012" />
  <testcase classname="ptolemy.util.test.junit.TclTests" name="[34] /home/travis/build/icyphy/ptII/ptolemy/actor/lib/test/UnionDisassembler.tcl (RunTclFile)" time="0.058" />
  <testcase classname="ptolemy.util.test.junit.TclTests" name="[35] /home/travis/build/icyphy/ptII/ptolemy/actor/lib/test/VariableClock.tcl (RunTclFile)" time="0.027" />
  <testcase classname="ptolemy.util.test.junit.AutoKnownFailedTests" name="[0] /home/travis/build/icyphy/ptII/ptolemy/actor/lib/test/auto/knownFailedTests/PublisherPortToplevelSubscriber.xml (RunModel)" time="0.02" />
  <testcase classname="ptolemy.util.test.junit.AutoKnownFailedTests" name="[1] /home/travis/build/icyphy/ptII/ptolemy/actor/lib/test/auto/knownFailedTests/PublisherSubscriberPortToplevel.xml (RunModel)" time="0.03" />
  <testcase classname="ptolemy.util.test.junit.AutoKnownFailedTests" name="[2] /home/travis/build/icyphy/ptII/ptolemy/actor/lib/test/auto/knownFailedTests/PublisherSubscriptionAggregatorPort.xml (RunModel)" time="0.022" />
  <testcase classname="ptolemy.util.test.junit.AutoKnownFailedTests" name="[3] /home/travis/build/icyphy/ptII/ptolemy/actor/lib/test/auto/knownFailedTests/sizedarray3.xml (RunModel)" time="0.028" />
  <testcase classname="ptolemy.util.test.junit.AutoNameArchTests" name="[0] ThereAreNoAutoArchTests (RunModel)" time="0.003" />
  <testcase classname="ptolemy.util.test.junit.AutoTests" name="[0] /home/travis/build/icyphy/ptII/ptolemy/actor/lib/test/auto/AbsoluteValue.xml (RunModel)" time="0.082" />
  <testcase classname="ptolemy.util.test.junit.AutoTests" name="[1] /home/travis/build/icyphy/ptII/ptolemy/actor/lib/test/auto/AbsoluteValue2.xml (RunModel)" time="0.077" />
  <testcase classname="ptolemy.util.test.junit.AutoTests" name="[2] /home/travis/build/icyphy/ptII/ptolemy/actor/lib/test/auto/Accumulator.xml (RunModel)" time="0.074" />
  <testcase classname="ptolemy.util.test.junit.AutoTests" name="[3] /home/travis/build/icyphy/ptII/ptolemy/actor/lib/test/auto/Accumulator2.xml (RunModel)" time="0.051" />
  <testcase classname="ptolemy.util.test.junit.AutoTests" name="[4] /home/travis/build/icyphy/ptII/ptolemy/actor/lib/test/auto/Accumulator3.xml (RunModel)" time="0.04" />
  <testcase classname="ptolemy.util.test.junit.AutoTests" name="[5] /home/travis/build/icyphy/ptII/ptolemy/actor/lib/test/auto/ArrayAppend.xml (RunModel)" time="0.034" />
  <testcase classname="ptolemy.util.test.junit.AutoTests" name="[6] /home/travis/build/icyphy/ptII/ptolemy/actor/lib/test/auto/ArrayAppend2.xml (RunModel)" time="0.505" />
  <testcase classname="ptolemy.util.test.junit.AutoTests" name="[7] /home/travis/build/icyphy/ptII/ptolemy/actor/lib/test/auto/ArrayAppend3.xml (RunModel)" time="0.036" />
  <testcase classname="ptolemy.util.test.junit.AutoTests" name="[8] /home/travis/build/icyphy/ptII/ptolemy/actor/lib/test/auto/ArrayAppend4.xml (RunModel)" time="0.034" />
  <testcase classname="ptolemy.util.test.junit.AutoTests" name="[9] /home/travis/build/icyphy/ptII/ptolemy/actor/lib/test/auto/ArrayAppend5.xml (RunModel)" time="0.021" />
  <testcase classname="ptolemy.util.test.junit.AutoTests" name="[10] /home/travis/build/icyphy/ptII/ptolemy/actor/lib/test/auto/ArrayAppend6.xml (RunModel)" time="0.019" />
  <testcase classname="ptolemy.util.test.junit.AutoTests" name="[11] /home/travis/build/icyphy/ptII/ptolemy/actor/lib/test/auto/ArrayAppendPerformanceTest.xml (RunModel)" time="0.056" />
  <testcase classname="ptolemy.util.test.junit.AutoTests" name="[12] /home/travis/build/icyphy/ptII/ptolemy/actor/lib/test/auto/ArrayAppendWithEmptyInput.xml (RunModel)" time="0.061" />
  <testcase classname="ptolemy.util.test.junit.AutoTests" name="[13] /home/travis/build/icyphy/ptII/ptolemy/actor/lib/test/auto/ArrayAverage.xml (RunModel)" time="0.057" />
  <testcase classname="ptolemy.util.test.junit.AutoTests" name="[14] /home/travis/build/icyphy/ptII/ptolemy/actor/lib/test/auto/ArrayContains.xml (RunModel)" time="0.036" />
  <testcase classname="ptolemy.util.test.junit.AutoTests" name="[15] /home/travis/build/icyphy/ptII/ptolemy/actor/lib/test/auto/ArrayElement.xml (RunModel)" time="0.034" />
  <testcase classname="ptolemy.util.test.junit.AutoTests" name="[16] /home/travis/build/icyphy/ptII/ptolemy/actor/lib/test/auto/ArrayElementAsMatrix.xml (RunModel)" time="0.052" />
  <testcase classname="ptolemy.util.test.junit.AutoTests" name="[17] /home/travis/build/icyphy/ptII/ptolemy/actor/lib/test/auto/ArrayElementI.xml (RunModel)" time="0.022" />
  <testcase classname="ptolemy.util.test.junit.AutoTests" name="[18] /home/travis/build/icyphy/ptII/ptolemy/actor/lib/test/auto/ArrayExtract.xml (RunModel)" time="0.062" />
  <testcase classname="ptolemy.util.test.junit.AutoTests" name="[19] /home/travis/build/icyphy/ptII/ptolemy/actor/lib/test/auto/ArrayExtract2.xml (RunModel)" time="0.018" />
  <testcase classname="ptolemy.util.test.junit.AutoTests" name="[20] /home/travis/build/icyphy/ptII/ptolemy/actor/lib/test/auto/ArrayLength.xml (RunModel)" time="0.03" />
  <testcase classname="ptolemy.util.test.junit.AutoTests" name="[21] /home/travis/build/icyphy/ptII/ptolemy/actor/lib/test/auto/ArrayLevelCrossing.xml (RunModel)" time="0.036" />
  <testcase classname="ptolemy.util.test.junit.AutoTests" name="[22] /home/travis/build/icyphy/ptII/ptolemy/actor/lib/test/auto/ArrayLevelCrossing2.xml (RunModel)" time="0.031" />
  <testcase classname="ptolemy.util.test.junit.AutoTests" name="[23] /home/travis/build/icyphy/ptII/ptolemy/actor/lib/test/auto/ArrayPeakSearch.xml (RunModel)" time="0.051" />
  <testcase classname="ptolemy.util.test.junit.AutoTests" name="[24] /home/travis/build/icyphy/ptII/ptolemy/actor/lib/test/auto/ArrayPeakSearch2.xml (RunModel)" time="0.04" />
  <testcase classname="ptolemy.util.test.junit.AutoTests" name="[25] /home/travis/build/icyphy/ptII/ptolemy/actor/lib/test/auto/ArrayPeakSearch3.xml (RunModel)" time="0.035" />
  <testcase classname="ptolemy.util.test.junit.AutoTests" name="[26] /home/travis/build/icyphy/ptII/ptolemy/actor/lib/test/auto/ArrayRemoveElement.xml (RunModel)" time="0.033" />
  <testcase classname="ptolemy.util.test.junit.AutoTests" name="[27] /home/travis/build/icyphy/ptII/ptolemy/actor/lib/test/auto/ArraySort.xml (RunModel)" time="0.042" />
  <testcase classname="ptolemy.util.test.junit.AutoTests" name="[28] /home/travis/build/icyphy/ptII/ptolemy/actor/lib/test/auto/ArraySum.xml (RunModel)" time="0.023" />
  <testcase classname="ptolemy.util.test.junit.AutoTests" name="[29] /home/travis/build/icyphy/ptII/ptolemy/actor/lib/test/auto/ArrayToElements.xml (RunModel)" time="0.029" />
  <testcase classname="ptolemy.util.test.junit.AutoTests" name="[30] /home/travis/build/icyphy/ptII/ptolemy/actor/lib/test/auto/ArrayToMatrix.xml (RunModel)" time="0.053" />
  <testcase classname="ptolemy.util.test.junit.AutoTests" name="[31] /home/travis/build/icyphy/ptII/ptolemy/actor/lib/test/auto/ArrayUpdate1.xml (RunModel)" time="0.018" />
  <testcase classname="ptolemy.util.test.junit.AutoTests" name="[32] /home/travis/build/icyphy/ptII/ptolemy/actor/lib/test/auto/ArrayUpdate2.xml (RunModel)" time="0.03" />
  <testcase classname="ptolemy.util.test.junit.AutoTests" name="[33] /home/travis/build/icyphy/ptII/ptolemy/actor/lib/test/auto/ArrayUpdate3.xml (RunModel)" time="0.03" />
  <testcase classname="ptolemy.util.test.junit.AutoTests" name="[34] /home/travis/build/icyphy/ptII/ptolemy/actor/lib/test/auto/Assert1.xml (RunModel)" time="0.029" />
  <testcase classname="ptolemy.util.test.junit.AutoTests" name="[35] /home/travis/build/icyphy/ptII/ptolemy/actor/lib/test/auto/Assert2.xml (RunModel)" time="0.026" />
  <testcase classname="ptolemy.util.test.junit.AutoTests" name="[36] /home/travis/build/icyphy/ptII/ptolemy/actor/lib/test/auto/BooleanMultiplexor.xml (RunModel)" time="0.015" />
  <testcase classname="ptolemy.util.test.junit.AutoTests" name="[37] /home/travis/build/icyphy/ptII/ptolemy/actor/lib/test/auto/BooleanMultiplexor2.xml (RunModel)" time="0.028" />
  <testcase classname="ptolemy.util.test.junit.AutoTests" name="[38] /home/travis/build/icyphy/ptII/ptolemy/actor/lib/test/auto/BooleanMultiplexor3.xml (RunModel)" time="0.029" />
  <testcase classname="ptolemy.util.test.junit.AutoTests" name="[39] /home/travis/build/icyphy/ptII/ptolemy/actor/lib/test/auto/BooleanSelect.xml (RunModel)" time="0.028" />
  <testcase classname="ptolemy.util.test.junit.AutoTests" name="[40] /home/travis/build/icyphy/ptII/ptolemy/actor/lib/test/auto/BooleanSelect2.xml (RunModel)" time="0.017" />
  <testcase classname="ptolemy.util.test.junit.AutoTests" name="[41] /home/travis/build/icyphy/ptII/ptolemy/actor/lib/test/auto/BooleanSwitch.xml (RunModel)" time="0.021" />
  <testcase classname="ptolemy.util.test.junit.AutoTests" name="[42] /home/travis/build/icyphy/ptII/ptolemy/actor/lib/test/auto/BooleanSwitch2.xml (RunModel)" time="0.02" />
  <testcase classname="ptolemy.util.test.junit.AutoTests" name="[43] /home/travis/build/icyphy/ptII/ptolemy/actor/lib/test/auto/BooleanSwitchCloningBugWithClassRelationGroup.xml (RunModel)" time="0.031" />
  <testcase classname="ptolemy.util.test.junit.AutoTests" name="[44] /home/travis/build/icyphy/ptII/ptolemy/actor/lib/test/auto/BusActors.xml (RunModel)" time="0.09" />
  <testcase classname="ptolemy.util.test.junit.AutoTests" name="[45] /home/travis/build/icyphy/ptII/ptolemy/actor/lib/test/auto/ClassWrapper.xml (RunModel)" time="0.011" />
  <testcase classname="ptolemy.util.test.junit.AutoTests" name="[46] /home/travis/build/icyphy/ptII/ptolemy/actor/lib/test/auto/Clock.xml (RunModel)" time="0.009" />
  <testcase classname="ptolemy.util.test.junit.AutoTests" name="[47] /home/travis/build/icyphy/ptII/ptolemy/actor/lib/test/auto/Clock10.xml (RunModel)" time="0.014" />
  <testcase classname="ptolemy.util.test.junit.AutoTests" name="[48] /home/travis/build/icyphy/ptII/ptolemy/actor/lib/test/auto/Clock11.xml (RunModel)" time="0.013" />
  <testcase classname="ptolemy.util.test.junit.AutoTests" name="[49] /home/travis/build/icyphy/ptII/ptolemy/actor/lib/test/auto/Clock12.xml (RunModel)" time="0.018" />
  <testcase classname="ptolemy.util.test.junit.AutoTests" name="[50] /home/travis/build/icyphy/ptII/ptolemy/actor/lib/test/auto/Clock13.xml (RunModel)" time="0.017" />
  <testcase classname="ptolemy.util.test.junit.AutoTests" name="[51] /home/travis/build/icyphy/ptII/ptolemy/actor/lib/test/auto/Clock14.xml (RunModel)" time="0.017" />
  <testcase classname="ptolemy.util.test.junit.AutoTests" name="[52] /home/travis/build/icyphy/ptII/ptolemy/actor/lib/test/auto/Clock15.xml (RunModel)" time="0.024" />
  <testcase classname="ptolemy.util.test.junit.AutoTests" name="[53] /home/travis/build/icyphy/ptII/ptolemy/actor/lib/test/auto/Clock16.xml (RunModel)" time="0.09" />
  <testcase classname="ptolemy.util.test.junit.AutoTests" name="[54] /home/travis/build/icyphy/ptII/ptolemy/actor/lib/test/auto/Clock17.xml (RunModel)" time="0.067" />
  <testcase classname="ptolemy.util.test.junit.AutoTests" name="[55] /home/travis/build/icyphy/ptII/ptolemy/actor/lib/test/auto/Clock18.xml (RunModel)" time="0.047" />
  <testcase classname="ptolemy.util.test.junit.AutoTests" name="[56] /home/travis/build/icyphy/ptII/ptolemy/actor/lib/test/auto/Clock19.xml (RunModel)" time="0.042" />
  <testcase classname="ptolemy.util.test.junit.AutoTests" name="[57] /home/travis/build/icyphy/ptII/ptolemy/actor/lib/test/auto/Clock2.xml (RunModel)" time="0.02" />
  <testcase classname="ptolemy.util.test.junit.AutoTests" name="[58] /home/travis/build/icyphy/ptII/ptolemy/actor/lib/test/auto/Clock20.xml (RunModel)" time="0.026" />
  <testcase classname="ptolemy.util.test.junit.AutoTests" name="[59] /home/travis/build/icyphy/ptII/ptolemy/actor/lib/test/auto/Clock21.xml (RunModel)" time="0.019" />
  <testcase classname="ptolemy.util.test.junit.AutoTests" name="[60] /home/travis/build/icyphy/ptII/ptolemy/actor/lib/test/auto/Clock22.xml (RunModel)" time="0.015" />
  <testcase classname="ptolemy.util.test.junit.AutoTests" name="[61] /home/travis/build/icyphy/ptII/ptolemy/actor/lib/test/auto/Clock23.xml (RunModel)" time="0.018" />
  <testcase classname="ptolemy.util.test.junit.AutoTests" name="[62] /home/travis/build/icyphy/ptII/ptolemy/actor/lib/test/auto/Clock24.xml (RunModel)" time="0.015" />
  <testcase classname="ptolemy.util.test.junit.AutoTests" name="[63] /home/travis/build/icyphy/ptII/ptolemy/actor/lib/test/auto/Clock4.xml (RunModel)" time="0.015" />
  <testcase classname="ptolemy.util.test.junit.AutoTests" name="[64] /home/travis/build/icyphy/ptII/ptolemy/actor/lib/test/auto/Clock5.xml (RunModel)" time="0.021" />
  <testcase classname="ptolemy.util.test.junit.AutoTests" name="[65] /home/travis/build/icyphy/ptII/ptolemy/actor/lib/test/auto/Clock6.xml (RunModel)" time="0.009" />
  <testcase classname="ptolemy.util.test.junit.AutoTests" name="[66] /home/travis/build/icyphy/ptII/ptolemy/actor/lib/test/auto/Clock7.xml (RunModel)" time="0.01" />
  <testcase classname="ptolemy.util.test.junit.AutoTests" name="[67] /home/travis/build/icyphy/ptII/ptolemy/actor/lib/test/auto/Clock8.xml (RunModel)" time="0.015" />
  <testcase classname="ptolemy.util.test.junit.AutoTests" name="[68] /home/travis/build/icyphy/ptII/ptolemy/actor/lib/test/auto/Clock9.xml (RunModel)" time="0.015" />
  <testcase classname="ptolemy.util.test.junit.AutoTests" name="[69] /home/travis/build/icyphy/ptII/ptolemy/actor/lib/test/auto/CommDistDiscard.xml (RunModel)" time="0.023" />
  <testcase classname="ptolemy.util.test.junit.AutoTests" name="[70] /home/travis/build/icyphy/ptII/ptolemy/actor/lib/test/auto/Commutator.xml (RunModel)" time="0.019" />
  <testcase classname="ptolemy.util.test.junit.AutoTests" name="[71] /home/travis/build/icyphy/ptII/ptolemy/actor/lib/test/auto/Commutator2.xml (RunModel)" time="0.016" />
  <testcase classname="ptolemy.util.test.junit.AutoTests" name="[72] /home/travis/build/icyphy/ptII/ptolemy/actor/lib/test/auto/Commutator3.xml (RunModel)" time="0.012" />
  <testcase classname="ptolemy.util.test.junit.AutoTests" name="[73] /home/travis/build/icyphy/ptII/ptolemy/actor/lib/test/auto/Compare.xml (RunModel)" time="0.019" />
  <testcase classname="ptolemy.util.test.junit.AutoTests" name="[74] /home/travis/build/icyphy/ptII/ptolemy/actor/lib/test/auto/CompareDE.xml (RunModel)" time="0.018" />
  <testcase classname="ptolemy.util.test.junit.AutoTests" name="[75] /home/travis/build/icyphy/ptII/ptolemy/actor/lib/test/auto/ComplexDivide.xml (RunModel)" time="0.011" />
  <testcase classname="ptolemy.util.test.junit.AutoTests" name="[76] /home/travis/build/icyphy/ptII/ptolemy/actor/lib/test/auto/ComputeHistogram.xml (RunModel)" time="0.076" />
  <testcase classname="ptolemy.util.test.junit.AutoTests" name="[77] /home/travis/build/icyphy/ptII/ptolemy/actor/lib/test/auto/ConfigurationSelect.xml (RunModel)" time="0.017" />
  <testcase classname="ptolemy.util.test.junit.AutoTests" name="[78] /home/travis/build/icyphy/ptII/ptolemy/actor/lib/test/auto/ConfigurationSelect2.xml (RunModel)" time="0.012" />
  <testcase classname="ptolemy.util.test.junit.AutoTests" name="[79] /home/travis/build/icyphy/ptII/ptolemy/actor/lib/test/auto/ConfigurationSwitch.xml (RunModel)" time="0.024" />
  <testcase classname="ptolemy.util.test.junit.AutoTests" name="[80] /home/travis/build/icyphy/ptII/ptolemy/actor/lib/test/auto/ConfigurationSwitch2.xml (RunModel)" time="0.011" />
  <testcase classname="ptolemy.util.test.junit.AutoTests" name="[81] /home/travis/build/icyphy/ptII/ptolemy/actor/lib/test/auto/ConfigurationSwitchCloningBugWithClassRelationGroup.xml (RunModel)" time="0.019" />
  <testcase classname="ptolemy.util.test.junit.AutoTests" name="[82] /home/travis/build/icyphy/ptII/ptolemy/actor/lib/test/auto/ConfigurationSwitchSelectSDF.xml (RunModel)" time="0.02" />
  <testcase classname="ptolemy.util.test.junit.AutoTests" name="[83] /home/travis/build/icyphy/ptII/ptolemy/actor/lib/test/auto/ConfigurationSwitchSelectSDF2.xml (RunModel)" time="0.014" />
  <testcase classname="ptolemy.util.test.junit.AutoTests" name="[84] /home/travis/build/icyphy/ptII/ptolemy/actor/lib/test/auto/Const.xml (RunModel)" time="0.008" />
  <testcase classname="ptolemy.util.test.junit.AutoTests" name="[85] /home/travis/build/icyphy/ptII/ptolemy/actor/lib/test/auto/Const2.xml (RunModel)" time="0.015" />
  <testcase classname="ptolemy.util.test.junit.AutoTests" name="[86] /home/travis/build/icyphy/ptII/ptolemy/actor/lib/test/auto/Const3.xml (RunModel)" time="0.009" />
  <testcase classname="ptolemy.util.test.junit.AutoTests" name="[87] /home/travis/build/icyphy/ptII/ptolemy/actor/lib/test/auto/ConstantPublisherPort1.xml (RunModel)" time="0.027" />
  <testcase classname="ptolemy.util.test.junit.AutoTests" name="[88] /home/travis/build/icyphy/ptII/ptolemy/actor/lib/test/auto/ConstantPublisherPort2.xml (RunModel)" time="0.027" />
  <testcase classname="ptolemy.util.test.junit.AutoTests" name="[89] /home/travis/build/icyphy/ptII/ptolemy/actor/lib/test/auto/ConstantPublisherPort3.xml (RunModel)" time="0.022" />
  <testcase classname="ptolemy.util.test.junit.AutoTests" name="[90] /home/travis/build/icyphy/ptII/ptolemy/actor/lib/test/auto/ConstantPublisherPort4.xml (RunModel)" time="0.02" />
  <testcase classname="ptolemy.util.test.junit.AutoTests" name="[91] /home/travis/build/icyphy/ptII/ptolemy/actor/lib/test/auto/ConstantPublisherPort5.xml (RunModel)" time="0.041" />
  <testcase classname="ptolemy.util.test.junit.AutoTests" name="[92] /home/travis/build/icyphy/ptII/ptolemy/actor/lib/test/auto/ConstantPublisherPort6.xml (RunModel)" time="0.029" />
  <testcase classname="ptolemy.util.test.junit.AutoTests" name="[93] /home/travis/build/icyphy/ptII/ptolemy/actor/lib/test/auto/ConstantPublisherPort7.xml (RunModel)" time="0.028" />
  <testcase classname="ptolemy.util.test.junit.AutoTests" name="[94] /home/travis/build/icyphy/ptII/ptolemy/actor/lib/test/auto/ConstraintMonitor1.xml (RunModel)" time="0.032" />
  <testcase classname="ptolemy.util.test.junit.AutoTests" name="[95] /home/travis/build/icyphy/ptII/ptolemy/actor/lib/test/auto/ConstraintMonitor2.xml (RunModel)" time="0.011" />
  <testcase classname="ptolemy.util.test.junit.AutoTests" name="[96] /home/travis/build/icyphy/ptII/ptolemy/actor/lib/test/auto/ConstraintMonitor3.xml (RunModel)" time="0.017" />
  <testcase classname="ptolemy.util.test.junit.AutoTests" name="[97] /home/travis/build/icyphy/ptII/ptolemy/actor/lib/test/auto/ConstraintMonitor4.xml (RunModel)" time="0.017" />
  <testcase classname="ptolemy.util.test.junit.AutoTests" name="[98] /home/travis/build/icyphy/ptII/ptolemy/actor/lib/test/auto/ConstraintMonitor5.xml (RunModel)" time="0.016" />
  <testcase classname="ptolemy.util.test.junit.AutoTests" name="[99] /home/travis/build/icyphy/ptII/ptolemy/actor/lib/test/auto/ConstraintMonitor6.xml (RunModel)" time="0.021" />
  <testcase classname="ptolemy.util.test.junit.AutoTests" name="[100] /home/travis/build/icyphy/ptII/ptolemy/actor/lib/test/auto/ConstraintMonitor7.xml (RunModel)" time="0.015" />
  <testcase classname="ptolemy.util.test.junit.AutoTests" name="[101] /home/travis/build/icyphy/ptII/ptolemy/actor/lib/test/auto/ConstraintMonitor8.xml (RunModel)" time="0.023" />
  <testcase classname="ptolemy.util.test.junit.AutoTests" name="[102] /home/travis/build/icyphy/ptII/ptolemy/actor/lib/test/auto/Counter.xml (RunModel)" time="0.015" />
  <testcase classname="ptolemy.util.test.junit.AutoTests" name="[103] /home/travis/build/icyphy/ptII/ptolemy/actor/lib/test/auto/CurrentTimeSDF.xml (RunModel)" time="0.014" />
  <testcase classname="ptolemy.util.test.junit.AutoTests" name="[104] /home/travis/build/icyphy/ptII/ptolemy/actor/lib/test/auto/DB.xml (RunModel)" time="0.013" />
  <testcase classname="ptolemy.util.test.junit.AutoTests" name="[105] /home/travis/build/icyphy/ptII/ptolemy/actor/lib/test/auto/DBDE.xml (RunModel)" time="0.014" />
  <testcase classname="ptolemy.util.test.junit.AutoTests" name="[106] /home/travis/build/icyphy/ptII/ptolemy/actor/lib/test/auto/DateConstructor.xml (RunModel)" time="0.058" />
  <testcase classname="ptolemy.util.test.junit.AutoTests" name="[107] /home/travis/build/icyphy/ptII/ptolemy/actor/lib/test/auto/DelayTime.xml (RunModel)" time="0.016" />
  <testcase classname="ptolemy.util.test.junit.AutoTests" name="[108] /home/travis/build/icyphy/ptII/ptolemy/actor/lib/test/auto/Dictionary1.xml (RunModel)" time="0.016" />
  <testcase classname="ptolemy.util.test.junit.AutoTests" name="[109] /home/travis/build/icyphy/ptII/ptolemy/actor/lib/test/auto/Dictionary2.xml (RunModel)" time="0.015" />
  <testcase classname="ptolemy.util.test.junit.AutoTests" name="[110] /home/travis/build/icyphy/ptII/ptolemy/actor/lib/test/auto/Dictionary3.xml (RunModel)" time="0.017" />
  <testcase classname="ptolemy.util.test.junit.AutoTests" name="[111] /home/travis/build/icyphy/ptII/ptolemy/actor/lib/test/auto/Dictionary4.xml (RunModel)" time="0.021" />
  <testcase classname="ptolemy.util.test.junit.AutoTests" name="[112] /home/travis/build/icyphy/ptII/ptolemy/actor/lib/test/auto/Differential.xml (RunModel)" time="0.012" />
  <testcase classname="ptolemy.util.test.junit.AutoTests" name="[113] /home/travis/build/icyphy/ptII/ptolemy/actor/lib/test/auto/Director.xml (RunModel)" time="0.009" />
  <testcase classname="ptolemy.util.test.junit.AutoTests" name="[114] /home/travis/build/icyphy/ptII/ptolemy/actor/lib/test/auto/DiscreteClock.xml (RunModel)" time="0.009" />
  <testcase classname="ptolemy.util.test.junit.AutoTests" name="[115] /home/travis/build/icyphy/ptII/ptolemy/actor/lib/test/auto/DiscreteClock10.xml (RunModel)" time="0.019" />
  <testcase classname="ptolemy.util.test.junit.AutoTests" name="[116] /home/travis/build/icyphy/ptII/ptolemy/actor/lib/test/auto/DiscreteClock11.xml (RunModel)" time="0.013" />
  <testcase classname="ptolemy.util.test.junit.AutoTests" name="[117] /home/travis/build/icyphy/ptII/ptolemy/actor/lib/test/auto/DiscreteClock12.xml (RunModel)" time="0.014" />
  <testcase classname="ptolemy.util.test.junit.AutoTests" name="[118] /home/travis/build/icyphy/ptII/ptolemy/actor/lib/test/auto/DiscreteClock13.xml (RunModel)" time="0.017" />
  <testcase classname="ptolemy.util.test.junit.AutoTests" name="[119] /home/travis/build/icyphy/ptII/ptolemy/actor/lib/test/auto/DiscreteClock14.xml (RunModel)" time="0.016" />
  <testcase classname="ptolemy.util.test.junit.AutoTests" name="[120] /home/travis/build/icyphy/ptII/ptolemy/actor/lib/test/auto/DiscreteClock15.xml (RunModel)" time="0.016" />
  <testcase classname="ptolemy.util.test.junit.AutoTests" name="[121] /home/travis/build/icyphy/ptII/ptolemy/actor/lib/test/auto/DiscreteClock16.xml (RunModel)" time="0.043" />
  <testcase classname="ptolemy.util.test.junit.AutoTests" name="[122] /home/travis/build/icyphy/ptII/ptolemy/actor/lib/test/auto/DiscreteClock17.xml (RunModel)" time="0.043" />
  <testcase classname="ptolemy.util.test.junit.AutoTests" name="[123] /home/travis/build/icyphy/ptII/ptolemy/actor/lib/test/auto/DiscreteClock18.xml (RunModel)" time="0.046" />
  <testcase classname="ptolemy.util.test.junit.AutoTests" name="[124] /home/travis/build/icyphy/ptII/ptolemy/actor/lib/test/auto/DiscreteClock19.xml (RunModel)" time="0.045" />
  <testcase classname="ptolemy.util.test.junit.AutoTests" name="[125] /home/travis/build/icyphy/ptII/ptolemy/actor/lib/test/auto/DiscreteClock2.xml (RunModel)" time="0.009" />
  <testcase classname="ptolemy.util.test.junit.AutoTests" name="[126] /home/travis/build/icyphy/ptII/ptolemy/actor/lib/test/auto/DiscreteClock20.xml (RunModel)" time="0.012" />
  <testcase classname="ptolemy.util.test.junit.AutoTests" name="[127] /home/travis/build/icyphy/ptII/ptolemy/actor/lib/test/auto/DiscreteClock21.xml (RunModel)" time="0.019" />
  <testcase classname="ptolemy.util.test.junit.AutoTests" name="[128] /home/travis/build/icyphy/ptII/ptolemy/actor/lib/test/auto/DiscreteClock22.xml (RunModel)" time="0.015" />
  <testcase classname="ptolemy.util.test.junit.AutoTests" name="[129] /home/travis/build/icyphy/ptII/ptolemy/actor/lib/test/auto/DiscreteClock23.xml (RunModel)" time="0.015" />
  <testcase classname="ptolemy.util.test.junit.AutoTests" name="[130] /home/travis/build/icyphy/ptII/ptolemy/actor/lib/test/auto/DiscreteClock24.xml (RunModel)" time="0.562" />
  <testcase classname="ptolemy.util.test.junit.AutoTests" name="[131] /home/travis/build/icyphy/ptII/ptolemy/actor/lib/test/auto/DiscreteClock4.xml (RunModel)" time="0.017" />
  <testcase classname="ptolemy.util.test.junit.AutoTests" name="[132] /home/travis/build/icyphy/ptII/ptolemy/actor/lib/test/auto/DiscreteClock5.xml (RunModel)" time="0.009" />
  <testcase classname="ptolemy.util.test.junit.AutoTests" name="[133] /home/travis/build/icyphy/ptII/ptolemy/actor/lib/test/auto/DiscreteClock6.xml (RunModel)" time="0.011" />
  <testcase classname="ptolemy.util.test.junit.AutoTests" name="[134] /home/travis/build/icyphy/ptII/ptolemy/actor/lib/test/auto/DiscreteClock7.xml (RunModel)" time="0.011" />
  <testcase classname="ptolemy.util.test.junit.AutoTests" name="[135] /home/travis/build/icyphy/ptII/ptolemy/actor/lib/test/auto/DiscreteClock8.xml (RunModel)" time="0.014" />
  <testcase classname="ptolemy.util.test.junit.AutoTests" name="[136] /home/travis/build/icyphy/ptII/ptolemy/actor/lib/test/auto/DiscreteClock9.xml (RunModel)" time="0.015" />
  <testcase classname="ptolemy.util.test.junit.AutoTests" name="[137] /home/travis/build/icyphy/ptII/ptolemy/actor/lib/test/auto/DisplayArray.xml (RunModel)" time="0.028" />
  <testcase classname="ptolemy.util.test.junit.AutoTests" name="[138] /home/travis/build/icyphy/ptII/ptolemy/actor/lib/test/auto/Distributor.xml (RunModel)" time="0.01" />
  <testcase classname="ptolemy.util.test.junit.AutoTests" name="[139] /home/travis/build/icyphy/ptII/ptolemy/actor/lib/test/auto/Distributor2.xml (RunModel)" time="0.014" />
  <testcase classname="ptolemy.util.test.junit.AutoTests" name="[140] /home/travis/build/icyphy/ptII/ptolemy/actor/lib/test/auto/DownSample.xml (RunModel)" time="0.009" />
  <testcase classname="ptolemy.util.test.junit.AutoTests" name="[141] /home/travis/build/icyphy/ptII/ptolemy/actor/lib/test/auto/ElectronicUnitBase1.xml (RunModel)" time="0.085" />
  <testcase classname="ptolemy.util.test.junit.AutoTests" name="[142] /home/travis/build/icyphy/ptII/ptolemy/actor/lib/test/auto/ElementsToArray.xml (RunModel)" time="0.011" />
  <testcase classname="ptolemy.util.test.junit.AutoTests" name="[143] /home/travis/build/icyphy/ptII/ptolemy/actor/lib/test/auto/Equals.xml (RunModel)" time="0.015" />
  <testcase classname="ptolemy.util.test.junit.AutoTests" name="[144] /home/travis/build/icyphy/ptII/ptolemy/actor/lib/test/auto/Exec.xml (RunModel)" time="0.024" />
  <testcase classname="ptolemy.util.test.junit.AutoTests" name="[145] /home/travis/build/icyphy/ptII/ptolemy/actor/lib/test/auto/ExecEnvironment.xml (RunModel)" time="0.035" />
  <testcase classname="ptolemy.util.test.junit.AutoTests" name="[146] /home/travis/build/icyphy/ptII/ptolemy/actor/lib/test/auto/ExecNonZeroReturnOutput.xml (RunModel)" time="0.141" />
  <testcase classname="ptolemy.util.test.junit.AutoTests" name="[147] /home/travis/build/icyphy/ptII/ptolemy/actor/lib/test/auto/ExecRunDemos.xml (RunModel)" time="9.105" />
  <testcase classname="ptolemy.util.test.junit.AutoTests" name="[148] /home/travis/build/icyphy/ptII/ptolemy/actor/lib/test/auto/ExecStop.xml (RunModel)" time="5.024" />
  <testcase classname="ptolemy.util.test.junit.AutoTests" name="[149] /home/travis/build/icyphy/ptII/ptolemy/actor/lib/test/auto/ExecutionTimeSDF.xml (RunModel)" time="6.035" />
  <testcase classname="ptolemy.util.test.junit.AutoTests" name="[150] /home/travis/build/icyphy/ptII/ptolemy/actor/lib/test/auto/Expression1.xml (RunModel)" time="0.012" />
  <testcase classname="ptolemy.util.test.junit.AutoTests" name="[151] /home/travis/build/icyphy/ptII/ptolemy/actor/lib/test/auto/Expression10.xml (RunModel)" time="0.022" />
  <testcase classname="ptolemy.util.test.junit.AutoTests" name="[152] /home/travis/build/icyphy/ptII/ptolemy/actor/lib/test/auto/Expression11.xml (RunModel)" time="0.015" />
  <testcase classname="ptolemy.util.test.junit.AutoTests" name="[153] /home/travis/build/icyphy/ptII/ptolemy/actor/lib/test/auto/Expression12.xml (RunModel)" time="0.017" />
  <testcase classname="ptolemy.util.test.junit.AutoTests" name="[154] /home/travis/build/icyphy/ptII/ptolemy/actor/lib/test/auto/Expression13.xml (RunModel)" time="0.017" />
  <testcase classname="ptolemy.util.test.junit.AutoTests" name="[155] /home/travis/build/icyphy/ptII/ptolemy/actor/lib/test/auto/Expression14.xml (RunModel)" time="0.033" />
  <testcase classname="ptolemy.util.test.junit.AutoTests" name="[156] /home/travis/build/icyphy/ptII/ptolemy/actor/lib/test/auto/Expression15.xml (RunModel)" time="0.01" />
  <testcase classname="ptolemy.util.test.junit.AutoTests" name="[157] /home/travis/build/icyphy/ptII/ptolemy/actor/lib/test/auto/Expression16.xml (RunModel)" time="0.017" />
  <testcase classname="ptolemy.util.test.junit.AutoTests" name="[158] /home/travis/build/icyphy/ptII/ptolemy/actor/lib/test/auto/Expression17.xml (RunModel)" time="0.014" />
  <testcase classname="ptolemy.util.test.junit.AutoTests" name="[159] /home/travis/build/icyphy/ptII/ptolemy/actor/lib/test/auto/Expression18.xml (RunModel)" time="0.017" />
  <testcase classname="ptolemy.util.test.junit.AutoTests" name="[160] /home/travis/build/icyphy/ptII/ptolemy/actor/lib/test/auto/Expression2.xml (RunModel)" time="0.014" />
  <testcase classname="ptolemy.util.test.junit.AutoTests" name="[161] /home/travis/build/icyphy/ptII/ptolemy/actor/lib/test/auto/Expression3.xml (RunModel)" time="0.02" />
  <testcase classname="ptolemy.util.test.junit.AutoTests" name="[162] /home/travis/build/icyphy/ptII/ptolemy/actor/lib/test/auto/Expression4.xml (RunModel)" time="0.022" />
  <testcase classname="ptolemy.util.test.junit.AutoTests" name="[163] /home/travis/build/icyphy/ptII/ptolemy/actor/lib/test/auto/Expression5.xml (RunModel)" time="0.019" />
  <testcase classname="ptolemy.util.test.junit.AutoTests" name="[164] /home/travis/build/icyphy/ptII/ptolemy/actor/lib/test/auto/Expression6.xml (RunModel)" time="0.011" />
  <testcase classname="ptolemy.util.test.junit.AutoTests" name="[165] /home/travis/build/icyphy/ptII/ptolemy/actor/lib/test/auto/Expression7.xml (RunModel)" time="0.015" />
  <testcase classname="ptolemy.util.test.junit.AutoTests" name="[166] /home/travis/build/icyphy/ptII/ptolemy/actor/lib/test/auto/Expression8.xml (RunModel)" time="0.019" />
  <testcase classname="ptolemy.util.test.junit.AutoTests" name="[167] /home/travis/build/icyphy/ptII/ptolemy/actor/lib/test/auto/Expression9.xml (RunModel)" time="0.012" />
  <testcase classname="ptolemy.util.test.junit.AutoTests" name="[168] /home/travis/build/icyphy/ptII/ptolemy/actor/lib/test/auto/ExpressionConcatenateArrayType.xml (RunModel)" time="0.032" />
  <testcase classname="ptolemy.util.test.junit.AutoTests" name="[169] /home/travis/build/icyphy/ptII/ptolemy/actor/lib/test/auto/ExpressionConcatenateArrayType2.xml (RunModel)" time="0.02" />
  <testcase classname="ptolemy.util.test.junit.AutoTests" name="[170] /home/travis/build/icyphy/ptII/ptolemy/actor/lib/test/auto/ExpressionFix.xml (RunModel)" time="0.051" />
  <testcase classname="ptolemy.util.test.junit.AutoTests" name="[171] /home/travis/build/icyphy/ptII/ptolemy/actor/lib/test/auto/ExpressionFix2.xml (RunModel)" time="0.026" />
  <testcase classname="ptolemy.util.test.junit.AutoTests" name="[172] /home/travis/build/icyphy/ptII/ptolemy/actor/lib/test/auto/ExpressionFix3.xml (RunModel)" time="0.015" />
  <testcase classname="ptolemy.util.test.junit.AutoTests" name="[173] /home/travis/build/icyphy/ptII/ptolemy/actor/lib/test/auto/FileWriter1.xml (RunModel)" time="0.013" />
  <testcase classname="ptolemy.util.test.junit.AutoTests" name="[174] /home/travis/build/icyphy/ptII/ptolemy/actor/lib/test/auto/FileWriter2.xml (RunModel)" time="0.01" />
  <testcase classname="ptolemy.util.test.junit.AutoTests" name="[175] /home/travis/build/icyphy/ptII/ptolemy/actor/lib/test/auto/FileWriter3.xml (RunModel)" time="0.014" />
  <testcase classname="ptolemy.util.test.junit.AutoTests" name="[176] /home/travis/build/icyphy/ptII/ptolemy/actor/lib/test/auto/Gaussian.xml (RunModel)" time="0.011" />
  <testcase classname="ptolemy.util.test.junit.AutoTests" name="[177] /home/travis/build/icyphy/ptII/ptolemy/actor/lib/test/auto/Gaussian1.xml (RunModel)" time="0.013" />
  <testcase classname="ptolemy.util.test.junit.AutoTests" name="[178] /home/travis/build/icyphy/ptII/ptolemy/actor/lib/test/auto/Gaussian2.xml (RunModel)" time="0.019" />
  <testcase classname="ptolemy.util.test.junit.AutoTests" name="[179] /home/travis/build/icyphy/ptII/ptolemy/actor/lib/test/auto/GradientAdaptiveLattice.xml (RunModel)" time="0.016" />
  <testcase classname="ptolemy.util.test.junit.AutoTests" name="[180] /home/travis/build/icyphy/ptII/ptolemy/actor/lib/test/auto/IIR.xml (RunModel)" time="0.01" />
  <testcase classname="ptolemy.util.test.junit.AutoTests" name="[181] /home/travis/build/icyphy/ptII/ptolemy/actor/lib/test/auto/InputOutputTransparentPorts.xml (RunModel)" time="0.018" />
  <testcase classname="ptolemy.util.test.junit.AutoTests" name="[182] /home/travis/build/icyphy/ptII/ptolemy/actor/lib/test/auto/Interpolator.xml (RunModel)" time="0.013" />
  <testcase classname="ptolemy.util.test.junit.AutoTests" name="[183] /home/travis/build/icyphy/ptII/ptolemy/actor/lib/test/auto/InterpolatorFiringLimitDE.xml (RunModel)" time="0.015" />
  <testcase classname="ptolemy.util.test.junit.AutoTests" name="[184] /home/travis/build/icyphy/ptII/ptolemy/actor/lib/test/auto/Lattice.xml (RunModel)" time="0.008" />
  <testcase classname="ptolemy.util.test.junit.AutoTests" name="[185] /home/travis/build/icyphy/ptII/ptolemy/actor/lib/test/auto/LazyAOCTestLazy.xml (RunModel)" time="0.02" />
  <testcase classname="ptolemy.util.test.junit.AutoTests" name="[186] /home/travis/build/icyphy/ptII/ptolemy/actor/lib/test/auto/LazyAOCTestNonLazy.xml (RunModel)" time="0.016" />
  <testcase classname="ptolemy.util.test.junit.AutoTests" name="[187] /home/travis/build/icyphy/ptII/ptolemy/actor/lib/test/auto/LazyInnerClass.xml (RunModel)" time="0.02" />
  <testcase classname="ptolemy.util.test.junit.AutoTests" name="[188] /home/travis/build/icyphy/ptII/ptolemy/actor/lib/test/auto/LazyPubSub.xml (RunModel)" time="0.041" />
  <testcase classname="ptolemy.util.test.junit.AutoTests" name="[189] /home/travis/build/icyphy/ptII/ptolemy/actor/lib/test/auto/LazyPubSub2.xml (RunModel)" time="0.071" />
  <testcase classname="ptolemy.util.test.junit.AutoTests" name="[190] /home/travis/build/icyphy/ptII/ptolemy/actor/lib/test/auto/LazyPubSub3.xml (RunModel)" time="0.038" />
  <testcase classname="ptolemy.util.test.junit.AutoTests" name="[191] /home/travis/build/icyphy/ptII/ptolemy/actor/lib/test/auto/LazySubClassModel.xml (RunModel)" time="0.027" />
  <testcase classname="ptolemy.util.test.junit.AutoTests" name="[192] /home/travis/build/icyphy/ptII/ptolemy/actor/lib/test/auto/LevelCrossTest1.xml (RunModel)" time="0.016" />
  <testcase classname="ptolemy.util.test.junit.AutoTests" name="[193] /home/travis/build/icyphy/ptII/ptolemy/actor/lib/test/auto/LevelCrossTest10.xml (RunModel)" time="0.02" />
  <testcase classname="ptolemy.util.test.junit.AutoTests" name="[194] /home/travis/build/icyphy/ptII/ptolemy/actor/lib/test/auto/LevelCrossTest11.xml (RunModel)" time="0.017" />
  <testcase classname="ptolemy.util.test.junit.AutoTests" name="[195] /home/travis/build/icyphy/ptII/ptolemy/actor/lib/test/auto/LevelCrossTest12.xml (RunModel)" time="0.016" />
  <testcase classname="ptolemy.util.test.junit.AutoTests" name="[196] /home/travis/build/icyphy/ptII/ptolemy/actor/lib/test/auto/LevelCrossTest13.xml (RunModel)" time="0.014" />
  <testcase classname="ptolemy.util.test.junit.AutoTests" name="[197] /home/travis/build/icyphy/ptII/ptolemy/actor/lib/test/auto/LevelCrossTest2.xml (RunModel)" time="0.011" />
  <testcase classname="ptolemy.util.test.junit.AutoTests" name="[198] /home/travis/build/icyphy/ptII/ptolemy/actor/lib/test/auto/LevelCrossTest3.xml (RunModel)" time="0.013" />
  <testcase classname="ptolemy.util.test.junit.AutoTests" name="[199] /home/travis/build/icyphy/ptII/ptolemy/actor/lib/test/auto/LevelCrossTest4.xml (RunModel)" time="0.012" />
  <testcase classname="ptolemy.util.test.junit.AutoTests" name="[200] /home/travis/build/icyphy/ptII/ptolemy/actor/lib/test/auto/LevelCrossTest5.xml (RunModel)" time="0.013" />
  <testcase classname="ptolemy.util.test.junit.AutoTests" name="[201] /home/travis/build/icyphy/ptII/ptolemy/actor/lib/test/auto/LevelCrossTest6.xml (RunModel)" time="0.019" />
  <testcase classname="ptolemy.util.test.junit.AutoTests" name="[202] /home/travis/build/icyphy/ptII/ptolemy/actor/lib/test/auto/LevelCrossTest7.xml (RunModel)" time="0.015" />
  <testcase classname="ptolemy.util.test.junit.AutoTests" name="[203] /home/travis/build/icyphy/ptII/ptolemy/actor/lib/test/auto/LevelCrossTest8.xml (RunModel)" time="0.013" />
  <testcase classname="ptolemy.util.test.junit.AutoTests" name="[204] /home/travis/build/icyphy/ptII/ptolemy/actor/lib/test/auto/LevelCrossTest9.xml (RunModel)" time="0.016" />
  <testcase classname="ptolemy.util.test.junit.AutoTests" name="[205] /home/travis/build/icyphy/ptII/ptolemy/actor/lib/test/auto/LevinsonDurbin.xml (RunModel)" time="0.011" />
  <testcase classname="ptolemy.util.test.junit.AutoTests" name="[206] /home/travis/build/icyphy/ptII/ptolemy/actor/lib/test/auto/LevinsonDurbin2.xml (RunModel)" time="0.009" />
  <testcase classname="ptolemy.util.test.junit.AutoTests" name="[207] /home/travis/build/icyphy/ptII/ptolemy/actor/lib/test/auto/LevinsonDurbin3.xml (RunModel)" time="0.011" />
  <testcase classname="ptolemy.util.test.junit.AutoTests" name="[208] /home/travis/build/icyphy/ptII/ptolemy/actor/lib/test/auto/Limiter.xml (RunModel)" time="0.038" />
  <testcase classname="ptolemy.util.test.junit.AutoTests" name="[209] /home/travis/build/icyphy/ptII/ptolemy/actor/lib/test/auto/LinearDifferenceEquationSystem.xml (RunModel)" time="0.022" />
  <testcase classname="ptolemy.util.test.junit.AutoTests" name="[210] /home/travis/build/icyphy/ptII/ptolemy/actor/lib/test/auto/LookupTable.xml (RunModel)" time="0.01" />
  <testcase classname="ptolemy.util.test.junit.AutoTests" name="[211] /home/travis/build/icyphy/ptII/ptolemy/actor/lib/test/auto/MathFunction.xml (RunModel)" time="0.034" />
  <testcase classname="ptolemy.util.test.junit.AutoTests" name="[212] /home/travis/build/icyphy/ptII/ptolemy/actor/lib/test/auto/MathFunction2.xml (RunModel)" time="0.015" />
  <testcase classname="ptolemy.util.test.junit.AutoTests" name="[213] /home/travis/build/icyphy/ptII/ptolemy/actor/lib/test/auto/MathFunction3.xml (RunModel)" time="0.025" />
  <testcase classname="ptolemy.util.test.junit.AutoTests" name="[214] /home/travis/build/icyphy/ptII/ptolemy/actor/lib/test/auto/MatrixCropBoolean.xml (RunModel)" time="0.018" />
  <testcase classname="ptolemy.util.test.junit.AutoTests" name="[215] /home/travis/build/icyphy/ptII/ptolemy/actor/lib/test/auto/MatrixCropComplex.xml (RunModel)" time="0.01" />
  <testcase classname="ptolemy.util.test.junit.AutoTests" name="[216] /home/travis/build/icyphy/ptII/ptolemy/actor/lib/test/auto/MatrixCropDouble.xml (RunModel)" time="0.01" />
  <testcase classname="ptolemy.util.test.junit.AutoTests" name="[217] /home/travis/build/icyphy/ptII/ptolemy/actor/lib/test/auto/MatrixCropFix.xml (RunModel)" time="0.011" />
  <testcase classname="ptolemy.util.test.junit.AutoTests" name="[218] /home/travis/build/icyphy/ptII/ptolemy/actor/lib/test/auto/MatrixCropInt.xml (RunModel)" time="0.01" />
  <testcase classname="ptolemy.util.test.junit.AutoTests" name="[219] /home/travis/build/icyphy/ptII/ptolemy/actor/lib/test/auto/MatrixCropLong.xml (RunModel)" time="0.01" />
  <testcase classname="ptolemy.util.test.junit.AutoTests" name="[220] /home/travis/build/icyphy/ptII/ptolemy/actor/lib/test/auto/MatrixToArray.xml (RunModel)" time="0.066" />
  <testcase classname="ptolemy.util.test.junit.AutoTests" name="[221] /home/travis/build/icyphy/ptII/ptolemy/actor/lib/test/auto/MaxIndex.xml (RunModel)" time="0.014" />
  <testcase classname="ptolemy.util.test.junit.AutoTests" name="[222] /home/travis/build/icyphy/ptII/ptolemy/actor/lib/test/auto/Maximum.xml (RunModel)" time="0.015" />
  <testcase classname="ptolemy.util.test.junit.AutoTests" name="[223] /home/travis/build/icyphy/ptII/ptolemy/actor/lib/test/auto/MaximumComplex.xml (RunModel)" time="0.015" />
  <testcase classname="ptolemy.util.test.junit.AutoTests" name="[224] /home/travis/build/icyphy/ptII/ptolemy/actor/lib/test/auto/MethodCallTest.xml (RunModel)" time="0.022" />
  <testcase classname="ptolemy.util.test.junit.AutoTests" name="[225] /home/travis/build/icyphy/ptII/ptolemy/actor/lib/test/auto/Minimum.xml (RunModel)" time="0.015" />
  <testcase classname="ptolemy.util.test.junit.AutoTests" name="[226] /home/travis/build/icyphy/ptII/ptolemy/actor/lib/test/auto/MinimumComplex.xml (RunModel)" time="0.019" />
  <testcase classname="ptolemy.util.test.junit.AutoTests" name="[227] /home/travis/build/icyphy/ptII/ptolemy/actor/lib/test/auto/MinimumMultiports.xml (RunModel)" time="0.024" />
  <testcase classname="ptolemy.util.test.junit.AutoTests" name="[228] /home/travis/build/icyphy/ptII/ptolemy/actor/lib/test/auto/ModifyDate.xml (RunModel)" time="0.044" />
  <testcase classname="ptolemy.util.test.junit.AutoTests" name="[229] /home/travis/build/icyphy/ptII/ptolemy/actor/lib/test/auto/ModifyDate2.xml (RunModel)" time="0.03" />
  <testcase classname="ptolemy.util.test.junit.AutoTests" name="[230] /home/travis/build/icyphy/ptII/ptolemy/actor/lib/test/auto/MovingAverage.xml (RunModel)" time="0.012" />
  <testcase classname="ptolemy.util.test.junit.AutoTests" name="[231] /home/travis/build/icyphy/ptII/ptolemy/actor/lib/test/auto/MovingMaximum.xml (RunModel)" time="0.011" />
  <testcase classname="ptolemy.util.test.junit.AutoTests" name="[232] /home/travis/build/icyphy/ptII/ptolemy/actor/lib/test/auto/MultipleLinksToSameRelation.xml (RunModel)" time="0.012" />
  <testcase classname="ptolemy.util.test.junit.AutoTests" name="[233] /home/travis/build/icyphy/ptII/ptolemy/actor/lib/test/auto/MultipleLinksToSameRelationDE.xml (RunModel)" time="0.014" />
  <testcase classname="ptolemy.util.test.junit.AutoTests" name="[234] /home/travis/build/icyphy/ptII/ptolemy/actor/lib/test/auto/Multiplexor.xml (RunModel)" time="0.013" />
  <testcase classname="ptolemy.util.test.junit.AutoTests" name="[235] /home/travis/build/icyphy/ptII/ptolemy/actor/lib/test/auto/Multiplexor1.xml (RunModel)" time="0.012" />
  <testcase classname="ptolemy.util.test.junit.AutoTests" name="[236] /home/travis/build/icyphy/ptII/ptolemy/actor/lib/test/auto/Multiplexor2.xml (RunModel)" time="0.02" />
  <testcase classname="ptolemy.util.test.junit.AutoTests" name="[237] /home/travis/build/icyphy/ptII/ptolemy/actor/lib/test/auto/Multiplexor3.xml (RunModel)" time="0.013" />
  <testcase classname="ptolemy.util.test.junit.AutoTests" name="[238] /home/travis/build/icyphy/ptII/ptolemy/actor/lib/test/auto/MultiplexorDE.xml (RunModel)" time="0.022" />
  <testcase classname="ptolemy.util.test.junit.AutoTests" name="[239] /home/travis/build/icyphy/ptII/ptolemy/actor/lib/test/auto/MultiportBroadcastTest.xml (RunModel)" time="0.077" />
  <testcase classname="ptolemy.util.test.junit.AutoTests" name="[240] /home/travis/build/icyphy/ptII/ptolemy/actor/lib/test/auto/MultiportOutHangDuringGetWidth.xml (RunModel)" time="0.032" />
  <testcase classname="ptolemy.util.test.junit.AutoTests" name="[241] /home/travis/build/icyphy/ptII/ptolemy/actor/lib/test/auto/NilToken.xml (RunModel)" time="0.011" />
  <testcase classname="ptolemy.util.test.junit.AutoTests" name="[242] /home/travis/build/icyphy/ptII/ptolemy/actor/lib/test/auto/NilTokenNonStrictTest.xml (RunModel)" time="0.011" />
  <testcase classname="ptolemy.util.test.junit.AutoTests" name="[243] /home/travis/build/icyphy/ptII/ptolemy/actor/lib/test/auto/NilTokenRecord.xml (RunModel)" time="0.019" />
  <testcase classname="ptolemy.util.test.junit.AutoTests" name="[244] /home/travis/build/icyphy/ptII/ptolemy/actor/lib/test/auto/NilTokenTypeTest.xml (RunModel)" time="0.031" />
  <testcase classname="ptolemy.util.test.junit.AutoTests" name="[245] /home/travis/build/icyphy/ptII/ptolemy/actor/lib/test/auto/ObjectToken1.xml (RunModel)" time="0.013" />
  <testcase classname="ptolemy.util.test.junit.AutoTests" name="[246] /home/travis/build/icyphy/ptII/ptolemy/actor/lib/test/auto/OrderedMerge.xml (RunModel)" time="0.018" />
  <testcase classname="ptolemy.util.test.junit.AutoTests" name="[247] /home/travis/build/icyphy/ptII/ptolemy/actor/lib/test/auto/OrderedRecordDisassembler.xml (RunModel)" time="0.02" />
  <testcase classname="ptolemy.util.test.junit.AutoTests" name="[248] /home/travis/build/icyphy/ptII/ptolemy/actor/lib/test/auto/OrderedRecordDisassembler2.xml (RunModel)" time="0.019" />
  <testcase classname="ptolemy.util.test.junit.AutoTests" name="[249] /home/travis/build/icyphy/ptII/ptolemy/actor/lib/test/auto/OrderedRecordUpdater.xml (RunModel)" time="0.011" />
  <testcase classname="ptolemy.util.test.junit.AutoTests" name="[250] /home/travis/build/icyphy/ptII/ptolemy/actor/lib/test/auto/OrderedRecordUpdater2.xml (RunModel)" time="0.02" />
  <testcase classname="ptolemy.util.test.junit.AutoTests" name="[251] /home/travis/build/icyphy/ptII/ptolemy/actor/lib/test/auto/PhaseUnwrap.xml (RunModel)" time="0.014" />
  <testcase classname="ptolemy.util.test.junit.AutoTests" name="[252] /home/travis/build/icyphy/ptII/ptolemy/actor/lib/test/auto/PoissonClock.xml (RunModel)" time="0.009" />
  <testcase classname="ptolemy.util.test.junit.AutoTests" name="[253] /home/travis/build/icyphy/ptII/ptolemy/actor/lib/test/auto/PoissonClock2.xml (RunModel)" time="0.01" />
  <testcase classname="ptolemy.util.test.junit.AutoTests" name="[254] /home/travis/build/icyphy/ptII/ptolemy/actor/lib/test/auto/PoissonClock3.xml (RunModel)" time="0.015" />
  <testcase classname="ptolemy.util.test.junit.AutoTests" name="[255] /home/travis/build/icyphy/ptII/ptolemy/actor/lib/test/auto/PubSubWithInitialTokens.xml (RunModel)" time="0.016" />
  <testcase classname="ptolemy.util.test.junit.AutoTests" name="[256] /home/travis/build/icyphy/ptII/ptolemy/actor/lib/test/auto/PubSubWithInitialTokens2.xml (RunModel)" time="0.013" />
  <testcase classname="ptolemy.util.test.junit.AutoTests" name="[257] /home/travis/build/icyphy/ptII/ptolemy/actor/lib/test/auto/PublisherClassNoParameter.xml (RunModel)" time="0.024" />
  <testcase classname="ptolemy.util.test.junit.AutoTests" name="[258] /home/travis/build/icyphy/ptII/ptolemy/actor/lib/test/auto/PublisherClassParameter.xml (RunModel)" time="0.024" />
  <testcase classname="ptolemy.util.test.junit.AutoTests" name="[259] /home/travis/build/icyphy/ptII/ptolemy/actor/lib/test/auto/PublisherNonStrictTest.xml (RunModel)" time="0.014" />
  <testcase classname="ptolemy.util.test.junit.AutoTests" name="[260] /home/travis/build/icyphy/ptII/ptolemy/actor/lib/test/auto/PublisherPort1.xml (RunModel)" time="0.022" />
  <testcase classname="ptolemy.util.test.junit.AutoTests" name="[261] /home/travis/build/icyphy/ptII/ptolemy/actor/lib/test/auto/PublisherPort2.xml (RunModel)" time="0.008" />
  <testcase classname="ptolemy.util.test.junit.AutoTests" name="[262] /home/travis/build/icyphy/ptII/ptolemy/actor/lib/test/auto/PublisherPort3.xml (RunModel)" time="0.015" />
  <testcase classname="ptolemy.util.test.junit.AutoTests" name="[263] /home/travis/build/icyphy/ptII/ptolemy/actor/lib/test/auto/PublisherPort4.xml (RunModel)" time="0.013" />
  <testcase classname="ptolemy.util.test.junit.AutoTests" name="[264] /home/travis/build/icyphy/ptII/ptolemy/actor/lib/test/auto/PublisherPort5.xml (RunModel)" time="0.014" />
  <testcase classname="ptolemy.util.test.junit.AutoTests" name="[265] /home/travis/build/icyphy/ptII/ptolemy/actor/lib/test/auto/PublisherPort5LookAlike.xml (RunModel)" time="0.017" />
  <testcase classname="ptolemy.util.test.junit.AutoTests" name="[266] /home/travis/build/icyphy/ptII/ptolemy/actor/lib/test/auto/PublisherPort6.xml (RunModel)" time="0.012" />
  <testcase classname="ptolemy.util.test.junit.AutoTests" name="[267] /home/travis/build/icyphy/ptII/ptolemy/actor/lib/test/auto/PublisherPort7.xml (RunModel)" time="0.015" />
  <testcase classname="ptolemy.util.test.junit.AutoTests" name="[268] /home/travis/build/icyphy/ptII/ptolemy/actor/lib/test/auto/PublisherPort8.xml (RunModel)" time="0.015" />
  <testcase classname="ptolemy.util.test.junit.AutoTests" name="[269] /home/travis/build/icyphy/ptII/ptolemy/actor/lib/test/auto/PublisherPortSubscriberChannelVariablesAOC2.xml (RunModel)" time="0.032" />
  <testcase classname="ptolemy.util.test.junit.AutoTests" name="[270] /home/travis/build/icyphy/ptII/ptolemy/actor/lib/test/auto/PublisherPortSubscriberOpaqueWidthInference.xml (RunModel)" time="0.014" />
  <testcase classname="ptolemy.util.test.junit.AutoTests" name="[271] /home/travis/build/icyphy/ptII/ptolemy/actor/lib/test/auto/PublisherPortSubscriberPortAdjacent.xml (RunModel)" time="0.019" />
  <testcase classname="ptolemy.util.test.junit.AutoTests" name="[272] /home/travis/build/icyphy/ptII/ptolemy/actor/lib/test/auto/PublisherPortSubscriberPortExpression.xml (RunModel)" time="0.018" />
  <testcase classname="ptolemy.util.test.junit.AutoTests" name="[273] /home/travis/build/icyphy/ptII/ptolemy/actor/lib/test/auto/PublisherPortSubscriberPortOpaqueD3Reverse.xml (RunModel)" time="0.021" />
  <testcase classname="ptolemy.util.test.junit.AutoTests" name="[274] /home/travis/build/icyphy/ptII/ptolemy/actor/lib/test/auto/PublisherPortSubscriberPortOpaqueWidthInference.xml (RunModel)" time="0.016" />
  <testcase classname="ptolemy.util.test.junit.AutoTests" name="[275] /home/travis/build/icyphy/ptII/ptolemy/actor/lib/test/auto/PublisherPortToplevelSubscriberPortAOC.xml (RunModel)" time="0.01" />
  <testcase classname="ptolemy.util.test.junit.AutoTests" name="[276] /home/travis/build/icyphy/ptII/ptolemy/actor/lib/test/auto/PublisherSubscriber.xml (RunModel)" time="0.018" />
  <testcase classname="ptolemy.util.test.junit.AutoTests" name="[277] /home/travis/build/icyphy/ptII/ptolemy/actor/lib/test/auto/PublisherSubscriber10.xml (RunModel)" time="0.021" />
  <testcase classname="ptolemy.util.test.junit.AutoTests" name="[278] /home/travis/build/icyphy/ptII/ptolemy/actor/lib/test/auto/PublisherSubscriber10InitialOutputs.xml (RunModel)" time="0.028" />
  <testcase classname="ptolemy.util.test.junit.AutoTests" name="[279] /home/travis/build/icyphy/ptII/ptolemy/actor/lib/test/auto/PublisherSubscriber11.xml (RunModel)" time="0.016" />
  <testcase classname="ptolemy.util.test.junit.AutoTests" name="[280] /home/travis/build/icyphy/ptII/ptolemy/actor/lib/test/auto/PublisherSubscriber12.xml (RunModel)" time="0.015" />
  <testcase classname="ptolemy.util.test.junit.AutoTests" name="[281] /home/travis/build/icyphy/ptII/ptolemy/actor/lib/test/auto/PublisherSubscriber13.xml (RunModel)" time="0.009" />
  <testcase classname="ptolemy.util.test.junit.AutoTests" name="[282] /home/travis/build/icyphy/ptII/ptolemy/actor/lib/test/auto/PublisherSubscriber14.xml (RunModel)" time="0.016" />
  <testcase classname="ptolemy.util.test.junit.AutoTests" name="[283] /home/travis/build/icyphy/ptII/ptolemy/actor/lib/test/auto/PublisherSubscriber2.xml (RunModel)" time="0.01" />
  <testcase classname="ptolemy.util.test.junit.AutoTests" name="[284] /home/travis/build/icyphy/ptII/ptolemy/actor/lib/test/auto/PublisherSubscriber3.xml (RunModel)" time="0.009" />
  <testcase classname="ptolemy.util.test.junit.AutoTests" name="[285] /home/travis/build/icyphy/ptII/ptolemy/actor/lib/test/auto/PublisherSubscriber4.xml (RunModel)" time="0.008" />
  <testcase classname="ptolemy.util.test.junit.AutoTests" name="[286] /home/travis/build/icyphy/ptII/ptolemy/actor/lib/test/auto/PublisherSubscriber5.xml (RunModel)" time="0.011" />
  <testcase classname="ptolemy.util.test.junit.AutoTests" name="[287] /home/travis/build/icyphy/ptII/ptolemy/actor/lib/test/auto/PublisherSubscriber6.xml (RunModel)" time="0.015" />
  <testcase classname="ptolemy.util.test.junit.AutoTests" name="[288] /home/travis/build/icyphy/ptII/ptolemy/actor/lib/test/auto/PublisherSubscriber7.xml (RunModel)" time="0.016" />
  <testcase classname="ptolemy.util.test.junit.AutoTests" name="[289] /home/travis/build/icyphy/ptII/ptolemy/actor/lib/test/auto/PublisherSubscriber8.xml (RunModel)" time="0.035" />
  <testcase classname="ptolemy.util.test.junit.AutoTests" name="[290] /home/travis/build/icyphy/ptII/ptolemy/actor/lib/test/auto/PublisherSubscriber9.xml (RunModel)" time="0.022" />
  <testcase classname="ptolemy.util.test.junit.AutoTests" name="[291] /home/travis/build/icyphy/ptII/ptolemy/actor/lib/test/auto/PublisherSubscriberAdjacent.xml (RunModel)" time="0.018" />
  <testcase classname="ptolemy.util.test.junit.AutoTests" name="[292] /home/travis/build/icyphy/ptII/ptolemy/actor/lib/test/auto/PublisherSubscriberChannelVariablesAOC2.xml (RunModel)" time="0.027" />
  <testcase classname="ptolemy.util.test.junit.AutoTests" name="[293] /home/travis/build/icyphy/ptII/ptolemy/actor/lib/test/auto/PublisherSubscriberD3.xml (RunModel)" time="0.015" />
  <testcase classname="ptolemy.util.test.junit.AutoTests" name="[294] /home/travis/build/icyphy/ptII/ptolemy/actor/lib/test/auto/PublisherSubscriberD3Reverse.xml (RunModel)" time="0.01" />
  <testcase classname="ptolemy.util.test.junit.AutoTests" name="[295] /home/travis/build/icyphy/ptII/ptolemy/actor/lib/test/auto/PublisherSubscriberExpression.xml (RunModel)" time="0.016" />
  <testcase classname="ptolemy.util.test.junit.AutoTests" name="[296] /home/travis/build/icyphy/ptII/ptolemy/actor/lib/test/auto/PublisherSubscriberOpaque.xml (RunModel)" time="0.015" />
  <testcase classname="ptolemy.util.test.junit.AutoTests" name="[297] /home/travis/build/icyphy/ptII/ptolemy/actor/lib/test/auto/PublisherSubscriberOpaqueD3.xml (RunModel)" time="0.019" />
  <testcase classname="ptolemy.util.test.junit.AutoTests" name="[298] /home/travis/build/icyphy/ptII/ptolemy/actor/lib/test/auto/PublisherSubscriberOpaqueD3Reverse.xml (RunModel)" time="0.019" />
  <testcase classname="ptolemy.util.test.junit.AutoTests" name="[299] /home/travis/build/icyphy/ptII/ptolemy/actor/lib/test/auto/PublisherSubscriberOpaqueWidthInference.xml (RunModel)" time="0.015" />
  <testcase classname="ptolemy.util.test.junit.AutoTests" name="[300] /home/travis/build/icyphy/ptII/ptolemy/actor/lib/test/auto/PublisherTestSubscriber.xml (RunModel)" time="0.016" />
  <testcase classname="ptolemy.util.test.junit.AutoTests" name="[301] /home/travis/build/icyphy/ptII/ptolemy/actor/lib/test/auto/PublisherToplevelSubscriberPortAOC.xml (RunModel)" time="0.011" />
  <testcase classname="ptolemy.util.test.junit.AutoTests" name="[302] /home/travis/build/icyphy/ptII/ptolemy/actor/lib/test/auto/PulseFiringLimitDE.xml (RunModel)" time="0.012" />
  <testcase classname="ptolemy.util.test.junit.AutoTests" name="[303] /home/travis/build/icyphy/ptII/ptolemy/actor/lib/test/auto/Ramp1.xml (RunModel)" time="0.009" />
  <testcase classname="ptolemy.util.test.junit.AutoTests" name="[304] /home/travis/build/icyphy/ptII/ptolemy/actor/lib/test/auto/RampFiringLimitDE.xml (RunModel)" time="0.013" />
  <testcase classname="ptolemy.util.test.junit.AutoTests" name="[305] /home/travis/build/icyphy/ptII/ptolemy/actor/lib/test/auto/RampFiringLimitSDF.xml (RunModel)" time="0.014" />
  <testcase classname="ptolemy.util.test.junit.AutoTests" name="[306] /home/travis/build/icyphy/ptII/ptolemy/actor/lib/test/auto/RandomInteger.xml (RunModel)" time="0.011" />
  <testcase classname="ptolemy.util.test.junit.AutoTests" name="[307] /home/travis/build/icyphy/ptII/ptolemy/actor/lib/test/auto/ReadFile1.xml (RunModel)" time="0.009" />
  <testcase classname="ptolemy.util.test.junit.AutoTests" name="[308] /home/travis/build/icyphy/ptII/ptolemy/actor/lib/test/auto/ReadFile2.xml (RunModel)" time="0.01" />
  <testcase classname="ptolemy.util.test.junit.AutoTests" name="[309] /home/travis/build/icyphy/ptII/ptolemy/actor/lib/test/auto/Reader.xml (RunModel)" time="0.01" />
  <testcase classname="ptolemy.util.test.junit.AutoTests" name="[310] /home/travis/build/icyphy/ptII/ptolemy/actor/lib/test/auto/RecordAssemblerDisplayNameTest.xml (RunModel)" time="2.942" />
  <testcase classname="ptolemy.util.test.junit.AutoTests" name="[311] /home/travis/build/icyphy/ptII/ptolemy/actor/lib/test/auto/RecordAssemblerTypeError.xml (RunModel)" time="0.032" />
  <testcase classname="ptolemy.util.test.junit.AutoTests" name="[312] /home/travis/build/icyphy/ptII/ptolemy/actor/lib/test/auto/RecordDisassember.xml (RunModel)" time="0.01" />
  <testcase classname="ptolemy.util.test.junit.AutoTests" name="[313] /home/travis/build/icyphy/ptII/ptolemy/actor/lib/test/auto/RecordDisassemberDisplayNameTest.xml (RunModel)" time="0.017" />
  <testcase classname="ptolemy.util.test.junit.AutoTests" name="[314] /home/travis/build/icyphy/ptII/ptolemy/actor/lib/test/auto/RecordDisassembler.xml (RunModel)" time="0.009" />
  <testcase classname="ptolemy.util.test.junit.AutoTests" name="[315] /home/travis/build/icyphy/ptII/ptolemy/actor/lib/test/auto/RecordDisassembler2.xml (RunModel)" time="0.01" />
  <testcase classname="ptolemy.util.test.junit.AutoTests" name="[316] /home/travis/build/icyphy/ptII/ptolemy/actor/lib/test/auto/RecordUpdater.xml (RunModel)" time="0.009" />
  <testcase classname="ptolemy.util.test.junit.AutoTests" name="[317] /home/travis/build/icyphy/ptII/ptolemy/actor/lib/test/auto/RecordUpdater2.xml (RunModel)" time="0.008" />
  <testcase classname="ptolemy.util.test.junit.AutoTests" name="[318] /home/travis/build/icyphy/ptII/ptolemy/actor/lib/test/auto/RecursiveLattice.xml (RunModel)" time="0.009" />
  <testcase classname="ptolemy.util.test.junit.AutoTests" name="[319] /home/travis/build/icyphy/ptII/ptolemy/actor/lib/test/auto/Router.xml (RunModel)" time="3.024" />
  <testcase classname="ptolemy.util.test.junit.AutoTests" name="[320] /home/travis/build/icyphy/ptII/ptolemy/actor/lib/test/auto/Router2.xml (RunModel)" time="3.022" />
  <testcase classname="ptolemy.util.test.junit.AutoTests" name="[321] /home/travis/build/icyphy/ptII/ptolemy/actor/lib/test/auto/RunningMaximum.xml (RunModel)" time="0.019" />
  <testcase classname="ptolemy.util.test.junit.AutoTests" name="[322] /home/travis/build/icyphy/ptII/ptolemy/actor/lib/test/auto/RunningMinimum.xml (RunModel)" time="0.014" />
  <testcase classname="ptolemy.util.test.junit.AutoTests" name="[323] /home/travis/build/icyphy/ptII/ptolemy/actor/lib/test/auto/Scale.xml (RunModel)" time="0.019" />
  <testcase classname="ptolemy.util.test.junit.AutoTests" name="[324] /home/travis/build/icyphy/ptII/ptolemy/actor/lib/test/auto/Scale2.xml (RunModel)" time="0.008" />
  <testcase classname="ptolemy.util.test.junit.AutoTests" name="[325] /home/travis/build/icyphy/ptII/ptolemy/actor/lib/test/auto/Scale3.xml (RunModel)" time="0.013" />
  <testcase classname="ptolemy.util.test.junit.AutoTests" name="[326] /home/travis/build/icyphy/ptII/ptolemy/actor/lib/test/auto/ScaleArray.xml (RunModel)" time="0.008" />
  <testcase classname="ptolemy.util.test.junit.AutoTests" name="[327] /home/travis/build/icyphy/ptII/ptolemy/actor/lib/test/auto/ScaleArray2.xml (RunModel)" time="0.007" />
  <testcase classname="ptolemy.util.test.junit.AutoTests" name="[328] /home/travis/build/icyphy/ptII/ptolemy/actor/lib/test/auto/ScaleMatrix.xml (RunModel)" time="0.108" />
  <testcase classname="ptolemy.util.test.junit.AutoTests" name="[329] /home/travis/build/icyphy/ptII/ptolemy/actor/lib/test/auto/Select.xml (RunModel)" time="0.013" />
  <testcase classname="ptolemy.util.test.junit.AutoTests" name="[330] /home/travis/build/icyphy/ptII/ptolemy/actor/lib/test/auto/Select2.xml (RunModel)" time="0.007" />
  <testcase classname="ptolemy.util.test.junit.AutoTests" name="[331] /home/travis/build/icyphy/ptII/ptolemy/actor/lib/test/auto/SequenceToArray2.xml (RunModel)" time="0.105" />
  <testcase classname="ptolemy.util.test.junit.AutoTests" name="[332] /home/travis/build/icyphy/ptII/ptolemy/actor/lib/test/auto/SequentialClock.xml (RunModel)" time="0.011" />
  <testcase classname="ptolemy.util.test.junit.AutoTests" name="[333] /home/travis/build/icyphy/ptII/ptolemy/actor/lib/test/auto/SetVariable.xml (RunModel)" time="0.009" />
  <testcase classname="ptolemy.util.test.junit.AutoTests" name="[334] /home/travis/build/icyphy/ptII/ptolemy/actor/lib/test/auto/SetVariable2.xml (RunModel)" time="0.008" />
  <testcase classname="ptolemy.util.test.junit.AutoTests" name="[335] /home/travis/build/icyphy/ptII/ptolemy/actor/lib/test/auto/SetVariable3.xml (RunModel)" time="0.01" />
  <testcase classname="ptolemy.util.test.junit.AutoTests" name="[336] /home/travis/build/icyphy/ptII/ptolemy/actor/lib/test/auto/SetVariable4.xml (RunModel)" time="0.027" />
  <testcase classname="ptolemy.util.test.junit.AutoTests" name="[337] /home/travis/build/icyphy/ptII/ptolemy/actor/lib/test/auto/SetVariable5.xml (RunModel)" time="0.021" />
  <testcase classname="ptolemy.util.test.junit.AutoTests" name="[338] /home/travis/build/icyphy/ptII/ptolemy/actor/lib/test/auto/Sinewave.xml (RunModel)" time="0.025" />
  <testcase classname="ptolemy.util.test.junit.AutoTests" name="[339] /home/travis/build/icyphy/ptII/ptolemy/actor/lib/test/auto/Sinewave2.xml (RunModel)" time="0.014" />
  <testcase classname="ptolemy.util.test.junit.AutoTests" name="[340] /home/travis/build/icyphy/ptII/ptolemy/actor/lib/test/auto/Sinewave3.xml (RunModel)" time="0.015" />
  <testcase classname="ptolemy.util.test.junit.AutoTests" name="[341] /home/travis/build/icyphy/ptII/ptolemy/actor/lib/test/auto/SingleEvent.xml (RunModel)" time="0.006" />
  <testcase classname="ptolemy.util.test.junit.AutoTests" name="[342] /home/travis/build/icyphy/ptII/ptolemy/actor/lib/test/auto/Sleep.xml (RunModel)" time="6.011" />
  <testcase classname="ptolemy.util.test.junit.AutoTests" name="[343] /home/travis/build/icyphy/ptII/ptolemy/actor/lib/test/auto/SleepMultipleFire.xml (RunModel)" time="1.016" />
  <testcase classname="ptolemy.util.test.junit.AutoTests" name="[344] /home/travis/build/icyphy/ptII/ptolemy/actor/lib/test/auto/StopDE.xml (RunModel)" time="0.012" />
  <testcase classname="ptolemy.util.test.junit.AutoTests" name="[345] /home/travis/build/icyphy/ptII/ptolemy/actor/lib/test/auto/StopSDF.xml (RunModel)" time="0.012" />
  <testcase classname="ptolemy.util.test.junit.AutoTests" name="[346] /home/travis/build/icyphy/ptII/ptolemy/actor/lib/test/auto/StringConstant.xml (RunModel)" time="0.008" />
  <testcase classname="ptolemy.util.test.junit.AutoTests" name="[347] /home/travis/build/icyphy/ptII/ptolemy/actor/lib/test/auto/SubscriberPortInitialValues1.xml (RunModel)" time="0.018" />
  <testcase classname="ptolemy.util.test.junit.AutoTests" name="[348] /home/travis/build/icyphy/ptII/ptolemy/actor/lib/test/auto/SubscriberPortInitialValues13.xml (RunModel)" time="0.022" />
  <testcase classname="ptolemy.util.test.junit.AutoTests" name="[349] /home/travis/build/icyphy/ptII/ptolemy/actor/lib/test/auto/SubscriberPortInitialValues14.xml (RunModel)" time="0.014" />
  <testcase classname="ptolemy.util.test.junit.AutoTests" name="[350] /home/travis/build/icyphy/ptII/ptolemy/actor/lib/test/auto/SubscriberPortInitialValues2.xml (RunModel)" time="0.015" />
  <testcase classname="ptolemy.util.test.junit.AutoTests" name="[351] /home/travis/build/icyphy/ptII/ptolemy/actor/lib/test/auto/SubscriberPortInitialValues3.xml (RunModel)" time="0.017" />
  <testcase classname="ptolemy.util.test.junit.AutoTests" name="[352] /home/travis/build/icyphy/ptII/ptolemy/actor/lib/test/auto/SubscriptionAggregator.xml (RunModel)" time="0.013" />
  <testcase classname="ptolemy.util.test.junit.AutoTests" name="[353] /home/travis/build/icyphy/ptII/ptolemy/actor/lib/test/auto/SubscriptionAggregator2.xml (RunModel)" time="0.011" />
  <testcase classname="ptolemy.util.test.junit.AutoTests" name="[354] /home/travis/build/icyphy/ptII/ptolemy/actor/lib/test/auto/SubscriptionAggregator3.xml (RunModel)" time="0.016" />
  <testcase classname="ptolemy.util.test.junit.AutoTests" name="[355] /home/travis/build/icyphy/ptII/ptolemy/actor/lib/test/auto/SubscriptionAggregatorMultiply.xml (RunModel)" time="0.014" />
  <testcase classname="ptolemy.util.test.junit.AutoTests" name="[356] /home/travis/build/icyphy/ptII/ptolemy/actor/lib/test/auto/SubscriptionAggregatorPortMultiply1.xml (RunModel)" time="0.014" />
  <testcase classname="ptolemy.util.test.junit.AutoTests" name="[357] /home/travis/build/icyphy/ptII/ptolemy/actor/lib/test/auto/Switch.xml (RunModel)" time="0.014" />
  <testcase classname="ptolemy.util.test.junit.AutoTests" name="[358] /home/travis/build/icyphy/ptII/ptolemy/actor/lib/test/auto/Switch2.xml (RunModel)" time="0.009" />
  <testcase classname="ptolemy.util.test.junit.AutoTests" name="[359] /home/travis/build/icyphy/ptII/ptolemy/actor/lib/test/auto/SwitchDE.xml (RunModel)" time="0.012" />
  <testcase classname="ptolemy.util.test.junit.AutoTests" name="[360] /home/travis/build/icyphy/ptII/ptolemy/actor/lib/test/auto/SynchronizerDE.xml (RunModel)" time="0.018" />
  <testcase classname="ptolemy.util.test.junit.AutoTests" name="[361] /home/travis/build/icyphy/ptII/ptolemy/actor/lib/test/auto/Test.xml (RunModel)" time="0.009" />
  <testcase classname="ptolemy.util.test.junit.AutoTests" name="[362] /home/travis/build/icyphy/ptII/ptolemy/actor/lib/test/auto/TestExceptionAttribute1.xml (RunModel)" time="0.008" />
  <testcase classname="ptolemy.util.test.junit.AutoTests" name="[363] /home/travis/build/icyphy/ptII/ptolemy/actor/lib/test/auto/TestExceptionAttribute2.xml (RunModel)" time="0.011" />
  <testcase classname="ptolemy.util.test.junit.AutoTests" name="[364] /home/travis/build/icyphy/ptII/ptolemy/actor/lib/test/auto/TestExceptionAttribute3.xml (RunModel)" time="0.006" />
  <testcase classname="ptolemy.util.test.junit.AutoTests" name="[365] /home/travis/build/icyphy/ptII/ptolemy/actor/lib/test/auto/TestExceptionAttribute4.xml (RunModel)" time="0.006" />
  <testcase classname="ptolemy.util.test.junit.AutoTests" name="[366] /home/travis/build/icyphy/ptII/ptolemy/actor/lib/test/auto/TestExceptionHandler1.xml (RunModel)" time="0.007" />
  <testcase classname="ptolemy.util.test.junit.AutoTests" name="[367] /home/travis/build/icyphy/ptII/ptolemy/actor/lib/test/auto/TestExceptionHandler2.xml (RunModel)" time="0.007" />
  <testcase classname="ptolemy.util.test.junit.AutoTests" name="[368] /home/travis/build/icyphy/ptII/ptolemy/actor/lib/test/auto/TestExceptionHandler3.xml (RunModel)" time="0.015" />
  <testcase classname="ptolemy.util.test.junit.AutoTests" name="[369] /home/travis/build/icyphy/ptII/ptolemy/actor/lib/test/auto/TestExceptionHandler4.xml (RunModel)" time="0.006" />
  <testcase classname="ptolemy.util.test.junit.AutoTests" name="[370] /home/travis/build/icyphy/ptII/ptolemy/actor/lib/test/auto/TestRequireCorrectOrder.xml (RunModel)" time="0.01" />
  <testcase classname="ptolemy.util.test.junit.AutoTests" name="[371] /home/travis/build/icyphy/ptII/ptolemy/actor/lib/test/auto/TestSimple.xml (RunModel)" time="0.01" />
  <testcase classname="ptolemy.util.test.junit.AutoTests" name="[372] /home/travis/build/icyphy/ptII/ptolemy/actor/lib/test/auto/ThrowModelError.xml (RunModel)" time="0.01" />
  <testcase classname="ptolemy.util.test.junit.AutoTests" name="[373] /home/travis/build/icyphy/ptII/ptolemy/actor/lib/test/auto/TimeDelayMicrosteps.xml (RunModel)" time="0.013" />
  <testcase classname="ptolemy.util.test.junit.AutoTests" name="[374] /home/travis/build/icyphy/ptII/ptolemy/actor/lib/test/auto/TimeDelayMicrosteps2.xml (RunModel)" time="0.017" />
  <testcase classname="ptolemy.util.test.junit.AutoTests" name="[375] /home/travis/build/icyphy/ptII/ptolemy/actor/lib/test/auto/TimeDelayMicrosteps3.xml (RunModel)" time="0.013" />
  <testcase classname="ptolemy.util.test.junit.AutoTests" name="[376] /home/travis/build/icyphy/ptII/ptolemy/actor/lib/test/auto/TimeDelayVariableMicrosteps.xml (RunModel)" time="0.019" />
  <testcase classname="ptolemy.util.test.junit.AutoTests" name="[377] /home/travis/build/icyphy/ptII/ptolemy/actor/lib/test/auto/TimeGap.xml (RunModel)" time="0.016" />
  <testcase classname="ptolemy.util.test.junit.AutoTests" name="[378] /home/travis/build/icyphy/ptII/ptolemy/actor/lib/test/auto/TimeGap2.xml (RunModel)" time="0.012" />
  <testcase classname="ptolemy.util.test.junit.AutoTests" name="[379] /home/travis/build/icyphy/ptII/ptolemy/actor/lib/test/auto/TimedSinewave.xml (RunModel)" time="0.044" />
  <testcase classname="ptolemy.util.test.junit.AutoTests" name="[380] /home/travis/build/icyphy/ptII/ptolemy/actor/lib/test/auto/TimedSinewavePhase.xml (RunModel)" time="0.059" />
  <testcase classname="ptolemy.util.test.junit.AutoTests" name="[381] /home/travis/build/icyphy/ptII/ptolemy/actor/lib/test/auto/Timer.xml (RunModel)" time="0.016" />
  <testcase classname="ptolemy.util.test.junit.AutoTests" name="[382] /home/travis/build/icyphy/ptII/ptolemy/actor/lib/test/auto/TriangularDistTestModel.xml (RunModel)" time="0.016" />
  <testcase classname="ptolemy.util.test.junit.AutoTests" name="[383] /home/travis/build/icyphy/ptII/ptolemy/actor/lib/test/auto/TrigFunction.xml (RunModel)" time="0.008" />
  <testcase classname="ptolemy.util.test.junit.AutoTests" name="[384] /home/travis/build/icyphy/ptII/ptolemy/actor/lib/test/auto/TrigFunctionDE.xml (RunModel)" time="0.014" />
  <testcase classname="ptolemy.util.test.junit.AutoTests" name="[385] /home/travis/build/icyphy/ptII/ptolemy/actor/lib/test/auto/TrigFunctionInverse.xml (RunModel)" time="0.009" />
  <testcase classname="ptolemy.util.test.junit.AutoTests" name="[386] /home/travis/build/icyphy/ptII/ptolemy/actor/lib/test/auto/TrigFunctionTan.xml (RunModel)" time="0.007" />
  <testcase classname="ptolemy.util.test.junit.AutoTests" name="[387] /home/travis/build/icyphy/ptII/ptolemy/actor/lib/test/auto/TriggeredClock.xml (RunModel)" time="0.009" />
  <testcase classname="ptolemy.util.test.junit.AutoTests" name="[388] /home/travis/build/icyphy/ptII/ptolemy/actor/lib/test/auto/URLDirectoryReader.xml (RunModel)" time="0.117" />
  <testcase classname="ptolemy.util.test.junit.AutoTests" name="[389] /home/travis/build/icyphy/ptII/ptolemy/actor/lib/test/auto/URLDirectoryReader3.xml (RunModel)" time="1.422" />
  <testcase classname="ptolemy.util.test.junit.AutoTests" name="[390] /home/travis/build/icyphy/ptII/ptolemy/actor/lib/test/auto/UnaryMathFunction.xml (RunModel)" time="0.054" />
  <testcase classname="ptolemy.util.test.junit.AutoTests" name="[391] /home/travis/build/icyphy/ptII/ptolemy/actor/lib/test/auto/Uniform.xml (RunModel)" time="0.047" />
  <testcase classname="ptolemy.util.test.junit.AutoTests" name="[392] /home/travis/build/icyphy/ptII/ptolemy/actor/lib/test/auto/UnionDisassemblerTest.xml (RunModel)" time="0.025" />
  <testcase classname="ptolemy.util.test.junit.AutoTests" name="[393] /home/travis/build/icyphy/ptII/ptolemy/actor/lib/test/auto/UtilityFunctions.xml (RunModel)" time="0.03" />
  <testcase classname="ptolemy.util.test.junit.AutoTests" name="[394] /home/travis/build/icyphy/ptII/ptolemy/actor/lib/test/auto/VariableSleep.xml (RunModel)" time="0.524" />
  <testcase classname="ptolemy.util.test.junit.AutoTests" name="[395] /home/travis/build/icyphy/ptII/ptolemy/actor/lib/test/auto/VectorAssemblerDisassemblerCT.xml (RunModel)" time="0.112" />
  <testcase classname="ptolemy.util.test.junit.AutoTests" name="[396] /home/travis/build/icyphy/ptII/ptolemy/actor/lib/test/auto/VectorAssemblerDisassemblerDE.xml (RunModel)" time="0.013" />
  <testcase classname="ptolemy.util.test.junit.AutoTests" name="[397] /home/travis/build/icyphy/ptII/ptolemy/actor/lib/test/auto/VectorAssemblerDisassemblerSDF.xml (RunModel)" time="0.013" />
  <testcase classname="ptolemy.util.test.junit.AutoTests" name="[398] /home/travis/build/icyphy/ptII/ptolemy/actor/lib/test/auto/WallClockTime.xml (RunModel)" time="1.015" />
  <testcase classname="ptolemy.util.test.junit.AutoTests" name="[399] /home/travis/build/icyphy/ptII/ptolemy/actor/lib/test/auto/WidthTestWithSubscriberPublisher.xml (RunModel)" time="0.038" />
  <testcase classname="ptolemy.util.test.junit.AutoTests" name="[400] /home/travis/build/icyphy/ptII/ptolemy/actor/lib/test/auto/WidthTestWithSubscriberPublisher2.xml (RunModel)" time="0.014" />
  <testcase classname="ptolemy.util.test.junit.AutoTests" name="[401] /home/travis/build/icyphy/ptII/ptolemy/actor/lib/test/auto/WidthTestWithSubscriberPublisher3.xml (RunModel)" time="0.027" />
  <testcase classname="ptolemy.util.test.junit.AutoTests" name="[402] /home/travis/build/icyphy/ptII/ptolemy/actor/lib/test/auto/Writer.xml (RunModel)" time="0.007" />
  <testcase classname="ptolemy.util.test.junit.AutoTests" name="[403] /home/travis/build/icyphy/ptII/ptolemy/actor/lib/test/auto/array.xml (RunModel)" time="0.009" />
  <testcase classname="ptolemy.util.test.junit.AutoTests" name="[404] /home/travis/build/icyphy/ptII/ptolemy/actor/lib/test/auto/array2.xml (RunModel)" time="0.015" />
  <testcase classname="ptolemy.util.test.junit.AutoTests" name="[405] /home/travis/build/icyphy/ptII/ptolemy/actor/lib/test/auto/arrayType.xml (RunModel)" time="0.009" />
  <testcase classname="ptolemy.util.test.junit.AutoTests" name="[406] /home/travis/build/icyphy/ptII/ptolemy/actor/lib/test/auto/arrayType10.xml (RunModel)" time="0.009" />
  <testcase classname="ptolemy.util.test.junit.AutoTests" name="[407] /home/travis/build/icyphy/ptII/ptolemy/actor/lib/test/auto/arrayType11.xml (RunModel)" time="0.008" />
  <testcase classname="ptolemy.util.test.junit.AutoTests" name="[408] /home/travis/build/icyphy/ptII/ptolemy/actor/lib/test/auto/arrayType12.xml (RunModel)" time="0.009" />
  <testcase classname="ptolemy.util.test.junit.AutoTests" name="[409] /home/travis/build/icyphy/ptII/ptolemy/actor/lib/test/auto/arrayType13.xml (RunModel)" time="0.009" />
  <testcase classname="ptolemy.util.test.junit.AutoTests" name="[410] /home/travis/build/icyphy/ptII/ptolemy/actor/lib/test/auto/arrayType14.xml (RunModel)" time="0.01" />
  <testcase classname="ptolemy.util.test.junit.AutoTests" name="[411] /home/travis/build/icyphy/ptII/ptolemy/actor/lib/test/auto/arrayType15.xml (RunModel)" time="0.009" />
  <testcase classname="ptolemy.util.test.junit.AutoTests" name="[412] /home/travis/build/icyphy/ptII/ptolemy/actor/lib/test/auto/arrayType16.xml (RunModel)" time="0.009" />
  <testcase classname="ptolemy.util.test.junit.AutoTests" name="[413] /home/travis/build/icyphy/ptII/ptolemy/actor/lib/test/auto/arrayType17.xml (RunModel)" time="0.008" />
  <testcase classname="ptolemy.util.test.junit.AutoTests" name="[414] /home/travis/build/icyphy/ptII/ptolemy/actor/lib/test/auto/arrayType18.xml (RunModel)" time="0.008" />
  <testcase classname="ptolemy.util.test.junit.AutoTests" name="[415] /home/travis/build/icyphy/ptII/ptolemy/actor/lib/test/auto/arrayType19.xml (RunModel)" time="0.009" />
  <testcase classname="ptolemy.util.test.junit.AutoTests" name="[416] /home/travis/build/icyphy/ptII/ptolemy/actor/lib/test/auto/arrayType2.xml (RunModel)" time="0.01" />
  <testcase classname="ptolemy.util.test.junit.AutoTests" name="[417] /home/travis/build/icyphy/ptII/ptolemy/actor/lib/test/auto/arrayType20.xml (RunModel)" time="0.009" />
  <testcase classname="ptolemy.util.test.junit.AutoTests" name="[418] /home/travis/build/icyphy/ptII/ptolemy/actor/lib/test/auto/arrayType21.xml (RunModel)" time="0.008" />
  <testcase classname="ptolemy.util.test.junit.AutoTests" name="[419] /home/travis/build/icyphy/ptII/ptolemy/actor/lib/test/auto/arrayType22.xml (RunModel)" time="0.007" />
  <testcase classname="ptolemy.util.test.junit.AutoTests" name="[420] /home/travis/build/icyphy/ptII/ptolemy/actor/lib/test/auto/arrayType23.xml (RunModel)" time="0.007" />
  <testcase classname="ptolemy.util.test.junit.AutoTests" name="[421] /home/travis/build/icyphy/ptII/ptolemy/actor/lib/test/auto/arrayType24.xml (RunModel)" time="0.008" />
  <testcase classname="ptolemy.util.test.junit.AutoTests" name="[422] /home/travis/build/icyphy/ptII/ptolemy/actor/lib/test/auto/arrayType25.xml (RunModel)" time="0.008" />
  <testcase classname="ptolemy.util.test.junit.AutoTests" name="[423] /home/travis/build/icyphy/ptII/ptolemy/actor/lib/test/auto/arrayType26.xml (RunModel)" time="0.008" />
  <testcase classname="ptolemy.util.test.junit.AutoTests" name="[424] /home/travis/build/icyphy/ptII/ptolemy/actor/lib/test/auto/arrayType27.xml (RunModel)" time="0.01" />
  <testcase classname="ptolemy.util.test.junit.AutoTests" name="[425] /home/travis/build/icyphy/ptII/ptolemy/actor/lib/test/auto/arrayType28.xml (RunModel)" time="0.009" />
  <testcase classname="ptolemy.util.test.junit.AutoTests" name="[426] /home/travis/build/icyphy/ptII/ptolemy/actor/lib/test/auto/arrayType3.xml (RunModel)" time="0.008" />
  <testcase classname="ptolemy.util.test.junit.AutoTests" name="[427] /home/travis/build/icyphy/ptII/ptolemy/actor/lib/test/auto/arrayType4.xml (RunModel)" time="0.007" />
  <testcase classname="ptolemy.util.test.junit.AutoTests" name="[428] /home/travis/build/icyphy/ptII/ptolemy/actor/lib/test/auto/arrayType5.xml (RunModel)" time="0.01" />
  <testcase classname="ptolemy.util.test.junit.AutoTests" name="[429] /home/travis/build/icyphy/ptII/ptolemy/actor/lib/test/auto/arrayType6.xml (RunModel)" time="0.007" />
  <testcase classname="ptolemy.util.test.junit.AutoTests" name="[430] /home/travis/build/icyphy/ptII/ptolemy/actor/lib/test/auto/arrayType7.xml (RunModel)" time="0.01" />
  <testcase classname="ptolemy.util.test.junit.AutoTests" name="[431] /home/travis/build/icyphy/ptII/ptolemy/actor/lib/test/auto/arrayType8.xml (RunModel)" time="0.009" />
  <testcase classname="ptolemy.util.test.junit.AutoTests" name="[432] /home/travis/build/icyphy/ptII/ptolemy/actor/lib/test/auto/arrayType9.xml (RunModel)" time="0.019" />
  <testcase classname="ptolemy.util.test.junit.AutoTests" name="[433] /home/travis/build/icyphy/ptII/ptolemy/actor/lib/test/auto/cast.xml (RunModel)" time="0.008" />
  <testcase classname="ptolemy.util.test.junit.AutoTests" name="[434] /home/travis/build/icyphy/ptII/ptolemy/actor/lib/test/auto/compositeMultiPort.xml (RunModel)" time="0.017" />
  <testcase classname="ptolemy.util.test.junit.AutoTests" name="[435] /home/travis/build/icyphy/ptII/ptolemy/actor/lib/test/auto/expressionCastInference.xml (RunModel)" time="0.008" />
  <testcase classname="ptolemy.util.test.junit.AutoTests" name="[436] /home/travis/build/icyphy/ptII/ptolemy/actor/lib/test/auto/expressionCastInference2.xml (RunModel)" time="0.007" />
  <testcase classname="ptolemy.util.test.junit.AutoTests" name="[437] /home/travis/build/icyphy/ptII/ptolemy/actor/lib/test/auto/expressionInference.xml (RunModel)" time="0.007" />
  <testcase classname="ptolemy.util.test.junit.AutoTests" name="[438] /home/travis/build/icyphy/ptII/ptolemy/actor/lib/test/auto/expression_bug.xml (RunModel)" time="0.007" />
  <testcase classname="ptolemy.util.test.junit.AutoTests" name="[439] /home/travis/build/icyphy/ptII/ptolemy/actor/lib/test/auto/factorial.xml (RunModel)" time="0.052" />
  <testcase classname="ptolemy.util.test.junit.AutoTests" name="[440] /home/travis/build/icyphy/ptII/ptolemy/actor/lib/test/auto/filterTest1.xml (RunModel)" time="0.012" />
  <testcase classname="ptolemy.util.test.junit.AutoTests" name="[441] /home/travis/build/icyphy/ptII/ptolemy/actor/lib/test/auto/funcApplyInConst.xml (RunModel)" time="0.006" />
  <testcase classname="ptolemy.util.test.junit.AutoTests" name="[442] /home/travis/build/icyphy/ptII/ptolemy/actor/lib/test/auto/funcApplyInExpr.xml (RunModel)" time="0.005" />
  <testcase classname="ptolemy.util.test.junit.AutoTests" name="[443] /home/travis/build/icyphy/ptII/ptolemy/actor/lib/test/auto/function.xml (RunModel)" time="0.029" />
  <testcase classname="ptolemy.util.test.junit.AutoTests" name="[444] /home/travis/build/icyphy/ptII/ptolemy/actor/lib/test/auto/function2.xml (RunModel)" time="0.016" />
  <testcase classname="ptolemy.util.test.junit.AutoTests" name="[445] /home/travis/build/icyphy/ptII/ptolemy/actor/lib/test/auto/function3.xml (RunModel)" time="0.006" />
  <testcase classname="ptolemy.util.test.junit.AutoTests" name="[446] /home/travis/build/icyphy/ptII/ptolemy/actor/lib/test/auto/functionClosureTest1.xml (RunModel)" time="0.009" />
  <testcase classname="ptolemy.util.test.junit.AutoTests" name="[447] /home/travis/build/icyphy/ptII/ptolemy/actor/lib/test/auto/functionClosureTest2.xml (RunModel)" time="0.006" />
  <testcase classname="ptolemy.util.test.junit.AutoTests" name="[448] /home/travis/build/icyphy/ptII/ptolemy/actor/lib/test/auto/functionClosureTest3.xml (RunModel)" time="0.009" />
  <testcase classname="ptolemy.util.test.junit.AutoTests" name="[449] /home/travis/build/icyphy/ptII/ptolemy/actor/lib/test/auto/functionClosureTest4.xml (RunModel)" time="0.021" />
  <testcase classname="ptolemy.util.test.junit.AutoTests" name="[450] /home/travis/build/icyphy/ptII/ptolemy/actor/lib/test/auto/functionClosureTest5.xml (RunModel)" time="0.012" />
  <testcase classname="ptolemy.util.test.junit.AutoTests" name="[451] /home/travis/build/icyphy/ptII/ptolemy/actor/lib/test/auto/functionClosureTest6.xml (RunModel)" time="0.011" />
  <testcase classname="ptolemy.util.test.junit.AutoTests" name="[452] /home/travis/build/icyphy/ptII/ptolemy/actor/lib/test/auto/functionsOnArcs.xml (RunModel)" time="0.008" />
  <testcase classname="ptolemy.util.test.junit.AutoTests" name="[453] /home/travis/build/icyphy/ptII/ptolemy/actor/lib/test/auto/functionsOnArcsHOF.xml (RunModel)" time="0.012" />
  <testcase classname="ptolemy.util.test.junit.AutoTests" name="[454] /home/travis/build/icyphy/ptII/ptolemy/actor/lib/test/auto/logic.xml (RunModel)" time="0.015" />
  <testcase classname="ptolemy.util.test.junit.AutoTests" name="[455] /home/travis/build/icyphy/ptII/ptolemy/actor/lib/test/auto/matrixType.xml (RunModel)" time="0.008" />
  <testcase classname="ptolemy.util.test.junit.AutoTests" name="[456] /home/travis/build/icyphy/ptII/ptolemy/actor/lib/test/auto/matrixType10.xml (RunModel)" time="0.009" />
  <testcase classname="ptolemy.util.test.junit.AutoTests" name="[457] /home/travis/build/icyphy/ptII/ptolemy/actor/lib/test/auto/matrixType11.xml (RunModel)" time="0.008" />
  <testcase classname="ptolemy.util.test.junit.AutoTests" name="[458] /home/travis/build/icyphy/ptII/ptolemy/actor/lib/test/auto/matrixType12.xml (RunModel)" time="0.011" />
  <testcase classname="ptolemy.util.test.junit.AutoTests" name="[459] /home/travis/build/icyphy/ptII/ptolemy/actor/lib/test/auto/matrixType13.xml (RunModel)" time="0.008" />
  <testcase classname="ptolemy.util.test.junit.AutoTests" name="[460] /home/travis/build/icyphy/ptII/ptolemy/actor/lib/test/auto/matrixType14.xml (RunModel)" time="0.011" />
  <testcase classname="ptolemy.util.test.junit.AutoTests" name="[461] /home/travis/build/icyphy/ptII/ptolemy/actor/lib/test/auto/matrixType2.xml (RunModel)" time="0.008" />
  <testcase classname="ptolemy.util.test.junit.AutoTests" name="[462] /home/travis/build/icyphy/ptII/ptolemy/actor/lib/test/auto/matrixType3.xml (RunModel)" time="0.01" />
  <testcase classname="ptolemy.util.test.junit.AutoTests" name="[463] /home/travis/build/icyphy/ptII/ptolemy/actor/lib/test/auto/matrixType4.xml (RunModel)" time="0.008" />
  <testcase classname="ptolemy.util.test.junit.AutoTests" name="[464] /home/travis/build/icyphy/ptII/ptolemy/actor/lib/test/auto/matrixType5.xml (RunModel)" time="0.008" />
  <testcase classname="ptolemy.util.test.junit.AutoTests" name="[465] /home/travis/build/icyphy/ptII/ptolemy/actor/lib/test/auto/matrixType6.xml (RunModel)" time="0.009" />
  <testcase classname="ptolemy.util.test.junit.AutoTests" name="[466] /home/travis/build/icyphy/ptII/ptolemy/actor/lib/test/auto/matrixType7.xml (RunModel)" time="0.008" />
  <testcase classname="ptolemy.util.test.junit.AutoTests" name="[467] /home/travis/build/icyphy/ptII/ptolemy/actor/lib/test/auto/matrixType8.xml (RunModel)" time="0.008" />
  <testcase classname="ptolemy.util.test.junit.AutoTests" name="[468] /home/travis/build/icyphy/ptII/ptolemy/actor/lib/test/auto/matrixType9.xml (RunModel)" time="0.008" />
  <testcase classname="ptolemy.util.test.junit.AutoTests" name="[469] /home/travis/build/icyphy/ptII/ptolemy/actor/lib/test/auto/paraFunctest.xml (RunModel)" time="0.007" />
  <testcase classname="ptolemy.util.test.junit.AutoTests" name="[470] /home/travis/build/icyphy/ptII/ptolemy/actor/lib/test/auto/paraFunctest2.xml (RunModel)" time="0.009" />
  <testcase classname="ptolemy.util.test.junit.AutoTests" name="[471] /home/travis/build/icyphy/ptII/ptolemy/actor/lib/test/auto/parameterPassing.xml (RunModel)" time="0.01" />
  <testcase classname="ptolemy.util.test.junit.AutoTests" name="[472] /home/travis/build/icyphy/ptII/ptolemy/actor/lib/test/auto/record.xml (RunModel)" time="0.008" />
  <testcase classname="ptolemy.util.test.junit.AutoTests" name="[473] /home/travis/build/icyphy/ptII/ptolemy/actor/lib/test/auto/sizedarray1.xml (RunModel)" time="0.008" />
  <testcase classname="ptolemy.util.test.junit.AutoTests" name="[474] /home/travis/build/icyphy/ptII/ptolemy/actor/lib/test/auto/sizedarray2.xml (RunModel)" time="0.009" />
  <testcase classname="ptolemy.util.test.junit.AutoTests" name="[475] /home/travis/build/icyphy/ptII/ptolemy/actor/lib/test/auto/twoPublishers.xml (RunModel)" time="0.02" />
  <system-out><![CDATA[/home/travis/build/icyphy/ptII/ptolemy/actor/lib/test/AbsoluteValue.tcl
testDefs.tcl: setting time out to 9000 seconds at Fri May 17 04:41:52 UTC 2019
81 ms. Memory: 116224K Free: 109649K (94%)
4 ms. Memory: 116224K Free: 108454K (93%)
5 ms. Memory: 116224K Free: 107865K (93%)
4 ms. Memory: 116224K Free: 106685K (92%)
/home/travis/build/icyphy/ptII/ptolemy/actor/lib/test/AddSubtract.tcl
10 ms. Memory: 116224K Free: 104885K (90%)
11 ms. Memory: 116224K Free: 104255K (90%)
5 ms. Memory: 116224K Free: 103077K (89%)
13 ms. Memory: 116224K Free: 102471K (88%)
9 ms. Memory: 116224K Free: 101882K (88%)
6 ms. Memory: 116224K Free: 100695K (87%)
/home/travis/build/icyphy/ptII/ptolemy/actor/lib/test/Average.tcl
14 ms. Memory: 116224K Free: 99509K (86%)
5 ms. Memory: 116224K Free: 97701K (84%)
/home/travis/build/icyphy/ptII/ptolemy/actor/lib/test/Bernoulli.tcl
4 ms. Memory: 116224K Free: 96498K (83%)
1 ms. Memory: 116224K Free: 95893K (83%)
/home/travis/build/icyphy/ptII/ptolemy/actor/lib/test/Clock.tcl
preinitializing
resolving types
initializing
executing number 1
wrapping up
idle
11 ms. Memory: 116224K Free: 93487K (80%)
Completed execution with 5 iterations
preinitializing
resolving types
initializing
executing number 1
wrapping up
idle
8 ms. Memory: 116224K Free: 92882K (80%)
Completed execution with 5 iterations
preinitializing
resolving types
initializing
executing number 1
wrapping up
idle
3 ms. Memory: 116224K Free: 92277K (79%)
Completed execution with 5 iterations
/home/travis/build/icyphy/ptII/ptolemy/actor/lib/test/Commutator.tcl
12 ms. Memory: 116224K Free: 90476K (78%)
6 ms. Memory: 116224K Free: 89290K (77%)
8 ms. Memory: 116224K Free: 84920K (73%)
/home/travis/build/icyphy/ptII/ptolemy/actor/lib/test/Const.tcl
3 ms. Memory: 116224K Free: 82530K (71%)
3 ms. Memory: 116224K Free: 82530K (71%)
2 ms. Memory: 116224K Free: 81941K (71%)
2 ms. Memory: 116224K Free: 81352K (70%)
15 ms. Memory: 146944K Free: 141619K (96%)
24 ms. Memory: 146944K Free: 139204K (95%)
12 ms. Memory: 146944K Free: 137603K (94%)
3 ms. Memory: 146944K Free: 136401K (93%)
/home/travis/build/icyphy/ptII/ptolemy/actor/lib/test/CurrentTime.tcl
preinitializing
resolving types
initializing
executing number 1
wrapping up
idle
8 ms. Memory: 146944K Free: 135199K (92%)
Completed execution with 11 iterations
/home/travis/build/icyphy/ptII/ptolemy/actor/lib/test/DB.tcl
4 ms. Memory: 146944K Free: 132811K (90%)
2 ms. Memory: 146944K Free: 132811K (90%)
2 ms. Memory: 146944K Free: 131609K (90%)
/home/travis/build/icyphy/ptII/ptolemy/actor/lib/test/DiscreteRandomSource.tcl
preinitializing
resolving types
initializing
executing number 1
wrapping up
idle
10 ms. Memory: 146944K Free: 130423K (89%)
Completed execution with 4 iterations
preinitializing
resolving types
initializing
executing number 1
wrapping up
idle
9 ms. Memory: 146944K Free: 130423K (89%)
Completed execution with 4 iterations
preinitializing
resolving types
initializing
executing number 1
wrapping up
idle
3 ms. Memory: 146944K Free: 129221K (88%)
Completed execution with 4 iterations
preinitializing
resolving types
initializing
executing number 1
wrapping up
idle
3 ms. Memory: 146944K Free: 129221K (88%)
Completed execution with 4 iterations
preinitializing
resolving types
initializing
executing number 1
wrapping up
idle
13 ms. Memory: 146944K Free: 129221K (88%)
Completed execution with 4 iterations
/home/travis/build/icyphy/ptII/ptolemy/actor/lib/test/Distributor.tcl
8 ms. Memory: 146944K Free: 126833K (86%)
3 ms. Memory: 146944K Free: 126833K (86%)
StreamChangeRequest.changeExecuted(): <deleteEntity name="rec2"/> succeeded
StreamChangeRequest.changeExecuted(): <deleteRelation name="r2"/> succeeded
StreamChangeRequest.changeExecuted(): Record firings per iteration succeeded
9 ms. Memory: 146944K Free: 124461K (85%)
/home/travis/build/icyphy/ptII/ptolemy/actor/lib/test/Exit.tcl
Exit.tcl: this will print a message about Manager.exitAfterWrapup, which can be ignored.
5 ms. Memory: 146944K Free: 120272K (82%)
/home/travis/build/icyphy/ptII/ptolemy/actor/lib/test/Expression.tcl
5 ms. Memory: 146944K Free: 117842K (80%)
3 ms. Memory: 146944K Free: 116640K (79%)
3 ms. Memory: 146944K Free: 116640K (79%)
preinitializing
resolving types
initializing
executing number 1
wrapping up
idle
5 ms. Memory: 146944K Free: 114252K (78%)
Completed execution with 6 iterations
5 ms. Memory: 146944K Free: 114252K (78%)
2 ms. Memory: 146944K Free: 113066K (77%)
5 ms. Memory: 146944K Free: 111864K (76%)
3 ms. Memory: 146944K Free: 109449K (74%)
3 ms. Memory: 146944K Free: 108247K (74%)
/home/travis/build/icyphy/ptII/ptolemy/actor/lib/test/Gaussian.tcl
4 ms. Memory: 146944K Free: 105859K (72%)
sleeping 1 seconds: ................................................................................................................................................................................................................................................................................................................................................................................................................................................................................................................................................................................................................................................................................................................................................................................................................................................................................................................................................................................................................................................................................................................................................................................................................................................................................................................................................................................................................................................................................................................................................................................................................................................................................................................................................................................................................................................................................................................................................................................................................................................................................................................................................................................................................................................................................................................................................................................................................................................................................................................................................................................................................................................................................................................................................................................................................................................................................................................................................................................................................................................................................................................................................................................................................................................................................................................................................................................................................................................................................................................................................................................................................................................................................................................................................................................................................................................................................................................................................................................................................................................................................................................................................................................................................................................................................................................................................................................................................................................................................................................................................................................................................................................................................................................................................................................................................................................................................................................................................................................................................................................................................................................................................................................................................................................................................................................................................................................................................................................................................................................................................................................................................................................................................................................................................................................................................................................................................................................................................................................................................................................................................................................................................................................................................................................................................................................................................................................................................................................................................................................................................................................................................................................................................................................................................................................................................................................................................................................................................................................................................................................................................................................................................................................................................................................................................................................................................................................................................................................................................................................................................................................................................................................................................................................................................................................................................................................................................................................................................................................................................................................................................................................................................................................................................................................................................................................................................................................................................................................................................................................................................................................................................................................................................................................................................................................................................................................................................................................................................................................................................................................................................................................................................................................................................................................................................................................................................................................................................................................................................................................................................................................................................................................................................................................................................................................................................................................................................................................................................................................................................................................................................................................................................................................................................................................................................................................................................................................................................................................................................................................................................................................................................................................................................................................................................................................................................................................................................................................................................................................................................................................................................................................................................................................................................................................................................................................................................................................................................................................................................................................................................................................................................................................................................................................................................................................................................................................................................................................................................................................................................................................................................................................................................................................................................................................................................................................................................................................................................................................................................................................................................................................................................................................................................................................................................................................................................................................................................................................................................................................................................................................................................................................................................................................................................................................................................................................................................................................................................................................................................................................................................................................................................................................................................................................................................................................................................................................................................................................................................................................................................................................................................................................................................................................................................................................................................................................................................................................................................................................................................................................................................................................................................................................................................................................................................................................................................................................................................................................................................................................................................................................................................................................................................................................................................................................................................................................................................................................................................................................................................................................................................................................................................................................................................................................................................................................................................................................................................................................................................................................................................................................................................................................................................................................................................................................................................................................................................................................................................................................................................................................................................................................................................................................................................................................................................................................................................................................................................................................................................................................................................................................................................................................................................................................................................................................................................................................................................................................................................................................................................................................................................................................................................................................................................................................................................................................................................................................................................................................................................................................................................................................................................................................................................................................................................................................................................................................................................................................................................................................................................................................................................................................................................................................................................................................................................................................................................................................................................................................................................................................................................................................................................................................................................................................................................................................................................................................................................................................................................................................................................................................................................................................................................................................................................................................................................................................................................................................................................................................................................................................................................................................................................................................................................................................................................................................................................................................................................................................................................................................................................................................................................................................................................................................................................................................................................................................................................................................................................................................................................................................................................................................................................................................................................................................................................................................................................................................................................................................................................................................................................................................................................................................................................................................................................................................................................................................................................................................................................................................................................................................................................................................................................................................................................................................................................................................................................................................................................................................................................................................................................................................................................................................................................................................................................................................................................................................................................................................................................................................................................................................................................................................................................................................................................................................................................................................................................................................................................................................................................................................................................................................................................................................................................................................................................................................................................................................................................................................................................................................................................................................................................................................................................................................................................................................................................................................................................................................................................................................................................................................................................................................................................................................................................................................................................................................................................................................................................................................................................................................................................................................................................................................................................................................................................................................................................................................................................................................................................................................................................................................................................................................................................................................................................................................................................................................................................................................................................................................................................................................................................................................................................................................................................................................................................................................................................................................................................................................................................................................................................................................................................................................................................................................................................................................6 ms. Memory: 208384K Free: 179383K (86%)
5 ms. Memory: 208384K Free: 178863K (86%)
2 ms. Memory: 208384K Free: 178863K (86%)
6 ms. Memory: 208384K Free: 178863K (86%)
2 ms. Memory: 208384K Free: 176465K (85%)
/home/travis/build/icyphy/ptII/ptolemy/actor/lib/test/IIR.tcl
/home/travis/build/icyphy/ptII/ptolemy/actor/lib/test/Interpolator.tcl
5 ms. Memory: 208384K Free: 174067K (84%)
4 ms. Memory: 208384K Free: 171668K (82%)
4 ms. Memory: 208384K Free: 171668K (82%)
6 ms. Memory: 208384K Free: 171668K (82%)
2 ms. Memory: 208384K Free: 171668K (82%)
5 ms. Memory: 208384K Free: 169270K (81%)
10 ms. Memory: 208384K Free: 169270K (81%)
2 ms. Memory: 208384K Free: 166872K (80%)
4 ms. Memory: 208384K Free: 166872K (80%)
2 ms. Memory: 208384K Free: 166872K (80%)
/home/travis/build/icyphy/ptII/ptolemy/actor/lib/test/MathFunction.tcl
6 ms. Memory: 208384K Free: 164473K (79%)
10 ms. Memory: 208384K Free: 162075K (78%)
2 ms. Memory: 208384K Free: 162075K (78%)
2 ms. Memory: 208384K Free: 162075K (78%)
10 ms. Memory: 208384K Free: 159677K (77%)
6 ms. Memory: 208384K Free: 157278K (75%)
/home/travis/build/icyphy/ptII/ptolemy/actor/lib/test/Maximum.tcl
5 ms. Memory: 208384K Free: 154880K (74%)
2 ms. Memory: 208384K Free: 154880K (74%)
2 ms. Memory: 208384K Free: 154880K (74%)
2 ms. Memory: 208384K Free: 154880K (74%)
/home/travis/build/icyphy/ptII/ptolemy/actor/lib/test/Minimum.tcl
3 ms. Memory: 208384K Free: 152482K (73%)
1 ms. Memory: 208384K Free: 152482K (73%)
2 ms. Memory: 208384K Free: 150083K (72%)
2 ms. Memory: 208384K Free: 150083K (72%)
/home/travis/build/icyphy/ptII/ptolemy/actor/lib/test/MultiplyDivide.tcl
5 ms. Memory: 208384K Free: 147685K (71%)
7 ms. Memory: 208384K Free: 147685K (71%)
6 ms. Memory: 208384K Free: 147685K (71%)
6 ms. Memory: 208384K Free: 145287K (70%)
6 ms. Memory: 208384K Free: 145287K (70%)
/home/travis/build/icyphy/ptII/ptolemy/actor/lib/test/OrderedMerge.tcl
Connections changed on port: inputA
Connections changed on port: inputB
Connections changed on port: output
Connections changed on port: output
Connections changed on port: output
Connections changed on port: input
.top. Preinitializing ...
Invoking preinitialize():  .top.OrderedMerge
Called preinitialize()
Invoking preinitialize():  .top.Ramp
Called preinitialize()
Invoking preinitialize():  .top.Ramp2
Called preinitialize()
Invoking preinitialize():  .top.Test
Called preinitialize()
Connections changed on port: inputA
Connections changed on port: output
Connections changed on port: inputB
Connections changed on port: output
Connections changed on port: output
Connections changed on port: input
.top. Finished preinitialize().
Called initialize().
Invoking initialize():  .top.OrderedMerge
Initializing actor: .top.OrderedMerge
Adding a thread: .top.OrderedMerge
Invoking initialize():  .top.Ramp
Initializing actor: .top.Ramp
Adding a thread: .top.Ramp
Invoking initialize():  .top.Ramp2
Initializing actor: .top.Ramp2
Adding a thread: .top.Ramp2
Invoking initialize():  .top.Test
Initializing actor: .top.Test
Adding a thread: .top.Test
-- Starting thread.
Called initialize()
Called prefire()
Called fire()
-- Starting thread.
Called initialize()
Called prefire()
Called fire()
Called postfire()
Called prefire()
Called fire()
-- Starting thread.
Called initialize()
Called prefire()
Called fire()
Called fire().
Checking for deadlock:
There are 2 Blocked actors, 0 Stopped actors, and 4 active threads.
Waiting for actors to stop.
Called postfire()
Called prefire()
Called fire()
Checking for deadlock:
There are 3 Blocked actors, 0 Stopped actors, and 4 active threads.
Waiting for actors to stop.
-- Starting thread.
Called initialize()
Called prefire()
Called fire()
Checking for deadlock:
There are 2 Blocked actors, 0 Stopped actors, and 4 active threads.
Waiting for actors to stop.
Read input token from inputA with value 0.0
Next port to read input from is inputB
Called postfire()
Called prefire()
Called fire()
Read input token from inputB with value 0.0
Checking for deadlock:
There are 1 Blocked actors, 0 Stopped actors, and 4 active threads.
Waiting for actors to stop.
Called postfire()
Called prefire()
Called fire()
Called postfire()
Called prefire()
Called fire()
Sent output token with value 0.0
-- Read input: 0.0, which is expected to match: 0.0
Checking for deadlock:
There are 2 Blocked actors, 0 Stopped actors, and 4 active threads.
Waiting for actors to stop.
Next port to read input from is inputA
Called postfire()
Called prefire()
Called fire()
Checking for deadlock:
There are 1 Blocked actors, 0 Stopped actors, and 4 active threads.
Waiting for actors to stop.
Read input token from inputA with value 1.0
Sent output token with value 0.0
Next port to read input from is inputB
Called postfire()
Called prefire()
Called fire()
Called postfire()
Called prefire()
Called fire()
-- Read input: 0.0, which is expected to match: 0.0
Called prefire()
Called prefire()
Called fire()
Called fire()
Checking for deadlock:
There are 2 Blocked actors, 0 Stopped actors, and 4 active threads.
Read input token from inputB with value 1.5
Waiting for actors to stop.
Called postfire()
Called prefire()
Called fire()
Checking for deadlock:
There are 3 Blocked actors, 0 Stopped actors, and 4 active threads.
Waiting for actors to stop.
Sent output token with value 1.0
Next port to read input from is inputA
Called postfire()
Called prefire()
Called fire()
Read input token from inputA with value 2.0
Called postfire()
Called prefire()
Called fire()
-- Read input: 1.0, which is expected to match: 1.0
Called prefire()
Called fire()
Checking for deadlock:
There are 3 Blocked actors, 0 Stopped actors, and 4 active threads.
Waiting for actors to stop.
Sent output token with value 1.5
Next port to read input from is inputB
Called postfire()
Called prefire()
Called fire()
Read input token from inputB with value 3.0
Checking for deadlock:
There are 2 Blocked actors, 0 Stopped actors, and 4 active threads.
Waiting for actors to stop.
Called postfire()
Called prefire()
Called fire()
-- Read input: 1.5, which is expected to match: 1.5
Called prefire()
Called fire()
Checking for deadlock:
There are 3 Blocked actors, 0 Stopped actors, and 4 active threads.
Waiting for actors to stop.
Sent output token with value 2.0
Next port to read input from is inputA
Called postfire()
Called prefire()
Called fire()
Read input token from inputA with value 3.0
Checking for deadlock:
There are 2 Blocked actors, 0 Stopped actors, and 4 active threads.
Waiting for actors to stop.
Called postfire()
-- Read input: 2.0, which is expected to match: 2.0
Called prefire()
Called fire()
Called prefire()
Called fire()
Checking for deadlock:
There are 3 Blocked actors, 0 Stopped actors, and 4 active threads.
Waiting for actors to stop.
Sent output token with value 3.0
Next port to read input from is inputB
Called postfire()
Called prefire()
Called fire()
Read input token from inputB with value 4.5
Checking for deadlock:
There are 2 Blocked actors, 0 Stopped actors, and 4 active threads.
Waiting for actors to stop.
Called postfire()
Called prefire()
Called fire()
-- Read input: 3.0, which is expected to match: 3.0
Called prefire()
Called fire()
Checking for deadlock:
There are 3 Blocked actors, 0 Stopped actors, and 4 active threads.
Waiting for actors to stop.
Sent output token with value 3.0
Next port to read input from is inputA
Called postfire()
Called prefire()
Called fire()
Read input token from inputA with value 4.0
Checking for deadlock:
There are 2 Blocked actors, 0 Stopped actors, and 4 active threads.
Waiting for actors to stop.
Called postfire()
Called prefire()
Called fire()
-- Read input: 3.0, which is expected to match: 3.0
Called prefire()
Called fire()
Checking for deadlock:
There are 3 Blocked actors, 0 Stopped actors, and 4 active threads.
Waiting for actors to stop.
Sent output token with value 4.0
Next port to read input from is inputA
Called postfire()
Called prefire()
Called fire()
Read input token from inputA with value 5.0
Checking for deadlock:
There are 2 Blocked actors, 0 Stopped actors, and 4 active threads.
Waiting for actors to stop.
Called postfire()
Called prefire()
Called fire()
-- Read input: 4.0, which is expected to match: 4.0
Called prefire()
Called fire()
Past the end of training data. Read and discard all inputs.
Checking for deadlock:
There are 3 Blocked actors, 0 Stopped actors, and 4 active threads.
Waiting for actors to stop.
Sent output token with value 4.5
Next port to read input from is inputB
Called postfire()
Called prefire()
Called fire()
Read input token from inputB with value 6.0
Called postfire()
Called prefire()
Called fire()
Checking for deadlock:
There are 3 Blocked actors, 0 Stopped actors, and 4 active threads.
Waiting for actors to stop.
Called prefire()
Called fire()
Past the end of training data. Read and discard all inputs.
Sent output token with value 5.0
Next port to read input from is inputA
Called postfire()
Called prefire()
Called fire()
Read input token from inputA with value 6.0
Checking for deadlock:
There are 2 Blocked actors, 0 Stopped actors, and 4 active threads.
Waiting for actors to stop.
Called prefire()
Called fire()
Past the end of training data. Read and discard all inputs.
Checking for deadlock:
There are 2 Blocked actors, 0 Stopped actors, and 4 active threads.
Waiting for actors to stop.
Called postfire()
Called prefire()
Called fire()
Checking for deadlock:
There are 3 Blocked actors, 0 Stopped actors, and 4 active threads.
Waiting for actors to stop.
Called prefire()
Sent output token with value 6.0
Called fire()
Past the end of training data. Read and discard all inputs.
Checking for deadlock:
There are 3 Blocked actors, 0 Stopped actors, and 4 active threads.
Next port to read input from is inputB
Waiting for actors to stop.
Called postfire()
Called prefire()
Called fire()
Read input token from inputB with value 7.5
Sent output token with value 6.0
Next port to read input from is inputA
Called postfire()
Called prefire()
Called fire()
Read input token from inputA with value 7.0
Checking for deadlock:
There are 1 Blocked actors, 0 Stopped actors, and 4 active threads.
Waiting for actors to stop.
Called prefire()
Called fire()
Called postfire()
Past the end of training data. Read and discard all inputs.
Called prefire()
Called fire()
Checking for deadlock:
There are 1 Blocked actors, 0 Stopped actors, and 4 active threads.
Waiting for actors to stop.
Sent output token with value 7.0
Next port to read input from is inputA
Called postfire()
Checking for deadlock:
There are 0 Blocked actors, 0 Stopped actors, and 4 active threads.
Waiting for actors to stop.
Called postfire()
Called prefire()
Called prefire()
Called fire()
Called fire()
Past the end of training data. Read and discard all inputs.
Checking for deadlock:
Called prefire()
There are 3 Blocked actors, 0 Stopped actors, and 4 active threads.
Waiting for actors to stop.
Called fire()
Read input token from inputA with value 8.0
Sent output token with value 7.5
Next port to read input from is inputB
Called postfire()
Called prefire()
Called fire()
Read input token from inputB with value 9.0
Checking for deadlock:
There are 1 Blocked actors, 0 Stopped actors, and 4 active threads.
Waiting for actors to stop.
-- Thread wrapup() called.
Called prefire()
Called wrapup()
Called fire()
Past the end of training data. Read and discard all inputs.
Thread .top.Ramp is exiting.
-- Thread stopped.
Called postfire()
Called prefire()
Called fire()
Checking for deadlock:
There are 2 Blocked actors, 0 Stopped actors, and 3 active threads.
Waiting for actors to stop.
Checking for deadlock:
There are 1 Blocked actors, 0 Stopped actors, and 3 active threads.
Waiting for actors to stop.
Called prefire()
Sent output token with value 8.0
Called fire()
Past the end of training data. Read and discard all inputs.
Checking for deadlock:
There are 2 Blocked actors, 0 Stopped actors, and 3 active threads.
Next port to read input from is inputA
Waiting for actors to stop.
Called postfire()
Called prefire()
Called fire()
Read input token from inputA with value 9.0
Checking for deadlock:
There are 1 Blocked actors, 0 Stopped actors, and 3 active threads.
Waiting for actors to stop.
Sent output token with value 9.0
Called prefire()
Called fire()
Past the end of training data. Read and discard all inputs.
Checking for deadlock:
There are 2 Blocked actors, 0 Stopped actors, and 3 active threads.
Waiting for actors to stop.
Next port to read input from is inputB
Called postfire()
Called prefire()
Called fire()
Checking for deadlock:
Called postfire()
There are 1 Blocked actors, 0 Stopped actors, and 3 active threads.
Waiting for actors to stop.
Called prefire()
Called fire()
Checking for deadlock:
There are 2 Blocked actors, 0 Stopped actors, and 3 active threads.
Waiting for actors to stop.
Read input token from inputB with value 10.5
Checking for deadlock:
There are 1 Blocked actors, 0 Stopped actors, and 3 active threads.
Sent output token with value 9.0
Waiting for actors to stop.
Called prefire()
Called fire()
Past the end of training data. Read and discard all inputs.
Checking for deadlock:
There are 2 Blocked actors, 0 Stopped actors, and 3 active threads.
Waiting for actors to stop.
Next port to read input from is inputA
Called postfire()
Called prefire()
Called fire()
Checking for deadlock:
There are 3 Blocked actors, 0 Stopped actors, and 3 active threads.
Actors have stopped.
Checking for deadlock:
There are 3 Blocked actors, 0 Stopped actors, and 3 active threads.
Deadlock detected.
Resolving Deadlock
Checking for deadlock:
There are 3 Blocked actors, 0 Stopped actors, and 3 active threads.
Artificial Deadlock - increasing queue capacity.
increasing the capacity of receiver ptolemy.actor.TypedIOPort {.top.OrderedMerge.inputB} to 2
Director: Called postfire().
Called postfire().
_stopRequested = false
_stopFireRequested = false
Returning from postfire(): true
Called fire().
Checking for deadlock:
There are 2 Blocked actors, 0 Stopped actors, and 3 active threads.
Waiting for actors to stop.
-- Thread wrapup() called.
Called wrapup()
Thread .top.Ramp2 is exiting.
-- Thread stopped.
Checking for deadlock:
There are 2 Blocked actors, 0 Stopped actors, and 2 active threads.
Actors have stopped.
Checking for deadlock:
There are 2 Blocked actors, 0 Stopped actors, and 2 active threads.
Deadlock detected.
Resolving Deadlock
Checking for deadlock:
There are 2 Blocked actors, 0 Stopped actors, and 2 active threads.
Deadlock detected: no processes blocked on write, but some are blocked on read.
Called postfire().
_stopRequested = false
_stopFireRequested = false
Returning from postfire(): false
Finished deactivating branches.
Called wrapup().
-- Thread wrapup() called.
Called wrapup()
-- Thread wrapup() called.
Thread .top.OrderedMerge is exiting.
Called wrapup()
-- Thread stopped.
Thread .top.Test is exiting.
-- Blocked Receiver call threw TerminateProcessException.
-- Thread stopped.
-- Blocked Receiver call threw TerminateProcessException.
36 ms. Memory: 208384K Free: 137973K (66%)
.top. Preinitializing ...
Invoking preinitialize():  .top.OrderedMerge
Called preinitialize()
Invoking preinitialize():  .top.Ramp
Called preinitialize()
Invoking preinitialize():  .top.Ramp2
Called preinitialize()
Invoking preinitialize():  .top.Test
Called preinitialize()
.top. Finished preinitialize().
Called initialize().
Invoking initialize():  .top.OrderedMerge
Initializing actor: .top.OrderedMerge
Adding a thread: .top.OrderedMerge
Invoking initialize():  .top.Ramp
Initializing actor: .top.Ramp
Adding a thread: .top.Ramp
Invoking initialize():  .top.Ramp2
Initializing actor: .top.Ramp2
Adding a thread: .top.Ramp2
Invoking initialize():  .top.Test
Initializing actor: .top.Test
Adding a thread: .top.Test
-- Starting thread.
Called initialize()
Called prefire()
Called fire()
-- Starting thread.
Called initialize()
Called prefire()
Called fire()
Called postfire()
Called prefire()
Called fire()
-- Starting thread.
Called initialize()
Called prefire()
Called fire()
Called postfire()
Called prefire()
Called fire()
Called fire().
Checking for deadlock:
There are 3 Blocked actors, 0 Stopped actors, and 4 active threads.
Waiting for actors to stop.
-- Starting thread.
Called initialize()
Called prefire()
Called fire()
Checking for deadlock:
There are 2 Blocked actors, 0 Stopped actors, and 4 active threads.
Waiting for actors to stop.
Called postfire()
Called prefire()
Called fire()
Checking for deadlock:
There are 3 Blocked actors, 0 Stopped actors, and 4 active threads.
Waiting for actors to stop.
Read input token from inputA with value 0.0
Next port to read input from is inputB
Called postfire()
Called prefire()
Called fire()
Checking for deadlock:
There are 2 Blocked actors, 0 Stopped actors, and 4 active threads.
Waiting for actors to stop.
Called postfire()
Called prefire()
Called fire()
Checking for deadlock:
There are 3 Blocked actors, 0 Stopped actors, and 4 active threads.
Waiting for actors to stop.
Read input token from inputB with value 0.0
Checking for deadlock:
There are 2 Blocked actors, 0 Stopped actors, and 4 active threads.
Waiting for actors to stop.
-- Read input: 0.0, which is expected to match: 0.0
Called prefire()
Called fire()
Checking for deadlock:
There are 3 Blocked actors, 0 Stopped actors, and 4 active threads.
Waiting for actors to stop.
Sent output token with value 0.0
Next port to read input from is inputA
Called postfire()
Called prefire()
Called fire()
Checking for deadlock:
There are 2 Blocked actors, 0 Stopped actors, and 4 active threads.
Waiting for actors to stop.
Called postfire()
Called prefire()
Called fire()
Checking for deadlock:
There are 3 Blocked actors, 0 Stopped actors, and 4 active threads.
Waiting for actors to stop.
Read input token from inputA with value 1.0
Checking for deadlock:
There are 2 Blocked actors, 0 Stopped actors, and 4 active threads.
Waiting for actors to stop.
-- Read input: 0.0, which is expected to match: 0.0
Called prefire()
Called fire()
Checking for deadlock:
There are 3 Blocked actors, 0 Stopped actors, and 4 active threads.
Waiting for actors to stop.
Sent output token with value 0.0
Next port to read input from is inputB
Called postfire()
Called prefire()
Called fire()
Checking for deadlock:
There are 2 Blocked actors, 0 Stopped actors, and 4 active threads.
Waiting for actors to stop.
Called postfire()
Called prefire()
Called fire()
Checking for deadlock:
There are 3 Blocked actors, 0 Stopped actors, and 4 active threads.
Waiting for actors to stop.
Read input token from inputB with value 1.5
Checking for deadlock:
There are 2 Blocked actors, 0 Stopped actors, and 4 active threads.
Waiting for actors to stop.
-- Read input: 1.0, which is expected to match: 1.0
Called prefire()
Called fire()
Checking for deadlock:
There are 3 Blocked actors, 0 Stopped actors, and 4 active threads.
Waiting for actors to stop.
Sent output token with value 1.0
Next port to read input from is inputA
Called postfire()
Called prefire()
Called fire()
Checking for deadlock:
There are 2 Blocked actors, 0 Stopped actors, and 4 active threads.
Waiting for actors to stop.
Called postfire()
Called prefire()
Called fire()
Checking for deadlock:
There are 3 Blocked actors, 0 Stopped actors, and 4 active threads.
Waiting for actors to stop.
Read input token from inputA with value 2.0
Checking for deadlock:
There are 2 Blocked actors, 0 Stopped actors, and 4 active threads.
Waiting for actors to stop.
-- Read input: 1.5, which is expected to match: 1.5
Called prefire()
Called fire()
Checking for deadlock:
There are 3 Blocked actors, 0 Stopped actors, and 4 active threads.
Waiting for actors to stop.
Sent output token with value 1.5
Next port to read input from is inputB
Called postfire()
Called prefire()
Called fire()
Checking for deadlock:
There are 2 Blocked actors, 0 Stopped actors, and 4 active threads.
Waiting for actors to stop.
Called postfire()
Called prefire()
Called fire()
Checking for deadlock:
There are 3 Blocked actors, 0 Stopped actors, and 4 active threads.
Waiting for actors to stop.
Read input token from inputB with value 3.0
Checking for deadlock:
There are 2 Blocked actors, 0 Stopped actors, and 4 active threads.
Waiting for actors to stop.
-- Read input: 2.0, which is expected to match: 2.0
Called prefire()
Called fire()
Checking for deadlock:
There are 3 Blocked actors, 0 Stopped actors, and 4 active threads.
Waiting for actors to stop.
Sent output token with value 2.0
Next port to read input from is inputA
Called postfire()
Called prefire()
Called fire()
Checking for deadlock:
There are 2 Blocked actors, 0 Stopped actors, and 4 active threads.
Waiting for actors to stop.
Called postfire()
Called prefire()
Called fire()
Checking for deadlock:
There are 3 Blocked actors, 0 Stopped actors, and 4 active threads.
Waiting for actors to stop.
Read input token from inputA with value 3.0
Checking for deadlock:
There are 2 Blocked actors, 0 Stopped actors, and 4 active threads.
Waiting for actors to stop.
-- Read input: 3.0, which is expected to match: 3.0
Called prefire()
Called fire()
Checking for deadlock:
There are 3 Blocked actors, 0 Stopped actors, and 4 active threads.
Waiting for actors to stop.
Sent output token with value 3.0
Next port to read input from is inputB
Called postfire()
Called prefire()
Called fire()
Checking for deadlock:
There are 2 Blocked actors, 0 Stopped actors, and 4 active threads.
Waiting for actors to stop.
Called postfire()
Called prefire()
Called fire()
Checking for deadlock:
There are 3 Blocked actors, 0 Stopped actors, and 4 active threads.
Waiting for actors to stop.
Read input token from inputB with value 4.5
Checking for deadlock:
There are 2 Blocked actors, 0 Stopped actors, and 4 active threads.
Waiting for actors to stop.
-- Read input: 3.0, which is expected to match: 3.0
Called prefire()
Called fire()
Checking for deadlock:
There are 3 Blocked actors, 0 Stopped actors, and 4 active threads.
Waiting for actors to stop.
Sent output token with value 3.0
Next port to read input from is inputA
Called postfire()
Called prefire()
Called fire()
Checking for deadlock:
There are 2 Blocked actors, 0 Stopped actors, and 4 active threads.
Waiting for actors to stop.
Called postfire()
Called prefire()
Called fire()
Checking for deadlock:
There are 3 Blocked actors, 0 Stopped actors, and 4 active threads.
Waiting for actors to stop.
Read input token from inputA with value 4.0
Checking for deadlock:
There are 2 Blocked actors, 0 Stopped actors, and 4 active threads.
Waiting for actors to stop.
-- Read input: 4.0, which is expected to match: 4.0
Called prefire()
Called fire()
Past the end of training data. Read and discard all inputs.
Checking for deadlock:
There are 3 Blocked actors, 0 Stopped actors, and 4 active threads.
Waiting for actors to stop.
Sent output token with value 4.0
Next port to read input from is inputA
Called postfire()
Called prefire()
Called fire()
Checking for deadlock:
There are 2 Blocked actors, 0 Stopped actors, and 4 active threads.
Waiting for actors to stop.
Called postfire()
Called prefire()
Called fire()
Checking for deadlock:
There are 3 Blocked actors, 0 Stopped actors, and 4 active threads.
Waiting for actors to stop.
Read input token from inputA with value 5.0
Checking for deadlock:
There are 2 Blocked actors, 0 Stopped actors, and 4 active threads.
Waiting for actors to stop.
Called prefire()
Called fire()
Past the end of training data. Read and discard all inputs.
Checking for deadlock:
There are 3 Blocked actors, 0 Stopped actors, and 4 active threads.
Waiting for actors to stop.
Sent output token with value 4.5
Next port to read input from is inputB
Called postfire()
Called prefire()
Called fire()
Checking for deadlock:
There are 2 Blocked actors, 0 Stopped actors, and 4 active threads.
Waiting for actors to stop.
Called postfire()
Called prefire()
Called fire()
Checking for deadlock:
There are 3 Blocked actors, 0 Stopped actors, and 4 active threads.
Waiting for actors to stop.
Read input token from inputB with value 6.0
Checking for deadlock:
There are 2 Blocked actors, 0 Stopped actors, and 4 active threads.
Waiting for actors to stop.
Called prefire()
Called fire()
Past the end of training data. Read and discard all inputs.
Checking for deadlock:
There are 3 Blocked actors, 0 Stopped actors, and 4 active threads.
Waiting for actors to stop.
Sent output token with value 5.0
Next port to read input from is inputA
Called postfire()
Called prefire()
Called fire()
Checking for deadlock:
There are 2 Blocked actors, 0 Stopped actors, and 4 active threads.
Waiting for actors to stop.
Called postfire()
Called prefire()
Called fire()
Checking for deadlock:
There are 3 Blocked actors, 0 Stopped actors, and 4 active threads.
Waiting for actors to stop.
Read input token from inputA with value 6.0
Checking for deadlock:
There are 2 Blocked actors, 0 Stopped actors, and 4 active threads.
Waiting for actors to stop.
Called prefire()
Called fire()
Past the end of training data. Read and discard all inputs.
Checking for deadlock:
There are 3 Blocked actors, 0 Stopped actors, and 4 active threads.
Waiting for actors to stop.
Sent output token with value 6.0
Next port to read input from is inputB
Called postfire()
Called prefire()
Called fire()
Checking for deadlock:
There are 2 Blocked actors, 0 Stopped actors, and 4 active threads.
Waiting for actors to stop.
Called postfire()
Called prefire()
Called fire()
Checking for deadlock:
There are 3 Blocked actors, 0 Stopped actors, and 4 active threads.
Waiting for actors to stop.
Read input token from inputB with value 7.5
Checking for deadlock:
There are 2 Blocked actors, 0 Stopped actors, and 4 active threads.
Waiting for actors to stop.
Called prefire()
Called fire()
Past the end of training data. Read and discard all inputs.
Checking for deadlock:
There are 3 Blocked actors, 0 Stopped actors, and 4 active threads.
Waiting for actors to stop.
Sent output token with value 6.0
Next port to read input from is inputA
Called postfire()
Called prefire()
Called fire()
Checking for deadlock:
There are 2 Blocked actors, 0 Stopped actors, and 4 active threads.
Waiting for actors to stop.
Called postfire()
Called prefire()
Called fire()
Checking for deadlock:
There are 3 Blocked actors, 0 Stopped actors, and 4 active threads.
Waiting for actors to stop.
Read input token from inputA with value 7.0
Checking for deadlock:
There are 2 Blocked actors, 0 Stopped actors, and 4 active threads.
Waiting for actors to stop.
Called prefire()
Called fire()
Past the end of training data. Read and discard all inputs.
Checking for deadlock:
There are 3 Blocked actors, 0 Stopped actors, and 4 active threads.
Waiting for actors to stop.
Sent output token with value 7.0
Next port to read input from is inputA
Called postfire()
Called prefire()
Called fire()
Checking for deadlock:
There are 2 Blocked actors, 0 Stopped actors, and 4 active threads.
Waiting for actors to stop.
-- Thread wrapup() called.
Called wrapup()
Thread .top.Ramp is exiting.
-- Thread stopped.
Checking for deadlock:
There are 2 Blocked actors, 0 Stopped actors, and 3 active threads.
Waiting for actors to stop.
Read input token from inputA with value 8.0
Checking for deadlock:
There are 1 Blocked actors, 0 Stopped actors, and 3 active threads.
Waiting for actors to stop.
Called prefire()
Called fire()
Past the end of training data. Read and discard all inputs.
Checking for deadlock:
There are 2 Blocked actors, 0 Stopped actors, and 3 active threads.
Waiting for actors to stop.
Sent output token with value 7.5
Next port to read input from is inputB
Called postfire()
Called prefire()
Called fire()
Checking for deadlock:
There are 1 Blocked actors, 0 Stopped actors, and 3 active threads.
Waiting for actors to stop.
Called postfire()
Called prefire()
Called fire()
Checking for deadlock:
There are 2 Blocked actors, 0 Stopped actors, and 3 active threads.
Waiting for actors to stop.
Read input token from inputB with value 9.0
Checking for deadlock:
There are 1 Blocked actors, 0 Stopped actors, and 3 active threads.
Waiting for actors to stop.
Called prefire()
Called fire()
Past the end of training data. Read and discard all inputs.
Checking for deadlock:
There are 2 Blocked actors, 0 Stopped actors, and 3 active threads.
Waiting for actors to stop.
Sent output token with value 8.0
Next port to read input from is inputA
Called postfire()
Called prefire()
Called fire()
Read input token from inputA with value 9.0
Checking for deadlock:
There are 1 Blocked actors, 0 Stopped actors, and 3 active threads.
Waiting for actors to stop.
Called prefire()
Called fire()
Past the end of training data. Read and discard all inputs.
Checking for deadlock:
There are 2 Blocked actors, 0 Stopped actors, and 3 active threads.
Waiting for actors to stop.
Sent output token with value 9.0
Next port to read input from is inputB
Called postfire()
Called prefire()
Called fire()
Checking for deadlock:
There are 1 Blocked actors, 0 Stopped actors, and 3 active threads.
Waiting for actors to stop.
Called postfire()
Called prefire()
Called fire()
Checking for deadlock:
There are 2 Blocked actors, 0 Stopped actors, and 3 active threads.
Waiting for actors to stop.
Read input token from inputB with value 10.5
Checking for deadlock:
There are 1 Blocked actors, 0 Stopped actors, and 3 active threads.
Waiting for actors to stop.
Called prefire()
Called fire()
Past the end of training data. Read and discard all inputs.
Checking for deadlock:
There are 2 Blocked actors, 0 Stopped actors, and 3 active threads.
Waiting for actors to stop.
Sent output token with value 9.0
Next port to read input from is inputA
Called postfire()
Called prefire()
Called fire()
Checking for deadlock:
There are 3 Blocked actors, 0 Stopped actors, and 3 active threads.
Actors have stopped.
Checking for deadlock:
There are 3 Blocked actors, 0 Stopped actors, and 3 active threads.
Deadlock detected.
Resolving Deadlock
Checking for deadlock:
There are 3 Blocked actors, 0 Stopped actors, and 3 active threads.
Artificial Deadlock - increasing queue capacity.
increasing the capacity of receiver ptolemy.actor.TypedIOPort {.top.OrderedMerge.inputB} to 2
Director: Called postfire().
Called postfire().
_stopRequested = false
_stopFireRequested = false
Returning from postfire(): true
Called fire().
Checking for deadlock:
There are 2 Blocked actors, 0 Stopped actors, and 3 active threads.
Waiting for actors to stop.
-- Thread wrapup() called.
Called wrapup()
Thread .top.Ramp2 is exiting.
-- Thread stopped.
Checking for deadlock:
There are 2 Blocked actors, 0 Stopped actors, and 2 active threads.
Actors have stopped.
Checking for deadlock:
There are 2 Blocked actors, 0 Stopped actors, and 2 active threads.
Deadlock detected.
Resolving Deadlock
Checking for deadlock:
There are 2 Blocked actors, 0 Stopped actors, and 2 active threads.
Deadlock detected: no processes blocked on write, but some are blocked on read.
Called postfire().
_stopRequested = false
_stopFireRequested = false
Returning from postfire(): false
Finished deactivating branches.
Called wrapup().
-- Thread wrapup() called.
Called wrapup()
Thread .top.OrderedMerge is exiting.
-- Thread stopped.
-- Blocked Receiver call threw TerminateProcessException.
-- Thread wrapup() called.
Called wrapup()
Thread .top.Test is exiting.
-- Thread stopped.
-- Blocked Receiver call threw TerminateProcessException.
35 ms. Memory: 208384K Free: 133058K (64%)
/home/travis/build/icyphy/ptII/ptolemy/actor/lib/test/Publisher.tcl
6 ms. Memory: 208384K Free: 125863K (60%)
4 ms. Memory: 208384K Free: 121066K (58%)
3 ms. Memory: 208384K Free: 116269K (56%)
3 ms. Memory: 208384K Free: 116269K (56%)
2 ms. Memory: 208384K Free: 116269K (56%)
3 ms. Memory: 208384K Free: 113871K (55%)
3 ms. Memory: 208384K Free: 113871K (55%)
3 ms. Memory: 208384K Free: 113871K (55%)
1 ms. Memory: 208384K Free: 104278K (50%)
6 ms. Memory: 208384K Free: 99481K (48%)
4 ms. Memory: 208384K Free: 99481K (48%)
2 ms. Memory: 208384K Free: 97083K (47%)
7 ms. Memory: 208384K Free: 89888K (43%)
26 ms. Memory: 208384K Free: 199458K (96%)
6 ms. Memory: 208384K Free: 189947K (91%)
/home/travis/build/icyphy/ptII/ptolemy/actor/lib/test/Pulse.tcl
2 ms. Memory: 208384K Free: 146811K (70%)
2 ms. Memory: 208384K Free: 146811K (70%)
2 ms. Memory: 208384K Free: 146811K (70%)
1 ms. Memory: 208384K Free: 146811K (70%)
1 ms. Memory: 208384K Free: 146811K (70%)
2 ms. Memory: 208384K Free: 144433K (69%)
2 ms. Memory: 208384K Free: 144433K (69%)
2 ms. Memory: 208384K Free: 142055K (68%)
1 ms. Memory: 208384K Free: 142055K (68%)
/home/travis/build/icyphy/ptII/ptolemy/actor/lib/test/Ramp.tcl
6 ms. Memory: 208384K Free: 139678K (67%)
4 ms. Memory: 208384K Free: 139678K (67%)
2 ms. Memory: 208384K Free: 139678K (67%)
5 ms. Memory: 208384K Free: 137300K (66%)
6 ms. Memory: 208384K Free: 137300K (66%)
7 ms. Memory: 208384K Free: 137300K (66%)
3 ms. Memory: 208384K Free: 134922K (65%)
5 actors
9000 microseconds per iteration to create
10 ms. Memory: 208384K Free: 132544K (64%)
4 ms. Memory: 208384K Free: 132544K (64%)
5 ms. Memory: 208384K Free: 132544K (64%)
2 ms. Memory: 208384K Free: 130167K (62%)
50 actors
46000 microseconds per iteration to create
42 ms. Memory: 208384K Free: 115844K (56%)
5 ms. Memory: 208384K Free: 113467K (54%)
5 ms. Memory: 208384K Free: 113467K (54%)
6 ms. Memory: 208384K Free: 113467K (54%)
500 actors
1365000 microseconds per iteration to create
237 ms. Memory: 331264K Free: 182041K (55%)
54 ms. Memory: 331264K Free: 177267K (54%)
49 ms. Memory: 331264K Free: 172492K (52%)
49 ms. Memory: 331264K Free: 167717K (51%)
/home/travis/build/icyphy/ptII/ptolemy/actor/lib/test/RampContinuous.tcl
8 ms. Memory: 331264K Free: 167717K (51%)
/home/travis/build/icyphy/ptII/ptolemy/actor/lib/test/RecordAssembler.tcl
9 ms. Memory: 331264K Free: 162927K (49%)
4 ms. Memory: 331264K Free: 162927K (49%)
/home/travis/build/icyphy/ptII/ptolemy/actor/lib/test/RecordDisassembler.tcl
9 ms. Memory: 331264K Free: 162927K (49%)
5 ms. Memory: 331264K Free: 162927K (49%)
5 ms. Memory: 331264K Free: 158136K (48%)
/home/travis/build/icyphy/ptII/ptolemy/actor/lib/test/Scale.tcl
4 ms. Memory: 331264K Free: 158136K (48%)
1 ms. Memory: 331264K Free: 158136K (48%)
1 ms. Memory: 331264K Free: 158136K (48%)
2 ms. Memory: 331264K Free: 153362K (46%)
3 ms. Memory: 331264K Free: 153362K (46%)
/home/travis/build/icyphy/ptII/ptolemy/actor/lib/test/SequentialClock.tcl
preinitializing
resolving types
initializing
executing number 1
wrapping up
idle
3 ms. Memory: 331264K Free: 153362K (46%)
Completed execution with 5 iterations
preinitializing
resolving types
initializing
executing number 1
wrapping up
idle
4 ms. Memory: 331264K Free: 153362K (46%)
Completed execution with 5 iterations
preinitializing
resolving types
initializing
executing number 1
wrapping up
idle
2 ms. Memory: 331264K Free: 153362K (46%)
Completed execution with 5 iterations
/home/travis/build/icyphy/ptII/ptolemy/actor/lib/test/SetVariable.tcl
4 ms. Memory: 331264K Free: 148571K (45%)
/home/travis/build/icyphy/ptII/ptolemy/actor/lib/test/Sinewave.tcl
/home/travis/build/icyphy/ptII/ptolemy/actor/lib/test/SubscriptionAggregator.tcl
7 ms. Memory: 331264K Free: 138990K (42%)
5 ms. Memory: 331264K Free: 138990K (42%)
0 ms. Memory: 331264K Free: 134215K (41%)
1 ms. Memory: 331264K Free: 134215K (41%)
1 ms. Memory: 331264K Free: 134215K (41%)
3 ms. Memory: 331264K Free: 129440K (39%)
...............................................................851 ms. Memory: 577536K Free: 334134K (58%)
/home/travis/build/icyphy/ptII/ptolemy/actor/lib/test/Test.tcl
 The next command will produce a warning about training mode,
   which may be ignored.
3 ms. Memory: 577536K Free: 324516K (56%)
2 ms. Memory: 577536K Free: 324516K (56%)
1 ms. Memory: 577536K Free: 324516K (56%)
1 ms. Memory: 577536K Free: 324516K (56%)
2 ms. Memory: 577536K Free: 324516K (56%)
3 ms. Memory: 577536K Free: 324516K (56%)
3 ms. Memory: 577536K Free: 324516K (56%)
 The next command will produce a warning about training mode,
   which may be ignored.
3 ms. Memory: 577536K Free: 324516K (56%)
 The next command will produce a warning about training mode,
   which may be ignored.
2 ms. Memory: 577536K Free: 324516K (56%)
1 ms. Memory: 577536K Free: 324516K (56%)
1 ms. Memory: 577536K Free: 314898K (55%)
3 ms. Memory: 577536K Free: 314898K (55%)
4 ms. Memory: 577536K Free: 314898K (55%)
5 ms. Memory: 577536K Free: 314898K (55%)
/home/travis/build/icyphy/ptII/ptolemy/actor/lib/test/TestExceptionHandler.tcl
 The next command will produce a warning about training mode,
   which may be ignored.
2 ms. Memory: 577536K Free: 314898K (55%)
1 ms. Memory: 577536K Free: 314898K (55%)
1 ms. Memory: 577536K Free: 314898K (55%)
/home/travis/build/icyphy/ptII/ptolemy/actor/lib/test/UnionDisassembler.tcl
19 ms. Memory: 577536K Free: 305280K (53%)
/home/travis/build/icyphy/ptII/ptolemy/actor/lib/test/VariableClock.tcl
preinitializing
resolving types
initializing
executing number 1
wrapping up
idle
4 ms. Memory: 577536K Free: 305280K (53%)
Completed execution with 11 iterations
preinitializing
resolving types
initializing
executing number 1
wrapping up
idle
8 ms. Memory: 577536K Free: 305280K (53%)
Completed execution with 10 iterations
05/17/19 04:41:59
Failed: 0  Total Tests: 234  ((Passed: 234, Newly Passed: 0)  Known Failed: 0) /home/travis/build/icyphy/ptII/ptolemy/actor/lib/test
----------------- testing (KnownFailure) /home/travis/build/icyphy/ptII/ptolemy/actor/lib/test/auto/knownFailedTests/PublisherPortToplevelSubscriber.xml
1 ms. Memory: 577536K Free: 285944K (50%)
Known Failure: java.lang.reflect.InvocationTargetException
----------------- testing (KnownFailure) /home/travis/build/icyphy/ptII/ptolemy/actor/lib/test/auto/knownFailedTests/PublisherSubscriberPortToplevel.xml
1 ms. Memory: 577536K Free: 266508K (46%)
Known Failure: java.lang.reflect.InvocationTargetException
----------------- testing (KnownFailure) /home/travis/build/icyphy/ptII/ptolemy/actor/lib/test/auto/knownFailedTests/PublisherSubscriptionAggregatorPort.xml
2 ms. Memory: 577536K Free: 247072K (43%)
Known Failure: java.lang.reflect.InvocationTargetException
----------------- testing (KnownFailure) /home/travis/build/icyphy/ptII/ptolemy/actor/lib/test/auto/knownFailedTests/sizedarray3.xml
5 ms. Memory: 577536K Free: 227637K (39%)
Known Failure: java.lang.reflect.InvocationTargetException
No auto/linux-amd64/*.xml tests in /home/travis/build/icyphy/ptII/ptolemy/actor/lib/test
AutoTests.java: About to close Vertx.
AutoTests.java: Vertx closed.

===========================================================================================
----------------- testing Fri May 17 04:42:00 UTC 2019 /home/travis/build/icyphy/ptII/ptolemy/actor/lib/test/auto/AbsoluteValue.xml
----------------- Instantiating /home/travis/build/icyphy/ptII/ptolemy/actor/lib/test/auto/AbsoluteValue.xml
9 ms. Memory: 577536K Free: 150093K (26%)
----------------- Invoking toplevel() on ptolemy.moml.MoMLSimpleApplication@6bdd72d1
----------------- Done invoking toplevel() on ptolemy.moml.MoMLSimpleApplication@6bdd72d1
reloadAllAccessors: .AbsoluteValue

===========================================================================================
----------------- testing Fri May 17 04:42:00 UTC 2019 /home/travis/build/icyphy/ptII/ptolemy/actor/lib/test/auto/AbsoluteValue2.xml
----------------- Instantiating /home/travis/build/icyphy/ptII/ptolemy/actor/lib/test/auto/AbsoluteValue2.xml
12 ms. Memory: 577536K Free: 135501K (23%)
----------------- Invoking toplevel() on ptolemy.moml.MoMLSimpleApplication@4d623329
----------------- Done invoking toplevel() on ptolemy.moml.MoMLSimpleApplication@4d623329
reloadAllAccessors: .AbsoluteValue2

===========================================================================================
----------------- testing Fri May 17 04:42:00 UTC 2019 /home/travis/build/icyphy/ptII/ptolemy/actor/lib/test/auto/Accumulator.xml
----------------- Instantiating /home/travis/build/icyphy/ptII/ptolemy/actor/lib/test/auto/Accumulator.xml
7 ms. Memory: 577536K Free: 125783K (22%)
----------------- Invoking toplevel() on ptolemy.moml.MoMLSimpleApplication@1ec32479
----------------- Done invoking toplevel() on ptolemy.moml.MoMLSimpleApplication@1ec32479
reloadAllAccessors: .Accumulator

===========================================================================================
----------------- testing Fri May 17 04:42:00 UTC 2019 /home/travis/build/icyphy/ptII/ptolemy/actor/lib/test/auto/Accumulator2.xml
----------------- Instantiating /home/travis/build/icyphy/ptII/ptolemy/actor/lib/test/auto/Accumulator2.xml
5 ms. Memory: 577536K Free: 106447K (18%)
----------------- Invoking toplevel() on ptolemy.moml.MoMLSimpleApplication@4f29827c
----------------- Done invoking toplevel() on ptolemy.moml.MoMLSimpleApplication@4f29827c
reloadAllAccessors: .Accumulator2

===========================================================================================
----------------- testing Fri May 17 04:42:00 UTC 2019 /home/travis/build/icyphy/ptII/ptolemy/actor/lib/test/auto/Accumulator3.xml
----------------- Instantiating /home/travis/build/icyphy/ptII/ptolemy/actor/lib/test/auto/Accumulator3.xml
3 ms. Memory: 577536K Free: 96729K (17%)
----------------- Invoking toplevel() on ptolemy.moml.MoMLSimpleApplication@6676ab00
----------------- Done invoking toplevel() on ptolemy.moml.MoMLSimpleApplication@6676ab00
reloadAllAccessors: .Accumulator3

===========================================================================================
----------------- testing Fri May 17 04:42:00 UTC 2019 /home/travis/build/icyphy/ptII/ptolemy/actor/lib/test/auto/ArrayAppend.xml
----------------- Instantiating /home/travis/build/icyphy/ptII/ptolemy/actor/lib/test/auto/ArrayAppend.xml
6 ms. Memory: 577536K Free: 87011K (15%)
----------------- Invoking toplevel() on ptolemy.moml.MoMLSimpleApplication@e9ebca0
----------------- Done invoking toplevel() on ptolemy.moml.MoMLSimpleApplication@e9ebca0
reloadAllAccessors: .ArrayAppend

===========================================================================================
----------------- testing Fri May 17 04:42:00 UTC 2019 /home/travis/build/icyphy/ptII/ptolemy/actor/lib/test/auto/ArrayAppend2.xml
----------------- Instantiating /home/travis/build/icyphy/ptII/ptolemy/actor/lib/test/auto/ArrayAppend2.xml
476 ms. Memory: 580096K Free: 477844K (82%)
----------------- Invoking toplevel() on ptolemy.moml.MoMLSimpleApplication@57b11c3f
----------------- Done invoking toplevel() on ptolemy.moml.MoMLSimpleApplication@57b11c3f
reloadAllAccessors: .ArrayAppend2

===========================================================================================
----------------- testing Fri May 17 04:42:00 UTC 2019 /home/travis/build/icyphy/ptII/ptolemy/actor/lib/test/auto/ArrayAppend3.xml
----------------- Instantiating /home/travis/build/icyphy/ptII/ptolemy/actor/lib/test/auto/ArrayAppend3.xml
4 ms. Memory: 580096K Free: 460732K (79%)
----------------- Invoking toplevel() on ptolemy.moml.MoMLSimpleApplication@7811d28c
----------------- Done invoking toplevel() on ptolemy.moml.MoMLSimpleApplication@7811d28c
reloadAllAccessors: .ArrayAppend3

===========================================================================================
----------------- testing Fri May 17 04:42:00 UTC 2019 /home/travis/build/icyphy/ptII/ptolemy/actor/lib/test/auto/ArrayAppend4.xml
----------------- Instantiating /home/travis/build/icyphy/ptII/ptolemy/actor/lib/test/auto/ArrayAppend4.xml
8 ms. Memory: 580096K Free: 454253K (78%)
----------------- Invoking toplevel() on ptolemy.moml.MoMLSimpleApplication@5de412d6
----------------- Done invoking toplevel() on ptolemy.moml.MoMLSimpleApplication@5de412d6
reloadAllAccessors: .ArrayAppend4

===========================================================================================
----------------- testing Fri May 17 04:42:00 UTC 2019 /home/travis/build/icyphy/ptII/ptolemy/actor/lib/test/auto/ArrayAppend5.xml
----------------- Instantiating /home/travis/build/icyphy/ptII/ptolemy/actor/lib/test/auto/ArrayAppend5.xml
2 ms. Memory: 580096K Free: 447775K (77%)
----------------- Invoking toplevel() on ptolemy.moml.MoMLSimpleApplication@76fd714
----------------- Done invoking toplevel() on ptolemy.moml.MoMLSimpleApplication@76fd714
reloadAllAccessors: .ArrayAppend5

===========================================================================================
----------------- testing Fri May 17 04:42:01 UTC 2019 /home/travis/build/icyphy/ptII/ptolemy/actor/lib/test/auto/ArrayAppend6.xml
----------------- Instantiating /home/travis/build/icyphy/ptII/ptolemy/actor/lib/test/auto/ArrayAppend6.xml
4 ms. Memory: 580096K Free: 433091K (75%)
----------------- Invoking toplevel() on ptolemy.moml.MoMLSimpleApplication@64583e6a
----------------- Done invoking toplevel() on ptolemy.moml.MoMLSimpleApplication@64583e6a
reloadAllAccessors: .ArrayAppend6

===========================================================================================
----------------- testing Fri May 17 04:42:01 UTC 2019 /home/travis/build/icyphy/ptII/ptolemy/actor/lib/test/auto/ArrayAppendPerformanceTest.xml
----------------- Instantiating /home/travis/build/icyphy/ptII/ptolemy/actor/lib/test/auto/ArrayAppendPerformanceTest.xml
23 ms. Memory: 580096K Free: 420118K (72%)
----------------- Invoking toplevel() on ptolemy.moml.MoMLSimpleApplication@71e4577
----------------- Done invoking toplevel() on ptolemy.moml.MoMLSimpleApplication@71e4577
reloadAllAccessors: .ArrayAppendPerformanceTest

===========================================================================================
----------------- testing Fri May 17 04:42:01 UTC 2019 /home/travis/build/icyphy/ptII/ptolemy/actor/lib/test/auto/ArrayAppendWithEmptyInput.xml
----------------- Instantiating /home/travis/build/icyphy/ptII/ptolemy/actor/lib/test/auto/ArrayAppendWithEmptyInput.xml
21 ms. Memory: 580096K Free: 410384K (71%)
----------------- Invoking toplevel() on ptolemy.moml.MoMLSimpleApplication@474a765f
----------------- Done invoking toplevel() on ptolemy.moml.MoMLSimpleApplication@474a765f
reloadAllAccessors: .ArrayAppendWithEmptyInput

===========================================================================================
----------------- testing Fri May 17 04:42:01 UTC 2019 /home/travis/build/icyphy/ptII/ptolemy/actor/lib/test/auto/ArrayAverage.xml
----------------- Instantiating /home/travis/build/icyphy/ptII/ptolemy/actor/lib/test/auto/ArrayAverage.xml
6 ms. Memory: 580096K Free: 400650K (69%)
----------------- Invoking toplevel() on ptolemy.moml.MoMLSimpleApplication@773a91bb
----------------- Done invoking toplevel() on ptolemy.moml.MoMLSimpleApplication@773a91bb
reloadAllAccessors: .ArrayAverage

===========================================================================================
----------------- testing Fri May 17 04:42:01 UTC 2019 /home/travis/build/icyphy/ptII/ptolemy/actor/lib/test/auto/ArrayContains.xml
----------------- Instantiating /home/travis/build/icyphy/ptII/ptolemy/actor/lib/test/auto/ArrayContains.xml
9 ms. Memory: 580096K Free: 382719K (66%)
----------------- Invoking toplevel() on ptolemy.moml.MoMLSimpleApplication@5f066e44
----------------- Done invoking toplevel() on ptolemy.moml.MoMLSimpleApplication@5f066e44
reloadAllAccessors: .ArrayContains

===========================================================================================
----------------- testing Fri May 17 04:42:01 UTC 2019 /home/travis/build/icyphy/ptII/ptolemy/actor/lib/test/auto/ArrayElement.xml
----------------- Instantiating /home/travis/build/icyphy/ptII/ptolemy/actor/lib/test/auto/ArrayElement.xml
9 ms. Memory: 580096K Free: 376241K (65%)
----------------- Invoking toplevel() on ptolemy.moml.MoMLSimpleApplication@2ac9d4c8
----------------- Done invoking toplevel() on ptolemy.moml.MoMLSimpleApplication@2ac9d4c8
reloadAllAccessors: .ArrayElement

===========================================================================================
----------------- testing Fri May 17 04:42:01 UTC 2019 /home/travis/build/icyphy/ptII/ptolemy/actor/lib/test/auto/ArrayElementAsMatrix.xml
----------------- Instantiating /home/travis/build/icyphy/ptII/ptolemy/actor/lib/test/auto/ArrayElementAsMatrix.xml
15 ms. Memory: 580096K Free: 366515K (63%)
----------------- Invoking toplevel() on ptolemy.moml.MoMLSimpleApplication@704f0ace
----------------- Done invoking toplevel() on ptolemy.moml.MoMLSimpleApplication@704f0ace
reloadAllAccessors: .ArrayElementAsMatrix

===========================================================================================
----------------- testing Fri May 17 04:42:01 UTC 2019 /home/travis/build/icyphy/ptII/ptolemy/actor/lib/test/auto/ArrayElementI.xml
----------------- Instantiating /home/travis/build/icyphy/ptII/ptolemy/actor/lib/test/auto/ArrayElementI.xml
4 ms. Memory: 580096K Free: 360037K (62%)
----------------- Invoking toplevel() on ptolemy.moml.MoMLSimpleApplication@2b2245a
----------------- Done invoking toplevel() on ptolemy.moml.MoMLSimpleApplication@2b2245a
reloadAllAccessors: .ArrayElementI

===========================================================================================
----------------- testing Fri May 17 04:42:01 UTC 2019 /home/travis/build/icyphy/ptII/ptolemy/actor/lib/test/auto/ArrayExtract.xml
----------------- Instantiating /home/travis/build/icyphy/ptII/ptolemy/actor/lib/test/auto/ArrayExtract.xml
13 ms. Memory: 580096K Free: 342098K (59%)
----------------- Invoking toplevel() on ptolemy.moml.MoMLSimpleApplication@302f93c9
----------------- Done invoking toplevel() on ptolemy.moml.MoMLSimpleApplication@302f93c9
reloadAllAccessors: .ArrayExtract

===========================================================================================
----------------- testing Fri May 17 04:42:01 UTC 2019 /home/travis/build/icyphy/ptII/ptolemy/actor/lib/test/auto/ArrayExtract2.xml
----------------- Instantiating /home/travis/build/icyphy/ptII/ptolemy/actor/lib/test/auto/ArrayExtract2.xml
2 ms. Memory: 580096K Free: 335619K (58%)
----------------- Invoking toplevel() on ptolemy.moml.MoMLSimpleApplication@7bee26ea
----------------- Done invoking toplevel() on ptolemy.moml.MoMLSimpleApplication@7bee26ea
reloadAllAccessors: .ArrayExtract2

===========================================================================================
----------------- testing Fri May 17 04:42:01 UTC 2019 /home/travis/build/icyphy/ptII/ptolemy/actor/lib/test/auto/ArrayLength.xml
----------------- Instantiating /home/travis/build/icyphy/ptII/ptolemy/actor/lib/test/auto/ArrayLength.xml
3 ms. Memory: 580096K Free: 329141K (57%)
----------------- Invoking toplevel() on ptolemy.moml.MoMLSimpleApplication@2fef025f
----------------- Done invoking toplevel() on ptolemy.moml.MoMLSimpleApplication@2fef025f
reloadAllAccessors: .ArrayLength

===========================================================================================
----------------- testing Fri May 17 04:42:01 UTC 2019 /home/travis/build/icyphy/ptII/ptolemy/actor/lib/test/auto/ArrayLevelCrossing.xml
----------------- Instantiating /home/travis/build/icyphy/ptII/ptolemy/actor/lib/test/auto/ArrayLevelCrossing.xml
3 ms. Memory: 580096K Free: 311210K (54%)
----------------- Invoking toplevel() on ptolemy.moml.MoMLSimpleApplication@6031f095
----------------- Done invoking toplevel() on ptolemy.moml.MoMLSimpleApplication@6031f095
reloadAllAccessors: .ArrayLevelCrossing

===========================================================================================
----------------- testing Fri May 17 04:42:01 UTC 2019 /home/travis/build/icyphy/ptII/ptolemy/actor/lib/test/auto/ArrayLevelCrossing2.xml
----------------- Instantiating /home/travis/build/icyphy/ptII/ptolemy/actor/lib/test/auto/ArrayLevelCrossing2.xml
8 ms. Memory: 580096K Free: 301492K (52%)
----------------- Invoking toplevel() on ptolemy.moml.MoMLSimpleApplication@7aa7f3fb
----------------- Done invoking toplevel() on ptolemy.moml.MoMLSimpleApplication@7aa7f3fb
reloadAllAccessors: .ArrayLevelCrossing2

===========================================================================================
----------------- testing Fri May 17 04:42:01 UTC 2019 /home/travis/build/icyphy/ptII/ptolemy/actor/lib/test/auto/ArrayPeakSearch.xml
----------------- Instantiating /home/travis/build/icyphy/ptII/ptolemy/actor/lib/test/auto/ArrayPeakSearch.xml
6 ms. Memory: 580096K Free: 288519K (50%)
----------------- Invoking toplevel() on ptolemy.moml.MoMLSimpleApplication@7404edc6
----------------- Done invoking toplevel() on ptolemy.moml.MoMLSimpleApplication@7404edc6
reloadAllAccessors: .ArrayPeakSearch

===========================================================================================
----------------- testing Fri May 17 04:42:01 UTC 2019 /home/travis/build/icyphy/ptII/ptolemy/actor/lib/test/auto/ArrayPeakSearch2.xml
----------------- Instantiating /home/travis/build/icyphy/ptII/ptolemy/actor/lib/test/auto/ArrayPeakSearch2.xml
4 ms. Memory: 580096K Free: 275554K (48%)
----------------- Invoking toplevel() on ptolemy.moml.MoMLSimpleApplication@5bcb9779
----------------- Done invoking toplevel() on ptolemy.moml.MoMLSimpleApplication@5bcb9779
reloadAllAccessors: .ArrayPeakSearch2

===========================================================================================
----------------- testing Fri May 17 04:42:01 UTC 2019 /home/travis/build/icyphy/ptII/ptolemy/actor/lib/test/auto/ArrayPeakSearch3.xml
----------------- Instantiating /home/travis/build/icyphy/ptII/ptolemy/actor/lib/test/auto/ArrayPeakSearch3.xml
6 ms. Memory: 580096K Free: 254384K (44%)
----------------- Invoking toplevel() on ptolemy.moml.MoMLSimpleApplication@24931914
----------------- Done invoking toplevel() on ptolemy.moml.MoMLSimpleApplication@24931914
reloadAllAccessors: .ArrayPeakSearch3

===========================================================================================
----------------- testing Fri May 17 04:42:01 UTC 2019 /home/travis/build/icyphy/ptII/ptolemy/actor/lib/test/auto/ArrayRemoveElement.xml
----------------- Instantiating /home/travis/build/icyphy/ptII/ptolemy/actor/lib/test/auto/ArrayRemoveElement.xml
3 ms. Memory: 580096K Free: 244650K (42%)
----------------- Invoking toplevel() on ptolemy.moml.MoMLSimpleApplication@79b3b320
----------------- Done invoking toplevel() on ptolemy.moml.MoMLSimpleApplication@79b3b320
reloadAllAccessors: .ArrayRemoveElement

===========================================================================================
----------------- testing Fri May 17 04:42:01 UTC 2019 /home/travis/build/icyphy/ptII/ptolemy/actor/lib/test/auto/ArraySort.xml
----------------- Instantiating /home/travis/build/icyphy/ptII/ptolemy/actor/lib/test/auto/ArraySort.xml
4 ms. Memory: 580096K Free: 231677K (40%)
----------------- Invoking toplevel() on ptolemy.moml.MoMLSimpleApplication@43341820
----------------- Done invoking toplevel() on ptolemy.moml.MoMLSimpleApplication@43341820
reloadAllAccessors: .ArraySort

===========================================================================================
----------------- testing Fri May 17 04:42:01 UTC 2019 /home/travis/build/icyphy/ptII/ptolemy/actor/lib/test/auto/ArraySum.xml
----------------- Instantiating /home/travis/build/icyphy/ptII/ptolemy/actor/lib/test/auto/ArraySum.xml
3 ms. Memory: 580096K Free: 225198K (39%)
----------------- Invoking toplevel() on ptolemy.moml.MoMLSimpleApplication@3145de3d
----------------- Done invoking toplevel() on ptolemy.moml.MoMLSimpleApplication@3145de3d
reloadAllAccessors: .ArraySum

===========================================================================================
----------------- testing Fri May 17 04:42:01 UTC 2019 /home/travis/build/icyphy/ptII/ptolemy/actor/lib/test/auto/ArrayToElements.xml
----------------- Instantiating /home/travis/build/icyphy/ptII/ptolemy/actor/lib/test/auto/ArrayToElements.xml
5 ms. Memory: 580096K Free: 207275K (36%)
----------------- Invoking toplevel() on ptolemy.moml.MoMLSimpleApplication@13fa854a
----------------- Done invoking toplevel() on ptolemy.moml.MoMLSimpleApplication@13fa854a
reloadAllAccessors: .ArrayToElements

===========================================================================================
----------------- testing Fri May 17 04:42:01 UTC 2019 /home/travis/build/icyphy/ptII/ptolemy/actor/lib/test/auto/ArrayToMatrix.xml
----------------- Instantiating /home/travis/build/icyphy/ptII/ptolemy/actor/lib/test/auto/ArrayToMatrix.xml
8 ms. Memory: 580096K Free: 191047K (33%)
----------------- Invoking toplevel() on ptolemy.moml.MoMLSimpleApplication@25ec2c5a
----------------- Done invoking toplevel() on ptolemy.moml.MoMLSimpleApplication@25ec2c5a
reloadAllAccessors: .ArrayToMatrix

===========================================================================================
----------------- testing Fri May 17 04:42:01 UTC 2019 /home/travis/build/icyphy/ptII/ptolemy/actor/lib/test/auto/ArrayUpdate1.xml
----------------- Instantiating /home/travis/build/icyphy/ptII/ptolemy/actor/lib/test/auto/ArrayUpdate1.xml
3 ms. Memory: 580096K Free: 179710K (31%)
----------------- Invoking toplevel() on ptolemy.moml.MoMLSimpleApplication@15d9454
----------------- Done invoking toplevel() on ptolemy.moml.MoMLSimpleApplication@15d9454
reloadAllAccessors: .ArrayUpdate1

===========================================================================================
----------------- testing Fri May 17 04:42:01 UTC 2019 /home/travis/build/icyphy/ptII/ptolemy/actor/lib/test/auto/ArrayUpdate2.xml
----------------- Instantiating /home/travis/build/icyphy/ptII/ptolemy/actor/lib/test/auto/ArrayUpdate2.xml
4 ms. Memory: 580096K Free: 169976K (29%)
----------------- Invoking toplevel() on ptolemy.moml.MoMLSimpleApplication@630b1935
----------------- Done invoking toplevel() on ptolemy.moml.MoMLSimpleApplication@630b1935
reloadAllAccessors: .ArrayUpdate2

===========================================================================================
----------------- testing Fri May 17 04:42:02 UTC 2019 /home/travis/build/icyphy/ptII/ptolemy/actor/lib/test/auto/ArrayUpdate3.xml
----------------- Instantiating /home/travis/build/icyphy/ptII/ptolemy/actor/lib/test/auto/ArrayUpdate3.xml
5 ms. Memory: 580096K Free: 155292K (27%)
----------------- Invoking toplevel() on ptolemy.moml.MoMLSimpleApplication@649e8e4b
----------------- Done invoking toplevel() on ptolemy.moml.MoMLSimpleApplication@649e8e4b
reloadAllAccessors: .ArrayUpdate3

===========================================================================================
----------------- testing Fri May 17 04:42:02 UTC 2019 /home/travis/build/icyphy/ptII/ptolemy/actor/lib/test/auto/Assert1.xml
----------------- Instantiating /home/travis/build/icyphy/ptII/ptolemy/actor/lib/test/auto/Assert1.xml
6 ms. Memory: 580096K Free: 148814K (26%)
----------------- Invoking toplevel() on ptolemy.moml.MoMLSimpleApplication@39ff7fe1
----------------- Done invoking toplevel() on ptolemy.moml.MoMLSimpleApplication@39ff7fe1
reloadAllAccessors: .Assert1

===========================================================================================
----------------- testing Fri May 17 04:42:02 UTC 2019 /home/travis/build/icyphy/ptII/ptolemy/actor/lib/test/auto/Assert2.xml
----------------- Instantiating /home/travis/build/icyphy/ptII/ptolemy/actor/lib/test/auto/Assert2.xml
12 ms. Memory: 580096K Free: 142335K (25%)
----------------- Invoking toplevel() on ptolemy.moml.MoMLSimpleApplication@158eaed6
----------------- Done invoking toplevel() on ptolemy.moml.MoMLSimpleApplication@158eaed6
reloadAllAccessors: .Assert2

===========================================================================================
----------------- testing Fri May 17 04:42:02 UTC 2019 /home/travis/build/icyphy/ptII/ptolemy/actor/lib/test/auto/BooleanMultiplexor.xml
----------------- Instantiating /home/travis/build/icyphy/ptII/ptolemy/actor/lib/test/auto/BooleanMultiplexor.xml
2 ms. Memory: 580096K Free: 124397K (21%)
----------------- Invoking toplevel() on ptolemy.moml.MoMLSimpleApplication@28901969
----------------- Done invoking toplevel() on ptolemy.moml.MoMLSimpleApplication@28901969
reloadAllAccessors: .BooleanMultiplexor

===========================================================================================
----------------- testing Fri May 17 04:42:02 UTC 2019 /home/travis/build/icyphy/ptII/ptolemy/actor/lib/test/auto/BooleanMultiplexor2.xml
----------------- Instantiating /home/travis/build/icyphy/ptII/ptolemy/actor/lib/test/auto/BooleanMultiplexor2.xml
10 ms. Memory: 580096K Free: 114679K (20%)
----------------- Invoking toplevel() on ptolemy.moml.MoMLSimpleApplication@7f748f58
----------------- Done invoking toplevel() on ptolemy.moml.MoMLSimpleApplication@7f748f58
reloadAllAccessors: .BooleanMultiplexor2

===========================================================================================
----------------- testing Fri May 17 04:42:02 UTC 2019 /home/travis/build/icyphy/ptII/ptolemy/actor/lib/test/auto/BooleanMultiplexor3.xml
----------------- Instantiating /home/travis/build/icyphy/ptII/ptolemy/actor/lib/test/auto/BooleanMultiplexor3.xml
4 ms. Memory: 580096K Free: 108200K (19%)
----------------- Invoking toplevel() on ptolemy.moml.MoMLSimpleApplication@23dafdf4
----------------- Done invoking toplevel() on ptolemy.moml.MoMLSimpleApplication@23dafdf4
reloadAllAccessors: .BooleanMultiplexor3

===========================================================================================
----------------- testing Fri May 17 04:42:02 UTC 2019 /home/travis/build/icyphy/ptII/ptolemy/actor/lib/test/auto/BooleanSelect.xml
----------------- Instantiating /home/travis/build/icyphy/ptII/ptolemy/actor/lib/test/auto/BooleanSelect.xml
7 ms. Memory: 580096K Free: 98466K (17%)
----------------- Invoking toplevel() on ptolemy.moml.MoMLSimpleApplication@4c13632c
----------------- Done invoking toplevel() on ptolemy.moml.MoMLSimpleApplication@4c13632c
reloadAllAccessors: .BooleanSelect

===========================================================================================
----------------- testing Fri May 17 04:42:02 UTC 2019 /home/travis/build/icyphy/ptII/ptolemy/actor/lib/test/auto/BooleanSelect2.xml
----------------- Instantiating /home/travis/build/icyphy/ptII/ptolemy/actor/lib/test/auto/BooleanSelect2.xml
2 ms. Memory: 580096K Free: 83783K (14%)
----------------- Invoking toplevel() on ptolemy.moml.MoMLSimpleApplication@f9fdd8f
----------------- Done invoking toplevel() on ptolemy.moml.MoMLSimpleApplication@f9fdd8f
reloadAllAccessors: .BooleanSelect2

===========================================================================================
----------------- testing Fri May 17 04:42:02 UTC 2019 /home/travis/build/icyphy/ptII/ptolemy/actor/lib/test/auto/BooleanSwitch.xml
----------------- Instantiating /home/travis/build/icyphy/ptII/ptolemy/actor/lib/test/auto/BooleanSwitch.xml
6 ms. Memory: 580096K Free: 74065K (13%)
----------------- Invoking toplevel() on ptolemy.moml.MoMLSimpleApplication@1036ab2a
----------------- Done invoking toplevel() on ptolemy.moml.MoMLSimpleApplication@1036ab2a
reloadAllAccessors: .BooleanSwitch

===========================================================================================
----------------- testing Fri May 17 04:42:02 UTC 2019 /home/travis/build/icyphy/ptII/ptolemy/actor/lib/test/auto/BooleanSwitch2.xml
----------------- Instantiating /home/travis/build/icyphy/ptII/ptolemy/actor/lib/test/auto/BooleanSwitch2.xml
2 ms. Memory: 580096K Free: 67586K (12%)
----------------- Invoking toplevel() on ptolemy.moml.MoMLSimpleApplication@2af70188
----------------- Done invoking toplevel() on ptolemy.moml.MoMLSimpleApplication@2af70188
reloadAllAccessors: .BooleanSwitch2

===========================================================================================
----------------- testing Fri May 17 04:42:02 UTC 2019 /home/travis/build/icyphy/ptII/ptolemy/actor/lib/test/auto/BooleanSwitchCloningBugWithClassRelationGroup.xml
----------------- Instantiating /home/travis/build/icyphy/ptII/ptolemy/actor/lib/test/auto/BooleanSwitchCloningBugWithClassRelationGroup.xml
3 ms. Memory: 580096K Free: 57852K (10%)
----------------- Invoking toplevel() on ptolemy.moml.MoMLSimpleApplication@7dc6d1f1
----------------- Done invoking toplevel() on ptolemy.moml.MoMLSimpleApplication@7dc6d1f1
reloadAllAccessors: .BooleanSwitchCloningBugWithClassRelationGroup

===========================================================================================
----------------- testing Fri May 17 04:42:02 UTC 2019 /home/travis/build/icyphy/ptII/ptolemy/actor/lib/test/auto/BusActors.xml
----------------- Instantiating /home/travis/build/icyphy/ptII/ptolemy/actor/lib/test/auto/BusActors.xml
6 ms. Memory: 879104K Free: 822890K (94%)
----------------- Invoking toplevel() on ptolemy.moml.MoMLSimpleApplication@725e21db
----------------- Done invoking toplevel() on ptolemy.moml.MoMLSimpleApplication@725e21db
reloadAllAccessors: .BusActors

===========================================================================================
----------------- testing Fri May 17 04:42:02 UTC 2019 /home/travis/build/icyphy/ptII/ptolemy/actor/lib/test/auto/ClassWrapper.xml
----------------- Instantiating /home/travis/build/icyphy/ptII/ptolemy/actor/lib/test/auto/ClassWrapper.xml
3 ms. Memory: 879104K Free: 802991K (91%)
----------------- Invoking toplevel() on ptolemy.moml.MoMLSimpleApplication@444e4658
----------------- Done invoking toplevel() on ptolemy.moml.MoMLSimpleApplication@444e4658
reloadAllAccessors: .ClassWrapper

===========================================================================================
----------------- testing Fri May 17 04:42:02 UTC 2019 /home/travis/build/icyphy/ptII/ptolemy/actor/lib/test/auto/Clock.xml
----------------- Instantiating /home/travis/build/icyphy/ptII/ptolemy/actor/lib/test/auto/Clock.xml
1 ms. Memory: 879104K Free: 792621K (90%)
----------------- Invoking toplevel() on ptolemy.moml.MoMLSimpleApplication@dbd8cf5
----------------- Done invoking toplevel() on ptolemy.moml.MoMLSimpleApplication@dbd8cf5
reloadAllAccessors: .Clock

===========================================================================================
----------------- testing Fri May 17 04:42:02 UTC 2019 /home/travis/build/icyphy/ptII/ptolemy/actor/lib/test/auto/Clock10.xml
----------------- Instantiating /home/travis/build/icyphy/ptII/ptolemy/actor/lib/test/auto/Clock10.xml
2 ms. Memory: 879104K Free: 782003K (89%)
----------------- Invoking toplevel() on ptolemy.moml.MoMLSimpleApplication@36274496
----------------- Done invoking toplevel() on ptolemy.moml.MoMLSimpleApplication@36274496
reloadAllAccessors: .Clock10

===========================================================================================
----------------- testing Fri May 17 04:42:02 UTC 2019 /home/travis/build/icyphy/ptII/ptolemy/actor/lib/test/auto/Clock11.xml
----------------- Instantiating /home/travis/build/icyphy/ptII/ptolemy/actor/lib/test/auto/Clock11.xml
2 ms. Memory: 879104K Free: 771633K (88%)
----------------- Invoking toplevel() on ptolemy.moml.MoMLSimpleApplication@455bfa33
----------------- Done invoking toplevel() on ptolemy.moml.MoMLSimpleApplication@455bfa33
reloadAllAccessors: .Clock11

===========================================================================================
----------------- testing Fri May 17 04:42:02 UTC 2019 /home/travis/build/icyphy/ptII/ptolemy/actor/lib/test/auto/Clock12.xml
----------------- Instantiating /home/travis/build/icyphy/ptII/ptolemy/actor/lib/test/auto/Clock12.xml
4 ms. Memory: 879104K Free: 751734K (86%)
----------------- Invoking toplevel() on ptolemy.moml.MoMLSimpleApplication@2e89c40
----------------- Done invoking toplevel() on ptolemy.moml.MoMLSimpleApplication@2e89c40
reloadAllAccessors: .Clock12

===========================================================================================
----------------- testing Fri May 17 04:42:02 UTC 2019 /home/travis/build/icyphy/ptII/ptolemy/actor/lib/test/auto/Clock13.xml
----------------- Instantiating /home/travis/build/icyphy/ptII/ptolemy/actor/lib/test/auto/Clock13.xml
2 ms. Memory: 879104K Free: 741364K (84%)
----------------- Invoking toplevel() on ptolemy.moml.MoMLSimpleApplication@298acec1
----------------- Done invoking toplevel() on ptolemy.moml.MoMLSimpleApplication@298acec1
reloadAllAccessors: .Clock13

===========================================================================================
----------------- testing Fri May 17 04:42:02 UTC 2019 /home/travis/build/icyphy/ptII/ptolemy/actor/lib/test/auto/Clock14.xml
----------------- Instantiating /home/travis/build/icyphy/ptII/ptolemy/actor/lib/test/auto/Clock14.xml
3 ms. Memory: 879104K Free: 730994K (83%)
----------------- Invoking toplevel() on ptolemy.moml.MoMLSimpleApplication@4eafab11
----------------- Done invoking toplevel() on ptolemy.moml.MoMLSimpleApplication@4eafab11
reloadAllAccessors: .Clock14

===========================================================================================
----------------- testing Fri May 17 04:42:02 UTC 2019 /home/travis/build/icyphy/ptII/ptolemy/actor/lib/test/auto/Clock15.xml
----------------- Instantiating /home/travis/build/icyphy/ptII/ptolemy/actor/lib/test/auto/Clock15.xml
8 ms. Memory: 879104K Free: 720624K (82%)
----------------- Invoking toplevel() on ptolemy.moml.MoMLSimpleApplication@2bc53ae5
----------------- Done invoking toplevel() on ptolemy.moml.MoMLSimpleApplication@2bc53ae5
reloadAllAccessors: .Clock15

===========================================================================================
----------------- testing Fri May 17 04:42:02 UTC 2019 /home/travis/build/icyphy/ptII/ptolemy/actor/lib/test/auto/Clock16.xml
----------------- Instantiating /home/travis/build/icyphy/ptII/ptolemy/actor/lib/test/auto/Clock16.xml
29 ms. Memory: 879104K Free: 695532K (79%)
----------------- Invoking toplevel() on ptolemy.moml.MoMLSimpleApplication@3e18b738
----------------- Done invoking toplevel() on ptolemy.moml.MoMLSimpleApplication@3e18b738
reloadAllAccessors: .Clock16

===========================================================================================
----------------- testing Fri May 17 04:42:02 UTC 2019 /home/travis/build/icyphy/ptII/ptolemy/actor/lib/test/auto/Clock17.xml
----------------- Instantiating /home/travis/build/icyphy/ptII/ptolemy/actor/lib/test/auto/Clock17.xml
20 ms. Memory: 879104K Free: 679977K (77%)
----------------- Invoking toplevel() on ptolemy.moml.MoMLSimpleApplication@fab7bf9
----------------- Done invoking toplevel() on ptolemy.moml.MoMLSimpleApplication@fab7bf9
reloadAllAccessors: .Clock17

===========================================================================================
----------------- testing Fri May 17 04:42:02 UTC 2019 /home/travis/build/icyphy/ptII/ptolemy/actor/lib/test/auto/Clock18.xml
----------------- Instantiating /home/travis/build/icyphy/ptII/ptolemy/actor/lib/test/auto/Clock18.xml
21 ms. Memory: 879104K Free: 664406K (76%)
----------------- Invoking toplevel() on ptolemy.moml.MoMLSimpleApplication@4fd03e02
----------------- Done invoking toplevel() on ptolemy.moml.MoMLSimpleApplication@4fd03e02
reloadAllAccessors: .Clock18

===========================================================================================
----------------- testing Fri May 17 04:42:02 UTC 2019 /home/travis/build/icyphy/ptII/ptolemy/actor/lib/test/auto/Clock19.xml
----------------- Instantiating /home/travis/build/icyphy/ptII/ptolemy/actor/lib/test/auto/Clock19.xml
17 ms. Memory: 879104K Free: 648836K (74%)
----------------- Invoking toplevel() on ptolemy.moml.MoMLSimpleApplication@71b83a81
----------------- Done invoking toplevel() on ptolemy.moml.MoMLSimpleApplication@71b83a81
reloadAllAccessors: .Clock19

===========================================================================================
----------------- testing Fri May 17 04:42:02 UTC 2019 /home/travis/build/icyphy/ptII/ptolemy/actor/lib/test/auto/Clock2.xml
----------------- Instantiating /home/travis/build/icyphy/ptII/ptolemy/actor/lib/test/auto/Clock2.xml
12 ms. Memory: 879104K Free: 628936K (72%)
----------------- Invoking toplevel() on ptolemy.moml.MoMLSimpleApplication@44460263
----------------- Done invoking toplevel() on ptolemy.moml.MoMLSimpleApplication@44460263
reloadAllAccessors: .Clock2

===========================================================================================
----------------- testing Fri May 17 04:42:02 UTC 2019 /home/travis/build/icyphy/ptII/ptolemy/actor/lib/test/auto/Clock20.xml
----------------- Instantiating /home/travis/build/icyphy/ptII/ptolemy/actor/lib/test/auto/Clock20.xml
11 ms. Memory: 879104K Free: 618566K (70%)
----------------- Invoking toplevel() on ptolemy.moml.MoMLSimpleApplication@94ac6c7
----------------- Done invoking toplevel() on ptolemy.moml.MoMLSimpleApplication@94ac6c7
reloadAllAccessors: .Clock20

===========================================================================================
----------------- testing Fri May 17 04:42:02 UTC 2019 /home/travis/build/icyphy/ptII/ptolemy/actor/lib/test/auto/Clock21.xml
----------------- Instantiating /home/travis/build/icyphy/ptII/ptolemy/actor/lib/test/auto/Clock21.xml
10 ms. Memory: 879104K Free: 608196K (69%)
----------------- Invoking toplevel() on ptolemy.moml.MoMLSimpleApplication@373ec386
----------------- Done invoking toplevel() on ptolemy.moml.MoMLSimpleApplication@373ec386
reloadAllAccessors: .Clock21

===========================================================================================
----------------- testing Fri May 17 04:42:02 UTC 2019 /home/travis/build/icyphy/ptII/ptolemy/actor/lib/test/auto/Clock22.xml
----------------- Instantiating /home/travis/build/icyphy/ptII/ptolemy/actor/lib/test/auto/Clock22.xml
6 ms. Memory: 879104K Free: 597827K (68%)
----------------- Invoking toplevel() on ptolemy.moml.MoMLSimpleApplication@2927093f
----------------- Done invoking toplevel() on ptolemy.moml.MoMLSimpleApplication@2927093f
reloadAllAccessors: .Clock22

===========================================================================================
----------------- testing Fri May 17 04:42:02 UTC 2019 /home/travis/build/icyphy/ptII/ptolemy/actor/lib/test/auto/Clock23.xml
----------------- Instantiating /home/travis/build/icyphy/ptII/ptolemy/actor/lib/test/auto/Clock23.xml
9 ms. Memory: 879104K Free: 587457K (67%)
----------------- Invoking toplevel() on ptolemy.moml.MoMLSimpleApplication@1a369e2e
----------------- Done invoking toplevel() on ptolemy.moml.MoMLSimpleApplication@1a369e2e
reloadAllAccessors: .Clock23

===========================================================================================
----------------- testing Fri May 17 04:42:03 UTC 2019 /home/travis/build/icyphy/ptII/ptolemy/actor/lib/test/auto/Clock24.xml
----------------- Instantiating /home/travis/build/icyphy/ptII/ptolemy/actor/lib/test/auto/Clock24.xml
6 ms. Memory: 879104K Free: 567557K (65%)
----------------- Invoking toplevel() on ptolemy.moml.MoMLSimpleApplication@458929e3
----------------- Done invoking toplevel() on ptolemy.moml.MoMLSimpleApplication@458929e3
reloadAllAccessors: .Clock24

===========================================================================================
----------------- testing Fri May 17 04:42:03 UTC 2019 /home/travis/build/icyphy/ptII/ptolemy/actor/lib/test/auto/Clock4.xml
----------------- Instantiating /home/travis/build/icyphy/ptII/ptolemy/actor/lib/test/auto/Clock4.xml
5 ms. Memory: 879104K Free: 557188K (63%)
----------------- Invoking toplevel() on ptolemy.moml.MoMLSimpleApplication@73c190e
----------------- Done invoking toplevel() on ptolemy.moml.MoMLSimpleApplication@73c190e
reloadAllAccessors: .Clock4

===========================================================================================
----------------- testing Fri May 17 04:42:03 UTC 2019 /home/travis/build/icyphy/ptII/ptolemy/actor/lib/test/auto/Clock5.xml
----------------- Instantiating /home/travis/build/icyphy/ptII/ptolemy/actor/lib/test/auto/Clock5.xml
7 ms. Memory: 879104K Free: 546818K (62%)
----------------- Invoking toplevel() on ptolemy.moml.MoMLSimpleApplication@3fe789c1
----------------- Done invoking toplevel() on ptolemy.moml.MoMLSimpleApplication@3fe789c1
reloadAllAccessors: .Clock5

===========================================================================================
----------------- testing Fri May 17 04:42:03 UTC 2019 /home/travis/build/icyphy/ptII/ptolemy/actor/lib/test/auto/Clock6.xml
----------------- Instantiating /home/travis/build/icyphy/ptII/ptolemy/actor/lib/test/auto/Clock6.xml
2 ms. Memory: 879104K Free: 536448K (61%)
----------------- Invoking toplevel() on ptolemy.moml.MoMLSimpleApplication@e5e512b
----------------- Done invoking toplevel() on ptolemy.moml.MoMLSimpleApplication@e5e512b
reloadAllAccessors: .Clock6

===========================================================================================
----------------- testing Fri May 17 04:42:03 UTC 2019 /home/travis/build/icyphy/ptII/ptolemy/actor/lib/test/auto/Clock7.xml
----------------- Instantiating /home/travis/build/icyphy/ptII/ptolemy/actor/lib/test/auto/Clock7.xml
3 ms. Memory: 879104K Free: 516549K (59%)
----------------- Invoking toplevel() on ptolemy.moml.MoMLSimpleApplication@551b5ea8
----------------- Done invoking toplevel() on ptolemy.moml.MoMLSimpleApplication@551b5ea8
reloadAllAccessors: .Clock7

===========================================================================================
----------------- testing Fri May 17 04:42:03 UTC 2019 /home/travis/build/icyphy/ptII/ptolemy/actor/lib/test/auto/Clock8.xml
----------------- Instantiating /home/travis/build/icyphy/ptII/ptolemy/actor/lib/test/auto/Clock8.xml
6 ms. Memory: 879104K Free: 506179K (58%)
----------------- Invoking toplevel() on ptolemy.moml.MoMLSimpleApplication@785abb4e
----------------- Done invoking toplevel() on ptolemy.moml.MoMLSimpleApplication@785abb4e
reloadAllAccessors: .Clock8

===========================================================================================
----------------- testing Fri May 17 04:42:03 UTC 2019 /home/travis/build/icyphy/ptII/ptolemy/actor/lib/test/auto/Clock9.xml
----------------- Instantiating /home/travis/build/icyphy/ptII/ptolemy/actor/lib/test/auto/Clock9.xml
7 ms. Memory: 879104K Free: 495809K (56%)
----------------- Invoking toplevel() on ptolemy.moml.MoMLSimpleApplication@64c9dc1c
----------------- Done invoking toplevel() on ptolemy.moml.MoMLSimpleApplication@64c9dc1c
reloadAllAccessors: .Clock9

===========================================================================================
----------------- testing Fri May 17 04:42:03 UTC 2019 /home/travis/build/icyphy/ptII/ptolemy/actor/lib/test/auto/CommDistDiscard.xml
----------------- Instantiating /home/travis/build/icyphy/ptII/ptolemy/actor/lib/test/auto/CommDistDiscard.xml
6 ms. Memory: 879104K Free: 485439K (55%)
----------------- Invoking toplevel() on ptolemy.moml.MoMLSimpleApplication@7637b3bc
----------------- Done invoking toplevel() on ptolemy.moml.MoMLSimpleApplication@7637b3bc
reloadAllAccessors: .CommDistDiscard

===========================================================================================
----------------- testing Fri May 17 04:42:03 UTC 2019 /home/travis/build/icyphy/ptII/ptolemy/actor/lib/test/auto/Commutator.xml
----------------- Instantiating /home/travis/build/icyphy/ptII/ptolemy/actor/lib/test/auto/Commutator.xml
2 ms. Memory: 879104K Free: 465540K (53%)
----------------- Invoking toplevel() on ptolemy.moml.MoMLSimpleApplication@1869a0f7
----------------- Done invoking toplevel() on ptolemy.moml.MoMLSimpleApplication@1869a0f7
reloadAllAccessors: .Commutator

===========================================================================================
----------------- testing Fri May 17 04:42:03 UTC 2019 /home/travis/build/icyphy/ptII/ptolemy/actor/lib/test/auto/Commutator2.xml
----------------- Instantiating /home/travis/build/icyphy/ptII/ptolemy/actor/lib/test/auto/Commutator2.xml
1 ms. Memory: 879104K Free: 455170K (52%)
----------------- Invoking toplevel() on ptolemy.moml.MoMLSimpleApplication@e89716e
----------------- Done invoking toplevel() on ptolemy.moml.MoMLSimpleApplication@e89716e
reloadAllAccessors: .Commutator2

===========================================================================================
----------------- testing Fri May 17 04:42:03 UTC 2019 /home/travis/build/icyphy/ptII/ptolemy/actor/lib/test/auto/Commutator3.xml
----------------- Instantiating /home/travis/build/icyphy/ptII/ptolemy/actor/lib/test/auto/Commutator3.xml
2 ms. Memory: 879104K Free: 444800K (51%)
----------------- Invoking toplevel() on ptolemy.moml.MoMLSimpleApplication@6e1f3694
----------------- Done invoking toplevel() on ptolemy.moml.MoMLSimpleApplication@6e1f3694
reloadAllAccessors: .Commutator3

===========================================================================================
----------------- testing Fri May 17 04:42:03 UTC 2019 /home/travis/build/icyphy/ptII/ptolemy/actor/lib/test/auto/Compare.xml
----------------- Instantiating /home/travis/build/icyphy/ptII/ptolemy/actor/lib/test/auto/Compare.xml
2 ms. Memory: 879104K Free: 434430K (49%)
----------------- Invoking toplevel() on ptolemy.moml.MoMLSimpleApplication@33e38b34
----------------- Done invoking toplevel() on ptolemy.moml.MoMLSimpleApplication@33e38b34
reloadAllAccessors: .Compare

===========================================================================================
----------------- testing Fri May 17 04:42:03 UTC 2019 /home/travis/build/icyphy/ptII/ptolemy/actor/lib/test/auto/CompareDE.xml
----------------- Instantiating /home/travis/build/icyphy/ptII/ptolemy/actor/lib/test/auto/CompareDE.xml
4 ms. Memory: 879104K Free: 414531K (47%)
----------------- Invoking toplevel() on ptolemy.moml.MoMLSimpleApplication@5256670f
----------------- Done invoking toplevel() on ptolemy.moml.MoMLSimpleApplication@5256670f
reloadAllAccessors: .CompareDE

===========================================================================================
----------------- testing Fri May 17 04:42:03 UTC 2019 /home/travis/build/icyphy/ptII/ptolemy/actor/lib/test/auto/ComplexDivide.xml
----------------- Instantiating /home/travis/build/icyphy/ptII/ptolemy/actor/lib/test/auto/ComplexDivide.xml
1 ms. Memory: 879104K Free: 404161K (46%)
----------------- Invoking toplevel() on ptolemy.moml.MoMLSimpleApplication@6fb6608d
----------------- Done invoking toplevel() on ptolemy.moml.MoMLSimpleApplication@6fb6608d
reloadAllAccessors: .ComplexDivide

===========================================================================================
----------------- testing Fri May 17 04:42:03 UTC 2019 /home/travis/build/icyphy/ptII/ptolemy/actor/lib/test/auto/ComputeHistogram.xml
----------------- Instantiating /home/travis/build/icyphy/ptII/ptolemy/actor/lib/test/auto/ComputeHistogram.xml
41 ms. Memory: 879104K Free: 388590K (44%)
----------------- Invoking toplevel() on ptolemy.moml.MoMLSimpleApplication@49ee54fc
----------------- Done invoking toplevel() on ptolemy.moml.MoMLSimpleApplication@49ee54fc
reloadAllAccessors: .ComputeHistogram

===========================================================================================
----------------- testing Fri May 17 04:42:03 UTC 2019 /home/travis/build/icyphy/ptII/ptolemy/actor/lib/test/auto/ConfigurationSelect.xml
----------------- Instantiating /home/travis/build/icyphy/ptII/ptolemy/actor/lib/test/auto/ConfigurationSelect.xml
3 ms. Memory: 879104K Free: 378221K (43%)
----------------- Invoking toplevel() on ptolemy.moml.MoMLSimpleApplication@4ff48a1d
----------------- Done invoking toplevel() on ptolemy.moml.MoMLSimpleApplication@4ff48a1d
reloadAllAccessors: .ConfigurationSelect

===========================================================================================
----------------- testing Fri May 17 04:42:03 UTC 2019 /home/travis/build/icyphy/ptII/ptolemy/actor/lib/test/auto/ConfigurationSelect2.xml
----------------- Instantiating /home/travis/build/icyphy/ptII/ptolemy/actor/lib/test/auto/ConfigurationSelect2.xml
2 ms. Memory: 879104K Free: 358321K (41%)
----------------- Invoking toplevel() on ptolemy.moml.MoMLSimpleApplication@6e073fe9
----------------- Done invoking toplevel() on ptolemy.moml.MoMLSimpleApplication@6e073fe9
reloadAllAccessors: .ConfigurationSelect2

===========================================================================================
----------------- testing Fri May 17 04:42:03 UTC 2019 /home/travis/build/icyphy/ptII/ptolemy/actor/lib/test/auto/ConfigurationSwitch.xml
----------------- Instantiating /home/travis/build/icyphy/ptII/ptolemy/actor/lib/test/auto/ConfigurationSwitch.xml
2 ms. Memory: 879104K Free: 347951K (40%)
----------------- Invoking toplevel() on ptolemy.moml.MoMLSimpleApplication@57122952
----------------- Done invoking toplevel() on ptolemy.moml.MoMLSimpleApplication@57122952
reloadAllAccessors: .ConfigurationSwitch

===========================================================================================
----------------- testing Fri May 17 04:42:03 UTC 2019 /home/travis/build/icyphy/ptII/ptolemy/actor/lib/test/auto/ConfigurationSwitch2.xml
----------------- Instantiating /home/travis/build/icyphy/ptII/ptolemy/actor/lib/test/auto/ConfigurationSwitch2.xml
2 ms. Memory: 879104K Free: 337582K (38%)
----------------- Invoking toplevel() on ptolemy.moml.MoMLSimpleApplication@76492309
----------------- Done invoking toplevel() on ptolemy.moml.MoMLSimpleApplication@76492309
reloadAllAccessors: .ConfigurationSwitch2

===========================================================================================
----------------- testing Fri May 17 04:42:03 UTC 2019 /home/travis/build/icyphy/ptII/ptolemy/actor/lib/test/auto/ConfigurationSwitchCloningBugWithClassRelationGroup.xml
----------------- Instantiating /home/travis/build/icyphy/ptII/ptolemy/actor/lib/test/auto/ConfigurationSwitchCloningBugWithClassRelationGroup.xml
1 ms. Memory: 879104K Free: 327212K (37%)
----------------- Invoking toplevel() on ptolemy.moml.MoMLSimpleApplication@79a642ee
----------------- Done invoking toplevel() on ptolemy.moml.MoMLSimpleApplication@79a642ee
reloadAllAccessors: .ConfigurationSwitchCloningBugWithClassRelationGroup

===========================================================================================
----------------- testing Fri May 17 04:42:03 UTC 2019 /home/travis/build/icyphy/ptII/ptolemy/actor/lib/test/auto/ConfigurationSwitchSelectSDF.xml
----------------- Instantiating /home/travis/build/icyphy/ptII/ptolemy/actor/lib/test/auto/ConfigurationSwitchSelectSDF.xml
3 ms. Memory: 879104K Free: 316842K (36%)
----------------- Invoking toplevel() on ptolemy.moml.MoMLSimpleApplication@5b4da5b7
----------------- Done invoking toplevel() on ptolemy.moml.MoMLSimpleApplication@5b4da5b7
reloadAllAccessors: .ConfigurationSwitchSelectSDF

===========================================================================================
----------------- testing Fri May 17 04:42:03 UTC 2019 /home/travis/build/icyphy/ptII/ptolemy/actor/lib/test/auto/ConfigurationSwitchSelectSDF2.xml
----------------- Instantiating /home/travis/build/icyphy/ptII/ptolemy/actor/lib/test/auto/ConfigurationSwitchSelectSDF2.xml
2 ms. Memory: 879104K Free: 296942K (34%)
----------------- Invoking toplevel() on ptolemy.moml.MoMLSimpleApplication@69f232d9
----------------- Done invoking toplevel() on ptolemy.moml.MoMLSimpleApplication@69f232d9
reloadAllAccessors: .ConfigurationSwitchSelectSDF2

===========================================================================================
----------------- testing Fri May 17 04:42:03 UTC 2019 /home/travis/build/icyphy/ptII/ptolemy/actor/lib/test/auto/Const.xml
----------------- Instantiating /home/travis/build/icyphy/ptII/ptolemy/actor/lib/test/auto/Const.xml
2 ms. Memory: 879104K Free: 286572K (33%)
----------------- Invoking toplevel() on ptolemy.moml.MoMLSimpleApplication@70584f28
----------------- Done invoking toplevel() on ptolemy.moml.MoMLSimpleApplication@70584f28
reloadAllAccessors: .Const

===========================================================================================
----------------- testing Fri May 17 04:42:03 UTC 2019 /home/travis/build/icyphy/ptII/ptolemy/actor/lib/test/auto/Const2.xml
----------------- Instantiating /home/travis/build/icyphy/ptII/ptolemy/actor/lib/test/auto/Const2.xml
2 ms. Memory: 879104K Free: 276203K (31%)
----------------- Invoking toplevel() on ptolemy.moml.MoMLSimpleApplication@3f5101cc
----------------- Done invoking toplevel() on ptolemy.moml.MoMLSimpleApplication@3f5101cc
reloadAllAccessors: .Const2

===========================================================================================
----------------- testing Fri May 17 04:42:03 UTC 2019 /home/travis/build/icyphy/ptII/ptolemy/actor/lib/test/auto/Const3.xml
----------------- Instantiating /home/travis/build/icyphy/ptII/ptolemy/actor/lib/test/auto/Const3.xml
3 ms. Memory: 879104K Free: 265833K (30%)
----------------- Invoking toplevel() on ptolemy.moml.MoMLSimpleApplication@382c75d6
----------------- Done invoking toplevel() on ptolemy.moml.MoMLSimpleApplication@382c75d6
reloadAllAccessors: .Const3

===========================================================================================
----------------- testing Fri May 17 04:42:03 UTC 2019 /home/travis/build/icyphy/ptII/ptolemy/actor/lib/test/auto/ConstantPublisherPort1.xml
----------------- Instantiating /home/travis/build/icyphy/ptII/ptolemy/actor/lib/test/auto/ConstantPublisherPort1.xml
6 ms. Memory: 879104K Free: 240748K (27%)
----------------- Invoking toplevel() on ptolemy.moml.MoMLSimpleApplication@4aa4dd3e
----------------- Done invoking toplevel() on ptolemy.moml.MoMLSimpleApplication@4aa4dd3e
reloadAllAccessors: .ConstantPublisherPort1

===========================================================================================
----------------- testing Fri May 17 04:42:03 UTC 2019 /home/travis/build/icyphy/ptII/ptolemy/actor/lib/test/auto/ConstantPublisherPort2.xml
----------------- Instantiating /home/travis/build/icyphy/ptII/ptolemy/actor/lib/test/auto/ConstantPublisherPort2.xml
11 ms. Memory: 879104K Free: 230378K (26%)
----------------- Invoking toplevel() on ptolemy.moml.MoMLSimpleApplication@51f262bb
----------------- Done invoking toplevel() on ptolemy.moml.MoMLSimpleApplication@51f262bb
reloadAllAccessors: .ConstantPublisherPort2

===========================================================================================
----------------- testing Fri May 17 04:42:03 UTC 2019 /home/travis/build/icyphy/ptII/ptolemy/actor/lib/test/auto/ConstantPublisherPort3.xml
----------------- Instantiating /home/travis/build/icyphy/ptII/ptolemy/actor/lib/test/auto/ConstantPublisherPort3.xml
6 ms. Memory: 879104K Free: 220009K (25%)
----------------- Invoking toplevel() on ptolemy.moml.MoMLSimpleApplication@34187ef5
----------------- Done invoking toplevel() on ptolemy.moml.MoMLSimpleApplication@34187ef5
reloadAllAccessors: .ConstantPublisherPort3

===========================================================================================
----------------- testing Fri May 17 04:42:03 UTC 2019 /home/travis/build/icyphy/ptII/ptolemy/actor/lib/test/auto/ConstantPublisherPort4.xml
----------------- Instantiating /home/travis/build/icyphy/ptII/ptolemy/actor/lib/test/auto/ConstantPublisherPort4.xml
4 ms. Memory: 879104K Free: 209639K (24%)
----------------- Invoking toplevel() on ptolemy.moml.MoMLSimpleApplication@1c02053
----------------- Done invoking toplevel() on ptolemy.moml.MoMLSimpleApplication@1c02053
reloadAllAccessors: .ConstantPublisherPort4

===========================================================================================
----------------- testing Fri May 17 04:42:03 UTC 2019 /home/travis/build/icyphy/ptII/ptolemy/actor/lib/test/auto/ConstantPublisherPort5.xml
----------------- Instantiating /home/travis/build/icyphy/ptII/ptolemy/actor/lib/test/auto/ConstantPublisherPort5.xml
21 ms. Memory: 879104K Free: 174169K (20%)
----------------- Invoking toplevel() on ptolemy.moml.MoMLSimpleApplication@119d7e3
----------------- Done invoking toplevel() on ptolemy.moml.MoMLSimpleApplication@119d7e3
reloadAllAccessors: .ConstantPublisherPort5

===========================================================================================
----------------- testing Fri May 17 04:42:03 UTC 2019 /home/travis/build/icyphy/ptII/ptolemy/actor/lib/test/auto/ConstantPublisherPort6.xml
----------------- Instantiating /home/travis/build/icyphy/ptII/ptolemy/actor/lib/test/auto/ConstantPublisherPort6.xml
16 ms. Memory: 879104K Free: 148244K (17%)
----------------- Invoking toplevel() on ptolemy.moml.MoMLSimpleApplication@61183a05
----------------- Done invoking toplevel() on ptolemy.moml.MoMLSimpleApplication@61183a05
reloadAllAccessors: .ConstantPublisherPort6

===========================================================================================
----------------- testing Fri May 17 04:42:03 UTC 2019 /home/travis/build/icyphy/ptII/ptolemy/actor/lib/test/auto/ConstantPublisherPort7.xml
----------------- Instantiating /home/travis/build/icyphy/ptII/ptolemy/actor/lib/test/auto/ConstantPublisherPort7.xml
11 ms. Memory: 879104K Free: 122320K (14%)
----------------- Invoking toplevel() on ptolemy.moml.MoMLSimpleApplication@29cab73e
----------------- Done invoking toplevel() on ptolemy.moml.MoMLSimpleApplication@29cab73e
reloadAllAccessors: .ConstantPublisherPort7

===========================================================================================
----------------- testing Fri May 17 04:42:03 UTC 2019 /home/travis/build/icyphy/ptII/ptolemy/actor/lib/test/auto/ConstraintMonitor1.xml
----------------- Instantiating /home/travis/build/icyphy/ptII/ptolemy/actor/lib/test/auto/ConstraintMonitor1.xml
3 ms. Memory: 879104K Free: 111950K (13%)
----------------- Invoking toplevel() on ptolemy.moml.MoMLSimpleApplication@36394ef6
----------------- Done invoking toplevel() on ptolemy.moml.MoMLSimpleApplication@36394ef6
reloadAllAccessors: .ConstraintMonitor1

===========================================================================================
----------------- testing Fri May 17 04:42:03 UTC 2019 /home/travis/build/icyphy/ptII/ptolemy/actor/lib/test/auto/ConstraintMonitor2.xml
----------------- Instantiating /home/travis/build/icyphy/ptII/ptolemy/actor/lib/test/auto/ConstraintMonitor2.xml
2 ms. Memory: 879104K Free: 92050K (10%)
----------------- Invoking toplevel() on ptolemy.moml.MoMLSimpleApplication@53acd5d
----------------- Done invoking toplevel() on ptolemy.moml.MoMLSimpleApplication@53acd5d
reloadAllAccessors: .ConstraintMonitor2

===========================================================================================
----------------- testing Fri May 17 04:42:03 UTC 2019 /home/travis/build/icyphy/ptII/ptolemy/actor/lib/test/auto/ConstraintMonitor3.xml
----------------- Instantiating /home/travis/build/icyphy/ptII/ptolemy/actor/lib/test/auto/ConstraintMonitor3.xml
8 ms. Memory: 879104K Free: 81681K (9%)
----------------- Invoking toplevel() on ptolemy.moml.MoMLSimpleApplication@5581238
----------------- Done invoking toplevel() on ptolemy.moml.MoMLSimpleApplication@5581238
reloadAllAccessors: .ConstraintMonitor3

===========================================================================================
----------------- testing Fri May 17 04:42:03 UTC 2019 /home/travis/build/icyphy/ptII/ptolemy/actor/lib/test/auto/ConstraintMonitor4.xml
----------------- Instantiating /home/travis/build/icyphy/ptII/ptolemy/actor/lib/test/auto/ConstraintMonitor4.xml
5 ms. Memory: 879104K Free: 71311K (8%)
----------------- Invoking toplevel() on ptolemy.moml.MoMLSimpleApplication@20fa115c
----------------- Done invoking toplevel() on ptolemy.moml.MoMLSimpleApplication@20fa115c
reloadAllAccessors: .ConstraintMonitor4

===========================================================================================
----------------- testing Fri May 17 04:42:03 UTC 2019 /home/travis/build/icyphy/ptII/ptolemy/actor/lib/test/auto/ConstraintMonitor5.xml
----------------- Instantiating /home/travis/build/icyphy/ptII/ptolemy/actor/lib/test/auto/ConstraintMonitor5.xml
7 ms. Memory: 879104K Free: 60941K (7%)
----------------- Invoking toplevel() on ptolemy.moml.MoMLSimpleApplication@7f0b51b
----------------- Done invoking toplevel() on ptolemy.moml.MoMLSimpleApplication@7f0b51b
reloadAllAccessors: .ConstraintMonitor5

===========================================================================================
----------------- testing Fri May 17 04:42:04 UTC 2019 /home/travis/build/icyphy/ptII/ptolemy/actor/lib/test/auto/ConstraintMonitor6.xml
----------------- Instantiating /home/travis/build/icyphy/ptII/ptolemy/actor/lib/test/auto/ConstraintMonitor6.xml
2 ms. Memory: 879616K Free: 815988K (93%)
----------------- Invoking toplevel() on ptolemy.moml.MoMLSimpleApplication@4f91a9c4
----------------- Done invoking toplevel() on ptolemy.moml.MoMLSimpleApplication@4f91a9c4
reloadAllAccessors: .ConstraintMonitor6

===========================================================================================
----------------- testing Fri May 17 04:42:04 UTC 2019 /home/travis/build/icyphy/ptII/ptolemy/actor/lib/test/auto/ConstraintMonitor7.xml
----------------- Instantiating /home/travis/build/icyphy/ptII/ptolemy/actor/lib/test/auto/ConstraintMonitor7.xml
4 ms. Memory: 879616K Free: 805456K (92%)
----------------- Invoking toplevel() on ptolemy.moml.MoMLSimpleApplication@5aa6098f
----------------- Done invoking toplevel() on ptolemy.moml.MoMLSimpleApplication@5aa6098f
reloadAllAccessors: .ConstraintMonitor7

===========================================================================================
----------------- testing Fri May 17 04:42:04 UTC 2019 /home/travis/build/icyphy/ptII/ptolemy/actor/lib/test/auto/ConstraintMonitor8.xml
----------------- Instantiating /home/travis/build/icyphy/ptII/ptolemy/actor/lib/test/auto/ConstraintMonitor8.xml
8 ms. Memory: 879616K Free: 795087K (90%)
----------------- Invoking toplevel() on ptolemy.moml.MoMLSimpleApplication@4c98b70
----------------- Done invoking toplevel() on ptolemy.moml.MoMLSimpleApplication@4c98b70
reloadAllAccessors: .ConstraintMonitor8

===========================================================================================
----------------- testing Fri May 17 04:42:04 UTC 2019 /home/travis/build/icyphy/ptII/ptolemy/actor/lib/test/auto/Counter.xml
----------------- Instantiating /home/travis/build/icyphy/ptII/ptolemy/actor/lib/test/auto/Counter.xml
4 ms. Memory: 879616K Free: 777575K (88%)
----------------- Invoking toplevel() on ptolemy.moml.MoMLSimpleApplication@5f777e67
----------------- Done invoking toplevel() on ptolemy.moml.MoMLSimpleApplication@5f777e67
reloadAllAccessors: .Counter

===========================================================================================
----------------- testing Fri May 17 04:42:04 UTC 2019 /home/travis/build/icyphy/ptII/ptolemy/actor/lib/test/auto/CurrentTimeSDF.xml
----------------- Instantiating /home/travis/build/icyphy/ptII/ptolemy/actor/lib/test/auto/CurrentTimeSDF.xml
1 ms. Memory: 879616K Free: 767205K (87%)
----------------- Invoking toplevel() on ptolemy.moml.MoMLSimpleApplication@4089758a
----------------- Done invoking toplevel() on ptolemy.moml.MoMLSimpleApplication@4089758a
reloadAllAccessors: .CurrentTimeSDF

===========================================================================================
----------------- testing Fri May 17 04:42:04 UTC 2019 /home/travis/build/icyphy/ptII/ptolemy/actor/lib/test/auto/DB.xml
----------------- Instantiating /home/travis/build/icyphy/ptII/ptolemy/actor/lib/test/auto/DB.xml
2 ms. Memory: 879616K Free: 756835K (86%)
----------------- Invoking toplevel() on ptolemy.moml.MoMLSimpleApplication@6fd97d70
----------------- Done invoking toplevel() on ptolemy.moml.MoMLSimpleApplication@6fd97d70
reloadAllAccessors: .DB

===========================================================================================
----------------- testing Fri May 17 04:42:04 UTC 2019 /home/travis/build/icyphy/ptII/ptolemy/actor/lib/test/auto/DBDE.xml
----------------- Instantiating /home/travis/build/icyphy/ptII/ptolemy/actor/lib/test/auto/DBDE.xml
2 ms. Memory: 879616K Free: 739323K (84%)
----------------- Invoking toplevel() on ptolemy.moml.MoMLSimpleApplication@4c968098
----------------- Done invoking toplevel() on ptolemy.moml.MoMLSimpleApplication@4c968098
reloadAllAccessors: .DBDE

===========================================================================================
----------------- testing Fri May 17 04:42:04 UTC 2019 /home/travis/build/icyphy/ptII/ptolemy/actor/lib/test/auto/DateConstructor.xml
----------------- Instantiating /home/travis/build/icyphy/ptII/ptolemy/actor/lib/test/auto/DateConstructor.xml
19 ms. Memory: 879616K Free: 718567K (82%)
----------------- Invoking toplevel() on ptolemy.moml.MoMLSimpleApplication@2816ace8
----------------- Done invoking toplevel() on ptolemy.moml.MoMLSimpleApplication@2816ace8
reloadAllAccessors: .DateConstructor

===========================================================================================
----------------- testing Fri May 17 04:42:04 UTC 2019 /home/travis/build/icyphy/ptII/ptolemy/actor/lib/test/auto/DelayTime.xml
----------------- Instantiating /home/travis/build/icyphy/ptII/ptolemy/actor/lib/test/auto/DelayTime.xml
3 ms. Memory: 879616K Free: 708197K (81%)
----------------- Invoking toplevel() on ptolemy.moml.MoMLSimpleApplication@5fa7a641
----------------- Done invoking toplevel() on ptolemy.moml.MoMLSimpleApplication@5fa7a641
reloadAllAccessors: .DelayTime

===========================================================================================
----------------- testing Fri May 17 04:42:04 UTC 2019 /home/travis/build/icyphy/ptII/ptolemy/actor/lib/test/auto/Dictionary1.xml
----------------- Instantiating /home/travis/build/icyphy/ptII/ptolemy/actor/lib/test/auto/Dictionary1.xml
2 ms. Memory: 879616K Free: 697828K (79%)
----------------- Invoking toplevel() on ptolemy.moml.MoMLSimpleApplication@179a2244
----------------- Done invoking toplevel() on ptolemy.moml.MoMLSimpleApplication@179a2244
reloadAllAccessors: .Dictionary1

===========================================================================================
----------------- testing Fri May 17 04:42:04 UTC 2019 /home/travis/build/icyphy/ptII/ptolemy/actor/lib/test/auto/Dictionary2.xml
----------------- Instantiating /home/travis/build/icyphy/ptII/ptolemy/actor/lib/test/auto/Dictionary2.xml
3 ms. Memory: 879616K Free: 680316K (77%)
----------------- Invoking toplevel() on ptolemy.moml.MoMLSimpleApplication@8cae7b3
----------------- Done invoking toplevel() on ptolemy.moml.MoMLSimpleApplication@8cae7b3
reloadAllAccessors: .Dictionary2

===========================================================================================
----------------- testing Fri May 17 04:42:04 UTC 2019 /home/travis/build/icyphy/ptII/ptolemy/actor/lib/test/auto/Dictionary3.xml
----------------- Instantiating /home/travis/build/icyphy/ptII/ptolemy/actor/lib/test/auto/Dictionary3.xml
1 ms. Memory: 879616K Free: 669946K (76%)
----------------- Invoking toplevel() on ptolemy.moml.MoMLSimpleApplication@77e7336b
----------------- Done invoking toplevel() on ptolemy.moml.MoMLSimpleApplication@77e7336b
reloadAllAccessors: .Dictionary3

===========================================================================================
----------------- testing Fri May 17 04:42:04 UTC 2019 /home/travis/build/icyphy/ptII/ptolemy/actor/lib/test/auto/Dictionary4.xml
----------------- Instantiating /home/travis/build/icyphy/ptII/ptolemy/actor/lib/test/auto/Dictionary4.xml
3 ms. Memory: 879616K Free: 659576K (75%)
----------------- Invoking toplevel() on ptolemy.moml.MoMLSimpleApplication@4d463abb
----------------- Done invoking toplevel() on ptolemy.moml.MoMLSimpleApplication@4d463abb
reloadAllAccessors: .Dictionary4

===========================================================================================
----------------- testing Fri May 17 04:42:04 UTC 2019 /home/travis/build/icyphy/ptII/ptolemy/actor/lib/test/auto/Differential.xml
----------------- Instantiating /home/travis/build/icyphy/ptII/ptolemy/actor/lib/test/auto/Differential.xml
3 ms. Memory: 879616K Free: 642064K (73%)
----------------- Invoking toplevel() on ptolemy.moml.MoMLSimpleApplication@32d1e226
----------------- Done invoking toplevel() on ptolemy.moml.MoMLSimpleApplication@32d1e226
reloadAllAccessors: .Differential

===========================================================================================
----------------- testing Fri May 17 04:42:04 UTC 2019 /home/travis/build/icyphy/ptII/ptolemy/actor/lib/test/auto/Director.xml
----------------- Instantiating /home/travis/build/icyphy/ptII/ptolemy/actor/lib/test/auto/Director.xml
2 ms. Memory: 879616K Free: 631694K (72%)
----------------- Invoking toplevel() on ptolemy.moml.MoMLSimpleApplication@6d532e6a
----------------- Done invoking toplevel() on ptolemy.moml.MoMLSimpleApplication@6d532e6a
reloadAllAccessors: .Director

===========================================================================================
----------------- testing Fri May 17 04:42:04 UTC 2019 /home/travis/build/icyphy/ptII/ptolemy/actor/lib/test/auto/DiscreteClock.xml
----------------- Instantiating /home/travis/build/icyphy/ptII/ptolemy/actor/lib/test/auto/DiscreteClock.xml
1 ms. Memory: 879616K Free: 621325K (71%)
----------------- Invoking toplevel() on ptolemy.moml.MoMLSimpleApplication@6bc6b96c
----------------- Done invoking toplevel() on ptolemy.moml.MoMLSimpleApplication@6bc6b96c
reloadAllAccessors: .DiscreteClock

===========================================================================================
----------------- testing Fri May 17 04:42:04 UTC 2019 /home/travis/build/icyphy/ptII/ptolemy/actor/lib/test/auto/DiscreteClock10.xml
----------------- Instantiating /home/travis/build/icyphy/ptII/ptolemy/actor/lib/test/auto/DiscreteClock10.xml
10 ms. Memory: 879616K Free: 603812K (69%)
----------------- Invoking toplevel() on ptolemy.moml.MoMLSimpleApplication@3dff4f
----------------- Done invoking toplevel() on ptolemy.moml.MoMLSimpleApplication@3dff4f
reloadAllAccessors: .DiscreteClock10

===========================================================================================
----------------- testing Fri May 17 04:42:04 UTC 2019 /home/travis/build/icyphy/ptII/ptolemy/actor/lib/test/auto/DiscreteClock11.xml
----------------- Instantiating /home/travis/build/icyphy/ptII/ptolemy/actor/lib/test/auto/DiscreteClock11.xml
2 ms. Memory: 879616K Free: 593443K (67%)
----------------- Invoking toplevel() on ptolemy.moml.MoMLSimpleApplication@16216f92
----------------- Done invoking toplevel() on ptolemy.moml.MoMLSimpleApplication@16216f92
reloadAllAccessors: .DiscreteClock11

===========================================================================================
----------------- testing Fri May 17 04:42:04 UTC 2019 /home/travis/build/icyphy/ptII/ptolemy/actor/lib/test/auto/DiscreteClock12.xml
----------------- Instantiating /home/travis/build/icyphy/ptII/ptolemy/actor/lib/test/auto/DiscreteClock12.xml
2 ms. Memory: 879616K Free: 583073K (66%)
----------------- Invoking toplevel() on ptolemy.moml.MoMLSimpleApplication@5e8e138d
----------------- Done invoking toplevel() on ptolemy.moml.MoMLSimpleApplication@5e8e138d
reloadAllAccessors: .DiscreteClock12

===========================================================================================
----------------- testing Fri May 17 04:42:04 UTC 2019 /home/travis/build/icyphy/ptII/ptolemy/actor/lib/test/auto/DiscreteClock13.xml
----------------- Instantiating /home/travis/build/icyphy/ptII/ptolemy/actor/lib/test/auto/DiscreteClock13.xml
7 ms. Memory: 879616K Free: 565561K (64%)
----------------- Invoking toplevel() on ptolemy.moml.MoMLSimpleApplication@5868ac7f
----------------- Done invoking toplevel() on ptolemy.moml.MoMLSimpleApplication@5868ac7f
reloadAllAccessors: .DiscreteClock13

===========================================================================================
----------------- testing Fri May 17 04:42:04 UTC 2019 /home/travis/build/icyphy/ptII/ptolemy/actor/lib/test/auto/DiscreteClock14.xml
----------------- Instantiating /home/travis/build/icyphy/ptII/ptolemy/actor/lib/test/auto/DiscreteClock14.xml
7 ms. Memory: 879616K Free: 555191K (63%)
----------------- Invoking toplevel() on ptolemy.moml.MoMLSimpleApplication@3878349d
----------------- Done invoking toplevel() on ptolemy.moml.MoMLSimpleApplication@3878349d
reloadAllAccessors: .DiscreteClock14

===========================================================================================
----------------- testing Fri May 17 04:42:04 UTC 2019 /home/travis/build/icyphy/ptII/ptolemy/actor/lib/test/auto/DiscreteClock15.xml
----------------- Instantiating /home/travis/build/icyphy/ptII/ptolemy/actor/lib/test/auto/DiscreteClock15.xml
6 ms. Memory: 879616K Free: 544821K (62%)
----------------- Invoking toplevel() on ptolemy.moml.MoMLSimpleApplication@63b8a2fa
----------------- Done invoking toplevel() on ptolemy.moml.MoMLSimpleApplication@63b8a2fa
reloadAllAccessors: .DiscreteClock15

===========================================================================================
----------------- testing Fri May 17 04:42:04 UTC 2019 /home/travis/build/icyphy/ptII/ptolemy/actor/lib/test/auto/DiscreteClock16.xml
----------------- Instantiating /home/travis/build/icyphy/ptII/ptolemy/actor/lib/test/auto/DiscreteClock16.xml
19 ms. Memory: 879616K Free: 522108K (59%)
----------------- Invoking toplevel() on ptolemy.moml.MoMLSimpleApplication@1ebc398
----------------- Done invoking toplevel() on ptolemy.moml.MoMLSimpleApplication@1ebc398
reloadAllAccessors: .DiscreteClock16

===========================================================================================
----------------- testing Fri May 17 04:42:04 UTC 2019 /home/travis/build/icyphy/ptII/ptolemy/actor/lib/test/auto/DiscreteClock17.xml
----------------- Instantiating /home/travis/build/icyphy/ptII/ptolemy/actor/lib/test/auto/DiscreteClock17.xml
18 ms. Memory: 879616K Free: 506538K (58%)
----------------- Invoking toplevel() on ptolemy.moml.MoMLSimpleApplication@3adb5054
----------------- Done invoking toplevel() on ptolemy.moml.MoMLSimpleApplication@3adb5054
reloadAllAccessors: .DiscreteClock17

===========================================================================================
----------------- testing Fri May 17 04:42:04 UTC 2019 /home/travis/build/icyphy/ptII/ptolemy/actor/lib/test/auto/DiscreteClock18.xml
----------------- Instantiating /home/travis/build/icyphy/ptII/ptolemy/actor/lib/test/auto/DiscreteClock18.xml
24 ms. Memory: 879616K Free: 490983K (56%)
----------------- Invoking toplevel() on ptolemy.moml.MoMLSimpleApplication@84a2dc9
----------------- Done invoking toplevel() on ptolemy.moml.MoMLSimpleApplication@84a2dc9
reloadAllAccessors: .DiscreteClock18

===========================================================================================
----------------- testing Fri May 17 04:42:04 UTC 2019 /home/travis/build/icyphy/ptII/ptolemy/actor/lib/test/auto/DiscreteClock19.xml
----------------- Instantiating /home/travis/build/icyphy/ptII/ptolemy/actor/lib/test/auto/DiscreteClock19.xml
16 ms. Memory: 879616K Free: 468270K (53%)
----------------- Invoking toplevel() on ptolemy.moml.MoMLSimpleApplication@682a3f20
----------------- Done invoking toplevel() on ptolemy.moml.MoMLSimpleApplication@682a3f20
reloadAllAccessors: .DiscreteClock19

===========================================================================================
----------------- testing Fri May 17 04:42:04 UTC 2019 /home/travis/build/icyphy/ptII/ptolemy/actor/lib/test/auto/DiscreteClock2.xml
----------------- Instantiating /home/travis/build/icyphy/ptII/ptolemy/actor/lib/test/auto/DiscreteClock2.xml
1 ms. Memory: 879616K Free: 457900K (52%)
----------------- Invoking toplevel() on ptolemy.moml.MoMLSimpleApplication@28c2e5fc
----------------- Done invoking toplevel() on ptolemy.moml.MoMLSimpleApplication@28c2e5fc
reloadAllAccessors: .DiscreteClock2

===========================================================================================
----------------- testing Fri May 17 04:42:04 UTC 2019 /home/travis/build/icyphy/ptII/ptolemy/actor/lib/test/auto/DiscreteClock20.xml
----------------- Instantiating /home/travis/build/icyphy/ptII/ptolemy/actor/lib/test/auto/DiscreteClock20.xml
2 ms. Memory: 879616K Free: 447530K (51%)
----------------- Invoking toplevel() on ptolemy.moml.MoMLSimpleApplication@c4ec072
----------------- Done invoking toplevel() on ptolemy.moml.MoMLSimpleApplication@c4ec072
reloadAllAccessors: .DiscreteClock20

===========================================================================================
----------------- testing Fri May 17 04:42:04 UTC 2019 /home/travis/build/icyphy/ptII/ptolemy/actor/lib/test/auto/DiscreteClock21.xml
----------------- Instantiating /home/travis/build/icyphy/ptII/ptolemy/actor/lib/test/auto/DiscreteClock21.xml
3 ms. Memory: 879616K Free: 430018K (49%)
----------------- Invoking toplevel() on ptolemy.moml.MoMLSimpleApplication@1c7f9c33
----------------- Done invoking toplevel() on ptolemy.moml.MoMLSimpleApplication@1c7f9c33
reloadAllAccessors: .DiscreteClock21

===========================================================================================
----------------- testing Fri May 17 04:42:04 UTC 2019 /home/travis/build/icyphy/ptII/ptolemy/actor/lib/test/auto/DiscreteClock22.xml
----------------- Instantiating /home/travis/build/icyphy/ptII/ptolemy/actor/lib/test/auto/DiscreteClock22.xml
6 ms. Memory: 879616K Free: 419648K (48%)
----------------- Invoking toplevel() on ptolemy.moml.MoMLSimpleApplication@7a8e333a
----------------- Done invoking toplevel() on ptolemy.moml.MoMLSimpleApplication@7a8e333a
reloadAllAccessors: .DiscreteClock22

===========================================================================================
----------------- testing Fri May 17 04:42:04 UTC 2019 /home/travis/build/icyphy/ptII/ptolemy/actor/lib/test/auto/DiscreteClock23.xml
----------------- Instantiating /home/travis/build/icyphy/ptII/ptolemy/actor/lib/test/auto/DiscreteClock23.xml
7 ms. Memory: 879616K Free: 409278K (47%)
----------------- Invoking toplevel() on ptolemy.moml.MoMLSimpleApplication@6f4f9452
----------------- Done invoking toplevel() on ptolemy.moml.MoMLSimpleApplication@6f4f9452
reloadAllAccessors: .DiscreteClock23

===========================================================================================
----------------- testing Fri May 17 04:42:04 UTC 2019 /home/travis/build/icyphy/ptII/ptolemy/actor/lib/test/auto/DiscreteClock24.xml
----------------- Instantiating /home/travis/build/icyphy/ptII/ptolemy/actor/lib/test/auto/DiscreteClock24.xml
6 ms. Memory: 1365504K Free: 1310577K (96%)
----------------- Invoking toplevel() on ptolemy.moml.MoMLSimpleApplication@2886b9
----------------- Done invoking toplevel() on ptolemy.moml.MoMLSimpleApplication@2886b9
reloadAllAccessors: .DiscreteClock24

===========================================================================================
----------------- testing Fri May 17 04:42:05 UTC 2019 /home/travis/build/icyphy/ptII/ptolemy/actor/lib/test/auto/DiscreteClock4.xml
----------------- Instantiating /home/travis/build/icyphy/ptII/ptolemy/actor/lib/test/auto/DiscreteClock4.xml
4 ms. Memory: 1365504K Free: 1284974K (94%)
----------------- Invoking toplevel() on ptolemy.moml.MoMLSimpleApplication@21d73574
----------------- Done invoking toplevel() on ptolemy.moml.MoMLSimpleApplication@21d73574
reloadAllAccessors: .DiscreteClock4

===========================================================================================
----------------- testing Fri May 17 04:42:05 UTC 2019 /home/travis/build/icyphy/ptII/ptolemy/actor/lib/test/auto/DiscreteClock5.xml
----------------- Instantiating /home/travis/build/icyphy/ptII/ptolemy/actor/lib/test/auto/DiscreteClock5.xml
1 ms. Memory: 1365504K Free: 1268379K (93%)
----------------- Invoking toplevel() on ptolemy.moml.MoMLSimpleApplication@51731630
----------------- Done invoking toplevel() on ptolemy.moml.MoMLSimpleApplication@51731630
reloadAllAccessors: .DiscreteClock5

===========================================================================================
----------------- testing Fri May 17 04:42:05 UTC 2019 /home/travis/build/icyphy/ptII/ptolemy/actor/lib/test/auto/DiscreteClock6.xml
----------------- Instantiating /home/travis/build/icyphy/ptII/ptolemy/actor/lib/test/auto/DiscreteClock6.xml
1 ms. Memory: 1365504K Free: 1251783K (92%)
----------------- Invoking toplevel() on ptolemy.moml.MoMLSimpleApplication@41908a53
----------------- Done invoking toplevel() on ptolemy.moml.MoMLSimpleApplication@41908a53
reloadAllAccessors: .DiscreteClock6

===========================================================================================
----------------- testing Fri May 17 04:42:05 UTC 2019 /home/travis/build/icyphy/ptII/ptolemy/actor/lib/test/auto/DiscreteClock7.xml
----------------- Instantiating /home/travis/build/icyphy/ptII/ptolemy/actor/lib/test/auto/DiscreteClock7.xml
1 ms. Memory: 1365504K Free: 1226348K (90%)
----------------- Invoking toplevel() on ptolemy.moml.MoMLSimpleApplication@36a21bfa
----------------- Done invoking toplevel() on ptolemy.moml.MoMLSimpleApplication@36a21bfa
reloadAllAccessors: .DiscreteClock7

===========================================================================================
----------------- testing Fri May 17 04:42:05 UTC 2019 /home/travis/build/icyphy/ptII/ptolemy/actor/lib/test/auto/DiscreteClock8.xml
----------------- Instantiating /home/travis/build/icyphy/ptII/ptolemy/actor/lib/test/auto/DiscreteClock8.xml
5 ms. Memory: 1365504K Free: 1209753K (89%)
----------------- Invoking toplevel() on ptolemy.moml.MoMLSimpleApplication@212998cb
----------------- Done invoking toplevel() on ptolemy.moml.MoMLSimpleApplication@212998cb
reloadAllAccessors: .DiscreteClock8

===========================================================================================
----------------- testing Fri May 17 04:42:05 UTC 2019 /home/travis/build/icyphy/ptII/ptolemy/actor/lib/test/auto/DiscreteClock9.xml
----------------- Instantiating /home/travis/build/icyphy/ptII/ptolemy/actor/lib/test/auto/DiscreteClock9.xml
6 ms. Memory: 1365504K Free: 1193157K (87%)
----------------- Invoking toplevel() on ptolemy.moml.MoMLSimpleApplication@23642eb0
----------------- Done invoking toplevel() on ptolemy.moml.MoMLSimpleApplication@23642eb0
reloadAllAccessors: .DiscreteClock9

===========================================================================================
----------------- testing Fri May 17 04:42:05 UTC 2019 /home/travis/build/icyphy/ptII/ptolemy/actor/lib/test/auto/DisplayArray.xml
----------------- Instantiating /home/travis/build/icyphy/ptII/ptolemy/actor/lib/test/auto/DisplayArray.xml
2 ms. Memory: 1365504K Free: 1176561K (86%)
----------------- Invoking toplevel() on ptolemy.moml.MoMLSimpleApplication@4e37012
----------------- Done invoking toplevel() on ptolemy.moml.MoMLSimpleApplication@4e37012
reloadAllAccessors: .DisplayArray

===========================================================================================
----------------- testing Fri May 17 04:42:05 UTC 2019 /home/travis/build/icyphy/ptII/ptolemy/actor/lib/test/auto/Distributor.xml
----------------- Instantiating /home/travis/build/icyphy/ptII/ptolemy/actor/lib/test/auto/Distributor.xml
1 ms. Memory: 1365504K Free: 1151127K (84%)
----------------- Invoking toplevel() on ptolemy.moml.MoMLSimpleApplication@7ce34f65
----------------- Done invoking toplevel() on ptolemy.moml.MoMLSimpleApplication@7ce34f65
reloadAllAccessors: .Distributor

===========================================================================================
----------------- testing Fri May 17 04:42:05 UTC 2019 /home/travis/build/icyphy/ptII/ptolemy/actor/lib/test/auto/Distributor2.xml
----------------- Instantiating /home/travis/build/icyphy/ptII/ptolemy/actor/lib/test/auto/Distributor2.xml
1 ms. Memory: 1365504K Free: 1134531K (83%)
----------------- Invoking toplevel() on ptolemy.moml.MoMLSimpleApplication@1a512a53
----------------- Done invoking toplevel() on ptolemy.moml.MoMLSimpleApplication@1a512a53
reloadAllAccessors: .Distributor2

===========================================================================================
----------------- testing Fri May 17 04:42:05 UTC 2019 /home/travis/build/icyphy/ptII/ptolemy/actor/lib/test/auto/DownSample.xml
----------------- Instantiating /home/travis/build/icyphy/ptII/ptolemy/actor/lib/test/auto/DownSample.xml
1 ms. Memory: 1365504K Free: 1117935K (82%)
----------------- Invoking toplevel() on ptolemy.moml.MoMLSimpleApplication@67b2e466
----------------- Done invoking toplevel() on ptolemy.moml.MoMLSimpleApplication@67b2e466
reloadAllAccessors: .DownSample

===========================================================================================
----------------- testing Fri May 17 04:42:05 UTC 2019 /home/travis/build/icyphy/ptII/ptolemy/actor/lib/test/auto/ElectronicUnitBase1.xml
----------------- Instantiating /home/travis/build/icyphy/ptII/ptolemy/actor/lib/test/auto/ElectronicUnitBase1.xml
20 ms. Memory: 1365504K Free: 1093041K (80%)
----------------- Invoking toplevel() on ptolemy.moml.MoMLSimpleApplication@212ee9b
----------------- Done invoking toplevel() on ptolemy.moml.MoMLSimpleApplication@212ee9b
reloadAllAccessors: .ElectronicUnitBase1

===========================================================================================
----------------- testing Fri May 17 04:42:05 UTC 2019 /home/travis/build/icyphy/ptII/ptolemy/actor/lib/test/auto/ElementsToArray.xml
----------------- Instantiating /home/travis/build/icyphy/ptII/ptolemy/actor/lib/test/auto/ElementsToArray.xml
2 ms. Memory: 1365504K Free: 1067606K (78%)
----------------- Invoking toplevel() on ptolemy.moml.MoMLSimpleApplication@561d8c88
----------------- Done invoking toplevel() on ptolemy.moml.MoMLSimpleApplication@561d8c88
reloadAllAccessors: .ElementsToArray

===========================================================================================
----------------- testing Fri May 17 04:42:05 UTC 2019 /home/travis/build/icyphy/ptII/ptolemy/actor/lib/test/auto/Equals.xml
----------------- Instantiating /home/travis/build/icyphy/ptII/ptolemy/actor/lib/test/auto/Equals.xml
2 ms. Memory: 1365504K Free: 1051011K (77%)
----------------- Invoking toplevel() on ptolemy.moml.MoMLSimpleApplication@139f2daf
----------------- Done invoking toplevel() on ptolemy.moml.MoMLSimpleApplication@139f2daf
reloadAllAccessors: .Equals

===========================================================================================
----------------- testing Fri May 17 04:42:05 UTC 2019 /home/travis/build/icyphy/ptII/ptolemy/actor/lib/test/auto/Exec.xml
----------------- Instantiating /home/travis/build/icyphy/ptII/ptolemy/actor/lib/test/auto/Exec.xml
14 ms. Memory: 1365504K Free: 1013670K (74%)
----------------- Invoking toplevel() on ptolemy.moml.MoMLSimpleApplication@68665c8c
----------------- Done invoking toplevel() on ptolemy.moml.MoMLSimpleApplication@68665c8c
reloadAllAccessors: .Exec

===========================================================================================
----------------- testing Fri May 17 04:42:05 UTC 2019 /home/travis/build/icyphy/ptII/ptolemy/actor/lib/test/auto/ExecEnvironment.xml
----------------- Instantiating /home/travis/build/icyphy/ptII/ptolemy/actor/lib/test/auto/ExecEnvironment.xml
25 ms. Memory: 1365504K Free: 980479K (72%)
----------------- Invoking toplevel() on ptolemy.moml.MoMLSimpleApplication@1257dac1
----------------- Done invoking toplevel() on ptolemy.moml.MoMLSimpleApplication@1257dac1
reloadAllAccessors: .ExecEnvironment

===========================================================================================
----------------- testing Fri May 17 04:42:05 UTC 2019 /home/travis/build/icyphy/ptII/ptolemy/actor/lib/test/auto/ExecNonZeroReturnOutput.xml
----------------- Instantiating /home/travis/build/icyphy/ptII/ptolemy/actor/lib/test/auto/ExecNonZeroReturnOutput.xml
121 ms. Memory: 1365504K Free: 847171K (62%)
----------------- Invoking toplevel() on ptolemy.moml.MoMLSimpleApplication@306c5538
----------------- Done invoking toplevel() on ptolemy.moml.MoMLSimpleApplication@306c5538
reloadAllAccessors: .ExecNonZeroReturnOutput

===========================================================================================
----------------- testing Fri May 17 04:42:05 UTC 2019 /home/travis/build/icyphy/ptII/ptolemy/actor/lib/test/auto/ExecRunDemos.xml
----------------- Instantiating /home/travis/build/icyphy/ptII/ptolemy/actor/lib/test/auto/ExecRunDemos.xml
Finished: 42 ms. Memory: 116224K Free: 100562K (87%)

Finished: 35 ms. Memory: 116224K Free: 97678K (84%)

Finished: 69 ms. Memory: 116224K Free: 98219K (85%)

Finished: 60 ms. Memory: 116224K Free: 99546K (86%)

Finished: 50 ms. Memory: 116224K Free: 100578K (87%)

9059 ms. Memory: 1365504K Free: 739282K (54%)
----------------- Invoking toplevel() on ptolemy.moml.MoMLSimpleApplication@28d7f67d
----------------- Done invoking toplevel() on ptolemy.moml.MoMLSimpleApplication@28d7f67d
reloadAllAccessors: .ExecRunDemos

===========================================================================================
----------------- testing Fri May 17 04:42:15 UTC 2019 /home/travis/build/icyphy/ptII/ptolemy/actor/lib/test/auto/ExecStop.xml
----------------- Instantiating /home/travis/build/icyphy/ptII/ptolemy/actor/lib/test/auto/ExecStop.xml
5010 ms. Memory: 1365504K Free: 523538K (38%)
----------------- Invoking toplevel() on ptolemy.moml.MoMLSimpleApplication@25414c4e
----------------- Done invoking toplevel() on ptolemy.moml.MoMLSimpleApplication@25414c4e
reloadAllAccessors: .ExecStop

===========================================================================================
----------------- testing Fri May 17 04:42:20 UTC 2019 /home/travis/build/icyphy/ptII/ptolemy/actor/lib/test/auto/ExecutionTimeSDF.xml
----------------- Instantiating /home/travis/build/icyphy/ptII/ptolemy/actor/lib/test/auto/ExecutionTimeSDF.xml
Fired ExecutionTime: -502567296
Fired ExecutionTime: 981600000
Fired ExecutionTime: -1650567296
6008 ms. Memory: 1365504K Free: 489789K (36%)
----------------- Invoking toplevel() on ptolemy.moml.MoMLSimpleApplication@14255146
----------------- Done invoking toplevel() on ptolemy.moml.MoMLSimpleApplication@14255146
reloadAllAccessors: .ExecutionTimeSDF

===========================================================================================
----------------- testing Fri May 17 04:42:26 UTC 2019 /home/travis/build/icyphy/ptII/ptolemy/actor/lib/test/auto/Expression1.xml
----------------- Instantiating /home/travis/build/icyphy/ptII/ptolemy/actor/lib/test/auto/Expression1.xml
2 ms. Memory: 1365504K Free: 473193K (35%)
----------------- Invoking toplevel() on ptolemy.moml.MoMLSimpleApplication@4bf35beb
----------------- Done invoking toplevel() on ptolemy.moml.MoMLSimpleApplication@4bf35beb
reloadAllAccessors: .Expression1

===========================================================================================
----------------- testing Fri May 17 04:42:26 UTC 2019 /home/travis/build/icyphy/ptII/ptolemy/actor/lib/test/auto/Expression10.xml
----------------- Instantiating /home/travis/build/icyphy/ptII/ptolemy/actor/lib/test/auto/Expression10.xml
5 ms. Memory: 1365504K Free: 456597K (33%)
----------------- Invoking toplevel() on ptolemy.moml.MoMLSimpleApplication@6cc2355d
----------------- Done invoking toplevel() on ptolemy.moml.MoMLSimpleApplication@6cc2355d
reloadAllAccessors: .Expression10

===========================================================================================
----------------- testing Fri May 17 04:42:26 UTC 2019 /home/travis/build/icyphy/ptII/ptolemy/actor/lib/test/auto/Expression11.xml
----------------- Instantiating /home/travis/build/icyphy/ptII/ptolemy/actor/lib/test/auto/Expression11.xml
3 ms. Memory: 1365504K Free: 440002K (32%)
----------------- Invoking toplevel() on ptolemy.moml.MoMLSimpleApplication@59f2801e
----------------- Done invoking toplevel() on ptolemy.moml.MoMLSimpleApplication@59f2801e
reloadAllAccessors: .Expression11

===========================================================================================
----------------- testing Fri May 17 04:42:26 UTC 2019 /home/travis/build/icyphy/ptII/ptolemy/actor/lib/test/auto/Expression12.xml
----------------- Instantiating /home/travis/build/icyphy/ptII/ptolemy/actor/lib/test/auto/Expression12.xml
4 ms. Memory: 1365504K Free: 414567K (30%)
----------------- Invoking toplevel() on ptolemy.moml.MoMLSimpleApplication@5952eb3a
----------------- Done invoking toplevel() on ptolemy.moml.MoMLSimpleApplication@5952eb3a
reloadAllAccessors: .Expression12

===========================================================================================
----------------- testing Fri May 17 04:42:26 UTC 2019 /home/travis/build/icyphy/ptII/ptolemy/actor/lib/test/auto/Expression13.xml
----------------- Instantiating /home/travis/build/icyphy/ptII/ptolemy/actor/lib/test/auto/Expression13.xml
4 ms. Memory: 1365504K Free: 397971K (29%)
----------------- Invoking toplevel() on ptolemy.moml.MoMLSimpleApplication@767687db
----------------- Done invoking toplevel() on ptolemy.moml.MoMLSimpleApplication@767687db
reloadAllAccessors: .Expression13

===========================================================================================
----------------- testing Fri May 17 04:42:26 UTC 2019 /home/travis/build/icyphy/ptII/ptolemy/actor/lib/test/auto/Expression14.xml
----------------- Instantiating /home/travis/build/icyphy/ptII/ptolemy/actor/lib/test/auto/Expression14.xml
7 ms. Memory: 1365504K Free: 373285K (27%)
----------------- Invoking toplevel() on ptolemy.moml.MoMLSimpleApplication@237003c3
----------------- Done invoking toplevel() on ptolemy.moml.MoMLSimpleApplication@237003c3
reloadAllAccessors: .Expression14

===========================================================================================
----------------- testing Fri May 17 04:42:26 UTC 2019 /home/travis/build/icyphy/ptII/ptolemy/actor/lib/test/auto/Expression15.xml
----------------- Instantiating /home/travis/build/icyphy/ptII/ptolemy/actor/lib/test/auto/Expression15.xml
2 ms. Memory: 1365504K Free: 356690K (26%)
----------------- Invoking toplevel() on ptolemy.moml.MoMLSimpleApplication@61845445
----------------- Done invoking toplevel() on ptolemy.moml.MoMLSimpleApplication@61845445
reloadAllAccessors: .Expression15

===========================================================================================
----------------- testing Fri May 17 04:42:26 UTC 2019 /home/travis/build/icyphy/ptII/ptolemy/actor/lib/test/auto/Expression16.xml
----------------- Instantiating /home/travis/build/icyphy/ptII/ptolemy/actor/lib/test/auto/Expression16.xml
6 ms. Memory: 1365504K Free: 331255K (24%)
----------------- Invoking toplevel() on ptolemy.moml.MoMLSimpleApplication@34b23d9c
----------------- Done invoking toplevel() on ptolemy.moml.MoMLSimpleApplication@34b23d9c
reloadAllAccessors: .Expression16

===========================================================================================
----------------- testing Fri May 17 04:42:26 UTC 2019 /home/travis/build/icyphy/ptII/ptolemy/actor/lib/test/auto/Expression17.xml
----------------- Instantiating /home/travis/build/icyphy/ptII/ptolemy/actor/lib/test/auto/Expression17.xml
5 ms. Memory: 1365504K Free: 314659K (23%)
----------------- Invoking toplevel() on ptolemy.moml.MoMLSimpleApplication@2a4bd3ea
----------------- Done invoking toplevel() on ptolemy.moml.MoMLSimpleApplication@2a4bd3ea
reloadAllAccessors: .Expression17

===========================================================================================
----------------- testing Fri May 17 04:42:26 UTC 2019 /home/travis/build/icyphy/ptII/ptolemy/actor/lib/test/auto/Expression18.xml
----------------- Instantiating /home/travis/build/icyphy/ptII/ptolemy/actor/lib/test/auto/Expression18.xml
4 ms. Memory: 1365504K Free: 298064K (22%)
----------------- Invoking toplevel() on ptolemy.moml.MoMLSimpleApplication@4318956
----------------- Done invoking toplevel() on ptolemy.moml.MoMLSimpleApplication@4318956
reloadAllAccessors: .Expression18

===========================================================================================
----------------- testing Fri May 17 04:42:26 UTC 2019 /home/travis/build/icyphy/ptII/ptolemy/actor/lib/test/auto/Expression2.xml
----------------- Instantiating /home/travis/build/icyphy/ptII/ptolemy/actor/lib/test/auto/Expression2.xml
4 ms. Memory: 1365504K Free: 281468K (21%)
----------------- Invoking toplevel() on ptolemy.moml.MoMLSimpleApplication@2b5f9f5f
----------------- Done invoking toplevel() on ptolemy.moml.MoMLSimpleApplication@2b5f9f5f
reloadAllAccessors: .Expression2

===========================================================================================
----------------- testing Fri May 17 04:42:26 UTC 2019 /home/travis/build/icyphy/ptII/ptolemy/actor/lib/test/auto/Expression3.xml
----------------- Instantiating /home/travis/build/icyphy/ptII/ptolemy/actor/lib/test/auto/Expression3.xml
7 ms. Memory: 1365504K Free: 256034K (19%)
----------------- Invoking toplevel() on ptolemy.moml.MoMLSimpleApplication@290ea160
----------------- Done invoking toplevel() on ptolemy.moml.MoMLSimpleApplication@290ea160
reloadAllAccessors: .Expression3

===========================================================================================
----------------- testing Fri May 17 04:42:26 UTC 2019 /home/travis/build/icyphy/ptII/ptolemy/actor/lib/test/auto/Expression4.xml
----------------- Instantiating /home/travis/build/icyphy/ptII/ptolemy/actor/lib/test/auto/Expression4.xml
6 ms. Memory: 1365504K Free: 239438K (18%)
----------------- Invoking toplevel() on ptolemy.moml.MoMLSimpleApplication@3c60b5a3
----------------- Done invoking toplevel() on ptolemy.moml.MoMLSimpleApplication@3c60b5a3
reloadAllAccessors: .Expression4

===========================================================================================
----------------- testing Fri May 17 04:42:26 UTC 2019 /home/travis/build/icyphy/ptII/ptolemy/actor/lib/test/auto/Expression5.xml
----------------- Instantiating /home/travis/build/icyphy/ptII/ptolemy/actor/lib/test/auto/Expression5.xml
4 ms. Memory: 1365504K Free: 222842K (16%)
----------------- Invoking toplevel() on ptolemy.moml.MoMLSimpleApplication@12c4ad79
----------------- Done invoking toplevel() on ptolemy.moml.MoMLSimpleApplication@12c4ad79
reloadAllAccessors: .Expression5

===========================================================================================
----------------- testing Fri May 17 04:42:26 UTC 2019 /home/travis/build/icyphy/ptII/ptolemy/actor/lib/test/auto/Expression6.xml
----------------- Instantiating /home/travis/build/icyphy/ptII/ptolemy/actor/lib/test/auto/Expression6.xml
3 ms. Memory: 1365504K Free: 206246K (15%)
----------------- Invoking toplevel() on ptolemy.moml.MoMLSimpleApplication@757357a5
----------------- Done invoking toplevel() on ptolemy.moml.MoMLSimpleApplication@757357a5
reloadAllAccessors: .Expression6

===========================================================================================
----------------- testing Fri May 17 04:42:26 UTC 2019 /home/travis/build/icyphy/ptII/ptolemy/actor/lib/test/auto/Expression7.xml
----------------- Instantiating /home/travis/build/icyphy/ptII/ptolemy/actor/lib/test/auto/Expression7.xml
3 ms. Memory: 1365504K Free: 180812K (13%)
----------------- Invoking toplevel() on ptolemy.moml.MoMLSimpleApplication@37b871da
----------------- Done invoking toplevel() on ptolemy.moml.MoMLSimpleApplication@37b871da
reloadAllAccessors: .Expression7

===========================================================================================
----------------- testing Fri May 17 04:42:26 UTC 2019 /home/travis/build/icyphy/ptII/ptolemy/actor/lib/test/auto/Expression8.xml
----------------- Instantiating /home/travis/build/icyphy/ptII/ptolemy/actor/lib/test/auto/Expression8.xml
9 ms. Memory: 1365504K Free: 164216K (12%)
----------------- Invoking toplevel() on ptolemy.moml.MoMLSimpleApplication@4a720918
----------------- Done invoking toplevel() on ptolemy.moml.MoMLSimpleApplication@4a720918
reloadAllAccessors: .Expression8

===========================================================================================
----------------- testing Fri May 17 04:42:26 UTC 2019 /home/travis/build/icyphy/ptII/ptolemy/actor/lib/test/auto/Expression9.xml
----------------- Instantiating /home/travis/build/icyphy/ptII/ptolemy/actor/lib/test/auto/Expression9.xml
2 ms. Memory: 1365504K Free: 147621K (11%)
----------------- Invoking toplevel() on ptolemy.moml.MoMLSimpleApplication@143ddfa6
----------------- Done invoking toplevel() on ptolemy.moml.MoMLSimpleApplication@143ddfa6
reloadAllAccessors: .Expression9

===========================================================================================
----------------- testing Fri May 17 04:42:26 UTC 2019 /home/travis/build/icyphy/ptII/ptolemy/actor/lib/test/auto/ExpressionConcatenateArrayType.xml
----------------- Instantiating /home/travis/build/icyphy/ptII/ptolemy/actor/lib/test/auto/ExpressionConcatenateArrayType.xml
3 ms. Memory: 1365504K Free: 131025K (10%)
----------------- Invoking toplevel() on ptolemy.moml.MoMLSimpleApplication@78e48cae
----------------- Done invoking toplevel() on ptolemy.moml.MoMLSimpleApplication@78e48cae
reloadAllAccessors: .ExpressionConcatenateArrayType

===========================================================================================
----------------- testing Fri May 17 04:42:26 UTC 2019 /home/travis/build/icyphy/ptII/ptolemy/actor/lib/test/auto/ExpressionConcatenateArrayType2.xml
----------------- Instantiating /home/travis/build/icyphy/ptII/ptolemy/actor/lib/test/auto/ExpressionConcatenateArrayType2.xml
3 ms. Memory: 1365504K Free: 105590K (8%)
----------------- Invoking toplevel() on ptolemy.moml.MoMLSimpleApplication@62d2d116
----------------- Done invoking toplevel() on ptolemy.moml.MoMLSimpleApplication@62d2d116
reloadAllAccessors: .ExpressionConcatenateArrayType2

===========================================================================================
----------------- testing Fri May 17 04:42:26 UTC 2019 /home/travis/build/icyphy/ptII/ptolemy/actor/lib/test/auto/ExpressionFix.xml
----------------- Instantiating /home/travis/build/icyphy/ptII/ptolemy/actor/lib/test/auto/ExpressionFix.xml
22 ms. Memory: 1365504K Free: 88995K (7%)
----------------- Invoking toplevel() on ptolemy.moml.MoMLSimpleApplication@37471a18
----------------- Done invoking toplevel() on ptolemy.moml.MoMLSimpleApplication@37471a18
reloadAllAccessors: .ExpressionFix

===========================================================================================
----------------- testing Fri May 17 04:42:26 UTC 2019 /home/travis/build/icyphy/ptII/ptolemy/actor/lib/test/auto/ExpressionFix2.xml
----------------- Instantiating /home/travis/build/icyphy/ptII/ptolemy/actor/lib/test/auto/ExpressionFix2.xml
13 ms. Memory: 1365504K Free: 1319035K (97%)
----------------- Invoking toplevel() on ptolemy.moml.MoMLSimpleApplication@26ec60c3
----------------- Done invoking toplevel() on ptolemy.moml.MoMLSimpleApplication@26ec60c3
reloadAllAccessors: .ExpressionFix2

===========================================================================================
----------------- testing Fri May 17 04:42:26 UTC 2019 /home/travis/build/icyphy/ptII/ptolemy/actor/lib/test/auto/ExpressionFix3.xml
----------------- Instantiating /home/travis/build/icyphy/ptII/ptolemy/actor/lib/test/auto/ExpressionFix3.xml
3 ms. Memory: 1365504K Free: 1296076K (95%)
----------------- Invoking toplevel() on ptolemy.moml.MoMLSimpleApplication@407ee1b0
----------------- Done invoking toplevel() on ptolemy.moml.MoMLSimpleApplication@407ee1b0
reloadAllAccessors: .ExpressionFix3

===========================================================================================
----------------- testing Fri May 17 04:42:26 UTC 2019 /home/travis/build/icyphy/ptII/ptolemy/actor/lib/test/auto/FileWriter1.xml
----------------- Instantiating /home/travis/build/icyphy/ptII/ptolemy/actor/lib/test/auto/FileWriter1.xml
6 ms. Memory: 1365504K Free: 1283629K (94%)
----------------- Invoking toplevel() on ptolemy.moml.MoMLSimpleApplication@74d71193
----------------- Done invoking toplevel() on ptolemy.moml.MoMLSimpleApplication@74d71193
reloadAllAccessors: .FileWriter1

===========================================================================================
----------------- testing Fri May 17 04:42:26 UTC 2019 /home/travis/build/icyphy/ptII/ptolemy/actor/lib/test/auto/FileWriter2.xml
----------------- Instantiating /home/travis/build/icyphy/ptII/ptolemy/actor/lib/test/auto/FileWriter2.xml
2 ms. Memory: 1365504K Free: 1264818K (93%)
----------------- Invoking toplevel() on ptolemy.moml.MoMLSimpleApplication@2268ce36
----------------- Done invoking toplevel() on ptolemy.moml.MoMLSimpleApplication@2268ce36
reloadAllAccessors: .FileWriter2

===========================================================================================
----------------- testing Fri May 17 04:42:26 UTC 2019 /home/travis/build/icyphy/ptII/ptolemy/actor/lib/test/auto/FileWriter3.xml
----------------- Instantiating /home/travis/build/icyphy/ptII/ptolemy/actor/lib/test/auto/FileWriter3.xml
5 ms. Memory: 1365504K Free: 1252371K (92%)
----------------- Invoking toplevel() on ptolemy.moml.MoMLSimpleApplication@6e7b27c9
----------------- Done invoking toplevel() on ptolemy.moml.MoMLSimpleApplication@6e7b27c9
reloadAllAccessors: .FileWriter3

===========================================================================================
----------------- testing Fri May 17 04:42:26 UTC 2019 /home/travis/build/icyphy/ptII/ptolemy/actor/lib/test/auto/Gaussian.xml
----------------- Instantiating /home/travis/build/icyphy/ptII/ptolemy/actor/lib/test/auto/Gaussian.xml
1 ms. Memory: 1365504K Free: 1239924K (91%)
----------------- Invoking toplevel() on ptolemy.moml.MoMLSimpleApplication@35887ed5
----------------- Done invoking toplevel() on ptolemy.moml.MoMLSimpleApplication@35887ed5
reloadAllAccessors: .Gaussian

===========================================================================================
----------------- testing Fri May 17 04:42:26 UTC 2019 /home/travis/build/icyphy/ptII/ptolemy/actor/lib/test/auto/Gaussian1.xml
----------------- Instantiating /home/travis/build/icyphy/ptII/ptolemy/actor/lib/test/auto/Gaussian1.xml
2 ms. Memory: 1365504K Free: 1221113K (89%)
----------------- Invoking toplevel() on ptolemy.moml.MoMLSimpleApplication@670c8ea2
----------------- Done invoking toplevel() on ptolemy.moml.MoMLSimpleApplication@670c8ea2
reloadAllAccessors: .Gaussian1

===========================================================================================
----------------- testing Fri May 17 04:42:26 UTC 2019 /home/travis/build/icyphy/ptII/ptolemy/actor/lib/test/auto/Gaussian2.xml
----------------- Instantiating /home/travis/build/icyphy/ptII/ptolemy/actor/lib/test/auto/Gaussian2.xml
2 ms. Memory: 1365504K Free: 1208666K (89%)
----------------- Invoking toplevel() on ptolemy.moml.MoMLSimpleApplication@485ee968
----------------- Done invoking toplevel() on ptolemy.moml.MoMLSimpleApplication@485ee968
reloadAllAccessors: .Gaussian2

===========================================================================================
----------------- testing Fri May 17 04:42:26 UTC 2019 /home/travis/build/icyphy/ptII/ptolemy/actor/lib/test/auto/GradientAdaptiveLattice.xml
----------------- Instantiating /home/travis/build/icyphy/ptII/ptolemy/actor/lib/test/auto/GradientAdaptiveLattice.xml
2 ms. Memory: 1365504K Free: 1196220K (88%)
----------------- Invoking toplevel() on ptolemy.moml.MoMLSimpleApplication@39520749
----------------- Done invoking toplevel() on ptolemy.moml.MoMLSimpleApplication@39520749
reloadAllAccessors: .GradientAdaptiveLattice

===========================================================================================
----------------- testing Fri May 17 04:42:26 UTC 2019 /home/travis/build/icyphy/ptII/ptolemy/actor/lib/test/auto/IIR.xml
----------------- Instantiating /home/travis/build/icyphy/ptII/ptolemy/actor/lib/test/auto/IIR.xml
1 ms. Memory: 1365504K Free: 1177409K (86%)
----------------- Invoking toplevel() on ptolemy.moml.MoMLSimpleApplication@2363a08e
----------------- Done invoking toplevel() on ptolemy.moml.MoMLSimpleApplication@2363a08e
reloadAllAccessors: .IIR

===========================================================================================
----------------- testing Fri May 17 04:42:26 UTC 2019 /home/travis/build/icyphy/ptII/ptolemy/actor/lib/test/auto/InputOutputTransparentPorts.xml
----------------- Instantiating /home/travis/build/icyphy/ptII/ptolemy/actor/lib/test/auto/InputOutputTransparentPorts.xml
2 ms. Memory: 1365504K Free: 1164962K (85%)
----------------- Invoking toplevel() on ptolemy.moml.MoMLSimpleApplication@14ee23c7
----------------- Done invoking toplevel() on ptolemy.moml.MoMLSimpleApplication@14ee23c7
reloadAllAccessors: .InputOutputTransparentPorts

===========================================================================================
----------------- testing Fri May 17 04:42:26 UTC 2019 /home/travis/build/icyphy/ptII/ptolemy/actor/lib/test/auto/Interpolator.xml
----------------- Instantiating /home/travis/build/icyphy/ptII/ptolemy/actor/lib/test/auto/Interpolator.xml
2 ms. Memory: 1365504K Free: 1152515K (84%)
----------------- Invoking toplevel() on ptolemy.moml.MoMLSimpleApplication@63dbd357
----------------- Done invoking toplevel() on ptolemy.moml.MoMLSimpleApplication@63dbd357
reloadAllAccessors: .Interpolator

===========================================================================================
----------------- testing Fri May 17 04:42:26 UTC 2019 /home/travis/build/icyphy/ptII/ptolemy/actor/lib/test/auto/InterpolatorFiringLimitDE.xml
----------------- Instantiating /home/travis/build/icyphy/ptII/ptolemy/actor/lib/test/auto/InterpolatorFiringLimitDE.xml
2 ms. Memory: 1365504K Free: 1133704K (83%)
----------------- Invoking toplevel() on ptolemy.moml.MoMLSimpleApplication@11b6f6b7
----------------- Done invoking toplevel() on ptolemy.moml.MoMLSimpleApplication@11b6f6b7
reloadAllAccessors: .InterpolatorFiringLimitDE

===========================================================================================
----------------- testing Fri May 17 04:42:26 UTC 2019 /home/travis/build/icyphy/ptII/ptolemy/actor/lib/test/auto/Lattice.xml
----------------- Instantiating /home/travis/build/icyphy/ptII/ptolemy/actor/lib/test/auto/Lattice.xml
1 ms. Memory: 1365504K Free: 1121258K (82%)
----------------- Invoking toplevel() on ptolemy.moml.MoMLSimpleApplication@7a75c111
----------------- Done invoking toplevel() on ptolemy.moml.MoMLSimpleApplication@7a75c111
reloadAllAccessors: .Lattice

===========================================================================================
----------------- testing Fri May 17 04:42:26 UTC 2019 /home/travis/build/icyphy/ptII/ptolemy/actor/lib/test/auto/LazyAOCTestLazy.xml
----------------- Instantiating /home/travis/build/icyphy/ptII/ptolemy/actor/lib/test/auto/LazyAOCTestLazy.xml
7 ms. Memory: 1365504K Free: 1102447K (81%)
----------------- Invoking toplevel() on ptolemy.moml.MoMLSimpleApplication@52c8187f
----------------- Done invoking toplevel() on ptolemy.moml.MoMLSimpleApplication@52c8187f
reloadAllAccessors: .LazyAOCTestLazy

===========================================================================================
----------------- testing Fri May 17 04:42:26 UTC 2019 /home/travis/build/icyphy/ptII/ptolemy/actor/lib/test/auto/LazyAOCTestNonLazy.xml
----------------- Instantiating /home/travis/build/icyphy/ptII/ptolemy/actor/lib/test/auto/LazyAOCTestNonLazy.xml
2 ms. Memory: 1365504K Free: 1090000K (80%)
----------------- Invoking toplevel() on ptolemy.moml.MoMLSimpleApplication@58f4c67e
----------------- Done invoking toplevel() on ptolemy.moml.MoMLSimpleApplication@58f4c67e
reloadAllAccessors: .LazyAOCTestNonLazy

===========================================================================================
----------------- testing Fri May 17 04:42:26 UTC 2019 /home/travis/build/icyphy/ptII/ptolemy/actor/lib/test/auto/LazyInnerClass.xml
----------------- Instantiating /home/travis/build/icyphy/ptII/ptolemy/actor/lib/test/auto/LazyInnerClass.xml
10 ms. Memory: 1365504K Free: 1077553K (79%)
----------------- Invoking toplevel() on ptolemy.moml.MoMLSimpleApplication@6f9879e
----------------- Done invoking toplevel() on ptolemy.moml.MoMLSimpleApplication@6f9879e
reloadAllAccessors: .LazyInnerClass

===========================================================================================
----------------- testing Fri May 17 04:42:26 UTC 2019 /home/travis/build/icyphy/ptII/ptolemy/actor/lib/test/auto/LazyPubSub.xml
----------------- Instantiating /home/travis/build/icyphy/ptII/ptolemy/actor/lib/test/auto/LazyPubSub.xml
27 ms. Memory: 1365504K Free: 1058742K (78%)
----------------- Invoking toplevel() on ptolemy.moml.MoMLSimpleApplication@72c59d65
----------------- Done invoking toplevel() on ptolemy.moml.MoMLSimpleApplication@72c59d65
reloadAllAccessors: .LazyPubSub

===========================================================================================
----------------- testing Fri May 17 04:42:27 UTC 2019 /home/travis/build/icyphy/ptII/ptolemy/actor/lib/test/auto/LazyPubSub2.xml
----------------- Instantiating /home/travis/build/icyphy/ptII/ptolemy/actor/lib/test/auto/LazyPubSub2.xml
31 ms. Memory: 1365504K Free: 1046296K (77%)
----------------- Invoking toplevel() on ptolemy.moml.MoMLSimpleApplication@1e926aaa
----------------- Done invoking toplevel() on ptolemy.moml.MoMLSimpleApplication@1e926aaa
reloadAllAccessors: .LazyPubSub2

===========================================================================================
----------------- testing Fri May 17 04:42:27 UTC 2019 /home/travis/build/icyphy/ptII/ptolemy/actor/lib/test/auto/LazyPubSub3.xml
----------------- Instantiating /home/travis/build/icyphy/ptII/ptolemy/actor/lib/test/auto/LazyPubSub3.xml
11 ms. Memory: 1365504K Free: 1033849K (76%)
----------------- Invoking toplevel() on ptolemy.moml.MoMLSimpleApplication@da6a820
----------------- Done invoking toplevel() on ptolemy.moml.MoMLSimpleApplication@da6a820
reloadAllAccessors: .LazyPubSub3

===========================================================================================
----------------- testing Fri May 17 04:42:27 UTC 2019 /home/travis/build/icyphy/ptII/ptolemy/actor/lib/test/auto/LazySubClassModel.xml
----------------- Instantiating /home/travis/build/icyphy/ptII/ptolemy/actor/lib/test/auto/LazySubClassModel.xml
2 ms. Memory: 1365504K Free: 1008807K (74%)
----------------- Invoking toplevel() on ptolemy.moml.MoMLSimpleApplication@4e881a6d
----------------- Done invoking toplevel() on ptolemy.moml.MoMLSimpleApplication@4e881a6d
reloadAllAccessors: .LazySubClassModel

===========================================================================================
----------------- testing Fri May 17 04:42:27 UTC 2019 /home/travis/build/icyphy/ptII/ptolemy/actor/lib/test/auto/LevelCrossTest1.xml
----------------- Instantiating /home/travis/build/icyphy/ptII/ptolemy/actor/lib/test/auto/LevelCrossTest1.xml
4 ms. Memory: 1365504K Free: 996360K (73%)
----------------- Invoking toplevel() on ptolemy.moml.MoMLSimpleApplication@28b90995
----------------- Done invoking toplevel() on ptolemy.moml.MoMLSimpleApplication@28b90995
reloadAllAccessors: .broken

===========================================================================================
----------------- testing Fri May 17 04:42:27 UTC 2019 /home/travis/build/icyphy/ptII/ptolemy/actor/lib/test/auto/LevelCrossTest10.xml
----------------- Instantiating /home/travis/build/icyphy/ptII/ptolemy/actor/lib/test/auto/LevelCrossTest10.xml
2 ms. Memory: 1365504K Free: 983913K (72%)
----------------- Invoking toplevel() on ptolemy.moml.MoMLSimpleApplication@ffbae76
----------------- Done invoking toplevel() on ptolemy.moml.MoMLSimpleApplication@ffbae76
reloadAllAccessors: .LevelCrossTest10

===========================================================================================
----------------- testing Fri May 17 04:42:27 UTC 2019 /home/travis/build/icyphy/ptII/ptolemy/actor/lib/test/auto/LevelCrossTest11.xml
----------------- Instantiating /home/travis/build/icyphy/ptII/ptolemy/actor/lib/test/auto/LevelCrossTest11.xml
4 ms. Memory: 1365504K Free: 965102K (71%)
----------------- Invoking toplevel() on ptolemy.moml.MoMLSimpleApplication@390c93d0
----------------- Done invoking toplevel() on ptolemy.moml.MoMLSimpleApplication@390c93d0
reloadAllAccessors: .LevelCrossTest11

===========================================================================================
----------------- testing Fri May 17 04:42:27 UTC 2019 /home/travis/build/icyphy/ptII/ptolemy/actor/lib/test/auto/LevelCrossTest12.xml
----------------- Instantiating /home/travis/build/icyphy/ptII/ptolemy/actor/lib/test/auto/LevelCrossTest12.xml
1 ms. Memory: 1365504K Free: 952655K (70%)
----------------- Invoking toplevel() on ptolemy.moml.MoMLSimpleApplication@6a432010
----------------- Done invoking toplevel() on ptolemy.moml.MoMLSimpleApplication@6a432010
reloadAllAccessors: .LevelCrossTest12

===========================================================================================
----------------- testing Fri May 17 04:42:27 UTC 2019 /home/travis/build/icyphy/ptII/ptolemy/actor/lib/test/auto/LevelCrossTest13.xml
----------------- Instantiating /home/travis/build/icyphy/ptII/ptolemy/actor/lib/test/auto/LevelCrossTest13.xml
1 ms. Memory: 1365504K Free: 940209K (69%)
----------------- Invoking toplevel() on ptolemy.moml.MoMLSimpleApplication@746b51bb
----------------- Done invoking toplevel() on ptolemy.moml.MoMLSimpleApplication@746b51bb
reloadAllAccessors: .LevelCrossTest13

===========================================================================================
----------------- testing Fri May 17 04:42:27 UTC 2019 /home/travis/build/icyphy/ptII/ptolemy/actor/lib/test/auto/LevelCrossTest2.xml
----------------- Instantiating /home/travis/build/icyphy/ptII/ptolemy/actor/lib/test/auto/LevelCrossTest2.xml
1 ms. Memory: 1365504K Free: 921398K (67%)
----------------- Invoking toplevel() on ptolemy.moml.MoMLSimpleApplication@45187c3b
----------------- Done invoking toplevel() on ptolemy.moml.MoMLSimpleApplication@45187c3b
reloadAllAccessors: .broken

===========================================================================================
----------------- testing Fri May 17 04:42:27 UTC 2019 /home/travis/build/icyphy/ptII/ptolemy/actor/lib/test/auto/LevelCrossTest3.xml
----------------- Instantiating /home/travis/build/icyphy/ptII/ptolemy/actor/lib/test/auto/LevelCrossTest3.xml
1 ms. Memory: 1365504K Free: 908951K (67%)
----------------- Invoking toplevel() on ptolemy.moml.MoMLSimpleApplication@6ba709bf
----------------- Done invoking toplevel() on ptolemy.moml.MoMLSimpleApplication@6ba709bf
reloadAllAccessors: .LevelCrossTest3

===========================================================================================
----------------- testing Fri May 17 04:42:27 UTC 2019 /home/travis/build/icyphy/ptII/ptolemy/actor/lib/test/auto/LevelCrossTest4.xml
----------------- Instantiating /home/travis/build/icyphy/ptII/ptolemy/actor/lib/test/auto/LevelCrossTest4.xml
1 ms. Memory: 1365504K Free: 890140K (65%)
----------------- Invoking toplevel() on ptolemy.moml.MoMLSimpleApplication@7566bc4b
----------------- Done invoking toplevel() on ptolemy.moml.MoMLSimpleApplication@7566bc4b
reloadAllAccessors: .broken

===========================================================================================
----------------- testing Fri May 17 04:42:27 UTC 2019 /home/travis/build/icyphy/ptII/ptolemy/actor/lib/test/auto/LevelCrossTest5.xml
----------------- Instantiating /home/travis/build/icyphy/ptII/ptolemy/actor/lib/test/auto/LevelCrossTest5.xml
2 ms. Memory: 1365504K Free: 877693K (64%)
----------------- Invoking toplevel() on ptolemy.moml.MoMLSimpleApplication@1444cf7f
----------------- Done invoking toplevel() on ptolemy.moml.MoMLSimpleApplication@1444cf7f
reloadAllAccessors: .LevelCrossTest5

===========================================================================================
----------------- testing Fri May 17 04:42:27 UTC 2019 /home/travis/build/icyphy/ptII/ptolemy/actor/lib/test/auto/LevelCrossTest6.xml
----------------- Instantiating /home/travis/build/icyphy/ptII/ptolemy/actor/lib/test/auto/LevelCrossTest6.xml
2 ms. Memory: 1365504K Free: 865247K (63%)
----------------- Invoking toplevel() on ptolemy.moml.MoMLSimpleApplication@3ff50b6
----------------- Done invoking toplevel() on ptolemy.moml.MoMLSimpleApplication@3ff50b6
reloadAllAccessors: .LevelCrossTest6

===========================================================================================
----------------- testing Fri May 17 04:42:27 UTC 2019 /home/travis/build/icyphy/ptII/ptolemy/actor/lib/test/auto/LevelCrossTest7.xml
----------------- Instantiating /home/travis/build/icyphy/ptII/ptolemy/actor/lib/test/auto/LevelCrossTest7.xml
1 ms. Memory: 1365504K Free: 846435K (62%)
----------------- Invoking toplevel() on ptolemy.moml.MoMLSimpleApplication@13033217
----------------- Done invoking toplevel() on ptolemy.moml.MoMLSimpleApplication@13033217
reloadAllAccessors: .LevelCrossTest7

===========================================================================================
----------------- testing Fri May 17 04:42:27 UTC 2019 /home/travis/build/icyphy/ptII/ptolemy/actor/lib/test/auto/LevelCrossTest8.xml
----------------- Instantiating /home/travis/build/icyphy/ptII/ptolemy/actor/lib/test/auto/LevelCrossTest8.xml
1 ms. Memory: 1365504K Free: 833989K (61%)
----------------- Invoking toplevel() on ptolemy.moml.MoMLSimpleApplication@5a58c4a3
----------------- Done invoking toplevel() on ptolemy.moml.MoMLSimpleApplication@5a58c4a3
reloadAllAccessors: .LevelCrossTest8

===========================================================================================
----------------- testing Fri May 17 04:42:27 UTC 2019 /home/travis/build/icyphy/ptII/ptolemy/actor/lib/test/auto/LevelCrossTest9.xml
----------------- Instantiating /home/travis/build/icyphy/ptII/ptolemy/actor/lib/test/auto/LevelCrossTest9.xml
2 ms. Memory: 1365504K Free: 821542K (60%)
----------------- Invoking toplevel() on ptolemy.moml.MoMLSimpleApplication@7df162
----------------- Done invoking toplevel() on ptolemy.moml.MoMLSimpleApplication@7df162
reloadAllAccessors: .LevelCrossTest9

===========================================================================================
----------------- testing Fri May 17 04:42:27 UTC 2019 /home/travis/build/icyphy/ptII/ptolemy/actor/lib/test/auto/LevinsonDurbin.xml
----------------- Instantiating /home/travis/build/icyphy/ptII/ptolemy/actor/lib/test/auto/LevinsonDurbin.xml
1 ms. Memory: 1365504K Free: 802731K (59%)
----------------- Invoking toplevel() on ptolemy.moml.MoMLSimpleApplication@2db8d444
----------------- Done invoking toplevel() on ptolemy.moml.MoMLSimpleApplication@2db8d444
reloadAllAccessors: .LevinsonDurbin

===========================================================================================
----------------- testing Fri May 17 04:42:27 UTC 2019 /home/travis/build/icyphy/ptII/ptolemy/actor/lib/test/auto/LevinsonDurbin2.xml
----------------- Instantiating /home/travis/build/icyphy/ptII/ptolemy/actor/lib/test/auto/LevinsonDurbin2.xml
2 ms. Memory: 1365504K Free: 790284K (58%)
----------------- Invoking toplevel() on ptolemy.moml.MoMLSimpleApplication@ce8dd5f
----------------- Done invoking toplevel() on ptolemy.moml.MoMLSimpleApplication@ce8dd5f
reloadAllAccessors: .LevinsonDurbin2

===========================================================================================
----------------- testing Fri May 17 04:42:27 UTC 2019 /home/travis/build/icyphy/ptII/ptolemy/actor/lib/test/auto/LevinsonDurbin3.xml
----------------- Instantiating /home/travis/build/icyphy/ptII/ptolemy/actor/lib/test/auto/LevinsonDurbin3.xml
3 ms. Memory: 1365504K Free: 777837K (57%)
----------------- Invoking toplevel() on ptolemy.moml.MoMLSimpleApplication@4486927d
----------------- Done invoking toplevel() on ptolemy.moml.MoMLSimpleApplication@4486927d
reloadAllAccessors: .LevinsonDurbin3

===========================================================================================
----------------- testing Fri May 17 04:42:27 UTC 2019 /home/travis/build/icyphy/ptII/ptolemy/actor/lib/test/auto/Limiter.xml
----------------- Instantiating /home/travis/build/icyphy/ptII/ptolemy/actor/lib/test/auto/Limiter.xml
5 ms. Memory: 1365504K Free: 759026K (56%)
----------------- Invoking toplevel() on ptolemy.moml.MoMLSimpleApplication@d07dfe6
----------------- Done invoking toplevel() on ptolemy.moml.MoMLSimpleApplication@d07dfe6
reloadAllAccessors: .Limiter

===========================================================================================
----------------- testing Fri May 17 04:42:27 UTC 2019 /home/travis/build/icyphy/ptII/ptolemy/actor/lib/test/auto/LinearDifferenceEquationSystem.xml
----------------- Instantiating /home/travis/build/icyphy/ptII/ptolemy/actor/lib/test/auto/LinearDifferenceEquationSystem.xml
3 ms. Memory: 1365504K Free: 746580K (55%)
----------------- Invoking toplevel() on ptolemy.moml.MoMLSimpleApplication@3ee02162
----------------- Done invoking toplevel() on ptolemy.moml.MoMLSimpleApplication@3ee02162
reloadAllAccessors: .LinearDifferenceEquationSystem

===========================================================================================
----------------- testing Fri May 17 04:42:27 UTC 2019 /home/travis/build/icyphy/ptII/ptolemy/actor/lib/test/auto/LookupTable.xml
----------------- Instantiating /home/travis/build/icyphy/ptII/ptolemy/actor/lib/test/auto/LookupTable.xml
2 ms. Memory: 1365504K Free: 727769K (53%)
----------------- Invoking toplevel() on ptolemy.moml.MoMLSimpleApplication@62cff2e8
----------------- Done invoking toplevel() on ptolemy.moml.MoMLSimpleApplication@62cff2e8
reloadAllAccessors: .LookupTable

===========================================================================================
----------------- testing Fri May 17 04:42:27 UTC 2019 /home/travis/build/icyphy/ptII/ptolemy/actor/lib/test/auto/MathFunction.xml
----------------- Instantiating /home/travis/build/icyphy/ptII/ptolemy/actor/lib/test/auto/MathFunction.xml
7 ms. Memory: 1365504K Free: 715322K (52%)
----------------- Invoking toplevel() on ptolemy.moml.MoMLSimpleApplication@41ff64b
----------------- Done invoking toplevel() on ptolemy.moml.MoMLSimpleApplication@41ff64b
reloadAllAccessors: .MathFunction

===========================================================================================
----------------- testing Fri May 17 04:42:27 UTC 2019 /home/travis/build/icyphy/ptII/ptolemy/actor/lib/test/auto/MathFunction2.xml
----------------- Instantiating /home/travis/build/icyphy/ptII/ptolemy/actor/lib/test/auto/MathFunction2.xml
1 ms. Memory: 1365504K Free: 702875K (51%)
----------------- Invoking toplevel() on ptolemy.moml.MoMLSimpleApplication@53591d38
----------------- Done invoking toplevel() on ptolemy.moml.MoMLSimpleApplication@53591d38
reloadAllAccessors: .MathFunction2

===========================================================================================
----------------- testing Fri May 17 04:42:27 UTC 2019 /home/travis/build/icyphy/ptII/ptolemy/actor/lib/test/auto/MathFunction3.xml
----------------- Instantiating /home/travis/build/icyphy/ptII/ptolemy/actor/lib/test/auto/MathFunction3.xml
6 ms. Memory: 1365504K Free: 684064K (50%)
----------------- Invoking toplevel() on ptolemy.moml.MoMLSimpleApplication@404dc333
----------------- Done invoking toplevel() on ptolemy.moml.MoMLSimpleApplication@404dc333
reloadAllAccessors: .MathFunction3

===========================================================================================
----------------- testing Fri May 17 04:42:27 UTC 2019 /home/travis/build/icyphy/ptII/ptolemy/actor/lib/test/auto/MatrixCropBoolean.xml
----------------- Instantiating /home/travis/build/icyphy/ptII/ptolemy/actor/lib/test/auto/MatrixCropBoolean.xml
2 ms. Memory: 1365504K Free: 671617K (49%)
----------------- Invoking toplevel() on ptolemy.moml.MoMLSimpleApplication@15c5faae
----------------- Done invoking toplevel() on ptolemy.moml.MoMLSimpleApplication@15c5faae
reloadAllAccessors: .MatrixCropBoolean

===========================================================================================
----------------- testing Fri May 17 04:42:27 UTC 2019 /home/travis/build/icyphy/ptII/ptolemy/actor/lib/test/auto/MatrixCropComplex.xml
----------------- Instantiating /home/travis/build/icyphy/ptII/ptolemy/actor/lib/test/auto/MatrixCropComplex.xml
2 ms. Memory: 1365504K Free: 659171K (48%)
----------------- Invoking toplevel() on ptolemy.moml.MoMLSimpleApplication@198d85f6
----------------- Done invoking toplevel() on ptolemy.moml.MoMLSimpleApplication@198d85f6
reloadAllAccessors: .MatrixCropComplex

===========================================================================================
----------------- testing Fri May 17 04:42:27 UTC 2019 /home/travis/build/icyphy/ptII/ptolemy/actor/lib/test/auto/MatrixCropDouble.xml
----------------- Instantiating /home/travis/build/icyphy/ptII/ptolemy/actor/lib/test/auto/MatrixCropDouble.xml
3 ms. Memory: 1365504K Free: 640359K (47%)
----------------- Invoking toplevel() on ptolemy.moml.MoMLSimpleApplication@fec7711
----------------- Done invoking toplevel() on ptolemy.moml.MoMLSimpleApplication@fec7711
reloadAllAccessors: .MatrixCropDouble

===========================================================================================
----------------- testing Fri May 17 04:42:27 UTC 2019 /home/travis/build/icyphy/ptII/ptolemy/actor/lib/test/auto/MatrixCropFix.xml
----------------- Instantiating /home/travis/build/icyphy/ptII/ptolemy/actor/lib/test/auto/MatrixCropFix.xml
2 ms. Memory: 1365504K Free: 627913K (46%)
----------------- Invoking toplevel() on ptolemy.moml.MoMLSimpleApplication@6b083771
----------------- Done invoking toplevel() on ptolemy.moml.MoMLSimpleApplication@6b083771
reloadAllAccessors: .MatrixCropFix

===========================================================================================
----------------- testing Fri May 17 04:42:27 UTC 2019 /home/travis/build/icyphy/ptII/ptolemy/actor/lib/test/auto/MatrixCropInt.xml
----------------- Instantiating /home/travis/build/icyphy/ptII/ptolemy/actor/lib/test/auto/MatrixCropInt.xml
2 ms. Memory: 1365504K Free: 609102K (45%)
----------------- Invoking toplevel() on ptolemy.moml.MoMLSimpleApplication@498b1b84
----------------- Done invoking toplevel() on ptolemy.moml.MoMLSimpleApplication@498b1b84
reloadAllAccessors: .MatrixCropInt

===========================================================================================
----------------- testing Fri May 17 04:42:27 UTC 2019 /home/travis/build/icyphy/ptII/ptolemy/actor/lib/test/auto/MatrixCropLong.xml
----------------- Instantiating /home/travis/build/icyphy/ptII/ptolemy/actor/lib/test/auto/MatrixCropLong.xml
1 ms. Memory: 1365504K Free: 596655K (44%)
----------------- Invoking toplevel() on ptolemy.moml.MoMLSimpleApplication@bf89bad
----------------- Done invoking toplevel() on ptolemy.moml.MoMLSimpleApplication@bf89bad
reloadAllAccessors: .MatrixCropLong

===========================================================================================
----------------- testing Fri May 17 04:42:27 UTC 2019 /home/travis/build/icyphy/ptII/ptolemy/actor/lib/test/auto/MatrixToArray.xml
----------------- Instantiating /home/travis/build/icyphy/ptII/ptolemy/actor/lib/test/auto/MatrixToArray.xml
10 ms. Memory: 1365504K Free: 571730K (42%)
----------------- Invoking toplevel() on ptolemy.moml.MoMLSimpleApplication@3cccdfc5
----------------- Done invoking toplevel() on ptolemy.moml.MoMLSimpleApplication@3cccdfc5
reloadAllAccessors: .MatrixToArray

===========================================================================================
----------------- testing Fri May 17 04:42:27 UTC 2019 /home/travis/build/icyphy/ptII/ptolemy/actor/lib/test/auto/MaxIndex.xml
----------------- Instantiating /home/travis/build/icyphy/ptII/ptolemy/actor/lib/test/auto/MaxIndex.xml
2 ms. Memory: 1365504K Free: 552919K (40%)
----------------- Invoking toplevel() on ptolemy.moml.MoMLSimpleApplication@7e2a3b54
----------------- Done invoking toplevel() on ptolemy.moml.MoMLSimpleApplication@7e2a3b54
reloadAllAccessors: .MaxIndex

===========================================================================================
----------------- testing Fri May 17 04:42:27 UTC 2019 /home/travis/build/icyphy/ptII/ptolemy/actor/lib/test/auto/Maximum.xml
----------------- Instantiating /home/travis/build/icyphy/ptII/ptolemy/actor/lib/test/auto/Maximum.xml
3 ms. Memory: 1365504K Free: 540472K (40%)
----------------- Invoking toplevel() on ptolemy.moml.MoMLSimpleApplication@63b055af
----------------- Done invoking toplevel() on ptolemy.moml.MoMLSimpleApplication@63b055af
reloadAllAccessors: .Maximum

===========================================================================================
----------------- testing Fri May 17 04:42:27 UTC 2019 /home/travis/build/icyphy/ptII/ptolemy/actor/lib/test/auto/MaximumComplex.xml
----------------- Instantiating /home/travis/build/icyphy/ptII/ptolemy/actor/lib/test/auto/MaximumComplex.xml
4 ms. Memory: 1365504K Free: 528025K (39%)
----------------- Invoking toplevel() on ptolemy.moml.MoMLSimpleApplication@23f937bf
----------------- Done invoking toplevel() on ptolemy.moml.MoMLSimpleApplication@23f937bf
reloadAllAccessors: .MaximumComplex

===========================================================================================
----------------- testing Fri May 17 04:42:27 UTC 2019 /home/travis/build/icyphy/ptII/ptolemy/actor/lib/test/auto/MethodCallTest.xml
----------------- Instantiating /home/travis/build/icyphy/ptII/ptolemy/actor/lib/test/auto/MethodCallTest.xml
2 ms. Memory: 1365504K Free: 509214K (37%)
----------------- Invoking toplevel() on ptolemy.moml.MoMLSimpleApplication@16640af2
----------------- Done invoking toplevel() on ptolemy.moml.MoMLSimpleApplication@16640af2
reloadAllAccessors: .MethodCallTest

===========================================================================================
----------------- testing Fri May 17 04:42:27 UTC 2019 /home/travis/build/icyphy/ptII/ptolemy/actor/lib/test/auto/Minimum.xml
----------------- Instantiating /home/travis/build/icyphy/ptII/ptolemy/actor/lib/test/auto/Minimum.xml
4 ms. Memory: 1365504K Free: 496768K (36%)
----------------- Invoking toplevel() on ptolemy.moml.MoMLSimpleApplication@37821e11
----------------- Done invoking toplevel() on ptolemy.moml.MoMLSimpleApplication@37821e11
reloadAllAccessors: .Minimum

===========================================================================================
----------------- testing Fri May 17 04:42:27 UTC 2019 /home/travis/build/icyphy/ptII/ptolemy/actor/lib/test/auto/MinimumComplex.xml
----------------- Instantiating /home/travis/build/icyphy/ptII/ptolemy/actor/lib/test/auto/MinimumComplex.xml
3 ms. Memory: 1365504K Free: 484321K (35%)
----------------- Invoking toplevel() on ptolemy.moml.MoMLSimpleApplication@2584d761
----------------- Done invoking toplevel() on ptolemy.moml.MoMLSimpleApplication@2584d761
reloadAllAccessors: .MinimumComplex

===========================================================================================
----------------- testing Fri May 17 04:42:27 UTC 2019 /home/travis/build/icyphy/ptII/ptolemy/actor/lib/test/auto/MinimumMultiports.xml
----------------- Instantiating /home/travis/build/icyphy/ptII/ptolemy/actor/lib/test/auto/MinimumMultiports.xml
4 ms. Memory: 1365504K Free: 465510K (34%)
----------------- Invoking toplevel() on ptolemy.moml.MoMLSimpleApplication@920cd1e
----------------- Done invoking toplevel() on ptolemy.moml.MoMLSimpleApplication@920cd1e
reloadAllAccessors: .MinimumMultiports

===========================================================================================
----------------- testing Fri May 17 04:42:27 UTC 2019 /home/travis/build/icyphy/ptII/ptolemy/actor/lib/test/auto/ModifyDate.xml
----------------- Instantiating /home/travis/build/icyphy/ptII/ptolemy/actor/lib/test/auto/ModifyDate.xml
8 ms. Memory: 1365504K Free: 446832K (33%)
----------------- Invoking toplevel() on ptolemy.moml.MoMLSimpleApplication@71df93d3
----------------- Done invoking toplevel() on ptolemy.moml.MoMLSimpleApplication@71df93d3
reloadAllAccessors: .ModifyDate

===========================================================================================
----------------- testing Fri May 17 04:42:27 UTC 2019 /home/travis/build/icyphy/ptII/ptolemy/actor/lib/test/auto/ModifyDate2.xml
----------------- Instantiating /home/travis/build/icyphy/ptII/ptolemy/actor/lib/test/auto/ModifyDate2.xml
5 ms. Memory: 1365504K Free: 421782K (31%)
----------------- Invoking toplevel() on ptolemy.moml.MoMLSimpleApplication@7046521f
----------------- Done invoking toplevel() on ptolemy.moml.MoMLSimpleApplication@7046521f
reloadAllAccessors: .ModifyDate2

===========================================================================================
----------------- testing Fri May 17 04:42:28 UTC 2019 /home/travis/build/icyphy/ptII/ptolemy/actor/lib/test/auto/MovingAverage.xml
----------------- Instantiating /home/travis/build/icyphy/ptII/ptolemy/actor/lib/test/auto/MovingAverage.xml
2 ms. Memory: 1365504K Free: 409335K (30%)
----------------- Invoking toplevel() on ptolemy.moml.MoMLSimpleApplication@6be6bcdf
----------------- Done invoking toplevel() on ptolemy.moml.MoMLSimpleApplication@6be6bcdf
reloadAllAccessors: .MovingAverage

===========================================================================================
----------------- testing Fri May 17 04:42:28 UTC 2019 /home/travis/build/icyphy/ptII/ptolemy/actor/lib/test/auto/MovingMaximum.xml
----------------- Instantiating /home/travis/build/icyphy/ptII/ptolemy/actor/lib/test/auto/MovingMaximum.xml
2 ms. Memory: 1365504K Free: 396888K (29%)
----------------- Invoking toplevel() on ptolemy.moml.MoMLSimpleApplication@7b440a0f
----------------- Done invoking toplevel() on ptolemy.moml.MoMLSimpleApplication@7b440a0f
reloadAllAccessors: .MovingMaximum

===========================================================================================
----------------- testing Fri May 17 04:42:28 UTC 2019 /home/travis/build/icyphy/ptII/ptolemy/actor/lib/test/auto/MultipleLinksToSameRelation.xml
----------------- Instantiating /home/travis/build/icyphy/ptII/ptolemy/actor/lib/test/auto/MultipleLinksToSameRelation.xml
5 ms. Memory: 1365504K Free: 378077K (28%)
----------------- Invoking toplevel() on ptolemy.moml.MoMLSimpleApplication@1e40243c
----------------- Done invoking toplevel() on ptolemy.moml.MoMLSimpleApplication@1e40243c
reloadAllAccessors: .MultipleLinksToSameRelation

===========================================================================================
----------------- testing Fri May 17 04:42:28 UTC 2019 /home/travis/build/icyphy/ptII/ptolemy/actor/lib/test/auto/MultipleLinksToSameRelationDE.xml
----------------- Instantiating /home/travis/build/icyphy/ptII/ptolemy/actor/lib/test/auto/MultipleLinksToSameRelationDE.xml
2 ms. Memory: 1365504K Free: 365631K (27%)
----------------- Invoking toplevel() on ptolemy.moml.MoMLSimpleApplication@4d39c6f5
----------------- Done invoking toplevel() on ptolemy.moml.MoMLSimpleApplication@4d39c6f5
reloadAllAccessors: .MultipleLinksToSameRelationDE

===========================================================================================
----------------- testing Fri May 17 04:42:28 UTC 2019 /home/travis/build/icyphy/ptII/ptolemy/actor/lib/test/auto/Multiplexor.xml
----------------- Instantiating /home/travis/build/icyphy/ptII/ptolemy/actor/lib/test/auto/Multiplexor.xml
2 ms. Memory: 1365504K Free: 353184K (26%)
----------------- Invoking toplevel() on ptolemy.moml.MoMLSimpleApplication@2270c077
----------------- Done invoking toplevel() on ptolemy.moml.MoMLSimpleApplication@2270c077
reloadAllAccessors: .Multiplexor

===========================================================================================
----------------- testing Fri May 17 04:42:28 UTC 2019 /home/travis/build/icyphy/ptII/ptolemy/actor/lib/test/auto/Multiplexor1.xml
----------------- Instantiating /home/travis/build/icyphy/ptII/ptolemy/actor/lib/test/auto/Multiplexor1.xml
3 ms. Memory: 1365504K Free: 334373K (24%)
----------------- Invoking toplevel() on ptolemy.moml.MoMLSimpleApplication@163194d7
----------------- Done invoking toplevel() on ptolemy.moml.MoMLSimpleApplication@163194d7
reloadAllAccessors: .Multiplexor1

===========================================================================================
----------------- testing Fri May 17 04:42:28 UTC 2019 /home/travis/build/icyphy/ptII/ptolemy/actor/lib/test/auto/Multiplexor2.xml
----------------- Instantiating /home/travis/build/icyphy/ptII/ptolemy/actor/lib/test/auto/Multiplexor2.xml
7 ms. Memory: 1365504K Free: 321926K (24%)
----------------- Invoking toplevel() on ptolemy.moml.MoMLSimpleApplication@429773e6
----------------- Done invoking toplevel() on ptolemy.moml.MoMLSimpleApplication@429773e6
reloadAllAccessors: .Multiplexor2

===========================================================================================
----------------- testing Fri May 17 04:42:28 UTC 2019 /home/travis/build/icyphy/ptII/ptolemy/actor/lib/test/auto/Multiplexor3.xml
----------------- Instantiating /home/travis/build/icyphy/ptII/ptolemy/actor/lib/test/auto/Multiplexor3.xml
1 ms. Memory: 1365504K Free: 303116K (22%)
----------------- Invoking toplevel() on ptolemy.moml.MoMLSimpleApplication@409138a6
----------------- Done invoking toplevel() on ptolemy.moml.MoMLSimpleApplication@409138a6
reloadAllAccessors: .Multiplexor3

===========================================================================================
----------------- testing Fri May 17 04:42:28 UTC 2019 /home/travis/build/icyphy/ptII/ptolemy/actor/lib/test/auto/MultiplexorDE.xml
----------------- Instantiating /home/travis/build/icyphy/ptII/ptolemy/actor/lib/test/auto/MultiplexorDE.xml
4 ms. Memory: 1365504K Free: 290669K (21%)
----------------- Invoking toplevel() on ptolemy.moml.MoMLSimpleApplication@3d7f8a05
----------------- Done invoking toplevel() on ptolemy.moml.MoMLSimpleApplication@3d7f8a05
reloadAllAccessors: .MultiplexorDE

===========================================================================================
----------------- testing Fri May 17 04:42:28 UTC 2019 /home/travis/build/icyphy/ptII/ptolemy/actor/lib/test/auto/MultiportBroadcastTest.xml
----------------- Instantiating /home/travis/build/icyphy/ptII/ptolemy/actor/lib/test/auto/MultiportBroadcastTest.xml
69 ms. Memory: 1365504K Free: 278222K (20%)
----------------- Invoking toplevel() on ptolemy.moml.MoMLSimpleApplication@7792bf6b
----------------- Done invoking toplevel() on ptolemy.moml.MoMLSimpleApplication@7792bf6b
reloadAllAccessors: .MultiportBroadcastTest

===========================================================================================
----------------- testing Fri May 17 04:42:28 UTC 2019 /home/travis/build/icyphy/ptII/ptolemy/actor/lib/test/auto/MultiportOutHangDuringGetWidth.xml
----------------- Instantiating /home/travis/build/icyphy/ptII/ptolemy/actor/lib/test/auto/MultiportOutHangDuringGetWidth.xml
6 ms. Memory: 1365504K Free: 253188K (19%)
----------------- Invoking toplevel() on ptolemy.moml.MoMLSimpleApplication@62343768
----------------- Done invoking toplevel() on ptolemy.moml.MoMLSimpleApplication@62343768
reloadAllAccessors: .MultiportOutHangDuringGetWidth

===========================================================================================
----------------- testing Fri May 17 04:42:28 UTC 2019 /home/travis/build/icyphy/ptII/ptolemy/actor/lib/test/auto/NilToken.xml
----------------- Instantiating /home/travis/build/icyphy/ptII/ptolemy/actor/lib/test/auto/NilToken.xml
1 ms. Memory: 1365504K Free: 240741K (18%)
----------------- Invoking toplevel() on ptolemy.moml.MoMLSimpleApplication@1cbe8ac5
----------------- Done invoking toplevel() on ptolemy.moml.MoMLSimpleApplication@1cbe8ac5
reloadAllAccessors: .NilToken

===========================================================================================
----------------- testing Fri May 17 04:42:28 UTC 2019 /home/travis/build/icyphy/ptII/ptolemy/actor/lib/test/auto/NilTokenNonStrictTest.xml
----------------- Instantiating /home/travis/build/icyphy/ptII/ptolemy/actor/lib/test/auto/NilTokenNonStrictTest.xml
1 ms. Memory: 1365504K Free: 228294K (17%)
----------------- Invoking toplevel() on ptolemy.moml.MoMLSimpleApplication@1cad794f
----------------- Done invoking toplevel() on ptolemy.moml.MoMLSimpleApplication@1cad794f
reloadAllAccessors: .NilTokenNonStrictTest

===========================================================================================
----------------- testing Fri May 17 04:42:28 UTC 2019 /home/travis/build/icyphy/ptII/ptolemy/actor/lib/test/auto/NilTokenRecord.xml
----------------- Instantiating /home/travis/build/icyphy/ptII/ptolemy/actor/lib/test/auto/NilTokenRecord.xml
4 ms. Memory: 1365504K Free: 209483K (15%)
----------------- Invoking toplevel() on ptolemy.moml.MoMLSimpleApplication@4705e8af
----------------- Done invoking toplevel() on ptolemy.moml.MoMLSimpleApplication@4705e8af
reloadAllAccessors: .NilTokenRecord

===========================================================================================
----------------- testing Fri May 17 04:42:28 UTC 2019 /home/travis/build/icyphy/ptII/ptolemy/actor/lib/test/auto/NilTokenTypeTest.xml
----------------- Instantiating /home/travis/build/icyphy/ptII/ptolemy/actor/lib/test/auto/NilTokenTypeTest.xml
3 ms. Memory: 1365504K Free: 190797K (14%)
----------------- Invoking toplevel() on ptolemy.moml.MoMLSimpleApplication@6e17e41b
----------------- Done invoking toplevel() on ptolemy.moml.MoMLSimpleApplication@6e17e41b
reloadAllAccessors: .NilTokenTypeTest

===========================================================================================
----------------- testing Fri May 17 04:42:28 UTC 2019 /home/travis/build/icyphy/ptII/ptolemy/actor/lib/test/auto/ObjectToken1.xml
----------------- Instantiating /home/travis/build/icyphy/ptII/ptolemy/actor/lib/test/auto/ObjectToken1.xml
2 ms. Memory: 1365504K Free: 171986K (13%)
----------------- Invoking toplevel() on ptolemy.moml.MoMLSimpleApplication@7255016b
----------------- Done invoking toplevel() on ptolemy.moml.MoMLSimpleApplication@7255016b
reloadAllAccessors: .ObjectToken1

===========================================================================================
----------------- testing Fri May 17 04:42:28 UTC 2019 /home/travis/build/icyphy/ptII/ptolemy/actor/lib/test/auto/OrderedMerge.xml
----------------- Instantiating /home/travis/build/icyphy/ptII/ptolemy/actor/lib/test/auto/OrderedMerge.xml
8 ms. Memory: 1365504K Free: 134646K (10%)
----------------- Invoking toplevel() on ptolemy.moml.MoMLSimpleApplication@4a1c94f1
----------------- Done invoking toplevel() on ptolemy.moml.MoMLSimpleApplication@4a1c94f1
reloadAllAccessors: .OrderedMerge

===========================================================================================
----------------- testing Fri May 17 04:42:28 UTC 2019 /home/travis/build/icyphy/ptII/ptolemy/actor/lib/test/auto/OrderedRecordDisassembler.xml
----------------- Instantiating /home/travis/build/icyphy/ptII/ptolemy/actor/lib/test/auto/OrderedRecordDisassembler.xml
3 ms. Memory: 1365504K Free: 122199K (9%)
----------------- Invoking toplevel() on ptolemy.moml.MoMLSimpleApplication@778590c4
----------------- Done invoking toplevel() on ptolemy.moml.MoMLSimpleApplication@778590c4
reloadAllAccessors: .OrderedRecordDisassembler

===========================================================================================
----------------- testing Fri May 17 04:42:28 UTC 2019 /home/travis/build/icyphy/ptII/ptolemy/actor/lib/test/auto/OrderedRecordDisassembler2.xml
----------------- Instantiating /home/travis/build/icyphy/ptII/ptolemy/actor/lib/test/auto/OrderedRecordDisassembler2.xml
5 ms. Memory: 1365504K Free: 103388K (8%)
----------------- Invoking toplevel() on ptolemy.moml.MoMLSimpleApplication@66432486
----------------- Done invoking toplevel() on ptolemy.moml.MoMLSimpleApplication@66432486
reloadAllAccessors: .OrderedRecordDisassembler2

===========================================================================================
----------------- testing Fri May 17 04:42:28 UTC 2019 /home/travis/build/icyphy/ptII/ptolemy/actor/lib/test/auto/OrderedRecordUpdater.xml
----------------- Instantiating /home/travis/build/icyphy/ptII/ptolemy/actor/lib/test/auto/OrderedRecordUpdater.xml
2 ms. Memory: 1365504K Free: 90941K (7%)
----------------- Invoking toplevel() on ptolemy.moml.MoMLSimpleApplication@4dd08065
----------------- Done invoking toplevel() on ptolemy.moml.MoMLSimpleApplication@4dd08065
reloadAllAccessors: .RecordUpdater

===========================================================================================
----------------- testing Fri May 17 04:42:28 UTC 2019 /home/travis/build/icyphy/ptII/ptolemy/actor/lib/test/auto/OrderedRecordUpdater2.xml
----------------- Instantiating /home/travis/build/icyphy/ptII/ptolemy/actor/lib/test/auto/OrderedRecordUpdater2.xml
3 ms. Memory: 1365504K Free: 82770K (6%)
----------------- Invoking toplevel() on ptolemy.moml.MoMLSimpleApplication@268d5569
----------------- Done invoking toplevel() on ptolemy.moml.MoMLSimpleApplication@268d5569
reloadAllAccessors: .RecordUpdater2

===========================================================================================
----------------- testing Fri May 17 04:42:28 UTC 2019 /home/travis/build/icyphy/ptII/ptolemy/actor/lib/test/auto/PhaseUnwrap.xml
----------------- Instantiating /home/travis/build/icyphy/ptII/ptolemy/actor/lib/test/auto/PhaseUnwrap.xml
3 ms. Memory: 1523712K Free: 1459986K (96%)
----------------- Invoking toplevel() on ptolemy.moml.MoMLSimpleApplication@50e473dd
----------------- Done invoking toplevel() on ptolemy.moml.MoMLSimpleApplication@50e473dd
reloadAllAccessors: .PhaseUnwrap

===========================================================================================
----------------- testing Fri May 17 04:42:28 UTC 2019 /home/travis/build/icyphy/ptII/ptolemy/actor/lib/test/auto/PoissonClock.xml
----------------- Instantiating /home/travis/build/icyphy/ptII/ptolemy/actor/lib/test/auto/PoissonClock.xml
1 ms. Memory: 1523712K Free: 1441014K (95%)
----------------- Invoking toplevel() on ptolemy.moml.MoMLSimpleApplication@2b9af21a
----------------- Done invoking toplevel() on ptolemy.moml.MoMLSimpleApplication@2b9af21a
reloadAllAccessors: .PoissonClock

===========================================================================================
----------------- testing Fri May 17 04:42:28 UTC 2019 /home/travis/build/icyphy/ptII/ptolemy/actor/lib/test/auto/PoissonClock2.xml
----------------- Instantiating /home/travis/build/icyphy/ptII/ptolemy/actor/lib/test/auto/PoissonClock2.xml
1 ms. Memory: 1523712K Free: 1415790K (93%)
----------------- Invoking toplevel() on ptolemy.moml.MoMLSimpleApplication@39ad1901
----------------- Done invoking toplevel() on ptolemy.moml.MoMLSimpleApplication@39ad1901
reloadAllAccessors: .PoissonClock2

===========================================================================================
----------------- testing Fri May 17 04:42:28 UTC 2019 /home/travis/build/icyphy/ptII/ptolemy/actor/lib/test/auto/PoissonClock3.xml
----------------- Instantiating /home/travis/build/icyphy/ptII/ptolemy/actor/lib/test/auto/PoissonClock3.xml
1 ms. Memory: 1523712K Free: 1396738K (92%)
----------------- Invoking toplevel() on ptolemy.moml.MoMLSimpleApplication@70db589c
----------------- Done invoking toplevel() on ptolemy.moml.MoMLSimpleApplication@70db589c
reloadAllAccessors: .PoissonClock3

===========================================================================================
----------------- testing Fri May 17 04:42:28 UTC 2019 /home/travis/build/icyphy/ptII/ptolemy/actor/lib/test/auto/PubSubWithInitialTokens.xml
----------------- Instantiating /home/travis/build/icyphy/ptII/ptolemy/actor/lib/test/auto/PubSubWithInitialTokens.xml
2 ms. Memory: 1523712K Free: 1377766K (90%)
----------------- Invoking toplevel() on ptolemy.moml.MoMLSimpleApplication@30ceaba7
----------------- Done invoking toplevel() on ptolemy.moml.MoMLSimpleApplication@30ceaba7
reloadAllAccessors: .PubSubWithInitialTokens

===========================================================================================
----------------- testing Fri May 17 04:42:28 UTC 2019 /home/travis/build/icyphy/ptII/ptolemy/actor/lib/test/auto/PubSubWithInitialTokens2.xml
----------------- Instantiating /home/travis/build/icyphy/ptII/ptolemy/actor/lib/test/auto/PubSubWithInitialTokens2.xml
2 ms. Memory: 1523712K Free: 1352542K (89%)
----------------- Invoking toplevel() on ptolemy.moml.MoMLSimpleApplication@19662e26
----------------- Done invoking toplevel() on ptolemy.moml.MoMLSimpleApplication@19662e26
reloadAllAccessors: .PubSubWithInitialTokens2

===========================================================================================
----------------- testing Fri May 17 04:42:28 UTC 2019 /home/travis/build/icyphy/ptII/ptolemy/actor/lib/test/auto/PublisherClassNoParameter.xml
----------------- Instantiating /home/travis/build/icyphy/ptII/ptolemy/actor/lib/test/auto/PublisherClassNoParameter.xml
2 ms. Memory: 1523712K Free: 1333570K (88%)
----------------- Invoking toplevel() on ptolemy.moml.MoMLSimpleApplication@76f28b8c
----------------- Done invoking toplevel() on ptolemy.moml.MoMLSimpleApplication@76f28b8c
reloadAllAccessors: .PublisherClassNoParameter

===========================================================================================
----------------- testing Fri May 17 04:42:28 UTC 2019 /home/travis/build/icyphy/ptII/ptolemy/actor/lib/test/auto/PublisherClassParameter.xml
----------------- Instantiating /home/travis/build/icyphy/ptII/ptolemy/actor/lib/test/auto/PublisherClassParameter.xml
2 ms. Memory: 1523712K Free: 1314599K (86%)
----------------- Invoking toplevel() on ptolemy.moml.MoMLSimpleApplication@214e11b6
----------------- Done invoking toplevel() on ptolemy.moml.MoMLSimpleApplication@214e11b6
reloadAllAccessors: .PublisherClassParameter

===========================================================================================
----------------- testing Fri May 17 04:42:28 UTC 2019 /home/travis/build/icyphy/ptII/ptolemy/actor/lib/test/auto/PublisherNonStrictTest.xml
----------------- Instantiating /home/travis/build/icyphy/ptII/ptolemy/actor/lib/test/auto/PublisherNonStrictTest.xml
2 ms. Memory: 1523712K Free: 1289375K (85%)
----------------- Invoking toplevel() on ptolemy.moml.MoMLSimpleApplication@28d55b86
----------------- Done invoking toplevel() on ptolemy.moml.MoMLSimpleApplication@28d55b86
reloadAllAccessors: .PublisherNonStrictTest

===========================================================================================
----------------- testing Fri May 17 04:42:28 UTC 2019 /home/travis/build/icyphy/ptII/ptolemy/actor/lib/test/auto/PublisherPort1.xml
----------------- Instantiating /home/travis/build/icyphy/ptII/ptolemy/actor/lib/test/auto/PublisherPort1.xml
9 ms. Memory: 1523712K Free: 1270403K (83%)
----------------- Invoking toplevel() on ptolemy.moml.MoMLSimpleApplication@1ebd1649
----------------- Done invoking toplevel() on ptolemy.moml.MoMLSimpleApplication@1ebd1649
reloadAllAccessors: .PublisherPort1

===========================================================================================
----------------- testing Fri May 17 04:42:28 UTC 2019 /home/travis/build/icyphy/ptII/ptolemy/actor/lib/test/auto/PublisherPort2.xml
----------------- Instantiating /home/travis/build/icyphy/ptII/ptolemy/actor/lib/test/auto/PublisherPort2.xml
1 ms. Memory: 1523712K Free: 1245179K (82%)
----------------- Invoking toplevel() on ptolemy.moml.MoMLSimpleApplication@3c81ad71
----------------- Done invoking toplevel() on ptolemy.moml.MoMLSimpleApplication@3c81ad71
reloadAllAccessors: .PublisherPort2

===========================================================================================
----------------- testing Fri May 17 04:42:28 UTC 2019 /home/travis/build/icyphy/ptII/ptolemy/actor/lib/test/auto/PublisherPort3.xml
----------------- Instantiating /home/travis/build/icyphy/ptII/ptolemy/actor/lib/test/auto/PublisherPort3.xml
3 ms. Memory: 1523712K Free: 1226208K (80%)
----------------- Invoking toplevel() on ptolemy.moml.MoMLSimpleApplication@58744321
----------------- Done invoking toplevel() on ptolemy.moml.MoMLSimpleApplication@58744321
reloadAllAccessors: .PublisherPort3

===========================================================================================
----------------- testing Fri May 17 04:42:28 UTC 2019 /home/travis/build/icyphy/ptII/ptolemy/actor/lib/test/auto/PublisherPort4.xml
----------------- Instantiating /home/travis/build/icyphy/ptII/ptolemy/actor/lib/test/auto/PublisherPort4.xml
2 ms. Memory: 1523712K Free: 1207237K (79%)
----------------- Invoking toplevel() on ptolemy.moml.MoMLSimpleApplication@146704a1
----------------- Done invoking toplevel() on ptolemy.moml.MoMLSimpleApplication@146704a1
reloadAllAccessors: .PublisherPort4

===========================================================================================
----------------- testing Fri May 17 04:42:28 UTC 2019 /home/travis/build/icyphy/ptII/ptolemy/actor/lib/test/auto/PublisherPort5.xml
----------------- Instantiating /home/travis/build/icyphy/ptII/ptolemy/actor/lib/test/auto/PublisherPort5.xml
3 ms. Memory: 1523712K Free: 1182012K (78%)
----------------- Invoking toplevel() on ptolemy.moml.MoMLSimpleApplication@5064f16a
----------------- Done invoking toplevel() on ptolemy.moml.MoMLSimpleApplication@5064f16a
reloadAllAccessors: .PublisherPort5

===========================================================================================
----------------- testing Fri May 17 04:42:28 UTC 2019 /home/travis/build/icyphy/ptII/ptolemy/actor/lib/test/auto/PublisherPort5LookAlike.xml
----------------- Instantiating /home/travis/build/icyphy/ptII/ptolemy/actor/lib/test/auto/PublisherPort5LookAlike.xml
6 ms. Memory: 1523712K Free: 1163041K (76%)
----------------- Invoking toplevel() on ptolemy.moml.MoMLSimpleApplication@364fed17
----------------- Done invoking toplevel() on ptolemy.moml.MoMLSimpleApplication@364fed17
reloadAllAccessors: .PublisherPort5LookAlike

===========================================================================================
----------------- testing Fri May 17 04:42:28 UTC 2019 /home/travis/build/icyphy/ptII/ptolemy/actor/lib/test/auto/PublisherPort6.xml
----------------- Instantiating /home/travis/build/icyphy/ptII/ptolemy/actor/lib/test/auto/PublisherPort6.xml
2 ms. Memory: 1523712K Free: 1144069K (75%)
----------------- Invoking toplevel() on ptolemy.moml.MoMLSimpleApplication@2ec68ad9
----------------- Done invoking toplevel() on ptolemy.moml.MoMLSimpleApplication@2ec68ad9
reloadAllAccessors: .PublisherPort6

===========================================================================================
----------------- testing Fri May 17 04:42:28 UTC 2019 /home/travis/build/icyphy/ptII/ptolemy/actor/lib/test/auto/PublisherPort7.xml
----------------- Instantiating /home/travis/build/icyphy/ptII/ptolemy/actor/lib/test/auto/PublisherPort7.xml
3 ms. Memory: 1523712K Free: 1118845K (73%)
----------------- Invoking toplevel() on ptolemy.moml.MoMLSimpleApplication@2ecc7d53
----------------- Done invoking toplevel() on ptolemy.moml.MoMLSimpleApplication@2ecc7d53
reloadAllAccessors: .PublisherPort7

===========================================================================================
----------------- testing Fri May 17 04:42:28 UTC 2019 /home/travis/build/icyphy/ptII/ptolemy/actor/lib/test/auto/PublisherPort8.xml
----------------- Instantiating /home/travis/build/icyphy/ptII/ptolemy/actor/lib/test/auto/PublisherPort8.xml
4 ms. Memory: 1523712K Free: 1099874K (72%)
----------------- Invoking toplevel() on ptolemy.moml.MoMLSimpleApplication@30348a06
----------------- Done invoking toplevel() on ptolemy.moml.MoMLSimpleApplication@30348a06
reloadAllAccessors: .PublisherPort8

===========================================================================================
----------------- testing Fri May 17 04:42:28 UTC 2019 /home/travis/build/icyphy/ptII/ptolemy/actor/lib/test/auto/PublisherPortSubscriberChannelVariablesAOC2.xml
----------------- Instantiating /home/travis/build/icyphy/ptII/ptolemy/actor/lib/test/auto/PublisherPortSubscriberChannelVariablesAOC2.xml
3 ms. Memory: 1523712K Free: 1065156K (70%)
----------------- Invoking toplevel() on ptolemy.moml.MoMLSimpleApplication@45b015
----------------- Done invoking toplevel() on ptolemy.moml.MoMLSimpleApplication@45b015
reloadAllAccessors: .PublisherPortSubscriberChannelVariablesAOC2

===========================================================================================
----------------- testing Fri May 17 04:42:28 UTC 2019 /home/travis/build/icyphy/ptII/ptolemy/actor/lib/test/auto/PublisherPortSubscriberOpaqueWidthInference.xml
----------------- Instantiating /home/travis/build/icyphy/ptII/ptolemy/actor/lib/test/auto/PublisherPortSubscriberOpaqueWidthInference.xml
3 ms. Memory: 1523712K Free: 1046185K (69%)
----------------- Invoking toplevel() on ptolemy.moml.MoMLSimpleApplication@290f6da6
----------------- Done invoking toplevel() on ptolemy.moml.MoMLSimpleApplication@290f6da6
reloadAllAccessors: .PublisherPortSubscriberOpaqueWidthInference

===========================================================================================
----------------- testing Fri May 17 04:42:28 UTC 2019 /home/travis/build/icyphy/ptII/ptolemy/actor/lib/test/auto/PublisherPortSubscriberPortAdjacent.xml
----------------- Instantiating /home/travis/build/icyphy/ptII/ptolemy/actor/lib/test/auto/PublisherPortSubscriberPortAdjacent.xml
2 ms. Memory: 1523712K Free: 1027213K (67%)
----------------- Invoking toplevel() on ptolemy.moml.MoMLSimpleApplication@47a12700
----------------- Done invoking toplevel() on ptolemy.moml.MoMLSimpleApplication@47a12700
reloadAllAccessors: .PublisherPortSubscriberPortAdjacent

===========================================================================================
----------------- testing Fri May 17 04:42:28 UTC 2019 /home/travis/build/icyphy/ptII/ptolemy/actor/lib/test/auto/PublisherPortSubscriberPortExpression.xml
----------------- Instantiating /home/travis/build/icyphy/ptII/ptolemy/actor/lib/test/auto/PublisherPortSubscriberPortExpression.xml
5 ms. Memory: 1523712K Free: 1001989K (66%)
----------------- Invoking toplevel() on ptolemy.moml.MoMLSimpleApplication@7c30cbe7
----------------- Done invoking toplevel() on ptolemy.moml.MoMLSimpleApplication@7c30cbe7
reloadAllAccessors: .PublisherPortSubscriberPortExpression

===========================================================================================
----------------- testing Fri May 17 04:42:29 UTC 2019 /home/travis/build/icyphy/ptII/ptolemy/actor/lib/test/auto/PublisherPortSubscriberPortOpaqueD3Reverse.xml
----------------- Instantiating /home/travis/build/icyphy/ptII/ptolemy/actor/lib/test/auto/PublisherPortSubscriberPortOpaqueD3Reverse.xml
7 ms. Memory: 1523712K Free: 983017K (65%)
----------------- Invoking toplevel() on ptolemy.moml.MoMLSimpleApplication@381e78d8
----------------- Done invoking toplevel() on ptolemy.moml.MoMLSimpleApplication@381e78d8
reloadAllAccessors: .PublisherPortSubscriberPortOpaqueD3Reverse

===========================================================================================
----------------- testing Fri May 17 04:42:29 UTC 2019 /home/travis/build/icyphy/ptII/ptolemy/actor/lib/test/auto/PublisherPortSubscriberPortOpaqueWidthInference.xml
----------------- Instantiating /home/travis/build/icyphy/ptII/ptolemy/actor/lib/test/auto/PublisherPortSubscriberPortOpaqueWidthInference.xml
3 ms. Memory: 1523712K Free: 957793K (63%)
----------------- Invoking toplevel() on ptolemy.moml.MoMLSimpleApplication@16a2325b
----------------- Done invoking toplevel() on ptolemy.moml.MoMLSimpleApplication@16a2325b
reloadAllAccessors: .PublisherPortSubscriberPortOpaqueWidthInference

===========================================================================================
----------------- testing Fri May 17 04:42:29 UTC 2019 /home/travis/build/icyphy/ptII/ptolemy/actor/lib/test/auto/PublisherPortToplevelSubscriberPortAOC.xml
----------------- Instantiating /home/travis/build/icyphy/ptII/ptolemy/actor/lib/test/auto/PublisherPortToplevelSubscriberPortAOC.xml
.PublisherPortToplevelSubscriberPortAOC.TestExceptionAttribute: initialize() was not invoked, but wrapup() was.  This is unusual, but not always a problem.  For example, exporting JNLP will do this.
0 ms. Memory: 1523712K Free: 938822K (62%)
----------------- Invoking toplevel() on ptolemy.moml.MoMLSimpleApplication@309a4db2
----------------- Done invoking toplevel() on ptolemy.moml.MoMLSimpleApplication@309a4db2
reloadAllAccessors: .PublisherPortToplevelSubscriberPortAOC

===========================================================================================
----------------- testing Fri May 17 04:42:29 UTC 2019 /home/travis/build/icyphy/ptII/ptolemy/actor/lib/test/auto/PublisherSubscriber.xml
----------------- Instantiating /home/travis/build/icyphy/ptII/ptolemy/actor/lib/test/auto/PublisherSubscriber.xml
3 ms. Memory: 1523712K Free: 919850K (60%)
----------------- Invoking toplevel() on ptolemy.moml.MoMLSimpleApplication@74ea52ca
----------------- Done invoking toplevel() on ptolemy.moml.MoMLSimpleApplication@74ea52ca
reloadAllAccessors: .PublisherSubscriber

===========================================================================================
----------------- testing Fri May 17 04:42:29 UTC 2019 /home/travis/build/icyphy/ptII/ptolemy/actor/lib/test/auto/PublisherSubscriber10.xml
----------------- Instantiating /home/travis/build/icyphy/ptII/ptolemy/actor/lib/test/auto/PublisherSubscriber10.xml
6 ms. Memory: 1523712K Free: 894626K (59%)
----------------- Invoking toplevel() on ptolemy.moml.MoMLSimpleApplication@369f4353
----------------- Done invoking toplevel() on ptolemy.moml.MoMLSimpleApplication@369f4353
reloadAllAccessors: .PublisherSubscriber10

===========================================================================================
----------------- testing Fri May 17 04:42:29 UTC 2019 /home/travis/build/icyphy/ptII/ptolemy/actor/lib/test/auto/PublisherSubscriber10InitialOutputs.xml
----------------- Instantiating /home/travis/build/icyphy/ptII/ptolemy/actor/lib/test/auto/PublisherSubscriber10InitialOutputs.xml
11 ms. Memory: 1523712K Free: 875655K (57%)
----------------- Invoking toplevel() on ptolemy.moml.MoMLSimpleApplication@411abb80
----------------- Done invoking toplevel() on ptolemy.moml.MoMLSimpleApplication@411abb80
reloadAllAccessors: .PublisherSubscriber10InitialOutputs

===========================================================================================
----------------- testing Fri May 17 04:42:29 UTC 2019 /home/travis/build/icyphy/ptII/ptolemy/actor/lib/test/auto/PublisherSubscriber11.xml
----------------- Instantiating /home/travis/build/icyphy/ptII/ptolemy/actor/lib/test/auto/PublisherSubscriber11.xml
3 ms. Memory: 1523712K Free: 850430K (56%)
----------------- Invoking toplevel() on ptolemy.moml.MoMLSimpleApplication@2f6a70c7
----------------- Done invoking toplevel() on ptolemy.moml.MoMLSimpleApplication@2f6a70c7
reloadAllAccessors: .PublisherSubscriber11

===========================================================================================
----------------- testing Fri May 17 04:42:29 UTC 2019 /home/travis/build/icyphy/ptII/ptolemy/actor/lib/test/auto/PublisherSubscriber12.xml
----------------- Instantiating /home/travis/build/icyphy/ptII/ptolemy/actor/lib/test/auto/PublisherSubscriber12.xml
6 ms. Memory: 1523712K Free: 831459K (55%)
----------------- Invoking toplevel() on ptolemy.moml.MoMLSimpleApplication@4357c6cc
----------------- Done invoking toplevel() on ptolemy.moml.MoMLSimpleApplication@4357c6cc
reloadAllAccessors: .PublisherSubscriber12

===========================================================================================
----------------- testing Fri May 17 04:42:29 UTC 2019 /home/travis/build/icyphy/ptII/ptolemy/actor/lib/test/auto/PublisherSubscriber13.xml
----------------- Instantiating /home/travis/build/icyphy/ptII/ptolemy/actor/lib/test/auto/PublisherSubscriber13.xml
2 ms. Memory: 1523712K Free: 812488K (53%)
----------------- Invoking toplevel() on ptolemy.moml.MoMLSimpleApplication@57979a77
----------------- Done invoking toplevel() on ptolemy.moml.MoMLSimpleApplication@57979a77
reloadAllAccessors: .PublisherSubscriber13

===========================================================================================
----------------- testing Fri May 17 04:42:29 UTC 2019 /home/travis/build/icyphy/ptII/ptolemy/actor/lib/test/auto/PublisherSubscriber14.xml
----------------- Instantiating /home/travis/build/icyphy/ptII/ptolemy/actor/lib/test/auto/PublisherSubscriber14.xml
2 ms. Memory: 1523712K Free: 787264K (52%)
----------------- Invoking toplevel() on ptolemy.moml.MoMLSimpleApplication@6a7ac4ef
----------------- Done invoking toplevel() on ptolemy.moml.MoMLSimpleApplication@6a7ac4ef
reloadAllAccessors: .PublisherSubscriber14

===========================================================================================
----------------- testing Fri May 17 04:42:29 UTC 2019 /home/travis/build/icyphy/ptII/ptolemy/actor/lib/test/auto/PublisherSubscriber2.xml
----------------- Instantiating /home/travis/build/icyphy/ptII/ptolemy/actor/lib/test/auto/PublisherSubscriber2.xml
3 ms. Memory: 1523712K Free: 768292K (50%)
----------------- Invoking toplevel() on ptolemy.moml.MoMLSimpleApplication@1106be62
----------------- Done invoking toplevel() on ptolemy.moml.MoMLSimpleApplication@1106be62
reloadAllAccessors: .PublisherSubscriber2

===========================================================================================
----------------- testing Fri May 17 04:42:29 UTC 2019 /home/travis/build/icyphy/ptII/ptolemy/actor/lib/test/auto/PublisherSubscriber3.xml
----------------- Instantiating /home/travis/build/icyphy/ptII/ptolemy/actor/lib/test/auto/PublisherSubscriber3.xml
2 ms. Memory: 1523712K Free: 749321K (49%)
----------------- Invoking toplevel() on ptolemy.moml.MoMLSimpleApplication@6de19c63
----------------- Done invoking toplevel() on ptolemy.moml.MoMLSimpleApplication@6de19c63
reloadAllAccessors: .PublisherSubscriber3

===========================================================================================
----------------- testing Fri May 17 04:42:29 UTC 2019 /home/travis/build/icyphy/ptII/ptolemy/actor/lib/test/auto/PublisherSubscriber4.xml
----------------- Instantiating /home/travis/build/icyphy/ptII/ptolemy/actor/lib/test/auto/PublisherSubscriber4.xml
2 ms. Memory: 1523712K Free: 724097K (48%)
----------------- Invoking toplevel() on ptolemy.moml.MoMLSimpleApplication@3759f6fd
----------------- Done invoking toplevel() on ptolemy.moml.MoMLSimpleApplication@3759f6fd
reloadAllAccessors: .PublisherSubscriber4

===========================================================================================
----------------- testing Fri May 17 04:42:29 UTC 2019 /home/travis/build/icyphy/ptII/ptolemy/actor/lib/test/auto/PublisherSubscriber5.xml
----------------- Instantiating /home/travis/build/icyphy/ptII/ptolemy/actor/lib/test/auto/PublisherSubscriber5.xml
2 ms. Memory: 1523712K Free: 705125K (46%)
----------------- Invoking toplevel() on ptolemy.moml.MoMLSimpleApplication@2f28f4c9
----------------- Done invoking toplevel() on ptolemy.moml.MoMLSimpleApplication@2f28f4c9
reloadAllAccessors: .PublisherSubscriber5

===========================================================================================
----------------- testing Fri May 17 04:42:29 UTC 2019 /home/travis/build/icyphy/ptII/ptolemy/actor/lib/test/auto/PublisherSubscriber6.xml
----------------- Instantiating /home/travis/build/icyphy/ptII/ptolemy/actor/lib/test/auto/PublisherSubscriber6.xml
4 ms. Memory: 1523712K Free: 679901K (45%)
----------------- Invoking toplevel() on ptolemy.moml.MoMLSimpleApplication@2f4b1f1b
----------------- Done invoking toplevel() on ptolemy.moml.MoMLSimpleApplication@2f4b1f1b
reloadAllAccessors: .PublisherSubscriber6

===========================================================================================
----------------- testing Fri May 17 04:42:29 UTC 2019 /home/travis/build/icyphy/ptII/ptolemy/actor/lib/test/auto/PublisherSubscriber7.xml
----------------- Instantiating /home/travis/build/icyphy/ptII/ptolemy/actor/lib/test/auto/PublisherSubscriber7.xml
2 ms. Memory: 1523712K Free: 660929K (43%)
----------------- Invoking toplevel() on ptolemy.moml.MoMLSimpleApplication@76e2dc2d
----------------- Done invoking toplevel() on ptolemy.moml.MoMLSimpleApplication@76e2dc2d
reloadAllAccessors: .PublisherSubscriber7

===========================================================================================
----------------- testing Fri May 17 04:42:29 UTC 2019 /home/travis/build/icyphy/ptII/ptolemy/actor/lib/test/auto/PublisherSubscriber8.xml
----------------- Instantiating /home/travis/build/icyphy/ptII/ptolemy/actor/lib/test/auto/PublisherSubscriber8.xml
21 ms. Memory: 1523712K Free: 547101K (36%)
----------------- Invoking toplevel() on ptolemy.moml.MoMLSimpleApplication@4cec62ad
----------------- Done invoking toplevel() on ptolemy.moml.MoMLSimpleApplication@4cec62ad
reloadAllAccessors: .PublisherSubscriber8

===========================================================================================
----------------- testing Fri May 17 04:42:29 UTC 2019 /home/travis/build/icyphy/ptII/ptolemy/actor/lib/test/auto/PublisherSubscriber9.xml
----------------- Instantiating /home/travis/build/icyphy/ptII/ptolemy/actor/lib/test/auto/PublisherSubscriber9.xml
3 ms. Memory: 1523712K Free: 521877K (34%)
----------------- Invoking toplevel() on ptolemy.moml.MoMLSimpleApplication@40dc94cc
----------------- Done invoking toplevel() on ptolemy.moml.MoMLSimpleApplication@40dc94cc
reloadAllAccessors: .PublisherSubscriber9

===========================================================================================
----------------- testing Fri May 17 04:42:29 UTC 2019 /home/travis/build/icyphy/ptII/ptolemy/actor/lib/test/auto/PublisherSubscriberAdjacent.xml
----------------- Instantiating /home/travis/build/icyphy/ptII/ptolemy/actor/lib/test/auto/PublisherSubscriberAdjacent.xml
2 ms. Memory: 1523712K Free: 502905K (33%)
----------------- Invoking toplevel() on ptolemy.moml.MoMLSimpleApplication@10864092
----------------- Done invoking toplevel() on ptolemy.moml.MoMLSimpleApplication@10864092
reloadAllAccessors: .PublisherSubscriberAdjacent

===========================================================================================
----------------- testing Fri May 17 04:42:29 UTC 2019 /home/travis/build/icyphy/ptII/ptolemy/actor/lib/test/auto/PublisherSubscriberChannelVariablesAOC2.xml
----------------- Instantiating /home/travis/build/icyphy/ptII/ptolemy/actor/lib/test/auto/PublisherSubscriberChannelVariablesAOC2.xml
3 ms. Memory: 1523712K Free: 468179K (31%)
----------------- Invoking toplevel() on ptolemy.moml.MoMLSimpleApplication@d684c00
----------------- Done invoking toplevel() on ptolemy.moml.MoMLSimpleApplication@d684c00
reloadAllAccessors: .PublisherSubscriberChannelVariablesAOC2

===========================================================================================
----------------- testing Fri May 17 04:42:29 UTC 2019 /home/travis/build/icyphy/ptII/ptolemy/actor/lib/test/auto/PublisherSubscriberD3.xml
----------------- Instantiating /home/travis/build/icyphy/ptII/ptolemy/actor/lib/test/auto/PublisherSubscriberD3.xml
1 ms. Memory: 1523712K Free: 449208K (29%)
----------------- Invoking toplevel() on ptolemy.moml.MoMLSimpleApplication@524a4a11
----------------- Done invoking toplevel() on ptolemy.moml.MoMLSimpleApplication@524a4a11
reloadAllAccessors: .PublisherSubscriberD3

===========================================================================================
----------------- testing Fri May 17 04:42:29 UTC 2019 /home/travis/build/icyphy/ptII/ptolemy/actor/lib/test/auto/PublisherSubscriberD3Reverse.xml
----------------- Instantiating /home/travis/build/icyphy/ptII/ptolemy/actor/lib/test/auto/PublisherSubscriberD3Reverse.xml
1 ms. Memory: 1523712K Free: 430237K (28%)
----------------- Invoking toplevel() on ptolemy.moml.MoMLSimpleApplication@6ee5ceab
----------------- Done invoking toplevel() on ptolemy.moml.MoMLSimpleApplication@6ee5ceab
reloadAllAccessors: .PublisherSubscriberD3Reverse

===========================================================================================
----------------- testing Fri May 17 04:42:29 UTC 2019 /home/travis/build/icyphy/ptII/ptolemy/actor/lib/test/auto/PublisherSubscriberExpression.xml
----------------- Instantiating /home/travis/build/icyphy/ptII/ptolemy/actor/lib/test/auto/PublisherSubscriberExpression.xml
3 ms. Memory: 1523712K Free: 405012K (27%)
----------------- Invoking toplevel() on ptolemy.moml.MoMLSimpleApplication@456e4e78
----------------- Done invoking toplevel() on ptolemy.moml.MoMLSimpleApplication@456e4e78
reloadAllAccessors: .PublisherSubscriberExpression

===========================================================================================
----------------- testing Fri May 17 04:42:29 UTC 2019 /home/travis/build/icyphy/ptII/ptolemy/actor/lib/test/auto/PublisherSubscriberOpaque.xml
----------------- Instantiating /home/travis/build/icyphy/ptII/ptolemy/actor/lib/test/auto/PublisherSubscriberOpaque.xml
3 ms. Memory: 1523712K Free: 386041K (25%)
----------------- Invoking toplevel() on ptolemy.moml.MoMLSimpleApplication@5e089269
----------------- Done invoking toplevel() on ptolemy.moml.MoMLSimpleApplication@5e089269
reloadAllAccessors: .PublisherSubscriberOpaque

===========================================================================================
----------------- testing Fri May 17 04:42:29 UTC 2019 /home/travis/build/icyphy/ptII/ptolemy/actor/lib/test/auto/PublisherSubscriberOpaqueD3.xml
----------------- Instantiating /home/travis/build/icyphy/ptII/ptolemy/actor/lib/test/auto/PublisherSubscriberOpaqueD3.xml
6 ms. Memory: 1523712K Free: 360817K (24%)
----------------- Invoking toplevel() on ptolemy.moml.MoMLSimpleApplication@6c17c528
----------------- Done invoking toplevel() on ptolemy.moml.MoMLSimpleApplication@6c17c528
reloadAllAccessors: .PublisherSubscriberOpaqueD3

===========================================================================================
----------------- testing Fri May 17 04:42:29 UTC 2019 /home/travis/build/icyphy/ptII/ptolemy/actor/lib/test/auto/PublisherSubscriberOpaqueD3Reverse.xml
----------------- Instantiating /home/travis/build/icyphy/ptII/ptolemy/actor/lib/test/auto/PublisherSubscriberOpaqueD3Reverse.xml
5 ms. Memory: 1523712K Free: 341845K (22%)
----------------- Invoking toplevel() on ptolemy.moml.MoMLSimpleApplication@599c1e17
----------------- Done invoking toplevel() on ptolemy.moml.MoMLSimpleApplication@599c1e17
reloadAllAccessors: .PublisherSubscriberOpaqueD3Reverse

===========================================================================================
----------------- testing Fri May 17 04:42:29 UTC 2019 /home/travis/build/icyphy/ptII/ptolemy/actor/lib/test/auto/PublisherSubscriberOpaqueWidthInference.xml
----------------- Instantiating /home/travis/build/icyphy/ptII/ptolemy/actor/lib/test/auto/PublisherSubscriberOpaqueWidthInference.xml
4 ms. Memory: 1523712K Free: 322874K (21%)
----------------- Invoking toplevel() on ptolemy.moml.MoMLSimpleApplication@46b825d9
----------------- Done invoking toplevel() on ptolemy.moml.MoMLSimpleApplication@46b825d9
reloadAllAccessors: .PublisherSubscriberOpaqueWidthInference

===========================================================================================
----------------- testing Fri May 17 04:42:29 UTC 2019 /home/travis/build/icyphy/ptII/ptolemy/actor/lib/test/auto/PublisherTestSubscriber.xml
----------------- Instantiating /home/travis/build/icyphy/ptII/ptolemy/actor/lib/test/auto/PublisherTestSubscriber.xml
4 ms. Memory: 1523712K Free: 297649K (20%)
----------------- Invoking toplevel() on ptolemy.moml.MoMLSimpleApplication@697249be
----------------- Done invoking toplevel() on ptolemy.moml.MoMLSimpleApplication@697249be
reloadAllAccessors: .PublisherTestSubscriber

===========================================================================================
----------------- testing Fri May 17 04:42:29 UTC 2019 /home/travis/build/icyphy/ptII/ptolemy/actor/lib/test/auto/PublisherToplevelSubscriberPortAOC.xml
----------------- Instantiating /home/travis/build/icyphy/ptII/ptolemy/actor/lib/test/auto/PublisherToplevelSubscriberPortAOC.xml
2 ms. Memory: 1523712K Free: 278678K (18%)
----------------- Invoking toplevel() on ptolemy.moml.MoMLSimpleApplication@62928f65
----------------- Done invoking toplevel() on ptolemy.moml.MoMLSimpleApplication@62928f65
reloadAllAccessors: .PublisherToplevelSubscriberPortAOC

===========================================================================================
----------------- testing Fri May 17 04:42:29 UTC 2019 /home/travis/build/icyphy/ptII/ptolemy/actor/lib/test/auto/PulseFiringLimitDE.xml
----------------- Instantiating /home/travis/build/icyphy/ptII/ptolemy/actor/lib/test/auto/PulseFiringLimitDE.xml
2 ms. Memory: 1523712K Free: 259707K (17%)
----------------- Invoking toplevel() on ptolemy.moml.MoMLSimpleApplication@5895df5b
----------------- Done invoking toplevel() on ptolemy.moml.MoMLSimpleApplication@5895df5b
reloadAllAccessors: .PulseFiringLimitDE

===========================================================================================
----------------- testing Fri May 17 04:42:29 UTC 2019 /home/travis/build/icyphy/ptII/ptolemy/actor/lib/test/auto/Ramp1.xml
----------------- Instantiating /home/travis/build/icyphy/ptII/ptolemy/actor/lib/test/auto/Ramp1.xml
1 ms. Memory: 1523712K Free: 234482K (15%)
----------------- Invoking toplevel() on ptolemy.moml.MoMLSimpleApplication@6f45655c
----------------- Done invoking toplevel() on ptolemy.moml.MoMLSimpleApplication@6f45655c
reloadAllAccessors: .Ramp1

===========================================================================================
----------------- testing Fri May 17 04:42:29 UTC 2019 /home/travis/build/icyphy/ptII/ptolemy/actor/lib/test/auto/RampFiringLimitDE.xml
----------------- Instantiating /home/travis/build/icyphy/ptII/ptolemy/actor/lib/test/auto/RampFiringLimitDE.xml
3 ms. Memory: 1523712K Free: 215511K (14%)
----------------- Invoking toplevel() on ptolemy.moml.MoMLSimpleApplication@46a4c832
----------------- Done invoking toplevel() on ptolemy.moml.MoMLSimpleApplication@46a4c832
reloadAllAccessors: .RampFiringLimitDE

===========================================================================================
----------------- testing Fri May 17 04:42:29 UTC 2019 /home/travis/build/icyphy/ptII/ptolemy/actor/lib/test/auto/RampFiringLimitSDF.xml
----------------- Instantiating /home/travis/build/icyphy/ptII/ptolemy/actor/lib/test/auto/RampFiringLimitSDF.xml
2 ms. Memory: 1523712K Free: 190287K (12%)
----------------- Invoking toplevel() on ptolemy.moml.MoMLSimpleApplication@6f86a793
----------------- Done invoking toplevel() on ptolemy.moml.MoMLSimpleApplication@6f86a793
reloadAllAccessors: .RampFiringLimitSDF

===========================================================================================
----------------- testing Fri May 17 04:42:29 UTC 2019 /home/travis/build/icyphy/ptII/ptolemy/actor/lib/test/auto/RandomInteger.xml
----------------- Instantiating /home/travis/build/icyphy/ptII/ptolemy/actor/lib/test/auto/RandomInteger.xml
2 ms. Memory: 1523712K Free: 171315K (11%)
----------------- Invoking toplevel() on ptolemy.moml.MoMLSimpleApplication@2c9ccf27
----------------- Done invoking toplevel() on ptolemy.moml.MoMLSimpleApplication@2c9ccf27
reloadAllAccessors: .RandomInteger

===========================================================================================
----------------- testing Fri May 17 04:42:29 UTC 2019 /home/travis/build/icyphy/ptII/ptolemy/actor/lib/test/auto/ReadFile1.xml
----------------- Instantiating /home/travis/build/icyphy/ptII/ptolemy/actor/lib/test/auto/ReadFile1.xml
2 ms. Memory: 1523712K Free: 152344K (10%)
----------------- Invoking toplevel() on ptolemy.moml.MoMLSimpleApplication@320727eb
----------------- Done invoking toplevel() on ptolemy.moml.MoMLSimpleApplication@320727eb
reloadAllAccessors: .ReadFile1

===========================================================================================
----------------- testing Fri May 17 04:42:29 UTC 2019 /home/travis/build/icyphy/ptII/ptolemy/actor/lib/test/auto/ReadFile2.xml
----------------- Instantiating /home/travis/build/icyphy/ptII/ptolemy/actor/lib/test/auto/ReadFile2.xml
2 ms. Memory: 1523712K Free: 127119K (8%)
----------------- Invoking toplevel() on ptolemy.moml.MoMLSimpleApplication@5be9e1ab
----------------- Done invoking toplevel() on ptolemy.moml.MoMLSimpleApplication@5be9e1ab
reloadAllAccessors: .ReadFile2

===========================================================================================
----------------- testing Fri May 17 04:42:29 UTC 2019 /home/travis/build/icyphy/ptII/ptolemy/actor/lib/test/auto/Reader.xml
----------------- Instantiating /home/travis/build/icyphy/ptII/ptolemy/actor/lib/test/auto/Reader.xml
actor.lib.Reader is obsolete, use actor.lib.io.ExpressionReader instead
2 ms. Memory: 1523712K Free: 108148K (7%)
----------------- Invoking toplevel() on ptolemy.moml.MoMLSimpleApplication@30f73af8
----------------- Done invoking toplevel() on ptolemy.moml.MoMLSimpleApplication@30f73af8
reloadAllAccessors: .Reader

===========================================================================================
----------------- testing Fri May 17 04:42:29 UTC 2019 /home/travis/build/icyphy/ptII/ptolemy/actor/lib/test/auto/RecordAssemblerDisplayNameTest.xml
----------------- Instantiating /home/travis/build/icyphy/ptII/ptolemy/actor/lib/test/auto/RecordAssemblerDisplayNameTest.xml
2929 ms. Memory: 1556992K Free: 305812K (20%)
----------------- Invoking toplevel() on ptolemy.moml.MoMLSimpleApplication@550ec45c
----------------- Done invoking toplevel() on ptolemy.moml.MoMLSimpleApplication@550ec45c
reloadAllAccessors: .RecordAssemblerDisplayNameTest

===========================================================================================
----------------- testing Fri May 17 04:42:32 UTC 2019 /home/travis/build/icyphy/ptII/ptolemy/actor/lib/test/auto/RecordAssemblerTypeError.xml
----------------- Instantiating /home/travis/build/icyphy/ptII/ptolemy/actor/lib/test/auto/RecordAssemblerTypeError.xml
4 ms. Memory: 1556992K Free: 274272K (18%)
----------------- Invoking toplevel() on ptolemy.moml.MoMLSimpleApplication@2d067cb0
----------------- Done invoking toplevel() on ptolemy.moml.MoMLSimpleApplication@2d067cb0
reloadAllAccessors: .RecordAssemblerTypeError

===========================================================================================
----------------- testing Fri May 17 04:42:32 UTC 2019 /home/travis/build/icyphy/ptII/ptolemy/actor/lib/test/auto/RecordDisassember.xml
----------------- Instantiating /home/travis/build/icyphy/ptII/ptolemy/actor/lib/test/auto/RecordDisassember.xml
3 ms. Memory: 1556992K Free: 259900K (17%)
----------------- Invoking toplevel() on ptolemy.moml.MoMLSimpleApplication@594c181b
----------------- Done invoking toplevel() on ptolemy.moml.MoMLSimpleApplication@594c181b
reloadAllAccessors: .RecordDisassember

===========================================================================================
----------------- testing Fri May 17 04:42:32 UTC 2019 /home/travis/build/icyphy/ptII/ptolemy/actor/lib/test/auto/RecordDisassemberDisplayNameTest.xml
----------------- Instantiating /home/travis/build/icyphy/ptII/ptolemy/actor/lib/test/auto/RecordDisassemberDisplayNameTest.xml
4 ms. Memory: 1556992K Free: 240405K (15%)
----------------- Invoking toplevel() on ptolemy.moml.MoMLSimpleApplication@6a2cde7b
----------------- Done invoking toplevel() on ptolemy.moml.MoMLSimpleApplication@6a2cde7b
reloadAllAccessors: .RecordDisassemberDisplayNameTest

===========================================================================================
----------------- testing Fri May 17 04:42:32 UTC 2019 /home/travis/build/icyphy/ptII/ptolemy/actor/lib/test/auto/RecordDisassembler.xml
----------------- Instantiating /home/travis/build/icyphy/ptII/ptolemy/actor/lib/test/auto/RecordDisassembler.xml
2 ms. Memory: 1556992K Free: 226034K (15%)
----------------- Invoking toplevel() on ptolemy.moml.MoMLSimpleApplication@24ad3c65
----------------- Done invoking toplevel() on ptolemy.moml.MoMLSimpleApplication@24ad3c65
reloadAllAccessors: .RecordDisassembler

===========================================================================================
----------------- testing Fri May 17 04:42:32 UTC 2019 /home/travis/build/icyphy/ptII/ptolemy/actor/lib/test/auto/RecordDisassembler2.xml
----------------- Instantiating /home/travis/build/icyphy/ptII/ptolemy/actor/lib/test/auto/RecordDisassembler2.xml
3 ms. Memory: 1556992K Free: 206539K (13%)
----------------- Invoking toplevel() on ptolemy.moml.MoMLSimpleApplication@730d275f
----------------- Done invoking toplevel() on ptolemy.moml.MoMLSimpleApplication@730d275f
reloadAllAccessors: .RecordDisassembler2

===========================================================================================
----------------- testing Fri May 17 04:42:32 UTC 2019 /home/travis/build/icyphy/ptII/ptolemy/actor/lib/test/auto/RecordUpdater.xml
----------------- Instantiating /home/travis/build/icyphy/ptII/ptolemy/actor/lib/test/auto/RecordUpdater.xml
2 ms. Memory: 1556992K Free: 192167K (12%)
----------------- Invoking toplevel() on ptolemy.moml.MoMLSimpleApplication@38eebea6
----------------- Done invoking toplevel() on ptolemy.moml.MoMLSimpleApplication@38eebea6
reloadAllAccessors: .RecordUpdater

===========================================================================================
----------------- testing Fri May 17 04:42:32 UTC 2019 /home/travis/build/icyphy/ptII/ptolemy/actor/lib/test/auto/RecordUpdater2.xml
----------------- Instantiating /home/travis/build/icyphy/ptII/ptolemy/actor/lib/test/auto/RecordUpdater2.xml
1 ms. Memory: 1556992K Free: 172673K (11%)
----------------- Invoking toplevel() on ptolemy.moml.MoMLSimpleApplication@26b7afbb
----------------- Done invoking toplevel() on ptolemy.moml.MoMLSimpleApplication@26b7afbb
reloadAllAccessors: .RecordUpdater2

===========================================================================================
----------------- testing Fri May 17 04:42:32 UTC 2019 /home/travis/build/icyphy/ptII/ptolemy/actor/lib/test/auto/RecursiveLattice.xml
----------------- Instantiating /home/travis/build/icyphy/ptII/ptolemy/actor/lib/test/auto/RecursiveLattice.xml
2 ms. Memory: 1556992K Free: 158301K (10%)
----------------- Invoking toplevel() on ptolemy.moml.MoMLSimpleApplication@45ffde82
----------------- Done invoking toplevel() on ptolemy.moml.MoMLSimpleApplication@45ffde82
reloadAllAccessors: .RecursiveLattice

===========================================================================================
----------------- testing Fri May 17 04:42:32 UTC 2019 /home/travis/build/icyphy/ptII/ptolemy/actor/lib/test/auto/Router.xml
----------------- Instantiating /home/travis/build/icyphy/ptII/ptolemy/actor/lib/test/auto/Router.xml
3002 ms. Memory: 1556992K Free: 138807K (9%)
----------------- Invoking toplevel() on ptolemy.moml.MoMLSimpleApplication@74ee438a
----------------- Done invoking toplevel() on ptolemy.moml.MoMLSimpleApplication@74ee438a
reloadAllAccessors: .Router

===========================================================================================
----------------- testing Fri May 17 04:42:35 UTC 2019 /home/travis/build/icyphy/ptII/ptolemy/actor/lib/test/auto/Router2.xml
----------------- Instantiating /home/travis/build/icyphy/ptII/ptolemy/actor/lib/test/auto/Router2.xml
3003 ms. Memory: 1556992K Free: 124435K (8%)
----------------- Invoking toplevel() on ptolemy.moml.MoMLSimpleApplication@2413bc31
----------------- Done invoking toplevel() on ptolemy.moml.MoMLSimpleApplication@2413bc31
reloadAllAccessors: .Router2

===========================================================================================
----------------- testing Fri May 17 04:42:38 UTC 2019 /home/travis/build/icyphy/ptII/ptolemy/actor/lib/test/auto/RunningMaximum.xml
----------------- Instantiating /home/travis/build/icyphy/ptII/ptolemy/actor/lib/test/auto/RunningMaximum.xml
2 ms. Memory: 1556992K Free: 104941K (7%)
----------------- Invoking toplevel() on ptolemy.moml.MoMLSimpleApplication@76f12b7c
----------------- Done invoking toplevel() on ptolemy.moml.MoMLSimpleApplication@76f12b7c
reloadAllAccessors: .RunningMaximum

===========================================================================================
----------------- testing Fri May 17 04:42:38 UTC 2019 /home/travis/build/icyphy/ptII/ptolemy/actor/lib/test/auto/RunningMinimum.xml
----------------- Instantiating /home/travis/build/icyphy/ptII/ptolemy/actor/lib/test/auto/RunningMinimum.xml
1 ms. Memory: 1556992K Free: 90569K (6%)
----------------- Invoking toplevel() on ptolemy.moml.MoMLSimpleApplication@639132b
----------------- Done invoking toplevel() on ptolemy.moml.MoMLSimpleApplication@639132b
reloadAllAccessors: .RunningMinimum

===========================================================================================
----------------- testing Fri May 17 04:42:38 UTC 2019 /home/travis/build/icyphy/ptII/ptolemy/actor/lib/test/auto/Scale.xml
----------------- Instantiating /home/travis/build/icyphy/ptII/ptolemy/actor/lib/test/auto/Scale.xml
11 ms. Memory: 1688576K Free: 1641928K (97%)
----------------- Invoking toplevel() on ptolemy.moml.MoMLSimpleApplication@25aa23b9
----------------- Done invoking toplevel() on ptolemy.moml.MoMLSimpleApplication@25aa23b9
reloadAllAccessors: .Scale

===========================================================================================
----------------- testing Fri May 17 04:42:38 UTC 2019 /home/travis/build/icyphy/ptII/ptolemy/actor/lib/test/auto/Scale2.xml
----------------- Instantiating /home/travis/build/icyphy/ptII/ptolemy/actor/lib/test/auto/Scale2.xml
1 ms. Memory: 1688576K Free: 1612868K (96%)
----------------- Invoking toplevel() on ptolemy.moml.MoMLSimpleApplication@4075e6c9
----------------- Done invoking toplevel() on ptolemy.moml.MoMLSimpleApplication@4075e6c9
reloadAllAccessors: .Scale2

===========================================================================================
----------------- testing Fri May 17 04:42:38 UTC 2019 /home/travis/build/icyphy/ptII/ptolemy/actor/lib/test/auto/Scale3.xml
----------------- Instantiating /home/travis/build/icyphy/ptII/ptolemy/actor/lib/test/auto/Scale3.xml
2 ms. Memory: 1688576K Free: 1587777K (94%)
----------------- Invoking toplevel() on ptolemy.moml.MoMLSimpleApplication@47500ca8
----------------- Done invoking toplevel() on ptolemy.moml.MoMLSimpleApplication@47500ca8
reloadAllAccessors: .Scale3

===========================================================================================
----------------- testing Fri May 17 04:42:39 UTC 2019 /home/travis/build/icyphy/ptII/ptolemy/actor/lib/test/auto/ScaleArray.xml
----------------- Instantiating /home/travis/build/icyphy/ptII/ptolemy/actor/lib/test/auto/ScaleArray.xml
1 ms. Memory: 1688576K Free: 1566608K (93%)
----------------- Invoking toplevel() on ptolemy.moml.MoMLSimpleApplication@425cd586
----------------- Done invoking toplevel() on ptolemy.moml.MoMLSimpleApplication@425cd586
reloadAllAccessors: .ScaleArray

===========================================================================================
----------------- testing Fri May 17 04:42:39 UTC 2019 /home/travis/build/icyphy/ptII/ptolemy/actor/lib/test/auto/ScaleArray2.xml
----------------- Instantiating /home/travis/build/icyphy/ptII/ptolemy/actor/lib/test/auto/ScaleArray2.xml
1 ms. Memory: 1688576K Free: 1541517K (91%)
----------------- Invoking toplevel() on ptolemy.moml.MoMLSimpleApplication@6d358ad4
----------------- Done invoking toplevel() on ptolemy.moml.MoMLSimpleApplication@6d358ad4
reloadAllAccessors: .ScaleArray2

===========================================================================================
----------------- testing Fri May 17 04:42:39 UTC 2019 /home/travis/build/icyphy/ptII/ptolemy/actor/lib/test/auto/ScaleMatrix.xml
----------------- Instantiating /home/travis/build/icyphy/ptII/ptolemy/actor/lib/test/auto/ScaleMatrix.xml
100 ms. Memory: 1688576K Free: 1516388K (90%)
----------------- Invoking toplevel() on ptolemy.moml.MoMLSimpleApplication@5e820fc7
----------------- Done invoking toplevel() on ptolemy.moml.MoMLSimpleApplication@5e820fc7
reloadAllAccessors: .ScaleMatrix

===========================================================================================
----------------- testing Fri May 17 04:42:39 UTC 2019 /home/travis/build/icyphy/ptII/ptolemy/actor/lib/test/auto/Select.xml
----------------- Instantiating /home/travis/build/icyphy/ptII/ptolemy/actor/lib/test/auto/Select.xml
2 ms. Memory: 1688576K Free: 1495218K (89%)
----------------- Invoking toplevel() on ptolemy.moml.MoMLSimpleApplication@15490d8b
----------------- Done invoking toplevel() on ptolemy.moml.MoMLSimpleApplication@15490d8b
reloadAllAccessors: .Select

===========================================================================================
----------------- testing Fri May 17 04:42:39 UTC 2019 /home/travis/build/icyphy/ptII/ptolemy/actor/lib/test/auto/Select2.xml
----------------- Instantiating /home/travis/build/icyphy/ptII/ptolemy/actor/lib/test/auto/Select2.xml
1 ms. Memory: 1688576K Free: 1470128K (87%)
----------------- Invoking toplevel() on ptolemy.moml.MoMLSimpleApplication@4125755a
----------------- Done invoking toplevel() on ptolemy.moml.MoMLSimpleApplication@4125755a
reloadAllAccessors: .Select2

===========================================================================================
----------------- testing Fri May 17 04:42:39 UTC 2019 /home/travis/build/icyphy/ptII/ptolemy/actor/lib/test/auto/SequenceToArray2.xml
----------------- Instantiating /home/travis/build/icyphy/ptII/ptolemy/actor/lib/test/auto/SequenceToArray2.xml
74 ms. Memory: 1688576K Free: 1339173K (79%)
----------------- Invoking toplevel() on ptolemy.moml.MoMLSimpleApplication@11ccd1cd
----------------- Done invoking toplevel() on ptolemy.moml.MoMLSimpleApplication@11ccd1cd
reloadAllAccessors: .SequenceToArray2

===========================================================================================
----------------- testing Fri May 17 04:42:39 UTC 2019 /home/travis/build/icyphy/ptII/ptolemy/actor/lib/test/auto/SequentialClock.xml
----------------- Instantiating /home/travis/build/icyphy/ptII/ptolemy/actor/lib/test/auto/SequentialClock.xml
2 ms. Memory: 1688576K Free: 1318004K (78%)
----------------- Invoking toplevel() on ptolemy.moml.MoMLSimpleApplication@9a1bee8
----------------- Done invoking toplevel() on ptolemy.moml.MoMLSimpleApplication@9a1bee8
reloadAllAccessors: .SequentialClock

===========================================================================================
----------------- testing Fri May 17 04:42:39 UTC 2019 /home/travis/build/icyphy/ptII/ptolemy/actor/lib/test/auto/SetVariable.xml
----------------- Instantiating /home/travis/build/icyphy/ptII/ptolemy/actor/lib/test/auto/SetVariable.xml
3 ms. Memory: 1688576K Free: 1292913K (77%)
----------------- Invoking toplevel() on ptolemy.moml.MoMLSimpleApplication@7a47421b
----------------- Done invoking toplevel() on ptolemy.moml.MoMLSimpleApplication@7a47421b
reloadAllAccessors: .SetVariable

===========================================================================================
----------------- testing Fri May 17 04:42:39 UTC 2019 /home/travis/build/icyphy/ptII/ptolemy/actor/lib/test/auto/SetVariable2.xml
----------------- Instantiating /home/travis/build/icyphy/ptII/ptolemy/actor/lib/test/auto/SetVariable2.xml
2 ms. Memory: 1688576K Free: 1271744K (75%)
----------------- Invoking toplevel() on ptolemy.moml.MoMLSimpleApplication@757c0918
----------------- Done invoking toplevel() on ptolemy.moml.MoMLSimpleApplication@757c0918
reloadAllAccessors: .SetVariable2

===========================================================================================
----------------- testing Fri May 17 04:42:39 UTC 2019 /home/travis/build/icyphy/ptII/ptolemy/actor/lib/test/auto/SetVariable3.xml
----------------- Instantiating /home/travis/build/icyphy/ptII/ptolemy/actor/lib/test/auto/SetVariable3.xml
2 ms. Memory: 1688576K Free: 1246653K (74%)
----------------- Invoking toplevel() on ptolemy.moml.MoMLSimpleApplication@55ca92de
----------------- Done invoking toplevel() on ptolemy.moml.MoMLSimpleApplication@55ca92de
reloadAllAccessors: .SetVariable3

===========================================================================================
----------------- testing Fri May 17 04:42:39 UTC 2019 /home/travis/build/icyphy/ptII/ptolemy/actor/lib/test/auto/SetVariable4.xml
----------------- Instantiating /home/travis/build/icyphy/ptII/ptolemy/actor/lib/test/auto/SetVariable4.xml
18 ms. Memory: 1688576K Free: 1147470K (68%)
----------------- Invoking toplevel() on ptolemy.moml.MoMLSimpleApplication@342560bc
----------------- Done invoking toplevel() on ptolemy.moml.MoMLSimpleApplication@342560bc
reloadAllAccessors: .SetVariable4

===========================================================================================
----------------- testing Fri May 17 04:42:39 UTC 2019 /home/travis/build/icyphy/ptII/ptolemy/actor/lib/test/auto/SetVariable5.xml
----------------- Instantiating /home/travis/build/icyphy/ptII/ptolemy/actor/lib/test/auto/SetVariable5.xml
8 ms. Memory: 1688576K Free: 1126300K (67%)
----------------- Invoking toplevel() on ptolemy.moml.MoMLSimpleApplication@29c2ffa7
----------------- Done invoking toplevel() on ptolemy.moml.MoMLSimpleApplication@29c2ffa7
reloadAllAccessors: .SetVariable5

===========================================================================================
----------------- testing Fri May 17 04:42:39 UTC 2019 /home/travis/build/icyphy/ptII/ptolemy/actor/lib/test/auto/Sinewave.xml
----------------- Instantiating /home/travis/build/icyphy/ptII/ptolemy/actor/lib/test/auto/Sinewave.xml
4 ms. Memory: 1688576K Free: 1101209K (65%)
----------------- Invoking toplevel() on ptolemy.moml.MoMLSimpleApplication@5a14a6f9
----------------- Done invoking toplevel() on ptolemy.moml.MoMLSimpleApplication@5a14a6f9
reloadAllAccessors: .Sinewave

===========================================================================================
----------------- testing Fri May 17 04:42:39 UTC 2019 /home/travis/build/icyphy/ptII/ptolemy/actor/lib/test/auto/Sinewave2.xml
----------------- Instantiating /home/travis/build/icyphy/ptII/ptolemy/actor/lib/test/auto/Sinewave2.xml
4 ms. Memory: 1688576K Free: 1076119K (64%)
----------------- Invoking toplevel() on ptolemy.moml.MoMLSimpleApplication@6d714e45
----------------- Done invoking toplevel() on ptolemy.moml.MoMLSimpleApplication@6d714e45
reloadAllAccessors: .Sinewave2

===========================================================================================
----------------- testing Fri May 17 04:42:39 UTC 2019 /home/travis/build/icyphy/ptII/ptolemy/actor/lib/test/auto/Sinewave3.xml
----------------- Instantiating /home/travis/build/icyphy/ptII/ptolemy/actor/lib/test/auto/Sinewave3.xml
5 ms. Memory: 1688576K Free: 1054949K (62%)
----------------- Invoking toplevel() on ptolemy.moml.MoMLSimpleApplication@21f6c44d
----------------- Done invoking toplevel() on ptolemy.moml.MoMLSimpleApplication@21f6c44d
reloadAllAccessors: .Sinewave3

===========================================================================================
----------------- testing Fri May 17 04:42:39 UTC 2019 /home/travis/build/icyphy/ptII/ptolemy/actor/lib/test/auto/SingleEvent.xml
----------------- Instantiating /home/travis/build/icyphy/ptII/ptolemy/actor/lib/test/auto/SingleEvent.xml
1 ms. Memory: 1688576K Free: 1029859K (61%)
----------------- Invoking toplevel() on ptolemy.moml.MoMLSimpleApplication@70290502
----------------- Done invoking toplevel() on ptolemy.moml.MoMLSimpleApplication@70290502
reloadAllAccessors: .SingleEvent

===========================================================================================
----------------- testing Fri May 17 04:42:39 UTC 2019 /home/travis/build/icyphy/ptII/ptolemy/actor/lib/test/auto/Sleep.xml
----------------- Instantiating /home/travis/build/icyphy/ptII/ptolemy/actor/lib/test/auto/Sleep.xml
6004 ms. Memory: 1688576K Free: 1004768K (60%)
----------------- Invoking toplevel() on ptolemy.moml.MoMLSimpleApplication@2d9b6420
----------------- Done invoking toplevel() on ptolemy.moml.MoMLSimpleApplication@2d9b6420
reloadAllAccessors: .Sleep

===========================================================================================
----------------- testing Fri May 17 04:42:45 UTC 2019 /home/travis/build/icyphy/ptII/ptolemy/actor/lib/test/auto/SleepMultipleFire.xml
----------------- Instantiating /home/travis/build/icyphy/ptII/ptolemy/actor/lib/test/auto/SleepMultipleFire.xml
1006 ms. Memory: 1688576K Free: 983598K (58%)
----------------- Invoking toplevel() on ptolemy.moml.MoMLSimpleApplication@212a4443
----------------- Done invoking toplevel() on ptolemy.moml.MoMLSimpleApplication@212a4443
reloadAllAccessors: .SleepMultipleFire

===========================================================================================
----------------- testing Fri May 17 04:42:46 UTC 2019 /home/travis/build/icyphy/ptII/ptolemy/actor/lib/test/auto/StopDE.xml
----------------- Instantiating /home/travis/build/icyphy/ptII/ptolemy/actor/lib/test/auto/StopDE.xml
2 ms. Memory: 1688576K Free: 958508K (57%)
----------------- Invoking toplevel() on ptolemy.moml.MoMLSimpleApplication@d519e7c
----------------- Done invoking toplevel() on ptolemy.moml.MoMLSimpleApplication@d519e7c
reloadAllAccessors: .StopDE

===========================================================================================
----------------- testing Fri May 17 04:42:46 UTC 2019 /home/travis/build/icyphy/ptII/ptolemy/actor/lib/test/auto/StopSDF.xml
----------------- Instantiating /home/travis/build/icyphy/ptII/ptolemy/actor/lib/test/auto/StopSDF.xml
2 ms. Memory: 1688576K Free: 937338K (56%)
----------------- Invoking toplevel() on ptolemy.moml.MoMLSimpleApplication@a00bd95
----------------- Done invoking toplevel() on ptolemy.moml.MoMLSimpleApplication@a00bd95
reloadAllAccessors: .StopSDF

===========================================================================================
----------------- testing Fri May 17 04:42:46 UTC 2019 /home/travis/build/icyphy/ptII/ptolemy/actor/lib/test/auto/StringConstant.xml
----------------- Instantiating /home/travis/build/icyphy/ptII/ptolemy/actor/lib/test/auto/StringConstant.xml
1 ms. Memory: 1688576K Free: 912248K (54%)
----------------- Invoking toplevel() on ptolemy.moml.MoMLSimpleApplication@2a6dd5fd
----------------- Done invoking toplevel() on ptolemy.moml.MoMLSimpleApplication@2a6dd5fd
reloadAllAccessors: .StringConstant

===========================================================================================
----------------- testing Fri May 17 04:42:46 UTC 2019 /home/travis/build/icyphy/ptII/ptolemy/actor/lib/test/auto/SubscriberPortInitialValues1.xml
----------------- Instantiating /home/travis/build/icyphy/ptII/ptolemy/actor/lib/test/auto/SubscriberPortInitialValues1.xml
6 ms. Memory: 1688576K Free: 887157K (53%)
----------------- Invoking toplevel() on ptolemy.moml.MoMLSimpleApplication@1e49862d
----------------- Done invoking toplevel() on ptolemy.moml.MoMLSimpleApplication@1e49862d
reloadAllAccessors: .SubscriberPortInitialValues1

===========================================================================================
----------------- testing Fri May 17 04:42:46 UTC 2019 /home/travis/build/icyphy/ptII/ptolemy/actor/lib/test/auto/SubscriberPortInitialValues13.xml
----------------- Instantiating /home/travis/build/icyphy/ptII/ptolemy/actor/lib/test/auto/SubscriberPortInitialValues13.xml
5 ms. Memory: 1688576K Free: 865988K (51%)
----------------- Invoking toplevel() on ptolemy.moml.MoMLSimpleApplication@45d0bd34
----------------- Done invoking toplevel() on ptolemy.moml.MoMLSimpleApplication@45d0bd34
reloadAllAccessors: .SubscriberPortInitialValues13

===========================================================================================
----------------- testing Fri May 17 04:42:46 UTC 2019 /home/travis/build/icyphy/ptII/ptolemy/actor/lib/test/auto/SubscriberPortInitialValues14.xml
----------------- Instantiating /home/travis/build/icyphy/ptII/ptolemy/actor/lib/test/auto/SubscriberPortInitialValues14.xml
4 ms. Memory: 1688576K Free: 840897K (50%)
----------------- Invoking toplevel() on ptolemy.moml.MoMLSimpleApplication@bd733f0
----------------- Done invoking toplevel() on ptolemy.moml.MoMLSimpleApplication@bd733f0
reloadAllAccessors: .SubscriberPortInitialValues14

===========================================================================================
----------------- testing Fri May 17 04:42:46 UTC 2019 /home/travis/build/icyphy/ptII/ptolemy/actor/lib/test/auto/SubscriberPortInitialValues2.xml
----------------- Instantiating /home/travis/build/icyphy/ptII/ptolemy/actor/lib/test/auto/SubscriberPortInitialValues2.xml
4 ms. Memory: 1688576K Free: 815807K (48%)
----------------- Invoking toplevel() on ptolemy.moml.MoMLSimpleApplication@152926b8
----------------- Done invoking toplevel() on ptolemy.moml.MoMLSimpleApplication@152926b8
reloadAllAccessors: .SubscriberPortInitialValues2

===========================================================================================
----------------- testing Fri May 17 04:42:46 UTC 2019 /home/travis/build/icyphy/ptII/ptolemy/actor/lib/test/auto/SubscriberPortInitialValues3.xml
----------------- Instantiating /home/travis/build/icyphy/ptII/ptolemy/actor/lib/test/auto/SubscriberPortInitialValues3.xml
4 ms. Memory: 1688576K Free: 794637K (47%)
----------------- Invoking toplevel() on ptolemy.moml.MoMLSimpleApplication@d3f67ed
----------------- Done invoking toplevel() on ptolemy.moml.MoMLSimpleApplication@d3f67ed
reloadAllAccessors: .SubscriberPortInitialValues3

===========================================================================================
----------------- testing Fri May 17 04:42:46 UTC 2019 /home/travis/build/icyphy/ptII/ptolemy/actor/lib/test/auto/SubscriptionAggregator.xml
----------------- Instantiating /home/travis/build/icyphy/ptII/ptolemy/actor/lib/test/auto/SubscriptionAggregator.xml
2 ms. Memory: 1688576K Free: 769547K (46%)
----------------- Invoking toplevel() on ptolemy.moml.MoMLSimpleApplication@71f96d02
----------------- Done invoking toplevel() on ptolemy.moml.MoMLSimpleApplication@71f96d02
reloadAllAccessors: .SubscriptionAggregator

===========================================================================================
----------------- testing Fri May 17 04:42:46 UTC 2019 /home/travis/build/icyphy/ptII/ptolemy/actor/lib/test/auto/SubscriptionAggregator2.xml
----------------- Instantiating /home/travis/build/icyphy/ptII/ptolemy/actor/lib/test/auto/SubscriptionAggregator2.xml
3 ms. Memory: 1688576K Free: 744456K (44%)
----------------- Invoking toplevel() on ptolemy.moml.MoMLSimpleApplication@4d1c8cb6
----------------- Done invoking toplevel() on ptolemy.moml.MoMLSimpleApplication@4d1c8cb6
reloadAllAccessors: .SubscriptionAggregator2

===========================================================================================
----------------- testing Fri May 17 04:42:46 UTC 2019 /home/travis/build/icyphy/ptII/ptolemy/actor/lib/test/auto/SubscriptionAggregator3.xml
----------------- Instantiating /home/travis/build/icyphy/ptII/ptolemy/actor/lib/test/auto/SubscriptionAggregator3.xml
2 ms. Memory: 1688576K Free: 723287K (43%)
----------------- Invoking toplevel() on ptolemy.moml.MoMLSimpleApplication@189b0e57
----------------- Done invoking toplevel() on ptolemy.moml.MoMLSimpleApplication@189b0e57
reloadAllAccessors: .SubscriptionAggregator3

===========================================================================================
----------------- testing Fri May 17 04:42:46 UTC 2019 /home/travis/build/icyphy/ptII/ptolemy/actor/lib/test/auto/SubscriptionAggregatorMultiply.xml
----------------- Instantiating /home/travis/build/icyphy/ptII/ptolemy/actor/lib/test/auto/SubscriptionAggregatorMultiply.xml
3 ms. Memory: 1688576K Free: 698196K (41%)
----------------- Invoking toplevel() on ptolemy.moml.MoMLSimpleApplication@4014c5df
----------------- Done invoking toplevel() on ptolemy.moml.MoMLSimpleApplication@4014c5df
reloadAllAccessors: .SubscriptionAggregatorMultiply

===========================================================================================
----------------- testing Fri May 17 04:42:46 UTC 2019 /home/travis/build/icyphy/ptII/ptolemy/actor/lib/test/auto/SubscriptionAggregatorPortMultiply1.xml
----------------- Instantiating /home/travis/build/icyphy/ptII/ptolemy/actor/lib/test/auto/SubscriptionAggregatorPortMultiply1.xml
3 ms. Memory: 1688576K Free: 677027K (40%)
----------------- Invoking toplevel() on ptolemy.moml.MoMLSimpleApplication@3812d1f0
----------------- Done invoking toplevel() on ptolemy.moml.MoMLSimpleApplication@3812d1f0
reloadAllAccessors: .SubscriptionAggregatorPortMultiply1

===========================================================================================
----------------- testing Fri May 17 04:42:46 UTC 2019 /home/travis/build/icyphy/ptII/ptolemy/actor/lib/test/auto/Switch.xml
----------------- Instantiating /home/travis/build/icyphy/ptII/ptolemy/actor/lib/test/auto/Switch.xml
4 ms. Memory: 1688576K Free: 588428K (35%)
----------------- Invoking toplevel() on ptolemy.moml.MoMLSimpleApplication@3af328a0
----------------- Done invoking toplevel() on ptolemy.moml.MoMLSimpleApplication@3af328a0
reloadAllAccessors: .Switch

===========================================================================================
----------------- testing Fri May 17 04:42:46 UTC 2019 /home/travis/build/icyphy/ptII/ptolemy/actor/lib/test/auto/Switch2.xml
----------------- Instantiating /home/travis/build/icyphy/ptII/ptolemy/actor/lib/test/auto/Switch2.xml
1 ms. Memory: 1688576K Free: 563337K (33%)
----------------- Invoking toplevel() on ptolemy.moml.MoMLSimpleApplication@73c6b2aa
----------------- Done invoking toplevel() on ptolemy.moml.MoMLSimpleApplication@73c6b2aa
reloadAllAccessors: .Switch2

===========================================================================================
----------------- testing Fri May 17 04:42:46 UTC 2019 /home/travis/build/icyphy/ptII/ptolemy/actor/lib/test/auto/SwitchDE.xml
----------------- Instantiating /home/travis/build/icyphy/ptII/ptolemy/actor/lib/test/auto/SwitchDE.xml
1 ms. Memory: 1688576K Free: 542168K (32%)
----------------- Invoking toplevel() on ptolemy.moml.MoMLSimpleApplication@442a1cce
----------------- Done invoking toplevel() on ptolemy.moml.MoMLSimpleApplication@442a1cce
reloadAllAccessors: .SwitchDE

===========================================================================================
----------------- testing Fri May 17 04:42:46 UTC 2019 /home/travis/build/icyphy/ptII/ptolemy/actor/lib/test/auto/SynchronizerDE.xml
----------------- Instantiating /home/travis/build/icyphy/ptII/ptolemy/actor/lib/test/auto/SynchronizerDE.xml
4 ms. Memory: 1688576K Free: 517077K (31%)
----------------- Invoking toplevel() on ptolemy.moml.MoMLSimpleApplication@7e9d111
----------------- Done invoking toplevel() on ptolemy.moml.MoMLSimpleApplication@7e9d111
reloadAllAccessors: .SynchronizerDE

===========================================================================================
----------------- testing Fri May 17 04:42:46 UTC 2019 /home/travis/build/icyphy/ptII/ptolemy/actor/lib/test/auto/Test.xml
----------------- Instantiating /home/travis/build/icyphy/ptII/ptolemy/actor/lib/test/auto/Test.xml
2 ms. Memory: 1688576K Free: 491987K (29%)
----------------- Invoking toplevel() on ptolemy.moml.MoMLSimpleApplication@72dbf93
----------------- Done invoking toplevel() on ptolemy.moml.MoMLSimpleApplication@72dbf93
reloadAllAccessors: .Test

===========================================================================================
----------------- testing Fri May 17 04:42:46 UTC 2019 /home/travis/build/icyphy/ptII/ptolemy/actor/lib/test/auto/TestExceptionAttribute1.xml
----------------- Instantiating /home/travis/build/icyphy/ptII/ptolemy/actor/lib/test/auto/TestExceptionAttribute1.xml
3 ms. Memory: 1688576K Free: 470817K (28%)
----------------- Invoking toplevel() on ptolemy.moml.MoMLSimpleApplication@1f5f1ddc
----------------- Done invoking toplevel() on ptolemy.moml.MoMLSimpleApplication@1f5f1ddc
reloadAllAccessors: .TestExceptionAttribute1

===========================================================================================
----------------- testing Fri May 17 04:42:46 UTC 2019 /home/travis/build/icyphy/ptII/ptolemy/actor/lib/test/auto/TestExceptionAttribute2.xml
----------------- Instantiating /home/travis/build/icyphy/ptII/ptolemy/actor/lib/test/auto/TestExceptionAttribute2.xml
1 ms. Memory: 1688576K Free: 445726K (26%)
----------------- Invoking toplevel() on ptolemy.moml.MoMLSimpleApplication@56871151
----------------- Done invoking toplevel() on ptolemy.moml.MoMLSimpleApplication@56871151
reloadAllAccessors: .TestExceptionAttribute2

===========================================================================================
----------------- testing Fri May 17 04:42:46 UTC 2019 /home/travis/build/icyphy/ptII/ptolemy/actor/lib/test/auto/TestExceptionAttribute3.xml
----------------- Instantiating /home/travis/build/icyphy/ptII/ptolemy/actor/lib/test/auto/TestExceptionAttribute3.xml
.TestExceptionAttribute3.TestExceptionAttribute: initialize() was not invoked, but wrapup() was.  This is unusual, but not always a problem.  For example, exporting JNLP will do this.
1 ms. Memory: 1688576K Free: 420636K (25%)
----------------- Invoking toplevel() on ptolemy.moml.MoMLSimpleApplication@69a084d9
----------------- Done invoking toplevel() on ptolemy.moml.MoMLSimpleApplication@69a084d9
reloadAllAccessors: .TestExceptionAttribute3

===========================================================================================
----------------- testing Fri May 17 04:42:46 UTC 2019 /home/travis/build/icyphy/ptII/ptolemy/actor/lib/test/auto/TestExceptionAttribute4.xml
----------------- Instantiating /home/travis/build/icyphy/ptII/ptolemy/actor/lib/test/auto/TestExceptionAttribute4.xml
.TestExceptionAttribute4.TestExceptionAttribute: initialize() was not invoked, but wrapup() was.  This is unusual, but not always a problem.  For example, exporting JNLP will do this.
.TestExceptionAttribute4.TestExceptionAttribute2: initialize() was not invoked, but wrapup() was.  This is unusual, but not always a problem.  For example, exporting JNLP will do this.
1 ms. Memory: 1688576K Free: 399466K (24%)
----------------- Invoking toplevel() on ptolemy.moml.MoMLSimpleApplication@23da79a5
----------------- Done invoking toplevel() on ptolemy.moml.MoMLSimpleApplication@23da79a5
reloadAllAccessors: .TestExceptionAttribute4

===========================================================================================
----------------- testing Fri May 17 04:42:46 UTC 2019 /home/travis/build/icyphy/ptII/ptolemy/actor/lib/test/auto/TestExceptionHandler1.xml
----------------- Instantiating /home/travis/build/icyphy/ptII/ptolemy/actor/lib/test/auto/TestExceptionHandler1.xml
0 ms. Memory: 1688576K Free: 374376K (22%)
----------------- Invoking toplevel() on ptolemy.moml.MoMLSimpleApplication@119ea06c
----------------- Done invoking toplevel() on ptolemy.moml.MoMLSimpleApplication@119ea06c
reloadAllAccessors: .TestExceptionHandler1

===========================================================================================
----------------- testing Fri May 17 04:42:46 UTC 2019 /home/travis/build/icyphy/ptII/ptolemy/actor/lib/test/auto/TestExceptionHandler2.xml
----------------- Instantiating /home/travis/build/icyphy/ptII/ptolemy/actor/lib/test/auto/TestExceptionHandler2.xml
1 ms. Memory: 1688576K Free: 353206K (21%)
----------------- Invoking toplevel() on ptolemy.moml.MoMLSimpleApplication@2420a174
----------------- Done invoking toplevel() on ptolemy.moml.MoMLSimpleApplication@2420a174
reloadAllAccessors: .TestExceptionHandler2

===========================================================================================
----------------- testing Fri May 17 04:42:46 UTC 2019 /home/travis/build/icyphy/ptII/ptolemy/actor/lib/test/auto/TestExceptionHandler3.xml
----------------- Instantiating /home/travis/build/icyphy/ptII/ptolemy/actor/lib/test/auto/TestExceptionHandler3.xml
1 ms. Memory: 1688576K Free: 328116K (19%)
----------------- Invoking toplevel() on ptolemy.moml.MoMLSimpleApplication@548a4384
----------------- Done invoking toplevel() on ptolemy.moml.MoMLSimpleApplication@548a4384
reloadAllAccessors: .TestExceptionHandler3

===========================================================================================
----------------- testing Fri May 17 04:42:46 UTC 2019 /home/travis/build/icyphy/ptII/ptolemy/actor/lib/test/auto/TestExceptionHandler4.xml
----------------- Instantiating /home/travis/build/icyphy/ptII/ptolemy/actor/lib/test/auto/TestExceptionHandler4.xml
0 ms. Memory: 1688576K Free: 303025K (18%)
----------------- Invoking toplevel() on ptolemy.moml.MoMLSimpleApplication@5257d85
----------------- Done invoking toplevel() on ptolemy.moml.MoMLSimpleApplication@5257d85
reloadAllAccessors: .TestExceptionHandler4

===========================================================================================
----------------- testing Fri May 17 04:42:46 UTC 2019 /home/travis/build/icyphy/ptII/ptolemy/actor/lib/test/auto/TestRequireCorrectOrder.xml
----------------- Instantiating /home/travis/build/icyphy/ptII/ptolemy/actor/lib/test/auto/TestRequireCorrectOrder.xml
2 ms. Memory: 1688576K Free: 281856K (17%)
----------------- Invoking toplevel() on ptolemy.moml.MoMLSimpleApplication@308d095f
----------------- Done invoking toplevel() on ptolemy.moml.MoMLSimpleApplication@308d095f
reloadAllAccessors: .TestRequireCorrectOrder

===========================================================================================
----------------- testing Fri May 17 04:42:46 UTC 2019 /home/travis/build/icyphy/ptII/ptolemy/actor/lib/test/auto/TestSimple.xml
----------------- Instantiating /home/travis/build/icyphy/ptII/ptolemy/actor/lib/test/auto/TestSimple.xml
3 ms. Memory: 1688576K Free: 256765K (15%)
----------------- Invoking toplevel() on ptolemy.moml.MoMLSimpleApplication@616410ce
----------------- Done invoking toplevel() on ptolemy.moml.MoMLSimpleApplication@616410ce
reloadAllAccessors: .TestSimple

===========================================================================================
----------------- testing Fri May 17 04:42:47 UTC 2019 /home/travis/build/icyphy/ptII/ptolemy/actor/lib/test/auto/ThrowModelError.xml
----------------- Instantiating /home/travis/build/icyphy/ptII/ptolemy/actor/lib/test/auto/ThrowModelError.xml
1 ms. Memory: 1688576K Free: 231675K (14%)
----------------- Invoking toplevel() on ptolemy.moml.MoMLSimpleApplication@341f655
----------------- Done invoking toplevel() on ptolemy.moml.MoMLSimpleApplication@341f655
reloadAllAccessors: .ThrowModelError

===========================================================================================
----------------- testing Fri May 17 04:42:47 UTC 2019 /home/travis/build/icyphy/ptII/ptolemy/actor/lib/test/auto/TimeDelayMicrosteps.xml
----------------- Instantiating /home/travis/build/icyphy/ptII/ptolemy/actor/lib/test/auto/TimeDelayMicrosteps.xml
2 ms. Memory: 1688576K Free: 210505K (12%)
----------------- Invoking toplevel() on ptolemy.moml.MoMLSimpleApplication@65f528e8
----------------- Done invoking toplevel() on ptolemy.moml.MoMLSimpleApplication@65f528e8
reloadAllAccessors: .TimeDelayMicrosteps

===========================================================================================
----------------- testing Fri May 17 04:42:47 UTC 2019 /home/travis/build/icyphy/ptII/ptolemy/actor/lib/test/auto/TimeDelayMicrosteps2.xml
----------------- Instantiating /home/travis/build/icyphy/ptII/ptolemy/actor/lib/test/auto/TimeDelayMicrosteps2.xml
4 ms. Memory: 1688576K Free: 185415K (11%)
----------------- Invoking toplevel() on ptolemy.moml.MoMLSimpleApplication@37fb9ea1
----------------- Done invoking toplevel() on ptolemy.moml.MoMLSimpleApplication@37fb9ea1
reloadAllAccessors: .TimeDelayMicrosteps2

===========================================================================================
----------------- testing Fri May 17 04:42:47 UTC 2019 /home/travis/build/icyphy/ptII/ptolemy/actor/lib/test/auto/TimeDelayMicrosteps3.xml
----------------- Instantiating /home/travis/build/icyphy/ptII/ptolemy/actor/lib/test/auto/TimeDelayMicrosteps3.xml
3 ms. Memory: 1688576K Free: 160324K (9%)
----------------- Invoking toplevel() on ptolemy.moml.MoMLSimpleApplication@66c4ab74
----------------- Done invoking toplevel() on ptolemy.moml.MoMLSimpleApplication@66c4ab74
reloadAllAccessors: .TimeDelayMicrosteps3

===========================================================================================
----------------- testing Fri May 17 04:42:47 UTC 2019 /home/travis/build/icyphy/ptII/ptolemy/actor/lib/test/auto/TimeDelayVariableMicrosteps.xml
----------------- Instantiating /home/travis/build/icyphy/ptII/ptolemy/actor/lib/test/auto/TimeDelayVariableMicrosteps.xml
3 ms. Memory: 1688576K Free: 139155K (8%)
----------------- Invoking toplevel() on ptolemy.moml.MoMLSimpleApplication@27c1bb81
----------------- Done invoking toplevel() on ptolemy.moml.MoMLSimpleApplication@27c1bb81
reloadAllAccessors: .TimeDelayVariableMicrosteps

===========================================================================================
----------------- testing Fri May 17 04:42:47 UTC 2019 /home/travis/build/icyphy/ptII/ptolemy/actor/lib/test/auto/TimeGap.xml
----------------- Instantiating /home/travis/build/icyphy/ptII/ptolemy/actor/lib/test/auto/TimeGap.xml
4 ms. Memory: 1688576K Free: 114064K (7%)
----------------- Invoking toplevel() on ptolemy.moml.MoMLSimpleApplication@424c9b4e
----------------- Done invoking toplevel() on ptolemy.moml.MoMLSimpleApplication@424c9b4e
reloadAllAccessors: .TimeGap

===========================================================================================
----------------- testing Fri May 17 04:42:47 UTC 2019 /home/travis/build/icyphy/ptII/ptolemy/actor/lib/test/auto/TimeGap2.xml
----------------- Instantiating /home/travis/build/icyphy/ptII/ptolemy/actor/lib/test/auto/TimeGap2.xml
2 ms. Memory: 1688576K Free: 92895K (6%)
----------------- Invoking toplevel() on ptolemy.moml.MoMLSimpleApplication@33513a25
----------------- Done invoking toplevel() on ptolemy.moml.MoMLSimpleApplication@33513a25
reloadAllAccessors: .TimeGap2

===========================================================================================
----------------- testing Fri May 17 04:42:47 UTC 2019 /home/travis/build/icyphy/ptII/ptolemy/actor/lib/test/auto/TimedSinewave.xml
----------------- Instantiating /home/travis/build/icyphy/ptII/ptolemy/actor/lib/test/auto/TimedSinewave.xml
12 ms. Memory: 1688576K Free: 62154K (4%)
----------------- Invoking toplevel() on ptolemy.moml.MoMLSimpleApplication@7ce94593
----------------- Done invoking toplevel() on ptolemy.moml.MoMLSimpleApplication@7ce94593
reloadAllAccessors: .TimedSinewave

===========================================================================================
----------------- testing Fri May 17 04:42:47 UTC 2019 /home/travis/build/icyphy/ptII/ptolemy/actor/lib/test/auto/TimedSinewavePhase.xml
----------------- Instantiating /home/travis/build/icyphy/ptII/ptolemy/actor/lib/test/auto/TimedSinewavePhase.xml
8 ms. Memory: 1709568K Free: 1634379K (96%)
----------------- Invoking toplevel() on ptolemy.moml.MoMLSimpleApplication@3968ac0a
----------------- Done invoking toplevel() on ptolemy.moml.MoMLSimpleApplication@3968ac0a
reloadAllAccessors: .TimedSinewavePhase

===========================================================================================
----------------- testing Fri May 17 04:42:47 UTC 2019 /home/travis/build/icyphy/ptII/ptolemy/actor/lib/test/auto/Timer.xml
----------------- Instantiating /home/travis/build/icyphy/ptII/ptolemy/actor/lib/test/auto/Timer.xml
2 ms. Memory: 1709568K Free: 1613144K (94%)
----------------- Invoking toplevel() on ptolemy.moml.MoMLSimpleApplication@7a7aa491
----------------- Done invoking toplevel() on ptolemy.moml.MoMLSimpleApplication@7a7aa491
reloadAllAccessors: .Timer

===========================================================================================
----------------- testing Fri May 17 04:42:47 UTC 2019 /home/travis/build/icyphy/ptII/ptolemy/actor/lib/test/auto/TriangularDistTestModel.xml
----------------- Instantiating /home/travis/build/icyphy/ptII/ptolemy/actor/lib/test/auto/TriangularDistTestModel.xml
1 ms. Memory: 1709568K Free: 1588380K (93%)
----------------- Invoking toplevel() on ptolemy.moml.MoMLSimpleApplication@678ed7fc
----------------- Done invoking toplevel() on ptolemy.moml.MoMLSimpleApplication@678ed7fc
reloadAllAccessors: .TriangularDistTestModel

===========================================================================================
----------------- testing Fri May 17 04:42:47 UTC 2019 /home/travis/build/icyphy/ptII/ptolemy/actor/lib/test/auto/TrigFunction.xml
----------------- Instantiating /home/travis/build/icyphy/ptII/ptolemy/actor/lib/test/auto/TrigFunction.xml
1 ms. Memory: 1709568K Free: 1563616K (91%)
----------------- Invoking toplevel() on ptolemy.moml.MoMLSimpleApplication@1cbf155a
----------------- Done invoking toplevel() on ptolemy.moml.MoMLSimpleApplication@1cbf155a
reloadAllAccessors: .TrigFunction

===========================================================================================
----------------- testing Fri May 17 04:42:47 UTC 2019 /home/travis/build/icyphy/ptII/ptolemy/actor/lib/test/auto/TrigFunctionDE.xml
----------------- Instantiating /home/travis/build/icyphy/ptII/ptolemy/actor/lib/test/auto/TrigFunctionDE.xml
2 ms. Memory: 1709568K Free: 1538853K (90%)
----------------- Invoking toplevel() on ptolemy.moml.MoMLSimpleApplication@39087e9f
----------------- Done invoking toplevel() on ptolemy.moml.MoMLSimpleApplication@39087e9f
reloadAllAccessors: .TrigFunctionDE

===========================================================================================
----------------- testing Fri May 17 04:42:47 UTC 2019 /home/travis/build/icyphy/ptII/ptolemy/actor/lib/test/auto/TrigFunctionInverse.xml
----------------- Instantiating /home/travis/build/icyphy/ptII/ptolemy/actor/lib/test/auto/TrigFunctionInverse.xml
1 ms. Memory: 1709568K Free: 1517642K (89%)
----------------- Invoking toplevel() on ptolemy.moml.MoMLSimpleApplication@6a8f576d
----------------- Done invoking toplevel() on ptolemy.moml.MoMLSimpleApplication@6a8f576d
reloadAllAccessors: .TrigFunctionInverse

===========================================================================================
----------------- testing Fri May 17 04:42:47 UTC 2019 /home/travis/build/icyphy/ptII/ptolemy/actor/lib/test/auto/TrigFunctionTan.xml
----------------- Instantiating /home/travis/build/icyphy/ptII/ptolemy/actor/lib/test/auto/TrigFunctionTan.xml
1 ms. Memory: 1709568K Free: 1492878K (87%)
----------------- Invoking toplevel() on ptolemy.moml.MoMLSimpleApplication@16530fbe
----------------- Done invoking toplevel() on ptolemy.moml.MoMLSimpleApplication@16530fbe
reloadAllAccessors: .TrigFunctionTan

===========================================================================================
----------------- testing Fri May 17 04:42:47 UTC 2019 /home/travis/build/icyphy/ptII/ptolemy/actor/lib/test/auto/TriggeredClock.xml
----------------- Instantiating /home/travis/build/icyphy/ptII/ptolemy/actor/lib/test/auto/TriggeredClock.xml
1 ms. Memory: 1709568K Free: 1468115K (86%)
----------------- Invoking toplevel() on ptolemy.moml.MoMLSimpleApplication@2600a2d4
----------------- Done invoking toplevel() on ptolemy.moml.MoMLSimpleApplication@2600a2d4
reloadAllAccessors: .TriggeredClock

===========================================================================================
----------------- testing Fri May 17 04:42:47 UTC 2019 /home/travis/build/icyphy/ptII/ptolemy/actor/lib/test/auto/URLDirectoryReader.xml
----------------- Instantiating /home/travis/build/icyphy/ptII/ptolemy/actor/lib/test/auto/URLDirectoryReader.xml
38 ms. Memory: 1709568K Free: 1446904K (85%)
----------------- Invoking toplevel() on ptolemy.moml.MoMLSimpleApplication@396a031e
----------------- Done invoking toplevel() on ptolemy.moml.MoMLSimpleApplication@396a031e
reloadAllAccessors: .URLDirectoryReader

===========================================================================================
----------------- testing Fri May 17 04:42:47 UTC 2019 /home/travis/build/icyphy/ptII/ptolemy/actor/lib/test/auto/URLDirectoryReader3.xml
----------------- Instantiating /home/travis/build/icyphy/ptII/ptolemy/actor/lib/test/auto/URLDirectoryReader3.xml
1209 ms. Memory: 1709568K Free: 1369114K (80%)
----------------- Invoking toplevel() on ptolemy.moml.MoMLSimpleApplication@52e64af3
----------------- Done invoking toplevel() on ptolemy.moml.MoMLSimpleApplication@52e64af3
reloadAllAccessors: .URLDirectoryReader3

===========================================================================================
----------------- testing Fri May 17 04:42:48 UTC 2019 /home/travis/build/icyphy/ptII/ptolemy/actor/lib/test/auto/UnaryMathFunction.xml
----------------- Instantiating /home/travis/build/icyphy/ptII/ptolemy/actor/lib/test/auto/UnaryMathFunction.xml
14 ms. Memory: 1709568K Free: 1344350K (79%)
----------------- Invoking toplevel() on ptolemy.moml.MoMLSimpleApplication@7ffd7fcb
----------------- Done invoking toplevel() on ptolemy.moml.MoMLSimpleApplication@7ffd7fcb
reloadAllAccessors: .UnaryMathFunction

===========================================================================================
----------------- testing Fri May 17 04:42:49 UTC 2019 /home/travis/build/icyphy/ptII/ptolemy/actor/lib/test/auto/Uniform.xml
----------------- Instantiating /home/travis/build/icyphy/ptII/ptolemy/actor/lib/test/auto/Uniform.xml
9 ms. Memory: 1709568K Free: 1319587K (77%)
----------------- Invoking toplevel() on ptolemy.moml.MoMLSimpleApplication@7922039d
----------------- Done invoking toplevel() on ptolemy.moml.MoMLSimpleApplication@7922039d
reloadAllAccessors: .Uniform

===========================================================================================
----------------- testing Fri May 17 04:42:49 UTC 2019 /home/travis/build/icyphy/ptII/ptolemy/actor/lib/test/auto/UnionDisassemblerTest.xml
----------------- Instantiating /home/travis/build/icyphy/ptII/ptolemy/actor/lib/test/auto/UnionDisassemblerTest.xml
10 ms. Memory: 1709568K Free: 1298376K (76%)
----------------- Invoking toplevel() on ptolemy.moml.MoMLSimpleApplication@37c4e5b6
----------------- Done invoking toplevel() on ptolemy.moml.MoMLSimpleApplication@37c4e5b6
reloadAllAccessors: .UnionDisassemblerTest

===========================================================================================
----------------- testing Fri May 17 04:42:49 UTC 2019 /home/travis/build/icyphy/ptII/ptolemy/actor/lib/test/auto/UtilityFunctions.xml
----------------- Instantiating /home/travis/build/icyphy/ptII/ptolemy/actor/lib/test/auto/UtilityFunctions.xml
9 ms. Memory: 1709568K Free: 1273612K (74%)
----------------- Invoking toplevel() on ptolemy.moml.MoMLSimpleApplication@78f1312a
----------------- Done invoking toplevel() on ptolemy.moml.MoMLSimpleApplication@78f1312a
reloadAllAccessors: .UtilityFunctions

===========================================================================================
----------------- testing Fri May 17 04:42:49 UTC 2019 /home/travis/build/icyphy/ptII/ptolemy/actor/lib/test/auto/VariableSleep.xml
----------------- Instantiating /home/travis/build/icyphy/ptII/ptolemy/actor/lib/test/auto/VariableSleep.xml
503 ms. Memory: 1709568K Free: 1248848K (73%)
----------------- Invoking toplevel() on ptolemy.moml.MoMLSimpleApplication@564ee754
----------------- Done invoking toplevel() on ptolemy.moml.MoMLSimpleApplication@564ee754
reloadAllAccessors: .VariableSleep

===========================================================================================
----------------- testing Fri May 17 04:42:49 UTC 2019 /home/travis/build/icyphy/ptII/ptolemy/actor/lib/test/auto/VectorAssemblerDisassemblerCT.xml
----------------- Instantiating /home/travis/build/icyphy/ptII/ptolemy/actor/lib/test/auto/VectorAssemblerDisassemblerCT.xml
68 ms. Memory: 1709568K Free: 1217017K (71%)
----------------- Invoking toplevel() on ptolemy.moml.MoMLSimpleApplication@696625b1
----------------- Done invoking toplevel() on ptolemy.moml.MoMLSimpleApplication@696625b1
reloadAllAccessors: .VectorAssemblerDisassemblerCT

===========================================================================================
----------------- testing Fri May 17 04:42:49 UTC 2019 /home/travis/build/icyphy/ptII/ptolemy/actor/lib/test/auto/VectorAssemblerDisassemblerDE.xml
----------------- Instantiating /home/travis/build/icyphy/ptII/ptolemy/actor/lib/test/auto/VectorAssemblerDisassemblerDE.xml
2 ms. Memory: 1709568K Free: 1192253K (70%)
----------------- Invoking toplevel() on ptolemy.moml.MoMLSimpleApplication@26d5b428
----------------- Done invoking toplevel() on ptolemy.moml.MoMLSimpleApplication@26d5b428
reloadAllAccessors: .VectorAssemblerDisassemblerDE

===========================================================================================
----------------- testing Fri May 17 04:42:49 UTC 2019 /home/travis/build/icyphy/ptII/ptolemy/actor/lib/test/auto/VectorAssemblerDisassemblerSDF.xml
----------------- Instantiating /home/travis/build/icyphy/ptII/ptolemy/actor/lib/test/auto/VectorAssemblerDisassemblerSDF.xml
3 ms. Memory: 1709568K Free: 1167489K (68%)
----------------- Invoking toplevel() on ptolemy.moml.MoMLSimpleApplication@850552a
----------------- Done invoking toplevel() on ptolemy.moml.MoMLSimpleApplication@850552a
reloadAllAccessors: .VectorAssemblerDisassemblerSDF

===========================================================================================
----------------- testing Fri May 17 04:42:49 UTC 2019 /home/travis/build/icyphy/ptII/ptolemy/actor/lib/test/auto/WallClockTime.xml
----------------- Instantiating /home/travis/build/icyphy/ptII/ptolemy/actor/lib/test/auto/WallClockTime.xml
1005 ms. Memory: 1709568K Free: 1142725K (67%)
----------------- Invoking toplevel() on ptolemy.moml.MoMLSimpleApplication@169e4abe
----------------- Done invoking toplevel() on ptolemy.moml.MoMLSimpleApplication@169e4abe
reloadAllAccessors: .WallClockTime

===========================================================================================
----------------- testing Fri May 17 04:42:50 UTC 2019 /home/travis/build/icyphy/ptII/ptolemy/actor/lib/test/auto/WidthTestWithSubscriberPublisher.xml
----------------- Instantiating /home/travis/build/icyphy/ptII/ptolemy/actor/lib/test/auto/WidthTestWithSubscriberPublisher.xml
7 ms. Memory: 1709568K Free: 1110902K (65%)
----------------- Invoking toplevel() on ptolemy.moml.MoMLSimpleApplication@4f297b53
----------------- Done invoking toplevel() on ptolemy.moml.MoMLSimpleApplication@4f297b53
reloadAllAccessors: .WidthTestWithSubscriberPublisher

===========================================================================================
----------------- testing Fri May 17 04:42:50 UTC 2019 /home/travis/build/icyphy/ptII/ptolemy/actor/lib/test/auto/WidthTestWithSubscriberPublisher2.xml
----------------- Instantiating /home/travis/build/icyphy/ptII/ptolemy/actor/lib/test/auto/WidthTestWithSubscriberPublisher2.xml
2 ms. Memory: 1709568K Free: 1086138K (64%)
----------------- Invoking toplevel() on ptolemy.moml.MoMLSimpleApplication@3e11c307
----------------- Done invoking toplevel() on ptolemy.moml.MoMLSimpleApplication@3e11c307
reloadAllAccessors: .WidthTestWithSubscriberPublisher2

===========================================================================================
----------------- testing Fri May 17 04:42:50 UTC 2019 /home/travis/build/icyphy/ptII/ptolemy/actor/lib/test/auto/WidthTestWithSubscriberPublisher3.xml
----------------- Instantiating /home/travis/build/icyphy/ptII/ptolemy/actor/lib/test/auto/WidthTestWithSubscriberPublisher3.xml
2 ms. Memory: 1709568K Free: 1061375K (62%)
----------------- Invoking toplevel() on ptolemy.moml.MoMLSimpleApplication@18ef042
----------------- Done invoking toplevel() on ptolemy.moml.MoMLSimpleApplication@18ef042
reloadAllAccessors: .WidthTestWithSubscriberPublisher3

===========================================================================================
----------------- testing Fri May 17 04:42:50 UTC 2019 /home/travis/build/icyphy/ptII/ptolemy/actor/lib/test/auto/Writer.xml
----------------- Instantiating /home/travis/build/icyphy/ptII/ptolemy/actor/lib/test/auto/Writer.xml
0
1
2
3
4
1 ms. Memory: 1709568K Free: 1040164K (61%)
----------------- Invoking toplevel() on ptolemy.moml.MoMLSimpleApplication@5ae44a99
----------------- Done invoking toplevel() on ptolemy.moml.MoMLSimpleApplication@5ae44a99
reloadAllAccessors: .Writer

===========================================================================================
----------------- testing Fri May 17 04:42:50 UTC 2019 /home/travis/build/icyphy/ptII/ptolemy/actor/lib/test/auto/array.xml
----------------- Instantiating /home/travis/build/icyphy/ptII/ptolemy/actor/lib/test/auto/array.xml
2 ms. Memory: 1709568K Free: 1015400K (59%)
----------------- Invoking toplevel() on ptolemy.moml.MoMLSimpleApplication@1a54b907
----------------- Done invoking toplevel() on ptolemy.moml.MoMLSimpleApplication@1a54b907
reloadAllAccessors: .array

===========================================================================================
----------------- testing Fri May 17 04:42:50 UTC 2019 /home/travis/build/icyphy/ptII/ptolemy/actor/lib/test/auto/array2.xml
----------------- Instantiating /home/travis/build/icyphy/ptII/ptolemy/actor/lib/test/auto/array2.xml
6 ms. Memory: 1709568K Free: 990637K (58%)
----------------- Invoking toplevel() on ptolemy.moml.MoMLSimpleApplication@14b7ff45
----------------- Done invoking toplevel() on ptolemy.moml.MoMLSimpleApplication@14b7ff45
reloadAllAccessors: .array2

===========================================================================================
----------------- testing Fri May 17 04:42:50 UTC 2019 /home/travis/build/icyphy/ptII/ptolemy/actor/lib/test/auto/arrayType.xml
----------------- Instantiating /home/travis/build/icyphy/ptII/ptolemy/actor/lib/test/auto/arrayType.xml
2 ms. Memory: 1709568K Free: 965873K (56%)
----------------- Invoking toplevel() on ptolemy.moml.MoMLSimpleApplication@6c41b9e
----------------- Done invoking toplevel() on ptolemy.moml.MoMLSimpleApplication@6c41b9e
reloadAllAccessors: .arrayType

===========================================================================================
----------------- testing Fri May 17 04:42:50 UTC 2019 /home/travis/build/icyphy/ptII/ptolemy/actor/lib/test/auto/arrayType10.xml
----------------- Instantiating /home/travis/build/icyphy/ptII/ptolemy/actor/lib/test/auto/arrayType10.xml
1 ms. Memory: 1709568K Free: 944662K (55%)
----------------- Invoking toplevel() on ptolemy.moml.MoMLSimpleApplication@484e11d0
----------------- Done invoking toplevel() on ptolemy.moml.MoMLSimpleApplication@484e11d0
reloadAllAccessors: .arrayType10

===========================================================================================
----------------- testing Fri May 17 04:42:51 UTC 2019 /home/travis/build/icyphy/ptII/ptolemy/actor/lib/test/auto/arrayType11.xml
----------------- Instantiating /home/travis/build/icyphy/ptII/ptolemy/actor/lib/test/auto/arrayType11.xml
1 ms. Memory: 1709568K Free: 919899K (54%)
----------------- Invoking toplevel() on ptolemy.moml.MoMLSimpleApplication@6ddade7c
----------------- Done invoking toplevel() on ptolemy.moml.MoMLSimpleApplication@6ddade7c
reloadAllAccessors: .arrayType11

===========================================================================================
----------------- testing Fri May 17 04:42:51 UTC 2019 /home/travis/build/icyphy/ptII/ptolemy/actor/lib/test/auto/arrayType12.xml
----------------- Instantiating /home/travis/build/icyphy/ptII/ptolemy/actor/lib/test/auto/arrayType12.xml
1 ms. Memory: 1709568K Free: 895135K (52%)
----------------- Invoking toplevel() on ptolemy.moml.MoMLSimpleApplication@18163416
----------------- Done invoking toplevel() on ptolemy.moml.MoMLSimpleApplication@18163416
reloadAllAccessors: .arrayType12

===========================================================================================
----------------- testing Fri May 17 04:42:51 UTC 2019 /home/travis/build/icyphy/ptII/ptolemy/actor/lib/test/auto/arrayType13.xml
----------------- Instantiating /home/travis/build/icyphy/ptII/ptolemy/actor/lib/test/auto/arrayType13.xml
2 ms. Memory: 1709568K Free: 873924K (51%)
----------------- Invoking toplevel() on ptolemy.moml.MoMLSimpleApplication@5be4bea7
----------------- Done invoking toplevel() on ptolemy.moml.MoMLSimpleApplication@5be4bea7
reloadAllAccessors: .arrayType13

===========================================================================================
----------------- testing Fri May 17 04:42:51 UTC 2019 /home/travis/build/icyphy/ptII/ptolemy/actor/lib/test/auto/arrayType14.xml
----------------- Instantiating /home/travis/build/icyphy/ptII/ptolemy/actor/lib/test/auto/arrayType14.xml
3 ms. Memory: 1709568K Free: 849161K (50%)
----------------- Invoking toplevel() on ptolemy.moml.MoMLSimpleApplication@243c67a8
----------------- Done invoking toplevel() on ptolemy.moml.MoMLSimpleApplication@243c67a8
reloadAllAccessors: .arrayType14

===========================================================================================
----------------- testing Fri May 17 04:42:51 UTC 2019 /home/travis/build/icyphy/ptII/ptolemy/actor/lib/test/auto/arrayType15.xml
----------------- Instantiating /home/travis/build/icyphy/ptII/ptolemy/actor/lib/test/auto/arrayType15.xml
2 ms. Memory: 1709568K Free: 824397K (48%)
----------------- Invoking toplevel() on ptolemy.moml.MoMLSimpleApplication@42e01475
----------------- Done invoking toplevel() on ptolemy.moml.MoMLSimpleApplication@42e01475
reloadAllAccessors: .arrayType15

===========================================================================================
----------------- testing Fri May 17 04:42:51 UTC 2019 /home/travis/build/icyphy/ptII/ptolemy/actor/lib/test/auto/arrayType16.xml
----------------- Instantiating /home/travis/build/icyphy/ptII/ptolemy/actor/lib/test/auto/arrayType16.xml
2 ms. Memory: 1709568K Free: 799633K (47%)
----------------- Invoking toplevel() on ptolemy.moml.MoMLSimpleApplication@72a53248
----------------- Done invoking toplevel() on ptolemy.moml.MoMLSimpleApplication@72a53248
reloadAllAccessors: .arrayType16

===========================================================================================
----------------- testing Fri May 17 04:42:51 UTC 2019 /home/travis/build/icyphy/ptII/ptolemy/actor/lib/test/auto/arrayType17.xml
----------------- Instantiating /home/travis/build/icyphy/ptII/ptolemy/actor/lib/test/auto/arrayType17.xml
2 ms. Memory: 1709568K Free: 778423K (46%)
----------------- Invoking toplevel() on ptolemy.moml.MoMLSimpleApplication@58631a7a
----------------- Done invoking toplevel() on ptolemy.moml.MoMLSimpleApplication@58631a7a
reloadAllAccessors: .arrayType17

===========================================================================================
----------------- testing Fri May 17 04:42:51 UTC 2019 /home/travis/build/icyphy/ptII/ptolemy/actor/lib/test/auto/arrayType18.xml
----------------- Instantiating /home/travis/build/icyphy/ptII/ptolemy/actor/lib/test/auto/arrayType18.xml
1 ms. Memory: 1709568K Free: 753659K (44%)
----------------- Invoking toplevel() on ptolemy.moml.MoMLSimpleApplication@6440836b
----------------- Done invoking toplevel() on ptolemy.moml.MoMLSimpleApplication@6440836b
reloadAllAccessors: .arrayType18

===========================================================================================
----------------- testing Fri May 17 04:42:51 UTC 2019 /home/travis/build/icyphy/ptII/ptolemy/actor/lib/test/auto/arrayType19.xml
----------------- Instantiating /home/travis/build/icyphy/ptII/ptolemy/actor/lib/test/auto/arrayType19.xml
2 ms. Memory: 1709568K Free: 728895K (43%)
----------------- Invoking toplevel() on ptolemy.moml.MoMLSimpleApplication@22cac3af
----------------- Done invoking toplevel() on ptolemy.moml.MoMLSimpleApplication@22cac3af
reloadAllAccessors: .arrayType19

===========================================================================================
----------------- testing Fri May 17 04:42:51 UTC 2019 /home/travis/build/icyphy/ptII/ptolemy/actor/lib/test/auto/arrayType2.xml
----------------- Instantiating /home/travis/build/icyphy/ptII/ptolemy/actor/lib/test/auto/arrayType2.xml
2 ms. Memory: 1709568K Free: 707684K (41%)
----------------- Invoking toplevel() on ptolemy.moml.MoMLSimpleApplication@66024b29
----------------- Done invoking toplevel() on ptolemy.moml.MoMLSimpleApplication@66024b29
reloadAllAccessors: .arrayType2

===========================================================================================
----------------- testing Fri May 17 04:42:51 UTC 2019 /home/travis/build/icyphy/ptII/ptolemy/actor/lib/test/auto/arrayType20.xml
----------------- Instantiating /home/travis/build/icyphy/ptII/ptolemy/actor/lib/test/auto/arrayType20.xml
2 ms. Memory: 1709568K Free: 682921K (40%)
----------------- Invoking toplevel() on ptolemy.moml.MoMLSimpleApplication@6d0d0b47
----------------- Done invoking toplevel() on ptolemy.moml.MoMLSimpleApplication@6d0d0b47
reloadAllAccessors: .arrayType20

===========================================================================================
----------------- testing Fri May 17 04:42:51 UTC 2019 /home/travis/build/icyphy/ptII/ptolemy/actor/lib/test/auto/arrayType21.xml
----------------- Instantiating /home/travis/build/icyphy/ptII/ptolemy/actor/lib/test/auto/arrayType21.xml
2 ms. Memory: 1709568K Free: 658157K (38%)
----------------- Invoking toplevel() on ptolemy.moml.MoMLSimpleApplication@19abb04b
----------------- Done invoking toplevel() on ptolemy.moml.MoMLSimpleApplication@19abb04b
reloadAllAccessors: .arrayType21

===========================================================================================
----------------- testing Fri May 17 04:42:51 UTC 2019 /home/travis/build/icyphy/ptII/ptolemy/actor/lib/test/auto/arrayType22.xml
----------------- Instantiating /home/travis/build/icyphy/ptII/ptolemy/actor/lib/test/auto/arrayType22.xml
1 ms. Memory: 1709568K Free: 633393K (37%)
----------------- Invoking toplevel() on ptolemy.moml.MoMLSimpleApplication@49b0abc0
----------------- Done invoking toplevel() on ptolemy.moml.MoMLSimpleApplication@49b0abc0
reloadAllAccessors: .arrayType22

===========================================================================================
----------------- testing Fri May 17 04:42:51 UTC 2019 /home/travis/build/icyphy/ptII/ptolemy/actor/lib/test/auto/arrayType23.xml
----------------- Instantiating /home/travis/build/icyphy/ptII/ptolemy/actor/lib/test/auto/arrayType23.xml
1 ms. Memory: 1709568K Free: 612183K (36%)
----------------- Invoking toplevel() on ptolemy.moml.MoMLSimpleApplication@9a9048c
----------------- Done invoking toplevel() on ptolemy.moml.MoMLSimpleApplication@9a9048c
reloadAllAccessors: .arrayType23

===========================================================================================
----------------- testing Fri May 17 04:42:51 UTC 2019 /home/travis/build/icyphy/ptII/ptolemy/actor/lib/test/auto/arrayType24.xml
----------------- Instantiating /home/travis/build/icyphy/ptII/ptolemy/actor/lib/test/auto/arrayType24.xml
1 ms. Memory: 1709568K Free: 587419K (34%)
----------------- Invoking toplevel() on ptolemy.moml.MoMLSimpleApplication@3642fbb7
----------------- Done invoking toplevel() on ptolemy.moml.MoMLSimpleApplication@3642fbb7
reloadAllAccessors: .arrayType24

===========================================================================================
----------------- testing Fri May 17 04:42:51 UTC 2019 /home/travis/build/icyphy/ptII/ptolemy/actor/lib/test/auto/arrayType25.xml
----------------- Instantiating /home/travis/build/icyphy/ptII/ptolemy/actor/lib/test/auto/arrayType25.xml
2 ms. Memory: 1709568K Free: 562655K (33%)
----------------- Invoking toplevel() on ptolemy.moml.MoMLSimpleApplication@309130b9
----------------- Done invoking toplevel() on ptolemy.moml.MoMLSimpleApplication@309130b9
reloadAllAccessors: .arrayType25

===========================================================================================
----------------- testing Fri May 17 04:42:51 UTC 2019 /home/travis/build/icyphy/ptII/ptolemy/actor/lib/test/auto/arrayType26.xml
----------------- Instantiating /home/travis/build/icyphy/ptII/ptolemy/actor/lib/test/auto/arrayType26.xml
2 ms. Memory: 1709568K Free: 541445K (32%)
----------------- Invoking toplevel() on ptolemy.moml.MoMLSimpleApplication@308d13ea
----------------- Done invoking toplevel() on ptolemy.moml.MoMLSimpleApplication@308d13ea
reloadAllAccessors: .arrayType26

===========================================================================================
----------------- testing Fri May 17 04:42:51 UTC 2019 /home/travis/build/icyphy/ptII/ptolemy/actor/lib/test/auto/arrayType27.xml
----------------- Instantiating /home/travis/build/icyphy/ptII/ptolemy/actor/lib/test/auto/arrayType27.xml
1 ms. Memory: 1709568K Free: 516681K (30%)
----------------- Invoking toplevel() on ptolemy.moml.MoMLSimpleApplication@5873a2e4
----------------- Done invoking toplevel() on ptolemy.moml.MoMLSimpleApplication@5873a2e4
reloadAllAccessors: .arrayType27

===========================================================================================
----------------- testing Fri May 17 04:42:51 UTC 2019 /home/travis/build/icyphy/ptII/ptolemy/actor/lib/test/auto/arrayType28.xml
----------------- Instantiating /home/travis/build/icyphy/ptII/ptolemy/actor/lib/test/auto/arrayType28.xml
1 ms. Memory: 1709568K Free: 491918K (29%)
----------------- Invoking toplevel() on ptolemy.moml.MoMLSimpleApplication@7e378e9e
----------------- Done invoking toplevel() on ptolemy.moml.MoMLSimpleApplication@7e378e9e
reloadAllAccessors: .arrayType28

===========================================================================================
----------------- testing Fri May 17 04:42:51 UTC 2019 /home/travis/build/icyphy/ptII/ptolemy/actor/lib/test/auto/arrayType3.xml
----------------- Instantiating /home/travis/build/icyphy/ptII/ptolemy/actor/lib/test/auto/arrayType3.xml
1 ms. Memory: 1709568K Free: 467154K (27%)
----------------- Invoking toplevel() on ptolemy.moml.MoMLSimpleApplication@321f5fd2
----------------- Done invoking toplevel() on ptolemy.moml.MoMLSimpleApplication@321f5fd2
reloadAllAccessors: .arrayType3

===========================================================================================
----------------- testing Fri May 17 04:42:51 UTC 2019 /home/travis/build/icyphy/ptII/ptolemy/actor/lib/test/auto/arrayType4.xml
----------------- Instantiating /home/travis/build/icyphy/ptII/ptolemy/actor/lib/test/auto/arrayType4.xml
1 ms. Memory: 1709568K Free: 445943K (26%)
----------------- Invoking toplevel() on ptolemy.moml.MoMLSimpleApplication@7f9f7133
----------------- Done invoking toplevel() on ptolemy.moml.MoMLSimpleApplication@7f9f7133
reloadAllAccessors: .arrayType4

===========================================================================================
----------------- testing Fri May 17 04:42:51 UTC 2019 /home/travis/build/icyphy/ptII/ptolemy/actor/lib/test/auto/arrayType5.xml
----------------- Instantiating /home/travis/build/icyphy/ptII/ptolemy/actor/lib/test/auto/arrayType5.xml
3 ms. Memory: 1709568K Free: 421180K (25%)
----------------- Invoking toplevel() on ptolemy.moml.MoMLSimpleApplication@65fd9244
----------------- Done invoking toplevel() on ptolemy.moml.MoMLSimpleApplication@65fd9244
reloadAllAccessors: .arrayType5

===========================================================================================
----------------- testing Fri May 17 04:42:51 UTC 2019 /home/travis/build/icyphy/ptII/ptolemy/actor/lib/test/auto/arrayType6.xml
----------------- Instantiating /home/travis/build/icyphy/ptII/ptolemy/actor/lib/test/auto/arrayType6.xml
1 ms. Memory: 1709568K Free: 396416K (23%)
----------------- Invoking toplevel() on ptolemy.moml.MoMLSimpleApplication@1659de56
----------------- Done invoking toplevel() on ptolemy.moml.MoMLSimpleApplication@1659de56
reloadAllAccessors: .arrayType6

===========================================================================================
----------------- testing Fri May 17 04:42:51 UTC 2019 /home/travis/build/icyphy/ptII/ptolemy/actor/lib/test/auto/arrayType7.xml
----------------- Instantiating /home/travis/build/icyphy/ptII/ptolemy/actor/lib/test/auto/arrayType7.xml
3 ms. Memory: 1709568K Free: 371652K (22%)
----------------- Invoking toplevel() on ptolemy.moml.MoMLSimpleApplication@22e60cd3
----------------- Done invoking toplevel() on ptolemy.moml.MoMLSimpleApplication@22e60cd3
reloadAllAccessors: .arrayType7

===========================================================================================
----------------- testing Fri May 17 04:42:51 UTC 2019 /home/travis/build/icyphy/ptII/ptolemy/actor/lib/test/auto/arrayType8.xml
----------------- Instantiating /home/travis/build/icyphy/ptII/ptolemy/actor/lib/test/auto/arrayType8.xml
1 ms. Memory: 1709568K Free: 350442K (20%)
----------------- Invoking toplevel() on ptolemy.moml.MoMLSimpleApplication@17b05b3c
----------------- Done invoking toplevel() on ptolemy.moml.MoMLSimpleApplication@17b05b3c
reloadAllAccessors: .arrayType8

===========================================================================================
----------------- testing Fri May 17 04:42:51 UTC 2019 /home/travis/build/icyphy/ptII/ptolemy/actor/lib/test/auto/arrayType9.xml
----------------- Instantiating /home/travis/build/icyphy/ptII/ptolemy/actor/lib/test/auto/arrayType9.xml
1 ms. Memory: 1709568K Free: 325678K (19%)
----------------- Invoking toplevel() on ptolemy.moml.MoMLSimpleApplication@74818620
----------------- Done invoking toplevel() on ptolemy.moml.MoMLSimpleApplication@74818620
reloadAllAccessors: .arrayType9

===========================================================================================
----------------- testing Fri May 17 04:42:51 UTC 2019 /home/travis/build/icyphy/ptII/ptolemy/actor/lib/test/auto/cast.xml
----------------- Instantiating /home/travis/build/icyphy/ptII/ptolemy/actor/lib/test/auto/cast.xml
2 ms. Memory: 1709568K Free: 300914K (18%)
----------------- Invoking toplevel() on ptolemy.moml.MoMLSimpleApplication@485a1e30
----------------- Done invoking toplevel() on ptolemy.moml.MoMLSimpleApplication@485a1e30
reloadAllAccessors: .cast

===========================================================================================
----------------- testing Fri May 17 04:42:51 UTC 2019 /home/travis/build/icyphy/ptII/ptolemy/actor/lib/test/auto/compositeMultiPort.xml
----------------- Instantiating /home/travis/build/icyphy/ptII/ptolemy/actor/lib/test/auto/compositeMultiPort.xml
3 ms. Memory: 1709568K Free: 279703K (16%)
----------------- Invoking toplevel() on ptolemy.moml.MoMLSimpleApplication@610dc10a
----------------- Done invoking toplevel() on ptolemy.moml.MoMLSimpleApplication@610dc10a
reloadAllAccessors: .compositeMultiPort

===========================================================================================
----------------- testing Fri May 17 04:42:51 UTC 2019 /home/travis/build/icyphy/ptII/ptolemy/actor/lib/test/auto/expressionCastInference.xml
----------------- Instantiating /home/travis/build/icyphy/ptII/ptolemy/actor/lib/test/auto/expressionCastInference.xml
3 ms. Memory: 1709568K Free: 254939K (15%)
----------------- Invoking toplevel() on ptolemy.moml.MoMLSimpleApplication@5ca6ae57
----------------- Done invoking toplevel() on ptolemy.moml.MoMLSimpleApplication@5ca6ae57
reloadAllAccessors: .expressionCastInference

===========================================================================================
----------------- testing Fri May 17 04:42:51 UTC 2019 /home/travis/build/icyphy/ptII/ptolemy/actor/lib/test/auto/expressionCastInference2.xml
----------------- Instantiating /home/travis/build/icyphy/ptII/ptolemy/actor/lib/test/auto/expressionCastInference2.xml
1 ms. Memory: 1709568K Free: 230176K (13%)
----------------- Invoking toplevel() on ptolemy.moml.MoMLSimpleApplication@2ac22724
----------------- Done invoking toplevel() on ptolemy.moml.MoMLSimpleApplication@2ac22724
reloadAllAccessors: .expressionCastInference2

===========================================================================================
----------------- testing Fri May 17 04:42:51 UTC 2019 /home/travis/build/icyphy/ptII/ptolemy/actor/lib/test/auto/expressionInference.xml
----------------- Instantiating /home/travis/build/icyphy/ptII/ptolemy/actor/lib/test/auto/expressionInference.xml
1 ms. Memory: 1709568K Free: 205412K (12%)
----------------- Invoking toplevel() on ptolemy.moml.MoMLSimpleApplication@2cf94e7
----------------- Done invoking toplevel() on ptolemy.moml.MoMLSimpleApplication@2cf94e7
reloadAllAccessors: .expressionInference

===========================================================================================
----------------- testing Fri May 17 04:42:51 UTC 2019 /home/travis/build/icyphy/ptII/ptolemy/actor/lib/test/auto/expression_bug.xml
----------------- Instantiating /home/travis/build/icyphy/ptII/ptolemy/actor/lib/test/auto/expression_bug.xml
1 ms. Memory: 1709568K Free: 184202K (11%)
----------------- Invoking toplevel() on ptolemy.moml.MoMLSimpleApplication@743d8aa
----------------- Done invoking toplevel() on ptolemy.moml.MoMLSimpleApplication@743d8aa
reloadAllAccessors: .expression_bug

===========================================================================================
----------------- testing Fri May 17 04:42:51 UTC 2019 /home/travis/build/icyphy/ptII/ptolemy/actor/lib/test/auto/factorial.xml
----------------- Instantiating /home/travis/build/icyphy/ptII/ptolemy/actor/lib/test/auto/factorial.xml
35 ms. Memory: 1709568K Free: 159438K (9%)
----------------- Invoking toplevel() on ptolemy.moml.MoMLSimpleApplication@5b0628d1
----------------- Done invoking toplevel() on ptolemy.moml.MoMLSimpleApplication@5b0628d1
reloadAllAccessors: .factorial

===========================================================================================
----------------- testing Fri May 17 04:42:51 UTC 2019 /home/travis/build/icyphy/ptII/ptolemy/actor/lib/test/auto/filterTest1.xml
----------------- Instantiating /home/travis/build/icyphy/ptII/ptolemy/actor/lib/test/auto/filterTest1.xml
4 ms. Memory: 1709568K Free: 134674K (8%)
----------------- Invoking toplevel() on ptolemy.moml.MoMLSimpleApplication@5d22a6b7
----------------- Done invoking toplevel() on ptolemy.moml.MoMLSimpleApplication@5d22a6b7
reloadAllAccessors: .filterTest1

===========================================================================================
----------------- testing Fri May 17 04:42:51 UTC 2019 /home/travis/build/icyphy/ptII/ptolemy/actor/lib/test/auto/funcApplyInConst.xml
----------------- Instantiating /home/travis/build/icyphy/ptII/ptolemy/actor/lib/test/auto/funcApplyInConst.xml
2 ms. Memory: 1709568K Free: 109910K (6%)
----------------- Invoking toplevel() on ptolemy.moml.MoMLSimpleApplication@1a4eb543
----------------- Done invoking toplevel() on ptolemy.moml.MoMLSimpleApplication@1a4eb543
reloadAllAccessors: .funcApplyInConst

===========================================================================================
----------------- testing Fri May 17 04:42:51 UTC 2019 /home/travis/build/icyphy/ptII/ptolemy/actor/lib/test/auto/funcApplyInExpr.xml
----------------- Instantiating /home/travis/build/icyphy/ptII/ptolemy/actor/lib/test/auto/funcApplyInExpr.xml
1 ms. Memory: 1709568K Free: 88700K (5%)
----------------- Invoking toplevel() on ptolemy.moml.MoMLSimpleApplication@51c029ca
----------------- Done invoking toplevel() on ptolemy.moml.MoMLSimpleApplication@51c029ca
reloadAllAccessors: .funcApplyInExpr

===========================================================================================
----------------- testing Fri May 17 04:42:51 UTC 2019 /home/travis/build/icyphy/ptII/ptolemy/actor/lib/test/auto/function.xml
----------------- Instantiating /home/travis/build/icyphy/ptII/ptolemy/actor/lib/test/auto/function.xml
20 ms. Memory: 1784320K Free: 1729108K (97%)
----------------- Invoking toplevel() on ptolemy.moml.MoMLSimpleApplication@28b07c84
----------------- Done invoking toplevel() on ptolemy.moml.MoMLSimpleApplication@28b07c84
reloadAllAccessors: .function

===========================================================================================
----------------- testing Fri May 17 04:42:51 UTC 2019 /home/travis/build/icyphy/ptII/ptolemy/actor/lib/test/auto/function2.xml
----------------- Instantiating /home/travis/build/icyphy/ptII/ptolemy/actor/lib/test/auto/function2.xml
1 ms. Memory: 1784320K Free: 1693118K (95%)
----------------- Invoking toplevel() on ptolemy.moml.MoMLSimpleApplication@68820da7
----------------- Done invoking toplevel() on ptolemy.moml.MoMLSimpleApplication@68820da7
reloadAllAccessors: .function2

===========================================================================================
----------------- testing Fri May 17 04:42:51 UTC 2019 /home/travis/build/icyphy/ptII/ptolemy/actor/lib/test/auto/function3.xml
----------------- Instantiating /home/travis/build/icyphy/ptII/ptolemy/actor/lib/test/auto/function3.xml
1 ms. Memory: 1784320K Free: 1667274K (93%)
----------------- Invoking toplevel() on ptolemy.moml.MoMLSimpleApplication@4710f75f
----------------- Done invoking toplevel() on ptolemy.moml.MoMLSimpleApplication@4710f75f
reloadAllAccessors: .function3

===========================================================================================
----------------- testing Fri May 17 04:42:51 UTC 2019 /home/travis/build/icyphy/ptII/ptolemy/actor/lib/test/auto/functionClosureTest1.xml
----------------- Instantiating /home/travis/build/icyphy/ptII/ptolemy/actor/lib/test/auto/functionClosureTest1.xml
2 ms. Memory: 1784320K Free: 1641429K (92%)
----------------- Invoking toplevel() on ptolemy.moml.MoMLSimpleApplication@6f03c142
----------------- Done invoking toplevel() on ptolemy.moml.MoMLSimpleApplication@6f03c142
reloadAllAccessors: .functionClosureTest1

===========================================================================================
----------------- testing Fri May 17 04:42:51 UTC 2019 /home/travis/build/icyphy/ptII/ptolemy/actor/lib/test/auto/functionClosureTest2.xml
----------------- Instantiating /home/travis/build/icyphy/ptII/ptolemy/actor/lib/test/auto/functionClosureTest2.xml
1 ms. Memory: 1784320K Free: 1619181K (91%)
----------------- Invoking toplevel() on ptolemy.moml.MoMLSimpleApplication@34b6999a
----------------- Done invoking toplevel() on ptolemy.moml.MoMLSimpleApplication@34b6999a
reloadAllAccessors: .functionClosureTest2

===========================================================================================
----------------- testing Fri May 17 04:42:51 UTC 2019 /home/travis/build/icyphy/ptII/ptolemy/actor/lib/test/auto/functionClosureTest3.xml
----------------- Instantiating /home/travis/build/icyphy/ptII/ptolemy/actor/lib/test/auto/functionClosureTest3.xml
3 ms. Memory: 1784320K Free: 1593336K (89%)
----------------- Invoking toplevel() on ptolemy.moml.MoMLSimpleApplication@5230a3a1
----------------- Done invoking toplevel() on ptolemy.moml.MoMLSimpleApplication@5230a3a1
reloadAllAccessors: .functionClosureTest3

===========================================================================================
----------------- testing Fri May 17 04:42:51 UTC 2019 /home/travis/build/icyphy/ptII/ptolemy/actor/lib/test/auto/functionClosureTest4.xml
----------------- Instantiating /home/travis/build/icyphy/ptII/ptolemy/actor/lib/test/auto/functionClosureTest4.xml
9 ms. Memory: 1784320K Free: 1567492K (88%)
----------------- Invoking toplevel() on ptolemy.moml.MoMLSimpleApplication@7245bc3d
----------------- Done invoking toplevel() on ptolemy.moml.MoMLSimpleApplication@7245bc3d
reloadAllAccessors: .functionClosureTest4

===========================================================================================
----------------- testing Fri May 17 04:42:51 UTC 2019 /home/travis/build/icyphy/ptII/ptolemy/actor/lib/test/auto/functionClosureTest5.xml
----------------- Instantiating /home/travis/build/icyphy/ptII/ptolemy/actor/lib/test/auto/functionClosureTest5.xml
4 ms. Memory: 1784320K Free: 1541647K (86%)
----------------- Invoking toplevel() on ptolemy.moml.MoMLSimpleApplication@53488859
----------------- Done invoking toplevel() on ptolemy.moml.MoMLSimpleApplication@53488859
reloadAllAccessors: .functionClosureTest5

===========================================================================================
----------------- testing Fri May 17 04:42:51 UTC 2019 /home/travis/build/icyphy/ptII/ptolemy/actor/lib/test/auto/functionClosureTest6.xml
----------------- Instantiating /home/travis/build/icyphy/ptII/ptolemy/actor/lib/test/auto/functionClosureTest6.xml
1 ms. Memory: 1784320K Free: 1519399K (85%)
----------------- Invoking toplevel() on ptolemy.moml.MoMLSimpleApplication@24e3c5c2
----------------- Done invoking toplevel() on ptolemy.moml.MoMLSimpleApplication@24e3c5c2
reloadAllAccessors: .functionClosureTest6

===========================================================================================
----------------- testing Fri May 17 04:42:51 UTC 2019 /home/travis/build/icyphy/ptII/ptolemy/actor/lib/test/auto/functionsOnArcs.xml
----------------- Instantiating /home/travis/build/icyphy/ptII/ptolemy/actor/lib/test/auto/functionsOnArcs.xml
2 ms. Memory: 1784320K Free: 1493554K (84%)
----------------- Invoking toplevel() on ptolemy.moml.MoMLSimpleApplication@6272da6e
----------------- Done invoking toplevel() on ptolemy.moml.MoMLSimpleApplication@6272da6e
reloadAllAccessors: .functionsOnArcs

===========================================================================================
----------------- testing Fri May 17 04:42:51 UTC 2019 /home/travis/build/icyphy/ptII/ptolemy/actor/lib/test/auto/functionsOnArcsHOF.xml
----------------- Instantiating /home/travis/build/icyphy/ptII/ptolemy/actor/lib/test/auto/functionsOnArcsHOF.xml
4 ms. Memory: 1784320K Free: 1467709K (82%)
----------------- Invoking toplevel() on ptolemy.moml.MoMLSimpleApplication@55886948
----------------- Done invoking toplevel() on ptolemy.moml.MoMLSimpleApplication@55886948
reloadAllAccessors: .functionsOnArcsHOF

===========================================================================================
----------------- testing Fri May 17 04:42:51 UTC 2019 /home/travis/build/icyphy/ptII/ptolemy/actor/lib/test/auto/logic.xml
----------------- Instantiating /home/travis/build/icyphy/ptII/ptolemy/actor/lib/test/auto/logic.xml
1 ms. Memory: 1784320K Free: 1445461K (81%)
----------------- Invoking toplevel() on ptolemy.moml.MoMLSimpleApplication@772412f1
----------------- Done invoking toplevel() on ptolemy.moml.MoMLSimpleApplication@772412f1
reloadAllAccessors: .logic

===========================================================================================
----------------- testing Fri May 17 04:42:51 UTC 2019 /home/travis/build/icyphy/ptII/ptolemy/actor/lib/test/auto/matrixType.xml
----------------- Instantiating /home/travis/build/icyphy/ptII/ptolemy/actor/lib/test/auto/matrixType.xml
1 ms. Memory: 1784320K Free: 1419616K (80%)
----------------- Invoking toplevel() on ptolemy.moml.MoMLSimpleApplication@169e0a6c
----------------- Done invoking toplevel() on ptolemy.moml.MoMLSimpleApplication@169e0a6c
reloadAllAccessors: .matrixType

===========================================================================================
----------------- testing Fri May 17 04:42:51 UTC 2019 /home/travis/build/icyphy/ptII/ptolemy/actor/lib/test/auto/matrixType10.xml
----------------- Instantiating /home/travis/build/icyphy/ptII/ptolemy/actor/lib/test/auto/matrixType10.xml
3 ms. Memory: 1784320K Free: 1393771K (78%)
----------------- Invoking toplevel() on ptolemy.moml.MoMLSimpleApplication@6d545a5
----------------- Done invoking toplevel() on ptolemy.moml.MoMLSimpleApplication@6d545a5
reloadAllAccessors: .matrixType10

===========================================================================================
----------------- testing Fri May 17 04:42:51 UTC 2019 /home/travis/build/icyphy/ptII/ptolemy/actor/lib/test/auto/matrixType11.xml
----------------- Instantiating /home/travis/build/icyphy/ptII/ptolemy/actor/lib/test/auto/matrixType11.xml
1 ms. Memory: 1784320K Free: 1367926K (77%)
----------------- Invoking toplevel() on ptolemy.moml.MoMLSimpleApplication@1f3ce748
----------------- Done invoking toplevel() on ptolemy.moml.MoMLSimpleApplication@1f3ce748
reloadAllAccessors: .matrixType11

===========================================================================================
----------------- testing Fri May 17 04:42:51 UTC 2019 /home/travis/build/icyphy/ptII/ptolemy/actor/lib/test/auto/matrixType12.xml
----------------- Instantiating /home/travis/build/icyphy/ptII/ptolemy/actor/lib/test/auto/matrixType12.xml
1 ms. Memory: 1784320K Free: 1345678K (75%)
----------------- Invoking toplevel() on ptolemy.moml.MoMLSimpleApplication@681de95
----------------- Done invoking toplevel() on ptolemy.moml.MoMLSimpleApplication@681de95
reloadAllAccessors: .matrixType12

===========================================================================================
----------------- testing Fri May 17 04:42:51 UTC 2019 /home/travis/build/icyphy/ptII/ptolemy/actor/lib/test/auto/matrixType13.xml
----------------- Instantiating /home/travis/build/icyphy/ptII/ptolemy/actor/lib/test/auto/matrixType13.xml
1 ms. Memory: 1784320K Free: 1319833K (74%)
----------------- Invoking toplevel() on ptolemy.moml.MoMLSimpleApplication@78637fa8
----------------- Done invoking toplevel() on ptolemy.moml.MoMLSimpleApplication@78637fa8
reloadAllAccessors: .matrixType13

===========================================================================================
----------------- testing Fri May 17 04:42:51 UTC 2019 /home/travis/build/icyphy/ptII/ptolemy/actor/lib/test/auto/matrixType14.xml
----------------- Instantiating /home/travis/build/icyphy/ptII/ptolemy/actor/lib/test/auto/matrixType14.xml
1 ms. Memory: 1784320K Free: 1293989K (73%)
----------------- Invoking toplevel() on ptolemy.moml.MoMLSimpleApplication@44cd2ff4
----------------- Done invoking toplevel() on ptolemy.moml.MoMLSimpleApplication@44cd2ff4
reloadAllAccessors: .matrixType14

===========================================================================================
----------------- testing Fri May 17 04:42:51 UTC 2019 /home/travis/build/icyphy/ptII/ptolemy/actor/lib/test/auto/matrixType2.xml
----------------- Instantiating /home/travis/build/icyphy/ptII/ptolemy/actor/lib/test/auto/matrixType2.xml
1 ms. Memory: 1784320K Free: 1268144K (71%)
----------------- Invoking toplevel() on ptolemy.moml.MoMLSimpleApplication@34d27f71
----------------- Done invoking toplevel() on ptolemy.moml.MoMLSimpleApplication@34d27f71
reloadAllAccessors: .matrixType2

===========================================================================================
----------------- testing Fri May 17 04:42:51 UTC 2019 /home/travis/build/icyphy/ptII/ptolemy/actor/lib/test/auto/matrixType3.xml
----------------- Instantiating /home/travis/build/icyphy/ptII/ptolemy/actor/lib/test/auto/matrixType3.xml
4 ms. Memory: 1784320K Free: 1245896K (70%)
----------------- Invoking toplevel() on ptolemy.moml.MoMLSimpleApplication@64ca6939
----------------- Done invoking toplevel() on ptolemy.moml.MoMLSimpleApplication@64ca6939
reloadAllAccessors: .matrixType3

===========================================================================================
----------------- testing Fri May 17 04:42:51 UTC 2019 /home/travis/build/icyphy/ptII/ptolemy/actor/lib/test/auto/matrixType4.xml
----------------- Instantiating /home/travis/build/icyphy/ptII/ptolemy/actor/lib/test/auto/matrixType4.xml
2 ms. Memory: 1784320K Free: 1220051K (68%)
----------------- Invoking toplevel() on ptolemy.moml.MoMLSimpleApplication@15010e25
----------------- Done invoking toplevel() on ptolemy.moml.MoMLSimpleApplication@15010e25
reloadAllAccessors: .matrixType4

===========================================================================================
----------------- testing Fri May 17 04:42:51 UTC 2019 /home/travis/build/icyphy/ptII/ptolemy/actor/lib/test/auto/matrixType5.xml
----------------- Instantiating /home/travis/build/icyphy/ptII/ptolemy/actor/lib/test/auto/matrixType5.xml
1 ms. Memory: 1784320K Free: 1194206K (67%)
----------------- Invoking toplevel() on ptolemy.moml.MoMLSimpleApplication@6ba32ec9
----------------- Done invoking toplevel() on ptolemy.moml.MoMLSimpleApplication@6ba32ec9
reloadAllAccessors: .matrixType5

===========================================================================================
----------------- testing Fri May 17 04:42:51 UTC 2019 /home/travis/build/icyphy/ptII/ptolemy/actor/lib/test/auto/matrixType6.xml
----------------- Instantiating /home/travis/build/icyphy/ptII/ptolemy/actor/lib/test/auto/matrixType6.xml
1 ms. Memory: 1784320K Free: 1171958K (66%)
----------------- Invoking toplevel() on ptolemy.moml.MoMLSimpleApplication@3bbfc9b7
----------------- Done invoking toplevel() on ptolemy.moml.MoMLSimpleApplication@3bbfc9b7
reloadAllAccessors: .matrixType6

===========================================================================================
----------------- testing Fri May 17 04:42:51 UTC 2019 /home/travis/build/icyphy/ptII/ptolemy/actor/lib/test/auto/matrixType7.xml
----------------- Instantiating /home/travis/build/icyphy/ptII/ptolemy/actor/lib/test/auto/matrixType7.xml
1 ms. Memory: 1784320K Free: 1146113K (64%)
----------------- Invoking toplevel() on ptolemy.moml.MoMLSimpleApplication@564fb20a
----------------- Done invoking toplevel() on ptolemy.moml.MoMLSimpleApplication@564fb20a
reloadAllAccessors: .matrixType7

===========================================================================================
----------------- testing Fri May 17 04:42:51 UTC 2019 /home/travis/build/icyphy/ptII/ptolemy/actor/lib/test/auto/matrixType8.xml
----------------- Instantiating /home/travis/build/icyphy/ptII/ptolemy/actor/lib/test/auto/matrixType8.xml
2 ms. Memory: 1784320K Free: 1120268K (63%)
----------------- Invoking toplevel() on ptolemy.moml.MoMLSimpleApplication@7fcbf94c
----------------- Done invoking toplevel() on ptolemy.moml.MoMLSimpleApplication@7fcbf94c
reloadAllAccessors: .matrixType8

===========================================================================================
----------------- testing Fri May 17 04:42:51 UTC 2019 /home/travis/build/icyphy/ptII/ptolemy/actor/lib/test/auto/matrixType9.xml
----------------- Instantiating /home/travis/build/icyphy/ptII/ptolemy/actor/lib/test/auto/matrixType9.xml
1 ms. Memory: 1784320K Free: 1094423K (61%)
----------------- Invoking toplevel() on ptolemy.moml.MoMLSimpleApplication@18f45279
----------------- Done invoking toplevel() on ptolemy.moml.MoMLSimpleApplication@18f45279
reloadAllAccessors: .matrixType9

===========================================================================================
----------------- testing Fri May 17 04:42:51 UTC 2019 /home/travis/build/icyphy/ptII/ptolemy/actor/lib/test/auto/paraFunctest.xml
----------------- Instantiating /home/travis/build/icyphy/ptII/ptolemy/actor/lib/test/auto/paraFunctest.xml
1 ms. Memory: 1784320K Free: 1072175K (60%)
----------------- Invoking toplevel() on ptolemy.moml.MoMLSimpleApplication@5be0a7a8
----------------- Done invoking toplevel() on ptolemy.moml.MoMLSimpleApplication@5be0a7a8
reloadAllAccessors: .paraFunctest

===========================================================================================
----------------- testing Fri May 17 04:42:51 UTC 2019 /home/travis/build/icyphy/ptII/ptolemy/actor/lib/test/auto/paraFunctest2.xml
----------------- Instantiating /home/travis/build/icyphy/ptII/ptolemy/actor/lib/test/auto/paraFunctest2.xml
1 ms. Memory: 1784320K Free: 1046330K (59%)
----------------- Invoking toplevel() on ptolemy.moml.MoMLSimpleApplication@577359fd
----------------- Done invoking toplevel() on ptolemy.moml.MoMLSimpleApplication@577359fd
reloadAllAccessors: .paraFunctest2

===========================================================================================
----------------- testing Fri May 17 04:42:51 UTC 2019 /home/travis/build/icyphy/ptII/ptolemy/actor/lib/test/auto/parameterPassing.xml
----------------- Instantiating /home/travis/build/icyphy/ptII/ptolemy/actor/lib/test/auto/parameterPassing.xml
1 ms. Memory: 1784320K Free: 1020486K (57%)
----------------- Invoking toplevel() on ptolemy.moml.MoMLSimpleApplication@6d3ec570
----------------- Done invoking toplevel() on ptolemy.moml.MoMLSimpleApplication@6d3ec570
reloadAllAccessors: .parameterPassing

===========================================================================================
----------------- testing Fri May 17 04:42:52 UTC 2019 /home/travis/build/icyphy/ptII/ptolemy/actor/lib/test/auto/record.xml
----------------- Instantiating /home/travis/build/icyphy/ptII/ptolemy/actor/lib/test/auto/record.xml
2 ms. Memory: 1784320K Free: 994641K (56%)
----------------- Invoking toplevel() on ptolemy.moml.MoMLSimpleApplication@dd865e3
----------------- Done invoking toplevel() on ptolemy.moml.MoMLSimpleApplication@dd865e3
reloadAllAccessors: .record

===========================================================================================
----------------- testing Fri May 17 04:42:52 UTC 2019 /home/travis/build/icyphy/ptII/ptolemy/actor/lib/test/auto/sizedarray1.xml
----------------- Instantiating /home/travis/build/icyphy/ptII/ptolemy/actor/lib/test/auto/sizedarray1.xml
1 ms. Memory: 1784320K Free: 972393K (54%)
----------------- Invoking toplevel() on ptolemy.moml.MoMLSimpleApplication@4ccc5d40
----------------- Done invoking toplevel() on ptolemy.moml.MoMLSimpleApplication@4ccc5d40
reloadAllAccessors: .sizedarray1

===========================================================================================
----------------- testing Fri May 17 04:42:52 UTC 2019 /home/travis/build/icyphy/ptII/ptolemy/actor/lib/test/auto/sizedarray2.xml
----------------- Instantiating /home/travis/build/icyphy/ptII/ptolemy/actor/lib/test/auto/sizedarray2.xml
2 ms. Memory: 1784320K Free: 946548K (53%)
----------------- Invoking toplevel() on ptolemy.moml.MoMLSimpleApplication@23898cc6
----------------- Done invoking toplevel() on ptolemy.moml.MoMLSimpleApplication@23898cc6
reloadAllAccessors: .sizedarray2

===========================================================================================
----------------- testing Fri May 17 04:42:52 UTC 2019 /home/travis/build/icyphy/ptII/ptolemy/actor/lib/test/auto/twoPublishers.xml
----------------- Instantiating /home/travis/build/icyphy/ptII/ptolemy/actor/lib/test/auto/twoPublishers.xml
5 ms. Memory: 1784320K Free: 920703K (52%)
----------------- Invoking toplevel() on ptolemy.moml.MoMLSimpleApplication@f736ff9
----------------- Done invoking toplevel() on ptolemy.moml.MoMLSimpleApplication@f736ff9
reloadAllAccessors: .twoPublishers
AutoTests.java: About to close Vertx.
AutoTests.java: Vertx closed.
]]></system-out>
  <system-err><![CDATA[java.lang.RuntimeException: Execution failed
	at ptolemy.moml.MoMLSimpleApplication$UnloadThread.run(MoMLSimpleApplication.java:402)
Caused by: java.lang.RuntimeException: StringUtilities.exit() was called. Normally, we would exit here because Manager.exitAfterWrapup() was called.  However, because the ptolemy.ptII.exitAfterWrapup property is set, we throw this exception instead.
	at ptolemy.util.StringUtilities.exit(StringUtilities.java:363)
	at ptolemy.actor.Manager.wrapup(Manager.java:1531)
	at ptolemy.actor.Manager.execute(Manager.java:407)
	at ptolemy.actor.Manager.run(Manager.java:1263)
	at ptolemy.actor.Manager$PtolemyRunThread.run(Manager.java:1915)
Warning: '.top.test' is in training mode, set the trainingMode parameter to false before checking in
Warning: '.top.test' is in training mode, set the trainingMode parameter to false before checking in
Warning: '.top.test' is in training mode, set the trainingMode parameter to false before checking in
Warning: '.BooleanSwitch_RegressionTest_WrongTrainingValues.Test' is in training mode, set the trainingMode parameter to false before checking in
Warning: '.BooleanSwitch_RegressionTest_WrongTrainingValues.Test2' is in training mode, set the trainingMode parameter to false before checking in
Warning: '.BooleanSwitch_RegressionTest_WrongTrainingValues.Test2' The test produced 0 tokens.
Warning: '.top.testExceptionHandler' is in training mode, set the trainingMode parameter to false before checking in
java.lang.RuntimeException: Execution failed
	at ptolemy.moml.MoMLSimpleApplication$UnloadThread.run(MoMLSimpleApplication.java:402)
Caused by: ptolemy.kernel.util.IllegalActionException: PublisherPorts cannot be used at the top level, use a Publisher actor instead.
  in .PublisherPortToplevelSubscriber.PublisherPort
	at ptolemy.actor.PublisherPort.preinitialize(PublisherPort.java:403)
	at ptolemy.actor.CompositeActor.preinitialize(CompositeActor.java:1769)
	at ptolemy.actor.Manager.preinitializeAndResolveTypes(Manager.java:1040)
	at ptolemy.actor.Manager.initialize(Manager.java:710)
	at ptolemy.actor.Manager.execute(Manager.java:356)
	at ptolemy.actor.Manager.run(Manager.java:1263)
	at ptolemy.actor.Manager$PtolemyRunThread.run(Manager.java:1915)
java.lang.reflect.InvocationTargetException
	at sun.reflect.NativeConstructorAccessorImpl.newInstance0(Native Method)
	at sun.reflect.NativeConstructorAccessorImpl.newInstance(NativeConstructorAccessorImpl.java:62)
	at sun.reflect.DelegatingConstructorAccessorImpl.newInstance(DelegatingConstructorAccessorImpl.java:45)
	at java.lang.reflect.Constructor.newInstance(Constructor.java:423)
	at ptolemy.util.test.junit.AutoKnownFailedTests.RunModel(AutoKnownFailedTests.java:105)
	at sun.reflect.NativeMethodAccessorImpl.invoke0(Native Method)
	at sun.reflect.NativeMethodAccessorImpl.invoke(NativeMethodAccessorImpl.java:62)
	at sun.reflect.DelegatingMethodAccessorImpl.invoke(DelegatingMethodAccessorImpl.java:43)
	at java.lang.reflect.Method.invoke(Method.java:498)
	at org.junit.runners.model.FrameworkMethod$1.runReflectiveCall(FrameworkMethod.java:44)
	at org.junit.internal.runners.model.ReflectiveCallable.run(ReflectiveCallable.java:15)
	at org.junit.runners.model.FrameworkMethod.invokeExplosively(FrameworkMethod.java:41)
	at junitparams.internal.InvokeParameterisedMethod.evaluate(InvokeParameterisedMethod.java:102)
	at org.junit.internal.runners.statements.FailOnTimeout$1.run(FailOnTimeout.java:28)
Caused by: ptolemy.kernel.util.IllegalActionException: PublisherPorts cannot be used at the top level, use a Publisher actor instead.
  in .PublisherPortToplevelSubscriber.PublisherPort
	at ptolemy.actor.PublisherPort.preinitialize(PublisherPort.java:403)
	at ptolemy.actor.CompositeActor.preinitialize(CompositeActor.java:1769)
	at ptolemy.actor.Manager.preinitializeAndResolveTypes(Manager.java:1040)
	at ptolemy.actor.Manager.initialize(Manager.java:710)
	at ptolemy.actor.Manager.execute(Manager.java:356)
	at ptolemy.actor.Manager.run(Manager.java:1263)
	at ptolemy.actor.Manager$PtolemyRunThread.run(Manager.java:1915)
java.lang.RuntimeException: Execution failed
	at ptolemy.moml.MoMLSimpleApplication$UnloadThread.run(MoMLSimpleApplication.java:402)
Caused by: ptolemy.kernel.util.IllegalActionException: SubscriberPorts cannot be used at the top level, use a Subscriber actor instead.
  in .PublisherSubscriberPortToplevel.SubscriberPort
	at ptolemy.actor.SubscriberPort.preinitialize(SubscriberPort.java:328)
	at ptolemy.actor.CompositeActor.preinitialize(CompositeActor.java:1769)
	at ptolemy.actor.Manager.preinitializeAndResolveTypes(Manager.java:1040)
	at ptolemy.actor.Manager.initialize(Manager.java:710)
	at ptolemy.actor.Manager.execute(Manager.java:356)
	at ptolemy.actor.Manager.run(Manager.java:1263)
	at ptolemy.actor.Manager$PtolemyRunThread.run(Manager.java:1915)
java.lang.reflect.InvocationTargetException
	at sun.reflect.NativeConstructorAccessorImpl.newInstance0(Native Method)
	at sun.reflect.NativeConstructorAccessorImpl.newInstance(NativeConstructorAccessorImpl.java:62)
	at sun.reflect.DelegatingConstructorAccessorImpl.newInstance(DelegatingConstructorAccessorImpl.java:45)
	at java.lang.reflect.Constructor.newInstance(Constructor.java:423)
	at ptolemy.util.test.junit.AutoKnownFailedTests.RunModel(AutoKnownFailedTests.java:105)
	at sun.reflect.NativeMethodAccessorImpl.invoke0(Native Method)
	at sun.reflect.NativeMethodAccessorImpl.invoke(NativeMethodAccessorImpl.java:62)
	at sun.reflect.DelegatingMethodAccessorImpl.invoke(DelegatingMethodAccessorImpl.java:43)
	at java.lang.reflect.Method.invoke(Method.java:498)
	at org.junit.runners.model.FrameworkMethod$1.runReflectiveCall(FrameworkMethod.java:44)
	at org.junit.internal.runners.model.ReflectiveCallable.run(ReflectiveCallable.java:15)
	at org.junit.runners.model.FrameworkMethod.invokeExplosively(FrameworkMethod.java:41)
	at junitparams.internal.InvokeParameterisedMethod.evaluate(InvokeParameterisedMethod.java:102)
	at org.junit.internal.runners.statements.FailOnTimeout$1.run(FailOnTimeout.java:28)
Caused by: ptolemy.kernel.util.IllegalActionException: SubscriberPorts cannot be used at the top level, use a Subscriber actor instead.
  in .PublisherSubscriberPortToplevel.SubscriberPort
	at ptolemy.actor.SubscriberPort.preinitialize(SubscriberPort.java:328)
	at ptolemy.actor.CompositeActor.preinitialize(CompositeActor.java:1769)
	at ptolemy.actor.Manager.preinitializeAndResolveTypes(Manager.java:1040)
	at ptolemy.actor.Manager.initialize(Manager.java:710)
	at ptolemy.actor.Manager.execute(Manager.java:356)
	at ptolemy.actor.Manager.run(Manager.java:1263)
	at ptolemy.actor.Manager$PtolemyRunThread.run(Manager.java:1915)
java.lang.RuntimeException: Execution failed
	at ptolemy.moml.MoMLSimpleApplication$UnloadThread.run(MoMLSimpleApplication.java:402)
Caused by: ptolemy.kernel.util.IllegalActionException: SubscriptionAggregatorPorts cannot be used at the top level, use a SubscriptionAggregator actor instead.
  in .PublisherSubscriptionAggregatorPort.SubscriptionAggregatorPort
	at ptolemy.actor.SubscriptionAggregatorPort.preinitialize(SubscriptionAggregatorPort.java:353)
	at ptolemy.actor.CompositeActor.preinitialize(CompositeActor.java:1769)
	at ptolemy.actor.Manager.preinitializeAndResolveTypes(Manager.java:1040)
	at ptolemy.actor.Manager.initialize(Manager.java:710)
	at ptolemy.actor.Manager.execute(Manager.java:356)
	at ptolemy.actor.Manager.run(Manager.java:1263)
	at ptolemy.actor.Manager$PtolemyRunThread.run(Manager.java:1915)
java.lang.reflect.InvocationTargetException
	at sun.reflect.NativeConstructorAccessorImpl.newInstance0(Native Method)
	at sun.reflect.NativeConstructorAccessorImpl.newInstance(NativeConstructorAccessorImpl.java:62)
	at sun.reflect.DelegatingConstructorAccessorImpl.newInstance(DelegatingConstructorAccessorImpl.java:45)
	at java.lang.reflect.Constructor.newInstance(Constructor.java:423)
	at ptolemy.util.test.junit.AutoKnownFailedTests.RunModel(AutoKnownFailedTests.java:105)
	at sun.reflect.NativeMethodAccessorImpl.invoke0(Native Method)
	at sun.reflect.NativeMethodAccessorImpl.invoke(NativeMethodAccessorImpl.java:62)
	at sun.reflect.DelegatingMethodAccessorImpl.invoke(DelegatingMethodAccessorImpl.java:43)
	at java.lang.reflect.Method.invoke(Method.java:498)
	at org.junit.runners.model.FrameworkMethod$1.runReflectiveCall(FrameworkMethod.java:44)
	at org.junit.internal.runners.model.ReflectiveCallable.run(ReflectiveCallable.java:15)
	at org.junit.runners.model.FrameworkMethod.invokeExplosively(FrameworkMethod.java:41)
	at junitparams.internal.InvokeParameterisedMethod.evaluate(InvokeParameterisedMethod.java:102)
	at org.junit.internal.runners.statements.FailOnTimeout$1.run(FailOnTimeout.java:28)
Caused by: ptolemy.kernel.util.IllegalActionException: SubscriptionAggregatorPorts cannot be used at the top level, use a SubscriptionAggregator actor instead.
  in .PublisherSubscriptionAggregatorPort.SubscriptionAggregatorPort
	at ptolemy.actor.SubscriptionAggregatorPort.preinitialize(SubscriptionAggregatorPort.java:353)
	at ptolemy.actor.CompositeActor.preinitialize(CompositeActor.java:1769)
	at ptolemy.actor.Manager.preinitializeAndResolveTypes(Manager.java:1040)
	at ptolemy.actor.Manager.initialize(Manager.java:710)
	at ptolemy.actor.Manager.execute(Manager.java:356)
	at ptolemy.actor.Manager.run(Manager.java:1263)
	at ptolemy.actor.Manager$PtolemyRunThread.run(Manager.java:1915)
java.lang.RuntimeException: Execution failed
	at ptolemy.moml.MoMLSimpleApplication$UnloadThread.run(MoMLSimpleApplication.java:402)
Caused by: ptolemy.kernel.util.IllegalActionException: TypeTest actor has no training data.
  in .sizedarray3.TypeTest
	at ptolemy.actor.lib.TypeTest.initialize(TypeTest.java:250)
	at ptolemy.actor.Director.initialize(Director.java:938)
	at ptolemy.actor.Director.initialize(Director.java:907)
	at ptolemy.actor.sched.StaticSchedulingDirector.initialize(StaticSchedulingDirector.java:159)
	at ptolemy.domains.sdf.kernel.SDFDirector.initialize(SDFDirector.java:544)
	at ptolemy.actor.CompositeActor.initialize(CompositeActor.java:935)
	at ptolemy.actor.Manager.initialize(Manager.java:724)
	at ptolemy.actor.Manager.execute(Manager.java:356)
	at ptolemy.actor.Manager.run(Manager.java:1263)
	at ptolemy.actor.Manager$PtolemyRunThread.run(Manager.java:1915)
java.lang.reflect.InvocationTargetException
	at sun.reflect.NativeConstructorAccessorImpl.newInstance0(Native Method)
	at sun.reflect.NativeConstructorAccessorImpl.newInstance(NativeConstructorAccessorImpl.java:62)
	at sun.reflect.DelegatingConstructorAccessorImpl.newInstance(DelegatingConstructorAccessorImpl.java:45)
	at java.lang.reflect.Constructor.newInstance(Constructor.java:423)
	at ptolemy.util.test.junit.AutoKnownFailedTests.RunModel(AutoKnownFailedTests.java:105)
	at sun.reflect.NativeMethodAccessorImpl.invoke0(Native Method)
	at sun.reflect.NativeMethodAccessorImpl.invoke(NativeMethodAccessorImpl.java:62)
	at sun.reflect.DelegatingMethodAccessorImpl.invoke(DelegatingMethodAccessorImpl.java:43)
	at java.lang.reflect.Method.invoke(Method.java:498)
	at org.junit.runners.model.FrameworkMethod$1.runReflectiveCall(FrameworkMethod.java:44)
	at org.junit.internal.runners.model.ReflectiveCallable.run(ReflectiveCallable.java:15)
	at org.junit.runners.model.FrameworkMethod.invokeExplosively(FrameworkMethod.java:41)
	at junitparams.internal.InvokeParameterisedMethod.evaluate(InvokeParameterisedMethod.java:102)
	at org.junit.internal.runners.statements.FailOnTimeout$1.run(FailOnTimeout.java:28)
Caused by: ptolemy.kernel.util.IllegalActionException: TypeTest actor has no training data.
  in .sizedarray3.TypeTest
	at ptolemy.actor.lib.TypeTest.initialize(TypeTest.java:250)
	at ptolemy.actor.Director.initialize(Director.java:938)
	at ptolemy.actor.Director.initialize(Director.java:907)
	at ptolemy.actor.sched.StaticSchedulingDirector.initialize(StaticSchedulingDirector.java:159)
	at ptolemy.domains.sdf.kernel.SDFDirector.initialize(SDFDirector.java:544)
	at ptolemy.actor.CompositeActor.initialize(CompositeActor.java:935)
	at ptolemy.actor.Manager.initialize(Manager.java:724)
	at ptolemy.actor.Manager.execute(Manager.java:356)
	at ptolemy.actor.Manager.run(Manager.java:1263)
	at ptolemy.actor.Manager$PtolemyRunThread.run(Manager.java:1915)
]]></system-err>
</testsuite>
