<?xml version="1.0" encoding="UTF-8" ?>
<testsuite errors="0" failures="0" hostname="travis-job-d657de07-13f1-4175-b7b7-fd3132f895b2" name="ptolemy.actor.lib.test.junit.JUnitTclTest" skipped="0" tests="517" time="58.986" timestamp="2018-11-18T02:45:50">
  <properties>
    <property name="npm.executable" value="npm" />
    <property name="file.encoding.pkg" value="sun.io" />
    <property name="env.TRAVIS_ROOT" value="/" />
    <property name="ptII.mk.exists" value="true" />
    <property name="env.TRAVIS_APP_HOST" value="build.travis-ci.org" />
    <property name="env.rvm_bin_path" value="/home/travis/.rvm/bin" />
    <property name="java.home" value="/usr/lib/jvm/java-8-oracle/jre" />
    <property name="env.TRAVIS_JOB_NUMBER" value="824.8" />
    <property name="env.TRAVIS_HOME" value="/home/travis" />
    <property name="env.DISPLAY" value=":99.0" />
    <property name="java.net.preferIPv4Stack" value="true" />
    <property name="env.TRAVIS_INIT" value="upstart" />
    <property name="env.SSH_TTY" value="/dev/pts/0" />
    <property name="env.RUN_TESTS" value="false" />
    <property name="timeout.short" value="1000000" />
    <property name="env.TRAVIS_JOB_NAME" value="" />
    <property name="env.TRAVIS_STACK_NODE_ATTRIBUTES" value="/.node-attributes.yml" />
    <property name="junit.formatter" value="xml" />
    <property name="java.endorsed.dirs" value="/usr/lib/jvm/java-8-oracle/jre/lib/endorsed" />
    <property name="env.TRAVIS_SUDO" value="true" />
    <property name="env.LOGNAME" value="travis" />
    <property name="env.PT_TRAVIS_TEST_CORE1_XML" value="true" />
    <property name="jsdoc.home" value="node_modules/@terraswarm/jsdoc" />
    <property name="debuglevel" value="source,lines,vars" />
    <property name="checkstyle.formatter" value="xml" />
    <property name="bin.vergil.makeable" value="true" />
    <property name="env._system_version" value="14.04" />
    <property name="sun.os.patch.level" value="unknown" />
    <property name="java.vendor.url" value="http://java.oracle.com/" />
    <property name="env.TRAVIS_BUILD_WEB_URL" value="https://travis-ci.org/icyphy/ptII/builds/456510447" />
    <property name="java.version" value="1.8.0_151" />
    <property name="env.TZ" value="UTC" />
    <property name="env.PT_NO_NET" value="true" />
    <property name="env.TRAVIS_PULL_REQUEST_SHA" value="" />
    <property name="env.TRAVIS_SECURE_ENV_VARS" value="true" />
    <property name="env._system_type" value="Linux" />
    <property name="java.vendor.url.bug" value="http://bugreport.sun.com/bugreport/" />
    <property name="env.SSH_CLIENT" value="10.10.16.60 55378 22" />
    <property name="npmjs-org-is-up" value="true" />
    <property name="env.GEM_HOME" value="/home/travis/.rvm/gems/ruby-2.4.1" />
    <property name="env.HAS_ANTARES_THREE_LITTLE_FRONZIES_BADGE" value="true" />
    <property name="env.PS4" value="+" />
    <property name="ant.project.invoked-targets" value="build,test.core1.xml" />
    <property name="env.TRAVIS_PULL_REQUEST_BRANCH" value="" />
    <property name="env.TRAVIS_REPO_SLUG" value="icyphy/ptII" />
    <property name="node.in.path" value="true" />
    <property name="java.maxmemory" value="1400m" />
    <property name="env.RUBY_VERSION" value="ruby-2.4.1" />
    <property name="user.name" value="travis" />
    <property name="env.LANG" value="en_US.UTF-8" />
    <property name="sun.io.unicode.encoding" value="UnicodeLittle" />
    <property name="sun.jnu.encoding" value="UTF-8" />
    <property name="java.runtime.name" value="Java(TM) SE Runtime Environment" />
    <property name="usefile" value="false" />
    <property name="return.code" value="0" />
    <property name="junit.single.formatter" value="plain" />
    <property name="env.DYLD_LIBRARY_PATH" value="/home/travis/pthla/certi-tools/lib:" />
    <property name="env.DEBIAN_FRONTEND" value="noninteractive" />
    <property name="env.SSH_CONNECTION" value="10.10.16.60 55378 10.20.0.181 22" />
    <property name="env.MYSQL_UNIX_PORT" value="/var/run/mysqld/mysqld.sock" />
    <property name="env.TRAVIS_ALLOW_FAILURE" value="false" />
    <property name="env.LC_ALL" value="en_US.UTF-8" />
    <property name="env.TRAVIS_JOB_WEB_URL" value="https://travis-ci.org/icyphy/ptII/jobs/456510455" />
    <property name="java.specification.name" value="Java Platform API Specification" />
    <property name="node.works" value="true" />
    <property name="user.timezone" value="" />
    <property name="path.separator" value=":" />
    <property name="env.TRAVIS_ENABLE_INFRA_DETECTION" value="true" />
    <property name="env.PYTHON_CFLAGS" value="-g -fstack-protector --param=ssp-buffer-size=4 -Wformat -Werror=format-security" />
    <property name="timeout.long" value="4000000" />
    <property name="env.CERTI_HOME" value="/home/travis/pthla/certi-tools" />
    <property name="file.encoding" value="UTF-8" />
    <property name="ant.file.ptII" value="/home/travis/build/icyphy/ptII/build.xml" />
    <property name="javadoc.packagenames" value="com.*,diva.*,lbnl.*,org.hlacerti.*,org.json.*,org.ptolemy.*,org.terraswarm.*,ptolemy.*,ptserver.*" />
    <property name="env.TRAVIS_PULL_REQUEST_SLUG" value="" />
    <property name="ant.project.default-target" value="build" />
    <property name="env.GIT_ASKPASS" value="echo" />
    <property name="env.HOME" value="/home/travis" />
    <property name="sun.java.command" value="org.apache.tools.ant.taskdefs.optional.junit.JUnitTestRunner ptolemy.actor.lib.test.junit.JUnitTclTest skipNonTests=false filtertrace=true haltOnError=false haltOnFailure=false formatter=org.apache.tools.ant.taskdefs.optional.junit.OutErrSummaryJUnitResultFormatter showoutput=true outputtoformatters=true logfailedtests=true threadid=0 logtestlistenerevents=false formatter=org.apache.tools.ant.taskdefs.optional.junit.XMLJUnitResultFormatter,/home/travis/build/icyphy/ptII/reports/junit/TEST-ptolemy.actor.lib.test.junit.JUnitTclTest.xml crashfile=/home/travis/build/icyphy/ptII/junitvmwatcher8358741450644357642.properties propsfile=/home/travis/build/icyphy/ptII/junit534686501830982152.properties" />
    <property name="env.MANPATH" value="/home/travis/.nvm/versions/node/v7.10.1/share/man:/home/travis/.kiex/elixirs/elixir-1.4.5/man:/home/travis/.rvm/rubies/ruby-2.4.1/share/man:/usr/local/man:/usr/local/cmake-3.9.2/man:/usr/local/clang-5.0.0/share/man:/usr/local/share/man:/usr/share/man:/home/travis/.rvm/man" />
    <property name="env.COMPOSER_NO_INTERACTION" value="1" />
    <property name="env.JDK_SWITCHER_DEFAULT" value="oraclejdk8" />
    <property name="env.TRAVIS_TIMER_ID" value="2bf72a08" />
    <property name="ant.file" value="/home/travis/build/icyphy/ptII/build.xml" />
    <property name="env.TRAVIS_COMMIT_RANGE" value="1c5d1a3af4925012af4277c1845585069763f502...f8d3f5b756e84c5ab9ae489796dc2f976582fece" />
    <property name="env._system_name" value="Ubuntu" />
    <property name="timeout" value="2400000" />
    <property name="ptII.classpath.optional.property" value="/home/travis/build/icyphy/ptII/lib/bsh-2.0b4.jar:/home/travis/build/icyphy/ptII/lib/ptCal.jar:/home/travis/build/icyphy/ptII/lib/java_cup.jar:/home/travis/build/icyphy/ptII/lib/saxon8.jar:/home/travis/build/icyphy/ptII/lib/saxon8-dom.jar:/home/travis/build/icyphy/ptII/lib/chic.jar:/home/travis/build/icyphy/ptII/lib/ptcolt.jar:/usr/lib/jvm/java-8-oracle/lib/tools.jar:/usr/lib/eclipse/plugins/org.eclipse.jdt.core_3.8.2.dist.jar:/usr/lib/eclipse/plugins/org.eclipse.core.runtime_3.8.0.dist.jar:/usr/lib/eclipse/plugins/org.eclipse.osgi_3.8.1.dist.jar:/usr/lib/eclipse/plugins/org.eclipse.core.resources_3.8.1.dist.jar:/usr/lib/eclipse/plugins/org.eclipse.equinox.common_3.6.100.dist.jar:/usr/lib/eclipse/plugins/org.eclipse.core.jobs_3.5.200.dist.jar:/usr/lib/eclipse/plugins/org.eclipse.core.contenttype_3.4.200.dist.jar:/usr/lib/eclipse/plugins/org.eclipse.equinox.preferences_3.5.0.dist.jar:/usr/lib/eclipse/plugins/org.eclipse.text_3.5.200.dist.jar:/usr/lib/eclipse/plugins/org.eclipse.ui.workbench_3.8.1.dist.jar:/usr/lib/eclipse/plugins/org.eclipse.jface_3.8.0.dist.jar:/usr/lib/eclipse/plugins/org.eclipse.swt_3.8.2.jar:/usr/lib/eclipse/plugins/org.eclipse.jface.text_3.8.1.dist.jar:/usr/lib/eclipse/plugins/org.eclipse.ui.workbench.texteditor_3.8.0.dist.jar:/usr/lib/eclipse/plugins/org.eclipse.ui.editors_3.8.0.dist.jar:/usr/lib/eclipse/plugins/org.eclipse.core.commands_3.6.1.dist.jar:/usr/lib/eclipse/plugins/org.eclipse.equinox.registry_3.5.200.dist.jar:/usr/lib/eclipse/plugins/org.eclipse.ui.console_3.5.100.dist.jar:/usr/lib/eclipse/plugins/org.eclipse.ui.forms_3.5.200.dist.jar:/usr/lib/eclipse/plugins/org.eclipse.ui.ide_3.8.1.dist.jar:/home/travis/build/icyphy/ptII/vendors/oracle/dbxml.jar:/home/travis/build/icyphy/ptII/vendors/oracle/db.jar:/home/travis/build/icyphy/ptII/vendors/misc/itext/iText.jar:/home/travis/build/icyphy/ptII/lib/g4ltl.jar:/home/travis/build/icyphy/ptII/lib/StructuralCoder.jar:/home/travis/build/icyphy/ptII/lib/org-openide-util.jar:/home/travis/build/icyphy/ptII/lib/org-openide-util-lookup.jar:/home/travis/build/icyphy/ptII/lib/org-netbeans-api-visual.jar:/home/travis/build/icyphy/ptII/vendors/jai-1_1_2_01/lib/jai_core.jar:/home/travis/build/icyphy/ptII/vendors/jai-1_1_2_01/lib/jai_codec.jar:/home/travis/build/icyphy/ptII/lib/jcerti.jar:/home/travis/build/icyphy/ptII/lib/smack.jar:/home/travis/build/icyphy/ptII/lib/smackx.jar:/home/travis/build/icyphy/ptII/lib/jetty-all-8.1.5-v20120716.jar:/home/travis/build/icyphy/ptII/lib/javax.servlet-api-3.0.1.jar:/home/travis/build/icyphy/ptII/lib/javax.mail.jar:/home/travis/build/icyphy/ptII/vendors/JMF-2.1.1e/lib/jmf.jar:/home/travis/build/icyphy/ptII/lib/jna-4.0.0-variadic.jar:/home/travis/build/icyphy/ptII/vendors/misc/joystick/Joystick.jar:/home/travis/build/icyphy/ptII/lib/ptjacl.jar:/home/travis/build/icyphy/ptII/lib/jsoup-1.8.2.jar:/home/travis/build/icyphy/ptII/lib/junit-4.8.2.jar:/home/travis/build/icyphy/ptII/lib/JUnitParams-0.4.0.jar:/home/travis/build/icyphy/ptII/ptolemy/actor/lib/excel/jxl.jar:/home/travis/build/icyphy/ptII/lib/jython.jar:/home/travis/build/icyphy/ptII/lib/kieler.jar:/home/travis/build/icyphy/ptII/vendors/opencv/share/OpenCV/java/opencv-341.jar:/home/travis/build/icyphy/ptII/lib/oscP5.jar:/home/travis/build/icyphy/ptII/lib/nrjavaserial-3.11.0.devel.jar:/home/travis/build/icyphy/ptII/vendors/j3d/lib/j3dcore.jar:/home/travis/build/icyphy/ptII/vendors/j3d/lib/j3dutils.jar:/home/travis/build/icyphy/ptII/vendors/j3d/lib/vecmath.jar:/home/travis/build/icyphy/ptII/ptolemy/distributed/jini/jar/jini-core.jar:/home/travis/build/icyphy/ptII/ptolemy/distributed/jini/jar/jini-ext.jar:/home/travis/build/icyphy/ptII/ptolemy/distributed/jini/jar/sun-util.jar:/home/travis/build/icyphy/ptII/lib/protobuf-java-2.4.1.jar:/home/travis/build/icyphy/ptII/lib/org.eclipse.paho.client.mqttv3.jar:/home/travis/build/icyphy/ptII/ptserver/lib/hessian-4.0.7.jar:/home/travis/build/icyphy/ptII/ptserver/lib/wmqtt.jar:/home/travis/build/icyphy/ptII/lib/mapss.jar:/home/travis/build/icyphy/ptII/ptolemy/actor/ptalon/antlr/antlr.jar:/home/travis/build/icyphy/ptII/lib/JRI.jar:/home/travis/build/icyphy/ptII/lib/commons-lang-2.6.jar:/home/travis/build/icyphy/ptII/lib/commons-logging-1.1.1.jar:/home/travis/build/icyphy/ptII/lib/sootclasses.jar:/home/travis/build/icyphy/ptII/ptolemy/actor/lib/database/mysql-connector-java-5.1.6-bin.jar:/home/travis/build/icyphy/ptII/vendors/misc/sphinx4/sphinx4-data-5prealpha.jar:/home/travis/build/icyphy/ptII/vendors/misc/sphinx4/sphinx4-core-5prealpha.jar:/home/travis/build/icyphy/ptII/lib/PDFRenderer.jar:/home/travis/build/icyphy/ptII/lib/svgSalamander.jar:/home/travis/build/icyphy/ptII/lib/rsyntaxtextarea-2.6.0-SNAPSHOT.jar:/home/travis/build/icyphy/ptII/lib/hazelcast-3.8.2.jar:/home/travis/build/icyphy/ptII/lib/jackson-annotations-2.9.0.jar:/home/travis/build/icyphy/ptII/lib/jackson-core-2.9.3.jar:/home/travis/build/icyphy/ptII/lib/jackson-databind-2.9.3.jar:/home/travis/build/icyphy/ptII/lib/netty-buffer-4.1.19.Final.jar:/home/travis/build/icyphy/ptII/lib/netty-codec-4.1.19.Final.jar:/home/travis/build/icyphy/ptII/lib/netty-codec-dns-4.1.19.Final.jar:/home/travis/build/icyphy/ptII/lib/netty-codec-http-4.1.19.Final.jar:/home/travis/build/icyphy/ptII/lib/netty-codec-http2-4.1.19.Final.jar:/home/travis/build/icyphy/ptII/lib/netty-common-4.1.19.Final.jar:/home/travis/build/icyphy/ptII/lib/netty-handler-4.1.19.Final.jar:/home/travis/build/icyphy/ptII/lib/netty-resolver-4.1.19.Final.jar:/home/travis/build/icyphy/ptII/lib/netty-resolver-dns-4.1.19.Final.jar:/home/travis/build/icyphy/ptII/lib/netty-transport-4.1.19.Final.jar:/home/travis/build/icyphy/ptII/lib/vertx-codegen-3.5.1.jar:/home/travis/build/icyphy/ptII/lib/vertx-core-3.5.2-SNAPSHOT.jar:/home/travis/build/icyphy/ptII/lib/vertx-hazelcast-3.5.1.jar:/home/travis/build/icyphy/ptII/lib/vertx-lang-js-3.5.1.jar:/home/travis/build/icyphy/ptII/lib/vertx-service-proxy-3.5.1.jar:/home/travis/build/icyphy/ptII/lib/vertx-web-3.5.1.jar:/home/travis/build/icyphy/ptII/lib/slf4j-api-1.7.13.jar:/home/travis/build/icyphy/ptII/lib/slf4j-simple-1.7.13.jar:/home/travis/build/icyphy/ptII/lib/webcam-capture-0.3.12.jar:/home/travis/build/icyphy/ptII/lib/bridj-0.7.0.jar:/home/travis/build/icyphy/ptII/lib/xbjlib-1.1.0.nrjavaserial.jar" />
    <property name="test.batch" value="**/junit/*.java" />
    <property name="env._" value="/usr/bin/timeout" />
    <property name="java.io.tmpdir" value="/tmp" />
    <property name="env.TRAVIS_INTERNAL_RUBY_REGEX" value="^ruby-(2\.[0-4]\.[0-9]|1\.9\.3)" />
    <property name="user.language" value="en" />
    <property name="env.HISTCONTROL" value="ignoredups:ignorespace" />
    <property name="env.GOROOT" value="/home/travis/.gimme/versions/go1.7.4.linux.amd64" />
    <property name="line.separator" value="&#xa;" />
    <property name="target" value="1.8" />
    <property name="env.TRAVIS_BUILD_DIR" value="/home/travis/build/icyphy/ptII" />
    <property name="env.ANT_OPTS" value="-Xmx2048m" />
    <property name="ant.file.type" value="file" />
    <property name="ptolemy.ptII.batchMode" value="true" />
    <property name="env.HISTSIZE" value="1000" />
    <property name="env.MERB_ENV" value="test" />
    <property name="java.vm.info" value="mixed mode" />
    <property name="source" value="1.8" />
    <property name="java.vm.specification.name" value="Java Virtual Machine Specification" />
    <property name="env.TRAVIS_TEST_RESULT" value="0" />
    <property name="jsdoc.command" value="node_modules/@terraswarm/jsdoc/jsdoc.js" />
    <property name="npm.works" value="true" />
    <property name="cobertura.dir" value="/home/travis/build/icyphy/ptII/vendors/cobertura-2.0.3" />
    <property name="env.rvm_path" value="/home/travis/.rvm" />
    <property name="env.GEM_PATH" value="/home/travis/.rvm/gems/ruby-2.4.1:/home/travis/.rvm/gems/ruby-2.4.1@global" />
    <property name="env.LC_CTYPE" value="en_US.UTF-8" />
    <property name="java.awt.printerjob" value="sun.print.PSPrinterJob" />
    <property name="env.TRAVIS_CMD" value="$PTII/bin/ptIITravisBuild.sh $SECONDS" />
    <property name="env.TRAVIS_STACK_NAME" value="garnet" />
    <property name="env.TRAVIS_TIMER_START_TIME" value="1542508777041136737" />
    <property name="ant.version" value="Apache Ant(TM) version 1.10.1 compiled on February 2 2017" />
    <property name="ptII.reports" value="/home/travis/build/icyphy/ptII/reports" />
    <property name="env.TRAVIS_STACK_TIMESTAMP" value="2017-12-05 19:33:09 UTC" />
    <property name="ant.file.type.ptII" value="file" />
    <property name="env.RBENV_SHELL" value="bash" />
    <property name="os.name" value="Linux" />
    <property name="java.specification.vendor" value="Oracle Corporation" />
    <property name="env.rvm_version" value="1.29.3 (latest)" />
    <property name="env.TRAVIS_INFRA" value="gce" />
    <property name="env.TERM" value="xterm" />
    <property name="java.vm.name" value="Java HotSpot(TM) 64-Bit Server VM" />
    <property name="env.TRAVIS_BUILD_NUMBER" value="824" />
    <property name="env.CI" value="true" />
    <property name="java.library.path" value="/home/travis/pthla/certi-tools/lib:/usr/lib/jni:/usr/local/share/OpenCV/java/:/usr/share/OpenCV/java::/usr/java/packages/lib/amd64:/usr/lib64:/lib64:/lib:/usr/lib" />
    <property name="env.rvm_prefix" value="/home/travis" />
    <property name="env.PATH" value="/home/travis/pthla/certi-tools/share/scripts:/home/travis/.rvm/gems/ruby-2.4.1/bin:/home/travis/.rvm/gems/ruby-2.4.1@global/bin:/home/travis/.rvm/rubies/ruby-2.4.1/bin:/home/travis/.rvm/bin:/home/travis/.nvm/versions/node/v7.10.1/bin:./node_modules/.bin:/home/travis/build/icyphy/ptII/bin:/home/travis/pthla/certi-tools/bin:/home/travis/bin:/home/travis/.local/bin:/opt/pyenv/shims:/home/travis/.phpenv/shims:/home/travis/perl5/perlbrew/bin:/home/travis/.kiex/elixirs/elixir-1.4.5/bin:/home/travis/.kiex/bin:/home/travis/gopath/bin:/home/travis/.gimme/versions/go1.7.4.linux.amd64/bin:/usr/local/phantomjs/bin:/usr/local/phantomjs:/usr/local/neo4j-3.2.7/bin:/usr/local/maven-3.5.2/bin:/usr/local/cmake-3.9.2/bin:/usr/local/clang-5.0.0/bin:/usr/local/sbin:/usr/local/bin:/usr/sbin:/usr/bin:/sbin:/bin:/home/travis/.phpenv/bin:/opt/pyenv/bin:/home/travis/.yarn/bin" />
    <property name="env.TRAVIS_OS_NAME" value="linux" />
    <property name="ant.java.version" value="1.8" />
    <property name="basedir" value="/home/travis/build/icyphy/ptII" />
    <property name="java.class.version" value="52.0" />
    <property name="env.SHLVL" value="3" />
    <property name="env.LD_LIBRARY_PATH" value="/home/travis/pthla/certi-tools/lib:/usr/lib/jni:/usr/local/share/OpenCV/java/:/usr/share/OpenCV/java:" />
    <property name="env.RACK_ENV" value="test" />
    <property name="ant.home" value="/home/travis/build/icyphy/ptII/ant" />
    <property name="env.PERLBREW_BASHRC_VERSION" value="0.80" />
    <property name="env.NVM_DIR" value="/home/travis/.nvm" />
    <property name="env.CERTI_FOM_PATH" value="/home/travis/pthla/certi-tools/share/federations" />
    <property name="env.TRAVIS_BUILD_ID" value="456510447" />
    <property name="env.PYENV_ROOT" value="/opt/pyenv" />
    <property name="env.TRAVIS_UID" value="2000" />
    <property name="env.rvm_pretty_print_flag" value="auto" />
    <property name="env.NVM_BIN" value="/home/travis/.nvm/versions/node/v7.10.1/bin" />
    <property name="env.TRAVIS_COMMIT" value="f8d3f5b756e84c5ab9ae489796dc2f976582fece" />
    <property name="env._system_arch" value="x86_64" />
    <property name="node.executable" value="node" />
    <property name="sun.boot.library.path" value="/usr/lib/jvm/java-8-oracle/jre/lib/amd64" />
    <property name="sun.management.compiler" value="HotSpot 64-Bit Tiered Compilers" />
    <property name="java.awt.graphicsenv" value="sun.awt.X11GraphicsEnvironment" />
    <property name="env.GOPATH" value="/home/travis/gopath" />
    <property name="ptolemy.ptII.dir" value="/home/travis/build/icyphy/ptII" />
    <property name="env.USER" value="travis" />
    <property name="env.HISTFILESIZE" value="2000" />
    <property name="timeout.longest" value="19000000" />
    <property name="env.TRAVIS_STACK_FEATURES" value="basic cassandra chromium couchdb disabled-ipv6 docker docker-compose elasticsearch firefox go-toolchain google-chrome jdk memcached mongodb mysql neo4j nodejs_interpreter perl_interpreter perlbrew phantomjs postgresql python_interpreter rabbitmq redis riak ruby_interpreter sqlite xserver" />
    <property name="env.TRAVIS_PULL_REQUEST" value="false" />
    <property name="env.PYENV_SHELL" value="bash" />
    <property name="ant.project.name" value="ptII" />
    <property name="java.vm.specification.version" value="1.8" />
    <property name="env.ANSI_RESET" value="\033[0m" />
    <property name="env.TRAVIS_DIST" value="trusty" />
    <property name="env.CERTI_VERSION" value="4.0.0" />
    <property name="env.NLSPATH" value="/usr/dt/lib/nls/msg/%L/%N.cat" />
    <property name="awt.toolkit" value="sun.awt.X11.XToolkit" />
    <property name="env.CERTI_HOST" value="localhost" />
    <property name="env.MY_RUBY_HOME" value="/home/travis/.rvm/rubies/ruby-2.4.1" />
    <property name="sun.cpu.isalist" value="" />
    <property name="env.TRAVIS_TMPDIR" value="/tmp/tmp.XaT03BMicy" />
    <property name="java.ext.dirs" value="/usr/lib/jvm/java-8-oracle/jre/lib/ext:/usr/java/packages/lib/ext" />
    <property name="os.version" value="4.4.0-101-generic" />
    <property name="user.home" value="/home/travis" />
    <property name="env.MIX_ARCHIVES" value="/home/travis/.kiex/mix/elixir-1.4.5" />
    <property name="java.vm.vendor" value="Oracle Corporation" />
    <property name="env.TRAVIS_TAG" value="nightly" />
    <property name="env.ANSI_YELLOW" value="\033[33;1m" />
    <property name="env.TRAVIS_FILTERED" value="redirect_io" />
    <property name="env.ANSI_GREEN" value="\033[32;1m" />
    <property name="env.JAVA_HOME" value="/usr/lib/jvm/java-8-oracle" />
    <property name="javadoc.excludepackagenames" value="adm.cvs2svn.*,build.*,config.*,doc.coding.templates.*,jni.test.jni.meaningOfLife.*,jni.test.jni.testDeux.*,jni.test.jni.testTrois.*,org.terraswarm.accessor.accessors.web.node_modules.*,org.terraswarm.accessor.accessors.web.hosts.cordova.demo.*,org.terraswarm.accessor.accessors.web.hosts.cordova.plugins.*,org.terraswarm.accessor.accessors-svn.*,pt-modules.*,ptolemy.apps.agilent.*,ptolemy.apps.anytimecontrol.*,ptolemy.apps.apes.*,ptolemy.apps.charon.*,ptolemy.apps.crazyboard.*,ptolemy.apps.eclipse.*,ptolemy.apps.etherealSting.*,ptolemy.apps.fullscreen.*,ptolemy.apps.giotto.*,ptolemy.apps.ia.*,ptolemy.apps.interfaces.*,ptolemy.apps.jmf.*,ptolemy.apps.kurt.*,ptolemy.apps.kvm.*,ptolemy.apps.lego.*,ptolemy.apps.lejos.*,ptolemy.apps.midp.*,ptolemy.apps.mobileCoding.*,ptolemy.apps.pendulum.*,ptolemy.apps.rijndael.*,ptolemy.apps.robot.*,ptolemy.apps.security.*,ptolemy.apps.sobel.*,ptolemy.apps.soot.*,ptolemy.apps.throttle.*,ptolemy.apps.tini.*,ptolemy.apps.transmission.*,ptolemy.apps.vergil.*,ptolemy.apps.waba.*,ptolemy.apps.websensor.*,ptolemy.apps.webstart.*,ptolemy.apps.xsl.*,ptolemy.apps.zaurus.*,ptolemy.backtrack.eclipse.plugin.*,ptolemy.backtrack.test.*,ptolemy.codegen.c.actor.lib.oldJavaFiles.*,ptolemy.codegen.dsp.lib.*,ptolemy.codegen.kernel.newInterfaces.*,ptolemy.codegen.lib.*,ptolemy.copernicus.kernel.fragment.*,ptolemy.copernicus.shallow.cg.*,ptolemy.domains.giotto.demo.Hierarchy.Hierarchy.*,ptolemy.domains.giotto.demo.Multimode.Multimode.*,ptolemy.domains.giotto.demo.Simple.Simple.*,ptolemy.domains.gr.lib.experimental.*,ptolemy.domains.gro.*,ptolemy.domains.pdf.*,ptolemy.domains.ptinyos.demo.Surge.output.*,ptolemy.moml.test.NoPackageActor.java*,ptolemy.plot.adm.*,ptolemy.plot.servlet.*,reports.*,signed.*,src.*,target.*,vendors.*,ptolemy.cg.adapter.generic.program.procedural.c.mbed*,ptolemy.actor.lib.fmi.fmus.omc*,ptolemy.domains.openmodelica*,ptdb.kernel.bl.save.test.*,ptdb.kernel.bl.load.test.*,ptdb.kernel.bl.search.test.*,ptdb.kernel.bl.migration.test.*,ptdb.kernel.database.test.*,ptdb.test.*,ptdb.gui.test.*,org.ptolemy.scala.*,diva.util.java2d.svg.*,ptolemy.domains.ptinyos.*,ptolemy.actor.lib.fmi.fmipp.*,,org.terraswarm.accessor.accessors.web.node_modules.*,org.terraswarm.accessor.accessors-svn,ptolemy.apps.*,ptolemy.actor.ptalon.demo.ptinyos.SendAndReceiveCnt.output,ptolemy.actor.ptalon.demo.ptinyos.SenseToLeds.output,ptolemy.domains.ptinyos.demo.CntToLedsAndRfm.output,ptolemy.domains.ptinyos.demo.RfmToLeds.output,ptolemy.domains.ptinyos.demo.SendAndReceiveCnt.output,ptolemy.domains.ptinyos.demo.SenseToLeds.output,ptolemy.actor.lib.jjs.modules.udpSocket.*" />
    <property name="env.PTII" value="/home/travis/build/icyphy/ptII" />
    <property name="keystore" value="ptKeystore" />
    <property name="env.XDG_SESSION_ID" value="2" />
    <property name="env.TRAVIS_COMMIT_MESSAGE" value="Adding comments in CertiRtig.java and some debug." />
    <property name="junit.output.dir" value="/home/travis/build/icyphy/ptII/reports/junit" />
    <property name="npm.return.code" value="0" />
    <property name="user.dir" value="/home/travis/build/icyphy/ptII/ptolemy/actor/lib/test" />
    <property name="env.XFILESEARCHPATH" value="/usr/dt/app-defaults/%L/Dt" />
    <property name="env.TRAVIS_NODE_VERSION" value="7" />
    <property name="env.MAIL" value="/var/mail/travis" />
    <property name="env.TRAVIS_EVENT_TYPE" value="cron" />
    <property name="env.PERLBREW_ROOT" value="/home/travis/perl5/perlbrew" />
    <property name="env.PWD" value="/home/travis/build/icyphy/ptII" />
    <property name="timeout.npm" value="45000" />
    <property name="env.TRAVIS_ARCH" value="amd64" />
    <property name="sun.cpu.endian" value="little" />
    <property name="env.PAGER" value="cat" />
    <property name="env.TRAVIS_BUILD_STAGE_NAME" value="Test" />
    <property name="env.PERLBREW_HOME" value="/home/travis/.perlbrew" />
    <property name="java.vm.version" value="25.151-b12" />
    <property name="env.RAILS_ENV" value="test" />
    <property name="java.class.path" value="/home/travis/.ptolemyII:/home/travis/.ptolemyII/*:/home/travis/build/icyphy/ptII:/home/travis/build/icyphy/ptII/lib/bsh-2.0b4.jar:/home/travis/build/icyphy/ptII/lib/ptCal.jar:/home/travis/build/icyphy/ptII/lib/java_cup.jar:/home/travis/build/icyphy/ptII/lib/saxon8.jar:/home/travis/build/icyphy/ptII/lib/saxon8-dom.jar:/home/travis/build/icyphy/ptII/lib/chic.jar:/home/travis/build/icyphy/ptII/lib/ptcolt.jar:/usr/lib/jvm/java-8-oracle/lib/tools.jar:/usr/lib/eclipse/plugins/org.eclipse.jdt.core_3.8.2.dist.jar:/usr/lib/eclipse/plugins/org.eclipse.core.runtime_3.8.0.dist.jar:/usr/lib/eclipse/plugins/org.eclipse.osgi_3.8.1.dist.jar:/usr/lib/eclipse/plugins/org.eclipse.core.resources_3.8.1.dist.jar:/usr/lib/eclipse/plugins/org.eclipse.equinox.common_3.6.100.dist.jar:/usr/lib/eclipse/plugins/org.eclipse.core.jobs_3.5.200.dist.jar:/usr/lib/eclipse/plugins/org.eclipse.core.contenttype_3.4.200.dist.jar:/usr/lib/eclipse/plugins/org.eclipse.equinox.preferences_3.5.0.dist.jar:/usr/lib/eclipse/plugins/org.eclipse.text_3.5.200.dist.jar:/usr/lib/eclipse/plugins/org.eclipse.ui.workbench_3.8.1.dist.jar:/usr/lib/eclipse/plugins/org.eclipse.jface_3.8.0.dist.jar:/usr/lib/eclipse/plugins/org.eclipse.swt_3.8.2.jar:/usr/lib/eclipse/plugins/org.eclipse.jface.text_3.8.1.dist.jar:/usr/lib/eclipse/plugins/org.eclipse.ui.workbench.texteditor_3.8.0.dist.jar:/usr/lib/eclipse/plugins/org.eclipse.ui.editors_3.8.0.dist.jar:/usr/lib/eclipse/plugins/org.eclipse.core.commands_3.6.1.dist.jar:/usr/lib/eclipse/plugins/org.eclipse.equinox.registry_3.5.200.dist.jar:/usr/lib/eclipse/plugins/org.eclipse.ui.console_3.5.100.dist.jar:/usr/lib/eclipse/plugins/org.eclipse.ui.forms_3.5.200.dist.jar:/usr/lib/eclipse/plugins/org.eclipse.ui.ide_3.8.1.dist.jar:/home/travis/build/icyphy/ptII/vendors/oracle/dbxml.jar:/home/travis/build/icyphy/ptII/vendors/oracle/db.jar:/home/travis/build/icyphy/ptII/vendors/misc/itext/iText.jar:/home/travis/build/icyphy/ptII/lib/g4ltl.jar:/home/travis/build/icyphy/ptII/lib/StructuralCoder.jar:/home/travis/build/icyphy/ptII/lib/org-openide-util.jar:/home/travis/build/icyphy/ptII/lib/org-openide-util-lookup.jar:/home/travis/build/icyphy/ptII/lib/org-netbeans-api-visual.jar:/home/travis/build/icyphy/ptII/vendors/jai-1_1_2_01/lib/jai_core.jar:/home/travis/build/icyphy/ptII/vendors/jai-1_1_2_01/lib/jai_codec.jar:/home/travis/build/icyphy/ptII/lib/jcerti.jar:/home/travis/build/icyphy/ptII/lib/smack.jar:/home/travis/build/icyphy/ptII/lib/smackx.jar:/home/travis/build/icyphy/ptII/lib/jetty-all-8.1.5-v20120716.jar:/home/travis/build/icyphy/ptII/lib/javax.servlet-api-3.0.1.jar:/home/travis/build/icyphy/ptII/lib/javax.mail.jar:/home/travis/build/icyphy/ptII/vendors/JMF-2.1.1e/lib/jmf.jar:/home/travis/build/icyphy/ptII/lib/jna-4.0.0-variadic.jar:/home/travis/build/icyphy/ptII/vendors/misc/joystick/Joystick.jar:/home/travis/build/icyphy/ptII/lib/ptjacl.jar:/home/travis/build/icyphy/ptII/lib/jsoup-1.8.2.jar:/home/travis/build/icyphy/ptII/lib/junit-4.8.2.jar:/home/travis/build/icyphy/ptII/lib/JUnitParams-0.4.0.jar:/home/travis/build/icyphy/ptII/ptolemy/actor/lib/excel/jxl.jar:/home/travis/build/icyphy/ptII/lib/jython.jar:/home/travis/build/icyphy/ptII/lib/kieler.jar:/home/travis/build/icyphy/ptII/vendors/opencv/share/OpenCV/java/opencv-341.jar:/home/travis/build/icyphy/ptII/lib/oscP5.jar:/home/travis/build/icyphy/ptII/lib/nrjavaserial-3.11.0.devel.jar:/home/travis/build/icyphy/ptII/vendors/j3d/lib/j3dcore.jar:/home/travis/build/icyphy/ptII/vendors/j3d/lib/j3dutils.jar:/home/travis/build/icyphy/ptII/vendors/j3d/lib/vecmath.jar:/home/travis/build/icyphy/ptII/ptolemy/distributed/jini/jar/jini-core.jar:/home/travis/build/icyphy/ptII/ptolemy/distributed/jini/jar/jini-ext.jar:/home/travis/build/icyphy/ptII/ptolemy/distributed/jini/jar/sun-util.jar:/home/travis/build/icyphy/ptII/lib/protobuf-java-2.4.1.jar:/home/travis/build/icyphy/ptII/lib/org.eclipse.paho.client.mqttv3.jar:/home/travis/build/icyphy/ptII/ptserver/lib/hessian-4.0.7.jar:/home/travis/build/icyphy/ptII/ptserver/lib/wmqtt.jar:/home/travis/build/icyphy/ptII/lib/mapss.jar:/home/travis/build/icyphy/ptII/ptolemy/actor/ptalon/antlr/antlr.jar:/home/travis/build/icyphy/ptII/lib/JRI.jar:/home/travis/build/icyphy/ptII/lib/commons-lang-2.6.jar:/home/travis/build/icyphy/ptII/lib/commons-logging-1.1.1.jar:/home/travis/build/icyphy/ptII/lib/sootclasses.jar:/home/travis/build/icyphy/ptII/ptolemy/actor/lib/database/mysql-connector-java-5.1.6-bin.jar:/home/travis/build/icyphy/ptII/vendors/misc/sphinx4/sphinx4-data-5prealpha.jar:/home/travis/build/icyphy/ptII/vendors/misc/sphinx4/sphinx4-core-5prealpha.jar:/home/travis/build/icyphy/ptII/lib/PDFRenderer.jar:/home/travis/build/icyphy/ptII/lib/svgSalamander.jar:/home/travis/build/icyphy/ptII/lib/rsyntaxtextarea-2.6.0-SNAPSHOT.jar:/home/travis/build/icyphy/ptII/lib/hazelcast-3.8.2.jar:/home/travis/build/icyphy/ptII/lib/jackson-annotations-2.9.0.jar:/home/travis/build/icyphy/ptII/lib/jackson-core-2.9.3.jar:/home/travis/build/icyphy/ptII/lib/jackson-databind-2.9.3.jar:/home/travis/build/icyphy/ptII/lib/netty-buffer-4.1.19.Final.jar:/home/travis/build/icyphy/ptII/lib/netty-codec-4.1.19.Final.jar:/home/travis/build/icyphy/ptII/lib/netty-codec-dns-4.1.19.Final.jar:/home/travis/build/icyphy/ptII/lib/netty-codec-http-4.1.19.Final.jar:/home/travis/build/icyphy/ptII/lib/netty-codec-http2-4.1.19.Final.jar:/home/travis/build/icyphy/ptII/lib/netty-common-4.1.19.Final.jar:/home/travis/build/icyphy/ptII/lib/netty-handler-4.1.19.Final.jar:/home/travis/build/icyphy/ptII/lib/netty-resolver-4.1.19.Final.jar:/home/travis/build/icyphy/ptII/lib/netty-resolver-dns-4.1.19.Final.jar:/home/travis/build/icyphy/ptII/lib/netty-transport-4.1.19.Final.jar:/home/travis/build/icyphy/ptII/lib/vertx-codegen-3.5.1.jar:/home/travis/build/icyphy/ptII/lib/vertx-core-3.5.2-SNAPSHOT.jar:/home/travis/build/icyphy/ptII/lib/vertx-hazelcast-3.5.1.jar:/home/travis/build/icyphy/ptII/lib/vertx-lang-js-3.5.1.jar:/home/travis/build/icyphy/ptII/lib/vertx-service-proxy-3.5.1.jar:/home/travis/build/icyphy/ptII/lib/vertx-web-3.5.1.jar:/home/travis/build/icyphy/ptII/lib/slf4j-api-1.7.13.jar:/home/travis/build/icyphy/ptII/lib/slf4j-simple-1.7.13.jar:/home/travis/build/icyphy/ptII/lib/webcam-capture-0.3.12.jar:/home/travis/build/icyphy/ptII/lib/bridj-0.7.0.jar:/home/travis/build/icyphy/ptII/lib/xbjlib-1.1.0.nrjavaserial.jar:/home/travis/build/icyphy/ptII/ptolemy/moml/test:/home/travis/build/icyphy/ptII/ant/lib/ant-launcher.jar:/home/travis/build/icyphy/ptII/ant/lib/ant.jar:/home/travis/build/icyphy/ptII/ant/lib/ant-junit.jar:/home/travis/build/icyphy/ptII/ant/lib/ant-junit4.jar" />
    <property name="ant.library.dir" value="/home/travis/build/icyphy/ptII/ant/lib" />
    <property name="os.arch" value="amd64" />
    <property name="env.TRAVIS_LANGUAGE" value="node_js" />
    <property name="env.CONTINUOUS_INTEGRATION" value="true" />
    <property name="env.TRAVIS_STACK_LANGUAGES" value="__garnet__ c c++ clojure cplusplus cpp default go groovy java node_js php pure_java python ruby scala" />
    <property name="test.name" value="ptolemy.actor.lib.test.junit.JUnitTclTest" />
    <property name="sun.java.launcher" value="SUN_STANDARD" />
    <property name="env.PYTHON_CONFIGURE_OPTS" value="--enable-unicode=ucs4 --with-wide-unicode --enable-shared --enable-ipv6 --enable-loadable-sqlite-extensions --with-computed-gotos" />
    <property name="ant.core.lib" value="/home/travis/build/icyphy/ptII/ant/lib/ant.jar" />
    <property name="java.vm.specification.vendor" value="Oracle Corporation" />
    <property name="env.BCVTB_HOME" value="/home/travis/build/icyphy/ptII/lbnl" />
    <property name="file.separator" value="/" />
    <property name="spotbugs.home" value="/home/travis/build/icyphy/ptII/vendors/spotbugs-3.1.1" />
    <property name="java.runtime.version" value="1.8.0_151-b12" />
    <property name="sun.boot.class.path" value="/usr/lib/jvm/java-8-oracle/jre/lib/resources.jar:/usr/lib/jvm/java-8-oracle/jre/lib/rt.jar:/usr/lib/jvm/java-8-oracle/jre/lib/sunrsasign.jar:/usr/lib/jvm/java-8-oracle/jre/lib/jsse.jar:/usr/lib/jvm/java-8-oracle/jre/lib/jce.jar:/usr/lib/jvm/java-8-oracle/jre/lib/charsets.jar:/usr/lib/jvm/java-8-oracle/jre/lib/jfr.jar:/usr/lib/jvm/java-8-oracle/jre/classes" />
    <property name="env.ANSI_CLEAR" value="\033[0K" />
    <property name="env.HAS_JOSH_K_SEAL_OF_APPROVAL" value="true" />
    <property name="env.XDG_RUNTIME_DIR" value="/run/user/2000" />
    <property name="env.TRAVIS_OSX_IMAGE" value="" />
    <property name="env.TRAVIS_JOB_ID" value="456510455" />
    <property name="env.TRAVIS_BRANCH" value="master" />
    <property name="user.country" value="US" />
    <property name="env.CERTI_HOME_TRAVIS" value="/home/travis/pthla/certi-tools" />
    <property name="env.SHELL" value="/bin/bash" />
    <property name="java.maxmemory.large" value="5000m" />
    <property name="model" value="" />
    <property name="env.CASHER_DIR" value="/home/travis/.casher" />
    <property name="env.NVM_CD_FLAGS" value="" />
    <property name="jshint.executable" value="/home/travis/node_modules/jshint/bin/jshint" />
    <property name="java.vendor" value="Oracle Corporation" />
    <property name="env.JRUBY_OPTS" value=" --client -J-XX:+TieredCompilation -J-XX:TieredStopAtLevel=1 -J-Xss2m -Xcompile.invokedynamic=false" />
    <property name="env.TRAVIS_PRE_CHEF_BOOTSTRAP_TIME" value="2017-12-05T19:32:55" />
    <property name="env.TRAVIS_STACK_JOB_BOARD_REGISTER" value="/.job-board-register.yml" />
    <property name="env.ELIXIR_VERSION" value="1.4.5" />
    <property name="env.ANSI_RED" value="\033[31;1m" />
    <property name="java.specification.version" value="1.8" />
    <property name="env.TRAVIS" value="true" />
    <property name="env.IRBRC" value="/home/travis/.rvm/rubies/ruby-2.4.1/.irbrc" />
    <property name="sun.arch.data.model" value="64" />
  </properties>
  <testcase classname="ptolemy.util.test.junit.TclTests" name="[0] /home/travis/build/icyphy/ptII/ptolemy/actor/lib/test/AbsoluteValue.tcl (RunTclFile)" time="0.45" />
  <testcase classname="ptolemy.util.test.junit.TclTests" name="[1] /home/travis/build/icyphy/ptII/ptolemy/actor/lib/test/AddSubtract.tcl (RunTclFile)" time="0.103" />
  <testcase classname="ptolemy.util.test.junit.TclTests" name="[2] /home/travis/build/icyphy/ptII/ptolemy/actor/lib/test/Average.tcl (RunTclFile)" time="0.054" />
  <testcase classname="ptolemy.util.test.junit.TclTests" name="[3] /home/travis/build/icyphy/ptII/ptolemy/actor/lib/test/Bernoulli.tcl (RunTclFile)" time="0.033" />
  <testcase classname="ptolemy.util.test.junit.TclTests" name="[4] /home/travis/build/icyphy/ptII/ptolemy/actor/lib/test/Clock.tcl (RunTclFile)" time="0.106" />
  <testcase classname="ptolemy.util.test.junit.TclTests" name="[5] /home/travis/build/icyphy/ptII/ptolemy/actor/lib/test/Commutator.tcl (RunTclFile)" time="0.097" />
  <testcase classname="ptolemy.util.test.junit.TclTests" name="[6] /home/travis/build/icyphy/ptII/ptolemy/actor/lib/test/Const.tcl (RunTclFile)" time="0.123" />
  <testcase classname="ptolemy.util.test.junit.TclTests" name="[7] /home/travis/build/icyphy/ptII/ptolemy/actor/lib/test/CurrentTime.tcl (RunTclFile)" time="0.035" />
  <testcase classname="ptolemy.util.test.junit.TclTests" name="[8] /home/travis/build/icyphy/ptII/ptolemy/actor/lib/test/DB.tcl (RunTclFile)" time="0.028" />
  <testcase classname="ptolemy.util.test.junit.TclTests" name="[9] /home/travis/build/icyphy/ptII/ptolemy/actor/lib/test/DiscreteRandomSource.tcl (RunTclFile)" time="0.05" />
  <testcase classname="ptolemy.util.test.junit.TclTests" name="[10] /home/travis/build/icyphy/ptII/ptolemy/actor/lib/test/Distributor.tcl (RunTclFile)" time="0.057" />
  <testcase classname="ptolemy.util.test.junit.TclTests" name="[11] /home/travis/build/icyphy/ptII/ptolemy/actor/lib/test/Exit.tcl (RunTclFile)" time="0.058" />
  <testcase classname="ptolemy.util.test.junit.TclTests" name="[12] /home/travis/build/icyphy/ptII/ptolemy/actor/lib/test/Expression.tcl (RunTclFile)" time="0.086" />
  <testcase classname="ptolemy.util.test.junit.TclTests" name="[13] /home/travis/build/icyphy/ptII/ptolemy/actor/lib/test/Gaussian.tcl (RunTclFile)" time="0.726" />
  <testcase classname="ptolemy.util.test.junit.TclTests" name="[14] /home/travis/build/icyphy/ptII/ptolemy/actor/lib/test/IIR.tcl (RunTclFile)" time="0.022" />
  <testcase classname="ptolemy.util.test.junit.TclTests" name="[15] /home/travis/build/icyphy/ptII/ptolemy/actor/lib/test/Interpolator.tcl (RunTclFile)" time="0.05" />
  <testcase classname="ptolemy.util.test.junit.TclTests" name="[16] /home/travis/build/icyphy/ptII/ptolemy/actor/lib/test/MathFunction.tcl (RunTclFile)" time="0.041" />
  <testcase classname="ptolemy.util.test.junit.TclTests" name="[17] /home/travis/build/icyphy/ptII/ptolemy/actor/lib/test/Maximum.tcl (RunTclFile)" time="0.042" />
  <testcase classname="ptolemy.util.test.junit.TclTests" name="[18] /home/travis/build/icyphy/ptII/ptolemy/actor/lib/test/Minimum.tcl (RunTclFile)" time="0.038" />
  <testcase classname="ptolemy.util.test.junit.TclTests" name="[19] /home/travis/build/icyphy/ptII/ptolemy/actor/lib/test/MultiplyDivide.tcl (RunTclFile)" time="0.039" />
  <testcase classname="ptolemy.util.test.junit.TclTests" name="[20] /home/travis/build/icyphy/ptII/ptolemy/actor/lib/test/OrderedMerge.tcl (RunTclFile)" time="0.069" />
  <testcase classname="ptolemy.util.test.junit.TclTests" name="[21] /home/travis/build/icyphy/ptII/ptolemy/actor/lib/test/Publisher.tcl (RunTclFile)" time="0.72" />
  <testcase classname="ptolemy.util.test.junit.TclTests" name="[22] /home/travis/build/icyphy/ptII/ptolemy/actor/lib/test/Pulse.tcl (RunTclFile)" time="0.069" />
  <testcase classname="ptolemy.util.test.junit.TclTests" name="[23] /home/travis/build/icyphy/ptII/ptolemy/actor/lib/test/Ramp.tcl (RunTclFile)" time="1.899" />
  <testcase classname="ptolemy.util.test.junit.TclTests" name="[24] /home/travis/build/icyphy/ptII/ptolemy/actor/lib/test/RampContinuous.tcl (RunTclFile)" time="0.017" />
  <testcase classname="ptolemy.util.test.junit.TclTests" name="[25] /home/travis/build/icyphy/ptII/ptolemy/actor/lib/test/RecordAssembler.tcl (RunTclFile)" time="0.014" />
  <testcase classname="ptolemy.util.test.junit.TclTests" name="[26] /home/travis/build/icyphy/ptII/ptolemy/actor/lib/test/RecordDisassembler.tcl (RunTclFile)" time="0.017" />
  <testcase classname="ptolemy.util.test.junit.TclTests" name="[27] /home/travis/build/icyphy/ptII/ptolemy/actor/lib/test/Scale.tcl (RunTclFile)" time="0.017" />
  <testcase classname="ptolemy.util.test.junit.TclTests" name="[28] /home/travis/build/icyphy/ptII/ptolemy/actor/lib/test/SequentialClock.tcl (RunTclFile)" time="0.012" />
  <testcase classname="ptolemy.util.test.junit.TclTests" name="[29] /home/travis/build/icyphy/ptII/ptolemy/actor/lib/test/SetVariable.tcl (RunTclFile)" time="0.013" />
  <testcase classname="ptolemy.util.test.junit.TclTests" name="[30] /home/travis/build/icyphy/ptII/ptolemy/actor/lib/test/Sinewave.tcl (RunTclFile)" time="0.024" />
  <testcase classname="ptolemy.util.test.junit.TclTests" name="[31] /home/travis/build/icyphy/ptII/ptolemy/actor/lib/test/SubscriptionAggregator.tcl (RunTclFile)" time="1.84" />
  <testcase classname="ptolemy.util.test.junit.TclTests" name="[32] /home/travis/build/icyphy/ptII/ptolemy/actor/lib/test/Test.tcl (RunTclFile)" time="0.087" />
  <testcase classname="ptolemy.util.test.junit.TclTests" name="[33] /home/travis/build/icyphy/ptII/ptolemy/actor/lib/test/TestExceptionHandler.tcl (RunTclFile)" time="0.01" />
  <testcase classname="ptolemy.util.test.junit.TclTests" name="[34] /home/travis/build/icyphy/ptII/ptolemy/actor/lib/test/UnionDisassembler.tcl (RunTclFile)" time="0.054" />
  <testcase classname="ptolemy.util.test.junit.TclTests" name="[35] /home/travis/build/icyphy/ptII/ptolemy/actor/lib/test/VariableClock.tcl (RunTclFile)" time="0.028" />
  <testcase classname="ptolemy.util.test.junit.AutoKnownFailedTests" name="[0] /home/travis/build/icyphy/ptII/ptolemy/actor/lib/test/auto/knownFailedTests/PublisherPortToplevelSubscriber.xml (RunModel)" time="0.071" />
  <testcase classname="ptolemy.util.test.junit.AutoKnownFailedTests" name="[1] /home/travis/build/icyphy/ptII/ptolemy/actor/lib/test/auto/knownFailedTests/PublisherSubscriberPortToplevel.xml (RunModel)" time="0.009" />
  <testcase classname="ptolemy.util.test.junit.AutoKnownFailedTests" name="[2] /home/travis/build/icyphy/ptII/ptolemy/actor/lib/test/auto/knownFailedTests/PublisherSubscriptionAggregatorPort.xml (RunModel)" time="0.02" />
  <testcase classname="ptolemy.util.test.junit.AutoKnownFailedTests" name="[3] /home/travis/build/icyphy/ptII/ptolemy/actor/lib/test/auto/knownFailedTests/sizedarray3.xml (RunModel)" time="0.016" />
  <testcase classname="ptolemy.util.test.junit.AutoNameArchTests" name="[0] ThereAreNoAutoArchTests (RunModel)" time="0.005" />
  <testcase classname="ptolemy.util.test.junit.AutoTests" name="[0] /home/travis/build/icyphy/ptII/ptolemy/actor/lib/test/auto/AbsoluteValue.xml (RunModel)" time="0.1" />
  <testcase classname="ptolemy.util.test.junit.AutoTests" name="[1] /home/travis/build/icyphy/ptII/ptolemy/actor/lib/test/auto/AbsoluteValue2.xml (RunModel)" time="0.06" />
  <testcase classname="ptolemy.util.test.junit.AutoTests" name="[2] /home/travis/build/icyphy/ptII/ptolemy/actor/lib/test/auto/Accumulator.xml (RunModel)" time="0.061" />
  <testcase classname="ptolemy.util.test.junit.AutoTests" name="[3] /home/travis/build/icyphy/ptII/ptolemy/actor/lib/test/auto/Accumulator2.xml (RunModel)" time="0.058" />
  <testcase classname="ptolemy.util.test.junit.AutoTests" name="[4] /home/travis/build/icyphy/ptII/ptolemy/actor/lib/test/auto/Accumulator3.xml (RunModel)" time="0.017" />
  <testcase classname="ptolemy.util.test.junit.AutoTests" name="[5] /home/travis/build/icyphy/ptII/ptolemy/actor/lib/test/auto/ArrayAppend.xml (RunModel)" time="0.032" />
  <testcase classname="ptolemy.util.test.junit.AutoTests" name="[6] /home/travis/build/icyphy/ptII/ptolemy/actor/lib/test/auto/ArrayAppend2.xml (RunModel)" time="0.515" />
  <testcase classname="ptolemy.util.test.junit.AutoTests" name="[7] /home/travis/build/icyphy/ptII/ptolemy/actor/lib/test/auto/ArrayAppend3.xml (RunModel)" time="0.031" />
  <testcase classname="ptolemy.util.test.junit.AutoTests" name="[8] /home/travis/build/icyphy/ptII/ptolemy/actor/lib/test/auto/ArrayAppend4.xml (RunModel)" time="0.027" />
  <testcase classname="ptolemy.util.test.junit.AutoTests" name="[9] /home/travis/build/icyphy/ptII/ptolemy/actor/lib/test/auto/ArrayAppend5.xml (RunModel)" time="0.025" />
  <testcase classname="ptolemy.util.test.junit.AutoTests" name="[10] /home/travis/build/icyphy/ptII/ptolemy/actor/lib/test/auto/ArrayAppend6.xml (RunModel)" time="0.028" />
  <testcase classname="ptolemy.util.test.junit.AutoTests" name="[11] /home/travis/build/icyphy/ptII/ptolemy/actor/lib/test/auto/ArrayAppendPerformanceTest.xml (RunModel)" time="0.046" />
  <testcase classname="ptolemy.util.test.junit.AutoTests" name="[12] /home/travis/build/icyphy/ptII/ptolemy/actor/lib/test/auto/ArrayAppendWithEmptyInput.xml (RunModel)" time="0.062" />
  <testcase classname="ptolemy.util.test.junit.AutoTests" name="[13] /home/travis/build/icyphy/ptII/ptolemy/actor/lib/test/auto/ArrayAverage.xml (RunModel)" time="0.043" />
  <testcase classname="ptolemy.util.test.junit.AutoTests" name="[14] /home/travis/build/icyphy/ptII/ptolemy/actor/lib/test/auto/ArrayContains.xml (RunModel)" time="0.028" />
  <testcase classname="ptolemy.util.test.junit.AutoTests" name="[15] /home/travis/build/icyphy/ptII/ptolemy/actor/lib/test/auto/ArrayElement.xml (RunModel)" time="0.034" />
  <testcase classname="ptolemy.util.test.junit.AutoTests" name="[16] /home/travis/build/icyphy/ptII/ptolemy/actor/lib/test/auto/ArrayElementAsMatrix.xml (RunModel)" time="0.045" />
  <testcase classname="ptolemy.util.test.junit.AutoTests" name="[17] /home/travis/build/icyphy/ptII/ptolemy/actor/lib/test/auto/ArrayElementI.xml (RunModel)" time="0.026" />
  <testcase classname="ptolemy.util.test.junit.AutoTests" name="[18] /home/travis/build/icyphy/ptII/ptolemy/actor/lib/test/auto/ArrayExtract.xml (RunModel)" time="0.037" />
  <testcase classname="ptolemy.util.test.junit.AutoTests" name="[19] /home/travis/build/icyphy/ptII/ptolemy/actor/lib/test/auto/ArrayExtract2.xml (RunModel)" time="0.017" />
  <testcase classname="ptolemy.util.test.junit.AutoTests" name="[20] /home/travis/build/icyphy/ptII/ptolemy/actor/lib/test/auto/ArrayLength.xml (RunModel)" time="0.023" />
  <testcase classname="ptolemy.util.test.junit.AutoTests" name="[21] /home/travis/build/icyphy/ptII/ptolemy/actor/lib/test/auto/ArrayLevelCrossing.xml (RunModel)" time="0.089" />
  <testcase classname="ptolemy.util.test.junit.AutoTests" name="[22] /home/travis/build/icyphy/ptII/ptolemy/actor/lib/test/auto/ArrayLevelCrossing2.xml (RunModel)" time="0.03" />
  <testcase classname="ptolemy.util.test.junit.AutoTests" name="[23] /home/travis/build/icyphy/ptII/ptolemy/actor/lib/test/auto/ArrayPeakSearch.xml (RunModel)" time="0.046" />
  <testcase classname="ptolemy.util.test.junit.AutoTests" name="[24] /home/travis/build/icyphy/ptII/ptolemy/actor/lib/test/auto/ArrayPeakSearch2.xml (RunModel)" time="0.036" />
  <testcase classname="ptolemy.util.test.junit.AutoTests" name="[25] /home/travis/build/icyphy/ptII/ptolemy/actor/lib/test/auto/ArrayPeakSearch3.xml (RunModel)" time="0.031" />
  <testcase classname="ptolemy.util.test.junit.AutoTests" name="[26] /home/travis/build/icyphy/ptII/ptolemy/actor/lib/test/auto/ArrayRemoveElement.xml (RunModel)" time="0.035" />
  <testcase classname="ptolemy.util.test.junit.AutoTests" name="[27] /home/travis/build/icyphy/ptII/ptolemy/actor/lib/test/auto/ArraySort.xml (RunModel)" time="0.034" />
  <testcase classname="ptolemy.util.test.junit.AutoTests" name="[28] /home/travis/build/icyphy/ptII/ptolemy/actor/lib/test/auto/ArraySum.xml (RunModel)" time="0.016" />
  <testcase classname="ptolemy.util.test.junit.AutoTests" name="[29] /home/travis/build/icyphy/ptII/ptolemy/actor/lib/test/auto/ArrayToElements.xml (RunModel)" time="0.027" />
  <testcase classname="ptolemy.util.test.junit.AutoTests" name="[30] /home/travis/build/icyphy/ptII/ptolemy/actor/lib/test/auto/ArrayToMatrix.xml (RunModel)" time="0.046" />
  <testcase classname="ptolemy.util.test.junit.AutoTests" name="[31] /home/travis/build/icyphy/ptII/ptolemy/actor/lib/test/auto/ArrayUpdate1.xml (RunModel)" time="0.021" />
  <testcase classname="ptolemy.util.test.junit.AutoTests" name="[32] /home/travis/build/icyphy/ptII/ptolemy/actor/lib/test/auto/ArrayUpdate2.xml (RunModel)" time="0.022" />
  <testcase classname="ptolemy.util.test.junit.AutoTests" name="[33] /home/travis/build/icyphy/ptII/ptolemy/actor/lib/test/auto/ArrayUpdate3.xml (RunModel)" time="0.016" />
  <testcase classname="ptolemy.util.test.junit.AutoTests" name="[34] /home/travis/build/icyphy/ptII/ptolemy/actor/lib/test/auto/Assert1.xml (RunModel)" time="0.019" />
  <testcase classname="ptolemy.util.test.junit.AutoTests" name="[35] /home/travis/build/icyphy/ptII/ptolemy/actor/lib/test/auto/Assert2.xml (RunModel)" time="0.014" />
  <testcase classname="ptolemy.util.test.junit.AutoTests" name="[36] /home/travis/build/icyphy/ptII/ptolemy/actor/lib/test/auto/BooleanMultiplexor.xml (RunModel)" time="0.019" />
  <testcase classname="ptolemy.util.test.junit.AutoTests" name="[37] /home/travis/build/icyphy/ptII/ptolemy/actor/lib/test/auto/BooleanMultiplexor2.xml (RunModel)" time="0.025" />
  <testcase classname="ptolemy.util.test.junit.AutoTests" name="[38] /home/travis/build/icyphy/ptII/ptolemy/actor/lib/test/auto/BooleanMultiplexor3.xml (RunModel)" time="0.021" />
  <testcase classname="ptolemy.util.test.junit.AutoTests" name="[39] /home/travis/build/icyphy/ptII/ptolemy/actor/lib/test/auto/BooleanSelect.xml (RunModel)" time="0.027" />
  <testcase classname="ptolemy.util.test.junit.AutoTests" name="[40] /home/travis/build/icyphy/ptII/ptolemy/actor/lib/test/auto/BooleanSelect2.xml (RunModel)" time="0.015" />
  <testcase classname="ptolemy.util.test.junit.AutoTests" name="[41] /home/travis/build/icyphy/ptII/ptolemy/actor/lib/test/auto/BooleanSwitch.xml (RunModel)" time="0.021" />
  <testcase classname="ptolemy.util.test.junit.AutoTests" name="[42] /home/travis/build/icyphy/ptII/ptolemy/actor/lib/test/auto/BooleanSwitch2.xml (RunModel)" time="0.015" />
  <testcase classname="ptolemy.util.test.junit.AutoTests" name="[43] /home/travis/build/icyphy/ptII/ptolemy/actor/lib/test/auto/BooleanSwitchCloningBugWithClassRelationGroup.xml (RunModel)" time="0.033" />
  <testcase classname="ptolemy.util.test.junit.AutoTests" name="[44] /home/travis/build/icyphy/ptII/ptolemy/actor/lib/test/auto/BusActors.xml (RunModel)" time="0.034" />
  <testcase classname="ptolemy.util.test.junit.AutoTests" name="[45] /home/travis/build/icyphy/ptII/ptolemy/actor/lib/test/auto/ClassWrapper.xml (RunModel)" time="0.009" />
  <testcase classname="ptolemy.util.test.junit.AutoTests" name="[46] /home/travis/build/icyphy/ptII/ptolemy/actor/lib/test/auto/Clock.xml (RunModel)" time="0.009" />
  <testcase classname="ptolemy.util.test.junit.AutoTests" name="[47] /home/travis/build/icyphy/ptII/ptolemy/actor/lib/test/auto/Clock10.xml (RunModel)" time="0.018" />
  <testcase classname="ptolemy.util.test.junit.AutoTests" name="[48] /home/travis/build/icyphy/ptII/ptolemy/actor/lib/test/auto/Clock11.xml (RunModel)" time="0.017" />
  <testcase classname="ptolemy.util.test.junit.AutoTests" name="[49] /home/travis/build/icyphy/ptII/ptolemy/actor/lib/test/auto/Clock12.xml (RunModel)" time="0.016" />
  <testcase classname="ptolemy.util.test.junit.AutoTests" name="[50] /home/travis/build/icyphy/ptII/ptolemy/actor/lib/test/auto/Clock13.xml (RunModel)" time="0.02" />
  <testcase classname="ptolemy.util.test.junit.AutoTests" name="[51] /home/travis/build/icyphy/ptII/ptolemy/actor/lib/test/auto/Clock14.xml (RunModel)" time="0.018" />
  <testcase classname="ptolemy.util.test.junit.AutoTests" name="[52] /home/travis/build/icyphy/ptII/ptolemy/actor/lib/test/auto/Clock15.xml (RunModel)" time="0.014" />
  <testcase classname="ptolemy.util.test.junit.AutoTests" name="[53] /home/travis/build/icyphy/ptII/ptolemy/actor/lib/test/auto/Clock16.xml (RunModel)" time="0.081" />
  <testcase classname="ptolemy.util.test.junit.AutoTests" name="[54] /home/travis/build/icyphy/ptII/ptolemy/actor/lib/test/auto/Clock17.xml (RunModel)" time="0.072" />
  <testcase classname="ptolemy.util.test.junit.AutoTests" name="[55] /home/travis/build/icyphy/ptII/ptolemy/actor/lib/test/auto/Clock18.xml (RunModel)" time="0.061" />
  <testcase classname="ptolemy.util.test.junit.AutoTests" name="[56] /home/travis/build/icyphy/ptII/ptolemy/actor/lib/test/auto/Clock19.xml (RunModel)" time="0.051" />
  <testcase classname="ptolemy.util.test.junit.AutoTests" name="[57] /home/travis/build/icyphy/ptII/ptolemy/actor/lib/test/auto/Clock2.xml (RunModel)" time="0.017" />
  <testcase classname="ptolemy.util.test.junit.AutoTests" name="[58] /home/travis/build/icyphy/ptII/ptolemy/actor/lib/test/auto/Clock20.xml (RunModel)" time="0.021" />
  <testcase classname="ptolemy.util.test.junit.AutoTests" name="[59] /home/travis/build/icyphy/ptII/ptolemy/actor/lib/test/auto/Clock21.xml (RunModel)" time="0.023" />
  <testcase classname="ptolemy.util.test.junit.AutoTests" name="[60] /home/travis/build/icyphy/ptII/ptolemy/actor/lib/test/auto/Clock22.xml (RunModel)" time="0.018" />
  <testcase classname="ptolemy.util.test.junit.AutoTests" name="[61] /home/travis/build/icyphy/ptII/ptolemy/actor/lib/test/auto/Clock23.xml (RunModel)" time="0.017" />
  <testcase classname="ptolemy.util.test.junit.AutoTests" name="[62] /home/travis/build/icyphy/ptII/ptolemy/actor/lib/test/auto/Clock24.xml (RunModel)" time="0.013" />
  <testcase classname="ptolemy.util.test.junit.AutoTests" name="[63] /home/travis/build/icyphy/ptII/ptolemy/actor/lib/test/auto/Clock4.xml (RunModel)" time="0.014" />
  <testcase classname="ptolemy.util.test.junit.AutoTests" name="[64] /home/travis/build/icyphy/ptII/ptolemy/actor/lib/test/auto/Clock5.xml (RunModel)" time="0.012" />
  <testcase classname="ptolemy.util.test.junit.AutoTests" name="[65] /home/travis/build/icyphy/ptII/ptolemy/actor/lib/test/auto/Clock6.xml (RunModel)" time="0.018" />
  <testcase classname="ptolemy.util.test.junit.AutoTests" name="[66] /home/travis/build/icyphy/ptII/ptolemy/actor/lib/test/auto/Clock7.xml (RunModel)" time="0.012" />
  <testcase classname="ptolemy.util.test.junit.AutoTests" name="[67] /home/travis/build/icyphy/ptII/ptolemy/actor/lib/test/auto/Clock8.xml (RunModel)" time="0.015" />
  <testcase classname="ptolemy.util.test.junit.AutoTests" name="[68] /home/travis/build/icyphy/ptII/ptolemy/actor/lib/test/auto/Clock9.xml (RunModel)" time="0.018" />
  <testcase classname="ptolemy.util.test.junit.AutoTests" name="[69] /home/travis/build/icyphy/ptII/ptolemy/actor/lib/test/auto/CommDistDiscard.xml (RunModel)" time="0.025" />
  <testcase classname="ptolemy.util.test.junit.AutoTests" name="[70] /home/travis/build/icyphy/ptII/ptolemy/actor/lib/test/auto/Commutator.xml (RunModel)" time="0.02" />
  <testcase classname="ptolemy.util.test.junit.AutoTests" name="[71] /home/travis/build/icyphy/ptII/ptolemy/actor/lib/test/auto/Commutator2.xml (RunModel)" time="0.013" />
  <testcase classname="ptolemy.util.test.junit.AutoTests" name="[72] /home/travis/build/icyphy/ptII/ptolemy/actor/lib/test/auto/Commutator3.xml (RunModel)" time="0.013" />
  <testcase classname="ptolemy.util.test.junit.AutoTests" name="[73] /home/travis/build/icyphy/ptII/ptolemy/actor/lib/test/auto/Compare.xml (RunModel)" time="0.023" />
  <testcase classname="ptolemy.util.test.junit.AutoTests" name="[74] /home/travis/build/icyphy/ptII/ptolemy/actor/lib/test/auto/CompareDE.xml (RunModel)" time="0.042" />
  <testcase classname="ptolemy.util.test.junit.AutoTests" name="[75] /home/travis/build/icyphy/ptII/ptolemy/actor/lib/test/auto/ComplexDivide.xml (RunModel)" time="0.011" />
  <testcase classname="ptolemy.util.test.junit.AutoTests" name="[76] /home/travis/build/icyphy/ptII/ptolemy/actor/lib/test/auto/ComputeHistogram.xml (RunModel)" time="0.091" />
  <testcase classname="ptolemy.util.test.junit.AutoTests" name="[77] /home/travis/build/icyphy/ptII/ptolemy/actor/lib/test/auto/ConfigurationSelect.xml (RunModel)" time="0.013" />
  <testcase classname="ptolemy.util.test.junit.AutoTests" name="[78] /home/travis/build/icyphy/ptII/ptolemy/actor/lib/test/auto/ConfigurationSelect2.xml (RunModel)" time="0.009" />
  <testcase classname="ptolemy.util.test.junit.AutoTests" name="[79] /home/travis/build/icyphy/ptII/ptolemy/actor/lib/test/auto/ConfigurationSwitch.xml (RunModel)" time="0.012" />
  <testcase classname="ptolemy.util.test.junit.AutoTests" name="[80] /home/travis/build/icyphy/ptII/ptolemy/actor/lib/test/auto/ConfigurationSwitch2.xml (RunModel)" time="0.011" />
  <testcase classname="ptolemy.util.test.junit.AutoTests" name="[81] /home/travis/build/icyphy/ptII/ptolemy/actor/lib/test/auto/ConfigurationSwitchCloningBugWithClassRelationGroup.xml (RunModel)" time="0.015" />
  <testcase classname="ptolemy.util.test.junit.AutoTests" name="[82] /home/travis/build/icyphy/ptII/ptolemy/actor/lib/test/auto/ConfigurationSwitchSelectSDF.xml (RunModel)" time="0.012" />
  <testcase classname="ptolemy.util.test.junit.AutoTests" name="[83] /home/travis/build/icyphy/ptII/ptolemy/actor/lib/test/auto/ConfigurationSwitchSelectSDF2.xml (RunModel)" time="0.011" />
  <testcase classname="ptolemy.util.test.junit.AutoTests" name="[84] /home/travis/build/icyphy/ptII/ptolemy/actor/lib/test/auto/Const.xml (RunModel)" time="0.008" />
  <testcase classname="ptolemy.util.test.junit.AutoTests" name="[85] /home/travis/build/icyphy/ptII/ptolemy/actor/lib/test/auto/Const2.xml (RunModel)" time="0.008" />
  <testcase classname="ptolemy.util.test.junit.AutoTests" name="[86] /home/travis/build/icyphy/ptII/ptolemy/actor/lib/test/auto/Const3.xml (RunModel)" time="0.01" />
  <testcase classname="ptolemy.util.test.junit.AutoTests" name="[87] /home/travis/build/icyphy/ptII/ptolemy/actor/lib/test/auto/ConstantPublisherPort1.xml (RunModel)" time="0.018" />
  <testcase classname="ptolemy.util.test.junit.AutoTests" name="[88] /home/travis/build/icyphy/ptII/ptolemy/actor/lib/test/auto/ConstantPublisherPort2.xml (RunModel)" time="0.015" />
  <testcase classname="ptolemy.util.test.junit.AutoTests" name="[89] /home/travis/build/icyphy/ptII/ptolemy/actor/lib/test/auto/ConstantPublisherPort3.xml (RunModel)" time="0.015" />
  <testcase classname="ptolemy.util.test.junit.AutoTests" name="[90] /home/travis/build/icyphy/ptII/ptolemy/actor/lib/test/auto/ConstantPublisherPort4.xml (RunModel)" time="0.013" />
  <testcase classname="ptolemy.util.test.junit.AutoTests" name="[91] /home/travis/build/icyphy/ptII/ptolemy/actor/lib/test/auto/ConstantPublisherPort5.xml (RunModel)" time="0.039" />
  <testcase classname="ptolemy.util.test.junit.AutoTests" name="[92] /home/travis/build/icyphy/ptII/ptolemy/actor/lib/test/auto/ConstantPublisherPort6.xml (RunModel)" time="0.027" />
  <testcase classname="ptolemy.util.test.junit.AutoTests" name="[93] /home/travis/build/icyphy/ptII/ptolemy/actor/lib/test/auto/ConstantPublisherPort7.xml (RunModel)" time="0.027" />
  <testcase classname="ptolemy.util.test.junit.AutoTests" name="[94] /home/travis/build/icyphy/ptII/ptolemy/actor/lib/test/auto/ConstraintMonitor1.xml (RunModel)" time="0.033" />
  <testcase classname="ptolemy.util.test.junit.AutoTests" name="[95] /home/travis/build/icyphy/ptII/ptolemy/actor/lib/test/auto/ConstraintMonitor2.xml (RunModel)" time="0.014" />
  <testcase classname="ptolemy.util.test.junit.AutoTests" name="[96] /home/travis/build/icyphy/ptII/ptolemy/actor/lib/test/auto/ConstraintMonitor3.xml (RunModel)" time="0.014" />
  <testcase classname="ptolemy.util.test.junit.AutoTests" name="[97] /home/travis/build/icyphy/ptII/ptolemy/actor/lib/test/auto/ConstraintMonitor4.xml (RunModel)" time="0.019" />
  <testcase classname="ptolemy.util.test.junit.AutoTests" name="[98] /home/travis/build/icyphy/ptII/ptolemy/actor/lib/test/auto/ConstraintMonitor5.xml (RunModel)" time="0.015" />
  <testcase classname="ptolemy.util.test.junit.AutoTests" name="[99] /home/travis/build/icyphy/ptII/ptolemy/actor/lib/test/auto/ConstraintMonitor6.xml (RunModel)" time="0.012" />
  <testcase classname="ptolemy.util.test.junit.AutoTests" name="[100] /home/travis/build/icyphy/ptII/ptolemy/actor/lib/test/auto/ConstraintMonitor7.xml (RunModel)" time="0.025" />
  <testcase classname="ptolemy.util.test.junit.AutoTests" name="[101] /home/travis/build/icyphy/ptII/ptolemy/actor/lib/test/auto/ConstraintMonitor8.xml (RunModel)" time="0.017" />
  <testcase classname="ptolemy.util.test.junit.AutoTests" name="[102] /home/travis/build/icyphy/ptII/ptolemy/actor/lib/test/auto/Counter.xml (RunModel)" time="0.011" />
  <testcase classname="ptolemy.util.test.junit.AutoTests" name="[103] /home/travis/build/icyphy/ptII/ptolemy/actor/lib/test/auto/CurrentTimeSDF.xml (RunModel)" time="0.008" />
  <testcase classname="ptolemy.util.test.junit.AutoTests" name="[104] /home/travis/build/icyphy/ptII/ptolemy/actor/lib/test/auto/DB.xml (RunModel)" time="0.015" />
  <testcase classname="ptolemy.util.test.junit.AutoTests" name="[105] /home/travis/build/icyphy/ptII/ptolemy/actor/lib/test/auto/DBDE.xml (RunModel)" time="0.013" />
  <testcase classname="ptolemy.util.test.junit.AutoTests" name="[106] /home/travis/build/icyphy/ptII/ptolemy/actor/lib/test/auto/DateConstructor.xml (RunModel)" time="0.05" />
  <testcase classname="ptolemy.util.test.junit.AutoTests" name="[107] /home/travis/build/icyphy/ptII/ptolemy/actor/lib/test/auto/DelayTime.xml (RunModel)" time="0.016" />
  <testcase classname="ptolemy.util.test.junit.AutoTests" name="[108] /home/travis/build/icyphy/ptII/ptolemy/actor/lib/test/auto/Dictionary1.xml (RunModel)" time="0.019" />
  <testcase classname="ptolemy.util.test.junit.AutoTests" name="[109] /home/travis/build/icyphy/ptII/ptolemy/actor/lib/test/auto/Dictionary2.xml (RunModel)" time="0.017" />
  <testcase classname="ptolemy.util.test.junit.AutoTests" name="[110] /home/travis/build/icyphy/ptII/ptolemy/actor/lib/test/auto/Dictionary3.xml (RunModel)" time="0.018" />
  <testcase classname="ptolemy.util.test.junit.AutoTests" name="[111] /home/travis/build/icyphy/ptII/ptolemy/actor/lib/test/auto/Dictionary4.xml (RunModel)" time="0.013" />
  <testcase classname="ptolemy.util.test.junit.AutoTests" name="[112] /home/travis/build/icyphy/ptII/ptolemy/actor/lib/test/auto/Differential.xml (RunModel)" time="0.012" />
  <testcase classname="ptolemy.util.test.junit.AutoTests" name="[113] /home/travis/build/icyphy/ptII/ptolemy/actor/lib/test/auto/Director.xml (RunModel)" time="0.011" />
  <testcase classname="ptolemy.util.test.junit.AutoTests" name="[114] /home/travis/build/icyphy/ptII/ptolemy/actor/lib/test/auto/DiscreteClock.xml (RunModel)" time="0.011" />
  <testcase classname="ptolemy.util.test.junit.AutoTests" name="[115] /home/travis/build/icyphy/ptII/ptolemy/actor/lib/test/auto/DiscreteClock10.xml (RunModel)" time="0.011" />
  <testcase classname="ptolemy.util.test.junit.AutoTests" name="[116] /home/travis/build/icyphy/ptII/ptolemy/actor/lib/test/auto/DiscreteClock11.xml (RunModel)" time="0.011" />
  <testcase classname="ptolemy.util.test.junit.AutoTests" name="[117] /home/travis/build/icyphy/ptII/ptolemy/actor/lib/test/auto/DiscreteClock12.xml (RunModel)" time="0.012" />
  <testcase classname="ptolemy.util.test.junit.AutoTests" name="[118] /home/travis/build/icyphy/ptII/ptolemy/actor/lib/test/auto/DiscreteClock13.xml (RunModel)" time="0.015" />
  <testcase classname="ptolemy.util.test.junit.AutoTests" name="[119] /home/travis/build/icyphy/ptII/ptolemy/actor/lib/test/auto/DiscreteClock14.xml (RunModel)" time="0.016" />
  <testcase classname="ptolemy.util.test.junit.AutoTests" name="[120] /home/travis/build/icyphy/ptII/ptolemy/actor/lib/test/auto/DiscreteClock15.xml (RunModel)" time="0.016" />
  <testcase classname="ptolemy.util.test.junit.AutoTests" name="[121] /home/travis/build/icyphy/ptII/ptolemy/actor/lib/test/auto/DiscreteClock16.xml (RunModel)" time="0.047" />
  <testcase classname="ptolemy.util.test.junit.AutoTests" name="[122] /home/travis/build/icyphy/ptII/ptolemy/actor/lib/test/auto/DiscreteClock17.xml (RunModel)" time="0.039" />
  <testcase classname="ptolemy.util.test.junit.AutoTests" name="[123] /home/travis/build/icyphy/ptII/ptolemy/actor/lib/test/auto/DiscreteClock18.xml (RunModel)" time="0.044" />
  <testcase classname="ptolemy.util.test.junit.AutoTests" name="[124] /home/travis/build/icyphy/ptII/ptolemy/actor/lib/test/auto/DiscreteClock19.xml (RunModel)" time="0.052" />
  <testcase classname="ptolemy.util.test.junit.AutoTests" name="[125] /home/travis/build/icyphy/ptII/ptolemy/actor/lib/test/auto/DiscreteClock2.xml (RunModel)" time="0.012" />
  <testcase classname="ptolemy.util.test.junit.AutoTests" name="[126] /home/travis/build/icyphy/ptII/ptolemy/actor/lib/test/auto/DiscreteClock20.xml (RunModel)" time="0.024" />
  <testcase classname="ptolemy.util.test.junit.AutoTests" name="[127] /home/travis/build/icyphy/ptII/ptolemy/actor/lib/test/auto/DiscreteClock21.xml (RunModel)" time="0.021" />
  <testcase classname="ptolemy.util.test.junit.AutoTests" name="[128] /home/travis/build/icyphy/ptII/ptolemy/actor/lib/test/auto/DiscreteClock22.xml (RunModel)" time="0.017" />
  <testcase classname="ptolemy.util.test.junit.AutoTests" name="[129] /home/travis/build/icyphy/ptII/ptolemy/actor/lib/test/auto/DiscreteClock23.xml (RunModel)" time="0.535" />
  <testcase classname="ptolemy.util.test.junit.AutoTests" name="[130] /home/travis/build/icyphy/ptII/ptolemy/actor/lib/test/auto/DiscreteClock24.xml (RunModel)" time="0.025" />
  <testcase classname="ptolemy.util.test.junit.AutoTests" name="[131] /home/travis/build/icyphy/ptII/ptolemy/actor/lib/test/auto/DiscreteClock4.xml (RunModel)" time="0.014" />
  <testcase classname="ptolemy.util.test.junit.AutoTests" name="[132] /home/travis/build/icyphy/ptII/ptolemy/actor/lib/test/auto/DiscreteClock5.xml (RunModel)" time="0.011" />
  <testcase classname="ptolemy.util.test.junit.AutoTests" name="[133] /home/travis/build/icyphy/ptII/ptolemy/actor/lib/test/auto/DiscreteClock6.xml (RunModel)" time="0.008" />
  <testcase classname="ptolemy.util.test.junit.AutoTests" name="[134] /home/travis/build/icyphy/ptII/ptolemy/actor/lib/test/auto/DiscreteClock7.xml (RunModel)" time="0.011" />
  <testcase classname="ptolemy.util.test.junit.AutoTests" name="[135] /home/travis/build/icyphy/ptII/ptolemy/actor/lib/test/auto/DiscreteClock8.xml (RunModel)" time="0.015" />
  <testcase classname="ptolemy.util.test.junit.AutoTests" name="[136] /home/travis/build/icyphy/ptII/ptolemy/actor/lib/test/auto/DiscreteClock9.xml (RunModel)" time="0.014" />
  <testcase classname="ptolemy.util.test.junit.AutoTests" name="[137] /home/travis/build/icyphy/ptII/ptolemy/actor/lib/test/auto/DisplayArray.xml (RunModel)" time="0.025" />
  <testcase classname="ptolemy.util.test.junit.AutoTests" name="[138] /home/travis/build/icyphy/ptII/ptolemy/actor/lib/test/auto/Distributor.xml (RunModel)" time="0.009" />
  <testcase classname="ptolemy.util.test.junit.AutoTests" name="[139] /home/travis/build/icyphy/ptII/ptolemy/actor/lib/test/auto/Distributor2.xml (RunModel)" time="0.015" />
  <testcase classname="ptolemy.util.test.junit.AutoTests" name="[140] /home/travis/build/icyphy/ptII/ptolemy/actor/lib/test/auto/DownSample.xml (RunModel)" time="0.009" />
  <testcase classname="ptolemy.util.test.junit.AutoTests" name="[141] /home/travis/build/icyphy/ptII/ptolemy/actor/lib/test/auto/ElectronicUnitBase1.xml (RunModel)" time="0.054" />
  <testcase classname="ptolemy.util.test.junit.AutoTests" name="[142] /home/travis/build/icyphy/ptII/ptolemy/actor/lib/test/auto/ElementsToArray.xml (RunModel)" time="0.009" />
  <testcase classname="ptolemy.util.test.junit.AutoTests" name="[143] /home/travis/build/icyphy/ptII/ptolemy/actor/lib/test/auto/Equals.xml (RunModel)" time="0.011" />
  <testcase classname="ptolemy.util.test.junit.AutoTests" name="[144] /home/travis/build/icyphy/ptII/ptolemy/actor/lib/test/auto/Exec.xml (RunModel)" time="0.022" />
  <testcase classname="ptolemy.util.test.junit.AutoTests" name="[145] /home/travis/build/icyphy/ptII/ptolemy/actor/lib/test/auto/ExecEnvironment.xml (RunModel)" time="0.032" />
  <testcase classname="ptolemy.util.test.junit.AutoTests" name="[146] /home/travis/build/icyphy/ptII/ptolemy/actor/lib/test/auto/ExecNonZeroReturnOutput.xml (RunModel)" time="0.136" />
  <testcase classname="ptolemy.util.test.junit.AutoTests" name="[147] /home/travis/build/icyphy/ptII/ptolemy/actor/lib/test/auto/ExecRunDemos.xml (RunModel)" time="9.309" />
  <testcase classname="ptolemy.util.test.junit.AutoTests" name="[148] /home/travis/build/icyphy/ptII/ptolemy/actor/lib/test/auto/ExecStop.xml (RunModel)" time="5.03" />
  <testcase classname="ptolemy.util.test.junit.AutoTests" name="[149] /home/travis/build/icyphy/ptII/ptolemy/actor/lib/test/auto/ExecutionTimeSDF.xml (RunModel)" time="6.027" />
  <testcase classname="ptolemy.util.test.junit.AutoTests" name="[150] /home/travis/build/icyphy/ptII/ptolemy/actor/lib/test/auto/Expression1.xml (RunModel)" time="0.009" />
  <testcase classname="ptolemy.util.test.junit.AutoTests" name="[151] /home/travis/build/icyphy/ptII/ptolemy/actor/lib/test/auto/Expression10.xml (RunModel)" time="0.016" />
  <testcase classname="ptolemy.util.test.junit.AutoTests" name="[152] /home/travis/build/icyphy/ptII/ptolemy/actor/lib/test/auto/Expression11.xml (RunModel)" time="0.011" />
  <testcase classname="ptolemy.util.test.junit.AutoTests" name="[153] /home/travis/build/icyphy/ptII/ptolemy/actor/lib/test/auto/Expression12.xml (RunModel)" time="0.015" />
  <testcase classname="ptolemy.util.test.junit.AutoTests" name="[154] /home/travis/build/icyphy/ptII/ptolemy/actor/lib/test/auto/Expression13.xml (RunModel)" time="0.015" />
  <testcase classname="ptolemy.util.test.junit.AutoTests" name="[155] /home/travis/build/icyphy/ptII/ptolemy/actor/lib/test/auto/Expression14.xml (RunModel)" time="0.019" />
  <testcase classname="ptolemy.util.test.junit.AutoTests" name="[156] /home/travis/build/icyphy/ptII/ptolemy/actor/lib/test/auto/Expression15.xml (RunModel)" time="0.01" />
  <testcase classname="ptolemy.util.test.junit.AutoTests" name="[157] /home/travis/build/icyphy/ptII/ptolemy/actor/lib/test/auto/Expression16.xml (RunModel)" time="0.013" />
  <testcase classname="ptolemy.util.test.junit.AutoTests" name="[158] /home/travis/build/icyphy/ptII/ptolemy/actor/lib/test/auto/Expression17.xml (RunModel)" time="0.014" />
  <testcase classname="ptolemy.util.test.junit.AutoTests" name="[159] /home/travis/build/icyphy/ptII/ptolemy/actor/lib/test/auto/Expression18.xml (RunModel)" time="0.016" />
  <testcase classname="ptolemy.util.test.junit.AutoTests" name="[160] /home/travis/build/icyphy/ptII/ptolemy/actor/lib/test/auto/Expression2.xml (RunModel)" time="0.012" />
  <testcase classname="ptolemy.util.test.junit.AutoTests" name="[161] /home/travis/build/icyphy/ptII/ptolemy/actor/lib/test/auto/Expression3.xml (RunModel)" time="0.017" />
  <testcase classname="ptolemy.util.test.junit.AutoTests" name="[162] /home/travis/build/icyphy/ptII/ptolemy/actor/lib/test/auto/Expression4.xml (RunModel)" time="0.019" />
  <testcase classname="ptolemy.util.test.junit.AutoTests" name="[163] /home/travis/build/icyphy/ptII/ptolemy/actor/lib/test/auto/Expression5.xml (RunModel)" time="0.015" />
  <testcase classname="ptolemy.util.test.junit.AutoTests" name="[164] /home/travis/build/icyphy/ptII/ptolemy/actor/lib/test/auto/Expression6.xml (RunModel)" time="0.011" />
  <testcase classname="ptolemy.util.test.junit.AutoTests" name="[165] /home/travis/build/icyphy/ptII/ptolemy/actor/lib/test/auto/Expression7.xml (RunModel)" time="0.013" />
  <testcase classname="ptolemy.util.test.junit.AutoTests" name="[166] /home/travis/build/icyphy/ptII/ptolemy/actor/lib/test/auto/Expression8.xml (RunModel)" time="0.016" />
  <testcase classname="ptolemy.util.test.junit.AutoTests" name="[167] /home/travis/build/icyphy/ptII/ptolemy/actor/lib/test/auto/Expression9.xml (RunModel)" time="0.013" />
  <testcase classname="ptolemy.util.test.junit.AutoTests" name="[168] /home/travis/build/icyphy/ptII/ptolemy/actor/lib/test/auto/ExpressionConcatenateArrayType.xml (RunModel)" time="0.029" />
  <testcase classname="ptolemy.util.test.junit.AutoTests" name="[169] /home/travis/build/icyphy/ptII/ptolemy/actor/lib/test/auto/ExpressionConcatenateArrayType2.xml (RunModel)" time="0.021" />
  <testcase classname="ptolemy.util.test.junit.AutoTests" name="[170] /home/travis/build/icyphy/ptII/ptolemy/actor/lib/test/auto/ExpressionFix.xml (RunModel)" time="0.035" />
  <testcase classname="ptolemy.util.test.junit.AutoTests" name="[171] /home/travis/build/icyphy/ptII/ptolemy/actor/lib/test/auto/ExpressionFix2.xml (RunModel)" time="0.014" />
  <testcase classname="ptolemy.util.test.junit.AutoTests" name="[172] /home/travis/build/icyphy/ptII/ptolemy/actor/lib/test/auto/ExpressionFix3.xml (RunModel)" time="0.014" />
  <testcase classname="ptolemy.util.test.junit.AutoTests" name="[173] /home/travis/build/icyphy/ptII/ptolemy/actor/lib/test/auto/FileWriter1.xml (RunModel)" time="0.01" />
  <testcase classname="ptolemy.util.test.junit.AutoTests" name="[174] /home/travis/build/icyphy/ptII/ptolemy/actor/lib/test/auto/FileWriter2.xml (RunModel)" time="0.013" />
  <testcase classname="ptolemy.util.test.junit.AutoTests" name="[175] /home/travis/build/icyphy/ptII/ptolemy/actor/lib/test/auto/FileWriter3.xml (RunModel)" time="0.012" />
  <testcase classname="ptolemy.util.test.junit.AutoTests" name="[176] /home/travis/build/icyphy/ptII/ptolemy/actor/lib/test/auto/Gaussian.xml (RunModel)" time="0.011" />
  <testcase classname="ptolemy.util.test.junit.AutoTests" name="[177] /home/travis/build/icyphy/ptII/ptolemy/actor/lib/test/auto/Gaussian1.xml (RunModel)" time="0.021" />
  <testcase classname="ptolemy.util.test.junit.AutoTests" name="[178] /home/travis/build/icyphy/ptII/ptolemy/actor/lib/test/auto/Gaussian2.xml (RunModel)" time="0.022" />
  <testcase classname="ptolemy.util.test.junit.AutoTests" name="[179] /home/travis/build/icyphy/ptII/ptolemy/actor/lib/test/auto/GradientAdaptiveLattice.xml (RunModel)" time="0.021" />
  <testcase classname="ptolemy.util.test.junit.AutoTests" name="[180] /home/travis/build/icyphy/ptII/ptolemy/actor/lib/test/auto/IIR.xml (RunModel)" time="0.012" />
  <testcase classname="ptolemy.util.test.junit.AutoTests" name="[181] /home/travis/build/icyphy/ptII/ptolemy/actor/lib/test/auto/InputOutputTransparentPorts.xml (RunModel)" time="0.019" />
  <testcase classname="ptolemy.util.test.junit.AutoTests" name="[182] /home/travis/build/icyphy/ptII/ptolemy/actor/lib/test/auto/Interpolator.xml (RunModel)" time="0.015" />
  <testcase classname="ptolemy.util.test.junit.AutoTests" name="[183] /home/travis/build/icyphy/ptII/ptolemy/actor/lib/test/auto/InterpolatorFiringLimitDE.xml (RunModel)" time="0.014" />
  <testcase classname="ptolemy.util.test.junit.AutoTests" name="[184] /home/travis/build/icyphy/ptII/ptolemy/actor/lib/test/auto/Lattice.xml (RunModel)" time="0.013" />
  <testcase classname="ptolemy.util.test.junit.AutoTests" name="[185] /home/travis/build/icyphy/ptII/ptolemy/actor/lib/test/auto/LazyAOCTestLazy.xml (RunModel)" time="0.023" />
  <testcase classname="ptolemy.util.test.junit.AutoTests" name="[186] /home/travis/build/icyphy/ptII/ptolemy/actor/lib/test/auto/LazyAOCTestNonLazy.xml (RunModel)" time="0.04" />
  <testcase classname="ptolemy.util.test.junit.AutoTests" name="[187] /home/travis/build/icyphy/ptII/ptolemy/actor/lib/test/auto/LazyInnerClass.xml (RunModel)" time="0.051" />
  <testcase classname="ptolemy.util.test.junit.AutoTests" name="[188] /home/travis/build/icyphy/ptII/ptolemy/actor/lib/test/auto/LazyPubSub.xml (RunModel)" time="0.073" />
  <testcase classname="ptolemy.util.test.junit.AutoTests" name="[189] /home/travis/build/icyphy/ptII/ptolemy/actor/lib/test/auto/LazyPubSub2.xml (RunModel)" time="0.035" />
  <testcase classname="ptolemy.util.test.junit.AutoTests" name="[190] /home/travis/build/icyphy/ptII/ptolemy/actor/lib/test/auto/LazyPubSub3.xml (RunModel)" time="0.035" />
  <testcase classname="ptolemy.util.test.junit.AutoTests" name="[191] /home/travis/build/icyphy/ptII/ptolemy/actor/lib/test/auto/LazySubClassModel.xml (RunModel)" time="0.022" />
  <testcase classname="ptolemy.util.test.junit.AutoTests" name="[192] /home/travis/build/icyphy/ptII/ptolemy/actor/lib/test/auto/LevelCrossTest1.xml (RunModel)" time="0.012" />
  <testcase classname="ptolemy.util.test.junit.AutoTests" name="[193] /home/travis/build/icyphy/ptII/ptolemy/actor/lib/test/auto/LevelCrossTest10.xml (RunModel)" time="0.02" />
  <testcase classname="ptolemy.util.test.junit.AutoTests" name="[194] /home/travis/build/icyphy/ptII/ptolemy/actor/lib/test/auto/LevelCrossTest11.xml (RunModel)" time="0.012" />
  <testcase classname="ptolemy.util.test.junit.AutoTests" name="[195] /home/travis/build/icyphy/ptII/ptolemy/actor/lib/test/auto/LevelCrossTest12.xml (RunModel)" time="0.021" />
  <testcase classname="ptolemy.util.test.junit.AutoTests" name="[196] /home/travis/build/icyphy/ptII/ptolemy/actor/lib/test/auto/LevelCrossTest13.xml (RunModel)" time="0.013" />
  <testcase classname="ptolemy.util.test.junit.AutoTests" name="[197] /home/travis/build/icyphy/ptII/ptolemy/actor/lib/test/auto/LevelCrossTest2.xml (RunModel)" time="0.01" />
  <testcase classname="ptolemy.util.test.junit.AutoTests" name="[198] /home/travis/build/icyphy/ptII/ptolemy/actor/lib/test/auto/LevelCrossTest3.xml (RunModel)" time="0.011" />
  <testcase classname="ptolemy.util.test.junit.AutoTests" name="[199] /home/travis/build/icyphy/ptII/ptolemy/actor/lib/test/auto/LevelCrossTest4.xml (RunModel)" time="0.01" />
  <testcase classname="ptolemy.util.test.junit.AutoTests" name="[200] /home/travis/build/icyphy/ptII/ptolemy/actor/lib/test/auto/LevelCrossTest5.xml (RunModel)" time="0.02" />
  <testcase classname="ptolemy.util.test.junit.AutoTests" name="[201] /home/travis/build/icyphy/ptII/ptolemy/actor/lib/test/auto/LevelCrossTest6.xml (RunModel)" time="0.019" />
  <testcase classname="ptolemy.util.test.junit.AutoTests" name="[202] /home/travis/build/icyphy/ptII/ptolemy/actor/lib/test/auto/LevelCrossTest7.xml (RunModel)" time="0.014" />
  <testcase classname="ptolemy.util.test.junit.AutoTests" name="[203] /home/travis/build/icyphy/ptII/ptolemy/actor/lib/test/auto/LevelCrossTest8.xml (RunModel)" time="0.013" />
  <testcase classname="ptolemy.util.test.junit.AutoTests" name="[204] /home/travis/build/icyphy/ptII/ptolemy/actor/lib/test/auto/LevelCrossTest9.xml (RunModel)" time="0.013" />
  <testcase classname="ptolemy.util.test.junit.AutoTests" name="[205] /home/travis/build/icyphy/ptII/ptolemy/actor/lib/test/auto/LevinsonDurbin.xml (RunModel)" time="0.012" />
  <testcase classname="ptolemy.util.test.junit.AutoTests" name="[206] /home/travis/build/icyphy/ptII/ptolemy/actor/lib/test/auto/LevinsonDurbin2.xml (RunModel)" time="0.008" />
  <testcase classname="ptolemy.util.test.junit.AutoTests" name="[207] /home/travis/build/icyphy/ptII/ptolemy/actor/lib/test/auto/LevinsonDurbin3.xml (RunModel)" time="0.008" />
  <testcase classname="ptolemy.util.test.junit.AutoTests" name="[208] /home/travis/build/icyphy/ptII/ptolemy/actor/lib/test/auto/Limiter.xml (RunModel)" time="0.036" />
  <testcase classname="ptolemy.util.test.junit.AutoTests" name="[209] /home/travis/build/icyphy/ptII/ptolemy/actor/lib/test/auto/LinearDifferenceEquationSystem.xml (RunModel)" time="0.022" />
  <testcase classname="ptolemy.util.test.junit.AutoTests" name="[210] /home/travis/build/icyphy/ptII/ptolemy/actor/lib/test/auto/LookupTable.xml (RunModel)" time="0.008" />
  <testcase classname="ptolemy.util.test.junit.AutoTests" name="[211] /home/travis/build/icyphy/ptII/ptolemy/actor/lib/test/auto/MathFunction.xml (RunModel)" time="0.017" />
  <testcase classname="ptolemy.util.test.junit.AutoTests" name="[212] /home/travis/build/icyphy/ptII/ptolemy/actor/lib/test/auto/MathFunction2.xml (RunModel)" time="0.011" />
  <testcase classname="ptolemy.util.test.junit.AutoTests" name="[213] /home/travis/build/icyphy/ptII/ptolemy/actor/lib/test/auto/MathFunction3.xml (RunModel)" time="0.014" />
  <testcase classname="ptolemy.util.test.junit.AutoTests" name="[214] /home/travis/build/icyphy/ptII/ptolemy/actor/lib/test/auto/MatrixCropBoolean.xml (RunModel)" time="0.013" />
  <testcase classname="ptolemy.util.test.junit.AutoTests" name="[215] /home/travis/build/icyphy/ptII/ptolemy/actor/lib/test/auto/MatrixCropComplex.xml (RunModel)" time="0.008" />
  <testcase classname="ptolemy.util.test.junit.AutoTests" name="[216] /home/travis/build/icyphy/ptII/ptolemy/actor/lib/test/auto/MatrixCropDouble.xml (RunModel)" time="0.008" />
  <testcase classname="ptolemy.util.test.junit.AutoTests" name="[217] /home/travis/build/icyphy/ptII/ptolemy/actor/lib/test/auto/MatrixCropFix.xml (RunModel)" time="0.008" />
  <testcase classname="ptolemy.util.test.junit.AutoTests" name="[218] /home/travis/build/icyphy/ptII/ptolemy/actor/lib/test/auto/MatrixCropInt.xml (RunModel)" time="0.008" />
  <testcase classname="ptolemy.util.test.junit.AutoTests" name="[219] /home/travis/build/icyphy/ptII/ptolemy/actor/lib/test/auto/MatrixCropLong.xml (RunModel)" time="0.008" />
  <testcase classname="ptolemy.util.test.junit.AutoTests" name="[220] /home/travis/build/icyphy/ptII/ptolemy/actor/lib/test/auto/MatrixToArray.xml (RunModel)" time="0.036" />
  <testcase classname="ptolemy.util.test.junit.AutoTests" name="[221] /home/travis/build/icyphy/ptII/ptolemy/actor/lib/test/auto/MaxIndex.xml (RunModel)" time="0.01" />
  <testcase classname="ptolemy.util.test.junit.AutoTests" name="[222] /home/travis/build/icyphy/ptII/ptolemy/actor/lib/test/auto/Maximum.xml (RunModel)" time="0.015" />
  <testcase classname="ptolemy.util.test.junit.AutoTests" name="[223] /home/travis/build/icyphy/ptII/ptolemy/actor/lib/test/auto/MaximumComplex.xml (RunModel)" time="0.011" />
  <testcase classname="ptolemy.util.test.junit.AutoTests" name="[224] /home/travis/build/icyphy/ptII/ptolemy/actor/lib/test/auto/MethodCallTest.xml (RunModel)" time="0.017" />
  <testcase classname="ptolemy.util.test.junit.AutoTests" name="[225] /home/travis/build/icyphy/ptII/ptolemy/actor/lib/test/auto/Minimum.xml (RunModel)" time="0.01" />
  <testcase classname="ptolemy.util.test.junit.AutoTests" name="[226] /home/travis/build/icyphy/ptII/ptolemy/actor/lib/test/auto/MinimumComplex.xml (RunModel)" time="0.011" />
  <testcase classname="ptolemy.util.test.junit.AutoTests" name="[227] /home/travis/build/icyphy/ptII/ptolemy/actor/lib/test/auto/MinimumMultiports.xml (RunModel)" time="0.019" />
  <testcase classname="ptolemy.util.test.junit.AutoTests" name="[228] /home/travis/build/icyphy/ptII/ptolemy/actor/lib/test/auto/ModifyDate.xml (RunModel)" time="0.033" />
  <testcase classname="ptolemy.util.test.junit.AutoTests" name="[229] /home/travis/build/icyphy/ptII/ptolemy/actor/lib/test/auto/ModifyDate2.xml (RunModel)" time="0.024" />
  <testcase classname="ptolemy.util.test.junit.AutoTests" name="[230] /home/travis/build/icyphy/ptII/ptolemy/actor/lib/test/auto/MovingAverage.xml (RunModel)" time="0.012" />
  <testcase classname="ptolemy.util.test.junit.AutoTests" name="[231] /home/travis/build/icyphy/ptII/ptolemy/actor/lib/test/auto/MovingMaximum.xml (RunModel)" time="0.011" />
  <testcase classname="ptolemy.util.test.junit.AutoTests" name="[232] /home/travis/build/icyphy/ptII/ptolemy/actor/lib/test/auto/MultipleLinksToSameRelation.xml (RunModel)" time="0.007" />
  <testcase classname="ptolemy.util.test.junit.AutoTests" name="[233] /home/travis/build/icyphy/ptII/ptolemy/actor/lib/test/auto/MultipleLinksToSameRelationDE.xml (RunModel)" time="0.008" />
  <testcase classname="ptolemy.util.test.junit.AutoTests" name="[234] /home/travis/build/icyphy/ptII/ptolemy/actor/lib/test/auto/Multiplexor.xml (RunModel)" time="0.016" />
  <testcase classname="ptolemy.util.test.junit.AutoTests" name="[235] /home/travis/build/icyphy/ptII/ptolemy/actor/lib/test/auto/Multiplexor1.xml (RunModel)" time="0.011" />
  <testcase classname="ptolemy.util.test.junit.AutoTests" name="[236] /home/travis/build/icyphy/ptII/ptolemy/actor/lib/test/auto/Multiplexor2.xml (RunModel)" time="0.012" />
  <testcase classname="ptolemy.util.test.junit.AutoTests" name="[237] /home/travis/build/icyphy/ptII/ptolemy/actor/lib/test/auto/Multiplexor3.xml (RunModel)" time="0.009" />
  <testcase classname="ptolemy.util.test.junit.AutoTests" name="[238] /home/travis/build/icyphy/ptII/ptolemy/actor/lib/test/auto/MultiplexorDE.xml (RunModel)" time="0.016" />
  <testcase classname="ptolemy.util.test.junit.AutoTests" name="[239] /home/travis/build/icyphy/ptII/ptolemy/actor/lib/test/auto/MultiportBroadcastTest.xml (RunModel)" time="0.066" />
  <testcase classname="ptolemy.util.test.junit.AutoTests" name="[240] /home/travis/build/icyphy/ptII/ptolemy/actor/lib/test/auto/MultiportOutHangDuringGetWidth.xml (RunModel)" time="0.032" />
  <testcase classname="ptolemy.util.test.junit.AutoTests" name="[241] /home/travis/build/icyphy/ptII/ptolemy/actor/lib/test/auto/NilToken.xml (RunModel)" time="0.013" />
  <testcase classname="ptolemy.util.test.junit.AutoTests" name="[242] /home/travis/build/icyphy/ptII/ptolemy/actor/lib/test/auto/NilTokenNonStrictTest.xml (RunModel)" time="0.013" />
  <testcase classname="ptolemy.util.test.junit.AutoTests" name="[243] /home/travis/build/icyphy/ptII/ptolemy/actor/lib/test/auto/NilTokenRecord.xml (RunModel)" time="0.029" />
  <testcase classname="ptolemy.util.test.junit.AutoTests" name="[244] /home/travis/build/icyphy/ptII/ptolemy/actor/lib/test/auto/NilTokenTypeTest.xml (RunModel)" time="0.029" />
  <testcase classname="ptolemy.util.test.junit.AutoTests" name="[245] /home/travis/build/icyphy/ptII/ptolemy/actor/lib/test/auto/ObjectToken1.xml (RunModel)" time="0.007" />
  <testcase classname="ptolemy.util.test.junit.AutoTests" name="[246] /home/travis/build/icyphy/ptII/ptolemy/actor/lib/test/auto/OrderedMerge.xml (RunModel)" time="0.011" />
  <testcase classname="ptolemy.util.test.junit.AutoTests" name="[247] /home/travis/build/icyphy/ptII/ptolemy/actor/lib/test/auto/OrderedRecordDisassembler.xml (RunModel)" time="0.016" />
  <testcase classname="ptolemy.util.test.junit.AutoTests" name="[248] /home/travis/build/icyphy/ptII/ptolemy/actor/lib/test/auto/OrderedRecordDisassembler2.xml (RunModel)" time="0.016" />
  <testcase classname="ptolemy.util.test.junit.AutoTests" name="[249] /home/travis/build/icyphy/ptII/ptolemy/actor/lib/test/auto/OrderedRecordUpdater.xml (RunModel)" time="0.012" />
  <testcase classname="ptolemy.util.test.junit.AutoTests" name="[250] /home/travis/build/icyphy/ptII/ptolemy/actor/lib/test/auto/OrderedRecordUpdater2.xml (RunModel)" time="0.009" />
  <testcase classname="ptolemy.util.test.junit.AutoTests" name="[251] /home/travis/build/icyphy/ptII/ptolemy/actor/lib/test/auto/PhaseUnwrap.xml (RunModel)" time="0.01" />
  <testcase classname="ptolemy.util.test.junit.AutoTests" name="[252] /home/travis/build/icyphy/ptII/ptolemy/actor/lib/test/auto/PoissonClock.xml (RunModel)" time="0.009" />
  <testcase classname="ptolemy.util.test.junit.AutoTests" name="[253] /home/travis/build/icyphy/ptII/ptolemy/actor/lib/test/auto/PoissonClock2.xml (RunModel)" time="0.007" />
  <testcase classname="ptolemy.util.test.junit.AutoTests" name="[254] /home/travis/build/icyphy/ptII/ptolemy/actor/lib/test/auto/PoissonClock3.xml (RunModel)" time="0.013" />
  <testcase classname="ptolemy.util.test.junit.AutoTests" name="[255] /home/travis/build/icyphy/ptII/ptolemy/actor/lib/test/auto/PubSubWithInitialTokens.xml (RunModel)" time="0.01" />
  <testcase classname="ptolemy.util.test.junit.AutoTests" name="[256] /home/travis/build/icyphy/ptII/ptolemy/actor/lib/test/auto/PubSubWithInitialTokens2.xml (RunModel)" time="0.012" />
  <testcase classname="ptolemy.util.test.junit.AutoTests" name="[257] /home/travis/build/icyphy/ptII/ptolemy/actor/lib/test/auto/PublisherClassNoParameter.xml (RunModel)" time="0.019" />
  <testcase classname="ptolemy.util.test.junit.AutoTests" name="[258] /home/travis/build/icyphy/ptII/ptolemy/actor/lib/test/auto/PublisherClassParameter.xml (RunModel)" time="0.022" />
  <testcase classname="ptolemy.util.test.junit.AutoTests" name="[259] /home/travis/build/icyphy/ptII/ptolemy/actor/lib/test/auto/PublisherNonStrictTest.xml (RunModel)" time="0.014" />
  <testcase classname="ptolemy.util.test.junit.AutoTests" name="[260] /home/travis/build/icyphy/ptII/ptolemy/actor/lib/test/auto/PublisherPort1.xml (RunModel)" time="0.014" />
  <testcase classname="ptolemy.util.test.junit.AutoTests" name="[261] /home/travis/build/icyphy/ptII/ptolemy/actor/lib/test/auto/PublisherPort2.xml (RunModel)" time="0.012" />
  <testcase classname="ptolemy.util.test.junit.AutoTests" name="[262] /home/travis/build/icyphy/ptII/ptolemy/actor/lib/test/auto/PublisherPort3.xml (RunModel)" time="0.012" />
  <testcase classname="ptolemy.util.test.junit.AutoTests" name="[263] /home/travis/build/icyphy/ptII/ptolemy/actor/lib/test/auto/PublisherPort4.xml (RunModel)" time="0.021" />
  <testcase classname="ptolemy.util.test.junit.AutoTests" name="[264] /home/travis/build/icyphy/ptII/ptolemy/actor/lib/test/auto/PublisherPort5.xml (RunModel)" time="0.014" />
  <testcase classname="ptolemy.util.test.junit.AutoTests" name="[265] /home/travis/build/icyphy/ptII/ptolemy/actor/lib/test/auto/PublisherPort5LookAlike.xml (RunModel)" time="0.017" />
  <testcase classname="ptolemy.util.test.junit.AutoTests" name="[266] /home/travis/build/icyphy/ptII/ptolemy/actor/lib/test/auto/PublisherPort6.xml (RunModel)" time="0.012" />
  <testcase classname="ptolemy.util.test.junit.AutoTests" name="[267] /home/travis/build/icyphy/ptII/ptolemy/actor/lib/test/auto/PublisherPort7.xml (RunModel)" time="0.016" />
  <testcase classname="ptolemy.util.test.junit.AutoTests" name="[268] /home/travis/build/icyphy/ptII/ptolemy/actor/lib/test/auto/PublisherPort8.xml (RunModel)" time="0.017" />
  <testcase classname="ptolemy.util.test.junit.AutoTests" name="[269] /home/travis/build/icyphy/ptII/ptolemy/actor/lib/test/auto/PublisherPortSubscriberChannelVariablesAOC2.xml (RunModel)" time="0.033" />
  <testcase classname="ptolemy.util.test.junit.AutoTests" name="[270] /home/travis/build/icyphy/ptII/ptolemy/actor/lib/test/auto/PublisherPortSubscriberOpaqueWidthInference.xml (RunModel)" time="0.015" />
  <testcase classname="ptolemy.util.test.junit.AutoTests" name="[271] /home/travis/build/icyphy/ptII/ptolemy/actor/lib/test/auto/PublisherPortSubscriberPortAdjacent.xml (RunModel)" time="0.018" />
  <testcase classname="ptolemy.util.test.junit.AutoTests" name="[272] /home/travis/build/icyphy/ptII/ptolemy/actor/lib/test/auto/PublisherPortSubscriberPortExpression.xml (RunModel)" time="0.017" />
  <testcase classname="ptolemy.util.test.junit.AutoTests" name="[273] /home/travis/build/icyphy/ptII/ptolemy/actor/lib/test/auto/PublisherPortSubscriberPortOpaqueD3Reverse.xml (RunModel)" time="0.032" />
  <testcase classname="ptolemy.util.test.junit.AutoTests" name="[274] /home/travis/build/icyphy/ptII/ptolemy/actor/lib/test/auto/PublisherPortSubscriberPortOpaqueWidthInference.xml (RunModel)" time="0.018" />
  <testcase classname="ptolemy.util.test.junit.AutoTests" name="[275] /home/travis/build/icyphy/ptII/ptolemy/actor/lib/test/auto/PublisherPortToplevelSubscriberPortAOC.xml (RunModel)" time="0.013" />
  <testcase classname="ptolemy.util.test.junit.AutoTests" name="[276] /home/travis/build/icyphy/ptII/ptolemy/actor/lib/test/auto/PublisherSubscriber.xml (RunModel)" time="0.012" />
  <testcase classname="ptolemy.util.test.junit.AutoTests" name="[277] /home/travis/build/icyphy/ptII/ptolemy/actor/lib/test/auto/PublisherSubscriber10.xml (RunModel)" time="0.02" />
  <testcase classname="ptolemy.util.test.junit.AutoTests" name="[278] /home/travis/build/icyphy/ptII/ptolemy/actor/lib/test/auto/PublisherSubscriber10InitialOutputs.xml (RunModel)" time="0.024" />
  <testcase classname="ptolemy.util.test.junit.AutoTests" name="[279] /home/travis/build/icyphy/ptII/ptolemy/actor/lib/test/auto/PublisherSubscriber11.xml (RunModel)" time="0.015" />
  <testcase classname="ptolemy.util.test.junit.AutoTests" name="[280] /home/travis/build/icyphy/ptII/ptolemy/actor/lib/test/auto/PublisherSubscriber12.xml (RunModel)" time="0.011" />
  <testcase classname="ptolemy.util.test.junit.AutoTests" name="[281] /home/travis/build/icyphy/ptII/ptolemy/actor/lib/test/auto/PublisherSubscriber13.xml (RunModel)" time="0.009" />
  <testcase classname="ptolemy.util.test.junit.AutoTests" name="[282] /home/travis/build/icyphy/ptII/ptolemy/actor/lib/test/auto/PublisherSubscriber14.xml (RunModel)" time="0.016" />
  <testcase classname="ptolemy.util.test.junit.AutoTests" name="[283] /home/travis/build/icyphy/ptII/ptolemy/actor/lib/test/auto/PublisherSubscriber2.xml (RunModel)" time="0.011" />
  <testcase classname="ptolemy.util.test.junit.AutoTests" name="[284] /home/travis/build/icyphy/ptII/ptolemy/actor/lib/test/auto/PublisherSubscriber3.xml (RunModel)" time="0.009" />
  <testcase classname="ptolemy.util.test.junit.AutoTests" name="[285] /home/travis/build/icyphy/ptII/ptolemy/actor/lib/test/auto/PublisherSubscriber4.xml (RunModel)" time="0.008" />
  <testcase classname="ptolemy.util.test.junit.AutoTests" name="[286] /home/travis/build/icyphy/ptII/ptolemy/actor/lib/test/auto/PublisherSubscriber5.xml (RunModel)" time="0.01" />
  <testcase classname="ptolemy.util.test.junit.AutoTests" name="[287] /home/travis/build/icyphy/ptII/ptolemy/actor/lib/test/auto/PublisherSubscriber6.xml (RunModel)" time="0.017" />
  <testcase classname="ptolemy.util.test.junit.AutoTests" name="[288] /home/travis/build/icyphy/ptII/ptolemy/actor/lib/test/auto/PublisherSubscriber7.xml (RunModel)" time="0.012" />
  <testcase classname="ptolemy.util.test.junit.AutoTests" name="[289] /home/travis/build/icyphy/ptII/ptolemy/actor/lib/test/auto/PublisherSubscriber8.xml (RunModel)" time="0.022" />
  <testcase classname="ptolemy.util.test.junit.AutoTests" name="[290] /home/travis/build/icyphy/ptII/ptolemy/actor/lib/test/auto/PublisherSubscriber9.xml (RunModel)" time="0.015" />
  <testcase classname="ptolemy.util.test.junit.AutoTests" name="[291] /home/travis/build/icyphy/ptII/ptolemy/actor/lib/test/auto/PublisherSubscriberAdjacent.xml (RunModel)" time="0.015" />
  <testcase classname="ptolemy.util.test.junit.AutoTests" name="[292] /home/travis/build/icyphy/ptII/ptolemy/actor/lib/test/auto/PublisherSubscriberChannelVariablesAOC2.xml (RunModel)" time="0.029" />
  <testcase classname="ptolemy.util.test.junit.AutoTests" name="[293] /home/travis/build/icyphy/ptII/ptolemy/actor/lib/test/auto/PublisherSubscriberD3.xml (RunModel)" time="0.015" />
  <testcase classname="ptolemy.util.test.junit.AutoTests" name="[294] /home/travis/build/icyphy/ptII/ptolemy/actor/lib/test/auto/PublisherSubscriberD3Reverse.xml (RunModel)" time="0.015" />
  <testcase classname="ptolemy.util.test.junit.AutoTests" name="[295] /home/travis/build/icyphy/ptII/ptolemy/actor/lib/test/auto/PublisherSubscriberExpression.xml (RunModel)" time="0.016" />
  <testcase classname="ptolemy.util.test.junit.AutoTests" name="[296] /home/travis/build/icyphy/ptII/ptolemy/actor/lib/test/auto/PublisherSubscriberOpaque.xml (RunModel)" time="0.015" />
  <testcase classname="ptolemy.util.test.junit.AutoTests" name="[297] /home/travis/build/icyphy/ptII/ptolemy/actor/lib/test/auto/PublisherSubscriberOpaqueD3.xml (RunModel)" time="0.022" />
  <testcase classname="ptolemy.util.test.junit.AutoTests" name="[298] /home/travis/build/icyphy/ptII/ptolemy/actor/lib/test/auto/PublisherSubscriberOpaqueD3Reverse.xml (RunModel)" time="0.019" />
  <testcase classname="ptolemy.util.test.junit.AutoTests" name="[299] /home/travis/build/icyphy/ptII/ptolemy/actor/lib/test/auto/PublisherSubscriberOpaqueWidthInference.xml (RunModel)" time="0.018" />
  <testcase classname="ptolemy.util.test.junit.AutoTests" name="[300] /home/travis/build/icyphy/ptII/ptolemy/actor/lib/test/auto/PublisherTestSubscriber.xml (RunModel)" time="0.014" />
  <testcase classname="ptolemy.util.test.junit.AutoTests" name="[301] /home/travis/build/icyphy/ptII/ptolemy/actor/lib/test/auto/PublisherToplevelSubscriberPortAOC.xml (RunModel)" time="0.01" />
  <testcase classname="ptolemy.util.test.junit.AutoTests" name="[302] /home/travis/build/icyphy/ptII/ptolemy/actor/lib/test/auto/PulseFiringLimitDE.xml (RunModel)" time="0.014" />
  <testcase classname="ptolemy.util.test.junit.AutoTests" name="[303] /home/travis/build/icyphy/ptII/ptolemy/actor/lib/test/auto/Ramp1.xml (RunModel)" time="0.006" />
  <testcase classname="ptolemy.util.test.junit.AutoTests" name="[304] /home/travis/build/icyphy/ptII/ptolemy/actor/lib/test/auto/RampFiringLimitDE.xml (RunModel)" time="0.013" />
  <testcase classname="ptolemy.util.test.junit.AutoTests" name="[305] /home/travis/build/icyphy/ptII/ptolemy/actor/lib/test/auto/RampFiringLimitSDF.xml (RunModel)" time="0.012" />
  <testcase classname="ptolemy.util.test.junit.AutoTests" name="[306] /home/travis/build/icyphy/ptII/ptolemy/actor/lib/test/auto/RandomInteger.xml (RunModel)" time="0.01" />
  <testcase classname="ptolemy.util.test.junit.AutoTests" name="[307] /home/travis/build/icyphy/ptII/ptolemy/actor/lib/test/auto/ReadFile1.xml (RunModel)" time="0.009" />
  <testcase classname="ptolemy.util.test.junit.AutoTests" name="[308] /home/travis/build/icyphy/ptII/ptolemy/actor/lib/test/auto/ReadFile2.xml (RunModel)" time="0.011" />
  <testcase classname="ptolemy.util.test.junit.AutoTests" name="[309] /home/travis/build/icyphy/ptII/ptolemy/actor/lib/test/auto/Reader.xml (RunModel)" time="0.014" />
  <testcase classname="ptolemy.util.test.junit.AutoTests" name="[310] /home/travis/build/icyphy/ptII/ptolemy/actor/lib/test/auto/RecordAssemblerDisplayNameTest.xml (RunModel)" time="2.869" />
  <testcase classname="ptolemy.util.test.junit.AutoTests" name="[311] /home/travis/build/icyphy/ptII/ptolemy/actor/lib/test/auto/RecordAssemblerTypeError.xml (RunModel)" time="0.029" />
  <testcase classname="ptolemy.util.test.junit.AutoTests" name="[312] /home/travis/build/icyphy/ptII/ptolemy/actor/lib/test/auto/RecordDisassember.xml (RunModel)" time="0.009" />
  <testcase classname="ptolemy.util.test.junit.AutoTests" name="[313] /home/travis/build/icyphy/ptII/ptolemy/actor/lib/test/auto/RecordDisassemberDisplayNameTest.xml (RunModel)" time="0.016" />
  <testcase classname="ptolemy.util.test.junit.AutoTests" name="[314] /home/travis/build/icyphy/ptII/ptolemy/actor/lib/test/auto/RecordDisassembler.xml (RunModel)" time="0.01" />
  <testcase classname="ptolemy.util.test.junit.AutoTests" name="[315] /home/travis/build/icyphy/ptII/ptolemy/actor/lib/test/auto/RecordDisassembler2.xml (RunModel)" time="0.014" />
  <testcase classname="ptolemy.util.test.junit.AutoTests" name="[316] /home/travis/build/icyphy/ptII/ptolemy/actor/lib/test/auto/RecordUpdater.xml (RunModel)" time="0.01" />
  <testcase classname="ptolemy.util.test.junit.AutoTests" name="[317] /home/travis/build/icyphy/ptII/ptolemy/actor/lib/test/auto/RecordUpdater2.xml (RunModel)" time="0.008" />
  <testcase classname="ptolemy.util.test.junit.AutoTests" name="[318] /home/travis/build/icyphy/ptII/ptolemy/actor/lib/test/auto/RecursiveLattice.xml (RunModel)" time="0.008" />
  <testcase classname="ptolemy.util.test.junit.AutoTests" name="[319] /home/travis/build/icyphy/ptII/ptolemy/actor/lib/test/auto/Router.xml (RunModel)" time="3.021" />
  <testcase classname="ptolemy.util.test.junit.AutoTests" name="[320] /home/travis/build/icyphy/ptII/ptolemy/actor/lib/test/auto/Router2.xml (RunModel)" time="3.023" />
  <testcase classname="ptolemy.util.test.junit.AutoTests" name="[321] /home/travis/build/icyphy/ptII/ptolemy/actor/lib/test/auto/RunningMaximum.xml (RunModel)" time="0.014" />
  <testcase classname="ptolemy.util.test.junit.AutoTests" name="[322] /home/travis/build/icyphy/ptII/ptolemy/actor/lib/test/auto/RunningMinimum.xml (RunModel)" time="0.011" />
  <testcase classname="ptolemy.util.test.junit.AutoTests" name="[323] /home/travis/build/icyphy/ptII/ptolemy/actor/lib/test/auto/Scale.xml (RunModel)" time="0.007" />
  <testcase classname="ptolemy.util.test.junit.AutoTests" name="[324] /home/travis/build/icyphy/ptII/ptolemy/actor/lib/test/auto/Scale2.xml (RunModel)" time="0.009" />
  <testcase classname="ptolemy.util.test.junit.AutoTests" name="[325] /home/travis/build/icyphy/ptII/ptolemy/actor/lib/test/auto/Scale3.xml (RunModel)" time="0.014" />
  <testcase classname="ptolemy.util.test.junit.AutoTests" name="[326] /home/travis/build/icyphy/ptII/ptolemy/actor/lib/test/auto/ScaleArray.xml (RunModel)" time="0.007" />
  <testcase classname="ptolemy.util.test.junit.AutoTests" name="[327] /home/travis/build/icyphy/ptII/ptolemy/actor/lib/test/auto/ScaleArray2.xml (RunModel)" time="0.008" />
  <testcase classname="ptolemy.util.test.junit.AutoTests" name="[328] /home/travis/build/icyphy/ptII/ptolemy/actor/lib/test/auto/ScaleMatrix.xml (RunModel)" time="0.127" />
  <testcase classname="ptolemy.util.test.junit.AutoTests" name="[329] /home/travis/build/icyphy/ptII/ptolemy/actor/lib/test/auto/Select.xml (RunModel)" time="0.016" />
  <testcase classname="ptolemy.util.test.junit.AutoTests" name="[330] /home/travis/build/icyphy/ptII/ptolemy/actor/lib/test/auto/Select2.xml (RunModel)" time="0.012" />
  <testcase classname="ptolemy.util.test.junit.AutoTests" name="[331] /home/travis/build/icyphy/ptII/ptolemy/actor/lib/test/auto/SequenceToArray2.xml (RunModel)" time="0.092" />
  <testcase classname="ptolemy.util.test.junit.AutoTests" name="[332] /home/travis/build/icyphy/ptII/ptolemy/actor/lib/test/auto/SequentialClock.xml (RunModel)" time="0.008" />
  <testcase classname="ptolemy.util.test.junit.AutoTests" name="[333] /home/travis/build/icyphy/ptII/ptolemy/actor/lib/test/auto/SetVariable.xml (RunModel)" time="0.011" />
  <testcase classname="ptolemy.util.test.junit.AutoTests" name="[334] /home/travis/build/icyphy/ptII/ptolemy/actor/lib/test/auto/SetVariable2.xml (RunModel)" time="0.011" />
  <testcase classname="ptolemy.util.test.junit.AutoTests" name="[335] /home/travis/build/icyphy/ptII/ptolemy/actor/lib/test/auto/SetVariable3.xml (RunModel)" time="0.014" />
  <testcase classname="ptolemy.util.test.junit.AutoTests" name="[336] /home/travis/build/icyphy/ptII/ptolemy/actor/lib/test/auto/SetVariable4.xml (RunModel)" time="0.033" />
  <testcase classname="ptolemy.util.test.junit.AutoTests" name="[337] /home/travis/build/icyphy/ptII/ptolemy/actor/lib/test/auto/SetVariable5.xml (RunModel)" time="0.031" />
  <testcase classname="ptolemy.util.test.junit.AutoTests" name="[338] /home/travis/build/icyphy/ptII/ptolemy/actor/lib/test/auto/Sinewave.xml (RunModel)" time="0.026" />
  <testcase classname="ptolemy.util.test.junit.AutoTests" name="[339] /home/travis/build/icyphy/ptII/ptolemy/actor/lib/test/auto/Sinewave2.xml (RunModel)" time="0.013" />
  <testcase classname="ptolemy.util.test.junit.AutoTests" name="[340] /home/travis/build/icyphy/ptII/ptolemy/actor/lib/test/auto/Sinewave3.xml (RunModel)" time="0.015" />
  <testcase classname="ptolemy.util.test.junit.AutoTests" name="[341] /home/travis/build/icyphy/ptII/ptolemy/actor/lib/test/auto/SingleEvent.xml (RunModel)" time="0.006" />
  <testcase classname="ptolemy.util.test.junit.AutoTests" name="[342] /home/travis/build/icyphy/ptII/ptolemy/actor/lib/test/auto/Sleep.xml (RunModel)" time="6.012" />
  <testcase classname="ptolemy.util.test.junit.AutoTests" name="[343] /home/travis/build/icyphy/ptII/ptolemy/actor/lib/test/auto/SleepMultipleFire.xml (RunModel)" time="1.027" />
  <testcase classname="ptolemy.util.test.junit.AutoTests" name="[344] /home/travis/build/icyphy/ptII/ptolemy/actor/lib/test/auto/StopDE.xml (RunModel)" time="0.013" />
  <testcase classname="ptolemy.util.test.junit.AutoTests" name="[345] /home/travis/build/icyphy/ptII/ptolemy/actor/lib/test/auto/StopSDF.xml (RunModel)" time="0.017" />
  <testcase classname="ptolemy.util.test.junit.AutoTests" name="[346] /home/travis/build/icyphy/ptII/ptolemy/actor/lib/test/auto/StringConstant.xml (RunModel)" time="0.007" />
  <testcase classname="ptolemy.util.test.junit.AutoTests" name="[347] /home/travis/build/icyphy/ptII/ptolemy/actor/lib/test/auto/SubscriberPortInitialValues1.xml (RunModel)" time="0.015" />
  <testcase classname="ptolemy.util.test.junit.AutoTests" name="[348] /home/travis/build/icyphy/ptII/ptolemy/actor/lib/test/auto/SubscriberPortInitialValues13.xml (RunModel)" time="0.02" />
  <testcase classname="ptolemy.util.test.junit.AutoTests" name="[349] /home/travis/build/icyphy/ptII/ptolemy/actor/lib/test/auto/SubscriberPortInitialValues14.xml (RunModel)" time="0.013" />
  <testcase classname="ptolemy.util.test.junit.AutoTests" name="[350] /home/travis/build/icyphy/ptII/ptolemy/actor/lib/test/auto/SubscriberPortInitialValues2.xml (RunModel)" time="0.013" />
  <testcase classname="ptolemy.util.test.junit.AutoTests" name="[351] /home/travis/build/icyphy/ptII/ptolemy/actor/lib/test/auto/SubscriberPortInitialValues3.xml (RunModel)" time="0.017" />
  <testcase classname="ptolemy.util.test.junit.AutoTests" name="[352] /home/travis/build/icyphy/ptII/ptolemy/actor/lib/test/auto/SubscriptionAggregator.xml (RunModel)" time="0.01" />
  <testcase classname="ptolemy.util.test.junit.AutoTests" name="[353] /home/travis/build/icyphy/ptII/ptolemy/actor/lib/test/auto/SubscriptionAggregator2.xml (RunModel)" time="0.01" />
  <testcase classname="ptolemy.util.test.junit.AutoTests" name="[354] /home/travis/build/icyphy/ptII/ptolemy/actor/lib/test/auto/SubscriptionAggregator3.xml (RunModel)" time="0.014" />
  <testcase classname="ptolemy.util.test.junit.AutoTests" name="[355] /home/travis/build/icyphy/ptII/ptolemy/actor/lib/test/auto/SubscriptionAggregatorMultiply.xml (RunModel)" time="0.014" />
  <testcase classname="ptolemy.util.test.junit.AutoTests" name="[356] /home/travis/build/icyphy/ptII/ptolemy/actor/lib/test/auto/SubscriptionAggregatorPortMultiply1.xml (RunModel)" time="0.012" />
  <testcase classname="ptolemy.util.test.junit.AutoTests" name="[357] /home/travis/build/icyphy/ptII/ptolemy/actor/lib/test/auto/Switch.xml (RunModel)" time="0.012" />
  <testcase classname="ptolemy.util.test.junit.AutoTests" name="[358] /home/travis/build/icyphy/ptII/ptolemy/actor/lib/test/auto/Switch2.xml (RunModel)" time="0.012" />
  <testcase classname="ptolemy.util.test.junit.AutoTests" name="[359] /home/travis/build/icyphy/ptII/ptolemy/actor/lib/test/auto/SwitchDE.xml (RunModel)" time="0.011" />
  <testcase classname="ptolemy.util.test.junit.AutoTests" name="[360] /home/travis/build/icyphy/ptII/ptolemy/actor/lib/test/auto/SynchronizerDE.xml (RunModel)" time="0.016" />
  <testcase classname="ptolemy.util.test.junit.AutoTests" name="[361] /home/travis/build/icyphy/ptII/ptolemy/actor/lib/test/auto/Test.xml (RunModel)" time="0.008" />
  <testcase classname="ptolemy.util.test.junit.AutoTests" name="[362] /home/travis/build/icyphy/ptII/ptolemy/actor/lib/test/auto/TestExceptionAttribute1.xml (RunModel)" time="0.005" />
  <testcase classname="ptolemy.util.test.junit.AutoTests" name="[363] /home/travis/build/icyphy/ptII/ptolemy/actor/lib/test/auto/TestExceptionAttribute2.xml (RunModel)" time="0.005" />
  <testcase classname="ptolemy.util.test.junit.AutoTests" name="[364] /home/travis/build/icyphy/ptII/ptolemy/actor/lib/test/auto/TestExceptionAttribute3.xml (RunModel)" time="0.005" />
  <testcase classname="ptolemy.util.test.junit.AutoTests" name="[365] /home/travis/build/icyphy/ptII/ptolemy/actor/lib/test/auto/TestExceptionAttribute4.xml (RunModel)" time="0.005" />
  <testcase classname="ptolemy.util.test.junit.AutoTests" name="[366] /home/travis/build/icyphy/ptII/ptolemy/actor/lib/test/auto/TestExceptionHandler1.xml (RunModel)" time="0.005" />
  <testcase classname="ptolemy.util.test.junit.AutoTests" name="[367] /home/travis/build/icyphy/ptII/ptolemy/actor/lib/test/auto/TestExceptionHandler2.xml (RunModel)" time="0.005" />
  <testcase classname="ptolemy.util.test.junit.AutoTests" name="[368] /home/travis/build/icyphy/ptII/ptolemy/actor/lib/test/auto/TestExceptionHandler3.xml (RunModel)" time="0.005" />
  <testcase classname="ptolemy.util.test.junit.AutoTests" name="[369] /home/travis/build/icyphy/ptII/ptolemy/actor/lib/test/auto/TestExceptionHandler4.xml (RunModel)" time="0.005" />
  <testcase classname="ptolemy.util.test.junit.AutoTests" name="[370] /home/travis/build/icyphy/ptII/ptolemy/actor/lib/test/auto/TestRequireCorrectOrder.xml (RunModel)" time="0.009" />
  <testcase classname="ptolemy.util.test.junit.AutoTests" name="[371] /home/travis/build/icyphy/ptII/ptolemy/actor/lib/test/auto/TestSimple.xml (RunModel)" time="0.006" />
  <testcase classname="ptolemy.util.test.junit.AutoTests" name="[372] /home/travis/build/icyphy/ptII/ptolemy/actor/lib/test/auto/ThrowModelError.xml (RunModel)" time="0.009" />
  <testcase classname="ptolemy.util.test.junit.AutoTests" name="[373] /home/travis/build/icyphy/ptII/ptolemy/actor/lib/test/auto/TimeDelayMicrosteps.xml (RunModel)" time="0.012" />
  <testcase classname="ptolemy.util.test.junit.AutoTests" name="[374] /home/travis/build/icyphy/ptII/ptolemy/actor/lib/test/auto/TimeDelayMicrosteps2.xml (RunModel)" time="0.013" />
  <testcase classname="ptolemy.util.test.junit.AutoTests" name="[375] /home/travis/build/icyphy/ptII/ptolemy/actor/lib/test/auto/TimeDelayMicrosteps3.xml (RunModel)" time="0.012" />
  <testcase classname="ptolemy.util.test.junit.AutoTests" name="[376] /home/travis/build/icyphy/ptII/ptolemy/actor/lib/test/auto/TimeDelayVariableMicrosteps.xml (RunModel)" time="0.01" />
  <testcase classname="ptolemy.util.test.junit.AutoTests" name="[377] /home/travis/build/icyphy/ptII/ptolemy/actor/lib/test/auto/TimeGap.xml (RunModel)" time="0.011" />
  <testcase classname="ptolemy.util.test.junit.AutoTests" name="[378] /home/travis/build/icyphy/ptII/ptolemy/actor/lib/test/auto/TimeGap2.xml (RunModel)" time="0.009" />
  <testcase classname="ptolemy.util.test.junit.AutoTests" name="[379] /home/travis/build/icyphy/ptII/ptolemy/actor/lib/test/auto/TimedSinewave.xml (RunModel)" time="0.035" />
  <testcase classname="ptolemy.util.test.junit.AutoTests" name="[380] /home/travis/build/icyphy/ptII/ptolemy/actor/lib/test/auto/TimedSinewavePhase.xml (RunModel)" time="0.041" />
  <testcase classname="ptolemy.util.test.junit.AutoTests" name="[381] /home/travis/build/icyphy/ptII/ptolemy/actor/lib/test/auto/Timer.xml (RunModel)" time="0.01" />
  <testcase classname="ptolemy.util.test.junit.AutoTests" name="[382] /home/travis/build/icyphy/ptII/ptolemy/actor/lib/test/auto/TriangularDistTestModel.xml (RunModel)" time="0.018" />
  <testcase classname="ptolemy.util.test.junit.AutoTests" name="[383] /home/travis/build/icyphy/ptII/ptolemy/actor/lib/test/auto/TrigFunction.xml (RunModel)" time="0.009" />
  <testcase classname="ptolemy.util.test.junit.AutoTests" name="[384] /home/travis/build/icyphy/ptII/ptolemy/actor/lib/test/auto/TrigFunctionDE.xml (RunModel)" time="0.01" />
  <testcase classname="ptolemy.util.test.junit.AutoTests" name="[385] /home/travis/build/icyphy/ptII/ptolemy/actor/lib/test/auto/TrigFunctionInverse.xml (RunModel)" time="0.01" />
  <testcase classname="ptolemy.util.test.junit.AutoTests" name="[386] /home/travis/build/icyphy/ptII/ptolemy/actor/lib/test/auto/TrigFunctionTan.xml (RunModel)" time="0.006" />
  <testcase classname="ptolemy.util.test.junit.AutoTests" name="[387] /home/travis/build/icyphy/ptII/ptolemy/actor/lib/test/auto/TriggeredClock.xml (RunModel)" time="0.008" />
  <testcase classname="ptolemy.util.test.junit.AutoTests" name="[388] /home/travis/build/icyphy/ptII/ptolemy/actor/lib/test/auto/URLDirectoryReader.xml (RunModel)" time="0.095" />
  <testcase classname="ptolemy.util.test.junit.AutoTests" name="[389] /home/travis/build/icyphy/ptII/ptolemy/actor/lib/test/auto/URLDirectoryReader3.xml (RunModel)" time="1.413" />
  <testcase classname="ptolemy.util.test.junit.AutoTests" name="[390] /home/travis/build/icyphy/ptII/ptolemy/actor/lib/test/auto/UnaryMathFunction.xml (RunModel)" time="0.029" />
  <testcase classname="ptolemy.util.test.junit.AutoTests" name="[391] /home/travis/build/icyphy/ptII/ptolemy/actor/lib/test/auto/Uniform.xml (RunModel)" time="0.032" />
  <testcase classname="ptolemy.util.test.junit.AutoTests" name="[392] /home/travis/build/icyphy/ptII/ptolemy/actor/lib/test/auto/UnionDisassemblerTest.xml (RunModel)" time="0.033" />
  <testcase classname="ptolemy.util.test.junit.AutoTests" name="[393] /home/travis/build/icyphy/ptII/ptolemy/actor/lib/test/auto/UtilityFunctions.xml (RunModel)" time="0.025" />
  <testcase classname="ptolemy.util.test.junit.AutoTests" name="[394] /home/travis/build/icyphy/ptII/ptolemy/actor/lib/test/auto/VariableSleep.xml (RunModel)" time="0.526" />
  <testcase classname="ptolemy.util.test.junit.AutoTests" name="[395] /home/travis/build/icyphy/ptII/ptolemy/actor/lib/test/auto/VectorAssemblerDisassemblerCT.xml (RunModel)" time="0.122" />
  <testcase classname="ptolemy.util.test.junit.AutoTests" name="[396] /home/travis/build/icyphy/ptII/ptolemy/actor/lib/test/auto/VectorAssemblerDisassemblerDE.xml (RunModel)" time="0.014" />
  <testcase classname="ptolemy.util.test.junit.AutoTests" name="[397] /home/travis/build/icyphy/ptII/ptolemy/actor/lib/test/auto/VectorAssemblerDisassemblerSDF.xml (RunModel)" time="0.012" />
  <testcase classname="ptolemy.util.test.junit.AutoTests" name="[398] /home/travis/build/icyphy/ptII/ptolemy/actor/lib/test/auto/WallClockTime.xml (RunModel)" time="1.012" />
  <testcase classname="ptolemy.util.test.junit.AutoTests" name="[399] /home/travis/build/icyphy/ptII/ptolemy/actor/lib/test/auto/WidthTestWithSubscriberPublisher.xml (RunModel)" time="0.038" />
  <testcase classname="ptolemy.util.test.junit.AutoTests" name="[400] /home/travis/build/icyphy/ptII/ptolemy/actor/lib/test/auto/WidthTestWithSubscriberPublisher2.xml (RunModel)" time="0.013" />
  <testcase classname="ptolemy.util.test.junit.AutoTests" name="[401] /home/travis/build/icyphy/ptII/ptolemy/actor/lib/test/auto/WidthTestWithSubscriberPublisher3.xml (RunModel)" time="0.01" />
  <testcase classname="ptolemy.util.test.junit.AutoTests" name="[402] /home/travis/build/icyphy/ptII/ptolemy/actor/lib/test/auto/Writer.xml (RunModel)" time="0.01" />
  <testcase classname="ptolemy.util.test.junit.AutoTests" name="[403] /home/travis/build/icyphy/ptII/ptolemy/actor/lib/test/auto/array.xml (RunModel)" time="0.007" />
  <testcase classname="ptolemy.util.test.junit.AutoTests" name="[404] /home/travis/build/icyphy/ptII/ptolemy/actor/lib/test/auto/array2.xml (RunModel)" time="0.011" />
  <testcase classname="ptolemy.util.test.junit.AutoTests" name="[405] /home/travis/build/icyphy/ptII/ptolemy/actor/lib/test/auto/arrayType.xml (RunModel)" time="0.008" />
  <testcase classname="ptolemy.util.test.junit.AutoTests" name="[406] /home/travis/build/icyphy/ptII/ptolemy/actor/lib/test/auto/arrayType10.xml (RunModel)" time="0.007" />
  <testcase classname="ptolemy.util.test.junit.AutoTests" name="[407] /home/travis/build/icyphy/ptII/ptolemy/actor/lib/test/auto/arrayType11.xml (RunModel)" time="0.007" />
  <testcase classname="ptolemy.util.test.junit.AutoTests" name="[408] /home/travis/build/icyphy/ptII/ptolemy/actor/lib/test/auto/arrayType12.xml (RunModel)" time="0.008" />
  <testcase classname="ptolemy.util.test.junit.AutoTests" name="[409] /home/travis/build/icyphy/ptII/ptolemy/actor/lib/test/auto/arrayType13.xml (RunModel)" time="0.008" />
  <testcase classname="ptolemy.util.test.junit.AutoTests" name="[410] /home/travis/build/icyphy/ptII/ptolemy/actor/lib/test/auto/arrayType14.xml (RunModel)" time="0.008" />
  <testcase classname="ptolemy.util.test.junit.AutoTests" name="[411] /home/travis/build/icyphy/ptII/ptolemy/actor/lib/test/auto/arrayType15.xml (RunModel)" time="0.009" />
  <testcase classname="ptolemy.util.test.junit.AutoTests" name="[412] /home/travis/build/icyphy/ptII/ptolemy/actor/lib/test/auto/arrayType16.xml (RunModel)" time="0.008" />
  <testcase classname="ptolemy.util.test.junit.AutoTests" name="[413] /home/travis/build/icyphy/ptII/ptolemy/actor/lib/test/auto/arrayType17.xml (RunModel)" time="0.008" />
  <testcase classname="ptolemy.util.test.junit.AutoTests" name="[414] /home/travis/build/icyphy/ptII/ptolemy/actor/lib/test/auto/arrayType18.xml (RunModel)" time="0.008" />
  <testcase classname="ptolemy.util.test.junit.AutoTests" name="[415] /home/travis/build/icyphy/ptII/ptolemy/actor/lib/test/auto/arrayType19.xml (RunModel)" time="0.007" />
  <testcase classname="ptolemy.util.test.junit.AutoTests" name="[416] /home/travis/build/icyphy/ptII/ptolemy/actor/lib/test/auto/arrayType2.xml (RunModel)" time="0.009" />
  <testcase classname="ptolemy.util.test.junit.AutoTests" name="[417] /home/travis/build/icyphy/ptII/ptolemy/actor/lib/test/auto/arrayType20.xml (RunModel)" time="0.01" />
  <testcase classname="ptolemy.util.test.junit.AutoTests" name="[418] /home/travis/build/icyphy/ptII/ptolemy/actor/lib/test/auto/arrayType21.xml (RunModel)" time="0.008" />
  <testcase classname="ptolemy.util.test.junit.AutoTests" name="[419] /home/travis/build/icyphy/ptII/ptolemy/actor/lib/test/auto/arrayType22.xml (RunModel)" time="0.008" />
  <testcase classname="ptolemy.util.test.junit.AutoTests" name="[420] /home/travis/build/icyphy/ptII/ptolemy/actor/lib/test/auto/arrayType23.xml (RunModel)" time="0.009" />
  <testcase classname="ptolemy.util.test.junit.AutoTests" name="[421] /home/travis/build/icyphy/ptII/ptolemy/actor/lib/test/auto/arrayType24.xml (RunModel)" time="0.009" />
  <testcase classname="ptolemy.util.test.junit.AutoTests" name="[422] /home/travis/build/icyphy/ptII/ptolemy/actor/lib/test/auto/arrayType25.xml (RunModel)" time="0.009" />
  <testcase classname="ptolemy.util.test.junit.AutoTests" name="[423] /home/travis/build/icyphy/ptII/ptolemy/actor/lib/test/auto/arrayType26.xml (RunModel)" time="0.01" />
  <testcase classname="ptolemy.util.test.junit.AutoTests" name="[424] /home/travis/build/icyphy/ptII/ptolemy/actor/lib/test/auto/arrayType27.xml (RunModel)" time="0.029" />
  <testcase classname="ptolemy.util.test.junit.AutoTests" name="[425] /home/travis/build/icyphy/ptII/ptolemy/actor/lib/test/auto/arrayType28.xml (RunModel)" time="0.022" />
  <testcase classname="ptolemy.util.test.junit.AutoTests" name="[426] /home/travis/build/icyphy/ptII/ptolemy/actor/lib/test/auto/arrayType3.xml (RunModel)" time="0.008" />
  <testcase classname="ptolemy.util.test.junit.AutoTests" name="[427] /home/travis/build/icyphy/ptII/ptolemy/actor/lib/test/auto/arrayType4.xml (RunModel)" time="0.009" />
  <testcase classname="ptolemy.util.test.junit.AutoTests" name="[428] /home/travis/build/icyphy/ptII/ptolemy/actor/lib/test/auto/arrayType5.xml (RunModel)" time="0.008" />
  <testcase classname="ptolemy.util.test.junit.AutoTests" name="[429] /home/travis/build/icyphy/ptII/ptolemy/actor/lib/test/auto/arrayType6.xml (RunModel)" time="0.007" />
  <testcase classname="ptolemy.util.test.junit.AutoTests" name="[430] /home/travis/build/icyphy/ptII/ptolemy/actor/lib/test/auto/arrayType7.xml (RunModel)" time="0.008" />
  <testcase classname="ptolemy.util.test.junit.AutoTests" name="[431] /home/travis/build/icyphy/ptII/ptolemy/actor/lib/test/auto/arrayType8.xml (RunModel)" time="0.008" />
  <testcase classname="ptolemy.util.test.junit.AutoTests" name="[432] /home/travis/build/icyphy/ptII/ptolemy/actor/lib/test/auto/arrayType9.xml (RunModel)" time="0.007" />
  <testcase classname="ptolemy.util.test.junit.AutoTests" name="[433] /home/travis/build/icyphy/ptII/ptolemy/actor/lib/test/auto/cast.xml (RunModel)" time="0.008" />
  <testcase classname="ptolemy.util.test.junit.AutoTests" name="[434] /home/travis/build/icyphy/ptII/ptolemy/actor/lib/test/auto/compositeMultiPort.xml (RunModel)" time="0.015" />
  <testcase classname="ptolemy.util.test.junit.AutoTests" name="[435] /home/travis/build/icyphy/ptII/ptolemy/actor/lib/test/auto/expressionCastInference.xml (RunModel)" time="0.007" />
  <testcase classname="ptolemy.util.test.junit.AutoTests" name="[436] /home/travis/build/icyphy/ptII/ptolemy/actor/lib/test/auto/expressionCastInference2.xml (RunModel)" time="0.007" />
  <testcase classname="ptolemy.util.test.junit.AutoTests" name="[437] /home/travis/build/icyphy/ptII/ptolemy/actor/lib/test/auto/expressionInference.xml (RunModel)" time="0.008" />
  <testcase classname="ptolemy.util.test.junit.AutoTests" name="[438] /home/travis/build/icyphy/ptII/ptolemy/actor/lib/test/auto/expression_bug.xml (RunModel)" time="0.006" />
  <testcase classname="ptolemy.util.test.junit.AutoTests" name="[439] /home/travis/build/icyphy/ptII/ptolemy/actor/lib/test/auto/factorial.xml (RunModel)" time="0.041" />
  <testcase classname="ptolemy.util.test.junit.AutoTests" name="[440] /home/travis/build/icyphy/ptII/ptolemy/actor/lib/test/auto/filterTest1.xml (RunModel)" time="0.011" />
  <testcase classname="ptolemy.util.test.junit.AutoTests" name="[441] /home/travis/build/icyphy/ptII/ptolemy/actor/lib/test/auto/funcApplyInConst.xml (RunModel)" time="0.005" />
  <testcase classname="ptolemy.util.test.junit.AutoTests" name="[442] /home/travis/build/icyphy/ptII/ptolemy/actor/lib/test/auto/funcApplyInExpr.xml (RunModel)" time="0.004" />
  <testcase classname="ptolemy.util.test.junit.AutoTests" name="[443] /home/travis/build/icyphy/ptII/ptolemy/actor/lib/test/auto/function.xml (RunModel)" time="0.007" />
  <testcase classname="ptolemy.util.test.junit.AutoTests" name="[444] /home/travis/build/icyphy/ptII/ptolemy/actor/lib/test/auto/function2.xml (RunModel)" time="0.008" />
  <testcase classname="ptolemy.util.test.junit.AutoTests" name="[445] /home/travis/build/icyphy/ptII/ptolemy/actor/lib/test/auto/function3.xml (RunModel)" time="0.006" />
  <testcase classname="ptolemy.util.test.junit.AutoTests" name="[446] /home/travis/build/icyphy/ptII/ptolemy/actor/lib/test/auto/functionClosureTest1.xml (RunModel)" time="0.009" />
  <testcase classname="ptolemy.util.test.junit.AutoTests" name="[447] /home/travis/build/icyphy/ptII/ptolemy/actor/lib/test/auto/functionClosureTest2.xml (RunModel)" time="0.006" />
  <testcase classname="ptolemy.util.test.junit.AutoTests" name="[448] /home/travis/build/icyphy/ptII/ptolemy/actor/lib/test/auto/functionClosureTest3.xml (RunModel)" time="0.007" />
  <testcase classname="ptolemy.util.test.junit.AutoTests" name="[449] /home/travis/build/icyphy/ptII/ptolemy/actor/lib/test/auto/functionClosureTest4.xml (RunModel)" time="0.011" />
  <testcase classname="ptolemy.util.test.junit.AutoTests" name="[450] /home/travis/build/icyphy/ptII/ptolemy/actor/lib/test/auto/functionClosureTest5.xml (RunModel)" time="0.009" />
  <testcase classname="ptolemy.util.test.junit.AutoTests" name="[451] /home/travis/build/icyphy/ptII/ptolemy/actor/lib/test/auto/functionClosureTest6.xml (RunModel)" time="0.007" />
  <testcase classname="ptolemy.util.test.junit.AutoTests" name="[452] /home/travis/build/icyphy/ptII/ptolemy/actor/lib/test/auto/functionsOnArcs.xml (RunModel)" time="0.008" />
  <testcase classname="ptolemy.util.test.junit.AutoTests" name="[453] /home/travis/build/icyphy/ptII/ptolemy/actor/lib/test/auto/functionsOnArcsHOF.xml (RunModel)" time="0.01" />
  <testcase classname="ptolemy.util.test.junit.AutoTests" name="[454] /home/travis/build/icyphy/ptII/ptolemy/actor/lib/test/auto/logic.xml (RunModel)" time="0.015" />
  <testcase classname="ptolemy.util.test.junit.AutoTests" name="[455] /home/travis/build/icyphy/ptII/ptolemy/actor/lib/test/auto/matrixType.xml (RunModel)" time="0.008" />
  <testcase classname="ptolemy.util.test.junit.AutoTests" name="[456] /home/travis/build/icyphy/ptII/ptolemy/actor/lib/test/auto/matrixType10.xml (RunModel)" time="0.008" />
  <testcase classname="ptolemy.util.test.junit.AutoTests" name="[457] /home/travis/build/icyphy/ptII/ptolemy/actor/lib/test/auto/matrixType11.xml (RunModel)" time="0.007" />
  <testcase classname="ptolemy.util.test.junit.AutoTests" name="[458] /home/travis/build/icyphy/ptII/ptolemy/actor/lib/test/auto/matrixType12.xml (RunModel)" time="0.007" />
  <testcase classname="ptolemy.util.test.junit.AutoTests" name="[459] /home/travis/build/icyphy/ptII/ptolemy/actor/lib/test/auto/matrixType13.xml (RunModel)" time="0.007" />
  <testcase classname="ptolemy.util.test.junit.AutoTests" name="[460] /home/travis/build/icyphy/ptII/ptolemy/actor/lib/test/auto/matrixType14.xml (RunModel)" time="0.008" />
  <testcase classname="ptolemy.util.test.junit.AutoTests" name="[461] /home/travis/build/icyphy/ptII/ptolemy/actor/lib/test/auto/matrixType2.xml (RunModel)" time="0.009" />
  <testcase classname="ptolemy.util.test.junit.AutoTests" name="[462] /home/travis/build/icyphy/ptII/ptolemy/actor/lib/test/auto/matrixType3.xml (RunModel)" time="0.007" />
  <testcase classname="ptolemy.util.test.junit.AutoTests" name="[463] /home/travis/build/icyphy/ptII/ptolemy/actor/lib/test/auto/matrixType4.xml (RunModel)" time="0.007" />
  <testcase classname="ptolemy.util.test.junit.AutoTests" name="[464] /home/travis/build/icyphy/ptII/ptolemy/actor/lib/test/auto/matrixType5.xml (RunModel)" time="0.007" />
  <testcase classname="ptolemy.util.test.junit.AutoTests" name="[465] /home/travis/build/icyphy/ptII/ptolemy/actor/lib/test/auto/matrixType6.xml (RunModel)" time="0.007" />
  <testcase classname="ptolemy.util.test.junit.AutoTests" name="[466] /home/travis/build/icyphy/ptII/ptolemy/actor/lib/test/auto/matrixType7.xml (RunModel)" time="0.007" />
  <testcase classname="ptolemy.util.test.junit.AutoTests" name="[467] /home/travis/build/icyphy/ptII/ptolemy/actor/lib/test/auto/matrixType8.xml (RunModel)" time="0.008" />
  <testcase classname="ptolemy.util.test.junit.AutoTests" name="[468] /home/travis/build/icyphy/ptII/ptolemy/actor/lib/test/auto/matrixType9.xml (RunModel)" time="0.006" />
  <testcase classname="ptolemy.util.test.junit.AutoTests" name="[469] /home/travis/build/icyphy/ptII/ptolemy/actor/lib/test/auto/paraFunctest.xml (RunModel)" time="0.006" />
  <testcase classname="ptolemy.util.test.junit.AutoTests" name="[470] /home/travis/build/icyphy/ptII/ptolemy/actor/lib/test/auto/paraFunctest2.xml (RunModel)" time="0.006" />
  <testcase classname="ptolemy.util.test.junit.AutoTests" name="[471] /home/travis/build/icyphy/ptII/ptolemy/actor/lib/test/auto/parameterPassing.xml (RunModel)" time="0.007" />
  <testcase classname="ptolemy.util.test.junit.AutoTests" name="[472] /home/travis/build/icyphy/ptII/ptolemy/actor/lib/test/auto/record.xml (RunModel)" time="0.007" />
  <testcase classname="ptolemy.util.test.junit.AutoTests" name="[473] /home/travis/build/icyphy/ptII/ptolemy/actor/lib/test/auto/sizedarray1.xml (RunModel)" time="0.007" />
  <testcase classname="ptolemy.util.test.junit.AutoTests" name="[474] /home/travis/build/icyphy/ptII/ptolemy/actor/lib/test/auto/sizedarray2.xml (RunModel)" time="0.008" />
  <testcase classname="ptolemy.util.test.junit.AutoTests" name="[475] /home/travis/build/icyphy/ptII/ptolemy/actor/lib/test/auto/twoPublishers.xml (RunModel)" time="0.016" />
  <system-out><![CDATA[/home/travis/build/icyphy/ptII/ptolemy/actor/lib/test/AbsoluteValue.tcl
testDefs.tcl: setting time out to 9000 seconds at Sun Nov 18 02:45:51 UTC 2018
73 ms. Memory: 116224K Free: 106757K (92%)
6 ms. Memory: 116224K Free: 105561K (91%)
9 ms. Memory: 116224K Free: 104366K (90%)
7 ms. Memory: 116224K Free: 103761K (89%)
/home/travis/build/icyphy/ptII/ptolemy/actor/lib/test/AddSubtract.tcl
12 ms. Memory: 116224K Free: 101974K (88%)
12 ms. Memory: 116224K Free: 100779K (87%)
5 ms. Memory: 116224K Free: 100189K (86%)
11 ms. Memory: 116224K Free: 99584K (86%)
4 ms. Memory: 116224K Free: 98405K (85%)
10 ms. Memory: 116224K Free: 97815K (84%)
/home/travis/build/icyphy/ptII/ptolemy/actor/lib/test/Average.tcl
9 ms. Memory: 116224K Free: 96038K (83%)
6 ms. Memory: 116224K Free: 94819K (82%)
/home/travis/build/icyphy/ptII/ptolemy/actor/lib/test/Bernoulli.tcl
10 ms. Memory: 116224K Free: 93010K (80%)
2 ms. Memory: 116224K Free: 93010K (80%)
/home/travis/build/icyphy/ptII/ptolemy/actor/lib/test/Clock.tcl
preinitializing
resolving types
initializing
executing number 1
wrapping up
idle
19 ms. Memory: 116224K Free: 90636K (78%)
Completed execution with 5 iterations
preinitializing
resolving types
initializing
executing number 1
wrapping up
idle
9 ms. Memory: 116224K Free: 90030K (77%)
Completed execution with 5 iterations
preinitializing
resolving types
initializing
executing number 1
wrapping up
idle
3 ms. Memory: 116224K Free: 89441K (77%)
Completed execution with 5 iterations
/home/travis/build/icyphy/ptII/ptolemy/actor/lib/test/Commutator.tcl
5 ms. Memory: 116224K Free: 87075K (75%)
12 ms. Memory: 116224K Free: 85839K (74%)
7 ms. Memory: 116224K Free: 81592K (70%)
/home/travis/build/icyphy/ptII/ptolemy/actor/lib/test/Const.tcl
12 ms. Memory: 146944K Free: 138779K (94%)
2 ms. Memory: 146944K Free: 137586K (94%)
2 ms. Memory: 146944K Free: 137586K (94%)
6 ms. Memory: 146944K Free: 136377K (93%)
2 ms. Memory: 146944K Free: 136377K (93%)
24 ms. Memory: 146944K Free: 133991K (91%)
4 ms. Memory: 146944K Free: 132782K (90%)
4 ms. Memory: 146944K Free: 132782K (90%)
/home/travis/build/icyphy/ptII/ptolemy/actor/lib/test/CurrentTime.tcl
preinitializing
resolving types
initializing
executing number 1
wrapping up
idle
9 ms. Memory: 146944K Free: 130379K (89%)
Completed execution with 11 iterations
/home/travis/build/icyphy/ptII/ptolemy/actor/lib/test/DB.tcl
4 ms. Memory: 146944K Free: 129187K (88%)
2 ms. Memory: 146944K Free: 127994K (87%)
2 ms. Memory: 146944K Free: 127994K (87%)
/home/travis/build/icyphy/ptII/ptolemy/actor/lib/test/DiscreteRandomSource.tcl
preinitializing
resolving types
initializing
executing number 1
wrapping up
idle
6 ms. Memory: 146944K Free: 125592K (85%)
Completed execution with 4 iterations
preinitializing
resolving types
initializing
executing number 1
wrapping up
idle
10 ms. Memory: 146944K Free: 125592K (85%)
Completed execution with 4 iterations
preinitializing
resolving types
initializing
executing number 1
wrapping up
idle
2 ms. Memory: 146944K Free: 125592K (85%)
Completed execution with 4 iterations
preinitializing
resolving types
initializing
executing number 1
wrapping up
idle
7 ms. Memory: 146944K Free: 124399K (85%)
Completed execution with 4 iterations
preinitializing
resolving types
initializing
executing number 1
wrapping up
idle
7 ms. Memory: 146944K Free: 124399K (85%)
Completed execution with 4 iterations
/home/travis/build/icyphy/ptII/ptolemy/actor/lib/test/Distributor.tcl
3 ms. Memory: 146944K Free: 123206K (84%)
3 ms. Memory: 146944K Free: 122013K (83%)
StreamChangeRequest.changeExecuted(): <deleteEntity name="rec2"/> succeeded
StreamChangeRequest.changeExecuted(): <deleteRelation name="r2"/> succeeded
StreamChangeRequest.changeExecuted(): Record firings per iteration succeeded
10 ms. Memory: 146944K Free: 119627K (81%)
/home/travis/build/icyphy/ptII/ptolemy/actor/lib/test/Exit.tcl
Exit.tcl: this will print a message about Manager.exitAfterWrapup, which can be ignored.
4 ms. Memory: 146944K Free: 116627K (79%)
/home/travis/build/icyphy/ptII/ptolemy/actor/lib/test/Expression.tcl
6 ms. Memory: 146944K Free: 113012K (77%)
8 ms. Memory: 146944K Free: 111819K (76%)
2 ms. Memory: 146944K Free: 111819K (76%)
preinitializing
resolving types
initializing
executing number 1
wrapping up
idle
6 ms. Memory: 146944K Free: 110626K (75%)
Completed execution with 6 iterations
7 ms. Memory: 146944K Free: 109433K (74%)
2 ms. Memory: 146944K Free: 108240K (74%)
4 ms. Memory: 146944K Free: 107047K (73%)
3 ms. Memory: 146944K Free: 105854K (72%)
2 ms. Memory: 146944K Free: 104661K (71%)
/home/travis/build/icyphy/ptII/ptolemy/actor/lib/test/Gaussian.tcl
10 ms. Memory: 146944K Free: 103468K (70%)
sleeping 1 seconds: ...............................................................................................................................................................................................................................................................................................................................................................................................................................................................................................................................................................................................................................................................................................................................................................................................................................................................................................................................................................................................................................................................................................................................................................................................................................................................................................................................................................................................................................................................................................................................................................................................................................................................................................................................................................................................................................................................................................................................................................................................................................................................................................................................................................................................................................................................................................................................................................................................................................................................................................................................................................................................................................................................................................................................................................................................................................................................................................................................................................................................................................................................................................................................................................................................................................................................................................................................................................................................................................................................................................................................................................................................................................................................................................................................................................................................................................................................................................................................................................................................................................................................................................................................................................................................................................................................................................................................................................................................................................................................................................................................................................................................................................................................................................................................................................................................................................................................................................................................................................................................................................................................................................................................................................................................................................................................................................................................................................................................................................................................................................................................................................................................................................................................................................................................................................................................................................................................................................................................................................................................................................................................................................................................................................................................................................................................................................................................................................................................................................................................................................................................................................................................................................................................................................................................................................................................................................................................................................................................................................................................................................................................................................................................................................................................................................................................................................................................................................................................................................................................................................................................................................................................................................................................................................................................................................................................................................................................................................................................................................................................................................................................................................................................................................................................................................................................................................................................................................................................................................................................................................................................................................................................................................................................................................................................................................................................................................................................................................................................................................................................................................................................................................................................................................................................................................................................................................................................................................................................................................................................................................................................................................................................................................................................................................................................................................................................................................................................................................................................................................................................................................................................................................................................................................................................................................................................................................................................................................................................................................................................................................................................................................................................................................................................................................................................................................................................................................................................................................................................................................................................................................................................................................................................................................................................................................................................................................................................................................................................................................................................................................................................................................................................................................................................................................................................................................................................................................................................................................................................................................................................................................................................................................................................................................................................................................................................................................................................................................................................................................................................................................................................................................................................................................................................................................................................................................................................................................................................................................................................................................................................................................................................................................................................................................................................................................................................................................................................................................................................................................................................................................................................................................................................................................................................................................................................................................................................................................................................................................................................................................................................................................................................................................................................................................................................................................................................................................................................................................................................................................................................................................................................................................................................................................................................................................................................................................................................................................................................................................................................................................................................................................................................................................................................................................................................................................................................................................................................................................................................................................................................................................................................................................................................................................................................................................................................................................................................................................................................................................................................................................................................................................................................................................................................................................................................................................................................................................................................................................................................................................................................................................................................................................................................................................................................................................................................................................................................................................................................................................................................................................................................................................................................................................................................................................................................................................................................................................................................................................................................................................................................................................................................................................................................................................................................................................................................................................................................................................................................................................................................................................................................................................................................................................................................................................................................................................................................................................................................................................................................................................................................................................................................................................................................................................................................................................................................................................................................................................................................................................................................................................................................................................................................................................................................................................................................................................................................................................................................................................................................................................................................................................................................................................................................................................................................................................................................................................................................................................................................................................................................................................................................................................................................................................................................................................................................................................................................................................................................................................................................................................................................................................................................................................................................................................................................................................................................................................................................................................................................................................................................................................................................................................................................................................................................................................................................................................................................................................................................................................................................................................................................................................................................................................................................................................................................................................................................................................................................................................................................................................................................................................................................................................................................................................................................................................................................................................................................................................................................................................................................................................................................................................................................................................................................................................................................................................................................................................................................................................................................................................................................................................................................................................................................................................................................................................................................................................................................................................................................................................................................................................................................................................................................................................................................................................................................................................................................................................................................................................................................................................................................................................................................................................................................................................................................................................................................................................................................................................................................................................................................................................................................................................................................................................................................................................................................................................................................................................................................................................................................................................................................................................................................................................................................................................................................................................................................................................................................................................................................................................................................................................................................................................................................................................................................................................................................................................................................................................................................................................................................................................................................................................................................................................................................................................................................................................................................................................................................................................................................................................................................................................................................................................................................................................................................................................................................................................................................................................................................................................................................................................................................................................................................................................................................................................................................................................................................................................................................................................................................................................................................................................................................................................................................................................................................................................................................................................................................................................................................................................................................................................................................................................................................................................................................................................................................................................................................................................................................................................................................................................................................................................................................................................................................................................................................................................................................................................................................................................................................................................................................................................................................................................................................................................................................................................................................................................................................................................................................................................................................................................................................................................................................................................................................................................................................................................................................................................................................................................................................................................................................................................................................................................................................................................................................................................................................................................................................................................................................................................................................................................................................................................................................................................................................................................................................................................................................................................................................................................................................................................................................................................................................................................................................................................................................................................................................................................................................................................................................................................................................................................................................................................................................................................................................................................................................................................................................................................................................................................................................................................................................................................................................................................................................................................................................................................................................................................................................................................................................................................................................................................................................................................................................................................................................................................................................................................................................................................................................................................................................................................................................................................................................................................................................................................................................................................................................................................................................................................................................................................................................................................................................................................................................................................................................................................................................................................................................................................................................................................................................................................................................................................................................................................................................................................................................................................................................................................................................................................................................................................................................................................................................................................................................................................................................................................................................................................................................................................................................................................................................................................................................................................................................................................................................................................................................................................................................................................................................................................................................................................................................................................................................................................................................................................................................................................................................................................................................................................................................................................................................................................................................................................................................................................................................................................................................................................................................................................................................................................................................................................................................................................................................................................................................................................................................................................................................................................................................................................................................................................................................................................................................................................................................................................................................................................................................................................................................................................................................................................................................................................................................................................................................................................................................................................................................................................................................................................................................................................................................................................................................................................................................................................................................................................................................................................................................................................................................................................................................................................................................................................................................................................................................................................................................................................................................................................................................................................................................................................................................................................................................................................................................................................................................................................................................................................................................................................................................................................................................................................................................................................................................................................................................................................................................................................................................................................................................................................................................................................................................................................................................................................................................................................................................................................................................................................................................................................................................................................................................................................................................................................................................................................................................................................................................................................................................................................................................................................................................................................................................................................................................................................................................................................................................................................................................................................................................................................................................................................................................................................................................................................................................................................................................................................................................................................................................................................................................................................................................................................................................................................................................................................................................................................................................................................................................................................................................................................................................................................................................................................................................................................................................................................................................................................................................................................................................................................................................................................................................................................................................................................................................................................................................................................................................................................................................................................................................................................................................................................................................................................................................................................................................................................................................................................................................................................................................................................................................................................................................................................................................................................................................................................................................................................................................................................................................................................................................................................................................................................................................................................................................................................................................................................................................................................................................................................................................................................................................................................................................................................................................................................................................................................................................................................................................................................................................................................................................................................................................................................................................................................................................................................................................................................................................................................................................................................................................................................................................................................................................................................................................................................................................................................................................................................................................................................................................................................................................................................................................................................................................................................................................................................................................................................................................................................................................................................................................................................................................................................................................................................................................................................................................................................................................................................................................................................................................................................................................................................................................................................................................................................................................................................................................................................................................................................................................................................................................................................................................................................................................................................................................................................................................................................................................................................................................................................................................................................................................................................................................................................................................................................................................................................................................................................................................................................................................................................................................................................................................................................................................................................................................................................................................................................................................................................................................................................................................................................................................................................................................................................................................................................................................................................................................................................................................................................................................................................................................................................................................................................................................................................................................................................................................................................................................................................................................................................................................................................................................................................................................................................................................................................................................................................................................................................................................................................................................................................................................................................................................................................................................................................................................................................................................................................................................................................................................................................................................................................................................................................................................................................................................................................................................................................................................................................................................................................................................................................................................................................................................................................................................................................................................................................................................................................................................................................................................................................................................................................................................................................................................................................................................................................................................................................................................................................................................................................................................................................................................................................................................................................................................................................................................................................................................................................................................................................................................................................................................................................................................................................................................................................................................................................................................................................................................................................................................................................................................................................................................................................................................................................................................................................................................................................................................................................................................................................................................................................................................................................................................................................................................................................................................................................................................................................................................................................................................................................................................................................................................................................................................................................................................................................................................................................................................................................................................................................................................................................................................................................................................................................................................................................................................................................................................................................................................................................................................................................................................................................................................................................................................................................................................................................................................................................................................................................................................................................................................................................................................................................................................................................................................................................................................................................................................................................................................................................................................................................................................................................................................................................................................................................................................................................................................................................................................................................................................................................................................................................................................................................................................................................................................................................................................................................................................................................................................................................................................................................................................................................................................................................................................................................................................................................................................................................................................................................................................................................................................................................................................................................................................................................................................................................................................................................................................................................................................................................................................................................................................................................................................................................................................................................................................................................................................................................................................................................................................................................................................................................................................................................................................................................................................................................................................................................................................................................................................................................................................................................................................................................................................................................................................................................................................................................................................................................................................................................................................................................................................................................................................................................................................................................................................................................................................................................................................................................................................................................................................................................................................................................................................................................................................................................................................................................................................................................................................................................................................................................................................................................................................................................................................................................................................................................................................................................................................................................................................................................................................................................................................................................................................................................................................................................................................................................................................................................................................................................................................................................................................................................................................................................................................................................................................................................................................................................................................................................................................................................................................................................................................................................................................................................................................................................................................................................................................................................................................................................................................................................................................................................................................................................................................................................................................................................................................................................................................................................................................................................................................................................................................................................................................................................................................................................................................................................................................................................................................................................................................................................................................................................................................................................................................................................................................................................................................................................................................................................................................................................................................2 ms. Memory: 208384K Free: 152251K (73%)
2 ms. Memory: 208384K Free: 149848K (72%)
2 ms. Memory: 208384K Free: 149848K (72%)
2 ms. Memory: 208384K Free: 149848K (72%)
5 ms. Memory: 208384K Free: 149848K (72%)
/home/travis/build/icyphy/ptII/ptolemy/actor/lib/test/IIR.tcl
/home/travis/build/icyphy/ptII/ptolemy/actor/lib/test/Interpolator.tcl
3 ms. Memory: 208384K Free: 145041K (70%)
1 ms. Memory: 208384K Free: 145041K (70%)
2 ms. Memory: 208384K Free: 142638K (68%)
1 ms. Memory: 208384K Free: 142638K (68%)
2 ms. Memory: 208384K Free: 142638K (68%)
1 ms. Memory: 208384K Free: 142638K (68%)
2 ms. Memory: 208384K Free: 140234K (67%)
2 ms. Memory: 208384K Free: 140234K (67%)
1 ms. Memory: 208384K Free: 137831K (66%)
2 ms. Memory: 208384K Free: 137831K (66%)
/home/travis/build/icyphy/ptII/ptolemy/actor/lib/test/MathFunction.tcl
3 ms. Memory: 208384K Free: 135427K (65%)
2 ms. Memory: 208384K Free: 135427K (65%)
2 ms. Memory: 208384K Free: 133024K (64%)
1 ms. Memory: 208384K Free: 133024K (64%)
3 ms. Memory: 208384K Free: 130621K (63%)
5 ms. Memory: 208384K Free: 130621K (63%)
/home/travis/build/icyphy/ptII/ptolemy/actor/lib/test/Maximum.tcl
6 ms. Memory: 208384K Free: 128212K (62%)
4 ms. Memory: 208384K Free: 125809K (60%)
6 ms. Memory: 208384K Free: 125809K (60%)
2 ms. Memory: 208384K Free: 125809K (60%)
/home/travis/build/icyphy/ptII/ptolemy/actor/lib/test/Minimum.tcl
7 ms. Memory: 208384K Free: 123405K (59%)
5 ms. Memory: 208384K Free: 123405K (59%)
2 ms. Memory: 208384K Free: 123405K (59%)
3 ms. Memory: 208384K Free: 121002K (58%)
/home/travis/build/icyphy/ptII/ptolemy/actor/lib/test/MultiplyDivide.tcl
7 ms. Memory: 208384K Free: 121002K (58%)
2 ms. Memory: 208384K Free: 118599K (57%)
2 ms. Memory: 208384K Free: 118599K (57%)
2 ms. Memory: 208384K Free: 118599K (57%)
4 ms. Memory: 208384K Free: 116195K (56%)
/home/travis/build/icyphy/ptII/ptolemy/actor/lib/test/OrderedMerge.tcl
Connections changed on port: inputA
Connections changed on port: inputB
Connections changed on port: output
Connections changed on port: output
Connections changed on port: output
Connections changed on port: input
.top. Preinitializing ...
Invoking preinitialize():  .top.OrderedMerge
Called preinitialize()
Invoking preinitialize():  .top.Ramp
Called preinitialize()
Invoking preinitialize():  .top.Ramp2
Called preinitialize()
Invoking preinitialize():  .top.Test
Called preinitialize()
Connections changed on port: inputA
Connections changed on port: output
Connections changed on port: inputB
Connections changed on port: output
Connections changed on port: output
Connections changed on port: input
.top. Finished preinitialize().
Called initialize().
Invoking initialize():  .top.OrderedMerge
Initializing actor: .top.OrderedMerge
Adding a thread: .top.OrderedMerge
Invoking initialize():  .top.Ramp
Initializing actor: .top.Ramp
Adding a thread: .top.Ramp
Invoking initialize():  .top.Ramp2
Initializing actor: .top.Ramp2
Adding a thread: .top.Ramp2
Invoking initialize():  .top.Test
Initializing actor: .top.Test
Adding a thread: .top.Test
-- Starting thread.
Called initialize()
Called prefire()
Called fire()
-- Starting thread.
Called initialize()
Called prefire()
Called fire()
Called postfire()
Called prefire()
Called fire()
-- Starting thread.
Called initialize()
Called prefire()
Called fire()
Called postfire()
Called prefire()
Called fire()
Called fire().
Checking for deadlock:
There are 3 Blocked actors, 0 Stopped actors, and 4 active threads.
Waiting for actors to stop.
-- Starting thread.
Called initialize()
Called prefire()
Called fire()
Checking for deadlock:
There are 2 Blocked actors, 0 Stopped actors, and 4 active threads.
Waiting for actors to stop.
Called postfire()
Called prefire()
Called fire()
Checking for deadlock:
There are 3 Blocked actors, 0 Stopped actors, and 4 active threads.
Waiting for actors to stop.
Read input token from inputA with value 0.0
Next port to read input from is inputB
Called postfire()
Called prefire()
Called fire()
Checking for deadlock:
There are 2 Blocked actors, 0 Stopped actors, and 4 active threads.
Waiting for actors to stop.
Called postfire()
Called prefire()
Called fire()
Checking for deadlock:
There are 3 Blocked actors, 0 Stopped actors, and 4 active threads.
Waiting for actors to stop.
Read input token from inputB with value 0.0
Checking for deadlock:
There are 2 Blocked actors, 0 Stopped actors, and 4 active threads.
Waiting for actors to stop.
-- Read input: 0.0, which is expected to match: 0.0
Called prefire()
Called fire()
Checking for deadlock:
There are 3 Blocked actors, 0 Stopped actors, and 4 active threads.
Waiting for actors to stop.
Sent output token with value 0.0
Next port to read input from is inputA
Called postfire()
Called prefire()
Called fire()
Checking for deadlock:
There are 2 Blocked actors, 0 Stopped actors, and 4 active threads.
Waiting for actors to stop.
Called postfire()
Called prefire()
Called fire()
Checking for deadlock:
There are 3 Blocked actors, 0 Stopped actors, and 4 active threads.
Waiting for actors to stop.
Read input token from inputA with value 1.0
Checking for deadlock:
There are 2 Blocked actors, 0 Stopped actors, and 4 active threads.
Waiting for actors to stop.
-- Read input: 0.0, which is expected to match: 0.0
Called prefire()
Called fire()
Checking for deadlock:
There are 3 Blocked actors, 0 Stopped actors, and 4 active threads.
Waiting for actors to stop.
Sent output token with value 0.0
Next port to read input from is inputB
Called postfire()
Called prefire()
Called fire()
Checking for deadlock:
There are 2 Blocked actors, 0 Stopped actors, and 4 active threads.
Waiting for actors to stop.
Called postfire()
Called prefire()
Called fire()
Checking for deadlock:
There are 3 Blocked actors, 0 Stopped actors, and 4 active threads.
Waiting for actors to stop.
Read input token from inputB with value 1.5
Checking for deadlock:
There are 2 Blocked actors, 0 Stopped actors, and 4 active threads.
Waiting for actors to stop.
-- Read input: 1.0, which is expected to match: 1.0
Called prefire()
Called fire()
Checking for deadlock:
There are 3 Blocked actors, 0 Stopped actors, and 4 active threads.
Waiting for actors to stop.
Sent output token with value 1.0
Next port to read input from is inputA
Called postfire()
Called prefire()
Called fire()
Checking for deadlock:
There are 2 Blocked actors, 0 Stopped actors, and 4 active threads.
Waiting for actors to stop.
Called postfire()
Called prefire()
Called fire()
Checking for deadlock:
There are 3 Blocked actors, 0 Stopped actors, and 4 active threads.
Waiting for actors to stop.
Read input token from inputA with value 2.0
Checking for deadlock:
There are 2 Blocked actors, 0 Stopped actors, and 4 active threads.
Waiting for actors to stop.
-- Read input: 1.5, which is expected to match: 1.5
Called prefire()
Called fire()
Checking for deadlock:
There are 3 Blocked actors, 0 Stopped actors, and 4 active threads.
Waiting for actors to stop.
Sent output token with value 1.5
Next port to read input from is inputB
Called postfire()
Called prefire()
Called fire()
Checking for deadlock:
There are 2 Blocked actors, 0 Stopped actors, and 4 active threads.
Waiting for actors to stop.
Called postfire()
Called prefire()
Called fire()
Checking for deadlock:
There are 3 Blocked actors, 0 Stopped actors, and 4 active threads.
Waiting for actors to stop.
Read input token from inputB with value 3.0
Checking for deadlock:
There are 2 Blocked actors, 0 Stopped actors, and 4 active threads.
Waiting for actors to stop.
-- Read input: 2.0, which is expected to match: 2.0
Called prefire()
Called fire()
Checking for deadlock:
There are 3 Blocked actors, 0 Stopped actors, and 4 active threads.
Waiting for actors to stop.
Sent output token with value 2.0
Next port to read input from is inputA
Called postfire()
Called prefire()
Called fire()
Checking for deadlock:
There are 2 Blocked actors, 0 Stopped actors, and 4 active threads.
Waiting for actors to stop.
Called postfire()
Called prefire()
Called fire()
Checking for deadlock:
There are 3 Blocked actors, 0 Stopped actors, and 4 active threads.
Waiting for actors to stop.
Read input token from inputA with value 3.0
Checking for deadlock:
There are 2 Blocked actors, 0 Stopped actors, and 4 active threads.
Waiting for actors to stop.
-- Read input: 3.0, which is expected to match: 3.0
Called prefire()
Called fire()
Checking for deadlock:
There are 3 Blocked actors, 0 Stopped actors, and 4 active threads.
Waiting for actors to stop.
Sent output token with value 3.0
Next port to read input from is inputB
Called postfire()
Called prefire()
Called fire()
Checking for deadlock:
There are 2 Blocked actors, 0 Stopped actors, and 4 active threads.
Waiting for actors to stop.
Called postfire()
Called prefire()
Called fire()
Checking for deadlock:
There are 3 Blocked actors, 0 Stopped actors, and 4 active threads.
Waiting for actors to stop.
Read input token from inputB with value 4.5
Checking for deadlock:
There are 2 Blocked actors, 0 Stopped actors, and 4 active threads.
Waiting for actors to stop.
-- Read input: 3.0, which is expected to match: 3.0
Called prefire()
Called fire()
Checking for deadlock:
There are 3 Blocked actors, 0 Stopped actors, and 4 active threads.
Waiting for actors to stop.
Sent output token with value 3.0
Next port to read input from is inputA
Called postfire()
Called prefire()
Called fire()
Checking for deadlock:
There are 2 Blocked actors, 0 Stopped actors, and 4 active threads.
Waiting for actors to stop.
Called postfire()
Called prefire()
Called fire()
Checking for deadlock:
There are 3 Blocked actors, 0 Stopped actors, and 4 active threads.
Waiting for actors to stop.
Read input token from inputA with value 4.0
Checking for deadlock:
There are 2 Blocked actors, 0 Stopped actors, and 4 active threads.
Waiting for actors to stop.
-- Read input: 4.0, which is expected to match: 4.0
Called prefire()
Called fire()
Past the end of training data. Read and discard all inputs.
Checking for deadlock:
There are 3 Blocked actors, 0 Stopped actors, and 4 active threads.
Waiting for actors to stop.
Sent output token with value 4.0
Next port to read input from is inputA
Called postfire()
Called prefire()
Called fire()
Checking for deadlock:
There are 2 Blocked actors, 0 Stopped actors, and 4 active threads.
Waiting for actors to stop.
Called postfire()
Called prefire()
Called fire()
Checking for deadlock:
There are 3 Blocked actors, 0 Stopped actors, and 4 active threads.
Waiting for actors to stop.
Read input token from inputA with value 5.0
Checking for deadlock:
There are 2 Blocked actors, 0 Stopped actors, and 4 active threads.
Waiting for actors to stop.
Called prefire()
Called fire()
Past the end of training data. Read and discard all inputs.
Checking for deadlock:
There are 3 Blocked actors, 0 Stopped actors, and 4 active threads.
Waiting for actors to stop.
Sent output token with value 4.5
Next port to read input from is inputB
Called postfire()
Called prefire()
Called fire()
Checking for deadlock:
There are 2 Blocked actors, 0 Stopped actors, and 4 active threads.
Waiting for actors to stop.
Called postfire()
Called prefire()
Called fire()
Checking for deadlock:
There are 3 Blocked actors, 0 Stopped actors, and 4 active threads.
Waiting for actors to stop.
Read input token from inputB with value 6.0
Checking for deadlock:
There are 2 Blocked actors, 0 Stopped actors, and 4 active threads.
Waiting for actors to stop.
Called prefire()
Called fire()
Past the end of training data. Read and discard all inputs.
Checking for deadlock:
There are 3 Blocked actors, 0 Stopped actors, and 4 active threads.
Waiting for actors to stop.
Sent output token with value 5.0
Next port to read input from is inputA
Called postfire()
Called prefire()
Called fire()
Checking for deadlock:
There are 2 Blocked actors, 0 Stopped actors, and 4 active threads.
Waiting for actors to stop.
Called postfire()
Called prefire()
Called fire()
Checking for deadlock:
There are 3 Blocked actors, 0 Stopped actors, and 4 active threads.
Waiting for actors to stop.
Read input token from inputA with value 6.0
Checking for deadlock:
There are 2 Blocked actors, 0 Stopped actors, and 4 active threads.
Waiting for actors to stop.
Called prefire()
Called fire()
Past the end of training data. Read and discard all inputs.
Checking for deadlock:
There are 3 Blocked actors, 0 Stopped actors, and 4 active threads.
Waiting for actors to stop.
Sent output token with value 6.0
Next port to read input from is inputB
Called postfire()
Called prefire()
Called fire()
Checking for deadlock:
There are 2 Blocked actors, 0 Stopped actors, and 4 active threads.
Waiting for actors to stop.
Called postfire()
Called prefire()
Called fire()
Checking for deadlock:
There are 3 Blocked actors, 0 Stopped actors, and 4 active threads.
Waiting for actors to stop.
Read input token from inputB with value 7.5
Checking for deadlock:
There are 2 Blocked actors, 0 Stopped actors, and 4 active threads.
Waiting for actors to stop.
Called prefire()
Called fire()
Past the end of training data. Read and discard all inputs.
Checking for deadlock:
There are 3 Blocked actors, 0 Stopped actors, and 4 active threads.
Waiting for actors to stop.
Sent output token with value 6.0
Next port to read input from is inputA
Called postfire()
Called prefire()
Called fire()
Checking for deadlock:
There are 2 Blocked actors, 0 Stopped actors, and 4 active threads.
Waiting for actors to stop.
Called postfire()
Called prefire()
Called fire()
Checking for deadlock:
There are 3 Blocked actors, 0 Stopped actors, and 4 active threads.
Waiting for actors to stop.
Read input token from inputA with value 7.0
Checking for deadlock:
There are 2 Blocked actors, 0 Stopped actors, and 4 active threads.
Waiting for actors to stop.
Called prefire()
Called fire()
Past the end of training data. Read and discard all inputs.
Checking for deadlock:
There are 3 Blocked actors, 0 Stopped actors, and 4 active threads.
Waiting for actors to stop.
Sent output token with value 7.0
Next port to read input from is inputA
Called postfire()
Called prefire()
Called fire()
Checking for deadlock:
There are 2 Blocked actors, 0 Stopped actors, and 4 active threads.
Waiting for actors to stop.
-- Thread wrapup() called.
Called wrapup()
Thread .top.Ramp is exiting.
-- Thread stopped.
Checking for deadlock:
There are 2 Blocked actors, 0 Stopped actors, and 3 active threads.
Waiting for actors to stop.
Read input token from inputA with value 8.0
Checking for deadlock:
There are 1 Blocked actors, 0 Stopped actors, and 3 active threads.
Waiting for actors to stop.
Called prefire()
Called fire()
Past the end of training data. Read and discard all inputs.
Checking for deadlock:
There are 2 Blocked actors, 0 Stopped actors, and 3 active threads.
Waiting for actors to stop.
Sent output token with value 7.5
Next port to read input from is inputB
Called postfire()
Called prefire()
Called fire()
Checking for deadlock:
There are 1 Blocked actors, 0 Stopped actors, and 3 active threads.
Waiting for actors to stop.
Called postfire()
Called prefire()
Called fire()
Checking for deadlock:
There are 2 Blocked actors, 0 Stopped actors, and 3 active threads.
Waiting for actors to stop.
Read input token from inputB with value 9.0
Checking for deadlock:
There are 1 Blocked actors, 0 Stopped actors, and 3 active threads.
Waiting for actors to stop.
Called prefire()
Called fire()
Past the end of training data. Read and discard all inputs.
Checking for deadlock:
There are 2 Blocked actors, 0 Stopped actors, and 3 active threads.
Waiting for actors to stop.
Sent output token with value 8.0
Next port to read input from is inputA
Called postfire()
Called prefire()
Called fire()
Read input token from inputA with value 9.0
Checking for deadlock:
There are 1 Blocked actors, 0 Stopped actors, and 3 active threads.
Waiting for actors to stop.
Called prefire()
Called fire()
Past the end of training data. Read and discard all inputs.
Checking for deadlock:
There are 2 Blocked actors, 0 Stopped actors, and 3 active threads.
Waiting for actors to stop.
Sent output token with value 9.0
Next port to read input from is inputB
Called postfire()
Called prefire()
Called fire()
Checking for deadlock:
There are 1 Blocked actors, 0 Stopped actors, and 3 active threads.
Waiting for actors to stop.
Called postfire()
Called prefire()
Called fire()
Checking for deadlock:
There are 2 Blocked actors, 0 Stopped actors, and 3 active threads.
Waiting for actors to stop.
Read input token from inputB with value 10.5
Checking for deadlock:
There are 1 Blocked actors, 0 Stopped actors, and 3 active threads.
Waiting for actors to stop.
Called prefire()
Called fire()
Past the end of training data. Read and discard all inputs.
Checking for deadlock:
There are 2 Blocked actors, 0 Stopped actors, and 3 active threads.
Waiting for actors to stop.
Sent output token with value 9.0
Next port to read input from is inputA
Called postfire()
Called prefire()
Called fire()
Checking for deadlock:
There are 3 Blocked actors, 0 Stopped actors, and 3 active threads.
Actors have stopped.
Checking for deadlock:
There are 3 Blocked actors, 0 Stopped actors, and 3 active threads.
Deadlock detected.
Resolving Deadlock
Checking for deadlock:
There are 3 Blocked actors, 0 Stopped actors, and 3 active threads.
Artificial Deadlock - increasing queue capacity.
increasing the capacity of receiver ptolemy.actor.TypedIOPort {.top.OrderedMerge.inputB} to 2
Director: Called postfire().
Called postfire().
_stopRequested = false
_stopFireRequested = false
Returning from postfire(): true
Called fire().
Checking for deadlock:
There are 2 Blocked actors, 0 Stopped actors, and 3 active threads.
Waiting for actors to stop.
-- Thread wrapup() called.
Called wrapup()
Thread .top.Ramp2 is exiting.
-- Thread stopped.
Checking for deadlock:
There are 2 Blocked actors, 0 Stopped actors, and 2 active threads.
Actors have stopped.
Checking for deadlock:
There are 2 Blocked actors, 0 Stopped actors, and 2 active threads.
Deadlock detected.
Resolving Deadlock
Checking for deadlock:
There are 2 Blocked actors, 0 Stopped actors, and 2 active threads.
Deadlock detected: no processes blocked on write, but some are blocked on read.
Called postfire().
_stopRequested = false
_stopFireRequested = false
Returning from postfire(): false
Finished deactivating branches.
Called wrapup().
-- Thread wrapup() called.
Called wrapup()
Thread .top.Test is exiting.
-- Thread stopped.
-- Blocked Receiver call threw TerminateProcessException.
-- Thread wrapup() called.
Called wrapup()
Thread .top.OrderedMerge is exiting.
25 ms. Memory: 208384K Free: 108877K (52%)
.top. Preinitializing ...
Invoking preinitialize():  .top.OrderedMerge
Called preinitialize()
Invoking preinitialize():  .top.Ramp
Called preinitialize()
Invoking preinitialize():  .top.Ramp2
Called preinitialize()
Invoking preinitialize():  .top.Test
Called preinitialize()
.top. Finished preinitialize().
Called initialize().
Invoking initialize():  .top.OrderedMerge
Initializing actor: .top.OrderedMerge
Adding a thread: .top.OrderedMerge
Invoking initialize():  .top.Ramp
Initializing actor: .top.Ramp
Adding a thread: .top.Ramp
Invoking initialize():  .top.Ramp2
Initializing actor: .top.Ramp2
Adding a thread: .top.Ramp2
Invoking initialize():  .top.Test
Initializing actor: .top.Test
Adding a thread: .top.Test
-- Thread stopped.
-- Blocked Receiver call threw TerminateProcessException.
-- Starting thread.
Called initialize()
Called prefire()
Called fire()
-- Starting thread.
Called initialize()
Called prefire()
Called fire()
Called postfire()
Called prefire()
Called fire()
-- Starting thread.
Called initialize()
Called prefire()
Called fire()
Called postfire()
Called prefire()
Called fire()
Called fire().
Checking for deadlock:
There are 3 Blocked actors, 0 Stopped actors, and 4 active threads.
Waiting for actors to stop.
-- Starting thread.
Called initialize()
Called prefire()
Called fire()
Checking for deadlock:
There are 2 Blocked actors, 0 Stopped actors, and 4 active threads.
Waiting for actors to stop.
Called postfire()
Called prefire()
Called fire()
Checking for deadlock:
There are 3 Blocked actors, 0 Stopped actors, and 4 active threads.
Waiting for actors to stop.
Read input token from inputA with value 0.0
Next port to read input from is inputB
Called postfire()
Called prefire()
Called fire()
Checking for deadlock:
There are 2 Blocked actors, 0 Stopped actors, and 4 active threads.
Waiting for actors to stop.
Called postfire()
Called prefire()
Called fire()
Checking for deadlock:
There are 3 Blocked actors, 0 Stopped actors, and 4 active threads.
Waiting for actors to stop.
Read input token from inputB with value 0.0
Checking for deadlock:
There are 2 Blocked actors, 0 Stopped actors, and 4 active threads.
Waiting for actors to stop.
-- Read input: 0.0, which is expected to match: 0.0
Called prefire()
Called fire()
Checking for deadlock:
There are 3 Blocked actors, 0 Stopped actors, and 4 active threads.
Waiting for actors to stop.
Sent output token with value 0.0
Next port to read input from is inputA
Called postfire()
Called prefire()
Called fire()
Checking for deadlock:
There are 2 Blocked actors, 0 Stopped actors, and 4 active threads.
Waiting for actors to stop.
Called postfire()
Called prefire()
Called fire()
Checking for deadlock:
There are 3 Blocked actors, 0 Stopped actors, and 4 active threads.
Waiting for actors to stop.
Read input token from inputA with value 1.0
Checking for deadlock:
There are 2 Blocked actors, 0 Stopped actors, and 4 active threads.
Waiting for actors to stop.
-- Read input: 0.0, which is expected to match: 0.0
Called prefire()
Called fire()
Checking for deadlock:
There are 3 Blocked actors, 0 Stopped actors, and 4 active threads.
Waiting for actors to stop.
Sent output token with value 0.0
Next port to read input from is inputB
Called postfire()
Called prefire()
Called fire()
Checking for deadlock:
There are 2 Blocked actors, 0 Stopped actors, and 4 active threads.
Waiting for actors to stop.
Called postfire()
Called prefire()
Called fire()
Checking for deadlock:
There are 3 Blocked actors, 0 Stopped actors, and 4 active threads.
Waiting for actors to stop.
Read input token from inputB with value 1.5
Checking for deadlock:
There are 2 Blocked actors, 0 Stopped actors, and 4 active threads.
Waiting for actors to stop.
-- Read input: 1.0, which is expected to match: 1.0
Called prefire()
Called fire()
Checking for deadlock:
There are 3 Blocked actors, 0 Stopped actors, and 4 active threads.
Waiting for actors to stop.
Sent output token with value 1.0
Next port to read input from is inputA
Called postfire()
Called prefire()
Called fire()
Checking for deadlock:
There are 2 Blocked actors, 0 Stopped actors, and 4 active threads.
Waiting for actors to stop.
Called postfire()
Called prefire()
Called fire()
Checking for deadlock:
There are 3 Blocked actors, 0 Stopped actors, and 4 active threads.
Waiting for actors to stop.
Read input token from inputA with value 2.0
Checking for deadlock:
There are 2 Blocked actors, 0 Stopped actors, and 4 active threads.
Waiting for actors to stop.
-- Read input: 1.5, which is expected to match: 1.5
Called prefire()
Called fire()
Checking for deadlock:
There are 3 Blocked actors, 0 Stopped actors, and 4 active threads.
Waiting for actors to stop.
Sent output token with value 1.5
Next port to read input from is inputB
Called postfire()
Called prefire()
Called fire()
Checking for deadlock:
There are 2 Blocked actors, 0 Stopped actors, and 4 active threads.
Waiting for actors to stop.
Called postfire()
Called prefire()
Called fire()
Checking for deadlock:
There are 3 Blocked actors, 0 Stopped actors, and 4 active threads.
Waiting for actors to stop.
Read input token from inputB with value 3.0
Checking for deadlock:
There are 2 Blocked actors, 0 Stopped actors, and 4 active threads.
Waiting for actors to stop.
-- Read input: 2.0, which is expected to match: 2.0
Called prefire()
Called fire()
Checking for deadlock:
There are 3 Blocked actors, 0 Stopped actors, and 4 active threads.
Waiting for actors to stop.
Sent output token with value 2.0
Next port to read input from is inputA
Called postfire()
Called prefire()
Called fire()
Checking for deadlock:
There are 2 Blocked actors, 0 Stopped actors, and 4 active threads.
Waiting for actors to stop.
Called postfire()
Called prefire()
Called fire()
Checking for deadlock:
There are 3 Blocked actors, 0 Stopped actors, and 4 active threads.
Waiting for actors to stop.
Read input token from inputA with value 3.0
Checking for deadlock:
There are 2 Blocked actors, 0 Stopped actors, and 4 active threads.
Waiting for actors to stop.
-- Read input: 3.0, which is expected to match: 3.0
Called prefire()
Called fire()
Checking for deadlock:
There are 3 Blocked actors, 0 Stopped actors, and 4 active threads.
Waiting for actors to stop.
Sent output token with value 3.0
Next port to read input from is inputB
Called postfire()
Called prefire()
Called fire()
Checking for deadlock:
There are 2 Blocked actors, 0 Stopped actors, and 4 active threads.
Waiting for actors to stop.
Called postfire()
Called prefire()
Called fire()
Checking for deadlock:
There are 3 Blocked actors, 0 Stopped actors, and 4 active threads.
Waiting for actors to stop.
Read input token from inputB with value 4.5
Checking for deadlock:
There are 2 Blocked actors, 0 Stopped actors, and 4 active threads.
Waiting for actors to stop.
-- Read input: 3.0, which is expected to match: 3.0
Called prefire()
Called fire()
Checking for deadlock:
There are 3 Blocked actors, 0 Stopped actors, and 4 active threads.
Waiting for actors to stop.
Sent output token with value 3.0
Next port to read input from is inputA
Called postfire()
Called prefire()
Called fire()
Checking for deadlock:
There are 2 Blocked actors, 0 Stopped actors, and 4 active threads.
Waiting for actors to stop.
Called postfire()
Called prefire()
Called fire()
Checking for deadlock:
There are 3 Blocked actors, 0 Stopped actors, and 4 active threads.
Waiting for actors to stop.
Read input token from inputA with value 4.0
Checking for deadlock:
There are 2 Blocked actors, 0 Stopped actors, and 4 active threads.
Waiting for actors to stop.
-- Read input: 4.0, which is expected to match: 4.0
Called prefire()
Called fire()
Past the end of training data. Read and discard all inputs.
Checking for deadlock:
There are 3 Blocked actors, 0 Stopped actors, and 4 active threads.
Waiting for actors to stop.
Sent output token with value 4.0
Next port to read input from is inputA
Called postfire()
Called prefire()
Called fire()
Checking for deadlock:
There are 2 Blocked actors, 0 Stopped actors, and 4 active threads.
Waiting for actors to stop.
Called postfire()
Called prefire()
Called fire()
Checking for deadlock:
There are 3 Blocked actors, 0 Stopped actors, and 4 active threads.
Waiting for actors to stop.
Read input token from inputA with value 5.0
Checking for deadlock:
There are 2 Blocked actors, 0 Stopped actors, and 4 active threads.
Waiting for actors to stop.
Called prefire()
Called fire()
Past the end of training data. Read and discard all inputs.
Checking for deadlock:
There are 3 Blocked actors, 0 Stopped actors, and 4 active threads.
Waiting for actors to stop.
Sent output token with value 4.5
Next port to read input from is inputB
Called postfire()
Called prefire()
Called fire()
Checking for deadlock:
There are 2 Blocked actors, 0 Stopped actors, and 4 active threads.
Waiting for actors to stop.
Called postfire()
Called prefire()
Called fire()
Checking for deadlock:
There are 3 Blocked actors, 0 Stopped actors, and 4 active threads.
Waiting for actors to stop.
Read input token from inputB with value 6.0
Checking for deadlock:
There are 2 Blocked actors, 0 Stopped actors, and 4 active threads.
Waiting for actors to stop.
Called prefire()
Called fire()
Past the end of training data. Read and discard all inputs.
Checking for deadlock:
There are 3 Blocked actors, 0 Stopped actors, and 4 active threads.
Waiting for actors to stop.
Sent output token with value 5.0
Next port to read input from is inputA
Called postfire()
Called prefire()
Called fire()
Checking for deadlock:
There are 2 Blocked actors, 0 Stopped actors, and 4 active threads.
Waiting for actors to stop.
Called postfire()
Called prefire()
Called fire()
Checking for deadlock:
There are 3 Blocked actors, 0 Stopped actors, and 4 active threads.
Waiting for actors to stop.
Read input token from inputA with value 6.0
Checking for deadlock:
There are 2 Blocked actors, 0 Stopped actors, and 4 active threads.
Waiting for actors to stop.
Called prefire()
Called fire()
Past the end of training data. Read and discard all inputs.
Checking for deadlock:
There are 3 Blocked actors, 0 Stopped actors, and 4 active threads.
Waiting for actors to stop.
Sent output token with value 6.0
Next port to read input from is inputB
Called postfire()
Called prefire()
Called fire()
Checking for deadlock:
There are 2 Blocked actors, 0 Stopped actors, and 4 active threads.
Waiting for actors to stop.
Called postfire()
Called prefire()
Called fire()
Checking for deadlock:
There are 3 Blocked actors, 0 Stopped actors, and 4 active threads.
Waiting for actors to stop.
Read input token from inputB with value 7.5
Checking for deadlock:
There are 2 Blocked actors, 0 Stopped actors, and 4 active threads.
Waiting for actors to stop.
Called prefire()
Called fire()
Past the end of training data. Read and discard all inputs.
Checking for deadlock:
There are 3 Blocked actors, 0 Stopped actors, and 4 active threads.
Waiting for actors to stop.
Sent output token with value 6.0
Next port to read input from is inputA
Called postfire()
Called prefire()
Called fire()
Checking for deadlock:
There are 2 Blocked actors, 0 Stopped actors, and 4 active threads.
Waiting for actors to stop.
Called postfire()
Called prefire()
Called fire()
Checking for deadlock:
There are 3 Blocked actors, 0 Stopped actors, and 4 active threads.
Waiting for actors to stop.
Read input token from inputA with value 7.0
Checking for deadlock:
There are 2 Blocked actors, 0 Stopped actors, and 4 active threads.
Waiting for actors to stop.
Called prefire()
Called fire()
Past the end of training data. Read and discard all inputs.
Checking for deadlock:
There are 3 Blocked actors, 0 Stopped actors, and 4 active threads.
Waiting for actors to stop.
Sent output token with value 7.0
Next port to read input from is inputA
Called postfire()
Called prefire()
Called fire()
Checking for deadlock:
There are 2 Blocked actors, 0 Stopped actors, and 4 active threads.
Waiting for actors to stop.
-- Thread wrapup() called.
Called wrapup()
Thread .top.Ramp is exiting.
Checking for deadlock:
There are 2 Blocked actors, 0 Stopped actors, and 3 active threads.
Waiting for actors to stop.
-- Thread stopped.
Read input token from inputA with value 8.0
Checking for deadlock:
There are 1 Blocked actors, 0 Stopped actors, and 3 active threads.
Waiting for actors to stop.
Called prefire()
Called fire()
Past the end of training data. Read and discard all inputs.
Checking for deadlock:
There are 2 Blocked actors, 0 Stopped actors, and 3 active threads.
Waiting for actors to stop.
Sent output token with value 7.5
Next port to read input from is inputB
Called postfire()
Called prefire()
Called fire()
Checking for deadlock:
There are 1 Blocked actors, 0 Stopped actors, and 3 active threads.
Waiting for actors to stop.
Called postfire()
Called prefire()
Called fire()
Checking for deadlock:
There are 2 Blocked actors, 0 Stopped actors, and 3 active threads.
Waiting for actors to stop.
Read input token from inputB with value 9.0
Checking for deadlock:
There are 1 Blocked actors, 0 Stopped actors, and 3 active threads.
Waiting for actors to stop.
Called prefire()
Called fire()
Past the end of training data. Read and discard all inputs.
Checking for deadlock:
There are 2 Blocked actors, 0 Stopped actors, and 3 active threads.
Waiting for actors to stop.
Sent output token with value 8.0
Next port to read input from is inputA
Called postfire()
Called prefire()
Called fire()
Read input token from inputA with value 9.0
Checking for deadlock:
There are 1 Blocked actors, 0 Stopped actors, and 3 active threads.
Waiting for actors to stop.
Called prefire()
Called fire()
Past the end of training data. Read and discard all inputs.
Checking for deadlock:
There are 2 Blocked actors, 0 Stopped actors, and 3 active threads.
Waiting for actors to stop.
Sent output token with value 9.0
Next port to read input from is inputB
Called postfire()
Called prefire()
Called fire()
Checking for deadlock:
There are 1 Blocked actors, 0 Stopped actors, and 3 active threads.
Waiting for actors to stop.
Called postfire()
Called prefire()
Called fire()
Checking for deadlock:
There are 2 Blocked actors, 0 Stopped actors, and 3 active threads.
Waiting for actors to stop.
Read input token from inputB with value 10.5
Checking for deadlock:
There are 1 Blocked actors, 0 Stopped actors, and 3 active threads.
Waiting for actors to stop.
Called prefire()
Called fire()
Past the end of training data. Read and discard all inputs.
Checking for deadlock:
There are 2 Blocked actors, 0 Stopped actors, and 3 active threads.
Waiting for actors to stop.
Sent output token with value 9.0
Next port to read input from is inputA
Called postfire()
Called prefire()
Called fire()
Checking for deadlock:
There are 3 Blocked actors, 0 Stopped actors, and 3 active threads.
Actors have stopped.
Checking for deadlock:
There are 3 Blocked actors, 0 Stopped actors, and 3 active threads.
Deadlock detected.
Resolving Deadlock
Checking for deadlock:
There are 3 Blocked actors, 0 Stopped actors, and 3 active threads.
Artificial Deadlock - increasing queue capacity.
increasing the capacity of receiver ptolemy.actor.TypedIOPort {.top.OrderedMerge.inputB} to 2
Director: Called postfire().
Called postfire().
_stopRequested = false
_stopFireRequested = false
Returning from postfire(): true
Called fire().
Checking for deadlock:
There are 2 Blocked actors, 0 Stopped actors, and 3 active threads.
Waiting for actors to stop.
-- Thread wrapup() called.
Called wrapup()
Thread .top.Ramp2 is exiting.
-- Thread stopped.
Checking for deadlock:
There are 2 Blocked actors, 0 Stopped actors, and 2 active threads.
Actors have stopped.
Checking for deadlock:
There are 2 Blocked actors, 0 Stopped actors, and 2 active threads.
Deadlock detected.
Resolving Deadlock
Checking for deadlock:
There are 2 Blocked actors, 0 Stopped actors, and 2 active threads.
Deadlock detected: no processes blocked on write, but some are blocked on read.
Called postfire().
_stopRequested = false
_stopFireRequested = false
Returning from postfire(): false
Finished deactivating branches.
Called wrapup().
-- Thread wrapup() called.
Called wrapup()
Thread .top.Test is exiting.
-- Thread stopped.
-- Blocked Receiver call threw TerminateProcessException.
-- Thread wrapup() called.
Called wrapup()
Thread .top.OrderedMerge is exiting.
16 ms. Memory: 208384K Free: 103961K (50%)
/home/travis/build/icyphy/ptII/ptolemy/actor/lib/test/Publisher.tcl
-- Thread stopped.
-- Blocked Receiver call threw TerminateProcessException.
13 ms. Memory: 208384K Free: 96719K (46%)
8 ms. Memory: 208384K Free: 91913K (44%)
9 ms. Memory: 208384K Free: 87106K (42%)
6 ms. Memory: 208384K Free: 87106K (42%)
5 ms. Memory: 208384K Free: 87106K (42%)
10 ms. Memory: 208384K Free: 84703K (41%)
2 ms. Memory: 208384K Free: 84703K (41%)
2 ms. Memory: 208384K Free: 84703K (41%)
1 ms. Memory: 330752K Free: 319516K (97%)
4 ms. Memory: 330752K Free: 314777K (95%)
2 ms. Memory: 330752K Free: 314777K (95%)
1 ms. Memory: 330752K Free: 310038K (94%)
5 ms. Memory: 330752K Free: 299888K (91%)
4 ms. Memory: 330752K Free: 290410K (88%)
6 ms. Memory: 330752K Free: 280932K (85%)
/home/travis/build/icyphy/ptII/ptolemy/actor/lib/test/Pulse.tcl
5 ms. Memory: 330752K Free: 238209K (72%)
6 ms. Memory: 330752K Free: 238209K (72%)
2 ms. Memory: 330752K Free: 238209K (72%)
2 ms. Memory: 330752K Free: 233462K (71%)
1 ms. Memory: 330752K Free: 233462K (71%)
1 ms. Memory: 330752K Free: 233462K (71%)
16 ms. Memory: 330752K Free: 233462K (71%)
1 ms. Memory: 330752K Free: 233462K (71%)
1 ms. Memory: 330752K Free: 233462K (71%)
/home/travis/build/icyphy/ptII/ptolemy/actor/lib/test/Ramp.tcl
10 ms. Memory: 330752K Free: 228715K (69%)
1 ms. Memory: 330752K Free: 228715K (69%)
11 ms. Memory: 330752K Free: 228715K (69%)
1 ms. Memory: 330752K Free: 228715K (69%)
19 ms. Memory: 330752K Free: 228715K (69%)
8 ms. Memory: 330752K Free: 223960K (68%)
8 ms. Memory: 330752K Free: 223960K (68%)
5 actors
13000 microseconds per iteration to create
9 ms. Memory: 330752K Free: 223960K (68%)
2 ms. Memory: 330752K Free: 223960K (68%)
2 ms. Memory: 330752K Free: 219205K (66%)
10 ms. Memory: 330752K Free: 219205K (66%)
50 actors
32000 microseconds per iteration to create
23 ms. Memory: 330752K Free: 204979K (62%)
5 ms. Memory: 330752K Free: 204979K (62%)
4 ms. Memory: 330752K Free: 204979K (62%)
5 ms. Memory: 330752K Free: 200232K (61%)
500 actors
1307000 microseconds per iteration to create
268 ms. Memory: 331776K Free: 271573K (82%)
37 ms. Memory: 331776K Free: 266780K (80%)
41 ms. Memory: 331776K Free: 261986K (79%)
47 ms. Memory: 331776K Free: 257193K (78%)
/home/travis/build/icyphy/ptII/ptolemy/actor/lib/test/RampContinuous.tcl
6 ms. Memory: 331776K Free: 257193K (78%)
/home/travis/build/icyphy/ptII/ptolemy/actor/lib/test/RecordAssembler.tcl
5 ms. Memory: 331776K Free: 252396K (76%)
2 ms. Memory: 331776K Free: 252396K (76%)
/home/travis/build/icyphy/ptII/ptolemy/actor/lib/test/RecordDisassembler.tcl
4 ms. Memory: 331776K Free: 252396K (76%)
2 ms. Memory: 331776K Free: 247602K (75%)
3 ms. Memory: 331776K Free: 247602K (75%)
/home/travis/build/icyphy/ptII/ptolemy/actor/lib/test/Scale.tcl
2 ms. Memory: 331776K Free: 247602K (75%)
1 ms. Memory: 331776K Free: 247602K (75%)
1 ms. Memory: 331776K Free: 242808K (73%)
2 ms. Memory: 331776K Free: 242808K (73%)
2 ms. Memory: 331776K Free: 242808K (73%)
/home/travis/build/icyphy/ptII/ptolemy/actor/lib/test/SequentialClock.tcl
preinitializing
resolving types
initializing
executing number 1
wrapping up
idle
2 ms. Memory: 331776K Free: 242808K (73%)
Completed execution with 5 iterations
preinitializing
resolving types
initializing
executing number 1
wrapping up
idle
1 ms. Memory: 331776K Free: 242808K (73%)
Completed execution with 5 iterations
preinitializing
resolving types
initializing
executing number 1
wrapping up
idle
1 ms. Memory: 331776K Free: 242808K (73%)
Completed execution with 5 iterations
/home/travis/build/icyphy/ptII/ptolemy/actor/lib/test/SetVariable.tcl
4 ms. Memory: 331776K Free: 238015K (72%)
/home/travis/build/icyphy/ptII/ptolemy/actor/lib/test/Sinewave.tcl
/home/travis/build/icyphy/ptII/ptolemy/actor/lib/test/SubscriptionAggregator.tcl
6 ms. Memory: 331776K Free: 223610K (67%)
3 ms. Memory: 331776K Free: 223610K (67%)
1 ms. Memory: 331776K Free: 223610K (67%)
1 ms. Memory: 331776K Free: 223610K (67%)
0 ms. Memory: 331776K Free: 218801K (66%)
3 ms. Memory: 331776K Free: 218801K (66%)
...............................................................858 ms. Memory: 574976K Free: 103266K (18%)
/home/travis/build/icyphy/ptII/ptolemy/actor/lib/test/Test.tcl
 The next command will produce a warning about training mode,
   which may be ignored.
3 ms. Memory: 574976K Free: 93689K (16%)
2 ms. Memory: 574976K Free: 93689K (16%)
1 ms. Memory: 574976K Free: 93689K (16%)
1 ms. Memory: 574976K Free: 93689K (16%)
2 ms. Memory: 574976K Free: 93689K (16%)
2 ms. Memory: 574976K Free: 93689K (16%)
3 ms. Memory: 574976K Free: 93689K (16%)
 The next command will produce a warning about training mode,
   which may be ignored.
6 ms. Memory: 574976K Free: 93689K (16%)
 The next command will produce a warning about training mode,
   which may be ignored.
3 ms. Memory: 574976K Free: 93689K (16%)
0 ms. Memory: 574976K Free: 93689K (16%)
1 ms. Memory: 574976K Free: 84096K (15%)
3 ms. Memory: 574976K Free: 84096K (15%)
4 ms. Memory: 574976K Free: 84096K (15%)
3 ms. Memory: 574976K Free: 84096K (15%)
/home/travis/build/icyphy/ptII/ptolemy/actor/lib/test/TestExceptionHandler.tcl
 The next command will produce a warning about training mode,
   which may be ignored.
1 ms. Memory: 574976K Free: 84096K (15%)
0 ms. Memory: 574976K Free: 84096K (15%)
0 ms. Memory: 574976K Free: 84096K (15%)
/home/travis/build/icyphy/ptII/ptolemy/actor/lib/test/UnionDisassembler.tcl
18 ms. Memory: 574976K Free: 74519K (13%)
/home/travis/build/icyphy/ptII/ptolemy/actor/lib/test/VariableClock.tcl
preinitializing
resolving types
initializing
executing number 1
wrapping up
idle
8 ms. Memory: 574976K Free: 74519K (13%)
Completed execution with 11 iterations
preinitializing
resolving types
initializing
executing number 1
wrapping up
idle
5 ms. Memory: 574976K Free: 68769K (12%)
Completed execution with 10 iterations
11/18/18 02:45:58
Failed: 0  Total Tests: 234  ((Passed: 234, Newly Passed: 0)  Known Failed: 0) /home/travis/build/icyphy/ptII/ptolemy/actor/lib/test
----------------- testing (KnownFailure) /home/travis/build/icyphy/ptII/ptolemy/actor/lib/test/auto/knownFailedTests/PublisherPortToplevelSubscriber.xml
0 ms. Memory: 579072K Free: 532453K (92%)
Known Failure: java.lang.reflect.InvocationTargetException
----------------- testing (KnownFailure) /home/travis/build/icyphy/ptII/ptolemy/actor/lib/test/auto/knownFailedTests/PublisherSubscriberPortToplevel.xml
0 ms. Memory: 579072K Free: 503460K (87%)
Known Failure: java.lang.reflect.InvocationTargetException
----------------- testing (KnownFailure) /home/travis/build/icyphy/ptII/ptolemy/actor/lib/test/auto/knownFailedTests/PublisherSubscriptionAggregatorPort.xml
1 ms. Memory: 579072K Free: 484045K (84%)
Known Failure: java.lang.reflect.InvocationTargetException
----------------- testing (KnownFailure) /home/travis/build/icyphy/ptII/ptolemy/actor/lib/test/auto/knownFailedTests/sizedarray3.xml
4 ms. Memory: 579072K Free: 464630K (80%)
Known Failure: java.lang.reflect.InvocationTargetException
No auto/linux-amd64/*.xml tests in /home/travis/build/icyphy/ptII/ptolemy/actor/lib/test
AutoTests.java: About to close Vertx.
AutoTests.java: Vertx closed.

===========================================================================================
----------------- testing Sun Nov 18 02:45:58 UTC 2018 /home/travis/build/icyphy/ptII/ptolemy/actor/lib/test/auto/AbsoluteValue.xml
----------------- Instantiating /home/travis/build/icyphy/ptII/ptolemy/actor/lib/test/auto/AbsoluteValue.xml
16 ms. Memory: 579072K Free: 386862K (67%)
----------------- Invoking toplevel() on ptolemy.moml.MoMLSimpleApplication@dac1a3e
----------------- Done invoking toplevel() on ptolemy.moml.MoMLSimpleApplication@dac1a3e
reloadAllAccessors: .AbsoluteValue

===========================================================================================
----------------- testing Sun Nov 18 02:45:58 UTC 2018 /home/travis/build/icyphy/ptII/ptolemy/actor/lib/test/auto/AbsoluteValue2.xml
----------------- Instantiating /home/travis/build/icyphy/ptII/ptolemy/actor/lib/test/auto/AbsoluteValue2.xml
8 ms. Memory: 579072K Free: 372293K (64%)
----------------- Invoking toplevel() on ptolemy.moml.MoMLSimpleApplication@6740cc13
----------------- Done invoking toplevel() on ptolemy.moml.MoMLSimpleApplication@6740cc13
reloadAllAccessors: .AbsoluteValue2

===========================================================================================
----------------- testing Sun Nov 18 02:45:58 UTC 2018 /home/travis/build/icyphy/ptII/ptolemy/actor/lib/test/auto/Accumulator.xml
----------------- Instantiating /home/travis/build/icyphy/ptII/ptolemy/actor/lib/test/auto/Accumulator.xml
6 ms. Memory: 579072K Free: 353008K (61%)
----------------- Invoking toplevel() on ptolemy.moml.MoMLSimpleApplication@40fc87bd
----------------- Done invoking toplevel() on ptolemy.moml.MoMLSimpleApplication@40fc87bd
reloadAllAccessors: .Accumulator

===========================================================================================
----------------- testing Sun Nov 18 02:45:58 UTC 2018 /home/travis/build/icyphy/ptII/ptolemy/actor/lib/test/auto/Accumulator2.xml
----------------- Instantiating /home/travis/build/icyphy/ptII/ptolemy/actor/lib/test/auto/Accumulator2.xml
11 ms. Memory: 579072K Free: 343300K (59%)
----------------- Invoking toplevel() on ptolemy.moml.MoMLSimpleApplication@daf77b5
----------------- Done invoking toplevel() on ptolemy.moml.MoMLSimpleApplication@daf77b5
reloadAllAccessors: .Accumulator2

===========================================================================================
----------------- testing Sun Nov 18 02:45:58 UTC 2018 /home/travis/build/icyphy/ptII/ptolemy/actor/lib/test/auto/Accumulator3.xml
----------------- Instantiating /home/travis/build/icyphy/ptII/ptolemy/actor/lib/test/auto/Accumulator3.xml
3 ms. Memory: 579072K Free: 333593K (58%)
----------------- Invoking toplevel() on ptolemy.moml.MoMLSimpleApplication@7f77977c
----------------- Done invoking toplevel() on ptolemy.moml.MoMLSimpleApplication@7f77977c
reloadAllAccessors: .Accumulator3

===========================================================================================
----------------- testing Sun Nov 18 02:45:58 UTC 2018 /home/travis/build/icyphy/ptII/ptolemy/actor/lib/test/auto/ArrayAppend.xml
----------------- Instantiating /home/travis/build/icyphy/ptII/ptolemy/actor/lib/test/auto/ArrayAppend.xml
4 ms. Memory: 579072K Free: 323885K (56%)
----------------- Invoking toplevel() on ptolemy.moml.MoMLSimpleApplication@6d788263
----------------- Done invoking toplevel() on ptolemy.moml.MoMLSimpleApplication@6d788263
reloadAllAccessors: .ArrayAppend

===========================================================================================
----------------- testing Sun Nov 18 02:45:58 UTC 2018 /home/travis/build/icyphy/ptII/ptolemy/actor/lib/test/auto/ArrayAppend2.xml
----------------- Instantiating /home/travis/build/icyphy/ptII/ptolemy/actor/lib/test/auto/ArrayAppend2.xml
500 ms. Memory: 579072K Free: 246354K (43%)
----------------- Invoking toplevel() on ptolemy.moml.MoMLSimpleApplication@c9ed6a7
----------------- Done invoking toplevel() on ptolemy.moml.MoMLSimpleApplication@c9ed6a7
reloadAllAccessors: .ArrayAppend2

===========================================================================================
----------------- testing Sun Nov 18 02:45:59 UTC 2018 /home/travis/build/icyphy/ptII/ptolemy/actor/lib/test/auto/ArrayAppend3.xml
----------------- Instantiating /home/travis/build/icyphy/ptII/ptolemy/actor/lib/test/auto/ArrayAppend3.xml
4 ms. Memory: 579072K Free: 236647K (41%)
----------------- Invoking toplevel() on ptolemy.moml.MoMLSimpleApplication@9998691
----------------- Done invoking toplevel() on ptolemy.moml.MoMLSimpleApplication@9998691
reloadAllAccessors: .ArrayAppend3

===========================================================================================
----------------- testing Sun Nov 18 02:45:59 UTC 2018 /home/travis/build/icyphy/ptII/ptolemy/actor/lib/test/auto/ArrayAppend4.xml
----------------- Instantiating /home/travis/build/icyphy/ptII/ptolemy/actor/lib/test/auto/ArrayAppend4.xml
7 ms. Memory: 579072K Free: 226939K (39%)
----------------- Invoking toplevel() on ptolemy.moml.MoMLSimpleApplication@52a242e
----------------- Done invoking toplevel() on ptolemy.moml.MoMLSimpleApplication@52a242e
reloadAllAccessors: .ArrayAppend4

===========================================================================================
----------------- testing Sun Nov 18 02:45:59 UTC 2018 /home/travis/build/icyphy/ptII/ptolemy/actor/lib/test/auto/ArrayAppend5.xml
----------------- Instantiating /home/travis/build/icyphy/ptII/ptolemy/actor/lib/test/auto/ArrayAppend5.xml
3 ms. Memory: 579072K Free: 217231K (38%)
----------------- Invoking toplevel() on ptolemy.moml.MoMLSimpleApplication@537e1258
----------------- Done invoking toplevel() on ptolemy.moml.MoMLSimpleApplication@537e1258
reloadAllAccessors: .ArrayAppend5

===========================================================================================
----------------- testing Sun Nov 18 02:45:59 UTC 2018 /home/travis/build/icyphy/ptII/ptolemy/actor/lib/test/auto/ArrayAppend6.xml
----------------- Instantiating /home/travis/build/icyphy/ptII/ptolemy/actor/lib/test/auto/ArrayAppend6.xml
3 ms. Memory: 579072K Free: 197946K (34%)
----------------- Invoking toplevel() on ptolemy.moml.MoMLSimpleApplication@66ebdd17
----------------- Done invoking toplevel() on ptolemy.moml.MoMLSimpleApplication@66ebdd17
reloadAllAccessors: .ArrayAppend6

===========================================================================================
----------------- testing Sun Nov 18 02:45:59 UTC 2018 /home/travis/build/icyphy/ptII/ptolemy/actor/lib/test/auto/ArrayAppendPerformanceTest.xml
----------------- Instantiating /home/travis/build/icyphy/ptII/ptolemy/actor/lib/test/auto/ArrayAppendPerformanceTest.xml
17 ms. Memory: 579072K Free: 183369K (32%)
----------------- Invoking toplevel() on ptolemy.moml.MoMLSimpleApplication@3f7af742
----------------- Done invoking toplevel() on ptolemy.moml.MoMLSimpleApplication@3f7af742
reloadAllAccessors: .ArrayAppendPerformanceTest

===========================================================================================
----------------- testing Sun Nov 18 02:45:59 UTC 2018 /home/travis/build/icyphy/ptII/ptolemy/actor/lib/test/auto/ArrayAppendWithEmptyInput.xml
----------------- Instantiating /home/travis/build/icyphy/ptII/ptolemy/actor/lib/test/auto/ArrayAppendWithEmptyInput.xml
17 ms. Memory: 579072K Free: 168792K (29%)
----------------- Invoking toplevel() on ptolemy.moml.MoMLSimpleApplication@6420f204
----------------- Done invoking toplevel() on ptolemy.moml.MoMLSimpleApplication@6420f204
reloadAllAccessors: .ArrayAppendWithEmptyInput

===========================================================================================
----------------- testing Sun Nov 18 02:45:59 UTC 2018 /home/travis/build/icyphy/ptII/ptolemy/actor/lib/test/auto/ArrayAverage.xml
----------------- Instantiating /home/travis/build/icyphy/ptII/ptolemy/actor/lib/test/auto/ArrayAverage.xml
8 ms. Memory: 579072K Free: 154230K (27%)
----------------- Invoking toplevel() on ptolemy.moml.MoMLSimpleApplication@3da49c24
----------------- Done invoking toplevel() on ptolemy.moml.MoMLSimpleApplication@3da49c24
reloadAllAccessors: .ArrayAverage

===========================================================================================
----------------- testing Sun Nov 18 02:45:59 UTC 2018 /home/travis/build/icyphy/ptII/ptolemy/actor/lib/test/auto/ArrayContains.xml
----------------- Instantiating /home/travis/build/icyphy/ptII/ptolemy/actor/lib/test/auto/ArrayContains.xml
11 ms. Memory: 579072K Free: 144522K (25%)
----------------- Invoking toplevel() on ptolemy.moml.MoMLSimpleApplication@18c49a8d
----------------- Done invoking toplevel() on ptolemy.moml.MoMLSimpleApplication@18c49a8d
reloadAllAccessors: .ArrayContains

===========================================================================================
----------------- testing Sun Nov 18 02:45:59 UTC 2018 /home/travis/build/icyphy/ptII/ptolemy/actor/lib/test/auto/ArrayElement.xml
----------------- Instantiating /home/travis/build/icyphy/ptII/ptolemy/actor/lib/test/auto/ArrayElement.xml
3 ms. Memory: 579072K Free: 125237K (22%)
----------------- Invoking toplevel() on ptolemy.moml.MoMLSimpleApplication@7a5ffd1
----------------- Done invoking toplevel() on ptolemy.moml.MoMLSimpleApplication@7a5ffd1
reloadAllAccessors: .ArrayElement

===========================================================================================
----------------- testing Sun Nov 18 02:45:59 UTC 2018 /home/travis/build/icyphy/ptII/ptolemy/actor/lib/test/auto/ArrayElementAsMatrix.xml
----------------- Instantiating /home/travis/build/icyphy/ptII/ptolemy/actor/lib/test/auto/ArrayElementAsMatrix.xml
16 ms. Memory: 579072K Free: 110668K (19%)
----------------- Invoking toplevel() on ptolemy.moml.MoMLSimpleApplication@42e7426e
----------------- Done invoking toplevel() on ptolemy.moml.MoMLSimpleApplication@42e7426e
reloadAllAccessors: .ArrayElementAsMatrix

===========================================================================================
----------------- testing Sun Nov 18 02:45:59 UTC 2018 /home/travis/build/icyphy/ptII/ptolemy/actor/lib/test/auto/ArrayElementI.xml
----------------- Instantiating /home/travis/build/icyphy/ptII/ptolemy/actor/lib/test/auto/ArrayElementI.xml
2 ms. Memory: 579072K Free: 100960K (17%)
----------------- Invoking toplevel() on ptolemy.moml.MoMLSimpleApplication@290d0628
----------------- Done invoking toplevel() on ptolemy.moml.MoMLSimpleApplication@290d0628
reloadAllAccessors: .ArrayElementI

===========================================================================================
----------------- testing Sun Nov 18 02:45:59 UTC 2018 /home/travis/build/icyphy/ptII/ptolemy/actor/lib/test/auto/ArrayExtract.xml
----------------- Instantiating /home/travis/build/icyphy/ptII/ptolemy/actor/lib/test/auto/ArrayExtract.xml
4 ms. Memory: 579072K Free: 91253K (16%)
----------------- Invoking toplevel() on ptolemy.moml.MoMLSimpleApplication@7a04ccec
----------------- Done invoking toplevel() on ptolemy.moml.MoMLSimpleApplication@7a04ccec
reloadAllAccessors: .ArrayExtract

===========================================================================================
----------------- testing Sun Nov 18 02:45:59 UTC 2018 /home/travis/build/icyphy/ptII/ptolemy/actor/lib/test/auto/ArrayExtract2.xml
----------------- Instantiating /home/travis/build/icyphy/ptII/ptolemy/actor/lib/test/auto/ArrayExtract2.xml
2 ms. Memory: 579072K Free: 71968K (12%)
----------------- Invoking toplevel() on ptolemy.moml.MoMLSimpleApplication@6488de22
----------------- Done invoking toplevel() on ptolemy.moml.MoMLSimpleApplication@6488de22
reloadAllAccessors: .ArrayExtract2

===========================================================================================
----------------- testing Sun Nov 18 02:45:59 UTC 2018 /home/travis/build/icyphy/ptII/ptolemy/actor/lib/test/auto/ArrayLength.xml
----------------- Instantiating /home/travis/build/icyphy/ptII/ptolemy/actor/lib/test/auto/ArrayLength.xml
1 ms. Memory: 579072K Free: 62260K (11%)
----------------- Invoking toplevel() on ptolemy.moml.MoMLSimpleApplication@7746d93d
----------------- Done invoking toplevel() on ptolemy.moml.MoMLSimpleApplication@7746d93d
reloadAllAccessors: .ArrayLength

===========================================================================================
----------------- testing Sun Nov 18 02:46:00 UTC 2018 /home/travis/build/icyphy/ptII/ptolemy/actor/lib/test/auto/ArrayLevelCrossing.xml
----------------- Instantiating /home/travis/build/icyphy/ptII/ptolemy/actor/lib/test/auto/ArrayLevelCrossing.xml
61 ms. Memory: 875008K Free: 830895K (95%)
----------------- Invoking toplevel() on ptolemy.moml.MoMLSimpleApplication@452a0674
----------------- Done invoking toplevel() on ptolemy.moml.MoMLSimpleApplication@452a0674
reloadAllAccessors: .ArrayLevelCrossing

===========================================================================================
----------------- testing Sun Nov 18 02:46:00 UTC 2018 /home/travis/build/icyphy/ptII/ptolemy/actor/lib/test/auto/ArrayLevelCrossing2.xml
----------------- Instantiating /home/travis/build/icyphy/ptII/ptolemy/actor/lib/test/auto/ArrayLevelCrossing2.xml
3 ms. Memory: 875008K Free: 798090K (91%)
----------------- Invoking toplevel() on ptolemy.moml.MoMLSimpleApplication@1abee43a
----------------- Done invoking toplevel() on ptolemy.moml.MoMLSimpleApplication@1abee43a
reloadAllAccessors: .ArrayLevelCrossing2

===========================================================================================
----------------- testing Sun Nov 18 02:46:00 UTC 2018 /home/travis/build/icyphy/ptII/ptolemy/actor/lib/test/auto/ArrayPeakSearch.xml
----------------- Instantiating /home/travis/build/icyphy/ptII/ptolemy/actor/lib/test/auto/ArrayPeakSearch.xml
6 ms. Memory: 875008K Free: 782159K (89%)
----------------- Invoking toplevel() on ptolemy.moml.MoMLSimpleApplication@790588cd
----------------- Done invoking toplevel() on ptolemy.moml.MoMLSimpleApplication@790588cd
reloadAllAccessors: .ArrayPeakSearch

===========================================================================================
----------------- testing Sun Nov 18 02:46:00 UTC 2018 /home/travis/build/icyphy/ptII/ptolemy/actor/lib/test/auto/ArrayPeakSearch2.xml
----------------- Instantiating /home/travis/build/icyphy/ptII/ptolemy/actor/lib/test/auto/ArrayPeakSearch2.xml
7 ms. Memory: 875008K Free: 766617K (88%)
----------------- Invoking toplevel() on ptolemy.moml.MoMLSimpleApplication@69e37b21
----------------- Done invoking toplevel() on ptolemy.moml.MoMLSimpleApplication@69e37b21
reloadAllAccessors: .ArrayPeakSearch2

===========================================================================================
----------------- testing Sun Nov 18 02:46:00 UTC 2018 /home/travis/build/icyphy/ptII/ptolemy/actor/lib/test/auto/ArrayPeakSearch3.xml
----------------- Instantiating /home/travis/build/icyphy/ptII/ptolemy/actor/lib/test/auto/ArrayPeakSearch3.xml
5 ms. Memory: 875008K Free: 751067K (86%)
----------------- Invoking toplevel() on ptolemy.moml.MoMLSimpleApplication@296a7f1d
----------------- Done invoking toplevel() on ptolemy.moml.MoMLSimpleApplication@296a7f1d
reloadAllAccessors: .ArrayPeakSearch3

===========================================================================================
----------------- testing Sun Nov 18 02:46:00 UTC 2018 /home/travis/build/icyphy/ptII/ptolemy/actor/lib/test/auto/ArrayRemoveElement.xml
----------------- Instantiating /home/travis/build/icyphy/ptII/ptolemy/actor/lib/test/auto/ArrayRemoveElement.xml
6 ms. Memory: 875008K Free: 724796K (83%)
----------------- Invoking toplevel() on ptolemy.moml.MoMLSimpleApplication@36ca9e35
----------------- Done invoking toplevel() on ptolemy.moml.MoMLSimpleApplication@36ca9e35
reloadAllAccessors: .ArrayRemoveElement

===========================================================================================
----------------- testing Sun Nov 18 02:46:00 UTC 2018 /home/travis/build/icyphy/ptII/ptolemy/actor/lib/test/auto/ArraySort.xml
----------------- Instantiating /home/travis/build/icyphy/ptII/ptolemy/actor/lib/test/auto/ArraySort.xml
4 ms. Memory: 875008K Free: 709246K (81%)
----------------- Invoking toplevel() on ptolemy.moml.MoMLSimpleApplication@3091218c
----------------- Done invoking toplevel() on ptolemy.moml.MoMLSimpleApplication@3091218c
reloadAllAccessors: .ArraySort

===========================================================================================
----------------- testing Sun Nov 18 02:46:00 UTC 2018 /home/travis/build/icyphy/ptII/ptolemy/actor/lib/test/auto/ArraySum.xml
----------------- Instantiating /home/travis/build/icyphy/ptII/ptolemy/actor/lib/test/auto/ArraySum.xml
1 ms. Memory: 875008K Free: 698889K (80%)
----------------- Invoking toplevel() on ptolemy.moml.MoMLSimpleApplication@58c99025
----------------- Done invoking toplevel() on ptolemy.moml.MoMLSimpleApplication@58c99025
reloadAllAccessors: .ArraySum

===========================================================================================
----------------- testing Sun Nov 18 02:46:00 UTC 2018 /home/travis/build/icyphy/ptII/ptolemy/actor/lib/test/auto/ArrayToElements.xml
----------------- Instantiating /home/travis/build/icyphy/ptII/ptolemy/actor/lib/test/auto/ArrayToElements.xml
6 ms. Memory: 875008K Free: 683485K (78%)
----------------- Invoking toplevel() on ptolemy.moml.MoMLSimpleApplication@76ff0b22
----------------- Done invoking toplevel() on ptolemy.moml.MoMLSimpleApplication@76ff0b22
reloadAllAccessors: .ArrayToElements

===========================================================================================
----------------- testing Sun Nov 18 02:46:00 UTC 2018 /home/travis/build/icyphy/ptII/ptolemy/actor/lib/test/auto/ArrayToMatrix.xml
----------------- Instantiating /home/travis/build/icyphy/ptII/ptolemy/actor/lib/test/auto/ArrayToMatrix.xml
4 ms. Memory: 875008K Free: 662741K (76%)
----------------- Invoking toplevel() on ptolemy.moml.MoMLSimpleApplication@21aa8efd
----------------- Done invoking toplevel() on ptolemy.moml.MoMLSimpleApplication@21aa8efd
reloadAllAccessors: .ArrayToMatrix

===========================================================================================
----------------- testing Sun Nov 18 02:46:00 UTC 2018 /home/travis/build/icyphy/ptII/ptolemy/actor/lib/test/auto/ArrayUpdate1.xml
----------------- Instantiating /home/travis/build/icyphy/ptII/ptolemy/actor/lib/test/auto/ArrayUpdate1.xml
1 ms. Memory: 875008K Free: 641664K (73%)
----------------- Invoking toplevel() on ptolemy.moml.MoMLSimpleApplication@4f80ea54
----------------- Done invoking toplevel() on ptolemy.moml.MoMLSimpleApplication@4f80ea54
reloadAllAccessors: .ArrayUpdate1

===========================================================================================
----------------- testing Sun Nov 18 02:46:00 UTC 2018 /home/travis/build/icyphy/ptII/ptolemy/actor/lib/test/auto/ArrayUpdate2.xml
----------------- Instantiating /home/travis/build/icyphy/ptII/ptolemy/actor/lib/test/auto/ArrayUpdate2.xml
3 ms. Memory: 875008K Free: 631308K (72%)
----------------- Invoking toplevel() on ptolemy.moml.MoMLSimpleApplication@16185ee2
----------------- Done invoking toplevel() on ptolemy.moml.MoMLSimpleApplication@16185ee2
reloadAllAccessors: .ArrayUpdate2

===========================================================================================
----------------- testing Sun Nov 18 02:46:00 UTC 2018 /home/travis/build/icyphy/ptII/ptolemy/actor/lib/test/auto/ArrayUpdate3.xml
----------------- Instantiating /home/travis/build/icyphy/ptII/ptolemy/actor/lib/test/auto/ArrayUpdate3.xml
1 ms. Memory: 875008K Free: 620951K (71%)
----------------- Invoking toplevel() on ptolemy.moml.MoMLSimpleApplication@12e28f55
----------------- Done invoking toplevel() on ptolemy.moml.MoMLSimpleApplication@12e28f55
reloadAllAccessors: .ArrayUpdate3

===========================================================================================
----------------- testing Sun Nov 18 02:46:00 UTC 2018 /home/travis/build/icyphy/ptII/ptolemy/actor/lib/test/auto/Assert1.xml
----------------- Instantiating /home/travis/build/icyphy/ptII/ptolemy/actor/lib/test/auto/Assert1.xml
2 ms. Memory: 875008K Free: 610595K (70%)
----------------- Invoking toplevel() on ptolemy.moml.MoMLSimpleApplication@4aae6502
----------------- Done invoking toplevel() on ptolemy.moml.MoMLSimpleApplication@4aae6502
reloadAllAccessors: .Assert1

===========================================================================================
----------------- testing Sun Nov 18 02:46:00 UTC 2018 /home/travis/build/icyphy/ptII/ptolemy/actor/lib/test/auto/Assert2.xml
----------------- Instantiating /home/travis/build/icyphy/ptII/ptolemy/actor/lib/test/auto/Assert2.xml
3 ms. Memory: 875008K Free: 600239K (69%)
----------------- Invoking toplevel() on ptolemy.moml.MoMLSimpleApplication@9d7ef35
----------------- Done invoking toplevel() on ptolemy.moml.MoMLSimpleApplication@9d7ef35
reloadAllAccessors: .Assert2

===========================================================================================
----------------- testing Sun Nov 18 02:46:00 UTC 2018 /home/travis/build/icyphy/ptII/ptolemy/actor/lib/test/auto/BooleanMultiplexor.xml
----------------- Instantiating /home/travis/build/icyphy/ptII/ptolemy/actor/lib/test/auto/BooleanMultiplexor.xml
2 ms. Memory: 875008K Free: 579162K (66%)
----------------- Invoking toplevel() on ptolemy.moml.MoMLSimpleApplication@78878f5e
----------------- Done invoking toplevel() on ptolemy.moml.MoMLSimpleApplication@78878f5e
reloadAllAccessors: .BooleanMultiplexor

===========================================================================================
----------------- testing Sun Nov 18 02:46:00 UTC 2018 /home/travis/build/icyphy/ptII/ptolemy/actor/lib/test/auto/BooleanMultiplexor2.xml
----------------- Instantiating /home/travis/build/icyphy/ptII/ptolemy/actor/lib/test/auto/BooleanMultiplexor2.xml
9 ms. Memory: 875008K Free: 568806K (65%)
----------------- Invoking toplevel() on ptolemy.moml.MoMLSimpleApplication@1ccaccaa
----------------- Done invoking toplevel() on ptolemy.moml.MoMLSimpleApplication@1ccaccaa
reloadAllAccessors: .BooleanMultiplexor2

===========================================================================================
----------------- testing Sun Nov 18 02:46:00 UTC 2018 /home/travis/build/icyphy/ptII/ptolemy/actor/lib/test/auto/BooleanMultiplexor3.xml
----------------- Instantiating /home/travis/build/icyphy/ptII/ptolemy/actor/lib/test/auto/BooleanMultiplexor3.xml
4 ms. Memory: 875008K Free: 558450K (64%)
----------------- Invoking toplevel() on ptolemy.moml.MoMLSimpleApplication@6d29ea6d
----------------- Done invoking toplevel() on ptolemy.moml.MoMLSimpleApplication@6d29ea6d
reloadAllAccessors: .BooleanMultiplexor3

===========================================================================================
----------------- testing Sun Nov 18 02:46:00 UTC 2018 /home/travis/build/icyphy/ptII/ptolemy/actor/lib/test/auto/BooleanSelect.xml
----------------- Instantiating /home/travis/build/icyphy/ptII/ptolemy/actor/lib/test/auto/BooleanSelect.xml
7 ms. Memory: 875008K Free: 548094K (63%)
----------------- Invoking toplevel() on ptolemy.moml.MoMLSimpleApplication@4cc5f173
----------------- Done invoking toplevel() on ptolemy.moml.MoMLSimpleApplication@4cc5f173
reloadAllAccessors: .BooleanSelect

===========================================================================================
----------------- testing Sun Nov 18 02:46:00 UTC 2018 /home/travis/build/icyphy/ptII/ptolemy/actor/lib/test/auto/BooleanSelect2.xml
----------------- Instantiating /home/travis/build/icyphy/ptII/ptolemy/actor/lib/test/auto/BooleanSelect2.xml
2 ms. Memory: 875008K Free: 537738K (61%)
----------------- Invoking toplevel() on ptolemy.moml.MoMLSimpleApplication@50e66003
----------------- Done invoking toplevel() on ptolemy.moml.MoMLSimpleApplication@50e66003
reloadAllAccessors: .BooleanSelect2

===========================================================================================
----------------- testing Sun Nov 18 02:46:00 UTC 2018 /home/travis/build/icyphy/ptII/ptolemy/actor/lib/test/auto/BooleanSwitch.xml
----------------- Instantiating /home/travis/build/icyphy/ptII/ptolemy/actor/lib/test/auto/BooleanSwitch.xml
4 ms. Memory: 875008K Free: 516661K (59%)
----------------- Invoking toplevel() on ptolemy.moml.MoMLSimpleApplication@66ad5120
----------------- Done invoking toplevel() on ptolemy.moml.MoMLSimpleApplication@66ad5120
reloadAllAccessors: .BooleanSwitch

===========================================================================================
----------------- testing Sun Nov 18 02:46:00 UTC 2018 /home/travis/build/icyphy/ptII/ptolemy/actor/lib/test/auto/BooleanSwitch2.xml
----------------- Instantiating /home/travis/build/icyphy/ptII/ptolemy/actor/lib/test/auto/BooleanSwitch2.xml
1 ms. Memory: 875008K Free: 506305K (58%)
----------------- Invoking toplevel() on ptolemy.moml.MoMLSimpleApplication@5f64957f
----------------- Done invoking toplevel() on ptolemy.moml.MoMLSimpleApplication@5f64957f
reloadAllAccessors: .BooleanSwitch2

===========================================================================================
----------------- testing Sun Nov 18 02:46:00 UTC 2018 /home/travis/build/icyphy/ptII/ptolemy/actor/lib/test/auto/BooleanSwitchCloningBugWithClassRelationGroup.xml
----------------- Instantiating /home/travis/build/icyphy/ptII/ptolemy/actor/lib/test/auto/BooleanSwitchCloningBugWithClassRelationGroup.xml
4 ms. Memory: 875008K Free: 495949K (57%)
----------------- Invoking toplevel() on ptolemy.moml.MoMLSimpleApplication@76d6e3f7
----------------- Done invoking toplevel() on ptolemy.moml.MoMLSimpleApplication@76d6e3f7
reloadAllAccessors: .BooleanSwitchCloningBugWithClassRelationGroup

===========================================================================================
----------------- testing Sun Nov 18 02:46:00 UTC 2018 /home/travis/build/icyphy/ptII/ptolemy/actor/lib/test/auto/BusActors.xml
----------------- Instantiating /home/travis/build/icyphy/ptII/ptolemy/actor/lib/test/auto/BusActors.xml
3 ms. Memory: 875008K Free: 480398K (55%)
----------------- Invoking toplevel() on ptolemy.moml.MoMLSimpleApplication@6f56d986
----------------- Done invoking toplevel() on ptolemy.moml.MoMLSimpleApplication@6f56d986
reloadAllAccessors: .BusActors

===========================================================================================
----------------- testing Sun Nov 18 02:46:00 UTC 2018 /home/travis/build/icyphy/ptII/ptolemy/actor/lib/test/auto/ClassWrapper.xml
----------------- Instantiating /home/travis/build/icyphy/ptII/ptolemy/actor/lib/test/auto/ClassWrapper.xml
2 ms. Memory: 875008K Free: 470042K (54%)
----------------- Invoking toplevel() on ptolemy.moml.MoMLSimpleApplication@5c5d236b
----------------- Done invoking toplevel() on ptolemy.moml.MoMLSimpleApplication@5c5d236b
reloadAllAccessors: .ClassWrapper

===========================================================================================
----------------- testing Sun Nov 18 02:46:00 UTC 2018 /home/travis/build/icyphy/ptII/ptolemy/actor/lib/test/auto/Clock.xml
----------------- Instantiating /home/travis/build/icyphy/ptII/ptolemy/actor/lib/test/auto/Clock.xml
1 ms. Memory: 875008K Free: 448965K (51%)
----------------- Invoking toplevel() on ptolemy.moml.MoMLSimpleApplication@2cc48cdf
----------------- Done invoking toplevel() on ptolemy.moml.MoMLSimpleApplication@2cc48cdf
reloadAllAccessors: .Clock

===========================================================================================
----------------- testing Sun Nov 18 02:46:00 UTC 2018 /home/travis/build/icyphy/ptII/ptolemy/actor/lib/test/auto/Clock10.xml
----------------- Instantiating /home/travis/build/icyphy/ptII/ptolemy/actor/lib/test/auto/Clock10.xml
4 ms. Memory: 875008K Free: 438609K (50%)
----------------- Invoking toplevel() on ptolemy.moml.MoMLSimpleApplication@35c2f4d9
----------------- Done invoking toplevel() on ptolemy.moml.MoMLSimpleApplication@35c2f4d9
reloadAllAccessors: .Clock10

===========================================================================================
----------------- testing Sun Nov 18 02:46:00 UTC 2018 /home/travis/build/icyphy/ptII/ptolemy/actor/lib/test/auto/Clock11.xml
----------------- Instantiating /home/travis/build/icyphy/ptII/ptolemy/actor/lib/test/auto/Clock11.xml
5 ms. Memory: 875008K Free: 428253K (49%)
----------------- Invoking toplevel() on ptolemy.moml.MoMLSimpleApplication@21fc4907
----------------- Done invoking toplevel() on ptolemy.moml.MoMLSimpleApplication@21fc4907
reloadAllAccessors: .Clock11

===========================================================================================
----------------- testing Sun Nov 18 02:46:00 UTC 2018 /home/travis/build/icyphy/ptII/ptolemy/actor/lib/test/auto/Clock12.xml
----------------- Instantiating /home/travis/build/icyphy/ptII/ptolemy/actor/lib/test/auto/Clock12.xml
4 ms. Memory: 875008K Free: 417897K (48%)
----------------- Invoking toplevel() on ptolemy.moml.MoMLSimpleApplication@7f826d1c
----------------- Done invoking toplevel() on ptolemy.moml.MoMLSimpleApplication@7f826d1c
reloadAllAccessors: .Clock12

===========================================================================================
----------------- testing Sun Nov 18 02:46:00 UTC 2018 /home/travis/build/icyphy/ptII/ptolemy/actor/lib/test/auto/Clock13.xml
----------------- Instantiating /home/travis/build/icyphy/ptII/ptolemy/actor/lib/test/auto/Clock13.xml
7 ms. Memory: 875008K Free: 396820K (45%)
----------------- Invoking toplevel() on ptolemy.moml.MoMLSimpleApplication@d0c6059
----------------- Done invoking toplevel() on ptolemy.moml.MoMLSimpleApplication@d0c6059
reloadAllAccessors: .Clock13

===========================================================================================
----------------- testing Sun Nov 18 02:46:01 UTC 2018 /home/travis/build/icyphy/ptII/ptolemy/actor/lib/test/auto/Clock14.xml
----------------- Instantiating /home/travis/build/icyphy/ptII/ptolemy/actor/lib/test/auto/Clock14.xml
6 ms. Memory: 875008K Free: 386464K (44%)
----------------- Invoking toplevel() on ptolemy.moml.MoMLSimpleApplication@55ce2e1d
----------------- Done invoking toplevel() on ptolemy.moml.MoMLSimpleApplication@55ce2e1d
reloadAllAccessors: .Clock14

===========================================================================================
----------------- testing Sun Nov 18 02:46:01 UTC 2018 /home/travis/build/icyphy/ptII/ptolemy/actor/lib/test/auto/Clock15.xml
----------------- Instantiating /home/travis/build/icyphy/ptII/ptolemy/actor/lib/test/auto/Clock15.xml
2 ms. Memory: 875008K Free: 376108K (43%)
----------------- Invoking toplevel() on ptolemy.moml.MoMLSimpleApplication@16319b48
----------------- Done invoking toplevel() on ptolemy.moml.MoMLSimpleApplication@16319b48
reloadAllAccessors: .Clock15

===========================================================================================
----------------- testing Sun Nov 18 02:46:01 UTC 2018 /home/travis/build/icyphy/ptII/ptolemy/actor/lib/test/auto/Clock16.xml
----------------- Instantiating /home/travis/build/icyphy/ptII/ptolemy/actor/lib/test/auto/Clock16.xml
20 ms. Memory: 875008K Free: 355372K (41%)
----------------- Invoking toplevel() on ptolemy.moml.MoMLSimpleApplication@6a62c493
----------------- Done invoking toplevel() on ptolemy.moml.MoMLSimpleApplication@6a62c493
reloadAllAccessors: .Clock16

===========================================================================================
----------------- testing Sun Nov 18 02:46:01 UTC 2018 /home/travis/build/icyphy/ptII/ptolemy/actor/lib/test/auto/Clock17.xml
----------------- Instantiating /home/travis/build/icyphy/ptII/ptolemy/actor/lib/test/auto/Clock17.xml
25 ms. Memory: 875008K Free: 339830K (39%)
----------------- Invoking toplevel() on ptolemy.moml.MoMLSimpleApplication@2f288055
----------------- Done invoking toplevel() on ptolemy.moml.MoMLSimpleApplication@2f288055
reloadAllAccessors: .Clock17

===========================================================================================
----------------- testing Sun Nov 18 02:46:01 UTC 2018 /home/travis/build/icyphy/ptII/ptolemy/actor/lib/test/auto/Clock18.xml
----------------- Instantiating /home/travis/build/icyphy/ptII/ptolemy/actor/lib/test/auto/Clock18.xml
29 ms. Memory: 875008K Free: 313559K (36%)
----------------- Invoking toplevel() on ptolemy.moml.MoMLSimpleApplication@32cbbd2a
----------------- Done invoking toplevel() on ptolemy.moml.MoMLSimpleApplication@32cbbd2a
reloadAllAccessors: .Clock18

===========================================================================================
----------------- testing Sun Nov 18 02:46:01 UTC 2018 /home/travis/build/icyphy/ptII/ptolemy/actor/lib/test/auto/Clock19.xml
----------------- Instantiating /home/travis/build/icyphy/ptII/ptolemy/actor/lib/test/auto/Clock19.xml
22 ms. Memory: 875008K Free: 298024K (34%)
----------------- Invoking toplevel() on ptolemy.moml.MoMLSimpleApplication@6c09c783
----------------- Done invoking toplevel() on ptolemy.moml.MoMLSimpleApplication@6c09c783
reloadAllAccessors: .Clock19

===========================================================================================
----------------- testing Sun Nov 18 02:46:01 UTC 2018 /home/travis/build/icyphy/ptII/ptolemy/actor/lib/test/auto/Clock2.xml
----------------- Instantiating /home/travis/build/icyphy/ptII/ptolemy/actor/lib/test/auto/Clock2.xml
8 ms. Memory: 875008K Free: 287668K (33%)
----------------- Invoking toplevel() on ptolemy.moml.MoMLSimpleApplication@e5ea037
----------------- Done invoking toplevel() on ptolemy.moml.MoMLSimpleApplication@e5ea037
reloadAllAccessors: .Clock2

===========================================================================================
----------------- testing Sun Nov 18 02:46:01 UTC 2018 /home/travis/build/icyphy/ptII/ptolemy/actor/lib/test/auto/Clock20.xml
----------------- Instantiating /home/travis/build/icyphy/ptII/ptolemy/actor/lib/test/auto/Clock20.xml
8 ms. Memory: 875008K Free: 277312K (32%)
----------------- Invoking toplevel() on ptolemy.moml.MoMLSimpleApplication@4ae65a37
----------------- Done invoking toplevel() on ptolemy.moml.MoMLSimpleApplication@4ae65a37
reloadAllAccessors: .Clock20

===========================================================================================
----------------- testing Sun Nov 18 02:46:01 UTC 2018 /home/travis/build/icyphy/ptII/ptolemy/actor/lib/test/auto/Clock21.xml
----------------- Instantiating /home/travis/build/icyphy/ptII/ptolemy/actor/lib/test/auto/Clock21.xml
7 ms. Memory: 875008K Free: 266956K (31%)
----------------- Invoking toplevel() on ptolemy.moml.MoMLSimpleApplication@2496cdbf
----------------- Done invoking toplevel() on ptolemy.moml.MoMLSimpleApplication@2496cdbf
reloadAllAccessors: .Clock21

===========================================================================================
----------------- testing Sun Nov 18 02:46:01 UTC 2018 /home/travis/build/icyphy/ptII/ptolemy/actor/lib/test/auto/Clock22.xml
----------------- Instantiating /home/travis/build/icyphy/ptII/ptolemy/actor/lib/test/auto/Clock22.xml
6 ms. Memory: 875008K Free: 245879K (28%)
----------------- Invoking toplevel() on ptolemy.moml.MoMLSimpleApplication@488e1740
----------------- Done invoking toplevel() on ptolemy.moml.MoMLSimpleApplication@488e1740
reloadAllAccessors: .Clock22

===========================================================================================
----------------- testing Sun Nov 18 02:46:01 UTC 2018 /home/travis/build/icyphy/ptII/ptolemy/actor/lib/test/auto/Clock23.xml
----------------- Instantiating /home/travis/build/icyphy/ptII/ptolemy/actor/lib/test/auto/Clock23.xml
5 ms. Memory: 875008K Free: 235523K (27%)
----------------- Invoking toplevel() on ptolemy.moml.MoMLSimpleApplication@5fb4a825
----------------- Done invoking toplevel() on ptolemy.moml.MoMLSimpleApplication@5fb4a825
reloadAllAccessors: .Clock23

===========================================================================================
----------------- testing Sun Nov 18 02:46:01 UTC 2018 /home/travis/build/icyphy/ptII/ptolemy/actor/lib/test/auto/Clock24.xml
----------------- Instantiating /home/travis/build/icyphy/ptII/ptolemy/actor/lib/test/auto/Clock24.xml
2 ms. Memory: 875008K Free: 225167K (26%)
----------------- Invoking toplevel() on ptolemy.moml.MoMLSimpleApplication@5672a775
----------------- Done invoking toplevel() on ptolemy.moml.MoMLSimpleApplication@5672a775
reloadAllAccessors: .Clock24

===========================================================================================
----------------- testing Sun Nov 18 02:46:01 UTC 2018 /home/travis/build/icyphy/ptII/ptolemy/actor/lib/test/auto/Clock4.xml
----------------- Instantiating /home/travis/build/icyphy/ptII/ptolemy/actor/lib/test/auto/Clock4.xml
2 ms. Memory: 875008K Free: 214810K (25%)
----------------- Invoking toplevel() on ptolemy.moml.MoMLSimpleApplication@2aea074a
----------------- Done invoking toplevel() on ptolemy.moml.MoMLSimpleApplication@2aea074a
reloadAllAccessors: .Clock4

===========================================================================================
----------------- testing Sun Nov 18 02:46:01 UTC 2018 /home/travis/build/icyphy/ptII/ptolemy/actor/lib/test/auto/Clock5.xml
----------------- Instantiating /home/travis/build/icyphy/ptII/ptolemy/actor/lib/test/auto/Clock5.xml
2 ms. Memory: 875008K Free: 204454K (23%)
----------------- Invoking toplevel() on ptolemy.moml.MoMLSimpleApplication@2a96cadb
----------------- Done invoking toplevel() on ptolemy.moml.MoMLSimpleApplication@2a96cadb
reloadAllAccessors: .Clock5

===========================================================================================
----------------- testing Sun Nov 18 02:46:01 UTC 2018 /home/travis/build/icyphy/ptII/ptolemy/actor/lib/test/auto/Clock6.xml
----------------- Instantiating /home/travis/build/icyphy/ptII/ptolemy/actor/lib/test/auto/Clock6.xml
1 ms. Memory: 875008K Free: 183378K (21%)
----------------- Invoking toplevel() on ptolemy.moml.MoMLSimpleApplication@3f494564
----------------- Done invoking toplevel() on ptolemy.moml.MoMLSimpleApplication@3f494564
reloadAllAccessors: .Clock6

===========================================================================================
----------------- testing Sun Nov 18 02:46:01 UTC 2018 /home/travis/build/icyphy/ptII/ptolemy/actor/lib/test/auto/Clock7.xml
----------------- Instantiating /home/travis/build/icyphy/ptII/ptolemy/actor/lib/test/auto/Clock7.xml
3 ms. Memory: 875008K Free: 173021K (20%)
----------------- Invoking toplevel() on ptolemy.moml.MoMLSimpleApplication@23651623
----------------- Done invoking toplevel() on ptolemy.moml.MoMLSimpleApplication@23651623
reloadAllAccessors: .Clock7

===========================================================================================
----------------- testing Sun Nov 18 02:46:01 UTC 2018 /home/travis/build/icyphy/ptII/ptolemy/actor/lib/test/auto/Clock8.xml
----------------- Instantiating /home/travis/build/icyphy/ptII/ptolemy/actor/lib/test/auto/Clock8.xml
3 ms. Memory: 875008K Free: 162665K (19%)
----------------- Invoking toplevel() on ptolemy.moml.MoMLSimpleApplication@51162f42
----------------- Done invoking toplevel() on ptolemy.moml.MoMLSimpleApplication@51162f42
reloadAllAccessors: .Clock8

===========================================================================================
----------------- testing Sun Nov 18 02:46:01 UTC 2018 /home/travis/build/icyphy/ptII/ptolemy/actor/lib/test/auto/Clock9.xml
----------------- Instantiating /home/travis/build/icyphy/ptII/ptolemy/actor/lib/test/auto/Clock9.xml
7 ms. Memory: 875008K Free: 152309K (17%)
----------------- Invoking toplevel() on ptolemy.moml.MoMLSimpleApplication@71447522
----------------- Done invoking toplevel() on ptolemy.moml.MoMLSimpleApplication@71447522
reloadAllAccessors: .Clock9

===========================================================================================
----------------- testing Sun Nov 18 02:46:01 UTC 2018 /home/travis/build/icyphy/ptII/ptolemy/actor/lib/test/auto/CommDistDiscard.xml
----------------- Instantiating /home/travis/build/icyphy/ptII/ptolemy/actor/lib/test/auto/CommDistDiscard.xml
5 ms. Memory: 875008K Free: 141953K (16%)
----------------- Invoking toplevel() on ptolemy.moml.MoMLSimpleApplication@349ef51d
----------------- Done invoking toplevel() on ptolemy.moml.MoMLSimpleApplication@349ef51d
reloadAllAccessors: .CommDistDiscard

===========================================================================================
----------------- testing Sun Nov 18 02:46:01 UTC 2018 /home/travis/build/icyphy/ptII/ptolemy/actor/lib/test/auto/Commutator.xml
----------------- Instantiating /home/travis/build/icyphy/ptII/ptolemy/actor/lib/test/auto/Commutator.xml
6 ms. Memory: 875008K Free: 120876K (14%)
----------------- Invoking toplevel() on ptolemy.moml.MoMLSimpleApplication@5a8d271a
----------------- Done invoking toplevel() on ptolemy.moml.MoMLSimpleApplication@5a8d271a
reloadAllAccessors: .Commutator

===========================================================================================
----------------- testing Sun Nov 18 02:46:01 UTC 2018 /home/travis/build/icyphy/ptII/ptolemy/actor/lib/test/auto/Commutator2.xml
----------------- Instantiating /home/travis/build/icyphy/ptII/ptolemy/actor/lib/test/auto/Commutator2.xml
3 ms. Memory: 875008K Free: 110520K (13%)
----------------- Invoking toplevel() on ptolemy.moml.MoMLSimpleApplication@7adba429
----------------- Done invoking toplevel() on ptolemy.moml.MoMLSimpleApplication@7adba429
reloadAllAccessors: .Commutator2

===========================================================================================
----------------- testing Sun Nov 18 02:46:01 UTC 2018 /home/travis/build/icyphy/ptII/ptolemy/actor/lib/test/auto/Commutator3.xml
----------------- Instantiating /home/travis/build/icyphy/ptII/ptolemy/actor/lib/test/auto/Commutator3.xml
3 ms. Memory: 875008K Free: 100164K (11%)
----------------- Invoking toplevel() on ptolemy.moml.MoMLSimpleApplication@489c87b6
----------------- Done invoking toplevel() on ptolemy.moml.MoMLSimpleApplication@489c87b6
reloadAllAccessors: .Commutator3

===========================================================================================
----------------- testing Sun Nov 18 02:46:01 UTC 2018 /home/travis/build/icyphy/ptII/ptolemy/actor/lib/test/auto/Compare.xml
----------------- Instantiating /home/travis/build/icyphy/ptII/ptolemy/actor/lib/test/auto/Compare.xml
2 ms. Memory: 875008K Free: 89808K (10%)
----------------- Invoking toplevel() on ptolemy.moml.MoMLSimpleApplication@a3d27d2
----------------- Done invoking toplevel() on ptolemy.moml.MoMLSimpleApplication@a3d27d2
reloadAllAccessors: .Compare

===========================================================================================
----------------- testing Sun Nov 18 02:46:01 UTC 2018 /home/travis/build/icyphy/ptII/ptolemy/actor/lib/test/auto/CompareDE.xml
----------------- Instantiating /home/travis/build/icyphy/ptII/ptolemy/actor/lib/test/auto/CompareDE.xml
3 ms. Memory: 875008K Free: 68731K (8%)
----------------- Invoking toplevel() on ptolemy.moml.MoMLSimpleApplication@48ac0d15
----------------- Done invoking toplevel() on ptolemy.moml.MoMLSimpleApplication@48ac0d15
reloadAllAccessors: .CompareDE

===========================================================================================
----------------- testing Sun Nov 18 02:46:01 UTC 2018 /home/travis/build/icyphy/ptII/ptolemy/actor/lib/test/auto/ComplexDivide.xml
----------------- Instantiating /home/travis/build/icyphy/ptII/ptolemy/actor/lib/test/auto/ComplexDivide.xml
2 ms. Memory: 875008K Free: 58375K (7%)
----------------- Invoking toplevel() on ptolemy.moml.MoMLSimpleApplication@5f6e7f35
----------------- Done invoking toplevel() on ptolemy.moml.MoMLSimpleApplication@5f6e7f35
reloadAllAccessors: .ComplexDivide

===========================================================================================
----------------- testing Sun Nov 18 02:46:01 UTC 2018 /home/travis/build/icyphy/ptII/ptolemy/actor/lib/test/auto/ComputeHistogram.xml
----------------- Instantiating /home/travis/build/icyphy/ptII/ptolemy/actor/lib/test/auto/ComputeHistogram.xml
32 ms. Memory: 876032K Free: 822232K (94%)
----------------- Invoking toplevel() on ptolemy.moml.MoMLSimpleApplication@da5b507
----------------- Done invoking toplevel() on ptolemy.moml.MoMLSimpleApplication@da5b507
reloadAllAccessors: .ComputeHistogram

===========================================================================================
----------------- testing Sun Nov 18 02:46:01 UTC 2018 /home/travis/build/icyphy/ptII/ptolemy/actor/lib/test/auto/ConfigurationSelect.xml
----------------- Instantiating /home/travis/build/icyphy/ptII/ptolemy/actor/lib/test/auto/ConfigurationSelect.xml
1 ms. Memory: 876032K Free: 806634K (92%)
----------------- Invoking toplevel() on ptolemy.moml.MoMLSimpleApplication@4bd23705
----------------- Done invoking toplevel() on ptolemy.moml.MoMLSimpleApplication@4bd23705
reloadAllAccessors: .ConfigurationSelect

===========================================================================================
----------------- testing Sun Nov 18 02:46:01 UTC 2018 /home/travis/build/icyphy/ptII/ptolemy/actor/lib/test/auto/ConfigurationSelect2.xml
----------------- Instantiating /home/travis/build/icyphy/ptII/ptolemy/actor/lib/test/auto/ConfigurationSelect2.xml
1 ms. Memory: 876032K Free: 798867K (91%)
----------------- Invoking toplevel() on ptolemy.moml.MoMLSimpleApplication@5df778bf
----------------- Done invoking toplevel() on ptolemy.moml.MoMLSimpleApplication@5df778bf
reloadAllAccessors: .ConfigurationSelect2

===========================================================================================
----------------- testing Sun Nov 18 02:46:01 UTC 2018 /home/travis/build/icyphy/ptII/ptolemy/actor/lib/test/auto/ConfigurationSwitch.xml
----------------- Instantiating /home/travis/build/icyphy/ptII/ptolemy/actor/lib/test/auto/ConfigurationSwitch.xml
2 ms. Memory: 876032K Free: 791100K (90%)
----------------- Invoking toplevel() on ptolemy.moml.MoMLSimpleApplication@393ecf04
----------------- Done invoking toplevel() on ptolemy.moml.MoMLSimpleApplication@393ecf04
reloadAllAccessors: .ConfigurationSwitch

===========================================================================================
----------------- testing Sun Nov 18 02:46:01 UTC 2018 /home/travis/build/icyphy/ptII/ptolemy/actor/lib/test/auto/ConfigurationSwitch2.xml
----------------- Instantiating /home/travis/build/icyphy/ptII/ptolemy/actor/lib/test/auto/ConfigurationSwitch2.xml
1 ms. Memory: 876032K Free: 775502K (89%)
----------------- Invoking toplevel() on ptolemy.moml.MoMLSimpleApplication@6c342205
----------------- Done invoking toplevel() on ptolemy.moml.MoMLSimpleApplication@6c342205
reloadAllAccessors: .ConfigurationSwitch2

===========================================================================================
----------------- testing Sun Nov 18 02:46:01 UTC 2018 /home/travis/build/icyphy/ptII/ptolemy/actor/lib/test/auto/ConfigurationSwitchCloningBugWithClassRelationGroup.xml
----------------- Instantiating /home/travis/build/icyphy/ptII/ptolemy/actor/lib/test/auto/ConfigurationSwitchCloningBugWithClassRelationGroup.xml
1 ms. Memory: 876032K Free: 763850K (87%)
----------------- Invoking toplevel() on ptolemy.moml.MoMLSimpleApplication@3338528
----------------- Done invoking toplevel() on ptolemy.moml.MoMLSimpleApplication@3338528
reloadAllAccessors: .ConfigurationSwitchCloningBugWithClassRelationGroup

===========================================================================================
----------------- testing Sun Nov 18 02:46:01 UTC 2018 /home/travis/build/icyphy/ptII/ptolemy/actor/lib/test/auto/ConfigurationSwitchSelectSDF.xml
----------------- Instantiating /home/travis/build/icyphy/ptII/ptolemy/actor/lib/test/auto/ConfigurationSwitchSelectSDF.xml
2 ms. Memory: 876032K Free: 756083K (86%)
----------------- Invoking toplevel() on ptolemy.moml.MoMLSimpleApplication@4140d6f2
----------------- Done invoking toplevel() on ptolemy.moml.MoMLSimpleApplication@4140d6f2
reloadAllAccessors: .ConfigurationSwitchSelectSDF

===========================================================================================
----------------- testing Sun Nov 18 02:46:01 UTC 2018 /home/travis/build/icyphy/ptII/ptolemy/actor/lib/test/auto/ConfigurationSwitchSelectSDF2.xml
----------------- Instantiating /home/travis/build/icyphy/ptII/ptolemy/actor/lib/test/auto/ConfigurationSwitchSelectSDF2.xml
1 ms. Memory: 876032K Free: 740485K (85%)
----------------- Invoking toplevel() on ptolemy.moml.MoMLSimpleApplication@350a7719
----------------- Done invoking toplevel() on ptolemy.moml.MoMLSimpleApplication@350a7719
reloadAllAccessors: .ConfigurationSwitchSelectSDF2

===========================================================================================
----------------- testing Sun Nov 18 02:46:02 UTC 2018 /home/travis/build/icyphy/ptII/ptolemy/actor/lib/test/auto/Const.xml
----------------- Instantiating /home/travis/build/icyphy/ptII/ptolemy/actor/lib/test/auto/Const.xml
1 ms. Memory: 876032K Free: 732718K (84%)
----------------- Invoking toplevel() on ptolemy.moml.MoMLSimpleApplication@1f229a68
----------------- Done invoking toplevel() on ptolemy.moml.MoMLSimpleApplication@1f229a68
reloadAllAccessors: .Const

===========================================================================================
----------------- testing Sun Nov 18 02:46:02 UTC 2018 /home/travis/build/icyphy/ptII/ptolemy/actor/lib/test/auto/Const2.xml
----------------- Instantiating /home/travis/build/icyphy/ptII/ptolemy/actor/lib/test/auto/Const2.xml
1 ms. Memory: 876032K Free: 724951K (83%)
----------------- Invoking toplevel() on ptolemy.moml.MoMLSimpleApplication@299c70a5
----------------- Done invoking toplevel() on ptolemy.moml.MoMLSimpleApplication@299c70a5
reloadAllAccessors: .Const2

===========================================================================================
----------------- testing Sun Nov 18 02:46:02 UTC 2018 /home/travis/build/icyphy/ptII/ptolemy/actor/lib/test/auto/Const3.xml
----------------- Instantiating /home/travis/build/icyphy/ptII/ptolemy/actor/lib/test/auto/Const3.xml
0 ms. Memory: 876032K Free: 717184K (82%)
----------------- Invoking toplevel() on ptolemy.moml.MoMLSimpleApplication@3407f056
----------------- Done invoking toplevel() on ptolemy.moml.MoMLSimpleApplication@3407f056
reloadAllAccessors: .Const3

===========================================================================================
----------------- testing Sun Nov 18 02:46:02 UTC 2018 /home/travis/build/icyphy/ptII/ptolemy/actor/lib/test/auto/ConstantPublisherPort1.xml
----------------- Instantiating /home/travis/build/icyphy/ptII/ptolemy/actor/lib/test/auto/ConstantPublisherPort1.xml
4 ms. Memory: 876032K Free: 697686K (80%)
----------------- Invoking toplevel() on ptolemy.moml.MoMLSimpleApplication@11132d7a
----------------- Done invoking toplevel() on ptolemy.moml.MoMLSimpleApplication@11132d7a
reloadAllAccessors: .ConstantPublisherPort1

===========================================================================================
----------------- testing Sun Nov 18 02:46:02 UTC 2018 /home/travis/build/icyphy/ptII/ptolemy/actor/lib/test/auto/ConstantPublisherPort2.xml
----------------- Instantiating /home/travis/build/icyphy/ptII/ptolemy/actor/lib/test/auto/ConstantPublisherPort2.xml
4 ms. Memory: 876032K Free: 686028K (78%)
----------------- Invoking toplevel() on ptolemy.moml.MoMLSimpleApplication@63fac528
----------------- Done invoking toplevel() on ptolemy.moml.MoMLSimpleApplication@63fac528
reloadAllAccessors: .ConstantPublisherPort2

===========================================================================================
----------------- testing Sun Nov 18 02:46:02 UTC 2018 /home/travis/build/icyphy/ptII/ptolemy/actor/lib/test/auto/ConstantPublisherPort3.xml
----------------- Instantiating /home/travis/build/icyphy/ptII/ptolemy/actor/lib/test/auto/ConstantPublisherPort3.xml
3 ms. Memory: 876032K Free: 674377K (77%)
----------------- Invoking toplevel() on ptolemy.moml.MoMLSimpleApplication@49d983cd
----------------- Done invoking toplevel() on ptolemy.moml.MoMLSimpleApplication@49d983cd
reloadAllAccessors: .ConstantPublisherPort3

===========================================================================================
----------------- testing Sun Nov 18 02:46:02 UTC 2018 /home/travis/build/icyphy/ptII/ptolemy/actor/lib/test/auto/ConstantPublisherPort4.xml
----------------- Instantiating /home/travis/build/icyphy/ptII/ptolemy/actor/lib/test/auto/ConstantPublisherPort4.xml
2 ms. Memory: 876032K Free: 654880K (75%)
----------------- Invoking toplevel() on ptolemy.moml.MoMLSimpleApplication@27b288af
----------------- Done invoking toplevel() on ptolemy.moml.MoMLSimpleApplication@27b288af
reloadAllAccessors: .ConstantPublisherPort4

===========================================================================================
----------------- testing Sun Nov 18 02:46:02 UTC 2018 /home/travis/build/icyphy/ptII/ptolemy/actor/lib/test/auto/ConstantPublisherPort5.xml
----------------- Instantiating /home/travis/build/icyphy/ptII/ptolemy/actor/lib/test/auto/ConstantPublisherPort5.xml
22 ms. Memory: 876032K Free: 635446K (73%)
----------------- Invoking toplevel() on ptolemy.moml.MoMLSimpleApplication@58b5a66f
----------------- Done invoking toplevel() on ptolemy.moml.MoMLSimpleApplication@58b5a66f
reloadAllAccessors: .ConstantPublisherPort5

===========================================================================================
----------------- testing Sun Nov 18 02:46:02 UTC 2018 /home/travis/build/icyphy/ptII/ptolemy/actor/lib/test/auto/ConstantPublisherPort6.xml
----------------- Instantiating /home/travis/build/icyphy/ptII/ptolemy/actor/lib/test/auto/ConstantPublisherPort6.xml
16 ms. Memory: 876032K Free: 612144K (70%)
----------------- Invoking toplevel() on ptolemy.moml.MoMLSimpleApplication@15846ba2
----------------- Done invoking toplevel() on ptolemy.moml.MoMLSimpleApplication@15846ba2
reloadAllAccessors: .ConstantPublisherPort6

===========================================================================================
----------------- testing Sun Nov 18 02:46:02 UTC 2018 /home/travis/build/icyphy/ptII/ptolemy/actor/lib/test/auto/ConstantPublisherPort7.xml
----------------- Instantiating /home/travis/build/icyphy/ptII/ptolemy/actor/lib/test/auto/ConstantPublisherPort7.xml
13 ms. Memory: 876032K Free: 588827K (67%)
----------------- Invoking toplevel() on ptolemy.moml.MoMLSimpleApplication@1174eada
----------------- Done invoking toplevel() on ptolemy.moml.MoMLSimpleApplication@1174eada
reloadAllAccessors: .ConstantPublisherPort7

===========================================================================================
----------------- testing Sun Nov 18 02:46:02 UTC 2018 /home/travis/build/icyphy/ptII/ptolemy/actor/lib/test/auto/ConstraintMonitor1.xml
----------------- Instantiating /home/travis/build/icyphy/ptII/ptolemy/actor/lib/test/auto/ConstraintMonitor1.xml
6 ms. Memory: 876032K Free: 573229K (65%)
----------------- Invoking toplevel() on ptolemy.moml.MoMLSimpleApplication@110477a2
----------------- Done invoking toplevel() on ptolemy.moml.MoMLSimpleApplication@110477a2
reloadAllAccessors: .ConstraintMonitor1

===========================================================================================
----------------- testing Sun Nov 18 02:46:02 UTC 2018 /home/travis/build/icyphy/ptII/ptolemy/actor/lib/test/auto/ConstraintMonitor2.xml
----------------- Instantiating /home/travis/build/icyphy/ptII/ptolemy/actor/lib/test/auto/ConstraintMonitor2.xml
5 ms. Memory: 876032K Free: 565462K (65%)
----------------- Invoking toplevel() on ptolemy.moml.MoMLSimpleApplication@5479dc17
----------------- Done invoking toplevel() on ptolemy.moml.MoMLSimpleApplication@5479dc17
reloadAllAccessors: .ConstraintMonitor2

===========================================================================================
----------------- testing Sun Nov 18 02:46:02 UTC 2018 /home/travis/build/icyphy/ptII/ptolemy/actor/lib/test/auto/ConstraintMonitor3.xml
----------------- Instantiating /home/travis/build/icyphy/ptII/ptolemy/actor/lib/test/auto/ConstraintMonitor3.xml
7 ms. Memory: 876032K Free: 557694K (64%)
----------------- Invoking toplevel() on ptolemy.moml.MoMLSimpleApplication@5f38a47f
----------------- Done invoking toplevel() on ptolemy.moml.MoMLSimpleApplication@5f38a47f
reloadAllAccessors: .ConstraintMonitor3

===========================================================================================
----------------- testing Sun Nov 18 02:46:02 UTC 2018 /home/travis/build/icyphy/ptII/ptolemy/actor/lib/test/auto/ConstraintMonitor4.xml
----------------- Instantiating /home/travis/build/icyphy/ptII/ptolemy/actor/lib/test/auto/ConstraintMonitor4.xml
5 ms. Memory: 876032K Free: 542096K (62%)
----------------- Invoking toplevel() on ptolemy.moml.MoMLSimpleApplication@165676bf
----------------- Done invoking toplevel() on ptolemy.moml.MoMLSimpleApplication@165676bf
reloadAllAccessors: .ConstraintMonitor4

===========================================================================================
----------------- testing Sun Nov 18 02:46:02 UTC 2018 /home/travis/build/icyphy/ptII/ptolemy/actor/lib/test/auto/ConstraintMonitor5.xml
----------------- Instantiating /home/travis/build/icyphy/ptII/ptolemy/actor/lib/test/auto/ConstraintMonitor5.xml
1 ms. Memory: 876032K Free: 534329K (61%)
----------------- Invoking toplevel() on ptolemy.moml.MoMLSimpleApplication@6314102c
----------------- Done invoking toplevel() on ptolemy.moml.MoMLSimpleApplication@6314102c
reloadAllAccessors: .ConstraintMonitor5

===========================================================================================
----------------- testing Sun Nov 18 02:46:02 UTC 2018 /home/travis/build/icyphy/ptII/ptolemy/actor/lib/test/auto/ConstraintMonitor6.xml
----------------- Instantiating /home/travis/build/icyphy/ptII/ptolemy/actor/lib/test/auto/ConstraintMonitor6.xml
2 ms. Memory: 876032K Free: 522678K (60%)
----------------- Invoking toplevel() on ptolemy.moml.MoMLSimpleApplication@443a4b16
----------------- Done invoking toplevel() on ptolemy.moml.MoMLSimpleApplication@443a4b16
reloadAllAccessors: .ConstraintMonitor6

===========================================================================================
----------------- testing Sun Nov 18 02:46:02 UTC 2018 /home/travis/build/icyphy/ptII/ptolemy/actor/lib/test/auto/ConstraintMonitor7.xml
----------------- Instantiating /home/travis/build/icyphy/ptII/ptolemy/actor/lib/test/auto/ConstraintMonitor7.xml
10 ms. Memory: 876032K Free: 503197K (57%)
----------------- Invoking toplevel() on ptolemy.moml.MoMLSimpleApplication@7f41571
----------------- Done invoking toplevel() on ptolemy.moml.MoMLSimpleApplication@7f41571
reloadAllAccessors: .ConstraintMonitor7

===========================================================================================
----------------- testing Sun Nov 18 02:46:02 UTC 2018 /home/travis/build/icyphy/ptII/ptolemy/actor/lib/test/auto/ConstraintMonitor8.xml
----------------- Instantiating /home/travis/build/icyphy/ptII/ptolemy/actor/lib/test/auto/ConstraintMonitor8.xml
7 ms. Memory: 876032K Free: 491530K (56%)
----------------- Invoking toplevel() on ptolemy.moml.MoMLSimpleApplication@40428b74
----------------- Done invoking toplevel() on ptolemy.moml.MoMLSimpleApplication@40428b74
reloadAllAccessors: .ConstraintMonitor8

===========================================================================================
----------------- testing Sun Nov 18 02:46:02 UTC 2018 /home/travis/build/icyphy/ptII/ptolemy/actor/lib/test/auto/Counter.xml
----------------- Instantiating /home/travis/build/icyphy/ptII/ptolemy/actor/lib/test/auto/Counter.xml
2 ms. Memory: 876032K Free: 483763K (55%)
----------------- Invoking toplevel() on ptolemy.moml.MoMLSimpleApplication@2da7144a
----------------- Done invoking toplevel() on ptolemy.moml.MoMLSimpleApplication@2da7144a
reloadAllAccessors: .Counter

===========================================================================================
----------------- testing Sun Nov 18 02:46:02 UTC 2018 /home/travis/build/icyphy/ptII/ptolemy/actor/lib/test/auto/CurrentTimeSDF.xml
----------------- Instantiating /home/travis/build/icyphy/ptII/ptolemy/actor/lib/test/auto/CurrentTimeSDF.xml
1 ms. Memory: 876032K Free: 475996K (54%)
----------------- Invoking toplevel() on ptolemy.moml.MoMLSimpleApplication@46930f19
----------------- Done invoking toplevel() on ptolemy.moml.MoMLSimpleApplication@46930f19
reloadAllAccessors: .CurrentTimeSDF

===========================================================================================
----------------- testing Sun Nov 18 02:46:02 UTC 2018 /home/travis/build/icyphy/ptII/ptolemy/actor/lib/test/auto/DB.xml
----------------- Instantiating /home/travis/build/icyphy/ptII/ptolemy/actor/lib/test/auto/DB.xml
1 ms. Memory: 876032K Free: 460398K (53%)
----------------- Invoking toplevel() on ptolemy.moml.MoMLSimpleApplication@c016fbb
----------------- Done invoking toplevel() on ptolemy.moml.MoMLSimpleApplication@c016fbb
reloadAllAccessors: .DB

===========================================================================================
----------------- testing Sun Nov 18 02:46:02 UTC 2018 /home/travis/build/icyphy/ptII/ptolemy/actor/lib/test/auto/DBDE.xml
----------------- Instantiating /home/travis/build/icyphy/ptII/ptolemy/actor/lib/test/auto/DBDE.xml
3 ms. Memory: 876032K Free: 448731K (51%)
----------------- Invoking toplevel() on ptolemy.moml.MoMLSimpleApplication@50bd6696
----------------- Done invoking toplevel() on ptolemy.moml.MoMLSimpleApplication@50bd6696
reloadAllAccessors: .DBDE

===========================================================================================
----------------- testing Sun Nov 18 02:46:02 UTC 2018 /home/travis/build/icyphy/ptII/ptolemy/actor/lib/test/auto/DateConstructor.xml
----------------- Instantiating /home/travis/build/icyphy/ptII/ptolemy/actor/lib/test/auto/DateConstructor.xml
14 ms. Memory: 876032K Free: 429289K (49%)
----------------- Invoking toplevel() on ptolemy.moml.MoMLSimpleApplication@576a4040
----------------- Done invoking toplevel() on ptolemy.moml.MoMLSimpleApplication@576a4040
reloadAllAccessors: .DateConstructor

===========================================================================================
----------------- testing Sun Nov 18 02:46:02 UTC 2018 /home/travis/build/icyphy/ptII/ptolemy/actor/lib/test/auto/DelayTime.xml
----------------- Instantiating /home/travis/build/icyphy/ptII/ptolemy/actor/lib/test/auto/DelayTime.xml
2 ms. Memory: 876032K Free: 413691K (47%)
----------------- Invoking toplevel() on ptolemy.moml.MoMLSimpleApplication@51cf4663
----------------- Done invoking toplevel() on ptolemy.moml.MoMLSimpleApplication@51cf4663
reloadAllAccessors: .DelayTime

===========================================================================================
----------------- testing Sun Nov 18 02:46:02 UTC 2018 /home/travis/build/icyphy/ptII/ptolemy/actor/lib/test/auto/Dictionary1.xml
----------------- Instantiating /home/travis/build/icyphy/ptII/ptolemy/actor/lib/test/auto/Dictionary1.xml
1 ms. Memory: 876032K Free: 405924K (46%)
----------------- Invoking toplevel() on ptolemy.moml.MoMLSimpleApplication@3a90eacd
----------------- Done invoking toplevel() on ptolemy.moml.MoMLSimpleApplication@3a90eacd
reloadAllAccessors: .Dictionary1

===========================================================================================
----------------- testing Sun Nov 18 02:46:02 UTC 2018 /home/travis/build/icyphy/ptII/ptolemy/actor/lib/test/auto/Dictionary2.xml
----------------- Instantiating /home/travis/build/icyphy/ptII/ptolemy/actor/lib/test/auto/Dictionary2.xml
3 ms. Memory: 876032K Free: 398157K (45%)
----------------- Invoking toplevel() on ptolemy.moml.MoMLSimpleApplication@4cb5a5f1
----------------- Done invoking toplevel() on ptolemy.moml.MoMLSimpleApplication@4cb5a5f1
reloadAllAccessors: .Dictionary2

===========================================================================================
----------------- testing Sun Nov 18 02:46:02 UTC 2018 /home/travis/build/icyphy/ptII/ptolemy/actor/lib/test/auto/Dictionary3.xml
----------------- Instantiating /home/travis/build/icyphy/ptII/ptolemy/actor/lib/test/auto/Dictionary3.xml
1 ms. Memory: 876032K Free: 390390K (45%)
----------------- Invoking toplevel() on ptolemy.moml.MoMLSimpleApplication@704e5465
----------------- Done invoking toplevel() on ptolemy.moml.MoMLSimpleApplication@704e5465
reloadAllAccessors: .Dictionary3

===========================================================================================
----------------- testing Sun Nov 18 02:46:02 UTC 2018 /home/travis/build/icyphy/ptII/ptolemy/actor/lib/test/auto/Dictionary4.xml
----------------- Instantiating /home/travis/build/icyphy/ptII/ptolemy/actor/lib/test/auto/Dictionary4.xml
3 ms. Memory: 876032K Free: 370892K (42%)
----------------- Invoking toplevel() on ptolemy.moml.MoMLSimpleApplication@56bf33b2
----------------- Done invoking toplevel() on ptolemy.moml.MoMLSimpleApplication@56bf33b2
reloadAllAccessors: .Dictionary4

===========================================================================================
----------------- testing Sun Nov 18 02:46:02 UTC 2018 /home/travis/build/icyphy/ptII/ptolemy/actor/lib/test/auto/Differential.xml
----------------- Instantiating /home/travis/build/icyphy/ptII/ptolemy/actor/lib/test/auto/Differential.xml
2 ms. Memory: 876032K Free: 363125K (41%)
----------------- Invoking toplevel() on ptolemy.moml.MoMLSimpleApplication@6b977ba1
----------------- Done invoking toplevel() on ptolemy.moml.MoMLSimpleApplication@6b977ba1
reloadAllAccessors: .Differential

===========================================================================================
----------------- testing Sun Nov 18 02:46:02 UTC 2018 /home/travis/build/icyphy/ptII/ptolemy/actor/lib/test/auto/Director.xml
----------------- Instantiating /home/travis/build/icyphy/ptII/ptolemy/actor/lib/test/auto/Director.xml
3 ms. Memory: 876032K Free: 355358K (41%)
----------------- Invoking toplevel() on ptolemy.moml.MoMLSimpleApplication@4229e11b
----------------- Done invoking toplevel() on ptolemy.moml.MoMLSimpleApplication@4229e11b
reloadAllAccessors: .Director

===========================================================================================
----------------- testing Sun Nov 18 02:46:02 UTC 2018 /home/travis/build/icyphy/ptII/ptolemy/actor/lib/test/auto/DiscreteClock.xml
----------------- Instantiating /home/travis/build/icyphy/ptII/ptolemy/actor/lib/test/auto/DiscreteClock.xml
2 ms. Memory: 876032K Free: 339760K (39%)
----------------- Invoking toplevel() on ptolemy.moml.MoMLSimpleApplication@57408562
----------------- Done invoking toplevel() on ptolemy.moml.MoMLSimpleApplication@57408562
reloadAllAccessors: .DiscreteClock

===========================================================================================
----------------- testing Sun Nov 18 02:46:02 UTC 2018 /home/travis/build/icyphy/ptII/ptolemy/actor/lib/test/auto/DiscreteClock10.xml
----------------- Instantiating /home/travis/build/icyphy/ptII/ptolemy/actor/lib/test/auto/DiscreteClock10.xml
2 ms. Memory: 876032K Free: 331993K (38%)
----------------- Invoking toplevel() on ptolemy.moml.MoMLSimpleApplication@bb04f31
----------------- Done invoking toplevel() on ptolemy.moml.MoMLSimpleApplication@bb04f31
reloadAllAccessors: .DiscreteClock10

===========================================================================================
----------------- testing Sun Nov 18 02:46:02 UTC 2018 /home/travis/build/icyphy/ptII/ptolemy/actor/lib/test/auto/DiscreteClock11.xml
----------------- Instantiating /home/travis/build/icyphy/ptII/ptolemy/actor/lib/test/auto/DiscreteClock11.xml
2 ms. Memory: 876032K Free: 324226K (37%)
----------------- Invoking toplevel() on ptolemy.moml.MoMLSimpleApplication@394c62c1
----------------- Done invoking toplevel() on ptolemy.moml.MoMLSimpleApplication@394c62c1
reloadAllAccessors: .DiscreteClock11

===========================================================================================
----------------- testing Sun Nov 18 02:46:02 UTC 2018 /home/travis/build/icyphy/ptII/ptolemy/actor/lib/test/auto/DiscreteClock12.xml
----------------- Instantiating /home/travis/build/icyphy/ptII/ptolemy/actor/lib/test/auto/DiscreteClock12.xml
2 ms. Memory: 876032K Free: 308628K (35%)
----------------- Invoking toplevel() on ptolemy.moml.MoMLSimpleApplication@5caee59d
----------------- Done invoking toplevel() on ptolemy.moml.MoMLSimpleApplication@5caee59d
reloadAllAccessors: .DiscreteClock12

===========================================================================================
----------------- testing Sun Nov 18 02:46:02 UTC 2018 /home/travis/build/icyphy/ptII/ptolemy/actor/lib/test/auto/DiscreteClock13.xml
----------------- Instantiating /home/travis/build/icyphy/ptII/ptolemy/actor/lib/test/auto/DiscreteClock13.xml
5 ms. Memory: 876032K Free: 300861K (34%)
----------------- Invoking toplevel() on ptolemy.moml.MoMLSimpleApplication@428ecadc
----------------- Done invoking toplevel() on ptolemy.moml.MoMLSimpleApplication@428ecadc
reloadAllAccessors: .DiscreteClock13

===========================================================================================
----------------- testing Sun Nov 18 02:46:02 UTC 2018 /home/travis/build/icyphy/ptII/ptolemy/actor/lib/test/auto/DiscreteClock14.xml
----------------- Instantiating /home/travis/build/icyphy/ptII/ptolemy/actor/lib/test/auto/DiscreteClock14.xml
6 ms. Memory: 876032K Free: 293093K (33%)
----------------- Invoking toplevel() on ptolemy.moml.MoMLSimpleApplication@1f8ea94d
----------------- Done invoking toplevel() on ptolemy.moml.MoMLSimpleApplication@1f8ea94d
reloadAllAccessors: .DiscreteClock14

===========================================================================================
----------------- testing Sun Nov 18 02:46:02 UTC 2018 /home/travis/build/icyphy/ptII/ptolemy/actor/lib/test/auto/DiscreteClock15.xml
----------------- Instantiating /home/travis/build/icyphy/ptII/ptolemy/actor/lib/test/auto/DiscreteClock15.xml
6 ms. Memory: 876032K Free: 285326K (33%)
----------------- Invoking toplevel() on ptolemy.moml.MoMLSimpleApplication@4fb33df9
----------------- Done invoking toplevel() on ptolemy.moml.MoMLSimpleApplication@4fb33df9
reloadAllAccessors: .DiscreteClock15

===========================================================================================
----------------- testing Sun Nov 18 02:46:02 UTC 2018 /home/travis/build/icyphy/ptII/ptolemy/actor/lib/test/auto/DiscreteClock16.xml
----------------- Instantiating /home/travis/build/icyphy/ptII/ptolemy/actor/lib/test/auto/DiscreteClock16.xml
20 ms. Memory: 876032K Free: 261953K (30%)
----------------- Invoking toplevel() on ptolemy.moml.MoMLSimpleApplication@d70c09
----------------- Done invoking toplevel() on ptolemy.moml.MoMLSimpleApplication@d70c09
reloadAllAccessors: .DiscreteClock16

===========================================================================================
----------------- testing Sun Nov 18 02:46:02 UTC 2018 /home/travis/build/icyphy/ptII/ptolemy/actor/lib/test/auto/DiscreteClock17.xml
----------------- Instantiating /home/travis/build/icyphy/ptII/ptolemy/actor/lib/test/auto/DiscreteClock17.xml
18 ms. Memory: 876032K Free: 246403K (28%)
----------------- Invoking toplevel() on ptolemy.moml.MoMLSimpleApplication@11607db2
----------------- Done invoking toplevel() on ptolemy.moml.MoMLSimpleApplication@11607db2
reloadAllAccessors: .DiscreteClock17

===========================================================================================
----------------- testing Sun Nov 18 02:46:02 UTC 2018 /home/travis/build/icyphy/ptII/ptolemy/actor/lib/test/auto/DiscreteClock18.xml
----------------- Instantiating /home/travis/build/icyphy/ptII/ptolemy/actor/lib/test/auto/DiscreteClock18.xml
19 ms. Memory: 876032K Free: 230853K (26%)
----------------- Invoking toplevel() on ptolemy.moml.MoMLSimpleApplication@7a047ed6
----------------- Done invoking toplevel() on ptolemy.moml.MoMLSimpleApplication@7a047ed6
reloadAllAccessors: .DiscreteClock18

===========================================================================================
----------------- testing Sun Nov 18 02:46:02 UTC 2018 /home/travis/build/icyphy/ptII/ptolemy/actor/lib/test/auto/DiscreteClock19.xml
----------------- Instantiating /home/travis/build/icyphy/ptII/ptolemy/actor/lib/test/auto/DiscreteClock19.xml
20 ms. Memory: 876032K Free: 207471K (24%)
----------------- Invoking toplevel() on ptolemy.moml.MoMLSimpleApplication@18f67144
----------------- Done invoking toplevel() on ptolemy.moml.MoMLSimpleApplication@18f67144
reloadAllAccessors: .DiscreteClock19

===========================================================================================
----------------- testing Sun Nov 18 02:46:03 UTC 2018 /home/travis/build/icyphy/ptII/ptolemy/actor/lib/test/auto/DiscreteClock2.xml
----------------- Instantiating /home/travis/build/icyphy/ptII/ptolemy/actor/lib/test/auto/DiscreteClock2.xml
6 ms. Memory: 876032K Free: 199704K (23%)
----------------- Invoking toplevel() on ptolemy.moml.MoMLSimpleApplication@3e29aacc
----------------- Done invoking toplevel() on ptolemy.moml.MoMLSimpleApplication@3e29aacc
reloadAllAccessors: .DiscreteClock2

===========================================================================================
----------------- testing Sun Nov 18 02:46:03 UTC 2018 /home/travis/build/icyphy/ptII/ptolemy/actor/lib/test/auto/DiscreteClock20.xml
----------------- Instantiating /home/travis/build/icyphy/ptII/ptolemy/actor/lib/test/auto/DiscreteClock20.xml
9 ms. Memory: 876032K Free: 191937K (22%)
----------------- Invoking toplevel() on ptolemy.moml.MoMLSimpleApplication@15b46f22
----------------- Done invoking toplevel() on ptolemy.moml.MoMLSimpleApplication@15b46f22
reloadAllAccessors: .DiscreteClock20

===========================================================================================
----------------- testing Sun Nov 18 02:46:03 UTC 2018 /home/travis/build/icyphy/ptII/ptolemy/actor/lib/test/auto/DiscreteClock21.xml
----------------- Instantiating /home/travis/build/icyphy/ptII/ptolemy/actor/lib/test/auto/DiscreteClock21.xml
7 ms. Memory: 876032K Free: 176339K (20%)
----------------- Invoking toplevel() on ptolemy.moml.MoMLSimpleApplication@3309fd6c
----------------- Done invoking toplevel() on ptolemy.moml.MoMLSimpleApplication@3309fd6c
reloadAllAccessors: .DiscreteClock21

===========================================================================================
----------------- testing Sun Nov 18 02:46:03 UTC 2018 /home/travis/build/icyphy/ptII/ptolemy/actor/lib/test/auto/DiscreteClock22.xml
----------------- Instantiating /home/travis/build/icyphy/ptII/ptolemy/actor/lib/test/auto/DiscreteClock22.xml
7 ms. Memory: 876032K Free: 168572K (19%)
----------------- Invoking toplevel() on ptolemy.moml.MoMLSimpleApplication@1348ca7d
----------------- Done invoking toplevel() on ptolemy.moml.MoMLSimpleApplication@1348ca7d
reloadAllAccessors: .DiscreteClock22

===========================================================================================
----------------- testing Sun Nov 18 02:46:03 UTC 2018 /home/travis/build/icyphy/ptII/ptolemy/actor/lib/test/auto/DiscreteClock23.xml
----------------- Instantiating /home/travis/build/icyphy/ptII/ptolemy/actor/lib/test/auto/DiscreteClock23.xml
522 ms. Memory: 876032K Free: 1323475K (151%)
----------------- Invoking toplevel() on ptolemy.moml.MoMLSimpleApplication@63f00043
----------------- Done invoking toplevel() on ptolemy.moml.MoMLSimpleApplication@63f00043
reloadAllAccessors: .DiscreteClock23

===========================================================================================
----------------- testing Sun Nov 18 02:46:03 UTC 2018 /home/travis/build/icyphy/ptII/ptolemy/actor/lib/test/auto/DiscreteClock24.xml
----------------- Instantiating /home/travis/build/icyphy/ptII/ptolemy/actor/lib/test/auto/DiscreteClock24.xml
5 ms. Memory: 1360896K Free: 1287023K (95%)
----------------- Invoking toplevel() on ptolemy.moml.MoMLSimpleApplication@56ef1b68
----------------- Done invoking toplevel() on ptolemy.moml.MoMLSimpleApplication@56ef1b68
reloadAllAccessors: .DiscreteClock24

===========================================================================================
----------------- testing Sun Nov 18 02:46:03 UTC 2018 /home/travis/build/icyphy/ptII/ptolemy/actor/lib/test/auto/DiscreteClock4.xml
----------------- Instantiating /home/travis/build/icyphy/ptII/ptolemy/actor/lib/test/auto/DiscreteClock4.xml
4 ms. Memory: 1360896K Free: 1274592K (94%)
----------------- Invoking toplevel() on ptolemy.moml.MoMLSimpleApplication@4739b87b
----------------- Done invoking toplevel() on ptolemy.moml.MoMLSimpleApplication@4739b87b
reloadAllAccessors: .DiscreteClock4

===========================================================================================
----------------- testing Sun Nov 18 02:46:03 UTC 2018 /home/travis/build/icyphy/ptII/ptolemy/actor/lib/test/auto/DiscreteClock5.xml
----------------- Instantiating /home/travis/build/icyphy/ptII/ptolemy/actor/lib/test/auto/DiscreteClock5.xml
1 ms. Memory: 1360896K Free: 1262160K (93%)
----------------- Invoking toplevel() on ptolemy.moml.MoMLSimpleApplication@3ba0873e
----------------- Done invoking toplevel() on ptolemy.moml.MoMLSimpleApplication@3ba0873e
reloadAllAccessors: .DiscreteClock5

===========================================================================================
----------------- testing Sun Nov 18 02:46:03 UTC 2018 /home/travis/build/icyphy/ptII/ptolemy/actor/lib/test/auto/DiscreteClock6.xml
----------------- Instantiating /home/travis/build/icyphy/ptII/ptolemy/actor/lib/test/auto/DiscreteClock6.xml
1 ms. Memory: 1360896K Free: 1249729K (92%)
----------------- Invoking toplevel() on ptolemy.moml.MoMLSimpleApplication@c585d4e
----------------- Done invoking toplevel() on ptolemy.moml.MoMLSimpleApplication@c585d4e
reloadAllAccessors: .DiscreteClock6

===========================================================================================
----------------- testing Sun Nov 18 02:46:03 UTC 2018 /home/travis/build/icyphy/ptII/ptolemy/actor/lib/test/auto/DiscreteClock7.xml
----------------- Instantiating /home/travis/build/icyphy/ptII/ptolemy/actor/lib/test/auto/DiscreteClock7.xml
2 ms. Memory: 1360896K Free: 1227573K (90%)
----------------- Invoking toplevel() on ptolemy.moml.MoMLSimpleApplication@220ab269
----------------- Done invoking toplevel() on ptolemy.moml.MoMLSimpleApplication@220ab269
reloadAllAccessors: .DiscreteClock7

===========================================================================================
----------------- testing Sun Nov 18 02:46:03 UTC 2018 /home/travis/build/icyphy/ptII/ptolemy/actor/lib/test/auto/DiscreteClock8.xml
----------------- Instantiating /home/travis/build/icyphy/ptII/ptolemy/actor/lib/test/auto/DiscreteClock8.xml
5 ms. Memory: 1360896K Free: 1215141K (89%)
----------------- Invoking toplevel() on ptolemy.moml.MoMLSimpleApplication@6fd855a2
----------------- Done invoking toplevel() on ptolemy.moml.MoMLSimpleApplication@6fd855a2
reloadAllAccessors: .DiscreteClock8

===========================================================================================
----------------- testing Sun Nov 18 02:46:03 UTC 2018 /home/travis/build/icyphy/ptII/ptolemy/actor/lib/test/auto/DiscreteClock9.xml
----------------- Instantiating /home/travis/build/icyphy/ptII/ptolemy/actor/lib/test/auto/DiscreteClock9.xml
6 ms. Memory: 1360896K Free: 1202710K (88%)
----------------- Invoking toplevel() on ptolemy.moml.MoMLSimpleApplication@767e6c8e
----------------- Done invoking toplevel() on ptolemy.moml.MoMLSimpleApplication@767e6c8e
reloadAllAccessors: .DiscreteClock9

===========================================================================================
----------------- testing Sun Nov 18 02:46:03 UTC 2018 /home/travis/build/icyphy/ptII/ptolemy/actor/lib/test/auto/DisplayArray.xml
----------------- Instantiating /home/travis/build/icyphy/ptII/ptolemy/actor/lib/test/auto/DisplayArray.xml
3 ms. Memory: 1360896K Free: 1190279K (87%)
----------------- Invoking toplevel() on ptolemy.moml.MoMLSimpleApplication@626c54f8
----------------- Done invoking toplevel() on ptolemy.moml.MoMLSimpleApplication@626c54f8
reloadAllAccessors: .DisplayArray

===========================================================================================
----------------- testing Sun Nov 18 02:46:03 UTC 2018 /home/travis/build/icyphy/ptII/ptolemy/actor/lib/test/auto/Distributor.xml
----------------- Instantiating /home/travis/build/icyphy/ptII/ptolemy/actor/lib/test/auto/Distributor.xml
1 ms. Memory: 1360896K Free: 1168123K (86%)
----------------- Invoking toplevel() on ptolemy.moml.MoMLSimpleApplication@64e7a06b
----------------- Done invoking toplevel() on ptolemy.moml.MoMLSimpleApplication@64e7a06b
reloadAllAccessors: .Distributor

===========================================================================================
----------------- testing Sun Nov 18 02:46:03 UTC 2018 /home/travis/build/icyphy/ptII/ptolemy/actor/lib/test/auto/Distributor2.xml
----------------- Instantiating /home/travis/build/icyphy/ptII/ptolemy/actor/lib/test/auto/Distributor2.xml
1 ms. Memory: 1360896K Free: 1155691K (85%)
----------------- Invoking toplevel() on ptolemy.moml.MoMLSimpleApplication@75336ff5
----------------- Done invoking toplevel() on ptolemy.moml.MoMLSimpleApplication@75336ff5
reloadAllAccessors: .Distributor2

===========================================================================================
----------------- testing Sun Nov 18 02:46:03 UTC 2018 /home/travis/build/icyphy/ptII/ptolemy/actor/lib/test/auto/DownSample.xml
----------------- Instantiating /home/travis/build/icyphy/ptII/ptolemy/actor/lib/test/auto/DownSample.xml
1 ms. Memory: 1360896K Free: 1143260K (84%)
----------------- Invoking toplevel() on ptolemy.moml.MoMLSimpleApplication@2610e344
----------------- Done invoking toplevel() on ptolemy.moml.MoMLSimpleApplication@2610e344
reloadAllAccessors: .DownSample

===========================================================================================
----------------- testing Sun Nov 18 02:46:03 UTC 2018 /home/travis/build/icyphy/ptII/ptolemy/actor/lib/test/auto/ElectronicUnitBase1.xml
----------------- Instantiating /home/travis/build/icyphy/ptII/ptolemy/actor/lib/test/auto/ElectronicUnitBase1.xml
18 ms. Memory: 1360896K Free: 1118389K (82%)
----------------- Invoking toplevel() on ptolemy.moml.MoMLSimpleApplication@710ed33e
----------------- Done invoking toplevel() on ptolemy.moml.MoMLSimpleApplication@710ed33e
reloadAllAccessors: .ElectronicUnitBase1

===========================================================================================
----------------- testing Sun Nov 18 02:46:03 UTC 2018 /home/travis/build/icyphy/ptII/ptolemy/actor/lib/test/auto/ElementsToArray.xml
----------------- Instantiating /home/travis/build/icyphy/ptII/ptolemy/actor/lib/test/auto/ElementsToArray.xml
2 ms. Memory: 1360896K Free: 1096233K (81%)
----------------- Invoking toplevel() on ptolemy.moml.MoMLSimpleApplication@1a016cc5
----------------- Done invoking toplevel() on ptolemy.moml.MoMLSimpleApplication@1a016cc5
reloadAllAccessors: .ElementsToArray

===========================================================================================
----------------- testing Sun Nov 18 02:46:03 UTC 2018 /home/travis/build/icyphy/ptII/ptolemy/actor/lib/test/auto/Equals.xml
----------------- Instantiating /home/travis/build/icyphy/ptII/ptolemy/actor/lib/test/auto/Equals.xml
1 ms. Memory: 1360896K Free: 1083802K (80%)
----------------- Invoking toplevel() on ptolemy.moml.MoMLSimpleApplication@51138add
----------------- Done invoking toplevel() on ptolemy.moml.MoMLSimpleApplication@51138add
reloadAllAccessors: .Equals

===========================================================================================
----------------- testing Sun Nov 18 02:46:04 UTC 2018 /home/travis/build/icyphy/ptII/ptolemy/actor/lib/test/auto/Exec.xml
----------------- Instantiating /home/travis/build/icyphy/ptII/ptolemy/actor/lib/test/auto/Exec.xml
13 ms. Memory: 1360896K Free: 1052723K (77%)
----------------- Invoking toplevel() on ptolemy.moml.MoMLSimpleApplication@77f369e2
----------------- Done invoking toplevel() on ptolemy.moml.MoMLSimpleApplication@77f369e2
reloadAllAccessors: .Exec

===========================================================================================
----------------- testing Sun Nov 18 02:46:04 UTC 2018 /home/travis/build/icyphy/ptII/ptolemy/actor/lib/test/auto/ExecEnvironment.xml
----------------- Instantiating /home/travis/build/icyphy/ptII/ptolemy/actor/lib/test/auto/ExecEnvironment.xml
22 ms. Memory: 1360896K Free: 1040292K (76%)
----------------- Invoking toplevel() on ptolemy.moml.MoMLSimpleApplication@339ecc91
----------------- Done invoking toplevel() on ptolemy.moml.MoMLSimpleApplication@339ecc91
reloadAllAccessors: .ExecEnvironment

===========================================================================================
----------------- testing Sun Nov 18 02:46:04 UTC 2018 /home/travis/build/icyphy/ptII/ptolemy/actor/lib/test/auto/ExecNonZeroReturnOutput.xml
----------------- Instantiating /home/travis/build/icyphy/ptII/ptolemy/actor/lib/test/auto/ExecNonZeroReturnOutput.xml
121 ms. Memory: 1360896K Free: 937331K (69%)
----------------- Invoking toplevel() on ptolemy.moml.MoMLSimpleApplication@73bd8ec9
----------------- Done invoking toplevel() on ptolemy.moml.MoMLSimpleApplication@73bd8ec9
reloadAllAccessors: .ExecNonZeroReturnOutput

===========================================================================================
----------------- testing Sun Nov 18 02:46:04 UTC 2018 /home/travis/build/icyphy/ptII/ptolemy/actor/lib/test/auto/ExecRunDemos.xml
----------------- Instantiating /home/travis/build/icyphy/ptII/ptolemy/actor/lib/test/auto/ExecRunDemos.xml
Finished: 86 ms. Memory: 116224K Free: 100135K (86%)

Finished: 34 ms. Memory: 116224K Free: 96358K (83%)

Finished: 49 ms. Memory: 116224K Free: 96957K (83%)

Finished: 34 ms. Memory: 116224K Free: 98268K (85%)

Finished: 35 ms. Memory: 116224K Free: 99453K (86%)

9276 ms. Memory: 1360896K Free: 850267K (62%)
----------------- Invoking toplevel() on ptolemy.moml.MoMLSimpleApplication@39136085
----------------- Done invoking toplevel() on ptolemy.moml.MoMLSimpleApplication@39136085
reloadAllAccessors: .ExecRunDemos

===========================================================================================
----------------- testing Sun Nov 18 02:46:13 UTC 2018 /home/travis/build/icyphy/ptII/ptolemy/actor/lib/test/auto/ExecStop.xml
----------------- Instantiating /home/travis/build/icyphy/ptII/ptolemy/actor/lib/test/auto/ExecStop.xml
5013 ms. Memory: 1360896K Free: 626501K (46%)
----------------- Invoking toplevel() on ptolemy.moml.MoMLSimpleApplication@11e4073a
----------------- Done invoking toplevel() on ptolemy.moml.MoMLSimpleApplication@11e4073a
reloadAllAccessors: .ExecStop

===========================================================================================
----------------- testing Sun Nov 18 02:46:18 UTC 2018 /home/travis/build/icyphy/ptII/ptolemy/actor/lib/test/auto/ExecutionTimeSDF.xml
----------------- Instantiating /home/travis/build/icyphy/ptII/ptolemy/actor/lib/test/auto/ExecutionTimeSDF.xml
Fired ExecutionTime: -656167296
Fired ExecutionTime: -1691367296
Fired ExecutionTime: 995200000
6003 ms. Memory: 1360896K Free: 607838K (45%)
----------------- Invoking toplevel() on ptolemy.moml.MoMLSimpleApplication@31e2c7d7
----------------- Done invoking toplevel() on ptolemy.moml.MoMLSimpleApplication@31e2c7d7
reloadAllAccessors: .ExecutionTimeSDF

===========================================================================================
----------------- testing Sun Nov 18 02:46:24 UTC 2018 /home/travis/build/icyphy/ptII/ptolemy/actor/lib/test/auto/Expression1.xml
----------------- Instantiating /home/travis/build/icyphy/ptII/ptolemy/actor/lib/test/auto/Expression1.xml
2 ms. Memory: 1360896K Free: 585682K (43%)
----------------- Invoking toplevel() on ptolemy.moml.MoMLSimpleApplication@c7a5a32
----------------- Done invoking toplevel() on ptolemy.moml.MoMLSimpleApplication@c7a5a32
reloadAllAccessors: .Expression1

===========================================================================================
----------------- testing Sun Nov 18 02:46:24 UTC 2018 /home/travis/build/icyphy/ptII/ptolemy/actor/lib/test/auto/Expression10.xml
----------------- Instantiating /home/travis/build/icyphy/ptII/ptolemy/actor/lib/test/auto/Expression10.xml
5 ms. Memory: 1360896K Free: 573251K (42%)
----------------- Invoking toplevel() on ptolemy.moml.MoMLSimpleApplication@7654f78
----------------- Done invoking toplevel() on ptolemy.moml.MoMLSimpleApplication@7654f78
reloadAllAccessors: .Expression10

===========================================================================================
----------------- testing Sun Nov 18 02:46:24 UTC 2018 /home/travis/build/icyphy/ptII/ptolemy/actor/lib/test/auto/Expression11.xml
----------------- Instantiating /home/travis/build/icyphy/ptII/ptolemy/actor/lib/test/auto/Expression11.xml
2 ms. Memory: 1360896K Free: 560819K (41%)
----------------- Invoking toplevel() on ptolemy.moml.MoMLSimpleApplication@cbe65c0
----------------- Done invoking toplevel() on ptolemy.moml.MoMLSimpleApplication@cbe65c0
reloadAllAccessors: .Expression11

===========================================================================================
----------------- testing Sun Nov 18 02:46:24 UTC 2018 /home/travis/build/icyphy/ptII/ptolemy/actor/lib/test/auto/Expression12.xml
----------------- Instantiating /home/travis/build/icyphy/ptII/ptolemy/actor/lib/test/auto/Expression12.xml
3 ms. Memory: 1360896K Free: 548388K (40%)
----------------- Invoking toplevel() on ptolemy.moml.MoMLSimpleApplication@36c50d10
----------------- Done invoking toplevel() on ptolemy.moml.MoMLSimpleApplication@36c50d10
reloadAllAccessors: .Expression12

===========================================================================================
----------------- testing Sun Nov 18 02:46:24 UTC 2018 /home/travis/build/icyphy/ptII/ptolemy/actor/lib/test/auto/Expression13.xml
----------------- Instantiating /home/travis/build/icyphy/ptII/ptolemy/actor/lib/test/auto/Expression13.xml
3 ms. Memory: 1360896K Free: 526232K (39%)
----------------- Invoking toplevel() on ptolemy.moml.MoMLSimpleApplication@3ac61f87
----------------- Done invoking toplevel() on ptolemy.moml.MoMLSimpleApplication@3ac61f87
reloadAllAccessors: .Expression13

===========================================================================================
----------------- testing Sun Nov 18 02:46:24 UTC 2018 /home/travis/build/icyphy/ptII/ptolemy/actor/lib/test/auto/Expression14.xml
----------------- Instantiating /home/travis/build/icyphy/ptII/ptolemy/actor/lib/test/auto/Expression14.xml
5 ms. Memory: 1360896K Free: 513801K (38%)
----------------- Invoking toplevel() on ptolemy.moml.MoMLSimpleApplication@552a5e4
----------------- Done invoking toplevel() on ptolemy.moml.MoMLSimpleApplication@552a5e4
reloadAllAccessors: .Expression14

===========================================================================================
----------------- testing Sun Nov 18 02:46:24 UTC 2018 /home/travis/build/icyphy/ptII/ptolemy/actor/lib/test/auto/Expression15.xml
----------------- Instantiating /home/travis/build/icyphy/ptII/ptolemy/actor/lib/test/auto/Expression15.xml
2 ms. Memory: 1360896K Free: 501369K (37%)
----------------- Invoking toplevel() on ptolemy.moml.MoMLSimpleApplication@471ce149
----------------- Done invoking toplevel() on ptolemy.moml.MoMLSimpleApplication@471ce149
reloadAllAccessors: .Expression15

===========================================================================================
----------------- testing Sun Nov 18 02:46:24 UTC 2018 /home/travis/build/icyphy/ptII/ptolemy/actor/lib/test/auto/Expression16.xml
----------------- Instantiating /home/travis/build/icyphy/ptII/ptolemy/actor/lib/test/auto/Expression16.xml
3 ms. Memory: 1360896K Free: 488938K (36%)
----------------- Invoking toplevel() on ptolemy.moml.MoMLSimpleApplication@19627ea7
----------------- Done invoking toplevel() on ptolemy.moml.MoMLSimpleApplication@19627ea7
reloadAllAccessors: .Expression16

===========================================================================================
----------------- testing Sun Nov 18 02:46:24 UTC 2018 /home/travis/build/icyphy/ptII/ptolemy/actor/lib/test/auto/Expression17.xml
----------------- Instantiating /home/travis/build/icyphy/ptII/ptolemy/actor/lib/test/auto/Expression17.xml
3 ms. Memory: 1360896K Free: 476506K (35%)
----------------- Invoking toplevel() on ptolemy.moml.MoMLSimpleApplication@7da6b828
----------------- Done invoking toplevel() on ptolemy.moml.MoMLSimpleApplication@7da6b828
reloadAllAccessors: .Expression17

===========================================================================================
----------------- testing Sun Nov 18 02:46:24 UTC 2018 /home/travis/build/icyphy/ptII/ptolemy/actor/lib/test/auto/Expression18.xml
----------------- Instantiating /home/travis/build/icyphy/ptII/ptolemy/actor/lib/test/auto/Expression18.xml
3 ms. Memory: 1360896K Free: 454351K (33%)
----------------- Invoking toplevel() on ptolemy.moml.MoMLSimpleApplication@59bc2c1e
----------------- Done invoking toplevel() on ptolemy.moml.MoMLSimpleApplication@59bc2c1e
reloadAllAccessors: .Expression18

===========================================================================================
----------------- testing Sun Nov 18 02:46:24 UTC 2018 /home/travis/build/icyphy/ptII/ptolemy/actor/lib/test/auto/Expression2.xml
----------------- Instantiating /home/travis/build/icyphy/ptII/ptolemy/actor/lib/test/auto/Expression2.xml
3 ms. Memory: 1360896K Free: 441919K (32%)
----------------- Invoking toplevel() on ptolemy.moml.MoMLSimpleApplication@67430fe7
----------------- Done invoking toplevel() on ptolemy.moml.MoMLSimpleApplication@67430fe7
reloadAllAccessors: .Expression2

===========================================================================================
----------------- testing Sun Nov 18 02:46:24 UTC 2018 /home/travis/build/icyphy/ptII/ptolemy/actor/lib/test/auto/Expression3.xml
----------------- Instantiating /home/travis/build/icyphy/ptII/ptolemy/actor/lib/test/auto/Expression3.xml
6 ms. Memory: 1360896K Free: 429488K (32%)
----------------- Invoking toplevel() on ptolemy.moml.MoMLSimpleApplication@ec4bce1
----------------- Done invoking toplevel() on ptolemy.moml.MoMLSimpleApplication@ec4bce1
reloadAllAccessors: .Expression3

===========================================================================================
----------------- testing Sun Nov 18 02:46:24 UTC 2018 /home/travis/build/icyphy/ptII/ptolemy/actor/lib/test/auto/Expression4.xml
----------------- Instantiating /home/travis/build/icyphy/ptII/ptolemy/actor/lib/test/auto/Expression4.xml
3 ms. Memory: 1360896K Free: 417056K (31%)
----------------- Invoking toplevel() on ptolemy.moml.MoMLSimpleApplication@f71e932
----------------- Done invoking toplevel() on ptolemy.moml.MoMLSimpleApplication@f71e932
reloadAllAccessors: .Expression4

===========================================================================================
----------------- testing Sun Nov 18 02:46:24 UTC 2018 /home/travis/build/icyphy/ptII/ptolemy/actor/lib/test/auto/Expression5.xml
----------------- Instantiating /home/travis/build/icyphy/ptII/ptolemy/actor/lib/test/auto/Expression5.xml
5 ms. Memory: 1360896K Free: 394900K (29%)
----------------- Invoking toplevel() on ptolemy.moml.MoMLSimpleApplication@1a244681
----------------- Done invoking toplevel() on ptolemy.moml.MoMLSimpleApplication@1a244681
reloadAllAccessors: .Expression5

===========================================================================================
----------------- testing Sun Nov 18 02:46:24 UTC 2018 /home/travis/build/icyphy/ptII/ptolemy/actor/lib/test/auto/Expression6.xml
----------------- Instantiating /home/travis/build/icyphy/ptII/ptolemy/actor/lib/test/auto/Expression6.xml
2 ms. Memory: 1360896K Free: 382469K (28%)
----------------- Invoking toplevel() on ptolemy.moml.MoMLSimpleApplication@10a586ad
----------------- Done invoking toplevel() on ptolemy.moml.MoMLSimpleApplication@10a586ad
reloadAllAccessors: .Expression6

===========================================================================================
----------------- testing Sun Nov 18 02:46:24 UTC 2018 /home/travis/build/icyphy/ptII/ptolemy/actor/lib/test/auto/Expression7.xml
----------------- Instantiating /home/travis/build/icyphy/ptII/ptolemy/actor/lib/test/auto/Expression7.xml
3 ms. Memory: 1360896K Free: 364785K (27%)
----------------- Invoking toplevel() on ptolemy.moml.MoMLSimpleApplication@93e63f2
----------------- Done invoking toplevel() on ptolemy.moml.MoMLSimpleApplication@93e63f2
reloadAllAccessors: .Expression7

===========================================================================================
----------------- testing Sun Nov 18 02:46:24 UTC 2018 /home/travis/build/icyphy/ptII/ptolemy/actor/lib/test/auto/Expression8.xml
----------------- Instantiating /home/travis/build/icyphy/ptII/ptolemy/actor/lib/test/auto/Expression8.xml
6 ms. Memory: 1360896K Free: 352354K (26%)
----------------- Invoking toplevel() on ptolemy.moml.MoMLSimpleApplication@53aa72ea
----------------- Done invoking toplevel() on ptolemy.moml.MoMLSimpleApplication@53aa72ea
reloadAllAccessors: .Expression8

===========================================================================================
----------------- testing Sun Nov 18 02:46:24 UTC 2018 /home/travis/build/icyphy/ptII/ptolemy/actor/lib/test/auto/Expression9.xml
----------------- Instantiating /home/travis/build/icyphy/ptII/ptolemy/actor/lib/test/auto/Expression9.xml
1 ms. Memory: 1360896K Free: 330198K (24%)
----------------- Invoking toplevel() on ptolemy.moml.MoMLSimpleApplication@4d904689
----------------- Done invoking toplevel() on ptolemy.moml.MoMLSimpleApplication@4d904689
reloadAllAccessors: .Expression9

===========================================================================================
----------------- testing Sun Nov 18 02:46:24 UTC 2018 /home/travis/build/icyphy/ptII/ptolemy/actor/lib/test/auto/ExpressionConcatenateArrayType.xml
----------------- Instantiating /home/travis/build/icyphy/ptII/ptolemy/actor/lib/test/auto/ExpressionConcatenateArrayType.xml
2 ms. Memory: 1360896K Free: 317766K (23%)
----------------- Invoking toplevel() on ptolemy.moml.MoMLSimpleApplication@371a7a79
----------------- Done invoking toplevel() on ptolemy.moml.MoMLSimpleApplication@371a7a79
reloadAllAccessors: .ExpressionConcatenateArrayType

===========================================================================================
----------------- testing Sun Nov 18 02:46:24 UTC 2018 /home/travis/build/icyphy/ptII/ptolemy/actor/lib/test/auto/ExpressionConcatenateArrayType2.xml
----------------- Instantiating /home/travis/build/icyphy/ptII/ptolemy/actor/lib/test/auto/ExpressionConcatenateArrayType2.xml
2 ms. Memory: 1360896K Free: 305335K (22%)
----------------- Invoking toplevel() on ptolemy.moml.MoMLSimpleApplication@15c1f28f
----------------- Done invoking toplevel() on ptolemy.moml.MoMLSimpleApplication@15c1f28f
reloadAllAccessors: .ExpressionConcatenateArrayType2

===========================================================================================
----------------- testing Sun Nov 18 02:46:24 UTC 2018 /home/travis/build/icyphy/ptII/ptolemy/actor/lib/test/auto/ExpressionFix.xml
----------------- Instantiating /home/travis/build/icyphy/ptII/ptolemy/actor/lib/test/auto/ExpressionFix.xml
13 ms. Memory: 1360896K Free: 292904K (22%)
----------------- Invoking toplevel() on ptolemy.moml.MoMLSimpleApplication@247cffad
----------------- Done invoking toplevel() on ptolemy.moml.MoMLSimpleApplication@247cffad
reloadAllAccessors: .ExpressionFix

===========================================================================================
----------------- testing Sun Nov 18 02:46:25 UTC 2018 /home/travis/build/icyphy/ptII/ptolemy/actor/lib/test/auto/ExpressionFix2.xml
----------------- Instantiating /home/travis/build/icyphy/ptII/ptolemy/actor/lib/test/auto/ExpressionFix2.xml
4 ms. Memory: 1360896K Free: 280472K (21%)
----------------- Invoking toplevel() on ptolemy.moml.MoMLSimpleApplication@5328e3f1
----------------- Done invoking toplevel() on ptolemy.moml.MoMLSimpleApplication@5328e3f1
reloadAllAccessors: .ExpressionFix2

===========================================================================================
----------------- testing Sun Nov 18 02:46:25 UTC 2018 /home/travis/build/icyphy/ptII/ptolemy/actor/lib/test/auto/ExpressionFix3.xml
----------------- Instantiating /home/travis/build/icyphy/ptII/ptolemy/actor/lib/test/auto/ExpressionFix3.xml
3 ms. Memory: 1360896K Free: 258316K (19%)
----------------- Invoking toplevel() on ptolemy.moml.MoMLSimpleApplication@2dc567ba
----------------- Done invoking toplevel() on ptolemy.moml.MoMLSimpleApplication@2dc567ba
reloadAllAccessors: .ExpressionFix3

===========================================================================================
----------------- testing Sun Nov 18 02:46:25 UTC 2018 /home/travis/build/icyphy/ptII/ptolemy/actor/lib/test/auto/FileWriter1.xml
----------------- Instantiating /home/travis/build/icyphy/ptII/ptolemy/actor/lib/test/auto/FileWriter1.xml
2 ms. Memory: 1360896K Free: 245885K (18%)
----------------- Invoking toplevel() on ptolemy.moml.MoMLSimpleApplication@34131e36
----------------- Done invoking toplevel() on ptolemy.moml.MoMLSimpleApplication@34131e36
reloadAllAccessors: .FileWriter1

===========================================================================================
----------------- testing Sun Nov 18 02:46:25 UTC 2018 /home/travis/build/icyphy/ptII/ptolemy/actor/lib/test/auto/FileWriter2.xml
----------------- Instantiating /home/travis/build/icyphy/ptII/ptolemy/actor/lib/test/auto/FileWriter2.xml
5 ms. Memory: 1360896K Free: 233453K (17%)
----------------- Invoking toplevel() on ptolemy.moml.MoMLSimpleApplication@774faa5f
----------------- Done invoking toplevel() on ptolemy.moml.MoMLSimpleApplication@774faa5f
reloadAllAccessors: .FileWriter2

===========================================================================================
----------------- testing Sun Nov 18 02:46:25 UTC 2018 /home/travis/build/icyphy/ptII/ptolemy/actor/lib/test/auto/FileWriter3.xml
----------------- Instantiating /home/travis/build/icyphy/ptII/ptolemy/actor/lib/test/auto/FileWriter3.xml
1 ms. Memory: 1360896K Free: 221022K (16%)
----------------- Invoking toplevel() on ptolemy.moml.MoMLSimpleApplication@d52e804
----------------- Done invoking toplevel() on ptolemy.moml.MoMLSimpleApplication@d52e804
reloadAllAccessors: .FileWriter3

===========================================================================================
----------------- testing Sun Nov 18 02:46:25 UTC 2018 /home/travis/build/icyphy/ptII/ptolemy/actor/lib/test/auto/Gaussian.xml
----------------- Instantiating /home/travis/build/icyphy/ptII/ptolemy/actor/lib/test/auto/Gaussian.xml
2 ms. Memory: 1360896K Free: 198866K (15%)
----------------- Invoking toplevel() on ptolemy.moml.MoMLSimpleApplication@220c98ad
----------------- Done invoking toplevel() on ptolemy.moml.MoMLSimpleApplication@220c98ad
reloadAllAccessors: .Gaussian

===========================================================================================
----------------- testing Sun Nov 18 02:46:25 UTC 2018 /home/travis/build/icyphy/ptII/ptolemy/actor/lib/test/auto/Gaussian1.xml
----------------- Instantiating /home/travis/build/icyphy/ptII/ptolemy/actor/lib/test/auto/Gaussian1.xml
9 ms. Memory: 1360896K Free: 186434K (14%)
----------------- Invoking toplevel() on ptolemy.moml.MoMLSimpleApplication@4c066426
----------------- Done invoking toplevel() on ptolemy.moml.MoMLSimpleApplication@4c066426
reloadAllAccessors: .Gaussian1

===========================================================================================
----------------- testing Sun Nov 18 02:46:25 UTC 2018 /home/travis/build/icyphy/ptII/ptolemy/actor/lib/test/auto/Gaussian2.xml
----------------- Instantiating /home/travis/build/icyphy/ptII/ptolemy/actor/lib/test/auto/Gaussian2.xml
2 ms. Memory: 1360896K Free: 174003K (13%)
----------------- Invoking toplevel() on ptolemy.moml.MoMLSimpleApplication@7ef694d
----------------- Done invoking toplevel() on ptolemy.moml.MoMLSimpleApplication@7ef694d
reloadAllAccessors: .Gaussian2

===========================================================================================
----------------- testing Sun Nov 18 02:46:25 UTC 2018 /home/travis/build/icyphy/ptII/ptolemy/actor/lib/test/auto/GradientAdaptiveLattice.xml
----------------- Instantiating /home/travis/build/icyphy/ptII/ptolemy/actor/lib/test/auto/GradientAdaptiveLattice.xml
4 ms. Memory: 1360896K Free: 161572K (12%)
----------------- Invoking toplevel() on ptolemy.moml.MoMLSimpleApplication@361ebdab
----------------- Done invoking toplevel() on ptolemy.moml.MoMLSimpleApplication@361ebdab
reloadAllAccessors: .GradientAdaptiveLattice

===========================================================================================
----------------- testing Sun Nov 18 02:46:25 UTC 2018 /home/travis/build/icyphy/ptII/ptolemy/actor/lib/test/auto/IIR.xml
----------------- Instantiating /home/travis/build/icyphy/ptII/ptolemy/actor/lib/test/auto/IIR.xml
2 ms. Memory: 1360896K Free: 139415K (10%)
----------------- Invoking toplevel() on ptolemy.moml.MoMLSimpleApplication@68cd9be6
----------------- Done invoking toplevel() on ptolemy.moml.MoMLSimpleApplication@68cd9be6
reloadAllAccessors: .IIR

===========================================================================================
----------------- testing Sun Nov 18 02:46:25 UTC 2018 /home/travis/build/icyphy/ptII/ptolemy/actor/lib/test/auto/InputOutputTransparentPorts.xml
----------------- Instantiating /home/travis/build/icyphy/ptII/ptolemy/actor/lib/test/auto/InputOutputTransparentPorts.xml
1 ms. Memory: 1360896K Free: 126984K (9%)
----------------- Invoking toplevel() on ptolemy.moml.MoMLSimpleApplication@2f4dcf
----------------- Done invoking toplevel() on ptolemy.moml.MoMLSimpleApplication@2f4dcf
reloadAllAccessors: .InputOutputTransparentPorts

===========================================================================================
----------------- testing Sun Nov 18 02:46:25 UTC 2018 /home/travis/build/icyphy/ptII/ptolemy/actor/lib/test/auto/Interpolator.xml
----------------- Instantiating /home/travis/build/icyphy/ptII/ptolemy/actor/lib/test/auto/Interpolator.xml
5 ms. Memory: 1360896K Free: 114553K (8%)
----------------- Invoking toplevel() on ptolemy.moml.MoMLSimpleApplication@6c3e4bdf
----------------- Done invoking toplevel() on ptolemy.moml.MoMLSimpleApplication@6c3e4bdf
reloadAllAccessors: .Interpolator

===========================================================================================
----------------- testing Sun Nov 18 02:46:25 UTC 2018 /home/travis/build/icyphy/ptII/ptolemy/actor/lib/test/auto/InterpolatorFiringLimitDE.xml
----------------- Instantiating /home/travis/build/icyphy/ptII/ptolemy/actor/lib/test/auto/InterpolatorFiringLimitDE.xml
3 ms. Memory: 1360896K Free: 102121K (8%)
----------------- Invoking toplevel() on ptolemy.moml.MoMLSimpleApplication@3b9ff15c
----------------- Done invoking toplevel() on ptolemy.moml.MoMLSimpleApplication@3b9ff15c
reloadAllAccessors: .InterpolatorFiringLimitDE

===========================================================================================
----------------- testing Sun Nov 18 02:46:25 UTC 2018 /home/travis/build/icyphy/ptII/ptolemy/actor/lib/test/auto/Lattice.xml
----------------- Instantiating /home/travis/build/icyphy/ptII/ptolemy/actor/lib/test/auto/Lattice.xml
2 ms. Memory: 1360896K Free: 80597K (6%)
----------------- Invoking toplevel() on ptolemy.moml.MoMLSimpleApplication@74af5de3
----------------- Done invoking toplevel() on ptolemy.moml.MoMLSimpleApplication@74af5de3
reloadAllAccessors: .Lattice

===========================================================================================
----------------- testing Sun Nov 18 02:46:25 UTC 2018 /home/travis/build/icyphy/ptII/ptolemy/actor/lib/test/auto/LazyAOCTestLazy.xml
----------------- Instantiating /home/travis/build/icyphy/ptII/ptolemy/actor/lib/test/auto/LazyAOCTestLazy.xml
6 ms. Memory: 1360896K Free: 1310478K (96%)
----------------- Invoking toplevel() on ptolemy.moml.MoMLSimpleApplication@1c84b47d
----------------- Done invoking toplevel() on ptolemy.moml.MoMLSimpleApplication@1c84b47d
reloadAllAccessors: .LazyAOCTestLazy

===========================================================================================
----------------- testing Sun Nov 18 02:46:25 UTC 2018 /home/travis/build/icyphy/ptII/ptolemy/actor/lib/test/auto/LazyAOCTestNonLazy.xml
----------------- Instantiating /home/travis/build/icyphy/ptII/ptolemy/actor/lib/test/auto/LazyAOCTestNonLazy.xml
9 ms. Memory: 1360896K Free: 1290841K (95%)
----------------- Invoking toplevel() on ptolemy.moml.MoMLSimpleApplication@66745af0
----------------- Done invoking toplevel() on ptolemy.moml.MoMLSimpleApplication@66745af0
reloadAllAccessors: .LazyAOCTestNonLazy

===========================================================================================
----------------- testing Sun Nov 18 02:46:25 UTC 2018 /home/travis/build/icyphy/ptII/ptolemy/actor/lib/test/auto/LazyInnerClass.xml
----------------- Instantiating /home/travis/build/icyphy/ptII/ptolemy/actor/lib/test/auto/LazyInnerClass.xml
25 ms. Memory: 1360896K Free: 1278409K (94%)
----------------- Invoking toplevel() on ptolemy.moml.MoMLSimpleApplication@24373ba3
----------------- Done invoking toplevel() on ptolemy.moml.MoMLSimpleApplication@24373ba3
reloadAllAccessors: .LazyInnerClass

===========================================================================================
----------------- testing Sun Nov 18 02:46:25 UTC 2018 /home/travis/build/icyphy/ptII/ptolemy/actor/lib/test/auto/LazyPubSub.xml
----------------- Instantiating /home/travis/build/icyphy/ptII/ptolemy/actor/lib/test/auto/LazyPubSub.xml
30 ms. Memory: 1360896K Free: 1265978K (93%)
----------------- Invoking toplevel() on ptolemy.moml.MoMLSimpleApplication@1788a22c
----------------- Done invoking toplevel() on ptolemy.moml.MoMLSimpleApplication@1788a22c
reloadAllAccessors: .LazyPubSub

===========================================================================================
----------------- testing Sun Nov 18 02:46:25 UTC 2018 /home/travis/build/icyphy/ptII/ptolemy/actor/lib/test/auto/LazyPubSub2.xml
----------------- Instantiating /home/travis/build/icyphy/ptII/ptolemy/actor/lib/test/auto/LazyPubSub2.xml
16 ms. Memory: 1360896K Free: 1246173K (92%)
----------------- Invoking toplevel() on ptolemy.moml.MoMLSimpleApplication@7a17e71d
----------------- Done invoking toplevel() on ptolemy.moml.MoMLSimpleApplication@7a17e71d
reloadAllAccessors: .LazyPubSub2

===========================================================================================
----------------- testing Sun Nov 18 02:46:25 UTC 2018 /home/travis/build/icyphy/ptII/ptolemy/actor/lib/test/auto/LazyPubSub3.xml
----------------- Instantiating /home/travis/build/icyphy/ptII/ptolemy/actor/lib/test/auto/LazyPubSub3.xml
14 ms. Memory: 1360896K Free: 1233741K (91%)
----------------- Invoking toplevel() on ptolemy.moml.MoMLSimpleApplication@63f86676
----------------- Done invoking toplevel() on ptolemy.moml.MoMLSimpleApplication@63f86676
reloadAllAccessors: .LazyPubSub3

===========================================================================================
----------------- testing Sun Nov 18 02:46:25 UTC 2018 /home/travis/build/icyphy/ptII/ptolemy/actor/lib/test/auto/LazySubClassModel.xml
----------------- Instantiating /home/travis/build/icyphy/ptII/ptolemy/actor/lib/test/auto/LazySubClassModel.xml
3 ms. Memory: 1360896K Free: 1215078K (89%)
----------------- Invoking toplevel() on ptolemy.moml.MoMLSimpleApplication@53cc6656
----------------- Done invoking toplevel() on ptolemy.moml.MoMLSimpleApplication@53cc6656
reloadAllAccessors: .LazySubClassModel

===========================================================================================
----------------- testing Sun Nov 18 02:46:25 UTC 2018 /home/travis/build/icyphy/ptII/ptolemy/actor/lib/test/auto/LevelCrossTest1.xml
----------------- Instantiating /home/travis/build/icyphy/ptII/ptolemy/actor/lib/test/auto/LevelCrossTest1.xml
1 ms. Memory: 1360896K Free: 1195440K (88%)
----------------- Invoking toplevel() on ptolemy.moml.MoMLSimpleApplication@72b10f8f
----------------- Done invoking toplevel() on ptolemy.moml.MoMLSimpleApplication@72b10f8f
reloadAllAccessors: .broken

===========================================================================================
----------------- testing Sun Nov 18 02:46:25 UTC 2018 /home/travis/build/icyphy/ptII/ptolemy/actor/lib/test/auto/LevelCrossTest10.xml
----------------- Instantiating /home/travis/build/icyphy/ptII/ptolemy/actor/lib/test/auto/LevelCrossTest10.xml
1 ms. Memory: 1360896K Free: 1183009K (87%)
----------------- Invoking toplevel() on ptolemy.moml.MoMLSimpleApplication@6cdb1673
----------------- Done invoking toplevel() on ptolemy.moml.MoMLSimpleApplication@6cdb1673
reloadAllAccessors: .LevelCrossTest10

===========================================================================================
----------------- testing Sun Nov 18 02:46:25 UTC 2018 /home/travis/build/icyphy/ptII/ptolemy/actor/lib/test/auto/LevelCrossTest11.xml
----------------- Instantiating /home/travis/build/icyphy/ptII/ptolemy/actor/lib/test/auto/LevelCrossTest11.xml
0 ms. Memory: 1360896K Free: 1170578K (86%)
----------------- Invoking toplevel() on ptolemy.moml.MoMLSimpleApplication@2ab0b1d
----------------- Done invoking toplevel() on ptolemy.moml.MoMLSimpleApplication@2ab0b1d
reloadAllAccessors: .LevelCrossTest11

===========================================================================================
----------------- testing Sun Nov 18 02:46:25 UTC 2018 /home/travis/build/icyphy/ptII/ptolemy/actor/lib/test/auto/LevelCrossTest12.xml
----------------- Instantiating /home/travis/build/icyphy/ptII/ptolemy/actor/lib/test/auto/LevelCrossTest12.xml
1 ms. Memory: 1360896K Free: 1150940K (85%)
----------------- Invoking toplevel() on ptolemy.moml.MoMLSimpleApplication@12e8cf95
----------------- Done invoking toplevel() on ptolemy.moml.MoMLSimpleApplication@12e8cf95
reloadAllAccessors: .LevelCrossTest12

===========================================================================================
----------------- testing Sun Nov 18 02:46:25 UTC 2018 /home/travis/build/icyphy/ptII/ptolemy/actor/lib/test/auto/LevelCrossTest13.xml
----------------- Instantiating /home/travis/build/icyphy/ptII/ptolemy/actor/lib/test/auto/LevelCrossTest13.xml
1 ms. Memory: 1360896K Free: 1138509K (84%)
----------------- Invoking toplevel() on ptolemy.moml.MoMLSimpleApplication@30445ce2
----------------- Done invoking toplevel() on ptolemy.moml.MoMLSimpleApplication@30445ce2
reloadAllAccessors: .LevelCrossTest13

===========================================================================================
----------------- testing Sun Nov 18 02:46:25 UTC 2018 /home/travis/build/icyphy/ptII/ptolemy/actor/lib/test/auto/LevelCrossTest2.xml
----------------- Instantiating /home/travis/build/icyphy/ptII/ptolemy/actor/lib/test/auto/LevelCrossTest2.xml
1 ms. Memory: 1360896K Free: 1126077K (83%)
----------------- Invoking toplevel() on ptolemy.moml.MoMLSimpleApplication@4fb291bd
----------------- Done invoking toplevel() on ptolemy.moml.MoMLSimpleApplication@4fb291bd
reloadAllAccessors: .broken

===========================================================================================
----------------- testing Sun Nov 18 02:46:25 UTC 2018 /home/travis/build/icyphy/ptII/ptolemy/actor/lib/test/auto/LevelCrossTest3.xml
----------------- Instantiating /home/travis/build/icyphy/ptII/ptolemy/actor/lib/test/auto/LevelCrossTest3.xml
1 ms. Memory: 1360896K Free: 1106440K (81%)
----------------- Invoking toplevel() on ptolemy.moml.MoMLSimpleApplication@3d896e40
----------------- Done invoking toplevel() on ptolemy.moml.MoMLSimpleApplication@3d896e40
reloadAllAccessors: .LevelCrossTest3

===========================================================================================
----------------- testing Sun Nov 18 02:46:25 UTC 2018 /home/travis/build/icyphy/ptII/ptolemy/actor/lib/test/auto/LevelCrossTest4.xml
----------------- Instantiating /home/travis/build/icyphy/ptII/ptolemy/actor/lib/test/auto/LevelCrossTest4.xml
1 ms. Memory: 1360896K Free: 1094008K (80%)
----------------- Invoking toplevel() on ptolemy.moml.MoMLSimpleApplication@6394a999
----------------- Done invoking toplevel() on ptolemy.moml.MoMLSimpleApplication@6394a999
reloadAllAccessors: .broken

===========================================================================================
----------------- testing Sun Nov 18 02:46:25 UTC 2018 /home/travis/build/icyphy/ptII/ptolemy/actor/lib/test/auto/LevelCrossTest5.xml
----------------- Instantiating /home/travis/build/icyphy/ptII/ptolemy/actor/lib/test/auto/LevelCrossTest5.xml
3 ms. Memory: 1360896K Free: 1081577K (79%)
----------------- Invoking toplevel() on ptolemy.moml.MoMLSimpleApplication@1f254283
----------------- Done invoking toplevel() on ptolemy.moml.MoMLSimpleApplication@1f254283
reloadAllAccessors: .LevelCrossTest5

===========================================================================================
----------------- testing Sun Nov 18 02:46:25 UTC 2018 /home/travis/build/icyphy/ptII/ptolemy/actor/lib/test/auto/LevelCrossTest6.xml
----------------- Instantiating /home/travis/build/icyphy/ptII/ptolemy/actor/lib/test/auto/LevelCrossTest6.xml
1 ms. Memory: 1360896K Free: 1061939K (78%)
----------------- Invoking toplevel() on ptolemy.moml.MoMLSimpleApplication@7e4f495
----------------- Done invoking toplevel() on ptolemy.moml.MoMLSimpleApplication@7e4f495
reloadAllAccessors: .LevelCrossTest6

===========================================================================================
----------------- testing Sun Nov 18 02:46:25 UTC 2018 /home/travis/build/icyphy/ptII/ptolemy/actor/lib/test/auto/LevelCrossTest7.xml
----------------- Instantiating /home/travis/build/icyphy/ptII/ptolemy/actor/lib/test/auto/LevelCrossTest7.xml
1 ms. Memory: 1360896K Free: 1049508K (77%)
----------------- Invoking toplevel() on ptolemy.moml.MoMLSimpleApplication@4a35dadc
----------------- Done invoking toplevel() on ptolemy.moml.MoMLSimpleApplication@4a35dadc
reloadAllAccessors: .LevelCrossTest7

===========================================================================================
----------------- testing Sun Nov 18 02:46:25 UTC 2018 /home/travis/build/icyphy/ptII/ptolemy/actor/lib/test/auto/LevelCrossTest8.xml
----------------- Instantiating /home/travis/build/icyphy/ptII/ptolemy/actor/lib/test/auto/LevelCrossTest8.xml
1 ms. Memory: 1360896K Free: 1037076K (76%)
----------------- Invoking toplevel() on ptolemy.moml.MoMLSimpleApplication@6ca627db
----------------- Done invoking toplevel() on ptolemy.moml.MoMLSimpleApplication@6ca627db
reloadAllAccessors: .LevelCrossTest8

===========================================================================================
----------------- testing Sun Nov 18 02:46:25 UTC 2018 /home/travis/build/icyphy/ptII/ptolemy/actor/lib/test/auto/LevelCrossTest9.xml
----------------- Instantiating /home/travis/build/icyphy/ptII/ptolemy/actor/lib/test/auto/LevelCrossTest9.xml
1 ms. Memory: 1360896K Free: 1017439K (75%)
----------------- Invoking toplevel() on ptolemy.moml.MoMLSimpleApplication@5820b287
----------------- Done invoking toplevel() on ptolemy.moml.MoMLSimpleApplication@5820b287
reloadAllAccessors: .LevelCrossTest9

===========================================================================================
----------------- testing Sun Nov 18 02:46:25 UTC 2018 /home/travis/build/icyphy/ptII/ptolemy/actor/lib/test/auto/LevinsonDurbin.xml
----------------- Instantiating /home/travis/build/icyphy/ptII/ptolemy/actor/lib/test/auto/LevinsonDurbin.xml
4 ms. Memory: 1360896K Free: 1005008K (74%)
----------------- Invoking toplevel() on ptolemy.moml.MoMLSimpleApplication@1e661af5
----------------- Done invoking toplevel() on ptolemy.moml.MoMLSimpleApplication@1e661af5
reloadAllAccessors: .LevinsonDurbin

===========================================================================================
----------------- testing Sun Nov 18 02:46:25 UTC 2018 /home/travis/build/icyphy/ptII/ptolemy/actor/lib/test/auto/LevinsonDurbin2.xml
----------------- Instantiating /home/travis/build/icyphy/ptII/ptolemy/actor/lib/test/auto/LevinsonDurbin2.xml
1 ms. Memory: 1360896K Free: 992576K (73%)
----------------- Invoking toplevel() on ptolemy.moml.MoMLSimpleApplication@652669f2
----------------- Done invoking toplevel() on ptolemy.moml.MoMLSimpleApplication@652669f2
reloadAllAccessors: .LevinsonDurbin2

===========================================================================================
----------------- testing Sun Nov 18 02:46:25 UTC 2018 /home/travis/build/icyphy/ptII/ptolemy/actor/lib/test/auto/LevinsonDurbin3.xml
----------------- Instantiating /home/travis/build/icyphy/ptII/ptolemy/actor/lib/test/auto/LevinsonDurbin3.xml
2 ms. Memory: 1360896K Free: 972939K (71%)
----------------- Invoking toplevel() on ptolemy.moml.MoMLSimpleApplication@74f784a0
----------------- Done invoking toplevel() on ptolemy.moml.MoMLSimpleApplication@74f784a0
reloadAllAccessors: .LevinsonDurbin3

===========================================================================================
----------------- testing Sun Nov 18 02:46:25 UTC 2018 /home/travis/build/icyphy/ptII/ptolemy/actor/lib/test/auto/Limiter.xml
----------------- Instantiating /home/travis/build/icyphy/ptII/ptolemy/actor/lib/test/auto/Limiter.xml
10 ms. Memory: 1360896K Free: 954291K (70%)
----------------- Invoking toplevel() on ptolemy.moml.MoMLSimpleApplication@3001da9d
----------------- Done invoking toplevel() on ptolemy.moml.MoMLSimpleApplication@3001da9d
reloadAllAccessors: .Limiter

===========================================================================================
----------------- testing Sun Nov 18 02:46:25 UTC 2018 /home/travis/build/icyphy/ptII/ptolemy/actor/lib/test/auto/LinearDifferenceEquationSystem.xml
----------------- Instantiating /home/travis/build/icyphy/ptII/ptolemy/actor/lib/test/auto/LinearDifferenceEquationSystem.xml
3 ms. Memory: 1360896K Free: 941860K (69%)
----------------- Invoking toplevel() on ptolemy.moml.MoMLSimpleApplication@3bd9ea1d
----------------- Done invoking toplevel() on ptolemy.moml.MoMLSimpleApplication@3bd9ea1d
reloadAllAccessors: .LinearDifferenceEquationSystem

===========================================================================================
----------------- testing Sun Nov 18 02:46:25 UTC 2018 /home/travis/build/icyphy/ptII/ptolemy/actor/lib/test/auto/LookupTable.xml
----------------- Instantiating /home/travis/build/icyphy/ptII/ptolemy/actor/lib/test/auto/LookupTable.xml
1 ms. Memory: 1360896K Free: 922223K (68%)
----------------- Invoking toplevel() on ptolemy.moml.MoMLSimpleApplication@6d677b68
----------------- Done invoking toplevel() on ptolemy.moml.MoMLSimpleApplication@6d677b68
reloadAllAccessors: .LookupTable

===========================================================================================
----------------- testing Sun Nov 18 02:46:25 UTC 2018 /home/travis/build/icyphy/ptII/ptolemy/actor/lib/test/auto/MathFunction.xml
----------------- Instantiating /home/travis/build/icyphy/ptII/ptolemy/actor/lib/test/auto/MathFunction.xml
2 ms. Memory: 1360896K Free: 909791K (67%)
----------------- Invoking toplevel() on ptolemy.moml.MoMLSimpleApplication@1799b02a
----------------- Done invoking toplevel() on ptolemy.moml.MoMLSimpleApplication@1799b02a
reloadAllAccessors: .MathFunction

===========================================================================================
----------------- testing Sun Nov 18 02:46:25 UTC 2018 /home/travis/build/icyphy/ptII/ptolemy/actor/lib/test/auto/MathFunction2.xml
----------------- Instantiating /home/travis/build/icyphy/ptII/ptolemy/actor/lib/test/auto/MathFunction2.xml
1 ms. Memory: 1360896K Free: 897360K (66%)
----------------- Invoking toplevel() on ptolemy.moml.MoMLSimpleApplication@3e5ed804
----------------- Done invoking toplevel() on ptolemy.moml.MoMLSimpleApplication@3e5ed804
reloadAllAccessors: .MathFunction2

===========================================================================================
----------------- testing Sun Nov 18 02:46:25 UTC 2018 /home/travis/build/icyphy/ptII/ptolemy/actor/lib/test/auto/MathFunction3.xml
----------------- Instantiating /home/travis/build/icyphy/ptII/ptolemy/actor/lib/test/auto/MathFunction3.xml
2 ms. Memory: 1360896K Free: 884929K (65%)
----------------- Invoking toplevel() on ptolemy.moml.MoMLSimpleApplication@678ec0ad
----------------- Done invoking toplevel() on ptolemy.moml.MoMLSimpleApplication@678ec0ad
reloadAllAccessors: .MathFunction3

===========================================================================================
----------------- testing Sun Nov 18 02:46:26 UTC 2018 /home/travis/build/icyphy/ptII/ptolemy/actor/lib/test/auto/MatrixCropBoolean.xml
----------------- Instantiating /home/travis/build/icyphy/ptII/ptolemy/actor/lib/test/auto/MatrixCropBoolean.xml
1 ms. Memory: 1360896K Free: 865291K (64%)
----------------- Invoking toplevel() on ptolemy.moml.MoMLSimpleApplication@672e7b81
----------------- Done invoking toplevel() on ptolemy.moml.MoMLSimpleApplication@672e7b81
reloadAllAccessors: .MatrixCropBoolean

===========================================================================================
----------------- testing Sun Nov 18 02:46:26 UTC 2018 /home/travis/build/icyphy/ptII/ptolemy/actor/lib/test/auto/MatrixCropComplex.xml
----------------- Instantiating /home/travis/build/icyphy/ptII/ptolemy/actor/lib/test/auto/MatrixCropComplex.xml
1 ms. Memory: 1360896K Free: 852860K (63%)
----------------- Invoking toplevel() on ptolemy.moml.MoMLSimpleApplication@710dbc7b
----------------- Done invoking toplevel() on ptolemy.moml.MoMLSimpleApplication@710dbc7b
reloadAllAccessors: .MatrixCropComplex

===========================================================================================
----------------- testing Sun Nov 18 02:46:26 UTC 2018 /home/travis/build/icyphy/ptII/ptolemy/actor/lib/test/auto/MatrixCropDouble.xml
----------------- Instantiating /home/travis/build/icyphy/ptII/ptolemy/actor/lib/test/auto/MatrixCropDouble.xml
1 ms. Memory: 1360896K Free: 840429K (62%)
----------------- Invoking toplevel() on ptolemy.moml.MoMLSimpleApplication@d05ea28
----------------- Done invoking toplevel() on ptolemy.moml.MoMLSimpleApplication@d05ea28
reloadAllAccessors: .MatrixCropDouble

===========================================================================================
----------------- testing Sun Nov 18 02:46:26 UTC 2018 /home/travis/build/icyphy/ptII/ptolemy/actor/lib/test/auto/MatrixCropFix.xml
----------------- Instantiating /home/travis/build/icyphy/ptII/ptolemy/actor/lib/test/auto/MatrixCropFix.xml
1 ms. Memory: 1360896K Free: 820791K (60%)
----------------- Invoking toplevel() on ptolemy.moml.MoMLSimpleApplication@105c2f2
----------------- Done invoking toplevel() on ptolemy.moml.MoMLSimpleApplication@105c2f2
reloadAllAccessors: .MatrixCropFix

===========================================================================================
----------------- testing Sun Nov 18 02:46:26 UTC 2018 /home/travis/build/icyphy/ptII/ptolemy/actor/lib/test/auto/MatrixCropInt.xml
----------------- Instantiating /home/travis/build/icyphy/ptII/ptolemy/actor/lib/test/auto/MatrixCropInt.xml
1 ms. Memory: 1360896K Free: 808360K (59%)
----------------- Invoking toplevel() on ptolemy.moml.MoMLSimpleApplication@5c356cb5
----------------- Done invoking toplevel() on ptolemy.moml.MoMLSimpleApplication@5c356cb5
reloadAllAccessors: .MatrixCropInt

===========================================================================================
----------------- testing Sun Nov 18 02:46:26 UTC 2018 /home/travis/build/icyphy/ptII/ptolemy/actor/lib/test/auto/MatrixCropLong.xml
----------------- Instantiating /home/travis/build/icyphy/ptII/ptolemy/actor/lib/test/auto/MatrixCropLong.xml
2 ms. Memory: 1360896K Free: 795928K (58%)
----------------- Invoking toplevel() on ptolemy.moml.MoMLSimpleApplication@5aebfe9c
----------------- Done invoking toplevel() on ptolemy.moml.MoMLSimpleApplication@5aebfe9c
reloadAllAccessors: .MatrixCropLong

===========================================================================================
----------------- testing Sun Nov 18 02:46:26 UTC 2018 /home/travis/build/icyphy/ptII/ptolemy/actor/lib/test/auto/MatrixToArray.xml
----------------- Instantiating /home/travis/build/icyphy/ptII/ptolemy/actor/lib/test/auto/MatrixToArray.xml
4 ms. Memory: 1360896K Free: 763828K (56%)
----------------- Invoking toplevel() on ptolemy.moml.MoMLSimpleApplication@3168b92f
----------------- Done invoking toplevel() on ptolemy.moml.MoMLSimpleApplication@3168b92f
reloadAllAccessors: .MatrixToArray

===========================================================================================
----------------- testing Sun Nov 18 02:46:26 UTC 2018 /home/travis/build/icyphy/ptII/ptolemy/actor/lib/test/auto/MaxIndex.xml
----------------- Instantiating /home/travis/build/icyphy/ptII/ptolemy/actor/lib/test/auto/MaxIndex.xml
2 ms. Memory: 1360896K Free: 751396K (55%)
----------------- Invoking toplevel() on ptolemy.moml.MoMLSimpleApplication@4341cbb3
----------------- Done invoking toplevel() on ptolemy.moml.MoMLSimpleApplication@4341cbb3
reloadAllAccessors: .MaxIndex

===========================================================================================
----------------- testing Sun Nov 18 02:46:26 UTC 2018 /home/travis/build/icyphy/ptII/ptolemy/actor/lib/test/auto/Maximum.xml
----------------- Instantiating /home/travis/build/icyphy/ptII/ptolemy/actor/lib/test/auto/Maximum.xml
2 ms. Memory: 1360896K Free: 738965K (54%)
----------------- Invoking toplevel() on ptolemy.moml.MoMLSimpleApplication@1acc65d2
----------------- Done invoking toplevel() on ptolemy.moml.MoMLSimpleApplication@1acc65d2
reloadAllAccessors: .Maximum

===========================================================================================
----------------- testing Sun Nov 18 02:46:26 UTC 2018 /home/travis/build/icyphy/ptII/ptolemy/actor/lib/test/auto/MaximumComplex.xml
----------------- Instantiating /home/travis/build/icyphy/ptII/ptolemy/actor/lib/test/auto/MaximumComplex.xml
2 ms. Memory: 1360896K Free: 719328K (53%)
----------------- Invoking toplevel() on ptolemy.moml.MoMLSimpleApplication@7fbd59d
----------------- Done invoking toplevel() on ptolemy.moml.MoMLSimpleApplication@7fbd59d
reloadAllAccessors: .MaximumComplex

===========================================================================================
----------------- testing Sun Nov 18 02:46:26 UTC 2018 /home/travis/build/icyphy/ptII/ptolemy/actor/lib/test/auto/MethodCallTest.xml
----------------- Instantiating /home/travis/build/icyphy/ptII/ptolemy/actor/lib/test/auto/MethodCallTest.xml
1 ms. Memory: 1360896K Free: 706896K (52%)
----------------- Invoking toplevel() on ptolemy.moml.MoMLSimpleApplication@6de9ef34
----------------- Done invoking toplevel() on ptolemy.moml.MoMLSimpleApplication@6de9ef34
reloadAllAccessors: .MethodCallTest

===========================================================================================
----------------- testing Sun Nov 18 02:46:26 UTC 2018 /home/travis/build/icyphy/ptII/ptolemy/actor/lib/test/auto/Minimum.xml
----------------- Instantiating /home/travis/build/icyphy/ptII/ptolemy/actor/lib/test/auto/Minimum.xml
2 ms. Memory: 1360896K Free: 694465K (51%)
----------------- Invoking toplevel() on ptolemy.moml.MoMLSimpleApplication@36df3fce
----------------- Done invoking toplevel() on ptolemy.moml.MoMLSimpleApplication@36df3fce
reloadAllAccessors: .Minimum

===========================================================================================
----------------- testing Sun Nov 18 02:46:26 UTC 2018 /home/travis/build/icyphy/ptII/ptolemy/actor/lib/test/auto/MinimumComplex.xml
----------------- Instantiating /home/travis/build/icyphy/ptII/ptolemy/actor/lib/test/auto/MinimumComplex.xml
2 ms. Memory: 1360896K Free: 674828K (50%)
----------------- Invoking toplevel() on ptolemy.moml.MoMLSimpleApplication@32ae540f
----------------- Done invoking toplevel() on ptolemy.moml.MoMLSimpleApplication@32ae540f
reloadAllAccessors: .MinimumComplex

===========================================================================================
----------------- testing Sun Nov 18 02:46:26 UTC 2018 /home/travis/build/icyphy/ptII/ptolemy/actor/lib/test/auto/MinimumMultiports.xml
----------------- Instantiating /home/travis/build/icyphy/ptII/ptolemy/actor/lib/test/auto/MinimumMultiports.xml
3 ms. Memory: 1360896K Free: 662396K (49%)
----------------- Invoking toplevel() on ptolemy.moml.MoMLSimpleApplication@70123c54
----------------- Done invoking toplevel() on ptolemy.moml.MoMLSimpleApplication@70123c54
reloadAllAccessors: .MinimumMultiports

===========================================================================================
----------------- testing Sun Nov 18 02:46:26 UTC 2018 /home/travis/build/icyphy/ptII/ptolemy/actor/lib/test/auto/ModifyDate.xml
----------------- Instantiating /home/travis/build/icyphy/ptII/ptolemy/actor/lib/test/auto/ModifyDate.xml
5 ms. Memory: 1360896K Free: 643741K (47%)
----------------- Invoking toplevel() on ptolemy.moml.MoMLSimpleApplication@11d69258
----------------- Done invoking toplevel() on ptolemy.moml.MoMLSimpleApplication@11d69258
reloadAllAccessors: .ModifyDate

===========================================================================================
----------------- testing Sun Nov 18 02:46:26 UTC 2018 /home/travis/build/icyphy/ptII/ptolemy/actor/lib/test/auto/ModifyDate2.xml
----------------- Instantiating /home/travis/build/icyphy/ptII/ptolemy/actor/lib/test/auto/ModifyDate2.xml
2 ms. Memory: 1360896K Free: 617888K (45%)
----------------- Invoking toplevel() on ptolemy.moml.MoMLSimpleApplication@27918c94
----------------- Done invoking toplevel() on ptolemy.moml.MoMLSimpleApplication@27918c94
reloadAllAccessors: .ModifyDate2

===========================================================================================
----------------- testing Sun Nov 18 02:46:26 UTC 2018 /home/travis/build/icyphy/ptII/ptolemy/actor/lib/test/auto/MovingAverage.xml
----------------- Instantiating /home/travis/build/icyphy/ptII/ptolemy/actor/lib/test/auto/MovingAverage.xml
2 ms. Memory: 1360896K Free: 605457K (44%)
----------------- Invoking toplevel() on ptolemy.moml.MoMLSimpleApplication@1c0b41db
----------------- Done invoking toplevel() on ptolemy.moml.MoMLSimpleApplication@1c0b41db
reloadAllAccessors: .MovingAverage

===========================================================================================
----------------- testing Sun Nov 18 02:46:26 UTC 2018 /home/travis/build/icyphy/ptII/ptolemy/actor/lib/test/auto/MovingMaximum.xml
----------------- Instantiating /home/travis/build/icyphy/ptII/ptolemy/actor/lib/test/auto/MovingMaximum.xml
4 ms. Memory: 1360896K Free: 593026K (44%)
----------------- Invoking toplevel() on ptolemy.moml.MoMLSimpleApplication@1a9725b
----------------- Done invoking toplevel() on ptolemy.moml.MoMLSimpleApplication@1a9725b
reloadAllAccessors: .MovingMaximum

===========================================================================================
----------------- testing Sun Nov 18 02:46:26 UTC 2018 /home/travis/build/icyphy/ptII/ptolemy/actor/lib/test/auto/MultipleLinksToSameRelation.xml
----------------- Instantiating /home/travis/build/icyphy/ptII/ptolemy/actor/lib/test/auto/MultipleLinksToSameRelation.xml
2 ms. Memory: 1360896K Free: 573389K (42%)
----------------- Invoking toplevel() on ptolemy.moml.MoMLSimpleApplication@5798772a
----------------- Done invoking toplevel() on ptolemy.moml.MoMLSimpleApplication@5798772a
reloadAllAccessors: .MultipleLinksToSameRelation

===========================================================================================
----------------- testing Sun Nov 18 02:46:26 UTC 2018 /home/travis/build/icyphy/ptII/ptolemy/actor/lib/test/auto/MultipleLinksToSameRelationDE.xml
----------------- Instantiating /home/travis/build/icyphy/ptII/ptolemy/actor/lib/test/auto/MultipleLinksToSameRelationDE.xml
2 ms. Memory: 1360896K Free: 560957K (41%)
----------------- Invoking toplevel() on ptolemy.moml.MoMLSimpleApplication@693075b6
----------------- Done invoking toplevel() on ptolemy.moml.MoMLSimpleApplication@693075b6
reloadAllAccessors: .MultipleLinksToSameRelationDE

===========================================================================================
----------------- testing Sun Nov 18 02:46:26 UTC 2018 /home/travis/build/icyphy/ptII/ptolemy/actor/lib/test/auto/Multiplexor.xml
----------------- Instantiating /home/travis/build/icyphy/ptII/ptolemy/actor/lib/test/auto/Multiplexor.xml
1 ms. Memory: 1360896K Free: 548526K (40%)
----------------- Invoking toplevel() on ptolemy.moml.MoMLSimpleApplication@490f8074
----------------- Done invoking toplevel() on ptolemy.moml.MoMLSimpleApplication@490f8074
reloadAllAccessors: .Multiplexor

===========================================================================================
----------------- testing Sun Nov 18 02:46:26 UTC 2018 /home/travis/build/icyphy/ptII/ptolemy/actor/lib/test/auto/Multiplexor1.xml
----------------- Instantiating /home/travis/build/icyphy/ptII/ptolemy/actor/lib/test/auto/Multiplexor1.xml
2 ms. Memory: 1360896K Free: 528888K (39%)
----------------- Invoking toplevel() on ptolemy.moml.MoMLSimpleApplication@84d6129
----------------- Done invoking toplevel() on ptolemy.moml.MoMLSimpleApplication@84d6129
reloadAllAccessors: .Multiplexor1

===========================================================================================
----------------- testing Sun Nov 18 02:46:26 UTC 2018 /home/travis/build/icyphy/ptII/ptolemy/actor/lib/test/auto/Multiplexor2.xml
----------------- Instantiating /home/travis/build/icyphy/ptII/ptolemy/actor/lib/test/auto/Multiplexor2.xml
2 ms. Memory: 1360896K Free: 516457K (38%)
----------------- Invoking toplevel() on ptolemy.moml.MoMLSimpleApplication@5ad1551a
----------------- Done invoking toplevel() on ptolemy.moml.MoMLSimpleApplication@5ad1551a
reloadAllAccessors: .Multiplexor2

===========================================================================================
----------------- testing Sun Nov 18 02:46:26 UTC 2018 /home/travis/build/icyphy/ptII/ptolemy/actor/lib/test/auto/Multiplexor3.xml
----------------- Instantiating /home/travis/build/icyphy/ptII/ptolemy/actor/lib/test/auto/Multiplexor3.xml
1 ms. Memory: 1360896K Free: 504026K (37%)
----------------- Invoking toplevel() on ptolemy.moml.MoMLSimpleApplication@622f957
----------------- Done invoking toplevel() on ptolemy.moml.MoMLSimpleApplication@622f957
reloadAllAccessors: .Multiplexor3

===========================================================================================
----------------- testing Sun Nov 18 02:46:26 UTC 2018 /home/travis/build/icyphy/ptII/ptolemy/actor/lib/test/auto/MultiplexorDE.xml
----------------- Instantiating /home/travis/build/icyphy/ptII/ptolemy/actor/lib/test/auto/MultiplexorDE.xml
2 ms. Memory: 1360896K Free: 484388K (36%)
----------------- Invoking toplevel() on ptolemy.moml.MoMLSimpleApplication@e855754
----------------- Done invoking toplevel() on ptolemy.moml.MoMLSimpleApplication@e855754
reloadAllAccessors: .MultiplexorDE

===========================================================================================
----------------- testing Sun Nov 18 02:46:26 UTC 2018 /home/travis/build/icyphy/ptII/ptolemy/actor/lib/test/auto/MultiportBroadcastTest.xml
----------------- Instantiating /home/travis/build/icyphy/ptII/ptolemy/actor/lib/test/auto/MultiportBroadcastTest.xml
52 ms. Memory: 1360896K Free: 471957K (35%)
----------------- Invoking toplevel() on ptolemy.moml.MoMLSimpleApplication@607a152f
----------------- Done invoking toplevel() on ptolemy.moml.MoMLSimpleApplication@607a152f
reloadAllAccessors: .MultiportBroadcastTest

===========================================================================================
----------------- testing Sun Nov 18 02:46:26 UTC 2018 /home/travis/build/icyphy/ptII/ptolemy/actor/lib/test/auto/MultiportOutHangDuringGetWidth.xml
----------------- Instantiating /home/travis/build/icyphy/ptII/ptolemy/actor/lib/test/auto/MultiportOutHangDuringGetWidth.xml
5 ms. Memory: 1360896K Free: 453309K (33%)
----------------- Invoking toplevel() on ptolemy.moml.MoMLSimpleApplication@705f3616
----------------- Done invoking toplevel() on ptolemy.moml.MoMLSimpleApplication@705f3616
reloadAllAccessors: .MultiportOutHangDuringGetWidth

===========================================================================================
----------------- testing Sun Nov 18 02:46:26 UTC 2018 /home/travis/build/icyphy/ptII/ptolemy/actor/lib/test/auto/NilToken.xml
----------------- Instantiating /home/travis/build/icyphy/ptII/ptolemy/actor/lib/test/auto/NilToken.xml
1 ms. Memory: 1360896K Free: 433672K (32%)
----------------- Invoking toplevel() on ptolemy.moml.MoMLSimpleApplication@2b8c6d06
----------------- Done invoking toplevel() on ptolemy.moml.MoMLSimpleApplication@2b8c6d06
reloadAllAccessors: .NilToken

===========================================================================================
----------------- testing Sun Nov 18 02:46:26 UTC 2018 /home/travis/build/icyphy/ptII/ptolemy/actor/lib/test/auto/NilTokenNonStrictTest.xml
----------------- Instantiating /home/travis/build/icyphy/ptII/ptolemy/actor/lib/test/auto/NilTokenNonStrictTest.xml
2 ms. Memory: 1360896K Free: 421241K (31%)
----------------- Invoking toplevel() on ptolemy.moml.MoMLSimpleApplication@736f9d37
----------------- Done invoking toplevel() on ptolemy.moml.MoMLSimpleApplication@736f9d37
reloadAllAccessors: .NilTokenNonStrictTest

===========================================================================================
----------------- testing Sun Nov 18 02:46:26 UTC 2018 /home/travis/build/icyphy/ptII/ptolemy/actor/lib/test/auto/NilTokenRecord.xml
----------------- Instantiating /home/travis/build/icyphy/ptII/ptolemy/actor/lib/test/auto/NilTokenRecord.xml
7 ms. Memory: 1360896K Free: 408809K (30%)
----------------- Invoking toplevel() on ptolemy.moml.MoMLSimpleApplication@5d248a21
----------------- Done invoking toplevel() on ptolemy.moml.MoMLSimpleApplication@5d248a21
reloadAllAccessors: .NilTokenRecord

===========================================================================================
----------------- testing Sun Nov 18 02:46:26 UTC 2018 /home/travis/build/icyphy/ptII/ptolemy/actor/lib/test/auto/NilTokenTypeTest.xml
----------------- Instantiating /home/travis/build/icyphy/ptII/ptolemy/actor/lib/test/auto/NilTokenTypeTest.xml
8 ms. Memory: 1360896K Free: 382940K (28%)
----------------- Invoking toplevel() on ptolemy.moml.MoMLSimpleApplication@46518c92
----------------- Done invoking toplevel() on ptolemy.moml.MoMLSimpleApplication@46518c92
reloadAllAccessors: .NilTokenTypeTest

===========================================================================================
----------------- testing Sun Nov 18 02:46:26 UTC 2018 /home/travis/build/icyphy/ptII/ptolemy/actor/lib/test/auto/ObjectToken1.xml
----------------- Instantiating /home/travis/build/icyphy/ptII/ptolemy/actor/lib/test/auto/ObjectToken1.xml
2 ms. Memory: 1360896K Free: 370509K (27%)
----------------- Invoking toplevel() on ptolemy.moml.MoMLSimpleApplication@14b5341b
----------------- Done invoking toplevel() on ptolemy.moml.MoMLSimpleApplication@14b5341b
reloadAllAccessors: .ObjectToken1

===========================================================================================
----------------- testing Sun Nov 18 02:46:26 UTC 2018 /home/travis/build/icyphy/ptII/ptolemy/actor/lib/test/auto/OrderedMerge.xml
----------------- Instantiating /home/travis/build/icyphy/ptII/ptolemy/actor/lib/test/auto/OrderedMerge.xml
5 ms. Memory: 1360896K Free: 333215K (24%)
----------------- Invoking toplevel() on ptolemy.moml.MoMLSimpleApplication@55b93efa
----------------- Done invoking toplevel() on ptolemy.moml.MoMLSimpleApplication@55b93efa
reloadAllAccessors: .OrderedMerge

===========================================================================================
----------------- testing Sun Nov 18 02:46:26 UTC 2018 /home/travis/build/icyphy/ptII/ptolemy/actor/lib/test/auto/OrderedRecordDisassembler.xml
----------------- Instantiating /home/travis/build/icyphy/ptII/ptolemy/actor/lib/test/auto/OrderedRecordDisassembler.xml
2 ms. Memory: 1360896K Free: 313577K (23%)
----------------- Invoking toplevel() on ptolemy.moml.MoMLSimpleApplication@2cf044d3
----------------- Done invoking toplevel() on ptolemy.moml.MoMLSimpleApplication@2cf044d3
reloadAllAccessors: .OrderedRecordDisassembler

===========================================================================================
----------------- testing Sun Nov 18 02:46:26 UTC 2018 /home/travis/build/icyphy/ptII/ptolemy/actor/lib/test/auto/OrderedRecordDisassembler2.xml
----------------- Instantiating /home/travis/build/icyphy/ptII/ptolemy/actor/lib/test/auto/OrderedRecordDisassembler2.xml
3 ms. Memory: 1360896K Free: 301146K (22%)
----------------- Invoking toplevel() on ptolemy.moml.MoMLSimpleApplication@281fc286
----------------- Done invoking toplevel() on ptolemy.moml.MoMLSimpleApplication@281fc286
reloadAllAccessors: .OrderedRecordDisassembler2

===========================================================================================
----------------- testing Sun Nov 18 02:46:26 UTC 2018 /home/travis/build/icyphy/ptII/ptolemy/actor/lib/test/auto/OrderedRecordUpdater.xml
----------------- Instantiating /home/travis/build/icyphy/ptII/ptolemy/actor/lib/test/auto/OrderedRecordUpdater.xml
2 ms. Memory: 1360896K Free: 288715K (21%)
----------------- Invoking toplevel() on ptolemy.moml.MoMLSimpleApplication@2820f89d
----------------- Done invoking toplevel() on ptolemy.moml.MoMLSimpleApplication@2820f89d
reloadAllAccessors: .RecordUpdater

===========================================================================================
----------------- testing Sun Nov 18 02:46:26 UTC 2018 /home/travis/build/icyphy/ptII/ptolemy/actor/lib/test/auto/OrderedRecordUpdater2.xml
----------------- Instantiating /home/travis/build/icyphy/ptII/ptolemy/actor/lib/test/auto/OrderedRecordUpdater2.xml
2 ms. Memory: 1360896K Free: 269077K (20%)
----------------- Invoking toplevel() on ptolemy.moml.MoMLSimpleApplication@3429e6d
----------------- Done invoking toplevel() on ptolemy.moml.MoMLSimpleApplication@3429e6d
reloadAllAccessors: .RecordUpdater2

===========================================================================================
----------------- testing Sun Nov 18 02:46:26 UTC 2018 /home/travis/build/icyphy/ptII/ptolemy/actor/lib/test/auto/PhaseUnwrap.xml
----------------- Instantiating /home/travis/build/icyphy/ptII/ptolemy/actor/lib/test/auto/PhaseUnwrap.xml
1 ms. Memory: 1360896K Free: 256646K (19%)
----------------- Invoking toplevel() on ptolemy.moml.MoMLSimpleApplication@245fb07c
----------------- Done invoking toplevel() on ptolemy.moml.MoMLSimpleApplication@245fb07c
reloadAllAccessors: .PhaseUnwrap

===========================================================================================
----------------- testing Sun Nov 18 02:46:26 UTC 2018 /home/travis/build/icyphy/ptII/ptolemy/actor/lib/test/auto/PoissonClock.xml
----------------- Instantiating /home/travis/build/icyphy/ptII/ptolemy/actor/lib/test/auto/PoissonClock.xml
1 ms. Memory: 1360896K Free: 244215K (18%)
----------------- Invoking toplevel() on ptolemy.moml.MoMLSimpleApplication@296f2845
----------------- Done invoking toplevel() on ptolemy.moml.MoMLSimpleApplication@296f2845
reloadAllAccessors: .PoissonClock

===========================================================================================
----------------- testing Sun Nov 18 02:46:26 UTC 2018 /home/travis/build/icyphy/ptII/ptolemy/actor/lib/test/auto/PoissonClock2.xml
----------------- Instantiating /home/travis/build/icyphy/ptII/ptolemy/actor/lib/test/auto/PoissonClock2.xml
1 ms. Memory: 1360896K Free: 224577K (17%)
----------------- Invoking toplevel() on ptolemy.moml.MoMLSimpleApplication@57e043e8
----------------- Done invoking toplevel() on ptolemy.moml.MoMLSimpleApplication@57e043e8
reloadAllAccessors: .PoissonClock2

===========================================================================================
----------------- testing Sun Nov 18 02:46:26 UTC 2018 /home/travis/build/icyphy/ptII/ptolemy/actor/lib/test/auto/PoissonClock3.xml
----------------- Instantiating /home/travis/build/icyphy/ptII/ptolemy/actor/lib/test/auto/PoissonClock3.xml
1 ms. Memory: 1360896K Free: 212146K (16%)
----------------- Invoking toplevel() on ptolemy.moml.MoMLSimpleApplication@1bf8d4e3
----------------- Done invoking toplevel() on ptolemy.moml.MoMLSimpleApplication@1bf8d4e3
reloadAllAccessors: .PoissonClock3

===========================================================================================
----------------- testing Sun Nov 18 02:46:26 UTC 2018 /home/travis/build/icyphy/ptII/ptolemy/actor/lib/test/auto/PubSubWithInitialTokens.xml
----------------- Instantiating /home/travis/build/icyphy/ptII/ptolemy/actor/lib/test/auto/PubSubWithInitialTokens.xml
2 ms. Memory: 1360896K Free: 199714K (15%)
----------------- Invoking toplevel() on ptolemy.moml.MoMLSimpleApplication@589b7ee9
----------------- Done invoking toplevel() on ptolemy.moml.MoMLSimpleApplication@589b7ee9
reloadAllAccessors: .PubSubWithInitialTokens

===========================================================================================
----------------- testing Sun Nov 18 02:46:26 UTC 2018 /home/travis/build/icyphy/ptII/ptolemy/actor/lib/test/auto/PubSubWithInitialTokens2.xml
----------------- Instantiating /home/travis/build/icyphy/ptII/ptolemy/actor/lib/test/auto/PubSubWithInitialTokens2.xml
2 ms. Memory: 1360896K Free: 180077K (13%)
----------------- Invoking toplevel() on ptolemy.moml.MoMLSimpleApplication@e7692b4
----------------- Done invoking toplevel() on ptolemy.moml.MoMLSimpleApplication@e7692b4
reloadAllAccessors: .PubSubWithInitialTokens2

===========================================================================================
----------------- testing Sun Nov 18 02:46:26 UTC 2018 /home/travis/build/icyphy/ptII/ptolemy/actor/lib/test/auto/PublisherClassNoParameter.xml
----------------- Instantiating /home/travis/build/icyphy/ptII/ptolemy/actor/lib/test/auto/PublisherClassNoParameter.xml
2 ms. Memory: 1360896K Free: 161414K (12%)
----------------- Invoking toplevel() on ptolemy.moml.MoMLSimpleApplication@673b98d3
----------------- Done invoking toplevel() on ptolemy.moml.MoMLSimpleApplication@673b98d3
reloadAllAccessors: .PublisherClassNoParameter

===========================================================================================
----------------- testing Sun Nov 18 02:46:26 UTC 2018 /home/travis/build/icyphy/ptII/ptolemy/actor/lib/test/auto/PublisherClassParameter.xml
----------------- Instantiating /home/travis/build/icyphy/ptII/ptolemy/actor/lib/test/auto/PublisherClassParameter.xml
1 ms. Memory: 1360896K Free: 142759K (10%)
----------------- Invoking toplevel() on ptolemy.moml.MoMLSimpleApplication@7c0173bd
----------------- Done invoking toplevel() on ptolemy.moml.MoMLSimpleApplication@7c0173bd
reloadAllAccessors: .PublisherClassParameter

===========================================================================================
----------------- testing Sun Nov 18 02:46:26 UTC 2018 /home/travis/build/icyphy/ptII/ptolemy/actor/lib/test/auto/PublisherNonStrictTest.xml
----------------- Instantiating /home/travis/build/icyphy/ptII/ptolemy/actor/lib/test/auto/PublisherNonStrictTest.xml
3 ms. Memory: 1360896K Free: 123122K (9%)
----------------- Invoking toplevel() on ptolemy.moml.MoMLSimpleApplication@327650b7
----------------- Done invoking toplevel() on ptolemy.moml.MoMLSimpleApplication@327650b7
reloadAllAccessors: .PublisherNonStrictTest

===========================================================================================
----------------- testing Sun Nov 18 02:46:26 UTC 2018 /home/travis/build/icyphy/ptII/ptolemy/actor/lib/test/auto/PublisherPort1.xml
----------------- Instantiating /home/travis/build/icyphy/ptII/ptolemy/actor/lib/test/auto/PublisherPort1.xml
3 ms. Memory: 1360896K Free: 110690K (8%)
----------------- Invoking toplevel() on ptolemy.moml.MoMLSimpleApplication@71241bfe
----------------- Done invoking toplevel() on ptolemy.moml.MoMLSimpleApplication@71241bfe
reloadAllAccessors: .PublisherPort1

===========================================================================================
----------------- testing Sun Nov 18 02:46:26 UTC 2018 /home/travis/build/icyphy/ptII/ptolemy/actor/lib/test/auto/PublisherPort2.xml
----------------- Instantiating /home/travis/build/icyphy/ptII/ptolemy/actor/lib/test/auto/PublisherPort2.xml
2 ms. Memory: 1360896K Free: 98259K (7%)
----------------- Invoking toplevel() on ptolemy.moml.MoMLSimpleApplication@3eb4bc4b
----------------- Done invoking toplevel() on ptolemy.moml.MoMLSimpleApplication@3eb4bc4b
reloadAllAccessors: .PublisherPort2

===========================================================================================
----------------- testing Sun Nov 18 02:46:26 UTC 2018 /home/travis/build/icyphy/ptII/ptolemy/actor/lib/test/auto/PublisherPort3.xml
----------------- Instantiating /home/travis/build/icyphy/ptII/ptolemy/actor/lib/test/auto/PublisherPort3.xml
2 ms. Memory: 1360896K Free: 79773K (6%)
----------------- Invoking toplevel() on ptolemy.moml.MoMLSimpleApplication@5a5d12eb
----------------- Done invoking toplevel() on ptolemy.moml.MoMLSimpleApplication@5a5d12eb
reloadAllAccessors: .PublisherPort3

===========================================================================================
----------------- testing Sun Nov 18 02:46:26 UTC 2018 /home/travis/build/icyphy/ptII/ptolemy/actor/lib/test/auto/PublisherPort4.xml
----------------- Instantiating /home/travis/build/icyphy/ptII/ptolemy/actor/lib/test/auto/PublisherPort4.xml
2 ms. Memory: 1527808K Free: 1478659K (97%)
----------------- Invoking toplevel() on ptolemy.moml.MoMLSimpleApplication@41212122
----------------- Done invoking toplevel() on ptolemy.moml.MoMLSimpleApplication@41212122
reloadAllAccessors: .PublisherPort4

===========================================================================================
----------------- testing Sun Nov 18 02:46:27 UTC 2018 /home/travis/build/icyphy/ptII/ptolemy/actor/lib/test/auto/PublisherPort5.xml
----------------- Instantiating /home/travis/build/icyphy/ptII/ptolemy/actor/lib/test/auto/PublisherPort5.xml
3 ms. Memory: 1527808K Free: 1457539K (95%)
----------------- Invoking toplevel() on ptolemy.moml.MoMLSimpleApplication@1086fb02
----------------- Done invoking toplevel() on ptolemy.moml.MoMLSimpleApplication@1086fb02
reloadAllAccessors: .PublisherPort5

===========================================================================================
----------------- testing Sun Nov 18 02:46:27 UTC 2018 /home/travis/build/icyphy/ptII/ptolemy/actor/lib/test/auto/PublisherPort5LookAlike.xml
----------------- Instantiating /home/travis/build/icyphy/ptII/ptolemy/actor/lib/test/auto/PublisherPort5LookAlike.xml
6 ms. Memory: 1527808K Free: 1443140K (94%)
----------------- Invoking toplevel() on ptolemy.moml.MoMLSimpleApplication@6d02a8c6
----------------- Done invoking toplevel() on ptolemy.moml.MoMLSimpleApplication@6d02a8c6
reloadAllAccessors: .PublisherPort5LookAlike

===========================================================================================
----------------- testing Sun Nov 18 02:46:27 UTC 2018 /home/travis/build/icyphy/ptII/ptolemy/actor/lib/test/auto/PublisherPort6.xml
----------------- Instantiating /home/travis/build/icyphy/ptII/ptolemy/actor/lib/test/auto/PublisherPort6.xml
2 ms. Memory: 1527808K Free: 1422020K (93%)
----------------- Invoking toplevel() on ptolemy.moml.MoMLSimpleApplication@2c911ede
----------------- Done invoking toplevel() on ptolemy.moml.MoMLSimpleApplication@2c911ede
reloadAllAccessors: .PublisherPort6

===========================================================================================
----------------- testing Sun Nov 18 02:46:27 UTC 2018 /home/travis/build/icyphy/ptII/ptolemy/actor/lib/test/auto/PublisherPort7.xml
----------------- Instantiating /home/travis/build/icyphy/ptII/ptolemy/actor/lib/test/auto/PublisherPort7.xml
3 ms. Memory: 1527808K Free: 1407745K (92%)
----------------- Invoking toplevel() on ptolemy.moml.MoMLSimpleApplication@649b4459
----------------- Done invoking toplevel() on ptolemy.moml.MoMLSimpleApplication@649b4459
reloadAllAccessors: .PublisherPort7

===========================================================================================
----------------- testing Sun Nov 18 02:46:27 UTC 2018 /home/travis/build/icyphy/ptII/ptolemy/actor/lib/test/auto/PublisherPort8.xml
----------------- Instantiating /home/travis/build/icyphy/ptII/ptolemy/actor/lib/test/auto/PublisherPort8.xml
3 ms. Memory: 1527808K Free: 1393471K (91%)
----------------- Invoking toplevel() on ptolemy.moml.MoMLSimpleApplication@34f9d5d7
----------------- Done invoking toplevel() on ptolemy.moml.MoMLSimpleApplication@34f9d5d7
reloadAllAccessors: .PublisherPort8

===========================================================================================
----------------- testing Sun Nov 18 02:46:27 UTC 2018 /home/travis/build/icyphy/ptII/ptolemy/actor/lib/test/auto/PublisherPortSubscriberChannelVariablesAOC2.xml
----------------- Instantiating /home/travis/build/icyphy/ptII/ptolemy/actor/lib/test/auto/PublisherPortSubscriberChannelVariablesAOC2.xml
2 ms. Memory: 1527808K Free: 1358075K (89%)
----------------- Invoking toplevel() on ptolemy.moml.MoMLSimpleApplication@69a4ac51
----------------- Done invoking toplevel() on ptolemy.moml.MoMLSimpleApplication@69a4ac51
reloadAllAccessors: .PublisherPortSubscriberChannelVariablesAOC2

===========================================================================================
----------------- testing Sun Nov 18 02:46:27 UTC 2018 /home/travis/build/icyphy/ptII/ptolemy/actor/lib/test/auto/PublisherPortSubscriberOpaqueWidthInference.xml
----------------- Instantiating /home/travis/build/icyphy/ptII/ptolemy/actor/lib/test/auto/PublisherPortSubscriberOpaqueWidthInference.xml
4 ms. Memory: 1527808K Free: 1343801K (88%)
----------------- Invoking toplevel() on ptolemy.moml.MoMLSimpleApplication@b2035e2
----------------- Done invoking toplevel() on ptolemy.moml.MoMLSimpleApplication@b2035e2
reloadAllAccessors: .PublisherPortSubscriberOpaqueWidthInference

===========================================================================================
----------------- testing Sun Nov 18 02:46:27 UTC 2018 /home/travis/build/icyphy/ptII/ptolemy/actor/lib/test/auto/PublisherPortSubscriberPortAdjacent.xml
----------------- Instantiating /home/travis/build/icyphy/ptII/ptolemy/actor/lib/test/auto/PublisherPortSubscriberPortAdjacent.xml
3 ms. Memory: 1527808K Free: 1329526K (87%)
----------------- Invoking toplevel() on ptolemy.moml.MoMLSimpleApplication@25c74bd2
----------------- Done invoking toplevel() on ptolemy.moml.MoMLSimpleApplication@25c74bd2
reloadAllAccessors: .PublisherPortSubscriberPortAdjacent

===========================================================================================
----------------- testing Sun Nov 18 02:46:27 UTC 2018 /home/travis/build/icyphy/ptII/ptolemy/actor/lib/test/auto/PublisherPortSubscriberPortExpression.xml
----------------- Instantiating /home/travis/build/icyphy/ptII/ptolemy/actor/lib/test/auto/PublisherPortSubscriberPortExpression.xml
3 ms. Memory: 1527808K Free: 1308406K (86%)
----------------- Invoking toplevel() on ptolemy.moml.MoMLSimpleApplication@2a38b3c9
----------------- Done invoking toplevel() on ptolemy.moml.MoMLSimpleApplication@2a38b3c9
reloadAllAccessors: .PublisherPortSubscriberPortExpression

===========================================================================================
----------------- testing Sun Nov 18 02:46:27 UTC 2018 /home/travis/build/icyphy/ptII/ptolemy/actor/lib/test/auto/PublisherPortSubscriberPortOpaqueD3Reverse.xml
----------------- Instantiating /home/travis/build/icyphy/ptII/ptolemy/actor/lib/test/auto/PublisherPortSubscriberPortOpaqueD3Reverse.xml
5 ms. Memory: 1527808K Free: 1294131K (85%)
----------------- Invoking toplevel() on ptolemy.moml.MoMLSimpleApplication@3a567402
----------------- Done invoking toplevel() on ptolemy.moml.MoMLSimpleApplication@3a567402
reloadAllAccessors: .PublisherPortSubscriberPortOpaqueD3Reverse

===========================================================================================
----------------- testing Sun Nov 18 02:46:27 UTC 2018 /home/travis/build/icyphy/ptII/ptolemy/actor/lib/test/auto/PublisherPortSubscriberPortOpaqueWidthInference.xml
----------------- Instantiating /home/travis/build/icyphy/ptII/ptolemy/actor/lib/test/auto/PublisherPortSubscriberPortOpaqueWidthInference.xml
2 ms. Memory: 1527808K Free: 1279857K (84%)
----------------- Invoking toplevel() on ptolemy.moml.MoMLSimpleApplication@5bb92314
----------------- Done invoking toplevel() on ptolemy.moml.MoMLSimpleApplication@5bb92314
reloadAllAccessors: .PublisherPortSubscriberPortOpaqueWidthInference

===========================================================================================
----------------- testing Sun Nov 18 02:46:27 UTC 2018 /home/travis/build/icyphy/ptII/ptolemy/actor/lib/test/auto/PublisherPortToplevelSubscriberPortAOC.xml
----------------- Instantiating /home/travis/build/icyphy/ptII/ptolemy/actor/lib/test/auto/PublisherPortToplevelSubscriberPortAOC.xml
.PublisherPortToplevelSubscriberPortAOC.TestExceptionAttribute: initialize() was not invoked, but wrapup() was.  This is unusual, but not always a problem.  For example, exporting JNLP will do this.
0 ms. Memory: 1527808K Free: 1258737K (82%)
----------------- Invoking toplevel() on ptolemy.moml.MoMLSimpleApplication@240d4806
----------------- Done invoking toplevel() on ptolemy.moml.MoMLSimpleApplication@240d4806
reloadAllAccessors: .PublisherPortToplevelSubscriberPortAOC

===========================================================================================
----------------- testing Sun Nov 18 02:46:27 UTC 2018 /home/travis/build/icyphy/ptII/ptolemy/actor/lib/test/auto/PublisherSubscriber.xml
----------------- Instantiating /home/travis/build/icyphy/ptII/ptolemy/actor/lib/test/auto/PublisherSubscriber.xml
2 ms. Memory: 1527808K Free: 1244462K (81%)
----------------- Invoking toplevel() on ptolemy.moml.MoMLSimpleApplication@4fd7b621
----------------- Done invoking toplevel() on ptolemy.moml.MoMLSimpleApplication@4fd7b621
reloadAllAccessors: .PublisherSubscriber

===========================================================================================
----------------- testing Sun Nov 18 02:46:27 UTC 2018 /home/travis/build/icyphy/ptII/ptolemy/actor/lib/test/auto/PublisherSubscriber10.xml
----------------- Instantiating /home/travis/build/icyphy/ptII/ptolemy/actor/lib/test/auto/PublisherSubscriber10.xml
5 ms. Memory: 1527808K Free: 1230188K (81%)
----------------- Invoking toplevel() on ptolemy.moml.MoMLSimpleApplication@7f4ee662
----------------- Done invoking toplevel() on ptolemy.moml.MoMLSimpleApplication@7f4ee662
reloadAllAccessors: .PublisherSubscriber10

===========================================================================================
----------------- testing Sun Nov 18 02:46:27 UTC 2018 /home/travis/build/icyphy/ptII/ptolemy/actor/lib/test/auto/PublisherSubscriber10InitialOutputs.xml
----------------- Instantiating /home/travis/build/icyphy/ptII/ptolemy/actor/lib/test/auto/PublisherSubscriber10InitialOutputs.xml
10 ms. Memory: 1527808K Free: 1209068K (79%)
----------------- Invoking toplevel() on ptolemy.moml.MoMLSimpleApplication@304e686f
----------------- Done invoking toplevel() on ptolemy.moml.MoMLSimpleApplication@304e686f
reloadAllAccessors: .PublisherSubscriber10InitialOutputs

===========================================================================================
----------------- testing Sun Nov 18 02:46:27 UTC 2018 /home/travis/build/icyphy/ptII/ptolemy/actor/lib/test/auto/PublisherSubscriber11.xml
----------------- Instantiating /home/travis/build/icyphy/ptII/ptolemy/actor/lib/test/auto/PublisherSubscriber11.xml
2 ms. Memory: 1527808K Free: 1194793K (78%)
----------------- Invoking toplevel() on ptolemy.moml.MoMLSimpleApplication@7f90393
----------------- Done invoking toplevel() on ptolemy.moml.MoMLSimpleApplication@7f90393
reloadAllAccessors: .PublisherSubscriber11

===========================================================================================
----------------- testing Sun Nov 18 02:46:27 UTC 2018 /home/travis/build/icyphy/ptII/ptolemy/actor/lib/test/auto/PublisherSubscriber12.xml
----------------- Instantiating /home/travis/build/icyphy/ptII/ptolemy/actor/lib/test/auto/PublisherSubscriber12.xml
2 ms. Memory: 1527808K Free: 1180519K (77%)
----------------- Invoking toplevel() on ptolemy.moml.MoMLSimpleApplication@4ea8a137
----------------- Done invoking toplevel() on ptolemy.moml.MoMLSimpleApplication@4ea8a137
reloadAllAccessors: .PublisherSubscriber12

===========================================================================================
----------------- testing Sun Nov 18 02:46:27 UTC 2018 /home/travis/build/icyphy/ptII/ptolemy/actor/lib/test/auto/PublisherSubscriber13.xml
----------------- Instantiating /home/travis/build/icyphy/ptII/ptolemy/actor/lib/test/auto/PublisherSubscriber13.xml
2 ms. Memory: 1527808K Free: 1159399K (76%)
----------------- Invoking toplevel() on ptolemy.moml.MoMLSimpleApplication@15f4498d
----------------- Done invoking toplevel() on ptolemy.moml.MoMLSimpleApplication@15f4498d
reloadAllAccessors: .PublisherSubscriber13

===========================================================================================
----------------- testing Sun Nov 18 02:46:27 UTC 2018 /home/travis/build/icyphy/ptII/ptolemy/actor/lib/test/auto/PublisherSubscriber14.xml
----------------- Instantiating /home/travis/build/icyphy/ptII/ptolemy/actor/lib/test/auto/PublisherSubscriber14.xml
2 ms. Memory: 1527808K Free: 1145124K (75%)
----------------- Invoking toplevel() on ptolemy.moml.MoMLSimpleApplication@366c2f4b
----------------- Done invoking toplevel() on ptolemy.moml.MoMLSimpleApplication@366c2f4b
reloadAllAccessors: .PublisherSubscriber14

===========================================================================================
----------------- testing Sun Nov 18 02:46:27 UTC 2018 /home/travis/build/icyphy/ptII/ptolemy/actor/lib/test/auto/PublisherSubscriber2.xml
----------------- Instantiating /home/travis/build/icyphy/ptII/ptolemy/actor/lib/test/auto/PublisherSubscriber2.xml
2 ms. Memory: 1527808K Free: 1124004K (74%)
----------------- Invoking toplevel() on ptolemy.moml.MoMLSimpleApplication@39013fb9
----------------- Done invoking toplevel() on ptolemy.moml.MoMLSimpleApplication@39013fb9
reloadAllAccessors: .PublisherSubscriber2

===========================================================================================
----------------- testing Sun Nov 18 02:46:27 UTC 2018 /home/travis/build/icyphy/ptII/ptolemy/actor/lib/test/auto/PublisherSubscriber3.xml
----------------- Instantiating /home/travis/build/icyphy/ptII/ptolemy/actor/lib/test/auto/PublisherSubscriber3.xml
2 ms. Memory: 1527808K Free: 1109729K (73%)
----------------- Invoking toplevel() on ptolemy.moml.MoMLSimpleApplication@ea3e42a
----------------- Done invoking toplevel() on ptolemy.moml.MoMLSimpleApplication@ea3e42a
reloadAllAccessors: .PublisherSubscriber3

===========================================================================================
----------------- testing Sun Nov 18 02:46:27 UTC 2018 /home/travis/build/icyphy/ptII/ptolemy/actor/lib/test/auto/PublisherSubscriber4.xml
----------------- Instantiating /home/travis/build/icyphy/ptII/ptolemy/actor/lib/test/auto/PublisherSubscriber4.xml
1 ms. Memory: 1527808K Free: 1095455K (72%)
----------------- Invoking toplevel() on ptolemy.moml.MoMLSimpleApplication@27bdfec8
----------------- Done invoking toplevel() on ptolemy.moml.MoMLSimpleApplication@27bdfec8
reloadAllAccessors: .PublisherSubscriber4

===========================================================================================
----------------- testing Sun Nov 18 02:46:27 UTC 2018 /home/travis/build/icyphy/ptII/ptolemy/actor/lib/test/auto/PublisherSubscriber5.xml
----------------- Instantiating /home/travis/build/icyphy/ptII/ptolemy/actor/lib/test/auto/PublisherSubscriber5.xml
2 ms. Memory: 1527808K Free: 1074335K (70%)
----------------- Invoking toplevel() on ptolemy.moml.MoMLSimpleApplication@5021c763
----------------- Done invoking toplevel() on ptolemy.moml.MoMLSimpleApplication@5021c763
reloadAllAccessors: .PublisherSubscriber5

===========================================================================================
----------------- testing Sun Nov 18 02:46:27 UTC 2018 /home/travis/build/icyphy/ptII/ptolemy/actor/lib/test/auto/PublisherSubscriber6.xml
----------------- Instantiating /home/travis/build/icyphy/ptII/ptolemy/actor/lib/test/auto/PublisherSubscriber6.xml
2 ms. Memory: 1527808K Free: 1060060K (69%)
----------------- Invoking toplevel() on ptolemy.moml.MoMLSimpleApplication@10d6cbd
----------------- Done invoking toplevel() on ptolemy.moml.MoMLSimpleApplication@10d6cbd
reloadAllAccessors: .PublisherSubscriber6

===========================================================================================
----------------- testing Sun Nov 18 02:46:27 UTC 2018 /home/travis/build/icyphy/ptII/ptolemy/actor/lib/test/auto/PublisherSubscriber7.xml
----------------- Instantiating /home/travis/build/icyphy/ptII/ptolemy/actor/lib/test/auto/PublisherSubscriber7.xml
2 ms. Memory: 1527808K Free: 1045786K (68%)
----------------- Invoking toplevel() on ptolemy.moml.MoMLSimpleApplication@5a880bdd
----------------- Done invoking toplevel() on ptolemy.moml.MoMLSimpleApplication@5a880bdd
reloadAllAccessors: .PublisherSubscriber7

===========================================================================================
----------------- testing Sun Nov 18 02:46:27 UTC 2018 /home/travis/build/icyphy/ptII/ptolemy/actor/lib/test/auto/PublisherSubscriber8.xml
----------------- Instantiating /home/travis/build/icyphy/ptII/ptolemy/actor/lib/test/auto/PublisherSubscriber8.xml
11 ms. Memory: 1527808K Free: 953292K (62%)
----------------- Invoking toplevel() on ptolemy.moml.MoMLSimpleApplication@2524c024
----------------- Done invoking toplevel() on ptolemy.moml.MoMLSimpleApplication@2524c024
reloadAllAccessors: .PublisherSubscriber8

===========================================================================================
----------------- testing Sun Nov 18 02:46:27 UTC 2018 /home/travis/build/icyphy/ptII/ptolemy/actor/lib/test/auto/PublisherSubscriber9.xml
----------------- Instantiating /home/travis/build/icyphy/ptII/ptolemy/actor/lib/test/auto/PublisherSubscriber9.xml
3 ms. Memory: 1527808K Free: 939018K (61%)
----------------- Invoking toplevel() on ptolemy.moml.MoMLSimpleApplication@421afc4e
----------------- Done invoking toplevel() on ptolemy.moml.MoMLSimpleApplication@421afc4e
reloadAllAccessors: .PublisherSubscriber9

===========================================================================================
----------------- testing Sun Nov 18 02:46:27 UTC 2018 /home/travis/build/icyphy/ptII/ptolemy/actor/lib/test/auto/PublisherSubscriberAdjacent.xml
----------------- Instantiating /home/travis/build/icyphy/ptII/ptolemy/actor/lib/test/auto/PublisherSubscriberAdjacent.xml
1 ms. Memory: 1527808K Free: 924743K (61%)
----------------- Invoking toplevel() on ptolemy.moml.MoMLSimpleApplication@5938665b
----------------- Done invoking toplevel() on ptolemy.moml.MoMLSimpleApplication@5938665b
reloadAllAccessors: .PublisherSubscriberAdjacent

===========================================================================================
----------------- testing Sun Nov 18 02:46:27 UTC 2018 /home/travis/build/icyphy/ptII/ptolemy/actor/lib/test/auto/PublisherSubscriberChannelVariablesAOC2.xml
----------------- Instantiating /home/travis/build/icyphy/ptII/ptolemy/actor/lib/test/auto/PublisherSubscriberChannelVariablesAOC2.xml
2 ms. Memory: 1527808K Free: 896470K (59%)
----------------- Invoking toplevel() on ptolemy.moml.MoMLSimpleApplication@22fe88f2
----------------- Done invoking toplevel() on ptolemy.moml.MoMLSimpleApplication@22fe88f2
reloadAllAccessors: .PublisherSubscriberChannelVariablesAOC2

===========================================================================================
----------------- testing Sun Nov 18 02:46:27 UTC 2018 /home/travis/build/icyphy/ptII/ptolemy/actor/lib/test/auto/PublisherSubscriberD3.xml
----------------- Instantiating /home/travis/build/icyphy/ptII/ptolemy/actor/lib/test/auto/PublisherSubscriberD3.xml
1 ms. Memory: 1527808K Free: 882195K (58%)
----------------- Invoking toplevel() on ptolemy.moml.MoMLSimpleApplication@5ea0a53
----------------- Done invoking toplevel() on ptolemy.moml.MoMLSimpleApplication@5ea0a53
reloadAllAccessors: .PublisherSubscriberD3

===========================================================================================
----------------- testing Sun Nov 18 02:46:27 UTC 2018 /home/travis/build/icyphy/ptII/ptolemy/actor/lib/test/auto/PublisherSubscriberD3Reverse.xml
----------------- Instantiating /home/travis/build/icyphy/ptII/ptolemy/actor/lib/test/auto/PublisherSubscriberD3Reverse.xml
1 ms. Memory: 1527808K Free: 867921K (57%)
----------------- Invoking toplevel() on ptolemy.moml.MoMLSimpleApplication@3136c03b
----------------- Done invoking toplevel() on ptolemy.moml.MoMLSimpleApplication@3136c03b
reloadAllAccessors: .PublisherSubscriberD3Reverse

===========================================================================================
----------------- testing Sun Nov 18 02:46:27 UTC 2018 /home/travis/build/icyphy/ptII/ptolemy/actor/lib/test/auto/PublisherSubscriberExpression.xml
----------------- Instantiating /home/travis/build/icyphy/ptII/ptolemy/actor/lib/test/auto/PublisherSubscriberExpression.xml
3 ms. Memory: 1527808K Free: 846801K (55%)
----------------- Invoking toplevel() on ptolemy.moml.MoMLSimpleApplication@52c7b8f1
----------------- Done invoking toplevel() on ptolemy.moml.MoMLSimpleApplication@52c7b8f1
reloadAllAccessors: .PublisherSubscriberExpression

===========================================================================================
----------------- testing Sun Nov 18 02:46:27 UTC 2018 /home/travis/build/icyphy/ptII/ptolemy/actor/lib/test/auto/PublisherSubscriberOpaque.xml
----------------- Instantiating /home/travis/build/icyphy/ptII/ptolemy/actor/lib/test/auto/PublisherSubscriberOpaque.xml
3 ms. Memory: 1527808K Free: 832526K (54%)
----------------- Invoking toplevel() on ptolemy.moml.MoMLSimpleApplication@3f9c5561
----------------- Done invoking toplevel() on ptolemy.moml.MoMLSimpleApplication@3f9c5561
reloadAllAccessors: .PublisherSubscriberOpaque

===========================================================================================
----------------- testing Sun Nov 18 02:46:27 UTC 2018 /home/travis/build/icyphy/ptII/ptolemy/actor/lib/test/auto/PublisherSubscriberOpaqueD3.xml
----------------- Instantiating /home/travis/build/icyphy/ptII/ptolemy/actor/lib/test/auto/PublisherSubscriberOpaqueD3.xml
5 ms. Memory: 1527808K Free: 804268K (53%)
----------------- Invoking toplevel() on ptolemy.moml.MoMLSimpleApplication@181db3e4
----------------- Done invoking toplevel() on ptolemy.moml.MoMLSimpleApplication@181db3e4
reloadAllAccessors: .PublisherSubscriberOpaqueD3

===========================================================================================
----------------- testing Sun Nov 18 02:46:27 UTC 2018 /home/travis/build/icyphy/ptII/ptolemy/actor/lib/test/auto/PublisherSubscriberOpaqueD3Reverse.xml
----------------- Instantiating /home/travis/build/icyphy/ptII/ptolemy/actor/lib/test/auto/PublisherSubscriberOpaqueD3Reverse.xml
6 ms. Memory: 1527808K Free: 789994K (52%)
----------------- Invoking toplevel() on ptolemy.moml.MoMLSimpleApplication@5ad0e654
----------------- Done invoking toplevel() on ptolemy.moml.MoMLSimpleApplication@5ad0e654
reloadAllAccessors: .PublisherSubscriberOpaqueD3Reverse

===========================================================================================
----------------- testing Sun Nov 18 02:46:27 UTC 2018 /home/travis/build/icyphy/ptII/ptolemy/actor/lib/test/auto/PublisherSubscriberOpaqueWidthInference.xml
----------------- Instantiating /home/travis/build/icyphy/ptII/ptolemy/actor/lib/test/auto/PublisherSubscriberOpaqueWidthInference.xml
4 ms. Memory: 1527808K Free: 775719K (51%)
----------------- Invoking toplevel() on ptolemy.moml.MoMLSimpleApplication@4970852e
----------------- Done invoking toplevel() on ptolemy.moml.MoMLSimpleApplication@4970852e
reloadAllAccessors: .PublisherSubscriberOpaqueWidthInference

===========================================================================================
----------------- testing Sun Nov 18 02:46:27 UTC 2018 /home/travis/build/icyphy/ptII/ptolemy/actor/lib/test/auto/PublisherTestSubscriber.xml
----------------- Instantiating /home/travis/build/icyphy/ptII/ptolemy/actor/lib/test/auto/PublisherTestSubscriber.xml
3 ms. Memory: 1527808K Free: 754599K (49%)
----------------- Invoking toplevel() on ptolemy.moml.MoMLSimpleApplication@4557f8ad
----------------- Done invoking toplevel() on ptolemy.moml.MoMLSimpleApplication@4557f8ad
reloadAllAccessors: .PublisherTestSubscriber

===========================================================================================
----------------- testing Sun Nov 18 02:46:27 UTC 2018 /home/travis/build/icyphy/ptII/ptolemy/actor/lib/test/auto/PublisherToplevelSubscriberPortAOC.xml
----------------- Instantiating /home/travis/build/icyphy/ptII/ptolemy/actor/lib/test/auto/PublisherToplevelSubscriberPortAOC.xml
2 ms. Memory: 1527808K Free: 740324K (48%)
----------------- Invoking toplevel() on ptolemy.moml.MoMLSimpleApplication@22bf4bbf
----------------- Done invoking toplevel() on ptolemy.moml.MoMLSimpleApplication@22bf4bbf
reloadAllAccessors: .PublisherToplevelSubscriberPortAOC

===========================================================================================
----------------- testing Sun Nov 18 02:46:27 UTC 2018 /home/travis/build/icyphy/ptII/ptolemy/actor/lib/test/auto/PulseFiringLimitDE.xml
----------------- Instantiating /home/travis/build/icyphy/ptII/ptolemy/actor/lib/test/auto/PulseFiringLimitDE.xml
2 ms. Memory: 1527808K Free: 726050K (48%)
----------------- Invoking toplevel() on ptolemy.moml.MoMLSimpleApplication@7e78df0
----------------- Done invoking toplevel() on ptolemy.moml.MoMLSimpleApplication@7e78df0
reloadAllAccessors: .PulseFiringLimitDE

===========================================================================================
----------------- testing Sun Nov 18 02:46:27 UTC 2018 /home/travis/build/icyphy/ptII/ptolemy/actor/lib/test/auto/Ramp1.xml
----------------- Instantiating /home/travis/build/icyphy/ptII/ptolemy/actor/lib/test/auto/Ramp1.xml
1 ms. Memory: 1527808K Free: 704930K (46%)
----------------- Invoking toplevel() on ptolemy.moml.MoMLSimpleApplication@1727d781
----------------- Done invoking toplevel() on ptolemy.moml.MoMLSimpleApplication@1727d781
reloadAllAccessors: .Ramp1

===========================================================================================
----------------- testing Sun Nov 18 02:46:27 UTC 2018 /home/travis/build/icyphy/ptII/ptolemy/actor/lib/test/auto/RampFiringLimitDE.xml
----------------- Instantiating /home/travis/build/icyphy/ptII/ptolemy/actor/lib/test/auto/RampFiringLimitDE.xml
5 ms. Memory: 1527808K Free: 690655K (45%)
----------------- Invoking toplevel() on ptolemy.moml.MoMLSimpleApplication@6ca5869c
----------------- Done invoking toplevel() on ptolemy.moml.MoMLSimpleApplication@6ca5869c
reloadAllAccessors: .RampFiringLimitDE

===========================================================================================
----------------- testing Sun Nov 18 02:46:27 UTC 2018 /home/travis/build/icyphy/ptII/ptolemy/actor/lib/test/auto/RampFiringLimitSDF.xml
----------------- Instantiating /home/travis/build/icyphy/ptII/ptolemy/actor/lib/test/auto/RampFiringLimitSDF.xml
3 ms. Memory: 1527808K Free: 676381K (44%)
----------------- Invoking toplevel() on ptolemy.moml.MoMLSimpleApplication@4b710be4
----------------- Done invoking toplevel() on ptolemy.moml.MoMLSimpleApplication@4b710be4
reloadAllAccessors: .RampFiringLimitSDF

===========================================================================================
----------------- testing Sun Nov 18 02:46:27 UTC 2018 /home/travis/build/icyphy/ptII/ptolemy/actor/lib/test/auto/RandomInteger.xml
----------------- Instantiating /home/travis/build/icyphy/ptII/ptolemy/actor/lib/test/auto/RandomInteger.xml
2 ms. Memory: 1527808K Free: 655261K (43%)
----------------- Invoking toplevel() on ptolemy.moml.MoMLSimpleApplication@25a2a588
----------------- Done invoking toplevel() on ptolemy.moml.MoMLSimpleApplication@25a2a588
reloadAllAccessors: .RandomInteger

===========================================================================================
----------------- testing Sun Nov 18 02:46:27 UTC 2018 /home/travis/build/icyphy/ptII/ptolemy/actor/lib/test/auto/ReadFile1.xml
----------------- Instantiating /home/travis/build/icyphy/ptII/ptolemy/actor/lib/test/auto/ReadFile1.xml
2 ms. Memory: 1527808K Free: 640986K (42%)
----------------- Invoking toplevel() on ptolemy.moml.MoMLSimpleApplication@964cea1
----------------- Done invoking toplevel() on ptolemy.moml.MoMLSimpleApplication@964cea1
reloadAllAccessors: .ReadFile1

===========================================================================================
----------------- testing Sun Nov 18 02:46:27 UTC 2018 /home/travis/build/icyphy/ptII/ptolemy/actor/lib/test/auto/ReadFile2.xml
----------------- Instantiating /home/travis/build/icyphy/ptII/ptolemy/actor/lib/test/auto/ReadFile2.xml
1 ms. Memory: 1527808K Free: 626711K (41%)
----------------- Invoking toplevel() on ptolemy.moml.MoMLSimpleApplication@5e784d41
----------------- Done invoking toplevel() on ptolemy.moml.MoMLSimpleApplication@5e784d41
reloadAllAccessors: .ReadFile2

===========================================================================================
----------------- testing Sun Nov 18 02:46:27 UTC 2018 /home/travis/build/icyphy/ptII/ptolemy/actor/lib/test/auto/Reader.xml
----------------- Instantiating /home/travis/build/icyphy/ptII/ptolemy/actor/lib/test/auto/Reader.xml
actor.lib.Reader is obsolete, use actor.lib.io.ExpressionReader instead
2 ms. Memory: 1527808K Free: 605591K (40%)
----------------- Invoking toplevel() on ptolemy.moml.MoMLSimpleApplication@61ed4048
----------------- Done invoking toplevel() on ptolemy.moml.MoMLSimpleApplication@61ed4048
reloadAllAccessors: .Reader

===========================================================================================
----------------- testing Sun Nov 18 02:46:27 UTC 2018 /home/travis/build/icyphy/ptII/ptolemy/actor/lib/test/auto/RecordAssemblerDisplayNameTest.xml
----------------- Instantiating /home/travis/build/icyphy/ptII/ptolemy/actor/lib/test/auto/RecordAssemblerDisplayNameTest.xml
2857 ms. Memory: 1558528K Free: 806662K (52%)
----------------- Invoking toplevel() on ptolemy.moml.MoMLSimpleApplication@2f2dd8a1
----------------- Done invoking toplevel() on ptolemy.moml.MoMLSimpleApplication@2f2dd8a1
reloadAllAccessors: .RecordAssemblerDisplayNameTest

===========================================================================================
----------------- testing Sun Nov 18 02:46:30 UTC 2018 /home/travis/build/icyphy/ptII/ptolemy/actor/lib/test/auto/RecordAssemblerTypeError.xml
----------------- Instantiating /home/travis/build/icyphy/ptII/ptolemy/actor/lib/test/auto/RecordAssemblerTypeError.xml
3 ms. Memory: 1558528K Free: 776071K (50%)
----------------- Invoking toplevel() on ptolemy.moml.MoMLSimpleApplication@665d9888
----------------- Done invoking toplevel() on ptolemy.moml.MoMLSimpleApplication@665d9888
reloadAllAccessors: .RecordAssemblerTypeError

===========================================================================================
----------------- testing Sun Nov 18 02:46:30 UTC 2018 /home/travis/build/icyphy/ptII/ptolemy/actor/lib/test/auto/RecordDisassember.xml
----------------- Instantiating /home/travis/build/icyphy/ptII/ptolemy/actor/lib/test/auto/RecordDisassember.xml
3 ms. Memory: 1558528K Free: 761658K (49%)
----------------- Invoking toplevel() on ptolemy.moml.MoMLSimpleApplication@acae48e
----------------- Done invoking toplevel() on ptolemy.moml.MoMLSimpleApplication@acae48e
reloadAllAccessors: .RecordDisassember

===========================================================================================
----------------- testing Sun Nov 18 02:46:30 UTC 2018 /home/travis/build/icyphy/ptII/ptolemy/actor/lib/test/auto/RecordDisassemberDisplayNameTest.xml
----------------- Instantiating /home/travis/build/icyphy/ptII/ptolemy/actor/lib/test/auto/RecordDisassemberDisplayNameTest.xml
4 ms. Memory: 1558528K Free: 741959K (48%)
----------------- Invoking toplevel() on ptolemy.moml.MoMLSimpleApplication@7f3ad690
----------------- Done invoking toplevel() on ptolemy.moml.MoMLSimpleApplication@7f3ad690
reloadAllAccessors: .RecordDisassemberDisplayNameTest

===========================================================================================
----------------- testing Sun Nov 18 02:46:30 UTC 2018 /home/travis/build/icyphy/ptII/ptolemy/actor/lib/test/auto/RecordDisassembler.xml
----------------- Instantiating /home/travis/build/icyphy/ptII/ptolemy/actor/lib/test/auto/RecordDisassembler.xml
2 ms. Memory: 1558528K Free: 727547K (47%)
----------------- Invoking toplevel() on ptolemy.moml.MoMLSimpleApplication@4557ad44
----------------- Done invoking toplevel() on ptolemy.moml.MoMLSimpleApplication@4557ad44
reloadAllAccessors: .RecordDisassembler

===========================================================================================
----------------- testing Sun Nov 18 02:46:30 UTC 2018 /home/travis/build/icyphy/ptII/ptolemy/actor/lib/test/auto/RecordDisassembler2.xml
----------------- Instantiating /home/travis/build/icyphy/ptII/ptolemy/actor/lib/test/auto/RecordDisassembler2.xml
2 ms. Memory: 1558528K Free: 707847K (45%)
----------------- Invoking toplevel() on ptolemy.moml.MoMLSimpleApplication@3242bb8b
----------------- Done invoking toplevel() on ptolemy.moml.MoMLSimpleApplication@3242bb8b
reloadAllAccessors: .RecordDisassembler2

===========================================================================================
----------------- testing Sun Nov 18 02:46:30 UTC 2018 /home/travis/build/icyphy/ptII/ptolemy/actor/lib/test/auto/RecordUpdater.xml
----------------- Instantiating /home/travis/build/icyphy/ptII/ptolemy/actor/lib/test/auto/RecordUpdater.xml
1 ms. Memory: 1558528K Free: 693435K (44%)
----------------- Invoking toplevel() on ptolemy.moml.MoMLSimpleApplication@1fbb91
----------------- Done invoking toplevel() on ptolemy.moml.MoMLSimpleApplication@1fbb91
reloadAllAccessors: .RecordUpdater

===========================================================================================
----------------- testing Sun Nov 18 02:46:30 UTC 2018 /home/travis/build/icyphy/ptII/ptolemy/actor/lib/test/auto/RecordUpdater2.xml
----------------- Instantiating /home/travis/build/icyphy/ptII/ptolemy/actor/lib/test/auto/RecordUpdater2.xml
1 ms. Memory: 1558528K Free: 673735K (43%)
----------------- Invoking toplevel() on ptolemy.moml.MoMLSimpleApplication@13e0096b
----------------- Done invoking toplevel() on ptolemy.moml.MoMLSimpleApplication@13e0096b
reloadAllAccessors: .RecordUpdater2

===========================================================================================
----------------- testing Sun Nov 18 02:46:30 UTC 2018 /home/travis/build/icyphy/ptII/ptolemy/actor/lib/test/auto/RecursiveLattice.xml
----------------- Instantiating /home/travis/build/icyphy/ptII/ptolemy/actor/lib/test/auto/RecursiveLattice.xml
1 ms. Memory: 1558528K Free: 659323K (42%)
----------------- Invoking toplevel() on ptolemy.moml.MoMLSimpleApplication@51d6fa67
----------------- Done invoking toplevel() on ptolemy.moml.MoMLSimpleApplication@51d6fa67
reloadAllAccessors: .RecursiveLattice

===========================================================================================
----------------- testing Sun Nov 18 02:46:30 UTC 2018 /home/travis/build/icyphy/ptII/ptolemy/actor/lib/test/auto/Router.xml
----------------- Instantiating /home/travis/build/icyphy/ptII/ptolemy/actor/lib/test/auto/Router.xml
3004 ms. Memory: 1558528K Free: 639624K (41%)
----------------- Invoking toplevel() on ptolemy.moml.MoMLSimpleApplication@40d29f04
----------------- Done invoking toplevel() on ptolemy.moml.MoMLSimpleApplication@40d29f04
reloadAllAccessors: .Router

===========================================================================================
----------------- testing Sun Nov 18 02:46:33 UTC 2018 /home/travis/build/icyphy/ptII/ptolemy/actor/lib/test/auto/Router2.xml
----------------- Instantiating /home/travis/build/icyphy/ptII/ptolemy/actor/lib/test/auto/Router2.xml
3003 ms. Memory: 1558528K Free: 625211K (40%)
----------------- Invoking toplevel() on ptolemy.moml.MoMLSimpleApplication@31567e18
----------------- Done invoking toplevel() on ptolemy.moml.MoMLSimpleApplication@31567e18
reloadAllAccessors: .Router2

===========================================================================================
----------------- testing Sun Nov 18 02:46:37 UTC 2018 /home/travis/build/icyphy/ptII/ptolemy/actor/lib/test/auto/RunningMaximum.xml
----------------- Instantiating /home/travis/build/icyphy/ptII/ptolemy/actor/lib/test/auto/RunningMaximum.xml
1 ms. Memory: 1558528K Free: 605512K (39%)
----------------- Invoking toplevel() on ptolemy.moml.MoMLSimpleApplication@1fcf0559
----------------- Done invoking toplevel() on ptolemy.moml.MoMLSimpleApplication@1fcf0559
reloadAllAccessors: .RunningMaximum

===========================================================================================
----------------- testing Sun Nov 18 02:46:37 UTC 2018 /home/travis/build/icyphy/ptII/ptolemy/actor/lib/test/auto/RunningMinimum.xml
----------------- Instantiating /home/travis/build/icyphy/ptII/ptolemy/actor/lib/test/auto/RunningMinimum.xml
3 ms. Memory: 1558528K Free: 591099K (38%)
----------------- Invoking toplevel() on ptolemy.moml.MoMLSimpleApplication@75f7f2bb
----------------- Done invoking toplevel() on ptolemy.moml.MoMLSimpleApplication@75f7f2bb
reloadAllAccessors: .RunningMinimum

===========================================================================================
----------------- testing Sun Nov 18 02:46:37 UTC 2018 /home/travis/build/icyphy/ptII/ptolemy/actor/lib/test/auto/Scale.xml
----------------- Instantiating /home/travis/build/icyphy/ptII/ptolemy/actor/lib/test/auto/Scale.xml
1 ms. Memory: 1558528K Free: 571400K (37%)
----------------- Invoking toplevel() on ptolemy.moml.MoMLSimpleApplication@1cdc6d1f
----------------- Done invoking toplevel() on ptolemy.moml.MoMLSimpleApplication@1cdc6d1f
reloadAllAccessors: .Scale

===========================================================================================
----------------- testing Sun Nov 18 02:46:37 UTC 2018 /home/travis/build/icyphy/ptII/ptolemy/actor/lib/test/auto/Scale2.xml
----------------- Instantiating /home/travis/build/icyphy/ptII/ptolemy/actor/lib/test/auto/Scale2.xml
1 ms. Memory: 1558528K Free: 556987K (36%)
----------------- Invoking toplevel() on ptolemy.moml.MoMLSimpleApplication@46e11bb0
----------------- Done invoking toplevel() on ptolemy.moml.MoMLSimpleApplication@46e11bb0
reloadAllAccessors: .Scale2

===========================================================================================
----------------- testing Sun Nov 18 02:46:37 UTC 2018 /home/travis/build/icyphy/ptII/ptolemy/actor/lib/test/auto/Scale3.xml
----------------- Instantiating /home/travis/build/icyphy/ptII/ptolemy/actor/lib/test/auto/Scale3.xml
3 ms. Memory: 1558528K Free: 537289K (34%)
----------------- Invoking toplevel() on ptolemy.moml.MoMLSimpleApplication@5eef98b5
----------------- Done invoking toplevel() on ptolemy.moml.MoMLSimpleApplication@5eef98b5
reloadAllAccessors: .Scale3

===========================================================================================
----------------- testing Sun Nov 18 02:46:37 UTC 2018 /home/travis/build/icyphy/ptII/ptolemy/actor/lib/test/auto/ScaleArray.xml
----------------- Instantiating /home/travis/build/icyphy/ptII/ptolemy/actor/lib/test/auto/ScaleArray.xml
2 ms. Memory: 1558528K Free: 522876K (34%)
----------------- Invoking toplevel() on ptolemy.moml.MoMLSimpleApplication@4417512e
----------------- Done invoking toplevel() on ptolemy.moml.MoMLSimpleApplication@4417512e
reloadAllAccessors: .ScaleArray

===========================================================================================
----------------- testing Sun Nov 18 02:46:37 UTC 2018 /home/travis/build/icyphy/ptII/ptolemy/actor/lib/test/auto/ScaleArray2.xml
----------------- Instantiating /home/travis/build/icyphy/ptII/ptolemy/actor/lib/test/auto/ScaleArray2.xml
0 ms. Memory: 1558528K Free: 508463K (33%)
----------------- Invoking toplevel() on ptolemy.moml.MoMLSimpleApplication@253f8b05
----------------- Done invoking toplevel() on ptolemy.moml.MoMLSimpleApplication@253f8b05
reloadAllAccessors: .ScaleArray2

===========================================================================================
----------------- testing Sun Nov 18 02:46:37 UTC 2018 /home/travis/build/icyphy/ptII/ptolemy/actor/lib/test/auto/ScaleMatrix.xml
----------------- Instantiating /home/travis/build/icyphy/ptII/ptolemy/actor/lib/test/auto/ScaleMatrix.xml
118 ms. Memory: 1558528K Free: 481558K (31%)
----------------- Invoking toplevel() on ptolemy.moml.MoMLSimpleApplication@5073e500
----------------- Done invoking toplevel() on ptolemy.moml.MoMLSimpleApplication@5073e500
reloadAllAccessors: .ScaleMatrix

===========================================================================================
----------------- testing Sun Nov 18 02:46:37 UTC 2018 /home/travis/build/icyphy/ptII/ptolemy/actor/lib/test/auto/Select.xml
----------------- Instantiating /home/travis/build/icyphy/ptII/ptolemy/actor/lib/test/auto/Select.xml
2 ms. Memory: 1558528K Free: 467145K (30%)
----------------- Invoking toplevel() on ptolemy.moml.MoMLSimpleApplication@150bedfe
----------------- Done invoking toplevel() on ptolemy.moml.MoMLSimpleApplication@150bedfe
reloadAllAccessors: .Select

===========================================================================================
----------------- testing Sun Nov 18 02:46:37 UTC 2018 /home/travis/build/icyphy/ptII/ptolemy/actor/lib/test/auto/Select2.xml
----------------- Instantiating /home/travis/build/icyphy/ptII/ptolemy/actor/lib/test/auto/Select2.xml
1 ms. Memory: 1558528K Free: 447446K (29%)
----------------- Invoking toplevel() on ptolemy.moml.MoMLSimpleApplication@73f5fdb1
----------------- Done invoking toplevel() on ptolemy.moml.MoMLSimpleApplication@73f5fdb1
reloadAllAccessors: .Select2

===========================================================================================
----------------- testing Sun Nov 18 02:46:37 UTC 2018 /home/travis/build/icyphy/ptII/ptolemy/actor/lib/test/auto/SequenceToArray2.xml
----------------- Instantiating /home/travis/build/icyphy/ptII/ptolemy/actor/lib/test/auto/SequenceToArray2.xml
58 ms. Memory: 1558528K Free: 360953K (23%)
----------------- Invoking toplevel() on ptolemy.moml.MoMLSimpleApplication@34ab5fe6
----------------- Done invoking toplevel() on ptolemy.moml.MoMLSimpleApplication@34ab5fe6
reloadAllAccessors: .SequenceToArray2

===========================================================================================
----------------- testing Sun Nov 18 02:46:37 UTC 2018 /home/travis/build/icyphy/ptII/ptolemy/actor/lib/test/auto/SequentialClock.xml
----------------- Instantiating /home/travis/build/icyphy/ptII/ptolemy/actor/lib/test/auto/SequentialClock.xml
1 ms. Memory: 1558528K Free: 341254K (22%)
----------------- Invoking toplevel() on ptolemy.moml.MoMLSimpleApplication@54a76875
----------------- Done invoking toplevel() on ptolemy.moml.MoMLSimpleApplication@54a76875
reloadAllAccessors: .SequentialClock

===========================================================================================
----------------- testing Sun Nov 18 02:46:37 UTC 2018 /home/travis/build/icyphy/ptII/ptolemy/actor/lib/test/auto/SetVariable.xml
----------------- Instantiating /home/travis/build/icyphy/ptII/ptolemy/actor/lib/test/auto/SetVariable.xml
3 ms. Memory: 1558528K Free: 326841K (21%)
----------------- Invoking toplevel() on ptolemy.moml.MoMLSimpleApplication@3e718a92
----------------- Done invoking toplevel() on ptolemy.moml.MoMLSimpleApplication@3e718a92
reloadAllAccessors: .SetVariable

===========================================================================================
----------------- testing Sun Nov 18 02:46:37 UTC 2018 /home/travis/build/icyphy/ptII/ptolemy/actor/lib/test/auto/SetVariable2.xml
----------------- Instantiating /home/travis/build/icyphy/ptII/ptolemy/actor/lib/test/auto/SetVariable2.xml
4 ms. Memory: 1558528K Free: 307142K (20%)
----------------- Invoking toplevel() on ptolemy.moml.MoMLSimpleApplication@4b048362
----------------- Done invoking toplevel() on ptolemy.moml.MoMLSimpleApplication@4b048362
reloadAllAccessors: .SetVariable2

===========================================================================================
----------------- testing Sun Nov 18 02:46:37 UTC 2018 /home/travis/build/icyphy/ptII/ptolemy/actor/lib/test/auto/SetVariable3.xml
----------------- Instantiating /home/travis/build/icyphy/ptII/ptolemy/actor/lib/test/auto/SetVariable3.xml
4 ms. Memory: 1558528K Free: 292729K (19%)
----------------- Invoking toplevel() on ptolemy.moml.MoMLSimpleApplication@77c9296
----------------- Done invoking toplevel() on ptolemy.moml.MoMLSimpleApplication@77c9296
reloadAllAccessors: .SetVariable3

===========================================================================================
----------------- testing Sun Nov 18 02:46:37 UTC 2018 /home/travis/build/icyphy/ptII/ptolemy/actor/lib/test/auto/SetVariable4.xml
----------------- Instantiating /home/travis/build/icyphy/ptII/ptolemy/actor/lib/test/auto/SetVariable4.xml
13 ms. Memory: 1558528K Free: 222586K (14%)
----------------- Invoking toplevel() on ptolemy.moml.MoMLSimpleApplication@45bf6411
----------------- Done invoking toplevel() on ptolemy.moml.MoMLSimpleApplication@45bf6411
reloadAllAccessors: .SetVariable4

===========================================================================================
----------------- testing Sun Nov 18 02:46:37 UTC 2018 /home/travis/build/icyphy/ptII/ptolemy/actor/lib/test/auto/SetVariable5.xml
----------------- Instantiating /home/travis/build/icyphy/ptII/ptolemy/actor/lib/test/auto/SetVariable5.xml
15 ms. Memory: 1558528K Free: 208173K (13%)
----------------- Invoking toplevel() on ptolemy.moml.MoMLSimpleApplication@202c41f6
----------------- Done invoking toplevel() on ptolemy.moml.MoMLSimpleApplication@202c41f6
reloadAllAccessors: .SetVariable5

===========================================================================================
----------------- testing Sun Nov 18 02:46:37 UTC 2018 /home/travis/build/icyphy/ptII/ptolemy/actor/lib/test/auto/Sinewave.xml
----------------- Instantiating /home/travis/build/icyphy/ptII/ptolemy/actor/lib/test/auto/Sinewave.xml
4 ms. Memory: 1558528K Free: 181251K (12%)
----------------- Invoking toplevel() on ptolemy.moml.MoMLSimpleApplication@65395c70
----------------- Done invoking toplevel() on ptolemy.moml.MoMLSimpleApplication@65395c70
reloadAllAccessors: .Sinewave

===========================================================================================
----------------- testing Sun Nov 18 02:46:37 UTC 2018 /home/travis/build/icyphy/ptII/ptolemy/actor/lib/test/auto/Sinewave2.xml
----------------- Instantiating /home/travis/build/icyphy/ptII/ptolemy/actor/lib/test/auto/Sinewave2.xml
4 ms. Memory: 1558528K Free: 166839K (11%)
----------------- Invoking toplevel() on ptolemy.moml.MoMLSimpleApplication@52bd4e33
----------------- Done invoking toplevel() on ptolemy.moml.MoMLSimpleApplication@52bd4e33
reloadAllAccessors: .Sinewave2

===========================================================================================
----------------- testing Sun Nov 18 02:46:37 UTC 2018 /home/travis/build/icyphy/ptII/ptolemy/actor/lib/test/auto/Sinewave3.xml
----------------- Instantiating /home/travis/build/icyphy/ptII/ptolemy/actor/lib/test/auto/Sinewave3.xml
4 ms. Memory: 1558528K Free: 147140K (9%)
----------------- Invoking toplevel() on ptolemy.moml.MoMLSimpleApplication@1f8d4c40
----------------- Done invoking toplevel() on ptolemy.moml.MoMLSimpleApplication@1f8d4c40
reloadAllAccessors: .Sinewave3

===========================================================================================
----------------- testing Sun Nov 18 02:46:37 UTC 2018 /home/travis/build/icyphy/ptII/ptolemy/actor/lib/test/auto/SingleEvent.xml
----------------- Instantiating /home/travis/build/icyphy/ptII/ptolemy/actor/lib/test/auto/SingleEvent.xml
1 ms. Memory: 1558528K Free: 132727K (9%)
----------------- Invoking toplevel() on ptolemy.moml.MoMLSimpleApplication@4d798a81
----------------- Done invoking toplevel() on ptolemy.moml.MoMLSimpleApplication@4d798a81
reloadAllAccessors: .SingleEvent

===========================================================================================
----------------- testing Sun Nov 18 02:46:37 UTC 2018 /home/travis/build/icyphy/ptII/ptolemy/actor/lib/test/auto/Sleep.xml
----------------- Instantiating /home/travis/build/icyphy/ptII/ptolemy/actor/lib/test/auto/Sleep.xml
6002 ms. Memory: 1558528K Free: 113028K (7%)
----------------- Invoking toplevel() on ptolemy.moml.MoMLSimpleApplication@6dd67f5
----------------- Done invoking toplevel() on ptolemy.moml.MoMLSimpleApplication@6dd67f5
reloadAllAccessors: .Sleep

===========================================================================================
----------------- testing Sun Nov 18 02:46:43 UTC 2018 /home/travis/build/icyphy/ptII/ptolemy/actor/lib/test/auto/SleepMultipleFire.xml
----------------- Instantiating /home/travis/build/icyphy/ptII/ptolemy/actor/lib/test/auto/SleepMultipleFire.xml
1004 ms. Memory: 1558528K Free: 98615K (6%)
----------------- Invoking toplevel() on ptolemy.moml.MoMLSimpleApplication@510df69
----------------- Done invoking toplevel() on ptolemy.moml.MoMLSimpleApplication@510df69
reloadAllAccessors: .SleepMultipleFire

===========================================================================================
----------------- testing Sun Nov 18 02:46:44 UTC 2018 /home/travis/build/icyphy/ptII/ptolemy/actor/lib/test/auto/StopDE.xml
----------------- Instantiating /home/travis/build/icyphy/ptII/ptolemy/actor/lib/test/auto/StopDE.xml
2 ms. Memory: 1558528K Free: 84202K (5%)
----------------- Invoking toplevel() on ptolemy.moml.MoMLSimpleApplication@3b3d992e
----------------- Done invoking toplevel() on ptolemy.moml.MoMLSimpleApplication@3b3d992e
reloadAllAccessors: .StopDE

===========================================================================================
----------------- testing Sun Nov 18 02:46:44 UTC 2018 /home/travis/build/icyphy/ptII/ptolemy/actor/lib/test/auto/StopSDF.xml
----------------- Instantiating /home/travis/build/icyphy/ptII/ptolemy/actor/lib/test/auto/StopSDF.xml
2 ms. Memory: 1684480K Free: 1632908K (97%)
----------------- Invoking toplevel() on ptolemy.moml.MoMLSimpleApplication@625dd01e
----------------- Done invoking toplevel() on ptolemy.moml.MoMLSimpleApplication@625dd01e
reloadAllAccessors: .StopSDF

===========================================================================================
----------------- testing Sun Nov 18 02:46:44 UTC 2018 /home/travis/build/icyphy/ptII/ptolemy/actor/lib/test/auto/StringConstant.xml
----------------- Instantiating /home/travis/build/icyphy/ptII/ptolemy/actor/lib/test/auto/StringConstant.xml
1 ms. Memory: 1684480K Free: 1612617K (96%)
----------------- Invoking toplevel() on ptolemy.moml.MoMLSimpleApplication@54461d84
----------------- Done invoking toplevel() on ptolemy.moml.MoMLSimpleApplication@54461d84
reloadAllAccessors: .StringConstant

===========================================================================================
----------------- testing Sun Nov 18 02:46:44 UTC 2018 /home/travis/build/icyphy/ptII/ptolemy/actor/lib/test/auto/SubscriberPortInitialValues1.xml
----------------- Instantiating /home/travis/build/icyphy/ptII/ptolemy/actor/lib/test/auto/SubscriberPortInitialValues1.xml
5 ms. Memory: 1684480K Free: 1592325K (95%)
----------------- Invoking toplevel() on ptolemy.moml.MoMLSimpleApplication@59da1e63
----------------- Done invoking toplevel() on ptolemy.moml.MoMLSimpleApplication@59da1e63
reloadAllAccessors: .SubscriberPortInitialValues1

===========================================================================================
----------------- testing Sun Nov 18 02:46:44 UTC 2018 /home/travis/build/icyphy/ptII/ptolemy/actor/lib/test/auto/SubscriberPortInitialValues13.xml
----------------- Instantiating /home/travis/build/icyphy/ptII/ptolemy/actor/lib/test/auto/SubscriberPortInitialValues13.xml
4 ms. Memory: 1684480K Free: 1568563K (93%)
----------------- Invoking toplevel() on ptolemy.moml.MoMLSimpleApplication@3d533eda
----------------- Done invoking toplevel() on ptolemy.moml.MoMLSimpleApplication@3d533eda
reloadAllAccessors: .SubscriberPortInitialValues13

===========================================================================================
----------------- testing Sun Nov 18 02:46:44 UTC 2018 /home/travis/build/icyphy/ptII/ptolemy/actor/lib/test/auto/SubscriberPortInitialValues14.xml
----------------- Instantiating /home/travis/build/icyphy/ptII/ptolemy/actor/lib/test/auto/SubscriberPortInitialValues14.xml
3 ms. Memory: 1684480K Free: 1548272K (92%)
----------------- Invoking toplevel() on ptolemy.moml.MoMLSimpleApplication@67a11ef
----------------- Done invoking toplevel() on ptolemy.moml.MoMLSimpleApplication@67a11ef
reloadAllAccessors: .SubscriberPortInitialValues14

===========================================================================================
----------------- testing Sun Nov 18 02:46:44 UTC 2018 /home/travis/build/icyphy/ptII/ptolemy/actor/lib/test/auto/SubscriberPortInitialValues2.xml
----------------- Instantiating /home/travis/build/icyphy/ptII/ptolemy/actor/lib/test/auto/SubscriberPortInitialValues2.xml
3 ms. Memory: 1684480K Free: 1532441K (91%)
----------------- Invoking toplevel() on ptolemy.moml.MoMLSimpleApplication@3856836f
----------------- Done invoking toplevel() on ptolemy.moml.MoMLSimpleApplication@3856836f
reloadAllAccessors: .SubscriberPortInitialValues2

===========================================================================================
----------------- testing Sun Nov 18 02:46:44 UTC 2018 /home/travis/build/icyphy/ptII/ptolemy/actor/lib/test/auto/SubscriberPortInitialValues3.xml
----------------- Instantiating /home/travis/build/icyphy/ptII/ptolemy/actor/lib/test/auto/SubscriberPortInitialValues3.xml
3 ms. Memory: 1684480K Free: 1512149K (90%)
----------------- Invoking toplevel() on ptolemy.moml.MoMLSimpleApplication@49101c3b
----------------- Done invoking toplevel() on ptolemy.moml.MoMLSimpleApplication@49101c3b
reloadAllAccessors: .SubscriberPortInitialValues3

===========================================================================================
----------------- testing Sun Nov 18 02:46:44 UTC 2018 /home/travis/build/icyphy/ptII/ptolemy/actor/lib/test/auto/SubscriptionAggregator.xml
----------------- Instantiating /home/travis/build/icyphy/ptII/ptolemy/actor/lib/test/auto/SubscriptionAggregator.xml
2 ms. Memory: 1684480K Free: 1496318K (89%)
----------------- Invoking toplevel() on ptolemy.moml.MoMLSimpleApplication@1de60e91
----------------- Done invoking toplevel() on ptolemy.moml.MoMLSimpleApplication@1de60e91
reloadAllAccessors: .SubscriptionAggregator

===========================================================================================
----------------- testing Sun Nov 18 02:46:44 UTC 2018 /home/travis/build/icyphy/ptII/ptolemy/actor/lib/test/auto/SubscriptionAggregator2.xml
----------------- Instantiating /home/travis/build/icyphy/ptII/ptolemy/actor/lib/test/auto/SubscriptionAggregator2.xml
2 ms. Memory: 1684480K Free: 1476027K (88%)
----------------- Invoking toplevel() on ptolemy.moml.MoMLSimpleApplication@31ac0961
----------------- Done invoking toplevel() on ptolemy.moml.MoMLSimpleApplication@31ac0961
reloadAllAccessors: .SubscriptionAggregator2

===========================================================================================
----------------- testing Sun Nov 18 02:46:44 UTC 2018 /home/travis/build/icyphy/ptII/ptolemy/actor/lib/test/auto/SubscriptionAggregator3.xml
----------------- Instantiating /home/travis/build/icyphy/ptII/ptolemy/actor/lib/test/auto/SubscriptionAggregator3.xml
2 ms. Memory: 1684480K Free: 1455736K (86%)
----------------- Invoking toplevel() on ptolemy.moml.MoMLSimpleApplication@63fb86fa
----------------- Done invoking toplevel() on ptolemy.moml.MoMLSimpleApplication@63fb86fa
reloadAllAccessors: .SubscriptionAggregator3

===========================================================================================
----------------- testing Sun Nov 18 02:46:44 UTC 2018 /home/travis/build/icyphy/ptII/ptolemy/actor/lib/test/auto/SubscriptionAggregatorMultiply.xml
----------------- Instantiating /home/travis/build/icyphy/ptII/ptolemy/actor/lib/test/auto/SubscriptionAggregatorMultiply.xml
2 ms. Memory: 1684480K Free: 1439905K (85%)
----------------- Invoking toplevel() on ptolemy.moml.MoMLSimpleApplication@2cc51e39
----------------- Done invoking toplevel() on ptolemy.moml.MoMLSimpleApplication@2cc51e39
reloadAllAccessors: .SubscriptionAggregatorMultiply

===========================================================================================
----------------- testing Sun Nov 18 02:46:44 UTC 2018 /home/travis/build/icyphy/ptII/ptolemy/actor/lib/test/auto/SubscriptionAggregatorPortMultiply1.xml
----------------- Instantiating /home/travis/build/icyphy/ptII/ptolemy/actor/lib/test/auto/SubscriptionAggregatorPortMultiply1.xml
3 ms. Memory: 1684480K Free: 1419613K (84%)
----------------- Invoking toplevel() on ptolemy.moml.MoMLSimpleApplication@722f941d
----------------- Done invoking toplevel() on ptolemy.moml.MoMLSimpleApplication@722f941d
reloadAllAccessors: .SubscriptionAggregatorPortMultiply1

===========================================================================================
----------------- testing Sun Nov 18 02:46:44 UTC 2018 /home/travis/build/icyphy/ptII/ptolemy/actor/lib/test/auto/Switch.xml
----------------- Instantiating /home/travis/build/icyphy/ptII/ptolemy/actor/lib/test/auto/Switch.xml
3 ms. Memory: 1684480K Free: 1356231K (81%)
----------------- Invoking toplevel() on ptolemy.moml.MoMLSimpleApplication@5a77e8f8
----------------- Done invoking toplevel() on ptolemy.moml.MoMLSimpleApplication@5a77e8f8
reloadAllAccessors: .Switch

===========================================================================================
----------------- testing Sun Nov 18 02:46:44 UTC 2018 /home/travis/build/icyphy/ptII/ptolemy/actor/lib/test/auto/Switch2.xml
----------------- Instantiating /home/travis/build/icyphy/ptII/ptolemy/actor/lib/test/auto/Switch2.xml
0 ms. Memory: 1684480K Free: 1335939K (79%)
----------------- Invoking toplevel() on ptolemy.moml.MoMLSimpleApplication@46ee2c8a
----------------- Done invoking toplevel() on ptolemy.moml.MoMLSimpleApplication@46ee2c8a
reloadAllAccessors: .Switch2

===========================================================================================
----------------- testing Sun Nov 18 02:46:44 UTC 2018 /home/travis/build/icyphy/ptII/ptolemy/actor/lib/test/auto/SwitchDE.xml
----------------- Instantiating /home/travis/build/icyphy/ptII/ptolemy/actor/lib/test/auto/SwitchDE.xml
2 ms. Memory: 1684480K Free: 1320108K (78%)
----------------- Invoking toplevel() on ptolemy.moml.MoMLSimpleApplication@44828385
----------------- Done invoking toplevel() on ptolemy.moml.MoMLSimpleApplication@44828385
reloadAllAccessors: .SwitchDE

===========================================================================================
----------------- testing Sun Nov 18 02:46:44 UTC 2018 /home/travis/build/icyphy/ptII/ptolemy/actor/lib/test/auto/SynchronizerDE.xml
----------------- Instantiating /home/travis/build/icyphy/ptII/ptolemy/actor/lib/test/auto/SynchronizerDE.xml
3 ms. Memory: 1684480K Free: 1299817K (77%)
----------------- Invoking toplevel() on ptolemy.moml.MoMLSimpleApplication@592ec60c
----------------- Done invoking toplevel() on ptolemy.moml.MoMLSimpleApplication@592ec60c
reloadAllAccessors: .SynchronizerDE

===========================================================================================
----------------- testing Sun Nov 18 02:46:44 UTC 2018 /home/travis/build/icyphy/ptII/ptolemy/actor/lib/test/auto/Test.xml
----------------- Instantiating /home/travis/build/icyphy/ptII/ptolemy/actor/lib/test/auto/Test.xml
1 ms. Memory: 1684480K Free: 1283986K (76%)
----------------- Invoking toplevel() on ptolemy.moml.MoMLSimpleApplication@2e4611a0
----------------- Done invoking toplevel() on ptolemy.moml.MoMLSimpleApplication@2e4611a0
reloadAllAccessors: .Test

===========================================================================================
----------------- testing Sun Nov 18 02:46:44 UTC 2018 /home/travis/build/icyphy/ptII/ptolemy/actor/lib/test/auto/TestExceptionAttribute1.xml
----------------- Instantiating /home/travis/build/icyphy/ptII/ptolemy/actor/lib/test/auto/TestExceptionAttribute1.xml
1 ms. Memory: 1684480K Free: 1263694K (75%)
----------------- Invoking toplevel() on ptolemy.moml.MoMLSimpleApplication@39076a3c
----------------- Done invoking toplevel() on ptolemy.moml.MoMLSimpleApplication@39076a3c
reloadAllAccessors: .TestExceptionAttribute1

===========================================================================================
----------------- testing Sun Nov 18 02:46:44 UTC 2018 /home/travis/build/icyphy/ptII/ptolemy/actor/lib/test/auto/TestExceptionAttribute2.xml
----------------- Instantiating /home/travis/build/icyphy/ptII/ptolemy/actor/lib/test/auto/TestExceptionAttribute2.xml
1 ms. Memory: 1684480K Free: 1243403K (74%)
----------------- Invoking toplevel() on ptolemy.moml.MoMLSimpleApplication@7e62f29a
----------------- Done invoking toplevel() on ptolemy.moml.MoMLSimpleApplication@7e62f29a
reloadAllAccessors: .TestExceptionAttribute2

===========================================================================================
----------------- testing Sun Nov 18 02:46:44 UTC 2018 /home/travis/build/icyphy/ptII/ptolemy/actor/lib/test/auto/TestExceptionAttribute3.xml
----------------- Instantiating /home/travis/build/icyphy/ptII/ptolemy/actor/lib/test/auto/TestExceptionAttribute3.xml
.TestExceptionAttribute3.TestExceptionAttribute: initialize() was not invoked, but wrapup() was.  This is unusual, but not always a problem.  For example, exporting JNLP will do this.
1 ms. Memory: 1684480K Free: 1227572K (73%)
----------------- Invoking toplevel() on ptolemy.moml.MoMLSimpleApplication@13c47f76
----------------- Done invoking toplevel() on ptolemy.moml.MoMLSimpleApplication@13c47f76
reloadAllAccessors: .TestExceptionAttribute3

===========================================================================================
----------------- testing Sun Nov 18 02:46:44 UTC 2018 /home/travis/build/icyphy/ptII/ptolemy/actor/lib/test/auto/TestExceptionAttribute4.xml
----------------- Instantiating /home/travis/build/icyphy/ptII/ptolemy/actor/lib/test/auto/TestExceptionAttribute4.xml
.TestExceptionAttribute4.TestExceptionAttribute: initialize() was not invoked, but wrapup() was.  This is unusual, but not always a problem.  For example, exporting JNLP will do this.
.TestExceptionAttribute4.TestExceptionAttribute2: initialize() was not invoked, but wrapup() was.  This is unusual, but not always a problem.  For example, exporting JNLP will do this.
1 ms. Memory: 1684480K Free: 1207280K (72%)
----------------- Invoking toplevel() on ptolemy.moml.MoMLSimpleApplication@5362c862
----------------- Done invoking toplevel() on ptolemy.moml.MoMLSimpleApplication@5362c862
reloadAllAccessors: .TestExceptionAttribute4

===========================================================================================
----------------- testing Sun Nov 18 02:46:44 UTC 2018 /home/travis/build/icyphy/ptII/ptolemy/actor/lib/test/auto/TestExceptionHandler1.xml
----------------- Instantiating /home/travis/build/icyphy/ptII/ptolemy/actor/lib/test/auto/TestExceptionHandler1.xml
1 ms. Memory: 1684480K Free: 1191449K (71%)
----------------- Invoking toplevel() on ptolemy.moml.MoMLSimpleApplication@2c3fb00b
----------------- Done invoking toplevel() on ptolemy.moml.MoMLSimpleApplication@2c3fb00b
reloadAllAccessors: .TestExceptionHandler1

===========================================================================================
----------------- testing Sun Nov 18 02:46:45 UTC 2018 /home/travis/build/icyphy/ptII/ptolemy/actor/lib/test/auto/TestExceptionHandler2.xml
----------------- Instantiating /home/travis/build/icyphy/ptII/ptolemy/actor/lib/test/auto/TestExceptionHandler2.xml
1 ms. Memory: 1684480K Free: 1171158K (70%)
----------------- Invoking toplevel() on ptolemy.moml.MoMLSimpleApplication@2f919b95
----------------- Done invoking toplevel() on ptolemy.moml.MoMLSimpleApplication@2f919b95
reloadAllAccessors: .TestExceptionHandler2

===========================================================================================
----------------- testing Sun Nov 18 02:46:45 UTC 2018 /home/travis/build/icyphy/ptII/ptolemy/actor/lib/test/auto/TestExceptionHandler3.xml
----------------- Instantiating /home/travis/build/icyphy/ptII/ptolemy/actor/lib/test/auto/TestExceptionHandler3.xml
1 ms. Memory: 1684480K Free: 1155327K (69%)
----------------- Invoking toplevel() on ptolemy.moml.MoMLSimpleApplication@3b999c18
----------------- Done invoking toplevel() on ptolemy.moml.MoMLSimpleApplication@3b999c18
reloadAllAccessors: .TestExceptionHandler3

===========================================================================================
----------------- testing Sun Nov 18 02:46:45 UTC 2018 /home/travis/build/icyphy/ptII/ptolemy/actor/lib/test/auto/TestExceptionHandler4.xml
----------------- Instantiating /home/travis/build/icyphy/ptII/ptolemy/actor/lib/test/auto/TestExceptionHandler4.xml
1 ms. Memory: 1684480K Free: 1135036K (67%)
----------------- Invoking toplevel() on ptolemy.moml.MoMLSimpleApplication@422df2aa
----------------- Done invoking toplevel() on ptolemy.moml.MoMLSimpleApplication@422df2aa
reloadAllAccessors: .TestExceptionHandler4

===========================================================================================
----------------- testing Sun Nov 18 02:46:45 UTC 2018 /home/travis/build/icyphy/ptII/ptolemy/actor/lib/test/auto/TestRequireCorrectOrder.xml
----------------- Instantiating /home/travis/build/icyphy/ptII/ptolemy/actor/lib/test/auto/TestRequireCorrectOrder.xml
2 ms. Memory: 1684480K Free: 1119205K (66%)
----------------- Invoking toplevel() on ptolemy.moml.MoMLSimpleApplication@7f69fc48
----------------- Done invoking toplevel() on ptolemy.moml.MoMLSimpleApplication@7f69fc48
reloadAllAccessors: .TestRequireCorrectOrder

===========================================================================================
----------------- testing Sun Nov 18 02:46:45 UTC 2018 /home/travis/build/icyphy/ptII/ptolemy/actor/lib/test/auto/TestSimple.xml
----------------- Instantiating /home/travis/build/icyphy/ptII/ptolemy/actor/lib/test/auto/TestSimple.xml
1 ms. Memory: 1684480K Free: 1098914K (65%)
----------------- Invoking toplevel() on ptolemy.moml.MoMLSimpleApplication@bf7e570
----------------- Done invoking toplevel() on ptolemy.moml.MoMLSimpleApplication@bf7e570
reloadAllAccessors: .TestSimple

===========================================================================================
----------------- testing Sun Nov 18 02:46:45 UTC 2018 /home/travis/build/icyphy/ptII/ptolemy/actor/lib/test/auto/ThrowModelError.xml
----------------- Instantiating /home/travis/build/icyphy/ptII/ptolemy/actor/lib/test/auto/ThrowModelError.xml
1 ms. Memory: 1684480K Free: 1078622K (64%)
----------------- Invoking toplevel() on ptolemy.moml.MoMLSimpleApplication@5caa6e68
----------------- Done invoking toplevel() on ptolemy.moml.MoMLSimpleApplication@5caa6e68
reloadAllAccessors: .ThrowModelError

===========================================================================================
----------------- testing Sun Nov 18 02:46:45 UTC 2018 /home/travis/build/icyphy/ptII/ptolemy/actor/lib/test/auto/TimeDelayMicrosteps.xml
----------------- Instantiating /home/travis/build/icyphy/ptII/ptolemy/actor/lib/test/auto/TimeDelayMicrosteps.xml
2 ms. Memory: 1684480K Free: 1062791K (63%)
----------------- Invoking toplevel() on ptolemy.moml.MoMLSimpleApplication@6b0d6fda
----------------- Done invoking toplevel() on ptolemy.moml.MoMLSimpleApplication@6b0d6fda
reloadAllAccessors: .TimeDelayMicrosteps

===========================================================================================
----------------- testing Sun Nov 18 02:46:45 UTC 2018 /home/travis/build/icyphy/ptII/ptolemy/actor/lib/test/auto/TimeDelayMicrosteps2.xml
----------------- Instantiating /home/travis/build/icyphy/ptII/ptolemy/actor/lib/test/auto/TimeDelayMicrosteps2.xml
3 ms. Memory: 1684480K Free: 1042500K (62%)
----------------- Invoking toplevel() on ptolemy.moml.MoMLSimpleApplication@6a784067
----------------- Done invoking toplevel() on ptolemy.moml.MoMLSimpleApplication@6a784067
reloadAllAccessors: .TimeDelayMicrosteps2

===========================================================================================
----------------- testing Sun Nov 18 02:46:45 UTC 2018 /home/travis/build/icyphy/ptII/ptolemy/actor/lib/test/auto/TimeDelayMicrosteps3.xml
----------------- Instantiating /home/travis/build/icyphy/ptII/ptolemy/actor/lib/test/auto/TimeDelayMicrosteps3.xml
2 ms. Memory: 1684480K Free: 1026669K (61%)
----------------- Invoking toplevel() on ptolemy.moml.MoMLSimpleApplication@6a5c8617
----------------- Done invoking toplevel() on ptolemy.moml.MoMLSimpleApplication@6a5c8617
reloadAllAccessors: .TimeDelayMicrosteps3

===========================================================================================
----------------- testing Sun Nov 18 02:46:45 UTC 2018 /home/travis/build/icyphy/ptII/ptolemy/actor/lib/test/auto/TimeDelayVariableMicrosteps.xml
----------------- Instantiating /home/travis/build/icyphy/ptII/ptolemy/actor/lib/test/auto/TimeDelayVariableMicrosteps.xml
2 ms. Memory: 1684480K Free: 1006377K (60%)
----------------- Invoking toplevel() on ptolemy.moml.MoMLSimpleApplication@38da2410
----------------- Done invoking toplevel() on ptolemy.moml.MoMLSimpleApplication@38da2410
reloadAllAccessors: .TimeDelayVariableMicrosteps

===========================================================================================
----------------- testing Sun Nov 18 02:46:45 UTC 2018 /home/travis/build/icyphy/ptII/ptolemy/actor/lib/test/auto/TimeGap.xml
----------------- Instantiating /home/travis/build/icyphy/ptII/ptolemy/actor/lib/test/auto/TimeGap.xml
2 ms. Memory: 1684480K Free: 990546K (59%)
----------------- Invoking toplevel() on ptolemy.moml.MoMLSimpleApplication@4ef47fa7
----------------- Done invoking toplevel() on ptolemy.moml.MoMLSimpleApplication@4ef47fa7
reloadAllAccessors: .TimeGap

===========================================================================================
----------------- testing Sun Nov 18 02:46:45 UTC 2018 /home/travis/build/icyphy/ptII/ptolemy/actor/lib/test/auto/TimeGap2.xml
----------------- Instantiating /home/travis/build/icyphy/ptII/ptolemy/actor/lib/test/auto/TimeGap2.xml
2 ms. Memory: 1684480K Free: 970255K (58%)
----------------- Invoking toplevel() on ptolemy.moml.MoMLSimpleApplication@2ea30dc8
----------------- Done invoking toplevel() on ptolemy.moml.MoMLSimpleApplication@2ea30dc8
reloadAllAccessors: .TimeGap2

===========================================================================================
----------------- testing Sun Nov 18 02:46:45 UTC 2018 /home/travis/build/icyphy/ptII/ptolemy/actor/lib/test/auto/TimedSinewave.xml
----------------- Instantiating /home/travis/build/icyphy/ptII/ptolemy/actor/lib/test/auto/TimedSinewave.xml
11 ms. Memory: 1684480K Free: 942048K (56%)
----------------- Invoking toplevel() on ptolemy.moml.MoMLSimpleApplication@4ba74aa6
----------------- Done invoking toplevel() on ptolemy.moml.MoMLSimpleApplication@4ba74aa6
reloadAllAccessors: .TimedSinewave

===========================================================================================
----------------- testing Sun Nov 18 02:46:45 UTC 2018 /home/travis/build/icyphy/ptII/ptolemy/actor/lib/test/auto/TimedSinewavePhase.xml
----------------- Instantiating /home/travis/build/icyphy/ptII/ptolemy/actor/lib/test/auto/TimedSinewavePhase.xml
8 ms. Memory: 1684480K Free: 926217K (55%)
----------------- Invoking toplevel() on ptolemy.moml.MoMLSimpleApplication@56bef698
----------------- Done invoking toplevel() on ptolemy.moml.MoMLSimpleApplication@56bef698
reloadAllAccessors: .TimedSinewavePhase

===========================================================================================
----------------- testing Sun Nov 18 02:46:45 UTC 2018 /home/travis/build/icyphy/ptII/ptolemy/actor/lib/test/auto/Timer.xml
----------------- Instantiating /home/travis/build/icyphy/ptII/ptolemy/actor/lib/test/auto/Timer.xml
2 ms. Memory: 1684480K Free: 905926K (54%)
----------------- Invoking toplevel() on ptolemy.moml.MoMLSimpleApplication@805b90
----------------- Done invoking toplevel() on ptolemy.moml.MoMLSimpleApplication@805b90
reloadAllAccessors: .Timer

===========================================================================================
----------------- testing Sun Nov 18 02:46:45 UTC 2018 /home/travis/build/icyphy/ptII/ptolemy/actor/lib/test/auto/TriangularDistTestModel.xml
----------------- Instantiating /home/travis/build/icyphy/ptII/ptolemy/actor/lib/test/auto/TriangularDistTestModel.xml
2 ms. Memory: 1684480K Free: 890095K (53%)
----------------- Invoking toplevel() on ptolemy.moml.MoMLSimpleApplication@4b31d246
----------------- Done invoking toplevel() on ptolemy.moml.MoMLSimpleApplication@4b31d246
reloadAllAccessors: .TriangularDistTestModel

===========================================================================================
----------------- testing Sun Nov 18 02:46:45 UTC 2018 /home/travis/build/icyphy/ptII/ptolemy/actor/lib/test/auto/TrigFunction.xml
----------------- Instantiating /home/travis/build/icyphy/ptII/ptolemy/actor/lib/test/auto/TrigFunction.xml
1 ms. Memory: 1684480K Free: 869804K (52%)
----------------- Invoking toplevel() on ptolemy.moml.MoMLSimpleApplication@693da168
----------------- Done invoking toplevel() on ptolemy.moml.MoMLSimpleApplication@693da168
reloadAllAccessors: .TrigFunction

===========================================================================================
----------------- testing Sun Nov 18 02:46:45 UTC 2018 /home/travis/build/icyphy/ptII/ptolemy/actor/lib/test/auto/TrigFunctionDE.xml
----------------- Instantiating /home/travis/build/icyphy/ptII/ptolemy/actor/lib/test/auto/TrigFunctionDE.xml
2 ms. Memory: 1684480K Free: 853973K (51%)
----------------- Invoking toplevel() on ptolemy.moml.MoMLSimpleApplication@16cf9463
----------------- Done invoking toplevel() on ptolemy.moml.MoMLSimpleApplication@16cf9463
reloadAllAccessors: .TrigFunctionDE

===========================================================================================
----------------- testing Sun Nov 18 02:46:45 UTC 2018 /home/travis/build/icyphy/ptII/ptolemy/actor/lib/test/auto/TrigFunctionInverse.xml
----------------- Instantiating /home/travis/build/icyphy/ptII/ptolemy/actor/lib/test/auto/TrigFunctionInverse.xml
1 ms. Memory: 1684480K Free: 833681K (49%)
----------------- Invoking toplevel() on ptolemy.moml.MoMLSimpleApplication@33dd4a3e
----------------- Done invoking toplevel() on ptolemy.moml.MoMLSimpleApplication@33dd4a3e
reloadAllAccessors: .TrigFunctionInverse

===========================================================================================
----------------- testing Sun Nov 18 02:46:45 UTC 2018 /home/travis/build/icyphy/ptII/ptolemy/actor/lib/test/auto/TrigFunctionTan.xml
----------------- Instantiating /home/travis/build/icyphy/ptII/ptolemy/actor/lib/test/auto/TrigFunctionTan.xml
1 ms. Memory: 1684480K Free: 817850K (49%)
----------------- Invoking toplevel() on ptolemy.moml.MoMLSimpleApplication@7ccfb766
----------------- Done invoking toplevel() on ptolemy.moml.MoMLSimpleApplication@7ccfb766
reloadAllAccessors: .TrigFunctionTan

===========================================================================================
----------------- testing Sun Nov 18 02:46:45 UTC 2018 /home/travis/build/icyphy/ptII/ptolemy/actor/lib/test/auto/TriggeredClock.xml
----------------- Instantiating /home/travis/build/icyphy/ptII/ptolemy/actor/lib/test/auto/TriggeredClock.xml
1 ms. Memory: 1684480K Free: 797559K (47%)
----------------- Invoking toplevel() on ptolemy.moml.MoMLSimpleApplication@20b52b9a
----------------- Done invoking toplevel() on ptolemy.moml.MoMLSimpleApplication@20b52b9a
reloadAllAccessors: .TriggeredClock

===========================================================================================
----------------- testing Sun Nov 18 02:46:45 UTC 2018 /home/travis/build/icyphy/ptII/ptolemy/actor/lib/test/auto/URLDirectoryReader.xml
----------------- Instantiating /home/travis/build/icyphy/ptII/ptolemy/actor/lib/test/auto/URLDirectoryReader.xml
26 ms. Memory: 1684480K Free: 777268K (46%)
----------------- Invoking toplevel() on ptolemy.moml.MoMLSimpleApplication@99d1b9d
----------------- Done invoking toplevel() on ptolemy.moml.MoMLSimpleApplication@99d1b9d
reloadAllAccessors: .URLDirectoryReader

===========================================================================================
----------------- testing Sun Nov 18 02:46:45 UTC 2018 /home/travis/build/icyphy/ptII/ptolemy/actor/lib/test/auto/URLDirectoryReader3.xml
----------------- Instantiating /home/travis/build/icyphy/ptII/ptolemy/actor/lib/test/auto/URLDirectoryReader3.xml
1204 ms. Memory: 1684480K Free: 721603K (43%)
----------------- Invoking toplevel() on ptolemy.moml.MoMLSimpleApplication@445fade5
----------------- Done invoking toplevel() on ptolemy.moml.MoMLSimpleApplication@445fade5
reloadAllAccessors: .URLDirectoryReader3

===========================================================================================
----------------- testing Sun Nov 18 02:46:46 UTC 2018 /home/travis/build/icyphy/ptII/ptolemy/actor/lib/test/auto/UnaryMathFunction.xml
----------------- Instantiating /home/travis/build/icyphy/ptII/ptolemy/actor/lib/test/auto/UnaryMathFunction.xml
2 ms. Memory: 1684480K Free: 701312K (42%)
----------------- Invoking toplevel() on ptolemy.moml.MoMLSimpleApplication@cba69b8
----------------- Done invoking toplevel() on ptolemy.moml.MoMLSimpleApplication@cba69b8
reloadAllAccessors: .UnaryMathFunction

===========================================================================================
----------------- testing Sun Nov 18 02:46:46 UTC 2018 /home/travis/build/icyphy/ptII/ptolemy/actor/lib/test/auto/Uniform.xml
----------------- Instantiating /home/travis/build/icyphy/ptII/ptolemy/actor/lib/test/auto/Uniform.xml
3 ms. Memory: 1684480K Free: 685481K (41%)
----------------- Invoking toplevel() on ptolemy.moml.MoMLSimpleApplication@1b36f222
----------------- Done invoking toplevel() on ptolemy.moml.MoMLSimpleApplication@1b36f222
reloadAllAccessors: .Uniform

===========================================================================================
----------------- testing Sun Nov 18 02:46:46 UTC 2018 /home/travis/build/icyphy/ptII/ptolemy/actor/lib/test/auto/UnionDisassemblerTest.xml
----------------- Instantiating /home/travis/build/icyphy/ptII/ptolemy/actor/lib/test/auto/UnionDisassemblerTest.xml
18 ms. Memory: 1684480K Free: 665189K (39%)
----------------- Invoking toplevel() on ptolemy.moml.MoMLSimpleApplication@b9d1a0d
----------------- Done invoking toplevel() on ptolemy.moml.MoMLSimpleApplication@b9d1a0d
reloadAllAccessors: .UnionDisassemblerTest

===========================================================================================
----------------- testing Sun Nov 18 02:46:47 UTC 2018 /home/travis/build/icyphy/ptII/ptolemy/actor/lib/test/auto/UtilityFunctions.xml
----------------- Instantiating /home/travis/build/icyphy/ptII/ptolemy/actor/lib/test/auto/UtilityFunctions.xml
9 ms. Memory: 1684480K Free: 649358K (39%)
----------------- Invoking toplevel() on ptolemy.moml.MoMLSimpleApplication@3587d23d
----------------- Done invoking toplevel() on ptolemy.moml.MoMLSimpleApplication@3587d23d
reloadAllAccessors: .UtilityFunctions

===========================================================================================
----------------- testing Sun Nov 18 02:46:47 UTC 2018 /home/travis/build/icyphy/ptII/ptolemy/actor/lib/test/auto/VariableSleep.xml
----------------- Instantiating /home/travis/build/icyphy/ptII/ptolemy/actor/lib/test/auto/VariableSleep.xml
503 ms. Memory: 1684480K Free: 629067K (37%)
----------------- Invoking toplevel() on ptolemy.moml.MoMLSimpleApplication@6b7a7257
----------------- Done invoking toplevel() on ptolemy.moml.MoMLSimpleApplication@6b7a7257
reloadAllAccessors: .VariableSleep

===========================================================================================
----------------- testing Sun Nov 18 02:46:47 UTC 2018 /home/travis/build/icyphy/ptII/ptolemy/actor/lib/test/auto/VectorAssemblerDisassemblerCT.xml
----------------- Instantiating /home/travis/build/icyphy/ptII/ptolemy/actor/lib/test/auto/VectorAssemblerDisassemblerCT.xml
76 ms. Memory: 1684480K Free: 592929K (35%)
----------------- Invoking toplevel() on ptolemy.moml.MoMLSimpleApplication@4c98254
----------------- Done invoking toplevel() on ptolemy.moml.MoMLSimpleApplication@4c98254
reloadAllAccessors: .VectorAssemblerDisassemblerCT

===========================================================================================
----------------- testing Sun Nov 18 02:46:47 UTC 2018 /home/travis/build/icyphy/ptII/ptolemy/actor/lib/test/auto/VectorAssemblerDisassemblerDE.xml
----------------- Instantiating /home/travis/build/icyphy/ptII/ptolemy/actor/lib/test/auto/VectorAssemblerDisassemblerDE.xml
2 ms. Memory: 1684480K Free: 577098K (34%)
----------------- Invoking toplevel() on ptolemy.moml.MoMLSimpleApplication@52c7e517
----------------- Done invoking toplevel() on ptolemy.moml.MoMLSimpleApplication@52c7e517
reloadAllAccessors: .VectorAssemblerDisassemblerDE

===========================================================================================
----------------- testing Sun Nov 18 02:46:47 UTC 2018 /home/travis/build/icyphy/ptII/ptolemy/actor/lib/test/auto/VectorAssemblerDisassemblerSDF.xml
----------------- Instantiating /home/travis/build/icyphy/ptII/ptolemy/actor/lib/test/auto/VectorAssemblerDisassemblerSDF.xml
2 ms. Memory: 1684480K Free: 556806K (33%)
----------------- Invoking toplevel() on ptolemy.moml.MoMLSimpleApplication@70e1b2c7
----------------- Done invoking toplevel() on ptolemy.moml.MoMLSimpleApplication@70e1b2c7
reloadAllAccessors: .VectorAssemblerDisassemblerSDF

===========================================================================================
----------------- testing Sun Nov 18 02:46:47 UTC 2018 /home/travis/build/icyphy/ptII/ptolemy/actor/lib/test/auto/WallClockTime.xml
----------------- Instantiating /home/travis/build/icyphy/ptII/ptolemy/actor/lib/test/auto/WallClockTime.xml
1004 ms. Memory: 1684480K Free: 540975K (32%)
----------------- Invoking toplevel() on ptolemy.moml.MoMLSimpleApplication@50c69b5e
----------------- Done invoking toplevel() on ptolemy.moml.MoMLSimpleApplication@50c69b5e
reloadAllAccessors: .WallClockTime

===========================================================================================
----------------- testing Sun Nov 18 02:46:48 UTC 2018 /home/travis/build/icyphy/ptII/ptolemy/actor/lib/test/auto/WidthTestWithSubscriberPublisher.xml
----------------- Instantiating /home/travis/build/icyphy/ptII/ptolemy/actor/lib/test/auto/WidthTestWithSubscriberPublisher.xml
6 ms. Memory: 1684480K Free: 504821K (30%)
----------------- Invoking toplevel() on ptolemy.moml.MoMLSimpleApplication@54b942eb
----------------- Done invoking toplevel() on ptolemy.moml.MoMLSimpleApplication@54b942eb
reloadAllAccessors: .WidthTestWithSubscriberPublisher

===========================================================================================
----------------- testing Sun Nov 18 02:46:48 UTC 2018 /home/travis/build/icyphy/ptII/ptolemy/actor/lib/test/auto/WidthTestWithSubscriberPublisher2.xml
----------------- Instantiating /home/travis/build/icyphy/ptII/ptolemy/actor/lib/test/auto/WidthTestWithSubscriberPublisher2.xml
1 ms. Memory: 1684480K Free: 488990K (29%)
----------------- Invoking toplevel() on ptolemy.moml.MoMLSimpleApplication@3ee25bf9
----------------- Done invoking toplevel() on ptolemy.moml.MoMLSimpleApplication@3ee25bf9
reloadAllAccessors: .WidthTestWithSubscriberPublisher2

===========================================================================================
----------------- testing Sun Nov 18 02:46:48 UTC 2018 /home/travis/build/icyphy/ptII/ptolemy/actor/lib/test/auto/WidthTestWithSubscriberPublisher3.xml
----------------- Instantiating /home/travis/build/icyphy/ptII/ptolemy/actor/lib/test/auto/WidthTestWithSubscriberPublisher3.xml
1 ms. Memory: 1684480K Free: 468698K (28%)
----------------- Invoking toplevel() on ptolemy.moml.MoMLSimpleApplication@4e68dda0
----------------- Done invoking toplevel() on ptolemy.moml.MoMLSimpleApplication@4e68dda0
reloadAllAccessors: .WidthTestWithSubscriberPublisher3

===========================================================================================
----------------- testing Sun Nov 18 02:46:48 UTC 2018 /home/travis/build/icyphy/ptII/ptolemy/actor/lib/test/auto/Writer.xml
----------------- Instantiating /home/travis/build/icyphy/ptII/ptolemy/actor/lib/test/auto/Writer.xml
0
1
2
3
4
1 ms. Memory: 1684480K Free: 448407K (27%)
----------------- Invoking toplevel() on ptolemy.moml.MoMLSimpleApplication@7aee465e
----------------- Done invoking toplevel() on ptolemy.moml.MoMLSimpleApplication@7aee465e
reloadAllAccessors: .Writer

===========================================================================================
----------------- testing Sun Nov 18 02:46:48 UTC 2018 /home/travis/build/icyphy/ptII/ptolemy/actor/lib/test/auto/array.xml
----------------- Instantiating /home/travis/build/icyphy/ptII/ptolemy/actor/lib/test/auto/array.xml
1 ms. Memory: 1684480K Free: 432576K (26%)
----------------- Invoking toplevel() on ptolemy.moml.MoMLSimpleApplication@3447f050
----------------- Done invoking toplevel() on ptolemy.moml.MoMLSimpleApplication@3447f050
reloadAllAccessors: .array

===========================================================================================
----------------- testing Sun Nov 18 02:46:48 UTC 2018 /home/travis/build/icyphy/ptII/ptolemy/actor/lib/test/auto/array2.xml
----------------- Instantiating /home/travis/build/icyphy/ptII/ptolemy/actor/lib/test/auto/array2.xml
6 ms. Memory: 1684480K Free: 412285K (24%)
----------------- Invoking toplevel() on ptolemy.moml.MoMLSimpleApplication@28c9091b
----------------- Done invoking toplevel() on ptolemy.moml.MoMLSimpleApplication@28c9091b
reloadAllAccessors: .array2

===========================================================================================
----------------- testing Sun Nov 18 02:46:48 UTC 2018 /home/travis/build/icyphy/ptII/ptolemy/actor/lib/test/auto/arrayType.xml
----------------- Instantiating /home/travis/build/icyphy/ptII/ptolemy/actor/lib/test/auto/arrayType.xml
1 ms. Memory: 1684480K Free: 396454K (24%)
----------------- Invoking toplevel() on ptolemy.moml.MoMLSimpleApplication@401ff0dc
----------------- Done invoking toplevel() on ptolemy.moml.MoMLSimpleApplication@401ff0dc
reloadAllAccessors: .arrayType

===========================================================================================
----------------- testing Sun Nov 18 02:46:48 UTC 2018 /home/travis/build/icyphy/ptII/ptolemy/actor/lib/test/auto/arrayType10.xml
----------------- Instantiating /home/travis/build/icyphy/ptII/ptolemy/actor/lib/test/auto/arrayType10.xml
1 ms. Memory: 1684480K Free: 376162K (22%)
----------------- Invoking toplevel() on ptolemy.moml.MoMLSimpleApplication@1e14bf5
----------------- Done invoking toplevel() on ptolemy.moml.MoMLSimpleApplication@1e14bf5
reloadAllAccessors: .arrayType10

===========================================================================================
----------------- testing Sun Nov 18 02:46:48 UTC 2018 /home/travis/build/icyphy/ptII/ptolemy/actor/lib/test/auto/arrayType11.xml
----------------- Instantiating /home/travis/build/icyphy/ptII/ptolemy/actor/lib/test/auto/arrayType11.xml
1 ms. Memory: 1684480K Free: 360331K (21%)
----------------- Invoking toplevel() on ptolemy.moml.MoMLSimpleApplication@38fc75f9
----------------- Done invoking toplevel() on ptolemy.moml.MoMLSimpleApplication@38fc75f9
reloadAllAccessors: .arrayType11

===========================================================================================
----------------- testing Sun Nov 18 02:46:48 UTC 2018 /home/travis/build/icyphy/ptII/ptolemy/actor/lib/test/auto/arrayType12.xml
----------------- Instantiating /home/travis/build/icyphy/ptII/ptolemy/actor/lib/test/auto/arrayType12.xml
2 ms. Memory: 1684480K Free: 340040K (20%)
----------------- Invoking toplevel() on ptolemy.moml.MoMLSimpleApplication@2c74a4fe
----------------- Done invoking toplevel() on ptolemy.moml.MoMLSimpleApplication@2c74a4fe
reloadAllAccessors: .arrayType12

===========================================================================================
----------------- testing Sun Nov 18 02:46:48 UTC 2018 /home/travis/build/icyphy/ptII/ptolemy/actor/lib/test/auto/arrayType13.xml
----------------- Instantiating /home/travis/build/icyphy/ptII/ptolemy/actor/lib/test/auto/arrayType13.xml
1 ms. Memory: 1684480K Free: 319749K (19%)
----------------- Invoking toplevel() on ptolemy.moml.MoMLSimpleApplication@bf40a58
----------------- Done invoking toplevel() on ptolemy.moml.MoMLSimpleApplication@bf40a58
reloadAllAccessors: .arrayType13

===========================================================================================
----------------- testing Sun Nov 18 02:46:48 UTC 2018 /home/travis/build/icyphy/ptII/ptolemy/actor/lib/test/auto/arrayType14.xml
----------------- Instantiating /home/travis/build/icyphy/ptII/ptolemy/actor/lib/test/auto/arrayType14.xml
2 ms. Memory: 1684480K Free: 303918K (18%)
----------------- Invoking toplevel() on ptolemy.moml.MoMLSimpleApplication@70a6ca54
----------------- Done invoking toplevel() on ptolemy.moml.MoMLSimpleApplication@70a6ca54
reloadAllAccessors: .arrayType14

===========================================================================================
----------------- testing Sun Nov 18 02:46:48 UTC 2018 /home/travis/build/icyphy/ptII/ptolemy/actor/lib/test/auto/arrayType15.xml
----------------- Instantiating /home/travis/build/icyphy/ptII/ptolemy/actor/lib/test/auto/arrayType15.xml
1 ms. Memory: 1684480K Free: 283626K (17%)
----------------- Invoking toplevel() on ptolemy.moml.MoMLSimpleApplication@4acf6851
----------------- Done invoking toplevel() on ptolemy.moml.MoMLSimpleApplication@4acf6851
reloadAllAccessors: .arrayType15

===========================================================================================
----------------- testing Sun Nov 18 02:46:48 UTC 2018 /home/travis/build/icyphy/ptII/ptolemy/actor/lib/test/auto/arrayType16.xml
----------------- Instantiating /home/travis/build/icyphy/ptII/ptolemy/actor/lib/test/auto/arrayType16.xml
2 ms. Memory: 1684480K Free: 267795K (16%)
----------------- Invoking toplevel() on ptolemy.moml.MoMLSimpleApplication@5b09049d
----------------- Done invoking toplevel() on ptolemy.moml.MoMLSimpleApplication@5b09049d
reloadAllAccessors: .arrayType16

===========================================================================================
----------------- testing Sun Nov 18 02:46:48 UTC 2018 /home/travis/build/icyphy/ptII/ptolemy/actor/lib/test/auto/arrayType17.xml
----------------- Instantiating /home/travis/build/icyphy/ptII/ptolemy/actor/lib/test/auto/arrayType17.xml
1 ms. Memory: 1684480K Free: 247504K (15%)
----------------- Invoking toplevel() on ptolemy.moml.MoMLSimpleApplication@10473c9f
----------------- Done invoking toplevel() on ptolemy.moml.MoMLSimpleApplication@10473c9f
reloadAllAccessors: .arrayType17

===========================================================================================
----------------- testing Sun Nov 18 02:46:48 UTC 2018 /home/travis/build/icyphy/ptII/ptolemy/actor/lib/test/auto/arrayType18.xml
----------------- Instantiating /home/travis/build/icyphy/ptII/ptolemy/actor/lib/test/auto/arrayType18.xml
2 ms. Memory: 1684480K Free: 231673K (14%)
----------------- Invoking toplevel() on ptolemy.moml.MoMLSimpleApplication@46d2bdc8
----------------- Done invoking toplevel() on ptolemy.moml.MoMLSimpleApplication@46d2bdc8
reloadAllAccessors: .arrayType18

===========================================================================================
----------------- testing Sun Nov 18 02:46:48 UTC 2018 /home/travis/build/icyphy/ptII/ptolemy/actor/lib/test/auto/arrayType19.xml
----------------- Instantiating /home/travis/build/icyphy/ptII/ptolemy/actor/lib/test/auto/arrayType19.xml
1 ms. Memory: 1684480K Free: 211381K (13%)
----------------- Invoking toplevel() on ptolemy.moml.MoMLSimpleApplication@6cd64d21
----------------- Done invoking toplevel() on ptolemy.moml.MoMLSimpleApplication@6cd64d21
reloadAllAccessors: .arrayType19

===========================================================================================
----------------- testing Sun Nov 18 02:46:49 UTC 2018 /home/travis/build/icyphy/ptII/ptolemy/actor/lib/test/auto/arrayType2.xml
----------------- Instantiating /home/travis/build/icyphy/ptII/ptolemy/actor/lib/test/auto/arrayType2.xml
2 ms. Memory: 1684480K Free: 191090K (11%)
----------------- Invoking toplevel() on ptolemy.moml.MoMLSimpleApplication@57fbbe90
----------------- Done invoking toplevel() on ptolemy.moml.MoMLSimpleApplication@57fbbe90
reloadAllAccessors: .arrayType2

===========================================================================================
----------------- testing Sun Nov 18 02:46:49 UTC 2018 /home/travis/build/icyphy/ptII/ptolemy/actor/lib/test/auto/arrayType20.xml
----------------- Instantiating /home/travis/build/icyphy/ptII/ptolemy/actor/lib/test/auto/arrayType20.xml
1 ms. Memory: 1684480K Free: 175259K (10%)
----------------- Invoking toplevel() on ptolemy.moml.MoMLSimpleApplication@257cf4e6
----------------- Done invoking toplevel() on ptolemy.moml.MoMLSimpleApplication@257cf4e6
reloadAllAccessors: .arrayType20

===========================================================================================
----------------- testing Sun Nov 18 02:46:49 UTC 2018 /home/travis/build/icyphy/ptII/ptolemy/actor/lib/test/auto/arrayType21.xml
----------------- Instantiating /home/travis/build/icyphy/ptII/ptolemy/actor/lib/test/auto/arrayType21.xml
2 ms. Memory: 1684480K Free: 154968K (9%)
----------------- Invoking toplevel() on ptolemy.moml.MoMLSimpleApplication@3b6aa777
----------------- Done invoking toplevel() on ptolemy.moml.MoMLSimpleApplication@3b6aa777
reloadAllAccessors: .arrayType21

===========================================================================================
----------------- testing Sun Nov 18 02:46:49 UTC 2018 /home/travis/build/icyphy/ptII/ptolemy/actor/lib/test/auto/arrayType22.xml
----------------- Instantiating /home/travis/build/icyphy/ptII/ptolemy/actor/lib/test/auto/arrayType22.xml
2 ms. Memory: 1684480K Free: 139137K (8%)
----------------- Invoking toplevel() on ptolemy.moml.MoMLSimpleApplication@1a62f865
----------------- Done invoking toplevel() on ptolemy.moml.MoMLSimpleApplication@1a62f865
reloadAllAccessors: .arrayType22

===========================================================================================
----------------- testing Sun Nov 18 02:46:49 UTC 2018 /home/travis/build/icyphy/ptII/ptolemy/actor/lib/test/auto/arrayType23.xml
----------------- Instantiating /home/travis/build/icyphy/ptII/ptolemy/actor/lib/test/auto/arrayType23.xml
2 ms. Memory: 1684480K Free: 118845K (7%)
----------------- Invoking toplevel() on ptolemy.moml.MoMLSimpleApplication@62be0684
----------------- Done invoking toplevel() on ptolemy.moml.MoMLSimpleApplication@62be0684
reloadAllAccessors: .arrayType23

===========================================================================================
----------------- testing Sun Nov 18 02:46:49 UTC 2018 /home/travis/build/icyphy/ptII/ptolemy/actor/lib/test/auto/arrayType24.xml
----------------- Instantiating /home/travis/build/icyphy/ptII/ptolemy/actor/lib/test/auto/arrayType24.xml
1 ms. Memory: 1684480K Free: 103014K (6%)
----------------- Invoking toplevel() on ptolemy.moml.MoMLSimpleApplication@56926ce1
----------------- Done invoking toplevel() on ptolemy.moml.MoMLSimpleApplication@56926ce1
reloadAllAccessors: .arrayType24

===========================================================================================
----------------- testing Sun Nov 18 02:46:49 UTC 2018 /home/travis/build/icyphy/ptII/ptolemy/actor/lib/test/auto/arrayType25.xml
----------------- Instantiating /home/travis/build/icyphy/ptII/ptolemy/actor/lib/test/auto/arrayType25.xml
1 ms. Memory: 1684480K Free: 82723K (5%)
----------------- Invoking toplevel() on ptolemy.moml.MoMLSimpleApplication@7217f45c
----------------- Done invoking toplevel() on ptolemy.moml.MoMLSimpleApplication@7217f45c
reloadAllAccessors: .arrayType25

===========================================================================================
----------------- testing Sun Nov 18 02:46:49 UTC 2018 /home/travis/build/icyphy/ptII/ptolemy/actor/lib/test/auto/arrayType26.xml
----------------- Instantiating /home/travis/build/icyphy/ptII/ptolemy/actor/lib/test/auto/arrayType26.xml
2 ms. Memory: 1684480K Free: 62432K (4%)
----------------- Invoking toplevel() on ptolemy.moml.MoMLSimpleApplication@1c81ecb1
----------------- Done invoking toplevel() on ptolemy.moml.MoMLSimpleApplication@1c81ecb1
reloadAllAccessors: .arrayType26

===========================================================================================
----------------- testing Sun Nov 18 02:46:49 UTC 2018 /home/travis/build/icyphy/ptII/ptolemy/actor/lib/test/auto/arrayType27.xml
----------------- Instantiating /home/travis/build/icyphy/ptII/ptolemy/actor/lib/test/auto/arrayType27.xml
6 ms. Memory: 1704960K Free: 1649127K (97%)
----------------- Invoking toplevel() on ptolemy.moml.MoMLSimpleApplication@17d48555
----------------- Done invoking toplevel() on ptolemy.moml.MoMLSimpleApplication@17d48555
reloadAllAccessors: .arrayType27

===========================================================================================
----------------- testing Sun Nov 18 02:46:49 UTC 2018 /home/travis/build/icyphy/ptII/ptolemy/actor/lib/test/auto/arrayType28.xml
----------------- Instantiating /home/travis/build/icyphy/ptII/ptolemy/actor/lib/test/auto/arrayType28.xml
1 ms. Memory: 1704960K Free: 1622223K (95%)
----------------- Invoking toplevel() on ptolemy.moml.MoMLSimpleApplication@49bedd82
----------------- Done invoking toplevel() on ptolemy.moml.MoMLSimpleApplication@49bedd82
reloadAllAccessors: .arrayType28

===========================================================================================
----------------- testing Sun Nov 18 02:46:49 UTC 2018 /home/travis/build/icyphy/ptII/ptolemy/actor/lib/test/auto/arrayType3.xml
----------------- Instantiating /home/travis/build/icyphy/ptII/ptolemy/actor/lib/test/auto/arrayType3.xml
1 ms. Memory: 1704960K Free: 1602030K (94%)
----------------- Invoking toplevel() on ptolemy.moml.MoMLSimpleApplication@2805452
----------------- Done invoking toplevel() on ptolemy.moml.MoMLSimpleApplication@2805452
reloadAllAccessors: .arrayType3

===========================================================================================
----------------- testing Sun Nov 18 02:46:49 UTC 2018 /home/travis/build/icyphy/ptII/ptolemy/actor/lib/test/auto/arrayType4.xml
----------------- Instantiating /home/travis/build/icyphy/ptII/ptolemy/actor/lib/test/auto/arrayType4.xml
1 ms. Memory: 1704960K Free: 1586143K (93%)
----------------- Invoking toplevel() on ptolemy.moml.MoMLSimpleApplication@4e093863
----------------- Done invoking toplevel() on ptolemy.moml.MoMLSimpleApplication@4e093863
reloadAllAccessors: .arrayType4

===========================================================================================
----------------- testing Sun Nov 18 02:46:49 UTC 2018 /home/travis/build/icyphy/ptII/ptolemy/actor/lib/test/auto/arrayType5.xml
----------------- Instantiating /home/travis/build/icyphy/ptII/ptolemy/actor/lib/test/auto/arrayType5.xml
1 ms. Memory: 1704960K Free: 1565951K (92%)
----------------- Invoking toplevel() on ptolemy.moml.MoMLSimpleApplication@49eb97e8
----------------- Done invoking toplevel() on ptolemy.moml.MoMLSimpleApplication@49eb97e8
reloadAllAccessors: .arrayType5

===========================================================================================
----------------- testing Sun Nov 18 02:46:49 UTC 2018 /home/travis/build/icyphy/ptII/ptolemy/actor/lib/test/auto/arrayType6.xml
----------------- Instantiating /home/travis/build/icyphy/ptII/ptolemy/actor/lib/test/auto/arrayType6.xml
1 ms. Memory: 1704960K Free: 1550064K (91%)
----------------- Invoking toplevel() on ptolemy.moml.MoMLSimpleApplication@4e86e285
----------------- Done invoking toplevel() on ptolemy.moml.MoMLSimpleApplication@4e86e285
reloadAllAccessors: .arrayType6

===========================================================================================
----------------- testing Sun Nov 18 02:46:49 UTC 2018 /home/travis/build/icyphy/ptII/ptolemy/actor/lib/test/auto/arrayType7.xml
----------------- Instantiating /home/travis/build/icyphy/ptII/ptolemy/actor/lib/test/auto/arrayType7.xml
1 ms. Memory: 1704960K Free: 1529872K (90%)
----------------- Invoking toplevel() on ptolemy.moml.MoMLSimpleApplication@56d5aa47
----------------- Done invoking toplevel() on ptolemy.moml.MoMLSimpleApplication@56d5aa47
reloadAllAccessors: .arrayType7

===========================================================================================
----------------- testing Sun Nov 18 02:46:49 UTC 2018 /home/travis/build/icyphy/ptII/ptolemy/actor/lib/test/auto/arrayType8.xml
----------------- Instantiating /home/travis/build/icyphy/ptII/ptolemy/actor/lib/test/auto/arrayType8.xml
1 ms. Memory: 1704960K Free: 1509680K (89%)
----------------- Invoking toplevel() on ptolemy.moml.MoMLSimpleApplication@385579b
----------------- Done invoking toplevel() on ptolemy.moml.MoMLSimpleApplication@385579b
reloadAllAccessors: .arrayType8

===========================================================================================
----------------- testing Sun Nov 18 02:46:49 UTC 2018 /home/travis/build/icyphy/ptII/ptolemy/actor/lib/test/auto/arrayType9.xml
----------------- Instantiating /home/travis/build/icyphy/ptII/ptolemy/actor/lib/test/auto/arrayType9.xml
1 ms. Memory: 1704960K Free: 1493792K (88%)
----------------- Invoking toplevel() on ptolemy.moml.MoMLSimpleApplication@7fbba74f
----------------- Done invoking toplevel() on ptolemy.moml.MoMLSimpleApplication@7fbba74f
reloadAllAccessors: .arrayType9

===========================================================================================
----------------- testing Sun Nov 18 02:46:49 UTC 2018 /home/travis/build/icyphy/ptII/ptolemy/actor/lib/test/auto/cast.xml
----------------- Instantiating /home/travis/build/icyphy/ptII/ptolemy/actor/lib/test/auto/cast.xml
2 ms. Memory: 1704960K Free: 1473600K (86%)
----------------- Invoking toplevel() on ptolemy.moml.MoMLSimpleApplication@38207a35
----------------- Done invoking toplevel() on ptolemy.moml.MoMLSimpleApplication@38207a35
reloadAllAccessors: .cast

===========================================================================================
----------------- testing Sun Nov 18 02:46:49 UTC 2018 /home/travis/build/icyphy/ptII/ptolemy/actor/lib/test/auto/compositeMultiPort.xml
----------------- Instantiating /home/travis/build/icyphy/ptII/ptolemy/actor/lib/test/auto/compositeMultiPort.xml
3 ms. Memory: 1704960K Free: 1457713K (85%)
----------------- Invoking toplevel() on ptolemy.moml.MoMLSimpleApplication@34fc70d
----------------- Done invoking toplevel() on ptolemy.moml.MoMLSimpleApplication@34fc70d
reloadAllAccessors: .compositeMultiPort

===========================================================================================
----------------- testing Sun Nov 18 02:46:49 UTC 2018 /home/travis/build/icyphy/ptII/ptolemy/actor/lib/test/auto/expressionCastInference.xml
----------------- Instantiating /home/travis/build/icyphy/ptII/ptolemy/actor/lib/test/auto/expressionCastInference.xml
2 ms. Memory: 1704960K Free: 1437521K (84%)
----------------- Invoking toplevel() on ptolemy.moml.MoMLSimpleApplication@7efb9059
----------------- Done invoking toplevel() on ptolemy.moml.MoMLSimpleApplication@7efb9059
reloadAllAccessors: .expressionCastInference

===========================================================================================
----------------- testing Sun Nov 18 02:46:49 UTC 2018 /home/travis/build/icyphy/ptII/ptolemy/actor/lib/test/auto/expressionCastInference2.xml
----------------- Instantiating /home/travis/build/icyphy/ptII/ptolemy/actor/lib/test/auto/expressionCastInference2.xml
2 ms. Memory: 1704960K Free: 1417329K (83%)
----------------- Invoking toplevel() on ptolemy.moml.MoMLSimpleApplication@374a3395
----------------- Done invoking toplevel() on ptolemy.moml.MoMLSimpleApplication@374a3395
reloadAllAccessors: .expressionCastInference2

===========================================================================================
----------------- testing Sun Nov 18 02:46:49 UTC 2018 /home/travis/build/icyphy/ptII/ptolemy/actor/lib/test/auto/expressionInference.xml
----------------- Instantiating /home/travis/build/icyphy/ptII/ptolemy/actor/lib/test/auto/expressionInference.xml
2 ms. Memory: 1704960K Free: 1401441K (82%)
----------------- Invoking toplevel() on ptolemy.moml.MoMLSimpleApplication@10ac6
----------------- Done invoking toplevel() on ptolemy.moml.MoMLSimpleApplication@10ac6
reloadAllAccessors: .expressionInference

===========================================================================================
----------------- testing Sun Nov 18 02:46:49 UTC 2018 /home/travis/build/icyphy/ptII/ptolemy/actor/lib/test/auto/expression_bug.xml
----------------- Instantiating /home/travis/build/icyphy/ptII/ptolemy/actor/lib/test/auto/expression_bug.xml
1 ms. Memory: 1704960K Free: 1381249K (81%)
----------------- Invoking toplevel() on ptolemy.moml.MoMLSimpleApplication@d86ae38
----------------- Done invoking toplevel() on ptolemy.moml.MoMLSimpleApplication@d86ae38
reloadAllAccessors: .expression_bug

===========================================================================================
----------------- testing Sun Nov 18 02:46:49 UTC 2018 /home/travis/build/icyphy/ptII/ptolemy/actor/lib/test/auto/factorial.xml
----------------- Instantiating /home/travis/build/icyphy/ptII/ptolemy/actor/lib/test/auto/factorial.xml
27 ms. Memory: 1704960K Free: 1365323K (80%)
----------------- Invoking toplevel() on ptolemy.moml.MoMLSimpleApplication@7efa68a3
----------------- Done invoking toplevel() on ptolemy.moml.MoMLSimpleApplication@7efa68a3
reloadAllAccessors: .factorial

===========================================================================================
----------------- testing Sun Nov 18 02:46:49 UTC 2018 /home/travis/build/icyphy/ptII/ptolemy/actor/lib/test/auto/filterTest1.xml
----------------- Instantiating /home/travis/build/icyphy/ptII/ptolemy/actor/lib/test/auto/filterTest1.xml
3 ms. Memory: 1704960K Free: 1345131K (79%)
----------------- Invoking toplevel() on ptolemy.moml.MoMLSimpleApplication@1a9fdfb6
----------------- Done invoking toplevel() on ptolemy.moml.MoMLSimpleApplication@1a9fdfb6
reloadAllAccessors: .filterTest1

===========================================================================================
----------------- testing Sun Nov 18 02:46:49 UTC 2018 /home/travis/build/icyphy/ptII/ptolemy/actor/lib/test/auto/funcApplyInConst.xml
----------------- Instantiating /home/travis/build/icyphy/ptII/ptolemy/actor/lib/test/auto/funcApplyInConst.xml
1 ms. Memory: 1704960K Free: 1324939K (78%)
----------------- Invoking toplevel() on ptolemy.moml.MoMLSimpleApplication@7c844f7e
----------------- Done invoking toplevel() on ptolemy.moml.MoMLSimpleApplication@7c844f7e
reloadAllAccessors: .funcApplyInConst

===========================================================================================
----------------- testing Sun Nov 18 02:46:49 UTC 2018 /home/travis/build/icyphy/ptII/ptolemy/actor/lib/test/auto/funcApplyInExpr.xml
----------------- Instantiating /home/travis/build/icyphy/ptII/ptolemy/actor/lib/test/auto/funcApplyInExpr.xml
1 ms. Memory: 1704960K Free: 1309052K (77%)
----------------- Invoking toplevel() on ptolemy.moml.MoMLSimpleApplication@1aa248d1
----------------- Done invoking toplevel() on ptolemy.moml.MoMLSimpleApplication@1aa248d1
reloadAllAccessors: .funcApplyInExpr

===========================================================================================
----------------- testing Sun Nov 18 02:46:49 UTC 2018 /home/travis/build/icyphy/ptII/ptolemy/actor/lib/test/auto/function.xml
----------------- Instantiating /home/travis/build/icyphy/ptII/ptolemy/actor/lib/test/auto/function.xml
2 ms. Memory: 1704960K Free: 1288860K (76%)
----------------- Invoking toplevel() on ptolemy.moml.MoMLSimpleApplication@599d02bf
----------------- Done invoking toplevel() on ptolemy.moml.MoMLSimpleApplication@599d02bf
reloadAllAccessors: .function

===========================================================================================
----------------- testing Sun Nov 18 02:46:49 UTC 2018 /home/travis/build/icyphy/ptII/ptolemy/actor/lib/test/auto/function2.xml
----------------- Instantiating /home/travis/build/icyphy/ptII/ptolemy/actor/lib/test/auto/function2.xml
1 ms. Memory: 1704960K Free: 1272973K (75%)
----------------- Invoking toplevel() on ptolemy.moml.MoMLSimpleApplication@4dae93c0
----------------- Done invoking toplevel() on ptolemy.moml.MoMLSimpleApplication@4dae93c0
reloadAllAccessors: .function2

===========================================================================================
----------------- testing Sun Nov 18 02:46:49 UTC 2018 /home/travis/build/icyphy/ptII/ptolemy/actor/lib/test/auto/function3.xml
----------------- Instantiating /home/travis/build/icyphy/ptII/ptolemy/actor/lib/test/auto/function3.xml
2 ms. Memory: 1704960K Free: 1252780K (73%)
----------------- Invoking toplevel() on ptolemy.moml.MoMLSimpleApplication@29edbca1
----------------- Done invoking toplevel() on ptolemy.moml.MoMLSimpleApplication@29edbca1
reloadAllAccessors: .function3

===========================================================================================
----------------- testing Sun Nov 18 02:46:49 UTC 2018 /home/travis/build/icyphy/ptII/ptolemy/actor/lib/test/auto/functionClosureTest1.xml
----------------- Instantiating /home/travis/build/icyphy/ptII/ptolemy/actor/lib/test/auto/functionClosureTest1.xml
2 ms. Memory: 1704960K Free: 1228225K (72%)
----------------- Invoking toplevel() on ptolemy.moml.MoMLSimpleApplication@45b38a8c
----------------- Done invoking toplevel() on ptolemy.moml.MoMLSimpleApplication@45b38a8c
reloadAllAccessors: .functionClosureTest1

===========================================================================================
----------------- testing Sun Nov 18 02:46:49 UTC 2018 /home/travis/build/icyphy/ptII/ptolemy/actor/lib/test/auto/functionClosureTest2.xml
----------------- Instantiating /home/travis/build/icyphy/ptII/ptolemy/actor/lib/test/auto/functionClosureTest2.xml
1 ms. Memory: 1704960K Free: 1212338K (71%)
----------------- Invoking toplevel() on ptolemy.moml.MoMLSimpleApplication@1ceb9583
----------------- Done invoking toplevel() on ptolemy.moml.MoMLSimpleApplication@1ceb9583
reloadAllAccessors: .functionClosureTest2

===========================================================================================
----------------- testing Sun Nov 18 02:46:49 UTC 2018 /home/travis/build/icyphy/ptII/ptolemy/actor/lib/test/auto/functionClosureTest3.xml
----------------- Instantiating /home/travis/build/icyphy/ptII/ptolemy/actor/lib/test/auto/functionClosureTest3.xml
1 ms. Memory: 1704960K Free: 1192146K (70%)
----------------- Invoking toplevel() on ptolemy.moml.MoMLSimpleApplication@68c63efc
----------------- Done invoking toplevel() on ptolemy.moml.MoMLSimpleApplication@68c63efc
reloadAllAccessors: .functionClosureTest3

===========================================================================================
----------------- testing Sun Nov 18 02:46:49 UTC 2018 /home/travis/build/icyphy/ptII/ptolemy/actor/lib/test/auto/functionClosureTest4.xml
----------------- Instantiating /home/travis/build/icyphy/ptII/ptolemy/actor/lib/test/auto/functionClosureTest4.xml
2 ms. Memory: 1704960K Free: 1171954K (69%)
----------------- Invoking toplevel() on ptolemy.moml.MoMLSimpleApplication@2dc99785
----------------- Done invoking toplevel() on ptolemy.moml.MoMLSimpleApplication@2dc99785
reloadAllAccessors: .functionClosureTest4

===========================================================================================
----------------- testing Sun Nov 18 02:46:49 UTC 2018 /home/travis/build/icyphy/ptII/ptolemy/actor/lib/test/auto/functionClosureTest5.xml
----------------- Instantiating /home/travis/build/icyphy/ptII/ptolemy/actor/lib/test/auto/functionClosureTest5.xml
3 ms. Memory: 1704960K Free: 1156066K (68%)
----------------- Invoking toplevel() on ptolemy.moml.MoMLSimpleApplication@3398f50
----------------- Done invoking toplevel() on ptolemy.moml.MoMLSimpleApplication@3398f50
reloadAllAccessors: .functionClosureTest5

===========================================================================================
----------------- testing Sun Nov 18 02:46:49 UTC 2018 /home/travis/build/icyphy/ptII/ptolemy/actor/lib/test/auto/functionClosureTest6.xml
----------------- Instantiating /home/travis/build/icyphy/ptII/ptolemy/actor/lib/test/auto/functionClosureTest6.xml
1 ms. Memory: 1704960K Free: 1135874K (67%)
----------------- Invoking toplevel() on ptolemy.moml.MoMLSimpleApplication@3d51217c
----------------- Done invoking toplevel() on ptolemy.moml.MoMLSimpleApplication@3d51217c
reloadAllAccessors: .functionClosureTest6

===========================================================================================
----------------- testing Sun Nov 18 02:46:49 UTC 2018 /home/travis/build/icyphy/ptII/ptolemy/actor/lib/test/auto/functionsOnArcs.xml
----------------- Instantiating /home/travis/build/icyphy/ptII/ptolemy/actor/lib/test/auto/functionsOnArcs.xml
2 ms. Memory: 1704960K Free: 1119987K (66%)
----------------- Invoking toplevel() on ptolemy.moml.MoMLSimpleApplication@b4d7002
----------------- Done invoking toplevel() on ptolemy.moml.MoMLSimpleApplication@b4d7002
reloadAllAccessors: .functionsOnArcs

===========================================================================================
----------------- testing Sun Nov 18 02:46:49 UTC 2018 /home/travis/build/icyphy/ptII/ptolemy/actor/lib/test/auto/functionsOnArcsHOF.xml
----------------- Instantiating /home/travis/build/icyphy/ptII/ptolemy/actor/lib/test/auto/functionsOnArcsHOF.xml
2 ms. Memory: 1704960K Free: 1099795K (65%)
----------------- Invoking toplevel() on ptolemy.moml.MoMLSimpleApplication@1df300ce
----------------- Done invoking toplevel() on ptolemy.moml.MoMLSimpleApplication@1df300ce
reloadAllAccessors: .functionsOnArcsHOF

===========================================================================================
----------------- testing Sun Nov 18 02:46:49 UTC 2018 /home/travis/build/icyphy/ptII/ptolemy/actor/lib/test/auto/logic.xml
----------------- Instantiating /home/travis/build/icyphy/ptII/ptolemy/actor/lib/test/auto/logic.xml
2 ms. Memory: 1704960K Free: 1079603K (63%)
----------------- Invoking toplevel() on ptolemy.moml.MoMLSimpleApplication@4353b3c4
----------------- Done invoking toplevel() on ptolemy.moml.MoMLSimpleApplication@4353b3c4
reloadAllAccessors: .logic

===========================================================================================
----------------- testing Sun Nov 18 02:46:49 UTC 2018 /home/travis/build/icyphy/ptII/ptolemy/actor/lib/test/auto/matrixType.xml
----------------- Instantiating /home/travis/build/icyphy/ptII/ptolemy/actor/lib/test/auto/matrixType.xml
1 ms. Memory: 1704960K Free: 1063716K (62%)
----------------- Invoking toplevel() on ptolemy.moml.MoMLSimpleApplication@492dd01f
----------------- Done invoking toplevel() on ptolemy.moml.MoMLSimpleApplication@492dd01f
reloadAllAccessors: .matrixType

===========================================================================================
----------------- testing Sun Nov 18 02:46:49 UTC 2018 /home/travis/build/icyphy/ptII/ptolemy/actor/lib/test/auto/matrixType10.xml
----------------- Instantiating /home/travis/build/icyphy/ptII/ptolemy/actor/lib/test/auto/matrixType10.xml
1 ms. Memory: 1704960K Free: 1043523K (61%)
----------------- Invoking toplevel() on ptolemy.moml.MoMLSimpleApplication@1cf4fb16
----------------- Done invoking toplevel() on ptolemy.moml.MoMLSimpleApplication@1cf4fb16
reloadAllAccessors: .matrixType10

===========================================================================================
----------------- testing Sun Nov 18 02:46:49 UTC 2018 /home/travis/build/icyphy/ptII/ptolemy/actor/lib/test/auto/matrixType11.xml
----------------- Instantiating /home/travis/build/icyphy/ptII/ptolemy/actor/lib/test/auto/matrixType11.xml
1 ms. Memory: 1704960K Free: 1027636K (60%)
----------------- Invoking toplevel() on ptolemy.moml.MoMLSimpleApplication@5a1f4e14
----------------- Done invoking toplevel() on ptolemy.moml.MoMLSimpleApplication@5a1f4e14
reloadAllAccessors: .matrixType11

===========================================================================================
----------------- testing Sun Nov 18 02:46:49 UTC 2018 /home/travis/build/icyphy/ptII/ptolemy/actor/lib/test/auto/matrixType12.xml
----------------- Instantiating /home/travis/build/icyphy/ptII/ptolemy/actor/lib/test/auto/matrixType12.xml
1 ms. Memory: 1704960K Free: 1007444K (59%)
----------------- Invoking toplevel() on ptolemy.moml.MoMLSimpleApplication@77c5beba
----------------- Done invoking toplevel() on ptolemy.moml.MoMLSimpleApplication@77c5beba
reloadAllAccessors: .matrixType12

===========================================================================================
----------------- testing Sun Nov 18 02:46:49 UTC 2018 /home/travis/build/icyphy/ptII/ptolemy/actor/lib/test/auto/matrixType13.xml
----------------- Instantiating /home/travis/build/icyphy/ptII/ptolemy/actor/lib/test/auto/matrixType13.xml
1 ms. Memory: 1704960K Free: 987252K (58%)
----------------- Invoking toplevel() on ptolemy.moml.MoMLSimpleApplication@25f2d0b1
----------------- Done invoking toplevel() on ptolemy.moml.MoMLSimpleApplication@25f2d0b1
reloadAllAccessors: .matrixType13

===========================================================================================
----------------- testing Sun Nov 18 02:46:49 UTC 2018 /home/travis/build/icyphy/ptII/ptolemy/actor/lib/test/auto/matrixType14.xml
----------------- Instantiating /home/travis/build/icyphy/ptII/ptolemy/actor/lib/test/auto/matrixType14.xml
1 ms. Memory: 1704960K Free: 971365K (57%)
----------------- Invoking toplevel() on ptolemy.moml.MoMLSimpleApplication@6d1c5b
----------------- Done invoking toplevel() on ptolemy.moml.MoMLSimpleApplication@6d1c5b
reloadAllAccessors: .matrixType14

===========================================================================================
----------------- testing Sun Nov 18 02:46:49 UTC 2018 /home/travis/build/icyphy/ptII/ptolemy/actor/lib/test/auto/matrixType2.xml
----------------- Instantiating /home/travis/build/icyphy/ptII/ptolemy/actor/lib/test/auto/matrixType2.xml
2 ms. Memory: 1704960K Free: 951173K (56%)
----------------- Invoking toplevel() on ptolemy.moml.MoMLSimpleApplication@4866e11
----------------- Done invoking toplevel() on ptolemy.moml.MoMLSimpleApplication@4866e11
reloadAllAccessors: .matrixType2

===========================================================================================
----------------- testing Sun Nov 18 02:46:49 UTC 2018 /home/travis/build/icyphy/ptII/ptolemy/actor/lib/test/auto/matrixType3.xml
----------------- Instantiating /home/travis/build/icyphy/ptII/ptolemy/actor/lib/test/auto/matrixType3.xml
1 ms. Memory: 1704960K Free: 935285K (55%)
----------------- Invoking toplevel() on ptolemy.moml.MoMLSimpleApplication@1d21dfda
----------------- Done invoking toplevel() on ptolemy.moml.MoMLSimpleApplication@1d21dfda
reloadAllAccessors: .matrixType3

===========================================================================================
----------------- testing Sun Nov 18 02:46:49 UTC 2018 /home/travis/build/icyphy/ptII/ptolemy/actor/lib/test/auto/matrixType4.xml
----------------- Instantiating /home/travis/build/icyphy/ptII/ptolemy/actor/lib/test/auto/matrixType4.xml
1 ms. Memory: 1704960K Free: 915093K (54%)
----------------- Invoking toplevel() on ptolemy.moml.MoMLSimpleApplication@9a8c914
----------------- Done invoking toplevel() on ptolemy.moml.MoMLSimpleApplication@9a8c914
reloadAllAccessors: .matrixType4

===========================================================================================
----------------- testing Sun Nov 18 02:46:49 UTC 2018 /home/travis/build/icyphy/ptII/ptolemy/actor/lib/test/auto/matrixType5.xml
----------------- Instantiating /home/travis/build/icyphy/ptII/ptolemy/actor/lib/test/auto/matrixType5.xml
1 ms. Memory: 1704960K Free: 894901K (52%)
----------------- Invoking toplevel() on ptolemy.moml.MoMLSimpleApplication@a11672e
----------------- Done invoking toplevel() on ptolemy.moml.MoMLSimpleApplication@a11672e
reloadAllAccessors: .matrixType5

===========================================================================================
----------------- testing Sun Nov 18 02:46:49 UTC 2018 /home/travis/build/icyphy/ptII/ptolemy/actor/lib/test/auto/matrixType6.xml
----------------- Instantiating /home/travis/build/icyphy/ptII/ptolemy/actor/lib/test/auto/matrixType6.xml
1 ms. Memory: 1704960K Free: 879013K (52%)
----------------- Invoking toplevel() on ptolemy.moml.MoMLSimpleApplication@6c86fcb5
----------------- Done invoking toplevel() on ptolemy.moml.MoMLSimpleApplication@6c86fcb5
reloadAllAccessors: .matrixType6

===========================================================================================
----------------- testing Sun Nov 18 02:46:49 UTC 2018 /home/travis/build/icyphy/ptII/ptolemy/actor/lib/test/auto/matrixType7.xml
----------------- Instantiating /home/travis/build/icyphy/ptII/ptolemy/actor/lib/test/auto/matrixType7.xml
1 ms. Memory: 1704960K Free: 858821K (50%)
----------------- Invoking toplevel() on ptolemy.moml.MoMLSimpleApplication@ec006dd
----------------- Done invoking toplevel() on ptolemy.moml.MoMLSimpleApplication@ec006dd
reloadAllAccessors: .matrixType7

===========================================================================================
----------------- testing Sun Nov 18 02:46:49 UTC 2018 /home/travis/build/icyphy/ptII/ptolemy/actor/lib/test/auto/matrixType8.xml
----------------- Instantiating /home/travis/build/icyphy/ptII/ptolemy/actor/lib/test/auto/matrixType8.xml
1 ms. Memory: 1704960K Free: 842934K (49%)
----------------- Invoking toplevel() on ptolemy.moml.MoMLSimpleApplication@74262797
----------------- Done invoking toplevel() on ptolemy.moml.MoMLSimpleApplication@74262797
reloadAllAccessors: .matrixType8

===========================================================================================
----------------- testing Sun Nov 18 02:46:49 UTC 2018 /home/travis/build/icyphy/ptII/ptolemy/actor/lib/test/auto/matrixType9.xml
----------------- Instantiating /home/travis/build/icyphy/ptII/ptolemy/actor/lib/test/auto/matrixType9.xml
1 ms. Memory: 1704960K Free: 822742K (48%)
----------------- Invoking toplevel() on ptolemy.moml.MoMLSimpleApplication@3465f22
----------------- Done invoking toplevel() on ptolemy.moml.MoMLSimpleApplication@3465f22
reloadAllAccessors: .matrixType9

===========================================================================================
----------------- testing Sun Nov 18 02:46:49 UTC 2018 /home/travis/build/icyphy/ptII/ptolemy/actor/lib/test/auto/paraFunctest.xml
----------------- Instantiating /home/travis/build/icyphy/ptII/ptolemy/actor/lib/test/auto/paraFunctest.xml
1 ms. Memory: 1704960K Free: 802550K (47%)
----------------- Invoking toplevel() on ptolemy.moml.MoMLSimpleApplication@57fdc784
----------------- Done invoking toplevel() on ptolemy.moml.MoMLSimpleApplication@57fdc784
reloadAllAccessors: .paraFunctest

===========================================================================================
----------------- testing Sun Nov 18 02:46:49 UTC 2018 /home/travis/build/icyphy/ptII/ptolemy/actor/lib/test/auto/paraFunctest2.xml
----------------- Instantiating /home/travis/build/icyphy/ptII/ptolemy/actor/lib/test/auto/paraFunctest2.xml
1 ms. Memory: 1704960K Free: 786662K (46%)
----------------- Invoking toplevel() on ptolemy.moml.MoMLSimpleApplication@6f1b47c3
----------------- Done invoking toplevel() on ptolemy.moml.MoMLSimpleApplication@6f1b47c3
reloadAllAccessors: .paraFunctest2

===========================================================================================
----------------- testing Sun Nov 18 02:46:49 UTC 2018 /home/travis/build/icyphy/ptII/ptolemy/actor/lib/test/auto/parameterPassing.xml
----------------- Instantiating /home/travis/build/icyphy/ptII/ptolemy/actor/lib/test/auto/parameterPassing.xml
1 ms. Memory: 1704960K Free: 766470K (45%)
----------------- Invoking toplevel() on ptolemy.moml.MoMLSimpleApplication@251f0ad5
----------------- Done invoking toplevel() on ptolemy.moml.MoMLSimpleApplication@251f0ad5
reloadAllAccessors: .parameterPassing

===========================================================================================
----------------- testing Sun Nov 18 02:46:49 UTC 2018 /home/travis/build/icyphy/ptII/ptolemy/actor/lib/test/auto/record.xml
----------------- Instantiating /home/travis/build/icyphy/ptII/ptolemy/actor/lib/test/auto/record.xml
2 ms. Memory: 1704960K Free: 750583K (44%)
----------------- Invoking toplevel() on ptolemy.moml.MoMLSimpleApplication@577c4c88
----------------- Done invoking toplevel() on ptolemy.moml.MoMLSimpleApplication@577c4c88
reloadAllAccessors: .record

===========================================================================================
----------------- testing Sun Nov 18 02:46:49 UTC 2018 /home/travis/build/icyphy/ptII/ptolemy/actor/lib/test/auto/sizedarray1.xml
----------------- Instantiating /home/travis/build/icyphy/ptII/ptolemy/actor/lib/test/auto/sizedarray1.xml
1 ms. Memory: 1704960K Free: 730390K (43%)
----------------- Invoking toplevel() on ptolemy.moml.MoMLSimpleApplication@2e4c7e01
----------------- Done invoking toplevel() on ptolemy.moml.MoMLSimpleApplication@2e4c7e01
reloadAllAccessors: .sizedarray1

===========================================================================================
----------------- testing Sun Nov 18 02:46:49 UTC 2018 /home/travis/build/icyphy/ptII/ptolemy/actor/lib/test/auto/sizedarray2.xml
----------------- Instantiating /home/travis/build/icyphy/ptII/ptolemy/actor/lib/test/auto/sizedarray2.xml
1 ms. Memory: 1704960K Free: 710198K (42%)
----------------- Invoking toplevel() on ptolemy.moml.MoMLSimpleApplication@6c871511
----------------- Done invoking toplevel() on ptolemy.moml.MoMLSimpleApplication@6c871511
reloadAllAccessors: .sizedarray2

===========================================================================================
----------------- testing Sun Nov 18 02:46:49 UTC 2018 /home/travis/build/icyphy/ptII/ptolemy/actor/lib/test/auto/twoPublishers.xml
----------------- Instantiating /home/travis/build/icyphy/ptII/ptolemy/actor/lib/test/auto/twoPublishers.xml
1 ms. Memory: 1704960K Free: 686367K (40%)
----------------- Invoking toplevel() on ptolemy.moml.MoMLSimpleApplication@2de8dac3
----------------- Done invoking toplevel() on ptolemy.moml.MoMLSimpleApplication@2de8dac3
reloadAllAccessors: .twoPublishers
AutoTests.java: About to close Vertx.
AutoTests.java: Vertx closed.
]]></system-out>
  <system-err><![CDATA[java.lang.RuntimeException: Execution failed
	at ptolemy.moml.MoMLSimpleApplication$UnloadThread.run(MoMLSimpleApplication.java:402)
Caused by: java.lang.RuntimeException: Normally, we would exit here because Manager.exitAfterWrapup() was called.  However, because the ptolemy.ptII.exitAfterWrapup property is set, we throw this exception instead.
	at ptolemy.util.StringUtilities.exit(StringUtilities.java:363)
	at ptolemy.actor.Manager.wrapup(Manager.java:1531)
	at ptolemy.actor.Manager.execute(Manager.java:407)
	at ptolemy.actor.Manager.run(Manager.java:1263)
	at ptolemy.actor.Manager$PtolemyRunThread.run(Manager.java:1915)
Warning: '.top.test' is in training mode, set the trainingMode parameter to false before checking in
Warning: '.top.test' is in training mode, set the trainingMode parameter to false before checking in
Warning: '.top.test' is in training mode, set the trainingMode parameter to false before checking in
Warning: '.BooleanSwitch_RegressionTest_WrongTrainingValues.Test' is in training mode, set the trainingMode parameter to false before checking in
Warning: '.BooleanSwitch_RegressionTest_WrongTrainingValues.Test2' is in training mode, set the trainingMode parameter to false before checking in
Warning: '.BooleanSwitch_RegressionTest_WrongTrainingValues.Test2' The test produced 0 tokens.
Warning: '.top.testExceptionHandler' is in training mode, set the trainingMode parameter to false before checking in
java.lang.RuntimeException: Execution failed
	at ptolemy.moml.MoMLSimpleApplication$UnloadThread.run(MoMLSimpleApplication.java:402)
Caused by: ptolemy.kernel.util.IllegalActionException: PublisherPorts cannot be used at the top level, use a Publisher actor instead.
  in .PublisherPortToplevelSubscriber.PublisherPort
	at ptolemy.actor.PublisherPort.preinitialize(PublisherPort.java:403)
	at ptolemy.actor.CompositeActor.preinitialize(CompositeActor.java:1769)
	at ptolemy.actor.Manager.preinitializeAndResolveTypes(Manager.java:1040)
	at ptolemy.actor.Manager.initialize(Manager.java:710)
	at ptolemy.actor.Manager.execute(Manager.java:356)
	at ptolemy.actor.Manager.run(Manager.java:1263)
	at ptolemy.actor.Manager$PtolemyRunThread.run(Manager.java:1915)
java.lang.reflect.InvocationTargetException
	at sun.reflect.NativeConstructorAccessorImpl.newInstance0(Native Method)
	at sun.reflect.NativeConstructorAccessorImpl.newInstance(NativeConstructorAccessorImpl.java:62)
	at sun.reflect.DelegatingConstructorAccessorImpl.newInstance(DelegatingConstructorAccessorImpl.java:45)
	at java.lang.reflect.Constructor.newInstance(Constructor.java:423)
	at ptolemy.util.test.junit.AutoKnownFailedTests.RunModel(AutoKnownFailedTests.java:105)
	at sun.reflect.NativeMethodAccessorImpl.invoke0(Native Method)
	at sun.reflect.NativeMethodAccessorImpl.invoke(NativeMethodAccessorImpl.java:62)
	at sun.reflect.DelegatingMethodAccessorImpl.invoke(DelegatingMethodAccessorImpl.java:43)
	at java.lang.reflect.Method.invoke(Method.java:498)
	at org.junit.runners.model.FrameworkMethod$1.runReflectiveCall(FrameworkMethod.java:44)
	at org.junit.internal.runners.model.ReflectiveCallable.run(ReflectiveCallable.java:15)
	at org.junit.runners.model.FrameworkMethod.invokeExplosively(FrameworkMethod.java:41)
	at junitparams.internal.InvokeParameterisedMethod.evaluate(InvokeParameterisedMethod.java:102)
	at org.junit.internal.runners.statements.FailOnTimeout$1.run(FailOnTimeout.java:28)
Caused by: ptolemy.kernel.util.IllegalActionException: PublisherPorts cannot be used at the top level, use a Publisher actor instead.
  in .PublisherPortToplevelSubscriber.PublisherPort
	at ptolemy.actor.PublisherPort.preinitialize(PublisherPort.java:403)
	at ptolemy.actor.CompositeActor.preinitialize(CompositeActor.java:1769)
	at ptolemy.actor.Manager.preinitializeAndResolveTypes(Manager.java:1040)
	at ptolemy.actor.Manager.initialize(Manager.java:710)
	at ptolemy.actor.Manager.execute(Manager.java:356)
	at ptolemy.actor.Manager.run(Manager.java:1263)
	at ptolemy.actor.Manager$PtolemyRunThread.run(Manager.java:1915)
java.lang.RuntimeException: Execution failed
	at ptolemy.moml.MoMLSimpleApplication$UnloadThread.run(MoMLSimpleApplication.java:402)
Caused by: ptolemy.kernel.util.IllegalActionException: SubscriberPorts cannot be used at the top level, use a Subscriber actor instead.
  in .PublisherSubscriberPortToplevel.SubscriberPort
	at ptolemy.actor.SubscriberPort.preinitialize(SubscriberPort.java:328)
	at ptolemy.actor.CompositeActor.preinitialize(CompositeActor.java:1769)
	at ptolemy.actor.Manager.preinitializeAndResolveTypes(Manager.java:1040)
	at ptolemy.actor.Manager.initialize(Manager.java:710)
	at ptolemy.actor.Manager.execute(Manager.java:356)
	at ptolemy.actor.Manager.run(Manager.java:1263)
	at ptolemy.actor.Manager$PtolemyRunThread.run(Manager.java:1915)
java.lang.reflect.InvocationTargetException
	at sun.reflect.NativeConstructorAccessorImpl.newInstance0(Native Method)
	at sun.reflect.NativeConstructorAccessorImpl.newInstance(NativeConstructorAccessorImpl.java:62)
	at sun.reflect.DelegatingConstructorAccessorImpl.newInstance(DelegatingConstructorAccessorImpl.java:45)
	at java.lang.reflect.Constructor.newInstance(Constructor.java:423)
	at ptolemy.util.test.junit.AutoKnownFailedTests.RunModel(AutoKnownFailedTests.java:105)
	at sun.reflect.NativeMethodAccessorImpl.invoke0(Native Method)
	at sun.reflect.NativeMethodAccessorImpl.invoke(NativeMethodAccessorImpl.java:62)
	at sun.reflect.DelegatingMethodAccessorImpl.invoke(DelegatingMethodAccessorImpl.java:43)
	at java.lang.reflect.Method.invoke(Method.java:498)
	at org.junit.runners.model.FrameworkMethod$1.runReflectiveCall(FrameworkMethod.java:44)
	at org.junit.internal.runners.model.ReflectiveCallable.run(ReflectiveCallable.java:15)
	at org.junit.runners.model.FrameworkMethod.invokeExplosively(FrameworkMethod.java:41)
	at junitparams.internal.InvokeParameterisedMethod.evaluate(InvokeParameterisedMethod.java:102)
	at org.junit.internal.runners.statements.FailOnTimeout$1.run(FailOnTimeout.java:28)
Caused by: ptolemy.kernel.util.IllegalActionException: SubscriberPorts cannot be used at the top level, use a Subscriber actor instead.
  in .PublisherSubscriberPortToplevel.SubscriberPort
	at ptolemy.actor.SubscriberPort.preinitialize(SubscriberPort.java:328)
	at ptolemy.actor.CompositeActor.preinitialize(CompositeActor.java:1769)
	at ptolemy.actor.Manager.preinitializeAndResolveTypes(Manager.java:1040)
	at ptolemy.actor.Manager.initialize(Manager.java:710)
	at ptolemy.actor.Manager.execute(Manager.java:356)
	at ptolemy.actor.Manager.run(Manager.java:1263)
	at ptolemy.actor.Manager$PtolemyRunThread.run(Manager.java:1915)
java.lang.RuntimeException: Execution failed
	at ptolemy.moml.MoMLSimpleApplication$UnloadThread.run(MoMLSimpleApplication.java:402)
Caused by: ptolemy.kernel.util.IllegalActionException: SubscriptionAggregatorPorts cannot be used at the top level, use a SubscriptionAggregator actor instead.
  in .PublisherSubscriptionAggregatorPort.SubscriptionAggregatorPort
	at ptolemy.actor.SubscriptionAggregatorPort.preinitialize(SubscriptionAggregatorPort.java:353)
	at ptolemy.actor.CompositeActor.preinitialize(CompositeActor.java:1769)
	at ptolemy.actor.Manager.preinitializeAndResolveTypes(Manager.java:1040)
	at ptolemy.actor.Manager.initialize(Manager.java:710)
	at ptolemy.actor.Manager.execute(Manager.java:356)
	at ptolemy.actor.Manager.run(Manager.java:1263)
	at ptolemy.actor.Manager$PtolemyRunThread.run(Manager.java:1915)
java.lang.reflect.InvocationTargetException
	at sun.reflect.NativeConstructorAccessorImpl.newInstance0(Native Method)
	at sun.reflect.NativeConstructorAccessorImpl.newInstance(NativeConstructorAccessorImpl.java:62)
	at sun.reflect.DelegatingConstructorAccessorImpl.newInstance(DelegatingConstructorAccessorImpl.java:45)
	at java.lang.reflect.Constructor.newInstance(Constructor.java:423)
	at ptolemy.util.test.junit.AutoKnownFailedTests.RunModel(AutoKnownFailedTests.java:105)
	at sun.reflect.NativeMethodAccessorImpl.invoke0(Native Method)
	at sun.reflect.NativeMethodAccessorImpl.invoke(NativeMethodAccessorImpl.java:62)
	at sun.reflect.DelegatingMethodAccessorImpl.invoke(DelegatingMethodAccessorImpl.java:43)
	at java.lang.reflect.Method.invoke(Method.java:498)
	at org.junit.runners.model.FrameworkMethod$1.runReflectiveCall(FrameworkMethod.java:44)
	at org.junit.internal.runners.model.ReflectiveCallable.run(ReflectiveCallable.java:15)
	at org.junit.runners.model.FrameworkMethod.invokeExplosively(FrameworkMethod.java:41)
	at junitparams.internal.InvokeParameterisedMethod.evaluate(InvokeParameterisedMethod.java:102)
	at org.junit.internal.runners.statements.FailOnTimeout$1.run(FailOnTimeout.java:28)
Caused by: ptolemy.kernel.util.IllegalActionException: SubscriptionAggregatorPorts cannot be used at the top level, use a SubscriptionAggregator actor instead.
  in .PublisherSubscriptionAggregatorPort.SubscriptionAggregatorPort
	at ptolemy.actor.SubscriptionAggregatorPort.preinitialize(SubscriptionAggregatorPort.java:353)
	at ptolemy.actor.CompositeActor.preinitialize(CompositeActor.java:1769)
	at ptolemy.actor.Manager.preinitializeAndResolveTypes(Manager.java:1040)
	at ptolemy.actor.Manager.initialize(Manager.java:710)
	at ptolemy.actor.Manager.execute(Manager.java:356)
	at ptolemy.actor.Manager.run(Manager.java:1263)
	at ptolemy.actor.Manager$PtolemyRunThread.run(Manager.java:1915)
java.lang.RuntimeException: Execution failed
	at ptolemy.moml.MoMLSimpleApplication$UnloadThread.run(MoMLSimpleApplication.java:402)
Caused by: ptolemy.kernel.util.IllegalActionException: TypeTest actor has no training data.
  in .sizedarray3.TypeTest
	at ptolemy.actor.lib.TypeTest.initialize(TypeTest.java:250)
	at ptolemy.actor.Director.initialize(Director.java:938)
	at ptolemy.actor.Director.initialize(Director.java:907)
	at ptolemy.actor.sched.StaticSchedulingDirector.initialize(StaticSchedulingDirector.java:159)
	at ptolemy.domains.sdf.kernel.SDFDirector.initialize(SDFDirector.java:544)
	at ptolemy.actor.CompositeActor.initialize(CompositeActor.java:935)
	at ptolemy.actor.Manager.initialize(Manager.java:724)
	at ptolemy.actor.Manager.execute(Manager.java:356)
	at ptolemy.actor.Manager.run(Manager.java:1263)
	at ptolemy.actor.Manager$PtolemyRunThread.run(Manager.java:1915)
java.lang.reflect.InvocationTargetException
	at sun.reflect.NativeConstructorAccessorImpl.newInstance0(Native Method)
	at sun.reflect.NativeConstructorAccessorImpl.newInstance(NativeConstructorAccessorImpl.java:62)
	at sun.reflect.DelegatingConstructorAccessorImpl.newInstance(DelegatingConstructorAccessorImpl.java:45)
	at java.lang.reflect.Constructor.newInstance(Constructor.java:423)
	at ptolemy.util.test.junit.AutoKnownFailedTests.RunModel(AutoKnownFailedTests.java:105)
	at sun.reflect.NativeMethodAccessorImpl.invoke0(Native Method)
	at sun.reflect.NativeMethodAccessorImpl.invoke(NativeMethodAccessorImpl.java:62)
	at sun.reflect.DelegatingMethodAccessorImpl.invoke(DelegatingMethodAccessorImpl.java:43)
	at java.lang.reflect.Method.invoke(Method.java:498)
	at org.junit.runners.model.FrameworkMethod$1.runReflectiveCall(FrameworkMethod.java:44)
	at org.junit.internal.runners.model.ReflectiveCallable.run(ReflectiveCallable.java:15)
	at org.junit.runners.model.FrameworkMethod.invokeExplosively(FrameworkMethod.java:41)
	at junitparams.internal.InvokeParameterisedMethod.evaluate(InvokeParameterisedMethod.java:102)
	at org.junit.internal.runners.statements.FailOnTimeout$1.run(FailOnTimeout.java:28)
Caused by: ptolemy.kernel.util.IllegalActionException: TypeTest actor has no training data.
  in .sizedarray3.TypeTest
	at ptolemy.actor.lib.TypeTest.initialize(TypeTest.java:250)
	at ptolemy.actor.Director.initialize(Director.java:938)
	at ptolemy.actor.Director.initialize(Director.java:907)
	at ptolemy.actor.sched.StaticSchedulingDirector.initialize(StaticSchedulingDirector.java:159)
	at ptolemy.domains.sdf.kernel.SDFDirector.initialize(SDFDirector.java:544)
	at ptolemy.actor.CompositeActor.initialize(CompositeActor.java:935)
	at ptolemy.actor.Manager.initialize(Manager.java:724)
	at ptolemy.actor.Manager.execute(Manager.java:356)
	at ptolemy.actor.Manager.run(Manager.java:1263)
	at ptolemy.actor.Manager$PtolemyRunThread.run(Manager.java:1915)
]]></system-err>
</testsuite>
