<?xml version="1.0" encoding="UTF-8" ?>
<testsuite errors="0" failures="1" hostname="travis-job-8fce4cc1-64b8-42b4-8b63-fbf16feefa67" name="ptolemy.actor.lib.test.junit.JUnitTclTest" skipped="0" tests="517" time="64.175" timestamp="2019-10-13T06:23:46">
  <properties>
    <property name="npm.executable" value="npm" />
    <property name="env.TRAVIS_ROOT" value="/" />
    <property name="ptII.mk.exists" value="true" />
    <property name="env.TRAVIS_APP_HOST" value="build.travis-ci.org" />
    <property name="env.rvm_bin_path" value="/home/travis/.rvm/bin" />
    <property name="java.home" value="/usr/local/lib/jvm/openjdk11" />
    <property name="env.TRAVIS_JOB_NUMBER" value="1362.8" />
    <property name="env.TRAVIS_HOME" value="/home/travis" />
    <property name="env.DISPLAY" value=":99.0" />
    <property name="env.TRAVIS_INIT" value="systemd" />
    <property name="env.SSH_TTY" value="/dev/pts/0" />
    <property name="java.net.preferIPv4Stack" value="true" />
    <property name="env.RUN_TESTS" value="true" />
    <property name="timeout.short" value="1000000" />
    <property name="junit.formatter" value="xml" />
    <property name="env.TRAVIS_SUDO" value="true" />
    <property name="env.TRAVIS_JOB_NAME" value="" />
    <property name="env.TRAVIS_STACK_NODE_ATTRIBUTES" value="/.node-attributes.yml" />
    <property name="env.LOGNAME" value="travis" />
    <property name="env.PT_TRAVIS_TEST_CORE1_XML" value="true" />
    <property name="jsdoc.home" value="node_modules/@terraswarm/jsdoc" />
    <property name="debuglevel" value="source,lines,vars" />
    <property name="checkstyle.formatter" value="xml" />
    <property name="env._system_version" value="16.04" />
    <property name="bin.vergil.makeable" value="true" />
    <property name="sun.os.patch.level" value="unknown" />
    <property name="java.vendor.url" value="http://java.oracle.com/" />
    <property name="env.TRAVIS_BUILD_WEB_URL" value="https://travis-ci.org/icyphy/ptII/builds/597176575" />
    <property name="java.version" value="11.0.2" />
    <property name="env.TZ" value="UTC" />
    <property name="env.TRAVIS_PULL_REQUEST_SHA" value="" />
    <property name="env.PT_NO_NET" value="true" />
    <property name="env.TRAVIS_SECURE_ENV_VARS" value="true" />
    <property name="env._system_type" value="Linux" />
    <property name="java.vendor.url.bug" value="http://bugreport.java.com/bugreport/" />
    <property name="npmjs-org-is-up" value="true" />
    <property name="env.LANGUAGE" value="en_US.UTF-8" />
    <property name="env.SSH_CLIENT" value="10.24.0.36 36396 22" />
    <property name="env.GEM_HOME" value="/home/travis/.rvm/gems/ruby-2.5.3" />
    <property name="env.HAS_ANTARES_THREE_LITTLE_FRONZIES_BADGE" value="true" />
    <property name="java.version.date" value="2019-01-15" />
    <property name="env.PS4" value="+" />
    <property name="ant.project.invoked-targets" value="build,test.core1.xml" />
    <property name="env.TRAVIS_PULL_REQUEST_BRANCH" value="" />
    <property name="env.TRAVIS_REPO_SLUG" value="icyphy/ptII" />
    <property name="env.XDG_DATA_DIRS" value="/usr/local/share:/usr/share:/var/lib/snapd/desktop" />
    <property name="jdk.debug" value="release" />
    <property name="env.TRAVIS_APT_PROXY" value="http://apt.cache.travis-ci.com" />
    <property name="node.in.path" value="true" />
    <property name="user.name" value="travis" />
    <property name="java.maxmemory" value="1400m" />
    <property name="env.RUBY_VERSION" value="ruby-2.5.3" />
    <property name="env.LANG" value="en_US.UTF-8" />
    <property name="sun.io.unicode.encoding" value="UnicodeLittle" />
    <property name="sun.jnu.encoding" value="UTF-8" />
    <property name="java.runtime.name" value="OpenJDK Runtime Environment" />
    <property name="usefile" value="false" />
    <property name="return.code" value="0" />
    <property name="junit.single.formatter" value="plain" />
    <property name="env.DYLD_LIBRARY_PATH" value="/home/travis/pthla/certi-tools/lib:" />
    <property name="env.DEBIAN_FRONTEND" value="noninteractive" />
    <property name="env.SSH_CONNECTION" value="10.24.0.36 36396 10.20.0.102 22" />
    <property name="env.MYSQL_UNIX_PORT" value="/var/run/mysqld/mysqld.sock" />
    <property name="env.LC_ALL" value="en_US.UTF-8" />
    <property name="env.TRAVIS_ALLOW_FAILURE" value="false" />
    <property name="env.TRAVIS_JOB_WEB_URL" value="https://travis-ci.org/icyphy/ptII/jobs/597176583" />
    <property name="java.specification.name" value="Java Platform API Specification" />
    <property name="node.works" value="true" />
    <property name="user.timezone" value="" />
    <property name="path.separator" value=":" />
    <property name="env.TRAVIS_ENABLE_INFRA_DETECTION" value="true" />
    <property name="env.PYTHON_CFLAGS" value="-g -fstack-protector --param=ssp-buffer-size=4 -Wformat -Werror=format-security" />
    <property name="timeout.long" value="4000000" />
    <property name="env.CERTI_HOME" value="/home/travis/pthla/certi-tools" />
    <property name="ant.file.ptII" value="/home/travis/build/icyphy/ptII/build.xml" />
    <property name="javadoc.packagenames" value="com.*,diva.*,lbnl.*,org.hlacerti.*,org.json.*,org.ptolemy.*,org.terraswarm.*,ptolemy.*,ptserver.*" />
    <property name="file.encoding" value="UTF-8" />
    <property name="env.TRAVIS_PULL_REQUEST_SLUG" value="" />
    <property name="ant.project.default-target" value="build" />
    <property name="env.GIT_ASKPASS" value="echo" />
    <property name="env.HOME" value="/home/travis" />
    <property name="sun.java.command" value="org.apache.tools.ant.taskdefs.optional.junit.JUnitTestRunner ptolemy.actor.lib.test.junit.JUnitTclTest skipNonTests=false filtertrace=true haltOnError=false haltOnFailure=false formatter=org.apache.tools.ant.taskdefs.optional.junit.OutErrSummaryJUnitResultFormatter showoutput=true outputtoformatters=true logfailedtests=true threadid=0 logtestlistenerevents=false formatter=org.apache.tools.ant.taskdefs.optional.junit.XMLJUnitResultFormatter,/home/travis/build/icyphy/ptII/reports/junit/TEST-ptolemy.actor.lib.test.junit.JUnitTclTest.xml crashfile=/home/travis/build/icyphy/ptII/junitvmwatcher9802858738348076594.properties propsfile=/home/travis/build/icyphy/ptII/junit3945829283464211413.properties" />
    <property name="env.COMPOSER_NO_INTERACTION" value="1" />
    <property name="env.MANPATH" value="/home/travis/.nvm/versions/node/v7.10.1/share/man:/home/travis/.rvm/rubies/ruby-2.5.3/share/man:/usr/local/cmake-3.12.4/man:/usr/local/clang-7.0.0/share/man:/usr/local/man:/usr/local/share/man:/usr/share/man:/home/travis/.rvm/man" />
    <property name="env.TRAVIS_TIMER_ID" value="0c1ffd8c" />
    <property name="ant.file" value="/home/travis/build/icyphy/ptII/build.xml" />
    <property name="env.TRAVIS_COMMIT_RANGE" value="88f03a27763bfaa83d68e8c126d7dc69b4b351f6...948bf656f66248ff65af09b7e6cc9885ef1f544d" />
    <property name="env._system_name" value="Ubuntu" />
    <property name="ptII.classpath.optional.property" value="/home/travis/build/icyphy/ptII/lib/bsh-2.0b4.jar:/home/travis/build/icyphy/ptII/lib/ptCal.jar:/home/travis/build/icyphy/ptII/lib/java_cup.jar:/home/travis/build/icyphy/ptII/lib/saxon8.jar:/home/travis/build/icyphy/ptII/lib/saxon8-dom.jar:/home/travis/build/icyphy/ptII/lib/chic.jar:/home/travis/build/icyphy/ptII/lib/ptcolt.jar:/home/travis/build/icyphy/ptII/vendors/misc/itext/iText.jar:/home/travis/build/icyphy/ptII/lib/g4ltl.jar:/home/travis/build/icyphy/ptII/lib/StructuralCoder.jar:/home/travis/build/icyphy/ptII/lib/jcerti.jar:/home/travis/build/icyphy/ptII/lib/javax.mail.jar:/home/travis/build/icyphy/ptII/vendors/JMF-2.1.1e/lib/jmf.jar:/home/travis/build/icyphy/ptII/lib/jna-4.0.0-variadic.jar:/home/travis/build/icyphy/ptII/vendors/misc/joystick/Joystick.jar:/home/travis/build/icyphy/ptII/lib/ptjacl.jar:/home/travis/build/icyphy/ptII/lib/jsoup-1.8.2.jar:/home/travis/build/icyphy/ptII/lib/junit-4.8.2.jar:/home/travis/build/icyphy/ptII/lib/JUnitParams-0.4.0.jar:/home/travis/build/icyphy/ptII/ptolemy/actor/lib/excel/jxl.jar:/home/travis/build/icyphy/ptII/lib/jython.jar:/home/travis/build/icyphy/ptII/lib/kieler.jar:/home/travis/build/icyphy/ptII/vendors/opencv/share/OpenCV/java/opencv-341.jar:/home/travis/build/icyphy/ptII/lib/oscP5.jar:/home/travis/build/icyphy/ptII/lib/nrjavaserial-3.11.0.devel.jar:/home/travis/build/icyphy/ptII/vendors/j3d/lib/Linux/j3dcore.jar:/home/travis/build/icyphy/ptII/vendors/j3d/lib/Linux/j3dutils.jar:/home/travis/build/icyphy/ptII/vendors/j3d/lib/Linux/vecmath.jar:/home/travis/build/icyphy/ptII/vendors/jogl/lib/Linux/gluegen-rt-natives-linux-amd64.jar:/home/travis/build/icyphy/ptII/vendors/jogl/lib/Linux/gluegen-rt.jar:/home/travis/build/icyphy/ptII/vendors/jogl/lib/Linux/jogl-all-natives-linux-amd64.jar:/home/travis/build/icyphy/ptII/vendors/jogl/lib/Linux/jogl-all.jar:/home/travis/build/icyphy/ptII/ptolemy/distributed/jini/jar/jini-core.jar:/home/travis/build/icyphy/ptII/ptolemy/distributed/jini/jar/jini-ext.jar:/home/travis/build/icyphy/ptII/ptolemy/distributed/jini/jar/sun-util.jar:/home/travis/build/icyphy/ptII/lib/protobuf-java-2.4.1.jar:/home/travis/build/icyphy/ptII/lib/org.eclipse.paho.client.mqttv3.jar:/home/travis/build/icyphy/ptII/lib/mapss.jar:/home/travis/build/icyphy/ptII/ptolemy/actor/ptalon/antlr/antlr.jar:/home/travis/build/icyphy/ptII/lib/JRI.jar:/home/travis/build/icyphy/ptII/lib/commons-lang-2.6.jar:/home/travis/build/icyphy/ptII/lib/commons-logging-1.1.1.jar:/home/travis/build/icyphy/ptII/lib/sootclasses.jar:/home/travis/build/icyphy/ptII/ptolemy/actor/lib/database/mysql-connector-java-5.1.6-bin.jar:/home/travis/build/icyphy/ptII/vendors/misc/sphinx4/sphinx4-data-5prealpha.jar:/home/travis/build/icyphy/ptII/vendors/misc/sphinx4/sphinx4-core-5prealpha.jar:/home/travis/build/icyphy/ptII/lib/PDFRenderer.jar:/home/travis/build/icyphy/ptII/lib/svgSalamander.jar:/home/travis/build/icyphy/ptII/lib/rsyntaxtextarea-2.6.0-SNAPSHOT.jar:/home/travis/build/icyphy/ptII/lib/hazelcast-3.8.2.jar:/home/travis/build/icyphy/ptII/lib/jackson-annotations-2.9.0.jar:/home/travis/build/icyphy/ptII/lib/jackson-core-2.9.3.jar:/home/travis/build/icyphy/ptII/lib/jackson-databind-2.9.3.jar:/home/travis/build/icyphy/ptII/lib/netty-buffer-4.1.19.Final.jar:/home/travis/build/icyphy/ptII/lib/netty-codec-4.1.19.Final.jar:/home/travis/build/icyphy/ptII/lib/netty-codec-dns-4.1.19.Final.jar:/home/travis/build/icyphy/ptII/lib/netty-codec-http-4.1.19.Final.jar:/home/travis/build/icyphy/ptII/lib/netty-codec-http2-4.1.19.Final.jar:/home/travis/build/icyphy/ptII/lib/netty-common-4.1.19.Final.jar:/home/travis/build/icyphy/ptII/lib/netty-handler-4.1.19.Final.jar:/home/travis/build/icyphy/ptII/lib/netty-resolver-4.1.19.Final.jar:/home/travis/build/icyphy/ptII/lib/netty-resolver-dns-4.1.19.Final.jar:/home/travis/build/icyphy/ptII/lib/netty-transport-4.1.19.Final.jar:/home/travis/build/icyphy/ptII/lib/vertx-codegen-3.5.1.jar:/home/travis/build/icyphy/ptII/lib/vertx-core-3.5.2-SNAPSHOT.jar:/home/travis/build/icyphy/ptII/lib/vertx-hazelcast-3.5.1.jar:/home/travis/build/icyphy/ptII/lib/vertx-lang-js-3.5.1.jar:/home/travis/build/icyphy/ptII/lib/vertx-service-proxy-3.5.1.jar:/home/travis/build/icyphy/ptII/lib/vertx-web-3.5.1.jar:/home/travis/build/icyphy/ptII/lib/slf4j-api-1.7.13.jar:/home/travis/build/icyphy/ptII/lib/slf4j-simple-1.7.13.jar:/home/travis/build/icyphy/ptII/lib/webcam-capture-0.3.12.jar:/home/travis/build/icyphy/ptII/lib/bridj-0.7.0.jar:/home/travis/build/icyphy/ptII/lib/xbjlib-1.1.0.nrjavaserial.jar" />
    <property name="timeout" value="2400000" />
    <property name="test.batch" value="**/junit/*.java" />
    <property name="env._" value="/usr/bin/timeout" />
    <property name="java.io.tmpdir" value="/tmp" />
    <property name="user.language" value="en" />
    <property name="env.TRAVIS_INTERNAL_RUBY_REGEX" value="^ruby-(2\.[0-4]\.[0-9]|1\.9\.3)" />
    <property name="env.HISTCONTROL" value="ignoredups:ignorespace" />
    <property name="env.GOROOT" value="/home/travis/.gimme/versions/go1.11.1.linux.amd64" />
    <property name="line.separator" value="&#xa;" />
    <property name="target" value="11" />
    <property name="env.TRAVIS_BUILD_DIR" value="/home/travis/build/icyphy/ptII" />
    <property name="env.ANT_OPTS" value="-Xmx2048m" />
    <property name="ant.file.type" value="file" />
    <property name="ptolemy.ptII.batchMode" value="true" />
    <property name="env.HISTSIZE" value="1000" />
    <property name="env.MERB_ENV" value="test" />
    <property name="java.vm.info" value="mixed mode" />
    <property name="source" value="11" />
    <property name="java.vm.specification.name" value="Java Virtual Machine Specification" />
    <property name="env.TRAVIS_TEST_RESULT" value="0" />
    <property name="jsdoc.command" value="node_modules/@terraswarm/jsdoc/jsdoc.js" />
    <property name="npm.works" value="true" />
    <property name="cobertura.dir" value="/home/travis/build/icyphy/ptII/vendors/cobertura-2.0.3" />
    <property name="jsdoc.command.exists" value="true" />
    <property name="env.rvm_path" value="/home/travis/.rvm" />
    <property name="env.GEM_PATH" value="/home/travis/.rvm/gems/ruby-2.5.3:/home/travis/.rvm/gems/ruby-2.5.3@global" />
    <property name="env.LC_CTYPE" value="en_US.UTF-8" />
    <property name="env.TRAVIS_CMD" value="$PTII/bin/ptIITravisBuild.sh $SECONDS" />
    <property name="java.awt.printerjob" value="sun.print.PSPrinterJob" />
    <property name="env.TRAVIS_STACK_NAME" value="sardonyx" />
    <property name="env.TRAVIS_TIMER_START_TIME" value="1570947147758623658" />
    <property name="ant.version" value="Apache Ant(TM) version 1.10.1 compiled on February 2 2017" />
    <property name="ptII.reports" value="/home/travis/build/icyphy/ptII/reports" />
    <property name="env.TRAVIS_STACK_TIMESTAMP" value="2019-03-25 16:16:56 UTC" />
    <property name="ant.file.type.ptII" value="file" />
    <property name="env.RBENV_SHELL" value="bash" />
    <property name="os.name" value="Linux" />
    <property name="java.specification.vendor" value="Oracle Corporation" />
    <property name="env.rvm_version" value="1.29.7 (latest)" />
    <property name="env.TRAVIS_INFRA" value="gce" />
    <property name="env.TERM" value="xterm" />
    <property name="java.vm.name" value="OpenJDK 64-Bit Server VM" />
    <property name="env.TRAVIS_BUILD_NUMBER" value="1362" />
    <property name="env.CI" value="true" />
    <property name="java.library.path" value="/home/travis/pthla/certi-tools/lib:/usr/lib/jni:/usr/local/share/OpenCV/java/:/usr/share/OpenCV/java::/usr/java/packages/lib:/usr/lib64:/lib64:/lib:/usr/lib" />
    <property name="jdk.module.path" value="/home/travis/build/icyphy/ptII/vendors/javafx/javafx-sdk-11.0.2/lib:" />
    <property name="env.rvm_prefix" value="/home/travis" />
    <property name="env.PATH" value="/home/travis/pthla/certi-tools/share/scripts:/home/travis/.rvm/gems/ruby-2.5.3/bin:/home/travis/.rvm/gems/ruby-2.5.3@global/bin:/home/travis/.rvm/rubies/ruby-2.5.3/bin:/home/travis/.rvm/bin:/home/travis/.nvm/versions/node/v7.10.1/bin:./node_modules/.bin:/home/travis/build/icyphy/ptII/bin:/home/travis/pthla/certi-tools/bin:/home/travis/bin:/home/travis/.local/bin:/usr/local/lib/jvm/openjdk11/bin:/opt/pyenv/shims:/home/travis/.phpenv/shims:/home/travis/perl5/perlbrew/bin:/home/travis/gopath/bin:/home/travis/.gimme/versions/go1.11.1.linux.amd64/bin:/usr/local/maven-3.6.0/bin:/usr/local/cmake-3.12.4/bin:/usr/local/clang-7.0.0/bin:/usr/local/sbin:/usr/local/bin:/usr/sbin:/usr/bin:/sbin:/bin:/snap/bin:/home/travis/.phpenv/bin:/opt/pyenv/bin:/home/travis/.yarn/bin" />
    <property name="env.TRAVIS_OS_NAME" value="linux" />
    <property name="ant.java.version" value="9" />
    <property name="basedir" value="/home/travis/build/icyphy/ptII" />
    <property name="java.class.version" value="55.0" />
    <property name="env.SHLVL" value="3" />
    <property name="env.LD_LIBRARY_PATH" value="/home/travis/pthla/certi-tools/lib:/usr/lib/jni:/usr/local/share/OpenCV/java/:/usr/share/OpenCV/java:" />
    <property name="env.RACK_ENV" value="test" />
    <property name="ant.home" value="/home/travis/build/icyphy/ptII/ant" />
    <property name="env.NVM_DIR" value="/home/travis/.nvm" />
    <property name="env.CERTI_FOM_PATH" value="/home/travis/pthla/certi-tools/share/federations" />
    <property name="env.TRAVIS_BUILD_ID" value="597176575" />
    <property name="env.PYENV_ROOT" value="/opt/pyenv" />
    <property name="env.TRAVIS_UID" value="2000" />
    <property name="prism.verbose" value="true" />
    <property name="env.NVM_BIN" value="/home/travis/.nvm/versions/node/v7.10.1/bin" />
    <property name="env.TRAVIS_COMMIT" value="948bf656f66248ff65af09b7e6cc9885ef1f544d" />
    <property name="env._system_arch" value="x86_64" />
    <property name="node.executable" value="node" />
    <property name="sun.boot.library.path" value="/usr/local/lib/jvm/openjdk11/lib" />
    <property name="sun.management.compiler" value="HotSpot 64-Bit Tiered Compilers" />
    <property name="java.awt.graphicsenv" value="sun.awt.X11GraphicsEnvironment" />
    <property name="env.GOPATH" value="/home/travis/gopath" />
    <property name="ptolemy.ptII.dir" value="/home/travis/build/icyphy/ptII" />
    <property name="env.USER" value="travis" />
    <property name="env.HISTFILESIZE" value="2000" />
    <property name="timeout.longest" value="19000000" />
    <property name="env.PERLBREW_SHELLRC_VERSION" value="0.86" />
    <property name="env.TRAVIS_STACK_FEATURES" value="basic couchdb disabled-ipv6 docker docker-compose elasticsearch firefox go-toolchain google-chrome jdk memcached mongodb mysql nodejs_interpreter perl_interpreter perlbrew phantomjs postgresql python_interpreter redis ruby_interpreter sqlite xserver" />
    <property name="env.TRAVIS_PULL_REQUEST" value="false" />
    <property name="env.PYENV_SHELL" value="bash" />
    <property name="ant.project.name" value="ptII" />
    <property name="env.ANSI_RESET" value="\033[0m" />
    <property name="java.vm.specification.version" value="11" />
    <property name="env.TRAVIS_DIST" value="xenial" />
    <property name="env.CERTI_VERSION" value="4.0.0" />
    <property name="env.CERTI_HOST" value="localhost" />
    <property name="awt.toolkit" value="sun.awt.X11.XToolkit" />
    <property name="env.MY_RUBY_HOME" value="/home/travis/.rvm/rubies/ruby-2.5.3" />
    <property name="sun.cpu.isalist" value="" />
    <property name="env.TRAVIS_TMPDIR" value="/tmp/tmp.lxy5SYVSPA" />
    <property name="java.vm.compressedOopsMode" value="Zero based" />
    <property name="os.version" value="4.15.0-1028-gcp" />
    <property name="user.home" value="/home/travis" />
    <property name="java.vm.vendor" value="Oracle Corporation" />
    <property name="env.TRAVIS_TAG" value="nightly" />
    <property name="env.ANSI_YELLOW" value="\033[33;1m" />
    <property name="env.TRAVIS_FILTERED" value="redirect_io" />
    <property name="env.ANSI_GREEN" value="\033[32;1m" />
    <property name="env.JAVA_HOME" value="/usr/local/lib/jvm/openjdk11" />
    <property name="javadoc.excludepackagenames" value="adm.cvs2svn.*,build.*,config.*,doc.coding.templates.*,jni.test.jni.meaningOfLife.*,jni.test.jni.testDeux.*,jni.test.jni.testTrois.*,org.terraswarm.accessor.accessors.web.node_modules.*,org.terraswarm.accessor.accessors.web.hosts.cordova.demo.*,org.terraswarm.accessor.accessors.web.hosts.cordova.plugins.*,org.terraswarm.accessor.accessors-svn.*,pt-modules.*,ptolemy.apps.agilent.*,ptolemy.apps.anytimecontrol.*,ptolemy.apps.apes.*,ptolemy.apps.charon.*,ptolemy.apps.crazyboard.*,ptolemy.apps.eclipse.*,ptolemy.apps.etherealSting.*,ptolemy.apps.fullscreen.*,ptolemy.apps.giotto.*,ptolemy.apps.ia.*,ptolemy.apps.interfaces.*,ptolemy.apps.jmf.*,ptolemy.apps.kurt.*,ptolemy.apps.kvm.*,ptolemy.apps.lego.*,ptolemy.apps.lejos.*,ptolemy.apps.midp.*,ptolemy.apps.mobileCoding.*,ptolemy.apps.pendulum.*,ptolemy.apps.rijndael.*,ptolemy.apps.robot.*,ptolemy.apps.security.*,ptolemy.apps.sobel.*,ptolemy.apps.soot.*,ptolemy.apps.throttle.*,ptolemy.apps.tini.*,ptolemy.apps.transmission.*,ptolemy.apps.vergil.*,ptolemy.apps.waba.*,ptolemy.apps.websensor.*,ptolemy.apps.webstart.*,ptolemy.apps.xsl.*,ptolemy.apps.zaurus.*,ptolemy.codegen.c.actor.lib.oldJavaFiles.*,ptolemy.codegen.dsp.lib.*,ptolemy.codegen.kernel.newInterfaces.*,ptolemy.codegen.lib.*,ptolemy.copernicus.kernel.fragment.*,ptolemy.copernicus.shallow.cg.*,ptolemy.domains.giotto.demo.Hierarchy.Hierarchy.*,ptolemy.domains.giotto.demo.Multimode.Multimode.*,ptolemy.domains.giotto.demo.Simple.Simple.*,ptolemy.domains.gr.lib.experimental.*,ptolemy.domains.gro.*,ptolemy.domains.pdf.*,ptolemy.domains.ptinyos.demo.Surge.output.*,ptolemy.moml.test.NoPackageActor.java*,ptolemy.plot.adm.*,ptolemy.plot.servlet.*,reports.*,signed.*,src.*,target.*,vendors.*,ptolemy.copernicus.applet.*,ptolemy.media.viewer.*,ptolemy.actor.corba.*,doc.doclets.*,ptolemy.apps.eclipse.awt.*,ptolemy.backtrack.*,ptolemy.backtrack.ast.*,ptolemy.cg.adapter.generic.program.procedural.c.mbed*,ptolemy.homer.*,ptolemy.actor.lib.jai.*,org.ptolemy.scala.*,diva.util.java2d.svg.*,ptolemy.domains.ptinyos.*,ptolemy.actor.lib.fmi.fmipp.*,,org.terraswarm.accessor.accessors.web.node_modules.*,org.terraswarm.accessor.accessors-svn,ptolemy.apps.*,ptolemy.actor.ptalon.demo.ptinyos.SendAndReceiveCnt.output,ptolemy.actor.ptalon.demo.ptinyos.SenseToLeds.output,ptolemy.domains.ptinyos.demo.CntToLedsAndRfm.output,ptolemy.domains.ptinyos.demo.RfmToLeds.output,ptolemy.domains.ptinyos.demo.SendAndReceiveCnt.output,ptolemy.domains.ptinyos.demo.SenseToLeds.output,ptolemy.actor.lib.jjs.modules.udpSocket.*" />
    <property name="env.PTII" value="/home/travis/build/icyphy/ptII" />
    <property name="env.XDG_SESSION_ID" value="2" />
    <property name="keystore" value="ptKeystore" />
    <property name="env.TRAVIS_COMMIT_MESSAGE" value="Updating org.hlacerti.models.StaticMultiInstanceJoker." />
    <property name="junit.output.dir" value="/home/travis/build/icyphy/ptII/reports/junit" />
    <property name="npm.return.code" value="0" />
    <property name="user.dir" value="/home/travis/build/icyphy/ptII/ptolemy/actor/lib/test" />
    <property name="env.TRAVIS_NODE_VERSION" value="7" />
    <property name="env.TRAVIS_EVENT_TYPE" value="cron" />
    <property name="env.MAIL" value="/var/mail/travis" />
    <property name="env.PERLBREW_ROOT" value="/home/travis/perl5/perlbrew" />
    <property name="env.PWD" value="/home/travis/build/icyphy/ptII" />
    <property name="timeout.npm" value="45000" />
    <property name="env.TRAVIS_ARCH" value="amd64" />
    <property name="sun.cpu.endian" value="little" />
    <property name="env.PAGER" value="cat" />
    <property name="env.TRAVIS_BUILD_STAGE_NAME" value="Test" />
    <property name="env.PERLBREW_HOME" value="/home/travis/.perlbrew" />
    <property name="java.vm.version" value="11.0.2+9" />
    <property name="env.RAILS_ENV" value="test" />
    <property name="java.class.path" value="/home/travis/.ptolemyII:/home/travis/.ptolemyII/*:/home/travis/build/icyphy/ptII:/home/travis/build/icyphy/ptII/lib/bsh-2.0b4.jar:/home/travis/build/icyphy/ptII/lib/ptCal.jar:/home/travis/build/icyphy/ptII/lib/java_cup.jar:/home/travis/build/icyphy/ptII/lib/saxon8.jar:/home/travis/build/icyphy/ptII/lib/saxon8-dom.jar:/home/travis/build/icyphy/ptII/lib/chic.jar:/home/travis/build/icyphy/ptII/lib/ptcolt.jar:/home/travis/build/icyphy/ptII/vendors/misc/itext/iText.jar:/home/travis/build/icyphy/ptII/lib/g4ltl.jar:/home/travis/build/icyphy/ptII/lib/StructuralCoder.jar:/home/travis/build/icyphy/ptII/lib/jcerti.jar:/home/travis/build/icyphy/ptII/lib/javax.mail.jar:/home/travis/build/icyphy/ptII/vendors/JMF-2.1.1e/lib/jmf.jar:/home/travis/build/icyphy/ptII/lib/jna-4.0.0-variadic.jar:/home/travis/build/icyphy/ptII/vendors/misc/joystick/Joystick.jar:/home/travis/build/icyphy/ptII/lib/ptjacl.jar:/home/travis/build/icyphy/ptII/lib/jsoup-1.8.2.jar:/home/travis/build/icyphy/ptII/lib/junit-4.8.2.jar:/home/travis/build/icyphy/ptII/lib/JUnitParams-0.4.0.jar:/home/travis/build/icyphy/ptII/ptolemy/actor/lib/excel/jxl.jar:/home/travis/build/icyphy/ptII/lib/jython.jar:/home/travis/build/icyphy/ptII/lib/kieler.jar:/home/travis/build/icyphy/ptII/vendors/opencv/share/OpenCV/java/opencv-341.jar:/home/travis/build/icyphy/ptII/lib/oscP5.jar:/home/travis/build/icyphy/ptII/lib/nrjavaserial-3.11.0.devel.jar:/home/travis/build/icyphy/ptII/vendors/j3d/lib/Linux/j3dcore.jar:/home/travis/build/icyphy/ptII/vendors/j3d/lib/Linux/j3dutils.jar:/home/travis/build/icyphy/ptII/vendors/j3d/lib/Linux/vecmath.jar:/home/travis/build/icyphy/ptII/vendors/jogl/lib/Linux/gluegen-rt-natives-linux-amd64.jar:/home/travis/build/icyphy/ptII/vendors/jogl/lib/Linux/gluegen-rt.jar:/home/travis/build/icyphy/ptII/vendors/jogl/lib/Linux/jogl-all-natives-linux-amd64.jar:/home/travis/build/icyphy/ptII/vendors/jogl/lib/Linux/jogl-all.jar:/home/travis/build/icyphy/ptII/ptolemy/distributed/jini/jar/jini-core.jar:/home/travis/build/icyphy/ptII/ptolemy/distributed/jini/jar/jini-ext.jar:/home/travis/build/icyphy/ptII/ptolemy/distributed/jini/jar/sun-util.jar:/home/travis/build/icyphy/ptII/lib/protobuf-java-2.4.1.jar:/home/travis/build/icyphy/ptII/lib/org.eclipse.paho.client.mqttv3.jar:/home/travis/build/icyphy/ptII/lib/mapss.jar:/home/travis/build/icyphy/ptII/ptolemy/actor/ptalon/antlr/antlr.jar:/home/travis/build/icyphy/ptII/lib/JRI.jar:/home/travis/build/icyphy/ptII/lib/commons-lang-2.6.jar:/home/travis/build/icyphy/ptII/lib/commons-logging-1.1.1.jar:/home/travis/build/icyphy/ptII/lib/sootclasses.jar:/home/travis/build/icyphy/ptII/ptolemy/actor/lib/database/mysql-connector-java-5.1.6-bin.jar:/home/travis/build/icyphy/ptII/vendors/misc/sphinx4/sphinx4-data-5prealpha.jar:/home/travis/build/icyphy/ptII/vendors/misc/sphinx4/sphinx4-core-5prealpha.jar:/home/travis/build/icyphy/ptII/lib/PDFRenderer.jar:/home/travis/build/icyphy/ptII/lib/svgSalamander.jar:/home/travis/build/icyphy/ptII/lib/rsyntaxtextarea-2.6.0-SNAPSHOT.jar:/home/travis/build/icyphy/ptII/lib/hazelcast-3.8.2.jar:/home/travis/build/icyphy/ptII/lib/jackson-annotations-2.9.0.jar:/home/travis/build/icyphy/ptII/lib/jackson-core-2.9.3.jar:/home/travis/build/icyphy/ptII/lib/jackson-databind-2.9.3.jar:/home/travis/build/icyphy/ptII/lib/netty-buffer-4.1.19.Final.jar:/home/travis/build/icyphy/ptII/lib/netty-codec-4.1.19.Final.jar:/home/travis/build/icyphy/ptII/lib/netty-codec-dns-4.1.19.Final.jar:/home/travis/build/icyphy/ptII/lib/netty-codec-http-4.1.19.Final.jar:/home/travis/build/icyphy/ptII/lib/netty-codec-http2-4.1.19.Final.jar:/home/travis/build/icyphy/ptII/lib/netty-common-4.1.19.Final.jar:/home/travis/build/icyphy/ptII/lib/netty-handler-4.1.19.Final.jar:/home/travis/build/icyphy/ptII/lib/netty-resolver-4.1.19.Final.jar:/home/travis/build/icyphy/ptII/lib/netty-resolver-dns-4.1.19.Final.jar:/home/travis/build/icyphy/ptII/lib/netty-transport-4.1.19.Final.jar:/home/travis/build/icyphy/ptII/lib/vertx-codegen-3.5.1.jar:/home/travis/build/icyphy/ptII/lib/vertx-core-3.5.2-SNAPSHOT.jar:/home/travis/build/icyphy/ptII/lib/vertx-hazelcast-3.5.1.jar:/home/travis/build/icyphy/ptII/lib/vertx-lang-js-3.5.1.jar:/home/travis/build/icyphy/ptII/lib/vertx-service-proxy-3.5.1.jar:/home/travis/build/icyphy/ptII/lib/vertx-web-3.5.1.jar:/home/travis/build/icyphy/ptII/lib/slf4j-api-1.7.13.jar:/home/travis/build/icyphy/ptII/lib/slf4j-simple-1.7.13.jar:/home/travis/build/icyphy/ptII/lib/webcam-capture-0.3.12.jar:/home/travis/build/icyphy/ptII/lib/bridj-0.7.0.jar:/home/travis/build/icyphy/ptII/lib/xbjlib-1.1.0.nrjavaserial.jar:/home/travis/build/icyphy/ptII/ptolemy/moml/test:/home/travis/build/icyphy/ptII/ant/lib/ant-launcher.jar:/home/travis/build/icyphy/ptII/ant/lib/ant.jar:/home/travis/build/icyphy/ptII/ant/lib/ant-junit.jar:/home/travis/build/icyphy/ptII/ant/lib/ant-junit4.jar" />
    <property name="ant.library.dir" value="/home/travis/build/icyphy/ptII/ant/lib" />
    <property name="os.arch" value="amd64" />
    <property name="env.CONTINUOUS_INTEGRATION" value="true" />
    <property name="env.TRAVIS_LANGUAGE" value="node_js" />
    <property name="env.TRAVIS_STACK_LANGUAGES" value="__sardonyx__ c c++ clojure cplusplus cpp default generic go groovy java node_js php pure_java python ruby scala" />
    <property name="test.name" value="ptolemy.actor.lib.test.junit.JUnitTclTest" />
    <property name="env.APT_KEY_DONT_WARN_ON_DANGEROUS_USAGE" value="1" />
    <property name="sun.java.launcher" value="SUN_STANDARD" />
    <property name="env.PYTHON_CONFIGURE_OPTS" value="--enable-unicode=ucs4 --with-wide-unicode --enable-shared --enable-ipv6 --enable-loadable-sqlite-extensions --with-computed-gotos" />
    <property name="ant.core.lib" value="/home/travis/build/icyphy/ptII/ant/lib/ant.jar" />
    <property name="java.vm.specification.vendor" value="Oracle Corporation" />
    <property name="env.BCVTB_HOME" value="/home/travis/build/icyphy/ptII/lbnl" />
    <property name="file.separator" value="/" />
    <property name="spotbugs.home" value="/home/travis/build/icyphy/ptII/vendors/spotbugs-3.1.1" />
    <property name="java.runtime.version" value="11.0.2+9" />
    <property name="env.ANSI_CLEAR" value="\033[0K" />
    <property name="javafx.verbose" value="true" />
    <property name="env.HAS_JOSH_K_SEAL_OF_APPROVAL" value="true" />
    <property name="env.XDG_RUNTIME_DIR" value="/run/user/2000" />
    <property name="env.TRAVIS_OSX_IMAGE" value="" />
    <property name="env.TRAVIS_JOB_ID" value="597176583" />
    <property name="env.TRAVIS_BRANCH" value="master" />
    <property name="user.country" value="US" />
    <property name="env.CERTI_HOME_TRAVIS" value="/home/travis/pthla/certi-tools" />
    <property name="env.SHELL" value="/bin/bash" />
    <property name="java.maxmemory.large" value="3200m" />
    <property name="model" value="" />
    <property name="env.CASHER_DIR" value="/home/travis/.casher" />
    <property name="env.NVM_CD_FLAGS" value="" />
    <property name="java.vendor.version" value="18.9" />
    <property name="jshint.executable" value="/home/travis/node_modules/jshint/bin/jshint" />
    <property name="env.JRUBY_OPTS" value=" --client -J-XX:+TieredCompilation -J-XX:TieredStopAtLevel=1 -J-Xss2m -Xcompile.invokedynamic=false" />
    <property name="java.vendor" value="Oracle Corporation" />
    <property name="env.TRAVIS_PRE_CHEF_BOOTSTRAP_TIME" value="2019-03-25T16:16:42" />
    <property name="env.TRAVIS_STACK_JOB_BOARD_REGISTER" value="/.job-board-register.yml" />
    <property name="env.ANSI_RED" value="\033[31;1m" />
    <property name="java.specification.version" value="11" />
    <property name="env.IRBRC" value="/home/travis/.rvm/rubies/ruby-2.5.3/.irbrc" />
    <property name="env.TRAVIS" value="true" />
    <property name="sun.arch.data.model" value="64" />
  </properties>
  <testcase classname="ptolemy.util.test.junit.TclTests" name="[0] /home/travis/build/icyphy/ptII/ptolemy/actor/lib/test/AbsoluteValue.tcl (RunTclFile)" time="0.562" />
  <testcase classname="ptolemy.util.test.junit.TclTests" name="[1] /home/travis/build/icyphy/ptII/ptolemy/actor/lib/test/AddSubtract.tcl (RunTclFile)" time="0.134" />
  <testcase classname="ptolemy.util.test.junit.TclTests" name="[2] /home/travis/build/icyphy/ptII/ptolemy/actor/lib/test/Average.tcl (RunTclFile)" time="0.036" />
  <testcase classname="ptolemy.util.test.junit.TclTests" name="[3] /home/travis/build/icyphy/ptII/ptolemy/actor/lib/test/Bernoulli.tcl (RunTclFile)" time="0.041" />
  <testcase classname="ptolemy.util.test.junit.TclTests" name="[4] /home/travis/build/icyphy/ptII/ptolemy/actor/lib/test/Clock.tcl (RunTclFile)" time="0.085" />
  <testcase classname="ptolemy.util.test.junit.TclTests" name="[5] /home/travis/build/icyphy/ptII/ptolemy/actor/lib/test/Commutator.tcl (RunTclFile)" time="0.108" />
  <testcase classname="ptolemy.util.test.junit.TclTests" name="[6] /home/travis/build/icyphy/ptII/ptolemy/actor/lib/test/Const.tcl (RunTclFile)" time="0.113" />
  <testcase classname="ptolemy.util.test.junit.TclTests" name="[7] /home/travis/build/icyphy/ptII/ptolemy/actor/lib/test/CurrentTime.tcl (RunTclFile)" time="0.044" />
  <testcase classname="ptolemy.util.test.junit.TclTests" name="[8] /home/travis/build/icyphy/ptII/ptolemy/actor/lib/test/DB.tcl (RunTclFile)" time="0.076" />
  <testcase classname="ptolemy.util.test.junit.TclTests" name="[9] /home/travis/build/icyphy/ptII/ptolemy/actor/lib/test/DiscreteRandomSource.tcl (RunTclFile)" time="0.046" />
  <testcase classname="ptolemy.util.test.junit.TclTests" name="[10] /home/travis/build/icyphy/ptII/ptolemy/actor/lib/test/Distributor.tcl (RunTclFile)" time="0.078" />
  <testcase classname="ptolemy.util.test.junit.TclTests" name="[11] /home/travis/build/icyphy/ptII/ptolemy/actor/lib/test/Exit.tcl (RunTclFile)" time="0.145" />
  <testcase classname="ptolemy.util.test.junit.TclTests" name="[12] /home/travis/build/icyphy/ptII/ptolemy/actor/lib/test/Expression.tcl (RunTclFile)" time="0.126" />
  <testcase classname="ptolemy.util.test.junit.TclTests" name="[13] /home/travis/build/icyphy/ptII/ptolemy/actor/lib/test/Gaussian.tcl (RunTclFile)" time="0.257" />
  <testcase classname="ptolemy.util.test.junit.TclTests" name="[14] /home/travis/build/icyphy/ptII/ptolemy/actor/lib/test/IIR.tcl (RunTclFile)" time="0.043" />
  <testcase classname="ptolemy.util.test.junit.TclTests" name="[15] /home/travis/build/icyphy/ptII/ptolemy/actor/lib/test/Interpolator.tcl (RunTclFile)" time="0.122" />
  <testcase classname="ptolemy.util.test.junit.TclTests" name="[16] /home/travis/build/icyphy/ptII/ptolemy/actor/lib/test/MathFunction.tcl (RunTclFile)" time="0.087" />
  <testcase classname="ptolemy.util.test.junit.TclTests" name="[17] /home/travis/build/icyphy/ptII/ptolemy/actor/lib/test/Maximum.tcl (RunTclFile)" time="0.041" />
  <testcase classname="ptolemy.util.test.junit.TclTests" name="[18] /home/travis/build/icyphy/ptII/ptolemy/actor/lib/test/Minimum.tcl (RunTclFile)" time="0.029" />
  <testcase classname="ptolemy.util.test.junit.TclTests" name="[19] /home/travis/build/icyphy/ptII/ptolemy/actor/lib/test/MultiplyDivide.tcl (RunTclFile)" time="0.038" />
  <testcase classname="ptolemy.util.test.junit.TclTests" name="[20] /home/travis/build/icyphy/ptII/ptolemy/actor/lib/test/OrderedMerge.tcl (RunTclFile)" time="0.136" />
  <testcase classname="ptolemy.util.test.junit.TclTests" name="[21] /home/travis/build/icyphy/ptII/ptolemy/actor/lib/test/Publisher.tcl (RunTclFile)" time="0.921" />
  <testcase classname="ptolemy.util.test.junit.TclTests" name="[22] /home/travis/build/icyphy/ptII/ptolemy/actor/lib/test/Pulse.tcl (RunTclFile)" time="0.067" />
  <testcase classname="ptolemy.util.test.junit.TclTests" name="[23] /home/travis/build/icyphy/ptII/ptolemy/actor/lib/test/Ramp.tcl (RunTclFile)" time="2.117" />
  <testcase classname="ptolemy.util.test.junit.TclTests" name="[24] /home/travis/build/icyphy/ptII/ptolemy/actor/lib/test/RampContinuous.tcl (RunTclFile)" time="0.017" />
  <testcase classname="ptolemy.util.test.junit.TclTests" name="[25] /home/travis/build/icyphy/ptII/ptolemy/actor/lib/test/RecordAssembler.tcl (RunTclFile)" time="0.017" />
  <testcase classname="ptolemy.util.test.junit.TclTests" name="[26] /home/travis/build/icyphy/ptII/ptolemy/actor/lib/test/RecordDisassembler.tcl (RunTclFile)" time="0.031" />
  <testcase classname="ptolemy.util.test.junit.TclTests" name="[27] /home/travis/build/icyphy/ptII/ptolemy/actor/lib/test/Scale.tcl (RunTclFile)" time="0.028" />
  <testcase classname="ptolemy.util.test.junit.TclTests" name="[28] /home/travis/build/icyphy/ptII/ptolemy/actor/lib/test/SequentialClock.tcl (RunTclFile)" time="0.016" />
  <testcase classname="ptolemy.util.test.junit.TclTests" name="[29] /home/travis/build/icyphy/ptII/ptolemy/actor/lib/test/SetVariable.tcl (RunTclFile)" time="0.034">
    <failure message="Number of failed tests is has increased. expected:&lt;0&gt; but was:&lt;1&gt;" type="junit.framework.AssertionFailedError">junit.framework.AssertionFailedError: Number of failed tests is has increased. expected:&lt;0&gt; but was:&lt;1&gt;
	at ptolemy.util.test.junit.TclTests.RunTclFile(TclTests.java:286)
	at jdk.internal.reflect.GeneratedMethodAccessor19.invoke(Unknown Source)
	at java.base/jdk.internal.reflect.DelegatingMethodAccessorImpl.invoke(DelegatingMethodAccessorImpl.java:43)
	at junitparams.internal.InvokeParameterisedMethod.evaluate(InvokeParameterisedMethod.java:102)
	at junitparams.internal.ParameterisedTestMethodRunner.runMethodInvoker(ParameterisedTestMethodRunner.java:47)
	at junitparams.internal.ParameterisedTestMethodRunner.runTestMethod(ParameterisedTestMethodRunner.java:41)
	at junitparams.internal.ParameterisedTestClassRunner.runParameterisedTest(ParameterisedTestClassRunner.java:143)
	at junitparams.JUnitParamsRunner.runChild(JUnitParamsRunner.java:237)
	at junitparams.JUnitParamsRunner.runChild(JUnitParamsRunner.java:215)
</failure>
  </testcase>
  <testcase classname="ptolemy.util.test.junit.TclTests" name="[30] /home/travis/build/icyphy/ptII/ptolemy/actor/lib/test/Sinewave.tcl (RunTclFile)" time="0.046" />
  <testcase classname="ptolemy.util.test.junit.TclTests" name="[31] /home/travis/build/icyphy/ptII/ptolemy/actor/lib/test/SubscriptionAggregator.tcl (RunTclFile)" time="2.395" />
  <testcase classname="ptolemy.util.test.junit.TclTests" name="[32] /home/travis/build/icyphy/ptII/ptolemy/actor/lib/test/Test.tcl (RunTclFile)" time="0.145" />
  <testcase classname="ptolemy.util.test.junit.TclTests" name="[33] /home/travis/build/icyphy/ptII/ptolemy/actor/lib/test/TestExceptionHandler.tcl (RunTclFile)" time="0.013" />
  <testcase classname="ptolemy.util.test.junit.TclTests" name="[34] /home/travis/build/icyphy/ptII/ptolemy/actor/lib/test/UnionDisassembler.tcl (RunTclFile)" time="0.164" />
  <testcase classname="ptolemy.util.test.junit.TclTests" name="[35] /home/travis/build/icyphy/ptII/ptolemy/actor/lib/test/VariableClock.tcl (RunTclFile)" time="0.022" />
  <testcase classname="ptolemy.util.test.junit.AutoKnownFailedTests" name="[0] /home/travis/build/icyphy/ptII/ptolemy/actor/lib/test/auto/knownFailedTests/PublisherPortToplevelSubscriber.xml (RunModel)" time="0.024" />
  <testcase classname="ptolemy.util.test.junit.AutoKnownFailedTests" name="[1] /home/travis/build/icyphy/ptII/ptolemy/actor/lib/test/auto/knownFailedTests/PublisherSubscriberPortToplevel.xml (RunModel)" time="0.023" />
  <testcase classname="ptolemy.util.test.junit.AutoKnownFailedTests" name="[2] /home/travis/build/icyphy/ptII/ptolemy/actor/lib/test/auto/knownFailedTests/PublisherSubscriptionAggregatorPort.xml (RunModel)" time="0.023" />
  <testcase classname="ptolemy.util.test.junit.AutoKnownFailedTests" name="[3] /home/travis/build/icyphy/ptII/ptolemy/actor/lib/test/auto/knownFailedTests/sizedarray3.xml (RunModel)" time="0.028" />
  <testcase classname="ptolemy.util.test.junit.AutoNameArchTests" name="[0] ThereAreNoAutoArchTests (RunModel)" time="0.005" />
  <testcase classname="ptolemy.util.test.junit.AutoTests" name="[0] /home/travis/build/icyphy/ptII/ptolemy/actor/lib/test/auto/AbsoluteValue.xml (RunModel)" time="0.098" />
  <testcase classname="ptolemy.util.test.junit.AutoTests" name="[1] /home/travis/build/icyphy/ptII/ptolemy/actor/lib/test/auto/AbsoluteValue2.xml (RunModel)" time="0.066" />
  <testcase classname="ptolemy.util.test.junit.AutoTests" name="[2] /home/travis/build/icyphy/ptII/ptolemy/actor/lib/test/auto/Accumulator.xml (RunModel)" time="0.043" />
  <testcase classname="ptolemy.util.test.junit.AutoTests" name="[3] /home/travis/build/icyphy/ptII/ptolemy/actor/lib/test/auto/Accumulator2.xml (RunModel)" time="0.048" />
  <testcase classname="ptolemy.util.test.junit.AutoTests" name="[4] /home/travis/build/icyphy/ptII/ptolemy/actor/lib/test/auto/Accumulator3.xml (RunModel)" time="0.034" />
  <testcase classname="ptolemy.util.test.junit.AutoTests" name="[5] /home/travis/build/icyphy/ptII/ptolemy/actor/lib/test/auto/ArrayAppend.xml (RunModel)" time="0.057" />
  <testcase classname="ptolemy.util.test.junit.AutoTests" name="[6] /home/travis/build/icyphy/ptII/ptolemy/actor/lib/test/auto/ArrayAppend2.xml (RunModel)" time="0.43" />
  <testcase classname="ptolemy.util.test.junit.AutoTests" name="[7] /home/travis/build/icyphy/ptII/ptolemy/actor/lib/test/auto/ArrayAppend3.xml (RunModel)" time="0.04" />
  <testcase classname="ptolemy.util.test.junit.AutoTests" name="[8] /home/travis/build/icyphy/ptII/ptolemy/actor/lib/test/auto/ArrayAppend4.xml (RunModel)" time="0.027" />
  <testcase classname="ptolemy.util.test.junit.AutoTests" name="[9] /home/travis/build/icyphy/ptII/ptolemy/actor/lib/test/auto/ArrayAppend5.xml (RunModel)" time="0.02" />
  <testcase classname="ptolemy.util.test.junit.AutoTests" name="[10] /home/travis/build/icyphy/ptII/ptolemy/actor/lib/test/auto/ArrayAppend6.xml (RunModel)" time="0.025" />
  <testcase classname="ptolemy.util.test.junit.AutoTests" name="[11] /home/travis/build/icyphy/ptII/ptolemy/actor/lib/test/auto/ArrayAppendPerformanceTest.xml (RunModel)" time="0.059" />
  <testcase classname="ptolemy.util.test.junit.AutoTests" name="[12] /home/travis/build/icyphy/ptII/ptolemy/actor/lib/test/auto/ArrayAppendWithEmptyInput.xml (RunModel)" time="0.055" />
  <testcase classname="ptolemy.util.test.junit.AutoTests" name="[13] /home/travis/build/icyphy/ptII/ptolemy/actor/lib/test/auto/ArrayAverage.xml (RunModel)" time="0.049" />
  <testcase classname="ptolemy.util.test.junit.AutoTests" name="[14] /home/travis/build/icyphy/ptII/ptolemy/actor/lib/test/auto/ArrayContains.xml (RunModel)" time="0.024" />
  <testcase classname="ptolemy.util.test.junit.AutoTests" name="[15] /home/travis/build/icyphy/ptII/ptolemy/actor/lib/test/auto/ArrayElement.xml (RunModel)" time="0.04" />
  <testcase classname="ptolemy.util.test.junit.AutoTests" name="[16] /home/travis/build/icyphy/ptII/ptolemy/actor/lib/test/auto/ArrayElementAsMatrix.xml (RunModel)" time="0.058" />
  <testcase classname="ptolemy.util.test.junit.AutoTests" name="[17] /home/travis/build/icyphy/ptII/ptolemy/actor/lib/test/auto/ArrayElementI.xml (RunModel)" time="0.018" />
  <testcase classname="ptolemy.util.test.junit.AutoTests" name="[18] /home/travis/build/icyphy/ptII/ptolemy/actor/lib/test/auto/ArrayExtract.xml (RunModel)" time="0.024" />
  <testcase classname="ptolemy.util.test.junit.AutoTests" name="[19] /home/travis/build/icyphy/ptII/ptolemy/actor/lib/test/auto/ArrayExtract2.xml (RunModel)" time="0.023" />
  <testcase classname="ptolemy.util.test.junit.AutoTests" name="[20] /home/travis/build/icyphy/ptII/ptolemy/actor/lib/test/auto/ArrayLength.xml (RunModel)" time="0.014" />
  <testcase classname="ptolemy.util.test.junit.AutoTests" name="[21] /home/travis/build/icyphy/ptII/ptolemy/actor/lib/test/auto/ArrayLevelCrossing.xml (RunModel)" time="0.027" />
  <testcase classname="ptolemy.util.test.junit.AutoTests" name="[22] /home/travis/build/icyphy/ptII/ptolemy/actor/lib/test/auto/ArrayLevelCrossing2.xml (RunModel)" time="0.023" />
  <testcase classname="ptolemy.util.test.junit.AutoTests" name="[23] /home/travis/build/icyphy/ptII/ptolemy/actor/lib/test/auto/ArrayPeakSearch.xml (RunModel)" time="0.035" />
  <testcase classname="ptolemy.util.test.junit.AutoTests" name="[24] /home/travis/build/icyphy/ptII/ptolemy/actor/lib/test/auto/ArrayPeakSearch2.xml (RunModel)" time="0.033" />
  <testcase classname="ptolemy.util.test.junit.AutoTests" name="[25] /home/travis/build/icyphy/ptII/ptolemy/actor/lib/test/auto/ArrayPeakSearch3.xml (RunModel)" time="0.03" />
  <testcase classname="ptolemy.util.test.junit.AutoTests" name="[26] /home/travis/build/icyphy/ptII/ptolemy/actor/lib/test/auto/ArrayRemoveElement.xml (RunModel)" time="0.082" />
  <testcase classname="ptolemy.util.test.junit.AutoTests" name="[27] /home/travis/build/icyphy/ptII/ptolemy/actor/lib/test/auto/ArraySort.xml (RunModel)" time="0.033" />
  <testcase classname="ptolemy.util.test.junit.AutoTests" name="[28] /home/travis/build/icyphy/ptII/ptolemy/actor/lib/test/auto/ArraySum.xml (RunModel)" time="0.022" />
  <testcase classname="ptolemy.util.test.junit.AutoTests" name="[29] /home/travis/build/icyphy/ptII/ptolemy/actor/lib/test/auto/ArrayToElements.xml (RunModel)" time="0.032" />
  <testcase classname="ptolemy.util.test.junit.AutoTests" name="[30] /home/travis/build/icyphy/ptII/ptolemy/actor/lib/test/auto/ArrayToMatrix.xml (RunModel)" time="0.058" />
  <testcase classname="ptolemy.util.test.junit.AutoTests" name="[31] /home/travis/build/icyphy/ptII/ptolemy/actor/lib/test/auto/ArrayUpdate1.xml (RunModel)" time="0.025" />
  <testcase classname="ptolemy.util.test.junit.AutoTests" name="[32] /home/travis/build/icyphy/ptII/ptolemy/actor/lib/test/auto/ArrayUpdate2.xml (RunModel)" time="0.024" />
  <testcase classname="ptolemy.util.test.junit.AutoTests" name="[33] /home/travis/build/icyphy/ptII/ptolemy/actor/lib/test/auto/ArrayUpdate3.xml (RunModel)" time="0.012" />
  <testcase classname="ptolemy.util.test.junit.AutoTests" name="[34] /home/travis/build/icyphy/ptII/ptolemy/actor/lib/test/auto/Assert1.xml (RunModel)" time="0.02" />
  <testcase classname="ptolemy.util.test.junit.AutoTests" name="[35] /home/travis/build/icyphy/ptII/ptolemy/actor/lib/test/auto/Assert2.xml (RunModel)" time="0.013" />
  <testcase classname="ptolemy.util.test.junit.AutoTests" name="[36] /home/travis/build/icyphy/ptII/ptolemy/actor/lib/test/auto/BooleanMultiplexor.xml (RunModel)" time="0.015" />
  <testcase classname="ptolemy.util.test.junit.AutoTests" name="[37] /home/travis/build/icyphy/ptII/ptolemy/actor/lib/test/auto/BooleanMultiplexor2.xml (RunModel)" time="0.025" />
  <testcase classname="ptolemy.util.test.junit.AutoTests" name="[38] /home/travis/build/icyphy/ptII/ptolemy/actor/lib/test/auto/BooleanMultiplexor3.xml (RunModel)" time="0.025" />
  <testcase classname="ptolemy.util.test.junit.AutoTests" name="[39] /home/travis/build/icyphy/ptII/ptolemy/actor/lib/test/auto/BooleanSelect.xml (RunModel)" time="0.023" />
  <testcase classname="ptolemy.util.test.junit.AutoTests" name="[40] /home/travis/build/icyphy/ptII/ptolemy/actor/lib/test/auto/BooleanSelect2.xml (RunModel)" time="0.014" />
  <testcase classname="ptolemy.util.test.junit.AutoTests" name="[41] /home/travis/build/icyphy/ptII/ptolemy/actor/lib/test/auto/BooleanSwitch.xml (RunModel)" time="0.024" />
  <testcase classname="ptolemy.util.test.junit.AutoTests" name="[42] /home/travis/build/icyphy/ptII/ptolemy/actor/lib/test/auto/BooleanSwitch2.xml (RunModel)" time="0.017" />
  <testcase classname="ptolemy.util.test.junit.AutoTests" name="[43] /home/travis/build/icyphy/ptII/ptolemy/actor/lib/test/auto/BooleanSwitchCloningBugWithClassRelationGroup.xml (RunModel)" time="0.044" />
  <testcase classname="ptolemy.util.test.junit.AutoTests" name="[44] /home/travis/build/icyphy/ptII/ptolemy/actor/lib/test/auto/BusActors.xml (RunModel)" time="0.036" />
  <testcase classname="ptolemy.util.test.junit.AutoTests" name="[45] /home/travis/build/icyphy/ptII/ptolemy/actor/lib/test/auto/ClassWrapper.xml (RunModel)" time="0.023" />
  <testcase classname="ptolemy.util.test.junit.AutoTests" name="[46] /home/travis/build/icyphy/ptII/ptolemy/actor/lib/test/auto/Clock.xml (RunModel)" time="0.008" />
  <testcase classname="ptolemy.util.test.junit.AutoTests" name="[47] /home/travis/build/icyphy/ptII/ptolemy/actor/lib/test/auto/Clock10.xml (RunModel)" time="0.019" />
  <testcase classname="ptolemy.util.test.junit.AutoTests" name="[48] /home/travis/build/icyphy/ptII/ptolemy/actor/lib/test/auto/Clock11.xml (RunModel)" time="0.019" />
  <testcase classname="ptolemy.util.test.junit.AutoTests" name="[49] /home/travis/build/icyphy/ptII/ptolemy/actor/lib/test/auto/Clock12.xml (RunModel)" time="0.02" />
  <testcase classname="ptolemy.util.test.junit.AutoTests" name="[50] /home/travis/build/icyphy/ptII/ptolemy/actor/lib/test/auto/Clock13.xml (RunModel)" time="0.019" />
  <testcase classname="ptolemy.util.test.junit.AutoTests" name="[51] /home/travis/build/icyphy/ptII/ptolemy/actor/lib/test/auto/Clock14.xml (RunModel)" time="0.022" />
  <testcase classname="ptolemy.util.test.junit.AutoTests" name="[52] /home/travis/build/icyphy/ptII/ptolemy/actor/lib/test/auto/Clock15.xml (RunModel)" time="0.012" />
  <testcase classname="ptolemy.util.test.junit.AutoTests" name="[53] /home/travis/build/icyphy/ptII/ptolemy/actor/lib/test/auto/Clock16.xml (RunModel)" time="0.135" />
  <testcase classname="ptolemy.util.test.junit.AutoTests" name="[54] /home/travis/build/icyphy/ptII/ptolemy/actor/lib/test/auto/Clock17.xml (RunModel)" time="0.08" />
  <testcase classname="ptolemy.util.test.junit.AutoTests" name="[55] /home/travis/build/icyphy/ptII/ptolemy/actor/lib/test/auto/Clock18.xml (RunModel)" time="0.057" />
  <testcase classname="ptolemy.util.test.junit.AutoTests" name="[56] /home/travis/build/icyphy/ptII/ptolemy/actor/lib/test/auto/Clock19.xml (RunModel)" time="0.048" />
  <testcase classname="ptolemy.util.test.junit.AutoTests" name="[57] /home/travis/build/icyphy/ptII/ptolemy/actor/lib/test/auto/Clock2.xml (RunModel)" time="0.014" />
  <testcase classname="ptolemy.util.test.junit.AutoTests" name="[58] /home/travis/build/icyphy/ptII/ptolemy/actor/lib/test/auto/Clock20.xml (RunModel)" time="0.025" />
  <testcase classname="ptolemy.util.test.junit.AutoTests" name="[59] /home/travis/build/icyphy/ptII/ptolemy/actor/lib/test/auto/Clock21.xml (RunModel)" time="0.019" />
  <testcase classname="ptolemy.util.test.junit.AutoTests" name="[60] /home/travis/build/icyphy/ptII/ptolemy/actor/lib/test/auto/Clock22.xml (RunModel)" time="0.021" />
  <testcase classname="ptolemy.util.test.junit.AutoTests" name="[61] /home/travis/build/icyphy/ptII/ptolemy/actor/lib/test/auto/Clock23.xml (RunModel)" time="0.019" />
  <testcase classname="ptolemy.util.test.junit.AutoTests" name="[62] /home/travis/build/icyphy/ptII/ptolemy/actor/lib/test/auto/Clock24.xml (RunModel)" time="0.016" />
  <testcase classname="ptolemy.util.test.junit.AutoTests" name="[63] /home/travis/build/icyphy/ptII/ptolemy/actor/lib/test/auto/Clock4.xml (RunModel)" time="0.013" />
  <testcase classname="ptolemy.util.test.junit.AutoTests" name="[64] /home/travis/build/icyphy/ptII/ptolemy/actor/lib/test/auto/Clock5.xml (RunModel)" time="0.017" />
  <testcase classname="ptolemy.util.test.junit.AutoTests" name="[65] /home/travis/build/icyphy/ptII/ptolemy/actor/lib/test/auto/Clock6.xml (RunModel)" time="0.012" />
  <testcase classname="ptolemy.util.test.junit.AutoTests" name="[66] /home/travis/build/icyphy/ptII/ptolemy/actor/lib/test/auto/Clock7.xml (RunModel)" time="0.013" />
  <testcase classname="ptolemy.util.test.junit.AutoTests" name="[67] /home/travis/build/icyphy/ptII/ptolemy/actor/lib/test/auto/Clock8.xml (RunModel)" time="0.018" />
  <testcase classname="ptolemy.util.test.junit.AutoTests" name="[68] /home/travis/build/icyphy/ptII/ptolemy/actor/lib/test/auto/Clock9.xml (RunModel)" time="0.019" />
  <testcase classname="ptolemy.util.test.junit.AutoTests" name="[69] /home/travis/build/icyphy/ptII/ptolemy/actor/lib/test/auto/CommDistDiscard.xml (RunModel)" time="0.026" />
  <testcase classname="ptolemy.util.test.junit.AutoTests" name="[70] /home/travis/build/icyphy/ptII/ptolemy/actor/lib/test/auto/Commutator.xml (RunModel)" time="0.016" />
  <testcase classname="ptolemy.util.test.junit.AutoTests" name="[71] /home/travis/build/icyphy/ptII/ptolemy/actor/lib/test/auto/Commutator2.xml (RunModel)" time="0.011" />
  <testcase classname="ptolemy.util.test.junit.AutoTests" name="[72] /home/travis/build/icyphy/ptII/ptolemy/actor/lib/test/auto/Commutator3.xml (RunModel)" time="0.014" />
  <testcase classname="ptolemy.util.test.junit.AutoTests" name="[73] /home/travis/build/icyphy/ptII/ptolemy/actor/lib/test/auto/Compare.xml (RunModel)" time="0.026" />
  <testcase classname="ptolemy.util.test.junit.AutoTests" name="[74] /home/travis/build/icyphy/ptII/ptolemy/actor/lib/test/auto/CompareDE.xml (RunModel)" time="0.024" />
  <testcase classname="ptolemy.util.test.junit.AutoTests" name="[75] /home/travis/build/icyphy/ptII/ptolemy/actor/lib/test/auto/ComplexDivide.xml (RunModel)" time="0.01" />
  <testcase classname="ptolemy.util.test.junit.AutoTests" name="[76] /home/travis/build/icyphy/ptII/ptolemy/actor/lib/test/auto/ComputeHistogram.xml (RunModel)" time="0.084" />
  <testcase classname="ptolemy.util.test.junit.AutoTests" name="[77] /home/travis/build/icyphy/ptII/ptolemy/actor/lib/test/auto/ConfigurationSelect.xml (RunModel)" time="0.024" />
  <testcase classname="ptolemy.util.test.junit.AutoTests" name="[78] /home/travis/build/icyphy/ptII/ptolemy/actor/lib/test/auto/ConfigurationSelect2.xml (RunModel)" time="0.018" />
  <testcase classname="ptolemy.util.test.junit.AutoTests" name="[79] /home/travis/build/icyphy/ptII/ptolemy/actor/lib/test/auto/ConfigurationSwitch.xml (RunModel)" time="0.027" />
  <testcase classname="ptolemy.util.test.junit.AutoTests" name="[80] /home/travis/build/icyphy/ptII/ptolemy/actor/lib/test/auto/ConfigurationSwitch2.xml (RunModel)" time="0.025" />
  <testcase classname="ptolemy.util.test.junit.AutoTests" name="[81] /home/travis/build/icyphy/ptII/ptolemy/actor/lib/test/auto/ConfigurationSwitchCloningBugWithClassRelationGroup.xml (RunModel)" time="0.023" />
  <testcase classname="ptolemy.util.test.junit.AutoTests" name="[82] /home/travis/build/icyphy/ptII/ptolemy/actor/lib/test/auto/ConfigurationSwitchSelectSDF.xml (RunModel)" time="0.02" />
  <testcase classname="ptolemy.util.test.junit.AutoTests" name="[83] /home/travis/build/icyphy/ptII/ptolemy/actor/lib/test/auto/ConfigurationSwitchSelectSDF2.xml (RunModel)" time="0.017" />
  <testcase classname="ptolemy.util.test.junit.AutoTests" name="[84] /home/travis/build/icyphy/ptII/ptolemy/actor/lib/test/auto/Const.xml (RunModel)" time="0.008" />
  <testcase classname="ptolemy.util.test.junit.AutoTests" name="[85] /home/travis/build/icyphy/ptII/ptolemy/actor/lib/test/auto/Const2.xml (RunModel)" time="0.054" />
  <testcase classname="ptolemy.util.test.junit.AutoTests" name="[86] /home/travis/build/icyphy/ptII/ptolemy/actor/lib/test/auto/Const3.xml (RunModel)" time="0.013" />
  <testcase classname="ptolemy.util.test.junit.AutoTests" name="[87] /home/travis/build/icyphy/ptII/ptolemy/actor/lib/test/auto/ConstantPublisherPort1.xml (RunModel)" time="0.02" />
  <testcase classname="ptolemy.util.test.junit.AutoTests" name="[88] /home/travis/build/icyphy/ptII/ptolemy/actor/lib/test/auto/ConstantPublisherPort2.xml (RunModel)" time="0.032" />
  <testcase classname="ptolemy.util.test.junit.AutoTests" name="[89] /home/travis/build/icyphy/ptII/ptolemy/actor/lib/test/auto/ConstantPublisherPort3.xml (RunModel)" time="0.02" />
  <testcase classname="ptolemy.util.test.junit.AutoTests" name="[90] /home/travis/build/icyphy/ptII/ptolemy/actor/lib/test/auto/ConstantPublisherPort4.xml (RunModel)" time="0.017" />
  <testcase classname="ptolemy.util.test.junit.AutoTests" name="[91] /home/travis/build/icyphy/ptII/ptolemy/actor/lib/test/auto/ConstantPublisherPort5.xml (RunModel)" time="0.041" />
  <testcase classname="ptolemy.util.test.junit.AutoTests" name="[92] /home/travis/build/icyphy/ptII/ptolemy/actor/lib/test/auto/ConstantPublisherPort6.xml (RunModel)" time="0.031" />
  <testcase classname="ptolemy.util.test.junit.AutoTests" name="[93] /home/travis/build/icyphy/ptII/ptolemy/actor/lib/test/auto/ConstantPublisherPort7.xml (RunModel)" time="0.036" />
  <testcase classname="ptolemy.util.test.junit.AutoTests" name="[94] /home/travis/build/icyphy/ptII/ptolemy/actor/lib/test/auto/ConstraintMonitor1.xml (RunModel)" time="0.039" />
  <testcase classname="ptolemy.util.test.junit.AutoTests" name="[95] /home/travis/build/icyphy/ptII/ptolemy/actor/lib/test/auto/ConstraintMonitor2.xml (RunModel)" time="0.01" />
  <testcase classname="ptolemy.util.test.junit.AutoTests" name="[96] /home/travis/build/icyphy/ptII/ptolemy/actor/lib/test/auto/ConstraintMonitor3.xml (RunModel)" time="0.015" />
  <testcase classname="ptolemy.util.test.junit.AutoTests" name="[97] /home/travis/build/icyphy/ptII/ptolemy/actor/lib/test/auto/ConstraintMonitor4.xml (RunModel)" time="0.012" />
  <testcase classname="ptolemy.util.test.junit.AutoTests" name="[98] /home/travis/build/icyphy/ptII/ptolemy/actor/lib/test/auto/ConstraintMonitor5.xml (RunModel)" time="0.014" />
  <testcase classname="ptolemy.util.test.junit.AutoTests" name="[99] /home/travis/build/icyphy/ptII/ptolemy/actor/lib/test/auto/ConstraintMonitor6.xml (RunModel)" time="0.017" />
  <testcase classname="ptolemy.util.test.junit.AutoTests" name="[100] /home/travis/build/icyphy/ptII/ptolemy/actor/lib/test/auto/ConstraintMonitor7.xml (RunModel)" time="0.022" />
  <testcase classname="ptolemy.util.test.junit.AutoTests" name="[101] /home/travis/build/icyphy/ptII/ptolemy/actor/lib/test/auto/ConstraintMonitor8.xml (RunModel)" time="0.019" />
  <testcase classname="ptolemy.util.test.junit.AutoTests" name="[102] /home/travis/build/icyphy/ptII/ptolemy/actor/lib/test/auto/Counter.xml (RunModel)" time="0.015" />
  <testcase classname="ptolemy.util.test.junit.AutoTests" name="[103] /home/travis/build/icyphy/ptII/ptolemy/actor/lib/test/auto/CurrentTimeSDF.xml (RunModel)" time="0.01" />
  <testcase classname="ptolemy.util.test.junit.AutoTests" name="[104] /home/travis/build/icyphy/ptII/ptolemy/actor/lib/test/auto/DB.xml (RunModel)" time="0.012" />
  <testcase classname="ptolemy.util.test.junit.AutoTests" name="[105] /home/travis/build/icyphy/ptII/ptolemy/actor/lib/test/auto/DBDE.xml (RunModel)" time="0.013" />
  <testcase classname="ptolemy.util.test.junit.AutoTests" name="[106] /home/travis/build/icyphy/ptII/ptolemy/actor/lib/test/auto/DateConstructor.xml (RunModel)" time="0.06" />
  <testcase classname="ptolemy.util.test.junit.AutoTests" name="[107] /home/travis/build/icyphy/ptII/ptolemy/actor/lib/test/auto/DelayTime.xml (RunModel)" time="0.018" />
  <testcase classname="ptolemy.util.test.junit.AutoTests" name="[108] /home/travis/build/icyphy/ptII/ptolemy/actor/lib/test/auto/Dictionary1.xml (RunModel)" time="0.018" />
  <testcase classname="ptolemy.util.test.junit.AutoTests" name="[109] /home/travis/build/icyphy/ptII/ptolemy/actor/lib/test/auto/Dictionary2.xml (RunModel)" time="0.016" />
  <testcase classname="ptolemy.util.test.junit.AutoTests" name="[110] /home/travis/build/icyphy/ptII/ptolemy/actor/lib/test/auto/Dictionary3.xml (RunModel)" time="0.014" />
  <testcase classname="ptolemy.util.test.junit.AutoTests" name="[111] /home/travis/build/icyphy/ptII/ptolemy/actor/lib/test/auto/Dictionary4.xml (RunModel)" time="0.021" />
  <testcase classname="ptolemy.util.test.junit.AutoTests" name="[112] /home/travis/build/icyphy/ptII/ptolemy/actor/lib/test/auto/Differential.xml (RunModel)" time="0.014" />
  <testcase classname="ptolemy.util.test.junit.AutoTests" name="[113] /home/travis/build/icyphy/ptII/ptolemy/actor/lib/test/auto/Director.xml (RunModel)" time="0.012" />
  <testcase classname="ptolemy.util.test.junit.AutoTests" name="[114] /home/travis/build/icyphy/ptII/ptolemy/actor/lib/test/auto/DiscreteClock.xml (RunModel)" time="0.008" />
  <testcase classname="ptolemy.util.test.junit.AutoTests" name="[115] /home/travis/build/icyphy/ptII/ptolemy/actor/lib/test/auto/DiscreteClock10.xml (RunModel)" time="0.013" />
  <testcase classname="ptolemy.util.test.junit.AutoTests" name="[116] /home/travis/build/icyphy/ptII/ptolemy/actor/lib/test/auto/DiscreteClock11.xml (RunModel)" time="0.012" />
  <testcase classname="ptolemy.util.test.junit.AutoTests" name="[117] /home/travis/build/icyphy/ptII/ptolemy/actor/lib/test/auto/DiscreteClock12.xml (RunModel)" time="0.014" />
  <testcase classname="ptolemy.util.test.junit.AutoTests" name="[118] /home/travis/build/icyphy/ptII/ptolemy/actor/lib/test/auto/DiscreteClock13.xml (RunModel)" time="0.015" />
  <testcase classname="ptolemy.util.test.junit.AutoTests" name="[119] /home/travis/build/icyphy/ptII/ptolemy/actor/lib/test/auto/DiscreteClock14.xml (RunModel)" time="0.016" />
  <testcase classname="ptolemy.util.test.junit.AutoTests" name="[120] /home/travis/build/icyphy/ptII/ptolemy/actor/lib/test/auto/DiscreteClock15.xml (RunModel)" time="0.014" />
  <testcase classname="ptolemy.util.test.junit.AutoTests" name="[121] /home/travis/build/icyphy/ptII/ptolemy/actor/lib/test/auto/DiscreteClock16.xml (RunModel)" time="0.041" />
  <testcase classname="ptolemy.util.test.junit.AutoTests" name="[122] /home/travis/build/icyphy/ptII/ptolemy/actor/lib/test/auto/DiscreteClock17.xml (RunModel)" time="0.042" />
  <testcase classname="ptolemy.util.test.junit.AutoTests" name="[123] /home/travis/build/icyphy/ptII/ptolemy/actor/lib/test/auto/DiscreteClock18.xml (RunModel)" time="0.038" />
  <testcase classname="ptolemy.util.test.junit.AutoTests" name="[124] /home/travis/build/icyphy/ptII/ptolemy/actor/lib/test/auto/DiscreteClock19.xml (RunModel)" time="0.046" />
  <testcase classname="ptolemy.util.test.junit.AutoTests" name="[125] /home/travis/build/icyphy/ptII/ptolemy/actor/lib/test/auto/DiscreteClock2.xml (RunModel)" time="0.012" />
  <testcase classname="ptolemy.util.test.junit.AutoTests" name="[126] /home/travis/build/icyphy/ptII/ptolemy/actor/lib/test/auto/DiscreteClock20.xml (RunModel)" time="0.013" />
  <testcase classname="ptolemy.util.test.junit.AutoTests" name="[127] /home/travis/build/icyphy/ptII/ptolemy/actor/lib/test/auto/DiscreteClock21.xml (RunModel)" time="0.014" />
  <testcase classname="ptolemy.util.test.junit.AutoTests" name="[128] /home/travis/build/icyphy/ptII/ptolemy/actor/lib/test/auto/DiscreteClock22.xml (RunModel)" time="0.013" />
  <testcase classname="ptolemy.util.test.junit.AutoTests" name="[129] /home/travis/build/icyphy/ptII/ptolemy/actor/lib/test/auto/DiscreteClock23.xml (RunModel)" time="0.011" />
  <testcase classname="ptolemy.util.test.junit.AutoTests" name="[130] /home/travis/build/icyphy/ptII/ptolemy/actor/lib/test/auto/DiscreteClock24.xml (RunModel)" time="0.016" />
  <testcase classname="ptolemy.util.test.junit.AutoTests" name="[131] /home/travis/build/icyphy/ptII/ptolemy/actor/lib/test/auto/DiscreteClock4.xml (RunModel)" time="0.013" />
  <testcase classname="ptolemy.util.test.junit.AutoTests" name="[132] /home/travis/build/icyphy/ptII/ptolemy/actor/lib/test/auto/DiscreteClock5.xml (RunModel)" time="0.018" />
  <testcase classname="ptolemy.util.test.junit.AutoTests" name="[133] /home/travis/build/icyphy/ptII/ptolemy/actor/lib/test/auto/DiscreteClock6.xml (RunModel)" time="0.013" />
  <testcase classname="ptolemy.util.test.junit.AutoTests" name="[134] /home/travis/build/icyphy/ptII/ptolemy/actor/lib/test/auto/DiscreteClock7.xml (RunModel)" time="0.012" />
  <testcase classname="ptolemy.util.test.junit.AutoTests" name="[135] /home/travis/build/icyphy/ptII/ptolemy/actor/lib/test/auto/DiscreteClock8.xml (RunModel)" time="0.021" />
  <testcase classname="ptolemy.util.test.junit.AutoTests" name="[136] /home/travis/build/icyphy/ptII/ptolemy/actor/lib/test/auto/DiscreteClock9.xml (RunModel)" time="0.015" />
  <testcase classname="ptolemy.util.test.junit.AutoTests" name="[137] /home/travis/build/icyphy/ptII/ptolemy/actor/lib/test/auto/DisplayArray.xml (RunModel)" time="0.008" />
  <testcase classname="ptolemy.util.test.junit.AutoTests" name="[138] /home/travis/build/icyphy/ptII/ptolemy/actor/lib/test/auto/Distributor.xml (RunModel)" time="0.009" />
  <testcase classname="ptolemy.util.test.junit.AutoTests" name="[139] /home/travis/build/icyphy/ptII/ptolemy/actor/lib/test/auto/Distributor2.xml (RunModel)" time="0.009" />
  <testcase classname="ptolemy.util.test.junit.AutoTests" name="[140] /home/travis/build/icyphy/ptII/ptolemy/actor/lib/test/auto/DownSample.xml (RunModel)" time="0.009" />
  <testcase classname="ptolemy.util.test.junit.AutoTests" name="[141] /home/travis/build/icyphy/ptII/ptolemy/actor/lib/test/auto/ElectronicUnitBase1.xml (RunModel)" time="0.051" />
  <testcase classname="ptolemy.util.test.junit.AutoTests" name="[142] /home/travis/build/icyphy/ptII/ptolemy/actor/lib/test/auto/ElementsToArray.xml (RunModel)" time="0.01" />
  <testcase classname="ptolemy.util.test.junit.AutoTests" name="[143] /home/travis/build/icyphy/ptII/ptolemy/actor/lib/test/auto/Equals.xml (RunModel)" time="0.012" />
  <testcase classname="ptolemy.util.test.junit.AutoTests" name="[144] /home/travis/build/icyphy/ptII/ptolemy/actor/lib/test/auto/Exec.xml (RunModel)" time="0.033" />
  <testcase classname="ptolemy.util.test.junit.AutoTests" name="[145] /home/travis/build/icyphy/ptII/ptolemy/actor/lib/test/auto/ExecEnvironment.xml (RunModel)" time="0.046" />
  <testcase classname="ptolemy.util.test.junit.AutoTests" name="[146] /home/travis/build/icyphy/ptII/ptolemy/actor/lib/test/auto/ExecNonZeroReturnOutput.xml (RunModel)" time="0.221" />
  <testcase classname="ptolemy.util.test.junit.AutoTests" name="[147] /home/travis/build/icyphy/ptII/ptolemy/actor/lib/test/auto/ExecRunDemos.xml (RunModel)" time="11.358" />
  <testcase classname="ptolemy.util.test.junit.AutoTests" name="[148] /home/travis/build/icyphy/ptII/ptolemy/actor/lib/test/auto/ExecStop.xml (RunModel)" time="5.041" />
  <testcase classname="ptolemy.util.test.junit.AutoTests" name="[149] /home/travis/build/icyphy/ptII/ptolemy/actor/lib/test/auto/ExecutionTimeSDF.xml (RunModel)" time="6.047" />
  <testcase classname="ptolemy.util.test.junit.AutoTests" name="[150] /home/travis/build/icyphy/ptII/ptolemy/actor/lib/test/auto/Expression1.xml (RunModel)" time="0.012" />
  <testcase classname="ptolemy.util.test.junit.AutoTests" name="[151] /home/travis/build/icyphy/ptII/ptolemy/actor/lib/test/auto/Expression10.xml (RunModel)" time="0.015" />
  <testcase classname="ptolemy.util.test.junit.AutoTests" name="[152] /home/travis/build/icyphy/ptII/ptolemy/actor/lib/test/auto/Expression11.xml (RunModel)" time="0.012" />
  <testcase classname="ptolemy.util.test.junit.AutoTests" name="[153] /home/travis/build/icyphy/ptII/ptolemy/actor/lib/test/auto/Expression12.xml (RunModel)" time="0.013" />
  <testcase classname="ptolemy.util.test.junit.AutoTests" name="[154] /home/travis/build/icyphy/ptII/ptolemy/actor/lib/test/auto/Expression13.xml (RunModel)" time="0.013" />
  <testcase classname="ptolemy.util.test.junit.AutoTests" name="[155] /home/travis/build/icyphy/ptII/ptolemy/actor/lib/test/auto/Expression14.xml (RunModel)" time="0.016" />
  <testcase classname="ptolemy.util.test.junit.AutoTests" name="[156] /home/travis/build/icyphy/ptII/ptolemy/actor/lib/test/auto/Expression15.xml (RunModel)" time="0.009" />
  <testcase classname="ptolemy.util.test.junit.AutoTests" name="[157] /home/travis/build/icyphy/ptII/ptolemy/actor/lib/test/auto/Expression16.xml (RunModel)" time="0.015" />
  <testcase classname="ptolemy.util.test.junit.AutoTests" name="[158] /home/travis/build/icyphy/ptII/ptolemy/actor/lib/test/auto/Expression17.xml (RunModel)" time="0.012" />
  <testcase classname="ptolemy.util.test.junit.AutoTests" name="[159] /home/travis/build/icyphy/ptII/ptolemy/actor/lib/test/auto/Expression18.xml (RunModel)" time="0.012" />
  <testcase classname="ptolemy.util.test.junit.AutoTests" name="[160] /home/travis/build/icyphy/ptII/ptolemy/actor/lib/test/auto/Expression2.xml (RunModel)" time="0.012" />
  <testcase classname="ptolemy.util.test.junit.AutoTests" name="[161] /home/travis/build/icyphy/ptII/ptolemy/actor/lib/test/auto/Expression3.xml (RunModel)" time="0.011" />
  <testcase classname="ptolemy.util.test.junit.AutoTests" name="[162] /home/travis/build/icyphy/ptII/ptolemy/actor/lib/test/auto/Expression4.xml (RunModel)" time="0.018" />
  <testcase classname="ptolemy.util.test.junit.AutoTests" name="[163] /home/travis/build/icyphy/ptII/ptolemy/actor/lib/test/auto/Expression5.xml (RunModel)" time="0.017" />
  <testcase classname="ptolemy.util.test.junit.AutoTests" name="[164] /home/travis/build/icyphy/ptII/ptolemy/actor/lib/test/auto/Expression6.xml (RunModel)" time="0.009" />
  <testcase classname="ptolemy.util.test.junit.AutoTests" name="[165] /home/travis/build/icyphy/ptII/ptolemy/actor/lib/test/auto/Expression7.xml (RunModel)" time="0.012" />
  <testcase classname="ptolemy.util.test.junit.AutoTests" name="[166] /home/travis/build/icyphy/ptII/ptolemy/actor/lib/test/auto/Expression8.xml (RunModel)" time="0.016" />
  <testcase classname="ptolemy.util.test.junit.AutoTests" name="[167] /home/travis/build/icyphy/ptII/ptolemy/actor/lib/test/auto/Expression9.xml (RunModel)" time="0.01" />
  <testcase classname="ptolemy.util.test.junit.AutoTests" name="[168] /home/travis/build/icyphy/ptII/ptolemy/actor/lib/test/auto/ExpressionConcatenateArrayType.xml (RunModel)" time="0.04" />
  <testcase classname="ptolemy.util.test.junit.AutoTests" name="[169] /home/travis/build/icyphy/ptII/ptolemy/actor/lib/test/auto/ExpressionConcatenateArrayType2.xml (RunModel)" time="0.06" />
  <testcase classname="ptolemy.util.test.junit.AutoTests" name="[170] /home/travis/build/icyphy/ptII/ptolemy/actor/lib/test/auto/ExpressionFix.xml (RunModel)" time="0.034" />
  <testcase classname="ptolemy.util.test.junit.AutoTests" name="[171] /home/travis/build/icyphy/ptII/ptolemy/actor/lib/test/auto/ExpressionFix2.xml (RunModel)" time="0.01" />
  <testcase classname="ptolemy.util.test.junit.AutoTests" name="[172] /home/travis/build/icyphy/ptII/ptolemy/actor/lib/test/auto/ExpressionFix3.xml (RunModel)" time="0.017" />
  <testcase classname="ptolemy.util.test.junit.AutoTests" name="[173] /home/travis/build/icyphy/ptII/ptolemy/actor/lib/test/auto/FileWriter1.xml (RunModel)" time="0.011" />
  <testcase classname="ptolemy.util.test.junit.AutoTests" name="[174] /home/travis/build/icyphy/ptII/ptolemy/actor/lib/test/auto/FileWriter2.xml (RunModel)" time="0.014" />
  <testcase classname="ptolemy.util.test.junit.AutoTests" name="[175] /home/travis/build/icyphy/ptII/ptolemy/actor/lib/test/auto/FileWriter3.xml (RunModel)" time="0.011" />
  <testcase classname="ptolemy.util.test.junit.AutoTests" name="[176] /home/travis/build/icyphy/ptII/ptolemy/actor/lib/test/auto/Gaussian.xml (RunModel)" time="0.013" />
  <testcase classname="ptolemy.util.test.junit.AutoTests" name="[177] /home/travis/build/icyphy/ptII/ptolemy/actor/lib/test/auto/Gaussian1.xml (RunModel)" time="0.012" />
  <testcase classname="ptolemy.util.test.junit.AutoTests" name="[178] /home/travis/build/icyphy/ptII/ptolemy/actor/lib/test/auto/Gaussian2.xml (RunModel)" time="0.024" />
  <testcase classname="ptolemy.util.test.junit.AutoTests" name="[179] /home/travis/build/icyphy/ptII/ptolemy/actor/lib/test/auto/GradientAdaptiveLattice.xml (RunModel)" time="0.016" />
  <testcase classname="ptolemy.util.test.junit.AutoTests" name="[180] /home/travis/build/icyphy/ptII/ptolemy/actor/lib/test/auto/IIR.xml (RunModel)" time="0.01" />
  <testcase classname="ptolemy.util.test.junit.AutoTests" name="[181] /home/travis/build/icyphy/ptII/ptolemy/actor/lib/test/auto/InputOutputTransparentPorts.xml (RunModel)" time="0.021" />
  <testcase classname="ptolemy.util.test.junit.AutoTests" name="[182] /home/travis/build/icyphy/ptII/ptolemy/actor/lib/test/auto/Interpolator.xml (RunModel)" time="0.013" />
  <testcase classname="ptolemy.util.test.junit.AutoTests" name="[183] /home/travis/build/icyphy/ptII/ptolemy/actor/lib/test/auto/InterpolatorFiringLimitDE.xml (RunModel)" time="0.015" />
  <testcase classname="ptolemy.util.test.junit.AutoTests" name="[184] /home/travis/build/icyphy/ptII/ptolemy/actor/lib/test/auto/Lattice.xml (RunModel)" time="0.01" />
  <testcase classname="ptolemy.util.test.junit.AutoTests" name="[185] /home/travis/build/icyphy/ptII/ptolemy/actor/lib/test/auto/LazyAOCTestLazy.xml (RunModel)" time="0.034" />
  <testcase classname="ptolemy.util.test.junit.AutoTests" name="[186] /home/travis/build/icyphy/ptII/ptolemy/actor/lib/test/auto/LazyAOCTestNonLazy.xml (RunModel)" time="0.027" />
  <testcase classname="ptolemy.util.test.junit.AutoTests" name="[187] /home/travis/build/icyphy/ptII/ptolemy/actor/lib/test/auto/LazyInnerClass.xml (RunModel)" time="0.039" />
  <testcase classname="ptolemy.util.test.junit.AutoTests" name="[188] /home/travis/build/icyphy/ptII/ptolemy/actor/lib/test/auto/LazyPubSub.xml (RunModel)" time="0.072" />
  <testcase classname="ptolemy.util.test.junit.AutoTests" name="[189] /home/travis/build/icyphy/ptII/ptolemy/actor/lib/test/auto/LazyPubSub2.xml (RunModel)" time="0.063" />
  <testcase classname="ptolemy.util.test.junit.AutoTests" name="[190] /home/travis/build/icyphy/ptII/ptolemy/actor/lib/test/auto/LazyPubSub3.xml (RunModel)" time="0.026" />
  <testcase classname="ptolemy.util.test.junit.AutoTests" name="[191] /home/travis/build/icyphy/ptII/ptolemy/actor/lib/test/auto/LazySubClassModel.xml (RunModel)" time="0.05" />
  <testcase classname="ptolemy.util.test.junit.AutoTests" name="[192] /home/travis/build/icyphy/ptII/ptolemy/actor/lib/test/auto/LevelCrossTest1.xml (RunModel)" time="0.012" />
  <testcase classname="ptolemy.util.test.junit.AutoTests" name="[193] /home/travis/build/icyphy/ptII/ptolemy/actor/lib/test/auto/LevelCrossTest10.xml (RunModel)" time="0.036" />
  <testcase classname="ptolemy.util.test.junit.AutoTests" name="[194] /home/travis/build/icyphy/ptII/ptolemy/actor/lib/test/auto/LevelCrossTest11.xml (RunModel)" time="0.02" />
  <testcase classname="ptolemy.util.test.junit.AutoTests" name="[195] /home/travis/build/icyphy/ptII/ptolemy/actor/lib/test/auto/LevelCrossTest12.xml (RunModel)" time="0.018" />
  <testcase classname="ptolemy.util.test.junit.AutoTests" name="[196] /home/travis/build/icyphy/ptII/ptolemy/actor/lib/test/auto/LevelCrossTest13.xml (RunModel)" time="0.014" />
  <testcase classname="ptolemy.util.test.junit.AutoTests" name="[197] /home/travis/build/icyphy/ptII/ptolemy/actor/lib/test/auto/LevelCrossTest2.xml (RunModel)" time="0.011" />
  <testcase classname="ptolemy.util.test.junit.AutoTests" name="[198] /home/travis/build/icyphy/ptII/ptolemy/actor/lib/test/auto/LevelCrossTest3.xml (RunModel)" time="0.012" />
  <testcase classname="ptolemy.util.test.junit.AutoTests" name="[199] /home/travis/build/icyphy/ptII/ptolemy/actor/lib/test/auto/LevelCrossTest4.xml (RunModel)" time="0.012" />
  <testcase classname="ptolemy.util.test.junit.AutoTests" name="[200] /home/travis/build/icyphy/ptII/ptolemy/actor/lib/test/auto/LevelCrossTest5.xml (RunModel)" time="0.018" />
  <testcase classname="ptolemy.util.test.junit.AutoTests" name="[201] /home/travis/build/icyphy/ptII/ptolemy/actor/lib/test/auto/LevelCrossTest6.xml (RunModel)" time="0.02" />
  <testcase classname="ptolemy.util.test.junit.AutoTests" name="[202] /home/travis/build/icyphy/ptII/ptolemy/actor/lib/test/auto/LevelCrossTest7.xml (RunModel)" time="0.017" />
  <testcase classname="ptolemy.util.test.junit.AutoTests" name="[203] /home/travis/build/icyphy/ptII/ptolemy/actor/lib/test/auto/LevelCrossTest8.xml (RunModel)" time="0.016" />
  <testcase classname="ptolemy.util.test.junit.AutoTests" name="[204] /home/travis/build/icyphy/ptII/ptolemy/actor/lib/test/auto/LevelCrossTest9.xml (RunModel)" time="0.016" />
  <testcase classname="ptolemy.util.test.junit.AutoTests" name="[205] /home/travis/build/icyphy/ptII/ptolemy/actor/lib/test/auto/LevinsonDurbin.xml (RunModel)" time="0.015" />
  <testcase classname="ptolemy.util.test.junit.AutoTests" name="[206] /home/travis/build/icyphy/ptII/ptolemy/actor/lib/test/auto/LevinsonDurbin2.xml (RunModel)" time="0.024" />
  <testcase classname="ptolemy.util.test.junit.AutoTests" name="[207] /home/travis/build/icyphy/ptII/ptolemy/actor/lib/test/auto/LevinsonDurbin3.xml (RunModel)" time="0.013" />
  <testcase classname="ptolemy.util.test.junit.AutoTests" name="[208] /home/travis/build/icyphy/ptII/ptolemy/actor/lib/test/auto/Limiter.xml (RunModel)" time="0.044" />
  <testcase classname="ptolemy.util.test.junit.AutoTests" name="[209] /home/travis/build/icyphy/ptII/ptolemy/actor/lib/test/auto/LinearDifferenceEquationSystem.xml (RunModel)" time="0.026" />
  <testcase classname="ptolemy.util.test.junit.AutoTests" name="[210] /home/travis/build/icyphy/ptII/ptolemy/actor/lib/test/auto/LookupTable.xml (RunModel)" time="0.011" />
  <testcase classname="ptolemy.util.test.junit.AutoTests" name="[211] /home/travis/build/icyphy/ptII/ptolemy/actor/lib/test/auto/MathFunction.xml (RunModel)" time="0.022" />
  <testcase classname="ptolemy.util.test.junit.AutoTests" name="[212] /home/travis/build/icyphy/ptII/ptolemy/actor/lib/test/auto/MathFunction2.xml (RunModel)" time="0.01" />
  <testcase classname="ptolemy.util.test.junit.AutoTests" name="[213] /home/travis/build/icyphy/ptII/ptolemy/actor/lib/test/auto/MathFunction3.xml (RunModel)" time="0.018" />
  <testcase classname="ptolemy.util.test.junit.AutoTests" name="[214] /home/travis/build/icyphy/ptII/ptolemy/actor/lib/test/auto/MatrixCropBoolean.xml (RunModel)" time="0.013" />
  <testcase classname="ptolemy.util.test.junit.AutoTests" name="[215] /home/travis/build/icyphy/ptII/ptolemy/actor/lib/test/auto/MatrixCropComplex.xml (RunModel)" time="0.015" />
  <testcase classname="ptolemy.util.test.junit.AutoTests" name="[216] /home/travis/build/icyphy/ptII/ptolemy/actor/lib/test/auto/MatrixCropDouble.xml (RunModel)" time="0.011" />
  <testcase classname="ptolemy.util.test.junit.AutoTests" name="[217] /home/travis/build/icyphy/ptII/ptolemy/actor/lib/test/auto/MatrixCropFix.xml (RunModel)" time="0.018" />
  <testcase classname="ptolemy.util.test.junit.AutoTests" name="[218] /home/travis/build/icyphy/ptII/ptolemy/actor/lib/test/auto/MatrixCropInt.xml (RunModel)" time="0.011" />
  <testcase classname="ptolemy.util.test.junit.AutoTests" name="[219] /home/travis/build/icyphy/ptII/ptolemy/actor/lib/test/auto/MatrixCropLong.xml (RunModel)" time="0.011" />
  <testcase classname="ptolemy.util.test.junit.AutoTests" name="[220] /home/travis/build/icyphy/ptII/ptolemy/actor/lib/test/auto/MatrixToArray.xml (RunModel)" time="0.044" />
  <testcase classname="ptolemy.util.test.junit.AutoTests" name="[221] /home/travis/build/icyphy/ptII/ptolemy/actor/lib/test/auto/MaxIndex.xml (RunModel)" time="0.013" />
  <testcase classname="ptolemy.util.test.junit.AutoTests" name="[222] /home/travis/build/icyphy/ptII/ptolemy/actor/lib/test/auto/Maximum.xml (RunModel)" time="0.017" />
  <testcase classname="ptolemy.util.test.junit.AutoTests" name="[223] /home/travis/build/icyphy/ptII/ptolemy/actor/lib/test/auto/MaximumComplex.xml (RunModel)" time="0.013" />
  <testcase classname="ptolemy.util.test.junit.AutoTests" name="[224] /home/travis/build/icyphy/ptII/ptolemy/actor/lib/test/auto/MethodCallTest.xml (RunModel)" time="0.018" />
  <testcase classname="ptolemy.util.test.junit.AutoTests" name="[225] /home/travis/build/icyphy/ptII/ptolemy/actor/lib/test/auto/Minimum.xml (RunModel)" time="0.02" />
  <testcase classname="ptolemy.util.test.junit.AutoTests" name="[226] /home/travis/build/icyphy/ptII/ptolemy/actor/lib/test/auto/MinimumComplex.xml (RunModel)" time="0.03" />
  <testcase classname="ptolemy.util.test.junit.AutoTests" name="[227] /home/travis/build/icyphy/ptII/ptolemy/actor/lib/test/auto/MinimumMultiports.xml (RunModel)" time="0.027" />
  <testcase classname="ptolemy.util.test.junit.AutoTests" name="[228] /home/travis/build/icyphy/ptII/ptolemy/actor/lib/test/auto/ModifyDate.xml (RunModel)" time="0.047" />
  <testcase classname="ptolemy.util.test.junit.AutoTests" name="[229] /home/travis/build/icyphy/ptII/ptolemy/actor/lib/test/auto/ModifyDate2.xml (RunModel)" time="0.033" />
  <testcase classname="ptolemy.util.test.junit.AutoTests" name="[230] /home/travis/build/icyphy/ptII/ptolemy/actor/lib/test/auto/MovingAverage.xml (RunModel)" time="0.013" />
  <testcase classname="ptolemy.util.test.junit.AutoTests" name="[231] /home/travis/build/icyphy/ptII/ptolemy/actor/lib/test/auto/MovingMaximum.xml (RunModel)" time="0.013" />
  <testcase classname="ptolemy.util.test.junit.AutoTests" name="[232] /home/travis/build/icyphy/ptII/ptolemy/actor/lib/test/auto/MultipleLinksToSameRelation.xml (RunModel)" time="0.018" />
  <testcase classname="ptolemy.util.test.junit.AutoTests" name="[233] /home/travis/build/icyphy/ptII/ptolemy/actor/lib/test/auto/MultipleLinksToSameRelationDE.xml (RunModel)" time="0.014" />
  <testcase classname="ptolemy.util.test.junit.AutoTests" name="[234] /home/travis/build/icyphy/ptII/ptolemy/actor/lib/test/auto/Multiplexor.xml (RunModel)" time="0.013" />
  <testcase classname="ptolemy.util.test.junit.AutoTests" name="[235] /home/travis/build/icyphy/ptII/ptolemy/actor/lib/test/auto/Multiplexor1.xml (RunModel)" time="0.012" />
  <testcase classname="ptolemy.util.test.junit.AutoTests" name="[236] /home/travis/build/icyphy/ptII/ptolemy/actor/lib/test/auto/Multiplexor2.xml (RunModel)" time="0.017" />
  <testcase classname="ptolemy.util.test.junit.AutoTests" name="[237] /home/travis/build/icyphy/ptII/ptolemy/actor/lib/test/auto/Multiplexor3.xml (RunModel)" time="0.01" />
  <testcase classname="ptolemy.util.test.junit.AutoTests" name="[238] /home/travis/build/icyphy/ptII/ptolemy/actor/lib/test/auto/MultiplexorDE.xml (RunModel)" time="0.018" />
  <testcase classname="ptolemy.util.test.junit.AutoTests" name="[239] /home/travis/build/icyphy/ptII/ptolemy/actor/lib/test/auto/MultiportBroadcastTest.xml (RunModel)" time="0.101" />
  <testcase classname="ptolemy.util.test.junit.AutoTests" name="[240] /home/travis/build/icyphy/ptII/ptolemy/actor/lib/test/auto/MultiportOutHangDuringGetWidth.xml (RunModel)" time="0.037" />
  <testcase classname="ptolemy.util.test.junit.AutoTests" name="[241] /home/travis/build/icyphy/ptII/ptolemy/actor/lib/test/auto/NilToken.xml (RunModel)" time="0.015" />
  <testcase classname="ptolemy.util.test.junit.AutoTests" name="[242] /home/travis/build/icyphy/ptII/ptolemy/actor/lib/test/auto/NilTokenNonStrictTest.xml (RunModel)" time="0.012" />
  <testcase classname="ptolemy.util.test.junit.AutoTests" name="[243] /home/travis/build/icyphy/ptII/ptolemy/actor/lib/test/auto/NilTokenRecord.xml (RunModel)" time="0.033" />
  <testcase classname="ptolemy.util.test.junit.AutoTests" name="[244] /home/travis/build/icyphy/ptII/ptolemy/actor/lib/test/auto/NilTokenTypeTest.xml (RunModel)" time="0.033" />
  <testcase classname="ptolemy.util.test.junit.AutoTests" name="[245] /home/travis/build/icyphy/ptII/ptolemy/actor/lib/test/auto/ObjectToken1.xml (RunModel)" time="0.009" />
  <testcase classname="ptolemy.util.test.junit.AutoTests" name="[246] /home/travis/build/icyphy/ptII/ptolemy/actor/lib/test/auto/OrderedMerge.xml (RunModel)" time="0.014" />
  <testcase classname="ptolemy.util.test.junit.AutoTests" name="[247] /home/travis/build/icyphy/ptII/ptolemy/actor/lib/test/auto/OrderedRecordDisassembler.xml (RunModel)" time="0.019" />
  <testcase classname="ptolemy.util.test.junit.AutoTests" name="[248] /home/travis/build/icyphy/ptII/ptolemy/actor/lib/test/auto/OrderedRecordDisassembler2.xml (RunModel)" time="0.02" />
  <testcase classname="ptolemy.util.test.junit.AutoTests" name="[249] /home/travis/build/icyphy/ptII/ptolemy/actor/lib/test/auto/OrderedRecordUpdater.xml (RunModel)" time="0.012" />
  <testcase classname="ptolemy.util.test.junit.AutoTests" name="[250] /home/travis/build/icyphy/ptII/ptolemy/actor/lib/test/auto/OrderedRecordUpdater2.xml (RunModel)" time="0.021" />
  <testcase classname="ptolemy.util.test.junit.AutoTests" name="[251] /home/travis/build/icyphy/ptII/ptolemy/actor/lib/test/auto/PhaseUnwrap.xml (RunModel)" time="0.016" />
  <testcase classname="ptolemy.util.test.junit.AutoTests" name="[252] /home/travis/build/icyphy/ptII/ptolemy/actor/lib/test/auto/PoissonClock.xml (RunModel)" time="0.01" />
  <testcase classname="ptolemy.util.test.junit.AutoTests" name="[253] /home/travis/build/icyphy/ptII/ptolemy/actor/lib/test/auto/PoissonClock2.xml (RunModel)" time="0.008" />
  <testcase classname="ptolemy.util.test.junit.AutoTests" name="[254] /home/travis/build/icyphy/ptII/ptolemy/actor/lib/test/auto/PoissonClock3.xml (RunModel)" time="0.028" />
  <testcase classname="ptolemy.util.test.junit.AutoTests" name="[255] /home/travis/build/icyphy/ptII/ptolemy/actor/lib/test/auto/PubSubWithInitialTokens.xml (RunModel)" time="0.02" />
  <testcase classname="ptolemy.util.test.junit.AutoTests" name="[256] /home/travis/build/icyphy/ptII/ptolemy/actor/lib/test/auto/PubSubWithInitialTokens2.xml (RunModel)" time="0.012" />
  <testcase classname="ptolemy.util.test.junit.AutoTests" name="[257] /home/travis/build/icyphy/ptII/ptolemy/actor/lib/test/auto/PublisherClassNoParameter.xml (RunModel)" time="0.027" />
  <testcase classname="ptolemy.util.test.junit.AutoTests" name="[258] /home/travis/build/icyphy/ptII/ptolemy/actor/lib/test/auto/PublisherClassParameter.xml (RunModel)" time="0.022" />
  <testcase classname="ptolemy.util.test.junit.AutoTests" name="[259] /home/travis/build/icyphy/ptII/ptolemy/actor/lib/test/auto/PublisherNonStrictTest.xml (RunModel)" time="0.015" />
  <testcase classname="ptolemy.util.test.junit.AutoTests" name="[260] /home/travis/build/icyphy/ptII/ptolemy/actor/lib/test/auto/PublisherPort1.xml (RunModel)" time="0.011" />
  <testcase classname="ptolemy.util.test.junit.AutoTests" name="[261] /home/travis/build/icyphy/ptII/ptolemy/actor/lib/test/auto/PublisherPort2.xml (RunModel)" time="0.009" />
  <testcase classname="ptolemy.util.test.junit.AutoTests" name="[262] /home/travis/build/icyphy/ptII/ptolemy/actor/lib/test/auto/PublisherPort3.xml (RunModel)" time="0.021" />
  <testcase classname="ptolemy.util.test.junit.AutoTests" name="[263] /home/travis/build/icyphy/ptII/ptolemy/actor/lib/test/auto/PublisherPort4.xml (RunModel)" time="0.018" />
  <testcase classname="ptolemy.util.test.junit.AutoTests" name="[264] /home/travis/build/icyphy/ptII/ptolemy/actor/lib/test/auto/PublisherPort5.xml (RunModel)" time="0.014" />
  <testcase classname="ptolemy.util.test.junit.AutoTests" name="[265] /home/travis/build/icyphy/ptII/ptolemy/actor/lib/test/auto/PublisherPort5LookAlike.xml (RunModel)" time="0.019" />
  <testcase classname="ptolemy.util.test.junit.AutoTests" name="[266] /home/travis/build/icyphy/ptII/ptolemy/actor/lib/test/auto/PublisherPort6.xml (RunModel)" time="0.012" />
  <testcase classname="ptolemy.util.test.junit.AutoTests" name="[267] /home/travis/build/icyphy/ptII/ptolemy/actor/lib/test/auto/PublisherPort7.xml (RunModel)" time="0.016" />
  <testcase classname="ptolemy.util.test.junit.AutoTests" name="[268] /home/travis/build/icyphy/ptII/ptolemy/actor/lib/test/auto/PublisherPort8.xml (RunModel)" time="0.021" />
  <testcase classname="ptolemy.util.test.junit.AutoTests" name="[269] /home/travis/build/icyphy/ptII/ptolemy/actor/lib/test/auto/PublisherPortSubscriberChannelVariablesAOC2.xml (RunModel)" time="0.036" />
  <testcase classname="ptolemy.util.test.junit.AutoTests" name="[270] /home/travis/build/icyphy/ptII/ptolemy/actor/lib/test/auto/PublisherPortSubscriberOpaqueWidthInference.xml (RunModel)" time="0.05" />
  <testcase classname="ptolemy.util.test.junit.AutoTests" name="[271] /home/travis/build/icyphy/ptII/ptolemy/actor/lib/test/auto/PublisherPortSubscriberPortAdjacent.xml (RunModel)" time="0.017" />
  <testcase classname="ptolemy.util.test.junit.AutoTests" name="[272] /home/travis/build/icyphy/ptII/ptolemy/actor/lib/test/auto/PublisherPortSubscriberPortExpression.xml (RunModel)" time="0.023" />
  <testcase classname="ptolemy.util.test.junit.AutoTests" name="[273] /home/travis/build/icyphy/ptII/ptolemy/actor/lib/test/auto/PublisherPortSubscriberPortOpaqueD3Reverse.xml (RunModel)" time="0.046" />
  <testcase classname="ptolemy.util.test.junit.AutoTests" name="[274] /home/travis/build/icyphy/ptII/ptolemy/actor/lib/test/auto/PublisherPortSubscriberPortOpaqueWidthInference.xml (RunModel)" time="0.017" />
  <testcase classname="ptolemy.util.test.junit.AutoTests" name="[275] /home/travis/build/icyphy/ptII/ptolemy/actor/lib/test/auto/PublisherPortToplevelSubscriberPortAOC.xml (RunModel)" time="0.011" />
  <testcase classname="ptolemy.util.test.junit.AutoTests" name="[276] /home/travis/build/icyphy/ptII/ptolemy/actor/lib/test/auto/PublisherSubscriber.xml (RunModel)" time="0.014" />
  <testcase classname="ptolemy.util.test.junit.AutoTests" name="[277] /home/travis/build/icyphy/ptII/ptolemy/actor/lib/test/auto/PublisherSubscriber10.xml (RunModel)" time="0.022" />
  <testcase classname="ptolemy.util.test.junit.AutoTests" name="[278] /home/travis/build/icyphy/ptII/ptolemy/actor/lib/test/auto/PublisherSubscriber10InitialOutputs.xml (RunModel)" time="0.02" />
  <testcase classname="ptolemy.util.test.junit.AutoTests" name="[279] /home/travis/build/icyphy/ptII/ptolemy/actor/lib/test/auto/PublisherSubscriber11.xml (RunModel)" time="0.012" />
  <testcase classname="ptolemy.util.test.junit.AutoTests" name="[280] /home/travis/build/icyphy/ptII/ptolemy/actor/lib/test/auto/PublisherSubscriber12.xml (RunModel)" time="0.025" />
  <testcase classname="ptolemy.util.test.junit.AutoTests" name="[281] /home/travis/build/icyphy/ptII/ptolemy/actor/lib/test/auto/PublisherSubscriber13.xml (RunModel)" time="0.014" />
  <testcase classname="ptolemy.util.test.junit.AutoTests" name="[282] /home/travis/build/icyphy/ptII/ptolemy/actor/lib/test/auto/PublisherSubscriber14.xml (RunModel)" time="0.021" />
  <testcase classname="ptolemy.util.test.junit.AutoTests" name="[283] /home/travis/build/icyphy/ptII/ptolemy/actor/lib/test/auto/PublisherSubscriber2.xml (RunModel)" time="0.011" />
  <testcase classname="ptolemy.util.test.junit.AutoTests" name="[284] /home/travis/build/icyphy/ptII/ptolemy/actor/lib/test/auto/PublisherSubscriber3.xml (RunModel)" time="0.011" />
  <testcase classname="ptolemy.util.test.junit.AutoTests" name="[285] /home/travis/build/icyphy/ptII/ptolemy/actor/lib/test/auto/PublisherSubscriber4.xml (RunModel)" time="0.01" />
  <testcase classname="ptolemy.util.test.junit.AutoTests" name="[286] /home/travis/build/icyphy/ptII/ptolemy/actor/lib/test/auto/PublisherSubscriber5.xml (RunModel)" time="0.015" />
  <testcase classname="ptolemy.util.test.junit.AutoTests" name="[287] /home/travis/build/icyphy/ptII/ptolemy/actor/lib/test/auto/PublisherSubscriber6.xml (RunModel)" time="0.02" />
  <testcase classname="ptolemy.util.test.junit.AutoTests" name="[288] /home/travis/build/icyphy/ptII/ptolemy/actor/lib/test/auto/PublisherSubscriber7.xml (RunModel)" time="0.02" />
  <testcase classname="ptolemy.util.test.junit.AutoTests" name="[289] /home/travis/build/icyphy/ptII/ptolemy/actor/lib/test/auto/PublisherSubscriber8.xml (RunModel)" time="0.037" />
  <testcase classname="ptolemy.util.test.junit.AutoTests" name="[290] /home/travis/build/icyphy/ptII/ptolemy/actor/lib/test/auto/PublisherSubscriber9.xml (RunModel)" time="0.018" />
  <testcase classname="ptolemy.util.test.junit.AutoTests" name="[291] /home/travis/build/icyphy/ptII/ptolemy/actor/lib/test/auto/PublisherSubscriberAdjacent.xml (RunModel)" time="0.017" />
  <testcase classname="ptolemy.util.test.junit.AutoTests" name="[292] /home/travis/build/icyphy/ptII/ptolemy/actor/lib/test/auto/PublisherSubscriberChannelVariablesAOC2.xml (RunModel)" time="0.027" />
  <testcase classname="ptolemy.util.test.junit.AutoTests" name="[293] /home/travis/build/icyphy/ptII/ptolemy/actor/lib/test/auto/PublisherSubscriberD3.xml (RunModel)" time="0.013" />
  <testcase classname="ptolemy.util.test.junit.AutoTests" name="[294] /home/travis/build/icyphy/ptII/ptolemy/actor/lib/test/auto/PublisherSubscriberD3Reverse.xml (RunModel)" time="0.011" />
  <testcase classname="ptolemy.util.test.junit.AutoTests" name="[295] /home/travis/build/icyphy/ptII/ptolemy/actor/lib/test/auto/PublisherSubscriberExpression.xml (RunModel)" time="0.018" />
  <testcase classname="ptolemy.util.test.junit.AutoTests" name="[296] /home/travis/build/icyphy/ptII/ptolemy/actor/lib/test/auto/PublisherSubscriberOpaque.xml (RunModel)" time="0.016" />
  <testcase classname="ptolemy.util.test.junit.AutoTests" name="[297] /home/travis/build/icyphy/ptII/ptolemy/actor/lib/test/auto/PublisherSubscriberOpaqueD3.xml (RunModel)" time="0.021" />
  <testcase classname="ptolemy.util.test.junit.AutoTests" name="[298] /home/travis/build/icyphy/ptII/ptolemy/actor/lib/test/auto/PublisherSubscriberOpaqueD3Reverse.xml (RunModel)" time="0.022" />
  <testcase classname="ptolemy.util.test.junit.AutoTests" name="[299] /home/travis/build/icyphy/ptII/ptolemy/actor/lib/test/auto/PublisherSubscriberOpaqueWidthInference.xml (RunModel)" time="0.019" />
  <testcase classname="ptolemy.util.test.junit.AutoTests" name="[300] /home/travis/build/icyphy/ptII/ptolemy/actor/lib/test/auto/PublisherTestSubscriber.xml (RunModel)" time="0.019" />
  <testcase classname="ptolemy.util.test.junit.AutoTests" name="[301] /home/travis/build/icyphy/ptII/ptolemy/actor/lib/test/auto/PublisherToplevelSubscriberPortAOC.xml (RunModel)" time="0.011" />
  <testcase classname="ptolemy.util.test.junit.AutoTests" name="[302] /home/travis/build/icyphy/ptII/ptolemy/actor/lib/test/auto/PulseFiringLimitDE.xml (RunModel)" time="0.015" />
  <testcase classname="ptolemy.util.test.junit.AutoTests" name="[303] /home/travis/build/icyphy/ptII/ptolemy/actor/lib/test/auto/Ramp1.xml (RunModel)" time="0.007" />
  <testcase classname="ptolemy.util.test.junit.AutoTests" name="[304] /home/travis/build/icyphy/ptII/ptolemy/actor/lib/test/auto/RampFiringLimitDE.xml (RunModel)" time="0.011" />
  <testcase classname="ptolemy.util.test.junit.AutoTests" name="[305] /home/travis/build/icyphy/ptII/ptolemy/actor/lib/test/auto/RampFiringLimitSDF.xml (RunModel)" time="0.011" />
  <testcase classname="ptolemy.util.test.junit.AutoTests" name="[306] /home/travis/build/icyphy/ptII/ptolemy/actor/lib/test/auto/RandomInteger.xml (RunModel)" time="0.008" />
  <testcase classname="ptolemy.util.test.junit.AutoTests" name="[307] /home/travis/build/icyphy/ptII/ptolemy/actor/lib/test/auto/ReadFile1.xml (RunModel)" time="0.008" />
  <testcase classname="ptolemy.util.test.junit.AutoTests" name="[308] /home/travis/build/icyphy/ptII/ptolemy/actor/lib/test/auto/ReadFile2.xml (RunModel)" time="0.008" />
  <testcase classname="ptolemy.util.test.junit.AutoTests" name="[309] /home/travis/build/icyphy/ptII/ptolemy/actor/lib/test/auto/Reader.xml (RunModel)" time="0.013" />
  <testcase classname="ptolemy.util.test.junit.AutoTests" name="[310] /home/travis/build/icyphy/ptII/ptolemy/actor/lib/test/auto/RecordAssemblerDisplayNameTest.xml (RunModel)" time="3.609" />
  <testcase classname="ptolemy.util.test.junit.AutoTests" name="[311] /home/travis/build/icyphy/ptII/ptolemy/actor/lib/test/auto/RecordAssemblerTypeError.xml (RunModel)" time="0.032" />
  <testcase classname="ptolemy.util.test.junit.AutoTests" name="[312] /home/travis/build/icyphy/ptII/ptolemy/actor/lib/test/auto/RecordDisassember.xml (RunModel)" time="0.015" />
  <testcase classname="ptolemy.util.test.junit.AutoTests" name="[313] /home/travis/build/icyphy/ptII/ptolemy/actor/lib/test/auto/RecordDisassemberDisplayNameTest.xml (RunModel)" time="0.018" />
  <testcase classname="ptolemy.util.test.junit.AutoTests" name="[314] /home/travis/build/icyphy/ptII/ptolemy/actor/lib/test/auto/RecordDisassembler.xml (RunModel)" time="0.011" />
  <testcase classname="ptolemy.util.test.junit.AutoTests" name="[315] /home/travis/build/icyphy/ptII/ptolemy/actor/lib/test/auto/RecordDisassembler2.xml (RunModel)" time="0.01" />
  <testcase classname="ptolemy.util.test.junit.AutoTests" name="[316] /home/travis/build/icyphy/ptII/ptolemy/actor/lib/test/auto/RecordUpdater.xml (RunModel)" time="0.009" />
  <testcase classname="ptolemy.util.test.junit.AutoTests" name="[317] /home/travis/build/icyphy/ptII/ptolemy/actor/lib/test/auto/RecordUpdater2.xml (RunModel)" time="0.009" />
  <testcase classname="ptolemy.util.test.junit.AutoTests" name="[318] /home/travis/build/icyphy/ptII/ptolemy/actor/lib/test/auto/RecursiveLattice.xml (RunModel)" time="0.01" />
  <testcase classname="ptolemy.util.test.junit.AutoTests" name="[319] /home/travis/build/icyphy/ptII/ptolemy/actor/lib/test/auto/Router.xml (RunModel)" time="3.026" />
  <testcase classname="ptolemy.util.test.junit.AutoTests" name="[320] /home/travis/build/icyphy/ptII/ptolemy/actor/lib/test/auto/Router2.xml (RunModel)" time="3.029" />
  <testcase classname="ptolemy.util.test.junit.AutoTests" name="[321] /home/travis/build/icyphy/ptII/ptolemy/actor/lib/test/auto/RunningMaximum.xml (RunModel)" time="0.024" />
  <testcase classname="ptolemy.util.test.junit.AutoTests" name="[322] /home/travis/build/icyphy/ptII/ptolemy/actor/lib/test/auto/RunningMinimum.xml (RunModel)" time="0.022" />
  <testcase classname="ptolemy.util.test.junit.AutoTests" name="[323] /home/travis/build/icyphy/ptII/ptolemy/actor/lib/test/auto/Scale.xml (RunModel)" time="0.008" />
  <testcase classname="ptolemy.util.test.junit.AutoTests" name="[324] /home/travis/build/icyphy/ptII/ptolemy/actor/lib/test/auto/Scale2.xml (RunModel)" time="0.009" />
  <testcase classname="ptolemy.util.test.junit.AutoTests" name="[325] /home/travis/build/icyphy/ptII/ptolemy/actor/lib/test/auto/Scale3.xml (RunModel)" time="0.02" />
  <testcase classname="ptolemy.util.test.junit.AutoTests" name="[326] /home/travis/build/icyphy/ptII/ptolemy/actor/lib/test/auto/ScaleArray.xml (RunModel)" time="0.008" />
  <testcase classname="ptolemy.util.test.junit.AutoTests" name="[327] /home/travis/build/icyphy/ptII/ptolemy/actor/lib/test/auto/ScaleArray2.xml (RunModel)" time="0.008" />
  <testcase classname="ptolemy.util.test.junit.AutoTests" name="[328] /home/travis/build/icyphy/ptII/ptolemy/actor/lib/test/auto/ScaleMatrix.xml (RunModel)" time="0.179" />
  <testcase classname="ptolemy.util.test.junit.AutoTests" name="[329] /home/travis/build/icyphy/ptII/ptolemy/actor/lib/test/auto/Select.xml (RunModel)" time="0.021" />
  <testcase classname="ptolemy.util.test.junit.AutoTests" name="[330] /home/travis/build/icyphy/ptII/ptolemy/actor/lib/test/auto/Select2.xml (RunModel)" time="0.009" />
  <testcase classname="ptolemy.util.test.junit.AutoTests" name="[331] /home/travis/build/icyphy/ptII/ptolemy/actor/lib/test/auto/SequenceToArray2.xml (RunModel)" time="0.172" />
  <testcase classname="ptolemy.util.test.junit.AutoTests" name="[332] /home/travis/build/icyphy/ptII/ptolemy/actor/lib/test/auto/SequentialClock.xml (RunModel)" time="0.011" />
  <testcase classname="ptolemy.util.test.junit.AutoTests" name="[333] /home/travis/build/icyphy/ptII/ptolemy/actor/lib/test/auto/SetVariable.xml (RunModel)" time="0.012" />
  <testcase classname="ptolemy.util.test.junit.AutoTests" name="[334] /home/travis/build/icyphy/ptII/ptolemy/actor/lib/test/auto/SetVariable2.xml (RunModel)" time="0.009" />
  <testcase classname="ptolemy.util.test.junit.AutoTests" name="[335] /home/travis/build/icyphy/ptII/ptolemy/actor/lib/test/auto/SetVariable3.xml (RunModel)" time="0.017" />
  <testcase classname="ptolemy.util.test.junit.AutoTests" name="[336] /home/travis/build/icyphy/ptII/ptolemy/actor/lib/test/auto/SetVariable4.xml (RunModel)" time="0.026" />
  <testcase classname="ptolemy.util.test.junit.AutoTests" name="[337] /home/travis/build/icyphy/ptII/ptolemy/actor/lib/test/auto/SetVariable5.xml (RunModel)" time="0.04" />
  <testcase classname="ptolemy.util.test.junit.AutoTests" name="[338] /home/travis/build/icyphy/ptII/ptolemy/actor/lib/test/auto/Sinewave.xml (RunModel)" time="0.029" />
  <testcase classname="ptolemy.util.test.junit.AutoTests" name="[339] /home/travis/build/icyphy/ptII/ptolemy/actor/lib/test/auto/Sinewave2.xml (RunModel)" time="0.03" />
  <testcase classname="ptolemy.util.test.junit.AutoTests" name="[340] /home/travis/build/icyphy/ptII/ptolemy/actor/lib/test/auto/Sinewave3.xml (RunModel)" time="0.021" />
  <testcase classname="ptolemy.util.test.junit.AutoTests" name="[341] /home/travis/build/icyphy/ptII/ptolemy/actor/lib/test/auto/SingleEvent.xml (RunModel)" time="0.007" />
  <testcase classname="ptolemy.util.test.junit.AutoTests" name="[342] /home/travis/build/icyphy/ptII/ptolemy/actor/lib/test/auto/Sleep.xml (RunModel)" time="6.019" />
  <testcase classname="ptolemy.util.test.junit.AutoTests" name="[343] /home/travis/build/icyphy/ptII/ptolemy/actor/lib/test/auto/SleepMultipleFire.xml (RunModel)" time="1.022" />
  <testcase classname="ptolemy.util.test.junit.AutoTests" name="[344] /home/travis/build/icyphy/ptII/ptolemy/actor/lib/test/auto/StopDE.xml (RunModel)" time="0.017" />
  <testcase classname="ptolemy.util.test.junit.AutoTests" name="[345] /home/travis/build/icyphy/ptII/ptolemy/actor/lib/test/auto/StopSDF.xml (RunModel)" time="0.016" />
  <testcase classname="ptolemy.util.test.junit.AutoTests" name="[346] /home/travis/build/icyphy/ptII/ptolemy/actor/lib/test/auto/StringConstant.xml (RunModel)" time="0.016" />
  <testcase classname="ptolemy.util.test.junit.AutoTests" name="[347] /home/travis/build/icyphy/ptII/ptolemy/actor/lib/test/auto/SubscriberPortInitialValues1.xml (RunModel)" time="0.026" />
  <testcase classname="ptolemy.util.test.junit.AutoTests" name="[348] /home/travis/build/icyphy/ptII/ptolemy/actor/lib/test/auto/SubscriberPortInitialValues13.xml (RunModel)" time="0.031" />
  <testcase classname="ptolemy.util.test.junit.AutoTests" name="[349] /home/travis/build/icyphy/ptII/ptolemy/actor/lib/test/auto/SubscriberPortInitialValues14.xml (RunModel)" time="0.016" />
  <testcase classname="ptolemy.util.test.junit.AutoTests" name="[350] /home/travis/build/icyphy/ptII/ptolemy/actor/lib/test/auto/SubscriberPortInitialValues2.xml (RunModel)" time="0.017" />
  <testcase classname="ptolemy.util.test.junit.AutoTests" name="[351] /home/travis/build/icyphy/ptII/ptolemy/actor/lib/test/auto/SubscriberPortInitialValues3.xml (RunModel)" time="0.022" />
  <testcase classname="ptolemy.util.test.junit.AutoTests" name="[352] /home/travis/build/icyphy/ptII/ptolemy/actor/lib/test/auto/SubscriptionAggregator.xml (RunModel)" time="0.012" />
  <testcase classname="ptolemy.util.test.junit.AutoTests" name="[353] /home/travis/build/icyphy/ptII/ptolemy/actor/lib/test/auto/SubscriptionAggregator2.xml (RunModel)" time="0.013" />
  <testcase classname="ptolemy.util.test.junit.AutoTests" name="[354] /home/travis/build/icyphy/ptII/ptolemy/actor/lib/test/auto/SubscriptionAggregator3.xml (RunModel)" time="0.017" />
  <testcase classname="ptolemy.util.test.junit.AutoTests" name="[355] /home/travis/build/icyphy/ptII/ptolemy/actor/lib/test/auto/SubscriptionAggregatorMultiply.xml (RunModel)" time="0.023" />
  <testcase classname="ptolemy.util.test.junit.AutoTests" name="[356] /home/travis/build/icyphy/ptII/ptolemy/actor/lib/test/auto/SubscriptionAggregatorPortMultiply1.xml (RunModel)" time="0.017" />
  <testcase classname="ptolemy.util.test.junit.AutoTests" name="[357] /home/travis/build/icyphy/ptII/ptolemy/actor/lib/test/auto/Switch.xml (RunModel)" time="0.016" />
  <testcase classname="ptolemy.util.test.junit.AutoTests" name="[358] /home/travis/build/icyphy/ptII/ptolemy/actor/lib/test/auto/Switch2.xml (RunModel)" time="0.01" />
  <testcase classname="ptolemy.util.test.junit.AutoTests" name="[359] /home/travis/build/icyphy/ptII/ptolemy/actor/lib/test/auto/SwitchDE.xml (RunModel)" time="0.015" />
  <testcase classname="ptolemy.util.test.junit.AutoTests" name="[360] /home/travis/build/icyphy/ptII/ptolemy/actor/lib/test/auto/SynchronizerDE.xml (RunModel)" time="0.022" />
  <testcase classname="ptolemy.util.test.junit.AutoTests" name="[361] /home/travis/build/icyphy/ptII/ptolemy/actor/lib/test/auto/Test.xml (RunModel)" time="0.008" />
  <testcase classname="ptolemy.util.test.junit.AutoTests" name="[362] /home/travis/build/icyphy/ptII/ptolemy/actor/lib/test/auto/TestExceptionAttribute1.xml (RunModel)" time="0.008" />
  <testcase classname="ptolemy.util.test.junit.AutoTests" name="[363] /home/travis/build/icyphy/ptII/ptolemy/actor/lib/test/auto/TestExceptionAttribute2.xml (RunModel)" time="0.01" />
  <testcase classname="ptolemy.util.test.junit.AutoTests" name="[364] /home/travis/build/icyphy/ptII/ptolemy/actor/lib/test/auto/TestExceptionAttribute3.xml (RunModel)" time="0.012" />
  <testcase classname="ptolemy.util.test.junit.AutoTests" name="[365] /home/travis/build/icyphy/ptII/ptolemy/actor/lib/test/auto/TestExceptionAttribute4.xml (RunModel)" time="0.008" />
  <testcase classname="ptolemy.util.test.junit.AutoTests" name="[366] /home/travis/build/icyphy/ptII/ptolemy/actor/lib/test/auto/TestExceptionHandler1.xml (RunModel)" time="0.013" />
  <testcase classname="ptolemy.util.test.junit.AutoTests" name="[367] /home/travis/build/icyphy/ptII/ptolemy/actor/lib/test/auto/TestExceptionHandler2.xml (RunModel)" time="0.012" />
  <testcase classname="ptolemy.util.test.junit.AutoTests" name="[368] /home/travis/build/icyphy/ptII/ptolemy/actor/lib/test/auto/TestExceptionHandler3.xml (RunModel)" time="0.006" />
  <testcase classname="ptolemy.util.test.junit.AutoTests" name="[369] /home/travis/build/icyphy/ptII/ptolemy/actor/lib/test/auto/TestExceptionHandler4.xml (RunModel)" time="0.007" />
  <testcase classname="ptolemy.util.test.junit.AutoTests" name="[370] /home/travis/build/icyphy/ptII/ptolemy/actor/lib/test/auto/TestRequireCorrectOrder.xml (RunModel)" time="0.018" />
  <testcase classname="ptolemy.util.test.junit.AutoTests" name="[371] /home/travis/build/icyphy/ptII/ptolemy/actor/lib/test/auto/TestSimple.xml (RunModel)" time="0.01" />
  <testcase classname="ptolemy.util.test.junit.AutoTests" name="[372] /home/travis/build/icyphy/ptII/ptolemy/actor/lib/test/auto/ThrowModelError.xml (RunModel)" time="0.01" />
  <testcase classname="ptolemy.util.test.junit.AutoTests" name="[373] /home/travis/build/icyphy/ptII/ptolemy/actor/lib/test/auto/TimeDelayMicrosteps.xml (RunModel)" time="0.013" />
  <testcase classname="ptolemy.util.test.junit.AutoTests" name="[374] /home/travis/build/icyphy/ptII/ptolemy/actor/lib/test/auto/TimeDelayMicrosteps2.xml (RunModel)" time="0.015" />
  <testcase classname="ptolemy.util.test.junit.AutoTests" name="[375] /home/travis/build/icyphy/ptII/ptolemy/actor/lib/test/auto/TimeDelayMicrosteps3.xml (RunModel)" time="0.018" />
  <testcase classname="ptolemy.util.test.junit.AutoTests" name="[376] /home/travis/build/icyphy/ptII/ptolemy/actor/lib/test/auto/TimeDelayVariableMicrosteps.xml (RunModel)" time="0.014" />
  <testcase classname="ptolemy.util.test.junit.AutoTests" name="[377] /home/travis/build/icyphy/ptII/ptolemy/actor/lib/test/auto/TimeGap.xml (RunModel)" time="0.035" />
  <testcase classname="ptolemy.util.test.junit.AutoTests" name="[378] /home/travis/build/icyphy/ptII/ptolemy/actor/lib/test/auto/TimeGap2.xml (RunModel)" time="0.012" />
  <testcase classname="ptolemy.util.test.junit.AutoTests" name="[379] /home/travis/build/icyphy/ptII/ptolemy/actor/lib/test/auto/TimedSinewave.xml (RunModel)" time="0.079" />
  <testcase classname="ptolemy.util.test.junit.AutoTests" name="[380] /home/travis/build/icyphy/ptII/ptolemy/actor/lib/test/auto/TimedSinewavePhase.xml (RunModel)" time="0.04" />
  <testcase classname="ptolemy.util.test.junit.AutoTests" name="[381] /home/travis/build/icyphy/ptII/ptolemy/actor/lib/test/auto/Timer.xml (RunModel)" time="0.019" />
  <testcase classname="ptolemy.util.test.junit.AutoTests" name="[382] /home/travis/build/icyphy/ptII/ptolemy/actor/lib/test/auto/TriangularDistTestModel.xml (RunModel)" time="0.019" />
  <testcase classname="ptolemy.util.test.junit.AutoTests" name="[383] /home/travis/build/icyphy/ptII/ptolemy/actor/lib/test/auto/TrigFunction.xml (RunModel)" time="0.01" />
  <testcase classname="ptolemy.util.test.junit.AutoTests" name="[384] /home/travis/build/icyphy/ptII/ptolemy/actor/lib/test/auto/TrigFunctionDE.xml (RunModel)" time="0.011" />
  <testcase classname="ptolemy.util.test.junit.AutoTests" name="[385] /home/travis/build/icyphy/ptII/ptolemy/actor/lib/test/auto/TrigFunctionInverse.xml (RunModel)" time="0.01" />
  <testcase classname="ptolemy.util.test.junit.AutoTests" name="[386] /home/travis/build/icyphy/ptII/ptolemy/actor/lib/test/auto/TrigFunctionTan.xml (RunModel)" time="0.007" />
  <testcase classname="ptolemy.util.test.junit.AutoTests" name="[387] /home/travis/build/icyphy/ptII/ptolemy/actor/lib/test/auto/TriggeredClock.xml (RunModel)" time="0.009" />
  <testcase classname="ptolemy.util.test.junit.AutoTests" name="[388] /home/travis/build/icyphy/ptII/ptolemy/actor/lib/test/auto/URLDirectoryReader.xml (RunModel)" time="0.128" />
  <testcase classname="ptolemy.util.test.junit.AutoTests" name="[389] /home/travis/build/icyphy/ptII/ptolemy/actor/lib/test/auto/URLDirectoryReader3.xml (RunModel)" time="1.396" />
  <testcase classname="ptolemy.util.test.junit.AutoTests" name="[390] /home/travis/build/icyphy/ptII/ptolemy/actor/lib/test/auto/UnaryMathFunction.xml (RunModel)" time="0.041" />
  <testcase classname="ptolemy.util.test.junit.AutoTests" name="[391] /home/travis/build/icyphy/ptII/ptolemy/actor/lib/test/auto/Uniform.xml (RunModel)" time="0.017" />
  <testcase classname="ptolemy.util.test.junit.AutoTests" name="[392] /home/travis/build/icyphy/ptII/ptolemy/actor/lib/test/auto/UnionDisassemblerTest.xml (RunModel)" time="0.017" />
  <testcase classname="ptolemy.util.test.junit.AutoTests" name="[393] /home/travis/build/icyphy/ptII/ptolemy/actor/lib/test/auto/UtilityFunctions.xml (RunModel)" time="0.008" />
  <testcase classname="ptolemy.util.test.junit.AutoTests" name="[394] /home/travis/build/icyphy/ptII/ptolemy/actor/lib/test/auto/VariableSleep.xml (RunModel)" time="0.512" />
  <testcase classname="ptolemy.util.test.junit.AutoTests" name="[395] /home/travis/build/icyphy/ptII/ptolemy/actor/lib/test/auto/VectorAssemblerDisassemblerCT.xml (RunModel)" time="0.125" />
  <testcase classname="ptolemy.util.test.junit.AutoTests" name="[396] /home/travis/build/icyphy/ptII/ptolemy/actor/lib/test/auto/VectorAssemblerDisassemblerDE.xml (RunModel)" time="0.013" />
  <testcase classname="ptolemy.util.test.junit.AutoTests" name="[397] /home/travis/build/icyphy/ptII/ptolemy/actor/lib/test/auto/VectorAssemblerDisassemblerSDF.xml (RunModel)" time="0.014" />
  <testcase classname="ptolemy.util.test.junit.AutoTests" name="[398] /home/travis/build/icyphy/ptII/ptolemy/actor/lib/test/auto/WallClockTime.xml (RunModel)" time="1.014" />
  <testcase classname="ptolemy.util.test.junit.AutoTests" name="[399] /home/travis/build/icyphy/ptII/ptolemy/actor/lib/test/auto/WidthTestWithSubscriberPublisher.xml (RunModel)" time="0.038" />
  <testcase classname="ptolemy.util.test.junit.AutoTests" name="[400] /home/travis/build/icyphy/ptII/ptolemy/actor/lib/test/auto/WidthTestWithSubscriberPublisher2.xml (RunModel)" time="0.013" />
  <testcase classname="ptolemy.util.test.junit.AutoTests" name="[401] /home/travis/build/icyphy/ptII/ptolemy/actor/lib/test/auto/WidthTestWithSubscriberPublisher3.xml (RunModel)" time="0.012" />
  <testcase classname="ptolemy.util.test.junit.AutoTests" name="[402] /home/travis/build/icyphy/ptII/ptolemy/actor/lib/test/auto/Writer.xml (RunModel)" time="0.009" />
  <testcase classname="ptolemy.util.test.junit.AutoTests" name="[403] /home/travis/build/icyphy/ptII/ptolemy/actor/lib/test/auto/array.xml (RunModel)" time="0.026" />
  <testcase classname="ptolemy.util.test.junit.AutoTests" name="[404] /home/travis/build/icyphy/ptII/ptolemy/actor/lib/test/auto/array2.xml (RunModel)" time="0.018" />
  <testcase classname="ptolemy.util.test.junit.AutoTests" name="[405] /home/travis/build/icyphy/ptII/ptolemy/actor/lib/test/auto/arrayType.xml (RunModel)" time="0.013" />
  <testcase classname="ptolemy.util.test.junit.AutoTests" name="[406] /home/travis/build/icyphy/ptII/ptolemy/actor/lib/test/auto/arrayType10.xml (RunModel)" time="0.008" />
  <testcase classname="ptolemy.util.test.junit.AutoTests" name="[407] /home/travis/build/icyphy/ptII/ptolemy/actor/lib/test/auto/arrayType11.xml (RunModel)" time="0.008" />
  <testcase classname="ptolemy.util.test.junit.AutoTests" name="[408] /home/travis/build/icyphy/ptII/ptolemy/actor/lib/test/auto/arrayType12.xml (RunModel)" time="0.009" />
  <testcase classname="ptolemy.util.test.junit.AutoTests" name="[409] /home/travis/build/icyphy/ptII/ptolemy/actor/lib/test/auto/arrayType13.xml (RunModel)" time="0.009" />
  <testcase classname="ptolemy.util.test.junit.AutoTests" name="[410] /home/travis/build/icyphy/ptII/ptolemy/actor/lib/test/auto/arrayType14.xml (RunModel)" time="0.009" />
  <testcase classname="ptolemy.util.test.junit.AutoTests" name="[411] /home/travis/build/icyphy/ptII/ptolemy/actor/lib/test/auto/arrayType15.xml (RunModel)" time="0.01" />
  <testcase classname="ptolemy.util.test.junit.AutoTests" name="[412] /home/travis/build/icyphy/ptII/ptolemy/actor/lib/test/auto/arrayType16.xml (RunModel)" time="0.009" />
  <testcase classname="ptolemy.util.test.junit.AutoTests" name="[413] /home/travis/build/icyphy/ptII/ptolemy/actor/lib/test/auto/arrayType17.xml (RunModel)" time="0.009" />
  <testcase classname="ptolemy.util.test.junit.AutoTests" name="[414] /home/travis/build/icyphy/ptII/ptolemy/actor/lib/test/auto/arrayType18.xml (RunModel)" time="0.009" />
  <testcase classname="ptolemy.util.test.junit.AutoTests" name="[415] /home/travis/build/icyphy/ptII/ptolemy/actor/lib/test/auto/arrayType19.xml (RunModel)" time="0.008" />
  <testcase classname="ptolemy.util.test.junit.AutoTests" name="[416] /home/travis/build/icyphy/ptII/ptolemy/actor/lib/test/auto/arrayType2.xml (RunModel)" time="0.009" />
  <testcase classname="ptolemy.util.test.junit.AutoTests" name="[417] /home/travis/build/icyphy/ptII/ptolemy/actor/lib/test/auto/arrayType20.xml (RunModel)" time="0.009" />
  <testcase classname="ptolemy.util.test.junit.AutoTests" name="[418] /home/travis/build/icyphy/ptII/ptolemy/actor/lib/test/auto/arrayType21.xml (RunModel)" time="0.008" />
  <testcase classname="ptolemy.util.test.junit.AutoTests" name="[419] /home/travis/build/icyphy/ptII/ptolemy/actor/lib/test/auto/arrayType22.xml (RunModel)" time="0.009" />
  <testcase classname="ptolemy.util.test.junit.AutoTests" name="[420] /home/travis/build/icyphy/ptII/ptolemy/actor/lib/test/auto/arrayType23.xml (RunModel)" time="0.009" />
  <testcase classname="ptolemy.util.test.junit.AutoTests" name="[421] /home/travis/build/icyphy/ptII/ptolemy/actor/lib/test/auto/arrayType24.xml (RunModel)" time="0.01" />
  <testcase classname="ptolemy.util.test.junit.AutoTests" name="[422] /home/travis/build/icyphy/ptII/ptolemy/actor/lib/test/auto/arrayType25.xml (RunModel)" time="0.01" />
  <testcase classname="ptolemy.util.test.junit.AutoTests" name="[423] /home/travis/build/icyphy/ptII/ptolemy/actor/lib/test/auto/arrayType26.xml (RunModel)" time="0.01" />
  <testcase classname="ptolemy.util.test.junit.AutoTests" name="[424] /home/travis/build/icyphy/ptII/ptolemy/actor/lib/test/auto/arrayType27.xml (RunModel)" time="0.01" />
  <testcase classname="ptolemy.util.test.junit.AutoTests" name="[425] /home/travis/build/icyphy/ptII/ptolemy/actor/lib/test/auto/arrayType28.xml (RunModel)" time="0.01" />
  <testcase classname="ptolemy.util.test.junit.AutoTests" name="[426] /home/travis/build/icyphy/ptII/ptolemy/actor/lib/test/auto/arrayType3.xml (RunModel)" time="0.009" />
  <testcase classname="ptolemy.util.test.junit.AutoTests" name="[427] /home/travis/build/icyphy/ptII/ptolemy/actor/lib/test/auto/arrayType4.xml (RunModel)" time="0.009" />
  <testcase classname="ptolemy.util.test.junit.AutoTests" name="[428] /home/travis/build/icyphy/ptII/ptolemy/actor/lib/test/auto/arrayType5.xml (RunModel)" time="0.009" />
  <testcase classname="ptolemy.util.test.junit.AutoTests" name="[429] /home/travis/build/icyphy/ptII/ptolemy/actor/lib/test/auto/arrayType6.xml (RunModel)" time="0.021" />
  <testcase classname="ptolemy.util.test.junit.AutoTests" name="[430] /home/travis/build/icyphy/ptII/ptolemy/actor/lib/test/auto/arrayType7.xml (RunModel)" time="0.011" />
  <testcase classname="ptolemy.util.test.junit.AutoTests" name="[431] /home/travis/build/icyphy/ptII/ptolemy/actor/lib/test/auto/arrayType8.xml (RunModel)" time="0.013" />
  <testcase classname="ptolemy.util.test.junit.AutoTests" name="[432] /home/travis/build/icyphy/ptII/ptolemy/actor/lib/test/auto/arrayType9.xml (RunModel)" time="0.008" />
  <testcase classname="ptolemy.util.test.junit.AutoTests" name="[433] /home/travis/build/icyphy/ptII/ptolemy/actor/lib/test/auto/cast.xml (RunModel)" time="0.009" />
  <testcase classname="ptolemy.util.test.junit.AutoTests" name="[434] /home/travis/build/icyphy/ptII/ptolemy/actor/lib/test/auto/compositeMultiPort.xml (RunModel)" time="0.017" />
  <testcase classname="ptolemy.util.test.junit.AutoTests" name="[435] /home/travis/build/icyphy/ptII/ptolemy/actor/lib/test/auto/expressionCastInference.xml (RunModel)" time="0.009" />
  <testcase classname="ptolemy.util.test.junit.AutoTests" name="[436] /home/travis/build/icyphy/ptII/ptolemy/actor/lib/test/auto/expressionCastInference2.xml (RunModel)" time="0.008" />
  <testcase classname="ptolemy.util.test.junit.AutoTests" name="[437] /home/travis/build/icyphy/ptII/ptolemy/actor/lib/test/auto/expressionInference.xml (RunModel)" time="0.007" />
  <testcase classname="ptolemy.util.test.junit.AutoTests" name="[438] /home/travis/build/icyphy/ptII/ptolemy/actor/lib/test/auto/expression_bug.xml (RunModel)" time="0.008" />
  <testcase classname="ptolemy.util.test.junit.AutoTests" name="[439] /home/travis/build/icyphy/ptII/ptolemy/actor/lib/test/auto/factorial.xml (RunModel)" time="0.056" />
  <testcase classname="ptolemy.util.test.junit.AutoTests" name="[440] /home/travis/build/icyphy/ptII/ptolemy/actor/lib/test/auto/filterTest1.xml (RunModel)" time="0.019" />
  <testcase classname="ptolemy.util.test.junit.AutoTests" name="[441] /home/travis/build/icyphy/ptII/ptolemy/actor/lib/test/auto/funcApplyInConst.xml (RunModel)" time="0.006" />
  <testcase classname="ptolemy.util.test.junit.AutoTests" name="[442] /home/travis/build/icyphy/ptII/ptolemy/actor/lib/test/auto/funcApplyInExpr.xml (RunModel)" time="0.006" />
  <testcase classname="ptolemy.util.test.junit.AutoTests" name="[443] /home/travis/build/icyphy/ptII/ptolemy/actor/lib/test/auto/function.xml (RunModel)" time="0.014" />
  <testcase classname="ptolemy.util.test.junit.AutoTests" name="[444] /home/travis/build/icyphy/ptII/ptolemy/actor/lib/test/auto/function2.xml (RunModel)" time="0.014" />
  <testcase classname="ptolemy.util.test.junit.AutoTests" name="[445] /home/travis/build/icyphy/ptII/ptolemy/actor/lib/test/auto/function3.xml (RunModel)" time="0.008" />
  <testcase classname="ptolemy.util.test.junit.AutoTests" name="[446] /home/travis/build/icyphy/ptII/ptolemy/actor/lib/test/auto/functionClosureTest1.xml (RunModel)" time="0.042" />
  <testcase classname="ptolemy.util.test.junit.AutoTests" name="[447] /home/travis/build/icyphy/ptII/ptolemy/actor/lib/test/auto/functionClosureTest2.xml (RunModel)" time="0.008" />
  <testcase classname="ptolemy.util.test.junit.AutoTests" name="[448] /home/travis/build/icyphy/ptII/ptolemy/actor/lib/test/auto/functionClosureTest3.xml (RunModel)" time="0.011" />
  <testcase classname="ptolemy.util.test.junit.AutoTests" name="[449] /home/travis/build/icyphy/ptII/ptolemy/actor/lib/test/auto/functionClosureTest4.xml (RunModel)" time="0.023" />
  <testcase classname="ptolemy.util.test.junit.AutoTests" name="[450] /home/travis/build/icyphy/ptII/ptolemy/actor/lib/test/auto/functionClosureTest5.xml (RunModel)" time="0.039" />
  <testcase classname="ptolemy.util.test.junit.AutoTests" name="[451] /home/travis/build/icyphy/ptII/ptolemy/actor/lib/test/auto/functionClosureTest6.xml (RunModel)" time="0.031" />
  <testcase classname="ptolemy.util.test.junit.AutoTests" name="[452] /home/travis/build/icyphy/ptII/ptolemy/actor/lib/test/auto/functionsOnArcs.xml (RunModel)" time="0.034" />
  <testcase classname="ptolemy.util.test.junit.AutoTests" name="[453] /home/travis/build/icyphy/ptII/ptolemy/actor/lib/test/auto/functionsOnArcsHOF.xml (RunModel)" time="0.038" />
  <testcase classname="ptolemy.util.test.junit.AutoTests" name="[454] /home/travis/build/icyphy/ptII/ptolemy/actor/lib/test/auto/logic.xml (RunModel)" time="0.049" />
  <testcase classname="ptolemy.util.test.junit.AutoTests" name="[455] /home/travis/build/icyphy/ptII/ptolemy/actor/lib/test/auto/matrixType.xml (RunModel)" time="0.021" />
  <testcase classname="ptolemy.util.test.junit.AutoTests" name="[456] /home/travis/build/icyphy/ptII/ptolemy/actor/lib/test/auto/matrixType10.xml (RunModel)" time="0.008" />
  <testcase classname="ptolemy.util.test.junit.AutoTests" name="[457] /home/travis/build/icyphy/ptII/ptolemy/actor/lib/test/auto/matrixType11.xml (RunModel)" time="0.008" />
  <testcase classname="ptolemy.util.test.junit.AutoTests" name="[458] /home/travis/build/icyphy/ptII/ptolemy/actor/lib/test/auto/matrixType12.xml (RunModel)" time="0.011" />
  <testcase classname="ptolemy.util.test.junit.AutoTests" name="[459] /home/travis/build/icyphy/ptII/ptolemy/actor/lib/test/auto/matrixType13.xml (RunModel)" time="0.011" />
  <testcase classname="ptolemy.util.test.junit.AutoTests" name="[460] /home/travis/build/icyphy/ptII/ptolemy/actor/lib/test/auto/matrixType14.xml (RunModel)" time="0.014" />
  <testcase classname="ptolemy.util.test.junit.AutoTests" name="[461] /home/travis/build/icyphy/ptII/ptolemy/actor/lib/test/auto/matrixType2.xml (RunModel)" time="0.009" />
  <testcase classname="ptolemy.util.test.junit.AutoTests" name="[462] /home/travis/build/icyphy/ptII/ptolemy/actor/lib/test/auto/matrixType3.xml (RunModel)" time="0.01" />
  <testcase classname="ptolemy.util.test.junit.AutoTests" name="[463] /home/travis/build/icyphy/ptII/ptolemy/actor/lib/test/auto/matrixType4.xml (RunModel)" time="0.008" />
  <testcase classname="ptolemy.util.test.junit.AutoTests" name="[464] /home/travis/build/icyphy/ptII/ptolemy/actor/lib/test/auto/matrixType5.xml (RunModel)" time="0.008" />
  <testcase classname="ptolemy.util.test.junit.AutoTests" name="[465] /home/travis/build/icyphy/ptII/ptolemy/actor/lib/test/auto/matrixType6.xml (RunModel)" time="0.008" />
  <testcase classname="ptolemy.util.test.junit.AutoTests" name="[466] /home/travis/build/icyphy/ptII/ptolemy/actor/lib/test/auto/matrixType7.xml (RunModel)" time="0.009" />
  <testcase classname="ptolemy.util.test.junit.AutoTests" name="[467] /home/travis/build/icyphy/ptII/ptolemy/actor/lib/test/auto/matrixType8.xml (RunModel)" time="0.008" />
  <testcase classname="ptolemy.util.test.junit.AutoTests" name="[468] /home/travis/build/icyphy/ptII/ptolemy/actor/lib/test/auto/matrixType9.xml (RunModel)" time="0.009" />
  <testcase classname="ptolemy.util.test.junit.AutoTests" name="[469] /home/travis/build/icyphy/ptII/ptolemy/actor/lib/test/auto/paraFunctest.xml (RunModel)" time="0.007" />
  <testcase classname="ptolemy.util.test.junit.AutoTests" name="[470] /home/travis/build/icyphy/ptII/ptolemy/actor/lib/test/auto/paraFunctest2.xml (RunModel)" time="0.013" />
  <testcase classname="ptolemy.util.test.junit.AutoTests" name="[471] /home/travis/build/icyphy/ptII/ptolemy/actor/lib/test/auto/parameterPassing.xml (RunModel)" time="0.007" />
  <testcase classname="ptolemy.util.test.junit.AutoTests" name="[472] /home/travis/build/icyphy/ptII/ptolemy/actor/lib/test/auto/record.xml (RunModel)" time="0.01" />
  <testcase classname="ptolemy.util.test.junit.AutoTests" name="[473] /home/travis/build/icyphy/ptII/ptolemy/actor/lib/test/auto/sizedarray1.xml (RunModel)" time="0.011" />
  <testcase classname="ptolemy.util.test.junit.AutoTests" name="[474] /home/travis/build/icyphy/ptII/ptolemy/actor/lib/test/auto/sizedarray2.xml (RunModel)" time="0.01" />
  <testcase classname="ptolemy.util.test.junit.AutoTests" name="[475] /home/travis/build/icyphy/ptII/ptolemy/actor/lib/test/auto/twoPublishers.xml (RunModel)" time="0.025" />
  <system-out><![CDATA[/home/travis/build/icyphy/ptII/ptolemy/actor/lib/test/AbsoluteValue.tcl
testDefs.tcl: setting time out to 9000 seconds at Sun Oct 13 06:23:47 UTC 2019
109 ms. Memory: 120832K Free: 85959K (71%)
5 ms. Memory: 120832K Free: 84415K (70%)
5 ms. Memory: 120832K Free: 83383K (69%)
6 ms. Memory: 120832K Free: 82887K (69%)
/home/travis/build/icyphy/ptII/ptolemy/actor/lib/test/AddSubtract.tcl
18 ms. Memory: 120832K Free: 80839K (67%)
21 ms. Memory: 120832K Free: 80319K (66%)
5 ms. Memory: 120832K Free: 79301K (66%)
8 ms. Memory: 120832K Free: 78277K (65%)
43 ms. Memory: 120832K Free: 75719K (63%)
6 ms. Memory: 120832K Free: 74695K (62%)
/home/travis/build/icyphy/ptII/ptolemy/actor/lib/test/Average.tcl
8 ms. Memory: 120832K Free: 73157K (61%)
7 ms. Memory: 120832K Free: 72119K (60%)
/home/travis/build/icyphy/ptII/ptolemy/actor/lib/test/Bernoulli.tcl
5 ms. Memory: 120832K Free: 70599K (58%)
4 ms. Memory: 120832K Free: 70085K (58%)
/home/travis/build/icyphy/ptII/ptolemy/actor/lib/test/Clock.tcl
preinitializing
resolving types
initializing
executing number 1
wrapping up
idle
21 ms. Memory: 120832K Free: 67527K (56%)
Completed execution with 5 iterations
preinitializing
resolving types
initializing
executing number 1
wrapping up
idle
4 ms. Memory: 120832K Free: 66503K (55%)
Completed execution with 5 iterations
preinitializing
resolving types
initializing
executing number 1
wrapping up
idle
4 ms. Memory: 120832K Free: 65983K (55%)
Completed execution with 5 iterations
/home/travis/build/icyphy/ptII/ptolemy/actor/lib/test/Commutator.tcl
7 ms. Memory: 120832K Free: 63927K (53%)
7 ms. Memory: 120832K Free: 62917K (52%)
9 ms. Memory: 120832K Free: 57287K (47%)
/home/travis/build/icyphy/ptII/ptolemy/actor/lib/test/Const.tcl
5 ms. Memory: 120832K Free: 55719K (46%)
2 ms. Memory: 120832K Free: 55239K (46%)
3 ms. Memory: 120832K Free: 54725K (45%)
2 ms. Memory: 120832K Free: 54215K (45%)
2 ms. Memory: 120832K Free: 53191K (44%)
26 ms. Memory: 120832K Free: 51653K (43%)
5 ms. Memory: 120832K Free: 50629K (42%)
3 ms. Memory: 120832K Free: 50119K (41%)
/home/travis/build/icyphy/ptII/ptolemy/actor/lib/test/CurrentTime.tcl
preinitializing
resolving types
initializing
executing number 1
wrapping up
idle
13 ms. Memory: 120832K Free: 48071K (40%)
Completed execution with 11 iterations
/home/travis/build/icyphy/ptII/ptolemy/actor/lib/test/DB.tcl
5 ms. Memory: 120832K Free: 46023K (38%)
54 ms. Memory: 120832K Free: 107269K (89%)
4 ms. Memory: 120832K Free: 107269K (89%)
/home/travis/build/icyphy/ptII/ptolemy/actor/lib/test/DiscreteRandomSource.tcl
preinitializing
resolving types
initializing
executing number 1
wrapping up
idle
10 ms. Memory: 120832K Free: 105749K (88%)
Completed execution with 4 iterations
preinitializing
resolving types
initializing
executing number 1
wrapping up
idle
2 ms. Memory: 120832K Free: 105221K (87%)
Completed execution with 4 iterations
preinitializing
resolving types
initializing
executing number 1
wrapping up
idle
2 ms. Memory: 120832K Free: 104725K (87%)
Completed execution with 4 iterations
preinitializing
resolving types
initializing
executing number 1
wrapping up
idle
11 ms. Memory: 120832K Free: 104205K (86%)
Completed execution with 4 iterations
preinitializing
resolving types
initializing
executing number 1
wrapping up
idle
3 ms. Memory: 120832K Free: 103701K (86%)
Completed execution with 4 iterations
/home/travis/build/icyphy/ptII/ptolemy/actor/lib/test/Distributor.tcl
10 ms. Memory: 120832K Free: 102149K (85%)
9 ms. Memory: 120832K Free: 101653K (84%)
StreamChangeRequest.changeExecuted(): <deleteEntity name="rec2"/> succeeded
StreamChangeRequest.changeExecuted(): <deleteRelation name="r2"/> succeeded
StreamChangeRequest.changeExecuted(): Record firings per iteration succeeded
14 ms. Memory: 120832K Free: 99059K (82%)
/home/travis/build/icyphy/ptII/ptolemy/actor/lib/test/Exit.tcl
Exit.tcl: this will print a message about Manager.exitAfterWrapup, which can be ignored.
10 ms. Memory: 120832K Free: 104213K (86%)
/home/travis/build/icyphy/ptII/ptolemy/actor/lib/test/Expression.tcl
19 ms. Memory: 120832K Free: 100722K (83%)
11 ms. Memory: 120832K Free: 99652K (82%)
3 ms. Memory: 120832K Free: 99121K (82%)
preinitializing
resolving types
initializing
executing number 1
wrapping up
idle
5 ms. Memory: 120832K Free: 97636K (81%)
Completed execution with 6 iterations
8 ms. Memory: 120832K Free: 96589K (80%)
3 ms. Memory: 120832K Free: 96049K (79%)
6 ms. Memory: 120832K Free: 95025K (79%)
6 ms. Memory: 120832K Free: 93547K (77%)
3 ms. Memory: 120832K Free: 92484K (77%)
/home/travis/build/icyphy/ptII/ptolemy/actor/lib/test/Gaussian.tcl
7 ms. Memory: 120832K Free: 90445K (75%)
sleeping 1 seconds: ...............................................................................................................................................................................................................................................................................................................................................................................................................................................................................................................................................................................................................................................................................................................................................................................................................................................................................................................................................................................................................................................................................................................................................................................................................................................................................................................................................................................................................................................................................................................................................................................................................................................................................................................................................................................................................................................................................................................................................................................................................................................................................................................................................................................................................................................................................................................................................................................................................................................................................................................................................................................................................................................................................................................................................................................................................................................................................................................................................................................................................................................................................................................................................................................................................................................................................................................................................................................................................................................................................................................................................................................................................................................................................................................................................................................................................................................................................................................................................................................................................................................................................................................................................................................................................................................................................................................................................................................................................................................................................................................................................................................................................................................................................................................................................................................................................................................................................................................................................................................................................................................................................................................................................................................................................................................................................................................................................................................................................................................................................................................................................................................................................................................................................................................................................................................................................................................................................................................................................................................................................................................................................................................................................................................................................................................................................................................................................................................................................................................................................................................................................................................................................................................................................................................................................................................................................................................................................................................................................................................................................................................................................................................................................................................................................................................................................................................................................................................................................................................................................................................................................................................................................................................................................................................................................................................................................................................................................................................................................................................................................................................................................................................................................................................................................................................................................................................................................................................................................................................................................................................................................................................................................................................................2 ms. Memory: 120832K Free: 77488K (64%)
2 ms. Memory: 120832K Free: 76480K (63%)
1 ms. Memory: 120832K Free: 75984K (63%)
3 ms. Memory: 120832K Free: 75456K (62%)
2 ms. Memory: 120832K Free: 74432K (62%)
/home/travis/build/icyphy/ptII/ptolemy/actor/lib/test/IIR.tcl
/home/travis/build/icyphy/ptII/ptolemy/actor/lib/test/Interpolator.tcl
5 ms. Memory: 120832K Free: 70864K (59%)
6 ms. Memory: 120832K Free: 106050K (88%)
3 ms. Memory: 120832K Free: 105538K (87%)
1 ms. Memory: 120832K Free: 105026K (87%)
6 ms. Memory: 120832K Free: 103988K (86%)
1 ms. Memory: 120832K Free: 103492K (86%)
3 ms. Memory: 120832K Free: 102468K (85%)
8 ms. Memory: 120832K Free: 101444K (84%)
3 ms. Memory: 120832K Free: 100420K (83%)
2 ms. Memory: 120832K Free: 99892K (83%)
/home/travis/build/icyphy/ptII/ptolemy/actor/lib/test/MathFunction.tcl
10 ms. Memory: 120832K Free: 97844K (81%)
2 ms. Memory: 120832K Free: 96324K (80%)
2 ms. Memory: 120832K Free: 95300K (79%)
2 ms. Memory: 120832K Free: 94754K (78%)
10 ms. Memory: 120832K Free: 93252K (77%)
9 ms. Memory: 120832K Free: 91204K (75%)
/home/travis/build/icyphy/ptII/ptolemy/actor/lib/test/Maximum.tcl
7 ms. Memory: 120832K Free: 89666K (74%)
3 ms. Memory: 120832K Free: 88628K (73%)
6 ms. Memory: 120832K Free: 88132K (73%)
4 ms. Memory: 120832K Free: 87604K (73%)
/home/travis/build/icyphy/ptII/ptolemy/actor/lib/test/Minimum.tcl
8 ms. Memory: 120832K Free: 85570K (71%)
3 ms. Memory: 120832K Free: 85060K (70%)
2 ms. Memory: 120832K Free: 84532K (70%)
2 ms. Memory: 120832K Free: 84036K (70%)
/home/travis/build/icyphy/ptII/ptolemy/actor/lib/test/MultiplyDivide.tcl
7 ms. Memory: 120832K Free: 81988K (68%)
7 ms. Memory: 120832K Free: 80964K (67%)
2 ms. Memory: 120832K Free: 80436K (67%)
4 ms. Memory: 120832K Free: 79396K (66%)
3 ms. Memory: 120832K Free: 78916K (65%)
/home/travis/build/icyphy/ptII/ptolemy/actor/lib/test/OrderedMerge.tcl
Connections changed on port: inputA
Connections changed on port: inputB
Connections changed on port: output
Connections changed on port: output
Connections changed on port: output
Connections changed on port: input
.top. Preinitializing ...
Invoking preinitialize():  .top.OrderedMerge
Called preinitialize()
Invoking preinitialize():  .top.Ramp
Called preinitialize()
Invoking preinitialize():  .top.Ramp2
Called preinitialize()
Invoking preinitialize():  .top.Test
Called preinitialize()
Connections changed on port: inputA
Connections changed on port: output
Connections changed on port: output
Connections changed on port: input
Connections changed on port: inputB
Connections changed on port: output
.top. Finished preinitialize().
Called initialize().
Invoking initialize():  .top.OrderedMerge
Initializing actor: .top.OrderedMerge
Adding a thread: .top.OrderedMerge
Invoking initialize():  .top.Ramp
Initializing actor: .top.Ramp
Adding a thread: .top.Ramp
Invoking initialize():  .top.Ramp2
Initializing actor: .top.Ramp2
Adding a thread: .top.Ramp2
Invoking initialize():  .top.Test
Initializing actor: .top.Test
Adding a thread: .top.Test
Called fire().
Checking for deadlock:
-- Starting thread.
Called initialize()
-- Starting thread.
Called initialize()
Called prefire()
Called fire()
-- Starting thread.
Called initialize()
Called prefire()
Called fire()
There are 0 Blocked actors, 0 Stopped actors, and 4 active threads.
Waiting for actors to stop.
-- Starting thread.
Called prefire()
Called postfire()
Called initialize()
Called fire()
Checking for deadlock:
There are 1 Blocked actors, 0 Stopped actors, and 4 active threads.
Waiting for actors to stop.
Called prefire()
Called fire()
Called postfire()
Called prefire()
Called prefire()
Called fire()
Called fire()
Checking for deadlock:
There are 3 Blocked actors, 0 Stopped actors, and 4 active threads.
Waiting for actors to stop.
Checking for deadlock:
There are 2 Blocked actors, 0 Stopped actors, and 4 active threads.
Waiting for actors to stop.
Read input token from inputA with value 0.0
Called postfire()
Called prefire()
Called fire()
Checking for deadlock:
There are 3 Blocked actors, 0 Stopped actors, and 4 active threads.
Waiting for actors to stop.
Next port to read input from is inputB
Called postfire()
Called prefire()
Called fire()
Read input token from inputB with value 0.0
Called postfire()
Called prefire()
Called fire()
Checking for deadlock:
There are 2 Blocked actors, 0 Stopped actors, and 4 active threads.
Waiting for actors to stop.
Sent output token with value 0.0
Next port to read input from is inputA
Called postfire()
Called prefire()
Called fire()
Read input token from inputA with value 1.0
Sent output token with value 0.0
Next port to read input from is inputB
Called postfire()
Called prefire()
Called fire()
-- Read input: 0.0, which is expected to match: 0.0
Read input token from inputB with value 1.5
Called prefire()
Called fire()
-- Read input: 0.0, which is expected to match: 0.0
Called prefire()
Called fire()
Called postfire()
Called prefire()
Called fire()
Checking for deadlock:
There are 2 Blocked actors, 0 Stopped actors, and 4 active threads.
Waiting for actors to stop.
Sent output token with value 1.0
Next port to read input from is inputA
Called postfire()
Called postfire()
Called prefire()
Called fire()
Checking for deadlock:
There are 1 Blocked actors, 0 Stopped actors, and 4 active threads.
Waiting for actors to stop.
Checking for deadlock:
There are 2 Blocked actors, 0 Stopped actors, and 4 active threads.
Waiting for actors to stop.
Called prefire()
Called fire()
-- Read input: 1.0, which is expected to match: 1.0
Called prefire()
Called fire()
Read input token from inputA with value 2.0
Sent output token with value 1.5
Called postfire()
Next port to read input from is inputB
Called postfire()
Checking for deadlock:
Called prefire()
Called prefire()
Called fire()
Called fire()
There are 1 Blocked actors, 0 Stopped actors, and 4 active threads.
Waiting for actors to stop.
Read input token from inputB with value 3.0
-- Read input: 1.5, which is expected to match: 1.5
Sent output token with value 2.0
Called prefire()
Called fire()
Next port to read input from is inputA
Called postfire()
Called prefire()
Called fire()
-- Read input: 2.0, which is expected to match: 2.0
Called prefire()
Called fire()
Read input token from inputA with value 3.0
Checking for deadlock:
Sent output token with value 3.0
There are 0 Blocked actors, 0 Stopped actors, and 4 active threads.
Waiting for actors to stop.
Next port to read input from is inputB
Called postfire()
Called prefire()
Called fire()
Called postfire()
Called prefire()
Called fire()
Read input token from inputB with value 4.5
Called postfire()
Called prefire()
Called fire()
-- Read input: 3.0, which is expected to match: 3.0
Called prefire()
Called fire()
Called postfire()
Called prefire()
Called fire()
Checking for deadlock:
There are 3 Blocked actors, 0 Stopped actors, and 4 active threads.
Waiting for actors to stop.
Sent output token with value 3.0
-- Read input: 3.0, which is expected to match: 3.0
Next port to read input from is inputA
Called postfire()
Checking for deadlock:
Called prefire()
Called fire()
Called prefire()
Called fire()
There are 2 Blocked actors, 0 Stopped actors, and 4 active threads.
Waiting for actors to stop.
Read input token from inputA with value 4.0
Sent output token with value 4.0
Next port to read input from is inputA
Called postfire()
Called prefire()
Called fire()
Checking for deadlock:
There are 2 Blocked actors, 0 Stopped actors, and 4 active threads.
Waiting for actors to stop.
Called postfire()
Called prefire()
Called fire()
-- Read input: 4.0, which is expected to match: 4.0
Called prefire()
Called fire()
Past the end of training data. Read and discard all inputs.
Checking for deadlock:
There are 3 Blocked actors, 0 Stopped actors, and 4 active threads.
Waiting for actors to stop.
Called postfire()
Read input token from inputA with value 5.0
Called prefire()
Called fire()
Sent output token with value 4.5
Next port to read input from is inputB
Called postfire()
Called prefire()
Called fire()
Read input token from inputB with value 6.0
Checking for deadlock:
There are 2 Blocked actors, 0 Stopped actors, and 4 active threads.
Waiting for actors to stop.
Called prefire()
Called fire()
Past the end of training data. Read and discard all inputs.
Called postfire()
Called prefire()
Called fire()
Checking for deadlock:
There are 3 Blocked actors, 0 Stopped actors, and 4 active threads.
Waiting for actors to stop.
Called prefire()
Called fire()
Past the end of training data. Read and discard all inputs.
Sent output token with value 5.0
Next port to read input from is inputA
Called postfire()
Called prefire()
Called fire()
Read input token from inputA with value 6.0
Sent output token with value 6.0
Next port to read input from is inputB
Called postfire()
Called prefire()
Called fire()
Read input token from inputB with value 7.5
Checking for deadlock:
There are 1 Blocked actors, 0 Stopped actors, and 4 active threads.
Waiting for actors to stop.
Called prefire()
Called fire()
Past the end of training data. Read and discard all inputs.
Called postfire()
Called postfire()
Checking for deadlock:
Called prefire()
Called prefire()
Called fire()
Called fire()
There are 1 Blocked actors, 0 Stopped actors, and 4 active threads.
Waiting for actors to stop.
Sent output token with value 6.0
Next port to read input from is inputA
Called postfire()
Called prefire()
Called fire()
Read input token from inputA with value 7.0
Checking for deadlock:
There are 2 Blocked actors, 0 Stopped actors, and 4 active threads.
Waiting for actors to stop.
Called prefire()
Called fire()
Past the end of training data. Read and discard all inputs.
Checking for deadlock:
Called postfire()
There are 2 Blocked actors, 0 Stopped actors, and 4 active threads.
Called prefire()
Called fire()
Waiting for actors to stop.
Called prefire()
Called fire()
Past the end of training data. Read and discard all inputs.
Sent output token with value 7.0
Next port to read input from is inputA
Called postfire()
Called prefire()
Called fire()
Read input token from inputA with value 8.0
Sent output token with value 7.5
Next port to read input from is inputB
Called postfire()
Called prefire()
Called fire()
Read input token from inputB with value 9.0
Checking for deadlock:
There are 1 Blocked actors, 0 Stopped actors, and 4 active threads.
Waiting for actors to stop.
Called postfire()
Called prefire()
Called fire()
Called prefire()
Called fire()
Past the end of training data. Read and discard all inputs.
-- Thread wrapup() called.
Called wrapup()
Checking for deadlock:
There are 2 Blocked actors, 0 Stopped actors, and 4 active threads.
Waiting for actors to stop.
Thread .top.Ramp is exiting.
-- Thread stopped.
Checking for deadlock:
There are 2 Blocked actors, 0 Stopped actors, and 3 active threads.
Waiting for actors to stop.
Called prefire()
Called fire()
Past the end of training data. Read and discard all inputs.
Sent output token with value 8.0
Next port to read input from is inputA
Called postfire()
Called prefire()
Called fire()
Read input token from inputA with value 9.0
Sent output token with value 9.0
Next port to read input from is inputB
Called postfire()
Called prefire()
Called fire()
Read input token from inputB with value 10.5
Checking for deadlock:
There are 1 Blocked actors, 0 Stopped actors, and 3 active threads.
Waiting for actors to stop.
Called postfire()
Called prefire()
Called fire()
Called prefire()
Called fire()
Past the end of training data. Read and discard all inputs.
Checking for deadlock:
There are 2 Blocked actors, 0 Stopped actors, and 3 active threads.
Waiting for actors to stop.
Called prefire()
Called fire()
Past the end of training data. Read and discard all inputs.
Sent output token with value 9.0
Next port to read input from is inputA
Called postfire()
Called prefire()
Called fire()
Checking for deadlock:
There are 3 Blocked actors, 0 Stopped actors, and 3 active threads.
Actors have stopped.
Checking for deadlock:
There are 3 Blocked actors, 0 Stopped actors, and 3 active threads.
Deadlock detected.
Resolving Deadlock
Checking for deadlock:
There are 3 Blocked actors, 0 Stopped actors, and 3 active threads.
Artificial Deadlock - increasing queue capacity.
increasing the capacity of receiver ptolemy.actor.TypedIOPort {.top.OrderedMerge.inputB} to 2
-- Thread wrapup() called.
Called wrapup()
Thread .top.Ramp2 is exiting.
-- Thread stopped.
Director: Called postfire().
Called postfire().
_stopRequested = false
_stopFireRequested = false
Returning from postfire(): true
Called fire().
Checking for deadlock:
There are 2 Blocked actors, 0 Stopped actors, and 2 active threads.
Actors have stopped.
Checking for deadlock:
There are 2 Blocked actors, 0 Stopped actors, and 2 active threads.
Deadlock detected.
Resolving Deadlock
Checking for deadlock:
There are 2 Blocked actors, 0 Stopped actors, and 2 active threads.
Deadlock detected: no processes blocked on write, but some are blocked on read.
Called postfire().
_stopRequested = false
_stopFireRequested = false
Returning from postfire(): false
Finished deactivating branches.
Called wrapup().
-- Thread wrapup() called.
Called wrapup()
Thread .top.OrderedMerge is exiting.
-- Thread stopped.
-- Blocked Receiver call threw TerminateProcessException.
-- Thread wrapup() called.
Called wrapup()
Thread .top.Test is exiting.
-- Thread stopped.
-- Blocked Receiver call threw TerminateProcessException.
76 ms. Memory: 120832K Free: 74306K (61%)
.top. Preinitializing ...
Invoking preinitialize():  .top.OrderedMerge
Called preinitialize()
Invoking preinitialize():  .top.Ramp
Called preinitialize()
Invoking preinitialize():  .top.Ramp2
Called preinitialize()
Invoking preinitialize():  .top.Test
Called preinitialize()
.top. Finished preinitialize().
Called initialize().
Invoking initialize():  .top.OrderedMerge
Initializing actor: .top.OrderedMerge
Adding a thread: .top.OrderedMerge
Invoking initialize():  .top.Ramp
Initializing actor: .top.Ramp
Adding a thread: .top.Ramp
Invoking initialize():  .top.Ramp2
Initializing actor: .top.Ramp2
Adding a thread: .top.Ramp2
Invoking initialize():  .top.Test
Initializing actor: .top.Test
Adding a thread: .top.Test
-- Starting thread.
Called initialize()
Called prefire()
Called fire()
-- Starting thread.
Called initialize()
Called prefire()
Called fire()
Called postfire()
Called prefire()
Called fire()
-- Starting thread.
Called initialize()
Called fire().
Checking for deadlock:
There are 2 Blocked actors, 0 Stopped actors, and 4 active threads.
Waiting for actors to stop.
Called prefire()
Called fire()
Called postfire()
Called prefire()
Called fire()
Checking for deadlock:
There are 3 Blocked actors, 0 Stopped actors, and 4 active threads.
Waiting for actors to stop.
-- Starting thread.
Called initialize()
Called prefire()
Called fire()
Read input token from inputA with value 0.0
Next port to read input from is inputB
Called postfire()
Called prefire()
Called fire()
Read input token from inputB with value 0.0
Sent output token with value 0.0
Next port to read input from is inputA
Called postfire()
Called prefire()
Called fire()
-- Read input: 0.0, which is expected to match: 0.0
Called prefire()
Called fire()
Checking for deadlock:
There are 2 Blocked actors, 0 Stopped actors, and 4 active threads.
Waiting for actors to stop.
Called postfire()
Called prefire()
Called fire()
Called postfire()
Called prefire()
Called fire()
Checking for deadlock:
There are 3 Blocked actors, 0 Stopped actors, and 4 active threads.
Waiting for actors to stop.
Read input token from inputA with value 1.0
Sent output token with value 0.0
Next port to read input from is inputB
Called postfire()
Called prefire()
Called fire()
Read input token from inputB with value 1.5
-- Read input: 0.0, which is expected to match: 0.0
Called prefire()
Called fire()
Checking for deadlock:
There are 1 Blocked actors, 0 Stopped actors, and 4 active threads.
Waiting for actors to stop.
Called postfire()
Called prefire()
Called fire()
Called postfire()
Called prefire()
Called fire()
Checking for deadlock:
There are 3 Blocked actors, 0 Stopped actors, and 4 active threads.
Waiting for actors to stop.
Sent output token with value 1.0
Next port to read input from is inputA
Called postfire()
Called prefire()
Called fire()
Read input token from inputA with value 2.0
-- Read input: 1.0, which is expected to match: 1.0
Called prefire()
Called fire()
Checking for deadlock:
There are 2 Blocked actors, 0 Stopped actors, and 4 active threads.
Waiting for actors to stop.
Called postfire()
Called prefire()
Called fire()
Checking for deadlock:
There are 3 Blocked actors, 0 Stopped actors, and 4 active threads.
Waiting for actors to stop.
Sent output token with value 1.5
-- Read input: 1.5, which is expected to match: 1.5
Called prefire()
Called fire()
Checking for deadlock:
There are 3 Blocked actors, 0 Stopped actors, and 4 active threads.
Waiting for actors to stop.
Next port to read input from is inputB
Called postfire()
Called prefire()
Called fire()
Called postfire()
Called prefire()
Called fire()
Checking for deadlock:
There are 3 Blocked actors, 0 Stopped actors, and 4 active threads.
Waiting for actors to stop.
Read input token from inputB with value 3.0
-- Read input: 2.0, which is expected to match: 2.0
Called prefire()
Called fire()
Checking for deadlock:
There are 3 Blocked actors, 0 Stopped actors, and 4 active threads.
Waiting for actors to stop.
Sent output token with value 2.0
Next port to read input from is inputA
Called postfire()
Called prefire()
Called fire()
Checking for deadlock:
There are 2 Blocked actors, 0 Stopped actors, and 4 active threads.
Waiting for actors to stop.
Called postfire()
Called prefire()
Called fire()
Checking for deadlock:
There are 3 Blocked actors, 0 Stopped actors, and 4 active threads.
Waiting for actors to stop.
Read input token from inputA with value 3.0
Sent output token with value 3.0
Next port to read input from is inputB
Called postfire()
Called prefire()
Called fire()
Read input token from inputB with value 4.5
Called postfire()
Called prefire()
Called fire()
Checking for deadlock:
There are 3 Blocked actors, 0 Stopped actors, and 4 active threads.
Waiting for actors to stop.
-- Read input: 3.0, which is expected to match: 3.0
Called prefire()
Called fire()
Checking for deadlock:
There are 3 Blocked actors, 0 Stopped actors, and 4 active threads.
Waiting for actors to stop.
-- Read input: 3.0, which is expected to match: 3.0
Called prefire()
Called fire()
Checking for deadlock:
There are 3 Blocked actors, 0 Stopped actors, and 4 active threads.
Waiting for actors to stop.
Sent output token with value 3.0
Next port to read input from is inputA
Called postfire()
Called prefire()
Called fire()
Checking for deadlock:
There are 2 Blocked actors, 0 Stopped actors, and 4 active threads.
Waiting for actors to stop.
Called postfire()
Called prefire()
Called fire()
Checking for deadlock:
There are 3 Blocked actors, 0 Stopped actors, and 4 active threads.
Waiting for actors to stop.
Read input token from inputA with value 4.0
Sent output token with value 4.0
Next port to read input from is inputA
Called postfire()
Called prefire()
Called fire()
Read input token from inputA with value 5.0
Checking for deadlock:
There are 2 Blocked actors, 0 Stopped actors, and 4 active threads.
Waiting for actors to stop.
-- Read input: 4.0, which is expected to match: 4.0
Called prefire()
Called fire()
Past the end of training data. Read and discard all inputs.
Called postfire()
Called prefire()
Called fire()
Checking for deadlock:
There are 3 Blocked actors, 0 Stopped actors, and 4 active threads.
Waiting for actors to stop.
Sent output token with value 4.5
Next port to read input from is inputB
Called postfire()
Called prefire()
Called fire()
Read input token from inputB with value 6.0
Checking for deadlock:
There are 2 Blocked actors, 0 Stopped actors, and 4 active threads.
Waiting for actors to stop.
Called postfire()
Called prefire()
Called fire()
Called prefire()
Called fire()
Past the end of training data. Read and discard all inputs.
Checking for deadlock:
There are 3 Blocked actors, 0 Stopped actors, and 4 active threads.
Waiting for actors to stop.
Called prefire()
Called fire()
Past the end of training data. Read and discard all inputs.
Checking for deadlock:
There are 3 Blocked actors, 0 Stopped actors, and 4 active threads.
Waiting for actors to stop.
Sent output token with value 5.0
Next port to read input from is inputA
Called postfire()
Called prefire()
Called fire()
Checking for deadlock:
There are 2 Blocked actors, 0 Stopped actors, and 4 active threads.
Waiting for actors to stop.
Called postfire()
Called prefire()
Called fire()
Checking for deadlock:
There are 3 Blocked actors, 0 Stopped actors, and 4 active threads.
Waiting for actors to stop.
Read input token from inputA with value 6.0
Sent output token with value 6.0
Next port to read input from is inputB
Called postfire()
Called prefire()
Called fire()
Read input token from inputB with value 7.5
Checking for deadlock:
There are 2 Blocked actors, 0 Stopped actors, and 4 active threads.
Waiting for actors to stop.
Called postfire()
Called prefire()
Called fire()
Called prefire()
Called fire()
Past the end of training data. Read and discard all inputs.
Checking for deadlock:
There are 3 Blocked actors, 0 Stopped actors, and 4 active threads.
Waiting for actors to stop.
Called prefire()
Called fire()
Past the end of training data. Read and discard all inputs.
Checking for deadlock:
There are 3 Blocked actors, 0 Stopped actors, and 4 active threads.
Waiting for actors to stop.
Sent output token with value 6.0
Next port to read input from is inputA
Called postfire()
Called prefire()
Called fire()
Checking for deadlock:
There are 2 Blocked actors, 0 Stopped actors, and 4 active threads.
Waiting for actors to stop.
Called postfire()
Called prefire()
Called fire()
Checking for deadlock:
There are 3 Blocked actors, 0 Stopped actors, and 4 active threads.
Waiting for actors to stop.
Read input token from inputA with value 7.0
Sent output token with value 7.0
Next port to read input from is inputA
Called postfire()
Called prefire()
Called fire()
Read input token from inputA with value 8.0
Checking for deadlock:
There are 2 Blocked actors, 0 Stopped actors, and 4 active threads.
Waiting for actors to stop.
Called prefire()
Called fire()
Past the end of training data. Read and discard all inputs.
-- Thread wrapup() called.
Called wrapup()
Thread .top.Ramp is exiting.
-- Thread stopped.
Checking for deadlock:
There are 2 Blocked actors, 0 Stopped actors, and 3 active threads.
Waiting for actors to stop.
Called prefire()
Called fire()
Past the end of training data. Read and discard all inputs.
Checking for deadlock:
There are 2 Blocked actors, 0 Stopped actors, and 3 active threads.
Sent output token with value 7.5
Waiting for actors to stop.
Next port to read input from is inputB
Called postfire()
Called prefire()
Called fire()
Read input token from inputB with value 9.0
Called postfire()
Called prefire()
Called fire()
Sent output token with value 8.0
Checking for deadlock:
Next port to read input from is inputA
Called postfire()
Called prefire()
Called fire()
There are 1 Blocked actors, 0 Stopped actors, and 3 active threads.
Waiting for actors to stop.
Called prefire()
Read input token from inputA with value 9.0
Called fire()
Past the end of training data. Read and discard all inputs.
Sent output token with value 9.0
Called prefire()
Called fire()
Past the end of training data. Read and discard all inputs.
Next port to read input from is inputB
Called postfire()
Called prefire()
Called fire()
Checking for deadlock:
There are 1 Blocked actors, 0 Stopped actors, and 3 active threads.
Read input token from inputB with value 10.5
Waiting for actors to stop.
Sent output token with value 9.0
Called postfire()
Called prefire()
Called fire()
Next port to read input from is inputA
Called postfire()
Called prefire()
Called fire()
Called prefire()
Called fire()
Past the end of training data. Read and discard all inputs.
Checking for deadlock:
There are 3 Blocked actors, 0 Stopped actors, and 3 active threads.
Actors have stopped.
Checking for deadlock:
There are 3 Blocked actors, 0 Stopped actors, and 3 active threads.
Deadlock detected.
Resolving Deadlock
Checking for deadlock:
There are 3 Blocked actors, 0 Stopped actors, and 3 active threads.
Artificial Deadlock - increasing queue capacity.
increasing the capacity of receiver ptolemy.actor.TypedIOPort {.top.OrderedMerge.inputB} to 2
Director: Called postfire().
Called postfire().
_stopRequested = false
_stopFireRequested = false
Returning from postfire(): true
Called fire().
Checking for deadlock:
There are 2 Blocked actors, 0 Stopped actors, and 3 active threads.
Waiting for actors to stop.
-- Thread wrapup() called.
Called wrapup()
Thread .top.Ramp2 is exiting.
-- Thread stopped.
Checking for deadlock:
There are 2 Blocked actors, 0 Stopped actors, and 2 active threads.
Actors have stopped.
Checking for deadlock:
There are 2 Blocked actors, 0 Stopped actors, and 2 active threads.
Deadlock detected.
Resolving Deadlock
Checking for deadlock:
There are 2 Blocked actors, 0 Stopped actors, and 2 active threads.
Deadlock detected: no processes blocked on write, but some are blocked on read.
Called postfire().
_stopRequested = false
_stopFireRequested = false
Returning from postfire(): false
Finished deactivating branches.
Called wrapup().
-- Thread wrapup() called.
-- Thread wrapup() called.
Called wrapup()
Called wrapup()
Thread .top.OrderedMerge is exiting.
-- Thread stopped.
-- Blocked Receiver call threw TerminateProcessException.
Thread .top.Test is exiting.
-- Thread stopped.
-- Blocked Receiver call threw TerminateProcessException.
35 ms. Memory: 120832K Free: 72772K (60%)
/home/travis/build/icyphy/ptII/ptolemy/actor/lib/test/Publisher.tcl
28 ms. Memory: 120832K Free: 105134K (87%)
4 ms. Memory: 120832K Free: 100006K (83%)
3 ms. Memory: 120832K Free: 96430K (80%)
9 ms. Memory: 120832K Free: 95406K (79%)
3 ms. Memory: 120832K Free: 94382K (78%)
11 ms. Memory: 120832K Free: 93854K (78%)
2 ms. Memory: 120832K Free: 92844K (77%)
7 ms. Memory: 120832K Free: 91806K (76%)
37 ms. Memory: 120832K Free: 82094K (68%)
9 ms. Memory: 120832K Free: 77998K (65%)
5 ms. Memory: 120832K Free: 77470K (64%)
8 ms. Memory: 120832K Free: 75422K (62%)
11 ms. Memory: 120832K Free: 67758K (56%)
5 ms. Memory: 120832K Free: 58014K (48%)
21 ms. Memory: 167936K Free: 147467K (88%)
/home/travis/build/icyphy/ptII/ptolemy/actor/lib/test/Pulse.tcl
6 ms. Memory: 167936K Free: 110093K (66%)
5 ms. Memory: 167936K Free: 109549K (65%)
5 ms. Memory: 167936K Free: 109069K (65%)
2 ms. Memory: 167936K Free: 108555K (65%)
1 ms. Memory: 167936K Free: 108045K (64%)
6 ms. Memory: 167936K Free: 107021K (64%)
8 ms. Memory: 167936K Free: 105997K (63%)
3 ms. Memory: 167936K Free: 104973K (63%)
1 ms. Memory: 167936K Free: 104453K (62%)
/home/travis/build/icyphy/ptII/ptolemy/actor/lib/test/Ramp.tcl
6 ms. Memory: 167936K Free: 102397K (61%)
5 ms. Memory: 167936K Free: 101901K (61%)
2 ms. Memory: 167936K Free: 100877K (60%)
2 ms. Memory: 167936K Free: 100349K (60%)
4 ms. Memory: 167936K Free: 99339K (59%)
7 ms. Memory: 167936K Free: 98315K (59%)
4 ms. Memory: 167936K Free: 97805K (58%)
5 actors
4000 microseconds per iteration to create
4 ms. Memory: 167936K Free: 94733K (56%)
1 ms. Memory: 167936K Free: 94205K (56%)
1 ms. Memory: 167936K Free: 93709K (56%)
2 ms. Memory: 167936K Free: 93181K (55%)
50 actors
27000 microseconds per iteration to create
44 ms. Memory: 167936K Free: 145586K (87%)
4 ms. Memory: 167936K Free: 144562K (86%)
17 ms. Memory: 167936K Free: 143538K (85%)
4 ms. Memory: 167936K Free: 142514K (85%)
500 actors
1613000 microseconds per iteration to create
235 ms. Memory: 167936K Free: 138193K (82%)
33 ms. Memory: 167936K Free: 133073K (79%)
34 ms. Memory: 167936K Free: 127953K (76%)
33 ms. Memory: 167936K Free: 122833K (73%)
/home/travis/build/icyphy/ptII/ptolemy/actor/lib/test/RampContinuous.tcl
7 ms. Memory: 167936K Free: 121295K (72%)
/home/travis/build/icyphy/ptII/ptolemy/actor/lib/test/RecordAssembler.tcl
5 ms. Memory: 167936K Free: 119761K (71%)
4 ms. Memory: 167936K Free: 118737K (71%)
/home/travis/build/icyphy/ptII/ptolemy/actor/lib/test/RecordDisassembler.tcl
14 ms. Memory: 167936K Free: 116689K (69%)
2 ms. Memory: 167936K Free: 116160K (69%)
3 ms. Memory: 167936K Free: 115151K (69%)
/home/travis/build/icyphy/ptII/ptolemy/actor/lib/test/Scale.tcl
3 ms. Memory: 167936K Free: 113088K (67%)
1 ms. Memory: 167936K Free: 112593K (67%)
1 ms. Memory: 167936K Free: 111569K (66%)
2 ms. Memory: 167936K Free: 110545K (66%)
3 ms. Memory: 167936K Free: 110031K (66%)
/home/travis/build/icyphy/ptII/ptolemy/actor/lib/test/SequentialClock.tcl
preinitializing
resolving types
initializing
executing number 1
wrapping up
idle
3 ms. Memory: 167936K Free: 108497K (65%)
Completed execution with 5 iterations
preinitializing
resolving types
initializing
executing number 1
wrapping up
idle
1 ms. Memory: 167936K Free: 107952K (64%)
Completed execution with 5 iterations
preinitializing
resolving types
initializing
executing number 1
wrapping up
idle
2 ms. Memory: 167936K Free: 107473K (64%)
Completed execution with 5 iterations
/home/travis/build/icyphy/ptII/ptolemy/actor/lib/test/SetVariable.tcl
8 ms. Memory: 167936K Free: 105935K (63%)


==== $PTII/ptolemy/actor/lib/test/SetVariable.tcl: SetVariable-3.1 changeFailed
==== Contents of test case:

    #Uses 2.1 above
    jdkCaptureErr {
        # This test was failing if we ran Exit.tcl and then this test.
        # MessageHandler.error() now actually throws the Exception.
	catch {$setVariable changeFailed [java::null]  [java::new Exception {Test exception for SetVariable.changeFailed()}]} errMsg
    } results
    list [string range $results 0 89] "\n" $errMsg

==== Result was:
{java.lang.Exception: Test exception for SetVariable.changeFailed()
	at java.base/jdk.inter} {
} {java.lang.RuntimeException: java.lang.Exception: Test exception for SetVariable.changeFailed()}
---- Result should have been:
{Failed to set variable.
java.lang.Exception: Test exception for SetVariable.changeFailed()} {
} {java.lang.RuntimeException: java.lang.Exception: Test exception for SetVariable.changeFailed()}
---- SetVariable-3.1 FAILED
/home/travis/build/icyphy/ptII/ptolemy/actor/lib/test/Sinewave.tcl
/home/travis/build/icyphy/ptII/ptolemy/actor/lib/test/SubscriptionAggregator.tcl
4 ms. Memory: 167936K Free: 93647K (56%)
2 ms. Memory: 167936K Free: 93137K (55%)
1 ms. Memory: 167936K Free: 92623K (55%)
1 ms. Memory: 167936K Free: 92113K (55%)
4 ms. Memory: 167936K Free: 88512K (53%)
9 ms. Memory: 167936K Free: 86479K (51%)
...............................................................1121 ms. Memory: 300032K Free: 218450K (73%)
/home/travis/build/icyphy/ptII/ptolemy/actor/lib/test/Test.tcl
 The next command will produce a warning about training mode,
   which may be ignored.
9 ms. Memory: 300032K Free: 216404K (72%)
3 ms. Memory: 300032K Free: 215860K (72%)
5 ms. Memory: 300032K Free: 215380K (72%)
2 ms. Memory: 300032K Free: 214356K (71%)
11 ms. Memory: 300032K Free: 213842K (71%)
3 ms. Memory: 300032K Free: 212788K (71%)
4 ms. Memory: 300032K Free: 211284K (70%)
 The next command will produce a warning about training mode,
   which may be ignored.
5 ms. Memory: 300032K Free: 209236K (70%)
 The next command will produce a warning about training mode,
   which may be ignored.
7 ms. Memory: 300032K Free: 207698K (69%)
1 ms. Memory: 300032K Free: 207188K (69%)
1 ms. Memory: 300032K Free: 207188K (69%)
2 ms. Memory: 300032K Free: 206164K (69%)
8 ms. Memory: 300032K Free: 205650K (69%)
6 ms. Memory: 300032K Free: 201554K (67%)
/home/travis/build/icyphy/ptII/ptolemy/actor/lib/test/TestExceptionHandler.tcl
 The next command will produce a warning about training mode,
   which may be ignored.
3 ms. Memory: 300032K Free: 200500K (67%)
1 ms. Memory: 300032K Free: 200020K (67%)
1 ms. Memory: 300032K Free: 198996K (66%)
/home/travis/build/icyphy/ptII/ptolemy/actor/lib/test/UnionDisassembler.tcl
27 ms. Memory: 300032K Free: 245670K (82%)
/home/travis/build/icyphy/ptII/ptolemy/actor/lib/test/VariableClock.tcl
preinitializing
resolving types
initializing
executing number 1
wrapping up
idle
9 ms. Memory: 300032K Free: 244132K (81%)
Completed execution with 11 iterations
preinitializing
resolving types
initializing
executing number 1
wrapping up
idle
3 ms. Memory: 300032K Free: 242598K (81%)
Completed execution with 10 iterations
10/13/19 06:23:55
Failed: 1  Total Tests: 234  ((Passed: 233, Newly Passed: 0)  Known Failed: 0) /home/travis/build/icyphy/ptII/ptolemy/actor/lib/test
----------------- testing (KnownFailure) /home/travis/build/icyphy/ptII/ptolemy/actor/lib/test/auto/knownFailedTests/PublisherPortToplevelSubscriber.xml
0 ms. Memory: 300032K Free: 239012K (80%)
Known Failure: java.lang.reflect.InvocationTargetException
----------------- testing (KnownFailure) /home/travis/build/icyphy/ptII/ptolemy/actor/lib/test/auto/knownFailedTests/PublisherSubscriberPortToplevel.xml
0 ms. Memory: 300032K Free: 234916K (78%)
Known Failure: java.lang.reflect.InvocationTargetException
----------------- testing (KnownFailure) /home/travis/build/icyphy/ptII/ptolemy/actor/lib/test/auto/knownFailedTests/PublisherSubscriptionAggregatorPort.xml
0 ms. Memory: 300032K Free: 230310K (77%)
Known Failure: java.lang.reflect.InvocationTargetException
----------------- testing (KnownFailure) /home/travis/build/icyphy/ptII/ptolemy/actor/lib/test/auto/knownFailedTests/sizedarray3.xml
4 ms. Memory: 300032K Free: 226214K (75%)
Known Failure: java.lang.reflect.InvocationTargetException
No auto/linux-amd64/*.xml tests in /home/travis/build/icyphy/ptII/ptolemy/actor/lib/test
AutoTests.java: About to close Vertx.
AutoTests.java: Vertx closed.

===========================================================================================
----------------- testing Sun Oct 13 06:23:56 UTC 2019 /home/travis/build/icyphy/ptII/ptolemy/actor/lib/test/auto/AbsoluteValue.xml
----------------- Instantiating /home/travis/build/icyphy/ptII/ptolemy/actor/lib/test/auto/AbsoluteValue.xml
12 ms. Memory: 300032K Free: 203686K (68%)
----------------- Invoking toplevel() on ptolemy.moml.MoMLSimpleApplication@6873fb47
----------------- Done invoking toplevel() on ptolemy.moml.MoMLSimpleApplication@6873fb47
reloadAllAccessors: .AbsoluteValue

===========================================================================================
----------------- testing Sun Oct 13 06:23:56 UTC 2019 /home/travis/build/icyphy/ptII/ptolemy/actor/lib/test/auto/AbsoluteValue2.xml
----------------- Instantiating /home/travis/build/icyphy/ptII/ptolemy/actor/lib/test/auto/AbsoluteValue2.xml
4 ms. Memory: 300032K Free: 196518K (65%)
----------------- Invoking toplevel() on ptolemy.moml.MoMLSimpleApplication@1640285d
----------------- Done invoking toplevel() on ptolemy.moml.MoMLSimpleApplication@1640285d
reloadAllAccessors: .AbsoluteValue2

===========================================================================================
----------------- testing Sun Oct 13 06:23:56 UTC 2019 /home/travis/build/icyphy/ptII/ptolemy/actor/lib/test/auto/Accumulator.xml
----------------- Instantiating /home/travis/build/icyphy/ptII/ptolemy/actor/lib/test/auto/Accumulator.xml
6 ms. Memory: 300032K Free: 190374K (63%)
----------------- Invoking toplevel() on ptolemy.moml.MoMLSimpleApplication@32feb24e
----------------- Done invoking toplevel() on ptolemy.moml.MoMLSimpleApplication@32feb24e
reloadAllAccessors: .Accumulator

===========================================================================================
----------------- testing Sun Oct 13 06:23:56 UTC 2019 /home/travis/build/icyphy/ptII/ptolemy/actor/lib/test/auto/Accumulator2.xml
----------------- Instantiating /home/travis/build/icyphy/ptII/ptolemy/actor/lib/test/auto/Accumulator2.xml
8 ms. Memory: 300032K Free: 184740K (62%)
----------------- Invoking toplevel() on ptolemy.moml.MoMLSimpleApplication@7a7315fc
----------------- Done invoking toplevel() on ptolemy.moml.MoMLSimpleApplication@7a7315fc
reloadAllAccessors: .Accumulator2

===========================================================================================
----------------- testing Sun Oct 13 06:23:56 UTC 2019 /home/travis/build/icyphy/ptII/ptolemy/actor/lib/test/auto/Accumulator3.xml
----------------- Instantiating /home/travis/build/icyphy/ptII/ptolemy/actor/lib/test/auto/Accumulator3.xml
6 ms. Memory: 300032K Free: 180644K (60%)
----------------- Invoking toplevel() on ptolemy.moml.MoMLSimpleApplication@4c489c01
----------------- Done invoking toplevel() on ptolemy.moml.MoMLSimpleApplication@4c489c01
reloadAllAccessors: .Accumulator3

===========================================================================================
----------------- testing Sun Oct 13 06:23:56 UTC 2019 /home/travis/build/icyphy/ptII/ptolemy/actor/lib/test/auto/ArrayAppend.xml
----------------- Instantiating /home/travis/build/icyphy/ptII/ptolemy/actor/lib/test/auto/ArrayAppend.xml
8 ms. Memory: 300032K Free: 175014K (58%)
----------------- Invoking toplevel() on ptolemy.moml.MoMLSimpleApplication@63263ef3
----------------- Done invoking toplevel() on ptolemy.moml.MoMLSimpleApplication@63263ef3
reloadAllAccessors: .ArrayAppend

===========================================================================================
----------------- testing Sun Oct 13 06:23:56 UTC 2019 /home/travis/build/icyphy/ptII/ptolemy/actor/lib/test/auto/ArrayAppend2.xml
----------------- Instantiating /home/travis/build/icyphy/ptII/ptolemy/actor/lib/test/auto/ArrayAppend2.xml
400 ms. Memory: 300032K Free: 230308K (77%)
----------------- Invoking toplevel() on ptolemy.moml.MoMLSimpleApplication@2bc1f18a
----------------- Done invoking toplevel() on ptolemy.moml.MoMLSimpleApplication@2bc1f18a
reloadAllAccessors: .ArrayAppend2

===========================================================================================
----------------- testing Sun Oct 13 06:23:56 UTC 2019 /home/travis/build/icyphy/ptII/ptolemy/actor/lib/test/auto/ArrayAppend3.xml
----------------- Instantiating /home/travis/build/icyphy/ptII/ptolemy/actor/lib/test/auto/ArrayAppend3.xml
3 ms. Memory: 300032K Free: 224164K (75%)
----------------- Invoking toplevel() on ptolemy.moml.MoMLSimpleApplication@66fae562
----------------- Done invoking toplevel() on ptolemy.moml.MoMLSimpleApplication@66fae562
reloadAllAccessors: .ArrayAppend3

===========================================================================================
----------------- testing Sun Oct 13 06:23:56 UTC 2019 /home/travis/build/icyphy/ptII/ptolemy/actor/lib/test/auto/ArrayAppend4.xml
----------------- Instantiating /home/travis/build/icyphy/ptII/ptolemy/actor/lib/test/auto/ArrayAppend4.xml
6 ms. Memory: 300032K Free: 219044K (73%)
----------------- Invoking toplevel() on ptolemy.moml.MoMLSimpleApplication@18f2b8f5
----------------- Done invoking toplevel() on ptolemy.moml.MoMLSimpleApplication@18f2b8f5
reloadAllAccessors: .ArrayAppend4

===========================================================================================
----------------- testing Sun Oct 13 06:23:56 UTC 2019 /home/travis/build/icyphy/ptII/ptolemy/actor/lib/test/auto/ArrayAppend5.xml
----------------- Instantiating /home/travis/build/icyphy/ptII/ptolemy/actor/lib/test/auto/ArrayAppend5.xml
3 ms. Memory: 300032K Free: 213924K (71%)
----------------- Invoking toplevel() on ptolemy.moml.MoMLSimpleApplication@6743d6a2
----------------- Done invoking toplevel() on ptolemy.moml.MoMLSimpleApplication@6743d6a2
reloadAllAccessors: .ArrayAppend5

===========================================================================================
----------------- testing Sun Oct 13 06:23:56 UTC 2019 /home/travis/build/icyphy/ptII/ptolemy/actor/lib/test/auto/ArrayAppend6.xml
----------------- Instantiating /home/travis/build/icyphy/ptII/ptolemy/actor/lib/test/auto/ArrayAppend6.xml
8 ms. Memory: 300032K Free: 208294K (69%)
----------------- Invoking toplevel() on ptolemy.moml.MoMLSimpleApplication@67184da4
----------------- Done invoking toplevel() on ptolemy.moml.MoMLSimpleApplication@67184da4
reloadAllAccessors: .ArrayAppend6

===========================================================================================
----------------- testing Sun Oct 13 06:23:56 UTC 2019 /home/travis/build/icyphy/ptII/ptolemy/actor/lib/test/auto/ArrayAppendPerformanceTest.xml
----------------- Instantiating /home/travis/build/icyphy/ptII/ptolemy/actor/lib/test/auto/ArrayAppendPerformanceTest.xml
31 ms. Memory: 300032K Free: 197540K (66%)
----------------- Invoking toplevel() on ptolemy.moml.MoMLSimpleApplication@177fe9ff
----------------- Done invoking toplevel() on ptolemy.moml.MoMLSimpleApplication@177fe9ff
reloadAllAccessors: .ArrayAppendPerformanceTest

===========================================================================================
----------------- testing Sun Oct 13 06:23:57 UTC 2019 /home/travis/build/icyphy/ptII/ptolemy/actor/lib/test/auto/ArrayAppendWithEmptyInput.xml
----------------- Instantiating /home/travis/build/icyphy/ptII/ptolemy/actor/lib/test/auto/ArrayAppendWithEmptyInput.xml
14 ms. Memory: 300032K Free: 189348K (63%)
----------------- Invoking toplevel() on ptolemy.moml.MoMLSimpleApplication@4308a393
----------------- Done invoking toplevel() on ptolemy.moml.MoMLSimpleApplication@4308a393
reloadAllAccessors: .ArrayAppendWithEmptyInput

===========================================================================================
----------------- testing Sun Oct 13 06:23:57 UTC 2019 /home/travis/build/icyphy/ptII/ptolemy/actor/lib/test/auto/ArrayAverage.xml
----------------- Instantiating /home/travis/build/icyphy/ptII/ptolemy/actor/lib/test/auto/ArrayAverage.xml
12 ms. Memory: 300032K Free: 181670K (61%)
----------------- Invoking toplevel() on ptolemy.moml.MoMLSimpleApplication@78fc0e79
----------------- Done invoking toplevel() on ptolemy.moml.MoMLSimpleApplication@78fc0e79
reloadAllAccessors: .ArrayAverage

===========================================================================================
----------------- testing Sun Oct 13 06:23:57 UTC 2019 /home/travis/build/icyphy/ptII/ptolemy/actor/lib/test/auto/ArrayContains.xml
----------------- Instantiating /home/travis/build/icyphy/ptII/ptolemy/actor/lib/test/auto/ArrayContains.xml
4 ms. Memory: 300032K Free: 175526K (59%)
----------------- Invoking toplevel() on ptolemy.moml.MoMLSimpleApplication@781d5d3f
----------------- Done invoking toplevel() on ptolemy.moml.MoMLSimpleApplication@781d5d3f
reloadAllAccessors: .ArrayContains

===========================================================================================
----------------- testing Sun Oct 13 06:23:57 UTC 2019 /home/travis/build/icyphy/ptII/ptolemy/actor/lib/test/auto/ArrayElement.xml
----------------- Instantiating /home/travis/build/icyphy/ptII/ptolemy/actor/lib/test/auto/ArrayElement.xml
4 ms. Memory: 300032K Free: 170406K (57%)
----------------- Invoking toplevel() on ptolemy.moml.MoMLSimpleApplication@6f17a749
----------------- Done invoking toplevel() on ptolemy.moml.MoMLSimpleApplication@6f17a749
reloadAllAccessors: .ArrayElement

===========================================================================================
----------------- testing Sun Oct 13 06:23:57 UTC 2019 /home/travis/build/icyphy/ptII/ptolemy/actor/lib/test/auto/ArrayElementAsMatrix.xml
----------------- Instantiating /home/travis/build/icyphy/ptII/ptolemy/actor/lib/test/auto/ArrayElementAsMatrix.xml
15 ms. Memory: 300032K Free: 159652K (53%)
----------------- Invoking toplevel() on ptolemy.moml.MoMLSimpleApplication@4ac92db
----------------- Done invoking toplevel() on ptolemy.moml.MoMLSimpleApplication@4ac92db
reloadAllAccessors: .ArrayElementAsMatrix

===========================================================================================
----------------- testing Sun Oct 13 06:23:57 UTC 2019 /home/travis/build/icyphy/ptII/ptolemy/actor/lib/test/auto/ArrayElementI.xml
----------------- Instantiating /home/travis/build/icyphy/ptII/ptolemy/actor/lib/test/auto/ArrayElementI.xml
6 ms. Memory: 300032K Free: 155046K (52%)
----------------- Invoking toplevel() on ptolemy.moml.MoMLSimpleApplication@71b1affe
----------------- Done invoking toplevel() on ptolemy.moml.MoMLSimpleApplication@71b1affe
reloadAllAccessors: .ArrayElementI

===========================================================================================
----------------- testing Sun Oct 13 06:23:57 UTC 2019 /home/travis/build/icyphy/ptII/ptolemy/actor/lib/test/auto/ArrayExtract.xml
----------------- Instantiating /home/travis/build/icyphy/ptII/ptolemy/actor/lib/test/auto/ArrayExtract.xml
4 ms. Memory: 300032K Free: 146854K (49%)
----------------- Invoking toplevel() on ptolemy.moml.MoMLSimpleApplication@77c5cca1
----------------- Done invoking toplevel() on ptolemy.moml.MoMLSimpleApplication@77c5cca1
reloadAllAccessors: .ArrayExtract

===========================================================================================
----------------- testing Sun Oct 13 06:23:57 UTC 2019 /home/travis/build/icyphy/ptII/ptolemy/actor/lib/test/auto/ArrayExtract2.xml
----------------- Instantiating /home/travis/build/icyphy/ptII/ptolemy/actor/lib/test/auto/ArrayExtract2.xml
8 ms. Memory: 300032K Free: 141214K (47%)
----------------- Invoking toplevel() on ptolemy.moml.MoMLSimpleApplication@25345cb1
----------------- Done invoking toplevel() on ptolemy.moml.MoMLSimpleApplication@25345cb1
reloadAllAccessors: .ArrayExtract2

===========================================================================================
----------------- testing Sun Oct 13 06:23:57 UTC 2019 /home/travis/build/icyphy/ptII/ptolemy/actor/lib/test/auto/ArrayLength.xml
----------------- Instantiating /home/travis/build/icyphy/ptII/ptolemy/actor/lib/test/auto/ArrayLength.xml
1 ms. Memory: 300032K Free: 137638K (46%)
----------------- Invoking toplevel() on ptolemy.moml.MoMLSimpleApplication@bc40d8c
----------------- Done invoking toplevel() on ptolemy.moml.MoMLSimpleApplication@bc40d8c
reloadAllAccessors: .ArrayLength

===========================================================================================
----------------- testing Sun Oct 13 06:23:57 UTC 2019 /home/travis/build/icyphy/ptII/ptolemy/actor/lib/test/auto/ArrayLevelCrossing.xml
----------------- Instantiating /home/travis/build/icyphy/ptII/ptolemy/actor/lib/test/auto/ArrayLevelCrossing.xml
4 ms. Memory: 300032K Free: 129446K (43%)
----------------- Invoking toplevel() on ptolemy.moml.MoMLSimpleApplication@53424301
----------------- Done invoking toplevel() on ptolemy.moml.MoMLSimpleApplication@53424301
reloadAllAccessors: .ArrayLevelCrossing

===========================================================================================
----------------- testing Sun Oct 13 06:23:57 UTC 2019 /home/travis/build/icyphy/ptII/ptolemy/actor/lib/test/auto/ArrayLevelCrossing2.xml
----------------- Instantiating /home/travis/build/icyphy/ptII/ptolemy/actor/lib/test/auto/ArrayLevelCrossing2.xml
3 ms. Memory: 300032K Free: 122278K (41%)
----------------- Invoking toplevel() on ptolemy.moml.MoMLSimpleApplication@76bd0c63
----------------- Done invoking toplevel() on ptolemy.moml.MoMLSimpleApplication@76bd0c63
reloadAllAccessors: .ArrayLevelCrossing2

===========================================================================================
----------------- testing Sun Oct 13 06:23:57 UTC 2019 /home/travis/build/icyphy/ptII/ptolemy/actor/lib/test/auto/ArrayPeakSearch.xml
----------------- Instantiating /home/travis/build/icyphy/ptII/ptolemy/actor/lib/test/auto/ArrayPeakSearch.xml
4 ms. Memory: 300032K Free: 113062K (38%)
----------------- Invoking toplevel() on ptolemy.moml.MoMLSimpleApplication@5e14c0a3
----------------- Done invoking toplevel() on ptolemy.moml.MoMLSimpleApplication@5e14c0a3
reloadAllAccessors: .ArrayPeakSearch

===========================================================================================
----------------- testing Sun Oct 13 06:23:57 UTC 2019 /home/travis/build/icyphy/ptII/ptolemy/actor/lib/test/auto/ArrayPeakSearch2.xml
----------------- Instantiating /home/travis/build/icyphy/ptII/ptolemy/actor/lib/test/auto/ArrayPeakSearch2.xml
5 ms. Memory: 300032K Free: 102822K (34%)
----------------- Invoking toplevel() on ptolemy.moml.MoMLSimpleApplication@172fcdad
----------------- Done invoking toplevel() on ptolemy.moml.MoMLSimpleApplication@172fcdad
reloadAllAccessors: .ArrayPeakSearch2

===========================================================================================
----------------- testing Sun Oct 13 06:23:57 UTC 2019 /home/travis/build/icyphy/ptII/ptolemy/actor/lib/test/auto/ArrayPeakSearch3.xml
----------------- Instantiating /home/travis/build/icyphy/ptII/ptolemy/actor/lib/test/auto/ArrayPeakSearch3.xml
4 ms. Memory: 300032K Free: 93606K (31%)
----------------- Invoking toplevel() on ptolemy.moml.MoMLSimpleApplication@446e9a8d
----------------- Done invoking toplevel() on ptolemy.moml.MoMLSimpleApplication@446e9a8d
reloadAllAccessors: .ArrayPeakSearch3

===========================================================================================
----------------- testing Sun Oct 13 06:23:57 UTC 2019 /home/travis/build/icyphy/ptII/ptolemy/actor/lib/test/auto/ArrayRemoveElement.xml
----------------- Instantiating /home/travis/build/icyphy/ptII/ptolemy/actor/lib/test/auto/ArrayRemoveElement.xml
3 ms. Memory: 300032K Free: 243620K (81%)
----------------- Invoking toplevel() on ptolemy.moml.MoMLSimpleApplication@619d4eb8
----------------- Done invoking toplevel() on ptolemy.moml.MoMLSimpleApplication@619d4eb8
reloadAllAccessors: .ArrayRemoveElement

===========================================================================================
----------------- testing Sun Oct 13 06:23:57 UTC 2019 /home/travis/build/icyphy/ptII/ptolemy/actor/lib/test/auto/ArraySort.xml
----------------- Instantiating /home/travis/build/icyphy/ptII/ptolemy/actor/lib/test/auto/ArraySort.xml
9 ms. Memory: 300032K Free: 234404K (78%)
----------------- Invoking toplevel() on ptolemy.moml.MoMLSimpleApplication@49275b8d
----------------- Done invoking toplevel() on ptolemy.moml.MoMLSimpleApplication@49275b8d
reloadAllAccessors: .ArraySort

===========================================================================================
----------------- testing Sun Oct 13 06:23:57 UTC 2019 /home/travis/build/icyphy/ptII/ptolemy/actor/lib/test/auto/ArraySum.xml
----------------- Instantiating /home/travis/build/icyphy/ptII/ptolemy/actor/lib/test/auto/ArraySum.xml
10 ms. Memory: 300032K Free: 229284K (76%)
----------------- Invoking toplevel() on ptolemy.moml.MoMLSimpleApplication@5a4bdf2a
----------------- Done invoking toplevel() on ptolemy.moml.MoMLSimpleApplication@5a4bdf2a
reloadAllAccessors: .ArraySum

===========================================================================================
----------------- testing Sun Oct 13 06:23:57 UTC 2019 /home/travis/build/icyphy/ptII/ptolemy/actor/lib/test/auto/ArrayToElements.xml
----------------- Instantiating /home/travis/build/icyphy/ptII/ptolemy/actor/lib/test/auto/ArrayToElements.xml
13 ms. Memory: 300032K Free: 223654K (75%)
----------------- Invoking toplevel() on ptolemy.moml.MoMLSimpleApplication@57533c7
----------------- Done invoking toplevel() on ptolemy.moml.MoMLSimpleApplication@57533c7
reloadAllAccessors: .ArrayToElements

===========================================================================================
----------------- testing Sun Oct 13 06:23:57 UTC 2019 /home/travis/build/icyphy/ptII/ptolemy/actor/lib/test/auto/ArrayToMatrix.xml
----------------- Instantiating /home/travis/build/icyphy/ptII/ptolemy/actor/lib/test/auto/ArrayToMatrix.xml
11 ms. Memory: 300032K Free: 209828K (70%)
----------------- Invoking toplevel() on ptolemy.moml.MoMLSimpleApplication@3d181ac3
----------------- Done invoking toplevel() on ptolemy.moml.MoMLSimpleApplication@3d181ac3
reloadAllAccessors: .ArrayToMatrix

===========================================================================================
----------------- testing Sun Oct 13 06:23:57 UTC 2019 /home/travis/build/icyphy/ptII/ptolemy/actor/lib/test/auto/ArrayUpdate1.xml
----------------- Instantiating /home/travis/build/icyphy/ptII/ptolemy/actor/lib/test/auto/ArrayUpdate1.xml
11 ms. Memory: 300032K Free: 204708K (68%)
----------------- Invoking toplevel() on ptolemy.moml.MoMLSimpleApplication@6321c54d
----------------- Done invoking toplevel() on ptolemy.moml.MoMLSimpleApplication@6321c54d
reloadAllAccessors: .ArrayUpdate1

===========================================================================================
----------------- testing Sun Oct 13 06:23:57 UTC 2019 /home/travis/build/icyphy/ptII/ptolemy/actor/lib/test/auto/ArrayUpdate2.xml
----------------- Instantiating /home/travis/build/icyphy/ptII/ptolemy/actor/lib/test/auto/ArrayUpdate2.xml
8 ms. Memory: 300032K Free: 198564K (66%)
----------------- Invoking toplevel() on ptolemy.moml.MoMLSimpleApplication@11a608bb
----------------- Done invoking toplevel() on ptolemy.moml.MoMLSimpleApplication@11a608bb
reloadAllAccessors: .ArrayUpdate2

===========================================================================================
----------------- testing Sun Oct 13 06:23:57 UTC 2019 /home/travis/build/icyphy/ptII/ptolemy/actor/lib/test/auto/ArrayUpdate3.xml
----------------- Instantiating /home/travis/build/icyphy/ptII/ptolemy/actor/lib/test/auto/ArrayUpdate3.xml
2 ms. Memory: 300032K Free: 193444K (64%)
----------------- Invoking toplevel() on ptolemy.moml.MoMLSimpleApplication@3a4e9971
----------------- Done invoking toplevel() on ptolemy.moml.MoMLSimpleApplication@3a4e9971
reloadAllAccessors: .ArrayUpdate3

===========================================================================================
----------------- testing Sun Oct 13 06:23:57 UTC 2019 /home/travis/build/icyphy/ptII/ptolemy/actor/lib/test/auto/Assert1.xml
----------------- Instantiating /home/travis/build/icyphy/ptII/ptolemy/actor/lib/test/auto/Assert1.xml
6 ms. Memory: 300032K Free: 189348K (63%)
----------------- Invoking toplevel() on ptolemy.moml.MoMLSimpleApplication@2beb0b76
----------------- Done invoking toplevel() on ptolemy.moml.MoMLSimpleApplication@2beb0b76
reloadAllAccessors: .Assert1

===========================================================================================
----------------- testing Sun Oct 13 06:23:57 UTC 2019 /home/travis/build/icyphy/ptII/ptolemy/actor/lib/test/auto/Assert2.xml
----------------- Instantiating /home/travis/build/icyphy/ptII/ptolemy/actor/lib/test/auto/Assert2.xml
2 ms. Memory: 300032K Free: 184228K (61%)
----------------- Invoking toplevel() on ptolemy.moml.MoMLSimpleApplication@68745ac
----------------- Done invoking toplevel() on ptolemy.moml.MoMLSimpleApplication@68745ac
reloadAllAccessors: .Assert2

===========================================================================================
----------------- testing Sun Oct 13 06:23:57 UTC 2019 /home/travis/build/icyphy/ptII/ptolemy/actor/lib/test/auto/BooleanMultiplexor.xml
----------------- Instantiating /home/travis/build/icyphy/ptII/ptolemy/actor/lib/test/auto/BooleanMultiplexor.xml
2 ms. Memory: 300032K Free: 179078K (60%)
----------------- Invoking toplevel() on ptolemy.moml.MoMLSimpleApplication@1a13f0c
----------------- Done invoking toplevel() on ptolemy.moml.MoMLSimpleApplication@1a13f0c
reloadAllAccessors: .BooleanMultiplexor

===========================================================================================
----------------- testing Sun Oct 13 06:23:57 UTC 2019 /home/travis/build/icyphy/ptII/ptolemy/actor/lib/test/auto/BooleanMultiplexor2.xml
----------------- Instantiating /home/travis/build/icyphy/ptII/ptolemy/actor/lib/test/auto/BooleanMultiplexor2.xml
13 ms. Memory: 300032K Free: 172454K (57%)
----------------- Invoking toplevel() on ptolemy.moml.MoMLSimpleApplication@42ddf69c
----------------- Done invoking toplevel() on ptolemy.moml.MoMLSimpleApplication@42ddf69c
reloadAllAccessors: .BooleanMultiplexor2

===========================================================================================
----------------- testing Sun Oct 13 06:23:58 UTC 2019 /home/travis/build/icyphy/ptII/ptolemy/actor/lib/test/auto/BooleanMultiplexor3.xml
----------------- Instantiating /home/travis/build/icyphy/ptII/ptolemy/actor/lib/test/auto/BooleanMultiplexor3.xml
4 ms. Memory: 300032K Free: 168868K (56%)
----------------- Invoking toplevel() on ptolemy.moml.MoMLSimpleApplication@42c1def5
----------------- Done invoking toplevel() on ptolemy.moml.MoMLSimpleApplication@42c1def5
reloadAllAccessors: .BooleanMultiplexor3

===========================================================================================
----------------- testing Sun Oct 13 06:23:58 UTC 2019 /home/travis/build/icyphy/ptII/ptolemy/actor/lib/test/auto/BooleanSelect.xml
----------------- Instantiating /home/travis/build/icyphy/ptII/ptolemy/actor/lib/test/auto/BooleanSelect.xml
9 ms. Memory: 300032K Free: 162710K (54%)
----------------- Invoking toplevel() on ptolemy.moml.MoMLSimpleApplication@4be37fd3
----------------- Done invoking toplevel() on ptolemy.moml.MoMLSimpleApplication@4be37fd3
reloadAllAccessors: .BooleanSelect

===========================================================================================
----------------- testing Sun Oct 13 06:23:58 UTC 2019 /home/travis/build/icyphy/ptII/ptolemy/actor/lib/test/auto/BooleanSelect2.xml
----------------- Instantiating /home/travis/build/icyphy/ptII/ptolemy/actor/lib/test/auto/BooleanSelect2.xml
2 ms. Memory: 300032K Free: 158118K (53%)
----------------- Invoking toplevel() on ptolemy.moml.MoMLSimpleApplication@5788a002
----------------- Done invoking toplevel() on ptolemy.moml.MoMLSimpleApplication@5788a002
reloadAllAccessors: .BooleanSelect2

===========================================================================================
----------------- testing Sun Oct 13 06:23:58 UTC 2019 /home/travis/build/icyphy/ptII/ptolemy/actor/lib/test/auto/BooleanSwitch.xml
----------------- Instantiating /home/travis/build/icyphy/ptII/ptolemy/actor/lib/test/auto/BooleanSwitch.xml
6 ms. Memory: 300032K Free: 152484K (51%)
----------------- Invoking toplevel() on ptolemy.moml.MoMLSimpleApplication@5832151e
----------------- Done invoking toplevel() on ptolemy.moml.MoMLSimpleApplication@5832151e
reloadAllAccessors: .BooleanSwitch

===========================================================================================
----------------- testing Sun Oct 13 06:23:58 UTC 2019 /home/travis/build/icyphy/ptII/ptolemy/actor/lib/test/auto/BooleanSwitch2.xml
----------------- Instantiating /home/travis/build/icyphy/ptII/ptolemy/actor/lib/test/auto/BooleanSwitch2.xml
2 ms. Memory: 300032K Free: 147878K (49%)
----------------- Invoking toplevel() on ptolemy.moml.MoMLSimpleApplication@1ec169a1
----------------- Done invoking toplevel() on ptolemy.moml.MoMLSimpleApplication@1ec169a1
reloadAllAccessors: .BooleanSwitch2

===========================================================================================
----------------- testing Sun Oct 13 06:23:58 UTC 2019 /home/travis/build/icyphy/ptII/ptolemy/actor/lib/test/auto/BooleanSwitchCloningBugWithClassRelationGroup.xml
----------------- Instantiating /home/travis/build/icyphy/ptII/ptolemy/actor/lib/test/auto/BooleanSwitchCloningBugWithClassRelationGroup.xml
3 ms. Memory: 300032K Free: 141734K (47%)
----------------- Invoking toplevel() on ptolemy.moml.MoMLSimpleApplication@222a63bc
----------------- Done invoking toplevel() on ptolemy.moml.MoMLSimpleApplication@222a63bc
reloadAllAccessors: .BooleanSwitchCloningBugWithClassRelationGroup

===========================================================================================
----------------- testing Sun Oct 13 06:23:58 UTC 2019 /home/travis/build/icyphy/ptII/ptolemy/actor/lib/test/auto/BusActors.xml
----------------- Instantiating /home/travis/build/icyphy/ptII/ptolemy/actor/lib/test/auto/BusActors.xml
4 ms. Memory: 300032K Free: 133542K (45%)
----------------- Invoking toplevel() on ptolemy.moml.MoMLSimpleApplication@1685e820
----------------- Done invoking toplevel() on ptolemy.moml.MoMLSimpleApplication@1685e820
reloadAllAccessors: .BusActors

===========================================================================================
----------------- testing Sun Oct 13 06:23:58 UTC 2019 /home/travis/build/icyphy/ptII/ptolemy/actor/lib/test/auto/ClassWrapper.xml
----------------- Instantiating /home/travis/build/icyphy/ptII/ptolemy/actor/lib/test/auto/ClassWrapper.xml
3 ms. Memory: 300032K Free: 129446K (43%)
----------------- Invoking toplevel() on ptolemy.moml.MoMLSimpleApplication@463428ac
----------------- Done invoking toplevel() on ptolemy.moml.MoMLSimpleApplication@463428ac
reloadAllAccessors: .ClassWrapper

===========================================================================================
----------------- testing Sun Oct 13 06:23:58 UTC 2019 /home/travis/build/icyphy/ptII/ptolemy/actor/lib/test/auto/Clock.xml
----------------- Instantiating /home/travis/build/icyphy/ptII/ptolemy/actor/lib/test/auto/Clock.xml
1 ms. Memory: 300032K Free: 125350K (42%)
----------------- Invoking toplevel() on ptolemy.moml.MoMLSimpleApplication@a1a190c
----------------- Done invoking toplevel() on ptolemy.moml.MoMLSimpleApplication@a1a190c
reloadAllAccessors: .Clock

===========================================================================================
----------------- testing Sun Oct 13 06:23:58 UTC 2019 /home/travis/build/icyphy/ptII/ptolemy/actor/lib/test/auto/Clock10.xml
----------------- Instantiating /home/travis/build/icyphy/ptII/ptolemy/actor/lib/test/auto/Clock10.xml
4 ms. Memory: 300032K Free: 119716K (40%)
----------------- Invoking toplevel() on ptolemy.moml.MoMLSimpleApplication@2b99db3b
----------------- Done invoking toplevel() on ptolemy.moml.MoMLSimpleApplication@2b99db3b
reloadAllAccessors: .Clock10

===========================================================================================
----------------- testing Sun Oct 13 06:23:58 UTC 2019 /home/travis/build/icyphy/ptII/ptolemy/actor/lib/test/auto/Clock11.xml
----------------- Instantiating /home/travis/build/icyphy/ptII/ptolemy/actor/lib/test/auto/Clock11.xml
5 ms. Memory: 300032K Free: 113572K (38%)
----------------- Invoking toplevel() on ptolemy.moml.MoMLSimpleApplication@15df0827
----------------- Done invoking toplevel() on ptolemy.moml.MoMLSimpleApplication@15df0827
reloadAllAccessors: .Clock11

===========================================================================================
----------------- testing Sun Oct 13 06:23:58 UTC 2019 /home/travis/build/icyphy/ptII/ptolemy/actor/lib/test/auto/Clock12.xml
----------------- Instantiating /home/travis/build/icyphy/ptII/ptolemy/actor/lib/test/auto/Clock12.xml
4 ms. Memory: 300032K Free: 107942K (36%)
----------------- Invoking toplevel() on ptolemy.moml.MoMLSimpleApplication@37353a78
----------------- Done invoking toplevel() on ptolemy.moml.MoMLSimpleApplication@37353a78
reloadAllAccessors: .Clock12

===========================================================================================
----------------- testing Sun Oct 13 06:23:58 UTC 2019 /home/travis/build/icyphy/ptII/ptolemy/actor/lib/test/auto/Clock13.xml
----------------- Instantiating /home/travis/build/icyphy/ptII/ptolemy/actor/lib/test/auto/Clock13.xml
6 ms. Memory: 300032K Free: 101798K (34%)
----------------- Invoking toplevel() on ptolemy.moml.MoMLSimpleApplication@2da17ecd
----------------- Done invoking toplevel() on ptolemy.moml.MoMLSimpleApplication@2da17ecd
reloadAllAccessors: .Clock13

===========================================================================================
----------------- testing Sun Oct 13 06:23:58 UTC 2019 /home/travis/build/icyphy/ptII/ptolemy/actor/lib/test/auto/Clock14.xml
----------------- Instantiating /home/travis/build/icyphy/ptII/ptolemy/actor/lib/test/auto/Clock14.xml
5 ms. Memory: 300032K Free: 96158K (32%)
----------------- Invoking toplevel() on ptolemy.moml.MoMLSimpleApplication@6fea29f
----------------- Done invoking toplevel() on ptolemy.moml.MoMLSimpleApplication@6fea29f
reloadAllAccessors: .Clock14

===========================================================================================
----------------- testing Sun Oct 13 06:23:58 UTC 2019 /home/travis/build/icyphy/ptII/ptolemy/actor/lib/test/auto/Clock15.xml
----------------- Instantiating /home/travis/build/icyphy/ptII/ptolemy/actor/lib/test/auto/Clock15.xml
2 ms. Memory: 300032K Free: 90014K (30%)
----------------- Invoking toplevel() on ptolemy.moml.MoMLSimpleApplication@60a2e34e
----------------- Done invoking toplevel() on ptolemy.moml.MoMLSimpleApplication@60a2e34e
reloadAllAccessors: .Clock15

===========================================================================================
----------------- testing Sun Oct 13 06:23:58 UTC 2019 /home/travis/build/icyphy/ptII/ptolemy/actor/lib/test/auto/Clock16.xml
----------------- Instantiating /home/travis/build/icyphy/ptII/ptolemy/actor/lib/test/auto/Clock16.xml
43 ms. Memory: 564224K Free: 505766K (90%)
----------------- Invoking toplevel() on ptolemy.moml.MoMLSimpleApplication@3496eb8d
----------------- Done invoking toplevel() on ptolemy.moml.MoMLSimpleApplication@3496eb8d
reloadAllAccessors: .Clock16

===========================================================================================
----------------- testing Sun Oct 13 06:23:58 UTC 2019 /home/travis/build/icyphy/ptII/ptolemy/actor/lib/test/auto/Clock17.xml
----------------- Instantiating /home/travis/build/icyphy/ptII/ptolemy/actor/lib/test/auto/Clock17.xml
24 ms. Memory: 564224K Free: 491430K (87%)
----------------- Invoking toplevel() on ptolemy.moml.MoMLSimpleApplication@4986700b
----------------- Done invoking toplevel() on ptolemy.moml.MoMLSimpleApplication@4986700b
reloadAllAccessors: .Clock17

===========================================================================================
----------------- testing Sun Oct 13 06:23:58 UTC 2019 /home/travis/build/icyphy/ptII/ptolemy/actor/lib/test/auto/Clock18.xml
----------------- Instantiating /home/travis/build/icyphy/ptII/ptolemy/actor/lib/test/auto/Clock18.xml
15 ms. Memory: 564224K Free: 477590K (85%)
----------------- Invoking toplevel() on ptolemy.moml.MoMLSimpleApplication@82ccdd5
----------------- Done invoking toplevel() on ptolemy.moml.MoMLSimpleApplication@82ccdd5
reloadAllAccessors: .Clock18

===========================================================================================
----------------- testing Sun Oct 13 06:23:58 UTC 2019 /home/travis/build/icyphy/ptII/ptolemy/actor/lib/test/auto/Clock19.xml
----------------- Instantiating /home/travis/build/icyphy/ptII/ptolemy/actor/lib/test/auto/Clock19.xml
14 ms. Memory: 564224K Free: 464806K (82%)
----------------- Invoking toplevel() on ptolemy.moml.MoMLSimpleApplication@299bf66f
----------------- Done invoking toplevel() on ptolemy.moml.MoMLSimpleApplication@299bf66f
reloadAllAccessors: .Clock19

===========================================================================================
----------------- testing Sun Oct 13 06:23:58 UTC 2019 /home/travis/build/icyphy/ptII/ptolemy/actor/lib/test/auto/Clock2.xml
----------------- Instantiating /home/travis/build/icyphy/ptII/ptolemy/actor/lib/test/auto/Clock2.xml
6 ms. Memory: 564224K Free: 460196K (82%)
----------------- Invoking toplevel() on ptolemy.moml.MoMLSimpleApplication@1a2764e2
----------------- Done invoking toplevel() on ptolemy.moml.MoMLSimpleApplication@1a2764e2
reloadAllAccessors: .Clock2

===========================================================================================
----------------- testing Sun Oct 13 06:23:58 UTC 2019 /home/travis/build/icyphy/ptII/ptolemy/actor/lib/test/auto/Clock20.xml
----------------- Instantiating /home/travis/build/icyphy/ptII/ptolemy/actor/lib/test/auto/Clock20.xml
10 ms. Memory: 564224K Free: 455076K (81%)
----------------- Invoking toplevel() on ptolemy.moml.MoMLSimpleApplication@64fa6ea6
----------------- Done invoking toplevel() on ptolemy.moml.MoMLSimpleApplication@64fa6ea6
reloadAllAccessors: .Clock20

===========================================================================================
----------------- testing Sun Oct 13 06:23:58 UTC 2019 /home/travis/build/icyphy/ptII/ptolemy/actor/lib/test/auto/Clock21.xml
----------------- Instantiating /home/travis/build/icyphy/ptII/ptolemy/actor/lib/test/auto/Clock21.xml
4 ms. Memory: 564224K Free: 449446K (80%)
----------------- Invoking toplevel() on ptolemy.moml.MoMLSimpleApplication@6dd6eb55
----------------- Done invoking toplevel() on ptolemy.moml.MoMLSimpleApplication@6dd6eb55
reloadAllAccessors: .Clock21

===========================================================================================
----------------- testing Sun Oct 13 06:23:58 UTC 2019 /home/travis/build/icyphy/ptII/ptolemy/actor/lib/test/auto/Clock22.xml
----------------- Instantiating /home/travis/build/icyphy/ptII/ptolemy/actor/lib/test/auto/Clock22.xml
4 ms. Memory: 564224K Free: 444326K (79%)
----------------- Invoking toplevel() on ptolemy.moml.MoMLSimpleApplication@368b70da
----------------- Done invoking toplevel() on ptolemy.moml.MoMLSimpleApplication@368b70da
reloadAllAccessors: .Clock22

===========================================================================================
----------------- testing Sun Oct 13 06:23:58 UTC 2019 /home/travis/build/icyphy/ptII/ptolemy/actor/lib/test/auto/Clock23.xml
----------------- Instantiating /home/travis/build/icyphy/ptII/ptolemy/actor/lib/test/auto/Clock23.xml
5 ms. Memory: 564224K Free: 438692K (78%)
----------------- Invoking toplevel() on ptolemy.moml.MoMLSimpleApplication@66951345
----------------- Done invoking toplevel() on ptolemy.moml.MoMLSimpleApplication@66951345
reloadAllAccessors: .Clock23

===========================================================================================
----------------- testing Sun Oct 13 06:23:58 UTC 2019 /home/travis/build/icyphy/ptII/ptolemy/actor/lib/test/auto/Clock24.xml
----------------- Instantiating /home/travis/build/icyphy/ptII/ptolemy/actor/lib/test/auto/Clock24.xml
3 ms. Memory: 564224K Free: 433062K (77%)
----------------- Invoking toplevel() on ptolemy.moml.MoMLSimpleApplication@423d9166
----------------- Done invoking toplevel() on ptolemy.moml.MoMLSimpleApplication@423d9166
reloadAllAccessors: .Clock24

===========================================================================================
----------------- testing Sun Oct 13 06:23:58 UTC 2019 /home/travis/build/icyphy/ptII/ptolemy/actor/lib/test/auto/Clock4.xml
----------------- Instantiating /home/travis/build/icyphy/ptII/ptolemy/actor/lib/test/auto/Clock4.xml
2 ms. Memory: 564224K Free: 428446K (76%)
----------------- Invoking toplevel() on ptolemy.moml.MoMLSimpleApplication@9214497
----------------- Done invoking toplevel() on ptolemy.moml.MoMLSimpleApplication@9214497
reloadAllAccessors: .Clock4

===========================================================================================
----------------- testing Sun Oct 13 06:23:58 UTC 2019 /home/travis/build/icyphy/ptII/ptolemy/actor/lib/test/auto/Clock5.xml
----------------- Instantiating /home/travis/build/icyphy/ptII/ptolemy/actor/lib/test/auto/Clock5.xml
5 ms. Memory: 564224K Free: 422822K (75%)
----------------- Invoking toplevel() on ptolemy.moml.MoMLSimpleApplication@32349255
----------------- Done invoking toplevel() on ptolemy.moml.MoMLSimpleApplication@32349255
reloadAllAccessors: .Clock5

===========================================================================================
----------------- testing Sun Oct 13 06:23:58 UTC 2019 /home/travis/build/icyphy/ptII/ptolemy/actor/lib/test/auto/Clock6.xml
----------------- Instantiating /home/travis/build/icyphy/ptII/ptolemy/actor/lib/test/auto/Clock6.xml
3 ms. Memory: 564224K Free: 418726K (74%)
----------------- Invoking toplevel() on ptolemy.moml.MoMLSimpleApplication@5f095292
----------------- Done invoking toplevel() on ptolemy.moml.MoMLSimpleApplication@5f095292
reloadAllAccessors: .Clock6

===========================================================================================
----------------- testing Sun Oct 13 06:23:59 UTC 2019 /home/travis/build/icyphy/ptII/ptolemy/actor/lib/test/auto/Clock7.xml
----------------- Instantiating /home/travis/build/icyphy/ptII/ptolemy/actor/lib/test/auto/Clock7.xml
3 ms. Memory: 564224K Free: 414116K (73%)
----------------- Invoking toplevel() on ptolemy.moml.MoMLSimpleApplication@419ea44
----------------- Done invoking toplevel() on ptolemy.moml.MoMLSimpleApplication@419ea44
reloadAllAccessors: .Clock7

===========================================================================================
----------------- testing Sun Oct 13 06:23:59 UTC 2019 /home/travis/build/icyphy/ptII/ptolemy/actor/lib/test/auto/Clock8.xml
----------------- Instantiating /home/travis/build/icyphy/ptII/ptolemy/actor/lib/test/auto/Clock8.xml
6 ms. Memory: 564224K Free: 408486K (72%)
----------------- Invoking toplevel() on ptolemy.moml.MoMLSimpleApplication@250f1c43
----------------- Done invoking toplevel() on ptolemy.moml.MoMLSimpleApplication@250f1c43
reloadAllAccessors: .Clock8

===========================================================================================
----------------- testing Sun Oct 13 06:23:59 UTC 2019 /home/travis/build/icyphy/ptII/ptolemy/actor/lib/test/auto/Clock9.xml
----------------- Instantiating /home/travis/build/icyphy/ptII/ptolemy/actor/lib/test/auto/Clock9.xml
7 ms. Memory: 564224K Free: 403366K (71%)
----------------- Invoking toplevel() on ptolemy.moml.MoMLSimpleApplication@57d89b95
----------------- Done invoking toplevel() on ptolemy.moml.MoMLSimpleApplication@57d89b95
reloadAllAccessors: .Clock9

===========================================================================================
----------------- testing Sun Oct 13 06:23:59 UTC 2019 /home/travis/build/icyphy/ptII/ptolemy/actor/lib/test/auto/CommDistDiscard.xml
----------------- Instantiating /home/travis/build/icyphy/ptII/ptolemy/actor/lib/test/auto/CommDistDiscard.xml
4 ms. Memory: 564224K Free: 397732K (70%)
----------------- Invoking toplevel() on ptolemy.moml.MoMLSimpleApplication@4f51b6ab
----------------- Done invoking toplevel() on ptolemy.moml.MoMLSimpleApplication@4f51b6ab
reloadAllAccessors: .CommDistDiscard

===========================================================================================
----------------- testing Sun Oct 13 06:23:59 UTC 2019 /home/travis/build/icyphy/ptII/ptolemy/actor/lib/test/auto/Commutator.xml
----------------- Instantiating /home/travis/build/icyphy/ptII/ptolemy/actor/lib/test/auto/Commutator.xml
2 ms. Memory: 564224K Free: 393636K (70%)
----------------- Invoking toplevel() on ptolemy.moml.MoMLSimpleApplication@7eb94223
----------------- Done invoking toplevel() on ptolemy.moml.MoMLSimpleApplication@7eb94223
reloadAllAccessors: .Commutator

===========================================================================================
----------------- testing Sun Oct 13 06:23:59 UTC 2019 /home/travis/build/icyphy/ptII/ptolemy/actor/lib/test/auto/Commutator2.xml
----------------- Instantiating /home/travis/build/icyphy/ptII/ptolemy/actor/lib/test/auto/Commutator2.xml
2 ms. Memory: 564224K Free: 389030K (69%)
----------------- Invoking toplevel() on ptolemy.moml.MoMLSimpleApplication@6881652
----------------- Done invoking toplevel() on ptolemy.moml.MoMLSimpleApplication@6881652
reloadAllAccessors: .Commutator2

===========================================================================================
----------------- testing Sun Oct 13 06:23:59 UTC 2019 /home/travis/build/icyphy/ptII/ptolemy/actor/lib/test/auto/Commutator3.xml
----------------- Instantiating /home/travis/build/icyphy/ptII/ptolemy/actor/lib/test/auto/Commutator3.xml
3 ms. Memory: 564224K Free: 384420K (68%)
----------------- Invoking toplevel() on ptolemy.moml.MoMLSimpleApplication@6e706b5f
----------------- Done invoking toplevel() on ptolemy.moml.MoMLSimpleApplication@6e706b5f
reloadAllAccessors: .Commutator3

===========================================================================================
----------------- testing Sun Oct 13 06:23:59 UTC 2019 /home/travis/build/icyphy/ptII/ptolemy/actor/lib/test/auto/Compare.xml
----------------- Instantiating /home/travis/build/icyphy/ptII/ptolemy/actor/lib/test/auto/Compare.xml
2 ms. Memory: 564224K Free: 378276K (67%)
----------------- Invoking toplevel() on ptolemy.moml.MoMLSimpleApplication@2fa1e8c
----------------- Done invoking toplevel() on ptolemy.moml.MoMLSimpleApplication@2fa1e8c
reloadAllAccessors: .Compare

===========================================================================================
----------------- testing Sun Oct 13 06:23:59 UTC 2019 /home/travis/build/icyphy/ptII/ptolemy/actor/lib/test/auto/CompareDE.xml
----------------- Instantiating /home/travis/build/icyphy/ptII/ptolemy/actor/lib/test/auto/CompareDE.xml
5 ms. Memory: 564224K Free: 371094K (66%)
----------------- Invoking toplevel() on ptolemy.moml.MoMLSimpleApplication@a9faa2c
----------------- Done invoking toplevel() on ptolemy.moml.MoMLSimpleApplication@a9faa2c
reloadAllAccessors: .CompareDE

===========================================================================================
----------------- testing Sun Oct 13 06:23:59 UTC 2019 /home/travis/build/icyphy/ptII/ptolemy/actor/lib/test/auto/ComplexDivide.xml
----------------- Instantiating /home/travis/build/icyphy/ptII/ptolemy/actor/lib/test/auto/ComplexDivide.xml
2 ms. Memory: 564224K Free: 367526K (65%)
----------------- Invoking toplevel() on ptolemy.moml.MoMLSimpleApplication@71171240
----------------- Done invoking toplevel() on ptolemy.moml.MoMLSimpleApplication@71171240
reloadAllAccessors: .ComplexDivide

===========================================================================================
----------------- testing Sun Oct 13 06:23:59 UTC 2019 /home/travis/build/icyphy/ptII/ptolemy/actor/lib/test/auto/ComputeHistogram.xml
----------------- Instantiating /home/travis/build/icyphy/ptII/ptolemy/actor/lib/test/auto/ComputeHistogram.xml
40 ms. Memory: 564224K Free: 354724K (63%)
----------------- Invoking toplevel() on ptolemy.moml.MoMLSimpleApplication@793f676a
----------------- Done invoking toplevel() on ptolemy.moml.MoMLSimpleApplication@793f676a
reloadAllAccessors: .ComputeHistogram

===========================================================================================
----------------- testing Sun Oct 13 06:23:59 UTC 2019 /home/travis/build/icyphy/ptII/ptolemy/actor/lib/test/auto/ConfigurationSelect.xml
----------------- Instantiating /home/travis/build/icyphy/ptII/ptolemy/actor/lib/test/auto/ConfigurationSelect.xml
10 ms. Memory: 564224K Free: 349094K (62%)
----------------- Invoking toplevel() on ptolemy.moml.MoMLSimpleApplication@151e6bd3
----------------- Done invoking toplevel() on ptolemy.moml.MoMLSimpleApplication@151e6bd3
reloadAllAccessors: .ConfigurationSelect

===========================================================================================
----------------- testing Sun Oct 13 06:23:59 UTC 2019 /home/travis/build/icyphy/ptII/ptolemy/actor/lib/test/auto/ConfigurationSelect2.xml
----------------- Instantiating /home/travis/build/icyphy/ptII/ptolemy/actor/lib/test/auto/ConfigurationSelect2.xml
2 ms. Memory: 564224K Free: 344998K (61%)
----------------- Invoking toplevel() on ptolemy.moml.MoMLSimpleApplication@4fbf036c
----------------- Done invoking toplevel() on ptolemy.moml.MoMLSimpleApplication@4fbf036c
reloadAllAccessors: .ConfigurationSelect2

===========================================================================================
----------------- testing Sun Oct 13 06:23:59 UTC 2019 /home/travis/build/icyphy/ptII/ptolemy/actor/lib/test/auto/ConfigurationSwitch.xml
----------------- Instantiating /home/travis/build/icyphy/ptII/ptolemy/actor/lib/test/auto/ConfigurationSwitch.xml
2 ms. Memory: 564224K Free: 339364K (60%)
----------------- Invoking toplevel() on ptolemy.moml.MoMLSimpleApplication@593785e9
----------------- Done invoking toplevel() on ptolemy.moml.MoMLSimpleApplication@593785e9
reloadAllAccessors: .ConfigurationSwitch

===========================================================================================
----------------- testing Sun Oct 13 06:23:59 UTC 2019 /home/travis/build/icyphy/ptII/ptolemy/actor/lib/test/auto/ConfigurationSwitch2.xml
----------------- Instantiating /home/travis/build/icyphy/ptII/ptolemy/actor/lib/test/auto/ConfigurationSwitch2.xml
4 ms. Memory: 564224K Free: 334244K (59%)
----------------- Invoking toplevel() on ptolemy.moml.MoMLSimpleApplication@69b3a992
----------------- Done invoking toplevel() on ptolemy.moml.MoMLSimpleApplication@69b3a992
reloadAllAccessors: .ConfigurationSwitch2

===========================================================================================
----------------- testing Sun Oct 13 06:23:59 UTC 2019 /home/travis/build/icyphy/ptII/ptolemy/actor/lib/test/auto/ConfigurationSwitchCloningBugWithClassRelationGroup.xml
----------------- Instantiating /home/travis/build/icyphy/ptII/ptolemy/actor/lib/test/auto/ConfigurationSwitchCloningBugWithClassRelationGroup.xml
1 ms. Memory: 564224K Free: 327590K (58%)
----------------- Invoking toplevel() on ptolemy.moml.MoMLSimpleApplication@46dbebf0
----------------- Done invoking toplevel() on ptolemy.moml.MoMLSimpleApplication@46dbebf0
reloadAllAccessors: .ConfigurationSwitchCloningBugWithClassRelationGroup

===========================================================================================
----------------- testing Sun Oct 13 06:23:59 UTC 2019 /home/travis/build/icyphy/ptII/ptolemy/actor/lib/test/auto/ConfigurationSwitchSelectSDF.xml
----------------- Instantiating /home/travis/build/icyphy/ptII/ptolemy/actor/lib/test/auto/ConfigurationSwitchSelectSDF.xml
2 ms. Memory: 564224K Free: 321956K (57%)
----------------- Invoking toplevel() on ptolemy.moml.MoMLSimpleApplication@1ffb0ffe
----------------- Done invoking toplevel() on ptolemy.moml.MoMLSimpleApplication@1ffb0ffe
reloadAllAccessors: .ConfigurationSwitchSelectSDF

===========================================================================================
----------------- testing Sun Oct 13 06:23:59 UTC 2019 /home/travis/build/icyphy/ptII/ptolemy/actor/lib/test/auto/ConfigurationSwitchSelectSDF2.xml
----------------- Instantiating /home/travis/build/icyphy/ptII/ptolemy/actor/lib/test/auto/ConfigurationSwitchSelectSDF2.xml
5 ms. Memory: 564224K Free: 316836K (56%)
----------------- Invoking toplevel() on ptolemy.moml.MoMLSimpleApplication@19c41a8c
----------------- Done invoking toplevel() on ptolemy.moml.MoMLSimpleApplication@19c41a8c
reloadAllAccessors: .ConfigurationSwitchSelectSDF2

===========================================================================================
----------------- testing Sun Oct 13 06:23:59 UTC 2019 /home/travis/build/icyphy/ptII/ptolemy/actor/lib/test/auto/Const.xml
----------------- Instantiating /home/travis/build/icyphy/ptII/ptolemy/actor/lib/test/auto/Const.xml
2 ms. Memory: 564224K Free: 313254K (56%)
----------------- Invoking toplevel() on ptolemy.moml.MoMLSimpleApplication@475d6edf
----------------- Done invoking toplevel() on ptolemy.moml.MoMLSimpleApplication@475d6edf
reloadAllAccessors: .Const

===========================================================================================
----------------- testing Sun Oct 13 06:23:59 UTC 2019 /home/travis/build/icyphy/ptII/ptolemy/actor/lib/test/auto/Const2.xml
----------------- Instantiating /home/travis/build/icyphy/ptII/ptolemy/actor/lib/test/auto/Const2.xml
1 ms. Memory: 564224K Free: 512983K (91%)
----------------- Invoking toplevel() on ptolemy.moml.MoMLSimpleApplication@bf6cf44
----------------- Done invoking toplevel() on ptolemy.moml.MoMLSimpleApplication@bf6cf44
reloadAllAccessors: .Const2

===========================================================================================
----------------- testing Sun Oct 13 06:23:59 UTC 2019 /home/travis/build/icyphy/ptII/ptolemy/actor/lib/test/auto/Const3.xml
----------------- Instantiating /home/travis/build/icyphy/ptII/ptolemy/actor/lib/test/auto/Const3.xml
1 ms. Memory: 564224K Free: 509862K (90%)
----------------- Invoking toplevel() on ptolemy.moml.MoMLSimpleApplication@377d1355
----------------- Done invoking toplevel() on ptolemy.moml.MoMLSimpleApplication@377d1355
reloadAllAccessors: .Const3

===========================================================================================
----------------- testing Sun Oct 13 06:23:59 UTC 2019 /home/travis/build/icyphy/ptII/ptolemy/actor/lib/test/auto/ConstantPublisherPort1.xml
----------------- Instantiating /home/travis/build/icyphy/ptII/ptolemy/actor/lib/test/auto/ConstantPublisherPort1.xml
5 ms. Memory: 564224K Free: 500646K (89%)
----------------- Invoking toplevel() on ptolemy.moml.MoMLSimpleApplication@11f4e080
----------------- Done invoking toplevel() on ptolemy.moml.MoMLSimpleApplication@11f4e080
reloadAllAccessors: .ConstantPublisherPort1

===========================================================================================
----------------- testing Sun Oct 13 06:23:59 UTC 2019 /home/travis/build/icyphy/ptII/ptolemy/actor/lib/test/auto/ConstantPublisherPort2.xml
----------------- Instantiating /home/travis/build/icyphy/ptII/ptolemy/actor/lib/test/auto/ConstantPublisherPort2.xml
9 ms. Memory: 564224K Free: 492964K (87%)
----------------- Invoking toplevel() on ptolemy.moml.MoMLSimpleApplication@7c1a55ae
----------------- Done invoking toplevel() on ptolemy.moml.MoMLSimpleApplication@7c1a55ae
reloadAllAccessors: .ConstantPublisherPort2

===========================================================================================
----------------- testing Sun Oct 13 06:23:59 UTC 2019 /home/travis/build/icyphy/ptII/ptolemy/actor/lib/test/auto/ConstantPublisherPort3.xml
----------------- Instantiating /home/travis/build/icyphy/ptII/ptolemy/actor/lib/test/auto/ConstantPublisherPort3.xml
5 ms. Memory: 564224K Free: 485286K (86%)
----------------- Invoking toplevel() on ptolemy.moml.MoMLSimpleApplication@2a9c93d5
----------------- Done invoking toplevel() on ptolemy.moml.MoMLSimpleApplication@2a9c93d5
reloadAllAccessors: .ConstantPublisherPort3

===========================================================================================
----------------- testing Sun Oct 13 06:23:59 UTC 2019 /home/travis/build/icyphy/ptII/ptolemy/actor/lib/test/auto/ConstantPublisherPort4.xml
----------------- Instantiating /home/travis/build/icyphy/ptII/ptolemy/actor/lib/test/auto/ConstantPublisherPort4.xml
3 ms. Memory: 564224K Free: 478118K (85%)
----------------- Invoking toplevel() on ptolemy.moml.MoMLSimpleApplication@71ea8058
----------------- Done invoking toplevel() on ptolemy.moml.MoMLSimpleApplication@71ea8058
reloadAllAccessors: .ConstantPublisherPort4

===========================================================================================
----------------- testing Sun Oct 13 06:23:59 UTC 2019 /home/travis/build/icyphy/ptII/ptolemy/actor/lib/test/auto/ConstantPublisherPort5.xml
----------------- Instantiating /home/travis/build/icyphy/ptII/ptolemy/actor/lib/test/auto/ConstantPublisherPort5.xml
27 ms. Memory: 564224K Free: 468902K (83%)
----------------- Invoking toplevel() on ptolemy.moml.MoMLSimpleApplication@1a9c3b52
----------------- Done invoking toplevel() on ptolemy.moml.MoMLSimpleApplication@1a9c3b52
reloadAllAccessors: .ConstantPublisherPort5

===========================================================================================
----------------- testing Sun Oct 13 06:23:59 UTC 2019 /home/travis/build/icyphy/ptII/ptolemy/actor/lib/test/auto/ConstantPublisherPort6.xml
----------------- Instantiating /home/travis/build/icyphy/ptII/ptolemy/actor/lib/test/auto/ConstantPublisherPort6.xml
13 ms. Memory: 564224K Free: 459686K (81%)
----------------- Invoking toplevel() on ptolemy.moml.MoMLSimpleApplication@501c04d1
----------------- Done invoking toplevel() on ptolemy.moml.MoMLSimpleApplication@501c04d1
reloadAllAccessors: .ConstantPublisherPort6

===========================================================================================
----------------- testing Sun Oct 13 06:23:59 UTC 2019 /home/travis/build/icyphy/ptII/ptolemy/actor/lib/test/auto/ConstantPublisherPort7.xml
----------------- Instantiating /home/travis/build/icyphy/ptII/ptolemy/actor/lib/test/auto/ConstantPublisherPort7.xml
17 ms. Memory: 564224K Free: 450470K (80%)
----------------- Invoking toplevel() on ptolemy.moml.MoMLSimpleApplication@3a523749
----------------- Done invoking toplevel() on ptolemy.moml.MoMLSimpleApplication@3a523749
reloadAllAccessors: .ConstantPublisherPort7

===========================================================================================
----------------- testing Sun Oct 13 06:23:59 UTC 2019 /home/travis/build/icyphy/ptII/ptolemy/actor/lib/test/auto/ConstraintMonitor1.xml
----------------- Instantiating /home/travis/build/icyphy/ptII/ptolemy/actor/lib/test/auto/ConstraintMonitor1.xml
2 ms. Memory: 564224K Free: 445860K (79%)
----------------- Invoking toplevel() on ptolemy.moml.MoMLSimpleApplication@20077dbd
----------------- Done invoking toplevel() on ptolemy.moml.MoMLSimpleApplication@20077dbd
reloadAllAccessors: .ConstraintMonitor1

===========================================================================================
----------------- testing Sun Oct 13 06:23:59 UTC 2019 /home/travis/build/icyphy/ptII/ptolemy/actor/lib/test/auto/ConstraintMonitor2.xml
----------------- Instantiating /home/travis/build/icyphy/ptII/ptolemy/actor/lib/test/auto/ConstraintMonitor2.xml
1 ms. Memory: 564224K Free: 441254K (78%)
----------------- Invoking toplevel() on ptolemy.moml.MoMLSimpleApplication@63de774b
----------------- Done invoking toplevel() on ptolemy.moml.MoMLSimpleApplication@63de774b
reloadAllAccessors: .ConstraintMonitor2

===========================================================================================
----------------- testing Sun Oct 13 06:23:59 UTC 2019 /home/travis/build/icyphy/ptII/ptolemy/actor/lib/test/auto/ConstraintMonitor3.xml
----------------- Instantiating /home/travis/build/icyphy/ptII/ptolemy/actor/lib/test/auto/ConstraintMonitor3.xml
4 ms. Memory: 564224K Free: 436644K (77%)
----------------- Invoking toplevel() on ptolemy.moml.MoMLSimpleApplication@77d48051
----------------- Done invoking toplevel() on ptolemy.moml.MoMLSimpleApplication@77d48051
reloadAllAccessors: .ConstraintMonitor3

===========================================================================================
----------------- testing Sun Oct 13 06:23:59 UTC 2019 /home/travis/build/icyphy/ptII/ptolemy/actor/lib/test/auto/ConstraintMonitor4.xml
----------------- Instantiating /home/travis/build/icyphy/ptII/ptolemy/actor/lib/test/auto/ConstraintMonitor4.xml
3 ms. Memory: 564224K Free: 432038K (77%)
----------------- Invoking toplevel() on ptolemy.moml.MoMLSimpleApplication@7efef949
----------------- Done invoking toplevel() on ptolemy.moml.MoMLSimpleApplication@7efef949
reloadAllAccessors: .ConstraintMonitor4

===========================================================================================
----------------- testing Sun Oct 13 06:23:59 UTC 2019 /home/travis/build/icyphy/ptII/ptolemy/actor/lib/test/auto/ConstraintMonitor5.xml
----------------- Instantiating /home/travis/build/icyphy/ptII/ptolemy/actor/lib/test/auto/ConstraintMonitor5.xml
4 ms. Memory: 564224K Free: 426404K (76%)
----------------- Invoking toplevel() on ptolemy.moml.MoMLSimpleApplication@76cafd18
----------------- Done invoking toplevel() on ptolemy.moml.MoMLSimpleApplication@76cafd18
reloadAllAccessors: .ConstraintMonitor5

===========================================================================================
----------------- testing Sun Oct 13 06:23:59 UTC 2019 /home/travis/build/icyphy/ptII/ptolemy/actor/lib/test/auto/ConstraintMonitor6.xml
----------------- Instantiating /home/travis/build/icyphy/ptII/ptolemy/actor/lib/test/auto/ConstraintMonitor6.xml
5 ms. Memory: 564224K Free: 420230K (74%)
----------------- Invoking toplevel() on ptolemy.moml.MoMLSimpleApplication@737abf89
----------------- Done invoking toplevel() on ptolemy.moml.MoMLSimpleApplication@737abf89
reloadAllAccessors: .ConstraintMonitor6

===========================================================================================
----------------- testing Sun Oct 13 06:24:00 UTC 2019 /home/travis/build/icyphy/ptII/ptolemy/actor/lib/test/auto/ConstraintMonitor7.xml
----------------- Instantiating /home/travis/build/icyphy/ptII/ptolemy/actor/lib/test/auto/ConstraintMonitor7.xml
11 ms. Memory: 564224K Free: 414102K (73%)
----------------- Invoking toplevel() on ptolemy.moml.MoMLSimpleApplication@42ac47f6
----------------- Done invoking toplevel() on ptolemy.moml.MoMLSimpleApplication@42ac47f6
reloadAllAccessors: .ConstraintMonitor7

===========================================================================================
----------------- testing Sun Oct 13 06:24:00 UTC 2019 /home/travis/build/icyphy/ptII/ptolemy/actor/lib/test/auto/ConstraintMonitor8.xml
----------------- Instantiating /home/travis/build/icyphy/ptII/ptolemy/actor/lib/test/auto/ConstraintMonitor8.xml
4 ms. Memory: 564224K Free: 406438K (72%)
----------------- Invoking toplevel() on ptolemy.moml.MoMLSimpleApplication@35a0ad42
----------------- Done invoking toplevel() on ptolemy.moml.MoMLSimpleApplication@35a0ad42
reloadAllAccessors: .ConstraintMonitor8

===========================================================================================
----------------- testing Sun Oct 13 06:24:00 UTC 2019 /home/travis/build/icyphy/ptII/ptolemy/actor/lib/test/auto/Counter.xml
----------------- Instantiating /home/travis/build/icyphy/ptII/ptolemy/actor/lib/test/auto/Counter.xml
2 ms. Memory: 564224K Free: 401318K (71%)
----------------- Invoking toplevel() on ptolemy.moml.MoMLSimpleApplication@1d54dba9
----------------- Done invoking toplevel() on ptolemy.moml.MoMLSimpleApplication@1d54dba9
reloadAllAccessors: .Counter

===========================================================================================
----------------- testing Sun Oct 13 06:24:00 UTC 2019 /home/travis/build/icyphy/ptII/ptolemy/actor/lib/test/auto/CurrentTimeSDF.xml
----------------- Instantiating /home/travis/build/icyphy/ptII/ptolemy/actor/lib/test/auto/CurrentTimeSDF.xml
2 ms. Memory: 564224K Free: 397732K (70%)
----------------- Invoking toplevel() on ptolemy.moml.MoMLSimpleApplication@5d794c02
----------------- Done invoking toplevel() on ptolemy.moml.MoMLSimpleApplication@5d794c02
reloadAllAccessors: .CurrentTimeSDF

===========================================================================================
----------------- testing Sun Oct 13 06:24:00 UTC 2019 /home/travis/build/icyphy/ptII/ptolemy/actor/lib/test/auto/DB.xml
----------------- Instantiating /home/travis/build/icyphy/ptII/ptolemy/actor/lib/test/auto/DB.xml
1 ms. Memory: 564224K Free: 392612K (70%)
----------------- Invoking toplevel() on ptolemy.moml.MoMLSimpleApplication@7aa8c09e
----------------- Done invoking toplevel() on ptolemy.moml.MoMLSimpleApplication@7aa8c09e
reloadAllAccessors: .DB

===========================================================================================
----------------- testing Sun Oct 13 06:24:00 UTC 2019 /home/travis/build/icyphy/ptII/ptolemy/actor/lib/test/auto/DBDE.xml
----------------- Instantiating /home/travis/build/icyphy/ptII/ptolemy/actor/lib/test/auto/DBDE.xml
2 ms. Memory: 564224K Free: 386438K (68%)
----------------- Invoking toplevel() on ptolemy.moml.MoMLSimpleApplication@64a65a6e
----------------- Done invoking toplevel() on ptolemy.moml.MoMLSimpleApplication@64a65a6e
reloadAllAccessors: .DBDE

===========================================================================================
----------------- testing Sun Oct 13 06:24:00 UTC 2019 /home/travis/build/icyphy/ptII/ptolemy/actor/lib/test/auto/DateConstructor.xml
----------------- Instantiating /home/travis/build/icyphy/ptII/ptolemy/actor/lib/test/auto/DateConstructor.xml
23 ms. Memory: 564224K Free: 369060K (65%)
----------------- Invoking toplevel() on ptolemy.moml.MoMLSimpleApplication@2b86525a
----------------- Done invoking toplevel() on ptolemy.moml.MoMLSimpleApplication@2b86525a
reloadAllAccessors: .DateConstructor

===========================================================================================
----------------- testing Sun Oct 13 06:24:00 UTC 2019 /home/travis/build/icyphy/ptII/ptolemy/actor/lib/test/auto/DelayTime.xml
----------------- Instantiating /home/travis/build/icyphy/ptII/ptolemy/actor/lib/test/auto/DelayTime.xml
7 ms. Memory: 564224K Free: 364454K (65%)
----------------- Invoking toplevel() on ptolemy.moml.MoMLSimpleApplication@21b55c88
----------------- Done invoking toplevel() on ptolemy.moml.MoMLSimpleApplication@21b55c88
reloadAllAccessors: .DelayTime

===========================================================================================
----------------- testing Sun Oct 13 06:24:00 UTC 2019 /home/travis/build/icyphy/ptII/ptolemy/actor/lib/test/auto/Dictionary1.xml
----------------- Instantiating /home/travis/build/icyphy/ptII/ptolemy/actor/lib/test/auto/Dictionary1.xml
1 ms. Memory: 564224K Free: 358820K (64%)
----------------- Invoking toplevel() on ptolemy.moml.MoMLSimpleApplication@2c9a4176
----------------- Done invoking toplevel() on ptolemy.moml.MoMLSimpleApplication@2c9a4176
reloadAllAccessors: .Dictionary1

===========================================================================================
----------------- testing Sun Oct 13 06:24:00 UTC 2019 /home/travis/build/icyphy/ptII/ptolemy/actor/lib/test/auto/Dictionary2.xml
----------------- Instantiating /home/travis/build/icyphy/ptII/ptolemy/actor/lib/test/auto/Dictionary2.xml
5 ms. Memory: 564224K Free: 353190K (63%)
----------------- Invoking toplevel() on ptolemy.moml.MoMLSimpleApplication@21522324
----------------- Done invoking toplevel() on ptolemy.moml.MoMLSimpleApplication@21522324
reloadAllAccessors: .Dictionary2

===========================================================================================
----------------- testing Sun Oct 13 06:24:00 UTC 2019 /home/travis/build/icyphy/ptII/ptolemy/actor/lib/test/auto/Dictionary3.xml
----------------- Instantiating /home/travis/build/icyphy/ptII/ptolemy/actor/lib/test/auto/Dictionary3.xml
1 ms. Memory: 564224K Free: 348070K (62%)
----------------- Invoking toplevel() on ptolemy.moml.MoMLSimpleApplication@322ae370
----------------- Done invoking toplevel() on ptolemy.moml.MoMLSimpleApplication@322ae370
reloadAllAccessors: .Dictionary3

===========================================================================================
----------------- testing Sun Oct 13 06:24:00 UTC 2019 /home/travis/build/icyphy/ptII/ptolemy/actor/lib/test/auto/Dictionary4.xml
----------------- Instantiating /home/travis/build/icyphy/ptII/ptolemy/actor/lib/test/auto/Dictionary4.xml
4 ms. Memory: 564224K Free: 340902K (60%)
----------------- Invoking toplevel() on ptolemy.moml.MoMLSimpleApplication@1b0a8924
----------------- Done invoking toplevel() on ptolemy.moml.MoMLSimpleApplication@1b0a8924
reloadAllAccessors: .Dictionary4

===========================================================================================
----------------- testing Sun Oct 13 06:24:00 UTC 2019 /home/travis/build/icyphy/ptII/ptolemy/actor/lib/test/auto/Differential.xml
----------------- Instantiating /home/travis/build/icyphy/ptII/ptolemy/actor/lib/test/auto/Differential.xml
2 ms. Memory: 564224K Free: 336292K (60%)
----------------- Invoking toplevel() on ptolemy.moml.MoMLSimpleApplication@39a0719a
----------------- Done invoking toplevel() on ptolemy.moml.MoMLSimpleApplication@39a0719a
reloadAllAccessors: .Differential

===========================================================================================
----------------- testing Sun Oct 13 06:24:00 UTC 2019 /home/travis/build/icyphy/ptII/ptolemy/actor/lib/test/auto/Director.xml
----------------- Instantiating /home/travis/build/icyphy/ptII/ptolemy/actor/lib/test/auto/Director.xml
3 ms. Memory: 564224K Free: 332196K (59%)
----------------- Invoking toplevel() on ptolemy.moml.MoMLSimpleApplication@48487dae
----------------- Done invoking toplevel() on ptolemy.moml.MoMLSimpleApplication@48487dae
reloadAllAccessors: .Director

===========================================================================================
----------------- testing Sun Oct 13 06:24:00 UTC 2019 /home/travis/build/icyphy/ptII/ptolemy/actor/lib/test/auto/DiscreteClock.xml
----------------- Instantiating /home/travis/build/icyphy/ptII/ptolemy/actor/lib/test/auto/DiscreteClock.xml
1 ms. Memory: 564224K Free: 328614K (58%)
----------------- Invoking toplevel() on ptolemy.moml.MoMLSimpleApplication@7ce0d250
----------------- Done invoking toplevel() on ptolemy.moml.MoMLSimpleApplication@7ce0d250
reloadAllAccessors: .DiscreteClock

===========================================================================================
----------------- testing Sun Oct 13 06:24:00 UTC 2019 /home/travis/build/icyphy/ptII/ptolemy/actor/lib/test/auto/DiscreteClock10.xml
----------------- Instantiating /home/travis/build/icyphy/ptII/ptolemy/actor/lib/test/auto/DiscreteClock10.xml
3 ms. Memory: 564224K Free: 322470K (57%)
----------------- Invoking toplevel() on ptolemy.moml.MoMLSimpleApplication@7fd0a5c1
----------------- Done invoking toplevel() on ptolemy.moml.MoMLSimpleApplication@7fd0a5c1
reloadAllAccessors: .DiscreteClock10

===========================================================================================
----------------- testing Sun Oct 13 06:24:00 UTC 2019 /home/travis/build/icyphy/ptII/ptolemy/actor/lib/test/auto/DiscreteClock11.xml
----------------- Instantiating /home/travis/build/icyphy/ptII/ptolemy/actor/lib/test/auto/DiscreteClock11.xml
2 ms. Memory: 564224K Free: 316326K (56%)
----------------- Invoking toplevel() on ptolemy.moml.MoMLSimpleApplication@755a4a89
----------------- Done invoking toplevel() on ptolemy.moml.MoMLSimpleApplication@755a4a89
reloadAllAccessors: .DiscreteClock11

===========================================================================================
----------------- testing Sun Oct 13 06:24:00 UTC 2019 /home/travis/build/icyphy/ptII/ptolemy/actor/lib/test/auto/DiscreteClock12.xml
----------------- Instantiating /home/travis/build/icyphy/ptII/ptolemy/actor/lib/test/auto/DiscreteClock12.xml
3 ms. Memory: 564224K Free: 310692K (55%)
----------------- Invoking toplevel() on ptolemy.moml.MoMLSimpleApplication@77ad0f9e
----------------- Done invoking toplevel() on ptolemy.moml.MoMLSimpleApplication@77ad0f9e
reloadAllAccessors: .DiscreteClock12

===========================================================================================
----------------- testing Sun Oct 13 06:24:00 UTC 2019 /home/travis/build/icyphy/ptII/ptolemy/actor/lib/test/auto/DiscreteClock13.xml
----------------- Instantiating /home/travis/build/icyphy/ptII/ptolemy/actor/lib/test/auto/DiscreteClock13.xml
3 ms. Memory: 564224K Free: 304518K (54%)
----------------- Invoking toplevel() on ptolemy.moml.MoMLSimpleApplication@763bb399
----------------- Done invoking toplevel() on ptolemy.moml.MoMLSimpleApplication@763bb399
reloadAllAccessors: .DiscreteClock13

===========================================================================================
----------------- testing Sun Oct 13 06:24:00 UTC 2019 /home/travis/build/icyphy/ptII/ptolemy/actor/lib/test/auto/DiscreteClock14.xml
----------------- Instantiating /home/travis/build/icyphy/ptII/ptolemy/actor/lib/test/auto/DiscreteClock14.xml
5 ms. Memory: 564224K Free: 298398K (53%)
----------------- Invoking toplevel() on ptolemy.moml.MoMLSimpleApplication@2d4709d9
----------------- Done invoking toplevel() on ptolemy.moml.MoMLSimpleApplication@2d4709d9
reloadAllAccessors: .DiscreteClock14

===========================================================================================
----------------- testing Sun Oct 13 06:24:00 UTC 2019 /home/travis/build/icyphy/ptII/ptolemy/actor/lib/test/auto/DiscreteClock15.xml
----------------- Instantiating /home/travis/build/icyphy/ptII/ptolemy/actor/lib/test/auto/DiscreteClock15.xml
3 ms. Memory: 564224K Free: 292230K (52%)
----------------- Invoking toplevel() on ptolemy.moml.MoMLSimpleApplication@705a8be0
----------------- Done invoking toplevel() on ptolemy.moml.MoMLSimpleApplication@705a8be0
reloadAllAccessors: .DiscreteClock15

===========================================================================================
----------------- testing Sun Oct 13 06:24:00 UTC 2019 /home/travis/build/icyphy/ptII/ptolemy/actor/lib/test/auto/DiscreteClock16.xml
----------------- Instantiating /home/travis/build/icyphy/ptII/ptolemy/actor/lib/test/auto/DiscreteClock16.xml
12 ms. Memory: 564224K Free: 278438K (49%)
----------------- Invoking toplevel() on ptolemy.moml.MoMLSimpleApplication@1dd73fdd
----------------- Done invoking toplevel() on ptolemy.moml.MoMLSimpleApplication@1dd73fdd
reloadAllAccessors: .DiscreteClock16

===========================================================================================
----------------- testing Sun Oct 13 06:24:00 UTC 2019 /home/travis/build/icyphy/ptII/ptolemy/actor/lib/test/auto/DiscreteClock17.xml
----------------- Instantiating /home/travis/build/icyphy/ptII/ptolemy/actor/lib/test/auto/DiscreteClock17.xml
14 ms. Memory: 564224K Free: 264102K (47%)
----------------- Invoking toplevel() on ptolemy.moml.MoMLSimpleApplication@bb3d261
----------------- Done invoking toplevel() on ptolemy.moml.MoMLSimpleApplication@bb3d261
reloadAllAccessors: .DiscreteClock17

===========================================================================================
----------------- testing Sun Oct 13 06:24:00 UTC 2019 /home/travis/build/icyphy/ptII/ptolemy/actor/lib/test/auto/DiscreteClock18.xml
----------------- Instantiating /home/travis/build/icyphy/ptII/ptolemy/actor/lib/test/auto/DiscreteClock18.xml
13 ms. Memory: 564224K Free: 250276K (44%)
----------------- Invoking toplevel() on ptolemy.moml.MoMLSimpleApplication@58e40eec
----------------- Done invoking toplevel() on ptolemy.moml.MoMLSimpleApplication@58e40eec
reloadAllAccessors: .DiscreteClock18

===========================================================================================
----------------- testing Sun Oct 13 06:24:00 UTC 2019 /home/travis/build/icyphy/ptII/ptolemy/actor/lib/test/auto/DiscreteClock19.xml
----------------- Instantiating /home/travis/build/icyphy/ptII/ptolemy/actor/lib/test/auto/DiscreteClock19.xml
19 ms. Memory: 564224K Free: 236454K (42%)
----------------- Invoking toplevel() on ptolemy.moml.MoMLSimpleApplication@36c29a21
----------------- Done invoking toplevel() on ptolemy.moml.MoMLSimpleApplication@36c29a21
reloadAllAccessors: .DiscreteClock19

===========================================================================================
----------------- testing Sun Oct 13 06:24:00 UTC 2019 /home/travis/build/icyphy/ptII/ptolemy/actor/lib/test/auto/DiscreteClock2.xml
----------------- Instantiating /home/travis/build/icyphy/ptII/ptolemy/actor/lib/test/auto/DiscreteClock2.xml
5 ms. Memory: 564224K Free: 231334K (41%)
----------------- Invoking toplevel() on ptolemy.moml.MoMLSimpleApplication@4e6828e5
----------------- Done invoking toplevel() on ptolemy.moml.MoMLSimpleApplication@4e6828e5
reloadAllAccessors: .DiscreteClock2

===========================================================================================
----------------- testing Sun Oct 13 06:24:00 UTC 2019 /home/travis/build/icyphy/ptII/ptolemy/actor/lib/test/auto/DiscreteClock20.xml
----------------- Instantiating /home/travis/build/icyphy/ptII/ptolemy/actor/lib/test/auto/DiscreteClock20.xml
3 ms. Memory: 564224K Free: 226214K (40%)
----------------- Invoking toplevel() on ptolemy.moml.MoMLSimpleApplication@541671a5
----------------- Done invoking toplevel() on ptolemy.moml.MoMLSimpleApplication@541671a5
reloadAllAccessors: .DiscreteClock20

===========================================================================================
----------------- testing Sun Oct 13 06:24:00 UTC 2019 /home/travis/build/icyphy/ptII/ptolemy/actor/lib/test/auto/DiscreteClock21.xml
----------------- Instantiating /home/travis/build/icyphy/ptII/ptolemy/actor/lib/test/auto/DiscreteClock21.xml
4 ms. Memory: 564224K Free: 220580K (39%)
----------------- Invoking toplevel() on ptolemy.moml.MoMLSimpleApplication@393a50ea
----------------- Done invoking toplevel() on ptolemy.moml.MoMLSimpleApplication@393a50ea
reloadAllAccessors: .DiscreteClock21

===========================================================================================
----------------- testing Sun Oct 13 06:24:00 UTC 2019 /home/travis/build/icyphy/ptII/ptolemy/actor/lib/test/auto/DiscreteClock22.xml
----------------- Instantiating /home/travis/build/icyphy/ptII/ptolemy/actor/lib/test/auto/DiscreteClock22.xml
5 ms. Memory: 564224K Free: 214950K (38%)
----------------- Invoking toplevel() on ptolemy.moml.MoMLSimpleApplication@7e9c6770
----------------- Done invoking toplevel() on ptolemy.moml.MoMLSimpleApplication@7e9c6770
reloadAllAccessors: .DiscreteClock22

===========================================================================================
----------------- testing Sun Oct 13 06:24:00 UTC 2019 /home/travis/build/icyphy/ptII/ptolemy/actor/lib/test/auto/DiscreteClock23.xml
----------------- Instantiating /home/travis/build/icyphy/ptII/ptolemy/actor/lib/test/auto/DiscreteClock23.xml
2 ms. Memory: 564224K Free: 209830K (37%)
----------------- Invoking toplevel() on ptolemy.moml.MoMLSimpleApplication@319efdb7
----------------- Done invoking toplevel() on ptolemy.moml.MoMLSimpleApplication@319efdb7
reloadAllAccessors: .DiscreteClock23

===========================================================================================
----------------- testing Sun Oct 13 06:24:00 UTC 2019 /home/travis/build/icyphy/ptII/ptolemy/actor/lib/test/auto/DiscreteClock24.xml
----------------- Instantiating /home/travis/build/icyphy/ptII/ptolemy/actor/lib/test/auto/DiscreteClock24.xml
6 ms. Memory: 564224K Free: 204196K (36%)
----------------- Invoking toplevel() on ptolemy.moml.MoMLSimpleApplication@1f0cc784
----------------- Done invoking toplevel() on ptolemy.moml.MoMLSimpleApplication@1f0cc784
reloadAllAccessors: .DiscreteClock24

===========================================================================================
----------------- testing Sun Oct 13 06:24:00 UTC 2019 /home/travis/build/icyphy/ptII/ptolemy/actor/lib/test/auto/DiscreteClock4.xml
----------------- Instantiating /home/travis/build/icyphy/ptII/ptolemy/actor/lib/test/auto/DiscreteClock4.xml
4 ms. Memory: 564224K Free: 198566K (35%)
----------------- Invoking toplevel() on ptolemy.moml.MoMLSimpleApplication@223df6ef
----------------- Done invoking toplevel() on ptolemy.moml.MoMLSimpleApplication@223df6ef
reloadAllAccessors: .DiscreteClock4

===========================================================================================
----------------- testing Sun Oct 13 06:24:00 UTC 2019 /home/travis/build/icyphy/ptII/ptolemy/actor/lib/test/auto/DiscreteClock5.xml
----------------- Instantiating /home/travis/build/icyphy/ptII/ptolemy/actor/lib/test/auto/DiscreteClock5.xml
7 ms. Memory: 564224K Free: 192918K (34%)
----------------- Invoking toplevel() on ptolemy.moml.MoMLSimpleApplication@2732ee48
----------------- Done invoking toplevel() on ptolemy.moml.MoMLSimpleApplication@2732ee48
reloadAllAccessors: .DiscreteClock5

===========================================================================================
----------------- testing Sun Oct 13 06:24:00 UTC 2019 /home/travis/build/icyphy/ptII/ptolemy/actor/lib/test/auto/DiscreteClock6.xml
----------------- Instantiating /home/travis/build/icyphy/ptII/ptolemy/actor/lib/test/auto/DiscreteClock6.xml
1 ms. Memory: 564224K Free: 189350K (34%)
----------------- Invoking toplevel() on ptolemy.moml.MoMLSimpleApplication@51f52efc
----------------- Done invoking toplevel() on ptolemy.moml.MoMLSimpleApplication@51f52efc
reloadAllAccessors: .DiscreteClock6

===========================================================================================
----------------- testing Sun Oct 13 06:24:00 UTC 2019 /home/travis/build/icyphy/ptII/ptolemy/actor/lib/test/auto/DiscreteClock7.xml
----------------- Instantiating /home/travis/build/icyphy/ptII/ptolemy/actor/lib/test/auto/DiscreteClock7.xml
2 ms. Memory: 564224K Free: 184740K (33%)
----------------- Invoking toplevel() on ptolemy.moml.MoMLSimpleApplication@32f4d53f
----------------- Done invoking toplevel() on ptolemy.moml.MoMLSimpleApplication@32f4d53f
reloadAllAccessors: .DiscreteClock7

===========================================================================================
----------------- testing Sun Oct 13 06:24:00 UTC 2019 /home/travis/build/icyphy/ptII/ptolemy/actor/lib/test/auto/DiscreteClock8.xml
----------------- Instantiating /home/travis/build/icyphy/ptII/ptolemy/actor/lib/test/auto/DiscreteClock8.xml
4 ms. Memory: 564224K Free: 508326K (90%)
----------------- Invoking toplevel() on ptolemy.moml.MoMLSimpleApplication@441774d4
----------------- Done invoking toplevel() on ptolemy.moml.MoMLSimpleApplication@441774d4
reloadAllAccessors: .DiscreteClock8

===========================================================================================
----------------- testing Sun Oct 13 06:24:00 UTC 2019 /home/travis/build/icyphy/ptII/ptolemy/actor/lib/test/auto/DiscreteClock9.xml
----------------- Instantiating /home/travis/build/icyphy/ptII/ptolemy/actor/lib/test/auto/DiscreteClock9.xml
6 ms. Memory: 564224K Free: 502182K (89%)
----------------- Invoking toplevel() on ptolemy.moml.MoMLSimpleApplication@32a6137b
----------------- Done invoking toplevel() on ptolemy.moml.MoMLSimpleApplication@32a6137b
reloadAllAccessors: .DiscreteClock9

===========================================================================================
----------------- testing Sun Oct 13 06:24:00 UTC 2019 /home/travis/build/icyphy/ptII/ptolemy/actor/lib/test/auto/DisplayArray.xml
----------------- Instantiating /home/travis/build/icyphy/ptII/ptolemy/actor/lib/test/auto/DisplayArray.xml
2 ms. Memory: 564224K Free: 499110K (88%)
----------------- Invoking toplevel() on ptolemy.moml.MoMLSimpleApplication@3f84842b
----------------- Done invoking toplevel() on ptolemy.moml.MoMLSimpleApplication@3f84842b
reloadAllAccessors: .DisplayArray

===========================================================================================
----------------- testing Sun Oct 13 06:24:01 UTC 2019 /home/travis/build/icyphy/ptII/ptolemy/actor/lib/test/auto/Distributor.xml
----------------- Instantiating /home/travis/build/icyphy/ptII/ptolemy/actor/lib/test/auto/Distributor.xml
1 ms. Memory: 564224K Free: 493990K (88%)
----------------- Invoking toplevel() on ptolemy.moml.MoMLSimpleApplication@722d9ff6
----------------- Done invoking toplevel() on ptolemy.moml.MoMLSimpleApplication@722d9ff6
reloadAllAccessors: .Distributor

===========================================================================================
----------------- testing Sun Oct 13 06:24:01 UTC 2019 /home/travis/build/icyphy/ptII/ptolemy/actor/lib/test/auto/Distributor2.xml
----------------- Instantiating /home/travis/build/icyphy/ptII/ptolemy/actor/lib/test/auto/Distributor2.xml
1 ms. Memory: 564224K Free: 488870K (87%)
----------------- Invoking toplevel() on ptolemy.moml.MoMLSimpleApplication@4208006d
----------------- Done invoking toplevel() on ptolemy.moml.MoMLSimpleApplication@4208006d
reloadAllAccessors: .Distributor2

===========================================================================================
----------------- testing Sun Oct 13 06:24:01 UTC 2019 /home/travis/build/icyphy/ptII/ptolemy/actor/lib/test/auto/DownSample.xml
----------------- Instantiating /home/travis/build/icyphy/ptII/ptolemy/actor/lib/test/auto/DownSample.xml
1 ms. Memory: 564224K Free: 484260K (86%)
----------------- Invoking toplevel() on ptolemy.moml.MoMLSimpleApplication@473d71c8
----------------- Done invoking toplevel() on ptolemy.moml.MoMLSimpleApplication@473d71c8
reloadAllAccessors: .DownSample

===========================================================================================
----------------- testing Sun Oct 13 06:24:01 UTC 2019 /home/travis/build/icyphy/ptII/ptolemy/actor/lib/test/auto/ElectronicUnitBase1.xml
----------------- Instantiating /home/travis/build/icyphy/ptII/ptolemy/actor/lib/test/auto/ElectronicUnitBase1.xml
15 ms. Memory: 564224K Free: 468390K (83%)
----------------- Invoking toplevel() on ptolemy.moml.MoMLSimpleApplication@10f650f3
----------------- Done invoking toplevel() on ptolemy.moml.MoMLSimpleApplication@10f650f3
reloadAllAccessors: .ElectronicUnitBase1

===========================================================================================
----------------- testing Sun Oct 13 06:24:01 UTC 2019 /home/travis/build/icyphy/ptII/ptolemy/actor/lib/test/auto/ElementsToArray.xml
----------------- Instantiating /home/travis/build/icyphy/ptII/ptolemy/actor/lib/test/auto/ElementsToArray.xml
2 ms. Memory: 564224K Free: 463270K (82%)
----------------- Invoking toplevel() on ptolemy.moml.MoMLSimpleApplication@55a76a0c
----------------- Done invoking toplevel() on ptolemy.moml.MoMLSimpleApplication@55a76a0c
reloadAllAccessors: .ElementsToArray

===========================================================================================
----------------- testing Sun Oct 13 06:24:01 UTC 2019 /home/travis/build/icyphy/ptII/ptolemy/actor/lib/test/auto/Equals.xml
----------------- Instantiating /home/travis/build/icyphy/ptII/ptolemy/actor/lib/test/auto/Equals.xml
1 ms. Memory: 564224K Free: 458660K (81%)
----------------- Invoking toplevel() on ptolemy.moml.MoMLSimpleApplication@3829845b
----------------- Done invoking toplevel() on ptolemy.moml.MoMLSimpleApplication@3829845b
reloadAllAccessors: .Equals

===========================================================================================
----------------- testing Sun Oct 13 06:24:01 UTC 2019 /home/travis/build/icyphy/ptII/ptolemy/actor/lib/test/auto/Exec.xml
----------------- Instantiating /home/travis/build/icyphy/ptII/ptolemy/actor/lib/test/auto/Exec.xml
20 ms. Memory: 564224K Free: 452502K (80%)
----------------- Invoking toplevel() on ptolemy.moml.MoMLSimpleApplication@5471ab57
----------------- Done invoking toplevel() on ptolemy.moml.MoMLSimpleApplication@5471ab57
reloadAllAccessors: .Exec

===========================================================================================
----------------- testing Sun Oct 13 06:24:01 UTC 2019 /home/travis/build/icyphy/ptII/ptolemy/actor/lib/test/auto/ExecEnvironment.xml
----------------- Instantiating /home/travis/build/icyphy/ptII/ptolemy/actor/lib/test/auto/ExecEnvironment.xml
32 ms. Memory: 564224K Free: 446372K (79%)
----------------- Invoking toplevel() on ptolemy.moml.MoMLSimpleApplication@47f8bfd5
----------------- Done invoking toplevel() on ptolemy.moml.MoMLSimpleApplication@47f8bfd5
reloadAllAccessors: .ExecEnvironment

===========================================================================================
----------------- testing Sun Oct 13 06:24:01 UTC 2019 /home/travis/build/icyphy/ptII/ptolemy/actor/lib/test/auto/ExecNonZeroReturnOutput.xml
----------------- Instantiating /home/travis/build/icyphy/ptII/ptolemy/actor/lib/test/auto/ExecNonZeroReturnOutput.xml
200 ms. Memory: 564224K Free: 435108K (77%)
----------------- Invoking toplevel() on ptolemy.moml.MoMLSimpleApplication@7358060a
----------------- Done invoking toplevel() on ptolemy.moml.MoMLSimpleApplication@7358060a
reloadAllAccessors: .ExecNonZeroReturnOutput

===========================================================================================
----------------- testing Sun Oct 13 06:24:01 UTC 2019 /home/travis/build/icyphy/ptII/ptolemy/actor/lib/test/auto/ExecRunDemos.xml
----------------- Instantiating /home/travis/build/icyphy/ptII/ptolemy/actor/lib/test/auto/ExecRunDemos.xml
Finished: 100 ms. Memory: 120832K Free: 104564K (87%)

Finished: 95 ms. Memory: 120832K Free: 110838K (92%)

Finished: 79 ms. Memory: 120832K Free: 109941K (91%)

Finished: 91 ms. Memory: 120832K Free: 103196K (85%)

Finished: 83 ms. Memory: 120832K Free: 103978K (86%)

11306 ms. Memory: 564224K Free: 415140K (74%)
----------------- Invoking toplevel() on ptolemy.moml.MoMLSimpleApplication@1271997c
----------------- Done invoking toplevel() on ptolemy.moml.MoMLSimpleApplication@1271997c
reloadAllAccessors: .ExecRunDemos

===========================================================================================
----------------- testing Sun Oct 13 06:24:12 UTC 2019 /home/travis/build/icyphy/ptII/ptolemy/actor/lib/test/auto/ExecStop.xml
----------------- Instantiating /home/travis/build/icyphy/ptII/ptolemy/actor/lib/test/auto/ExecStop.xml
5024 ms. Memory: 564224K Free: 298406K (53%)
----------------- Invoking toplevel() on ptolemy.moml.MoMLSimpleApplication@78e79b14
----------------- Done invoking toplevel() on ptolemy.moml.MoMLSimpleApplication@78e79b14
reloadAllAccessors: .ExecStop

===========================================================================================
----------------- testing Sun Oct 13 06:24:17 UTC 2019 /home/travis/build/icyphy/ptII/ptolemy/actor/lib/test/auto/ExecutionTimeSDF.xml
----------------- Instantiating /home/travis/build/icyphy/ptII/ptolemy/actor/lib/test/auto/ExecutionTimeSDF.xml
Fired ExecutionTime: -1924167296
Fired ExecutionTime: 1069200000
Fired ExecutionTime: -1034967296
6008 ms. Memory: 564224K Free: 286118K (51%)
----------------- Invoking toplevel() on ptolemy.moml.MoMLSimpleApplication@7dd3ecd4
----------------- Done invoking toplevel() on ptolemy.moml.MoMLSimpleApplication@7dd3ecd4
reloadAllAccessors: .ExecutionTimeSDF

===========================================================================================
----------------- testing Sun Oct 13 06:24:23 UTC 2019 /home/travis/build/icyphy/ptII/ptolemy/actor/lib/test/auto/Expression1.xml
----------------- Instantiating /home/travis/build/icyphy/ptII/ptolemy/actor/lib/test/auto/Expression1.xml
1 ms. Memory: 564224K Free: 282532K (50%)
----------------- Invoking toplevel() on ptolemy.moml.MoMLSimpleApplication@44ef94c6
----------------- Done invoking toplevel() on ptolemy.moml.MoMLSimpleApplication@44ef94c6
reloadAllAccessors: .Expression1

===========================================================================================
----------------- testing Sun Oct 13 06:24:23 UTC 2019 /home/travis/build/icyphy/ptII/ptolemy/actor/lib/test/auto/Expression10.xml
----------------- Instantiating /home/travis/build/icyphy/ptII/ptolemy/actor/lib/test/auto/Expression10.xml
5 ms. Memory: 564224K Free: 277412K (49%)
----------------- Invoking toplevel() on ptolemy.moml.MoMLSimpleApplication@48d6c4fb
----------------- Done invoking toplevel() on ptolemy.moml.MoMLSimpleApplication@48d6c4fb
reloadAllAccessors: .Expression10

===========================================================================================
----------------- testing Sun Oct 13 06:24:23 UTC 2019 /home/travis/build/icyphy/ptII/ptolemy/actor/lib/test/auto/Expression11.xml
----------------- Instantiating /home/travis/build/icyphy/ptII/ptolemy/actor/lib/test/auto/Expression11.xml
2 ms. Memory: 564224K Free: 272292K (48%)
----------------- Invoking toplevel() on ptolemy.moml.MoMLSimpleApplication@46e0bad6
----------------- Done invoking toplevel() on ptolemy.moml.MoMLSimpleApplication@46e0bad6
reloadAllAccessors: .Expression11

===========================================================================================
----------------- testing Sun Oct 13 06:24:23 UTC 2019 /home/travis/build/icyphy/ptII/ptolemy/actor/lib/test/auto/Expression12.xml
----------------- Instantiating /home/travis/build/icyphy/ptII/ptolemy/actor/lib/test/auto/Expression12.xml
2 ms. Memory: 564224K Free: 266662K (47%)
----------------- Invoking toplevel() on ptolemy.moml.MoMLSimpleApplication@7555092e
----------------- Done invoking toplevel() on ptolemy.moml.MoMLSimpleApplication@7555092e
reloadAllAccessors: .Expression12

===========================================================================================
----------------- testing Sun Oct 13 06:24:23 UTC 2019 /home/travis/build/icyphy/ptII/ptolemy/actor/lib/test/auto/Expression13.xml
----------------- Instantiating /home/travis/build/icyphy/ptII/ptolemy/actor/lib/test/auto/Expression13.xml
3 ms. Memory: 564224K Free: 261542K (46%)
----------------- Invoking toplevel() on ptolemy.moml.MoMLSimpleApplication@f43f9d5
----------------- Done invoking toplevel() on ptolemy.moml.MoMLSimpleApplication@f43f9d5
reloadAllAccessors: .Expression13

===========================================================================================
----------------- testing Sun Oct 13 06:24:24 UTC 2019 /home/travis/build/icyphy/ptII/ptolemy/actor/lib/test/auto/Expression14.xml
----------------- Instantiating /home/travis/build/icyphy/ptII/ptolemy/actor/lib/test/auto/Expression14.xml
4 ms. Memory: 564224K Free: 255398K (45%)
----------------- Invoking toplevel() on ptolemy.moml.MoMLSimpleApplication@c86fe2a
----------------- Done invoking toplevel() on ptolemy.moml.MoMLSimpleApplication@c86fe2a
reloadAllAccessors: .Expression14

===========================================================================================
----------------- testing Sun Oct 13 06:24:24 UTC 2019 /home/travis/build/icyphy/ptII/ptolemy/actor/lib/test/auto/Expression15.xml
----------------- Instantiating /home/travis/build/icyphy/ptII/ptolemy/actor/lib/test/auto/Expression15.xml
1 ms. Memory: 564224K Free: 252326K (45%)
----------------- Invoking toplevel() on ptolemy.moml.MoMLSimpleApplication@15980647
----------------- Done invoking toplevel() on ptolemy.moml.MoMLSimpleApplication@15980647
reloadAllAccessors: .Expression15

===========================================================================================
----------------- testing Sun Oct 13 06:24:24 UTC 2019 /home/travis/build/icyphy/ptII/ptolemy/actor/lib/test/auto/Expression16.xml
----------------- Instantiating /home/travis/build/icyphy/ptII/ptolemy/actor/lib/test/auto/Expression16.xml
3 ms. Memory: 564224K Free: 247206K (44%)
----------------- Invoking toplevel() on ptolemy.moml.MoMLSimpleApplication@513b4819
----------------- Done invoking toplevel() on ptolemy.moml.MoMLSimpleApplication@513b4819
reloadAllAccessors: .Expression16

===========================================================================================
----------------- testing Sun Oct 13 06:24:24 UTC 2019 /home/travis/build/icyphy/ptII/ptolemy/actor/lib/test/auto/Expression17.xml
----------------- Instantiating /home/travis/build/icyphy/ptII/ptolemy/actor/lib/test/auto/Expression17.xml
3 ms. Memory: 564224K Free: 242086K (43%)
----------------- Invoking toplevel() on ptolemy.moml.MoMLSimpleApplication@508eaff1
----------------- Done invoking toplevel() on ptolemy.moml.MoMLSimpleApplication@508eaff1
reloadAllAccessors: .Expression17

===========================================================================================
----------------- testing Sun Oct 13 06:24:24 UTC 2019 /home/travis/build/icyphy/ptII/ptolemy/actor/lib/test/auto/Expression18.xml
----------------- Instantiating /home/travis/build/icyphy/ptII/ptolemy/actor/lib/test/auto/Expression18.xml
1 ms. Memory: 564224K Free: 236964K (42%)
----------------- Invoking toplevel() on ptolemy.moml.MoMLSimpleApplication@37dd43ef
----------------- Done invoking toplevel() on ptolemy.moml.MoMLSimpleApplication@37dd43ef
reloadAllAccessors: .Expression18

===========================================================================================
----------------- testing Sun Oct 13 06:24:24 UTC 2019 /home/travis/build/icyphy/ptII/ptolemy/actor/lib/test/auto/Expression2.xml
----------------- Instantiating /home/travis/build/icyphy/ptII/ptolemy/actor/lib/test/auto/Expression2.xml
3 ms. Memory: 564224K Free: 231332K (41%)
----------------- Invoking toplevel() on ptolemy.moml.MoMLSimpleApplication@4dac54f7
----------------- Done invoking toplevel() on ptolemy.moml.MoMLSimpleApplication@4dac54f7
reloadAllAccessors: .Expression2

===========================================================================================
----------------- testing Sun Oct 13 06:24:24 UTC 2019 /home/travis/build/icyphy/ptII/ptolemy/actor/lib/test/auto/Expression3.xml
----------------- Instantiating /home/travis/build/icyphy/ptII/ptolemy/actor/lib/test/auto/Expression3.xml
2 ms. Memory: 564224K Free: 226726K (40%)
----------------- Invoking toplevel() on ptolemy.moml.MoMLSimpleApplication@27ee3c70
----------------- Done invoking toplevel() on ptolemy.moml.MoMLSimpleApplication@27ee3c70
reloadAllAccessors: .Expression3

===========================================================================================
----------------- testing Sun Oct 13 06:24:24 UTC 2019 /home/travis/build/icyphy/ptII/ptolemy/actor/lib/test/auto/Expression4.xml
----------------- Instantiating /home/travis/build/icyphy/ptII/ptolemy/actor/lib/test/auto/Expression4.xml
4 ms. Memory: 564224K Free: 219044K (39%)
----------------- Invoking toplevel() on ptolemy.moml.MoMLSimpleApplication@4d20fa51
----------------- Done invoking toplevel() on ptolemy.moml.MoMLSimpleApplication@4d20fa51
reloadAllAccessors: .Expression4

===========================================================================================
----------------- testing Sun Oct 13 06:24:24 UTC 2019 /home/travis/build/icyphy/ptII/ptolemy/actor/lib/test/auto/Expression5.xml
----------------- Instantiating /home/travis/build/icyphy/ptII/ptolemy/actor/lib/test/auto/Expression5.xml
6 ms. Memory: 564224K Free: 213924K (38%)
----------------- Invoking toplevel() on ptolemy.moml.MoMLSimpleApplication@3569e762
----------------- Done invoking toplevel() on ptolemy.moml.MoMLSimpleApplication@3569e762
reloadAllAccessors: .Expression5

===========================================================================================
----------------- testing Sun Oct 13 06:24:24 UTC 2019 /home/travis/build/icyphy/ptII/ptolemy/actor/lib/test/auto/Expression6.xml
----------------- Instantiating /home/travis/build/icyphy/ptII/ptolemy/actor/lib/test/auto/Expression6.xml
2 ms. Memory: 564224K Free: 209318K (37%)
----------------- Invoking toplevel() on ptolemy.moml.MoMLSimpleApplication@6a46a85c
----------------- Done invoking toplevel() on ptolemy.moml.MoMLSimpleApplication@6a46a85c
reloadAllAccessors: .Expression6

===========================================================================================
----------------- testing Sun Oct 13 06:24:24 UTC 2019 /home/travis/build/icyphy/ptII/ptolemy/actor/lib/test/auto/Expression7.xml
----------------- Instantiating /home/travis/build/icyphy/ptII/ptolemy/actor/lib/test/auto/Expression7.xml
3 ms. Memory: 564224K Free: 204198K (36%)
----------------- Invoking toplevel() on ptolemy.moml.MoMLSimpleApplication@190c279f
----------------- Done invoking toplevel() on ptolemy.moml.MoMLSimpleApplication@190c279f
reloadAllAccessors: .Expression7

===========================================================================================
----------------- testing Sun Oct 13 06:24:24 UTC 2019 /home/travis/build/icyphy/ptII/ptolemy/actor/lib/test/auto/Expression8.xml
----------------- Instantiating /home/travis/build/icyphy/ptII/ptolemy/actor/lib/test/auto/Expression8.xml
8 ms. Memory: 564224K Free: 199078K (35%)
----------------- Invoking toplevel() on ptolemy.moml.MoMLSimpleApplication@2d5fa2e3
----------------- Done invoking toplevel() on ptolemy.moml.MoMLSimpleApplication@2d5fa2e3
reloadAllAccessors: .Expression8

===========================================================================================
----------------- testing Sun Oct 13 06:24:24 UTC 2019 /home/travis/build/icyphy/ptII/ptolemy/actor/lib/test/auto/Expression9.xml
----------------- Instantiating /home/travis/build/icyphy/ptII/ptolemy/actor/lib/test/auto/Expression9.xml
1 ms. Memory: 564224K Free: 194982K (35%)
----------------- Invoking toplevel() on ptolemy.moml.MoMLSimpleApplication@345a9413
----------------- Done invoking toplevel() on ptolemy.moml.MoMLSimpleApplication@345a9413
reloadAllAccessors: .Expression9

===========================================================================================
----------------- testing Sun Oct 13 06:24:24 UTC 2019 /home/travis/build/icyphy/ptII/ptolemy/actor/lib/test/auto/ExpressionConcatenateArrayType.xml
----------------- Instantiating /home/travis/build/icyphy/ptII/ptolemy/actor/lib/test/auto/ExpressionConcatenateArrayType.xml
3 ms. Memory: 564224K Free: 188324K (33%)
----------------- Invoking toplevel() on ptolemy.moml.MoMLSimpleApplication@22f5f9bd
----------------- Done invoking toplevel() on ptolemy.moml.MoMLSimpleApplication@22f5f9bd
reloadAllAccessors: .ExpressionConcatenateArrayType

===========================================================================================
----------------- testing Sun Oct 13 06:24:24 UTC 2019 /home/travis/build/icyphy/ptII/ptolemy/actor/lib/test/auto/ExpressionConcatenateArrayType2.xml
----------------- Instantiating /home/travis/build/icyphy/ptII/ptolemy/actor/lib/test/auto/ExpressionConcatenateArrayType2.xml
3 ms. Memory: 564224K Free: 512104K (91%)
----------------- Invoking toplevel() on ptolemy.moml.MoMLSimpleApplication@64b9fe7e
----------------- Done invoking toplevel() on ptolemy.moml.MoMLSimpleApplication@64b9fe7e
reloadAllAccessors: .ExpressionConcatenateArrayType2

===========================================================================================
----------------- testing Sun Oct 13 06:24:24 UTC 2019 /home/travis/build/icyphy/ptII/ptolemy/actor/lib/test/auto/ExpressionFix.xml
----------------- Instantiating /home/travis/build/icyphy/ptII/ptolemy/actor/lib/test/auto/ExpressionFix.xml
10 ms. Memory: 564224K Free: 505249K (90%)
----------------- Invoking toplevel() on ptolemy.moml.MoMLSimpleApplication@2de7320a
----------------- Done invoking toplevel() on ptolemy.moml.MoMLSimpleApplication@2de7320a
reloadAllAccessors: .ExpressionFix

===========================================================================================
----------------- testing Sun Oct 13 06:24:24 UTC 2019 /home/travis/build/icyphy/ptII/ptolemy/actor/lib/test/auto/ExpressionFix2.xml
----------------- Instantiating /home/travis/build/icyphy/ptII/ptolemy/actor/lib/test/auto/ExpressionFix2.xml
2 ms. Memory: 564224K Free: 501156K (89%)
----------------- Invoking toplevel() on ptolemy.moml.MoMLSimpleApplication@3da7caee
----------------- Done invoking toplevel() on ptolemy.moml.MoMLSimpleApplication@3da7caee
reloadAllAccessors: .ExpressionFix2

===========================================================================================
----------------- testing Sun Oct 13 06:24:24 UTC 2019 /home/travis/build/icyphy/ptII/ptolemy/actor/lib/test/auto/ExpressionFix3.xml
----------------- Instantiating /home/travis/build/icyphy/ptII/ptolemy/actor/lib/test/auto/ExpressionFix3.xml
3 ms. Memory: 564224K Free: 496550K (88%)
----------------- Invoking toplevel() on ptolemy.moml.MoMLSimpleApplication@1226e868
----------------- Done invoking toplevel() on ptolemy.moml.MoMLSimpleApplication@1226e868
reloadAllAccessors: .ExpressionFix3

===========================================================================================
----------------- testing Sun Oct 13 06:24:24 UTC 2019 /home/travis/build/icyphy/ptII/ptolemy/actor/lib/test/auto/FileWriter1.xml
----------------- Instantiating /home/travis/build/icyphy/ptII/ptolemy/actor/lib/test/auto/FileWriter1.xml
3 ms. Memory: 564224K Free: 492454K (87%)
----------------- Invoking toplevel() on ptolemy.moml.MoMLSimpleApplication@63a5fba9
----------------- Done invoking toplevel() on ptolemy.moml.MoMLSimpleApplication@63a5fba9
reloadAllAccessors: .FileWriter1

===========================================================================================
----------------- testing Sun Oct 13 06:24:24 UTC 2019 /home/travis/build/icyphy/ptII/ptolemy/actor/lib/test/auto/FileWriter2.xml
----------------- Instantiating /home/travis/build/icyphy/ptII/ptolemy/actor/lib/test/auto/FileWriter2.xml
3 ms. Memory: 564224K Free: 488358K (87%)
----------------- Invoking toplevel() on ptolemy.moml.MoMLSimpleApplication@2e2f6516
----------------- Done invoking toplevel() on ptolemy.moml.MoMLSimpleApplication@2e2f6516
reloadAllAccessors: .FileWriter2

===========================================================================================
----------------- testing Sun Oct 13 06:24:24 UTC 2019 /home/travis/build/icyphy/ptII/ptolemy/actor/lib/test/auto/FileWriter3.xml
----------------- Instantiating /home/travis/build/icyphy/ptII/ptolemy/actor/lib/test/auto/FileWriter3.xml
1 ms. Memory: 564224K Free: 484262K (86%)
----------------- Invoking toplevel() on ptolemy.moml.MoMLSimpleApplication@252c7d5c
----------------- Done invoking toplevel() on ptolemy.moml.MoMLSimpleApplication@252c7d5c
reloadAllAccessors: .FileWriter3

===========================================================================================
----------------- testing Sun Oct 13 06:24:24 UTC 2019 /home/travis/build/icyphy/ptII/ptolemy/actor/lib/test/auto/Gaussian.xml
----------------- Instantiating /home/travis/build/icyphy/ptII/ptolemy/actor/lib/test/auto/Gaussian.xml
3 ms. Memory: 564224K Free: 479652K (85%)
----------------- Invoking toplevel() on ptolemy.moml.MoMLSimpleApplication@5aee4f94
----------------- Done invoking toplevel() on ptolemy.moml.MoMLSimpleApplication@5aee4f94
reloadAllAccessors: .Gaussian

===========================================================================================
----------------- testing Sun Oct 13 06:24:24 UTC 2019 /home/travis/build/icyphy/ptII/ptolemy/actor/lib/test/auto/Gaussian1.xml
----------------- Instantiating /home/travis/build/icyphy/ptII/ptolemy/actor/lib/test/auto/Gaussian1.xml
2 ms. Memory: 564224K Free: 474022K (84%)
----------------- Invoking toplevel() on ptolemy.moml.MoMLSimpleApplication@4449b4b6
----------------- Done invoking toplevel() on ptolemy.moml.MoMLSimpleApplication@4449b4b6
reloadAllAccessors: .Gaussian1

===========================================================================================
----------------- testing Sun Oct 13 06:24:24 UTC 2019 /home/travis/build/icyphy/ptII/ptolemy/actor/lib/test/auto/Gaussian2.xml
----------------- Instantiating /home/travis/build/icyphy/ptII/ptolemy/actor/lib/test/auto/Gaussian2.xml
10 ms. Memory: 564224K Free: 468374K (83%)
----------------- Invoking toplevel() on ptolemy.moml.MoMLSimpleApplication@3cca0870
----------------- Done invoking toplevel() on ptolemy.moml.MoMLSimpleApplication@3cca0870
reloadAllAccessors: .Gaussian2

===========================================================================================
----------------- testing Sun Oct 13 06:24:24 UTC 2019 /home/travis/build/icyphy/ptII/ptolemy/actor/lib/test/auto/GradientAdaptiveLattice.xml
----------------- Instantiating /home/travis/build/icyphy/ptII/ptolemy/actor/lib/test/auto/GradientAdaptiveLattice.xml
2 ms. Memory: 564224K Free: 463268K (82%)
----------------- Invoking toplevel() on ptolemy.moml.MoMLSimpleApplication@52b0fc94
----------------- Done invoking toplevel() on ptolemy.moml.MoMLSimpleApplication@52b0fc94
reloadAllAccessors: .GradientAdaptiveLattice

===========================================================================================
----------------- testing Sun Oct 13 06:24:24 UTC 2019 /home/travis/build/icyphy/ptII/ptolemy/actor/lib/test/auto/IIR.xml
----------------- Instantiating /home/travis/build/icyphy/ptII/ptolemy/actor/lib/test/auto/IIR.xml
1 ms. Memory: 564224K Free: 458662K (81%)
----------------- Invoking toplevel() on ptolemy.moml.MoMLSimpleApplication@3eb8f152
----------------- Done invoking toplevel() on ptolemy.moml.MoMLSimpleApplication@3eb8f152
reloadAllAccessors: .IIR

===========================================================================================
----------------- testing Sun Oct 13 06:24:24 UTC 2019 /home/travis/build/icyphy/ptII/ptolemy/actor/lib/test/auto/InputOutputTransparentPorts.xml
----------------- Instantiating /home/travis/build/icyphy/ptII/ptolemy/actor/lib/test/auto/InputOutputTransparentPorts.xml
2 ms. Memory: 564224K Free: 452004K (80%)
----------------- Invoking toplevel() on ptolemy.moml.MoMLSimpleApplication@6dc073bc
----------------- Done invoking toplevel() on ptolemy.moml.MoMLSimpleApplication@6dc073bc
reloadAllAccessors: .InputOutputTransparentPorts

===========================================================================================
----------------- testing Sun Oct 13 06:24:24 UTC 2019 /home/travis/build/icyphy/ptII/ptolemy/actor/lib/test/auto/Interpolator.xml
----------------- Instantiating /home/travis/build/icyphy/ptII/ptolemy/actor/lib/test/auto/Interpolator.xml
6 ms. Memory: 564224K Free: 447908K (79%)
----------------- Invoking toplevel() on ptolemy.moml.MoMLSimpleApplication@520e81dc
----------------- Done invoking toplevel() on ptolemy.moml.MoMLSimpleApplication@520e81dc
reloadAllAccessors: .Interpolator

===========================================================================================
----------------- testing Sun Oct 13 06:24:24 UTC 2019 /home/travis/build/icyphy/ptII/ptolemy/actor/lib/test/auto/InterpolatorFiringLimitDE.xml
----------------- Instantiating /home/travis/build/icyphy/ptII/ptolemy/actor/lib/test/auto/InterpolatorFiringLimitDE.xml
4 ms. Memory: 564224K Free: 441764K (78%)
----------------- Invoking toplevel() on ptolemy.moml.MoMLSimpleApplication@8765dd3
----------------- Done invoking toplevel() on ptolemy.moml.MoMLSimpleApplication@8765dd3
reloadAllAccessors: .InterpolatorFiringLimitDE

===========================================================================================
----------------- testing Sun Oct 13 06:24:24 UTC 2019 /home/travis/build/icyphy/ptII/ptolemy/actor/lib/test/auto/Lattice.xml
----------------- Instantiating /home/travis/build/icyphy/ptII/ptolemy/actor/lib/test/auto/Lattice.xml
1 ms. Memory: 564224K Free: 437668K (78%)
----------------- Invoking toplevel() on ptolemy.moml.MoMLSimpleApplication@10a0c560
----------------- Done invoking toplevel() on ptolemy.moml.MoMLSimpleApplication@10a0c560
reloadAllAccessors: .Lattice

===========================================================================================
----------------- testing Sun Oct 13 06:24:24 UTC 2019 /home/travis/build/icyphy/ptII/ptolemy/actor/lib/test/auto/LazyAOCTestLazy.xml
----------------- Instantiating /home/travis/build/icyphy/ptII/ptolemy/actor/lib/test/auto/LazyAOCTestLazy.xml
19 ms. Memory: 564224K Free: 431510K (76%)
----------------- Invoking toplevel() on ptolemy.moml.MoMLSimpleApplication@78f01d1e
----------------- Done invoking toplevel() on ptolemy.moml.MoMLSimpleApplication@78f01d1e
reloadAllAccessors: .LazyAOCTestLazy

===========================================================================================
----------------- testing Sun Oct 13 06:24:24 UTC 2019 /home/travis/build/icyphy/ptII/ptolemy/actor/lib/test/auto/LazyAOCTestNonLazy.xml
----------------- Instantiating /home/travis/build/icyphy/ptII/ptolemy/actor/lib/test/auto/LazyAOCTestNonLazy.xml
2 ms. Memory: 564224K Free: 424870K (75%)
----------------- Invoking toplevel() on ptolemy.moml.MoMLSimpleApplication@73fdd6fb
----------------- Done invoking toplevel() on ptolemy.moml.MoMLSimpleApplication@73fdd6fb
reloadAllAccessors: .LazyAOCTestNonLazy

===========================================================================================
----------------- testing Sun Oct 13 06:24:24 UTC 2019 /home/travis/build/icyphy/ptII/ptolemy/actor/lib/test/auto/LazyInnerClass.xml
----------------- Instantiating /home/travis/build/icyphy/ptII/ptolemy/actor/lib/test/auto/LazyInnerClass.xml
18 ms. Memory: 564224K Free: 416164K (74%)
----------------- Invoking toplevel() on ptolemy.moml.MoMLSimpleApplication@b8e7c25
----------------- Done invoking toplevel() on ptolemy.moml.MoMLSimpleApplication@b8e7c25
reloadAllAccessors: .LazyInnerClass

===========================================================================================
----------------- testing Sun Oct 13 06:24:24 UTC 2019 /home/travis/build/icyphy/ptII/ptolemy/actor/lib/test/auto/LazyPubSub.xml
----------------- Instantiating /home/travis/build/icyphy/ptII/ptolemy/actor/lib/test/auto/LazyPubSub.xml
30 ms. Memory: 564224K Free: 405924K (72%)
----------------- Invoking toplevel() on ptolemy.moml.MoMLSimpleApplication@3adc9347
----------------- Done invoking toplevel() on ptolemy.moml.MoMLSimpleApplication@3adc9347
reloadAllAccessors: .LazyPubSub

===========================================================================================
----------------- testing Sun Oct 13 06:24:24 UTC 2019 /home/travis/build/icyphy/ptII/ptolemy/actor/lib/test/auto/LazyPubSub2.xml
----------------- Instantiating /home/travis/build/icyphy/ptII/ptolemy/actor/lib/test/auto/LazyPubSub2.xml
20 ms. Memory: 564224K Free: 395684K (70%)
----------------- Invoking toplevel() on ptolemy.moml.MoMLSimpleApplication@4be468e3
----------------- Done invoking toplevel() on ptolemy.moml.MoMLSimpleApplication@4be468e3
reloadAllAccessors: .LazyPubSub2

===========================================================================================
----------------- testing Sun Oct 13 06:24:24 UTC 2019 /home/travis/build/icyphy/ptII/ptolemy/actor/lib/test/auto/LazyPubSub3.xml
----------------- Instantiating /home/travis/build/icyphy/ptII/ptolemy/actor/lib/test/auto/LazyPubSub3.xml
13 ms. Memory: 564224K Free: 385444K (68%)
----------------- Invoking toplevel() on ptolemy.moml.MoMLSimpleApplication@19c0bc46
----------------- Done invoking toplevel() on ptolemy.moml.MoMLSimpleApplication@19c0bc46
reloadAllAccessors: .LazyPubSub3

===========================================================================================
----------------- testing Sun Oct 13 06:24:24 UTC 2019 /home/travis/build/icyphy/ptII/ptolemy/actor/lib/test/auto/LazySubClassModel.xml
----------------- Instantiating /home/travis/build/icyphy/ptII/ptolemy/actor/lib/test/auto/LazySubClassModel.xml
2 ms. Memory: 564224K Free: 376742K (67%)
----------------- Invoking toplevel() on ptolemy.moml.MoMLSimpleApplication@63fbdb07
----------------- Done invoking toplevel() on ptolemy.moml.MoMLSimpleApplication@63fbdb07
reloadAllAccessors: .LazySubClassModel

===========================================================================================
----------------- testing Sun Oct 13 06:24:24 UTC 2019 /home/travis/build/icyphy/ptII/ptolemy/actor/lib/test/auto/LevelCrossTest1.xml
----------------- Instantiating /home/travis/build/icyphy/ptII/ptolemy/actor/lib/test/auto/LevelCrossTest1.xml
1 ms. Memory: 564224K Free: 371108K (66%)
----------------- Invoking toplevel() on ptolemy.moml.MoMLSimpleApplication@6be810bc
----------------- Done invoking toplevel() on ptolemy.moml.MoMLSimpleApplication@6be810bc
reloadAllAccessors: .broken

===========================================================================================
----------------- testing Sun Oct 13 06:24:24 UTC 2019 /home/travis/build/icyphy/ptII/ptolemy/actor/lib/test/auto/LevelCrossTest10.xml
----------------- Instantiating /home/travis/build/icyphy/ptII/ptolemy/actor/lib/test/auto/LevelCrossTest10.xml
1 ms. Memory: 564224K Free: 362916K (64%)
----------------- Invoking toplevel() on ptolemy.moml.MoMLSimpleApplication@58258856
----------------- Done invoking toplevel() on ptolemy.moml.MoMLSimpleApplication@58258856
reloadAllAccessors: .LevelCrossTest10

===========================================================================================
----------------- testing Sun Oct 13 06:24:25 UTC 2019 /home/travis/build/icyphy/ptII/ptolemy/actor/lib/test/auto/LevelCrossTest11.xml
----------------- Instantiating /home/travis/build/icyphy/ptII/ptolemy/actor/lib/test/auto/LevelCrossTest11.xml
2 ms. Memory: 564224K Free: 355748K (63%)
----------------- Invoking toplevel() on ptolemy.moml.MoMLSimpleApplication@4a9fd763
----------------- Done invoking toplevel() on ptolemy.moml.MoMLSimpleApplication@4a9fd763
reloadAllAccessors: .LevelCrossTest11

===========================================================================================
----------------- testing Sun Oct 13 06:24:25 UTC 2019 /home/travis/build/icyphy/ptII/ptolemy/actor/lib/test/auto/LevelCrossTest12.xml
----------------- Instantiating /home/travis/build/icyphy/ptII/ptolemy/actor/lib/test/auto/LevelCrossTest12.xml
2 ms. Memory: 564224K Free: 348580K (62%)
----------------- Invoking toplevel() on ptolemy.moml.MoMLSimpleApplication@55efd847
----------------- Done invoking toplevel() on ptolemy.moml.MoMLSimpleApplication@55efd847
reloadAllAccessors: .LevelCrossTest12

===========================================================================================
----------------- testing Sun Oct 13 06:24:25 UTC 2019 /home/travis/build/icyphy/ptII/ptolemy/actor/lib/test/auto/LevelCrossTest13.xml
----------------- Instantiating /home/travis/build/icyphy/ptII/ptolemy/actor/lib/test/auto/LevelCrossTest13.xml
1 ms. Memory: 564224K Free: 341412K (61%)
----------------- Invoking toplevel() on ptolemy.moml.MoMLSimpleApplication@7cfa0116
----------------- Done invoking toplevel() on ptolemy.moml.MoMLSimpleApplication@7cfa0116
reloadAllAccessors: .LevelCrossTest13

===========================================================================================
----------------- testing Sun Oct 13 06:24:25 UTC 2019 /home/travis/build/icyphy/ptII/ptolemy/actor/lib/test/auto/LevelCrossTest2.xml
----------------- Instantiating /home/travis/build/icyphy/ptII/ptolemy/actor/lib/test/auto/LevelCrossTest2.xml
1 ms. Memory: 564224K Free: 335782K (60%)
----------------- Invoking toplevel() on ptolemy.moml.MoMLSimpleApplication@2feecc53
----------------- Done invoking toplevel() on ptolemy.moml.MoMLSimpleApplication@2feecc53
reloadAllAccessors: .broken

===========================================================================================
----------------- testing Sun Oct 13 06:24:25 UTC 2019 /home/travis/build/icyphy/ptII/ptolemy/actor/lib/test/auto/LevelCrossTest3.xml
----------------- Instantiating /home/travis/build/icyphy/ptII/ptolemy/actor/lib/test/auto/LevelCrossTest3.xml
1 ms. Memory: 564224K Free: 329124K (58%)
----------------- Invoking toplevel() on ptolemy.moml.MoMLSimpleApplication@78c83075
----------------- Done invoking toplevel() on ptolemy.moml.MoMLSimpleApplication@78c83075
reloadAllAccessors: .LevelCrossTest3

===========================================================================================
----------------- testing Sun Oct 13 06:24:25 UTC 2019 /home/travis/build/icyphy/ptII/ptolemy/actor/lib/test/auto/LevelCrossTest4.xml
----------------- Instantiating /home/travis/build/icyphy/ptII/ptolemy/actor/lib/test/auto/LevelCrossTest4.xml
1 ms. Memory: 564224K Free: 324004K (57%)
----------------- Invoking toplevel() on ptolemy.moml.MoMLSimpleApplication@7bb38c15
----------------- Done invoking toplevel() on ptolemy.moml.MoMLSimpleApplication@7bb38c15
reloadAllAccessors: .broken

===========================================================================================
----------------- testing Sun Oct 13 06:24:25 UTC 2019 /home/travis/build/icyphy/ptII/ptolemy/actor/lib/test/auto/LevelCrossTest5.xml
----------------- Instantiating /home/travis/build/icyphy/ptII/ptolemy/actor/lib/test/auto/LevelCrossTest5.xml
4 ms. Memory: 564224K Free: 316326K (56%)
----------------- Invoking toplevel() on ptolemy.moml.MoMLSimpleApplication@41ae6ed7
----------------- Done invoking toplevel() on ptolemy.moml.MoMLSimpleApplication@41ae6ed7
reloadAllAccessors: .LevelCrossTest5

===========================================================================================
----------------- testing Sun Oct 13 06:24:25 UTC 2019 /home/travis/build/icyphy/ptII/ptolemy/actor/lib/test/auto/LevelCrossTest6.xml
----------------- Instantiating /home/travis/build/icyphy/ptII/ptolemy/actor/lib/test/auto/LevelCrossTest6.xml
1 ms. Memory: 564224K Free: 309668K (55%)
----------------- Invoking toplevel() on ptolemy.moml.MoMLSimpleApplication@5f2a9cae
----------------- Done invoking toplevel() on ptolemy.moml.MoMLSimpleApplication@5f2a9cae
reloadAllAccessors: .LevelCrossTest6

===========================================================================================
----------------- testing Sun Oct 13 06:24:25 UTC 2019 /home/travis/build/icyphy/ptII/ptolemy/actor/lib/test/auto/LevelCrossTest7.xml
----------------- Instantiating /home/travis/build/icyphy/ptII/ptolemy/actor/lib/test/auto/LevelCrossTest7.xml
1 ms. Memory: 564224K Free: 301990K (54%)
----------------- Invoking toplevel() on ptolemy.moml.MoMLSimpleApplication@5ee66ea7
----------------- Done invoking toplevel() on ptolemy.moml.MoMLSimpleApplication@5ee66ea7
reloadAllAccessors: .LevelCrossTest7

===========================================================================================
----------------- testing Sun Oct 13 06:24:25 UTC 2019 /home/travis/build/icyphy/ptII/ptolemy/actor/lib/test/auto/LevelCrossTest8.xml
----------------- Instantiating /home/travis/build/icyphy/ptII/ptolemy/actor/lib/test/auto/LevelCrossTest8.xml
1 ms. Memory: 564224K Free: 294822K (52%)
----------------- Invoking toplevel() on ptolemy.moml.MoMLSimpleApplication@350faba6
----------------- Done invoking toplevel() on ptolemy.moml.MoMLSimpleApplication@350faba6
reloadAllAccessors: .LevelCrossTest8

===========================================================================================
----------------- testing Sun Oct 13 06:24:25 UTC 2019 /home/travis/build/icyphy/ptII/ptolemy/actor/lib/test/auto/LevelCrossTest9.xml
----------------- Instantiating /home/travis/build/icyphy/ptII/ptolemy/actor/lib/test/auto/LevelCrossTest9.xml
2 ms. Memory: 564224K Free: 288164K (51%)
----------------- Invoking toplevel() on ptolemy.moml.MoMLSimpleApplication@404e2933
----------------- Done invoking toplevel() on ptolemy.moml.MoMLSimpleApplication@404e2933
reloadAllAccessors: .LevelCrossTest9

===========================================================================================
----------------- testing Sun Oct 13 06:24:25 UTC 2019 /home/travis/build/icyphy/ptII/ptolemy/actor/lib/test/auto/LevinsonDurbin.xml
----------------- Instantiating /home/travis/build/icyphy/ptII/ptolemy/actor/lib/test/auto/LevinsonDurbin.xml
6 ms. Memory: 564224K Free: 284582K (50%)
----------------- Invoking toplevel() on ptolemy.moml.MoMLSimpleApplication@20d83d0c
----------------- Done invoking toplevel() on ptolemy.moml.MoMLSimpleApplication@20d83d0c
reloadAllAccessors: .LevinsonDurbin

===========================================================================================
----------------- testing Sun Oct 13 06:24:25 UTC 2019 /home/travis/build/icyphy/ptII/ptolemy/actor/lib/test/auto/LevinsonDurbin2.xml
----------------- Instantiating /home/travis/build/icyphy/ptII/ptolemy/actor/lib/test/auto/LevinsonDurbin2.xml
1 ms. Memory: 564224K Free: 280486K (50%)
----------------- Invoking toplevel() on ptolemy.moml.MoMLSimpleApplication@389c365
----------------- Done invoking toplevel() on ptolemy.moml.MoMLSimpleApplication@389c365
reloadAllAccessors: .LevinsonDurbin2

===========================================================================================
----------------- testing Sun Oct 13 06:24:25 UTC 2019 /home/travis/build/icyphy/ptII/ptolemy/actor/lib/test/auto/LevinsonDurbin3.xml
----------------- Instantiating /home/travis/build/icyphy/ptII/ptolemy/actor/lib/test/auto/LevinsonDurbin3.xml
2 ms. Memory: 564224K Free: 276390K (49%)
----------------- Invoking toplevel() on ptolemy.moml.MoMLSimpleApplication@76982da6
----------------- Done invoking toplevel() on ptolemy.moml.MoMLSimpleApplication@76982da6
reloadAllAccessors: .LevinsonDurbin3

===========================================================================================
----------------- testing Sun Oct 13 06:24:25 UTC 2019 /home/travis/build/icyphy/ptII/ptolemy/actor/lib/test/auto/Limiter.xml
----------------- Instantiating /home/travis/build/icyphy/ptII/ptolemy/actor/lib/test/auto/Limiter.xml
7 ms. Memory: 564224K Free: 267174K (47%)
----------------- Invoking toplevel() on ptolemy.moml.MoMLSimpleApplication@cafe50f
----------------- Done invoking toplevel() on ptolemy.moml.MoMLSimpleApplication@cafe50f
reloadAllAccessors: .Limiter

===========================================================================================
----------------- testing Sun Oct 13 06:24:25 UTC 2019 /home/travis/build/icyphy/ptII/ptolemy/actor/lib/test/auto/LinearDifferenceEquationSystem.xml
----------------- Instantiating /home/travis/build/icyphy/ptII/ptolemy/actor/lib/test/auto/LinearDifferenceEquationSystem.xml
4 ms. Memory: 564224K Free: 259492K (46%)
----------------- Invoking toplevel() on ptolemy.moml.MoMLSimpleApplication@403f16e0
----------------- Done invoking toplevel() on ptolemy.moml.MoMLSimpleApplication@403f16e0
reloadAllAccessors: .LinearDifferenceEquationSystem

===========================================================================================
----------------- testing Sun Oct 13 06:24:25 UTC 2019 /home/travis/build/icyphy/ptII/ptolemy/actor/lib/test/auto/LookupTable.xml
----------------- Instantiating /home/travis/build/icyphy/ptII/ptolemy/actor/lib/test/auto/LookupTable.xml
2 ms. Memory: 564224K Free: 254886K (45%)
----------------- Invoking toplevel() on ptolemy.moml.MoMLSimpleApplication@1c3ddc6e
----------------- Done invoking toplevel() on ptolemy.moml.MoMLSimpleApplication@1c3ddc6e
reloadAllAccessors: .LookupTable

===========================================================================================
----------------- testing Sun Oct 13 06:24:25 UTC 2019 /home/travis/build/icyphy/ptII/ptolemy/actor/lib/test/auto/MathFunction.xml
----------------- Instantiating /home/travis/build/icyphy/ptII/ptolemy/actor/lib/test/auto/MathFunction.xml
4 ms. Memory: 564224K Free: 246694K (44%)
----------------- Invoking toplevel() on ptolemy.moml.MoMLSimpleApplication@1de446fb
----------------- Done invoking toplevel() on ptolemy.moml.MoMLSimpleApplication@1de446fb
reloadAllAccessors: .MathFunction

===========================================================================================
----------------- testing Sun Oct 13 06:24:25 UTC 2019 /home/travis/build/icyphy/ptII/ptolemy/actor/lib/test/auto/MathFunction2.xml
----------------- Instantiating /home/travis/build/icyphy/ptII/ptolemy/actor/lib/test/auto/MathFunction2.xml
2 ms. Memory: 564224K Free: 242598K (43%)
----------------- Invoking toplevel() on ptolemy.moml.MoMLSimpleApplication@6da8bbbe
----------------- Done invoking toplevel() on ptolemy.moml.MoMLSimpleApplication@6da8bbbe
reloadAllAccessors: .MathFunction2

===========================================================================================
----------------- testing Sun Oct 13 06:24:25 UTC 2019 /home/travis/build/icyphy/ptII/ptolemy/actor/lib/test/auto/MathFunction3.xml
----------------- Instantiating /home/travis/build/icyphy/ptII/ptolemy/actor/lib/test/auto/MathFunction3.xml
2 ms. Memory: 564224K Free: 235430K (42%)
----------------- Invoking toplevel() on ptolemy.moml.MoMLSimpleApplication@52fc7b29
----------------- Done invoking toplevel() on ptolemy.moml.MoMLSimpleApplication@52fc7b29
reloadAllAccessors: .MathFunction3

===========================================================================================
----------------- testing Sun Oct 13 06:24:25 UTC 2019 /home/travis/build/icyphy/ptII/ptolemy/actor/lib/test/auto/MatrixCropBoolean.xml
----------------- Instantiating /home/travis/build/icyphy/ptII/ptolemy/actor/lib/test/auto/MatrixCropBoolean.xml
2 ms. Memory: 564224K Free: 230310K (41%)
----------------- Invoking toplevel() on ptolemy.moml.MoMLSimpleApplication@63f7e36c
----------------- Done invoking toplevel() on ptolemy.moml.MoMLSimpleApplication@63f7e36c
reloadAllAccessors: .MatrixCropBoolean

===========================================================================================
----------------- testing Sun Oct 13 06:24:25 UTC 2019 /home/travis/build/icyphy/ptII/ptolemy/actor/lib/test/auto/MatrixCropComplex.xml
----------------- Instantiating /home/travis/build/icyphy/ptII/ptolemy/actor/lib/test/auto/MatrixCropComplex.xml
2 ms. Memory: 564224K Free: 225694K (40%)
----------------- Invoking toplevel() on ptolemy.moml.MoMLSimpleApplication@7624dc0d
----------------- Done invoking toplevel() on ptolemy.moml.MoMLSimpleApplication@7624dc0d
reloadAllAccessors: .MatrixCropComplex

===========================================================================================
----------------- testing Sun Oct 13 06:24:25 UTC 2019 /home/travis/build/icyphy/ptII/ptolemy/actor/lib/test/auto/MatrixCropDouble.xml
----------------- Instantiating /home/travis/build/icyphy/ptII/ptolemy/actor/lib/test/auto/MatrixCropDouble.xml
2 ms. Memory: 564224K Free: 221094K (39%)
----------------- Invoking toplevel() on ptolemy.moml.MoMLSimpleApplication@30f5ca93
----------------- Done invoking toplevel() on ptolemy.moml.MoMLSimpleApplication@30f5ca93
reloadAllAccessors: .MatrixCropDouble

===========================================================================================
----------------- testing Sun Oct 13 06:24:25 UTC 2019 /home/travis/build/icyphy/ptII/ptolemy/actor/lib/test/auto/MatrixCropFix.xml
----------------- Instantiating /home/travis/build/icyphy/ptII/ptolemy/actor/lib/test/auto/MatrixCropFix.xml
2 ms. Memory: 564224K Free: 215974K (38%)
----------------- Invoking toplevel() on ptolemy.moml.MoMLSimpleApplication@76b90c4b
----------------- Done invoking toplevel() on ptolemy.moml.MoMLSimpleApplication@76b90c4b
reloadAllAccessors: .MatrixCropFix

===========================================================================================
----------------- testing Sun Oct 13 06:24:25 UTC 2019 /home/travis/build/icyphy/ptII/ptolemy/actor/lib/test/auto/MatrixCropInt.xml
----------------- Instantiating /home/travis/build/icyphy/ptII/ptolemy/actor/lib/test/auto/MatrixCropInt.xml
2 ms. Memory: 564224K Free: 210854K (37%)
----------------- Invoking toplevel() on ptolemy.moml.MoMLSimpleApplication@399c1abe
----------------- Done invoking toplevel() on ptolemy.moml.MoMLSimpleApplication@399c1abe
reloadAllAccessors: .MatrixCropInt

===========================================================================================
----------------- testing Sun Oct 13 06:24:25 UTC 2019 /home/travis/build/icyphy/ptII/ptolemy/actor/lib/test/auto/MatrixCropLong.xml
----------------- Instantiating /home/travis/build/icyphy/ptII/ptolemy/actor/lib/test/auto/MatrixCropLong.xml
2 ms. Memory: 564224K Free: 205734K (36%)
----------------- Invoking toplevel() on ptolemy.moml.MoMLSimpleApplication@209f7355
----------------- Done invoking toplevel() on ptolemy.moml.MoMLSimpleApplication@209f7355
reloadAllAccessors: .MatrixCropLong

===========================================================================================
----------------- testing Sun Oct 13 06:24:25 UTC 2019 /home/travis/build/icyphy/ptII/ptolemy/actor/lib/test/auto/MatrixToArray.xml
----------------- Instantiating /home/travis/build/icyphy/ptII/ptolemy/actor/lib/test/auto/MatrixToArray.xml
5 ms. Memory: 564224K Free: 190374K (34%)
----------------- Invoking toplevel() on ptolemy.moml.MoMLSimpleApplication@584f809c
----------------- Done invoking toplevel() on ptolemy.moml.MoMLSimpleApplication@584f809c
reloadAllAccessors: .MatrixToArray

===========================================================================================
----------------- testing Sun Oct 13 06:24:25 UTC 2019 /home/travis/build/icyphy/ptII/ptolemy/actor/lib/test/auto/MaxIndex.xml
----------------- Instantiating /home/travis/build/icyphy/ptII/ptolemy/actor/lib/test/auto/MaxIndex.xml
2 ms. Memory: 564224K Free: 185254K (33%)
----------------- Invoking toplevel() on ptolemy.moml.MoMLSimpleApplication@a810fd
----------------- Done invoking toplevel() on ptolemy.moml.MoMLSimpleApplication@a810fd
reloadAllAccessors: .MaxIndex

===========================================================================================
----------------- testing Sun Oct 13 06:24:25 UTC 2019 /home/travis/build/icyphy/ptII/ptolemy/actor/lib/test/auto/Maximum.xml
----------------- Instantiating /home/travis/build/icyphy/ptII/ptolemy/actor/lib/test/auto/Maximum.xml
6 ms. Memory: 564224K Free: 507782K (90%)
----------------- Invoking toplevel() on ptolemy.moml.MoMLSimpleApplication@c0c52d6
----------------- Done invoking toplevel() on ptolemy.moml.MoMLSimpleApplication@c0c52d6
reloadAllAccessors: .Maximum

===========================================================================================
----------------- testing Sun Oct 13 06:24:25 UTC 2019 /home/travis/build/icyphy/ptII/ptolemy/actor/lib/test/auto/MaximumComplex.xml
----------------- Instantiating /home/travis/build/icyphy/ptII/ptolemy/actor/lib/test/auto/MaximumComplex.xml
3 ms. Memory: 564224K Free: 501668K (89%)
----------------- Invoking toplevel() on ptolemy.moml.MoMLSimpleApplication@6832f0ba
----------------- Done invoking toplevel() on ptolemy.moml.MoMLSimpleApplication@6832f0ba
reloadAllAccessors: .MaximumComplex

===========================================================================================
----------------- testing Sun Oct 13 06:24:25 UTC 2019 /home/travis/build/icyphy/ptII/ptolemy/actor/lib/test/auto/MethodCallTest.xml
----------------- Instantiating /home/travis/build/icyphy/ptII/ptolemy/actor/lib/test/auto/MethodCallTest.xml
3 ms. Memory: 564224K Free: 495014K (88%)
----------------- Invoking toplevel() on ptolemy.moml.MoMLSimpleApplication@11642247
----------------- Done invoking toplevel() on ptolemy.moml.MoMLSimpleApplication@11642247
reloadAllAccessors: .MethodCallTest

===========================================================================================
----------------- testing Sun Oct 13 06:24:25 UTC 2019 /home/travis/build/icyphy/ptII/ptolemy/actor/lib/test/auto/Minimum.xml
----------------- Instantiating /home/travis/build/icyphy/ptII/ptolemy/actor/lib/test/auto/Minimum.xml
3 ms. Memory: 564224K Free: 488342K (87%)
----------------- Invoking toplevel() on ptolemy.moml.MoMLSimpleApplication@71a83bda
----------------- Done invoking toplevel() on ptolemy.moml.MoMLSimpleApplication@71a83bda
reloadAllAccessors: .Minimum

===========================================================================================
----------------- testing Sun Oct 13 06:24:25 UTC 2019 /home/travis/build/icyphy/ptII/ptolemy/actor/lib/test/auto/MinimumComplex.xml
----------------- Instantiating /home/travis/build/icyphy/ptII/ptolemy/actor/lib/test/auto/MinimumComplex.xml
4 ms. Memory: 564224K Free: 482198K (85%)
----------------- Invoking toplevel() on ptolemy.moml.MoMLSimpleApplication@351eed07
----------------- Done invoking toplevel() on ptolemy.moml.MoMLSimpleApplication@351eed07
reloadAllAccessors: .MinimumComplex

===========================================================================================
----------------- testing Sun Oct 13 06:24:25 UTC 2019 /home/travis/build/icyphy/ptII/ptolemy/actor/lib/test/auto/MinimumMultiports.xml
----------------- Instantiating /home/travis/build/icyphy/ptII/ptolemy/actor/lib/test/auto/MinimumMultiports.xml
3 ms. Memory: 564224K Free: 473510K (84%)
----------------- Invoking toplevel() on ptolemy.moml.MoMLSimpleApplication@51c84afd
----------------- Done invoking toplevel() on ptolemy.moml.MoMLSimpleApplication@51c84afd
reloadAllAccessors: .MinimumMultiports

===========================================================================================
----------------- testing Sun Oct 13 06:24:25 UTC 2019 /home/travis/build/icyphy/ptII/ptolemy/actor/lib/test/auto/ModifyDate.xml
----------------- Instantiating /home/travis/build/icyphy/ptII/ptolemy/actor/lib/test/auto/ModifyDate.xml
11 ms. Memory: 564224K Free: 460708K (82%)
----------------- Invoking toplevel() on ptolemy.moml.MoMLSimpleApplication@30dc99d0
----------------- Done invoking toplevel() on ptolemy.moml.MoMLSimpleApplication@30dc99d0
reloadAllAccessors: .ModifyDate

===========================================================================================
----------------- testing Sun Oct 13 06:24:25 UTC 2019 /home/travis/build/icyphy/ptII/ptolemy/actor/lib/test/auto/ModifyDate2.xml
----------------- Instantiating /home/travis/build/icyphy/ptII/ptolemy/actor/lib/test/auto/ModifyDate2.xml
4 ms. Memory: 564224K Free: 452006K (80%)
----------------- Invoking toplevel() on ptolemy.moml.MoMLSimpleApplication@69ad3a73
----------------- Done invoking toplevel() on ptolemy.moml.MoMLSimpleApplication@69ad3a73
reloadAllAccessors: .ModifyDate2

===========================================================================================
----------------- testing Sun Oct 13 06:24:25 UTC 2019 /home/travis/build/icyphy/ptII/ptolemy/actor/lib/test/auto/MovingAverage.xml
----------------- Instantiating /home/travis/build/icyphy/ptII/ptolemy/actor/lib/test/auto/MovingAverage.xml
2 ms. Memory: 564224K Free: 446886K (79%)
----------------- Invoking toplevel() on ptolemy.moml.MoMLSimpleApplication@5d5d9703
----------------- Done invoking toplevel() on ptolemy.moml.MoMLSimpleApplication@5d5d9703
reloadAllAccessors: .MovingAverage

===========================================================================================
----------------- testing Sun Oct 13 06:24:25 UTC 2019 /home/travis/build/icyphy/ptII/ptolemy/actor/lib/test/auto/MovingMaximum.xml
----------------- Instantiating /home/travis/build/icyphy/ptII/ptolemy/actor/lib/test/auto/MovingMaximum.xml
2 ms. Memory: 564224K Free: 442276K (78%)
----------------- Invoking toplevel() on ptolemy.moml.MoMLSimpleApplication@638a23d6
----------------- Done invoking toplevel() on ptolemy.moml.MoMLSimpleApplication@638a23d6
reloadAllAccessors: .MovingMaximum

===========================================================================================
----------------- testing Sun Oct 13 06:24:25 UTC 2019 /home/travis/build/icyphy/ptII/ptolemy/actor/lib/test/auto/MultipleLinksToSameRelation.xml
----------------- Instantiating /home/travis/build/icyphy/ptII/ptolemy/actor/lib/test/auto/MultipleLinksToSameRelation.xml
12 ms. Memory: 564224K Free: 438180K (78%)
----------------- Invoking toplevel() on ptolemy.moml.MoMLSimpleApplication@33abaef7
----------------- Done invoking toplevel() on ptolemy.moml.MoMLSimpleApplication@33abaef7
reloadAllAccessors: .MultipleLinksToSameRelation

===========================================================================================
----------------- testing Sun Oct 13 06:24:25 UTC 2019 /home/travis/build/icyphy/ptII/ptolemy/actor/lib/test/auto/MultipleLinksToSameRelationDE.xml
----------------- Instantiating /home/travis/build/icyphy/ptII/ptolemy/actor/lib/test/auto/MultipleLinksToSameRelationDE.xml
5 ms. Memory: 564224K Free: 433574K (77%)
----------------- Invoking toplevel() on ptolemy.moml.MoMLSimpleApplication@4bdc8bbb
----------------- Done invoking toplevel() on ptolemy.moml.MoMLSimpleApplication@4bdc8bbb
reloadAllAccessors: .MultipleLinksToSameRelationDE

===========================================================================================
----------------- testing Sun Oct 13 06:24:25 UTC 2019 /home/travis/build/icyphy/ptII/ptolemy/actor/lib/test/auto/Multiplexor.xml
----------------- Instantiating /home/travis/build/icyphy/ptII/ptolemy/actor/lib/test/auto/Multiplexor.xml
2 ms. Memory: 564224K Free: 427940K (76%)
----------------- Invoking toplevel() on ptolemy.moml.MoMLSimpleApplication@51bb722
----------------- Done invoking toplevel() on ptolemy.moml.MoMLSimpleApplication@51bb722
reloadAllAccessors: .Multiplexor

===========================================================================================
----------------- testing Sun Oct 13 06:24:26 UTC 2019 /home/travis/build/icyphy/ptII/ptolemy/actor/lib/test/auto/Multiplexor1.xml
----------------- Instantiating /home/travis/build/icyphy/ptII/ptolemy/actor/lib/test/auto/Multiplexor1.xml
2 ms. Memory: 564224K Free: 422310K (75%)
----------------- Invoking toplevel() on ptolemy.moml.MoMLSimpleApplication@2744b5e8
----------------- Done invoking toplevel() on ptolemy.moml.MoMLSimpleApplication@2744b5e8
reloadAllAccessors: .Multiplexor1

===========================================================================================
----------------- testing Sun Oct 13 06:24:26 UTC 2019 /home/travis/build/icyphy/ptII/ptolemy/actor/lib/test/auto/Multiplexor2.xml
----------------- Instantiating /home/travis/build/icyphy/ptII/ptolemy/actor/lib/test/auto/Multiplexor2.xml
5 ms. Memory: 564224K Free: 415652K (74%)
----------------- Invoking toplevel() on ptolemy.moml.MoMLSimpleApplication@4a6728e7
----------------- Done invoking toplevel() on ptolemy.moml.MoMLSimpleApplication@4a6728e7
reloadAllAccessors: .Multiplexor2

===========================================================================================
----------------- testing Sun Oct 13 06:24:26 UTC 2019 /home/travis/build/icyphy/ptII/ptolemy/actor/lib/test/auto/Multiplexor3.xml
----------------- Instantiating /home/travis/build/icyphy/ptII/ptolemy/actor/lib/test/auto/Multiplexor3.xml
2 ms. Memory: 564224K Free: 411556K (73%)
----------------- Invoking toplevel() on ptolemy.moml.MoMLSimpleApplication@6a983b8b
----------------- Done invoking toplevel() on ptolemy.moml.MoMLSimpleApplication@6a983b8b
reloadAllAccessors: .Multiplexor3

===========================================================================================
----------------- testing Sun Oct 13 06:24:26 UTC 2019 /home/travis/build/icyphy/ptII/ptolemy/actor/lib/test/auto/MultiplexorDE.xml
----------------- Instantiating /home/travis/build/icyphy/ptII/ptolemy/actor/lib/test/auto/MultiplexorDE.xml
2 ms. Memory: 564224K Free: 403878K (72%)
----------------- Invoking toplevel() on ptolemy.moml.MoMLSimpleApplication@6b603b8a
----------------- Done invoking toplevel() on ptolemy.moml.MoMLSimpleApplication@6b603b8a
reloadAllAccessors: .MultiplexorDE

===========================================================================================
----------------- testing Sun Oct 13 06:24:26 UTC 2019 /home/travis/build/icyphy/ptII/ptolemy/actor/lib/test/auto/MultiportBroadcastTest.xml
----------------- Instantiating /home/travis/build/icyphy/ptII/ptolemy/actor/lib/test/auto/MultiportBroadcastTest.xml
91 ms. Memory: 564224K Free: 397734K (70%)
----------------- Invoking toplevel() on ptolemy.moml.MoMLSimpleApplication@34c08768
----------------- Done invoking toplevel() on ptolemy.moml.MoMLSimpleApplication@34c08768
reloadAllAccessors: .MultiportBroadcastTest

===========================================================================================
----------------- testing Sun Oct 13 06:24:26 UTC 2019 /home/travis/build/icyphy/ptII/ptolemy/actor/lib/test/auto/MultiportOutHangDuringGetWidth.xml
----------------- Instantiating /home/travis/build/icyphy/ptII/ptolemy/actor/lib/test/auto/MultiportOutHangDuringGetWidth.xml
11 ms. Memory: 564224K Free: 385446K (68%)
----------------- Invoking toplevel() on ptolemy.moml.MoMLSimpleApplication@5dda9e8e
----------------- Done invoking toplevel() on ptolemy.moml.MoMLSimpleApplication@5dda9e8e
reloadAllAccessors: .MultiportOutHangDuringGetWidth

===========================================================================================
----------------- testing Sun Oct 13 06:24:26 UTC 2019 /home/travis/build/icyphy/ptII/ptolemy/actor/lib/test/auto/NilToken.xml
----------------- Instantiating /home/travis/build/icyphy/ptII/ptolemy/actor/lib/test/auto/NilToken.xml
2 ms. Memory: 564224K Free: 381350K (68%)
----------------- Invoking toplevel() on ptolemy.moml.MoMLSimpleApplication@21523a27
----------------- Done invoking toplevel() on ptolemy.moml.MoMLSimpleApplication@21523a27
reloadAllAccessors: .NilToken

===========================================================================================
----------------- testing Sun Oct 13 06:24:26 UTC 2019 /home/travis/build/icyphy/ptII/ptolemy/actor/lib/test/auto/NilTokenNonStrictTest.xml
----------------- Instantiating /home/travis/build/icyphy/ptII/ptolemy/actor/lib/test/auto/NilTokenNonStrictTest.xml
2 ms. Memory: 564224K Free: 376740K (67%)
----------------- Invoking toplevel() on ptolemy.moml.MoMLSimpleApplication@2a782790
----------------- Done invoking toplevel() on ptolemy.moml.MoMLSimpleApplication@2a782790
reloadAllAccessors: .NilTokenNonStrictTest

===========================================================================================
----------------- testing Sun Oct 13 06:24:26 UTC 2019 /home/travis/build/icyphy/ptII/ptolemy/actor/lib/test/auto/NilTokenRecord.xml
----------------- Instantiating /home/travis/build/icyphy/ptII/ptolemy/actor/lib/test/auto/NilTokenRecord.xml
14 ms. Memory: 564224K Free: 370086K (66%)
----------------- Invoking toplevel() on ptolemy.moml.MoMLSimpleApplication@4efe26f
----------------- Done invoking toplevel() on ptolemy.moml.MoMLSimpleApplication@4efe26f
reloadAllAccessors: .NilTokenRecord

===========================================================================================
----------------- testing Sun Oct 13 06:24:26 UTC 2019 /home/travis/build/icyphy/ptII/ptolemy/actor/lib/test/auto/NilTokenTypeTest.xml
----------------- Instantiating /home/travis/build/icyphy/ptII/ptolemy/actor/lib/test/auto/NilTokenTypeTest.xml
7 ms. Memory: 564224K Free: 359846K (64%)
----------------- Invoking toplevel() on ptolemy.moml.MoMLSimpleApplication@74fb29e8
----------------- Done invoking toplevel() on ptolemy.moml.MoMLSimpleApplication@74fb29e8
reloadAllAccessors: .NilTokenTypeTest

===========================================================================================
----------------- testing Sun Oct 13 06:24:26 UTC 2019 /home/travis/build/icyphy/ptII/ptolemy/actor/lib/test/auto/ObjectToken1.xml
----------------- Instantiating /home/travis/build/icyphy/ptII/ptolemy/actor/lib/test/auto/ObjectToken1.xml
3 ms. Memory: 564224K Free: 355750K (63%)
----------------- Invoking toplevel() on ptolemy.moml.MoMLSimpleApplication@5a9eb761
----------------- Done invoking toplevel() on ptolemy.moml.MoMLSimpleApplication@5a9eb761
reloadAllAccessors: .ObjectToken1

===========================================================================================
----------------- testing Sun Oct 13 06:24:26 UTC 2019 /home/travis/build/icyphy/ptII/ptolemy/actor/lib/test/auto/OrderedMerge.xml
----------------- Instantiating /home/travis/build/icyphy/ptII/ptolemy/actor/lib/test/auto/OrderedMerge.xml
6 ms. Memory: 564224K Free: 350116K (62%)
----------------- Invoking toplevel() on ptolemy.moml.MoMLSimpleApplication@459b9e2b
----------------- Done invoking toplevel() on ptolemy.moml.MoMLSimpleApplication@459b9e2b
reloadAllAccessors: .OrderedMerge

===========================================================================================
----------------- testing Sun Oct 13 06:24:26 UTC 2019 /home/travis/build/icyphy/ptII/ptolemy/actor/lib/test/auto/OrderedRecordDisassembler.xml
----------------- Instantiating /home/travis/build/icyphy/ptII/ptolemy/actor/lib/test/auto/OrderedRecordDisassembler.xml
3 ms. Memory: 564224K Free: 344966K (61%)
----------------- Invoking toplevel() on ptolemy.moml.MoMLSimpleApplication@5660793b
----------------- Done invoking toplevel() on ptolemy.moml.MoMLSimpleApplication@5660793b
reloadAllAccessors: .OrderedRecordDisassembler

===========================================================================================
----------------- testing Sun Oct 13 06:24:26 UTC 2019 /home/travis/build/icyphy/ptII/ptolemy/actor/lib/test/auto/OrderedRecordDisassembler2.xml
----------------- Instantiating /home/travis/build/icyphy/ptII/ptolemy/actor/lib/test/auto/OrderedRecordDisassembler2.xml
5 ms. Memory: 564224K Free: 337318K (60%)
----------------- Invoking toplevel() on ptolemy.moml.MoMLSimpleApplication@1be458f
----------------- Done invoking toplevel() on ptolemy.moml.MoMLSimpleApplication@1be458f
reloadAllAccessors: .OrderedRecordDisassembler2

===========================================================================================
----------------- testing Sun Oct 13 06:24:26 UTC 2019 /home/travis/build/icyphy/ptII/ptolemy/actor/lib/test/auto/OrderedRecordUpdater.xml
----------------- Instantiating /home/travis/build/icyphy/ptII/ptolemy/actor/lib/test/auto/OrderedRecordUpdater.xml
2 ms. Memory: 564224K Free: 332708K (59%)
----------------- Invoking toplevel() on ptolemy.moml.MoMLSimpleApplication@299eff95
----------------- Done invoking toplevel() on ptolemy.moml.MoMLSimpleApplication@299eff95
reloadAllAccessors: .RecordUpdater

===========================================================================================
----------------- testing Sun Oct 13 06:24:26 UTC 2019 /home/travis/build/icyphy/ptII/ptolemy/actor/lib/test/auto/OrderedRecordUpdater2.xml
----------------- Instantiating /home/travis/build/icyphy/ptII/ptolemy/actor/lib/test/auto/OrderedRecordUpdater2.xml
3 ms. Memory: 564224K Free: 327588K (58%)
----------------- Invoking toplevel() on ptolemy.moml.MoMLSimpleApplication@294c51a1
----------------- Done invoking toplevel() on ptolemy.moml.MoMLSimpleApplication@294c51a1
reloadAllAccessors: .RecordUpdater2

===========================================================================================
----------------- testing Sun Oct 13 06:24:26 UTC 2019 /home/travis/build/icyphy/ptII/ptolemy/actor/lib/test/auto/PhaseUnwrap.xml
----------------- Instantiating /home/travis/build/icyphy/ptII/ptolemy/actor/lib/test/auto/PhaseUnwrap.xml
2 ms. Memory: 564224K Free: 322982K (57%)
----------------- Invoking toplevel() on ptolemy.moml.MoMLSimpleApplication@58a45cb4
----------------- Done invoking toplevel() on ptolemy.moml.MoMLSimpleApplication@58a45cb4
reloadAllAccessors: .PhaseUnwrap

===========================================================================================
----------------- testing Sun Oct 13 06:24:26 UTC 2019 /home/travis/build/icyphy/ptII/ptolemy/actor/lib/test/auto/PoissonClock.xml
----------------- Instantiating /home/travis/build/icyphy/ptII/ptolemy/actor/lib/test/auto/PoissonClock.xml
2 ms. Memory: 564224K Free: 318886K (57%)
----------------- Invoking toplevel() on ptolemy.moml.MoMLSimpleApplication@48d9bbf0
----------------- Done invoking toplevel() on ptolemy.moml.MoMLSimpleApplication@48d9bbf0
reloadAllAccessors: .PoissonClock

===========================================================================================
----------------- testing Sun Oct 13 06:24:26 UTC 2019 /home/travis/build/icyphy/ptII/ptolemy/actor/lib/test/auto/PoissonClock2.xml
----------------- Instantiating /home/travis/build/icyphy/ptII/ptolemy/actor/lib/test/auto/PoissonClock2.xml
2 ms. Memory: 564224K Free: 314276K (56%)
----------------- Invoking toplevel() on ptolemy.moml.MoMLSimpleApplication@220835ca
----------------- Done invoking toplevel() on ptolemy.moml.MoMLSimpleApplication@220835ca
reloadAllAccessors: .PoissonClock2

===========================================================================================
----------------- testing Sun Oct 13 06:24:26 UTC 2019 /home/travis/build/icyphy/ptII/ptolemy/actor/lib/test/auto/PoissonClock3.xml
----------------- Instantiating /home/travis/build/icyphy/ptII/ptolemy/actor/lib/test/auto/PoissonClock3.xml
1 ms. Memory: 564224K Free: 309670K (55%)
----------------- Invoking toplevel() on ptolemy.moml.MoMLSimpleApplication@40aefc0f
----------------- Done invoking toplevel() on ptolemy.moml.MoMLSimpleApplication@40aefc0f
reloadAllAccessors: .PoissonClock3

===========================================================================================
----------------- testing Sun Oct 13 06:24:26 UTC 2019 /home/travis/build/icyphy/ptII/ptolemy/actor/lib/test/auto/PubSubWithInitialTokens.xml
----------------- Instantiating /home/travis/build/icyphy/ptII/ptolemy/actor/lib/test/auto/PubSubWithInitialTokens.xml
2 ms. Memory: 564224K Free: 304006K (54%)
----------------- Invoking toplevel() on ptolemy.moml.MoMLSimpleApplication@82c785a
----------------- Done invoking toplevel() on ptolemy.moml.MoMLSimpleApplication@82c785a
reloadAllAccessors: .PubSubWithInitialTokens

===========================================================================================
----------------- testing Sun Oct 13 06:24:26 UTC 2019 /home/travis/build/icyphy/ptII/ptolemy/actor/lib/test/auto/PubSubWithInitialTokens2.xml
----------------- Instantiating /home/travis/build/icyphy/ptII/ptolemy/actor/lib/test/auto/PubSubWithInitialTokens2.xml
2 ms. Memory: 564224K Free: 297382K (53%)
----------------- Invoking toplevel() on ptolemy.moml.MoMLSimpleApplication@1a37f13b
----------------- Done invoking toplevel() on ptolemy.moml.MoMLSimpleApplication@1a37f13b
reloadAllAccessors: .PubSubWithInitialTokens2

===========================================================================================
----------------- testing Sun Oct 13 06:24:26 UTC 2019 /home/travis/build/icyphy/ptII/ptolemy/actor/lib/test/auto/PublisherClassNoParameter.xml
----------------- Instantiating /home/travis/build/icyphy/ptII/ptolemy/actor/lib/test/auto/PublisherClassNoParameter.xml
2 ms. Memory: 564224K Free: 287646K (51%)
----------------- Invoking toplevel() on ptolemy.moml.MoMLSimpleApplication@37abe7f0
----------------- Done invoking toplevel() on ptolemy.moml.MoMLSimpleApplication@37abe7f0
reloadAllAccessors: .PublisherClassNoParameter

===========================================================================================
----------------- testing Sun Oct 13 06:24:26 UTC 2019 /home/travis/build/icyphy/ptII/ptolemy/actor/lib/test/auto/PublisherClassParameter.xml
----------------- Instantiating /home/travis/build/icyphy/ptII/ptolemy/actor/lib/test/auto/PublisherClassParameter.xml
3 ms. Memory: 564224K Free: 276902K (49%)
----------------- Invoking toplevel() on ptolemy.moml.MoMLSimpleApplication@590754b6
----------------- Done invoking toplevel() on ptolemy.moml.MoMLSimpleApplication@590754b6
reloadAllAccessors: .PublisherClassParameter

===========================================================================================
----------------- testing Sun Oct 13 06:24:26 UTC 2019 /home/travis/build/icyphy/ptII/ptolemy/actor/lib/test/auto/PublisherNonStrictTest.xml
----------------- Instantiating /home/travis/build/icyphy/ptII/ptolemy/actor/lib/test/auto/PublisherNonStrictTest.xml
3 ms. Memory: 564224K Free: 269214K (48%)
----------------- Invoking toplevel() on ptolemy.moml.MoMLSimpleApplication@62d700d9
----------------- Done invoking toplevel() on ptolemy.moml.MoMLSimpleApplication@62d700d9
reloadAllAccessors: .PublisherNonStrictTest

===========================================================================================
----------------- testing Sun Oct 13 06:24:26 UTC 2019 /home/travis/build/icyphy/ptII/ptolemy/actor/lib/test/auto/PublisherPort1.xml
----------------- Instantiating /home/travis/build/icyphy/ptII/ptolemy/actor/lib/test/auto/PublisherPort1.xml
2 ms. Memory: 564224K Free: 263590K (47%)
----------------- Invoking toplevel() on ptolemy.moml.MoMLSimpleApplication@13988c8b
----------------- Done invoking toplevel() on ptolemy.moml.MoMLSimpleApplication@13988c8b
reloadAllAccessors: .PublisherPort1

===========================================================================================
----------------- testing Sun Oct 13 06:24:26 UTC 2019 /home/travis/build/icyphy/ptII/ptolemy/actor/lib/test/auto/PublisherPort2.xml
----------------- Instantiating /home/travis/build/icyphy/ptII/ptolemy/actor/lib/test/auto/PublisherPort2.xml
2 ms. Memory: 564224K Free: 258470K (46%)
----------------- Invoking toplevel() on ptolemy.moml.MoMLSimpleApplication@7ee3550d
----------------- Done invoking toplevel() on ptolemy.moml.MoMLSimpleApplication@7ee3550d
reloadAllAccessors: .PublisherPort2

===========================================================================================
----------------- testing Sun Oct 13 06:24:26 UTC 2019 /home/travis/build/icyphy/ptII/ptolemy/actor/lib/test/auto/PublisherPort3.xml
----------------- Instantiating /home/travis/build/icyphy/ptII/ptolemy/actor/lib/test/auto/PublisherPort3.xml
11 ms. Memory: 564224K Free: 251782K (45%)
----------------- Invoking toplevel() on ptolemy.moml.MoMLSimpleApplication@732dc695
----------------- Done invoking toplevel() on ptolemy.moml.MoMLSimpleApplication@732dc695
reloadAllAccessors: .PublisherPort3

===========================================================================================
----------------- testing Sun Oct 13 06:24:26 UTC 2019 /home/travis/build/icyphy/ptII/ptolemy/actor/lib/test/auto/PublisherPort4.xml
----------------- Instantiating /home/travis/build/icyphy/ptII/ptolemy/actor/lib/test/auto/PublisherPort4.xml
3 ms. Memory: 564224K Free: 246182K (44%)
----------------- Invoking toplevel() on ptolemy.moml.MoMLSimpleApplication@114c8059
----------------- Done invoking toplevel() on ptolemy.moml.MoMLSimpleApplication@114c8059
reloadAllAccessors: .PublisherPort4

===========================================================================================
----------------- testing Sun Oct 13 06:24:26 UTC 2019 /home/travis/build/icyphy/ptII/ptolemy/actor/lib/test/auto/PublisherPort5.xml
----------------- Instantiating /home/travis/build/icyphy/ptII/ptolemy/actor/lib/test/auto/PublisherPort5.xml
4 ms. Memory: 564224K Free: 238500K (42%)
----------------- Invoking toplevel() on ptolemy.moml.MoMLSimpleApplication@4fab5178
----------------- Done invoking toplevel() on ptolemy.moml.MoMLSimpleApplication@4fab5178
reloadAllAccessors: .PublisherPort5

===========================================================================================
----------------- testing Sun Oct 13 06:24:26 UTC 2019 /home/travis/build/icyphy/ptII/ptolemy/actor/lib/test/auto/PublisherPort5LookAlike.xml
----------------- Instantiating /home/travis/build/icyphy/ptII/ptolemy/actor/lib/test/auto/PublisherPort5LookAlike.xml
8 ms. Memory: 564224K Free: 230308K (41%)
----------------- Invoking toplevel() on ptolemy.moml.MoMLSimpleApplication@1fb5edab
----------------- Done invoking toplevel() on ptolemy.moml.MoMLSimpleApplication@1fb5edab
reloadAllAccessors: .PublisherPort5LookAlike

===========================================================================================
----------------- testing Sun Oct 13 06:24:26 UTC 2019 /home/travis/build/icyphy/ptII/ptolemy/actor/lib/test/auto/PublisherPort6.xml
----------------- Instantiating /home/travis/build/icyphy/ptII/ptolemy/actor/lib/test/auto/PublisherPort6.xml
2 ms. Memory: 564224K Free: 223654K (40%)
----------------- Invoking toplevel() on ptolemy.moml.MoMLSimpleApplication@214d1ccf
----------------- Done invoking toplevel() on ptolemy.moml.MoMLSimpleApplication@214d1ccf
reloadAllAccessors: .PublisherPort6

===========================================================================================
----------------- testing Sun Oct 13 06:24:26 UTC 2019 /home/travis/build/icyphy/ptII/ptolemy/actor/lib/test/auto/PublisherPort7.xml
----------------- Instantiating /home/travis/build/icyphy/ptII/ptolemy/actor/lib/test/auto/PublisherPort7.xml
3 ms. Memory: 564224K Free: 215972K (38%)
----------------- Invoking toplevel() on ptolemy.moml.MoMLSimpleApplication@20a1c0a7
----------------- Done invoking toplevel() on ptolemy.moml.MoMLSimpleApplication@20a1c0a7
reloadAllAccessors: .PublisherPort7

===========================================================================================
----------------- testing Sun Oct 13 06:24:26 UTC 2019 /home/travis/build/icyphy/ptII/ptolemy/actor/lib/test/auto/PublisherPort8.xml
----------------- Instantiating /home/travis/build/icyphy/ptII/ptolemy/actor/lib/test/auto/PublisherPort8.xml
4 ms. Memory: 564224K Free: 207270K (37%)
----------------- Invoking toplevel() on ptolemy.moml.MoMLSimpleApplication@6e39bc7c
----------------- Done invoking toplevel() on ptolemy.moml.MoMLSimpleApplication@6e39bc7c
reloadAllAccessors: .PublisherPort8

===========================================================================================
----------------- testing Sun Oct 13 06:24:26 UTC 2019 /home/travis/build/icyphy/ptII/ptolemy/actor/lib/test/auto/PublisherPortSubscriberChannelVariablesAOC2.xml
----------------- Instantiating /home/travis/build/icyphy/ptII/ptolemy/actor/lib/test/auto/PublisherPortSubscriberChannelVariablesAOC2.xml
3 ms. Memory: 564224K Free: 188838K (33%)
----------------- Invoking toplevel() on ptolemy.moml.MoMLSimpleApplication@2990c135
----------------- Done invoking toplevel() on ptolemy.moml.MoMLSimpleApplication@2990c135
reloadAllAccessors: .PublisherPortSubscriberChannelVariablesAOC2

===========================================================================================
----------------- testing Sun Oct 13 06:24:26 UTC 2019 /home/travis/build/icyphy/ptII/ptolemy/actor/lib/test/auto/PublisherPortSubscriberOpaqueWidthInference.xml
----------------- Instantiating /home/travis/build/icyphy/ptII/ptolemy/actor/lib/test/auto/PublisherPortSubscriberOpaqueWidthInference.xml
4 ms. Memory: 564224K Free: 509862K (90%)
----------------- Invoking toplevel() on ptolemy.moml.MoMLSimpleApplication@847dc4c
----------------- Done invoking toplevel() on ptolemy.moml.MoMLSimpleApplication@847dc4c
reloadAllAccessors: .PublisherPortSubscriberOpaqueWidthInference

===========================================================================================
----------------- testing Sun Oct 13 06:24:26 UTC 2019 /home/travis/build/icyphy/ptII/ptolemy/actor/lib/test/auto/PublisherPortSubscriberPortAdjacent.xml
----------------- Instantiating /home/travis/build/icyphy/ptII/ptolemy/actor/lib/test/auto/PublisherPortSubscriberPortAdjacent.xml
2 ms. Memory: 564224K Free: 501156K (89%)
----------------- Invoking toplevel() on ptolemy.moml.MoMLSimpleApplication@a38fd80
----------------- Done invoking toplevel() on ptolemy.moml.MoMLSimpleApplication@a38fd80
reloadAllAccessors: .PublisherPortSubscriberPortAdjacent

===========================================================================================
----------------- testing Sun Oct 13 06:24:26 UTC 2019 /home/travis/build/icyphy/ptII/ptolemy/actor/lib/test/auto/PublisherPortSubscriberPortExpression.xml
----------------- Instantiating /home/travis/build/icyphy/ptII/ptolemy/actor/lib/test/auto/PublisherPortSubscriberPortExpression.xml
9 ms. Memory: 564224K Free: 493478K (87%)
----------------- Invoking toplevel() on ptolemy.moml.MoMLSimpleApplication@7cce1
----------------- Done invoking toplevel() on ptolemy.moml.MoMLSimpleApplication@7cce1
reloadAllAccessors: .PublisherPortSubscriberPortExpression

===========================================================================================
----------------- testing Sun Oct 13 06:24:26 UTC 2019 /home/travis/build/icyphy/ptII/ptolemy/actor/lib/test/auto/PublisherPortSubscriberPortOpaqueD3Reverse.xml
----------------- Instantiating /home/travis/build/icyphy/ptII/ptolemy/actor/lib/test/auto/PublisherPortSubscriberPortOpaqueD3Reverse.xml
10 ms. Memory: 564224K Free: 483238K (86%)
----------------- Invoking toplevel() on ptolemy.moml.MoMLSimpleApplication@63a0f172
----------------- Done invoking toplevel() on ptolemy.moml.MoMLSimpleApplication@63a0f172
reloadAllAccessors: .PublisherPortSubscriberPortOpaqueD3Reverse

===========================================================================================
----------------- testing Sun Oct 13 06:24:27 UTC 2019 /home/travis/build/icyphy/ptII/ptolemy/actor/lib/test/auto/PublisherPortSubscriberPortOpaqueWidthInference.xml
----------------- Instantiating /home/travis/build/icyphy/ptII/ptolemy/actor/lib/test/auto/PublisherPortSubscriberPortOpaqueWidthInference.xml
4 ms. Memory: 564224K Free: 475542K (84%)
----------------- Invoking toplevel() on ptolemy.moml.MoMLSimpleApplication@2ad5c49b
----------------- Done invoking toplevel() on ptolemy.moml.MoMLSimpleApplication@2ad5c49b
reloadAllAccessors: .PublisherPortSubscriberPortOpaqueWidthInference

===========================================================================================
----------------- testing Sun Oct 13 06:24:27 UTC 2019 /home/travis/build/icyphy/ptII/ptolemy/actor/lib/test/auto/PublisherPortToplevelSubscriberPortAOC.xml
----------------- Instantiating /home/travis/build/icyphy/ptII/ptolemy/actor/lib/test/auto/PublisherPortToplevelSubscriberPortAOC.xml
.PublisherPortToplevelSubscriberPortAOC.TestExceptionAttribute: initialize() was not invoked, but wrapup() was.  This is unusual, but not always a problem.  For example, exporting JNLP will do this.
1 ms. Memory: 564224K Free: 469926K (83%)
----------------- Invoking toplevel() on ptolemy.moml.MoMLSimpleApplication@a66940f
----------------- Done invoking toplevel() on ptolemy.moml.MoMLSimpleApplication@a66940f
reloadAllAccessors: .PublisherPortToplevelSubscriberPortAOC

===========================================================================================
----------------- testing Sun Oct 13 06:24:27 UTC 2019 /home/travis/build/icyphy/ptII/ptolemy/actor/lib/test/auto/PublisherSubscriber.xml
----------------- Instantiating /home/travis/build/icyphy/ptII/ptolemy/actor/lib/test/auto/PublisherSubscriber.xml
4 ms. Memory: 564224K Free: 462758K (82%)
----------------- Invoking toplevel() on ptolemy.moml.MoMLSimpleApplication@1192c379
----------------- Done invoking toplevel() on ptolemy.moml.MoMLSimpleApplication@1192c379
reloadAllAccessors: .PublisherSubscriber

===========================================================================================
----------------- testing Sun Oct 13 06:24:27 UTC 2019 /home/travis/build/icyphy/ptII/ptolemy/actor/lib/test/auto/PublisherSubscriber10.xml
----------------- Instantiating /home/travis/build/icyphy/ptII/ptolemy/actor/lib/test/auto/PublisherSubscriber10.xml
5 ms. Memory: 564224K Free: 453028K (80%)
----------------- Invoking toplevel() on ptolemy.moml.MoMLSimpleApplication@61c7267d
----------------- Done invoking toplevel() on ptolemy.moml.MoMLSimpleApplication@61c7267d
reloadAllAccessors: .PublisherSubscriber10

===========================================================================================
----------------- testing Sun Oct 13 06:24:27 UTC 2019 /home/travis/build/icyphy/ptII/ptolemy/actor/lib/test/auto/PublisherSubscriber10InitialOutputs.xml
----------------- Instantiating /home/travis/build/icyphy/ptII/ptolemy/actor/lib/test/auto/PublisherSubscriber10InitialOutputs.xml
6 ms. Memory: 564224K Free: 443302K (79%)
----------------- Invoking toplevel() on ptolemy.moml.MoMLSimpleApplication@7169fffc
----------------- Done invoking toplevel() on ptolemy.moml.MoMLSimpleApplication@7169fffc
reloadAllAccessors: .PublisherSubscriber10InitialOutputs

===========================================================================================
----------------- testing Sun Oct 13 06:24:27 UTC 2019 /home/travis/build/icyphy/ptII/ptolemy/actor/lib/test/auto/PublisherSubscriber11.xml
----------------- Instantiating /home/travis/build/icyphy/ptII/ptolemy/actor/lib/test/auto/PublisherSubscriber11.xml
2 ms. Memory: 564224K Free: 437158K (77%)
----------------- Invoking toplevel() on ptolemy.moml.MoMLSimpleApplication@1f43d3c
----------------- Done invoking toplevel() on ptolemy.moml.MoMLSimpleApplication@1f43d3c
reloadAllAccessors: .PublisherSubscriber11

===========================================================================================
----------------- testing Sun Oct 13 06:24:27 UTC 2019 /home/travis/build/icyphy/ptII/ptolemy/actor/lib/test/auto/PublisherSubscriber12.xml
----------------- Instantiating /home/travis/build/icyphy/ptII/ptolemy/actor/lib/test/auto/PublisherSubscriber12.xml
6 ms. Memory: 564224K Free: 429990K (76%)
----------------- Invoking toplevel() on ptolemy.moml.MoMLSimpleApplication@7f5af462
----------------- Done invoking toplevel() on ptolemy.moml.MoMLSimpleApplication@7f5af462
reloadAllAccessors: .PublisherSubscriber12

===========================================================================================
----------------- testing Sun Oct 13 06:24:27 UTC 2019 /home/travis/build/icyphy/ptII/ptolemy/actor/lib/test/auto/PublisherSubscriber13.xml
----------------- Instantiating /home/travis/build/icyphy/ptII/ptolemy/actor/lib/test/auto/PublisherSubscriber13.xml
2 ms. Memory: 564224K Free: 424342K (75%)
----------------- Invoking toplevel() on ptolemy.moml.MoMLSimpleApplication@184dcdc5
----------------- Done invoking toplevel() on ptolemy.moml.MoMLSimpleApplication@184dcdc5
reloadAllAccessors: .PublisherSubscriber13

===========================================================================================
----------------- testing Sun Oct 13 06:24:27 UTC 2019 /home/travis/build/icyphy/ptII/ptolemy/actor/lib/test/auto/PublisherSubscriber14.xml
----------------- Instantiating /home/travis/build/icyphy/ptII/ptolemy/actor/lib/test/auto/PublisherSubscriber14.xml
2 ms. Memory: 564224K Free: 415654K (74%)
----------------- Invoking toplevel() on ptolemy.moml.MoMLSimpleApplication@6d943389
----------------- Done invoking toplevel() on ptolemy.moml.MoMLSimpleApplication@6d943389
reloadAllAccessors: .PublisherSubscriber14

===========================================================================================
----------------- testing Sun Oct 13 06:24:27 UTC 2019 /home/travis/build/icyphy/ptII/ptolemy/actor/lib/test/auto/PublisherSubscriber2.xml
----------------- Instantiating /home/travis/build/icyphy/ptII/ptolemy/actor/lib/test/auto/PublisherSubscriber2.xml
4 ms. Memory: 564224K Free: 409990K (73%)
----------------- Invoking toplevel() on ptolemy.moml.MoMLSimpleApplication@2d29c3ef
----------------- Done invoking toplevel() on ptolemy.moml.MoMLSimpleApplication@2d29c3ef
reloadAllAccessors: .PublisherSubscriber2

===========================================================================================
----------------- testing Sun Oct 13 06:24:27 UTC 2019 /home/travis/build/icyphy/ptII/ptolemy/actor/lib/test/auto/PublisherSubscriber3.xml
----------------- Instantiating /home/travis/build/icyphy/ptII/ptolemy/actor/lib/test/auto/PublisherSubscriber3.xml
2 ms. Memory: 564224K Free: 403862K (72%)
----------------- Invoking toplevel() on ptolemy.moml.MoMLSimpleApplication@779e2afc
----------------- Done invoking toplevel() on ptolemy.moml.MoMLSimpleApplication@779e2afc
reloadAllAccessors: .PublisherSubscriber3

===========================================================================================
----------------- testing Sun Oct 13 06:24:27 UTC 2019 /home/travis/build/icyphy/ptII/ptolemy/actor/lib/test/auto/PublisherSubscriber4.xml
----------------- Instantiating /home/travis/build/icyphy/ptII/ptolemy/actor/lib/test/auto/PublisherSubscriber4.xml
2 ms. Memory: 564224K Free: 398726K (71%)
----------------- Invoking toplevel() on ptolemy.moml.MoMLSimpleApplication@2c4b8b54
----------------- Done invoking toplevel() on ptolemy.moml.MoMLSimpleApplication@2c4b8b54
reloadAllAccessors: .PublisherSubscriber4

===========================================================================================
----------------- testing Sun Oct 13 06:24:27 UTC 2019 /home/travis/build/icyphy/ptII/ptolemy/actor/lib/test/auto/PublisherSubscriber5.xml
----------------- Instantiating /home/travis/build/icyphy/ptII/ptolemy/actor/lib/test/auto/PublisherSubscriber5.xml
2 ms. Memory: 564224K Free: 392102K (69%)
----------------- Invoking toplevel() on ptolemy.moml.MoMLSimpleApplication@3a50c3c4
----------------- Done invoking toplevel() on ptolemy.moml.MoMLSimpleApplication@3a50c3c4
reloadAllAccessors: .PublisherSubscriber5

===========================================================================================
----------------- testing Sun Oct 13 06:24:27 UTC 2019 /home/travis/build/icyphy/ptII/ptolemy/actor/lib/test/auto/PublisherSubscriber6.xml
----------------- Instantiating /home/travis/build/icyphy/ptII/ptolemy/actor/lib/test/auto/PublisherSubscriber6.xml
4 ms. Memory: 564224K Free: 385430K (68%)
----------------- Invoking toplevel() on ptolemy.moml.MoMLSimpleApplication@250eb0b2
----------------- Done invoking toplevel() on ptolemy.moml.MoMLSimpleApplication@250eb0b2
reloadAllAccessors: .PublisherSubscriber6

===========================================================================================
----------------- testing Sun Oct 13 06:24:27 UTC 2019 /home/travis/build/icyphy/ptII/ptolemy/actor/lib/test/auto/PublisherSubscriber7.xml
----------------- Instantiating /home/travis/build/icyphy/ptII/ptolemy/actor/lib/test/auto/PublisherSubscriber7.xml
8 ms. Memory: 564224K Free: 378276K (67%)
----------------- Invoking toplevel() on ptolemy.moml.MoMLSimpleApplication@648241c2
----------------- Done invoking toplevel() on ptolemy.moml.MoMLSimpleApplication@648241c2
reloadAllAccessors: .PublisherSubscriber7

===========================================================================================
----------------- testing Sun Oct 13 06:24:27 UTC 2019 /home/travis/build/icyphy/ptII/ptolemy/actor/lib/test/auto/PublisherSubscriber8.xml
----------------- Instantiating /home/travis/build/icyphy/ptII/ptolemy/actor/lib/test/auto/PublisherSubscriber8.xml
22 ms. Memory: 564224K Free: 365988K (65%)
----------------- Invoking toplevel() on ptolemy.moml.MoMLSimpleApplication@b52a41a
----------------- Done invoking toplevel() on ptolemy.moml.MoMLSimpleApplication@b52a41a
reloadAllAccessors: .PublisherSubscriber8

===========================================================================================
----------------- testing Sun Oct 13 06:24:27 UTC 2019 /home/travis/build/icyphy/ptII/ptolemy/actor/lib/test/auto/PublisherSubscriber9.xml
----------------- Instantiating /home/travis/build/icyphy/ptII/ptolemy/actor/lib/test/auto/PublisherSubscriber9.xml
3 ms. Memory: 564224K Free: 358820K (64%)
----------------- Invoking toplevel() on ptolemy.moml.MoMLSimpleApplication@402a9ddb
----------------- Done invoking toplevel() on ptolemy.moml.MoMLSimpleApplication@402a9ddb
reloadAllAccessors: .PublisherSubscriber9

===========================================================================================
----------------- testing Sun Oct 13 06:24:27 UTC 2019 /home/travis/build/icyphy/ptII/ptolemy/actor/lib/test/auto/PublisherSubscriberAdjacent.xml
----------------- Instantiating /home/travis/build/icyphy/ptII/ptolemy/actor/lib/test/auto/PublisherSubscriberAdjacent.xml
1 ms. Memory: 564224K Free: 350628K (62%)
----------------- Invoking toplevel() on ptolemy.moml.MoMLSimpleApplication@3b580cd5
----------------- Done invoking toplevel() on ptolemy.moml.MoMLSimpleApplication@3b580cd5
reloadAllAccessors: .PublisherSubscriberAdjacent

===========================================================================================
----------------- testing Sun Oct 13 06:24:27 UTC 2019 /home/travis/build/icyphy/ptII/ptolemy/actor/lib/test/auto/PublisherSubscriberChannelVariablesAOC2.xml
----------------- Instantiating /home/travis/build/icyphy/ptII/ptolemy/actor/lib/test/auto/PublisherSubscriberChannelVariablesAOC2.xml
3 ms. Memory: 564224K Free: 336278K (60%)
----------------- Invoking toplevel() on ptolemy.moml.MoMLSimpleApplication@7e35b01b
----------------- Done invoking toplevel() on ptolemy.moml.MoMLSimpleApplication@7e35b01b
reloadAllAccessors: .PublisherSubscriberChannelVariablesAOC2

===========================================================================================
----------------- testing Sun Oct 13 06:24:27 UTC 2019 /home/travis/build/icyphy/ptII/ptolemy/actor/lib/test/auto/PublisherSubscriberD3.xml
----------------- Instantiating /home/travis/build/icyphy/ptII/ptolemy/actor/lib/test/auto/PublisherSubscriberD3.xml
1 ms. Memory: 564224K Free: 329124K (58%)
----------------- Invoking toplevel() on ptolemy.moml.MoMLSimpleApplication@668b67cb
----------------- Done invoking toplevel() on ptolemy.moml.MoMLSimpleApplication@668b67cb
reloadAllAccessors: .PublisherSubscriberD3

===========================================================================================
----------------- testing Sun Oct 13 06:24:27 UTC 2019 /home/travis/build/icyphy/ptII/ptolemy/actor/lib/test/auto/PublisherSubscriberD3Reverse.xml
----------------- Instantiating /home/travis/build/icyphy/ptII/ptolemy/actor/lib/test/auto/PublisherSubscriberD3Reverse.xml
1 ms. Memory: 564224K Free: 322470K (57%)
----------------- Invoking toplevel() on ptolemy.moml.MoMLSimpleApplication@27c4aa3b
----------------- Done invoking toplevel() on ptolemy.moml.MoMLSimpleApplication@27c4aa3b
reloadAllAccessors: .PublisherSubscriberD3Reverse

===========================================================================================
----------------- testing Sun Oct 13 06:24:27 UTC 2019 /home/travis/build/icyphy/ptII/ptolemy/actor/lib/test/auto/PublisherSubscriberExpression.xml
----------------- Instantiating /home/travis/build/icyphy/ptII/ptolemy/actor/lib/test/auto/PublisherSubscriberExpression.xml
5 ms. Memory: 564224K Free: 314278K (56%)
----------------- Invoking toplevel() on ptolemy.moml.MoMLSimpleApplication@59d20707
----------------- Done invoking toplevel() on ptolemy.moml.MoMLSimpleApplication@59d20707
reloadAllAccessors: .PublisherSubscriberExpression

===========================================================================================
----------------- testing Sun Oct 13 06:24:27 UTC 2019 /home/travis/build/icyphy/ptII/ptolemy/actor/lib/test/auto/PublisherSubscriberOpaque.xml
----------------- Instantiating /home/travis/build/icyphy/ptII/ptolemy/actor/lib/test/auto/PublisherSubscriberOpaque.xml
3 ms. Memory: 564224K Free: 306086K (54%)
----------------- Invoking toplevel() on ptolemy.moml.MoMLSimpleApplication@7df2e12
----------------- Done invoking toplevel() on ptolemy.moml.MoMLSimpleApplication@7df2e12
reloadAllAccessors: .PublisherSubscriberOpaque

===========================================================================================
----------------- testing Sun Oct 13 06:24:27 UTC 2019 /home/travis/build/icyphy/ptII/ptolemy/actor/lib/test/auto/PublisherSubscriberOpaqueD3.xml
----------------- Instantiating /home/travis/build/icyphy/ptII/ptolemy/actor/lib/test/auto/PublisherSubscriberOpaqueD3.xml
6 ms. Memory: 564224K Free: 294308K (52%)
----------------- Invoking toplevel() on ptolemy.moml.MoMLSimpleApplication@519d1496
----------------- Done invoking toplevel() on ptolemy.moml.MoMLSimpleApplication@519d1496
reloadAllAccessors: .PublisherSubscriberOpaqueD3

===========================================================================================
----------------- testing Sun Oct 13 06:24:27 UTC 2019 /home/travis/build/icyphy/ptII/ptolemy/actor/lib/test/auto/PublisherSubscriberOpaqueD3Reverse.xml
----------------- Instantiating /home/travis/build/icyphy/ptII/ptolemy/actor/lib/test/auto/PublisherSubscriberOpaqueD3Reverse.xml
9 ms. Memory: 564224K Free: 283558K (50%)
----------------- Invoking toplevel() on ptolemy.moml.MoMLSimpleApplication@2a3dd35a
----------------- Done invoking toplevel() on ptolemy.moml.MoMLSimpleApplication@2a3dd35a
reloadAllAccessors: .PublisherSubscriberOpaqueD3Reverse

===========================================================================================
----------------- testing Sun Oct 13 06:24:27 UTC 2019 /home/travis/build/icyphy/ptII/ptolemy/actor/lib/test/auto/PublisherSubscriberOpaqueWidthInference.xml
----------------- Instantiating /home/travis/build/icyphy/ptII/ptolemy/actor/lib/test/auto/PublisherSubscriberOpaqueWidthInference.xml
6 ms. Memory: 564224K Free: 274838K (49%)
----------------- Invoking toplevel() on ptolemy.moml.MoMLSimpleApplication@45259c16
----------------- Done invoking toplevel() on ptolemy.moml.MoMLSimpleApplication@45259c16
reloadAllAccessors: .PublisherSubscriberOpaqueWidthInference

===========================================================================================
----------------- testing Sun Oct 13 06:24:27 UTC 2019 /home/travis/build/icyphy/ptII/ptolemy/actor/lib/test/auto/PublisherTestSubscriber.xml
----------------- Instantiating /home/travis/build/icyphy/ptII/ptolemy/actor/lib/test/auto/PublisherTestSubscriber.xml
3 ms. Memory: 564224K Free: 267174K (47%)
----------------- Invoking toplevel() on ptolemy.moml.MoMLSimpleApplication@eb03a7e
----------------- Done invoking toplevel() on ptolemy.moml.MoMLSimpleApplication@eb03a7e
reloadAllAccessors: .PublisherTestSubscriber

===========================================================================================
----------------- testing Sun Oct 13 06:24:27 UTC 2019 /home/travis/build/icyphy/ptII/ptolemy/actor/lib/test/auto/PublisherToplevelSubscriberPortAOC.xml
----------------- Instantiating /home/travis/build/icyphy/ptII/ptolemy/actor/lib/test/auto/PublisherToplevelSubscriberPortAOC.xml
2 ms. Memory: 564224K Free: 261030K (46%)
----------------- Invoking toplevel() on ptolemy.moml.MoMLSimpleApplication@739a1930
----------------- Done invoking toplevel() on ptolemy.moml.MoMLSimpleApplication@739a1930
reloadAllAccessors: .PublisherToplevelSubscriberPortAOC

===========================================================================================
----------------- testing Sun Oct 13 06:24:27 UTC 2019 /home/travis/build/icyphy/ptII/ptolemy/actor/lib/test/auto/PulseFiringLimitDE.xml
----------------- Instantiating /home/travis/build/icyphy/ptII/ptolemy/actor/lib/test/auto/PulseFiringLimitDE.xml
2 ms. Memory: 564224K Free: 254886K (45%)
----------------- Invoking toplevel() on ptolemy.moml.MoMLSimpleApplication@50bb0cef
----------------- Done invoking toplevel() on ptolemy.moml.MoMLSimpleApplication@50bb0cef
reloadAllAccessors: .PulseFiringLimitDE

===========================================================================================
----------------- testing Sun Oct 13 06:24:27 UTC 2019 /home/travis/build/icyphy/ptII/ptolemy/actor/lib/test/auto/Ramp1.xml
----------------- Instantiating /home/travis/build/icyphy/ptII/ptolemy/actor/lib/test/auto/Ramp1.xml
1 ms. Memory: 564224K Free: 250270K (44%)
----------------- Invoking toplevel() on ptolemy.moml.MoMLSimpleApplication@6816a989
----------------- Done invoking toplevel() on ptolemy.moml.MoMLSimpleApplication@6816a989
reloadAllAccessors: .Ramp1

===========================================================================================
----------------- testing Sun Oct 13 06:24:27 UTC 2019 /home/travis/build/icyphy/ptII/ptolemy/actor/lib/test/auto/RampFiringLimitDE.xml
----------------- Instantiating /home/travis/build/icyphy/ptII/ptolemy/actor/lib/test/auto/RampFiringLimitDE.xml
2 ms. Memory: 564224K Free: 244118K (43%)
----------------- Invoking toplevel() on ptolemy.moml.MoMLSimpleApplication@37f65013
----------------- Done invoking toplevel() on ptolemy.moml.MoMLSimpleApplication@37f65013
reloadAllAccessors: .RampFiringLimitDE

===========================================================================================
----------------- testing Sun Oct 13 06:24:27 UTC 2019 /home/travis/build/icyphy/ptII/ptolemy/actor/lib/test/auto/RampFiringLimitSDF.xml
----------------- Instantiating /home/travis/build/icyphy/ptII/ptolemy/actor/lib/test/auto/RampFiringLimitSDF.xml
2 ms. Memory: 564224K Free: 238982K (42%)
----------------- Invoking toplevel() on ptolemy.moml.MoMLSimpleApplication@6b11f157
----------------- Done invoking toplevel() on ptolemy.moml.MoMLSimpleApplication@6b11f157
reloadAllAccessors: .RampFiringLimitSDF

===========================================================================================
----------------- testing Sun Oct 13 06:24:27 UTC 2019 /home/travis/build/icyphy/ptII/ptolemy/actor/lib/test/auto/RandomInteger.xml
----------------- Instantiating /home/travis/build/icyphy/ptII/ptolemy/actor/lib/test/auto/RandomInteger.xml
1 ms. Memory: 564224K Free: 234916K (42%)
----------------- Invoking toplevel() on ptolemy.moml.MoMLSimpleApplication@328917d9
----------------- Done invoking toplevel() on ptolemy.moml.MoMLSimpleApplication@328917d9
reloadAllAccessors: .RandomInteger

===========================================================================================
----------------- testing Sun Oct 13 06:24:27 UTC 2019 /home/travis/build/icyphy/ptII/ptolemy/actor/lib/test/auto/ReadFile1.xml
----------------- Instantiating /home/travis/build/icyphy/ptII/ptolemy/actor/lib/test/auto/ReadFile1.xml
1 ms. Memory: 564224K Free: 229796K (41%)
----------------- Invoking toplevel() on ptolemy.moml.MoMLSimpleApplication@106e0769
----------------- Done invoking toplevel() on ptolemy.moml.MoMLSimpleApplication@106e0769
reloadAllAccessors: .ReadFile1

===========================================================================================
----------------- testing Sun Oct 13 06:24:27 UTC 2019 /home/travis/build/icyphy/ptII/ptolemy/actor/lib/test/auto/ReadFile2.xml
----------------- Instantiating /home/travis/build/icyphy/ptII/ptolemy/actor/lib/test/auto/ReadFile2.xml
1 ms. Memory: 564224K Free: 225700K (40%)
----------------- Invoking toplevel() on ptolemy.moml.MoMLSimpleApplication@2a665939
----------------- Done invoking toplevel() on ptolemy.moml.MoMLSimpleApplication@2a665939
reloadAllAccessors: .ReadFile2

===========================================================================================
----------------- testing Sun Oct 13 06:24:27 UTC 2019 /home/travis/build/icyphy/ptII/ptolemy/actor/lib/test/auto/Reader.xml
----------------- Instantiating /home/travis/build/icyphy/ptII/ptolemy/actor/lib/test/auto/Reader.xml
actor.lib.Reader is obsolete, use actor.lib.io.ExpressionReader instead
5 ms. Memory: 564224K Free: 221604K (39%)
----------------- Invoking toplevel() on ptolemy.moml.MoMLSimpleApplication@27c02dcb
----------------- Done invoking toplevel() on ptolemy.moml.MoMLSimpleApplication@27c02dcb
reloadAllAccessors: .Reader

===========================================================================================
----------------- testing Sun Oct 13 06:24:27 UTC 2019 /home/travis/build/icyphy/ptII/ptolemy/actor/lib/test/auto/RecordAssemblerDisplayNameTest.xml
----------------- Instantiating /home/travis/build/icyphy/ptII/ptolemy/actor/lib/test/auto/RecordAssemblerDisplayNameTest.xml
3598 ms. Memory: 564224K Free: 326052K (58%)
----------------- Invoking toplevel() on ptolemy.moml.MoMLSimpleApplication@7efa252
----------------- Done invoking toplevel() on ptolemy.moml.MoMLSimpleApplication@7efa252
reloadAllAccessors: .RecordAssemblerDisplayNameTest

===========================================================================================
----------------- testing Sun Oct 13 06:24:31 UTC 2019 /home/travis/build/icyphy/ptII/ptolemy/actor/lib/test/auto/RecordAssemblerTypeError.xml
----------------- Instantiating /home/travis/build/icyphy/ptII/ptolemy/actor/lib/test/auto/RecordAssemblerTypeError.xml
10 ms. Memory: 564224K Free: 316326K (56%)
----------------- Invoking toplevel() on ptolemy.moml.MoMLSimpleApplication@1ab8aa3a
----------------- Done invoking toplevel() on ptolemy.moml.MoMLSimpleApplication@1ab8aa3a
reloadAllAccessors: .RecordAssemblerTypeError

===========================================================================================
----------------- testing Sun Oct 13 06:24:31 UTC 2019 /home/travis/build/icyphy/ptII/ptolemy/actor/lib/test/auto/RecordDisassember.xml
----------------- Instantiating /home/travis/build/icyphy/ptII/ptolemy/actor/lib/test/auto/RecordDisassember.xml
3 ms. Memory: 564224K Free: 311206K (55%)
----------------- Invoking toplevel() on ptolemy.moml.MoMLSimpleApplication@5befcca8
----------------- Done invoking toplevel() on ptolemy.moml.MoMLSimpleApplication@5befcca8
reloadAllAccessors: .RecordDisassember

===========================================================================================
----------------- testing Sun Oct 13 06:24:31 UTC 2019 /home/travis/build/icyphy/ptII/ptolemy/actor/lib/test/auto/RecordDisassemberDisplayNameTest.xml
----------------- Instantiating /home/travis/build/icyphy/ptII/ptolemy/actor/lib/test/auto/RecordDisassemberDisplayNameTest.xml
5 ms. Memory: 564224K Free: 303014K (54%)
----------------- Invoking toplevel() on ptolemy.moml.MoMLSimpleApplication@7212cb16
----------------- Done invoking toplevel() on ptolemy.moml.MoMLSimpleApplication@7212cb16
reloadAllAccessors: .RecordDisassemberDisplayNameTest

===========================================================================================
----------------- testing Sun Oct 13 06:24:31 UTC 2019 /home/travis/build/icyphy/ptII/ptolemy/actor/lib/test/auto/RecordDisassembler.xml
----------------- Instantiating /home/travis/build/icyphy/ptII/ptolemy/actor/lib/test/auto/RecordDisassembler.xml
3 ms. Memory: 564224K Free: 297894K (53%)
----------------- Invoking toplevel() on ptolemy.moml.MoMLSimpleApplication@ec3a9f
----------------- Done invoking toplevel() on ptolemy.moml.MoMLSimpleApplication@ec3a9f
reloadAllAccessors: .RecordDisassembler

===========================================================================================
----------------- testing Sun Oct 13 06:24:31 UTC 2019 /home/travis/build/icyphy/ptII/ptolemy/actor/lib/test/auto/RecordDisassembler2.xml
----------------- Instantiating /home/travis/build/icyphy/ptII/ptolemy/actor/lib/test/auto/RecordDisassembler2.xml
2 ms. Memory: 564224K Free: 292774K (52%)
----------------- Invoking toplevel() on ptolemy.moml.MoMLSimpleApplication@1553b1f4
----------------- Done invoking toplevel() on ptolemy.moml.MoMLSimpleApplication@1553b1f4
reloadAllAccessors: .RecordDisassembler2

===========================================================================================
----------------- testing Sun Oct 13 06:24:31 UTC 2019 /home/travis/build/icyphy/ptII/ptolemy/actor/lib/test/auto/RecordUpdater.xml
----------------- Instantiating /home/travis/build/icyphy/ptII/ptolemy/actor/lib/test/auto/RecordUpdater.xml
1 ms. Memory: 564224K Free: 287654K (51%)
----------------- Invoking toplevel() on ptolemy.moml.MoMLSimpleApplication@7237ab5
----------------- Done invoking toplevel() on ptolemy.moml.MoMLSimpleApplication@7237ab5
reloadAllAccessors: .RecordUpdater

===========================================================================================
----------------- testing Sun Oct 13 06:24:31 UTC 2019 /home/travis/build/icyphy/ptII/ptolemy/actor/lib/test/auto/RecordUpdater2.xml
----------------- Instantiating /home/travis/build/icyphy/ptII/ptolemy/actor/lib/test/auto/RecordUpdater2.xml
2 ms. Memory: 564224K Free: 283044K (50%)
----------------- Invoking toplevel() on ptolemy.moml.MoMLSimpleApplication@6f68c18
----------------- Done invoking toplevel() on ptolemy.moml.MoMLSimpleApplication@6f68c18
reloadAllAccessors: .RecordUpdater2

===========================================================================================
----------------- testing Sun Oct 13 06:24:31 UTC 2019 /home/travis/build/icyphy/ptII/ptolemy/actor/lib/test/auto/RecursiveLattice.xml
----------------- Instantiating /home/travis/build/icyphy/ptII/ptolemy/actor/lib/test/auto/RecursiveLattice.xml
1 ms. Memory: 564224K Free: 278948K (49%)
----------------- Invoking toplevel() on ptolemy.moml.MoMLSimpleApplication@4170364a
----------------- Done invoking toplevel() on ptolemy.moml.MoMLSimpleApplication@4170364a
reloadAllAccessors: .RecursiveLattice

===========================================================================================
----------------- testing Sun Oct 13 06:24:31 UTC 2019 /home/travis/build/icyphy/ptII/ptolemy/actor/lib/test/auto/Router.xml
----------------- Instantiating /home/travis/build/icyphy/ptII/ptolemy/actor/lib/test/auto/Router.xml
3004 ms. Memory: 564224K Free: 268708K (48%)
----------------- Invoking toplevel() on ptolemy.moml.MoMLSimpleApplication@6c100e
----------------- Done invoking toplevel() on ptolemy.moml.MoMLSimpleApplication@6c100e
reloadAllAccessors: .Router

===========================================================================================
----------------- testing Sun Oct 13 06:24:34 UTC 2019 /home/travis/build/icyphy/ptII/ptolemy/actor/lib/test/auto/Router2.xml
----------------- Instantiating /home/travis/build/icyphy/ptII/ptolemy/actor/lib/test/auto/Router2.xml
3004 ms. Memory: 564224K Free: 257958K (46%)
----------------- Invoking toplevel() on ptolemy.moml.MoMLSimpleApplication@2581c73d
----------------- Done invoking toplevel() on ptolemy.moml.MoMLSimpleApplication@2581c73d
reloadAllAccessors: .Router2

===========================================================================================
----------------- testing Sun Oct 13 06:24:37 UTC 2019 /home/travis/build/icyphy/ptII/ptolemy/actor/lib/test/auto/RunningMaximum.xml
----------------- Instantiating /home/travis/build/icyphy/ptII/ptolemy/actor/lib/test/auto/RunningMaximum.xml
2 ms. Memory: 564224K Free: 253348K (45%)
----------------- Invoking toplevel() on ptolemy.moml.MoMLSimpleApplication@34aaa36c
----------------- Done invoking toplevel() on ptolemy.moml.MoMLSimpleApplication@34aaa36c
reloadAllAccessors: .RunningMaximum

===========================================================================================
----------------- testing Sun Oct 13 06:24:37 UTC 2019 /home/travis/build/icyphy/ptII/ptolemy/actor/lib/test/auto/RunningMinimum.xml
----------------- Instantiating /home/travis/build/icyphy/ptII/ptolemy/actor/lib/test/auto/RunningMinimum.xml
10 ms. Memory: 564224K Free: 248742K (44%)
----------------- Invoking toplevel() on ptolemy.moml.MoMLSimpleApplication@1f3228d1
----------------- Done invoking toplevel() on ptolemy.moml.MoMLSimpleApplication@1f3228d1
reloadAllAccessors: .RunningMinimum

===========================================================================================
----------------- testing Sun Oct 13 06:24:37 UTC 2019 /home/travis/build/icyphy/ptII/ptolemy/actor/lib/test/auto/Scale.xml
----------------- Instantiating /home/travis/build/icyphy/ptII/ptolemy/actor/lib/test/auto/Scale.xml
1 ms. Memory: 564224K Free: 244132K (43%)
----------------- Invoking toplevel() on ptolemy.moml.MoMLSimpleApplication@406aad09
----------------- Done invoking toplevel() on ptolemy.moml.MoMLSimpleApplication@406aad09
reloadAllAccessors: .Scale

===========================================================================================
----------------- testing Sun Oct 13 06:24:37 UTC 2019 /home/travis/build/icyphy/ptII/ptolemy/actor/lib/test/auto/Scale2.xml
----------------- Instantiating /home/travis/build/icyphy/ptII/ptolemy/actor/lib/test/auto/Scale2.xml
2 ms. Memory: 564224K Free: 239012K (42%)
----------------- Invoking toplevel() on ptolemy.moml.MoMLSimpleApplication@210d34d9
----------------- Done invoking toplevel() on ptolemy.moml.MoMLSimpleApplication@210d34d9
reloadAllAccessors: .Scale2

===========================================================================================
----------------- testing Sun Oct 13 06:24:37 UTC 2019 /home/travis/build/icyphy/ptII/ptolemy/actor/lib/test/auto/Scale3.xml
----------------- Instantiating /home/travis/build/icyphy/ptII/ptolemy/actor/lib/test/auto/Scale3.xml
9 ms. Memory: 564224K Free: 232868K (41%)
----------------- Invoking toplevel() on ptolemy.moml.MoMLSimpleApplication@77194490
----------------- Done invoking toplevel() on ptolemy.moml.MoMLSimpleApplication@77194490
reloadAllAccessors: .Scale3

===========================================================================================
----------------- testing Sun Oct 13 06:24:37 UTC 2019 /home/travis/build/icyphy/ptII/ptolemy/actor/lib/test/auto/ScaleArray.xml
----------------- Instantiating /home/travis/build/icyphy/ptII/ptolemy/actor/lib/test/auto/ScaleArray.xml
2 ms. Memory: 564224K Free: 228262K (40%)
----------------- Invoking toplevel() on ptolemy.moml.MoMLSimpleApplication@2ea3414
----------------- Done invoking toplevel() on ptolemy.moml.MoMLSimpleApplication@2ea3414
reloadAllAccessors: .ScaleArray

===========================================================================================
----------------- testing Sun Oct 13 06:24:37 UTC 2019 /home/travis/build/icyphy/ptII/ptolemy/actor/lib/test/auto/ScaleArray2.xml
----------------- Instantiating /home/travis/build/icyphy/ptII/ptolemy/actor/lib/test/auto/ScaleArray2.xml
2 ms. Memory: 564224K Free: 223142K (40%)
----------------- Invoking toplevel() on ptolemy.moml.MoMLSimpleApplication@53d98354
----------------- Done invoking toplevel() on ptolemy.moml.MoMLSimpleApplication@53d98354
reloadAllAccessors: .ScaleArray2

===========================================================================================
----------------- testing Sun Oct 13 06:24:37 UTC 2019 /home/travis/build/icyphy/ptII/ptolemy/actor/lib/test/auto/ScaleMatrix.xml
----------------- Instantiating /home/travis/build/icyphy/ptII/ptolemy/actor/lib/test/auto/ScaleMatrix.xml
170 ms. Memory: 564224K Free: 208292K (37%)
----------------- Invoking toplevel() on ptolemy.moml.MoMLSimpleApplication@51c5a38b
----------------- Done invoking toplevel() on ptolemy.moml.MoMLSimpleApplication@51c5a38b
reloadAllAccessors: .ScaleMatrix

===========================================================================================
----------------- testing Sun Oct 13 06:24:37 UTC 2019 /home/travis/build/icyphy/ptII/ptolemy/actor/lib/test/auto/Select.xml
----------------- Instantiating /home/travis/build/icyphy/ptII/ptolemy/actor/lib/test/auto/Select.xml
3 ms. Memory: 564224K Free: 202118K (36%)
----------------- Invoking toplevel() on ptolemy.moml.MoMLSimpleApplication@5ea43a18
----------------- Done invoking toplevel() on ptolemy.moml.MoMLSimpleApplication@5ea43a18
reloadAllAccessors: .Select

===========================================================================================
----------------- testing Sun Oct 13 06:24:37 UTC 2019 /home/travis/build/icyphy/ptII/ptolemy/actor/lib/test/auto/Select2.xml
----------------- Instantiating /home/travis/build/icyphy/ptII/ptolemy/actor/lib/test/auto/Select2.xml
1 ms. Memory: 564224K Free: 197542K (35%)
----------------- Invoking toplevel() on ptolemy.moml.MoMLSimpleApplication@277e1a89
----------------- Done invoking toplevel() on ptolemy.moml.MoMLSimpleApplication@277e1a89
reloadAllAccessors: .Select2

===========================================================================================
----------------- testing Sun Oct 13 06:24:37 UTC 2019 /home/travis/build/icyphy/ptII/ptolemy/actor/lib/test/auto/SequenceToArray2.xml
----------------- Instantiating /home/travis/build/icyphy/ptII/ptolemy/actor/lib/test/auto/SequenceToArray2.xml
135 ms. Memory: 564224K Free: 501158K (89%)
----------------- Invoking toplevel() on ptolemy.moml.MoMLSimpleApplication@3adead0c
----------------- Done invoking toplevel() on ptolemy.moml.MoMLSimpleApplication@3adead0c
reloadAllAccessors: .SequenceToArray2

===========================================================================================
----------------- testing Sun Oct 13 06:24:38 UTC 2019 /home/travis/build/icyphy/ptII/ptolemy/actor/lib/test/auto/SequentialClock.xml
----------------- Instantiating /home/travis/build/icyphy/ptII/ptolemy/actor/lib/test/auto/SequentialClock.xml
1 ms. Memory: 564224K Free: 496038K (88%)
----------------- Invoking toplevel() on ptolemy.moml.MoMLSimpleApplication@b932d4e
----------------- Done invoking toplevel() on ptolemy.moml.MoMLSimpleApplication@b932d4e
reloadAllAccessors: .SequentialClock

===========================================================================================
----------------- testing Sun Oct 13 06:24:38 UTC 2019 /home/travis/build/icyphy/ptII/ptolemy/actor/lib/test/auto/SetVariable.xml
----------------- Instantiating /home/travis/build/icyphy/ptII/ptolemy/actor/lib/test/auto/SetVariable.xml
4 ms. Memory: 564224K Free: 491428K (87%)
----------------- Invoking toplevel() on ptolemy.moml.MoMLSimpleApplication@143edfd6
----------------- Done invoking toplevel() on ptolemy.moml.MoMLSimpleApplication@143edfd6
reloadAllAccessors: .SetVariable

===========================================================================================
----------------- testing Sun Oct 13 06:24:38 UTC 2019 /home/travis/build/icyphy/ptII/ptolemy/actor/lib/test/auto/SetVariable2.xml
----------------- Instantiating /home/travis/build/icyphy/ptII/ptolemy/actor/lib/test/auto/SetVariable2.xml
2 ms. Memory: 564224K Free: 486308K (86%)
----------------- Invoking toplevel() on ptolemy.moml.MoMLSimpleApplication@5d81c718
----------------- Done invoking toplevel() on ptolemy.moml.MoMLSimpleApplication@5d81c718
reloadAllAccessors: .SetVariable2

===========================================================================================
----------------- testing Sun Oct 13 06:24:38 UTC 2019 /home/travis/build/icyphy/ptII/ptolemy/actor/lib/test/auto/SetVariable3.xml
----------------- Instantiating /home/travis/build/icyphy/ptII/ptolemy/actor/lib/test/auto/SetVariable3.xml
6 ms. Memory: 564224K Free: 481188K (85%)
----------------- Invoking toplevel() on ptolemy.moml.MoMLSimpleApplication@4877f043
----------------- Done invoking toplevel() on ptolemy.moml.MoMLSimpleApplication@4877f043
reloadAllAccessors: .SetVariable3

===========================================================================================
----------------- testing Sun Oct 13 06:24:38 UTC 2019 /home/travis/build/icyphy/ptII/ptolemy/actor/lib/test/auto/SetVariable4.xml
----------------- Instantiating /home/travis/build/icyphy/ptII/ptolemy/actor/lib/test/auto/SetVariable4.xml
15 ms. Memory: 564224K Free: 471462K (84%)
----------------- Invoking toplevel() on ptolemy.moml.MoMLSimpleApplication@4c19d03e
----------------- Done invoking toplevel() on ptolemy.moml.MoMLSimpleApplication@4c19d03e
reloadAllAccessors: .SetVariable4

===========================================================================================
----------------- testing Sun Oct 13 06:24:38 UTC 2019 /home/travis/build/icyphy/ptII/ptolemy/actor/lib/test/auto/SetVariable5.xml
----------------- Instantiating /home/travis/build/icyphy/ptII/ptolemy/actor/lib/test/auto/SetVariable5.xml
18 ms. Memory: 564224K Free: 462246K (82%)
----------------- Invoking toplevel() on ptolemy.moml.MoMLSimpleApplication@45d30a6c
----------------- Done invoking toplevel() on ptolemy.moml.MoMLSimpleApplication@45d30a6c
reloadAllAccessors: .SetVariable5

===========================================================================================
----------------- testing Sun Oct 13 06:24:38 UTC 2019 /home/travis/build/icyphy/ptII/ptolemy/actor/lib/test/auto/Sinewave.xml
----------------- Instantiating /home/travis/build/icyphy/ptII/ptolemy/actor/lib/test/auto/Sinewave.xml
6 ms. Memory: 564224K Free: 451492K (80%)
----------------- Invoking toplevel() on ptolemy.moml.MoMLSimpleApplication@578dba55
----------------- Done invoking toplevel() on ptolemy.moml.MoMLSimpleApplication@578dba55
reloadAllAccessors: .Sinewave

===========================================================================================
----------------- testing Sun Oct 13 06:24:38 UTC 2019 /home/travis/build/icyphy/ptII/ptolemy/actor/lib/test/auto/Sinewave2.xml
----------------- Instantiating /home/travis/build/icyphy/ptII/ptolemy/actor/lib/test/auto/Sinewave2.xml
16 ms. Memory: 564224K Free: 442790K (78%)
----------------- Invoking toplevel() on ptolemy.moml.MoMLSimpleApplication@77d9f78c
----------------- Done invoking toplevel() on ptolemy.moml.MoMLSimpleApplication@77d9f78c
reloadAllAccessors: .Sinewave2

===========================================================================================
----------------- testing Sun Oct 13 06:24:38 UTC 2019 /home/travis/build/icyphy/ptII/ptolemy/actor/lib/test/auto/Sinewave3.xml
----------------- Instantiating /home/travis/build/icyphy/ptII/ptolemy/actor/lib/test/auto/Sinewave3.xml
7 ms. Memory: 564224K Free: 434598K (77%)
----------------- Invoking toplevel() on ptolemy.moml.MoMLSimpleApplication@742790de
----------------- Done invoking toplevel() on ptolemy.moml.MoMLSimpleApplication@742790de
reloadAllAccessors: .Sinewave3

===========================================================================================
----------------- testing Sun Oct 13 06:24:38 UTC 2019 /home/travis/build/icyphy/ptII/ptolemy/actor/lib/test/auto/SingleEvent.xml
----------------- Instantiating /home/travis/build/icyphy/ptII/ptolemy/actor/lib/test/auto/SingleEvent.xml
1 ms. Memory: 564224K Free: 430502K (76%)
----------------- Invoking toplevel() on ptolemy.moml.MoMLSimpleApplication@7fca4995
----------------- Done invoking toplevel() on ptolemy.moml.MoMLSimpleApplication@7fca4995
reloadAllAccessors: .SingleEvent

===========================================================================================
----------------- testing Sun Oct 13 06:24:38 UTC 2019 /home/travis/build/icyphy/ptII/ptolemy/actor/lib/test/auto/Sleep.xml
----------------- Instantiating /home/travis/build/icyphy/ptII/ptolemy/actor/lib/test/auto/Sleep.xml
6003 ms. Memory: 564224K Free: 424838K (75%)
----------------- Invoking toplevel() on ptolemy.moml.MoMLSimpleApplication@11aa3f49
----------------- Done invoking toplevel() on ptolemy.moml.MoMLSimpleApplication@11aa3f49
reloadAllAccessors: .Sleep

===========================================================================================
----------------- testing Sun Oct 13 06:24:44 UTC 2019 /home/travis/build/icyphy/ptII/ptolemy/actor/lib/test/auto/SleepMultipleFire.xml
----------------- Instantiating /home/travis/build/icyphy/ptII/ptolemy/actor/lib/test/auto/SleepMultipleFire.xml
1005 ms. Memory: 564224K Free: 418724K (74%)
----------------- Invoking toplevel() on ptolemy.moml.MoMLSimpleApplication@378cd7d3
----------------- Done invoking toplevel() on ptolemy.moml.MoMLSimpleApplication@378cd7d3
reloadAllAccessors: .SleepMultipleFire

===========================================================================================
----------------- testing Sun Oct 13 06:24:45 UTC 2019 /home/travis/build/icyphy/ptII/ptolemy/actor/lib/test/auto/StopDE.xml
----------------- Instantiating /home/travis/build/icyphy/ptII/ptolemy/actor/lib/test/auto/StopDE.xml
4 ms. Memory: 564224K Free: 413094K (73%)
----------------- Invoking toplevel() on ptolemy.moml.MoMLSimpleApplication@6e69c5eb
----------------- Done invoking toplevel() on ptolemy.moml.MoMLSimpleApplication@6e69c5eb
reloadAllAccessors: .StopDE

===========================================================================================
----------------- testing Sun Oct 13 06:24:45 UTC 2019 /home/travis/build/icyphy/ptII/ptolemy/actor/lib/test/auto/StopSDF.xml
----------------- Instantiating /home/travis/build/icyphy/ptII/ptolemy/actor/lib/test/auto/StopSDF.xml
7 ms. Memory: 564224K Free: 407460K (72%)
----------------- Invoking toplevel() on ptolemy.moml.MoMLSimpleApplication@b328177
----------------- Done invoking toplevel() on ptolemy.moml.MoMLSimpleApplication@b328177
reloadAllAccessors: .StopSDF

===========================================================================================
----------------- testing Sun Oct 13 06:24:45 UTC 2019 /home/travis/build/icyphy/ptII/ptolemy/actor/lib/test/auto/StringConstant.xml
----------------- Instantiating /home/travis/build/icyphy/ptII/ptolemy/actor/lib/test/auto/StringConstant.xml
9 ms. Memory: 564224K Free: 402854K (71%)
----------------- Invoking toplevel() on ptolemy.moml.MoMLSimpleApplication@57383f2b
----------------- Done invoking toplevel() on ptolemy.moml.MoMLSimpleApplication@57383f2b
reloadAllAccessors: .StringConstant

===========================================================================================
----------------- testing Sun Oct 13 06:24:45 UTC 2019 /home/travis/build/icyphy/ptII/ptolemy/actor/lib/test/auto/SubscriberPortInitialValues1.xml
----------------- Instantiating /home/travis/build/icyphy/ptII/ptolemy/actor/lib/test/auto/SubscriberPortInitialValues1.xml
12 ms. Memory: 564224K Free: 394148K (70%)
----------------- Invoking toplevel() on ptolemy.moml.MoMLSimpleApplication@a3baf26
----------------- Done invoking toplevel() on ptolemy.moml.MoMLSimpleApplication@a3baf26
reloadAllAccessors: .SubscriberPortInitialValues1

===========================================================================================
----------------- testing Sun Oct 13 06:24:45 UTC 2019 /home/travis/build/icyphy/ptII/ptolemy/actor/lib/test/auto/SubscriberPortInitialValues13.xml
----------------- Instantiating /home/travis/build/icyphy/ptII/ptolemy/actor/lib/test/auto/SubscriberPortInitialValues13.xml
9 ms. Memory: 564224K Free: 380326K (67%)
----------------- Invoking toplevel() on ptolemy.moml.MoMLSimpleApplication@294ba341
----------------- Done invoking toplevel() on ptolemy.moml.MoMLSimpleApplication@294ba341
reloadAllAccessors: .SubscriberPortInitialValues13

===========================================================================================
----------------- testing Sun Oct 13 06:24:45 UTC 2019 /home/travis/build/icyphy/ptII/ptolemy/actor/lib/test/auto/SubscriberPortInitialValues14.xml
----------------- Instantiating /home/travis/build/icyphy/ptII/ptolemy/actor/lib/test/auto/SubscriberPortInitialValues14.xml
4 ms. Memory: 564224K Free: 372644K (66%)
----------------- Invoking toplevel() on ptolemy.moml.MoMLSimpleApplication@42713d6e
----------------- Done invoking toplevel() on ptolemy.moml.MoMLSimpleApplication@42713d6e
reloadAllAccessors: .SubscriberPortInitialValues14

===========================================================================================
----------------- testing Sun Oct 13 06:24:45 UTC 2019 /home/travis/build/icyphy/ptII/ptolemy/actor/lib/test/auto/SubscriberPortInitialValues2.xml
----------------- Instantiating /home/travis/build/icyphy/ptII/ptolemy/actor/lib/test/auto/SubscriberPortInitialValues2.xml
4 ms. Memory: 564224K Free: 364966K (65%)
----------------- Invoking toplevel() on ptolemy.moml.MoMLSimpleApplication@7afeb027
----------------- Done invoking toplevel() on ptolemy.moml.MoMLSimpleApplication@7afeb027
reloadAllAccessors: .SubscriberPortInitialValues2

===========================================================================================
----------------- testing Sun Oct 13 06:24:45 UTC 2019 /home/travis/build/icyphy/ptII/ptolemy/actor/lib/test/auto/SubscriberPortInitialValues3.xml
----------------- Instantiating /home/travis/build/icyphy/ptII/ptolemy/actor/lib/test/auto/SubscriberPortInitialValues3.xml
5 ms. Memory: 564224K Free: 353702K (63%)
----------------- Invoking toplevel() on ptolemy.moml.MoMLSimpleApplication@65afc2a7
----------------- Done invoking toplevel() on ptolemy.moml.MoMLSimpleApplication@65afc2a7
reloadAllAccessors: .SubscriberPortInitialValues3

===========================================================================================
----------------- testing Sun Oct 13 06:24:45 UTC 2019 /home/travis/build/icyphy/ptII/ptolemy/actor/lib/test/auto/SubscriptionAggregator.xml
----------------- Instantiating /home/travis/build/icyphy/ptII/ptolemy/actor/lib/test/auto/SubscriptionAggregator.xml
3 ms. Memory: 564224K Free: 346534K (61%)
----------------- Invoking toplevel() on ptolemy.moml.MoMLSimpleApplication@1680d513
----------------- Done invoking toplevel() on ptolemy.moml.MoMLSimpleApplication@1680d513
reloadAllAccessors: .SubscriptionAggregator

===========================================================================================
----------------- testing Sun Oct 13 06:24:45 UTC 2019 /home/travis/build/icyphy/ptII/ptolemy/actor/lib/test/auto/SubscriptionAggregator2.xml
----------------- Instantiating /home/travis/build/icyphy/ptII/ptolemy/actor/lib/test/auto/SubscriptionAggregator2.xml
4 ms. Memory: 564224K Free: 339366K (60%)
----------------- Invoking toplevel() on ptolemy.moml.MoMLSimpleApplication@6c90a058
----------------- Done invoking toplevel() on ptolemy.moml.MoMLSimpleApplication@6c90a058
reloadAllAccessors: .SubscriptionAggregator2

===========================================================================================
----------------- testing Sun Oct 13 06:24:45 UTC 2019 /home/travis/build/icyphy/ptII/ptolemy/actor/lib/test/auto/SubscriptionAggregator3.xml
----------------- Instantiating /home/travis/build/icyphy/ptII/ptolemy/actor/lib/test/auto/SubscriptionAggregator3.xml
4 ms. Memory: 564224K Free: 330660K (59%)
----------------- Invoking toplevel() on ptolemy.moml.MoMLSimpleApplication@74f02dde
----------------- Done invoking toplevel() on ptolemy.moml.MoMLSimpleApplication@74f02dde
reloadAllAccessors: .SubscriptionAggregator3

===========================================================================================
----------------- testing Sun Oct 13 06:24:45 UTC 2019 /home/travis/build/icyphy/ptII/ptolemy/actor/lib/test/auto/SubscriptionAggregatorMultiply.xml
----------------- Instantiating /home/travis/build/icyphy/ptII/ptolemy/actor/lib/test/auto/SubscriptionAggregatorMultiply.xml
10 ms. Memory: 564224K Free: 321438K (57%)
----------------- Invoking toplevel() on ptolemy.moml.MoMLSimpleApplication@786ae72b
----------------- Done invoking toplevel() on ptolemy.moml.MoMLSimpleApplication@786ae72b
reloadAllAccessors: .SubscriptionAggregatorMultiply

===========================================================================================
----------------- testing Sun Oct 13 06:24:45 UTC 2019 /home/travis/build/icyphy/ptII/ptolemy/actor/lib/test/auto/SubscriptionAggregatorPortMultiply1.xml
----------------- Instantiating /home/travis/build/icyphy/ptII/ptolemy/actor/lib/test/auto/SubscriptionAggregatorPortMultiply1.xml
4 ms. Memory: 564224K Free: 313766K (56%)
----------------- Invoking toplevel() on ptolemy.moml.MoMLSimpleApplication@673fe3fe
----------------- Done invoking toplevel() on ptolemy.moml.MoMLSimpleApplication@673fe3fe
reloadAllAccessors: .SubscriptionAggregatorPortMultiply1

===========================================================================================
----------------- testing Sun Oct 13 06:24:45 UTC 2019 /home/travis/build/icyphy/ptII/ptolemy/actor/lib/test/auto/Switch.xml
----------------- Instantiating /home/travis/build/icyphy/ptII/ptolemy/actor/lib/test/auto/Switch.xml
7 ms. Memory: 564224K Free: 305574K (54%)
----------------- Invoking toplevel() on ptolemy.moml.MoMLSimpleApplication@227e77aa
----------------- Done invoking toplevel() on ptolemy.moml.MoMLSimpleApplication@227e77aa
reloadAllAccessors: .Switch

===========================================================================================
----------------- testing Sun Oct 13 06:24:45 UTC 2019 /home/travis/build/icyphy/ptII/ptolemy/actor/lib/test/auto/Switch2.xml
----------------- Instantiating /home/travis/build/icyphy/ptII/ptolemy/actor/lib/test/auto/Switch2.xml
1 ms. Memory: 564224K Free: 300454K (53%)
----------------- Invoking toplevel() on ptolemy.moml.MoMLSimpleApplication@29b8ce18
----------------- Done invoking toplevel() on ptolemy.moml.MoMLSimpleApplication@29b8ce18
reloadAllAccessors: .Switch2

===========================================================================================
----------------- testing Sun Oct 13 06:24:45 UTC 2019 /home/travis/build/icyphy/ptII/ptolemy/actor/lib/test/auto/SwitchDE.xml
----------------- Instantiating /home/travis/build/icyphy/ptII/ptolemy/actor/lib/test/auto/SwitchDE.xml
3 ms. Memory: 564224K Free: 294310K (52%)
----------------- Invoking toplevel() on ptolemy.moml.MoMLSimpleApplication@54c83e9b
----------------- Done invoking toplevel() on ptolemy.moml.MoMLSimpleApplication@54c83e9b
reloadAllAccessors: .SwitchDE

===========================================================================================
----------------- testing Sun Oct 13 06:24:45 UTC 2019 /home/travis/build/icyphy/ptII/ptolemy/actor/lib/test/auto/SynchronizerDE.xml
----------------- Instantiating /home/travis/build/icyphy/ptII/ptolemy/actor/lib/test/auto/SynchronizerDE.xml
6 ms. Memory: 564224K Free: 286118K (51%)
----------------- Invoking toplevel() on ptolemy.moml.MoMLSimpleApplication@71a3c0ff
----------------- Done invoking toplevel() on ptolemy.moml.MoMLSimpleApplication@71a3c0ff
reloadAllAccessors: .SynchronizerDE

===========================================================================================
----------------- testing Sun Oct 13 06:24:45 UTC 2019 /home/travis/build/icyphy/ptII/ptolemy/actor/lib/test/auto/Test.xml
----------------- Instantiating /home/travis/build/icyphy/ptII/ptolemy/actor/lib/test/auto/Test.xml
2 ms. Memory: 564224K Free: 280998K (50%)
----------------- Invoking toplevel() on ptolemy.moml.MoMLSimpleApplication@575e385d
----------------- Done invoking toplevel() on ptolemy.moml.MoMLSimpleApplication@575e385d
reloadAllAccessors: .Test

===========================================================================================
----------------- testing Sun Oct 13 06:24:45 UTC 2019 /home/travis/build/icyphy/ptII/ptolemy/actor/lib/test/auto/TestExceptionAttribute1.xml
----------------- Instantiating /home/travis/build/icyphy/ptII/ptolemy/actor/lib/test/auto/TestExceptionAttribute1.xml
1 ms. Memory: 564224K Free: 276902K (49%)
----------------- Invoking toplevel() on ptolemy.moml.MoMLSimpleApplication@7ca1fed8
----------------- Done invoking toplevel() on ptolemy.moml.MoMLSimpleApplication@7ca1fed8
reloadAllAccessors: .TestExceptionAttribute1

===========================================================================================
----------------- testing Sun Oct 13 06:24:45 UTC 2019 /home/travis/build/icyphy/ptII/ptolemy/actor/lib/test/auto/TestExceptionAttribute2.xml
----------------- Instantiating /home/travis/build/icyphy/ptII/ptolemy/actor/lib/test/auto/TestExceptionAttribute2.xml
1 ms. Memory: 564224K Free: 273316K (48%)
----------------- Invoking toplevel() on ptolemy.moml.MoMLSimpleApplication@3518e396
----------------- Done invoking toplevel() on ptolemy.moml.MoMLSimpleApplication@3518e396
reloadAllAccessors: .TestExceptionAttribute2

===========================================================================================
----------------- testing Sun Oct 13 06:24:45 UTC 2019 /home/travis/build/icyphy/ptII/ptolemy/actor/lib/test/auto/TestExceptionAttribute3.xml
----------------- Instantiating /home/travis/build/icyphy/ptII/ptolemy/actor/lib/test/auto/TestExceptionAttribute3.xml
.TestExceptionAttribute3.TestExceptionAttribute: initialize() was not invoked, but wrapup() was.  This is unusual, but not always a problem.  For example, exporting JNLP will do this.
1 ms. Memory: 564224K Free: 269734K (48%)
----------------- Invoking toplevel() on ptolemy.moml.MoMLSimpleApplication@19b8eb71
----------------- Done invoking toplevel() on ptolemy.moml.MoMLSimpleApplication@19b8eb71
reloadAllAccessors: .TestExceptionAttribute3

===========================================================================================
----------------- testing Sun Oct 13 06:24:45 UTC 2019 /home/travis/build/icyphy/ptII/ptolemy/actor/lib/test/auto/TestExceptionAttribute4.xml
----------------- Instantiating /home/travis/build/icyphy/ptII/ptolemy/actor/lib/test/auto/TestExceptionAttribute4.xml
.TestExceptionAttribute4.TestExceptionAttribute: initialize() was not invoked, but wrapup() was.  This is unusual, but not always a problem.  For example, exporting JNLP will do this.
.TestExceptionAttribute4.TestExceptionAttribute2: initialize() was not invoked, but wrapup() was.  This is unusual, but not always a problem.  For example, exporting JNLP will do this.
1 ms. Memory: 564224K Free: 265124K (47%)
----------------- Invoking toplevel() on ptolemy.moml.MoMLSimpleApplication@4819e2de
----------------- Done invoking toplevel() on ptolemy.moml.MoMLSimpleApplication@4819e2de
reloadAllAccessors: .TestExceptionAttribute4

===========================================================================================
----------------- testing Sun Oct 13 06:24:45 UTC 2019 /home/travis/build/icyphy/ptII/ptolemy/actor/lib/test/auto/TestExceptionHandler1.xml
----------------- Instantiating /home/travis/build/icyphy/ptII/ptolemy/actor/lib/test/auto/TestExceptionHandler1.xml
1 ms. Memory: 564224K Free: 261542K (46%)
----------------- Invoking toplevel() on ptolemy.moml.MoMLSimpleApplication@772c8460
----------------- Done invoking toplevel() on ptolemy.moml.MoMLSimpleApplication@772c8460
reloadAllAccessors: .TestExceptionHandler1

===========================================================================================
----------------- testing Sun Oct 13 06:24:45 UTC 2019 /home/travis/build/icyphy/ptII/ptolemy/actor/lib/test/auto/TestExceptionHandler2.xml
----------------- Instantiating /home/travis/build/icyphy/ptII/ptolemy/actor/lib/test/auto/TestExceptionHandler2.xml
1 ms. Memory: 564224K Free: 257956K (46%)
----------------- Invoking toplevel() on ptolemy.moml.MoMLSimpleApplication@22405aba
----------------- Done invoking toplevel() on ptolemy.moml.MoMLSimpleApplication@22405aba
reloadAllAccessors: .TestExceptionHandler2

===========================================================================================
----------------- testing Sun Oct 13 06:24:45 UTC 2019 /home/travis/build/icyphy/ptII/ptolemy/actor/lib/test/auto/TestExceptionHandler3.xml
----------------- Instantiating /home/travis/build/icyphy/ptII/ptolemy/actor/lib/test/auto/TestExceptionHandler3.xml
1 ms. Memory: 564224K Free: 253860K (45%)
----------------- Invoking toplevel() on ptolemy.moml.MoMLSimpleApplication@791cf96b
----------------- Done invoking toplevel() on ptolemy.moml.MoMLSimpleApplication@791cf96b
reloadAllAccessors: .TestExceptionHandler3

===========================================================================================
----------------- testing Sun Oct 13 06:24:45 UTC 2019 /home/travis/build/icyphy/ptII/ptolemy/actor/lib/test/auto/TestExceptionHandler4.xml
----------------- Instantiating /home/travis/build/icyphy/ptII/ptolemy/actor/lib/test/auto/TestExceptionHandler4.xml
0 ms. Memory: 564224K Free: 249764K (44%)
----------------- Invoking toplevel() on ptolemy.moml.MoMLSimpleApplication@1e40a267
----------------- Done invoking toplevel() on ptolemy.moml.MoMLSimpleApplication@1e40a267
reloadAllAccessors: .TestExceptionHandler4

===========================================================================================
----------------- testing Sun Oct 13 06:24:45 UTC 2019 /home/travis/build/icyphy/ptII/ptolemy/actor/lib/test/auto/TestRequireCorrectOrder.xml
----------------- Instantiating /home/travis/build/icyphy/ptII/ptolemy/actor/lib/test/auto/TestRequireCorrectOrder.xml
10 ms. Memory: 564224K Free: 244614K (43%)
----------------- Invoking toplevel() on ptolemy.moml.MoMLSimpleApplication@fadf90f
----------------- Done invoking toplevel() on ptolemy.moml.MoMLSimpleApplication@fadf90f
reloadAllAccessors: .TestRequireCorrectOrder

===========================================================================================
----------------- testing Sun Oct 13 06:24:45 UTC 2019 /home/travis/build/icyphy/ptII/ptolemy/actor/lib/test/auto/TestSimple.xml
----------------- Instantiating /home/travis/build/icyphy/ptII/ptolemy/actor/lib/test/auto/TestSimple.xml
2 ms. Memory: 564224K Free: 240038K (43%)
----------------- Invoking toplevel() on ptolemy.moml.MoMLSimpleApplication@41e4219a
----------------- Done invoking toplevel() on ptolemy.moml.MoMLSimpleApplication@41e4219a
reloadAllAccessors: .TestSimple

===========================================================================================
----------------- testing Sun Oct 13 06:24:45 UTC 2019 /home/travis/build/icyphy/ptII/ptolemy/actor/lib/test/auto/ThrowModelError.xml
----------------- Instantiating /home/travis/build/icyphy/ptII/ptolemy/actor/lib/test/auto/ThrowModelError.xml
2 ms. Memory: 564224K Free: 235428K (42%)
----------------- Invoking toplevel() on ptolemy.moml.MoMLSimpleApplication@647de81e
----------------- Done invoking toplevel() on ptolemy.moml.MoMLSimpleApplication@647de81e
reloadAllAccessors: .ThrowModelError

===========================================================================================
----------------- testing Sun Oct 13 06:24:45 UTC 2019 /home/travis/build/icyphy/ptII/ptolemy/actor/lib/test/auto/TimeDelayMicrosteps.xml
----------------- Instantiating /home/travis/build/icyphy/ptII/ptolemy/actor/lib/test/auto/TimeDelayMicrosteps.xml
3 ms. Memory: 564224K Free: 228774K (41%)
----------------- Invoking toplevel() on ptolemy.moml.MoMLSimpleApplication@5188e445
----------------- Done invoking toplevel() on ptolemy.moml.MoMLSimpleApplication@5188e445
reloadAllAccessors: .TimeDelayMicrosteps

===========================================================================================
----------------- testing Sun Oct 13 06:24:45 UTC 2019 /home/travis/build/icyphy/ptII/ptolemy/actor/lib/test/auto/TimeDelayMicrosteps2.xml
----------------- Instantiating /home/travis/build/icyphy/ptII/ptolemy/actor/lib/test/auto/TimeDelayMicrosteps2.xml
3 ms. Memory: 564224K Free: 221062K (39%)
----------------- Invoking toplevel() on ptolemy.moml.MoMLSimpleApplication@7e84da90
----------------- Done invoking toplevel() on ptolemy.moml.MoMLSimpleApplication@7e84da90
reloadAllAccessors: .TimeDelayMicrosteps2

===========================================================================================
----------------- testing Sun Oct 13 06:24:45 UTC 2019 /home/travis/build/icyphy/ptII/ptolemy/actor/lib/test/auto/TimeDelayMicrosteps3.xml
----------------- Instantiating /home/travis/build/icyphy/ptII/ptolemy/actor/lib/test/auto/TimeDelayMicrosteps3.xml
4 ms. Memory: 564224K Free: 214438K (38%)
----------------- Invoking toplevel() on ptolemy.moml.MoMLSimpleApplication@188a9e09
----------------- Done invoking toplevel() on ptolemy.moml.MoMLSimpleApplication@188a9e09
reloadAllAccessors: .TimeDelayMicrosteps3

===========================================================================================
----------------- testing Sun Oct 13 06:24:46 UTC 2019 /home/travis/build/icyphy/ptII/ptolemy/actor/lib/test/auto/TimeDelayVariableMicrosteps.xml
----------------- Instantiating /home/travis/build/icyphy/ptII/ptolemy/actor/lib/test/auto/TimeDelayVariableMicrosteps.xml
3 ms. Memory: 564224K Free: 207780K (37%)
----------------- Invoking toplevel() on ptolemy.moml.MoMLSimpleApplication@308a7978
----------------- Done invoking toplevel() on ptolemy.moml.MoMLSimpleApplication@308a7978
reloadAllAccessors: .TimeDelayVariableMicrosteps

===========================================================================================
----------------- testing Sun Oct 13 06:24:46 UTC 2019 /home/travis/build/icyphy/ptII/ptolemy/actor/lib/test/auto/TimeGap.xml
----------------- Instantiating /home/travis/build/icyphy/ptII/ptolemy/actor/lib/test/auto/TimeGap.xml
3 ms. Memory: 564224K Free: 202150K (36%)
----------------- Invoking toplevel() on ptolemy.moml.MoMLSimpleApplication@6efb4cab
----------------- Done invoking toplevel() on ptolemy.moml.MoMLSimpleApplication@6efb4cab
reloadAllAccessors: .TimeGap

===========================================================================================
----------------- testing Sun Oct 13 06:24:46 UTC 2019 /home/travis/build/icyphy/ptII/ptolemy/actor/lib/test/auto/TimeGap2.xml
----------------- Instantiating /home/travis/build/icyphy/ptII/ptolemy/actor/lib/test/auto/TimeGap2.xml
2 ms. Memory: 564224K Free: 196510K (35%)
----------------- Invoking toplevel() on ptolemy.moml.MoMLSimpleApplication@72df06e2
----------------- Done invoking toplevel() on ptolemy.moml.MoMLSimpleApplication@72df06e2
reloadAllAccessors: .TimeGap2

===========================================================================================
----------------- testing Sun Oct 13 06:24:46 UTC 2019 /home/travis/build/icyphy/ptII/ptolemy/actor/lib/test/auto/TimedSinewave.xml
----------------- Instantiating /home/travis/build/icyphy/ptII/ptolemy/actor/lib/test/auto/TimedSinewave.xml
52 ms. Memory: 564224K Free: 510353K (90%)
----------------- Invoking toplevel() on ptolemy.moml.MoMLSimpleApplication@17191006
----------------- Done invoking toplevel() on ptolemy.moml.MoMLSimpleApplication@17191006
reloadAllAccessors: .TimedSinewave

===========================================================================================
----------------- testing Sun Oct 13 06:24:46 UTC 2019 /home/travis/build/icyphy/ptII/ptolemy/actor/lib/test/auto/TimedSinewavePhase.xml
----------------- Instantiating /home/travis/build/icyphy/ptII/ptolemy/actor/lib/test/auto/TimedSinewavePhase.xml
10 ms. Memory: 564224K Free: 499622K (89%)
----------------- Invoking toplevel() on ptolemy.moml.MoMLSimpleApplication@659c2b0
----------------- Done invoking toplevel() on ptolemy.moml.MoMLSimpleApplication@659c2b0
reloadAllAccessors: .TimedSinewavePhase

===========================================================================================
----------------- testing Sun Oct 13 06:24:46 UTC 2019 /home/travis/build/icyphy/ptII/ptolemy/actor/lib/test/auto/Timer.xml
----------------- Instantiating /home/travis/build/icyphy/ptII/ptolemy/actor/lib/test/auto/Timer.xml
3 ms. Memory: 564224K Free: 493982K (88%)
----------------- Invoking toplevel() on ptolemy.moml.MoMLSimpleApplication@61e29d7f
----------------- Done invoking toplevel() on ptolemy.moml.MoMLSimpleApplication@61e29d7f
reloadAllAccessors: .Timer

===========================================================================================
----------------- testing Sun Oct 13 06:24:46 UTC 2019 /home/travis/build/icyphy/ptII/ptolemy/actor/lib/test/auto/TriangularDistTestModel.xml
----------------- Instantiating /home/travis/build/icyphy/ptII/ptolemy/actor/lib/test/auto/TriangularDistTestModel.xml
2 ms. Memory: 564224K Free: 488358K (87%)
----------------- Invoking toplevel() on ptolemy.moml.MoMLSimpleApplication@617c22b4
----------------- Done invoking toplevel() on ptolemy.moml.MoMLSimpleApplication@617c22b4
reloadAllAccessors: .TriangularDistTestModel

===========================================================================================
----------------- testing Sun Oct 13 06:24:46 UTC 2019 /home/travis/build/icyphy/ptII/ptolemy/actor/lib/test/auto/TrigFunction.xml
----------------- Instantiating /home/travis/build/icyphy/ptII/ptolemy/actor/lib/test/auto/TrigFunction.xml
1 ms. Memory: 564224K Free: 482724K (86%)
----------------- Invoking toplevel() on ptolemy.moml.MoMLSimpleApplication@619c0be9
----------------- Done invoking toplevel() on ptolemy.moml.MoMLSimpleApplication@619c0be9
reloadAllAccessors: .TrigFunction

===========================================================================================
----------------- testing Sun Oct 13 06:24:46 UTC 2019 /home/travis/build/icyphy/ptII/ptolemy/actor/lib/test/auto/TrigFunctionDE.xml
----------------- Instantiating /home/travis/build/icyphy/ptII/ptolemy/actor/lib/test/auto/TrigFunctionDE.xml
2 ms. Memory: 564224K Free: 477094K (85%)
----------------- Invoking toplevel() on ptolemy.moml.MoMLSimpleApplication@efc469b
----------------- Done invoking toplevel() on ptolemy.moml.MoMLSimpleApplication@efc469b
reloadAllAccessors: .TrigFunctionDE

===========================================================================================
----------------- testing Sun Oct 13 06:24:46 UTC 2019 /home/travis/build/icyphy/ptII/ptolemy/actor/lib/test/auto/TrigFunctionInverse.xml
----------------- Instantiating /home/travis/build/icyphy/ptII/ptolemy/actor/lib/test/auto/TrigFunctionInverse.xml
1 ms. Memory: 564224K Free: 471974K (84%)
----------------- Invoking toplevel() on ptolemy.moml.MoMLSimpleApplication@55d8e7e9
----------------- Done invoking toplevel() on ptolemy.moml.MoMLSimpleApplication@55d8e7e9
reloadAllAccessors: .TrigFunctionInverse

===========================================================================================
----------------- testing Sun Oct 13 06:24:46 UTC 2019 /home/travis/build/icyphy/ptII/ptolemy/actor/lib/test/auto/TrigFunctionTan.xml
----------------- Instantiating /home/travis/build/icyphy/ptII/ptolemy/actor/lib/test/auto/TrigFunctionTan.xml
1 ms. Memory: 564224K Free: 467364K (83%)
----------------- Invoking toplevel() on ptolemy.moml.MoMLSimpleApplication@416967f1
----------------- Done invoking toplevel() on ptolemy.moml.MoMLSimpleApplication@416967f1
reloadAllAccessors: .TrigFunctionTan

===========================================================================================
----------------- testing Sun Oct 13 06:24:46 UTC 2019 /home/travis/build/icyphy/ptII/ptolemy/actor/lib/test/auto/TriggeredClock.xml
----------------- Instantiating /home/travis/build/icyphy/ptII/ptolemy/actor/lib/test/auto/TriggeredClock.xml
1 ms. Memory: 564224K Free: 462726K (82%)
----------------- Invoking toplevel() on ptolemy.moml.MoMLSimpleApplication@63799c61
----------------- Done invoking toplevel() on ptolemy.moml.MoMLSimpleApplication@63799c61
reloadAllAccessors: .TriggeredClock

===========================================================================================
----------------- testing Sun Oct 13 06:24:46 UTC 2019 /home/travis/build/icyphy/ptII/ptolemy/actor/lib/test/auto/URLDirectoryReader.xml
----------------- Instantiating /home/travis/build/icyphy/ptII/ptolemy/actor/lib/test/auto/URLDirectoryReader.xml
39 ms. Memory: 564224K Free: 453028K (80%)
----------------- Invoking toplevel() on ptolemy.moml.MoMLSimpleApplication@426b9ec1
----------------- Done invoking toplevel() on ptolemy.moml.MoMLSimpleApplication@426b9ec1
reloadAllAccessors: .URLDirectoryReader

===========================================================================================
----------------- testing Sun Oct 13 06:24:46 UTC 2019 /home/travis/build/icyphy/ptII/ptolemy/actor/lib/test/auto/URLDirectoryReader3.xml
----------------- Instantiating /home/travis/build/icyphy/ptII/ptolemy/actor/lib/test/auto/URLDirectoryReader3.xml
1161 ms. Memory: 564224K Free: 503413K (89%)
----------------- Invoking toplevel() on ptolemy.moml.MoMLSimpleApplication@433b9f46
----------------- Done invoking toplevel() on ptolemy.moml.MoMLSimpleApplication@433b9f46
reloadAllAccessors: .URLDirectoryReader3

===========================================================================================
----------------- testing Sun Oct 13 06:24:47 UTC 2019 /home/travis/build/icyphy/ptII/ptolemy/actor/lib/test/auto/UnaryMathFunction.xml
----------------- Instantiating /home/travis/build/icyphy/ptII/ptolemy/actor/lib/test/auto/UnaryMathFunction.xml
5 ms. Memory: 564224K Free: 495221K (88%)
----------------- Invoking toplevel() on ptolemy.moml.MoMLSimpleApplication@73bc0902
----------------- Done invoking toplevel() on ptolemy.moml.MoMLSimpleApplication@73bc0902
reloadAllAccessors: .UnaryMathFunction

===========================================================================================
----------------- testing Sun Oct 13 06:24:47 UTC 2019 /home/travis/build/icyphy/ptII/ptolemy/actor/lib/test/auto/Uniform.xml
----------------- Instantiating /home/travis/build/icyphy/ptII/ptolemy/actor/lib/test/auto/Uniform.xml
2 ms. Memory: 564224K Free: 490101K (87%)
----------------- Invoking toplevel() on ptolemy.moml.MoMLSimpleApplication@35e77b2e
----------------- Done invoking toplevel() on ptolemy.moml.MoMLSimpleApplication@35e77b2e
reloadAllAccessors: .Uniform

===========================================================================================
----------------- testing Sun Oct 13 06:24:47 UTC 2019 /home/travis/build/icyphy/ptII/ptolemy/actor/lib/test/auto/UnionDisassemblerTest.xml
----------------- Instantiating /home/travis/build/icyphy/ptII/ptolemy/actor/lib/test/auto/UnionDisassemblerTest.xml
17 ms. Memory: 564224K Free: 486005K (86%)
----------------- Invoking toplevel() on ptolemy.moml.MoMLSimpleApplication@4ac1ac84
----------------- Done invoking toplevel() on ptolemy.moml.MoMLSimpleApplication@4ac1ac84
reloadAllAccessors: .UnionDisassemblerTest

===========================================================================================
----------------- testing Sun Oct 13 06:24:47 UTC 2019 /home/travis/build/icyphy/ptII/ptolemy/actor/lib/test/auto/UtilityFunctions.xml
----------------- Instantiating /home/travis/build/icyphy/ptII/ptolemy/actor/lib/test/auto/UtilityFunctions.xml
1 ms. Memory: 564224K Free: 481909K (85%)
----------------- Invoking toplevel() on ptolemy.moml.MoMLSimpleApplication@7ab13e20
----------------- Done invoking toplevel() on ptolemy.moml.MoMLSimpleApplication@7ab13e20
reloadAllAccessors: .UtilityFunctions

===========================================================================================
----------------- testing Sun Oct 13 06:24:47 UTC 2019 /home/travis/build/icyphy/ptII/ptolemy/actor/lib/test/auto/VariableSleep.xml
----------------- Instantiating /home/travis/build/icyphy/ptII/ptolemy/actor/lib/test/auto/VariableSleep.xml
503 ms. Memory: 564224K Free: 476789K (85%)
----------------- Invoking toplevel() on ptolemy.moml.MoMLSimpleApplication@7600a094
----------------- Done invoking toplevel() on ptolemy.moml.MoMLSimpleApplication@7600a094
reloadAllAccessors: .VariableSleep

===========================================================================================
----------------- testing Sun Oct 13 06:24:48 UTC 2019 /home/travis/build/icyphy/ptII/ptolemy/actor/lib/test/auto/VectorAssemblerDisassemblerCT.xml
----------------- Instantiating /home/travis/build/icyphy/ptII/ptolemy/actor/lib/test/auto/VectorAssemblerDisassemblerCT.xml
83 ms. Memory: 564224K Free: 456309K (81%)
----------------- Invoking toplevel() on ptolemy.moml.MoMLSimpleApplication@ac06afc
----------------- Done invoking toplevel() on ptolemy.moml.MoMLSimpleApplication@ac06afc
reloadAllAccessors: .VectorAssemblerDisassemblerCT

===========================================================================================
----------------- testing Sun Oct 13 06:24:48 UTC 2019 /home/travis/build/icyphy/ptII/ptolemy/actor/lib/test/auto/VectorAssemblerDisassemblerDE.xml
----------------- Instantiating /home/travis/build/icyphy/ptII/ptolemy/actor/lib/test/auto/VectorAssemblerDisassemblerDE.xml
3 ms. Memory: 564224K Free: 449141K (80%)
----------------- Invoking toplevel() on ptolemy.moml.MoMLSimpleApplication@52d3e05a
----------------- Done invoking toplevel() on ptolemy.moml.MoMLSimpleApplication@52d3e05a
reloadAllAccessors: .VectorAssemblerDisassemblerDE

===========================================================================================
----------------- testing Sun Oct 13 06:24:48 UTC 2019 /home/travis/build/icyphy/ptII/ptolemy/actor/lib/test/auto/VectorAssemblerDisassemblerSDF.xml
----------------- Instantiating /home/travis/build/icyphy/ptII/ptolemy/actor/lib/test/auto/VectorAssemblerDisassemblerSDF.xml
3 ms. Memory: 564224K Free: 442483K (78%)
----------------- Invoking toplevel() on ptolemy.moml.MoMLSimpleApplication@54a5261e
----------------- Done invoking toplevel() on ptolemy.moml.MoMLSimpleApplication@54a5261e
reloadAllAccessors: .VectorAssemblerDisassemblerSDF

===========================================================================================
----------------- testing Sun Oct 13 06:24:48 UTC 2019 /home/travis/build/icyphy/ptII/ptolemy/actor/lib/test/auto/WallClockTime.xml
----------------- Instantiating /home/travis/build/icyphy/ptII/ptolemy/actor/lib/test/auto/WallClockTime.xml
1005 ms. Memory: 564224K Free: 437363K (78%)
----------------- Invoking toplevel() on ptolemy.moml.MoMLSimpleApplication@3162a4e0
----------------- Done invoking toplevel() on ptolemy.moml.MoMLSimpleApplication@3162a4e0
reloadAllAccessors: .WallClockTime

===========================================================================================
----------------- testing Sun Oct 13 06:24:49 UTC 2019 /home/travis/build/icyphy/ptII/ptolemy/actor/lib/test/auto/WidthTestWithSubscriberPublisher.xml
----------------- Instantiating /home/travis/build/icyphy/ptII/ptolemy/actor/lib/test/auto/WidthTestWithSubscriberPublisher.xml
7 ms. Memory: 564224K Free: 419445K (74%)
----------------- Invoking toplevel() on ptolemy.moml.MoMLSimpleApplication@2cc918ba
----------------- Done invoking toplevel() on ptolemy.moml.MoMLSimpleApplication@2cc918ba
reloadAllAccessors: .WidthTestWithSubscriberPublisher

===========================================================================================
----------------- testing Sun Oct 13 06:24:49 UTC 2019 /home/travis/build/icyphy/ptII/ptolemy/actor/lib/test/auto/WidthTestWithSubscriberPublisher2.xml
----------------- Instantiating /home/travis/build/icyphy/ptII/ptolemy/actor/lib/test/auto/WidthTestWithSubscriberPublisher2.xml
2 ms. Memory: 564224K Free: 412277K (73%)
----------------- Invoking toplevel() on ptolemy.moml.MoMLSimpleApplication@9cb225a
----------------- Done invoking toplevel() on ptolemy.moml.MoMLSimpleApplication@9cb225a
reloadAllAccessors: .WidthTestWithSubscriberPublisher2

===========================================================================================
----------------- testing Sun Oct 13 06:24:49 UTC 2019 /home/travis/build/icyphy/ptII/ptolemy/actor/lib/test/auto/WidthTestWithSubscriberPublisher3.xml
----------------- Instantiating /home/travis/build/icyphy/ptII/ptolemy/actor/lib/test/auto/WidthTestWithSubscriberPublisher3.xml
1 ms. Memory: 564224K Free: 406643K (72%)
----------------- Invoking toplevel() on ptolemy.moml.MoMLSimpleApplication@2fdb061a
----------------- Done invoking toplevel() on ptolemy.moml.MoMLSimpleApplication@2fdb061a
reloadAllAccessors: .WidthTestWithSubscriberPublisher3

===========================================================================================
----------------- testing Sun Oct 13 06:24:49 UTC 2019 /home/travis/build/icyphy/ptII/ptolemy/actor/lib/test/auto/Writer.xml
----------------- Instantiating /home/travis/build/icyphy/ptII/ptolemy/actor/lib/test/auto/Writer.xml
0
1
2
3
4
2 ms. Memory: 564224K Free: 402517K (71%)
----------------- Invoking toplevel() on ptolemy.moml.MoMLSimpleApplication@7f3dba4d
----------------- Done invoking toplevel() on ptolemy.moml.MoMLSimpleApplication@7f3dba4d
reloadAllAccessors: .Writer

===========================================================================================
----------------- testing Sun Oct 13 06:24:49 UTC 2019 /home/travis/build/icyphy/ptII/ptolemy/actor/lib/test/auto/array.xml
----------------- Instantiating /home/travis/build/icyphy/ptII/ptolemy/actor/lib/test/auto/array.xml
3 ms. Memory: 564224K Free: 397427K (70%)
----------------- Invoking toplevel() on ptolemy.moml.MoMLSimpleApplication@598d99ea
----------------- Done invoking toplevel() on ptolemy.moml.MoMLSimpleApplication@598d99ea
reloadAllAccessors: .array

===========================================================================================
----------------- testing Sun Oct 13 06:24:49 UTC 2019 /home/travis/build/icyphy/ptII/ptolemy/actor/lib/test/auto/array2.xml
----------------- Instantiating /home/travis/build/icyphy/ptII/ptolemy/actor/lib/test/auto/array2.xml
10 ms. Memory: 564224K Free: 392821K (70%)
----------------- Invoking toplevel() on ptolemy.moml.MoMLSimpleApplication@6838404a
----------------- Done invoking toplevel() on ptolemy.moml.MoMLSimpleApplication@6838404a
reloadAllAccessors: .array2

===========================================================================================
----------------- testing Sun Oct 13 06:24:49 UTC 2019 /home/travis/build/icyphy/ptII/ptolemy/actor/lib/test/auto/arrayType.xml
----------------- Instantiating /home/travis/build/icyphy/ptII/ptolemy/actor/lib/test/auto/arrayType.xml
2 ms. Memory: 564224K Free: 387187K (69%)
----------------- Invoking toplevel() on ptolemy.moml.MoMLSimpleApplication@2d8a7b72
----------------- Done invoking toplevel() on ptolemy.moml.MoMLSimpleApplication@2d8a7b72
reloadAllAccessors: .arrayType

===========================================================================================
----------------- testing Sun Oct 13 06:24:49 UTC 2019 /home/travis/build/icyphy/ptII/ptolemy/actor/lib/test/auto/arrayType10.xml
----------------- Instantiating /home/travis/build/icyphy/ptII/ptolemy/actor/lib/test/auto/arrayType10.xml
1 ms. Memory: 564224K Free: 382581K (68%)
----------------- Invoking toplevel() on ptolemy.moml.MoMLSimpleApplication@37df46d5
----------------- Done invoking toplevel() on ptolemy.moml.MoMLSimpleApplication@37df46d5
reloadAllAccessors: .arrayType10

===========================================================================================
----------------- testing Sun Oct 13 06:24:49 UTC 2019 /home/travis/build/icyphy/ptII/ptolemy/actor/lib/test/auto/arrayType11.xml
----------------- Instantiating /home/travis/build/icyphy/ptII/ptolemy/actor/lib/test/auto/arrayType11.xml
2 ms. Memory: 564224K Free: 377971K (67%)
----------------- Invoking toplevel() on ptolemy.moml.MoMLSimpleApplication@77e54f7e
----------------- Done invoking toplevel() on ptolemy.moml.MoMLSimpleApplication@77e54f7e
reloadAllAccessors: .arrayType11

===========================================================================================
----------------- testing Sun Oct 13 06:24:49 UTC 2019 /home/travis/build/icyphy/ptII/ptolemy/actor/lib/test/auto/arrayType12.xml
----------------- Instantiating /home/travis/build/icyphy/ptII/ptolemy/actor/lib/test/auto/arrayType12.xml
1 ms. Memory: 564224K Free: 372851K (66%)
----------------- Invoking toplevel() on ptolemy.moml.MoMLSimpleApplication@6b720ca9
----------------- Done invoking toplevel() on ptolemy.moml.MoMLSimpleApplication@6b720ca9
reloadAllAccessors: .arrayType12

===========================================================================================
----------------- testing Sun Oct 13 06:24:49 UTC 2019 /home/travis/build/icyphy/ptII/ptolemy/actor/lib/test/auto/arrayType13.xml
----------------- Instantiating /home/travis/build/icyphy/ptII/ptolemy/actor/lib/test/auto/arrayType13.xml
2 ms. Memory: 564224K Free: 366707K (65%)
----------------- Invoking toplevel() on ptolemy.moml.MoMLSimpleApplication@3c556eba
----------------- Done invoking toplevel() on ptolemy.moml.MoMLSimpleApplication@3c556eba
reloadAllAccessors: .arrayType13

===========================================================================================
----------------- testing Sun Oct 13 06:24:49 UTC 2019 /home/travis/build/icyphy/ptII/ptolemy/actor/lib/test/auto/arrayType14.xml
----------------- Instantiating /home/travis/build/icyphy/ptII/ptolemy/actor/lib/test/auto/arrayType14.xml
1 ms. Memory: 564224K Free: 361587K (64%)
----------------- Invoking toplevel() on ptolemy.moml.MoMLSimpleApplication@4febd458
----------------- Done invoking toplevel() on ptolemy.moml.MoMLSimpleApplication@4febd458
reloadAllAccessors: .arrayType14

===========================================================================================
----------------- testing Sun Oct 13 06:24:49 UTC 2019 /home/travis/build/icyphy/ptII/ptolemy/actor/lib/test/auto/arrayType15.xml
----------------- Instantiating /home/travis/build/icyphy/ptII/ptolemy/actor/lib/test/auto/arrayType15.xml
3 ms. Memory: 564224K Free: 355957K (63%)
----------------- Invoking toplevel() on ptolemy.moml.MoMLSimpleApplication@21a82fce
----------------- Done invoking toplevel() on ptolemy.moml.MoMLSimpleApplication@21a82fce
reloadAllAccessors: .arrayType15

===========================================================================================
----------------- testing Sun Oct 13 06:24:49 UTC 2019 /home/travis/build/icyphy/ptII/ptolemy/actor/lib/test/auto/arrayType16.xml
----------------- Instantiating /home/travis/build/icyphy/ptII/ptolemy/actor/lib/test/auto/arrayType16.xml
1 ms. Memory: 564224K Free: 350837K (62%)
----------------- Invoking toplevel() on ptolemy.moml.MoMLSimpleApplication@12082da0
----------------- Done invoking toplevel() on ptolemy.moml.MoMLSimpleApplication@12082da0
reloadAllAccessors: .arrayType16

===========================================================================================
----------------- testing Sun Oct 13 06:24:49 UTC 2019 /home/travis/build/icyphy/ptII/ptolemy/actor/lib/test/auto/arrayType17.xml
----------------- Instantiating /home/travis/build/icyphy/ptII/ptolemy/actor/lib/test/auto/arrayType17.xml
2 ms. Memory: 564224K Free: 345717K (61%)
----------------- Invoking toplevel() on ptolemy.moml.MoMLSimpleApplication@45c4857
----------------- Done invoking toplevel() on ptolemy.moml.MoMLSimpleApplication@45c4857
reloadAllAccessors: .arrayType17

===========================================================================================
----------------- testing Sun Oct 13 06:24:49 UTC 2019 /home/travis/build/icyphy/ptII/ptolemy/actor/lib/test/auto/arrayType18.xml
----------------- Instantiating /home/travis/build/icyphy/ptII/ptolemy/actor/lib/test/auto/arrayType18.xml
1 ms. Memory: 564224K Free: 340597K (60%)
----------------- Invoking toplevel() on ptolemy.moml.MoMLSimpleApplication@576cc691
----------------- Done invoking toplevel() on ptolemy.moml.MoMLSimpleApplication@576cc691
reloadAllAccessors: .arrayType18

===========================================================================================
----------------- testing Sun Oct 13 06:24:49 UTC 2019 /home/travis/build/icyphy/ptII/ptolemy/actor/lib/test/auto/arrayType19.xml
----------------- Instantiating /home/travis/build/icyphy/ptII/ptolemy/actor/lib/test/auto/arrayType19.xml
2 ms. Memory: 564224K Free: 335987K (60%)
----------------- Invoking toplevel() on ptolemy.moml.MoMLSimpleApplication@13a83af6
----------------- Done invoking toplevel() on ptolemy.moml.MoMLSimpleApplication@13a83af6
reloadAllAccessors: .arrayType19

===========================================================================================
----------------- testing Sun Oct 13 06:24:49 UTC 2019 /home/travis/build/icyphy/ptII/ptolemy/actor/lib/test/auto/arrayType2.xml
----------------- Instantiating /home/travis/build/icyphy/ptII/ptolemy/actor/lib/test/auto/arrayType2.xml
1 ms. Memory: 564224K Free: 330357K (59%)
----------------- Invoking toplevel() on ptolemy.moml.MoMLSimpleApplication@195e25e1
----------------- Done invoking toplevel() on ptolemy.moml.MoMLSimpleApplication@195e25e1
reloadAllAccessors: .arrayType2

===========================================================================================
----------------- testing Sun Oct 13 06:24:49 UTC 2019 /home/travis/build/icyphy/ptII/ptolemy/actor/lib/test/auto/arrayType20.xml
----------------- Instantiating /home/travis/build/icyphy/ptII/ptolemy/actor/lib/test/auto/arrayType20.xml
1 ms. Memory: 564224K Free: 325747K (58%)
----------------- Invoking toplevel() on ptolemy.moml.MoMLSimpleApplication@34c7abc1
----------------- Done invoking toplevel() on ptolemy.moml.MoMLSimpleApplication@34c7abc1
reloadAllAccessors: .arrayType20

===========================================================================================
----------------- testing Sun Oct 13 06:24:49 UTC 2019 /home/travis/build/icyphy/ptII/ptolemy/actor/lib/test/auto/arrayType21.xml
----------------- Instantiating /home/travis/build/icyphy/ptII/ptolemy/actor/lib/test/auto/arrayType21.xml
2 ms. Memory: 564224K Free: 320627K (57%)
----------------- Invoking toplevel() on ptolemy.moml.MoMLSimpleApplication@6b7f7ba1
----------------- Done invoking toplevel() on ptolemy.moml.MoMLSimpleApplication@6b7f7ba1
reloadAllAccessors: .arrayType21

===========================================================================================
----------------- testing Sun Oct 13 06:24:50 UTC 2019 /home/travis/build/icyphy/ptII/ptolemy/actor/lib/test/auto/arrayType22.xml
----------------- Instantiating /home/travis/build/icyphy/ptII/ptolemy/actor/lib/test/auto/arrayType22.xml
2 ms. Memory: 564224K Free: 315507K (56%)
----------------- Invoking toplevel() on ptolemy.moml.MoMLSimpleApplication@61294f50
----------------- Done invoking toplevel() on ptolemy.moml.MoMLSimpleApplication@61294f50
reloadAllAccessors: .arrayType22

===========================================================================================
----------------- testing Sun Oct 13 06:24:50 UTC 2019 /home/travis/build/icyphy/ptII/ptolemy/actor/lib/test/auto/arrayType23.xml
----------------- Instantiating /home/travis/build/icyphy/ptII/ptolemy/actor/lib/test/auto/arrayType23.xml
1 ms. Memory: 564224K Free: 310901K (55%)
----------------- Invoking toplevel() on ptolemy.moml.MoMLSimpleApplication@21021541
----------------- Done invoking toplevel() on ptolemy.moml.MoMLSimpleApplication@21021541
reloadAllAccessors: .arrayType23

===========================================================================================
----------------- testing Sun Oct 13 06:24:50 UTC 2019 /home/travis/build/icyphy/ptII/ptolemy/actor/lib/test/auto/arrayType24.xml
----------------- Instantiating /home/travis/build/icyphy/ptII/ptolemy/actor/lib/test/auto/arrayType24.xml
2 ms. Memory: 564224K Free: 305781K (54%)
----------------- Invoking toplevel() on ptolemy.moml.MoMLSimpleApplication@7e970ddd
----------------- Done invoking toplevel() on ptolemy.moml.MoMLSimpleApplication@7e970ddd
reloadAllAccessors: .arrayType24

===========================================================================================
----------------- testing Sun Oct 13 06:24:50 UTC 2019 /home/travis/build/icyphy/ptII/ptolemy/actor/lib/test/auto/arrayType25.xml
----------------- Instantiating /home/travis/build/icyphy/ptII/ptolemy/actor/lib/test/auto/arrayType25.xml
2 ms. Memory: 564224K Free: 300147K (53%)
----------------- Invoking toplevel() on ptolemy.moml.MoMLSimpleApplication@15d12abd
----------------- Done invoking toplevel() on ptolemy.moml.MoMLSimpleApplication@15d12abd
reloadAllAccessors: .arrayType25

===========================================================================================
----------------- testing Sun Oct 13 06:24:50 UTC 2019 /home/travis/build/icyphy/ptII/ptolemy/actor/lib/test/auto/arrayType26.xml
----------------- Instantiating /home/travis/build/icyphy/ptII/ptolemy/actor/lib/test/auto/arrayType26.xml
1 ms. Memory: 564224K Free: 295027K (52%)
----------------- Invoking toplevel() on ptolemy.moml.MoMLSimpleApplication@13ba64b4
----------------- Done invoking toplevel() on ptolemy.moml.MoMLSimpleApplication@13ba64b4
reloadAllAccessors: .arrayType26

===========================================================================================
----------------- testing Sun Oct 13 06:24:50 UTC 2019 /home/travis/build/icyphy/ptII/ptolemy/actor/lib/test/auto/arrayType27.xml
----------------- Instantiating /home/travis/build/icyphy/ptII/ptolemy/actor/lib/test/auto/arrayType27.xml
1 ms. Memory: 564224K Free: 289397K (51%)
----------------- Invoking toplevel() on ptolemy.moml.MoMLSimpleApplication@405ccf4c
----------------- Done invoking toplevel() on ptolemy.moml.MoMLSimpleApplication@405ccf4c
reloadAllAccessors: .arrayType27

===========================================================================================
----------------- testing Sun Oct 13 06:24:50 UTC 2019 /home/travis/build/icyphy/ptII/ptolemy/actor/lib/test/auto/arrayType28.xml
----------------- Instantiating /home/travis/build/icyphy/ptII/ptolemy/actor/lib/test/auto/arrayType28.xml
1 ms. Memory: 564224K Free: 284277K (50%)
----------------- Invoking toplevel() on ptolemy.moml.MoMLSimpleApplication@59990c8e
----------------- Done invoking toplevel() on ptolemy.moml.MoMLSimpleApplication@59990c8e
reloadAllAccessors: .arrayType28

===========================================================================================
----------------- testing Sun Oct 13 06:24:50 UTC 2019 /home/travis/build/icyphy/ptII/ptolemy/actor/lib/test/auto/arrayType3.xml
----------------- Instantiating /home/travis/build/icyphy/ptII/ptolemy/actor/lib/test/auto/arrayType3.xml
2 ms. Memory: 564224K Free: 278643K (49%)
----------------- Invoking toplevel() on ptolemy.moml.MoMLSimpleApplication@720bc16c
----------------- Done invoking toplevel() on ptolemy.moml.MoMLSimpleApplication@720bc16c
reloadAllAccessors: .arrayType3

===========================================================================================
----------------- testing Sun Oct 13 06:24:50 UTC 2019 /home/travis/build/icyphy/ptII/ptolemy/actor/lib/test/auto/arrayType4.xml
----------------- Instantiating /home/travis/build/icyphy/ptII/ptolemy/actor/lib/test/auto/arrayType4.xml
2 ms. Memory: 564224K Free: 273523K (48%)
----------------- Invoking toplevel() on ptolemy.moml.MoMLSimpleApplication@79df7efc
----------------- Done invoking toplevel() on ptolemy.moml.MoMLSimpleApplication@79df7efc
reloadAllAccessors: .arrayType4

===========================================================================================
----------------- testing Sun Oct 13 06:24:50 UTC 2019 /home/travis/build/icyphy/ptII/ptolemy/actor/lib/test/auto/arrayType5.xml
----------------- Instantiating /home/travis/build/icyphy/ptII/ptolemy/actor/lib/test/auto/arrayType5.xml
1 ms. Memory: 564224K Free: 268403K (48%)
----------------- Invoking toplevel() on ptolemy.moml.MoMLSimpleApplication@77d1a6da
----------------- Done invoking toplevel() on ptolemy.moml.MoMLSimpleApplication@77d1a6da
reloadAllAccessors: .arrayType5

===========================================================================================
----------------- testing Sun Oct 13 06:24:50 UTC 2019 /home/travis/build/icyphy/ptII/ptolemy/actor/lib/test/auto/arrayType6.xml
----------------- Instantiating /home/travis/build/icyphy/ptII/ptolemy/actor/lib/test/auto/arrayType6.xml
1 ms. Memory: 564224K Free: 263283K (47%)
----------------- Invoking toplevel() on ptolemy.moml.MoMLSimpleApplication@21f47c59
----------------- Done invoking toplevel() on ptolemy.moml.MoMLSimpleApplication@21f47c59
reloadAllAccessors: .arrayType6

===========================================================================================
----------------- testing Sun Oct 13 06:24:50 UTC 2019 /home/travis/build/icyphy/ptII/ptolemy/actor/lib/test/auto/arrayType7.xml
----------------- Instantiating /home/travis/build/icyphy/ptII/ptolemy/actor/lib/test/auto/arrayType7.xml
1 ms. Memory: 564224K Free: 258677K (46%)
----------------- Invoking toplevel() on ptolemy.moml.MoMLSimpleApplication@3d7b0b88
----------------- Done invoking toplevel() on ptolemy.moml.MoMLSimpleApplication@3d7b0b88
reloadAllAccessors: .arrayType7

===========================================================================================
----------------- testing Sun Oct 13 06:24:50 UTC 2019 /home/travis/build/icyphy/ptII/ptolemy/actor/lib/test/auto/arrayType8.xml
----------------- Instantiating /home/travis/build/icyphy/ptII/ptolemy/actor/lib/test/auto/arrayType8.xml
7 ms. Memory: 564224K Free: 253557K (45%)
----------------- Invoking toplevel() on ptolemy.moml.MoMLSimpleApplication@23e8cd36
----------------- Done invoking toplevel() on ptolemy.moml.MoMLSimpleApplication@23e8cd36
reloadAllAccessors: .arrayType8

===========================================================================================
----------------- testing Sun Oct 13 06:24:50 UTC 2019 /home/travis/build/icyphy/ptII/ptolemy/actor/lib/test/auto/arrayType9.xml
----------------- Instantiating /home/travis/build/icyphy/ptII/ptolemy/actor/lib/test/auto/arrayType9.xml
1 ms. Memory: 564224K Free: 248947K (44%)
----------------- Invoking toplevel() on ptolemy.moml.MoMLSimpleApplication@3bae6b6
----------------- Done invoking toplevel() on ptolemy.moml.MoMLSimpleApplication@3bae6b6
reloadAllAccessors: .arrayType9

===========================================================================================
----------------- testing Sun Oct 13 06:24:50 UTC 2019 /home/travis/build/icyphy/ptII/ptolemy/actor/lib/test/auto/cast.xml
----------------- Instantiating /home/travis/build/icyphy/ptII/ptolemy/actor/lib/test/auto/cast.xml
2 ms. Memory: 564224K Free: 244341K (43%)
----------------- Invoking toplevel() on ptolemy.moml.MoMLSimpleApplication@7bd7157f
----------------- Done invoking toplevel() on ptolemy.moml.MoMLSimpleApplication@7bd7157f
reloadAllAccessors: .cast

===========================================================================================
----------------- testing Sun Oct 13 06:24:50 UTC 2019 /home/travis/build/icyphy/ptII/ptolemy/actor/lib/test/auto/compositeMultiPort.xml
----------------- Instantiating /home/travis/build/icyphy/ptII/ptolemy/actor/lib/test/auto/compositeMultiPort.xml
3 ms. Memory: 564224K Free: 235125K (42%)
----------------- Invoking toplevel() on ptolemy.moml.MoMLSimpleApplication@28220e4a
----------------- Done invoking toplevel() on ptolemy.moml.MoMLSimpleApplication@28220e4a
reloadAllAccessors: .compositeMultiPort

===========================================================================================
----------------- testing Sun Oct 13 06:24:50 UTC 2019 /home/travis/build/icyphy/ptII/ptolemy/actor/lib/test/auto/expressionCastInference.xml
----------------- Instantiating /home/travis/build/icyphy/ptII/ptolemy/actor/lib/test/auto/expressionCastInference.xml
2 ms. Memory: 564224K Free: 230515K (41%)
----------------- Invoking toplevel() on ptolemy.moml.MoMLSimpleApplication@5dd271d2
----------------- Done invoking toplevel() on ptolemy.moml.MoMLSimpleApplication@5dd271d2
reloadAllAccessors: .expressionCastInference

===========================================================================================
----------------- testing Sun Oct 13 06:24:50 UTC 2019 /home/travis/build/icyphy/ptII/ptolemy/actor/lib/test/auto/expressionCastInference2.xml
----------------- Instantiating /home/travis/build/icyphy/ptII/ptolemy/actor/lib/test/auto/expressionCastInference2.xml
2 ms. Memory: 564224K Free: 225395K (40%)
----------------- Invoking toplevel() on ptolemy.moml.MoMLSimpleApplication@227f6144
----------------- Done invoking toplevel() on ptolemy.moml.MoMLSimpleApplication@227f6144
reloadAllAccessors: .expressionCastInference2

===========================================================================================
----------------- testing Sun Oct 13 06:24:50 UTC 2019 /home/travis/build/icyphy/ptII/ptolemy/actor/lib/test/auto/expressionInference.xml
----------------- Instantiating /home/travis/build/icyphy/ptII/ptolemy/actor/lib/test/auto/expressionInference.xml
2 ms. Memory: 564224K Free: 221299K (39%)
----------------- Invoking toplevel() on ptolemy.moml.MoMLSimpleApplication@5698db2c
----------------- Done invoking toplevel() on ptolemy.moml.MoMLSimpleApplication@5698db2c
reloadAllAccessors: .expressionInference

===========================================================================================
----------------- testing Sun Oct 13 06:24:50 UTC 2019 /home/travis/build/icyphy/ptII/ptolemy/actor/lib/test/auto/expression_bug.xml
----------------- Instantiating /home/travis/build/icyphy/ptII/ptolemy/actor/lib/test/auto/expression_bug.xml
1 ms. Memory: 564224K Free: 216693K (38%)
----------------- Invoking toplevel() on ptolemy.moml.MoMLSimpleApplication@7b60806d
----------------- Done invoking toplevel() on ptolemy.moml.MoMLSimpleApplication@7b60806d
reloadAllAccessors: .expression_bug

===========================================================================================
----------------- testing Sun Oct 13 06:24:50 UTC 2019 /home/travis/build/icyphy/ptII/ptolemy/actor/lib/test/auto/factorial.xml
----------------- Instantiating /home/travis/build/icyphy/ptII/ptolemy/actor/lib/test/auto/factorial.xml
44 ms. Memory: 564224K Free: 207987K (37%)
----------------- Invoking toplevel() on ptolemy.moml.MoMLSimpleApplication@2f19fd4
----------------- Done invoking toplevel() on ptolemy.moml.MoMLSimpleApplication@2f19fd4
reloadAllAccessors: .factorial

===========================================================================================
----------------- testing Sun Oct 13 06:24:50 UTC 2019 /home/travis/build/icyphy/ptII/ptolemy/actor/lib/test/auto/filterTest1.xml
----------------- Instantiating /home/travis/build/icyphy/ptII/ptolemy/actor/lib/test/auto/filterTest1.xml
4 ms. Memory: 564224K Free: 201829K (36%)
----------------- Invoking toplevel() on ptolemy.moml.MoMLSimpleApplication@1289bded
----------------- Done invoking toplevel() on ptolemy.moml.MoMLSimpleApplication@1289bded
reloadAllAccessors: .filterTest1

===========================================================================================
----------------- testing Sun Oct 13 06:24:50 UTC 2019 /home/travis/build/icyphy/ptII/ptolemy/actor/lib/test/auto/funcApplyInConst.xml
----------------- Instantiating /home/travis/build/icyphy/ptII/ptolemy/actor/lib/test/auto/funcApplyInConst.xml
1 ms. Memory: 564224K Free: 198261K (35%)
----------------- Invoking toplevel() on ptolemy.moml.MoMLSimpleApplication@224db8e
----------------- Done invoking toplevel() on ptolemy.moml.MoMLSimpleApplication@224db8e
reloadAllAccessors: .funcApplyInConst

===========================================================================================
----------------- testing Sun Oct 13 06:24:50 UTC 2019 /home/travis/build/icyphy/ptII/ptolemy/actor/lib/test/auto/funcApplyInExpr.xml
----------------- Instantiating /home/travis/build/icyphy/ptII/ptolemy/actor/lib/test/auto/funcApplyInExpr.xml
1 ms. Memory: 564224K Free: 194675K (35%)
----------------- Invoking toplevel() on ptolemy.moml.MoMLSimpleApplication@723ba001
----------------- Done invoking toplevel() on ptolemy.moml.MoMLSimpleApplication@723ba001
reloadAllAccessors: .funcApplyInExpr

===========================================================================================
----------------- testing Sun Oct 13 06:24:50 UTC 2019 /home/travis/build/icyphy/ptII/ptolemy/actor/lib/test/auto/function.xml
----------------- Instantiating /home/travis/build/icyphy/ptII/ptolemy/actor/lib/test/auto/function.xml
2 ms. Memory: 564224K Free: 189555K (34%)
----------------- Invoking toplevel() on ptolemy.moml.MoMLSimpleApplication@b784baf
----------------- Done invoking toplevel() on ptolemy.moml.MoMLSimpleApplication@b784baf
reloadAllAccessors: .function

===========================================================================================
----------------- testing Sun Oct 13 06:24:50 UTC 2019 /home/travis/build/icyphy/ptII/ptolemy/actor/lib/test/auto/function2.xml
----------------- Instantiating /home/travis/build/icyphy/ptII/ptolemy/actor/lib/test/auto/function2.xml
5 ms. Memory: 564224K Free: 184949K (33%)
----------------- Invoking toplevel() on ptolemy.moml.MoMLSimpleApplication@21855c3f
----------------- Done invoking toplevel() on ptolemy.moml.MoMLSimpleApplication@21855c3f
reloadAllAccessors: .function2

===========================================================================================
----------------- testing Sun Oct 13 06:24:50 UTC 2019 /home/travis/build/icyphy/ptII/ptolemy/actor/lib/test/auto/function3.xml
----------------- Instantiating /home/travis/build/icyphy/ptII/ptolemy/actor/lib/test/auto/function3.xml
1 ms. Memory: 564224K Free: 180853K (32%)
----------------- Invoking toplevel() on ptolemy.moml.MoMLSimpleApplication@29492c1c
----------------- Done invoking toplevel() on ptolemy.moml.MoMLSimpleApplication@29492c1c
reloadAllAccessors: .function3

===========================================================================================
----------------- testing Sun Oct 13 06:24:50 UTC 2019 /home/travis/build/icyphy/ptII/ptolemy/actor/lib/test/auto/functionClosureTest1.xml
----------------- Instantiating /home/travis/build/icyphy/ptII/ptolemy/actor/lib/test/auto/functionClosureTest1.xml
2 ms. Memory: 564224K Free: 505839K (90%)
----------------- Invoking toplevel() on ptolemy.moml.MoMLSimpleApplication@5225a6ec
----------------- Done invoking toplevel() on ptolemy.moml.MoMLSimpleApplication@5225a6ec
reloadAllAccessors: .functionClosureTest1

===========================================================================================
----------------- testing Sun Oct 13 06:24:50 UTC 2019 /home/travis/build/icyphy/ptII/ptolemy/actor/lib/test/auto/functionClosureTest2.xml
----------------- Instantiating /home/travis/build/icyphy/ptII/ptolemy/actor/lib/test/auto/functionClosureTest2.xml
2 ms. Memory: 564224K Free: 501758K (89%)
----------------- Invoking toplevel() on ptolemy.moml.MoMLSimpleApplication@2b950457
----------------- Done invoking toplevel() on ptolemy.moml.MoMLSimpleApplication@2b950457
reloadAllAccessors: .functionClosureTest2

===========================================================================================
----------------- testing Sun Oct 13 06:24:50 UTC 2019 /home/travis/build/icyphy/ptII/ptolemy/actor/lib/test/auto/functionClosureTest3.xml
----------------- Instantiating /home/travis/build/icyphy/ptII/ptolemy/actor/lib/test/auto/functionClosureTest3.xml
3 ms. Memory: 564224K Free: 496623K (88%)
----------------- Invoking toplevel() on ptolemy.moml.MoMLSimpleApplication@3d709fc9
----------------- Done invoking toplevel() on ptolemy.moml.MoMLSimpleApplication@3d709fc9
reloadAllAccessors: .functionClosureTest3

===========================================================================================
----------------- testing Sun Oct 13 06:24:50 UTC 2019 /home/travis/build/icyphy/ptII/ptolemy/actor/lib/test/auto/functionClosureTest4.xml
----------------- Instantiating /home/travis/build/icyphy/ptII/ptolemy/actor/lib/test/auto/functionClosureTest4.xml
4 ms. Memory: 564224K Free: 489984K (87%)
----------------- Invoking toplevel() on ptolemy.moml.MoMLSimpleApplication@71ba7acc
----------------- Done invoking toplevel() on ptolemy.moml.MoMLSimpleApplication@71ba7acc
reloadAllAccessors: .functionClosureTest4

===========================================================================================
----------------- testing Sun Oct 13 06:24:50 UTC 2019 /home/travis/build/icyphy/ptII/ptolemy/actor/lib/test/auto/functionClosureTest5.xml
----------------- Instantiating /home/travis/build/icyphy/ptII/ptolemy/actor/lib/test/auto/functionClosureTest5.xml
4 ms. Memory: 564224K Free: 484864K (86%)
----------------- Invoking toplevel() on ptolemy.moml.MoMLSimpleApplication@35e28154
----------------- Done invoking toplevel() on ptolemy.moml.MoMLSimpleApplication@35e28154
reloadAllAccessors: .functionClosureTest5

===========================================================================================
----------------- testing Sun Oct 13 06:24:50 UTC 2019 /home/travis/build/icyphy/ptII/ptolemy/actor/lib/test/auto/functionClosureTest6.xml
----------------- Instantiating /home/travis/build/icyphy/ptII/ptolemy/actor/lib/test/auto/functionClosureTest6.xml
2 ms. Memory: 564224K Free: 479744K (85%)
----------------- Invoking toplevel() on ptolemy.moml.MoMLSimpleApplication@61478654
----------------- Done invoking toplevel() on ptolemy.moml.MoMLSimpleApplication@61478654
reloadAllAccessors: .functionClosureTest6

===========================================================================================
----------------- testing Sun Oct 13 06:24:50 UTC 2019 /home/travis/build/icyphy/ptII/ptolemy/actor/lib/test/auto/functionsOnArcs.xml
----------------- Instantiating /home/travis/build/icyphy/ptII/ptolemy/actor/lib/test/auto/functionsOnArcs.xml
2 ms. Memory: 564224K Free: 474624K (84%)
----------------- Invoking toplevel() on ptolemy.moml.MoMLSimpleApplication@2ecdba98
----------------- Done invoking toplevel() on ptolemy.moml.MoMLSimpleApplication@2ecdba98
reloadAllAccessors: .functionsOnArcs

===========================================================================================
----------------- testing Sun Oct 13 06:24:50 UTC 2019 /home/travis/build/icyphy/ptII/ptolemy/actor/lib/test/auto/functionsOnArcsHOF.xml
----------------- Instantiating /home/travis/build/icyphy/ptII/ptolemy/actor/lib/test/auto/functionsOnArcsHOF.xml
3 ms. Memory: 564224K Free: 468480K (83%)
----------------- Invoking toplevel() on ptolemy.moml.MoMLSimpleApplication@74ea6e37
----------------- Done invoking toplevel() on ptolemy.moml.MoMLSimpleApplication@74ea6e37
reloadAllAccessors: .functionsOnArcsHOF

===========================================================================================
----------------- testing Sun Oct 13 06:24:50 UTC 2019 /home/travis/build/icyphy/ptII/ptolemy/actor/lib/test/auto/logic.xml
----------------- Instantiating /home/travis/build/icyphy/ptII/ptolemy/actor/lib/test/auto/logic.xml
2 ms. Memory: 564224K Free: 461312K (82%)
----------------- Invoking toplevel() on ptolemy.moml.MoMLSimpleApplication@25f57ab0
----------------- Done invoking toplevel() on ptolemy.moml.MoMLSimpleApplication@25f57ab0
reloadAllAccessors: .logic

===========================================================================================
----------------- testing Sun Oct 13 06:24:50 UTC 2019 /home/travis/build/icyphy/ptII/ptolemy/actor/lib/test/auto/matrixType.xml
----------------- Instantiating /home/travis/build/icyphy/ptII/ptolemy/actor/lib/test/auto/matrixType.xml
1 ms. Memory: 564224K Free: 455678K (81%)
----------------- Invoking toplevel() on ptolemy.moml.MoMLSimpleApplication@5ef70916
----------------- Done invoking toplevel() on ptolemy.moml.MoMLSimpleApplication@5ef70916
reloadAllAccessors: .matrixType

===========================================================================================
----------------- testing Sun Oct 13 06:24:50 UTC 2019 /home/travis/build/icyphy/ptII/ptolemy/actor/lib/test/auto/matrixType10.xml
----------------- Instantiating /home/travis/build/icyphy/ptII/ptolemy/actor/lib/test/auto/matrixType10.xml
2 ms. Memory: 564224K Free: 451072K (80%)
----------------- Invoking toplevel() on ptolemy.moml.MoMLSimpleApplication@40f7fc14
----------------- Done invoking toplevel() on ptolemy.moml.MoMLSimpleApplication@40f7fc14
reloadAllAccessors: .matrixType10

===========================================================================================
----------------- testing Sun Oct 13 06:24:50 UTC 2019 /home/travis/build/icyphy/ptII/ptolemy/actor/lib/test/auto/matrixType11.xml
----------------- Instantiating /home/travis/build/icyphy/ptII/ptolemy/actor/lib/test/auto/matrixType11.xml
1 ms. Memory: 564224K Free: 445952K (79%)
----------------- Invoking toplevel() on ptolemy.moml.MoMLSimpleApplication@6256c091
----------------- Done invoking toplevel() on ptolemy.moml.MoMLSimpleApplication@6256c091
reloadAllAccessors: .matrixType11

===========================================================================================
----------------- testing Sun Oct 13 06:24:50 UTC 2019 /home/travis/build/icyphy/ptII/ptolemy/actor/lib/test/auto/matrixType12.xml
----------------- Instantiating /home/travis/build/icyphy/ptII/ptolemy/actor/lib/test/auto/matrixType12.xml
2 ms. Memory: 564224K Free: 441339K (78%)
----------------- Invoking toplevel() on ptolemy.moml.MoMLSimpleApplication@3c7530ca
----------------- Done invoking toplevel() on ptolemy.moml.MoMLSimpleApplication@3c7530ca
reloadAllAccessors: .matrixType12

===========================================================================================
----------------- testing Sun Oct 13 06:24:50 UTC 2019 /home/travis/build/icyphy/ptII/ptolemy/actor/lib/test/auto/matrixType13.xml
----------------- Instantiating /home/travis/build/icyphy/ptII/ptolemy/actor/lib/test/auto/matrixType13.xml
1 ms. Memory: 564224K Free: 436222K (77%)
----------------- Invoking toplevel() on ptolemy.moml.MoMLSimpleApplication@4485c385
----------------- Done invoking toplevel() on ptolemy.moml.MoMLSimpleApplication@4485c385
reloadAllAccessors: .matrixType13

===========================================================================================
----------------- testing Sun Oct 13 06:24:50 UTC 2019 /home/travis/build/icyphy/ptII/ptolemy/actor/lib/test/auto/matrixType14.xml
----------------- Instantiating /home/travis/build/icyphy/ptII/ptolemy/actor/lib/test/auto/matrixType14.xml
2 ms. Memory: 564224K Free: 431102K (76%)
----------------- Invoking toplevel() on ptolemy.moml.MoMLSimpleApplication@2b3ad9f3
----------------- Done invoking toplevel() on ptolemy.moml.MoMLSimpleApplication@2b3ad9f3
reloadAllAccessors: .matrixType14

===========================================================================================
----------------- testing Sun Oct 13 06:24:50 UTC 2019 /home/travis/build/icyphy/ptII/ptolemy/actor/lib/test/auto/matrixType2.xml
----------------- Instantiating /home/travis/build/icyphy/ptII/ptolemy/actor/lib/test/auto/matrixType2.xml
2 ms. Memory: 564224K Free: 425982K (75%)
----------------- Invoking toplevel() on ptolemy.moml.MoMLSimpleApplication@3f2b8cdf
----------------- Done invoking toplevel() on ptolemy.moml.MoMLSimpleApplication@3f2b8cdf
reloadAllAccessors: .matrixType2

===========================================================================================
----------------- testing Sun Oct 13 06:24:50 UTC 2019 /home/travis/build/icyphy/ptII/ptolemy/actor/lib/test/auto/matrixType3.xml
----------------- Instantiating /home/travis/build/icyphy/ptII/ptolemy/actor/lib/test/auto/matrixType3.xml
4 ms. Memory: 564224K Free: 421376K (75%)
----------------- Invoking toplevel() on ptolemy.moml.MoMLSimpleApplication@65281f11
----------------- Done invoking toplevel() on ptolemy.moml.MoMLSimpleApplication@65281f11
reloadAllAccessors: .matrixType3

===========================================================================================
----------------- testing Sun Oct 13 06:24:50 UTC 2019 /home/travis/build/icyphy/ptII/ptolemy/actor/lib/test/auto/matrixType4.xml
----------------- Instantiating /home/travis/build/icyphy/ptII/ptolemy/actor/lib/test/auto/matrixType4.xml
2 ms. Memory: 564224K Free: 416256K (74%)
----------------- Invoking toplevel() on ptolemy.moml.MoMLSimpleApplication@1e6d4455
----------------- Done invoking toplevel() on ptolemy.moml.MoMLSimpleApplication@1e6d4455
reloadAllAccessors: .matrixType4

===========================================================================================
----------------- testing Sun Oct 13 06:24:50 UTC 2019 /home/travis/build/icyphy/ptII/ptolemy/actor/lib/test/auto/matrixType5.xml
----------------- Instantiating /home/travis/build/icyphy/ptII/ptolemy/actor/lib/test/auto/matrixType5.xml
2 ms. Memory: 564224K Free: 411646K (73%)
----------------- Invoking toplevel() on ptolemy.moml.MoMLSimpleApplication@1c2c20aa
----------------- Done invoking toplevel() on ptolemy.moml.MoMLSimpleApplication@1c2c20aa
reloadAllAccessors: .matrixType5

===========================================================================================
----------------- testing Sun Oct 13 06:24:50 UTC 2019 /home/travis/build/icyphy/ptII/ptolemy/actor/lib/test/auto/matrixType6.xml
----------------- Instantiating /home/travis/build/icyphy/ptII/ptolemy/actor/lib/test/auto/matrixType6.xml
2 ms. Memory: 564224K Free: 406526K (72%)
----------------- Invoking toplevel() on ptolemy.moml.MoMLSimpleApplication@38d9c5c7
----------------- Done invoking toplevel() on ptolemy.moml.MoMLSimpleApplication@38d9c5c7
reloadAllAccessors: .matrixType6

===========================================================================================
----------------- testing Sun Oct 13 06:24:50 UTC 2019 /home/travis/build/icyphy/ptII/ptolemy/actor/lib/test/auto/matrixType7.xml
----------------- Instantiating /home/travis/build/icyphy/ptII/ptolemy/actor/lib/test/auto/matrixType7.xml
2 ms. Memory: 564224K Free: 401920K (71%)
----------------- Invoking toplevel() on ptolemy.moml.MoMLSimpleApplication@5b361a5a
----------------- Done invoking toplevel() on ptolemy.moml.MoMLSimpleApplication@5b361a5a
reloadAllAccessors: .matrixType7

===========================================================================================
----------------- testing Sun Oct 13 06:24:50 UTC 2019 /home/travis/build/icyphy/ptII/ptolemy/actor/lib/test/auto/matrixType8.xml
----------------- Instantiating /home/travis/build/icyphy/ptII/ptolemy/actor/lib/test/auto/matrixType8.xml
2 ms. Memory: 564224K Free: 396800K (70%)
----------------- Invoking toplevel() on ptolemy.moml.MoMLSimpleApplication@6c9130a7
----------------- Done invoking toplevel() on ptolemy.moml.MoMLSimpleApplication@6c9130a7
reloadAllAccessors: .matrixType8

===========================================================================================
----------------- testing Sun Oct 13 06:24:50 UTC 2019 /home/travis/build/icyphy/ptII/ptolemy/actor/lib/test/auto/matrixType9.xml
----------------- Instantiating /home/travis/build/icyphy/ptII/ptolemy/actor/lib/test/auto/matrixType9.xml
1 ms. Memory: 564224K Free: 392190K (70%)
----------------- Invoking toplevel() on ptolemy.moml.MoMLSimpleApplication@37ed88bb
----------------- Done invoking toplevel() on ptolemy.moml.MoMLSimpleApplication@37ed88bb
reloadAllAccessors: .matrixType9

===========================================================================================
----------------- testing Sun Oct 13 06:24:50 UTC 2019 /home/travis/build/icyphy/ptII/ptolemy/actor/lib/test/auto/paraFunctest.xml
----------------- Instantiating /home/travis/build/icyphy/ptII/ptolemy/actor/lib/test/auto/paraFunctest.xml
1 ms. Memory: 564224K Free: 388094K (69%)
----------------- Invoking toplevel() on ptolemy.moml.MoMLSimpleApplication@26da3520
----------------- Done invoking toplevel() on ptolemy.moml.MoMLSimpleApplication@26da3520
reloadAllAccessors: .paraFunctest

===========================================================================================
----------------- testing Sun Oct 13 06:24:51 UTC 2019 /home/travis/build/icyphy/ptII/ptolemy/actor/lib/test/auto/paraFunctest2.xml
----------------- Instantiating /home/travis/build/icyphy/ptII/ptolemy/actor/lib/test/auto/paraFunctest2.xml
2 ms. Memory: 564224K Free: 383998K (68%)
----------------- Invoking toplevel() on ptolemy.moml.MoMLSimpleApplication@67c07f20
----------------- Done invoking toplevel() on ptolemy.moml.MoMLSimpleApplication@67c07f20
reloadAllAccessors: .paraFunctest2

===========================================================================================
----------------- testing Sun Oct 13 06:24:51 UTC 2019 /home/travis/build/icyphy/ptII/ptolemy/actor/lib/test/auto/parameterPassing.xml
----------------- Instantiating /home/travis/build/icyphy/ptII/ptolemy/actor/lib/test/auto/parameterPassing.xml
1 ms. Memory: 564224K Free: 379902K (67%)
----------------- Invoking toplevel() on ptolemy.moml.MoMLSimpleApplication@63c4c8f7
----------------- Done invoking toplevel() on ptolemy.moml.MoMLSimpleApplication@63c4c8f7
reloadAllAccessors: .parameterPassing

===========================================================================================
----------------- testing Sun Oct 13 06:24:51 UTC 2019 /home/travis/build/icyphy/ptII/ptolemy/actor/lib/test/auto/record.xml
----------------- Instantiating /home/travis/build/icyphy/ptII/ptolemy/actor/lib/test/auto/record.xml
3 ms. Memory: 564224K Free: 374782K (66%)
----------------- Invoking toplevel() on ptolemy.moml.MoMLSimpleApplication@17ae4ff
----------------- Done invoking toplevel() on ptolemy.moml.MoMLSimpleApplication@17ae4ff
reloadAllAccessors: .record

===========================================================================================
----------------- testing Sun Oct 13 06:24:51 UTC 2019 /home/travis/build/icyphy/ptII/ptolemy/actor/lib/test/auto/sizedarray1.xml
----------------- Instantiating /home/travis/build/icyphy/ptII/ptolemy/actor/lib/test/auto/sizedarray1.xml
1 ms. Memory: 564224K Free: 369662K (66%)
----------------- Invoking toplevel() on ptolemy.moml.MoMLSimpleApplication@237ae913
----------------- Done invoking toplevel() on ptolemy.moml.MoMLSimpleApplication@237ae913
reloadAllAccessors: .sizedarray1

===========================================================================================
----------------- testing Sun Oct 13 06:24:51 UTC 2019 /home/travis/build/icyphy/ptII/ptolemy/actor/lib/test/auto/sizedarray2.xml
----------------- Instantiating /home/travis/build/icyphy/ptII/ptolemy/actor/lib/test/auto/sizedarray2.xml
3 ms. Memory: 564224K Free: 363518K (64%)
----------------- Invoking toplevel() on ptolemy.moml.MoMLSimpleApplication@355faebc
----------------- Done invoking toplevel() on ptolemy.moml.MoMLSimpleApplication@355faebc
reloadAllAccessors: .sizedarray2

===========================================================================================
----------------- testing Sun Oct 13 06:24:51 UTC 2019 /home/travis/build/icyphy/ptII/ptolemy/actor/lib/test/auto/twoPublishers.xml
----------------- Instantiating /home/travis/build/icyphy/ptII/ptolemy/actor/lib/test/auto/twoPublishers.xml
6 ms. Memory: 564224K Free: 353263K (63%)
----------------- Invoking toplevel() on ptolemy.moml.MoMLSimpleApplication@bff2cb0
----------------- Done invoking toplevel() on ptolemy.moml.MoMLSimpleApplication@bff2cb0
reloadAllAccessors: .twoPublishers
AutoTests.java: About to close Vertx.
AutoTests.java: Vertx closed.
]]></system-out>
  <system-err><![CDATA[java.lang.RuntimeException: Execution failed
	at ptolemy.moml.MoMLSimpleApplication$UnloadThread.run(MoMLSimpleApplication.java:402)
Caused by: java.lang.RuntimeException: StringUtilities.exit() was called. Normally, we would exit here because Manager.exitAfterWrapup() was called.  However, because the ptolemy.ptII.exitAfterWrapup property is set, we throw this exception instead.
	at ptolemy.util.StringUtilities.exit(StringUtilities.java:365)
	at ptolemy.actor.Manager.wrapup(Manager.java:1549)
	at ptolemy.actor.Manager.execute(Manager.java:407)
	at ptolemy.actor.Manager.run(Manager.java:1263)
	at ptolemy.actor.Manager$PtolemyRunThread.run(Manager.java:1933)
Warning: '.top.test' is in training mode, set the trainingMode parameter to false before checking in
Warning: '.top.test' is in training mode, set the trainingMode parameter to false before checking in
Warning: '.top.test' is in training mode, set the trainingMode parameter to false before checking in
Warning: '.BooleanSwitch_RegressionTest_WrongTrainingValues.Test' is in training mode, set the trainingMode parameter to false before checking in
Warning: '.BooleanSwitch_RegressionTest_WrongTrainingValues.Test2' is in training mode, set the trainingMode parameter to false before checking in
Warning: '.BooleanSwitch_RegressionTest_WrongTrainingValues.Test2' The test produced 0 tokens.
Warning: '.top.testExceptionHandler' is in training mode, set the trainingMode parameter to false before checking in
java.lang.RuntimeException: Execution failed
	at ptolemy.moml.MoMLSimpleApplication$UnloadThread.run(MoMLSimpleApplication.java:402)
Caused by: ptolemy.kernel.util.IllegalActionException: PublisherPorts cannot be used at the top level, use a Publisher actor instead.
  in .PublisherPortToplevelSubscriber.PublisherPort
	at ptolemy.actor.PublisherPort.preinitialize(PublisherPort.java:403)
	at ptolemy.actor.CompositeActor.preinitialize(CompositeActor.java:1769)
	at ptolemy.actor.Manager.preinitializeAndResolveTypes(Manager.java:1040)
	at ptolemy.actor.Manager.initialize(Manager.java:710)
	at ptolemy.actor.Manager.execute(Manager.java:356)
	at ptolemy.actor.Manager.run(Manager.java:1263)
	at ptolemy.actor.Manager$PtolemyRunThread.run(Manager.java:1933)
java.lang.reflect.InvocationTargetException
	at java.base/jdk.internal.reflect.NativeConstructorAccessorImpl.newInstance0(Native Method)
	at java.base/jdk.internal.reflect.NativeConstructorAccessorImpl.newInstance(NativeConstructorAccessorImpl.java:62)
	at java.base/jdk.internal.reflect.DelegatingConstructorAccessorImpl.newInstance(DelegatingConstructorAccessorImpl.java:45)
	at java.base/java.lang.reflect.Constructor.newInstance(Constructor.java:490)
	at ptolemy.util.test.junit.AutoKnownFailedTests.RunModel(AutoKnownFailedTests.java:105)
	at java.base/jdk.internal.reflect.NativeMethodAccessorImpl.invoke0(Native Method)
	at java.base/jdk.internal.reflect.NativeMethodAccessorImpl.invoke(NativeMethodAccessorImpl.java:62)
	at java.base/jdk.internal.reflect.DelegatingMethodAccessorImpl.invoke(DelegatingMethodAccessorImpl.java:43)
	at java.base/java.lang.reflect.Method.invoke(Method.java:566)
	at org.junit.runners.model.FrameworkMethod$1.runReflectiveCall(FrameworkMethod.java:44)
	at org.junit.internal.runners.model.ReflectiveCallable.run(ReflectiveCallable.java:15)
	at org.junit.runners.model.FrameworkMethod.invokeExplosively(FrameworkMethod.java:41)
	at junitparams.internal.InvokeParameterisedMethod.evaluate(InvokeParameterisedMethod.java:102)
	at org.junit.internal.runners.statements.FailOnTimeout$1.run(FailOnTimeout.java:28)
Caused by: ptolemy.kernel.util.IllegalActionException: PublisherPorts cannot be used at the top level, use a Publisher actor instead.
  in .PublisherPortToplevelSubscriber.PublisherPort
	at ptolemy.actor.PublisherPort.preinitialize(PublisherPort.java:403)
	at ptolemy.actor.CompositeActor.preinitialize(CompositeActor.java:1769)
	at ptolemy.actor.Manager.preinitializeAndResolveTypes(Manager.java:1040)
	at ptolemy.actor.Manager.initialize(Manager.java:710)
	at ptolemy.actor.Manager.execute(Manager.java:356)
	at ptolemy.actor.Manager.run(Manager.java:1263)
	at ptolemy.actor.Manager$PtolemyRunThread.run(Manager.java:1933)
java.lang.RuntimeException: Execution failed
	at ptolemy.moml.MoMLSimpleApplication$UnloadThread.run(MoMLSimpleApplication.java:402)
Caused by: ptolemy.kernel.util.IllegalActionException: SubscriberPorts cannot be used at the top level, use a Subscriber actor instead.
  in .PublisherSubscriberPortToplevel.SubscriberPort
	at ptolemy.actor.SubscriberPort.preinitialize(SubscriberPort.java:328)
	at ptolemy.actor.CompositeActor.preinitialize(CompositeActor.java:1769)
	at ptolemy.actor.Manager.preinitializeAndResolveTypes(Manager.java:1040)
	at ptolemy.actor.Manager.initialize(Manager.java:710)
	at ptolemy.actor.Manager.execute(Manager.java:356)
	at ptolemy.actor.Manager.run(Manager.java:1263)
	at ptolemy.actor.Manager$PtolemyRunThread.run(Manager.java:1933)
java.lang.reflect.InvocationTargetException
	at java.base/jdk.internal.reflect.NativeConstructorAccessorImpl.newInstance0(Native Method)
	at java.base/jdk.internal.reflect.NativeConstructorAccessorImpl.newInstance(NativeConstructorAccessorImpl.java:62)
	at java.base/jdk.internal.reflect.DelegatingConstructorAccessorImpl.newInstance(DelegatingConstructorAccessorImpl.java:45)
	at java.base/java.lang.reflect.Constructor.newInstance(Constructor.java:490)
	at ptolemy.util.test.junit.AutoKnownFailedTests.RunModel(AutoKnownFailedTests.java:105)
	at java.base/jdk.internal.reflect.NativeMethodAccessorImpl.invoke0(Native Method)
	at java.base/jdk.internal.reflect.NativeMethodAccessorImpl.invoke(NativeMethodAccessorImpl.java:62)
	at java.base/jdk.internal.reflect.DelegatingMethodAccessorImpl.invoke(DelegatingMethodAccessorImpl.java:43)
	at java.base/java.lang.reflect.Method.invoke(Method.java:566)
	at org.junit.runners.model.FrameworkMethod$1.runReflectiveCall(FrameworkMethod.java:44)
	at org.junit.internal.runners.model.ReflectiveCallable.run(ReflectiveCallable.java:15)
	at org.junit.runners.model.FrameworkMethod.invokeExplosively(FrameworkMethod.java:41)
	at junitparams.internal.InvokeParameterisedMethod.evaluate(InvokeParameterisedMethod.java:102)
	at org.junit.internal.runners.statements.FailOnTimeout$1.run(FailOnTimeout.java:28)
Caused by: ptolemy.kernel.util.IllegalActionException: SubscriberPorts cannot be used at the top level, use a Subscriber actor instead.
  in .PublisherSubscriberPortToplevel.SubscriberPort
	at ptolemy.actor.SubscriberPort.preinitialize(SubscriberPort.java:328)
	at ptolemy.actor.CompositeActor.preinitialize(CompositeActor.java:1769)
	at ptolemy.actor.Manager.preinitializeAndResolveTypes(Manager.java:1040)
	at ptolemy.actor.Manager.initialize(Manager.java:710)
	at ptolemy.actor.Manager.execute(Manager.java:356)
	at ptolemy.actor.Manager.run(Manager.java:1263)
	at ptolemy.actor.Manager$PtolemyRunThread.run(Manager.java:1933)
java.lang.RuntimeException: Execution failed
	at ptolemy.moml.MoMLSimpleApplication$UnloadThread.run(MoMLSimpleApplication.java:402)
Caused by: ptolemy.kernel.util.IllegalActionException: SubscriptionAggregatorPorts cannot be used at the top level, use a SubscriptionAggregator actor instead.
  in .PublisherSubscriptionAggregatorPort.SubscriptionAggregatorPort
	at ptolemy.actor.SubscriptionAggregatorPort.preinitialize(SubscriptionAggregatorPort.java:353)
	at ptolemy.actor.CompositeActor.preinitialize(CompositeActor.java:1769)
	at ptolemy.actor.Manager.preinitializeAndResolveTypes(Manager.java:1040)
	at ptolemy.actor.Manager.initialize(Manager.java:710)
	at ptolemy.actor.Manager.execute(Manager.java:356)
	at ptolemy.actor.Manager.run(Manager.java:1263)
	at ptolemy.actor.Manager$PtolemyRunThread.run(Manager.java:1933)
java.lang.reflect.InvocationTargetException
	at java.base/jdk.internal.reflect.NativeConstructorAccessorImpl.newInstance0(Native Method)
	at java.base/jdk.internal.reflect.NativeConstructorAccessorImpl.newInstance(NativeConstructorAccessorImpl.java:62)
	at java.base/jdk.internal.reflect.DelegatingConstructorAccessorImpl.newInstance(DelegatingConstructorAccessorImpl.java:45)
	at java.base/java.lang.reflect.Constructor.newInstance(Constructor.java:490)
	at ptolemy.util.test.junit.AutoKnownFailedTests.RunModel(AutoKnownFailedTests.java:105)
	at java.base/jdk.internal.reflect.NativeMethodAccessorImpl.invoke0(Native Method)
	at java.base/jdk.internal.reflect.NativeMethodAccessorImpl.invoke(NativeMethodAccessorImpl.java:62)
	at java.base/jdk.internal.reflect.DelegatingMethodAccessorImpl.invoke(DelegatingMethodAccessorImpl.java:43)
	at java.base/java.lang.reflect.Method.invoke(Method.java:566)
	at org.junit.runners.model.FrameworkMethod$1.runReflectiveCall(FrameworkMethod.java:44)
	at org.junit.internal.runners.model.ReflectiveCallable.run(ReflectiveCallable.java:15)
	at org.junit.runners.model.FrameworkMethod.invokeExplosively(FrameworkMethod.java:41)
	at junitparams.internal.InvokeParameterisedMethod.evaluate(InvokeParameterisedMethod.java:102)
	at org.junit.internal.runners.statements.FailOnTimeout$1.run(FailOnTimeout.java:28)
Caused by: ptolemy.kernel.util.IllegalActionException: SubscriptionAggregatorPorts cannot be used at the top level, use a SubscriptionAggregator actor instead.
  in .PublisherSubscriptionAggregatorPort.SubscriptionAggregatorPort
	at ptolemy.actor.SubscriptionAggregatorPort.preinitialize(SubscriptionAggregatorPort.java:353)
	at ptolemy.actor.CompositeActor.preinitialize(CompositeActor.java:1769)
	at ptolemy.actor.Manager.preinitializeAndResolveTypes(Manager.java:1040)
	at ptolemy.actor.Manager.initialize(Manager.java:710)
	at ptolemy.actor.Manager.execute(Manager.java:356)
	at ptolemy.actor.Manager.run(Manager.java:1263)
	at ptolemy.actor.Manager$PtolemyRunThread.run(Manager.java:1933)
java.lang.RuntimeException: Execution failed
	at ptolemy.moml.MoMLSimpleApplication$UnloadThread.run(MoMLSimpleApplication.java:402)
Caused by: ptolemy.kernel.util.IllegalActionException: TypeTest actor has no training data.
  in .sizedarray3.TypeTest
	at ptolemy.actor.lib.TypeTest.initialize(TypeTest.java:250)
	at ptolemy.actor.Director.initialize(Director.java:938)
	at ptolemy.actor.Director.initialize(Director.java:907)
	at ptolemy.actor.sched.StaticSchedulingDirector.initialize(StaticSchedulingDirector.java:159)
	at ptolemy.domains.sdf.kernel.SDFDirector.initialize(SDFDirector.java:544)
	at ptolemy.actor.CompositeActor.initialize(CompositeActor.java:935)
	at ptolemy.actor.Manager.initialize(Manager.java:724)
	at ptolemy.actor.Manager.execute(Manager.java:356)
	at ptolemy.actor.Manager.run(Manager.java:1263)
	at ptolemy.actor.Manager$PtolemyRunThread.run(Manager.java:1933)
java.lang.reflect.InvocationTargetException
	at java.base/jdk.internal.reflect.NativeConstructorAccessorImpl.newInstance0(Native Method)
	at java.base/jdk.internal.reflect.NativeConstructorAccessorImpl.newInstance(NativeConstructorAccessorImpl.java:62)
	at java.base/jdk.internal.reflect.DelegatingConstructorAccessorImpl.newInstance(DelegatingConstructorAccessorImpl.java:45)
	at java.base/java.lang.reflect.Constructor.newInstance(Constructor.java:490)
	at ptolemy.util.test.junit.AutoKnownFailedTests.RunModel(AutoKnownFailedTests.java:105)
	at java.base/jdk.internal.reflect.NativeMethodAccessorImpl.invoke0(Native Method)
	at java.base/jdk.internal.reflect.NativeMethodAccessorImpl.invoke(NativeMethodAccessorImpl.java:62)
	at java.base/jdk.internal.reflect.DelegatingMethodAccessorImpl.invoke(DelegatingMethodAccessorImpl.java:43)
	at java.base/java.lang.reflect.Method.invoke(Method.java:566)
	at org.junit.runners.model.FrameworkMethod$1.runReflectiveCall(FrameworkMethod.java:44)
	at org.junit.internal.runners.model.ReflectiveCallable.run(ReflectiveCallable.java:15)
	at org.junit.runners.model.FrameworkMethod.invokeExplosively(FrameworkMethod.java:41)
	at junitparams.internal.InvokeParameterisedMethod.evaluate(InvokeParameterisedMethod.java:102)
	at org.junit.internal.runners.statements.FailOnTimeout$1.run(FailOnTimeout.java:28)
Caused by: ptolemy.kernel.util.IllegalActionException: TypeTest actor has no training data.
  in .sizedarray3.TypeTest
	at ptolemy.actor.lib.TypeTest.initialize(TypeTest.java:250)
	at ptolemy.actor.Director.initialize(Director.java:938)
	at ptolemy.actor.Director.initialize(Director.java:907)
	at ptolemy.actor.sched.StaticSchedulingDirector.initialize(StaticSchedulingDirector.java:159)
	at ptolemy.domains.sdf.kernel.SDFDirector.initialize(SDFDirector.java:544)
	at ptolemy.actor.CompositeActor.initialize(CompositeActor.java:935)
	at ptolemy.actor.Manager.initialize(Manager.java:724)
	at ptolemy.actor.Manager.execute(Manager.java:356)
	at ptolemy.actor.Manager.run(Manager.java:1263)
	at ptolemy.actor.Manager$PtolemyRunThread.run(Manager.java:1933)
]]></system-err>
</testsuite>
