<?xml version="1.0" encoding="UTF-8" ?>
<testsuite errors="0" failures="0" hostname="travis-job-25d6a3e7-7ebb-4d99-bb1d-558ade86b884" name="ptolemy.actor.lib.test.junit.JUnitTclTest" skipped="0" tests="517" time="63.181" timestamp="2018-06-13T06:30:58">
  <properties>
    <property name="npm.executable" value="npm" />
    <property name="file.encoding.pkg" value="sun.io" />
    <property name="ptII.mk.exists" value="true" />
    <property name="env.rvm_bin_path" value="/home/travis/.rvm/bin" />
    <property name="java.home" value="/usr/lib/jvm/java-8-oracle/jre" />
    <property name="env.TRAVIS_JOB_NUMBER" value="571.7" />
    <property name="env.DISPLAY" value=":99.0" />
    <property name="java.net.preferIPv4Stack" value="true" />
    <property name="env.SSH_TTY" value="/dev/pts/0" />
    <property name="env.RUN_TESTS" value="true" />
    <property name="timeout.short" value="1000000" />
    <property name="env.TRAVIS_STACK_NODE_ATTRIBUTES" value="/.node-attributes.yml" />
    <property name="junit.formatter" value="xml" />
    <property name="java.endorsed.dirs" value="/usr/lib/jvm/java-8-oracle/jre/lib/endorsed" />
    <property name="env.TRAVIS_SUDO" value="true" />
    <property name="env.LOGNAME" value="travis" />
    <property name="env.PT_TRAVIS_TEST_CORE1_XML" value="true" />
    <property name="jsdoc.home" value="node_modules/@terraswarm/jsdoc" />
    <property name="debuglevel" value="source,lines,vars" />
    <property name="checkstyle.formatter" value="xml" />
    <property name="bin.vergil.makeable" value="true" />
    <property name="env._system_version" value="14.04" />
    <property name="sun.os.patch.level" value="unknown" />
    <property name="java.vendor.url" value="http://java.oracle.com/" />
    <property name="java.version" value="1.8.0_151" />
    <property name="env.TZ" value="UTC" />
    <property name="env.PT_NO_NET" value="true" />
    <property name="env.TRAVIS_PULL_REQUEST_SHA" value="" />
    <property name="env.TRAVIS_SECURE_ENV_VARS" value="true" />
    <property name="env._system_type" value="Linux" />
    <property name="java.vendor.url.bug" value="http://bugreport.sun.com/bugreport/" />
    <property name="env.SSH_CLIENT" value="10.10.16.9 43254 22" />
    <property name="npmjs-org-is-up" value="true" />
    <property name="env.GEM_HOME" value="/home/travis/.rvm/gems/ruby-2.4.1" />
    <property name="env.HAS_ANTARES_THREE_LITTLE_FRONZIES_BADGE" value="true" />
    <property name="env.PS4" value="+" />
    <property name="ant.project.invoked-targets" value="build,test.core1.xml" />
    <property name="env.TRAVIS_PULL_REQUEST_BRANCH" value="" />
    <property name="env.TRAVIS_REPO_SLUG" value="icyphy/ptII" />
    <property name="node.in.path" value="true" />
    <property name="java.maxmemory" value="1400m" />
    <property name="env.RUBY_VERSION" value="ruby-2.4.1" />
    <property name="user.name" value="travis" />
    <property name="env.LANG" value="en_US.UTF-8" />
    <property name="sun.io.unicode.encoding" value="UnicodeLittle" />
    <property name="sun.jnu.encoding" value="UTF-8" />
    <property name="java.runtime.name" value="Java(TM) SE Runtime Environment" />
    <property name="usefile" value="false" />
    <property name="return.code" value="0" />
    <property name="junit.single.formatter" value="plain" />
    <property name="env.DYLD_LIBRARY_PATH" value="/home/travis/pthla/certi-tools/lib:" />
    <property name="env.DEBIAN_FRONTEND" value="noninteractive" />
    <property name="env.SSH_CONNECTION" value="10.10.16.9 43254 10.20.0.48 22" />
    <property name="env.MYSQL_UNIX_PORT" value="/var/run/mysqld/mysqld.sock" />
    <property name="env.TRAVIS_ALLOW_FAILURE" value="false" />
    <property name="env.LC_ALL" value="en_US.UTF-8" />
    <property name="java.specification.name" value="Java Platform API Specification" />
    <property name="node.works" value="true" />
    <property name="user.timezone" value="" />
    <property name="path.separator" value=":" />
    <property name="env.PYTHON_CFLAGS" value="-g -fstack-protector --param=ssp-buffer-size=4 -Wformat -Werror=format-security" />
    <property name="timeout.long" value="4000000" />
    <property name="env.CERTI_HOME" value="/home/travis/pthla/certi-tools" />
    <property name="file.encoding" value="UTF-8" />
    <property name="ant.file.ptII" value="/home/travis/build/icyphy/ptII/build.xml" />
    <property name="javadoc.packagenames" value="com.*,diva.*,lbnl.*,org.hlacerti.*,org.json.*,org.ptolemy.*,org.terraswarm.*,ptolemy.*,ptserver.*" />
    <property name="env.TRAVIS_PULL_REQUEST_SLUG" value="" />
    <property name="ant.project.default-target" value="build" />
    <property name="env.GIT_ASKPASS" value="echo" />
    <property name="env.HOME" value="/home/travis" />
    <property name="sun.java.command" value="org.apache.tools.ant.taskdefs.optional.junit.JUnitTestRunner ptolemy.actor.lib.test.junit.JUnitTclTest skipNonTests=false filtertrace=true haltOnError=false haltOnFailure=false formatter=org.apache.tools.ant.taskdefs.optional.junit.OutErrSummaryJUnitResultFormatter showoutput=true outputtoformatters=true logfailedtests=true threadid=0 logtestlistenerevents=false formatter=org.apache.tools.ant.taskdefs.optional.junit.XMLJUnitResultFormatter,/home/travis/build/icyphy/ptII/reports/junit/TEST-ptolemy.actor.lib.test.junit.JUnitTclTest.xml crashfile=/home/travis/build/icyphy/ptII/junitvmwatcher2398022020344547150.properties propsfile=/home/travis/build/icyphy/ptII/junit2330996507752679381.properties" />
    <property name="env.MANPATH" value="/home/travis/.nvm/versions/node/v7.10.1/share/man:/home/travis/.kiex/elixirs/elixir-1.4.5/man:/home/travis/.rvm/rubies/ruby-2.4.1/share/man:/usr/local/man:/usr/local/cmake-3.9.2/man:/usr/local/clang-5.0.0/share/man:/usr/local/share/man:/usr/share/man:/home/travis/.rvm/man" />
    <property name="env.COMPOSER_NO_INTERACTION" value="1" />
    <property name="env.JDK_SWITCHER_DEFAULT" value="oraclejdk8" />
    <property name="ant.file" value="/home/travis/build/icyphy/ptII/build.xml" />
    <property name="env.TRAVIS_COMMIT_RANGE" value="0e824a7b1900...aa56d2ab2468" />
    <property name="env._system_name" value="Ubuntu" />
    <property name="timeout" value="2400000" />
    <property name="ptII.classpath.optional.property" value="/home/travis/build/icyphy/ptII/lib/bsh-2.0b4.jar:/home/travis/build/icyphy/ptII/lib/ptCal.jar:/home/travis/build/icyphy/ptII/lib/java_cup.jar:/home/travis/build/icyphy/ptII/lib/saxon8.jar:/home/travis/build/icyphy/ptII/lib/saxon8-dom.jar:/home/travis/build/icyphy/ptII/lib/chic.jar:/home/travis/build/icyphy/ptII/lib/ptcolt.jar:/usr/lib/jvm/java-8-oracle/lib/tools.jar:/usr/lib/eclipse/plugins/org.eclipse.jdt.core_3.8.2.dist.jar:/usr/lib/eclipse/plugins/org.eclipse.core.runtime_3.8.0.dist.jar:/usr/lib/eclipse/plugins/org.eclipse.osgi_3.8.1.dist.jar:/usr/lib/eclipse/plugins/org.eclipse.core.resources_3.8.1.dist.jar:/usr/lib/eclipse/plugins/org.eclipse.equinox.common_3.6.100.dist.jar:/usr/lib/eclipse/plugins/org.eclipse.core.jobs_3.5.200.dist.jar:/usr/lib/eclipse/plugins/org.eclipse.core.contenttype_3.4.200.dist.jar:/usr/lib/eclipse/plugins/org.eclipse.equinox.preferences_3.5.0.dist.jar:/usr/lib/eclipse/plugins/org.eclipse.text_3.5.200.dist.jar:/usr/lib/eclipse/plugins/org.eclipse.ui.workbench_3.8.1.dist.jar:/usr/lib/eclipse/plugins/org.eclipse.jface_3.8.0.dist.jar:/usr/lib/eclipse/plugins/org.eclipse.swt_3.8.2.jar:/usr/lib/eclipse/plugins/org.eclipse.jface.text_3.8.1.dist.jar:/usr/lib/eclipse/plugins/org.eclipse.ui.workbench.texteditor_3.8.0.dist.jar:/usr/lib/eclipse/plugins/org.eclipse.ui.editors_3.8.0.dist.jar:/usr/lib/eclipse/plugins/org.eclipse.core.commands_3.6.1.dist.jar:/usr/lib/eclipse/plugins/org.eclipse.equinox.registry_3.5.200.dist.jar:/usr/lib/eclipse/plugins/org.eclipse.ui.console_3.5.100.dist.jar:/usr/lib/eclipse/plugins/org.eclipse.ui.forms_3.5.200.dist.jar:/usr/lib/eclipse/plugins/org.eclipse.ui.ide_3.8.1.dist.jar:/home/travis/build/icyphy/ptII/vendors/oracle/dbxml.jar:/home/travis/build/icyphy/ptII/vendors/oracle/db.jar:/home/travis/build/icyphy/ptII/vendors/misc/itext/iText.jar:/home/travis/build/icyphy/ptII/lib/g4ltl.jar:/home/travis/build/icyphy/ptII/lib/StructuralCoder.jar:/home/travis/build/icyphy/ptII/lib/org-openide-util.jar:/home/travis/build/icyphy/ptII/lib/org-openide-util-lookup.jar:/home/travis/build/icyphy/ptII/lib/org-netbeans-api-visual.jar:/home/travis/build/icyphy/ptII/vendors/jai-1_1_2_01/lib/jai_core.jar:/home/travis/build/icyphy/ptII/vendors/jai-1_1_2_01/lib/jai_codec.jar:/home/travis/build/icyphy/ptII/lib/jcerti.jar:/home/travis/build/icyphy/ptII/lib/smack.jar:/home/travis/build/icyphy/ptII/lib/smackx.jar:/home/travis/build/icyphy/ptII/lib/jetty-all-8.1.5-v20120716.jar:/home/travis/build/icyphy/ptII/lib/javax.servlet-api-3.0.1.jar:/home/travis/build/icyphy/ptII/lib/javax.mail.jar:/home/travis/build/icyphy/ptII/vendors/JMF-2.1.1e/lib/jmf.jar:/home/travis/build/icyphy/ptII/lib/jna-4.0.0-variadic.jar:/home/travis/build/icyphy/ptII/vendors/misc/joystick/Joystick.jar:/home/travis/build/icyphy/ptII/lib/ptjacl.jar:/home/travis/build/icyphy/ptII/lib/jsoup-1.8.2.jar:/home/travis/build/icyphy/ptII/lib/junit-4.8.2.jar:/home/travis/build/icyphy/ptII/lib/JUnitParams-0.4.0.jar:/home/travis/build/icyphy/ptII/ptolemy/actor/lib/excel/jxl.jar:/home/travis/build/icyphy/ptII/lib/jython.jar:/home/travis/build/icyphy/ptII/lib/kieler.jar:/home/travis/build/icyphy/ptII/vendors/opencv/share/OpenCV/java/opencv-341.jar:/home/travis/build/icyphy/ptII/lib/oscP5.jar:/home/travis/build/icyphy/ptII/lib/nrjavaserial-3.11.0.devel.jar:/usr/share/java/j3dcore.jar:/usr/share/java/j3dutils.jar:/usr/share/java/vecmath.jar:/home/travis/build/icyphy/ptII/ptolemy/distributed/jini/jar/jini-core.jar:/home/travis/build/icyphy/ptII/ptolemy/distributed/jini/jar/jini-ext.jar:/home/travis/build/icyphy/ptII/ptolemy/distributed/jini/jar/sun-util.jar:/home/travis/build/icyphy/ptII/lib/protobuf-java-2.4.1.jar:/home/travis/build/icyphy/ptII/lib/org.eclipse.paho.client.mqttv3.jar:/home/travis/build/icyphy/ptII/ptserver/lib/hessian-4.0.7.jar:/home/travis/build/icyphy/ptII/ptserver/lib/wmqtt.jar:/home/travis/build/icyphy/ptII/lib/mapss.jar:/home/travis/build/icyphy/ptII/ptolemy/actor/ptalon/antlr/antlr.jar:/home/travis/build/icyphy/ptII/lib/JRI.jar:/home/travis/build/icyphy/ptII/lib/commons-lang-2.6.jar:/home/travis/build/icyphy/ptII/lib/commons-logging-1.1.1.jar:/home/travis/build/icyphy/ptII/lib/sootclasses.jar:/home/travis/build/icyphy/ptII/ptolemy/actor/lib/database/mysql-connector-java-5.1.6-bin.jar:/home/travis/build/icyphy/ptII/vendors/misc/sphinx4/sphinx4-data-5prealpha.jar:/home/travis/build/icyphy/ptII/vendors/misc/sphinx4/sphinx4-core-5prealpha.jar:/home/travis/build/icyphy/ptII/lib/PDFRenderer.jar:/home/travis/build/icyphy/ptII/lib/svgSalamander.jar:/home/travis/build/icyphy/ptII/lib/rsyntaxtextarea-2.6.0-SNAPSHOT.jar:/home/travis/build/icyphy/ptII/lib/hazelcast-3.8.2.jar:/home/travis/build/icyphy/ptII/lib/jackson-annotations-2.9.0.jar:/home/travis/build/icyphy/ptII/lib/jackson-core-2.9.3.jar:/home/travis/build/icyphy/ptII/lib/jackson-databind-2.9.3.jar:/home/travis/build/icyphy/ptII/lib/netty-buffer-4.1.19.Final.jar:/home/travis/build/icyphy/ptII/lib/netty-codec-4.1.19.Final.jar:/home/travis/build/icyphy/ptII/lib/netty-codec-dns-4.1.19.Final.jar:/home/travis/build/icyphy/ptII/lib/netty-codec-http-4.1.19.Final.jar:/home/travis/build/icyphy/ptII/lib/netty-codec-http2-4.1.19.Final.jar:/home/travis/build/icyphy/ptII/lib/netty-common-4.1.19.Final.jar:/home/travis/build/icyphy/ptII/lib/netty-handler-4.1.19.Final.jar:/home/travis/build/icyphy/ptII/lib/netty-resolver-4.1.19.Final.jar:/home/travis/build/icyphy/ptII/lib/netty-resolver-dns-4.1.19.Final.jar:/home/travis/build/icyphy/ptII/lib/netty-transport-4.1.19.Final.jar:/home/travis/build/icyphy/ptII/lib/vertx-codegen-3.5.1.jar:/home/travis/build/icyphy/ptII/lib/vertx-core-3.5.2-SNAPSHOT.jar:/home/travis/build/icyphy/ptII/lib/vertx-hazelcast-3.5.1.jar:/home/travis/build/icyphy/ptII/lib/vertx-lang-js-3.5.1.jar:/home/travis/build/icyphy/ptII/lib/vertx-service-proxy-3.5.1.jar:/home/travis/build/icyphy/ptII/lib/vertx-web-3.5.1.jar:/home/travis/build/icyphy/ptII/lib/slf4j-api-1.7.13.jar:/home/travis/build/icyphy/ptII/lib/slf4j-simple-1.7.13.jar:/home/travis/build/icyphy/ptII/lib/webcam-capture-0.3.12.jar:/home/travis/build/icyphy/ptII/lib/bridj-0.7.0.jar:/home/travis/build/icyphy/ptII/lib/xbjlib-1.1.0.nrjavaserial.jar" />
    <property name="test.batch" value="**/junit/*.java" />
    <property name="env._" value="/usr/bin/timeout" />
    <property name="java.io.tmpdir" value="/tmp" />
    <property name="user.language" value="en" />
    <property name="env.HISTCONTROL" value="ignoredups:ignorespace" />
    <property name="env.GOROOT" value="/home/travis/.gimme/versions/go1.7.4.linux.amd64" />
    <property name="line.separator" value="&#xa;" />
    <property name="target" value="1.8" />
    <property name="env.TRAVIS_BUILD_DIR" value="/home/travis/build/icyphy/ptII" />
    <property name="env.ANT_OPTS" value="-Xmx2048m" />
    <property name="ant.file.type" value="file" />
    <property name="ptolemy.ptII.batchMode" value="true" />
    <property name="env.HISTSIZE" value="1000" />
    <property name="env.MERB_ENV" value="test" />
    <property name="java.vm.info" value="mixed mode" />
    <property name="source" value="1.8" />
    <property name="java.vm.specification.name" value="Java Virtual Machine Specification" />
    <property name="env.TRAVIS_TEST_RESULT" value="0" />
    <property name="jsdoc.command" value="node_modules/@terraswarm/jsdoc/jsdoc.js" />
    <property name="npm.works" value="true" />
    <property name="cobertura.dir" value="/home/travis/build/icyphy/ptII/vendors/cobertura-2.0.3" />
    <property name="env.rvm_path" value="/home/travis/.rvm" />
    <property name="env.GEM_PATH" value="/home/travis/.rvm/gems/ruby-2.4.1:/home/travis/.rvm/gems/ruby-2.4.1@global" />
    <property name="env.LC_CTYPE" value="en_US.UTF-8" />
    <property name="java.awt.printerjob" value="sun.print.PSPrinterJob" />
    <property name="env.TRAVIS_STACK_NAME" value="garnet" />
    <property name="ant.version" value="Apache Ant(TM) version 1.10.1 compiled on February 2 2017" />
    <property name="ptII.reports" value="/home/travis/build/icyphy/ptII/reports" />
    <property name="env.TRAVIS_STACK_TIMESTAMP" value="2017-12-05 19:33:09 UTC" />
    <property name="ant.file.type.ptII" value="file" />
    <property name="env.RBENV_SHELL" value="bash" />
    <property name="os.name" value="Linux" />
    <property name="java.specification.vendor" value="Oracle Corporation" />
    <property name="env.rvm_version" value="1.29.3 (latest)" />
    <property name="env.TERM" value="xterm" />
    <property name="java.vm.name" value="Java HotSpot(TM) 64-Bit Server VM" />
    <property name="env.TRAVIS_BUILD_NUMBER" value="571" />
    <property name="env.CI" value="true" />
    <property name="java.library.path" value="/home/travis/pthla/certi-tools/lib:/usr/lib/jni:/usr/local/share/OpenCV/java/:/usr/share/OpenCV/java::/usr/java/packages/lib/amd64:/usr/lib64:/lib64:/lib:/usr/lib" />
    <property name="env.rvm_prefix" value="/home/travis" />
    <property name="env.PATH" value="/home/travis/pthla/certi-tools/share/scripts:/home/travis/.rvm/gems/ruby-2.4.1/bin:/home/travis/.rvm/gems/ruby-2.4.1@global/bin:/home/travis/.rvm/rubies/ruby-2.4.1/bin:/home/travis/.rvm/bin:/home/travis/.nvm/versions/node/v7.10.1/bin:./node_modules/.bin:/home/travis/build/icyphy/ptII/bin:/home/travis/pthla/certi-tools/bin:/home/travis/bin:/home/travis/.local/bin:/opt/pyenv/shims:/home/travis/.phpenv/shims:/home/travis/perl5/perlbrew/bin:/home/travis/.kiex/elixirs/elixir-1.4.5/bin:/home/travis/.kiex/bin:/home/travis/gopath/bin:/home/travis/.gimme/versions/go1.7.4.linux.amd64/bin:/usr/local/phantomjs/bin:/usr/local/phantomjs:/usr/local/neo4j-3.2.7/bin:/usr/local/maven-3.5.2/bin:/usr/local/cmake-3.9.2/bin:/usr/local/clang-5.0.0/bin:/usr/local/sbin:/usr/local/bin:/usr/sbin:/usr/bin:/sbin:/bin:/home/travis/.phpenv/bin:/opt/pyenv/bin:/home/travis/.yarn/bin" />
    <property name="env.TRAVIS_OS_NAME" value="linux" />
    <property name="ant.java.version" value="1.8" />
    <property name="basedir" value="/home/travis/build/icyphy/ptII" />
    <property name="java.class.version" value="52.0" />
    <property name="env.SHLVL" value="3" />
    <property name="env.LD_LIBRARY_PATH" value="/home/travis/pthla/certi-tools/lib:/usr/lib/jni:/usr/local/share/OpenCV/java/:/usr/share/OpenCV/java:" />
    <property name="env.RACK_ENV" value="test" />
    <property name="ant.home" value="/home/travis/build/icyphy/ptII/ant" />
    <property name="env.NVM_DIR" value="/home/travis/.nvm" />
    <property name="env.PERLBREW_BASHRC_VERSION" value="0.80" />
    <property name="env.CERTI_FOM_PATH" value="/home/travis/pthla/certi-tools/share/federations" />
    <property name="env.TRAVIS_BUILD_ID" value="391601224" />
    <property name="env.PYENV_ROOT" value="/opt/pyenv" />
    <property name="env.TRAVIS_UID" value="2000" />
    <property name="env.rvm_pretty_print_flag" value="auto" />
    <property name="env.NVM_BIN" value="/home/travis/.nvm/versions/node/v7.10.1/bin" />
    <property name="env.TRAVIS_COMMIT" value="aa56d2ab24681767188955797d937708cf9f8ecd" />
    <property name="env._system_arch" value="x86_64" />
    <property name="node.executable" value="node" />
    <property name="sun.boot.library.path" value="/usr/lib/jvm/java-8-oracle/jre/lib/amd64" />
    <property name="sun.management.compiler" value="HotSpot 64-Bit Tiered Compilers" />
    <property name="env.GOPATH" value="/home/travis/gopath" />
    <property name="java.awt.graphicsenv" value="sun.awt.X11GraphicsEnvironment" />
    <property name="ptolemy.ptII.dir" value="/home/travis/build/icyphy/ptII" />
    <property name="env.USER" value="travis" />
    <property name="env.HISTFILESIZE" value="2000" />
    <property name="timeout.longest" value="19000000" />
    <property name="env.TRAVIS_STACK_FEATURES" value="basic cassandra chromium couchdb disabled-ipv6 docker docker-compose elasticsearch firefox go-toolchain google-chrome jdk memcached mongodb mysql neo4j nodejs_interpreter perl_interpreter perlbrew phantomjs postgresql python_interpreter rabbitmq redis riak ruby_interpreter sqlite xserver" />
    <property name="env.TRAVIS_PULL_REQUEST" value="false" />
    <property name="env.PYENV_SHELL" value="bash" />
    <property name="ant.project.name" value="ptII" />
    <property name="java.vm.specification.version" value="1.8" />
    <property name="env.CERTI_VERSION" value="4.0.0" />
    <property name="env.NLSPATH" value="/usr/dt/lib/nls/msg/%L/%N.cat" />
    <property name="awt.toolkit" value="sun.awt.X11.XToolkit" />
    <property name="env.CERTI_HOST" value="localhost" />
    <property name="env.MY_RUBY_HOME" value="/home/travis/.rvm/rubies/ruby-2.4.1" />
    <property name="sun.cpu.isalist" value="" />
    <property name="java.ext.dirs" value="/usr/lib/jvm/java-8-oracle/jre/lib/ext:/usr/java/packages/lib/ext" />
    <property name="os.version" value="4.4.0-101-generic" />
    <property name="user.home" value="/home/travis" />
    <property name="env.MIX_ARCHIVES" value="/home/travis/.kiex/mix/elixir-1.4.5" />
    <property name="java.vm.vendor" value="Oracle Corporation" />
    <property name="env.TRAVIS_TAG" value="nightly" />
    <property name="env.TRAVIS_FILTERED" value="redirect_io" />
    <property name="javadoc.excludepackagenames" value="adm.cvs2svn.*,build.*,config.*,doc.coding.templates.*,jni.test.jni.meaningOfLife.*,jni.test.jni.testDeux.*,jni.test.jni.testTrois.*,org.terraswarm.accessor.accessors.web.node_modules.*,org.terraswarm.accessor.accessors.web.hosts.cordova.demo.*,org.terraswarm.accessor.accessors.web.hosts.cordova.plugins.*,org.terraswarm.accessor.accessors-svn.*,pt-modules.*,ptolemy.apps.agilent.*,ptolemy.apps.anytimecontrol.*,ptolemy.apps.apes.*,ptolemy.apps.charon.*,ptolemy.apps.crazyboard.*,ptolemy.apps.eclipse.*,ptolemy.apps.etherealSting.*,ptolemy.apps.fullscreen.*,ptolemy.apps.giotto.*,ptolemy.apps.ia.*,ptolemy.apps.interfaces.*,ptolemy.apps.jmf.*,ptolemy.apps.kurt.*,ptolemy.apps.kvm.*,ptolemy.apps.lego.*,ptolemy.apps.lejos.*,ptolemy.apps.midp.*,ptolemy.apps.mobileCoding.*,ptolemy.apps.pendulum.*,ptolemy.apps.rijndael.*,ptolemy.apps.robot.*,ptolemy.apps.security.*,ptolemy.apps.sobel.*,ptolemy.apps.soot.*,ptolemy.apps.throttle.*,ptolemy.apps.tini.*,ptolemy.apps.transmission.*,ptolemy.apps.vergil.*,ptolemy.apps.waba.*,ptolemy.apps.websensor.*,ptolemy.apps.webstart.*,ptolemy.apps.xsl.*,ptolemy.apps.zaurus.*,ptolemy.backtrack.eclipse.plugin.*,ptolemy.backtrack.test.*,ptolemy.codegen.c.actor.lib.oldJavaFiles.*,ptolemy.codegen.dsp.lib.*,ptolemy.codegen.kernel.newInterfaces.*,ptolemy.codegen.lib.*,ptolemy.copernicus.kernel.fragment.*,ptolemy.copernicus.shallow.cg.*,ptolemy.domains.giotto.demo.Hierarchy.Hierarchy.*,ptolemy.domains.giotto.demo.Multimode.Multimode.*,ptolemy.domains.giotto.demo.Simple.Simple.*,ptolemy.domains.gr.lib.experimental.*,ptolemy.domains.gro.*,ptolemy.domains.pdf.*,ptolemy.domains.ptinyos.demo.Surge.output.*,ptolemy.moml.test.NoPackageActor.java*,ptolemy.plot.adm.*,ptolemy.plot.servlet.*,reports.*,signed.*,src.*,target.*,vendors.*,ptolemy.cg.adapter.generic.program.procedural.c.mbed*,ptolemy.actor.lib.fmi.fmus.omc*,ptolemy.domains.openmodelica*,ptdb.kernel.bl.save.test.*,ptdb.kernel.bl.load.test.*,ptdb.kernel.bl.search.test.*,ptdb.kernel.bl.migration.test.*,ptdb.kernel.database.test.*,ptdb.test.*,ptdb.gui.test.*,org.ptolemy.scala.*,diva.util.java2d.svg.*,ptolemy.domains.ptinyos.*,ptolemy.actor.lib.fmi.fmipp.*,,org.terraswarm.accessor.accessors.web.node_modules.*,org.terraswarm.accessor.accessors-svn,ptolemy.apps.*,ptolemy.actor.ptalon.demo.ptinyos.SendAndReceiveCnt.output,ptolemy.actor.ptalon.demo.ptinyos.SenseToLeds.output,ptolemy.domains.ptinyos.demo.CntToLedsAndRfm.output,ptolemy.domains.ptinyos.demo.RfmToLeds.output,ptolemy.domains.ptinyos.demo.SendAndReceiveCnt.output,ptolemy.domains.ptinyos.demo.SenseToLeds.output,ptolemy.actor.lib.jjs.modules.udpSocket.*" />
    <property name="env.JAVA_HOME" value="/usr/lib/jvm/java-8-oracle" />
    <property name="env.PTII" value="/home/travis/build/icyphy/ptII" />
    <property name="env.TRAVIS_COMMIT_MESSAGE" value="Tracking down problem with jogl." />
    <property name="keystore" value="ptKeystore" />
    <property name="env.XDG_SESSION_ID" value="2" />
    <property name="junit.output.dir" value="/home/travis/build/icyphy/ptII/reports/junit" />
    <property name="npm.return.code" value="0" />
    <property name="user.dir" value="/home/travis/build/icyphy/ptII/ptolemy/actor/lib/test" />
    <property name="env.TRAVIS_NODE_VERSION" value="7" />
    <property name="env.XFILESEARCHPATH" value="/usr/dt/app-defaults/%L/Dt" />
    <property name="env.TRAVIS_EVENT_TYPE" value="push" />
    <property name="env.MAIL" value="/var/mail/travis" />
    <property name="env.PWD" value="/home/travis/build/icyphy/ptII" />
    <property name="env.PERLBREW_ROOT" value="/home/travis/perl5/perlbrew" />
    <property name="timeout.npm" value="45000" />
    <property name="env.PAGER" value="cat" />
    <property name="sun.cpu.endian" value="little" />
    <property name="env.TRAVIS_BUILD_STAGE_NAME" value="Test" />
    <property name="env.PERLBREW_HOME" value="/home/travis/.perlbrew" />
    <property name="env.RAILS_ENV" value="test" />
    <property name="java.vm.version" value="25.151-b12" />
    <property name="java.class.path" value="/home/travis/.ptolemyII:/home/travis/.ptolemyII/*:/home/travis/build/icyphy/ptII:/home/travis/build/icyphy/ptII/lib/bsh-2.0b4.jar:/home/travis/build/icyphy/ptII/lib/ptCal.jar:/home/travis/build/icyphy/ptII/lib/java_cup.jar:/home/travis/build/icyphy/ptII/lib/saxon8.jar:/home/travis/build/icyphy/ptII/lib/saxon8-dom.jar:/home/travis/build/icyphy/ptII/lib/chic.jar:/home/travis/build/icyphy/ptII/lib/ptcolt.jar:/usr/lib/jvm/java-8-oracle/lib/tools.jar:/usr/lib/eclipse/plugins/org.eclipse.jdt.core_3.8.2.dist.jar:/usr/lib/eclipse/plugins/org.eclipse.core.runtime_3.8.0.dist.jar:/usr/lib/eclipse/plugins/org.eclipse.osgi_3.8.1.dist.jar:/usr/lib/eclipse/plugins/org.eclipse.core.resources_3.8.1.dist.jar:/usr/lib/eclipse/plugins/org.eclipse.equinox.common_3.6.100.dist.jar:/usr/lib/eclipse/plugins/org.eclipse.core.jobs_3.5.200.dist.jar:/usr/lib/eclipse/plugins/org.eclipse.core.contenttype_3.4.200.dist.jar:/usr/lib/eclipse/plugins/org.eclipse.equinox.preferences_3.5.0.dist.jar:/usr/lib/eclipse/plugins/org.eclipse.text_3.5.200.dist.jar:/usr/lib/eclipse/plugins/org.eclipse.ui.workbench_3.8.1.dist.jar:/usr/lib/eclipse/plugins/org.eclipse.jface_3.8.0.dist.jar:/usr/lib/eclipse/plugins/org.eclipse.swt_3.8.2.jar:/usr/lib/eclipse/plugins/org.eclipse.jface.text_3.8.1.dist.jar:/usr/lib/eclipse/plugins/org.eclipse.ui.workbench.texteditor_3.8.0.dist.jar:/usr/lib/eclipse/plugins/org.eclipse.ui.editors_3.8.0.dist.jar:/usr/lib/eclipse/plugins/org.eclipse.core.commands_3.6.1.dist.jar:/usr/lib/eclipse/plugins/org.eclipse.equinox.registry_3.5.200.dist.jar:/usr/lib/eclipse/plugins/org.eclipse.ui.console_3.5.100.dist.jar:/usr/lib/eclipse/plugins/org.eclipse.ui.forms_3.5.200.dist.jar:/usr/lib/eclipse/plugins/org.eclipse.ui.ide_3.8.1.dist.jar:/home/travis/build/icyphy/ptII/vendors/oracle/dbxml.jar:/home/travis/build/icyphy/ptII/vendors/oracle/db.jar:/home/travis/build/icyphy/ptII/vendors/misc/itext/iText.jar:/home/travis/build/icyphy/ptII/lib/g4ltl.jar:/home/travis/build/icyphy/ptII/lib/StructuralCoder.jar:/home/travis/build/icyphy/ptII/lib/org-openide-util.jar:/home/travis/build/icyphy/ptII/lib/org-openide-util-lookup.jar:/home/travis/build/icyphy/ptII/lib/org-netbeans-api-visual.jar:/home/travis/build/icyphy/ptII/vendors/jai-1_1_2_01/lib/jai_core.jar:/home/travis/build/icyphy/ptII/vendors/jai-1_1_2_01/lib/jai_codec.jar:/home/travis/build/icyphy/ptII/lib/jcerti.jar:/home/travis/build/icyphy/ptII/lib/smack.jar:/home/travis/build/icyphy/ptII/lib/smackx.jar:/home/travis/build/icyphy/ptII/lib/jetty-all-8.1.5-v20120716.jar:/home/travis/build/icyphy/ptII/lib/javax.servlet-api-3.0.1.jar:/home/travis/build/icyphy/ptII/lib/javax.mail.jar:/home/travis/build/icyphy/ptII/vendors/JMF-2.1.1e/lib/jmf.jar:/home/travis/build/icyphy/ptII/lib/jna-4.0.0-variadic.jar:/home/travis/build/icyphy/ptII/vendors/misc/joystick/Joystick.jar:/home/travis/build/icyphy/ptII/lib/ptjacl.jar:/home/travis/build/icyphy/ptII/lib/jsoup-1.8.2.jar:/home/travis/build/icyphy/ptII/lib/junit-4.8.2.jar:/home/travis/build/icyphy/ptII/lib/JUnitParams-0.4.0.jar:/home/travis/build/icyphy/ptII/ptolemy/actor/lib/excel/jxl.jar:/home/travis/build/icyphy/ptII/lib/jython.jar:/home/travis/build/icyphy/ptII/lib/kieler.jar:/home/travis/build/icyphy/ptII/vendors/opencv/share/OpenCV/java/opencv-341.jar:/home/travis/build/icyphy/ptII/lib/oscP5.jar:/home/travis/build/icyphy/ptII/lib/nrjavaserial-3.11.0.devel.jar:/usr/share/java/j3dcore.jar:/usr/share/java/j3dutils.jar:/usr/share/java/vecmath.jar:/home/travis/build/icyphy/ptII/ptolemy/distributed/jini/jar/jini-core.jar:/home/travis/build/icyphy/ptII/ptolemy/distributed/jini/jar/jini-ext.jar:/home/travis/build/icyphy/ptII/ptolemy/distributed/jini/jar/sun-util.jar:/home/travis/build/icyphy/ptII/lib/protobuf-java-2.4.1.jar:/home/travis/build/icyphy/ptII/lib/org.eclipse.paho.client.mqttv3.jar:/home/travis/build/icyphy/ptII/ptserver/lib/hessian-4.0.7.jar:/home/travis/build/icyphy/ptII/ptserver/lib/wmqtt.jar:/home/travis/build/icyphy/ptII/lib/mapss.jar:/home/travis/build/icyphy/ptII/ptolemy/actor/ptalon/antlr/antlr.jar:/home/travis/build/icyphy/ptII/lib/JRI.jar:/home/travis/build/icyphy/ptII/lib/commons-lang-2.6.jar:/home/travis/build/icyphy/ptII/lib/commons-logging-1.1.1.jar:/home/travis/build/icyphy/ptII/lib/sootclasses.jar:/home/travis/build/icyphy/ptII/ptolemy/actor/lib/database/mysql-connector-java-5.1.6-bin.jar:/home/travis/build/icyphy/ptII/vendors/misc/sphinx4/sphinx4-data-5prealpha.jar:/home/travis/build/icyphy/ptII/vendors/misc/sphinx4/sphinx4-core-5prealpha.jar:/home/travis/build/icyphy/ptII/lib/PDFRenderer.jar:/home/travis/build/icyphy/ptII/lib/svgSalamander.jar:/home/travis/build/icyphy/ptII/lib/rsyntaxtextarea-2.6.0-SNAPSHOT.jar:/home/travis/build/icyphy/ptII/lib/hazelcast-3.8.2.jar:/home/travis/build/icyphy/ptII/lib/jackson-annotations-2.9.0.jar:/home/travis/build/icyphy/ptII/lib/jackson-core-2.9.3.jar:/home/travis/build/icyphy/ptII/lib/jackson-databind-2.9.3.jar:/home/travis/build/icyphy/ptII/lib/netty-buffer-4.1.19.Final.jar:/home/travis/build/icyphy/ptII/lib/netty-codec-4.1.19.Final.jar:/home/travis/build/icyphy/ptII/lib/netty-codec-dns-4.1.19.Final.jar:/home/travis/build/icyphy/ptII/lib/netty-codec-http-4.1.19.Final.jar:/home/travis/build/icyphy/ptII/lib/netty-codec-http2-4.1.19.Final.jar:/home/travis/build/icyphy/ptII/lib/netty-common-4.1.19.Final.jar:/home/travis/build/icyphy/ptII/lib/netty-handler-4.1.19.Final.jar:/home/travis/build/icyphy/ptII/lib/netty-resolver-4.1.19.Final.jar:/home/travis/build/icyphy/ptII/lib/netty-resolver-dns-4.1.19.Final.jar:/home/travis/build/icyphy/ptII/lib/netty-transport-4.1.19.Final.jar:/home/travis/build/icyphy/ptII/lib/vertx-codegen-3.5.1.jar:/home/travis/build/icyphy/ptII/lib/vertx-core-3.5.2-SNAPSHOT.jar:/home/travis/build/icyphy/ptII/lib/vertx-hazelcast-3.5.1.jar:/home/travis/build/icyphy/ptII/lib/vertx-lang-js-3.5.1.jar:/home/travis/build/icyphy/ptII/lib/vertx-service-proxy-3.5.1.jar:/home/travis/build/icyphy/ptII/lib/vertx-web-3.5.1.jar:/home/travis/build/icyphy/ptII/lib/slf4j-api-1.7.13.jar:/home/travis/build/icyphy/ptII/lib/slf4j-simple-1.7.13.jar:/home/travis/build/icyphy/ptII/lib/webcam-capture-0.3.12.jar:/home/travis/build/icyphy/ptII/lib/bridj-0.7.0.jar:/home/travis/build/icyphy/ptII/lib/xbjlib-1.1.0.nrjavaserial.jar:/home/travis/build/icyphy/ptII/ptolemy/moml/test:/home/travis/build/icyphy/ptII/ant/lib/ant-launcher.jar:/home/travis/build/icyphy/ptII/ant/lib/ant.jar:/home/travis/build/icyphy/ptII/ant/lib/ant-junit.jar:/home/travis/build/icyphy/ptII/ant/lib/ant-junit4.jar" />
    <property name="ant.library.dir" value="/home/travis/build/icyphy/ptII/ant/lib" />
    <property name="os.arch" value="amd64" />
    <property name="env.TRAVIS_LANGUAGE" value="node_js" />
    <property name="env.CONTINUOUS_INTEGRATION" value="true" />
    <property name="env.TRAVIS_STACK_LANGUAGES" value="__garnet__ c c++ clojure cplusplus cpp default go groovy java node_js php pure_java python ruby scala" />
    <property name="test.name" value="ptolemy.actor.lib.test.junit.JUnitTclTest" />
    <property name="sun.java.launcher" value="SUN_STANDARD" />
    <property name="env.PYTHON_CONFIGURE_OPTS" value="--enable-unicode=ucs4 --with-wide-unicode --enable-shared --enable-ipv6 --enable-loadable-sqlite-extensions --with-computed-gotos" />
    <property name="ant.core.lib" value="/home/travis/build/icyphy/ptII/ant/lib/ant.jar" />
    <property name="java.vm.specification.vendor" value="Oracle Corporation" />
    <property name="env.BCVTB_HOME" value="/home/travis/build/icyphy/ptII/lbnl" />
    <property name="file.separator" value="/" />
    <property name="java.runtime.version" value="1.8.0_151-b12" />
    <property name="spotbugs.home" value="/home/travis/build/icyphy/ptII/vendors/spotbugs-3.1.1" />
    <property name="sun.boot.class.path" value="/usr/lib/jvm/java-8-oracle/jre/lib/resources.jar:/usr/lib/jvm/java-8-oracle/jre/lib/rt.jar:/usr/lib/jvm/java-8-oracle/jre/lib/sunrsasign.jar:/usr/lib/jvm/java-8-oracle/jre/lib/jsse.jar:/usr/lib/jvm/java-8-oracle/jre/lib/jce.jar:/usr/lib/jvm/java-8-oracle/jre/lib/charsets.jar:/usr/lib/jvm/java-8-oracle/jre/lib/jfr.jar:/usr/lib/jvm/java-8-oracle/jre/classes" />
    <property name="env.HAS_JOSH_K_SEAL_OF_APPROVAL" value="true" />
    <property name="env.TRAVIS_OSX_IMAGE" value="" />
    <property name="env.XDG_RUNTIME_DIR" value="/run/user/2000" />
    <property name="env.TRAVIS_BRANCH" value="master" />
    <property name="env.TRAVIS_JOB_ID" value="391601231" />
    <property name="env.CERTI_HOME_TRAVIS" value="/home/travis/pthla/certi-tools" />
    <property name="user.country" value="US" />
    <property name="env.SHELL" value="/bin/bash" />
    <property name="java.maxmemory.large" value="5000m" />
    <property name="model" value="" />
    <property name="env.CASHER_DIR" value="/home/travis/.casher" />
    <property name="env.NVM_CD_FLAGS" value="" />
    <property name="jshint.executable" value="/home/travis/node_modules/jshint/bin/jshint" />
    <property name="java.vendor" value="Oracle Corporation" />
    <property name="env.JRUBY_OPTS" value=" --client -J-XX:+TieredCompilation -J-XX:TieredStopAtLevel=1 -J-Xss2m -Xcompile.invokedynamic=false" />
    <property name="env.TRAVIS_PRE_CHEF_BOOTSTRAP_TIME" value="2017-12-05T19:32:55" />
    <property name="env.TRAVIS_STACK_JOB_BOARD_REGISTER" value="/.job-board-register.yml" />
    <property name="env.ELIXIR_VERSION" value="1.4.5" />
    <property name="java.specification.version" value="1.8" />
    <property name="env.IRBRC" value="/home/travis/.rvm/rubies/ruby-2.4.1/.irbrc" />
    <property name="env.TRAVIS" value="true" />
    <property name="sun.arch.data.model" value="64" />
  </properties>
  <testcase classname="ptolemy.util.test.junit.TclTests" name="[0] /home/travis/build/icyphy/ptII/ptolemy/actor/lib/test/AbsoluteValue.tcl (RunTclFile)" time="0.536" />
  <testcase classname="ptolemy.util.test.junit.TclTests" name="[1] /home/travis/build/icyphy/ptII/ptolemy/actor/lib/test/AddSubtract.tcl (RunTclFile)" time="0.072" />
  <testcase classname="ptolemy.util.test.junit.TclTests" name="[2] /home/travis/build/icyphy/ptII/ptolemy/actor/lib/test/Average.tcl (RunTclFile)" time="0.051" />
  <testcase classname="ptolemy.util.test.junit.TclTests" name="[3] /home/travis/build/icyphy/ptII/ptolemy/actor/lib/test/Bernoulli.tcl (RunTclFile)" time="0.048" />
  <testcase classname="ptolemy.util.test.junit.TclTests" name="[4] /home/travis/build/icyphy/ptII/ptolemy/actor/lib/test/Clock.tcl (RunTclFile)" time="0.104" />
  <testcase classname="ptolemy.util.test.junit.TclTests" name="[5] /home/travis/build/icyphy/ptII/ptolemy/actor/lib/test/Commutator.tcl (RunTclFile)" time="0.11" />
  <testcase classname="ptolemy.util.test.junit.TclTests" name="[6] /home/travis/build/icyphy/ptII/ptolemy/actor/lib/test/Const.tcl (RunTclFile)" time="0.087" />
  <testcase classname="ptolemy.util.test.junit.TclTests" name="[7] /home/travis/build/icyphy/ptII/ptolemy/actor/lib/test/CurrentTime.tcl (RunTclFile)" time="0.023" />
  <testcase classname="ptolemy.util.test.junit.TclTests" name="[8] /home/travis/build/icyphy/ptII/ptolemy/actor/lib/test/DB.tcl (RunTclFile)" time="0.027" />
  <testcase classname="ptolemy.util.test.junit.TclTests" name="[9] /home/travis/build/icyphy/ptII/ptolemy/actor/lib/test/DiscreteRandomSource.tcl (RunTclFile)" time="0.051" />
  <testcase classname="ptolemy.util.test.junit.TclTests" name="[10] /home/travis/build/icyphy/ptII/ptolemy/actor/lib/test/Distributor.tcl (RunTclFile)" time="0.09" />
  <testcase classname="ptolemy.util.test.junit.TclTests" name="[11] /home/travis/build/icyphy/ptII/ptolemy/actor/lib/test/Exit.tcl (RunTclFile)" time="0.057" />
  <testcase classname="ptolemy.util.test.junit.TclTests" name="[12] /home/travis/build/icyphy/ptII/ptolemy/actor/lib/test/Expression.tcl (RunTclFile)" time="0.11" />
  <testcase classname="ptolemy.util.test.junit.TclTests" name="[13] /home/travis/build/icyphy/ptII/ptolemy/actor/lib/test/Gaussian.tcl (RunTclFile)" time="0.537" />
  <testcase classname="ptolemy.util.test.junit.TclTests" name="[14] /home/travis/build/icyphy/ptII/ptolemy/actor/lib/test/IIR.tcl (RunTclFile)" time="0.045" />
  <testcase classname="ptolemy.util.test.junit.TclTests" name="[15] /home/travis/build/icyphy/ptII/ptolemy/actor/lib/test/Interpolator.tcl (RunTclFile)" time="0.065" />
  <testcase classname="ptolemy.util.test.junit.TclTests" name="[16] /home/travis/build/icyphy/ptII/ptolemy/actor/lib/test/MathFunction.tcl (RunTclFile)" time="0.092" />
  <testcase classname="ptolemy.util.test.junit.TclTests" name="[17] /home/travis/build/icyphy/ptII/ptolemy/actor/lib/test/Maximum.tcl (RunTclFile)" time="0.043" />
  <testcase classname="ptolemy.util.test.junit.TclTests" name="[18] /home/travis/build/icyphy/ptII/ptolemy/actor/lib/test/Minimum.tcl (RunTclFile)" time="0.021" />
  <testcase classname="ptolemy.util.test.junit.TclTests" name="[19] /home/travis/build/icyphy/ptII/ptolemy/actor/lib/test/MultiplyDivide.tcl (RunTclFile)" time="0.046" />
  <testcase classname="ptolemy.util.test.junit.TclTests" name="[20] /home/travis/build/icyphy/ptII/ptolemy/actor/lib/test/OrderedMerge.tcl (RunTclFile)" time="0.117" />
  <testcase classname="ptolemy.util.test.junit.TclTests" name="[21] /home/travis/build/icyphy/ptII/ptolemy/actor/lib/test/Publisher.tcl (RunTclFile)" time="0.724" />
  <testcase classname="ptolemy.util.test.junit.TclTests" name="[22] /home/travis/build/icyphy/ptII/ptolemy/actor/lib/test/Pulse.tcl (RunTclFile)" time="0.037" />
  <testcase classname="ptolemy.util.test.junit.TclTests" name="[23] /home/travis/build/icyphy/ptII/ptolemy/actor/lib/test/Ramp.tcl (RunTclFile)" time="2.401" />
  <testcase classname="ptolemy.util.test.junit.TclTests" name="[24] /home/travis/build/icyphy/ptII/ptolemy/actor/lib/test/RampContinuous.tcl (RunTclFile)" time="0.021" />
  <testcase classname="ptolemy.util.test.junit.TclTests" name="[25] /home/travis/build/icyphy/ptII/ptolemy/actor/lib/test/RecordAssembler.tcl (RunTclFile)" time="0.02" />
  <testcase classname="ptolemy.util.test.junit.TclTests" name="[26] /home/travis/build/icyphy/ptII/ptolemy/actor/lib/test/RecordDisassembler.tcl (RunTclFile)" time="0.033" />
  <testcase classname="ptolemy.util.test.junit.TclTests" name="[27] /home/travis/build/icyphy/ptII/ptolemy/actor/lib/test/Scale.tcl (RunTclFile)" time="0.032" />
  <testcase classname="ptolemy.util.test.junit.TclTests" name="[28] /home/travis/build/icyphy/ptII/ptolemy/actor/lib/test/SequentialClock.tcl (RunTclFile)" time="0.02" />
  <testcase classname="ptolemy.util.test.junit.TclTests" name="[29] /home/travis/build/icyphy/ptII/ptolemy/actor/lib/test/SetVariable.tcl (RunTclFile)" time="0.018" />
  <testcase classname="ptolemy.util.test.junit.TclTests" name="[30] /home/travis/build/icyphy/ptII/ptolemy/actor/lib/test/Sinewave.tcl (RunTclFile)" time="0.062" />
  <testcase classname="ptolemy.util.test.junit.TclTests" name="[31] /home/travis/build/icyphy/ptII/ptolemy/actor/lib/test/SubscriptionAggregator.tcl (RunTclFile)" time="2.322" />
  <testcase classname="ptolemy.util.test.junit.TclTests" name="[32] /home/travis/build/icyphy/ptII/ptolemy/actor/lib/test/Test.tcl (RunTclFile)" time="0.126" />
  <testcase classname="ptolemy.util.test.junit.TclTests" name="[33] /home/travis/build/icyphy/ptII/ptolemy/actor/lib/test/TestExceptionHandler.tcl (RunTclFile)" time="0.011" />
  <testcase classname="ptolemy.util.test.junit.TclTests" name="[34] /home/travis/build/icyphy/ptII/ptolemy/actor/lib/test/UnionDisassembler.tcl (RunTclFile)" time="0.073" />
  <testcase classname="ptolemy.util.test.junit.TclTests" name="[35] /home/travis/build/icyphy/ptII/ptolemy/actor/lib/test/VariableClock.tcl (RunTclFile)" time="0.017" />
  <testcase classname="ptolemy.util.test.junit.AutoKnownFailedTests" name="[0] /home/travis/build/icyphy/ptII/ptolemy/actor/lib/test/auto/knownFailedTests/PublisherPortToplevelSubscriber.xml (RunModel)" time="0.02" />
  <testcase classname="ptolemy.util.test.junit.AutoKnownFailedTests" name="[1] /home/travis/build/icyphy/ptII/ptolemy/actor/lib/test/auto/knownFailedTests/PublisherSubscriberPortToplevel.xml (RunModel)" time="0.014" />
  <testcase classname="ptolemy.util.test.junit.AutoKnownFailedTests" name="[2] /home/travis/build/icyphy/ptII/ptolemy/actor/lib/test/auto/knownFailedTests/PublisherSubscriptionAggregatorPort.xml (RunModel)" time="0.016" />
  <testcase classname="ptolemy.util.test.junit.AutoKnownFailedTests" name="[3] /home/travis/build/icyphy/ptII/ptolemy/actor/lib/test/auto/knownFailedTests/sizedarray3.xml (RunModel)" time="0.026" />
  <testcase classname="ptolemy.util.test.junit.AutoNameArchTests" name="[0] ThereAreNoAutoArchTests (RunModel)" time="0.002" />
  <testcase classname="ptolemy.util.test.junit.AutoTests" name="[0] /home/travis/build/icyphy/ptII/ptolemy/actor/lib/test/auto/AbsoluteValue.xml (RunModel)" time="0.14" />
  <testcase classname="ptolemy.util.test.junit.AutoTests" name="[1] /home/travis/build/icyphy/ptII/ptolemy/actor/lib/test/auto/AbsoluteValue2.xml (RunModel)" time="0.073" />
  <testcase classname="ptolemy.util.test.junit.AutoTests" name="[2] /home/travis/build/icyphy/ptII/ptolemy/actor/lib/test/auto/Accumulator.xml (RunModel)" time="0.066" />
  <testcase classname="ptolemy.util.test.junit.AutoTests" name="[3] /home/travis/build/icyphy/ptII/ptolemy/actor/lib/test/auto/Accumulator2.xml (RunModel)" time="0.043" />
  <testcase classname="ptolemy.util.test.junit.AutoTests" name="[4] /home/travis/build/icyphy/ptII/ptolemy/actor/lib/test/auto/Accumulator3.xml (RunModel)" time="0.024" />
  <testcase classname="ptolemy.util.test.junit.AutoTests" name="[5] /home/travis/build/icyphy/ptII/ptolemy/actor/lib/test/auto/ArrayAppend.xml (RunModel)" time="0.065" />
  <testcase classname="ptolemy.util.test.junit.AutoTests" name="[6] /home/travis/build/icyphy/ptII/ptolemy/actor/lib/test/auto/ArrayAppend2.xml (RunModel)" time="0.407" />
  <testcase classname="ptolemy.util.test.junit.AutoTests" name="[7] /home/travis/build/icyphy/ptII/ptolemy/actor/lib/test/auto/ArrayAppend3.xml (RunModel)" time="0.034" />
  <testcase classname="ptolemy.util.test.junit.AutoTests" name="[8] /home/travis/build/icyphy/ptII/ptolemy/actor/lib/test/auto/ArrayAppend4.xml (RunModel)" time="0.027" />
  <testcase classname="ptolemy.util.test.junit.AutoTests" name="[9] /home/travis/build/icyphy/ptII/ptolemy/actor/lib/test/auto/ArrayAppend5.xml (RunModel)" time="0.025" />
  <testcase classname="ptolemy.util.test.junit.AutoTests" name="[10] /home/travis/build/icyphy/ptII/ptolemy/actor/lib/test/auto/ArrayAppend6.xml (RunModel)" time="0.026" />
  <testcase classname="ptolemy.util.test.junit.AutoTests" name="[11] /home/travis/build/icyphy/ptII/ptolemy/actor/lib/test/auto/ArrayAppendPerformanceTest.xml (RunModel)" time="0.054" />
  <testcase classname="ptolemy.util.test.junit.AutoTests" name="[12] /home/travis/build/icyphy/ptII/ptolemy/actor/lib/test/auto/ArrayAppendWithEmptyInput.xml (RunModel)" time="0.042" />
  <testcase classname="ptolemy.util.test.junit.AutoTests" name="[13] /home/travis/build/icyphy/ptII/ptolemy/actor/lib/test/auto/ArrayAverage.xml (RunModel)" time="0.038" />
  <testcase classname="ptolemy.util.test.junit.AutoTests" name="[14] /home/travis/build/icyphy/ptII/ptolemy/actor/lib/test/auto/ArrayContains.xml (RunModel)" time="0.038" />
  <testcase classname="ptolemy.util.test.junit.AutoTests" name="[15] /home/travis/build/icyphy/ptII/ptolemy/actor/lib/test/auto/ArrayElement.xml (RunModel)" time="0.041" />
  <testcase classname="ptolemy.util.test.junit.AutoTests" name="[16] /home/travis/build/icyphy/ptII/ptolemy/actor/lib/test/auto/ArrayElementAsMatrix.xml (RunModel)" time="0.07" />
  <testcase classname="ptolemy.util.test.junit.AutoTests" name="[17] /home/travis/build/icyphy/ptII/ptolemy/actor/lib/test/auto/ArrayElementI.xml (RunModel)" time="0.023" />
  <testcase classname="ptolemy.util.test.junit.AutoTests" name="[18] /home/travis/build/icyphy/ptII/ptolemy/actor/lib/test/auto/ArrayExtract.xml (RunModel)" time="0.028" />
  <testcase classname="ptolemy.util.test.junit.AutoTests" name="[19] /home/travis/build/icyphy/ptII/ptolemy/actor/lib/test/auto/ArrayExtract2.xml (RunModel)" time="0.021" />
  <testcase classname="ptolemy.util.test.junit.AutoTests" name="[20] /home/travis/build/icyphy/ptII/ptolemy/actor/lib/test/auto/ArrayLength.xml (RunModel)" time="0.017" />
  <testcase classname="ptolemy.util.test.junit.AutoTests" name="[21] /home/travis/build/icyphy/ptII/ptolemy/actor/lib/test/auto/ArrayLevelCrossing.xml (RunModel)" time="0.03" />
  <testcase classname="ptolemy.util.test.junit.AutoTests" name="[22] /home/travis/build/icyphy/ptII/ptolemy/actor/lib/test/auto/ArrayLevelCrossing2.xml (RunModel)" time="0.024" />
  <testcase classname="ptolemy.util.test.junit.AutoTests" name="[23] /home/travis/build/icyphy/ptII/ptolemy/actor/lib/test/auto/ArrayPeakSearch.xml (RunModel)" time="0.03" />
  <testcase classname="ptolemy.util.test.junit.AutoTests" name="[24] /home/travis/build/icyphy/ptII/ptolemy/actor/lib/test/auto/ArrayPeakSearch2.xml (RunModel)" time="0.037" />
  <testcase classname="ptolemy.util.test.junit.AutoTests" name="[25] /home/travis/build/icyphy/ptII/ptolemy/actor/lib/test/auto/ArrayPeakSearch3.xml (RunModel)" time="0.042" />
  <testcase classname="ptolemy.util.test.junit.AutoTests" name="[26] /home/travis/build/icyphy/ptII/ptolemy/actor/lib/test/auto/ArrayRemoveElement.xml (RunModel)" time="0.037" />
  <testcase classname="ptolemy.util.test.junit.AutoTests" name="[27] /home/travis/build/icyphy/ptII/ptolemy/actor/lib/test/auto/ArraySort.xml (RunModel)" time="0.043" />
  <testcase classname="ptolemy.util.test.junit.AutoTests" name="[28] /home/travis/build/icyphy/ptII/ptolemy/actor/lib/test/auto/ArraySum.xml (RunModel)" time="0.021" />
  <testcase classname="ptolemy.util.test.junit.AutoTests" name="[29] /home/travis/build/icyphy/ptII/ptolemy/actor/lib/test/auto/ArrayToElements.xml (RunModel)" time="0.03" />
  <testcase classname="ptolemy.util.test.junit.AutoTests" name="[30] /home/travis/build/icyphy/ptII/ptolemy/actor/lib/test/auto/ArrayToMatrix.xml (RunModel)" time="0.1" />
  <testcase classname="ptolemy.util.test.junit.AutoTests" name="[31] /home/travis/build/icyphy/ptII/ptolemy/actor/lib/test/auto/ArrayUpdate1.xml (RunModel)" time="0.02" />
  <testcase classname="ptolemy.util.test.junit.AutoTests" name="[32] /home/travis/build/icyphy/ptII/ptolemy/actor/lib/test/auto/ArrayUpdate2.xml (RunModel)" time="0.023" />
  <testcase classname="ptolemy.util.test.junit.AutoTests" name="[33] /home/travis/build/icyphy/ptII/ptolemy/actor/lib/test/auto/ArrayUpdate3.xml (RunModel)" time="0.017" />
  <testcase classname="ptolemy.util.test.junit.AutoTests" name="[34] /home/travis/build/icyphy/ptII/ptolemy/actor/lib/test/auto/Assert1.xml (RunModel)" time="0.023" />
  <testcase classname="ptolemy.util.test.junit.AutoTests" name="[35] /home/travis/build/icyphy/ptII/ptolemy/actor/lib/test/auto/Assert2.xml (RunModel)" time="0.023" />
  <testcase classname="ptolemy.util.test.junit.AutoTests" name="[36] /home/travis/build/icyphy/ptII/ptolemy/actor/lib/test/auto/BooleanMultiplexor.xml (RunModel)" time="0.017" />
  <testcase classname="ptolemy.util.test.junit.AutoTests" name="[37] /home/travis/build/icyphy/ptII/ptolemy/actor/lib/test/auto/BooleanMultiplexor2.xml (RunModel)" time="0.026" />
  <testcase classname="ptolemy.util.test.junit.AutoTests" name="[38] /home/travis/build/icyphy/ptII/ptolemy/actor/lib/test/auto/BooleanMultiplexor3.xml (RunModel)" time="0.032" />
  <testcase classname="ptolemy.util.test.junit.AutoTests" name="[39] /home/travis/build/icyphy/ptII/ptolemy/actor/lib/test/auto/BooleanSelect.xml (RunModel)" time="0.029" />
  <testcase classname="ptolemy.util.test.junit.AutoTests" name="[40] /home/travis/build/icyphy/ptII/ptolemy/actor/lib/test/auto/BooleanSelect2.xml (RunModel)" time="0.015" />
  <testcase classname="ptolemy.util.test.junit.AutoTests" name="[41] /home/travis/build/icyphy/ptII/ptolemy/actor/lib/test/auto/BooleanSwitch.xml (RunModel)" time="0.021" />
  <testcase classname="ptolemy.util.test.junit.AutoTests" name="[42] /home/travis/build/icyphy/ptII/ptolemy/actor/lib/test/auto/BooleanSwitch2.xml (RunModel)" time="0.015" />
  <testcase classname="ptolemy.util.test.junit.AutoTests" name="[43] /home/travis/build/icyphy/ptII/ptolemy/actor/lib/test/auto/BooleanSwitchCloningBugWithClassRelationGroup.xml (RunModel)" time="0.038" />
  <testcase classname="ptolemy.util.test.junit.AutoTests" name="[44] /home/travis/build/icyphy/ptII/ptolemy/actor/lib/test/auto/BusActors.xml (RunModel)" time="0.037" />
  <testcase classname="ptolemy.util.test.junit.AutoTests" name="[45] /home/travis/build/icyphy/ptII/ptolemy/actor/lib/test/auto/ClassWrapper.xml (RunModel)" time="0.011" />
  <testcase classname="ptolemy.util.test.junit.AutoTests" name="[46] /home/travis/build/icyphy/ptII/ptolemy/actor/lib/test/auto/Clock.xml (RunModel)" time="0.017" />
  <testcase classname="ptolemy.util.test.junit.AutoTests" name="[47] /home/travis/build/icyphy/ptII/ptolemy/actor/lib/test/auto/Clock10.xml (RunModel)" time="0.018" />
  <testcase classname="ptolemy.util.test.junit.AutoTests" name="[48] /home/travis/build/icyphy/ptII/ptolemy/actor/lib/test/auto/Clock11.xml (RunModel)" time="0.014" />
  <testcase classname="ptolemy.util.test.junit.AutoTests" name="[49] /home/travis/build/icyphy/ptII/ptolemy/actor/lib/test/auto/Clock12.xml (RunModel)" time="0.015" />
  <testcase classname="ptolemy.util.test.junit.AutoTests" name="[50] /home/travis/build/icyphy/ptII/ptolemy/actor/lib/test/auto/Clock13.xml (RunModel)" time="0.013" />
  <testcase classname="ptolemy.util.test.junit.AutoTests" name="[51] /home/travis/build/icyphy/ptII/ptolemy/actor/lib/test/auto/Clock14.xml (RunModel)" time="0.013" />
  <testcase classname="ptolemy.util.test.junit.AutoTests" name="[52] /home/travis/build/icyphy/ptII/ptolemy/actor/lib/test/auto/Clock15.xml (RunModel)" time="0.013" />
  <testcase classname="ptolemy.util.test.junit.AutoTests" name="[53] /home/travis/build/icyphy/ptII/ptolemy/actor/lib/test/auto/Clock16.xml (RunModel)" time="0.091" />
  <testcase classname="ptolemy.util.test.junit.AutoTests" name="[54] /home/travis/build/icyphy/ptII/ptolemy/actor/lib/test/auto/Clock17.xml (RunModel)" time="0.053" />
  <testcase classname="ptolemy.util.test.junit.AutoTests" name="[55] /home/travis/build/icyphy/ptII/ptolemy/actor/lib/test/auto/Clock18.xml (RunModel)" time="0.075" />
  <testcase classname="ptolemy.util.test.junit.AutoTests" name="[56] /home/travis/build/icyphy/ptII/ptolemy/actor/lib/test/auto/Clock19.xml (RunModel)" time="0.053" />
  <testcase classname="ptolemy.util.test.junit.AutoTests" name="[57] /home/travis/build/icyphy/ptII/ptolemy/actor/lib/test/auto/Clock2.xml (RunModel)" time="0.017" />
  <testcase classname="ptolemy.util.test.junit.AutoTests" name="[58] /home/travis/build/icyphy/ptII/ptolemy/actor/lib/test/auto/Clock20.xml (RunModel)" time="0.032" />
  <testcase classname="ptolemy.util.test.junit.AutoTests" name="[59] /home/travis/build/icyphy/ptII/ptolemy/actor/lib/test/auto/Clock21.xml (RunModel)" time="0.018" />
  <testcase classname="ptolemy.util.test.junit.AutoTests" name="[60] /home/travis/build/icyphy/ptII/ptolemy/actor/lib/test/auto/Clock22.xml (RunModel)" time="0.018" />
  <testcase classname="ptolemy.util.test.junit.AutoTests" name="[61] /home/travis/build/icyphy/ptII/ptolemy/actor/lib/test/auto/Clock23.xml (RunModel)" time="0.015" />
  <testcase classname="ptolemy.util.test.junit.AutoTests" name="[62] /home/travis/build/icyphy/ptII/ptolemy/actor/lib/test/auto/Clock24.xml (RunModel)" time="0.016" />
  <testcase classname="ptolemy.util.test.junit.AutoTests" name="[63] /home/travis/build/icyphy/ptII/ptolemy/actor/lib/test/auto/Clock4.xml (RunModel)" time="0.012" />
  <testcase classname="ptolemy.util.test.junit.AutoTests" name="[64] /home/travis/build/icyphy/ptII/ptolemy/actor/lib/test/auto/Clock5.xml (RunModel)" time="0.013" />
  <testcase classname="ptolemy.util.test.junit.AutoTests" name="[65] /home/travis/build/icyphy/ptII/ptolemy/actor/lib/test/auto/Clock6.xml (RunModel)" time="0.011" />
  <testcase classname="ptolemy.util.test.junit.AutoTests" name="[66] /home/travis/build/icyphy/ptII/ptolemy/actor/lib/test/auto/Clock7.xml (RunModel)" time="0.011" />
  <testcase classname="ptolemy.util.test.junit.AutoTests" name="[67] /home/travis/build/icyphy/ptII/ptolemy/actor/lib/test/auto/Clock8.xml (RunModel)" time="0.015" />
  <testcase classname="ptolemy.util.test.junit.AutoTests" name="[68] /home/travis/build/icyphy/ptII/ptolemy/actor/lib/test/auto/Clock9.xml (RunModel)" time="0.014" />
  <testcase classname="ptolemy.util.test.junit.AutoTests" name="[69] /home/travis/build/icyphy/ptII/ptolemy/actor/lib/test/auto/CommDistDiscard.xml (RunModel)" time="0.027" />
  <testcase classname="ptolemy.util.test.junit.AutoTests" name="[70] /home/travis/build/icyphy/ptII/ptolemy/actor/lib/test/auto/Commutator.xml (RunModel)" time="0.018" />
  <testcase classname="ptolemy.util.test.junit.AutoTests" name="[71] /home/travis/build/icyphy/ptII/ptolemy/actor/lib/test/auto/Commutator2.xml (RunModel)" time="0.012" />
  <testcase classname="ptolemy.util.test.junit.AutoTests" name="[72] /home/travis/build/icyphy/ptII/ptolemy/actor/lib/test/auto/Commutator3.xml (RunModel)" time="0.015" />
  <testcase classname="ptolemy.util.test.junit.AutoTests" name="[73] /home/travis/build/icyphy/ptII/ptolemy/actor/lib/test/auto/Compare.xml (RunModel)" time="0.023" />
  <testcase classname="ptolemy.util.test.junit.AutoTests" name="[74] /home/travis/build/icyphy/ptII/ptolemy/actor/lib/test/auto/CompareDE.xml (RunModel)" time="0.025" />
  <testcase classname="ptolemy.util.test.junit.AutoTests" name="[75] /home/travis/build/icyphy/ptII/ptolemy/actor/lib/test/auto/ComplexDivide.xml (RunModel)" time="0.011" />
  <testcase classname="ptolemy.util.test.junit.AutoTests" name="[76] /home/travis/build/icyphy/ptII/ptolemy/actor/lib/test/auto/ComputeHistogram.xml (RunModel)" time="0.085" />
  <testcase classname="ptolemy.util.test.junit.AutoTests" name="[77] /home/travis/build/icyphy/ptII/ptolemy/actor/lib/test/auto/ConfigurationSelect.xml (RunModel)" time="0.024" />
  <testcase classname="ptolemy.util.test.junit.AutoTests" name="[78] /home/travis/build/icyphy/ptII/ptolemy/actor/lib/test/auto/ConfigurationSelect2.xml (RunModel)" time="0.013" />
  <testcase classname="ptolemy.util.test.junit.AutoTests" name="[79] /home/travis/build/icyphy/ptII/ptolemy/actor/lib/test/auto/ConfigurationSwitch.xml (RunModel)" time="0.015" />
  <testcase classname="ptolemy.util.test.junit.AutoTests" name="[80] /home/travis/build/icyphy/ptII/ptolemy/actor/lib/test/auto/ConfigurationSwitch2.xml (RunModel)" time="0.016" />
  <testcase classname="ptolemy.util.test.junit.AutoTests" name="[81] /home/travis/build/icyphy/ptII/ptolemy/actor/lib/test/auto/ConfigurationSwitchCloningBugWithClassRelationGroup.xml (RunModel)" time="0.02" />
  <testcase classname="ptolemy.util.test.junit.AutoTests" name="[82] /home/travis/build/icyphy/ptII/ptolemy/actor/lib/test/auto/ConfigurationSwitchSelectSDF.xml (RunModel)" time="0.022" />
  <testcase classname="ptolemy.util.test.junit.AutoTests" name="[83] /home/travis/build/icyphy/ptII/ptolemy/actor/lib/test/auto/ConfigurationSwitchSelectSDF2.xml (RunModel)" time="0.012" />
  <testcase classname="ptolemy.util.test.junit.AutoTests" name="[84] /home/travis/build/icyphy/ptII/ptolemy/actor/lib/test/auto/Const.xml (RunModel)" time="0.007" />
  <testcase classname="ptolemy.util.test.junit.AutoTests" name="[85] /home/travis/build/icyphy/ptII/ptolemy/actor/lib/test/auto/Const2.xml (RunModel)" time="0.009" />
  <testcase classname="ptolemy.util.test.junit.AutoTests" name="[86] /home/travis/build/icyphy/ptII/ptolemy/actor/lib/test/auto/Const3.xml (RunModel)" time="0.005" />
  <testcase classname="ptolemy.util.test.junit.AutoTests" name="[87] /home/travis/build/icyphy/ptII/ptolemy/actor/lib/test/auto/ConstantPublisherPort1.xml (RunModel)" time="0.02" />
  <testcase classname="ptolemy.util.test.junit.AutoTests" name="[88] /home/travis/build/icyphy/ptII/ptolemy/actor/lib/test/auto/ConstantPublisherPort2.xml (RunModel)" time="0.019" />
  <testcase classname="ptolemy.util.test.junit.AutoTests" name="[89] /home/travis/build/icyphy/ptII/ptolemy/actor/lib/test/auto/ConstantPublisherPort3.xml (RunModel)" time="0.021" />
  <testcase classname="ptolemy.util.test.junit.AutoTests" name="[90] /home/travis/build/icyphy/ptII/ptolemy/actor/lib/test/auto/ConstantPublisherPort4.xml (RunModel)" time="0.017" />
  <testcase classname="ptolemy.util.test.junit.AutoTests" name="[91] /home/travis/build/icyphy/ptII/ptolemy/actor/lib/test/auto/ConstantPublisherPort5.xml (RunModel)" time="0.024" />
  <testcase classname="ptolemy.util.test.junit.AutoTests" name="[92] /home/travis/build/icyphy/ptII/ptolemy/actor/lib/test/auto/ConstantPublisherPort6.xml (RunModel)" time="0.041" />
  <testcase classname="ptolemy.util.test.junit.AutoTests" name="[93] /home/travis/build/icyphy/ptII/ptolemy/actor/lib/test/auto/ConstantPublisherPort7.xml (RunModel)" time="0.048" />
  <testcase classname="ptolemy.util.test.junit.AutoTests" name="[94] /home/travis/build/icyphy/ptII/ptolemy/actor/lib/test/auto/ConstraintMonitor1.xml (RunModel)" time="0.044" />
  <testcase classname="ptolemy.util.test.junit.AutoTests" name="[95] /home/travis/build/icyphy/ptII/ptolemy/actor/lib/test/auto/ConstraintMonitor2.xml (RunModel)" time="0.012" />
  <testcase classname="ptolemy.util.test.junit.AutoTests" name="[96] /home/travis/build/icyphy/ptII/ptolemy/actor/lib/test/auto/ConstraintMonitor3.xml (RunModel)" time="0.018" />
  <testcase classname="ptolemy.util.test.junit.AutoTests" name="[97] /home/travis/build/icyphy/ptII/ptolemy/actor/lib/test/auto/ConstraintMonitor4.xml (RunModel)" time="0.015" />
  <testcase classname="ptolemy.util.test.junit.AutoTests" name="[98] /home/travis/build/icyphy/ptII/ptolemy/actor/lib/test/auto/ConstraintMonitor5.xml (RunModel)" time="0.016" />
  <testcase classname="ptolemy.util.test.junit.AutoTests" name="[99] /home/travis/build/icyphy/ptII/ptolemy/actor/lib/test/auto/ConstraintMonitor6.xml (RunModel)" time="0.02" />
  <testcase classname="ptolemy.util.test.junit.AutoTests" name="[100] /home/travis/build/icyphy/ptII/ptolemy/actor/lib/test/auto/ConstraintMonitor7.xml (RunModel)" time="0.023" />
  <testcase classname="ptolemy.util.test.junit.AutoTests" name="[101] /home/travis/build/icyphy/ptII/ptolemy/actor/lib/test/auto/ConstraintMonitor8.xml (RunModel)" time="0.022" />
  <testcase classname="ptolemy.util.test.junit.AutoTests" name="[102] /home/travis/build/icyphy/ptII/ptolemy/actor/lib/test/auto/Counter.xml (RunModel)" time="0.014" />
  <testcase classname="ptolemy.util.test.junit.AutoTests" name="[103] /home/travis/build/icyphy/ptII/ptolemy/actor/lib/test/auto/CurrentTimeSDF.xml (RunModel)" time="0.011" />
  <testcase classname="ptolemy.util.test.junit.AutoTests" name="[104] /home/travis/build/icyphy/ptII/ptolemy/actor/lib/test/auto/DB.xml (RunModel)" time="0.017" />
  <testcase classname="ptolemy.util.test.junit.AutoTests" name="[105] /home/travis/build/icyphy/ptII/ptolemy/actor/lib/test/auto/DBDE.xml (RunModel)" time="0.017" />
  <testcase classname="ptolemy.util.test.junit.AutoTests" name="[106] /home/travis/build/icyphy/ptII/ptolemy/actor/lib/test/auto/DateConstructor.xml (RunModel)" time="0.061" />
  <testcase classname="ptolemy.util.test.junit.AutoTests" name="[107] /home/travis/build/icyphy/ptII/ptolemy/actor/lib/test/auto/DelayTime.xml (RunModel)" time="0.017" />
  <testcase classname="ptolemy.util.test.junit.AutoTests" name="[108] /home/travis/build/icyphy/ptII/ptolemy/actor/lib/test/auto/Dictionary1.xml (RunModel)" time="0.017" />
  <testcase classname="ptolemy.util.test.junit.AutoTests" name="[109] /home/travis/build/icyphy/ptII/ptolemy/actor/lib/test/auto/Dictionary2.xml (RunModel)" time="0.015" />
  <testcase classname="ptolemy.util.test.junit.AutoTests" name="[110] /home/travis/build/icyphy/ptII/ptolemy/actor/lib/test/auto/Dictionary3.xml (RunModel)" time="0.014" />
  <testcase classname="ptolemy.util.test.junit.AutoTests" name="[111] /home/travis/build/icyphy/ptII/ptolemy/actor/lib/test/auto/Dictionary4.xml (RunModel)" time="0.023" />
  <testcase classname="ptolemy.util.test.junit.AutoTests" name="[112] /home/travis/build/icyphy/ptII/ptolemy/actor/lib/test/auto/Differential.xml (RunModel)" time="0.01" />
  <testcase classname="ptolemy.util.test.junit.AutoTests" name="[113] /home/travis/build/icyphy/ptII/ptolemy/actor/lib/test/auto/Director.xml (RunModel)" time="0.01" />
  <testcase classname="ptolemy.util.test.junit.AutoTests" name="[114] /home/travis/build/icyphy/ptII/ptolemy/actor/lib/test/auto/DiscreteClock.xml (RunModel)" time="0.009" />
  <testcase classname="ptolemy.util.test.junit.AutoTests" name="[115] /home/travis/build/icyphy/ptII/ptolemy/actor/lib/test/auto/DiscreteClock10.xml (RunModel)" time="0.012" />
  <testcase classname="ptolemy.util.test.junit.AutoTests" name="[116] /home/travis/build/icyphy/ptII/ptolemy/actor/lib/test/auto/DiscreteClock11.xml (RunModel)" time="0.012" />
  <testcase classname="ptolemy.util.test.junit.AutoTests" name="[117] /home/travis/build/icyphy/ptII/ptolemy/actor/lib/test/auto/DiscreteClock12.xml (RunModel)" time="0.013" />
  <testcase classname="ptolemy.util.test.junit.AutoTests" name="[118] /home/travis/build/icyphy/ptII/ptolemy/actor/lib/test/auto/DiscreteClock13.xml (RunModel)" time="0.019" />
  <testcase classname="ptolemy.util.test.junit.AutoTests" name="[119] /home/travis/build/icyphy/ptII/ptolemy/actor/lib/test/auto/DiscreteClock14.xml (RunModel)" time="0.016" />
  <testcase classname="ptolemy.util.test.junit.AutoTests" name="[120] /home/travis/build/icyphy/ptII/ptolemy/actor/lib/test/auto/DiscreteClock15.xml (RunModel)" time="0.016" />
  <testcase classname="ptolemy.util.test.junit.AutoTests" name="[121] /home/travis/build/icyphy/ptII/ptolemy/actor/lib/test/auto/DiscreteClock16.xml (RunModel)" time="0.575" />
  <testcase classname="ptolemy.util.test.junit.AutoTests" name="[122] /home/travis/build/icyphy/ptII/ptolemy/actor/lib/test/auto/DiscreteClock17.xml (RunModel)" time="0.043" />
  <testcase classname="ptolemy.util.test.junit.AutoTests" name="[123] /home/travis/build/icyphy/ptII/ptolemy/actor/lib/test/auto/DiscreteClock18.xml (RunModel)" time="0.048" />
  <testcase classname="ptolemy.util.test.junit.AutoTests" name="[124] /home/travis/build/icyphy/ptII/ptolemy/actor/lib/test/auto/DiscreteClock19.xml (RunModel)" time="0.048" />
  <testcase classname="ptolemy.util.test.junit.AutoTests" name="[125] /home/travis/build/icyphy/ptII/ptolemy/actor/lib/test/auto/DiscreteClock2.xml (RunModel)" time="0.011" />
  <testcase classname="ptolemy.util.test.junit.AutoTests" name="[126] /home/travis/build/icyphy/ptII/ptolemy/actor/lib/test/auto/DiscreteClock20.xml (RunModel)" time="0.019" />
  <testcase classname="ptolemy.util.test.junit.AutoTests" name="[127] /home/travis/build/icyphy/ptII/ptolemy/actor/lib/test/auto/DiscreteClock21.xml (RunModel)" time="0.024" />
  <testcase classname="ptolemy.util.test.junit.AutoTests" name="[128] /home/travis/build/icyphy/ptII/ptolemy/actor/lib/test/auto/DiscreteClock22.xml (RunModel)" time="0.017" />
  <testcase classname="ptolemy.util.test.junit.AutoTests" name="[129] /home/travis/build/icyphy/ptII/ptolemy/actor/lib/test/auto/DiscreteClock23.xml (RunModel)" time="0.015" />
  <testcase classname="ptolemy.util.test.junit.AutoTests" name="[130] /home/travis/build/icyphy/ptII/ptolemy/actor/lib/test/auto/DiscreteClock24.xml (RunModel)" time="0.015" />
  <testcase classname="ptolemy.util.test.junit.AutoTests" name="[131] /home/travis/build/icyphy/ptII/ptolemy/actor/lib/test/auto/DiscreteClock4.xml (RunModel)" time="0.012" />
  <testcase classname="ptolemy.util.test.junit.AutoTests" name="[132] /home/travis/build/icyphy/ptII/ptolemy/actor/lib/test/auto/DiscreteClock5.xml (RunModel)" time="0.011" />
  <testcase classname="ptolemy.util.test.junit.AutoTests" name="[133] /home/travis/build/icyphy/ptII/ptolemy/actor/lib/test/auto/DiscreteClock6.xml (RunModel)" time="0.012" />
  <testcase classname="ptolemy.util.test.junit.AutoTests" name="[134] /home/travis/build/icyphy/ptII/ptolemy/actor/lib/test/auto/DiscreteClock7.xml (RunModel)" time="0.012" />
  <testcase classname="ptolemy.util.test.junit.AutoTests" name="[135] /home/travis/build/icyphy/ptII/ptolemy/actor/lib/test/auto/DiscreteClock8.xml (RunModel)" time="0.013" />
  <testcase classname="ptolemy.util.test.junit.AutoTests" name="[136] /home/travis/build/icyphy/ptII/ptolemy/actor/lib/test/auto/DiscreteClock9.xml (RunModel)" time="0.013" />
  <testcase classname="ptolemy.util.test.junit.AutoTests" name="[137] /home/travis/build/icyphy/ptII/ptolemy/actor/lib/test/auto/DisplayArray.xml (RunModel)" time="0.021" />
  <testcase classname="ptolemy.util.test.junit.AutoTests" name="[138] /home/travis/build/icyphy/ptII/ptolemy/actor/lib/test/auto/Distributor.xml (RunModel)" time="0.009" />
  <testcase classname="ptolemy.util.test.junit.AutoTests" name="[139] /home/travis/build/icyphy/ptII/ptolemy/actor/lib/test/auto/Distributor2.xml (RunModel)" time="0.012" />
  <testcase classname="ptolemy.util.test.junit.AutoTests" name="[140] /home/travis/build/icyphy/ptII/ptolemy/actor/lib/test/auto/DownSample.xml (RunModel)" time="0.009" />
  <testcase classname="ptolemy.util.test.junit.AutoTests" name="[141] /home/travis/build/icyphy/ptII/ptolemy/actor/lib/test/auto/ElectronicUnitBase1.xml (RunModel)" time="0.09" />
  <testcase classname="ptolemy.util.test.junit.AutoTests" name="[142] /home/travis/build/icyphy/ptII/ptolemy/actor/lib/test/auto/ElementsToArray.xml (RunModel)" time="0.011" />
  <testcase classname="ptolemy.util.test.junit.AutoTests" name="[143] /home/travis/build/icyphy/ptII/ptolemy/actor/lib/test/auto/Equals.xml (RunModel)" time="0.011" />
  <testcase classname="ptolemy.util.test.junit.AutoTests" name="[144] /home/travis/build/icyphy/ptII/ptolemy/actor/lib/test/auto/Exec.xml (RunModel)" time="0.024" />
  <testcase classname="ptolemy.util.test.junit.AutoTests" name="[145] /home/travis/build/icyphy/ptII/ptolemy/actor/lib/test/auto/ExecEnvironment.xml (RunModel)" time="0.029" />
  <testcase classname="ptolemy.util.test.junit.AutoTests" name="[146] /home/travis/build/icyphy/ptII/ptolemy/actor/lib/test/auto/ExecNonZeroReturnOutput.xml (RunModel)" time="0.17" />
  <testcase classname="ptolemy.util.test.junit.AutoTests" name="[147] /home/travis/build/icyphy/ptII/ptolemy/actor/lib/test/auto/ExecRunDemos.xml (RunModel)" time="9.865" />
  <testcase classname="ptolemy.util.test.junit.AutoTests" name="[148] /home/travis/build/icyphy/ptII/ptolemy/actor/lib/test/auto/ExecStop.xml (RunModel)" time="5.038" />
  <testcase classname="ptolemy.util.test.junit.AutoTests" name="[149] /home/travis/build/icyphy/ptII/ptolemy/actor/lib/test/auto/ExecutionTimeSDF.xml (RunModel)" time="6.033" />
  <testcase classname="ptolemy.util.test.junit.AutoTests" name="[150] /home/travis/build/icyphy/ptII/ptolemy/actor/lib/test/auto/Expression1.xml (RunModel)" time="0.024" />
  <testcase classname="ptolemy.util.test.junit.AutoTests" name="[151] /home/travis/build/icyphy/ptII/ptolemy/actor/lib/test/auto/Expression10.xml (RunModel)" time="0.029" />
  <testcase classname="ptolemy.util.test.junit.AutoTests" name="[152] /home/travis/build/icyphy/ptII/ptolemy/actor/lib/test/auto/Expression11.xml (RunModel)" time="0.013" />
  <testcase classname="ptolemy.util.test.junit.AutoTests" name="[153] /home/travis/build/icyphy/ptII/ptolemy/actor/lib/test/auto/Expression12.xml (RunModel)" time="0.016" />
  <testcase classname="ptolemy.util.test.junit.AutoTests" name="[154] /home/travis/build/icyphy/ptII/ptolemy/actor/lib/test/auto/Expression13.xml (RunModel)" time="0.018" />
  <testcase classname="ptolemy.util.test.junit.AutoTests" name="[155] /home/travis/build/icyphy/ptII/ptolemy/actor/lib/test/auto/Expression14.xml (RunModel)" time="0.022" />
  <testcase classname="ptolemy.util.test.junit.AutoTests" name="[156] /home/travis/build/icyphy/ptII/ptolemy/actor/lib/test/auto/Expression15.xml (RunModel)" time="0.009" />
  <testcase classname="ptolemy.util.test.junit.AutoTests" name="[157] /home/travis/build/icyphy/ptII/ptolemy/actor/lib/test/auto/Expression16.xml (RunModel)" time="0.02" />
  <testcase classname="ptolemy.util.test.junit.AutoTests" name="[158] /home/travis/build/icyphy/ptII/ptolemy/actor/lib/test/auto/Expression17.xml (RunModel)" time="0.018" />
  <testcase classname="ptolemy.util.test.junit.AutoTests" name="[159] /home/travis/build/icyphy/ptII/ptolemy/actor/lib/test/auto/Expression18.xml (RunModel)" time="0.015" />
  <testcase classname="ptolemy.util.test.junit.AutoTests" name="[160] /home/travis/build/icyphy/ptII/ptolemy/actor/lib/test/auto/Expression2.xml (RunModel)" time="0.017" />
  <testcase classname="ptolemy.util.test.junit.AutoTests" name="[161] /home/travis/build/icyphy/ptII/ptolemy/actor/lib/test/auto/Expression3.xml (RunModel)" time="0.015" />
  <testcase classname="ptolemy.util.test.junit.AutoTests" name="[162] /home/travis/build/icyphy/ptII/ptolemy/actor/lib/test/auto/Expression4.xml (RunModel)" time="0.023" />
  <testcase classname="ptolemy.util.test.junit.AutoTests" name="[163] /home/travis/build/icyphy/ptII/ptolemy/actor/lib/test/auto/Expression5.xml (RunModel)" time="0.017" />
  <testcase classname="ptolemy.util.test.junit.AutoTests" name="[164] /home/travis/build/icyphy/ptII/ptolemy/actor/lib/test/auto/Expression6.xml (RunModel)" time="0.01" />
  <testcase classname="ptolemy.util.test.junit.AutoTests" name="[165] /home/travis/build/icyphy/ptII/ptolemy/actor/lib/test/auto/Expression7.xml (RunModel)" time="0.014" />
  <testcase classname="ptolemy.util.test.junit.AutoTests" name="[166] /home/travis/build/icyphy/ptII/ptolemy/actor/lib/test/auto/Expression8.xml (RunModel)" time="0.013" />
  <testcase classname="ptolemy.util.test.junit.AutoTests" name="[167] /home/travis/build/icyphy/ptII/ptolemy/actor/lib/test/auto/Expression9.xml (RunModel)" time="0.014" />
  <testcase classname="ptolemy.util.test.junit.AutoTests" name="[168] /home/travis/build/icyphy/ptII/ptolemy/actor/lib/test/auto/ExpressionConcatenateArrayType.xml (RunModel)" time="0.037" />
  <testcase classname="ptolemy.util.test.junit.AutoTests" name="[169] /home/travis/build/icyphy/ptII/ptolemy/actor/lib/test/auto/ExpressionConcatenateArrayType2.xml (RunModel)" time="0.022" />
  <testcase classname="ptolemy.util.test.junit.AutoTests" name="[170] /home/travis/build/icyphy/ptII/ptolemy/actor/lib/test/auto/ExpressionFix.xml (RunModel)" time="0.04" />
  <testcase classname="ptolemy.util.test.junit.AutoTests" name="[171] /home/travis/build/icyphy/ptII/ptolemy/actor/lib/test/auto/ExpressionFix2.xml (RunModel)" time="0.012" />
  <testcase classname="ptolemy.util.test.junit.AutoTests" name="[172] /home/travis/build/icyphy/ptII/ptolemy/actor/lib/test/auto/ExpressionFix3.xml (RunModel)" time="0.022" />
  <testcase classname="ptolemy.util.test.junit.AutoTests" name="[173] /home/travis/build/icyphy/ptII/ptolemy/actor/lib/test/auto/FileWriter1.xml (RunModel)" time="0.015" />
  <testcase classname="ptolemy.util.test.junit.AutoTests" name="[174] /home/travis/build/icyphy/ptII/ptolemy/actor/lib/test/auto/FileWriter2.xml (RunModel)" time="0.01" />
  <testcase classname="ptolemy.util.test.junit.AutoTests" name="[175] /home/travis/build/icyphy/ptII/ptolemy/actor/lib/test/auto/FileWriter3.xml (RunModel)" time="0.012" />
  <testcase classname="ptolemy.util.test.junit.AutoTests" name="[176] /home/travis/build/icyphy/ptII/ptolemy/actor/lib/test/auto/Gaussian.xml (RunModel)" time="0.011" />
  <testcase classname="ptolemy.util.test.junit.AutoTests" name="[177] /home/travis/build/icyphy/ptII/ptolemy/actor/lib/test/auto/Gaussian1.xml (RunModel)" time="0.014" />
  <testcase classname="ptolemy.util.test.junit.AutoTests" name="[178] /home/travis/build/icyphy/ptII/ptolemy/actor/lib/test/auto/Gaussian2.xml (RunModel)" time="0.018" />
  <testcase classname="ptolemy.util.test.junit.AutoTests" name="[179] /home/travis/build/icyphy/ptII/ptolemy/actor/lib/test/auto/GradientAdaptiveLattice.xml (RunModel)" time="0.017" />
  <testcase classname="ptolemy.util.test.junit.AutoTests" name="[180] /home/travis/build/icyphy/ptII/ptolemy/actor/lib/test/auto/IIR.xml (RunModel)" time="0.011" />
  <testcase classname="ptolemy.util.test.junit.AutoTests" name="[181] /home/travis/build/icyphy/ptII/ptolemy/actor/lib/test/auto/InputOutputTransparentPorts.xml (RunModel)" time="0.019" />
  <testcase classname="ptolemy.util.test.junit.AutoTests" name="[182] /home/travis/build/icyphy/ptII/ptolemy/actor/lib/test/auto/Interpolator.xml (RunModel)" time="0.011" />
  <testcase classname="ptolemy.util.test.junit.AutoTests" name="[183] /home/travis/build/icyphy/ptII/ptolemy/actor/lib/test/auto/InterpolatorFiringLimitDE.xml (RunModel)" time="0.014" />
  <testcase classname="ptolemy.util.test.junit.AutoTests" name="[184] /home/travis/build/icyphy/ptII/ptolemy/actor/lib/test/auto/Lattice.xml (RunModel)" time="0.009" />
  <testcase classname="ptolemy.util.test.junit.AutoTests" name="[185] /home/travis/build/icyphy/ptII/ptolemy/actor/lib/test/auto/LazyAOCTestLazy.xml (RunModel)" time="0.022" />
  <testcase classname="ptolemy.util.test.junit.AutoTests" name="[186] /home/travis/build/icyphy/ptII/ptolemy/actor/lib/test/auto/LazyAOCTestNonLazy.xml (RunModel)" time="0.035" />
  <testcase classname="ptolemy.util.test.junit.AutoTests" name="[187] /home/travis/build/icyphy/ptII/ptolemy/actor/lib/test/auto/LazyInnerClass.xml (RunModel)" time="0.054" />
  <testcase classname="ptolemy.util.test.junit.AutoTests" name="[188] /home/travis/build/icyphy/ptII/ptolemy/actor/lib/test/auto/LazyPubSub.xml (RunModel)" time="0.064" />
  <testcase classname="ptolemy.util.test.junit.AutoTests" name="[189] /home/travis/build/icyphy/ptII/ptolemy/actor/lib/test/auto/LazyPubSub2.xml (RunModel)" time="0.071" />
  <testcase classname="ptolemy.util.test.junit.AutoTests" name="[190] /home/travis/build/icyphy/ptII/ptolemy/actor/lib/test/auto/LazyPubSub3.xml (RunModel)" time="0.034" />
  <testcase classname="ptolemy.util.test.junit.AutoTests" name="[191] /home/travis/build/icyphy/ptII/ptolemy/actor/lib/test/auto/LazySubClassModel.xml (RunModel)" time="0.024" />
  <testcase classname="ptolemy.util.test.junit.AutoTests" name="[192] /home/travis/build/icyphy/ptII/ptolemy/actor/lib/test/auto/LevelCrossTest1.xml (RunModel)" time="0.012" />
  <testcase classname="ptolemy.util.test.junit.AutoTests" name="[193] /home/travis/build/icyphy/ptII/ptolemy/actor/lib/test/auto/LevelCrossTest10.xml (RunModel)" time="0.02" />
  <testcase classname="ptolemy.util.test.junit.AutoTests" name="[194] /home/travis/build/icyphy/ptII/ptolemy/actor/lib/test/auto/LevelCrossTest11.xml (RunModel)" time="0.014" />
  <testcase classname="ptolemy.util.test.junit.AutoTests" name="[195] /home/travis/build/icyphy/ptII/ptolemy/actor/lib/test/auto/LevelCrossTest12.xml (RunModel)" time="0.019" />
  <testcase classname="ptolemy.util.test.junit.AutoTests" name="[196] /home/travis/build/icyphy/ptII/ptolemy/actor/lib/test/auto/LevelCrossTest13.xml (RunModel)" time="0.016" />
  <testcase classname="ptolemy.util.test.junit.AutoTests" name="[197] /home/travis/build/icyphy/ptII/ptolemy/actor/lib/test/auto/LevelCrossTest2.xml (RunModel)" time="0.014" />
  <testcase classname="ptolemy.util.test.junit.AutoTests" name="[198] /home/travis/build/icyphy/ptII/ptolemy/actor/lib/test/auto/LevelCrossTest3.xml (RunModel)" time="0.016" />
  <testcase classname="ptolemy.util.test.junit.AutoTests" name="[199] /home/travis/build/icyphy/ptII/ptolemy/actor/lib/test/auto/LevelCrossTest4.xml (RunModel)" time="0.012" />
  <testcase classname="ptolemy.util.test.junit.AutoTests" name="[200] /home/travis/build/icyphy/ptII/ptolemy/actor/lib/test/auto/LevelCrossTest5.xml (RunModel)" time="0.013" />
  <testcase classname="ptolemy.util.test.junit.AutoTests" name="[201] /home/travis/build/icyphy/ptII/ptolemy/actor/lib/test/auto/LevelCrossTest6.xml (RunModel)" time="0.013" />
  <testcase classname="ptolemy.util.test.junit.AutoTests" name="[202] /home/travis/build/icyphy/ptII/ptolemy/actor/lib/test/auto/LevelCrossTest7.xml (RunModel)" time="0.022" />
  <testcase classname="ptolemy.util.test.junit.AutoTests" name="[203] /home/travis/build/icyphy/ptII/ptolemy/actor/lib/test/auto/LevelCrossTest8.xml (RunModel)" time="0.017" />
  <testcase classname="ptolemy.util.test.junit.AutoTests" name="[204] /home/travis/build/icyphy/ptII/ptolemy/actor/lib/test/auto/LevelCrossTest9.xml (RunModel)" time="0.018" />
  <testcase classname="ptolemy.util.test.junit.AutoTests" name="[205] /home/travis/build/icyphy/ptII/ptolemy/actor/lib/test/auto/LevinsonDurbin.xml (RunModel)" time="0.015" />
  <testcase classname="ptolemy.util.test.junit.AutoTests" name="[206] /home/travis/build/icyphy/ptII/ptolemy/actor/lib/test/auto/LevinsonDurbin2.xml (RunModel)" time="0.01" />
  <testcase classname="ptolemy.util.test.junit.AutoTests" name="[207] /home/travis/build/icyphy/ptII/ptolemy/actor/lib/test/auto/LevinsonDurbin3.xml (RunModel)" time="0.012" />
  <testcase classname="ptolemy.util.test.junit.AutoTests" name="[208] /home/travis/build/icyphy/ptII/ptolemy/actor/lib/test/auto/Limiter.xml (RunModel)" time="0.036" />
  <testcase classname="ptolemy.util.test.junit.AutoTests" name="[209] /home/travis/build/icyphy/ptII/ptolemy/actor/lib/test/auto/LinearDifferenceEquationSystem.xml (RunModel)" time="0.022" />
  <testcase classname="ptolemy.util.test.junit.AutoTests" name="[210] /home/travis/build/icyphy/ptII/ptolemy/actor/lib/test/auto/LookupTable.xml (RunModel)" time="0.011" />
  <testcase classname="ptolemy.util.test.junit.AutoTests" name="[211] /home/travis/build/icyphy/ptII/ptolemy/actor/lib/test/auto/MathFunction.xml (RunModel)" time="0.024" />
  <testcase classname="ptolemy.util.test.junit.AutoTests" name="[212] /home/travis/build/icyphy/ptII/ptolemy/actor/lib/test/auto/MathFunction2.xml (RunModel)" time="0.019" />
  <testcase classname="ptolemy.util.test.junit.AutoTests" name="[213] /home/travis/build/icyphy/ptII/ptolemy/actor/lib/test/auto/MathFunction3.xml (RunModel)" time="0.029" />
  <testcase classname="ptolemy.util.test.junit.AutoTests" name="[214] /home/travis/build/icyphy/ptII/ptolemy/actor/lib/test/auto/MatrixCropBoolean.xml (RunModel)" time="0.013" />
  <testcase classname="ptolemy.util.test.junit.AutoTests" name="[215] /home/travis/build/icyphy/ptII/ptolemy/actor/lib/test/auto/MatrixCropComplex.xml (RunModel)" time="0.01" />
  <testcase classname="ptolemy.util.test.junit.AutoTests" name="[216] /home/travis/build/icyphy/ptII/ptolemy/actor/lib/test/auto/MatrixCropDouble.xml (RunModel)" time="0.009" />
  <testcase classname="ptolemy.util.test.junit.AutoTests" name="[217] /home/travis/build/icyphy/ptII/ptolemy/actor/lib/test/auto/MatrixCropFix.xml (RunModel)" time="0.012" />
  <testcase classname="ptolemy.util.test.junit.AutoTests" name="[218] /home/travis/build/icyphy/ptII/ptolemy/actor/lib/test/auto/MatrixCropInt.xml (RunModel)" time="0.01" />
  <testcase classname="ptolemy.util.test.junit.AutoTests" name="[219] /home/travis/build/icyphy/ptII/ptolemy/actor/lib/test/auto/MatrixCropLong.xml (RunModel)" time="0.01" />
  <testcase classname="ptolemy.util.test.junit.AutoTests" name="[220] /home/travis/build/icyphy/ptII/ptolemy/actor/lib/test/auto/MatrixToArray.xml (RunModel)" time="0.069" />
  <testcase classname="ptolemy.util.test.junit.AutoTests" name="[221] /home/travis/build/icyphy/ptII/ptolemy/actor/lib/test/auto/MaxIndex.xml (RunModel)" time="0.019" />
  <testcase classname="ptolemy.util.test.junit.AutoTests" name="[222] /home/travis/build/icyphy/ptII/ptolemy/actor/lib/test/auto/Maximum.xml (RunModel)" time="0.019" />
  <testcase classname="ptolemy.util.test.junit.AutoTests" name="[223] /home/travis/build/icyphy/ptII/ptolemy/actor/lib/test/auto/MaximumComplex.xml (RunModel)" time="0.017" />
  <testcase classname="ptolemy.util.test.junit.AutoTests" name="[224] /home/travis/build/icyphy/ptII/ptolemy/actor/lib/test/auto/MethodCallTest.xml (RunModel)" time="0.031" />
  <testcase classname="ptolemy.util.test.junit.AutoTests" name="[225] /home/travis/build/icyphy/ptII/ptolemy/actor/lib/test/auto/Minimum.xml (RunModel)" time="0.016" />
  <testcase classname="ptolemy.util.test.junit.AutoTests" name="[226] /home/travis/build/icyphy/ptII/ptolemy/actor/lib/test/auto/MinimumComplex.xml (RunModel)" time="0.018" />
  <testcase classname="ptolemy.util.test.junit.AutoTests" name="[227] /home/travis/build/icyphy/ptII/ptolemy/actor/lib/test/auto/MinimumMultiports.xml (RunModel)" time="0.025" />
  <testcase classname="ptolemy.util.test.junit.AutoTests" name="[228] /home/travis/build/icyphy/ptII/ptolemy/actor/lib/test/auto/ModifyDate.xml (RunModel)" time="0.048" />
  <testcase classname="ptolemy.util.test.junit.AutoTests" name="[229] /home/travis/build/icyphy/ptII/ptolemy/actor/lib/test/auto/ModifyDate2.xml (RunModel)" time="0.037" />
  <testcase classname="ptolemy.util.test.junit.AutoTests" name="[230] /home/travis/build/icyphy/ptII/ptolemy/actor/lib/test/auto/MovingAverage.xml (RunModel)" time="0.012" />
  <testcase classname="ptolemy.util.test.junit.AutoTests" name="[231] /home/travis/build/icyphy/ptII/ptolemy/actor/lib/test/auto/MovingMaximum.xml (RunModel)" time="0.009" />
  <testcase classname="ptolemy.util.test.junit.AutoTests" name="[232] /home/travis/build/icyphy/ptII/ptolemy/actor/lib/test/auto/MultipleLinksToSameRelation.xml (RunModel)" time="0.007" />
  <testcase classname="ptolemy.util.test.junit.AutoTests" name="[233] /home/travis/build/icyphy/ptII/ptolemy/actor/lib/test/auto/MultipleLinksToSameRelationDE.xml (RunModel)" time="0.009" />
  <testcase classname="ptolemy.util.test.junit.AutoTests" name="[234] /home/travis/build/icyphy/ptII/ptolemy/actor/lib/test/auto/Multiplexor.xml (RunModel)" time="0.012" />
  <testcase classname="ptolemy.util.test.junit.AutoTests" name="[235] /home/travis/build/icyphy/ptII/ptolemy/actor/lib/test/auto/Multiplexor1.xml (RunModel)" time="0.012" />
  <testcase classname="ptolemy.util.test.junit.AutoTests" name="[236] /home/travis/build/icyphy/ptII/ptolemy/actor/lib/test/auto/Multiplexor2.xml (RunModel)" time="0.014" />
  <testcase classname="ptolemy.util.test.junit.AutoTests" name="[237] /home/travis/build/icyphy/ptII/ptolemy/actor/lib/test/auto/Multiplexor3.xml (RunModel)" time="0.008" />
  <testcase classname="ptolemy.util.test.junit.AutoTests" name="[238] /home/travis/build/icyphy/ptII/ptolemy/actor/lib/test/auto/MultiplexorDE.xml (RunModel)" time="0.018" />
  <testcase classname="ptolemy.util.test.junit.AutoTests" name="[239] /home/travis/build/icyphy/ptII/ptolemy/actor/lib/test/auto/MultiportBroadcastTest.xml (RunModel)" time="0.066" />
  <testcase classname="ptolemy.util.test.junit.AutoTests" name="[240] /home/travis/build/icyphy/ptII/ptolemy/actor/lib/test/auto/MultiportOutHangDuringGetWidth.xml (RunModel)" time="0.033" />
  <testcase classname="ptolemy.util.test.junit.AutoTests" name="[241] /home/travis/build/icyphy/ptII/ptolemy/actor/lib/test/auto/NilToken.xml (RunModel)" time="0.008" />
  <testcase classname="ptolemy.util.test.junit.AutoTests" name="[242] /home/travis/build/icyphy/ptII/ptolemy/actor/lib/test/auto/NilTokenNonStrictTest.xml (RunModel)" time="0.011" />
  <testcase classname="ptolemy.util.test.junit.AutoTests" name="[243] /home/travis/build/icyphy/ptII/ptolemy/actor/lib/test/auto/NilTokenRecord.xml (RunModel)" time="0.02" />
  <testcase classname="ptolemy.util.test.junit.AutoTests" name="[244] /home/travis/build/icyphy/ptII/ptolemy/actor/lib/test/auto/NilTokenTypeTest.xml (RunModel)" time="0.035" />
  <testcase classname="ptolemy.util.test.junit.AutoTests" name="[245] /home/travis/build/icyphy/ptII/ptolemy/actor/lib/test/auto/ObjectToken1.xml (RunModel)" time="0.011" />
  <testcase classname="ptolemy.util.test.junit.AutoTests" name="[246] /home/travis/build/icyphy/ptII/ptolemy/actor/lib/test/auto/OrderedMerge.xml (RunModel)" time="0.02" />
  <testcase classname="ptolemy.util.test.junit.AutoTests" name="[247] /home/travis/build/icyphy/ptII/ptolemy/actor/lib/test/auto/OrderedRecordDisassembler.xml (RunModel)" time="0.017" />
  <testcase classname="ptolemy.util.test.junit.AutoTests" name="[248] /home/travis/build/icyphy/ptII/ptolemy/actor/lib/test/auto/OrderedRecordDisassembler2.xml (RunModel)" time="0.019" />
  <testcase classname="ptolemy.util.test.junit.AutoTests" name="[249] /home/travis/build/icyphy/ptII/ptolemy/actor/lib/test/auto/OrderedRecordUpdater.xml (RunModel)" time="0.011" />
  <testcase classname="ptolemy.util.test.junit.AutoTests" name="[250] /home/travis/build/icyphy/ptII/ptolemy/actor/lib/test/auto/OrderedRecordUpdater2.xml (RunModel)" time="0.014" />
  <testcase classname="ptolemy.util.test.junit.AutoTests" name="[251] /home/travis/build/icyphy/ptII/ptolemy/actor/lib/test/auto/PhaseUnwrap.xml (RunModel)" time="0.013" />
  <testcase classname="ptolemy.util.test.junit.AutoTests" name="[252] /home/travis/build/icyphy/ptII/ptolemy/actor/lib/test/auto/PoissonClock.xml (RunModel)" time="0.011" />
  <testcase classname="ptolemy.util.test.junit.AutoTests" name="[253] /home/travis/build/icyphy/ptII/ptolemy/actor/lib/test/auto/PoissonClock2.xml (RunModel)" time="0.009" />
  <testcase classname="ptolemy.util.test.junit.AutoTests" name="[254] /home/travis/build/icyphy/ptII/ptolemy/actor/lib/test/auto/PoissonClock3.xml (RunModel)" time="0.017" />
  <testcase classname="ptolemy.util.test.junit.AutoTests" name="[255] /home/travis/build/icyphy/ptII/ptolemy/actor/lib/test/auto/PubSubWithInitialTokens.xml (RunModel)" time="0.021" />
  <testcase classname="ptolemy.util.test.junit.AutoTests" name="[256] /home/travis/build/icyphy/ptII/ptolemy/actor/lib/test/auto/PubSubWithInitialTokens2.xml (RunModel)" time="0.015" />
  <testcase classname="ptolemy.util.test.junit.AutoTests" name="[257] /home/travis/build/icyphy/ptII/ptolemy/actor/lib/test/auto/PublisherClassNoParameter.xml (RunModel)" time="0.028" />
  <testcase classname="ptolemy.util.test.junit.AutoTests" name="[258] /home/travis/build/icyphy/ptII/ptolemy/actor/lib/test/auto/PublisherClassParameter.xml (RunModel)" time="0.029" />
  <testcase classname="ptolemy.util.test.junit.AutoTests" name="[259] /home/travis/build/icyphy/ptII/ptolemy/actor/lib/test/auto/PublisherNonStrictTest.xml (RunModel)" time="0.019" />
  <testcase classname="ptolemy.util.test.junit.AutoTests" name="[260] /home/travis/build/icyphy/ptII/ptolemy/actor/lib/test/auto/PublisherPort1.xml (RunModel)" time="0.013" />
  <testcase classname="ptolemy.util.test.junit.AutoTests" name="[261] /home/travis/build/icyphy/ptII/ptolemy/actor/lib/test/auto/PublisherPort2.xml (RunModel)" time="0.011" />
  <testcase classname="ptolemy.util.test.junit.AutoTests" name="[262] /home/travis/build/icyphy/ptII/ptolemy/actor/lib/test/auto/PublisherPort3.xml (RunModel)" time="0.026" />
  <testcase classname="ptolemy.util.test.junit.AutoTests" name="[263] /home/travis/build/icyphy/ptII/ptolemy/actor/lib/test/auto/PublisherPort4.xml (RunModel)" time="0.02" />
  <testcase classname="ptolemy.util.test.junit.AutoTests" name="[264] /home/travis/build/icyphy/ptII/ptolemy/actor/lib/test/auto/PublisherPort5.xml (RunModel)" time="0.017" />
  <testcase classname="ptolemy.util.test.junit.AutoTests" name="[265] /home/travis/build/icyphy/ptII/ptolemy/actor/lib/test/auto/PublisherPort5LookAlike.xml (RunModel)" time="0.021" />
  <testcase classname="ptolemy.util.test.junit.AutoTests" name="[266] /home/travis/build/icyphy/ptII/ptolemy/actor/lib/test/auto/PublisherPort6.xml (RunModel)" time="0.016" />
  <testcase classname="ptolemy.util.test.junit.AutoTests" name="[267] /home/travis/build/icyphy/ptII/ptolemy/actor/lib/test/auto/PublisherPort7.xml (RunModel)" time="0.019" />
  <testcase classname="ptolemy.util.test.junit.AutoTests" name="[268] /home/travis/build/icyphy/ptII/ptolemy/actor/lib/test/auto/PublisherPort8.xml (RunModel)" time="0.017" />
  <testcase classname="ptolemy.util.test.junit.AutoTests" name="[269] /home/travis/build/icyphy/ptII/ptolemy/actor/lib/test/auto/PublisherPortSubscriberChannelVariablesAOC2.xml (RunModel)" time="0.034" />
  <testcase classname="ptolemy.util.test.junit.AutoTests" name="[270] /home/travis/build/icyphy/ptII/ptolemy/actor/lib/test/auto/PublisherPortSubscriberOpaqueWidthInference.xml (RunModel)" time="0.019" />
  <testcase classname="ptolemy.util.test.junit.AutoTests" name="[271] /home/travis/build/icyphy/ptII/ptolemy/actor/lib/test/auto/PublisherPortSubscriberPortAdjacent.xml (RunModel)" time="0.02" />
  <testcase classname="ptolemy.util.test.junit.AutoTests" name="[272] /home/travis/build/icyphy/ptII/ptolemy/actor/lib/test/auto/PublisherPortSubscriberPortExpression.xml (RunModel)" time="0.022" />
  <testcase classname="ptolemy.util.test.junit.AutoTests" name="[273] /home/travis/build/icyphy/ptII/ptolemy/actor/lib/test/auto/PublisherPortSubscriberPortOpaqueD3Reverse.xml (RunModel)" time="0.04" />
  <testcase classname="ptolemy.util.test.junit.AutoTests" name="[274] /home/travis/build/icyphy/ptII/ptolemy/actor/lib/test/auto/PublisherPortSubscriberPortOpaqueWidthInference.xml (RunModel)" time="0.019" />
  <testcase classname="ptolemy.util.test.junit.AutoTests" name="[275] /home/travis/build/icyphy/ptII/ptolemy/actor/lib/test/auto/PublisherPortToplevelSubscriberPortAOC.xml (RunModel)" time="0.013" />
  <testcase classname="ptolemy.util.test.junit.AutoTests" name="[276] /home/travis/build/icyphy/ptII/ptolemy/actor/lib/test/auto/PublisherSubscriber.xml (RunModel)" time="0.018" />
  <testcase classname="ptolemy.util.test.junit.AutoTests" name="[277] /home/travis/build/icyphy/ptII/ptolemy/actor/lib/test/auto/PublisherSubscriber10.xml (RunModel)" time="0.024" />
  <testcase classname="ptolemy.util.test.junit.AutoTests" name="[278] /home/travis/build/icyphy/ptII/ptolemy/actor/lib/test/auto/PublisherSubscriber10InitialOutputs.xml (RunModel)" time="0.024" />
  <testcase classname="ptolemy.util.test.junit.AutoTests" name="[279] /home/travis/build/icyphy/ptII/ptolemy/actor/lib/test/auto/PublisherSubscriber11.xml (RunModel)" time="0.013" />
  <testcase classname="ptolemy.util.test.junit.AutoTests" name="[280] /home/travis/build/icyphy/ptII/ptolemy/actor/lib/test/auto/PublisherSubscriber12.xml (RunModel)" time="0.021" />
  <testcase classname="ptolemy.util.test.junit.AutoTests" name="[281] /home/travis/build/icyphy/ptII/ptolemy/actor/lib/test/auto/PublisherSubscriber13.xml (RunModel)" time="0.02" />
  <testcase classname="ptolemy.util.test.junit.AutoTests" name="[282] /home/travis/build/icyphy/ptII/ptolemy/actor/lib/test/auto/PublisherSubscriber14.xml (RunModel)" time="0.041" />
  <testcase classname="ptolemy.util.test.junit.AutoTests" name="[283] /home/travis/build/icyphy/ptII/ptolemy/actor/lib/test/auto/PublisherSubscriber2.xml (RunModel)" time="0.013" />
  <testcase classname="ptolemy.util.test.junit.AutoTests" name="[284] /home/travis/build/icyphy/ptII/ptolemy/actor/lib/test/auto/PublisherSubscriber3.xml (RunModel)" time="0.01" />
  <testcase classname="ptolemy.util.test.junit.AutoTests" name="[285] /home/travis/build/icyphy/ptII/ptolemy/actor/lib/test/auto/PublisherSubscriber4.xml (RunModel)" time="0.01" />
  <testcase classname="ptolemy.util.test.junit.AutoTests" name="[286] /home/travis/build/icyphy/ptII/ptolemy/actor/lib/test/auto/PublisherSubscriber5.xml (RunModel)" time="0.013" />
  <testcase classname="ptolemy.util.test.junit.AutoTests" name="[287] /home/travis/build/icyphy/ptII/ptolemy/actor/lib/test/auto/PublisherSubscriber6.xml (RunModel)" time="0.017" />
  <testcase classname="ptolemy.util.test.junit.AutoTests" name="[288] /home/travis/build/icyphy/ptII/ptolemy/actor/lib/test/auto/PublisherSubscriber7.xml (RunModel)" time="0.019" />
  <testcase classname="ptolemy.util.test.junit.AutoTests" name="[289] /home/travis/build/icyphy/ptII/ptolemy/actor/lib/test/auto/PublisherSubscriber8.xml (RunModel)" time="0.032" />
  <testcase classname="ptolemy.util.test.junit.AutoTests" name="[290] /home/travis/build/icyphy/ptII/ptolemy/actor/lib/test/auto/PublisherSubscriber9.xml (RunModel)" time="0.016" />
  <testcase classname="ptolemy.util.test.junit.AutoTests" name="[291] /home/travis/build/icyphy/ptII/ptolemy/actor/lib/test/auto/PublisherSubscriberAdjacent.xml (RunModel)" time="0.018" />
  <testcase classname="ptolemy.util.test.junit.AutoTests" name="[292] /home/travis/build/icyphy/ptII/ptolemy/actor/lib/test/auto/PublisherSubscriberChannelVariablesAOC2.xml (RunModel)" time="0.035" />
  <testcase classname="ptolemy.util.test.junit.AutoTests" name="[293] /home/travis/build/icyphy/ptII/ptolemy/actor/lib/test/auto/PublisherSubscriberD3.xml (RunModel)" time="0.015" />
  <testcase classname="ptolemy.util.test.junit.AutoTests" name="[294] /home/travis/build/icyphy/ptII/ptolemy/actor/lib/test/auto/PublisherSubscriberD3Reverse.xml (RunModel)" time="0.013" />
  <testcase classname="ptolemy.util.test.junit.AutoTests" name="[295] /home/travis/build/icyphy/ptII/ptolemy/actor/lib/test/auto/PublisherSubscriberExpression.xml (RunModel)" time="0.019" />
  <testcase classname="ptolemy.util.test.junit.AutoTests" name="[296] /home/travis/build/icyphy/ptII/ptolemy/actor/lib/test/auto/PublisherSubscriberOpaque.xml (RunModel)" time="0.018" />
  <testcase classname="ptolemy.util.test.junit.AutoTests" name="[297] /home/travis/build/icyphy/ptII/ptolemy/actor/lib/test/auto/PublisherSubscriberOpaqueD3.xml (RunModel)" time="0.03" />
  <testcase classname="ptolemy.util.test.junit.AutoTests" name="[298] /home/travis/build/icyphy/ptII/ptolemy/actor/lib/test/auto/PublisherSubscriberOpaqueD3Reverse.xml (RunModel)" time="0.031" />
  <testcase classname="ptolemy.util.test.junit.AutoTests" name="[299] /home/travis/build/icyphy/ptII/ptolemy/actor/lib/test/auto/PublisherSubscriberOpaqueWidthInference.xml (RunModel)" time="0.019" />
  <testcase classname="ptolemy.util.test.junit.AutoTests" name="[300] /home/travis/build/icyphy/ptII/ptolemy/actor/lib/test/auto/PublisherTestSubscriber.xml (RunModel)" time="0.018" />
  <testcase classname="ptolemy.util.test.junit.AutoTests" name="[301] /home/travis/build/icyphy/ptII/ptolemy/actor/lib/test/auto/PublisherToplevelSubscriberPortAOC.xml (RunModel)" time="0.015" />
  <testcase classname="ptolemy.util.test.junit.AutoTests" name="[302] /home/travis/build/icyphy/ptII/ptolemy/actor/lib/test/auto/PulseFiringLimitDE.xml (RunModel)" time="0.019" />
  <testcase classname="ptolemy.util.test.junit.AutoTests" name="[303] /home/travis/build/icyphy/ptII/ptolemy/actor/lib/test/auto/Ramp1.xml (RunModel)" time="0.007" />
  <testcase classname="ptolemy.util.test.junit.AutoTests" name="[304] /home/travis/build/icyphy/ptII/ptolemy/actor/lib/test/auto/RampFiringLimitDE.xml (RunModel)" time="0.011" />
  <testcase classname="ptolemy.util.test.junit.AutoTests" name="[305] /home/travis/build/icyphy/ptII/ptolemy/actor/lib/test/auto/RampFiringLimitSDF.xml (RunModel)" time="0.012" />
  <testcase classname="ptolemy.util.test.junit.AutoTests" name="[306] /home/travis/build/icyphy/ptII/ptolemy/actor/lib/test/auto/RandomInteger.xml (RunModel)" time="0.009" />
  <testcase classname="ptolemy.util.test.junit.AutoTests" name="[307] /home/travis/build/icyphy/ptII/ptolemy/actor/lib/test/auto/ReadFile1.xml (RunModel)" time="0.009" />
  <testcase classname="ptolemy.util.test.junit.AutoTests" name="[308] /home/travis/build/icyphy/ptII/ptolemy/actor/lib/test/auto/ReadFile2.xml (RunModel)" time="0.008" />
  <testcase classname="ptolemy.util.test.junit.AutoTests" name="[309] /home/travis/build/icyphy/ptII/ptolemy/actor/lib/test/auto/Reader.xml (RunModel)" time="0.01" />
  <testcase classname="ptolemy.util.test.junit.AutoTests" name="[310] /home/travis/build/icyphy/ptII/ptolemy/actor/lib/test/auto/RecordAssemblerDisplayNameTest.xml (RunModel)" time="3.739" />
  <testcase classname="ptolemy.util.test.junit.AutoTests" name="[311] /home/travis/build/icyphy/ptII/ptolemy/actor/lib/test/auto/RecordAssemblerTypeError.xml (RunModel)" time="0.047" />
  <testcase classname="ptolemy.util.test.junit.AutoTests" name="[312] /home/travis/build/icyphy/ptII/ptolemy/actor/lib/test/auto/RecordDisassember.xml (RunModel)" time="0.009" />
  <testcase classname="ptolemy.util.test.junit.AutoTests" name="[313] /home/travis/build/icyphy/ptII/ptolemy/actor/lib/test/auto/RecordDisassemberDisplayNameTest.xml (RunModel)" time="0.019" />
  <testcase classname="ptolemy.util.test.junit.AutoTests" name="[314] /home/travis/build/icyphy/ptII/ptolemy/actor/lib/test/auto/RecordDisassembler.xml (RunModel)" time="0.012" />
  <testcase classname="ptolemy.util.test.junit.AutoTests" name="[315] /home/travis/build/icyphy/ptII/ptolemy/actor/lib/test/auto/RecordDisassembler2.xml (RunModel)" time="0.012" />
  <testcase classname="ptolemy.util.test.junit.AutoTests" name="[316] /home/travis/build/icyphy/ptII/ptolemy/actor/lib/test/auto/RecordUpdater.xml (RunModel)" time="0.009" />
  <testcase classname="ptolemy.util.test.junit.AutoTests" name="[317] /home/travis/build/icyphy/ptII/ptolemy/actor/lib/test/auto/RecordUpdater2.xml (RunModel)" time="0.009" />
  <testcase classname="ptolemy.util.test.junit.AutoTests" name="[318] /home/travis/build/icyphy/ptII/ptolemy/actor/lib/test/auto/RecursiveLattice.xml (RunModel)" time="0.008" />
  <testcase classname="ptolemy.util.test.junit.AutoTests" name="[319] /home/travis/build/icyphy/ptII/ptolemy/actor/lib/test/auto/Router.xml (RunModel)" time="3.028" />
  <testcase classname="ptolemy.util.test.junit.AutoTests" name="[320] /home/travis/build/icyphy/ptII/ptolemy/actor/lib/test/auto/Router2.xml (RunModel)" time="3.048" />
  <testcase classname="ptolemy.util.test.junit.AutoTests" name="[321] /home/travis/build/icyphy/ptII/ptolemy/actor/lib/test/auto/RunningMaximum.xml (RunModel)" time="0.02" />
  <testcase classname="ptolemy.util.test.junit.AutoTests" name="[322] /home/travis/build/icyphy/ptII/ptolemy/actor/lib/test/auto/RunningMinimum.xml (RunModel)" time="0.01" />
  <testcase classname="ptolemy.util.test.junit.AutoTests" name="[323] /home/travis/build/icyphy/ptII/ptolemy/actor/lib/test/auto/Scale.xml (RunModel)" time="0.01" />
  <testcase classname="ptolemy.util.test.junit.AutoTests" name="[324] /home/travis/build/icyphy/ptII/ptolemy/actor/lib/test/auto/Scale2.xml (RunModel)" time="0.01" />
  <testcase classname="ptolemy.util.test.junit.AutoTests" name="[325] /home/travis/build/icyphy/ptII/ptolemy/actor/lib/test/auto/Scale3.xml (RunModel)" time="0.015" />
  <testcase classname="ptolemy.util.test.junit.AutoTests" name="[326] /home/travis/build/icyphy/ptII/ptolemy/actor/lib/test/auto/ScaleArray.xml (RunModel)" time="0.013" />
  <testcase classname="ptolemy.util.test.junit.AutoTests" name="[327] /home/travis/build/icyphy/ptII/ptolemy/actor/lib/test/auto/ScaleArray2.xml (RunModel)" time="0.009" />
  <testcase classname="ptolemy.util.test.junit.AutoTests" name="[328] /home/travis/build/icyphy/ptII/ptolemy/actor/lib/test/auto/ScaleMatrix.xml (RunModel)" time="0.114" />
  <testcase classname="ptolemy.util.test.junit.AutoTests" name="[329] /home/travis/build/icyphy/ptII/ptolemy/actor/lib/test/auto/Select.xml (RunModel)" time="0.015" />
  <testcase classname="ptolemy.util.test.junit.AutoTests" name="[330] /home/travis/build/icyphy/ptII/ptolemy/actor/lib/test/auto/Select2.xml (RunModel)" time="0.009" />
  <testcase classname="ptolemy.util.test.junit.AutoTests" name="[331] /home/travis/build/icyphy/ptII/ptolemy/actor/lib/test/auto/SequenceToArray2.xml (RunModel)" time="0.133" />
  <testcase classname="ptolemy.util.test.junit.AutoTests" name="[332] /home/travis/build/icyphy/ptII/ptolemy/actor/lib/test/auto/SequentialClock.xml (RunModel)" time="0.011" />
  <testcase classname="ptolemy.util.test.junit.AutoTests" name="[333] /home/travis/build/icyphy/ptII/ptolemy/actor/lib/test/auto/SetVariable.xml (RunModel)" time="0.011" />
  <testcase classname="ptolemy.util.test.junit.AutoTests" name="[334] /home/travis/build/icyphy/ptII/ptolemy/actor/lib/test/auto/SetVariable2.xml (RunModel)" time="0.012" />
  <testcase classname="ptolemy.util.test.junit.AutoTests" name="[335] /home/travis/build/icyphy/ptII/ptolemy/actor/lib/test/auto/SetVariable3.xml (RunModel)" time="0.021" />
  <testcase classname="ptolemy.util.test.junit.AutoTests" name="[336] /home/travis/build/icyphy/ptII/ptolemy/actor/lib/test/auto/SetVariable4.xml (RunModel)" time="0.029" />
  <testcase classname="ptolemy.util.test.junit.AutoTests" name="[337] /home/travis/build/icyphy/ptII/ptolemy/actor/lib/test/auto/SetVariable5.xml (RunModel)" time="0.027" />
  <testcase classname="ptolemy.util.test.junit.AutoTests" name="[338] /home/travis/build/icyphy/ptII/ptolemy/actor/lib/test/auto/Sinewave.xml (RunModel)" time="0.028" />
  <testcase classname="ptolemy.util.test.junit.AutoTests" name="[339] /home/travis/build/icyphy/ptII/ptolemy/actor/lib/test/auto/Sinewave2.xml (RunModel)" time="0.016" />
  <testcase classname="ptolemy.util.test.junit.AutoTests" name="[340] /home/travis/build/icyphy/ptII/ptolemy/actor/lib/test/auto/Sinewave3.xml (RunModel)" time="0.019" />
  <testcase classname="ptolemy.util.test.junit.AutoTests" name="[341] /home/travis/build/icyphy/ptII/ptolemy/actor/lib/test/auto/SingleEvent.xml (RunModel)" time="0.007" />
  <testcase classname="ptolemy.util.test.junit.AutoTests" name="[342] /home/travis/build/icyphy/ptII/ptolemy/actor/lib/test/auto/Sleep.xml (RunModel)" time="6.021" />
  <testcase classname="ptolemy.util.test.junit.AutoTests" name="[343] /home/travis/build/icyphy/ptII/ptolemy/actor/lib/test/auto/SleepMultipleFire.xml (RunModel)" time="1.02" />
  <testcase classname="ptolemy.util.test.junit.AutoTests" name="[344] /home/travis/build/icyphy/ptII/ptolemy/actor/lib/test/auto/StopDE.xml (RunModel)" time="0.022" />
  <testcase classname="ptolemy.util.test.junit.AutoTests" name="[345] /home/travis/build/icyphy/ptII/ptolemy/actor/lib/test/auto/StopSDF.xml (RunModel)" time="0.015" />
  <testcase classname="ptolemy.util.test.junit.AutoTests" name="[346] /home/travis/build/icyphy/ptII/ptolemy/actor/lib/test/auto/StringConstant.xml (RunModel)" time="0.009" />
  <testcase classname="ptolemy.util.test.junit.AutoTests" name="[347] /home/travis/build/icyphy/ptII/ptolemy/actor/lib/test/auto/SubscriberPortInitialValues1.xml (RunModel)" time="0.018" />
  <testcase classname="ptolemy.util.test.junit.AutoTests" name="[348] /home/travis/build/icyphy/ptII/ptolemy/actor/lib/test/auto/SubscriberPortInitialValues13.xml (RunModel)" time="0.032" />
  <testcase classname="ptolemy.util.test.junit.AutoTests" name="[349] /home/travis/build/icyphy/ptII/ptolemy/actor/lib/test/auto/SubscriberPortInitialValues14.xml (RunModel)" time="0.016" />
  <testcase classname="ptolemy.util.test.junit.AutoTests" name="[350] /home/travis/build/icyphy/ptII/ptolemy/actor/lib/test/auto/SubscriberPortInitialValues2.xml (RunModel)" time="0.016" />
  <testcase classname="ptolemy.util.test.junit.AutoTests" name="[351] /home/travis/build/icyphy/ptII/ptolemy/actor/lib/test/auto/SubscriberPortInitialValues3.xml (RunModel)" time="0.021" />
  <testcase classname="ptolemy.util.test.junit.AutoTests" name="[352] /home/travis/build/icyphy/ptII/ptolemy/actor/lib/test/auto/SubscriptionAggregator.xml (RunModel)" time="0.013" />
  <testcase classname="ptolemy.util.test.junit.AutoTests" name="[353] /home/travis/build/icyphy/ptII/ptolemy/actor/lib/test/auto/SubscriptionAggregator2.xml (RunModel)" time="0.013" />
  <testcase classname="ptolemy.util.test.junit.AutoTests" name="[354] /home/travis/build/icyphy/ptII/ptolemy/actor/lib/test/auto/SubscriptionAggregator3.xml (RunModel)" time="0.018" />
  <testcase classname="ptolemy.util.test.junit.AutoTests" name="[355] /home/travis/build/icyphy/ptII/ptolemy/actor/lib/test/auto/SubscriptionAggregatorMultiply.xml (RunModel)" time="0.017" />
  <testcase classname="ptolemy.util.test.junit.AutoTests" name="[356] /home/travis/build/icyphy/ptII/ptolemy/actor/lib/test/auto/SubscriptionAggregatorPortMultiply1.xml (RunModel)" time="0.016" />
  <testcase classname="ptolemy.util.test.junit.AutoTests" name="[357] /home/travis/build/icyphy/ptII/ptolemy/actor/lib/test/auto/Switch.xml (RunModel)" time="0.014" />
  <testcase classname="ptolemy.util.test.junit.AutoTests" name="[358] /home/travis/build/icyphy/ptII/ptolemy/actor/lib/test/auto/Switch2.xml (RunModel)" time="0.014" />
  <testcase classname="ptolemy.util.test.junit.AutoTests" name="[359] /home/travis/build/icyphy/ptII/ptolemy/actor/lib/test/auto/SwitchDE.xml (RunModel)" time="0.013" />
  <testcase classname="ptolemy.util.test.junit.AutoTests" name="[360] /home/travis/build/icyphy/ptII/ptolemy/actor/lib/test/auto/SynchronizerDE.xml (RunModel)" time="0.022" />
  <testcase classname="ptolemy.util.test.junit.AutoTests" name="[361] /home/travis/build/icyphy/ptII/ptolemy/actor/lib/test/auto/Test.xml (RunModel)" time="0.01" />
  <testcase classname="ptolemy.util.test.junit.AutoTests" name="[362] /home/travis/build/icyphy/ptII/ptolemy/actor/lib/test/auto/TestExceptionAttribute1.xml (RunModel)" time="0.006" />
  <testcase classname="ptolemy.util.test.junit.AutoTests" name="[363] /home/travis/build/icyphy/ptII/ptolemy/actor/lib/test/auto/TestExceptionAttribute2.xml (RunModel)" time="0.007" />
  <testcase classname="ptolemy.util.test.junit.AutoTests" name="[364] /home/travis/build/icyphy/ptII/ptolemy/actor/lib/test/auto/TestExceptionAttribute3.xml (RunModel)" time="0.006" />
  <testcase classname="ptolemy.util.test.junit.AutoTests" name="[365] /home/travis/build/icyphy/ptII/ptolemy/actor/lib/test/auto/TestExceptionAttribute4.xml (RunModel)" time="0.006" />
  <testcase classname="ptolemy.util.test.junit.AutoTests" name="[366] /home/travis/build/icyphy/ptII/ptolemy/actor/lib/test/auto/TestExceptionHandler1.xml (RunModel)" time="0.006" />
  <testcase classname="ptolemy.util.test.junit.AutoTests" name="[367] /home/travis/build/icyphy/ptII/ptolemy/actor/lib/test/auto/TestExceptionHandler2.xml (RunModel)" time="0.007" />
  <testcase classname="ptolemy.util.test.junit.AutoTests" name="[368] /home/travis/build/icyphy/ptII/ptolemy/actor/lib/test/auto/TestExceptionHandler3.xml (RunModel)" time="0.006" />
  <testcase classname="ptolemy.util.test.junit.AutoTests" name="[369] /home/travis/build/icyphy/ptII/ptolemy/actor/lib/test/auto/TestExceptionHandler4.xml (RunModel)" time="0.006" />
  <testcase classname="ptolemy.util.test.junit.AutoTests" name="[370] /home/travis/build/icyphy/ptII/ptolemy/actor/lib/test/auto/TestRequireCorrectOrder.xml (RunModel)" time="0.01" />
  <testcase classname="ptolemy.util.test.junit.AutoTests" name="[371] /home/travis/build/icyphy/ptII/ptolemy/actor/lib/test/auto/TestSimple.xml (RunModel)" time="0.007" />
  <testcase classname="ptolemy.util.test.junit.AutoTests" name="[372] /home/travis/build/icyphy/ptII/ptolemy/actor/lib/test/auto/ThrowModelError.xml (RunModel)" time="0.011" />
  <testcase classname="ptolemy.util.test.junit.AutoTests" name="[373] /home/travis/build/icyphy/ptII/ptolemy/actor/lib/test/auto/TimeDelayMicrosteps.xml (RunModel)" time="0.015" />
  <testcase classname="ptolemy.util.test.junit.AutoTests" name="[374] /home/travis/build/icyphy/ptII/ptolemy/actor/lib/test/auto/TimeDelayMicrosteps2.xml (RunModel)" time="0.017" />
  <testcase classname="ptolemy.util.test.junit.AutoTests" name="[375] /home/travis/build/icyphy/ptII/ptolemy/actor/lib/test/auto/TimeDelayMicrosteps3.xml (RunModel)" time="0.013" />
  <testcase classname="ptolemy.util.test.junit.AutoTests" name="[376] /home/travis/build/icyphy/ptII/ptolemy/actor/lib/test/auto/TimeDelayVariableMicrosteps.xml (RunModel)" time="0.013" />
  <testcase classname="ptolemy.util.test.junit.AutoTests" name="[377] /home/travis/build/icyphy/ptII/ptolemy/actor/lib/test/auto/TimeGap.xml (RunModel)" time="0.013" />
  <testcase classname="ptolemy.util.test.junit.AutoTests" name="[378] /home/travis/build/icyphy/ptII/ptolemy/actor/lib/test/auto/TimeGap2.xml (RunModel)" time="0.011" />
  <testcase classname="ptolemy.util.test.junit.AutoTests" name="[379] /home/travis/build/icyphy/ptII/ptolemy/actor/lib/test/auto/TimedSinewave.xml (RunModel)" time="0.044" />
  <testcase classname="ptolemy.util.test.junit.AutoTests" name="[380] /home/travis/build/icyphy/ptII/ptolemy/actor/lib/test/auto/TimedSinewavePhase.xml (RunModel)" time="0.053" />
  <testcase classname="ptolemy.util.test.junit.AutoTests" name="[381] /home/travis/build/icyphy/ptII/ptolemy/actor/lib/test/auto/Timer.xml (RunModel)" time="0.022" />
  <testcase classname="ptolemy.util.test.junit.AutoTests" name="[382] /home/travis/build/icyphy/ptII/ptolemy/actor/lib/test/auto/TriangularDistTestModel.xml (RunModel)" time="0.019" />
  <testcase classname="ptolemy.util.test.junit.AutoTests" name="[383] /home/travis/build/icyphy/ptII/ptolemy/actor/lib/test/auto/TrigFunction.xml (RunModel)" time="0.01" />
  <testcase classname="ptolemy.util.test.junit.AutoTests" name="[384] /home/travis/build/icyphy/ptII/ptolemy/actor/lib/test/auto/TrigFunctionDE.xml (RunModel)" time="0.013" />
  <testcase classname="ptolemy.util.test.junit.AutoTests" name="[385] /home/travis/build/icyphy/ptII/ptolemy/actor/lib/test/auto/TrigFunctionInverse.xml (RunModel)" time="0.011" />
  <testcase classname="ptolemy.util.test.junit.AutoTests" name="[386] /home/travis/build/icyphy/ptII/ptolemy/actor/lib/test/auto/TrigFunctionTan.xml (RunModel)" time="0.007" />
  <testcase classname="ptolemy.util.test.junit.AutoTests" name="[387] /home/travis/build/icyphy/ptII/ptolemy/actor/lib/test/auto/TriggeredClock.xml (RunModel)" time="0.009" />
  <testcase classname="ptolemy.util.test.junit.AutoTests" name="[388] /home/travis/build/icyphy/ptII/ptolemy/actor/lib/test/auto/URLDirectoryReader.xml (RunModel)" time="0.116" />
  <testcase classname="ptolemy.util.test.junit.AutoTests" name="[389] /home/travis/build/icyphy/ptII/ptolemy/actor/lib/test/auto/URLDirectoryReader3.xml (RunModel)" time="1.504" />
  <testcase classname="ptolemy.util.test.junit.AutoTests" name="[390] /home/travis/build/icyphy/ptII/ptolemy/actor/lib/test/auto/UnaryMathFunction.xml (RunModel)" time="0.061" />
  <testcase classname="ptolemy.util.test.junit.AutoTests" name="[391] /home/travis/build/icyphy/ptII/ptolemy/actor/lib/test/auto/Uniform.xml (RunModel)" time="0.04" />
  <testcase classname="ptolemy.util.test.junit.AutoTests" name="[392] /home/travis/build/icyphy/ptII/ptolemy/actor/lib/test/auto/UnionDisassemblerTest.xml (RunModel)" time="0.022" />
  <testcase classname="ptolemy.util.test.junit.AutoTests" name="[393] /home/travis/build/icyphy/ptII/ptolemy/actor/lib/test/auto/UtilityFunctions.xml (RunModel)" time="0.032" />
  <testcase classname="ptolemy.util.test.junit.AutoTests" name="[394] /home/travis/build/icyphy/ptII/ptolemy/actor/lib/test/auto/VariableSleep.xml (RunModel)" time="0.541" />
  <testcase classname="ptolemy.util.test.junit.AutoTests" name="[395] /home/travis/build/icyphy/ptII/ptolemy/actor/lib/test/auto/VectorAssemblerDisassemblerCT.xml (RunModel)" time="0.152" />
  <testcase classname="ptolemy.util.test.junit.AutoTests" name="[396] /home/travis/build/icyphy/ptII/ptolemy/actor/lib/test/auto/VectorAssemblerDisassemblerDE.xml (RunModel)" time="0.036" />
  <testcase classname="ptolemy.util.test.junit.AutoTests" name="[397] /home/travis/build/icyphy/ptII/ptolemy/actor/lib/test/auto/VectorAssemblerDisassemblerSDF.xml (RunModel)" time="0.021" />
  <testcase classname="ptolemy.util.test.junit.AutoTests" name="[398] /home/travis/build/icyphy/ptII/ptolemy/actor/lib/test/auto/WallClockTime.xml (RunModel)" time="1.017" />
  <testcase classname="ptolemy.util.test.junit.AutoTests" name="[399] /home/travis/build/icyphy/ptII/ptolemy/actor/lib/test/auto/WidthTestWithSubscriberPublisher.xml (RunModel)" time="0.047" />
  <testcase classname="ptolemy.util.test.junit.AutoTests" name="[400] /home/travis/build/icyphy/ptII/ptolemy/actor/lib/test/auto/WidthTestWithSubscriberPublisher2.xml (RunModel)" time="0.017" />
  <testcase classname="ptolemy.util.test.junit.AutoTests" name="[401] /home/travis/build/icyphy/ptII/ptolemy/actor/lib/test/auto/WidthTestWithSubscriberPublisher3.xml (RunModel)" time="0.011" />
  <testcase classname="ptolemy.util.test.junit.AutoTests" name="[402] /home/travis/build/icyphy/ptII/ptolemy/actor/lib/test/auto/Writer.xml (RunModel)" time="0.008" />
  <testcase classname="ptolemy.util.test.junit.AutoTests" name="[403] /home/travis/build/icyphy/ptII/ptolemy/actor/lib/test/auto/array.xml (RunModel)" time="0.01" />
  <testcase classname="ptolemy.util.test.junit.AutoTests" name="[404] /home/travis/build/icyphy/ptII/ptolemy/actor/lib/test/auto/array2.xml (RunModel)" time="0.01" />
  <testcase classname="ptolemy.util.test.junit.AutoTests" name="[405] /home/travis/build/icyphy/ptII/ptolemy/actor/lib/test/auto/arrayType.xml (RunModel)" time="0.01" />
  <testcase classname="ptolemy.util.test.junit.AutoTests" name="[406] /home/travis/build/icyphy/ptII/ptolemy/actor/lib/test/auto/arrayType10.xml (RunModel)" time="0.009" />
  <testcase classname="ptolemy.util.test.junit.AutoTests" name="[407] /home/travis/build/icyphy/ptII/ptolemy/actor/lib/test/auto/arrayType11.xml (RunModel)" time="0.01" />
  <testcase classname="ptolemy.util.test.junit.AutoTests" name="[408] /home/travis/build/icyphy/ptII/ptolemy/actor/lib/test/auto/arrayType12.xml (RunModel)" time="0.01" />
  <testcase classname="ptolemy.util.test.junit.AutoTests" name="[409] /home/travis/build/icyphy/ptII/ptolemy/actor/lib/test/auto/arrayType13.xml (RunModel)" time="0.01" />
  <testcase classname="ptolemy.util.test.junit.AutoTests" name="[410] /home/travis/build/icyphy/ptII/ptolemy/actor/lib/test/auto/arrayType14.xml (RunModel)" time="0.01" />
  <testcase classname="ptolemy.util.test.junit.AutoTests" name="[411] /home/travis/build/icyphy/ptII/ptolemy/actor/lib/test/auto/arrayType15.xml (RunModel)" time="0.009" />
  <testcase classname="ptolemy.util.test.junit.AutoTests" name="[412] /home/travis/build/icyphy/ptII/ptolemy/actor/lib/test/auto/arrayType16.xml (RunModel)" time="0.01" />
  <testcase classname="ptolemy.util.test.junit.AutoTests" name="[413] /home/travis/build/icyphy/ptII/ptolemy/actor/lib/test/auto/arrayType17.xml (RunModel)" time="0.01" />
  <testcase classname="ptolemy.util.test.junit.AutoTests" name="[414] /home/travis/build/icyphy/ptII/ptolemy/actor/lib/test/auto/arrayType18.xml (RunModel)" time="0.009" />
  <testcase classname="ptolemy.util.test.junit.AutoTests" name="[415] /home/travis/build/icyphy/ptII/ptolemy/actor/lib/test/auto/arrayType19.xml (RunModel)" time="0.009" />
  <testcase classname="ptolemy.util.test.junit.AutoTests" name="[416] /home/travis/build/icyphy/ptII/ptolemy/actor/lib/test/auto/arrayType2.xml (RunModel)" time="0.01" />
  <testcase classname="ptolemy.util.test.junit.AutoTests" name="[417] /home/travis/build/icyphy/ptII/ptolemy/actor/lib/test/auto/arrayType20.xml (RunModel)" time="0.01" />
  <testcase classname="ptolemy.util.test.junit.AutoTests" name="[418] /home/travis/build/icyphy/ptII/ptolemy/actor/lib/test/auto/arrayType21.xml (RunModel)" time="0.009" />
  <testcase classname="ptolemy.util.test.junit.AutoTests" name="[419] /home/travis/build/icyphy/ptII/ptolemy/actor/lib/test/auto/arrayType22.xml (RunModel)" time="0.009" />
  <testcase classname="ptolemy.util.test.junit.AutoTests" name="[420] /home/travis/build/icyphy/ptII/ptolemy/actor/lib/test/auto/arrayType23.xml (RunModel)" time="0.009" />
  <testcase classname="ptolemy.util.test.junit.AutoTests" name="[421] /home/travis/build/icyphy/ptII/ptolemy/actor/lib/test/auto/arrayType24.xml (RunModel)" time="0.009" />
  <testcase classname="ptolemy.util.test.junit.AutoTests" name="[422] /home/travis/build/icyphy/ptII/ptolemy/actor/lib/test/auto/arrayType25.xml (RunModel)" time="0.01" />
  <testcase classname="ptolemy.util.test.junit.AutoTests" name="[423] /home/travis/build/icyphy/ptII/ptolemy/actor/lib/test/auto/arrayType26.xml (RunModel)" time="0.01" />
  <testcase classname="ptolemy.util.test.junit.AutoTests" name="[424] /home/travis/build/icyphy/ptII/ptolemy/actor/lib/test/auto/arrayType27.xml (RunModel)" time="0.011" />
  <testcase classname="ptolemy.util.test.junit.AutoTests" name="[425] /home/travis/build/icyphy/ptII/ptolemy/actor/lib/test/auto/arrayType28.xml (RunModel)" time="0.011" />
  <testcase classname="ptolemy.util.test.junit.AutoTests" name="[426] /home/travis/build/icyphy/ptII/ptolemy/actor/lib/test/auto/arrayType3.xml (RunModel)" time="0.012" />
  <testcase classname="ptolemy.util.test.junit.AutoTests" name="[427] /home/travis/build/icyphy/ptII/ptolemy/actor/lib/test/auto/arrayType4.xml (RunModel)" time="0.011" />
  <testcase classname="ptolemy.util.test.junit.AutoTests" name="[428] /home/travis/build/icyphy/ptII/ptolemy/actor/lib/test/auto/arrayType5.xml (RunModel)" time="0.01" />
  <testcase classname="ptolemy.util.test.junit.AutoTests" name="[429] /home/travis/build/icyphy/ptII/ptolemy/actor/lib/test/auto/arrayType6.xml (RunModel)" time="0.01" />
  <testcase classname="ptolemy.util.test.junit.AutoTests" name="[430] /home/travis/build/icyphy/ptII/ptolemy/actor/lib/test/auto/arrayType7.xml (RunModel)" time="0.009" />
  <testcase classname="ptolemy.util.test.junit.AutoTests" name="[431] /home/travis/build/icyphy/ptII/ptolemy/actor/lib/test/auto/arrayType8.xml (RunModel)" time="0.01" />
  <testcase classname="ptolemy.util.test.junit.AutoTests" name="[432] /home/travis/build/icyphy/ptII/ptolemy/actor/lib/test/auto/arrayType9.xml (RunModel)" time="0.009" />
  <testcase classname="ptolemy.util.test.junit.AutoTests" name="[433] /home/travis/build/icyphy/ptII/ptolemy/actor/lib/test/auto/cast.xml (RunModel)" time="0.009" />
  <testcase classname="ptolemy.util.test.junit.AutoTests" name="[434] /home/travis/build/icyphy/ptII/ptolemy/actor/lib/test/auto/compositeMultiPort.xml (RunModel)" time="0.018" />
  <testcase classname="ptolemy.util.test.junit.AutoTests" name="[435] /home/travis/build/icyphy/ptII/ptolemy/actor/lib/test/auto/expressionCastInference.xml (RunModel)" time="0.008" />
  <testcase classname="ptolemy.util.test.junit.AutoTests" name="[436] /home/travis/build/icyphy/ptII/ptolemy/actor/lib/test/auto/expressionCastInference2.xml (RunModel)" time="0.008" />
  <testcase classname="ptolemy.util.test.junit.AutoTests" name="[437] /home/travis/build/icyphy/ptII/ptolemy/actor/lib/test/auto/expressionInference.xml (RunModel)" time="0.008" />
  <testcase classname="ptolemy.util.test.junit.AutoTests" name="[438] /home/travis/build/icyphy/ptII/ptolemy/actor/lib/test/auto/expression_bug.xml (RunModel)" time="0.007" />
  <testcase classname="ptolemy.util.test.junit.AutoTests" name="[439] /home/travis/build/icyphy/ptII/ptolemy/actor/lib/test/auto/factorial.xml (RunModel)" time="0.041" />
  <testcase classname="ptolemy.util.test.junit.AutoTests" name="[440] /home/travis/build/icyphy/ptII/ptolemy/actor/lib/test/auto/filterTest1.xml (RunModel)" time="0.016" />
  <testcase classname="ptolemy.util.test.junit.AutoTests" name="[441] /home/travis/build/icyphy/ptII/ptolemy/actor/lib/test/auto/funcApplyInConst.xml (RunModel)" time="0.006" />
  <testcase classname="ptolemy.util.test.junit.AutoTests" name="[442] /home/travis/build/icyphy/ptII/ptolemy/actor/lib/test/auto/funcApplyInExpr.xml (RunModel)" time="0.008" />
  <testcase classname="ptolemy.util.test.junit.AutoTests" name="[443] /home/travis/build/icyphy/ptII/ptolemy/actor/lib/test/auto/function.xml (RunModel)" time="0.01" />
  <testcase classname="ptolemy.util.test.junit.AutoTests" name="[444] /home/travis/build/icyphy/ptII/ptolemy/actor/lib/test/auto/function2.xml (RunModel)" time="0.009" />
  <testcase classname="ptolemy.util.test.junit.AutoTests" name="[445] /home/travis/build/icyphy/ptII/ptolemy/actor/lib/test/auto/function3.xml (RunModel)" time="0.009" />
  <testcase classname="ptolemy.util.test.junit.AutoTests" name="[446] /home/travis/build/icyphy/ptII/ptolemy/actor/lib/test/auto/functionClosureTest1.xml (RunModel)" time="0.011" />
  <testcase classname="ptolemy.util.test.junit.AutoTests" name="[447] /home/travis/build/icyphy/ptII/ptolemy/actor/lib/test/auto/functionClosureTest2.xml (RunModel)" time="0.014" />
  <testcase classname="ptolemy.util.test.junit.AutoTests" name="[448] /home/travis/build/icyphy/ptII/ptolemy/actor/lib/test/auto/functionClosureTest3.xml (RunModel)" time="0.011" />
  <testcase classname="ptolemy.util.test.junit.AutoTests" name="[449] /home/travis/build/icyphy/ptII/ptolemy/actor/lib/test/auto/functionClosureTest4.xml (RunModel)" time="0.017" />
  <testcase classname="ptolemy.util.test.junit.AutoTests" name="[450] /home/travis/build/icyphy/ptII/ptolemy/actor/lib/test/auto/functionClosureTest5.xml (RunModel)" time="0.015" />
  <testcase classname="ptolemy.util.test.junit.AutoTests" name="[451] /home/travis/build/icyphy/ptII/ptolemy/actor/lib/test/auto/functionClosureTest6.xml (RunModel)" time="0.009" />
  <testcase classname="ptolemy.util.test.junit.AutoTests" name="[452] /home/travis/build/icyphy/ptII/ptolemy/actor/lib/test/auto/functionsOnArcs.xml (RunModel)" time="0.01" />
  <testcase classname="ptolemy.util.test.junit.AutoTests" name="[453] /home/travis/build/icyphy/ptII/ptolemy/actor/lib/test/auto/functionsOnArcsHOF.xml (RunModel)" time="0.015" />
  <testcase classname="ptolemy.util.test.junit.AutoTests" name="[454] /home/travis/build/icyphy/ptII/ptolemy/actor/lib/test/auto/logic.xml (RunModel)" time="0.02" />
  <testcase classname="ptolemy.util.test.junit.AutoTests" name="[455] /home/travis/build/icyphy/ptII/ptolemy/actor/lib/test/auto/matrixType.xml (RunModel)" time="0.01" />
  <testcase classname="ptolemy.util.test.junit.AutoTests" name="[456] /home/travis/build/icyphy/ptII/ptolemy/actor/lib/test/auto/matrixType10.xml (RunModel)" time="0.01" />
  <testcase classname="ptolemy.util.test.junit.AutoTests" name="[457] /home/travis/build/icyphy/ptII/ptolemy/actor/lib/test/auto/matrixType11.xml (RunModel)" time="0.009" />
  <testcase classname="ptolemy.util.test.junit.AutoTests" name="[458] /home/travis/build/icyphy/ptII/ptolemy/actor/lib/test/auto/matrixType12.xml (RunModel)" time="0.012" />
  <testcase classname="ptolemy.util.test.junit.AutoTests" name="[459] /home/travis/build/icyphy/ptII/ptolemy/actor/lib/test/auto/matrixType13.xml (RunModel)" time="0.009" />
  <testcase classname="ptolemy.util.test.junit.AutoTests" name="[460] /home/travis/build/icyphy/ptII/ptolemy/actor/lib/test/auto/matrixType14.xml (RunModel)" time="0.01" />
  <testcase classname="ptolemy.util.test.junit.AutoTests" name="[461] /home/travis/build/icyphy/ptII/ptolemy/actor/lib/test/auto/matrixType2.xml (RunModel)" time="0.009" />
  <testcase classname="ptolemy.util.test.junit.AutoTests" name="[462] /home/travis/build/icyphy/ptII/ptolemy/actor/lib/test/auto/matrixType3.xml (RunModel)" time="0.011" />
  <testcase classname="ptolemy.util.test.junit.AutoTests" name="[463] /home/travis/build/icyphy/ptII/ptolemy/actor/lib/test/auto/matrixType4.xml (RunModel)" time="0.009" />
  <testcase classname="ptolemy.util.test.junit.AutoTests" name="[464] /home/travis/build/icyphy/ptII/ptolemy/actor/lib/test/auto/matrixType5.xml (RunModel)" time="0.009" />
  <testcase classname="ptolemy.util.test.junit.AutoTests" name="[465] /home/travis/build/icyphy/ptII/ptolemy/actor/lib/test/auto/matrixType6.xml (RunModel)" time="0.008" />
  <testcase classname="ptolemy.util.test.junit.AutoTests" name="[466] /home/travis/build/icyphy/ptII/ptolemy/actor/lib/test/auto/matrixType7.xml (RunModel)" time="0.01" />
  <testcase classname="ptolemy.util.test.junit.AutoTests" name="[467] /home/travis/build/icyphy/ptII/ptolemy/actor/lib/test/auto/matrixType8.xml (RunModel)" time="0.011" />
  <testcase classname="ptolemy.util.test.junit.AutoTests" name="[468] /home/travis/build/icyphy/ptII/ptolemy/actor/lib/test/auto/matrixType9.xml (RunModel)" time="0.01" />
  <testcase classname="ptolemy.util.test.junit.AutoTests" name="[469] /home/travis/build/icyphy/ptII/ptolemy/actor/lib/test/auto/paraFunctest.xml (RunModel)" time="0.008" />
  <testcase classname="ptolemy.util.test.junit.AutoTests" name="[470] /home/travis/build/icyphy/ptII/ptolemy/actor/lib/test/auto/paraFunctest2.xml (RunModel)" time="0.015" />
  <testcase classname="ptolemy.util.test.junit.AutoTests" name="[471] /home/travis/build/icyphy/ptII/ptolemy/actor/lib/test/auto/parameterPassing.xml (RunModel)" time="0.009" />
  <testcase classname="ptolemy.util.test.junit.AutoTests" name="[472] /home/travis/build/icyphy/ptII/ptolemy/actor/lib/test/auto/record.xml (RunModel)" time="0.011" />
  <testcase classname="ptolemy.util.test.junit.AutoTests" name="[473] /home/travis/build/icyphy/ptII/ptolemy/actor/lib/test/auto/sizedarray1.xml (RunModel)" time="0.01" />
  <testcase classname="ptolemy.util.test.junit.AutoTests" name="[474] /home/travis/build/icyphy/ptII/ptolemy/actor/lib/test/auto/sizedarray2.xml (RunModel)" time="0.013" />
  <testcase classname="ptolemy.util.test.junit.AutoTests" name="[475] /home/travis/build/icyphy/ptII/ptolemy/actor/lib/test/auto/twoPublishers.xml (RunModel)" time="0.025" />
  <system-out><![CDATA[/home/travis/build/icyphy/ptII/ptolemy/actor/lib/test/AbsoluteValue.tcl
testDefs.tcl: setting time out to 9000 seconds at Wed Jun 13 06:30:59 UTC 2018
80 ms. Memory: 116224K Free: 107782K (93%)
5 ms. Memory: 116224K Free: 106568K (92%)
5 ms. Memory: 116224K Free: 105932K (91%)
6 ms. Memory: 116224K Free: 105329K (91%)
/home/travis/build/icyphy/ptII/ptolemy/actor/lib/test/AddSubtract.tcl
9 ms. Memory: 116224K Free: 102891K (89%)
6 ms. Memory: 116224K Free: 102272K (88%)
7 ms. Memory: 116224K Free: 101661K (87%)
7 ms. Memory: 116224K Free: 100446K (86%)
7 ms. Memory: 116224K Free: 99851K (86%)
5 ms. Memory: 116224K Free: 99239K (85%)
/home/travis/build/icyphy/ptII/ptolemy/actor/lib/test/Average.tcl
8 ms. Memory: 116224K Free: 97421K (84%)
15 ms. Memory: 116224K Free: 96214K (83%)
/home/travis/build/icyphy/ptII/ptolemy/actor/lib/test/Bernoulli.tcl
5 ms. Memory: 116224K Free: 94412K (81%)
2 ms. Memory: 116224K Free: 94412K (81%)
/home/travis/build/icyphy/ptII/ptolemy/actor/lib/test/Clock.tcl
preinitializing
resolving types
initializing
executing number 1
wrapping up
idle
19 ms. Memory: 116224K Free: 92007K (79%)
Completed execution with 5 iterations
preinitializing
resolving types
initializing
executing number 1
wrapping up
idle
8 ms. Memory: 116224K Free: 90201K (78%)
Completed execution with 5 iterations
preinitializing
resolving types
initializing
executing number 1
wrapping up
idle
3 ms. Memory: 116224K Free: 89606K (77%)
Completed execution with 5 iterations
/home/travis/build/icyphy/ptII/ptolemy/actor/lib/test/Commutator.tcl
6 ms. Memory: 116224K Free: 87804K (76%)
5 ms. Memory: 116224K Free: 86605K (75%)
10 ms. Memory: 116224K Free: 82366K (71%)
/home/travis/build/icyphy/ptII/ptolemy/actor/lib/test/Const.tcl
14 ms. Memory: 116224K Free: 110836K (95%)
3 ms. Memory: 116224K Free: 110240K (95%)
2 ms. Memory: 116224K Free: 109629K (94%)
2 ms. Memory: 116224K Free: 109034K (94%)
2 ms. Memory: 116224K Free: 108223K (93%)
13 ms. Memory: 116224K Free: 106406K (92%)
4 ms. Memory: 116224K Free: 105795K (91%)
4 ms. Memory: 116224K Free: 104589K (90%)
/home/travis/build/icyphy/ptII/ptolemy/actor/lib/test/CurrentTime.tcl
preinitializing
resolving types
initializing
executing number 1
wrapping up
idle
8 ms. Memory: 116224K Free: 102771K (88%)
Completed execution with 11 iterations
/home/travis/build/icyphy/ptII/ptolemy/actor/lib/test/DB.tcl
4 ms. Memory: 116224K Free: 100970K (87%)
2 ms. Memory: 116224K Free: 100359K (86%)
6 ms. Memory: 116224K Free: 99756K (86%)
/home/travis/build/icyphy/ptII/ptolemy/actor/lib/test/DiscreteRandomSource.tcl
preinitializing
resolving types
initializing
executing number 1
wrapping up
idle
10 ms. Memory: 116224K Free: 98550K (85%)
Completed execution with 4 iterations
preinitializing
resolving types
initializing
executing number 1
wrapping up
idle
2 ms. Memory: 116224K Free: 97939K (84%)
Completed execution with 4 iterations
preinitializing
resolving types
initializing
executing number 1
wrapping up
idle
7 ms. Memory: 116224K Free: 97320K (84%)
Completed execution with 4 iterations
preinitializing
resolving types
initializing
executing number 1
wrapping up
idle
2 ms. Memory: 116224K Free: 97320K (84%)
Completed execution with 4 iterations
preinitializing
resolving types
initializing
executing number 1
wrapping up
idle
4 ms. Memory: 116224K Free: 96724K (83%)
Completed execution with 4 iterations
/home/travis/build/icyphy/ptII/ptolemy/actor/lib/test/Distributor.tcl
12 ms. Memory: 116224K Free: 94922K (82%)
4 ms. Memory: 116224K Free: 94303K (81%)
StreamChangeRequest.changeExecuted(): <deleteEntity name="rec2"/> succeeded
StreamChangeRequest.changeExecuted(): <deleteRelation name="r2"/> succeeded
StreamChangeRequest.changeExecuted(): Record firings per iteration succeeded
15 ms. Memory: 116224K Free: 91920K (79%)
/home/travis/build/icyphy/ptII/ptolemy/actor/lib/test/Exit.tcl
Exit.tcl: this will print a message about Manager.exitAfterWrapup, which can be ignored.
4 ms. Memory: 116224K Free: 88281K (76%)
/home/travis/build/icyphy/ptII/ptolemy/actor/lib/test/Expression.tcl
9 ms. Memory: 116224K Free: 85850K (74%)
6 ms. Memory: 116224K Free: 85254K (73%)
3 ms. Memory: 116224K Free: 84659K (73%)
preinitializing
resolving types
initializing
executing number 1
wrapping up
idle
5 ms. Memory: 116224K Free: 82826K (71%)
Completed execution with 6 iterations
4 ms. Memory: 116224K Free: 82199K (71%)
4 ms. Memory: 116224K Free: 81604K (70%)
16 ms. Memory: 116224K Free: 110184K (95%)
12 ms. Memory: 116224K Free: 109007K (94%)
5 ms. Memory: 116224K Free: 107683K (93%)
/home/travis/build/icyphy/ptII/ptolemy/actor/lib/test/Gaussian.tcl
4 ms. Memory: 116224K Free: 105917K (91%)
sleeping 1 seconds: ........................................................................................................................................................................................................................................................................................................................................................................................................................................................................................................................................................................................................................................................................................................................................................................................................................................................................................................................................................................................................................................................................................................................................................................................................................................................................................................................................................................................................................................................................................................................................................................................................................................................................................................................................................................................................................................................................................................................................................................................................................................................................................................................................................................................................................................................................................................................................................................................................................................................................................................................................................................................................................................................................................................................................................................................................................................................................................................................................................................................................................................................................................................................................................................................................................................................................................................................................................................................................................................................................................................................................................................................................................................................................................................................................................................................................................................................................................................................................................................................................................................................................................................................................................................................................................................................................................................................................................................................................................................................................................................................................................................................................................................................................................................................................................................................................................................................................................................................................................................................................................................................................................................................................................................................................................................................................................................................................................................................................................................................................................................................................................................................................................................................................................................................................................................................................................................................................................................................................................................................................................................................................................................................................................................................................................................................................................................................................................................................................................................................................................................................................................................................................................................................................................................................................................................................................................................................................................................................................................................................................................................................................................................................................................................................................................................................................................................................................................................................................................................................................................................................................................................................................................................................................................................................................................................................................................................................................................................................................................................................................................................................................................................................................................................................................................................................................................................................................................................................................................................................................................................................................................................................................................................................................................................................................................................................................................................................................................................................................................................................................................................................................................................................................................................................................................................................................................................................................................................................................................................................................................................................................................................................................................................................................................................................................................................................................................................................................................................................................................................................................................................................................................................................................................................................................................................................................................................................................................................................................................................................................................................................................................................................................................................................................................................................................................................................................................................................................................................................................................................................................................................................................................................................................................................................................................................................................................................................................................................................................................................................................................................................................................................................................................................................................................................................................................................................................................................................................................................................................................................................................................................................................................................................................................................................................................................................................................................................................................................................................................................................................................................................................................................................................................................................................................................................................................................................................................................................................................................................................................................................................................................................................................................................................................................................................................................................................................................................................................................................................................................................................................................................................................................................................................................................................................................................................................................................................................................................................................................................................................................................................................................................................................................................................................................................................................................................................................................................................................................................................................................................................................................................................................................................................................................................................................................................................................................................................................................................................................................................................................................................................................................................................................................................................................................................................................................................................................................................................................................................................................................................................................................................................................................................................................................................................................................................................................................................................................................................................................................................................................................................................................................................................................................................................................................................................................................................................................................................................................................................................................................................................................................................................................................................................................................................................................................................................................................................................................................................................................................................................................................................................................................................................................................................................................................................................................................................................................................................................................................................................................................................................................................................................................................................................................................................................................................................................................................................................................................................................................................................................................................................................................................................................................................................................................................................................................................................................................................................................................................................................................................................................................................................................................................................................................................................................................................................................................................................................................................................................................................................................................................................................................................................................................................................................................................................................................................................................................................................................................................................................................................................................................................................................................................................................................................................................................................................................................................................................................................................................................................................................................................................................................................................................................................................................................................................................................................................................................................................................................................................................................................................................................................................................................................................................................................................................................................................................................................................................................................................................................................................................................................................................................................................................................................................................................................................................................................................................................................................................................................................................................................................................................................................................................................................................................................................................................................................................................................................................................................................................................................................................................................................................................................................................................................................................................................................................................................................................................................................................................................................................................................................................................................................................................................................................................................................................................................................................................................................................................................................................................................................................................................................................................................................................................................................................................................................................................................................................................................................................................................................................................................................................................................................................................................................................................................................................................................................................................................................................................................................................................................................................................................................................................................................................................................................3 ms. Memory: 146944K Free: 129781K (88%)
3 ms. Memory: 146944K Free: 128575K (87%)
2 ms. Memory: 146944K Free: 127369K (87%)
5 ms. Memory: 146944K Free: 127200K (87%)
3 ms. Memory: 146944K Free: 127200K (87%)
/home/travis/build/icyphy/ptII/ptolemy/actor/lib/test/IIR.tcl
/home/travis/build/icyphy/ptII/ptolemy/actor/lib/test/Interpolator.tcl
4 ms. Memory: 146944K Free: 122377K (83%)
2 ms. Memory: 146944K Free: 122377K (83%)
2 ms. Memory: 146944K Free: 121171K (82%)
2 ms. Memory: 146944K Free: 121171K (82%)
3 ms. Memory: 146944K Free: 119966K (82%)
3 ms. Memory: 146944K Free: 118760K (81%)
2 ms. Memory: 146944K Free: 118760K (81%)
3 ms. Memory: 146944K Free: 117554K (80%)
2 ms. Memory: 146944K Free: 116348K (79%)
3 ms. Memory: 146944K Free: 115143K (78%)
/home/travis/build/icyphy/ptII/ptolemy/actor/lib/test/MathFunction.tcl
9 ms. Memory: 146944K Free: 113937K (78%)
3 ms. Memory: 146944K Free: 112731K (77%)
3 ms. Memory: 146944K Free: 111525K (76%)
2 ms. Memory: 146944K Free: 110320K (75%)
4 ms. Memory: 146944K Free: 109114K (74%)
14 ms. Memory: 146944K Free: 106702K (73%)
/home/travis/build/icyphy/ptII/ptolemy/actor/lib/test/Maximum.tcl
6 ms. Memory: 146944K Free: 105497K (72%)
6 ms. Memory: 146944K Free: 104291K (71%)
8 ms. Memory: 146944K Free: 104291K (71%)
7 ms. Memory: 146944K Free: 103085K (70%)
/home/travis/build/icyphy/ptII/ptolemy/actor/lib/test/Minimum.tcl
3 ms. Memory: 146944K Free: 101879K (69%)
2 ms. Memory: 146944K Free: 100674K (69%)
1 ms. Memory: 146944K Free: 100674K (69%)
3 ms. Memory: 146944K Free: 99468K (68%)
/home/travis/build/icyphy/ptII/ptolemy/actor/lib/test/MultiplyDivide.tcl
12 ms. Memory: 146944K Free: 97056K (66%)
10 ms. Memory: 146944K Free: 97056K (66%)
2 ms. Memory: 146944K Free: 95851K (65%)
8 ms. Memory: 146944K Free: 95851K (65%)
2 ms. Memory: 146944K Free: 94645K (64%)
/home/travis/build/icyphy/ptII/ptolemy/actor/lib/test/OrderedMerge.tcl
Connections changed on port: inputA
Connections changed on port: inputB
Connections changed on port: output
Connections changed on port: output
Connections changed on port: output
Connections changed on port: input
.top. Preinitializing ...
Invoking preinitialize():  .top.OrderedMerge
Called preinitialize()
Invoking preinitialize():  .top.Ramp
Called preinitialize()
Invoking preinitialize():  .top.Ramp2
Called preinitialize()
Invoking preinitialize():  .top.Test
Called preinitialize()
Connections changed on port: inputA
Connections changed on port: output
Connections changed on port: inputB
Connections changed on port: output
Connections changed on port: output
Connections changed on port: input
.top. Finished preinitialize().
Called initialize().
Invoking initialize():  .top.OrderedMerge
Initializing actor: .top.OrderedMerge
Adding a thread: .top.OrderedMerge
Invoking initialize():  .top.Ramp
Initializing actor: .top.Ramp
Adding a thread: .top.Ramp
Invoking initialize():  .top.Ramp2
Initializing actor: .top.Ramp2
Adding a thread: .top.Ramp2
Invoking initialize():  .top.Test
Initializing actor: .top.Test
Adding a thread: .top.Test
-- Starting thread.
Called initialize()
Called prefire()
Called fire()
-- Starting thread.
Called initialize()
Called prefire()
Called fire()
Called postfire()
Called prefire()
Called fire()
-- Starting thread.
Called initialize()
Called prefire()
Called fire()
Called postfire()
Called prefire()
Called fire()
Called fire().
Checking for deadlock:
There are 3 Blocked actors, 0 Stopped actors, and 4 active threads.
Waiting for actors to stop.
-- Starting thread.
Called initialize()
Called prefire()
Called fire()
Checking for deadlock:
There are 2 Blocked actors, 0 Stopped actors, and 4 active threads.
Waiting for actors to stop.
Called postfire()
Called prefire()
Called fire()
Checking for deadlock:
There are 3 Blocked actors, 0 Stopped actors, and 4 active threads.
Waiting for actors to stop.
Read input token from inputA with value 0.0
Next port to read input from is inputB
Called postfire()
Called prefire()
Called fire()
Read input token from inputB with value 0.0
Called postfire()
Called prefire()
Called fire()
Checking for deadlock:
Sent output token with value 0.0
There are 2 Blocked actors, 0 Stopped actors, and 4 active threads.
Waiting for actors to stop.
Next port to read input from is inputA
Called postfire()
Called prefire()
Called fire()
-- Read input: 0.0, which is expected to match: 0.0
Checking for deadlock:
There are 1 Blocked actors, 0 Stopped actors, and 4 active threads.
Waiting for actors to stop.
Called prefire()
Called fire()
Called postfire()
Called prefire()
Checking for deadlock:
There are 2 Blocked actors, 0 Stopped actors, and 4 active threads.
Waiting for actors to stop.
Called fire()
Checking for deadlock:
There are 3 Blocked actors, 0 Stopped actors, and 4 active threads.
Read input token from inputA with value 1.0
Waiting for actors to stop.
Sent output token with value 0.0
-- Read input: 0.0, which is expected to match: 0.0
Called prefire()
Called fire()
Checking for deadlock:
There are 3 Blocked actors, 0 Stopped actors, and 4 active threads.
Waiting for actors to stop.
Next port to read input from is inputB
Called postfire()
Called prefire()
Called fire()
Checking for deadlock:
There are 2 Blocked actors, 0 Stopped actors, and 4 active threads.
Waiting for actors to stop.
Read input token from inputB with value 1.5
Called postfire()
Called prefire()
Called fire()
Checking for deadlock:
-- Read input: 1.0, which is expected to match: 1.0
There are 2 Blocked actors, 0 Stopped actors, and 4 active threads.
Waiting for actors to stop.
Called prefire()
Called fire()
Checking for deadlock:
There are 3 Blocked actors, 0 Stopped actors, and 4 active threads.
Waiting for actors to stop.
Sent output token with value 1.0
Next port to read input from is inputA
Called postfire()
Called prefire()
Called fire()
Checking for deadlock:
There are 2 Blocked actors, 0 Stopped actors, and 4 active threads.
Waiting for actors to stop.
Read input token from inputA with value 2.0
Called postfire()
Called prefire()
Called fire()
Sent output token with value 1.5
Next port to read input from is inputB
Called postfire()
Called prefire()
Called fire()
-- Read input: 1.5, which is expected to match: 1.5
Called prefire()
Called fire()
Checking for deadlock:
There are 2 Blocked actors, 0 Stopped actors, and 4 active threads.
Waiting for actors to stop.
Called postfire()
Called prefire()
Called fire()
Checking for deadlock:
There are 3 Blocked actors, 0 Stopped actors, and 4 active threads.
Waiting for actors to stop.
Read input token from inputB with value 3.0
Sent output token with value 2.0
-- Read input: 2.0, which is expected to match: 2.0
Called prefire()
Next port to read input from is inputA
Called postfire()
Called fire()
Called prefire()
Called fire()
Checking for deadlock:
There are 3 Blocked actors, 0 Stopped actors, and 4 active threads.
Waiting for actors to stop.
Called postfire()
Called prefire()
Called fire()
Checking for deadlock:
There are 3 Blocked actors, 0 Stopped actors, and 4 active threads.
Waiting for actors to stop.
Read input token from inputA with value 3.0
Sent output token with value 3.0
-- Read input: 3.0, which is expected to match: 3.0
Called prefire()
Called fire()
Checking for deadlock:
There are 3 Blocked actors, 0 Stopped actors, and 4 active threads.
Waiting for actors to stop.
Next port to read input from is inputB
Called postfire()
Called prefire()
Called fire()
Called postfire()
Called prefire()
Called fire()
Checking for deadlock:
There are 3 Blocked actors, 0 Stopped actors, and 4 active threads.
Waiting for actors to stop.
Read input token from inputB with value 4.5
Sent output token with value 3.0
-- Read input: 3.0, which is expected to match: 3.0
Called prefire()
Called fire()
Next port to read input from is inputA
Called postfire()
Called prefire()
Called fire()
Checking for deadlock:
There are 3 Blocked actors, 0 Stopped actors, and 4 active threads.
Waiting for actors to stop.
Called postfire()
Called prefire()
Called fire()
Checking for deadlock:
There are 3 Blocked actors, 0 Stopped actors, and 4 active threads.
Waiting for actors to stop.
Read input token from inputA with value 4.0
Sent output token with value 4.0
Next port to read input from is inputA
Called postfire()
-- Read input: 4.0, which is expected to match: 4.0
Called prefire()
Called fire()
Called prefire()
Called fire()
Past the end of training data. Read and discard all inputs.
Read input token from inputA with value 5.0
Checking for deadlock:
There are 2 Blocked actors, 0 Stopped actors, and 4 active threads.
Waiting for actors to stop.
Called postfire()
Called prefire()
Called fire()
Checking for deadlock:
There are 2 Blocked actors, 0 Stopped actors, and 4 active threads.
Waiting for actors to stop.
Sent output token with value 4.5
Called prefire()
Called fire()
Next port to read input from is inputB
Called postfire()
Past the end of training data. Read and discard all inputs.
Called prefire()
Called fire()
Read input token from inputB with value 6.0
Checking for deadlock:
There are 2 Blocked actors, 0 Stopped actors, and 4 active threads.
Waiting for actors to stop.
Called postfire()
Called prefire()
Called fire()
Called prefire()
Called fire()
Past the end of training data. Read and discard all inputs.
Checking for deadlock:
There are 3 Blocked actors, 0 Stopped actors, and 4 active threads.
Waiting for actors to stop.
Sent output token with value 5.0
Next port to read input from is inputA
Called postfire()
Called prefire()
Called fire()
Called postfire()
Read input token from inputA with value 6.0
Called prefire()
Called fire()
Checking for deadlock:
There are 3 Blocked actors, 0 Stopped actors, and 4 active threads.
Waiting for actors to stop.
Checking for deadlock:
Called prefire()
There are 2 Blocked actors, 0 Stopped actors, and 4 active threads.
Waiting for actors to stop.
Called fire()
Sent output token with value 6.0
Past the end of training data. Read and discard all inputs.
Checking for deadlock:
Next port to read input from is inputB
There are 3 Blocked actors, 0 Stopped actors, and 4 active threads.
Waiting for actors to stop.
Called postfire()
Called prefire()
Called fire()
Called postfire()
Called prefire()
Called fire()
Checking for deadlock:
There are 3 Blocked actors, 0 Stopped actors, and 4 active threads.
Waiting for actors to stop.
Read input token from inputB with value 7.5
Sent output token with value 6.0
Checking for deadlock:
There are 2 Blocked actors, 0 Stopped actors, and 4 active threads.
Waiting for actors to stop.
Called prefire()
Called fire()
Past the end of training data. Read and discard all inputs.
Checking for deadlock:
There are 3 Blocked actors, 0 Stopped actors, and 4 active threads.
Waiting for actors to stop.
Next port to read input from is inputA
Called postfire()
Called prefire()
Called fire()
Checking for deadlock:
There are 2 Blocked actors, 0 Stopped actors, and 4 active threads.
Waiting for actors to stop.
Read input token from inputA with value 7.0
Sent output token with value 7.0
Next port to read input from is inputA
Called postfire()
Checking for deadlock:
There are 1 Blocked actors, 0 Stopped actors, and 4 active threads.
Waiting for actors to stop.
Called prefire()
Called fire()
Past the end of training data. Read and discard all inputs.
Checking for deadlock:
There are 2 Blocked actors, 0 Stopped actors, and 4 active threads.
Waiting for actors to stop.
Called postfire()
Called prefire()
Called fire()
Checking for deadlock:
There are 3 Blocked actors, 0 Stopped actors, and 4 active threads.
Waiting for actors to stop.
Called prefire()
Called fire()
Checking for deadlock:
There are 2 Blocked actors, 0 Stopped actors, and 4 active threads.
Waiting for actors to stop.
Read input token from inputA with value 8.0
-- Thread wrapup() called.
Called wrapup()
Thread .top.Ramp is exiting.
-- Thread stopped.
Checking for deadlock:
There are 2 Blocked actors, 0 Stopped actors, and 3 active threads.
Waiting for actors to stop.
Sent output token with value 7.5
Called prefire()
Called fire()
Past the end of training data. Read and discard all inputs.
Next port to read input from is inputB
Called postfire()
Called prefire()
Called fire()
Checking for deadlock:
There are 2 Blocked actors, 0 Stopped actors, and 3 active threads.
Waiting for actors to stop.
Checking for deadlock:
There are 1 Blocked actors, 0 Stopped actors, and 3 active threads.
Waiting for actors to stop.
Read input token from inputB with value 9.0
Called postfire()
Called prefire()
Called fire()
Checking for deadlock:
There are 2 Blocked actors, 0 Stopped actors, and 3 active threads.
Waiting for actors to stop.
Checking for deadlock:
There are 1 Blocked actors, 0 Stopped actors, and 3 active threads.
Waiting for actors to stop.
Sent output token with value 8.0
Called prefire()
Called fire()
Past the end of training data. Read and discard all inputs.
Next port to read input from is inputA
Called postfire()
Checking for deadlock:
There are 2 Blocked actors, 0 Stopped actors, and 3 active threads.
Waiting for actors to stop.
Called prefire()
Called fire()
Read input token from inputA with value 9.0
Checking for deadlock:
There are 1 Blocked actors, 0 Stopped actors, and 3 active threads.
Waiting for actors to stop.
Sent output token with value 9.0
Called prefire()
Called fire()
Past the end of training data. Read and discard all inputs.
Next port to read input from is inputB
Called postfire()
Checking for deadlock:
There are 2 Blocked actors, 0 Stopped actors, and 3 active threads.
Called prefire()
Waiting for actors to stop.
Called fire()
Checking for deadlock:
There are 1 Blocked actors, 0 Stopped actors, and 3 active threads.
Waiting for actors to stop.
Read input token from inputB with value 10.5
Called postfire()
Called prefire()
Called fire()
Checking for deadlock:
There are 2 Blocked actors, 0 Stopped actors, and 3 active threads.
Waiting for actors to stop.
Checking for deadlock:
There are 1 Blocked actors, 0 Stopped actors, and 3 active threads.
Waiting for actors to stop.
Sent output token with value 9.0
Called prefire()
Called fire()
Past the end of training data. Read and discard all inputs.
Checking for deadlock:
There are 2 Blocked actors, 0 Stopped actors, and 3 active threads.
Waiting for actors to stop.
Next port to read input from is inputA
Called postfire()
Called prefire()
Called fire()
Checking for deadlock:
There are 3 Blocked actors, 0 Stopped actors, and 3 active threads.
Actors have stopped.
Checking for deadlock:
There are 3 Blocked actors, 0 Stopped actors, and 3 active threads.
Deadlock detected.
Resolving Deadlock
Checking for deadlock:
There are 3 Blocked actors, 0 Stopped actors, and 3 active threads.
Artificial Deadlock - increasing queue capacity.
increasing the capacity of receiver ptolemy.actor.TypedIOPort {.top.OrderedMerge.inputB} to 2
Director: Called postfire().
Called postfire().
_stopRequested = false
_stopFireRequested = false
Returning from postfire(): true
Called fire().
Checking for deadlock:
There are 2 Blocked actors, 0 Stopped actors, and 3 active threads.
Waiting for actors to stop.
-- Thread wrapup() called.
Called wrapup()
Thread .top.Ramp2 is exiting.
-- Thread stopped.
Checking for deadlock:
There are 2 Blocked actors, 0 Stopped actors, and 2 active threads.
Actors have stopped.
Checking for deadlock:
There are 2 Blocked actors, 0 Stopped actors, and 2 active threads.
Deadlock detected.
Resolving Deadlock
Checking for deadlock:
There are 2 Blocked actors, 0 Stopped actors, and 2 active threads.
Deadlock detected: no processes blocked on write, but some are blocked on read.
Called postfire().
_stopRequested = false
_stopFireRequested = false
Returning from postfire(): false
Finished deactivating branches.
Called wrapup().
-- Thread wrapup() called.
Called wrapup()
Thread .top.OrderedMerge is exiting.
-- Thread wrapup() called.
-- Thread stopped.
Called wrapup()
-- Blocked Receiver call threw TerminateProcessException.
Thread .top.Test is exiting.
-- Thread stopped.
-- Blocked Receiver call threw TerminateProcessException.
57 ms. Memory: 146944K Free: 89776K (61%)
.top. Preinitializing ...
Invoking preinitialize():  .top.OrderedMerge
Called preinitialize()
Invoking preinitialize():  .top.Ramp
Called preinitialize()
Invoking preinitialize():  .top.Ramp2
Called preinitialize()
Invoking preinitialize():  .top.Test
Called preinitialize()
.top. Finished preinitialize().
Called initialize().
Invoking initialize():  .top.OrderedMerge
Initializing actor: .top.OrderedMerge
Adding a thread: .top.OrderedMerge
Invoking initialize():  .top.Ramp
Initializing actor: .top.Ramp
Adding a thread: .top.Ramp
Invoking initialize():  .top.Ramp2
Initializing actor: .top.Ramp2
Adding a thread: .top.Ramp2
Invoking initialize():  .top.Test
Initializing actor: .top.Test
Adding a thread: .top.Test
-- Starting thread.
Called initialize()
Called prefire()
Called fire()
Called postfire()
Called prefire()
Called fire()
-- Starting thread.
Called initialize()
Called prefire()
Called fire()
-- Starting thread.
Called initialize()
Called prefire()
Called fire()
Called postfire()
Called prefire()
Called fire()
Called fire().
Checking for deadlock:
There are 3 Blocked actors, 0 Stopped actors, and 4 active threads.
Waiting for actors to stop.
-- Starting thread.
Called initialize()
Called prefire()
Called fire()
Checking for deadlock:
There are 2 Blocked actors, 0 Stopped actors, and 4 active threads.
Waiting for actors to stop.
Read input token from inputA with value 0.0
Next port to read input from is inputB
Called postfire()
Called prefire()
Called fire()
Read input token from inputB with value 0.0
Sent output token with value 0.0
Next port to read input from is inputA
Called postfire()
Called prefire()
Called fire()
Called postfire()
Called prefire()
Called fire()
Called postfire()
Called prefire()
Called fire()
Read input token from inputA with value 1.0
Checking for deadlock:
There are 1 Blocked actors, 0 Stopped actors, and 4 active threads.
-- Read input: 0.0, which is expected to match: 0.0
Waiting for actors to stop.
Called prefire()
Called fire()
Sent output token with value 0.0
Next port to read input from is inputB
Called postfire()
Called prefire()
Called fire()
Read input token from inputB with value 1.5
Called postfire()
Called prefire()
Called fire()
Called postfire()
Called prefire()
Called fire()
Checking for deadlock:
There are 2 Blocked actors, 0 Stopped actors, and 4 active threads.
Waiting for actors to stop.
-- Read input: 0.0, which is expected to match: 0.0
Called prefire()
Called fire()
Sent output token with value 1.0
Next port to read input from is inputA
Called postfire()
Called prefire()
Called fire()
Read input token from inputA with value 2.0
Called postfire()
Called prefire()
Called fire()
Checking for deadlock:
There are 2 Blocked actors, 0 Stopped actors, and 4 active threads.
Waiting for actors to stop.
-- Read input: 1.0, which is expected to match: 1.0
Called prefire()
Called fire()
Sent output token with value 1.5
Next port to read input from is inputB
Called postfire()
Called prefire()
Called fire()
Read input token from inputB with value 3.0
Checking for deadlock:
There are 2 Blocked actors, 0 Stopped actors, and 4 active threads.
Waiting for actors to stop.
Called postfire()
Called prefire()
Called fire()
Checking for deadlock:
There are 3 Blocked actors, 0 Stopped actors, and 4 active threads.
Waiting for actors to stop.
-- Read input: 1.5, which is expected to match: 1.5
Called prefire()
Called fire()
Checking for deadlock:
There are 3 Blocked actors, 0 Stopped actors, and 4 active threads.
Waiting for actors to stop.
Sent output token with value 2.0
Next port to read input from is inputA
Called postfire()
Called prefire()
Called fire()
Read input token from inputA with value 3.0
Checking for deadlock:
There are 2 Blocked actors, 0 Stopped actors, and 4 active threads.
Waiting for actors to stop.
Called postfire()
Called prefire()
Called fire()
-- Read input: 2.0, which is expected to match: 2.0
Called prefire()
Called fire()
Checking for deadlock:
There are 3 Blocked actors, 0 Stopped actors, and 4 active threads.
Waiting for actors to stop.
Sent output token with value 3.0
Next port to read input from is inputB
Called postfire()
Called prefire()
Called fire()
Read input token from inputB with value 4.5
Checking for deadlock:
There are 2 Blocked actors, 0 Stopped actors, and 4 active threads.
Waiting for actors to stop.
Called postfire()
Called prefire()
Called fire()
Checking for deadlock:
There are 3 Blocked actors, 0 Stopped actors, and 4 active threads.
Waiting for actors to stop.
-- Read input: 3.0, which is expected to match: 3.0
Called prefire()
Called fire()
Checking for deadlock:
There are 3 Blocked actors, 0 Stopped actors, and 4 active threads.
Waiting for actors to stop.
Checking for deadlock:
There are 2 Blocked actors, 0 Stopped actors, and 4 active threads.
Waiting for actors to stop.
-- Read input: 3.0, which is expected to match: 3.0
Called prefire()
Called fire()
Checking for deadlock:
There are 3 Blocked actors, 0 Stopped actors, and 4 active threads.
Waiting for actors to stop.
Sent output token with value 3.0
Next port to read input from is inputA
Called postfire()
Called prefire()
Called fire()
Checking for deadlock:
There are 2 Blocked actors, 0 Stopped actors, and 4 active threads.
Waiting for actors to stop.
Called postfire()
Called prefire()
Called fire()
Checking for deadlock:
There are 3 Blocked actors, 0 Stopped actors, and 4 active threads.
Waiting for actors to stop.
Read input token from inputA with value 4.0
Checking for deadlock:
There are 2 Blocked actors, 0 Stopped actors, and 4 active threads.
Waiting for actors to stop.
-- Read input: 4.0, which is expected to match: 4.0
Called prefire()
Called fire()
Past the end of training data. Read and discard all inputs.
Checking for deadlock:
There are 3 Blocked actors, 0 Stopped actors, and 4 active threads.
Waiting for actors to stop.
Sent output token with value 4.0
Next port to read input from is inputA
Called postfire()
Called prefire()
Called fire()
Checking for deadlock:
There are 2 Blocked actors, 0 Stopped actors, and 4 active threads.
Waiting for actors to stop.
Called postfire()
Called prefire()
Called fire()
Checking for deadlock:
There are 3 Blocked actors, 0 Stopped actors, and 4 active threads.
Waiting for actors to stop.
Read input token from inputA with value 5.0
Checking for deadlock:
There are 2 Blocked actors, 0 Stopped actors, and 4 active threads.
Waiting for actors to stop.
Called prefire()
Called fire()
Past the end of training data. Read and discard all inputs.
Checking for deadlock:
There are 3 Blocked actors, 0 Stopped actors, and 4 active threads.
Waiting for actors to stop.
Sent output token with value 4.5
Next port to read input from is inputB
Called postfire()
Called prefire()
Called fire()
Checking for deadlock:
There are 2 Blocked actors, 0 Stopped actors, and 4 active threads.
Waiting for actors to stop.
Called postfire()
Called prefire()
Called fire()
Checking for deadlock:
There are 3 Blocked actors, 0 Stopped actors, and 4 active threads.
Waiting for actors to stop.
Read input token from inputB with value 6.0
Checking for deadlock:
There are 2 Blocked actors, 0 Stopped actors, and 4 active threads.
Waiting for actors to stop.
Called prefire()
Called fire()
Past the end of training data. Read and discard all inputs.
Checking for deadlock:
There are 3 Blocked actors, 0 Stopped actors, and 4 active threads.
Waiting for actors to stop.
Sent output token with value 5.0
Next port to read input from is inputA
Called postfire()
Called prefire()
Called fire()
Checking for deadlock:
There are 2 Blocked actors, 0 Stopped actors, and 4 active threads.
Waiting for actors to stop.
Called postfire()
Called prefire()
Called fire()
Checking for deadlock:
There are 3 Blocked actors, 0 Stopped actors, and 4 active threads.
Waiting for actors to stop.
Read input token from inputA with value 6.0
Checking for deadlock:
There are 2 Blocked actors, 0 Stopped actors, and 4 active threads.
Waiting for actors to stop.
Called prefire()
Called fire()
Past the end of training data. Read and discard all inputs.
Checking for deadlock:
There are 3 Blocked actors, 0 Stopped actors, and 4 active threads.
Waiting for actors to stop.
Sent output token with value 6.0
Next port to read input from is inputB
Called postfire()
Called prefire()
Called fire()
Checking for deadlock:
There are 2 Blocked actors, 0 Stopped actors, and 4 active threads.
Waiting for actors to stop.
Called postfire()
Called prefire()
Called fire()
Checking for deadlock:
There are 3 Blocked actors, 0 Stopped actors, and 4 active threads.
Waiting for actors to stop.
Read input token from inputB with value 7.5
Checking for deadlock:
There are 2 Blocked actors, 0 Stopped actors, and 4 active threads.
Waiting for actors to stop.
Called prefire()
Called fire()
Past the end of training data. Read and discard all inputs.
Checking for deadlock:
There are 3 Blocked actors, 0 Stopped actors, and 4 active threads.
Waiting for actors to stop.
Sent output token with value 6.0
Next port to read input from is inputA
Called postfire()
Called prefire()
Called fire()
Checking for deadlock:
There are 2 Blocked actors, 0 Stopped actors, and 4 active threads.
Waiting for actors to stop.
Called postfire()
Called prefire()
Called fire()
Checking for deadlock:
There are 3 Blocked actors, 0 Stopped actors, and 4 active threads.
Waiting for actors to stop.
Read input token from inputA with value 7.0
Checking for deadlock:
There are 2 Blocked actors, 0 Stopped actors, and 4 active threads.
Waiting for actors to stop.
Called prefire()
Called fire()
Past the end of training data. Read and discard all inputs.
Checking for deadlock:
There are 3 Blocked actors, 0 Stopped actors, and 4 active threads.
Waiting for actors to stop.
Sent output token with value 7.0
Next port to read input from is inputA
Called postfire()
Called prefire()
Called fire()
Checking for deadlock:
There are 2 Blocked actors, 0 Stopped actors, and 4 active threads.
Waiting for actors to stop.
-- Thread wrapup() called.
Called wrapup()
Thread .top.Ramp is exiting.
-- Thread stopped.
Checking for deadlock:
There are 2 Blocked actors, 0 Stopped actors, and 3 active threads.
Waiting for actors to stop.
Read input token from inputA with value 8.0
Checking for deadlock:
There are 1 Blocked actors, 0 Stopped actors, and 3 active threads.
Waiting for actors to stop.
Called prefire()
Called fire()
Past the end of training data. Read and discard all inputs.
Checking for deadlock:
There are 2 Blocked actors, 0 Stopped actors, and 3 active threads.
Waiting for actors to stop.
Sent output token with value 7.5
Next port to read input from is inputB
Called postfire()
Called prefire()
Called fire()
Checking for deadlock:
There are 1 Blocked actors, 0 Stopped actors, and 3 active threads.
Waiting for actors to stop.
Called postfire()
Called prefire()
Called fire()
Checking for deadlock:
There are 2 Blocked actors, 0 Stopped actors, and 3 active threads.
Waiting for actors to stop.
Read input token from inputB with value 9.0
Checking for deadlock:
There are 1 Blocked actors, 0 Stopped actors, and 3 active threads.
Waiting for actors to stop.
Called prefire()
Called fire()
Past the end of training data. Read and discard all inputs.
Checking for deadlock:
There are 2 Blocked actors, 0 Stopped actors, and 3 active threads.
Waiting for actors to stop.
Sent output token with value 8.0
Next port to read input from is inputA
Called postfire()
Called prefire()
Called fire()
Read input token from inputA with value 9.0
Checking for deadlock:
There are 1 Blocked actors, 0 Stopped actors, and 3 active threads.
Waiting for actors to stop.
Called prefire()
Called fire()
Past the end of training data. Read and discard all inputs.
Checking for deadlock:
There are 2 Blocked actors, 0 Stopped actors, and 3 active threads.
Waiting for actors to stop.
Sent output token with value 9.0
Next port to read input from is inputB
Called postfire()
Called prefire()
Called fire()
Checking for deadlock:
There are 1 Blocked actors, 0 Stopped actors, and 3 active threads.
Waiting for actors to stop.
Called postfire()
Called prefire()
Called fire()
Checking for deadlock:
There are 2 Blocked actors, 0 Stopped actors, and 3 active threads.
Waiting for actors to stop.
Read input token from inputB with value 10.5
Checking for deadlock:
There are 1 Blocked actors, 0 Stopped actors, and 3 active threads.
Waiting for actors to stop.
Called prefire()
Called fire()
Past the end of training data. Read and discard all inputs.
Checking for deadlock:
There are 2 Blocked actors, 0 Stopped actors, and 3 active threads.
Waiting for actors to stop.
Sent output token with value 9.0
Next port to read input from is inputA
Called postfire()
Called prefire()
Called fire()
Checking for deadlock:
There are 3 Blocked actors, 0 Stopped actors, and 3 active threads.
Actors have stopped.
Checking for deadlock:
There are 3 Blocked actors, 0 Stopped actors, and 3 active threads.
Deadlock detected.
Resolving Deadlock
Checking for deadlock:
There are 3 Blocked actors, 0 Stopped actors, and 3 active threads.
Artificial Deadlock - increasing queue capacity.
increasing the capacity of receiver ptolemy.actor.TypedIOPort {.top.OrderedMerge.inputB} to 2
Director: Called postfire().
Called postfire().
_stopRequested = false
_stopFireRequested = false
Returning from postfire(): true
Called fire().
Checking for deadlock:
There are 2 Blocked actors, 0 Stopped actors, and 3 active threads.
Waiting for actors to stop.
-- Thread wrapup() called.
Called wrapup()
Thread .top.Ramp2 is exiting.
-- Thread stopped.
Checking for deadlock:
There are 2 Blocked actors, 0 Stopped actors, and 2 active threads.
Actors have stopped.
Checking for deadlock:
There are 2 Blocked actors, 0 Stopped actors, and 2 active threads.
Deadlock detected.
Resolving Deadlock
Checking for deadlock:
There are 2 Blocked actors, 0 Stopped actors, and 2 active threads.
Deadlock detected: no processes blocked on write, but some are blocked on read.
Called postfire().
_stopRequested = false
_stopFireRequested = false
Returning from postfire(): false
Finished deactivating branches.
Called wrapup().
-- Thread wrapup() called.
Called wrapup()
Thread .top.Test is exiting.
-- Thread stopped.
-- Blocked Receiver call threw TerminateProcessException.
-- Thread wrapup() called.
Called wrapup()
Thread .top.OrderedMerge is exiting.
32 ms. Memory: 146944K Free: 87318K (59%)
/home/travis/build/icyphy/ptII/ptolemy/actor/lib/test/Publisher.tcl
-- Thread stopped.
-- Blocked Receiver call threw TerminateProcessException.
15 ms. Memory: 146944K Free: 80398K (55%)
8 ms. Memory: 207872K Free: 194280K (93%)
7 ms. Memory: 207872K Free: 191928K (92%)
15 ms. Memory: 207872K Free: 189577K (91%)
2 ms. Memory: 207872K Free: 189577K (91%)
9 ms. Memory: 207872K Free: 187225K (90%)
2 ms. Memory: 207872K Free: 187225K (90%)
9 ms. Memory: 207872K Free: 187225K (90%)
1 ms. Memory: 207872K Free: 177817K (86%)
5 ms. Memory: 207872K Free: 173114K (83%)
4 ms. Memory: 207872K Free: 173114K (83%)
1 ms. Memory: 207872K Free: 170762K (82%)
6 ms. Memory: 207872K Free: 161355K (78%)
6 ms. Memory: 207872K Free: 151948K (73%)
7 ms. Memory: 207872K Free: 140189K (67%)
/home/travis/build/icyphy/ptII/ptolemy/actor/lib/test/Pulse.tcl
2 ms. Memory: 207872K Free: 97824K (47%)
2 ms. Memory: 207872K Free: 97824K (47%)
2 ms. Memory: 207872K Free: 97824K (47%)
1 ms. Memory: 207872K Free: 95472K (46%)
2 ms. Memory: 207872K Free: 95472K (46%)
1 ms. Memory: 207872K Free: 95472K (46%)
3 ms. Memory: 207872K Free: 93120K (45%)
2 ms. Memory: 207872K Free: 93120K (45%)
1 ms. Memory: 207872K Free: 93120K (45%)
/home/travis/build/icyphy/ptII/ptolemy/actor/lib/test/Ramp.tcl
3 ms. Memory: 207872K Free: 90767K (44%)
2 ms. Memory: 207872K Free: 90767K (44%)
2 ms. Memory: 207872K Free: 88400K (43%)
1 ms. Memory: 207872K Free: 88400K (43%)
3 ms. Memory: 207872K Free: 88400K (43%)
4 ms. Memory: 207872K Free: 86032K (41%)
4 ms. Memory: 207872K Free: 86032K (41%)
5 actors
6000 microseconds per iteration to create
7 ms. Memory: 207872K Free: 83680K (40%)
2 ms. Memory: 207872K Free: 81328K (39%)
2 ms. Memory: 207872K Free: 81328K (39%)
2 ms. Memory: 207872K Free: 81328K (39%)
50 actors
62000 microseconds per iteration to create
52 ms. Memory: 208896K Free: 186603K (89%)
13 ms. Memory: 208896K Free: 186603K (89%)
15 ms. Memory: 208896K Free: 184205K (88%)
5 ms. Memory: 208896K Free: 184205K (88%)
500 actors
1731000 microseconds per iteration to create
314 ms. Memory: 330240K Free: 251831K (76%)
44 ms. Memory: 330240K Free: 247042K (75%)
48 ms. Memory: 330240K Free: 237463K (72%)
36 ms. Memory: 330240K Free: 232674K (70%)
/home/travis/build/icyphy/ptII/ptolemy/actor/lib/test/RampContinuous.tcl
8 ms. Memory: 330240K Free: 232674K (70%)
/home/travis/build/icyphy/ptII/ptolemy/actor/lib/test/RecordAssembler.tcl
5 ms. Memory: 330240K Free: 232674K (70%)
6 ms. Memory: 330240K Free: 227885K (69%)
/home/travis/build/icyphy/ptII/ptolemy/actor/lib/test/RecordDisassembler.tcl
6 ms. Memory: 330240K Free: 227885K (69%)
6 ms. Memory: 330240K Free: 227885K (69%)
4 ms. Memory: 330240K Free: 227885K (69%)
/home/travis/build/icyphy/ptII/ptolemy/actor/lib/test/Scale.tcl
3 ms. Memory: 330240K Free: 223080K (68%)
2 ms. Memory: 330240K Free: 223080K (68%)
2 ms. Memory: 330240K Free: 223080K (68%)
5 ms. Memory: 330240K Free: 223080K (68%)
4 ms. Memory: 330240K Free: 223080K (68%)
/home/travis/build/icyphy/ptII/ptolemy/actor/lib/test/SequentialClock.tcl
preinitializing
resolving types
initializing
executing number 1
wrapping up
idle
5 ms. Memory: 330240K Free: 218291K (66%)
Completed execution with 5 iterations
preinitializing
resolving types
initializing
executing number 1
wrapping up
idle
3 ms. Memory: 330240K Free: 218291K (66%)
Completed execution with 5 iterations
preinitializing
resolving types
initializing
executing number 1
wrapping up
idle
1 ms. Memory: 330240K Free: 218291K (66%)
Completed execution with 5 iterations
/home/travis/build/icyphy/ptII/ptolemy/actor/lib/test/SetVariable.tcl
3 ms. Memory: 330240K Free: 218291K (66%)
/home/travis/build/icyphy/ptII/ptolemy/actor/lib/test/Sinewave.tcl
/home/travis/build/icyphy/ptII/ptolemy/actor/lib/test/SubscriptionAggregator.tcl
7 ms. Memory: 330240K Free: 203876K (62%)
7 ms. Memory: 330240K Free: 203876K (62%)
1 ms. Memory: 330240K Free: 203876K (62%)
1 ms. Memory: 330240K Free: 203876K (62%)
1 ms. Memory: 330240K Free: 199079K (60%)
4 ms. Memory: 330240K Free: 194274K (59%)
...............................................................1076 ms. Memory: 478720K Free: 225300K (47%)
/home/travis/build/icyphy/ptII/ptolemy/actor/lib/test/Test.tcl
 The next command will produce a warning about training mode,
   which may be ignored.
4 ms. Memory: 478720K Free: 225300K (47%)
2 ms. Memory: 478720K Free: 217581K (45%)
1 ms. Memory: 478720K Free: 217581K (45%)
2 ms. Memory: 478720K Free: 217581K (45%)
3 ms. Memory: 478720K Free: 217581K (45%)
3 ms. Memory: 478720K Free: 217581K (45%)
11 ms. Memory: 478720K Free: 217581K (45%)
 The next command will produce a warning about training mode,
   which may be ignored.
5 ms. Memory: 478720K Free: 217581K (45%)
 The next command will produce a warning about training mode,
   which may be ignored.
3 ms. Memory: 478720K Free: 209870K (44%)
1 ms. Memory: 478720K Free: 209870K (44%)
7 ms. Memory: 478720K Free: 209870K (44%)
1 ms. Memory: 478720K Free: 209870K (44%)
2 ms. Memory: 478720K Free: 209870K (44%)
6 ms. Memory: 478720K Free: 209870K (44%)
/home/travis/build/icyphy/ptII/ptolemy/actor/lib/test/TestExceptionHandler.tcl
 The next command will produce a warning about training mode,
   which may be ignored.
1 ms. Memory: 478720K Free: 202158K (42%)
0 ms. Memory: 478720K Free: 202158K (42%)
1 ms. Memory: 478720K Free: 202158K (42%)
/home/travis/build/icyphy/ptII/ptolemy/actor/lib/test/UnionDisassembler.tcl
30 ms. Memory: 478720K Free: 194439K (41%)
/home/travis/build/icyphy/ptII/ptolemy/actor/lib/test/VariableClock.tcl
preinitializing
resolving types
initializing
executing number 1
wrapping up
idle
3 ms. Memory: 478720K Free: 194439K (41%)
Completed execution with 11 iterations
preinitializing
resolving types
initializing
executing number 1
wrapping up
idle
4 ms. Memory: 478720K Free: 194439K (41%)
Completed execution with 10 iterations
06/13/18 06:31:07
Failed: 0  Total Tests: 234  ((Passed: 234, Newly Passed: 0)  Known Failed: 0) /home/travis/build/icyphy/ptII/ptolemy/actor/lib/test
----------------- testing (KnownFailure) /home/travis/build/icyphy/ptII/ptolemy/actor/lib/test/auto/knownFailedTests/PublisherPortToplevelSubscriber.xml
1 ms. Memory: 478720K Free: 186677K (39%)
Known Failure: java.lang.reflect.InvocationTargetException
----------------- testing (KnownFailure) /home/travis/build/icyphy/ptII/ptolemy/actor/lib/test/auto/knownFailedTests/PublisherSubscriberPortToplevel.xml
2 ms. Memory: 478720K Free: 171153K (36%)
Known Failure: java.lang.reflect.InvocationTargetException
----------------- testing (KnownFailure) /home/travis/build/icyphy/ptII/ptolemy/actor/lib/test/auto/knownFailedTests/PublisherSubscriptionAggregatorPort.xml
1 ms. Memory: 478720K Free: 155629K (33%)
Known Failure: java.lang.reflect.InvocationTargetException
----------------- testing (KnownFailure) /home/travis/build/icyphy/ptII/ptolemy/actor/lib/test/auto/knownFailedTests/sizedarray3.xml
4 ms. Memory: 478720K Free: 140105K (29%)
Known Failure: java.lang.reflect.InvocationTargetException
No auto/linux-amd64/*.xml tests in /home/travis/build/icyphy/ptII/ptolemy/actor/lib/test
AutoTests.java: About to close Vertx.
AutoTests.java: Vertx closed.

===========================================================================================
----------------- testing Wed Jun 13 06:31:07 UTC 2018 /home/travis/build/icyphy/ptII/ptolemy/actor/lib/test/auto/AbsoluteValue.xml
----------------- Instantiating /home/travis/build/icyphy/ptII/ptolemy/actor/lib/test/auto/AbsoluteValue.xml
71 ms. Memory: 479744K Free: 439045K (92%)
----------------- Invoking toplevel() on ptolemy.moml.MoMLSimpleApplication@db6718
----------------- Done invoking toplevel() on ptolemy.moml.MoMLSimpleApplication@db6718
reloadAllAccessors: .AbsoluteValue

===========================================================================================
----------------- testing Wed Jun 13 06:31:08 UTC 2018 /home/travis/build/icyphy/ptII/ptolemy/actor/lib/test/auto/AbsoluteValue2.xml
----------------- Instantiating /home/travis/build/icyphy/ptII/ptolemy/actor/lib/test/auto/AbsoluteValue2.xml
12 ms. Memory: 479744K Free: 422324K (88%)
----------------- Invoking toplevel() on ptolemy.moml.MoMLSimpleApplication@7fcaf989
----------------- Done invoking toplevel() on ptolemy.moml.MoMLSimpleApplication@7fcaf989
reloadAllAccessors: .AbsoluteValue2

===========================================================================================
----------------- testing Wed Jun 13 06:31:08 UTC 2018 /home/travis/build/icyphy/ptII/ptolemy/actor/lib/test/auto/Accumulator.xml
----------------- Instantiating /home/travis/build/icyphy/ptII/ptolemy/actor/lib/test/auto/Accumulator.xml
7 ms. Memory: 479744K Free: 414546K (86%)
----------------- Invoking toplevel() on ptolemy.moml.MoMLSimpleApplication@3197bf85
----------------- Done invoking toplevel() on ptolemy.moml.MoMLSimpleApplication@3197bf85
reloadAllAccessors: .Accumulator

===========================================================================================
----------------- testing Wed Jun 13 06:31:08 UTC 2018 /home/travis/build/icyphy/ptII/ptolemy/actor/lib/test/auto/Accumulator2.xml
----------------- Instantiating /home/travis/build/icyphy/ptII/ptolemy/actor/lib/test/auto/Accumulator2.xml
6 ms. Memory: 479744K Free: 406768K (85%)
----------------- Invoking toplevel() on ptolemy.moml.MoMLSimpleApplication@253cc8b8
----------------- Done invoking toplevel() on ptolemy.moml.MoMLSimpleApplication@253cc8b8
reloadAllAccessors: .Accumulator2

===========================================================================================
----------------- testing Wed Jun 13 06:31:08 UTC 2018 /home/travis/build/icyphy/ptII/ptolemy/actor/lib/test/auto/Accumulator3.xml
----------------- Instantiating /home/travis/build/icyphy/ptII/ptolemy/actor/lib/test/auto/Accumulator3.xml
10 ms. Memory: 479744K Free: 394590K (82%)
----------------- Invoking toplevel() on ptolemy.moml.MoMLSimpleApplication@4366a5bc
----------------- Done invoking toplevel() on ptolemy.moml.MoMLSimpleApplication@4366a5bc
reloadAllAccessors: .Accumulator3

===========================================================================================
----------------- testing Wed Jun 13 06:31:08 UTC 2018 /home/travis/build/icyphy/ptII/ptolemy/actor/lib/test/auto/ArrayAppend.xml
----------------- Instantiating /home/travis/build/icyphy/ptII/ptolemy/actor/lib/test/auto/ArrayAppend.xml
5 ms. Memory: 479744K Free: 386820K (81%)
----------------- Invoking toplevel() on ptolemy.moml.MoMLSimpleApplication@6aed2f4
----------------- Done invoking toplevel() on ptolemy.moml.MoMLSimpleApplication@6aed2f4
reloadAllAccessors: .ArrayAppend

===========================================================================================
----------------- testing Wed Jun 13 06:31:08 UTC 2018 /home/travis/build/icyphy/ptII/ptolemy/actor/lib/test/auto/ArrayAppend2.xml
----------------- Instantiating /home/travis/build/icyphy/ptII/ptolemy/actor/lib/test/auto/ArrayAppend2.xml
370 ms. Memory: 479744K Free: 324628K (68%)
----------------- Invoking toplevel() on ptolemy.moml.MoMLSimpleApplication@151f2fdb
----------------- Done invoking toplevel() on ptolemy.moml.MoMLSimpleApplication@151f2fdb
reloadAllAccessors: .ArrayAppend2

===========================================================================================
----------------- testing Wed Jun 13 06:31:08 UTC 2018 /home/travis/build/icyphy/ptII/ptolemy/actor/lib/test/auto/ArrayAppend3.xml
----------------- Instantiating /home/travis/build/icyphy/ptII/ptolemy/actor/lib/test/auto/ArrayAppend3.xml
5 ms. Memory: 479744K Free: 309863K (65%)
----------------- Invoking toplevel() on ptolemy.moml.MoMLSimpleApplication@3f62c3cd
----------------- Done invoking toplevel() on ptolemy.moml.MoMLSimpleApplication@3f62c3cd
reloadAllAccessors: .ArrayAppend3

===========================================================================================
----------------- testing Wed Jun 13 06:31:08 UTC 2018 /home/travis/build/icyphy/ptII/ptolemy/actor/lib/test/auto/ArrayAppend4.xml
----------------- Instantiating /home/travis/build/icyphy/ptII/ptolemy/actor/lib/test/auto/ArrayAppend4.xml
4 ms. Memory: 479744K Free: 302085K (63%)
----------------- Invoking toplevel() on ptolemy.moml.MoMLSimpleApplication@767c2f76
----------------- Done invoking toplevel() on ptolemy.moml.MoMLSimpleApplication@767c2f76
reloadAllAccessors: .ArrayAppend4

===========================================================================================
----------------- testing Wed Jun 13 06:31:08 UTC 2018 /home/travis/build/icyphy/ptII/ptolemy/actor/lib/test/auto/ArrayAppend5.xml
----------------- Instantiating /home/travis/build/icyphy/ptII/ptolemy/actor/lib/test/auto/ArrayAppend5.xml
6 ms. Memory: 479744K Free: 294322K (61%)
----------------- Invoking toplevel() on ptolemy.moml.MoMLSimpleApplication@514ea451
----------------- Done invoking toplevel() on ptolemy.moml.MoMLSimpleApplication@514ea451
reloadAllAccessors: .ArrayAppend5

===========================================================================================
----------------- testing Wed Jun 13 06:31:08 UTC 2018 /home/travis/build/icyphy/ptII/ptolemy/actor/lib/test/auto/ArrayAppend6.xml
----------------- Instantiating /home/travis/build/icyphy/ptII/ptolemy/actor/lib/test/auto/ArrayAppend6.xml
2 ms. Memory: 479744K Free: 279541K (58%)
----------------- Invoking toplevel() on ptolemy.moml.MoMLSimpleApplication@14d7f7a
----------------- Done invoking toplevel() on ptolemy.moml.MoMLSimpleApplication@14d7f7a
reloadAllAccessors: .ArrayAppend6

===========================================================================================
----------------- testing Wed Jun 13 06:31:08 UTC 2018 /home/travis/build/icyphy/ptII/ptolemy/actor/lib/test/auto/ArrayAppendPerformanceTest.xml
----------------- Instantiating /home/travis/build/icyphy/ptII/ptolemy/actor/lib/test/auto/ArrayAppendPerformanceTest.xml
22 ms. Memory: 479744K Free: 269176K (56%)
----------------- Invoking toplevel() on ptolemy.moml.MoMLSimpleApplication@541d21d
----------------- Done invoking toplevel() on ptolemy.moml.MoMLSimpleApplication@541d21d
reloadAllAccessors: .ArrayAppendPerformanceTest

===========================================================================================
----------------- testing Wed Jun 13 06:31:09 UTC 2018 /home/travis/build/icyphy/ptII/ptolemy/actor/lib/test/auto/ArrayAppendWithEmptyInput.xml
----------------- Instantiating /home/travis/build/icyphy/ptII/ptolemy/actor/lib/test/auto/ArrayAppendWithEmptyInput.xml
19 ms. Memory: 479744K Free: 254922K (53%)
----------------- Invoking toplevel() on ptolemy.moml.MoMLSimpleApplication@1080f7c1
----------------- Done invoking toplevel() on ptolemy.moml.MoMLSimpleApplication@1080f7c1
reloadAllAccessors: .ArrayAppendWithEmptyInput

===========================================================================================
----------------- testing Wed Jun 13 06:31:09 UTC 2018 /home/travis/build/icyphy/ptII/ptolemy/actor/lib/test/auto/ArrayAverage.xml
----------------- Instantiating /home/travis/build/icyphy/ptII/ptolemy/actor/lib/test/auto/ArrayAverage.xml
9 ms. Memory: 479744K Free: 237553K (50%)
----------------- Invoking toplevel() on ptolemy.moml.MoMLSimpleApplication@615bab34
----------------- Done invoking toplevel() on ptolemy.moml.MoMLSimpleApplication@615bab34
reloadAllAccessors: .ArrayAverage

===========================================================================================
----------------- testing Wed Jun 13 06:31:09 UTC 2018 /home/travis/build/icyphy/ptII/ptolemy/actor/lib/test/auto/ArrayContains.xml
----------------- Instantiating /home/travis/build/icyphy/ptII/ptolemy/actor/lib/test/auto/ArrayContains.xml
3 ms. Memory: 479744K Free: 229791K (48%)
----------------- Invoking toplevel() on ptolemy.moml.MoMLSimpleApplication@73bab8a
----------------- Done invoking toplevel() on ptolemy.moml.MoMLSimpleApplication@73bab8a
reloadAllAccessors: .ArrayContains

===========================================================================================
----------------- testing Wed Jun 13 06:31:09 UTC 2018 /home/travis/build/icyphy/ptII/ptolemy/actor/lib/test/auto/ArrayElement.xml
----------------- Instantiating /home/travis/build/icyphy/ptII/ptolemy/actor/lib/test/auto/ArrayElement.xml
9 ms. Memory: 479744K Free: 222021K (46%)
----------------- Invoking toplevel() on ptolemy.moml.MoMLSimpleApplication@1c39128f
----------------- Done invoking toplevel() on ptolemy.moml.MoMLSimpleApplication@1c39128f
reloadAllAccessors: .ArrayElement

===========================================================================================
----------------- testing Wed Jun 13 06:31:09 UTC 2018 /home/travis/build/icyphy/ptII/ptolemy/actor/lib/test/auto/ArrayElementAsMatrix.xml
----------------- Instantiating /home/travis/build/icyphy/ptII/ptolemy/actor/lib/test/auto/ArrayElementAsMatrix.xml
29 ms. Memory: 479744K Free: 211624K (44%)
----------------- Invoking toplevel() on ptolemy.moml.MoMLSimpleApplication@c2b0a5e
----------------- Done invoking toplevel() on ptolemy.moml.MoMLSimpleApplication@c2b0a5e
reloadAllAccessors: .ArrayElementAsMatrix

===========================================================================================
----------------- testing Wed Jun 13 06:31:09 UTC 2018 /home/travis/build/icyphy/ptII/ptolemy/actor/lib/test/auto/ArrayElementI.xml
----------------- Instantiating /home/travis/build/icyphy/ptII/ptolemy/actor/lib/test/auto/ArrayElementI.xml
4 ms. Memory: 479744K Free: 196843K (41%)
----------------- Invoking toplevel() on ptolemy.moml.MoMLSimpleApplication@9e07043
----------------- Done invoking toplevel() on ptolemy.moml.MoMLSimpleApplication@9e07043
reloadAllAccessors: .ArrayElementI

===========================================================================================
----------------- testing Wed Jun 13 06:31:09 UTC 2018 /home/travis/build/icyphy/ptII/ptolemy/actor/lib/test/auto/ArrayExtract.xml
----------------- Instantiating /home/travis/build/icyphy/ptII/ptolemy/actor/lib/test/auto/ArrayExtract.xml
5 ms. Memory: 479744K Free: 189074K (39%)
----------------- Invoking toplevel() on ptolemy.moml.MoMLSimpleApplication@621975e2
----------------- Done invoking toplevel() on ptolemy.moml.MoMLSimpleApplication@621975e2
reloadAllAccessors: .ArrayExtract

===========================================================================================
----------------- testing Wed Jun 13 06:31:09 UTC 2018 /home/travis/build/icyphy/ptII/ptolemy/actor/lib/test/auto/ArrayExtract2.xml
----------------- Instantiating /home/travis/build/icyphy/ptII/ptolemy/actor/lib/test/auto/ArrayExtract2.xml
2 ms. Memory: 479744K Free: 181296K (38%)
----------------- Invoking toplevel() on ptolemy.moml.MoMLSimpleApplication@2bf31d31
----------------- Done invoking toplevel() on ptolemy.moml.MoMLSimpleApplication@2bf31d31
reloadAllAccessors: .ArrayExtract2

===========================================================================================
----------------- testing Wed Jun 13 06:31:09 UTC 2018 /home/travis/build/icyphy/ptII/ptolemy/actor/lib/test/auto/ArrayLength.xml
----------------- Instantiating /home/travis/build/icyphy/ptII/ptolemy/actor/lib/test/auto/ArrayLength.xml
2 ms. Memory: 479744K Free: 169118K (35%)
----------------- Invoking toplevel() on ptolemy.moml.MoMLSimpleApplication@147bdf38
----------------- Done invoking toplevel() on ptolemy.moml.MoMLSimpleApplication@147bdf38
reloadAllAccessors: .ArrayLength

===========================================================================================
----------------- testing Wed Jun 13 06:31:09 UTC 2018 /home/travis/build/icyphy/ptII/ptolemy/actor/lib/test/auto/ArrayLevelCrossing.xml
----------------- Instantiating /home/travis/build/icyphy/ptII/ptolemy/actor/lib/test/auto/ArrayLevelCrossing.xml
3 ms. Memory: 479744K Free: 158752K (33%)
----------------- Invoking toplevel() on ptolemy.moml.MoMLSimpleApplication@6678314b
----------------- Done invoking toplevel() on ptolemy.moml.MoMLSimpleApplication@6678314b
reloadAllAccessors: .ArrayLevelCrossing

===========================================================================================
----------------- testing Wed Jun 13 06:31:09 UTC 2018 /home/travis/build/icyphy/ptII/ptolemy/actor/lib/test/auto/ArrayLevelCrossing2.xml
----------------- Instantiating /home/travis/build/icyphy/ptII/ptolemy/actor/lib/test/auto/ArrayLevelCrossing2.xml
3 ms. Memory: 479744K Free: 150990K (31%)
----------------- Invoking toplevel() on ptolemy.moml.MoMLSimpleApplication@40ba563b
----------------- Done invoking toplevel() on ptolemy.moml.MoMLSimpleApplication@40ba563b
reloadAllAccessors: .ArrayLevelCrossing2

===========================================================================================
----------------- testing Wed Jun 13 06:31:09 UTC 2018 /home/travis/build/icyphy/ptII/ptolemy/actor/lib/test/auto/ArrayPeakSearch.xml
----------------- Instantiating /home/travis/build/icyphy/ptII/ptolemy/actor/lib/test/auto/ArrayPeakSearch.xml
4 ms. Memory: 479744K Free: 133622K (28%)
----------------- Invoking toplevel() on ptolemy.moml.MoMLSimpleApplication@540eded5
----------------- Done invoking toplevel() on ptolemy.moml.MoMLSimpleApplication@540eded5
reloadAllAccessors: .ArrayPeakSearch

===========================================================================================
----------------- testing Wed Jun 13 06:31:09 UTC 2018 /home/travis/build/icyphy/ptII/ptolemy/actor/lib/test/auto/ArrayPeakSearch2.xml
----------------- Instantiating /home/travis/build/icyphy/ptII/ptolemy/actor/lib/test/auto/ArrayPeakSearch2.xml
4 ms. Memory: 479744K Free: 120637K (25%)
----------------- Invoking toplevel() on ptolemy.moml.MoMLSimpleApplication@53996334
----------------- Done invoking toplevel() on ptolemy.moml.MoMLSimpleApplication@53996334
reloadAllAccessors: .ArrayPeakSearch2

===========================================================================================
----------------- testing Wed Jun 13 06:31:09 UTC 2018 /home/travis/build/icyphy/ptII/ptolemy/actor/lib/test/auto/ArrayPeakSearch3.xml
----------------- Instantiating /home/travis/build/icyphy/ptII/ptolemy/actor/lib/test/auto/ArrayPeakSearch3.xml
7 ms. Memory: 479744K Free: 110288K (23%)
----------------- Invoking toplevel() on ptolemy.moml.MoMLSimpleApplication@54875d27
----------------- Done invoking toplevel() on ptolemy.moml.MoMLSimpleApplication@54875d27
reloadAllAccessors: .ArrayPeakSearch3

===========================================================================================
----------------- testing Wed Jun 13 06:31:09 UTC 2018 /home/travis/build/icyphy/ptII/ptolemy/actor/lib/test/auto/ArrayRemoveElement.xml
----------------- Instantiating /home/travis/build/icyphy/ptII/ptolemy/actor/lib/test/auto/ArrayRemoveElement.xml
4 ms. Memory: 479744K Free: 92928K (19%)
----------------- Invoking toplevel() on ptolemy.moml.MoMLSimpleApplication@25ed4155
----------------- Done invoking toplevel() on ptolemy.moml.MoMLSimpleApplication@25ed4155
reloadAllAccessors: .ArrayRemoveElement

===========================================================================================
----------------- testing Wed Jun 13 06:31:09 UTC 2018 /home/travis/build/icyphy/ptII/ptolemy/actor/lib/test/auto/ArraySort.xml
----------------- Instantiating /home/travis/build/icyphy/ptII/ptolemy/actor/lib/test/auto/ArraySort.xml
4 ms. Memory: 479744K Free: 82562K (17%)
----------------- Invoking toplevel() on ptolemy.moml.MoMLSimpleApplication@1061c079
----------------- Done invoking toplevel() on ptolemy.moml.MoMLSimpleApplication@1061c079
reloadAllAccessors: .ArraySort

===========================================================================================
----------------- testing Wed Jun 13 06:31:09 UTC 2018 /home/travis/build/icyphy/ptII/ptolemy/actor/lib/test/auto/ArraySum.xml
----------------- Instantiating /home/travis/build/icyphy/ptII/ptolemy/actor/lib/test/auto/ArraySum.xml
2 ms. Memory: 479744K Free: 74785K (16%)
----------------- Invoking toplevel() on ptolemy.moml.MoMLSimpleApplication@2563400c
----------------- Done invoking toplevel() on ptolemy.moml.MoMLSimpleApplication@2563400c
reloadAllAccessors: .ArraySum

===========================================================================================
----------------- testing Wed Jun 13 06:31:09 UTC 2018 /home/travis/build/icyphy/ptII/ptolemy/actor/lib/test/auto/ArrayToElements.xml
----------------- Instantiating /home/travis/build/icyphy/ptII/ptolemy/actor/lib/test/auto/ArrayToElements.xml
10 ms. Memory: 479744K Free: 60004K (13%)
----------------- Invoking toplevel() on ptolemy.moml.MoMLSimpleApplication@7313ec06
----------------- Done invoking toplevel() on ptolemy.moml.MoMLSimpleApplication@7313ec06
reloadAllAccessors: .ArrayToElements

===========================================================================================
----------------- testing Wed Jun 13 06:31:09 UTC 2018 /home/travis/build/icyphy/ptII/ptolemy/actor/lib/test/auto/ArrayToMatrix.xml
----------------- Instantiating /home/travis/build/icyphy/ptII/ptolemy/actor/lib/test/auto/ArrayToMatrix.xml
5 ms. Memory: 718848K Free: 668088K (93%)
----------------- Invoking toplevel() on ptolemy.moml.MoMLSimpleApplication@5a5fa3ce
----------------- Done invoking toplevel() on ptolemy.moml.MoMLSimpleApplication@5a5fa3ce
reloadAllAccessors: .ArrayToMatrix

===========================================================================================
----------------- testing Wed Jun 13 06:31:09 UTC 2018 /home/travis/build/icyphy/ptII/ptolemy/actor/lib/test/auto/ArrayUpdate1.xml
----------------- Instantiating /home/travis/build/icyphy/ptII/ptolemy/actor/lib/test/auto/ArrayUpdate1.xml
2 ms. Memory: 718848K Free: 651818K (91%)
----------------- Invoking toplevel() on ptolemy.moml.MoMLSimpleApplication@34e609b1
----------------- Done invoking toplevel() on ptolemy.moml.MoMLSimpleApplication@34e609b1
reloadAllAccessors: .ArrayUpdate1

===========================================================================================
----------------- testing Wed Jun 13 06:31:09 UTC 2018 /home/travis/build/icyphy/ptII/ptolemy/actor/lib/test/auto/ArrayUpdate2.xml
----------------- Instantiating /home/travis/build/icyphy/ptII/ptolemy/actor/lib/test/auto/ArrayUpdate2.xml
5 ms. Memory: 718848K Free: 643460K (90%)
----------------- Invoking toplevel() on ptolemy.moml.MoMLSimpleApplication@7f9492aa
----------------- Done invoking toplevel() on ptolemy.moml.MoMLSimpleApplication@7f9492aa
reloadAllAccessors: .ArrayUpdate2

===========================================================================================
----------------- testing Wed Jun 13 06:31:09 UTC 2018 /home/travis/build/icyphy/ptII/ptolemy/actor/lib/test/auto/ArrayUpdate3.xml
----------------- Instantiating /home/travis/build/icyphy/ptII/ptolemy/actor/lib/test/auto/ArrayUpdate3.xml
1 ms. Memory: 718848K Free: 635186K (88%)
----------------- Invoking toplevel() on ptolemy.moml.MoMLSimpleApplication@3def002d
----------------- Done invoking toplevel() on ptolemy.moml.MoMLSimpleApplication@3def002d
reloadAllAccessors: .ArrayUpdate3

===========================================================================================
----------------- testing Wed Jun 13 06:31:09 UTC 2018 /home/travis/build/icyphy/ptII/ptolemy/actor/lib/test/auto/Assert1.xml
----------------- Instantiating /home/travis/build/icyphy/ptII/ptolemy/actor/lib/test/auto/Assert1.xml
4 ms. Memory: 718848K Free: 618915K (86%)
----------------- Invoking toplevel() on ptolemy.moml.MoMLSimpleApplication@3d09dacd
----------------- Done invoking toplevel() on ptolemy.moml.MoMLSimpleApplication@3d09dacd
reloadAllAccessors: .Assert1

===========================================================================================
----------------- testing Wed Jun 13 06:31:10 UTC 2018 /home/travis/build/icyphy/ptII/ptolemy/actor/lib/test/auto/Assert2.xml
----------------- Instantiating /home/travis/build/icyphy/ptII/ptolemy/actor/lib/test/auto/Assert2.xml
2 ms. Memory: 718848K Free: 610641K (85%)
----------------- Invoking toplevel() on ptolemy.moml.MoMLSimpleApplication@673a2a10
----------------- Done invoking toplevel() on ptolemy.moml.MoMLSimpleApplication@673a2a10
reloadAllAccessors: .Assert2

===========================================================================================
----------------- testing Wed Jun 13 06:31:10 UTC 2018 /home/travis/build/icyphy/ptII/ptolemy/actor/lib/test/auto/BooleanMultiplexor.xml
----------------- Instantiating /home/travis/build/icyphy/ptII/ptolemy/actor/lib/test/auto/BooleanMultiplexor.xml
4 ms. Memory: 718848K Free: 602367K (84%)
----------------- Invoking toplevel() on ptolemy.moml.MoMLSimpleApplication@1aff71f4
----------------- Done invoking toplevel() on ptolemy.moml.MoMLSimpleApplication@1aff71f4
reloadAllAccessors: .BooleanMultiplexor

===========================================================================================
----------------- testing Wed Jun 13 06:31:10 UTC 2018 /home/travis/build/icyphy/ptII/ptolemy/actor/lib/test/auto/BooleanMultiplexor2.xml
----------------- Instantiating /home/travis/build/icyphy/ptII/ptolemy/actor/lib/test/auto/BooleanMultiplexor2.xml
10 ms. Memory: 718848K Free: 589940K (82%)
----------------- Invoking toplevel() on ptolemy.moml.MoMLSimpleApplication@18fe793
----------------- Done invoking toplevel() on ptolemy.moml.MoMLSimpleApplication@18fe793
reloadAllAccessors: .BooleanMultiplexor2

===========================================================================================
----------------- testing Wed Jun 13 06:31:10 UTC 2018 /home/travis/build/icyphy/ptII/ptolemy/actor/lib/test/auto/BooleanMultiplexor3.xml
----------------- Instantiating /home/travis/build/icyphy/ptII/ptolemy/actor/lib/test/auto/BooleanMultiplexor3.xml
4 ms. Memory: 718848K Free: 573670K (80%)
----------------- Invoking toplevel() on ptolemy.moml.MoMLSimpleApplication@20b60394
----------------- Done invoking toplevel() on ptolemy.moml.MoMLSimpleApplication@20b60394
reloadAllAccessors: .BooleanMultiplexor3

===========================================================================================
----------------- testing Wed Jun 13 06:31:10 UTC 2018 /home/travis/build/icyphy/ptII/ptolemy/actor/lib/test/auto/BooleanSelect.xml
----------------- Instantiating /home/travis/build/icyphy/ptII/ptolemy/actor/lib/test/auto/BooleanSelect.xml
8 ms. Memory: 718848K Free: 565396K (79%)
----------------- Invoking toplevel() on ptolemy.moml.MoMLSimpleApplication@3b73439a
----------------- Done invoking toplevel() on ptolemy.moml.MoMLSimpleApplication@3b73439a
reloadAllAccessors: .BooleanSelect

===========================================================================================
----------------- testing Wed Jun 13 06:31:10 UTC 2018 /home/travis/build/icyphy/ptII/ptolemy/actor/lib/test/auto/BooleanSelect2.xml
----------------- Instantiating /home/travis/build/icyphy/ptII/ptolemy/actor/lib/test/auto/BooleanSelect2.xml
2 ms. Memory: 718848K Free: 557122K (78%)
----------------- Invoking toplevel() on ptolemy.moml.MoMLSimpleApplication@b45eea2
----------------- Done invoking toplevel() on ptolemy.moml.MoMLSimpleApplication@b45eea2
reloadAllAccessors: .BooleanSelect2

===========================================================================================
----------------- testing Wed Jun 13 06:31:10 UTC 2018 /home/travis/build/icyphy/ptII/ptolemy/actor/lib/test/auto/BooleanSwitch.xml
----------------- Instantiating /home/travis/build/icyphy/ptII/ptolemy/actor/lib/test/auto/BooleanSwitch.xml
4 ms. Memory: 718848K Free: 540851K (75%)
----------------- Invoking toplevel() on ptolemy.moml.MoMLSimpleApplication@46db0e97
----------------- Done invoking toplevel() on ptolemy.moml.MoMLSimpleApplication@46db0e97
reloadAllAccessors: .BooleanSwitch

===========================================================================================
----------------- testing Wed Jun 13 06:31:10 UTC 2018 /home/travis/build/icyphy/ptII/ptolemy/actor/lib/test/auto/BooleanSwitch2.xml
----------------- Instantiating /home/travis/build/icyphy/ptII/ptolemy/actor/lib/test/auto/BooleanSwitch2.xml
2 ms. Memory: 718848K Free: 532577K (74%)
----------------- Invoking toplevel() on ptolemy.moml.MoMLSimpleApplication@4e53ca44
----------------- Done invoking toplevel() on ptolemy.moml.MoMLSimpleApplication@4e53ca44
reloadAllAccessors: .BooleanSwitch2

===========================================================================================
----------------- testing Wed Jun 13 06:31:10 UTC 2018 /home/travis/build/icyphy/ptII/ptolemy/actor/lib/test/auto/BooleanSwitchCloningBugWithClassRelationGroup.xml
----------------- Instantiating /home/travis/build/icyphy/ptII/ptolemy/actor/lib/test/auto/BooleanSwitchCloningBugWithClassRelationGroup.xml
4 ms. Memory: 718848K Free: 520166K (72%)
----------------- Invoking toplevel() on ptolemy.moml.MoMLSimpleApplication@41af697c
----------------- Done invoking toplevel() on ptolemy.moml.MoMLSimpleApplication@41af697c
reloadAllAccessors: .BooleanSwitchCloningBugWithClassRelationGroup

===========================================================================================
----------------- testing Wed Jun 13 06:31:10 UTC 2018 /home/travis/build/icyphy/ptII/ptolemy/actor/lib/test/auto/BusActors.xml
----------------- Instantiating /home/travis/build/icyphy/ptII/ptolemy/actor/lib/test/auto/BusActors.xml
5 ms. Memory: 718848K Free: 507739K (71%)
----------------- Invoking toplevel() on ptolemy.moml.MoMLSimpleApplication@71ad27d0
----------------- Done invoking toplevel() on ptolemy.moml.MoMLSimpleApplication@71ad27d0
reloadAllAccessors: .BusActors

===========================================================================================
----------------- testing Wed Jun 13 06:31:10 UTC 2018 /home/travis/build/icyphy/ptII/ptolemy/actor/lib/test/auto/ClassWrapper.xml
----------------- Instantiating /home/travis/build/icyphy/ptII/ptolemy/actor/lib/test/auto/ClassWrapper.xml
2 ms. Memory: 718848K Free: 491469K (68%)
----------------- Invoking toplevel() on ptolemy.moml.MoMLSimpleApplication@605bbb90
----------------- Done invoking toplevel() on ptolemy.moml.MoMLSimpleApplication@605bbb90
reloadAllAccessors: .ClassWrapper

===========================================================================================
----------------- testing Wed Jun 13 06:31:10 UTC 2018 /home/travis/build/icyphy/ptII/ptolemy/actor/lib/test/auto/Clock.xml
----------------- Instantiating /home/travis/build/icyphy/ptII/ptolemy/actor/lib/test/auto/Clock.xml
4 ms. Memory: 718848K Free: 483195K (67%)
----------------- Invoking toplevel() on ptolemy.moml.MoMLSimpleApplication@6ded4544
----------------- Done invoking toplevel() on ptolemy.moml.MoMLSimpleApplication@6ded4544
reloadAllAccessors: .Clock

===========================================================================================
----------------- testing Wed Jun 13 06:31:10 UTC 2018 /home/travis/build/icyphy/ptII/ptolemy/actor/lib/test/auto/Clock10.xml
----------------- Instantiating /home/travis/build/icyphy/ptII/ptolemy/actor/lib/test/auto/Clock10.xml
3 ms. Memory: 718848K Free: 474921K (66%)
----------------- Invoking toplevel() on ptolemy.moml.MoMLSimpleApplication@7157a98c
----------------- Done invoking toplevel() on ptolemy.moml.MoMLSimpleApplication@7157a98c
reloadAllAccessors: .Clock10

===========================================================================================
----------------- testing Wed Jun 13 06:31:10 UTC 2018 /home/travis/build/icyphy/ptII/ptolemy/actor/lib/test/auto/Clock11.xml
----------------- Instantiating /home/travis/build/icyphy/ptII/ptolemy/actor/lib/test/auto/Clock11.xml
2 ms. Memory: 718848K Free: 458650K (64%)
----------------- Invoking toplevel() on ptolemy.moml.MoMLSimpleApplication@6762b746
----------------- Done invoking toplevel() on ptolemy.moml.MoMLSimpleApplication@6762b746
reloadAllAccessors: .Clock11

===========================================================================================
----------------- testing Wed Jun 13 06:31:10 UTC 2018 /home/travis/build/icyphy/ptII/ptolemy/actor/lib/test/auto/Clock12.xml
----------------- Instantiating /home/travis/build/icyphy/ptII/ptolemy/actor/lib/test/auto/Clock12.xml
2 ms. Memory: 718848K Free: 450376K (63%)
----------------- Invoking toplevel() on ptolemy.moml.MoMLSimpleApplication@4c43fdcc
----------------- Done invoking toplevel() on ptolemy.moml.MoMLSimpleApplication@4c43fdcc
reloadAllAccessors: .Clock12

===========================================================================================
----------------- testing Wed Jun 13 06:31:10 UTC 2018 /home/travis/build/icyphy/ptII/ptolemy/actor/lib/test/auto/Clock13.xml
----------------- Instantiating /home/travis/build/icyphy/ptII/ptolemy/actor/lib/test/auto/Clock13.xml
2 ms. Memory: 718848K Free: 442103K (62%)
----------------- Invoking toplevel() on ptolemy.moml.MoMLSimpleApplication@3e9b7a2b
----------------- Done invoking toplevel() on ptolemy.moml.MoMLSimpleApplication@3e9b7a2b
reloadAllAccessors: .Clock13

===========================================================================================
----------------- testing Wed Jun 13 06:31:10 UTC 2018 /home/travis/build/icyphy/ptII/ptolemy/actor/lib/test/auto/Clock14.xml
----------------- Instantiating /home/travis/build/icyphy/ptII/ptolemy/actor/lib/test/auto/Clock14.xml
2 ms. Memory: 718848K Free: 433829K (60%)
----------------- Invoking toplevel() on ptolemy.moml.MoMLSimpleApplication@3dc85c58
----------------- Done invoking toplevel() on ptolemy.moml.MoMLSimpleApplication@3dc85c58
reloadAllAccessors: .Clock14

===========================================================================================
----------------- testing Wed Jun 13 06:31:10 UTC 2018 /home/travis/build/icyphy/ptII/ptolemy/actor/lib/test/auto/Clock15.xml
----------------- Instantiating /home/travis/build/icyphy/ptII/ptolemy/actor/lib/test/auto/Clock15.xml
3 ms. Memory: 718848K Free: 417558K (58%)
----------------- Invoking toplevel() on ptolemy.moml.MoMLSimpleApplication@3f180c71
----------------- Done invoking toplevel() on ptolemy.moml.MoMLSimpleApplication@3f180c71
reloadAllAccessors: .Clock15

===========================================================================================
----------------- testing Wed Jun 13 06:31:10 UTC 2018 /home/travis/build/icyphy/ptII/ptolemy/actor/lib/test/auto/Clock16.xml
----------------- Instantiating /home/travis/build/icyphy/ptII/ptolemy/actor/lib/test/auto/Clock16.xml
33 ms. Memory: 718848K Free: 401002K (56%)
----------------- Invoking toplevel() on ptolemy.moml.MoMLSimpleApplication@251d39e8
----------------- Done invoking toplevel() on ptolemy.moml.MoMLSimpleApplication@251d39e8
reloadAllAccessors: .Clock16

===========================================================================================
----------------- testing Wed Jun 13 06:31:10 UTC 2018 /home/travis/build/icyphy/ptII/ptolemy/actor/lib/test/auto/Clock17.xml
----------------- Instantiating /home/travis/build/icyphy/ptII/ptolemy/actor/lib/test/auto/Clock17.xml
24 ms. Memory: 718848K Free: 384438K (53%)
----------------- Invoking toplevel() on ptolemy.moml.MoMLSimpleApplication@21a53d85
----------------- Done invoking toplevel() on ptolemy.moml.MoMLSimpleApplication@21a53d85
reloadAllAccessors: .Clock17

===========================================================================================
----------------- testing Wed Jun 13 06:31:10 UTC 2018 /home/travis/build/icyphy/ptII/ptolemy/actor/lib/test/auto/Clock18.xml
----------------- Instantiating /home/travis/build/icyphy/ptII/ptolemy/actor/lib/test/auto/Clock18.xml
24 ms. Memory: 718848K Free: 367874K (51%)
----------------- Invoking toplevel() on ptolemy.moml.MoMLSimpleApplication@243729cb
----------------- Done invoking toplevel() on ptolemy.moml.MoMLSimpleApplication@243729cb
reloadAllAccessors: .Clock18

===========================================================================================
----------------- testing Wed Jun 13 06:31:10 UTC 2018 /home/travis/build/icyphy/ptII/ptolemy/actor/lib/test/auto/Clock19.xml
----------------- Instantiating /home/travis/build/icyphy/ptII/ptolemy/actor/lib/test/auto/Clock19.xml
18 ms. Memory: 718848K Free: 343322K (48%)
----------------- Invoking toplevel() on ptolemy.moml.MoMLSimpleApplication@7959371d
----------------- Done invoking toplevel() on ptolemy.moml.MoMLSimpleApplication@7959371d
reloadAllAccessors: .Clock19

===========================================================================================
----------------- testing Wed Jun 13 06:31:10 UTC 2018 /home/travis/build/icyphy/ptII/ptolemy/actor/lib/test/auto/Clock2.xml
----------------- Instantiating /home/travis/build/icyphy/ptII/ptolemy/actor/lib/test/auto/Clock2.xml
8 ms. Memory: 718848K Free: 335048K (47%)
----------------- Invoking toplevel() on ptolemy.moml.MoMLSimpleApplication@122d9260
----------------- Done invoking toplevel() on ptolemy.moml.MoMLSimpleApplication@122d9260
reloadAllAccessors: .Clock2

===========================================================================================
----------------- testing Wed Jun 13 06:31:10 UTC 2018 /home/travis/build/icyphy/ptII/ptolemy/actor/lib/test/auto/Clock20.xml
----------------- Instantiating /home/travis/build/icyphy/ptII/ptolemy/actor/lib/test/auto/Clock20.xml
15 ms. Memory: 718848K Free: 326774K (45%)
----------------- Invoking toplevel() on ptolemy.moml.MoMLSimpleApplication@9e859d
----------------- Done invoking toplevel() on ptolemy.moml.MoMLSimpleApplication@9e859d
reloadAllAccessors: .Clock20

===========================================================================================
----------------- testing Wed Jun 13 06:31:10 UTC 2018 /home/travis/build/icyphy/ptII/ptolemy/actor/lib/test/auto/Clock21.xml
----------------- Instantiating /home/travis/build/icyphy/ptII/ptolemy/actor/lib/test/auto/Clock21.xml
8 ms. Memory: 718848K Free: 310503K (43%)
----------------- Invoking toplevel() on ptolemy.moml.MoMLSimpleApplication@4cd4c2a0
----------------- Done invoking toplevel() on ptolemy.moml.MoMLSimpleApplication@4cd4c2a0
reloadAllAccessors: .Clock21

===========================================================================================
----------------- testing Wed Jun 13 06:31:10 UTC 2018 /home/travis/build/icyphy/ptII/ptolemy/actor/lib/test/auto/Clock22.xml
----------------- Instantiating /home/travis/build/icyphy/ptII/ptolemy/actor/lib/test/auto/Clock22.xml
5 ms. Memory: 718848K Free: 302229K (42%)
----------------- Invoking toplevel() on ptolemy.moml.MoMLSimpleApplication@686e0db0
----------------- Done invoking toplevel() on ptolemy.moml.MoMLSimpleApplication@686e0db0
reloadAllAccessors: .Clock22

===========================================================================================
----------------- testing Wed Jun 13 06:31:10 UTC 2018 /home/travis/build/icyphy/ptII/ptolemy/actor/lib/test/auto/Clock23.xml
----------------- Instantiating /home/travis/build/icyphy/ptII/ptolemy/actor/lib/test/auto/Clock23.xml
3 ms. Memory: 718848K Free: 293955K (41%)
----------------- Invoking toplevel() on ptolemy.moml.MoMLSimpleApplication@1609ab8c
----------------- Done invoking toplevel() on ptolemy.moml.MoMLSimpleApplication@1609ab8c
reloadAllAccessors: .Clock23

===========================================================================================
----------------- testing Wed Jun 13 06:31:10 UTC 2018 /home/travis/build/icyphy/ptII/ptolemy/actor/lib/test/auto/Clock24.xml
----------------- Instantiating /home/travis/build/icyphy/ptII/ptolemy/actor/lib/test/auto/Clock24.xml
2 ms. Memory: 718848K Free: 285681K (40%)
----------------- Invoking toplevel() on ptolemy.moml.MoMLSimpleApplication@47348cf1
----------------- Done invoking toplevel() on ptolemy.moml.MoMLSimpleApplication@47348cf1
reloadAllAccessors: .Clock24

===========================================================================================
----------------- testing Wed Jun 13 06:31:10 UTC 2018 /home/travis/build/icyphy/ptII/ptolemy/actor/lib/test/auto/Clock4.xml
----------------- Instantiating /home/travis/build/icyphy/ptII/ptolemy/actor/lib/test/auto/Clock4.xml
2 ms. Memory: 718848K Free: 269411K (37%)
----------------- Invoking toplevel() on ptolemy.moml.MoMLSimpleApplication@7a99ecf1
----------------- Done invoking toplevel() on ptolemy.moml.MoMLSimpleApplication@7a99ecf1
reloadAllAccessors: .Clock4

===========================================================================================
----------------- testing Wed Jun 13 06:31:10 UTC 2018 /home/travis/build/icyphy/ptII/ptolemy/actor/lib/test/auto/Clock5.xml
----------------- Instantiating /home/travis/build/icyphy/ptII/ptolemy/actor/lib/test/auto/Clock5.xml
2 ms. Memory: 718848K Free: 261137K (36%)
----------------- Invoking toplevel() on ptolemy.moml.MoMLSimpleApplication@1d3e4699
----------------- Done invoking toplevel() on ptolemy.moml.MoMLSimpleApplication@1d3e4699
reloadAllAccessors: .Clock5

===========================================================================================
----------------- testing Wed Jun 13 06:31:11 UTC 2018 /home/travis/build/icyphy/ptII/ptolemy/actor/lib/test/auto/Clock6.xml
----------------- Instantiating /home/travis/build/icyphy/ptII/ptolemy/actor/lib/test/auto/Clock6.xml
3 ms. Memory: 718848K Free: 252863K (35%)
----------------- Invoking toplevel() on ptolemy.moml.MoMLSimpleApplication@778ce577
----------------- Done invoking toplevel() on ptolemy.moml.MoMLSimpleApplication@778ce577
reloadAllAccessors: .Clock6

===========================================================================================
----------------- testing Wed Jun 13 06:31:11 UTC 2018 /home/travis/build/icyphy/ptII/ptolemy/actor/lib/test/auto/Clock7.xml
----------------- Instantiating /home/travis/build/icyphy/ptII/ptolemy/actor/lib/test/auto/Clock7.xml
2 ms. Memory: 718848K Free: 236592K (33%)
----------------- Invoking toplevel() on ptolemy.moml.MoMLSimpleApplication@26c01ba0
----------------- Done invoking toplevel() on ptolemy.moml.MoMLSimpleApplication@26c01ba0
reloadAllAccessors: .Clock7

===========================================================================================
----------------- testing Wed Jun 13 06:31:11 UTC 2018 /home/travis/build/icyphy/ptII/ptolemy/actor/lib/test/auto/Clock8.xml
----------------- Instantiating /home/travis/build/icyphy/ptII/ptolemy/actor/lib/test/auto/Clock8.xml
3 ms. Memory: 718848K Free: 228318K (32%)
----------------- Invoking toplevel() on ptolemy.moml.MoMLSimpleApplication@751ba8e8
----------------- Done invoking toplevel() on ptolemy.moml.MoMLSimpleApplication@751ba8e8
reloadAllAccessors: .Clock8

===========================================================================================
----------------- testing Wed Jun 13 06:31:11 UTC 2018 /home/travis/build/icyphy/ptII/ptolemy/actor/lib/test/auto/Clock9.xml
----------------- Instantiating /home/travis/build/icyphy/ptII/ptolemy/actor/lib/test/auto/Clock9.xml
2 ms. Memory: 718848K Free: 220044K (31%)
----------------- Invoking toplevel() on ptolemy.moml.MoMLSimpleApplication@77c07c81
----------------- Done invoking toplevel() on ptolemy.moml.MoMLSimpleApplication@77c07c81
reloadAllAccessors: .Clock9

===========================================================================================
----------------- testing Wed Jun 13 06:31:11 UTC 2018 /home/travis/build/icyphy/ptII/ptolemy/actor/lib/test/auto/CommDistDiscard.xml
----------------- Instantiating /home/travis/build/icyphy/ptII/ptolemy/actor/lib/test/auto/CommDistDiscard.xml
5 ms. Memory: 718848K Free: 211770K (29%)
----------------- Invoking toplevel() on ptolemy.moml.MoMLSimpleApplication@fb72f92
----------------- Done invoking toplevel() on ptolemy.moml.MoMLSimpleApplication@fb72f92
reloadAllAccessors: .CommDistDiscard

===========================================================================================
----------------- testing Wed Jun 13 06:31:11 UTC 2018 /home/travis/build/icyphy/ptII/ptolemy/actor/lib/test/auto/Commutator.xml
----------------- Instantiating /home/travis/build/icyphy/ptII/ptolemy/actor/lib/test/auto/Commutator.xml
1 ms. Memory: 718848K Free: 195500K (27%)
----------------- Invoking toplevel() on ptolemy.moml.MoMLSimpleApplication@390988a9
----------------- Done invoking toplevel() on ptolemy.moml.MoMLSimpleApplication@390988a9
reloadAllAccessors: .Commutator

===========================================================================================
----------------- testing Wed Jun 13 06:31:11 UTC 2018 /home/travis/build/icyphy/ptII/ptolemy/actor/lib/test/auto/Commutator2.xml
----------------- Instantiating /home/travis/build/icyphy/ptII/ptolemy/actor/lib/test/auto/Commutator2.xml
1 ms. Memory: 718848K Free: 187226K (26%)
----------------- Invoking toplevel() on ptolemy.moml.MoMLSimpleApplication@1efc8f75
----------------- Done invoking toplevel() on ptolemy.moml.MoMLSimpleApplication@1efc8f75
reloadAllAccessors: .Commutator2

===========================================================================================
----------------- testing Wed Jun 13 06:31:11 UTC 2018 /home/travis/build/icyphy/ptII/ptolemy/actor/lib/test/auto/Commutator3.xml
----------------- Instantiating /home/travis/build/icyphy/ptII/ptolemy/actor/lib/test/auto/Commutator3.xml
3 ms. Memory: 718848K Free: 178952K (25%)
----------------- Invoking toplevel() on ptolemy.moml.MoMLSimpleApplication@29e4a124
----------------- Done invoking toplevel() on ptolemy.moml.MoMLSimpleApplication@29e4a124
reloadAllAccessors: .Commutator3

===========================================================================================
----------------- testing Wed Jun 13 06:31:11 UTC 2018 /home/travis/build/icyphy/ptII/ptolemy/actor/lib/test/auto/Compare.xml
----------------- Instantiating /home/travis/build/icyphy/ptII/ptolemy/actor/lib/test/auto/Compare.xml
3 ms. Memory: 718848K Free: 158529K (22%)
----------------- Invoking toplevel() on ptolemy.moml.MoMLSimpleApplication@603f3e9
----------------- Done invoking toplevel() on ptolemy.moml.MoMLSimpleApplication@603f3e9
reloadAllAccessors: .Compare

===========================================================================================
----------------- testing Wed Jun 13 06:31:11 UTC 2018 /home/travis/build/icyphy/ptII/ptolemy/actor/lib/test/auto/CompareDE.xml
----------------- Instantiating /home/travis/build/icyphy/ptII/ptolemy/actor/lib/test/auto/CompareDE.xml
7 ms. Memory: 718848K Free: 146102K (20%)
----------------- Invoking toplevel() on ptolemy.moml.MoMLSimpleApplication@2fd1d2f
----------------- Done invoking toplevel() on ptolemy.moml.MoMLSimpleApplication@2fd1d2f
reloadAllAccessors: .CompareDE

===========================================================================================
----------------- testing Wed Jun 13 06:31:11 UTC 2018 /home/travis/build/icyphy/ptII/ptolemy/actor/lib/test/auto/ComplexDivide.xml
----------------- Instantiating /home/travis/build/icyphy/ptII/ptolemy/actor/lib/test/auto/ComplexDivide.xml
2 ms. Memory: 718848K Free: 137828K (19%)
----------------- Invoking toplevel() on ptolemy.moml.MoMLSimpleApplication@290320a6
----------------- Done invoking toplevel() on ptolemy.moml.MoMLSimpleApplication@290320a6
reloadAllAccessors: .ComplexDivide

===========================================================================================
----------------- testing Wed Jun 13 06:31:11 UTC 2018 /home/travis/build/icyphy/ptII/ptolemy/actor/lib/test/auto/ComputeHistogram.xml
----------------- Instantiating /home/travis/build/icyphy/ptII/ptolemy/actor/lib/test/auto/ComputeHistogram.xml
44 ms. Memory: 718848K Free: 121264K (17%)
----------------- Invoking toplevel() on ptolemy.moml.MoMLSimpleApplication@15201595
----------------- Done invoking toplevel() on ptolemy.moml.MoMLSimpleApplication@15201595
reloadAllAccessors: .ComputeHistogram

===========================================================================================
----------------- testing Wed Jun 13 06:31:11 UTC 2018 /home/travis/build/icyphy/ptII/ptolemy/actor/lib/test/auto/ConfigurationSelect.xml
----------------- Instantiating /home/travis/build/icyphy/ptII/ptolemy/actor/lib/test/auto/ConfigurationSelect.xml
4 ms. Memory: 718848K Free: 104993K (15%)
----------------- Invoking toplevel() on ptolemy.moml.MoMLSimpleApplication@6490e0db
----------------- Done invoking toplevel() on ptolemy.moml.MoMLSimpleApplication@6490e0db
reloadAllAccessors: .ConfigurationSelect

===========================================================================================
----------------- testing Wed Jun 13 06:31:11 UTC 2018 /home/travis/build/icyphy/ptII/ptolemy/actor/lib/test/auto/ConfigurationSelect2.xml
----------------- Instantiating /home/travis/build/icyphy/ptII/ptolemy/actor/lib/test/auto/ConfigurationSelect2.xml
2 ms. Memory: 718848K Free: 96719K (13%)
----------------- Invoking toplevel() on ptolemy.moml.MoMLSimpleApplication@740f0f9
----------------- Done invoking toplevel() on ptolemy.moml.MoMLSimpleApplication@740f0f9
reloadAllAccessors: .ConfigurationSelect2

===========================================================================================
----------------- testing Wed Jun 13 06:31:11 UTC 2018 /home/travis/build/icyphy/ptII/ptolemy/actor/lib/test/auto/ConfigurationSwitch.xml
----------------- Instantiating /home/travis/build/icyphy/ptII/ptolemy/actor/lib/test/auto/ConfigurationSwitch.xml
2 ms. Memory: 718848K Free: 88445K (12%)
----------------- Invoking toplevel() on ptolemy.moml.MoMLSimpleApplication@7da6fac7
----------------- Done invoking toplevel() on ptolemy.moml.MoMLSimpleApplication@7da6fac7
reloadAllAccessors: .ConfigurationSwitch

===========================================================================================
----------------- testing Wed Jun 13 06:31:11 UTC 2018 /home/travis/build/icyphy/ptII/ptolemy/actor/lib/test/auto/ConfigurationSwitch2.xml
----------------- Instantiating /home/travis/build/icyphy/ptII/ptolemy/actor/lib/test/auto/ConfigurationSwitch2.xml
2 ms. Memory: 718848K Free: 72174K (10%)
----------------- Invoking toplevel() on ptolemy.moml.MoMLSimpleApplication@57122952
----------------- Done invoking toplevel() on ptolemy.moml.MoMLSimpleApplication@57122952
reloadAllAccessors: .ConfigurationSwitch2

===========================================================================================
----------------- testing Wed Jun 13 06:31:11 UTC 2018 /home/travis/build/icyphy/ptII/ptolemy/actor/lib/test/auto/ConfigurationSwitchCloningBugWithClassRelationGroup.xml
----------------- Instantiating /home/travis/build/icyphy/ptII/ptolemy/actor/lib/test/auto/ConfigurationSwitchCloningBugWithClassRelationGroup.xml
2 ms. Memory: 718848K Free: 59747K (8%)
----------------- Invoking toplevel() on ptolemy.moml.MoMLSimpleApplication@36008661
----------------- Done invoking toplevel() on ptolemy.moml.MoMLSimpleApplication@36008661
reloadAllAccessors: .ConfigurationSwitchCloningBugWithClassRelationGroup

===========================================================================================
----------------- testing Wed Jun 13 06:31:11 UTC 2018 /home/travis/build/icyphy/ptII/ptolemy/actor/lib/test/auto/ConfigurationSwitchSelectSDF.xml
----------------- Instantiating /home/travis/build/icyphy/ptII/ptolemy/actor/lib/test/auto/ConfigurationSwitchSelectSDF.xml
3 ms. Memory: 719360K Free: 672589K (93%)
----------------- Invoking toplevel() on ptolemy.moml.MoMLSimpleApplication@5773fbad
----------------- Done invoking toplevel() on ptolemy.moml.MoMLSimpleApplication@5773fbad
reloadAllAccessors: .ConfigurationSwitchSelectSDF

===========================================================================================
----------------- testing Wed Jun 13 06:31:11 UTC 2018 /home/travis/build/icyphy/ptII/ptolemy/actor/lib/test/auto/ConfigurationSwitchSelectSDF2.xml
----------------- Instantiating /home/travis/build/icyphy/ptII/ptolemy/actor/lib/test/auto/ConfigurationSwitchSelectSDF2.xml
2 ms. Memory: 719360K Free: 658260K (92%)
----------------- Invoking toplevel() on ptolemy.moml.MoMLSimpleApplication@3d486a09
----------------- Done invoking toplevel() on ptolemy.moml.MoMLSimpleApplication@3d486a09
reloadAllAccessors: .ConfigurationSwitchSelectSDF2

===========================================================================================
----------------- testing Wed Jun 13 06:31:11 UTC 2018 /home/travis/build/icyphy/ptII/ptolemy/actor/lib/test/auto/Const.xml
----------------- Instantiating /home/travis/build/icyphy/ptII/ptolemy/actor/lib/test/auto/Const.xml
1 ms. Memory: 719360K Free: 649986K (90%)
----------------- Invoking toplevel() on ptolemy.moml.MoMLSimpleApplication@52ea9ed8
----------------- Done invoking toplevel() on ptolemy.moml.MoMLSimpleApplication@52ea9ed8
reloadAllAccessors: .Const

===========================================================================================
----------------- testing Wed Jun 13 06:31:11 UTC 2018 /home/travis/build/icyphy/ptII/ptolemy/actor/lib/test/auto/Const2.xml
----------------- Instantiating /home/travis/build/icyphy/ptII/ptolemy/actor/lib/test/auto/Const2.xml
1 ms. Memory: 719360K Free: 635711K (88%)
----------------- Invoking toplevel() on ptolemy.moml.MoMLSimpleApplication@5d1938fb
----------------- Done invoking toplevel() on ptolemy.moml.MoMLSimpleApplication@5d1938fb
reloadAllAccessors: .Const2

===========================================================================================
----------------- testing Wed Jun 13 06:31:11 UTC 2018 /home/travis/build/icyphy/ptII/ptolemy/actor/lib/test/auto/Const3.xml
----------------- Instantiating /home/travis/build/icyphy/ptII/ptolemy/actor/lib/test/auto/Const3.xml
1 ms. Memory: 719360K Free: 627437K (87%)
----------------- Invoking toplevel() on ptolemy.moml.MoMLSimpleApplication@2a3dbded
----------------- Done invoking toplevel() on ptolemy.moml.MoMLSimpleApplication@2a3dbded
reloadAllAccessors: .Const3

===========================================================================================
----------------- testing Wed Jun 13 06:31:11 UTC 2018 /home/travis/build/icyphy/ptII/ptolemy/actor/lib/test/auto/ConstantPublisherPort1.xml
----------------- Instantiating /home/travis/build/icyphy/ptII/ptolemy/actor/lib/test/auto/ConstantPublisherPort1.xml
5 ms. Memory: 719360K Free: 615026K (85%)
----------------- Invoking toplevel() on ptolemy.moml.MoMLSimpleApplication@5a7043b4
----------------- Done invoking toplevel() on ptolemy.moml.MoMLSimpleApplication@5a7043b4
reloadAllAccessors: .ConstantPublisherPort1

===========================================================================================
----------------- testing Wed Jun 13 06:31:11 UTC 2018 /home/travis/build/icyphy/ptII/ptolemy/actor/lib/test/auto/ConstantPublisherPort2.xml
----------------- Instantiating /home/travis/build/icyphy/ptII/ptolemy/actor/lib/test/auto/ConstantPublisherPort2.xml
5 ms. Memory: 719360K Free: 596598K (83%)
----------------- Invoking toplevel() on ptolemy.moml.MoMLSimpleApplication@123fe93
----------------- Done invoking toplevel() on ptolemy.moml.MoMLSimpleApplication@123fe93
reloadAllAccessors: .ConstantPublisherPort2

===========================================================================================
----------------- testing Wed Jun 13 06:31:11 UTC 2018 /home/travis/build/icyphy/ptII/ptolemy/actor/lib/test/auto/ConstantPublisherPort3.xml
----------------- Instantiating /home/travis/build/icyphy/ptII/ptolemy/actor/lib/test/auto/ConstantPublisherPort3.xml
5 ms. Memory: 719360K Free: 584171K (81%)
----------------- Invoking toplevel() on ptolemy.moml.MoMLSimpleApplication@7c41e726
----------------- Done invoking toplevel() on ptolemy.moml.MoMLSimpleApplication@7c41e726
reloadAllAccessors: .ConstantPublisherPort3

===========================================================================================
----------------- testing Wed Jun 13 06:31:11 UTC 2018 /home/travis/build/icyphy/ptII/ptolemy/actor/lib/test/auto/ConstantPublisherPort4.xml
----------------- Instantiating /home/travis/build/icyphy/ptII/ptolemy/actor/lib/test/auto/ConstantPublisherPort4.xml
2 ms. Memory: 719360K Free: 565744K (79%)
----------------- Invoking toplevel() on ptolemy.moml.MoMLSimpleApplication@49c8880a
----------------- Done invoking toplevel() on ptolemy.moml.MoMLSimpleApplication@49c8880a
reloadAllAccessors: .ConstantPublisherPort4

===========================================================================================
----------------- testing Wed Jun 13 06:31:11 UTC 2018 /home/travis/build/icyphy/ptII/ptolemy/actor/lib/test/auto/ConstantPublisherPort5.xml
----------------- Instantiating /home/travis/build/icyphy/ptII/ptolemy/actor/lib/test/auto/ConstantPublisherPort5.xml
9 ms. Memory: 719360K Free: 545043K (76%)
----------------- Invoking toplevel() on ptolemy.moml.MoMLSimpleApplication@4ffdfe8c
----------------- Done invoking toplevel() on ptolemy.moml.MoMLSimpleApplication@4ffdfe8c
reloadAllAccessors: .ConstantPublisherPort5

===========================================================================================
----------------- testing Wed Jun 13 06:31:11 UTC 2018 /home/travis/build/icyphy/ptII/ptolemy/actor/lib/test/auto/ConstantPublisherPort6.xml
----------------- Instantiating /home/travis/build/icyphy/ptII/ptolemy/actor/lib/test/auto/ConstantPublisherPort6.xml
21 ms. Memory: 719360K Free: 520221K (72%)
----------------- Invoking toplevel() on ptolemy.moml.MoMLSimpleApplication@4c6f9912
----------------- Done invoking toplevel() on ptolemy.moml.MoMLSimpleApplication@4c6f9912
reloadAllAccessors: .ConstantPublisherPort6

===========================================================================================
----------------- testing Wed Jun 13 06:31:11 UTC 2018 /home/travis/build/icyphy/ptII/ptolemy/actor/lib/test/auto/ConstantPublisherPort7.xml
----------------- Instantiating /home/travis/build/icyphy/ptII/ptolemy/actor/lib/test/auto/ConstantPublisherPort7.xml
27 ms. Memory: 719360K Free: 489398K (68%)
----------------- Invoking toplevel() on ptolemy.moml.MoMLSimpleApplication@1dd8cb1a
----------------- Done invoking toplevel() on ptolemy.moml.MoMLSimpleApplication@1dd8cb1a
reloadAllAccessors: .ConstantPublisherPort7

===========================================================================================
----------------- testing Wed Jun 13 06:31:11 UTC 2018 /home/travis/build/icyphy/ptII/ptolemy/actor/lib/test/auto/ConstraintMonitor1.xml
----------------- Instantiating /home/travis/build/icyphy/ptII/ptolemy/actor/lib/test/auto/ConstraintMonitor1.xml
9 ms. Memory: 719360K Free: 481124K (67%)
----------------- Invoking toplevel() on ptolemy.moml.MoMLSimpleApplication@1fe9d88c
----------------- Done invoking toplevel() on ptolemy.moml.MoMLSimpleApplication@1fe9d88c
reloadAllAccessors: .ConstraintMonitor1

===========================================================================================
----------------- testing Wed Jun 13 06:31:11 UTC 2018 /home/travis/build/icyphy/ptII/ptolemy/actor/lib/test/auto/ConstraintMonitor2.xml
----------------- Instantiating /home/travis/build/icyphy/ptII/ptolemy/actor/lib/test/auto/ConstraintMonitor2.xml
1 ms. Memory: 719360K Free: 472850K (66%)
----------------- Invoking toplevel() on ptolemy.moml.MoMLSimpleApplication@79443d6e
----------------- Done invoking toplevel() on ptolemy.moml.MoMLSimpleApplication@79443d6e
reloadAllAccessors: .ConstraintMonitor2

===========================================================================================
----------------- testing Wed Jun 13 06:31:11 UTC 2018 /home/travis/build/icyphy/ptII/ptolemy/actor/lib/test/auto/ConstraintMonitor3.xml
----------------- Instantiating /home/travis/build/icyphy/ptII/ptolemy/actor/lib/test/auto/ConstraintMonitor3.xml
1 ms. Memory: 719360K Free: 458576K (64%)
----------------- Invoking toplevel() on ptolemy.moml.MoMLSimpleApplication@7caacbb9
----------------- Done invoking toplevel() on ptolemy.moml.MoMLSimpleApplication@7caacbb9
reloadAllAccessors: .ConstraintMonitor3

===========================================================================================
----------------- testing Wed Jun 13 06:31:11 UTC 2018 /home/travis/build/icyphy/ptII/ptolemy/actor/lib/test/auto/ConstraintMonitor4.xml
----------------- Instantiating /home/travis/build/icyphy/ptII/ptolemy/actor/lib/test/auto/ConstraintMonitor4.xml
6 ms. Memory: 719360K Free: 450302K (63%)
----------------- Invoking toplevel() on ptolemy.moml.MoMLSimpleApplication@3c6baeb6
----------------- Done invoking toplevel() on ptolemy.moml.MoMLSimpleApplication@3c6baeb6
reloadAllAccessors: .ConstraintMonitor4

===========================================================================================
----------------- testing Wed Jun 13 06:31:11 UTC 2018 /home/travis/build/icyphy/ptII/ptolemy/actor/lib/test/auto/ConstraintMonitor5.xml
----------------- Instantiating /home/travis/build/icyphy/ptII/ptolemy/actor/lib/test/auto/ConstraintMonitor5.xml
6 ms. Memory: 719360K Free: 436027K (61%)
----------------- Invoking toplevel() on ptolemy.moml.MoMLSimpleApplication@929b585
----------------- Done invoking toplevel() on ptolemy.moml.MoMLSimpleApplication@929b585
reloadAllAccessors: .ConstraintMonitor5

===========================================================================================
----------------- testing Wed Jun 13 06:31:11 UTC 2018 /home/travis/build/icyphy/ptII/ptolemy/actor/lib/test/auto/ConstraintMonitor6.xml
----------------- Instantiating /home/travis/build/icyphy/ptII/ptolemy/actor/lib/test/auto/ConstraintMonitor6.xml
5 ms. Memory: 719360K Free: 423608K (59%)
----------------- Invoking toplevel() on ptolemy.moml.MoMLSimpleApplication@2e5ae3a7
----------------- Done invoking toplevel() on ptolemy.moml.MoMLSimpleApplication@2e5ae3a7
reloadAllAccessors: .ConstraintMonitor6

===========================================================================================
----------------- testing Wed Jun 13 06:31:11 UTC 2018 /home/travis/build/icyphy/ptII/ptolemy/actor/lib/test/auto/ConstraintMonitor7.xml
----------------- Instantiating /home/travis/build/icyphy/ptII/ptolemy/actor/lib/test/auto/ConstraintMonitor7.xml
8 ms. Memory: 719360K Free: 411181K (57%)
----------------- Invoking toplevel() on ptolemy.moml.MoMLSimpleApplication@300b1521
----------------- Done invoking toplevel() on ptolemy.moml.MoMLSimpleApplication@300b1521
reloadAllAccessors: .ConstraintMonitor7

===========================================================================================
----------------- testing Wed Jun 13 06:31:11 UTC 2018 /home/travis/build/icyphy/ptII/ptolemy/actor/lib/test/auto/ConstraintMonitor8.xml
----------------- Instantiating /home/travis/build/icyphy/ptII/ptolemy/actor/lib/test/auto/ConstraintMonitor8.xml
9 ms. Memory: 719360K Free: 392753K (55%)
----------------- Invoking toplevel() on ptolemy.moml.MoMLSimpleApplication@a1af5e
----------------- Done invoking toplevel() on ptolemy.moml.MoMLSimpleApplication@a1af5e
reloadAllAccessors: .ConstraintMonitor8

===========================================================================================
----------------- testing Wed Jun 13 06:31:11 UTC 2018 /home/travis/build/icyphy/ptII/ptolemy/actor/lib/test/auto/Counter.xml
----------------- Instantiating /home/travis/build/icyphy/ptII/ptolemy/actor/lib/test/auto/Counter.xml
3 ms. Memory: 719360K Free: 384479K (53%)
----------------- Invoking toplevel() on ptolemy.moml.MoMLSimpleApplication@2afd7bd7
----------------- Done invoking toplevel() on ptolemy.moml.MoMLSimpleApplication@2afd7bd7
reloadAllAccessors: .Counter

===========================================================================================
----------------- testing Wed Jun 13 06:31:11 UTC 2018 /home/travis/build/icyphy/ptII/ptolemy/actor/lib/test/auto/CurrentTimeSDF.xml
----------------- Instantiating /home/travis/build/icyphy/ptII/ptolemy/actor/lib/test/auto/CurrentTimeSDF.xml
2 ms. Memory: 719360K Free: 376205K (52%)
----------------- Invoking toplevel() on ptolemy.moml.MoMLSimpleApplication@4e542c6a
----------------- Done invoking toplevel() on ptolemy.moml.MoMLSimpleApplication@4e542c6a
reloadAllAccessors: .CurrentTimeSDF

===========================================================================================
----------------- testing Wed Jun 13 06:31:12 UTC 2018 /home/travis/build/icyphy/ptII/ptolemy/actor/lib/test/auto/DB.xml
----------------- Instantiating /home/travis/build/icyphy/ptII/ptolemy/actor/lib/test/auto/DB.xml
3 ms. Memory: 719360K Free: 361931K (50%)
----------------- Invoking toplevel() on ptolemy.moml.MoMLSimpleApplication@4a31ec6
----------------- Done invoking toplevel() on ptolemy.moml.MoMLSimpleApplication@4a31ec6
reloadAllAccessors: .DB

===========================================================================================
----------------- testing Wed Jun 13 06:31:12 UTC 2018 /home/travis/build/icyphy/ptII/ptolemy/actor/lib/test/auto/DBDE.xml
----------------- Instantiating /home/travis/build/icyphy/ptII/ptolemy/actor/lib/test/auto/DBDE.xml
2 ms. Memory: 719360K Free: 353657K (49%)
----------------- Invoking toplevel() on ptolemy.moml.MoMLSimpleApplication@2e22ff57
----------------- Done invoking toplevel() on ptolemy.moml.MoMLSimpleApplication@2e22ff57
reloadAllAccessors: .DBDE

===========================================================================================
----------------- testing Wed Jun 13 06:31:12 UTC 2018 /home/travis/build/icyphy/ptII/ptolemy/actor/lib/test/auto/DateConstructor.xml
----------------- Instantiating /home/travis/build/icyphy/ptII/ptolemy/actor/lib/test/auto/DateConstructor.xml
17 ms. Memory: 719360K Free: 326955K (45%)
----------------- Invoking toplevel() on ptolemy.moml.MoMLSimpleApplication@6de9d541
----------------- Done invoking toplevel() on ptolemy.moml.MoMLSimpleApplication@6de9d541
reloadAllAccessors: .DateConstructor

===========================================================================================
----------------- testing Wed Jun 13 06:31:12 UTC 2018 /home/travis/build/icyphy/ptII/ptolemy/actor/lib/test/auto/DelayTime.xml
----------------- Instantiating /home/travis/build/icyphy/ptII/ptolemy/actor/lib/test/auto/DelayTime.xml
3 ms. Memory: 719360K Free: 318681K (44%)
----------------- Invoking toplevel() on ptolemy.moml.MoMLSimpleApplication@73ed1ea7
----------------- Done invoking toplevel() on ptolemy.moml.MoMLSimpleApplication@73ed1ea7
reloadAllAccessors: .DelayTime

===========================================================================================
----------------- testing Wed Jun 13 06:31:12 UTC 2018 /home/travis/build/icyphy/ptII/ptolemy/actor/lib/test/auto/Dictionary1.xml
----------------- Instantiating /home/travis/build/icyphy/ptII/ptolemy/actor/lib/test/auto/Dictionary1.xml
1 ms. Memory: 719360K Free: 310407K (43%)
----------------- Invoking toplevel() on ptolemy.moml.MoMLSimpleApplication@499fca11
----------------- Done invoking toplevel() on ptolemy.moml.MoMLSimpleApplication@499fca11
reloadAllAccessors: .Dictionary1

===========================================================================================
----------------- testing Wed Jun 13 06:31:12 UTC 2018 /home/travis/build/icyphy/ptII/ptolemy/actor/lib/test/auto/Dictionary2.xml
----------------- Instantiating /home/travis/build/icyphy/ptII/ptolemy/actor/lib/test/auto/Dictionary2.xml
4 ms. Memory: 719360K Free: 296133K (41%)
----------------- Invoking toplevel() on ptolemy.moml.MoMLSimpleApplication@64b4ca95
----------------- Done invoking toplevel() on ptolemy.moml.MoMLSimpleApplication@64b4ca95
reloadAllAccessors: .Dictionary2

===========================================================================================
----------------- testing Wed Jun 13 06:31:12 UTC 2018 /home/travis/build/icyphy/ptII/ptolemy/actor/lib/test/auto/Dictionary3.xml
----------------- Instantiating /home/travis/build/icyphy/ptII/ptolemy/actor/lib/test/auto/Dictionary3.xml
2 ms. Memory: 719360K Free: 287859K (40%)
----------------- Invoking toplevel() on ptolemy.moml.MoMLSimpleApplication@70227201
----------------- Done invoking toplevel() on ptolemy.moml.MoMLSimpleApplication@70227201
reloadAllAccessors: .Dictionary3

===========================================================================================
----------------- testing Wed Jun 13 06:31:12 UTC 2018 /home/travis/build/icyphy/ptII/ptolemy/actor/lib/test/auto/Dictionary4.xml
----------------- Instantiating /home/travis/build/icyphy/ptII/ptolemy/actor/lib/test/auto/Dictionary4.xml
5 ms. Memory: 719360K Free: 269446K (37%)
----------------- Invoking toplevel() on ptolemy.moml.MoMLSimpleApplication@2ce3770c
----------------- Done invoking toplevel() on ptolemy.moml.MoMLSimpleApplication@2ce3770c
reloadAllAccessors: .Dictionary4

===========================================================================================
----------------- testing Wed Jun 13 06:31:12 UTC 2018 /home/travis/build/icyphy/ptII/ptolemy/actor/lib/test/auto/Differential.xml
----------------- Instantiating /home/travis/build/icyphy/ptII/ptolemy/actor/lib/test/auto/Differential.xml
2 ms. Memory: 719360K Free: 261172K (36%)
----------------- Invoking toplevel() on ptolemy.moml.MoMLSimpleApplication@7bb4f16c
----------------- Done invoking toplevel() on ptolemy.moml.MoMLSimpleApplication@7bb4f16c
reloadAllAccessors: .Differential

===========================================================================================
----------------- testing Wed Jun 13 06:31:12 UTC 2018 /home/travis/build/icyphy/ptII/ptolemy/actor/lib/test/auto/Director.xml
----------------- Instantiating /home/travis/build/icyphy/ptII/ptolemy/actor/lib/test/auto/Director.xml
1 ms. Memory: 719360K Free: 252898K (35%)
----------------- Invoking toplevel() on ptolemy.moml.MoMLSimpleApplication@4de123ba
----------------- Done invoking toplevel() on ptolemy.moml.MoMLSimpleApplication@4de123ba
reloadAllAccessors: .Director

===========================================================================================
----------------- testing Wed Jun 13 06:31:12 UTC 2018 /home/travis/build/icyphy/ptII/ptolemy/actor/lib/test/auto/DiscreteClock.xml
----------------- Instantiating /home/travis/build/icyphy/ptII/ptolemy/actor/lib/test/auto/DiscreteClock.xml
1 ms. Memory: 719360K Free: 238624K (33%)
----------------- Invoking toplevel() on ptolemy.moml.MoMLSimpleApplication@35e95699
----------------- Done invoking toplevel() on ptolemy.moml.MoMLSimpleApplication@35e95699
reloadAllAccessors: .DiscreteClock

===========================================================================================
----------------- testing Wed Jun 13 06:31:12 UTC 2018 /home/travis/build/icyphy/ptII/ptolemy/actor/lib/test/auto/DiscreteClock10.xml
----------------- Instantiating /home/travis/build/icyphy/ptII/ptolemy/actor/lib/test/auto/DiscreteClock10.xml
2 ms. Memory: 719360K Free: 230350K (32%)
----------------- Invoking toplevel() on ptolemy.moml.MoMLSimpleApplication@15ccb9f9
----------------- Done invoking toplevel() on ptolemy.moml.MoMLSimpleApplication@15ccb9f9
reloadAllAccessors: .DiscreteClock10

===========================================================================================
----------------- testing Wed Jun 13 06:31:12 UTC 2018 /home/travis/build/icyphy/ptII/ptolemy/actor/lib/test/auto/DiscreteClock11.xml
----------------- Instantiating /home/travis/build/icyphy/ptII/ptolemy/actor/lib/test/auto/DiscreteClock11.xml
2 ms. Memory: 719360K Free: 216075K (30%)
----------------- Invoking toplevel() on ptolemy.moml.MoMLSimpleApplication@18b72c85
----------------- Done invoking toplevel() on ptolemy.moml.MoMLSimpleApplication@18b72c85
reloadAllAccessors: .DiscreteClock11

===========================================================================================
----------------- testing Wed Jun 13 06:31:12 UTC 2018 /home/travis/build/icyphy/ptII/ptolemy/actor/lib/test/auto/DiscreteClock12.xml
----------------- Instantiating /home/travis/build/icyphy/ptII/ptolemy/actor/lib/test/auto/DiscreteClock12.xml
3 ms. Memory: 719360K Free: 207801K (29%)
----------------- Invoking toplevel() on ptolemy.moml.MoMLSimpleApplication@62fcffb9
----------------- Done invoking toplevel() on ptolemy.moml.MoMLSimpleApplication@62fcffb9
reloadAllAccessors: .DiscreteClock12

===========================================================================================
----------------- testing Wed Jun 13 06:31:12 UTC 2018 /home/travis/build/icyphy/ptII/ptolemy/actor/lib/test/auto/DiscreteClock13.xml
----------------- Instantiating /home/travis/build/icyphy/ptII/ptolemy/actor/lib/test/auto/DiscreteClock13.xml
3 ms. Memory: 719360K Free: 199527K (28%)
----------------- Invoking toplevel() on ptolemy.moml.MoMLSimpleApplication@3bb542a2
----------------- Done invoking toplevel() on ptolemy.moml.MoMLSimpleApplication@3bb542a2
reloadAllAccessors: .DiscreteClock13

===========================================================================================
----------------- testing Wed Jun 13 06:31:12 UTC 2018 /home/travis/build/icyphy/ptII/ptolemy/actor/lib/test/auto/DiscreteClock14.xml
----------------- Instantiating /home/travis/build/icyphy/ptII/ptolemy/actor/lib/test/auto/DiscreteClock14.xml
3 ms. Memory: 719360K Free: 185253K (26%)
----------------- Invoking toplevel() on ptolemy.moml.MoMLSimpleApplication@2a7809aa
----------------- Done invoking toplevel() on ptolemy.moml.MoMLSimpleApplication@2a7809aa
reloadAllAccessors: .DiscreteClock14

===========================================================================================
----------------- testing Wed Jun 13 06:31:12 UTC 2018 /home/travis/build/icyphy/ptII/ptolemy/actor/lib/test/auto/DiscreteClock15.xml
----------------- Instantiating /home/travis/build/icyphy/ptII/ptolemy/actor/lib/test/auto/DiscreteClock15.xml
6 ms. Memory: 719360K Free: 176979K (25%)
----------------- Invoking toplevel() on ptolemy.moml.MoMLSimpleApplication@581c3655
----------------- Done invoking toplevel() on ptolemy.moml.MoMLSimpleApplication@581c3655
reloadAllAccessors: .DiscreteClock15

===========================================================================================
----------------- testing Wed Jun 13 06:31:12 UTC 2018 /home/travis/build/icyphy/ptII/ptolemy/actor/lib/test/auto/DiscreteClock16.xml
----------------- Instantiating /home/travis/build/icyphy/ptII/ptolemy/actor/lib/test/auto/DiscreteClock16.xml
24 ms. Memory: 1111552K Free: 1052526K (95%)
----------------- Invoking toplevel() on ptolemy.moml.MoMLSimpleApplication@6148db54
----------------- Done invoking toplevel() on ptolemy.moml.MoMLSimpleApplication@6148db54
reloadAllAccessors: .DiscreteClock16

===========================================================================================
----------------- testing Wed Jun 13 06:31:13 UTC 2018 /home/travis/build/icyphy/ptII/ptolemy/actor/lib/test/auto/DiscreteClock17.xml
----------------- Instantiating /home/travis/build/icyphy/ptII/ptolemy/actor/lib/test/auto/DiscreteClock17.xml
19 ms. Memory: 1111552K Free: 1025216K (92%)
----------------- Invoking toplevel() on ptolemy.moml.MoMLSimpleApplication@ce9f314
----------------- Done invoking toplevel() on ptolemy.moml.MoMLSimpleApplication@ce9f314
reloadAllAccessors: .DiscreteClock17

===========================================================================================
----------------- testing Wed Jun 13 06:31:13 UTC 2018 /home/travis/build/icyphy/ptII/ptolemy/actor/lib/test/auto/DiscreteClock18.xml
----------------- Instantiating /home/travis/build/icyphy/ptII/ptolemy/actor/lib/test/auto/DiscreteClock18.xml
18 ms. Memory: 1111552K Free: 1005342K (90%)
----------------- Invoking toplevel() on ptolemy.moml.MoMLSimpleApplication@3af0c95f
----------------- Done invoking toplevel() on ptolemy.moml.MoMLSimpleApplication@3af0c95f
reloadAllAccessors: .DiscreteClock18

===========================================================================================
----------------- testing Wed Jun 13 06:31:13 UTC 2018 /home/travis/build/icyphy/ptII/ptolemy/actor/lib/test/auto/DiscreteClock19.xml
----------------- Instantiating /home/travis/build/icyphy/ptII/ptolemy/actor/lib/test/auto/DiscreteClock19.xml
17 ms. Memory: 1111552K Free: 985469K (89%)
----------------- Invoking toplevel() on ptolemy.moml.MoMLSimpleApplication@48d655b7
----------------- Done invoking toplevel() on ptolemy.moml.MoMLSimpleApplication@48d655b7
reloadAllAccessors: .DiscreteClock19

===========================================================================================
----------------- testing Wed Jun 13 06:31:13 UTC 2018 /home/travis/build/icyphy/ptII/ptolemy/actor/lib/test/auto/DiscreteClock2.xml
----------------- Instantiating /home/travis/build/icyphy/ptII/ptolemy/actor/lib/test/auto/DiscreteClock2.xml
3 ms. Memory: 1111552K Free: 964780K (87%)
----------------- Invoking toplevel() on ptolemy.moml.MoMLSimpleApplication@12cb6bde
----------------- Done invoking toplevel() on ptolemy.moml.MoMLSimpleApplication@12cb6bde
reloadAllAccessors: .DiscreteClock2

===========================================================================================
----------------- testing Wed Jun 13 06:31:13 UTC 2018 /home/travis/build/icyphy/ptII/ptolemy/actor/lib/test/auto/DiscreteClock20.xml
----------------- Instantiating /home/travis/build/icyphy/ptII/ptolemy/actor/lib/test/auto/DiscreteClock20.xml
5 ms. Memory: 1111552K Free: 951536K (86%)
----------------- Invoking toplevel() on ptolemy.moml.MoMLSimpleApplication@50722273
----------------- Done invoking toplevel() on ptolemy.moml.MoMLSimpleApplication@50722273
reloadAllAccessors: .DiscreteClock20

===========================================================================================
----------------- testing Wed Jun 13 06:31:13 UTC 2018 /home/travis/build/icyphy/ptII/ptolemy/actor/lib/test/auto/DiscreteClock21.xml
----------------- Instantiating /home/travis/build/icyphy/ptII/ptolemy/actor/lib/test/auto/DiscreteClock21.xml
2 ms. Memory: 1111552K Free: 938293K (84%)
----------------- Invoking toplevel() on ptolemy.moml.MoMLSimpleApplication@5691c3b
----------------- Done invoking toplevel() on ptolemy.moml.MoMLSimpleApplication@5691c3b
reloadAllAccessors: .DiscreteClock21

===========================================================================================
----------------- testing Wed Jun 13 06:31:13 UTC 2018 /home/travis/build/icyphy/ptII/ptolemy/actor/lib/test/auto/DiscreteClock22.xml
----------------- Instantiating /home/travis/build/icyphy/ptII/ptolemy/actor/lib/test/auto/DiscreteClock22.xml
2 ms. Memory: 1111552K Free: 917604K (83%)
----------------- Invoking toplevel() on ptolemy.moml.MoMLSimpleApplication@755e3ae2
----------------- Done invoking toplevel() on ptolemy.moml.MoMLSimpleApplication@755e3ae2
reloadAllAccessors: .DiscreteClock22

===========================================================================================
----------------- testing Wed Jun 13 06:31:13 UTC 2018 /home/travis/build/icyphy/ptII/ptolemy/actor/lib/test/auto/DiscreteClock23.xml
----------------- Instantiating /home/travis/build/icyphy/ptII/ptolemy/actor/lib/test/auto/DiscreteClock23.xml
1 ms. Memory: 1111552K Free: 904361K (81%)
----------------- Invoking toplevel() on ptolemy.moml.MoMLSimpleApplication@560c780b
----------------- Done invoking toplevel() on ptolemy.moml.MoMLSimpleApplication@560c780b
reloadAllAccessors: .DiscreteClock23

===========================================================================================
----------------- testing Wed Jun 13 06:31:13 UTC 2018 /home/travis/build/icyphy/ptII/ptolemy/actor/lib/test/auto/DiscreteClock24.xml
----------------- Instantiating /home/travis/build/icyphy/ptII/ptolemy/actor/lib/test/auto/DiscreteClock24.xml
5 ms. Memory: 1111552K Free: 891117K (80%)
----------------- Invoking toplevel() on ptolemy.moml.MoMLSimpleApplication@e218133
----------------- Done invoking toplevel() on ptolemy.moml.MoMLSimpleApplication@e218133
reloadAllAccessors: .DiscreteClock24

===========================================================================================
----------------- testing Wed Jun 13 06:31:13 UTC 2018 /home/travis/build/icyphy/ptII/ptolemy/actor/lib/test/auto/DiscreteClock4.xml
----------------- Instantiating /home/travis/build/icyphy/ptII/ptolemy/actor/lib/test/auto/DiscreteClock4.xml
3 ms. Memory: 1111552K Free: 870428K (78%)
----------------- Invoking toplevel() on ptolemy.moml.MoMLSimpleApplication@765d90c7
----------------- Done invoking toplevel() on ptolemy.moml.MoMLSimpleApplication@765d90c7
reloadAllAccessors: .DiscreteClock4

===========================================================================================
----------------- testing Wed Jun 13 06:31:13 UTC 2018 /home/travis/build/icyphy/ptII/ptolemy/actor/lib/test/auto/DiscreteClock5.xml
----------------- Instantiating /home/travis/build/icyphy/ptII/ptolemy/actor/lib/test/auto/DiscreteClock5.xml
1 ms. Memory: 1111552K Free: 857184K (77%)
----------------- Invoking toplevel() on ptolemy.moml.MoMLSimpleApplication@74927319
----------------- Done invoking toplevel() on ptolemy.moml.MoMLSimpleApplication@74927319
reloadAllAccessors: .DiscreteClock5

===========================================================================================
----------------- testing Wed Jun 13 06:31:13 UTC 2018 /home/travis/build/icyphy/ptII/ptolemy/actor/lib/test/auto/DiscreteClock6.xml
----------------- Instantiating /home/travis/build/icyphy/ptII/ptolemy/actor/lib/test/auto/DiscreteClock6.xml
2 ms. Memory: 1111552K Free: 843941K (76%)
----------------- Invoking toplevel() on ptolemy.moml.MoMLSimpleApplication@21b8b5f1
----------------- Done invoking toplevel() on ptolemy.moml.MoMLSimpleApplication@21b8b5f1
reloadAllAccessors: .DiscreteClock6

===========================================================================================
----------------- testing Wed Jun 13 06:31:13 UTC 2018 /home/travis/build/icyphy/ptII/ptolemy/actor/lib/test/auto/DiscreteClock7.xml
----------------- Instantiating /home/travis/build/icyphy/ptII/ptolemy/actor/lib/test/auto/DiscreteClock7.xml
2 ms. Memory: 1111552K Free: 823252K (74%)
----------------- Invoking toplevel() on ptolemy.moml.MoMLSimpleApplication@77bab2fe
----------------- Done invoking toplevel() on ptolemy.moml.MoMLSimpleApplication@77bab2fe
reloadAllAccessors: .DiscreteClock7

===========================================================================================
----------------- testing Wed Jun 13 06:31:13 UTC 2018 /home/travis/build/icyphy/ptII/ptolemy/actor/lib/test/auto/DiscreteClock8.xml
----------------- Instantiating /home/travis/build/icyphy/ptII/ptolemy/actor/lib/test/auto/DiscreteClock8.xml
1 ms. Memory: 1111552K Free: 810008K (73%)
----------------- Invoking toplevel() on ptolemy.moml.MoMLSimpleApplication@d6aa247
----------------- Done invoking toplevel() on ptolemy.moml.MoMLSimpleApplication@d6aa247
reloadAllAccessors: .DiscreteClock8

===========================================================================================
----------------- testing Wed Jun 13 06:31:13 UTC 2018 /home/travis/build/icyphy/ptII/ptolemy/actor/lib/test/auto/DiscreteClock9.xml
----------------- Instantiating /home/travis/build/icyphy/ptII/ptolemy/actor/lib/test/auto/DiscreteClock9.xml
2 ms. Memory: 1111552K Free: 796765K (72%)
----------------- Invoking toplevel() on ptolemy.moml.MoMLSimpleApplication@46be0f73
----------------- Done invoking toplevel() on ptolemy.moml.MoMLSimpleApplication@46be0f73
reloadAllAccessors: .DiscreteClock9

===========================================================================================
----------------- testing Wed Jun 13 06:31:13 UTC 2018 /home/travis/build/icyphy/ptII/ptolemy/actor/lib/test/auto/DisplayArray.xml
----------------- Instantiating /home/travis/build/icyphy/ptII/ptolemy/actor/lib/test/auto/DisplayArray.xml
2 ms. Memory: 1111552K Free: 776076K (70%)
----------------- Invoking toplevel() on ptolemy.moml.MoMLSimpleApplication@64c64423
----------------- Done invoking toplevel() on ptolemy.moml.MoMLSimpleApplication@64c64423
reloadAllAccessors: .DisplayArray

===========================================================================================
----------------- testing Wed Jun 13 06:31:13 UTC 2018 /home/travis/build/icyphy/ptII/ptolemy/actor/lib/test/auto/Distributor.xml
----------------- Instantiating /home/travis/build/icyphy/ptII/ptolemy/actor/lib/test/auto/Distributor.xml
2 ms. Memory: 1111552K Free: 762832K (69%)
----------------- Invoking toplevel() on ptolemy.moml.MoMLSimpleApplication@7c3d34e
----------------- Done invoking toplevel() on ptolemy.moml.MoMLSimpleApplication@7c3d34e
reloadAllAccessors: .Distributor

===========================================================================================
----------------- testing Wed Jun 13 06:31:13 UTC 2018 /home/travis/build/icyphy/ptII/ptolemy/actor/lib/test/auto/Distributor2.xml
----------------- Instantiating /home/travis/build/icyphy/ptII/ptolemy/actor/lib/test/auto/Distributor2.xml
2 ms. Memory: 1111552K Free: 749589K (67%)
----------------- Invoking toplevel() on ptolemy.moml.MoMLSimpleApplication@319eaec3
----------------- Done invoking toplevel() on ptolemy.moml.MoMLSimpleApplication@319eaec3
reloadAllAccessors: .Distributor2

===========================================================================================
----------------- testing Wed Jun 13 06:31:13 UTC 2018 /home/travis/build/icyphy/ptII/ptolemy/actor/lib/test/auto/DownSample.xml
----------------- Instantiating /home/travis/build/icyphy/ptII/ptolemy/actor/lib/test/auto/DownSample.xml
2 ms. Memory: 1111552K Free: 736345K (66%)
----------------- Invoking toplevel() on ptolemy.moml.MoMLSimpleApplication@64681d99
----------------- Done invoking toplevel() on ptolemy.moml.MoMLSimpleApplication@64681d99
reloadAllAccessors: .DownSample

===========================================================================================
----------------- testing Wed Jun 13 06:31:13 UTC 2018 /home/travis/build/icyphy/ptII/ptolemy/actor/lib/test/auto/ElectronicUnitBase1.xml
----------------- Instantiating /home/travis/build/icyphy/ptII/ptolemy/actor/lib/test/auto/ElectronicUnitBase1.xml
18 ms. Memory: 1111552K Free: 702405K (63%)
----------------- Invoking toplevel() on ptolemy.moml.MoMLSimpleApplication@359610c0
----------------- Done invoking toplevel() on ptolemy.moml.MoMLSimpleApplication@359610c0
reloadAllAccessors: .ElectronicUnitBase1

===========================================================================================
----------------- testing Wed Jun 13 06:31:13 UTC 2018 /home/travis/build/icyphy/ptII/ptolemy/actor/lib/test/auto/ElementsToArray.xml
----------------- Instantiating /home/travis/build/icyphy/ptII/ptolemy/actor/lib/test/auto/ElementsToArray.xml
2 ms. Memory: 1111552K Free: 689161K (62%)
----------------- Invoking toplevel() on ptolemy.moml.MoMLSimpleApplication@bf4f8
----------------- Done invoking toplevel() on ptolemy.moml.MoMLSimpleApplication@bf4f8
reloadAllAccessors: .ElementsToArray

===========================================================================================
----------------- testing Wed Jun 13 06:31:13 UTC 2018 /home/travis/build/icyphy/ptII/ptolemy/actor/lib/test/auto/Equals.xml
----------------- Instantiating /home/travis/build/icyphy/ptII/ptolemy/actor/lib/test/auto/Equals.xml
1 ms. Memory: 1111552K Free: 675917K (61%)
----------------- Invoking toplevel() on ptolemy.moml.MoMLSimpleApplication@330c3603
----------------- Done invoking toplevel() on ptolemy.moml.MoMLSimpleApplication@330c3603
reloadAllAccessors: .Equals

===========================================================================================
----------------- testing Wed Jun 13 06:31:13 UTC 2018 /home/travis/build/icyphy/ptII/ptolemy/actor/lib/test/auto/Exec.xml
----------------- Instantiating /home/travis/build/icyphy/ptII/ptolemy/actor/lib/test/auto/Exec.xml
15 ms. Memory: 1111552K Free: 645296K (58%)
----------------- Invoking toplevel() on ptolemy.moml.MoMLSimpleApplication@e989252
----------------- Done invoking toplevel() on ptolemy.moml.MoMLSimpleApplication@e989252
reloadAllAccessors: .Exec

===========================================================================================
----------------- testing Wed Jun 13 06:31:13 UTC 2018 /home/travis/build/icyphy/ptII/ptolemy/actor/lib/test/auto/ExecEnvironment.xml
----------------- Instantiating /home/travis/build/icyphy/ptII/ptolemy/actor/lib/test/auto/ExecEnvironment.xml
17 ms. Memory: 1111552K Free: 625430K (56%)
----------------- Invoking toplevel() on ptolemy.moml.MoMLSimpleApplication@530030c4
----------------- Done invoking toplevel() on ptolemy.moml.MoMLSimpleApplication@530030c4
reloadAllAccessors: .ExecEnvironment

===========================================================================================
----------------- testing Wed Jun 13 06:31:13 UTC 2018 /home/travis/build/icyphy/ptII/ptolemy/actor/lib/test/auto/ExecNonZeroReturnOutput.xml
----------------- Instantiating /home/travis/build/icyphy/ptII/ptolemy/actor/lib/test/auto/ExecNonZeroReturnOutput.xml
143 ms. Memory: 1111552K Free: 526101K (47%)
----------------- Invoking toplevel() on ptolemy.moml.MoMLSimpleApplication@9558333
----------------- Done invoking toplevel() on ptolemy.moml.MoMLSimpleApplication@9558333
reloadAllAccessors: .ExecNonZeroReturnOutput

===========================================================================================
----------------- testing Wed Jun 13 06:31:13 UTC 2018 /home/travis/build/icyphy/ptII/ptolemy/actor/lib/test/auto/ExecRunDemos.xml
----------------- Instantiating /home/travis/build/icyphy/ptII/ptolemy/actor/lib/test/auto/ExecRunDemos.xml
Finished: 63 ms. Memory: 116224K Free: 100789K (87%)

Finished: 55 ms. Memory: 116224K Free: 98294K (85%)

Finished: 89 ms. Memory: 116224K Free: 98342K (85%)

Finished: 49 ms. Memory: 116224K Free: 99496K (86%)

Finished: 41 ms. Memory: 116224K Free: 100769K (87%)

9825 ms. Memory: 1111552K Free: 425907K (38%)
----------------- Invoking toplevel() on ptolemy.moml.MoMLSimpleApplication@4e23f99e
----------------- Done invoking toplevel() on ptolemy.moml.MoMLSimpleApplication@4e23f99e
reloadAllAccessors: .ExecRunDemos

===========================================================================================
----------------- testing Wed Jun 13 06:31:23 UTC 2018 /home/travis/build/icyphy/ptII/ptolemy/actor/lib/test/auto/ExecStop.xml
----------------- Instantiating /home/travis/build/icyphy/ptII/ptolemy/actor/lib/test/auto/ExecStop.xml
5015 ms. Memory: 1111552K Free: 240493K (22%)
----------------- Invoking toplevel() on ptolemy.moml.MoMLSimpleApplication@25414c4e
----------------- Done invoking toplevel() on ptolemy.moml.MoMLSimpleApplication@25414c4e
reloadAllAccessors: .ExecStop

===========================================================================================
----------------- testing Wed Jun 13 06:31:28 UTC 2018 /home/travis/build/icyphy/ptII/ptolemy/actor/lib/test/auto/ExecutionTimeSDF.xml
----------------- Instantiating /home/travis/build/icyphy/ptII/ptolemy/actor/lib/test/auto/ExecutionTimeSDF.xml
Fired ExecutionTime: -546967296
Fired ExecutionTime: 902400000
Fired ExecutionTime: -1232967296
6005 ms. Memory: 1111552K Free: 220612K (20%)
----------------- Invoking toplevel() on ptolemy.moml.MoMLSimpleApplication@14255146
----------------- Done invoking toplevel() on ptolemy.moml.MoMLSimpleApplication@14255146
reloadAllAccessors: .ExecutionTimeSDF

===========================================================================================
----------------- testing Wed Jun 13 06:31:34 UTC 2018 /home/travis/build/icyphy/ptII/ptolemy/actor/lib/test/auto/Expression1.xml
----------------- Instantiating /home/travis/build/icyphy/ptII/ptolemy/actor/lib/test/auto/Expression1.xml
2 ms. Memory: 1111552K Free: 199923K (18%)
----------------- Invoking toplevel() on ptolemy.moml.MoMLSimpleApplication@760f5097
----------------- Done invoking toplevel() on ptolemy.moml.MoMLSimpleApplication@760f5097
reloadAllAccessors: .Expression1

===========================================================================================
----------------- testing Wed Jun 13 06:31:34 UTC 2018 /home/travis/build/icyphy/ptII/ptolemy/actor/lib/test/auto/Expression10.xml
----------------- Instantiating /home/travis/build/icyphy/ptII/ptolemy/actor/lib/test/auto/Expression10.xml
9 ms. Memory: 1111552K Free: 186680K (17%)
----------------- Invoking toplevel() on ptolemy.moml.MoMLSimpleApplication@23febcf9
----------------- Done invoking toplevel() on ptolemy.moml.MoMLSimpleApplication@23febcf9
reloadAllAccessors: .Expression10

===========================================================================================
----------------- testing Wed Jun 13 06:31:34 UTC 2018 /home/travis/build/icyphy/ptII/ptolemy/actor/lib/test/auto/Expression11.xml
----------------- Instantiating /home/travis/build/icyphy/ptII/ptolemy/actor/lib/test/auto/Expression11.xml
3 ms. Memory: 1111552K Free: 173436K (16%)
----------------- Invoking toplevel() on ptolemy.moml.MoMLSimpleApplication@52d84d9c
----------------- Done invoking toplevel() on ptolemy.moml.MoMLSimpleApplication@52d84d9c
reloadAllAccessors: .Expression11

===========================================================================================
----------------- testing Wed Jun 13 06:31:34 UTC 2018 /home/travis/build/icyphy/ptII/ptolemy/actor/lib/test/auto/Expression12.xml
----------------- Instantiating /home/travis/build/icyphy/ptII/ptolemy/actor/lib/test/auto/Expression12.xml
5 ms. Memory: 1111552K Free: 152747K (14%)
----------------- Invoking toplevel() on ptolemy.moml.MoMLSimpleApplication@150e145b
----------------- Done invoking toplevel() on ptolemy.moml.MoMLSimpleApplication@150e145b
reloadAllAccessors: .Expression12

===========================================================================================
----------------- testing Wed Jun 13 06:31:34 UTC 2018 /home/travis/build/icyphy/ptII/ptolemy/actor/lib/test/auto/Expression13.xml
----------------- Instantiating /home/travis/build/icyphy/ptII/ptolemy/actor/lib/test/auto/Expression13.xml
3 ms. Memory: 1111552K Free: 139503K (13%)
----------------- Invoking toplevel() on ptolemy.moml.MoMLSimpleApplication@27c7b688
----------------- Done invoking toplevel() on ptolemy.moml.MoMLSimpleApplication@27c7b688
reloadAllAccessors: .Expression13

===========================================================================================
----------------- testing Wed Jun 13 06:31:34 UTC 2018 /home/travis/build/icyphy/ptII/ptolemy/actor/lib/test/auto/Expression14.xml
----------------- Instantiating /home/travis/build/icyphy/ptII/ptolemy/actor/lib/test/auto/Expression14.xml
9 ms. Memory: 1111552K Free: 126260K (11%)
----------------- Invoking toplevel() on ptolemy.moml.MoMLSimpleApplication@767da212
----------------- Done invoking toplevel() on ptolemy.moml.MoMLSimpleApplication@767da212
reloadAllAccessors: .Expression14

===========================================================================================
----------------- testing Wed Jun 13 06:31:34 UTC 2018 /home/travis/build/icyphy/ptII/ptolemy/actor/lib/test/auto/Expression15.xml
----------------- Instantiating /home/travis/build/icyphy/ptII/ptolemy/actor/lib/test/auto/Expression15.xml
2 ms. Memory: 1111552K Free: 105571K (9%)
----------------- Invoking toplevel() on ptolemy.moml.MoMLSimpleApplication@38d46add
----------------- Done invoking toplevel() on ptolemy.moml.MoMLSimpleApplication@38d46add
reloadAllAccessors: .Expression15

===========================================================================================
----------------- testing Wed Jun 13 06:31:34 UTC 2018 /home/travis/build/icyphy/ptII/ptolemy/actor/lib/test/auto/Expression16.xml
----------------- Instantiating /home/travis/build/icyphy/ptII/ptolemy/actor/lib/test/auto/Expression16.xml
11 ms. Memory: 1111552K Free: 92327K (8%)
----------------- Invoking toplevel() on ptolemy.moml.MoMLSimpleApplication@18a6df5d
----------------- Done invoking toplevel() on ptolemy.moml.MoMLSimpleApplication@18a6df5d
reloadAllAccessors: .Expression16

===========================================================================================
----------------- testing Wed Jun 13 06:31:34 UTC 2018 /home/travis/build/icyphy/ptII/ptolemy/actor/lib/test/auto/Expression17.xml
----------------- Instantiating /home/travis/build/icyphy/ptII/ptolemy/actor/lib/test/auto/Expression17.xml
2 ms. Memory: 1111552K Free: 79329K (7%)
----------------- Invoking toplevel() on ptolemy.moml.MoMLSimpleApplication@7216b2c7
----------------- Done invoking toplevel() on ptolemy.moml.MoMLSimpleApplication@7216b2c7
reloadAllAccessors: .Expression17

===========================================================================================
----------------- testing Wed Jun 13 06:31:35 UTC 2018 /home/travis/build/icyphy/ptII/ptolemy/actor/lib/test/auto/Expression18.xml
----------------- Instantiating /home/travis/build/icyphy/ptII/ptolemy/actor/lib/test/auto/Expression18.xml
3 ms. Memory: 1112064K Free: 1053396K (95%)
----------------- Invoking toplevel() on ptolemy.moml.MoMLSimpleApplication@65d514c0
----------------- Done invoking toplevel() on ptolemy.moml.MoMLSimpleApplication@65d514c0
reloadAllAccessors: .Expression18

===========================================================================================
----------------- testing Wed Jun 13 06:31:35 UTC 2018 /home/travis/build/icyphy/ptII/ptolemy/actor/lib/test/auto/Expression2.xml
----------------- Instantiating /home/travis/build/icyphy/ptII/ptolemy/actor/lib/test/auto/Expression2.xml
3 ms. Memory: 1112064K Free: 1033696K (93%)
----------------- Invoking toplevel() on ptolemy.moml.MoMLSimpleApplication@1b10f39d
----------------- Done invoking toplevel() on ptolemy.moml.MoMLSimpleApplication@1b10f39d
reloadAllAccessors: .Expression2

===========================================================================================
----------------- testing Wed Jun 13 06:31:35 UTC 2018 /home/travis/build/icyphy/ptII/ptolemy/actor/lib/test/auto/Expression3.xml
----------------- Instantiating /home/travis/build/icyphy/ptII/ptolemy/actor/lib/test/auto/Expression3.xml
6 ms. Memory: 1112064K Free: 1020453K (92%)
----------------- Invoking toplevel() on ptolemy.moml.MoMLSimpleApplication@2b0d9584
----------------- Done invoking toplevel() on ptolemy.moml.MoMLSimpleApplication@2b0d9584
reloadAllAccessors: .Expression3

===========================================================================================
----------------- testing Wed Jun 13 06:31:35 UTC 2018 /home/travis/build/icyphy/ptII/ptolemy/actor/lib/test/auto/Expression4.xml
----------------- Instantiating /home/travis/build/icyphy/ptII/ptolemy/actor/lib/test/auto/Expression4.xml
7 ms. Memory: 1112064K Free: 1001692K (90%)
----------------- Invoking toplevel() on ptolemy.moml.MoMLSimpleApplication@49ea3176
----------------- Done invoking toplevel() on ptolemy.moml.MoMLSimpleApplication@49ea3176
reloadAllAccessors: .Expression4

===========================================================================================
----------------- testing Wed Jun 13 06:31:35 UTC 2018 /home/travis/build/icyphy/ptII/ptolemy/actor/lib/test/auto/Expression5.xml
----------------- Instantiating /home/travis/build/icyphy/ptII/ptolemy/actor/lib/test/auto/Expression5.xml
6 ms. Memory: 1112064K Free: 988448K (89%)
----------------- Invoking toplevel() on ptolemy.moml.MoMLSimpleApplication@2dbf21a9
----------------- Done invoking toplevel() on ptolemy.moml.MoMLSimpleApplication@2dbf21a9
reloadAllAccessors: .Expression5

===========================================================================================
----------------- testing Wed Jun 13 06:31:35 UTC 2018 /home/travis/build/icyphy/ptII/ptolemy/actor/lib/test/auto/Expression6.xml
----------------- Instantiating /home/travis/build/icyphy/ptII/ptolemy/actor/lib/test/auto/Expression6.xml
3 ms. Memory: 1112064K Free: 969688K (87%)
----------------- Invoking toplevel() on ptolemy.moml.MoMLSimpleApplication@778c28bd
----------------- Done invoking toplevel() on ptolemy.moml.MoMLSimpleApplication@778c28bd
reloadAllAccessors: .Expression6

===========================================================================================
----------------- testing Wed Jun 13 06:31:35 UTC 2018 /home/travis/build/icyphy/ptII/ptolemy/actor/lib/test/auto/Expression7.xml
----------------- Instantiating /home/travis/build/icyphy/ptII/ptolemy/actor/lib/test/auto/Expression7.xml
4 ms. Memory: 1112064K Free: 956444K (86%)
----------------- Invoking toplevel() on ptolemy.moml.MoMLSimpleApplication@ff31bed
----------------- Done invoking toplevel() on ptolemy.moml.MoMLSimpleApplication@ff31bed
reloadAllAccessors: .Expression7

===========================================================================================
----------------- testing Wed Jun 13 06:31:35 UTC 2018 /home/travis/build/icyphy/ptII/ptolemy/actor/lib/test/auto/Expression8.xml
----------------- Instantiating /home/travis/build/icyphy/ptII/ptolemy/actor/lib/test/auto/Expression8.xml
5 ms. Memory: 1112064K Free: 937684K (84%)
----------------- Invoking toplevel() on ptolemy.moml.MoMLSimpleApplication@113d218e
----------------- Done invoking toplevel() on ptolemy.moml.MoMLSimpleApplication@113d218e
reloadAllAccessors: .Expression8

===========================================================================================
----------------- testing Wed Jun 13 06:31:35 UTC 2018 /home/travis/build/icyphy/ptII/ptolemy/actor/lib/test/auto/Expression9.xml
----------------- Instantiating /home/travis/build/icyphy/ptII/ptolemy/actor/lib/test/auto/Expression9.xml
1 ms. Memory: 1112064K Free: 924441K (83%)
----------------- Invoking toplevel() on ptolemy.moml.MoMLSimpleApplication@1706a4a7
----------------- Done invoking toplevel() on ptolemy.moml.MoMLSimpleApplication@1706a4a7
reloadAllAccessors: .Expression9

===========================================================================================
----------------- testing Wed Jun 13 06:31:35 UTC 2018 /home/travis/build/icyphy/ptII/ptolemy/actor/lib/test/auto/ExpressionConcatenateArrayType.xml
----------------- Instantiating /home/travis/build/icyphy/ptII/ptolemy/actor/lib/test/auto/ExpressionConcatenateArrayType.xml
3 ms. Memory: 1112064K Free: 911197K (82%)
----------------- Invoking toplevel() on ptolemy.moml.MoMLSimpleApplication@21b4f120
----------------- Done invoking toplevel() on ptolemy.moml.MoMLSimpleApplication@21b4f120
reloadAllAccessors: .ExpressionConcatenateArrayType

===========================================================================================
----------------- testing Wed Jun 13 06:31:35 UTC 2018 /home/travis/build/icyphy/ptII/ptolemy/actor/lib/test/auto/ExpressionConcatenateArrayType2.xml
----------------- Instantiating /home/travis/build/icyphy/ptII/ptolemy/actor/lib/test/auto/ExpressionConcatenateArrayType2.xml
2 ms. Memory: 1112064K Free: 892437K (80%)
----------------- Invoking toplevel() on ptolemy.moml.MoMLSimpleApplication@4e2e9c5a
----------------- Done invoking toplevel() on ptolemy.moml.MoMLSimpleApplication@4e2e9c5a
reloadAllAccessors: .ExpressionConcatenateArrayType2

===========================================================================================
----------------- testing Wed Jun 13 06:31:35 UTC 2018 /home/travis/build/icyphy/ptII/ptolemy/actor/lib/test/auto/ExpressionFix.xml
----------------- Instantiating /home/travis/build/icyphy/ptII/ptolemy/actor/lib/test/auto/ExpressionFix.xml
17 ms. Memory: 1112064K Free: 879156K (79%)
----------------- Invoking toplevel() on ptolemy.moml.MoMLSimpleApplication@5345e361
----------------- Done invoking toplevel() on ptolemy.moml.MoMLSimpleApplication@5345e361
reloadAllAccessors: .ExpressionFix

===========================================================================================
----------------- testing Wed Jun 13 06:31:35 UTC 2018 /home/travis/build/icyphy/ptII/ptolemy/actor/lib/test/auto/ExpressionFix2.xml
----------------- Instantiating /home/travis/build/icyphy/ptII/ptolemy/actor/lib/test/auto/ExpressionFix2.xml
4 ms. Memory: 1112064K Free: 860395K (77%)
----------------- Invoking toplevel() on ptolemy.moml.MoMLSimpleApplication@1bfe632c
----------------- Done invoking toplevel() on ptolemy.moml.MoMLSimpleApplication@1bfe632c
reloadAllAccessors: .ExpressionFix2

===========================================================================================
----------------- testing Wed Jun 13 06:31:35 UTC 2018 /home/travis/build/icyphy/ptII/ptolemy/actor/lib/test/auto/ExpressionFix3.xml
----------------- Instantiating /home/travis/build/icyphy/ptII/ptolemy/actor/lib/test/auto/ExpressionFix3.xml
9 ms. Memory: 1112064K Free: 847152K (76%)
----------------- Invoking toplevel() on ptolemy.moml.MoMLSimpleApplication@7819b280
----------------- Done invoking toplevel() on ptolemy.moml.MoMLSimpleApplication@7819b280
reloadAllAccessors: .ExpressionFix3

===========================================================================================
----------------- testing Wed Jun 13 06:31:35 UTC 2018 /home/travis/build/icyphy/ptII/ptolemy/actor/lib/test/auto/FileWriter1.xml
----------------- Instantiating /home/travis/build/icyphy/ptII/ptolemy/actor/lib/test/auto/FileWriter1.xml
2 ms. Memory: 1112064K Free: 828391K (74%)
----------------- Invoking toplevel() on ptolemy.moml.MoMLSimpleApplication@4e48ee14
----------------- Done invoking toplevel() on ptolemy.moml.MoMLSimpleApplication@4e48ee14
reloadAllAccessors: .FileWriter1

===========================================================================================
----------------- testing Wed Jun 13 06:31:35 UTC 2018 /home/travis/build/icyphy/ptII/ptolemy/actor/lib/test/auto/FileWriter2.xml
----------------- Instantiating /home/travis/build/icyphy/ptII/ptolemy/actor/lib/test/auto/FileWriter2.xml
2 ms. Memory: 1112064K Free: 815147K (73%)
----------------- Invoking toplevel() on ptolemy.moml.MoMLSimpleApplication@104cba6b
----------------- Done invoking toplevel() on ptolemy.moml.MoMLSimpleApplication@104cba6b
reloadAllAccessors: .FileWriter2

===========================================================================================
----------------- testing Wed Jun 13 06:31:35 UTC 2018 /home/travis/build/icyphy/ptII/ptolemy/actor/lib/test/auto/FileWriter3.xml
----------------- Instantiating /home/travis/build/icyphy/ptII/ptolemy/actor/lib/test/auto/FileWriter3.xml
1 ms. Memory: 1112064K Free: 801904K (72%)
----------------- Invoking toplevel() on ptolemy.moml.MoMLSimpleApplication@7de01220
----------------- Done invoking toplevel() on ptolemy.moml.MoMLSimpleApplication@7de01220
reloadAllAccessors: .FileWriter3

===========================================================================================
----------------- testing Wed Jun 13 06:31:35 UTC 2018 /home/travis/build/icyphy/ptII/ptolemy/actor/lib/test/auto/Gaussian.xml
----------------- Instantiating /home/travis/build/icyphy/ptII/ptolemy/actor/lib/test/auto/Gaussian.xml
2 ms. Memory: 1112064K Free: 783143K (70%)
----------------- Invoking toplevel() on ptolemy.moml.MoMLSimpleApplication@74d6dbca
----------------- Done invoking toplevel() on ptolemy.moml.MoMLSimpleApplication@74d6dbca
reloadAllAccessors: .Gaussian

===========================================================================================
----------------- testing Wed Jun 13 06:31:35 UTC 2018 /home/travis/build/icyphy/ptII/ptolemy/actor/lib/test/auto/Gaussian1.xml
----------------- Instantiating /home/travis/build/icyphy/ptII/ptolemy/actor/lib/test/auto/Gaussian1.xml
2 ms. Memory: 1112064K Free: 769900K (69%)
----------------- Invoking toplevel() on ptolemy.moml.MoMLSimpleApplication@1aafccc4
----------------- Done invoking toplevel() on ptolemy.moml.MoMLSimpleApplication@1aafccc4
reloadAllAccessors: .Gaussian1

===========================================================================================
----------------- testing Wed Jun 13 06:31:35 UTC 2018 /home/travis/build/icyphy/ptII/ptolemy/actor/lib/test/auto/Gaussian2.xml
----------------- Instantiating /home/travis/build/icyphy/ptII/ptolemy/actor/lib/test/auto/Gaussian2.xml
1 ms. Memory: 1112064K Free: 751139K (68%)
----------------- Invoking toplevel() on ptolemy.moml.MoMLSimpleApplication@5091d39e
----------------- Done invoking toplevel() on ptolemy.moml.MoMLSimpleApplication@5091d39e
reloadAllAccessors: .Gaussian2

===========================================================================================
----------------- testing Wed Jun 13 06:31:35 UTC 2018 /home/travis/build/icyphy/ptII/ptolemy/actor/lib/test/auto/GradientAdaptiveLattice.xml
----------------- Instantiating /home/travis/build/icyphy/ptII/ptolemy/actor/lib/test/auto/GradientAdaptiveLattice.xml
2 ms. Memory: 1112064K Free: 737895K (66%)
----------------- Invoking toplevel() on ptolemy.moml.MoMLSimpleApplication@1a8aa3a5
----------------- Done invoking toplevel() on ptolemy.moml.MoMLSimpleApplication@1a8aa3a5
reloadAllAccessors: .GradientAdaptiveLattice

===========================================================================================
----------------- testing Wed Jun 13 06:31:35 UTC 2018 /home/travis/build/icyphy/ptII/ptolemy/actor/lib/test/auto/IIR.xml
----------------- Instantiating /home/travis/build/icyphy/ptII/ptolemy/actor/lib/test/auto/IIR.xml
2 ms. Memory: 1112064K Free: 719135K (65%)
----------------- Invoking toplevel() on ptolemy.moml.MoMLSimpleApplication@6ac7341
----------------- Done invoking toplevel() on ptolemy.moml.MoMLSimpleApplication@6ac7341
reloadAllAccessors: .IIR

===========================================================================================
----------------- testing Wed Jun 13 06:31:35 UTC 2018 /home/travis/build/icyphy/ptII/ptolemy/actor/lib/test/auto/InputOutputTransparentPorts.xml
----------------- Instantiating /home/travis/build/icyphy/ptII/ptolemy/actor/lib/test/auto/InputOutputTransparentPorts.xml
2 ms. Memory: 1112064K Free: 705891K (63%)
----------------- Invoking toplevel() on ptolemy.moml.MoMLSimpleApplication@210c548d
----------------- Done invoking toplevel() on ptolemy.moml.MoMLSimpleApplication@210c548d
reloadAllAccessors: .InputOutputTransparentPorts

===========================================================================================
----------------- testing Wed Jun 13 06:31:35 UTC 2018 /home/travis/build/icyphy/ptII/ptolemy/actor/lib/test/auto/Interpolator.xml
----------------- Instantiating /home/travis/build/icyphy/ptII/ptolemy/actor/lib/test/auto/Interpolator.xml
3 ms. Memory: 1112064K Free: 692648K (62%)
----------------- Invoking toplevel() on ptolemy.moml.MoMLSimpleApplication@626c6607
----------------- Done invoking toplevel() on ptolemy.moml.MoMLSimpleApplication@626c6607
reloadAllAccessors: .Interpolator

===========================================================================================
----------------- testing Wed Jun 13 06:31:35 UTC 2018 /home/travis/build/icyphy/ptII/ptolemy/actor/lib/test/auto/InterpolatorFiringLimitDE.xml
----------------- Instantiating /home/travis/build/icyphy/ptII/ptolemy/actor/lib/test/auto/InterpolatorFiringLimitDE.xml
2 ms. Memory: 1112064K Free: 673887K (61%)
----------------- Invoking toplevel() on ptolemy.moml.MoMLSimpleApplication@309f2e72
----------------- Done invoking toplevel() on ptolemy.moml.MoMLSimpleApplication@309f2e72
reloadAllAccessors: .InterpolatorFiringLimitDE

===========================================================================================
----------------- testing Wed Jun 13 06:31:35 UTC 2018 /home/travis/build/icyphy/ptII/ptolemy/actor/lib/test/auto/Lattice.xml
----------------- Instantiating /home/travis/build/icyphy/ptII/ptolemy/actor/lib/test/auto/Lattice.xml
1 ms. Memory: 1112064K Free: 660643K (59%)
----------------- Invoking toplevel() on ptolemy.moml.MoMLSimpleApplication@77c79308
----------------- Done invoking toplevel() on ptolemy.moml.MoMLSimpleApplication@77c79308
reloadAllAccessors: .Lattice

===========================================================================================
----------------- testing Wed Jun 13 06:31:35 UTC 2018 /home/travis/build/icyphy/ptII/ptolemy/actor/lib/test/auto/LazyAOCTestLazy.xml
----------------- Instantiating /home/travis/build/icyphy/ptII/ptolemy/actor/lib/test/auto/LazyAOCTestLazy.xml
7 ms. Memory: 1112064K Free: 641883K (58%)
----------------- Invoking toplevel() on ptolemy.moml.MoMLSimpleApplication@aae5665
----------------- Done invoking toplevel() on ptolemy.moml.MoMLSimpleApplication@aae5665
reloadAllAccessors: .LazyAOCTestLazy

===========================================================================================
----------------- testing Wed Jun 13 06:31:35 UTC 2018 /home/travis/build/icyphy/ptII/ptolemy/actor/lib/test/auto/LazyAOCTestNonLazy.xml
----------------- Instantiating /home/travis/build/icyphy/ptII/ptolemy/actor/lib/test/auto/LazyAOCTestNonLazy.xml
6 ms. Memory: 1112064K Free: 628639K (57%)
----------------- Invoking toplevel() on ptolemy.moml.MoMLSimpleApplication@5862f730
----------------- Done invoking toplevel() on ptolemy.moml.MoMLSimpleApplication@5862f730
reloadAllAccessors: .LazyAOCTestNonLazy

===========================================================================================
----------------- testing Wed Jun 13 06:31:35 UTC 2018 /home/travis/build/icyphy/ptII/ptolemy/actor/lib/test/auto/LazyInnerClass.xml
----------------- Instantiating /home/travis/build/icyphy/ptII/ptolemy/actor/lib/test/auto/LazyInnerClass.xml
19 ms. Memory: 1112064K Free: 609879K (55%)
----------------- Invoking toplevel() on ptolemy.moml.MoMLSimpleApplication@535eb856
----------------- Done invoking toplevel() on ptolemy.moml.MoMLSimpleApplication@535eb856
reloadAllAccessors: .LazyInnerClass

===========================================================================================
----------------- testing Wed Jun 13 06:31:35 UTC 2018 /home/travis/build/icyphy/ptII/ptolemy/actor/lib/test/auto/LazyPubSub.xml
----------------- Instantiating /home/travis/build/icyphy/ptII/ptolemy/actor/lib/test/auto/LazyPubSub.xml
20 ms. Memory: 1112064K Free: 596635K (54%)
----------------- Invoking toplevel() on ptolemy.moml.MoMLSimpleApplication@66d70940
----------------- Done invoking toplevel() on ptolemy.moml.MoMLSimpleApplication@66d70940
reloadAllAccessors: .LazyPubSub

===========================================================================================
----------------- testing Wed Jun 13 06:31:35 UTC 2018 /home/travis/build/icyphy/ptII/ptolemy/actor/lib/test/auto/LazyPubSub2.xml
----------------- Instantiating /home/travis/build/icyphy/ptII/ptolemy/actor/lib/test/auto/LazyPubSub2.xml
21 ms. Memory: 1112064K Free: 577875K (52%)
----------------- Invoking toplevel() on ptolemy.moml.MoMLSimpleApplication@1a79bb97
----------------- Done invoking toplevel() on ptolemy.moml.MoMLSimpleApplication@1a79bb97
reloadAllAccessors: .LazyPubSub2

===========================================================================================
----------------- testing Wed Jun 13 06:31:35 UTC 2018 /home/travis/build/icyphy/ptII/ptolemy/actor/lib/test/auto/LazyPubSub3.xml
----------------- Instantiating /home/travis/build/icyphy/ptII/ptolemy/actor/lib/test/auto/LazyPubSub3.xml
17 ms. Memory: 1112064K Free: 564631K (51%)
----------------- Invoking toplevel() on ptolemy.moml.MoMLSimpleApplication@254c96eb
----------------- Done invoking toplevel() on ptolemy.moml.MoMLSimpleApplication@254c96eb
reloadAllAccessors: .LazyPubSub3

===========================================================================================
----------------- testing Wed Jun 13 06:31:35 UTC 2018 /home/travis/build/icyphy/ptII/ptolemy/actor/lib/test/auto/LazySubClassModel.xml
----------------- Instantiating /home/travis/build/icyphy/ptII/ptolemy/actor/lib/test/auto/LazySubClassModel.xml
2 ms. Memory: 1112064K Free: 544750K (49%)
----------------- Invoking toplevel() on ptolemy.moml.MoMLSimpleApplication@3799e978
----------------- Done invoking toplevel() on ptolemy.moml.MoMLSimpleApplication@3799e978
reloadAllAccessors: .LazySubClassModel

===========================================================================================
----------------- testing Wed Jun 13 06:31:35 UTC 2018 /home/travis/build/icyphy/ptII/ptolemy/actor/lib/test/auto/LevelCrossTest1.xml
----------------- Instantiating /home/travis/build/icyphy/ptII/ptolemy/actor/lib/test/auto/LevelCrossTest1.xml
1 ms. Memory: 1112064K Free: 525989K (47%)
----------------- Invoking toplevel() on ptolemy.moml.MoMLSimpleApplication@47606c1f
----------------- Done invoking toplevel() on ptolemy.moml.MoMLSimpleApplication@47606c1f
reloadAllAccessors: .broken

===========================================================================================
----------------- testing Wed Jun 13 06:31:35 UTC 2018 /home/travis/build/icyphy/ptII/ptolemy/actor/lib/test/auto/LevelCrossTest10.xml
----------------- Instantiating /home/travis/build/icyphy/ptII/ptolemy/actor/lib/test/auto/LevelCrossTest10.xml
2 ms. Memory: 1112064K Free: 512746K (46%)
----------------- Invoking toplevel() on ptolemy.moml.MoMLSimpleApplication@30b05915
----------------- Done invoking toplevel() on ptolemy.moml.MoMLSimpleApplication@30b05915
reloadAllAccessors: .LevelCrossTest10

===========================================================================================
----------------- testing Wed Jun 13 06:31:35 UTC 2018 /home/travis/build/icyphy/ptII/ptolemy/actor/lib/test/auto/LevelCrossTest11.xml
----------------- Instantiating /home/travis/build/icyphy/ptII/ptolemy/actor/lib/test/auto/LevelCrossTest11.xml
1 ms. Memory: 1112064K Free: 493985K (44%)
----------------- Invoking toplevel() on ptolemy.moml.MoMLSimpleApplication@6a432010
----------------- Done invoking toplevel() on ptolemy.moml.MoMLSimpleApplication@6a432010
reloadAllAccessors: .LevelCrossTest11

===========================================================================================
----------------- testing Wed Jun 13 06:31:35 UTC 2018 /home/travis/build/icyphy/ptII/ptolemy/actor/lib/test/auto/LevelCrossTest12.xml
----------------- Instantiating /home/travis/build/icyphy/ptII/ptolemy/actor/lib/test/auto/LevelCrossTest12.xml
1 ms. Memory: 1112064K Free: 480741K (43%)
----------------- Invoking toplevel() on ptolemy.moml.MoMLSimpleApplication@ee417d6
----------------- Done invoking toplevel() on ptolemy.moml.MoMLSimpleApplication@ee417d6
reloadAllAccessors: .LevelCrossTest12

===========================================================================================
----------------- testing Wed Jun 13 06:31:35 UTC 2018 /home/travis/build/icyphy/ptII/ptolemy/actor/lib/test/auto/LevelCrossTest13.xml
----------------- Instantiating /home/travis/build/icyphy/ptII/ptolemy/actor/lib/test/auto/LevelCrossTest13.xml
1 ms. Memory: 1112064K Free: 461981K (42%)
----------------- Invoking toplevel() on ptolemy.moml.MoMLSimpleApplication@1f9cc2b9
----------------- Done invoking toplevel() on ptolemy.moml.MoMLSimpleApplication@1f9cc2b9
reloadAllAccessors: .LevelCrossTest13

===========================================================================================
----------------- testing Wed Jun 13 06:31:36 UTC 2018 /home/travis/build/icyphy/ptII/ptolemy/actor/lib/test/auto/LevelCrossTest2.xml
----------------- Instantiating /home/travis/build/icyphy/ptII/ptolemy/actor/lib/test/auto/LevelCrossTest2.xml
2 ms. Memory: 1112064K Free: 448737K (40%)
----------------- Invoking toplevel() on ptolemy.moml.MoMLSimpleApplication@1e3d3d62
----------------- Done invoking toplevel() on ptolemy.moml.MoMLSimpleApplication@1e3d3d62
reloadAllAccessors: .broken

===========================================================================================
----------------- testing Wed Jun 13 06:31:36 UTC 2018 /home/travis/build/icyphy/ptII/ptolemy/actor/lib/test/auto/LevelCrossTest3.xml
----------------- Instantiating /home/travis/build/icyphy/ptII/ptolemy/actor/lib/test/auto/LevelCrossTest3.xml
1 ms. Memory: 1112064K Free: 435494K (39%)
----------------- Invoking toplevel() on ptolemy.moml.MoMLSimpleApplication@738c0d5c
----------------- Done invoking toplevel() on ptolemy.moml.MoMLSimpleApplication@738c0d5c
reloadAllAccessors: .LevelCrossTest3

===========================================================================================
----------------- testing Wed Jun 13 06:31:36 UTC 2018 /home/travis/build/icyphy/ptII/ptolemy/actor/lib/test/auto/LevelCrossTest4.xml
----------------- Instantiating /home/travis/build/icyphy/ptII/ptolemy/actor/lib/test/auto/LevelCrossTest4.xml
1 ms. Memory: 1112064K Free: 416733K (37%)
----------------- Invoking toplevel() on ptolemy.moml.MoMLSimpleApplication@4b5a75cd
----------------- Done invoking toplevel() on ptolemy.moml.MoMLSimpleApplication@4b5a75cd
reloadAllAccessors: .broken

===========================================================================================
----------------- testing Wed Jun 13 06:31:36 UTC 2018 /home/travis/build/icyphy/ptII/ptolemy/actor/lib/test/auto/LevelCrossTest5.xml
----------------- Instantiating /home/travis/build/icyphy/ptII/ptolemy/actor/lib/test/auto/LevelCrossTest5.xml
1 ms. Memory: 1112064K Free: 403490K (36%)
----------------- Invoking toplevel() on ptolemy.moml.MoMLSimpleApplication@3ff50b6
----------------- Done invoking toplevel() on ptolemy.moml.MoMLSimpleApplication@3ff50b6
reloadAllAccessors: .LevelCrossTest5

===========================================================================================
----------------- testing Wed Jun 13 06:31:36 UTC 2018 /home/travis/build/icyphy/ptII/ptolemy/actor/lib/test/auto/LevelCrossTest6.xml
----------------- Instantiating /home/travis/build/icyphy/ptII/ptolemy/actor/lib/test/auto/LevelCrossTest6.xml
2 ms. Memory: 1112064K Free: 384729K (35%)
----------------- Invoking toplevel() on ptolemy.moml.MoMLSimpleApplication@5a348076
----------------- Done invoking toplevel() on ptolemy.moml.MoMLSimpleApplication@5a348076
reloadAllAccessors: .LevelCrossTest6

===========================================================================================
----------------- testing Wed Jun 13 06:31:36 UTC 2018 /home/travis/build/icyphy/ptII/ptolemy/actor/lib/test/auto/LevelCrossTest7.xml
----------------- Instantiating /home/travis/build/icyphy/ptII/ptolemy/actor/lib/test/auto/LevelCrossTest7.xml
1 ms. Memory: 1112064K Free: 371486K (33%)
----------------- Invoking toplevel() on ptolemy.moml.MoMLSimpleApplication@32e5895b
----------------- Done invoking toplevel() on ptolemy.moml.MoMLSimpleApplication@32e5895b
reloadAllAccessors: .LevelCrossTest7

===========================================================================================
----------------- testing Wed Jun 13 06:31:36 UTC 2018 /home/travis/build/icyphy/ptII/ptolemy/actor/lib/test/auto/LevelCrossTest8.xml
----------------- Instantiating /home/travis/build/icyphy/ptII/ptolemy/actor/lib/test/auto/LevelCrossTest8.xml
4 ms. Memory: 1112064K Free: 352725K (32%)
----------------- Invoking toplevel() on ptolemy.moml.MoMLSimpleApplication@7df162
----------------- Done invoking toplevel() on ptolemy.moml.MoMLSimpleApplication@7df162
reloadAllAccessors: .LevelCrossTest8

===========================================================================================
----------------- testing Wed Jun 13 06:31:36 UTC 2018 /home/travis/build/icyphy/ptII/ptolemy/actor/lib/test/auto/LevelCrossTest9.xml
----------------- Instantiating /home/travis/build/icyphy/ptII/ptolemy/actor/lib/test/auto/LevelCrossTest9.xml
2 ms. Memory: 1112064K Free: 339481K (31%)
----------------- Invoking toplevel() on ptolemy.moml.MoMLSimpleApplication@70f5f24a
----------------- Done invoking toplevel() on ptolemy.moml.MoMLSimpleApplication@70f5f24a
reloadAllAccessors: .LevelCrossTest9

===========================================================================================
----------------- testing Wed Jun 13 06:31:36 UTC 2018 /home/travis/build/icyphy/ptII/ptolemy/actor/lib/test/auto/LevinsonDurbin.xml
----------------- Instantiating /home/travis/build/icyphy/ptII/ptolemy/actor/lib/test/auto/LevinsonDurbin.xml
6 ms. Memory: 1112064K Free: 320721K (29%)
----------------- Invoking toplevel() on ptolemy.moml.MoMLSimpleApplication@169e0512
----------------- Done invoking toplevel() on ptolemy.moml.MoMLSimpleApplication@169e0512
reloadAllAccessors: .LevinsonDurbin

===========================================================================================
----------------- testing Wed Jun 13 06:31:36 UTC 2018 /home/travis/build/icyphy/ptII/ptolemy/actor/lib/test/auto/LevinsonDurbin2.xml
----------------- Instantiating /home/travis/build/icyphy/ptII/ptolemy/actor/lib/test/auto/LevinsonDurbin2.xml
1 ms. Memory: 1112064K Free: 307477K (28%)
----------------- Invoking toplevel() on ptolemy.moml.MoMLSimpleApplication@4486927d
----------------- Done invoking toplevel() on ptolemy.moml.MoMLSimpleApplication@4486927d
reloadAllAccessors: .LevinsonDurbin2

===========================================================================================
----------------- testing Wed Jun 13 06:31:36 UTC 2018 /home/travis/build/icyphy/ptII/ptolemy/actor/lib/test/auto/LevinsonDurbin3.xml
----------------- Instantiating /home/travis/build/icyphy/ptII/ptolemy/actor/lib/test/auto/LevinsonDurbin3.xml
3 ms. Memory: 1112064K Free: 294234K (26%)
----------------- Invoking toplevel() on ptolemy.moml.MoMLSimpleApplication@20fe1fb7
----------------- Done invoking toplevel() on ptolemy.moml.MoMLSimpleApplication@20fe1fb7
reloadAllAccessors: .LevinsonDurbin3

===========================================================================================
----------------- testing Wed Jun 13 06:31:36 UTC 2018 /home/travis/build/icyphy/ptII/ptolemy/actor/lib/test/auto/Limiter.xml
----------------- Instantiating /home/travis/build/icyphy/ptII/ptolemy/actor/lib/test/auto/Limiter.xml
4 ms. Memory: 1112064K Free: 275473K (25%)
----------------- Invoking toplevel() on ptolemy.moml.MoMLSimpleApplication@34e5715
----------------- Done invoking toplevel() on ptolemy.moml.MoMLSimpleApplication@34e5715
reloadAllAccessors: .Limiter

===========================================================================================
----------------- testing Wed Jun 13 06:31:36 UTC 2018 /home/travis/build/icyphy/ptII/ptolemy/actor/lib/test/auto/LinearDifferenceEquationSystem.xml
----------------- Instantiating /home/travis/build/icyphy/ptII/ptolemy/actor/lib/test/auto/LinearDifferenceEquationSystem.xml
4 ms. Memory: 1112064K Free: 262229K (24%)
----------------- Invoking toplevel() on ptolemy.moml.MoMLSimpleApplication@30ac8e5b
----------------- Done invoking toplevel() on ptolemy.moml.MoMLSimpleApplication@30ac8e5b
reloadAllAccessors: .LinearDifferenceEquationSystem

===========================================================================================
----------------- testing Wed Jun 13 06:31:36 UTC 2018 /home/travis/build/icyphy/ptII/ptolemy/actor/lib/test/auto/LookupTable.xml
----------------- Instantiating /home/travis/build/icyphy/ptII/ptolemy/actor/lib/test/auto/LookupTable.xml
2 ms. Memory: 1112064K Free: 243469K (22%)
----------------- Invoking toplevel() on ptolemy.moml.MoMLSimpleApplication@11ead2e5
----------------- Done invoking toplevel() on ptolemy.moml.MoMLSimpleApplication@11ead2e5
reloadAllAccessors: .LookupTable

===========================================================================================
----------------- testing Wed Jun 13 06:31:36 UTC 2018 /home/travis/build/icyphy/ptII/ptolemy/actor/lib/test/auto/MathFunction.xml
----------------- Instantiating /home/travis/build/icyphy/ptII/ptolemy/actor/lib/test/auto/MathFunction.xml
2 ms. Memory: 1112064K Free: 230225K (21%)
----------------- Invoking toplevel() on ptolemy.moml.MoMLSimpleApplication@e4e57d4
----------------- Done invoking toplevel() on ptolemy.moml.MoMLSimpleApplication@e4e57d4
reloadAllAccessors: .MathFunction

===========================================================================================
----------------- testing Wed Jun 13 06:31:36 UTC 2018 /home/travis/build/icyphy/ptII/ptolemy/actor/lib/test/auto/MathFunction2.xml
----------------- Instantiating /home/travis/build/icyphy/ptII/ptolemy/actor/lib/test/auto/MathFunction2.xml
6 ms. Memory: 1112064K Free: 211465K (19%)
----------------- Invoking toplevel() on ptolemy.moml.MoMLSimpleApplication@af64940
----------------- Done invoking toplevel() on ptolemy.moml.MoMLSimpleApplication@af64940
reloadAllAccessors: .MathFunction2

===========================================================================================
----------------- testing Wed Jun 13 06:31:36 UTC 2018 /home/travis/build/icyphy/ptII/ptolemy/actor/lib/test/auto/MathFunction3.xml
----------------- Instantiating /home/travis/build/icyphy/ptII/ptolemy/actor/lib/test/auto/MathFunction3.xml
2 ms. Memory: 1112064K Free: 198221K (18%)
----------------- Invoking toplevel() on ptolemy.moml.MoMLSimpleApplication@69cd03c8
----------------- Done invoking toplevel() on ptolemy.moml.MoMLSimpleApplication@69cd03c8
reloadAllAccessors: .MathFunction3

===========================================================================================
----------------- testing Wed Jun 13 06:31:36 UTC 2018 /home/travis/build/icyphy/ptII/ptolemy/actor/lib/test/auto/MatrixCropBoolean.xml
----------------- Instantiating /home/travis/build/icyphy/ptII/ptolemy/actor/lib/test/auto/MatrixCropBoolean.xml
3 ms. Memory: 1112064K Free: 179461K (16%)
----------------- Invoking toplevel() on ptolemy.moml.MoMLSimpleApplication@7b578ff7
----------------- Done invoking toplevel() on ptolemy.moml.MoMLSimpleApplication@7b578ff7
reloadAllAccessors: .MatrixCropBoolean

===========================================================================================
----------------- testing Wed Jun 13 06:31:36 UTC 2018 /home/travis/build/icyphy/ptII/ptolemy/actor/lib/test/auto/MatrixCropComplex.xml
----------------- Instantiating /home/travis/build/icyphy/ptII/ptolemy/actor/lib/test/auto/MatrixCropComplex.xml
1 ms. Memory: 1112064K Free: 166217K (15%)
----------------- Invoking toplevel() on ptolemy.moml.MoMLSimpleApplication@fec7711
----------------- Done invoking toplevel() on ptolemy.moml.MoMLSimpleApplication@fec7711
reloadAllAccessors: .MatrixCropComplex

===========================================================================================
----------------- testing Wed Jun 13 06:31:36 UTC 2018 /home/travis/build/icyphy/ptII/ptolemy/actor/lib/test/auto/MatrixCropDouble.xml
----------------- Instantiating /home/travis/build/icyphy/ptII/ptolemy/actor/lib/test/auto/MatrixCropDouble.xml
2 ms. Memory: 1112064K Free: 152973K (14%)
----------------- Invoking toplevel() on ptolemy.moml.MoMLSimpleApplication@6b083771
----------------- Done invoking toplevel() on ptolemy.moml.MoMLSimpleApplication@6b083771
reloadAllAccessors: .MatrixCropDouble

===========================================================================================
----------------- testing Wed Jun 13 06:31:36 UTC 2018 /home/travis/build/icyphy/ptII/ptolemy/actor/lib/test/auto/MatrixCropFix.xml
----------------- Instantiating /home/travis/build/icyphy/ptII/ptolemy/actor/lib/test/auto/MatrixCropFix.xml
2 ms. Memory: 1112064K Free: 134213K (12%)
----------------- Invoking toplevel() on ptolemy.moml.MoMLSimpleApplication@498b1b84
----------------- Done invoking toplevel() on ptolemy.moml.MoMLSimpleApplication@498b1b84
reloadAllAccessors: .MatrixCropFix

===========================================================================================
----------------- testing Wed Jun 13 06:31:36 UTC 2018 /home/travis/build/icyphy/ptII/ptolemy/actor/lib/test/auto/MatrixCropInt.xml
----------------- Instantiating /home/travis/build/icyphy/ptII/ptolemy/actor/lib/test/auto/MatrixCropInt.xml
2 ms. Memory: 1112064K Free: 120969K (11%)
----------------- Invoking toplevel() on ptolemy.moml.MoMLSimpleApplication@bf89bad
----------------- Done invoking toplevel() on ptolemy.moml.MoMLSimpleApplication@bf89bad
reloadAllAccessors: .MatrixCropInt

===========================================================================================
----------------- testing Wed Jun 13 06:31:36 UTC 2018 /home/travis/build/icyphy/ptII/ptolemy/actor/lib/test/auto/MatrixCropLong.xml
----------------- Instantiating /home/travis/build/icyphy/ptII/ptolemy/actor/lib/test/auto/MatrixCropLong.xml
2 ms. Memory: 1112064K Free: 102209K (9%)
----------------- Invoking toplevel() on ptolemy.moml.MoMLSimpleApplication@a9988d9
----------------- Done invoking toplevel() on ptolemy.moml.MoMLSimpleApplication@a9988d9
reloadAllAccessors: .MatrixCropLong

===========================================================================================
----------------- testing Wed Jun 13 06:31:36 UTC 2018 /home/travis/build/icyphy/ptII/ptolemy/actor/lib/test/auto/MatrixToArray.xml
----------------- Instantiating /home/travis/build/icyphy/ptII/ptolemy/actor/lib/test/auto/MatrixToArray.xml
12 ms. Memory: 1112064K Free: 78877K (7%)
----------------- Invoking toplevel() on ptolemy.moml.MoMLSimpleApplication@6e9016d0
----------------- Done invoking toplevel() on ptolemy.moml.MoMLSimpleApplication@6e9016d0
reloadAllAccessors: .MatrixToArray

===========================================================================================
----------------- testing Wed Jun 13 06:31:36 UTC 2018 /home/travis/build/icyphy/ptII/ptolemy/actor/lib/test/auto/MaxIndex.xml
----------------- Instantiating /home/travis/build/icyphy/ptII/ptolemy/actor/lib/test/auto/MaxIndex.xml
2 ms. Memory: 1229824K Free: 1168862K (95%)
----------------- Invoking toplevel() on ptolemy.moml.MoMLSimpleApplication@66819176
----------------- Done invoking toplevel() on ptolemy.moml.MoMLSimpleApplication@66819176
reloadAllAccessors: .MaxIndex

===========================================================================================
----------------- testing Wed Jun 13 06:31:36 UTC 2018 /home/travis/build/icyphy/ptII/ptolemy/actor/lib/test/auto/Maximum.xml
----------------- Instantiating /home/travis/build/icyphy/ptII/ptolemy/actor/lib/test/auto/Maximum.xml
7 ms. Memory: 1229824K Free: 1153843K (94%)
----------------- Invoking toplevel() on ptolemy.moml.MoMLSimpleApplication@367c4f87
----------------- Done invoking toplevel() on ptolemy.moml.MoMLSimpleApplication@367c4f87
reloadAllAccessors: .Maximum

===========================================================================================
----------------- testing Wed Jun 13 06:31:36 UTC 2018 /home/travis/build/icyphy/ptII/ptolemy/actor/lib/test/auto/MaximumComplex.xml
----------------- Instantiating /home/travis/build/icyphy/ptII/ptolemy/actor/lib/test/auto/MaximumComplex.xml
4 ms. Memory: 1229824K Free: 1133532K (92%)
----------------- Invoking toplevel() on ptolemy.moml.MoMLSimpleApplication@4edaddc0
----------------- Done invoking toplevel() on ptolemy.moml.MoMLSimpleApplication@4edaddc0
reloadAllAccessors: .MaximumComplex

===========================================================================================
----------------- testing Wed Jun 13 06:31:36 UTC 2018 /home/travis/build/icyphy/ptII/ptolemy/actor/lib/test/auto/MethodCallTest.xml
----------------- Instantiating /home/travis/build/icyphy/ptII/ptolemy/actor/lib/test/auto/MethodCallTest.xml
8 ms. Memory: 1229824K Free: 1118486K (91%)
----------------- Invoking toplevel() on ptolemy.moml.MoMLSimpleApplication@6f05258f
----------------- Done invoking toplevel() on ptolemy.moml.MoMLSimpleApplication@6f05258f
reloadAllAccessors: .MethodCallTest

===========================================================================================
----------------- testing Wed Jun 13 06:31:36 UTC 2018 /home/travis/build/icyphy/ptII/ptolemy/actor/lib/test/auto/Minimum.xml
----------------- Instantiating /home/travis/build/icyphy/ptII/ptolemy/actor/lib/test/auto/Minimum.xml
4 ms. Memory: 1229824K Free: 1098175K (89%)
----------------- Invoking toplevel() on ptolemy.moml.MoMLSimpleApplication@1ba36b29
----------------- Done invoking toplevel() on ptolemy.moml.MoMLSimpleApplication@1ba36b29
reloadAllAccessors: .Minimum

===========================================================================================
----------------- testing Wed Jun 13 06:31:36 UTC 2018 /home/travis/build/icyphy/ptII/ptolemy/actor/lib/test/auto/MinimumComplex.xml
----------------- Instantiating /home/travis/build/icyphy/ptII/ptolemy/actor/lib/test/auto/MinimumComplex.xml
3 ms. Memory: 1229824K Free: 1083156K (88%)
----------------- Invoking toplevel() on ptolemy.moml.MoMLSimpleApplication@265c238b
----------------- Done invoking toplevel() on ptolemy.moml.MoMLSimpleApplication@265c238b
reloadAllAccessors: .MinimumComplex

===========================================================================================
----------------- testing Wed Jun 13 06:31:36 UTC 2018 /home/travis/build/icyphy/ptII/ptolemy/actor/lib/test/auto/MinimumMultiports.xml
----------------- Instantiating /home/travis/build/icyphy/ptII/ptolemy/actor/lib/test/auto/MinimumMultiports.xml
3 ms. Memory: 1229824K Free: 1068137K (87%)
----------------- Invoking toplevel() on ptolemy.moml.MoMLSimpleApplication@f68f64a
----------------- Done invoking toplevel() on ptolemy.moml.MoMLSimpleApplication@f68f64a
reloadAllAccessors: .MinimumMultiports

===========================================================================================
----------------- testing Wed Jun 13 06:31:36 UTC 2018 /home/travis/build/icyphy/ptII/ptolemy/actor/lib/test/auto/ModifyDate.xml
----------------- Instantiating /home/travis/build/icyphy/ptII/ptolemy/actor/lib/test/auto/ModifyDate.xml
8 ms. Memory: 1229824K Free: 1040317K (85%)
----------------- Invoking toplevel() on ptolemy.moml.MoMLSimpleApplication@9246450
----------------- Done invoking toplevel() on ptolemy.moml.MoMLSimpleApplication@9246450
reloadAllAccessors: .ModifyDate

===========================================================================================
----------------- testing Wed Jun 13 06:31:36 UTC 2018 /home/travis/build/icyphy/ptII/ptolemy/actor/lib/test/auto/ModifyDate2.xml
----------------- Instantiating /home/travis/build/icyphy/ptII/ptolemy/actor/lib/test/auto/ModifyDate2.xml
2 ms. Memory: 1229824K Free: 1017773K (83%)
----------------- Invoking toplevel() on ptolemy.moml.MoMLSimpleApplication@f3aa726
----------------- Done invoking toplevel() on ptolemy.moml.MoMLSimpleApplication@f3aa726
reloadAllAccessors: .ModifyDate2

===========================================================================================
----------------- testing Wed Jun 13 06:31:36 UTC 2018 /home/travis/build/icyphy/ptII/ptolemy/actor/lib/test/auto/MovingAverage.xml
----------------- Instantiating /home/travis/build/icyphy/ptII/ptolemy/actor/lib/test/auto/MovingAverage.xml
2 ms. Memory: 1229824K Free: 997461K (81%)
----------------- Invoking toplevel() on ptolemy.moml.MoMLSimpleApplication@22e75521
----------------- Done invoking toplevel() on ptolemy.moml.MoMLSimpleApplication@22e75521
reloadAllAccessors: .MovingAverage

===========================================================================================
----------------- testing Wed Jun 13 06:31:36 UTC 2018 /home/travis/build/icyphy/ptII/ptolemy/actor/lib/test/auto/MovingMaximum.xml
----------------- Instantiating /home/travis/build/icyphy/ptII/ptolemy/actor/lib/test/auto/MovingMaximum.xml
1 ms. Memory: 1229824K Free: 982443K (80%)
----------------- Invoking toplevel() on ptolemy.moml.MoMLSimpleApplication@26f35614
----------------- Done invoking toplevel() on ptolemy.moml.MoMLSimpleApplication@26f35614
reloadAllAccessors: .MovingMaximum

===========================================================================================
----------------- testing Wed Jun 13 06:31:36 UTC 2018 /home/travis/build/icyphy/ptII/ptolemy/actor/lib/test/auto/MultipleLinksToSameRelation.xml
----------------- Instantiating /home/travis/build/icyphy/ptII/ptolemy/actor/lib/test/auto/MultipleLinksToSameRelation.xml
2 ms. Memory: 1229824K Free: 962132K (78%)
----------------- Invoking toplevel() on ptolemy.moml.MoMLSimpleApplication@6a95e036
----------------- Done invoking toplevel() on ptolemy.moml.MoMLSimpleApplication@6a95e036
reloadAllAccessors: .MultipleLinksToSameRelation

===========================================================================================
----------------- testing Wed Jun 13 06:31:36 UTC 2018 /home/travis/build/icyphy/ptII/ptolemy/actor/lib/test/auto/MultipleLinksToSameRelationDE.xml
----------------- Instantiating /home/travis/build/icyphy/ptII/ptolemy/actor/lib/test/auto/MultipleLinksToSameRelationDE.xml
1 ms. Memory: 1229824K Free: 947113K (77%)
----------------- Invoking toplevel() on ptolemy.moml.MoMLSimpleApplication@3031559
----------------- Done invoking toplevel() on ptolemy.moml.MoMLSimpleApplication@3031559
reloadAllAccessors: .MultipleLinksToSameRelationDE

===========================================================================================
----------------- testing Wed Jun 13 06:31:36 UTC 2018 /home/travis/build/icyphy/ptII/ptolemy/actor/lib/test/auto/Multiplexor.xml
----------------- Instantiating /home/travis/build/icyphy/ptII/ptolemy/actor/lib/test/auto/Multiplexor.xml
1 ms. Memory: 1229824K Free: 926801K (75%)
----------------- Invoking toplevel() on ptolemy.moml.MoMLSimpleApplication@74291d46
----------------- Done invoking toplevel() on ptolemy.moml.MoMLSimpleApplication@74291d46
reloadAllAccessors: .Multiplexor

===========================================================================================
----------------- testing Wed Jun 13 06:31:36 UTC 2018 /home/travis/build/icyphy/ptII/ptolemy/actor/lib/test/auto/Multiplexor1.xml
----------------- Instantiating /home/travis/build/icyphy/ptII/ptolemy/actor/lib/test/auto/Multiplexor1.xml
2 ms. Memory: 1229824K Free: 911783K (74%)
----------------- Invoking toplevel() on ptolemy.moml.MoMLSimpleApplication@77c7511d
----------------- Done invoking toplevel() on ptolemy.moml.MoMLSimpleApplication@77c7511d
reloadAllAccessors: .Multiplexor1

===========================================================================================
----------------- testing Wed Jun 13 06:31:36 UTC 2018 /home/travis/build/icyphy/ptII/ptolemy/actor/lib/test/auto/Multiplexor2.xml
----------------- Instantiating /home/travis/build/icyphy/ptII/ptolemy/actor/lib/test/auto/Multiplexor2.xml
3 ms. Memory: 1229824K Free: 891472K (72%)
----------------- Invoking toplevel() on ptolemy.moml.MoMLSimpleApplication@518240a8
----------------- Done invoking toplevel() on ptolemy.moml.MoMLSimpleApplication@518240a8
reloadAllAccessors: .Multiplexor2

===========================================================================================
----------------- testing Wed Jun 13 06:31:36 UTC 2018 /home/travis/build/icyphy/ptII/ptolemy/actor/lib/test/auto/Multiplexor3.xml
----------------- Instantiating /home/travis/build/icyphy/ptII/ptolemy/actor/lib/test/auto/Multiplexor3.xml
1 ms. Memory: 1229824K Free: 876453K (71%)
----------------- Invoking toplevel() on ptolemy.moml.MoMLSimpleApplication@452f8d2b
----------------- Done invoking toplevel() on ptolemy.moml.MoMLSimpleApplication@452f8d2b
reloadAllAccessors: .Multiplexor3

===========================================================================================
----------------- testing Wed Jun 13 06:31:36 UTC 2018 /home/travis/build/icyphy/ptII/ptolemy/actor/lib/test/auto/MultiplexorDE.xml
----------------- Instantiating /home/travis/build/icyphy/ptII/ptolemy/actor/lib/test/auto/MultiplexorDE.xml
2 ms. Memory: 1229824K Free: 856142K (70%)
----------------- Invoking toplevel() on ptolemy.moml.MoMLSimpleApplication@7d119c28
----------------- Done invoking toplevel() on ptolemy.moml.MoMLSimpleApplication@7d119c28
reloadAllAccessors: .MultiplexorDE

===========================================================================================
----------------- testing Wed Jun 13 06:31:36 UTC 2018 /home/travis/build/icyphy/ptII/ptolemy/actor/lib/test/auto/MultiportBroadcastTest.xml
----------------- Instantiating /home/travis/build/icyphy/ptII/ptolemy/actor/lib/test/auto/MultiportBroadcastTest.xml
56 ms. Memory: 1229824K Free: 841123K (68%)
----------------- Invoking toplevel() on ptolemy.moml.MoMLSimpleApplication@6c41b4b4
----------------- Done invoking toplevel() on ptolemy.moml.MoMLSimpleApplication@6c41b4b4
reloadAllAccessors: .MultiportBroadcastTest

===========================================================================================
----------------- testing Wed Jun 13 06:31:37 UTC 2018 /home/travis/build/icyphy/ptII/ptolemy/actor/lib/test/auto/MultiportOutHangDuringGetWidth.xml
----------------- Instantiating /home/travis/build/icyphy/ptII/ptolemy/actor/lib/test/auto/MultiportOutHangDuringGetWidth.xml
4 ms. Memory: 1229824K Free: 813287K (66%)
----------------- Invoking toplevel() on ptolemy.moml.MoMLSimpleApplication@2063ff32
----------------- Done invoking toplevel() on ptolemy.moml.MoMLSimpleApplication@2063ff32
reloadAllAccessors: .MultiportOutHangDuringGetWidth

===========================================================================================
----------------- testing Wed Jun 13 06:31:37 UTC 2018 /home/travis/build/icyphy/ptII/ptolemy/actor/lib/test/auto/NilToken.xml
----------------- Instantiating /home/travis/build/icyphy/ptII/ptolemy/actor/lib/test/auto/NilToken.xml
1 ms. Memory: 1229824K Free: 798268K (65%)
----------------- Invoking toplevel() on ptolemy.moml.MoMLSimpleApplication@64739a42
----------------- Done invoking toplevel() on ptolemy.moml.MoMLSimpleApplication@64739a42
reloadAllAccessors: .NilToken

===========================================================================================
----------------- testing Wed Jun 13 06:31:37 UTC 2018 /home/travis/build/icyphy/ptII/ptolemy/actor/lib/test/auto/NilTokenNonStrictTest.xml
----------------- Instantiating /home/travis/build/icyphy/ptII/ptolemy/actor/lib/test/auto/NilTokenNonStrictTest.xml
2 ms. Memory: 1229824K Free: 783249K (64%)
----------------- Invoking toplevel() on ptolemy.moml.MoMLSimpleApplication@18d8641c
----------------- Done invoking toplevel() on ptolemy.moml.MoMLSimpleApplication@18d8641c
reloadAllAccessors: .NilTokenNonStrictTest

===========================================================================================
----------------- testing Wed Jun 13 06:31:37 UTC 2018 /home/travis/build/icyphy/ptII/ptolemy/actor/lib/test/auto/NilTokenRecord.xml
----------------- Instantiating /home/travis/build/icyphy/ptII/ptolemy/actor/lib/test/auto/NilTokenRecord.xml
5 ms. Memory: 1229824K Free: 762938K (62%)
----------------- Invoking toplevel() on ptolemy.moml.MoMLSimpleApplication@1e9ec9f9
----------------- Done invoking toplevel() on ptolemy.moml.MoMLSimpleApplication@1e9ec9f9
reloadAllAccessors: .NilTokenRecord

===========================================================================================
----------------- testing Wed Jun 13 06:31:37 UTC 2018 /home/travis/build/icyphy/ptII/ptolemy/actor/lib/test/auto/NilTokenTypeTest.xml
----------------- Instantiating /home/travis/build/icyphy/ptII/ptolemy/actor/lib/test/auto/NilTokenTypeTest.xml
3 ms. Memory: 1229824K Free: 740402K (60%)
----------------- Invoking toplevel() on ptolemy.moml.MoMLSimpleApplication@4e028b5
----------------- Done invoking toplevel() on ptolemy.moml.MoMLSimpleApplication@4e028b5
reloadAllAccessors: .NilTokenTypeTest

===========================================================================================
----------------- testing Wed Jun 13 06:31:37 UTC 2018 /home/travis/build/icyphy/ptII/ptolemy/actor/lib/test/auto/ObjectToken1.xml
----------------- Instantiating /home/travis/build/icyphy/ptII/ptolemy/actor/lib/test/auto/ObjectToken1.xml
1 ms. Memory: 1229824K Free: 720091K (59%)
----------------- Invoking toplevel() on ptolemy.moml.MoMLSimpleApplication@a8fc796
----------------- Done invoking toplevel() on ptolemy.moml.MoMLSimpleApplication@a8fc796
reloadAllAccessors: .ObjectToken1

===========================================================================================
----------------- testing Wed Jun 13 06:31:37 UTC 2018 /home/travis/build/icyphy/ptII/ptolemy/actor/lib/test/auto/OrderedMerge.xml
----------------- Instantiating /home/travis/build/icyphy/ptII/ptolemy/actor/lib/test/auto/OrderedMerge.xml
11 ms. Memory: 1229824K Free: 675035K (55%)
----------------- Invoking toplevel() on ptolemy.moml.MoMLSimpleApplication@331d7095
----------------- Done invoking toplevel() on ptolemy.moml.MoMLSimpleApplication@331d7095
reloadAllAccessors: .OrderedMerge

===========================================================================================
----------------- testing Wed Jun 13 06:31:37 UTC 2018 /home/travis/build/icyphy/ptII/ptolemy/actor/lib/test/auto/OrderedRecordDisassembler.xml
----------------- Instantiating /home/travis/build/icyphy/ptII/ptolemy/actor/lib/test/auto/OrderedRecordDisassembler.xml
3 ms. Memory: 1229824K Free: 654724K (53%)
----------------- Invoking toplevel() on ptolemy.moml.MoMLSimpleApplication@75828263
----------------- Done invoking toplevel() on ptolemy.moml.MoMLSimpleApplication@75828263
reloadAllAccessors: .OrderedRecordDisassembler

===========================================================================================
----------------- testing Wed Jun 13 06:31:37 UTC 2018 /home/travis/build/icyphy/ptII/ptolemy/actor/lib/test/auto/OrderedRecordDisassembler2.xml
----------------- Instantiating /home/travis/build/icyphy/ptII/ptolemy/actor/lib/test/auto/OrderedRecordDisassembler2.xml
3 ms. Memory: 1229824K Free: 639705K (52%)
----------------- Invoking toplevel() on ptolemy.moml.MoMLSimpleApplication@2e148256
----------------- Done invoking toplevel() on ptolemy.moml.MoMLSimpleApplication@2e148256
reloadAllAccessors: .OrderedRecordDisassembler2

===========================================================================================
----------------- testing Wed Jun 13 06:31:37 UTC 2018 /home/travis/build/icyphy/ptII/ptolemy/actor/lib/test/auto/OrderedRecordUpdater.xml
----------------- Instantiating /home/travis/build/icyphy/ptII/ptolemy/actor/lib/test/auto/OrderedRecordUpdater.xml
2 ms. Memory: 1229824K Free: 619394K (50%)
----------------- Invoking toplevel() on ptolemy.moml.MoMLSimpleApplication@5043fab4
----------------- Done invoking toplevel() on ptolemy.moml.MoMLSimpleApplication@5043fab4
reloadAllAccessors: .RecordUpdater

===========================================================================================
----------------- testing Wed Jun 13 06:31:37 UTC 2018 /home/travis/build/icyphy/ptII/ptolemy/actor/lib/test/auto/OrderedRecordUpdater2.xml
----------------- Instantiating /home/travis/build/icyphy/ptII/ptolemy/actor/lib/test/auto/OrderedRecordUpdater2.xml
2 ms. Memory: 1229824K Free: 604375K (49%)
----------------- Invoking toplevel() on ptolemy.moml.MoMLSimpleApplication@4eb82b87
----------------- Done invoking toplevel() on ptolemy.moml.MoMLSimpleApplication@4eb82b87
reloadAllAccessors: .RecordUpdater2

===========================================================================================
----------------- testing Wed Jun 13 06:31:37 UTC 2018 /home/travis/build/icyphy/ptII/ptolemy/actor/lib/test/auto/PhaseUnwrap.xml
----------------- Instantiating /home/travis/build/icyphy/ptII/ptolemy/actor/lib/test/auto/PhaseUnwrap.xml
1 ms. Memory: 1229824K Free: 584064K (47%)
----------------- Invoking toplevel() on ptolemy.moml.MoMLSimpleApplication@34f0a58f
----------------- Done invoking toplevel() on ptolemy.moml.MoMLSimpleApplication@34f0a58f
reloadAllAccessors: .PhaseUnwrap

===========================================================================================
----------------- testing Wed Jun 13 06:31:37 UTC 2018 /home/travis/build/icyphy/ptII/ptolemy/actor/lib/test/auto/PoissonClock.xml
----------------- Instantiating /home/travis/build/icyphy/ptII/ptolemy/actor/lib/test/auto/PoissonClock.xml
1 ms. Memory: 1229824K Free: 569046K (46%)
----------------- Invoking toplevel() on ptolemy.moml.MoMLSimpleApplication@3f5fd7e8
----------------- Done invoking toplevel() on ptolemy.moml.MoMLSimpleApplication@3f5fd7e8
reloadAllAccessors: .PoissonClock

===========================================================================================
----------------- testing Wed Jun 13 06:31:37 UTC 2018 /home/travis/build/icyphy/ptII/ptolemy/actor/lib/test/auto/PoissonClock2.xml
----------------- Instantiating /home/travis/build/icyphy/ptII/ptolemy/actor/lib/test/auto/PoissonClock2.xml
2 ms. Memory: 1229824K Free: 548734K (45%)
----------------- Invoking toplevel() on ptolemy.moml.MoMLSimpleApplication@7600f08d
----------------- Done invoking toplevel() on ptolemy.moml.MoMLSimpleApplication@7600f08d
reloadAllAccessors: .PoissonClock2

===========================================================================================
----------------- testing Wed Jun 13 06:31:37 UTC 2018 /home/travis/build/icyphy/ptII/ptolemy/actor/lib/test/auto/PoissonClock3.xml
----------------- Instantiating /home/travis/build/icyphy/ptII/ptolemy/actor/lib/test/auto/PoissonClock3.xml
1 ms. Memory: 1229824K Free: 533716K (43%)
----------------- Invoking toplevel() on ptolemy.moml.MoMLSimpleApplication@6a27e5e7
----------------- Done invoking toplevel() on ptolemy.moml.MoMLSimpleApplication@6a27e5e7
reloadAllAccessors: .PoissonClock3

===========================================================================================
----------------- testing Wed Jun 13 06:31:37 UTC 2018 /home/travis/build/icyphy/ptII/ptolemy/actor/lib/test/auto/PubSubWithInitialTokens.xml
----------------- Instantiating /home/travis/build/icyphy/ptII/ptolemy/actor/lib/test/auto/PubSubWithInitialTokens.xml
5 ms. Memory: 1229824K Free: 513404K (42%)
----------------- Invoking toplevel() on ptolemy.moml.MoMLSimpleApplication@798e211
----------------- Done invoking toplevel() on ptolemy.moml.MoMLSimpleApplication@798e211
reloadAllAccessors: .PubSubWithInitialTokens

===========================================================================================
----------------- testing Wed Jun 13 06:31:37 UTC 2018 /home/travis/build/icyphy/ptII/ptolemy/actor/lib/test/auto/PubSubWithInitialTokens2.xml
----------------- Instantiating /home/travis/build/icyphy/ptII/ptolemy/actor/lib/test/auto/PubSubWithInitialTokens2.xml
3 ms. Memory: 1229824K Free: 498386K (41%)
----------------- Invoking toplevel() on ptolemy.moml.MoMLSimpleApplication@65b2cc34
----------------- Done invoking toplevel() on ptolemy.moml.MoMLSimpleApplication@65b2cc34
reloadAllAccessors: .PubSubWithInitialTokens2

===========================================================================================
----------------- testing Wed Jun 13 06:31:37 UTC 2018 /home/travis/build/icyphy/ptII/ptolemy/actor/lib/test/auto/PublisherClassNoParameter.xml
----------------- Instantiating /home/travis/build/icyphy/ptII/ptolemy/actor/lib/test/auto/PublisherClassNoParameter.xml
3 ms. Memory: 1229824K Free: 470565K (38%)
----------------- Invoking toplevel() on ptolemy.moml.MoMLSimpleApplication@3b97f00d
----------------- Done invoking toplevel() on ptolemy.moml.MoMLSimpleApplication@3b97f00d
reloadAllAccessors: .PublisherClassNoParameter

===========================================================================================
----------------- testing Wed Jun 13 06:31:37 UTC 2018 /home/travis/build/icyphy/ptII/ptolemy/actor/lib/test/auto/PublisherClassParameter.xml
----------------- Instantiating /home/travis/build/icyphy/ptII/ptolemy/actor/lib/test/auto/PublisherClassParameter.xml
3 ms. Memory: 1229824K Free: 448021K (36%)
----------------- Invoking toplevel() on ptolemy.moml.MoMLSimpleApplication@1481a3ff
----------------- Done invoking toplevel() on ptolemy.moml.MoMLSimpleApplication@1481a3ff
reloadAllAccessors: .PublisherClassParameter

===========================================================================================
----------------- testing Wed Jun 13 06:31:37 UTC 2018 /home/travis/build/icyphy/ptII/ptolemy/actor/lib/test/auto/PublisherNonStrictTest.xml
----------------- Instantiating /home/travis/build/icyphy/ptII/ptolemy/actor/lib/test/auto/PublisherNonStrictTest.xml
3 ms. Memory: 1229824K Free: 433003K (35%)
----------------- Invoking toplevel() on ptolemy.moml.MoMLSimpleApplication@48e2ef1
----------------- Done invoking toplevel() on ptolemy.moml.MoMLSimpleApplication@48e2ef1
reloadAllAccessors: .PublisherNonStrictTest

===========================================================================================
----------------- testing Wed Jun 13 06:31:37 UTC 2018 /home/travis/build/icyphy/ptII/ptolemy/actor/lib/test/auto/PublisherPort1.xml
----------------- Instantiating /home/travis/build/icyphy/ptII/ptolemy/actor/lib/test/auto/PublisherPort1.xml
3 ms. Memory: 1229824K Free: 412692K (34%)
----------------- Invoking toplevel() on ptolemy.moml.MoMLSimpleApplication@2a7be920
----------------- Done invoking toplevel() on ptolemy.moml.MoMLSimpleApplication@2a7be920
reloadAllAccessors: .PublisherPort1

===========================================================================================
----------------- testing Wed Jun 13 06:31:37 UTC 2018 /home/travis/build/icyphy/ptII/ptolemy/actor/lib/test/auto/PublisherPort2.xml
----------------- Instantiating /home/travis/build/icyphy/ptII/ptolemy/actor/lib/test/auto/PublisherPort2.xml
2 ms. Memory: 1229824K Free: 397673K (32%)
----------------- Invoking toplevel() on ptolemy.moml.MoMLSimpleApplication@6e79d32c
----------------- Done invoking toplevel() on ptolemy.moml.MoMLSimpleApplication@6e79d32c
reloadAllAccessors: .PublisherPort2

===========================================================================================
----------------- testing Wed Jun 13 06:31:37 UTC 2018 /home/travis/build/icyphy/ptII/ptolemy/actor/lib/test/auto/PublisherPort3.xml
----------------- Instantiating /home/travis/build/icyphy/ptII/ptolemy/actor/lib/test/auto/PublisherPort3.xml
9 ms. Memory: 1229824K Free: 377362K (31%)
----------------- Invoking toplevel() on ptolemy.moml.MoMLSimpleApplication@33679595
----------------- Done invoking toplevel() on ptolemy.moml.MoMLSimpleApplication@33679595
reloadAllAccessors: .PublisherPort3

===========================================================================================
----------------- testing Wed Jun 13 06:31:37 UTC 2018 /home/travis/build/icyphy/ptII/ptolemy/actor/lib/test/auto/PublisherPort4.xml
----------------- Instantiating /home/travis/build/icyphy/ptII/ptolemy/actor/lib/test/auto/PublisherPort4.xml
2 ms. Memory: 1229824K Free: 362343K (29%)
----------------- Invoking toplevel() on ptolemy.moml.MoMLSimpleApplication@55d4deb5
----------------- Done invoking toplevel() on ptolemy.moml.MoMLSimpleApplication@55d4deb5
reloadAllAccessors: .PublisherPort4

===========================================================================================
----------------- testing Wed Jun 13 06:31:37 UTC 2018 /home/travis/build/icyphy/ptII/ptolemy/actor/lib/test/auto/PublisherPort5.xml
----------------- Instantiating /home/travis/build/icyphy/ptII/ptolemy/actor/lib/test/auto/PublisherPort5.xml
4 ms. Memory: 1229824K Free: 342032K (28%)
----------------- Invoking toplevel() on ptolemy.moml.MoMLSimpleApplication@61ea4ad6
----------------- Done invoking toplevel() on ptolemy.moml.MoMLSimpleApplication@61ea4ad6
reloadAllAccessors: .PublisherPort5

===========================================================================================
----------------- testing Wed Jun 13 06:31:37 UTC 2018 /home/travis/build/icyphy/ptII/ptolemy/actor/lib/test/auto/PublisherPort5LookAlike.xml
----------------- Instantiating /home/travis/build/icyphy/ptII/ptolemy/actor/lib/test/auto/PublisherPort5LookAlike.xml
7 ms. Memory: 1229824K Free: 327013K (27%)
----------------- Invoking toplevel() on ptolemy.moml.MoMLSimpleApplication@28171cf
----------------- Done invoking toplevel() on ptolemy.moml.MoMLSimpleApplication@28171cf
reloadAllAccessors: .PublisherPort5LookAlike

===========================================================================================
----------------- testing Wed Jun 13 06:31:37 UTC 2018 /home/travis/build/icyphy/ptII/ptolemy/actor/lib/test/auto/PublisherPort6.xml
----------------- Instantiating /home/travis/build/icyphy/ptII/ptolemy/actor/lib/test/auto/PublisherPort6.xml
2 ms. Memory: 1229824K Free: 306702K (25%)
----------------- Invoking toplevel() on ptolemy.moml.MoMLSimpleApplication@76cff40d
----------------- Done invoking toplevel() on ptolemy.moml.MoMLSimpleApplication@76cff40d
reloadAllAccessors: .PublisherPort6

===========================================================================================
----------------- testing Wed Jun 13 06:31:37 UTC 2018 /home/travis/build/icyphy/ptII/ptolemy/actor/lib/test/auto/PublisherPort7.xml
----------------- Instantiating /home/travis/build/icyphy/ptII/ptolemy/actor/lib/test/auto/PublisherPort7.xml
4 ms. Memory: 1229824K Free: 291683K (24%)
----------------- Invoking toplevel() on ptolemy.moml.MoMLSimpleApplication@3afeef1c
----------------- Done invoking toplevel() on ptolemy.moml.MoMLSimpleApplication@3afeef1c
reloadAllAccessors: .PublisherPort7

===========================================================================================
----------------- testing Wed Jun 13 06:31:37 UTC 2018 /home/travis/build/icyphy/ptII/ptolemy/actor/lib/test/auto/PublisherPort8.xml
----------------- Instantiating /home/travis/build/icyphy/ptII/ptolemy/actor/lib/test/auto/PublisherPort8.xml
4 ms. Memory: 1229824K Free: 271372K (22%)
----------------- Invoking toplevel() on ptolemy.moml.MoMLSimpleApplication@84dc184
----------------- Done invoking toplevel() on ptolemy.moml.MoMLSimpleApplication@84dc184
reloadAllAccessors: .PublisherPort8

===========================================================================================
----------------- testing Wed Jun 13 06:31:37 UTC 2018 /home/travis/build/icyphy/ptII/ptolemy/actor/lib/test/auto/PublisherPortSubscriberChannelVariablesAOC2.xml
----------------- Instantiating /home/travis/build/icyphy/ptII/ptolemy/actor/lib/test/auto/PublisherPortSubscriberChannelVariablesAOC2.xml
3 ms. Memory: 1229824K Free: 241311K (20%)
----------------- Invoking toplevel() on ptolemy.moml.MoMLSimpleApplication@2e6138b5
----------------- Done invoking toplevel() on ptolemy.moml.MoMLSimpleApplication@2e6138b5
reloadAllAccessors: .PublisherPortSubscriberChannelVariablesAOC2

===========================================================================================
----------------- testing Wed Jun 13 06:31:37 UTC 2018 /home/travis/build/icyphy/ptII/ptolemy/actor/lib/test/auto/PublisherPortSubscriberOpaqueWidthInference.xml
----------------- Instantiating /home/travis/build/icyphy/ptII/ptolemy/actor/lib/test/auto/PublisherPortSubscriberOpaqueWidthInference.xml
4 ms. Memory: 1229824K Free: 221000K (18%)
----------------- Invoking toplevel() on ptolemy.moml.MoMLSimpleApplication@4e8e84a0
----------------- Done invoking toplevel() on ptolemy.moml.MoMLSimpleApplication@4e8e84a0
reloadAllAccessors: .PublisherPortSubscriberOpaqueWidthInference

===========================================================================================
----------------- testing Wed Jun 13 06:31:37 UTC 2018 /home/travis/build/icyphy/ptII/ptolemy/actor/lib/test/auto/PublisherPortSubscriberPortAdjacent.xml
----------------- Instantiating /home/travis/build/icyphy/ptII/ptolemy/actor/lib/test/auto/PublisherPortSubscriberPortAdjacent.xml
2 ms. Memory: 1229824K Free: 205981K (17%)
----------------- Invoking toplevel() on ptolemy.moml.MoMLSimpleApplication@35facd98
----------------- Done invoking toplevel() on ptolemy.moml.MoMLSimpleApplication@35facd98
reloadAllAccessors: .PublisherPortSubscriberPortAdjacent

===========================================================================================
----------------- testing Wed Jun 13 06:31:37 UTC 2018 /home/travis/build/icyphy/ptII/ptolemy/actor/lib/test/auto/PublisherPortSubscriberPortExpression.xml
----------------- Instantiating /home/travis/build/icyphy/ptII/ptolemy/actor/lib/test/auto/PublisherPortSubscriberPortExpression.xml
7 ms. Memory: 1229824K Free: 185670K (15%)
----------------- Invoking toplevel() on ptolemy.moml.MoMLSimpleApplication@4cb3cd7a
----------------- Done invoking toplevel() on ptolemy.moml.MoMLSimpleApplication@4cb3cd7a
reloadAllAccessors: .PublisherPortSubscriberPortExpression

===========================================================================================
----------------- testing Wed Jun 13 06:31:37 UTC 2018 /home/travis/build/icyphy/ptII/ptolemy/actor/lib/test/auto/PublisherPortSubscriberPortOpaqueD3Reverse.xml
----------------- Instantiating /home/travis/build/icyphy/ptII/ptolemy/actor/lib/test/auto/PublisherPortSubscriberPortOpaqueD3Reverse.xml
9 ms. Memory: 1229824K Free: 170651K (14%)
----------------- Invoking toplevel() on ptolemy.moml.MoMLSimpleApplication@5115a7bd
----------------- Done invoking toplevel() on ptolemy.moml.MoMLSimpleApplication@5115a7bd
reloadAllAccessors: .PublisherPortSubscriberPortOpaqueD3Reverse

===========================================================================================
----------------- testing Wed Jun 13 06:31:37 UTC 2018 /home/travis/build/icyphy/ptII/ptolemy/actor/lib/test/auto/PublisherPortSubscriberPortOpaqueWidthInference.xml
----------------- Instantiating /home/travis/build/icyphy/ptII/ptolemy/actor/lib/test/auto/PublisherPortSubscriberPortOpaqueWidthInference.xml
4 ms. Memory: 1229824K Free: 150340K (12%)
----------------- Invoking toplevel() on ptolemy.moml.MoMLSimpleApplication@2ded623b
----------------- Done invoking toplevel() on ptolemy.moml.MoMLSimpleApplication@2ded623b
reloadAllAccessors: .PublisherPortSubscriberPortOpaqueWidthInference

===========================================================================================
----------------- testing Wed Jun 13 06:31:37 UTC 2018 /home/travis/build/icyphy/ptII/ptolemy/actor/lib/test/auto/PublisherPortToplevelSubscriberPortAOC.xml
----------------- Instantiating /home/travis/build/icyphy/ptII/ptolemy/actor/lib/test/auto/PublisherPortToplevelSubscriberPortAOC.xml
.PublisherPortToplevelSubscriberPortAOC.TestExceptionAttribute: initialize() was not invoked, but wrapup() was.  This is unusual, but not always a problem.  For example, exporting JNLP will do this.
1 ms. Memory: 1229824K Free: 135321K (11%)
----------------- Invoking toplevel() on ptolemy.moml.MoMLSimpleApplication@15f862ee
----------------- Done invoking toplevel() on ptolemy.moml.MoMLSimpleApplication@15f862ee
reloadAllAccessors: .PublisherPortToplevelSubscriberPortAOC

===========================================================================================
----------------- testing Wed Jun 13 06:31:37 UTC 2018 /home/travis/build/icyphy/ptII/ptolemy/actor/lib/test/auto/PublisherSubscriber.xml
----------------- Instantiating /home/travis/build/icyphy/ptII/ptolemy/actor/lib/test/auto/PublisherSubscriber.xml
4 ms. Memory: 1229824K Free: 115010K (9%)
----------------- Invoking toplevel() on ptolemy.moml.MoMLSimpleApplication@1055ffbb
----------------- Done invoking toplevel() on ptolemy.moml.MoMLSimpleApplication@1055ffbb
reloadAllAccessors: .PublisherSubscriber

===========================================================================================
----------------- testing Wed Jun 13 06:31:37 UTC 2018 /home/travis/build/icyphy/ptII/ptolemy/actor/lib/test/auto/PublisherSubscriber10.xml
----------------- Instantiating /home/travis/build/icyphy/ptII/ptolemy/actor/lib/test/auto/PublisherSubscriber10.xml
5 ms. Memory: 1229824K Free: 99992K (8%)
----------------- Invoking toplevel() on ptolemy.moml.MoMLSimpleApplication@3b27a121
----------------- Done invoking toplevel() on ptolemy.moml.MoMLSimpleApplication@3b27a121
reloadAllAccessors: .PublisherSubscriber10

===========================================================================================
----------------- testing Wed Jun 13 06:31:37 UTC 2018 /home/travis/build/icyphy/ptII/ptolemy/actor/lib/test/auto/PublisherSubscriber10InitialOutputs.xml
----------------- Instantiating /home/travis/build/icyphy/ptII/ptolemy/actor/lib/test/auto/PublisherSubscriber10InitialOutputs.xml
5 ms. Memory: 1229824K Free: 79680K (6%)
----------------- Invoking toplevel() on ptolemy.moml.MoMLSimpleApplication@53c12181
----------------- Done invoking toplevel() on ptolemy.moml.MoMLSimpleApplication@53c12181
reloadAllAccessors: .PublisherSubscriber10InitialOutputs

===========================================================================================
----------------- testing Wed Jun 13 06:31:38 UTC 2018 /home/travis/build/icyphy/ptII/ptolemy/actor/lib/test/auto/PublisherSubscriber11.xml
----------------- Instantiating /home/travis/build/icyphy/ptII/ptolemy/actor/lib/test/auto/PublisherSubscriber11.xml
2 ms. Memory: 1229824K Free: 64662K (5%)
----------------- Invoking toplevel() on ptolemy.moml.MoMLSimpleApplication@1671be
----------------- Done invoking toplevel() on ptolemy.moml.MoMLSimpleApplication@1671be
reloadAllAccessors: .PublisherSubscriber11

===========================================================================================
----------------- testing Wed Jun 13 06:31:38 UTC 2018 /home/travis/build/icyphy/ptII/ptolemy/actor/lib/test/auto/PublisherSubscriber12.xml
----------------- Instantiating /home/travis/build/icyphy/ptII/ptolemy/actor/lib/test/auto/PublisherSubscriber12.xml
3 ms. Memory: 1252864K Free: 1197189K (96%)
----------------- Invoking toplevel() on ptolemy.moml.MoMLSimpleApplication@30e2d851
----------------- Done invoking toplevel() on ptolemy.moml.MoMLSimpleApplication@30e2d851
reloadAllAccessors: .PublisherSubscriber12

===========================================================================================
----------------- testing Wed Jun 13 06:31:38 UTC 2018 /home/travis/build/icyphy/ptII/ptolemy/actor/lib/test/auto/PublisherSubscriber13.xml
----------------- Instantiating /home/travis/build/icyphy/ptII/ptolemy/actor/lib/test/auto/PublisherSubscriber13.xml
2 ms. Memory: 1252864K Free: 1177533K (94%)
----------------- Invoking toplevel() on ptolemy.moml.MoMLSimpleApplication@42cab79b
----------------- Done invoking toplevel() on ptolemy.moml.MoMLSimpleApplication@42cab79b
reloadAllAccessors: .PublisherSubscriber13

===========================================================================================
----------------- testing Wed Jun 13 06:31:38 UTC 2018 /home/travis/build/icyphy/ptII/ptolemy/actor/lib/test/auto/PublisherSubscriber14.xml
----------------- Instantiating /home/travis/build/icyphy/ptII/ptolemy/actor/lib/test/auto/PublisherSubscriber14.xml
2 ms. Memory: 1252864K Free: 1157895K (92%)
----------------- Invoking toplevel() on ptolemy.moml.MoMLSimpleApplication@7c14426a
----------------- Done invoking toplevel() on ptolemy.moml.MoMLSimpleApplication@7c14426a
reloadAllAccessors: .PublisherSubscriber14

===========================================================================================
----------------- testing Wed Jun 13 06:31:38 UTC 2018 /home/travis/build/icyphy/ptII/ptolemy/actor/lib/test/auto/PublisherSubscriber2.xml
----------------- Instantiating /home/travis/build/icyphy/ptII/ptolemy/actor/lib/test/auto/PublisherSubscriber2.xml
4 ms. Memory: 1252864K Free: 1142767K (91%)
----------------- Invoking toplevel() on ptolemy.moml.MoMLSimpleApplication@2ab8f9b
----------------- Done invoking toplevel() on ptolemy.moml.MoMLSimpleApplication@2ab8f9b
reloadAllAccessors: .PublisherSubscriber2

===========================================================================================
----------------- testing Wed Jun 13 06:31:38 UTC 2018 /home/travis/build/icyphy/ptII/ptolemy/actor/lib/test/auto/PublisherSubscriber3.xml
----------------- Instantiating /home/travis/build/icyphy/ptII/ptolemy/actor/lib/test/auto/PublisherSubscriber3.xml
2 ms. Memory: 1252864K Free: 1123129K (90%)
----------------- Invoking toplevel() on ptolemy.moml.MoMLSimpleApplication@30cf2cc
----------------- Done invoking toplevel() on ptolemy.moml.MoMLSimpleApplication@30cf2cc
reloadAllAccessors: .PublisherSubscriber3

===========================================================================================
----------------- testing Wed Jun 13 06:31:38 UTC 2018 /home/travis/build/icyphy/ptII/ptolemy/actor/lib/test/auto/PublisherSubscriber4.xml
----------------- Instantiating /home/travis/build/icyphy/ptII/ptolemy/actor/lib/test/auto/PublisherSubscriber4.xml
1 ms. Memory: 1252864K Free: 1108001K (88%)
----------------- Invoking toplevel() on ptolemy.moml.MoMLSimpleApplication@f672a06
----------------- Done invoking toplevel() on ptolemy.moml.MoMLSimpleApplication@f672a06
reloadAllAccessors: .PublisherSubscriber4

===========================================================================================
----------------- testing Wed Jun 13 06:31:38 UTC 2018 /home/travis/build/icyphy/ptII/ptolemy/actor/lib/test/auto/PublisherSubscriber5.xml
----------------- Instantiating /home/travis/build/icyphy/ptII/ptolemy/actor/lib/test/auto/PublisherSubscriber5.xml
2 ms. Memory: 1252864K Free: 1088363K (87%)
----------------- Invoking toplevel() on ptolemy.moml.MoMLSimpleApplication@5d9a8b58
----------------- Done invoking toplevel() on ptolemy.moml.MoMLSimpleApplication@5d9a8b58
reloadAllAccessors: .PublisherSubscriber5

===========================================================================================
----------------- testing Wed Jun 13 06:31:38 UTC 2018 /home/travis/build/icyphy/ptII/ptolemy/actor/lib/test/auto/PublisherSubscriber6.xml
----------------- Instantiating /home/travis/build/icyphy/ptII/ptolemy/actor/lib/test/auto/PublisherSubscriber6.xml
5 ms. Memory: 1252864K Free: 1073236K (86%)
----------------- Invoking toplevel() on ptolemy.moml.MoMLSimpleApplication@51245095
----------------- Done invoking toplevel() on ptolemy.moml.MoMLSimpleApplication@51245095
reloadAllAccessors: .PublisherSubscriber6

===========================================================================================
----------------- testing Wed Jun 13 06:31:38 UTC 2018 /home/travis/build/icyphy/ptII/ptolemy/actor/lib/test/auto/PublisherSubscriber7.xml
----------------- Instantiating /home/travis/build/icyphy/ptII/ptolemy/actor/lib/test/auto/PublisherSubscriber7.xml
7 ms. Memory: 1252864K Free: 1053597K (84%)
----------------- Invoking toplevel() on ptolemy.moml.MoMLSimpleApplication@50561acc
----------------- Done invoking toplevel() on ptolemy.moml.MoMLSimpleApplication@50561acc
reloadAllAccessors: .PublisherSubscriber7

===========================================================================================
----------------- testing Wed Jun 13 06:31:38 UTC 2018 /home/travis/build/icyphy/ptII/ptolemy/actor/lib/test/auto/PublisherSubscriber8.xml
----------------- Instantiating /home/travis/build/icyphy/ptII/ptolemy/actor/lib/test/auto/PublisherSubscriber8.xml
18 ms. Memory: 1252864K Free: 958320K (76%)
----------------- Invoking toplevel() on ptolemy.moml.MoMLSimpleApplication@5f851dff
----------------- Done invoking toplevel() on ptolemy.moml.MoMLSimpleApplication@5f851dff
reloadAllAccessors: .PublisherSubscriber8

===========================================================================================
----------------- testing Wed Jun 13 06:31:38 UTC 2018 /home/travis/build/icyphy/ptII/ptolemy/actor/lib/test/auto/PublisherSubscriber9.xml
----------------- Instantiating /home/travis/build/icyphy/ptII/ptolemy/actor/lib/test/auto/PublisherSubscriber9.xml
2 ms. Memory: 1252864K Free: 943192K (75%)
----------------- Invoking toplevel() on ptolemy.moml.MoMLSimpleApplication@35b997d7
----------------- Done invoking toplevel() on ptolemy.moml.MoMLSimpleApplication@35b997d7
reloadAllAccessors: .PublisherSubscriber9

===========================================================================================
----------------- testing Wed Jun 13 06:31:38 UTC 2018 /home/travis/build/icyphy/ptII/ptolemy/actor/lib/test/auto/PublisherSubscriberAdjacent.xml
----------------- Instantiating /home/travis/build/icyphy/ptII/ptolemy/actor/lib/test/auto/PublisherSubscriberAdjacent.xml
2 ms. Memory: 1252864K Free: 923554K (74%)
----------------- Invoking toplevel() on ptolemy.moml.MoMLSimpleApplication@6f47f850
----------------- Done invoking toplevel() on ptolemy.moml.MoMLSimpleApplication@6f47f850
reloadAllAccessors: .PublisherSubscriberAdjacent

===========================================================================================
----------------- testing Wed Jun 13 06:31:38 UTC 2018 /home/travis/build/icyphy/ptII/ptolemy/actor/lib/test/auto/PublisherSubscriberChannelVariablesAOC2.xml
----------------- Instantiating /home/travis/build/icyphy/ptII/ptolemy/actor/lib/test/auto/PublisherSubscriberChannelVariablesAOC2.xml
3 ms. Memory: 1252864K Free: 900862K (72%)
----------------- Invoking toplevel() on ptolemy.moml.MoMLSimpleApplication@50a70fce
----------------- Done invoking toplevel() on ptolemy.moml.MoMLSimpleApplication@50a70fce
reloadAllAccessors: .PublisherSubscriberChannelVariablesAOC2

===========================================================================================
----------------- testing Wed Jun 13 06:31:38 UTC 2018 /home/travis/build/icyphy/ptII/ptolemy/actor/lib/test/auto/PublisherSubscriberD3.xml
----------------- Instantiating /home/travis/build/icyphy/ptII/ptolemy/actor/lib/test/auto/PublisherSubscriberD3.xml
1 ms. Memory: 1252864K Free: 881224K (70%)
----------------- Invoking toplevel() on ptolemy.moml.MoMLSimpleApplication@7e7e9cd9
----------------- Done invoking toplevel() on ptolemy.moml.MoMLSimpleApplication@7e7e9cd9
reloadAllAccessors: .PublisherSubscriberD3

===========================================================================================
----------------- testing Wed Jun 13 06:31:38 UTC 2018 /home/travis/build/icyphy/ptII/ptolemy/actor/lib/test/auto/PublisherSubscriberD3Reverse.xml
----------------- Instantiating /home/travis/build/icyphy/ptII/ptolemy/actor/lib/test/auto/PublisherSubscriberD3Reverse.xml
2 ms. Memory: 1252864K Free: 866096K (69%)
----------------- Invoking toplevel() on ptolemy.moml.MoMLSimpleApplication@101936c0
----------------- Done invoking toplevel() on ptolemy.moml.MoMLSimpleApplication@101936c0
reloadAllAccessors: .PublisherSubscriberD3Reverse

===========================================================================================
----------------- testing Wed Jun 13 06:31:38 UTC 2018 /home/travis/build/icyphy/ptII/ptolemy/actor/lib/test/auto/PublisherSubscriberExpression.xml
----------------- Instantiating /home/travis/build/icyphy/ptII/ptolemy/actor/lib/test/auto/PublisherSubscriberExpression.xml
4 ms. Memory: 1252864K Free: 846458K (68%)
----------------- Invoking toplevel() on ptolemy.moml.MoMLSimpleApplication@3c48d80
----------------- Done invoking toplevel() on ptolemy.moml.MoMLSimpleApplication@3c48d80
reloadAllAccessors: .PublisherSubscriberExpression

===========================================================================================
----------------- testing Wed Jun 13 06:31:38 UTC 2018 /home/travis/build/icyphy/ptII/ptolemy/actor/lib/test/auto/PublisherSubscriberOpaque.xml
----------------- Instantiating /home/travis/build/icyphy/ptII/ptolemy/actor/lib/test/auto/PublisherSubscriberOpaque.xml
4 ms. Memory: 1252864K Free: 826820K (66%)
----------------- Invoking toplevel() on ptolemy.moml.MoMLSimpleApplication@5e7befde
----------------- Done invoking toplevel() on ptolemy.moml.MoMLSimpleApplication@5e7befde
reloadAllAccessors: .PublisherSubscriberOpaque

===========================================================================================
----------------- testing Wed Jun 13 06:31:38 UTC 2018 /home/travis/build/icyphy/ptII/ptolemy/actor/lib/test/auto/PublisherSubscriberOpaqueD3.xml
----------------- Instantiating /home/travis/build/icyphy/ptII/ptolemy/actor/lib/test/auto/PublisherSubscriberOpaqueD3.xml
8 ms. Memory: 1252864K Free: 804112K (64%)
----------------- Invoking toplevel() on ptolemy.moml.MoMLSimpleApplication@2074837
----------------- Done invoking toplevel() on ptolemy.moml.MoMLSimpleApplication@2074837
reloadAllAccessors: .PublisherSubscriberOpaqueD3

===========================================================================================
----------------- testing Wed Jun 13 06:31:38 UTC 2018 /home/travis/build/icyphy/ptII/ptolemy/actor/lib/test/auto/PublisherSubscriberOpaqueD3Reverse.xml
----------------- Instantiating /home/travis/build/icyphy/ptII/ptolemy/actor/lib/test/auto/PublisherSubscriberOpaqueD3Reverse.xml
9 ms. Memory: 1252864K Free: 784474K (63%)
----------------- Invoking toplevel() on ptolemy.moml.MoMLSimpleApplication@3b4521d0
----------------- Done invoking toplevel() on ptolemy.moml.MoMLSimpleApplication@3b4521d0
reloadAllAccessors: .PublisherSubscriberOpaqueD3Reverse

===========================================================================================
----------------- testing Wed Jun 13 06:31:38 UTC 2018 /home/travis/build/icyphy/ptII/ptolemy/actor/lib/test/auto/PublisherSubscriberOpaqueWidthInference.xml
----------------- Instantiating /home/travis/build/icyphy/ptII/ptolemy/actor/lib/test/auto/PublisherSubscriberOpaqueWidthInference.xml
4 ms. Memory: 1252864K Free: 769346K (61%)
----------------- Invoking toplevel() on ptolemy.moml.MoMLSimpleApplication@34e7dcf3
----------------- Done invoking toplevel() on ptolemy.moml.MoMLSimpleApplication@34e7dcf3
reloadAllAccessors: .PublisherSubscriberOpaqueWidthInference

===========================================================================================
----------------- testing Wed Jun 13 06:31:38 UTC 2018 /home/travis/build/icyphy/ptII/ptolemy/actor/lib/test/auto/PublisherTestSubscriber.xml
----------------- Instantiating /home/travis/build/icyphy/ptII/ptolemy/actor/lib/test/auto/PublisherTestSubscriber.xml
3 ms. Memory: 1252864K Free: 749708K (60%)
----------------- Invoking toplevel() on ptolemy.moml.MoMLSimpleApplication@5742590a
----------------- Done invoking toplevel() on ptolemy.moml.MoMLSimpleApplication@5742590a
reloadAllAccessors: .PublisherTestSubscriber

===========================================================================================
----------------- testing Wed Jun 13 06:31:38 UTC 2018 /home/travis/build/icyphy/ptII/ptolemy/actor/lib/test/auto/PublisherToplevelSubscriberPortAOC.xml
----------------- Instantiating /home/travis/build/icyphy/ptII/ptolemy/actor/lib/test/auto/PublisherToplevelSubscriberPortAOC.xml
4 ms. Memory: 1252864K Free: 734580K (59%)
----------------- Invoking toplevel() on ptolemy.moml.MoMLSimpleApplication@64d7a536
----------------- Done invoking toplevel() on ptolemy.moml.MoMLSimpleApplication@64d7a536
reloadAllAccessors: .PublisherToplevelSubscriberPortAOC

===========================================================================================
----------------- testing Wed Jun 13 06:31:38 UTC 2018 /home/travis/build/icyphy/ptII/ptolemy/actor/lib/test/auto/PulseFiringLimitDE.xml
----------------- Instantiating /home/travis/build/icyphy/ptII/ptolemy/actor/lib/test/auto/PulseFiringLimitDE.xml
2 ms. Memory: 1252864K Free: 714942K (57%)
----------------- Invoking toplevel() on ptolemy.moml.MoMLSimpleApplication@54254669
----------------- Done invoking toplevel() on ptolemy.moml.MoMLSimpleApplication@54254669
reloadAllAccessors: .PulseFiringLimitDE

===========================================================================================
----------------- testing Wed Jun 13 06:31:38 UTC 2018 /home/travis/build/icyphy/ptII/ptolemy/actor/lib/test/auto/Ramp1.xml
----------------- Instantiating /home/travis/build/icyphy/ptII/ptolemy/actor/lib/test/auto/Ramp1.xml
1 ms. Memory: 1252864K Free: 695304K (55%)
----------------- Invoking toplevel() on ptolemy.moml.MoMLSimpleApplication@33f77640
----------------- Done invoking toplevel() on ptolemy.moml.MoMLSimpleApplication@33f77640
reloadAllAccessors: .Ramp1

===========================================================================================
----------------- testing Wed Jun 13 06:31:38 UTC 2018 /home/travis/build/icyphy/ptII/ptolemy/actor/lib/test/auto/RampFiringLimitDE.xml
----------------- Instantiating /home/travis/build/icyphy/ptII/ptolemy/actor/lib/test/auto/RampFiringLimitDE.xml
2 ms. Memory: 1252864K Free: 680176K (54%)
----------------- Invoking toplevel() on ptolemy.moml.MoMLSimpleApplication@1f4aa9c5
----------------- Done invoking toplevel() on ptolemy.moml.MoMLSimpleApplication@1f4aa9c5
reloadAllAccessors: .RampFiringLimitDE

===========================================================================================
----------------- testing Wed Jun 13 06:31:38 UTC 2018 /home/travis/build/icyphy/ptII/ptolemy/actor/lib/test/auto/RampFiringLimitSDF.xml
----------------- Instantiating /home/travis/build/icyphy/ptII/ptolemy/actor/lib/test/auto/RampFiringLimitSDF.xml
2 ms. Memory: 1252864K Free: 660538K (53%)
----------------- Invoking toplevel() on ptolemy.moml.MoMLSimpleApplication@30e5f796
----------------- Done invoking toplevel() on ptolemy.moml.MoMLSimpleApplication@30e5f796
reloadAllAccessors: .RampFiringLimitSDF

===========================================================================================
----------------- testing Wed Jun 13 06:31:38 UTC 2018 /home/travis/build/icyphy/ptII/ptolemy/actor/lib/test/auto/RandomInteger.xml
----------------- Instantiating /home/travis/build/icyphy/ptII/ptolemy/actor/lib/test/auto/RandomInteger.xml
1 ms. Memory: 1252864K Free: 645410K (52%)
----------------- Invoking toplevel() on ptolemy.moml.MoMLSimpleApplication@7b3269c2
----------------- Done invoking toplevel() on ptolemy.moml.MoMLSimpleApplication@7b3269c2
reloadAllAccessors: .RandomInteger

===========================================================================================
----------------- testing Wed Jun 13 06:31:38 UTC 2018 /home/travis/build/icyphy/ptII/ptolemy/actor/lib/test/auto/ReadFile1.xml
----------------- Instantiating /home/travis/build/icyphy/ptII/ptolemy/actor/lib/test/auto/ReadFile1.xml
2 ms. Memory: 1252864K Free: 625772K (50%)
----------------- Invoking toplevel() on ptolemy.moml.MoMLSimpleApplication@24f7d335
----------------- Done invoking toplevel() on ptolemy.moml.MoMLSimpleApplication@24f7d335
reloadAllAccessors: .ReadFile1

===========================================================================================
----------------- testing Wed Jun 13 06:31:38 UTC 2018 /home/travis/build/icyphy/ptII/ptolemy/actor/lib/test/auto/ReadFile2.xml
----------------- Instantiating /home/travis/build/icyphy/ptII/ptolemy/actor/lib/test/auto/ReadFile2.xml
1 ms. Memory: 1252864K Free: 610644K (49%)
----------------- Invoking toplevel() on ptolemy.moml.MoMLSimpleApplication@340c514
----------------- Done invoking toplevel() on ptolemy.moml.MoMLSimpleApplication@340c514
reloadAllAccessors: .ReadFile2

===========================================================================================
----------------- testing Wed Jun 13 06:31:38 UTC 2018 /home/travis/build/icyphy/ptII/ptolemy/actor/lib/test/auto/Reader.xml
----------------- Instantiating /home/travis/build/icyphy/ptII/ptolemy/actor/lib/test/auto/Reader.xml
actor.lib.Reader is obsolete, use actor.lib.io.ExpressionReader instead
1 ms. Memory: 1252864K Free: 591006K (47%)
----------------- Invoking toplevel() on ptolemy.moml.MoMLSimpleApplication@4f5ac804
----------------- Done invoking toplevel() on ptolemy.moml.MoMLSimpleApplication@4f5ac804
reloadAllAccessors: .Reader

===========================================================================================
----------------- testing Wed Jun 13 06:31:38 UTC 2018 /home/travis/build/icyphy/ptII/ptolemy/actor/lib/test/auto/RecordAssemblerDisplayNameTest.xml
----------------- Instantiating /home/travis/build/icyphy/ptII/ptolemy/actor/lib/test/auto/RecordAssemblerDisplayNameTest.xml
3722 ms. Memory: 1319424K Free: 501658K (38%)
----------------- Invoking toplevel() on ptolemy.moml.MoMLSimpleApplication@3987d478
----------------- Done invoking toplevel() on ptolemy.moml.MoMLSimpleApplication@3987d478
reloadAllAccessors: .RecordAssemblerDisplayNameTest

===========================================================================================
----------------- testing Wed Jun 13 06:31:42 UTC 2018 /home/travis/build/icyphy/ptII/ptolemy/actor/lib/test/auto/RecordAssemblerTypeError.xml
----------------- Instantiating /home/travis/build/icyphy/ptII/ptolemy/actor/lib/test/auto/RecordAssemblerTypeError.xml
9 ms. Memory: 1319424K Free: 469771K (36%)
----------------- Invoking toplevel() on ptolemy.moml.MoMLSimpleApplication@23d51c3e
----------------- Done invoking toplevel() on ptolemy.moml.MoMLSimpleApplication@23d51c3e
reloadAllAccessors: .RecordAssemblerTypeError

===========================================================================================
----------------- testing Wed Jun 13 06:31:42 UTC 2018 /home/travis/build/icyphy/ptII/ptolemy/actor/lib/test/auto/RecordDisassember.xml
----------------- Instantiating /home/travis/build/icyphy/ptII/ptolemy/actor/lib/test/auto/RecordDisassember.xml
2 ms. Memory: 1319424K Free: 449975K (34%)
----------------- Invoking toplevel() on ptolemy.moml.MoMLSimpleApplication@2a637f06
----------------- Done invoking toplevel() on ptolemy.moml.MoMLSimpleApplication@2a637f06
reloadAllAccessors: .RecordDisassember

===========================================================================================
----------------- testing Wed Jun 13 06:31:42 UTC 2018 /home/travis/build/icyphy/ptII/ptolemy/actor/lib/test/auto/RecordDisassemberDisplayNameTest.xml
----------------- Instantiating /home/travis/build/icyphy/ptII/ptolemy/actor/lib/test/auto/RecordDisassemberDisplayNameTest.xml
5 ms. Memory: 1319424K Free: 430178K (33%)
----------------- Invoking toplevel() on ptolemy.moml.MoMLSimpleApplication@1816630a
----------------- Done invoking toplevel() on ptolemy.moml.MoMLSimpleApplication@1816630a
reloadAllAccessors: .RecordDisassemberDisplayNameTest

===========================================================================================
----------------- testing Wed Jun 13 06:31:42 UTC 2018 /home/travis/build/icyphy/ptII/ptolemy/actor/lib/test/auto/RecordDisassembler.xml
----------------- Instantiating /home/travis/build/icyphy/ptII/ptolemy/actor/lib/test/auto/RecordDisassembler.xml
2 ms. Memory: 1319424K Free: 414074K (31%)
----------------- Invoking toplevel() on ptolemy.moml.MoMLSimpleApplication@453e69fa
----------------- Done invoking toplevel() on ptolemy.moml.MoMLSimpleApplication@453e69fa
reloadAllAccessors: .RecordDisassembler

===========================================================================================
----------------- testing Wed Jun 13 06:31:42 UTC 2018 /home/travis/build/icyphy/ptII/ptolemy/actor/lib/test/auto/RecordDisassembler2.xml
----------------- Instantiating /home/travis/build/icyphy/ptII/ptolemy/actor/lib/test/auto/RecordDisassembler2.xml
2 ms. Memory: 1319424K Free: 394278K (30%)
----------------- Invoking toplevel() on ptolemy.moml.MoMLSimpleApplication@c8e8222
----------------- Done invoking toplevel() on ptolemy.moml.MoMLSimpleApplication@c8e8222
reloadAllAccessors: .RecordDisassembler2

===========================================================================================
----------------- testing Wed Jun 13 06:31:42 UTC 2018 /home/travis/build/icyphy/ptII/ptolemy/actor/lib/test/auto/RecordUpdater.xml
----------------- Instantiating /home/travis/build/icyphy/ptII/ptolemy/actor/lib/test/auto/RecordUpdater.xml
2 ms. Memory: 1319424K Free: 374482K (28%)
----------------- Invoking toplevel() on ptolemy.moml.MoMLSimpleApplication@6e478ca
----------------- Done invoking toplevel() on ptolemy.moml.MoMLSimpleApplication@6e478ca
reloadAllAccessors: .RecordUpdater

===========================================================================================
----------------- testing Wed Jun 13 06:31:42 UTC 2018 /home/travis/build/icyphy/ptII/ptolemy/actor/lib/test/auto/RecordUpdater2.xml
----------------- Instantiating /home/travis/build/icyphy/ptII/ptolemy/actor/lib/test/auto/RecordUpdater2.xml
2 ms. Memory: 1319424K Free: 358378K (27%)
----------------- Invoking toplevel() on ptolemy.moml.MoMLSimpleApplication@59d4cac6
----------------- Done invoking toplevel() on ptolemy.moml.MoMLSimpleApplication@59d4cac6
reloadAllAccessors: .RecordUpdater2

===========================================================================================
----------------- testing Wed Jun 13 06:31:42 UTC 2018 /home/travis/build/icyphy/ptII/ptolemy/actor/lib/test/auto/RecursiveLattice.xml
----------------- Instantiating /home/travis/build/icyphy/ptII/ptolemy/actor/lib/test/auto/RecursiveLattice.xml
1 ms. Memory: 1319424K Free: 338582K (26%)
----------------- Invoking toplevel() on ptolemy.moml.MoMLSimpleApplication@1f3b4c2c
----------------- Done invoking toplevel() on ptolemy.moml.MoMLSimpleApplication@1f3b4c2c
reloadAllAccessors: .RecursiveLattice

===========================================================================================
----------------- testing Wed Jun 13 06:31:42 UTC 2018 /home/travis/build/icyphy/ptII/ptolemy/actor/lib/test/auto/Router.xml
----------------- Instantiating /home/travis/build/icyphy/ptII/ptolemy/actor/lib/test/auto/Router.xml
3005 ms. Memory: 1319424K Free: 318785K (24%)
----------------- Invoking toplevel() on ptolemy.moml.MoMLSimpleApplication@48c2e7ef
----------------- Done invoking toplevel() on ptolemy.moml.MoMLSimpleApplication@48c2e7ef
reloadAllAccessors: .Router

===========================================================================================
----------------- testing Wed Jun 13 06:31:45 UTC 2018 /home/travis/build/icyphy/ptII/ptolemy/actor/lib/test/auto/Router2.xml
----------------- Instantiating /home/travis/build/icyphy/ptII/ptolemy/actor/lib/test/auto/Router2.xml
3008 ms. Memory: 1319424K Free: 302681K (23%)
----------------- Invoking toplevel() on ptolemy.moml.MoMLSimpleApplication@24264c22
----------------- Done invoking toplevel() on ptolemy.moml.MoMLSimpleApplication@24264c22
reloadAllAccessors: .Router2

===========================================================================================
----------------- testing Wed Jun 13 06:31:48 UTC 2018 /home/travis/build/icyphy/ptII/ptolemy/actor/lib/test/auto/RunningMaximum.xml
----------------- Instantiating /home/travis/build/icyphy/ptII/ptolemy/actor/lib/test/auto/RunningMaximum.xml
2 ms. Memory: 1319424K Free: 282885K (21%)
----------------- Invoking toplevel() on ptolemy.moml.MoMLSimpleApplication@15079c8d
----------------- Done invoking toplevel() on ptolemy.moml.MoMLSimpleApplication@15079c8d
reloadAllAccessors: .RunningMaximum

===========================================================================================
----------------- testing Wed Jun 13 06:31:48 UTC 2018 /home/travis/build/icyphy/ptII/ptolemy/actor/lib/test/auto/RunningMinimum.xml
----------------- Instantiating /home/travis/build/icyphy/ptII/ptolemy/actor/lib/test/auto/RunningMinimum.xml
1 ms. Memory: 1319424K Free: 263088K (20%)
----------------- Invoking toplevel() on ptolemy.moml.MoMLSimpleApplication@3b72a122
----------------- Done invoking toplevel() on ptolemy.moml.MoMLSimpleApplication@3b72a122
reloadAllAccessors: .RunningMinimum

===========================================================================================
----------------- testing Wed Jun 13 06:31:48 UTC 2018 /home/travis/build/icyphy/ptII/ptolemy/actor/lib/test/auto/Scale.xml
----------------- Instantiating /home/travis/build/icyphy/ptII/ptolemy/actor/lib/test/auto/Scale.xml
2 ms. Memory: 1319424K Free: 246984K (19%)
----------------- Invoking toplevel() on ptolemy.moml.MoMLSimpleApplication@1d66d127
----------------- Done invoking toplevel() on ptolemy.moml.MoMLSimpleApplication@1d66d127
reloadAllAccessors: .Scale

===========================================================================================
----------------- testing Wed Jun 13 06:31:48 UTC 2018 /home/travis/build/icyphy/ptII/ptolemy/actor/lib/test/auto/Scale2.xml
----------------- Instantiating /home/travis/build/icyphy/ptII/ptolemy/actor/lib/test/auto/Scale2.xml
2 ms. Memory: 1319424K Free: 227188K (17%)
----------------- Invoking toplevel() on ptolemy.moml.MoMLSimpleApplication@7d5466
----------------- Done invoking toplevel() on ptolemy.moml.MoMLSimpleApplication@7d5466
reloadAllAccessors: .Scale2

===========================================================================================
----------------- testing Wed Jun 13 06:31:48 UTC 2018 /home/travis/build/icyphy/ptII/ptolemy/actor/lib/test/auto/Scale3.xml
----------------- Instantiating /home/travis/build/icyphy/ptII/ptolemy/actor/lib/test/auto/Scale3.xml
3 ms. Memory: 1319424K Free: 207392K (16%)
----------------- Invoking toplevel() on ptolemy.moml.MoMLSimpleApplication@6c6af50d
----------------- Done invoking toplevel() on ptolemy.moml.MoMLSimpleApplication@6c6af50d
reloadAllAccessors: .Scale3

===========================================================================================
----------------- testing Wed Jun 13 06:31:48 UTC 2018 /home/travis/build/icyphy/ptII/ptolemy/actor/lib/test/auto/ScaleArray.xml
----------------- Instantiating /home/travis/build/icyphy/ptII/ptolemy/actor/lib/test/auto/ScaleArray.xml
1 ms. Memory: 1319424K Free: 191288K (14%)
----------------- Invoking toplevel() on ptolemy.moml.MoMLSimpleApplication@34683d4
----------------- Done invoking toplevel() on ptolemy.moml.MoMLSimpleApplication@34683d4
reloadAllAccessors: .ScaleArray

===========================================================================================
----------------- testing Wed Jun 13 06:31:48 UTC 2018 /home/travis/build/icyphy/ptII/ptolemy/actor/lib/test/auto/ScaleArray2.xml
----------------- Instantiating /home/travis/build/icyphy/ptII/ptolemy/actor/lib/test/auto/ScaleArray2.xml
1 ms. Memory: 1319424K Free: 171491K (13%)
----------------- Invoking toplevel() on ptolemy.moml.MoMLSimpleApplication@1c716c46
----------------- Done invoking toplevel() on ptolemy.moml.MoMLSimpleApplication@1c716c46
reloadAllAccessors: .ScaleArray2

===========================================================================================
----------------- testing Wed Jun 13 06:31:48 UTC 2018 /home/travis/build/icyphy/ptII/ptolemy/actor/lib/test/auto/ScaleMatrix.xml
----------------- Instantiating /home/travis/build/icyphy/ptII/ptolemy/actor/lib/test/auto/ScaleMatrix.xml
107 ms. Memory: 1319424K Free: 143643K (11%)
----------------- Invoking toplevel() on ptolemy.moml.MoMLSimpleApplication@359e3441
----------------- Done invoking toplevel() on ptolemy.moml.MoMLSimpleApplication@359e3441
reloadAllAccessors: .ScaleMatrix

===========================================================================================
----------------- testing Wed Jun 13 06:31:48 UTC 2018 /home/travis/build/icyphy/ptII/ptolemy/actor/lib/test/auto/Select.xml
----------------- Instantiating /home/travis/build/icyphy/ptII/ptolemy/actor/lib/test/auto/Select.xml
3 ms. Memory: 1319424K Free: 123847K (9%)
----------------- Invoking toplevel() on ptolemy.moml.MoMLSimpleApplication@5e9c20b9
----------------- Done invoking toplevel() on ptolemy.moml.MoMLSimpleApplication@5e9c20b9
reloadAllAccessors: .Select

===========================================================================================
----------------- testing Wed Jun 13 06:31:48 UTC 2018 /home/travis/build/icyphy/ptII/ptolemy/actor/lib/test/auto/Select2.xml
----------------- Instantiating /home/travis/build/icyphy/ptII/ptolemy/actor/lib/test/auto/Select2.xml
1 ms. Memory: 1319424K Free: 107743K (8%)
----------------- Invoking toplevel() on ptolemy.moml.MoMLSimpleApplication@5f7d8d64
----------------- Done invoking toplevel() on ptolemy.moml.MoMLSimpleApplication@5f7d8d64
reloadAllAccessors: .Select2

===========================================================================================
----------------- testing Wed Jun 13 06:31:48 UTC 2018 /home/travis/build/icyphy/ptII/ptolemy/actor/lib/test/auto/SequenceToArray2.xml
----------------- Instantiating /home/travis/build/icyphy/ptII/ptolemy/actor/lib/test/auto/SequenceToArray2.xml
85 ms. Memory: 1325056K Free: 1215348K (92%)
----------------- Invoking toplevel() on ptolemy.moml.MoMLSimpleApplication@26853067
----------------- Done invoking toplevel() on ptolemy.moml.MoMLSimpleApplication@26853067
reloadAllAccessors: .SequenceToArray2

===========================================================================================
----------------- testing Wed Jun 13 06:31:49 UTC 2018 /home/travis/build/icyphy/ptII/ptolemy/actor/lib/test/auto/SequentialClock.xml
----------------- Instantiating /home/travis/build/icyphy/ptII/ptolemy/actor/lib/test/auto/SequentialClock.xml
1 ms. Memory: 1325056K Free: 1196402K (90%)
----------------- Invoking toplevel() on ptolemy.moml.MoMLSimpleApplication@66dee225
----------------- Done invoking toplevel() on ptolemy.moml.MoMLSimpleApplication@66dee225
reloadAllAccessors: .SequentialClock

===========================================================================================
----------------- testing Wed Jun 13 06:31:49 UTC 2018 /home/travis/build/icyphy/ptII/ptolemy/actor/lib/test/auto/SetVariable.xml
----------------- Instantiating /home/travis/build/icyphy/ptII/ptolemy/actor/lib/test/auto/SetVariable.xml
2 ms. Memory: 1325056K Free: 1181562K (89%)
----------------- Invoking toplevel() on ptolemy.moml.MoMLSimpleApplication@2fcab51a
----------------- Done invoking toplevel() on ptolemy.moml.MoMLSimpleApplication@2fcab51a
reloadAllAccessors: .SetVariable

===========================================================================================
----------------- testing Wed Jun 13 06:31:49 UTC 2018 /home/travis/build/icyphy/ptII/ptolemy/actor/lib/test/auto/SetVariable2.xml
----------------- Instantiating /home/travis/build/icyphy/ptII/ptolemy/actor/lib/test/auto/SetVariable2.xml
5 ms. Memory: 1325056K Free: 1166722K (88%)
----------------- Invoking toplevel() on ptolemy.moml.MoMLSimpleApplication@45480020
----------------- Done invoking toplevel() on ptolemy.moml.MoMLSimpleApplication@45480020
reloadAllAccessors: .SetVariable2

===========================================================================================
----------------- testing Wed Jun 13 06:31:49 UTC 2018 /home/travis/build/icyphy/ptII/ptolemy/actor/lib/test/auto/SetVariable3.xml
----------------- Instantiating /home/travis/build/icyphy/ptII/ptolemy/actor/lib/test/auto/SetVariable3.xml
10 ms. Memory: 1325056K Free: 1151882K (87%)
----------------- Invoking toplevel() on ptolemy.moml.MoMLSimpleApplication@6b69ab0a
----------------- Done invoking toplevel() on ptolemy.moml.MoMLSimpleApplication@6b69ab0a
reloadAllAccessors: .SetVariable3

===========================================================================================
----------------- testing Wed Jun 13 06:31:49 UTC 2018 /home/travis/build/icyphy/ptII/ptolemy/actor/lib/test/auto/SetVariable4.xml
----------------- Instantiating /home/travis/build/icyphy/ptII/ptolemy/actor/lib/test/auto/SetVariable4.xml
17 ms. Memory: 1325056K Free: 1094768K (83%)
----------------- Invoking toplevel() on ptolemy.moml.MoMLSimpleApplication@7d88b4ea
----------------- Done invoking toplevel() on ptolemy.moml.MoMLSimpleApplication@7d88b4ea
reloadAllAccessors: .SetVariable4

===========================================================================================
----------------- testing Wed Jun 13 06:31:49 UTC 2018 /home/travis/build/icyphy/ptII/ptolemy/actor/lib/test/auto/SetVariable5.xml
----------------- Instantiating /home/travis/build/icyphy/ptII/ptolemy/actor/lib/test/auto/SetVariable5.xml
9 ms. Memory: 1325056K Free: 1073865K (81%)
----------------- Invoking toplevel() on ptolemy.moml.MoMLSimpleApplication@226888ce
----------------- Done invoking toplevel() on ptolemy.moml.MoMLSimpleApplication@226888ce
reloadAllAccessors: .SetVariable5

===========================================================================================
----------------- testing Wed Jun 13 06:31:49 UTC 2018 /home/travis/build/icyphy/ptII/ptolemy/actor/lib/test/auto/Sinewave.xml
----------------- Instantiating /home/travis/build/icyphy/ptII/ptolemy/actor/lib/test/auto/Sinewave.xml
4 ms. Memory: 1325056K Free: 1052986K (79%)
----------------- Invoking toplevel() on ptolemy.moml.MoMLSimpleApplication@257ddb21
----------------- Done invoking toplevel() on ptolemy.moml.MoMLSimpleApplication@257ddb21
reloadAllAccessors: .Sinewave

===========================================================================================
----------------- testing Wed Jun 13 06:31:49 UTC 2018 /home/travis/build/icyphy/ptII/ptolemy/actor/lib/test/auto/Sinewave2.xml
----------------- Instantiating /home/travis/build/icyphy/ptII/ptolemy/actor/lib/test/auto/Sinewave2.xml
4 ms. Memory: 1325056K Free: 1038146K (78%)
----------------- Invoking toplevel() on ptolemy.moml.MoMLSimpleApplication@6e9b79de
----------------- Done invoking toplevel() on ptolemy.moml.MoMLSimpleApplication@6e9b79de
reloadAllAccessors: .Sinewave2

===========================================================================================
----------------- testing Wed Jun 13 06:31:49 UTC 2018 /home/travis/build/icyphy/ptII/ptolemy/actor/lib/test/auto/Sinewave3.xml
----------------- Instantiating /home/travis/build/icyphy/ptII/ptolemy/actor/lib/test/auto/Sinewave3.xml
7 ms. Memory: 1325056K Free: 1023306K (77%)
----------------- Invoking toplevel() on ptolemy.moml.MoMLSimpleApplication@64f2501
----------------- Done invoking toplevel() on ptolemy.moml.MoMLSimpleApplication@64f2501
reloadAllAccessors: .Sinewave3

===========================================================================================
----------------- testing Wed Jun 13 06:31:49 UTC 2018 /home/travis/build/icyphy/ptII/ptolemy/actor/lib/test/auto/SingleEvent.xml
----------------- Instantiating /home/travis/build/icyphy/ptII/ptolemy/actor/lib/test/auto/SingleEvent.xml
1 ms. Memory: 1325056K Free: 1008466K (76%)
----------------- Invoking toplevel() on ptolemy.moml.MoMLSimpleApplication@692ee5b4
----------------- Done invoking toplevel() on ptolemy.moml.MoMLSimpleApplication@692ee5b4
reloadAllAccessors: .SingleEvent

===========================================================================================
----------------- testing Wed Jun 13 06:31:49 UTC 2018 /home/travis/build/icyphy/ptII/ptolemy/actor/lib/test/auto/Sleep.xml
----------------- Instantiating /home/travis/build/icyphy/ptII/ptolemy/actor/lib/test/auto/Sleep.xml
6004 ms. Memory: 1325056K Free: 993626K (75%)
----------------- Invoking toplevel() on ptolemy.moml.MoMLSimpleApplication@6f2cf463
----------------- Done invoking toplevel() on ptolemy.moml.MoMLSimpleApplication@6f2cf463
reloadAllAccessors: .Sleep

===========================================================================================
----------------- testing Wed Jun 13 06:31:55 UTC 2018 /home/travis/build/icyphy/ptII/ptolemy/actor/lib/test/auto/SleepMultipleFire.xml
----------------- Instantiating /home/travis/build/icyphy/ptII/ptolemy/actor/lib/test/auto/SleepMultipleFire.xml
1004 ms. Memory: 1325056K Free: 978786K (74%)
----------------- Invoking toplevel() on ptolemy.moml.MoMLSimpleApplication@c002eb
----------------- Done invoking toplevel() on ptolemy.moml.MoMLSimpleApplication@c002eb
reloadAllAccessors: .SleepMultipleFire

===========================================================================================
----------------- testing Wed Jun 13 06:31:56 UTC 2018 /home/travis/build/icyphy/ptII/ptolemy/actor/lib/test/auto/StopDE.xml
----------------- Instantiating /home/travis/build/icyphy/ptII/ptolemy/actor/lib/test/auto/StopDE.xml
5 ms. Memory: 1325056K Free: 963946K (73%)
----------------- Invoking toplevel() on ptolemy.moml.MoMLSimpleApplication@6b894b03
----------------- Done invoking toplevel() on ptolemy.moml.MoMLSimpleApplication@6b894b03
reloadAllAccessors: .StopDE

===========================================================================================
----------------- testing Wed Jun 13 06:31:56 UTC 2018 /home/travis/build/icyphy/ptII/ptolemy/actor/lib/test/auto/StopSDF.xml
----------------- Instantiating /home/travis/build/icyphy/ptII/ptolemy/actor/lib/test/auto/StopSDF.xml
5 ms. Memory: 1325056K Free: 951868K (72%)
----------------- Invoking toplevel() on ptolemy.moml.MoMLSimpleApplication@72f8ca95
----------------- Done invoking toplevel() on ptolemy.moml.MoMLSimpleApplication@72f8ca95
reloadAllAccessors: .StopSDF

===========================================================================================
----------------- testing Wed Jun 13 06:31:56 UTC 2018 /home/travis/build/icyphy/ptII/ptolemy/actor/lib/test/auto/StringConstant.xml
----------------- Instantiating /home/travis/build/icyphy/ptII/ptolemy/actor/lib/test/auto/StringConstant.xml
2 ms. Memory: 1325056K Free: 937028K (71%)
----------------- Invoking toplevel() on ptolemy.moml.MoMLSimpleApplication@78d2fc28
----------------- Done invoking toplevel() on ptolemy.moml.MoMLSimpleApplication@78d2fc28
reloadAllAccessors: .StringConstant

===========================================================================================
----------------- testing Wed Jun 13 06:31:56 UTC 2018 /home/travis/build/icyphy/ptII/ptolemy/actor/lib/test/auto/SubscriberPortInitialValues1.xml
----------------- Instantiating /home/travis/build/icyphy/ptII/ptolemy/actor/lib/test/auto/SubscriberPortInitialValues1.xml
5 ms. Memory: 1325056K Free: 922188K (70%)
----------------- Invoking toplevel() on ptolemy.moml.MoMLSimpleApplication@5cd5dffe
----------------- Done invoking toplevel() on ptolemy.moml.MoMLSimpleApplication@5cd5dffe
reloadAllAccessors: .SubscriberPortInitialValues1

===========================================================================================
----------------- testing Wed Jun 13 06:31:56 UTC 2018 /home/travis/build/icyphy/ptII/ptolemy/actor/lib/test/auto/SubscriberPortInitialValues13.xml
----------------- Instantiating /home/travis/build/icyphy/ptII/ptolemy/actor/lib/test/auto/SubscriberPortInitialValues13.xml
5 ms. Memory: 1325056K Free: 901293K (68%)
----------------- Invoking toplevel() on ptolemy.moml.MoMLSimpleApplication@7fdab7ae
----------------- Done invoking toplevel() on ptolemy.moml.MoMLSimpleApplication@7fdab7ae
reloadAllAccessors: .SubscriberPortInitialValues13

===========================================================================================
----------------- testing Wed Jun 13 06:31:56 UTC 2018 /home/travis/build/icyphy/ptII/ptolemy/actor/lib/test/auto/SubscriberPortInitialValues14.xml
----------------- Instantiating /home/travis/build/icyphy/ptII/ptolemy/actor/lib/test/auto/SubscriberPortInitialValues14.xml
4 ms. Memory: 1325056K Free: 886453K (67%)
----------------- Invoking toplevel() on ptolemy.moml.MoMLSimpleApplication@2c63f37
----------------- Done invoking toplevel() on ptolemy.moml.MoMLSimpleApplication@2c63f37
reloadAllAccessors: .SubscriberPortInitialValues14

===========================================================================================
----------------- testing Wed Jun 13 06:31:56 UTC 2018 /home/travis/build/icyphy/ptII/ptolemy/actor/lib/test/auto/SubscriberPortInitialValues2.xml
----------------- Instantiating /home/travis/build/icyphy/ptII/ptolemy/actor/lib/test/auto/SubscriberPortInitialValues2.xml
3 ms. Memory: 1325056K Free: 871613K (66%)
----------------- Invoking toplevel() on ptolemy.moml.MoMLSimpleApplication@17a0f06
----------------- Done invoking toplevel() on ptolemy.moml.MoMLSimpleApplication@17a0f06
reloadAllAccessors: .SubscriberPortInitialValues2

===========================================================================================
----------------- testing Wed Jun 13 06:31:56 UTC 2018 /home/travis/build/icyphy/ptII/ptolemy/actor/lib/test/auto/SubscriberPortInitialValues3.xml
----------------- Instantiating /home/travis/build/icyphy/ptII/ptolemy/actor/lib/test/auto/SubscriberPortInitialValues3.xml
4 ms. Memory: 1325056K Free: 850733K (64%)
----------------- Invoking toplevel() on ptolemy.moml.MoMLSimpleApplication@178f51d8
----------------- Done invoking toplevel() on ptolemy.moml.MoMLSimpleApplication@178f51d8
reloadAllAccessors: .SubscriberPortInitialValues3

===========================================================================================
----------------- testing Wed Jun 13 06:31:56 UTC 2018 /home/travis/build/icyphy/ptII/ptolemy/actor/lib/test/auto/SubscriptionAggregator.xml
----------------- Instantiating /home/travis/build/icyphy/ptII/ptolemy/actor/lib/test/auto/SubscriptionAggregator.xml
2 ms. Memory: 1325056K Free: 835893K (63%)
----------------- Invoking toplevel() on ptolemy.moml.MoMLSimpleApplication@b82aa68
----------------- Done invoking toplevel() on ptolemy.moml.MoMLSimpleApplication@b82aa68
reloadAllAccessors: .SubscriptionAggregator

===========================================================================================
----------------- testing Wed Jun 13 06:31:56 UTC 2018 /home/travis/build/icyphy/ptII/ptolemy/actor/lib/test/auto/SubscriptionAggregator2.xml
----------------- Instantiating /home/travis/build/icyphy/ptII/ptolemy/actor/lib/test/auto/SubscriptionAggregator2.xml
3 ms. Memory: 1325056K Free: 821053K (62%)
----------------- Invoking toplevel() on ptolemy.moml.MoMLSimpleApplication@1977ddda
----------------- Done invoking toplevel() on ptolemy.moml.MoMLSimpleApplication@1977ddda
reloadAllAccessors: .SubscriptionAggregator2

===========================================================================================
----------------- testing Wed Jun 13 06:31:56 UTC 2018 /home/travis/build/icyphy/ptII/ptolemy/actor/lib/test/auto/SubscriptionAggregator3.xml
----------------- Instantiating /home/travis/build/icyphy/ptII/ptolemy/actor/lib/test/auto/SubscriptionAggregator3.xml
3 ms. Memory: 1325056K Free: 800174K (60%)
----------------- Invoking toplevel() on ptolemy.moml.MoMLSimpleApplication@5cdb7806
----------------- Done invoking toplevel() on ptolemy.moml.MoMLSimpleApplication@5cdb7806
reloadAllAccessors: .SubscriptionAggregator3

===========================================================================================
----------------- testing Wed Jun 13 06:31:56 UTC 2018 /home/travis/build/icyphy/ptII/ptolemy/actor/lib/test/auto/SubscriptionAggregatorMultiply.xml
----------------- Instantiating /home/travis/build/icyphy/ptII/ptolemy/actor/lib/test/auto/SubscriptionAggregatorMultiply.xml
4 ms. Memory: 1325056K Free: 785334K (59%)
----------------- Invoking toplevel() on ptolemy.moml.MoMLSimpleApplication@562947bd
----------------- Done invoking toplevel() on ptolemy.moml.MoMLSimpleApplication@562947bd
reloadAllAccessors: .SubscriptionAggregatorMultiply

===========================================================================================
----------------- testing Wed Jun 13 06:31:56 UTC 2018 /home/travis/build/icyphy/ptII/ptolemy/actor/lib/test/auto/SubscriptionAggregatorPortMultiply1.xml
----------------- Instantiating /home/travis/build/icyphy/ptII/ptolemy/actor/lib/test/auto/SubscriptionAggregatorPortMultiply1.xml
4 ms. Memory: 1325056K Free: 770494K (58%)
----------------- Invoking toplevel() on ptolemy.moml.MoMLSimpleApplication@5b80b36b
----------------- Done invoking toplevel() on ptolemy.moml.MoMLSimpleApplication@5b80b36b
reloadAllAccessors: .SubscriptionAggregatorPortMultiply1

===========================================================================================
----------------- testing Wed Jun 13 06:31:56 UTC 2018 /home/travis/build/icyphy/ptII/ptolemy/actor/lib/test/auto/Switch.xml
----------------- Instantiating /home/travis/build/icyphy/ptII/ptolemy/actor/lib/test/auto/Switch.xml
4 ms. Memory: 1325056K Free: 719420K (54%)
----------------- Invoking toplevel() on ptolemy.moml.MoMLSimpleApplication@43310933
----------------- Done invoking toplevel() on ptolemy.moml.MoMLSimpleApplication@43310933
reloadAllAccessors: .Switch

===========================================================================================
----------------- testing Wed Jun 13 06:31:56 UTC 2018 /home/travis/build/icyphy/ptII/ptolemy/actor/lib/test/auto/Switch2.xml
----------------- Instantiating /home/travis/build/icyphy/ptII/ptolemy/actor/lib/test/auto/Switch2.xml
1 ms. Memory: 1325056K Free: 704580K (53%)
----------------- Invoking toplevel() on ptolemy.moml.MoMLSimpleApplication@4de96d77
----------------- Done invoking toplevel() on ptolemy.moml.MoMLSimpleApplication@4de96d77
reloadAllAccessors: .Switch2

===========================================================================================
----------------- testing Wed Jun 13 06:31:56 UTC 2018 /home/travis/build/icyphy/ptII/ptolemy/actor/lib/test/auto/SwitchDE.xml
----------------- Instantiating /home/travis/build/icyphy/ptII/ptolemy/actor/lib/test/auto/SwitchDE.xml
1 ms. Memory: 1325056K Free: 689740K (52%)
----------------- Invoking toplevel() on ptolemy.moml.MoMLSimpleApplication@2c7a911
----------------- Done invoking toplevel() on ptolemy.moml.MoMLSimpleApplication@2c7a911
reloadAllAccessors: .SwitchDE

===========================================================================================
----------------- testing Wed Jun 13 06:31:56 UTC 2018 /home/travis/build/icyphy/ptII/ptolemy/actor/lib/test/auto/SynchronizerDE.xml
----------------- Instantiating /home/travis/build/icyphy/ptII/ptolemy/actor/lib/test/auto/SynchronizerDE.xml
3 ms. Memory: 1325056K Free: 671622K (51%)
----------------- Invoking toplevel() on ptolemy.moml.MoMLSimpleApplication@40c1df84
----------------- Done invoking toplevel() on ptolemy.moml.MoMLSimpleApplication@40c1df84
reloadAllAccessors: .SynchronizerDE

===========================================================================================
----------------- testing Wed Jun 13 06:31:56 UTC 2018 /home/travis/build/icyphy/ptII/ptolemy/actor/lib/test/auto/Test.xml
----------------- Instantiating /home/travis/build/icyphy/ptII/ptolemy/actor/lib/test/auto/Test.xml
2 ms. Memory: 1325056K Free: 656782K (50%)
----------------- Invoking toplevel() on ptolemy.moml.MoMLSimpleApplication@35f53c62
----------------- Done invoking toplevel() on ptolemy.moml.MoMLSimpleApplication@35f53c62
reloadAllAccessors: .Test

===========================================================================================
----------------- testing Wed Jun 13 06:31:56 UTC 2018 /home/travis/build/icyphy/ptII/ptolemy/actor/lib/test/auto/TestExceptionAttribute1.xml
----------------- Instantiating /home/travis/build/icyphy/ptII/ptolemy/actor/lib/test/auto/TestExceptionAttribute1.xml
1 ms. Memory: 1325056K Free: 641942K (48%)
----------------- Invoking toplevel() on ptolemy.moml.MoMLSimpleApplication@3c834188
----------------- Done invoking toplevel() on ptolemy.moml.MoMLSimpleApplication@3c834188
reloadAllAccessors: .TestExceptionAttribute1

===========================================================================================
----------------- testing Wed Jun 13 06:31:56 UTC 2018 /home/travis/build/icyphy/ptII/ptolemy/actor/lib/test/auto/TestExceptionAttribute2.xml
----------------- Instantiating /home/travis/build/icyphy/ptII/ptolemy/actor/lib/test/auto/TestExceptionAttribute2.xml
1 ms. Memory: 1325056K Free: 627102K (47%)
----------------- Invoking toplevel() on ptolemy.moml.MoMLSimpleApplication@61c75a45
----------------- Done invoking toplevel() on ptolemy.moml.MoMLSimpleApplication@61c75a45
reloadAllAccessors: .TestExceptionAttribute2

===========================================================================================
----------------- testing Wed Jun 13 06:31:56 UTC 2018 /home/travis/build/icyphy/ptII/ptolemy/actor/lib/test/auto/TestExceptionAttribute3.xml
----------------- Instantiating /home/travis/build/icyphy/ptII/ptolemy/actor/lib/test/auto/TestExceptionAttribute3.xml
.TestExceptionAttribute3.TestExceptionAttribute: initialize() was not invoked, but wrapup() was.  This is unusual, but not always a problem.  For example, exporting JNLP will do this.
1 ms. Memory: 1325056K Free: 612262K (46%)
----------------- Invoking toplevel() on ptolemy.moml.MoMLSimpleApplication@65c97b45
----------------- Done invoking toplevel() on ptolemy.moml.MoMLSimpleApplication@65c97b45
reloadAllAccessors: .TestExceptionAttribute3

===========================================================================================
----------------- testing Wed Jun 13 06:31:56 UTC 2018 /home/travis/build/icyphy/ptII/ptolemy/actor/lib/test/auto/TestExceptionAttribute4.xml
----------------- Instantiating /home/travis/build/icyphy/ptII/ptolemy/actor/lib/test/auto/TestExceptionAttribute4.xml
.TestExceptionAttribute4.TestExceptionAttribute: initialize() was not invoked, but wrapup() was.  This is unusual, but not always a problem.  For example, exporting JNLP will do this.
.TestExceptionAttribute4.TestExceptionAttribute2: initialize() was not invoked, but wrapup() was.  This is unusual, but not always a problem.  For example, exporting JNLP will do this.
0 ms. Memory: 1325056K Free: 597422K (45%)
----------------- Invoking toplevel() on ptolemy.moml.MoMLSimpleApplication@30fc0557
----------------- Done invoking toplevel() on ptolemy.moml.MoMLSimpleApplication@30fc0557
reloadAllAccessors: .TestExceptionAttribute4

===========================================================================================
----------------- testing Wed Jun 13 06:31:56 UTC 2018 /home/travis/build/icyphy/ptII/ptolemy/actor/lib/test/auto/TestExceptionHandler1.xml
----------------- Instantiating /home/travis/build/icyphy/ptII/ptolemy/actor/lib/test/auto/TestExceptionHandler1.xml
0 ms. Memory: 1325056K Free: 582582K (44%)
----------------- Invoking toplevel() on ptolemy.moml.MoMLSimpleApplication@5d3f04ad
----------------- Done invoking toplevel() on ptolemy.moml.MoMLSimpleApplication@5d3f04ad
reloadAllAccessors: .TestExceptionHandler1

===========================================================================================
----------------- testing Wed Jun 13 06:31:56 UTC 2018 /home/travis/build/icyphy/ptII/ptolemy/actor/lib/test/auto/TestExceptionHandler2.xml
----------------- Instantiating /home/travis/build/icyphy/ptII/ptolemy/actor/lib/test/auto/TestExceptionHandler2.xml
1 ms. Memory: 1325056K Free: 567742K (43%)
----------------- Invoking toplevel() on ptolemy.moml.MoMLSimpleApplication@19a59423
----------------- Done invoking toplevel() on ptolemy.moml.MoMLSimpleApplication@19a59423
reloadAllAccessors: .TestExceptionHandler2

===========================================================================================
----------------- testing Wed Jun 13 06:31:56 UTC 2018 /home/travis/build/icyphy/ptII/ptolemy/actor/lib/test/auto/TestExceptionHandler3.xml
----------------- Instantiating /home/travis/build/icyphy/ptII/ptolemy/actor/lib/test/auto/TestExceptionHandler3.xml
1 ms. Memory: 1325056K Free: 552902K (42%)
----------------- Invoking toplevel() on ptolemy.moml.MoMLSimpleApplication@4f4d6415
----------------- Done invoking toplevel() on ptolemy.moml.MoMLSimpleApplication@4f4d6415
reloadAllAccessors: .TestExceptionHandler3

===========================================================================================
----------------- testing Wed Jun 13 06:31:56 UTC 2018 /home/travis/build/icyphy/ptII/ptolemy/actor/lib/test/auto/TestExceptionHandler4.xml
----------------- Instantiating /home/travis/build/icyphy/ptII/ptolemy/actor/lib/test/auto/TestExceptionHandler4.xml
1 ms. Memory: 1325056K Free: 538062K (41%)
----------------- Invoking toplevel() on ptolemy.moml.MoMLSimpleApplication@2ca644c3
----------------- Done invoking toplevel() on ptolemy.moml.MoMLSimpleApplication@2ca644c3
reloadAllAccessors: .TestExceptionHandler4

===========================================================================================
----------------- testing Wed Jun 13 06:31:56 UTC 2018 /home/travis/build/icyphy/ptII/ptolemy/actor/lib/test/auto/TestRequireCorrectOrder.xml
----------------- Instantiating /home/travis/build/icyphy/ptII/ptolemy/actor/lib/test/auto/TestRequireCorrectOrder.xml
2 ms. Memory: 1325056K Free: 523222K (39%)
----------------- Invoking toplevel() on ptolemy.moml.MoMLSimpleApplication@2b36b5e0
----------------- Done invoking toplevel() on ptolemy.moml.MoMLSimpleApplication@2b36b5e0
reloadAllAccessors: .TestRequireCorrectOrder

===========================================================================================
----------------- testing Wed Jun 13 06:31:56 UTC 2018 /home/travis/build/icyphy/ptII/ptolemy/actor/lib/test/auto/TestSimple.xml
----------------- Instantiating /home/travis/build/icyphy/ptII/ptolemy/actor/lib/test/auto/TestSimple.xml
1 ms. Memory: 1325056K Free: 508382K (38%)
----------------- Invoking toplevel() on ptolemy.moml.MoMLSimpleApplication@4405fa85
----------------- Done invoking toplevel() on ptolemy.moml.MoMLSimpleApplication@4405fa85
reloadAllAccessors: .TestSimple

===========================================================================================
----------------- testing Wed Jun 13 06:31:56 UTC 2018 /home/travis/build/icyphy/ptII/ptolemy/actor/lib/test/auto/ThrowModelError.xml
----------------- Instantiating /home/travis/build/icyphy/ptII/ptolemy/actor/lib/test/auto/ThrowModelError.xml
1 ms. Memory: 1325056K Free: 493542K (37%)
----------------- Invoking toplevel() on ptolemy.moml.MoMLSimpleApplication@7f57fcae
----------------- Done invoking toplevel() on ptolemy.moml.MoMLSimpleApplication@7f57fcae
reloadAllAccessors: .ThrowModelError

===========================================================================================
----------------- testing Wed Jun 13 06:31:56 UTC 2018 /home/travis/build/icyphy/ptII/ptolemy/actor/lib/test/auto/TimeDelayMicrosteps.xml
----------------- Instantiating /home/travis/build/icyphy/ptII/ptolemy/actor/lib/test/auto/TimeDelayMicrosteps.xml
4 ms. Memory: 1325056K Free: 478703K (36%)
----------------- Invoking toplevel() on ptolemy.moml.MoMLSimpleApplication@2e801b50
----------------- Done invoking toplevel() on ptolemy.moml.MoMLSimpleApplication@2e801b50
reloadAllAccessors: .TimeDelayMicrosteps

===========================================================================================
----------------- testing Wed Jun 13 06:31:56 UTC 2018 /home/travis/build/icyphy/ptII/ptolemy/actor/lib/test/auto/TimeDelayMicrosteps2.xml
----------------- Instantiating /home/travis/build/icyphy/ptII/ptolemy/actor/lib/test/auto/TimeDelayMicrosteps2.xml
3 ms. Memory: 1325056K Free: 463863K (35%)
----------------- Invoking toplevel() on ptolemy.moml.MoMLSimpleApplication@1be922ce
----------------- Done invoking toplevel() on ptolemy.moml.MoMLSimpleApplication@1be922ce
reloadAllAccessors: .TimeDelayMicrosteps2

===========================================================================================
----------------- testing Wed Jun 13 06:31:56 UTC 2018 /home/travis/build/icyphy/ptII/ptolemy/actor/lib/test/auto/TimeDelayMicrosteps3.xml
----------------- Instantiating /home/travis/build/icyphy/ptII/ptolemy/actor/lib/test/auto/TimeDelayMicrosteps3.xml
2 ms. Memory: 1325056K Free: 449023K (34%)
----------------- Invoking toplevel() on ptolemy.moml.MoMLSimpleApplication@b6b37a3
----------------- Done invoking toplevel() on ptolemy.moml.MoMLSimpleApplication@b6b37a3
reloadAllAccessors: .TimeDelayMicrosteps3

===========================================================================================
----------------- testing Wed Jun 13 06:31:56 UTC 2018 /home/travis/build/icyphy/ptII/ptolemy/actor/lib/test/auto/TimeDelayVariableMicrosteps.xml
----------------- Instantiating /home/travis/build/icyphy/ptII/ptolemy/actor/lib/test/auto/TimeDelayVariableMicrosteps.xml
3 ms. Memory: 1325056K Free: 434183K (33%)
----------------- Invoking toplevel() on ptolemy.moml.MoMLSimpleApplication@659750ee
----------------- Done invoking toplevel() on ptolemy.moml.MoMLSimpleApplication@659750ee
reloadAllAccessors: .TimeDelayVariableMicrosteps

===========================================================================================
----------------- testing Wed Jun 13 06:31:56 UTC 2018 /home/travis/build/icyphy/ptII/ptolemy/actor/lib/test/auto/TimeGap.xml
----------------- Instantiating /home/travis/build/icyphy/ptII/ptolemy/actor/lib/test/auto/TimeGap.xml
2 ms. Memory: 1325056K Free: 422105K (32%)
----------------- Invoking toplevel() on ptolemy.moml.MoMLSimpleApplication@4da96f40
----------------- Done invoking toplevel() on ptolemy.moml.MoMLSimpleApplication@4da96f40
reloadAllAccessors: .TimeGap

===========================================================================================
----------------- testing Wed Jun 13 06:31:57 UTC 2018 /home/travis/build/icyphy/ptII/ptolemy/actor/lib/test/auto/TimeGap2.xml
----------------- Instantiating /home/travis/build/icyphy/ptII/ptolemy/actor/lib/test/auto/TimeGap2.xml
2 ms. Memory: 1325056K Free: 407264K (31%)
----------------- Invoking toplevel() on ptolemy.moml.MoMLSimpleApplication@321f081a
----------------- Done invoking toplevel() on ptolemy.moml.MoMLSimpleApplication@321f081a
reloadAllAccessors: .TimeGap2

===========================================================================================
----------------- testing Wed Jun 13 06:31:57 UTC 2018 /home/travis/build/icyphy/ptII/ptolemy/actor/lib/test/auto/TimedSinewave.xml
----------------- Instantiating /home/travis/build/icyphy/ptII/ptolemy/actor/lib/test/auto/TimedSinewave.xml
14 ms. Memory: 1325056K Free: 386385K (29%)
----------------- Invoking toplevel() on ptolemy.moml.MoMLSimpleApplication@4930f57d
----------------- Done invoking toplevel() on ptolemy.moml.MoMLSimpleApplication@4930f57d
reloadAllAccessors: .TimedSinewave

===========================================================================================
----------------- testing Wed Jun 13 06:31:57 UTC 2018 /home/travis/build/icyphy/ptII/ptolemy/actor/lib/test/auto/TimedSinewavePhase.xml
----------------- Instantiating /home/travis/build/icyphy/ptII/ptolemy/actor/lib/test/auto/TimedSinewavePhase.xml
11 ms. Memory: 1325056K Free: 365490K (28%)
----------------- Invoking toplevel() on ptolemy.moml.MoMLSimpleApplication@7b674a55
----------------- Done invoking toplevel() on ptolemy.moml.MoMLSimpleApplication@7b674a55
reloadAllAccessors: .TimedSinewavePhase

===========================================================================================
----------------- testing Wed Jun 13 06:31:57 UTC 2018 /home/travis/build/icyphy/ptII/ptolemy/actor/lib/test/auto/Timer.xml
----------------- Instantiating /home/travis/build/icyphy/ptII/ptolemy/actor/lib/test/auto/Timer.xml
5 ms. Memory: 1325056K Free: 350650K (26%)
----------------- Invoking toplevel() on ptolemy.moml.MoMLSimpleApplication@fd7a7d5
----------------- Done invoking toplevel() on ptolemy.moml.MoMLSimpleApplication@fd7a7d5
reloadAllAccessors: .Timer

===========================================================================================
----------------- testing Wed Jun 13 06:31:57 UTC 2018 /home/travis/build/icyphy/ptII/ptolemy/actor/lib/test/auto/TriangularDistTestModel.xml
----------------- Instantiating /home/travis/build/icyphy/ptII/ptolemy/actor/lib/test/auto/TriangularDistTestModel.xml
2 ms. Memory: 1325056K Free: 335810K (25%)
----------------- Invoking toplevel() on ptolemy.moml.MoMLSimpleApplication@467cb6ec
----------------- Done invoking toplevel() on ptolemy.moml.MoMLSimpleApplication@467cb6ec
reloadAllAccessors: .TriangularDistTestModel

===========================================================================================
----------------- testing Wed Jun 13 06:31:57 UTC 2018 /home/travis/build/icyphy/ptII/ptolemy/actor/lib/test/auto/TrigFunction.xml
----------------- Instantiating /home/travis/build/icyphy/ptII/ptolemy/actor/lib/test/auto/TrigFunction.xml
2 ms. Memory: 1325056K Free: 320970K (24%)
----------------- Invoking toplevel() on ptolemy.moml.MoMLSimpleApplication@24992794
----------------- Done invoking toplevel() on ptolemy.moml.MoMLSimpleApplication@24992794
reloadAllAccessors: .TrigFunction

===========================================================================================
----------------- testing Wed Jun 13 06:31:57 UTC 2018 /home/travis/build/icyphy/ptII/ptolemy/actor/lib/test/auto/TrigFunctionDE.xml
----------------- Instantiating /home/travis/build/icyphy/ptII/ptolemy/actor/lib/test/auto/TrigFunctionDE.xml
2 ms. Memory: 1325056K Free: 306130K (23%)
----------------- Invoking toplevel() on ptolemy.moml.MoMLSimpleApplication@4415bb1c
----------------- Done invoking toplevel() on ptolemy.moml.MoMLSimpleApplication@4415bb1c
reloadAllAccessors: .TrigFunctionDE

===========================================================================================
----------------- testing Wed Jun 13 06:31:57 UTC 2018 /home/travis/build/icyphy/ptII/ptolemy/actor/lib/test/auto/TrigFunctionInverse.xml
----------------- Instantiating /home/travis/build/icyphy/ptII/ptolemy/actor/lib/test/auto/TrigFunctionInverse.xml
1 ms. Memory: 1325056K Free: 291290K (22%)
----------------- Invoking toplevel() on ptolemy.moml.MoMLSimpleApplication@260c83f3
----------------- Done invoking toplevel() on ptolemy.moml.MoMLSimpleApplication@260c83f3
reloadAllAccessors: .TrigFunctionInverse

===========================================================================================
----------------- testing Wed Jun 13 06:31:57 UTC 2018 /home/travis/build/icyphy/ptII/ptolemy/actor/lib/test/auto/TrigFunctionTan.xml
----------------- Instantiating /home/travis/build/icyphy/ptII/ptolemy/actor/lib/test/auto/TrigFunctionTan.xml
1 ms. Memory: 1325056K Free: 276450K (21%)
----------------- Invoking toplevel() on ptolemy.moml.MoMLSimpleApplication@4f1205d0
----------------- Done invoking toplevel() on ptolemy.moml.MoMLSimpleApplication@4f1205d0
reloadAllAccessors: .TrigFunctionTan

===========================================================================================
----------------- testing Wed Jun 13 06:31:57 UTC 2018 /home/travis/build/icyphy/ptII/ptolemy/actor/lib/test/auto/TriggeredClock.xml
----------------- Instantiating /home/travis/build/icyphy/ptII/ptolemy/actor/lib/test/auto/TriggeredClock.xml
2 ms. Memory: 1325056K Free: 261610K (20%)
----------------- Invoking toplevel() on ptolemy.moml.MoMLSimpleApplication@5709e8a0
----------------- Done invoking toplevel() on ptolemy.moml.MoMLSimpleApplication@5709e8a0
reloadAllAccessors: .TriggeredClock

===========================================================================================
----------------- testing Wed Jun 13 06:31:57 UTC 2018 /home/travis/build/icyphy/ptII/ptolemy/actor/lib/test/auto/URLDirectoryReader.xml
----------------- Instantiating /home/travis/build/icyphy/ptII/ptolemy/actor/lib/test/auto/URLDirectoryReader.xml
32 ms. Memory: 1325056K Free: 240731K (18%)
----------------- Invoking toplevel() on ptolemy.moml.MoMLSimpleApplication@56685fb
----------------- Done invoking toplevel() on ptolemy.moml.MoMLSimpleApplication@56685fb
reloadAllAccessors: .URLDirectoryReader

===========================================================================================
----------------- testing Wed Jun 13 06:31:57 UTC 2018 /home/travis/build/icyphy/ptII/ptolemy/actor/lib/test/auto/URLDirectoryReader3.xml
----------------- Instantiating /home/travis/build/icyphy/ptII/ptolemy/actor/lib/test/auto/URLDirectoryReader3.xml
1293 ms. Memory: 1325056K Free: 183609K (14%)
----------------- Invoking toplevel() on ptolemy.moml.MoMLSimpleApplication@6fef7ce6
----------------- Done invoking toplevel() on ptolemy.moml.MoMLSimpleApplication@6fef7ce6
reloadAllAccessors: .URLDirectoryReader3

===========================================================================================
----------------- testing Wed Jun 13 06:31:58 UTC 2018 /home/travis/build/icyphy/ptII/ptolemy/actor/lib/test/auto/UnaryMathFunction.xml
----------------- Instantiating /home/travis/build/icyphy/ptII/ptolemy/actor/lib/test/auto/UnaryMathFunction.xml
2 ms. Memory: 1325056K Free: 168769K (13%)
----------------- Invoking toplevel() on ptolemy.moml.MoMLSimpleApplication@24b9893a
----------------- Done invoking toplevel() on ptolemy.moml.MoMLSimpleApplication@24b9893a
reloadAllAccessors: .UnaryMathFunction

===========================================================================================
----------------- testing Wed Jun 13 06:31:58 UTC 2018 /home/travis/build/icyphy/ptII/ptolemy/actor/lib/test/auto/Uniform.xml
----------------- Instantiating /home/travis/build/icyphy/ptII/ptolemy/actor/lib/test/auto/Uniform.xml
9 ms. Memory: 1325056K Free: 153929K (12%)
----------------- Invoking toplevel() on ptolemy.moml.MoMLSimpleApplication@2dc97d5d
----------------- Done invoking toplevel() on ptolemy.moml.MoMLSimpleApplication@2dc97d5d
reloadAllAccessors: .Uniform

===========================================================================================
----------------- testing Wed Jun 13 06:31:59 UTC 2018 /home/travis/build/icyphy/ptII/ptolemy/actor/lib/test/auto/UnionDisassemblerTest.xml
----------------- Instantiating /home/travis/build/icyphy/ptII/ptolemy/actor/lib/test/auto/UnionDisassemblerTest.xml
6 ms. Memory: 1325056K Free: 139089K (10%)
----------------- Invoking toplevel() on ptolemy.moml.MoMLSimpleApplication@367cfba
----------------- Done invoking toplevel() on ptolemy.moml.MoMLSimpleApplication@367cfba
reloadAllAccessors: .UnionDisassemblerTest

===========================================================================================
----------------- testing Wed Jun 13 06:31:59 UTC 2018 /home/travis/build/icyphy/ptII/ptolemy/actor/lib/test/auto/UtilityFunctions.xml
----------------- Instantiating /home/travis/build/icyphy/ptII/ptolemy/actor/lib/test/auto/UtilityFunctions.xml
2 ms. Memory: 1325056K Free: 124249K (9%)
----------------- Invoking toplevel() on ptolemy.moml.MoMLSimpleApplication@1b79f893
----------------- Done invoking toplevel() on ptolemy.moml.MoMLSimpleApplication@1b79f893
reloadAllAccessors: .UtilityFunctions

===========================================================================================
----------------- testing Wed Jun 13 06:31:59 UTC 2018 /home/travis/build/icyphy/ptII/ptolemy/actor/lib/test/auto/VariableSleep.xml
----------------- Instantiating /home/travis/build/icyphy/ptII/ptolemy/actor/lib/test/auto/VariableSleep.xml
511 ms. Memory: 1325056K Free: 109409K (8%)
----------------- Invoking toplevel() on ptolemy.moml.MoMLSimpleApplication@7b9da61d
----------------- Done invoking toplevel() on ptolemy.moml.MoMLSimpleApplication@7b9da61d
reloadAllAccessors: .VariableSleep

===========================================================================================
----------------- testing Wed Jun 13 06:31:59 UTC 2018 /home/travis/build/icyphy/ptII/ptolemy/actor/lib/test/auto/VectorAssemblerDisassemblerCT.xml
----------------- Instantiating /home/travis/build/icyphy/ptII/ptolemy/actor/lib/test/auto/VectorAssemblerDisassemblerCT.xml
77 ms. Memory: 1325056K Free: 82475K (6%)
----------------- Invoking toplevel() on ptolemy.moml.MoMLSimpleApplication@c4f4ed
----------------- Done invoking toplevel() on ptolemy.moml.MoMLSimpleApplication@c4f4ed
reloadAllAccessors: .VectorAssemblerDisassemblerCT

===========================================================================================
----------------- testing Wed Jun 13 06:31:59 UTC 2018 /home/travis/build/icyphy/ptII/ptolemy/actor/lib/test/auto/VectorAssemblerDisassemblerDE.xml
----------------- Instantiating /home/travis/build/icyphy/ptII/ptolemy/actor/lib/test/auto/VectorAssemblerDisassemblerDE.xml
8 ms. Memory: 1367552K Free: 1304113K (95%)
----------------- Invoking toplevel() on ptolemy.moml.MoMLSimpleApplication@48bce0a8
----------------- Done invoking toplevel() on ptolemy.moml.MoMLSimpleApplication@48bce0a8
reloadAllAccessors: .VectorAssemblerDisassemblerDE

===========================================================================================
----------------- testing Wed Jun 13 06:31:59 UTC 2018 /home/travis/build/icyphy/ptII/ptolemy/actor/lib/test/auto/VectorAssemblerDisassemblerSDF.xml
----------------- Instantiating /home/travis/build/icyphy/ptII/ptolemy/actor/lib/test/auto/VectorAssemblerDisassemblerSDF.xml
3 ms. Memory: 1367552K Free: 1288412K (94%)
----------------- Invoking toplevel() on ptolemy.moml.MoMLSimpleApplication@1cd8ce3d
----------------- Done invoking toplevel() on ptolemy.moml.MoMLSimpleApplication@1cd8ce3d
reloadAllAccessors: .VectorAssemblerDisassemblerSDF

===========================================================================================
----------------- testing Wed Jun 13 06:31:59 UTC 2018 /home/travis/build/icyphy/ptII/ptolemy/actor/lib/test/auto/WallClockTime.xml
----------------- Instantiating /home/travis/build/icyphy/ptII/ptolemy/actor/lib/test/auto/WallClockTime.xml
1006 ms. Memory: 1367552K Free: 1272710K (93%)
----------------- Invoking toplevel() on ptolemy.moml.MoMLSimpleApplication@5a4ede2
----------------- Done invoking toplevel() on ptolemy.moml.MoMLSimpleApplication@5a4ede2
reloadAllAccessors: .WallClockTime

===========================================================================================
----------------- testing Wed Jun 13 06:32:00 UTC 2018 /home/travis/build/icyphy/ptII/ptolemy/actor/lib/test/auto/WidthTestWithSubscriberPublisher.xml
----------------- Instantiating /home/travis/build/icyphy/ptII/ptolemy/actor/lib/test/auto/WidthTestWithSubscriberPublisher.xml
7 ms. Memory: 1367552K Free: 1244386K (91%)
----------------- Invoking toplevel() on ptolemy.moml.MoMLSimpleApplication@37f587ad
----------------- Done invoking toplevel() on ptolemy.moml.MoMLSimpleApplication@37f587ad
reloadAllAccessors: .WidthTestWithSubscriberPublisher

===========================================================================================
----------------- testing Wed Jun 13 06:32:00 UTC 2018 /home/travis/build/icyphy/ptII/ptolemy/actor/lib/test/auto/WidthTestWithSubscriberPublisher2.xml
----------------- Instantiating /home/travis/build/icyphy/ptII/ptolemy/actor/lib/test/auto/WidthTestWithSubscriberPublisher2.xml
3 ms. Memory: 1367552K Free: 1228683K (90%)
----------------- Invoking toplevel() on ptolemy.moml.MoMLSimpleApplication@477cf1bc
----------------- Done invoking toplevel() on ptolemy.moml.MoMLSimpleApplication@477cf1bc
reloadAllAccessors: .WidthTestWithSubscriberPublisher2

===========================================================================================
----------------- testing Wed Jun 13 06:32:00 UTC 2018 /home/travis/build/icyphy/ptII/ptolemy/actor/lib/test/auto/WidthTestWithSubscriberPublisher3.xml
----------------- Instantiating /home/travis/build/icyphy/ptII/ptolemy/actor/lib/test/auto/WidthTestWithSubscriberPublisher3.xml
2 ms. Memory: 1367552K Free: 1212981K (89%)
----------------- Invoking toplevel() on ptolemy.moml.MoMLSimpleApplication@261c4fe6
----------------- Done invoking toplevel() on ptolemy.moml.MoMLSimpleApplication@261c4fe6
reloadAllAccessors: .WidthTestWithSubscriberPublisher3

===========================================================================================
----------------- testing Wed Jun 13 06:32:00 UTC 2018 /home/travis/build/icyphy/ptII/ptolemy/actor/lib/test/auto/Writer.xml
----------------- Instantiating /home/travis/build/icyphy/ptII/ptolemy/actor/lib/test/auto/Writer.xml
0
1
2
3
4
1 ms. Memory: 1367552K Free: 1197280K (88%)
----------------- Invoking toplevel() on ptolemy.moml.MoMLSimpleApplication@1880f53c
----------------- Done invoking toplevel() on ptolemy.moml.MoMLSimpleApplication@1880f53c
reloadAllAccessors: .Writer

===========================================================================================
----------------- testing Wed Jun 13 06:32:00 UTC 2018 /home/travis/build/icyphy/ptII/ptolemy/actor/lib/test/auto/array.xml
----------------- Instantiating /home/travis/build/icyphy/ptII/ptolemy/actor/lib/test/auto/array.xml
2 ms. Memory: 1367552K Free: 1184689K (87%)
----------------- Invoking toplevel() on ptolemy.moml.MoMLSimpleApplication@38b12170
----------------- Done invoking toplevel() on ptolemy.moml.MoMLSimpleApplication@38b12170
reloadAllAccessors: .array

===========================================================================================
----------------- testing Wed Jun 13 06:32:00 UTC 2018 /home/travis/build/icyphy/ptII/ptolemy/actor/lib/test/auto/array2.xml
----------------- Instantiating /home/travis/build/icyphy/ptII/ptolemy/actor/lib/test/auto/array2.xml
2 ms. Memory: 1367552K Free: 1168988K (85%)
----------------- Invoking toplevel() on ptolemy.moml.MoMLSimpleApplication@7c27241d
----------------- Done invoking toplevel() on ptolemy.moml.MoMLSimpleApplication@7c27241d
reloadAllAccessors: .array2

===========================================================================================
----------------- testing Wed Jun 13 06:32:00 UTC 2018 /home/travis/build/icyphy/ptII/ptolemy/actor/lib/test/auto/arrayType.xml
----------------- Instantiating /home/travis/build/icyphy/ptII/ptolemy/actor/lib/test/auto/arrayType.xml
1 ms. Memory: 1367552K Free: 1153286K (84%)
----------------- Invoking toplevel() on ptolemy.moml.MoMLSimpleApplication@2abe62
----------------- Done invoking toplevel() on ptolemy.moml.MoMLSimpleApplication@2abe62
reloadAllAccessors: .arrayType

===========================================================================================
----------------- testing Wed Jun 13 06:32:01 UTC 2018 /home/travis/build/icyphy/ptII/ptolemy/actor/lib/test/auto/arrayType10.xml
----------------- Instantiating /home/travis/build/icyphy/ptII/ptolemy/actor/lib/test/auto/arrayType10.xml
1 ms. Memory: 1367552K Free: 1137584K (83%)
----------------- Invoking toplevel() on ptolemy.moml.MoMLSimpleApplication@16be1dfa
----------------- Done invoking toplevel() on ptolemy.moml.MoMLSimpleApplication@16be1dfa
reloadAllAccessors: .arrayType10

===========================================================================================
----------------- testing Wed Jun 13 06:32:01 UTC 2018 /home/travis/build/icyphy/ptII/ptolemy/actor/lib/test/auto/arrayType11.xml
----------------- Instantiating /home/travis/build/icyphy/ptII/ptolemy/actor/lib/test/auto/arrayType11.xml
1 ms. Memory: 1367552K Free: 1121882K (82%)
----------------- Invoking toplevel() on ptolemy.moml.MoMLSimpleApplication@279c8fe3
----------------- Done invoking toplevel() on ptolemy.moml.MoMLSimpleApplication@279c8fe3
reloadAllAccessors: .arrayType11

===========================================================================================
----------------- testing Wed Jun 13 06:32:01 UTC 2018 /home/travis/build/icyphy/ptII/ptolemy/actor/lib/test/auto/arrayType12.xml
----------------- Instantiating /home/travis/build/icyphy/ptII/ptolemy/actor/lib/test/auto/arrayType12.xml
2 ms. Memory: 1367552K Free: 1106180K (81%)
----------------- Invoking toplevel() on ptolemy.moml.MoMLSimpleApplication@105137a2
----------------- Done invoking toplevel() on ptolemy.moml.MoMLSimpleApplication@105137a2
reloadAllAccessors: .arrayType12

===========================================================================================
----------------- testing Wed Jun 13 06:32:01 UTC 2018 /home/travis/build/icyphy/ptII/ptolemy/actor/lib/test/auto/arrayType13.xml
----------------- Instantiating /home/travis/build/icyphy/ptII/ptolemy/actor/lib/test/auto/arrayType13.xml
2 ms. Memory: 1367552K Free: 1090478K (80%)
----------------- Invoking toplevel() on ptolemy.moml.MoMLSimpleApplication@382bec11
----------------- Done invoking toplevel() on ptolemy.moml.MoMLSimpleApplication@382bec11
reloadAllAccessors: .arrayType13

===========================================================================================
----------------- testing Wed Jun 13 06:32:01 UTC 2018 /home/travis/build/icyphy/ptII/ptolemy/actor/lib/test/auto/arrayType14.xml
----------------- Instantiating /home/travis/build/icyphy/ptII/ptolemy/actor/lib/test/auto/arrayType14.xml
1 ms. Memory: 1367552K Free: 1077888K (79%)
----------------- Invoking toplevel() on ptolemy.moml.MoMLSimpleApplication@5c7780bc
----------------- Done invoking toplevel() on ptolemy.moml.MoMLSimpleApplication@5c7780bc
reloadAllAccessors: .arrayType14

===========================================================================================
----------------- testing Wed Jun 13 06:32:01 UTC 2018 /home/travis/build/icyphy/ptII/ptolemy/actor/lib/test/auto/arrayType15.xml
----------------- Instantiating /home/travis/build/icyphy/ptII/ptolemy/actor/lib/test/auto/arrayType15.xml
2 ms. Memory: 1367552K Free: 1062186K (78%)
----------------- Invoking toplevel() on ptolemy.moml.MoMLSimpleApplication@345974cc
----------------- Done invoking toplevel() on ptolemy.moml.MoMLSimpleApplication@345974cc
reloadAllAccessors: .arrayType15

===========================================================================================
----------------- testing Wed Jun 13 06:32:01 UTC 2018 /home/travis/build/icyphy/ptII/ptolemy/actor/lib/test/auto/arrayType16.xml
----------------- Instantiating /home/travis/build/icyphy/ptII/ptolemy/actor/lib/test/auto/arrayType16.xml
1 ms. Memory: 1367552K Free: 1046485K (77%)
----------------- Invoking toplevel() on ptolemy.moml.MoMLSimpleApplication@7f2e186c
----------------- Done invoking toplevel() on ptolemy.moml.MoMLSimpleApplication@7f2e186c
reloadAllAccessors: .arrayType16

===========================================================================================
----------------- testing Wed Jun 13 06:32:01 UTC 2018 /home/travis/build/icyphy/ptII/ptolemy/actor/lib/test/auto/arrayType17.xml
----------------- Instantiating /home/travis/build/icyphy/ptII/ptolemy/actor/lib/test/auto/arrayType17.xml
1 ms. Memory: 1367552K Free: 1030783K (75%)
----------------- Invoking toplevel() on ptolemy.moml.MoMLSimpleApplication@108ee544
----------------- Done invoking toplevel() on ptolemy.moml.MoMLSimpleApplication@108ee544
reloadAllAccessors: .arrayType17

===========================================================================================
----------------- testing Wed Jun 13 06:32:01 UTC 2018 /home/travis/build/icyphy/ptII/ptolemy/actor/lib/test/auto/arrayType18.xml
----------------- Instantiating /home/travis/build/icyphy/ptII/ptolemy/actor/lib/test/auto/arrayType18.xml
2 ms. Memory: 1367552K Free: 1015081K (74%)
----------------- Invoking toplevel() on ptolemy.moml.MoMLSimpleApplication@5a7a21a0
----------------- Done invoking toplevel() on ptolemy.moml.MoMLSimpleApplication@5a7a21a0
reloadAllAccessors: .arrayType18

===========================================================================================
----------------- testing Wed Jun 13 06:32:01 UTC 2018 /home/travis/build/icyphy/ptII/ptolemy/actor/lib/test/auto/arrayType19.xml
----------------- Instantiating /home/travis/build/icyphy/ptII/ptolemy/actor/lib/test/auto/arrayType19.xml
1 ms. Memory: 1367552K Free: 999379K (73%)
----------------- Invoking toplevel() on ptolemy.moml.MoMLSimpleApplication@303c8f09
----------------- Done invoking toplevel() on ptolemy.moml.MoMLSimpleApplication@303c8f09
reloadAllAccessors: .arrayType19

===========================================================================================
----------------- testing Wed Jun 13 06:32:01 UTC 2018 /home/travis/build/icyphy/ptII/ptolemy/actor/lib/test/auto/arrayType2.xml
----------------- Instantiating /home/travis/build/icyphy/ptII/ptolemy/actor/lib/test/auto/arrayType2.xml
2 ms. Memory: 1367552K Free: 983671K (72%)
----------------- Invoking toplevel() on ptolemy.moml.MoMLSimpleApplication@7426648e
----------------- Done invoking toplevel() on ptolemy.moml.MoMLSimpleApplication@7426648e
reloadAllAccessors: .arrayType2

===========================================================================================
----------------- testing Wed Jun 13 06:32:01 UTC 2018 /home/travis/build/icyphy/ptII/ptolemy/actor/lib/test/auto/arrayType20.xml
----------------- Instantiating /home/travis/build/icyphy/ptII/ptolemy/actor/lib/test/auto/arrayType20.xml
1 ms. Memory: 1367552K Free: 971081K (71%)
----------------- Invoking toplevel() on ptolemy.moml.MoMLSimpleApplication@22d24873
----------------- Done invoking toplevel() on ptolemy.moml.MoMLSimpleApplication@22d24873
reloadAllAccessors: .arrayType20

===========================================================================================
----------------- testing Wed Jun 13 06:32:01 UTC 2018 /home/travis/build/icyphy/ptII/ptolemy/actor/lib/test/auto/arrayType21.xml
----------------- Instantiating /home/travis/build/icyphy/ptII/ptolemy/actor/lib/test/auto/arrayType21.xml
1 ms. Memory: 1367552K Free: 955379K (70%)
----------------- Invoking toplevel() on ptolemy.moml.MoMLSimpleApplication@39233b3b
----------------- Done invoking toplevel() on ptolemy.moml.MoMLSimpleApplication@39233b3b
reloadAllAccessors: .arrayType21

===========================================================================================
----------------- testing Wed Jun 13 06:32:01 UTC 2018 /home/travis/build/icyphy/ptII/ptolemy/actor/lib/test/auto/arrayType22.xml
----------------- Instantiating /home/travis/build/icyphy/ptII/ptolemy/actor/lib/test/auto/arrayType22.xml
1 ms. Memory: 1367552K Free: 939677K (69%)
----------------- Invoking toplevel() on ptolemy.moml.MoMLSimpleApplication@72601d57
----------------- Done invoking toplevel() on ptolemy.moml.MoMLSimpleApplication@72601d57
reloadAllAccessors: .arrayType22

===========================================================================================
----------------- testing Wed Jun 13 06:32:01 UTC 2018 /home/travis/build/icyphy/ptII/ptolemy/actor/lib/test/auto/arrayType23.xml
----------------- Instantiating /home/travis/build/icyphy/ptII/ptolemy/actor/lib/test/auto/arrayType23.xml
1 ms. Memory: 1367552K Free: 923975K (68%)
----------------- Invoking toplevel() on ptolemy.moml.MoMLSimpleApplication@5d08768b
----------------- Done invoking toplevel() on ptolemy.moml.MoMLSimpleApplication@5d08768b
reloadAllAccessors: .arrayType23

===========================================================================================
----------------- testing Wed Jun 13 06:32:01 UTC 2018 /home/travis/build/icyphy/ptII/ptolemy/actor/lib/test/auto/arrayType24.xml
----------------- Instantiating /home/travis/build/icyphy/ptII/ptolemy/actor/lib/test/auto/arrayType24.xml
1 ms. Memory: 1367552K Free: 908273K (66%)
----------------- Invoking toplevel() on ptolemy.moml.MoMLSimpleApplication@3923f562
----------------- Done invoking toplevel() on ptolemy.moml.MoMLSimpleApplication@3923f562
reloadAllAccessors: .arrayType24

===========================================================================================
----------------- testing Wed Jun 13 06:32:01 UTC 2018 /home/travis/build/icyphy/ptII/ptolemy/actor/lib/test/auto/arrayType25.xml
----------------- Instantiating /home/travis/build/icyphy/ptII/ptolemy/actor/lib/test/auto/arrayType25.xml
2 ms. Memory: 1367552K Free: 892572K (65%)
----------------- Invoking toplevel() on ptolemy.moml.MoMLSimpleApplication@f6ce21c
----------------- Done invoking toplevel() on ptolemy.moml.MoMLSimpleApplication@f6ce21c
reloadAllAccessors: .arrayType25

===========================================================================================
----------------- testing Wed Jun 13 06:32:01 UTC 2018 /home/travis/build/icyphy/ptII/ptolemy/actor/lib/test/auto/arrayType26.xml
----------------- Instantiating /home/travis/build/icyphy/ptII/ptolemy/actor/lib/test/auto/arrayType26.xml
1 ms. Memory: 1367552K Free: 876870K (64%)
----------------- Invoking toplevel() on ptolemy.moml.MoMLSimpleApplication@516429ac
----------------- Done invoking toplevel() on ptolemy.moml.MoMLSimpleApplication@516429ac
reloadAllAccessors: .arrayType26

===========================================================================================
----------------- testing Wed Jun 13 06:32:01 UTC 2018 /home/travis/build/icyphy/ptII/ptolemy/actor/lib/test/auto/arrayType27.xml
----------------- Instantiating /home/travis/build/icyphy/ptII/ptolemy/actor/lib/test/auto/arrayType27.xml
1 ms. Memory: 1367552K Free: 864280K (63%)
----------------- Invoking toplevel() on ptolemy.moml.MoMLSimpleApplication@2f8ba437
----------------- Done invoking toplevel() on ptolemy.moml.MoMLSimpleApplication@2f8ba437
reloadAllAccessors: .arrayType27

===========================================================================================
----------------- testing Wed Jun 13 06:32:01 UTC 2018 /home/travis/build/icyphy/ptII/ptolemy/actor/lib/test/auto/arrayType28.xml
----------------- Instantiating /home/travis/build/icyphy/ptII/ptolemy/actor/lib/test/auto/arrayType28.xml
1 ms. Memory: 1367552K Free: 848578K (62%)
----------------- Invoking toplevel() on ptolemy.moml.MoMLSimpleApplication@435d6c95
----------------- Done invoking toplevel() on ptolemy.moml.MoMLSimpleApplication@435d6c95
reloadAllAccessors: .arrayType28

===========================================================================================
----------------- testing Wed Jun 13 06:32:01 UTC 2018 /home/travis/build/icyphy/ptII/ptolemy/actor/lib/test/auto/arrayType3.xml
----------------- Instantiating /home/travis/build/icyphy/ptII/ptolemy/actor/lib/test/auto/arrayType3.xml
2 ms. Memory: 1367552K Free: 832876K (61%)
----------------- Invoking toplevel() on ptolemy.moml.MoMLSimpleApplication@4cf8e13
----------------- Done invoking toplevel() on ptolemy.moml.MoMLSimpleApplication@4cf8e13
reloadAllAccessors: .arrayType3

===========================================================================================
----------------- testing Wed Jun 13 06:32:01 UTC 2018 /home/travis/build/icyphy/ptII/ptolemy/actor/lib/test/auto/arrayType4.xml
----------------- Instantiating /home/travis/build/icyphy/ptII/ptolemy/actor/lib/test/auto/arrayType4.xml
2 ms. Memory: 1367552K Free: 817174K (60%)
----------------- Invoking toplevel() on ptolemy.moml.MoMLSimpleApplication@1bc92bc6
----------------- Done invoking toplevel() on ptolemy.moml.MoMLSimpleApplication@1bc92bc6
reloadAllAccessors: .arrayType4

===========================================================================================
----------------- testing Wed Jun 13 06:32:01 UTC 2018 /home/travis/build/icyphy/ptII/ptolemy/actor/lib/test/auto/arrayType5.xml
----------------- Instantiating /home/travis/build/icyphy/ptII/ptolemy/actor/lib/test/auto/arrayType5.xml
2 ms. Memory: 1367552K Free: 801472K (59%)
----------------- Invoking toplevel() on ptolemy.moml.MoMLSimpleApplication@1d7f1f0c
----------------- Done invoking toplevel() on ptolemy.moml.MoMLSimpleApplication@1d7f1f0c
reloadAllAccessors: .arrayType5

===========================================================================================
----------------- testing Wed Jun 13 06:32:01 UTC 2018 /home/travis/build/icyphy/ptII/ptolemy/actor/lib/test/auto/arrayType6.xml
----------------- Instantiating /home/travis/build/icyphy/ptII/ptolemy/actor/lib/test/auto/arrayType6.xml
2 ms. Memory: 1367552K Free: 785770K (57%)
----------------- Invoking toplevel() on ptolemy.moml.MoMLSimpleApplication@760b112a
----------------- Done invoking toplevel() on ptolemy.moml.MoMLSimpleApplication@760b112a
reloadAllAccessors: .arrayType6

===========================================================================================
----------------- testing Wed Jun 13 06:32:01 UTC 2018 /home/travis/build/icyphy/ptII/ptolemy/actor/lib/test/auto/arrayType7.xml
----------------- Instantiating /home/travis/build/icyphy/ptII/ptolemy/actor/lib/test/auto/arrayType7.xml
1 ms. Memory: 1367552K Free: 770069K (56%)
----------------- Invoking toplevel() on ptolemy.moml.MoMLSimpleApplication@e211346
----------------- Done invoking toplevel() on ptolemy.moml.MoMLSimpleApplication@e211346
reloadAllAccessors: .arrayType7

===========================================================================================
----------------- testing Wed Jun 13 06:32:01 UTC 2018 /home/travis/build/icyphy/ptII/ptolemy/actor/lib/test/auto/arrayType8.xml
----------------- Instantiating /home/travis/build/icyphy/ptII/ptolemy/actor/lib/test/auto/arrayType8.xml
1 ms. Memory: 1367552K Free: 757479K (55%)
----------------- Invoking toplevel() on ptolemy.moml.MoMLSimpleApplication@5e1659f6
----------------- Done invoking toplevel() on ptolemy.moml.MoMLSimpleApplication@5e1659f6
reloadAllAccessors: .arrayType8

===========================================================================================
----------------- testing Wed Jun 13 06:32:01 UTC 2018 /home/travis/build/icyphy/ptII/ptolemy/actor/lib/test/auto/arrayType9.xml
----------------- Instantiating /home/travis/build/icyphy/ptII/ptolemy/actor/lib/test/auto/arrayType9.xml
1 ms. Memory: 1367552K Free: 741777K (54%)
----------------- Invoking toplevel() on ptolemy.moml.MoMLSimpleApplication@2788ad64
----------------- Done invoking toplevel() on ptolemy.moml.MoMLSimpleApplication@2788ad64
reloadAllAccessors: .arrayType9

===========================================================================================
----------------- testing Wed Jun 13 06:32:01 UTC 2018 /home/travis/build/icyphy/ptII/ptolemy/actor/lib/test/auto/cast.xml
----------------- Instantiating /home/travis/build/icyphy/ptII/ptolemy/actor/lib/test/auto/cast.xml
2 ms. Memory: 1367552K Free: 726075K (53%)
----------------- Invoking toplevel() on ptolemy.moml.MoMLSimpleApplication@7d159a3e
----------------- Done invoking toplevel() on ptolemy.moml.MoMLSimpleApplication@7d159a3e
reloadAllAccessors: .cast

===========================================================================================
----------------- testing Wed Jun 13 06:32:01 UTC 2018 /home/travis/build/icyphy/ptII/ptolemy/actor/lib/test/auto/compositeMultiPort.xml
----------------- Instantiating /home/travis/build/icyphy/ptII/ptolemy/actor/lib/test/auto/compositeMultiPort.xml
3 ms. Memory: 1367552K Free: 710373K (52%)
----------------- Invoking toplevel() on ptolemy.moml.MoMLSimpleApplication@10b763b7
----------------- Done invoking toplevel() on ptolemy.moml.MoMLSimpleApplication@10b763b7
reloadAllAccessors: .compositeMultiPort

===========================================================================================
----------------- testing Wed Jun 13 06:32:01 UTC 2018 /home/travis/build/icyphy/ptII/ptolemy/actor/lib/test/auto/expressionCastInference.xml
----------------- Instantiating /home/travis/build/icyphy/ptII/ptolemy/actor/lib/test/auto/expressionCastInference.xml
2 ms. Memory: 1367552K Free: 694671K (51%)
----------------- Invoking toplevel() on ptolemy.moml.MoMLSimpleApplication@7b0c5329
----------------- Done invoking toplevel() on ptolemy.moml.MoMLSimpleApplication@7b0c5329
reloadAllAccessors: .expressionCastInference

===========================================================================================
----------------- testing Wed Jun 13 06:32:01 UTC 2018 /home/travis/build/icyphy/ptII/ptolemy/actor/lib/test/auto/expressionCastInference2.xml
----------------- Instantiating /home/travis/build/icyphy/ptII/ptolemy/actor/lib/test/auto/expressionCastInference2.xml
2 ms. Memory: 1367552K Free: 678969K (50%)
----------------- Invoking toplevel() on ptolemy.moml.MoMLSimpleApplication@1839b3e3
----------------- Done invoking toplevel() on ptolemy.moml.MoMLSimpleApplication@1839b3e3
reloadAllAccessors: .expressionCastInference2

===========================================================================================
----------------- testing Wed Jun 13 06:32:01 UTC 2018 /home/travis/build/icyphy/ptII/ptolemy/actor/lib/test/auto/expressionInference.xml
----------------- Instantiating /home/travis/build/icyphy/ptII/ptolemy/actor/lib/test/auto/expressionInference.xml
1 ms. Memory: 1367552K Free: 663267K (49%)
----------------- Invoking toplevel() on ptolemy.moml.MoMLSimpleApplication@e908ee
----------------- Done invoking toplevel() on ptolemy.moml.MoMLSimpleApplication@e908ee
reloadAllAccessors: .expressionInference

===========================================================================================
----------------- testing Wed Jun 13 06:32:01 UTC 2018 /home/travis/build/icyphy/ptII/ptolemy/actor/lib/test/auto/expression_bug.xml
----------------- Instantiating /home/travis/build/icyphy/ptII/ptolemy/actor/lib/test/auto/expression_bug.xml
1 ms. Memory: 1367552K Free: 650677K (48%)
----------------- Invoking toplevel() on ptolemy.moml.MoMLSimpleApplication@3ddd0d7f
----------------- Done invoking toplevel() on ptolemy.moml.MoMLSimpleApplication@3ddd0d7f
reloadAllAccessors: .expression_bug

===========================================================================================
----------------- testing Wed Jun 13 06:32:01 UTC 2018 /home/travis/build/icyphy/ptII/ptolemy/actor/lib/test/auto/factorial.xml
----------------- Instantiating /home/travis/build/icyphy/ptII/ptolemy/actor/lib/test/auto/factorial.xml
27 ms. Memory: 1367552K Free: 634975K (46%)
----------------- Invoking toplevel() on ptolemy.moml.MoMLSimpleApplication@2025bba
----------------- Done invoking toplevel() on ptolemy.moml.MoMLSimpleApplication@2025bba
reloadAllAccessors: .factorial

===========================================================================================
----------------- testing Wed Jun 13 06:32:01 UTC 2018 /home/travis/build/icyphy/ptII/ptolemy/actor/lib/test/auto/filterTest1.xml
----------------- Instantiating /home/travis/build/icyphy/ptII/ptolemy/actor/lib/test/auto/filterTest1.xml
3 ms. Memory: 1367552K Free: 619273K (45%)
----------------- Invoking toplevel() on ptolemy.moml.MoMLSimpleApplication@396827c4
----------------- Done invoking toplevel() on ptolemy.moml.MoMLSimpleApplication@396827c4
reloadAllAccessors: .filterTest1

===========================================================================================
----------------- testing Wed Jun 13 06:32:01 UTC 2018 /home/travis/build/icyphy/ptII/ptolemy/actor/lib/test/auto/funcApplyInConst.xml
----------------- Instantiating /home/travis/build/icyphy/ptII/ptolemy/actor/lib/test/auto/funcApplyInConst.xml
1 ms. Memory: 1367552K Free: 603571K (44%)
----------------- Invoking toplevel() on ptolemy.moml.MoMLSimpleApplication@771d4fa0
----------------- Done invoking toplevel() on ptolemy.moml.MoMLSimpleApplication@771d4fa0
reloadAllAccessors: .funcApplyInConst

===========================================================================================
----------------- testing Wed Jun 13 06:32:01 UTC 2018 /home/travis/build/icyphy/ptII/ptolemy/actor/lib/test/auto/funcApplyInExpr.xml
----------------- Instantiating /home/travis/build/icyphy/ptII/ptolemy/actor/lib/test/auto/funcApplyInExpr.xml
2 ms. Memory: 1367552K Free: 587870K (43%)
----------------- Invoking toplevel() on ptolemy.moml.MoMLSimpleApplication@6fd7baf5
----------------- Done invoking toplevel() on ptolemy.moml.MoMLSimpleApplication@6fd7baf5
reloadAllAccessors: .funcApplyInExpr

===========================================================================================
----------------- testing Wed Jun 13 06:32:01 UTC 2018 /home/travis/build/icyphy/ptII/ptolemy/actor/lib/test/auto/function.xml
----------------- Instantiating /home/travis/build/icyphy/ptII/ptolemy/actor/lib/test/auto/function.xml
2 ms. Memory: 1367552K Free: 572168K (42%)
----------------- Invoking toplevel() on ptolemy.moml.MoMLSimpleApplication@522d9baf
----------------- Done invoking toplevel() on ptolemy.moml.MoMLSimpleApplication@522d9baf
reloadAllAccessors: .function

===========================================================================================
----------------- testing Wed Jun 13 06:32:01 UTC 2018 /home/travis/build/icyphy/ptII/ptolemy/actor/lib/test/auto/function2.xml
----------------- Instantiating /home/travis/build/icyphy/ptII/ptolemy/actor/lib/test/auto/function2.xml
2 ms. Memory: 1367552K Free: 556466K (41%)
----------------- Invoking toplevel() on ptolemy.moml.MoMLSimpleApplication@6273fac6
----------------- Done invoking toplevel() on ptolemy.moml.MoMLSimpleApplication@6273fac6
reloadAllAccessors: .function2

===========================================================================================
----------------- testing Wed Jun 13 06:32:01 UTC 2018 /home/travis/build/icyphy/ptII/ptolemy/actor/lib/test/auto/function3.xml
----------------- Instantiating /home/travis/build/icyphy/ptII/ptolemy/actor/lib/test/auto/function3.xml
1 ms. Memory: 1367552K Free: 540764K (40%)
----------------- Invoking toplevel() on ptolemy.moml.MoMLSimpleApplication@738e1ca0
----------------- Done invoking toplevel() on ptolemy.moml.MoMLSimpleApplication@738e1ca0
reloadAllAccessors: .function3

===========================================================================================
----------------- testing Wed Jun 13 06:32:01 UTC 2018 /home/travis/build/icyphy/ptII/ptolemy/actor/lib/test/auto/functionClosureTest1.xml
----------------- Instantiating /home/travis/build/icyphy/ptII/ptolemy/actor/lib/test/auto/functionClosureTest1.xml
2 ms. Memory: 1367552K Free: 528174K (39%)
----------------- Invoking toplevel() on ptolemy.moml.MoMLSimpleApplication@40bce528
----------------- Done invoking toplevel() on ptolemy.moml.MoMLSimpleApplication@40bce528
reloadAllAccessors: .functionClosureTest1

===========================================================================================
----------------- testing Wed Jun 13 06:32:01 UTC 2018 /home/travis/build/icyphy/ptII/ptolemy/actor/lib/test/auto/functionClosureTest2.xml
----------------- Instantiating /home/travis/build/icyphy/ptII/ptolemy/actor/lib/test/auto/functionClosureTest2.xml
5 ms. Memory: 1367552K Free: 512472K (37%)
----------------- Invoking toplevel() on ptolemy.moml.MoMLSimpleApplication@53753ad1
----------------- Done invoking toplevel() on ptolemy.moml.MoMLSimpleApplication@53753ad1
reloadAllAccessors: .functionClosureTest2

===========================================================================================
----------------- testing Wed Jun 13 06:32:01 UTC 2018 /home/travis/build/icyphy/ptII/ptolemy/actor/lib/test/auto/functionClosureTest3.xml
----------------- Instantiating /home/travis/build/icyphy/ptII/ptolemy/actor/lib/test/auto/functionClosureTest3.xml
2 ms. Memory: 1367552K Free: 496770K (36%)
----------------- Invoking toplevel() on ptolemy.moml.MoMLSimpleApplication@5a0a7c2e
----------------- Done invoking toplevel() on ptolemy.moml.MoMLSimpleApplication@5a0a7c2e
reloadAllAccessors: .functionClosureTest3

===========================================================================================
----------------- testing Wed Jun 13 06:32:01 UTC 2018 /home/travis/build/icyphy/ptII/ptolemy/actor/lib/test/auto/functionClosureTest4.xml
----------------- Instantiating /home/travis/build/icyphy/ptII/ptolemy/actor/lib/test/auto/functionClosureTest4.xml
4 ms. Memory: 1367552K Free: 481068K (35%)
----------------- Invoking toplevel() on ptolemy.moml.MoMLSimpleApplication@169ba4
----------------- Done invoking toplevel() on ptolemy.moml.MoMLSimpleApplication@169ba4
reloadAllAccessors: .functionClosureTest4

===========================================================================================
----------------- testing Wed Jun 13 06:32:01 UTC 2018 /home/travis/build/icyphy/ptII/ptolemy/actor/lib/test/auto/functionClosureTest5.xml
----------------- Instantiating /home/travis/build/icyphy/ptII/ptolemy/actor/lib/test/auto/functionClosureTest5.xml
6 ms. Memory: 1367552K Free: 465367K (34%)
----------------- Invoking toplevel() on ptolemy.moml.MoMLSimpleApplication@4d4a2c07
----------------- Done invoking toplevel() on ptolemy.moml.MoMLSimpleApplication@4d4a2c07
reloadAllAccessors: .functionClosureTest5

===========================================================================================
----------------- testing Wed Jun 13 06:32:01 UTC 2018 /home/travis/build/icyphy/ptII/ptolemy/actor/lib/test/auto/functionClosureTest6.xml
----------------- Instantiating /home/travis/build/icyphy/ptII/ptolemy/actor/lib/test/auto/functionClosureTest6.xml
1 ms. Memory: 1367552K Free: 449665K (33%)
----------------- Invoking toplevel() on ptolemy.moml.MoMLSimpleApplication@677a8149
----------------- Done invoking toplevel() on ptolemy.moml.MoMLSimpleApplication@677a8149
reloadAllAccessors: .functionClosureTest6

===========================================================================================
----------------- testing Wed Jun 13 06:32:01 UTC 2018 /home/travis/build/icyphy/ptII/ptolemy/actor/lib/test/auto/functionsOnArcs.xml
----------------- Instantiating /home/travis/build/icyphy/ptII/ptolemy/actor/lib/test/auto/functionsOnArcs.xml
2 ms. Memory: 1367552K Free: 433963K (32%)
----------------- Invoking toplevel() on ptolemy.moml.MoMLSimpleApplication@4508996f
----------------- Done invoking toplevel() on ptolemy.moml.MoMLSimpleApplication@4508996f
reloadAllAccessors: .functionsOnArcs

===========================================================================================
----------------- testing Wed Jun 13 06:32:01 UTC 2018 /home/travis/build/icyphy/ptII/ptolemy/actor/lib/test/auto/functionsOnArcsHOF.xml
----------------- Instantiating /home/travis/build/icyphy/ptII/ptolemy/actor/lib/test/auto/functionsOnArcsHOF.xml
3 ms. Memory: 1367552K Free: 421373K (31%)
----------------- Invoking toplevel() on ptolemy.moml.MoMLSimpleApplication@79f4e785
----------------- Done invoking toplevel() on ptolemy.moml.MoMLSimpleApplication@79f4e785
reloadAllAccessors: .functionsOnArcsHOF

===========================================================================================
----------------- testing Wed Jun 13 06:32:01 UTC 2018 /home/travis/build/icyphy/ptII/ptolemy/actor/lib/test/auto/logic.xml
----------------- Instantiating /home/travis/build/icyphy/ptII/ptolemy/actor/lib/test/auto/logic.xml
2 ms. Memory: 1367552K Free: 405671K (30%)
----------------- Invoking toplevel() on ptolemy.moml.MoMLSimpleApplication@5521279
----------------- Done invoking toplevel() on ptolemy.moml.MoMLSimpleApplication@5521279
reloadAllAccessors: .logic

===========================================================================================
----------------- testing Wed Jun 13 06:32:01 UTC 2018 /home/travis/build/icyphy/ptII/ptolemy/actor/lib/test/auto/matrixType.xml
----------------- Instantiating /home/travis/build/icyphy/ptII/ptolemy/actor/lib/test/auto/matrixType.xml
2 ms. Memory: 1367552K Free: 389969K (29%)
----------------- Invoking toplevel() on ptolemy.moml.MoMLSimpleApplication@72bd1d60
----------------- Done invoking toplevel() on ptolemy.moml.MoMLSimpleApplication@72bd1d60
reloadAllAccessors: .matrixType

===========================================================================================
----------------- testing Wed Jun 13 06:32:01 UTC 2018 /home/travis/build/icyphy/ptII/ptolemy/actor/lib/test/auto/matrixType10.xml
----------------- Instantiating /home/travis/build/icyphy/ptII/ptolemy/actor/lib/test/auto/matrixType10.xml
1 ms. Memory: 1367552K Free: 374267K (27%)
----------------- Invoking toplevel() on ptolemy.moml.MoMLSimpleApplication@3b6dc083
----------------- Done invoking toplevel() on ptolemy.moml.MoMLSimpleApplication@3b6dc083
reloadAllAccessors: .matrixType10

===========================================================================================
----------------- testing Wed Jun 13 06:32:01 UTC 2018 /home/travis/build/icyphy/ptII/ptolemy/actor/lib/test/auto/matrixType11.xml
----------------- Instantiating /home/travis/build/icyphy/ptII/ptolemy/actor/lib/test/auto/matrixType11.xml
1 ms. Memory: 1367552K Free: 358565K (26%)
----------------- Invoking toplevel() on ptolemy.moml.MoMLSimpleApplication@1e5478bb
----------------- Done invoking toplevel() on ptolemy.moml.MoMLSimpleApplication@1e5478bb
reloadAllAccessors: .matrixType11

===========================================================================================
----------------- testing Wed Jun 13 06:32:01 UTC 2018 /home/travis/build/icyphy/ptII/ptolemy/actor/lib/test/auto/matrixType12.xml
----------------- Instantiating /home/travis/build/icyphy/ptII/ptolemy/actor/lib/test/auto/matrixType12.xml
1 ms. Memory: 1367552K Free: 342863K (25%)
----------------- Invoking toplevel() on ptolemy.moml.MoMLSimpleApplication@4c06e91f
----------------- Done invoking toplevel() on ptolemy.moml.MoMLSimpleApplication@4c06e91f
reloadAllAccessors: .matrixType12

===========================================================================================
----------------- testing Wed Jun 13 06:32:01 UTC 2018 /home/travis/build/icyphy/ptII/ptolemy/actor/lib/test/auto/matrixType13.xml
----------------- Instantiating /home/travis/build/icyphy/ptII/ptolemy/actor/lib/test/auto/matrixType13.xml
1 ms. Memory: 1367552K Free: 327161K (24%)
----------------- Invoking toplevel() on ptolemy.moml.MoMLSimpleApplication@35d8f7d8
----------------- Done invoking toplevel() on ptolemy.moml.MoMLSimpleApplication@35d8f7d8
reloadAllAccessors: .matrixType13

===========================================================================================
----------------- testing Wed Jun 13 06:32:01 UTC 2018 /home/travis/build/icyphy/ptII/ptolemy/actor/lib/test/auto/matrixType14.xml
----------------- Instantiating /home/travis/build/icyphy/ptII/ptolemy/actor/lib/test/auto/matrixType14.xml
2 ms. Memory: 1367552K Free: 311460K (23%)
----------------- Invoking toplevel() on ptolemy.moml.MoMLSimpleApplication@6d6b1542
----------------- Done invoking toplevel() on ptolemy.moml.MoMLSimpleApplication@6d6b1542
reloadAllAccessors: .matrixType14

===========================================================================================
----------------- testing Wed Jun 13 06:32:01 UTC 2018 /home/travis/build/icyphy/ptII/ptolemy/actor/lib/test/auto/matrixType2.xml
----------------- Instantiating /home/travis/build/icyphy/ptII/ptolemy/actor/lib/test/auto/matrixType2.xml
1 ms. Memory: 1367552K Free: 298870K (22%)
----------------- Invoking toplevel() on ptolemy.moml.MoMLSimpleApplication@46000342
----------------- Done invoking toplevel() on ptolemy.moml.MoMLSimpleApplication@46000342
reloadAllAccessors: .matrixType2

===========================================================================================
----------------- testing Wed Jun 13 06:32:01 UTC 2018 /home/travis/build/icyphy/ptII/ptolemy/actor/lib/test/auto/matrixType3.xml
----------------- Instantiating /home/travis/build/icyphy/ptII/ptolemy/actor/lib/test/auto/matrixType3.xml
4 ms. Memory: 1367552K Free: 283168K (21%)
----------------- Invoking toplevel() on ptolemy.moml.MoMLSimpleApplication@6bceec04
----------------- Done invoking toplevel() on ptolemy.moml.MoMLSimpleApplication@6bceec04
reloadAllAccessors: .matrixType3

===========================================================================================
----------------- testing Wed Jun 13 06:32:01 UTC 2018 /home/travis/build/icyphy/ptII/ptolemy/actor/lib/test/auto/matrixType4.xml
----------------- Instantiating /home/travis/build/icyphy/ptII/ptolemy/actor/lib/test/auto/matrixType4.xml
2 ms. Memory: 1367552K Free: 267466K (20%)
----------------- Invoking toplevel() on ptolemy.moml.MoMLSimpleApplication@4eba3448
----------------- Done invoking toplevel() on ptolemy.moml.MoMLSimpleApplication@4eba3448
reloadAllAccessors: .matrixType4

===========================================================================================
----------------- testing Wed Jun 13 06:32:01 UTC 2018 /home/travis/build/icyphy/ptII/ptolemy/actor/lib/test/auto/matrixType5.xml
----------------- Instantiating /home/travis/build/icyphy/ptII/ptolemy/actor/lib/test/auto/matrixType5.xml
2 ms. Memory: 1367552K Free: 251764K (18%)
----------------- Invoking toplevel() on ptolemy.moml.MoMLSimpleApplication@762c4f55
----------------- Done invoking toplevel() on ptolemy.moml.MoMLSimpleApplication@762c4f55
reloadAllAccessors: .matrixType5

===========================================================================================
----------------- testing Wed Jun 13 06:32:01 UTC 2018 /home/travis/build/icyphy/ptII/ptolemy/actor/lib/test/auto/matrixType6.xml
----------------- Instantiating /home/travis/build/icyphy/ptII/ptolemy/actor/lib/test/auto/matrixType6.xml
2 ms. Memory: 1367552K Free: 236062K (17%)
----------------- Invoking toplevel() on ptolemy.moml.MoMLSimpleApplication@4dae93c0
----------------- Done invoking toplevel() on ptolemy.moml.MoMLSimpleApplication@4dae93c0
reloadAllAccessors: .matrixType6

===========================================================================================
----------------- testing Wed Jun 13 06:32:01 UTC 2018 /home/travis/build/icyphy/ptII/ptolemy/actor/lib/test/auto/matrixType7.xml
----------------- Instantiating /home/travis/build/icyphy/ptII/ptolemy/actor/lib/test/auto/matrixType7.xml
2 ms. Memory: 1367552K Free: 220360K (16%)
----------------- Invoking toplevel() on ptolemy.moml.MoMLSimpleApplication@20bd2fa5
----------------- Done invoking toplevel() on ptolemy.moml.MoMLSimpleApplication@20bd2fa5
reloadAllAccessors: .matrixType7

===========================================================================================
----------------- testing Wed Jun 13 06:32:01 UTC 2018 /home/travis/build/icyphy/ptII/ptolemy/actor/lib/test/auto/matrixType8.xml
----------------- Instantiating /home/travis/build/icyphy/ptII/ptolemy/actor/lib/test/auto/matrixType8.xml
1 ms. Memory: 1367552K Free: 204658K (15%)
----------------- Invoking toplevel() on ptolemy.moml.MoMLSimpleApplication@6e7c86d6
----------------- Done invoking toplevel() on ptolemy.moml.MoMLSimpleApplication@6e7c86d6
reloadAllAccessors: .matrixType8

===========================================================================================
----------------- testing Wed Jun 13 06:32:01 UTC 2018 /home/travis/build/icyphy/ptII/ptolemy/actor/lib/test/auto/matrixType9.xml
----------------- Instantiating /home/travis/build/icyphy/ptII/ptolemy/actor/lib/test/auto/matrixType9.xml
1 ms. Memory: 1367552K Free: 188956K (14%)
----------------- Invoking toplevel() on ptolemy.moml.MoMLSimpleApplication@d4fe59f
----------------- Done invoking toplevel() on ptolemy.moml.MoMLSimpleApplication@d4fe59f
reloadAllAccessors: .matrixType9

===========================================================================================
----------------- testing Wed Jun 13 06:32:01 UTC 2018 /home/travis/build/icyphy/ptII/ptolemy/actor/lib/test/auto/paraFunctest.xml
----------------- Instantiating /home/travis/build/icyphy/ptII/ptolemy/actor/lib/test/auto/paraFunctest.xml
1 ms. Memory: 1367552K Free: 176366K (13%)
----------------- Invoking toplevel() on ptolemy.moml.MoMLSimpleApplication@6b393fe2
----------------- Done invoking toplevel() on ptolemy.moml.MoMLSimpleApplication@6b393fe2
reloadAllAccessors: .paraFunctest

===========================================================================================
----------------- testing Wed Jun 13 06:32:02 UTC 2018 /home/travis/build/icyphy/ptII/ptolemy/actor/lib/test/auto/paraFunctest2.xml
----------------- Instantiating /home/travis/build/icyphy/ptII/ptolemy/actor/lib/test/auto/paraFunctest2.xml
2 ms. Memory: 1367552K Free: 160664K (12%)
----------------- Invoking toplevel() on ptolemy.moml.MoMLSimpleApplication@46b8ec64
----------------- Done invoking toplevel() on ptolemy.moml.MoMLSimpleApplication@46b8ec64
reloadAllAccessors: .paraFunctest2

===========================================================================================
----------------- testing Wed Jun 13 06:32:02 UTC 2018 /home/travis/build/icyphy/ptII/ptolemy/actor/lib/test/auto/parameterPassing.xml
----------------- Instantiating /home/travis/build/icyphy/ptII/ptolemy/actor/lib/test/auto/parameterPassing.xml
1 ms. Memory: 1367552K Free: 144962K (11%)
----------------- Invoking toplevel() on ptolemy.moml.MoMLSimpleApplication@43891a51
----------------- Done invoking toplevel() on ptolemy.moml.MoMLSimpleApplication@43891a51
reloadAllAccessors: .parameterPassing

===========================================================================================
----------------- testing Wed Jun 13 06:32:02 UTC 2018 /home/travis/build/icyphy/ptII/ptolemy/actor/lib/test/auto/record.xml
----------------- Instantiating /home/travis/build/icyphy/ptII/ptolemy/actor/lib/test/auto/record.xml
4 ms. Memory: 1367552K Free: 129260K (9%)
----------------- Invoking toplevel() on ptolemy.moml.MoMLSimpleApplication@619c5984
----------------- Done invoking toplevel() on ptolemy.moml.MoMLSimpleApplication@619c5984
reloadAllAccessors: .record

===========================================================================================
----------------- testing Wed Jun 13 06:32:02 UTC 2018 /home/travis/build/icyphy/ptII/ptolemy/actor/lib/test/auto/sizedarray1.xml
----------------- Instantiating /home/travis/build/icyphy/ptII/ptolemy/actor/lib/test/auto/sizedarray1.xml
1 ms. Memory: 1367552K Free: 113558K (8%)
----------------- Invoking toplevel() on ptolemy.moml.MoMLSimpleApplication@357c8781
----------------- Done invoking toplevel() on ptolemy.moml.MoMLSimpleApplication@357c8781
reloadAllAccessors: .sizedarray1

===========================================================================================
----------------- testing Wed Jun 13 06:32:02 UTC 2018 /home/travis/build/icyphy/ptII/ptolemy/actor/lib/test/auto/sizedarray2.xml
----------------- Instantiating /home/travis/build/icyphy/ptII/ptolemy/actor/lib/test/auto/sizedarray2.xml
2 ms. Memory: 1367552K Free: 97856K (7%)
----------------- Invoking toplevel() on ptolemy.moml.MoMLSimpleApplication@33f9b2c0
----------------- Done invoking toplevel() on ptolemy.moml.MoMLSimpleApplication@33f9b2c0
reloadAllAccessors: .sizedarray2

===========================================================================================
----------------- testing Wed Jun 13 06:32:02 UTC 2018 /home/travis/build/icyphy/ptII/ptolemy/actor/lib/test/auto/twoPublishers.xml
----------------- Instantiating /home/travis/build/icyphy/ptII/ptolemy/actor/lib/test/auto/twoPublishers.xml
5 ms. Memory: 1367552K Free: 75843K (6%)
----------------- Invoking toplevel() on ptolemy.moml.MoMLSimpleApplication@cc219cd
----------------- Done invoking toplevel() on ptolemy.moml.MoMLSimpleApplication@cc219cd
reloadAllAccessors: .twoPublishers
AutoTests.java: About to close Vertx.
AutoTests.java: Vertx closed.
]]></system-out>
  <system-err><![CDATA[java.lang.RuntimeException: Execution failed
	at ptolemy.moml.MoMLSimpleApplication$UnloadThread.run(MoMLSimpleApplication.java:402)
Caused by: java.lang.RuntimeException: Normally, we would exit here because Manager.exitAfterWrapup() was called.  However, because the ptolemy.ptII.exitAfterWrapup property is set, we throw this exception instead.
	at ptolemy.util.StringUtilities.exit(StringUtilities.java:363)
	at ptolemy.actor.Manager.wrapup(Manager.java:1531)
	at ptolemy.actor.Manager.execute(Manager.java:407)
	at ptolemy.actor.Manager.run(Manager.java:1263)
	at ptolemy.actor.Manager$PtolemyRunThread.run(Manager.java:1915)
Warning: '.top.test' is in training mode, set the trainingMode parameter to false before checking in
Warning: '.top.test' is in training mode, set the trainingMode parameter to false before checking in
Warning: '.top.test' is in training mode, set the trainingMode parameter to false before checking in
Warning: '.BooleanSwitch_RegressionTest_WrongTrainingValues.Test' is in training mode, set the trainingMode parameter to false before checking in
Warning: '.BooleanSwitch_RegressionTest_WrongTrainingValues.Test2' is in training mode, set the trainingMode parameter to false before checking in
Warning: '.BooleanSwitch_RegressionTest_WrongTrainingValues.Test2' The test produced 0 tokens.
Warning: '.top.testExceptionHandler' is in training mode, set the trainingMode parameter to false before checking in
java.lang.RuntimeException: Execution failed
	at ptolemy.moml.MoMLSimpleApplication$UnloadThread.run(MoMLSimpleApplication.java:402)
Caused by: ptolemy.kernel.util.IllegalActionException: PublisherPorts cannot be used at the top level, use a Publisher actor instead.
  in .PublisherPortToplevelSubscriber.PublisherPort
	at ptolemy.actor.PublisherPort.preinitialize(PublisherPort.java:403)
	at ptolemy.actor.CompositeActor.preinitialize(CompositeActor.java:1769)
	at ptolemy.actor.Manager.preinitializeAndResolveTypes(Manager.java:1040)
	at ptolemy.actor.Manager.initialize(Manager.java:710)
	at ptolemy.actor.Manager.execute(Manager.java:356)
	at ptolemy.actor.Manager.run(Manager.java:1263)
	at ptolemy.actor.Manager$PtolemyRunThread.run(Manager.java:1915)
java.lang.reflect.InvocationTargetException
	at sun.reflect.NativeConstructorAccessorImpl.newInstance0(Native Method)
	at sun.reflect.NativeConstructorAccessorImpl.newInstance(NativeConstructorAccessorImpl.java:62)
	at sun.reflect.DelegatingConstructorAccessorImpl.newInstance(DelegatingConstructorAccessorImpl.java:45)
	at java.lang.reflect.Constructor.newInstance(Constructor.java:423)
	at ptolemy.util.test.junit.AutoKnownFailedTests.RunModel(AutoKnownFailedTests.java:107)
	at sun.reflect.NativeMethodAccessorImpl.invoke0(Native Method)
	at sun.reflect.NativeMethodAccessorImpl.invoke(NativeMethodAccessorImpl.java:62)
	at sun.reflect.DelegatingMethodAccessorImpl.invoke(DelegatingMethodAccessorImpl.java:43)
	at java.lang.reflect.Method.invoke(Method.java:498)
	at org.junit.runners.model.FrameworkMethod$1.runReflectiveCall(FrameworkMethod.java:44)
	at org.junit.internal.runners.model.ReflectiveCallable.run(ReflectiveCallable.java:15)
	at org.junit.runners.model.FrameworkMethod.invokeExplosively(FrameworkMethod.java:41)
	at junitparams.internal.InvokeParameterisedMethod.evaluate(InvokeParameterisedMethod.java:102)
	at org.junit.internal.runners.statements.FailOnTimeout$1.run(FailOnTimeout.java:28)
Caused by: ptolemy.kernel.util.IllegalActionException: PublisherPorts cannot be used at the top level, use a Publisher actor instead.
  in .PublisherPortToplevelSubscriber.PublisherPort
	at ptolemy.actor.PublisherPort.preinitialize(PublisherPort.java:403)
	at ptolemy.actor.CompositeActor.preinitialize(CompositeActor.java:1769)
	at ptolemy.actor.Manager.preinitializeAndResolveTypes(Manager.java:1040)
	at ptolemy.actor.Manager.initialize(Manager.java:710)
	at ptolemy.actor.Manager.execute(Manager.java:356)
	at ptolemy.actor.Manager.run(Manager.java:1263)
	at ptolemy.actor.Manager$PtolemyRunThread.run(Manager.java:1915)
java.lang.RuntimeException: Execution failed
	at ptolemy.moml.MoMLSimpleApplication$UnloadThread.run(MoMLSimpleApplication.java:402)
Caused by: ptolemy.kernel.util.IllegalActionException: SubscriberPorts cannot be used at the top level, use a Subscriber actor instead.
  in .PublisherSubscriberPortToplevel.SubscriberPort
	at ptolemy.actor.SubscriberPort.preinitialize(SubscriberPort.java:328)
	at ptolemy.actor.CompositeActor.preinitialize(CompositeActor.java:1769)
	at ptolemy.actor.Manager.preinitializeAndResolveTypes(Manager.java:1040)
	at ptolemy.actor.Manager.initialize(Manager.java:710)
	at ptolemy.actor.Manager.execute(Manager.java:356)
	at ptolemy.actor.Manager.run(Manager.java:1263)
	at ptolemy.actor.Manager$PtolemyRunThread.run(Manager.java:1915)
java.lang.reflect.InvocationTargetException
	at sun.reflect.NativeConstructorAccessorImpl.newInstance0(Native Method)
	at sun.reflect.NativeConstructorAccessorImpl.newInstance(NativeConstructorAccessorImpl.java:62)
	at sun.reflect.DelegatingConstructorAccessorImpl.newInstance(DelegatingConstructorAccessorImpl.java:45)
	at java.lang.reflect.Constructor.newInstance(Constructor.java:423)
	at ptolemy.util.test.junit.AutoKnownFailedTests.RunModel(AutoKnownFailedTests.java:107)
	at sun.reflect.NativeMethodAccessorImpl.invoke0(Native Method)
	at sun.reflect.NativeMethodAccessorImpl.invoke(NativeMethodAccessorImpl.java:62)
	at sun.reflect.DelegatingMethodAccessorImpl.invoke(DelegatingMethodAccessorImpl.java:43)
	at java.lang.reflect.Method.invoke(Method.java:498)
	at org.junit.runners.model.FrameworkMethod$1.runReflectiveCall(FrameworkMethod.java:44)
	at org.junit.internal.runners.model.ReflectiveCallable.run(ReflectiveCallable.java:15)
	at org.junit.runners.model.FrameworkMethod.invokeExplosively(FrameworkMethod.java:41)
	at junitparams.internal.InvokeParameterisedMethod.evaluate(InvokeParameterisedMethod.java:102)
	at org.junit.internal.runners.statements.FailOnTimeout$1.run(FailOnTimeout.java:28)
Caused by: ptolemy.kernel.util.IllegalActionException: SubscriberPorts cannot be used at the top level, use a Subscriber actor instead.
  in .PublisherSubscriberPortToplevel.SubscriberPort
	at ptolemy.actor.SubscriberPort.preinitialize(SubscriberPort.java:328)
	at ptolemy.actor.CompositeActor.preinitialize(CompositeActor.java:1769)
	at ptolemy.actor.Manager.preinitializeAndResolveTypes(Manager.java:1040)
	at ptolemy.actor.Manager.initialize(Manager.java:710)
	at ptolemy.actor.Manager.execute(Manager.java:356)
	at ptolemy.actor.Manager.run(Manager.java:1263)
	at ptolemy.actor.Manager$PtolemyRunThread.run(Manager.java:1915)
java.lang.RuntimeException: Execution failed
	at ptolemy.moml.MoMLSimpleApplication$UnloadThread.run(MoMLSimpleApplication.java:402)
Caused by: ptolemy.kernel.util.IllegalActionException: SubscriptionAggregatorPorts cannot be used at the top level, use a SubscriptionAggregator actor instead.
  in .PublisherSubscriptionAggregatorPort.SubscriptionAggregatorPort
	at ptolemy.actor.SubscriptionAggregatorPort.preinitialize(SubscriptionAggregatorPort.java:353)
	at ptolemy.actor.CompositeActor.preinitialize(CompositeActor.java:1769)
	at ptolemy.actor.Manager.preinitializeAndResolveTypes(Manager.java:1040)
	at ptolemy.actor.Manager.initialize(Manager.java:710)
	at ptolemy.actor.Manager.execute(Manager.java:356)
	at ptolemy.actor.Manager.run(Manager.java:1263)
	at ptolemy.actor.Manager$PtolemyRunThread.run(Manager.java:1915)
java.lang.reflect.InvocationTargetException
	at sun.reflect.NativeConstructorAccessorImpl.newInstance0(Native Method)
	at sun.reflect.NativeConstructorAccessorImpl.newInstance(NativeConstructorAccessorImpl.java:62)
	at sun.reflect.DelegatingConstructorAccessorImpl.newInstance(DelegatingConstructorAccessorImpl.java:45)
	at java.lang.reflect.Constructor.newInstance(Constructor.java:423)
	at ptolemy.util.test.junit.AutoKnownFailedTests.RunModel(AutoKnownFailedTests.java:107)
	at sun.reflect.NativeMethodAccessorImpl.invoke0(Native Method)
	at sun.reflect.NativeMethodAccessorImpl.invoke(NativeMethodAccessorImpl.java:62)
	at sun.reflect.DelegatingMethodAccessorImpl.invoke(DelegatingMethodAccessorImpl.java:43)
	at java.lang.reflect.Method.invoke(Method.java:498)
	at org.junit.runners.model.FrameworkMethod$1.runReflectiveCall(FrameworkMethod.java:44)
	at org.junit.internal.runners.model.ReflectiveCallable.run(ReflectiveCallable.java:15)
	at org.junit.runners.model.FrameworkMethod.invokeExplosively(FrameworkMethod.java:41)
	at junitparams.internal.InvokeParameterisedMethod.evaluate(InvokeParameterisedMethod.java:102)
	at org.junit.internal.runners.statements.FailOnTimeout$1.run(FailOnTimeout.java:28)
Caused by: ptolemy.kernel.util.IllegalActionException: SubscriptionAggregatorPorts cannot be used at the top level, use a SubscriptionAggregator actor instead.
  in .PublisherSubscriptionAggregatorPort.SubscriptionAggregatorPort
	at ptolemy.actor.SubscriptionAggregatorPort.preinitialize(SubscriptionAggregatorPort.java:353)
	at ptolemy.actor.CompositeActor.preinitialize(CompositeActor.java:1769)
	at ptolemy.actor.Manager.preinitializeAndResolveTypes(Manager.java:1040)
	at ptolemy.actor.Manager.initialize(Manager.java:710)
	at ptolemy.actor.Manager.execute(Manager.java:356)
	at ptolemy.actor.Manager.run(Manager.java:1263)
	at ptolemy.actor.Manager$PtolemyRunThread.run(Manager.java:1915)
java.lang.RuntimeException: Execution failed
	at ptolemy.moml.MoMLSimpleApplication$UnloadThread.run(MoMLSimpleApplication.java:402)
Caused by: ptolemy.kernel.util.IllegalActionException: TypeTest actor has no training data.
  in .sizedarray3.TypeTest
	at ptolemy.actor.lib.TypeTest.initialize(TypeTest.java:250)
	at ptolemy.actor.Director.initialize(Director.java:938)
	at ptolemy.actor.Director.initialize(Director.java:907)
	at ptolemy.actor.sched.StaticSchedulingDirector.initialize(StaticSchedulingDirector.java:159)
	at ptolemy.domains.sdf.kernel.SDFDirector.initialize(SDFDirector.java:544)
	at ptolemy.actor.CompositeActor.initialize(CompositeActor.java:935)
	at ptolemy.actor.Manager.initialize(Manager.java:724)
	at ptolemy.actor.Manager.execute(Manager.java:356)
	at ptolemy.actor.Manager.run(Manager.java:1263)
	at ptolemy.actor.Manager$PtolemyRunThread.run(Manager.java:1915)
java.lang.reflect.InvocationTargetException
	at sun.reflect.NativeConstructorAccessorImpl.newInstance0(Native Method)
	at sun.reflect.NativeConstructorAccessorImpl.newInstance(NativeConstructorAccessorImpl.java:62)
	at sun.reflect.DelegatingConstructorAccessorImpl.newInstance(DelegatingConstructorAccessorImpl.java:45)
	at java.lang.reflect.Constructor.newInstance(Constructor.java:423)
	at ptolemy.util.test.junit.AutoKnownFailedTests.RunModel(AutoKnownFailedTests.java:107)
	at sun.reflect.NativeMethodAccessorImpl.invoke0(Native Method)
	at sun.reflect.NativeMethodAccessorImpl.invoke(NativeMethodAccessorImpl.java:62)
	at sun.reflect.DelegatingMethodAccessorImpl.invoke(DelegatingMethodAccessorImpl.java:43)
	at java.lang.reflect.Method.invoke(Method.java:498)
	at org.junit.runners.model.FrameworkMethod$1.runReflectiveCall(FrameworkMethod.java:44)
	at org.junit.internal.runners.model.ReflectiveCallable.run(ReflectiveCallable.java:15)
	at org.junit.runners.model.FrameworkMethod.invokeExplosively(FrameworkMethod.java:41)
	at junitparams.internal.InvokeParameterisedMethod.evaluate(InvokeParameterisedMethod.java:102)
	at org.junit.internal.runners.statements.FailOnTimeout$1.run(FailOnTimeout.java:28)
Caused by: ptolemy.kernel.util.IllegalActionException: TypeTest actor has no training data.
  in .sizedarray3.TypeTest
	at ptolemy.actor.lib.TypeTest.initialize(TypeTest.java:250)
	at ptolemy.actor.Director.initialize(Director.java:938)
	at ptolemy.actor.Director.initialize(Director.java:907)
	at ptolemy.actor.sched.StaticSchedulingDirector.initialize(StaticSchedulingDirector.java:159)
	at ptolemy.domains.sdf.kernel.SDFDirector.initialize(SDFDirector.java:544)
	at ptolemy.actor.CompositeActor.initialize(CompositeActor.java:935)
	at ptolemy.actor.Manager.initialize(Manager.java:724)
	at ptolemy.actor.Manager.execute(Manager.java:356)
	at ptolemy.actor.Manager.run(Manager.java:1263)
	at ptolemy.actor.Manager$PtolemyRunThread.run(Manager.java:1915)
]]></system-err>
</testsuite>
