<?xml version="1.0" encoding="UTF-8" ?>
<testsuite errors="0" failures="0" hostname="travis-job-9c82fa8c-13ee-4820-beca-20dc0a1b4a77" name="ptolemy.domains.de.test.junit.JUnitTclTest" skipped="0" tests="101" time="137.352" timestamp="2019-07-10T15:25:38">
  <properties>
    <property name="file.encoding.pkg" value="sun.io" />
    <property name="npm.executable" value="npm" />
    <property name="env.TRAVIS_ROOT" value="/" />
    <property name="ptII.mk.exists" value="true" />
    <property name="env.TRAVIS_APP_HOST" value="build.travis-ci.org" />
    <property name="env.rvm_bin_path" value="/home/travis/.rvm/bin" />
    <property name="java.home" value="/usr/local/lib/jvm/openjdk10" />
    <property name="env.TRAVIS_JOB_NUMBER" value="1210.9" />
    <property name="env.TRAVIS_HOME" value="/home/travis" />
    <property name="env.DISPLAY" value=":99.0" />
    <property name="env.TRAVIS_INIT" value="systemd" />
    <property name="env.SSH_TTY" value="/dev/pts/0" />
    <property name="java.net.preferIPv4Stack" value="true" />
    <property name="env.RUN_TESTS" value="true" />
    <property name="timeout.short" value="1000000" />
    <property name="junit.formatter" value="xml" />
    <property name="env.TRAVIS_SUDO" value="true" />
    <property name="env.TRAVIS_JOB_NAME" value="" />
    <property name="env.TRAVIS_STACK_NODE_ATTRIBUTES" value="/.node-attributes.yml" />
    <property name="env.LOGNAME" value="travis" />
    <property name="jsdoc.home" value="node_modules/@terraswarm/jsdoc" />
    <property name="debuglevel" value="source,lines,vars" />
    <property name="checkstyle.formatter" value="xml" />
    <property name="env._system_version" value="16.04" />
    <property name="bin.vergil.makeable" value="true" />
    <property name="sun.os.patch.level" value="unknown" />
    <property name="java.vendor.url" value="http://java.oracle.com/" />
    <property name="env.TRAVIS_BUILD_WEB_URL" value="https://travis-ci.org/icyphy/ptII/builds/556846223" />
    <property name="java.version" value="10.0.2" />
    <property name="env.TZ" value="UTC" />
    <property name="env.PT_NO_NET" value="true" />
    <property name="env.TRAVIS_PULL_REQUEST_SHA" value="" />
    <property name="env.TRAVIS_SECURE_ENV_VARS" value="true" />
    <property name="env._system_type" value="Linux" />
    <property name="java.vendor.url.bug" value="http://bugreport.java.com/bugreport/" />
    <property name="npmjs-org-is-up" value="true" />
    <property name="env.LANGUAGE" value="en_US.UTF-8" />
    <property name="env.SSH_CLIENT" value="10.10.16.88 41546 22" />
    <property name="env.GEM_HOME" value="/home/travis/.rvm/gems/ruby-2.5.3" />
    <property name="env.HAS_ANTARES_THREE_LITTLE_FRONZIES_BADGE" value="true" />
    <property name="java.version.date" value="2018-07-17" />
    <property name="env.PS4" value="+" />
    <property name="ant.project.invoked-targets" value="build,test.core2.xml" />
    <property name="env.TRAVIS_PULL_REQUEST_BRANCH" value="" />
    <property name="env.TRAVIS_REPO_SLUG" value="icyphy/ptII" />
    <property name="env.XDG_DATA_DIRS" value="/usr/local/share:/usr/share:/var/lib/snapd/desktop" />
    <property name="jdk.debug" value="release" />
    <property name="env.TRAVIS_APT_PROXY" value="http://apt.cache.travis-ci.com" />
    <property name="node.in.path" value="true" />
    <property name="user.name" value="travis" />
    <property name="java.maxmemory" value="1400m" />
    <property name="env.RUBY_VERSION" value="ruby-2.5.3" />
    <property name="env.LANG" value="en_US.UTF-8" />
    <property name="sun.io.unicode.encoding" value="UnicodeLittle" />
    <property name="sun.jnu.encoding" value="UTF-8" />
    <property name="java.runtime.name" value="OpenJDK Runtime Environment" />
    <property name="usefile" value="false" />
    <property name="return.code" value="0" />
    <property name="junit.single.formatter" value="plain" />
    <property name="env.DYLD_LIBRARY_PATH" value="/home/travis/pthla/certi-tools/lib:" />
    <property name="env.DEBIAN_FRONTEND" value="noninteractive" />
    <property name="env.SSH_CONNECTION" value="10.10.16.88 41546 10.20.1.188 22" />
    <property name="env.MYSQL_UNIX_PORT" value="/var/run/mysqld/mysqld.sock" />
    <property name="env.LC_ALL" value="en_US.UTF-8" />
    <property name="env.TRAVIS_ALLOW_FAILURE" value="false" />
    <property name="env.TRAVIS_JOB_WEB_URL" value="https://travis-ci.org/icyphy/ptII/jobs/556846236" />
    <property name="java.specification.name" value="Java Platform API Specification" />
    <property name="node.works" value="true" />
    <property name="user.timezone" value="" />
    <property name="path.separator" value=":" />
    <property name="env.TRAVIS_ENABLE_INFRA_DETECTION" value="true" />
    <property name="env.PYTHON_CFLAGS" value="-g -fstack-protector --param=ssp-buffer-size=4 -Wformat -Werror=format-security" />
    <property name="timeout.long" value="4000000" />
    <property name="env.CERTI_HOME" value="/home/travis/pthla/certi-tools" />
    <property name="ant.file.ptII" value="/home/travis/build/icyphy/ptII/build.xml" />
    <property name="javadoc.packagenames" value="com.*,diva.*,lbnl.*,org.hlacerti.*,org.json.*,org.ptolemy.*,org.terraswarm.*,ptolemy.*,ptserver.*" />
    <property name="file.encoding" value="UTF-8" />
    <property name="env.TRAVIS_PULL_REQUEST_SLUG" value="" />
    <property name="ant.project.default-target" value="build" />
    <property name="env.GIT_ASKPASS" value="echo" />
    <property name="env.HOME" value="/home/travis" />
    <property name="sun.java.command" value="org.apache.tools.ant.taskdefs.optional.junit.JUnitTestRunner ptolemy.domains.de.test.junit.JUnitTclTest skipNonTests=false filtertrace=true haltOnError=false haltOnFailure=false formatter=org.apache.tools.ant.taskdefs.optional.junit.OutErrSummaryJUnitResultFormatter showoutput=true outputtoformatters=true logfailedtests=true threadid=0 logtestlistenerevents=false formatter=org.apache.tools.ant.taskdefs.optional.junit.XMLJUnitResultFormatter,/home/travis/build/icyphy/ptII/reports/junit/TEST-ptolemy.domains.de.test.junit.JUnitTclTest.xml crashfile=/home/travis/build/icyphy/ptII/junitvmwatcher14017952636593015193.properties propsfile=/home/travis/build/icyphy/ptII/junit10052139409096414778.properties" />
    <property name="env.COMPOSER_NO_INTERACTION" value="1" />
    <property name="env.MANPATH" value="/home/travis/.nvm/versions/node/v7.10.1/share/man:/home/travis/.rvm/rubies/ruby-2.5.3/share/man:/usr/local/cmake-3.12.4/man:/usr/local/clang-7.0.0/share/man:/usr/local/man:/usr/local/share/man:/usr/share/man:/home/travis/.rvm/man" />
    <property name="env.TRAVIS_TIMER_ID" value="0593de82" />
    <property name="ant.file" value="/home/travis/build/icyphy/ptII/build.xml" />
    <property name="env.TRAVIS_COMMIT_RANGE" value="a7a15ec440ae...84b19ea04203" />
    <property name="env._system_name" value="Ubuntu" />
    <property name="ptII.classpath.optional.property" value="/home/travis/build/icyphy/ptII/lib/bsh-2.0b4.jar:/home/travis/build/icyphy/ptII/lib/ptCal.jar:/home/travis/build/icyphy/ptII/lib/java_cup.jar:/home/travis/build/icyphy/ptII/lib/saxon8.jar:/home/travis/build/icyphy/ptII/lib/saxon8-dom.jar:/home/travis/build/icyphy/ptII/lib/chic.jar:/home/travis/build/icyphy/ptII/lib/ptcolt.jar:/home/travis/build/icyphy/ptII/vendors/misc/itext/iText.jar:/home/travis/build/icyphy/ptII/lib/g4ltl.jar:/home/travis/build/icyphy/ptII/lib/StructuralCoder.jar:/home/travis/build/icyphy/ptII/vendors/jai-1_1_2_01/lib/jai_core.jar:/home/travis/build/icyphy/ptII/vendors/jai-1_1_2_01/lib/jai_codec.jar:/home/travis/build/icyphy/ptII/lib/jcerti.jar:/home/travis/build/icyphy/ptII/lib/javax.mail.jar:/usr/share/java/openjfx/jre/lib/ext/jfxrt.jar:/usr/lib/jvm/java-8-openjdk-amd64/jre/lib/ext/jfxrt.jar:/home/travis/build/icyphy/ptII/vendors/JMF-2.1.1e/lib/jmf.jar:/home/travis/build/icyphy/ptII/lib/jna-4.0.0-variadic.jar:/home/travis/build/icyphy/ptII/vendors/misc/joystick/Joystick.jar:/home/travis/build/icyphy/ptII/lib/ptjacl.jar:/home/travis/build/icyphy/ptII/lib/jsoup-1.8.2.jar:/home/travis/build/icyphy/ptII/lib/junit-4.8.2.jar:/home/travis/build/icyphy/ptII/lib/JUnitParams-0.4.0.jar:/home/travis/build/icyphy/ptII/ptolemy/actor/lib/excel/jxl.jar:/home/travis/build/icyphy/ptII/lib/jython.jar:/home/travis/build/icyphy/ptII/lib/kieler.jar:/home/travis/build/icyphy/ptII/lib/opencv-341.jar:/home/travis/build/icyphy/ptII/lib/oscP5.jar:/home/travis/build/icyphy/ptII/lib/nrjavaserial-3.11.0.devel.jar:/home/travis/build/icyphy/ptII/vendors/j3d/lib/j3dcore.jar:/home/travis/build/icyphy/ptII/vendors/j3d/lib/j3dutils.jar:/home/travis/build/icyphy/ptII/vendors/j3d/lib/vecmath.jar:/home/travis/build/icyphy/ptII/ptolemy/distributed/jini/jar/jini-core.jar:/home/travis/build/icyphy/ptII/ptolemy/distributed/jini/jar/jini-ext.jar:/home/travis/build/icyphy/ptII/ptolemy/distributed/jini/jar/sun-util.jar:/home/travis/build/icyphy/ptII/lib/protobuf-java-2.4.1.jar:/home/travis/build/icyphy/ptII/lib/org.eclipse.paho.client.mqttv3.jar:/home/travis/build/icyphy/ptII/lib/mapss.jar:/home/travis/build/icyphy/ptII/ptolemy/actor/ptalon/antlr/antlr.jar:/home/travis/build/icyphy/ptII/lib/JRI.jar:/home/travis/build/icyphy/ptII/lib/commons-lang-2.6.jar:/home/travis/build/icyphy/ptII/lib/commons-logging-1.1.1.jar:/home/travis/build/icyphy/ptII/lib/sootclasses.jar:/home/travis/build/icyphy/ptII/ptolemy/actor/lib/database/mysql-connector-java-5.1.6-bin.jar:/home/travis/build/icyphy/ptII/vendors/misc/sphinx4/sphinx4-data-5prealpha.jar:/home/travis/build/icyphy/ptII/vendors/misc/sphinx4/sphinx4-core-5prealpha.jar:/home/travis/build/icyphy/ptII/lib/PDFRenderer.jar:/home/travis/build/icyphy/ptII/lib/svgSalamander.jar:/home/travis/build/icyphy/ptII/lib/rsyntaxtextarea-2.6.0-SNAPSHOT.jar:/home/travis/build/icyphy/ptII/lib/hazelcast-3.8.2.jar:/home/travis/build/icyphy/ptII/lib/jackson-annotations-2.9.0.jar:/home/travis/build/icyphy/ptII/lib/jackson-core-2.9.3.jar:/home/travis/build/icyphy/ptII/lib/jackson-databind-2.9.3.jar:/home/travis/build/icyphy/ptII/lib/netty-buffer-4.1.19.Final.jar:/home/travis/build/icyphy/ptII/lib/netty-codec-4.1.19.Final.jar:/home/travis/build/icyphy/ptII/lib/netty-codec-dns-4.1.19.Final.jar:/home/travis/build/icyphy/ptII/lib/netty-codec-http-4.1.19.Final.jar:/home/travis/build/icyphy/ptII/lib/netty-codec-http2-4.1.19.Final.jar:/home/travis/build/icyphy/ptII/lib/netty-common-4.1.19.Final.jar:/home/travis/build/icyphy/ptII/lib/netty-handler-4.1.19.Final.jar:/home/travis/build/icyphy/ptII/lib/netty-resolver-4.1.19.Final.jar:/home/travis/build/icyphy/ptII/lib/netty-resolver-dns-4.1.19.Final.jar:/home/travis/build/icyphy/ptII/lib/netty-transport-4.1.19.Final.jar:/home/travis/build/icyphy/ptII/lib/vertx-codegen-3.5.1.jar:/home/travis/build/icyphy/ptII/lib/vertx-core-3.5.2-SNAPSHOT.jar:/home/travis/build/icyphy/ptII/lib/vertx-hazelcast-3.5.1.jar:/home/travis/build/icyphy/ptII/lib/vertx-lang-js-3.5.1.jar:/home/travis/build/icyphy/ptII/lib/vertx-service-proxy-3.5.1.jar:/home/travis/build/icyphy/ptII/lib/vertx-web-3.5.1.jar:/home/travis/build/icyphy/ptII/lib/slf4j-api-1.7.13.jar:/home/travis/build/icyphy/ptII/lib/slf4j-simple-1.7.13.jar:/home/travis/build/icyphy/ptII/lib/webcam-capture-0.3.12.jar:/home/travis/build/icyphy/ptII/lib/bridj-0.7.0.jar:/home/travis/build/icyphy/ptII/lib/xbjlib-1.1.0.nrjavaserial.jar" />
    <property name="timeout" value="2400000" />
    <property name="test.batch" value="**/junit/*.java" />
    <property name="env._" value="/usr/bin/timeout" />
    <property name="java.io.tmpdir" value="/tmp" />
    <property name="user.language" value="en" />
    <property name="env.TRAVIS_INTERNAL_RUBY_REGEX" value="^ruby-(2\.[0-4]\.[0-9]|1\.9\.3)" />
    <property name="env.HISTCONTROL" value="ignoredups:ignorespace" />
    <property name="env.GOROOT" value="/home/travis/.gimme/versions/go1.11.1.linux.amd64" />
    <property name="line.separator" value="&#xa;" />
    <property name="target" value="10" />
    <property name="env.TRAVIS_BUILD_DIR" value="/home/travis/build/icyphy/ptII" />
    <property name="env.ANT_OPTS" value="-Xmx2048m" />
    <property name="ant.file.type" value="file" />
    <property name="ptolemy.ptII.batchMode" value="true" />
    <property name="env.HISTSIZE" value="1000" />
    <property name="env.MERB_ENV" value="test" />
    <property name="java.vm.info" value="mixed mode" />
    <property name="source" value="10" />
    <property name="java.vm.specification.name" value="Java Virtual Machine Specification" />
    <property name="env.TRAVIS_TEST_RESULT" value="0" />
    <property name="jsdoc.command" value="node_modules/@terraswarm/jsdoc/jsdoc.js" />
    <property name="npm.works" value="true" />
    <property name="cobertura.dir" value="/home/travis/build/icyphy/ptII/vendors/cobertura-2.0.3" />
    <property name="jsdoc.command.exists" value="true" />
    <property name="env.rvm_path" value="/home/travis/.rvm" />
    <property name="env.GEM_PATH" value="/home/travis/.rvm/gems/ruby-2.5.3:/home/travis/.rvm/gems/ruby-2.5.3@global" />
    <property name="env.LC_CTYPE" value="en_US.UTF-8" />
    <property name="env.TRAVIS_CMD" value="$PTII/bin/ptIITravisBuild.sh $SECONDS" />
    <property name="java.awt.printerjob" value="sun.print.PSPrinterJob" />
    <property name="env.TRAVIS_STACK_NAME" value="sardonyx" />
    <property name="env.TRAVIS_TIMER_START_TIME" value="1562772111177870734" />
    <property name="ant.version" value="Apache Ant(TM) version 1.10.1 compiled on February 2 2017" />
    <property name="ptII.reports" value="/home/travis/build/icyphy/ptII/reports" />
    <property name="env.TRAVIS_STACK_TIMESTAMP" value="2019-03-25 16:16:56 UTC" />
    <property name="ant.file.type.ptII" value="file" />
    <property name="env.RBENV_SHELL" value="bash" />
    <property name="os.name" value="Linux" />
    <property name="java.specification.vendor" value="Oracle Corporation" />
    <property name="env.rvm_version" value="1.29.7 (latest)" />
    <property name="env.TRAVIS_INFRA" value="gce" />
    <property name="env.TERM" value="xterm" />
    <property name="java.vm.name" value="OpenJDK 64-Bit Server VM" />
    <property name="env.TRAVIS_BUILD_NUMBER" value="1210" />
    <property name="env.CI" value="true" />
    <property name="java.library.path" value="/home/travis/pthla/certi-tools/lib:/usr/lib/jni:/usr/local/share/OpenCV/java/:/usr/share/OpenCV/java::/usr/java/packages/lib:/usr/lib64:/lib64:/lib:/usr/lib" />
    <property name="env.rvm_prefix" value="/home/travis" />
    <property name="env.PATH" value="/home/travis/pthla/certi-tools/share/scripts:/home/travis/.rvm/gems/ruby-2.5.3/bin:/home/travis/.rvm/gems/ruby-2.5.3@global/bin:/home/travis/.rvm/rubies/ruby-2.5.3/bin:/home/travis/.rvm/bin:/home/travis/.nvm/versions/node/v7.10.1/bin:./node_modules/.bin:/home/travis/build/icyphy/ptII/bin:/home/travis/pthla/certi-tools/bin:/usr/local/lib/jvm/openjdk10/bin:/home/travis/bin:/home/travis/.local/bin:/usr/local/lib/jvm/openjdk11/bin:/opt/pyenv/shims:/home/travis/.phpenv/shims:/home/travis/perl5/perlbrew/bin:/home/travis/gopath/bin:/home/travis/.gimme/versions/go1.11.1.linux.amd64/bin:/usr/local/maven-3.6.0/bin:/usr/local/cmake-3.12.4/bin:/usr/local/clang-7.0.0/bin:/usr/local/sbin:/usr/local/bin:/usr/sbin:/usr/bin:/sbin:/bin:/snap/bin:/home/travis/.phpenv/bin:/opt/pyenv/bin:/home/travis/.yarn/bin" />
    <property name="env.TRAVIS_OS_NAME" value="linux" />
    <property name="ant.java.version" value="9" />
    <property name="basedir" value="/home/travis/build/icyphy/ptII" />
    <property name="java.class.version" value="54.0" />
    <property name="env.SHLVL" value="3" />
    <property name="env.LD_LIBRARY_PATH" value="/home/travis/pthla/certi-tools/lib:/usr/lib/jni:/usr/local/share/OpenCV/java/:/usr/share/OpenCV/java:" />
    <property name="env.RACK_ENV" value="test" />
    <property name="ant.home" value="/home/travis/build/icyphy/ptII/ant" />
    <property name="env.NVM_DIR" value="/home/travis/.nvm" />
    <property name="env.CERTI_FOM_PATH" value="/home/travis/pthla/certi-tools/share/federations" />
    <property name="env.TRAVIS_BUILD_ID" value="556846223" />
    <property name="env.PYENV_ROOT" value="/opt/pyenv" />
    <property name="env.TRAVIS_UID" value="2000" />
    <property name="env.NVM_BIN" value="/home/travis/.nvm/versions/node/v7.10.1/bin" />
    <property name="env.TRAVIS_COMMIT" value="84b19ea04203d5bc5b78294984b3b76c2fddfcbd" />
    <property name="env._system_arch" value="x86_64" />
    <property name="node.executable" value="node" />
    <property name="sun.boot.library.path" value="/usr/local/lib/jvm/openjdk10/lib" />
    <property name="sun.management.compiler" value="HotSpot 64-Bit Tiered Compilers" />
    <property name="java.awt.graphicsenv" value="sun.awt.X11GraphicsEnvironment" />
    <property name="env.GOPATH" value="/home/travis/gopath" />
    <property name="ptolemy.ptII.dir" value="/home/travis/build/icyphy/ptII" />
    <property name="env.USER" value="travis" />
    <property name="env.HISTFILESIZE" value="2000" />
    <property name="timeout.longest" value="19000000" />
    <property name="env.PERLBREW_SHELLRC_VERSION" value="0.86" />
    <property name="env.TRAVIS_STACK_FEATURES" value="basic couchdb disabled-ipv6 docker docker-compose elasticsearch firefox go-toolchain google-chrome jdk memcached mongodb mysql nodejs_interpreter perl_interpreter perlbrew phantomjs postgresql python_interpreter redis ruby_interpreter sqlite xserver" />
    <property name="env.TRAVIS_PULL_REQUEST" value="false" />
    <property name="env.PYENV_SHELL" value="bash" />
    <property name="ant.project.name" value="ptII" />
    <property name="env.ANSI_RESET" value="\033[0m" />
    <property name="java.vm.specification.version" value="10" />
    <property name="env.TRAVIS_DIST" value="xenial" />
    <property name="env.CERTI_VERSION" value="4.0.0" />
    <property name="env.CERTI_HOST" value="localhost" />
    <property name="awt.toolkit" value="sun.awt.X11.XToolkit" />
    <property name="env.MY_RUBY_HOME" value="/home/travis/.rvm/rubies/ruby-2.5.3" />
    <property name="sun.cpu.isalist" value="" />
    <property name="env.TRAVIS_TMPDIR" value="/tmp/tmp.tuvaYjOxpU" />
    <property name="java.vm.compressedOopsMode" value="Zero based" />
    <property name="os.version" value="4.15.0-1028-gcp" />
    <property name="user.home" value="/home/travis" />
    <property name="java.vm.vendor" value="&quot;Oracle Corporation&quot;" />
    <property name="env.TRAVIS_TAG" value="nightly" />
    <property name="env.ANSI_YELLOW" value="\033[33;1m" />
    <property name="env.TRAVIS_FILTERED" value="redirect_io" />
    <property name="env.ANSI_GREEN" value="\033[32;1m" />
    <property name="env.JAVA_HOME" value="/usr/local/lib/jvm/openjdk11" />
    <property name="javadoc.excludepackagenames" value="adm.cvs2svn.*,build.*,config.*,doc.coding.templates.*,jni.test.jni.meaningOfLife.*,jni.test.jni.testDeux.*,jni.test.jni.testTrois.*,org.terraswarm.accessor.accessors.web.node_modules.*,org.terraswarm.accessor.accessors.web.hosts.cordova.demo.*,org.terraswarm.accessor.accessors.web.hosts.cordova.plugins.*,org.terraswarm.accessor.accessors-svn.*,pt-modules.*,ptolemy.apps.agilent.*,ptolemy.apps.anytimecontrol.*,ptolemy.apps.apes.*,ptolemy.apps.charon.*,ptolemy.apps.crazyboard.*,ptolemy.apps.eclipse.*,ptolemy.apps.etherealSting.*,ptolemy.apps.fullscreen.*,ptolemy.apps.giotto.*,ptolemy.apps.ia.*,ptolemy.apps.interfaces.*,ptolemy.apps.jmf.*,ptolemy.apps.kurt.*,ptolemy.apps.kvm.*,ptolemy.apps.lego.*,ptolemy.apps.lejos.*,ptolemy.apps.midp.*,ptolemy.apps.mobileCoding.*,ptolemy.apps.pendulum.*,ptolemy.apps.rijndael.*,ptolemy.apps.robot.*,ptolemy.apps.security.*,ptolemy.apps.sobel.*,ptolemy.apps.soot.*,ptolemy.apps.throttle.*,ptolemy.apps.tini.*,ptolemy.apps.transmission.*,ptolemy.apps.vergil.*,ptolemy.apps.waba.*,ptolemy.apps.websensor.*,ptolemy.apps.webstart.*,ptolemy.apps.xsl.*,ptolemy.apps.zaurus.*,ptolemy.codegen.c.actor.lib.oldJavaFiles.*,ptolemy.codegen.dsp.lib.*,ptolemy.codegen.kernel.newInterfaces.*,ptolemy.codegen.lib.*,ptolemy.copernicus.kernel.fragment.*,ptolemy.copernicus.shallow.cg.*,ptolemy.domains.giotto.demo.Hierarchy.Hierarchy.*,ptolemy.domains.giotto.demo.Multimode.Multimode.*,ptolemy.domains.giotto.demo.Simple.Simple.*,ptolemy.domains.gr.lib.experimental.*,ptolemy.domains.gro.*,ptolemy.domains.pdf.*,ptolemy.domains.ptinyos.demo.Surge.output.*,ptolemy.moml.test.NoPackageActor.java*,ptolemy.plot.adm.*,ptolemy.plot.servlet.*,reports.*,signed.*,src.*,target.*,vendors.*,ptolemy.copernicus.applet.*,ptolemy.media.viewer.*,ptolemy.actor.corba.*,doc.doclets.*,ptolemy.apps.eclipse.awt.*,ptolemy.backtrack.*,ptolemy.backtrack.ast.*,ptolemy.cg.adapter.generic.program.procedural.c.mbed*,ptolemy.homer.*,org.ptolemy.scala.*,diva.util.java2d.svg.*,ptolemy.domains.ptinyos.*,ptolemy.actor.lib.fmi.fmipp.*,,org.terraswarm.accessor.accessors.web.node_modules.*,org.terraswarm.accessor.accessors-svn,ptolemy.apps.*,ptolemy.actor.ptalon.demo.ptinyos.SendAndReceiveCnt.output,ptolemy.actor.ptalon.demo.ptinyos.SenseToLeds.output,ptolemy.domains.ptinyos.demo.CntToLedsAndRfm.output,ptolemy.domains.ptinyos.demo.RfmToLeds.output,ptolemy.domains.ptinyos.demo.SendAndReceiveCnt.output,ptolemy.domains.ptinyos.demo.SenseToLeds.output,ptolemy.actor.lib.jjs.modules.udpSocket.*" />
    <property name="env.PTII" value="/home/travis/build/icyphy/ptII" />
    <property name="env.XDG_SESSION_ID" value="2" />
    <property name="keystore" value="ptKeystore" />
    <property name="env.TRAVIS_COMMIT_MESSAGE" value="configure.in changed." />
    <property name="junit.output.dir" value="/home/travis/build/icyphy/ptII/reports/junit" />
    <property name="npm.return.code" value="0" />
    <property name="user.dir" value="/home/travis/build/icyphy/ptII/ptolemy/domains/de/test" />
    <property name="env.TRAVIS_NODE_VERSION" value="7" />
    <property name="env.TRAVIS_EVENT_TYPE" value="push" />
    <property name="env.MAIL" value="/var/mail/travis" />
    <property name="env.PERLBREW_ROOT" value="/home/travis/perl5/perlbrew" />
    <property name="env.PWD" value="/home/travis/build/icyphy/ptII" />
    <property name="timeout.npm" value="45000" />
    <property name="env.PT_TRAVIS_TEST_CORE2_XML" value="true" />
    <property name="env.TRAVIS_ARCH" value="amd64" />
    <property name="sun.cpu.endian" value="little" />
    <property name="env.PAGER" value="cat" />
    <property name="env.TRAVIS_BUILD_STAGE_NAME" value="Test" />
    <property name="env.PERLBREW_HOME" value="/home/travis/.perlbrew" />
    <property name="java.vm.version" value="10.0.2+13" />
    <property name="env.RAILS_ENV" value="test" />
    <property name="java.class.path" value="/home/travis/build/icyphy/ptII:/home/travis/build/icyphy/ptII/lib/bsh-2.0b4.jar:/home/travis/build/icyphy/ptII/lib/ptCal.jar:/home/travis/build/icyphy/ptII/lib/java_cup.jar:/home/travis/build/icyphy/ptII/lib/saxon8.jar:/home/travis/build/icyphy/ptII/lib/saxon8-dom.jar:/home/travis/build/icyphy/ptII/lib/chic.jar:/home/travis/build/icyphy/ptII/lib/ptcolt.jar:/home/travis/build/icyphy/ptII/vendors/misc/itext/iText.jar:/home/travis/build/icyphy/ptII/lib/g4ltl.jar:/home/travis/build/icyphy/ptII/lib/StructuralCoder.jar:/home/travis/build/icyphy/ptII/vendors/jai-1_1_2_01/lib/jai_core.jar:/home/travis/build/icyphy/ptII/vendors/jai-1_1_2_01/lib/jai_codec.jar:/home/travis/build/icyphy/ptII/lib/jcerti.jar:/home/travis/build/icyphy/ptII/lib/javax.mail.jar:/usr/share/java/openjfx/jre/lib/ext/jfxrt.jar:/usr/lib/jvm/java-8-openjdk-amd64/jre/lib/ext/jfxrt.jar:/home/travis/build/icyphy/ptII/vendors/JMF-2.1.1e/lib/jmf.jar:/home/travis/build/icyphy/ptII/lib/jna-4.0.0-variadic.jar:/home/travis/build/icyphy/ptII/vendors/misc/joystick/Joystick.jar:/home/travis/build/icyphy/ptII/lib/ptjacl.jar:/home/travis/build/icyphy/ptII/lib/jsoup-1.8.2.jar:/home/travis/build/icyphy/ptII/lib/junit-4.8.2.jar:/home/travis/build/icyphy/ptII/lib/JUnitParams-0.4.0.jar:/home/travis/build/icyphy/ptII/ptolemy/actor/lib/excel/jxl.jar:/home/travis/build/icyphy/ptII/lib/jython.jar:/home/travis/build/icyphy/ptII/lib/kieler.jar:/home/travis/build/icyphy/ptII/lib/opencv-341.jar:/home/travis/build/icyphy/ptII/lib/oscP5.jar:/home/travis/build/icyphy/ptII/lib/nrjavaserial-3.11.0.devel.jar:/home/travis/build/icyphy/ptII/vendors/j3d/lib/j3dcore.jar:/home/travis/build/icyphy/ptII/vendors/j3d/lib/j3dutils.jar:/home/travis/build/icyphy/ptII/vendors/j3d/lib/vecmath.jar:/home/travis/build/icyphy/ptII/ptolemy/distributed/jini/jar/jini-core.jar:/home/travis/build/icyphy/ptII/ptolemy/distributed/jini/jar/jini-ext.jar:/home/travis/build/icyphy/ptII/ptolemy/distributed/jini/jar/sun-util.jar:/home/travis/build/icyphy/ptII/lib/protobuf-java-2.4.1.jar:/home/travis/build/icyphy/ptII/lib/org.eclipse.paho.client.mqttv3.jar:/home/travis/build/icyphy/ptII/lib/mapss.jar:/home/travis/build/icyphy/ptII/ptolemy/actor/ptalon/antlr/antlr.jar:/home/travis/build/icyphy/ptII/lib/JRI.jar:/home/travis/build/icyphy/ptII/lib/commons-lang-2.6.jar:/home/travis/build/icyphy/ptII/lib/commons-logging-1.1.1.jar:/home/travis/build/icyphy/ptII/lib/sootclasses.jar:/home/travis/build/icyphy/ptII/ptolemy/actor/lib/database/mysql-connector-java-5.1.6-bin.jar:/home/travis/build/icyphy/ptII/vendors/misc/sphinx4/sphinx4-data-5prealpha.jar:/home/travis/build/icyphy/ptII/vendors/misc/sphinx4/sphinx4-core-5prealpha.jar:/home/travis/build/icyphy/ptII/lib/PDFRenderer.jar:/home/travis/build/icyphy/ptII/lib/svgSalamander.jar:/home/travis/build/icyphy/ptII/lib/rsyntaxtextarea-2.6.0-SNAPSHOT.jar:/home/travis/build/icyphy/ptII/lib/hazelcast-3.8.2.jar:/home/travis/build/icyphy/ptII/lib/jackson-annotations-2.9.0.jar:/home/travis/build/icyphy/ptII/lib/jackson-core-2.9.3.jar:/home/travis/build/icyphy/ptII/lib/jackson-databind-2.9.3.jar:/home/travis/build/icyphy/ptII/lib/netty-buffer-4.1.19.Final.jar:/home/travis/build/icyphy/ptII/lib/netty-codec-4.1.19.Final.jar:/home/travis/build/icyphy/ptII/lib/netty-codec-dns-4.1.19.Final.jar:/home/travis/build/icyphy/ptII/lib/netty-codec-http-4.1.19.Final.jar:/home/travis/build/icyphy/ptII/lib/netty-codec-http2-4.1.19.Final.jar:/home/travis/build/icyphy/ptII/lib/netty-common-4.1.19.Final.jar:/home/travis/build/icyphy/ptII/lib/netty-handler-4.1.19.Final.jar:/home/travis/build/icyphy/ptII/lib/netty-resolver-4.1.19.Final.jar:/home/travis/build/icyphy/ptII/lib/netty-resolver-dns-4.1.19.Final.jar:/home/travis/build/icyphy/ptII/lib/netty-transport-4.1.19.Final.jar:/home/travis/build/icyphy/ptII/lib/vertx-codegen-3.5.1.jar:/home/travis/build/icyphy/ptII/lib/vertx-core-3.5.2-SNAPSHOT.jar:/home/travis/build/icyphy/ptII/lib/vertx-hazelcast-3.5.1.jar:/home/travis/build/icyphy/ptII/lib/vertx-lang-js-3.5.1.jar:/home/travis/build/icyphy/ptII/lib/vertx-service-proxy-3.5.1.jar:/home/travis/build/icyphy/ptII/lib/vertx-web-3.5.1.jar:/home/travis/build/icyphy/ptII/lib/slf4j-api-1.7.13.jar:/home/travis/build/icyphy/ptII/lib/slf4j-simple-1.7.13.jar:/home/travis/build/icyphy/ptII/lib/webcam-capture-0.3.12.jar:/home/travis/build/icyphy/ptII/lib/bridj-0.7.0.jar:/home/travis/build/icyphy/ptII/lib/xbjlib-1.1.0.nrjavaserial.jar:/home/travis/build/icyphy/ptII/ptolemy/moml/test:/home/travis/build/icyphy/ptII/ant/lib/ant-launcher.jar:/home/travis/build/icyphy/ptII/ant/lib/ant.jar:/home/travis/build/icyphy/ptII/ant/lib/ant-junit.jar:/home/travis/build/icyphy/ptII/ant/lib/ant-junit4.jar" />
    <property name="ant.library.dir" value="/home/travis/build/icyphy/ptII/ant/lib" />
    <property name="os.arch" value="amd64" />
    <property name="env.CONTINUOUS_INTEGRATION" value="true" />
    <property name="env.TRAVIS_LANGUAGE" value="node_js" />
    <property name="env.TRAVIS_STACK_LANGUAGES" value="__sardonyx__ c c++ clojure cplusplus cpp default generic go groovy java node_js php pure_java python ruby scala" />
    <property name="test.name" value="ptolemy.actor.lib.test.junit.JUnitTclTest" />
    <property name="env.APT_KEY_DONT_WARN_ON_DANGEROUS_USAGE" value="1" />
    <property name="sun.java.launcher" value="SUN_STANDARD" />
    <property name="env.PYTHON_CONFIGURE_OPTS" value="--enable-unicode=ucs4 --with-wide-unicode --enable-shared --enable-ipv6 --enable-loadable-sqlite-extensions --with-computed-gotos" />
    <property name="ant.core.lib" value="/home/travis/build/icyphy/ptII/ant/lib/ant.jar" />
    <property name="java.vm.specification.vendor" value="Oracle Corporation" />
    <property name="env.BCVTB_HOME" value="/home/travis/build/icyphy/ptII/lbnl" />
    <property name="file.separator" value="/" />
    <property name="spotbugs.home" value="/home/travis/build/icyphy/ptII/vendors/spotbugs-3.1.1" />
    <property name="java.runtime.version" value="10.0.2+13" />
    <property name="env.ANSI_CLEAR" value="\033[0K" />
    <property name="env.HAS_JOSH_K_SEAL_OF_APPROVAL" value="true" />
    <property name="env.XDG_RUNTIME_DIR" value="/run/user/2000" />
    <property name="env.TRAVIS_OSX_IMAGE" value="" />
    <property name="env.TRAVIS_JOB_ID" value="556846236" />
    <property name="env.TRAVIS_BRANCH" value="master" />
    <property name="user.country" value="US" />
    <property name="env.CERTI_HOME_TRAVIS" value="/home/travis/pthla/certi-tools" />
    <property name="env.SHELL" value="/bin/bash" />
    <property name="java.maxmemory.large" value="5000m" />
    <property name="model" value="" />
    <property name="env.CASHER_DIR" value="/home/travis/.casher" />
    <property name="env.NVM_CD_FLAGS" value="" />
    <property name="java.vendor.version" value="18.3" />
    <property name="jshint.executable" value="/home/travis/node_modules/jshint/bin/jshint" />
    <property name="env.JRUBY_OPTS" value=" --client -J-XX:+TieredCompilation -J-XX:TieredStopAtLevel=1 -J-Xss2m -Xcompile.invokedynamic=false" />
    <property name="java.vendor" value="Oracle Corporation" />
    <property name="env.TRAVIS_PRE_CHEF_BOOTSTRAP_TIME" value="2019-03-25T16:16:42" />
    <property name="env.TRAVIS_STACK_JOB_BOARD_REGISTER" value="/.job-board-register.yml" />
    <property name="env.ANSI_RED" value="\033[31;1m" />
    <property name="java.specification.version" value="10" />
    <property name="env.IRBRC" value="/home/travis/.rvm/rubies/ruby-2.5.3/.irbrc" />
    <property name="env.TRAVIS" value="true" />
    <property name="sun.arch.data.model" value="64" />
  </properties>
  <testcase classname="ptolemy.util.test.junit.TclTests" name="[0] /home/travis/build/icyphy/ptII/ptolemy/domains/de/test/DependencyLoop.tcl (RunTclFile)" time="1.056" />
  <testcase classname="ptolemy.util.test.junit.TclTests" name="[1] /home/travis/build/icyphy/ptII/ptolemy/domains/de/test/RunDETestsAsQSS.tcl (RunTclFile)" time="93.179" />
  <testcase classname="ptolemy.util.test.junit.AutoKnownFailedTests" name="[0] /home/travis/build/icyphy/ptII/ptolemy/domains/de/test/auto/knownFailedTests/DESDFClockTest.xml (RunModel)" time="2.055" />
  <testcase classname="ptolemy.util.test.junit.AutoKnownFailedTests" name="[1] /home/travis/build/icyphy/ptII/ptolemy/domains/de/test/auto/knownFailedTests/DirectFeedback.xml (RunModel)" time="0.025" />
  <testcase classname="ptolemy.util.test.junit.AutoKnownFailedTests" name="[2] /home/travis/build/icyphy/ptII/ptolemy/domains/de/test/auto/knownFailedTests/FSMSource.xml (RunModel)" time="0.029" />
  <testcase classname="ptolemy.util.test.junit.AutoKnownFailedTests" name="[3] /home/travis/build/icyphy/ptII/ptolemy/domains/de/test/auto/knownFailedTests/HierarchicalModel.xml (RunModel)" time="0.045" />
  <testcase classname="ptolemy.util.test.junit.AutoKnownFailedTests" name="[4] /home/travis/build/icyphy/ptII/ptolemy/domains/de/test/auto/knownFailedTests/dependencyLoop.xml (RunModel)" time="0.035" />
  <testcase classname="ptolemy.util.test.junit.AutoKnownFailedTests" name="[5] /home/travis/build/icyphy/ptII/ptolemy/domains/de/test/auto/knownFailedTests/dependencyLoop2.xml (RunModel)" time="0.041" />
  <testcase classname="ptolemy.util.test.junit.AutoNameArchTests" name="[0] ThereAreNoAutoArchTests (RunModel)" time="0.001" />
  <testcase classname="ptolemy.util.test.junit.AutoTests" name="[0] /home/travis/build/icyphy/ptII/ptolemy/domains/de/test/auto/ActorDepthCalculation_actorWithoutPorts.xml (RunModel)" time="0.024" />
  <testcase classname="ptolemy.util.test.junit.AutoTests" name="[1] /home/travis/build/icyphy/ptII/ptolemy/domains/de/test/auto/AssemblyLine.xml (RunModel)" time="0.02" />
  <testcase classname="ptolemy.util.test.junit.AutoTests" name="[2] /home/travis/build/icyphy/ptII/ptolemy/domains/de/test/auto/CQBug1.xml (RunModel)" time="0.007" />
  <testcase classname="ptolemy.util.test.junit.AutoTests" name="[3] /home/travis/build/icyphy/ptII/ptolemy/domains/de/test/auto/CancelFireAt.xml (RunModel)" time="0.016" />
  <testcase classname="ptolemy.util.test.junit.AutoTests" name="[4] /home/travis/build/icyphy/ptII/ptolemy/domains/de/test/auto/CausalityAndComposabilityAnalysis.xml (RunModel)" time="0.019" />
  <testcase classname="ptolemy.util.test.junit.AutoTests" name="[5] /home/travis/build/icyphy/ptII/ptolemy/domains/de/test/auto/CausalityInterface1.xml (RunModel)" time="0.027" />
  <testcase classname="ptolemy.util.test.junit.AutoTests" name="[6] /home/travis/build/icyphy/ptII/ptolemy/domains/de/test/auto/CausalityInterface15.xml (RunModel)" time="0.016" />
  <testcase classname="ptolemy.util.test.junit.AutoTests" name="[7] /home/travis/build/icyphy/ptII/ptolemy/domains/de/test/auto/CausalityInterface2.xml (RunModel)" time="0.012" />
  <testcase classname="ptolemy.util.test.junit.AutoTests" name="[8] /home/travis/build/icyphy/ptII/ptolemy/domains/de/test/auto/CausalityInterface3.xml (RunModel)" time="0.011" />
  <testcase classname="ptolemy.util.test.junit.AutoTests" name="[9] /home/travis/build/icyphy/ptII/ptolemy/domains/de/test/auto/ClockDrift.xml (RunModel)" time="0.041" />
  <testcase classname="ptolemy.util.test.junit.AutoTests" name="[10] /home/travis/build/icyphy/ptII/ptolemy/domains/de/test/auto/ClockDriftAndValueChange.xml (RunModel)" time="0.031" />
  <testcase classname="ptolemy.util.test.junit.AutoTests" name="[11] /home/travis/build/icyphy/ptII/ptolemy/domains/de/test/auto/ClockDriftChange.xml (RunModel)" time="0.03" />
  <testcase classname="ptolemy.util.test.junit.AutoTests" name="[12] /home/travis/build/icyphy/ptII/ptolemy/domains/de/test/auto/ComposableCausalityAnalysis.xml (RunModel)" time="0.013" />
  <testcase classname="ptolemy.util.test.junit.AutoTests" name="[13] /home/travis/build/icyphy/ptII/ptolemy/domains/de/test/auto/DEFixedPointLimitation.xml (RunModel)" time="0.006" />
  <testcase classname="ptolemy.util.test.junit.AutoTests" name="[14] /home/travis/build/icyphy/ptII/ptolemy/domains/de/test/auto/DEScheduleTest.xml (RunModel)" time="0.009" />
  <testcase classname="ptolemy.util.test.junit.AutoTests" name="[15] /home/travis/build/icyphy/ptII/ptolemy/domains/de/test/auto/DEinDEwithStartTimes.xml (RunModel)" time="0.017" />
  <testcase classname="ptolemy.util.test.junit.AutoTests" name="[16] /home/travis/build/icyphy/ptII/ptolemy/domains/de/test/auto/DEinDEwithStartTimes2.xml (RunModel)" time="0.023" />
  <testcase classname="ptolemy.util.test.junit.AutoTests" name="[17] /home/travis/build/icyphy/ptII/ptolemy/domains/de/test/auto/DateDemo.xml (RunModel)" time="0.03" />
  <testcase classname="ptolemy.util.test.junit.AutoTests" name="[18] /home/travis/build/icyphy/ptII/ptolemy/domains/de/test/auto/DateToEvent.xml (RunModel)" time="2.04" />
  <testcase classname="ptolemy.util.test.junit.AutoTests" name="[19] /home/travis/build/icyphy/ptII/ptolemy/domains/de/test/auto/DepthTest1.xml (RunModel)" time="0.011" />
  <testcase classname="ptolemy.util.test.junit.AutoTests" name="[20] /home/travis/build/icyphy/ptII/ptolemy/domains/de/test/auto/DepthTest2.xml (RunModel)" time="0.021" />
  <testcase classname="ptolemy.util.test.junit.AutoTests" name="[21] /home/travis/build/icyphy/ptII/ptolemy/domains/de/test/auto/DepthTest3.xml (RunModel)" time="0.009" />
  <testcase classname="ptolemy.util.test.junit.AutoTests" name="[22] /home/travis/build/icyphy/ptII/ptolemy/domains/de/test/auto/DepthTest4.xml (RunModel)" time="0.021" />
  <testcase classname="ptolemy.util.test.junit.AutoTests" name="[23] /home/travis/build/icyphy/ptII/ptolemy/domains/de/test/auto/DepthTest5.xml (RunModel)" time="0.017" />
  <testcase classname="ptolemy.util.test.junit.AutoTests" name="[24] /home/travis/build/icyphy/ptII/ptolemy/domains/de/test/auto/DepthTest6.xml (RunModel)" time="0.012" />
  <testcase classname="ptolemy.util.test.junit.AutoTests" name="[25] /home/travis/build/icyphy/ptII/ptolemy/domains/de/test/auto/DepthTest7.xml (RunModel)" time="0.014" />
  <testcase classname="ptolemy.util.test.junit.AutoTests" name="[26] /home/travis/build/icyphy/ptII/ptolemy/domains/de/test/auto/EventToDate.xml (RunModel)" time="3.058" />
  <testcase classname="ptolemy.util.test.junit.AutoTests" name="[27] /home/travis/build/icyphy/ptII/ptolemy/domains/de/test/auto/FSM1.xml (RunModel)" time="0.066" />
  <testcase classname="ptolemy.util.test.junit.AutoTests" name="[28] /home/travis/build/icyphy/ptII/ptolemy/domains/de/test/auto/FSM7.xml (RunModel)" time="0.033" />
  <testcase classname="ptolemy.util.test.junit.AutoTests" name="[29] /home/travis/build/icyphy/ptII/ptolemy/domains/de/test/auto/Inspection.xml (RunModel)" time="0.038" />
  <testcase classname="ptolemy.util.test.junit.AutoTests" name="[30] /home/travis/build/icyphy/ptII/ptolemy/domains/de/test/auto/Iteration.xml (RunModel)" time="0.03" />
  <testcase classname="ptolemy.util.test.junit.AutoTests" name="[31] /home/travis/build/icyphy/ptII/ptolemy/domains/de/test/auto/LineFault.xml (RunModel)" time="0.718" />
  <testcase classname="ptolemy.util.test.junit.AutoTests" name="[32] /home/travis/build/icyphy/ptII/ptolemy/domains/de/test/auto/MergeModel1Add.xml (RunModel)" time="0.057" />
  <testcase classname="ptolemy.util.test.junit.AutoTests" name="[33] /home/travis/build/icyphy/ptII/ptolemy/domains/de/test/auto/MergeModel2Add.xml (RunModel)" time="0.041" />
  <testcase classname="ptolemy.util.test.junit.AutoTests" name="[34] /home/travis/build/icyphy/ptII/ptolemy/domains/de/test/auto/MergeModel3Add.xml (RunModel)" time="0.047" />
  <testcase classname="ptolemy.util.test.junit.AutoTests" name="[35] /home/travis/build/icyphy/ptII/ptolemy/domains/de/test/auto/MergeWithoutDiscard.xml (RunModel)" time="0.012" />
  <testcase classname="ptolemy.util.test.junit.AutoTests" name="[36] /home/travis/build/icyphy/ptII/ptolemy/domains/de/test/auto/Modal1.xml (RunModel)" time="0.031" />
  <testcase classname="ptolemy.util.test.junit.AutoTests" name="[37] /home/travis/build/icyphy/ptII/ptolemy/domains/de/test/auto/Modal2.xml (RunModel)" time="0.064" />
  <testcase classname="ptolemy.util.test.junit.AutoTests" name="[38] /home/travis/build/icyphy/ptII/ptolemy/domains/de/test/auto/Modal3.xml (RunModel)" time="0.031" />
  <testcase classname="ptolemy.util.test.junit.AutoTests" name="[39] /home/travis/build/icyphy/ptII/ptolemy/domains/de/test/auto/Modal4.xml (RunModel)" time="0.033" />
  <testcase classname="ptolemy.util.test.junit.AutoTests" name="[40] /home/travis/build/icyphy/ptII/ptolemy/domains/de/test/auto/Modal5.xml (RunModel)" time="0.032" />
  <testcase classname="ptolemy.util.test.junit.AutoTests" name="[41] /home/travis/build/icyphy/ptII/ptolemy/domains/de/test/auto/Modal6.xml (RunModel)" time="0.027" />
  <testcase classname="ptolemy.util.test.junit.AutoTests" name="[42] /home/travis/build/icyphy/ptII/ptolemy/domains/de/test/auto/Modal7.xml (RunModel)" time="0.036" />
  <testcase classname="ptolemy.util.test.junit.AutoTests" name="[43] /home/travis/build/icyphy/ptII/ptolemy/domains/de/test/auto/ModalModel.xml (RunModel)" time="0.19" />
  <testcase classname="ptolemy.util.test.junit.AutoTests" name="[44] /home/travis/build/icyphy/ptII/ptolemy/domains/de/test/auto/ModalSource.xml (RunModel)" time="0.02" />
  <testcase classname="ptolemy.util.test.junit.AutoTests" name="[45] /home/travis/build/icyphy/ptII/ptolemy/domains/de/test/auto/NonInterruptibleTimerZeroDelay.xml (RunModel)" time="0.008" />
  <testcase classname="ptolemy.util.test.junit.AutoTests" name="[46] /home/travis/build/icyphy/ptII/ptolemy/domains/de/test/auto/OpenQueueingNetwork.xml (RunModel)" time="2.715" />
  <testcase classname="ptolemy.util.test.junit.AutoTests" name="[47] /home/travis/build/icyphy/ptII/ptolemy/domains/de/test/auto/OpenQueuingNetwork.xml (RunModel)" time="0.29" />
  <testcase classname="ptolemy.util.test.junit.AutoTests" name="[48] /home/travis/build/icyphy/ptII/ptolemy/domains/de/test/auto/PeriodicSampler.xml (RunModel)" time="0.012" />
  <testcase classname="ptolemy.util.test.junit.AutoTests" name="[49] /home/travis/build/icyphy/ptII/ptolemy/domains/de/test/auto/PersistentIO.xml (RunModel)" time="0.024" />
  <testcase classname="ptolemy.util.test.junit.AutoTests" name="[50] /home/travis/build/icyphy/ptII/ptolemy/domains/de/test/auto/PortParameterResetOnInitialize.xml (RunModel)" time="0.009" />
  <testcase classname="ptolemy.util.test.junit.AutoTests" name="[51] /home/travis/build/icyphy/ptII/ptolemy/domains/de/test/auto/PortParameterUpdates.xml (RunModel)" time="0.014" />
  <testcase classname="ptolemy.util.test.junit.AutoTests" name="[52] /home/travis/build/icyphy/ptII/ptolemy/domains/de/test/auto/QueueAndServer.xml (RunModel)" time="0.022" />
  <testcase classname="ptolemy.util.test.junit.AutoTests" name="[53] /home/travis/build/icyphy/ptII/ptolemy/domains/de/test/auto/Records.xml (RunModel)" time="0.022" />
  <testcase classname="ptolemy.util.test.junit.AutoTests" name="[54] /home/travis/build/icyphy/ptII/ptolemy/domains/de/test/auto/ResetTransitionWithStartTime1.xml (RunModel)" time="0.018" />
  <testcase classname="ptolemy.util.test.junit.AutoTests" name="[55] /home/travis/build/icyphy/ptII/ptolemy/domains/de/test/auto/ResetTransitionWithStartTime2.xml (RunModel)" time="0.02" />
  <testcase classname="ptolemy.util.test.junit.AutoTests" name="[56] /home/travis/build/icyphy/ptII/ptolemy/domains/de/test/auto/ResetTransitionWithStartTime3.xml (RunModel)" time="0.023" />
  <testcase classname="ptolemy.util.test.junit.AutoTests" name="[57] /home/travis/build/icyphy/ptII/ptolemy/domains/de/test/auto/ResetTransitionWithStartTime4.xml (RunModel)" time="0.027" />
  <testcase classname="ptolemy.util.test.junit.AutoTests" name="[58] /home/travis/build/icyphy/ptII/ptolemy/domains/de/test/auto/ResettableTimer1.xml (RunModel)" time="0.01" />
  <testcase classname="ptolemy.util.test.junit.AutoTests" name="[59] /home/travis/build/icyphy/ptII/ptolemy/domains/de/test/auto/ResettableTimer2.xml (RunModel)" time="0.01" />
  <testcase classname="ptolemy.util.test.junit.AutoTests" name="[60] /home/travis/build/icyphy/ptII/ptolemy/domains/de/test/auto/ResettableTimer3.xml (RunModel)" time="0.009" />
  <testcase classname="ptolemy.util.test.junit.AutoTests" name="[61] /home/travis/build/icyphy/ptII/ptolemy/domains/de/test/auto/ResettableTimer4.xml (RunModel)" time="0.009" />
  <testcase classname="ptolemy.util.test.junit.AutoTests" name="[62] /home/travis/build/icyphy/ptII/ptolemy/domains/de/test/auto/ResettableTimer5.xml (RunModel)" time="0.01" />
  <testcase classname="ptolemy.util.test.junit.AutoTests" name="[63] /home/travis/build/icyphy/ptII/ptolemy/domains/de/test/auto/ResettableTimer6.xml (RunModel)" time="0.016" />
  <testcase classname="ptolemy.util.test.junit.AutoTests" name="[64] /home/travis/build/icyphy/ptII/ptolemy/domains/de/test/auto/ServerZeroDelay.xml (RunModel)" time="0.011" />
  <testcase classname="ptolemy.util.test.junit.AutoTests" name="[65] /home/travis/build/icyphy/ptII/ptolemy/domains/de/test/auto/SmartSender.xml (RunModel)" time="3.01" />
  <testcase classname="ptolemy.util.test.junit.AutoTests" name="[66] /home/travis/build/icyphy/ptII/ptolemy/domains/de/test/auto/ThreadedComposite.xml (RunModel)" time="0.149" />
  <testcase classname="ptolemy.util.test.junit.AutoTests" name="[67] /home/travis/build/icyphy/ptII/ptolemy/domains/de/test/auto/Time.xml (RunModel)" time="0.467" />
  <testcase classname="ptolemy.util.test.junit.AutoTests" name="[68] /home/travis/build/icyphy/ptII/ptolemy/domains/de/test/auto/TimeDelayZeroDelay.xml (RunModel)" time="0.013" />
  <testcase classname="ptolemy.util.test.junit.AutoTests" name="[69] /home/travis/build/icyphy/ptII/ptolemy/domains/de/test/auto/TimerZeroDelay.xml (RunModel)" time="0.01" />
  <testcase classname="ptolemy.util.test.junit.AutoTests" name="[70] /home/travis/build/icyphy/ptII/ptolemy/domains/de/test/auto/TimingParadox.xml (RunModel)" time="0.388" />
  <testcase classname="ptolemy.util.test.junit.AutoTests" name="[71] /home/travis/build/icyphy/ptII/ptolemy/domains/de/test/auto/TransferInputs.xml (RunModel)" time="0.017" />
  <testcase classname="ptolemy.util.test.junit.AutoTests" name="[72] /home/travis/build/icyphy/ptII/ptolemy/domains/de/test/auto/TransferOutputs2.xml (RunModel)" time="0.028" />
  <testcase classname="ptolemy.util.test.junit.AutoTests" name="[73] /home/travis/build/icyphy/ptII/ptolemy/domains/de/test/auto/Trilateration.xml (RunModel)" time="13.618" />
  <testcase classname="ptolemy.util.test.junit.AutoTests" name="[74] /home/travis/build/icyphy/ptII/ptolemy/domains/de/test/auto/TwoSigmaDelta.xml (RunModel)" time="2.224" />
  <testcase classname="ptolemy.util.test.junit.AutoTests" name="[75] /home/travis/build/icyphy/ptII/ptolemy/domains/de/test/auto/VariableDelay.xml (RunModel)" time="0.018" />
  <testcase classname="ptolemy.util.test.junit.AutoTests" name="[76] /home/travis/build/icyphy/ptII/ptolemy/domains/de/test/auto/VariableDelay2.xml (RunModel)" time="0.011" />
  <testcase classname="ptolemy.util.test.junit.AutoTests" name="[77] /home/travis/build/icyphy/ptII/ptolemy/domains/de/test/auto/VariableDelayZeroDelay.xml (RunModel)" time="0.013" />
  <testcase classname="ptolemy.util.test.junit.AutoTests" name="[78] /home/travis/build/icyphy/ptII/ptolemy/domains/de/test/auto/VariableDelayZeroDelay2.xml (RunModel)" time="0.01" />
  <testcase classname="ptolemy.util.test.junit.AutoTests" name="[79] /home/travis/build/icyphy/ptII/ptolemy/domains/de/test/auto/deInCt.xml (RunModel)" time="0.016" />
  <testcase classname="ptolemy.util.test.junit.AutoTests" name="[80] /home/travis/build/icyphy/ptII/ptolemy/domains/de/test/auto/deInCt2.xml (RunModel)" time="0.013" />
  <testcase classname="ptolemy.util.test.junit.AutoTests" name="[81] /home/travis/build/icyphy/ptII/ptolemy/domains/de/test/auto/dynamicCausalityInterface1.xml (RunModel)" time="0.017" />
  <testcase classname="ptolemy.util.test.junit.AutoTests" name="[82] /home/travis/build/icyphy/ptII/ptolemy/domains/de/test/auto/fsm_de_test.xml (RunModel)" time="0.02" />
  <testcase classname="ptolemy.util.test.junit.AutoTests" name="[83] /home/travis/build/icyphy/ptII/ptolemy/domains/de/test/auto/functionDependencyReconstruction.xml (RunModel)" time="0.029" />
  <testcase classname="ptolemy.util.test.junit.AutoTests" name="[84] /home/travis/build/icyphy/ptII/ptolemy/domains/de/test/auto/multirate.xml (RunModel)" time="0.015" />
  <testcase classname="ptolemy.util.test.junit.AutoTests" name="[85] /home/travis/build/icyphy/ptII/ptolemy/domains/de/test/auto/multirate2.xml (RunModel)" time="0.026" />
  <testcase classname="ptolemy.util.test.junit.AutoTests" name="[86] /home/travis/build/icyphy/ptII/ptolemy/domains/de/test/auto/realtime.xml (RunModel)" time="10.009" />
  <testcase classname="ptolemy.util.test.junit.AutoTests" name="[87] /home/travis/build/icyphy/ptII/ptolemy/domains/de/test/auto/relationGroup.xml (RunModel)" time="0.009" />
  <testcase classname="ptolemy.util.test.junit.AutoTests" name="[88] /home/travis/build/icyphy/ptII/ptolemy/domains/de/test/auto/relationGroup2.xml (RunModel)" time="0.011" />
  <testcase classname="ptolemy.util.test.junit.AutoTests" name="[89] /home/travis/build/icyphy/ptII/ptolemy/domains/de/test/auto/sortWithOpaquePorts.xml (RunModel)" time="0.016" />
  <testcase classname="ptolemy.util.test.junit.AutoTests" name="[90] /home/travis/build/icyphy/ptII/ptolemy/domains/de/test/auto/transferInputsandOutputs.xml (RunModel)" time="0.032" />
  <testcase classname="ptolemy.util.test.junit.AutoTests" name="[91] /home/travis/build/icyphy/ptII/ptolemy/domains/de/test/auto/triggerType.xml (RunModel)" time="0.009" />
  <system-out><![CDATA[/home/travis/build/icyphy/ptII/ptolemy/domains/de/test/DependencyLoop.tcl
testDefs.tcl: setting time out to 9000 seconds at Wed Jul 10 15:25:38 UTC 2019
49 ms. Memory: 120832K Free: 101328K (84%)
32 ms. Memory: 174080K Free: 160150K (92%)
/home/travis/build/icyphy/ptII/ptolemy/domains/de/test/RunDETestsAsQSS.tcl
Run the DE tests using ptolemy.domains.qss.test.QSSDirectorTest, which extends QSSDirector and prints a message in the constructors.
------------------ testing $PTII/ptolemy/domains/de/test/auto/knownFailedTests/DirectFeedback.xml (Known Failure) 
65 ms. Memory: 174080K Free: 154182K (89%)


==== $PTIIhome/travis/build/icyphy/ptII/ptolemy/domains/de/test/../../../../: Auto Automatic test in file $PTII/ptolemy/domains/de/test/auto/knownFailedTests/DirectFeedback.xml
==== Contents of test case:

	    # FIXME: we should use $relativeFilename here, but it
	    # might have backslashes under Windows, which causes no end
	    # of trouble.
	    createAndExecute $file
	    list {}
	
.... Test generated KNOWN error:
    while executing
ptolemy.kernel.util.IllegalActionException: Test fails in iteration 1.
Value was: 1.0. Should have been: 2.0
  in .DirectFeedback.Test
	at ptolemy.actor.lib.Test.fire(Test.java:268)
	at ptolemy.domains.de.kernel.DEDirector._fire(DEDirector.java:1949)
	at ptolemy.domains.de.kernel.DEDirector.fire(DEDirector.java:502)
	at ptolemy.actor.CompositeActor.fire(CompositeActor.java:455)
	at ptolemy.actor.Manager.iterate(Manager.java:851)
	at ptolemy.actor.Manager.execute(Manager.java:369)
	at ptolemy.actor.Manager.run(Manager.java:1263)
	at ptolemy.actor.Manager$PtolemyRunThread.run(Manager.java:1915)

    while executing
ptolemy.kernel.util.IllegalActionException: Test fails in iteration 1.
Value was: 1.0. Should have been: 2.0
  in .DirectFeedback.Test
    while executing
"java::new ptolemy.moml.MoMLSimpleApplication $file
"
    (procedure "createAndExecute" line 2)
    invoked from within
"createAndExecute $file"
    ("uplevel" body line 5)
    invoked from within
"uplevel $contents_of_test"
------------------ testing $PTII/ptolemy/domains/de/test/auto/knownFailedTests/dependencyLoop.xml (Known Failure) 
8 ms. Memory: 174080K Free: 151768K (87%)


==== $PTIIhome/travis/build/icyphy/ptII/ptolemy/domains/de/test/../../../../: Auto Automatic test in file $PTII/ptolemy/domains/de/test/auto/knownFailedTests/dependencyLoop.xml
==== Contents of test case:

	    # FIXME: we should use $relativeFilename here, but it
	    # might have backslashes under Windows, which causes no end
	    # of trouble.
	    createAndExecute $file
	    list {}
	
.... Test generated KNOWN error:
    while executing
ptolemy.kernel.util.IllegalActionException: Found a zero delay loop containing .dependencyLoop.original
  in .dependencyLoop and .dependencyLoop.original
	at ptolemy.actor.util.CausalityInterfaceForComposites._computeOutputPortDepth(CausalityInterfaceForComposites.java:759)
	at ptolemy.actor.util.CausalityInterfaceForComposites._computeInputDepth(CausalityInterfaceForComposites.java:696)
	at ptolemy.actor.util.CausalityInterfaceForComposites._computeOutputPortDepth(CausalityInterfaceForComposites.java:765)
	at ptolemy.actor.util.CausalityInterfaceForComposites._computeInputDepth(CausalityInterfaceForComposites.java:696)
	at ptolemy.actor.util.CausalityInterfaceForComposites._computeOutputPortDepth(CausalityInterfaceForComposites.java:765)
	at ptolemy.actor.util.CausalityInterfaceForComposites._computeInputDepth(CausalityInterfaceForComposites.java:696)
	at ptolemy.actor.util.CausalityInterfaceForComposites._computeActorDepth(CausalityInterfaceForComposites.java:532)
	at ptolemy.actor.util.CausalityInterfaceForComposites.checkForCycles(CausalityInterfaceForComposites.java:96)
	at ptolemy.domains.de.kernel.DEDirector.preinitialize(DEDirector.java:1338)
	at ptolemy.actor.CompositeActor.preinitialize(CompositeActor.java:1828)
	at ptolemy.actor.Manager.preinitializeAndResolveTypes(Manager.java:1040)
	at ptolemy.actor.Manager.initialize(Manager.java:710)
	at ptolemy.actor.Manager.execute(Manager.java:356)
	at ptolemy.actor.Manager.run(Manager.java:1263)
	at ptolemy.actor.Manager$PtolemyRunThread.run(Manager.java:1915)

    while executing
ptolemy.kernel.util.IllegalActionException: Found a zero delay loop containing .dependencyLoop.original
  in .dependencyLoop and .dependencyLoop.original
    while executing
"java::new ptolemy.moml.MoMLSimpleApplication $file
"
    (procedure "createAndExecute" line 2)
    invoked from within
"createAndExecute $file"
    ("uplevel" body line 5)
    invoked from within
"uplevel $contents_of_test"
------------------ testing $PTII/ptolemy/domains/de/test/auto/knownFailedTests/FSMSource.xml (Known Failure) 
84 ms. Memory: 174080K Free: 142904K (82%)
!!!! Auto was marked as failing, but now passes
------------------ testing $PTII/ptolemy/domains/de/test/auto/knownFailedTests/HierarchicalModel.xml (Known Failure) 
12 ms. Memory: 174080K Free: 157560K (91%)


==== $PTIIhome/travis/build/icyphy/ptII/ptolemy/domains/de/test/../../../../: Auto Automatic test in file $PTII/ptolemy/domains/de/test/auto/knownFailedTests/HierarchicalModel.xml
==== Contents of test case:

	    # FIXME: we should use $relativeFilename here, but it
	    # might have backslashes under Windows, which causes no end
	    # of trouble.
	    createAndExecute $file
	    list {}
	
.... Test generated KNOWN error:
    while executing
ptolemy.kernel.util.IllegalActionException: Found a zero delay loop containing .HierarchicalModel.A
  in .HierarchicalModel and .HierarchicalModel.A
	at ptolemy.actor.util.CausalityInterfaceForComposites._computeOutputPortDepth(CausalityInterfaceForComposites.java:759)
	at ptolemy.actor.util.CausalityInterfaceForComposites._computeInputDepth(CausalityInterfaceForComposites.java:696)
	at ptolemy.actor.util.CausalityInterfaceForComposites._computeOutputPortDepth(CausalityInterfaceForComposites.java:765)
	at ptolemy.actor.util.CausalityInterfaceForComposites._computeInputDepth(CausalityInterfaceForComposites.java:696)
	at ptolemy.actor.util.CausalityInterfaceForComposites._computeOutputPortDepth(CausalityInterfaceForComposites.java:765)
	at ptolemy.actor.util.CausalityInterfaceForComposites._computeInputDepth(CausalityInterfaceForComposites.java:696)
	at ptolemy.actor.util.CausalityInterfaceForComposites._computeActorDepth(CausalityInterfaceForComposites.java:532)
	at ptolemy.actor.util.CausalityInterfaceForComposites.checkForCycles(CausalityInterfaceForComposites.java:96)
	at ptolemy.domains.de.kernel.DEDirector.preinitialize(DEDirector.java:1338)
	at ptolemy.actor.CompositeActor.preinitialize(CompositeActor.java:1828)
	at ptolemy.actor.Manager.preinitializeAndResolveTypes(Manager.java:1040)
	at ptolemy.actor.Manager.initialize(Manager.java:710)
	at ptolemy.actor.Manager.execute(Manager.java:356)
	at ptolemy.actor.Manager.run(Manager.java:1263)
	at ptolemy.actor.Manager$PtolemyRunThread.run(Manager.java:1915)

    while executing
ptolemy.kernel.util.IllegalActionException: Found a zero delay loop containing .HierarchicalModel.A
  in .HierarchicalModel and .HierarchicalModel.A
    while executing
"java::new ptolemy.moml.MoMLSimpleApplication $file
"
    (procedure "createAndExecute" line 2)
    invoked from within
"createAndExecute $file"
    ("uplevel" body line 5)
    invoked from within
"uplevel $contents_of_test"
------------------ testing $PTII/ptolemy/domains/de/test/auto/knownFailedTests/dependencyLoop2.xml (Known Failure) 
5 ms. Memory: 174080K Free: 141176K (81%)


==== $PTIIhome/travis/build/icyphy/ptII/ptolemy/domains/de/test/../../../../: Auto Automatic test in file $PTII/ptolemy/domains/de/test/auto/knownFailedTests/dependencyLoop2.xml
==== Contents of test case:

	    # FIXME: we should use $relativeFilename here, but it
	    # might have backslashes under Windows, which causes no end
	    # of trouble.
	    createAndExecute $file
	    list {}
	
.... Test generated KNOWN error:
    while executing
ptolemy.kernel.util.IllegalActionException: Found a zero delay loop containing .dependencyLoop2.original
  in .dependencyLoop2 and .dependencyLoop2.original
	at ptolemy.actor.util.CausalityInterfaceForComposites._computeOutputPortDepth(CausalityInterfaceForComposites.java:759)
	at ptolemy.actor.util.CausalityInterfaceForComposites._computeInputDepth(CausalityInterfaceForComposites.java:696)
	at ptolemy.actor.util.CausalityInterfaceForComposites._computeOutputPortDepth(CausalityInterfaceForComposites.java:765)
	at ptolemy.actor.util.CausalityInterfaceForComposites._computeInputDepth(CausalityInterfaceForComposites.java:696)
	at ptolemy.actor.util.CausalityInterfaceForComposites._computeOutputPortDepth(CausalityInterfaceForComposites.java:765)
	at ptolemy.actor.util.CausalityInterfaceForComposites._computeInputDepth(CausalityInterfaceForComposites.java:696)
	at ptolemy.actor.util.CausalityInterfaceForComposites._computeActorDepth(CausalityInterfaceForComposites.java:532)
	at ptolemy.actor.util.CausalityInterfaceForComposites.checkForCycles(CausalityInterfaceForComposites.java:96)
	at ptolemy.domains.de.kernel.DEDirector.preinitialize(DEDirector.java:1338)
	at ptolemy.actor.CompositeActor.preinitialize(CompositeActor.java:1828)
	at ptolemy.actor.Manager.preinitializeAndResolveTypes(Manager.java:1040)
	at ptolemy.actor.Manager.initialize(Manager.java:710)
	at ptolemy.actor.Manager.execute(Manager.java:356)
	at ptolemy.actor.Manager.run(Manager.java:1263)
	at ptolemy.actor.Manager$PtolemyRunThread.run(Manager.java:1915)

    while executing
ptolemy.kernel.util.IllegalActionException: Found a zero delay loop containing .dependencyLoop2.original
  in .dependencyLoop2 and .dependencyLoop2.original
    while executing
"java::new ptolemy.moml.MoMLSimpleApplication $file
"
    (procedure "createAndExecute" line 2)
    invoked from within
"createAndExecute $file"
    ("uplevel" body line 5)
    invoked from within
"uplevel $contents_of_test"
------------------ testing $PTII/ptolemy/domains/de/test/auto/knownFailedTests/DESDFClockTest.xml (Known Failure) 
2069 ms. Memory: 174080K Free: 128374K (74%)


==== $PTIIhome/travis/build/icyphy/ptII/ptolemy/domains/de/test/../../../../: Auto Automatic test in file $PTII/ptolemy/domains/de/test/auto/knownFailedTests/DESDFClockTest.xml
==== Contents of test case:

	    # FIXME: we should use $relativeFilename here, but it
	    # might have backslashes under Windows, which causes no end
	    # of trouble.
	    createAndExecute $file
	    list {}
	
.... Test generated KNOWN error:
    while executing
ptolemy.kernel.util.IllegalActionException: Actor is not ready to fire.  Perhaps UpSample.prefire() returned false? Try debugging the actor by selecting "Listen to Actor".  Also, for SDF check moml for tokenConsumptionRate on input.
  in .DESDFClockTest.Play Bell.Copy1:SDF Director and .DESDFClockTest.Play Bell.UpSample
	at ptolemy.actor.sched.StaticSchedulingDirector.fire(StaticSchedulingDirector.java:227)
	at ptolemy.domains.sdf.kernel.SDFDirector.fire(SDFDirector.java:500)
	at ptolemy.actor.CompositeActor.fire(CompositeActor.java:455)
	at ptolemy.domains.de.kernel.DEDirector._fire(DEDirector.java:1949)
	at ptolemy.domains.de.kernel.DEDirector.fire(DEDirector.java:502)
	at ptolemy.actor.CompositeActor.fire(CompositeActor.java:455)
	at ptolemy.actor.Manager.iterate(Manager.java:851)
	at ptolemy.actor.Manager.execute(Manager.java:369)
	at ptolemy.actor.Manager.run(Manager.java:1263)
	at ptolemy.actor.Manager$PtolemyRunThread.run(Manager.java:1915)

    while executing
ptolemy.kernel.util.IllegalActionException: Actor is not ready to fire.  Perhaps UpSample.prefire() returned false? Try debugging the actor by selecting "Listen to Actor".  Also, for SDF check moml for tokenConsumptionRate on input.
  in .DESDFClockTest.Play Bell.Copy1:SDF Director and .DESDFClockTest.Play Bell.UpSample
    while executing
"java::new ptolemy.moml.MoMLSimpleApplication $file
"
    (procedure "createAndExecute" line 2)
    invoked from within
"createAndExecute $file"
    ("uplevel" body line 5)
    invoked from within
"uplevel $contents_of_test"
------------------ testing $PTII/ptolemy/domains/de/test/auto/ActorDepthCalculation_actorWithoutPorts.xml
auto.tcl: Setting watchdog for 200 seconds at Wed Jul 10 15:25:42 UTC 2019
6 ms. Memory: 174080K Free: 120696K (69%)
ptolemy.util.test.WatchDog.cancel(): canceling Wed Jul 10 15:25:42 UTC 2019
auto.tcl: Setting watchdog for 200 seconds at Wed Jul 10 15:25:42 UTC 2019
9 ms. Memory: 174080K Free: 119144K (68%)
ptolemy.util.test.WatchDog.cancel(): canceling Wed Jul 10 15:25:42 UTC 2019
------------------ testing $PTII/ptolemy/domains/de/test/auto/AssemblyLine.xml
auto.tcl: Setting watchdog for 200 seconds at Wed Jul 10 15:25:43 UTC 2019
11 ms. Memory: 48128K Free: 25183K (52%)
ptolemy.util.test.WatchDog.cancel(): canceling Wed Jul 10 15:25:43 UTC 2019
auto.tcl: Setting watchdog for 200 seconds at Wed Jul 10 15:25:43 UTC 2019
6 ms. Memory: 48128K Free: 24497K (51%)
ptolemy.util.test.WatchDog.cancel(): canceling Wed Jul 10 15:25:43 UTC 2019
------------------ testing $PTII/ptolemy/domains/de/test/auto/CQBug1.xml
auto.tcl: Setting watchdog for 200 seconds at Wed Jul 10 15:25:43 UTC 2019
3 ms. Memory: 48128K Free: 30681K (64%)
ptolemy.util.test.WatchDog.cancel(): canceling Wed Jul 10 15:25:43 UTC 2019
auto.tcl: Setting watchdog for 200 seconds at Wed Jul 10 15:25:43 UTC 2019
2 ms. Memory: 48128K Free: 30315K (63%)
ptolemy.util.test.WatchDog.cancel(): canceling Wed Jul 10 15:25:43 UTC 2019
------------------ testing $PTII/ptolemy/domains/de/test/auto/CancelFireAt.xml
auto.tcl: Setting watchdog for 200 seconds at Wed Jul 10 15:25:43 UTC 2019
2 ms. Memory: 48128K Free: 31826K (66%)
ptolemy.util.test.WatchDog.cancel(): canceling Wed Jul 10 15:25:43 UTC 2019
auto.tcl: Setting watchdog for 200 seconds at Wed Jul 10 15:25:43 UTC 2019
2 ms. Memory: 48128K Free: 31493K (65%)
ptolemy.util.test.WatchDog.cancel(): canceling Wed Jul 10 15:25:43 UTC 2019
------------------ testing $PTII/ptolemy/domains/de/test/auto/CausalityAndComposabilityAnalysis.xml
auto.tcl: Setting watchdog for 200 seconds at Wed Jul 10 15:25:43 UTC 2019
5 ms. Memory: 48128K Free: 29942K (62%)
ptolemy.util.test.WatchDog.cancel(): canceling Wed Jul 10 15:25:43 UTC 2019
auto.tcl: Setting watchdog for 200 seconds at Wed Jul 10 15:25:43 UTC 2019
5 ms. Memory: 48128K Free: 29560K (61%)
ptolemy.util.test.WatchDog.cancel(): canceling Wed Jul 10 15:25:43 UTC 2019
------------------ testing $PTII/ptolemy/domains/de/test/auto/CausalityInterface1.xml
auto.tcl: Setting watchdog for 200 seconds at Wed Jul 10 15:25:43 UTC 2019
25 ms. Memory: 48128K Free: 28696K (60%)
ptolemy.util.test.WatchDog.cancel(): canceling Wed Jul 10 15:25:43 UTC 2019
auto.tcl: Setting watchdog for 200 seconds at Wed Jul 10 15:25:43 UTC 2019
3 ms. Memory: 48128K Free: 27435K (57%)
ptolemy.util.test.WatchDog.cancel(): canceling Wed Jul 10 15:25:43 UTC 2019
------------------ testing $PTII/ptolemy/domains/de/test/auto/CausalityInterface15.xml
auto.tcl: Setting watchdog for 200 seconds at Wed Jul 10 15:25:43 UTC 2019
5 ms. Memory: 48128K Free: 28875K (60%)
ptolemy.util.test.WatchDog.cancel(): canceling Wed Jul 10 15:25:43 UTC 2019
auto.tcl: Setting watchdog for 200 seconds at Wed Jul 10 15:25:43 UTC 2019
4 ms. Memory: 48128K Free: 27694K (58%)
ptolemy.util.test.WatchDog.cancel(): canceling Wed Jul 10 15:25:43 UTC 2019
------------------ testing $PTII/ptolemy/domains/de/test/auto/CausalityInterface2.xml
auto.tcl: Setting watchdog for 200 seconds at Wed Jul 10 15:25:43 UTC 2019
7 ms. Memory: 48128K Free: 29406K (61%)
ptolemy.util.test.WatchDog.cancel(): canceling Wed Jul 10 15:25:43 UTC 2019
auto.tcl: Setting watchdog for 200 seconds at Wed Jul 10 15:25:43 UTC 2019
6 ms. Memory: 48128K Free: 28696K (60%)
ptolemy.util.test.WatchDog.cancel(): canceling Wed Jul 10 15:25:43 UTC 2019
------------------ testing $PTII/ptolemy/domains/de/test/auto/CausalityInterface3.xml
auto.tcl: Setting watchdog for 200 seconds at Wed Jul 10 15:25:43 UTC 2019
7 ms. Memory: 48128K Free: 28872K (60%)
ptolemy.util.test.WatchDog.cancel(): canceling Wed Jul 10 15:25:43 UTC 2019
auto.tcl: Setting watchdog for 200 seconds at Wed Jul 10 15:25:43 UTC 2019
3 ms. Memory: 48128K Free: 28149K (58%)
ptolemy.util.test.WatchDog.cancel(): canceling Wed Jul 10 15:25:43 UTC 2019
------------------ testing $PTII/ptolemy/domains/de/test/auto/ClockDrift.xml
auto.tcl: Setting watchdog for 200 seconds at Wed Jul 10 15:25:43 UTC 2019
85 ms. Memory: 48128K Free: 21477K (45%)
ptolemy.util.test.WatchDog.cancel(): canceling Wed Jul 10 15:25:44 UTC 2019
auto.tcl: Setting watchdog for 200 seconds at Wed Jul 10 15:25:44 UTC 2019
70 ms. Memory: 48128K Free: 18152K (38%)
ptolemy.util.test.WatchDog.cancel(): canceling Wed Jul 10 15:25:44 UTC 2019
------------------ testing $PTII/ptolemy/domains/de/test/auto/ClockDriftAndValueChange.xml
auto.tcl: Setting watchdog for 200 seconds at Wed Jul 10 15:25:44 UTC 2019
36 ms. Memory: 48128K Free: 21913K (46%)
ptolemy.util.test.WatchDog.cancel(): canceling Wed Jul 10 15:25:44 UTC 2019
auto.tcl: Setting watchdog for 200 seconds at Wed Jul 10 15:25:44 UTC 2019
29 ms. Memory: 48128K Free: 18684K (39%)
ptolemy.util.test.WatchDog.cancel(): canceling Wed Jul 10 15:25:44 UTC 2019
------------------ testing $PTII/ptolemy/domains/de/test/auto/ClockDriftChange.xml
auto.tcl: Setting watchdog for 200 seconds at Wed Jul 10 15:25:44 UTC 2019
16 ms. Memory: 48128K Free: 23593K (49%)
ptolemy.util.test.WatchDog.cancel(): canceling Wed Jul 10 15:25:44 UTC 2019
auto.tcl: Setting watchdog for 200 seconds at Wed Jul 10 15:25:44 UTC 2019
16 ms. Memory: 48128K Free: 20776K (43%)
ptolemy.util.test.WatchDog.cancel(): canceling Wed Jul 10 15:25:44 UTC 2019
------------------ testing $PTII/ptolemy/domains/de/test/auto/ComposableCausalityAnalysis.xml
auto.tcl: Setting watchdog for 200 seconds at Wed Jul 10 15:25:44 UTC 2019
2 ms. Memory: 48128K Free: 28051K (58%)
ptolemy.util.test.WatchDog.cancel(): canceling Wed Jul 10 15:25:44 UTC 2019
auto.tcl: Setting watchdog for 200 seconds at Wed Jul 10 15:25:44 UTC 2019
4 ms. Memory: 48128K Free: 27245K (57%)
ptolemy.util.test.WatchDog.cancel(): canceling Wed Jul 10 15:25:44 UTC 2019
------------------ testing $PTII/ptolemy/domains/de/test/auto/DEFixedPointLimitation.xml
auto.tcl: Setting watchdog for 200 seconds at Wed Jul 10 15:25:44 UTC 2019
3 ms. Memory: 48128K Free: 29404K (61%)
ptolemy.util.test.WatchDog.cancel(): canceling Wed Jul 10 15:25:44 UTC 2019
auto.tcl: Setting watchdog for 200 seconds at Wed Jul 10 15:25:44 UTC 2019
1 ms. Memory: 48128K Free: 28689K (60%)
ptolemy.util.test.WatchDog.cancel(): canceling Wed Jul 10 15:25:44 UTC 2019
------------------ testing $PTII/ptolemy/domains/de/test/auto/DEScheduleTest.xml
auto.tcl: Setting watchdog for 200 seconds at Wed Jul 10 15:25:44 UTC 2019
8 ms. Memory: 48128K Free: 29857K (62%)
ptolemy.util.test.WatchDog.cancel(): canceling Wed Jul 10 15:25:44 UTC 2019
auto.tcl: Setting watchdog for 200 seconds at Wed Jul 10 15:25:44 UTC 2019
3 ms. Memory: 48128K Free: 29072K (60%)
ptolemy.util.test.WatchDog.cancel(): canceling Wed Jul 10 15:25:44 UTC 2019
------------------ testing $PTII/ptolemy/domains/de/test/auto/DEinDEwithStartTimes.xml
auto.tcl: Setting watchdog for 200 seconds at Wed Jul 10 15:25:44 UTC 2019
3 ms. Memory: 48128K Free: 28051K (58%)
ptolemy.util.test.WatchDog.cancel(): canceling Wed Jul 10 15:25:44 UTC 2019
auto.tcl: Setting watchdog for 200 seconds at Wed Jul 10 15:25:44 UTC 2019
3 ms. Memory: 48128K Free: 26975K (56%)
ptolemy.util.test.WatchDog.cancel(): canceling Wed Jul 10 15:25:44 UTC 2019
------------------ testing $PTII/ptolemy/domains/de/test/auto/DEinDEwithStartTimes2.xml
auto.tcl: Setting watchdog for 200 seconds at Wed Jul 10 15:25:44 UTC 2019
4 ms. Memory: 48128K Free: 27302K (57%)
ptolemy.util.test.WatchDog.cancel(): canceling Wed Jul 10 15:25:44 UTC 2019
auto.tcl: Setting watchdog for 200 seconds at Wed Jul 10 15:25:44 UTC 2019
4 ms. Memory: 48128K Free: 25931K (54%)
ptolemy.util.test.WatchDog.cancel(): canceling Wed Jul 10 15:25:44 UTC 2019
------------------ testing $PTII/ptolemy/domains/de/test/auto/DateDemo.xml
auto.tcl: Setting watchdog for 200 seconds at Wed Jul 10 15:25:44 UTC 2019
21 ms. Memory: 48128K Free: 21952K (46%)
ptolemy.util.test.WatchDog.cancel(): canceling Wed Jul 10 15:25:44 UTC 2019
auto.tcl: Setting watchdog for 200 seconds at Wed Jul 10 15:25:44 UTC 2019
8 ms. Memory: 48128K Free: 20430K (42%)
ptolemy.util.test.WatchDog.cancel(): canceling Wed Jul 10 15:25:44 UTC 2019
------------------ testing $PTII/ptolemy/domains/de/test/auto/DateToEvent.xml
auto.tcl: Setting watchdog for 200 seconds at Wed Jul 10 15:25:45 UTC 2019
2023 ms. Memory: 48128K Free: 17081K (35%)
ptolemy.util.test.WatchDog.cancel(): canceling Wed Jul 10 15:25:47 UTC 2019
auto.tcl: Setting watchdog for 200 seconds at Wed Jul 10 15:25:47 UTC 2019
2006 ms. Memory: 48128K Free: 16469K (34%)
ptolemy.util.test.WatchDog.cancel(): canceling Wed Jul 10 15:25:49 UTC 2019
------------------ testing $PTII/ptolemy/domains/de/test/auto/DepthTest1.xml
auto.tcl: Setting watchdog for 200 seconds at Wed Jul 10 15:25:49 UTC 2019
5 ms. Memory: 48128K Free: 30403K (63%)
ptolemy.util.test.WatchDog.cancel(): canceling Wed Jul 10 15:25:49 UTC 2019
auto.tcl: Setting watchdog for 200 seconds at Wed Jul 10 15:25:49 UTC 2019
2 ms. Memory: 48128K Free: 30045K (62%)
ptolemy.util.test.WatchDog.cancel(): canceling Wed Jul 10 15:25:49 UTC 2019
------------------ testing $PTII/ptolemy/domains/de/test/auto/DepthTest2.xml
auto.tcl: Setting watchdog for 200 seconds at Wed Jul 10 15:25:49 UTC 2019
3 ms. Memory: 48128K Free: 27555K (57%)
ptolemy.util.test.WatchDog.cancel(): canceling Wed Jul 10 15:25:49 UTC 2019
auto.tcl: Setting watchdog for 200 seconds at Wed Jul 10 15:25:49 UTC 2019
3 ms. Memory: 48128K Free: 26967K (56%)
ptolemy.util.test.WatchDog.cancel(): canceling Wed Jul 10 15:25:49 UTC 2019
------------------ testing $PTII/ptolemy/domains/de/test/auto/DepthTest3.xml
auto.tcl: Setting watchdog for 200 seconds at Wed Jul 10 15:25:49 UTC 2019
2 ms. Memory: 48128K Free: 31130K (65%)
ptolemy.util.test.WatchDog.cancel(): canceling Wed Jul 10 15:25:49 UTC 2019
auto.tcl: Setting watchdog for 200 seconds at Wed Jul 10 15:25:49 UTC 2019
1 ms. Memory: 48128K Free: 30570K (64%)
ptolemy.util.test.WatchDog.cancel(): canceling Wed Jul 10 15:25:49 UTC 2019
------------------ testing $PTII/ptolemy/domains/de/test/auto/DepthTest4.xml
auto.tcl: Setting watchdog for 200 seconds at Wed Jul 10 15:25:49 UTC 2019
3 ms. Memory: 48128K Free: 29334K (61%)
ptolemy.util.test.WatchDog.cancel(): canceling Wed Jul 10 15:25:49 UTC 2019
auto.tcl: Setting watchdog for 200 seconds at Wed Jul 10 15:25:49 UTC 2019
2 ms. Memory: 48128K Free: 28622K (59%)
ptolemy.util.test.WatchDog.cancel(): canceling Wed Jul 10 15:25:49 UTC 2019
------------------ testing $PTII/ptolemy/domains/de/test/auto/DepthTest5.xml
auto.tcl: Setting watchdog for 200 seconds at Wed Jul 10 15:25:49 UTC 2019
3 ms. Memory: 48128K Free: 28493K (59%)
ptolemy.util.test.WatchDog.cancel(): canceling Wed Jul 10 15:25:49 UTC 2019
auto.tcl: Setting watchdog for 200 seconds at Wed Jul 10 15:25:49 UTC 2019
2 ms. Memory: 48128K Free: 28117K (58%)
ptolemy.util.test.WatchDog.cancel(): canceling Wed Jul 10 15:25:49 UTC 2019
------------------ testing $PTII/ptolemy/domains/de/test/auto/DepthTest6.xml
auto.tcl: Setting watchdog for 200 seconds at Wed Jul 10 15:25:49 UTC 2019
4 ms. Memory: 48128K Free: 28487K (59%)
ptolemy.util.test.WatchDog.cancel(): canceling Wed Jul 10 15:25:49 UTC 2019
auto.tcl: Setting watchdog for 200 seconds at Wed Jul 10 15:25:49 UTC 2019
2 ms. Memory: 48128K Free: 27909K (58%)
ptolemy.util.test.WatchDog.cancel(): canceling Wed Jul 10 15:25:49 UTC 2019
------------------ testing $PTII/ptolemy/domains/de/test/auto/DepthTest7.xml
auto.tcl: Setting watchdog for 200 seconds at Wed Jul 10 15:25:49 UTC 2019
2 ms. Memory: 48128K Free: 29306K (61%)
ptolemy.util.test.WatchDog.cancel(): canceling Wed Jul 10 15:25:49 UTC 2019
auto.tcl: Setting watchdog for 200 seconds at Wed Jul 10 15:25:49 UTC 2019
2 ms. Memory: 48128K Free: 28555K (59%)
ptolemy.util.test.WatchDog.cancel(): canceling Wed Jul 10 15:25:49 UTC 2019
------------------ testing $PTII/ptolemy/domains/de/test/auto/EventToDate.xml
auto.tcl: Setting watchdog for 200 seconds at Wed Jul 10 15:25:49 UTC 2019
3005 ms. Memory: 48128K Free: 19848K (41%)
ptolemy.util.test.WatchDog.cancel(): canceling Wed Jul 10 15:25:52 UTC 2019
auto.tcl: Setting watchdog for 200 seconds at Wed Jul 10 15:25:52 UTC 2019
3010 ms. Memory: 48128K Free: 18983K (39%)
ptolemy.util.test.WatchDog.cancel(): canceling Wed Jul 10 15:25:55 UTC 2019
------------------ testing $PTII/ptolemy/domains/de/test/auto/FSM1.xml
auto.tcl: Setting watchdog for 200 seconds at Wed Jul 10 15:25:55 UTC 2019
19 ms. Memory: 48128K Free: 21267K (44%)
ptolemy.util.test.WatchDog.cancel(): canceling Wed Jul 10 15:25:55 UTC 2019
auto.tcl: Setting watchdog for 200 seconds at Wed Jul 10 15:25:55 UTC 2019
34 ms. Memory: 48128K Free: 18045K (37%)
ptolemy.util.test.WatchDog.cancel(): canceling Wed Jul 10 15:25:55 UTC 2019
------------------ testing $PTII/ptolemy/domains/de/test/auto/FSM7.xml
auto.tcl: Setting watchdog for 200 seconds at Wed Jul 10 15:25:56 UTC 2019
33 ms. Memory: 48128K Free: 21005K (44%)
ptolemy.util.test.WatchDog.cancel(): canceling Wed Jul 10 15:25:56 UTC 2019
auto.tcl: Setting watchdog for 200 seconds at Wed Jul 10 15:25:56 UTC 2019
23 ms. Memory: 48128K Free: 17914K (37%)
ptolemy.util.test.WatchDog.cancel(): canceling Wed Jul 10 15:25:56 UTC 2019
------------------ testing $PTII/ptolemy/domains/de/test/auto/Inspection.xml
auto.tcl: Setting watchdog for 200 seconds at Wed Jul 10 15:25:56 UTC 2019
32 ms. Memory: 48128K Free: 21014K (44%)
ptolemy.util.test.WatchDog.cancel(): canceling Wed Jul 10 15:25:56 UTC 2019
auto.tcl: Setting watchdog for 200 seconds at Wed Jul 10 15:25:56 UTC 2019
41 ms. Memory: 48128K Free: 19263K (40%)
ptolemy.util.test.WatchDog.cancel(): canceling Wed Jul 10 15:25:56 UTC 2019
------------------ testing $PTII/ptolemy/domains/de/test/auto/Iteration.xml
auto.tcl: Setting watchdog for 200 seconds at Wed Jul 10 15:25:56 UTC 2019
8 ms. Memory: 48128K Free: 26781K (56%)
ptolemy.util.test.WatchDog.cancel(): canceling Wed Jul 10 15:25:56 UTC 2019
auto.tcl: Setting watchdog for 200 seconds at Wed Jul 10 15:25:56 UTC 2019
7 ms. Memory: 48128K Free: 25668K (53%)
ptolemy.util.test.WatchDog.cancel(): canceling Wed Jul 10 15:25:56 UTC 2019
------------------ testing $PTII/ptolemy/domains/de/test/auto/LineFault.xml
auto.tcl: Setting watchdog for 200 seconds at Wed Jul 10 15:25:56 UTC 2019
649 ms. Memory: 62464K Free: 23225K (37%)
ptolemy.util.test.WatchDog.cancel(): canceling Wed Jul 10 15:25:57 UTC 2019
auto.tcl: Setting watchdog for 200 seconds at Wed Jul 10 15:25:57 UTC 2019
650 ms. Memory: 62464K Free: 23760K (38%)
ptolemy.util.test.WatchDog.cancel(): canceling Wed Jul 10 15:25:57 UTC 2019
------------------ testing $PTII/ptolemy/domains/de/test/auto/MergeModel1Add.xml
auto.tcl: Setting watchdog for 200 seconds at Wed Jul 10 15:25:58 UTC 2019
29 ms. Memory: 55296K Free: 20279K (37%)
ptolemy.util.test.WatchDog.cancel(): canceling Wed Jul 10 15:25:58 UTC 2019
auto.tcl: Setting watchdog for 200 seconds at Wed Jul 10 15:25:58 UTC 2019
16 ms. Memory: 55296K Free: 18596K (34%)
ptolemy.util.test.WatchDog.cancel(): canceling Wed Jul 10 15:25:58 UTC 2019
------------------ testing $PTII/ptolemy/domains/de/test/auto/MergeModel2Add.xml
auto.tcl: Setting watchdog for 200 seconds at Wed Jul 10 15:25:58 UTC 2019
13 ms. Memory: 51200K Free: 18054K (35%)
ptolemy.util.test.WatchDog.cancel(): canceling Wed Jul 10 15:25:58 UTC 2019
auto.tcl: Setting watchdog for 200 seconds at Wed Jul 10 15:25:58 UTC 2019
7 ms. Memory: 51200K Free: 16372K (32%)
ptolemy.util.test.WatchDog.cancel(): canceling Wed Jul 10 15:25:58 UTC 2019
------------------ testing $PTII/ptolemy/domains/de/test/auto/MergeModel3Add.xml
auto.tcl: Setting watchdog for 200 seconds at Wed Jul 10 15:25:58 UTC 2019
8 ms. Memory: 51200K Free: 18063K (35%)
ptolemy.util.test.WatchDog.cancel(): canceling Wed Jul 10 15:25:58 UTC 2019
auto.tcl: Setting watchdog for 200 seconds at Wed Jul 10 15:25:58 UTC 2019
8 ms. Memory: 51200K Free: 16378K (32%)
ptolemy.util.test.WatchDog.cancel(): canceling Wed Jul 10 15:25:58 UTC 2019
------------------ testing $PTII/ptolemy/domains/de/test/auto/MergeWithoutDiscard.xml
auto.tcl: Setting watchdog for 200 seconds at Wed Jul 10 15:25:58 UTC 2019
4 ms. Memory: 51200K Free: 32666K (64%)
ptolemy.util.test.WatchDog.cancel(): canceling Wed Jul 10 15:25:58 UTC 2019
auto.tcl: Setting watchdog for 200 seconds at Wed Jul 10 15:25:58 UTC 2019
1 ms. Memory: 51200K Free: 32203K (63%)
ptolemy.util.test.WatchDog.cancel(): canceling Wed Jul 10 15:25:58 UTC 2019
------------------ testing $PTII/ptolemy/domains/de/test/auto/Modal1.xml
auto.tcl: Setting watchdog for 200 seconds at Wed Jul 10 15:25:58 UTC 2019
18 ms. Memory: 48128K Free: 20704K (43%)
ptolemy.util.test.WatchDog.cancel(): canceling Wed Jul 10 15:25:58 UTC 2019
auto.tcl: Setting watchdog for 200 seconds at Wed Jul 10 15:25:58 UTC 2019
18 ms. Memory: 48128K Free: 17754K (37%)
ptolemy.util.test.WatchDog.cancel(): canceling Wed Jul 10 15:25:58 UTC 2019
------------------ testing $PTII/ptolemy/domains/de/test/auto/Modal2.xml
auto.tcl: Setting watchdog for 200 seconds at Wed Jul 10 15:25:58 UTC 2019
11 ms. Memory: 48128K Free: 21351K (44%)
ptolemy.util.test.WatchDog.cancel(): canceling Wed Jul 10 15:25:58 UTC 2019
auto.tcl: Setting watchdog for 200 seconds at Wed Jul 10 15:25:58 UTC 2019
14 ms. Memory: 48128K Free: 18096K (38%)
ptolemy.util.test.WatchDog.cancel(): canceling Wed Jul 10 15:25:58 UTC 2019
------------------ testing $PTII/ptolemy/domains/de/test/auto/Modal3.xml
auto.tcl: Setting watchdog for 200 seconds at Wed Jul 10 15:25:58 UTC 2019
10 ms. Memory: 48128K Free: 21060K (44%)
ptolemy.util.test.WatchDog.cancel(): canceling Wed Jul 10 15:25:58 UTC 2019
auto.tcl: Setting watchdog for 200 seconds at Wed Jul 10 15:25:58 UTC 2019
11 ms. Memory: 48128K Free: 18102K (38%)
ptolemy.util.test.WatchDog.cancel(): canceling Wed Jul 10 15:25:58 UTC 2019
------------------ testing $PTII/ptolemy/domains/de/test/auto/Modal4.xml
auto.tcl: Setting watchdog for 200 seconds at Wed Jul 10 15:25:58 UTC 2019
22 ms. Memory: 48128K Free: 20309K (42%)
ptolemy.util.test.WatchDog.cancel(): canceling Wed Jul 10 15:25:58 UTC 2019
auto.tcl: Setting watchdog for 200 seconds at Wed Jul 10 15:25:58 UTC 2019
18 ms. Memory: 48128K Free: 16464K (34%)
ptolemy.util.test.WatchDog.cancel(): canceling Wed Jul 10 15:25:58 UTC 2019
------------------ testing $PTII/ptolemy/domains/de/test/auto/Modal5.xml
auto.tcl: Setting watchdog for 200 seconds at Wed Jul 10 15:25:58 UTC 2019
13 ms. Memory: 48128K Free: 20279K (42%)
ptolemy.util.test.WatchDog.cancel(): canceling Wed Jul 10 15:25:58 UTC 2019
auto.tcl: Setting watchdog for 200 seconds at Wed Jul 10 15:25:58 UTC 2019
12 ms. Memory: 48128K Free: 16450K (34%)
ptolemy.util.test.WatchDog.cancel(): canceling Wed Jul 10 15:25:59 UTC 2019
------------------ testing $PTII/ptolemy/domains/de/test/auto/Modal6.xml
auto.tcl: Setting watchdog for 200 seconds at Wed Jul 10 15:25:59 UTC 2019
11 ms. Memory: 48128K Free: 21087K (44%)
ptolemy.util.test.WatchDog.cancel(): canceling Wed Jul 10 15:25:59 UTC 2019
auto.tcl: Setting watchdog for 200 seconds at Wed Jul 10 15:25:59 UTC 2019
13 ms. Memory: 48128K Free: 17472K (36%)
ptolemy.util.test.WatchDog.cancel(): canceling Wed Jul 10 15:25:59 UTC 2019
------------------ testing $PTII/ptolemy/domains/de/test/auto/Modal7.xml
auto.tcl: Setting watchdog for 200 seconds at Wed Jul 10 15:25:59 UTC 2019
15 ms. Memory: 48128K Free: 20051K (42%)
ptolemy.util.test.WatchDog.cancel(): canceling Wed Jul 10 15:25:59 UTC 2019
auto.tcl: Setting watchdog for 200 seconds at Wed Jul 10 15:25:59 UTC 2019
11 ms. Memory: 48128K Free: 16450K (34%)
ptolemy.util.test.WatchDog.cancel(): canceling Wed Jul 10 15:25:59 UTC 2019
------------------ testing $PTII/ptolemy/domains/de/test/auto/ModalModel.xml
auto.tcl: Setting watchdog for 200 seconds at Wed Jul 10 15:25:59 UTC 2019
180 ms. Memory: 48128K Free: 11083K (23%)
ptolemy.util.test.WatchDog.cancel(): canceling Wed Jul 10 15:25:59 UTC 2019
auto.tcl: Setting watchdog for 200 seconds at Wed Jul 10 15:25:59 UTC 2019
182 ms. Memory: 58368K Free: 15126K (26%)
ptolemy.util.test.WatchDog.cancel(): canceling Wed Jul 10 15:25:59 UTC 2019
------------------ testing $PTII/ptolemy/domains/de/test/auto/ModalSource.xml
auto.tcl: Setting watchdog for 200 seconds at Wed Jul 10 15:25:59 UTC 2019
6 ms. Memory: 55296K Free: 32288K (58%)
ptolemy.util.test.WatchDog.cancel(): canceling Wed Jul 10 15:25:59 UTC 2019
auto.tcl: Setting watchdog for 200 seconds at Wed Jul 10 15:25:59 UTC 2019
6 ms. Memory: 55296K Free: 30240K (55%)
ptolemy.util.test.WatchDog.cancel(): canceling Wed Jul 10 15:25:59 UTC 2019
------------------ testing $PTII/ptolemy/domains/de/test/auto/NonInterruptibleTimerZeroDelay.xml
auto.tcl: Setting watchdog for 200 seconds at Wed Jul 10 15:25:59 UTC 2019
3 ms. Memory: 48128K Free: 30325K (63%)
ptolemy.util.test.WatchDog.cancel(): canceling Wed Jul 10 15:25:59 UTC 2019
auto.tcl: Setting watchdog for 200 seconds at Wed Jul 10 15:25:59 UTC 2019
2 ms. Memory: 48128K Free: 29432K (61%)
ptolemy.util.test.WatchDog.cancel(): canceling Wed Jul 10 15:25:59 UTC 2019
------------------ testing $PTII/ptolemy/domains/de/test/auto/OpenQueueingNetwork.xml
auto.tcl: Setting watchdog for 200 seconds at Wed Jul 10 15:25:59 UTC 2019
2973 ms. Memory: 94208K Free: 68640K (73%)
ptolemy.util.test.WatchDog.cancel(): canceling Wed Jul 10 15:26:03 UTC 2019
auto.tcl: Setting watchdog for 200 seconds at Wed Jul 10 15:26:03 UTC 2019
2428 ms. Memory: 137216K Free: 115695K (84%)
ptolemy.util.test.WatchDog.cancel(): canceling Wed Jul 10 15:26:05 UTC 2019
------------------ testing $PTII/ptolemy/domains/de/test/auto/OpenQueuingNetwork.xml
auto.tcl: Setting watchdog for 200 seconds at Wed Jul 10 15:26:05 UTC 2019
282 ms. Memory: 55296K Free: 24764K (45%)
ptolemy.util.test.WatchDog.cancel(): canceling Wed Jul 10 15:26:05 UTC 2019
auto.tcl: Setting watchdog for 200 seconds at Wed Jul 10 15:26:05 UTC 2019
253 ms. Memory: 66560K Free: 45520K (68%)
ptolemy.util.test.WatchDog.cancel(): canceling Wed Jul 10 15:26:06 UTC 2019
------------------ testing $PTII/ptolemy/domains/de/test/auto/PeriodicSampler.xml
auto.tcl: Setting watchdog for 200 seconds at Wed Jul 10 15:26:06 UTC 2019
2 ms. Memory: 51200K Free: 32322K (63%)
ptolemy.util.test.WatchDog.cancel(): canceling Wed Jul 10 15:26:06 UTC 2019
auto.tcl: Setting watchdog for 200 seconds at Wed Jul 10 15:26:06 UTC 2019
2 ms. Memory: 51200K Free: 31818K (62%)
ptolemy.util.test.WatchDog.cancel(): canceling Wed Jul 10 15:26:06 UTC 2019
------------------ testing $PTII/ptolemy/domains/de/test/auto/PersistentIO.xml
auto.tcl: Setting watchdog for 200 seconds at Wed Jul 10 15:26:06 UTC 2019
6 ms. Memory: 51200K Free: 27247K (53%)
ptolemy.util.test.WatchDog.cancel(): canceling Wed Jul 10 15:26:06 UTC 2019
auto.tcl: Setting watchdog for 200 seconds at Wed Jul 10 15:26:06 UTC 2019
5 ms. Memory: 51200K Free: 25727K (50%)
ptolemy.util.test.WatchDog.cancel(): canceling Wed Jul 10 15:26:06 UTC 2019
------------------ testing $PTII/ptolemy/domains/de/test/auto/PortParameterResetOnInitialize.xml
auto.tcl: Setting watchdog for 200 seconds at Wed Jul 10 15:26:06 UTC 2019
2 ms. Memory: 51200K Free: 32212K (63%)
ptolemy.util.test.WatchDog.cancel(): canceling Wed Jul 10 15:26:06 UTC 2019
auto.tcl: Setting watchdog for 200 seconds at Wed Jul 10 15:26:06 UTC 2019
2 ms. Memory: 51200K Free: 31734K (62%)
ptolemy.util.test.WatchDog.cancel(): canceling Wed Jul 10 15:26:06 UTC 2019
------------------ testing $PTII/ptolemy/domains/de/test/auto/PortParameterUpdates.xml
auto.tcl: Setting watchdog for 200 seconds at Wed Jul 10 15:26:06 UTC 2019
7 ms. Memory: 51200K Free: 30315K (59%)
ptolemy.util.test.WatchDog.cancel(): canceling Wed Jul 10 15:26:06 UTC 2019
auto.tcl: Setting watchdog for 200 seconds at Wed Jul 10 15:26:06 UTC 2019
5 ms. Memory: 51200K Free: 29309K (57%)
ptolemy.util.test.WatchDog.cancel(): canceling Wed Jul 10 15:26:06 UTC 2019
------------------ testing $PTII/ptolemy/domains/de/test/auto/QueueAndServer.xml
auto.tcl: Setting watchdog for 200 seconds at Wed Jul 10 15:26:06 UTC 2019
7 ms. Memory: 51200K Free: 29206K (57%)
ptolemy.util.test.WatchDog.cancel(): canceling Wed Jul 10 15:26:06 UTC 2019
auto.tcl: Setting watchdog for 200 seconds at Wed Jul 10 15:26:06 UTC 2019
7 ms. Memory: 51200K Free: 27745K (54%)
ptolemy.util.test.WatchDog.cancel(): canceling Wed Jul 10 15:26:06 UTC 2019
------------------ testing $PTII/ptolemy/domains/de/test/auto/Records.xml
auto.tcl: Setting watchdog for 200 seconds at Wed Jul 10 15:26:06 UTC 2019
6 ms. Memory: 51200K Free: 31485K (61%)
ptolemy.util.test.WatchDog.cancel(): canceling Wed Jul 10 15:26:06 UTC 2019
auto.tcl: Setting watchdog for 200 seconds at Wed Jul 10 15:26:06 UTC 2019
3 ms. Memory: 51200K Free: 30991K (61%)
ptolemy.util.test.WatchDog.cancel(): canceling Wed Jul 10 15:26:06 UTC 2019
------------------ testing $PTII/ptolemy/domains/de/test/auto/ResetTransitionWithStartTime1.xml
auto.tcl: Setting watchdog for 200 seconds at Wed Jul 10 15:26:06 UTC 2019
12 ms. Memory: 48128K Free: 25657K (53%)
ptolemy.util.test.WatchDog.cancel(): canceling Wed Jul 10 15:26:06 UTC 2019
auto.tcl: Setting watchdog for 200 seconds at Wed Jul 10 15:26:06 UTC 2019
7 ms. Memory: 48128K Free: 23117K (48%)
ptolemy.util.test.WatchDog.cancel(): canceling Wed Jul 10 15:26:06 UTC 2019
------------------ testing $PTII/ptolemy/domains/de/test/auto/ResetTransitionWithStartTime2.xml
auto.tcl: Setting watchdog for 200 seconds at Wed Jul 10 15:26:06 UTC 2019
7 ms. Memory: 48128K Free: 25613K (53%)
ptolemy.util.test.WatchDog.cancel(): canceling Wed Jul 10 15:26:06 UTC 2019
auto.tcl: Setting watchdog for 200 seconds at Wed Jul 10 15:26:06 UTC 2019
9 ms. Memory: 48128K Free: 23057K (48%)
ptolemy.util.test.WatchDog.cancel(): canceling Wed Jul 10 15:26:06 UTC 2019
------------------ testing $PTII/ptolemy/domains/de/test/auto/ResetTransitionWithStartTime3.xml
auto.tcl: Setting watchdog for 200 seconds at Wed Jul 10 15:26:06 UTC 2019
5 ms. Memory: 48128K Free: 25612K (53%)
ptolemy.util.test.WatchDog.cancel(): canceling Wed Jul 10 15:26:06 UTC 2019
auto.tcl: Setting watchdog for 200 seconds at Wed Jul 10 15:26:06 UTC 2019
6 ms. Memory: 48128K Free: 23103K (48%)
ptolemy.util.test.WatchDog.cancel(): canceling Wed Jul 10 15:26:06 UTC 2019
------------------ testing $PTII/ptolemy/domains/de/test/auto/ResetTransitionWithStartTime4.xml
auto.tcl: Setting watchdog for 200 seconds at Wed Jul 10 15:26:07 UTC 2019
7 ms. Memory: 48128K Free: 26047K (54%)
ptolemy.util.test.WatchDog.cancel(): canceling Wed Jul 10 15:26:07 UTC 2019
auto.tcl: Setting watchdog for 200 seconds at Wed Jul 10 15:26:07 UTC 2019
4 ms. Memory: 48128K Free: 24634K (51%)
ptolemy.util.test.WatchDog.cancel(): canceling Wed Jul 10 15:26:07 UTC 2019
------------------ testing $PTII/ptolemy/domains/de/test/auto/ResettableTimer1.xml
auto.tcl: Setting watchdog for 200 seconds at Wed Jul 10 15:26:07 UTC 2019
2 ms. Memory: 48128K Free: 29841K (62%)
ptolemy.util.test.WatchDog.cancel(): canceling Wed Jul 10 15:26:07 UTC 2019
auto.tcl: Setting watchdog for 200 seconds at Wed Jul 10 15:26:07 UTC 2019
3 ms. Memory: 48128K Free: 28747K (60%)
ptolemy.util.test.WatchDog.cancel(): canceling Wed Jul 10 15:26:07 UTC 2019
------------------ testing $PTII/ptolemy/domains/de/test/auto/ResettableTimer2.xml
auto.tcl: Setting watchdog for 200 seconds at Wed Jul 10 15:26:07 UTC 2019
2 ms. Memory: 48128K Free: 29875K (62%)
ptolemy.util.test.WatchDog.cancel(): canceling Wed Jul 10 15:26:07 UTC 2019
auto.tcl: Setting watchdog for 200 seconds at Wed Jul 10 15:26:07 UTC 2019
2 ms. Memory: 48128K Free: 28790K (60%)
ptolemy.util.test.WatchDog.cancel(): canceling Wed Jul 10 15:26:07 UTC 2019
------------------ testing $PTII/ptolemy/domains/de/test/auto/ResettableTimer3.xml
auto.tcl: Setting watchdog for 200 seconds at Wed Jul 10 15:26:07 UTC 2019
1 ms. Memory: 48128K Free: 30254K (63%)
ptolemy.util.test.WatchDog.cancel(): canceling Wed Jul 10 15:26:07 UTC 2019
auto.tcl: Setting watchdog for 200 seconds at Wed Jul 10 15:26:07 UTC 2019
2 ms. Memory: 48128K Free: 29795K (62%)
ptolemy.util.test.WatchDog.cancel(): canceling Wed Jul 10 15:26:07 UTC 2019
------------------ testing $PTII/ptolemy/domains/de/test/auto/ResettableTimer4.xml
auto.tcl: Setting watchdog for 200 seconds at Wed Jul 10 15:26:07 UTC 2019
1 ms. Memory: 48128K Free: 29758K (62%)
ptolemy.util.test.WatchDog.cancel(): canceling Wed Jul 10 15:26:07 UTC 2019
auto.tcl: Setting watchdog for 200 seconds at Wed Jul 10 15:26:07 UTC 2019
2 ms. Memory: 48128K Free: 29756K (62%)
ptolemy.util.test.WatchDog.cancel(): canceling Wed Jul 10 15:26:07 UTC 2019
------------------ testing $PTII/ptolemy/domains/de/test/auto/ResettableTimer5.xml
auto.tcl: Setting watchdog for 200 seconds at Wed Jul 10 15:26:07 UTC 2019
2 ms. Memory: 48128K Free: 29212K (61%)
ptolemy.util.test.WatchDog.cancel(): canceling Wed Jul 10 15:26:07 UTC 2019
auto.tcl: Setting watchdog for 200 seconds at Wed Jul 10 15:26:07 UTC 2019
2 ms. Memory: 48128K Free: 28735K (60%)
ptolemy.util.test.WatchDog.cancel(): canceling Wed Jul 10 15:26:07 UTC 2019
------------------ testing $PTII/ptolemy/domains/de/test/auto/ResettableTimer6.xml
auto.tcl: Setting watchdog for 200 seconds at Wed Jul 10 15:26:07 UTC 2019
2 ms. Memory: 48128K Free: 29218K (61%)
ptolemy.util.test.WatchDog.cancel(): canceling Wed Jul 10 15:26:07 UTC 2019
auto.tcl: Setting watchdog for 200 seconds at Wed Jul 10 15:26:07 UTC 2019
1 ms. Memory: 48128K Free: 28744K (60%)
ptolemy.util.test.WatchDog.cancel(): canceling Wed Jul 10 15:26:07 UTC 2019
------------------ testing $PTII/ptolemy/domains/de/test/auto/ServerZeroDelay.xml
auto.tcl: Setting watchdog for 200 seconds at Wed Jul 10 15:26:07 UTC 2019
4 ms. Memory: 48128K Free: 29834K (62%)
ptolemy.util.test.WatchDog.cancel(): canceling Wed Jul 10 15:26:07 UTC 2019
auto.tcl: Setting watchdog for 200 seconds at Wed Jul 10 15:26:07 UTC 2019
5 ms. Memory: 48128K Free: 28713K (60%)
ptolemy.util.test.WatchDog.cancel(): canceling Wed Jul 10 15:26:07 UTC 2019
------------------ testing $PTII/ptolemy/domains/de/test/auto/SmartSender.xml
auto.tcl: Setting watchdog for 200 seconds at Wed Jul 10 15:26:07 UTC 2019
3001 ms. Memory: 48128K Free: 29731K (62%)
ptolemy.util.test.WatchDog.cancel(): canceling Wed Jul 10 15:26:10 UTC 2019
auto.tcl: Setting watchdog for 200 seconds at Wed Jul 10 15:26:10 UTC 2019
3001 ms. Memory: 48128K Free: 29253K (61%)
ptolemy.util.test.WatchDog.cancel(): canceling Wed Jul 10 15:26:13 UTC 2019
------------------ testing $PTII/ptolemy/domains/de/test/auto/ThreadedComposite.xml
auto.tcl: Setting watchdog for 200 seconds at Wed Jul 10 15:26:13 UTC 2019
190 ms. Memory: 48128K Free: 10290K (21%)
ptolemy.util.test.WatchDog.cancel(): canceling Wed Jul 10 15:26:14 UTC 2019
auto.tcl: Setting watchdog for 200 seconds at Wed Jul 10 15:26:14 UTC 2019
128 ms. Memory: 48128K Free: 23343K (49%)
ptolemy.util.test.WatchDog.cancel(): canceling Wed Jul 10 15:26:14 UTC 2019
------------------ testing $PTII/ptolemy/domains/de/test/auto/Time.xml
auto.tcl: Setting watchdog for 200 seconds at Wed Jul 10 15:26:14 UTC 2019
557 ms. Memory: 48128K Free: 28914K (60%)
ptolemy.util.test.WatchDog.cancel(): canceling Wed Jul 10 15:26:14 UTC 2019
auto.tcl: Setting watchdog for 200 seconds at Wed Jul 10 15:26:14 UTC 2019
531 ms. Memory: 48128K Free: 27271K (57%)
ptolemy.util.test.WatchDog.cancel(): canceling Wed Jul 10 15:26:15 UTC 2019
------------------ testing $PTII/ptolemy/domains/de/test/auto/TimeDelayZeroDelay.xml
auto.tcl: Setting watchdog for 200 seconds at Wed Jul 10 15:26:15 UTC 2019
2 ms. Memory: 48128K Free: 30156K (63%)
ptolemy.util.test.WatchDog.cancel(): canceling Wed Jul 10 15:26:15 UTC 2019
auto.tcl: Setting watchdog for 200 seconds at Wed Jul 10 15:26:15 UTC 2019
2 ms. Memory: 48128K Free: 29254K (61%)
ptolemy.util.test.WatchDog.cancel(): canceling Wed Jul 10 15:26:15 UTC 2019
------------------ testing $PTII/ptolemy/domains/de/test/auto/TimerZeroDelay.xml
auto.tcl: Setting watchdog for 200 seconds at Wed Jul 10 15:26:15 UTC 2019
2 ms. Memory: 48128K Free: 30183K (63%)
ptolemy.util.test.WatchDog.cancel(): canceling Wed Jul 10 15:26:15 UTC 2019
auto.tcl: Setting watchdog for 200 seconds at Wed Jul 10 15:26:15 UTC 2019
2 ms. Memory: 48128K Free: 29703K (62%)
ptolemy.util.test.WatchDog.cancel(): canceling Wed Jul 10 15:26:15 UTC 2019
------------------ testing $PTII/ptolemy/domains/de/test/auto/TimingParadox.xml
auto.tcl: Setting watchdog for 200 seconds at Wed Jul 10 15:26:15 UTC 2019
378 ms. Memory: 48128K Free: 11374K (24%)
ptolemy.util.test.WatchDog.cancel(): canceling Wed Jul 10 15:26:16 UTC 2019
auto.tcl: Setting watchdog for 200 seconds at Wed Jul 10 15:26:16 UTC 2019
378 ms. Memory: 58368K Free: 31123K (53%)
ptolemy.util.test.WatchDog.cancel(): canceling Wed Jul 10 15:26:16 UTC 2019
------------------ testing $PTII/ptolemy/domains/de/test/auto/TransferInputs.xml
auto.tcl: Setting watchdog for 200 seconds at Wed Jul 10 15:26:16 UTC 2019
2 ms. Memory: 55296K Free: 35339K (64%)
ptolemy.util.test.WatchDog.cancel(): canceling Wed Jul 10 15:26:16 UTC 2019
auto.tcl: Setting watchdog for 200 seconds at Wed Jul 10 15:26:16 UTC 2019
2 ms. Memory: 55296K Free: 34455K (62%)
ptolemy.util.test.WatchDog.cancel(): canceling Wed Jul 10 15:26:16 UTC 2019
------------------ testing $PTII/ptolemy/domains/de/test/auto/TransferOutputs2.xml
auto.tcl: Setting watchdog for 200 seconds at Wed Jul 10 15:26:16 UTC 2019
3 ms. Memory: 51200K Free: 28686K (56%)
ptolemy.util.test.WatchDog.cancel(): canceling Wed Jul 10 15:26:16 UTC 2019
auto.tcl: Setting watchdog for 200 seconds at Wed Jul 10 15:26:16 UTC 2019
2 ms. Memory: 51200K Free: 27265K (53%)
ptolemy.util.test.WatchDog.cancel(): canceling Wed Jul 10 15:26:16 UTC 2019
------------------ testing $PTII/ptolemy/domains/de/test/auto/Trilateration.xml
auto.tcl: Setting watchdog for 200 seconds at Wed Jul 10 15:26:16 UTC 2019
16458 ms. Memory: 497664K Free: 365585K (73%)
ptolemy.util.test.WatchDog.cancel(): canceling Wed Jul 10 15:26:34 UTC 2019
auto.tcl: Setting watchdog for 200 seconds at Wed Jul 10 15:26:34 UTC 2019
11847 ms. Memory: 598016K Free: 223514K (37%)
ptolemy.util.test.WatchDog.cancel(): canceling Wed Jul 10 15:26:46 UTC 2019
------------------ testing $PTII/ptolemy/domains/de/test/auto/TwoSigmaDelta.xml
auto.tcl: Setting watchdog for 200 seconds at Wed Jul 10 15:26:46 UTC 2019
2824 ms. Memory: 89088K Free: 17647K (20%)
ptolemy.util.test.WatchDog.cancel(): canceling Wed Jul 10 15:26:49 UTC 2019
auto.tcl: Setting watchdog for 200 seconds at Wed Jul 10 15:26:49 UTC 2019
2172 ms. Memory: 89088K Free: 59608K (67%)
ptolemy.util.test.WatchDog.cancel(): canceling Wed Jul 10 15:26:51 UTC 2019
------------------ testing $PTII/ptolemy/domains/de/test/auto/VariableDelay.xml
auto.tcl: Setting watchdog for 200 seconds at Wed Jul 10 15:26:51 UTC 2019
3 ms. Memory: 51200K Free: 31725K (62%)
ptolemy.util.test.WatchDog.cancel(): canceling Wed Jul 10 15:26:51 UTC 2019
auto.tcl: Setting watchdog for 200 seconds at Wed Jul 10 15:26:51 UTC 2019
3 ms. Memory: 51200K Free: 30717K (60%)
ptolemy.util.test.WatchDog.cancel(): canceling Wed Jul 10 15:26:51 UTC 2019
------------------ testing $PTII/ptolemy/domains/de/test/auto/VariableDelay2.xml
auto.tcl: Setting watchdog for 200 seconds at Wed Jul 10 15:26:51 UTC 2019
2 ms. Memory: 51200K Free: 32124K (63%)
ptolemy.util.test.WatchDog.cancel(): canceling Wed Jul 10 15:26:51 UTC 2019
auto.tcl: Setting watchdog for 200 seconds at Wed Jul 10 15:26:51 UTC 2019
2 ms. Memory: 51200K Free: 31642K (62%)
ptolemy.util.test.WatchDog.cancel(): canceling Wed Jul 10 15:26:51 UTC 2019
------------------ testing $PTII/ptolemy/domains/de/test/auto/VariableDelayZeroDelay.xml
auto.tcl: Setting watchdog for 200 seconds at Wed Jul 10 15:26:51 UTC 2019
2 ms. Memory: 51200K Free: 32667K (64%)
ptolemy.util.test.WatchDog.cancel(): canceling Wed Jul 10 15:26:51 UTC 2019
auto.tcl: Setting watchdog for 200 seconds at Wed Jul 10 15:26:51 UTC 2019
2 ms. Memory: 51200K Free: 32139K (63%)
ptolemy.util.test.WatchDog.cancel(): canceling Wed Jul 10 15:26:51 UTC 2019
------------------ testing $PTII/ptolemy/domains/de/test/auto/VariableDelayZeroDelay2.xml
auto.tcl: Setting watchdog for 200 seconds at Wed Jul 10 15:26:51 UTC 2019
2 ms. Memory: 51200K Free: 32666K (64%)
ptolemy.util.test.WatchDog.cancel(): canceling Wed Jul 10 15:26:51 UTC 2019
auto.tcl: Setting watchdog for 200 seconds at Wed Jul 10 15:26:51 UTC 2019
2 ms. Memory: 51200K Free: 31642K (62%)
ptolemy.util.test.WatchDog.cancel(): canceling Wed Jul 10 15:26:51 UTC 2019
------------------ testing $PTII/ptolemy/domains/de/test/auto/deInCt.xml
auto.tcl: Setting watchdog for 200 seconds at Wed Jul 10 15:26:51 UTC 2019
0
1
1
1
0
0
0
1
1
1
0
0
0
1
1
1
0
0
0
1
1
1
1
1
0
0
0
1
1
1
1
0
0
0
1
1
1
1
0
0
0
1
1
1
0
0
0
0
20 ms. Memory: 51200K Free: 31638K (62%)
ptolemy.util.test.WatchDog.cancel(): canceling Wed Jul 10 15:26:51 UTC 2019
auto.tcl: Setting watchdog for 200 seconds at Wed Jul 10 15:26:51 UTC 2019
0
1
1
1
1
1
1
0
0
0
1
1
1
0
0
0
0
0
0
0
1
1
1
1
8 ms. Memory: 51200K Free: 30086K (59%)
ptolemy.util.test.WatchDog.cancel(): canceling Wed Jul 10 15:26:51 UTC 2019
------------------ testing $PTII/ptolemy/domains/de/test/auto/deInCt2.xml
auto.tcl: Setting watchdog for 200 seconds at Wed Jul 10 15:26:51 UTC 2019
0
1
1
1
0
0
1
1
1
0
0
1
1
1
0
0
1
1
1
0
0
1
1
1
0
0
1
1
1
0
0
1
1
1
0
0
1
1
1
0
0
0
12 ms. Memory: 51200K Free: 31641K (62%)
ptolemy.util.test.WatchDog.cancel(): canceling Wed Jul 10 15:26:51 UTC 2019
auto.tcl: Setting watchdog for 200 seconds at Wed Jul 10 15:26:51 UTC 2019
0
1
1
1
0
0
1
1
1
0
0
1
1
1
0
0
1
1
1
0
0
1
1
1
0
0
1
1
1
0
0
1
1
1
0
0
1
1
1
0
0
0
10 ms. Memory: 51200K Free: 30103K (59%)
ptolemy.util.test.WatchDog.cancel(): canceling Wed Jul 10 15:26:51 UTC 2019
------------------ testing $PTII/ptolemy/domains/de/test/auto/dynamicCausalityInterface1.xml
auto.tcl: Setting watchdog for 200 seconds at Wed Jul 10 15:26:51 UTC 2019
1 ms. Memory: 51200K Free: 27539K (54%)
ptolemy.util.test.WatchDog.cancel(): canceling Wed Jul 10 15:26:51 UTC 2019
auto.tcl: Setting watchdog for 200 seconds at Wed Jul 10 15:26:51 UTC 2019
1 ms. Memory: 51200K Free: 27025K (53%)
ptolemy.util.test.WatchDog.cancel(): canceling Wed Jul 10 15:26:51 UTC 2019
------------------ testing $PTII/ptolemy/domains/de/test/auto/fsm_de_test.xml
auto.tcl: Setting watchdog for 200 seconds at Wed Jul 10 15:26:51 UTC 2019
11 ms. Memory: 51200K Free: 27437K (54%)
ptolemy.util.test.WatchDog.cancel(): canceling Wed Jul 10 15:26:51 UTC 2019
auto.tcl: Setting watchdog for 200 seconds at Wed Jul 10 15:26:51 UTC 2019
5 ms. Memory: 51200K Free: 25389K (50%)
ptolemy.util.test.WatchDog.cancel(): canceling Wed Jul 10 15:26:51 UTC 2019
------------------ testing $PTII/ptolemy/domains/de/test/auto/functionDependencyReconstruction.xml
auto.tcl: Setting watchdog for 200 seconds at Wed Jul 10 15:26:52 UTC 2019
3 ms. Memory: 51200K Free: 21406K (42%)
ptolemy.util.test.WatchDog.cancel(): canceling Wed Jul 10 15:26:52 UTC 2019
auto.tcl: Setting watchdog for 200 seconds at Wed Jul 10 15:26:52 UTC 2019
2 ms. Memory: 51200K Free: 19235K (38%)
ptolemy.util.test.WatchDog.cancel(): canceling Wed Jul 10 15:26:52 UTC 2019
------------------ testing $PTII/ptolemy/domains/de/test/auto/multirate.xml
auto.tcl: Setting watchdog for 200 seconds at Wed Jul 10 15:26:52 UTC 2019
3 ms. Memory: 51200K Free: 30078K (59%)
ptolemy.util.test.WatchDog.cancel(): canceling Wed Jul 10 15:26:52 UTC 2019
auto.tcl: Setting watchdog for 200 seconds at Wed Jul 10 15:26:52 UTC 2019
3 ms. Memory: 51200K Free: 28346K (55%)
ptolemy.util.test.WatchDog.cancel(): canceling Wed Jul 10 15:26:52 UTC 2019
------------------ testing $PTII/ptolemy/domains/de/test/auto/multirate2.xml
auto.tcl: Setting watchdog for 200 seconds at Wed Jul 10 15:26:52 UTC 2019
6 ms. Memory: 51200K Free: 30034K (59%)
ptolemy.util.test.WatchDog.cancel(): canceling Wed Jul 10 15:26:52 UTC 2019
auto.tcl: Setting watchdog for 200 seconds at Wed Jul 10 15:26:52 UTC 2019
3 ms. Memory: 51200K Free: 28514K (56%)
ptolemy.util.test.WatchDog.cancel(): canceling Wed Jul 10 15:26:52 UTC 2019
------------------ testing $PTII/ptolemy/domains/de/test/auto/realtime.xml
auto.tcl: Setting watchdog for 200 seconds at Wed Jul 10 15:26:52 UTC 2019
10001 ms. Memory: 51200K Free: 32095K (63%)
ptolemy.util.test.WatchDog.cancel(): canceling Wed Jul 10 15:27:02 UTC 2019
auto.tcl: Setting watchdog for 200 seconds at Wed Jul 10 15:27:02 UTC 2019
10001 ms. Memory: 51200K Free: 31072K (61%)
ptolemy.util.test.WatchDog.cancel(): canceling Wed Jul 10 15:27:12 UTC 2019
------------------ testing $PTII/ptolemy/domains/de/test/auto/relationGroup.xml
auto.tcl: Setting watchdog for 200 seconds at Wed Jul 10 15:27:12 UTC 2019
1 ms. Memory: 51200K Free: 33391K (65%)
ptolemy.util.test.WatchDog.cancel(): canceling Wed Jul 10 15:27:12 UTC 2019
auto.tcl: Setting watchdog for 200 seconds at Wed Jul 10 15:27:12 UTC 2019
1 ms. Memory: 51200K Free: 32879K (64%)
ptolemy.util.test.WatchDog.cancel(): canceling Wed Jul 10 15:27:12 UTC 2019
------------------ testing $PTII/ptolemy/domains/de/test/auto/relationGroup2.xml
auto.tcl: Setting watchdog for 200 seconds at Wed Jul 10 15:27:12 UTC 2019
1 ms. Memory: 51200K Free: 33202K (65%)
ptolemy.util.test.WatchDog.cancel(): canceling Wed Jul 10 15:27:12 UTC 2019
auto.tcl: Setting watchdog for 200 seconds at Wed Jul 10 15:27:12 UTC 2019
1 ms. Memory: 51200K Free: 32178K (63%)
ptolemy.util.test.WatchDog.cancel(): canceling Wed Jul 10 15:27:12 UTC 2019
------------------ testing $PTII/ptolemy/domains/de/test/auto/sortWithOpaquePorts.xml
auto.tcl: Setting watchdog for 200 seconds at Wed Jul 10 15:27:12 UTC 2019
2 ms. Memory: 51200K Free: 32164K (63%)
ptolemy.util.test.WatchDog.cancel(): canceling Wed Jul 10 15:27:12 UTC 2019
auto.tcl: Setting watchdog for 200 seconds at Wed Jul 10 15:27:12 UTC 2019
2 ms. Memory: 51200K Free: 31154K (61%)
ptolemy.util.test.WatchDog.cancel(): canceling Wed Jul 10 15:27:12 UTC 2019
------------------ testing $PTII/ptolemy/domains/de/test/auto/transferInputsandOutputs.xml
auto.tcl: Setting watchdog for 200 seconds at Wed Jul 10 15:27:12 UTC 2019
2 ms. Memory: 51200K Free: 29609K (58%)
ptolemy.util.test.WatchDog.cancel(): canceling Wed Jul 10 15:27:12 UTC 2019
auto.tcl: Setting watchdog for 200 seconds at Wed Jul 10 15:27:12 UTC 2019
3 ms. Memory: 51200K Free: 28585K (56%)
ptolemy.util.test.WatchDog.cancel(): canceling Wed Jul 10 15:27:12 UTC 2019
------------------ testing $PTII/ptolemy/domains/de/test/auto/triggerType.xml
auto.tcl: Setting watchdog for 200 seconds at Wed Jul 10 15:27:12 UTC 2019
2 ms. Memory: 51200K Free: 32633K (64%)
ptolemy.util.test.WatchDog.cancel(): canceling Wed Jul 10 15:27:12 UTC 2019
auto.tcl: Setting watchdog for 200 seconds at Wed Jul 10 15:27:12 UTC 2019
2 ms. Memory: 51200K Free: 31615K (62%)
ptolemy.util.test.WatchDog.cancel(): canceling Wed Jul 10 15:27:12 UTC 2019
07/10/19 03:27:12
Failed: 0  Total Tests: 192  ((Passed: 187, Newly Passed: 1)  Known Failed: 5) /home/travis/build/icyphy/ptII/ptolemy/domains/de/test
07/10/19 03:27:12
Failed: 0  Total Tests: 192  ((Passed: 187, Newly Passed: 1)  Known Failed: 5) /home/travis/build/icyphy/ptII/ptolemy/domains/de/test
----------------- testing (KnownFailure) /home/travis/build/icyphy/ptII/ptolemy/domains/de/test/auto/knownFailedTests/DESDFClockTest.xml
2011 ms. Memory: 51200K Free: 25518K (50%)
Known Failure: java.lang.reflect.InvocationTargetException
----------------- testing (KnownFailure) /home/travis/build/icyphy/ptII/ptolemy/domains/de/test/auto/knownFailedTests/DirectFeedback.xml
2 ms. Memory: 51200K Free: 21932K (43%)
Known Failure: java.lang.reflect.InvocationTargetException
----------------- testing (KnownFailure) /home/travis/build/icyphy/ptII/ptolemy/domains/de/test/auto/knownFailedTests/FSMSource.xml
16 ms. Memory: 51200K Free: 13726K (27%)
----------------- testing (KnownFailure) /home/travis/build/icyphy/ptII/ptolemy/domains/de/test/auto/knownFailedTests/HierarchicalModel.xml
3 ms. Memory: 51200K Free: 26773K (52%)
Known Failure: java.lang.reflect.InvocationTargetException
----------------- testing (KnownFailure) /home/travis/build/icyphy/ptII/ptolemy/domains/de/test/auto/knownFailedTests/dependencyLoop.xml
1 ms. Memory: 51200K Free: 11838K (23%)
Known Failure: java.lang.reflect.InvocationTargetException
----------------- testing (KnownFailure) /home/travis/build/icyphy/ptII/ptolemy/domains/de/test/auto/knownFailedTests/dependencyLoop2.xml
7 ms. Memory: 51200K Free: 25298K (49%)
Known Failure: java.lang.reflect.InvocationTargetException
No auto/linux-amd64/*.xml tests in /home/travis/build/icyphy/ptII/ptolemy/domains/de/test
AutoTests.java: About to close Vertx.
AutoTests.java: Vertx closed.

===========================================================================================
----------------- testing Wed Jul 10 15:27:15 UTC 2019 /home/travis/build/icyphy/ptII/ptolemy/domains/de/test/auto/ActorDepthCalculation_actorWithoutPorts.xml
----------------- Instantiating /home/travis/build/icyphy/ptII/ptolemy/domains/de/test/auto/ActorDepthCalculation_actorWithoutPorts.xml
1 ms. Memory: 51200K Free: 18447K (36%)
----------------- Invoking toplevel() on ptolemy.moml.MoMLSimpleApplication@e37b159
----------------- Done invoking toplevel() on ptolemy.moml.MoMLSimpleApplication@e37b159
reloadAllAccessors: .ActorDepthCalculation_actorWithoutPorts

===========================================================================================
----------------- testing Wed Jul 10 15:27:15 UTC 2019 /home/travis/build/icyphy/ptII/ptolemy/domains/de/test/auto/AssemblyLine.xml
----------------- Instantiating /home/travis/build/icyphy/ptII/ptolemy/domains/de/test/auto/AssemblyLine.xml
3 ms. Memory: 51200K Free: 11279K (22%)
----------------- Invoking toplevel() on ptolemy.moml.MoMLSimpleApplication@22fecca0
----------------- Done invoking toplevel() on ptolemy.moml.MoMLSimpleApplication@22fecca0
reloadAllAccessors: .AssemblyLine

===========================================================================================
----------------- testing Wed Jul 10 15:27:15 UTC 2019 /home/travis/build/icyphy/ptII/ptolemy/domains/de/test/auto/CQBug1.xml
----------------- Instantiating /home/travis/build/icyphy/ptII/ptolemy/domains/de/test/auto/CQBug1.xml
1 ms. Memory: 51200K Free: 8496K (17%)
----------------- Invoking toplevel() on ptolemy.moml.MoMLSimpleApplication@75e03706
----------------- Done invoking toplevel() on ptolemy.moml.MoMLSimpleApplication@75e03706
reloadAllAccessors: .CQBug1

===========================================================================================
----------------- testing Wed Jul 10 15:27:15 UTC 2019 /home/travis/build/icyphy/ptII/ptolemy/domains/de/test/auto/CancelFireAt.xml
----------------- Instantiating /home/travis/build/icyphy/ptII/ptolemy/domains/de/test/auto/CancelFireAt.xml
2 ms. Memory: 51200K Free: 34834K (68%)
----------------- Invoking toplevel() on ptolemy.moml.MoMLSimpleApplication@1ece52e
----------------- Done invoking toplevel() on ptolemy.moml.MoMLSimpleApplication@1ece52e
reloadAllAccessors: .CancelFireAt

===========================================================================================
----------------- testing Wed Jul 10 15:27:15 UTC 2019 /home/travis/build/icyphy/ptII/ptolemy/domains/de/test/auto/CausalityAndComposabilityAnalysis.xml
----------------- Instantiating /home/travis/build/icyphy/ptII/ptolemy/domains/de/test/auto/CausalityAndComposabilityAnalysis.xml
11 ms. Memory: 51200K Free: 30727K (60%)
----------------- Invoking toplevel() on ptolemy.moml.MoMLSimpleApplication@155e24ff
----------------- Done invoking toplevel() on ptolemy.moml.MoMLSimpleApplication@155e24ff
reloadAllAccessors: .CausalityAndComposabilityAnalysis

===========================================================================================
----------------- testing Wed Jul 10 15:27:15 UTC 2019 /home/travis/build/icyphy/ptII/ptolemy/domains/de/test/auto/CausalityInterface1.xml
----------------- Instantiating /home/travis/build/icyphy/ptII/ptolemy/domains/de/test/auto/CausalityInterface1.xml
5 ms. Memory: 51200K Free: 25596K (50%)
----------------- Invoking toplevel() on ptolemy.moml.MoMLSimpleApplication@2e2b38ec
----------------- Done invoking toplevel() on ptolemy.moml.MoMLSimpleApplication@2e2b38ec
reloadAllAccessors: .CausalityInterface1

===========================================================================================
----------------- testing Wed Jul 10 15:27:15 UTC 2019 /home/travis/build/icyphy/ptII/ptolemy/domains/de/test/auto/CausalityInterface15.xml
----------------- Instantiating /home/travis/build/icyphy/ptII/ptolemy/domains/de/test/auto/CausalityInterface15.xml
3 ms. Memory: 51200K Free: 20101K (39%)
----------------- Invoking toplevel() on ptolemy.moml.MoMLSimpleApplication@18eebff9
----------------- Done invoking toplevel() on ptolemy.moml.MoMLSimpleApplication@18eebff9
reloadAllAccessors: .CausalityInterface15

===========================================================================================
----------------- testing Wed Jul 10 15:27:15 UTC 2019 /home/travis/build/icyphy/ptII/ptolemy/domains/de/test/auto/CausalityInterface2.xml
----------------- Instantiating /home/travis/build/icyphy/ptII/ptolemy/domains/de/test/auto/CausalityInterface2.xml
2 ms. Memory: 51200K Free: 15626K (31%)
----------------- Invoking toplevel() on ptolemy.moml.MoMLSimpleApplication@3c43abd8
----------------- Done invoking toplevel() on ptolemy.moml.MoMLSimpleApplication@3c43abd8
reloadAllAccessors: .CausalityInterface2

===========================================================================================
----------------- testing Wed Jul 10 15:27:15 UTC 2019 /home/travis/build/icyphy/ptII/ptolemy/domains/de/test/auto/CausalityInterface3.xml
----------------- Instantiating /home/travis/build/icyphy/ptII/ptolemy/domains/de/test/auto/CausalityInterface3.xml
1 ms. Memory: 51200K Free: 10833K (21%)
----------------- Invoking toplevel() on ptolemy.moml.MoMLSimpleApplication@724a3c60
----------------- Done invoking toplevel() on ptolemy.moml.MoMLSimpleApplication@724a3c60
reloadAllAccessors: .CausalityInterface3

===========================================================================================
----------------- testing Wed Jul 10 15:27:15 UTC 2019 /home/travis/build/icyphy/ptII/ptolemy/domains/de/test/auto/ClockDrift.xml
----------------- Instantiating /home/travis/build/icyphy/ptII/ptolemy/domains/de/test/auto/ClockDrift.xml
16 ms. Memory: 51200K Free: 27358K (53%)
----------------- Invoking toplevel() on ptolemy.moml.MoMLSimpleApplication@5a4554c3
----------------- Done invoking toplevel() on ptolemy.moml.MoMLSimpleApplication@5a4554c3
reloadAllAccessors: .ClockDrift

===========================================================================================
----------------- testing Wed Jul 10 15:27:15 UTC 2019 /home/travis/build/icyphy/ptII/ptolemy/domains/de/test/auto/ClockDriftAndValueChange.xml
----------------- Instantiating /home/travis/build/icyphy/ptII/ptolemy/domains/de/test/auto/ClockDriftAndValueChange.xml
12 ms. Memory: 51200K Free: 15644K (31%)
----------------- Invoking toplevel() on ptolemy.moml.MoMLSimpleApplication@8530f3c
----------------- Done invoking toplevel() on ptolemy.moml.MoMLSimpleApplication@8530f3c
reloadAllAccessors: .ClockDriftAndValueChange

===========================================================================================
----------------- testing Wed Jul 10 15:27:15 UTC 2019 /home/travis/build/icyphy/ptII/ptolemy/domains/de/test/auto/ClockDriftChange.xml
----------------- Instantiating /home/travis/build/icyphy/ptII/ptolemy/domains/de/test/auto/ClockDriftChange.xml
16 ms. Memory: 51200K Free: 34514K (67%)
----------------- Invoking toplevel() on ptolemy.moml.MoMLSimpleApplication@56207443
----------------- Done invoking toplevel() on ptolemy.moml.MoMLSimpleApplication@56207443
reloadAllAccessors: .ClockDriftChange

===========================================================================================
----------------- testing Wed Jul 10 15:27:15 UTC 2019 /home/travis/build/icyphy/ptII/ptolemy/domains/de/test/auto/ComposableCausalityAnalysis.xml
----------------- Instantiating /home/travis/build/icyphy/ptII/ptolemy/domains/de/test/auto/ComposableCausalityAnalysis.xml
1 ms. Memory: 51200K Free: 28614K (56%)
----------------- Invoking toplevel() on ptolemy.moml.MoMLSimpleApplication@18b6a67e
----------------- Done invoking toplevel() on ptolemy.moml.MoMLSimpleApplication@18b6a67e
reloadAllAccessors: .ComposableCausalityAnalysis

===========================================================================================
----------------- testing Wed Jul 10 15:27:15 UTC 2019 /home/travis/build/icyphy/ptII/ptolemy/domains/de/test/auto/DEFixedPointLimitation.xml
----------------- Instantiating /home/travis/build/icyphy/ptII/ptolemy/domains/de/test/auto/DEFixedPointLimitation.xml
0 ms. Memory: 51200K Free: 23925K (47%)
----------------- Invoking toplevel() on ptolemy.moml.MoMLSimpleApplication@4c01a3ee
----------------- Done invoking toplevel() on ptolemy.moml.MoMLSimpleApplication@4c01a3ee
reloadAllAccessors: .DEFixedPointLimitation

===========================================================================================
----------------- testing Wed Jul 10 15:27:15 UTC 2019 /home/travis/build/icyphy/ptII/ptolemy/domains/de/test/auto/DEScheduleTest.xml
----------------- Instantiating /home/travis/build/icyphy/ptII/ptolemy/domains/de/test/auto/DEScheduleTest.xml
2 ms. Memory: 51200K Free: 19654K (38%)
----------------- Invoking toplevel() on ptolemy.moml.MoMLSimpleApplication@64bd090a
----------------- Done invoking toplevel() on ptolemy.moml.MoMLSimpleApplication@64bd090a
reloadAllAccessors: .DEScheduleTest

===========================================================================================
----------------- testing Wed Jul 10 15:27:15 UTC 2019 /home/travis/build/icyphy/ptII/ptolemy/domains/de/test/auto/DEinDEwithStartTimes.xml
----------------- Instantiating /home/travis/build/icyphy/ptII/ptolemy/domains/de/test/auto/DEinDEwithStartTimes.xml
3 ms. Memory: 51200K Free: 13908K (27%)
----------------- Invoking toplevel() on ptolemy.moml.MoMLSimpleApplication@1a974744
----------------- Done invoking toplevel() on ptolemy.moml.MoMLSimpleApplication@1a974744
reloadAllAccessors: .DEinDEwithStartTimes

===========================================================================================
----------------- testing Wed Jul 10 15:27:15 UTC 2019 /home/travis/build/icyphy/ptII/ptolemy/domains/de/test/auto/DEinDEwithStartTimes2.xml
----------------- Instantiating /home/travis/build/icyphy/ptII/ptolemy/domains/de/test/auto/DEinDEwithStartTimes2.xml
8 ms. Memory: 51200K Free: 36125K (71%)
----------------- Invoking toplevel() on ptolemy.moml.MoMLSimpleApplication@380379f5
----------------- Done invoking toplevel() on ptolemy.moml.MoMLSimpleApplication@380379f5
reloadAllAccessors: .DEinDEwithStartTimes2

===========================================================================================
----------------- testing Wed Jul 10 15:27:15 UTC 2019 /home/travis/build/icyphy/ptII/ptolemy/domains/de/test/auto/DateDemo.xml
----------------- Instantiating /home/travis/build/icyphy/ptII/ptolemy/domains/de/test/auto/DateDemo.xml
5 ms. Memory: 51200K Free: 24894K (49%)
----------------- Invoking toplevel() on ptolemy.moml.MoMLSimpleApplication@35c1c8cb
----------------- Done invoking toplevel() on ptolemy.moml.MoMLSimpleApplication@35c1c8cb
reloadAllAccessors: .DateDemo

===========================================================================================
----------------- testing Wed Jul 10 15:27:15 UTC 2019 /home/travis/build/icyphy/ptII/ptolemy/domains/de/test/auto/DateToEvent.xml
----------------- Instantiating /home/travis/build/icyphy/ptII/ptolemy/domains/de/test/auto/DateToEvent.xml
2005 ms. Memory: 51200K Free: 9372K (18%)
----------------- Invoking toplevel() on ptolemy.moml.MoMLSimpleApplication@158f8c0d
----------------- Done invoking toplevel() on ptolemy.moml.MoMLSimpleApplication@158f8c0d
reloadAllAccessors: .DateToEvent

===========================================================================================
----------------- testing Wed Jul 10 15:27:17 UTC 2019 /home/travis/build/icyphy/ptII/ptolemy/domains/de/test/auto/DepthTest1.xml
----------------- Instantiating /home/travis/build/icyphy/ptII/ptolemy/domains/de/test/auto/DepthTest1.xml
1 ms. Memory: 51200K Free: 34088K (67%)
----------------- Invoking toplevel() on ptolemy.moml.MoMLSimpleApplication@124bd18c
----------------- Done invoking toplevel() on ptolemy.moml.MoMLSimpleApplication@124bd18c
reloadAllAccessors: .DepthTest1

===========================================================================================
----------------- testing Wed Jul 10 15:27:17 UTC 2019 /home/travis/build/icyphy/ptII/ptolemy/domains/de/test/auto/DepthTest2.xml
----------------- Instantiating /home/travis/build/icyphy/ptII/ptolemy/domains/de/test/auto/DepthTest2.xml
2 ms. Memory: 51200K Free: 27759K (54%)
----------------- Invoking toplevel() on ptolemy.moml.MoMLSimpleApplication@7240e6eb
----------------- Done invoking toplevel() on ptolemy.moml.MoMLSimpleApplication@7240e6eb
reloadAllAccessors: .DepthTest2

===========================================================================================
----------------- testing Wed Jul 10 15:27:17 UTC 2019 /home/travis/build/icyphy/ptII/ptolemy/domains/de/test/auto/DepthTest3.xml
----------------- Instantiating /home/travis/build/icyphy/ptII/ptolemy/domains/de/test/auto/DepthTest3.xml
1 ms. Memory: 51200K Free: 24872K (49%)
----------------- Invoking toplevel() on ptolemy.moml.MoMLSimpleApplication@7c96ad04
----------------- Done invoking toplevel() on ptolemy.moml.MoMLSimpleApplication@7c96ad04
reloadAllAccessors: .DepthTest3

===========================================================================================
----------------- testing Wed Jul 10 15:27:17 UTC 2019 /home/travis/build/icyphy/ptII/ptolemy/domains/de/test/auto/DepthTest4.xml
----------------- Instantiating /home/travis/build/icyphy/ptII/ptolemy/domains/de/test/auto/DepthTest4.xml
2 ms. Memory: 51200K Free: 20121K (39%)
----------------- Invoking toplevel() on ptolemy.moml.MoMLSimpleApplication@63078fdf
----------------- Done invoking toplevel() on ptolemy.moml.MoMLSimpleApplication@63078fdf
reloadAllAccessors: .DepthTest4

===========================================================================================
----------------- testing Wed Jul 10 15:27:17 UTC 2019 /home/travis/build/icyphy/ptII/ptolemy/domains/de/test/auto/DepthTest5.xml
----------------- Instantiating /home/travis/build/icyphy/ptII/ptolemy/domains/de/test/auto/DepthTest5.xml
2 ms. Memory: 51200K Free: 14824K (29%)
----------------- Invoking toplevel() on ptolemy.moml.MoMLSimpleApplication@15022d3
----------------- Done invoking toplevel() on ptolemy.moml.MoMLSimpleApplication@15022d3
reloadAllAccessors: .DepthTest5

===========================================================================================
----------------- testing Wed Jul 10 15:27:17 UTC 2019 /home/travis/build/icyphy/ptII/ptolemy/domains/de/test/auto/DepthTest6.xml
----------------- Instantiating /home/travis/build/icyphy/ptII/ptolemy/domains/de/test/auto/DepthTest6.xml
2 ms. Memory: 51200K Free: 9498K (19%)
----------------- Invoking toplevel() on ptolemy.moml.MoMLSimpleApplication@5d27d7fd
----------------- Done invoking toplevel() on ptolemy.moml.MoMLSimpleApplication@5d27d7fd
reloadAllAccessors: .DepthTest6

===========================================================================================
----------------- testing Wed Jul 10 15:27:17 UTC 2019 /home/travis/build/icyphy/ptII/ptolemy/domains/de/test/auto/DepthTest7.xml
----------------- Instantiating /home/travis/build/icyphy/ptII/ptolemy/domains/de/test/auto/DepthTest7.xml
2 ms. Memory: 51200K Free: 32386K (63%)
----------------- Invoking toplevel() on ptolemy.moml.MoMLSimpleApplication@3256c563
----------------- Done invoking toplevel() on ptolemy.moml.MoMLSimpleApplication@3256c563
reloadAllAccessors: .DepthTest7

===========================================================================================
----------------- testing Wed Jul 10 15:27:17 UTC 2019 /home/travis/build/icyphy/ptII/ptolemy/domains/de/test/auto/EventToDate.xml
----------------- Instantiating /home/travis/build/icyphy/ptII/ptolemy/domains/de/test/auto/EventToDate.xml
3013 ms. Memory: 51200K Free: 18965K (37%)
----------------- Invoking toplevel() on ptolemy.moml.MoMLSimpleApplication@76dd443a
----------------- Done invoking toplevel() on ptolemy.moml.MoMLSimpleApplication@76dd443a
reloadAllAccessors: .EventToDate

===========================================================================================
----------------- testing Wed Jul 10 15:27:20 UTC 2019 /home/travis/build/icyphy/ptII/ptolemy/domains/de/test/auto/FSM1.xml
----------------- Instantiating /home/travis/build/icyphy/ptII/ptolemy/domains/de/test/auto/FSM1.xml
22 ms. Memory: 51200K Free: 34522K (67%)
----------------- Invoking toplevel() on ptolemy.moml.MoMLSimpleApplication@48024de2
----------------- Done invoking toplevel() on ptolemy.moml.MoMLSimpleApplication@48024de2
reloadAllAccessors: .FSM1

===========================================================================================
----------------- testing Wed Jul 10 15:27:20 UTC 2019 /home/travis/build/icyphy/ptII/ptolemy/domains/de/test/auto/FSM7.xml
----------------- Instantiating /home/travis/build/icyphy/ptII/ptolemy/domains/de/test/auto/FSM7.xml
14 ms. Memory: 51200K Free: 21991K (43%)
----------------- Invoking toplevel() on ptolemy.moml.MoMLSimpleApplication@17d9f16c
----------------- Done invoking toplevel() on ptolemy.moml.MoMLSimpleApplication@17d9f16c
reloadAllAccessors: .FSM7

===========================================================================================
----------------- testing Wed Jul 10 15:27:20 UTC 2019 /home/travis/build/icyphy/ptII/ptolemy/domains/de/test/auto/Inspection.xml
----------------- Instantiating /home/travis/build/icyphy/ptII/ptolemy/domains/de/test/auto/Inspection.xml
12 ms. Memory: 51200K Free: 9757K (19%)
----------------- Invoking toplevel() on ptolemy.moml.MoMLSimpleApplication@2f2b0b79
----------------- Done invoking toplevel() on ptolemy.moml.MoMLSimpleApplication@2f2b0b79
reloadAllAccessors: .Inspection

===========================================================================================
----------------- testing Wed Jul 10 15:27:20 UTC 2019 /home/travis/build/icyphy/ptII/ptolemy/domains/de/test/auto/Iteration.xml
----------------- Instantiating /home/travis/build/icyphy/ptII/ptolemy/domains/de/test/auto/Iteration.xml
12 ms. Memory: 51200K Free: 30384K (59%)
----------------- Invoking toplevel() on ptolemy.moml.MoMLSimpleApplication@22130a8
----------------- Done invoking toplevel() on ptolemy.moml.MoMLSimpleApplication@22130a8
reloadAllAccessors: .Iteration

===========================================================================================
----------------- testing Wed Jul 10 15:27:20 UTC 2019 /home/travis/build/icyphy/ptII/ptolemy/domains/de/test/auto/LineFault.xml
----------------- Instantiating /home/travis/build/icyphy/ptII/ptolemy/domains/de/test/auto/LineFault.xml
568 ms. Memory: 51200K Free: 24556K (48%)
----------------- Invoking toplevel() on ptolemy.moml.MoMLSimpleApplication@3621e1ca
----------------- Done invoking toplevel() on ptolemy.moml.MoMLSimpleApplication@3621e1ca
reloadAllAccessors: .LineFault

===========================================================================================
----------------- testing Wed Jul 10 15:27:21 UTC 2019 /home/travis/build/icyphy/ptII/ptolemy/domains/de/test/auto/MergeModel1Add.xml
----------------- Instantiating /home/travis/build/icyphy/ptII/ptolemy/domains/de/test/auto/MergeModel1Add.xml
9 ms. Memory: 61440K Free: 41389K (67%)
----------------- Invoking toplevel() on ptolemy.moml.MoMLSimpleApplication@56fea055
----------------- Done invoking toplevel() on ptolemy.moml.MoMLSimpleApplication@56fea055
reloadAllAccessors: .MergeModel1Add

===========================================================================================
----------------- testing Wed Jul 10 15:27:21 UTC 2019 /home/travis/build/icyphy/ptII/ptolemy/domains/de/test/auto/MergeModel2Add.xml
----------------- Instantiating /home/travis/build/icyphy/ptII/ptolemy/domains/de/test/auto/MergeModel2Add.xml
7 ms. Memory: 61440K Free: 23652K (38%)
----------------- Invoking toplevel() on ptolemy.moml.MoMLSimpleApplication@2d6ad016
----------------- Done invoking toplevel() on ptolemy.moml.MoMLSimpleApplication@2d6ad016
reloadAllAccessors: .MergeModel2Add

===========================================================================================
----------------- testing Wed Jul 10 15:27:21 UTC 2019 /home/travis/build/icyphy/ptII/ptolemy/domains/de/test/auto/MergeModel3Add.xml
----------------- Instantiating /home/travis/build/icyphy/ptII/ptolemy/domains/de/test/auto/MergeModel3Add.xml
5 ms. Memory: 61440K Free: 36590K (60%)
----------------- Invoking toplevel() on ptolemy.moml.MoMLSimpleApplication@49f327ef
----------------- Done invoking toplevel() on ptolemy.moml.MoMLSimpleApplication@49f327ef
reloadAllAccessors: .MergeModel3Add

===========================================================================================
----------------- testing Wed Jul 10 15:27:21 UTC 2019 /home/travis/build/icyphy/ptII/ptolemy/domains/de/test/auto/MergeWithoutDiscard.xml
----------------- Instantiating /home/travis/build/icyphy/ptII/ptolemy/domains/de/test/auto/MergeWithoutDiscard.xml
1 ms. Memory: 61440K Free: 32155K (52%)
----------------- Invoking toplevel() on ptolemy.moml.MoMLSimpleApplication@1be158e8
----------------- Done invoking toplevel() on ptolemy.moml.MoMLSimpleApplication@1be158e8
reloadAllAccessors: .MergeWithoutDiscard

===========================================================================================
----------------- testing Wed Jul 10 15:27:21 UTC 2019 /home/travis/build/icyphy/ptII/ptolemy/domains/de/test/auto/Modal1.xml
----------------- Instantiating /home/travis/build/icyphy/ptII/ptolemy/domains/de/test/auto/Modal1.xml
10 ms. Memory: 61440K Free: 20176K (33%)
----------------- Invoking toplevel() on ptolemy.moml.MoMLSimpleApplication@4a3a83db
----------------- Done invoking toplevel() on ptolemy.moml.MoMLSimpleApplication@4a3a83db
reloadAllAccessors: .Modal1

===========================================================================================
----------------- testing Wed Jul 10 15:27:21 UTC 2019 /home/travis/build/icyphy/ptII/ptolemy/domains/de/test/auto/Modal2.xml
----------------- Instantiating /home/travis/build/icyphy/ptII/ptolemy/domains/de/test/auto/Modal2.xml
17 ms. Memory: 61440K Free: 39118K (64%)
----------------- Invoking toplevel() on ptolemy.moml.MoMLSimpleApplication@58473fe3
----------------- Done invoking toplevel() on ptolemy.moml.MoMLSimpleApplication@58473fe3
reloadAllAccessors: .Modal2

===========================================================================================
----------------- testing Wed Jul 10 15:27:21 UTC 2019 /home/travis/build/icyphy/ptII/ptolemy/domains/de/test/auto/Modal3.xml
----------------- Instantiating /home/travis/build/icyphy/ptII/ptolemy/domains/de/test/auto/Modal3.xml
9 ms. Memory: 61440K Free: 26845K (44%)
----------------- Invoking toplevel() on ptolemy.moml.MoMLSimpleApplication@555d0369
----------------- Done invoking toplevel() on ptolemy.moml.MoMLSimpleApplication@555d0369
reloadAllAccessors: .Modal3

===========================================================================================
----------------- testing Wed Jul 10 15:27:21 UTC 2019 /home/travis/build/icyphy/ptII/ptolemy/domains/de/test/auto/Modal4.xml
----------------- Instantiating /home/travis/build/icyphy/ptII/ptolemy/domains/de/test/auto/Modal4.xml
15 ms. Memory: 61440K Free: 45505K (74%)
----------------- Invoking toplevel() on ptolemy.moml.MoMLSimpleApplication@2ebfdc66
----------------- Done invoking toplevel() on ptolemy.moml.MoMLSimpleApplication@2ebfdc66
reloadAllAccessors: .Modal4

===========================================================================================
----------------- testing Wed Jul 10 15:27:21 UTC 2019 /home/travis/build/icyphy/ptII/ptolemy/domains/de/test/auto/Modal5.xml
----------------- Instantiating /home/travis/build/icyphy/ptII/ptolemy/domains/de/test/auto/Modal5.xml
10 ms. Memory: 61440K Free: 32302K (53%)
----------------- Invoking toplevel() on ptolemy.moml.MoMLSimpleApplication@d743190
----------------- Done invoking toplevel() on ptolemy.moml.MoMLSimpleApplication@d743190
reloadAllAccessors: .Modal5

===========================================================================================
----------------- testing Wed Jul 10 15:27:21 UTC 2019 /home/travis/build/icyphy/ptII/ptolemy/domains/de/test/auto/Modal6.xml
----------------- Instantiating /home/travis/build/icyphy/ptII/ptolemy/domains/de/test/auto/Modal6.xml
9 ms. Memory: 61440K Free: 19999K (33%)
----------------- Invoking toplevel() on ptolemy.moml.MoMLSimpleApplication@71530233
----------------- Done invoking toplevel() on ptolemy.moml.MoMLSimpleApplication@71530233
reloadAllAccessors: .Modal6

===========================================================================================
----------------- testing Wed Jul 10 15:27:21 UTC 2019 /home/travis/build/icyphy/ptII/ptolemy/domains/de/test/auto/Modal7.xml
----------------- Instantiating /home/travis/build/icyphy/ptII/ptolemy/domains/de/test/auto/Modal7.xml
9 ms. Memory: 61440K Free: 38318K (62%)
----------------- Invoking toplevel() on ptolemy.moml.MoMLSimpleApplication@199c0bcc
----------------- Done invoking toplevel() on ptolemy.moml.MoMLSimpleApplication@199c0bcc
reloadAllAccessors: .Modal7

===========================================================================================
----------------- testing Wed Jul 10 15:27:21 UTC 2019 /home/travis/build/icyphy/ptII/ptolemy/domains/de/test/auto/ModalModel.xml
----------------- Instantiating /home/travis/build/icyphy/ptII/ptolemy/domains/de/test/auto/ModalModel.xml
132 ms. Memory: 61440K Free: 35557K (58%)
----------------- Invoking toplevel() on ptolemy.moml.MoMLSimpleApplication@61156b38
----------------- Done invoking toplevel() on ptolemy.moml.MoMLSimpleApplication@61156b38
reloadAllAccessors: .ModalModel

===========================================================================================
----------------- testing Wed Jul 10 15:27:22 UTC 2019 /home/travis/build/icyphy/ptII/ptolemy/domains/de/test/auto/ModalSource.xml
----------------- Instantiating /home/travis/build/icyphy/ptII/ptolemy/domains/de/test/auto/ModalSource.xml
6 ms. Memory: 61440K Free: 26998K (44%)
----------------- Invoking toplevel() on ptolemy.moml.MoMLSimpleApplication@380de09f
----------------- Done invoking toplevel() on ptolemy.moml.MoMLSimpleApplication@380de09f
reloadAllAccessors: .ModalSource

===========================================================================================
----------------- testing Wed Jul 10 15:27:22 UTC 2019 /home/travis/build/icyphy/ptII/ptolemy/domains/de/test/auto/NonInterruptibleTimerZeroDelay.xml
----------------- Instantiating /home/travis/build/icyphy/ptII/ptolemy/domains/de/test/auto/NonInterruptibleTimerZeroDelay.xml
2 ms. Memory: 61440K Free: 22940K (37%)
----------------- Invoking toplevel() on ptolemy.moml.MoMLSimpleApplication@4d25a5d6
----------------- Done invoking toplevel() on ptolemy.moml.MoMLSimpleApplication@4d25a5d6
reloadAllAccessors: .NonInterruptibleTimerZeroDelay

===========================================================================================
----------------- testing Wed Jul 10 15:27:22 UTC 2019 /home/travis/build/icyphy/ptII/ptolemy/domains/de/test/auto/OpenQueueingNetwork.xml
----------------- Instantiating /home/travis/build/icyphy/ptII/ptolemy/domains/de/test/auto/OpenQueueingNetwork.xml
2607 ms. Memory: 184320K Free: 118985K (65%)
----------------- Invoking toplevel() on ptolemy.moml.MoMLSimpleApplication@3c755ff3
----------------- Done invoking toplevel() on ptolemy.moml.MoMLSimpleApplication@3c755ff3
reloadAllAccessors: .OpenQueueingNetwork

===========================================================================================
----------------- testing Wed Jul 10 15:27:24 UTC 2019 /home/travis/build/icyphy/ptII/ptolemy/domains/de/test/auto/OpenQueuingNetwork.xml
----------------- Instantiating /home/travis/build/icyphy/ptII/ptolemy/domains/de/test/auto/OpenQueuingNetwork.xml
240 ms. Memory: 184320K Free: 136412K (74%)
----------------- Invoking toplevel() on ptolemy.moml.MoMLSimpleApplication@251d0e7e
----------------- Done invoking toplevel() on ptolemy.moml.MoMLSimpleApplication@251d0e7e
reloadAllAccessors: .OpenQueuingNetwork

===========================================================================================
----------------- testing Wed Jul 10 15:27:25 UTC 2019 /home/travis/build/icyphy/ptII/ptolemy/domains/de/test/auto/PeriodicSampler.xml
----------------- Instantiating /home/travis/build/icyphy/ptII/ptolemy/domains/de/test/auto/PeriodicSampler.xml
4 ms. Memory: 184320K Free: 132268K (72%)
----------------- Invoking toplevel() on ptolemy.moml.MoMLSimpleApplication@5ae39934
----------------- Done invoking toplevel() on ptolemy.moml.MoMLSimpleApplication@5ae39934
reloadAllAccessors: .PeriodicSampler

===========================================================================================
----------------- testing Wed Jul 10 15:27:25 UTC 2019 /home/travis/build/icyphy/ptII/ptolemy/domains/de/test/auto/PersistentIO.xml
----------------- Instantiating /home/travis/build/icyphy/ptII/ptolemy/domains/de/test/auto/PersistentIO.xml
7 ms. Memory: 184320K Free: 121998K (66%)
----------------- Invoking toplevel() on ptolemy.moml.MoMLSimpleApplication@674e3ae7
----------------- Done invoking toplevel() on ptolemy.moml.MoMLSimpleApplication@674e3ae7
reloadAllAccessors: .PersistentIO

===========================================================================================
----------------- testing Wed Jul 10 15:27:25 UTC 2019 /home/travis/build/icyphy/ptII/ptolemy/domains/de/test/auto/PortParameterResetOnInitialize.xml
----------------- Instantiating /home/travis/build/icyphy/ptII/ptolemy/domains/de/test/auto/PortParameterResetOnInitialize.xml
1 ms. Memory: 184320K Free: 117422K (64%)
----------------- Invoking toplevel() on ptolemy.moml.MoMLSimpleApplication@b9d48d1
----------------- Done invoking toplevel() on ptolemy.moml.MoMLSimpleApplication@b9d48d1
reloadAllAccessors: .PortParameterResetOnInitialize

===========================================================================================
----------------- testing Wed Jul 10 15:27:25 UTC 2019 /home/travis/build/icyphy/ptII/ptolemy/domains/de/test/auto/PortParameterUpdates.xml
----------------- Instantiating /home/travis/build/icyphy/ptII/ptolemy/domains/de/test/auto/PortParameterUpdates.xml
4 ms. Memory: 184320K Free: 110750K (60%)
----------------- Invoking toplevel() on ptolemy.moml.MoMLSimpleApplication@1a459282
----------------- Done invoking toplevel() on ptolemy.moml.MoMLSimpleApplication@1a459282
reloadAllAccessors: .PortParameterUpdates

===========================================================================================
----------------- testing Wed Jul 10 15:27:25 UTC 2019 /home/travis/build/icyphy/ptII/ptolemy/domains/de/test/auto/QueueAndServer.xml
----------------- Instantiating /home/travis/build/icyphy/ptII/ptolemy/domains/de/test/auto/QueueAndServer.xml
5 ms. Memory: 184320K Free: 103086K (56%)
----------------- Invoking toplevel() on ptolemy.moml.MoMLSimpleApplication@15eaf4b5
----------------- Done invoking toplevel() on ptolemy.moml.MoMLSimpleApplication@15eaf4b5
reloadAllAccessors: .QueueAndServer

===========================================================================================
----------------- testing Wed Jul 10 15:27:25 UTC 2019 /home/travis/build/icyphy/ptII/ptolemy/domains/de/test/auto/Records.xml
----------------- Instantiating /home/travis/build/icyphy/ptII/ptolemy/domains/de/test/auto/Records.xml
9 ms. Memory: 184320K Free: 97452K (53%)
----------------- Invoking toplevel() on ptolemy.moml.MoMLSimpleApplication@234558ec
----------------- Done invoking toplevel() on ptolemy.moml.MoMLSimpleApplication@234558ec
reloadAllAccessors: .Records

===========================================================================================
----------------- testing Wed Jul 10 15:27:25 UTC 2019 /home/travis/build/icyphy/ptII/ptolemy/domains/de/test/auto/ResetTransitionWithStartTime1.xml
----------------- Instantiating /home/travis/build/icyphy/ptII/ptolemy/domains/de/test/auto/ResetTransitionWithStartTime1.xml
5 ms. Memory: 184320K Free: 89254K (48%)
----------------- Invoking toplevel() on ptolemy.moml.MoMLSimpleApplication@d218e0c
----------------- Done invoking toplevel() on ptolemy.moml.MoMLSimpleApplication@d218e0c
reloadAllAccessors: .ResetTransitionWithStartTime1

===========================================================================================
----------------- testing Wed Jul 10 15:27:25 UTC 2019 /home/travis/build/icyphy/ptII/ptolemy/domains/de/test/auto/ResetTransitionWithStartTime2.xml
----------------- Instantiating /home/travis/build/icyphy/ptII/ptolemy/domains/de/test/auto/ResetTransitionWithStartTime2.xml
4 ms. Memory: 184320K Free: 81054K (44%)
----------------- Invoking toplevel() on ptolemy.moml.MoMLSimpleApplication@37fb48df
----------------- Done invoking toplevel() on ptolemy.moml.MoMLSimpleApplication@37fb48df
reloadAllAccessors: .ResetTransitionWithStartTime2

===========================================================================================
----------------- testing Wed Jul 10 15:27:25 UTC 2019 /home/travis/build/icyphy/ptII/ptolemy/domains/de/test/auto/ResetTransitionWithStartTime3.xml
----------------- Instantiating /home/travis/build/icyphy/ptII/ptolemy/domains/de/test/auto/ResetTransitionWithStartTime3.xml
5 ms. Memory: 184320K Free: 72846K (40%)
----------------- Invoking toplevel() on ptolemy.moml.MoMLSimpleApplication@1abaa28e
----------------- Done invoking toplevel() on ptolemy.moml.MoMLSimpleApplication@1abaa28e
reloadAllAccessors: .ResetTransitionWithStartTime3

===========================================================================================
----------------- testing Wed Jul 10 15:27:25 UTC 2019 /home/travis/build/icyphy/ptII/ptolemy/domains/de/test/auto/ResetTransitionWithStartTime4.xml
----------------- Instantiating /home/travis/build/icyphy/ptII/ptolemy/domains/de/test/auto/ResetTransitionWithStartTime4.xml
3 ms. Memory: 184320K Free: 163890K (89%)
----------------- Invoking toplevel() on ptolemy.moml.MoMLSimpleApplication@4a99e612
----------------- Done invoking toplevel() on ptolemy.moml.MoMLSimpleApplication@4a99e612
reloadAllAccessors: .ResetTransitionWithStartTime4

===========================================================================================
----------------- testing Wed Jul 10 15:27:25 UTC 2019 /home/travis/build/icyphy/ptII/ptolemy/domains/de/test/auto/ResettableTimer1.xml
----------------- Instantiating /home/travis/build/icyphy/ptII/ptolemy/domains/de/test/auto/ResettableTimer1.xml
2 ms. Memory: 184320K Free: 159794K (87%)
----------------- Invoking toplevel() on ptolemy.moml.MoMLSimpleApplication@4ed2df4
----------------- Done invoking toplevel() on ptolemy.moml.MoMLSimpleApplication@4ed2df4
reloadAllAccessors: .ResettableTimer1

===========================================================================================
----------------- testing Wed Jul 10 15:27:25 UTC 2019 /home/travis/build/icyphy/ptII/ptolemy/domains/de/test/auto/ResettableTimer2.xml
----------------- Instantiating /home/travis/build/icyphy/ptII/ptolemy/domains/de/test/auto/ResettableTimer2.xml
1 ms. Memory: 184320K Free: 155698K (84%)
----------------- Invoking toplevel() on ptolemy.moml.MoMLSimpleApplication@3484cc37
----------------- Done invoking toplevel() on ptolemy.moml.MoMLSimpleApplication@3484cc37
reloadAllAccessors: .ResettableTimer2

===========================================================================================
----------------- testing Wed Jul 10 15:27:25 UTC 2019 /home/travis/build/icyphy/ptII/ptolemy/domains/de/test/auto/ResettableTimer3.xml
----------------- Instantiating /home/travis/build/icyphy/ptII/ptolemy/domains/de/test/auto/ResettableTimer3.xml
1 ms. Memory: 184320K Free: 151602K (82%)
----------------- Invoking toplevel() on ptolemy.moml.MoMLSimpleApplication@77a7fa7c
----------------- Done invoking toplevel() on ptolemy.moml.MoMLSimpleApplication@77a7fa7c
reloadAllAccessors: .ResettableTimer3

===========================================================================================
----------------- testing Wed Jul 10 15:27:25 UTC 2019 /home/travis/build/icyphy/ptII/ptolemy/domains/de/test/auto/ResettableTimer4.xml
----------------- Instantiating /home/travis/build/icyphy/ptII/ptolemy/domains/de/test/auto/ResettableTimer4.xml
1 ms. Memory: 184320K Free: 147506K (80%)
----------------- Invoking toplevel() on ptolemy.moml.MoMLSimpleApplication@290fceb3
----------------- Done invoking toplevel() on ptolemy.moml.MoMLSimpleApplication@290fceb3
reloadAllAccessors: .ResettableTimer4

===========================================================================================
----------------- testing Wed Jul 10 15:27:25 UTC 2019 /home/travis/build/icyphy/ptII/ptolemy/domains/de/test/auto/ResettableTimer5.xml
----------------- Instantiating /home/travis/build/icyphy/ptII/ptolemy/domains/de/test/auto/ResettableTimer5.xml
1 ms. Memory: 184320K Free: 143410K (78%)
----------------- Invoking toplevel() on ptolemy.moml.MoMLSimpleApplication@67944807
----------------- Done invoking toplevel() on ptolemy.moml.MoMLSimpleApplication@67944807
reloadAllAccessors: .ResettableTimer5

===========================================================================================
----------------- testing Wed Jul 10 15:27:25 UTC 2019 /home/travis/build/icyphy/ptII/ptolemy/domains/de/test/auto/ResettableTimer6.xml
----------------- Instantiating /home/travis/build/icyphy/ptII/ptolemy/domains/de/test/auto/ResettableTimer6.xml
7 ms. Memory: 184320K Free: 138798K (75%)
----------------- Invoking toplevel() on ptolemy.moml.MoMLSimpleApplication@7ca66555
----------------- Done invoking toplevel() on ptolemy.moml.MoMLSimpleApplication@7ca66555
reloadAllAccessors: .ResettableTimer6

===========================================================================================
----------------- testing Wed Jul 10 15:27:25 UTC 2019 /home/travis/build/icyphy/ptII/ptolemy/domains/de/test/auto/ServerZeroDelay.xml
----------------- Instantiating /home/travis/build/icyphy/ptII/ptolemy/domains/de/test/auto/ServerZeroDelay.xml
2 ms. Memory: 184320K Free: 134690K (73%)
----------------- Invoking toplevel() on ptolemy.moml.MoMLSimpleApplication@752adce7
----------------- Done invoking toplevel() on ptolemy.moml.MoMLSimpleApplication@752adce7
reloadAllAccessors: .ServerZeroDelay

===========================================================================================
----------------- testing Wed Jul 10 15:27:25 UTC 2019 /home/travis/build/icyphy/ptII/ptolemy/domains/de/test/auto/SmartSender.xml
----------------- Instantiating /home/travis/build/icyphy/ptII/ptolemy/domains/de/test/auto/SmartSender.xml
3002 ms. Memory: 184320K Free: 130608K (71%)
----------------- Invoking toplevel() on ptolemy.moml.MoMLSimpleApplication@1ae4a024
----------------- Done invoking toplevel() on ptolemy.moml.MoMLSimpleApplication@1ae4a024
reloadAllAccessors: .SmartSender

===========================================================================================
----------------- testing Wed Jul 10 15:27:28 UTC 2019 /home/travis/build/icyphy/ptII/ptolemy/domains/de/test/auto/ThreadedComposite.xml
----------------- Instantiating /home/travis/build/icyphy/ptII/ptolemy/domains/de/test/auto/ThreadedComposite.xml
124 ms. Memory: 184320K Free: 109618K (59%)
----------------- Invoking toplevel() on ptolemy.moml.MoMLSimpleApplication@5633b393
----------------- Done invoking toplevel() on ptolemy.moml.MoMLSimpleApplication@5633b393
reloadAllAccessors: .ThreadedComposite

===========================================================================================
----------------- testing Wed Jul 10 15:27:28 UTC 2019 /home/travis/build/icyphy/ptII/ptolemy/domains/de/test/auto/Time.xml
----------------- Instantiating /home/travis/build/icyphy/ptII/ptolemy/domains/de/test/auto/Time.xml
456 ms. Memory: 184320K Free: 159949K (87%)
----------------- Invoking toplevel() on ptolemy.moml.MoMLSimpleApplication@e362b56
----------------- Done invoking toplevel() on ptolemy.moml.MoMLSimpleApplication@e362b56
reloadAllAccessors: .Time

===========================================================================================
----------------- testing Wed Jul 10 15:27:29 UTC 2019 /home/travis/build/icyphy/ptII/ptolemy/domains/de/test/auto/TimeDelayZeroDelay.xml
----------------- Instantiating /home/travis/build/icyphy/ptII/ptolemy/domains/de/test/auto/TimeDelayZeroDelay.xml
2 ms. Memory: 184320K Free: 155325K (84%)
----------------- Invoking toplevel() on ptolemy.moml.MoMLSimpleApplication@18a91313
----------------- Done invoking toplevel() on ptolemy.moml.MoMLSimpleApplication@18a91313
reloadAllAccessors: .TimeDelayZeroDelay

===========================================================================================
----------------- testing Wed Jul 10 15:27:29 UTC 2019 /home/travis/build/icyphy/ptII/ptolemy/domains/de/test/auto/TimerZeroDelay.xml
----------------- Instantiating /home/travis/build/icyphy/ptII/ptolemy/domains/de/test/auto/TimerZeroDelay.xml
2 ms. Memory: 184320K Free: 151229K (82%)
----------------- Invoking toplevel() on ptolemy.moml.MoMLSimpleApplication@de6983
----------------- Done invoking toplevel() on ptolemy.moml.MoMLSimpleApplication@de6983
reloadAllAccessors: .TimerZeroDelay

===========================================================================================
----------------- testing Wed Jul 10 15:27:29 UTC 2019 /home/travis/build/icyphy/ptII/ptolemy/domains/de/test/auto/TimingParadox.xml
----------------- Instantiating /home/travis/build/icyphy/ptII/ptolemy/domains/de/test/auto/TimingParadox.xml
318 ms. Memory: 184320K Free: 83149K (45%)
----------------- Invoking toplevel() on ptolemy.moml.MoMLSimpleApplication@59a46dc5
----------------- Done invoking toplevel() on ptolemy.moml.MoMLSimpleApplication@59a46dc5
reloadAllAccessors: .TimingParadox

===========================================================================================
----------------- testing Wed Jul 10 15:27:29 UTC 2019 /home/travis/build/icyphy/ptII/ptolemy/domains/de/test/auto/TransferInputs.xml
----------------- Instantiating /home/travis/build/icyphy/ptII/ptolemy/domains/de/test/auto/TransferInputs.xml
1 ms. Memory: 184320K Free: 78525K (43%)
----------------- Invoking toplevel() on ptolemy.moml.MoMLSimpleApplication@5bf48277
----------------- Done invoking toplevel() on ptolemy.moml.MoMLSimpleApplication@5bf48277
reloadAllAccessors: .TransferInputs

===========================================================================================
----------------- testing Wed Jul 10 15:27:29 UTC 2019 /home/travis/build/icyphy/ptII/ptolemy/domains/de/test/auto/TransferOutputs2.xml
----------------- Instantiating /home/travis/build/icyphy/ptII/ptolemy/domains/de/test/auto/TransferOutputs2.xml
2 ms. Memory: 184320K Free: 70347K (38%)
----------------- Invoking toplevel() on ptolemy.moml.MoMLSimpleApplication@3fb42f5c
----------------- Done invoking toplevel() on ptolemy.moml.MoMLSimpleApplication@3fb42f5c
reloadAllAccessors: .TransferOutputs2

===========================================================================================
----------------- testing Wed Jul 10 15:27:29 UTC 2019 /home/travis/build/icyphy/ptII/ptolemy/domains/de/test/auto/Trilateration.xml
----------------- Instantiating /home/travis/build/icyphy/ptII/ptolemy/domains/de/test/auto/Trilateration.xml
12853 ms. Memory: 460800K Free: 207340K (45%)
----------------- Invoking toplevel() on ptolemy.moml.MoMLSimpleApplication@10e9bd1b
----------------- Done invoking toplevel() on ptolemy.moml.MoMLSimpleApplication@10e9bd1b
reloadAllAccessors: .Trilateration

===========================================================================================
----------------- testing Wed Jul 10 15:27:43 UTC 2019 /home/travis/build/icyphy/ptII/ptolemy/domains/de/test/auto/TwoSigmaDelta.xml
----------------- Instantiating /home/travis/build/icyphy/ptII/ptolemy/domains/de/test/auto/TwoSigmaDelta.xml
2157 ms. Memory: 460800K Free: 269384K (58%)
----------------- Invoking toplevel() on ptolemy.moml.MoMLSimpleApplication@5ac4718e
----------------- Done invoking toplevel() on ptolemy.moml.MoMLSimpleApplication@5ac4718e
reloadAllAccessors: .TwoSigmaDelta

===========================================================================================
----------------- testing Wed Jul 10 15:27:45 UTC 2019 /home/travis/build/icyphy/ptII/ptolemy/domains/de/test/auto/VariableDelay.xml
----------------- Instantiating /home/travis/build/icyphy/ptII/ptolemy/domains/de/test/auto/VariableDelay.xml
3 ms. Memory: 460800K Free: 264264K (57%)
----------------- Invoking toplevel() on ptolemy.moml.MoMLSimpleApplication@4b00d0af
----------------- Done invoking toplevel() on ptolemy.moml.MoMLSimpleApplication@4b00d0af
reloadAllAccessors: .VariableDelay

===========================================================================================
----------------- testing Wed Jul 10 15:27:45 UTC 2019 /home/travis/build/icyphy/ptII/ptolemy/domains/de/test/auto/VariableDelay2.xml
----------------- Instantiating /home/travis/build/icyphy/ptII/ptolemy/domains/de/test/auto/VariableDelay2.xml
2 ms. Memory: 460800K Free: 259624K (56%)
----------------- Invoking toplevel() on ptolemy.moml.MoMLSimpleApplication@666c48e4
----------------- Done invoking toplevel() on ptolemy.moml.MoMLSimpleApplication@666c48e4
reloadAllAccessors: .VariableDelay2

===========================================================================================
----------------- testing Wed Jul 10 15:27:45 UTC 2019 /home/travis/build/icyphy/ptII/ptolemy/domains/de/test/auto/VariableDelayZeroDelay.xml
----------------- Instantiating /home/travis/build/icyphy/ptII/ptolemy/domains/de/test/auto/VariableDelayZeroDelay.xml
5 ms. Memory: 460800K Free: 255558K (55%)
----------------- Invoking toplevel() on ptolemy.moml.MoMLSimpleApplication@1e06b1e3
----------------- Done invoking toplevel() on ptolemy.moml.MoMLSimpleApplication@1e06b1e3
reloadAllAccessors: .VariableDelayZeroDelay

===========================================================================================
----------------- testing Wed Jul 10 15:27:45 UTC 2019 /home/travis/build/icyphy/ptII/ptolemy/domains/de/test/auto/VariableDelayZeroDelay2.xml
----------------- Instantiating /home/travis/build/icyphy/ptII/ptolemy/domains/de/test/auto/VariableDelayZeroDelay2.xml
2 ms. Memory: 460800K Free: 250952K (54%)
----------------- Invoking toplevel() on ptolemy.moml.MoMLSimpleApplication@3fc6b92d
----------------- Done invoking toplevel() on ptolemy.moml.MoMLSimpleApplication@3fc6b92d
reloadAllAccessors: .VariableDelayZeroDelay2

===========================================================================================
----------------- testing Wed Jul 10 15:27:45 UTC 2019 /home/travis/build/icyphy/ptII/ptolemy/domains/de/test/auto/deInCt.xml
----------------- Instantiating /home/travis/build/icyphy/ptII/ptolemy/domains/de/test/auto/deInCt.xml
0
1
1
1
0
0
0
1
1
1
1
0
0
0
1
1
1
0
0
0
1
1
1
1
0
0
0
1
1
1
0
0
1
1
1
0
0
0
1
1
1
0
0
0
0
0
7 ms. Memory: 460800K Free: 245832K (53%)
----------------- Invoking toplevel() on ptolemy.moml.MoMLSimpleApplication@2fe6df31
----------------- Done invoking toplevel() on ptolemy.moml.MoMLSimpleApplication@2fe6df31
reloadAllAccessors: .deInCt

===========================================================================================
----------------- testing Wed Jul 10 15:27:45 UTC 2019 /home/travis/build/icyphy/ptII/ptolemy/domains/de/test/auto/deInCt2.xml
----------------- Instantiating /home/travis/build/icyphy/ptII/ptolemy/domains/de/test/auto/deInCt2.xml
0
1
1
1
0
0
1
1
1
0
0
1
1
1
0
0
1
1
1
0
0
1
1
1
0
0
1
1
1
0
0
1
1
1
0
0
1
1
1
0
0
0
5 ms. Memory: 460800K Free: 240712K (52%)
----------------- Invoking toplevel() on ptolemy.moml.MoMLSimpleApplication@526998aa
----------------- Done invoking toplevel() on ptolemy.moml.MoMLSimpleApplication@526998aa
reloadAllAccessors: .deInCt2

===========================================================================================
----------------- testing Wed Jul 10 15:27:45 UTC 2019 /home/travis/build/icyphy/ptII/ptolemy/domains/de/test/auto/dynamicCausalityInterface1.xml
----------------- Instantiating /home/travis/build/icyphy/ptII/ptolemy/domains/de/test/auto/dynamicCausalityInterface1.xml
0 ms. Memory: 460800K Free: 231496K (50%)
----------------- Invoking toplevel() on ptolemy.moml.MoMLSimpleApplication@29899d9e
----------------- Done invoking toplevel() on ptolemy.moml.MoMLSimpleApplication@29899d9e
reloadAllAccessors: .dynamicCausalityInterface1

===========================================================================================
----------------- testing Wed Jul 10 15:27:45 UTC 2019 /home/travis/build/icyphy/ptII/ptolemy/domains/de/test/auto/fsm_de_test.xml
----------------- Instantiating /home/travis/build/icyphy/ptII/ptolemy/domains/de/test/auto/fsm_de_test.xml
5 ms. Memory: 460800K Free: 222280K (48%)
----------------- Invoking toplevel() on ptolemy.moml.MoMLSimpleApplication@1ff9b850
----------------- Done invoking toplevel() on ptolemy.moml.MoMLSimpleApplication@1ff9b850
reloadAllAccessors: .fsm_de_test

===========================================================================================
----------------- testing Wed Jul 10 15:27:45 UTC 2019 /home/travis/build/icyphy/ptII/ptolemy/domains/de/test/auto/functionDependencyReconstruction.xml
----------------- Instantiating /home/travis/build/icyphy/ptII/ptolemy/domains/de/test/auto/functionDependencyReconstruction.xml
1 ms. Memory: 460800K Free: 207430K (45%)
----------------- Invoking toplevel() on ptolemy.moml.MoMLSimpleApplication@2f2af3fa
----------------- Done invoking toplevel() on ptolemy.moml.MoMLSimpleApplication@2f2af3fa
reloadAllAccessors: .functionDependencyReconstruction

===========================================================================================
----------------- testing Wed Jul 10 15:27:45 UTC 2019 /home/travis/build/icyphy/ptII/ptolemy/domains/de/test/auto/multirate.xml
----------------- Instantiating /home/travis/build/icyphy/ptII/ptolemy/domains/de/test/auto/multirate.xml
4 ms. Memory: 460800K Free: 200776K (44%)
----------------- Invoking toplevel() on ptolemy.moml.MoMLSimpleApplication@11b90b3b
----------------- Done invoking toplevel() on ptolemy.moml.MoMLSimpleApplication@11b90b3b
reloadAllAccessors: .multirate

===========================================================================================
----------------- testing Wed Jul 10 15:27:45 UTC 2019 /home/travis/build/icyphy/ptII/ptolemy/domains/de/test/auto/multirate2.xml
----------------- Instantiating /home/travis/build/icyphy/ptII/ptolemy/domains/de/test/auto/multirate2.xml
3 ms. Memory: 460800K Free: 194104K (42%)
----------------- Invoking toplevel() on ptolemy.moml.MoMLSimpleApplication@487002c2
----------------- Done invoking toplevel() on ptolemy.moml.MoMLSimpleApplication@487002c2
reloadAllAccessors: .multirate2

===========================================================================================
----------------- testing Wed Jul 10 15:27:45 UTC 2019 /home/travis/build/icyphy/ptII/ptolemy/domains/de/test/auto/realtime.xml
----------------- Instantiating /home/travis/build/icyphy/ptII/ptolemy/domains/de/test/auto/realtime.xml
10001 ms. Memory: 460800K Free: 189512K (41%)
----------------- Invoking toplevel() on ptolemy.moml.MoMLSimpleApplication@1f76ccde
----------------- Done invoking toplevel() on ptolemy.moml.MoMLSimpleApplication@1f76ccde
reloadAllAccessors: .realtime

===========================================================================================
----------------- testing Wed Jul 10 15:27:55 UTC 2019 /home/travis/build/icyphy/ptII/ptolemy/domains/de/test/auto/relationGroup.xml
----------------- Instantiating /home/travis/build/icyphy/ptII/ptolemy/domains/de/test/auto/relationGroup.xml
2 ms. Memory: 460800K Free: 185926K (40%)
----------------- Invoking toplevel() on ptolemy.moml.MoMLSimpleApplication@2d37f23e
----------------- Done invoking toplevel() on ptolemy.moml.MoMLSimpleApplication@2d37f23e
reloadAllAccessors: .relationGroup

===========================================================================================
----------------- testing Wed Jul 10 15:27:55 UTC 2019 /home/travis/build/icyphy/ptII/ptolemy/domains/de/test/auto/relationGroup2.xml
----------------- Instantiating /home/travis/build/icyphy/ptII/ptolemy/domains/de/test/auto/relationGroup2.xml
3 ms. Memory: 460800K Free: 182344K (40%)
----------------- Invoking toplevel() on ptolemy.moml.MoMLSimpleApplication@48e18f20
----------------- Done invoking toplevel() on ptolemy.moml.MoMLSimpleApplication@48e18f20
reloadAllAccessors: .relationGroup2

===========================================================================================
----------------- testing Wed Jul 10 15:27:55 UTC 2019 /home/travis/build/icyphy/ptII/ptolemy/domains/de/test/auto/sortWithOpaquePorts.xml
----------------- Instantiating /home/travis/build/icyphy/ptII/ptolemy/domains/de/test/auto/sortWithOpaquePorts.xml
1 ms. Memory: 460800K Free: 177224K (38%)
----------------- Invoking toplevel() on ptolemy.moml.MoMLSimpleApplication@16d709ee
----------------- Done invoking toplevel() on ptolemy.moml.MoMLSimpleApplication@16d709ee
reloadAllAccessors: .sortWithOpaquePorts

===========================================================================================
----------------- testing Wed Jul 10 15:27:55 UTC 2019 /home/travis/build/icyphy/ptII/ptolemy/domains/de/test/auto/transferInputsandOutputs.xml
----------------- Instantiating /home/travis/build/icyphy/ptII/ptolemy/domains/de/test/auto/transferInputsandOutputs.xml
2 ms. Memory: 460800K Free: 170056K (37%)
----------------- Invoking toplevel() on ptolemy.moml.MoMLSimpleApplication@7a41932e
----------------- Done invoking toplevel() on ptolemy.moml.MoMLSimpleApplication@7a41932e
reloadAllAccessors: .transferInputsandOutputs

===========================================================================================
----------------- testing Wed Jul 10 15:27:55 UTC 2019 /home/travis/build/icyphy/ptII/ptolemy/domains/de/test/auto/triggerType.xml
----------------- Instantiating /home/travis/build/icyphy/ptII/ptolemy/domains/de/test/auto/triggerType.xml
1 ms. Memory: 460800K Free: 165960K (36%)
----------------- Invoking toplevel() on ptolemy.moml.MoMLSimpleApplication@3ebce2fd
----------------- Done invoking toplevel() on ptolemy.moml.MoMLSimpleApplication@3ebce2fd
reloadAllAccessors: .triggerType
AutoTests.java: About to close Vertx.
AutoTests.java: Vertx closed.
]]></system-out>
  <system-err><![CDATA[java.lang.RuntimeException: Execution failed
	at ptolemy.moml.MoMLSimpleApplication$UnloadThread.run(MoMLSimpleApplication.java:402)
Caused by: ptolemy.kernel.util.IllegalActionException: Found a zero delay loop containing .dependencyLoop.original
  in .dependencyLoop and .dependencyLoop.original
	at ptolemy.actor.util.CausalityInterfaceForComposites._computeOutputPortDepth(CausalityInterfaceForComposites.java:759)
	at ptolemy.actor.util.CausalityInterfaceForComposites._computeInputDepth(CausalityInterfaceForComposites.java:696)
	at ptolemy.actor.util.CausalityInterfaceForComposites._computeOutputPortDepth(CausalityInterfaceForComposites.java:765)
	at ptolemy.actor.util.CausalityInterfaceForComposites._computeInputDepth(CausalityInterfaceForComposites.java:696)
	at ptolemy.actor.util.CausalityInterfaceForComposites._computeOutputPortDepth(CausalityInterfaceForComposites.java:765)
	at ptolemy.actor.util.CausalityInterfaceForComposites._computeInputDepth(CausalityInterfaceForComposites.java:696)
	at ptolemy.actor.util.CausalityInterfaceForComposites._computeActorDepth(CausalityInterfaceForComposites.java:532)
	at ptolemy.actor.util.CausalityInterfaceForComposites.checkForCycles(CausalityInterfaceForComposites.java:96)
	at ptolemy.domains.de.kernel.DEDirector.preinitialize(DEDirector.java:1338)
	at ptolemy.actor.CompositeActor.preinitialize(CompositeActor.java:1828)
	at ptolemy.actor.Manager.preinitializeAndResolveTypes(Manager.java:1040)
	at ptolemy.actor.Manager.initialize(Manager.java:710)
	at ptolemy.actor.Manager.execute(Manager.java:356)
	at ptolemy.actor.Manager.run(Manager.java:1263)
	at ptolemy.actor.Manager$PtolemyRunThread.run(Manager.java:1915)
java.lang.RuntimeException: Execution failed
	at ptolemy.moml.MoMLSimpleApplication$UnloadThread.run(MoMLSimpleApplication.java:402)
Caused by: ptolemy.kernel.util.IllegalActionException: Found a zero delay loop containing .dependencyLoop2.original
  in .dependencyLoop2 and .dependencyLoop2.original
	at ptolemy.actor.util.CausalityInterfaceForComposites._computeOutputPortDepth(CausalityInterfaceForComposites.java:759)
	at ptolemy.actor.util.CausalityInterfaceForComposites._computeInputDepth(CausalityInterfaceForComposites.java:696)
	at ptolemy.actor.util.CausalityInterfaceForComposites._computeOutputPortDepth(CausalityInterfaceForComposites.java:765)
	at ptolemy.actor.util.CausalityInterfaceForComposites._computeInputDepth(CausalityInterfaceForComposites.java:696)
	at ptolemy.actor.util.CausalityInterfaceForComposites._computeOutputPortDepth(CausalityInterfaceForComposites.java:765)
	at ptolemy.actor.util.CausalityInterfaceForComposites._computeInputDepth(CausalityInterfaceForComposites.java:696)
	at ptolemy.actor.util.CausalityInterfaceForComposites._computeActorDepth(CausalityInterfaceForComposites.java:532)
	at ptolemy.actor.util.CausalityInterfaceForComposites.checkForCycles(CausalityInterfaceForComposites.java:96)
	at ptolemy.domains.de.kernel.DEDirector.preinitialize(DEDirector.java:1338)
	at ptolemy.actor.CompositeActor.preinitialize(CompositeActor.java:1828)
	at ptolemy.actor.Manager.preinitializeAndResolveTypes(Manager.java:1040)
	at ptolemy.actor.Manager.initialize(Manager.java:710)
	at ptolemy.actor.Manager.execute(Manager.java:356)
	at ptolemy.actor.Manager.run(Manager.java:1263)
	at ptolemy.actor.Manager$PtolemyRunThread.run(Manager.java:1915)
java.lang.RuntimeException: Execution failed
	at ptolemy.moml.MoMLSimpleApplication$UnloadThread.run(MoMLSimpleApplication.java:402)
Caused by: ptolemy.kernel.util.IllegalActionException: Test fails in iteration 1.
Value was: 1.0. Should have been: 2.0
  in .DirectFeedback.Test
	at ptolemy.actor.lib.Test.fire(Test.java:268)
	at ptolemy.domains.de.kernel.DEDirector._fire(DEDirector.java:1949)
	at ptolemy.domains.de.kernel.DEDirector.fire(DEDirector.java:502)
	at ptolemy.actor.CompositeActor.fire(CompositeActor.java:455)
	at ptolemy.actor.Manager.iterate(Manager.java:851)
	at ptolemy.actor.Manager.execute(Manager.java:369)
	at ptolemy.actor.Manager.run(Manager.java:1263)
	at ptolemy.actor.Manager$PtolemyRunThread.run(Manager.java:1915)
java.lang.RuntimeException: Execution failed
	at ptolemy.moml.MoMLSimpleApplication$UnloadThread.run(MoMLSimpleApplication.java:402)
Caused by: ptolemy.kernel.util.IllegalActionException: Found a zero delay loop containing .dependencyLoop.original
  in .dependencyLoop and .dependencyLoop.original
	at ptolemy.actor.util.CausalityInterfaceForComposites._computeOutputPortDepth(CausalityInterfaceForComposites.java:759)
	at ptolemy.actor.util.CausalityInterfaceForComposites._computeInputDepth(CausalityInterfaceForComposites.java:696)
	at ptolemy.actor.util.CausalityInterfaceForComposites._computeOutputPortDepth(CausalityInterfaceForComposites.java:765)
	at ptolemy.actor.util.CausalityInterfaceForComposites._computeInputDepth(CausalityInterfaceForComposites.java:696)
	at ptolemy.actor.util.CausalityInterfaceForComposites._computeOutputPortDepth(CausalityInterfaceForComposites.java:765)
	at ptolemy.actor.util.CausalityInterfaceForComposites._computeInputDepth(CausalityInterfaceForComposites.java:696)
	at ptolemy.actor.util.CausalityInterfaceForComposites._computeActorDepth(CausalityInterfaceForComposites.java:532)
	at ptolemy.actor.util.CausalityInterfaceForComposites.checkForCycles(CausalityInterfaceForComposites.java:96)
	at ptolemy.domains.de.kernel.DEDirector.preinitialize(DEDirector.java:1338)
	at ptolemy.actor.CompositeActor.preinitialize(CompositeActor.java:1828)
	at ptolemy.actor.Manager.preinitializeAndResolveTypes(Manager.java:1040)
	at ptolemy.actor.Manager.initialize(Manager.java:710)
	at ptolemy.actor.Manager.execute(Manager.java:356)
	at ptolemy.actor.Manager.run(Manager.java:1263)
	at ptolemy.actor.Manager$PtolemyRunThread.run(Manager.java:1915)
java.lang.RuntimeException: Execution failed
	at ptolemy.moml.MoMLSimpleApplication$UnloadThread.run(MoMLSimpleApplication.java:402)
Caused by: ptolemy.kernel.util.IllegalActionException: Found a zero delay loop containing .HierarchicalModel.A
  in .HierarchicalModel and .HierarchicalModel.A
	at ptolemy.actor.util.CausalityInterfaceForComposites._computeOutputPortDepth(CausalityInterfaceForComposites.java:759)
	at ptolemy.actor.util.CausalityInterfaceForComposites._computeInputDepth(CausalityInterfaceForComposites.java:696)
	at ptolemy.actor.util.CausalityInterfaceForComposites._computeOutputPortDepth(CausalityInterfaceForComposites.java:765)
	at ptolemy.actor.util.CausalityInterfaceForComposites._computeInputDepth(CausalityInterfaceForComposites.java:696)
	at ptolemy.actor.util.CausalityInterfaceForComposites._computeOutputPortDepth(CausalityInterfaceForComposites.java:765)
	at ptolemy.actor.util.CausalityInterfaceForComposites._computeInputDepth(CausalityInterfaceForComposites.java:696)
	at ptolemy.actor.util.CausalityInterfaceForComposites._computeActorDepth(CausalityInterfaceForComposites.java:532)
	at ptolemy.actor.util.CausalityInterfaceForComposites.checkForCycles(CausalityInterfaceForComposites.java:96)
	at ptolemy.domains.de.kernel.DEDirector.preinitialize(DEDirector.java:1338)
	at ptolemy.actor.CompositeActor.preinitialize(CompositeActor.java:1828)
	at ptolemy.actor.Manager.preinitializeAndResolveTypes(Manager.java:1040)
	at ptolemy.actor.Manager.initialize(Manager.java:710)
	at ptolemy.actor.Manager.execute(Manager.java:356)
	at ptolemy.actor.Manager.run(Manager.java:1263)
	at ptolemy.actor.Manager$PtolemyRunThread.run(Manager.java:1915)
java.lang.RuntimeException: Execution failed
	at ptolemy.moml.MoMLSimpleApplication$UnloadThread.run(MoMLSimpleApplication.java:402)
Caused by: ptolemy.kernel.util.IllegalActionException: Found a zero delay loop containing .dependencyLoop2.original
  in .dependencyLoop2 and .dependencyLoop2.original
	at ptolemy.actor.util.CausalityInterfaceForComposites._computeOutputPortDepth(CausalityInterfaceForComposites.java:759)
	at ptolemy.actor.util.CausalityInterfaceForComposites._computeInputDepth(CausalityInterfaceForComposites.java:696)
	at ptolemy.actor.util.CausalityInterfaceForComposites._computeOutputPortDepth(CausalityInterfaceForComposites.java:765)
	at ptolemy.actor.util.CausalityInterfaceForComposites._computeInputDepth(CausalityInterfaceForComposites.java:696)
	at ptolemy.actor.util.CausalityInterfaceForComposites._computeOutputPortDepth(CausalityInterfaceForComposites.java:765)
	at ptolemy.actor.util.CausalityInterfaceForComposites._computeInputDepth(CausalityInterfaceForComposites.java:696)
	at ptolemy.actor.util.CausalityInterfaceForComposites._computeActorDepth(CausalityInterfaceForComposites.java:532)
	at ptolemy.actor.util.CausalityInterfaceForComposites.checkForCycles(CausalityInterfaceForComposites.java:96)
	at ptolemy.domains.de.kernel.DEDirector.preinitialize(DEDirector.java:1338)
	at ptolemy.actor.CompositeActor.preinitialize(CompositeActor.java:1828)
	at ptolemy.actor.Manager.preinitializeAndResolveTypes(Manager.java:1040)
	at ptolemy.actor.Manager.initialize(Manager.java:710)
	at ptolemy.actor.Manager.execute(Manager.java:356)
	at ptolemy.actor.Manager.run(Manager.java:1263)
	at ptolemy.actor.Manager$PtolemyRunThread.run(Manager.java:1915)
java.lang.RuntimeException: Execution failed
	at ptolemy.moml.MoMLSimpleApplication$UnloadThread.run(MoMLSimpleApplication.java:402)
Caused by: ptolemy.kernel.util.IllegalActionException: Actor is not ready to fire.  Perhaps UpSample.prefire() returned false? Try debugging the actor by selecting "Listen to Actor".  Also, for SDF check moml for tokenConsumptionRate on input.
  in .DESDFClockTest.Play Bell.Copy1:SDF Director and .DESDFClockTest.Play Bell.UpSample
	at ptolemy.actor.sched.StaticSchedulingDirector.fire(StaticSchedulingDirector.java:227)
	at ptolemy.domains.sdf.kernel.SDFDirector.fire(SDFDirector.java:500)
	at ptolemy.actor.CompositeActor.fire(CompositeActor.java:455)
	at ptolemy.domains.de.kernel.DEDirector._fire(DEDirector.java:1949)
	at ptolemy.domains.de.kernel.DEDirector.fire(DEDirector.java:502)
	at ptolemy.actor.CompositeActor.fire(CompositeActor.java:455)
	at ptolemy.actor.Manager.iterate(Manager.java:851)
	at ptolemy.actor.Manager.execute(Manager.java:369)
	at ptolemy.actor.Manager.run(Manager.java:1263)
	at ptolemy.actor.Manager$PtolemyRunThread.run(Manager.java:1915)
java.lang.RuntimeException: Execution failed
	at ptolemy.moml.MoMLSimpleApplication$UnloadThread.run(MoMLSimpleApplication.java:402)
Caused by: ptolemy.kernel.util.IllegalActionException: Actor is not ready to fire.  Perhaps UpSample.prefire() returned false? Try debugging the actor by selecting "Listen to Actor".  Also, for SDF check moml for tokenConsumptionRate on input.
  in .DESDFClockTest.Play Bell.Copy1:SDF Director and .DESDFClockTest.Play Bell.UpSample
	at ptolemy.actor.sched.StaticSchedulingDirector.fire(StaticSchedulingDirector.java:227)
	at ptolemy.domains.sdf.kernel.SDFDirector.fire(SDFDirector.java:500)
	at ptolemy.actor.CompositeActor.fire(CompositeActor.java:455)
	at ptolemy.domains.de.kernel.DEDirector._fire(DEDirector.java:1949)
	at ptolemy.domains.de.kernel.DEDirector.fire(DEDirector.java:502)
	at ptolemy.actor.CompositeActor.fire(CompositeActor.java:455)
	at ptolemy.actor.Manager.iterate(Manager.java:851)
	at ptolemy.actor.Manager.execute(Manager.java:369)
	at ptolemy.actor.Manager.run(Manager.java:1263)
	at ptolemy.actor.Manager$PtolemyRunThread.run(Manager.java:1915)
java.lang.reflect.InvocationTargetException
	at java.base/jdk.internal.reflect.NativeConstructorAccessorImpl.newInstance0(Native Method)
	at java.base/jdk.internal.reflect.NativeConstructorAccessorImpl.newInstance(NativeConstructorAccessorImpl.java:62)
	at java.base/jdk.internal.reflect.DelegatingConstructorAccessorImpl.newInstance(DelegatingConstructorAccessorImpl.java:45)
	at java.base/java.lang.reflect.Constructor.newInstance(Constructor.java:488)
	at ptolemy.util.test.junit.AutoKnownFailedTests.RunModel(AutoKnownFailedTests.java:105)
	at java.base/jdk.internal.reflect.NativeMethodAccessorImpl.invoke0(Native Method)
	at java.base/jdk.internal.reflect.NativeMethodAccessorImpl.invoke(NativeMethodAccessorImpl.java:62)
	at java.base/jdk.internal.reflect.DelegatingMethodAccessorImpl.invoke(DelegatingMethodAccessorImpl.java:43)
	at java.base/java.lang.reflect.Method.invoke(Method.java:564)
	at org.junit.runners.model.FrameworkMethod$1.runReflectiveCall(FrameworkMethod.java:44)
	at org.junit.internal.runners.model.ReflectiveCallable.run(ReflectiveCallable.java:15)
	at org.junit.runners.model.FrameworkMethod.invokeExplosively(FrameworkMethod.java:41)
	at junitparams.internal.InvokeParameterisedMethod.evaluate(InvokeParameterisedMethod.java:102)
	at org.junit.internal.runners.statements.FailOnTimeout$1.run(FailOnTimeout.java:28)
Caused by: ptolemy.kernel.util.IllegalActionException: Actor is not ready to fire.  Perhaps UpSample.prefire() returned false? Try debugging the actor by selecting "Listen to Actor".  Also, for SDF check moml for tokenConsumptionRate on input.
  in .DESDFClockTest.Play Bell.Copy1:SDF Director and .DESDFClockTest.Play Bell.UpSample
	at ptolemy.actor.sched.StaticSchedulingDirector.fire(StaticSchedulingDirector.java:227)
	at ptolemy.domains.sdf.kernel.SDFDirector.fire(SDFDirector.java:500)
	at ptolemy.actor.CompositeActor.fire(CompositeActor.java:455)
	at ptolemy.domains.de.kernel.DEDirector._fire(DEDirector.java:1949)
	at ptolemy.domains.de.kernel.DEDirector.fire(DEDirector.java:502)
	at ptolemy.actor.CompositeActor.fire(CompositeActor.java:455)
	at ptolemy.actor.Manager.iterate(Manager.java:851)
	at ptolemy.actor.Manager.execute(Manager.java:369)
	at ptolemy.actor.Manager.run(Manager.java:1263)
	at ptolemy.actor.Manager$PtolemyRunThread.run(Manager.java:1915)
java.lang.RuntimeException: Execution failed
	at ptolemy.moml.MoMLSimpleApplication$UnloadThread.run(MoMLSimpleApplication.java:402)
Caused by: ptolemy.kernel.util.IllegalActionException: Test fails in iteration 1.
Value was: 1.0. Should have been: 2.0
  in .DirectFeedback.Test
	at ptolemy.actor.lib.Test.fire(Test.java:268)
	at ptolemy.domains.de.kernel.DEDirector._fire(DEDirector.java:1949)
	at ptolemy.domains.de.kernel.DEDirector.fire(DEDirector.java:502)
	at ptolemy.actor.CompositeActor.fire(CompositeActor.java:455)
	at ptolemy.actor.Manager.iterate(Manager.java:851)
	at ptolemy.actor.Manager.execute(Manager.java:369)
	at ptolemy.actor.Manager.run(Manager.java:1263)
	at ptolemy.actor.Manager$PtolemyRunThread.run(Manager.java:1915)
java.lang.reflect.InvocationTargetException
	at java.base/jdk.internal.reflect.NativeConstructorAccessorImpl.newInstance0(Native Method)
	at java.base/jdk.internal.reflect.NativeConstructorAccessorImpl.newInstance(NativeConstructorAccessorImpl.java:62)
	at java.base/jdk.internal.reflect.DelegatingConstructorAccessorImpl.newInstance(DelegatingConstructorAccessorImpl.java:45)
	at java.base/java.lang.reflect.Constructor.newInstance(Constructor.java:488)
	at ptolemy.util.test.junit.AutoKnownFailedTests.RunModel(AutoKnownFailedTests.java:105)
	at java.base/jdk.internal.reflect.NativeMethodAccessorImpl.invoke0(Native Method)
	at java.base/jdk.internal.reflect.NativeMethodAccessorImpl.invoke(NativeMethodAccessorImpl.java:62)
	at java.base/jdk.internal.reflect.DelegatingMethodAccessorImpl.invoke(DelegatingMethodAccessorImpl.java:43)
	at java.base/java.lang.reflect.Method.invoke(Method.java:564)
	at org.junit.runners.model.FrameworkMethod$1.runReflectiveCall(FrameworkMethod.java:44)
	at org.junit.internal.runners.model.ReflectiveCallable.run(ReflectiveCallable.java:15)
	at org.junit.runners.model.FrameworkMethod.invokeExplosively(FrameworkMethod.java:41)
	at junitparams.internal.InvokeParameterisedMethod.evaluate(InvokeParameterisedMethod.java:102)
	at org.junit.internal.runners.statements.FailOnTimeout$1.run(FailOnTimeout.java:28)
Caused by: ptolemy.kernel.util.IllegalActionException: Test fails in iteration 1.
Value was: 1.0. Should have been: 2.0
  in .DirectFeedback.Test
	at ptolemy.actor.lib.Test.fire(Test.java:268)
	at ptolemy.domains.de.kernel.DEDirector._fire(DEDirector.java:1949)
	at ptolemy.domains.de.kernel.DEDirector.fire(DEDirector.java:502)
	at ptolemy.actor.CompositeActor.fire(CompositeActor.java:455)
	at ptolemy.actor.Manager.iterate(Manager.java:851)
	at ptolemy.actor.Manager.execute(Manager.java:369)
	at ptolemy.actor.Manager.run(Manager.java:1263)
	at ptolemy.actor.Manager$PtolemyRunThread.run(Manager.java:1915)
java.lang.RuntimeException: Execution failed
	at ptolemy.moml.MoMLSimpleApplication$UnloadThread.run(MoMLSimpleApplication.java:402)
Caused by: ptolemy.kernel.util.IllegalActionException: Found a zero delay loop containing .HierarchicalModel.A
  in .HierarchicalModel and .HierarchicalModel.A
	at ptolemy.actor.util.CausalityInterfaceForComposites._computeOutputPortDepth(CausalityInterfaceForComposites.java:759)
	at ptolemy.actor.util.CausalityInterfaceForComposites._computeInputDepth(CausalityInterfaceForComposites.java:696)
	at ptolemy.actor.util.CausalityInterfaceForComposites._computeOutputPortDepth(CausalityInterfaceForComposites.java:765)
	at ptolemy.actor.util.CausalityInterfaceForComposites._computeInputDepth(CausalityInterfaceForComposites.java:696)
	at ptolemy.actor.util.CausalityInterfaceForComposites._computeOutputPortDepth(CausalityInterfaceForComposites.java:765)
	at ptolemy.actor.util.CausalityInterfaceForComposites._computeInputDepth(CausalityInterfaceForComposites.java:696)
	at ptolemy.actor.util.CausalityInterfaceForComposites._computeActorDepth(CausalityInterfaceForComposites.java:532)
	at ptolemy.actor.util.CausalityInterfaceForComposites.checkForCycles(CausalityInterfaceForComposites.java:96)
	at ptolemy.domains.de.kernel.DEDirector.preinitialize(DEDirector.java:1338)
	at ptolemy.actor.CompositeActor.preinitialize(CompositeActor.java:1828)
	at ptolemy.actor.Manager.preinitializeAndResolveTypes(Manager.java:1040)
	at ptolemy.actor.Manager.initialize(Manager.java:710)
	at ptolemy.actor.Manager.execute(Manager.java:356)
	at ptolemy.actor.Manager.run(Manager.java:1263)
	at ptolemy.actor.Manager$PtolemyRunThread.run(Manager.java:1915)
java.lang.reflect.InvocationTargetException
	at java.base/jdk.internal.reflect.NativeConstructorAccessorImpl.newInstance0(Native Method)
	at java.base/jdk.internal.reflect.NativeConstructorAccessorImpl.newInstance(NativeConstructorAccessorImpl.java:62)
	at java.base/jdk.internal.reflect.DelegatingConstructorAccessorImpl.newInstance(DelegatingConstructorAccessorImpl.java:45)
	at java.base/java.lang.reflect.Constructor.newInstance(Constructor.java:488)
	at ptolemy.util.test.junit.AutoKnownFailedTests.RunModel(AutoKnownFailedTests.java:105)
	at java.base/jdk.internal.reflect.NativeMethodAccessorImpl.invoke0(Native Method)
	at java.base/jdk.internal.reflect.NativeMethodAccessorImpl.invoke(NativeMethodAccessorImpl.java:62)
	at java.base/jdk.internal.reflect.DelegatingMethodAccessorImpl.invoke(DelegatingMethodAccessorImpl.java:43)
	at java.base/java.lang.reflect.Method.invoke(Method.java:564)
	at org.junit.runners.model.FrameworkMethod$1.runReflectiveCall(FrameworkMethod.java:44)
	at org.junit.internal.runners.model.ReflectiveCallable.run(ReflectiveCallable.java:15)
	at org.junit.runners.model.FrameworkMethod.invokeExplosively(FrameworkMethod.java:41)
	at junitparams.internal.InvokeParameterisedMethod.evaluate(InvokeParameterisedMethod.java:102)
	at org.junit.internal.runners.statements.FailOnTimeout$1.run(FailOnTimeout.java:28)
Caused by: ptolemy.kernel.util.IllegalActionException: Found a zero delay loop containing .HierarchicalModel.A
  in .HierarchicalModel and .HierarchicalModel.A
	at ptolemy.actor.util.CausalityInterfaceForComposites._computeOutputPortDepth(CausalityInterfaceForComposites.java:759)
	at ptolemy.actor.util.CausalityInterfaceForComposites._computeInputDepth(CausalityInterfaceForComposites.java:696)
	at ptolemy.actor.util.CausalityInterfaceForComposites._computeOutputPortDepth(CausalityInterfaceForComposites.java:765)
	at ptolemy.actor.util.CausalityInterfaceForComposites._computeInputDepth(CausalityInterfaceForComposites.java:696)
	at ptolemy.actor.util.CausalityInterfaceForComposites._computeOutputPortDepth(CausalityInterfaceForComposites.java:765)
	at ptolemy.actor.util.CausalityInterfaceForComposites._computeInputDepth(CausalityInterfaceForComposites.java:696)
	at ptolemy.actor.util.CausalityInterfaceForComposites._computeActorDepth(CausalityInterfaceForComposites.java:532)
	at ptolemy.actor.util.CausalityInterfaceForComposites.checkForCycles(CausalityInterfaceForComposites.java:96)
	at ptolemy.domains.de.kernel.DEDirector.preinitialize(DEDirector.java:1338)
	at ptolemy.actor.CompositeActor.preinitialize(CompositeActor.java:1828)
	at ptolemy.actor.Manager.preinitializeAndResolveTypes(Manager.java:1040)
	at ptolemy.actor.Manager.initialize(Manager.java:710)
	at ptolemy.actor.Manager.execute(Manager.java:356)
	at ptolemy.actor.Manager.run(Manager.java:1263)
	at ptolemy.actor.Manager$PtolemyRunThread.run(Manager.java:1915)
java.lang.RuntimeException: Execution failed
	at ptolemy.moml.MoMLSimpleApplication$UnloadThread.run(MoMLSimpleApplication.java:402)
Caused by: ptolemy.kernel.util.IllegalActionException: Found a zero delay loop containing .dependencyLoop.original
  in .dependencyLoop and .dependencyLoop.original
	at ptolemy.actor.util.CausalityInterfaceForComposites._computeOutputPortDepth(CausalityInterfaceForComposites.java:759)
	at ptolemy.actor.util.CausalityInterfaceForComposites._computeInputDepth(CausalityInterfaceForComposites.java:696)
	at ptolemy.actor.util.CausalityInterfaceForComposites._computeOutputPortDepth(CausalityInterfaceForComposites.java:765)
	at ptolemy.actor.util.CausalityInterfaceForComposites._computeInputDepth(CausalityInterfaceForComposites.java:696)
	at ptolemy.actor.util.CausalityInterfaceForComposites._computeOutputPortDepth(CausalityInterfaceForComposites.java:765)
	at ptolemy.actor.util.CausalityInterfaceForComposites._computeInputDepth(CausalityInterfaceForComposites.java:696)
	at ptolemy.actor.util.CausalityInterfaceForComposites._computeActorDepth(CausalityInterfaceForComposites.java:532)
	at ptolemy.actor.util.CausalityInterfaceForComposites.checkForCycles(CausalityInterfaceForComposites.java:96)
	at ptolemy.domains.de.kernel.DEDirector.preinitialize(DEDirector.java:1338)
	at ptolemy.actor.CompositeActor.preinitialize(CompositeActor.java:1828)
	at ptolemy.actor.Manager.preinitializeAndResolveTypes(Manager.java:1040)
	at ptolemy.actor.Manager.initialize(Manager.java:710)
	at ptolemy.actor.Manager.execute(Manager.java:356)
	at ptolemy.actor.Manager.run(Manager.java:1263)
	at ptolemy.actor.Manager$PtolemyRunThread.run(Manager.java:1915)
java.lang.reflect.InvocationTargetException
	at java.base/jdk.internal.reflect.NativeConstructorAccessorImpl.newInstance0(Native Method)
	at java.base/jdk.internal.reflect.NativeConstructorAccessorImpl.newInstance(NativeConstructorAccessorImpl.java:62)
	at java.base/jdk.internal.reflect.DelegatingConstructorAccessorImpl.newInstance(DelegatingConstructorAccessorImpl.java:45)
	at java.base/java.lang.reflect.Constructor.newInstance(Constructor.java:488)
	at ptolemy.util.test.junit.AutoKnownFailedTests.RunModel(AutoKnownFailedTests.java:105)
	at java.base/jdk.internal.reflect.NativeMethodAccessorImpl.invoke0(Native Method)
	at java.base/jdk.internal.reflect.NativeMethodAccessorImpl.invoke(NativeMethodAccessorImpl.java:62)
	at java.base/jdk.internal.reflect.DelegatingMethodAccessorImpl.invoke(DelegatingMethodAccessorImpl.java:43)
	at java.base/java.lang.reflect.Method.invoke(Method.java:564)
	at org.junit.runners.model.FrameworkMethod$1.runReflectiveCall(FrameworkMethod.java:44)
	at org.junit.internal.runners.model.ReflectiveCallable.run(ReflectiveCallable.java:15)
	at org.junit.runners.model.FrameworkMethod.invokeExplosively(FrameworkMethod.java:41)
	at junitparams.internal.InvokeParameterisedMethod.evaluate(InvokeParameterisedMethod.java:102)
	at org.junit.internal.runners.statements.FailOnTimeout$1.run(FailOnTimeout.java:28)
Caused by: ptolemy.kernel.util.IllegalActionException: Found a zero delay loop containing .dependencyLoop.original
  in .dependencyLoop and .dependencyLoop.original
	at ptolemy.actor.util.CausalityInterfaceForComposites._computeOutputPortDepth(CausalityInterfaceForComposites.java:759)
	at ptolemy.actor.util.CausalityInterfaceForComposites._computeInputDepth(CausalityInterfaceForComposites.java:696)
	at ptolemy.actor.util.CausalityInterfaceForComposites._computeOutputPortDepth(CausalityInterfaceForComposites.java:765)
	at ptolemy.actor.util.CausalityInterfaceForComposites._computeInputDepth(CausalityInterfaceForComposites.java:696)
	at ptolemy.actor.util.CausalityInterfaceForComposites._computeOutputPortDepth(CausalityInterfaceForComposites.java:765)
	at ptolemy.actor.util.CausalityInterfaceForComposites._computeInputDepth(CausalityInterfaceForComposites.java:696)
	at ptolemy.actor.util.CausalityInterfaceForComposites._computeActorDepth(CausalityInterfaceForComposites.java:532)
	at ptolemy.actor.util.CausalityInterfaceForComposites.checkForCycles(CausalityInterfaceForComposites.java:96)
	at ptolemy.domains.de.kernel.DEDirector.preinitialize(DEDirector.java:1338)
	at ptolemy.actor.CompositeActor.preinitialize(CompositeActor.java:1828)
	at ptolemy.actor.Manager.preinitializeAndResolveTypes(Manager.java:1040)
	at ptolemy.actor.Manager.initialize(Manager.java:710)
	at ptolemy.actor.Manager.execute(Manager.java:356)
	at ptolemy.actor.Manager.run(Manager.java:1263)
	at ptolemy.actor.Manager$PtolemyRunThread.run(Manager.java:1915)
java.lang.RuntimeException: Execution failed
	at ptolemy.moml.MoMLSimpleApplication$UnloadThread.run(MoMLSimpleApplication.java:402)
Caused by: ptolemy.kernel.util.IllegalActionException: Found a zero delay loop containing .dependencyLoop2.original
  in .dependencyLoop2 and .dependencyLoop2.original
	at ptolemy.actor.util.CausalityInterfaceForComposites._computeOutputPortDepth(CausalityInterfaceForComposites.java:759)
	at ptolemy.actor.util.CausalityInterfaceForComposites._computeInputDepth(CausalityInterfaceForComposites.java:696)
	at ptolemy.actor.util.CausalityInterfaceForComposites._computeOutputPortDepth(CausalityInterfaceForComposites.java:765)
	at ptolemy.actor.util.CausalityInterfaceForComposites._computeInputDepth(CausalityInterfaceForComposites.java:696)
	at ptolemy.actor.util.CausalityInterfaceForComposites._computeOutputPortDepth(CausalityInterfaceForComposites.java:765)
	at ptolemy.actor.util.CausalityInterfaceForComposites._computeInputDepth(CausalityInterfaceForComposites.java:696)
	at ptolemy.actor.util.CausalityInterfaceForComposites._computeActorDepth(CausalityInterfaceForComposites.java:532)
	at ptolemy.actor.util.CausalityInterfaceForComposites.checkForCycles(CausalityInterfaceForComposites.java:96)
	at ptolemy.domains.de.kernel.DEDirector.preinitialize(DEDirector.java:1338)
	at ptolemy.actor.CompositeActor.preinitialize(CompositeActor.java:1828)
	at ptolemy.actor.Manager.preinitializeAndResolveTypes(Manager.java:1040)
	at ptolemy.actor.Manager.initialize(Manager.java:710)
	at ptolemy.actor.Manager.execute(Manager.java:356)
	at ptolemy.actor.Manager.run(Manager.java:1263)
	at ptolemy.actor.Manager$PtolemyRunThread.run(Manager.java:1915)
java.lang.reflect.InvocationTargetException
	at java.base/jdk.internal.reflect.NativeConstructorAccessorImpl.newInstance0(Native Method)
	at java.base/jdk.internal.reflect.NativeConstructorAccessorImpl.newInstance(NativeConstructorAccessorImpl.java:62)
	at java.base/jdk.internal.reflect.DelegatingConstructorAccessorImpl.newInstance(DelegatingConstructorAccessorImpl.java:45)
	at java.base/java.lang.reflect.Constructor.newInstance(Constructor.java:488)
	at ptolemy.util.test.junit.AutoKnownFailedTests.RunModel(AutoKnownFailedTests.java:105)
	at java.base/jdk.internal.reflect.NativeMethodAccessorImpl.invoke0(Native Method)
	at java.base/jdk.internal.reflect.NativeMethodAccessorImpl.invoke(NativeMethodAccessorImpl.java:62)
	at java.base/jdk.internal.reflect.DelegatingMethodAccessorImpl.invoke(DelegatingMethodAccessorImpl.java:43)
	at java.base/java.lang.reflect.Method.invoke(Method.java:564)
	at org.junit.runners.model.FrameworkMethod$1.runReflectiveCall(FrameworkMethod.java:44)
	at org.junit.internal.runners.model.ReflectiveCallable.run(ReflectiveCallable.java:15)
	at org.junit.runners.model.FrameworkMethod.invokeExplosively(FrameworkMethod.java:41)
	at junitparams.internal.InvokeParameterisedMethod.evaluate(InvokeParameterisedMethod.java:102)
	at org.junit.internal.runners.statements.FailOnTimeout$1.run(FailOnTimeout.java:28)
Caused by: ptolemy.kernel.util.IllegalActionException: Found a zero delay loop containing .dependencyLoop2.original
  in .dependencyLoop2 and .dependencyLoop2.original
	at ptolemy.actor.util.CausalityInterfaceForComposites._computeOutputPortDepth(CausalityInterfaceForComposites.java:759)
	at ptolemy.actor.util.CausalityInterfaceForComposites._computeInputDepth(CausalityInterfaceForComposites.java:696)
	at ptolemy.actor.util.CausalityInterfaceForComposites._computeOutputPortDepth(CausalityInterfaceForComposites.java:765)
	at ptolemy.actor.util.CausalityInterfaceForComposites._computeInputDepth(CausalityInterfaceForComposites.java:696)
	at ptolemy.actor.util.CausalityInterfaceForComposites._computeOutputPortDepth(CausalityInterfaceForComposites.java:765)
	at ptolemy.actor.util.CausalityInterfaceForComposites._computeInputDepth(CausalityInterfaceForComposites.java:696)
	at ptolemy.actor.util.CausalityInterfaceForComposites._computeActorDepth(CausalityInterfaceForComposites.java:532)
	at ptolemy.actor.util.CausalityInterfaceForComposites.checkForCycles(CausalityInterfaceForComposites.java:96)
	at ptolemy.domains.de.kernel.DEDirector.preinitialize(DEDirector.java:1338)
	at ptolemy.actor.CompositeActor.preinitialize(CompositeActor.java:1828)
	at ptolemy.actor.Manager.preinitializeAndResolveTypes(Manager.java:1040)
	at ptolemy.actor.Manager.initialize(Manager.java:710)
	at ptolemy.actor.Manager.execute(Manager.java:356)
	at ptolemy.actor.Manager.run(Manager.java:1263)
	at ptolemy.actor.Manager$PtolemyRunThread.run(Manager.java:1915)
]]></system-err>
</testsuite>
