<?xml version="1.0" encoding="UTF-8" ?>
<testsuite errors="1" failures="1" hostname="travis-job-d6cddc7f-aa7b-477e-b75f-3a3dba11ee7f" name="ptolemy.actor.lib.test.junit.JUnitTclTest" skipped="0" tests="517" time="62.888" timestamp="2019-10-10T16:46:24">
  <properties>
    <property name="npm.executable" value="npm" />
    <property name="env.TRAVIS_ROOT" value="/" />
    <property name="ptII.mk.exists" value="true" />
    <property name="env.TRAVIS_APP_HOST" value="build.travis-ci.org" />
    <property name="env.rvm_bin_path" value="/home/travis/.rvm/bin" />
    <property name="java.home" value="/usr/local/lib/jvm/openjdk11" />
    <property name="env.TRAVIS_JOB_NUMBER" value="1356.8" />
    <property name="env.TRAVIS_HOME" value="/home/travis" />
    <property name="env.DISPLAY" value=":99.0" />
    <property name="env.TRAVIS_INIT" value="systemd" />
    <property name="env.SSH_TTY" value="/dev/pts/0" />
    <property name="java.net.preferIPv4Stack" value="true" />
    <property name="env.RUN_TESTS" value="true" />
    <property name="timeout.short" value="1000000" />
    <property name="junit.formatter" value="xml" />
    <property name="env.TRAVIS_SUDO" value="true" />
    <property name="env.TRAVIS_JOB_NAME" value="" />
    <property name="env.TRAVIS_STACK_NODE_ATTRIBUTES" value="/.node-attributes.yml" />
    <property name="env.LOGNAME" value="travis" />
    <property name="env.PT_TRAVIS_TEST_CORE1_XML" value="true" />
    <property name="jsdoc.home" value="node_modules/@terraswarm/jsdoc" />
    <property name="debuglevel" value="source,lines,vars" />
    <property name="checkstyle.formatter" value="xml" />
    <property name="env._system_version" value="16.04" />
    <property name="bin.vergil.makeable" value="true" />
    <property name="sun.os.patch.level" value="unknown" />
    <property name="java.vendor.url" value="http://java.oracle.com/" />
    <property name="env.TRAVIS_BUILD_WEB_URL" value="https://travis-ci.org/icyphy/ptII/builds/596191973" />
    <property name="java.version" value="11.0.2" />
    <property name="env.TZ" value="UTC" />
    <property name="env.TRAVIS_PULL_REQUEST_SHA" value="" />
    <property name="env.PT_NO_NET" value="true" />
    <property name="env.TRAVIS_SECURE_ENV_VARS" value="true" />
    <property name="env._system_type" value="Linux" />
    <property name="java.vendor.url.bug" value="http://bugreport.java.com/bugreport/" />
    <property name="npmjs-org-is-up" value="true" />
    <property name="env.LANGUAGE" value="en_US.UTF-8" />
    <property name="env.SSH_CLIENT" value="10.24.4.11 42248 22" />
    <property name="env.GEM_HOME" value="/home/travis/.rvm/gems/ruby-2.5.3" />
    <property name="env.HAS_ANTARES_THREE_LITTLE_FRONZIES_BADGE" value="true" />
    <property name="java.version.date" value="2019-01-15" />
    <property name="env.PS4" value="+" />
    <property name="ant.project.invoked-targets" value="build,test.core1.xml" />
    <property name="env.TRAVIS_PULL_REQUEST_BRANCH" value="" />
    <property name="env.TRAVIS_REPO_SLUG" value="icyphy/ptII" />
    <property name="env.XDG_DATA_DIRS" value="/usr/local/share:/usr/share:/var/lib/snapd/desktop" />
    <property name="jdk.debug" value="release" />
    <property name="env.TRAVIS_APT_PROXY" value="http://apt.cache.travis-ci.com" />
    <property name="node.in.path" value="true" />
    <property name="user.name" value="travis" />
    <property name="java.maxmemory" value="1400m" />
    <property name="env.RUBY_VERSION" value="ruby-2.5.3" />
    <property name="env.LANG" value="en_US.UTF-8" />
    <property name="sun.io.unicode.encoding" value="UnicodeLittle" />
    <property name="sun.jnu.encoding" value="UTF-8" />
    <property name="java.runtime.name" value="OpenJDK Runtime Environment" />
    <property name="usefile" value="false" />
    <property name="return.code" value="0" />
    <property name="junit.single.formatter" value="plain" />
    <property name="env.DYLD_LIBRARY_PATH" value="/home/travis/pthla/certi-tools/lib:" />
    <property name="env.DEBIAN_FRONTEND" value="noninteractive" />
    <property name="env.SSH_CONNECTION" value="10.24.4.11 42248 10.20.2.210 22" />
    <property name="env.MYSQL_UNIX_PORT" value="/var/run/mysqld/mysqld.sock" />
    <property name="env.LC_ALL" value="en_US.UTF-8" />
    <property name="env.TRAVIS_ALLOW_FAILURE" value="false" />
    <property name="env.TRAVIS_JOB_WEB_URL" value="https://travis-ci.org/icyphy/ptII/jobs/596191981" />
    <property name="java.specification.name" value="Java Platform API Specification" />
    <property name="node.works" value="true" />
    <property name="user.timezone" value="" />
    <property name="path.separator" value=":" />
    <property name="env.TRAVIS_ENABLE_INFRA_DETECTION" value="true" />
    <property name="env.PYTHON_CFLAGS" value="-g -fstack-protector --param=ssp-buffer-size=4 -Wformat -Werror=format-security" />
    <property name="timeout.long" value="4000000" />
    <property name="env.CERTI_HOME" value="/home/travis/pthla/certi-tools" />
    <property name="ant.file.ptII" value="/home/travis/build/icyphy/ptII/build.xml" />
    <property name="javadoc.packagenames" value="com.*,diva.*,lbnl.*,org.hlacerti.*,org.json.*,org.ptolemy.*,org.terraswarm.*,ptolemy.*,ptserver.*" />
    <property name="file.encoding" value="UTF-8" />
    <property name="env.TRAVIS_PULL_REQUEST_SLUG" value="" />
    <property name="ant.project.default-target" value="build" />
    <property name="env.GIT_ASKPASS" value="echo" />
    <property name="env.HOME" value="/home/travis" />
    <property name="sun.java.command" value="org.apache.tools.ant.taskdefs.optional.junit.JUnitTestRunner ptolemy.actor.lib.test.junit.JUnitTclTest skipNonTests=false filtertrace=true haltOnError=false haltOnFailure=false formatter=org.apache.tools.ant.taskdefs.optional.junit.OutErrSummaryJUnitResultFormatter showoutput=true outputtoformatters=true logfailedtests=true threadid=0 logtestlistenerevents=false formatter=org.apache.tools.ant.taskdefs.optional.junit.XMLJUnitResultFormatter,/home/travis/build/icyphy/ptII/reports/junit/TEST-ptolemy.actor.lib.test.junit.JUnitTclTest.xml crashfile=/home/travis/build/icyphy/ptII/junitvmwatcher8129508558794442692.properties propsfile=/home/travis/build/icyphy/ptII/junit5703350182430735890.properties" />
    <property name="env.COMPOSER_NO_INTERACTION" value="1" />
    <property name="env.MANPATH" value="/home/travis/.nvm/versions/node/v7.10.1/share/man:/home/travis/.rvm/rubies/ruby-2.5.3/share/man:/usr/local/cmake-3.12.4/man:/usr/local/clang-7.0.0/share/man:/usr/local/man:/usr/local/share/man:/usr/share/man:/home/travis/.rvm/man" />
    <property name="env.TRAVIS_TIMER_ID" value="00f7bb96" />
    <property name="ant.file" value="/home/travis/build/icyphy/ptII/build.xml" />
    <property name="env.TRAVIS_COMMIT_RANGE" value="1691c4a63a7f...de6e956dc8a8" />
    <property name="env._system_name" value="Ubuntu" />
    <property name="ptII.classpath.optional.property" value="/home/travis/build/icyphy/ptII/lib/bsh-2.0b4.jar:/home/travis/build/icyphy/ptII/lib/ptCal.jar:/home/travis/build/icyphy/ptII/lib/java_cup.jar:/home/travis/build/icyphy/ptII/lib/saxon8.jar:/home/travis/build/icyphy/ptII/lib/saxon8-dom.jar:/home/travis/build/icyphy/ptII/lib/chic.jar:/home/travis/build/icyphy/ptII/lib/ptcolt.jar:/home/travis/build/icyphy/ptII/vendors/misc/itext/iText.jar:/home/travis/build/icyphy/ptII/lib/g4ltl.jar:/home/travis/build/icyphy/ptII/lib/StructuralCoder.jar:/home/travis/build/icyphy/ptII/lib/jcerti.jar:/home/travis/build/icyphy/ptII/lib/javax.mail.jar:/home/travis/build/icyphy/ptII/vendors/JMF-2.1.1e/lib/jmf.jar:/home/travis/build/icyphy/ptII/lib/jna-4.0.0-variadic.jar:/home/travis/build/icyphy/ptII/vendors/misc/joystick/Joystick.jar:/home/travis/build/icyphy/ptII/lib/ptjacl.jar:/home/travis/build/icyphy/ptII/lib/jsoup-1.8.2.jar:/home/travis/build/icyphy/ptII/lib/junit-4.8.2.jar:/home/travis/build/icyphy/ptII/lib/JUnitParams-0.4.0.jar:/home/travis/build/icyphy/ptII/ptolemy/actor/lib/excel/jxl.jar:/home/travis/build/icyphy/ptII/lib/jython.jar:/home/travis/build/icyphy/ptII/lib/kieler.jar:/home/travis/build/icyphy/ptII/vendors/opencv/share/OpenCV/java/opencv-341.jar:/home/travis/build/icyphy/ptII/lib/oscP5.jar:/home/travis/build/icyphy/ptII/lib/nrjavaserial-3.11.0.devel.jar:/home/travis/build/icyphy/ptII/vendors/j3d/lib/Linux/j3dcore.jar:/home/travis/build/icyphy/ptII/vendors/j3d/lib/Linux/j3dutils.jar:/home/travis/build/icyphy/ptII/vendors/j3d/lib/Linux/vecmath.jar:/home/travis/build/icyphy/ptII/vendors/jogl/lib/Linux/gluegen-rt-natives-linux-amd64.jar:/home/travis/build/icyphy/ptII/vendors/jogl/lib/Linux/gluegen-rt.jar:/home/travis/build/icyphy/ptII/vendors/jogl/lib/Linux/jogl-all-natives-linux-amd64.jar:/home/travis/build/icyphy/ptII/vendors/jogl/lib/Linux/jogl-all.jar:/home/travis/build/icyphy/ptII/ptolemy/distributed/jini/jar/jini-core.jar:/home/travis/build/icyphy/ptII/ptolemy/distributed/jini/jar/jini-ext.jar:/home/travis/build/icyphy/ptII/ptolemy/distributed/jini/jar/sun-util.jar:/home/travis/build/icyphy/ptII/lib/protobuf-java-2.4.1.jar:/home/travis/build/icyphy/ptII/lib/org.eclipse.paho.client.mqttv3.jar:/home/travis/build/icyphy/ptII/lib/mapss.jar:/home/travis/build/icyphy/ptII/ptolemy/actor/ptalon/antlr/antlr.jar:/home/travis/build/icyphy/ptII/lib/JRI.jar:/home/travis/build/icyphy/ptII/lib/commons-lang-2.6.jar:/home/travis/build/icyphy/ptII/lib/commons-logging-1.1.1.jar:/home/travis/build/icyphy/ptII/lib/sootclasses.jar:/home/travis/build/icyphy/ptII/ptolemy/actor/lib/database/mysql-connector-java-5.1.6-bin.jar:/home/travis/build/icyphy/ptII/vendors/misc/sphinx4/sphinx4-data-5prealpha.jar:/home/travis/build/icyphy/ptII/vendors/misc/sphinx4/sphinx4-core-5prealpha.jar:/home/travis/build/icyphy/ptII/lib/PDFRenderer.jar:/home/travis/build/icyphy/ptII/lib/svgSalamander.jar:/home/travis/build/icyphy/ptII/lib/rsyntaxtextarea-2.6.0-SNAPSHOT.jar:/home/travis/build/icyphy/ptII/lib/hazelcast-3.8.2.jar:/home/travis/build/icyphy/ptII/lib/jackson-annotations-2.9.0.jar:/home/travis/build/icyphy/ptII/lib/jackson-core-2.9.3.jar:/home/travis/build/icyphy/ptII/lib/jackson-databind-2.9.3.jar:/home/travis/build/icyphy/ptII/lib/netty-buffer-4.1.19.Final.jar:/home/travis/build/icyphy/ptII/lib/netty-codec-4.1.19.Final.jar:/home/travis/build/icyphy/ptII/lib/netty-codec-dns-4.1.19.Final.jar:/home/travis/build/icyphy/ptII/lib/netty-codec-http-4.1.19.Final.jar:/home/travis/build/icyphy/ptII/lib/netty-codec-http2-4.1.19.Final.jar:/home/travis/build/icyphy/ptII/lib/netty-common-4.1.19.Final.jar:/home/travis/build/icyphy/ptII/lib/netty-handler-4.1.19.Final.jar:/home/travis/build/icyphy/ptII/lib/netty-resolver-4.1.19.Final.jar:/home/travis/build/icyphy/ptII/lib/netty-resolver-dns-4.1.19.Final.jar:/home/travis/build/icyphy/ptII/lib/netty-transport-4.1.19.Final.jar:/home/travis/build/icyphy/ptII/lib/vertx-codegen-3.5.1.jar:/home/travis/build/icyphy/ptII/lib/vertx-core-3.5.2-SNAPSHOT.jar:/home/travis/build/icyphy/ptII/lib/vertx-hazelcast-3.5.1.jar:/home/travis/build/icyphy/ptII/lib/vertx-lang-js-3.5.1.jar:/home/travis/build/icyphy/ptII/lib/vertx-service-proxy-3.5.1.jar:/home/travis/build/icyphy/ptII/lib/vertx-web-3.5.1.jar:/home/travis/build/icyphy/ptII/lib/slf4j-api-1.7.13.jar:/home/travis/build/icyphy/ptII/lib/slf4j-simple-1.7.13.jar:/home/travis/build/icyphy/ptII/lib/webcam-capture-0.3.12.jar:/home/travis/build/icyphy/ptII/lib/bridj-0.7.0.jar:/home/travis/build/icyphy/ptII/lib/xbjlib-1.1.0.nrjavaserial.jar" />
    <property name="timeout" value="2400000" />
    <property name="test.batch" value="**/junit/*.java" />
    <property name="env._" value="/usr/bin/timeout" />
    <property name="java.io.tmpdir" value="/tmp" />
    <property name="user.language" value="en" />
    <property name="env.TRAVIS_INTERNAL_RUBY_REGEX" value="^ruby-(2\.[0-4]\.[0-9]|1\.9\.3)" />
    <property name="env.HISTCONTROL" value="ignoredups:ignorespace" />
    <property name="env.GOROOT" value="/home/travis/.gimme/versions/go1.11.1.linux.amd64" />
    <property name="line.separator" value="&#xa;" />
    <property name="target" value="11" />
    <property name="env.TRAVIS_BUILD_DIR" value="/home/travis/build/icyphy/ptII" />
    <property name="env.ANT_OPTS" value="-Xmx2048m" />
    <property name="ant.file.type" value="file" />
    <property name="ptolemy.ptII.batchMode" value="true" />
    <property name="env.HISTSIZE" value="1000" />
    <property name="env.MERB_ENV" value="test" />
    <property name="java.vm.info" value="mixed mode" />
    <property name="source" value="11" />
    <property name="java.vm.specification.name" value="Java Virtual Machine Specification" />
    <property name="env.TRAVIS_TEST_RESULT" value="0" />
    <property name="jsdoc.command" value="node_modules/@terraswarm/jsdoc/jsdoc.js" />
    <property name="npm.works" value="true" />
    <property name="cobertura.dir" value="/home/travis/build/icyphy/ptII/vendors/cobertura-2.0.3" />
    <property name="jsdoc.command.exists" value="true" />
    <property name="env.rvm_path" value="/home/travis/.rvm" />
    <property name="env.GEM_PATH" value="/home/travis/.rvm/gems/ruby-2.5.3:/home/travis/.rvm/gems/ruby-2.5.3@global" />
    <property name="env.LC_CTYPE" value="en_US.UTF-8" />
    <property name="env.TRAVIS_CMD" value="$PTII/bin/ptIITravisBuild.sh $SECONDS" />
    <property name="java.awt.printerjob" value="sun.print.PSPrinterJob" />
    <property name="env.TRAVIS_STACK_NAME" value="sardonyx" />
    <property name="env.TRAVIS_TIMER_START_TIME" value="1570725240260863573" />
    <property name="ant.version" value="Apache Ant(TM) version 1.10.1 compiled on February 2 2017" />
    <property name="ptII.reports" value="/home/travis/build/icyphy/ptII/reports" />
    <property name="env.TRAVIS_STACK_TIMESTAMP" value="2019-03-25 16:16:56 UTC" />
    <property name="ant.file.type.ptII" value="file" />
    <property name="env.RBENV_SHELL" value="bash" />
    <property name="os.name" value="Linux" />
    <property name="java.specification.vendor" value="Oracle Corporation" />
    <property name="env.rvm_version" value="1.29.7 (latest)" />
    <property name="env.TRAVIS_INFRA" value="unknown" />
    <property name="env.TERM" value="xterm" />
    <property name="java.vm.name" value="OpenJDK 64-Bit Server VM" />
    <property name="env.TRAVIS_BUILD_NUMBER" value="1356" />
    <property name="env.CI" value="true" />
    <property name="java.library.path" value="/home/travis/pthla/certi-tools/lib:/usr/lib/jni:/usr/local/share/OpenCV/java/:/usr/share/OpenCV/java::/usr/java/packages/lib:/usr/lib64:/lib64:/lib:/usr/lib" />
    <property name="jdk.module.path" value="/home/travis/build/icyphy/ptII/vendors/javafx/javafx-sdk-11.0.2/lib:" />
    <property name="env.rvm_prefix" value="/home/travis" />
    <property name="env.PATH" value="/home/travis/pthla/certi-tools/share/scripts:/home/travis/.rvm/gems/ruby-2.5.3/bin:/home/travis/.rvm/gems/ruby-2.5.3@global/bin:/home/travis/.rvm/rubies/ruby-2.5.3/bin:/home/travis/.rvm/bin:/home/travis/.nvm/versions/node/v7.10.1/bin:./node_modules/.bin:/home/travis/build/icyphy/ptII/bin:/home/travis/pthla/certi-tools/bin:/home/travis/bin:/home/travis/.local/bin:/usr/local/lib/jvm/openjdk11/bin:/opt/pyenv/shims:/home/travis/.phpenv/shims:/home/travis/perl5/perlbrew/bin:/home/travis/gopath/bin:/home/travis/.gimme/versions/go1.11.1.linux.amd64/bin:/usr/local/maven-3.6.0/bin:/usr/local/cmake-3.12.4/bin:/usr/local/clang-7.0.0/bin:/usr/local/sbin:/usr/local/bin:/usr/sbin:/usr/bin:/sbin:/bin:/snap/bin:/home/travis/.phpenv/bin:/opt/pyenv/bin:/home/travis/.yarn/bin" />
    <property name="env.TRAVIS_OS_NAME" value="linux" />
    <property name="ant.java.version" value="9" />
    <property name="basedir" value="/home/travis/build/icyphy/ptII" />
    <property name="java.class.version" value="55.0" />
    <property name="env.SHLVL" value="3" />
    <property name="env.LD_LIBRARY_PATH" value="/home/travis/pthla/certi-tools/lib:/usr/lib/jni:/usr/local/share/OpenCV/java/:/usr/share/OpenCV/java:" />
    <property name="env.RACK_ENV" value="test" />
    <property name="ant.home" value="/home/travis/build/icyphy/ptII/ant" />
    <property name="env.NVM_DIR" value="/home/travis/.nvm" />
    <property name="env.CERTI_FOM_PATH" value="/home/travis/pthla/certi-tools/share/federations" />
    <property name="env.TRAVIS_BUILD_ID" value="596191973" />
    <property name="env.PYENV_ROOT" value="/opt/pyenv" />
    <property name="env.TRAVIS_UID" value="2000" />
    <property name="prism.verbose" value="true" />
    <property name="env.NVM_BIN" value="/home/travis/.nvm/versions/node/v7.10.1/bin" />
    <property name="env.TRAVIS_COMMIT" value="de6e956dc8a8bed6a9540b1bfbfd4c18139f8eba" />
    <property name="env._system_arch" value="x86_64" />
    <property name="node.executable" value="node" />
    <property name="sun.boot.library.path" value="/usr/local/lib/jvm/openjdk11/lib" />
    <property name="sun.management.compiler" value="HotSpot 64-Bit Tiered Compilers" />
    <property name="java.awt.graphicsenv" value="sun.awt.X11GraphicsEnvironment" />
    <property name="env.GOPATH" value="/home/travis/gopath" />
    <property name="ptolemy.ptII.dir" value="/home/travis/build/icyphy/ptII" />
    <property name="env.USER" value="travis" />
    <property name="env.HISTFILESIZE" value="2000" />
    <property name="timeout.longest" value="19000000" />
    <property name="env.PERLBREW_SHELLRC_VERSION" value="0.86" />
    <property name="env.TRAVIS_STACK_FEATURES" value="basic couchdb disabled-ipv6 docker docker-compose elasticsearch firefox go-toolchain google-chrome jdk memcached mongodb mysql nodejs_interpreter perl_interpreter perlbrew phantomjs postgresql python_interpreter redis ruby_interpreter sqlite xserver" />
    <property name="env.TRAVIS_PULL_REQUEST" value="false" />
    <property name="env.PYENV_SHELL" value="bash" />
    <property name="ant.project.name" value="ptII" />
    <property name="env.ANSI_RESET" value="\033[0m" />
    <property name="java.vm.specification.version" value="11" />
    <property name="env.TRAVIS_DIST" value="xenial" />
    <property name="env.CERTI_VERSION" value="4.0.0" />
    <property name="env.CERTI_HOST" value="localhost" />
    <property name="awt.toolkit" value="sun.awt.X11.XToolkit" />
    <property name="env.MY_RUBY_HOME" value="/home/travis/.rvm/rubies/ruby-2.5.3" />
    <property name="sun.cpu.isalist" value="" />
    <property name="env.TRAVIS_TMPDIR" value="/tmp/tmp.aIVC0bd4tK" />
    <property name="java.vm.compressedOopsMode" value="Zero based" />
    <property name="os.version" value="4.15.0-1028-gcp" />
    <property name="user.home" value="/home/travis" />
    <property name="java.vm.vendor" value="Oracle Corporation" />
    <property name="env.TRAVIS_TAG" value="nightly" />
    <property name="env.ANSI_YELLOW" value="\033[33;1m" />
    <property name="env.TRAVIS_FILTERED" value="redirect_io" />
    <property name="env.ANSI_GREEN" value="\033[32;1m" />
    <property name="env.JAVA_HOME" value="/usr/local/lib/jvm/openjdk11" />
    <property name="javadoc.excludepackagenames" value="adm.cvs2svn.*,build.*,config.*,doc.coding.templates.*,jni.test.jni.meaningOfLife.*,jni.test.jni.testDeux.*,jni.test.jni.testTrois.*,org.terraswarm.accessor.accessors.web.node_modules.*,org.terraswarm.accessor.accessors.web.hosts.cordova.demo.*,org.terraswarm.accessor.accessors.web.hosts.cordova.plugins.*,org.terraswarm.accessor.accessors-svn.*,pt-modules.*,ptolemy.apps.agilent.*,ptolemy.apps.anytimecontrol.*,ptolemy.apps.apes.*,ptolemy.apps.charon.*,ptolemy.apps.crazyboard.*,ptolemy.apps.eclipse.*,ptolemy.apps.etherealSting.*,ptolemy.apps.fullscreen.*,ptolemy.apps.giotto.*,ptolemy.apps.ia.*,ptolemy.apps.interfaces.*,ptolemy.apps.jmf.*,ptolemy.apps.kurt.*,ptolemy.apps.kvm.*,ptolemy.apps.lego.*,ptolemy.apps.lejos.*,ptolemy.apps.midp.*,ptolemy.apps.mobileCoding.*,ptolemy.apps.pendulum.*,ptolemy.apps.rijndael.*,ptolemy.apps.robot.*,ptolemy.apps.security.*,ptolemy.apps.sobel.*,ptolemy.apps.soot.*,ptolemy.apps.throttle.*,ptolemy.apps.tini.*,ptolemy.apps.transmission.*,ptolemy.apps.vergil.*,ptolemy.apps.waba.*,ptolemy.apps.websensor.*,ptolemy.apps.webstart.*,ptolemy.apps.xsl.*,ptolemy.apps.zaurus.*,ptolemy.codegen.c.actor.lib.oldJavaFiles.*,ptolemy.codegen.dsp.lib.*,ptolemy.codegen.kernel.newInterfaces.*,ptolemy.codegen.lib.*,ptolemy.copernicus.kernel.fragment.*,ptolemy.copernicus.shallow.cg.*,ptolemy.domains.giotto.demo.Hierarchy.Hierarchy.*,ptolemy.domains.giotto.demo.Multimode.Multimode.*,ptolemy.domains.giotto.demo.Simple.Simple.*,ptolemy.domains.gr.lib.experimental.*,ptolemy.domains.gro.*,ptolemy.domains.pdf.*,ptolemy.domains.ptinyos.demo.Surge.output.*,ptolemy.moml.test.NoPackageActor.java*,ptolemy.plot.adm.*,ptolemy.plot.servlet.*,reports.*,signed.*,src.*,target.*,vendors.*,ptolemy.copernicus.applet.*,ptolemy.media.viewer.*,ptolemy.actor.corba.*,doc.doclets.*,ptolemy.apps.eclipse.awt.*,ptolemy.backtrack.*,ptolemy.backtrack.ast.*,ptolemy.cg.adapter.generic.program.procedural.c.mbed*,ptolemy.homer.*,ptolemy.actor.lib.jai.*,org.ptolemy.scala.*,diva.util.java2d.svg.*,ptolemy.domains.ptinyos.*,ptolemy.actor.lib.fmi.fmipp.*,,org.terraswarm.accessor.accessors.web.node_modules.*,org.terraswarm.accessor.accessors-svn,ptolemy.apps.*,ptolemy.actor.ptalon.demo.ptinyos.SendAndReceiveCnt.output,ptolemy.actor.ptalon.demo.ptinyos.SenseToLeds.output,ptolemy.domains.ptinyos.demo.CntToLedsAndRfm.output,ptolemy.domains.ptinyos.demo.RfmToLeds.output,ptolemy.domains.ptinyos.demo.SendAndReceiveCnt.output,ptolemy.domains.ptinyos.demo.SenseToLeds.output,ptolemy.actor.lib.jjs.modules.udpSocket.*" />
    <property name="env.PTII" value="/home/travis/build/icyphy/ptII" />
    <property name="env.XDG_SESSION_ID" value="2" />
    <property name="keystore" value="ptKeystore" />
    <property name="env.TRAVIS_COMMIT_MESSAGE" value="Conform most federations in org.hlacerti.models to HlaManager refactoring on&#xa;Jan 14 2019 commit 2ac9ee7576c. These folders need to be updated and checked:&#xa;3Federates4Values2Instances2Jokers, StaticMultiInstanceJoker and MicrostepReset." />
    <property name="junit.output.dir" value="/home/travis/build/icyphy/ptII/reports/junit" />
    <property name="npm.return.code" value="0" />
    <property name="user.dir" value="/home/travis/build/icyphy/ptII/ptolemy/actor/lib/test" />
    <property name="env.TRAVIS_NODE_VERSION" value="7" />
    <property name="env.TRAVIS_EVENT_TYPE" value="push" />
    <property name="env.MAIL" value="/var/mail/travis" />
    <property name="env.PERLBREW_ROOT" value="/home/travis/perl5/perlbrew" />
    <property name="env.PWD" value="/home/travis/build/icyphy/ptII" />
    <property name="timeout.npm" value="45000" />
    <property name="env.TRAVIS_ARCH" value="amd64" />
    <property name="sun.cpu.endian" value="little" />
    <property name="env.PAGER" value="cat" />
    <property name="env.TRAVIS_BUILD_STAGE_NAME" value="Test" />
    <property name="env.PERLBREW_HOME" value="/home/travis/.perlbrew" />
    <property name="java.vm.version" value="11.0.2+9" />
    <property name="env.RAILS_ENV" value="test" />
    <property name="java.class.path" value="/home/travis/.ptolemyII:/home/travis/.ptolemyII/*:/home/travis/build/icyphy/ptII:/home/travis/build/icyphy/ptII/lib/bsh-2.0b4.jar:/home/travis/build/icyphy/ptII/lib/ptCal.jar:/home/travis/build/icyphy/ptII/lib/java_cup.jar:/home/travis/build/icyphy/ptII/lib/saxon8.jar:/home/travis/build/icyphy/ptII/lib/saxon8-dom.jar:/home/travis/build/icyphy/ptII/lib/chic.jar:/home/travis/build/icyphy/ptII/lib/ptcolt.jar:/home/travis/build/icyphy/ptII/vendors/misc/itext/iText.jar:/home/travis/build/icyphy/ptII/lib/g4ltl.jar:/home/travis/build/icyphy/ptII/lib/StructuralCoder.jar:/home/travis/build/icyphy/ptII/lib/jcerti.jar:/home/travis/build/icyphy/ptII/lib/javax.mail.jar:/home/travis/build/icyphy/ptII/vendors/JMF-2.1.1e/lib/jmf.jar:/home/travis/build/icyphy/ptII/lib/jna-4.0.0-variadic.jar:/home/travis/build/icyphy/ptII/vendors/misc/joystick/Joystick.jar:/home/travis/build/icyphy/ptII/lib/ptjacl.jar:/home/travis/build/icyphy/ptII/lib/jsoup-1.8.2.jar:/home/travis/build/icyphy/ptII/lib/junit-4.8.2.jar:/home/travis/build/icyphy/ptII/lib/JUnitParams-0.4.0.jar:/home/travis/build/icyphy/ptII/ptolemy/actor/lib/excel/jxl.jar:/home/travis/build/icyphy/ptII/lib/jython.jar:/home/travis/build/icyphy/ptII/lib/kieler.jar:/home/travis/build/icyphy/ptII/vendors/opencv/share/OpenCV/java/opencv-341.jar:/home/travis/build/icyphy/ptII/lib/oscP5.jar:/home/travis/build/icyphy/ptII/lib/nrjavaserial-3.11.0.devel.jar:/home/travis/build/icyphy/ptII/vendors/j3d/lib/Linux/j3dcore.jar:/home/travis/build/icyphy/ptII/vendors/j3d/lib/Linux/j3dutils.jar:/home/travis/build/icyphy/ptII/vendors/j3d/lib/Linux/vecmath.jar:/home/travis/build/icyphy/ptII/vendors/jogl/lib/Linux/gluegen-rt-natives-linux-amd64.jar:/home/travis/build/icyphy/ptII/vendors/jogl/lib/Linux/gluegen-rt.jar:/home/travis/build/icyphy/ptII/vendors/jogl/lib/Linux/jogl-all-natives-linux-amd64.jar:/home/travis/build/icyphy/ptII/vendors/jogl/lib/Linux/jogl-all.jar:/home/travis/build/icyphy/ptII/ptolemy/distributed/jini/jar/jini-core.jar:/home/travis/build/icyphy/ptII/ptolemy/distributed/jini/jar/jini-ext.jar:/home/travis/build/icyphy/ptII/ptolemy/distributed/jini/jar/sun-util.jar:/home/travis/build/icyphy/ptII/lib/protobuf-java-2.4.1.jar:/home/travis/build/icyphy/ptII/lib/org.eclipse.paho.client.mqttv3.jar:/home/travis/build/icyphy/ptII/lib/mapss.jar:/home/travis/build/icyphy/ptII/ptolemy/actor/ptalon/antlr/antlr.jar:/home/travis/build/icyphy/ptII/lib/JRI.jar:/home/travis/build/icyphy/ptII/lib/commons-lang-2.6.jar:/home/travis/build/icyphy/ptII/lib/commons-logging-1.1.1.jar:/home/travis/build/icyphy/ptII/lib/sootclasses.jar:/home/travis/build/icyphy/ptII/ptolemy/actor/lib/database/mysql-connector-java-5.1.6-bin.jar:/home/travis/build/icyphy/ptII/vendors/misc/sphinx4/sphinx4-data-5prealpha.jar:/home/travis/build/icyphy/ptII/vendors/misc/sphinx4/sphinx4-core-5prealpha.jar:/home/travis/build/icyphy/ptII/lib/PDFRenderer.jar:/home/travis/build/icyphy/ptII/lib/svgSalamander.jar:/home/travis/build/icyphy/ptII/lib/rsyntaxtextarea-2.6.0-SNAPSHOT.jar:/home/travis/build/icyphy/ptII/lib/hazelcast-3.8.2.jar:/home/travis/build/icyphy/ptII/lib/jackson-annotations-2.9.0.jar:/home/travis/build/icyphy/ptII/lib/jackson-core-2.9.3.jar:/home/travis/build/icyphy/ptII/lib/jackson-databind-2.9.3.jar:/home/travis/build/icyphy/ptII/lib/netty-buffer-4.1.19.Final.jar:/home/travis/build/icyphy/ptII/lib/netty-codec-4.1.19.Final.jar:/home/travis/build/icyphy/ptII/lib/netty-codec-dns-4.1.19.Final.jar:/home/travis/build/icyphy/ptII/lib/netty-codec-http-4.1.19.Final.jar:/home/travis/build/icyphy/ptII/lib/netty-codec-http2-4.1.19.Final.jar:/home/travis/build/icyphy/ptII/lib/netty-common-4.1.19.Final.jar:/home/travis/build/icyphy/ptII/lib/netty-handler-4.1.19.Final.jar:/home/travis/build/icyphy/ptII/lib/netty-resolver-4.1.19.Final.jar:/home/travis/build/icyphy/ptII/lib/netty-resolver-dns-4.1.19.Final.jar:/home/travis/build/icyphy/ptII/lib/netty-transport-4.1.19.Final.jar:/home/travis/build/icyphy/ptII/lib/vertx-codegen-3.5.1.jar:/home/travis/build/icyphy/ptII/lib/vertx-core-3.5.2-SNAPSHOT.jar:/home/travis/build/icyphy/ptII/lib/vertx-hazelcast-3.5.1.jar:/home/travis/build/icyphy/ptII/lib/vertx-lang-js-3.5.1.jar:/home/travis/build/icyphy/ptII/lib/vertx-service-proxy-3.5.1.jar:/home/travis/build/icyphy/ptII/lib/vertx-web-3.5.1.jar:/home/travis/build/icyphy/ptII/lib/slf4j-api-1.7.13.jar:/home/travis/build/icyphy/ptII/lib/slf4j-simple-1.7.13.jar:/home/travis/build/icyphy/ptII/lib/webcam-capture-0.3.12.jar:/home/travis/build/icyphy/ptII/lib/bridj-0.7.0.jar:/home/travis/build/icyphy/ptII/lib/xbjlib-1.1.0.nrjavaserial.jar:/home/travis/build/icyphy/ptII/ptolemy/moml/test:/home/travis/build/icyphy/ptII/ant/lib/ant-launcher.jar:/home/travis/build/icyphy/ptII/ant/lib/ant.jar:/home/travis/build/icyphy/ptII/ant/lib/ant-junit.jar:/home/travis/build/icyphy/ptII/ant/lib/ant-junit4.jar" />
    <property name="ant.library.dir" value="/home/travis/build/icyphy/ptII/ant/lib" />
    <property name="os.arch" value="amd64" />
    <property name="env.CONTINUOUS_INTEGRATION" value="true" />
    <property name="env.TRAVIS_LANGUAGE" value="node_js" />
    <property name="env.TRAVIS_STACK_LANGUAGES" value="__sardonyx__ c c++ clojure cplusplus cpp default generic go groovy java node_js php pure_java python ruby scala" />
    <property name="test.name" value="ptolemy.actor.lib.test.junit.JUnitTclTest" />
    <property name="env.APT_KEY_DONT_WARN_ON_DANGEROUS_USAGE" value="1" />
    <property name="sun.java.launcher" value="SUN_STANDARD" />
    <property name="env.PYTHON_CONFIGURE_OPTS" value="--enable-unicode=ucs4 --with-wide-unicode --enable-shared --enable-ipv6 --enable-loadable-sqlite-extensions --with-computed-gotos" />
    <property name="ant.core.lib" value="/home/travis/build/icyphy/ptII/ant/lib/ant.jar" />
    <property name="java.vm.specification.vendor" value="Oracle Corporation" />
    <property name="env.BCVTB_HOME" value="/home/travis/build/icyphy/ptII/lbnl" />
    <property name="file.separator" value="/" />
    <property name="spotbugs.home" value="/home/travis/build/icyphy/ptII/vendors/spotbugs-3.1.1" />
    <property name="java.runtime.version" value="11.0.2+9" />
    <property name="env.ANSI_CLEAR" value="\033[0K" />
    <property name="javafx.verbose" value="true" />
    <property name="env.HAS_JOSH_K_SEAL_OF_APPROVAL" value="true" />
    <property name="env.XDG_RUNTIME_DIR" value="/run/user/2000" />
    <property name="env.TRAVIS_OSX_IMAGE" value="" />
    <property name="env.TRAVIS_JOB_ID" value="596191981" />
    <property name="env.TRAVIS_BRANCH" value="master" />
    <property name="user.country" value="US" />
    <property name="env.CERTI_HOME_TRAVIS" value="/home/travis/pthla/certi-tools" />
    <property name="env.SHELL" value="/bin/bash" />
    <property name="java.maxmemory.large" value="3200m" />
    <property name="model" value="" />
    <property name="env.CASHER_DIR" value="/home/travis/.casher" />
    <property name="env.NVM_CD_FLAGS" value="" />
    <property name="java.vendor.version" value="18.9" />
    <property name="jshint.executable" value="/home/travis/node_modules/jshint/bin/jshint" />
    <property name="env.JRUBY_OPTS" value=" --client -J-XX:+TieredCompilation -J-XX:TieredStopAtLevel=1 -J-Xss2m -Xcompile.invokedynamic=false" />
    <property name="java.vendor" value="Oracle Corporation" />
    <property name="env.TRAVIS_PRE_CHEF_BOOTSTRAP_TIME" value="2019-03-25T16:16:42" />
    <property name="env.TRAVIS_STACK_JOB_BOARD_REGISTER" value="/.job-board-register.yml" />
    <property name="env.ANSI_RED" value="\033[31;1m" />
    <property name="java.specification.version" value="11" />
    <property name="env.IRBRC" value="/home/travis/.rvm/rubies/ruby-2.5.3/.irbrc" />
    <property name="env.TRAVIS" value="true" />
    <property name="sun.arch.data.model" value="64" />
  </properties>
  <testcase classname="ptolemy.util.test.junit.TclTests" name="[0] /home/travis/build/icyphy/ptII/ptolemy/actor/lib/test/AbsoluteValue.tcl (RunTclFile)" time="0.573" />
  <testcase classname="ptolemy.util.test.junit.TclTests" name="[1] /home/travis/build/icyphy/ptII/ptolemy/actor/lib/test/AddSubtract.tcl (RunTclFile)" time="0.224" />
  <testcase classname="ptolemy.util.test.junit.TclTests" name="[2] /home/travis/build/icyphy/ptII/ptolemy/actor/lib/test/Average.tcl (RunTclFile)" time="0.077" />
  <testcase classname="ptolemy.util.test.junit.TclTests" name="[3] /home/travis/build/icyphy/ptII/ptolemy/actor/lib/test/Bernoulli.tcl (RunTclFile)" time="0.038" />
  <testcase classname="ptolemy.util.test.junit.TclTests" name="[4] /home/travis/build/icyphy/ptII/ptolemy/actor/lib/test/Clock.tcl (RunTclFile)" time="0.123" />
  <testcase classname="ptolemy.util.test.junit.TclTests" name="[5] /home/travis/build/icyphy/ptII/ptolemy/actor/lib/test/Commutator.tcl (RunTclFile)" time="0.198" />
  <testcase classname="ptolemy.util.test.junit.TclTests" name="[6] /home/travis/build/icyphy/ptII/ptolemy/actor/lib/test/Const.tcl (RunTclFile)" time="0.084" />
  <testcase classname="ptolemy.util.test.junit.TclTests" name="[7] /home/travis/build/icyphy/ptII/ptolemy/actor/lib/test/CurrentTime.tcl (RunTclFile)" time="0.02" />
  <testcase classname="ptolemy.util.test.junit.TclTests" name="[8] /home/travis/build/icyphy/ptII/ptolemy/actor/lib/test/DB.tcl (RunTclFile)" time="0.044" />
  <testcase classname="ptolemy.util.test.junit.TclTests" name="[9] /home/travis/build/icyphy/ptII/ptolemy/actor/lib/test/DiscreteRandomSource.tcl (RunTclFile)" time="0.033" />
  <testcase classname="ptolemy.util.test.junit.TclTests" name="[10] /home/travis/build/icyphy/ptII/ptolemy/actor/lib/test/Distributor.tcl (RunTclFile)" time="0.051" />
  <testcase classname="ptolemy.util.test.junit.TclTests" name="[11] /home/travis/build/icyphy/ptII/ptolemy/actor/lib/test/Exit.tcl (RunTclFile)" time="0.105" />
  <testcase classname="ptolemy.util.test.junit.TclTests" name="[12] /home/travis/build/icyphy/ptII/ptolemy/actor/lib/test/Expression.tcl (RunTclFile)" time="0.147" />
  <testcase classname="ptolemy.util.test.junit.TclTests" name="[13] /home/travis/build/icyphy/ptII/ptolemy/actor/lib/test/Gaussian.tcl (RunTclFile)" time="0.211" />
  <testcase classname="ptolemy.util.test.junit.TclTests" name="[14] /home/travis/build/icyphy/ptII/ptolemy/actor/lib/test/IIR.tcl (RunTclFile)" time="0.044" />
  <testcase classname="ptolemy.util.test.junit.TclTests" name="[15] /home/travis/build/icyphy/ptII/ptolemy/actor/lib/test/Interpolator.tcl (RunTclFile)" time="0.12" />
  <testcase classname="ptolemy.util.test.junit.TclTests" name="[16] /home/travis/build/icyphy/ptII/ptolemy/actor/lib/test/MathFunction.tcl (RunTclFile)" time="0.06" />
  <testcase classname="ptolemy.util.test.junit.TclTests" name="[17] /home/travis/build/icyphy/ptII/ptolemy/actor/lib/test/Maximum.tcl (RunTclFile)" time="0.025" />
  <testcase classname="ptolemy.util.test.junit.TclTests" name="[18] /home/travis/build/icyphy/ptII/ptolemy/actor/lib/test/Minimum.tcl (RunTclFile)" time="0.039" />
  <testcase classname="ptolemy.util.test.junit.TclTests" name="[19] /home/travis/build/icyphy/ptII/ptolemy/actor/lib/test/MultiplyDivide.tcl (RunTclFile)" time="0.057" />
  <testcase classname="ptolemy.util.test.junit.TclTests" name="[20] /home/travis/build/icyphy/ptII/ptolemy/actor/lib/test/OrderedMerge.tcl (RunTclFile)" time="0.136" />
  <testcase classname="ptolemy.util.test.junit.TclTests" name="[21] /home/travis/build/icyphy/ptII/ptolemy/actor/lib/test/Publisher.tcl (RunTclFile)" time="0.835" />
  <testcase classname="ptolemy.util.test.junit.TclTests" name="[22] /home/travis/build/icyphy/ptII/ptolemy/actor/lib/test/Pulse.tcl (RunTclFile)" time="0.038" />
  <testcase classname="ptolemy.util.test.junit.TclTests" name="[23] /home/travis/build/icyphy/ptII/ptolemy/actor/lib/test/Ramp.tcl (RunTclFile)" time="2.343" />
  <testcase classname="ptolemy.util.test.junit.TclTests" name="[24] /home/travis/build/icyphy/ptII/ptolemy/actor/lib/test/RampContinuous.tcl (RunTclFile)" time="0.025" />
  <testcase classname="ptolemy.util.test.junit.TclTests" name="[25] /home/travis/build/icyphy/ptII/ptolemy/actor/lib/test/RecordAssembler.tcl (RunTclFile)" time="0.02" />
  <testcase classname="ptolemy.util.test.junit.TclTests" name="[26] /home/travis/build/icyphy/ptII/ptolemy/actor/lib/test/RecordDisassembler.tcl (RunTclFile)" time="0.047" />
  <testcase classname="ptolemy.util.test.junit.TclTests" name="[27] /home/travis/build/icyphy/ptII/ptolemy/actor/lib/test/Scale.tcl (RunTclFile)" time="0.03" />
  <testcase classname="ptolemy.util.test.junit.TclTests" name="[28] /home/travis/build/icyphy/ptII/ptolemy/actor/lib/test/SequentialClock.tcl (RunTclFile)" time="0.026" />
  <testcase classname="ptolemy.util.test.junit.TclTests" name="[29] /home/travis/build/icyphy/ptII/ptolemy/actor/lib/test/SetVariable.tcl (RunTclFile)" time="0.027">
    <failure message="Number of failed tests is has increased. expected:&lt;0&gt; but was:&lt;1&gt;" type="junit.framework.AssertionFailedError">junit.framework.AssertionFailedError: Number of failed tests is has increased. expected:&lt;0&gt; but was:&lt;1&gt;
	at ptolemy.util.test.junit.TclTests.RunTclFile(TclTests.java:286)
	at jdk.internal.reflect.GeneratedMethodAccessor19.invoke(Unknown Source)
	at java.base/jdk.internal.reflect.DelegatingMethodAccessorImpl.invoke(DelegatingMethodAccessorImpl.java:43)
	at junitparams.internal.InvokeParameterisedMethod.evaluate(InvokeParameterisedMethod.java:102)
	at junitparams.internal.ParameterisedTestMethodRunner.runMethodInvoker(ParameterisedTestMethodRunner.java:47)
	at junitparams.internal.ParameterisedTestMethodRunner.runTestMethod(ParameterisedTestMethodRunner.java:41)
	at junitparams.internal.ParameterisedTestClassRunner.runParameterisedTest(ParameterisedTestClassRunner.java:143)
	at junitparams.JUnitParamsRunner.runChild(JUnitParamsRunner.java:237)
	at junitparams.JUnitParamsRunner.runChild(JUnitParamsRunner.java:215)
</failure>
  </testcase>
  <testcase classname="ptolemy.util.test.junit.TclTests" name="[30] /home/travis/build/icyphy/ptII/ptolemy/actor/lib/test/Sinewave.tcl (RunTclFile)" time="0.064" />
  <testcase classname="ptolemy.util.test.junit.TclTests" name="[31] /home/travis/build/icyphy/ptII/ptolemy/actor/lib/test/SubscriptionAggregator.tcl (RunTclFile)" time="2.407" />
  <testcase classname="ptolemy.util.test.junit.TclTests" name="[32] /home/travis/build/icyphy/ptII/ptolemy/actor/lib/test/Test.tcl (RunTclFile)" time="0.165" />
  <testcase classname="ptolemy.util.test.junit.TclTests" name="[33] /home/travis/build/icyphy/ptII/ptolemy/actor/lib/test/TestExceptionHandler.tcl (RunTclFile)" time="0.026" />
  <testcase classname="ptolemy.util.test.junit.TclTests" name="[34] /home/travis/build/icyphy/ptII/ptolemy/actor/lib/test/UnionDisassembler.tcl (RunTclFile)" time="0.096" />
  <testcase classname="ptolemy.util.test.junit.TclTests" name="[35] /home/travis/build/icyphy/ptII/ptolemy/actor/lib/test/VariableClock.tcl (RunTclFile)" time="0.027" />
  <testcase classname="ptolemy.util.test.junit.AutoKnownFailedTests" name="[0] /home/travis/build/icyphy/ptII/ptolemy/actor/lib/test/auto/knownFailedTests/PublisherPortToplevelSubscriber.xml (RunModel)" time="0.027" />
  <testcase classname="ptolemy.util.test.junit.AutoKnownFailedTests" name="[1] /home/travis/build/icyphy/ptII/ptolemy/actor/lib/test/auto/knownFailedTests/PublisherSubscriberPortToplevel.xml (RunModel)" time="0.023" />
  <testcase classname="ptolemy.util.test.junit.AutoKnownFailedTests" name="[2] /home/travis/build/icyphy/ptII/ptolemy/actor/lib/test/auto/knownFailedTests/PublisherSubscriptionAggregatorPort.xml (RunModel)" time="0.024" />
  <testcase classname="ptolemy.util.test.junit.AutoKnownFailedTests" name="[3] /home/travis/build/icyphy/ptII/ptolemy/actor/lib/test/auto/knownFailedTests/sizedarray3.xml (RunModel)" time="0.03" />
  <testcase classname="ptolemy.util.test.junit.AutoNameArchTests" name="[0] ThereAreNoAutoArchTests (RunModel)" time="0.002" />
  <testcase classname="ptolemy.util.test.junit.AutoTests" name="[0] /home/travis/build/icyphy/ptII/ptolemy/actor/lib/test/auto/AbsoluteValue.xml (RunModel)" time="0.131" />
  <testcase classname="ptolemy.util.test.junit.AutoTests" name="[1] /home/travis/build/icyphy/ptII/ptolemy/actor/lib/test/auto/AbsoluteValue2.xml (RunModel)" time="0.088" />
  <testcase classname="ptolemy.util.test.junit.AutoTests" name="[2] /home/travis/build/icyphy/ptII/ptolemy/actor/lib/test/auto/Accumulator.xml (RunModel)" time="0.069" />
  <testcase classname="ptolemy.util.test.junit.AutoTests" name="[3] /home/travis/build/icyphy/ptII/ptolemy/actor/lib/test/auto/Accumulator2.xml (RunModel)" time="0.047" />
  <testcase classname="ptolemy.util.test.junit.AutoTests" name="[4] /home/travis/build/icyphy/ptII/ptolemy/actor/lib/test/auto/Accumulator3.xml (RunModel)" time="0.029" />
  <testcase classname="ptolemy.util.test.junit.AutoTests" name="[5] /home/travis/build/icyphy/ptII/ptolemy/actor/lib/test/auto/ArrayAppend.xml (RunModel)" time="0.039" />
  <testcase classname="ptolemy.util.test.junit.AutoTests" name="[6] /home/travis/build/icyphy/ptII/ptolemy/actor/lib/test/auto/ArrayAppend2.xml (RunModel)" time="0.454" />
  <testcase classname="ptolemy.util.test.junit.AutoTests" name="[7] /home/travis/build/icyphy/ptII/ptolemy/actor/lib/test/auto/ArrayAppend3.xml (RunModel)" time="0.031" />
  <testcase classname="ptolemy.util.test.junit.AutoTests" name="[8] /home/travis/build/icyphy/ptII/ptolemy/actor/lib/test/auto/ArrayAppend4.xml (RunModel)" time="0.05" />
  <testcase classname="ptolemy.util.test.junit.AutoTests" name="[9] /home/travis/build/icyphy/ptII/ptolemy/actor/lib/test/auto/ArrayAppend5.xml (RunModel)" time="0.024" />
  <testcase classname="ptolemy.util.test.junit.AutoTests" name="[10] /home/travis/build/icyphy/ptII/ptolemy/actor/lib/test/auto/ArrayAppend6.xml (RunModel)" time="0.02" />
  <testcase classname="ptolemy.util.test.junit.AutoTests" name="[11] /home/travis/build/icyphy/ptII/ptolemy/actor/lib/test/auto/ArrayAppendPerformanceTest.xml (RunModel)" time="0.078" />
  <testcase classname="ptolemy.util.test.junit.AutoTests" name="[12] /home/travis/build/icyphy/ptII/ptolemy/actor/lib/test/auto/ArrayAppendWithEmptyInput.xml (RunModel)" time="0.065" />
  <testcase classname="ptolemy.util.test.junit.AutoTests" name="[13] /home/travis/build/icyphy/ptII/ptolemy/actor/lib/test/auto/ArrayAverage.xml (RunModel)" time="0.065" />
  <testcase classname="ptolemy.util.test.junit.AutoTests" name="[14] /home/travis/build/icyphy/ptII/ptolemy/actor/lib/test/auto/ArrayContains.xml (RunModel)" time="0.052" />
  <testcase classname="ptolemy.util.test.junit.AutoTests" name="[15] /home/travis/build/icyphy/ptII/ptolemy/actor/lib/test/auto/ArrayElement.xml (RunModel)" time="0.034" />
  <testcase classname="ptolemy.util.test.junit.AutoTests" name="[16] /home/travis/build/icyphy/ptII/ptolemy/actor/lib/test/auto/ArrayElementAsMatrix.xml (RunModel)" time="0.046" />
  <testcase classname="ptolemy.util.test.junit.AutoTests" name="[17] /home/travis/build/icyphy/ptII/ptolemy/actor/lib/test/auto/ArrayElementI.xml (RunModel)" time="0.024" />
  <testcase classname="ptolemy.util.test.junit.AutoTests" name="[18] /home/travis/build/icyphy/ptII/ptolemy/actor/lib/test/auto/ArrayExtract.xml (RunModel)" time="0.046" />
  <testcase classname="ptolemy.util.test.junit.AutoTests" name="[19] /home/travis/build/icyphy/ptII/ptolemy/actor/lib/test/auto/ArrayExtract2.xml (RunModel)" time="0.024" />
  <testcase classname="ptolemy.util.test.junit.AutoTests" name="[20] /home/travis/build/icyphy/ptII/ptolemy/actor/lib/test/auto/ArrayLength.xml (RunModel)" time="0.024" />
  <testcase classname="ptolemy.util.test.junit.AutoTests" name="[21] /home/travis/build/icyphy/ptII/ptolemy/actor/lib/test/auto/ArrayLevelCrossing.xml (RunModel)" time="0.048" />
  <testcase classname="ptolemy.util.test.junit.AutoTests" name="[22] /home/travis/build/icyphy/ptII/ptolemy/actor/lib/test/auto/ArrayLevelCrossing2.xml (RunModel)" time="0.028" />
  <testcase classname="ptolemy.util.test.junit.AutoTests" name="[23] /home/travis/build/icyphy/ptII/ptolemy/actor/lib/test/auto/ArrayPeakSearch.xml (RunModel)" time="0.067" />
  <testcase classname="ptolemy.util.test.junit.AutoTests" name="[24] /home/travis/build/icyphy/ptII/ptolemy/actor/lib/test/auto/ArrayPeakSearch2.xml (RunModel)" time="0.053" />
  <testcase classname="ptolemy.util.test.junit.AutoTests" name="[25] /home/travis/build/icyphy/ptII/ptolemy/actor/lib/test/auto/ArrayPeakSearch3.xml (RunModel)" time="0.041" />
  <testcase classname="ptolemy.util.test.junit.AutoTests" name="[26] /home/travis/build/icyphy/ptII/ptolemy/actor/lib/test/auto/ArrayRemoveElement.xml (RunModel)" time="0.04" />
  <testcase classname="ptolemy.util.test.junit.AutoTests" name="[27] /home/travis/build/icyphy/ptII/ptolemy/actor/lib/test/auto/ArraySort.xml (RunModel)" time="0.047" />
  <testcase classname="ptolemy.util.test.junit.AutoTests" name="[28] /home/travis/build/icyphy/ptII/ptolemy/actor/lib/test/auto/ArraySum.xml (RunModel)" time="0.027" />
  <testcase classname="ptolemy.util.test.junit.AutoTests" name="[29] /home/travis/build/icyphy/ptII/ptolemy/actor/lib/test/auto/ArrayToElements.xml (RunModel)" time="0.029" />
  <testcase classname="ptolemy.util.test.junit.AutoTests" name="[30] /home/travis/build/icyphy/ptII/ptolemy/actor/lib/test/auto/ArrayToMatrix.xml (RunModel)" time="0.075" />
  <testcase classname="ptolemy.util.test.junit.AutoTests" name="[31] /home/travis/build/icyphy/ptII/ptolemy/actor/lib/test/auto/ArrayUpdate1.xml (RunModel)" time="0.027" />
  <testcase classname="ptolemy.util.test.junit.AutoTests" name="[32] /home/travis/build/icyphy/ptII/ptolemy/actor/lib/test/auto/ArrayUpdate2.xml (RunModel)" time="0.017" />
  <testcase classname="ptolemy.util.test.junit.AutoTests" name="[33] /home/travis/build/icyphy/ptII/ptolemy/actor/lib/test/auto/ArrayUpdate3.xml (RunModel)" time="0.02" />
  <testcase classname="ptolemy.util.test.junit.AutoTests" name="[34] /home/travis/build/icyphy/ptII/ptolemy/actor/lib/test/auto/Assert1.xml (RunModel)" time="0.034" />
  <testcase classname="ptolemy.util.test.junit.AutoTests" name="[35] /home/travis/build/icyphy/ptII/ptolemy/actor/lib/test/auto/Assert2.xml (RunModel)" time="0.013" />
  <testcase classname="ptolemy.util.test.junit.AutoTests" name="[36] /home/travis/build/icyphy/ptII/ptolemy/actor/lib/test/auto/BooleanMultiplexor.xml (RunModel)" time="0.018" />
  <testcase classname="ptolemy.util.test.junit.AutoTests" name="[37] /home/travis/build/icyphy/ptII/ptolemy/actor/lib/test/auto/BooleanMultiplexor2.xml (RunModel)" time="0.032" />
  <testcase classname="ptolemy.util.test.junit.AutoTests" name="[38] /home/travis/build/icyphy/ptII/ptolemy/actor/lib/test/auto/BooleanMultiplexor3.xml (RunModel)" time="0.025" />
  <testcase classname="ptolemy.util.test.junit.AutoTests" name="[39] /home/travis/build/icyphy/ptII/ptolemy/actor/lib/test/auto/BooleanSelect.xml (RunModel)" time="0.025" />
  <testcase classname="ptolemy.util.test.junit.AutoTests" name="[40] /home/travis/build/icyphy/ptII/ptolemy/actor/lib/test/auto/BooleanSelect2.xml (RunModel)" time="0.015" />
  <testcase classname="ptolemy.util.test.junit.AutoTests" name="[41] /home/travis/build/icyphy/ptII/ptolemy/actor/lib/test/auto/BooleanSwitch.xml (RunModel)" time="0.023" />
  <testcase classname="ptolemy.util.test.junit.AutoTests" name="[42] /home/travis/build/icyphy/ptII/ptolemy/actor/lib/test/auto/BooleanSwitch2.xml (RunModel)" time="0.014" />
  <testcase classname="ptolemy.util.test.junit.AutoTests" name="[43] /home/travis/build/icyphy/ptII/ptolemy/actor/lib/test/auto/BooleanSwitchCloningBugWithClassRelationGroup.xml (RunModel)" time="0.024" />
  <testcase classname="ptolemy.util.test.junit.AutoTests" name="[44] /home/travis/build/icyphy/ptII/ptolemy/actor/lib/test/auto/BusActors.xml (RunModel)" time="0.028" />
  <testcase classname="ptolemy.util.test.junit.AutoTests" name="[45] /home/travis/build/icyphy/ptII/ptolemy/actor/lib/test/auto/ClassWrapper.xml (RunModel)" time="0.034" />
  <testcase classname="ptolemy.util.test.junit.AutoTests" name="[46] /home/travis/build/icyphy/ptII/ptolemy/actor/lib/test/auto/Clock.xml (RunModel)" time="0.01" />
  <testcase classname="ptolemy.util.test.junit.AutoTests" name="[47] /home/travis/build/icyphy/ptII/ptolemy/actor/lib/test/auto/Clock10.xml (RunModel)" time="0.018" />
  <testcase classname="ptolemy.util.test.junit.AutoTests" name="[48] /home/travis/build/icyphy/ptII/ptolemy/actor/lib/test/auto/Clock11.xml (RunModel)" time="0.017" />
  <testcase classname="ptolemy.util.test.junit.AutoTests" name="[49] /home/travis/build/icyphy/ptII/ptolemy/actor/lib/test/auto/Clock12.xml (RunModel)" time="0.021" />
  <testcase classname="ptolemy.util.test.junit.AutoTests" name="[50] /home/travis/build/icyphy/ptII/ptolemy/actor/lib/test/auto/Clock13.xml (RunModel)" time="0.022" />
  <testcase classname="ptolemy.util.test.junit.AutoTests" name="[51] /home/travis/build/icyphy/ptII/ptolemy/actor/lib/test/auto/Clock14.xml (RunModel)" time="0.025" />
  <testcase classname="ptolemy.util.test.junit.AutoTests" name="[52] /home/travis/build/icyphy/ptII/ptolemy/actor/lib/test/auto/Clock15.xml (RunModel)" time="0.02" />
  <testcase classname="ptolemy.util.test.junit.AutoTests" name="[53] /home/travis/build/icyphy/ptII/ptolemy/actor/lib/test/auto/Clock16.xml (RunModel)" time="0.11" />
  <testcase classname="ptolemy.util.test.junit.AutoTests" name="[54] /home/travis/build/icyphy/ptII/ptolemy/actor/lib/test/auto/Clock17.xml (RunModel)" time="0.077" />
  <testcase classname="ptolemy.util.test.junit.AutoTests" name="[55] /home/travis/build/icyphy/ptII/ptolemy/actor/lib/test/auto/Clock18.xml (RunModel)" time="0.05" />
  <testcase classname="ptolemy.util.test.junit.AutoTests" name="[56] /home/travis/build/icyphy/ptII/ptolemy/actor/lib/test/auto/Clock19.xml (RunModel)" time="0.045" />
  <testcase classname="ptolemy.util.test.junit.AutoTests" name="[57] /home/travis/build/icyphy/ptII/ptolemy/actor/lib/test/auto/Clock2.xml (RunModel)" time="0.023" />
  <testcase classname="ptolemy.util.test.junit.AutoTests" name="[58] /home/travis/build/icyphy/ptII/ptolemy/actor/lib/test/auto/Clock20.xml (RunModel)" time="0.025" />
  <testcase classname="ptolemy.util.test.junit.AutoTests" name="[59] /home/travis/build/icyphy/ptII/ptolemy/actor/lib/test/auto/Clock21.xml (RunModel)" time="0.015" />
  <testcase classname="ptolemy.util.test.junit.AutoTests" name="[60] /home/travis/build/icyphy/ptII/ptolemy/actor/lib/test/auto/Clock22.xml (RunModel)" time="0.015" />
  <testcase classname="ptolemy.util.test.junit.AutoTests" name="[61] /home/travis/build/icyphy/ptII/ptolemy/actor/lib/test/auto/Clock23.xml (RunModel)" time="0.021" />
  <testcase classname="ptolemy.util.test.junit.AutoTests" name="[62] /home/travis/build/icyphy/ptII/ptolemy/actor/lib/test/auto/Clock24.xml (RunModel)" time="0.019" />
  <testcase classname="ptolemy.util.test.junit.AutoTests" name="[63] /home/travis/build/icyphy/ptII/ptolemy/actor/lib/test/auto/Clock4.xml (RunModel)" time="0.013" />
  <testcase classname="ptolemy.util.test.junit.AutoTests" name="[64] /home/travis/build/icyphy/ptII/ptolemy/actor/lib/test/auto/Clock5.xml (RunModel)" time="0.021" />
  <testcase classname="ptolemy.util.test.junit.AutoTests" name="[65] /home/travis/build/icyphy/ptII/ptolemy/actor/lib/test/auto/Clock6.xml (RunModel)" time="0.01" />
  <testcase classname="ptolemy.util.test.junit.AutoTests" name="[66] /home/travis/build/icyphy/ptII/ptolemy/actor/lib/test/auto/Clock7.xml (RunModel)" time="0.012" />
  <testcase classname="ptolemy.util.test.junit.AutoTests" name="[67] /home/travis/build/icyphy/ptII/ptolemy/actor/lib/test/auto/Clock8.xml (RunModel)" time="0.016" />
  <testcase classname="ptolemy.util.test.junit.AutoTests" name="[68] /home/travis/build/icyphy/ptII/ptolemy/actor/lib/test/auto/Clock9.xml (RunModel)" time="0.018" />
  <testcase classname="ptolemy.util.test.junit.AutoTests" name="[69] /home/travis/build/icyphy/ptII/ptolemy/actor/lib/test/auto/CommDistDiscard.xml (RunModel)" time="0.021" />
  <testcase classname="ptolemy.util.test.junit.AutoTests" name="[70] /home/travis/build/icyphy/ptII/ptolemy/actor/lib/test/auto/Commutator.xml (RunModel)" time="0.02" />
  <testcase classname="ptolemy.util.test.junit.AutoTests" name="[71] /home/travis/build/icyphy/ptII/ptolemy/actor/lib/test/auto/Commutator2.xml (RunModel)" time="0.011" />
  <testcase classname="ptolemy.util.test.junit.AutoTests" name="[72] /home/travis/build/icyphy/ptII/ptolemy/actor/lib/test/auto/Commutator3.xml (RunModel)" time="0.013" />
  <testcase classname="ptolemy.util.test.junit.AutoTests" name="[73] /home/travis/build/icyphy/ptII/ptolemy/actor/lib/test/auto/Compare.xml (RunModel)" time="0.023" />
  <testcase classname="ptolemy.util.test.junit.AutoTests" name="[74] /home/travis/build/icyphy/ptII/ptolemy/actor/lib/test/auto/CompareDE.xml (RunModel)" time="0.027" />
  <testcase classname="ptolemy.util.test.junit.AutoTests" name="[75] /home/travis/build/icyphy/ptII/ptolemy/actor/lib/test/auto/ComplexDivide.xml (RunModel)" time="0.011" />
  <testcase classname="ptolemy.util.test.junit.AutoTests" name="[76] /home/travis/build/icyphy/ptII/ptolemy/actor/lib/test/auto/ComputeHistogram.xml (RunModel)" time="0.076" />
  <testcase classname="ptolemy.util.test.junit.AutoTests" name="[77] /home/travis/build/icyphy/ptII/ptolemy/actor/lib/test/auto/ConfigurationSelect.xml (RunModel)" time="0.022" />
  <testcase classname="ptolemy.util.test.junit.AutoTests" name="[78] /home/travis/build/icyphy/ptII/ptolemy/actor/lib/test/auto/ConfigurationSelect2.xml (RunModel)" time="0.019" />
  <testcase classname="ptolemy.util.test.junit.AutoTests" name="[79] /home/travis/build/icyphy/ptII/ptolemy/actor/lib/test/auto/ConfigurationSwitch.xml (RunModel)" time="0.026" />
  <testcase classname="ptolemy.util.test.junit.AutoTests" name="[80] /home/travis/build/icyphy/ptII/ptolemy/actor/lib/test/auto/ConfigurationSwitch2.xml (RunModel)" time="0.029" />
  <testcase classname="ptolemy.util.test.junit.AutoTests" name="[81] /home/travis/build/icyphy/ptII/ptolemy/actor/lib/test/auto/ConfigurationSwitchCloningBugWithClassRelationGroup.xml (RunModel)" time="0.025" />
  <testcase classname="ptolemy.util.test.junit.AutoTests" name="[82] /home/travis/build/icyphy/ptII/ptolemy/actor/lib/test/auto/ConfigurationSwitchSelectSDF.xml (RunModel)" time="0.015" />
  <testcase classname="ptolemy.util.test.junit.AutoTests" name="[83] /home/travis/build/icyphy/ptII/ptolemy/actor/lib/test/auto/ConfigurationSwitchSelectSDF2.xml (RunModel)" time="0.022" />
  <testcase classname="ptolemy.util.test.junit.AutoTests" name="[84] /home/travis/build/icyphy/ptII/ptolemy/actor/lib/test/auto/Const.xml (RunModel)" time="0.008" />
  <testcase classname="ptolemy.util.test.junit.AutoTests" name="[85] /home/travis/build/icyphy/ptII/ptolemy/actor/lib/test/auto/Const2.xml (RunModel)" time="0.012" />
  <testcase classname="ptolemy.util.test.junit.AutoTests" name="[86] /home/travis/build/icyphy/ptII/ptolemy/actor/lib/test/auto/Const3.xml (RunModel)" time="0.01" />
  <testcase classname="ptolemy.util.test.junit.AutoTests" name="[87] /home/travis/build/icyphy/ptII/ptolemy/actor/lib/test/auto/ConstantPublisherPort1.xml (RunModel)" time="0.025" />
  <testcase classname="ptolemy.util.test.junit.AutoTests" name="[88] /home/travis/build/icyphy/ptII/ptolemy/actor/lib/test/auto/ConstantPublisherPort2.xml (RunModel)" time="0.027" />
  <testcase classname="ptolemy.util.test.junit.AutoTests" name="[89] /home/travis/build/icyphy/ptII/ptolemy/actor/lib/test/auto/ConstantPublisherPort3.xml (RunModel)" time="0.022" />
  <testcase classname="ptolemy.util.test.junit.AutoTests" name="[90] /home/travis/build/icyphy/ptII/ptolemy/actor/lib/test/auto/ConstantPublisherPort4.xml (RunModel)" time="0.019" />
  <testcase classname="ptolemy.util.test.junit.AutoTests" name="[91] /home/travis/build/icyphy/ptII/ptolemy/actor/lib/test/auto/ConstantPublisherPort5.xml (RunModel)" time="0.046" />
  <testcase classname="ptolemy.util.test.junit.AutoTests" name="[92] /home/travis/build/icyphy/ptII/ptolemy/actor/lib/test/auto/ConstantPublisherPort6.xml (RunModel)" time="0.036" />
  <testcase classname="ptolemy.util.test.junit.AutoTests" name="[93] /home/travis/build/icyphy/ptII/ptolemy/actor/lib/test/auto/ConstantPublisherPort7.xml (RunModel)" time="0.037" />
  <testcase classname="ptolemy.util.test.junit.AutoTests" name="[94] /home/travis/build/icyphy/ptII/ptolemy/actor/lib/test/auto/ConstraintMonitor1.xml (RunModel)" time="0.038" />
  <testcase classname="ptolemy.util.test.junit.AutoTests" name="[95] /home/travis/build/icyphy/ptII/ptolemy/actor/lib/test/auto/ConstraintMonitor2.xml (RunModel)" time="0.015" />
  <testcase classname="ptolemy.util.test.junit.AutoTests" name="[96] /home/travis/build/icyphy/ptII/ptolemy/actor/lib/test/auto/ConstraintMonitor3.xml (RunModel)" time="0.017" />
  <testcase classname="ptolemy.util.test.junit.AutoTests" name="[97] /home/travis/build/icyphy/ptII/ptolemy/actor/lib/test/auto/ConstraintMonitor4.xml (RunModel)" time="0.015" />
  <testcase classname="ptolemy.util.test.junit.AutoTests" name="[98] /home/travis/build/icyphy/ptII/ptolemy/actor/lib/test/auto/ConstraintMonitor5.xml (RunModel)" time="0.014" />
  <testcase classname="ptolemy.util.test.junit.AutoTests" name="[99] /home/travis/build/icyphy/ptII/ptolemy/actor/lib/test/auto/ConstraintMonitor6.xml (RunModel)" time="0.019" />
  <testcase classname="ptolemy.util.test.junit.AutoTests" name="[100] /home/travis/build/icyphy/ptII/ptolemy/actor/lib/test/auto/ConstraintMonitor7.xml (RunModel)" time="0.021" />
  <testcase classname="ptolemy.util.test.junit.AutoTests" name="[101] /home/travis/build/icyphy/ptII/ptolemy/actor/lib/test/auto/ConstraintMonitor8.xml (RunModel)" time="0.02" />
  <testcase classname="ptolemy.util.test.junit.AutoTests" name="[102] /home/travis/build/icyphy/ptII/ptolemy/actor/lib/test/auto/Counter.xml (RunModel)" time="0.016" />
  <testcase classname="ptolemy.util.test.junit.AutoTests" name="[103] /home/travis/build/icyphy/ptII/ptolemy/actor/lib/test/auto/CurrentTimeSDF.xml (RunModel)" time="0.011" />
  <testcase classname="ptolemy.util.test.junit.AutoTests" name="[104] /home/travis/build/icyphy/ptII/ptolemy/actor/lib/test/auto/DB.xml (RunModel)" time="0.015" />
  <testcase classname="ptolemy.util.test.junit.AutoTests" name="[105] /home/travis/build/icyphy/ptII/ptolemy/actor/lib/test/auto/DBDE.xml (RunModel)" time="0.015" />
  <testcase classname="ptolemy.util.test.junit.AutoTests" name="[106] /home/travis/build/icyphy/ptII/ptolemy/actor/lib/test/auto/DateConstructor.xml (RunModel)" time="0.079" />
  <testcase classname="ptolemy.util.test.junit.AutoTests" name="[107] /home/travis/build/icyphy/ptII/ptolemy/actor/lib/test/auto/DelayTime.xml (RunModel)" time="0.017" />
  <testcase classname="ptolemy.util.test.junit.AutoTests" name="[108] /home/travis/build/icyphy/ptII/ptolemy/actor/lib/test/auto/Dictionary1.xml (RunModel)" time="0.019" />
  <testcase classname="ptolemy.util.test.junit.AutoTests" name="[109] /home/travis/build/icyphy/ptII/ptolemy/actor/lib/test/auto/Dictionary2.xml (RunModel)" time="0.02" />
  <testcase classname="ptolemy.util.test.junit.AutoTests" name="[110] /home/travis/build/icyphy/ptII/ptolemy/actor/lib/test/auto/Dictionary3.xml (RunModel)" time="0.014" />
  <testcase classname="ptolemy.util.test.junit.AutoTests" name="[111] /home/travis/build/icyphy/ptII/ptolemy/actor/lib/test/auto/Dictionary4.xml (RunModel)" time="0.019" />
  <testcase classname="ptolemy.util.test.junit.AutoTests" name="[112] /home/travis/build/icyphy/ptII/ptolemy/actor/lib/test/auto/Differential.xml (RunModel)" time="0.025" />
  <testcase classname="ptolemy.util.test.junit.AutoTests" name="[113] /home/travis/build/icyphy/ptII/ptolemy/actor/lib/test/auto/Director.xml (RunModel)" time="0.013" />
  <testcase classname="ptolemy.util.test.junit.AutoTests" name="[114] /home/travis/build/icyphy/ptII/ptolemy/actor/lib/test/auto/DiscreteClock.xml (RunModel)" time="0.009" />
  <testcase classname="ptolemy.util.test.junit.AutoTests" name="[115] /home/travis/build/icyphy/ptII/ptolemy/actor/lib/test/auto/DiscreteClock10.xml (RunModel)" time="0.014" />
  <testcase classname="ptolemy.util.test.junit.AutoTests" name="[116] /home/travis/build/icyphy/ptII/ptolemy/actor/lib/test/auto/DiscreteClock11.xml (RunModel)" time="0.013" />
  <testcase classname="ptolemy.util.test.junit.AutoTests" name="[117] /home/travis/build/icyphy/ptII/ptolemy/actor/lib/test/auto/DiscreteClock12.xml (RunModel)" time="0.015" />
  <testcase classname="ptolemy.util.test.junit.AutoTests" name="[118] /home/travis/build/icyphy/ptII/ptolemy/actor/lib/test/auto/DiscreteClock13.xml (RunModel)" time="0.017" />
  <testcase classname="ptolemy.util.test.junit.AutoTests" name="[119] /home/travis/build/icyphy/ptII/ptolemy/actor/lib/test/auto/DiscreteClock14.xml (RunModel)" time="0.015" />
  <testcase classname="ptolemy.util.test.junit.AutoTests" name="[120] /home/travis/build/icyphy/ptII/ptolemy/actor/lib/test/auto/DiscreteClock15.xml (RunModel)" time="0.016" />
  <testcase classname="ptolemy.util.test.junit.AutoTests" name="[121] /home/travis/build/icyphy/ptII/ptolemy/actor/lib/test/auto/DiscreteClock16.xml (RunModel)" time="0.039" />
  <testcase classname="ptolemy.util.test.junit.AutoTests" name="[122] /home/travis/build/icyphy/ptII/ptolemy/actor/lib/test/auto/DiscreteClock17.xml (RunModel)" time="0.044" />
  <testcase classname="ptolemy.util.test.junit.AutoTests" name="[123] /home/travis/build/icyphy/ptII/ptolemy/actor/lib/test/auto/DiscreteClock18.xml (RunModel)" time="0.05" />
  <testcase classname="ptolemy.util.test.junit.AutoTests" name="[124] /home/travis/build/icyphy/ptII/ptolemy/actor/lib/test/auto/DiscreteClock19.xml (RunModel)" time="0.045" />
  <testcase classname="ptolemy.util.test.junit.AutoTests" name="[125] /home/travis/build/icyphy/ptII/ptolemy/actor/lib/test/auto/DiscreteClock2.xml (RunModel)" time="0.012" />
  <testcase classname="ptolemy.util.test.junit.AutoTests" name="[126] /home/travis/build/icyphy/ptII/ptolemy/actor/lib/test/auto/DiscreteClock20.xml (RunModel)" time="0.024" />
  <testcase classname="ptolemy.util.test.junit.AutoTests" name="[127] /home/travis/build/icyphy/ptII/ptolemy/actor/lib/test/auto/DiscreteClock21.xml (RunModel)" time="0.017" />
  <testcase classname="ptolemy.util.test.junit.AutoTests" name="[128] /home/travis/build/icyphy/ptII/ptolemy/actor/lib/test/auto/DiscreteClock22.xml (RunModel)" time="0.014" />
  <testcase classname="ptolemy.util.test.junit.AutoTests" name="[129] /home/travis/build/icyphy/ptII/ptolemy/actor/lib/test/auto/DiscreteClock23.xml (RunModel)" time="0.023" />
  <testcase classname="ptolemy.util.test.junit.AutoTests" name="[130] /home/travis/build/icyphy/ptII/ptolemy/actor/lib/test/auto/DiscreteClock24.xml (RunModel)" time="0.015" />
  <testcase classname="ptolemy.util.test.junit.AutoTests" name="[131] /home/travis/build/icyphy/ptII/ptolemy/actor/lib/test/auto/DiscreteClock4.xml (RunModel)" time="0.017" />
  <testcase classname="ptolemy.util.test.junit.AutoTests" name="[132] /home/travis/build/icyphy/ptII/ptolemy/actor/lib/test/auto/DiscreteClock5.xml (RunModel)" time="0.01" />
  <testcase classname="ptolemy.util.test.junit.AutoTests" name="[133] /home/travis/build/icyphy/ptII/ptolemy/actor/lib/test/auto/DiscreteClock6.xml (RunModel)" time="0.011" />
  <testcase classname="ptolemy.util.test.junit.AutoTests" name="[134] /home/travis/build/icyphy/ptII/ptolemy/actor/lib/test/auto/DiscreteClock7.xml (RunModel)" time="0.013" />
  <testcase classname="ptolemy.util.test.junit.AutoTests" name="[135] /home/travis/build/icyphy/ptII/ptolemy/actor/lib/test/auto/DiscreteClock8.xml (RunModel)" time="0.023" />
  <testcase classname="ptolemy.util.test.junit.AutoTests" name="[136] /home/travis/build/icyphy/ptII/ptolemy/actor/lib/test/auto/DiscreteClock9.xml (RunModel)" time="0.013" />
  <testcase classname="ptolemy.util.test.junit.AutoTests" name="[137] /home/travis/build/icyphy/ptII/ptolemy/actor/lib/test/auto/DisplayArray.xml (RunModel)" time="0.011" />
  <testcase classname="ptolemy.util.test.junit.AutoTests" name="[138] /home/travis/build/icyphy/ptII/ptolemy/actor/lib/test/auto/Distributor.xml (RunModel)" time="0.011" />
  <testcase classname="ptolemy.util.test.junit.AutoTests" name="[139] /home/travis/build/icyphy/ptII/ptolemy/actor/lib/test/auto/Distributor2.xml (RunModel)" time="0.012" />
  <testcase classname="ptolemy.util.test.junit.AutoTests" name="[140] /home/travis/build/icyphy/ptII/ptolemy/actor/lib/test/auto/DownSample.xml (RunModel)" time="0.019" />
  <testcase classname="ptolemy.util.test.junit.AutoTests" name="[141] /home/travis/build/icyphy/ptII/ptolemy/actor/lib/test/auto/ElectronicUnitBase1.xml (RunModel)" time="0.072" />
  <testcase classname="ptolemy.util.test.junit.AutoTests" name="[142] /home/travis/build/icyphy/ptII/ptolemy/actor/lib/test/auto/ElementsToArray.xml (RunModel)" time="0.011" />
  <testcase classname="ptolemy.util.test.junit.AutoTests" name="[143] /home/travis/build/icyphy/ptII/ptolemy/actor/lib/test/auto/Equals.xml (RunModel)" time="0.017" />
  <testcase classname="ptolemy.util.test.junit.AutoTests" name="[144] /home/travis/build/icyphy/ptII/ptolemy/actor/lib/test/auto/Exec.xml (RunModel)" time="0.032" />
  <testcase classname="ptolemy.util.test.junit.AutoTests" name="[145] /home/travis/build/icyphy/ptII/ptolemy/actor/lib/test/auto/ExecEnvironment.xml (RunModel)" time="0.036" />
  <testcase classname="ptolemy.util.test.junit.AutoTests" name="[146] /home/travis/build/icyphy/ptII/ptolemy/actor/lib/test/auto/ExecNonZeroReturnOutput.xml (RunModel)" time="0.217" />
  <testcase classname="ptolemy.util.test.junit.AutoTests" name="[147] /home/travis/build/icyphy/ptII/ptolemy/actor/lib/test/auto/ExecRunDemos.xml (RunModel)" time="10.993" />
  <testcase classname="ptolemy.util.test.junit.AutoTests" name="[148] /home/travis/build/icyphy/ptII/ptolemy/actor/lib/test/auto/ExecStop.xml (RunModel)" time="5.043" />
  <testcase classname="ptolemy.util.test.junit.AutoTests" name="[149] /home/travis/build/icyphy/ptII/ptolemy/actor/lib/test/auto/ExecutionTimeSDF.xml (RunModel)" time="6.032" />
  <testcase classname="ptolemy.util.test.junit.AutoTests" name="[150] /home/travis/build/icyphy/ptII/ptolemy/actor/lib/test/auto/Expression1.xml (RunModel)" time="0.017" />
  <testcase classname="ptolemy.util.test.junit.AutoTests" name="[151] /home/travis/build/icyphy/ptII/ptolemy/actor/lib/test/auto/Expression10.xml (RunModel)" time="0.041" />
  <testcase classname="ptolemy.util.test.junit.AutoTests" name="[152] /home/travis/build/icyphy/ptII/ptolemy/actor/lib/test/auto/Expression11.xml (RunModel)" time="0.012" />
  <testcase classname="ptolemy.util.test.junit.AutoTests" name="[153] /home/travis/build/icyphy/ptII/ptolemy/actor/lib/test/auto/Expression12.xml (RunModel)" time="0.015" />
  <testcase classname="ptolemy.util.test.junit.AutoTests" name="[154] /home/travis/build/icyphy/ptII/ptolemy/actor/lib/test/auto/Expression13.xml (RunModel)" time="0.014" />
  <testcase classname="ptolemy.util.test.junit.AutoTests" name="[155] /home/travis/build/icyphy/ptII/ptolemy/actor/lib/test/auto/Expression14.xml (RunModel)" time="0.023" />
  <testcase classname="ptolemy.util.test.junit.AutoTests" name="[156] /home/travis/build/icyphy/ptII/ptolemy/actor/lib/test/auto/Expression15.xml (RunModel)" time="0.012" />
  <testcase classname="ptolemy.util.test.junit.AutoTests" name="[157] /home/travis/build/icyphy/ptII/ptolemy/actor/lib/test/auto/Expression16.xml (RunModel)" time="0.014" />
  <testcase classname="ptolemy.util.test.junit.AutoTests" name="[158] /home/travis/build/icyphy/ptII/ptolemy/actor/lib/test/auto/Expression17.xml (RunModel)" time="0.013" />
  <testcase classname="ptolemy.util.test.junit.AutoTests" name="[159] /home/travis/build/icyphy/ptII/ptolemy/actor/lib/test/auto/Expression18.xml (RunModel)" time="0.017" />
  <testcase classname="ptolemy.util.test.junit.AutoTests" name="[160] /home/travis/build/icyphy/ptII/ptolemy/actor/lib/test/auto/Expression2.xml (RunModel)" time="0.012" />
  <testcase classname="ptolemy.util.test.junit.AutoTests" name="[161] /home/travis/build/icyphy/ptII/ptolemy/actor/lib/test/auto/Expression3.xml (RunModel)" time="0.016" />
  <testcase classname="ptolemy.util.test.junit.AutoTests" name="[162] /home/travis/build/icyphy/ptII/ptolemy/actor/lib/test/auto/Expression4.xml (RunModel)" time="0.025" />
  <testcase classname="ptolemy.util.test.junit.AutoTests" name="[163] /home/travis/build/icyphy/ptII/ptolemy/actor/lib/test/auto/Expression5.xml (RunModel)" time="0.016" />
  <testcase classname="ptolemy.util.test.junit.AutoTests" name="[164] /home/travis/build/icyphy/ptII/ptolemy/actor/lib/test/auto/Expression6.xml (RunModel)" time="0.012" />
  <testcase classname="ptolemy.util.test.junit.AutoTests" name="[165] /home/travis/build/icyphy/ptII/ptolemy/actor/lib/test/auto/Expression7.xml (RunModel)" time="0.015" />
  <testcase classname="ptolemy.util.test.junit.AutoTests" name="[166] /home/travis/build/icyphy/ptII/ptolemy/actor/lib/test/auto/Expression8.xml (RunModel)" time="0.019" />
  <testcase classname="ptolemy.util.test.junit.AutoTests" name="[167] /home/travis/build/icyphy/ptII/ptolemy/actor/lib/test/auto/Expression9.xml (RunModel)" time="0.012" />
  <testcase classname="ptolemy.util.test.junit.AutoTests" name="[168] /home/travis/build/icyphy/ptII/ptolemy/actor/lib/test/auto/ExpressionConcatenateArrayType.xml (RunModel)" time="0.033" />
  <testcase classname="ptolemy.util.test.junit.AutoTests" name="[169] /home/travis/build/icyphy/ptII/ptolemy/actor/lib/test/auto/ExpressionConcatenateArrayType2.xml (RunModel)" time="0.022" />
  <testcase classname="ptolemy.util.test.junit.AutoTests" name="[170] /home/travis/build/icyphy/ptII/ptolemy/actor/lib/test/auto/ExpressionFix.xml (RunModel)" time="0.044" />
  <testcase classname="ptolemy.util.test.junit.AutoTests" name="[171] /home/travis/build/icyphy/ptII/ptolemy/actor/lib/test/auto/ExpressionFix2.xml (RunModel)" time="0.022" />
  <testcase classname="ptolemy.util.test.junit.AutoTests" name="[172] /home/travis/build/icyphy/ptII/ptolemy/actor/lib/test/auto/ExpressionFix3.xml (RunModel)" time="0.014" />
  <testcase classname="ptolemy.util.test.junit.AutoTests" name="[173] /home/travis/build/icyphy/ptII/ptolemy/actor/lib/test/auto/FileWriter1.xml (RunModel)" time="0.011" />
  <testcase classname="ptolemy.util.test.junit.AutoTests" name="[174] /home/travis/build/icyphy/ptII/ptolemy/actor/lib/test/auto/FileWriter2.xml (RunModel)" time="0.012" />
  <testcase classname="ptolemy.util.test.junit.AutoTests" name="[175] /home/travis/build/icyphy/ptII/ptolemy/actor/lib/test/auto/FileWriter3.xml (RunModel)" time="0.013" />
  <testcase classname="ptolemy.util.test.junit.AutoTests" name="[176] /home/travis/build/icyphy/ptII/ptolemy/actor/lib/test/auto/Gaussian.xml (RunModel)" time="0.014" />
  <testcase classname="ptolemy.util.test.junit.AutoTests" name="[177] /home/travis/build/icyphy/ptII/ptolemy/actor/lib/test/auto/Gaussian1.xml (RunModel)" time="0.024" />
  <testcase classname="ptolemy.util.test.junit.AutoTests" name="[178] /home/travis/build/icyphy/ptII/ptolemy/actor/lib/test/auto/Gaussian2.xml (RunModel)" time="0.028" />
  <testcase classname="ptolemy.util.test.junit.AutoTests" name="[179] /home/travis/build/icyphy/ptII/ptolemy/actor/lib/test/auto/GradientAdaptiveLattice.xml (RunModel)" time="0.023" />
  <testcase classname="ptolemy.util.test.junit.AutoTests" name="[180] /home/travis/build/icyphy/ptII/ptolemy/actor/lib/test/auto/IIR.xml (RunModel)" time="0.011" />
  <testcase classname="ptolemy.util.test.junit.AutoTests" name="[181] /home/travis/build/icyphy/ptII/ptolemy/actor/lib/test/auto/InputOutputTransparentPorts.xml (RunModel)" time="0.019" />
  <testcase classname="ptolemy.util.test.junit.AutoTests" name="[182] /home/travis/build/icyphy/ptII/ptolemy/actor/lib/test/auto/Interpolator.xml (RunModel)" time="0.014" />
  <testcase classname="ptolemy.util.test.junit.AutoTests" name="[183] /home/travis/build/icyphy/ptII/ptolemy/actor/lib/test/auto/InterpolatorFiringLimitDE.xml (RunModel)" time="0.015" />
  <testcase classname="ptolemy.util.test.junit.AutoTests" name="[184] /home/travis/build/icyphy/ptII/ptolemy/actor/lib/test/auto/Lattice.xml (RunModel)" time="0.012" />
  <testcase classname="ptolemy.util.test.junit.AutoTests" name="[185] /home/travis/build/icyphy/ptII/ptolemy/actor/lib/test/auto/LazyAOCTestLazy.xml (RunModel)" time="0.024" />
  <testcase classname="ptolemy.util.test.junit.AutoTests" name="[186] /home/travis/build/icyphy/ptII/ptolemy/actor/lib/test/auto/LazyAOCTestNonLazy.xml (RunModel)" time="0.049" />
  <testcase classname="ptolemy.util.test.junit.AutoTests" name="[187] /home/travis/build/icyphy/ptII/ptolemy/actor/lib/test/auto/LazyInnerClass.xml (RunModel)" time="0.061" />
  <testcase classname="ptolemy.util.test.junit.AutoTests" name="[188] /home/travis/build/icyphy/ptII/ptolemy/actor/lib/test/auto/LazyPubSub.xml (RunModel)" time="0.049" />
  <testcase classname="ptolemy.util.test.junit.AutoTests" name="[189] /home/travis/build/icyphy/ptII/ptolemy/actor/lib/test/auto/LazyPubSub2.xml (RunModel)" time="0.069" />
  <testcase classname="ptolemy.util.test.junit.AutoTests" name="[190] /home/travis/build/icyphy/ptII/ptolemy/actor/lib/test/auto/LazyPubSub3.xml (RunModel)" time="0.025" />
  <testcase classname="ptolemy.util.test.junit.AutoTests" name="[191] /home/travis/build/icyphy/ptII/ptolemy/actor/lib/test/auto/LazySubClassModel.xml (RunModel)" time="0.025" />
  <testcase classname="ptolemy.util.test.junit.AutoTests" name="[192] /home/travis/build/icyphy/ptII/ptolemy/actor/lib/test/auto/LevelCrossTest1.xml (RunModel)" time="0.012" />
  <testcase classname="ptolemy.util.test.junit.AutoTests" name="[193] /home/travis/build/icyphy/ptII/ptolemy/actor/lib/test/auto/LevelCrossTest10.xml (RunModel)" time="0.017" />
  <testcase classname="ptolemy.util.test.junit.AutoTests" name="[194] /home/travis/build/icyphy/ptII/ptolemy/actor/lib/test/auto/LevelCrossTest11.xml (RunModel)" time="0.018" />
  <testcase classname="ptolemy.util.test.junit.AutoTests" name="[195] /home/travis/build/icyphy/ptII/ptolemy/actor/lib/test/auto/LevelCrossTest12.xml (RunModel)" time="0.019" />
  <testcase classname="ptolemy.util.test.junit.AutoTests" name="[196] /home/travis/build/icyphy/ptII/ptolemy/actor/lib/test/auto/LevelCrossTest13.xml (RunModel)" time="0.015" />
  <testcase classname="ptolemy.util.test.junit.AutoTests" name="[197] /home/travis/build/icyphy/ptII/ptolemy/actor/lib/test/auto/LevelCrossTest2.xml (RunModel)" time="0.011" />
  <testcase classname="ptolemy.util.test.junit.AutoTests" name="[198] /home/travis/build/icyphy/ptII/ptolemy/actor/lib/test/auto/LevelCrossTest3.xml (RunModel)" time="0.013" />
  <testcase classname="ptolemy.util.test.junit.AutoTests" name="[199] /home/travis/build/icyphy/ptII/ptolemy/actor/lib/test/auto/LevelCrossTest4.xml (RunModel)" time="0.013" />
  <testcase classname="ptolemy.util.test.junit.AutoTests" name="[200] /home/travis/build/icyphy/ptII/ptolemy/actor/lib/test/auto/LevelCrossTest5.xml (RunModel)" time="0.015" />
  <testcase classname="ptolemy.util.test.junit.AutoTests" name="[201] /home/travis/build/icyphy/ptII/ptolemy/actor/lib/test/auto/LevelCrossTest6.xml (RunModel)" time="0.015" />
  <testcase classname="ptolemy.util.test.junit.AutoTests" name="[202] /home/travis/build/icyphy/ptII/ptolemy/actor/lib/test/auto/LevelCrossTest7.xml (RunModel)" time="0.024" />
  <testcase classname="ptolemy.util.test.junit.AutoTests" name="[203] /home/travis/build/icyphy/ptII/ptolemy/actor/lib/test/auto/LevelCrossTest8.xml (RunModel)" time="0.018" />
  <testcase classname="ptolemy.util.test.junit.AutoTests" name="[204] /home/travis/build/icyphy/ptII/ptolemy/actor/lib/test/auto/LevelCrossTest9.xml (RunModel)" time="0.016" />
  <testcase classname="ptolemy.util.test.junit.AutoTests" name="[205] /home/travis/build/icyphy/ptII/ptolemy/actor/lib/test/auto/LevinsonDurbin.xml (RunModel)" time="0.02" />
  <testcase classname="ptolemy.util.test.junit.AutoTests" name="[206] /home/travis/build/icyphy/ptII/ptolemy/actor/lib/test/auto/LevinsonDurbin2.xml (RunModel)" time="0.02" />
  <testcase classname="ptolemy.util.test.junit.AutoTests" name="[207] /home/travis/build/icyphy/ptII/ptolemy/actor/lib/test/auto/LevinsonDurbin3.xml (RunModel)" time="0.016" />
  <testcase classname="ptolemy.util.test.junit.AutoTests" name="[208] /home/travis/build/icyphy/ptII/ptolemy/actor/lib/test/auto/Limiter.xml (RunModel)" time="0.068" />
  <testcase classname="ptolemy.util.test.junit.AutoTests" name="[209] /home/travis/build/icyphy/ptII/ptolemy/actor/lib/test/auto/LinearDifferenceEquationSystem.xml (RunModel)" time="0.035" />
  <testcase classname="ptolemy.util.test.junit.AutoTests" name="[210] /home/travis/build/icyphy/ptII/ptolemy/actor/lib/test/auto/LookupTable.xml (RunModel)" time="0.024" />
  <testcase classname="ptolemy.util.test.junit.AutoTests" name="[211] /home/travis/build/icyphy/ptII/ptolemy/actor/lib/test/auto/MathFunction.xml (RunModel)" time="0.02" />
  <testcase classname="ptolemy.util.test.junit.AutoTests" name="[212] /home/travis/build/icyphy/ptII/ptolemy/actor/lib/test/auto/MathFunction2.xml (RunModel)" time="0.014" />
  <testcase classname="ptolemy.util.test.junit.AutoTests" name="[213] /home/travis/build/icyphy/ptII/ptolemy/actor/lib/test/auto/MathFunction3.xml (RunModel)" time="0.023" />
  <testcase classname="ptolemy.util.test.junit.AutoTests" name="[214] /home/travis/build/icyphy/ptII/ptolemy/actor/lib/test/auto/MatrixCropBoolean.xml (RunModel)" time="0.017" />
  <testcase classname="ptolemy.util.test.junit.AutoTests" name="[215] /home/travis/build/icyphy/ptII/ptolemy/actor/lib/test/auto/MatrixCropComplex.xml (RunModel)" time="0.012" />
  <testcase classname="ptolemy.util.test.junit.AutoTests" name="[216] /home/travis/build/icyphy/ptII/ptolemy/actor/lib/test/auto/MatrixCropDouble.xml (RunModel)" time="0.011" />
  <testcase classname="ptolemy.util.test.junit.AutoTests" name="[217] /home/travis/build/icyphy/ptII/ptolemy/actor/lib/test/auto/MatrixCropFix.xml (RunModel)" time="0.016" />
  <testcase classname="ptolemy.util.test.junit.AutoTests" name="[218] /home/travis/build/icyphy/ptII/ptolemy/actor/lib/test/auto/MatrixCropInt.xml (RunModel)" time="0.011" />
  <testcase classname="ptolemy.util.test.junit.AutoTests" name="[219] /home/travis/build/icyphy/ptII/ptolemy/actor/lib/test/auto/MatrixCropLong.xml (RunModel)" time="0.01" />
  <testcase classname="ptolemy.util.test.junit.AutoTests" name="[220] /home/travis/build/icyphy/ptII/ptolemy/actor/lib/test/auto/MatrixToArray.xml (RunModel)" time="0.063" />
  <testcase classname="ptolemy.util.test.junit.AutoTests" name="[221] /home/travis/build/icyphy/ptII/ptolemy/actor/lib/test/auto/MaxIndex.xml (RunModel)" time="0.019" />
  <testcase classname="ptolemy.util.test.junit.AutoTests" name="[222] /home/travis/build/icyphy/ptII/ptolemy/actor/lib/test/auto/Maximum.xml (RunModel)" time="0.017" />
  <testcase classname="ptolemy.util.test.junit.AutoTests" name="[223] /home/travis/build/icyphy/ptII/ptolemy/actor/lib/test/auto/MaximumComplex.xml (RunModel)" time="0.017" />
  <testcase classname="ptolemy.util.test.junit.AutoTests" name="[224] /home/travis/build/icyphy/ptII/ptolemy/actor/lib/test/auto/MethodCallTest.xml (RunModel)" time="0.027" />
  <testcase classname="ptolemy.util.test.junit.AutoTests" name="[225] /home/travis/build/icyphy/ptII/ptolemy/actor/lib/test/auto/Minimum.xml (RunModel)" time="0.018" />
  <testcase classname="ptolemy.util.test.junit.AutoTests" name="[226] /home/travis/build/icyphy/ptII/ptolemy/actor/lib/test/auto/MinimumComplex.xml (RunModel)" time="0.031" />
  <testcase classname="ptolemy.util.test.junit.AutoTests" name="[227] /home/travis/build/icyphy/ptII/ptolemy/actor/lib/test/auto/MinimumMultiports.xml (RunModel)" time="0.018" />
  <testcase classname="ptolemy.util.test.junit.AutoTests" name="[228] /home/travis/build/icyphy/ptII/ptolemy/actor/lib/test/auto/ModifyDate.xml (RunModel)" time="0.05" />
  <testcase classname="ptolemy.util.test.junit.AutoTests" name="[229] /home/travis/build/icyphy/ptII/ptolemy/actor/lib/test/auto/ModifyDate2.xml (RunModel)" time="0.035" />
  <testcase classname="ptolemy.util.test.junit.AutoTests" name="[230] /home/travis/build/icyphy/ptII/ptolemy/actor/lib/test/auto/MovingAverage.xml (RunModel)" time="0.013" />
  <testcase classname="ptolemy.util.test.junit.AutoTests" name="[231] /home/travis/build/icyphy/ptII/ptolemy/actor/lib/test/auto/MovingMaximum.xml (RunModel)" time="0.013" />
  <testcase classname="ptolemy.util.test.junit.AutoTests" name="[232] /home/travis/build/icyphy/ptII/ptolemy/actor/lib/test/auto/MultipleLinksToSameRelation.xml (RunModel)" time="0.009" />
  <testcase classname="ptolemy.util.test.junit.AutoTests" name="[233] /home/travis/build/icyphy/ptII/ptolemy/actor/lib/test/auto/MultipleLinksToSameRelationDE.xml (RunModel)" time="0.009" />
  <testcase classname="ptolemy.util.test.junit.AutoTests" name="[234] /home/travis/build/icyphy/ptII/ptolemy/actor/lib/test/auto/Multiplexor.xml (RunModel)" time="0.013" />
  <testcase classname="ptolemy.util.test.junit.AutoTests" name="[235] /home/travis/build/icyphy/ptII/ptolemy/actor/lib/test/auto/Multiplexor1.xml (RunModel)" time="0.013" />
  <testcase classname="ptolemy.util.test.junit.AutoTests" name="[236] /home/travis/build/icyphy/ptII/ptolemy/actor/lib/test/auto/Multiplexor2.xml (RunModel)" time="0.015" />
  <testcase classname="ptolemy.util.test.junit.AutoTests" name="[237] /home/travis/build/icyphy/ptII/ptolemy/actor/lib/test/auto/Multiplexor3.xml (RunModel)" time="0.01" />
  <testcase classname="ptolemy.util.test.junit.AutoTests" name="[238] /home/travis/build/icyphy/ptII/ptolemy/actor/lib/test/auto/MultiplexorDE.xml (RunModel)" time="0.023" />
  <testcase classname="ptolemy.util.test.junit.AutoTests" name="[239] /home/travis/build/icyphy/ptII/ptolemy/actor/lib/test/auto/MultiportBroadcastTest.xml (RunModel)" time="0.113" />
  <testcase classname="ptolemy.util.test.junit.AutoTests" name="[240] /home/travis/build/icyphy/ptII/ptolemy/actor/lib/test/auto/MultiportOutHangDuringGetWidth.xml (RunModel)" time="0.037" />
  <testcase classname="ptolemy.util.test.junit.AutoTests" name="[241] /home/travis/build/icyphy/ptII/ptolemy/actor/lib/test/auto/NilToken.xml (RunModel)" time="0.013" />
  <testcase classname="ptolemy.util.test.junit.AutoTests" name="[242] /home/travis/build/icyphy/ptII/ptolemy/actor/lib/test/auto/NilTokenNonStrictTest.xml (RunModel)" time="0.014" />
  <testcase classname="ptolemy.util.test.junit.AutoTests" name="[243] /home/travis/build/icyphy/ptII/ptolemy/actor/lib/test/auto/NilTokenRecord.xml (RunModel)" time="0.034" />
  <testcase classname="ptolemy.util.test.junit.AutoTests" name="[244] /home/travis/build/icyphy/ptII/ptolemy/actor/lib/test/auto/NilTokenTypeTest.xml (RunModel)" time="0.029" />
  <testcase classname="ptolemy.util.test.junit.AutoTests" name="[245] /home/travis/build/icyphy/ptII/ptolemy/actor/lib/test/auto/ObjectToken1.xml (RunModel)" time="0.018" />
  <testcase classname="ptolemy.util.test.junit.AutoTests" name="[246] /home/travis/build/icyphy/ptII/ptolemy/actor/lib/test/auto/OrderedMerge.xml (RunModel)" time="0.026" />
  <testcase classname="ptolemy.util.test.junit.AutoTests" name="[247] /home/travis/build/icyphy/ptII/ptolemy/actor/lib/test/auto/OrderedRecordDisassembler.xml (RunModel)" time="0.021" />
  <testcase classname="ptolemy.util.test.junit.AutoTests" name="[248] /home/travis/build/icyphy/ptII/ptolemy/actor/lib/test/auto/OrderedRecordDisassembler2.xml (RunModel)" time="0.021" />
  <testcase classname="ptolemy.util.test.junit.AutoTests" name="[249] /home/travis/build/icyphy/ptII/ptolemy/actor/lib/test/auto/OrderedRecordUpdater.xml (RunModel)" time="0.012" />
  <testcase classname="ptolemy.util.test.junit.AutoTests" name="[250] /home/travis/build/icyphy/ptII/ptolemy/actor/lib/test/auto/OrderedRecordUpdater2.xml (RunModel)" time="0.019" />
  <testcase classname="ptolemy.util.test.junit.AutoTests" name="[251] /home/travis/build/icyphy/ptII/ptolemy/actor/lib/test/auto/PhaseUnwrap.xml (RunModel)" time="0.014" />
  <testcase classname="ptolemy.util.test.junit.AutoTests" name="[252] /home/travis/build/icyphy/ptII/ptolemy/actor/lib/test/auto/PoissonClock.xml (RunModel)" time="0.014" />
  <testcase classname="ptolemy.util.test.junit.AutoTests" name="[253] /home/travis/build/icyphy/ptII/ptolemy/actor/lib/test/auto/PoissonClock2.xml (RunModel)" time="0.008" />
  <testcase classname="ptolemy.util.test.junit.AutoTests" name="[254] /home/travis/build/icyphy/ptII/ptolemy/actor/lib/test/auto/PoissonClock3.xml (RunModel)" time="0.031" />
  <testcase classname="ptolemy.util.test.junit.AutoTests" name="[255] /home/travis/build/icyphy/ptII/ptolemy/actor/lib/test/auto/PubSubWithInitialTokens.xml (RunModel)" time="0.014" />
  <testcase classname="ptolemy.util.test.junit.AutoTests" name="[256] /home/travis/build/icyphy/ptII/ptolemy/actor/lib/test/auto/PubSubWithInitialTokens2.xml (RunModel)" time="0.011" />
  <testcase classname="ptolemy.util.test.junit.AutoTests" name="[257] /home/travis/build/icyphy/ptII/ptolemy/actor/lib/test/auto/PublisherClassNoParameter.xml (RunModel)" time="0.028" />
  <testcase classname="ptolemy.util.test.junit.AutoTests" name="[258] /home/travis/build/icyphy/ptII/ptolemy/actor/lib/test/auto/PublisherClassParameter.xml (RunModel)" time="0.025" />
  <testcase classname="ptolemy.util.test.junit.AutoTests" name="[259] /home/travis/build/icyphy/ptII/ptolemy/actor/lib/test/auto/PublisherNonStrictTest.xml (RunModel)" time="0.015" />
  <testcase classname="ptolemy.util.test.junit.AutoTests" name="[260] /home/travis/build/icyphy/ptII/ptolemy/actor/lib/test/auto/PublisherPort1.xml (RunModel)" time="0.02" />
  <testcase classname="ptolemy.util.test.junit.AutoTests" name="[261] /home/travis/build/icyphy/ptII/ptolemy/actor/lib/test/auto/PublisherPort2.xml (RunModel)" time="0.013" />
  <testcase classname="ptolemy.util.test.junit.AutoTests" name="[262] /home/travis/build/icyphy/ptII/ptolemy/actor/lib/test/auto/PublisherPort3.xml (RunModel)" time="0.011" />
  <testcase classname="ptolemy.util.test.junit.AutoTests" name="[263] /home/travis/build/icyphy/ptII/ptolemy/actor/lib/test/auto/PublisherPort4.xml (RunModel)" time="0.012" />
  <testcase classname="ptolemy.util.test.junit.AutoTests" name="[264] /home/travis/build/icyphy/ptII/ptolemy/actor/lib/test/auto/PublisherPort5.xml (RunModel)" time="0.014" />
  <testcase classname="ptolemy.util.test.junit.AutoTests" name="[265] /home/travis/build/icyphy/ptII/ptolemy/actor/lib/test/auto/PublisherPort5LookAlike.xml (RunModel)" time="0.019" />
  <testcase classname="ptolemy.util.test.junit.AutoTests" name="[266] /home/travis/build/icyphy/ptII/ptolemy/actor/lib/test/auto/PublisherPort6.xml (RunModel)" time="0.013" />
  <testcase classname="ptolemy.util.test.junit.AutoTests" name="[267] /home/travis/build/icyphy/ptII/ptolemy/actor/lib/test/auto/PublisherPort7.xml (RunModel)" time="0.017" />
  <testcase classname="ptolemy.util.test.junit.AutoTests" name="[268] /home/travis/build/icyphy/ptII/ptolemy/actor/lib/test/auto/PublisherPort8.xml (RunModel)" time="0.017" />
  <testcase classname="ptolemy.util.test.junit.AutoTests" name="[269] /home/travis/build/icyphy/ptII/ptolemy/actor/lib/test/auto/PublisherPortSubscriberChannelVariablesAOC2.xml (RunModel)" time="0.043" />
  <testcase classname="ptolemy.util.test.junit.AutoTests" name="[270] /home/travis/build/icyphy/ptII/ptolemy/actor/lib/test/auto/PublisherPortSubscriberOpaqueWidthInference.xml (RunModel)" time="0.015" />
  <testcase classname="ptolemy.util.test.junit.AutoTests" name="[271] /home/travis/build/icyphy/ptII/ptolemy/actor/lib/test/auto/PublisherPortSubscriberPortAdjacent.xml (RunModel)" time="0.016" />
  <testcase classname="ptolemy.util.test.junit.AutoTests" name="[272] /home/travis/build/icyphy/ptII/ptolemy/actor/lib/test/auto/PublisherPortSubscriberPortExpression.xml (RunModel)" time="0.022" />
  <testcase classname="ptolemy.util.test.junit.AutoTests" name="[273] /home/travis/build/icyphy/ptII/ptolemy/actor/lib/test/auto/PublisherPortSubscriberPortOpaqueD3Reverse.xml (RunModel)" time="0.038" />
  <testcase classname="ptolemy.util.test.junit.AutoTests" name="[274] /home/travis/build/icyphy/ptII/ptolemy/actor/lib/test/auto/PublisherPortSubscriberPortOpaqueWidthInference.xml (RunModel)" time="0.017" />
  <testcase classname="ptolemy.util.test.junit.AutoTests" name="[275] /home/travis/build/icyphy/ptII/ptolemy/actor/lib/test/auto/PublisherPortToplevelSubscriberPortAOC.xml (RunModel)" time="0.011" />
  <testcase classname="ptolemy.util.test.junit.AutoTests" name="[276] /home/travis/build/icyphy/ptII/ptolemy/actor/lib/test/auto/PublisherSubscriber.xml (RunModel)" time="0.014" />
  <testcase classname="ptolemy.util.test.junit.AutoTests" name="[277] /home/travis/build/icyphy/ptII/ptolemy/actor/lib/test/auto/PublisherSubscriber10.xml (RunModel)" time="0.023" />
  <testcase classname="ptolemy.util.test.junit.AutoTests" name="[278] /home/travis/build/icyphy/ptII/ptolemy/actor/lib/test/auto/PublisherSubscriber10InitialOutputs.xml (RunModel)" time="0.035" />
  <testcase classname="ptolemy.util.test.junit.AutoTests" name="[279] /home/travis/build/icyphy/ptII/ptolemy/actor/lib/test/auto/PublisherSubscriber11.xml (RunModel)" time="0.03" />
  <testcase classname="ptolemy.util.test.junit.AutoTests" name="[280] /home/travis/build/icyphy/ptII/ptolemy/actor/lib/test/auto/PublisherSubscriber12.xml (RunModel)" time="0.013" />
  <testcase classname="ptolemy.util.test.junit.AutoTests" name="[281] /home/travis/build/icyphy/ptII/ptolemy/actor/lib/test/auto/PublisherSubscriber13.xml (RunModel)" time="0.01" />
  <testcase classname="ptolemy.util.test.junit.AutoTests" name="[282] /home/travis/build/icyphy/ptII/ptolemy/actor/lib/test/auto/PublisherSubscriber14.xml (RunModel)" time="0.02" />
  <testcase classname="ptolemy.util.test.junit.AutoTests" name="[283] /home/travis/build/icyphy/ptII/ptolemy/actor/lib/test/auto/PublisherSubscriber2.xml (RunModel)" time="0.012" />
  <testcase classname="ptolemy.util.test.junit.AutoTests" name="[284] /home/travis/build/icyphy/ptII/ptolemy/actor/lib/test/auto/PublisherSubscriber3.xml (RunModel)" time="0.023" />
  <testcase classname="ptolemy.util.test.junit.AutoTests" name="[285] /home/travis/build/icyphy/ptII/ptolemy/actor/lib/test/auto/PublisherSubscriber4.xml (RunModel)" time="0.01" />
  <testcase classname="ptolemy.util.test.junit.AutoTests" name="[286] /home/travis/build/icyphy/ptII/ptolemy/actor/lib/test/auto/PublisherSubscriber5.xml (RunModel)" time="0.016" />
  <testcase classname="ptolemy.util.test.junit.AutoTests" name="[287] /home/travis/build/icyphy/ptII/ptolemy/actor/lib/test/auto/PublisherSubscriber6.xml (RunModel)" time="0.016" />
  <testcase classname="ptolemy.util.test.junit.AutoTests" name="[288] /home/travis/build/icyphy/ptII/ptolemy/actor/lib/test/auto/PublisherSubscriber7.xml (RunModel)" time="0.019" />
  <testcase classname="ptolemy.util.test.junit.AutoTests" name="[289] /home/travis/build/icyphy/ptII/ptolemy/actor/lib/test/auto/PublisherSubscriber8.xml (RunModel)" time="0.027" />
  <testcase classname="ptolemy.util.test.junit.AutoTests" name="[290] /home/travis/build/icyphy/ptII/ptolemy/actor/lib/test/auto/PublisherSubscriber9.xml (RunModel)" time="0.015" />
  <testcase classname="ptolemy.util.test.junit.AutoTests" name="[291] /home/travis/build/icyphy/ptII/ptolemy/actor/lib/test/auto/PublisherSubscriberAdjacent.xml (RunModel)" time="0.016" />
  <testcase classname="ptolemy.util.test.junit.AutoTests" name="[292] /home/travis/build/icyphy/ptII/ptolemy/actor/lib/test/auto/PublisherSubscriberChannelVariablesAOC2.xml (RunModel)" time="0.027" />
  <testcase classname="ptolemy.util.test.junit.AutoTests" name="[293] /home/travis/build/icyphy/ptII/ptolemy/actor/lib/test/auto/PublisherSubscriberD3.xml (RunModel)" time="0.013" />
  <testcase classname="ptolemy.util.test.junit.AutoTests" name="[294] /home/travis/build/icyphy/ptII/ptolemy/actor/lib/test/auto/PublisherSubscriberD3Reverse.xml (RunModel)" time="0.012" />
  <testcase classname="ptolemy.util.test.junit.AutoTests" name="[295] /home/travis/build/icyphy/ptII/ptolemy/actor/lib/test/auto/PublisherSubscriberExpression.xml (RunModel)" time="0.019" />
  <testcase classname="ptolemy.util.test.junit.AutoTests" name="[296] /home/travis/build/icyphy/ptII/ptolemy/actor/lib/test/auto/PublisherSubscriberOpaque.xml (RunModel)" time="0.016" />
  <testcase classname="ptolemy.util.test.junit.AutoTests" name="[297] /home/travis/build/icyphy/ptII/ptolemy/actor/lib/test/auto/PublisherSubscriberOpaqueD3.xml (RunModel)" time="0.022" />
  <testcase classname="ptolemy.util.test.junit.AutoTests" name="[298] /home/travis/build/icyphy/ptII/ptolemy/actor/lib/test/auto/PublisherSubscriberOpaqueD3Reverse.xml (RunModel)" time="0.023" />
  <testcase classname="ptolemy.util.test.junit.AutoTests" name="[299] /home/travis/build/icyphy/ptII/ptolemy/actor/lib/test/auto/PublisherSubscriberOpaqueWidthInference.xml (RunModel)" time="0.02" />
  <testcase classname="ptolemy.util.test.junit.AutoTests" name="[300] /home/travis/build/icyphy/ptII/ptolemy/actor/lib/test/auto/PublisherTestSubscriber.xml (RunModel)" time="0.018" />
  <testcase classname="ptolemy.util.test.junit.AutoTests" name="[301] /home/travis/build/icyphy/ptII/ptolemy/actor/lib/test/auto/PublisherToplevelSubscriberPortAOC.xml (RunModel)" time="0.012" />
  <testcase classname="ptolemy.util.test.junit.AutoTests" name="[302] /home/travis/build/icyphy/ptII/ptolemy/actor/lib/test/auto/PulseFiringLimitDE.xml (RunModel)" time="0.014" />
  <testcase classname="ptolemy.util.test.junit.AutoTests" name="[303] /home/travis/build/icyphy/ptII/ptolemy/actor/lib/test/auto/Ramp1.xml (RunModel)" time="0.008" />
  <testcase classname="ptolemy.util.test.junit.AutoTests" name="[304] /home/travis/build/icyphy/ptII/ptolemy/actor/lib/test/auto/RampFiringLimitDE.xml (RunModel)" time="0.011" />
  <testcase classname="ptolemy.util.test.junit.AutoTests" name="[305] /home/travis/build/icyphy/ptII/ptolemy/actor/lib/test/auto/RampFiringLimitSDF.xml (RunModel)" time="0.012" />
  <testcase classname="ptolemy.util.test.junit.AutoTests" name="[306] /home/travis/build/icyphy/ptII/ptolemy/actor/lib/test/auto/RandomInteger.xml (RunModel)" time="0.01" />
  <testcase classname="ptolemy.util.test.junit.AutoTests" name="[307] /home/travis/build/icyphy/ptII/ptolemy/actor/lib/test/auto/ReadFile1.xml (RunModel)" time="0.008" />
  <testcase classname="ptolemy.util.test.junit.AutoTests" name="[308] /home/travis/build/icyphy/ptII/ptolemy/actor/lib/test/auto/ReadFile2.xml (RunModel)" time="0.011" />
  <testcase classname="ptolemy.util.test.junit.AutoTests" name="[309] /home/travis/build/icyphy/ptII/ptolemy/actor/lib/test/auto/Reader.xml (RunModel)" time="0.012" />
  <testcase classname="ptolemy.util.test.junit.AutoTests" name="[310] /home/travis/build/icyphy/ptII/ptolemy/actor/lib/test/auto/RecordAssemblerDisplayNameTest.xml (RunModel)" time="3.51" />
  <testcase classname="ptolemy.util.test.junit.AutoTests" name="[311] /home/travis/build/icyphy/ptII/ptolemy/actor/lib/test/auto/RecordAssemblerTypeError.xml (RunModel)" time="0.037" />
  <testcase classname="ptolemy.util.test.junit.AutoTests" name="[312] /home/travis/build/icyphy/ptII/ptolemy/actor/lib/test/auto/RecordDisassember.xml (RunModel)" time="0.021" />
  <testcase classname="ptolemy.util.test.junit.AutoTests" name="[313] /home/travis/build/icyphy/ptII/ptolemy/actor/lib/test/auto/RecordDisassemberDisplayNameTest.xml (RunModel)" time="0.024" />
  <testcase classname="ptolemy.util.test.junit.AutoTests" name="[314] /home/travis/build/icyphy/ptII/ptolemy/actor/lib/test/auto/RecordDisassembler.xml (RunModel)" time="0.023" />
  <testcase classname="ptolemy.util.test.junit.AutoTests" name="[315] /home/travis/build/icyphy/ptII/ptolemy/actor/lib/test/auto/RecordDisassembler2.xml (RunModel)" time="0.011" />
  <testcase classname="ptolemy.util.test.junit.AutoTests" name="[316] /home/travis/build/icyphy/ptII/ptolemy/actor/lib/test/auto/RecordUpdater.xml (RunModel)" time="0.009" />
  <testcase classname="ptolemy.util.test.junit.AutoTests" name="[317] /home/travis/build/icyphy/ptII/ptolemy/actor/lib/test/auto/RecordUpdater2.xml (RunModel)" time="0.009" />
  <testcase classname="ptolemy.util.test.junit.AutoTests" name="[318] /home/travis/build/icyphy/ptII/ptolemy/actor/lib/test/auto/RecursiveLattice.xml (RunModel)" time="0.009" />
  <testcase classname="ptolemy.util.test.junit.AutoTests" name="[319] /home/travis/build/icyphy/ptII/ptolemy/actor/lib/test/auto/Router.xml (RunModel)" time="3.026" />
  <testcase classname="ptolemy.util.test.junit.AutoTests" name="[320] /home/travis/build/icyphy/ptII/ptolemy/actor/lib/test/auto/Router2.xml (RunModel)" time="3.037" />
  <testcase classname="ptolemy.util.test.junit.AutoTests" name="[321] /home/travis/build/icyphy/ptII/ptolemy/actor/lib/test/auto/RunningMaximum.xml (RunModel)" time="0.018" />
  <testcase classname="ptolemy.util.test.junit.AutoTests" name="[322] /home/travis/build/icyphy/ptII/ptolemy/actor/lib/test/auto/RunningMinimum.xml (RunModel)" time="0.018" />
  <testcase classname="ptolemy.util.test.junit.AutoTests" name="[323] /home/travis/build/icyphy/ptII/ptolemy/actor/lib/test/auto/Scale.xml (RunModel)" time="0.023" />
  <testcase classname="ptolemy.util.test.junit.AutoTests" name="[324] /home/travis/build/icyphy/ptII/ptolemy/actor/lib/test/auto/Scale2.xml (RunModel)" time="0.016" />
  <testcase classname="ptolemy.util.test.junit.AutoTests" name="[325] /home/travis/build/icyphy/ptII/ptolemy/actor/lib/test/auto/Scale3.xml (RunModel)" time="0.02" />
  <testcase classname="ptolemy.util.test.junit.AutoTests" name="[326] /home/travis/build/icyphy/ptII/ptolemy/actor/lib/test/auto/ScaleArray.xml (RunModel)" time="0.011" />
  <testcase classname="ptolemy.util.test.junit.AutoTests" name="[327] /home/travis/build/icyphy/ptII/ptolemy/actor/lib/test/auto/ScaleArray2.xml (RunModel)" time="0.009" />
  <testcase classname="ptolemy.util.test.junit.AutoTests" name="[328] /home/travis/build/icyphy/ptII/ptolemy/actor/lib/test/auto/ScaleMatrix.xml (RunModel)" time="0.134" />
  <testcase classname="ptolemy.util.test.junit.AutoTests" name="[329] /home/travis/build/icyphy/ptII/ptolemy/actor/lib/test/auto/Select.xml (RunModel)" time="0.016" />
  <testcase classname="ptolemy.util.test.junit.AutoTests" name="[330] /home/travis/build/icyphy/ptII/ptolemy/actor/lib/test/auto/Select2.xml (RunModel)" time="0.009" />
  <testcase classname="ptolemy.util.test.junit.AutoTests" name="[331] /home/travis/build/icyphy/ptII/ptolemy/actor/lib/test/auto/SequenceToArray2.xml (RunModel)" time="0.143" />
  <testcase classname="ptolemy.util.test.junit.AutoTests" name="[332] /home/travis/build/icyphy/ptII/ptolemy/actor/lib/test/auto/SequentialClock.xml (RunModel)" time="0.012" />
  <testcase classname="ptolemy.util.test.junit.AutoTests" name="[333] /home/travis/build/icyphy/ptII/ptolemy/actor/lib/test/auto/SetVariable.xml (RunModel)" time="0.013" />
  <testcase classname="ptolemy.util.test.junit.AutoTests" name="[334] /home/travis/build/icyphy/ptII/ptolemy/actor/lib/test/auto/SetVariable2.xml (RunModel)" time="0.021" />
  <testcase classname="ptolemy.util.test.junit.AutoTests" name="[335] /home/travis/build/icyphy/ptII/ptolemy/actor/lib/test/auto/SetVariable3.xml (RunModel)" time="0.02" />
  <testcase classname="ptolemy.util.test.junit.AutoTests" name="[336] /home/travis/build/icyphy/ptII/ptolemy/actor/lib/test/auto/SetVariable4.xml (RunModel)" time="0.025" />
  <testcase classname="ptolemy.util.test.junit.AutoTests" name="[337] /home/travis/build/icyphy/ptII/ptolemy/actor/lib/test/auto/SetVariable5.xml (RunModel)" time="0.042" />
  <testcase classname="ptolemy.util.test.junit.AutoTests" name="[338] /home/travis/build/icyphy/ptII/ptolemy/actor/lib/test/auto/Sinewave.xml (RunModel)" time="0.028" />
  <testcase classname="ptolemy.util.test.junit.AutoTests" name="[339] /home/travis/build/icyphy/ptII/ptolemy/actor/lib/test/auto/Sinewave2.xml (RunModel)" time="0.02" />
  <testcase classname="ptolemy.util.test.junit.AutoTests" name="[340] /home/travis/build/icyphy/ptII/ptolemy/actor/lib/test/auto/Sinewave3.xml (RunModel)" time="0.026" />
  <testcase classname="ptolemy.util.test.junit.AutoTests" name="[341] /home/travis/build/icyphy/ptII/ptolemy/actor/lib/test/auto/SingleEvent.xml (RunModel)" time="0.008" />
  <testcase classname="ptolemy.util.test.junit.AutoTests" name="[342] /home/travis/build/icyphy/ptII/ptolemy/actor/lib/test/auto/Sleep.xml (RunModel)" time="6.026" />
  <testcase classname="ptolemy.util.test.junit.AutoTests" name="[343] /home/travis/build/icyphy/ptII/ptolemy/actor/lib/test/auto/SleepMultipleFire.xml (RunModel)" time="1.027" />
  <testcase classname="ptolemy.util.test.junit.AutoTests" name="[344] /home/travis/build/icyphy/ptII/ptolemy/actor/lib/test/auto/StopDE.xml (RunModel)" time="0.027" />
  <testcase classname="ptolemy.util.test.junit.AutoTests" name="[345] /home/travis/build/icyphy/ptII/ptolemy/actor/lib/test/auto/StopSDF.xml (RunModel)" time="0.015" />
  <testcase classname="ptolemy.util.test.junit.AutoTests" name="[346] /home/travis/build/icyphy/ptII/ptolemy/actor/lib/test/auto/StringConstant.xml (RunModel)" time="0.016" />
  <testcase classname="ptolemy.util.test.junit.AutoTests" name="[347] /home/travis/build/icyphy/ptII/ptolemy/actor/lib/test/auto/SubscriberPortInitialValues1.xml (RunModel)" time="0.047" />
  <testcase classname="ptolemy.util.test.junit.AutoTests" name="[348] /home/travis/build/icyphy/ptII/ptolemy/actor/lib/test/auto/SubscriberPortInitialValues13.xml (RunModel)" time="0.039" />
  <testcase classname="ptolemy.util.test.junit.AutoTests" name="[349] /home/travis/build/icyphy/ptII/ptolemy/actor/lib/test/auto/SubscriberPortInitialValues14.xml (RunModel)" time="0.02" />
  <testcase classname="ptolemy.util.test.junit.AutoTests" name="[350] /home/travis/build/icyphy/ptII/ptolemy/actor/lib/test/auto/SubscriberPortInitialValues2.xml (RunModel)" time="0.018" />
  <testcase classname="ptolemy.util.test.junit.AutoTests" name="[351] /home/travis/build/icyphy/ptII/ptolemy/actor/lib/test/auto/SubscriberPortInitialValues3.xml (RunModel)" time="0.02" />
  <testcase classname="ptolemy.util.test.junit.AutoTests" name="[352] /home/travis/build/icyphy/ptII/ptolemy/actor/lib/test/auto/SubscriptionAggregator.xml (RunModel)" time="0.011" />
  <testcase classname="ptolemy.util.test.junit.AutoTests" name="[353] /home/travis/build/icyphy/ptII/ptolemy/actor/lib/test/auto/SubscriptionAggregator2.xml (RunModel)" time="0.011" />
  <testcase classname="ptolemy.util.test.junit.AutoTests" name="[354] /home/travis/build/icyphy/ptII/ptolemy/actor/lib/test/auto/SubscriptionAggregator3.xml (RunModel)" time="0.016" />
  <testcase classname="ptolemy.util.test.junit.AutoTests" name="[355] /home/travis/build/icyphy/ptII/ptolemy/actor/lib/test/auto/SubscriptionAggregatorMultiply.xml (RunModel)" time="0.023" />
  <testcase classname="ptolemy.util.test.junit.AutoTests" name="[356] /home/travis/build/icyphy/ptII/ptolemy/actor/lib/test/auto/SubscriptionAggregatorPortMultiply1.xml (RunModel)" time="0.018" />
  <testcase classname="ptolemy.util.test.junit.AutoTests" name="[357] /home/travis/build/icyphy/ptII/ptolemy/actor/lib/test/auto/Switch.xml (RunModel)" time="0.018" />
  <testcase classname="ptolemy.util.test.junit.AutoTests" name="[358] /home/travis/build/icyphy/ptII/ptolemy/actor/lib/test/auto/Switch2.xml (RunModel)" time="0.014" />
  <testcase classname="ptolemy.util.test.junit.AutoTests" name="[359] /home/travis/build/icyphy/ptII/ptolemy/actor/lib/test/auto/SwitchDE.xml (RunModel)" time="0.017" />
  <testcase classname="ptolemy.util.test.junit.AutoTests" name="[360] /home/travis/build/icyphy/ptII/ptolemy/actor/lib/test/auto/SynchronizerDE.xml (RunModel)" time="0.022" />
  <testcase classname="ptolemy.util.test.junit.AutoTests" name="[361] /home/travis/build/icyphy/ptII/ptolemy/actor/lib/test/auto/Test.xml (RunModel)" time="0.012" />
  <testcase classname="ptolemy.util.test.junit.AutoTests" name="[362] /home/travis/build/icyphy/ptII/ptolemy/actor/lib/test/auto/TestExceptionAttribute1.xml (RunModel)" time="0.008" />
  <testcase classname="ptolemy.util.test.junit.AutoTests" name="[363] /home/travis/build/icyphy/ptII/ptolemy/actor/lib/test/auto/TestExceptionAttribute2.xml (RunModel)" time="0.013" />
  <testcase classname="ptolemy.util.test.junit.AutoTests" name="[364] /home/travis/build/icyphy/ptII/ptolemy/actor/lib/test/auto/TestExceptionAttribute3.xml (RunModel)" time="0.013" />
  <testcase classname="ptolemy.util.test.junit.AutoTests" name="[365] /home/travis/build/icyphy/ptII/ptolemy/actor/lib/test/auto/TestExceptionAttribute4.xml (RunModel)" time="0.007" />
  <testcase classname="ptolemy.util.test.junit.AutoTests" name="[366] /home/travis/build/icyphy/ptII/ptolemy/actor/lib/test/auto/TestExceptionHandler1.xml (RunModel)" time="0.009" />
  <testcase classname="ptolemy.util.test.junit.AutoTests" name="[367] /home/travis/build/icyphy/ptII/ptolemy/actor/lib/test/auto/TestExceptionHandler2.xml (RunModel)" time="0.019" />
  <testcase classname="ptolemy.util.test.junit.AutoTests" name="[368] /home/travis/build/icyphy/ptII/ptolemy/actor/lib/test/auto/TestExceptionHandler3.xml (RunModel)" time="0.007" />
  <testcase classname="ptolemy.util.test.junit.AutoTests" name="[369] /home/travis/build/icyphy/ptII/ptolemy/actor/lib/test/auto/TestExceptionHandler4.xml (RunModel)" time="0.007" />
  <testcase classname="ptolemy.util.test.junit.AutoTests" name="[370] /home/travis/build/icyphy/ptII/ptolemy/actor/lib/test/auto/TestRequireCorrectOrder.xml (RunModel)" time="0.016" />
  <testcase classname="ptolemy.util.test.junit.AutoTests" name="[371] /home/travis/build/icyphy/ptII/ptolemy/actor/lib/test/auto/TestSimple.xml (RunModel)" time="0.006" />
  <testcase classname="ptolemy.util.test.junit.AutoTests" name="[372] /home/travis/build/icyphy/ptII/ptolemy/actor/lib/test/auto/ThrowModelError.xml (RunModel)" time="0.011" />
  <testcase classname="ptolemy.util.test.junit.AutoTests" name="[373] /home/travis/build/icyphy/ptII/ptolemy/actor/lib/test/auto/TimeDelayMicrosteps.xml (RunModel)" time="0.013" />
  <testcase classname="ptolemy.util.test.junit.AutoTests" name="[374] /home/travis/build/icyphy/ptII/ptolemy/actor/lib/test/auto/TimeDelayMicrosteps2.xml (RunModel)" time="0.018" />
  <testcase classname="ptolemy.util.test.junit.AutoTests" name="[375] /home/travis/build/icyphy/ptII/ptolemy/actor/lib/test/auto/TimeDelayMicrosteps3.xml (RunModel)" time="0.013" />
  <testcase classname="ptolemy.util.test.junit.AutoTests" name="[376] /home/travis/build/icyphy/ptII/ptolemy/actor/lib/test/auto/TimeDelayVariableMicrosteps.xml (RunModel)" time="0.014" />
  <testcase classname="ptolemy.util.test.junit.AutoTests" name="[377] /home/travis/build/icyphy/ptII/ptolemy/actor/lib/test/auto/TimeGap.xml (RunModel)" time="0.016" />
  <testcase classname="ptolemy.util.test.junit.AutoTests" name="[378] /home/travis/build/icyphy/ptII/ptolemy/actor/lib/test/auto/TimeGap2.xml (RunModel)" time="0.011" />
  <testcase classname="ptolemy.util.test.junit.AutoTests" name="[379] /home/travis/build/icyphy/ptII/ptolemy/actor/lib/test/auto/TimedSinewave.xml (RunModel)" time="0.052" />
  <testcase classname="ptolemy.util.test.junit.AutoTests" name="[380] /home/travis/build/icyphy/ptII/ptolemy/actor/lib/test/auto/TimedSinewavePhase.xml (RunModel)" time="0.025" />
  <testcase classname="ptolemy.util.test.junit.AutoTests" name="[381] /home/travis/build/icyphy/ptII/ptolemy/actor/lib/test/auto/Timer.xml (RunModel)" time="0.017" />
  <testcase classname="ptolemy.util.test.junit.AutoTests" name="[382] /home/travis/build/icyphy/ptII/ptolemy/actor/lib/test/auto/TriangularDistTestModel.xml (RunModel)" time="0.018" />
  <testcase classname="ptolemy.util.test.junit.AutoTests" name="[383] /home/travis/build/icyphy/ptII/ptolemy/actor/lib/test/auto/TrigFunction.xml (RunModel)" time="0.012" />
  <testcase classname="ptolemy.util.test.junit.AutoTests" name="[384] /home/travis/build/icyphy/ptII/ptolemy/actor/lib/test/auto/TrigFunctionDE.xml (RunModel)" time="0.021" />
  <testcase classname="ptolemy.util.test.junit.AutoTests" name="[385] /home/travis/build/icyphy/ptII/ptolemy/actor/lib/test/auto/TrigFunctionInverse.xml (RunModel)" time="0.012" />
  <testcase classname="ptolemy.util.test.junit.AutoTests" name="[386] /home/travis/build/icyphy/ptII/ptolemy/actor/lib/test/auto/TrigFunctionTan.xml (RunModel)" time="0.008" />
  <testcase classname="ptolemy.util.test.junit.AutoTests" name="[387] /home/travis/build/icyphy/ptII/ptolemy/actor/lib/test/auto/TriggeredClock.xml (RunModel)" time="0.021" />
  <testcase classname="ptolemy.util.test.junit.AutoTests" name="[388] /home/travis/build/icyphy/ptII/ptolemy/actor/lib/test/auto/URLDirectoryReader.xml (RunModel)" time="0.113" />
  <testcase classname="ptolemy.util.test.junit.AutoTests" name="[389] /home/travis/build/icyphy/ptII/ptolemy/actor/lib/test/auto/URLDirectoryReader3.xml (RunModel)" time="0.128">
    <error type="java.lang.reflect.InvocationTargetException">java.lang.reflect.InvocationTargetException
	at jdk.internal.reflect.GeneratedConstructorAccessor36.newInstance(Unknown Source)
	at java.base/jdk.internal.reflect.DelegatingConstructorAccessorImpl.newInstance(DelegatingConstructorAccessorImpl.java:45)
	at java.base/java.lang.reflect.Constructor.newInstance(Constructor.java:490)
	at ptolemy.util.test.junit.AutoTests.RunModel(AutoTests.java:193)
	at jdk.internal.reflect.GeneratedMethodAccessor43.invoke(Unknown Source)
	at java.base/jdk.internal.reflect.DelegatingMethodAccessorImpl.invoke(DelegatingMethodAccessorImpl.java:43)
	at junitparams.internal.InvokeParameterisedMethod.evaluate(InvokeParameterisedMethod.java:102)
Caused by: ptolemy.kernel.util.IllegalActionException: Error evaluating expression:
&quot;http://ptolemy.eecs.berkeley.edu/ptolemyII/ptII1.0/ptII1.0/&quot;
  in .URLDirectoryReader3.URLDirectoryReader.sourceURL
Because:
Failed to evaluate sourceURL &apos;&quot;http://ptolemy.eecs.berkeley.edu/ptolemyII/ptII1.0/ptII1.0/&quot;&apos;
  in .URLDirectoryReader3.URLDirectoryReader
Because:
Server returned HTTP response code: 503 for URL: http://ptolemy.eecs.berkeley.edu/ptolemyII/ptII1.0/ptII1.0/
  in .URLDirectoryReader3.URLDirectoryReader.sourceURL
Because:
Error evaluating expression:
&quot;http://ptolemy.eecs.berkeley.edu/ptolemyII/ptII1.0/ptII1.0/&quot;
  in .URLDirectoryReader3.URLDirectoryReader.sourceURL
Because:
Failed to evaluate sourceURL &apos;&quot;http://ptolemy.eecs.berkeley.edu/ptolemyII/ptII1.0/ptII1.0/&quot;&apos;
  in .URLDirectoryReader3.URLDirectoryReader
Because:
Server returned HTTP response code: 503 for URL: http://ptolemy.eecs.berkeley.edu/ptolemyII/ptII1.0/ptII1.0/
	at ptolemy.data.expr.Variable.validate(Variable.java:1619)
	at ptolemy.moml.MoMLParser.endDocument(MoMLParser.java:867)
	at com.microstar.xml.XmlParser.doParse(XmlParser.java:162)
	at com.microstar.xml.XmlParser.parse(XmlParser.java:132)
	at ptolemy.moml.MoMLParser.parse(MoMLParser.java:1660)
	at ptolemy.moml.MoMLParser.parse(MoMLParser.java:1595)
	at ptolemy.moml.MoMLParser.parse(MoMLParser.java:1537)
	at ptolemy.moml.MoMLSimpleApplication.&lt;init&gt;(MoMLSimpleApplication.java:123)
Caused by: ptolemy.kernel.util.IllegalActionException: Error evaluating expression:
&quot;http://ptolemy.eecs.berkeley.edu/ptolemyII/ptII1.0/ptII1.0/&quot;
  in .URLDirectoryReader3.URLDirectoryReader.sourceURL
Because:
Failed to evaluate sourceURL &apos;&quot;http://ptolemy.eecs.berkeley.edu/ptolemyII/ptII1.0/ptII1.0/&quot;&apos;
  in .URLDirectoryReader3.URLDirectoryReader
Because:
Server returned HTTP response code: 503 for URL: http://ptolemy.eecs.berkeley.edu/ptolemyII/ptII1.0/ptII1.0/
	at ptolemy.data.expr.Variable._evaluate(Variable.java:1891)
	at ptolemy.data.expr.Variable._propagate(Variable.java:1984)
	at ptolemy.data.expr.Variable.validate(Variable.java:1596)
Caused by: ptolemy.kernel.util.IllegalActionException: Failed to evaluate sourceURL &apos;&quot;http://ptolemy.eecs.berkeley.edu/ptolemyII/ptII1.0/ptII1.0/&quot;&apos;
  in .URLDirectoryReader3.URLDirectoryReader
Because:
Server returned HTTP response code: 503 for URL: http://ptolemy.eecs.berkeley.edu/ptolemyII/ptII1.0/ptII1.0/
	at ptolemy.actor.lib.URLReader.attributeChanged(URLReader.java:165)
	at ptolemy.actor.lib.URLDirectoryReader.attributeChanged(URLDirectoryReader.java:153)
	at ptolemy.data.expr.Variable._setTokenAndNotify(Variable.java:2271)
	at ptolemy.data.expr.Variable._evaluate(Variable.java:1873)
Caused by: java.io.IOException: Server returned HTTP response code: 503 for URL: http://ptolemy.eecs.berkeley.edu/ptolemyII/ptII1.0/ptII1.0/
	at java.base/sun.net.www.protocol.http.HttpURLConnection.getInputStream0(HttpURLConnection.java:1913)
	at java.base/sun.net.www.protocol.http.HttpURLConnection.getInputStream(HttpURLConnection.java:1509)
	at java.base/java.net.URL.openStream(URL.java:1117)
	at ptolemy.actor.lib.URLReader.attributeChanged(URLReader.java:160)
</error>
  </testcase>
  <testcase classname="ptolemy.util.test.junit.AutoTests" name="[390] /home/travis/build/icyphy/ptII/ptolemy/actor/lib/test/auto/UnaryMathFunction.xml (RunModel)" time="0.026" />
  <testcase classname="ptolemy.util.test.junit.AutoTests" name="[391] /home/travis/build/icyphy/ptII/ptolemy/actor/lib/test/auto/Uniform.xml (RunModel)" time="0.016" />
  <testcase classname="ptolemy.util.test.junit.AutoTests" name="[392] /home/travis/build/icyphy/ptII/ptolemy/actor/lib/test/auto/UnionDisassemblerTest.xml (RunModel)" time="0.018" />
  <testcase classname="ptolemy.util.test.junit.AutoTests" name="[393] /home/travis/build/icyphy/ptII/ptolemy/actor/lib/test/auto/UtilityFunctions.xml (RunModel)" time="0.008" />
  <testcase classname="ptolemy.util.test.junit.AutoTests" name="[394] /home/travis/build/icyphy/ptII/ptolemy/actor/lib/test/auto/VariableSleep.xml (RunModel)" time="0.512" />
  <testcase classname="ptolemy.util.test.junit.AutoTests" name="[395] /home/travis/build/icyphy/ptII/ptolemy/actor/lib/test/auto/VectorAssemblerDisassemblerCT.xml (RunModel)" time="0.126" />
  <testcase classname="ptolemy.util.test.junit.AutoTests" name="[396] /home/travis/build/icyphy/ptII/ptolemy/actor/lib/test/auto/VectorAssemblerDisassemblerDE.xml (RunModel)" time="0.014" />
  <testcase classname="ptolemy.util.test.junit.AutoTests" name="[397] /home/travis/build/icyphy/ptII/ptolemy/actor/lib/test/auto/VectorAssemblerDisassemblerSDF.xml (RunModel)" time="0.013" />
  <testcase classname="ptolemy.util.test.junit.AutoTests" name="[398] /home/travis/build/icyphy/ptII/ptolemy/actor/lib/test/auto/WallClockTime.xml (RunModel)" time="1.013" />
  <testcase classname="ptolemy.util.test.junit.AutoTests" name="[399] /home/travis/build/icyphy/ptII/ptolemy/actor/lib/test/auto/WidthTestWithSubscriberPublisher.xml (RunModel)" time="0.038" />
  <testcase classname="ptolemy.util.test.junit.AutoTests" name="[400] /home/travis/build/icyphy/ptII/ptolemy/actor/lib/test/auto/WidthTestWithSubscriberPublisher2.xml (RunModel)" time="0.017" />
  <testcase classname="ptolemy.util.test.junit.AutoTests" name="[401] /home/travis/build/icyphy/ptII/ptolemy/actor/lib/test/auto/WidthTestWithSubscriberPublisher3.xml (RunModel)" time="0.011" />
  <testcase classname="ptolemy.util.test.junit.AutoTests" name="[402] /home/travis/build/icyphy/ptII/ptolemy/actor/lib/test/auto/Writer.xml (RunModel)" time="0.009" />
  <testcase classname="ptolemy.util.test.junit.AutoTests" name="[403] /home/travis/build/icyphy/ptII/ptolemy/actor/lib/test/auto/array.xml (RunModel)" time="0.026" />
  <testcase classname="ptolemy.util.test.junit.AutoTests" name="[404] /home/travis/build/icyphy/ptII/ptolemy/actor/lib/test/auto/array2.xml (RunModel)" time="0.026" />
  <testcase classname="ptolemy.util.test.junit.AutoTests" name="[405] /home/travis/build/icyphy/ptII/ptolemy/actor/lib/test/auto/arrayType.xml (RunModel)" time="0.015" />
  <testcase classname="ptolemy.util.test.junit.AutoTests" name="[406] /home/travis/build/icyphy/ptII/ptolemy/actor/lib/test/auto/arrayType10.xml (RunModel)" time="0.01" />
  <testcase classname="ptolemy.util.test.junit.AutoTests" name="[407] /home/travis/build/icyphy/ptII/ptolemy/actor/lib/test/auto/arrayType11.xml (RunModel)" time="0.009" />
  <testcase classname="ptolemy.util.test.junit.AutoTests" name="[408] /home/travis/build/icyphy/ptII/ptolemy/actor/lib/test/auto/arrayType12.xml (RunModel)" time="0.01" />
  <testcase classname="ptolemy.util.test.junit.AutoTests" name="[409] /home/travis/build/icyphy/ptII/ptolemy/actor/lib/test/auto/arrayType13.xml (RunModel)" time="0.01" />
  <testcase classname="ptolemy.util.test.junit.AutoTests" name="[410] /home/travis/build/icyphy/ptII/ptolemy/actor/lib/test/auto/arrayType14.xml (RunModel)" time="0.009" />
  <testcase classname="ptolemy.util.test.junit.AutoTests" name="[411] /home/travis/build/icyphy/ptII/ptolemy/actor/lib/test/auto/arrayType15.xml (RunModel)" time="0.01" />
  <testcase classname="ptolemy.util.test.junit.AutoTests" name="[412] /home/travis/build/icyphy/ptII/ptolemy/actor/lib/test/auto/arrayType16.xml (RunModel)" time="0.015" />
  <testcase classname="ptolemy.util.test.junit.AutoTests" name="[413] /home/travis/build/icyphy/ptII/ptolemy/actor/lib/test/auto/arrayType17.xml (RunModel)" time="0.013" />
  <testcase classname="ptolemy.util.test.junit.AutoTests" name="[414] /home/travis/build/icyphy/ptII/ptolemy/actor/lib/test/auto/arrayType18.xml (RunModel)" time="0.008" />
  <testcase classname="ptolemy.util.test.junit.AutoTests" name="[415] /home/travis/build/icyphy/ptII/ptolemy/actor/lib/test/auto/arrayType19.xml (RunModel)" time="0.008" />
  <testcase classname="ptolemy.util.test.junit.AutoTests" name="[416] /home/travis/build/icyphy/ptII/ptolemy/actor/lib/test/auto/arrayType2.xml (RunModel)" time="0.009" />
  <testcase classname="ptolemy.util.test.junit.AutoTests" name="[417] /home/travis/build/icyphy/ptII/ptolemy/actor/lib/test/auto/arrayType20.xml (RunModel)" time="0.009" />
  <testcase classname="ptolemy.util.test.junit.AutoTests" name="[418] /home/travis/build/icyphy/ptII/ptolemy/actor/lib/test/auto/arrayType21.xml (RunModel)" time="0.009" />
  <testcase classname="ptolemy.util.test.junit.AutoTests" name="[419] /home/travis/build/icyphy/ptII/ptolemy/actor/lib/test/auto/arrayType22.xml (RunModel)" time="0.009" />
  <testcase classname="ptolemy.util.test.junit.AutoTests" name="[420] /home/travis/build/icyphy/ptII/ptolemy/actor/lib/test/auto/arrayType23.xml (RunModel)" time="0.01" />
  <testcase classname="ptolemy.util.test.junit.AutoTests" name="[421] /home/travis/build/icyphy/ptII/ptolemy/actor/lib/test/auto/arrayType24.xml (RunModel)" time="0.01" />
  <testcase classname="ptolemy.util.test.junit.AutoTests" name="[422] /home/travis/build/icyphy/ptII/ptolemy/actor/lib/test/auto/arrayType25.xml (RunModel)" time="0.009" />
  <testcase classname="ptolemy.util.test.junit.AutoTests" name="[423] /home/travis/build/icyphy/ptII/ptolemy/actor/lib/test/auto/arrayType26.xml (RunModel)" time="0.011" />
  <testcase classname="ptolemy.util.test.junit.AutoTests" name="[424] /home/travis/build/icyphy/ptII/ptolemy/actor/lib/test/auto/arrayType27.xml (RunModel)" time="0.009" />
  <testcase classname="ptolemy.util.test.junit.AutoTests" name="[425] /home/travis/build/icyphy/ptII/ptolemy/actor/lib/test/auto/arrayType28.xml (RunModel)" time="0.01" />
  <testcase classname="ptolemy.util.test.junit.AutoTests" name="[426] /home/travis/build/icyphy/ptII/ptolemy/actor/lib/test/auto/arrayType3.xml (RunModel)" time="0.008" />
  <testcase classname="ptolemy.util.test.junit.AutoTests" name="[427] /home/travis/build/icyphy/ptII/ptolemy/actor/lib/test/auto/arrayType4.xml (RunModel)" time="0.009" />
  <testcase classname="ptolemy.util.test.junit.AutoTests" name="[428] /home/travis/build/icyphy/ptII/ptolemy/actor/lib/test/auto/arrayType5.xml (RunModel)" time="0.017" />
  <testcase classname="ptolemy.util.test.junit.AutoTests" name="[429] /home/travis/build/icyphy/ptII/ptolemy/actor/lib/test/auto/arrayType6.xml (RunModel)" time="0.007" />
  <testcase classname="ptolemy.util.test.junit.AutoTests" name="[430] /home/travis/build/icyphy/ptII/ptolemy/actor/lib/test/auto/arrayType7.xml (RunModel)" time="0.009" />
  <testcase classname="ptolemy.util.test.junit.AutoTests" name="[431] /home/travis/build/icyphy/ptII/ptolemy/actor/lib/test/auto/arrayType8.xml (RunModel)" time="0.009" />
  <testcase classname="ptolemy.util.test.junit.AutoTests" name="[432] /home/travis/build/icyphy/ptII/ptolemy/actor/lib/test/auto/arrayType9.xml (RunModel)" time="0.009" />
  <testcase classname="ptolemy.util.test.junit.AutoTests" name="[433] /home/travis/build/icyphy/ptII/ptolemy/actor/lib/test/auto/cast.xml (RunModel)" time="0.019" />
  <testcase classname="ptolemy.util.test.junit.AutoTests" name="[434] /home/travis/build/icyphy/ptII/ptolemy/actor/lib/test/auto/compositeMultiPort.xml (RunModel)" time="0.017" />
  <testcase classname="ptolemy.util.test.junit.AutoTests" name="[435] /home/travis/build/icyphy/ptII/ptolemy/actor/lib/test/auto/expressionCastInference.xml (RunModel)" time="0.009" />
  <testcase classname="ptolemy.util.test.junit.AutoTests" name="[436] /home/travis/build/icyphy/ptII/ptolemy/actor/lib/test/auto/expressionCastInference2.xml (RunModel)" time="0.008" />
  <testcase classname="ptolemy.util.test.junit.AutoTests" name="[437] /home/travis/build/icyphy/ptII/ptolemy/actor/lib/test/auto/expressionInference.xml (RunModel)" time="0.01" />
  <testcase classname="ptolemy.util.test.junit.AutoTests" name="[438] /home/travis/build/icyphy/ptII/ptolemy/actor/lib/test/auto/expression_bug.xml (RunModel)" time="0.008" />
  <testcase classname="ptolemy.util.test.junit.AutoTests" name="[439] /home/travis/build/icyphy/ptII/ptolemy/actor/lib/test/auto/factorial.xml (RunModel)" time="0.065" />
  <testcase classname="ptolemy.util.test.junit.AutoTests" name="[440] /home/travis/build/icyphy/ptII/ptolemy/actor/lib/test/auto/filterTest1.xml (RunModel)" time="0.013" />
  <testcase classname="ptolemy.util.test.junit.AutoTests" name="[441] /home/travis/build/icyphy/ptII/ptolemy/actor/lib/test/auto/funcApplyInConst.xml (RunModel)" time="0.006" />
  <testcase classname="ptolemy.util.test.junit.AutoTests" name="[442] /home/travis/build/icyphy/ptII/ptolemy/actor/lib/test/auto/funcApplyInExpr.xml (RunModel)" time="0.006" />
  <testcase classname="ptolemy.util.test.junit.AutoTests" name="[443] /home/travis/build/icyphy/ptII/ptolemy/actor/lib/test/auto/function.xml (RunModel)" time="0.014" />
  <testcase classname="ptolemy.util.test.junit.AutoTests" name="[444] /home/travis/build/icyphy/ptII/ptolemy/actor/lib/test/auto/function2.xml (RunModel)" time="0.014" />
  <testcase classname="ptolemy.util.test.junit.AutoTests" name="[445] /home/travis/build/icyphy/ptII/ptolemy/actor/lib/test/auto/function3.xml (RunModel)" time="0.008" />
  <testcase classname="ptolemy.util.test.junit.AutoTests" name="[446] /home/travis/build/icyphy/ptII/ptolemy/actor/lib/test/auto/functionClosureTest1.xml (RunModel)" time="0.011" />
  <testcase classname="ptolemy.util.test.junit.AutoTests" name="[447] /home/travis/build/icyphy/ptII/ptolemy/actor/lib/test/auto/functionClosureTest2.xml (RunModel)" time="0.008" />
  <testcase classname="ptolemy.util.test.junit.AutoTests" name="[448] /home/travis/build/icyphy/ptII/ptolemy/actor/lib/test/auto/functionClosureTest3.xml (RunModel)" time="0.01" />
  <testcase classname="ptolemy.util.test.junit.AutoTests" name="[449] /home/travis/build/icyphy/ptII/ptolemy/actor/lib/test/auto/functionClosureTest4.xml (RunModel)" time="0.013" />
  <testcase classname="ptolemy.util.test.junit.AutoTests" name="[450] /home/travis/build/icyphy/ptII/ptolemy/actor/lib/test/auto/functionClosureTest5.xml (RunModel)" time="0.013" />
  <testcase classname="ptolemy.util.test.junit.AutoTests" name="[451] /home/travis/build/icyphy/ptII/ptolemy/actor/lib/test/auto/functionClosureTest6.xml (RunModel)" time="0.011" />
  <testcase classname="ptolemy.util.test.junit.AutoTests" name="[452] /home/travis/build/icyphy/ptII/ptolemy/actor/lib/test/auto/functionsOnArcs.xml (RunModel)" time="0.01" />
  <testcase classname="ptolemy.util.test.junit.AutoTests" name="[453] /home/travis/build/icyphy/ptII/ptolemy/actor/lib/test/auto/functionsOnArcsHOF.xml (RunModel)" time="0.013" />
  <testcase classname="ptolemy.util.test.junit.AutoTests" name="[454] /home/travis/build/icyphy/ptII/ptolemy/actor/lib/test/auto/logic.xml (RunModel)" time="0.019" />
  <testcase classname="ptolemy.util.test.junit.AutoTests" name="[455] /home/travis/build/icyphy/ptII/ptolemy/actor/lib/test/auto/matrixType.xml (RunModel)" time="0.01" />
  <testcase classname="ptolemy.util.test.junit.AutoTests" name="[456] /home/travis/build/icyphy/ptII/ptolemy/actor/lib/test/auto/matrixType10.xml (RunModel)" time="0.01" />
  <testcase classname="ptolemy.util.test.junit.AutoTests" name="[457] /home/travis/build/icyphy/ptII/ptolemy/actor/lib/test/auto/matrixType11.xml (RunModel)" time="0.01" />
  <testcase classname="ptolemy.util.test.junit.AutoTests" name="[458] /home/travis/build/icyphy/ptII/ptolemy/actor/lib/test/auto/matrixType12.xml (RunModel)" time="0.012" />
  <testcase classname="ptolemy.util.test.junit.AutoTests" name="[459] /home/travis/build/icyphy/ptII/ptolemy/actor/lib/test/auto/matrixType13.xml (RunModel)" time="0.009" />
  <testcase classname="ptolemy.util.test.junit.AutoTests" name="[460] /home/travis/build/icyphy/ptII/ptolemy/actor/lib/test/auto/matrixType14.xml (RunModel)" time="0.013" />
  <testcase classname="ptolemy.util.test.junit.AutoTests" name="[461] /home/travis/build/icyphy/ptII/ptolemy/actor/lib/test/auto/matrixType2.xml (RunModel)" time="0.009" />
  <testcase classname="ptolemy.util.test.junit.AutoTests" name="[462] /home/travis/build/icyphy/ptII/ptolemy/actor/lib/test/auto/matrixType3.xml (RunModel)" time="0.008" />
  <testcase classname="ptolemy.util.test.junit.AutoTests" name="[463] /home/travis/build/icyphy/ptII/ptolemy/actor/lib/test/auto/matrixType4.xml (RunModel)" time="0.012" />
  <testcase classname="ptolemy.util.test.junit.AutoTests" name="[464] /home/travis/build/icyphy/ptII/ptolemy/actor/lib/test/auto/matrixType5.xml (RunModel)" time="0.008" />
  <testcase classname="ptolemy.util.test.junit.AutoTests" name="[465] /home/travis/build/icyphy/ptII/ptolemy/actor/lib/test/auto/matrixType6.xml (RunModel)" time="0.008" />
  <testcase classname="ptolemy.util.test.junit.AutoTests" name="[466] /home/travis/build/icyphy/ptII/ptolemy/actor/lib/test/auto/matrixType7.xml (RunModel)" time="0.009" />
  <testcase classname="ptolemy.util.test.junit.AutoTests" name="[467] /home/travis/build/icyphy/ptII/ptolemy/actor/lib/test/auto/matrixType8.xml (RunModel)" time="0.011" />
  <testcase classname="ptolemy.util.test.junit.AutoTests" name="[468] /home/travis/build/icyphy/ptII/ptolemy/actor/lib/test/auto/matrixType9.xml (RunModel)" time="0.008" />
  <testcase classname="ptolemy.util.test.junit.AutoTests" name="[469] /home/travis/build/icyphy/ptII/ptolemy/actor/lib/test/auto/paraFunctest.xml (RunModel)" time="0.007" />
  <testcase classname="ptolemy.util.test.junit.AutoTests" name="[470] /home/travis/build/icyphy/ptII/ptolemy/actor/lib/test/auto/paraFunctest2.xml (RunModel)" time="0.012" />
  <testcase classname="ptolemy.util.test.junit.AutoTests" name="[471] /home/travis/build/icyphy/ptII/ptolemy/actor/lib/test/auto/parameterPassing.xml (RunModel)" time="0.011" />
  <testcase classname="ptolemy.util.test.junit.AutoTests" name="[472] /home/travis/build/icyphy/ptII/ptolemy/actor/lib/test/auto/record.xml (RunModel)" time="0.011" />
  <testcase classname="ptolemy.util.test.junit.AutoTests" name="[473] /home/travis/build/icyphy/ptII/ptolemy/actor/lib/test/auto/sizedarray1.xml (RunModel)" time="0.011" />
  <testcase classname="ptolemy.util.test.junit.AutoTests" name="[474] /home/travis/build/icyphy/ptII/ptolemy/actor/lib/test/auto/sizedarray2.xml (RunModel)" time="0.011" />
  <testcase classname="ptolemy.util.test.junit.AutoTests" name="[475] /home/travis/build/icyphy/ptII/ptolemy/actor/lib/test/auto/twoPublishers.xml (RunModel)" time="0.031" />
  <system-out><![CDATA[/home/travis/build/icyphy/ptII/ptolemy/actor/lib/test/AbsoluteValue.tcl
testDefs.tcl: setting time out to 9000 seconds at Thu Oct 10 16:46:25 UTC 2019
109 ms. Memory: 120832K Free: 85960K (71%)
11 ms. Memory: 120832K Free: 84415K (70%)
5 ms. Memory: 120832K Free: 83398K (69%)
12 ms. Memory: 120832K Free: 82888K (69%)
/home/travis/build/icyphy/ptII/ptolemy/actor/lib/test/AddSubtract.tcl
26 ms. Memory: 120832K Free: 80840K (67%)
16 ms. Memory: 120832K Free: 79816K (66%)
12 ms. Memory: 120832K Free: 79302K (66%)
14 ms. Memory: 120832K Free: 78263K (65%)
90 ms. Memory: 120832K Free: 75720K (63%)
18 ms. Memory: 120832K Free: 74696K (62%)
/home/travis/build/icyphy/ptII/ptolemy/actor/lib/test/Average.tcl
19 ms. Memory: 120832K Free: 73143K (61%)
22 ms. Memory: 120832K Free: 71624K (59%)
/home/travis/build/icyphy/ptII/ptolemy/actor/lib/test/Bernoulli.tcl
10 ms. Memory: 120832K Free: 70071K (58%)
2 ms. Memory: 120832K Free: 70071K (58%)
/home/travis/build/icyphy/ptII/ptolemy/actor/lib/test/Clock.tcl
preinitializing
resolving types
initializing
executing number 1
wrapping up
idle
38 ms. Memory: 120832K Free: 67014K (55%)
Completed execution with 5 iterations
preinitializing
resolving types
initializing
executing number 1
wrapping up
idle
10 ms. Memory: 120832K Free: 66504K (55%)
Completed execution with 5 iterations
preinitializing
resolving types
initializing
executing number 1
wrapping up
idle
10 ms. Memory: 120832K Free: 65990K (55%)
Completed execution with 5 iterations
/home/travis/build/icyphy/ptII/ptolemy/actor/lib/test/Commutator.tcl
12 ms. Memory: 120832K Free: 63942K (53%)
19 ms. Memory: 120832K Free: 62903K (52%)
17 ms. Memory: 120832K Free: 57288K (47%)
/home/travis/build/icyphy/ptII/ptolemy/actor/lib/test/Const.tcl
4 ms. Memory: 120832K Free: 55735K (46%)
2 ms. Memory: 120832K Free: 55240K (46%)
3 ms. Memory: 120832K Free: 54726K (45%)
2 ms. Memory: 120832K Free: 54216K (45%)
2 ms. Memory: 120832K Free: 53192K (44%)
13 ms. Memory: 120832K Free: 51654K (43%)
5 ms. Memory: 120832K Free: 50615K (42%)
3 ms. Memory: 120832K Free: 49606K (41%)
/home/travis/build/icyphy/ptII/ptolemy/actor/lib/test/CurrentTime.tcl
preinitializing
resolving types
initializing
executing number 1
wrapping up
idle
8 ms. Memory: 120832K Free: 48072K (40%)
Completed execution with 11 iterations
/home/travis/build/icyphy/ptII/ptolemy/actor/lib/test/DB.tcl
4 ms. Memory: 120832K Free: 46024K (38%)
23 ms. Memory: 120832K Free: 107357K (89%)
2 ms. Memory: 120832K Free: 106847K (88%)
/home/travis/build/icyphy/ptII/ptolemy/actor/lib/test/DiscreteRandomSource.tcl
preinitializing
resolving types
initializing
executing number 1
wrapping up
idle
10 ms. Memory: 120832K Free: 105823K (88%)
Completed execution with 4 iterations
preinitializing
resolving types
initializing
executing number 1
wrapping up
idle
3 ms. Memory: 120832K Free: 105309K (87%)
Completed execution with 4 iterations
preinitializing
resolving types
initializing
executing number 1
wrapping up
idle
2 ms. Memory: 120832K Free: 104799K (87%)
Completed execution with 4 iterations
preinitializing
resolving types
initializing
executing number 1
wrapping up
idle
3 ms. Memory: 120832K Free: 104270K (86%)
Completed execution with 4 iterations
preinitializing
resolving types
initializing
executing number 1
wrapping up
idle
4 ms. Memory: 120832K Free: 103775K (86%)
Completed execution with 4 iterations
/home/travis/build/icyphy/ptII/ptolemy/actor/lib/test/Distributor.tcl
4 ms. Memory: 120832K Free: 102230K (85%)
4 ms. Memory: 120832K Free: 101213K (84%)
StreamChangeRequest.changeExecuted(): <deleteEntity name="rec2"/> succeeded
StreamChangeRequest.changeExecuted(): <deleteRelation name="r2"/> succeeded
StreamChangeRequest.changeExecuted(): Record firings per iteration succeeded
9 ms. Memory: 120832K Free: 98655K (82%)
/home/travis/build/icyphy/ptII/ptolemy/actor/lib/test/Exit.tcl
Exit.tcl: this will print a message about Manager.exitAfterWrapup, which can be ignored.
6 ms. Memory: 120832K Free: 95007K (79%)
/home/travis/build/icyphy/ptII/ptolemy/actor/lib/test/Expression.tcl
21 ms. Memory: 120832K Free: 104876K (87%)
3 ms. Memory: 120832K Free: 104362K (86%)
3 ms. Memory: 120832K Free: 103338K (86%)
preinitializing
resolving types
initializing
executing number 1
wrapping up
idle
12 ms. Memory: 120832K Free: 102314K (85%)
Completed execution with 6 iterations
11 ms. Memory: 120832K Free: 101276K (84%)
3 ms. Memory: 120832K Free: 100266K (83%)
13 ms. Memory: 120832K Free: 99236K (82%)
6 ms. Memory: 120832K Free: 98204K (81%)
7 ms. Memory: 120832K Free: 96684K (80%)
/home/travis/build/icyphy/ptII/ptolemy/actor/lib/test/Gaussian.tcl
6 ms. Memory: 120832K Free: 95132K (79%)
sleeping 1 seconds: ..............................................................................................................................................................................................................................................................................................................................................................................................................................................................................................................................................................................................................................................................................................................................................................................................................................................................................................................................................................................................................................................................................................................................................................................................................................................................................................................................................................................................................................................................................................................................................................................................................................................................................................................................................................................................................................................................................................................................................................................................................................................................................................................................................................................................................................................................................................................................................................................................................................................................................................................................................................................................................................................................................................................................................................................................................................................................................................................................................................................................................................................................................................................................................................................................................................................................................................................................................................................................................................................................................................................................................................................................................................................................................................................................................................................................................................................................................................................................................................................................................................................................................................................................................................................................................................................................................................................................................................................................................................................................................................................................................................................................................................................................................................................................................................................................................................................................................................................................................................................................................................................................................................................................................................................................................................................................................................................................................................................................................................................................................................................................................................................................................................................................................................................................................................................................................................................................................................................5 ms. Memory: 120832K Free: 98233K (81%)
4 ms. Memory: 120832K Free: 97215K (80%)
2 ms. Memory: 120832K Free: 96705K (80%)
7 ms. Memory: 120832K Free: 96084K (80%)
5 ms. Memory: 120832K Free: 95649K (79%)
/home/travis/build/icyphy/ptII/ptolemy/actor/lib/test/IIR.tcl
/home/travis/build/icyphy/ptII/ptolemy/actor/lib/test/Interpolator.tcl
5 ms. Memory: 120832K Free: 91585K (76%)
2 ms. Memory: 120832K Free: 91057K (75%)
4 ms. Memory: 120832K Free: 90561K (75%)
2 ms. Memory: 120832K Free: 90033K (75%)
2 ms. Memory: 120832K Free: 89023K (74%)
3 ms. Memory: 120832K Free: 88513K (73%)
2 ms. Memory: 120832K Free: 87489K (72%)
8 ms. Memory: 120832K Free: 86465K (72%)
5 ms. Memory: 120832K Free: 85441K (71%)
9 ms. Memory: 120832K Free: 84897K (70%)
/home/travis/build/icyphy/ptII/ptolemy/actor/lib/test/MathFunction.tcl
11 ms. Memory: 120832K Free: 82865K (69%)
2 ms. Memory: 120832K Free: 81345K (67%)
2 ms. Memory: 120832K Free: 80321K (66%)
2 ms. Memory: 120832K Free: 79793K (66%)
3 ms. Memory: 120832K Free: 78273K (65%)
6 ms. Memory: 120832K Free: 76225K (63%)
/home/travis/build/icyphy/ptII/ptolemy/actor/lib/test/Maximum.tcl
3 ms. Memory: 120832K Free: 74687K (62%)
2 ms. Memory: 120832K Free: 73649K (61%)
3 ms. Memory: 120832K Free: 73153K (61%)
2 ms. Memory: 120832K Free: 72639K (60%)
/home/travis/build/icyphy/ptII/ptolemy/actor/lib/test/Minimum.tcl
8 ms. Memory: 120832K Free: 71105K (59%)
4 ms. Memory: 120832K Free: 70081K (58%)
3 ms. Memory: 120832K Free: 69553K (58%)
3 ms. Memory: 120832K Free: 69057K (57%)
/home/travis/build/icyphy/ptII/ptolemy/actor/lib/test/MultiplyDivide.tcl
15 ms. Memory: 146432K Free: 130947K (89%)
3 ms. Memory: 146432K Free: 130387K (89%)
7 ms. Memory: 146432K Free: 129309K (88%)
6 ms. Memory: 146432K Free: 128371K (88%)
6 ms. Memory: 146432K Free: 127875K (87%)
/home/travis/build/icyphy/ptII/ptolemy/actor/lib/test/OrderedMerge.tcl
Connections changed on port: inputA
Connections changed on port: inputB
Connections changed on port: output
Connections changed on port: output
Connections changed on port: output
Connections changed on port: input
.top. Preinitializing ...
Invoking preinitialize():  .top.OrderedMerge
Called preinitialize()
Invoking preinitialize():  .top.Ramp
Called preinitialize()
Invoking preinitialize():  .top.Ramp2
Called preinitialize()
Invoking preinitialize():  .top.Test
Called preinitialize()
Connections changed on port: inputA
Connections changed on port: output
Connections changed on port: output
Connections changed on port: input
Connections changed on port: inputB
Connections changed on port: output
.top. Finished preinitialize().
Called initialize().
Invoking initialize():  .top.OrderedMerge
Initializing actor: .top.OrderedMerge
Adding a thread: .top.OrderedMerge
Invoking initialize():  .top.Ramp
Initializing actor: .top.Ramp
Adding a thread: .top.Ramp
Invoking initialize():  .top.Ramp2
Initializing actor: .top.Ramp2
Adding a thread: .top.Ramp2
Invoking initialize():  .top.Test
Initializing actor: .top.Test
Adding a thread: .top.Test
Called fire().
Checking for deadlock:
-- Starting thread.
-- Starting thread.
-- Starting thread.
Called initialize()
Called initialize()
Called prefire()
Called fire()
Called prefire()
Called fire()
There are 0 Blocked actors, 0 Stopped actors, and 4 active threads.
Waiting for actors to stop.
Called initialize()
Called postfire()
Called prefire()
Called fire()
-- Starting thread.
Called prefire()
Called fire()
Checking for deadlock:
There are 1 Blocked actors, 0 Stopped actors, and 4 active threads.
Waiting for actors to stop.
Called initialize()
Called postfire()
Called prefire()
Called fire()
Called prefire()
Called fire()
Read input token from inputA with value 0.0
Next port to read input from is inputB
Called postfire()
Called prefire()
Called fire()
Read input token from inputB with value 0.0
Sent output token with value 0.0
Next port to read input from is inputA
Called postfire()
Called prefire()
Called fire()
Checking for deadlock:
There are 1 Blocked actors, 0 Stopped actors, and 4 active threads.
Waiting for actors to stop.
Called postfire()
Called prefire()
Called fire()
-- Read input: 0.0, which is expected to match: 0.0
Checking for deadlock:
There are 1 Blocked actors, 0 Stopped actors, and 4 active threads.
Waiting for actors to stop.
Called prefire()
Called fire()
Checking for deadlock:
There are 2 Blocked actors, 0 Stopped actors, and 4 active threads.
Waiting for actors to stop.
Called postfire()
Called postfire()
Called prefire()
Called prefire()
Called fire()
Called fire()
Checking for deadlock:
There are 1 Blocked actors, 0 Stopped actors, and 4 active threads.
Waiting for actors to stop.
Checking for deadlock:
There are 3 Blocked actors, 0 Stopped actors, and 4 active threads.
Waiting for actors to stop.
Read input token from inputA with value 1.0
Sent output token with value 0.0
Next port to read input from is inputB
Called postfire()
Called prefire()
Called fire()
Read input token from inputB with value 1.5
Checking for deadlock:
There are 2 Blocked actors, 0 Stopped actors, and 4 active threads.
Waiting for actors to stop.
-- Read input: 0.0, which is expected to match: 0.0
Called prefire()
Called fire()
Checking for deadlock:
There are 2 Blocked actors, 0 Stopped actors, and 4 active threads.
Waiting for actors to stop.
Called postfire()
Sent output token with value 1.0
Called prefire()
Called fire()
Next port to read input from is inputA
Called postfire()
Called prefire()
Called fire()
Read input token from inputA with value 2.0
-- Read input: 1.0, which is expected to match: 1.0
Sent output token with value 1.5
Called prefire()
Called fire()
Next port to read input from is inputB
Called postfire()
Called prefire()
Called fire()
-- Read input: 1.5, which is expected to match: 1.5
Read input token from inputB with value 3.0
Called prefire()
Called fire()
Sent output token with value 2.0
Next port to read input from is inputA
Called postfire()
-- Read input: 2.0, which is expected to match: 2.0
Called prefire()
Called fire()
Called prefire()
Called fire()
Checking for deadlock:
There are 2 Blocked actors, 0 Stopped actors, and 4 active threads.
Waiting for actors to stop.
Called postfire()
Called prefire()
Called fire()
Checking for deadlock:
There are 2 Blocked actors, 0 Stopped actors, and 4 active threads.
Waiting for actors to stop.
Called postfire()
Read input token from inputA with value 3.0
Called prefire()
Called fire()
Sent output token with value 3.0
Next port to read input from is inputB
Called postfire()
Called prefire()
Called fire()
Read input token from inputB with value 4.5
Checking for deadlock:
There are 1 Blocked actors, 0 Stopped actors, and 4 active threads.
Waiting for actors to stop.
Called postfire()
Called prefire()
Called fire()
-- Read input: 3.0, which is expected to match: 3.0
Checking for deadlock:
Called prefire()
There are 1 Blocked actors, 0 Stopped actors, and 4 active threads.
Waiting for actors to stop.
Called postfire()
Called prefire()
Called fire()
Called fire()
Sent output token with value 3.0
Next port to read input from is inputA
Called postfire()
Called prefire()
Called fire()
Read input token from inputA with value 4.0
Checking for deadlock:
There are 2 Blocked actors, 0 Stopped actors, and 4 active threads.
Waiting for actors to stop.
Called postfire()
Called prefire()
Called fire()
-- Read input: 3.0, which is expected to match: 3.0
Checking for deadlock:
There are 2 Blocked actors, 0 Stopped actors, and 4 active threads.
Called prefire()
Called fire()
Waiting for actors to stop.
Sent output token with value 4.0
Next port to read input from is inputA
Called postfire()
Called prefire()
Called fire()
Checking for deadlock:
There are 2 Blocked actors, 0 Stopped actors, and 4 active threads.
Waiting for actors to stop.
-- Read input: 4.0, which is expected to match: 4.0
Read input token from inputA with value 5.0
Called prefire()
Called fire()
Past the end of training data. Read and discard all inputs.
Sent output token with value 4.5
Called prefire()
Called fire()
Past the end of training data. Read and discard all inputs.
Next port to read input from is inputB
Called postfire()
Called prefire()
Called fire()
Checking for deadlock:
Called postfire()
Called prefire()
Called fire()
There are 2 Blocked actors, 0 Stopped actors, and 4 active threads.
Waiting for actors to stop.
Checking for deadlock:
There are 3 Blocked actors, 0 Stopped actors, and 4 active threads.
Waiting for actors to stop.
Called postfire()
Read input token from inputB with value 6.0
Called prefire()
Called fire()
Sent output token with value 5.0
Called prefire()
Called fire()
Checking for deadlock:
Past the end of training data. Read and discard all inputs.
There are 2 Blocked actors, 0 Stopped actors, and 4 active threads.
Waiting for actors to stop.
Checking for deadlock:
There are 3 Blocked actors, 0 Stopped actors, and 4 active threads.
Waiting for actors to stop.
Next port to read input from is inputA
Called postfire()
Called prefire()
Called fire()
Read input token from inputA with value 6.0
Checking for deadlock:
There are 2 Blocked actors, 0 Stopped actors, and 4 active threads.
Waiting for actors to stop.
Called postfire()
Called prefire()
Called fire()
Checking for deadlock:
There are 3 Blocked actors, 0 Stopped actors, and 4 active threads.
Waiting for actors to stop.
Checking for deadlock:
There are 2 Blocked actors, 0 Stopped actors, and 4 active threads.
Waiting for actors to stop.
Sent output token with value 6.0
Called prefire()
Called fire()
Past the end of training data. Read and discard all inputs.
Next port to read input from is inputB
Called postfire()
Checking for deadlock:
Called prefire()
Called fire()
There are 3 Blocked actors, 0 Stopped actors, and 4 active threads.
Waiting for actors to stop.
Checking for deadlock:
There are 2 Blocked actors, 0 Stopped actors, and 4 active threads.
Read input token from inputB with value 7.5
Waiting for actors to stop.
Called postfire()
Called prefire()
Called fire()
Checking for deadlock:
There are 3 Blocked actors, 0 Stopped actors, and 4 active threads.
Waiting for actors to stop.
Checking for deadlock:
There are 2 Blocked actors, 0 Stopped actors, and 4 active threads.
Sent output token with value 6.0
Waiting for actors to stop.
Called prefire()
Next port to read input from is inputA
Called postfire()
Called fire()
Past the end of training data. Read and discard all inputs.
Checking for deadlock:
Called prefire()
There are 3 Blocked actors, 0 Stopped actors, and 4 active threads.
Waiting for actors to stop.
Called fire()
Checking for deadlock:
Read input token from inputA with value 7.0
There are 2 Blocked actors, 0 Stopped actors, and 4 active threads.
Waiting for actors to stop.
Checking for deadlock:
There are 1 Blocked actors, 0 Stopped actors, and 4 active threads.
Waiting for actors to stop.
Sent output token with value 7.0
Called postfire()
Called prefire()
Called fire()
Called prefire()
Checking for deadlock:
Called fire()
There are 2 Blocked actors, 0 Stopped actors, and 4 active threads.
Waiting for actors to stop.
Past the end of training data. Read and discard all inputs.
Checking for deadlock:
Next port to read input from is inputA
There are 3 Blocked actors, 0 Stopped actors, and 4 active threads.
Waiting for actors to stop.
Called postfire()
Called prefire()
Called fire()
Checking for deadlock:
There are 2 Blocked actors, 0 Stopped actors, and 4 active threads.
Waiting for actors to stop.
Read input token from inputA with value 8.0
-- Thread wrapup() called.
Called wrapup()
Thread .top.Ramp is exiting.
-- Thread stopped.
Checking for deadlock:
There are 2 Blocked actors, 0 Stopped actors, and 3 active threads.
Waiting for actors to stop.
Checking for deadlock:
There are 1 Blocked actors, 0 Stopped actors, and 3 active threads.
Waiting for actors to stop.
Called prefire()
Called fire()
Past the end of training data. Read and discard all inputs.
Checking for deadlock:
There are 2 Blocked actors, 0 Stopped actors, and 3 active threads.
Waiting for actors to stop.
Sent output token with value 7.5
Next port to read input from is inputB
Called postfire()
Called prefire()
Called fire()
Called postfire()
Read input token from inputB with value 9.0
Called prefire()
Called fire()
Checking for deadlock:
Sent output token with value 8.0
There are 1 Blocked actors, 0 Stopped actors, and 3 active threads.
Waiting for actors to stop.
Called prefire()
Called fire()
Past the end of training data. Read and discard all inputs.
Next port to read input from is inputA
Called postfire()
Checking for deadlock:
Called prefire()
Called fire()
There are 2 Blocked actors, 0 Stopped actors, and 3 active threads.
Waiting for actors to stop.
Read input token from inputA with value 9.0
Checking for deadlock:
Called prefire()
Called fire()
There are 1 Blocked actors, 0 Stopped actors, and 3 active threads.
Waiting for actors to stop.
Past the end of training data. Read and discard all inputs.
Checking for deadlock:
There are 2 Blocked actors, 0 Stopped actors, and 3 active threads.
Waiting for actors to stop.
Sent output token with value 9.0
Next port to read input from is inputB
Called postfire()
Called prefire()
Called fire()
Called postfire()
Read input token from inputB with value 10.5
Called prefire()
Called fire()
Sent output token with value 9.0
Checking for deadlock:
There are 1 Blocked actors, 0 Stopped actors, and 3 active threads.
Waiting for actors to stop.
Next port to read input from is inputA
Called prefire()
Called fire()
Past the end of training data. Read and discard all inputs.
Called postfire()
Called prefire()
Called fire()
Checking for deadlock:
There are 2 Blocked actors, 0 Stopped actors, and 3 active threads.
Waiting for actors to stop.
Checking for deadlock:
There are 3 Blocked actors, 0 Stopped actors, and 3 active threads.
Actors have stopped.
Checking for deadlock:
There are 3 Blocked actors, 0 Stopped actors, and 3 active threads.
Deadlock detected.
Resolving Deadlock
Checking for deadlock:
There are 3 Blocked actors, 0 Stopped actors, and 3 active threads.
Artificial Deadlock - increasing queue capacity.
increasing the capacity of receiver ptolemy.actor.TypedIOPort {.top.OrderedMerge.inputB} to 2
-- Thread wrapup() called.
Called wrapup()
Thread .top.Ramp2 is exiting.
-- Thread stopped.
Director: Called postfire().
Called postfire().
_stopRequested = false
_stopFireRequested = false
Returning from postfire(): true
Called fire().
Checking for deadlock:
There are 2 Blocked actors, 0 Stopped actors, and 2 active threads.
Actors have stopped.
Checking for deadlock:
There are 2 Blocked actors, 0 Stopped actors, and 2 active threads.
Deadlock detected.
Resolving Deadlock
Checking for deadlock:
There are 2 Blocked actors, 0 Stopped actors, and 2 active threads.
Deadlock detected: no processes blocked on write, but some are blocked on read.
Called postfire().
_stopRequested = false
_stopFireRequested = false
Returning from postfire(): false
Finished deactivating branches.
Called wrapup().
-- Thread wrapup() called.
Called wrapup()
Thread .top.Test is exiting.
-- Thread stopped.
-- Blocked Receiver call threw TerminateProcessException.
-- Thread wrapup() called.
Called wrapup()
Thread .top.OrderedMerge is exiting.
-- Thread stopped.
-- Blocked Receiver call threw TerminateProcessException.
75 ms. Memory: 146432K Free: 123265K (84%)
.top. Preinitializing ...
Invoking preinitialize():  .top.OrderedMerge
Called preinitialize()
Invoking preinitialize():  .top.Ramp
Called preinitialize()
Invoking preinitialize():  .top.Ramp2
Called preinitialize()
Invoking preinitialize():  .top.Test
Called preinitialize()
.top. Finished preinitialize().
Called initialize().
Invoking initialize():  .top.OrderedMerge
Initializing actor: .top.OrderedMerge
Adding a thread: .top.OrderedMerge
Invoking initialize():  .top.Ramp
Initializing actor: .top.Ramp
Adding a thread: .top.Ramp
Invoking initialize():  .top.Ramp2
Initializing actor: .top.Ramp2
Adding a thread: .top.Ramp2
Invoking initialize():  .top.Test
Initializing actor: .top.Test
Adding a thread: .top.Test
-- Starting thread.
Called initialize()
Called prefire()
Called fire()
Called postfire()
Called prefire()
Called fire()
-- Starting thread.
Called initialize()
Called prefire()
Called fire()
Called postfire()
Called prefire()
Called fire()
Called fire().
Checking for deadlock:
There are 2 Blocked actors, 0 Stopped actors, and 4 active threads.
Waiting for actors to stop.
-- Starting thread.
Called initialize()
Called prefire()
Called fire()
Checking for deadlock:
There are 3 Blocked actors, 0 Stopped actors, and 4 active threads.
Waiting for actors to stop.
-- Starting thread.
Called initialize()
Called prefire()
Called fire()
Checking for deadlock:
There are 2 Blocked actors, 0 Stopped actors, and 4 active threads.
Waiting for actors to stop.
Called postfire()
Called prefire()
Called fire()
Checking for deadlock:
There are 3 Blocked actors, 0 Stopped actors, and 4 active threads.
Waiting for actors to stop.
Read input token from inputA with value 0.0
Next port to read input from is inputB
Called postfire()
Called prefire()
Called fire()
Called postfire()
Called prefire()
Called fire()
Checking for deadlock:
There are 3 Blocked actors, 0 Stopped actors, and 4 active threads.
Waiting for actors to stop.
Read input token from inputB with value 0.0
-- Read input: 0.0, which is expected to match: 0.0
Called prefire()
Called fire()
Checking for deadlock:
There are 3 Blocked actors, 0 Stopped actors, and 4 active threads.
Waiting for actors to stop.
Sent output token with value 0.0
Next port to read input from is inputA
Called postfire()
Called prefire()
Called fire()
Called postfire()
Called prefire()
Called fire()
Checking for deadlock:
There are 3 Blocked actors, 0 Stopped actors, and 4 active threads.
Waiting for actors to stop.
Read input token from inputA with value 1.0
-- Read input: 0.0, which is expected to match: 0.0
Called prefire()
Called fire()
Checking for deadlock:
There are 3 Blocked actors, 0 Stopped actors, and 4 active threads.
Waiting for actors to stop.
Sent output token with value 0.0
Next port to read input from is inputB
Called postfire()
Called prefire()
Called fire()
Called postfire()
Called prefire()
Called fire()
Checking for deadlock:
There are 3 Blocked actors, 0 Stopped actors, and 4 active threads.
Waiting for actors to stop.
Read input token from inputB with value 1.5
-- Read input: 1.0, which is expected to match: 1.0
Called prefire()
Called fire()
Checking for deadlock:
There are 3 Blocked actors, 0 Stopped actors, and 4 active threads.
Waiting for actors to stop.
Sent output token with value 1.0
Next port to read input from is inputA
Called postfire()
Called prefire()
Called fire()
Checking for deadlock:
There are 2 Blocked actors, 0 Stopped actors, and 4 active threads.
Waiting for actors to stop.
Called postfire()
Called prefire()
Called fire()
Checking for deadlock:
There are 3 Blocked actors, 0 Stopped actors, and 4 active threads.
Waiting for actors to stop.
Read input token from inputA with value 2.0
Checking for deadlock:
There are 2 Blocked actors, 0 Stopped actors, and 4 active threads.
Waiting for actors to stop.
-- Read input: 1.5, which is expected to match: 1.5
Called prefire()
Called fire()
Checking for deadlock:
There are 3 Blocked actors, 0 Stopped actors, and 4 active threads.
Waiting for actors to stop.
Sent output token with value 1.5
Next port to read input from is inputB
Called postfire()
Called prefire()
Called fire()
Called postfire()
Called prefire()
Called fire()
Checking for deadlock:
There are 3 Blocked actors, 0 Stopped actors, and 4 active threads.
Waiting for actors to stop.
Read input token from inputB with value 3.0
-- Read input: 2.0, which is expected to match: 2.0
Called prefire()
Called fire()
Checking for deadlock:
There are 3 Blocked actors, 0 Stopped actors, and 4 active threads.
Waiting for actors to stop.
Sent output token with value 2.0
Next port to read input from is inputA
Called postfire()
Called prefire()
Called fire()
Checking for deadlock:
There are 2 Blocked actors, 0 Stopped actors, and 4 active threads.
Waiting for actors to stop.
Called postfire()
Called prefire()
Called fire()
Checking for deadlock:
There are 3 Blocked actors, 0 Stopped actors, and 4 active threads.
Waiting for actors to stop.
Read input token from inputA with value 3.0
Checking for deadlock:
There are 2 Blocked actors, 0 Stopped actors, and 4 active threads.
Waiting for actors to stop.
-- Read input: 3.0, which is expected to match: 3.0
Called prefire()
Called fire()
Checking for deadlock:
There are 3 Blocked actors, 0 Stopped actors, and 4 active threads.
Waiting for actors to stop.
Sent output token with value 3.0
Next port to read input from is inputB
Called postfire()
Called prefire()
Called fire()
Called postfire()
Called prefire()
Called fire()
Checking for deadlock:
There are 3 Blocked actors, 0 Stopped actors, and 4 active threads.
Waiting for actors to stop.
Read input token from inputB with value 4.5
-- Read input: 3.0, which is expected to match: 3.0
Called prefire()
Called fire()
Checking for deadlock:
There are 3 Blocked actors, 0 Stopped actors, and 4 active threads.
Waiting for actors to stop.
Sent output token with value 3.0
Next port to read input from is inputA
Called postfire()
Called prefire()
Called fire()
Checking for deadlock:
There are 2 Blocked actors, 0 Stopped actors, and 4 active threads.
Waiting for actors to stop.
Called postfire()
Called prefire()
Called fire()
Checking for deadlock:
There are 3 Blocked actors, 0 Stopped actors, and 4 active threads.
Waiting for actors to stop.
Read input token from inputA with value 4.0
Checking for deadlock:
There are 2 Blocked actors, 0 Stopped actors, and 4 active threads.
Waiting for actors to stop.
-- Read input: 4.0, which is expected to match: 4.0
Called prefire()
Called fire()
Past the end of training data. Read and discard all inputs.
Checking for deadlock:
There are 3 Blocked actors, 0 Stopped actors, and 4 active threads.
Waiting for actors to stop.
Sent output token with value 4.0
Next port to read input from is inputA
Called postfire()
Called prefire()
Called fire()
Checking for deadlock:
There are 2 Blocked actors, 0 Stopped actors, and 4 active threads.
Waiting for actors to stop.
Called postfire()
Called prefire()
Called fire()
Checking for deadlock:
There are 3 Blocked actors, 0 Stopped actors, and 4 active threads.
Waiting for actors to stop.
Read input token from inputA with value 5.0
Checking for deadlock:
There are 2 Blocked actors, 0 Stopped actors, and 4 active threads.
Waiting for actors to stop.
Called prefire()
Called fire()
Past the end of training data. Read and discard all inputs.
Checking for deadlock:
There are 3 Blocked actors, 0 Stopped actors, and 4 active threads.
Waiting for actors to stop.
Sent output token with value 4.5
Next port to read input from is inputB
Called postfire()
Called prefire()
Called fire()
Called postfire()
Called prefire()
Called fire()
Checking for deadlock:
There are 3 Blocked actors, 0 Stopped actors, and 4 active threads.
Waiting for actors to stop.
Read input token from inputB with value 6.0
Called prefire()
Called fire()
Past the end of training data. Read and discard all inputs.
Checking for deadlock:
There are 3 Blocked actors, 0 Stopped actors, and 4 active threads.
Waiting for actors to stop.
Sent output token with value 5.0
Next port to read input from is inputA
Called postfire()
Called prefire()
Called fire()
Checking for deadlock:
There are 2 Blocked actors, 0 Stopped actors, and 4 active threads.
Waiting for actors to stop.
Called postfire()
Called prefire()
Called fire()
Checking for deadlock:
There are 3 Blocked actors, 0 Stopped actors, and 4 active threads.
Waiting for actors to stop.
Read input token from inputA with value 6.0
Checking for deadlock:
There are 2 Blocked actors, 0 Stopped actors, and 4 active threads.
Waiting for actors to stop.
Called prefire()
Called fire()
Past the end of training data. Read and discard all inputs.
Checking for deadlock:
There are 3 Blocked actors, 0 Stopped actors, and 4 active threads.
Waiting for actors to stop.
Sent output token with value 6.0
Next port to read input from is inputB
Called postfire()
Called prefire()
Called fire()
Called postfire()
Called prefire()
Called fire()
Checking for deadlock:
There are 3 Blocked actors, 0 Stopped actors, and 4 active threads.
Waiting for actors to stop.
Read input token from inputB with value 7.5
Called prefire()
Called fire()
Past the end of training data. Read and discard all inputs.
Checking for deadlock:
There are 3 Blocked actors, 0 Stopped actors, and 4 active threads.
Waiting for actors to stop.
Sent output token with value 6.0
Next port to read input from is inputA
Called postfire()
Called prefire()
Called fire()
Checking for deadlock:
There are 2 Blocked actors, 0 Stopped actors, and 4 active threads.
Waiting for actors to stop.
Called postfire()
Called prefire()
Called fire()
Checking for deadlock:
There are 3 Blocked actors, 0 Stopped actors, and 4 active threads.
Waiting for actors to stop.
Read input token from inputA with value 7.0
Checking for deadlock:
There are 2 Blocked actors, 0 Stopped actors, and 4 active threads.
Waiting for actors to stop.
Called prefire()
Called fire()
Past the end of training data. Read and discard all inputs.
Checking for deadlock:
There are 3 Blocked actors, 0 Stopped actors, and 4 active threads.
Waiting for actors to stop.
Sent output token with value 7.0
Next port to read input from is inputA
Called postfire()
Called prefire()
Called fire()
Checking for deadlock:
There are 2 Blocked actors, 0 Stopped actors, and 4 active threads.
Waiting for actors to stop.
-- Thread wrapup() called.
Called wrapup()
Thread .top.Ramp is exiting.
-- Thread stopped.
Checking for deadlock:
There are 2 Blocked actors, 0 Stopped actors, and 3 active threads.
Waiting for actors to stop.
Read input token from inputA with value 8.0
Called prefire()
Called fire()
Past the end of training data. Read and discard all inputs.
Checking for deadlock:
There are 2 Blocked actors, 0 Stopped actors, and 3 active threads.
Waiting for actors to stop.
Sent output token with value 7.5
Next port to read input from is inputB
Called postfire()
Called prefire()
Called fire()
Checking for deadlock:
There are 1 Blocked actors, 0 Stopped actors, and 3 active threads.
Waiting for actors to stop.
Called postfire()
Called prefire()
Called fire()
Checking for deadlock:
There are 2 Blocked actors, 0 Stopped actors, and 3 active threads.
Waiting for actors to stop.
Read input token from inputB with value 9.0
Checking for deadlock:
There are 1 Blocked actors, 0 Stopped actors, and 3 active threads.
Waiting for actors to stop.
Called prefire()
Called fire()
Past the end of training data. Read and discard all inputs.
Checking for deadlock:
There are 2 Blocked actors, 0 Stopped actors, and 3 active threads.
Waiting for actors to stop.
Sent output token with value 8.0
Next port to read input from is inputA
Called postfire()
Called prefire()
Called fire()
Read input token from inputA with value 9.0
Called prefire()
Called fire()
Past the end of training data. Read and discard all inputs.
Checking for deadlock:
There are 2 Blocked actors, 0 Stopped actors, and 3 active threads.
Waiting for actors to stop.
Sent output token with value 9.0
Next port to read input from is inputB
Called postfire()
Called prefire()
Called fire()
Called postfire()
Called prefire()
Called fire()
Checking for deadlock:
There are 2 Blocked actors, 0 Stopped actors, and 3 active threads.
Waiting for actors to stop.
Read input token from inputB with value 10.5
Called prefire()
Called fire()
Past the end of training data. Read and discard all inputs.
Checking for deadlock:
There are 2 Blocked actors, 0 Stopped actors, and 3 active threads.
Waiting for actors to stop.
Sent output token with value 9.0
Next port to read input from is inputA
Called postfire()
Called prefire()
Called fire()
Checking for deadlock:
There are 3 Blocked actors, 0 Stopped actors, and 3 active threads.
Actors have stopped.
Checking for deadlock:
There are 3 Blocked actors, 0 Stopped actors, and 3 active threads.
Deadlock detected.
Resolving Deadlock
Checking for deadlock:
There are 3 Blocked actors, 0 Stopped actors, and 3 active threads.
Artificial Deadlock - increasing queue capacity.
increasing the capacity of receiver ptolemy.actor.TypedIOPort {.top.OrderedMerge.inputB} to 2
Director: Called postfire().
Called postfire().
_stopRequested = false
_stopFireRequested = false
Returning from postfire(): true
Called fire().
Checking for deadlock:
There are 2 Blocked actors, 0 Stopped actors, and 3 active threads.
Waiting for actors to stop.
-- Thread wrapup() called.
Called wrapup()
Thread .top.Ramp2 is exiting.
-- Thread stopped.
Checking for deadlock:
There are 2 Blocked actors, 0 Stopped actors, and 2 active threads.
Actors have stopped.
Checking for deadlock:
There are 2 Blocked actors, 0 Stopped actors, and 2 active threads.
Deadlock detected.
Resolving Deadlock
Checking for deadlock:
There are 2 Blocked actors, 0 Stopped actors, and 2 active threads.
Deadlock detected: no processes blocked on write, but some are blocked on read.
Called postfire().
_stopRequested = false
_stopFireRequested = false
Returning from postfire(): false
Finished deactivating branches.
Called wrapup().
-- Thread wrapup() called.
Called wrapup()
-- Thread wrapup() called.
Called wrapup()
Thread .top.Test is exiting.
-- Thread stopped.
-- Blocked Receiver call threw TerminateProcessException.
Thread .top.OrderedMerge is exiting.
-- Thread stopped.
-- Blocked Receiver call threw TerminateProcessException.
36 ms. Memory: 146432K Free: 121247K (83%)
/home/travis/build/icyphy/ptII/ptolemy/actor/lib/test/Publisher.tcl
34 ms. Memory: 146432K Free: 130954K (89%)
7 ms. Memory: 146432K Free: 125322K (86%)
5 ms. Memory: 146432K Free: 121706K (83%)
6 ms. Memory: 146432K Free: 120712K (82%)
3 ms. Memory: 146432K Free: 120202K (82%)
4 ms. Memory: 146432K Free: 119178K (81%)
2 ms. Memory: 146432K Free: 118634K (81%)
4 ms. Memory: 146432K Free: 117640K (80%)
19 ms. Memory: 146432K Free: 107400K (73%)
4 ms. Memory: 146432K Free: 103818K (71%)
3 ms. Memory: 146432K Free: 102794K (70%)
4 ms. Memory: 146432K Free: 100746K (69%)
16 ms. Memory: 146432K Free: 93050K (64%)
6 ms. Memory: 146432K Free: 83338K (57%)
7 ms. Memory: 146432K Free: 125117K (85%)
/home/travis/build/icyphy/ptII/ptolemy/actor/lib/test/Pulse.tcl
2 ms. Memory: 146432K Free: 87237K (60%)
2 ms. Memory: 146432K Free: 86733K (59%)
2 ms. Memory: 146432K Free: 86189K (59%)
1 ms. Memory: 146432K Free: 85709K (59%)
1 ms. Memory: 146432K Free: 85181K (58%)
5 ms. Memory: 146432K Free: 84171K (57%)
2 ms. Memory: 146432K Free: 83117K (57%)
2 ms. Memory: 146432K Free: 82109K (56%)
1 ms. Memory: 146432K Free: 81613K (56%)
/home/travis/build/icyphy/ptII/ptolemy/actor/lib/test/Ramp.tcl
5 ms. Memory: 146432K Free: 79565K (54%)
2 ms. Memory: 146432K Free: 79021K (54%)
2 ms. Memory: 146432K Free: 78027K (53%)
2 ms. Memory: 146432K Free: 77517K (53%)
4 ms. Memory: 146432K Free: 76493K (52%)
4 ms. Memory: 146432K Free: 75973K (52%)
5 ms. Memory: 146432K Free: 74941K (51%)
5 actors
4000 microseconds per iteration to create
5 ms. Memory: 146432K Free: 71869K (49%)
2 ms. Memory: 146432K Free: 71373K (49%)
2 ms. Memory: 146432K Free: 70845K (48%)
2 ms. Memory: 146432K Free: 70349K (48%)
50 actors
43000 microseconds per iteration to create
51 ms. Memory: 146432K Free: 116889K (80%)
5 ms. Memory: 146432K Free: 115865K (79%)
5 ms. Memory: 146432K Free: 114841K (78%)
5 ms. Memory: 146432K Free: 113817K (78%)
500 actors
1684000 microseconds per iteration to create
311 ms. Memory: 176128K Free: 127525K (72%)
60 ms. Memory: 176128K Free: 122405K (69%)
68 ms. Memory: 176128K Free: 117285K (67%)
40 ms. Memory: 176128K Free: 112165K (64%)
/home/travis/build/icyphy/ptII/ptolemy/actor/lib/test/RampContinuous.tcl
10 ms. Memory: 176128K Free: 110612K (63%)
/home/travis/build/icyphy/ptII/ptolemy/actor/lib/test/RecordAssembler.tcl
6 ms. Memory: 176128K Free: 109093K (62%)
4 ms. Memory: 176128K Free: 108069K (61%)
/home/travis/build/icyphy/ptII/ptolemy/actor/lib/test/RecordDisassembler.tcl
16 ms. Memory: 176128K Free: 106516K (60%)
2 ms. Memory: 176128K Free: 106021K (60%)
6 ms. Memory: 176128K Free: 104483K (59%)
/home/travis/build/icyphy/ptII/ptolemy/actor/lib/test/Scale.tcl
2 ms. Memory: 176128K Free: 102949K (58%)
2 ms. Memory: 176128K Free: 101925K (58%)
2 ms. Memory: 176128K Free: 101396K (58%)
4 ms. Memory: 176128K Free: 100380K (57%)
3 ms. Memory: 176128K Free: 99363K (56%)
/home/travis/build/icyphy/ptII/ptolemy/actor/lib/test/SequentialClock.tcl
preinitializing
resolving types
initializing
executing number 1
wrapping up
idle
8 ms. Memory: 176128K Free: 98332K (56%)
Completed execution with 5 iterations
preinitializing
resolving types
initializing
executing number 1
wrapping up
idle
1 ms. Memory: 176128K Free: 97829K (56%)
Completed execution with 5 iterations
preinitializing
resolving types
initializing
executing number 1
wrapping up
idle
3 ms. Memory: 176128K Free: 97315K (55%)
Completed execution with 5 iterations
/home/travis/build/icyphy/ptII/ptolemy/actor/lib/test/SetVariable.tcl
4 ms. Memory: 176128K Free: 95267K (54%)


==== $PTII/ptolemy/actor/lib/test/SetVariable.tcl: SetVariable-3.1 changeFailed
==== Contents of test case:

    #Uses 2.1 above
    jdkCaptureErr {
        # This test was failing if we ran Exit.tcl and then this test.
        # MessageHandler.error() now actually throws the Exception.
	catch {$setVariable changeFailed [java::null]  [java::new Exception {Test exception for SetVariable.changeFailed()}]} errMsg
    } results
    list [string range $results 0 89] "\n" $errMsg

==== Result was:
{java.lang.Exception: Test exception for SetVariable.changeFailed()
	at java.base/jdk.inter} {
} {java.lang.RuntimeException: java.lang.Exception: Test exception for SetVariable.changeFailed()}
---- Result should have been:
{Failed to set variable.
java.lang.Exception: Test exception for SetVariable.changeFailed()} {
} {java.lang.RuntimeException: java.lang.Exception: Test exception for SetVariable.changeFailed()}
---- SetVariable-3.1 FAILED
/home/travis/build/icyphy/ptII/ptolemy/actor/lib/test/Sinewave.tcl
/home/travis/build/icyphy/ptII/ptolemy/actor/lib/test/SubscriptionAggregator.tcl
6 ms. Memory: 176128K Free: 83493K (47%)
11 ms. Memory: 176128K Free: 82469K (47%)
0 ms. Memory: 176128K Free: 81940K (47%)
0 ms. Memory: 176128K Free: 81940K (47%)
2 ms. Memory: 176128K Free: 78373K (44%)
9 ms. Memory: 176128K Free: 76325K (43%)
...............................................................1095 ms. Memory: 230400K Free: 120017K (52%)
/home/travis/build/icyphy/ptII/ptolemy/actor/lib/test/Test.tcl
 The next command will produce a warning about training mode,
   which may be ignored.
5 ms. Memory: 230400K Free: 117970K (51%)
5 ms. Memory: 230400K Free: 116938K (51%)
2 ms. Memory: 230400K Free: 116443K (51%)
10 ms. Memory: 230400K Free: 115914K (50%)
7 ms. Memory: 230400K Free: 115419K (50%)
3 ms. Memory: 230400K Free: 113881K (49%)
11 ms. Memory: 230400K Free: 112842K (49%)
 The next command will produce a warning about training mode,
   which may be ignored.
4 ms. Memory: 230400K Free: 110299K (48%)
 The next command will produce a warning about training mode,
   which may be ignored.
2 ms. Memory: 230400K Free: 109275K (47%)
1 ms. Memory: 230400K Free: 108746K (47%)
10 ms. Memory: 230400K Free: 108251K (47%)
1 ms. Memory: 230400K Free: 107737K (47%)
5 ms. Memory: 230400K Free: 106713K (46%)
3 ms. Memory: 230400K Free: 102602K (45%)
/home/travis/build/icyphy/ptII/ptolemy/actor/lib/test/TestExceptionHandler.tcl
 The next command will produce a warning about training mode,
   which may be ignored.
3 ms. Memory: 230400K Free: 101578K (44%)
1 ms. Memory: 230400K Free: 101083K (44%)
1 ms. Memory: 230400K Free: 100554K (44%)
/home/travis/build/icyphy/ptII/ptolemy/actor/lib/test/UnionDisassembler.tcl
29 ms. Memory: 230400K Free: 93401K (41%)
/home/travis/build/icyphy/ptII/ptolemy/actor/lib/test/VariableClock.tcl
preinitializing
resolving types
initializing
executing number 1
wrapping up
idle
10 ms. Memory: 230400K Free: 91353K (40%)
Completed execution with 11 iterations
preinitializing
resolving types
initializing
executing number 1
wrapping up
idle
4 ms. Memory: 230400K Free: 89819K (39%)
Completed execution with 10 iterations
10/10/19 04:46:33
Failed: 1  Total Tests: 234  ((Passed: 233, Newly Passed: 0)  Known Failed: 0) /home/travis/build/icyphy/ptII/ptolemy/actor/lib/test
----------------- testing (KnownFailure) /home/travis/build/icyphy/ptII/ptolemy/actor/lib/test/auto/knownFailedTests/PublisherPortToplevelSubscriber.xml
0 ms. Memory: 230400K Free: 86747K (38%)
Known Failure: java.lang.reflect.InvocationTargetException
----------------- testing (KnownFailure) /home/travis/build/icyphy/ptII/ptolemy/actor/lib/test/auto/knownFailedTests/PublisherSubscriberPortToplevel.xml
0 ms. Memory: 230400K Free: 82651K (36%)
Known Failure: java.lang.reflect.InvocationTargetException
----------------- testing (KnownFailure) /home/travis/build/icyphy/ptII/ptolemy/actor/lib/test/auto/knownFailedTests/PublisherSubscriptionAggregatorPort.xml
1 ms. Memory: 230400K Free: 78555K (34%)
Known Failure: java.lang.reflect.InvocationTargetException
----------------- testing (KnownFailure) /home/travis/build/icyphy/ptII/ptolemy/actor/lib/test/auto/knownFailedTests/sizedarray3.xml
5 ms. Memory: 230400K Free: 74459K (32%)
Known Failure: java.lang.reflect.InvocationTargetException
No auto/linux-amd64/*.xml tests in /home/travis/build/icyphy/ptII/ptolemy/actor/lib/test
AutoTests.java: About to close Vertx.
AutoTests.java: Vertx closed.

===========================================================================================
----------------- testing Thu Oct 10 16:46:34 UTC 2019 /home/travis/build/icyphy/ptII/ptolemy/actor/lib/test/auto/AbsoluteValue.xml
----------------- Instantiating /home/travis/build/icyphy/ptII/ptolemy/actor/lib/test/auto/AbsoluteValue.xml
4 ms. Memory: 230400K Free: 168093K (73%)
----------------- Invoking toplevel() on ptolemy.moml.MoMLSimpleApplication@2a6b06e1
----------------- Done invoking toplevel() on ptolemy.moml.MoMLSimpleApplication@2a6b06e1
reloadAllAccessors: .AbsoluteValue

===========================================================================================
----------------- testing Thu Oct 10 16:46:34 UTC 2019 /home/travis/build/icyphy/ptII/ptolemy/actor/lib/test/auto/AbsoluteValue2.xml
----------------- Instantiating /home/travis/build/icyphy/ptII/ptolemy/actor/lib/test/auto/AbsoluteValue2.xml
6 ms. Memory: 230400K Free: 161439K (70%)
----------------- Invoking toplevel() on ptolemy.moml.MoMLSimpleApplication@fa1ec4b
----------------- Done invoking toplevel() on ptolemy.moml.MoMLSimpleApplication@fa1ec4b
reloadAllAccessors: .AbsoluteValue2

===========================================================================================
----------------- testing Thu Oct 10 16:46:34 UTC 2019 /home/travis/build/icyphy/ptII/ptolemy/actor/lib/test/auto/Accumulator.xml
----------------- Instantiating /home/travis/build/icyphy/ptII/ptolemy/actor/lib/test/auto/Accumulator.xml
6 ms. Memory: 230400K Free: 154781K (67%)
----------------- Invoking toplevel() on ptolemy.moml.MoMLSimpleApplication@ba00622
----------------- Done invoking toplevel() on ptolemy.moml.MoMLSimpleApplication@ba00622
reloadAllAccessors: .Accumulator

===========================================================================================
----------------- testing Thu Oct 10 16:46:34 UTC 2019 /home/travis/build/icyphy/ptII/ptolemy/actor/lib/test/auto/Accumulator2.xml
----------------- Instantiating /home/travis/build/icyphy/ptII/ptolemy/actor/lib/test/auto/Accumulator2.xml
5 ms. Memory: 230400K Free: 149661K (65%)
----------------- Invoking toplevel() on ptolemy.moml.MoMLSimpleApplication@59a7c390
----------------- Done invoking toplevel() on ptolemy.moml.MoMLSimpleApplication@59a7c390
reloadAllAccessors: .Accumulator2

===========================================================================================
----------------- testing Thu Oct 10 16:46:34 UTC 2019 /home/travis/build/icyphy/ptII/ptolemy/actor/lib/test/auto/Accumulator3.xml
----------------- Instantiating /home/travis/build/icyphy/ptII/ptolemy/actor/lib/test/auto/Accumulator3.xml
8 ms. Memory: 230400K Free: 145055K (63%)
----------------- Invoking toplevel() on ptolemy.moml.MoMLSimpleApplication@5bb7fafc
----------------- Done invoking toplevel() on ptolemy.moml.MoMLSimpleApplication@5bb7fafc
reloadAllAccessors: .Accumulator3

===========================================================================================
----------------- testing Thu Oct 10 16:46:34 UTC 2019 /home/travis/build/icyphy/ptII/ptolemy/actor/lib/test/auto/ArrayAppend.xml
----------------- Instantiating /home/travis/build/icyphy/ptII/ptolemy/actor/lib/test/auto/ArrayAppend.xml
5 ms. Memory: 230400K Free: 138911K (60%)
----------------- Invoking toplevel() on ptolemy.moml.MoMLSimpleApplication@4803221e
----------------- Done invoking toplevel() on ptolemy.moml.MoMLSimpleApplication@4803221e
reloadAllAccessors: .ArrayAppend

===========================================================================================
----------------- testing Thu Oct 10 16:46:34 UTC 2019 /home/travis/build/icyphy/ptII/ptolemy/actor/lib/test/auto/ArrayAppend2.xml
----------------- Instantiating /home/travis/build/icyphy/ptII/ptolemy/actor/lib/test/auto/ArrayAppend2.xml
432 ms. Memory: 410624K Free: 356352K (87%)
----------------- Invoking toplevel() on ptolemy.moml.MoMLSimpleApplication@d5ec28c
----------------- Done invoking toplevel() on ptolemy.moml.MoMLSimpleApplication@d5ec28c
reloadAllAccessors: .ArrayAppend2

===========================================================================================
----------------- testing Thu Oct 10 16:46:35 UTC 2019 /home/travis/build/icyphy/ptII/ptolemy/actor/lib/test/auto/ArrayAppend3.xml
----------------- Instantiating /home/travis/build/icyphy/ptII/ptolemy/actor/lib/test/auto/ArrayAppend3.xml
8 ms. Memory: 410624K Free: 350208K (85%)
----------------- Invoking toplevel() on ptolemy.moml.MoMLSimpleApplication@22e26ad0
----------------- Done invoking toplevel() on ptolemy.moml.MoMLSimpleApplication@22e26ad0
reloadAllAccessors: .ArrayAppend3

===========================================================================================
----------------- testing Thu Oct 10 16:46:35 UTC 2019 /home/travis/build/icyphy/ptII/ptolemy/actor/lib/test/auto/ArrayAppend4.xml
----------------- Instantiating /home/travis/build/icyphy/ptII/ptolemy/actor/lib/test/auto/ArrayAppend4.xml
3 ms. Memory: 410624K Free: 345088K (84%)
----------------- Invoking toplevel() on ptolemy.moml.MoMLSimpleApplication@6ca28934
----------------- Done invoking toplevel() on ptolemy.moml.MoMLSimpleApplication@6ca28934
reloadAllAccessors: .ArrayAppend4

===========================================================================================
----------------- testing Thu Oct 10 16:46:35 UTC 2019 /home/travis/build/icyphy/ptII/ptolemy/actor/lib/test/auto/ArrayAppend5.xml
----------------- Instantiating /home/travis/build/icyphy/ptII/ptolemy/actor/lib/test/auto/ArrayAppend5.xml
5 ms. Memory: 410624K Free: 339454K (83%)
----------------- Invoking toplevel() on ptolemy.moml.MoMLSimpleApplication@766d0f35
----------------- Done invoking toplevel() on ptolemy.moml.MoMLSimpleApplication@766d0f35
reloadAllAccessors: .ArrayAppend5

===========================================================================================
----------------- testing Thu Oct 10 16:46:35 UTC 2019 /home/travis/build/icyphy/ptII/ptolemy/actor/lib/test/auto/ArrayAppend6.xml
----------------- Instantiating /home/travis/build/icyphy/ptII/ptolemy/actor/lib/test/auto/ArrayAppend6.xml
3 ms. Memory: 410624K Free: 334334K (81%)
----------------- Invoking toplevel() on ptolemy.moml.MoMLSimpleApplication@353aec4e
----------------- Done invoking toplevel() on ptolemy.moml.MoMLSimpleApplication@353aec4e
reloadAllAccessors: .ArrayAppend6

===========================================================================================
----------------- testing Thu Oct 10 16:46:35 UTC 2019 /home/travis/build/icyphy/ptII/ptolemy/actor/lib/test/auto/ArrayAppendPerformanceTest.xml
----------------- Instantiating /home/travis/build/icyphy/ptII/ptolemy/actor/lib/test/auto/ArrayAppendPerformanceTest.xml
47 ms. Memory: 410624K Free: 323070K (79%)
----------------- Invoking toplevel() on ptolemy.moml.MoMLSimpleApplication@51a6ccbf
----------------- Done invoking toplevel() on ptolemy.moml.MoMLSimpleApplication@51a6ccbf
reloadAllAccessors: .ArrayAppendPerformanceTest

===========================================================================================
----------------- testing Thu Oct 10 16:46:35 UTC 2019 /home/travis/build/icyphy/ptII/ptolemy/actor/lib/test/auto/ArrayAppendWithEmptyInput.xml
----------------- Instantiating /home/travis/build/icyphy/ptII/ptolemy/actor/lib/test/auto/ArrayAppendWithEmptyInput.xml
20 ms. Memory: 410624K Free: 315392K (77%)
----------------- Invoking toplevel() on ptolemy.moml.MoMLSimpleApplication@7dd3221
----------------- Done invoking toplevel() on ptolemy.moml.MoMLSimpleApplication@7dd3221
reloadAllAccessors: .ArrayAppendWithEmptyInput

===========================================================================================
----------------- testing Thu Oct 10 16:46:35 UTC 2019 /home/travis/build/icyphy/ptII/ptolemy/actor/lib/test/auto/ArrayAverage.xml
----------------- Instantiating /home/travis/build/icyphy/ptII/ptolemy/actor/lib/test/auto/ArrayAverage.xml
17 ms. Memory: 410624K Free: 307710K (75%)
----------------- Invoking toplevel() on ptolemy.moml.MoMLSimpleApplication@4dbb482a
----------------- Done invoking toplevel() on ptolemy.moml.MoMLSimpleApplication@4dbb482a
reloadAllAccessors: .ArrayAverage

===========================================================================================
----------------- testing Thu Oct 10 16:46:35 UTC 2019 /home/travis/build/icyphy/ptII/ptolemy/actor/lib/test/auto/ArrayContains.xml
----------------- Instantiating /home/travis/build/icyphy/ptII/ptolemy/actor/lib/test/auto/ArrayContains.xml
11 ms. Memory: 410624K Free: 301566K (73%)
----------------- Invoking toplevel() on ptolemy.moml.MoMLSimpleApplication@3e492368
----------------- Done invoking toplevel() on ptolemy.moml.MoMLSimpleApplication@3e492368
reloadAllAccessors: .ArrayContains

===========================================================================================
----------------- testing Thu Oct 10 16:46:35 UTC 2019 /home/travis/build/icyphy/ptII/ptolemy/actor/lib/test/auto/ArrayElement.xml
----------------- Instantiating /home/travis/build/icyphy/ptII/ptolemy/actor/lib/test/auto/ArrayElement.xml
5 ms. Memory: 410624K Free: 295936K (72%)
----------------- Invoking toplevel() on ptolemy.moml.MoMLSimpleApplication@582759db
----------------- Done invoking toplevel() on ptolemy.moml.MoMLSimpleApplication@582759db
reloadAllAccessors: .ArrayElement

===========================================================================================
----------------- testing Thu Oct 10 16:46:35 UTC 2019 /home/travis/build/icyphy/ptII/ptolemy/actor/lib/test/auto/ArrayElementAsMatrix.xml
----------------- Instantiating /home/travis/build/icyphy/ptII/ptolemy/actor/lib/test/auto/ArrayElementAsMatrix.xml
13 ms. Memory: 410624K Free: 285696K (70%)
----------------- Invoking toplevel() on ptolemy.moml.MoMLSimpleApplication@50f1c416
----------------- Done invoking toplevel() on ptolemy.moml.MoMLSimpleApplication@50f1c416
reloadAllAccessors: .ArrayElementAsMatrix

===========================================================================================
----------------- testing Thu Oct 10 16:46:35 UTC 2019 /home/travis/build/icyphy/ptII/ptolemy/actor/lib/test/auto/ArrayElementI.xml
----------------- Instantiating /home/travis/build/icyphy/ptII/ptolemy/actor/lib/test/auto/ArrayElementI.xml
8 ms. Memory: 410624K Free: 280576K (68%)
----------------- Invoking toplevel() on ptolemy.moml.MoMLSimpleApplication@382ea652
----------------- Done invoking toplevel() on ptolemy.moml.MoMLSimpleApplication@382ea652
reloadAllAccessors: .ArrayElementI

===========================================================================================
----------------- testing Thu Oct 10 16:46:35 UTC 2019 /home/travis/build/icyphy/ptII/ptolemy/actor/lib/test/auto/ArrayExtract.xml
----------------- Instantiating /home/travis/build/icyphy/ptII/ptolemy/actor/lib/test/auto/ArrayExtract.xml
8 ms. Memory: 410624K Free: 271870K (66%)
----------------- Invoking toplevel() on ptolemy.moml.MoMLSimpleApplication@7144ba16
----------------- Done invoking toplevel() on ptolemy.moml.MoMLSimpleApplication@7144ba16
reloadAllAccessors: .ArrayExtract

===========================================================================================
----------------- testing Thu Oct 10 16:46:35 UTC 2019 /home/travis/build/icyphy/ptII/ptolemy/actor/lib/test/auto/ArrayExtract2.xml
----------------- Instantiating /home/travis/build/icyphy/ptII/ptolemy/actor/lib/test/auto/ArrayExtract2.xml
3 ms. Memory: 410624K Free: 266735K (65%)
----------------- Invoking toplevel() on ptolemy.moml.MoMLSimpleApplication@4f0b872b
----------------- Done invoking toplevel() on ptolemy.moml.MoMLSimpleApplication@4f0b872b
reloadAllAccessors: .ArrayExtract2

===========================================================================================
----------------- testing Thu Oct 10 16:46:35 UTC 2019 /home/travis/build/icyphy/ptII/ptolemy/actor/lib/test/auto/ArrayLength.xml
----------------- Instantiating /home/travis/build/icyphy/ptII/ptolemy/actor/lib/test/auto/ArrayLength.xml
2 ms. Memory: 410624K Free: 262654K (64%)
----------------- Invoking toplevel() on ptolemy.moml.MoMLSimpleApplication@9b76b4d
----------------- Done invoking toplevel() on ptolemy.moml.MoMLSimpleApplication@9b76b4d
reloadAllAccessors: .ArrayLength

===========================================================================================
----------------- testing Thu Oct 10 16:46:35 UTC 2019 /home/travis/build/icyphy/ptII/ptolemy/actor/lib/test/auto/ArrayLevelCrossing.xml
----------------- Instantiating /home/travis/build/icyphy/ptII/ptolemy/actor/lib/test/auto/ArrayLevelCrossing.xml
7 ms. Memory: 410624K Free: 254462K (62%)
----------------- Invoking toplevel() on ptolemy.moml.MoMLSimpleApplication@15aaded5
----------------- Done invoking toplevel() on ptolemy.moml.MoMLSimpleApplication@15aaded5
reloadAllAccessors: .ArrayLevelCrossing

===========================================================================================
----------------- testing Thu Oct 10 16:46:35 UTC 2019 /home/travis/build/icyphy/ptII/ptolemy/actor/lib/test/auto/ArrayLevelCrossing2.xml
----------------- Instantiating /home/travis/build/icyphy/ptII/ptolemy/actor/lib/test/auto/ArrayLevelCrossing2.xml
3 ms. Memory: 410624K Free: 246784K (60%)
----------------- Invoking toplevel() on ptolemy.moml.MoMLSimpleApplication@7a7dfc33
----------------- Done invoking toplevel() on ptolemy.moml.MoMLSimpleApplication@7a7dfc33
reloadAllAccessors: .ArrayLevelCrossing2

===========================================================================================
----------------- testing Thu Oct 10 16:46:35 UTC 2019 /home/travis/build/icyphy/ptII/ptolemy/actor/lib/test/auto/ArrayPeakSearch.xml
----------------- Instantiating /home/travis/build/icyphy/ptII/ptolemy/actor/lib/test/auto/ArrayPeakSearch.xml
13 ms. Memory: 410624K Free: 238078K (58%)
----------------- Invoking toplevel() on ptolemy.moml.MoMLSimpleApplication@4aa65c63
----------------- Done invoking toplevel() on ptolemy.moml.MoMLSimpleApplication@4aa65c63
reloadAllAccessors: .ArrayPeakSearch

===========================================================================================
----------------- testing Thu Oct 10 16:46:36 UTC 2019 /home/travis/build/icyphy/ptII/ptolemy/actor/lib/test/auto/ArrayPeakSearch2.xml
----------------- Instantiating /home/travis/build/icyphy/ptII/ptolemy/actor/lib/test/auto/ArrayPeakSearch2.xml
8 ms. Memory: 410624K Free: 227328K (55%)
----------------- Invoking toplevel() on ptolemy.moml.MoMLSimpleApplication@72854ce9
----------------- Done invoking toplevel() on ptolemy.moml.MoMLSimpleApplication@72854ce9
reloadAllAccessors: .ArrayPeakSearch2

===========================================================================================
----------------- testing Thu Oct 10 16:46:36 UTC 2019 /home/travis/build/icyphy/ptII/ptolemy/actor/lib/test/auto/ArrayPeakSearch3.xml
----------------- Instantiating /home/travis/build/icyphy/ptII/ptolemy/actor/lib/test/auto/ArrayPeakSearch3.xml
6 ms. Memory: 410624K Free: 218622K (53%)
----------------- Invoking toplevel() on ptolemy.moml.MoMLSimpleApplication@18056ff5
----------------- Done invoking toplevel() on ptolemy.moml.MoMLSimpleApplication@18056ff5
reloadAllAccessors: .ArrayPeakSearch3

===========================================================================================
----------------- testing Thu Oct 10 16:46:36 UTC 2019 /home/travis/build/icyphy/ptII/ptolemy/actor/lib/test/auto/ArrayRemoveElement.xml
----------------- Instantiating /home/travis/build/icyphy/ptII/ptolemy/actor/lib/test/auto/ArrayRemoveElement.xml
13 ms. Memory: 410624K Free: 210944K (51%)
----------------- Invoking toplevel() on ptolemy.moml.MoMLSimpleApplication@6536209f
----------------- Done invoking toplevel() on ptolemy.moml.MoMLSimpleApplication@6536209f
reloadAllAccessors: .ArrayRemoveElement

===========================================================================================
----------------- testing Thu Oct 10 16:46:36 UTC 2019 /home/travis/build/icyphy/ptII/ptolemy/actor/lib/test/auto/ArraySort.xml
----------------- Instantiating /home/travis/build/icyphy/ptII/ptolemy/actor/lib/test/auto/ArraySort.xml
6 ms. Memory: 410624K Free: 201728K (49%)
----------------- Invoking toplevel() on ptolemy.moml.MoMLSimpleApplication@22d7c3d4
----------------- Done invoking toplevel() on ptolemy.moml.MoMLSimpleApplication@22d7c3d4
reloadAllAccessors: .ArraySort

===========================================================================================
----------------- testing Thu Oct 10 16:46:36 UTC 2019 /home/travis/build/icyphy/ptII/ptolemy/actor/lib/test/auto/ArraySum.xml
----------------- Instantiating /home/travis/build/icyphy/ptII/ptolemy/actor/lib/test/auto/ArraySum.xml
8 ms. Memory: 410624K Free: 196608K (48%)
----------------- Invoking toplevel() on ptolemy.moml.MoMLSimpleApplication@4bd59486
----------------- Done invoking toplevel() on ptolemy.moml.MoMLSimpleApplication@4bd59486
reloadAllAccessors: .ArraySum

===========================================================================================
----------------- testing Thu Oct 10 16:46:36 UTC 2019 /home/travis/build/icyphy/ptII/ptolemy/actor/lib/test/auto/ArrayToElements.xml
----------------- Instantiating /home/travis/build/icyphy/ptII/ptolemy/actor/lib/test/auto/ArrayToElements.xml
12 ms. Memory: 410624K Free: 190974K (47%)
----------------- Invoking toplevel() on ptolemy.moml.MoMLSimpleApplication@3b6d644c
----------------- Done invoking toplevel() on ptolemy.moml.MoMLSimpleApplication@3b6d644c
reloadAllAccessors: .ArrayToElements

===========================================================================================
----------------- testing Thu Oct 10 16:46:36 UTC 2019 /home/travis/build/icyphy/ptII/ptolemy/actor/lib/test/auto/ArrayToMatrix.xml
----------------- Instantiating /home/travis/build/icyphy/ptII/ptolemy/actor/lib/test/auto/ArrayToMatrix.xml
14 ms. Memory: 410624K Free: 177152K (43%)
----------------- Invoking toplevel() on ptolemy.moml.MoMLSimpleApplication@49077f60
----------------- Done invoking toplevel() on ptolemy.moml.MoMLSimpleApplication@49077f60
reloadAllAccessors: .ArrayToMatrix

===========================================================================================
----------------- testing Thu Oct 10 16:46:36 UTC 2019 /home/travis/build/icyphy/ptII/ptolemy/actor/lib/test/auto/ArrayUpdate1.xml
----------------- Instantiating /home/travis/build/icyphy/ptII/ptolemy/actor/lib/test/auto/ArrayUpdate1.xml
5 ms. Memory: 410624K Free: 172032K (42%)
----------------- Invoking toplevel() on ptolemy.moml.MoMLSimpleApplication@50cd85bc
----------------- Done invoking toplevel() on ptolemy.moml.MoMLSimpleApplication@50cd85bc
reloadAllAccessors: .ArrayUpdate1

===========================================================================================
----------------- testing Thu Oct 10 16:46:36 UTC 2019 /home/travis/build/icyphy/ptII/ptolemy/actor/lib/test/auto/ArrayUpdate2.xml
----------------- Instantiating /home/travis/build/icyphy/ptII/ptolemy/actor/lib/test/auto/ArrayUpdate2.xml
4 ms. Memory: 410624K Free: 165888K (40%)
----------------- Invoking toplevel() on ptolemy.moml.MoMLSimpleApplication@6a7ac2a7
----------------- Done invoking toplevel() on ptolemy.moml.MoMLSimpleApplication@6a7ac2a7
reloadAllAccessors: .ArrayUpdate2

===========================================================================================
----------------- testing Thu Oct 10 16:46:36 UTC 2019 /home/travis/build/icyphy/ptII/ptolemy/actor/lib/test/auto/ArrayUpdate3.xml
----------------- Instantiating /home/travis/build/icyphy/ptII/ptolemy/actor/lib/test/auto/ArrayUpdate3.xml
11 ms. Memory: 410624K Free: 160768K (39%)
----------------- Invoking toplevel() on ptolemy.moml.MoMLSimpleApplication@61246a2a
----------------- Done invoking toplevel() on ptolemy.moml.MoMLSimpleApplication@61246a2a
reloadAllAccessors: .ArrayUpdate3

===========================================================================================
----------------- testing Thu Oct 10 16:46:36 UTC 2019 /home/travis/build/icyphy/ptII/ptolemy/actor/lib/test/auto/Assert1.xml
----------------- Instantiating /home/travis/build/icyphy/ptII/ptolemy/actor/lib/test/auto/Assert1.xml
6 ms. Memory: 410624K Free: 362280K (88%)
----------------- Invoking toplevel() on ptolemy.moml.MoMLSimpleApplication@6f2fb3da
----------------- Done invoking toplevel() on ptolemy.moml.MoMLSimpleApplication@6f2fb3da
reloadAllAccessors: .Assert1

===========================================================================================
----------------- testing Thu Oct 10 16:46:36 UTC 2019 /home/travis/build/icyphy/ptII/ptolemy/actor/lib/test/auto/Assert2.xml
----------------- Instantiating /home/travis/build/icyphy/ptII/ptolemy/actor/lib/test/auto/Assert2.xml
3 ms. Memory: 410624K Free: 356463K (87%)
----------------- Invoking toplevel() on ptolemy.moml.MoMLSimpleApplication@7172e81e
----------------- Done invoking toplevel() on ptolemy.moml.MoMLSimpleApplication@7172e81e
reloadAllAccessors: .Assert2

===========================================================================================
----------------- testing Thu Oct 10 16:46:36 UTC 2019 /home/travis/build/icyphy/ptII/ptolemy/actor/lib/test/auto/BooleanMultiplexor.xml
----------------- Instantiating /home/travis/build/icyphy/ptII/ptolemy/actor/lib/test/auto/BooleanMultiplexor.xml
2 ms. Memory: 410624K Free: 351329K (86%)
----------------- Invoking toplevel() on ptolemy.moml.MoMLSimpleApplication@1f6b716c
----------------- Done invoking toplevel() on ptolemy.moml.MoMLSimpleApplication@1f6b716c
reloadAllAccessors: .BooleanMultiplexor

===========================================================================================
----------------- testing Thu Oct 10 16:46:36 UTC 2019 /home/travis/build/icyphy/ptII/ptolemy/actor/lib/test/auto/BooleanMultiplexor2.xml
----------------- Instantiating /home/travis/build/icyphy/ptII/ptolemy/actor/lib/test/auto/BooleanMultiplexor2.xml
14 ms. Memory: 410624K Free: 344689K (84%)
----------------- Invoking toplevel() on ptolemy.moml.MoMLSimpleApplication@7ef8c553
----------------- Done invoking toplevel() on ptolemy.moml.MoMLSimpleApplication@7ef8c553
reloadAllAccessors: .BooleanMultiplexor2

===========================================================================================
----------------- testing Thu Oct 10 16:46:36 UTC 2019 /home/travis/build/icyphy/ptII/ptolemy/actor/lib/test/auto/BooleanMultiplexor3.xml
----------------- Instantiating /home/travis/build/icyphy/ptII/ptolemy/actor/lib/test/auto/BooleanMultiplexor3.xml
4 ms. Memory: 410624K Free: 341103K (83%)
----------------- Invoking toplevel() on ptolemy.moml.MoMLSimpleApplication@6079a9c7
----------------- Done invoking toplevel() on ptolemy.moml.MoMLSimpleApplication@6079a9c7
reloadAllAccessors: .BooleanMultiplexor3

===========================================================================================
----------------- testing Thu Oct 10 16:46:36 UTC 2019 /home/travis/build/icyphy/ptII/ptolemy/actor/lib/test/auto/BooleanSelect.xml
----------------- Instantiating /home/travis/build/icyphy/ptII/ptolemy/actor/lib/test/auto/BooleanSelect.xml
9 ms. Memory: 410624K Free: 334945K (82%)
----------------- Invoking toplevel() on ptolemy.moml.MoMLSimpleApplication@15f95716
----------------- Done invoking toplevel() on ptolemy.moml.MoMLSimpleApplication@15f95716
reloadAllAccessors: .BooleanSelect

===========================================================================================
----------------- testing Thu Oct 10 16:46:36 UTC 2019 /home/travis/build/icyphy/ptII/ptolemy/actor/lib/test/auto/BooleanSelect2.xml
----------------- Instantiating /home/travis/build/icyphy/ptII/ptolemy/actor/lib/test/auto/BooleanSelect2.xml
1 ms. Memory: 410624K Free: 330863K (81%)
----------------- Invoking toplevel() on ptolemy.moml.MoMLSimpleApplication@118f7f69
----------------- Done invoking toplevel() on ptolemy.moml.MoMLSimpleApplication@118f7f69
reloadAllAccessors: .BooleanSelect2

===========================================================================================
----------------- testing Thu Oct 10 16:46:36 UTC 2019 /home/travis/build/icyphy/ptII/ptolemy/actor/lib/test/auto/BooleanSwitch.xml
----------------- Instantiating /home/travis/build/icyphy/ptII/ptolemy/actor/lib/test/auto/BooleanSwitch.xml
7 ms. Memory: 410624K Free: 324719K (79%)
----------------- Invoking toplevel() on ptolemy.moml.MoMLSimpleApplication@5030c228
----------------- Done invoking toplevel() on ptolemy.moml.MoMLSimpleApplication@5030c228
reloadAllAccessors: .BooleanSwitch

===========================================================================================
----------------- testing Thu Oct 10 16:46:36 UTC 2019 /home/travis/build/icyphy/ptII/ptolemy/actor/lib/test/auto/BooleanSwitch2.xml
----------------- Instantiating /home/travis/build/icyphy/ptII/ptolemy/actor/lib/test/auto/BooleanSwitch2.xml
1 ms. Memory: 410624K Free: 320623K (78%)
----------------- Invoking toplevel() on ptolemy.moml.MoMLSimpleApplication@68ed48ad
----------------- Done invoking toplevel() on ptolemy.moml.MoMLSimpleApplication@68ed48ad
reloadAllAccessors: .BooleanSwitch2

===========================================================================================
----------------- testing Thu Oct 10 16:46:36 UTC 2019 /home/travis/build/icyphy/ptII/ptolemy/actor/lib/test/auto/BooleanSwitchCloningBugWithClassRelationGroup.xml
----------------- Instantiating /home/travis/build/icyphy/ptII/ptolemy/actor/lib/test/auto/BooleanSwitchCloningBugWithClassRelationGroup.xml
2 ms. Memory: 410624K Free: 313969K (76%)
----------------- Invoking toplevel() on ptolemy.moml.MoMLSimpleApplication@257299f8
----------------- Done invoking toplevel() on ptolemy.moml.MoMLSimpleApplication@257299f8
reloadAllAccessors: .BooleanSwitchCloningBugWithClassRelationGroup

===========================================================================================
----------------- testing Thu Oct 10 16:46:36 UTC 2019 /home/travis/build/icyphy/ptII/ptolemy/actor/lib/test/auto/BusActors.xml
----------------- Instantiating /home/travis/build/icyphy/ptII/ptolemy/actor/lib/test/auto/BusActors.xml
4 ms. Memory: 410624K Free: 306287K (75%)
----------------- Invoking toplevel() on ptolemy.moml.MoMLSimpleApplication@1685e820
----------------- Done invoking toplevel() on ptolemy.moml.MoMLSimpleApplication@1685e820
reloadAllAccessors: .BusActors

===========================================================================================
----------------- testing Thu Oct 10 16:46:36 UTC 2019 /home/travis/build/icyphy/ptII/ptolemy/actor/lib/test/auto/ClassWrapper.xml
----------------- Instantiating /home/travis/build/icyphy/ptII/ptolemy/actor/lib/test/auto/ClassWrapper.xml
4 ms. Memory: 410624K Free: 301681K (73%)
----------------- Invoking toplevel() on ptolemy.moml.MoMLSimpleApplication@463428ac
----------------- Done invoking toplevel() on ptolemy.moml.MoMLSimpleApplication@463428ac
reloadAllAccessors: .ClassWrapper

===========================================================================================
----------------- testing Thu Oct 10 16:46:36 UTC 2019 /home/travis/build/icyphy/ptII/ptolemy/actor/lib/test/auto/Clock.xml
----------------- Instantiating /home/travis/build/icyphy/ptII/ptolemy/actor/lib/test/auto/Clock.xml
2 ms. Memory: 410624K Free: 298095K (73%)
----------------- Invoking toplevel() on ptolemy.moml.MoMLSimpleApplication@a1a190c
----------------- Done invoking toplevel() on ptolemy.moml.MoMLSimpleApplication@a1a190c
reloadAllAccessors: .Clock

===========================================================================================
----------------- testing Thu Oct 10 16:46:36 UTC 2019 /home/travis/build/icyphy/ptII/ptolemy/actor/lib/test/auto/Clock10.xml
----------------- Instantiating /home/travis/build/icyphy/ptII/ptolemy/actor/lib/test/auto/Clock10.xml
3 ms. Memory: 410624K Free: 291951K (71%)
----------------- Invoking toplevel() on ptolemy.moml.MoMLSimpleApplication@2b99db3b
----------------- Done invoking toplevel() on ptolemy.moml.MoMLSimpleApplication@2b99db3b
reloadAllAccessors: .Clock10

===========================================================================================
----------------- testing Thu Oct 10 16:46:36 UTC 2019 /home/travis/build/icyphy/ptII/ptolemy/actor/lib/test/auto/Clock11.xml
----------------- Instantiating /home/travis/build/icyphy/ptII/ptolemy/actor/lib/test/auto/Clock11.xml
2 ms. Memory: 410624K Free: 286321K (70%)
----------------- Invoking toplevel() on ptolemy.moml.MoMLSimpleApplication@12bb5bf3
----------------- Done invoking toplevel() on ptolemy.moml.MoMLSimpleApplication@12bb5bf3
reloadAllAccessors: .Clock11

===========================================================================================
----------------- testing Thu Oct 10 16:46:36 UTC 2019 /home/travis/build/icyphy/ptII/ptolemy/actor/lib/test/auto/Clock12.xml
----------------- Instantiating /home/travis/build/icyphy/ptII/ptolemy/actor/lib/test/auto/Clock12.xml
7 ms. Memory: 410624K Free: 280177K (68%)
----------------- Invoking toplevel() on ptolemy.moml.MoMLSimpleApplication@5c989664
----------------- Done invoking toplevel() on ptolemy.moml.MoMLSimpleApplication@5c989664
reloadAllAccessors: .Clock12

===========================================================================================
----------------- testing Thu Oct 10 16:46:36 UTC 2019 /home/travis/build/icyphy/ptII/ptolemy/actor/lib/test/auto/Clock13.xml
----------------- Instantiating /home/travis/build/icyphy/ptII/ptolemy/actor/lib/test/auto/Clock13.xml
8 ms. Memory: 410624K Free: 274033K (67%)
----------------- Invoking toplevel() on ptolemy.moml.MoMLSimpleApplication@7daae4b9
----------------- Done invoking toplevel() on ptolemy.moml.MoMLSimpleApplication@7daae4b9
reloadAllAccessors: .Clock13

===========================================================================================
----------------- testing Thu Oct 10 16:46:36 UTC 2019 /home/travis/build/icyphy/ptII/ptolemy/actor/lib/test/auto/Clock14.xml
----------------- Instantiating /home/travis/build/icyphy/ptII/ptolemy/actor/lib/test/auto/Clock14.xml
10 ms. Memory: 410624K Free: 268393K (65%)
----------------- Invoking toplevel() on ptolemy.moml.MoMLSimpleApplication@31ea1a94
----------------- Done invoking toplevel() on ptolemy.moml.MoMLSimpleApplication@31ea1a94
reloadAllAccessors: .Clock14

===========================================================================================
----------------- testing Thu Oct 10 16:46:36 UTC 2019 /home/travis/build/icyphy/ptII/ptolemy/actor/lib/test/auto/Clock15.xml
----------------- Instantiating /home/travis/build/icyphy/ptII/ptolemy/actor/lib/test/auto/Clock15.xml
3 ms. Memory: 410624K Free: 262225K (64%)
----------------- Invoking toplevel() on ptolemy.moml.MoMLSimpleApplication@53fac9ae
----------------- Done invoking toplevel() on ptolemy.moml.MoMLSimpleApplication@53fac9ae
reloadAllAccessors: .Clock15

===========================================================================================
----------------- testing Thu Oct 10 16:46:37 UTC 2019 /home/travis/build/icyphy/ptII/ptolemy/actor/lib/test/auto/Clock16.xml
----------------- Instantiating /home/travis/build/icyphy/ptII/ptolemy/actor/lib/test/auto/Clock16.xml
38 ms. Memory: 410624K Free: 247913K (60%)
----------------- Invoking toplevel() on ptolemy.moml.MoMLSimpleApplication@42f1f678
----------------- Done invoking toplevel() on ptolemy.moml.MoMLSimpleApplication@42f1f678
reloadAllAccessors: .Clock16

===========================================================================================
----------------- testing Thu Oct 10 16:46:37 UTC 2019 /home/travis/build/icyphy/ptII/ptolemy/actor/lib/test/auto/Clock17.xml
----------------- Instantiating /home/travis/build/icyphy/ptII/ptolemy/actor/lib/test/auto/Clock17.xml
23 ms. Memory: 410624K Free: 233569K (57%)
----------------- Invoking toplevel() on ptolemy.moml.MoMLSimpleApplication@500595d7
----------------- Done invoking toplevel() on ptolemy.moml.MoMLSimpleApplication@500595d7
reloadAllAccessors: .Clock17

===========================================================================================
----------------- testing Thu Oct 10 16:46:37 UTC 2019 /home/travis/build/icyphy/ptII/ptolemy/actor/lib/test/auto/Clock18.xml
----------------- Instantiating /home/travis/build/icyphy/ptII/ptolemy/actor/lib/test/auto/Clock18.xml
16 ms. Memory: 410624K Free: 220271K (54%)
----------------- Invoking toplevel() on ptolemy.moml.MoMLSimpleApplication@f7dcc03
----------------- Done invoking toplevel() on ptolemy.moml.MoMLSimpleApplication@f7dcc03
reloadAllAccessors: .Clock18

===========================================================================================
----------------- testing Thu Oct 10 16:46:37 UTC 2019 /home/travis/build/icyphy/ptII/ptolemy/actor/lib/test/auto/Clock19.xml
----------------- Instantiating /home/travis/build/icyphy/ptII/ptolemy/actor/lib/test/auto/Clock19.xml
13 ms. Memory: 410624K Free: 206959K (50%)
----------------- Invoking toplevel() on ptolemy.moml.MoMLSimpleApplication@374229f1
----------------- Done invoking toplevel() on ptolemy.moml.MoMLSimpleApplication@374229f1
reloadAllAccessors: .Clock19

===========================================================================================
----------------- testing Thu Oct 10 16:46:37 UTC 2019 /home/travis/build/icyphy/ptII/ptolemy/actor/lib/test/auto/Clock2.xml
----------------- Instantiating /home/travis/build/icyphy/ptII/ptolemy/actor/lib/test/auto/Clock2.xml
10 ms. Memory: 410624K Free: 202353K (49%)
----------------- Invoking toplevel() on ptolemy.moml.MoMLSimpleApplication@10c45709
----------------- Done invoking toplevel() on ptolemy.moml.MoMLSimpleApplication@10c45709
reloadAllAccessors: .Clock2

===========================================================================================
----------------- testing Thu Oct 10 16:46:37 UTC 2019 /home/travis/build/icyphy/ptII/ptolemy/actor/lib/test/auto/Clock20.xml
----------------- Instantiating /home/travis/build/icyphy/ptII/ptolemy/actor/lib/test/auto/Clock20.xml
12 ms. Memory: 410624K Free: 197233K (48%)
----------------- Invoking toplevel() on ptolemy.moml.MoMLSimpleApplication@45e674ce
----------------- Done invoking toplevel() on ptolemy.moml.MoMLSimpleApplication@45e674ce
reloadAllAccessors: .Clock20

===========================================================================================
----------------- testing Thu Oct 10 16:46:37 UTC 2019 /home/travis/build/icyphy/ptII/ptolemy/actor/lib/test/auto/Clock21.xml
----------------- Instantiating /home/travis/build/icyphy/ptII/ptolemy/actor/lib/test/auto/Clock21.xml
6 ms. Memory: 410624K Free: 191599K (47%)
----------------- Invoking toplevel() on ptolemy.moml.MoMLSimpleApplication@5ccd7722
----------------- Done invoking toplevel() on ptolemy.moml.MoMLSimpleApplication@5ccd7722
reloadAllAccessors: .Clock21

===========================================================================================
----------------- testing Thu Oct 10 16:46:37 UTC 2019 /home/travis/build/icyphy/ptII/ptolemy/actor/lib/test/auto/Clock22.xml
----------------- Instantiating /home/travis/build/icyphy/ptII/ptolemy/actor/lib/test/auto/Clock22.xml
5 ms. Memory: 410624K Free: 186479K (45%)
----------------- Invoking toplevel() on ptolemy.moml.MoMLSimpleApplication@7a11eb16
----------------- Done invoking toplevel() on ptolemy.moml.MoMLSimpleApplication@7a11eb16
reloadAllAccessors: .Clock22

===========================================================================================
----------------- testing Thu Oct 10 16:46:37 UTC 2019 /home/travis/build/icyphy/ptII/ptolemy/actor/lib/test/auto/Clock23.xml
----------------- Instantiating /home/travis/build/icyphy/ptII/ptolemy/actor/lib/test/auto/Clock23.xml
7 ms. Memory: 410624K Free: 180849K (44%)
----------------- Invoking toplevel() on ptolemy.moml.MoMLSimpleApplication@6ab24961
----------------- Done invoking toplevel() on ptolemy.moml.MoMLSimpleApplication@6ab24961
reloadAllAccessors: .Clock23

===========================================================================================
----------------- testing Thu Oct 10 16:46:37 UTC 2019 /home/travis/build/icyphy/ptII/ptolemy/actor/lib/test/auto/Clock24.xml
----------------- Instantiating /home/travis/build/icyphy/ptII/ptolemy/actor/lib/test/auto/Clock24.xml
5 ms. Memory: 410624K Free: 175729K (43%)
----------------- Invoking toplevel() on ptolemy.moml.MoMLSimpleApplication@6eb22eee
----------------- Done invoking toplevel() on ptolemy.moml.MoMLSimpleApplication@6eb22eee
reloadAllAccessors: .Clock24

===========================================================================================
----------------- testing Thu Oct 10 16:46:37 UTC 2019 /home/travis/build/icyphy/ptII/ptolemy/actor/lib/test/auto/Clock4.xml
----------------- Instantiating /home/travis/build/icyphy/ptII/ptolemy/actor/lib/test/auto/Clock4.xml
1 ms. Memory: 410624K Free: 170609K (42%)
----------------- Invoking toplevel() on ptolemy.moml.MoMLSimpleApplication@7d8c8157
----------------- Done invoking toplevel() on ptolemy.moml.MoMLSimpleApplication@7d8c8157
reloadAllAccessors: .Clock4

===========================================================================================
----------------- testing Thu Oct 10 16:46:37 UTC 2019 /home/travis/build/icyphy/ptII/ptolemy/actor/lib/test/auto/Clock5.xml
----------------- Instantiating /home/travis/build/icyphy/ptII/ptolemy/actor/lib/test/auto/Clock5.xml
6 ms. Memory: 410624K Free: 164969K (40%)
----------------- Invoking toplevel() on ptolemy.moml.MoMLSimpleApplication@314ac1e3
----------------- Done invoking toplevel() on ptolemy.moml.MoMLSimpleApplication@314ac1e3
reloadAllAccessors: .Clock5

===========================================================================================
----------------- testing Thu Oct 10 16:46:37 UTC 2019 /home/travis/build/icyphy/ptII/ptolemy/actor/lib/test/auto/Clock6.xml
----------------- Instantiating /home/travis/build/icyphy/ptII/ptolemy/actor/lib/test/auto/Clock6.xml
2 ms. Memory: 410624K Free: 160879K (39%)
----------------- Invoking toplevel() on ptolemy.moml.MoMLSimpleApplication@406ba109
----------------- Done invoking toplevel() on ptolemy.moml.MoMLSimpleApplication@406ba109
reloadAllAccessors: .Clock6

===========================================================================================
----------------- testing Thu Oct 10 16:46:37 UTC 2019 /home/travis/build/icyphy/ptII/ptolemy/actor/lib/test/auto/Clock7.xml
----------------- Instantiating /home/travis/build/icyphy/ptII/ptolemy/actor/lib/test/auto/Clock7.xml
3 ms. Memory: 410624K Free: 155759K (38%)
----------------- Invoking toplevel() on ptolemy.moml.MoMLSimpleApplication@10a34fca
----------------- Done invoking toplevel() on ptolemy.moml.MoMLSimpleApplication@10a34fca
reloadAllAccessors: .Clock7

===========================================================================================
----------------- testing Thu Oct 10 16:46:37 UTC 2019 /home/travis/build/icyphy/ptII/ptolemy/actor/lib/test/auto/Clock8.xml
----------------- Instantiating /home/travis/build/icyphy/ptII/ptolemy/actor/lib/test/auto/Clock8.xml
6 ms. Memory: 410624K Free: 150625K (37%)
----------------- Invoking toplevel() on ptolemy.moml.MoMLSimpleApplication@57d89b95
----------------- Done invoking toplevel() on ptolemy.moml.MoMLSimpleApplication@57d89b95
reloadAllAccessors: .Clock8

===========================================================================================
----------------- testing Thu Oct 10 16:46:37 UTC 2019 /home/travis/build/icyphy/ptII/ptolemy/actor/lib/test/auto/Clock9.xml
----------------- Instantiating /home/travis/build/icyphy/ptII/ptolemy/actor/lib/test/auto/Clock9.xml
6 ms. Memory: 410624K Free: 145009K (35%)
----------------- Invoking toplevel() on ptolemy.moml.MoMLSimpleApplication@38339178
----------------- Done invoking toplevel() on ptolemy.moml.MoMLSimpleApplication@38339178
reloadAllAccessors: .Clock9

===========================================================================================
----------------- testing Thu Oct 10 16:46:37 UTC 2019 /home/travis/build/icyphy/ptII/ptolemy/actor/lib/test/auto/CommDistDiscard.xml
----------------- Instantiating /home/travis/build/icyphy/ptII/ptolemy/actor/lib/test/auto/CommDistDiscard.xml
2 ms. Memory: 410624K Free: 139375K (34%)
----------------- Invoking toplevel() on ptolemy.moml.MoMLSimpleApplication@33eca9d7
----------------- Done invoking toplevel() on ptolemy.moml.MoMLSimpleApplication@33eca9d7
reloadAllAccessors: .CommDistDiscard

===========================================================================================
----------------- testing Thu Oct 10 16:46:37 UTC 2019 /home/travis/build/icyphy/ptII/ptolemy/actor/lib/test/auto/Commutator.xml
----------------- Instantiating /home/travis/build/icyphy/ptII/ptolemy/actor/lib/test/auto/Commutator.xml
4 ms. Memory: 410624K Free: 135279K (33%)
----------------- Invoking toplevel() on ptolemy.moml.MoMLSimpleApplication@5f6facf6
----------------- Done invoking toplevel() on ptolemy.moml.MoMLSimpleApplication@5f6facf6
reloadAllAccessors: .Commutator

===========================================================================================
----------------- testing Thu Oct 10 16:46:37 UTC 2019 /home/travis/build/icyphy/ptII/ptolemy/actor/lib/test/auto/Commutator2.xml
----------------- Instantiating /home/travis/build/icyphy/ptII/ptolemy/actor/lib/test/auto/Commutator2.xml
1 ms. Memory: 410624K Free: 130673K (32%)
----------------- Invoking toplevel() on ptolemy.moml.MoMLSimpleApplication@52fbec41
----------------- Done invoking toplevel() on ptolemy.moml.MoMLSimpleApplication@52fbec41
reloadAllAccessors: .Commutator2

===========================================================================================
----------------- testing Thu Oct 10 16:46:37 UTC 2019 /home/travis/build/icyphy/ptII/ptolemy/actor/lib/test/auto/Commutator3.xml
----------------- Instantiating /home/travis/build/icyphy/ptII/ptolemy/actor/lib/test/auto/Commutator3.xml
2 ms. Memory: 410624K Free: 126577K (31%)
----------------- Invoking toplevel() on ptolemy.moml.MoMLSimpleApplication@7c49de9e
----------------- Done invoking toplevel() on ptolemy.moml.MoMLSimpleApplication@7c49de9e
reloadAllAccessors: .Commutator3

===========================================================================================
----------------- testing Thu Oct 10 16:46:37 UTC 2019 /home/travis/build/icyphy/ptII/ptolemy/actor/lib/test/auto/Compare.xml
----------------- Instantiating /home/travis/build/icyphy/ptII/ptolemy/actor/lib/test/auto/Compare.xml
2 ms. Memory: 410624K Free: 119919K (29%)
----------------- Invoking toplevel() on ptolemy.moml.MoMLSimpleApplication@5ad3cee1
----------------- Done invoking toplevel() on ptolemy.moml.MoMLSimpleApplication@5ad3cee1
reloadAllAccessors: .Compare

===========================================================================================
----------------- testing Thu Oct 10 16:46:37 UTC 2019 /home/travis/build/icyphy/ptII/ptolemy/actor/lib/test/auto/CompareDE.xml
----------------- Instantiating /home/travis/build/icyphy/ptII/ptolemy/actor/lib/test/auto/CompareDE.xml
9 ms. Memory: 410624K Free: 356492K (87%)
----------------- Invoking toplevel() on ptolemy.moml.MoMLSimpleApplication@8f28c06
----------------- Done invoking toplevel() on ptolemy.moml.MoMLSimpleApplication@8f28c06
reloadAllAccessors: .CompareDE

===========================================================================================
----------------- testing Thu Oct 10 16:46:37 UTC 2019 /home/travis/build/icyphy/ptII/ptolemy/actor/lib/test/auto/ComplexDivide.xml
----------------- Instantiating /home/travis/build/icyphy/ptII/ptolemy/actor/lib/test/auto/ComplexDivide.xml
1 ms. Memory: 410624K Free: 352924K (86%)
----------------- Invoking toplevel() on ptolemy.moml.MoMLSimpleApplication@1382955e
----------------- Done invoking toplevel() on ptolemy.moml.MoMLSimpleApplication@1382955e
reloadAllAccessors: .ComplexDivide

===========================================================================================
----------------- testing Thu Oct 10 16:46:37 UTC 2019 /home/travis/build/icyphy/ptII/ptolemy/actor/lib/test/auto/ComputeHistogram.xml
----------------- Instantiating /home/travis/build/icyphy/ptII/ptolemy/actor/lib/test/auto/ComputeHistogram.xml
38 ms. Memory: 410624K Free: 340122K (83%)
----------------- Invoking toplevel() on ptolemy.moml.MoMLSimpleApplication@5cf957f9
----------------- Done invoking toplevel() on ptolemy.moml.MoMLSimpleApplication@5cf957f9
reloadAllAccessors: .ComputeHistogram

===========================================================================================
----------------- testing Thu Oct 10 16:46:37 UTC 2019 /home/travis/build/icyphy/ptII/ptolemy/actor/lib/test/auto/ConfigurationSelect.xml
----------------- Instantiating /home/travis/build/icyphy/ptII/ptolemy/actor/lib/test/auto/ConfigurationSelect.xml
9 ms. Memory: 410624K Free: 334988K (82%)
----------------- Invoking toplevel() on ptolemy.moml.MoMLSimpleApplication@14ba0008
----------------- Done invoking toplevel() on ptolemy.moml.MoMLSimpleApplication@14ba0008
reloadAllAccessors: .ConfigurationSelect

===========================================================================================
----------------- testing Thu Oct 10 16:46:37 UTC 2019 /home/travis/build/icyphy/ptII/ptolemy/actor/lib/test/auto/ConfigurationSelect2.xml
----------------- Instantiating /home/travis/build/icyphy/ptII/ptolemy/actor/lib/test/auto/ConfigurationSelect2.xml
2 ms. Memory: 410624K Free: 330396K (80%)
----------------- Invoking toplevel() on ptolemy.moml.MoMLSimpleApplication@6293abd2
----------------- Done invoking toplevel() on ptolemy.moml.MoMLSimpleApplication@6293abd2
reloadAllAccessors: .ConfigurationSelect2

===========================================================================================
----------------- testing Thu Oct 10 16:46:37 UTC 2019 /home/travis/build/icyphy/ptII/ptolemy/actor/lib/test/auto/ConfigurationSwitch.xml
----------------- Instantiating /home/travis/build/icyphy/ptII/ptolemy/actor/lib/test/auto/ConfigurationSwitch.xml
3 ms. Memory: 410624K Free: 324762K (79%)
----------------- Invoking toplevel() on ptolemy.moml.MoMLSimpleApplication@46eab8d9
----------------- Done invoking toplevel() on ptolemy.moml.MoMLSimpleApplication@46eab8d9
reloadAllAccessors: .ConfigurationSwitch

===========================================================================================
----------------- testing Thu Oct 10 16:46:37 UTC 2019 /home/travis/build/icyphy/ptII/ptolemy/actor/lib/test/auto/ConfigurationSwitch2.xml
----------------- Instantiating /home/travis/build/icyphy/ptII/ptolemy/actor/lib/test/auto/ConfigurationSwitch2.xml
4 ms. Memory: 410624K Free: 319642K (78%)
----------------- Invoking toplevel() on ptolemy.moml.MoMLSimpleApplication@6cb70a28
----------------- Done invoking toplevel() on ptolemy.moml.MoMLSimpleApplication@6cb70a28
reloadAllAccessors: .ConfigurationSwitch2

===========================================================================================
----------------- testing Thu Oct 10 16:46:37 UTC 2019 /home/travis/build/icyphy/ptII/ptolemy/actor/lib/test/auto/ConfigurationSwitchCloningBugWithClassRelationGroup.xml
----------------- Instantiating /home/travis/build/icyphy/ptII/ptolemy/actor/lib/test/auto/ConfigurationSwitchCloningBugWithClassRelationGroup.xml
1 ms. Memory: 410624K Free: 312988K (76%)
----------------- Invoking toplevel() on ptolemy.moml.MoMLSimpleApplication@5a31e931
----------------- Done invoking toplevel() on ptolemy.moml.MoMLSimpleApplication@5a31e931
reloadAllAccessors: .ConfigurationSwitchCloningBugWithClassRelationGroup

===========================================================================================
----------------- testing Thu Oct 10 16:46:37 UTC 2019 /home/travis/build/icyphy/ptII/ptolemy/actor/lib/test/auto/ConfigurationSwitchSelectSDF.xml
----------------- Instantiating /home/travis/build/icyphy/ptII/ptolemy/actor/lib/test/auto/ConfigurationSwitchSelectSDF.xml
3 ms. Memory: 410624K Free: 307354K (75%)
----------------- Invoking toplevel() on ptolemy.moml.MoMLSimpleApplication@7c115a0c
----------------- Done invoking toplevel() on ptolemy.moml.MoMLSimpleApplication@7c115a0c
reloadAllAccessors: .ConfigurationSwitchSelectSDF

===========================================================================================
----------------- testing Thu Oct 10 16:46:37 UTC 2019 /home/travis/build/icyphy/ptII/ptolemy/actor/lib/test/auto/ConfigurationSwitchSelectSDF2.xml
----------------- Instantiating /home/travis/build/icyphy/ptII/ptolemy/actor/lib/test/auto/ConfigurationSwitchSelectSDF2.xml
3 ms. Memory: 410624K Free: 301724K (73%)
----------------- Invoking toplevel() on ptolemy.moml.MoMLSimpleApplication@ee5568e
----------------- Done invoking toplevel() on ptolemy.moml.MoMLSimpleApplication@ee5568e
reloadAllAccessors: .ConfigurationSwitchSelectSDF2

===========================================================================================
----------------- testing Thu Oct 10 16:46:37 UTC 2019 /home/travis/build/icyphy/ptII/ptolemy/actor/lib/test/auto/Const.xml
----------------- Instantiating /home/travis/build/icyphy/ptII/ptolemy/actor/lib/test/auto/Const.xml
1 ms. Memory: 410624K Free: 298138K (73%)
----------------- Invoking toplevel() on ptolemy.moml.MoMLSimpleApplication@33599ff
----------------- Done invoking toplevel() on ptolemy.moml.MoMLSimpleApplication@33599ff
reloadAllAccessors: .Const

===========================================================================================
----------------- testing Thu Oct 10 16:46:38 UTC 2019 /home/travis/build/icyphy/ptII/ptolemy/actor/lib/test/auto/Const2.xml
----------------- Instantiating /home/travis/build/icyphy/ptII/ptolemy/actor/lib/test/auto/Const2.xml
1 ms. Memory: 410624K Free: 294556K (72%)
----------------- Invoking toplevel() on ptolemy.moml.MoMLSimpleApplication@58da5b56
----------------- Done invoking toplevel() on ptolemy.moml.MoMLSimpleApplication@58da5b56
reloadAllAccessors: .Const2

===========================================================================================
----------------- testing Thu Oct 10 16:46:38 UTC 2019 /home/travis/build/icyphy/ptII/ptolemy/actor/lib/test/auto/Const3.xml
----------------- Instantiating /home/travis/build/icyphy/ptII/ptolemy/actor/lib/test/auto/Const3.xml
1 ms. Memory: 410624K Free: 291484K (71%)
----------------- Invoking toplevel() on ptolemy.moml.MoMLSimpleApplication@1ecd160a
----------------- Done invoking toplevel() on ptolemy.moml.MoMLSimpleApplication@1ecd160a
reloadAllAccessors: .Const3

===========================================================================================
----------------- testing Thu Oct 10 16:46:38 UTC 2019 /home/travis/build/icyphy/ptII/ptolemy/actor/lib/test/auto/ConstantPublisherPort1.xml
----------------- Instantiating /home/travis/build/icyphy/ptII/ptolemy/actor/lib/test/auto/ConstantPublisherPort1.xml
6 ms. Memory: 410624K Free: 282778K (69%)
----------------- Invoking toplevel() on ptolemy.moml.MoMLSimpleApplication@7a16785a
----------------- Done invoking toplevel() on ptolemy.moml.MoMLSimpleApplication@7a16785a
reloadAllAccessors: .ConstantPublisherPort1

===========================================================================================
----------------- testing Thu Oct 10 16:46:38 UTC 2019 /home/travis/build/icyphy/ptII/ptolemy/actor/lib/test/auto/ConstantPublisherPort2.xml
----------------- Instantiating /home/travis/build/icyphy/ptII/ptolemy/actor/lib/test/auto/ConstantPublisherPort2.xml
12 ms. Memory: 410624K Free: 275610K (67%)
----------------- Invoking toplevel() on ptolemy.moml.MoMLSimpleApplication@7021bfd5
----------------- Done invoking toplevel() on ptolemy.moml.MoMLSimpleApplication@7021bfd5
reloadAllAccessors: .ConstantPublisherPort2

===========================================================================================
----------------- testing Thu Oct 10 16:46:38 UTC 2019 /home/travis/build/icyphy/ptII/ptolemy/actor/lib/test/auto/ConstantPublisherPort3.xml
----------------- Instantiating /home/travis/build/icyphy/ptII/ptolemy/actor/lib/test/auto/ConstantPublisherPort3.xml
6 ms. Memory: 410624K Free: 267932K (65%)
----------------- Invoking toplevel() on ptolemy.moml.MoMLSimpleApplication@117ede79
----------------- Done invoking toplevel() on ptolemy.moml.MoMLSimpleApplication@117ede79
reloadAllAccessors: .ConstantPublisherPort3

===========================================================================================
----------------- testing Thu Oct 10 16:46:38 UTC 2019 /home/travis/build/icyphy/ptII/ptolemy/actor/lib/test/auto/ConstantPublisherPort4.xml
----------------- Instantiating /home/travis/build/icyphy/ptII/ptolemy/actor/lib/test/auto/ConstantPublisherPort4.xml
5 ms. Memory: 410624K Free: 260764K (64%)
----------------- Invoking toplevel() on ptolemy.moml.MoMLSimpleApplication@6e5c15e2
----------------- Done invoking toplevel() on ptolemy.moml.MoMLSimpleApplication@6e5c15e2
reloadAllAccessors: .ConstantPublisherPort4

===========================================================================================
----------------- testing Thu Oct 10 16:46:38 UTC 2019 /home/travis/build/icyphy/ptII/ptolemy/actor/lib/test/auto/ConstantPublisherPort5.xml
----------------- Instantiating /home/travis/build/icyphy/ptII/ptolemy/actor/lib/test/auto/ConstantPublisherPort5.xml
30 ms. Memory: 410624K Free: 251548K (61%)
----------------- Invoking toplevel() on ptolemy.moml.MoMLSimpleApplication@3bbee218
----------------- Done invoking toplevel() on ptolemy.moml.MoMLSimpleApplication@3bbee218
reloadAllAccessors: .ConstantPublisherPort5

===========================================================================================
----------------- testing Thu Oct 10 16:46:38 UTC 2019 /home/travis/build/icyphy/ptII/ptolemy/actor/lib/test/auto/ConstantPublisherPort6.xml
----------------- Instantiating /home/travis/build/icyphy/ptII/ptolemy/actor/lib/test/auto/ConstantPublisherPort6.xml
19 ms. Memory: 410624K Free: 242332K (59%)
----------------- Invoking toplevel() on ptolemy.moml.MoMLSimpleApplication@51c8d9fe
----------------- Done invoking toplevel() on ptolemy.moml.MoMLSimpleApplication@51c8d9fe
reloadAllAccessors: .ConstantPublisherPort6

===========================================================================================
----------------- testing Thu Oct 10 16:46:38 UTC 2019 /home/travis/build/icyphy/ptII/ptolemy/actor/lib/test/auto/ConstantPublisherPort7.xml
----------------- Instantiating /home/travis/build/icyphy/ptII/ptolemy/actor/lib/test/auto/ConstantPublisherPort7.xml
18 ms. Memory: 410624K Free: 232602K (57%)
----------------- Invoking toplevel() on ptolemy.moml.MoMLSimpleApplication@25f5172f
----------------- Done invoking toplevel() on ptolemy.moml.MoMLSimpleApplication@25f5172f
reloadAllAccessors: .ConstantPublisherPort7

===========================================================================================
----------------- testing Thu Oct 10 16:46:38 UTC 2019 /home/travis/build/icyphy/ptII/ptolemy/actor/lib/test/auto/ConstraintMonitor1.xml
----------------- Instantiating /home/travis/build/icyphy/ptII/ptolemy/actor/lib/test/auto/ConstraintMonitor1.xml
3 ms. Memory: 410624K Free: 227482K (55%)
----------------- Invoking toplevel() on ptolemy.moml.MoMLSimpleApplication@3fb35f56
----------------- Done invoking toplevel() on ptolemy.moml.MoMLSimpleApplication@3fb35f56
reloadAllAccessors: .ConstraintMonitor1

===========================================================================================
----------------- testing Thu Oct 10 16:46:38 UTC 2019 /home/travis/build/icyphy/ptII/ptolemy/actor/lib/test/auto/ConstraintMonitor2.xml
----------------- Instantiating /home/travis/build/icyphy/ptII/ptolemy/actor/lib/test/auto/ConstraintMonitor2.xml
2 ms. Memory: 410624K Free: 222876K (54%)
----------------- Invoking toplevel() on ptolemy.moml.MoMLSimpleApplication@1d8c9ab9
----------------- Done invoking toplevel() on ptolemy.moml.MoMLSimpleApplication@1d8c9ab9
reloadAllAccessors: .ConstraintMonitor2

===========================================================================================
----------------- testing Thu Oct 10 16:46:38 UTC 2019 /home/travis/build/icyphy/ptII/ptolemy/actor/lib/test/auto/ConstraintMonitor3.xml
----------------- Instantiating /home/travis/build/icyphy/ptII/ptolemy/actor/lib/test/auto/ConstraintMonitor3.xml
3 ms. Memory: 410624K Free: 218266K (53%)
----------------- Invoking toplevel() on ptolemy.moml.MoMLSimpleApplication@7bf8474e
----------------- Done invoking toplevel() on ptolemy.moml.MoMLSimpleApplication@7bf8474e
reloadAllAccessors: .ConstraintMonitor3

===========================================================================================
----------------- testing Thu Oct 10 16:46:38 UTC 2019 /home/travis/build/icyphy/ptII/ptolemy/actor/lib/test/auto/ConstraintMonitor4.xml
----------------- Instantiating /home/travis/build/icyphy/ptII/ptolemy/actor/lib/test/auto/ConstraintMonitor4.xml
3 ms. Memory: 410624K Free: 213660K (52%)
----------------- Invoking toplevel() on ptolemy.moml.MoMLSimpleApplication@62d9dcfd
----------------- Done invoking toplevel() on ptolemy.moml.MoMLSimpleApplication@62d9dcfd
reloadAllAccessors: .ConstraintMonitor4

===========================================================================================
----------------- testing Thu Oct 10 16:46:38 UTC 2019 /home/travis/build/icyphy/ptII/ptolemy/actor/lib/test/auto/ConstraintMonitor5.xml
----------------- Instantiating /home/travis/build/icyphy/ptII/ptolemy/actor/lib/test/auto/ConstraintMonitor5.xml
2 ms. Memory: 410624K Free: 208540K (51%)
----------------- Invoking toplevel() on ptolemy.moml.MoMLSimpleApplication@33749bc8
----------------- Done invoking toplevel() on ptolemy.moml.MoMLSimpleApplication@33749bc8
reloadAllAccessors: .ConstraintMonitor5

===========================================================================================
----------------- testing Thu Oct 10 16:46:38 UTC 2019 /home/travis/build/icyphy/ptII/ptolemy/actor/lib/test/auto/ConstraintMonitor6.xml
----------------- Instantiating /home/travis/build/icyphy/ptII/ptolemy/actor/lib/test/auto/ConstraintMonitor6.xml
6 ms. Memory: 410624K Free: 202396K (49%)
----------------- Invoking toplevel() on ptolemy.moml.MoMLSimpleApplication@22aabcb2
----------------- Done invoking toplevel() on ptolemy.moml.MoMLSimpleApplication@22aabcb2
reloadAllAccessors: .ConstraintMonitor6

===========================================================================================
----------------- testing Thu Oct 10 16:46:38 UTC 2019 /home/travis/build/icyphy/ptII/ptolemy/actor/lib/test/auto/ConstraintMonitor7.xml
----------------- Instantiating /home/travis/build/icyphy/ptII/ptolemy/actor/lib/test/auto/ConstraintMonitor7.xml
6 ms. Memory: 410624K Free: 196252K (48%)
----------------- Invoking toplevel() on ptolemy.moml.MoMLSimpleApplication@490bbf8c
----------------- Done invoking toplevel() on ptolemy.moml.MoMLSimpleApplication@490bbf8c
reloadAllAccessors: .ConstraintMonitor7

===========================================================================================
----------------- testing Thu Oct 10 16:46:38 UTC 2019 /home/travis/build/icyphy/ptII/ptolemy/actor/lib/test/auto/ConstraintMonitor8.xml
----------------- Instantiating /home/travis/build/icyphy/ptII/ptolemy/actor/lib/test/auto/ConstraintMonitor8.xml
7 ms. Memory: 410624K Free: 188570K (46%)
----------------- Invoking toplevel() on ptolemy.moml.MoMLSimpleApplication@35a0ad42
----------------- Done invoking toplevel() on ptolemy.moml.MoMLSimpleApplication@35a0ad42
reloadAllAccessors: .ConstraintMonitor8

===========================================================================================
----------------- testing Thu Oct 10 16:46:38 UTC 2019 /home/travis/build/icyphy/ptII/ptolemy/actor/lib/test/auto/Counter.xml
----------------- Instantiating /home/travis/build/icyphy/ptII/ptolemy/actor/lib/test/auto/Counter.xml
3 ms. Memory: 410624K Free: 183450K (45%)
----------------- Invoking toplevel() on ptolemy.moml.MoMLSimpleApplication@1d54dba9
----------------- Done invoking toplevel() on ptolemy.moml.MoMLSimpleApplication@1d54dba9
reloadAllAccessors: .Counter

===========================================================================================
----------------- testing Thu Oct 10 16:46:38 UTC 2019 /home/travis/build/icyphy/ptII/ptolemy/actor/lib/test/auto/CurrentTimeSDF.xml
----------------- Instantiating /home/travis/build/icyphy/ptII/ptolemy/actor/lib/test/auto/CurrentTimeSDF.xml
1 ms. Memory: 410624K Free: 179868K (44%)
----------------- Invoking toplevel() on ptolemy.moml.MoMLSimpleApplication@5d794c02
----------------- Done invoking toplevel() on ptolemy.moml.MoMLSimpleApplication@5d794c02
reloadAllAccessors: .CurrentTimeSDF

===========================================================================================
----------------- testing Thu Oct 10 16:46:38 UTC 2019 /home/travis/build/icyphy/ptII/ptolemy/actor/lib/test/auto/DB.xml
----------------- Instantiating /home/travis/build/icyphy/ptII/ptolemy/actor/lib/test/auto/DB.xml
4 ms. Memory: 410624K Free: 174234K (42%)
----------------- Invoking toplevel() on ptolemy.moml.MoMLSimpleApplication@7a64a050
----------------- Done invoking toplevel() on ptolemy.moml.MoMLSimpleApplication@7a64a050
reloadAllAccessors: .DB

===========================================================================================
----------------- testing Thu Oct 10 16:46:38 UTC 2019 /home/travis/build/icyphy/ptII/ptolemy/actor/lib/test/auto/DBDE.xml
----------------- Instantiating /home/travis/build/icyphy/ptII/ptolemy/actor/lib/test/auto/DBDE.xml
2 ms. Memory: 410624K Free: 168060K (41%)
----------------- Invoking toplevel() on ptolemy.moml.MoMLSimpleApplication@5220b479
----------------- Done invoking toplevel() on ptolemy.moml.MoMLSimpleApplication@5220b479
reloadAllAccessors: .DBDE

===========================================================================================
----------------- testing Thu Oct 10 16:46:38 UTC 2019 /home/travis/build/icyphy/ptII/ptolemy/actor/lib/test/auto/DateConstructor.xml
----------------- Instantiating /home/travis/build/icyphy/ptII/ptolemy/actor/lib/test/auto/DateConstructor.xml
31 ms. Memory: 410624K Free: 151196K (37%)
----------------- Invoking toplevel() on ptolemy.moml.MoMLSimpleApplication@43f23388
----------------- Done invoking toplevel() on ptolemy.moml.MoMLSimpleApplication@43f23388
reloadAllAccessors: .DateConstructor

===========================================================================================
----------------- testing Thu Oct 10 16:46:38 UTC 2019 /home/travis/build/icyphy/ptII/ptolemy/actor/lib/test/auto/DelayTime.xml
----------------- Instantiating /home/travis/build/icyphy/ptII/ptolemy/actor/lib/test/auto/DelayTime.xml
7 ms. Memory: 410624K Free: 146076K (36%)
----------------- Invoking toplevel() on ptolemy.moml.MoMLSimpleApplication@2891f3ef
----------------- Done invoking toplevel() on ptolemy.moml.MoMLSimpleApplication@2891f3ef
reloadAllAccessors: .DelayTime

===========================================================================================
----------------- testing Thu Oct 10 16:46:38 UTC 2019 /home/travis/build/icyphy/ptII/ptolemy/actor/lib/test/auto/Dictionary1.xml
----------------- Instantiating /home/travis/build/icyphy/ptII/ptolemy/actor/lib/test/auto/Dictionary1.xml
1 ms. Memory: 410624K Free: 140442K (34%)
----------------- Invoking toplevel() on ptolemy.moml.MoMLSimpleApplication@6a31ed8f
----------------- Done invoking toplevel() on ptolemy.moml.MoMLSimpleApplication@6a31ed8f
reloadAllAccessors: .Dictionary1

===========================================================================================
----------------- testing Thu Oct 10 16:46:38 UTC 2019 /home/travis/build/icyphy/ptII/ptolemy/actor/lib/test/auto/Dictionary2.xml
----------------- Instantiating /home/travis/build/icyphy/ptII/ptolemy/actor/lib/test/auto/Dictionary2.xml
5 ms. Memory: 410624K Free: 134812K (33%)
----------------- Invoking toplevel() on ptolemy.moml.MoMLSimpleApplication@186265cc
----------------- Done invoking toplevel() on ptolemy.moml.MoMLSimpleApplication@186265cc
reloadAllAccessors: .Dictionary2

===========================================================================================
----------------- testing Thu Oct 10 16:46:38 UTC 2019 /home/travis/build/icyphy/ptII/ptolemy/actor/lib/test/auto/Dictionary3.xml
----------------- Instantiating /home/travis/build/icyphy/ptII/ptolemy/actor/lib/test/auto/Dictionary3.xml
2 ms. Memory: 410624K Free: 129692K (32%)
----------------- Invoking toplevel() on ptolemy.moml.MoMLSimpleApplication@1b2769bc
----------------- Done invoking toplevel() on ptolemy.moml.MoMLSimpleApplication@1b2769bc
reloadAllAccessors: .Dictionary3

===========================================================================================
----------------- testing Thu Oct 10 16:46:38 UTC 2019 /home/travis/build/icyphy/ptII/ptolemy/actor/lib/test/auto/Dictionary4.xml
----------------- Instantiating /home/travis/build/icyphy/ptII/ptolemy/actor/lib/test/auto/Dictionary4.xml
4 ms. Memory: 410624K Free: 122524K (30%)
----------------- Invoking toplevel() on ptolemy.moml.MoMLSimpleApplication@1b0a8924
----------------- Done invoking toplevel() on ptolemy.moml.MoMLSimpleApplication@1b0a8924
reloadAllAccessors: .Dictionary4

===========================================================================================
----------------- testing Thu Oct 10 16:46:38 UTC 2019 /home/travis/build/icyphy/ptII/ptolemy/actor/lib/test/auto/Differential.xml
----------------- Instantiating /home/travis/build/icyphy/ptII/ptolemy/actor/lib/test/auto/Differential.xml
3 ms. Memory: 410624K Free: 361295K (88%)
----------------- Invoking toplevel() on ptolemy.moml.MoMLSimpleApplication@39a0719a
----------------- Done invoking toplevel() on ptolemy.moml.MoMLSimpleApplication@39a0719a
reloadAllAccessors: .Differential

===========================================================================================
----------------- testing Thu Oct 10 16:46:38 UTC 2019 /home/travis/build/icyphy/ptII/ptolemy/actor/lib/test/auto/Director.xml
----------------- Instantiating /home/travis/build/icyphy/ptII/ptolemy/actor/lib/test/auto/Director.xml
4 ms. Memory: 410624K Free: 357713K (87%)
----------------- Invoking toplevel() on ptolemy.moml.MoMLSimpleApplication@5ee57045
----------------- Done invoking toplevel() on ptolemy.moml.MoMLSimpleApplication@5ee57045
reloadAllAccessors: .Director

===========================================================================================
----------------- testing Thu Oct 10 16:46:38 UTC 2019 /home/travis/build/icyphy/ptII/ptolemy/actor/lib/test/auto/DiscreteClock.xml
----------------- Instantiating /home/travis/build/icyphy/ptII/ptolemy/actor/lib/test/auto/DiscreteClock.xml
1 ms. Memory: 410624K Free: 353617K (86%)
----------------- Invoking toplevel() on ptolemy.moml.MoMLSimpleApplication@65006121
----------------- Done invoking toplevel() on ptolemy.moml.MoMLSimpleApplication@65006121
reloadAllAccessors: .DiscreteClock

===========================================================================================
----------------- testing Thu Oct 10 16:46:38 UTC 2019 /home/travis/build/icyphy/ptII/ptolemy/actor/lib/test/auto/DiscreteClock10.xml
----------------- Instantiating /home/travis/build/icyphy/ptII/ptolemy/actor/lib/test/auto/DiscreteClock10.xml
5 ms. Memory: 410624K Free: 347473K (85%)
----------------- Invoking toplevel() on ptolemy.moml.MoMLSimpleApplication@58ed00af
----------------- Done invoking toplevel() on ptolemy.moml.MoMLSimpleApplication@58ed00af
reloadAllAccessors: .DiscreteClock10

===========================================================================================
----------------- testing Thu Oct 10 16:46:38 UTC 2019 /home/travis/build/icyphy/ptII/ptolemy/actor/lib/test/auto/DiscreteClock11.xml
----------------- Instantiating /home/travis/build/icyphy/ptII/ptolemy/actor/lib/test/auto/DiscreteClock11.xml
2 ms. Memory: 410624K Free: 341839K (83%)
----------------- Invoking toplevel() on ptolemy.moml.MoMLSimpleApplication@254fe63c
----------------- Done invoking toplevel() on ptolemy.moml.MoMLSimpleApplication@254fe63c
reloadAllAccessors: .DiscreteClock11

===========================================================================================
----------------- testing Thu Oct 10 16:46:38 UTC 2019 /home/travis/build/icyphy/ptII/ptolemy/actor/lib/test/auto/DiscreteClock12.xml
----------------- Instantiating /home/travis/build/icyphy/ptII/ptolemy/actor/lib/test/auto/DiscreteClock12.xml
3 ms. Memory: 410624K Free: 335695K (82%)
----------------- Invoking toplevel() on ptolemy.moml.MoMLSimpleApplication@765a7173
----------------- Done invoking toplevel() on ptolemy.moml.MoMLSimpleApplication@765a7173
reloadAllAccessors: .DiscreteClock12

===========================================================================================
----------------- testing Thu Oct 10 16:46:38 UTC 2019 /home/travis/build/icyphy/ptII/ptolemy/actor/lib/test/auto/DiscreteClock13.xml
----------------- Instantiating /home/travis/build/icyphy/ptII/ptolemy/actor/lib/test/auto/DiscreteClock13.xml
5 ms. Memory: 410624K Free: 329545K (80%)
----------------- Invoking toplevel() on ptolemy.moml.MoMLSimpleApplication@66389611
----------------- Done invoking toplevel() on ptolemy.moml.MoMLSimpleApplication@66389611
reloadAllAccessors: .DiscreteClock13

===========================================================================================
----------------- testing Thu Oct 10 16:46:38 UTC 2019 /home/travis/build/icyphy/ptII/ptolemy/actor/lib/test/auto/DiscreteClock14.xml
----------------- Instantiating /home/travis/build/icyphy/ptII/ptolemy/actor/lib/test/auto/DiscreteClock14.xml
6 ms. Memory: 410624K Free: 323398K (79%)
----------------- Invoking toplevel() on ptolemy.moml.MoMLSimpleApplication@51908ec6
----------------- Done invoking toplevel() on ptolemy.moml.MoMLSimpleApplication@51908ec6
reloadAllAccessors: .DiscreteClock14

===========================================================================================
----------------- testing Thu Oct 10 16:46:38 UTC 2019 /home/travis/build/icyphy/ptII/ptolemy/actor/lib/test/auto/DiscreteClock15.xml
----------------- Instantiating /home/travis/build/icyphy/ptII/ptolemy/actor/lib/test/auto/DiscreteClock15.xml
5 ms. Memory: 410624K Free: 317777K (77%)
----------------- Invoking toplevel() on ptolemy.moml.MoMLSimpleApplication@23c43bb1
----------------- Done invoking toplevel() on ptolemy.moml.MoMLSimpleApplication@23c43bb1
reloadAllAccessors: .DiscreteClock15

===========================================================================================
----------------- testing Thu Oct 10 16:46:38 UTC 2019 /home/travis/build/icyphy/ptII/ptolemy/actor/lib/test/auto/DiscreteClock16.xml
----------------- Instantiating /home/travis/build/icyphy/ptII/ptolemy/actor/lib/test/auto/DiscreteClock16.xml
12 ms. Memory: 410624K Free: 303951K (74%)
----------------- Invoking toplevel() on ptolemy.moml.MoMLSimpleApplication@60dfe118
----------------- Done invoking toplevel() on ptolemy.moml.MoMLSimpleApplication@60dfe118
reloadAllAccessors: .DiscreteClock16

===========================================================================================
----------------- testing Thu Oct 10 16:46:39 UTC 2019 /home/travis/build/icyphy/ptII/ptolemy/actor/lib/test/auto/DiscreteClock17.xml
----------------- Instantiating /home/travis/build/icyphy/ptII/ptolemy/actor/lib/test/auto/DiscreteClock17.xml
18 ms. Memory: 410624K Free: 289601K (71%)
----------------- Invoking toplevel() on ptolemy.moml.MoMLSimpleApplication@22d0f16
----------------- Done invoking toplevel() on ptolemy.moml.MoMLSimpleApplication@22d0f16
reloadAllAccessors: .DiscreteClock17

===========================================================================================
----------------- testing Thu Oct 10 16:46:39 UTC 2019 /home/travis/build/icyphy/ptII/ptolemy/actor/lib/test/auto/DiscreteClock18.xml
----------------- Instantiating /home/travis/build/icyphy/ptII/ptolemy/actor/lib/test/auto/DiscreteClock18.xml
28 ms. Memory: 410624K Free: 275793K (67%)
----------------- Invoking toplevel() on ptolemy.moml.MoMLSimpleApplication@470b24b7
----------------- Done invoking toplevel() on ptolemy.moml.MoMLSimpleApplication@470b24b7
reloadAllAccessors: .DiscreteClock18

===========================================================================================
----------------- testing Thu Oct 10 16:46:39 UTC 2019 /home/travis/build/icyphy/ptII/ptolemy/actor/lib/test/auto/DiscreteClock19.xml
----------------- Instantiating /home/travis/build/icyphy/ptII/ptolemy/actor/lib/test/auto/DiscreteClock19.xml
17 ms. Memory: 410624K Free: 262481K (64%)
----------------- Invoking toplevel() on ptolemy.moml.MoMLSimpleApplication@724dc540
----------------- Done invoking toplevel() on ptolemy.moml.MoMLSimpleApplication@724dc540
reloadAllAccessors: .DiscreteClock19

===========================================================================================
----------------- testing Thu Oct 10 16:46:39 UTC 2019 /home/travis/build/icyphy/ptII/ptolemy/actor/lib/test/auto/DiscreteClock2.xml
----------------- Instantiating /home/travis/build/icyphy/ptII/ptolemy/actor/lib/test/auto/DiscreteClock2.xml
5 ms. Memory: 410624K Free: 257361K (63%)
----------------- Invoking toplevel() on ptolemy.moml.MoMLSimpleApplication@4e6828e5
----------------- Done invoking toplevel() on ptolemy.moml.MoMLSimpleApplication@4e6828e5
reloadAllAccessors: .DiscreteClock2

===========================================================================================
----------------- testing Thu Oct 10 16:46:39 UTC 2019 /home/travis/build/icyphy/ptII/ptolemy/actor/lib/test/auto/DiscreteClock20.xml
----------------- Instantiating /home/travis/build/icyphy/ptII/ptolemy/actor/lib/test/auto/DiscreteClock20.xml
9 ms. Memory: 410624K Free: 251727K (61%)
----------------- Invoking toplevel() on ptolemy.moml.MoMLSimpleApplication@1c299df5
----------------- Done invoking toplevel() on ptolemy.moml.MoMLSimpleApplication@1c299df5
reloadAllAccessors: .DiscreteClock20

===========================================================================================
----------------- testing Thu Oct 10 16:46:39 UTC 2019 /home/travis/build/icyphy/ptII/ptolemy/actor/lib/test/auto/DiscreteClock21.xml
----------------- Instantiating /home/travis/build/icyphy/ptII/ptolemy/actor/lib/test/auto/DiscreteClock21.xml
6 ms. Memory: 410624K Free: 246097K (60%)
----------------- Invoking toplevel() on ptolemy.moml.MoMLSimpleApplication@66fdcba6
----------------- Done invoking toplevel() on ptolemy.moml.MoMLSimpleApplication@66fdcba6
reloadAllAccessors: .DiscreteClock21

===========================================================================================
----------------- testing Thu Oct 10 16:46:39 UTC 2019 /home/travis/build/icyphy/ptII/ptolemy/actor/lib/test/auto/DiscreteClock22.xml
----------------- Instantiating /home/travis/build/icyphy/ptII/ptolemy/actor/lib/test/auto/DiscreteClock22.xml
5 ms. Memory: 410624K Free: 240977K (59%)
----------------- Invoking toplevel() on ptolemy.moml.MoMLSimpleApplication@7e9c6770
----------------- Done invoking toplevel() on ptolemy.moml.MoMLSimpleApplication@7e9c6770
reloadAllAccessors: .DiscreteClock22

===========================================================================================
----------------- testing Thu Oct 10 16:46:39 UTC 2019 /home/travis/build/icyphy/ptII/ptolemy/actor/lib/test/auto/DiscreteClock23.xml
----------------- Instantiating /home/travis/build/icyphy/ptII/ptolemy/actor/lib/test/auto/DiscreteClock23.xml
11 ms. Memory: 410624K Free: 235343K (57%)
----------------- Invoking toplevel() on ptolemy.moml.MoMLSimpleApplication@21c0bebb
----------------- Done invoking toplevel() on ptolemy.moml.MoMLSimpleApplication@21c0bebb
reloadAllAccessors: .DiscreteClock23

===========================================================================================
----------------- testing Thu Oct 10 16:46:39 UTC 2019 /home/travis/build/icyphy/ptII/ptolemy/actor/lib/test/auto/DiscreteClock24.xml
----------------- Instantiating /home/travis/build/icyphy/ptII/ptolemy/actor/lib/test/auto/DiscreteClock24.xml
5 ms. Memory: 410624K Free: 229713K (56%)
----------------- Invoking toplevel() on ptolemy.moml.MoMLSimpleApplication@33985843
----------------- Done invoking toplevel() on ptolemy.moml.MoMLSimpleApplication@33985843
reloadAllAccessors: .DiscreteClock24

===========================================================================================
----------------- testing Thu Oct 10 16:46:39 UTC 2019 /home/travis/build/icyphy/ptII/ptolemy/actor/lib/test/auto/DiscreteClock4.xml
----------------- Instantiating /home/travis/build/icyphy/ptII/ptolemy/actor/lib/test/auto/DiscreteClock4.xml
5 ms. Memory: 410624K Free: 224079K (55%)
----------------- Invoking toplevel() on ptolemy.moml.MoMLSimpleApplication@66f27b5f
----------------- Done invoking toplevel() on ptolemy.moml.MoMLSimpleApplication@66f27b5f
reloadAllAccessors: .DiscreteClock4

===========================================================================================
----------------- testing Thu Oct 10 16:46:39 UTC 2019 /home/travis/build/icyphy/ptII/ptolemy/actor/lib/test/auto/DiscreteClock5.xml
----------------- Instantiating /home/travis/build/icyphy/ptII/ptolemy/actor/lib/test/auto/DiscreteClock5.xml
2 ms. Memory: 410624K Free: 218953K (53%)
----------------- Invoking toplevel() on ptolemy.moml.MoMLSimpleApplication@2fc6e392
----------------- Done invoking toplevel() on ptolemy.moml.MoMLSimpleApplication@2fc6e392
reloadAllAccessors: .DiscreteClock5

===========================================================================================
----------------- testing Thu Oct 10 16:46:39 UTC 2019 /home/travis/build/icyphy/ptII/ptolemy/actor/lib/test/auto/DiscreteClock6.xml
----------------- Instantiating /home/travis/build/icyphy/ptII/ptolemy/actor/lib/test/auto/DiscreteClock6.xml
1 ms. Memory: 410624K Free: 214353K (52%)
----------------- Invoking toplevel() on ptolemy.moml.MoMLSimpleApplication@267e7b8e
----------------- Done invoking toplevel() on ptolemy.moml.MoMLSimpleApplication@267e7b8e
reloadAllAccessors: .DiscreteClock6

===========================================================================================
----------------- testing Thu Oct 10 16:46:39 UTC 2019 /home/travis/build/icyphy/ptII/ptolemy/actor/lib/test/auto/DiscreteClock7.xml
----------------- Instantiating /home/travis/build/icyphy/ptII/ptolemy/actor/lib/test/auto/DiscreteClock7.xml
2 ms. Memory: 410624K Free: 209743K (51%)
----------------- Invoking toplevel() on ptolemy.moml.MoMLSimpleApplication@2e558827
----------------- Done invoking toplevel() on ptolemy.moml.MoMLSimpleApplication@2e558827
reloadAllAccessors: .DiscreteClock7

===========================================================================================
----------------- testing Thu Oct 10 16:46:39 UTC 2019 /home/travis/build/icyphy/ptII/ptolemy/actor/lib/test/auto/DiscreteClock8.xml
----------------- Instantiating /home/travis/build/icyphy/ptII/ptolemy/actor/lib/test/auto/DiscreteClock8.xml
6 ms. Memory: 410624K Free: 204113K (50%)
----------------- Invoking toplevel() on ptolemy.moml.MoMLSimpleApplication@34c294dd
----------------- Done invoking toplevel() on ptolemy.moml.MoMLSimpleApplication@34c294dd
reloadAllAccessors: .DiscreteClock8

===========================================================================================
----------------- testing Thu Oct 10 16:46:39 UTC 2019 /home/travis/build/icyphy/ptII/ptolemy/actor/lib/test/auto/DiscreteClock9.xml
----------------- Instantiating /home/travis/build/icyphy/ptII/ptolemy/actor/lib/test/auto/DiscreteClock9.xml
5 ms. Memory: 410624K Free: 197969K (48%)
----------------- Invoking toplevel() on ptolemy.moml.MoMLSimpleApplication@7a87aae8
----------------- Done invoking toplevel() on ptolemy.moml.MoMLSimpleApplication@7a87aae8
reloadAllAccessors: .DiscreteClock9

===========================================================================================
----------------- testing Thu Oct 10 16:46:39 UTC 2019 /home/travis/build/icyphy/ptII/ptolemy/actor/lib/test/auto/DisplayArray.xml
----------------- Instantiating /home/travis/build/icyphy/ptII/ptolemy/actor/lib/test/auto/DisplayArray.xml
3 ms. Memory: 410624K Free: 194897K (47%)
----------------- Invoking toplevel() on ptolemy.moml.MoMLSimpleApplication@41513e53
----------------- Done invoking toplevel() on ptolemy.moml.MoMLSimpleApplication@41513e53
reloadAllAccessors: .DisplayArray

===========================================================================================
----------------- testing Thu Oct 10 16:46:39 UTC 2019 /home/travis/build/icyphy/ptII/ptolemy/actor/lib/test/auto/Distributor.xml
----------------- Instantiating /home/travis/build/icyphy/ptII/ptolemy/actor/lib/test/auto/Distributor.xml
1 ms. Memory: 410624K Free: 189777K (46%)
----------------- Invoking toplevel() on ptolemy.moml.MoMLSimpleApplication@4d74c7dd
----------------- Done invoking toplevel() on ptolemy.moml.MoMLSimpleApplication@4d74c7dd
reloadAllAccessors: .Distributor

===========================================================================================
----------------- testing Thu Oct 10 16:46:39 UTC 2019 /home/travis/build/icyphy/ptII/ptolemy/actor/lib/test/auto/Distributor2.xml
----------------- Instantiating /home/travis/build/icyphy/ptII/ptolemy/actor/lib/test/auto/Distributor2.xml
2 ms. Memory: 410624K Free: 184657K (45%)
----------------- Invoking toplevel() on ptolemy.moml.MoMLSimpleApplication@2e8300fe
----------------- Done invoking toplevel() on ptolemy.moml.MoMLSimpleApplication@2e8300fe
reloadAllAccessors: .Distributor2

===========================================================================================
----------------- testing Thu Oct 10 16:46:39 UTC 2019 /home/travis/build/icyphy/ptII/ptolemy/actor/lib/test/auto/DownSample.xml
----------------- Instantiating /home/travis/build/icyphy/ptII/ptolemy/actor/lib/test/auto/DownSample.xml
10 ms. Memory: 410624K Free: 180047K (44%)
----------------- Invoking toplevel() on ptolemy.moml.MoMLSimpleApplication@52e9fe61
----------------- Done invoking toplevel() on ptolemy.moml.MoMLSimpleApplication@52e9fe61
reloadAllAccessors: .DownSample

===========================================================================================
----------------- testing Thu Oct 10 16:46:39 UTC 2019 /home/travis/build/icyphy/ptII/ptolemy/actor/lib/test/auto/ElectronicUnitBase1.xml
----------------- Instantiating /home/travis/build/icyphy/ptII/ptolemy/actor/lib/test/auto/ElectronicUnitBase1.xml
18 ms. Memory: 410624K Free: 164177K (40%)
----------------- Invoking toplevel() on ptolemy.moml.MoMLSimpleApplication@454adf57
----------------- Done invoking toplevel() on ptolemy.moml.MoMLSimpleApplication@454adf57
reloadAllAccessors: .ElectronicUnitBase1

===========================================================================================
----------------- testing Thu Oct 10 16:46:39 UTC 2019 /home/travis/build/icyphy/ptII/ptolemy/actor/lib/test/auto/ElementsToArray.xml
----------------- Instantiating /home/travis/build/icyphy/ptII/ptolemy/actor/lib/test/auto/ElementsToArray.xml
3 ms. Memory: 410624K Free: 159057K (39%)
----------------- Invoking toplevel() on ptolemy.moml.MoMLSimpleApplication@7fad11c
----------------- Done invoking toplevel() on ptolemy.moml.MoMLSimpleApplication@7fad11c
reloadAllAccessors: .ElementsToArray

===========================================================================================
----------------- testing Thu Oct 10 16:46:39 UTC 2019 /home/travis/build/icyphy/ptII/ptolemy/actor/lib/test/auto/Equals.xml
----------------- Instantiating /home/travis/build/icyphy/ptII/ptolemy/actor/lib/test/auto/Equals.xml
4 ms. Memory: 410624K Free: 154447K (38%)
----------------- Invoking toplevel() on ptolemy.moml.MoMLSimpleApplication@2ac523db
----------------- Done invoking toplevel() on ptolemy.moml.MoMLSimpleApplication@2ac523db
reloadAllAccessors: .Equals

===========================================================================================
----------------- testing Thu Oct 10 16:46:39 UTC 2019 /home/travis/build/icyphy/ptII/ptolemy/actor/lib/test/auto/Exec.xml
----------------- Instantiating /home/travis/build/icyphy/ptII/ptolemy/actor/lib/test/auto/Exec.xml
19 ms. Memory: 410624K Free: 148303K (36%)
----------------- Invoking toplevel() on ptolemy.moml.MoMLSimpleApplication@13c12b56
----------------- Done invoking toplevel() on ptolemy.moml.MoMLSimpleApplication@13c12b56
reloadAllAccessors: .Exec

===========================================================================================
----------------- testing Thu Oct 10 16:46:39 UTC 2019 /home/travis/build/icyphy/ptII/ptolemy/actor/lib/test/auto/ExecEnvironment.xml
----------------- Instantiating /home/travis/build/icyphy/ptII/ptolemy/actor/lib/test/auto/ExecEnvironment.xml
24 ms. Memory: 410624K Free: 143169K (35%)
----------------- Invoking toplevel() on ptolemy.moml.MoMLSimpleApplication@4f8823bb
----------------- Done invoking toplevel() on ptolemy.moml.MoMLSimpleApplication@4f8823bb
reloadAllAccessors: .ExecEnvironment

===========================================================================================
----------------- testing Thu Oct 10 16:46:39 UTC 2019 /home/travis/build/icyphy/ptII/ptolemy/actor/lib/test/auto/ExecNonZeroReturnOutput.xml
----------------- Instantiating /home/travis/build/icyphy/ptII/ptolemy/actor/lib/test/auto/ExecNonZeroReturnOutput.xml
190 ms. Memory: 410624K Free: 131409K (32%)
----------------- Invoking toplevel() on ptolemy.moml.MoMLSimpleApplication@4be86e1a
----------------- Done invoking toplevel() on ptolemy.moml.MoMLSimpleApplication@4be86e1a
reloadAllAccessors: .ExecNonZeroReturnOutput

===========================================================================================
----------------- testing Thu Oct 10 16:46:39 UTC 2019 /home/travis/build/icyphy/ptII/ptolemy/actor/lib/test/auto/ExecRunDemos.xml
----------------- Instantiating /home/travis/build/icyphy/ptII/ptolemy/actor/lib/test/auto/ExecRunDemos.xml
Finished: 92 ms. Memory: 120832K Free: 104434K (86%)

Finished: 64 ms. Memory: 120832K Free: 110780K (92%)

Finished: 122 ms. Memory: 120832K Free: 110781K (92%)

Finished: 77 ms. Memory: 120832K Free: 111590K (92%)

Finished: 60 ms. Memory: 120832K Free: 104192K (86%)

10939 ms. Memory: 410624K Free: 353060K (86%)
----------------- Invoking toplevel() on ptolemy.moml.MoMLSimpleApplication@2c453cb1
----------------- Done invoking toplevel() on ptolemy.moml.MoMLSimpleApplication@2c453cb1
reloadAllAccessors: .ExecRunDemos

===========================================================================================
----------------- testing Thu Oct 10 16:46:50 UTC 2019 /home/travis/build/icyphy/ptII/ptolemy/actor/lib/test/auto/ExecStop.xml
----------------- Instantiating /home/travis/build/icyphy/ptII/ptolemy/actor/lib/test/auto/ExecStop.xml
5017 ms. Memory: 410624K Free: 237858K (58%)
----------------- Invoking toplevel() on ptolemy.moml.MoMLSimpleApplication@12f8932a
----------------- Done invoking toplevel() on ptolemy.moml.MoMLSimpleApplication@12f8932a
reloadAllAccessors: .ExecStop

===========================================================================================
----------------- testing Thu Oct 10 16:46:55 UTC 2019 /home/travis/build/icyphy/ptII/ptolemy/actor/lib/test/auto/ExecutionTimeSDF.xml
----------------- Instantiating /home/travis/build/icyphy/ptII/ptolemy/actor/lib/test/auto/ExecutionTimeSDF.xml
Fired ExecutionTime: -2138567296
Fired ExecutionTime: 1069600000
Fired ExecutionTime: -1657767296
6005 ms. Memory: 410624K Free: 225060K (55%)
----------------- Invoking toplevel() on ptolemy.moml.MoMLSimpleApplication@6916ac93
----------------- Done invoking toplevel() on ptolemy.moml.MoMLSimpleApplication@6916ac93
reloadAllAccessors: .ExecutionTimeSDF

===========================================================================================
----------------- testing Thu Oct 10 16:47:02 UTC 2019 /home/travis/build/icyphy/ptII/ptolemy/actor/lib/test/auto/Expression1.xml
----------------- Instantiating /home/travis/build/icyphy/ptII/ptolemy/actor/lib/test/auto/Expression1.xml
2 ms. Memory: 410624K Free: 221474K (54%)
----------------- Invoking toplevel() on ptolemy.moml.MoMLSimpleApplication@343ba881
----------------- Done invoking toplevel() on ptolemy.moml.MoMLSimpleApplication@343ba881
reloadAllAccessors: .Expression1

===========================================================================================
----------------- testing Thu Oct 10 16:47:02 UTC 2019 /home/travis/build/icyphy/ptII/ptolemy/actor/lib/test/auto/Expression10.xml
----------------- Instantiating /home/travis/build/icyphy/ptII/ptolemy/actor/lib/test/auto/Expression10.xml
7 ms. Memory: 410624K Free: 216354K (53%)
----------------- Invoking toplevel() on ptolemy.moml.MoMLSimpleApplication@46f23bbb
----------------- Done invoking toplevel() on ptolemy.moml.MoMLSimpleApplication@46f23bbb
reloadAllAccessors: .Expression10

===========================================================================================
----------------- testing Thu Oct 10 16:47:02 UTC 2019 /home/travis/build/icyphy/ptII/ptolemy/actor/lib/test/auto/Expression11.xml
----------------- Instantiating /home/travis/build/icyphy/ptII/ptolemy/actor/lib/test/auto/Expression11.xml
2 ms. Memory: 410624K Free: 211748K (52%)
----------------- Invoking toplevel() on ptolemy.moml.MoMLSimpleApplication@375db4a1
----------------- Done invoking toplevel() on ptolemy.moml.MoMLSimpleApplication@375db4a1
reloadAllAccessors: .Expression11

===========================================================================================
----------------- testing Thu Oct 10 16:47:02 UTC 2019 /home/travis/build/icyphy/ptII/ptolemy/actor/lib/test/auto/Expression12.xml
----------------- Instantiating /home/travis/build/icyphy/ptII/ptolemy/actor/lib/test/auto/Expression12.xml
4 ms. Memory: 410624K Free: 206114K (50%)
----------------- Invoking toplevel() on ptolemy.moml.MoMLSimpleApplication@51dafef
----------------- Done invoking toplevel() on ptolemy.moml.MoMLSimpleApplication@51dafef
reloadAllAccessors: .Expression12

===========================================================================================
----------------- testing Thu Oct 10 16:47:02 UTC 2019 /home/travis/build/icyphy/ptII/ptolemy/actor/lib/test/auto/Expression13.xml
----------------- Instantiating /home/travis/build/icyphy/ptII/ptolemy/actor/lib/test/auto/Expression13.xml
5 ms. Memory: 410624K Free: 200994K (49%)
----------------- Invoking toplevel() on ptolemy.moml.MoMLSimpleApplication@7e7292fc
----------------- Done invoking toplevel() on ptolemy.moml.MoMLSimpleApplication@7e7292fc
reloadAllAccessors: .Expression13

===========================================================================================
----------------- testing Thu Oct 10 16:47:02 UTC 2019 /home/travis/build/icyphy/ptII/ptolemy/actor/lib/test/auto/Expression14.xml
----------------- Instantiating /home/travis/build/icyphy/ptII/ptolemy/actor/lib/test/auto/Expression14.xml
11 ms. Memory: 410624K Free: 194850K (47%)
----------------- Invoking toplevel() on ptolemy.moml.MoMLSimpleApplication@3d311f8c
----------------- Done invoking toplevel() on ptolemy.moml.MoMLSimpleApplication@3d311f8c
reloadAllAccessors: .Expression14

===========================================================================================
----------------- testing Thu Oct 10 16:47:02 UTC 2019 /home/travis/build/icyphy/ptII/ptolemy/actor/lib/test/auto/Expression15.xml
----------------- Instantiating /home/travis/build/icyphy/ptII/ptolemy/actor/lib/test/auto/Expression15.xml
5 ms. Memory: 410624K Free: 190754K (46%)
----------------- Invoking toplevel() on ptolemy.moml.MoMLSimpleApplication@6b5557c3
----------------- Done invoking toplevel() on ptolemy.moml.MoMLSimpleApplication@6b5557c3
reloadAllAccessors: .Expression15

===========================================================================================
----------------- testing Thu Oct 10 16:47:02 UTC 2019 /home/travis/build/icyphy/ptII/ptolemy/actor/lib/test/auto/Expression16.xml
----------------- Instantiating /home/travis/build/icyphy/ptII/ptolemy/actor/lib/test/auto/Expression16.xml
4 ms. Memory: 410624K Free: 186148K (45%)
----------------- Invoking toplevel() on ptolemy.moml.MoMLSimpleApplication@14f24a4c
----------------- Done invoking toplevel() on ptolemy.moml.MoMLSimpleApplication@14f24a4c
reloadAllAccessors: .Expression16

===========================================================================================
----------------- testing Thu Oct 10 16:47:02 UTC 2019 /home/travis/build/icyphy/ptII/ptolemy/actor/lib/test/auto/Expression17.xml
----------------- Instantiating /home/travis/build/icyphy/ptII/ptolemy/actor/lib/test/auto/Expression17.xml
3 ms. Memory: 410624K Free: 181028K (44%)
----------------- Invoking toplevel() on ptolemy.moml.MoMLSimpleApplication@4df0fe46
----------------- Done invoking toplevel() on ptolemy.moml.MoMLSimpleApplication@4df0fe46
reloadAllAccessors: .Expression17

===========================================================================================
----------------- testing Thu Oct 10 16:47:02 UTC 2019 /home/travis/build/icyphy/ptII/ptolemy/actor/lib/test/auto/Expression18.xml
----------------- Instantiating /home/travis/build/icyphy/ptII/ptolemy/actor/lib/test/auto/Expression18.xml
5 ms. Memory: 410624K Free: 175394K (43%)
----------------- Invoking toplevel() on ptolemy.moml.MoMLSimpleApplication@74aae03b
----------------- Done invoking toplevel() on ptolemy.moml.MoMLSimpleApplication@74aae03b
reloadAllAccessors: .Expression18

===========================================================================================
----------------- testing Thu Oct 10 16:47:02 UTC 2019 /home/travis/build/icyphy/ptII/ptolemy/actor/lib/test/auto/Expression2.xml
----------------- Instantiating /home/travis/build/icyphy/ptII/ptolemy/actor/lib/test/auto/Expression2.xml
3 ms. Memory: 410624K Free: 170274K (41%)
----------------- Invoking toplevel() on ptolemy.moml.MoMLSimpleApplication@110baa97
----------------- Done invoking toplevel() on ptolemy.moml.MoMLSimpleApplication@110baa97
reloadAllAccessors: .Expression2

===========================================================================================
----------------- testing Thu Oct 10 16:47:02 UTC 2019 /home/travis/build/icyphy/ptII/ptolemy/actor/lib/test/auto/Expression3.xml
----------------- Instantiating /home/travis/build/icyphy/ptII/ptolemy/actor/lib/test/auto/Expression3.xml
8 ms. Memory: 410624K Free: 165154K (40%)
----------------- Invoking toplevel() on ptolemy.moml.MoMLSimpleApplication@70d7f17d
----------------- Done invoking toplevel() on ptolemy.moml.MoMLSimpleApplication@70d7f17d
reloadAllAccessors: .Expression3

===========================================================================================
----------------- testing Thu Oct 10 16:47:02 UTC 2019 /home/travis/build/icyphy/ptII/ptolemy/actor/lib/test/auto/Expression4.xml
----------------- Instantiating /home/travis/build/icyphy/ptII/ptolemy/actor/lib/test/auto/Expression4.xml
6 ms. Memory: 410624K Free: 157476K (38%)
----------------- Invoking toplevel() on ptolemy.moml.MoMLSimpleApplication@677880da
----------------- Done invoking toplevel() on ptolemy.moml.MoMLSimpleApplication@677880da
reloadAllAccessors: .Expression4

===========================================================================================
----------------- testing Thu Oct 10 16:47:02 UTC 2019 /home/travis/build/icyphy/ptII/ptolemy/actor/lib/test/auto/Expression5.xml
----------------- Instantiating /home/travis/build/icyphy/ptII/ptolemy/actor/lib/test/auto/Expression5.xml
5 ms. Memory: 410624K Free: 152356K (37%)
----------------- Invoking toplevel() on ptolemy.moml.MoMLSimpleApplication@7f81376f
----------------- Done invoking toplevel() on ptolemy.moml.MoMLSimpleApplication@7f81376f
reloadAllAccessors: .Expression5

===========================================================================================
----------------- testing Thu Oct 10 16:47:02 UTC 2019 /home/travis/build/icyphy/ptII/ptolemy/actor/lib/test/auto/Expression6.xml
----------------- Instantiating /home/travis/build/icyphy/ptII/ptolemy/actor/lib/test/auto/Expression6.xml
2 ms. Memory: 410624K Free: 148260K (36%)
----------------- Invoking toplevel() on ptolemy.moml.MoMLSimpleApplication@49965d45
----------------- Done invoking toplevel() on ptolemy.moml.MoMLSimpleApplication@49965d45
reloadAllAccessors: .Expression6

===========================================================================================
----------------- testing Thu Oct 10 16:47:02 UTC 2019 /home/travis/build/icyphy/ptII/ptolemy/actor/lib/test/auto/Expression7.xml
----------------- Instantiating /home/travis/build/icyphy/ptII/ptolemy/actor/lib/test/auto/Expression7.xml
3 ms. Memory: 410624K Free: 142626K (35%)
----------------- Invoking toplevel() on ptolemy.moml.MoMLSimpleApplication@21a3529b
----------------- Done invoking toplevel() on ptolemy.moml.MoMLSimpleApplication@21a3529b
reloadAllAccessors: .Expression7

===========================================================================================
----------------- testing Thu Oct 10 16:47:02 UTC 2019 /home/travis/build/icyphy/ptII/ptolemy/actor/lib/test/auto/Expression8.xml
----------------- Instantiating /home/travis/build/icyphy/ptII/ptolemy/actor/lib/test/auto/Expression8.xml
10 ms. Memory: 410624K Free: 137506K (33%)
----------------- Invoking toplevel() on ptolemy.moml.MoMLSimpleApplication@2cfd8bb0
----------------- Done invoking toplevel() on ptolemy.moml.MoMLSimpleApplication@2cfd8bb0
reloadAllAccessors: .Expression8

===========================================================================================
----------------- testing Thu Oct 10 16:47:02 UTC 2019 /home/travis/build/icyphy/ptII/ptolemy/actor/lib/test/auto/Expression9.xml
----------------- Instantiating /home/travis/build/icyphy/ptII/ptolemy/actor/lib/test/auto/Expression9.xml
2 ms. Memory: 410624K Free: 133410K (32%)
----------------- Invoking toplevel() on ptolemy.moml.MoMLSimpleApplication@7d862d00
----------------- Done invoking toplevel() on ptolemy.moml.MoMLSimpleApplication@7d862d00
reloadAllAccessors: .Expression9

===========================================================================================
----------------- testing Thu Oct 10 16:47:02 UTC 2019 /home/travis/build/icyphy/ptII/ptolemy/actor/lib/test/auto/ExpressionConcatenateArrayType.xml
----------------- Instantiating /home/travis/build/icyphy/ptII/ptolemy/actor/lib/test/auto/ExpressionConcatenateArrayType.xml
3 ms. Memory: 410624K Free: 127266K (31%)
----------------- Invoking toplevel() on ptolemy.moml.MoMLSimpleApplication@1e75714d
----------------- Done invoking toplevel() on ptolemy.moml.MoMLSimpleApplication@1e75714d
reloadAllAccessors: .ExpressionConcatenateArrayType

===========================================================================================
----------------- testing Thu Oct 10 16:47:02 UTC 2019 /home/travis/build/icyphy/ptII/ptolemy/actor/lib/test/auto/ExpressionConcatenateArrayType2.xml
----------------- Instantiating /home/travis/build/icyphy/ptII/ptolemy/actor/lib/test/auto/ExpressionConcatenateArrayType2.xml
3 ms. Memory: 410624K Free: 121122K (29%)
----------------- Invoking toplevel() on ptolemy.moml.MoMLSimpleApplication@2943f0e9
----------------- Done invoking toplevel() on ptolemy.moml.MoMLSimpleApplication@2943f0e9
reloadAllAccessors: .ExpressionConcatenateArrayType2

===========================================================================================
----------------- testing Thu Oct 10 16:47:02 UTC 2019 /home/travis/build/icyphy/ptII/ptolemy/actor/lib/test/auto/ExpressionFix.xml
----------------- Instantiating /home/travis/build/icyphy/ptII/ptolemy/actor/lib/test/auto/ExpressionFix.xml
14 ms. Memory: 410624K Free: 357446K (87%)
----------------- Invoking toplevel() on ptolemy.moml.MoMLSimpleApplication@290487c4
----------------- Done invoking toplevel() on ptolemy.moml.MoMLSimpleApplication@290487c4
reloadAllAccessors: .ExpressionFix

===========================================================================================
----------------- testing Thu Oct 10 16:47:02 UTC 2019 /home/travis/build/icyphy/ptII/ptolemy/actor/lib/test/auto/ExpressionFix2.xml
----------------- Instantiating /home/travis/build/icyphy/ptII/ptolemy/actor/lib/test/auto/ExpressionFix2.xml
7 ms. Memory: 410624K Free: 353352K (86%)
----------------- Invoking toplevel() on ptolemy.moml.MoMLSimpleApplication@29f540ed
----------------- Done invoking toplevel() on ptolemy.moml.MoMLSimpleApplication@29f540ed
reloadAllAccessors: .ExpressionFix2

===========================================================================================
----------------- testing Thu Oct 10 16:47:02 UTC 2019 /home/travis/build/icyphy/ptII/ptolemy/actor/lib/test/auto/ExpressionFix3.xml
----------------- Instantiating /home/travis/build/icyphy/ptII/ptolemy/actor/lib/test/auto/ExpressionFix3.xml
3 ms. Memory: 410624K Free: 348742K (85%)
----------------- Invoking toplevel() on ptolemy.moml.MoMLSimpleApplication@5585be1a
----------------- Done invoking toplevel() on ptolemy.moml.MoMLSimpleApplication@5585be1a
reloadAllAccessors: .ExpressionFix3

===========================================================================================
----------------- testing Thu Oct 10 16:47:02 UTC 2019 /home/travis/build/icyphy/ptII/ptolemy/actor/lib/test/auto/FileWriter1.xml
----------------- Instantiating /home/travis/build/icyphy/ptII/ptolemy/actor/lib/test/auto/FileWriter1.xml
2 ms. Memory: 410624K Free: 344646K (84%)
----------------- Invoking toplevel() on ptolemy.moml.MoMLSimpleApplication@7fda68bf
----------------- Done invoking toplevel() on ptolemy.moml.MoMLSimpleApplication@7fda68bf
reloadAllAccessors: .FileWriter1

===========================================================================================
----------------- testing Thu Oct 10 16:47:02 UTC 2019 /home/travis/build/icyphy/ptII/ptolemy/actor/lib/test/auto/FileWriter2.xml
----------------- Instantiating /home/travis/build/icyphy/ptII/ptolemy/actor/lib/test/auto/FileWriter2.xml
3 ms. Memory: 410624K Free: 340040K (83%)
----------------- Invoking toplevel() on ptolemy.moml.MoMLSimpleApplication@64bca492
----------------- Done invoking toplevel() on ptolemy.moml.MoMLSimpleApplication@64bca492
reloadAllAccessors: .FileWriter2

===========================================================================================
----------------- testing Thu Oct 10 16:47:02 UTC 2019 /home/travis/build/icyphy/ptII/ptolemy/actor/lib/test/auto/FileWriter3.xml
----------------- Instantiating /home/travis/build/icyphy/ptII/ptolemy/actor/lib/test/auto/FileWriter3.xml
2 ms. Memory: 410624K Free: 335944K (82%)
----------------- Invoking toplevel() on ptolemy.moml.MoMLSimpleApplication@3c96cd18
----------------- Done invoking toplevel() on ptolemy.moml.MoMLSimpleApplication@3c96cd18
reloadAllAccessors: .FileWriter3

===========================================================================================
----------------- testing Thu Oct 10 16:47:02 UTC 2019 /home/travis/build/icyphy/ptII/ptolemy/actor/lib/test/auto/Gaussian.xml
----------------- Instantiating /home/travis/build/icyphy/ptII/ptolemy/actor/lib/test/auto/Gaussian.xml
4 ms. Memory: 410624K Free: 331334K (81%)
----------------- Invoking toplevel() on ptolemy.moml.MoMLSimpleApplication@67bb8c57
----------------- Done invoking toplevel() on ptolemy.moml.MoMLSimpleApplication@67bb8c57
reloadAllAccessors: .Gaussian

===========================================================================================
----------------- testing Thu Oct 10 16:47:02 UTC 2019 /home/travis/build/icyphy/ptII/ptolemy/actor/lib/test/auto/Gaussian1.xml
----------------- Instantiating /home/travis/build/icyphy/ptII/ptolemy/actor/lib/test/auto/Gaussian1.xml
12 ms. Memory: 410624K Free: 325704K (79%)
----------------- Invoking toplevel() on ptolemy.moml.MoMLSimpleApplication@21e9ea2f
----------------- Done invoking toplevel() on ptolemy.moml.MoMLSimpleApplication@21e9ea2f
reloadAllAccessors: .Gaussian1

===========================================================================================
----------------- testing Thu Oct 10 16:47:02 UTC 2019 /home/travis/build/icyphy/ptII/ptolemy/actor/lib/test/auto/Gaussian2.xml
----------------- Instantiating /home/travis/build/icyphy/ptII/ptolemy/actor/lib/test/auto/Gaussian2.xml
11 ms. Memory: 410624K Free: 320056K (78%)
----------------- Invoking toplevel() on ptolemy.moml.MoMLSimpleApplication@36a85171
----------------- Done invoking toplevel() on ptolemy.moml.MoMLSimpleApplication@36a85171
reloadAllAccessors: .Gaussian2

===========================================================================================
----------------- testing Thu Oct 10 16:47:02 UTC 2019 /home/travis/build/icyphy/ptII/ptolemy/actor/lib/test/auto/GradientAdaptiveLattice.xml
----------------- Instantiating /home/travis/build/icyphy/ptII/ptolemy/actor/lib/test/auto/GradientAdaptiveLattice.xml
5 ms. Memory: 410624K Free: 314950K (77%)
----------------- Invoking toplevel() on ptolemy.moml.MoMLSimpleApplication@28526775
----------------- Done invoking toplevel() on ptolemy.moml.MoMLSimpleApplication@28526775
reloadAllAccessors: .GradientAdaptiveLattice

===========================================================================================
----------------- testing Thu Oct 10 16:47:02 UTC 2019 /home/travis/build/icyphy/ptII/ptolemy/actor/lib/test/auto/IIR.xml
----------------- Instantiating /home/travis/build/icyphy/ptII/ptolemy/actor/lib/test/auto/IIR.xml
2 ms. Memory: 410624K Free: 310854K (76%)
----------------- Invoking toplevel() on ptolemy.moml.MoMLSimpleApplication@415c91b2
----------------- Done invoking toplevel() on ptolemy.moml.MoMLSimpleApplication@415c91b2
reloadAllAccessors: .IIR

===========================================================================================
----------------- testing Thu Oct 10 16:47:02 UTC 2019 /home/travis/build/icyphy/ptII/ptolemy/actor/lib/test/auto/InputOutputTransparentPorts.xml
----------------- Instantiating /home/travis/build/icyphy/ptII/ptolemy/actor/lib/test/auto/InputOutputTransparentPorts.xml
1 ms. Memory: 410624K Free: 303686K (74%)
----------------- Invoking toplevel() on ptolemy.moml.MoMLSimpleApplication@7e682f4b
----------------- Done invoking toplevel() on ptolemy.moml.MoMLSimpleApplication@7e682f4b
reloadAllAccessors: .InputOutputTransparentPorts

===========================================================================================
----------------- testing Thu Oct 10 16:47:02 UTC 2019 /home/travis/build/icyphy/ptII/ptolemy/actor/lib/test/auto/Interpolator.xml
----------------- Instantiating /home/travis/build/icyphy/ptII/ptolemy/actor/lib/test/auto/Interpolator.xml
5 ms. Memory: 410624K Free: 299590K (73%)
----------------- Invoking toplevel() on ptolemy.moml.MoMLSimpleApplication@b24a71e
----------------- Done invoking toplevel() on ptolemy.moml.MoMLSimpleApplication@b24a71e
reloadAllAccessors: .Interpolator

===========================================================================================
----------------- testing Thu Oct 10 16:47:02 UTC 2019 /home/travis/build/icyphy/ptII/ptolemy/actor/lib/test/auto/InterpolatorFiringLimitDE.xml
----------------- Instantiating /home/travis/build/icyphy/ptII/ptolemy/actor/lib/test/auto/InterpolatorFiringLimitDE.xml
2 ms. Memory: 410624K Free: 293446K (71%)
----------------- Invoking toplevel() on ptolemy.moml.MoMLSimpleApplication@48e3f685
----------------- Done invoking toplevel() on ptolemy.moml.MoMLSimpleApplication@48e3f685
reloadAllAccessors: .InterpolatorFiringLimitDE

===========================================================================================
----------------- testing Thu Oct 10 16:47:02 UTC 2019 /home/travis/build/icyphy/ptII/ptolemy/actor/lib/test/auto/Lattice.xml
----------------- Instantiating /home/travis/build/icyphy/ptII/ptolemy/actor/lib/test/auto/Lattice.xml
1 ms. Memory: 410624K Free: 289350K (70%)
----------------- Invoking toplevel() on ptolemy.moml.MoMLSimpleApplication@7f30d06e
----------------- Done invoking toplevel() on ptolemy.moml.MoMLSimpleApplication@7f30d06e
reloadAllAccessors: .Lattice

===========================================================================================
----------------- testing Thu Oct 10 16:47:02 UTC 2019 /home/travis/build/icyphy/ptII/ptolemy/actor/lib/test/auto/LazyAOCTestLazy.xml
----------------- Instantiating /home/travis/build/icyphy/ptII/ptolemy/actor/lib/test/auto/LazyAOCTestLazy.xml
9 ms. Memory: 410624K Free: 283206K (69%)
----------------- Invoking toplevel() on ptolemy.moml.MoMLSimpleApplication@7fa898da
----------------- Done invoking toplevel() on ptolemy.moml.MoMLSimpleApplication@7fa898da
reloadAllAccessors: .LazyAOCTestLazy

===========================================================================================
----------------- testing Thu Oct 10 16:47:02 UTC 2019 /home/travis/build/icyphy/ptII/ptolemy/actor/lib/test/auto/LazyAOCTestNonLazy.xml
----------------- Instantiating /home/travis/build/icyphy/ptII/ptolemy/actor/lib/test/auto/LazyAOCTestNonLazy.xml
2 ms. Memory: 410624K Free: 277062K (67%)
----------------- Invoking toplevel() on ptolemy.moml.MoMLSimpleApplication@6a4aa809
----------------- Done invoking toplevel() on ptolemy.moml.MoMLSimpleApplication@6a4aa809
reloadAllAccessors: .LazyAOCTestNonLazy

===========================================================================================
----------------- testing Thu Oct 10 16:47:02 UTC 2019 /home/travis/build/icyphy/ptII/ptolemy/actor/lib/test/auto/LazyInnerClass.xml
----------------- Instantiating /home/travis/build/icyphy/ptII/ptolemy/actor/lib/test/auto/LazyInnerClass.xml
28 ms. Memory: 410624K Free: 267832K (65%)
----------------- Invoking toplevel() on ptolemy.moml.MoMLSimpleApplication@69cf0097
----------------- Done invoking toplevel() on ptolemy.moml.MoMLSimpleApplication@69cf0097
reloadAllAccessors: .LazyInnerClass

===========================================================================================
----------------- testing Thu Oct 10 16:47:02 UTC 2019 /home/travis/build/icyphy/ptII/ptolemy/actor/lib/test/auto/LazyPubSub.xml
----------------- Instantiating /home/travis/build/icyphy/ptII/ptolemy/actor/lib/test/auto/LazyPubSub.xml
27 ms. Memory: 410624K Free: 257096K (63%)
----------------- Invoking toplevel() on ptolemy.moml.MoMLSimpleApplication@5d60f74e
----------------- Done invoking toplevel() on ptolemy.moml.MoMLSimpleApplication@5d60f74e
reloadAllAccessors: .LazyPubSub

===========================================================================================
----------------- testing Thu Oct 10 16:47:02 UTC 2019 /home/travis/build/icyphy/ptII/ptolemy/actor/lib/test/auto/LazyPubSub2.xml
----------------- Instantiating /home/travis/build/icyphy/ptII/ptolemy/actor/lib/test/auto/LazyPubSub2.xml
23 ms. Memory: 410624K Free: 246856K (60%)
----------------- Invoking toplevel() on ptolemy.moml.MoMLSimpleApplication@16d56a70
----------------- Done invoking toplevel() on ptolemy.moml.MoMLSimpleApplication@16d56a70
reloadAllAccessors: .LazyPubSub2

===========================================================================================
----------------- testing Thu Oct 10 16:47:03 UTC 2019 /home/travis/build/icyphy/ptII/ptolemy/actor/lib/test/auto/LazyPubSub3.xml
----------------- Instantiating /home/travis/build/icyphy/ptII/ptolemy/actor/lib/test/auto/LazyPubSub3.xml
11 ms. Memory: 410624K Free: 236616K (58%)
----------------- Invoking toplevel() on ptolemy.moml.MoMLSimpleApplication@538ec2ef
----------------- Done invoking toplevel() on ptolemy.moml.MoMLSimpleApplication@538ec2ef
reloadAllAccessors: .LazyPubSub3

===========================================================================================
----------------- testing Thu Oct 10 16:47:03 UTC 2019 /home/travis/build/icyphy/ptII/ptolemy/actor/lib/test/auto/LazySubClassModel.xml
----------------- Instantiating /home/travis/build/icyphy/ptII/ptolemy/actor/lib/test/auto/LazySubClassModel.xml
4 ms. Memory: 410624K Free: 227400K (55%)
----------------- Invoking toplevel() on ptolemy.moml.MoMLSimpleApplication@609ba449
----------------- Done invoking toplevel() on ptolemy.moml.MoMLSimpleApplication@609ba449
reloadAllAccessors: .LazySubClassModel

===========================================================================================
----------------- testing Thu Oct 10 16:47:03 UTC 2019 /home/travis/build/icyphy/ptII/ptolemy/actor/lib/test/auto/LevelCrossTest1.xml
----------------- Instantiating /home/travis/build/icyphy/ptII/ptolemy/actor/lib/test/auto/LevelCrossTest1.xml
2 ms. Memory: 410624K Free: 221766K (54%)
----------------- Invoking toplevel() on ptolemy.moml.MoMLSimpleApplication@5d587ff1
----------------- Done invoking toplevel() on ptolemy.moml.MoMLSimpleApplication@5d587ff1
reloadAllAccessors: .broken

===========================================================================================
----------------- testing Thu Oct 10 16:47:03 UTC 2019 /home/travis/build/icyphy/ptII/ptolemy/actor/lib/test/auto/LevelCrossTest10.xml
----------------- Instantiating /home/travis/build/icyphy/ptII/ptolemy/actor/lib/test/auto/LevelCrossTest10.xml
1 ms. Memory: 410624K Free: 215112K (52%)
----------------- Invoking toplevel() on ptolemy.moml.MoMLSimpleApplication@6359831c
----------------- Done invoking toplevel() on ptolemy.moml.MoMLSimpleApplication@6359831c
reloadAllAccessors: .LevelCrossTest10

===========================================================================================
----------------- testing Thu Oct 10 16:47:03 UTC 2019 /home/travis/build/icyphy/ptII/ptolemy/actor/lib/test/auto/LevelCrossTest11.xml
----------------- Instantiating /home/travis/build/icyphy/ptII/ptolemy/actor/lib/test/auto/LevelCrossTest11.xml
2 ms. Memory: 410624K Free: 207944K (51%)
----------------- Invoking toplevel() on ptolemy.moml.MoMLSimpleApplication@529ba4e3
----------------- Done invoking toplevel() on ptolemy.moml.MoMLSimpleApplication@529ba4e3
reloadAllAccessors: .LevelCrossTest11

===========================================================================================
----------------- testing Thu Oct 10 16:47:03 UTC 2019 /home/travis/build/icyphy/ptII/ptolemy/actor/lib/test/auto/LevelCrossTest12.xml
----------------- Instantiating /home/travis/build/icyphy/ptII/ptolemy/actor/lib/test/auto/LevelCrossTest12.xml
1 ms. Memory: 410624K Free: 200776K (49%)
----------------- Invoking toplevel() on ptolemy.moml.MoMLSimpleApplication@31499da8
----------------- Done invoking toplevel() on ptolemy.moml.MoMLSimpleApplication@31499da8
reloadAllAccessors: .LevelCrossTest12

===========================================================================================
----------------- testing Thu Oct 10 16:47:03 UTC 2019 /home/travis/build/icyphy/ptII/ptolemy/actor/lib/test/auto/LevelCrossTest13.xml
----------------- Instantiating /home/travis/build/icyphy/ptII/ptolemy/actor/lib/test/auto/LevelCrossTest13.xml
2 ms. Memory: 410624K Free: 192584K (47%)
----------------- Invoking toplevel() on ptolemy.moml.MoMLSimpleApplication@3252c5f2
----------------- Done invoking toplevel() on ptolemy.moml.MoMLSimpleApplication@3252c5f2
reloadAllAccessors: .LevelCrossTest13

===========================================================================================
----------------- testing Thu Oct 10 16:47:03 UTC 2019 /home/travis/build/icyphy/ptII/ptolemy/actor/lib/test/auto/LevelCrossTest2.xml
----------------- Instantiating /home/travis/build/icyphy/ptII/ptolemy/actor/lib/test/auto/LevelCrossTest2.xml
1 ms. Memory: 410624K Free: 186950K (46%)
----------------- Invoking toplevel() on ptolemy.moml.MoMLSimpleApplication@4bab4b42
----------------- Done invoking toplevel() on ptolemy.moml.MoMLSimpleApplication@4bab4b42
reloadAllAccessors: .broken

===========================================================================================
----------------- testing Thu Oct 10 16:47:03 UTC 2019 /home/travis/build/icyphy/ptII/ptolemy/actor/lib/test/auto/LevelCrossTest3.xml
----------------- Instantiating /home/travis/build/icyphy/ptII/ptolemy/actor/lib/test/auto/LevelCrossTest3.xml
1 ms. Memory: 410624K Free: 180296K (44%)
----------------- Invoking toplevel() on ptolemy.moml.MoMLSimpleApplication@27731b8c
----------------- Done invoking toplevel() on ptolemy.moml.MoMLSimpleApplication@27731b8c
reloadAllAccessors: .LevelCrossTest3

===========================================================================================
----------------- testing Thu Oct 10 16:47:03 UTC 2019 /home/travis/build/icyphy/ptII/ptolemy/actor/lib/test/auto/LevelCrossTest4.xml
----------------- Instantiating /home/travis/build/icyphy/ptII/ptolemy/actor/lib/test/auto/LevelCrossTest4.xml
1 ms. Memory: 410624K Free: 175176K (43%)
----------------- Invoking toplevel() on ptolemy.moml.MoMLSimpleApplication@5f8e3718
----------------- Done invoking toplevel() on ptolemy.moml.MoMLSimpleApplication@5f8e3718
reloadAllAccessors: .broken

===========================================================================================
----------------- testing Thu Oct 10 16:47:03 UTC 2019 /home/travis/build/icyphy/ptII/ptolemy/actor/lib/test/auto/LevelCrossTest5.xml
----------------- Instantiating /home/travis/build/icyphy/ptII/ptolemy/actor/lib/test/auto/LevelCrossTest5.xml
1 ms. Memory: 410624K Free: 169032K (41%)
----------------- Invoking toplevel() on ptolemy.moml.MoMLSimpleApplication@7ba201fd
----------------- Done invoking toplevel() on ptolemy.moml.MoMLSimpleApplication@7ba201fd
reloadAllAccessors: .LevelCrossTest5

===========================================================================================
----------------- testing Thu Oct 10 16:47:03 UTC 2019 /home/travis/build/icyphy/ptII/ptolemy/actor/lib/test/auto/LevelCrossTest6.xml
----------------- Instantiating /home/travis/build/icyphy/ptII/ptolemy/actor/lib/test/auto/LevelCrossTest6.xml
1 ms. Memory: 410624K Free: 161864K (39%)
----------------- Invoking toplevel() on ptolemy.moml.MoMLSimpleApplication@502b3cc0
----------------- Done invoking toplevel() on ptolemy.moml.MoMLSimpleApplication@502b3cc0
reloadAllAccessors: .LevelCrossTest6

===========================================================================================
----------------- testing Thu Oct 10 16:47:03 UTC 2019 /home/travis/build/icyphy/ptII/ptolemy/actor/lib/test/auto/LevelCrossTest7.xml
----------------- Instantiating /home/travis/build/icyphy/ptII/ptolemy/actor/lib/test/auto/LevelCrossTest7.xml
1 ms. Memory: 410624K Free: 154182K (38%)
----------------- Invoking toplevel() on ptolemy.moml.MoMLSimpleApplication@478669c6
----------------- Done invoking toplevel() on ptolemy.moml.MoMLSimpleApplication@478669c6
reloadAllAccessors: .LevelCrossTest7

===========================================================================================
----------------- testing Thu Oct 10 16:47:03 UTC 2019 /home/travis/build/icyphy/ptII/ptolemy/actor/lib/test/auto/LevelCrossTest8.xml
----------------- Instantiating /home/travis/build/icyphy/ptII/ptolemy/actor/lib/test/auto/LevelCrossTest8.xml
4 ms. Memory: 410624K Free: 147014K (36%)
----------------- Invoking toplevel() on ptolemy.moml.MoMLSimpleApplication@126be235
----------------- Done invoking toplevel() on ptolemy.moml.MoMLSimpleApplication@126be235
reloadAllAccessors: .LevelCrossTest8

===========================================================================================
----------------- testing Thu Oct 10 16:47:03 UTC 2019 /home/travis/build/icyphy/ptII/ptolemy/actor/lib/test/auto/LevelCrossTest9.xml
----------------- Instantiating /home/travis/build/icyphy/ptII/ptolemy/actor/lib/test/auto/LevelCrossTest9.xml
3 ms. Memory: 410624K Free: 140360K (34%)
----------------- Invoking toplevel() on ptolemy.moml.MoMLSimpleApplication@2aeac119
----------------- Done invoking toplevel() on ptolemy.moml.MoMLSimpleApplication@2aeac119
reloadAllAccessors: .LevelCrossTest9

===========================================================================================
----------------- testing Thu Oct 10 16:47:03 UTC 2019 /home/travis/build/icyphy/ptII/ptolemy/actor/lib/test/auto/LevinsonDurbin.xml
----------------- Instantiating /home/travis/build/icyphy/ptII/ptolemy/actor/lib/test/auto/LevinsonDurbin.xml
11 ms. Memory: 410624K Free: 135750K (33%)
----------------- Invoking toplevel() on ptolemy.moml.MoMLSimpleApplication@e17dac7
----------------- Done invoking toplevel() on ptolemy.moml.MoMLSimpleApplication@e17dac7
reloadAllAccessors: .LevinsonDurbin

===========================================================================================
----------------- testing Thu Oct 10 16:47:03 UTC 2019 /home/travis/build/icyphy/ptII/ptolemy/actor/lib/test/auto/LevinsonDurbin2.xml
----------------- Instantiating /home/travis/build/icyphy/ptII/ptolemy/actor/lib/test/auto/LevinsonDurbin2.xml
7 ms. Memory: 410624K Free: 131654K (32%)
----------------- Invoking toplevel() on ptolemy.moml.MoMLSimpleApplication@3762e684
----------------- Done invoking toplevel() on ptolemy.moml.MoMLSimpleApplication@3762e684
reloadAllAccessors: .LevinsonDurbin2

===========================================================================================
----------------- testing Thu Oct 10 16:47:03 UTC 2019 /home/travis/build/icyphy/ptII/ptolemy/actor/lib/test/auto/LevinsonDurbin3.xml
----------------- Instantiating /home/travis/build/icyphy/ptII/ptolemy/actor/lib/test/auto/LevinsonDurbin3.xml
3 ms. Memory: 410624K Free: 127558K (31%)
----------------- Invoking toplevel() on ptolemy.moml.MoMLSimpleApplication@5f70b3a6
----------------- Done invoking toplevel() on ptolemy.moml.MoMLSimpleApplication@5f70b3a6
reloadAllAccessors: .LevinsonDurbin3

===========================================================================================
----------------- testing Thu Oct 10 16:47:03 UTC 2019 /home/travis/build/icyphy/ptII/ptolemy/actor/lib/test/auto/Limiter.xml
----------------- Instantiating /home/travis/build/icyphy/ptII/ptolemy/actor/lib/test/auto/Limiter.xml
17 ms. Memory: 410624K Free: 360793K (88%)
----------------- Invoking toplevel() on ptolemy.moml.MoMLSimpleApplication@26c4cdb8
----------------- Done invoking toplevel() on ptolemy.moml.MoMLSimpleApplication@26c4cdb8
reloadAllAccessors: .Limiter

===========================================================================================
----------------- testing Thu Oct 10 16:47:03 UTC 2019 /home/travis/build/icyphy/ptII/ptolemy/actor/lib/test/auto/LinearDifferenceEquationSystem.xml
----------------- Instantiating /home/travis/build/icyphy/ptII/ptolemy/actor/lib/test/auto/LinearDifferenceEquationSystem.xml
10 ms. Memory: 410624K Free: 352867K (86%)
----------------- Invoking toplevel() on ptolemy.moml.MoMLSimpleApplication@509ae962
----------------- Done invoking toplevel() on ptolemy.moml.MoMLSimpleApplication@509ae962
reloadAllAccessors: .LinearDifferenceEquationSystem

===========================================================================================
----------------- testing Thu Oct 10 16:47:03 UTC 2019 /home/travis/build/icyphy/ptII/ptolemy/actor/lib/test/auto/LookupTable.xml
----------------- Instantiating /home/travis/build/icyphy/ptII/ptolemy/actor/lib/test/auto/LookupTable.xml
2 ms. Memory: 410624K Free: 348257K (85%)
----------------- Invoking toplevel() on ptolemy.moml.MoMLSimpleApplication@67288e93
----------------- Done invoking toplevel() on ptolemy.moml.MoMLSimpleApplication@67288e93
reloadAllAccessors: .LookupTable

===========================================================================================
----------------- testing Thu Oct 10 16:47:03 UTC 2019 /home/travis/build/icyphy/ptII/ptolemy/actor/lib/test/auto/MathFunction.xml
----------------- Instantiating /home/travis/build/icyphy/ptII/ptolemy/actor/lib/test/auto/MathFunction.xml
2 ms. Memory: 410624K Free: 340065K (83%)
----------------- Invoking toplevel() on ptolemy.moml.MoMLSimpleApplication@52a42aad
----------------- Done invoking toplevel() on ptolemy.moml.MoMLSimpleApplication@52a42aad
reloadAllAccessors: .MathFunction

===========================================================================================
----------------- testing Thu Oct 10 16:47:03 UTC 2019 /home/travis/build/icyphy/ptII/ptolemy/actor/lib/test/auto/MathFunction2.xml
----------------- Instantiating /home/travis/build/icyphy/ptII/ptolemy/actor/lib/test/auto/MathFunction2.xml
5 ms. Memory: 410624K Free: 335969K (82%)
----------------- Invoking toplevel() on ptolemy.moml.MoMLSimpleApplication@7501487d
----------------- Done invoking toplevel() on ptolemy.moml.MoMLSimpleApplication@7501487d
reloadAllAccessors: .MathFunction2

===========================================================================================
----------------- testing Thu Oct 10 16:47:03 UTC 2019 /home/travis/build/icyphy/ptII/ptolemy/actor/lib/test/auto/MathFunction3.xml
----------------- Instantiating /home/travis/build/icyphy/ptII/ptolemy/actor/lib/test/auto/MathFunction3.xml
3 ms. Memory: 410624K Free: 328801K (80%)
----------------- Invoking toplevel() on ptolemy.moml.MoMLSimpleApplication@6a8b1890
----------------- Done invoking toplevel() on ptolemy.moml.MoMLSimpleApplication@6a8b1890
reloadAllAccessors: .MathFunction3

===========================================================================================
----------------- testing Thu Oct 10 16:47:03 UTC 2019 /home/travis/build/icyphy/ptII/ptolemy/actor/lib/test/auto/MatrixCropBoolean.xml
----------------- Instantiating /home/travis/build/icyphy/ptII/ptolemy/actor/lib/test/auto/MatrixCropBoolean.xml
2 ms. Memory: 410624K Free: 323651K (79%)
----------------- Invoking toplevel() on ptolemy.moml.MoMLSimpleApplication@465abd4c
----------------- Done invoking toplevel() on ptolemy.moml.MoMLSimpleApplication@465abd4c
reloadAllAccessors: .MatrixCropBoolean

===========================================================================================
----------------- testing Thu Oct 10 16:47:03 UTC 2019 /home/travis/build/icyphy/ptII/ptolemy/actor/lib/test/auto/MatrixCropComplex.xml
----------------- Instantiating /home/travis/build/icyphy/ptII/ptolemy/actor/lib/test/auto/MatrixCropComplex.xml
2 ms. Memory: 410624K Free: 319075K (78%)
----------------- Invoking toplevel() on ptolemy.moml.MoMLSimpleApplication@6d5b021f
----------------- Done invoking toplevel() on ptolemy.moml.MoMLSimpleApplication@6d5b021f
reloadAllAccessors: .MatrixCropComplex

===========================================================================================
----------------- testing Thu Oct 10 16:47:03 UTC 2019 /home/travis/build/icyphy/ptII/ptolemy/actor/lib/test/auto/MatrixCropDouble.xml
----------------- Instantiating /home/travis/build/icyphy/ptII/ptolemy/actor/lib/test/auto/MatrixCropDouble.xml
3 ms. Memory: 410624K Free: 313427K (76%)
----------------- Invoking toplevel() on ptolemy.moml.MoMLSimpleApplication@72cde625
----------------- Done invoking toplevel() on ptolemy.moml.MoMLSimpleApplication@72cde625
reloadAllAccessors: .MatrixCropDouble

===========================================================================================
----------------- testing Thu Oct 10 16:47:03 UTC 2019 /home/travis/build/icyphy/ptII/ptolemy/actor/lib/test/auto/MatrixCropFix.xml
----------------- Instantiating /home/travis/build/icyphy/ptII/ptolemy/actor/lib/test/auto/MatrixCropFix.xml
2 ms. Memory: 410624K Free: 308307K (75%)
----------------- Invoking toplevel() on ptolemy.moml.MoMLSimpleApplication@11b3d1fa
----------------- Done invoking toplevel() on ptolemy.moml.MoMLSimpleApplication@11b3d1fa
reloadAllAccessors: .MatrixCropFix

===========================================================================================
----------------- testing Thu Oct 10 16:47:03 UTC 2019 /home/travis/build/icyphy/ptII/ptolemy/actor/lib/test/auto/MatrixCropInt.xml
----------------- Instantiating /home/travis/build/icyphy/ptII/ptolemy/actor/lib/test/auto/MatrixCropInt.xml
2 ms. Memory: 410624K Free: 303187K (74%)
----------------- Invoking toplevel() on ptolemy.moml.MoMLSimpleApplication@4f0e10c9
----------------- Done invoking toplevel() on ptolemy.moml.MoMLSimpleApplication@4f0e10c9
reloadAllAccessors: .MatrixCropInt

===========================================================================================
----------------- testing Thu Oct 10 16:47:03 UTC 2019 /home/travis/build/icyphy/ptII/ptolemy/actor/lib/test/auto/MatrixCropLong.xml
----------------- Instantiating /home/travis/build/icyphy/ptII/ptolemy/actor/lib/test/auto/MatrixCropLong.xml
2 ms. Memory: 410624K Free: 298067K (73%)
----------------- Invoking toplevel() on ptolemy.moml.MoMLSimpleApplication@3f383d39
----------------- Done invoking toplevel() on ptolemy.moml.MoMLSimpleApplication@3f383d39
reloadAllAccessors: .MatrixCropLong

===========================================================================================
----------------- testing Thu Oct 10 16:47:03 UTC 2019 /home/travis/build/icyphy/ptII/ptolemy/actor/lib/test/auto/MatrixToArray.xml
----------------- Instantiating /home/travis/build/icyphy/ptII/ptolemy/actor/lib/test/auto/MatrixToArray.xml
7 ms. Memory: 410624K Free: 283235K (69%)
----------------- Invoking toplevel() on ptolemy.moml.MoMLSimpleApplication@22fd9397
----------------- Done invoking toplevel() on ptolemy.moml.MoMLSimpleApplication@22fd9397
reloadAllAccessors: .MatrixToArray

===========================================================================================
----------------- testing Thu Oct 10 16:47:03 UTC 2019 /home/travis/build/icyphy/ptII/ptolemy/actor/lib/test/auto/MaxIndex.xml
----------------- Instantiating /home/travis/build/icyphy/ptII/ptolemy/actor/lib/test/auto/MaxIndex.xml
8 ms. Memory: 410624K Free: 278115K (68%)
----------------- Invoking toplevel() on ptolemy.moml.MoMLSimpleApplication@527eb694
----------------- Done invoking toplevel() on ptolemy.moml.MoMLSimpleApplication@527eb694
reloadAllAccessors: .MaxIndex

===========================================================================================
----------------- testing Thu Oct 10 16:47:03 UTC 2019 /home/travis/build/icyphy/ptII/ptolemy/actor/lib/test/auto/Maximum.xml
----------------- Instantiating /home/travis/build/icyphy/ptII/ptolemy/actor/lib/test/auto/Maximum.xml
4 ms. Memory: 410624K Free: 271427K (66%)
----------------- Invoking toplevel() on ptolemy.moml.MoMLSimpleApplication@727f4aff
----------------- Done invoking toplevel() on ptolemy.moml.MoMLSimpleApplication@727f4aff
reloadAllAccessors: .Maximum

===========================================================================================
----------------- testing Thu Oct 10 16:47:03 UTC 2019 /home/travis/build/icyphy/ptII/ptolemy/actor/lib/test/auto/MaximumComplex.xml
----------------- Instantiating /home/travis/build/icyphy/ptII/ptolemy/actor/lib/test/auto/MaximumComplex.xml
4 ms. Memory: 410624K Free: 265299K (65%)
----------------- Invoking toplevel() on ptolemy.moml.MoMLSimpleApplication@7d5cca45
----------------- Done invoking toplevel() on ptolemy.moml.MoMLSimpleApplication@7d5cca45
reloadAllAccessors: .MaximumComplex

===========================================================================================
----------------- testing Thu Oct 10 16:47:03 UTC 2019 /home/travis/build/icyphy/ptII/ptolemy/actor/lib/test/auto/MethodCallTest.xml
----------------- Instantiating /home/travis/build/icyphy/ptII/ptolemy/actor/lib/test/auto/MethodCallTest.xml
3 ms. Memory: 410624K Free: 258659K (63%)
----------------- Invoking toplevel() on ptolemy.moml.MoMLSimpleApplication@326b6810
----------------- Done invoking toplevel() on ptolemy.moml.MoMLSimpleApplication@326b6810
reloadAllAccessors: .MethodCallTest

===========================================================================================
----------------- testing Thu Oct 10 16:47:03 UTC 2019 /home/travis/build/icyphy/ptII/ptolemy/actor/lib/test/auto/Minimum.xml
----------------- Instantiating /home/travis/build/icyphy/ptII/ptolemy/actor/lib/test/auto/Minimum.xml
3 ms. Memory: 410624K Free: 251987K (61%)
----------------- Invoking toplevel() on ptolemy.moml.MoMLSimpleApplication@6786f19c
----------------- Done invoking toplevel() on ptolemy.moml.MoMLSimpleApplication@6786f19c
reloadAllAccessors: .Minimum

===========================================================================================
----------------- testing Thu Oct 10 16:47:03 UTC 2019 /home/travis/build/icyphy/ptII/ptolemy/actor/lib/test/auto/MinimumComplex.xml
----------------- Instantiating /home/travis/build/icyphy/ptII/ptolemy/actor/lib/test/auto/MinimumComplex.xml
5 ms. Memory: 410624K Free: 245827K (60%)
----------------- Invoking toplevel() on ptolemy.moml.MoMLSimpleApplication@7a5b1c9a
----------------- Done invoking toplevel() on ptolemy.moml.MoMLSimpleApplication@7a5b1c9a
reloadAllAccessors: .MinimumComplex

===========================================================================================
----------------- testing Thu Oct 10 16:47:03 UTC 2019 /home/travis/build/icyphy/ptII/ptolemy/actor/lib/test/auto/MinimumMultiports.xml
----------------- Instantiating /home/travis/build/icyphy/ptII/ptolemy/actor/lib/test/auto/MinimumMultiports.xml
3 ms. Memory: 410624K Free: 237155K (58%)
----------------- Invoking toplevel() on ptolemy.moml.MoMLSimpleApplication@1e808caf
----------------- Done invoking toplevel() on ptolemy.moml.MoMLSimpleApplication@1e808caf
reloadAllAccessors: .MinimumMultiports

===========================================================================================
----------------- testing Thu Oct 10 16:47:03 UTC 2019 /home/travis/build/icyphy/ptII/ptolemy/actor/lib/test/auto/ModifyDate.xml
----------------- Instantiating /home/travis/build/icyphy/ptII/ptolemy/actor/lib/test/auto/ModifyDate.xml
10 ms. Memory: 410624K Free: 224353K (55%)
----------------- Invoking toplevel() on ptolemy.moml.MoMLSimpleApplication@16c62df1
----------------- Done invoking toplevel() on ptolemy.moml.MoMLSimpleApplication@16c62df1
reloadAllAccessors: .ModifyDate

===========================================================================================
----------------- testing Thu Oct 10 16:47:04 UTC 2019 /home/travis/build/icyphy/ptII/ptolemy/actor/lib/test/auto/ModifyDate2.xml
----------------- Instantiating /home/travis/build/icyphy/ptII/ptolemy/actor/lib/test/auto/ModifyDate2.xml
9 ms. Memory: 410624K Free: 215651K (53%)
----------------- Invoking toplevel() on ptolemy.moml.MoMLSimpleApplication@532ce948
----------------- Done invoking toplevel() on ptolemy.moml.MoMLSimpleApplication@532ce948
reloadAllAccessors: .ModifyDate2

===========================================================================================
----------------- testing Thu Oct 10 16:47:04 UTC 2019 /home/travis/build/icyphy/ptII/ptolemy/actor/lib/test/auto/MovingAverage.xml
----------------- Instantiating /home/travis/build/icyphy/ptII/ptolemy/actor/lib/test/auto/MovingAverage.xml
3 ms. Memory: 410624K Free: 210531K (51%)
----------------- Invoking toplevel() on ptolemy.moml.MoMLSimpleApplication@76d3650f
----------------- Done invoking toplevel() on ptolemy.moml.MoMLSimpleApplication@76d3650f
reloadAllAccessors: .MovingAverage

===========================================================================================
----------------- testing Thu Oct 10 16:47:04 UTC 2019 /home/travis/build/icyphy/ptII/ptolemy/actor/lib/test/auto/MovingMaximum.xml
----------------- Instantiating /home/travis/build/icyphy/ptII/ptolemy/actor/lib/test/auto/MovingMaximum.xml
2 ms. Memory: 410624K Free: 206435K (50%)
----------------- Invoking toplevel() on ptolemy.moml.MoMLSimpleApplication@25f4e3b2
----------------- Done invoking toplevel() on ptolemy.moml.MoMLSimpleApplication@25f4e3b2
reloadAllAccessors: .MovingMaximum

===========================================================================================
----------------- testing Thu Oct 10 16:47:04 UTC 2019 /home/travis/build/icyphy/ptII/ptolemy/actor/lib/test/auto/MultipleLinksToSameRelation.xml
----------------- Instantiating /home/travis/build/icyphy/ptII/ptolemy/actor/lib/test/auto/MultipleLinksToSameRelation.xml
2 ms. Memory: 410624K Free: 202339K (49%)
----------------- Invoking toplevel() on ptolemy.moml.MoMLSimpleApplication@16b142d9
----------------- Done invoking toplevel() on ptolemy.moml.MoMLSimpleApplication@16b142d9
reloadAllAccessors: .MultipleLinksToSameRelation

===========================================================================================
----------------- testing Thu Oct 10 16:47:04 UTC 2019 /home/travis/build/icyphy/ptII/ptolemy/actor/lib/test/auto/MultipleLinksToSameRelationDE.xml
----------------- Instantiating /home/travis/build/icyphy/ptII/ptolemy/actor/lib/test/auto/MultipleLinksToSameRelationDE.xml
1 ms. Memory: 410624K Free: 197699K (48%)
----------------- Invoking toplevel() on ptolemy.moml.MoMLSimpleApplication@17714bd3
----------------- Done invoking toplevel() on ptolemy.moml.MoMLSimpleApplication@17714bd3
reloadAllAccessors: .MultipleLinksToSameRelationDE

===========================================================================================
----------------- testing Thu Oct 10 16:47:04 UTC 2019 /home/travis/build/icyphy/ptII/ptolemy/actor/lib/test/auto/Multiplexor.xml
----------------- Instantiating /home/travis/build/icyphy/ptII/ptolemy/actor/lib/test/auto/Multiplexor.xml
2 ms. Memory: 410624K Free: 191585K (47%)
----------------- Invoking toplevel() on ptolemy.moml.MoMLSimpleApplication@712e85d7
----------------- Done invoking toplevel() on ptolemy.moml.MoMLSimpleApplication@712e85d7
reloadAllAccessors: .Multiplexor

===========================================================================================
----------------- testing Thu Oct 10 16:47:04 UTC 2019 /home/travis/build/icyphy/ptII/ptolemy/actor/lib/test/auto/Multiplexor1.xml
----------------- Instantiating /home/travis/build/icyphy/ptII/ptolemy/actor/lib/test/auto/Multiplexor1.xml
2 ms. Memory: 410624K Free: 185955K (45%)
----------------- Invoking toplevel() on ptolemy.moml.MoMLSimpleApplication@1cdd7819
----------------- Done invoking toplevel() on ptolemy.moml.MoMLSimpleApplication@1cdd7819
reloadAllAccessors: .Multiplexor1

===========================================================================================
----------------- testing Thu Oct 10 16:47:04 UTC 2019 /home/travis/build/icyphy/ptII/ptolemy/actor/lib/test/auto/Multiplexor2.xml
----------------- Instantiating /home/travis/build/icyphy/ptII/ptolemy/actor/lib/test/auto/Multiplexor2.xml
3 ms. Memory: 410624K Free: 179297K (44%)
----------------- Invoking toplevel() on ptolemy.moml.MoMLSimpleApplication@1f87249a
----------------- Done invoking toplevel() on ptolemy.moml.MoMLSimpleApplication@1f87249a
reloadAllAccessors: .Multiplexor2

===========================================================================================
----------------- testing Thu Oct 10 16:47:04 UTC 2019 /home/travis/build/icyphy/ptII/ptolemy/actor/lib/test/auto/Multiplexor3.xml
----------------- Instantiating /home/travis/build/icyphy/ptII/ptolemy/actor/lib/test/auto/Multiplexor3.xml
2 ms. Memory: 410624K Free: 175201K (43%)
----------------- Invoking toplevel() on ptolemy.moml.MoMLSimpleApplication@4fd6061
----------------- Done invoking toplevel() on ptolemy.moml.MoMLSimpleApplication@4fd6061
reloadAllAccessors: .Multiplexor3

===========================================================================================
----------------- testing Thu Oct 10 16:47:04 UTC 2019 /home/travis/build/icyphy/ptII/ptolemy/actor/lib/test/auto/MultiplexorDE.xml
----------------- Instantiating /home/travis/build/icyphy/ptII/ptolemy/actor/lib/test/auto/MultiplexorDE.xml
3 ms. Memory: 410624K Free: 167523K (41%)
----------------- Invoking toplevel() on ptolemy.moml.MoMLSimpleApplication@624a5e29
----------------- Done invoking toplevel() on ptolemy.moml.MoMLSimpleApplication@624a5e29
reloadAllAccessors: .MultiplexorDE

===========================================================================================
----------------- testing Thu Oct 10 16:47:04 UTC 2019 /home/travis/build/icyphy/ptII/ptolemy/actor/lib/test/auto/MultiportBroadcastTest.xml
----------------- Instantiating /home/travis/build/icyphy/ptII/ptolemy/actor/lib/test/auto/MultiportBroadcastTest.xml
102 ms. Memory: 410624K Free: 161379K (39%)
----------------- Invoking toplevel() on ptolemy.moml.MoMLSimpleApplication@5095581e
----------------- Done invoking toplevel() on ptolemy.moml.MoMLSimpleApplication@5095581e
reloadAllAccessors: .MultiportBroadcastTest

===========================================================================================
----------------- testing Thu Oct 10 16:47:04 UTC 2019 /home/travis/build/icyphy/ptII/ptolemy/actor/lib/test/auto/MultiportOutHangDuringGetWidth.xml
----------------- Instantiating /home/travis/build/icyphy/ptII/ptolemy/actor/lib/test/auto/MultiportOutHangDuringGetWidth.xml
5 ms. Memory: 410624K Free: 149587K (36%)
----------------- Invoking toplevel() on ptolemy.moml.MoMLSimpleApplication@29aba30d
----------------- Done invoking toplevel() on ptolemy.moml.MoMLSimpleApplication@29aba30d
reloadAllAccessors: .MultiportOutHangDuringGetWidth

===========================================================================================
----------------- testing Thu Oct 10 16:47:04 UTC 2019 /home/travis/build/icyphy/ptII/ptolemy/actor/lib/test/auto/NilToken.xml
----------------- Instantiating /home/travis/build/icyphy/ptII/ptolemy/actor/lib/test/auto/NilToken.xml
1 ms. Memory: 410624K Free: 145505K (35%)
----------------- Invoking toplevel() on ptolemy.moml.MoMLSimpleApplication@1e79a279
----------------- Done invoking toplevel() on ptolemy.moml.MoMLSimpleApplication@1e79a279
reloadAllAccessors: .NilToken

===========================================================================================
----------------- testing Thu Oct 10 16:47:04 UTC 2019 /home/travis/build/icyphy/ptII/ptolemy/actor/lib/test/auto/NilTokenNonStrictTest.xml
----------------- Instantiating /home/travis/build/icyphy/ptII/ptolemy/actor/lib/test/auto/NilTokenNonStrictTest.xml
4 ms. Memory: 410624K Free: 140385K (34%)
----------------- Invoking toplevel() on ptolemy.moml.MoMLSimpleApplication@2d37dc4d
----------------- Done invoking toplevel() on ptolemy.moml.MoMLSimpleApplication@2d37dc4d
reloadAllAccessors: .NilTokenNonStrictTest

===========================================================================================
----------------- testing Thu Oct 10 16:47:04 UTC 2019 /home/travis/build/icyphy/ptII/ptolemy/actor/lib/test/auto/NilTokenRecord.xml
----------------- Instantiating /home/travis/build/icyphy/ptII/ptolemy/actor/lib/test/auto/NilTokenRecord.xml
13 ms. Memory: 410624K Free: 133731K (33%)
----------------- Invoking toplevel() on ptolemy.moml.MoMLSimpleApplication@118b0145
----------------- Done invoking toplevel() on ptolemy.moml.MoMLSimpleApplication@118b0145
reloadAllAccessors: .NilTokenRecord

===========================================================================================
----------------- testing Thu Oct 10 16:47:04 UTC 2019 /home/travis/build/icyphy/ptII/ptolemy/actor/lib/test/auto/NilTokenTypeTest.xml
----------------- Instantiating /home/travis/build/icyphy/ptII/ptolemy/actor/lib/test/auto/NilTokenTypeTest.xml
4 ms. Memory: 410624K Free: 124001K (30%)
----------------- Invoking toplevel() on ptolemy.moml.MoMLSimpleApplication@22db5ff4
----------------- Done invoking toplevel() on ptolemy.moml.MoMLSimpleApplication@22db5ff4
reloadAllAccessors: .NilTokenTypeTest

===========================================================================================
----------------- testing Thu Oct 10 16:47:04 UTC 2019 /home/travis/build/icyphy/ptII/ptolemy/actor/lib/test/auto/ObjectToken1.xml
----------------- Instantiating /home/travis/build/icyphy/ptII/ptolemy/actor/lib/test/auto/ObjectToken1.xml
3 ms. Memory: 410624K Free: 119905K (29%)
----------------- Invoking toplevel() on ptolemy.moml.MoMLSimpleApplication@7f77e86c
----------------- Done invoking toplevel() on ptolemy.moml.MoMLSimpleApplication@7f77e86c
reloadAllAccessors: .ObjectToken1

===========================================================================================
----------------- testing Thu Oct 10 16:47:04 UTC 2019 /home/travis/build/icyphy/ptII/ptolemy/actor/lib/test/auto/OrderedMerge.xml
----------------- Instantiating /home/travis/build/icyphy/ptII/ptolemy/actor/lib/test/auto/OrderedMerge.xml
16 ms. Memory: 410624K Free: 356891K (87%)
----------------- Invoking toplevel() on ptolemy.moml.MoMLSimpleApplication@513ce079
----------------- Done invoking toplevel() on ptolemy.moml.MoMLSimpleApplication@513ce079
reloadAllAccessors: .OrderedMerge

===========================================================================================
----------------- testing Thu Oct 10 16:47:04 UTC 2019 /home/travis/build/icyphy/ptII/ptolemy/actor/lib/test/auto/OrderedRecordDisassembler.xml
----------------- Instantiating /home/travis/build/icyphy/ptII/ptolemy/actor/lib/test/auto/OrderedRecordDisassembler.xml
3 ms. Memory: 410624K Free: 351243K (86%)
----------------- Invoking toplevel() on ptolemy.moml.MoMLSimpleApplication@68b26830
----------------- Done invoking toplevel() on ptolemy.moml.MoMLSimpleApplication@68b26830
reloadAllAccessors: .OrderedRecordDisassembler

===========================================================================================
----------------- testing Thu Oct 10 16:47:04 UTC 2019 /home/travis/build/icyphy/ptII/ptolemy/actor/lib/test/auto/OrderedRecordDisassembler2.xml
----------------- Instantiating /home/travis/build/icyphy/ptII/ptolemy/actor/lib/test/auto/OrderedRecordDisassembler2.xml
5 ms. Memory: 410624K Free: 343579K (84%)
----------------- Invoking toplevel() on ptolemy.moml.MoMLSimpleApplication@547e8d19
----------------- Done invoking toplevel() on ptolemy.moml.MoMLSimpleApplication@547e8d19
reloadAllAccessors: .OrderedRecordDisassembler2

===========================================================================================
----------------- testing Thu Oct 10 16:47:04 UTC 2019 /home/travis/build/icyphy/ptII/ptolemy/actor/lib/test/auto/OrderedRecordUpdater.xml
----------------- Instantiating /home/travis/build/icyphy/ptII/ptolemy/actor/lib/test/auto/OrderedRecordUpdater.xml
1 ms. Memory: 410624K Free: 338459K (82%)
----------------- Invoking toplevel() on ptolemy.moml.MoMLSimpleApplication@779549f
----------------- Done invoking toplevel() on ptolemy.moml.MoMLSimpleApplication@779549f
reloadAllAccessors: .RecordUpdater

===========================================================================================
----------------- testing Thu Oct 10 16:47:04 UTC 2019 /home/travis/build/icyphy/ptII/ptolemy/actor/lib/test/auto/OrderedRecordUpdater2.xml
----------------- Instantiating /home/travis/build/icyphy/ptII/ptolemy/actor/lib/test/auto/OrderedRecordUpdater2.xml
3 ms. Memory: 410624K Free: 333339K (81%)
----------------- Invoking toplevel() on ptolemy.moml.MoMLSimpleApplication@405bad40
----------------- Done invoking toplevel() on ptolemy.moml.MoMLSimpleApplication@405bad40
reloadAllAccessors: .RecordUpdater2

===========================================================================================
----------------- testing Thu Oct 10 16:47:04 UTC 2019 /home/travis/build/icyphy/ptII/ptolemy/actor/lib/test/auto/PhaseUnwrap.xml
----------------- Instantiating /home/travis/build/icyphy/ptII/ptolemy/actor/lib/test/auto/PhaseUnwrap.xml
2 ms. Memory: 410624K Free: 328729K (80%)
----------------- Invoking toplevel() on ptolemy.moml.MoMLSimpleApplication@64f6dd4
----------------- Done invoking toplevel() on ptolemy.moml.MoMLSimpleApplication@64f6dd4
reloadAllAccessors: .PhaseUnwrap

===========================================================================================
----------------- testing Thu Oct 10 16:47:04 UTC 2019 /home/travis/build/icyphy/ptII/ptolemy/actor/lib/test/auto/PoissonClock.xml
----------------- Instantiating /home/travis/build/icyphy/ptII/ptolemy/actor/lib/test/auto/PoissonClock.xml
2 ms. Memory: 410624K Free: 324633K (79%)
----------------- Invoking toplevel() on ptolemy.moml.MoMLSimpleApplication@b7752e8
----------------- Done invoking toplevel() on ptolemy.moml.MoMLSimpleApplication@b7752e8
reloadAllAccessors: .PoissonClock

===========================================================================================
----------------- testing Thu Oct 10 16:47:04 UTC 2019 /home/travis/build/icyphy/ptII/ptolemy/actor/lib/test/auto/PoissonClock2.xml
----------------- Instantiating /home/travis/build/icyphy/ptII/ptolemy/actor/lib/test/auto/PoissonClock2.xml
2 ms. Memory: 410624K Free: 320027K (78%)
----------------- Invoking toplevel() on ptolemy.moml.MoMLSimpleApplication@2a8b6998
----------------- Done invoking toplevel() on ptolemy.moml.MoMLSimpleApplication@2a8b6998
reloadAllAccessors: .PoissonClock2

===========================================================================================
----------------- testing Thu Oct 10 16:47:04 UTC 2019 /home/travis/build/icyphy/ptII/ptolemy/actor/lib/test/auto/PoissonClock3.xml
----------------- Instantiating /home/travis/build/icyphy/ptII/ptolemy/actor/lib/test/auto/PoissonClock3.xml
2 ms. Memory: 410624K Free: 315417K (77%)
----------------- Invoking toplevel() on ptolemy.moml.MoMLSimpleApplication@72296942
----------------- Done invoking toplevel() on ptolemy.moml.MoMLSimpleApplication@72296942
reloadAllAccessors: .PoissonClock3

===========================================================================================
----------------- testing Thu Oct 10 16:47:04 UTC 2019 /home/travis/build/icyphy/ptII/ptolemy/actor/lib/test/auto/PubSubWithInitialTokens.xml
----------------- Instantiating /home/travis/build/icyphy/ptII/ptolemy/actor/lib/test/auto/PubSubWithInitialTokens.xml
2 ms. Memory: 410624K Free: 309787K (75%)
----------------- Invoking toplevel() on ptolemy.moml.MoMLSimpleApplication@7e90a469
----------------- Done invoking toplevel() on ptolemy.moml.MoMLSimpleApplication@7e90a469
reloadAllAccessors: .PubSubWithInitialTokens

===========================================================================================
----------------- testing Thu Oct 10 16:47:04 UTC 2019 /home/travis/build/icyphy/ptII/ptolemy/actor/lib/test/auto/PubSubWithInitialTokens2.xml
----------------- Instantiating /home/travis/build/icyphy/ptII/ptolemy/actor/lib/test/auto/PubSubWithInitialTokens2.xml
3 ms. Memory: 410624K Free: 303123K (74%)
----------------- Invoking toplevel() on ptolemy.moml.MoMLSimpleApplication@702d8ab
----------------- Done invoking toplevel() on ptolemy.moml.MoMLSimpleApplication@702d8ab
reloadAllAccessors: .PubSubWithInitialTokens2

===========================================================================================
----------------- testing Thu Oct 10 16:47:04 UTC 2019 /home/travis/build/icyphy/ptII/ptolemy/actor/lib/test/auto/PublisherClassNoParameter.xml
----------------- Instantiating /home/travis/build/icyphy/ptII/ptolemy/actor/lib/test/auto/PublisherClassNoParameter.xml
3 ms. Memory: 410624K Free: 293403K (71%)
----------------- Invoking toplevel() on ptolemy.moml.MoMLSimpleApplication@3c47d42d
----------------- Done invoking toplevel() on ptolemy.moml.MoMLSimpleApplication@3c47d42d
reloadAllAccessors: .PublisherClassNoParameter

===========================================================================================
----------------- testing Thu Oct 10 16:47:04 UTC 2019 /home/travis/build/icyphy/ptII/ptolemy/actor/lib/test/auto/PublisherClassParameter.xml
----------------- Instantiating /home/travis/build/icyphy/ptII/ptolemy/actor/lib/test/auto/PublisherClassParameter.xml
2 ms. Memory: 410624K Free: 283163K (69%)
----------------- Invoking toplevel() on ptolemy.moml.MoMLSimpleApplication@4fe0e444
----------------- Done invoking toplevel() on ptolemy.moml.MoMLSimpleApplication@4fe0e444
reloadAllAccessors: .PublisherClassParameter

===========================================================================================
----------------- testing Thu Oct 10 16:47:04 UTC 2019 /home/travis/build/icyphy/ptII/ptolemy/actor/lib/test/auto/PublisherNonStrictTest.xml
----------------- Instantiating /home/travis/build/icyphy/ptII/ptolemy/actor/lib/test/auto/PublisherNonStrictTest.xml
3 ms. Memory: 410624K Free: 275475K (67%)
----------------- Invoking toplevel() on ptolemy.moml.MoMLSimpleApplication@3537cb8c
----------------- Done invoking toplevel() on ptolemy.moml.MoMLSimpleApplication@3537cb8c
reloadAllAccessors: .PublisherNonStrictTest

===========================================================================================
----------------- testing Thu Oct 10 16:47:04 UTC 2019 /home/travis/build/icyphy/ptII/ptolemy/actor/lib/test/auto/PublisherPort1.xml
----------------- Instantiating /home/travis/build/icyphy/ptII/ptolemy/actor/lib/test/auto/PublisherPort1.xml
8 ms. Memory: 410624K Free: 269851K (66%)
----------------- Invoking toplevel() on ptolemy.moml.MoMLSimpleApplication@44e7c055
----------------- Done invoking toplevel() on ptolemy.moml.MoMLSimpleApplication@44e7c055
reloadAllAccessors: .PublisherPort1

===========================================================================================
----------------- testing Thu Oct 10 16:47:04 UTC 2019 /home/travis/build/icyphy/ptII/ptolemy/actor/lib/test/auto/PublisherPort2.xml
----------------- Instantiating /home/travis/build/icyphy/ptII/ptolemy/actor/lib/test/auto/PublisherPort2.xml
2 ms. Memory: 410624K Free: 264731K (64%)
----------------- Invoking toplevel() on ptolemy.moml.MoMLSimpleApplication@26e8308f
----------------- Done invoking toplevel() on ptolemy.moml.MoMLSimpleApplication@26e8308f
reloadAllAccessors: .PublisherPort2

===========================================================================================
----------------- testing Thu Oct 10 16:47:04 UTC 2019 /home/travis/build/icyphy/ptII/ptolemy/actor/lib/test/auto/PublisherPort3.xml
----------------- Instantiating /home/travis/build/icyphy/ptII/ptolemy/actor/lib/test/auto/PublisherPort3.xml
3 ms. Memory: 410624K Free: 258043K (63%)
----------------- Invoking toplevel() on ptolemy.moml.MoMLSimpleApplication@7870e5c3
----------------- Done invoking toplevel() on ptolemy.moml.MoMLSimpleApplication@7870e5c3
reloadAllAccessors: .PublisherPort3

===========================================================================================
----------------- testing Thu Oct 10 16:47:04 UTC 2019 /home/travis/build/icyphy/ptII/ptolemy/actor/lib/test/auto/PublisherPort4.xml
----------------- Instantiating /home/travis/build/icyphy/ptII/ptolemy/actor/lib/test/auto/PublisherPort4.xml
2 ms. Memory: 410624K Free: 252443K (61%)
----------------- Invoking toplevel() on ptolemy.moml.MoMLSimpleApplication@26419c1a
----------------- Done invoking toplevel() on ptolemy.moml.MoMLSimpleApplication@26419c1a
reloadAllAccessors: .PublisherPort4

===========================================================================================
----------------- testing Thu Oct 10 16:47:04 UTC 2019 /home/travis/build/icyphy/ptII/ptolemy/actor/lib/test/auto/PublisherPort5.xml
----------------- Instantiating /home/travis/build/icyphy/ptII/ptolemy/actor/lib/test/auto/PublisherPort5.xml
3 ms. Memory: 410624K Free: 244251K (59%)
----------------- Invoking toplevel() on ptolemy.moml.MoMLSimpleApplication@54b8c7e7
----------------- Done invoking toplevel() on ptolemy.moml.MoMLSimpleApplication@54b8c7e7
reloadAllAccessors: .PublisherPort5

===========================================================================================
----------------- testing Thu Oct 10 16:47:04 UTC 2019 /home/travis/build/icyphy/ptII/ptolemy/actor/lib/test/auto/PublisherPort5LookAlike.xml
----------------- Instantiating /home/travis/build/icyphy/ptII/ptolemy/actor/lib/test/auto/PublisherPort5LookAlike.xml
9 ms. Memory: 410624K Free: 236563K (58%)
----------------- Invoking toplevel() on ptolemy.moml.MoMLSimpleApplication@1b38c786
----------------- Done invoking toplevel() on ptolemy.moml.MoMLSimpleApplication@1b38c786
reloadAllAccessors: .PublisherPort5LookAlike

===========================================================================================
----------------- testing Thu Oct 10 16:47:04 UTC 2019 /home/travis/build/icyphy/ptII/ptolemy/actor/lib/test/auto/PublisherPort6.xml
----------------- Instantiating /home/travis/build/icyphy/ptII/ptolemy/actor/lib/test/auto/PublisherPort6.xml
2 ms. Memory: 410624K Free: 229915K (56%)
----------------- Invoking toplevel() on ptolemy.moml.MoMLSimpleApplication@3ef88ba
----------------- Done invoking toplevel() on ptolemy.moml.MoMLSimpleApplication@3ef88ba
reloadAllAccessors: .PublisherPort6

===========================================================================================
----------------- testing Thu Oct 10 16:47:04 UTC 2019 /home/travis/build/icyphy/ptII/ptolemy/actor/lib/test/auto/PublisherPort7.xml
----------------- Instantiating /home/travis/build/icyphy/ptII/ptolemy/actor/lib/test/auto/PublisherPort7.xml
4 ms. Memory: 410624K Free: 222233K (54%)
----------------- Invoking toplevel() on ptolemy.moml.MoMLSimpleApplication@17e3cbd3
----------------- Done invoking toplevel() on ptolemy.moml.MoMLSimpleApplication@17e3cbd3
reloadAllAccessors: .PublisherPort7

===========================================================================================
----------------- testing Thu Oct 10 16:47:04 UTC 2019 /home/travis/build/icyphy/ptII/ptolemy/actor/lib/test/auto/PublisherPort8.xml
----------------- Instantiating /home/travis/build/icyphy/ptII/ptolemy/actor/lib/test/auto/PublisherPort8.xml
5 ms. Memory: 410624K Free: 213531K (52%)
----------------- Invoking toplevel() on ptolemy.moml.MoMLSimpleApplication@3906bc84
----------------- Done invoking toplevel() on ptolemy.moml.MoMLSimpleApplication@3906bc84
reloadAllAccessors: .PublisherPort8

===========================================================================================
----------------- testing Thu Oct 10 16:47:05 UTC 2019 /home/travis/build/icyphy/ptII/ptolemy/actor/lib/test/auto/PublisherPortSubscriberChannelVariablesAOC2.xml
----------------- Instantiating /home/travis/build/icyphy/ptII/ptolemy/actor/lib/test/auto/PublisherPortSubscriberChannelVariablesAOC2.xml
3 ms. Memory: 410624K Free: 195609K (48%)
----------------- Invoking toplevel() on ptolemy.moml.MoMLSimpleApplication@2451c6e9
----------------- Done invoking toplevel() on ptolemy.moml.MoMLSimpleApplication@2451c6e9
reloadAllAccessors: .PublisherPortSubscriberChannelVariablesAOC2

===========================================================================================
----------------- testing Thu Oct 10 16:47:05 UTC 2019 /home/travis/build/icyphy/ptII/ptolemy/actor/lib/test/auto/PublisherPortSubscriberOpaqueWidthInference.xml
----------------- Instantiating /home/travis/build/icyphy/ptII/ptolemy/actor/lib/test/auto/PublisherPortSubscriberOpaqueWidthInference.xml
3 ms. Memory: 410624K Free: 187403K (46%)
----------------- Invoking toplevel() on ptolemy.moml.MoMLSimpleApplication@5f216887
----------------- Done invoking toplevel() on ptolemy.moml.MoMLSimpleApplication@5f216887
reloadAllAccessors: .PublisherPortSubscriberOpaqueWidthInference

===========================================================================================
----------------- testing Thu Oct 10 16:47:05 UTC 2019 /home/travis/build/icyphy/ptII/ptolemy/actor/lib/test/auto/PublisherPortSubscriberPortAdjacent.xml
----------------- Instantiating /home/travis/build/icyphy/ptII/ptolemy/actor/lib/test/auto/PublisherPortSubscriberPortAdjacent.xml
2 ms. Memory: 410624K Free: 179225K (44%)
----------------- Invoking toplevel() on ptolemy.moml.MoMLSimpleApplication@6a32b55d
----------------- Done invoking toplevel() on ptolemy.moml.MoMLSimpleApplication@6a32b55d
reloadAllAccessors: .PublisherPortSubscriberPortAdjacent

===========================================================================================
----------------- testing Thu Oct 10 16:47:05 UTC 2019 /home/travis/build/icyphy/ptII/ptolemy/actor/lib/test/auto/PublisherPortSubscriberPortExpression.xml
----------------- Instantiating /home/travis/build/icyphy/ptII/ptolemy/actor/lib/test/auto/PublisherPortSubscriberPortExpression.xml
8 ms. Memory: 410624K Free: 171547K (42%)
----------------- Invoking toplevel() on ptolemy.moml.MoMLSimpleApplication@259b2068
----------------- Done invoking toplevel() on ptolemy.moml.MoMLSimpleApplication@259b2068
reloadAllAccessors: .PublisherPortSubscriberPortExpression

===========================================================================================
----------------- testing Thu Oct 10 16:47:05 UTC 2019 /home/travis/build/icyphy/ptII/ptolemy/actor/lib/test/auto/PublisherPortSubscriberPortOpaqueD3Reverse.xml
----------------- Instantiating /home/travis/build/icyphy/ptII/ptolemy/actor/lib/test/auto/PublisherPortSubscriberPortOpaqueD3Reverse.xml
6 ms. Memory: 410624K Free: 161307K (39%)
----------------- Invoking toplevel() on ptolemy.moml.MoMLSimpleApplication@5fafa976
----------------- Done invoking toplevel() on ptolemy.moml.MoMLSimpleApplication@5fafa976
reloadAllAccessors: .PublisherPortSubscriberPortOpaqueD3Reverse

===========================================================================================
----------------- testing Thu Oct 10 16:47:05 UTC 2019 /home/travis/build/icyphy/ptII/ptolemy/actor/lib/test/auto/PublisherPortSubscriberPortOpaqueWidthInference.xml
----------------- Instantiating /home/travis/build/icyphy/ptII/ptolemy/actor/lib/test/auto/PublisherPortSubscriberPortOpaqueWidthInference.xml
4 ms. Memory: 410624K Free: 153611K (37%)
----------------- Invoking toplevel() on ptolemy.moml.MoMLSimpleApplication@2d02dfef
----------------- Done invoking toplevel() on ptolemy.moml.MoMLSimpleApplication@2d02dfef
reloadAllAccessors: .PublisherPortSubscriberPortOpaqueWidthInference

===========================================================================================
----------------- testing Thu Oct 10 16:47:05 UTC 2019 /home/travis/build/icyphy/ptII/ptolemy/actor/lib/test/auto/PublisherPortToplevelSubscriberPortAOC.xml
----------------- Instantiating /home/travis/build/icyphy/ptII/ptolemy/actor/lib/test/auto/PublisherPortToplevelSubscriberPortAOC.xml
.PublisherPortToplevelSubscriberPortAOC.TestExceptionAttribute: initialize() was not invoked, but wrapup() was.  This is unusual, but not always a problem.  For example, exporting JNLP will do this.
1 ms. Memory: 410624K Free: 147995K (36%)
----------------- Invoking toplevel() on ptolemy.moml.MoMLSimpleApplication@765c2f4e
----------------- Done invoking toplevel() on ptolemy.moml.MoMLSimpleApplication@765c2f4e
reloadAllAccessors: .PublisherPortToplevelSubscriberPortAOC

===========================================================================================
----------------- testing Thu Oct 10 16:47:05 UTC 2019 /home/travis/build/icyphy/ptII/ptolemy/actor/lib/test/auto/PublisherSubscriber.xml
----------------- Instantiating /home/travis/build/icyphy/ptII/ptolemy/actor/lib/test/auto/PublisherSubscriber.xml
3 ms. Memory: 410624K Free: 140299K (34%)
----------------- Invoking toplevel() on ptolemy.moml.MoMLSimpleApplication@677f249f
----------------- Done invoking toplevel() on ptolemy.moml.MoMLSimpleApplication@677f249f
reloadAllAccessors: .PublisherSubscriber

===========================================================================================
----------------- testing Thu Oct 10 16:47:05 UTC 2019 /home/travis/build/icyphy/ptII/ptolemy/actor/lib/test/auto/PublisherSubscriber10.xml
----------------- Instantiating /home/travis/build/icyphy/ptII/ptolemy/actor/lib/test/auto/PublisherSubscriber10.xml
7 ms. Memory: 410624K Free: 130587K (32%)
----------------- Invoking toplevel() on ptolemy.moml.MoMLSimpleApplication@3a52f05b
----------------- Done invoking toplevel() on ptolemy.moml.MoMLSimpleApplication@3a52f05b
reloadAllAccessors: .PublisherSubscriber10

===========================================================================================
----------------- testing Thu Oct 10 16:47:05 UTC 2019 /home/travis/build/icyphy/ptII/ptolemy/actor/lib/test/auto/PublisherSubscriber10InitialOutputs.xml
----------------- Instantiating /home/travis/build/icyphy/ptII/ptolemy/actor/lib/test/auto/PublisherSubscriber10InitialOutputs.xml
19 ms. Memory: 410624K Free: 121371K (30%)
----------------- Invoking toplevel() on ptolemy.moml.MoMLSimpleApplication@2d68809f
----------------- Done invoking toplevel() on ptolemy.moml.MoMLSimpleApplication@2d68809f
reloadAllAccessors: .PublisherSubscriber10InitialOutputs

===========================================================================================
----------------- testing Thu Oct 10 16:47:05 UTC 2019 /home/travis/build/icyphy/ptII/ptolemy/actor/lib/test/auto/PublisherSubscriber11.xml
----------------- Instantiating /home/travis/build/icyphy/ptII/ptolemy/actor/lib/test/auto/PublisherSubscriber11.xml
3 ms. Memory: 410624K Free: 357647K (87%)
----------------- Invoking toplevel() on ptolemy.moml.MoMLSimpleApplication@6a155608
----------------- Done invoking toplevel() on ptolemy.moml.MoMLSimpleApplication@6a155608
reloadAllAccessors: .PublisherSubscriber11

===========================================================================================
----------------- testing Thu Oct 10 16:47:05 UTC 2019 /home/travis/build/icyphy/ptII/ptolemy/actor/lib/test/auto/PublisherSubscriber12.xml
----------------- Instantiating /home/travis/build/icyphy/ptII/ptolemy/actor/lib/test/auto/PublisherSubscriber12.xml
3 ms. Memory: 410624K Free: 350479K (85%)
----------------- Invoking toplevel() on ptolemy.moml.MoMLSimpleApplication@566a94b4
----------------- Done invoking toplevel() on ptolemy.moml.MoMLSimpleApplication@566a94b4
reloadAllAccessors: .PublisherSubscriber12

===========================================================================================
----------------- testing Thu Oct 10 16:47:05 UTC 2019 /home/travis/build/icyphy/ptII/ptolemy/actor/lib/test/auto/PublisherSubscriber13.xml
----------------- Instantiating /home/travis/build/icyphy/ptII/ptolemy/actor/lib/test/auto/PublisherSubscriber13.xml
2 ms. Memory: 410624K Free: 344839K (84%)
----------------- Invoking toplevel() on ptolemy.moml.MoMLSimpleApplication@53919085
----------------- Done invoking toplevel() on ptolemy.moml.MoMLSimpleApplication@53919085
reloadAllAccessors: .PublisherSubscriber13

===========================================================================================
----------------- testing Thu Oct 10 16:47:05 UTC 2019 /home/travis/build/icyphy/ptII/ptolemy/actor/lib/test/auto/PublisherSubscriber14.xml
----------------- Instantiating /home/travis/build/icyphy/ptII/ptolemy/actor/lib/test/auto/PublisherSubscriber14.xml
3 ms. Memory: 410624K Free: 336143K (82%)
----------------- Invoking toplevel() on ptolemy.moml.MoMLSimpleApplication@267ccbf2
----------------- Done invoking toplevel() on ptolemy.moml.MoMLSimpleApplication@267ccbf2
reloadAllAccessors: .PublisherSubscriber14

===========================================================================================
----------------- testing Thu Oct 10 16:47:05 UTC 2019 /home/travis/build/icyphy/ptII/ptolemy/actor/lib/test/auto/PublisherSubscriber2.xml
----------------- Instantiating /home/travis/build/icyphy/ptII/ptolemy/actor/lib/test/auto/PublisherSubscriber2.xml
3 ms. Memory: 410624K Free: 330495K (80%)
----------------- Invoking toplevel() on ptolemy.moml.MoMLSimpleApplication@1261c404
----------------- Done invoking toplevel() on ptolemy.moml.MoMLSimpleApplication@1261c404
reloadAllAccessors: .PublisherSubscriber2

===========================================================================================
----------------- testing Thu Oct 10 16:47:05 UTC 2019 /home/travis/build/icyphy/ptII/ptolemy/actor/lib/test/auto/PublisherSubscriber3.xml
----------------- Instantiating /home/travis/build/icyphy/ptII/ptolemy/actor/lib/test/auto/PublisherSubscriber3.xml
2 ms. Memory: 410624K Free: 324879K (79%)
----------------- Invoking toplevel() on ptolemy.moml.MoMLSimpleApplication@297b75ca
----------------- Done invoking toplevel() on ptolemy.moml.MoMLSimpleApplication@297b75ca
reloadAllAccessors: .PublisherSubscriber3

===========================================================================================
----------------- testing Thu Oct 10 16:47:05 UTC 2019 /home/travis/build/icyphy/ptII/ptolemy/actor/lib/test/auto/PublisherSubscriber4.xml
----------------- Instantiating /home/travis/build/icyphy/ptII/ptolemy/actor/lib/test/auto/PublisherSubscriber4.xml
2 ms. Memory: 410624K Free: 319231K (78%)
----------------- Invoking toplevel() on ptolemy.moml.MoMLSimpleApplication@1a75ce13
----------------- Done invoking toplevel() on ptolemy.moml.MoMLSimpleApplication@1a75ce13
reloadAllAccessors: .PublisherSubscriber4

===========================================================================================
----------------- testing Thu Oct 10 16:47:05 UTC 2019 /home/travis/build/icyphy/ptII/ptolemy/actor/lib/test/auto/PublisherSubscriber5.xml
----------------- Instantiating /home/travis/build/icyphy/ptII/ptolemy/actor/lib/test/auto/PublisherSubscriber5.xml
6 ms. Memory: 410624K Free: 312591K (76%)
----------------- Invoking toplevel() on ptolemy.moml.MoMLSimpleApplication@5f1c035f
----------------- Done invoking toplevel() on ptolemy.moml.MoMLSimpleApplication@5f1c035f
reloadAllAccessors: .PublisherSubscriber5

===========================================================================================
----------------- testing Thu Oct 10 16:47:05 UTC 2019 /home/travis/build/icyphy/ptII/ptolemy/actor/lib/test/auto/PublisherSubscriber6.xml
----------------- Instantiating /home/travis/build/icyphy/ptII/ptolemy/actor/lib/test/auto/PublisherSubscriber6.xml
4 ms. Memory: 410624K Free: 305927K (75%)
----------------- Invoking toplevel() on ptolemy.moml.MoMLSimpleApplication@56809139
----------------- Done invoking toplevel() on ptolemy.moml.MoMLSimpleApplication@56809139
reloadAllAccessors: .PublisherSubscriber6

===========================================================================================
----------------- testing Thu Oct 10 16:47:05 UTC 2019 /home/travis/build/icyphy/ptII/ptolemy/actor/lib/test/auto/PublisherSubscriber7.xml
----------------- Instantiating /home/travis/build/icyphy/ptII/ptolemy/actor/lib/test/auto/PublisherSubscriber7.xml
8 ms. Memory: 410624K Free: 299279K (73%)
----------------- Invoking toplevel() on ptolemy.moml.MoMLSimpleApplication@10eeffd6
----------------- Done invoking toplevel() on ptolemy.moml.MoMLSimpleApplication@10eeffd6
reloadAllAccessors: .PublisherSubscriber7

===========================================================================================
----------------- testing Thu Oct 10 16:47:05 UTC 2019 /home/travis/build/icyphy/ptII/ptolemy/actor/lib/test/auto/PublisherSubscriber8.xml
----------------- Instantiating /home/travis/build/icyphy/ptII/ptolemy/actor/lib/test/auto/PublisherSubscriber8.xml
15 ms. Memory: 410624K Free: 286991K (70%)
----------------- Invoking toplevel() on ptolemy.moml.MoMLSimpleApplication@643fb70b
----------------- Done invoking toplevel() on ptolemy.moml.MoMLSimpleApplication@643fb70b
reloadAllAccessors: .PublisherSubscriber8

===========================================================================================
----------------- testing Thu Oct 10 16:47:05 UTC 2019 /home/travis/build/icyphy/ptII/ptolemy/actor/lib/test/auto/PublisherSubscriber9.xml
----------------- Instantiating /home/travis/build/icyphy/ptII/ptolemy/actor/lib/test/auto/PublisherSubscriber9.xml
3 ms. Memory: 410624K Free: 279823K (68%)
----------------- Invoking toplevel() on ptolemy.moml.MoMLSimpleApplication@163e31ee
----------------- Done invoking toplevel() on ptolemy.moml.MoMLSimpleApplication@163e31ee
reloadAllAccessors: .PublisherSubscriber9

===========================================================================================
----------------- testing Thu Oct 10 16:47:05 UTC 2019 /home/travis/build/icyphy/ptII/ptolemy/actor/lib/test/auto/PublisherSubscriberAdjacent.xml
----------------- Instantiating /home/travis/build/icyphy/ptII/ptolemy/actor/lib/test/auto/PublisherSubscriberAdjacent.xml
2 ms. Memory: 410624K Free: 271631K (66%)
----------------- Invoking toplevel() on ptolemy.moml.MoMLSimpleApplication@43316245
----------------- Done invoking toplevel() on ptolemy.moml.MoMLSimpleApplication@43316245
reloadAllAccessors: .PublisherSubscriberAdjacent

===========================================================================================
----------------- testing Thu Oct 10 16:47:05 UTC 2019 /home/travis/build/icyphy/ptII/ptolemy/actor/lib/test/auto/PublisherSubscriberChannelVariablesAOC2.xml
----------------- Instantiating /home/travis/build/icyphy/ptII/ptolemy/actor/lib/test/auto/PublisherSubscriberChannelVariablesAOC2.xml
2 ms. Memory: 410624K Free: 257295K (63%)
----------------- Invoking toplevel() on ptolemy.moml.MoMLSimpleApplication@3014db6f
----------------- Done invoking toplevel() on ptolemy.moml.MoMLSimpleApplication@3014db6f
reloadAllAccessors: .PublisherSubscriberChannelVariablesAOC2

===========================================================================================
----------------- testing Thu Oct 10 16:47:05 UTC 2019 /home/travis/build/icyphy/ptII/ptolemy/actor/lib/test/auto/PublisherSubscriberD3.xml
----------------- Instantiating /home/travis/build/icyphy/ptII/ptolemy/actor/lib/test/auto/PublisherSubscriberD3.xml
2 ms. Memory: 410624K Free: 250127K (61%)
----------------- Invoking toplevel() on ptolemy.moml.MoMLSimpleApplication@417f129b
----------------- Done invoking toplevel() on ptolemy.moml.MoMLSimpleApplication@417f129b
reloadAllAccessors: .PublisherSubscriberD3

===========================================================================================
----------------- testing Thu Oct 10 16:47:05 UTC 2019 /home/travis/build/icyphy/ptII/ptolemy/actor/lib/test/auto/PublisherSubscriberD3Reverse.xml
----------------- Instantiating /home/travis/build/icyphy/ptII/ptolemy/actor/lib/test/auto/PublisherSubscriberD3Reverse.xml
2 ms. Memory: 410624K Free: 243469K (59%)
----------------- Invoking toplevel() on ptolemy.moml.MoMLSimpleApplication@3dede5e8
----------------- Done invoking toplevel() on ptolemy.moml.MoMLSimpleApplication@3dede5e8
reloadAllAccessors: .PublisherSubscriberD3Reverse

===========================================================================================
----------------- testing Thu Oct 10 16:47:05 UTC 2019 /home/travis/build/icyphy/ptII/ptolemy/actor/lib/test/auto/PublisherSubscriberExpression.xml
----------------- Instantiating /home/travis/build/icyphy/ptII/ptolemy/actor/lib/test/auto/PublisherSubscriberExpression.xml
4 ms. Memory: 410624K Free: 234767K (57%)
----------------- Invoking toplevel() on ptolemy.moml.MoMLSimpleApplication@5bb9e12f
----------------- Done invoking toplevel() on ptolemy.moml.MoMLSimpleApplication@5bb9e12f
reloadAllAccessors: .PublisherSubscriberExpression

===========================================================================================
----------------- testing Thu Oct 10 16:47:05 UTC 2019 /home/travis/build/icyphy/ptII/ptolemy/actor/lib/test/auto/PublisherSubscriberOpaque.xml
----------------- Instantiating /home/travis/build/icyphy/ptII/ptolemy/actor/lib/test/auto/PublisherSubscriberOpaque.xml
4 ms. Memory: 410624K Free: 226575K (55%)
----------------- Invoking toplevel() on ptolemy.moml.MoMLSimpleApplication@3421a88d
----------------- Done invoking toplevel() on ptolemy.moml.MoMLSimpleApplication@3421a88d
reloadAllAccessors: .PublisherSubscriberOpaque

===========================================================================================
----------------- testing Thu Oct 10 16:47:05 UTC 2019 /home/travis/build/icyphy/ptII/ptolemy/actor/lib/test/auto/PublisherSubscriberOpaqueD3.xml
----------------- Instantiating /home/travis/build/icyphy/ptII/ptolemy/actor/lib/test/auto/PublisherSubscriberOpaqueD3.xml
6 ms. Memory: 410624K Free: 215311K (52%)
----------------- Invoking toplevel() on ptolemy.moml.MoMLSimpleApplication@1303a802
----------------- Done invoking toplevel() on ptolemy.moml.MoMLSimpleApplication@1303a802
reloadAllAccessors: .PublisherSubscriberOpaqueD3

===========================================================================================
----------------- testing Thu Oct 10 16:47:05 UTC 2019 /home/travis/build/icyphy/ptII/ptolemy/actor/lib/test/auto/PublisherSubscriberOpaqueD3Reverse.xml
----------------- Instantiating /home/travis/build/icyphy/ptII/ptolemy/actor/lib/test/auto/PublisherSubscriberOpaqueD3Reverse.xml
9 ms. Memory: 410624K Free: 204047K (50%)
----------------- Invoking toplevel() on ptolemy.moml.MoMLSimpleApplication@1662d1e5
----------------- Done invoking toplevel() on ptolemy.moml.MoMLSimpleApplication@1662d1e5
reloadAllAccessors: .PublisherSubscriberOpaqueD3Reverse

===========================================================================================
----------------- testing Thu Oct 10 16:47:05 UTC 2019 /home/travis/build/icyphy/ptII/ptolemy/actor/lib/test/auto/PublisherSubscriberOpaqueWidthInference.xml
----------------- Instantiating /home/travis/build/icyphy/ptII/ptolemy/actor/lib/test/auto/PublisherSubscriberOpaqueWidthInference.xml
6 ms. Memory: 410624K Free: 195855K (48%)
----------------- Invoking toplevel() on ptolemy.moml.MoMLSimpleApplication@1dc76839
----------------- Done invoking toplevel() on ptolemy.moml.MoMLSimpleApplication@1dc76839
reloadAllAccessors: .PublisherSubscriberOpaqueWidthInference

===========================================================================================
----------------- testing Thu Oct 10 16:47:05 UTC 2019 /home/travis/build/icyphy/ptII/ptolemy/actor/lib/test/auto/PublisherTestSubscriber.xml
----------------- Instantiating /home/travis/build/icyphy/ptII/ptolemy/actor/lib/test/auto/PublisherTestSubscriber.xml
3 ms. Memory: 410624K Free: 188167K (46%)
----------------- Invoking toplevel() on ptolemy.moml.MoMLSimpleApplication@5d92281c
----------------- Done invoking toplevel() on ptolemy.moml.MoMLSimpleApplication@5d92281c
reloadAllAccessors: .PublisherTestSubscriber

===========================================================================================
----------------- testing Thu Oct 10 16:47:05 UTC 2019 /home/travis/build/icyphy/ptII/ptolemy/actor/lib/test/auto/PublisherToplevelSubscriberPortAOC.xml
----------------- Instantiating /home/travis/build/icyphy/ptII/ptolemy/actor/lib/test/auto/PublisherToplevelSubscriberPortAOC.xml
2 ms. Memory: 410624K Free: 181519K (44%)
----------------- Invoking toplevel() on ptolemy.moml.MoMLSimpleApplication@6eefa519
----------------- Done invoking toplevel() on ptolemy.moml.MoMLSimpleApplication@6eefa519
reloadAllAccessors: .PublisherToplevelSubscriberPortAOC

===========================================================================================
----------------- testing Thu Oct 10 16:47:05 UTC 2019 /home/travis/build/icyphy/ptII/ptolemy/actor/lib/test/auto/PulseFiringLimitDE.xml
----------------- Instantiating /home/travis/build/icyphy/ptII/ptolemy/actor/lib/test/auto/PulseFiringLimitDE.xml
2 ms. Memory: 410624K Free: 174351K (42%)
----------------- Invoking toplevel() on ptolemy.moml.MoMLSimpleApplication@32d552dc
----------------- Done invoking toplevel() on ptolemy.moml.MoMLSimpleApplication@32d552dc
reloadAllAccessors: .PulseFiringLimitDE

===========================================================================================
----------------- testing Thu Oct 10 16:47:05 UTC 2019 /home/travis/build/icyphy/ptII/ptolemy/actor/lib/test/auto/Ramp1.xml
----------------- Instantiating /home/travis/build/icyphy/ptII/ptolemy/actor/lib/test/auto/Ramp1.xml
1 ms. Memory: 410624K Free: 170255K (41%)
----------------- Invoking toplevel() on ptolemy.moml.MoMLSimpleApplication@440a89d
----------------- Done invoking toplevel() on ptolemy.moml.MoMLSimpleApplication@440a89d
reloadAllAccessors: .Ramp1

===========================================================================================
----------------- testing Thu Oct 10 16:47:05 UTC 2019 /home/travis/build/icyphy/ptII/ptolemy/actor/lib/test/auto/RampFiringLimitDE.xml
----------------- Instantiating /home/travis/build/icyphy/ptII/ptolemy/actor/lib/test/auto/RampFiringLimitDE.xml
3 ms. Memory: 410624K Free: 164111K (40%)
----------------- Invoking toplevel() on ptolemy.moml.MoMLSimpleApplication@7db839fa
----------------- Done invoking toplevel() on ptolemy.moml.MoMLSimpleApplication@7db839fa
reloadAllAccessors: .RampFiringLimitDE

===========================================================================================
----------------- testing Thu Oct 10 16:47:05 UTC 2019 /home/travis/build/icyphy/ptII/ptolemy/actor/lib/test/auto/RampFiringLimitSDF.xml
----------------- Instantiating /home/travis/build/icyphy/ptII/ptolemy/actor/lib/test/auto/RampFiringLimitSDF.xml
3 ms. Memory: 410624K Free: 158991K (39%)
----------------- Invoking toplevel() on ptolemy.moml.MoMLSimpleApplication@60a1fdb2
----------------- Done invoking toplevel() on ptolemy.moml.MoMLSimpleApplication@60a1fdb2
reloadAllAccessors: .RampFiringLimitSDF

===========================================================================================
----------------- testing Thu Oct 10 16:47:05 UTC 2019 /home/travis/build/icyphy/ptII/ptolemy/actor/lib/test/auto/RandomInteger.xml
----------------- Instantiating /home/travis/build/icyphy/ptII/ptolemy/actor/lib/test/auto/RandomInteger.xml
1 ms. Memory: 410624K Free: 154381K (38%)
----------------- Invoking toplevel() on ptolemy.moml.MoMLSimpleApplication@3a186b77
----------------- Done invoking toplevel() on ptolemy.moml.MoMLSimpleApplication@3a186b77
reloadAllAccessors: .RandomInteger

===========================================================================================
----------------- testing Thu Oct 10 16:47:05 UTC 2019 /home/travis/build/icyphy/ptII/ptolemy/actor/lib/test/auto/ReadFile1.xml
----------------- Instantiating /home/travis/build/icyphy/ptII/ptolemy/actor/lib/test/auto/ReadFile1.xml
2 ms. Memory: 410624K Free: 149775K (36%)
----------------- Invoking toplevel() on ptolemy.moml.MoMLSimpleApplication@5992c455
----------------- Done invoking toplevel() on ptolemy.moml.MoMLSimpleApplication@5992c455
reloadAllAccessors: .ReadFile1

===========================================================================================
----------------- testing Thu Oct 10 16:47:05 UTC 2019 /home/travis/build/icyphy/ptII/ptolemy/actor/lib/test/auto/ReadFile2.xml
----------------- Instantiating /home/travis/build/icyphy/ptII/ptolemy/actor/lib/test/auto/ReadFile2.xml
1 ms. Memory: 410624K Free: 145679K (35%)
----------------- Invoking toplevel() on ptolemy.moml.MoMLSimpleApplication@11d9a7d3
----------------- Done invoking toplevel() on ptolemy.moml.MoMLSimpleApplication@11d9a7d3
reloadAllAccessors: .ReadFile2

===========================================================================================
----------------- testing Thu Oct 10 16:47:05 UTC 2019 /home/travis/build/icyphy/ptII/ptolemy/actor/lib/test/auto/Reader.xml
----------------- Instantiating /home/travis/build/icyphy/ptII/ptolemy/actor/lib/test/auto/Reader.xml
actor.lib.Reader is obsolete, use actor.lib.io.ExpressionReader instead
4 ms. Memory: 410624K Free: 141583K (34%)
----------------- Invoking toplevel() on ptolemy.moml.MoMLSimpleApplication@199458eb
----------------- Done invoking toplevel() on ptolemy.moml.MoMLSimpleApplication@199458eb
reloadAllAccessors: .Reader

===========================================================================================
----------------- testing Thu Oct 10 16:47:05 UTC 2019 /home/travis/build/icyphy/ptII/ptolemy/actor/lib/test/auto/RecordAssemblerDisplayNameTest.xml
----------------- Instantiating /home/travis/build/icyphy/ptII/ptolemy/actor/lib/test/auto/RecordAssemblerDisplayNameTest.xml
3502 ms. Memory: 410624K Free: 146170K (36%)
----------------- Invoking toplevel() on ptolemy.moml.MoMLSimpleApplication@578a631c
----------------- Done invoking toplevel() on ptolemy.moml.MoMLSimpleApplication@578a631c
reloadAllAccessors: .RecordAssemblerDisplayNameTest

===========================================================================================
----------------- testing Thu Oct 10 16:47:09 UTC 2019 /home/travis/build/icyphy/ptII/ptolemy/actor/lib/test/auto/RecordAssemblerTypeError.xml
----------------- Instantiating /home/travis/build/icyphy/ptII/ptolemy/actor/lib/test/auto/RecordAssemblerTypeError.xml
10 ms. Memory: 410624K Free: 136444K (33%)
----------------- Invoking toplevel() on ptolemy.moml.MoMLSimpleApplication@2c52f637
----------------- Done invoking toplevel() on ptolemy.moml.MoMLSimpleApplication@2c52f637
reloadAllAccessors: .RecordAssemblerTypeError

===========================================================================================
----------------- testing Thu Oct 10 16:47:09 UTC 2019 /home/travis/build/icyphy/ptII/ptolemy/actor/lib/test/auto/RecordDisassember.xml
----------------- Instantiating /home/travis/build/icyphy/ptII/ptolemy/actor/lib/test/auto/RecordDisassember.xml
15 ms. Memory: 410624K Free: 131820K (32%)
----------------- Invoking toplevel() on ptolemy.moml.MoMLSimpleApplication@31e8d49d
----------------- Done invoking toplevel() on ptolemy.moml.MoMLSimpleApplication@31e8d49d
reloadAllAccessors: .RecordDisassember

===========================================================================================
----------------- testing Thu Oct 10 16:47:09 UTC 2019 /home/travis/build/icyphy/ptII/ptolemy/actor/lib/test/auto/RecordDisassemberDisplayNameTest.xml
----------------- Instantiating /home/travis/build/icyphy/ptII/ptolemy/actor/lib/test/auto/RecordDisassemberDisplayNameTest.xml
5 ms. Memory: 410624K Free: 124156K (30%)
----------------- Invoking toplevel() on ptolemy.moml.MoMLSimpleApplication@3dea430d
----------------- Done invoking toplevel() on ptolemy.moml.MoMLSimpleApplication@3dea430d
reloadAllAccessors: .RecordDisassemberDisplayNameTest

===========================================================================================
----------------- testing Thu Oct 10 16:47:09 UTC 2019 /home/travis/build/icyphy/ptII/ptolemy/actor/lib/test/auto/RecordDisassembler.xml
----------------- Instantiating /home/travis/build/icyphy/ptII/ptolemy/actor/lib/test/auto/RecordDisassembler.xml
14 ms. Memory: 410624K Free: 360675K (88%)
----------------- Invoking toplevel() on ptolemy.moml.MoMLSimpleApplication@4553e08b
----------------- Done invoking toplevel() on ptolemy.moml.MoMLSimpleApplication@4553e08b
reloadAllAccessors: .RecordDisassembler

===========================================================================================
----------------- testing Thu Oct 10 16:47:09 UTC 2019 /home/travis/build/icyphy/ptII/ptolemy/actor/lib/test/auto/RecordDisassembler2.xml
----------------- Instantiating /home/travis/build/icyphy/ptII/ptolemy/actor/lib/test/auto/RecordDisassembler2.xml
2 ms. Memory: 410624K Free: 355011K (86%)
----------------- Invoking toplevel() on ptolemy.moml.MoMLSimpleApplication@13d27d02
----------------- Done invoking toplevel() on ptolemy.moml.MoMLSimpleApplication@13d27d02
reloadAllAccessors: .RecordDisassembler2

===========================================================================================
----------------- testing Thu Oct 10 16:47:09 UTC 2019 /home/travis/build/icyphy/ptII/ptolemy/actor/lib/test/auto/RecordUpdater.xml
----------------- Instantiating /home/travis/build/icyphy/ptII/ptolemy/actor/lib/test/auto/RecordUpdater.xml
2 ms. Memory: 410624K Free: 349921K (85%)
----------------- Invoking toplevel() on ptolemy.moml.MoMLSimpleApplication@3ef2f766
----------------- Done invoking toplevel() on ptolemy.moml.MoMLSimpleApplication@3ef2f766
reloadAllAccessors: .RecordUpdater

===========================================================================================
----------------- testing Thu Oct 10 16:47:09 UTC 2019 /home/travis/build/icyphy/ptII/ptolemy/actor/lib/test/auto/RecordUpdater2.xml
----------------- Instantiating /home/travis/build/icyphy/ptII/ptolemy/actor/lib/test/auto/RecordUpdater2.xml
2 ms. Memory: 410624K Free: 344801K (84%)
----------------- Invoking toplevel() on ptolemy.moml.MoMLSimpleApplication@6131ef8
----------------- Done invoking toplevel() on ptolemy.moml.MoMLSimpleApplication@6131ef8
reloadAllAccessors: .RecordUpdater2

===========================================================================================
----------------- testing Thu Oct 10 16:47:09 UTC 2019 /home/travis/build/icyphy/ptII/ptolemy/actor/lib/test/auto/RecursiveLattice.xml
----------------- Instantiating /home/travis/build/icyphy/ptII/ptolemy/actor/lib/test/auto/RecursiveLattice.xml
2 ms. Memory: 410624K Free: 339681K (83%)
----------------- Invoking toplevel() on ptolemy.moml.MoMLSimpleApplication@6bf1af62
----------------- Done invoking toplevel() on ptolemy.moml.MoMLSimpleApplication@6bf1af62
reloadAllAccessors: .RecursiveLattice

===========================================================================================
----------------- testing Thu Oct 10 16:47:09 UTC 2019 /home/travis/build/icyphy/ptII/ptolemy/actor/lib/test/auto/Router.xml
----------------- Instantiating /home/travis/build/icyphy/ptII/ptolemy/actor/lib/test/auto/Router.xml
3005 ms. Memory: 410624K Free: 328931K (80%)
----------------- Invoking toplevel() on ptolemy.moml.MoMLSimpleApplication@6343745b
----------------- Done invoking toplevel() on ptolemy.moml.MoMLSimpleApplication@6343745b
reloadAllAccessors: .Router

===========================================================================================
----------------- testing Thu Oct 10 16:47:12 UTC 2019 /home/travis/build/icyphy/ptII/ptolemy/actor/lib/test/auto/Router2.xml
----------------- Instantiating /home/travis/build/icyphy/ptII/ptolemy/actor/lib/test/auto/Router2.xml
3006 ms. Memory: 410624K Free: 318691K (78%)
----------------- Invoking toplevel() on ptolemy.moml.MoMLSimpleApplication@614994b4
----------------- Done invoking toplevel() on ptolemy.moml.MoMLSimpleApplication@614994b4
reloadAllAccessors: .Router2

===========================================================================================
----------------- testing Thu Oct 10 16:47:15 UTC 2019 /home/travis/build/icyphy/ptII/ptolemy/actor/lib/test/auto/RunningMaximum.xml
----------------- Instantiating /home/travis/build/icyphy/ptII/ptolemy/actor/lib/test/auto/RunningMaximum.xml
2 ms. Memory: 410624K Free: 314081K (76%)
----------------- Invoking toplevel() on ptolemy.moml.MoMLSimpleApplication@10f8e30e
----------------- Done invoking toplevel() on ptolemy.moml.MoMLSimpleApplication@10f8e30e
reloadAllAccessors: .RunningMaximum

===========================================================================================
----------------- testing Thu Oct 10 16:47:15 UTC 2019 /home/travis/build/icyphy/ptII/ptolemy/actor/lib/test/auto/RunningMinimum.xml
----------------- Instantiating /home/travis/build/icyphy/ptII/ptolemy/actor/lib/test/auto/RunningMinimum.xml
5 ms. Memory: 410624K Free: 309475K (75%)
----------------- Invoking toplevel() on ptolemy.moml.MoMLSimpleApplication@7c2db316
----------------- Done invoking toplevel() on ptolemy.moml.MoMLSimpleApplication@7c2db316
reloadAllAccessors: .RunningMinimum

===========================================================================================
----------------- testing Thu Oct 10 16:47:15 UTC 2019 /home/travis/build/icyphy/ptII/ptolemy/actor/lib/test/auto/Scale.xml
----------------- Instantiating /home/travis/build/icyphy/ptII/ptolemy/actor/lib/test/auto/Scale.xml
2 ms. Memory: 410624K Free: 304865K (74%)
----------------- Invoking toplevel() on ptolemy.moml.MoMLSimpleApplication@4a505cef
----------------- Done invoking toplevel() on ptolemy.moml.MoMLSimpleApplication@4a505cef
reloadAllAccessors: .Scale

===========================================================================================
----------------- testing Thu Oct 10 16:47:15 UTC 2019 /home/travis/build/icyphy/ptII/ptolemy/actor/lib/test/auto/Scale2.xml
----------------- Instantiating /home/travis/build/icyphy/ptII/ptolemy/actor/lib/test/auto/Scale2.xml
2 ms. Memory: 410624K Free: 300259K (73%)
----------------- Invoking toplevel() on ptolemy.moml.MoMLSimpleApplication@69029bda
----------------- Done invoking toplevel() on ptolemy.moml.MoMLSimpleApplication@69029bda
reloadAllAccessors: .Scale2

===========================================================================================
----------------- testing Thu Oct 10 16:47:15 UTC 2019 /home/travis/build/icyphy/ptII/ptolemy/actor/lib/test/auto/Scale3.xml
----------------- Instantiating /home/travis/build/icyphy/ptII/ptolemy/actor/lib/test/auto/Scale3.xml
8 ms. Memory: 410624K Free: 294115K (72%)
----------------- Invoking toplevel() on ptolemy.moml.MoMLSimpleApplication@536ce290
----------------- Done invoking toplevel() on ptolemy.moml.MoMLSimpleApplication@536ce290
reloadAllAccessors: .Scale3

===========================================================================================
----------------- testing Thu Oct 10 16:47:15 UTC 2019 /home/travis/build/icyphy/ptII/ptolemy/actor/lib/test/auto/ScaleArray.xml
----------------- Instantiating /home/travis/build/icyphy/ptII/ptolemy/actor/lib/test/auto/ScaleArray.xml
4 ms. Memory: 410624K Free: 288995K (70%)
----------------- Invoking toplevel() on ptolemy.moml.MoMLSimpleApplication@3b003fff
----------------- Done invoking toplevel() on ptolemy.moml.MoMLSimpleApplication@3b003fff
reloadAllAccessors: .ScaleArray

===========================================================================================
----------------- testing Thu Oct 10 16:47:15 UTC 2019 /home/travis/build/icyphy/ptII/ptolemy/actor/lib/test/auto/ScaleArray2.xml
----------------- Instantiating /home/travis/build/icyphy/ptII/ptolemy/actor/lib/test/auto/ScaleArray2.xml
2 ms. Memory: 410624K Free: 284899K (69%)
----------------- Invoking toplevel() on ptolemy.moml.MoMLSimpleApplication@5c93ba62
----------------- Done invoking toplevel() on ptolemy.moml.MoMLSimpleApplication@5c93ba62
reloadAllAccessors: .ScaleArray2

===========================================================================================
----------------- testing Thu Oct 10 16:47:15 UTC 2019 /home/travis/build/icyphy/ptII/ptolemy/actor/lib/test/auto/ScaleMatrix.xml
----------------- Instantiating /home/travis/build/icyphy/ptII/ptolemy/actor/lib/test/auto/ScaleMatrix.xml
127 ms. Memory: 410624K Free: 271073K (66%)
----------------- Invoking toplevel() on ptolemy.moml.MoMLSimpleApplication@35937e0e
----------------- Done invoking toplevel() on ptolemy.moml.MoMLSimpleApplication@35937e0e
reloadAllAccessors: .ScaleMatrix

===========================================================================================
----------------- testing Thu Oct 10 16:47:15 UTC 2019 /home/travis/build/icyphy/ptII/ptolemy/actor/lib/test/auto/Select.xml
----------------- Instantiating /home/travis/build/icyphy/ptII/ptolemy/actor/lib/test/auto/Select.xml
2 ms. Memory: 410624K Free: 264923K (65%)
----------------- Invoking toplevel() on ptolemy.moml.MoMLSimpleApplication@36f734d6
----------------- Done invoking toplevel() on ptolemy.moml.MoMLSimpleApplication@36f734d6
reloadAllAccessors: .Select

===========================================================================================
----------------- testing Thu Oct 10 16:47:15 UTC 2019 /home/travis/build/icyphy/ptII/ptolemy/actor/lib/test/auto/Select2.xml
----------------- Instantiating /home/travis/build/icyphy/ptII/ptolemy/actor/lib/test/auto/Select2.xml
1 ms. Memory: 410624K Free: 260323K (63%)
----------------- Invoking toplevel() on ptolemy.moml.MoMLSimpleApplication@6641bed6
----------------- Done invoking toplevel() on ptolemy.moml.MoMLSimpleApplication@6641bed6
reloadAllAccessors: .Select2

===========================================================================================
----------------- testing Thu Oct 10 16:47:15 UTC 2019 /home/travis/build/icyphy/ptII/ptolemy/actor/lib/test/auto/SequenceToArray2.xml
----------------- Instantiating /home/travis/build/icyphy/ptII/ptolemy/actor/lib/test/auto/SequenceToArray2.xml
104 ms. Memory: 410624K Free: 235747K (57%)
----------------- Invoking toplevel() on ptolemy.moml.MoMLSimpleApplication@45ec31f9
----------------- Done invoking toplevel() on ptolemy.moml.MoMLSimpleApplication@45ec31f9
reloadAllAccessors: .SequenceToArray2

===========================================================================================
----------------- testing Thu Oct 10 16:47:16 UTC 2019 /home/travis/build/icyphy/ptII/ptolemy/actor/lib/test/auto/SequentialClock.xml
----------------- Instantiating /home/travis/build/icyphy/ptII/ptolemy/actor/lib/test/auto/SequentialClock.xml
1 ms. Memory: 410624K Free: 231651K (56%)
----------------- Invoking toplevel() on ptolemy.moml.MoMLSimpleApplication@571673b1
----------------- Done invoking toplevel() on ptolemy.moml.MoMLSimpleApplication@571673b1
reloadAllAccessors: .SequentialClock

===========================================================================================
----------------- testing Thu Oct 10 16:47:16 UTC 2019 /home/travis/build/icyphy/ptII/ptolemy/actor/lib/test/auto/SetVariable.xml
----------------- Instantiating /home/travis/build/icyphy/ptII/ptolemy/actor/lib/test/auto/SetVariable.xml
5 ms. Memory: 410624K Free: 226531K (55%)
----------------- Invoking toplevel() on ptolemy.moml.MoMLSimpleApplication@108acd7e
----------------- Done invoking toplevel() on ptolemy.moml.MoMLSimpleApplication@108acd7e
reloadAllAccessors: .SetVariable

===========================================================================================
----------------- testing Thu Oct 10 16:47:16 UTC 2019 /home/travis/build/icyphy/ptII/ptolemy/actor/lib/test/auto/SetVariable2.xml
----------------- Instantiating /home/travis/build/icyphy/ptII/ptolemy/actor/lib/test/auto/SetVariable2.xml
10 ms. Memory: 410624K Free: 221411K (54%)
----------------- Invoking toplevel() on ptolemy.moml.MoMLSimpleApplication@4746daa0
----------------- Done invoking toplevel() on ptolemy.moml.MoMLSimpleApplication@4746daa0
reloadAllAccessors: .SetVariable2

===========================================================================================
----------------- testing Thu Oct 10 16:47:16 UTC 2019 /home/travis/build/icyphy/ptII/ptolemy/actor/lib/test/auto/SetVariable3.xml
----------------- Instantiating /home/travis/build/icyphy/ptII/ptolemy/actor/lib/test/auto/SetVariable3.xml
9 ms. Memory: 410624K Free: 216291K (53%)
----------------- Invoking toplevel() on ptolemy.moml.MoMLSimpleApplication@3f219bfe
----------------- Done invoking toplevel() on ptolemy.moml.MoMLSimpleApplication@3f219bfe
reloadAllAccessors: .SetVariable3

===========================================================================================
----------------- testing Thu Oct 10 16:47:16 UTC 2019 /home/travis/build/icyphy/ptII/ptolemy/actor/lib/test/auto/SetVariable4.xml
----------------- Instantiating /home/travis/build/icyphy/ptII/ptolemy/actor/lib/test/auto/SetVariable4.xml
14 ms. Memory: 410624K Free: 207075K (50%)
----------------- Invoking toplevel() on ptolemy.moml.MoMLSimpleApplication@37052151
----------------- Done invoking toplevel() on ptolemy.moml.MoMLSimpleApplication@37052151
reloadAllAccessors: .SetVariable4

===========================================================================================
----------------- testing Thu Oct 10 16:47:16 UTC 2019 /home/travis/build/icyphy/ptII/ptolemy/actor/lib/test/auto/SetVariable5.xml
----------------- Instantiating /home/travis/build/icyphy/ptII/ptolemy/actor/lib/test/auto/SetVariable5.xml
24 ms. Memory: 410624K Free: 197859K (48%)
----------------- Invoking toplevel() on ptolemy.moml.MoMLSimpleApplication@671c31dd
----------------- Done invoking toplevel() on ptolemy.moml.MoMLSimpleApplication@671c31dd
reloadAllAccessors: .SetVariable5

===========================================================================================
----------------- testing Thu Oct 10 16:47:16 UTC 2019 /home/travis/build/icyphy/ptII/ptolemy/actor/lib/test/auto/Sinewave.xml
----------------- Instantiating /home/travis/build/icyphy/ptII/ptolemy/actor/lib/test/auto/Sinewave.xml
5 ms. Memory: 410624K Free: 187619K (46%)
----------------- Invoking toplevel() on ptolemy.moml.MoMLSimpleApplication@475f9251
----------------- Done invoking toplevel() on ptolemy.moml.MoMLSimpleApplication@475f9251
reloadAllAccessors: .Sinewave

===========================================================================================
----------------- testing Thu Oct 10 16:47:16 UTC 2019 /home/travis/build/icyphy/ptII/ptolemy/actor/lib/test/auto/Sinewave2.xml
----------------- Instantiating /home/travis/build/icyphy/ptII/ptolemy/actor/lib/test/auto/Sinewave2.xml
7 ms. Memory: 410624K Free: 178913K (44%)
----------------- Invoking toplevel() on ptolemy.moml.MoMLSimpleApplication@39d7899a
----------------- Done invoking toplevel() on ptolemy.moml.MoMLSimpleApplication@39d7899a
reloadAllAccessors: .Sinewave2

===========================================================================================
----------------- testing Thu Oct 10 16:47:16 UTC 2019 /home/travis/build/icyphy/ptII/ptolemy/actor/lib/test/auto/Sinewave3.xml
----------------- Instantiating /home/travis/build/icyphy/ptII/ptolemy/actor/lib/test/auto/Sinewave3.xml
9 ms. Memory: 410624K Free: 170707K (42%)
----------------- Invoking toplevel() on ptolemy.moml.MoMLSimpleApplication@6dd76a24
----------------- Done invoking toplevel() on ptolemy.moml.MoMLSimpleApplication@6dd76a24
reloadAllAccessors: .Sinewave3

===========================================================================================
----------------- testing Thu Oct 10 16:47:16 UTC 2019 /home/travis/build/icyphy/ptII/ptolemy/actor/lib/test/auto/SingleEvent.xml
----------------- Instantiating /home/travis/build/icyphy/ptII/ptolemy/actor/lib/test/auto/SingleEvent.xml
1 ms. Memory: 410624K Free: 166625K (41%)
----------------- Invoking toplevel() on ptolemy.moml.MoMLSimpleApplication@4fb8a802
----------------- Done invoking toplevel() on ptolemy.moml.MoMLSimpleApplication@4fb8a802
reloadAllAccessors: .SingleEvent

===========================================================================================
----------------- testing Thu Oct 10 16:47:16 UTC 2019 /home/travis/build/icyphy/ptII/ptolemy/actor/lib/test/auto/Sleep.xml
----------------- Instantiating /home/travis/build/icyphy/ptII/ptolemy/actor/lib/test/auto/Sleep.xml
6004 ms. Memory: 410624K Free: 161491K (39%)
----------------- Invoking toplevel() on ptolemy.moml.MoMLSimpleApplication@bfbb38c
----------------- Done invoking toplevel() on ptolemy.moml.MoMLSimpleApplication@bfbb38c
reloadAllAccessors: .Sleep

===========================================================================================
----------------- testing Thu Oct 10 16:47:22 UTC 2019 /home/travis/build/icyphy/ptII/ptolemy/actor/lib/test/auto/SleepMultipleFire.xml
----------------- Instantiating /home/travis/build/icyphy/ptII/ptolemy/actor/lib/test/auto/SleepMultipleFire.xml
1015 ms. Memory: 410624K Free: 155875K (38%)
----------------- Invoking toplevel() on ptolemy.moml.MoMLSimpleApplication@1fe3d1e3
----------------- Done invoking toplevel() on ptolemy.moml.MoMLSimpleApplication@1fe3d1e3
reloadAllAccessors: .SleepMultipleFire

===========================================================================================
----------------- testing Thu Oct 10 16:47:23 UTC 2019 /home/travis/build/icyphy/ptII/ptolemy/actor/lib/test/auto/StopDE.xml
----------------- Instantiating /home/travis/build/icyphy/ptII/ptolemy/actor/lib/test/auto/StopDE.xml
10 ms. Memory: 410624K Free: 149731K (36%)
----------------- Invoking toplevel() on ptolemy.moml.MoMLSimpleApplication@37705045
----------------- Done invoking toplevel() on ptolemy.moml.MoMLSimpleApplication@37705045
reloadAllAccessors: .StopDE

===========================================================================================
----------------- testing Thu Oct 10 16:47:23 UTC 2019 /home/travis/build/icyphy/ptII/ptolemy/actor/lib/test/auto/StopSDF.xml
----------------- Instantiating /home/travis/build/icyphy/ptII/ptolemy/actor/lib/test/auto/StopSDF.xml
5 ms. Memory: 410624K Free: 144611K (35%)
----------------- Invoking toplevel() on ptolemy.moml.MoMLSimpleApplication@2f55857
----------------- Done invoking toplevel() on ptolemy.moml.MoMLSimpleApplication@2f55857
reloadAllAccessors: .StopSDF

===========================================================================================
----------------- testing Thu Oct 10 16:47:23 UTC 2019 /home/travis/build/icyphy/ptII/ptolemy/actor/lib/test/auto/StringConstant.xml
----------------- Instantiating /home/travis/build/icyphy/ptII/ptolemy/actor/lib/test/auto/StringConstant.xml
6 ms. Memory: 410624K Free: 140515K (34%)
----------------- Invoking toplevel() on ptolemy.moml.MoMLSimpleApplication@619d8fad
----------------- Done invoking toplevel() on ptolemy.moml.MoMLSimpleApplication@619d8fad
reloadAllAccessors: .StringConstant

===========================================================================================
----------------- testing Thu Oct 10 16:47:23 UTC 2019 /home/travis/build/icyphy/ptII/ptolemy/actor/lib/test/auto/SubscriberPortInitialValues1.xml
----------------- Instantiating /home/travis/build/icyphy/ptII/ptolemy/actor/lib/test/auto/SubscriberPortInitialValues1.xml
14 ms. Memory: 410624K Free: 131809K (32%)
----------------- Invoking toplevel() on ptolemy.moml.MoMLSimpleApplication@2ff827ff
----------------- Done invoking toplevel() on ptolemy.moml.MoMLSimpleApplication@2ff827ff
reloadAllAccessors: .SubscriberPortInitialValues1

===========================================================================================
----------------- testing Thu Oct 10 16:47:23 UTC 2019 /home/travis/build/icyphy/ptII/ptolemy/actor/lib/test/auto/SubscriberPortInitialValues13.xml
----------------- Instantiating /home/travis/build/icyphy/ptII/ptolemy/actor/lib/test/auto/SubscriberPortInitialValues13.xml
18 ms. Memory: 410624K Free: 360815K (88%)
----------------- Invoking toplevel() on ptolemy.moml.MoMLSimpleApplication@5556bec
----------------- Done invoking toplevel() on ptolemy.moml.MoMLSimpleApplication@5556bec
reloadAllAccessors: .SubscriberPortInitialValues13

===========================================================================================
----------------- testing Thu Oct 10 16:47:23 UTC 2019 /home/travis/build/icyphy/ptII/ptolemy/actor/lib/test/auto/SubscriberPortInitialValues14.xml
----------------- Instantiating /home/travis/build/icyphy/ptII/ptolemy/actor/lib/test/auto/SubscriberPortInitialValues14.xml
4 ms. Memory: 410624K Free: 352685K (86%)
----------------- Invoking toplevel() on ptolemy.moml.MoMLSimpleApplication@6fcd9adf
----------------- Done invoking toplevel() on ptolemy.moml.MoMLSimpleApplication@6fcd9adf
reloadAllAccessors: .SubscriberPortInitialValues14

===========================================================================================
----------------- testing Thu Oct 10 16:47:23 UTC 2019 /home/travis/build/icyphy/ptII/ptolemy/actor/lib/test/auto/SubscriberPortInitialValues2.xml
----------------- Instantiating /home/travis/build/icyphy/ptII/ptolemy/actor/lib/test/auto/SubscriberPortInitialValues2.xml
5 ms. Memory: 410624K Free: 344493K (84%)
----------------- Invoking toplevel() on ptolemy.moml.MoMLSimpleApplication@7ff0bcc8
----------------- Done invoking toplevel() on ptolemy.moml.MoMLSimpleApplication@7ff0bcc8
reloadAllAccessors: .SubscriberPortInitialValues2

===========================================================================================
----------------- testing Thu Oct 10 16:47:23 UTC 2019 /home/travis/build/icyphy/ptII/ptolemy/actor/lib/test/auto/SubscriberPortInitialValues3.xml
----------------- Instantiating /home/travis/build/icyphy/ptII/ptolemy/actor/lib/test/auto/SubscriberPortInitialValues3.xml
4 ms. Memory: 410624K Free: 333743K (81%)
----------------- Invoking toplevel() on ptolemy.moml.MoMLSimpleApplication@2249c1e5
----------------- Done invoking toplevel() on ptolemy.moml.MoMLSimpleApplication@2249c1e5
reloadAllAccessors: .SubscriberPortInitialValues3

===========================================================================================
----------------- testing Thu Oct 10 16:47:23 UTC 2019 /home/travis/build/icyphy/ptII/ptolemy/actor/lib/test/auto/SubscriptionAggregator.xml
----------------- Instantiating /home/travis/build/icyphy/ptII/ptolemy/actor/lib/test/auto/SubscriptionAggregator.xml
2 ms. Memory: 410624K Free: 327071K (80%)
----------------- Invoking toplevel() on ptolemy.moml.MoMLSimpleApplication@67c90cfc
----------------- Done invoking toplevel() on ptolemy.moml.MoMLSimpleApplication@67c90cfc
reloadAllAccessors: .SubscriptionAggregator

===========================================================================================
----------------- testing Thu Oct 10 16:47:23 UTC 2019 /home/travis/build/icyphy/ptII/ptolemy/actor/lib/test/auto/SubscriptionAggregator2.xml
----------------- Instantiating /home/travis/build/icyphy/ptII/ptolemy/actor/lib/test/auto/SubscriptionAggregator2.xml
3 ms. Memory: 410624K Free: 320431K (78%)
----------------- Invoking toplevel() on ptolemy.moml.MoMLSimpleApplication@5ef7861
----------------- Done invoking toplevel() on ptolemy.moml.MoMLSimpleApplication@5ef7861
reloadAllAccessors: .SubscriptionAggregator2

===========================================================================================
----------------- testing Thu Oct 10 16:47:23 UTC 2019 /home/travis/build/icyphy/ptII/ptolemy/actor/lib/test/auto/SubscriptionAggregator3.xml
----------------- Instantiating /home/travis/build/icyphy/ptII/ptolemy/actor/lib/test/auto/SubscriptionAggregator3.xml
3 ms. Memory: 410624K Free: 311215K (76%)
----------------- Invoking toplevel() on ptolemy.moml.MoMLSimpleApplication@2d3a579b
----------------- Done invoking toplevel() on ptolemy.moml.MoMLSimpleApplication@2d3a579b
reloadAllAccessors: .SubscriptionAggregator3

===========================================================================================
----------------- testing Thu Oct 10 16:47:23 UTC 2019 /home/travis/build/icyphy/ptII/ptolemy/actor/lib/test/auto/SubscriptionAggregatorMultiply.xml
----------------- Instantiating /home/travis/build/icyphy/ptII/ptolemy/actor/lib/test/auto/SubscriptionAggregatorMultiply.xml
11 ms. Memory: 410624K Free: 303023K (74%)
----------------- Invoking toplevel() on ptolemy.moml.MoMLSimpleApplication@7c67acdf
----------------- Done invoking toplevel() on ptolemy.moml.MoMLSimpleApplication@7c67acdf
reloadAllAccessors: .SubscriptionAggregatorMultiply

===========================================================================================
----------------- testing Thu Oct 10 16:47:23 UTC 2019 /home/travis/build/icyphy/ptII/ptolemy/actor/lib/test/auto/SubscriptionAggregatorPortMultiply1.xml
----------------- Instantiating /home/travis/build/icyphy/ptII/ptolemy/actor/lib/test/auto/SubscriptionAggregatorPortMultiply1.xml
3 ms. Memory: 410624K Free: 295341K (72%)
----------------- Invoking toplevel() on ptolemy.moml.MoMLSimpleApplication@29c16d36
----------------- Done invoking toplevel() on ptolemy.moml.MoMLSimpleApplication@29c16d36
reloadAllAccessors: .SubscriptionAggregatorPortMultiply1

===========================================================================================
----------------- testing Thu Oct 10 16:47:23 UTC 2019 /home/travis/build/icyphy/ptII/ptolemy/actor/lib/test/auto/Switch.xml
----------------- Instantiating /home/travis/build/icyphy/ptII/ptolemy/actor/lib/test/auto/Switch.xml
9 ms. Memory: 410624K Free: 287149K (70%)
----------------- Invoking toplevel() on ptolemy.moml.MoMLSimpleApplication@5e748619
----------------- Done invoking toplevel() on ptolemy.moml.MoMLSimpleApplication@5e748619
reloadAllAccessors: .Switch

===========================================================================================
----------------- testing Thu Oct 10 16:47:23 UTC 2019 /home/travis/build/icyphy/ptII/ptolemy/actor/lib/test/auto/Switch2.xml
----------------- Instantiating /home/travis/build/icyphy/ptII/ptolemy/actor/lib/test/auto/Switch2.xml
1 ms. Memory: 410624K Free: 282543K (69%)
----------------- Invoking toplevel() on ptolemy.moml.MoMLSimpleApplication@3ec79e26
----------------- Done invoking toplevel() on ptolemy.moml.MoMLSimpleApplication@3ec79e26
reloadAllAccessors: .Switch2

===========================================================================================
----------------- testing Thu Oct 10 16:47:23 UTC 2019 /home/travis/build/icyphy/ptII/ptolemy/actor/lib/test/auto/SwitchDE.xml
----------------- Instantiating /home/travis/build/icyphy/ptII/ptolemy/actor/lib/test/auto/SwitchDE.xml
7 ms. Memory: 410624K Free: 275871K (67%)
----------------- Invoking toplevel() on ptolemy.moml.MoMLSimpleApplication@58b32510
----------------- Done invoking toplevel() on ptolemy.moml.MoMLSimpleApplication@58b32510
reloadAllAccessors: .SwitchDE

===========================================================================================
----------------- testing Thu Oct 10 16:47:23 UTC 2019 /home/travis/build/icyphy/ptII/ptolemy/actor/lib/test/auto/SynchronizerDE.xml
----------------- Instantiating /home/travis/build/icyphy/ptII/ptolemy/actor/lib/test/auto/SynchronizerDE.xml
8 ms. Memory: 410624K Free: 267663K (65%)
----------------- Invoking toplevel() on ptolemy.moml.MoMLSimpleApplication@54c0a2a0
----------------- Done invoking toplevel() on ptolemy.moml.MoMLSimpleApplication@54c0a2a0
reloadAllAccessors: .SynchronizerDE

===========================================================================================
----------------- testing Thu Oct 10 16:47:23 UTC 2019 /home/travis/build/icyphy/ptII/ptolemy/actor/lib/test/auto/Test.xml
----------------- Instantiating /home/travis/build/icyphy/ptII/ptolemy/actor/lib/test/auto/Test.xml
3 ms. Memory: 410624K Free: 262559K (64%)
----------------- Invoking toplevel() on ptolemy.moml.MoMLSimpleApplication@5aca86f2
----------------- Done invoking toplevel() on ptolemy.moml.MoMLSimpleApplication@5aca86f2
reloadAllAccessors: .Test

===========================================================================================
----------------- testing Thu Oct 10 16:47:23 UTC 2019 /home/travis/build/icyphy/ptII/ptolemy/actor/lib/test/auto/TestExceptionAttribute1.xml
----------------- Instantiating /home/travis/build/icyphy/ptII/ptolemy/actor/lib/test/auto/TestExceptionAttribute1.xml
2 ms. Memory: 410624K Free: 258477K (63%)
----------------- Invoking toplevel() on ptolemy.moml.MoMLSimpleApplication@2d859bef
----------------- Done invoking toplevel() on ptolemy.moml.MoMLSimpleApplication@2d859bef
reloadAllAccessors: .TestExceptionAttribute1

===========================================================================================
----------------- testing Thu Oct 10 16:47:23 UTC 2019 /home/travis/build/icyphy/ptII/ptolemy/actor/lib/test/auto/TestExceptionAttribute2.xml
----------------- Instantiating /home/travis/build/icyphy/ptII/ptolemy/actor/lib/test/auto/TestExceptionAttribute2.xml
2 ms. Memory: 410624K Free: 254895K (62%)
----------------- Invoking toplevel() on ptolemy.moml.MoMLSimpleApplication@7aa76a10
----------------- Done invoking toplevel() on ptolemy.moml.MoMLSimpleApplication@7aa76a10
reloadAllAccessors: .TestExceptionAttribute2

===========================================================================================
----------------- testing Thu Oct 10 16:47:23 UTC 2019 /home/travis/build/icyphy/ptII/ptolemy/actor/lib/test/auto/TestExceptionAttribute3.xml
----------------- Instantiating /home/travis/build/icyphy/ptII/ptolemy/actor/lib/test/auto/TestExceptionAttribute3.xml
.TestExceptionAttribute3.TestExceptionAttribute: initialize() was not invoked, but wrapup() was.  This is unusual, but not always a problem.  For example, exporting JNLP will do this.
1 ms. Memory: 410624K Free: 251309K (61%)
----------------- Invoking toplevel() on ptolemy.moml.MoMLSimpleApplication@3aaa4156
----------------- Done invoking toplevel() on ptolemy.moml.MoMLSimpleApplication@3aaa4156
reloadAllAccessors: .TestExceptionAttribute3

===========================================================================================
----------------- testing Thu Oct 10 16:47:23 UTC 2019 /home/travis/build/icyphy/ptII/ptolemy/actor/lib/test/auto/TestExceptionAttribute4.xml
----------------- Instantiating /home/travis/build/icyphy/ptII/ptolemy/actor/lib/test/auto/TestExceptionAttribute4.xml
.TestExceptionAttribute4.TestExceptionAttribute: initialize() was not invoked, but wrapup() was.  This is unusual, but not always a problem.  For example, exporting JNLP will do this.
.TestExceptionAttribute4.TestExceptionAttribute2: initialize() was not invoked, but wrapup() was.  This is unusual, but not always a problem.  For example, exporting JNLP will do this.
1 ms. Memory: 410624K Free: 247213K (60%)
----------------- Invoking toplevel() on ptolemy.moml.MoMLSimpleApplication@64c11010
----------------- Done invoking toplevel() on ptolemy.moml.MoMLSimpleApplication@64c11010
reloadAllAccessors: .TestExceptionAttribute4

===========================================================================================
----------------- testing Thu Oct 10 16:47:23 UTC 2019 /home/travis/build/icyphy/ptII/ptolemy/actor/lib/test/auto/TestExceptionHandler1.xml
----------------- Instantiating /home/travis/build/icyphy/ptII/ptolemy/actor/lib/test/auto/TestExceptionHandler1.xml
1 ms. Memory: 410624K Free: 243631K (59%)
----------------- Invoking toplevel() on ptolemy.moml.MoMLSimpleApplication@6e177d9c
----------------- Done invoking toplevel() on ptolemy.moml.MoMLSimpleApplication@6e177d9c
reloadAllAccessors: .TestExceptionHandler1

===========================================================================================
----------------- testing Thu Oct 10 16:47:23 UTC 2019 /home/travis/build/icyphy/ptII/ptolemy/actor/lib/test/auto/TestExceptionHandler2.xml
----------------- Instantiating /home/travis/build/icyphy/ptII/ptolemy/actor/lib/test/auto/TestExceptionHandler2.xml
1 ms. Memory: 410624K Free: 239535K (58%)
----------------- Invoking toplevel() on ptolemy.moml.MoMLSimpleApplication@493301c6
----------------- Done invoking toplevel() on ptolemy.moml.MoMLSimpleApplication@493301c6
reloadAllAccessors: .TestExceptionHandler2

===========================================================================================
----------------- testing Thu Oct 10 16:47:23 UTC 2019 /home/travis/build/icyphy/ptII/ptolemy/actor/lib/test/auto/TestExceptionHandler3.xml
----------------- Instantiating /home/travis/build/icyphy/ptII/ptolemy/actor/lib/test/auto/TestExceptionHandler3.xml
0 ms. Memory: 410624K Free: 235949K (57%)
----------------- Invoking toplevel() on ptolemy.moml.MoMLSimpleApplication@3f68384d
----------------- Done invoking toplevel() on ptolemy.moml.MoMLSimpleApplication@3f68384d
reloadAllAccessors: .TestExceptionHandler3

===========================================================================================
----------------- testing Thu Oct 10 16:47:24 UTC 2019 /home/travis/build/icyphy/ptII/ptolemy/actor/lib/test/auto/TestExceptionHandler4.xml
----------------- Instantiating /home/travis/build/icyphy/ptII/ptolemy/actor/lib/test/auto/TestExceptionHandler4.xml
1 ms. Memory: 410624K Free: 231853K (56%)
----------------- Invoking toplevel() on ptolemy.moml.MoMLSimpleApplication@22f3df12
----------------- Done invoking toplevel() on ptolemy.moml.MoMLSimpleApplication@22f3df12
reloadAllAccessors: .TestExceptionHandler4

===========================================================================================
----------------- testing Thu Oct 10 16:47:24 UTC 2019 /home/travis/build/icyphy/ptII/ptolemy/actor/lib/test/auto/TestRequireCorrectOrder.xml
----------------- Instantiating /home/travis/build/icyphy/ptII/ptolemy/actor/lib/test/auto/TestRequireCorrectOrder.xml
7 ms. Memory: 410624K Free: 226223K (55%)
----------------- Invoking toplevel() on ptolemy.moml.MoMLSimpleApplication@2c0b3bf9
----------------- Done invoking toplevel() on ptolemy.moml.MoMLSimpleApplication@2c0b3bf9
reloadAllAccessors: .TestRequireCorrectOrder

===========================================================================================
----------------- testing Thu Oct 10 16:47:24 UTC 2019 /home/travis/build/icyphy/ptII/ptolemy/actor/lib/test/auto/TestSimple.xml
----------------- Instantiating /home/travis/build/icyphy/ptII/ptolemy/actor/lib/test/auto/TestSimple.xml
2 ms. Memory: 410624K Free: 222127K (54%)
----------------- Invoking toplevel() on ptolemy.moml.MoMLSimpleApplication@3f511c8f
----------------- Done invoking toplevel() on ptolemy.moml.MoMLSimpleApplication@3f511c8f
reloadAllAccessors: .TestSimple

===========================================================================================
----------------- testing Thu Oct 10 16:47:24 UTC 2019 /home/travis/build/icyphy/ptII/ptolemy/actor/lib/test/auto/ThrowModelError.xml
----------------- Instantiating /home/travis/build/icyphy/ptII/ptolemy/actor/lib/test/auto/ThrowModelError.xml
1 ms. Memory: 410624K Free: 217517K (53%)
----------------- Invoking toplevel() on ptolemy.moml.MoMLSimpleApplication@1f892b1f
----------------- Done invoking toplevel() on ptolemy.moml.MoMLSimpleApplication@1f892b1f
reloadAllAccessors: .ThrowModelError

===========================================================================================
----------------- testing Thu Oct 10 16:47:24 UTC 2019 /home/travis/build/icyphy/ptII/ptolemy/actor/lib/test/auto/TimeDelayMicrosteps.xml
----------------- Instantiating /home/travis/build/icyphy/ptII/ptolemy/actor/lib/test/auto/TimeDelayMicrosteps.xml
2 ms. Memory: 410624K Free: 210863K (51%)
----------------- Invoking toplevel() on ptolemy.moml.MoMLSimpleApplication@8ef154d
----------------- Done invoking toplevel() on ptolemy.moml.MoMLSimpleApplication@8ef154d
reloadAllAccessors: .TimeDelayMicrosteps

===========================================================================================
----------------- testing Thu Oct 10 16:47:24 UTC 2019 /home/travis/build/icyphy/ptII/ptolemy/actor/lib/test/auto/TimeDelayMicrosteps2.xml
----------------- Instantiating /home/travis/build/icyphy/ptII/ptolemy/actor/lib/test/auto/TimeDelayMicrosteps2.xml
7 ms. Memory: 410624K Free: 203175K (49%)
----------------- Invoking toplevel() on ptolemy.moml.MoMLSimpleApplication@607b2de7
----------------- Done invoking toplevel() on ptolemy.moml.MoMLSimpleApplication@607b2de7
reloadAllAccessors: .TimeDelayMicrosteps2

===========================================================================================
----------------- testing Thu Oct 10 16:47:24 UTC 2019 /home/travis/build/icyphy/ptII/ptolemy/actor/lib/test/auto/TimeDelayMicrosteps3.xml
----------------- Instantiating /home/travis/build/icyphy/ptII/ptolemy/actor/lib/test/auto/TimeDelayMicrosteps3.xml
3 ms. Memory: 410624K Free: 197007K (48%)
----------------- Invoking toplevel() on ptolemy.moml.MoMLSimpleApplication@49767a16
----------------- Done invoking toplevel() on ptolemy.moml.MoMLSimpleApplication@49767a16
reloadAllAccessors: .TimeDelayMicrosteps3

===========================================================================================
----------------- testing Thu Oct 10 16:47:24 UTC 2019 /home/travis/build/icyphy/ptII/ptolemy/actor/lib/test/auto/TimeDelayVariableMicrosteps.xml
----------------- Instantiating /home/travis/build/icyphy/ptII/ptolemy/actor/lib/test/auto/TimeDelayVariableMicrosteps.xml
4 ms. Memory: 410624K Free: 190891K (46%)
----------------- Invoking toplevel() on ptolemy.moml.MoMLSimpleApplication@56518f80
----------------- Done invoking toplevel() on ptolemy.moml.MoMLSimpleApplication@56518f80
reloadAllAccessors: .TimeDelayVariableMicrosteps

===========================================================================================
----------------- testing Thu Oct 10 16:47:24 UTC 2019 /home/travis/build/icyphy/ptII/ptolemy/actor/lib/test/auto/TimeGap.xml
----------------- Instantiating /home/travis/build/icyphy/ptII/ptolemy/actor/lib/test/auto/TimeGap.xml
5 ms. Memory: 410624K Free: 185759K (45%)
----------------- Invoking toplevel() on ptolemy.moml.MoMLSimpleApplication@15ca86de
----------------- Done invoking toplevel() on ptolemy.moml.MoMLSimpleApplication@15ca86de
reloadAllAccessors: .TimeGap

===========================================================================================
----------------- testing Thu Oct 10 16:47:24 UTC 2019 /home/travis/build/icyphy/ptII/ptolemy/actor/lib/test/auto/TimeGap2.xml
----------------- Instantiating /home/travis/build/icyphy/ptII/ptolemy/actor/lib/test/auto/TimeGap2.xml
2 ms. Memory: 410624K Free: 179599K (44%)
----------------- Invoking toplevel() on ptolemy.moml.MoMLSimpleApplication@55c5b593
----------------- Done invoking toplevel() on ptolemy.moml.MoMLSimpleApplication@55c5b593
reloadAllAccessors: .TimeGap2

===========================================================================================
----------------- testing Thu Oct 10 16:47:24 UTC 2019 /home/travis/build/icyphy/ptII/ptolemy/actor/lib/test/auto/TimedSinewave.xml
----------------- Instantiating /home/travis/build/icyphy/ptII/ptolemy/actor/lib/test/auto/TimedSinewave.xml
23 ms. Memory: 410624K Free: 165293K (40%)
----------------- Invoking toplevel() on ptolemy.moml.MoMLSimpleApplication@26f11639
----------------- Done invoking toplevel() on ptolemy.moml.MoMLSimpleApplication@26f11639
reloadAllAccessors: .TimedSinewave

===========================================================================================
----------------- testing Thu Oct 10 16:47:24 UTC 2019 /home/travis/build/icyphy/ptII/ptolemy/actor/lib/test/auto/TimedSinewavePhase.xml
----------------- Instantiating /home/travis/build/icyphy/ptII/ptolemy/actor/lib/test/auto/TimedSinewavePhase.xml
10 ms. Memory: 410624K Free: 155567K (38%)
----------------- Invoking toplevel() on ptolemy.moml.MoMLSimpleApplication@6780aa88
----------------- Done invoking toplevel() on ptolemy.moml.MoMLSimpleApplication@6780aa88
reloadAllAccessors: .TimedSinewavePhase

===========================================================================================
----------------- testing Thu Oct 10 16:47:24 UTC 2019 /home/travis/build/icyphy/ptII/ptolemy/actor/lib/test/auto/Timer.xml
----------------- Instantiating /home/travis/build/icyphy/ptII/ptolemy/actor/lib/test/auto/Timer.xml
2 ms. Memory: 410624K Free: 149423K (36%)
----------------- Invoking toplevel() on ptolemy.moml.MoMLSimpleApplication@18ab9b95
----------------- Done invoking toplevel() on ptolemy.moml.MoMLSimpleApplication@18ab9b95
reloadAllAccessors: .Timer

===========================================================================================
----------------- testing Thu Oct 10 16:47:24 UTC 2019 /home/travis/build/icyphy/ptII/ptolemy/actor/lib/test/auto/TriangularDistTestModel.xml
----------------- Instantiating /home/travis/build/icyphy/ptII/ptolemy/actor/lib/test/auto/TriangularDistTestModel.xml
2 ms. Memory: 410624K Free: 143775K (35%)
----------------- Invoking toplevel() on ptolemy.moml.MoMLSimpleApplication@118734ab
----------------- Done invoking toplevel() on ptolemy.moml.MoMLSimpleApplication@118734ab
reloadAllAccessors: .TriangularDistTestModel

===========================================================================================
----------------- testing Thu Oct 10 16:47:24 UTC 2019 /home/travis/build/icyphy/ptII/ptolemy/actor/lib/test/auto/TrigFunction.xml
----------------- Instantiating /home/travis/build/icyphy/ptII/ptolemy/actor/lib/test/auto/TrigFunction.xml
2 ms. Memory: 410624K Free: 139183K (34%)
----------------- Invoking toplevel() on ptolemy.moml.MoMLSimpleApplication@4508266d
----------------- Done invoking toplevel() on ptolemy.moml.MoMLSimpleApplication@4508266d
reloadAllAccessors: .TrigFunction

===========================================================================================
----------------- testing Thu Oct 10 16:47:24 UTC 2019 /home/travis/build/icyphy/ptII/ptolemy/actor/lib/test/auto/TrigFunctionDE.xml
----------------- Instantiating /home/travis/build/icyphy/ptII/ptolemy/actor/lib/test/auto/TrigFunctionDE.xml
12 ms. Memory: 410624K Free: 133039K (32%)
----------------- Invoking toplevel() on ptolemy.moml.MoMLSimpleApplication@4edd149b
----------------- Done invoking toplevel() on ptolemy.moml.MoMLSimpleApplication@4edd149b
reloadAllAccessors: .TrigFunctionDE

===========================================================================================
----------------- testing Thu Oct 10 16:47:24 UTC 2019 /home/travis/build/icyphy/ptII/ptolemy/actor/lib/test/auto/TrigFunctionInverse.xml
----------------- Instantiating /home/travis/build/icyphy/ptII/ptolemy/actor/lib/test/auto/TrigFunctionInverse.xml
2 ms. Memory: 410624K Free: 127919K (31%)
----------------- Invoking toplevel() on ptolemy.moml.MoMLSimpleApplication@6ef9ad2f
----------------- Done invoking toplevel() on ptolemy.moml.MoMLSimpleApplication@6ef9ad2f
reloadAllAccessors: .TrigFunctionInverse

===========================================================================================
----------------- testing Thu Oct 10 16:47:24 UTC 2019 /home/travis/build/icyphy/ptII/ptolemy/actor/lib/test/auto/TrigFunctionTan.xml
----------------- Instantiating /home/travis/build/icyphy/ptII/ptolemy/actor/lib/test/auto/TrigFunctionTan.xml
2 ms. Memory: 410624K Free: 123823K (30%)
----------------- Invoking toplevel() on ptolemy.moml.MoMLSimpleApplication@7b47f09
----------------- Done invoking toplevel() on ptolemy.moml.MoMLSimpleApplication@7b47f09
reloadAllAccessors: .TrigFunctionTan

===========================================================================================
----------------- testing Thu Oct 10 16:47:24 UTC 2019 /home/travis/build/icyphy/ptII/ptolemy/actor/lib/test/auto/TriggeredClock.xml
----------------- Instantiating /home/travis/build/icyphy/ptII/ptolemy/actor/lib/test/auto/TriggeredClock.xml
13 ms. Memory: 410624K Free: 361110K (88%)
----------------- Invoking toplevel() on ptolemy.moml.MoMLSimpleApplication@32d59d97
----------------- Done invoking toplevel() on ptolemy.moml.MoMLSimpleApplication@32d59d97
reloadAllAccessors: .TriggeredClock

===========================================================================================
----------------- testing Thu Oct 10 16:47:24 UTC 2019 /home/travis/build/icyphy/ptII/ptolemy/actor/lib/test/auto/URLDirectoryReader.xml
----------------- Instantiating /home/travis/build/icyphy/ptII/ptolemy/actor/lib/test/auto/URLDirectoryReader.xml
30 ms. Memory: 410624K Free: 352182K (86%)
----------------- Invoking toplevel() on ptolemy.moml.MoMLSimpleApplication@2903227e
----------------- Done invoking toplevel() on ptolemy.moml.MoMLSimpleApplication@2903227e
reloadAllAccessors: .URLDirectoryReader

===========================================================================================
----------------- testing Thu Oct 10 16:47:24 UTC 2019 /home/travis/build/icyphy/ptII/ptolemy/actor/lib/test/auto/URLDirectoryReader3.xml
----------------- Instantiating /home/travis/build/icyphy/ptII/ptolemy/actor/lib/test/auto/URLDirectoryReader3.xml

===========================================================================================
----------------- testing Thu Oct 10 16:47:24 UTC 2019 /home/travis/build/icyphy/ptII/ptolemy/actor/lib/test/auto/UnaryMathFunction.xml
----------------- Instantiating /home/travis/build/icyphy/ptII/ptolemy/actor/lib/test/auto/UnaryMathFunction.xml
6 ms. Memory: 410624K Free: 340918K (83%)
----------------- Invoking toplevel() on ptolemy.moml.MoMLSimpleApplication@5dd28698
----------------- Done invoking toplevel() on ptolemy.moml.MoMLSimpleApplication@5dd28698
reloadAllAccessors: .UnaryMathFunction

===========================================================================================
----------------- testing Thu Oct 10 16:47:24 UTC 2019 /home/travis/build/icyphy/ptII/ptolemy/actor/lib/test/auto/Uniform.xml
----------------- Instantiating /home/travis/build/icyphy/ptII/ptolemy/actor/lib/test/auto/Uniform.xml
2 ms. Memory: 410624K Free: 336308K (82%)
----------------- Invoking toplevel() on ptolemy.moml.MoMLSimpleApplication@2cd04d91
----------------- Done invoking toplevel() on ptolemy.moml.MoMLSimpleApplication@2cd04d91
reloadAllAccessors: .Uniform

===========================================================================================
----------------- testing Thu Oct 10 16:47:24 UTC 2019 /home/travis/build/icyphy/ptII/ptolemy/actor/lib/test/auto/UnionDisassemblerTest.xml
----------------- Instantiating /home/travis/build/icyphy/ptII/ptolemy/actor/lib/test/auto/UnionDisassemblerTest.xml
16 ms. Memory: 410624K Free: 332726K (81%)
----------------- Invoking toplevel() on ptolemy.moml.MoMLSimpleApplication@5fd2bb45
----------------- Done invoking toplevel() on ptolemy.moml.MoMLSimpleApplication@5fd2bb45
reloadAllAccessors: .UnionDisassemblerTest

===========================================================================================
----------------- testing Thu Oct 10 16:47:24 UTC 2019 /home/travis/build/icyphy/ptII/ptolemy/actor/lib/test/auto/UtilityFunctions.xml
----------------- Instantiating /home/travis/build/icyphy/ptII/ptolemy/actor/lib/test/auto/UtilityFunctions.xml
1 ms. Memory: 410624K Free: 328116K (80%)
----------------- Invoking toplevel() on ptolemy.moml.MoMLSimpleApplication@6cd8bd50
----------------- Done invoking toplevel() on ptolemy.moml.MoMLSimpleApplication@6cd8bd50
reloadAllAccessors: .UtilityFunctions

===========================================================================================
----------------- testing Thu Oct 10 16:47:24 UTC 2019 /home/travis/build/icyphy/ptII/ptolemy/actor/lib/test/auto/VariableSleep.xml
----------------- Instantiating /home/travis/build/icyphy/ptII/ptolemy/actor/lib/test/auto/VariableSleep.xml
504 ms. Memory: 410624K Free: 322996K (79%)
----------------- Invoking toplevel() on ptolemy.moml.MoMLSimpleApplication@11ae6b22
----------------- Done invoking toplevel() on ptolemy.moml.MoMLSimpleApplication@11ae6b22
reloadAllAccessors: .VariableSleep

===========================================================================================
----------------- testing Thu Oct 10 16:47:25 UTC 2019 /home/travis/build/icyphy/ptII/ptolemy/actor/lib/test/auto/VectorAssemblerDisassemblerCT.xml
----------------- Instantiating /home/travis/build/icyphy/ptII/ptolemy/actor/lib/test/auto/VectorAssemblerDisassemblerCT.xml
77 ms. Memory: 410624K Free: 302516K (74%)
----------------- Invoking toplevel() on ptolemy.moml.MoMLSimpleApplication@90ddcf8
----------------- Done invoking toplevel() on ptolemy.moml.MoMLSimpleApplication@90ddcf8
reloadAllAccessors: .VectorAssemblerDisassemblerCT

===========================================================================================
----------------- testing Thu Oct 10 16:47:25 UTC 2019 /home/travis/build/icyphy/ptII/ptolemy/actor/lib/test/auto/VectorAssemblerDisassemblerDE.xml
----------------- Instantiating /home/travis/build/icyphy/ptII/ptolemy/actor/lib/test/auto/VectorAssemblerDisassemblerDE.xml
4 ms. Memory: 410624K Free: 294838K (72%)
----------------- Invoking toplevel() on ptolemy.moml.MoMLSimpleApplication@1ba5a303
----------------- Done invoking toplevel() on ptolemy.moml.MoMLSimpleApplication@1ba5a303
reloadAllAccessors: .VectorAssemblerDisassemblerDE

===========================================================================================
----------------- testing Thu Oct 10 16:47:25 UTC 2019 /home/travis/build/icyphy/ptII/ptolemy/actor/lib/test/auto/VectorAssemblerDisassemblerSDF.xml
----------------- Instantiating /home/travis/build/icyphy/ptII/ptolemy/actor/lib/test/auto/VectorAssemblerDisassemblerSDF.xml
2 ms. Memory: 410624K Free: 288166K (70%)
----------------- Invoking toplevel() on ptolemy.moml.MoMLSimpleApplication@31ba447f
----------------- Done invoking toplevel() on ptolemy.moml.MoMLSimpleApplication@31ba447f
reloadAllAccessors: .VectorAssemblerDisassemblerSDF

===========================================================================================
----------------- testing Thu Oct 10 16:47:25 UTC 2019 /home/travis/build/icyphy/ptII/ptolemy/actor/lib/test/auto/WallClockTime.xml
----------------- Instantiating /home/travis/build/icyphy/ptII/ptolemy/actor/lib/test/auto/WallClockTime.xml
1005 ms. Memory: 410624K Free: 283060K (69%)
----------------- Invoking toplevel() on ptolemy.moml.MoMLSimpleApplication@bb68317
----------------- Done invoking toplevel() on ptolemy.moml.MoMLSimpleApplication@bb68317
reloadAllAccessors: .WallClockTime

===========================================================================================
----------------- testing Thu Oct 10 16:47:26 UTC 2019 /home/travis/build/icyphy/ptII/ptolemy/actor/lib/test/auto/WidthTestWithSubscriberPublisher.xml
----------------- Instantiating /home/travis/build/icyphy/ptII/ptolemy/actor/lib/test/auto/WidthTestWithSubscriberPublisher.xml
7 ms. Memory: 410624K Free: 265142K (65%)
----------------- Invoking toplevel() on ptolemy.moml.MoMLSimpleApplication@366dd4cc
----------------- Done invoking toplevel() on ptolemy.moml.MoMLSimpleApplication@366dd4cc
reloadAllAccessors: .WidthTestWithSubscriberPublisher

===========================================================================================
----------------- testing Thu Oct 10 16:47:26 UTC 2019 /home/travis/build/icyphy/ptII/ptolemy/actor/lib/test/auto/WidthTestWithSubscriberPublisher2.xml
----------------- Instantiating /home/travis/build/icyphy/ptII/ptolemy/actor/lib/test/auto/WidthTestWithSubscriberPublisher2.xml
5 ms. Memory: 410624K Free: 258998K (63%)
----------------- Invoking toplevel() on ptolemy.moml.MoMLSimpleApplication@3580ac74
----------------- Done invoking toplevel() on ptolemy.moml.MoMLSimpleApplication@3580ac74
reloadAllAccessors: .WidthTestWithSubscriberPublisher2

===========================================================================================
----------------- testing Thu Oct 10 16:47:26 UTC 2019 /home/travis/build/icyphy/ptII/ptolemy/actor/lib/test/auto/WidthTestWithSubscriberPublisher3.xml
----------------- Instantiating /home/travis/build/icyphy/ptII/ptolemy/actor/lib/test/auto/WidthTestWithSubscriberPublisher3.xml
2 ms. Memory: 410624K Free: 253364K (62%)
----------------- Invoking toplevel() on ptolemy.moml.MoMLSimpleApplication@6f431248
----------------- Done invoking toplevel() on ptolemy.moml.MoMLSimpleApplication@6f431248
reloadAllAccessors: .WidthTestWithSubscriberPublisher3

===========================================================================================
----------------- testing Thu Oct 10 16:47:26 UTC 2019 /home/travis/build/icyphy/ptII/ptolemy/actor/lib/test/auto/Writer.xml
----------------- Instantiating /home/travis/build/icyphy/ptII/ptolemy/actor/lib/test/auto/Writer.xml
0
1
2
3
4
1 ms. Memory: 410624K Free: 248758K (61%)
----------------- Invoking toplevel() on ptolemy.moml.MoMLSimpleApplication@30dfc857
----------------- Done invoking toplevel() on ptolemy.moml.MoMLSimpleApplication@30dfc857
reloadAllAccessors: .Writer

===========================================================================================
----------------- testing Thu Oct 10 16:47:26 UTC 2019 /home/travis/build/icyphy/ptII/ptolemy/actor/lib/test/auto/array.xml
----------------- Instantiating /home/travis/build/icyphy/ptII/ptolemy/actor/lib/test/auto/array.xml
2 ms. Memory: 410624K Free: 244148K (59%)
----------------- Invoking toplevel() on ptolemy.moml.MoMLSimpleApplication@236113af
----------------- Done invoking toplevel() on ptolemy.moml.MoMLSimpleApplication@236113af
reloadAllAccessors: .array

===========================================================================================
----------------- testing Thu Oct 10 16:47:26 UTC 2019 /home/travis/build/icyphy/ptII/ptolemy/actor/lib/test/auto/array2.xml
----------------- Instantiating /home/travis/build/icyphy/ptII/ptolemy/actor/lib/test/auto/array2.xml
19 ms. Memory: 410624K Free: 238518K (58%)
----------------- Invoking toplevel() on ptolemy.moml.MoMLSimpleApplication@74e93343
----------------- Done invoking toplevel() on ptolemy.moml.MoMLSimpleApplication@74e93343
reloadAllAccessors: .array2

===========================================================================================
----------------- testing Thu Oct 10 16:47:26 UTC 2019 /home/travis/build/icyphy/ptII/ptolemy/actor/lib/test/auto/arrayType.xml
----------------- Instantiating /home/travis/build/icyphy/ptII/ptolemy/actor/lib/test/auto/arrayType.xml
2 ms. Memory: 410624K Free: 233398K (57%)
----------------- Invoking toplevel() on ptolemy.moml.MoMLSimpleApplication@3819a7ed
----------------- Done invoking toplevel() on ptolemy.moml.MoMLSimpleApplication@3819a7ed
reloadAllAccessors: .arrayType

===========================================================================================
----------------- testing Thu Oct 10 16:47:26 UTC 2019 /home/travis/build/icyphy/ptII/ptolemy/actor/lib/test/auto/arrayType10.xml
----------------- Instantiating /home/travis/build/icyphy/ptII/ptolemy/actor/lib/test/auto/arrayType10.xml
2 ms. Memory: 410624K Free: 228788K (56%)
----------------- Invoking toplevel() on ptolemy.moml.MoMLSimpleApplication@5ef7f959
----------------- Done invoking toplevel() on ptolemy.moml.MoMLSimpleApplication@5ef7f959
reloadAllAccessors: .arrayType10

===========================================================================================
----------------- testing Thu Oct 10 16:47:26 UTC 2019 /home/travis/build/icyphy/ptII/ptolemy/actor/lib/test/auto/arrayType11.xml
----------------- Instantiating /home/travis/build/icyphy/ptII/ptolemy/actor/lib/test/auto/arrayType11.xml
2 ms. Memory: 410624K Free: 222644K (54%)
----------------- Invoking toplevel() on ptolemy.moml.MoMLSimpleApplication@6f5f3651
----------------- Done invoking toplevel() on ptolemy.moml.MoMLSimpleApplication@6f5f3651
reloadAllAccessors: .arrayType11

===========================================================================================
----------------- testing Thu Oct 10 16:47:26 UTC 2019 /home/travis/build/icyphy/ptII/ptolemy/actor/lib/test/auto/arrayType12.xml
----------------- Instantiating /home/travis/build/icyphy/ptII/ptolemy/actor/lib/test/auto/arrayType12.xml
2 ms. Memory: 410624K Free: 218038K (53%)
----------------- Invoking toplevel() on ptolemy.moml.MoMLSimpleApplication@2b5719eb
----------------- Done invoking toplevel() on ptolemy.moml.MoMLSimpleApplication@2b5719eb
reloadAllAccessors: .arrayType12

===========================================================================================
----------------- testing Thu Oct 10 16:47:26 UTC 2019 /home/travis/build/icyphy/ptII/ptolemy/actor/lib/test/auto/arrayType13.xml
----------------- Instantiating /home/travis/build/icyphy/ptII/ptolemy/actor/lib/test/auto/arrayType13.xml
1 ms. Memory: 410624K Free: 212918K (52%)
----------------- Invoking toplevel() on ptolemy.moml.MoMLSimpleApplication@3ace7c80
----------------- Done invoking toplevel() on ptolemy.moml.MoMLSimpleApplication@3ace7c80
reloadAllAccessors: .arrayType13

===========================================================================================
----------------- testing Thu Oct 10 16:47:26 UTC 2019 /home/travis/build/icyphy/ptII/ptolemy/actor/lib/test/auto/arrayType14.xml
----------------- Instantiating /home/travis/build/icyphy/ptII/ptolemy/actor/lib/test/auto/arrayType14.xml
2 ms. Memory: 410624K Free: 207284K (50%)
----------------- Invoking toplevel() on ptolemy.moml.MoMLSimpleApplication@f930a35
----------------- Done invoking toplevel() on ptolemy.moml.MoMLSimpleApplication@f930a35
reloadAllAccessors: .arrayType14

===========================================================================================
----------------- testing Thu Oct 10 16:47:26 UTC 2019 /home/travis/build/icyphy/ptII/ptolemy/actor/lib/test/auto/arrayType15.xml
----------------- Instantiating /home/travis/build/icyphy/ptII/ptolemy/actor/lib/test/auto/arrayType15.xml
3 ms. Memory: 410624K Free: 202164K (49%)
----------------- Invoking toplevel() on ptolemy.moml.MoMLSimpleApplication@5d0632f0
----------------- Done invoking toplevel() on ptolemy.moml.MoMLSimpleApplication@5d0632f0
reloadAllAccessors: .arrayType15

===========================================================================================
----------------- testing Thu Oct 10 16:47:26 UTC 2019 /home/travis/build/icyphy/ptII/ptolemy/actor/lib/test/auto/arrayType16.xml
----------------- Instantiating /home/travis/build/icyphy/ptII/ptolemy/actor/lib/test/auto/arrayType16.xml
8 ms. Memory: 410624K Free: 197044K (48%)
----------------- Invoking toplevel() on ptolemy.moml.MoMLSimpleApplication@6b2bf07
----------------- Done invoking toplevel() on ptolemy.moml.MoMLSimpleApplication@6b2bf07
reloadAllAccessors: .arrayType16

===========================================================================================
----------------- testing Thu Oct 10 16:47:26 UTC 2019 /home/travis/build/icyphy/ptII/ptolemy/actor/lib/test/auto/arrayType17.xml
----------------- Instantiating /home/travis/build/icyphy/ptII/ptolemy/actor/lib/test/auto/arrayType17.xml
2 ms. Memory: 410624K Free: 191414K (47%)
----------------- Invoking toplevel() on ptolemy.moml.MoMLSimpleApplication@450955a1
----------------- Done invoking toplevel() on ptolemy.moml.MoMLSimpleApplication@450955a1
reloadAllAccessors: .arrayType17

===========================================================================================
----------------- testing Thu Oct 10 16:47:26 UTC 2019 /home/travis/build/icyphy/ptII/ptolemy/actor/lib/test/auto/arrayType18.xml
----------------- Instantiating /home/travis/build/icyphy/ptII/ptolemy/actor/lib/test/auto/arrayType18.xml
2 ms. Memory: 410624K Free: 186804K (45%)
----------------- Invoking toplevel() on ptolemy.moml.MoMLSimpleApplication@94b502c
----------------- Done invoking toplevel() on ptolemy.moml.MoMLSimpleApplication@94b502c
reloadAllAccessors: .arrayType18

===========================================================================================
----------------- testing Thu Oct 10 16:47:26 UTC 2019 /home/travis/build/icyphy/ptII/ptolemy/actor/lib/test/auto/arrayType19.xml
----------------- Instantiating /home/travis/build/icyphy/ptII/ptolemy/actor/lib/test/auto/arrayType19.xml
1 ms. Memory: 410624K Free: 181684K (44%)
----------------- Invoking toplevel() on ptolemy.moml.MoMLSimpleApplication@2a6cd07d
----------------- Done invoking toplevel() on ptolemy.moml.MoMLSimpleApplication@2a6cd07d
reloadAllAccessors: .arrayType19

===========================================================================================
----------------- testing Thu Oct 10 16:47:26 UTC 2019 /home/travis/build/icyphy/ptII/ptolemy/actor/lib/test/auto/arrayType2.xml
----------------- Instantiating /home/travis/build/icyphy/ptII/ptolemy/actor/lib/test/auto/arrayType2.xml
2 ms. Memory: 410624K Free: 176564K (43%)
----------------- Invoking toplevel() on ptolemy.moml.MoMLSimpleApplication@5ff8668a
----------------- Done invoking toplevel() on ptolemy.moml.MoMLSimpleApplication@5ff8668a
reloadAllAccessors: .arrayType2

===========================================================================================
----------------- testing Thu Oct 10 16:47:26 UTC 2019 /home/travis/build/icyphy/ptII/ptolemy/actor/lib/test/auto/arrayType20.xml
----------------- Instantiating /home/travis/build/icyphy/ptII/ptolemy/actor/lib/test/auto/arrayType20.xml
2 ms. Memory: 410624K Free: 171958K (42%)
----------------- Invoking toplevel() on ptolemy.moml.MoMLSimpleApplication@7e8b1617
----------------- Done invoking toplevel() on ptolemy.moml.MoMLSimpleApplication@7e8b1617
reloadAllAccessors: .arrayType20

===========================================================================================
----------------- testing Thu Oct 10 16:47:26 UTC 2019 /home/travis/build/icyphy/ptII/ptolemy/actor/lib/test/auto/arrayType21.xml
----------------- Instantiating /home/travis/build/icyphy/ptII/ptolemy/actor/lib/test/auto/arrayType21.xml
1 ms. Memory: 410624K Free: 166838K (41%)
----------------- Invoking toplevel() on ptolemy.moml.MoMLSimpleApplication@6906a9e6
----------------- Done invoking toplevel() on ptolemy.moml.MoMLSimpleApplication@6906a9e6
reloadAllAccessors: .arrayType21

===========================================================================================
----------------- testing Thu Oct 10 16:47:26 UTC 2019 /home/travis/build/icyphy/ptII/ptolemy/actor/lib/test/auto/arrayType22.xml
----------------- Instantiating /home/travis/build/icyphy/ptII/ptolemy/actor/lib/test/auto/arrayType22.xml
2 ms. Memory: 410624K Free: 162228K (40%)
----------------- Invoking toplevel() on ptolemy.moml.MoMLSimpleApplication@c3db4d2
----------------- Done invoking toplevel() on ptolemy.moml.MoMLSimpleApplication@c3db4d2
reloadAllAccessors: .arrayType22

===========================================================================================
----------------- testing Thu Oct 10 16:47:26 UTC 2019 /home/travis/build/icyphy/ptII/ptolemy/actor/lib/test/auto/arrayType23.xml
----------------- Instantiating /home/travis/build/icyphy/ptII/ptolemy/actor/lib/test/auto/arrayType23.xml
2 ms. Memory: 410624K Free: 157108K (38%)
----------------- Invoking toplevel() on ptolemy.moml.MoMLSimpleApplication@5deaf2b6
----------------- Done invoking toplevel() on ptolemy.moml.MoMLSimpleApplication@5deaf2b6
reloadAllAccessors: .arrayType23

===========================================================================================
----------------- testing Thu Oct 10 16:47:26 UTC 2019 /home/travis/build/icyphy/ptII/ptolemy/actor/lib/test/auto/arrayType24.xml
----------------- Instantiating /home/travis/build/icyphy/ptII/ptolemy/actor/lib/test/auto/arrayType24.xml
2 ms. Memory: 410624K Free: 152502K (37%)
----------------- Invoking toplevel() on ptolemy.moml.MoMLSimpleApplication@3b5a73f8
----------------- Done invoking toplevel() on ptolemy.moml.MoMLSimpleApplication@3b5a73f8
reloadAllAccessors: .arrayType24

===========================================================================================
----------------- testing Thu Oct 10 16:47:26 UTC 2019 /home/travis/build/icyphy/ptII/ptolemy/actor/lib/test/auto/arrayType25.xml
----------------- Instantiating /home/travis/build/icyphy/ptII/ptolemy/actor/lib/test/auto/arrayType25.xml
2 ms. Memory: 410624K Free: 147382K (36%)
----------------- Invoking toplevel() on ptolemy.moml.MoMLSimpleApplication@25cf01c3
----------------- Done invoking toplevel() on ptolemy.moml.MoMLSimpleApplication@25cf01c3
reloadAllAccessors: .arrayType25

===========================================================================================
----------------- testing Thu Oct 10 16:47:26 UTC 2019 /home/travis/build/icyphy/ptII/ptolemy/actor/lib/test/auto/arrayType26.xml
----------------- Instantiating /home/travis/build/icyphy/ptII/ptolemy/actor/lib/test/auto/arrayType26.xml
2 ms. Memory: 410624K Free: 141748K (35%)
----------------- Invoking toplevel() on ptolemy.moml.MoMLSimpleApplication@72285ee6
----------------- Done invoking toplevel() on ptolemy.moml.MoMLSimpleApplication@72285ee6
reloadAllAccessors: .arrayType26

===========================================================================================
----------------- testing Thu Oct 10 16:47:26 UTC 2019 /home/travis/build/icyphy/ptII/ptolemy/actor/lib/test/auto/arrayType27.xml
----------------- Instantiating /home/travis/build/icyphy/ptII/ptolemy/actor/lib/test/auto/arrayType27.xml
2 ms. Memory: 410624K Free: 136628K (33%)
----------------- Invoking toplevel() on ptolemy.moml.MoMLSimpleApplication@32a32da9
----------------- Done invoking toplevel() on ptolemy.moml.MoMLSimpleApplication@32a32da9
reloadAllAccessors: .arrayType27

===========================================================================================
----------------- testing Thu Oct 10 16:47:26 UTC 2019 /home/travis/build/icyphy/ptII/ptolemy/actor/lib/test/auto/arrayType28.xml
----------------- Instantiating /home/travis/build/icyphy/ptII/ptolemy/actor/lib/test/auto/arrayType28.xml
2 ms. Memory: 410624K Free: 130998K (32%)
----------------- Invoking toplevel() on ptolemy.moml.MoMLSimpleApplication@4a68c793
----------------- Done invoking toplevel() on ptolemy.moml.MoMLSimpleApplication@4a68c793
reloadAllAccessors: .arrayType28

===========================================================================================
----------------- testing Thu Oct 10 16:47:26 UTC 2019 /home/travis/build/icyphy/ptII/ptolemy/actor/lib/test/auto/arrayType3.xml
----------------- Instantiating /home/travis/build/icyphy/ptII/ptolemy/actor/lib/test/auto/arrayType3.xml
2 ms. Memory: 410624K Free: 125878K (31%)
----------------- Invoking toplevel() on ptolemy.moml.MoMLSimpleApplication@762af7e9
----------------- Done invoking toplevel() on ptolemy.moml.MoMLSimpleApplication@762af7e9
reloadAllAccessors: .arrayType3

===========================================================================================
----------------- testing Thu Oct 10 16:47:26 UTC 2019 /home/travis/build/icyphy/ptII/ptolemy/actor/lib/test/auto/arrayType4.xml
----------------- Instantiating /home/travis/build/icyphy/ptII/ptolemy/actor/lib/test/auto/arrayType4.xml
1 ms. Memory: 410624K Free: 120758K (29%)
----------------- Invoking toplevel() on ptolemy.moml.MoMLSimpleApplication@f52cd7f
----------------- Done invoking toplevel() on ptolemy.moml.MoMLSimpleApplication@f52cd7f
reloadAllAccessors: .arrayType4

===========================================================================================
----------------- testing Thu Oct 10 16:47:26 UTC 2019 /home/travis/build/icyphy/ptII/ptolemy/actor/lib/test/auto/arrayType5.xml
----------------- Instantiating /home/travis/build/icyphy/ptII/ptolemy/actor/lib/test/auto/arrayType5.xml
1 ms. Memory: 410624K Free: 356922K (87%)
----------------- Invoking toplevel() on ptolemy.moml.MoMLSimpleApplication@6042f809
----------------- Done invoking toplevel() on ptolemy.moml.MoMLSimpleApplication@6042f809
reloadAllAccessors: .arrayType5

===========================================================================================
----------------- testing Thu Oct 10 16:47:26 UTC 2019 /home/travis/build/icyphy/ptII/ptolemy/actor/lib/test/auto/arrayType6.xml
----------------- Instantiating /home/travis/build/icyphy/ptII/ptolemy/actor/lib/test/auto/arrayType6.xml
1 ms. Memory: 410624K Free: 351802K (86%)
----------------- Invoking toplevel() on ptolemy.moml.MoMLSimpleApplication@18f62df
----------------- Done invoking toplevel() on ptolemy.moml.MoMLSimpleApplication@18f62df
reloadAllAccessors: .arrayType6

===========================================================================================
----------------- testing Thu Oct 10 16:47:26 UTC 2019 /home/travis/build/icyphy/ptII/ptolemy/actor/lib/test/auto/arrayType7.xml
----------------- Instantiating /home/travis/build/icyphy/ptII/ptolemy/actor/lib/test/auto/arrayType7.xml
2 ms. Memory: 410624K Free: 347192K (85%)
----------------- Invoking toplevel() on ptolemy.moml.MoMLSimpleApplication@76d88873
----------------- Done invoking toplevel() on ptolemy.moml.MoMLSimpleApplication@76d88873
reloadAllAccessors: .arrayType7

===========================================================================================
----------------- testing Thu Oct 10 16:47:26 UTC 2019 /home/travis/build/icyphy/ptII/ptolemy/actor/lib/test/auto/arrayType8.xml
----------------- Instantiating /home/travis/build/icyphy/ptII/ptolemy/actor/lib/test/auto/arrayType8.xml
2 ms. Memory: 410624K Free: 342072K (83%)
----------------- Invoking toplevel() on ptolemy.moml.MoMLSimpleApplication@6c7984fe
----------------- Done invoking toplevel() on ptolemy.moml.MoMLSimpleApplication@6c7984fe
reloadAllAccessors: .arrayType8

===========================================================================================
----------------- testing Thu Oct 10 16:47:26 UTC 2019 /home/travis/build/icyphy/ptII/ptolemy/actor/lib/test/auto/arrayType9.xml
----------------- Instantiating /home/travis/build/icyphy/ptII/ptolemy/actor/lib/test/auto/arrayType9.xml
1 ms. Memory: 410624K Free: 336952K (82%)
----------------- Invoking toplevel() on ptolemy.moml.MoMLSimpleApplication@5be8bc39
----------------- Done invoking toplevel() on ptolemy.moml.MoMLSimpleApplication@5be8bc39
reloadAllAccessors: .arrayType9

===========================================================================================
----------------- testing Thu Oct 10 16:47:26 UTC 2019 /home/travis/build/icyphy/ptII/ptolemy/actor/lib/test/auto/cast.xml
----------------- Instantiating /home/travis/build/icyphy/ptII/ptolemy/actor/lib/test/auto/cast.xml
13 ms. Memory: 410624K Free: 331832K (81%)
----------------- Invoking toplevel() on ptolemy.moml.MoMLSimpleApplication@11c6e9c9
----------------- Done invoking toplevel() on ptolemy.moml.MoMLSimpleApplication@11c6e9c9
reloadAllAccessors: .cast

===========================================================================================
----------------- testing Thu Oct 10 16:47:26 UTC 2019 /home/travis/build/icyphy/ptII/ptolemy/actor/lib/test/auto/compositeMultiPort.xml
----------------- Instantiating /home/travis/build/icyphy/ptII/ptolemy/actor/lib/test/auto/compositeMultiPort.xml
4 ms. Memory: 410624K Free: 323130K (79%)
----------------- Invoking toplevel() on ptolemy.moml.MoMLSimpleApplication@568d6efa
----------------- Done invoking toplevel() on ptolemy.moml.MoMLSimpleApplication@568d6efa
reloadAllAccessors: .compositeMultiPort

===========================================================================================
----------------- testing Thu Oct 10 16:47:27 UTC 2019 /home/travis/build/icyphy/ptII/ptolemy/actor/lib/test/auto/expressionCastInference.xml
----------------- Instantiating /home/travis/build/icyphy/ptII/ptolemy/actor/lib/test/auto/expressionCastInference.xml
3 ms. Memory: 410624K Free: 318010K (77%)
----------------- Invoking toplevel() on ptolemy.moml.MoMLSimpleApplication@27687efe
----------------- Done invoking toplevel() on ptolemy.moml.MoMLSimpleApplication@27687efe
reloadAllAccessors: .expressionCastInference

===========================================================================================
----------------- testing Thu Oct 10 16:47:27 UTC 2019 /home/travis/build/icyphy/ptII/ptolemy/actor/lib/test/auto/expressionCastInference2.xml
----------------- Instantiating /home/travis/build/icyphy/ptII/ptolemy/actor/lib/test/auto/expressionCastInference2.xml
2 ms. Memory: 410624K Free: 313400K (76%)
----------------- Invoking toplevel() on ptolemy.moml.MoMLSimpleApplication@407b4147
----------------- Done invoking toplevel() on ptolemy.moml.MoMLSimpleApplication@407b4147
reloadAllAccessors: .expressionCastInference2

===========================================================================================
----------------- testing Thu Oct 10 16:47:27 UTC 2019 /home/travis/build/icyphy/ptII/ptolemy/actor/lib/test/auto/expressionInference.xml
----------------- Instantiating /home/travis/build/icyphy/ptII/ptolemy/actor/lib/test/auto/expressionInference.xml
1 ms. Memory: 410624K Free: 309304K (75%)
----------------- Invoking toplevel() on ptolemy.moml.MoMLSimpleApplication@76f7a15e
----------------- Done invoking toplevel() on ptolemy.moml.MoMLSimpleApplication@76f7a15e
reloadAllAccessors: .expressionInference

===========================================================================================
----------------- testing Thu Oct 10 16:47:27 UTC 2019 /home/travis/build/icyphy/ptII/ptolemy/actor/lib/test/auto/expression_bug.xml
----------------- Instantiating /home/travis/build/icyphy/ptII/ptolemy/actor/lib/test/auto/expression_bug.xml
1 ms. Memory: 410624K Free: 304698K (74%)
----------------- Invoking toplevel() on ptolemy.moml.MoMLSimpleApplication@788a4678
----------------- Done invoking toplevel() on ptolemy.moml.MoMLSimpleApplication@788a4678
reloadAllAccessors: .expression_bug

===========================================================================================
----------------- testing Thu Oct 10 16:47:27 UTC 2019 /home/travis/build/icyphy/ptII/ptolemy/actor/lib/test/auto/factorial.xml
----------------- Instantiating /home/travis/build/icyphy/ptII/ptolemy/actor/lib/test/auto/factorial.xml
48 ms. Memory: 410624K Free: 296506K (72%)
----------------- Invoking toplevel() on ptolemy.moml.MoMLSimpleApplication@599fc7f
----------------- Done invoking toplevel() on ptolemy.moml.MoMLSimpleApplication@599fc7f
reloadAllAccessors: .factorial

===========================================================================================
----------------- testing Thu Oct 10 16:47:27 UTC 2019 /home/travis/build/icyphy/ptII/ptolemy/actor/lib/test/auto/filterTest1.xml
----------------- Instantiating /home/travis/build/icyphy/ptII/ptolemy/actor/lib/test/auto/filterTest1.xml
4 ms. Memory: 410624K Free: 290362K (71%)
----------------- Invoking toplevel() on ptolemy.moml.MoMLSimpleApplication@6b33adf3
----------------- Done invoking toplevel() on ptolemy.moml.MoMLSimpleApplication@6b33adf3
reloadAllAccessors: .filterTest1

===========================================================================================
----------------- testing Thu Oct 10 16:47:27 UTC 2019 /home/travis/build/icyphy/ptII/ptolemy/actor/lib/test/auto/funcApplyInConst.xml
----------------- Instantiating /home/travis/build/icyphy/ptII/ptolemy/actor/lib/test/auto/funcApplyInConst.xml
1 ms. Memory: 410624K Free: 286776K (70%)
----------------- Invoking toplevel() on ptolemy.moml.MoMLSimpleApplication@2a8203c
----------------- Done invoking toplevel() on ptolemy.moml.MoMLSimpleApplication@2a8203c
reloadAllAccessors: .funcApplyInConst

===========================================================================================
----------------- testing Thu Oct 10 16:47:27 UTC 2019 /home/travis/build/icyphy/ptII/ptolemy/actor/lib/test/auto/funcApplyInExpr.xml
----------------- Instantiating /home/travis/build/icyphy/ptII/ptolemy/actor/lib/test/auto/funcApplyInExpr.xml
1 ms. Memory: 410624K Free: 282680K (69%)
----------------- Invoking toplevel() on ptolemy.moml.MoMLSimpleApplication@2c556f58
----------------- Done invoking toplevel() on ptolemy.moml.MoMLSimpleApplication@2c556f58
reloadAllAccessors: .funcApplyInExpr

===========================================================================================
----------------- testing Thu Oct 10 16:47:27 UTC 2019 /home/travis/build/icyphy/ptII/ptolemy/actor/lib/test/auto/function.xml
----------------- Instantiating /home/travis/build/icyphy/ptII/ptolemy/actor/lib/test/auto/function.xml
3 ms. Memory: 410624K Free: 278074K (68%)
----------------- Invoking toplevel() on ptolemy.moml.MoMLSimpleApplication@5ac080f2
----------------- Done invoking toplevel() on ptolemy.moml.MoMLSimpleApplication@5ac080f2
reloadAllAccessors: .function

===========================================================================================
----------------- testing Thu Oct 10 16:47:27 UTC 2019 /home/travis/build/icyphy/ptII/ptolemy/actor/lib/test/auto/function2.xml
----------------- Instantiating /home/travis/build/icyphy/ptII/ptolemy/actor/lib/test/auto/function2.xml
3 ms. Memory: 410624K Free: 272954K (66%)
----------------- Invoking toplevel() on ptolemy.moml.MoMLSimpleApplication@3b7b12d1
----------------- Done invoking toplevel() on ptolemy.moml.MoMLSimpleApplication@3b7b12d1
reloadAllAccessors: .function2

===========================================================================================
----------------- testing Thu Oct 10 16:47:27 UTC 2019 /home/travis/build/icyphy/ptII/ptolemy/actor/lib/test/auto/function3.xml
----------------- Instantiating /home/travis/build/icyphy/ptII/ptolemy/actor/lib/test/auto/function3.xml
1 ms. Memory: 410624K Free: 269368K (66%)
----------------- Invoking toplevel() on ptolemy.moml.MoMLSimpleApplication@5da0b9d3
----------------- Done invoking toplevel() on ptolemy.moml.MoMLSimpleApplication@5da0b9d3
reloadAllAccessors: .function3

===========================================================================================
----------------- testing Thu Oct 10 16:47:27 UTC 2019 /home/travis/build/icyphy/ptII/ptolemy/actor/lib/test/auto/functionClosureTest1.xml
----------------- Instantiating /home/travis/build/icyphy/ptII/ptolemy/actor/lib/test/auto/functionClosureTest1.xml
2 ms. Memory: 410624K Free: 263224K (64%)
----------------- Invoking toplevel() on ptolemy.moml.MoMLSimpleApplication@31cdb286
----------------- Done invoking toplevel() on ptolemy.moml.MoMLSimpleApplication@31cdb286
reloadAllAccessors: .functionClosureTest1

===========================================================================================
----------------- testing Thu Oct 10 16:47:27 UTC 2019 /home/travis/build/icyphy/ptII/ptolemy/actor/lib/test/auto/functionClosureTest2.xml
----------------- Instantiating /home/travis/build/icyphy/ptII/ptolemy/actor/lib/test/auto/functionClosureTest2.xml
1 ms. Memory: 410624K Free: 259642K (63%)
----------------- Invoking toplevel() on ptolemy.moml.MoMLSimpleApplication@70e26478
----------------- Done invoking toplevel() on ptolemy.moml.MoMLSimpleApplication@70e26478
reloadAllAccessors: .functionClosureTest2

===========================================================================================
----------------- testing Thu Oct 10 16:47:27 UTC 2019 /home/travis/build/icyphy/ptII/ptolemy/actor/lib/test/auto/functionClosureTest3.xml
----------------- Instantiating /home/travis/build/icyphy/ptII/ptolemy/actor/lib/test/auto/functionClosureTest3.xml
2 ms. Memory: 410624K Free: 254522K (62%)
----------------- Invoking toplevel() on ptolemy.moml.MoMLSimpleApplication@4c0af862
----------------- Done invoking toplevel() on ptolemy.moml.MoMLSimpleApplication@4c0af862
reloadAllAccessors: .functionClosureTest3

===========================================================================================
----------------- testing Thu Oct 10 16:47:27 UTC 2019 /home/travis/build/icyphy/ptII/ptolemy/actor/lib/test/auto/functionClosureTest4.xml
----------------- Instantiating /home/travis/build/icyphy/ptII/ptolemy/actor/lib/test/auto/functionClosureTest4.xml
4 ms. Memory: 410624K Free: 247864K (60%)
----------------- Invoking toplevel() on ptolemy.moml.MoMLSimpleApplication@7085383c
----------------- Done invoking toplevel() on ptolemy.moml.MoMLSimpleApplication@7085383c
reloadAllAccessors: .functionClosureTest4

===========================================================================================
----------------- testing Thu Oct 10 16:47:27 UTC 2019 /home/travis/build/icyphy/ptII/ptolemy/actor/lib/test/auto/functionClosureTest5.xml
----------------- Instantiating /home/travis/build/icyphy/ptII/ptolemy/actor/lib/test/auto/functionClosureTest5.xml
4 ms. Memory: 410624K Free: 242744K (59%)
----------------- Invoking toplevel() on ptolemy.moml.MoMLSimpleApplication@5099f59b
----------------- Done invoking toplevel() on ptolemy.moml.MoMLSimpleApplication@5099f59b
reloadAllAccessors: .functionClosureTest5

===========================================================================================
----------------- testing Thu Oct 10 16:47:27 UTC 2019 /home/travis/build/icyphy/ptII/ptolemy/actor/lib/test/auto/functionClosureTest6.xml
----------------- Instantiating /home/travis/build/icyphy/ptII/ptolemy/actor/lib/test/auto/functionClosureTest6.xml
2 ms. Memory: 410624K Free: 237618K (58%)
----------------- Invoking toplevel() on ptolemy.moml.MoMLSimpleApplication@69897e01
----------------- Done invoking toplevel() on ptolemy.moml.MoMLSimpleApplication@69897e01
reloadAllAccessors: .functionClosureTest6

===========================================================================================
----------------- testing Thu Oct 10 16:47:27 UTC 2019 /home/travis/build/icyphy/ptII/ptolemy/actor/lib/test/auto/functionsOnArcs.xml
----------------- Instantiating /home/travis/build/icyphy/ptII/ptolemy/actor/lib/test/auto/functionsOnArcs.xml
2 ms. Memory: 410624K Free: 232504K (57%)
----------------- Invoking toplevel() on ptolemy.moml.MoMLSimpleApplication@f0be594
----------------- Done invoking toplevel() on ptolemy.moml.MoMLSimpleApplication@f0be594
reloadAllAccessors: .functionsOnArcs

===========================================================================================
----------------- testing Thu Oct 10 16:47:27 UTC 2019 /home/travis/build/icyphy/ptII/ptolemy/actor/lib/test/auto/functionsOnArcsHOF.xml
----------------- Instantiating /home/travis/build/icyphy/ptII/ptolemy/actor/lib/test/auto/functionsOnArcsHOF.xml
4 ms. Memory: 410624K Free: 226360K (55%)
----------------- Invoking toplevel() on ptolemy.moml.MoMLSimpleApplication@27d3ac3c
----------------- Done invoking toplevel() on ptolemy.moml.MoMLSimpleApplication@27d3ac3c
reloadAllAccessors: .functionsOnArcsHOF

===========================================================================================
----------------- testing Thu Oct 10 16:47:27 UTC 2019 /home/travis/build/icyphy/ptII/ptolemy/actor/lib/test/auto/logic.xml
----------------- Instantiating /home/travis/build/icyphy/ptII/ptolemy/actor/lib/test/auto/logic.xml
2 ms. Memory: 410624K Free: 219192K (53%)
----------------- Invoking toplevel() on ptolemy.moml.MoMLSimpleApplication@aea38db
----------------- Done invoking toplevel() on ptolemy.moml.MoMLSimpleApplication@aea38db
reloadAllAccessors: .logic

===========================================================================================
----------------- testing Thu Oct 10 16:47:27 UTC 2019 /home/travis/build/icyphy/ptII/ptolemy/actor/lib/test/auto/matrixType.xml
----------------- Instantiating /home/travis/build/icyphy/ptII/ptolemy/actor/lib/test/auto/matrixType.xml
2 ms. Memory: 410624K Free: 214072K (52%)
----------------- Invoking toplevel() on ptolemy.moml.MoMLSimpleApplication@4cb9f00c
----------------- Done invoking toplevel() on ptolemy.moml.MoMLSimpleApplication@4cb9f00c
reloadAllAccessors: .matrixType

===========================================================================================
----------------- testing Thu Oct 10 16:47:27 UTC 2019 /home/travis/build/icyphy/ptII/ptolemy/actor/lib/test/auto/matrixType10.xml
----------------- Instantiating /home/travis/build/icyphy/ptII/ptolemy/actor/lib/test/auto/matrixType10.xml
2 ms. Memory: 410624K Free: 209466K (51%)
----------------- Invoking toplevel() on ptolemy.moml.MoMLSimpleApplication@15fd8667
----------------- Done invoking toplevel() on ptolemy.moml.MoMLSimpleApplication@15fd8667
reloadAllAccessors: .matrixType10

===========================================================================================
----------------- testing Thu Oct 10 16:47:27 UTC 2019 /home/travis/build/icyphy/ptII/ptolemy/actor/lib/test/auto/matrixType11.xml
----------------- Instantiating /home/travis/build/icyphy/ptII/ptolemy/actor/lib/test/auto/matrixType11.xml
2 ms. Memory: 410624K Free: 204346K (50%)
----------------- Invoking toplevel() on ptolemy.moml.MoMLSimpleApplication@14d6b82c
----------------- Done invoking toplevel() on ptolemy.moml.MoMLSimpleApplication@14d6b82c
reloadAllAccessors: .matrixType11

===========================================================================================
----------------- testing Thu Oct 10 16:47:27 UTC 2019 /home/travis/build/icyphy/ptII/ptolemy/actor/lib/test/auto/matrixType12.xml
----------------- Instantiating /home/travis/build/icyphy/ptII/ptolemy/actor/lib/test/auto/matrixType12.xml
1 ms. Memory: 410624K Free: 199736K (49%)
----------------- Invoking toplevel() on ptolemy.moml.MoMLSimpleApplication@7fce2ff1
----------------- Done invoking toplevel() on ptolemy.moml.MoMLSimpleApplication@7fce2ff1
reloadAllAccessors: .matrixType12

===========================================================================================
----------------- testing Thu Oct 10 16:47:27 UTC 2019 /home/travis/build/icyphy/ptII/ptolemy/actor/lib/test/auto/matrixType13.xml
----------------- Instantiating /home/travis/build/icyphy/ptII/ptolemy/actor/lib/test/auto/matrixType13.xml
2 ms. Memory: 410624K Free: 194616K (47%)
----------------- Invoking toplevel() on ptolemy.moml.MoMLSimpleApplication@d392bc
----------------- Done invoking toplevel() on ptolemy.moml.MoMLSimpleApplication@d392bc
reloadAllAccessors: .matrixType13

===========================================================================================
----------------- testing Thu Oct 10 16:47:27 UTC 2019 /home/travis/build/icyphy/ptII/ptolemy/actor/lib/test/auto/matrixType14.xml
----------------- Instantiating /home/travis/build/icyphy/ptII/ptolemy/actor/lib/test/auto/matrixType14.xml
2 ms. Memory: 410624K Free: 189496K (46%)
----------------- Invoking toplevel() on ptolemy.moml.MoMLSimpleApplication@3458162e
----------------- Done invoking toplevel() on ptolemy.moml.MoMLSimpleApplication@3458162e
reloadAllAccessors: .matrixType14

===========================================================================================
----------------- testing Thu Oct 10 16:47:27 UTC 2019 /home/travis/build/icyphy/ptII/ptolemy/actor/lib/test/auto/matrixType2.xml
----------------- Instantiating /home/travis/build/icyphy/ptII/ptolemy/actor/lib/test/auto/matrixType2.xml
2 ms. Memory: 410624K Free: 184376K (45%)
----------------- Invoking toplevel() on ptolemy.moml.MoMLSimpleApplication@5cd6aa85
----------------- Done invoking toplevel() on ptolemy.moml.MoMLSimpleApplication@5cd6aa85
reloadAllAccessors: .matrixType2

===========================================================================================
----------------- testing Thu Oct 10 16:47:27 UTC 2019 /home/travis/build/icyphy/ptII/ptolemy/actor/lib/test/auto/matrixType3.xml
----------------- Instantiating /home/travis/build/icyphy/ptII/ptolemy/actor/lib/test/auto/matrixType3.xml
2 ms. Memory: 410624K Free: 179770K (44%)
----------------- Invoking toplevel() on ptolemy.moml.MoMLSimpleApplication@adfce2
----------------- Done invoking toplevel() on ptolemy.moml.MoMLSimpleApplication@adfce2
reloadAllAccessors: .matrixType3

===========================================================================================
----------------- testing Thu Oct 10 16:47:27 UTC 2019 /home/travis/build/icyphy/ptII/ptolemy/actor/lib/test/auto/matrixType4.xml
----------------- Instantiating /home/travis/build/icyphy/ptII/ptolemy/actor/lib/test/auto/matrixType4.xml
4 ms. Memory: 410624K Free: 174650K (43%)
----------------- Invoking toplevel() on ptolemy.moml.MoMLSimpleApplication@786d7e66
----------------- Done invoking toplevel() on ptolemy.moml.MoMLSimpleApplication@786d7e66
reloadAllAccessors: .matrixType4

===========================================================================================
----------------- testing Thu Oct 10 16:47:27 UTC 2019 /home/travis/build/icyphy/ptII/ptolemy/actor/lib/test/auto/matrixType5.xml
----------------- Instantiating /home/travis/build/icyphy/ptII/ptolemy/actor/lib/test/auto/matrixType5.xml
2 ms. Memory: 410624K Free: 169530K (41%)
----------------- Invoking toplevel() on ptolemy.moml.MoMLSimpleApplication@57f2e709
----------------- Done invoking toplevel() on ptolemy.moml.MoMLSimpleApplication@57f2e709
reloadAllAccessors: .matrixType5

===========================================================================================
----------------- testing Thu Oct 10 16:47:27 UTC 2019 /home/travis/build/icyphy/ptII/ptolemy/actor/lib/test/auto/matrixType6.xml
----------------- Instantiating /home/travis/build/icyphy/ptII/ptolemy/actor/lib/test/auto/matrixType6.xml
1 ms. Memory: 410624K Free: 164920K (40%)
----------------- Invoking toplevel() on ptolemy.moml.MoMLSimpleApplication@63c6b187
----------------- Done invoking toplevel() on ptolemy.moml.MoMLSimpleApplication@63c6b187
reloadAllAccessors: .matrixType6

===========================================================================================
----------------- testing Thu Oct 10 16:47:27 UTC 2019 /home/travis/build/icyphy/ptII/ptolemy/actor/lib/test/auto/matrixType7.xml
----------------- Instantiating /home/travis/build/icyphy/ptII/ptolemy/actor/lib/test/auto/matrixType7.xml
2 ms. Memory: 410624K Free: 159800K (39%)
----------------- Invoking toplevel() on ptolemy.moml.MoMLSimpleApplication@7dcb1859
----------------- Done invoking toplevel() on ptolemy.moml.MoMLSimpleApplication@7dcb1859
reloadAllAccessors: .matrixType7

===========================================================================================
----------------- testing Thu Oct 10 16:47:27 UTC 2019 /home/travis/build/icyphy/ptII/ptolemy/actor/lib/test/auto/matrixType8.xml
----------------- Instantiating /home/travis/build/icyphy/ptII/ptolemy/actor/lib/test/auto/matrixType8.xml
2 ms. Memory: 410624K Free: 155194K (38%)
----------------- Invoking toplevel() on ptolemy.moml.MoMLSimpleApplication@68c31a7f
----------------- Done invoking toplevel() on ptolemy.moml.MoMLSimpleApplication@68c31a7f
reloadAllAccessors: .matrixType8

===========================================================================================
----------------- testing Thu Oct 10 16:47:27 UTC 2019 /home/travis/build/icyphy/ptII/ptolemy/actor/lib/test/auto/matrixType9.xml
----------------- Instantiating /home/travis/build/icyphy/ptII/ptolemy/actor/lib/test/auto/matrixType9.xml
1 ms. Memory: 410624K Free: 150074K (37%)
----------------- Invoking toplevel() on ptolemy.moml.MoMLSimpleApplication@6c8cef25
----------------- Done invoking toplevel() on ptolemy.moml.MoMLSimpleApplication@6c8cef25
reloadAllAccessors: .matrixType9

===========================================================================================
----------------- testing Thu Oct 10 16:47:27 UTC 2019 /home/travis/build/icyphy/ptII/ptolemy/actor/lib/test/auto/paraFunctest.xml
----------------- Instantiating /home/travis/build/icyphy/ptII/ptolemy/actor/lib/test/auto/paraFunctest.xml
1 ms. Memory: 410624K Free: 146488K (36%)
----------------- Invoking toplevel() on ptolemy.moml.MoMLSimpleApplication@543b8455
----------------- Done invoking toplevel() on ptolemy.moml.MoMLSimpleApplication@543b8455
reloadAllAccessors: .paraFunctest

===========================================================================================
----------------- testing Thu Oct 10 16:47:27 UTC 2019 /home/travis/build/icyphy/ptII/ptolemy/actor/lib/test/auto/paraFunctest2.xml
----------------- Instantiating /home/travis/build/icyphy/ptII/ptolemy/actor/lib/test/auto/paraFunctest2.xml
1 ms. Memory: 410624K Free: 141368K (34%)
----------------- Invoking toplevel() on ptolemy.moml.MoMLSimpleApplication@4278677a
----------------- Done invoking toplevel() on ptolemy.moml.MoMLSimpleApplication@4278677a
reloadAllAccessors: .paraFunctest2

===========================================================================================
----------------- testing Thu Oct 10 16:47:27 UTC 2019 /home/travis/build/icyphy/ptII/ptolemy/actor/lib/test/auto/parameterPassing.xml
----------------- Instantiating /home/travis/build/icyphy/ptII/ptolemy/actor/lib/test/auto/parameterPassing.xml
1 ms. Memory: 410624K Free: 137272K (33%)
----------------- Invoking toplevel() on ptolemy.moml.MoMLSimpleApplication@48d2b4de
----------------- Done invoking toplevel() on ptolemy.moml.MoMLSimpleApplication@48d2b4de
reloadAllAccessors: .parameterPassing

===========================================================================================
----------------- testing Thu Oct 10 16:47:27 UTC 2019 /home/travis/build/icyphy/ptII/ptolemy/actor/lib/test/auto/record.xml
----------------- Instantiating /home/travis/build/icyphy/ptII/ptolemy/actor/lib/test/auto/record.xml
3 ms. Memory: 410624K Free: 132152K (32%)
----------------- Invoking toplevel() on ptolemy.moml.MoMLSimpleApplication@31dd1196
----------------- Done invoking toplevel() on ptolemy.moml.MoMLSimpleApplication@31dd1196
reloadAllAccessors: .record

===========================================================================================
----------------- testing Thu Oct 10 16:47:27 UTC 2019 /home/travis/build/icyphy/ptII/ptolemy/actor/lib/test/auto/sizedarray1.xml
----------------- Instantiating /home/travis/build/icyphy/ptII/ptolemy/actor/lib/test/auto/sizedarray1.xml
2 ms. Memory: 410624K Free: 127032K (31%)
----------------- Invoking toplevel() on ptolemy.moml.MoMLSimpleApplication@52e93a9a
----------------- Done invoking toplevel() on ptolemy.moml.MoMLSimpleApplication@52e93a9a
reloadAllAccessors: .sizedarray1

===========================================================================================
----------------- testing Thu Oct 10 16:47:27 UTC 2019 /home/travis/build/icyphy/ptII/ptolemy/actor/lib/test/auto/sizedarray2.xml
----------------- Instantiating /home/travis/build/icyphy/ptII/ptolemy/actor/lib/test/auto/sizedarray2.xml
2 ms. Memory: 410624K Free: 121402K (30%)
----------------- Invoking toplevel() on ptolemy.moml.MoMLSimpleApplication@4b64100f
----------------- Done invoking toplevel() on ptolemy.moml.MoMLSimpleApplication@4b64100f
reloadAllAccessors: .sizedarray2

===========================================================================================
----------------- testing Thu Oct 10 16:47:27 UTC 2019 /home/travis/build/icyphy/ptII/ptolemy/actor/lib/test/auto/twoPublishers.xml
----------------- Instantiating /home/travis/build/icyphy/ptII/ptolemy/actor/lib/test/auto/twoPublishers.xml
4 ms. Memory: 410624K Free: 353774K (86%)
----------------- Invoking toplevel() on ptolemy.moml.MoMLSimpleApplication@2ea7c487
----------------- Done invoking toplevel() on ptolemy.moml.MoMLSimpleApplication@2ea7c487
reloadAllAccessors: .twoPublishers
AutoTests.java: About to close Vertx.
AutoTests.java: Vertx closed.
]]></system-out>
  <system-err><![CDATA[java.lang.RuntimeException: Execution failed
	at ptolemy.moml.MoMLSimpleApplication$UnloadThread.run(MoMLSimpleApplication.java:402)
Caused by: java.lang.RuntimeException: StringUtilities.exit() was called. Normally, we would exit here because Manager.exitAfterWrapup() was called.  However, because the ptolemy.ptII.exitAfterWrapup property is set, we throw this exception instead.
	at ptolemy.util.StringUtilities.exit(StringUtilities.java:365)
	at ptolemy.actor.Manager.wrapup(Manager.java:1549)
	at ptolemy.actor.Manager.execute(Manager.java:407)
	at ptolemy.actor.Manager.run(Manager.java:1263)
	at ptolemy.actor.Manager$PtolemyRunThread.run(Manager.java:1933)
Warning: '.top.test' is in training mode, set the trainingMode parameter to false before checking in
Warning: '.top.test' is in training mode, set the trainingMode parameter to false before checking in
Warning: '.top.test' is in training mode, set the trainingMode parameter to false before checking in
Warning: '.BooleanSwitch_RegressionTest_WrongTrainingValues.Test' is in training mode, set the trainingMode parameter to false before checking in
Warning: '.BooleanSwitch_RegressionTest_WrongTrainingValues.Test2' is in training mode, set the trainingMode parameter to false before checking in
Warning: '.BooleanSwitch_RegressionTest_WrongTrainingValues.Test2' The test produced 0 tokens.
Warning: '.top.testExceptionHandler' is in training mode, set the trainingMode parameter to false before checking in
java.lang.RuntimeException: Execution failed
	at ptolemy.moml.MoMLSimpleApplication$UnloadThread.run(MoMLSimpleApplication.java:402)
Caused by: ptolemy.kernel.util.IllegalActionException: PublisherPorts cannot be used at the top level, use a Publisher actor instead.
  in .PublisherPortToplevelSubscriber.PublisherPort
	at ptolemy.actor.PublisherPort.preinitialize(PublisherPort.java:403)
	at ptolemy.actor.CompositeActor.preinitialize(CompositeActor.java:1769)
	at ptolemy.actor.Manager.preinitializeAndResolveTypes(Manager.java:1040)
	at ptolemy.actor.Manager.initialize(Manager.java:710)
	at ptolemy.actor.Manager.execute(Manager.java:356)
	at ptolemy.actor.Manager.run(Manager.java:1263)
	at ptolemy.actor.Manager$PtolemyRunThread.run(Manager.java:1933)
java.lang.reflect.InvocationTargetException
	at java.base/jdk.internal.reflect.NativeConstructorAccessorImpl.newInstance0(Native Method)
	at java.base/jdk.internal.reflect.NativeConstructorAccessorImpl.newInstance(NativeConstructorAccessorImpl.java:62)
	at java.base/jdk.internal.reflect.DelegatingConstructorAccessorImpl.newInstance(DelegatingConstructorAccessorImpl.java:45)
	at java.base/java.lang.reflect.Constructor.newInstance(Constructor.java:490)
	at ptolemy.util.test.junit.AutoKnownFailedTests.RunModel(AutoKnownFailedTests.java:105)
	at java.base/jdk.internal.reflect.NativeMethodAccessorImpl.invoke0(Native Method)
	at java.base/jdk.internal.reflect.NativeMethodAccessorImpl.invoke(NativeMethodAccessorImpl.java:62)
	at java.base/jdk.internal.reflect.DelegatingMethodAccessorImpl.invoke(DelegatingMethodAccessorImpl.java:43)
	at java.base/java.lang.reflect.Method.invoke(Method.java:566)
	at org.junit.runners.model.FrameworkMethod$1.runReflectiveCall(FrameworkMethod.java:44)
	at org.junit.internal.runners.model.ReflectiveCallable.run(ReflectiveCallable.java:15)
	at org.junit.runners.model.FrameworkMethod.invokeExplosively(FrameworkMethod.java:41)
	at junitparams.internal.InvokeParameterisedMethod.evaluate(InvokeParameterisedMethod.java:102)
	at org.junit.internal.runners.statements.FailOnTimeout$1.run(FailOnTimeout.java:28)
Caused by: ptolemy.kernel.util.IllegalActionException: PublisherPorts cannot be used at the top level, use a Publisher actor instead.
  in .PublisherPortToplevelSubscriber.PublisherPort
	at ptolemy.actor.PublisherPort.preinitialize(PublisherPort.java:403)
	at ptolemy.actor.CompositeActor.preinitialize(CompositeActor.java:1769)
	at ptolemy.actor.Manager.preinitializeAndResolveTypes(Manager.java:1040)
	at ptolemy.actor.Manager.initialize(Manager.java:710)
	at ptolemy.actor.Manager.execute(Manager.java:356)
	at ptolemy.actor.Manager.run(Manager.java:1263)
	at ptolemy.actor.Manager$PtolemyRunThread.run(Manager.java:1933)
java.lang.RuntimeException: Execution failed
	at ptolemy.moml.MoMLSimpleApplication$UnloadThread.run(MoMLSimpleApplication.java:402)
Caused by: ptolemy.kernel.util.IllegalActionException: SubscriberPorts cannot be used at the top level, use a Subscriber actor instead.
  in .PublisherSubscriberPortToplevel.SubscriberPort
	at ptolemy.actor.SubscriberPort.preinitialize(SubscriberPort.java:328)
	at ptolemy.actor.CompositeActor.preinitialize(CompositeActor.java:1769)
	at ptolemy.actor.Manager.preinitializeAndResolveTypes(Manager.java:1040)
	at ptolemy.actor.Manager.initialize(Manager.java:710)
	at ptolemy.actor.Manager.execute(Manager.java:356)
	at ptolemy.actor.Manager.run(Manager.java:1263)
	at ptolemy.actor.Manager$PtolemyRunThread.run(Manager.java:1933)
java.lang.reflect.InvocationTargetException
	at java.base/jdk.internal.reflect.NativeConstructorAccessorImpl.newInstance0(Native Method)
	at java.base/jdk.internal.reflect.NativeConstructorAccessorImpl.newInstance(NativeConstructorAccessorImpl.java:62)
	at java.base/jdk.internal.reflect.DelegatingConstructorAccessorImpl.newInstance(DelegatingConstructorAccessorImpl.java:45)
	at java.base/java.lang.reflect.Constructor.newInstance(Constructor.java:490)
	at ptolemy.util.test.junit.AutoKnownFailedTests.RunModel(AutoKnownFailedTests.java:105)
	at java.base/jdk.internal.reflect.NativeMethodAccessorImpl.invoke0(Native Method)
	at java.base/jdk.internal.reflect.NativeMethodAccessorImpl.invoke(NativeMethodAccessorImpl.java:62)
	at java.base/jdk.internal.reflect.DelegatingMethodAccessorImpl.invoke(DelegatingMethodAccessorImpl.java:43)
	at java.base/java.lang.reflect.Method.invoke(Method.java:566)
	at org.junit.runners.model.FrameworkMethod$1.runReflectiveCall(FrameworkMethod.java:44)
	at org.junit.internal.runners.model.ReflectiveCallable.run(ReflectiveCallable.java:15)
	at org.junit.runners.model.FrameworkMethod.invokeExplosively(FrameworkMethod.java:41)
	at junitparams.internal.InvokeParameterisedMethod.evaluate(InvokeParameterisedMethod.java:102)
	at org.junit.internal.runners.statements.FailOnTimeout$1.run(FailOnTimeout.java:28)
Caused by: ptolemy.kernel.util.IllegalActionException: SubscriberPorts cannot be used at the top level, use a Subscriber actor instead.
  in .PublisherSubscriberPortToplevel.SubscriberPort
	at ptolemy.actor.SubscriberPort.preinitialize(SubscriberPort.java:328)
	at ptolemy.actor.CompositeActor.preinitialize(CompositeActor.java:1769)
	at ptolemy.actor.Manager.preinitializeAndResolveTypes(Manager.java:1040)
	at ptolemy.actor.Manager.initialize(Manager.java:710)
	at ptolemy.actor.Manager.execute(Manager.java:356)
	at ptolemy.actor.Manager.run(Manager.java:1263)
	at ptolemy.actor.Manager$PtolemyRunThread.run(Manager.java:1933)
java.lang.RuntimeException: Execution failed
	at ptolemy.moml.MoMLSimpleApplication$UnloadThread.run(MoMLSimpleApplication.java:402)
Caused by: ptolemy.kernel.util.IllegalActionException: SubscriptionAggregatorPorts cannot be used at the top level, use a SubscriptionAggregator actor instead.
  in .PublisherSubscriptionAggregatorPort.SubscriptionAggregatorPort
	at ptolemy.actor.SubscriptionAggregatorPort.preinitialize(SubscriptionAggregatorPort.java:353)
	at ptolemy.actor.CompositeActor.preinitialize(CompositeActor.java:1769)
	at ptolemy.actor.Manager.preinitializeAndResolveTypes(Manager.java:1040)
	at ptolemy.actor.Manager.initialize(Manager.java:710)
	at ptolemy.actor.Manager.execute(Manager.java:356)
	at ptolemy.actor.Manager.run(Manager.java:1263)
	at ptolemy.actor.Manager$PtolemyRunThread.run(Manager.java:1933)
java.lang.reflect.InvocationTargetException
	at java.base/jdk.internal.reflect.NativeConstructorAccessorImpl.newInstance0(Native Method)
	at java.base/jdk.internal.reflect.NativeConstructorAccessorImpl.newInstance(NativeConstructorAccessorImpl.java:62)
	at java.base/jdk.internal.reflect.DelegatingConstructorAccessorImpl.newInstance(DelegatingConstructorAccessorImpl.java:45)
	at java.base/java.lang.reflect.Constructor.newInstance(Constructor.java:490)
	at ptolemy.util.test.junit.AutoKnownFailedTests.RunModel(AutoKnownFailedTests.java:105)
	at java.base/jdk.internal.reflect.NativeMethodAccessorImpl.invoke0(Native Method)
	at java.base/jdk.internal.reflect.NativeMethodAccessorImpl.invoke(NativeMethodAccessorImpl.java:62)
	at java.base/jdk.internal.reflect.DelegatingMethodAccessorImpl.invoke(DelegatingMethodAccessorImpl.java:43)
	at java.base/java.lang.reflect.Method.invoke(Method.java:566)
	at org.junit.runners.model.FrameworkMethod$1.runReflectiveCall(FrameworkMethod.java:44)
	at org.junit.internal.runners.model.ReflectiveCallable.run(ReflectiveCallable.java:15)
	at org.junit.runners.model.FrameworkMethod.invokeExplosively(FrameworkMethod.java:41)
	at junitparams.internal.InvokeParameterisedMethod.evaluate(InvokeParameterisedMethod.java:102)
	at org.junit.internal.runners.statements.FailOnTimeout$1.run(FailOnTimeout.java:28)
Caused by: ptolemy.kernel.util.IllegalActionException: SubscriptionAggregatorPorts cannot be used at the top level, use a SubscriptionAggregator actor instead.
  in .PublisherSubscriptionAggregatorPort.SubscriptionAggregatorPort
	at ptolemy.actor.SubscriptionAggregatorPort.preinitialize(SubscriptionAggregatorPort.java:353)
	at ptolemy.actor.CompositeActor.preinitialize(CompositeActor.java:1769)
	at ptolemy.actor.Manager.preinitializeAndResolveTypes(Manager.java:1040)
	at ptolemy.actor.Manager.initialize(Manager.java:710)
	at ptolemy.actor.Manager.execute(Manager.java:356)
	at ptolemy.actor.Manager.run(Manager.java:1263)
	at ptolemy.actor.Manager$PtolemyRunThread.run(Manager.java:1933)
java.lang.RuntimeException: Execution failed
	at ptolemy.moml.MoMLSimpleApplication$UnloadThread.run(MoMLSimpleApplication.java:402)
Caused by: ptolemy.kernel.util.IllegalActionException: TypeTest actor has no training data.
  in .sizedarray3.TypeTest
	at ptolemy.actor.lib.TypeTest.initialize(TypeTest.java:250)
	at ptolemy.actor.Director.initialize(Director.java:938)
	at ptolemy.actor.Director.initialize(Director.java:907)
	at ptolemy.actor.sched.StaticSchedulingDirector.initialize(StaticSchedulingDirector.java:159)
	at ptolemy.domains.sdf.kernel.SDFDirector.initialize(SDFDirector.java:544)
	at ptolemy.actor.CompositeActor.initialize(CompositeActor.java:935)
	at ptolemy.actor.Manager.initialize(Manager.java:724)
	at ptolemy.actor.Manager.execute(Manager.java:356)
	at ptolemy.actor.Manager.run(Manager.java:1263)
	at ptolemy.actor.Manager$PtolemyRunThread.run(Manager.java:1933)
java.lang.reflect.InvocationTargetException
	at java.base/jdk.internal.reflect.NativeConstructorAccessorImpl.newInstance0(Native Method)
	at java.base/jdk.internal.reflect.NativeConstructorAccessorImpl.newInstance(NativeConstructorAccessorImpl.java:62)
	at java.base/jdk.internal.reflect.DelegatingConstructorAccessorImpl.newInstance(DelegatingConstructorAccessorImpl.java:45)
	at java.base/java.lang.reflect.Constructor.newInstance(Constructor.java:490)
	at ptolemy.util.test.junit.AutoKnownFailedTests.RunModel(AutoKnownFailedTests.java:105)
	at java.base/jdk.internal.reflect.NativeMethodAccessorImpl.invoke0(Native Method)
	at java.base/jdk.internal.reflect.NativeMethodAccessorImpl.invoke(NativeMethodAccessorImpl.java:62)
	at java.base/jdk.internal.reflect.DelegatingMethodAccessorImpl.invoke(DelegatingMethodAccessorImpl.java:43)
	at java.base/java.lang.reflect.Method.invoke(Method.java:566)
	at org.junit.runners.model.FrameworkMethod$1.runReflectiveCall(FrameworkMethod.java:44)
	at org.junit.internal.runners.model.ReflectiveCallable.run(ReflectiveCallable.java:15)
	at org.junit.runners.model.FrameworkMethod.invokeExplosively(FrameworkMethod.java:41)
	at junitparams.internal.InvokeParameterisedMethod.evaluate(InvokeParameterisedMethod.java:102)
	at org.junit.internal.runners.statements.FailOnTimeout$1.run(FailOnTimeout.java:28)
Caused by: ptolemy.kernel.util.IllegalActionException: TypeTest actor has no training data.
  in .sizedarray3.TypeTest
	at ptolemy.actor.lib.TypeTest.initialize(TypeTest.java:250)
	at ptolemy.actor.Director.initialize(Director.java:938)
	at ptolemy.actor.Director.initialize(Director.java:907)
	at ptolemy.actor.sched.StaticSchedulingDirector.initialize(StaticSchedulingDirector.java:159)
	at ptolemy.domains.sdf.kernel.SDFDirector.initialize(SDFDirector.java:544)
	at ptolemy.actor.CompositeActor.initialize(CompositeActor.java:935)
	at ptolemy.actor.Manager.initialize(Manager.java:724)
	at ptolemy.actor.Manager.execute(Manager.java:356)
	at ptolemy.actor.Manager.run(Manager.java:1263)
	at ptolemy.actor.Manager$PtolemyRunThread.run(Manager.java:1933)
]]></system-err>
</testsuite>
