<?xml version="1.0" encoding="UTF-8" ?>
<testsuite errors="0" failures="0" hostname="travis-job-9cc0ae67-11dd-4417-8d54-24b46bf24b63" name="ptolemy.actor.lib.test.junit.JUnitTclTest" skipped="0" tests="517" time="59.576" timestamp="2020-02-22T07:08:07">
  <properties>
    <property name="npm.executable" value="npm" />
    <property name="env.TRAVIS_ROOT" value="/" />
    <property name="ptII.mk.exists" value="true" />
    <property name="env.TRAVIS_APP_HOST" value="build.travis-ci.org" />
    <property name="env.rvm_bin_path" value="/home/travis/.rvm/bin" />
    <property name="java.home" value="/usr/local/lib/jvm/openjdk11" />
    <property name="env.TRAVIS_JOB_NUMBER" value="1528.8" />
    <property name="env.TRAVIS_HOME" value="/home/travis" />
    <property name="env.DISPLAY" value=":99.0" />
    <property name="env.TRAVIS_INIT" value="systemd" />
    <property name="env.SSH_TTY" value="/dev/pts/0" />
    <property name="java.net.preferIPv4Stack" value="true" />
    <property name="env.RUN_TESTS" value="true" />
    <property name="timeout.short" value="1000000" />
    <property name="junit.formatter" value="xml" />
    <property name="env.TRAVIS_SUDO" value="true" />
    <property name="env.TRAVIS_JOB_NAME" value="" />
    <property name="env.TRAVIS_STACK_NODE_ATTRIBUTES" value="/.node-attributes.yml" />
    <property name="env.LOGNAME" value="travis" />
    <property name="env.PT_TRAVIS_TEST_CORE1_XML" value="true" />
    <property name="jsdoc.home" value="node_modules/@terraswarm/jsdoc" />
    <property name="debuglevel" value="source,lines,vars" />
    <property name="checkstyle.formatter" value="xml" />
    <property name="env._system_version" value="16.04" />
    <property name="bin.vergil.makeable" value="true" />
    <property name="sun.os.patch.level" value="unknown" />
    <property name="java.vendor.url" value="http://java.oracle.com/" />
    <property name="env.TRAVIS_BUILD_WEB_URL" value="https://travis-ci.org/icyphy/ptII/builds/653747499" />
    <property name="java.version" value="11.0.2" />
    <property name="env.TZ" value="UTC" />
    <property name="env.TRAVIS_PULL_REQUEST_SHA" value="" />
    <property name="env.PT_NO_NET" value="true" />
    <property name="env.TRAVIS_SECURE_ENV_VARS" value="true" />
    <property name="env._system_type" value="Linux" />
    <property name="java.vendor.url.bug" value="http://bugreport.java.com/bugreport/" />
    <property name="npmjs-org-is-up" value="true" />
    <property name="env.LANGUAGE" value="en_US.UTF-8" />
    <property name="env.SSH_CLIENT" value="10.24.0.75 37452 22" />
    <property name="env.GEM_HOME" value="/home/travis/.rvm/gems/ruby-2.5.3" />
    <property name="env.HAS_ANTARES_THREE_LITTLE_FRONZIES_BADGE" value="true" />
    <property name="java.version.date" value="2019-01-15" />
    <property name="env.PS4" value="+" />
    <property name="ant.project.invoked-targets" value="build,test.core1.xml" />
    <property name="env.TRAVIS_PULL_REQUEST_BRANCH" value="" />
    <property name="env.TRAVIS_REPO_SLUG" value="icyphy/ptII" />
    <property name="env.XDG_DATA_DIRS" value="/usr/local/share:/usr/share:/var/lib/snapd/desktop" />
    <property name="jdk.debug" value="release" />
    <property name="env.TRAVIS_APT_PROXY" value="http://build-cache.travisci.net" />
    <property name="env.TRAVIS_CPU_ARCH" value="amd64" />
    <property name="node.in.path" value="true" />
    <property name="user.name" value="travis" />
    <property name="java.maxmemory" value="1400m" />
    <property name="env.RUBY_VERSION" value="ruby-2.5.3" />
    <property name="env.LANG" value="en_US.UTF-8" />
    <property name="sun.io.unicode.encoding" value="UnicodeLittle" />
    <property name="sun.jnu.encoding" value="UTF-8" />
    <property name="java.runtime.name" value="OpenJDK Runtime Environment" />
    <property name="usefile" value="false" />
    <property name="return.code" value="0" />
    <property name="junit.single.formatter" value="plain" />
    <property name="env.DYLD_LIBRARY_PATH" value="/home/travis/pthla/certi-tools/lib:" />
    <property name="env.DEBIAN_FRONTEND" value="noninteractive" />
    <property name="env.SSH_CONNECTION" value="10.24.0.75 37452 10.20.0.149 22" />
    <property name="env.MYSQL_UNIX_PORT" value="/var/run/mysqld/mysqld.sock" />
    <property name="env.LC_ALL" value="en_US.UTF-8" />
    <property name="env.TRAVIS_ALLOW_FAILURE" value="false" />
    <property name="env.TRAVIS_JOB_WEB_URL" value="https://travis-ci.org/icyphy/ptII/jobs/653747507" />
    <property name="java.specification.name" value="Java Platform API Specification" />
    <property name="node.works" value="true" />
    <property name="user.timezone" value="" />
    <property name="path.separator" value=":" />
    <property name="env.TRAVIS_ENABLE_INFRA_DETECTION" value="true" />
    <property name="env.PYTHON_CFLAGS" value="-g -fstack-protector --param=ssp-buffer-size=4 -Wformat -Werror=format-security" />
    <property name="timeout.long" value="4000000" />
    <property name="env.CERTI_HOME" value="/home/travis/pthla/certi-tools" />
    <property name="ant.file.ptII" value="/home/travis/build/icyphy/ptII/build.xml" />
    <property name="javadoc.packagenames" value="com.*,diva.*,lbnl.*,org.hlacerti.*,org.json.*,org.ptolemy.*,org.terraswarm.*,ptolemy.*,ptserver.*" />
    <property name="file.encoding" value="UTF-8" />
    <property name="env.TRAVIS_PULL_REQUEST_SLUG" value="" />
    <property name="ant.project.default-target" value="build" />
    <property name="env.GIT_ASKPASS" value="echo" />
    <property name="env.HOME" value="/home/travis" />
    <property name="sun.java.command" value="org.apache.tools.ant.taskdefs.optional.junit.JUnitTestRunner ptolemy.actor.lib.test.junit.JUnitTclTest skipNonTests=false filtertrace=true haltOnError=false haltOnFailure=false formatter=org.apache.tools.ant.taskdefs.optional.junit.OutErrSummaryJUnitResultFormatter showoutput=true outputtoformatters=true logfailedtests=true threadid=0 logtestlistenerevents=false formatter=org.apache.tools.ant.taskdefs.optional.junit.XMLJUnitResultFormatter,/home/travis/build/icyphy/ptII/reports/junit/TEST-ptolemy.actor.lib.test.junit.JUnitTclTest.xml crashfile=/home/travis/build/icyphy/ptII/junitvmwatcher14872463671398361320.properties propsfile=/home/travis/build/icyphy/ptII/junit14687112103783267337.properties" />
    <property name="env.COMPOSER_NO_INTERACTION" value="1" />
    <property name="env.MANPATH" value="/home/travis/.nvm/versions/node/v7.10.1/share/man:/home/travis/.rvm/rubies/ruby-2.5.3/share/man:/usr/local/cmake-3.12.4/man:/usr/local/clang-7.0.0/share/man:/usr/local/man:/usr/local/share/man:/usr/share/man:/home/travis/.rvm/man" />
    <property name="env.TRAVIS_TIMER_ID" value="05f3dbf1" />
    <property name="ant.file" value="/home/travis/build/icyphy/ptII/build.xml" />
    <property name="env.TRAVIS_COMMIT_RANGE" value="198d5e5614c59c3dad3ed2ffb3f8747ec78cc1c8...0d150754160b99997a547e4ab8141b89e365e186" />
    <property name="env._system_name" value="Ubuntu" />
    <property name="ptII.classpath.optional.property" value="/home/travis/build/icyphy/ptII/lib/bsh-2.0b4.jar:/home/travis/build/icyphy/ptII/lib/ptCal.jar:/home/travis/build/icyphy/ptII/lib/java_cup.jar:/home/travis/build/icyphy/ptII/lib/saxon8.jar:/home/travis/build/icyphy/ptII/lib/saxon8-dom.jar:/home/travis/build/icyphy/ptII/lib/chic.jar:/home/travis/build/icyphy/ptII/lib/ptcolt.jar:/home/travis/build/icyphy/ptII/vendors/misc/itext/iText.jar:/home/travis/build/icyphy/ptII/lib/g4ltl.jar:/home/travis/build/icyphy/ptII/lib/StructuralCoder.jar:/home/travis/build/icyphy/ptII/lib/jcerti.jar:/home/travis/build/icyphy/ptII/lib/javax.mail.jar:/home/travis/build/icyphy/ptII/vendors/JMF-2.1.1e/lib/jmf.jar:/home/travis/build/icyphy/ptII/lib/jna-4.0.0-variadic.jar:/home/travis/build/icyphy/ptII/vendors/misc/joystick/Joystick.jar:/home/travis/build/icyphy/ptII/lib/ptjacl.jar:/home/travis/build/icyphy/ptII/lib/jsoup-1.8.2.jar:/home/travis/build/icyphy/ptII/lib/junit-4.8.2.jar:/home/travis/build/icyphy/ptII/lib/JUnitParams-0.4.0.jar:/home/travis/build/icyphy/ptII/ptolemy/actor/lib/excel/jxl.jar:/home/travis/build/icyphy/ptII/lib/jython.jar:/home/travis/build/icyphy/ptII/lib/kieler.jar:/home/travis/build/icyphy/ptII/vendors/opencv/share/OpenCV/java/opencv-341.jar:/home/travis/build/icyphy/ptII/lib/oscP5.jar:/home/travis/build/icyphy/ptII/lib/nrjavaserial-3.11.0.devel.jar:/home/travis/build/icyphy/ptII/vendors/j3d/lib/Linux/j3dcore.jar:/home/travis/build/icyphy/ptII/vendors/j3d/lib/Linux/j3dutils.jar:/home/travis/build/icyphy/ptII/vendors/j3d/lib/Linux/vecmath.jar:/home/travis/build/icyphy/ptII/vendors/jogl/lib/Linux/gluegen-rt-natives-linux-amd64.jar:/home/travis/build/icyphy/ptII/vendors/jogl/lib/Linux/gluegen-rt.jar:/home/travis/build/icyphy/ptII/vendors/jogl/lib/Linux/jogl-all-natives-linux-amd64.jar:/home/travis/build/icyphy/ptII/vendors/jogl/lib/Linux/jogl-all.jar:/home/travis/build/icyphy/ptII/ptolemy/distributed/jini/jar/jini-core.jar:/home/travis/build/icyphy/ptII/ptolemy/distributed/jini/jar/jini-ext.jar:/home/travis/build/icyphy/ptII/ptolemy/distributed/jini/jar/sun-util.jar:/home/travis/build/icyphy/ptII/lib/protobuf-java-2.4.1.jar:/home/travis/build/icyphy/ptII/lib/org.eclipse.paho.client.mqttv3.jar:/home/travis/build/icyphy/ptII/lib/mapss.jar:/home/travis/build/icyphy/ptII/ptolemy/actor/ptalon/antlr/antlr.jar:/home/travis/build/icyphy/ptII/lib/JRI.jar:/home/travis/build/icyphy/ptII/lib/commons-lang-2.6.jar:/home/travis/build/icyphy/ptII/lib/commons-logging-1.1.1.jar:/home/travis/build/icyphy/ptII/lib/sootclasses.jar:/home/travis/build/icyphy/ptII/ptolemy/actor/lib/database/mysql-connector-java-5.1.6-bin.jar:/home/travis/build/icyphy/ptII/vendors/misc/sphinx4/sphinx4-data-5prealpha.jar:/home/travis/build/icyphy/ptII/vendors/misc/sphinx4/sphinx4-core-5prealpha.jar:/home/travis/build/icyphy/ptII/lib/PDFRenderer.jar:/home/travis/build/icyphy/ptII/lib/svgSalamander.jar:/home/travis/build/icyphy/ptII/lib/rsyntaxtextarea-2.6.0-SNAPSHOT.jar:/home/travis/build/icyphy/ptII/lib/hazelcast-3.8.2.jar:/home/travis/build/icyphy/ptII/lib/jackson-annotations-2.9.0.jar:/home/travis/build/icyphy/ptII/lib/jackson-core-2.9.3.jar:/home/travis/build/icyphy/ptII/lib/jackson-databind-2.9.3.jar:/home/travis/build/icyphy/ptII/lib/netty-buffer-4.1.19.Final.jar:/home/travis/build/icyphy/ptII/lib/netty-codec-4.1.19.Final.jar:/home/travis/build/icyphy/ptII/lib/netty-codec-dns-4.1.19.Final.jar:/home/travis/build/icyphy/ptII/lib/netty-codec-http-4.1.19.Final.jar:/home/travis/build/icyphy/ptII/lib/netty-codec-http2-4.1.19.Final.jar:/home/travis/build/icyphy/ptII/lib/netty-common-4.1.19.Final.jar:/home/travis/build/icyphy/ptII/lib/netty-handler-4.1.19.Final.jar:/home/travis/build/icyphy/ptII/lib/netty-resolver-4.1.19.Final.jar:/home/travis/build/icyphy/ptII/lib/netty-resolver-dns-4.1.19.Final.jar:/home/travis/build/icyphy/ptII/lib/netty-transport-4.1.19.Final.jar:/home/travis/build/icyphy/ptII/lib/vertx-codegen-3.5.1.jar:/home/travis/build/icyphy/ptII/lib/vertx-core-3.5.2-SNAPSHOT.jar:/home/travis/build/icyphy/ptII/lib/vertx-hazelcast-3.5.1.jar:/home/travis/build/icyphy/ptII/lib/vertx-lang-js-3.5.1.jar:/home/travis/build/icyphy/ptII/lib/vertx-service-proxy-3.5.1.jar:/home/travis/build/icyphy/ptII/lib/vertx-web-3.5.1.jar:/home/travis/build/icyphy/ptII/lib/slf4j-api-1.7.13.jar:/home/travis/build/icyphy/ptII/lib/slf4j-simple-1.7.13.jar:/home/travis/build/icyphy/ptII/lib/webcam-capture-0.3.12.jar:/home/travis/build/icyphy/ptII/lib/bridj-0.7.0.jar:/home/travis/build/icyphy/ptII/lib/xbjlib-1.1.0.nrjavaserial.jar" />
    <property name="timeout" value="2400000" />
    <property name="test.batch" value="**/junit/*.java" />
    <property name="env._" value="/usr/bin/timeout" />
    <property name="java.io.tmpdir" value="/tmp" />
    <property name="user.language" value="en" />
    <property name="env.TRAVIS_INTERNAL_RUBY_REGEX" value="^ruby-(2\.[0-4]\.[0-9]|1\.9\.3)" />
    <property name="env.HISTCONTROL" value="ignoredups:ignorespace" />
    <property name="env.GOROOT" value="/home/travis/.gimme/versions/go1.11.1.linux.amd64" />
    <property name="line.separator" value="&#xa;" />
    <property name="target" value="11" />
    <property name="env.TRAVIS_BUILD_DIR" value="/home/travis/build/icyphy/ptII" />
    <property name="env.ANT_OPTS" value="-Xmx2048m" />
    <property name="ant.file.type" value="file" />
    <property name="ptolemy.ptII.batchMode" value="true" />
    <property name="env.HISTSIZE" value="1000" />
    <property name="env.MERB_ENV" value="test" />
    <property name="java.vm.info" value="mixed mode" />
    <property name="source" value="11" />
    <property name="java.vm.specification.name" value="Java Virtual Machine Specification" />
    <property name="env.TRAVIS_TEST_RESULT" value="0" />
    <property name="jsdoc.command" value="node_modules/@terraswarm/jsdoc/jsdoc.js" />
    <property name="npm.works" value="true" />
    <property name="cobertura.dir" value="/home/travis/build/icyphy/ptII/vendors/cobertura-2.0.3" />
    <property name="jsdoc.command.exists" value="true" />
    <property name="env.rvm_path" value="/home/travis/.rvm" />
    <property name="env.GEM_PATH" value="/home/travis/.rvm/gems/ruby-2.5.3:/home/travis/.rvm/gems/ruby-2.5.3@global" />
    <property name="env.LC_CTYPE" value="en_US.UTF-8" />
    <property name="env.TRAVIS_CMD" value="$PTII/bin/ptIITravisBuild.sh $SECONDS" />
    <property name="java.awt.printerjob" value="sun.print.PSPrinterJob" />
    <property name="env.TRAVIS_STACK_NAME" value="sardonyx" />
    <property name="env.TRAVIS_TIMER_START_TIME" value="1582354683444098075" />
    <property name="ant.version" value="Apache Ant(TM) version 1.10.1 compiled on February 2 2017" />
    <property name="ptII.reports" value="/home/travis/build/icyphy/ptII/reports" />
    <property name="env.TRAVIS_STACK_TIMESTAMP" value="2019-03-25 16:16:56 UTC" />
    <property name="ant.file.type.ptII" value="file" />
    <property name="env.RBENV_SHELL" value="bash" />
    <property name="os.name" value="Linux" />
    <property name="java.specification.vendor" value="Oracle Corporation" />
    <property name="env.rvm_version" value="1.29.7 (latest)" />
    <property name="env.TRAVIS_INFRA" value="gce" />
    <property name="env.TERM" value="xterm" />
    <property name="java.vm.name" value="OpenJDK 64-Bit Server VM" />
    <property name="env.TRAVIS_BUILD_NUMBER" value="1528" />
    <property name="env.CI" value="true" />
    <property name="java.library.path" value="/home/travis/pthla/certi-tools/lib:/usr/lib/jni:/usr/local/share/OpenCV/java/:/usr/share/OpenCV/java::/usr/java/packages/lib:/usr/lib64:/lib64:/lib:/usr/lib" />
    <property name="jdk.module.path" value="/home/travis/build/icyphy/ptII/vendors/javafx/javafx-sdk-11.0.2/lib:" />
    <property name="env.rvm_prefix" value="/home/travis" />
    <property name="env.PATH" value="/home/travis/pthla/certi-tools/share/scripts:/home/travis/.rvm/gems/ruby-2.5.3/bin:/home/travis/.rvm/gems/ruby-2.5.3@global/bin:/home/travis/.rvm/rubies/ruby-2.5.3/bin:/home/travis/.rvm/bin:/home/travis/.nvm/versions/node/v7.10.1/bin:./node_modules/.bin:/home/travis/build/icyphy/ptII/bin:/home/travis/pthla/certi-tools/bin:/home/travis/bin:/home/travis/.local/bin:/usr/local/lib/jvm/openjdk11/bin:/opt/pyenv/shims:/home/travis/.phpenv/shims:/home/travis/perl5/perlbrew/bin:/home/travis/gopath/bin:/home/travis/.gimme/versions/go1.11.1.linux.amd64/bin:/usr/local/maven-3.6.0/bin:/usr/local/cmake-3.12.4/bin:/usr/local/clang-7.0.0/bin:/usr/local/sbin:/usr/local/bin:/usr/sbin:/usr/bin:/sbin:/bin:/snap/bin:/home/travis/.phpenv/bin:/opt/pyenv/bin:/home/travis/.yarn/bin" />
    <property name="env.TRAVIS_OS_NAME" value="linux" />
    <property name="ant.java.version" value="9" />
    <property name="basedir" value="/home/travis/build/icyphy/ptII" />
    <property name="java.class.version" value="55.0" />
    <property name="env.SHLVL" value="3" />
    <property name="env.LD_LIBRARY_PATH" value="/home/travis/pthla/certi-tools/lib:/usr/lib/jni:/usr/local/share/OpenCV/java/:/usr/share/OpenCV/java:" />
    <property name="env.RACK_ENV" value="test" />
    <property name="ant.home" value="/home/travis/build/icyphy/ptII/ant" />
    <property name="env.NVM_DIR" value="/home/travis/.nvm" />
    <property name="env.CERTI_FOM_PATH" value="/home/travis/pthla/certi-tools/share/federations" />
    <property name="env.TRAVIS_BUILD_ID" value="653747499" />
    <property name="env.PYENV_ROOT" value="/opt/pyenv" />
    <property name="env.TRAVIS_UID" value="2000" />
    <property name="prism.verbose" value="true" />
    <property name="env.NVM_BIN" value="/home/travis/.nvm/versions/node/v7.10.1/bin" />
    <property name="env.TRAVIS_COMMIT" value="0d150754160b99997a547e4ab8141b89e365e186" />
    <property name="env._system_arch" value="x86_64" />
    <property name="node.executable" value="node" />
    <property name="sun.boot.library.path" value="/usr/local/lib/jvm/openjdk11/lib" />
    <property name="sun.management.compiler" value="HotSpot 64-Bit Tiered Compilers" />
    <property name="java.awt.graphicsenv" value="sun.awt.X11GraphicsEnvironment" />
    <property name="env.GOPATH" value="/home/travis/gopath" />
    <property name="ptolemy.ptII.dir" value="/home/travis/build/icyphy/ptII" />
    <property name="env.USER" value="travis" />
    <property name="env.HISTFILESIZE" value="2000" />
    <property name="timeout.longest" value="19000000" />
    <property name="env.PERLBREW_SHELLRC_VERSION" value="0.86" />
    <property name="env.TRAVIS_STACK_FEATURES" value="basic couchdb disabled-ipv6 docker docker-compose elasticsearch firefox go-toolchain google-chrome jdk memcached mongodb mysql nodejs_interpreter perl_interpreter perlbrew phantomjs postgresql python_interpreter redis ruby_interpreter sqlite xserver" />
    <property name="env.TRAVIS_PULL_REQUEST" value="false" />
    <property name="env.PYENV_SHELL" value="bash" />
    <property name="ant.project.name" value="ptII" />
    <property name="env.ANSI_RESET" value="\033[0m" />
    <property name="java.vm.specification.version" value="11" />
    <property name="env.TRAVIS_DIST" value="xenial" />
    <property name="env.CERTI_VERSION" value="4.0.0" />
    <property name="env.CERTI_HOST" value="localhost" />
    <property name="awt.toolkit" value="sun.awt.X11.XToolkit" />
    <property name="env.MY_RUBY_HOME" value="/home/travis/.rvm/rubies/ruby-2.5.3" />
    <property name="sun.cpu.isalist" value="" />
    <property name="env.TRAVIS_TMPDIR" value="/tmp/tmp.HN8H9yLA7D" />
    <property name="java.vm.compressedOopsMode" value="Zero based" />
    <property name="os.version" value="4.15.0-1028-gcp" />
    <property name="user.home" value="/home/travis" />
    <property name="java.vm.vendor" value="Oracle Corporation" />
    <property name="env.TRAVIS_TAG" value="nightly" />
    <property name="env.ANSI_YELLOW" value="\033[33;1m" />
    <property name="env.TRAVIS_FILTERED" value="redirect_io" />
    <property name="env.ANSI_GREEN" value="\033[32;1m" />
    <property name="env.JAVA_HOME" value="/usr/local/lib/jvm/openjdk11" />
    <property name="javadoc.excludepackagenames" value="adm.cvs2svn.*,build.*,config.*,doc.coding.templates.*,jni.test.jni.meaningOfLife.*,jni.test.jni.testDeux.*,jni.test.jni.testTrois.*,org.terraswarm.accessor.accessors.web.node_modules.*,org.terraswarm.accessor.accessors.web.hosts.cordova.demo.*,org.terraswarm.accessor.accessors.web.hosts.cordova.plugins.*,org.terraswarm.accessor.accessors-svn.*,pt-modules.*,ptolemy.apps.agilent.*,ptolemy.apps.anytimecontrol.*,ptolemy.apps.apes.*,ptolemy.apps.charon.*,ptolemy.apps.crazyboard.*,ptolemy.apps.eclipse.*,ptolemy.apps.etherealSting.*,ptolemy.apps.fullscreen.*,ptolemy.apps.giotto.*,ptolemy.apps.ia.*,ptolemy.apps.interfaces.*,ptolemy.apps.jmf.*,ptolemy.apps.kurt.*,ptolemy.apps.kvm.*,ptolemy.apps.lego.*,ptolemy.apps.lejos.*,ptolemy.apps.midp.*,ptolemy.apps.mobileCoding.*,ptolemy.apps.pendulum.*,ptolemy.apps.rijndael.*,ptolemy.apps.robot.*,ptolemy.apps.security.*,ptolemy.apps.sobel.*,ptolemy.apps.soot.*,ptolemy.apps.throttle.*,ptolemy.apps.tini.*,ptolemy.apps.transmission.*,ptolemy.apps.vergil.*,ptolemy.apps.waba.*,ptolemy.apps.websensor.*,ptolemy.apps.webstart.*,ptolemy.apps.xsl.*,ptolemy.apps.zaurus.*,ptolemy.codegen.c.actor.lib.oldJavaFiles.*,ptolemy.codegen.dsp.lib.*,ptolemy.codegen.kernel.newInterfaces.*,ptolemy.codegen.lib.*,ptolemy.copernicus.kernel.fragment.*,ptolemy.copernicus.shallow.cg.*,ptolemy.domains.giotto.demo.Hierarchy.Hierarchy.*,ptolemy.domains.giotto.demo.Multimode.Multimode.*,ptolemy.domains.giotto.demo.Simple.Simple.*,ptolemy.domains.gr.lib.experimental.*,ptolemy.domains.gro.*,ptolemy.domains.pdf.*,ptolemy.domains.ptinyos.demo.Surge.output.*,ptolemy.moml.test.NoPackageActor.java*,ptolemy.plot.adm.*,ptolemy.plot.servlet.*,reports.*,signed.*,src.*,target.*,vendors.*,ptolemy.copernicus.applet.*,ptolemy.media.viewer.*,ptolemy.actor.corba.*,doc.doclets.*,ptolemy.apps.eclipse.awt.*,ptolemy.backtrack.*,ptolemy.backtrack.ast.*,ptolemy.cg.adapter.generic.program.procedural.c.mbed*,ptolemy.homer.*,ptolemy.actor.lib.jai.*,org.ptolemy.scala.*,diva.util.java2d.svg.*,ptolemy.domains.ptinyos.*,ptolemy.actor.lib.fmi.fmipp.*,,org.terraswarm.accessor.accessors.web.node_modules.*,org.terraswarm.accessor.accessors-svn,ptolemy.apps.*,ptolemy.actor.ptalon.demo.ptinyos.SendAndReceiveCnt.output,ptolemy.actor.ptalon.demo.ptinyos.SenseToLeds.output,ptolemy.domains.ptinyos.demo.CntToLedsAndRfm.output,ptolemy.domains.ptinyos.demo.RfmToLeds.output,ptolemy.domains.ptinyos.demo.SendAndReceiveCnt.output,ptolemy.domains.ptinyos.demo.SenseToLeds.output,ptolemy.actor.lib.jjs.modules.udpSocket.*" />
    <property name="env.PTII" value="/home/travis/build/icyphy/ptII" />
    <property name="env.XDG_SESSION_ID" value="2" />
    <property name="keystore" value="ptKeystore" />
    <property name="env.TRAVIS_COMMIT_MESSAGE" value="Adding a new HLA 1516 model from scratch for testing." />
    <property name="junit.output.dir" value="/home/travis/build/icyphy/ptII/reports/junit" />
    <property name="npm.return.code" value="0" />
    <property name="user.dir" value="/home/travis/build/icyphy/ptII/ptolemy/actor/lib/test" />
    <property name="env.TRAVIS_NODE_VERSION" value="7" />
    <property name="env.TRAVIS_EVENT_TYPE" value="cron" />
    <property name="env.MAIL" value="/var/mail/travis" />
    <property name="env.PERLBREW_ROOT" value="/home/travis/perl5/perlbrew" />
    <property name="env.PWD" value="/home/travis/build/icyphy/ptII" />
    <property name="timeout.npm" value="45000" />
    <property name="env.TRAVIS_ARCH" value="amd64" />
    <property name="sun.cpu.endian" value="little" />
    <property name="env.PAGER" value="cat" />
    <property name="env.TRAVIS_BUILD_STAGE_NAME" value="Test" />
    <property name="env.PERLBREW_HOME" value="/home/travis/.perlbrew" />
    <property name="java.vm.version" value="11.0.2+9" />
    <property name="env.RAILS_ENV" value="test" />
    <property name="java.class.path" value="/home/travis/.ptolemyII:/home/travis/.ptolemyII/*:/home/travis/build/icyphy/ptII:/home/travis/build/icyphy/ptII/lib/bsh-2.0b4.jar:/home/travis/build/icyphy/ptII/lib/ptCal.jar:/home/travis/build/icyphy/ptII/lib/java_cup.jar:/home/travis/build/icyphy/ptII/lib/saxon8.jar:/home/travis/build/icyphy/ptII/lib/saxon8-dom.jar:/home/travis/build/icyphy/ptII/lib/chic.jar:/home/travis/build/icyphy/ptII/lib/ptcolt.jar:/home/travis/build/icyphy/ptII/vendors/misc/itext/iText.jar:/home/travis/build/icyphy/ptII/lib/g4ltl.jar:/home/travis/build/icyphy/ptII/lib/StructuralCoder.jar:/home/travis/build/icyphy/ptII/lib/jcerti.jar:/home/travis/build/icyphy/ptII/lib/javax.mail.jar:/home/travis/build/icyphy/ptII/vendors/JMF-2.1.1e/lib/jmf.jar:/home/travis/build/icyphy/ptII/lib/jna-4.0.0-variadic.jar:/home/travis/build/icyphy/ptII/vendors/misc/joystick/Joystick.jar:/home/travis/build/icyphy/ptII/lib/ptjacl.jar:/home/travis/build/icyphy/ptII/lib/jsoup-1.8.2.jar:/home/travis/build/icyphy/ptII/lib/junit-4.8.2.jar:/home/travis/build/icyphy/ptII/lib/JUnitParams-0.4.0.jar:/home/travis/build/icyphy/ptII/ptolemy/actor/lib/excel/jxl.jar:/home/travis/build/icyphy/ptII/lib/jython.jar:/home/travis/build/icyphy/ptII/lib/kieler.jar:/home/travis/build/icyphy/ptII/vendors/opencv/share/OpenCV/java/opencv-341.jar:/home/travis/build/icyphy/ptII/lib/oscP5.jar:/home/travis/build/icyphy/ptII/lib/nrjavaserial-3.11.0.devel.jar:/home/travis/build/icyphy/ptII/vendors/j3d/lib/Linux/j3dcore.jar:/home/travis/build/icyphy/ptII/vendors/j3d/lib/Linux/j3dutils.jar:/home/travis/build/icyphy/ptII/vendors/j3d/lib/Linux/vecmath.jar:/home/travis/build/icyphy/ptII/vendors/jogl/lib/Linux/gluegen-rt-natives-linux-amd64.jar:/home/travis/build/icyphy/ptII/vendors/jogl/lib/Linux/gluegen-rt.jar:/home/travis/build/icyphy/ptII/vendors/jogl/lib/Linux/jogl-all-natives-linux-amd64.jar:/home/travis/build/icyphy/ptII/vendors/jogl/lib/Linux/jogl-all.jar:/home/travis/build/icyphy/ptII/ptolemy/distributed/jini/jar/jini-core.jar:/home/travis/build/icyphy/ptII/ptolemy/distributed/jini/jar/jini-ext.jar:/home/travis/build/icyphy/ptII/ptolemy/distributed/jini/jar/sun-util.jar:/home/travis/build/icyphy/ptII/lib/protobuf-java-2.4.1.jar:/home/travis/build/icyphy/ptII/lib/org.eclipse.paho.client.mqttv3.jar:/home/travis/build/icyphy/ptII/lib/mapss.jar:/home/travis/build/icyphy/ptII/ptolemy/actor/ptalon/antlr/antlr.jar:/home/travis/build/icyphy/ptII/lib/JRI.jar:/home/travis/build/icyphy/ptII/lib/commons-lang-2.6.jar:/home/travis/build/icyphy/ptII/lib/commons-logging-1.1.1.jar:/home/travis/build/icyphy/ptII/lib/sootclasses.jar:/home/travis/build/icyphy/ptII/ptolemy/actor/lib/database/mysql-connector-java-5.1.6-bin.jar:/home/travis/build/icyphy/ptII/vendors/misc/sphinx4/sphinx4-data-5prealpha.jar:/home/travis/build/icyphy/ptII/vendors/misc/sphinx4/sphinx4-core-5prealpha.jar:/home/travis/build/icyphy/ptII/lib/PDFRenderer.jar:/home/travis/build/icyphy/ptII/lib/svgSalamander.jar:/home/travis/build/icyphy/ptII/lib/rsyntaxtextarea-2.6.0-SNAPSHOT.jar:/home/travis/build/icyphy/ptII/lib/hazelcast-3.8.2.jar:/home/travis/build/icyphy/ptII/lib/jackson-annotations-2.9.0.jar:/home/travis/build/icyphy/ptII/lib/jackson-core-2.9.3.jar:/home/travis/build/icyphy/ptII/lib/jackson-databind-2.9.3.jar:/home/travis/build/icyphy/ptII/lib/netty-buffer-4.1.19.Final.jar:/home/travis/build/icyphy/ptII/lib/netty-codec-4.1.19.Final.jar:/home/travis/build/icyphy/ptII/lib/netty-codec-dns-4.1.19.Final.jar:/home/travis/build/icyphy/ptII/lib/netty-codec-http-4.1.19.Final.jar:/home/travis/build/icyphy/ptII/lib/netty-codec-http2-4.1.19.Final.jar:/home/travis/build/icyphy/ptII/lib/netty-common-4.1.19.Final.jar:/home/travis/build/icyphy/ptII/lib/netty-handler-4.1.19.Final.jar:/home/travis/build/icyphy/ptII/lib/netty-resolver-4.1.19.Final.jar:/home/travis/build/icyphy/ptII/lib/netty-resolver-dns-4.1.19.Final.jar:/home/travis/build/icyphy/ptII/lib/netty-transport-4.1.19.Final.jar:/home/travis/build/icyphy/ptII/lib/vertx-codegen-3.5.1.jar:/home/travis/build/icyphy/ptII/lib/vertx-core-3.5.2-SNAPSHOT.jar:/home/travis/build/icyphy/ptII/lib/vertx-hazelcast-3.5.1.jar:/home/travis/build/icyphy/ptII/lib/vertx-lang-js-3.5.1.jar:/home/travis/build/icyphy/ptII/lib/vertx-service-proxy-3.5.1.jar:/home/travis/build/icyphy/ptII/lib/vertx-web-3.5.1.jar:/home/travis/build/icyphy/ptII/lib/slf4j-api-1.7.13.jar:/home/travis/build/icyphy/ptII/lib/slf4j-simple-1.7.13.jar:/home/travis/build/icyphy/ptII/lib/webcam-capture-0.3.12.jar:/home/travis/build/icyphy/ptII/lib/bridj-0.7.0.jar:/home/travis/build/icyphy/ptII/lib/xbjlib-1.1.0.nrjavaserial.jar:/home/travis/build/icyphy/ptII/ptolemy/moml/test:/home/travis/build/icyphy/ptII/ant/lib/ant-launcher.jar:/home/travis/build/icyphy/ptII/ant/lib/ant.jar:/home/travis/build/icyphy/ptII/ant/lib/ant-junit.jar:/home/travis/build/icyphy/ptII/ant/lib/ant-junit4.jar" />
    <property name="ant.library.dir" value="/home/travis/build/icyphy/ptII/ant/lib" />
    <property name="os.arch" value="amd64" />
    <property name="env.CONTINUOUS_INTEGRATION" value="true" />
    <property name="env.TRAVIS_LANGUAGE" value="node_js" />
    <property name="env.TRAVIS_STACK_LANGUAGES" value="__sardonyx__ c c++ clojure cplusplus cpp default generic go groovy java node_js php pure_java python ruby scala" />
    <property name="test.name" value="ptolemy.actor.lib.test.junit.JUnitTclTest" />
    <property name="env.APT_KEY_DONT_WARN_ON_DANGEROUS_USAGE" value="1" />
    <property name="sun.java.launcher" value="SUN_STANDARD" />
    <property name="env.PYTHON_CONFIGURE_OPTS" value="--enable-unicode=ucs4 --with-wide-unicode --enable-shared --enable-ipv6 --enable-loadable-sqlite-extensions --with-computed-gotos" />
    <property name="ant.core.lib" value="/home/travis/build/icyphy/ptII/ant/lib/ant.jar" />
    <property name="java.vm.specification.vendor" value="Oracle Corporation" />
    <property name="env.BCVTB_HOME" value="/home/travis/build/icyphy/ptII/lbnl" />
    <property name="file.separator" value="/" />
    <property name="spotbugs.home" value="/home/travis/build/icyphy/ptII/vendors/spotbugs-3.1.1" />
    <property name="java.runtime.version" value="11.0.2+9" />
    <property name="env.ANSI_CLEAR" value="\033[0K" />
    <property name="javafx.verbose" value="true" />
    <property name="env.HAS_JOSH_K_SEAL_OF_APPROVAL" value="true" />
    <property name="env.XDG_RUNTIME_DIR" value="/run/user/2000" />
    <property name="env.TRAVIS_OSX_IMAGE" value="" />
    <property name="env.TRAVIS_JOB_ID" value="653747507" />
    <property name="env.TRAVIS_BRANCH" value="master" />
    <property name="user.country" value="US" />
    <property name="env.CERTI_HOME_TRAVIS" value="/home/travis/pthla/certi-tools" />
    <property name="env.SHELL" value="/bin/bash" />
    <property name="java.maxmemory.large" value="3200m" />
    <property name="model" value="" />
    <property name="env.CASHER_DIR" value="/home/travis/.casher" />
    <property name="env.NVM_CD_FLAGS" value="" />
    <property name="java.vendor.version" value="18.9" />
    <property name="jshint.executable" value="/home/travis/node_modules/jshint/bin/jshint" />
    <property name="env.JRUBY_OPTS" value=" --client -J-XX:+TieredCompilation -J-XX:TieredStopAtLevel=1 -J-Xss2m -Xcompile.invokedynamic=false" />
    <property name="java.vendor" value="Oracle Corporation" />
    <property name="env.TRAVIS_PRE_CHEF_BOOTSTRAP_TIME" value="2019-03-25T16:16:42" />
    <property name="env.TRAVIS_STACK_JOB_BOARD_REGISTER" value="/.job-board-register.yml" />
    <property name="env.ANSI_RED" value="\033[31;1m" />
    <property name="java.specification.version" value="11" />
    <property name="env.IRBRC" value="/home/travis/.rvm/rubies/ruby-2.5.3/.irbrc" />
    <property name="env.TRAVIS" value="true" />
    <property name="sun.arch.data.model" value="64" />
  </properties>
  <testcase classname="ptolemy.util.test.junit.TclTests" name="[0] /home/travis/build/icyphy/ptII/ptolemy/actor/lib/test/AbsoluteValue.tcl (RunTclFile)" time="0.464" />
  <testcase classname="ptolemy.util.test.junit.TclTests" name="[1] /home/travis/build/icyphy/ptII/ptolemy/actor/lib/test/AddSubtract.tcl (RunTclFile)" time="0.1" />
  <testcase classname="ptolemy.util.test.junit.TclTests" name="[2] /home/travis/build/icyphy/ptII/ptolemy/actor/lib/test/Average.tcl (RunTclFile)" time="0.032" />
  <testcase classname="ptolemy.util.test.junit.TclTests" name="[3] /home/travis/build/icyphy/ptII/ptolemy/actor/lib/test/Bernoulli.tcl (RunTclFile)" time="0.029" />
  <testcase classname="ptolemy.util.test.junit.TclTests" name="[4] /home/travis/build/icyphy/ptII/ptolemy/actor/lib/test/Clock.tcl (RunTclFile)" time="0.105" />
  <testcase classname="ptolemy.util.test.junit.TclTests" name="[5] /home/travis/build/icyphy/ptII/ptolemy/actor/lib/test/Commutator.tcl (RunTclFile)" time="0.16" />
  <testcase classname="ptolemy.util.test.junit.TclTests" name="[6] /home/travis/build/icyphy/ptII/ptolemy/actor/lib/test/Const.tcl (RunTclFile)" time="0.078" />
  <testcase classname="ptolemy.util.test.junit.TclTests" name="[7] /home/travis/build/icyphy/ptII/ptolemy/actor/lib/test/CurrentTime.tcl (RunTclFile)" time="0.044" />
  <testcase classname="ptolemy.util.test.junit.TclTests" name="[8] /home/travis/build/icyphy/ptII/ptolemy/actor/lib/test/DB.tcl (RunTclFile)" time="0.044" />
  <testcase classname="ptolemy.util.test.junit.TclTests" name="[9] /home/travis/build/icyphy/ptII/ptolemy/actor/lib/test/DiscreteRandomSource.tcl (RunTclFile)" time="0.047" />
  <testcase classname="ptolemy.util.test.junit.TclTests" name="[10] /home/travis/build/icyphy/ptII/ptolemy/actor/lib/test/Distributor.tcl (RunTclFile)" time="0.095" />
  <testcase classname="ptolemy.util.test.junit.TclTests" name="[11] /home/travis/build/icyphy/ptII/ptolemy/actor/lib/test/Exit.tcl (RunTclFile)" time="0.127" />
  <testcase classname="ptolemy.util.test.junit.TclTests" name="[12] /home/travis/build/icyphy/ptII/ptolemy/actor/lib/test/Expression.tcl (RunTclFile)" time="0.11" />
  <testcase classname="ptolemy.util.test.junit.TclTests" name="[13] /home/travis/build/icyphy/ptII/ptolemy/actor/lib/test/Gaussian.tcl (RunTclFile)" time="0.751" />
  <testcase classname="ptolemy.util.test.junit.TclTests" name="[14] /home/travis/build/icyphy/ptII/ptolemy/actor/lib/test/IIR.tcl (RunTclFile)" time="0.041" />
  <testcase classname="ptolemy.util.test.junit.TclTests" name="[15] /home/travis/build/icyphy/ptII/ptolemy/actor/lib/test/Interpolator.tcl (RunTclFile)" time="0.088" />
  <testcase classname="ptolemy.util.test.junit.TclTests" name="[16] /home/travis/build/icyphy/ptII/ptolemy/actor/lib/test/MathFunction.tcl (RunTclFile)" time="0.064" />
  <testcase classname="ptolemy.util.test.junit.TclTests" name="[17] /home/travis/build/icyphy/ptII/ptolemy/actor/lib/test/Maximum.tcl (RunTclFile)" time="0.033" />
  <testcase classname="ptolemy.util.test.junit.TclTests" name="[18] /home/travis/build/icyphy/ptII/ptolemy/actor/lib/test/Minimum.tcl (RunTclFile)" time="0.022" />
  <testcase classname="ptolemy.util.test.junit.TclTests" name="[19] /home/travis/build/icyphy/ptII/ptolemy/actor/lib/test/MultiplyDivide.tcl (RunTclFile)" time="0.026" />
  <testcase classname="ptolemy.util.test.junit.TclTests" name="[20] /home/travis/build/icyphy/ptII/ptolemy/actor/lib/test/OrderedMerge.tcl (RunTclFile)" time="0.12" />
  <testcase classname="ptolemy.util.test.junit.TclTests" name="[21] /home/travis/build/icyphy/ptII/ptolemy/actor/lib/test/Publisher.tcl (RunTclFile)" time="0.74" />
  <testcase classname="ptolemy.util.test.junit.TclTests" name="[22] /home/travis/build/icyphy/ptII/ptolemy/actor/lib/test/Pulse.tcl (RunTclFile)" time="0.065" />
  <testcase classname="ptolemy.util.test.junit.TclTests" name="[23] /home/travis/build/icyphy/ptII/ptolemy/actor/lib/test/Ramp.tcl (RunTclFile)" time="1.939" />
  <testcase classname="ptolemy.util.test.junit.TclTests" name="[24] /home/travis/build/icyphy/ptII/ptolemy/actor/lib/test/RampContinuous.tcl (RunTclFile)" time="0.016" />
  <testcase classname="ptolemy.util.test.junit.TclTests" name="[25] /home/travis/build/icyphy/ptII/ptolemy/actor/lib/test/RecordAssembler.tcl (RunTclFile)" time="0.014" />
  <testcase classname="ptolemy.util.test.junit.TclTests" name="[26] /home/travis/build/icyphy/ptII/ptolemy/actor/lib/test/RecordDisassembler.tcl (RunTclFile)" time="0.038" />
  <testcase classname="ptolemy.util.test.junit.TclTests" name="[27] /home/travis/build/icyphy/ptII/ptolemy/actor/lib/test/Scale.tcl (RunTclFile)" time="0.032" />
  <testcase classname="ptolemy.util.test.junit.TclTests" name="[28] /home/travis/build/icyphy/ptII/ptolemy/actor/lib/test/SequentialClock.tcl (RunTclFile)" time="0.011" />
  <testcase classname="ptolemy.util.test.junit.TclTests" name="[29] /home/travis/build/icyphy/ptII/ptolemy/actor/lib/test/SetVariable.tcl (RunTclFile)" time="0.007" />
  <testcase classname="ptolemy.util.test.junit.TclTests" name="[30] /home/travis/build/icyphy/ptII/ptolemy/actor/lib/test/Sinewave.tcl (RunTclFile)" time="0.024" />
  <testcase classname="ptolemy.util.test.junit.TclTests" name="[31] /home/travis/build/icyphy/ptII/ptolemy/actor/lib/test/SubscriptionAggregator.tcl (RunTclFile)" time="1.995" />
  <testcase classname="ptolemy.util.test.junit.TclTests" name="[32] /home/travis/build/icyphy/ptII/ptolemy/actor/lib/test/Test.tcl (RunTclFile)" time="0.102" />
  <testcase classname="ptolemy.util.test.junit.TclTests" name="[33] /home/travis/build/icyphy/ptII/ptolemy/actor/lib/test/TestExceptionHandler.tcl (RunTclFile)" time="0.01" />
  <testcase classname="ptolemy.util.test.junit.TclTests" name="[34] /home/travis/build/icyphy/ptII/ptolemy/actor/lib/test/UnionDisassembler.tcl (RunTclFile)" time="0.065" />
  <testcase classname="ptolemy.util.test.junit.TclTests" name="[35] /home/travis/build/icyphy/ptII/ptolemy/actor/lib/test/VariableClock.tcl (RunTclFile)" time="0.024" />
  <testcase classname="ptolemy.util.test.junit.AutoKnownFailedTests" name="[0] /home/travis/build/icyphy/ptII/ptolemy/actor/lib/test/auto/knownFailedTests/PublisherPortToplevelSubscriber.xml (RunModel)" time="0.023" />
  <testcase classname="ptolemy.util.test.junit.AutoKnownFailedTests" name="[1] /home/travis/build/icyphy/ptII/ptolemy/actor/lib/test/auto/knownFailedTests/PublisherSubscriberPortToplevel.xml (RunModel)" time="0.014" />
  <testcase classname="ptolemy.util.test.junit.AutoKnownFailedTests" name="[2] /home/travis/build/icyphy/ptII/ptolemy/actor/lib/test/auto/knownFailedTests/PublisherSubscriptionAggregatorPort.xml (RunModel)" time="0.023" />
  <testcase classname="ptolemy.util.test.junit.AutoKnownFailedTests" name="[3] /home/travis/build/icyphy/ptII/ptolemy/actor/lib/test/auto/knownFailedTests/sizedarray3.xml (RunModel)" time="0.016" />
  <testcase classname="ptolemy.util.test.junit.AutoNameArchTests" name="[0] ThereAreNoAutoArchTests (RunModel)" time="0.001" />
  <testcase classname="ptolemy.util.test.junit.AutoTests" name="[0] /home/travis/build/icyphy/ptII/ptolemy/actor/lib/test/auto/AbsoluteValue.xml (RunModel)" time="0.085" />
  <testcase classname="ptolemy.util.test.junit.AutoTests" name="[1] /home/travis/build/icyphy/ptII/ptolemy/actor/lib/test/auto/AbsoluteValue2.xml (RunModel)" time="0.059" />
  <testcase classname="ptolemy.util.test.junit.AutoTests" name="[2] /home/travis/build/icyphy/ptII/ptolemy/actor/lib/test/auto/Accumulator.xml (RunModel)" time="0.065" />
  <testcase classname="ptolemy.util.test.junit.AutoTests" name="[3] /home/travis/build/icyphy/ptII/ptolemy/actor/lib/test/auto/Accumulator2.xml (RunModel)" time="0.033" />
  <testcase classname="ptolemy.util.test.junit.AutoTests" name="[4] /home/travis/build/icyphy/ptII/ptolemy/actor/lib/test/auto/Accumulator3.xml (RunModel)" time="0.009" />
  <testcase classname="ptolemy.util.test.junit.AutoTests" name="[5] /home/travis/build/icyphy/ptII/ptolemy/actor/lib/test/auto/ArrayAppend.xml (RunModel)" time="0.023" />
  <testcase classname="ptolemy.util.test.junit.AutoTests" name="[6] /home/travis/build/icyphy/ptII/ptolemy/actor/lib/test/auto/ArrayAppend2.xml (RunModel)" time="0.297" />
  <testcase classname="ptolemy.util.test.junit.AutoTests" name="[7] /home/travis/build/icyphy/ptII/ptolemy/actor/lib/test/auto/ArrayAppend3.xml (RunModel)" time="0.028" />
  <testcase classname="ptolemy.util.test.junit.AutoTests" name="[8] /home/travis/build/icyphy/ptII/ptolemy/actor/lib/test/auto/ArrayAppend4.xml (RunModel)" time="0.018" />
  <testcase classname="ptolemy.util.test.junit.AutoTests" name="[9] /home/travis/build/icyphy/ptII/ptolemy/actor/lib/test/auto/ArrayAppend5.xml (RunModel)" time="0.014" />
  <testcase classname="ptolemy.util.test.junit.AutoTests" name="[10] /home/travis/build/icyphy/ptII/ptolemy/actor/lib/test/auto/ArrayAppend6.xml (RunModel)" time="0.074" />
  <testcase classname="ptolemy.util.test.junit.AutoTests" name="[11] /home/travis/build/icyphy/ptII/ptolemy/actor/lib/test/auto/ArrayAppendPerformanceTest.xml (RunModel)" time="0.062" />
  <testcase classname="ptolemy.util.test.junit.AutoTests" name="[12] /home/travis/build/icyphy/ptII/ptolemy/actor/lib/test/auto/ArrayAppendWithEmptyInput.xml (RunModel)" time="0.051" />
  <testcase classname="ptolemy.util.test.junit.AutoTests" name="[13] /home/travis/build/icyphy/ptII/ptolemy/actor/lib/test/auto/ArrayAverage.xml (RunModel)" time="0.056" />
  <testcase classname="ptolemy.util.test.junit.AutoTests" name="[14] /home/travis/build/icyphy/ptII/ptolemy/actor/lib/test/auto/ArrayContains.xml (RunModel)" time="0.033" />
  <testcase classname="ptolemy.util.test.junit.AutoTests" name="[15] /home/travis/build/icyphy/ptII/ptolemy/actor/lib/test/auto/ArrayElement.xml (RunModel)" time="0.043" />
  <testcase classname="ptolemy.util.test.junit.AutoTests" name="[16] /home/travis/build/icyphy/ptII/ptolemy/actor/lib/test/auto/ArrayElementAsMatrix.xml (RunModel)" time="0.052" />
  <testcase classname="ptolemy.util.test.junit.AutoTests" name="[17] /home/travis/build/icyphy/ptII/ptolemy/actor/lib/test/auto/ArrayElementI.xml (RunModel)" time="0.013" />
  <testcase classname="ptolemy.util.test.junit.AutoTests" name="[18] /home/travis/build/icyphy/ptII/ptolemy/actor/lib/test/auto/ArrayExtract.xml (RunModel)" time="0.021" />
  <testcase classname="ptolemy.util.test.junit.AutoTests" name="[19] /home/travis/build/icyphy/ptII/ptolemy/actor/lib/test/auto/ArrayExtract2.xml (RunModel)" time="0.016" />
  <testcase classname="ptolemy.util.test.junit.AutoTests" name="[20] /home/travis/build/icyphy/ptII/ptolemy/actor/lib/test/auto/ArrayLength.xml (RunModel)" time="0.014" />
  <testcase classname="ptolemy.util.test.junit.AutoTests" name="[21] /home/travis/build/icyphy/ptII/ptolemy/actor/lib/test/auto/ArrayLevelCrossing.xml (RunModel)" time="0.024" />
  <testcase classname="ptolemy.util.test.junit.AutoTests" name="[22] /home/travis/build/icyphy/ptII/ptolemy/actor/lib/test/auto/ArrayLevelCrossing2.xml (RunModel)" time="0.029" />
  <testcase classname="ptolemy.util.test.junit.AutoTests" name="[23] /home/travis/build/icyphy/ptII/ptolemy/actor/lib/test/auto/ArrayPeakSearch.xml (RunModel)" time="0.041" />
  <testcase classname="ptolemy.util.test.junit.AutoTests" name="[24] /home/travis/build/icyphy/ptII/ptolemy/actor/lib/test/auto/ArrayPeakSearch2.xml (RunModel)" time="0.042" />
  <testcase classname="ptolemy.util.test.junit.AutoTests" name="[25] /home/travis/build/icyphy/ptII/ptolemy/actor/lib/test/auto/ArrayPeakSearch3.xml (RunModel)" time="0.035" />
  <testcase classname="ptolemy.util.test.junit.AutoTests" name="[26] /home/travis/build/icyphy/ptII/ptolemy/actor/lib/test/auto/ArrayRemoveElement.xml (RunModel)" time="0.029" />
  <testcase classname="ptolemy.util.test.junit.AutoTests" name="[27] /home/travis/build/icyphy/ptII/ptolemy/actor/lib/test/auto/ArraySort.xml (RunModel)" time="0.036" />
  <testcase classname="ptolemy.util.test.junit.AutoTests" name="[28] /home/travis/build/icyphy/ptII/ptolemy/actor/lib/test/auto/ArraySum.xml (RunModel)" time="0.018" />
  <testcase classname="ptolemy.util.test.junit.AutoTests" name="[29] /home/travis/build/icyphy/ptII/ptolemy/actor/lib/test/auto/ArrayToElements.xml (RunModel)" time="0.022" />
  <testcase classname="ptolemy.util.test.junit.AutoTests" name="[30] /home/travis/build/icyphy/ptII/ptolemy/actor/lib/test/auto/ArrayToMatrix.xml (RunModel)" time="0.055" />
  <testcase classname="ptolemy.util.test.junit.AutoTests" name="[31] /home/travis/build/icyphy/ptII/ptolemy/actor/lib/test/auto/ArrayUpdate1.xml (RunModel)" time="0.014" />
  <testcase classname="ptolemy.util.test.junit.AutoTests" name="[32] /home/travis/build/icyphy/ptII/ptolemy/actor/lib/test/auto/ArrayUpdate2.xml (RunModel)" time="0.021" />
  <testcase classname="ptolemy.util.test.junit.AutoTests" name="[33] /home/travis/build/icyphy/ptII/ptolemy/actor/lib/test/auto/ArrayUpdate3.xml (RunModel)" time="0.015" />
  <testcase classname="ptolemy.util.test.junit.AutoTests" name="[34] /home/travis/build/icyphy/ptII/ptolemy/actor/lib/test/auto/Assert1.xml (RunModel)" time="0.018" />
  <testcase classname="ptolemy.util.test.junit.AutoTests" name="[35] /home/travis/build/icyphy/ptII/ptolemy/actor/lib/test/auto/Assert2.xml (RunModel)" time="0.009" />
  <testcase classname="ptolemy.util.test.junit.AutoTests" name="[36] /home/travis/build/icyphy/ptII/ptolemy/actor/lib/test/auto/BooleanMultiplexor.xml (RunModel)" time="0.021" />
  <testcase classname="ptolemy.util.test.junit.AutoTests" name="[37] /home/travis/build/icyphy/ptII/ptolemy/actor/lib/test/auto/BooleanMultiplexor2.xml (RunModel)" time="0.025" />
  <testcase classname="ptolemy.util.test.junit.AutoTests" name="[38] /home/travis/build/icyphy/ptII/ptolemy/actor/lib/test/auto/BooleanMultiplexor3.xml (RunModel)" time="0.014" />
  <testcase classname="ptolemy.util.test.junit.AutoTests" name="[39] /home/travis/build/icyphy/ptII/ptolemy/actor/lib/test/auto/BooleanSelect.xml (RunModel)" time="0.021" />
  <testcase classname="ptolemy.util.test.junit.AutoTests" name="[40] /home/travis/build/icyphy/ptII/ptolemy/actor/lib/test/auto/BooleanSelect2.xml (RunModel)" time="0.013" />
  <testcase classname="ptolemy.util.test.junit.AutoTests" name="[41] /home/travis/build/icyphy/ptII/ptolemy/actor/lib/test/auto/BooleanSwitch.xml (RunModel)" time="0.019" />
  <testcase classname="ptolemy.util.test.junit.AutoTests" name="[42] /home/travis/build/icyphy/ptII/ptolemy/actor/lib/test/auto/BooleanSwitch2.xml (RunModel)" time="0.01" />
  <testcase classname="ptolemy.util.test.junit.AutoTests" name="[43] /home/travis/build/icyphy/ptII/ptolemy/actor/lib/test/auto/BooleanSwitchCloningBugWithClassRelationGroup.xml (RunModel)" time="0.026" />
  <testcase classname="ptolemy.util.test.junit.AutoTests" name="[44] /home/travis/build/icyphy/ptII/ptolemy/actor/lib/test/auto/BusActors.xml (RunModel)" time="0.042" />
  <testcase classname="ptolemy.util.test.junit.AutoTests" name="[45] /home/travis/build/icyphy/ptII/ptolemy/actor/lib/test/auto/ClassWrapper.xml (RunModel)" time="0.02" />
  <testcase classname="ptolemy.util.test.junit.AutoTests" name="[46] /home/travis/build/icyphy/ptII/ptolemy/actor/lib/test/auto/Clock.xml (RunModel)" time="0.008" />
  <testcase classname="ptolemy.util.test.junit.AutoTests" name="[47] /home/travis/build/icyphy/ptII/ptolemy/actor/lib/test/auto/Clock10.xml (RunModel)" time="0.014" />
  <testcase classname="ptolemy.util.test.junit.AutoTests" name="[48] /home/travis/build/icyphy/ptII/ptolemy/actor/lib/test/auto/Clock11.xml (RunModel)" time="0.015" />
  <testcase classname="ptolemy.util.test.junit.AutoTests" name="[49] /home/travis/build/icyphy/ptII/ptolemy/actor/lib/test/auto/Clock12.xml (RunModel)" time="0.022" />
  <testcase classname="ptolemy.util.test.junit.AutoTests" name="[50] /home/travis/build/icyphy/ptII/ptolemy/actor/lib/test/auto/Clock13.xml (RunModel)" time="0.015" />
  <testcase classname="ptolemy.util.test.junit.AutoTests" name="[51] /home/travis/build/icyphy/ptII/ptolemy/actor/lib/test/auto/Clock14.xml (RunModel)" time="0.016" />
  <testcase classname="ptolemy.util.test.junit.AutoTests" name="[52] /home/travis/build/icyphy/ptII/ptolemy/actor/lib/test/auto/Clock15.xml (RunModel)" time="0.015" />
  <testcase classname="ptolemy.util.test.junit.AutoTests" name="[53] /home/travis/build/icyphy/ptII/ptolemy/actor/lib/test/auto/Clock16.xml (RunModel)" time="0.093" />
  <testcase classname="ptolemy.util.test.junit.AutoTests" name="[54] /home/travis/build/icyphy/ptII/ptolemy/actor/lib/test/auto/Clock17.xml (RunModel)" time="0.064" />
  <testcase classname="ptolemy.util.test.junit.AutoTests" name="[55] /home/travis/build/icyphy/ptII/ptolemy/actor/lib/test/auto/Clock18.xml (RunModel)" time="0.049" />
  <testcase classname="ptolemy.util.test.junit.AutoTests" name="[56] /home/travis/build/icyphy/ptII/ptolemy/actor/lib/test/auto/Clock19.xml (RunModel)" time="0.039" />
  <testcase classname="ptolemy.util.test.junit.AutoTests" name="[57] /home/travis/build/icyphy/ptII/ptolemy/actor/lib/test/auto/Clock2.xml (RunModel)" time="0.012" />
  <testcase classname="ptolemy.util.test.junit.AutoTests" name="[58] /home/travis/build/icyphy/ptII/ptolemy/actor/lib/test/auto/Clock20.xml (RunModel)" time="0.017" />
  <testcase classname="ptolemy.util.test.junit.AutoTests" name="[59] /home/travis/build/icyphy/ptII/ptolemy/actor/lib/test/auto/Clock21.xml (RunModel)" time="0.012" />
  <testcase classname="ptolemy.util.test.junit.AutoTests" name="[60] /home/travis/build/icyphy/ptII/ptolemy/actor/lib/test/auto/Clock22.xml (RunModel)" time="0.012" />
  <testcase classname="ptolemy.util.test.junit.AutoTests" name="[61] /home/travis/build/icyphy/ptII/ptolemy/actor/lib/test/auto/Clock23.xml (RunModel)" time="0.013" />
  <testcase classname="ptolemy.util.test.junit.AutoTests" name="[62] /home/travis/build/icyphy/ptII/ptolemy/actor/lib/test/auto/Clock24.xml (RunModel)" time="0.011" />
  <testcase classname="ptolemy.util.test.junit.AutoTests" name="[63] /home/travis/build/icyphy/ptII/ptolemy/actor/lib/test/auto/Clock4.xml (RunModel)" time="0.012" />
  <testcase classname="ptolemy.util.test.junit.AutoTests" name="[64] /home/travis/build/icyphy/ptII/ptolemy/actor/lib/test/auto/Clock5.xml (RunModel)" time="0.011" />
  <testcase classname="ptolemy.util.test.junit.AutoTests" name="[65] /home/travis/build/icyphy/ptII/ptolemy/actor/lib/test/auto/Clock6.xml (RunModel)" time="0.006" />
  <testcase classname="ptolemy.util.test.junit.AutoTests" name="[66] /home/travis/build/icyphy/ptII/ptolemy/actor/lib/test/auto/Clock7.xml (RunModel)" time="0.008" />
  <testcase classname="ptolemy.util.test.junit.AutoTests" name="[67] /home/travis/build/icyphy/ptII/ptolemy/actor/lib/test/auto/Clock8.xml (RunModel)" time="0.01" />
  <testcase classname="ptolemy.util.test.junit.AutoTests" name="[68] /home/travis/build/icyphy/ptII/ptolemy/actor/lib/test/auto/Clock9.xml (RunModel)" time="0.01" />
  <testcase classname="ptolemy.util.test.junit.AutoTests" name="[69] /home/travis/build/icyphy/ptII/ptolemy/actor/lib/test/auto/CommDistDiscard.xml (RunModel)" time="0.014" />
  <testcase classname="ptolemy.util.test.junit.AutoTests" name="[70] /home/travis/build/icyphy/ptII/ptolemy/actor/lib/test/auto/Commutator.xml (RunModel)" time="0.009" />
  <testcase classname="ptolemy.util.test.junit.AutoTests" name="[71] /home/travis/build/icyphy/ptII/ptolemy/actor/lib/test/auto/Commutator2.xml (RunModel)" time="0.007" />
  <testcase classname="ptolemy.util.test.junit.AutoTests" name="[72] /home/travis/build/icyphy/ptII/ptolemy/actor/lib/test/auto/Commutator3.xml (RunModel)" time="0.008" />
  <testcase classname="ptolemy.util.test.junit.AutoTests" name="[73] /home/travis/build/icyphy/ptII/ptolemy/actor/lib/test/auto/Compare.xml (RunModel)" time="0.013" />
  <testcase classname="ptolemy.util.test.junit.AutoTests" name="[74] /home/travis/build/icyphy/ptII/ptolemy/actor/lib/test/auto/CompareDE.xml (RunModel)" time="0.017" />
  <testcase classname="ptolemy.util.test.junit.AutoTests" name="[75] /home/travis/build/icyphy/ptII/ptolemy/actor/lib/test/auto/ComplexDivide.xml (RunModel)" time="0.006" />
  <testcase classname="ptolemy.util.test.junit.AutoTests" name="[76] /home/travis/build/icyphy/ptII/ptolemy/actor/lib/test/auto/ComputeHistogram.xml (RunModel)" time="0.047" />
  <testcase classname="ptolemy.util.test.junit.AutoTests" name="[77] /home/travis/build/icyphy/ptII/ptolemy/actor/lib/test/auto/ConfigurationSelect.xml (RunModel)" time="0.014" />
  <testcase classname="ptolemy.util.test.junit.AutoTests" name="[78] /home/travis/build/icyphy/ptII/ptolemy/actor/lib/test/auto/ConfigurationSelect2.xml (RunModel)" time="0.016" />
  <testcase classname="ptolemy.util.test.junit.AutoTests" name="[79] /home/travis/build/icyphy/ptII/ptolemy/actor/lib/test/auto/ConfigurationSwitch.xml (RunModel)" time="0.019" />
  <testcase classname="ptolemy.util.test.junit.AutoTests" name="[80] /home/travis/build/icyphy/ptII/ptolemy/actor/lib/test/auto/ConfigurationSwitch2.xml (RunModel)" time="0.019" />
  <testcase classname="ptolemy.util.test.junit.AutoTests" name="[81] /home/travis/build/icyphy/ptII/ptolemy/actor/lib/test/auto/ConfigurationSwitchCloningBugWithClassRelationGroup.xml (RunModel)" time="0.017" />
  <testcase classname="ptolemy.util.test.junit.AutoTests" name="[82] /home/travis/build/icyphy/ptII/ptolemy/actor/lib/test/auto/ConfigurationSwitchSelectSDF.xml (RunModel)" time="0.017" />
  <testcase classname="ptolemy.util.test.junit.AutoTests" name="[83] /home/travis/build/icyphy/ptII/ptolemy/actor/lib/test/auto/ConfigurationSwitchSelectSDF2.xml (RunModel)" time="0.009" />
  <testcase classname="ptolemy.util.test.junit.AutoTests" name="[84] /home/travis/build/icyphy/ptII/ptolemy/actor/lib/test/auto/Const.xml (RunModel)" time="0.005" />
  <testcase classname="ptolemy.util.test.junit.AutoTests" name="[85] /home/travis/build/icyphy/ptII/ptolemy/actor/lib/test/auto/Const2.xml (RunModel)" time="0.009" />
  <testcase classname="ptolemy.util.test.junit.AutoTests" name="[86] /home/travis/build/icyphy/ptII/ptolemy/actor/lib/test/auto/Const3.xml (RunModel)" time="0.005" />
  <testcase classname="ptolemy.util.test.junit.AutoTests" name="[87] /home/travis/build/icyphy/ptII/ptolemy/actor/lib/test/auto/ConstantPublisherPort1.xml (RunModel)" time="0.015" />
  <testcase classname="ptolemy.util.test.junit.AutoTests" name="[88] /home/travis/build/icyphy/ptII/ptolemy/actor/lib/test/auto/ConstantPublisherPort2.xml (RunModel)" time="0.021" />
  <testcase classname="ptolemy.util.test.junit.AutoTests" name="[89] /home/travis/build/icyphy/ptII/ptolemy/actor/lib/test/auto/ConstantPublisherPort3.xml (RunModel)" time="0.016" />
  <testcase classname="ptolemy.util.test.junit.AutoTests" name="[90] /home/travis/build/icyphy/ptII/ptolemy/actor/lib/test/auto/ConstantPublisherPort4.xml (RunModel)" time="0.023" />
  <testcase classname="ptolemy.util.test.junit.AutoTests" name="[91] /home/travis/build/icyphy/ptII/ptolemy/actor/lib/test/auto/ConstantPublisherPort5.xml (RunModel)" time="0.041" />
  <testcase classname="ptolemy.util.test.junit.AutoTests" name="[92] /home/travis/build/icyphy/ptII/ptolemy/actor/lib/test/auto/ConstantPublisherPort6.xml (RunModel)" time="0.027" />
  <testcase classname="ptolemy.util.test.junit.AutoTests" name="[93] /home/travis/build/icyphy/ptII/ptolemy/actor/lib/test/auto/ConstantPublisherPort7.xml (RunModel)" time="0.035" />
  <testcase classname="ptolemy.util.test.junit.AutoTests" name="[94] /home/travis/build/icyphy/ptII/ptolemy/actor/lib/test/auto/ConstraintMonitor1.xml (RunModel)" time="0.042" />
  <testcase classname="ptolemy.util.test.junit.AutoTests" name="[95] /home/travis/build/icyphy/ptII/ptolemy/actor/lib/test/auto/ConstraintMonitor2.xml (RunModel)" time="0.015" />
  <testcase classname="ptolemy.util.test.junit.AutoTests" name="[96] /home/travis/build/icyphy/ptII/ptolemy/actor/lib/test/auto/ConstraintMonitor3.xml (RunModel)" time="0.015" />
  <testcase classname="ptolemy.util.test.junit.AutoTests" name="[97] /home/travis/build/icyphy/ptII/ptolemy/actor/lib/test/auto/ConstraintMonitor4.xml (RunModel)" time="0.011" />
  <testcase classname="ptolemy.util.test.junit.AutoTests" name="[98] /home/travis/build/icyphy/ptII/ptolemy/actor/lib/test/auto/ConstraintMonitor5.xml (RunModel)" time="0.01" />
  <testcase classname="ptolemy.util.test.junit.AutoTests" name="[99] /home/travis/build/icyphy/ptII/ptolemy/actor/lib/test/auto/ConstraintMonitor6.xml (RunModel)" time="0.012" />
  <testcase classname="ptolemy.util.test.junit.AutoTests" name="[100] /home/travis/build/icyphy/ptII/ptolemy/actor/lib/test/auto/ConstraintMonitor7.xml (RunModel)" time="0.018" />
  <testcase classname="ptolemy.util.test.junit.AutoTests" name="[101] /home/travis/build/icyphy/ptII/ptolemy/actor/lib/test/auto/ConstraintMonitor8.xml (RunModel)" time="0.018" />
  <testcase classname="ptolemy.util.test.junit.AutoTests" name="[102] /home/travis/build/icyphy/ptII/ptolemy/actor/lib/test/auto/Counter.xml (RunModel)" time="0.013" />
  <testcase classname="ptolemy.util.test.junit.AutoTests" name="[103] /home/travis/build/icyphy/ptII/ptolemy/actor/lib/test/auto/CurrentTimeSDF.xml (RunModel)" time="0.008" />
  <testcase classname="ptolemy.util.test.junit.AutoTests" name="[104] /home/travis/build/icyphy/ptII/ptolemy/actor/lib/test/auto/DB.xml (RunModel)" time="0.011" />
  <testcase classname="ptolemy.util.test.junit.AutoTests" name="[105] /home/travis/build/icyphy/ptII/ptolemy/actor/lib/test/auto/DBDE.xml (RunModel)" time="0.01" />
  <testcase classname="ptolemy.util.test.junit.AutoTests" name="[106] /home/travis/build/icyphy/ptII/ptolemy/actor/lib/test/auto/DateConstructor.xml (RunModel)" time="0.068" />
  <testcase classname="ptolemy.util.test.junit.AutoTests" name="[107] /home/travis/build/icyphy/ptII/ptolemy/actor/lib/test/auto/DelayTime.xml (RunModel)" time="0.014" />
  <testcase classname="ptolemy.util.test.junit.AutoTests" name="[108] /home/travis/build/icyphy/ptII/ptolemy/actor/lib/test/auto/Dictionary1.xml (RunModel)" time="0.016" />
  <testcase classname="ptolemy.util.test.junit.AutoTests" name="[109] /home/travis/build/icyphy/ptII/ptolemy/actor/lib/test/auto/Dictionary2.xml (RunModel)" time="0.017" />
  <testcase classname="ptolemy.util.test.junit.AutoTests" name="[110] /home/travis/build/icyphy/ptII/ptolemy/actor/lib/test/auto/Dictionary3.xml (RunModel)" time="0.018" />
  <testcase classname="ptolemy.util.test.junit.AutoTests" name="[111] /home/travis/build/icyphy/ptII/ptolemy/actor/lib/test/auto/Dictionary4.xml (RunModel)" time="0.017" />
  <testcase classname="ptolemy.util.test.junit.AutoTests" name="[112] /home/travis/build/icyphy/ptII/ptolemy/actor/lib/test/auto/Differential.xml (RunModel)" time="0.011" />
  <testcase classname="ptolemy.util.test.junit.AutoTests" name="[113] /home/travis/build/icyphy/ptII/ptolemy/actor/lib/test/auto/Director.xml (RunModel)" time="0.009" />
  <testcase classname="ptolemy.util.test.junit.AutoTests" name="[114] /home/travis/build/icyphy/ptII/ptolemy/actor/lib/test/auto/DiscreteClock.xml (RunModel)" time="0.008" />
  <testcase classname="ptolemy.util.test.junit.AutoTests" name="[115] /home/travis/build/icyphy/ptII/ptolemy/actor/lib/test/auto/DiscreteClock10.xml (RunModel)" time="0.016" />
  <testcase classname="ptolemy.util.test.junit.AutoTests" name="[116] /home/travis/build/icyphy/ptII/ptolemy/actor/lib/test/auto/DiscreteClock11.xml (RunModel)" time="0.011" />
  <testcase classname="ptolemy.util.test.junit.AutoTests" name="[117] /home/travis/build/icyphy/ptII/ptolemy/actor/lib/test/auto/DiscreteClock12.xml (RunModel)" time="0.012" />
  <testcase classname="ptolemy.util.test.junit.AutoTests" name="[118] /home/travis/build/icyphy/ptII/ptolemy/actor/lib/test/auto/DiscreteClock13.xml (RunModel)" time="0.012" />
  <testcase classname="ptolemy.util.test.junit.AutoTests" name="[119] /home/travis/build/icyphy/ptII/ptolemy/actor/lib/test/auto/DiscreteClock14.xml (RunModel)" time="0.012" />
  <testcase classname="ptolemy.util.test.junit.AutoTests" name="[120] /home/travis/build/icyphy/ptII/ptolemy/actor/lib/test/auto/DiscreteClock15.xml (RunModel)" time="0.013" />
  <testcase classname="ptolemy.util.test.junit.AutoTests" name="[121] /home/travis/build/icyphy/ptII/ptolemy/actor/lib/test/auto/DiscreteClock16.xml (RunModel)" time="0.039" />
  <testcase classname="ptolemy.util.test.junit.AutoTests" name="[122] /home/travis/build/icyphy/ptII/ptolemy/actor/lib/test/auto/DiscreteClock17.xml (RunModel)" time="0.033" />
  <testcase classname="ptolemy.util.test.junit.AutoTests" name="[123] /home/travis/build/icyphy/ptII/ptolemy/actor/lib/test/auto/DiscreteClock18.xml (RunModel)" time="0.029" />
  <testcase classname="ptolemy.util.test.junit.AutoTests" name="[124] /home/travis/build/icyphy/ptII/ptolemy/actor/lib/test/auto/DiscreteClock19.xml (RunModel)" time="0.031" />
  <testcase classname="ptolemy.util.test.junit.AutoTests" name="[125] /home/travis/build/icyphy/ptII/ptolemy/actor/lib/test/auto/DiscreteClock2.xml (RunModel)" time="0.009" />
  <testcase classname="ptolemy.util.test.junit.AutoTests" name="[126] /home/travis/build/icyphy/ptII/ptolemy/actor/lib/test/auto/DiscreteClock20.xml (RunModel)" time="0.013" />
  <testcase classname="ptolemy.util.test.junit.AutoTests" name="[127] /home/travis/build/icyphy/ptII/ptolemy/actor/lib/test/auto/DiscreteClock21.xml (RunModel)" time="0.011" />
  <testcase classname="ptolemy.util.test.junit.AutoTests" name="[128] /home/travis/build/icyphy/ptII/ptolemy/actor/lib/test/auto/DiscreteClock22.xml (RunModel)" time="0.011" />
  <testcase classname="ptolemy.util.test.junit.AutoTests" name="[129] /home/travis/build/icyphy/ptII/ptolemy/actor/lib/test/auto/DiscreteClock23.xml (RunModel)" time="0.011" />
  <testcase classname="ptolemy.util.test.junit.AutoTests" name="[130] /home/travis/build/icyphy/ptII/ptolemy/actor/lib/test/auto/DiscreteClock24.xml (RunModel)" time="0.012" />
  <testcase classname="ptolemy.util.test.junit.AutoTests" name="[131] /home/travis/build/icyphy/ptII/ptolemy/actor/lib/test/auto/DiscreteClock4.xml (RunModel)" time="0.013" />
  <testcase classname="ptolemy.util.test.junit.AutoTests" name="[132] /home/travis/build/icyphy/ptII/ptolemy/actor/lib/test/auto/DiscreteClock5.xml (RunModel)" time="0.009" />
  <testcase classname="ptolemy.util.test.junit.AutoTests" name="[133] /home/travis/build/icyphy/ptII/ptolemy/actor/lib/test/auto/DiscreteClock6.xml (RunModel)" time="0.007" />
  <testcase classname="ptolemy.util.test.junit.AutoTests" name="[134] /home/travis/build/icyphy/ptII/ptolemy/actor/lib/test/auto/DiscreteClock7.xml (RunModel)" time="0.008" />
  <testcase classname="ptolemy.util.test.junit.AutoTests" name="[135] /home/travis/build/icyphy/ptII/ptolemy/actor/lib/test/auto/DiscreteClock8.xml (RunModel)" time="0.022" />
  <testcase classname="ptolemy.util.test.junit.AutoTests" name="[136] /home/travis/build/icyphy/ptII/ptolemy/actor/lib/test/auto/DiscreteClock9.xml (RunModel)" time="0.011" />
  <testcase classname="ptolemy.util.test.junit.AutoTests" name="[137] /home/travis/build/icyphy/ptII/ptolemy/actor/lib/test/auto/DisplayArray.xml (RunModel)" time="0.007" />
  <testcase classname="ptolemy.util.test.junit.AutoTests" name="[138] /home/travis/build/icyphy/ptII/ptolemy/actor/lib/test/auto/Distributor.xml (RunModel)" time="0.009" />
  <testcase classname="ptolemy.util.test.junit.AutoTests" name="[139] /home/travis/build/icyphy/ptII/ptolemy/actor/lib/test/auto/Distributor2.xml (RunModel)" time="0.008" />
  <testcase classname="ptolemy.util.test.junit.AutoTests" name="[140] /home/travis/build/icyphy/ptII/ptolemy/actor/lib/test/auto/DownSample.xml (RunModel)" time="0.01" />
  <testcase classname="ptolemy.util.test.junit.AutoTests" name="[141] /home/travis/build/icyphy/ptII/ptolemy/actor/lib/test/auto/ElectronicUnitBase1.xml (RunModel)" time="0.053" />
  <testcase classname="ptolemy.util.test.junit.AutoTests" name="[142] /home/travis/build/icyphy/ptII/ptolemy/actor/lib/test/auto/ElementsToArray.xml (RunModel)" time="0.009" />
  <testcase classname="ptolemy.util.test.junit.AutoTests" name="[143] /home/travis/build/icyphy/ptII/ptolemy/actor/lib/test/auto/Equals.xml (RunModel)" time="0.013" />
  <testcase classname="ptolemy.util.test.junit.AutoTests" name="[144] /home/travis/build/icyphy/ptII/ptolemy/actor/lib/test/auto/Exec.xml (RunModel)" time="0.028" />
  <testcase classname="ptolemy.util.test.junit.AutoTests" name="[145] /home/travis/build/icyphy/ptII/ptolemy/actor/lib/test/auto/ExecEnvironment.xml (RunModel)" time="0.042" />
  <testcase classname="ptolemy.util.test.junit.AutoTests" name="[146] /home/travis/build/icyphy/ptII/ptolemy/actor/lib/test/auto/ExecNonZeroReturnOutput.xml (RunModel)" time="0.178" />
  <testcase classname="ptolemy.util.test.junit.AutoTests" name="[147] /home/travis/build/icyphy/ptII/ptolemy/actor/lib/test/auto/ExecRunDemos.xml (RunModel)" time="10.042" />
  <testcase classname="ptolemy.util.test.junit.AutoTests" name="[148] /home/travis/build/icyphy/ptII/ptolemy/actor/lib/test/auto/ExecStop.xml (RunModel)" time="5.039" />
  <testcase classname="ptolemy.util.test.junit.AutoTests" name="[149] /home/travis/build/icyphy/ptII/ptolemy/actor/lib/test/auto/ExecutionTimeSDF.xml (RunModel)" time="6.029" />
  <testcase classname="ptolemy.util.test.junit.AutoTests" name="[150] /home/travis/build/icyphy/ptII/ptolemy/actor/lib/test/auto/Expression1.xml (RunModel)" time="0.009" />
  <testcase classname="ptolemy.util.test.junit.AutoTests" name="[151] /home/travis/build/icyphy/ptII/ptolemy/actor/lib/test/auto/Expression10.xml (RunModel)" time="0.013" />
  <testcase classname="ptolemy.util.test.junit.AutoTests" name="[152] /home/travis/build/icyphy/ptII/ptolemy/actor/lib/test/auto/Expression11.xml (RunModel)" time="0.01" />
  <testcase classname="ptolemy.util.test.junit.AutoTests" name="[153] /home/travis/build/icyphy/ptII/ptolemy/actor/lib/test/auto/Expression12.xml (RunModel)" time="0.02" />
  <testcase classname="ptolemy.util.test.junit.AutoTests" name="[154] /home/travis/build/icyphy/ptII/ptolemy/actor/lib/test/auto/Expression13.xml (RunModel)" time="0.015" />
  <testcase classname="ptolemy.util.test.junit.AutoTests" name="[155] /home/travis/build/icyphy/ptII/ptolemy/actor/lib/test/auto/Expression14.xml (RunModel)" time="0.015" />
  <testcase classname="ptolemy.util.test.junit.AutoTests" name="[156] /home/travis/build/icyphy/ptII/ptolemy/actor/lib/test/auto/Expression15.xml (RunModel)" time="0.006" />
  <testcase classname="ptolemy.util.test.junit.AutoTests" name="[157] /home/travis/build/icyphy/ptII/ptolemy/actor/lib/test/auto/Expression16.xml (RunModel)" time="0.01" />
  <testcase classname="ptolemy.util.test.junit.AutoTests" name="[158] /home/travis/build/icyphy/ptII/ptolemy/actor/lib/test/auto/Expression17.xml (RunModel)" time="0.01" />
  <testcase classname="ptolemy.util.test.junit.AutoTests" name="[159] /home/travis/build/icyphy/ptII/ptolemy/actor/lib/test/auto/Expression18.xml (RunModel)" time="0.018" />
  <testcase classname="ptolemy.util.test.junit.AutoTests" name="[160] /home/travis/build/icyphy/ptII/ptolemy/actor/lib/test/auto/Expression2.xml (RunModel)" time="0.011" />
  <testcase classname="ptolemy.util.test.junit.AutoTests" name="[161] /home/travis/build/icyphy/ptII/ptolemy/actor/lib/test/auto/Expression3.xml (RunModel)" time="0.012" />
  <testcase classname="ptolemy.util.test.junit.AutoTests" name="[162] /home/travis/build/icyphy/ptII/ptolemy/actor/lib/test/auto/Expression4.xml (RunModel)" time="0.016" />
  <testcase classname="ptolemy.util.test.junit.AutoTests" name="[163] /home/travis/build/icyphy/ptII/ptolemy/actor/lib/test/auto/Expression5.xml (RunModel)" time="0.011" />
  <testcase classname="ptolemy.util.test.junit.AutoTests" name="[164] /home/travis/build/icyphy/ptII/ptolemy/actor/lib/test/auto/Expression6.xml (RunModel)" time="0.008" />
  <testcase classname="ptolemy.util.test.junit.AutoTests" name="[165] /home/travis/build/icyphy/ptII/ptolemy/actor/lib/test/auto/Expression7.xml (RunModel)" time="0.009" />
  <testcase classname="ptolemy.util.test.junit.AutoTests" name="[166] /home/travis/build/icyphy/ptII/ptolemy/actor/lib/test/auto/Expression8.xml (RunModel)" time="0.012" />
  <testcase classname="ptolemy.util.test.junit.AutoTests" name="[167] /home/travis/build/icyphy/ptII/ptolemy/actor/lib/test/auto/Expression9.xml (RunModel)" time="0.007" />
  <testcase classname="ptolemy.util.test.junit.AutoTests" name="[168] /home/travis/build/icyphy/ptII/ptolemy/actor/lib/test/auto/ExpressionConcatenateArrayType.xml (RunModel)" time="0.019" />
  <testcase classname="ptolemy.util.test.junit.AutoTests" name="[169] /home/travis/build/icyphy/ptII/ptolemy/actor/lib/test/auto/ExpressionConcatenateArrayType2.xml (RunModel)" time="0.013" />
  <testcase classname="ptolemy.util.test.junit.AutoTests" name="[170] /home/travis/build/icyphy/ptII/ptolemy/actor/lib/test/auto/ExpressionFix.xml (RunModel)" time="0.039" />
  <testcase classname="ptolemy.util.test.junit.AutoTests" name="[171] /home/travis/build/icyphy/ptII/ptolemy/actor/lib/test/auto/ExpressionFix2.xml (RunModel)" time="0.011" />
  <testcase classname="ptolemy.util.test.junit.AutoTests" name="[172] /home/travis/build/icyphy/ptII/ptolemy/actor/lib/test/auto/ExpressionFix3.xml (RunModel)" time="0.011" />
  <testcase classname="ptolemy.util.test.junit.AutoTests" name="[173] /home/travis/build/icyphy/ptII/ptolemy/actor/lib/test/auto/FileWriter1.xml (RunModel)" time="0.007" />
  <testcase classname="ptolemy.util.test.junit.AutoTests" name="[174] /home/travis/build/icyphy/ptII/ptolemy/actor/lib/test/auto/FileWriter2.xml (RunModel)" time="0.011" />
  <testcase classname="ptolemy.util.test.junit.AutoTests" name="[175] /home/travis/build/icyphy/ptII/ptolemy/actor/lib/test/auto/FileWriter3.xml (RunModel)" time="0.011" />
  <testcase classname="ptolemy.util.test.junit.AutoTests" name="[176] /home/travis/build/icyphy/ptII/ptolemy/actor/lib/test/auto/Gaussian.xml (RunModel)" time="0.008" />
  <testcase classname="ptolemy.util.test.junit.AutoTests" name="[177] /home/travis/build/icyphy/ptII/ptolemy/actor/lib/test/auto/Gaussian1.xml (RunModel)" time="0.018" />
  <testcase classname="ptolemy.util.test.junit.AutoTests" name="[178] /home/travis/build/icyphy/ptII/ptolemy/actor/lib/test/auto/Gaussian2.xml (RunModel)" time="0.016" />
  <testcase classname="ptolemy.util.test.junit.AutoTests" name="[179] /home/travis/build/icyphy/ptII/ptolemy/actor/lib/test/auto/GradientAdaptiveLattice.xml (RunModel)" time="0.014" />
  <testcase classname="ptolemy.util.test.junit.AutoTests" name="[180] /home/travis/build/icyphy/ptII/ptolemy/actor/lib/test/auto/IIR.xml (RunModel)" time="0.008" />
  <testcase classname="ptolemy.util.test.junit.AutoTests" name="[181] /home/travis/build/icyphy/ptII/ptolemy/actor/lib/test/auto/InputOutputTransparentPorts.xml (RunModel)" time="0.019" />
  <testcase classname="ptolemy.util.test.junit.AutoTests" name="[182] /home/travis/build/icyphy/ptII/ptolemy/actor/lib/test/auto/Interpolator.xml (RunModel)" time="0.01" />
  <testcase classname="ptolemy.util.test.junit.AutoTests" name="[183] /home/travis/build/icyphy/ptII/ptolemy/actor/lib/test/auto/InterpolatorFiringLimitDE.xml (RunModel)" time="0.011" />
  <testcase classname="ptolemy.util.test.junit.AutoTests" name="[184] /home/travis/build/icyphy/ptII/ptolemy/actor/lib/test/auto/Lattice.xml (RunModel)" time="0.008" />
  <testcase classname="ptolemy.util.test.junit.AutoTests" name="[185] /home/travis/build/icyphy/ptII/ptolemy/actor/lib/test/auto/LazyAOCTestLazy.xml (RunModel)" time="0.02" />
  <testcase classname="ptolemy.util.test.junit.AutoTests" name="[186] /home/travis/build/icyphy/ptII/ptolemy/actor/lib/test/auto/LazyAOCTestNonLazy.xml (RunModel)" time="0.04" />
  <testcase classname="ptolemy.util.test.junit.AutoTests" name="[187] /home/travis/build/icyphy/ptII/ptolemy/actor/lib/test/auto/LazyInnerClass.xml (RunModel)" time="0.024" />
  <testcase classname="ptolemy.util.test.junit.AutoTests" name="[188] /home/travis/build/icyphy/ptII/ptolemy/actor/lib/test/auto/LazyPubSub.xml (RunModel)" time="0.031" />
  <testcase classname="ptolemy.util.test.junit.AutoTests" name="[189] /home/travis/build/icyphy/ptII/ptolemy/actor/lib/test/auto/LazyPubSub2.xml (RunModel)" time="0.035" />
  <testcase classname="ptolemy.util.test.junit.AutoTests" name="[190] /home/travis/build/icyphy/ptII/ptolemy/actor/lib/test/auto/LazyPubSub3.xml (RunModel)" time="0.044" />
  <testcase classname="ptolemy.util.test.junit.AutoTests" name="[191] /home/travis/build/icyphy/ptII/ptolemy/actor/lib/test/auto/LazySubClassModel.xml (RunModel)" time="0.019" />
  <testcase classname="ptolemy.util.test.junit.AutoTests" name="[192] /home/travis/build/icyphy/ptII/ptolemy/actor/lib/test/auto/LevelCrossTest1.xml (RunModel)" time="0.009" />
  <testcase classname="ptolemy.util.test.junit.AutoTests" name="[193] /home/travis/build/icyphy/ptII/ptolemy/actor/lib/test/auto/LevelCrossTest10.xml (RunModel)" time="0.012" />
  <testcase classname="ptolemy.util.test.junit.AutoTests" name="[194] /home/travis/build/icyphy/ptII/ptolemy/actor/lib/test/auto/LevelCrossTest11.xml (RunModel)" time="0.012" />
  <testcase classname="ptolemy.util.test.junit.AutoTests" name="[195] /home/travis/build/icyphy/ptII/ptolemy/actor/lib/test/auto/LevelCrossTest12.xml (RunModel)" time="0.015" />
  <testcase classname="ptolemy.util.test.junit.AutoTests" name="[196] /home/travis/build/icyphy/ptII/ptolemy/actor/lib/test/auto/LevelCrossTest13.xml (RunModel)" time="0.011" />
  <testcase classname="ptolemy.util.test.junit.AutoTests" name="[197] /home/travis/build/icyphy/ptII/ptolemy/actor/lib/test/auto/LevelCrossTest2.xml (RunModel)" time="0.015" />
  <testcase classname="ptolemy.util.test.junit.AutoTests" name="[198] /home/travis/build/icyphy/ptII/ptolemy/actor/lib/test/auto/LevelCrossTest3.xml (RunModel)" time="0.01" />
  <testcase classname="ptolemy.util.test.junit.AutoTests" name="[199] /home/travis/build/icyphy/ptII/ptolemy/actor/lib/test/auto/LevelCrossTest4.xml (RunModel)" time="0.009" />
  <testcase classname="ptolemy.util.test.junit.AutoTests" name="[200] /home/travis/build/icyphy/ptII/ptolemy/actor/lib/test/auto/LevelCrossTest5.xml (RunModel)" time="0.013" />
  <testcase classname="ptolemy.util.test.junit.AutoTests" name="[201] /home/travis/build/icyphy/ptII/ptolemy/actor/lib/test/auto/LevelCrossTest6.xml (RunModel)" time="0.01" />
  <testcase classname="ptolemy.util.test.junit.AutoTests" name="[202] /home/travis/build/icyphy/ptII/ptolemy/actor/lib/test/auto/LevelCrossTest7.xml (RunModel)" time="0.028" />
  <testcase classname="ptolemy.util.test.junit.AutoTests" name="[203] /home/travis/build/icyphy/ptII/ptolemy/actor/lib/test/auto/LevelCrossTest8.xml (RunModel)" time="0.015" />
  <testcase classname="ptolemy.util.test.junit.AutoTests" name="[204] /home/travis/build/icyphy/ptII/ptolemy/actor/lib/test/auto/LevelCrossTest9.xml (RunModel)" time="0.013" />
  <testcase classname="ptolemy.util.test.junit.AutoTests" name="[205] /home/travis/build/icyphy/ptII/ptolemy/actor/lib/test/auto/LevinsonDurbin.xml (RunModel)" time="0.008" />
  <testcase classname="ptolemy.util.test.junit.AutoTests" name="[206] /home/travis/build/icyphy/ptII/ptolemy/actor/lib/test/auto/LevinsonDurbin2.xml (RunModel)" time="0.009" />
  <testcase classname="ptolemy.util.test.junit.AutoTests" name="[207] /home/travis/build/icyphy/ptII/ptolemy/actor/lib/test/auto/LevinsonDurbin3.xml (RunModel)" time="0.008" />
  <testcase classname="ptolemy.util.test.junit.AutoTests" name="[208] /home/travis/build/icyphy/ptII/ptolemy/actor/lib/test/auto/Limiter.xml (RunModel)" time="0.037" />
  <testcase classname="ptolemy.util.test.junit.AutoTests" name="[209] /home/travis/build/icyphy/ptII/ptolemy/actor/lib/test/auto/LinearDifferenceEquationSystem.xml (RunModel)" time="0.019" />
  <testcase classname="ptolemy.util.test.junit.AutoTests" name="[210] /home/travis/build/icyphy/ptII/ptolemy/actor/lib/test/auto/LookupTable.xml (RunModel)" time="0.011" />
  <testcase classname="ptolemy.util.test.junit.AutoTests" name="[211] /home/travis/build/icyphy/ptII/ptolemy/actor/lib/test/auto/MathFunction.xml (RunModel)" time="0.016" />
  <testcase classname="ptolemy.util.test.junit.AutoTests" name="[212] /home/travis/build/icyphy/ptII/ptolemy/actor/lib/test/auto/MathFunction2.xml (RunModel)" time="0.008" />
  <testcase classname="ptolemy.util.test.junit.AutoTests" name="[213] /home/travis/build/icyphy/ptII/ptolemy/actor/lib/test/auto/MathFunction3.xml (RunModel)" time="0.017" />
  <testcase classname="ptolemy.util.test.junit.AutoTests" name="[214] /home/travis/build/icyphy/ptII/ptolemy/actor/lib/test/auto/MatrixCropBoolean.xml (RunModel)" time="0.011" />
  <testcase classname="ptolemy.util.test.junit.AutoTests" name="[215] /home/travis/build/icyphy/ptII/ptolemy/actor/lib/test/auto/MatrixCropComplex.xml (RunModel)" time="0.01" />
  <testcase classname="ptolemy.util.test.junit.AutoTests" name="[216] /home/travis/build/icyphy/ptII/ptolemy/actor/lib/test/auto/MatrixCropDouble.xml (RunModel)" time="0.011" />
  <testcase classname="ptolemy.util.test.junit.AutoTests" name="[217] /home/travis/build/icyphy/ptII/ptolemy/actor/lib/test/auto/MatrixCropFix.xml (RunModel)" time="0.013" />
  <testcase classname="ptolemy.util.test.junit.AutoTests" name="[218] /home/travis/build/icyphy/ptII/ptolemy/actor/lib/test/auto/MatrixCropInt.xml (RunModel)" time="0.009" />
  <testcase classname="ptolemy.util.test.junit.AutoTests" name="[219] /home/travis/build/icyphy/ptII/ptolemy/actor/lib/test/auto/MatrixCropLong.xml (RunModel)" time="0.007" />
  <testcase classname="ptolemy.util.test.junit.AutoTests" name="[220] /home/travis/build/icyphy/ptII/ptolemy/actor/lib/test/auto/MatrixToArray.xml (RunModel)" time="0.059" />
  <testcase classname="ptolemy.util.test.junit.AutoTests" name="[221] /home/travis/build/icyphy/ptII/ptolemy/actor/lib/test/auto/MaxIndex.xml (RunModel)" time="0.013" />
  <testcase classname="ptolemy.util.test.junit.AutoTests" name="[222] /home/travis/build/icyphy/ptII/ptolemy/actor/lib/test/auto/Maximum.xml (RunModel)" time="0.014" />
  <testcase classname="ptolemy.util.test.junit.AutoTests" name="[223] /home/travis/build/icyphy/ptII/ptolemy/actor/lib/test/auto/MaximumComplex.xml (RunModel)" time="0.013" />
  <testcase classname="ptolemy.util.test.junit.AutoTests" name="[224] /home/travis/build/icyphy/ptII/ptolemy/actor/lib/test/auto/MethodCallTest.xml (RunModel)" time="0.02" />
  <testcase classname="ptolemy.util.test.junit.AutoTests" name="[225] /home/travis/build/icyphy/ptII/ptolemy/actor/lib/test/auto/Minimum.xml (RunModel)" time="0.013" />
  <testcase classname="ptolemy.util.test.junit.AutoTests" name="[226] /home/travis/build/icyphy/ptII/ptolemy/actor/lib/test/auto/MinimumComplex.xml (RunModel)" time="0.022" />
  <testcase classname="ptolemy.util.test.junit.AutoTests" name="[227] /home/travis/build/icyphy/ptII/ptolemy/actor/lib/test/auto/MinimumMultiports.xml (RunModel)" time="0.015" />
  <testcase classname="ptolemy.util.test.junit.AutoTests" name="[228] /home/travis/build/icyphy/ptII/ptolemy/actor/lib/test/auto/ModifyDate.xml (RunModel)" time="0.038" />
  <testcase classname="ptolemy.util.test.junit.AutoTests" name="[229] /home/travis/build/icyphy/ptII/ptolemy/actor/lib/test/auto/ModifyDate2.xml (RunModel)" time="0.026" />
  <testcase classname="ptolemy.util.test.junit.AutoTests" name="[230] /home/travis/build/icyphy/ptII/ptolemy/actor/lib/test/auto/MovingAverage.xml (RunModel)" time="0.011" />
  <testcase classname="ptolemy.util.test.junit.AutoTests" name="[231] /home/travis/build/icyphy/ptII/ptolemy/actor/lib/test/auto/MovingMaximum.xml (RunModel)" time="0.01" />
  <testcase classname="ptolemy.util.test.junit.AutoTests" name="[232] /home/travis/build/icyphy/ptII/ptolemy/actor/lib/test/auto/MultipleLinksToSameRelation.xml (RunModel)" time="0.008" />
  <testcase classname="ptolemy.util.test.junit.AutoTests" name="[233] /home/travis/build/icyphy/ptII/ptolemy/actor/lib/test/auto/MultipleLinksToSameRelationDE.xml (RunModel)" time="0.014" />
  <testcase classname="ptolemy.util.test.junit.AutoTests" name="[234] /home/travis/build/icyphy/ptII/ptolemy/actor/lib/test/auto/Multiplexor.xml (RunModel)" time="0.022" />
  <testcase classname="ptolemy.util.test.junit.AutoTests" name="[235] /home/travis/build/icyphy/ptII/ptolemy/actor/lib/test/auto/Multiplexor1.xml (RunModel)" time="0.01" />
  <testcase classname="ptolemy.util.test.junit.AutoTests" name="[236] /home/travis/build/icyphy/ptII/ptolemy/actor/lib/test/auto/Multiplexor2.xml (RunModel)" time="0.011" />
  <testcase classname="ptolemy.util.test.junit.AutoTests" name="[237] /home/travis/build/icyphy/ptII/ptolemy/actor/lib/test/auto/Multiplexor3.xml (RunModel)" time="0.007" />
  <testcase classname="ptolemy.util.test.junit.AutoTests" name="[238] /home/travis/build/icyphy/ptII/ptolemy/actor/lib/test/auto/MultiplexorDE.xml (RunModel)" time="0.015" />
  <testcase classname="ptolemy.util.test.junit.AutoTests" name="[239] /home/travis/build/icyphy/ptII/ptolemy/actor/lib/test/auto/MultiportBroadcastTest.xml (RunModel)" time="0.092" />
  <testcase classname="ptolemy.util.test.junit.AutoTests" name="[240] /home/travis/build/icyphy/ptII/ptolemy/actor/lib/test/auto/MultiportOutHangDuringGetWidth.xml (RunModel)" time="0.032" />
  <testcase classname="ptolemy.util.test.junit.AutoTests" name="[241] /home/travis/build/icyphy/ptII/ptolemy/actor/lib/test/auto/NilToken.xml (RunModel)" time="0.006" />
  <testcase classname="ptolemy.util.test.junit.AutoTests" name="[242] /home/travis/build/icyphy/ptII/ptolemy/actor/lib/test/auto/NilTokenNonStrictTest.xml (RunModel)" time="0.009" />
  <testcase classname="ptolemy.util.test.junit.AutoTests" name="[243] /home/travis/build/icyphy/ptII/ptolemy/actor/lib/test/auto/NilTokenRecord.xml (RunModel)" time="0.024" />
  <testcase classname="ptolemy.util.test.junit.AutoTests" name="[244] /home/travis/build/icyphy/ptII/ptolemy/actor/lib/test/auto/NilTokenTypeTest.xml (RunModel)" time="0.028" />
  <testcase classname="ptolemy.util.test.junit.AutoTests" name="[245] /home/travis/build/icyphy/ptII/ptolemy/actor/lib/test/auto/ObjectToken1.xml (RunModel)" time="0.007" />
  <testcase classname="ptolemy.util.test.junit.AutoTests" name="[246] /home/travis/build/icyphy/ptII/ptolemy/actor/lib/test/auto/OrderedMerge.xml (RunModel)" time="0.016" />
  <testcase classname="ptolemy.util.test.junit.AutoTests" name="[247] /home/travis/build/icyphy/ptII/ptolemy/actor/lib/test/auto/OrderedRecordDisassembler.xml (RunModel)" time="0.017" />
  <testcase classname="ptolemy.util.test.junit.AutoTests" name="[248] /home/travis/build/icyphy/ptII/ptolemy/actor/lib/test/auto/OrderedRecordDisassembler2.xml (RunModel)" time="0.017" />
  <testcase classname="ptolemy.util.test.junit.AutoTests" name="[249] /home/travis/build/icyphy/ptII/ptolemy/actor/lib/test/auto/OrderedRecordUpdater.xml (RunModel)" time="0.01" />
  <testcase classname="ptolemy.util.test.junit.AutoTests" name="[250] /home/travis/build/icyphy/ptII/ptolemy/actor/lib/test/auto/OrderedRecordUpdater2.xml (RunModel)" time="0.014" />
  <testcase classname="ptolemy.util.test.junit.AutoTests" name="[251] /home/travis/build/icyphy/ptII/ptolemy/actor/lib/test/auto/PhaseUnwrap.xml (RunModel)" time="0.011" />
  <testcase classname="ptolemy.util.test.junit.AutoTests" name="[252] /home/travis/build/icyphy/ptII/ptolemy/actor/lib/test/auto/PoissonClock.xml (RunModel)" time="0.008" />
  <testcase classname="ptolemy.util.test.junit.AutoTests" name="[253] /home/travis/build/icyphy/ptII/ptolemy/actor/lib/test/auto/PoissonClock2.xml (RunModel)" time="0.006" />
  <testcase classname="ptolemy.util.test.junit.AutoTests" name="[254] /home/travis/build/icyphy/ptII/ptolemy/actor/lib/test/auto/PoissonClock3.xml (RunModel)" time="0.022" />
  <testcase classname="ptolemy.util.test.junit.AutoTests" name="[255] /home/travis/build/icyphy/ptII/ptolemy/actor/lib/test/auto/PubSubWithInitialTokens.xml (RunModel)" time="0.014" />
  <testcase classname="ptolemy.util.test.junit.AutoTests" name="[256] /home/travis/build/icyphy/ptII/ptolemy/actor/lib/test/auto/PubSubWithInitialTokens2.xml (RunModel)" time="0.01" />
  <testcase classname="ptolemy.util.test.junit.AutoTests" name="[257] /home/travis/build/icyphy/ptII/ptolemy/actor/lib/test/auto/PublisherClassNoParameter.xml (RunModel)" time="0.025" />
  <testcase classname="ptolemy.util.test.junit.AutoTests" name="[258] /home/travis/build/icyphy/ptII/ptolemy/actor/lib/test/auto/PublisherClassParameter.xml (RunModel)" time="0.021" />
  <testcase classname="ptolemy.util.test.junit.AutoTests" name="[259] /home/travis/build/icyphy/ptII/ptolemy/actor/lib/test/auto/PublisherNonStrictTest.xml (RunModel)" time="0.015" />
  <testcase classname="ptolemy.util.test.junit.AutoTests" name="[260] /home/travis/build/icyphy/ptII/ptolemy/actor/lib/test/auto/PublisherPort1.xml (RunModel)" time="0.021" />
  <testcase classname="ptolemy.util.test.junit.AutoTests" name="[261] /home/travis/build/icyphy/ptII/ptolemy/actor/lib/test/auto/PublisherPort2.xml (RunModel)" time="0.017" />
  <testcase classname="ptolemy.util.test.junit.AutoTests" name="[262] /home/travis/build/icyphy/ptII/ptolemy/actor/lib/test/auto/PublisherPort3.xml (RunModel)" time="0.01" />
  <testcase classname="ptolemy.util.test.junit.AutoTests" name="[263] /home/travis/build/icyphy/ptII/ptolemy/actor/lib/test/auto/PublisherPort4.xml (RunModel)" time="0.011" />
  <testcase classname="ptolemy.util.test.junit.AutoTests" name="[264] /home/travis/build/icyphy/ptII/ptolemy/actor/lib/test/auto/PublisherPort5.xml (RunModel)" time="0.013" />
  <testcase classname="ptolemy.util.test.junit.AutoTests" name="[265] /home/travis/build/icyphy/ptII/ptolemy/actor/lib/test/auto/PublisherPort5LookAlike.xml (RunModel)" time="0.023" />
  <testcase classname="ptolemy.util.test.junit.AutoTests" name="[266] /home/travis/build/icyphy/ptII/ptolemy/actor/lib/test/auto/PublisherPort6.xml (RunModel)" time="0.012" />
  <testcase classname="ptolemy.util.test.junit.AutoTests" name="[267] /home/travis/build/icyphy/ptII/ptolemy/actor/lib/test/auto/PublisherPort7.xml (RunModel)" time="0.013" />
  <testcase classname="ptolemy.util.test.junit.AutoTests" name="[268] /home/travis/build/icyphy/ptII/ptolemy/actor/lib/test/auto/PublisherPort8.xml (RunModel)" time="0.021" />
  <testcase classname="ptolemy.util.test.junit.AutoTests" name="[269] /home/travis/build/icyphy/ptII/ptolemy/actor/lib/test/auto/PublisherPortSubscriberChannelVariablesAOC2.xml (RunModel)" time="0.038" />
  <testcase classname="ptolemy.util.test.junit.AutoTests" name="[270] /home/travis/build/icyphy/ptII/ptolemy/actor/lib/test/auto/PublisherPortSubscriberOpaqueWidthInference.xml (RunModel)" time="0.016" />
  <testcase classname="ptolemy.util.test.junit.AutoTests" name="[271] /home/travis/build/icyphy/ptII/ptolemy/actor/lib/test/auto/PublisherPortSubscriberPortAdjacent.xml (RunModel)" time="0.017" />
  <testcase classname="ptolemy.util.test.junit.AutoTests" name="[272] /home/travis/build/icyphy/ptII/ptolemy/actor/lib/test/auto/PublisherPortSubscriberPortExpression.xml (RunModel)" time="0.019" />
  <testcase classname="ptolemy.util.test.junit.AutoTests" name="[273] /home/travis/build/icyphy/ptII/ptolemy/actor/lib/test/auto/PublisherPortSubscriberPortOpaqueD3Reverse.xml (RunModel)" time="0.02" />
  <testcase classname="ptolemy.util.test.junit.AutoTests" name="[274] /home/travis/build/icyphy/ptII/ptolemy/actor/lib/test/auto/PublisherPortSubscriberPortOpaqueWidthInference.xml (RunModel)" time="0.013" />
  <testcase classname="ptolemy.util.test.junit.AutoTests" name="[275] /home/travis/build/icyphy/ptII/ptolemy/actor/lib/test/auto/PublisherPortToplevelSubscriberPortAOC.xml (RunModel)" time="0.009" />
  <testcase classname="ptolemy.util.test.junit.AutoTests" name="[276] /home/travis/build/icyphy/ptII/ptolemy/actor/lib/test/auto/PublisherSubscriber.xml (RunModel)" time="0.011" />
  <testcase classname="ptolemy.util.test.junit.AutoTests" name="[277] /home/travis/build/icyphy/ptII/ptolemy/actor/lib/test/auto/PublisherSubscriber10.xml (RunModel)" time="0.018" />
  <testcase classname="ptolemy.util.test.junit.AutoTests" name="[278] /home/travis/build/icyphy/ptII/ptolemy/actor/lib/test/auto/PublisherSubscriber10InitialOutputs.xml (RunModel)" time="0.025" />
  <testcase classname="ptolemy.util.test.junit.AutoTests" name="[279] /home/travis/build/icyphy/ptII/ptolemy/actor/lib/test/auto/PublisherSubscriber11.xml (RunModel)" time="0.015" />
  <testcase classname="ptolemy.util.test.junit.AutoTests" name="[280] /home/travis/build/icyphy/ptII/ptolemy/actor/lib/test/auto/PublisherSubscriber12.xml (RunModel)" time="0.014" />
  <testcase classname="ptolemy.util.test.junit.AutoTests" name="[281] /home/travis/build/icyphy/ptII/ptolemy/actor/lib/test/auto/PublisherSubscriber13.xml (RunModel)" time="0.008" />
  <testcase classname="ptolemy.util.test.junit.AutoTests" name="[282] /home/travis/build/icyphy/ptII/ptolemy/actor/lib/test/auto/PublisherSubscriber14.xml (RunModel)" time="0.027" />
  <testcase classname="ptolemy.util.test.junit.AutoTests" name="[283] /home/travis/build/icyphy/ptII/ptolemy/actor/lib/test/auto/PublisherSubscriber2.xml (RunModel)" time="0.009" />
  <testcase classname="ptolemy.util.test.junit.AutoTests" name="[284] /home/travis/build/icyphy/ptII/ptolemy/actor/lib/test/auto/PublisherSubscriber3.xml (RunModel)" time="0.008" />
  <testcase classname="ptolemy.util.test.junit.AutoTests" name="[285] /home/travis/build/icyphy/ptII/ptolemy/actor/lib/test/auto/PublisherSubscriber4.xml (RunModel)" time="0.009" />
  <testcase classname="ptolemy.util.test.junit.AutoTests" name="[286] /home/travis/build/icyphy/ptII/ptolemy/actor/lib/test/auto/PublisherSubscriber5.xml (RunModel)" time="0.011" />
  <testcase classname="ptolemy.util.test.junit.AutoTests" name="[287] /home/travis/build/icyphy/ptII/ptolemy/actor/lib/test/auto/PublisherSubscriber6.xml (RunModel)" time="0.013" />
  <testcase classname="ptolemy.util.test.junit.AutoTests" name="[288] /home/travis/build/icyphy/ptII/ptolemy/actor/lib/test/auto/PublisherSubscriber7.xml (RunModel)" time="0.016" />
  <testcase classname="ptolemy.util.test.junit.AutoTests" name="[289] /home/travis/build/icyphy/ptII/ptolemy/actor/lib/test/auto/PublisherSubscriber8.xml (RunModel)" time="0.028" />
  <testcase classname="ptolemy.util.test.junit.AutoTests" name="[290] /home/travis/build/icyphy/ptII/ptolemy/actor/lib/test/auto/PublisherSubscriber9.xml (RunModel)" time="0.016" />
  <testcase classname="ptolemy.util.test.junit.AutoTests" name="[291] /home/travis/build/icyphy/ptII/ptolemy/actor/lib/test/auto/PublisherSubscriberAdjacent.xml (RunModel)" time="0.015" />
  <testcase classname="ptolemy.util.test.junit.AutoTests" name="[292] /home/travis/build/icyphy/ptII/ptolemy/actor/lib/test/auto/PublisherSubscriberChannelVariablesAOC2.xml (RunModel)" time="0.029" />
  <testcase classname="ptolemy.util.test.junit.AutoTests" name="[293] /home/travis/build/icyphy/ptII/ptolemy/actor/lib/test/auto/PublisherSubscriberD3.xml (RunModel)" time="0.013" />
  <testcase classname="ptolemy.util.test.junit.AutoTests" name="[294] /home/travis/build/icyphy/ptII/ptolemy/actor/lib/test/auto/PublisherSubscriberD3Reverse.xml (RunModel)" time="0.012" />
  <testcase classname="ptolemy.util.test.junit.AutoTests" name="[295] /home/travis/build/icyphy/ptII/ptolemy/actor/lib/test/auto/PublisherSubscriberExpression.xml (RunModel)" time="0.015" />
  <testcase classname="ptolemy.util.test.junit.AutoTests" name="[296] /home/travis/build/icyphy/ptII/ptolemy/actor/lib/test/auto/PublisherSubscriberOpaque.xml (RunModel)" time="0.014" />
  <testcase classname="ptolemy.util.test.junit.AutoTests" name="[297] /home/travis/build/icyphy/ptII/ptolemy/actor/lib/test/auto/PublisherSubscriberOpaqueD3.xml (RunModel)" time="0.02" />
  <testcase classname="ptolemy.util.test.junit.AutoTests" name="[298] /home/travis/build/icyphy/ptII/ptolemy/actor/lib/test/auto/PublisherSubscriberOpaqueD3Reverse.xml (RunModel)" time="0.021" />
  <testcase classname="ptolemy.util.test.junit.AutoTests" name="[299] /home/travis/build/icyphy/ptII/ptolemy/actor/lib/test/auto/PublisherSubscriberOpaqueWidthInference.xml (RunModel)" time="0.015" />
  <testcase classname="ptolemy.util.test.junit.AutoTests" name="[300] /home/travis/build/icyphy/ptII/ptolemy/actor/lib/test/auto/PublisherTestSubscriber.xml (RunModel)" time="0.013" />
  <testcase classname="ptolemy.util.test.junit.AutoTests" name="[301] /home/travis/build/icyphy/ptII/ptolemy/actor/lib/test/auto/PublisherToplevelSubscriberPortAOC.xml (RunModel)" time="0.009" />
  <testcase classname="ptolemy.util.test.junit.AutoTests" name="[302] /home/travis/build/icyphy/ptII/ptolemy/actor/lib/test/auto/PulseFiringLimitDE.xml (RunModel)" time="0.011" />
  <testcase classname="ptolemy.util.test.junit.AutoTests" name="[303] /home/travis/build/icyphy/ptII/ptolemy/actor/lib/test/auto/Ramp1.xml (RunModel)" time="0.005" />
  <testcase classname="ptolemy.util.test.junit.AutoTests" name="[304] /home/travis/build/icyphy/ptII/ptolemy/actor/lib/test/auto/RampFiringLimitDE.xml (RunModel)" time="0.009" />
  <testcase classname="ptolemy.util.test.junit.AutoTests" name="[305] /home/travis/build/icyphy/ptII/ptolemy/actor/lib/test/auto/RampFiringLimitSDF.xml (RunModel)" time="0.008" />
  <testcase classname="ptolemy.util.test.junit.AutoTests" name="[306] /home/travis/build/icyphy/ptII/ptolemy/actor/lib/test/auto/RandomInteger.xml (RunModel)" time="0.007" />
  <testcase classname="ptolemy.util.test.junit.AutoTests" name="[307] /home/travis/build/icyphy/ptII/ptolemy/actor/lib/test/auto/ReadFile1.xml (RunModel)" time="0.007" />
  <testcase classname="ptolemy.util.test.junit.AutoTests" name="[308] /home/travis/build/icyphy/ptII/ptolemy/actor/lib/test/auto/ReadFile2.xml (RunModel)" time="0.007" />
  <testcase classname="ptolemy.util.test.junit.AutoTests" name="[309] /home/travis/build/icyphy/ptII/ptolemy/actor/lib/test/auto/Reader.xml (RunModel)" time="0.014" />
  <testcase classname="ptolemy.util.test.junit.AutoTests" name="[310] /home/travis/build/icyphy/ptII/ptolemy/actor/lib/test/auto/RecordAssemblerDisplayNameTest.xml (RunModel)" time="3.702" />
  <testcase classname="ptolemy.util.test.junit.AutoTests" name="[311] /home/travis/build/icyphy/ptII/ptolemy/actor/lib/test/auto/RecordAssemblerTypeError.xml (RunModel)" time="0.038" />
  <testcase classname="ptolemy.util.test.junit.AutoTests" name="[312] /home/travis/build/icyphy/ptII/ptolemy/actor/lib/test/auto/RecordDisassember.xml (RunModel)" time="0.017" />
  <testcase classname="ptolemy.util.test.junit.AutoTests" name="[313] /home/travis/build/icyphy/ptII/ptolemy/actor/lib/test/auto/RecordDisassemberDisplayNameTest.xml (RunModel)" time="0.02" />
  <testcase classname="ptolemy.util.test.junit.AutoTests" name="[314] /home/travis/build/icyphy/ptII/ptolemy/actor/lib/test/auto/RecordDisassembler.xml (RunModel)" time="0.008" />
  <testcase classname="ptolemy.util.test.junit.AutoTests" name="[315] /home/travis/build/icyphy/ptII/ptolemy/actor/lib/test/auto/RecordDisassembler2.xml (RunModel)" time="0.009" />
  <testcase classname="ptolemy.util.test.junit.AutoTests" name="[316] /home/travis/build/icyphy/ptII/ptolemy/actor/lib/test/auto/RecordUpdater.xml (RunModel)" time="0.01" />
  <testcase classname="ptolemy.util.test.junit.AutoTests" name="[317] /home/travis/build/icyphy/ptII/ptolemy/actor/lib/test/auto/RecordUpdater2.xml (RunModel)" time="0.008" />
  <testcase classname="ptolemy.util.test.junit.AutoTests" name="[318] /home/travis/build/icyphy/ptII/ptolemy/actor/lib/test/auto/RecursiveLattice.xml (RunModel)" time="0.007" />
  <testcase classname="ptolemy.util.test.junit.AutoTests" name="[319] /home/travis/build/icyphy/ptII/ptolemy/actor/lib/test/auto/Router.xml (RunModel)" time="3.022" />
  <testcase classname="ptolemy.util.test.junit.AutoTests" name="[320] /home/travis/build/icyphy/ptII/ptolemy/actor/lib/test/auto/Router2.xml (RunModel)" time="3.029" />
  <testcase classname="ptolemy.util.test.junit.AutoTests" name="[321] /home/travis/build/icyphy/ptII/ptolemy/actor/lib/test/auto/RunningMaximum.xml (RunModel)" time="0.022" />
  <testcase classname="ptolemy.util.test.junit.AutoTests" name="[322] /home/travis/build/icyphy/ptII/ptolemy/actor/lib/test/auto/RunningMinimum.xml (RunModel)" time="0.01" />
  <testcase classname="ptolemy.util.test.junit.AutoTests" name="[323] /home/travis/build/icyphy/ptII/ptolemy/actor/lib/test/auto/Scale.xml (RunModel)" time="0.006" />
  <testcase classname="ptolemy.util.test.junit.AutoTests" name="[324] /home/travis/build/icyphy/ptII/ptolemy/actor/lib/test/auto/Scale2.xml (RunModel)" time="0.014" />
  <testcase classname="ptolemy.util.test.junit.AutoTests" name="[325] /home/travis/build/icyphy/ptII/ptolemy/actor/lib/test/auto/Scale3.xml (RunModel)" time="0.015" />
  <testcase classname="ptolemy.util.test.junit.AutoTests" name="[326] /home/travis/build/icyphy/ptII/ptolemy/actor/lib/test/auto/ScaleArray.xml (RunModel)" time="0.006" />
  <testcase classname="ptolemy.util.test.junit.AutoTests" name="[327] /home/travis/build/icyphy/ptII/ptolemy/actor/lib/test/auto/ScaleArray2.xml (RunModel)" time="0.006" />
  <testcase classname="ptolemy.util.test.junit.AutoTests" name="[328] /home/travis/build/icyphy/ptII/ptolemy/actor/lib/test/auto/ScaleMatrix.xml (RunModel)" time="0.143" />
  <testcase classname="ptolemy.util.test.junit.AutoTests" name="[329] /home/travis/build/icyphy/ptII/ptolemy/actor/lib/test/auto/Select.xml (RunModel)" time="0.016" />
  <testcase classname="ptolemy.util.test.junit.AutoTests" name="[330] /home/travis/build/icyphy/ptII/ptolemy/actor/lib/test/auto/Select2.xml (RunModel)" time="0.007" />
  <testcase classname="ptolemy.util.test.junit.AutoTests" name="[331] /home/travis/build/icyphy/ptII/ptolemy/actor/lib/test/auto/SequenceToArray2.xml (RunModel)" time="0.118" />
  <testcase classname="ptolemy.util.test.junit.AutoTests" name="[332] /home/travis/build/icyphy/ptII/ptolemy/actor/lib/test/auto/SequentialClock.xml (RunModel)" time="0.011" />
  <testcase classname="ptolemy.util.test.junit.AutoTests" name="[333] /home/travis/build/icyphy/ptII/ptolemy/actor/lib/test/auto/SetVariable.xml (RunModel)" time="0.013" />
  <testcase classname="ptolemy.util.test.junit.AutoTests" name="[334] /home/travis/build/icyphy/ptII/ptolemy/actor/lib/test/auto/SetVariable2.xml (RunModel)" time="0.014" />
  <testcase classname="ptolemy.util.test.junit.AutoTests" name="[335] /home/travis/build/icyphy/ptII/ptolemy/actor/lib/test/auto/SetVariable3.xml (RunModel)" time="0.013" />
  <testcase classname="ptolemy.util.test.junit.AutoTests" name="[336] /home/travis/build/icyphy/ptII/ptolemy/actor/lib/test/auto/SetVariable4.xml (RunModel)" time="0.028" />
  <testcase classname="ptolemy.util.test.junit.AutoTests" name="[337] /home/travis/build/icyphy/ptII/ptolemy/actor/lib/test/auto/SetVariable5.xml (RunModel)" time="0.031" />
  <testcase classname="ptolemy.util.test.junit.AutoTests" name="[338] /home/travis/build/icyphy/ptII/ptolemy/actor/lib/test/auto/Sinewave.xml (RunModel)" time="0.022" />
  <testcase classname="ptolemy.util.test.junit.AutoTests" name="[339] /home/travis/build/icyphy/ptII/ptolemy/actor/lib/test/auto/Sinewave2.xml (RunModel)" time="0.012" />
  <testcase classname="ptolemy.util.test.junit.AutoTests" name="[340] /home/travis/build/icyphy/ptII/ptolemy/actor/lib/test/auto/Sinewave3.xml (RunModel)" time="0.017" />
  <testcase classname="ptolemy.util.test.junit.AutoTests" name="[341] /home/travis/build/icyphy/ptII/ptolemy/actor/lib/test/auto/SingleEvent.xml (RunModel)" time="0.006" />
  <testcase classname="ptolemy.util.test.junit.AutoTests" name="[342] /home/travis/build/icyphy/ptII/ptolemy/actor/lib/test/auto/Sleep.xml (RunModel)" time="6.013" />
  <testcase classname="ptolemy.util.test.junit.AutoTests" name="[343] /home/travis/build/icyphy/ptII/ptolemy/actor/lib/test/auto/SleepMultipleFire.xml (RunModel)" time="1.018" />
  <testcase classname="ptolemy.util.test.junit.AutoTests" name="[344] /home/travis/build/icyphy/ptII/ptolemy/actor/lib/test/auto/StopDE.xml (RunModel)" time="0.012" />
  <testcase classname="ptolemy.util.test.junit.AutoTests" name="[345] /home/travis/build/icyphy/ptII/ptolemy/actor/lib/test/auto/StopSDF.xml (RunModel)" time="0.009" />
  <testcase classname="ptolemy.util.test.junit.AutoTests" name="[346] /home/travis/build/icyphy/ptII/ptolemy/actor/lib/test/auto/StringConstant.xml (RunModel)" time="0.019" />
  <testcase classname="ptolemy.util.test.junit.AutoTests" name="[347] /home/travis/build/icyphy/ptII/ptolemy/actor/lib/test/auto/SubscriberPortInitialValues1.xml (RunModel)" time="0.018" />
  <testcase classname="ptolemy.util.test.junit.AutoTests" name="[348] /home/travis/build/icyphy/ptII/ptolemy/actor/lib/test/auto/SubscriberPortInitialValues13.xml (RunModel)" time="0.042" />
  <testcase classname="ptolemy.util.test.junit.AutoTests" name="[349] /home/travis/build/icyphy/ptII/ptolemy/actor/lib/test/auto/SubscriberPortInitialValues14.xml (RunModel)" time="0.013" />
  <testcase classname="ptolemy.util.test.junit.AutoTests" name="[350] /home/travis/build/icyphy/ptII/ptolemy/actor/lib/test/auto/SubscriberPortInitialValues2.xml (RunModel)" time="0.014" />
  <testcase classname="ptolemy.util.test.junit.AutoTests" name="[351] /home/travis/build/icyphy/ptII/ptolemy/actor/lib/test/auto/SubscriberPortInitialValues3.xml (RunModel)" time="0.016" />
  <testcase classname="ptolemy.util.test.junit.AutoTests" name="[352] /home/travis/build/icyphy/ptII/ptolemy/actor/lib/test/auto/SubscriptionAggregator.xml (RunModel)" time="0.008" />
  <testcase classname="ptolemy.util.test.junit.AutoTests" name="[353] /home/travis/build/icyphy/ptII/ptolemy/actor/lib/test/auto/SubscriptionAggregator2.xml (RunModel)" time="0.009" />
  <testcase classname="ptolemy.util.test.junit.AutoTests" name="[354] /home/travis/build/icyphy/ptII/ptolemy/actor/lib/test/auto/SubscriptionAggregator3.xml (RunModel)" time="0.026" />
  <testcase classname="ptolemy.util.test.junit.AutoTests" name="[355] /home/travis/build/icyphy/ptII/ptolemy/actor/lib/test/auto/SubscriptionAggregatorMultiply.xml (RunModel)" time="0.022" />
  <testcase classname="ptolemy.util.test.junit.AutoTests" name="[356] /home/travis/build/icyphy/ptII/ptolemy/actor/lib/test/auto/SubscriptionAggregatorPortMultiply1.xml (RunModel)" time="0.013" />
  <testcase classname="ptolemy.util.test.junit.AutoTests" name="[357] /home/travis/build/icyphy/ptII/ptolemy/actor/lib/test/auto/Switch.xml (RunModel)" time="0.017" />
  <testcase classname="ptolemy.util.test.junit.AutoTests" name="[358] /home/travis/build/icyphy/ptII/ptolemy/actor/lib/test/auto/Switch2.xml (RunModel)" time="0.01" />
  <testcase classname="ptolemy.util.test.junit.AutoTests" name="[359] /home/travis/build/icyphy/ptII/ptolemy/actor/lib/test/auto/SwitchDE.xml (RunModel)" time="0.012" />
  <testcase classname="ptolemy.util.test.junit.AutoTests" name="[360] /home/travis/build/icyphy/ptII/ptolemy/actor/lib/test/auto/SynchronizerDE.xml (RunModel)" time="0.019" />
  <testcase classname="ptolemy.util.test.junit.AutoTests" name="[361] /home/travis/build/icyphy/ptII/ptolemy/actor/lib/test/auto/Test.xml (RunModel)" time="0.014" />
  <testcase classname="ptolemy.util.test.junit.AutoTests" name="[362] /home/travis/build/icyphy/ptII/ptolemy/actor/lib/test/auto/TestExceptionAttribute1.xml (RunModel)" time="0.006" />
  <testcase classname="ptolemy.util.test.junit.AutoTests" name="[363] /home/travis/build/icyphy/ptII/ptolemy/actor/lib/test/auto/TestExceptionAttribute2.xml (RunModel)" time="0.006" />
  <testcase classname="ptolemy.util.test.junit.AutoTests" name="[364] /home/travis/build/icyphy/ptII/ptolemy/actor/lib/test/auto/TestExceptionAttribute3.xml (RunModel)" time="0.009" />
  <testcase classname="ptolemy.util.test.junit.AutoTests" name="[365] /home/travis/build/icyphy/ptII/ptolemy/actor/lib/test/auto/TestExceptionAttribute4.xml (RunModel)" time="0.005" />
  <testcase classname="ptolemy.util.test.junit.AutoTests" name="[366] /home/travis/build/icyphy/ptII/ptolemy/actor/lib/test/auto/TestExceptionHandler1.xml (RunModel)" time="0.005" />
  <testcase classname="ptolemy.util.test.junit.AutoTests" name="[367] /home/travis/build/icyphy/ptII/ptolemy/actor/lib/test/auto/TestExceptionHandler2.xml (RunModel)" time="0.008" />
  <testcase classname="ptolemy.util.test.junit.AutoTests" name="[368] /home/travis/build/icyphy/ptII/ptolemy/actor/lib/test/auto/TestExceptionHandler3.xml (RunModel)" time="0.005" />
  <testcase classname="ptolemy.util.test.junit.AutoTests" name="[369] /home/travis/build/icyphy/ptII/ptolemy/actor/lib/test/auto/TestExceptionHandler4.xml (RunModel)" time="0.004" />
  <testcase classname="ptolemy.util.test.junit.AutoTests" name="[370] /home/travis/build/icyphy/ptII/ptolemy/actor/lib/test/auto/TestRequireCorrectOrder.xml (RunModel)" time="0.01" />
  <testcase classname="ptolemy.util.test.junit.AutoTests" name="[371] /home/travis/build/icyphy/ptII/ptolemy/actor/lib/test/auto/TestSimple.xml (RunModel)" time="0.005" />
  <testcase classname="ptolemy.util.test.junit.AutoTests" name="[372] /home/travis/build/icyphy/ptII/ptolemy/actor/lib/test/auto/ThrowModelError.xml (RunModel)" time="0.008" />
  <testcase classname="ptolemy.util.test.junit.AutoTests" name="[373] /home/travis/build/icyphy/ptII/ptolemy/actor/lib/test/auto/TimeDelayMicrosteps.xml (RunModel)" time="0.011" />
  <testcase classname="ptolemy.util.test.junit.AutoTests" name="[374] /home/travis/build/icyphy/ptII/ptolemy/actor/lib/test/auto/TimeDelayMicrosteps2.xml (RunModel)" time="0.011" />
  <testcase classname="ptolemy.util.test.junit.AutoTests" name="[375] /home/travis/build/icyphy/ptII/ptolemy/actor/lib/test/auto/TimeDelayMicrosteps3.xml (RunModel)" time="0.009" />
  <testcase classname="ptolemy.util.test.junit.AutoTests" name="[376] /home/travis/build/icyphy/ptII/ptolemy/actor/lib/test/auto/TimeDelayVariableMicrosteps.xml (RunModel)" time="0.009" />
  <testcase classname="ptolemy.util.test.junit.AutoTests" name="[377] /home/travis/build/icyphy/ptII/ptolemy/actor/lib/test/auto/TimeGap.xml (RunModel)" time="0.011" />
  <testcase classname="ptolemy.util.test.junit.AutoTests" name="[378] /home/travis/build/icyphy/ptII/ptolemy/actor/lib/test/auto/TimeGap2.xml (RunModel)" time="0.009" />
  <testcase classname="ptolemy.util.test.junit.AutoTests" name="[379] /home/travis/build/icyphy/ptII/ptolemy/actor/lib/test/auto/TimedSinewave.xml (RunModel)" time="0.044" />
  <testcase classname="ptolemy.util.test.junit.AutoTests" name="[380] /home/travis/build/icyphy/ptII/ptolemy/actor/lib/test/auto/TimedSinewavePhase.xml (RunModel)" time="0.025" />
  <testcase classname="ptolemy.util.test.junit.AutoTests" name="[381] /home/travis/build/icyphy/ptII/ptolemy/actor/lib/test/auto/Timer.xml (RunModel)" time="0.019" />
  <testcase classname="ptolemy.util.test.junit.AutoTests" name="[382] /home/travis/build/icyphy/ptII/ptolemy/actor/lib/test/auto/TriangularDistTestModel.xml (RunModel)" time="0.015" />
  <testcase classname="ptolemy.util.test.junit.AutoTests" name="[383] /home/travis/build/icyphy/ptII/ptolemy/actor/lib/test/auto/TrigFunction.xml (RunModel)" time="0.007" />
  <testcase classname="ptolemy.util.test.junit.AutoTests" name="[384] /home/travis/build/icyphy/ptII/ptolemy/actor/lib/test/auto/TrigFunctionDE.xml (RunModel)" time="0.009" />
  <testcase classname="ptolemy.util.test.junit.AutoTests" name="[385] /home/travis/build/icyphy/ptII/ptolemy/actor/lib/test/auto/TrigFunctionInverse.xml (RunModel)" time="0.007" />
  <testcase classname="ptolemy.util.test.junit.AutoTests" name="[386] /home/travis/build/icyphy/ptII/ptolemy/actor/lib/test/auto/TrigFunctionTan.xml (RunModel)" time="0.005" />
  <testcase classname="ptolemy.util.test.junit.AutoTests" name="[387] /home/travis/build/icyphy/ptII/ptolemy/actor/lib/test/auto/TriggeredClock.xml (RunModel)" time="0.007" />
  <testcase classname="ptolemy.util.test.junit.AutoTests" name="[388] /home/travis/build/icyphy/ptII/ptolemy/actor/lib/test/auto/URLDirectoryReader.xml (RunModel)" time="0.073" />
  <testcase classname="ptolemy.util.test.junit.AutoTests" name="[389] /home/travis/build/icyphy/ptII/ptolemy/actor/lib/test/auto/URLDirectoryReader3.xml (RunModel)" time="1.325" />
  <testcase classname="ptolemy.util.test.junit.AutoTests" name="[390] /home/travis/build/icyphy/ptII/ptolemy/actor/lib/test/auto/UnaryMathFunction.xml (RunModel)" time="0.052" />
  <testcase classname="ptolemy.util.test.junit.AutoTests" name="[391] /home/travis/build/icyphy/ptII/ptolemy/actor/lib/test/auto/Uniform.xml (RunModel)" time="0.014" />
  <testcase classname="ptolemy.util.test.junit.AutoTests" name="[392] /home/travis/build/icyphy/ptII/ptolemy/actor/lib/test/auto/UnionDisassemblerTest.xml (RunModel)" time="0.014" />
  <testcase classname="ptolemy.util.test.junit.AutoTests" name="[393] /home/travis/build/icyphy/ptII/ptolemy/actor/lib/test/auto/UtilityFunctions.xml (RunModel)" time="0.006" />
  <testcase classname="ptolemy.util.test.junit.AutoTests" name="[394] /home/travis/build/icyphy/ptII/ptolemy/actor/lib/test/auto/VariableSleep.xml (RunModel)" time="0.51" />
  <testcase classname="ptolemy.util.test.junit.AutoTests" name="[395] /home/travis/build/icyphy/ptII/ptolemy/actor/lib/test/auto/VectorAssemblerDisassemblerCT.xml (RunModel)" time="0.087" />
  <testcase classname="ptolemy.util.test.junit.AutoTests" name="[396] /home/travis/build/icyphy/ptII/ptolemy/actor/lib/test/auto/VectorAssemblerDisassemblerDE.xml (RunModel)" time="0.013" />
  <testcase classname="ptolemy.util.test.junit.AutoTests" name="[397] /home/travis/build/icyphy/ptII/ptolemy/actor/lib/test/auto/VectorAssemblerDisassemblerSDF.xml (RunModel)" time="0.01" />
  <testcase classname="ptolemy.util.test.junit.AutoTests" name="[398] /home/travis/build/icyphy/ptII/ptolemy/actor/lib/test/auto/WallClockTime.xml (RunModel)" time="1.012" />
  <testcase classname="ptolemy.util.test.junit.AutoTests" name="[399] /home/travis/build/icyphy/ptII/ptolemy/actor/lib/test/auto/WidthTestWithSubscriberPublisher.xml (RunModel)" time="0.04" />
  <testcase classname="ptolemy.util.test.junit.AutoTests" name="[400] /home/travis/build/icyphy/ptII/ptolemy/actor/lib/test/auto/WidthTestWithSubscriberPublisher2.xml (RunModel)" time="0.011" />
  <testcase classname="ptolemy.util.test.junit.AutoTests" name="[401] /home/travis/build/icyphy/ptII/ptolemy/actor/lib/test/auto/WidthTestWithSubscriberPublisher3.xml (RunModel)" time="0.008" />
  <testcase classname="ptolemy.util.test.junit.AutoTests" name="[402] /home/travis/build/icyphy/ptII/ptolemy/actor/lib/test/auto/Writer.xml (RunModel)" time="0.006" />
  <testcase classname="ptolemy.util.test.junit.AutoTests" name="[403] /home/travis/build/icyphy/ptII/ptolemy/actor/lib/test/auto/array.xml (RunModel)" time="0.007" />
  <testcase classname="ptolemy.util.test.junit.AutoTests" name="[404] /home/travis/build/icyphy/ptII/ptolemy/actor/lib/test/auto/array2.xml (RunModel)" time="0.01" />
  <testcase classname="ptolemy.util.test.junit.AutoTests" name="[405] /home/travis/build/icyphy/ptII/ptolemy/actor/lib/test/auto/arrayType.xml (RunModel)" time="0.009" />
  <testcase classname="ptolemy.util.test.junit.AutoTests" name="[406] /home/travis/build/icyphy/ptII/ptolemy/actor/lib/test/auto/arrayType10.xml (RunModel)" time="0.006" />
  <testcase classname="ptolemy.util.test.junit.AutoTests" name="[407] /home/travis/build/icyphy/ptII/ptolemy/actor/lib/test/auto/arrayType11.xml (RunModel)" time="0.006" />
  <testcase classname="ptolemy.util.test.junit.AutoTests" name="[408] /home/travis/build/icyphy/ptII/ptolemy/actor/lib/test/auto/arrayType12.xml (RunModel)" time="0.007" />
  <testcase classname="ptolemy.util.test.junit.AutoTests" name="[409] /home/travis/build/icyphy/ptII/ptolemy/actor/lib/test/auto/arrayType13.xml (RunModel)" time="0.008" />
  <testcase classname="ptolemy.util.test.junit.AutoTests" name="[410] /home/travis/build/icyphy/ptII/ptolemy/actor/lib/test/auto/arrayType14.xml (RunModel)" time="0.007" />
  <testcase classname="ptolemy.util.test.junit.AutoTests" name="[411] /home/travis/build/icyphy/ptII/ptolemy/actor/lib/test/auto/arrayType15.xml (RunModel)" time="0.008" />
  <testcase classname="ptolemy.util.test.junit.AutoTests" name="[412] /home/travis/build/icyphy/ptII/ptolemy/actor/lib/test/auto/arrayType16.xml (RunModel)" time="0.007" />
  <testcase classname="ptolemy.util.test.junit.AutoTests" name="[413] /home/travis/build/icyphy/ptII/ptolemy/actor/lib/test/auto/arrayType17.xml (RunModel)" time="0.007" />
  <testcase classname="ptolemy.util.test.junit.AutoTests" name="[414] /home/travis/build/icyphy/ptII/ptolemy/actor/lib/test/auto/arrayType18.xml (RunModel)" time="0.006" />
  <testcase classname="ptolemy.util.test.junit.AutoTests" name="[415] /home/travis/build/icyphy/ptII/ptolemy/actor/lib/test/auto/arrayType19.xml (RunModel)" time="0.009" />
  <testcase classname="ptolemy.util.test.junit.AutoTests" name="[416] /home/travis/build/icyphy/ptII/ptolemy/actor/lib/test/auto/arrayType2.xml (RunModel)" time="0.007" />
  <testcase classname="ptolemy.util.test.junit.AutoTests" name="[417] /home/travis/build/icyphy/ptII/ptolemy/actor/lib/test/auto/arrayType20.xml (RunModel)" time="0.007" />
  <testcase classname="ptolemy.util.test.junit.AutoTests" name="[418] /home/travis/build/icyphy/ptII/ptolemy/actor/lib/test/auto/arrayType21.xml (RunModel)" time="0.006" />
  <testcase classname="ptolemy.util.test.junit.AutoTests" name="[419] /home/travis/build/icyphy/ptII/ptolemy/actor/lib/test/auto/arrayType22.xml (RunModel)" time="0.006" />
  <testcase classname="ptolemy.util.test.junit.AutoTests" name="[420] /home/travis/build/icyphy/ptII/ptolemy/actor/lib/test/auto/arrayType23.xml (RunModel)" time="0.006" />
  <testcase classname="ptolemy.util.test.junit.AutoTests" name="[421] /home/travis/build/icyphy/ptII/ptolemy/actor/lib/test/auto/arrayType24.xml (RunModel)" time="0.007" />
  <testcase classname="ptolemy.util.test.junit.AutoTests" name="[422] /home/travis/build/icyphy/ptII/ptolemy/actor/lib/test/auto/arrayType25.xml (RunModel)" time="0.007" />
  <testcase classname="ptolemy.util.test.junit.AutoTests" name="[423] /home/travis/build/icyphy/ptII/ptolemy/actor/lib/test/auto/arrayType26.xml (RunModel)" time="0.007" />
  <testcase classname="ptolemy.util.test.junit.AutoTests" name="[424] /home/travis/build/icyphy/ptII/ptolemy/actor/lib/test/auto/arrayType27.xml (RunModel)" time="0.007" />
  <testcase classname="ptolemy.util.test.junit.AutoTests" name="[425] /home/travis/build/icyphy/ptII/ptolemy/actor/lib/test/auto/arrayType28.xml (RunModel)" time="0.008" />
  <testcase classname="ptolemy.util.test.junit.AutoTests" name="[426] /home/travis/build/icyphy/ptII/ptolemy/actor/lib/test/auto/arrayType3.xml (RunModel)" time="0.014" />
  <testcase classname="ptolemy.util.test.junit.AutoTests" name="[427] /home/travis/build/icyphy/ptII/ptolemy/actor/lib/test/auto/arrayType4.xml (RunModel)" time="0.036" />
  <testcase classname="ptolemy.util.test.junit.AutoTests" name="[428] /home/travis/build/icyphy/ptII/ptolemy/actor/lib/test/auto/arrayType5.xml (RunModel)" time="0.032" />
  <testcase classname="ptolemy.util.test.junit.AutoTests" name="[429] /home/travis/build/icyphy/ptII/ptolemy/actor/lib/test/auto/arrayType6.xml (RunModel)" time="0.027" />
  <testcase classname="ptolemy.util.test.junit.AutoTests" name="[430] /home/travis/build/icyphy/ptII/ptolemy/actor/lib/test/auto/arrayType7.xml (RunModel)" time="0.033" />
  <testcase classname="ptolemy.util.test.junit.AutoTests" name="[431] /home/travis/build/icyphy/ptII/ptolemy/actor/lib/test/auto/arrayType8.xml (RunModel)" time="0.026" />
  <testcase classname="ptolemy.util.test.junit.AutoTests" name="[432] /home/travis/build/icyphy/ptII/ptolemy/actor/lib/test/auto/arrayType9.xml (RunModel)" time="0.038" />
  <testcase classname="ptolemy.util.test.junit.AutoTests" name="[433] /home/travis/build/icyphy/ptII/ptolemy/actor/lib/test/auto/cast.xml (RunModel)" time="0.033" />
  <testcase classname="ptolemy.util.test.junit.AutoTests" name="[434] /home/travis/build/icyphy/ptII/ptolemy/actor/lib/test/auto/compositeMultiPort.xml (RunModel)" time="0.039" />
  <testcase classname="ptolemy.util.test.junit.AutoTests" name="[435] /home/travis/build/icyphy/ptII/ptolemy/actor/lib/test/auto/expressionCastInference.xml (RunModel)" time="0.017" />
  <testcase classname="ptolemy.util.test.junit.AutoTests" name="[436] /home/travis/build/icyphy/ptII/ptolemy/actor/lib/test/auto/expressionCastInference2.xml (RunModel)" time="0.008" />
  <testcase classname="ptolemy.util.test.junit.AutoTests" name="[437] /home/travis/build/icyphy/ptII/ptolemy/actor/lib/test/auto/expressionInference.xml (RunModel)" time="0.006" />
  <testcase classname="ptolemy.util.test.junit.AutoTests" name="[438] /home/travis/build/icyphy/ptII/ptolemy/actor/lib/test/auto/expression_bug.xml (RunModel)" time="0.007" />
  <testcase classname="ptolemy.util.test.junit.AutoTests" name="[439] /home/travis/build/icyphy/ptII/ptolemy/actor/lib/test/auto/factorial.xml (RunModel)" time="0.058" />
  <testcase classname="ptolemy.util.test.junit.AutoTests" name="[440] /home/travis/build/icyphy/ptII/ptolemy/actor/lib/test/auto/filterTest1.xml (RunModel)" time="0.017" />
  <testcase classname="ptolemy.util.test.junit.AutoTests" name="[441] /home/travis/build/icyphy/ptII/ptolemy/actor/lib/test/auto/funcApplyInConst.xml (RunModel)" time="0.006" />
  <testcase classname="ptolemy.util.test.junit.AutoTests" name="[442] /home/travis/build/icyphy/ptII/ptolemy/actor/lib/test/auto/funcApplyInExpr.xml (RunModel)" time="0.009" />
  <testcase classname="ptolemy.util.test.junit.AutoTests" name="[443] /home/travis/build/icyphy/ptII/ptolemy/actor/lib/test/auto/function.xml (RunModel)" time="0.009" />
  <testcase classname="ptolemy.util.test.junit.AutoTests" name="[444] /home/travis/build/icyphy/ptII/ptolemy/actor/lib/test/auto/function2.xml (RunModel)" time="0.01" />
  <testcase classname="ptolemy.util.test.junit.AutoTests" name="[445] /home/travis/build/icyphy/ptII/ptolemy/actor/lib/test/auto/function3.xml (RunModel)" time="0.005" />
  <testcase classname="ptolemy.util.test.junit.AutoTests" name="[446] /home/travis/build/icyphy/ptII/ptolemy/actor/lib/test/auto/functionClosureTest1.xml (RunModel)" time="0.009" />
  <testcase classname="ptolemy.util.test.junit.AutoTests" name="[447] /home/travis/build/icyphy/ptII/ptolemy/actor/lib/test/auto/functionClosureTest2.xml (RunModel)" time="0.006" />
  <testcase classname="ptolemy.util.test.junit.AutoTests" name="[448] /home/travis/build/icyphy/ptII/ptolemy/actor/lib/test/auto/functionClosureTest3.xml (RunModel)" time="0.007" />
  <testcase classname="ptolemy.util.test.junit.AutoTests" name="[449] /home/travis/build/icyphy/ptII/ptolemy/actor/lib/test/auto/functionClosureTest4.xml (RunModel)" time="0.013" />
  <testcase classname="ptolemy.util.test.junit.AutoTests" name="[450] /home/travis/build/icyphy/ptII/ptolemy/actor/lib/test/auto/functionClosureTest5.xml (RunModel)" time="0.011" />
  <testcase classname="ptolemy.util.test.junit.AutoTests" name="[451] /home/travis/build/icyphy/ptII/ptolemy/actor/lib/test/auto/functionClosureTest6.xml (RunModel)" time="0.006" />
  <testcase classname="ptolemy.util.test.junit.AutoTests" name="[452] /home/travis/build/icyphy/ptII/ptolemy/actor/lib/test/auto/functionsOnArcs.xml (RunModel)" time="0.007" />
  <testcase classname="ptolemy.util.test.junit.AutoTests" name="[453] /home/travis/build/icyphy/ptII/ptolemy/actor/lib/test/auto/functionsOnArcsHOF.xml (RunModel)" time="0.009" />
  <testcase classname="ptolemy.util.test.junit.AutoTests" name="[454] /home/travis/build/icyphy/ptII/ptolemy/actor/lib/test/auto/logic.xml (RunModel)" time="0.015" />
  <testcase classname="ptolemy.util.test.junit.AutoTests" name="[455] /home/travis/build/icyphy/ptII/ptolemy/actor/lib/test/auto/matrixType.xml (RunModel)" time="0.007" />
  <testcase classname="ptolemy.util.test.junit.AutoTests" name="[456] /home/travis/build/icyphy/ptII/ptolemy/actor/lib/test/auto/matrixType10.xml (RunModel)" time="0.007" />
  <testcase classname="ptolemy.util.test.junit.AutoTests" name="[457] /home/travis/build/icyphy/ptII/ptolemy/actor/lib/test/auto/matrixType11.xml (RunModel)" time="0.007" />
  <testcase classname="ptolemy.util.test.junit.AutoTests" name="[458] /home/travis/build/icyphy/ptII/ptolemy/actor/lib/test/auto/matrixType12.xml (RunModel)" time="0.009" />
  <testcase classname="ptolemy.util.test.junit.AutoTests" name="[459] /home/travis/build/icyphy/ptII/ptolemy/actor/lib/test/auto/matrixType13.xml (RunModel)" time="0.006" />
  <testcase classname="ptolemy.util.test.junit.AutoTests" name="[460] /home/travis/build/icyphy/ptII/ptolemy/actor/lib/test/auto/matrixType14.xml (RunModel)" time="0.008" />
  <testcase classname="ptolemy.util.test.junit.AutoTests" name="[461] /home/travis/build/icyphy/ptII/ptolemy/actor/lib/test/auto/matrixType2.xml (RunModel)" time="0.007" />
  <testcase classname="ptolemy.util.test.junit.AutoTests" name="[462] /home/travis/build/icyphy/ptII/ptolemy/actor/lib/test/auto/matrixType3.xml (RunModel)" time="0.008" />
  <testcase classname="ptolemy.util.test.junit.AutoTests" name="[463] /home/travis/build/icyphy/ptII/ptolemy/actor/lib/test/auto/matrixType4.xml (RunModel)" time="0.006" />
  <testcase classname="ptolemy.util.test.junit.AutoTests" name="[464] /home/travis/build/icyphy/ptII/ptolemy/actor/lib/test/auto/matrixType5.xml (RunModel)" time="0.005" />
  <testcase classname="ptolemy.util.test.junit.AutoTests" name="[465] /home/travis/build/icyphy/ptII/ptolemy/actor/lib/test/auto/matrixType6.xml (RunModel)" time="0.006" />
  <testcase classname="ptolemy.util.test.junit.AutoTests" name="[466] /home/travis/build/icyphy/ptII/ptolemy/actor/lib/test/auto/matrixType7.xml (RunModel)" time="0.007" />
  <testcase classname="ptolemy.util.test.junit.AutoTests" name="[467] /home/travis/build/icyphy/ptII/ptolemy/actor/lib/test/auto/matrixType8.xml (RunModel)" time="0.006" />
  <testcase classname="ptolemy.util.test.junit.AutoTests" name="[468] /home/travis/build/icyphy/ptII/ptolemy/actor/lib/test/auto/matrixType9.xml (RunModel)" time="0.006" />
  <testcase classname="ptolemy.util.test.junit.AutoTests" name="[469] /home/travis/build/icyphy/ptII/ptolemy/actor/lib/test/auto/paraFunctest.xml (RunModel)" time="0.006" />
  <testcase classname="ptolemy.util.test.junit.AutoTests" name="[470] /home/travis/build/icyphy/ptII/ptolemy/actor/lib/test/auto/paraFunctest2.xml (RunModel)" time="0.008" />
  <testcase classname="ptolemy.util.test.junit.AutoTests" name="[471] /home/travis/build/icyphy/ptII/ptolemy/actor/lib/test/auto/parameterPassing.xml (RunModel)" time="0.007" />
  <testcase classname="ptolemy.util.test.junit.AutoTests" name="[472] /home/travis/build/icyphy/ptII/ptolemy/actor/lib/test/auto/record.xml (RunModel)" time="0.017" />
  <testcase classname="ptolemy.util.test.junit.AutoTests" name="[473] /home/travis/build/icyphy/ptII/ptolemy/actor/lib/test/auto/sizedarray1.xml (RunModel)" time="0.007" />
  <testcase classname="ptolemy.util.test.junit.AutoTests" name="[474] /home/travis/build/icyphy/ptII/ptolemy/actor/lib/test/auto/sizedarray2.xml (RunModel)" time="0.008" />
  <testcase classname="ptolemy.util.test.junit.AutoTests" name="[475] /home/travis/build/icyphy/ptII/ptolemy/actor/lib/test/auto/twoPublishers.xml (RunModel)" time="0.023" />
  <system-out><![CDATA[/home/travis/build/icyphy/ptII/ptolemy/actor/lib/test/AbsoluteValue.tcl
testDefs.tcl: setting time out to 9000 seconds at Sat Feb 22 07:08:07 UTC 2020
85 ms. Memory: 129024K Free: 93128K (72%)
4 ms. Memory: 129024K Free: 91080K (71%)
4 ms. Memory: 129024K Free: 90056K (70%)
5 ms. Memory: 129024K Free: 89527K (69%)
/home/travis/build/icyphy/ptII/ptolemy/actor/lib/test/AddSubtract.tcl
8 ms. Memory: 129024K Free: 87494K (68%)
5 ms. Memory: 129024K Free: 86984K (67%)
5 ms. Memory: 129024K Free: 85960K (67%)
8 ms. Memory: 129024K Free: 85439K (66%)
43 ms. Memory: 129024K Free: 82374K (64%)
6 ms. Memory: 129024K Free: 81350K (63%)
/home/travis/build/icyphy/ptII/ptolemy/actor/lib/test/Average.tcl
7 ms. Memory: 129024K Free: 79816K (62%)
6 ms. Memory: 129024K Free: 78792K (61%)
/home/travis/build/icyphy/ptII/ptolemy/actor/lib/test/Bernoulli.tcl
7 ms. Memory: 129024K Free: 77239K (60%)
2 ms. Memory: 129024K Free: 76744K (59%)
/home/travis/build/icyphy/ptII/ptolemy/actor/lib/test/Clock.tcl
preinitializing
resolving types
initializing
executing number 1
wrapping up
idle
40 ms. Memory: 129024K Free: 74182K (57%)
Completed execution with 5 iterations
preinitializing
resolving types
initializing
executing number 1
wrapping up
idle
3 ms. Memory: 129024K Free: 73127K (57%)
Completed execution with 5 iterations
preinitializing
resolving types
initializing
executing number 1
wrapping up
idle
4 ms. Memory: 129024K Free: 72648K (56%)
Completed execution with 5 iterations
/home/travis/build/icyphy/ptII/ptolemy/actor/lib/test/Commutator.tcl
10 ms. Memory: 129024K Free: 70600K (55%)
17 ms. Memory: 129024K Free: 69576K (54%)
14 ms. Memory: 129024K Free: 63911K (50%)
/home/travis/build/icyphy/ptII/ptolemy/actor/lib/test/Const.tcl
4 ms. Memory: 129024K Free: 62408K (48%)
2 ms. Memory: 129024K Free: 61879K (48%)
3 ms. Memory: 129024K Free: 61384K (48%)
2 ms. Memory: 129024K Free: 60863K (47%)
2 ms. Memory: 129024K Free: 60360K (47%)
11 ms. Memory: 129024K Free: 58822K (46%)
5 ms. Memory: 129024K Free: 57288K (44%)
4 ms. Memory: 129024K Free: 56767K (44%)
/home/travis/build/icyphy/ptII/ptolemy/actor/lib/test/CurrentTime.tcl
preinitializing
resolving types
initializing
executing number 1
wrapping up
idle
15 ms. Memory: 129024K Free: 54711K (42%)
Completed execution with 11 iterations
/home/travis/build/icyphy/ptII/ptolemy/actor/lib/test/DB.tcl
4 ms. Memory: 129024K Free: 53192K (41%)
6 ms. Memory: 129024K Free: 52677K (41%)
3 ms. Memory: 129024K Free: 52168K (40%)
/home/travis/build/icyphy/ptII/ptolemy/actor/lib/test/DiscreteRandomSource.tcl
preinitializing
resolving types
initializing
executing number 1
wrapping up
idle
10 ms. Memory: 129024K Free: 50615K (39%)
Completed execution with 4 iterations
preinitializing
resolving types
initializing
executing number 1
wrapping up
idle
4 ms. Memory: 129024K Free: 50120K (39%)
Completed execution with 4 iterations
preinitializing
resolving types
initializing
executing number 1
wrapping up
idle
6 ms. Memory: 129024K Free: 49606K (38%)
Completed execution with 4 iterations
preinitializing
resolving types
initializing
executing number 1
wrapping up
idle
6 ms. Memory: 129024K Free: 49096K (38%)
Completed execution with 4 iterations
preinitializing
resolving types
initializing
executing number 1
wrapping up
idle
3 ms. Memory: 129024K Free: 48582K (38%)
Completed execution with 4 iterations
/home/travis/build/icyphy/ptII/ptolemy/actor/lib/test/Distributor.tcl
43 ms. Memory: 129024K Free: 113521K (88%)
3 ms. Memory: 129024K Free: 112527K (87%)
StreamChangeRequest.changeExecuted(): <deleteEntity name="rec2"/> succeeded
StreamChangeRequest.changeExecuted(): <deleteRelation name="r2"/> succeeded
StreamChangeRequest.changeExecuted(): Record firings per iteration succeeded
4 ms. Memory: 129024K Free: 110479K (86%)
/home/travis/build/icyphy/ptII/ptolemy/actor/lib/test/Exit.tcl
Exit.tcl: this will print a message about Manager.exitAfterWrapup, which can be ignored.
12 ms. Memory: 129024K Free: 111989K (87%)
/home/travis/build/icyphy/ptII/ptolemy/actor/lib/test/Expression.tcl
15 ms. Memory: 129024K Free: 108443K (84%)
6 ms. Memory: 129024K Free: 107824K (84%)
2 ms. Memory: 129024K Free: 106987K (83%)
preinitializing
resolving types
initializing
executing number 1
wrapping up
idle
5 ms. Memory: 129024K Free: 105776K (82%)
Completed execution with 6 iterations
9 ms. Memory: 129024K Free: 104752K (81%)
6 ms. Memory: 129024K Free: 103915K (81%)
9 ms. Memory: 129024K Free: 102899K (80%)
5 ms. Memory: 129024K Free: 101680K (79%)
7 ms. Memory: 129024K Free: 100221K (78%)
/home/travis/build/icyphy/ptII/ptolemy/actor/lib/test/Gaussian.tcl
3 ms. Memory: 129024K Free: 98173K (76%)
sleeping 1 seconds: .................................................................................................................................................................................................................................................................................................................................................................................................................................................................................................................................................................................................................................................................................................................................................................................................................................................................................................................................................................................................................................................................................................................................................................................................................................................................................................................................................................................................................................................................................................................................................................................................................................................................................................................................................................................................................................................................................................................................................................................................................................................................................................................................................................................................................................................................................................................................................................................................................................................................................................................................................................................................................................................................................................................................................................................................................................................................................................................................................................................................................................................................................................................................................................................................................................................................................................................................................................................................................................................................................................................................................................................................................................................................................................................................................................................................................................................................................................................................................................................................................................................................................................................................................................................................................................................................................................................................................................................................................................................................................................................................................................................................................................................................................................................................................................................................................................................................................................................................................................................................................................................................................................................................................................................................................................................................................................................................................................................................................................................................................................................................................................................................................................................................................................................................................................................................................................................................................................................................................................................................................................................................................................................................................................................................................................................................................................................................................................................................................................................................................................................................................................................................................................................................................................................................................................................................................................................................................................................................................................................................................................................................................................................................................................................................................................................................................................................................................................................................................................................................................................................................................................................................................................................................................................................................................................................................................................................................................................................................................................................................................................................................................................................................................................................................................................................................................................................................................................................................................................................................................................................................................................................................................................................................................................................................................................................................................................................................................................................................................................................................................................................................................................................................................................................................................................................................................................................................................................................................................................................................................................................................................................................................................................................................................................................................................................................................................................................................................................................................................................................................................................................................................................................................................................................................................................................................................................................................................................................................................................................................................................................................................................................................................................................................................................................................................................................................................................................................................................................................................................................................................................................................................................................................................................................................................................................................................................................................................................................................................................................................................................................................................................................................................................................................................................................................................................................................................................................................................................................................................................................................................................................................................................................................................................................................................................................................................................................................................................................................................................................................................................................................................................................................................................................................................................................................................................................................................................................................................................................................................................................................................................................................................................................................................................................................................................................................................................................................................................................................................................................................................................................................................................................................................................................................................................................................................................................................................................................................................................................................................................................................................................................................................................................................................................................................................................................................................................................................................................................................................................................................................................................................................................................................................................................................................................................................................................................................................................................................................................................................................................................................................................................................................................................................................................................................................................................................................................................................................................................................................................................................................................................................................................................................................................................................................................................................................................................................................................................................................................................................................................................................................................................................................................................................................................................................................................................................................................................................................................................................................................................................................................................................................................................................................................................................................................................................................................................................................................................................................................................................................................................................................................................................................................................................................................................................................................................................................................................................................................................................................................................................................................................................................................................................................................................................................................................................................................................................................................................................................................................................................................................................................................................................................................................................................................................................................................................................................................................................................................................................................................................................................................................................................................................................................................................................................................................................................................................................................................................................................................................................................................................................................................................................................................................................................................................................................................................................................................................................................................................................................................................................................................................................................................................................................................................................................................................................................................................................................................................................................................................................................................................................................................................................................................................................................................................................................................................................................................................................................................................................................................................................................................................................................................................................................................................................................................................................................................................................................................................................................................................................................................................................................................................................................................................................................................................................................................................................................................................................................................................................................................................................................................................................................................................................................................................................................................................................................................................................................................................................................................................................................................................................................................................................................................................................................................................................................................................................................................................................................................................................................................................................................................................................................................................................................................................................................................................................................................................................................................................................................................................................................................................................................................................................................................................................................................................................................................................................................................................................................................................................................................................................................................................................................................................................................................................................................................................................................................................................................................................................................................................................................................................................................................................................................................................................................................................................................................................................................................................................................................................................................................................................................................................................................................................................................................................................................................................................................................................................................................................................................................................................................................................................................................................................................................................................................................................................................................................................................................................................................................................................................................................................................................................................................................................................................................................................................................................................................................................................................................................................................................................................................................................................................................................................................................................................................................................................................................................................................................................................................................................................................................................................................................................................................................................................................................................................................................................................................................................................................................................................................................................................................................................................................................................................................................................................................................................................................................................................................................................................................................................................................................................................................................................................................................................................................................................................................................................................................................................................................................................................................................................................................................................................................................................................................................................................................................................................................................................................................................................................................................................................................................................................................................................................................................................................................................................................................................................................................................................................................................................................................................................................................................................................................................................................................................................................................................................................................................................................................................................................................................................................................................................................................................................................................................................................................................................................................................................................................................................................................................................................................................................................................................................................................................................................................................................................................................................................................................................................................................................................................................................................................................................................................................................................................................................................................................................................................................................................................................................................................................................................................................................................................................................................................................................................................................................................................................................................................................................................................................................................................................................................................................................................................................................................................................................................................................................................................................................................................................................................................................................................................................................................................................................................................................................................................................................................................................................................................................................................................................................................................................................................................................................................................................................................................................................................................................................................................................................................................................................................................................................................................................................................................................................................................................................................................................................................................................................................................................................................................................................................................................................................................................................................................................................................................................................................................................................................................................................................................................................................................................................................................................................................................................................................................................................................................................................................................................................................................................................................................................................................................................................................................................................................................................................................................................................................................................................................................................................................................................................................................................................................................................................................................................................................................................................................................................................................................................................................................................................................................................................................................................................................................................................................................................................................................................................................................................................................................................................................................................................................................................................................................................................................................................................................................................................................................................................................................................................................................................................................................................................................................................................................................................................................................................................................................................................................................................................................................................................................................................................................................................................................................................................................................................................................................................................................................................................................................................................................................................................................................................................................................................................................................................................................................................................................................................................................................................................................................................................................................................................................................................................................................................................................................................................................................................................................................................................................................................................................................................................................................................................................................................................................................................................................................................................................................................................................................................................................................................................................................................................................................................................................................................................................................................................................................................................................................................................................................................................................................................................................................................................................................................................................................................................................................................................................................................................................................................................................................................................................................................................................................................................................................................................................................................................................................................................................................................................................................................................................................................................................................................................................................................................................................................................................................................................................................................................................................................................................................................................................................................................................................................................................................................................................................................................................................................................................................................................................................................................................................................................................................................................................................................................................................................................................................................................................................................................................................................................................................................................................................................................................................................................................................................................................................................................................................................................................................................................................................................................................................................................................................................................................................................................................................................................................................................................................................................................................................................................................................................................................................................................................................................................................................................................................................................................................................................................................................................................................................................................................................................................................................................................................................................................................................................................................................................................................................................................................................................................................................................................................................................................................................................................................................................................................................................................................................................................................................................................................................................................................................................................................................................................................................................................................................................................................................................................................................................................................................................................................................................................................................................................................................................................................................................................................................................................................................................................................................................................................................................................................................................................................................................................................................................................................................................................................................................................................................................................................................................................................................................................................................................................................................................................................................................................................................................................................................................................................................................................................................................................................................................................................................................................................................................................................................................................................................................................................................................................................................................................................................................................................................................................................................................................................................................................................................................................................................................................................................................................................................................................................................................................................................................................................................................................................................................................................................................................................................................................................................................................................................................................................................................................................................................................................................................................................................................................................................................................................................................................................................................................................................................................................................................................................................................................................................................................................................................................................................................................................................................................................................................................................................................................................................................................................................................................................................................................................................................................................................................................................................................................................................................................................................................................................................................................................................................................................................................................................................................2 ms. Memory: 159744K Free: 91659K (57%)
2 ms. Memory: 159744K Free: 91131K (57%)
1 ms. Memory: 159744K Free: 90635K (57%)
4 ms. Memory: 159744K Free: 89611K (56%)
2 ms. Memory: 159744K Free: 89067K (56%)
/home/travis/build/icyphy/ptII/ptolemy/actor/lib/test/IIR.tcl
/home/travis/build/icyphy/ptII/ptolemy/actor/lib/test/Interpolator.tcl
4 ms. Memory: 159744K Free: 85515K (54%)
2 ms. Memory: 159744K Free: 84987K (53%)
3 ms. Memory: 159744K Free: 84491K (53%)
1 ms. Memory: 159744K Free: 83977K (53%)
2 ms. Memory: 159744K Free: 82953K (52%)
5 ms. Memory: 159744K Free: 81929K (51%)
1 ms. Memory: 159744K Free: 81419K (51%)
8 ms. Memory: 159744K Free: 80395K (50%)
1 ms. Memory: 159744K Free: 79371K (50%)
1 ms. Memory: 159744K Free: 78347K (49%)
/home/travis/build/icyphy/ptII/ptolemy/actor/lib/test/MathFunction.tcl
4 ms. Memory: 159744K Free: 76299K (48%)
2 ms. Memory: 159744K Free: 75275K (47%)
2 ms. Memory: 159744K Free: 74251K (46%)
2 ms. Memory: 159744K Free: 73723K (46%)
13 ms. Memory: 159744K Free: 143485K (90%)
6 ms. Memory: 159744K Free: 141437K (89%)
/home/travis/build/icyphy/ptII/ptolemy/actor/lib/test/Maximum.tcl
4 ms. Memory: 159744K Free: 139389K (87%)
7 ms. Memory: 159744K Free: 138869K (87%)
4 ms. Memory: 159744K Free: 138365K (87%)
3 ms. Memory: 159744K Free: 137341K (86%)
/home/travis/build/icyphy/ptII/ptolemy/actor/lib/test/Minimum.tcl
7 ms. Memory: 159744K Free: 135803K (85%)
2 ms. Memory: 159744K Free: 135293K (85%)
2 ms. Memory: 159744K Free: 134269K (84%)
2 ms. Memory: 159744K Free: 133755K (84%)
/home/travis/build/icyphy/ptII/ptolemy/actor/lib/test/MultiplyDivide.tcl
3 ms. Memory: 159744K Free: 131707K (82%)
2 ms. Memory: 159744K Free: 131197K (82%)
2 ms. Memory: 159744K Free: 130669K (82%)
4 ms. Memory: 159744K Free: 129659K (81%)
3 ms. Memory: 159744K Free: 129149K (81%)
/home/travis/build/icyphy/ptII/ptolemy/actor/lib/test/OrderedMerge.tcl
Connections changed on port: inputA
Connections changed on port: inputB
Connections changed on port: output
Connections changed on port: output
Connections changed on port: output
Connections changed on port: input
.top. Preinitializing ...
Invoking preinitialize():  .top.OrderedMerge
Called preinitialize()
Invoking preinitialize():  .top.Ramp
Called preinitialize()
Invoking preinitialize():  .top.Ramp2
Called preinitialize()
Invoking preinitialize():  .top.Test
Called preinitialize()
Connections changed on port: inputA
Connections changed on port: output
Connections changed on port: output
Connections changed on port: input
Connections changed on port: inputB
Connections changed on port: output
.top. Finished preinitialize().
Called initialize().
Invoking initialize():  .top.OrderedMerge
Initializing actor: .top.OrderedMerge
Adding a thread: .top.OrderedMerge
Invoking initialize():  .top.Ramp
Initializing actor: .top.Ramp
Adding a thread: .top.Ramp
Invoking initialize():  .top.Ramp2
Initializing actor: .top.Ramp2
Adding a thread: .top.Ramp2
Invoking initialize():  .top.Test
Initializing actor: .top.Test
Adding a thread: .top.Test
Called fire().
Checking for deadlock:
-- Starting thread.
Called initialize()
-- Starting thread.
Called initialize()
Called prefire()
Called fire()
-- Starting thread.
Called initialize()
Called prefire()
Called prefire()
Called fire()
Called fire()
-- Starting thread.
Called initialize()
Called prefire()
Called fire()
There are 0 Blocked actors, 0 Stopped actors, and 4 active threads.
Waiting for actors to stop.
Called postfire()
Called prefire()
Called fire()
Called postfire()
Called prefire()
Called fire()
Checking for deadlock:
There are 2 Blocked actors, 0 Stopped actors, and 4 active threads.
Waiting for actors to stop.
Called postfire()
Called prefire()
Called fire()
Checking for deadlock:
There are 3 Blocked actors, 0 Stopped actors, and 4 active threads.
Waiting for actors to stop.
Read input token from inputA with value 0.0
Next port to read input from is inputB
Called postfire()
Called prefire()
Called fire()
Called postfire()
Called prefire()
Called fire()
Checking for deadlock:
There are 3 Blocked actors, 0 Stopped actors, and 4 active threads.
Waiting for actors to stop.
Read input token from inputB with value 0.0
Checking for deadlock:
There are 2 Blocked actors, 0 Stopped actors, and 4 active threads.
Waiting for actors to stop.
-- Read input: 0.0, which is expected to match: 0.0
Called prefire()
Called fire()
Checking for deadlock:
There are 3 Blocked actors, 0 Stopped actors, and 4 active threads.
Waiting for actors to stop.
Sent output token with value 0.0
Next port to read input from is inputA
Called postfire()
Called prefire()
Called fire()
Checking for deadlock:
There are 2 Blocked actors, 0 Stopped actors, and 4 active threads.
Waiting for actors to stop.
Called postfire()
Called prefire()
Called fire()
Checking for deadlock:
There are 3 Blocked actors, 0 Stopped actors, and 4 active threads.
Waiting for actors to stop.
Read input token from inputA with value 1.0
Checking for deadlock:
There are 2 Blocked actors, 0 Stopped actors, and 4 active threads.
Waiting for actors to stop.
-- Read input: 0.0, which is expected to match: 0.0
Called prefire()
Called fire()
Checking for deadlock:
Sent output token with value 0.0
There are 3 Blocked actors, 0 Stopped actors, and 4 active threads.
Waiting for actors to stop.
Next port to read input from is inputB
Called postfire()
Called prefire()
Called fire()
Checking for deadlock:
There are 2 Blocked actors, 0 Stopped actors, and 4 active threads.
Waiting for actors to stop.
Called postfire()
Called prefire()
Called fire()
Checking for deadlock:
There are 3 Blocked actors, 0 Stopped actors, and 4 active threads.
Waiting for actors to stop.
Read input token from inputB with value 1.5
Checking for deadlock:
There are 2 Blocked actors, 0 Stopped actors, and 4 active threads.
Waiting for actors to stop.
Sent output token with value 1.0
-- Read input: 1.0, which is expected to match: 1.0
Called prefire()
Called fire()
Checking for deadlock:
There are 3 Blocked actors, 0 Stopped actors, and 4 active threads.
Waiting for actors to stop.
Next port to read input from is inputA
Called postfire()
Called prefire()
Called fire()
Checking for deadlock:
There are 2 Blocked actors, 0 Stopped actors, and 4 active threads.
Waiting for actors to stop.
Called postfire()
Called prefire()
Called fire()
Checking for deadlock:
There are 3 Blocked actors, 0 Stopped actors, and 4 active threads.
Read input token from inputA with value 2.0
Waiting for actors to stop.
Checking for deadlock:
There are 2 Blocked actors, 0 Stopped actors, and 4 active threads.
Waiting for actors to stop.
-- Read input: 1.5, which is expected to match: 1.5
Called prefire()
Called fire()
Checking for deadlock:
There are 3 Blocked actors, 0 Stopped actors, and 4 active threads.
Waiting for actors to stop.
Sent output token with value 1.5
Next port to read input from is inputB
Called postfire()
Called prefire()
Called fire()
Checking for deadlock:
There are 2 Blocked actors, 0 Stopped actors, and 4 active threads.
Waiting for actors to stop.
Called postfire()
Called prefire()
Called fire()
Checking for deadlock:
There are 3 Blocked actors, 0 Stopped actors, and 4 active threads.
Waiting for actors to stop.
Read input token from inputB with value 3.0
Checking for deadlock:
There are 2 Blocked actors, 0 Stopped actors, and 4 active threads.
Waiting for actors to stop.
Sent output token with value 2.0
-- Read input: 2.0, which is expected to match: 2.0
Called prefire()
Called fire()
Checking for deadlock:
There are 3 Blocked actors, 0 Stopped actors, and 4 active threads.
Waiting for actors to stop.
Next port to read input from is inputA
Called postfire()
Called prefire()
Called fire()
Checking for deadlock:
There are 2 Blocked actors, 0 Stopped actors, and 4 active threads.
Waiting for actors to stop.
Called postfire()
Called prefire()
Called fire()
Checking for deadlock:
Read input token from inputA with value 3.0
There are 3 Blocked actors, 0 Stopped actors, and 4 active threads.
Waiting for actors to stop.
Checking for deadlock:
There are 2 Blocked actors, 0 Stopped actors, and 4 active threads.
Waiting for actors to stop.
-- Read input: 3.0, which is expected to match: 3.0
Called prefire()
Called fire()
Checking for deadlock:
There are 3 Blocked actors, 0 Stopped actors, and 4 active threads.
Waiting for actors to stop.
Sent output token with value 3.0
Next port to read input from is inputB
Called postfire()
Called prefire()
Called fire()
Called postfire()
Called prefire()
Called fire()
Checking for deadlock:
There are 3 Blocked actors, 0 Stopped actors, and 4 active threads.
Waiting for actors to stop.
Read input token from inputB with value 4.5
-- Read input: 3.0, which is expected to match: 3.0
Called prefire()
Called fire()
Checking for deadlock:
There are 3 Blocked actors, 0 Stopped actors, and 4 active threads.
Waiting for actors to stop.
Sent output token with value 3.0
Next port to read input from is inputA
Called postfire()
Called prefire()
Called fire()
Checking for deadlock:
There are 2 Blocked actors, 0 Stopped actors, and 4 active threads.
Waiting for actors to stop.
Called postfire()
Called prefire()
Called fire()
Checking for deadlock:
There are 3 Blocked actors, 0 Stopped actors, and 4 active threads.
Waiting for actors to stop.
Read input token from inputA with value 4.0
Checking for deadlock:
There are 2 Blocked actors, 0 Stopped actors, and 4 active threads.
Waiting for actors to stop.
-- Read input: 4.0, which is expected to match: 4.0
Called prefire()
Called fire()
Past the end of training data. Read and discard all inputs.
Checking for deadlock:
There are 3 Blocked actors, 0 Stopped actors, and 4 active threads.
Waiting for actors to stop.
Sent output token with value 4.0
Next port to read input from is inputA
Called postfire()
Called prefire()
Called fire()
Checking for deadlock:
There are 2 Blocked actors, 0 Stopped actors, and 4 active threads.
Waiting for actors to stop.
Called postfire()
Called prefire()
Called fire()
Checking for deadlock:
There are 3 Blocked actors, 0 Stopped actors, and 4 active threads.
Waiting for actors to stop.
Read input token from inputA with value 5.0
Checking for deadlock:
There are 2 Blocked actors, 0 Stopped actors, and 4 active threads.
Waiting for actors to stop.
Called prefire()
Called fire()
Past the end of training data. Read and discard all inputs.
Checking for deadlock:
There are 3 Blocked actors, 0 Stopped actors, and 4 active threads.
Waiting for actors to stop.
Sent output token with value 4.5
Next port to read input from is inputB
Called postfire()
Called prefire()
Called fire()
Checking for deadlock:
There are 2 Blocked actors, 0 Stopped actors, and 4 active threads.
Waiting for actors to stop.
Called postfire()
Called prefire()
Called fire()
Checking for deadlock:
Read input token from inputB with value 6.0
There are 3 Blocked actors, 0 Stopped actors, and 4 active threads.
Waiting for actors to stop.
Checking for deadlock:
There are 2 Blocked actors, 0 Stopped actors, and 4 active threads.
Called prefire()
Waiting for actors to stop.
Called fire()
Past the end of training data. Read and discard all inputs.
Checking for deadlock:
There are 3 Blocked actors, 0 Stopped actors, and 4 active threads.
Waiting for actors to stop.
Sent output token with value 5.0
Next port to read input from is inputA
Called postfire()
Called prefire()
Called fire()
Checking for deadlock:
There are 2 Blocked actors, 0 Stopped actors, and 4 active threads.
Waiting for actors to stop.
Called postfire()
Called prefire()
Called fire()
Checking for deadlock:
Read input token from inputA with value 6.0
There are 3 Blocked actors, 0 Stopped actors, and 4 active threads.
Waiting for actors to stop.
Checking for deadlock:
Called prefire()
Called fire()
There are 2 Blocked actors, 0 Stopped actors, and 4 active threads.
Past the end of training data. Read and discard all inputs.
Waiting for actors to stop.
Checking for deadlock:
There are 3 Blocked actors, 0 Stopped actors, and 4 active threads.
Waiting for actors to stop.
Sent output token with value 6.0
Next port to read input from is inputB
Called postfire()
Called prefire()
Called fire()
Checking for deadlock:
There are 2 Blocked actors, 0 Stopped actors, and 4 active threads.
Waiting for actors to stop.
Called postfire()
Called prefire()
Called fire()
Checking for deadlock:
There are 3 Blocked actors, 0 Stopped actors, and 4 active threads.
Read input token from inputB with value 7.5
Waiting for actors to stop.
Checking for deadlock:
There are 2 Blocked actors, 0 Stopped actors, and 4 active threads.
Waiting for actors to stop.
Called prefire()
Called fire()
Past the end of training data. Read and discard all inputs.
Checking for deadlock:
There are 3 Blocked actors, 0 Stopped actors, and 4 active threads.
Waiting for actors to stop.
Sent output token with value 6.0
Next port to read input from is inputA
Called postfire()
Called prefire()
Called fire()
Checking for deadlock:
There are 2 Blocked actors, 0 Stopped actors, and 4 active threads.
Waiting for actors to stop.
Called postfire()
Called prefire()
Called fire()
Checking for deadlock:
There are 3 Blocked actors, 0 Stopped actors, and 4 active threads.
Waiting for actors to stop.
Read input token from inputA with value 7.0
Checking for deadlock:
There are 2 Blocked actors, 0 Stopped actors, and 4 active threads.
Waiting for actors to stop.
Called prefire()
Called fire()
Past the end of training data. Read and discard all inputs.
Checking for deadlock:
There are 3 Blocked actors, 0 Stopped actors, and 4 active threads.
Waiting for actors to stop.
Sent output token with value 7.0
Next port to read input from is inputA
Called postfire()
Called prefire()
Called fire()
Checking for deadlock:
There are 2 Blocked actors, 0 Stopped actors, and 4 active threads.
Waiting for actors to stop.
Read input token from inputA with value 8.0
-- Thread wrapup() called.
Called wrapup()
Thread .top.Ramp is exiting.
-- Thread stopped.
Checking for deadlock:
There are 2 Blocked actors, 0 Stopped actors, and 3 active threads.
Waiting for actors to stop.
Checking for deadlock:
There are 1 Blocked actors, 0 Stopped actors, and 3 active threads.
Waiting for actors to stop.
Called prefire()
Called fire()
Past the end of training data. Read and discard all inputs.
Checking for deadlock:
There are 2 Blocked actors, 0 Stopped actors, and 3 active threads.
Waiting for actors to stop.
Sent output token with value 7.5
Next port to read input from is inputB
Called postfire()
Called prefire()
Called fire()
Checking for deadlock:
There are 1 Blocked actors, 0 Stopped actors, and 3 active threads.
Waiting for actors to stop.
Called postfire()
Called prefire()
Called fire()
Checking for deadlock:
There are 2 Blocked actors, 0 Stopped actors, and 3 active threads.
Waiting for actors to stop.
Read input token from inputB with value 9.0
Checking for deadlock:
There are 1 Blocked actors, 0 Stopped actors, and 3 active threads.
Waiting for actors to stop.
Called prefire()
Called fire()
Past the end of training data. Read and discard all inputs.
Checking for deadlock:
Sent output token with value 8.0
There are 2 Blocked actors, 0 Stopped actors, and 3 active threads.
Waiting for actors to stop.
Next port to read input from is inputA
Called postfire()
Called prefire()
Called fire()
Read input token from inputA with value 9.0
Checking for deadlock:
Called prefire()
There are 1 Blocked actors, 0 Stopped actors, and 3 active threads.
Called fire()
Past the end of training data. Read and discard all inputs.
Waiting for actors to stop.
Checking for deadlock:
There are 2 Blocked actors, 0 Stopped actors, and 3 active threads.
Waiting for actors to stop.
Sent output token with value 9.0
Next port to read input from is inputB
Called postfire()
Called prefire()
Called fire()
Checking for deadlock:
There are 1 Blocked actors, 0 Stopped actors, and 3 active threads.
Waiting for actors to stop.
Called postfire()
Called prefire()
Called fire()
Checking for deadlock:
Read input token from inputB with value 10.5
There are 2 Blocked actors, 0 Stopped actors, and 3 active threads.
Waiting for actors to stop.
Checking for deadlock:
There are 1 Blocked actors, 0 Stopped actors, and 3 active threads.
Waiting for actors to stop.
Called prefire()
Called fire()
Past the end of training data. Read and discard all inputs.
Checking for deadlock:
Sent output token with value 9.0
There are 2 Blocked actors, 0 Stopped actors, and 3 active threads.
Waiting for actors to stop.
Next port to read input from is inputA
Called postfire()
Called prefire()
Called fire()
Checking for deadlock:
There are 3 Blocked actors, 0 Stopped actors, and 3 active threads.
Actors have stopped.
Checking for deadlock:
There are 3 Blocked actors, 0 Stopped actors, and 3 active threads.
Deadlock detected.
Resolving Deadlock
Checking for deadlock:
There are 3 Blocked actors, 0 Stopped actors, and 3 active threads.
Artificial Deadlock - increasing queue capacity.
increasing the capacity of receiver ptolemy.actor.TypedIOPort {.top.OrderedMerge.inputB} to 2
-- Thread wrapup() called.
Director: Called postfire().
Called postfire().
Called wrapup()
_stopRequested = false
_stopFireRequested = false
Returning from postfire(): true
Thread .top.Ramp2 is exiting.
-- Thread stopped.
Called fire().
Checking for deadlock:
There are 2 Blocked actors, 0 Stopped actors, and 2 active threads.
Actors have stopped.
Checking for deadlock:
There are 2 Blocked actors, 0 Stopped actors, and 2 active threads.
Deadlock detected.
Resolving Deadlock
Checking for deadlock:
There are 2 Blocked actors, 0 Stopped actors, and 2 active threads.
Deadlock detected: no processes blocked on write, but some are blocked on read.
Called postfire().
_stopRequested = false
_stopFireRequested = false
Returning from postfire(): false
Finished deactivating branches.
Called wrapup().
-- Thread wrapup() called.
Called wrapup()
Thread .top.Test is exiting.
-- Thread stopped.
-- Blocked Receiver call threw TerminateProcessException.
-- Thread wrapup() called.
Called wrapup()
Thread .top.OrderedMerge is exiting.
-- Thread stopped.
-- Blocked Receiver call threw TerminateProcessException.
64 ms. Memory: 159744K Free: 124029K (78%)
.top. Preinitializing ...
Invoking preinitialize():  .top.OrderedMerge
Called preinitialize()
Invoking preinitialize():  .top.Ramp
Called preinitialize()
Invoking preinitialize():  .top.Ramp2
Called preinitialize()
Invoking preinitialize():  .top.Test
Called preinitialize()
.top. Finished preinitialize().
Called initialize().
Invoking initialize():  .top.OrderedMerge
Initializing actor: .top.OrderedMerge
Adding a thread: .top.OrderedMerge
Invoking initialize():  .top.Ramp
Initializing actor: .top.Ramp
Adding a thread: .top.Ramp
Invoking initialize():  .top.Ramp2
Initializing actor: .top.Ramp2
Adding a thread: .top.Ramp2
Invoking initialize():  .top.Test
Initializing actor: .top.Test
Adding a thread: .top.Test
-- Starting thread.
Called initialize()
Called prefire()
Called fire()
-- Starting thread.
Called initialize()
Called prefire()
Called fire()
Called postfire()
Called prefire()
Called fire()
-- Starting thread.
Called initialize()
Called prefire()
Called fire()
Called postfire()
Called prefire()
Called fire()
Called fire().
Checking for deadlock:
There are 3 Blocked actors, 0 Stopped actors, and 4 active threads.
Waiting for actors to stop.
-- Starting thread.
Called initialize()
Called prefire()
Called fire()
Checking for deadlock:
There are 2 Blocked actors, 0 Stopped actors, and 4 active threads.
Waiting for actors to stop.
Called postfire()
Called prefire()
Called fire()
Checking for deadlock:
There are 3 Blocked actors, 0 Stopped actors, and 4 active threads.
Waiting for actors to stop.
Read input token from inputA with value 0.0
Next port to read input from is inputB
Called postfire()
Called prefire()
Called fire()
Called postfire()
Called prefire()
Called fire()
Checking for deadlock:
There are 3 Blocked actors, 0 Stopped actors, and 4 active threads.
Waiting for actors to stop.
Read input token from inputB with value 0.0
Checking for deadlock:
There are 2 Blocked actors, 0 Stopped actors, and 4 active threads.
Waiting for actors to stop.
-- Read input: 0.0, which is expected to match: 0.0
Called prefire()
Called fire()
Checking for deadlock:
There are 3 Blocked actors, 0 Stopped actors, and 4 active threads.
Waiting for actors to stop.
Sent output token with value 0.0
Next port to read input from is inputA
Called postfire()
Called prefire()
Called fire()
Checking for deadlock:
There are 2 Blocked actors, 0 Stopped actors, and 4 active threads.
Waiting for actors to stop.
Called postfire()
Called prefire()
Called fire()
Checking for deadlock:
There are 3 Blocked actors, 0 Stopped actors, and 4 active threads.
Waiting for actors to stop.
Read input token from inputA with value 1.0
Checking for deadlock:
There are 2 Blocked actors, 0 Stopped actors, and 4 active threads.
Waiting for actors to stop.
-- Read input: 0.0, which is expected to match: 0.0
Called prefire()
Called fire()
Checking for deadlock:
There are 3 Blocked actors, 0 Stopped actors, and 4 active threads.
Waiting for actors to stop.
Sent output token with value 0.0
Next port to read input from is inputB
Called postfire()
Called prefire()
Called fire()
Called postfire()
Called prefire()
Called fire()
Checking for deadlock:
There are 3 Blocked actors, 0 Stopped actors, and 4 active threads.
Waiting for actors to stop.
Read input token from inputB with value 1.5
-- Read input: 1.0, which is expected to match: 1.0
Called prefire()
Called fire()
Checking for deadlock:
There are 3 Blocked actors, 0 Stopped actors, and 4 active threads.
Waiting for actors to stop.
Sent output token with value 1.0
Next port to read input from is inputA
Called postfire()
Called prefire()
Called fire()
Checking for deadlock:
There are 2 Blocked actors, 0 Stopped actors, and 4 active threads.
Waiting for actors to stop.
Called postfire()
Called prefire()
Called fire()
Checking for deadlock:
There are 3 Blocked actors, 0 Stopped actors, and 4 active threads.
Waiting for actors to stop.
Read input token from inputA with value 2.0
Checking for deadlock:
There are 2 Blocked actors, 0 Stopped actors, and 4 active threads.
Waiting for actors to stop.
-- Read input: 1.5, which is expected to match: 1.5
Called prefire()
Called fire()
Checking for deadlock:
There are 3 Blocked actors, 0 Stopped actors, and 4 active threads.
Waiting for actors to stop.
Sent output token with value 1.5
Next port to read input from is inputB
Called postfire()
Called prefire()
Called fire()
Checking for deadlock:
There are 2 Blocked actors, 0 Stopped actors, and 4 active threads.
Waiting for actors to stop.
Called postfire()
Called prefire()
Called fire()
Checking for deadlock:
There are 3 Blocked actors, 0 Stopped actors, and 4 active threads.
Waiting for actors to stop.
Read input token from inputB with value 3.0
Checking for deadlock:
There are 2 Blocked actors, 0 Stopped actors, and 4 active threads.
Waiting for actors to stop.
-- Read input: 2.0, which is expected to match: 2.0
Called prefire()
Called fire()
Checking for deadlock:
There are 3 Blocked actors, 0 Stopped actors, and 4 active threads.
Waiting for actors to stop.
Sent output token with value 2.0
Next port to read input from is inputA
Called postfire()
Called prefire()
Called fire()
Checking for deadlock:
There are 2 Blocked actors, 0 Stopped actors, and 4 active threads.
Waiting for actors to stop.
Called postfire()
Called prefire()
Called fire()
Checking for deadlock:
There are 3 Blocked actors, 0 Stopped actors, and 4 active threads.
Waiting for actors to stop.
Read input token from inputA with value 3.0
Checking for deadlock:
There are 2 Blocked actors, 0 Stopped actors, and 4 active threads.
Waiting for actors to stop.
-- Read input: 3.0, which is expected to match: 3.0
Called prefire()
Called fire()
Checking for deadlock:
There are 3 Blocked actors, 0 Stopped actors, and 4 active threads.
Waiting for actors to stop.
Sent output token with value 3.0
Next port to read input from is inputB
Called postfire()
Called prefire()
Called fire()
Called postfire()
Called prefire()
Called fire()
Checking for deadlock:
There are 3 Blocked actors, 0 Stopped actors, and 4 active threads.
Waiting for actors to stop.
Read input token from inputB with value 4.5
-- Read input: 3.0, which is expected to match: 3.0
Called prefire()
Called fire()
Checking for deadlock:
There are 3 Blocked actors, 0 Stopped actors, and 4 active threads.
Waiting for actors to stop.
Sent output token with value 3.0
Next port to read input from is inputA
Called postfire()
Called prefire()
Called fire()
Checking for deadlock:
There are 2 Blocked actors, 0 Stopped actors, and 4 active threads.
Waiting for actors to stop.
Called postfire()
Called prefire()
Called fire()
Checking for deadlock:
There are 3 Blocked actors, 0 Stopped actors, and 4 active threads.
Waiting for actors to stop.
Read input token from inputA with value 4.0
Checking for deadlock:
There are 2 Blocked actors, 0 Stopped actors, and 4 active threads.
Waiting for actors to stop.
-- Read input: 4.0, which is expected to match: 4.0
Called prefire()
Called fire()
Past the end of training data. Read and discard all inputs.
Checking for deadlock:
There are 3 Blocked actors, 0 Stopped actors, and 4 active threads.
Waiting for actors to stop.
Sent output token with value 4.0
Next port to read input from is inputA
Called postfire()
Called prefire()
Called fire()
Checking for deadlock:
There are 2 Blocked actors, 0 Stopped actors, and 4 active threads.
Waiting for actors to stop.
Called postfire()
Called prefire()
Called fire()
Checking for deadlock:
There are 3 Blocked actors, 0 Stopped actors, and 4 active threads.
Waiting for actors to stop.
Read input token from inputA with value 5.0
Checking for deadlock:
There are 2 Blocked actors, 0 Stopped actors, and 4 active threads.
Waiting for actors to stop.
Called prefire()
Called fire()
Past the end of training data. Read and discard all inputs.
Checking for deadlock:
There are 3 Blocked actors, 0 Stopped actors, and 4 active threads.
Waiting for actors to stop.
Sent output token with value 4.5
Next port to read input from is inputB
Called postfire()
Called prefire()
Called fire()
Called postfire()
Called prefire()
Called fire()
Checking for deadlock:
There are 3 Blocked actors, 0 Stopped actors, and 4 active threads.
Waiting for actors to stop.
Read input token from inputB with value 6.0
Called prefire()
Called fire()
Past the end of training data. Read and discard all inputs.
Checking for deadlock:
There are 3 Blocked actors, 0 Stopped actors, and 4 active threads.
Waiting for actors to stop.
Sent output token with value 5.0
Next port to read input from is inputA
Called postfire()
Called prefire()
Called fire()
Checking for deadlock:
There are 2 Blocked actors, 0 Stopped actors, and 4 active threads.
Waiting for actors to stop.
Called postfire()
Called prefire()
Called fire()
Checking for deadlock:
There are 3 Blocked actors, 0 Stopped actors, and 4 active threads.
Waiting for actors to stop.
Read input token from inputA with value 6.0
Checking for deadlock:
There are 2 Blocked actors, 0 Stopped actors, and 4 active threads.
Waiting for actors to stop.
Called prefire()
Called fire()
Past the end of training data. Read and discard all inputs.
Checking for deadlock:
There are 3 Blocked actors, 0 Stopped actors, and 4 active threads.
Waiting for actors to stop.
Sent output token with value 6.0
Next port to read input from is inputB
Called postfire()
Called prefire()
Called fire()
Checking for deadlock:
There are 2 Blocked actors, 0 Stopped actors, and 4 active threads.
Waiting for actors to stop.
Called postfire()
Called prefire()
Called fire()
Checking for deadlock:
There are 3 Blocked actors, 0 Stopped actors, and 4 active threads.
Waiting for actors to stop.
Read input token from inputB with value 7.5
Checking for deadlock:
There are 2 Blocked actors, 0 Stopped actors, and 4 active threads.
Waiting for actors to stop.
Called prefire()
Called fire()
Past the end of training data. Read and discard all inputs.
Checking for deadlock:
There are 3 Blocked actors, 0 Stopped actors, and 4 active threads.
Waiting for actors to stop.
Sent output token with value 6.0
Next port to read input from is inputA
Called postfire()
Called prefire()
Called fire()
Called postfire()
Called prefire()
Called fire()
Checking for deadlock:
There are 3 Blocked actors, 0 Stopped actors, and 4 active threads.
Waiting for actors to stop.
Read input token from inputA with value 7.0
Called prefire()
Called fire()
Past the end of training data. Read and discard all inputs.
Checking for deadlock:
There are 3 Blocked actors, 0 Stopped actors, and 4 active threads.
Waiting for actors to stop.
Sent output token with value 7.0
Next port to read input from is inputA
Called postfire()
Called prefire()
Called fire()
-- Thread wrapup() called.
Called wrapup()
Thread .top.Ramp is exiting.
-- Thread stopped.
Checking for deadlock:
There are 2 Blocked actors, 0 Stopped actors, and 3 active threads.
Waiting for actors to stop.
Read input token from inputA with value 8.0
Checking for deadlock:
There are 1 Blocked actors, 0 Stopped actors, and 3 active threads.
Waiting for actors to stop.
Called prefire()
Called fire()
Past the end of training data. Read and discard all inputs.
Checking for deadlock:
There are 2 Blocked actors, 0 Stopped actors, and 3 active threads.
Waiting for actors to stop.
Sent output token with value 7.5
Next port to read input from is inputB
Called postfire()
Called prefire()
Called fire()
Checking for deadlock:
There are 1 Blocked actors, 0 Stopped actors, and 3 active threads.
Waiting for actors to stop.
Called postfire()
Called prefire()
Called fire()
Checking for deadlock:
There are 2 Blocked actors, 0 Stopped actors, and 3 active threads.
Waiting for actors to stop.
Read input token from inputB with value 9.0
Checking for deadlock:
There are 1 Blocked actors, 0 Stopped actors, and 3 active threads.
Waiting for actors to stop.
Called prefire()
Called fire()
Past the end of training data. Read and discard all inputs.
Checking for deadlock:
There are 2 Blocked actors, 0 Stopped actors, and 3 active threads.
Waiting for actors to stop.
Sent output token with value 8.0
Next port to read input from is inputA
Called postfire()
Called prefire()
Called fire()
Read input token from inputA with value 9.0
Called prefire()
Called fire()
Past the end of training data. Read and discard all inputs.
Checking for deadlock:
There are 2 Blocked actors, 0 Stopped actors, and 3 active threads.
Waiting for actors to stop.
Sent output token with value 9.0
Next port to read input from is inputB
Called postfire()
Called prefire()
Called fire()
Called postfire()
Called prefire()
Called fire()
Checking for deadlock:
There are 2 Blocked actors, 0 Stopped actors, and 3 active threads.
Waiting for actors to stop.
Read input token from inputB with value 10.5
Called prefire()
Called fire()
Past the end of training data. Read and discard all inputs.
Checking for deadlock:
There are 2 Blocked actors, 0 Stopped actors, and 3 active threads.
Waiting for actors to stop.
Sent output token with value 9.0
Next port to read input from is inputA
Called postfire()
Called prefire()
Called fire()
Checking for deadlock:
There are 3 Blocked actors, 0 Stopped actors, and 3 active threads.
Actors have stopped.
Checking for deadlock:
There are 3 Blocked actors, 0 Stopped actors, and 3 active threads.
Deadlock detected.
Resolving Deadlock
Checking for deadlock:
There are 3 Blocked actors, 0 Stopped actors, and 3 active threads.
Artificial Deadlock - increasing queue capacity.
increasing the capacity of receiver ptolemy.actor.TypedIOPort {.top.OrderedMerge.inputB} to 2
Director: Called postfire().
Called postfire().
_stopRequested = false
_stopFireRequested = false
Returning from postfire(): true
Called fire().
Checking for deadlock:
There are 2 Blocked actors, 0 Stopped actors, and 3 active threads.
Waiting for actors to stop.
-- Thread wrapup() called.
Called wrapup()
Thread .top.Ramp2 is exiting.
-- Thread stopped.
Checking for deadlock:
There are 2 Blocked actors, 0 Stopped actors, and 2 active threads.
Actors have stopped.
Checking for deadlock:
There are 2 Blocked actors, 0 Stopped actors, and 2 active threads.
Deadlock detected.
Resolving Deadlock
Checking for deadlock:
There are 2 Blocked actors, 0 Stopped actors, and 2 active threads.
Deadlock detected: no processes blocked on write, but some are blocked on read.
Called postfire().
_stopRequested = false
_stopFireRequested = false
Returning from postfire(): false
Finished deactivating branches.
Called wrapup().
-- Thread wrapup() called.
Called wrapup()
-- Thread wrapup() called.
Called wrapup()
Thread .top.Test is exiting.
-- Thread stopped.
-- Blocked Receiver call threw TerminateProcessException.
Thread .top.OrderedMerge is exiting.
-- Thread stopped.
-- Blocked Receiver call threw TerminateProcessException.
36 ms. Memory: 159744K Free: 121467K (76%)
/home/travis/build/icyphy/ptII/ptolemy/actor/lib/test/Publisher.tcl
8 ms. Memory: 159744K Free: 115323K (72%)
10 ms. Memory: 159744K Free: 110203K (69%)
6 ms. Memory: 159744K Free: 106621K (67%)
5 ms. Memory: 159744K Free: 105597K (66%)
3 ms. Memory: 159744K Free: 104573K (65%)
9 ms. Memory: 159744K Free: 104045K (65%)
2 ms. Memory: 159744K Free: 103021K (64%)
3 ms. Memory: 159744K Free: 102005K (64%)
30 ms. Memory: 159744K Free: 142455K (89%)
5 ms. Memory: 159744K Free: 138855K (87%)
3 ms. Memory: 159744K Free: 137845K (86%)
3 ms. Memory: 159744K Free: 135791K (85%)
5 ms. Memory: 159744K Free: 128119K (80%)
18 ms. Memory: 159744K Free: 118903K (74%)
6 ms. Memory: 159744K Free: 107639K (67%)
/home/travis/build/icyphy/ptII/ptolemy/actor/lib/test/Pulse.tcl
5 ms. Memory: 159744K Free: 70255K (44%)
8 ms. Memory: 159744K Free: 69751K (44%)
1 ms. Memory: 159744K Free: 69231K (43%)
1 ms. Memory: 159744K Free: 68727K (43%)
1 ms. Memory: 159744K Free: 68213K (43%)
6 ms. Memory: 159744K Free: 67175K (42%)
2 ms. Memory: 159744K Free: 66151K (41%)
1 ms. Memory: 159744K Free: 65127K (41%)
1 ms. Memory: 159744K Free: 64631K (40%)
/home/travis/build/icyphy/ptII/ptolemy/actor/lib/test/Ramp.tcl
5 ms. Memory: 192512K Free: 173162K (90%)
3 ms. Memory: 192512K Free: 172650K (90%)
3 ms. Memory: 192512K Free: 171596K (89%)
2 ms. Memory: 192512K Free: 171116K (89%)
5 ms. Memory: 192512K Free: 170092K (88%)
8 ms. Memory: 192512K Free: 169068K (88%)
5 ms. Memory: 192512K Free: 168524K (88%)
5 actors
5000 microseconds per iteration to create
14 ms. Memory: 192512K Free: 165482K (86%)
2 ms. Memory: 192512K Free: 164972K (86%)
2 ms. Memory: 192512K Free: 164428K (85%)
4 ms. Memory: 192512K Free: 163948K (85%)
50 actors
49000 microseconds per iteration to create
44 ms. Memory: 192512K Free: 148074K (77%)
12 ms. Memory: 192512K Free: 147050K (76%)
4 ms. Memory: 192512K Free: 146026K (76%)
13 ms. Memory: 192512K Free: 145002K (75%)
500 actors
1424000 microseconds per iteration to create
209 ms. Memory: 192512K Free: 86101K (45%)
35 ms. Memory: 192512K Free: 80967K (42%)
33 ms. Memory: 192512K Free: 75861K (39%)
26 ms. Memory: 192512K Free: 70741K (37%)
/home/travis/build/icyphy/ptII/ptolemy/actor/lib/test/RampContinuous.tcl
7 ms. Memory: 192512K Free: 69207K (36%)
/home/travis/build/icyphy/ptII/ptolemy/actor/lib/test/RecordAssembler.tcl
5 ms. Memory: 192512K Free: 67655K (35%)
3 ms. Memory: 192512K Free: 66639K (35%)
/home/travis/build/icyphy/ptII/ptolemy/actor/lib/test/RecordDisassembler.tcl
4 ms. Memory: 192512K Free: 65111K (34%)
2 ms. Memory: 192512K Free: 64087K (33%)
16 ms. Memory: 192512K Free: 169221K (88%)
/home/travis/build/icyphy/ptII/ptolemy/actor/lib/test/Scale.tcl
2 ms. Memory: 192512K Free: 167173K (87%)
2 ms. Memory: 192512K Free: 166645K (87%)
1 ms. Memory: 192512K Free: 165605K (86%)
6 ms. Memory: 192512K Free: 165125K (86%)
4 ms. Memory: 192512K Free: 164101K (85%)
/home/travis/build/icyphy/ptII/ptolemy/actor/lib/test/SequentialClock.tcl
preinitializing
resolving types
initializing
executing number 1
wrapping up
idle
3 ms. Memory: 192512K Free: 163077K (85%)
Completed execution with 5 iterations
preinitializing
resolving types
initializing
executing number 1
wrapping up
idle
1 ms. Memory: 192512K Free: 162563K (84%)
Completed execution with 5 iterations
preinitializing
resolving types
initializing
executing number 1
wrapping up
idle
0 ms. Memory: 192512K Free: 162053K (84%)
Completed execution with 5 iterations
/home/travis/build/icyphy/ptII/ptolemy/actor/lib/test/SetVariable.tcl
3 ms. Memory: 192512K Free: 160005K (83%)
/home/travis/build/icyphy/ptII/ptolemy/actor/lib/test/Sinewave.tcl
/home/travis/build/icyphy/ptII/ptolemy/actor/lib/test/SubscriptionAggregator.tcl
3 ms. Memory: 192512K Free: 148741K (77%)
2 ms. Memory: 192512K Free: 147717K (77%)
1 ms. Memory: 192512K Free: 147717K (77%)
0 ms. Memory: 192512K Free: 147203K (76%)
3 ms. Memory: 192512K Free: 143621K (75%)
9 ms. Memory: 192512K Free: 141059K (73%)
...............................................................870 ms. Memory: 237568K Free: 121854K (51%)
/home/travis/build/icyphy/ptII/ptolemy/actor/lib/test/Test.tcl
 The next command will produce a warning about training mode,
   which may be ignored.
4 ms. Memory: 237568K Free: 119808K (50%)
7 ms. Memory: 237568K Free: 119287K (50%)
9 ms. Memory: 237568K Free: 118263K (50%)
1 ms. Memory: 237568K Free: 117760K (50%)
1 ms. Memory: 237568K Free: 117231K (49%)
2 ms. Memory: 237568K Free: 116215K (49%)
3 ms. Memory: 237568K Free: 114688K (48%)
 The next command will produce a warning about training mode,
   which may be ignored.
3 ms. Memory: 237568K Free: 112640K (47%)
 The next command will produce a warning about training mode,
   which may be ignored.
2 ms. Memory: 237568K Free: 111071K (47%)
1 ms. Memory: 237568K Free: 110592K (47%)
1 ms. Memory: 237568K Free: 110078K (46%)
2 ms. Memory: 237568K Free: 109568K (46%)
6 ms. Memory: 237568K Free: 108544K (46%)
3 ms. Memory: 237568K Free: 104958K (44%)
/home/travis/build/icyphy/ptII/ptolemy/actor/lib/test/TestExceptionHandler.tcl
 The next command will produce a warning about training mode,
   which may be ignored.
2 ms. Memory: 237568K Free: 103919K (44%)
1 ms. Memory: 237568K Free: 103424K (44%)
1 ms. Memory: 237568K Free: 102400K (43%)
/home/travis/build/icyphy/ptII/ptolemy/actor/lib/test/UnionDisassembler.tcl
26 ms. Memory: 237568K Free: 95232K (40%)
/home/travis/build/icyphy/ptII/ptolemy/actor/lib/test/VariableClock.tcl
preinitializing
resolving types
initializing
executing number 1
wrapping up
idle
8 ms. Memory: 237568K Free: 93679K (39%)
Completed execution with 11 iterations
preinitializing
resolving types
initializing
executing number 1
wrapping up
idle
6 ms. Memory: 237568K Free: 92160K (39%)
Completed execution with 10 iterations
02/22/20 07:08:15
Failed: 0  Total Tests: 233  ((Passed: 233, Newly Passed: 0)  Known Failed: 0) /home/travis/build/icyphy/ptII/ptolemy/actor/lib/test
----------------- testing (KnownFailure) /home/travis/build/icyphy/ptII/ptolemy/actor/lib/test/auto/knownFailedTests/PublisherPortToplevelSubscriber.xml
2 ms. Memory: 237568K Free: 88574K (37%)
Known Failure: java.lang.reflect.InvocationTargetException
----------------- testing (KnownFailure) /home/travis/build/icyphy/ptII/ptolemy/actor/lib/test/auto/knownFailedTests/PublisherSubscriberPortToplevel.xml
0 ms. Memory: 237568K Free: 84478K (36%)
Known Failure: java.lang.reflect.InvocationTargetException
----------------- testing (KnownFailure) /home/travis/build/icyphy/ptII/ptolemy/actor/lib/test/auto/knownFailedTests/PublisherSubscriptionAggregatorPort.xml
7 ms. Memory: 237568K Free: 80382K (34%)
Known Failure: java.lang.reflect.InvocationTargetException
----------------- testing (KnownFailure) /home/travis/build/icyphy/ptII/ptolemy/actor/lib/test/auto/knownFailedTests/sizedarray3.xml
3 ms. Memory: 237568K Free: 75776K (32%)
Known Failure: java.lang.reflect.InvocationTargetException
No auto/linux-amd64/*.xml tests in /home/travis/build/icyphy/ptII/ptolemy/actor/lib/test
AutoTests.java: About to close Vertx.
AutoTests.java: Vertx closed.

===========================================================================================
----------------- testing Sat Feb 22 07:08:15 UTC 2020 /home/travis/build/icyphy/ptII/ptolemy/actor/lib/test/auto/AbsoluteValue.xml
----------------- Instantiating /home/travis/build/icyphy/ptII/ptolemy/actor/lib/test/auto/AbsoluteValue.xml
8 ms. Memory: 237568K Free: 171031K (72%)
----------------- Invoking toplevel() on ptolemy.moml.MoMLSimpleApplication@3c2db046
----------------- Done invoking toplevel() on ptolemy.moml.MoMLSimpleApplication@3c2db046
reloadAllAccessors: .AbsoluteValue

===========================================================================================
----------------- testing Sat Feb 22 07:08:16 UTC 2020 /home/travis/build/icyphy/ptII/ptolemy/actor/lib/test/auto/AbsoluteValue2.xml
----------------- Instantiating /home/travis/build/icyphy/ptII/ptolemy/actor/lib/test/auto/AbsoluteValue2.xml
4 ms. Memory: 237568K Free: 164373K (69%)
----------------- Invoking toplevel() on ptolemy.moml.MoMLSimpleApplication@7408f560
----------------- Done invoking toplevel() on ptolemy.moml.MoMLSimpleApplication@7408f560
reloadAllAccessors: .AbsoluteValue2

===========================================================================================
----------------- testing Sat Feb 22 07:08:16 UTC 2020 /home/travis/build/icyphy/ptII/ptolemy/actor/lib/test/auto/Accumulator.xml
----------------- Instantiating /home/travis/build/icyphy/ptII/ptolemy/actor/lib/test/auto/Accumulator.xml
5 ms. Memory: 237568K Free: 158229K (67%)
----------------- Invoking toplevel() on ptolemy.moml.MoMLSimpleApplication@119181e3
----------------- Done invoking toplevel() on ptolemy.moml.MoMLSimpleApplication@119181e3
reloadAllAccessors: .Accumulator

===========================================================================================
----------------- testing Sat Feb 22 07:08:16 UTC 2020 /home/travis/build/icyphy/ptII/ptolemy/actor/lib/test/auto/Accumulator2.xml
----------------- Instantiating /home/travis/build/icyphy/ptII/ptolemy/actor/lib/test/auto/Accumulator2.xml
5 ms. Memory: 237568K Free: 152599K (64%)
----------------- Invoking toplevel() on ptolemy.moml.MoMLSimpleApplication@7789f395
----------------- Done invoking toplevel() on ptolemy.moml.MoMLSimpleApplication@7789f395
reloadAllAccessors: .Accumulator2

===========================================================================================
----------------- testing Sat Feb 22 07:08:16 UTC 2020 /home/travis/build/icyphy/ptII/ptolemy/actor/lib/test/auto/Accumulator3.xml
----------------- Instantiating /home/travis/build/icyphy/ptII/ptolemy/actor/lib/test/auto/Accumulator3.xml
2 ms. Memory: 237568K Free: 148503K (63%)
----------------- Invoking toplevel() on ptolemy.moml.MoMLSimpleApplication@4a3fde37
----------------- Done invoking toplevel() on ptolemy.moml.MoMLSimpleApplication@4a3fde37
reloadAllAccessors: .Accumulator3

===========================================================================================
----------------- testing Sat Feb 22 07:08:16 UTC 2020 /home/travis/build/icyphy/ptII/ptolemy/actor/lib/test/auto/ArrayAppend.xml
----------------- Instantiating /home/travis/build/icyphy/ptII/ptolemy/actor/lib/test/auto/ArrayAppend.xml
4 ms. Memory: 237568K Free: 142359K (60%)
----------------- Invoking toplevel() on ptolemy.moml.MoMLSimpleApplication@35703aae
----------------- Done invoking toplevel() on ptolemy.moml.MoMLSimpleApplication@35703aae
reloadAllAccessors: .ArrayAppend

===========================================================================================
----------------- testing Sat Feb 22 07:08:16 UTC 2020 /home/travis/build/icyphy/ptII/ptolemy/actor/lib/test/auto/ArrayAppend2.xml
----------------- Instantiating /home/travis/build/icyphy/ptII/ptolemy/actor/lib/test/auto/ArrayAppend2.xml
266 ms. Memory: 237568K Free: 83477K (35%)
----------------- Invoking toplevel() on ptolemy.moml.MoMLSimpleApplication@4607e910
----------------- Done invoking toplevel() on ptolemy.moml.MoMLSimpleApplication@4607e910
reloadAllAccessors: .ArrayAppend2

===========================================================================================
----------------- testing Sat Feb 22 07:08:16 UTC 2020 /home/travis/build/icyphy/ptII/ptolemy/actor/lib/test/auto/ArrayAppend3.xml
----------------- Instantiating /home/travis/build/icyphy/ptII/ptolemy/actor/lib/test/auto/ArrayAppend3.xml
2 ms. Memory: 237568K Free: 78357K (33%)
----------------- Invoking toplevel() on ptolemy.moml.MoMLSimpleApplication@25e025f0
----------------- Done invoking toplevel() on ptolemy.moml.MoMLSimpleApplication@25e025f0
reloadAllAccessors: .ArrayAppend3

===========================================================================================
----------------- testing Sat Feb 22 07:08:16 UTC 2020 /home/travis/build/icyphy/ptII/ptolemy/actor/lib/test/auto/ArrayAppend4.xml
----------------- Instantiating /home/travis/build/icyphy/ptII/ptolemy/actor/lib/test/auto/ArrayAppend4.xml
2 ms. Memory: 237568K Free: 73237K (31%)
----------------- Invoking toplevel() on ptolemy.moml.MoMLSimpleApplication@266a0830
----------------- Done invoking toplevel() on ptolemy.moml.MoMLSimpleApplication@266a0830
reloadAllAccessors: .ArrayAppend4

===========================================================================================
----------------- testing Sat Feb 22 07:08:16 UTC 2020 /home/travis/build/icyphy/ptII/ptolemy/actor/lib/test/auto/ArrayAppend5.xml
----------------- Instantiating /home/travis/build/icyphy/ptII/ptolemy/actor/lib/test/auto/ArrayAppend5.xml
3 ms. Memory: 237568K Free: 68117K (29%)
----------------- Invoking toplevel() on ptolemy.moml.MoMLSimpleApplication@7639234c
----------------- Done invoking toplevel() on ptolemy.moml.MoMLSimpleApplication@7639234c
reloadAllAccessors: .ArrayAppend5

===========================================================================================
----------------- testing Sat Feb 22 07:08:16 UTC 2020 /home/travis/build/icyphy/ptII/ptolemy/actor/lib/test/auto/ArrayAppend6.xml
----------------- Instantiating /home/travis/build/icyphy/ptII/ptolemy/actor/lib/test/auto/ArrayAppend6.xml
3 ms. Memory: 395264K Free: 344064K (87%)
----------------- Invoking toplevel() on ptolemy.moml.MoMLSimpleApplication@26430557
----------------- Done invoking toplevel() on ptolemy.moml.MoMLSimpleApplication@26430557
reloadAllAccessors: .ArrayAppend6

===========================================================================================
----------------- testing Sat Feb 22 07:08:16 UTC 2020 /home/travis/build/icyphy/ptII/ptolemy/actor/lib/test/auto/ArrayAppendPerformanceTest.xml
----------------- Instantiating /home/travis/build/icyphy/ptII/ptolemy/actor/lib/test/auto/ArrayAppendPerformanceTest.xml
38 ms. Memory: 395264K Free: 332286K (84%)
----------------- Invoking toplevel() on ptolemy.moml.MoMLSimpleApplication@59d659db
----------------- Done invoking toplevel() on ptolemy.moml.MoMLSimpleApplication@59d659db
reloadAllAccessors: .ArrayAppendPerformanceTest

===========================================================================================
----------------- testing Sat Feb 22 07:08:16 UTC 2020 /home/travis/build/icyphy/ptII/ptolemy/actor/lib/test/auto/ArrayAppendWithEmptyInput.xml
----------------- Instantiating /home/travis/build/icyphy/ptII/ptolemy/actor/lib/test/auto/ArrayAppendWithEmptyInput.xml
14 ms. Memory: 395264K Free: 324608K (82%)
----------------- Invoking toplevel() on ptolemy.moml.MoMLSimpleApplication@1bd37afb
----------------- Done invoking toplevel() on ptolemy.moml.MoMLSimpleApplication@1bd37afb
reloadAllAccessors: .ArrayAppendWithEmptyInput

===========================================================================================
----------------- testing Sat Feb 22 07:08:16 UTC 2020 /home/travis/build/icyphy/ptII/ptolemy/actor/lib/test/auto/ArrayAverage.xml
----------------- Instantiating /home/travis/build/icyphy/ptII/ptolemy/actor/lib/test/auto/ArrayAverage.xml
17 ms. Memory: 395264K Free: 316416K (80%)
----------------- Invoking toplevel() on ptolemy.moml.MoMLSimpleApplication@6587d431
----------------- Done invoking toplevel() on ptolemy.moml.MoMLSimpleApplication@6587d431
reloadAllAccessors: .ArrayAverage

===========================================================================================
----------------- testing Sat Feb 22 07:08:16 UTC 2020 /home/travis/build/icyphy/ptII/ptolemy/actor/lib/test/auto/ArrayContains.xml
----------------- Instantiating /home/travis/build/icyphy/ptII/ptolemy/actor/lib/test/auto/ArrayContains.xml
8 ms. Memory: 395264K Free: 310782K (79%)
----------------- Invoking toplevel() on ptolemy.moml.MoMLSimpleApplication@1385304f
----------------- Done invoking toplevel() on ptolemy.moml.MoMLSimpleApplication@1385304f
reloadAllAccessors: .ArrayContains

===========================================================================================
----------------- testing Sat Feb 22 07:08:16 UTC 2020 /home/travis/build/icyphy/ptII/ptolemy/actor/lib/test/auto/ArrayElement.xml
----------------- Instantiating /home/travis/build/icyphy/ptII/ptolemy/actor/lib/test/auto/ArrayElement.xml
7 ms. Memory: 395264K Free: 304638K (77%)
----------------- Invoking toplevel() on ptolemy.moml.MoMLSimpleApplication@530bf6a7
----------------- Done invoking toplevel() on ptolemy.moml.MoMLSimpleApplication@530bf6a7
reloadAllAccessors: .ArrayElement

===========================================================================================
----------------- testing Sat Feb 22 07:08:16 UTC 2020 /home/travis/build/icyphy/ptII/ptolemy/actor/lib/test/auto/ArrayElementAsMatrix.xml
----------------- Instantiating /home/travis/build/icyphy/ptII/ptolemy/actor/lib/test/auto/ArrayElementAsMatrix.xml
17 ms. Memory: 395264K Free: 294912K (75%)
----------------- Invoking toplevel() on ptolemy.moml.MoMLSimpleApplication@30b05f1f
----------------- Done invoking toplevel() on ptolemy.moml.MoMLSimpleApplication@30b05f1f
reloadAllAccessors: .ArrayElementAsMatrix

===========================================================================================
----------------- testing Sat Feb 22 07:08:17 UTC 2020 /home/travis/build/icyphy/ptII/ptolemy/actor/lib/test/auto/ArrayElementI.xml
----------------- Instantiating /home/travis/build/icyphy/ptII/ptolemy/actor/lib/test/auto/ArrayElementI.xml
3 ms. Memory: 395264K Free: 289278K (73%)
----------------- Invoking toplevel() on ptolemy.moml.MoMLSimpleApplication@5b93947b
----------------- Done invoking toplevel() on ptolemy.moml.MoMLSimpleApplication@5b93947b
reloadAllAccessors: .ArrayElementI

===========================================================================================
----------------- testing Sat Feb 22 07:08:17 UTC 2020 /home/travis/build/icyphy/ptII/ptolemy/actor/lib/test/auto/ArrayExtract.xml
----------------- Instantiating /home/travis/build/icyphy/ptII/ptolemy/actor/lib/test/auto/ArrayExtract.xml
5 ms. Memory: 395264K Free: 281086K (71%)
----------------- Invoking toplevel() on ptolemy.moml.MoMLSimpleApplication@26baab4f
----------------- Done invoking toplevel() on ptolemy.moml.MoMLSimpleApplication@26baab4f
reloadAllAccessors: .ArrayExtract

===========================================================================================
----------------- testing Sat Feb 22 07:08:17 UTC 2020 /home/travis/build/icyphy/ptII/ptolemy/actor/lib/test/auto/ArrayExtract2.xml
----------------- Instantiating /home/travis/build/icyphy/ptII/ptolemy/actor/lib/test/auto/ArrayExtract2.xml
2 ms. Memory: 395264K Free: 275456K (70%)
----------------- Invoking toplevel() on ptolemy.moml.MoMLSimpleApplication@e813998
----------------- Done invoking toplevel() on ptolemy.moml.MoMLSimpleApplication@e813998
reloadAllAccessors: .ArrayExtract2

===========================================================================================
----------------- testing Sat Feb 22 07:08:17 UTC 2020 /home/travis/build/icyphy/ptII/ptolemy/actor/lib/test/auto/ArrayLength.xml
----------------- Instantiating /home/travis/build/icyphy/ptII/ptolemy/actor/lib/test/auto/ArrayLength.xml
2 ms. Memory: 395264K Free: 271870K (69%)
----------------- Invoking toplevel() on ptolemy.moml.MoMLSimpleApplication@43047a91
----------------- Done invoking toplevel() on ptolemy.moml.MoMLSimpleApplication@43047a91
reloadAllAccessors: .ArrayLength

===========================================================================================
----------------- testing Sat Feb 22 07:08:17 UTC 2020 /home/travis/build/icyphy/ptII/ptolemy/actor/lib/test/auto/ArrayLevelCrossing.xml
----------------- Instantiating /home/travis/build/icyphy/ptII/ptolemy/actor/lib/test/auto/ArrayLevelCrossing.xml
4 ms. Memory: 395264K Free: 263678K (67%)
----------------- Invoking toplevel() on ptolemy.moml.MoMLSimpleApplication@2842bd8e
----------------- Done invoking toplevel() on ptolemy.moml.MoMLSimpleApplication@2842bd8e
reloadAllAccessors: .ArrayLevelCrossing

===========================================================================================
----------------- testing Sat Feb 22 07:08:17 UTC 2020 /home/travis/build/icyphy/ptII/ptolemy/actor/lib/test/auto/ArrayLevelCrossing2.xml
----------------- Instantiating /home/travis/build/icyphy/ptII/ptolemy/actor/lib/test/auto/ArrayLevelCrossing2.xml
6 ms. Memory: 395264K Free: 256495K (65%)
----------------- Invoking toplevel() on ptolemy.moml.MoMLSimpleApplication@68dcb38c
----------------- Done invoking toplevel() on ptolemy.moml.MoMLSimpleApplication@68dcb38c
reloadAllAccessors: .ArrayLevelCrossing2

===========================================================================================
----------------- testing Sat Feb 22 07:08:17 UTC 2020 /home/travis/build/icyphy/ptII/ptolemy/actor/lib/test/auto/ArrayPeakSearch.xml
----------------- Instantiating /home/travis/build/icyphy/ptII/ptolemy/actor/lib/test/auto/ArrayPeakSearch.xml
6 ms. Memory: 395264K Free: 247808K (63%)
----------------- Invoking toplevel() on ptolemy.moml.MoMLSimpleApplication@19e631ef
----------------- Done invoking toplevel() on ptolemy.moml.MoMLSimpleApplication@19e631ef
reloadAllAccessors: .ArrayPeakSearch

===========================================================================================
----------------- testing Sat Feb 22 07:08:17 UTC 2020 /home/travis/build/icyphy/ptII/ptolemy/actor/lib/test/auto/ArrayPeakSearch2.xml
----------------- Instantiating /home/travis/build/icyphy/ptII/ptolemy/actor/lib/test/auto/ArrayPeakSearch2.xml
5 ms. Memory: 395264K Free: 237023K (60%)
----------------- Invoking toplevel() on ptolemy.moml.MoMLSimpleApplication@27de1f5d
----------------- Done invoking toplevel() on ptolemy.moml.MoMLSimpleApplication@27de1f5d
reloadAllAccessors: .ArrayPeakSearch2

===========================================================================================
----------------- testing Sat Feb 22 07:08:17 UTC 2020 /home/travis/build/icyphy/ptII/ptolemy/actor/lib/test/auto/ArrayPeakSearch3.xml
----------------- Instantiating /home/travis/build/icyphy/ptII/ptolemy/actor/lib/test/auto/ArrayPeakSearch3.xml
5 ms. Memory: 395264K Free: 228352K (58%)
----------------- Invoking toplevel() on ptolemy.moml.MoMLSimpleApplication@10001965
----------------- Done invoking toplevel() on ptolemy.moml.MoMLSimpleApplication@10001965
reloadAllAccessors: .ArrayPeakSearch3

===========================================================================================
----------------- testing Sat Feb 22 07:08:17 UTC 2020 /home/travis/build/icyphy/ptII/ptolemy/actor/lib/test/auto/ArrayRemoveElement.xml
----------------- Instantiating /home/travis/build/icyphy/ptII/ptolemy/actor/lib/test/auto/ArrayRemoveElement.xml
3 ms. Memory: 395264K Free: 220160K (56%)
----------------- Invoking toplevel() on ptolemy.moml.MoMLSimpleApplication@289d25a8
----------------- Done invoking toplevel() on ptolemy.moml.MoMLSimpleApplication@289d25a8
reloadAllAccessors: .ArrayRemoveElement

===========================================================================================
----------------- testing Sat Feb 22 07:08:17 UTC 2020 /home/travis/build/icyphy/ptII/ptolemy/actor/lib/test/auto/ArraySort.xml
----------------- Instantiating /home/travis/build/icyphy/ptII/ptolemy/actor/lib/test/auto/ArraySort.xml
4 ms. Memory: 395264K Free: 211454K (53%)
----------------- Invoking toplevel() on ptolemy.moml.MoMLSimpleApplication@2d101c4e
----------------- Done invoking toplevel() on ptolemy.moml.MoMLSimpleApplication@2d101c4e
reloadAllAccessors: .ArraySort

===========================================================================================
----------------- testing Sat Feb 22 07:08:17 UTC 2020 /home/travis/build/icyphy/ptII/ptolemy/actor/lib/test/auto/ArraySum.xml
----------------- Instantiating /home/travis/build/icyphy/ptII/ptolemy/actor/lib/test/auto/ArraySum.xml
2 ms. Memory: 395264K Free: 205824K (52%)
----------------- Invoking toplevel() on ptolemy.moml.MoMLSimpleApplication@21594c02
----------------- Done invoking toplevel() on ptolemy.moml.MoMLSimpleApplication@21594c02
reloadAllAccessors: .ArraySum

===========================================================================================
----------------- testing Sat Feb 22 07:08:17 UTC 2020 /home/travis/build/icyphy/ptII/ptolemy/actor/lib/test/auto/ArrayToElements.xml
----------------- Instantiating /home/travis/build/icyphy/ptII/ptolemy/actor/lib/test/auto/ArrayToElements.xml
8 ms. Memory: 395264K Free: 200704K (51%)
----------------- Invoking toplevel() on ptolemy.moml.MoMLSimpleApplication@2cac9ede
----------------- Done invoking toplevel() on ptolemy.moml.MoMLSimpleApplication@2cac9ede
reloadAllAccessors: .ArrayToElements

===========================================================================================
----------------- testing Sat Feb 22 07:08:17 UTC 2020 /home/travis/build/icyphy/ptII/ptolemy/actor/lib/test/auto/ArrayToMatrix.xml
----------------- Instantiating /home/travis/build/icyphy/ptII/ptolemy/actor/lib/test/auto/ArrayToMatrix.xml
16 ms. Memory: 395264K Free: 186368K (47%)
----------------- Invoking toplevel() on ptolemy.moml.MoMLSimpleApplication@3e51f3a7
----------------- Done invoking toplevel() on ptolemy.moml.MoMLSimpleApplication@3e51f3a7
reloadAllAccessors: .ArrayToMatrix

===========================================================================================
----------------- testing Sat Feb 22 07:08:17 UTC 2020 /home/travis/build/icyphy/ptII/ptolemy/actor/lib/test/auto/ArrayUpdate1.xml
----------------- Instantiating /home/travis/build/icyphy/ptII/ptolemy/actor/lib/test/auto/ArrayUpdate1.xml
4 ms. Memory: 395264K Free: 181758K (46%)
----------------- Invoking toplevel() on ptolemy.moml.MoMLSimpleApplication@310aa627
----------------- Done invoking toplevel() on ptolemy.moml.MoMLSimpleApplication@310aa627
reloadAllAccessors: .ArrayUpdate1

===========================================================================================
----------------- testing Sat Feb 22 07:08:17 UTC 2020 /home/travis/build/icyphy/ptII/ptolemy/actor/lib/test/auto/ArrayUpdate2.xml
----------------- Instantiating /home/travis/build/icyphy/ptII/ptolemy/actor/lib/test/auto/ArrayUpdate2.xml
3 ms. Memory: 395264K Free: 175104K (44%)
----------------- Invoking toplevel() on ptolemy.moml.MoMLSimpleApplication@4b7c4e
----------------- Done invoking toplevel() on ptolemy.moml.MoMLSimpleApplication@4b7c4e
reloadAllAccessors: .ArrayUpdate2

===========================================================================================
----------------- testing Sat Feb 22 07:08:17 UTC 2020 /home/travis/build/icyphy/ptII/ptolemy/actor/lib/test/auto/ArrayUpdate3.xml
----------------- Instantiating /home/travis/build/icyphy/ptII/ptolemy/actor/lib/test/auto/ArrayUpdate3.xml
1 ms. Memory: 395264K Free: 170494K (43%)
----------------- Invoking toplevel() on ptolemy.moml.MoMLSimpleApplication@69c47345
----------------- Done invoking toplevel() on ptolemy.moml.MoMLSimpleApplication@69c47345
reloadAllAccessors: .ArrayUpdate3

===========================================================================================
----------------- testing Sat Feb 22 07:08:17 UTC 2020 /home/travis/build/icyphy/ptII/ptolemy/actor/lib/test/auto/Assert1.xml
----------------- Instantiating /home/travis/build/icyphy/ptII/ptolemy/actor/lib/test/auto/Assert1.xml
6 ms. Memory: 395264K Free: 165888K (42%)
----------------- Invoking toplevel() on ptolemy.moml.MoMLSimpleApplication@442a6884
----------------- Done invoking toplevel() on ptolemy.moml.MoMLSimpleApplication@442a6884
reloadAllAccessors: .Assert1

===========================================================================================
----------------- testing Sat Feb 22 07:08:17 UTC 2020 /home/travis/build/icyphy/ptII/ptolemy/actor/lib/test/auto/Assert2.xml
----------------- Instantiating /home/travis/build/icyphy/ptII/ptolemy/actor/lib/test/auto/Assert2.xml
1 ms. Memory: 395264K Free: 161278K (41%)
----------------- Invoking toplevel() on ptolemy.moml.MoMLSimpleApplication@439ac1f5
----------------- Done invoking toplevel() on ptolemy.moml.MoMLSimpleApplication@439ac1f5
reloadAllAccessors: .Assert2

===========================================================================================
----------------- testing Sat Feb 22 07:08:17 UTC 2020 /home/travis/build/icyphy/ptII/ptolemy/actor/lib/test/auto/BooleanMultiplexor.xml
----------------- Instantiating /home/travis/build/icyphy/ptII/ptolemy/actor/lib/test/auto/BooleanMultiplexor.xml
10 ms. Memory: 395264K Free: 346664K (88%)
----------------- Invoking toplevel() on ptolemy.moml.MoMLSimpleApplication@671352d3
----------------- Done invoking toplevel() on ptolemy.moml.MoMLSimpleApplication@671352d3
reloadAllAccessors: .BooleanMultiplexor

===========================================================================================
----------------- testing Sat Feb 22 07:08:17 UTC 2020 /home/travis/build/icyphy/ptII/ptolemy/actor/lib/test/auto/BooleanMultiplexor2.xml
----------------- Instantiating /home/travis/build/icyphy/ptII/ptolemy/actor/lib/test/auto/BooleanMultiplexor2.xml
10 ms. Memory: 395264K Free: 339494K (86%)
----------------- Invoking toplevel() on ptolemy.moml.MoMLSimpleApplication@67f5eee0
----------------- Done invoking toplevel() on ptolemy.moml.MoMLSimpleApplication@67f5eee0
reloadAllAccessors: .BooleanMultiplexor2

===========================================================================================
----------------- testing Sat Feb 22 07:08:17 UTC 2020 /home/travis/build/icyphy/ptII/ptolemy/actor/lib/test/auto/BooleanMultiplexor3.xml
----------------- Instantiating /home/travis/build/icyphy/ptII/ptolemy/actor/lib/test/auto/BooleanMultiplexor3.xml
3 ms. Memory: 395264K Free: 335910K (85%)
----------------- Invoking toplevel() on ptolemy.moml.MoMLSimpleApplication@2da52c92
----------------- Done invoking toplevel() on ptolemy.moml.MoMLSimpleApplication@2da52c92
reloadAllAccessors: .BooleanMultiplexor3

===========================================================================================
----------------- testing Sat Feb 22 07:08:17 UTC 2020 /home/travis/build/icyphy/ptII/ptolemy/actor/lib/test/auto/BooleanSelect.xml
----------------- Instantiating /home/travis/build/icyphy/ptII/ptolemy/actor/lib/test/auto/BooleanSelect.xml
7 ms. Memory: 395264K Free: 329752K (83%)
----------------- Invoking toplevel() on ptolemy.moml.MoMLSimpleApplication@4d456873
----------------- Done invoking toplevel() on ptolemy.moml.MoMLSimpleApplication@4d456873
reloadAllAccessors: .BooleanSelect

===========================================================================================
----------------- testing Sat Feb 22 07:08:17 UTC 2020 /home/travis/build/icyphy/ptII/ptolemy/actor/lib/test/auto/BooleanSelect2.xml
----------------- Instantiating /home/travis/build/icyphy/ptII/ptolemy/actor/lib/test/auto/BooleanSelect2.xml
1 ms. Memory: 395264K Free: 325670K (82%)
----------------- Invoking toplevel() on ptolemy.moml.MoMLSimpleApplication@62764f96
----------------- Done invoking toplevel() on ptolemy.moml.MoMLSimpleApplication@62764f96
reloadAllAccessors: .BooleanSelect2

===========================================================================================
----------------- testing Sat Feb 22 07:08:17 UTC 2020 /home/travis/build/icyphy/ptII/ptolemy/actor/lib/test/auto/BooleanSwitch.xml
----------------- Instantiating /home/travis/build/icyphy/ptII/ptolemy/actor/lib/test/auto/BooleanSwitch.xml
6 ms. Memory: 395264K Free: 319526K (81%)
----------------- Invoking toplevel() on ptolemy.moml.MoMLSimpleApplication@534c4b7b
----------------- Done invoking toplevel() on ptolemy.moml.MoMLSimpleApplication@534c4b7b
reloadAllAccessors: .BooleanSwitch

===========================================================================================
----------------- testing Sat Feb 22 07:08:17 UTC 2020 /home/travis/build/icyphy/ptII/ptolemy/actor/lib/test/auto/BooleanSwitch2.xml
----------------- Instantiating /home/travis/build/icyphy/ptII/ptolemy/actor/lib/test/auto/BooleanSwitch2.xml
2 ms. Memory: 395264K Free: 315430K (80%)
----------------- Invoking toplevel() on ptolemy.moml.MoMLSimpleApplication@5a41f7b
----------------- Done invoking toplevel() on ptolemy.moml.MoMLSimpleApplication@5a41f7b
reloadAllAccessors: .BooleanSwitch2

===========================================================================================
----------------- testing Sat Feb 22 07:08:17 UTC 2020 /home/travis/build/icyphy/ptII/ptolemy/actor/lib/test/auto/BooleanSwitchCloningBugWithClassRelationGroup.xml
----------------- Instantiating /home/travis/build/icyphy/ptII/ptolemy/actor/lib/test/auto/BooleanSwitchCloningBugWithClassRelationGroup.xml
3 ms. Memory: 395264K Free: 308776K (78%)
----------------- Invoking toplevel() on ptolemy.moml.MoMLSimpleApplication@58f32b3f
----------------- Done invoking toplevel() on ptolemy.moml.MoMLSimpleApplication@58f32b3f
reloadAllAccessors: .BooleanSwitchCloningBugWithClassRelationGroup

===========================================================================================
----------------- testing Sat Feb 22 07:08:17 UTC 2020 /home/travis/build/icyphy/ptII/ptolemy/actor/lib/test/auto/BusActors.xml
----------------- Instantiating /home/travis/build/icyphy/ptII/ptolemy/actor/lib/test/auto/BusActors.xml
6 ms. Memory: 395264K Free: 301094K (76%)
----------------- Invoking toplevel() on ptolemy.moml.MoMLSimpleApplication@5e6a617f
----------------- Done invoking toplevel() on ptolemy.moml.MoMLSimpleApplication@5e6a617f
reloadAllAccessors: .BusActors

===========================================================================================
----------------- testing Sat Feb 22 07:08:17 UTC 2020 /home/travis/build/icyphy/ptII/ptolemy/actor/lib/test/auto/ClassWrapper.xml
----------------- Instantiating /home/travis/build/icyphy/ptII/ptolemy/actor/lib/test/auto/ClassWrapper.xml
2 ms. Memory: 395264K Free: 296488K (75%)
----------------- Invoking toplevel() on ptolemy.moml.MoMLSimpleApplication@728b0527
----------------- Done invoking toplevel() on ptolemy.moml.MoMLSimpleApplication@728b0527
reloadAllAccessors: .ClassWrapper

===========================================================================================
----------------- testing Sat Feb 22 07:08:17 UTC 2020 /home/travis/build/icyphy/ptII/ptolemy/actor/lib/test/auto/Clock.xml
----------------- Instantiating /home/travis/build/icyphy/ptII/ptolemy/actor/lib/test/auto/Clock.xml
2 ms. Memory: 395264K Free: 292902K (74%)
----------------- Invoking toplevel() on ptolemy.moml.MoMLSimpleApplication@af2d943
----------------- Done invoking toplevel() on ptolemy.moml.MoMLSimpleApplication@af2d943
reloadAllAccessors: .Clock

===========================================================================================
----------------- testing Sat Feb 22 07:08:17 UTC 2020 /home/travis/build/icyphy/ptII/ptolemy/actor/lib/test/auto/Clock10.xml
----------------- Instantiating /home/travis/build/icyphy/ptII/ptolemy/actor/lib/test/auto/Clock10.xml
3 ms. Memory: 395264K Free: 286758K (73%)
----------------- Invoking toplevel() on ptolemy.moml.MoMLSimpleApplication@60036e96
----------------- Done invoking toplevel() on ptolemy.moml.MoMLSimpleApplication@60036e96
reloadAllAccessors: .Clock10

===========================================================================================
----------------- testing Sat Feb 22 07:08:17 UTC 2020 /home/travis/build/icyphy/ptII/ptolemy/actor/lib/test/auto/Clock11.xml
----------------- Instantiating /home/travis/build/icyphy/ptII/ptolemy/actor/lib/test/auto/Clock11.xml
3 ms. Memory: 395264K Free: 281128K (71%)
----------------- Invoking toplevel() on ptolemy.moml.MoMLSimpleApplication@7d21c27c
----------------- Done invoking toplevel() on ptolemy.moml.MoMLSimpleApplication@7d21c27c
reloadAllAccessors: .Clock11

===========================================================================================
----------------- testing Sat Feb 22 07:08:17 UTC 2020 /home/travis/build/icyphy/ptII/ptolemy/actor/lib/test/auto/Clock12.xml
----------------- Instantiating /home/travis/build/icyphy/ptII/ptolemy/actor/lib/test/auto/Clock12.xml
3 ms. Memory: 395264K Free: 274984K (70%)
----------------- Invoking toplevel() on ptolemy.moml.MoMLSimpleApplication@b064510
----------------- Done invoking toplevel() on ptolemy.moml.MoMLSimpleApplication@b064510
reloadAllAccessors: .Clock12

===========================================================================================
----------------- testing Sat Feb 22 07:08:17 UTC 2020 /home/travis/build/icyphy/ptII/ptolemy/actor/lib/test/auto/Clock13.xml
----------------- Instantiating /home/travis/build/icyphy/ptII/ptolemy/actor/lib/test/auto/Clock13.xml
4 ms. Memory: 395264K Free: 268840K (68%)
----------------- Invoking toplevel() on ptolemy.moml.MoMLSimpleApplication@2aeb596
----------------- Done invoking toplevel() on ptolemy.moml.MoMLSimpleApplication@2aeb596
reloadAllAccessors: .Clock13

===========================================================================================
----------------- testing Sat Feb 22 07:08:17 UTC 2020 /home/travis/build/icyphy/ptII/ptolemy/actor/lib/test/auto/Clock14.xml
----------------- Instantiating /home/travis/build/icyphy/ptII/ptolemy/actor/lib/test/auto/Clock14.xml
5 ms. Memory: 395264K Free: 263200K (67%)
----------------- Invoking toplevel() on ptolemy.moml.MoMLSimpleApplication@3343a7ad
----------------- Done invoking toplevel() on ptolemy.moml.MoMLSimpleApplication@3343a7ad
reloadAllAccessors: .Clock14

===========================================================================================
----------------- testing Sat Feb 22 07:08:17 UTC 2020 /home/travis/build/icyphy/ptII/ptolemy/actor/lib/test/auto/Clock15.xml
----------------- Instantiating /home/travis/build/icyphy/ptII/ptolemy/actor/lib/test/auto/Clock15.xml
4 ms. Memory: 395264K Free: 257056K (65%)
----------------- Invoking toplevel() on ptolemy.moml.MoMLSimpleApplication@6ce8e075
----------------- Done invoking toplevel() on ptolemy.moml.MoMLSimpleApplication@6ce8e075
reloadAllAccessors: .Clock15

===========================================================================================
----------------- testing Sat Feb 22 07:08:18 UTC 2020 /home/travis/build/icyphy/ptII/ptolemy/actor/lib/test/auto/Clock16.xml
----------------- Instantiating /home/travis/build/icyphy/ptII/ptolemy/actor/lib/test/auto/Clock16.xml
30 ms. Memory: 395264K Free: 242216K (61%)
----------------- Invoking toplevel() on ptolemy.moml.MoMLSimpleApplication@154441b0
----------------- Done invoking toplevel() on ptolemy.moml.MoMLSimpleApplication@154441b0
reloadAllAccessors: .Clock16

===========================================================================================
----------------- testing Sat Feb 22 07:08:18 UTC 2020 /home/travis/build/icyphy/ptII/ptolemy/actor/lib/test/auto/Clock17.xml
----------------- Instantiating /home/travis/build/icyphy/ptII/ptolemy/actor/lib/test/auto/Clock17.xml
22 ms. Memory: 395264K Free: 227880K (58%)
----------------- Invoking toplevel() on ptolemy.moml.MoMLSimpleApplication@433de10c
----------------- Done invoking toplevel() on ptolemy.moml.MoMLSimpleApplication@433de10c
reloadAllAccessors: .Clock17

===========================================================================================
----------------- testing Sat Feb 22 07:08:18 UTC 2020 /home/travis/build/icyphy/ptII/ptolemy/actor/lib/test/auto/Clock18.xml
----------------- Instantiating /home/travis/build/icyphy/ptII/ptolemy/actor/lib/test/auto/Clock18.xml
20 ms. Memory: 395264K Free: 215064K (54%)
----------------- Invoking toplevel() on ptolemy.moml.MoMLSimpleApplication@3286f287
----------------- Done invoking toplevel() on ptolemy.moml.MoMLSimpleApplication@3286f287
reloadAllAccessors: .Clock18

===========================================================================================
----------------- testing Sat Feb 22 07:08:18 UTC 2020 /home/travis/build/icyphy/ptII/ptolemy/actor/lib/test/auto/Clock19.xml
----------------- Instantiating /home/travis/build/icyphy/ptII/ptolemy/actor/lib/test/auto/Clock19.xml
14 ms. Memory: 395264K Free: 201760K (51%)
----------------- Invoking toplevel() on ptolemy.moml.MoMLSimpleApplication@1c0ce9b2
----------------- Done invoking toplevel() on ptolemy.moml.MoMLSimpleApplication@1c0ce9b2
reloadAllAccessors: .Clock19

===========================================================================================
----------------- testing Sat Feb 22 07:08:18 UTC 2020 /home/travis/build/icyphy/ptII/ptolemy/actor/lib/test/auto/Clock2.xml
----------------- Instantiating /home/travis/build/icyphy/ptII/ptolemy/actor/lib/test/auto/Clock2.xml
6 ms. Memory: 395264K Free: 197160K (50%)
----------------- Invoking toplevel() on ptolemy.moml.MoMLSimpleApplication@78bc560e
----------------- Done invoking toplevel() on ptolemy.moml.MoMLSimpleApplication@78bc560e
reloadAllAccessors: .Clock2

===========================================================================================
----------------- testing Sat Feb 22 07:08:18 UTC 2020 /home/travis/build/icyphy/ptII/ptolemy/actor/lib/test/auto/Clock20.xml
----------------- Instantiating /home/travis/build/icyphy/ptII/ptolemy/actor/lib/test/auto/Clock20.xml
7 ms. Memory: 395264K Free: 191526K (48%)
----------------- Invoking toplevel() on ptolemy.moml.MoMLSimpleApplication@43bdc08b
----------------- Done invoking toplevel() on ptolemy.moml.MoMLSimpleApplication@43bdc08b
reloadAllAccessors: .Clock20

===========================================================================================
----------------- testing Sat Feb 22 07:08:18 UTC 2020 /home/travis/build/icyphy/ptII/ptolemy/actor/lib/test/auto/Clock21.xml
----------------- Instantiating /home/travis/build/icyphy/ptII/ptolemy/actor/lib/test/auto/Clock21.xml
4 ms. Memory: 395264K Free: 185896K (47%)
----------------- Invoking toplevel() on ptolemy.moml.MoMLSimpleApplication@d7a4169
----------------- Done invoking toplevel() on ptolemy.moml.MoMLSimpleApplication@d7a4169
reloadAllAccessors: .Clock21

===========================================================================================
----------------- testing Sat Feb 22 07:08:18 UTC 2020 /home/travis/build/icyphy/ptII/ptolemy/actor/lib/test/auto/Clock22.xml
----------------- Instantiating /home/travis/build/icyphy/ptII/ptolemy/actor/lib/test/auto/Clock22.xml
3 ms. Memory: 395264K Free: 180776K (46%)
----------------- Invoking toplevel() on ptolemy.moml.MoMLSimpleApplication@121651b9
----------------- Done invoking toplevel() on ptolemy.moml.MoMLSimpleApplication@121651b9
reloadAllAccessors: .Clock22

===========================================================================================
----------------- testing Sat Feb 22 07:08:18 UTC 2020 /home/travis/build/icyphy/ptII/ptolemy/actor/lib/test/auto/Clock23.xml
----------------- Instantiating /home/travis/build/icyphy/ptII/ptolemy/actor/lib/test/auto/Clock23.xml
5 ms. Memory: 395264K Free: 175142K (44%)
----------------- Invoking toplevel() on ptolemy.moml.MoMLSimpleApplication@138ac3bd
----------------- Done invoking toplevel() on ptolemy.moml.MoMLSimpleApplication@138ac3bd
reloadAllAccessors: .Clock23

===========================================================================================
----------------- testing Sat Feb 22 07:08:18 UTC 2020 /home/travis/build/icyphy/ptII/ptolemy/actor/lib/test/auto/Clock24.xml
----------------- Instantiating /home/travis/build/icyphy/ptII/ptolemy/actor/lib/test/auto/Clock24.xml
5 ms. Memory: 395264K Free: 170022K (43%)
----------------- Invoking toplevel() on ptolemy.moml.MoMLSimpleApplication@36f64869
----------------- Done invoking toplevel() on ptolemy.moml.MoMLSimpleApplication@36f64869
reloadAllAccessors: .Clock24

===========================================================================================
----------------- testing Sat Feb 22 07:08:18 UTC 2020 /home/travis/build/icyphy/ptII/ptolemy/actor/lib/test/auto/Clock4.xml
----------------- Instantiating /home/travis/build/icyphy/ptII/ptolemy/actor/lib/test/auto/Clock4.xml
1 ms. Memory: 395264K Free: 164872K (42%)
----------------- Invoking toplevel() on ptolemy.moml.MoMLSimpleApplication@7a251270
----------------- Done invoking toplevel() on ptolemy.moml.MoMLSimpleApplication@7a251270
reloadAllAccessors: .Clock4

===========================================================================================
----------------- testing Sat Feb 22 07:08:18 UTC 2020 /home/travis/build/icyphy/ptII/ptolemy/actor/lib/test/auto/Clock5.xml
----------------- Instantiating /home/travis/build/icyphy/ptII/ptolemy/actor/lib/test/auto/Clock5.xml
2 ms. Memory: 395264K Free: 159272K (40%)
----------------- Invoking toplevel() on ptolemy.moml.MoMLSimpleApplication@36241d02
----------------- Done invoking toplevel() on ptolemy.moml.MoMLSimpleApplication@36241d02
reloadAllAccessors: .Clock5

===========================================================================================
----------------- testing Sat Feb 22 07:08:18 UTC 2020 /home/travis/build/icyphy/ptII/ptolemy/actor/lib/test/auto/Clock6.xml
----------------- Instantiating /home/travis/build/icyphy/ptII/ptolemy/actor/lib/test/auto/Clock6.xml
1 ms. Memory: 395264K Free: 155176K (39%)
----------------- Invoking toplevel() on ptolemy.moml.MoMLSimpleApplication@2de44c55
----------------- Done invoking toplevel() on ptolemy.moml.MoMLSimpleApplication@2de44c55
reloadAllAccessors: .Clock6

===========================================================================================
----------------- testing Sat Feb 22 07:08:18 UTC 2020 /home/travis/build/icyphy/ptII/ptolemy/actor/lib/test/auto/Clock7.xml
----------------- Instantiating /home/travis/build/icyphy/ptII/ptolemy/actor/lib/test/auto/Clock7.xml
1 ms. Memory: 395264K Free: 150566K (38%)
----------------- Invoking toplevel() on ptolemy.moml.MoMLSimpleApplication@433d114c
----------------- Done invoking toplevel() on ptolemy.moml.MoMLSimpleApplication@433d114c
reloadAllAccessors: .Clock7

===========================================================================================
----------------- testing Sat Feb 22 07:08:18 UTC 2020 /home/travis/build/icyphy/ptII/ptolemy/actor/lib/test/auto/Clock8.xml
----------------- Instantiating /home/travis/build/icyphy/ptII/ptolemy/actor/lib/test/auto/Clock8.xml
4 ms. Memory: 395264K Free: 145440K (37%)
----------------- Invoking toplevel() on ptolemy.moml.MoMLSimpleApplication@33b8b2bc
----------------- Done invoking toplevel() on ptolemy.moml.MoMLSimpleApplication@33b8b2bc
reloadAllAccessors: .Clock8

===========================================================================================
----------------- testing Sat Feb 22 07:08:18 UTC 2020 /home/travis/build/icyphy/ptII/ptolemy/actor/lib/test/auto/Clock9.xml
----------------- Instantiating /home/travis/build/icyphy/ptII/ptolemy/actor/lib/test/auto/Clock9.xml
4 ms. Memory: 395264K Free: 139816K (35%)
----------------- Invoking toplevel() on ptolemy.moml.MoMLSimpleApplication@13abab6f
----------------- Done invoking toplevel() on ptolemy.moml.MoMLSimpleApplication@13abab6f
reloadAllAccessors: .Clock9

===========================================================================================
----------------- testing Sat Feb 22 07:08:18 UTC 2020 /home/travis/build/icyphy/ptII/ptolemy/actor/lib/test/auto/CommDistDiscard.xml
----------------- Instantiating /home/travis/build/icyphy/ptII/ptolemy/actor/lib/test/auto/CommDistDiscard.xml
1 ms. Memory: 395264K Free: 134182K (34%)
----------------- Invoking toplevel() on ptolemy.moml.MoMLSimpleApplication@346f7b7e
----------------- Done invoking toplevel() on ptolemy.moml.MoMLSimpleApplication@346f7b7e
reloadAllAccessors: .CommDistDiscard

===========================================================================================
----------------- testing Sat Feb 22 07:08:18 UTC 2020 /home/travis/build/icyphy/ptII/ptolemy/actor/lib/test/auto/Commutator.xml
----------------- Instantiating /home/travis/build/icyphy/ptII/ptolemy/actor/lib/test/auto/Commutator.xml
1 ms. Memory: 395264K Free: 130086K (33%)
----------------- Invoking toplevel() on ptolemy.moml.MoMLSimpleApplication@3fa311b3
----------------- Done invoking toplevel() on ptolemy.moml.MoMLSimpleApplication@3fa311b3
reloadAllAccessors: .Commutator

===========================================================================================
----------------- testing Sat Feb 22 07:08:18 UTC 2020 /home/travis/build/icyphy/ptII/ptolemy/actor/lib/test/auto/Commutator2.xml
----------------- Instantiating /home/travis/build/icyphy/ptII/ptolemy/actor/lib/test/auto/Commutator2.xml
1 ms. Memory: 395264K Free: 125480K (32%)
----------------- Invoking toplevel() on ptolemy.moml.MoMLSimpleApplication@52bc744c
----------------- Done invoking toplevel() on ptolemy.moml.MoMLSimpleApplication@52bc744c
reloadAllAccessors: .Commutator2

===========================================================================================
----------------- testing Sat Feb 22 07:08:18 UTC 2020 /home/travis/build/icyphy/ptII/ptolemy/actor/lib/test/auto/Commutator3.xml
----------------- Instantiating /home/travis/build/icyphy/ptII/ptolemy/actor/lib/test/auto/Commutator3.xml
1 ms. Memory: 395264K Free: 121384K (31%)
----------------- Invoking toplevel() on ptolemy.moml.MoMLSimpleApplication@19c14be3
----------------- Done invoking toplevel() on ptolemy.moml.MoMLSimpleApplication@19c14be3
reloadAllAccessors: .Commutator3

===========================================================================================
----------------- testing Sat Feb 22 07:08:18 UTC 2020 /home/travis/build/icyphy/ptII/ptolemy/actor/lib/test/auto/Compare.xml
----------------- Instantiating /home/travis/build/icyphy/ptII/ptolemy/actor/lib/test/auto/Compare.xml
1 ms. Memory: 395264K Free: 114726K (29%)
----------------- Invoking toplevel() on ptolemy.moml.MoMLSimpleApplication@50fc170b
----------------- Done invoking toplevel() on ptolemy.moml.MoMLSimpleApplication@50fc170b
reloadAllAccessors: .Compare

===========================================================================================
----------------- testing Sat Feb 22 07:08:18 UTC 2020 /home/travis/build/icyphy/ptII/ptolemy/actor/lib/test/auto/CompareDE.xml
----------------- Instantiating /home/travis/build/icyphy/ptII/ptolemy/actor/lib/test/auto/CompareDE.xml
2 ms. Memory: 395264K Free: 341880K (86%)
----------------- Invoking toplevel() on ptolemy.moml.MoMLSimpleApplication@25fcc022
----------------- Done invoking toplevel() on ptolemy.moml.MoMLSimpleApplication@25fcc022
reloadAllAccessors: .CompareDE

===========================================================================================
----------------- testing Sat Feb 22 07:08:18 UTC 2020 /home/travis/build/icyphy/ptII/ptolemy/actor/lib/test/auto/ComplexDivide.xml
----------------- Instantiating /home/travis/build/icyphy/ptII/ptolemy/actor/lib/test/auto/ComplexDivide.xml
1 ms. Memory: 395264K Free: 337798K (85%)
----------------- Invoking toplevel() on ptolemy.moml.MoMLSimpleApplication@69d78ff1
----------------- Done invoking toplevel() on ptolemy.moml.MoMLSimpleApplication@69d78ff1
reloadAllAccessors: .ComplexDivide

===========================================================================================
----------------- testing Sat Feb 22 07:08:18 UTC 2020 /home/travis/build/icyphy/ptII/ptolemy/actor/lib/test/auto/ComputeHistogram.xml
----------------- Instantiating /home/travis/build/icyphy/ptII/ptolemy/actor/lib/test/auto/ComputeHistogram.xml
25 ms. Memory: 395264K Free: 325000K (82%)
----------------- Invoking toplevel() on ptolemy.moml.MoMLSimpleApplication@1370325f
----------------- Done invoking toplevel() on ptolemy.moml.MoMLSimpleApplication@1370325f
reloadAllAccessors: .ComputeHistogram

===========================================================================================
----------------- testing Sat Feb 22 07:08:18 UTC 2020 /home/travis/build/icyphy/ptII/ptolemy/actor/lib/test/auto/ConfigurationSelect.xml
----------------- Instantiating /home/travis/build/icyphy/ptII/ptolemy/actor/lib/test/auto/ConfigurationSelect.xml
2 ms. Memory: 395264K Free: 319880K (81%)
----------------- Invoking toplevel() on ptolemy.moml.MoMLSimpleApplication@6cb1c57
----------------- Done invoking toplevel() on ptolemy.moml.MoMLSimpleApplication@6cb1c57
reloadAllAccessors: .ConfigurationSelect

===========================================================================================
----------------- testing Sat Feb 22 07:08:18 UTC 2020 /home/travis/build/icyphy/ptII/ptolemy/actor/lib/test/auto/ConfigurationSelect2.xml
----------------- Instantiating /home/travis/build/icyphy/ptII/ptolemy/actor/lib/test/auto/ConfigurationSelect2.xml
2 ms. Memory: 395264K Free: 315270K (80%)
----------------- Invoking toplevel() on ptolemy.moml.MoMLSimpleApplication@12cc36d6
----------------- Done invoking toplevel() on ptolemy.moml.MoMLSimpleApplication@12cc36d6
reloadAllAccessors: .ConfigurationSelect2

===========================================================================================
----------------- testing Sat Feb 22 07:08:18 UTC 2020 /home/travis/build/icyphy/ptII/ptolemy/actor/lib/test/auto/ConfigurationSwitch.xml
----------------- Instantiating /home/travis/build/icyphy/ptII/ptolemy/actor/lib/test/auto/ConfigurationSwitch.xml
1 ms. Memory: 395264K Free: 309640K (78%)
----------------- Invoking toplevel() on ptolemy.moml.MoMLSimpleApplication@6b450454
----------------- Done invoking toplevel() on ptolemy.moml.MoMLSimpleApplication@6b450454
reloadAllAccessors: .ConfigurationSwitch

===========================================================================================
----------------- testing Sat Feb 22 07:08:18 UTC 2020 /home/travis/build/icyphy/ptII/ptolemy/actor/lib/test/auto/ConfigurationSwitch2.xml
----------------- Instantiating /home/travis/build/icyphy/ptII/ptolemy/actor/lib/test/auto/ConfigurationSwitch2.xml
2 ms. Memory: 395264K Free: 304520K (77%)
----------------- Invoking toplevel() on ptolemy.moml.MoMLSimpleApplication@611c90f3
----------------- Done invoking toplevel() on ptolemy.moml.MoMLSimpleApplication@611c90f3
reloadAllAccessors: .ConfigurationSwitch2

===========================================================================================
----------------- testing Sat Feb 22 07:08:18 UTC 2020 /home/travis/build/icyphy/ptII/ptolemy/actor/lib/test/auto/ConfigurationSwitchCloningBugWithClassRelationGroup.xml
----------------- Instantiating /home/travis/build/icyphy/ptII/ptolemy/actor/lib/test/auto/ConfigurationSwitchCloningBugWithClassRelationGroup.xml
1 ms. Memory: 395264K Free: 297862K (75%)
----------------- Invoking toplevel() on ptolemy.moml.MoMLSimpleApplication@39b602fa
----------------- Done invoking toplevel() on ptolemy.moml.MoMLSimpleApplication@39b602fa
reloadAllAccessors: .ConfigurationSwitchCloningBugWithClassRelationGroup

===========================================================================================
----------------- testing Sat Feb 22 07:08:18 UTC 2020 /home/travis/build/icyphy/ptII/ptolemy/actor/lib/test/auto/ConfigurationSwitchSelectSDF.xml
----------------- Instantiating /home/travis/build/icyphy/ptII/ptolemy/actor/lib/test/auto/ConfigurationSwitchSelectSDF.xml
4 ms. Memory: 395264K Free: 292232K (74%)
----------------- Invoking toplevel() on ptolemy.moml.MoMLSimpleApplication@48aada1d
----------------- Done invoking toplevel() on ptolemy.moml.MoMLSimpleApplication@48aada1d
reloadAllAccessors: .ConfigurationSwitchSelectSDF

===========================================================================================
----------------- testing Sat Feb 22 07:08:18 UTC 2020 /home/travis/build/icyphy/ptII/ptolemy/actor/lib/test/auto/ConfigurationSwitchSelectSDF2.xml
----------------- Instantiating /home/travis/build/icyphy/ptII/ptolemy/actor/lib/test/auto/ConfigurationSwitchSelectSDF2.xml
2 ms. Memory: 395264K Free: 286598K (73%)
----------------- Invoking toplevel() on ptolemy.moml.MoMLSimpleApplication@793c91f2
----------------- Done invoking toplevel() on ptolemy.moml.MoMLSimpleApplication@793c91f2
reloadAllAccessors: .ConfigurationSwitchSelectSDF2

===========================================================================================
----------------- testing Sat Feb 22 07:08:18 UTC 2020 /home/travis/build/icyphy/ptII/ptolemy/actor/lib/test/auto/Const.xml
----------------- Instantiating /home/travis/build/icyphy/ptII/ptolemy/actor/lib/test/auto/Const.xml
1 ms. Memory: 395264K Free: 283016K (72%)
----------------- Invoking toplevel() on ptolemy.moml.MoMLSimpleApplication@42927f9d
----------------- Done invoking toplevel() on ptolemy.moml.MoMLSimpleApplication@42927f9d
reloadAllAccessors: .Const

===========================================================================================
----------------- testing Sat Feb 22 07:08:18 UTC 2020 /home/travis/build/icyphy/ptII/ptolemy/actor/lib/test/auto/Const2.xml
----------------- Instantiating /home/travis/build/icyphy/ptII/ptolemy/actor/lib/test/auto/Const2.xml
1 ms. Memory: 395264K Free: 279430K (71%)
----------------- Invoking toplevel() on ptolemy.moml.MoMLSimpleApplication@56dbb75e
----------------- Done invoking toplevel() on ptolemy.moml.MoMLSimpleApplication@56dbb75e
reloadAllAccessors: .Const2

===========================================================================================
----------------- testing Sat Feb 22 07:08:18 UTC 2020 /home/travis/build/icyphy/ptII/ptolemy/actor/lib/test/auto/Const3.xml
----------------- Instantiating /home/travis/build/icyphy/ptII/ptolemy/actor/lib/test/auto/Const3.xml
1 ms. Memory: 395264K Free: 276358K (70%)
----------------- Invoking toplevel() on ptolemy.moml.MoMLSimpleApplication@253f34b3
----------------- Done invoking toplevel() on ptolemy.moml.MoMLSimpleApplication@253f34b3
reloadAllAccessors: .Const3

===========================================================================================
----------------- testing Sat Feb 22 07:08:18 UTC 2020 /home/travis/build/icyphy/ptII/ptolemy/actor/lib/test/auto/ConstantPublisherPort1.xml
----------------- Instantiating /home/travis/build/icyphy/ptII/ptolemy/actor/lib/test/auto/ConstantPublisherPort1.xml
5 ms. Memory: 395264K Free: 267656K (68%)
----------------- Invoking toplevel() on ptolemy.moml.MoMLSimpleApplication@366f0f3c
----------------- Done invoking toplevel() on ptolemy.moml.MoMLSimpleApplication@366f0f3c
reloadAllAccessors: .ConstantPublisherPort1

===========================================================================================
----------------- testing Sat Feb 22 07:08:18 UTC 2020 /home/travis/build/icyphy/ptII/ptolemy/actor/lib/test/auto/ConstantPublisherPort2.xml
----------------- Instantiating /home/travis/build/icyphy/ptII/ptolemy/actor/lib/test/auto/ConstantPublisherPort2.xml
8 ms. Memory: 395264K Free: 260488K (66%)
----------------- Invoking toplevel() on ptolemy.moml.MoMLSimpleApplication@35996b0c
----------------- Done invoking toplevel() on ptolemy.moml.MoMLSimpleApplication@35996b0c
reloadAllAccessors: .ConstantPublisherPort2

===========================================================================================
----------------- testing Sat Feb 22 07:08:18 UTC 2020 /home/travis/build/icyphy/ptII/ptolemy/actor/lib/test/auto/ConstantPublisherPort3.xml
----------------- Instantiating /home/travis/build/icyphy/ptII/ptolemy/actor/lib/test/auto/ConstantPublisherPort3.xml
4 ms. Memory: 395264K Free: 252806K (64%)
----------------- Invoking toplevel() on ptolemy.moml.MoMLSimpleApplication@3aca2cd0
----------------- Done invoking toplevel() on ptolemy.moml.MoMLSimpleApplication@3aca2cd0
reloadAllAccessors: .ConstantPublisherPort3

===========================================================================================
----------------- testing Sat Feb 22 07:08:18 UTC 2020 /home/travis/build/icyphy/ptII/ptolemy/actor/lib/test/auto/ConstantPublisherPort4.xml
----------------- Instantiating /home/travis/build/icyphy/ptII/ptolemy/actor/lib/test/auto/ConstantPublisherPort4.xml
3 ms. Memory: 395264K Free: 245638K (62%)
----------------- Invoking toplevel() on ptolemy.moml.MoMLSimpleApplication@3852ac6f
----------------- Done invoking toplevel() on ptolemy.moml.MoMLSimpleApplication@3852ac6f
reloadAllAccessors: .ConstantPublisherPort4

===========================================================================================
----------------- testing Sat Feb 22 07:08:18 UTC 2020 /home/travis/build/icyphy/ptII/ptolemy/actor/lib/test/auto/ConstantPublisherPort5.xml
----------------- Instantiating /home/travis/build/icyphy/ptII/ptolemy/actor/lib/test/auto/ConstantPublisherPort5.xml
28 ms. Memory: 395264K Free: 235912K (60%)
----------------- Invoking toplevel() on ptolemy.moml.MoMLSimpleApplication@69260ffb
----------------- Done invoking toplevel() on ptolemy.moml.MoMLSimpleApplication@69260ffb
reloadAllAccessors: .ConstantPublisherPort5

===========================================================================================
----------------- testing Sat Feb 22 07:08:18 UTC 2020 /home/travis/build/icyphy/ptII/ptolemy/actor/lib/test/auto/ConstantPublisherPort6.xml
----------------- Instantiating /home/travis/build/icyphy/ptII/ptolemy/actor/lib/test/auto/ConstantPublisherPort6.xml
18 ms. Memory: 395264K Free: 226182K (57%)
----------------- Invoking toplevel() on ptolemy.moml.MoMLSimpleApplication@57382a5
----------------- Done invoking toplevel() on ptolemy.moml.MoMLSimpleApplication@57382a5
reloadAllAccessors: .ConstantPublisherPort6

===========================================================================================
----------------- testing Sat Feb 22 07:08:18 UTC 2020 /home/travis/build/icyphy/ptII/ptolemy/actor/lib/test/auto/ConstantPublisherPort7.xml
----------------- Instantiating /home/travis/build/icyphy/ptII/ptolemy/actor/lib/test/auto/ConstantPublisherPort7.xml
21 ms. Memory: 395264K Free: 215942K (55%)
----------------- Invoking toplevel() on ptolemy.moml.MoMLSimpleApplication@1cf9a123
----------------- Done invoking toplevel() on ptolemy.moml.MoMLSimpleApplication@1cf9a123
reloadAllAccessors: .ConstantPublisherPort7

===========================================================================================
----------------- testing Sat Feb 22 07:08:19 UTC 2020 /home/travis/build/icyphy/ptII/ptolemy/actor/lib/test/auto/ConstraintMonitor1.xml
----------------- Instantiating /home/travis/build/icyphy/ptII/ptolemy/actor/lib/test/auto/ConstraintMonitor1.xml
4 ms. Memory: 395264K Free: 211336K (53%)
----------------- Invoking toplevel() on ptolemy.moml.MoMLSimpleApplication@4205d6c0
----------------- Done invoking toplevel() on ptolemy.moml.MoMLSimpleApplication@4205d6c0
reloadAllAccessors: .ConstraintMonitor1

===========================================================================================
----------------- testing Sat Feb 22 07:08:19 UTC 2020 /home/travis/build/icyphy/ptII/ptolemy/actor/lib/test/auto/ConstraintMonitor2.xml
----------------- Instantiating /home/travis/build/icyphy/ptII/ptolemy/actor/lib/test/auto/ConstraintMonitor2.xml
5 ms. Memory: 395264K Free: 206216K (52%)
----------------- Invoking toplevel() on ptolemy.moml.MoMLSimpleApplication@4bfd3fe0
----------------- Done invoking toplevel() on ptolemy.moml.MoMLSimpleApplication@4bfd3fe0
reloadAllAccessors: .ConstraintMonitor2

===========================================================================================
----------------- testing Sat Feb 22 07:08:19 UTC 2020 /home/travis/build/icyphy/ptII/ptolemy/actor/lib/test/auto/ConstraintMonitor3.xml
----------------- Instantiating /home/travis/build/icyphy/ptII/ptolemy/actor/lib/test/auto/ConstraintMonitor3.xml
1 ms. Memory: 395264K Free: 201096K (51%)
----------------- Invoking toplevel() on ptolemy.moml.MoMLSimpleApplication@9d213e3
----------------- Done invoking toplevel() on ptolemy.moml.MoMLSimpleApplication@9d213e3
reloadAllAccessors: .ConstraintMonitor3

===========================================================================================
----------------- testing Sat Feb 22 07:08:19 UTC 2020 /home/travis/build/icyphy/ptII/ptolemy/actor/lib/test/auto/ConstraintMonitor4.xml
----------------- Instantiating /home/travis/build/icyphy/ptII/ptolemy/actor/lib/test/auto/ConstraintMonitor4.xml
3 ms. Memory: 395264K Free: 196486K (50%)
----------------- Invoking toplevel() on ptolemy.moml.MoMLSimpleApplication@9f76573
----------------- Done invoking toplevel() on ptolemy.moml.MoMLSimpleApplication@9f76573
reloadAllAccessors: .ConstraintMonitor4

===========================================================================================
----------------- testing Sat Feb 22 07:08:19 UTC 2020 /home/travis/build/icyphy/ptII/ptolemy/actor/lib/test/auto/ConstraintMonitor5.xml
----------------- Instantiating /home/travis/build/icyphy/ptII/ptolemy/actor/lib/test/auto/ConstraintMonitor5.xml
4 ms. Memory: 395264K Free: 190856K (48%)
----------------- Invoking toplevel() on ptolemy.moml.MoMLSimpleApplication@4ec6905a
----------------- Done invoking toplevel() on ptolemy.moml.MoMLSimpleApplication@4ec6905a
reloadAllAccessors: .ConstraintMonitor5

===========================================================================================
----------------- testing Sat Feb 22 07:08:19 UTC 2020 /home/travis/build/icyphy/ptII/ptolemy/actor/lib/test/auto/ConstraintMonitor6.xml
----------------- Instantiating /home/travis/build/icyphy/ptII/ptolemy/actor/lib/test/auto/ConstraintMonitor6.xml
2 ms. Memory: 395264K Free: 184712K (47%)
----------------- Invoking toplevel() on ptolemy.moml.MoMLSimpleApplication@774425a0
----------------- Done invoking toplevel() on ptolemy.moml.MoMLSimpleApplication@774425a0
reloadAllAccessors: .ConstraintMonitor6

===========================================================================================
----------------- testing Sat Feb 22 07:08:19 UTC 2020 /home/travis/build/icyphy/ptII/ptolemy/actor/lib/test/auto/ConstraintMonitor7.xml
----------------- Instantiating /home/travis/build/icyphy/ptII/ptolemy/actor/lib/test/auto/ConstraintMonitor7.xml
6 ms. Memory: 395264K Free: 178568K (45%)
----------------- Invoking toplevel() on ptolemy.moml.MoMLSimpleApplication@247e755a
----------------- Done invoking toplevel() on ptolemy.moml.MoMLSimpleApplication@247e755a
reloadAllAccessors: .ConstraintMonitor7

===========================================================================================
----------------- testing Sat Feb 22 07:08:19 UTC 2020 /home/travis/build/icyphy/ptII/ptolemy/actor/lib/test/auto/ConstraintMonitor8.xml
----------------- Instantiating /home/travis/build/icyphy/ptII/ptolemy/actor/lib/test/auto/ConstraintMonitor8.xml
5 ms. Memory: 395264K Free: 170886K (43%)
----------------- Invoking toplevel() on ptolemy.moml.MoMLSimpleApplication@5ca5528
----------------- Done invoking toplevel() on ptolemy.moml.MoMLSimpleApplication@5ca5528
reloadAllAccessors: .ConstraintMonitor8

===========================================================================================
----------------- testing Sat Feb 22 07:08:19 UTC 2020 /home/travis/build/icyphy/ptII/ptolemy/actor/lib/test/auto/Counter.xml
----------------- Instantiating /home/travis/build/icyphy/ptII/ptolemy/actor/lib/test/auto/Counter.xml
3 ms. Memory: 395264K Free: 165766K (42%)
----------------- Invoking toplevel() on ptolemy.moml.MoMLSimpleApplication@731d416c
----------------- Done invoking toplevel() on ptolemy.moml.MoMLSimpleApplication@731d416c
reloadAllAccessors: .Counter

===========================================================================================
----------------- testing Sat Feb 22 07:08:19 UTC 2020 /home/travis/build/icyphy/ptII/ptolemy/actor/lib/test/auto/CurrentTimeSDF.xml
----------------- Instantiating /home/travis/build/icyphy/ptII/ptolemy/actor/lib/test/auto/CurrentTimeSDF.xml
1 ms. Memory: 395264K Free: 162184K (41%)
----------------- Invoking toplevel() on ptolemy.moml.MoMLSimpleApplication@5cc331
----------------- Done invoking toplevel() on ptolemy.moml.MoMLSimpleApplication@5cc331
reloadAllAccessors: .CurrentTimeSDF

===========================================================================================
----------------- testing Sat Feb 22 07:08:19 UTC 2020 /home/travis/build/icyphy/ptII/ptolemy/actor/lib/test/auto/DB.xml
----------------- Instantiating /home/travis/build/icyphy/ptII/ptolemy/actor/lib/test/auto/DB.xml
1 ms. Memory: 395264K Free: 156550K (40%)
----------------- Invoking toplevel() on ptolemy.moml.MoMLSimpleApplication@412e4dc8
----------------- Done invoking toplevel() on ptolemy.moml.MoMLSimpleApplication@412e4dc8
reloadAllAccessors: .DB

===========================================================================================
----------------- testing Sat Feb 22 07:08:19 UTC 2020 /home/travis/build/icyphy/ptII/ptolemy/actor/lib/test/auto/DBDE.xml
----------------- Instantiating /home/travis/build/icyphy/ptII/ptolemy/actor/lib/test/auto/DBDE.xml
2 ms. Memory: 395264K Free: 150376K (38%)
----------------- Invoking toplevel() on ptolemy.moml.MoMLSimpleApplication@3058c109
----------------- Done invoking toplevel() on ptolemy.moml.MoMLSimpleApplication@3058c109
reloadAllAccessors: .DBDE

===========================================================================================
----------------- testing Sat Feb 22 07:08:19 UTC 2020 /home/travis/build/icyphy/ptII/ptolemy/actor/lib/test/auto/DateConstructor.xml
----------------- Instantiating /home/travis/build/icyphy/ptII/ptolemy/actor/lib/test/auto/DateConstructor.xml
30 ms. Memory: 395264K Free: 132488K (34%)
----------------- Invoking toplevel() on ptolemy.moml.MoMLSimpleApplication@e7248b9
----------------- Done invoking toplevel() on ptolemy.moml.MoMLSimpleApplication@e7248b9
reloadAllAccessors: .DateConstructor

===========================================================================================
----------------- testing Sat Feb 22 07:08:19 UTC 2020 /home/travis/build/icyphy/ptII/ptolemy/actor/lib/test/auto/DelayTime.xml
----------------- Instantiating /home/travis/build/icyphy/ptII/ptolemy/actor/lib/test/auto/DelayTime.xml
5 ms. Memory: 395264K Free: 127878K (32%)
----------------- Invoking toplevel() on ptolemy.moml.MoMLSimpleApplication@2d279a0e
----------------- Done invoking toplevel() on ptolemy.moml.MoMLSimpleApplication@2d279a0e
reloadAllAccessors: .DelayTime

===========================================================================================
----------------- testing Sat Feb 22 07:08:19 UTC 2020 /home/travis/build/icyphy/ptII/ptolemy/actor/lib/test/auto/Dictionary1.xml
----------------- Instantiating /home/travis/build/icyphy/ptII/ptolemy/actor/lib/test/auto/Dictionary1.xml
1 ms. Memory: 395264K Free: 122248K (31%)
----------------- Invoking toplevel() on ptolemy.moml.MoMLSimpleApplication@50e400e9
----------------- Done invoking toplevel() on ptolemy.moml.MoMLSimpleApplication@50e400e9
reloadAllAccessors: .Dictionary1

===========================================================================================
----------------- testing Sat Feb 22 07:08:19 UTC 2020 /home/travis/build/icyphy/ptII/ptolemy/actor/lib/test/auto/Dictionary2.xml
----------------- Instantiating /home/travis/build/icyphy/ptII/ptolemy/actor/lib/test/auto/Dictionary2.xml
3 ms. Memory: 395264K Free: 116614K (30%)
----------------- Invoking toplevel() on ptolemy.moml.MoMLSimpleApplication@67e4d16e
----------------- Done invoking toplevel() on ptolemy.moml.MoMLSimpleApplication@67e4d16e
reloadAllAccessors: .Dictionary2

===========================================================================================
----------------- testing Sat Feb 22 07:08:19 UTC 2020 /home/travis/build/icyphy/ptII/ptolemy/actor/lib/test/auto/Dictionary3.xml
----------------- Instantiating /home/travis/build/icyphy/ptII/ptolemy/actor/lib/test/auto/Dictionary3.xml
1 ms. Memory: 395264K Free: 345225K (87%)
----------------- Invoking toplevel() on ptolemy.moml.MoMLSimpleApplication@6bde75b9
----------------- Done invoking toplevel() on ptolemy.moml.MoMLSimpleApplication@6bde75b9
reloadAllAccessors: .Dictionary3

===========================================================================================
----------------- testing Sat Feb 22 07:08:19 UTC 2020 /home/travis/build/icyphy/ptII/ptolemy/actor/lib/test/auto/Dictionary4.xml
----------------- Instantiating /home/travis/build/icyphy/ptII/ptolemy/actor/lib/test/auto/Dictionary4.xml
2 ms. Memory: 395264K Free: 338071K (86%)
----------------- Invoking toplevel() on ptolemy.moml.MoMLSimpleApplication@74d80d59
----------------- Done invoking toplevel() on ptolemy.moml.MoMLSimpleApplication@74d80d59
reloadAllAccessors: .Dictionary4

===========================================================================================
----------------- testing Sat Feb 22 07:08:19 UTC 2020 /home/travis/build/icyphy/ptII/ptolemy/actor/lib/test/auto/Differential.xml
----------------- Instantiating /home/travis/build/icyphy/ptII/ptolemy/actor/lib/test/auto/Differential.xml
2 ms. Memory: 395264K Free: 333465K (84%)
----------------- Invoking toplevel() on ptolemy.moml.MoMLSimpleApplication@3a1c9394
----------------- Done invoking toplevel() on ptolemy.moml.MoMLSimpleApplication@3a1c9394
reloadAllAccessors: .Differential

===========================================================================================
----------------- testing Sat Feb 22 07:08:19 UTC 2020 /home/travis/build/icyphy/ptII/ptolemy/actor/lib/test/auto/Director.xml
----------------- Instantiating /home/travis/build/icyphy/ptII/ptolemy/actor/lib/test/auto/Director.xml
2 ms. Memory: 395264K Free: 329879K (83%)
----------------- Invoking toplevel() on ptolemy.moml.MoMLSimpleApplication@3da6ae59
----------------- Done invoking toplevel() on ptolemy.moml.MoMLSimpleApplication@3da6ae59
reloadAllAccessors: .Director

===========================================================================================
----------------- testing Sat Feb 22 07:08:19 UTC 2020 /home/travis/build/icyphy/ptII/ptolemy/actor/lib/test/auto/DiscreteClock.xml
----------------- Instantiating /home/travis/build/icyphy/ptII/ptolemy/actor/lib/test/auto/DiscreteClock.xml
1 ms. Memory: 395264K Free: 326297K (83%)
----------------- Invoking toplevel() on ptolemy.moml.MoMLSimpleApplication@18560ea1
----------------- Done invoking toplevel() on ptolemy.moml.MoMLSimpleApplication@18560ea1
reloadAllAccessors: .DiscreteClock

===========================================================================================
----------------- testing Sat Feb 22 07:08:19 UTC 2020 /home/travis/build/icyphy/ptII/ptolemy/actor/lib/test/auto/DiscreteClock10.xml
----------------- Instantiating /home/travis/build/icyphy/ptII/ptolemy/actor/lib/test/auto/DiscreteClock10.xml
3 ms. Memory: 395264K Free: 320153K (81%)
----------------- Invoking toplevel() on ptolemy.moml.MoMLSimpleApplication@26d019d
----------------- Done invoking toplevel() on ptolemy.moml.MoMLSimpleApplication@26d019d
reloadAllAccessors: .DiscreteClock10

===========================================================================================
----------------- testing Sat Feb 22 07:08:19 UTC 2020 /home/travis/build/icyphy/ptII/ptolemy/actor/lib/test/auto/DiscreteClock11.xml
----------------- Instantiating /home/travis/build/icyphy/ptII/ptolemy/actor/lib/test/auto/DiscreteClock11.xml
3 ms. Memory: 395264K Free: 314009K (79%)
----------------- Invoking toplevel() on ptolemy.moml.MoMLSimpleApplication@7a992113
----------------- Done invoking toplevel() on ptolemy.moml.MoMLSimpleApplication@7a992113
reloadAllAccessors: .DiscreteClock11

===========================================================================================
----------------- testing Sat Feb 22 07:08:19 UTC 2020 /home/travis/build/icyphy/ptII/ptolemy/actor/lib/test/auto/DiscreteClock12.xml
----------------- Instantiating /home/travis/build/icyphy/ptII/ptolemy/actor/lib/test/auto/DiscreteClock12.xml
2 ms. Memory: 395264K Free: 307865K (78%)
----------------- Invoking toplevel() on ptolemy.moml.MoMLSimpleApplication@141562ff
----------------- Done invoking toplevel() on ptolemy.moml.MoMLSimpleApplication@141562ff
reloadAllAccessors: .DiscreteClock12

===========================================================================================
----------------- testing Sat Feb 22 07:08:19 UTC 2020 /home/travis/build/icyphy/ptII/ptolemy/actor/lib/test/auto/DiscreteClock13.xml
----------------- Instantiating /home/travis/build/icyphy/ptII/ptolemy/actor/lib/test/auto/DiscreteClock13.xml
4 ms. Memory: 395264K Free: 302201K (76%)
----------------- Invoking toplevel() on ptolemy.moml.MoMLSimpleApplication@7b00fcc2
----------------- Done invoking toplevel() on ptolemy.moml.MoMLSimpleApplication@7b00fcc2
reloadAllAccessors: .DiscreteClock13

===========================================================================================
----------------- testing Sat Feb 22 07:08:19 UTC 2020 /home/travis/build/icyphy/ptII/ptolemy/actor/lib/test/auto/DiscreteClock14.xml
----------------- Instantiating /home/travis/build/icyphy/ptII/ptolemy/actor/lib/test/auto/DiscreteClock14.xml
5 ms. Memory: 395264K Free: 296055K (75%)
----------------- Invoking toplevel() on ptolemy.moml.MoMLSimpleApplication@950c2b0
----------------- Done invoking toplevel() on ptolemy.moml.MoMLSimpleApplication@950c2b0
reloadAllAccessors: .DiscreteClock14

===========================================================================================
----------------- testing Sat Feb 22 07:08:19 UTC 2020 /home/travis/build/icyphy/ptII/ptolemy/actor/lib/test/auto/DiscreteClock15.xml
----------------- Instantiating /home/travis/build/icyphy/ptII/ptolemy/actor/lib/test/auto/DiscreteClock15.xml
4 ms. Memory: 395264K Free: 289913K (73%)
----------------- Invoking toplevel() on ptolemy.moml.MoMLSimpleApplication@7ef4ad3b
----------------- Done invoking toplevel() on ptolemy.moml.MoMLSimpleApplication@7ef4ad3b
reloadAllAccessors: .DiscreteClock15

===========================================================================================
----------------- testing Sat Feb 22 07:08:19 UTC 2020 /home/travis/build/icyphy/ptII/ptolemy/actor/lib/test/auto/DiscreteClock16.xml
----------------- Instantiating /home/travis/build/icyphy/ptII/ptolemy/actor/lib/test/auto/DiscreteClock16.xml
15 ms. Memory: 395264K Free: 276121K (70%)
----------------- Invoking toplevel() on ptolemy.moml.MoMLSimpleApplication@507dd387
----------------- Done invoking toplevel() on ptolemy.moml.MoMLSimpleApplication@507dd387
reloadAllAccessors: .DiscreteClock16

===========================================================================================
----------------- testing Sat Feb 22 07:08:19 UTC 2020 /home/travis/build/icyphy/ptII/ptolemy/actor/lib/test/auto/DiscreteClock17.xml
----------------- Instantiating /home/travis/build/icyphy/ptII/ptolemy/actor/lib/test/auto/DiscreteClock17.xml
12 ms. Memory: 395264K Free: 262281K (66%)
----------------- Invoking toplevel() on ptolemy.moml.MoMLSimpleApplication@1f4e958c
----------------- Done invoking toplevel() on ptolemy.moml.MoMLSimpleApplication@1f4e958c
reloadAllAccessors: .DiscreteClock17

===========================================================================================
----------------- testing Sat Feb 22 07:08:19 UTC 2020 /home/travis/build/icyphy/ptII/ptolemy/actor/lib/test/auto/DiscreteClock18.xml
----------------- Instantiating /home/travis/build/icyphy/ptII/ptolemy/actor/lib/test/auto/DiscreteClock18.xml
9 ms. Memory: 395264K Free: 248473K (63%)
----------------- Invoking toplevel() on ptolemy.moml.MoMLSimpleApplication@1711091d
----------------- Done invoking toplevel() on ptolemy.moml.MoMLSimpleApplication@1711091d
reloadAllAccessors: .DiscreteClock18

===========================================================================================
----------------- testing Sat Feb 22 07:08:19 UTC 2020 /home/travis/build/icyphy/ptII/ptolemy/actor/lib/test/auto/DiscreteClock19.xml
----------------- Instantiating /home/travis/build/icyphy/ptII/ptolemy/actor/lib/test/auto/DiscreteClock19.xml
9 ms. Memory: 395264K Free: 234617K (59%)
----------------- Invoking toplevel() on ptolemy.moml.MoMLSimpleApplication@265468c3
----------------- Done invoking toplevel() on ptolemy.moml.MoMLSimpleApplication@265468c3
reloadAllAccessors: .DiscreteClock19

===========================================================================================
----------------- testing Sat Feb 22 07:08:19 UTC 2020 /home/travis/build/icyphy/ptII/ptolemy/actor/lib/test/auto/DiscreteClock2.xml
----------------- Instantiating /home/travis/build/icyphy/ptII/ptolemy/actor/lib/test/auto/DiscreteClock2.xml
3 ms. Memory: 395264K Free: 229497K (58%)
----------------- Invoking toplevel() on ptolemy.moml.MoMLSimpleApplication@303e141e
----------------- Done invoking toplevel() on ptolemy.moml.MoMLSimpleApplication@303e141e
reloadAllAccessors: .DiscreteClock2

===========================================================================================
----------------- testing Sat Feb 22 07:08:19 UTC 2020 /home/travis/build/icyphy/ptII/ptolemy/actor/lib/test/auto/DiscreteClock20.xml
----------------- Instantiating /home/travis/build/icyphy/ptII/ptolemy/actor/lib/test/auto/DiscreteClock20.xml
4 ms. Memory: 395264K Free: 223897K (57%)
----------------- Invoking toplevel() on ptolemy.moml.MoMLSimpleApplication@3796b038
----------------- Done invoking toplevel() on ptolemy.moml.MoMLSimpleApplication@3796b038
reloadAllAccessors: .DiscreteClock20

===========================================================================================
----------------- testing Sat Feb 22 07:08:19 UTC 2020 /home/travis/build/icyphy/ptII/ptolemy/actor/lib/test/auto/DiscreteClock21.xml
----------------- Instantiating /home/travis/build/icyphy/ptII/ptolemy/actor/lib/test/auto/DiscreteClock21.xml
3 ms. Memory: 395264K Free: 218777K (55%)
----------------- Invoking toplevel() on ptolemy.moml.MoMLSimpleApplication@1ab3c7e6
----------------- Done invoking toplevel() on ptolemy.moml.MoMLSimpleApplication@1ab3c7e6
reloadAllAccessors: .DiscreteClock21

===========================================================================================
----------------- testing Sat Feb 22 07:08:19 UTC 2020 /home/travis/build/icyphy/ptII/ptolemy/actor/lib/test/auto/DiscreteClock22.xml
----------------- Instantiating /home/travis/build/icyphy/ptII/ptolemy/actor/lib/test/auto/DiscreteClock22.xml
3 ms. Memory: 395264K Free: 213143K (54%)
----------------- Invoking toplevel() on ptolemy.moml.MoMLSimpleApplication@7a67dfc9
----------------- Done invoking toplevel() on ptolemy.moml.MoMLSimpleApplication@7a67dfc9
reloadAllAccessors: .DiscreteClock22

===========================================================================================
----------------- testing Sat Feb 22 07:08:19 UTC 2020 /home/travis/build/icyphy/ptII/ptolemy/actor/lib/test/auto/DiscreteClock23.xml
----------------- Instantiating /home/travis/build/icyphy/ptII/ptolemy/actor/lib/test/auto/DiscreteClock23.xml
4 ms. Memory: 395264K Free: 207513K (52%)
----------------- Invoking toplevel() on ptolemy.moml.MoMLSimpleApplication@1285fc63
----------------- Done invoking toplevel() on ptolemy.moml.MoMLSimpleApplication@1285fc63
reloadAllAccessors: .DiscreteClock23

===========================================================================================
----------------- testing Sat Feb 22 07:08:19 UTC 2020 /home/travis/build/icyphy/ptII/ptolemy/actor/lib/test/auto/DiscreteClock24.xml
----------------- Instantiating /home/travis/build/icyphy/ptII/ptolemy/actor/lib/test/auto/DiscreteClock24.xml
3 ms. Memory: 395264K Free: 201879K (51%)
----------------- Invoking toplevel() on ptolemy.moml.MoMLSimpleApplication@72982177
----------------- Done invoking toplevel() on ptolemy.moml.MoMLSimpleApplication@72982177
reloadAllAccessors: .DiscreteClock24

===========================================================================================
----------------- testing Sat Feb 22 07:08:19 UTC 2020 /home/travis/build/icyphy/ptII/ptolemy/actor/lib/test/auto/DiscreteClock4.xml
----------------- Instantiating /home/travis/build/icyphy/ptII/ptolemy/actor/lib/test/auto/DiscreteClock4.xml
1 ms. Memory: 395264K Free: 196745K (50%)
----------------- Invoking toplevel() on ptolemy.moml.MoMLSimpleApplication@719ac70d
----------------- Done invoking toplevel() on ptolemy.moml.MoMLSimpleApplication@719ac70d
reloadAllAccessors: .DiscreteClock4

===========================================================================================
----------------- testing Sat Feb 22 07:08:19 UTC 2020 /home/travis/build/icyphy/ptII/ptolemy/actor/lib/test/auto/DiscreteClock5.xml
----------------- Instantiating /home/travis/build/icyphy/ptII/ptolemy/actor/lib/test/auto/DiscreteClock5.xml
1 ms. Memory: 395264K Free: 191129K (48%)
----------------- Invoking toplevel() on ptolemy.moml.MoMLSimpleApplication@763ec8f1
----------------- Done invoking toplevel() on ptolemy.moml.MoMLSimpleApplication@763ec8f1
reloadAllAccessors: .DiscreteClock5

===========================================================================================
----------------- testing Sat Feb 22 07:08:19 UTC 2020 /home/travis/build/icyphy/ptII/ptolemy/actor/lib/test/auto/DiscreteClock6.xml
----------------- Instantiating /home/travis/build/icyphy/ptII/ptolemy/actor/lib/test/auto/DiscreteClock6.xml
1 ms. Memory: 395264K Free: 187033K (47%)
----------------- Invoking toplevel() on ptolemy.moml.MoMLSimpleApplication@1b9792a8
----------------- Done invoking toplevel() on ptolemy.moml.MoMLSimpleApplication@1b9792a8
reloadAllAccessors: .DiscreteClock6

===========================================================================================
----------------- testing Sat Feb 22 07:08:19 UTC 2020 /home/travis/build/icyphy/ptII/ptolemy/actor/lib/test/auto/DiscreteClock7.xml
----------------- Instantiating /home/travis/build/icyphy/ptII/ptolemy/actor/lib/test/auto/DiscreteClock7.xml
1 ms. Memory: 395264K Free: 182423K (46%)
----------------- Invoking toplevel() on ptolemy.moml.MoMLSimpleApplication@25dac4b6
----------------- Done invoking toplevel() on ptolemy.moml.MoMLSimpleApplication@25dac4b6
reloadAllAccessors: .DiscreteClock7

===========================================================================================
----------------- testing Sat Feb 22 07:08:19 UTC 2020 /home/travis/build/icyphy/ptII/ptolemy/actor/lib/test/auto/DiscreteClock8.xml
----------------- Instantiating /home/travis/build/icyphy/ptII/ptolemy/actor/lib/test/auto/DiscreteClock8.xml
2 ms. Memory: 395264K Free: 176793K (45%)
----------------- Invoking toplevel() on ptolemy.moml.MoMLSimpleApplication@6f20c0bd
----------------- Done invoking toplevel() on ptolemy.moml.MoMLSimpleApplication@6f20c0bd
reloadAllAccessors: .DiscreteClock8

===========================================================================================
----------------- testing Sat Feb 22 07:08:19 UTC 2020 /home/travis/build/icyphy/ptII/ptolemy/actor/lib/test/auto/DiscreteClock9.xml
----------------- Instantiating /home/travis/build/icyphy/ptII/ptolemy/actor/lib/test/auto/DiscreteClock9.xml
4 ms. Memory: 395264K Free: 171129K (43%)
----------------- Invoking toplevel() on ptolemy.moml.MoMLSimpleApplication@5f6c64fd
----------------- Done invoking toplevel() on ptolemy.moml.MoMLSimpleApplication@5f6c64fd
reloadAllAccessors: .DiscreteClock9

===========================================================================================
----------------- testing Sat Feb 22 07:08:19 UTC 2020 /home/travis/build/icyphy/ptII/ptolemy/actor/lib/test/auto/DisplayArray.xml
----------------- Instantiating /home/travis/build/icyphy/ptII/ptolemy/actor/lib/test/auto/DisplayArray.xml
1 ms. Memory: 395264K Free: 167577K (42%)
----------------- Invoking toplevel() on ptolemy.moml.MoMLSimpleApplication@7a6df8e8
----------------- Done invoking toplevel() on ptolemy.moml.MoMLSimpleApplication@7a6df8e8
reloadAllAccessors: .DisplayArray

===========================================================================================
----------------- testing Sat Feb 22 07:08:19 UTC 2020 /home/travis/build/icyphy/ptII/ptolemy/actor/lib/test/auto/Distributor.xml
----------------- Instantiating /home/travis/build/icyphy/ptII/ptolemy/actor/lib/test/auto/Distributor.xml
2 ms. Memory: 395264K Free: 162967K (41%)
----------------- Invoking toplevel() on ptolemy.moml.MoMLSimpleApplication@26ec778f
----------------- Done invoking toplevel() on ptolemy.moml.MoMLSimpleApplication@26ec778f
reloadAllAccessors: .Distributor

===========================================================================================
----------------- testing Sat Feb 22 07:08:19 UTC 2020 /home/travis/build/icyphy/ptII/ptolemy/actor/lib/test/auto/Distributor2.xml
----------------- Instantiating /home/travis/build/icyphy/ptII/ptolemy/actor/lib/test/auto/Distributor2.xml
2 ms. Memory: 395264K Free: 157847K (40%)
----------------- Invoking toplevel() on ptolemy.moml.MoMLSimpleApplication@7e4786d8
----------------- Done invoking toplevel() on ptolemy.moml.MoMLSimpleApplication@7e4786d8
reloadAllAccessors: .Distributor2

===========================================================================================
----------------- testing Sat Feb 22 07:08:19 UTC 2020 /home/travis/build/icyphy/ptII/ptolemy/actor/lib/test/auto/DownSample.xml
----------------- Instantiating /home/travis/build/icyphy/ptII/ptolemy/actor/lib/test/auto/DownSample.xml
1 ms. Memory: 395264K Free: 153241K (39%)
----------------- Invoking toplevel() on ptolemy.moml.MoMLSimpleApplication@2bdbc2fc
----------------- Done invoking toplevel() on ptolemy.moml.MoMLSimpleApplication@2bdbc2fc
reloadAllAccessors: .DownSample

===========================================================================================
----------------- testing Sat Feb 22 07:08:19 UTC 2020 /home/travis/build/icyphy/ptII/ptolemy/actor/lib/test/auto/ElectronicUnitBase1.xml
----------------- Instantiating /home/travis/build/icyphy/ptII/ptolemy/actor/lib/test/auto/ElectronicUnitBase1.xml
16 ms. Memory: 395264K Free: 137367K (35%)
----------------- Invoking toplevel() on ptolemy.moml.MoMLSimpleApplication@1f27f619
----------------- Done invoking toplevel() on ptolemy.moml.MoMLSimpleApplication@1f27f619
reloadAllAccessors: .ElectronicUnitBase1

===========================================================================================
----------------- testing Sat Feb 22 07:08:20 UTC 2020 /home/travis/build/icyphy/ptII/ptolemy/actor/lib/test/auto/ElementsToArray.xml
----------------- Instantiating /home/travis/build/icyphy/ptII/ptolemy/actor/lib/test/auto/ElementsToArray.xml
2 ms. Memory: 395264K Free: 132247K (33%)
----------------- Invoking toplevel() on ptolemy.moml.MoMLSimpleApplication@451e58fd
----------------- Done invoking toplevel() on ptolemy.moml.MoMLSimpleApplication@451e58fd
reloadAllAccessors: .ElementsToArray

===========================================================================================
----------------- testing Sat Feb 22 07:08:20 UTC 2020 /home/travis/build/icyphy/ptII/ptolemy/actor/lib/test/auto/Equals.xml
----------------- Instantiating /home/travis/build/icyphy/ptII/ptolemy/actor/lib/test/auto/Equals.xml
3 ms. Memory: 395264K Free: 127641K (32%)
----------------- Invoking toplevel() on ptolemy.moml.MoMLSimpleApplication@12845e39
----------------- Done invoking toplevel() on ptolemy.moml.MoMLSimpleApplication@12845e39
reloadAllAccessors: .Equals

===========================================================================================
----------------- testing Sat Feb 22 07:08:20 UTC 2020 /home/travis/build/icyphy/ptII/ptolemy/actor/lib/test/auto/Exec.xml
----------------- Instantiating /home/travis/build/icyphy/ptII/ptolemy/actor/lib/test/auto/Exec.xml
19 ms. Memory: 395264K Free: 122007K (31%)
----------------- Invoking toplevel() on ptolemy.moml.MoMLSimpleApplication@3102fa94
----------------- Done invoking toplevel() on ptolemy.moml.MoMLSimpleApplication@3102fa94
reloadAllAccessors: .Exec

===========================================================================================
----------------- testing Sat Feb 22 07:08:20 UTC 2020 /home/travis/build/icyphy/ptII/ptolemy/actor/lib/test/auto/ExecEnvironment.xml
----------------- Instantiating /home/travis/build/icyphy/ptII/ptolemy/actor/lib/test/auto/ExecEnvironment.xml
28 ms. Memory: 395264K Free: 116375K (29%)
----------------- Invoking toplevel() on ptolemy.moml.MoMLSimpleApplication@3a88ddc6
----------------- Done invoking toplevel() on ptolemy.moml.MoMLSimpleApplication@3a88ddc6
reloadAllAccessors: .ExecEnvironment

===========================================================================================
----------------- testing Sat Feb 22 07:08:20 UTC 2020 /home/travis/build/icyphy/ptII/ptolemy/actor/lib/test/auto/ExecNonZeroReturnOutput.xml
----------------- Instantiating /home/travis/build/icyphy/ptII/ptolemy/actor/lib/test/auto/ExecNonZeroReturnOutput.xml
154 ms. Memory: 395264K Free: 338382K (86%)
----------------- Invoking toplevel() on ptolemy.moml.MoMLSimpleApplication@37201f72
----------------- Done invoking toplevel() on ptolemy.moml.MoMLSimpleApplication@37201f72
reloadAllAccessors: .ExecNonZeroReturnOutput

===========================================================================================
----------------- testing Sat Feb 22 07:08:20 UTC 2020 /home/travis/build/icyphy/ptII/ptolemy/actor/lib/test/auto/ExecRunDemos.xml
----------------- Instantiating /home/travis/build/icyphy/ptII/ptolemy/actor/lib/test/auto/ExecRunDemos.xml
Finished: 56 ms. Memory: 129024K Free: 112136K (87%)

Finished: 75 ms. Memory: 129024K Free: 109713K (85%)

Finished: 81 ms. Memory: 129024K Free: 109525K (85%)

Finished: 68 ms. Memory: 129024K Free: 111195K (86%)

Finished: 68 ms. Memory: 129024K Free: 111831K (87%)

10001 ms. Memory: 395264K Free: 317900K (80%)
----------------- Invoking toplevel() on ptolemy.moml.MoMLSimpleApplication@320dd844
----------------- Done invoking toplevel() on ptolemy.moml.MoMLSimpleApplication@320dd844
reloadAllAccessors: .ExecRunDemos

===========================================================================================
----------------- testing Sat Feb 22 07:08:30 UTC 2020 /home/travis/build/icyphy/ptII/ptolemy/actor/lib/test/auto/ExecStop.xml
----------------- Instantiating /home/travis/build/icyphy/ptII/ptolemy/actor/lib/test/auto/ExecStop.xml
5024 ms. Memory: 395264K Free: 171470K (43%)
----------------- Invoking toplevel() on ptolemy.moml.MoMLSimpleApplication@eb8bc5f
----------------- Done invoking toplevel() on ptolemy.moml.MoMLSimpleApplication@eb8bc5f
reloadAllAccessors: .ExecStop

===========================================================================================
----------------- testing Sat Feb 22 07:08:35 UTC 2020 /home/travis/build/icyphy/ptII/ptolemy/actor/lib/test/auto/ExecutionTimeSDF.xml
----------------- Instantiating /home/travis/build/icyphy/ptII/ptolemy/actor/lib/test/auto/ExecutionTimeSDF.xml
Fired ExecutionTime: -701367296
Fired ExecutionTime: 1332400000
Fired ExecutionTime: -179767296
6006 ms. Memory: 395264K Free: 159182K (40%)
----------------- Invoking toplevel() on ptolemy.moml.MoMLSimpleApplication@6be59982
----------------- Done invoking toplevel() on ptolemy.moml.MoMLSimpleApplication@6be59982
reloadAllAccessors: .ExecutionTimeSDF

===========================================================================================
----------------- testing Sat Feb 22 07:08:41 UTC 2020 /home/travis/build/icyphy/ptII/ptolemy/actor/lib/test/auto/Expression1.xml
----------------- Instantiating /home/travis/build/icyphy/ptII/ptolemy/actor/lib/test/auto/Expression1.xml
1 ms. Memory: 395264K Free: 155596K (39%)
----------------- Invoking toplevel() on ptolemy.moml.MoMLSimpleApplication@556eafcd
----------------- Done invoking toplevel() on ptolemy.moml.MoMLSimpleApplication@556eafcd
reloadAllAccessors: .Expression1

===========================================================================================
----------------- testing Sat Feb 22 07:08:41 UTC 2020 /home/travis/build/icyphy/ptII/ptolemy/actor/lib/test/auto/Expression10.xml
----------------- Instantiating /home/travis/build/icyphy/ptII/ptolemy/actor/lib/test/auto/Expression10.xml
6 ms. Memory: 395264K Free: 150476K (38%)
----------------- Invoking toplevel() on ptolemy.moml.MoMLSimpleApplication@ca6831f
----------------- Done invoking toplevel() on ptolemy.moml.MoMLSimpleApplication@ca6831f
reloadAllAccessors: .Expression10

===========================================================================================
----------------- testing Sat Feb 22 07:08:41 UTC 2020 /home/travis/build/icyphy/ptII/ptolemy/actor/lib/test/auto/Expression11.xml
----------------- Instantiating /home/travis/build/icyphy/ptII/ptolemy/actor/lib/test/auto/Expression11.xml
2 ms. Memory: 395264K Free: 145870K (37%)
----------------- Invoking toplevel() on ptolemy.moml.MoMLSimpleApplication@5582bae3
----------------- Done invoking toplevel() on ptolemy.moml.MoMLSimpleApplication@5582bae3
reloadAllAccessors: .Expression11

===========================================================================================
----------------- testing Sat Feb 22 07:08:41 UTC 2020 /home/travis/build/icyphy/ptII/ptolemy/actor/lib/test/auto/Expression12.xml
----------------- Instantiating /home/travis/build/icyphy/ptII/ptolemy/actor/lib/test/auto/Expression12.xml
3 ms. Memory: 395264K Free: 140236K (35%)
----------------- Invoking toplevel() on ptolemy.moml.MoMLSimpleApplication@35cf242a
----------------- Done invoking toplevel() on ptolemy.moml.MoMLSimpleApplication@35cf242a
reloadAllAccessors: .Expression12

===========================================================================================
----------------- testing Sat Feb 22 07:08:41 UTC 2020 /home/travis/build/icyphy/ptII/ptolemy/actor/lib/test/auto/Expression13.xml
----------------- Instantiating /home/travis/build/icyphy/ptII/ptolemy/actor/lib/test/auto/Expression13.xml
3 ms. Memory: 395264K Free: 135116K (34%)
----------------- Invoking toplevel() on ptolemy.moml.MoMLSimpleApplication@24025966
----------------- Done invoking toplevel() on ptolemy.moml.MoMLSimpleApplication@24025966
reloadAllAccessors: .Expression13

===========================================================================================
----------------- testing Sat Feb 22 07:08:41 UTC 2020 /home/travis/build/icyphy/ptII/ptolemy/actor/lib/test/auto/Expression14.xml
----------------- Instantiating /home/travis/build/icyphy/ptII/ptolemy/actor/lib/test/auto/Expression14.xml
4 ms. Memory: 395264K Free: 128972K (33%)
----------------- Invoking toplevel() on ptolemy.moml.MoMLSimpleApplication@458251f9
----------------- Done invoking toplevel() on ptolemy.moml.MoMLSimpleApplication@458251f9
reloadAllAccessors: .Expression14

===========================================================================================
----------------- testing Sat Feb 22 07:08:41 UTC 2020 /home/travis/build/icyphy/ptII/ptolemy/actor/lib/test/auto/Expression15.xml
----------------- Instantiating /home/travis/build/icyphy/ptII/ptolemy/actor/lib/test/auto/Expression15.xml
1 ms. Memory: 395264K Free: 125390K (32%)
----------------- Invoking toplevel() on ptolemy.moml.MoMLSimpleApplication@687d810f
----------------- Done invoking toplevel() on ptolemy.moml.MoMLSimpleApplication@687d810f
reloadAllAccessors: .Expression15

===========================================================================================
----------------- testing Sat Feb 22 07:08:41 UTC 2020 /home/travis/build/icyphy/ptII/ptolemy/actor/lib/test/auto/Expression16.xml
----------------- Instantiating /home/travis/build/icyphy/ptII/ptolemy/actor/lib/test/auto/Expression16.xml
3 ms. Memory: 395264K Free: 120270K (30%)
----------------- Invoking toplevel() on ptolemy.moml.MoMLSimpleApplication@27fb8750
----------------- Done invoking toplevel() on ptolemy.moml.MoMLSimpleApplication@27fb8750
reloadAllAccessors: .Expression16

===========================================================================================
----------------- testing Sat Feb 22 07:08:41 UTC 2020 /home/travis/build/icyphy/ptII/ptolemy/actor/lib/test/auto/Expression17.xml
----------------- Instantiating /home/travis/build/icyphy/ptII/ptolemy/actor/lib/test/auto/Expression17.xml
2 ms. Memory: 395264K Free: 115150K (29%)
----------------- Invoking toplevel() on ptolemy.moml.MoMLSimpleApplication@37ddde34
----------------- Done invoking toplevel() on ptolemy.moml.MoMLSimpleApplication@37ddde34
reloadAllAccessors: .Expression17

===========================================================================================
----------------- testing Sat Feb 22 07:08:41 UTC 2020 /home/travis/build/icyphy/ptII/ptolemy/actor/lib/test/auto/Expression18.xml
----------------- Instantiating /home/travis/build/icyphy/ptII/ptolemy/actor/lib/test/auto/Expression18.xml
2 ms. Memory: 395264K Free: 343355K (87%)
----------------- Invoking toplevel() on ptolemy.moml.MoMLSimpleApplication@310d0c7d
----------------- Done invoking toplevel() on ptolemy.moml.MoMLSimpleApplication@310d0c7d
reloadAllAccessors: .Expression18

===========================================================================================
----------------- testing Sat Feb 22 07:08:41 UTC 2020 /home/travis/build/icyphy/ptII/ptolemy/actor/lib/test/auto/Expression2.xml
----------------- Instantiating /home/travis/build/icyphy/ptII/ptolemy/actor/lib/test/auto/Expression2.xml
2 ms. Memory: 395264K Free: 338235K (86%)
----------------- Invoking toplevel() on ptolemy.moml.MoMLSimpleApplication@549bcd56
----------------- Done invoking toplevel() on ptolemy.moml.MoMLSimpleApplication@549bcd56
reloadAllAccessors: .Expression2

===========================================================================================
----------------- testing Sat Feb 22 07:08:41 UTC 2020 /home/travis/build/icyphy/ptII/ptolemy/actor/lib/test/auto/Expression3.xml
----------------- Instantiating /home/travis/build/icyphy/ptII/ptolemy/actor/lib/test/auto/Expression3.xml
5 ms. Memory: 395264K Free: 333115K (84%)
----------------- Invoking toplevel() on ptolemy.moml.MoMLSimpleApplication@340ed953
----------------- Done invoking toplevel() on ptolemy.moml.MoMLSimpleApplication@340ed953
reloadAllAccessors: .Expression3

===========================================================================================
----------------- testing Sat Feb 22 07:08:41 UTC 2020 /home/travis/build/icyphy/ptII/ptolemy/actor/lib/test/auto/Expression4.xml
----------------- Instantiating /home/travis/build/icyphy/ptII/ptolemy/actor/lib/test/auto/Expression4.xml
3 ms. Memory: 395264K Free: 325433K (82%)
----------------- Invoking toplevel() on ptolemy.moml.MoMLSimpleApplication@263185bc
----------------- Done invoking toplevel() on ptolemy.moml.MoMLSimpleApplication@263185bc
reloadAllAccessors: .Expression4

===========================================================================================
----------------- testing Sat Feb 22 07:08:41 UTC 2020 /home/travis/build/icyphy/ptII/ptolemy/actor/lib/test/auto/Expression5.xml
----------------- Instantiating /home/travis/build/icyphy/ptII/ptolemy/actor/lib/test/auto/Expression5.xml
5 ms. Memory: 395264K Free: 320313K (81%)
----------------- Invoking toplevel() on ptolemy.moml.MoMLSimpleApplication@745bf9fa
----------------- Done invoking toplevel() on ptolemy.moml.MoMLSimpleApplication@745bf9fa
reloadAllAccessors: .Expression5

===========================================================================================
----------------- testing Sat Feb 22 07:08:41 UTC 2020 /home/travis/build/icyphy/ptII/ptolemy/actor/lib/test/auto/Expression6.xml
----------------- Instantiating /home/travis/build/icyphy/ptII/ptolemy/actor/lib/test/auto/Expression6.xml
2 ms. Memory: 395264K Free: 315707K (80%)
----------------- Invoking toplevel() on ptolemy.moml.MoMLSimpleApplication@59e3521e
----------------- Done invoking toplevel() on ptolemy.moml.MoMLSimpleApplication@59e3521e
reloadAllAccessors: .Expression6

===========================================================================================
----------------- testing Sat Feb 22 07:08:41 UTC 2020 /home/travis/build/icyphy/ptII/ptolemy/actor/lib/test/auto/Expression7.xml
----------------- Instantiating /home/travis/build/icyphy/ptII/ptolemy/actor/lib/test/auto/Expression7.xml
2 ms. Memory: 395264K Free: 311097K (79%)
----------------- Invoking toplevel() on ptolemy.moml.MoMLSimpleApplication@4dfa5c29
----------------- Done invoking toplevel() on ptolemy.moml.MoMLSimpleApplication@4dfa5c29
reloadAllAccessors: .Expression7

===========================================================================================
----------------- testing Sat Feb 22 07:08:41 UTC 2020 /home/travis/build/icyphy/ptII/ptolemy/actor/lib/test/auto/Expression8.xml
----------------- Instantiating /home/travis/build/icyphy/ptII/ptolemy/actor/lib/test/auto/Expression8.xml
6 ms. Memory: 395264K Free: 305977K (77%)
----------------- Invoking toplevel() on ptolemy.moml.MoMLSimpleApplication@5cb53911
----------------- Done invoking toplevel() on ptolemy.moml.MoMLSimpleApplication@5cb53911
reloadAllAccessors: .Expression8

===========================================================================================
----------------- testing Sat Feb 22 07:08:41 UTC 2020 /home/travis/build/icyphy/ptII/ptolemy/actor/lib/test/auto/Expression9.xml
----------------- Instantiating /home/travis/build/icyphy/ptII/ptolemy/actor/lib/test/auto/Expression9.xml
1 ms. Memory: 395264K Free: 301881K (76%)
----------------- Invoking toplevel() on ptolemy.moml.MoMLSimpleApplication@2b3e135f
----------------- Done invoking toplevel() on ptolemy.moml.MoMLSimpleApplication@2b3e135f
reloadAllAccessors: .Expression9

===========================================================================================
----------------- testing Sat Feb 22 07:08:41 UTC 2020 /home/travis/build/icyphy/ptII/ptolemy/actor/lib/test/auto/ExpressionConcatenateArrayType.xml
----------------- Instantiating /home/travis/build/icyphy/ptII/ptolemy/actor/lib/test/auto/ExpressionConcatenateArrayType.xml
3 ms. Memory: 395264K Free: 295227K (75%)
----------------- Invoking toplevel() on ptolemy.moml.MoMLSimpleApplication@8a9c741
----------------- Done invoking toplevel() on ptolemy.moml.MoMLSimpleApplication@8a9c741
reloadAllAccessors: .ExpressionConcatenateArrayType

===========================================================================================
----------------- testing Sat Feb 22 07:08:41 UTC 2020 /home/travis/build/icyphy/ptII/ptolemy/actor/lib/test/auto/ExpressionConcatenateArrayType2.xml
----------------- Instantiating /home/travis/build/icyphy/ptII/ptolemy/actor/lib/test/auto/ExpressionConcatenateArrayType2.xml
2 ms. Memory: 395264K Free: 289593K (73%)
----------------- Invoking toplevel() on ptolemy.moml.MoMLSimpleApplication@1e9664e1
----------------- Done invoking toplevel() on ptolemy.moml.MoMLSimpleApplication@1e9664e1
reloadAllAccessors: .ExpressionConcatenateArrayType2

===========================================================================================
----------------- testing Sat Feb 22 07:08:41 UTC 2020 /home/travis/build/icyphy/ptII/ptolemy/actor/lib/test/auto/ExpressionFix.xml
----------------- Instantiating /home/travis/build/icyphy/ptII/ptolemy/actor/lib/test/auto/ExpressionFix.xml
19 ms. Memory: 395264K Free: 282937K (72%)
----------------- Invoking toplevel() on ptolemy.moml.MoMLSimpleApplication@1cec0ca8
----------------- Done invoking toplevel() on ptolemy.moml.MoMLSimpleApplication@1cec0ca8
reloadAllAccessors: .ExpressionFix

===========================================================================================
----------------- testing Sat Feb 22 07:08:41 UTC 2020 /home/travis/build/icyphy/ptII/ptolemy/actor/lib/test/auto/ExpressionFix2.xml
----------------- Instantiating /home/travis/build/icyphy/ptII/ptolemy/actor/lib/test/auto/ExpressionFix2.xml
4 ms. Memory: 395264K Free: 278329K (70%)
----------------- Invoking toplevel() on ptolemy.moml.MoMLSimpleApplication@327660a5
----------------- Done invoking toplevel() on ptolemy.moml.MoMLSimpleApplication@327660a5
reloadAllAccessors: .ExpressionFix2

===========================================================================================
----------------- testing Sat Feb 22 07:08:41 UTC 2020 /home/travis/build/icyphy/ptII/ptolemy/actor/lib/test/auto/ExpressionFix3.xml
----------------- Instantiating /home/travis/build/icyphy/ptII/ptolemy/actor/lib/test/auto/ExpressionFix3.xml
2 ms. Memory: 395264K Free: 274233K (69%)
----------------- Invoking toplevel() on ptolemy.moml.MoMLSimpleApplication@641e4bdc
----------------- Done invoking toplevel() on ptolemy.moml.MoMLSimpleApplication@641e4bdc
reloadAllAccessors: .ExpressionFix3

===========================================================================================
----------------- testing Sat Feb 22 07:08:41 UTC 2020 /home/travis/build/icyphy/ptII/ptolemy/actor/lib/test/auto/FileWriter1.xml
----------------- Instantiating /home/travis/build/icyphy/ptII/ptolemy/actor/lib/test/auto/FileWriter1.xml
2 ms. Memory: 395264K Free: 270137K (68%)
----------------- Invoking toplevel() on ptolemy.moml.MoMLSimpleApplication@517441c8
----------------- Done invoking toplevel() on ptolemy.moml.MoMLSimpleApplication@517441c8
reloadAllAccessors: .FileWriter1

===========================================================================================
----------------- testing Sat Feb 22 07:08:41 UTC 2020 /home/travis/build/icyphy/ptII/ptolemy/actor/lib/test/auto/FileWriter2.xml
----------------- Instantiating /home/travis/build/icyphy/ptII/ptolemy/actor/lib/test/auto/FileWriter2.xml
5 ms. Memory: 395264K Free: 265531K (67%)
----------------- Invoking toplevel() on ptolemy.moml.MoMLSimpleApplication@11400d4c
----------------- Done invoking toplevel() on ptolemy.moml.MoMLSimpleApplication@11400d4c
reloadAllAccessors: .FileWriter2

===========================================================================================
----------------- testing Sat Feb 22 07:08:41 UTC 2020 /home/travis/build/icyphy/ptII/ptolemy/actor/lib/test/auto/FileWriter3.xml
----------------- Instantiating /home/travis/build/icyphy/ptII/ptolemy/actor/lib/test/auto/FileWriter3.xml
3 ms. Memory: 395264K Free: 261435K (66%)
----------------- Invoking toplevel() on ptolemy.moml.MoMLSimpleApplication@49ffd070
----------------- Done invoking toplevel() on ptolemy.moml.MoMLSimpleApplication@49ffd070
reloadAllAccessors: .FileWriter3

===========================================================================================
----------------- testing Sat Feb 22 07:08:41 UTC 2020 /home/travis/build/icyphy/ptII/ptolemy/actor/lib/test/auto/Gaussian.xml
----------------- Instantiating /home/travis/build/icyphy/ptII/ptolemy/actor/lib/test/auto/Gaussian.xml
1 ms. Memory: 395264K Free: 256825K (65%)
----------------- Invoking toplevel() on ptolemy.moml.MoMLSimpleApplication@1c364fcc
----------------- Done invoking toplevel() on ptolemy.moml.MoMLSimpleApplication@1c364fcc
reloadAllAccessors: .Gaussian

===========================================================================================
----------------- testing Sat Feb 22 07:08:41 UTC 2020 /home/travis/build/icyphy/ptII/ptolemy/actor/lib/test/auto/Gaussian1.xml
----------------- Instantiating /home/travis/build/icyphy/ptII/ptolemy/actor/lib/test/auto/Gaussian1.xml
8 ms. Memory: 395264K Free: 251195K (64%)
----------------- Invoking toplevel() on ptolemy.moml.MoMLSimpleApplication@1e6d9133
----------------- Done invoking toplevel() on ptolemy.moml.MoMLSimpleApplication@1e6d9133
reloadAllAccessors: .Gaussian1

===========================================================================================
----------------- testing Sat Feb 22 07:08:41 UTC 2020 /home/travis/build/icyphy/ptII/ptolemy/actor/lib/test/auto/Gaussian2.xml
----------------- Instantiating /home/travis/build/icyphy/ptII/ptolemy/actor/lib/test/auto/Gaussian2.xml
2 ms. Memory: 395264K Free: 245547K (62%)
----------------- Invoking toplevel() on ptolemy.moml.MoMLSimpleApplication@4da25441
----------------- Done invoking toplevel() on ptolemy.moml.MoMLSimpleApplication@4da25441
reloadAllAccessors: .Gaussian2

===========================================================================================
----------------- testing Sat Feb 22 07:08:41 UTC 2020 /home/travis/build/icyphy/ptII/ptolemy/actor/lib/test/auto/GradientAdaptiveLattice.xml
----------------- Instantiating /home/travis/build/icyphy/ptII/ptolemy/actor/lib/test/auto/GradientAdaptiveLattice.xml
2 ms. Memory: 395264K Free: 240955K (61%)
----------------- Invoking toplevel() on ptolemy.moml.MoMLSimpleApplication@349affec
----------------- Done invoking toplevel() on ptolemy.moml.MoMLSimpleApplication@349affec
reloadAllAccessors: .GradientAdaptiveLattice

===========================================================================================
----------------- testing Sat Feb 22 07:08:41 UTC 2020 /home/travis/build/icyphy/ptII/ptolemy/actor/lib/test/auto/IIR.xml
----------------- Instantiating /home/travis/build/icyphy/ptII/ptolemy/actor/lib/test/auto/IIR.xml
1 ms. Memory: 395264K Free: 236345K (60%)
----------------- Invoking toplevel() on ptolemy.moml.MoMLSimpleApplication@7ca986b0
----------------- Done invoking toplevel() on ptolemy.moml.MoMLSimpleApplication@7ca986b0
reloadAllAccessors: .IIR

===========================================================================================
----------------- testing Sat Feb 22 07:08:41 UTC 2020 /home/travis/build/icyphy/ptII/ptolemy/actor/lib/test/auto/InputOutputTransparentPorts.xml
----------------- Instantiating /home/travis/build/icyphy/ptII/ptolemy/actor/lib/test/auto/InputOutputTransparentPorts.xml
3 ms. Memory: 395264K Free: 229177K (58%)
----------------- Invoking toplevel() on ptolemy.moml.MoMLSimpleApplication@18741fd2
----------------- Done invoking toplevel() on ptolemy.moml.MoMLSimpleApplication@18741fd2
reloadAllAccessors: .InputOutputTransparentPorts

===========================================================================================
----------------- testing Sat Feb 22 07:08:41 UTC 2020 /home/travis/build/icyphy/ptII/ptolemy/actor/lib/test/auto/Interpolator.xml
----------------- Instantiating /home/travis/build/icyphy/ptII/ptolemy/actor/lib/test/auto/Interpolator.xml
4 ms. Memory: 395264K Free: 225081K (57%)
----------------- Invoking toplevel() on ptolemy.moml.MoMLSimpleApplication@3baf5645
----------------- Done invoking toplevel() on ptolemy.moml.MoMLSimpleApplication@3baf5645
reloadAllAccessors: .Interpolator

===========================================================================================
----------------- testing Sat Feb 22 07:08:42 UTC 2020 /home/travis/build/icyphy/ptII/ptolemy/actor/lib/test/auto/InterpolatorFiringLimitDE.xml
----------------- Instantiating /home/travis/build/icyphy/ptII/ptolemy/actor/lib/test/auto/InterpolatorFiringLimitDE.xml
2 ms. Memory: 395264K Free: 218937K (55%)
----------------- Invoking toplevel() on ptolemy.moml.MoMLSimpleApplication@3f6d5bf5
----------------- Done invoking toplevel() on ptolemy.moml.MoMLSimpleApplication@3f6d5bf5
reloadAllAccessors: .InterpolatorFiringLimitDE

===========================================================================================
----------------- testing Sat Feb 22 07:08:42 UTC 2020 /home/travis/build/icyphy/ptII/ptolemy/actor/lib/test/auto/Lattice.xml
----------------- Instantiating /home/travis/build/icyphy/ptII/ptolemy/actor/lib/test/auto/Lattice.xml
1 ms. Memory: 395264K Free: 214841K (54%)
----------------- Invoking toplevel() on ptolemy.moml.MoMLSimpleApplication@505e5948
----------------- Done invoking toplevel() on ptolemy.moml.MoMLSimpleApplication@505e5948
reloadAllAccessors: .Lattice

===========================================================================================
----------------- testing Sat Feb 22 07:08:42 UTC 2020 /home/travis/build/icyphy/ptII/ptolemy/actor/lib/test/auto/LazyAOCTestLazy.xml
----------------- Instantiating /home/travis/build/icyphy/ptII/ptolemy/actor/lib/test/auto/LazyAOCTestLazy.xml
7 ms. Memory: 395264K Free: 208187K (53%)
----------------- Invoking toplevel() on ptolemy.moml.MoMLSimpleApplication@2d8cce87
----------------- Done invoking toplevel() on ptolemy.moml.MoMLSimpleApplication@2d8cce87
reloadAllAccessors: .LazyAOCTestLazy

===========================================================================================
----------------- testing Sat Feb 22 07:08:42 UTC 2020 /home/travis/build/icyphy/ptII/ptolemy/actor/lib/test/auto/LazyAOCTestNonLazy.xml
----------------- Instantiating /home/travis/build/icyphy/ptII/ptolemy/actor/lib/test/auto/LazyAOCTestNonLazy.xml
2 ms. Memory: 395264K Free: 201019K (51%)
----------------- Invoking toplevel() on ptolemy.moml.MoMLSimpleApplication@175febfd
----------------- Done invoking toplevel() on ptolemy.moml.MoMLSimpleApplication@175febfd
reloadAllAccessors: .LazyAOCTestNonLazy

===========================================================================================
----------------- testing Sat Feb 22 07:08:42 UTC 2020 /home/travis/build/icyphy/ptII/ptolemy/actor/lib/test/auto/LazyInnerClass.xml
----------------- Instantiating /home/travis/build/icyphy/ptII/ptolemy/actor/lib/test/auto/LazyInnerClass.xml
9 ms. Memory: 395264K Free: 191803K (49%)
----------------- Invoking toplevel() on ptolemy.moml.MoMLSimpleApplication@7a8495e
----------------- Done invoking toplevel() on ptolemy.moml.MoMLSimpleApplication@7a8495e
reloadAllAccessors: .LazyInnerClass

===========================================================================================
----------------- testing Sat Feb 22 07:08:42 UTC 2020 /home/travis/build/icyphy/ptII/ptolemy/actor/lib/test/auto/LazyPubSub.xml
----------------- Instantiating /home/travis/build/icyphy/ptII/ptolemy/actor/lib/test/auto/LazyPubSub.xml
22 ms. Memory: 395264K Free: 182073K (46%)
----------------- Invoking toplevel() on ptolemy.moml.MoMLSimpleApplication@726e2948
----------------- Done invoking toplevel() on ptolemy.moml.MoMLSimpleApplication@726e2948
reloadAllAccessors: .LazyPubSub

===========================================================================================
----------------- testing Sat Feb 22 07:08:42 UTC 2020 /home/travis/build/icyphy/ptII/ptolemy/actor/lib/test/auto/LazyPubSub2.xml
----------------- Instantiating /home/travis/build/icyphy/ptII/ptolemy/actor/lib/test/auto/LazyPubSub2.xml
24 ms. Memory: 395264K Free: 171833K (43%)
----------------- Invoking toplevel() on ptolemy.moml.MoMLSimpleApplication@7ad383fe
----------------- Done invoking toplevel() on ptolemy.moml.MoMLSimpleApplication@7ad383fe
reloadAllAccessors: .LazyPubSub2

===========================================================================================
----------------- testing Sat Feb 22 07:08:42 UTC 2020 /home/travis/build/icyphy/ptII/ptolemy/actor/lib/test/auto/LazyPubSub3.xml
----------------- Instantiating /home/travis/build/icyphy/ptII/ptolemy/actor/lib/test/auto/LazyPubSub3.xml
11 ms. Memory: 395264K Free: 161593K (41%)
----------------- Invoking toplevel() on ptolemy.moml.MoMLSimpleApplication@1b3916d6
----------------- Done invoking toplevel() on ptolemy.moml.MoMLSimpleApplication@1b3916d6
reloadAllAccessors: .LazyPubSub3

===========================================================================================
----------------- testing Sat Feb 22 07:08:42 UTC 2020 /home/travis/build/icyphy/ptII/ptolemy/actor/lib/test/auto/LazySubClassModel.xml
----------------- Instantiating /home/travis/build/icyphy/ptII/ptolemy/actor/lib/test/auto/LazySubClassModel.xml
2 ms. Memory: 395264K Free: 152377K (39%)
----------------- Invoking toplevel() on ptolemy.moml.MoMLSimpleApplication@4bf74af7
----------------- Done invoking toplevel() on ptolemy.moml.MoMLSimpleApplication@4bf74af7
reloadAllAccessors: .LazySubClassModel

===========================================================================================
----------------- testing Sat Feb 22 07:08:42 UTC 2020 /home/travis/build/icyphy/ptII/ptolemy/actor/lib/test/auto/LevelCrossTest1.xml
----------------- Instantiating /home/travis/build/icyphy/ptII/ptolemy/actor/lib/test/auto/LevelCrossTest1.xml
1 ms. Memory: 395264K Free: 146747K (37%)
----------------- Invoking toplevel() on ptolemy.moml.MoMLSimpleApplication@2ed7c9ee
----------------- Done invoking toplevel() on ptolemy.moml.MoMLSimpleApplication@2ed7c9ee
reloadAllAccessors: .broken

===========================================================================================
----------------- testing Sat Feb 22 07:08:42 UTC 2020 /home/travis/build/icyphy/ptII/ptolemy/actor/lib/test/auto/LevelCrossTest10.xml
----------------- Instantiating /home/travis/build/icyphy/ptII/ptolemy/actor/lib/test/auto/LevelCrossTest10.xml
1 ms. Memory: 395264K Free: 139065K (35%)
----------------- Invoking toplevel() on ptolemy.moml.MoMLSimpleApplication@3f535aa0
----------------- Done invoking toplevel() on ptolemy.moml.MoMLSimpleApplication@3f535aa0
reloadAllAccessors: .LevelCrossTest10

===========================================================================================
----------------- testing Sat Feb 22 07:08:42 UTC 2020 /home/travis/build/icyphy/ptII/ptolemy/actor/lib/test/auto/LevelCrossTest11.xml
----------------- Instantiating /home/travis/build/icyphy/ptII/ptolemy/actor/lib/test/auto/LevelCrossTest11.xml
1 ms. Memory: 395264K Free: 132411K (33%)
----------------- Invoking toplevel() on ptolemy.moml.MoMLSimpleApplication@4bf0a087
----------------- Done invoking toplevel() on ptolemy.moml.MoMLSimpleApplication@4bf0a087
reloadAllAccessors: .LevelCrossTest11

===========================================================================================
----------------- testing Sat Feb 22 07:08:42 UTC 2020 /home/travis/build/icyphy/ptII/ptolemy/actor/lib/test/auto/LevelCrossTest12.xml
----------------- Instantiating /home/travis/build/icyphy/ptII/ptolemy/actor/lib/test/auto/LevelCrossTest12.xml
1 ms. Memory: 395264K Free: 124729K (32%)
----------------- Invoking toplevel() on ptolemy.moml.MoMLSimpleApplication@37339441
----------------- Done invoking toplevel() on ptolemy.moml.MoMLSimpleApplication@37339441
reloadAllAccessors: .LevelCrossTest12

===========================================================================================
----------------- testing Sat Feb 22 07:08:42 UTC 2020 /home/travis/build/icyphy/ptII/ptolemy/actor/lib/test/auto/LevelCrossTest13.xml
----------------- Instantiating /home/travis/build/icyphy/ptII/ptolemy/actor/lib/test/auto/LevelCrossTest13.xml
1 ms. Memory: 395264K Free: 117561K (30%)
----------------- Invoking toplevel() on ptolemy.moml.MoMLSimpleApplication@44e17a3f
----------------- Done invoking toplevel() on ptolemy.moml.MoMLSimpleApplication@44e17a3f
reloadAllAccessors: .LevelCrossTest13

===========================================================================================
----------------- testing Sat Feb 22 07:08:42 UTC 2020 /home/travis/build/icyphy/ptII/ptolemy/actor/lib/test/auto/LevelCrossTest2.xml
----------------- Instantiating /home/travis/build/icyphy/ptII/ptolemy/actor/lib/test/auto/LevelCrossTest2.xml
1 ms. Memory: 395264K Free: 345311K (87%)
----------------- Invoking toplevel() on ptolemy.moml.MoMLSimpleApplication@386647e3
----------------- Done invoking toplevel() on ptolemy.moml.MoMLSimpleApplication@386647e3
reloadAllAccessors: .broken

===========================================================================================
----------------- testing Sat Feb 22 07:08:42 UTC 2020 /home/travis/build/icyphy/ptII/ptolemy/actor/lib/test/auto/LevelCrossTest3.xml
----------------- Instantiating /home/travis/build/icyphy/ptII/ptolemy/actor/lib/test/auto/LevelCrossTest3.xml
1 ms. Memory: 395264K Free: 338944K (86%)
----------------- Invoking toplevel() on ptolemy.moml.MoMLSimpleApplication@7bca6ff5
----------------- Done invoking toplevel() on ptolemy.moml.MoMLSimpleApplication@7bca6ff5
reloadAllAccessors: .LevelCrossTest3

===========================================================================================
----------------- testing Sat Feb 22 07:08:42 UTC 2020 /home/travis/build/icyphy/ptII/ptolemy/actor/lib/test/auto/LevelCrossTest4.xml
----------------- Instantiating /home/travis/build/icyphy/ptII/ptolemy/actor/lib/test/auto/LevelCrossTest4.xml
1 ms. Memory: 395264K Free: 333310K (84%)
----------------- Invoking toplevel() on ptolemy.moml.MoMLSimpleApplication@2d8acd4b
----------------- Done invoking toplevel() on ptolemy.moml.MoMLSimpleApplication@2d8acd4b
reloadAllAccessors: .broken

===========================================================================================
----------------- testing Sat Feb 22 07:08:42 UTC 2020 /home/travis/build/icyphy/ptII/ptolemy/actor/lib/test/auto/LevelCrossTest5.xml
----------------- Instantiating /home/travis/build/icyphy/ptII/ptolemy/actor/lib/test/auto/LevelCrossTest5.xml
4 ms. Memory: 395264K Free: 327166K (83%)
----------------- Invoking toplevel() on ptolemy.moml.MoMLSimpleApplication@6aafd794
----------------- Done invoking toplevel() on ptolemy.moml.MoMLSimpleApplication@6aafd794
reloadAllAccessors: .LevelCrossTest5

===========================================================================================
----------------- testing Sat Feb 22 07:08:42 UTC 2020 /home/travis/build/icyphy/ptII/ptolemy/actor/lib/test/auto/LevelCrossTest6.xml
----------------- Instantiating /home/travis/build/icyphy/ptII/ptolemy/actor/lib/test/auto/LevelCrossTest6.xml
1 ms. Memory: 395264K Free: 320512K (81%)
----------------- Invoking toplevel() on ptolemy.moml.MoMLSimpleApplication@2db799a5
----------------- Done invoking toplevel() on ptolemy.moml.MoMLSimpleApplication@2db799a5
reloadAllAccessors: .LevelCrossTest6

===========================================================================================
----------------- testing Sat Feb 22 07:08:42 UTC 2020 /home/travis/build/icyphy/ptII/ptolemy/actor/lib/test/auto/LevelCrossTest7.xml
----------------- Instantiating /home/travis/build/icyphy/ptII/ptolemy/actor/lib/test/auto/LevelCrossTest7.xml
8 ms. Memory: 395264K Free: 313344K (79%)
----------------- Invoking toplevel() on ptolemy.moml.MoMLSimpleApplication@5111a80
----------------- Done invoking toplevel() on ptolemy.moml.MoMLSimpleApplication@5111a80
reloadAllAccessors: .LevelCrossTest7

===========================================================================================
----------------- testing Sat Feb 22 07:08:42 UTC 2020 /home/travis/build/icyphy/ptII/ptolemy/actor/lib/test/auto/LevelCrossTest8.xml
----------------- Instantiating /home/travis/build/icyphy/ptII/ptolemy/actor/lib/test/auto/LevelCrossTest8.xml
1 ms. Memory: 395264K Free: 305662K (77%)
----------------- Invoking toplevel() on ptolemy.moml.MoMLSimpleApplication@69639145
----------------- Done invoking toplevel() on ptolemy.moml.MoMLSimpleApplication@69639145
reloadAllAccessors: .LevelCrossTest8

===========================================================================================
----------------- testing Sat Feb 22 07:08:42 UTC 2020 /home/travis/build/icyphy/ptII/ptolemy/actor/lib/test/auto/LevelCrossTest9.xml
----------------- Instantiating /home/travis/build/icyphy/ptII/ptolemy/actor/lib/test/auto/LevelCrossTest9.xml
1 ms. Memory: 395264K Free: 298494K (76%)
----------------- Invoking toplevel() on ptolemy.moml.MoMLSimpleApplication@5be8a6b6
----------------- Done invoking toplevel() on ptolemy.moml.MoMLSimpleApplication@5be8a6b6
reloadAllAccessors: .LevelCrossTest9

===========================================================================================
----------------- testing Sat Feb 22 07:08:42 UTC 2020 /home/travis/build/icyphy/ptII/ptolemy/actor/lib/test/auto/LevinsonDurbin.xml
----------------- Instantiating /home/travis/build/icyphy/ptII/ptolemy/actor/lib/test/auto/LevinsonDurbin.xml
2 ms. Memory: 395264K Free: 294398K (74%)
----------------- Invoking toplevel() on ptolemy.moml.MoMLSimpleApplication@2758c62b
----------------- Done invoking toplevel() on ptolemy.moml.MoMLSimpleApplication@2758c62b
reloadAllAccessors: .LevinsonDurbin

===========================================================================================
----------------- testing Sat Feb 22 07:08:42 UTC 2020 /home/travis/build/icyphy/ptII/ptolemy/actor/lib/test/auto/LevinsonDurbin2.xml
----------------- Instantiating /home/travis/build/icyphy/ptII/ptolemy/actor/lib/test/auto/LevinsonDurbin2.xml
2 ms. Memory: 395264K Free: 290816K (74%)
----------------- Invoking toplevel() on ptolemy.moml.MoMLSimpleApplication@735d035a
----------------- Done invoking toplevel() on ptolemy.moml.MoMLSimpleApplication@735d035a
reloadAllAccessors: .LevinsonDurbin2

===========================================================================================
----------------- testing Sat Feb 22 07:08:42 UTC 2020 /home/travis/build/icyphy/ptII/ptolemy/actor/lib/test/auto/LevinsonDurbin3.xml
----------------- Instantiating /home/travis/build/icyphy/ptII/ptolemy/actor/lib/test/auto/LevinsonDurbin3.xml
1 ms. Memory: 395264K Free: 286720K (73%)
----------------- Invoking toplevel() on ptolemy.moml.MoMLSimpleApplication@54abe5b3
----------------- Done invoking toplevel() on ptolemy.moml.MoMLSimpleApplication@54abe5b3
reloadAllAccessors: .LevinsonDurbin3

===========================================================================================
----------------- testing Sat Feb 22 07:08:42 UTC 2020 /home/travis/build/icyphy/ptII/ptolemy/actor/lib/test/auto/Limiter.xml
----------------- Instantiating /home/travis/build/icyphy/ptII/ptolemy/actor/lib/test/auto/Limiter.xml
6 ms. Memory: 395264K Free: 277504K (70%)
----------------- Invoking toplevel() on ptolemy.moml.MoMLSimpleApplication@592bdf08
----------------- Done invoking toplevel() on ptolemy.moml.MoMLSimpleApplication@592bdf08
reloadAllAccessors: .Limiter

===========================================================================================
----------------- testing Sat Feb 22 07:08:42 UTC 2020 /home/travis/build/icyphy/ptII/ptolemy/actor/lib/test/auto/LinearDifferenceEquationSystem.xml
----------------- Instantiating /home/travis/build/icyphy/ptII/ptolemy/actor/lib/test/auto/LinearDifferenceEquationSystem.xml
3 ms. Memory: 395264K Free: 270336K (68%)
----------------- Invoking toplevel() on ptolemy.moml.MoMLSimpleApplication@631c65c3
----------------- Done invoking toplevel() on ptolemy.moml.MoMLSimpleApplication@631c65c3
reloadAllAccessors: .LinearDifferenceEquationSystem

===========================================================================================
----------------- testing Sat Feb 22 07:08:42 UTC 2020 /home/travis/build/icyphy/ptII/ptolemy/actor/lib/test/auto/LookupTable.xml
----------------- Instantiating /home/travis/build/icyphy/ptII/ptolemy/actor/lib/test/auto/LookupTable.xml
1 ms. Memory: 395264K Free: 265726K (67%)
----------------- Invoking toplevel() on ptolemy.moml.MoMLSimpleApplication@62d8aaae
----------------- Done invoking toplevel() on ptolemy.moml.MoMLSimpleApplication@62d8aaae
reloadAllAccessors: .LookupTable

===========================================================================================
----------------- testing Sat Feb 22 07:08:42 UTC 2020 /home/travis/build/icyphy/ptII/ptolemy/actor/lib/test/auto/MathFunction.xml
----------------- Instantiating /home/travis/build/icyphy/ptII/ptolemy/actor/lib/test/auto/MathFunction.xml
2 ms. Memory: 395264K Free: 257534K (65%)
----------------- Invoking toplevel() on ptolemy.moml.MoMLSimpleApplication@b6a7a50
----------------- Done invoking toplevel() on ptolemy.moml.MoMLSimpleApplication@b6a7a50
reloadAllAccessors: .MathFunction

===========================================================================================
----------------- testing Sat Feb 22 07:08:42 UTC 2020 /home/travis/build/icyphy/ptII/ptolemy/actor/lib/test/auto/MathFunction2.xml
----------------- Instantiating /home/travis/build/icyphy/ptII/ptolemy/actor/lib/test/auto/MathFunction2.xml
1 ms. Memory: 395264K Free: 253438K (64%)
----------------- Invoking toplevel() on ptolemy.moml.MoMLSimpleApplication@4ef79dcc
----------------- Done invoking toplevel() on ptolemy.moml.MoMLSimpleApplication@4ef79dcc
reloadAllAccessors: .MathFunction2

===========================================================================================
----------------- testing Sat Feb 22 07:08:42 UTC 2020 /home/travis/build/icyphy/ptII/ptolemy/actor/lib/test/auto/MathFunction3.xml
----------------- Instantiating /home/travis/build/icyphy/ptII/ptolemy/actor/lib/test/auto/MathFunction3.xml
4 ms. Memory: 395264K Free: 246270K (62%)
----------------- Invoking toplevel() on ptolemy.moml.MoMLSimpleApplication@c09d14a
----------------- Done invoking toplevel() on ptolemy.moml.MoMLSimpleApplication@c09d14a
reloadAllAccessors: .MathFunction3

===========================================================================================
----------------- testing Sat Feb 22 07:08:42 UTC 2020 /home/travis/build/icyphy/ptII/ptolemy/actor/lib/test/auto/MatrixCropBoolean.xml
----------------- Instantiating /home/travis/build/icyphy/ptII/ptolemy/actor/lib/test/auto/MatrixCropBoolean.xml
2 ms. Memory: 395264K Free: 241143K (61%)
----------------- Invoking toplevel() on ptolemy.moml.MoMLSimpleApplication@2401d5d1
----------------- Done invoking toplevel() on ptolemy.moml.MoMLSimpleApplication@2401d5d1
reloadAllAccessors: .MatrixCropBoolean

===========================================================================================
----------------- testing Sat Feb 22 07:08:42 UTC 2020 /home/travis/build/icyphy/ptII/ptolemy/actor/lib/test/auto/MatrixCropComplex.xml
----------------- Instantiating /home/travis/build/icyphy/ptII/ptolemy/actor/lib/test/auto/MatrixCropComplex.xml
1 ms. Memory: 395264K Free: 236015K (60%)
----------------- Invoking toplevel() on ptolemy.moml.MoMLSimpleApplication@20c37b99
----------------- Done invoking toplevel() on ptolemy.moml.MoMLSimpleApplication@20c37b99
reloadAllAccessors: .MatrixCropComplex

===========================================================================================
----------------- testing Sat Feb 22 07:08:42 UTC 2020 /home/travis/build/icyphy/ptII/ptolemy/actor/lib/test/auto/MatrixCropDouble.xml
----------------- Instantiating /home/travis/build/icyphy/ptII/ptolemy/actor/lib/test/auto/MatrixCropDouble.xml
1 ms. Memory: 395264K Free: 230895K (58%)
----------------- Invoking toplevel() on ptolemy.moml.MoMLSimpleApplication@5a153d9b
----------------- Done invoking toplevel() on ptolemy.moml.MoMLSimpleApplication@5a153d9b
reloadAllAccessors: .MatrixCropDouble

===========================================================================================
----------------- testing Sat Feb 22 07:08:42 UTC 2020 /home/travis/build/icyphy/ptII/ptolemy/actor/lib/test/auto/MatrixCropFix.xml
----------------- Instantiating /home/travis/build/icyphy/ptII/ptolemy/actor/lib/test/auto/MatrixCropFix.xml
1 ms. Memory: 395264K Free: 225759K (57%)
----------------- Invoking toplevel() on ptolemy.moml.MoMLSimpleApplication@57ab78e5
----------------- Done invoking toplevel() on ptolemy.moml.MoMLSimpleApplication@57ab78e5
reloadAllAccessors: .MatrixCropFix

===========================================================================================
----------------- testing Sat Feb 22 07:08:42 UTC 2020 /home/travis/build/icyphy/ptII/ptolemy/actor/lib/test/auto/MatrixCropInt.xml
----------------- Instantiating /home/travis/build/icyphy/ptII/ptolemy/actor/lib/test/auto/MatrixCropInt.xml
2 ms. Memory: 395264K Free: 220639K (56%)
----------------- Invoking toplevel() on ptolemy.moml.MoMLSimpleApplication@6de3bbc2
----------------- Done invoking toplevel() on ptolemy.moml.MoMLSimpleApplication@6de3bbc2
reloadAllAccessors: .MatrixCropInt

===========================================================================================
----------------- testing Sat Feb 22 07:08:42 UTC 2020 /home/travis/build/icyphy/ptII/ptolemy/actor/lib/test/auto/MatrixCropLong.xml
----------------- Instantiating /home/travis/build/icyphy/ptII/ptolemy/actor/lib/test/auto/MatrixCropLong.xml
2 ms. Memory: 395264K Free: 215535K (55%)
----------------- Invoking toplevel() on ptolemy.moml.MoMLSimpleApplication@4c8cc97e
----------------- Done invoking toplevel() on ptolemy.moml.MoMLSimpleApplication@4c8cc97e
reloadAllAccessors: .MatrixCropLong

===========================================================================================
----------------- testing Sat Feb 22 07:08:42 UTC 2020 /home/travis/build/icyphy/ptII/ptolemy/actor/lib/test/auto/MatrixToArray.xml
----------------- Instantiating /home/travis/build/icyphy/ptII/ptolemy/actor/lib/test/auto/MatrixToArray.xml
15 ms. Memory: 395264K Free: 200704K (51%)
----------------- Invoking toplevel() on ptolemy.moml.MoMLSimpleApplication@2a3de884
----------------- Done invoking toplevel() on ptolemy.moml.MoMLSimpleApplication@2a3de884
reloadAllAccessors: .MatrixToArray

===========================================================================================
----------------- testing Sat Feb 22 07:08:42 UTC 2020 /home/travis/build/icyphy/ptII/ptolemy/actor/lib/test/auto/MaxIndex.xml
----------------- Instantiating /home/travis/build/icyphy/ptII/ptolemy/actor/lib/test/auto/MaxIndex.xml
2 ms. Memory: 395264K Free: 195584K (49%)
----------------- Invoking toplevel() on ptolemy.moml.MoMLSimpleApplication@50d3a97d
----------------- Done invoking toplevel() on ptolemy.moml.MoMLSimpleApplication@50d3a97d
reloadAllAccessors: .MaxIndex

===========================================================================================
----------------- testing Sat Feb 22 07:08:42 UTC 2020 /home/travis/build/icyphy/ptII/ptolemy/actor/lib/test/auto/Maximum.xml
----------------- Instantiating /home/travis/build/icyphy/ptII/ptolemy/actor/lib/test/auto/Maximum.xml
5 ms. Memory: 395264K Free: 188895K (48%)
----------------- Invoking toplevel() on ptolemy.moml.MoMLSimpleApplication@fecb357
----------------- Done invoking toplevel() on ptolemy.moml.MoMLSimpleApplication@fecb357
reloadAllAccessors: .Maximum

===========================================================================================
----------------- testing Sat Feb 22 07:08:42 UTC 2020 /home/travis/build/icyphy/ptII/ptolemy/actor/lib/test/auto/MaximumComplex.xml
----------------- Instantiating /home/travis/build/icyphy/ptII/ptolemy/actor/lib/test/auto/MaximumComplex.xml
4 ms. Memory: 395264K Free: 182767K (46%)
----------------- Invoking toplevel() on ptolemy.moml.MoMLSimpleApplication@ddbf49d
----------------- Done invoking toplevel() on ptolemy.moml.MoMLSimpleApplication@ddbf49d
reloadAllAccessors: .MaximumComplex

===========================================================================================
----------------- testing Sat Feb 22 07:08:42 UTC 2020 /home/travis/build/icyphy/ptII/ptolemy/actor/lib/test/auto/MethodCallTest.xml
----------------- Instantiating /home/travis/build/icyphy/ptII/ptolemy/actor/lib/test/auto/MethodCallTest.xml
3 ms. Memory: 395264K Free: 176128K (45%)
----------------- Invoking toplevel() on ptolemy.moml.MoMLSimpleApplication@1de82da3
----------------- Done invoking toplevel() on ptolemy.moml.MoMLSimpleApplication@1de82da3
reloadAllAccessors: .MethodCallTest

===========================================================================================
----------------- testing Sat Feb 22 07:08:42 UTC 2020 /home/travis/build/icyphy/ptII/ptolemy/actor/lib/test/auto/Minimum.xml
----------------- Instantiating /home/travis/build/icyphy/ptII/ptolemy/actor/lib/test/auto/Minimum.xml
2 ms. Memory: 395264K Free: 169984K (43%)
----------------- Invoking toplevel() on ptolemy.moml.MoMLSimpleApplication@25b86583
----------------- Done invoking toplevel() on ptolemy.moml.MoMLSimpleApplication@25b86583
reloadAllAccessors: .Minimum

===========================================================================================
----------------- testing Sat Feb 22 07:08:42 UTC 2020 /home/travis/build/icyphy/ptII/ptolemy/actor/lib/test/auto/MinimumComplex.xml
----------------- Instantiating /home/travis/build/icyphy/ptII/ptolemy/actor/lib/test/auto/MinimumComplex.xml
3 ms. Memory: 395264K Free: 163840K (41%)
----------------- Invoking toplevel() on ptolemy.moml.MoMLSimpleApplication@40face
----------------- Done invoking toplevel() on ptolemy.moml.MoMLSimpleApplication@40face
reloadAllAccessors: .MinimumComplex

===========================================================================================
----------------- testing Sat Feb 22 07:08:42 UTC 2020 /home/travis/build/icyphy/ptII/ptolemy/actor/lib/test/auto/MinimumMultiports.xml
----------------- Instantiating /home/travis/build/icyphy/ptII/ptolemy/actor/lib/test/auto/MinimumMultiports.xml
2 ms. Memory: 395264K Free: 155119K (39%)
----------------- Invoking toplevel() on ptolemy.moml.MoMLSimpleApplication@15551d5c
----------------- Done invoking toplevel() on ptolemy.moml.MoMLSimpleApplication@15551d5c
reloadAllAccessors: .MinimumMultiports

===========================================================================================
----------------- testing Sat Feb 22 07:08:42 UTC 2020 /home/travis/build/icyphy/ptII/ptolemy/actor/lib/test/auto/ModifyDate.xml
----------------- Instantiating /home/travis/build/icyphy/ptII/ptolemy/actor/lib/test/auto/ModifyDate.xml
6 ms. Memory: 395264K Free: 142336K (36%)
----------------- Invoking toplevel() on ptolemy.moml.MoMLSimpleApplication@52542b98
----------------- Done invoking toplevel() on ptolemy.moml.MoMLSimpleApplication@52542b98
reloadAllAccessors: .ModifyDate

===========================================================================================
----------------- testing Sat Feb 22 07:08:42 UTC 2020 /home/travis/build/icyphy/ptII/ptolemy/actor/lib/test/auto/ModifyDate2.xml
----------------- Instantiating /home/travis/build/icyphy/ptII/ptolemy/actor/lib/test/auto/ModifyDate2.xml
3 ms. Memory: 395264K Free: 133630K (34%)
----------------- Invoking toplevel() on ptolemy.moml.MoMLSimpleApplication@39722732
----------------- Done invoking toplevel() on ptolemy.moml.MoMLSimpleApplication@39722732
reloadAllAccessors: .ModifyDate2

===========================================================================================
----------------- testing Sat Feb 22 07:08:42 UTC 2020 /home/travis/build/icyphy/ptII/ptolemy/actor/lib/test/auto/MovingAverage.xml
----------------- Instantiating /home/travis/build/icyphy/ptII/ptolemy/actor/lib/test/auto/MovingAverage.xml
2 ms. Memory: 395264K Free: 128510K (33%)
----------------- Invoking toplevel() on ptolemy.moml.MoMLSimpleApplication@19587e83
----------------- Done invoking toplevel() on ptolemy.moml.MoMLSimpleApplication@19587e83
reloadAllAccessors: .MovingAverage

===========================================================================================
----------------- testing Sat Feb 22 07:08:43 UTC 2020 /home/travis/build/icyphy/ptII/ptolemy/actor/lib/test/auto/MovingMaximum.xml
----------------- Instantiating /home/travis/build/icyphy/ptII/ptolemy/actor/lib/test/auto/MovingMaximum.xml
1 ms. Memory: 395264K Free: 123904K (31%)
----------------- Invoking toplevel() on ptolemy.moml.MoMLSimpleApplication@2485b6c7
----------------- Done invoking toplevel() on ptolemy.moml.MoMLSimpleApplication@2485b6c7
reloadAllAccessors: .MovingMaximum

===========================================================================================
----------------- testing Sat Feb 22 07:08:43 UTC 2020 /home/travis/build/icyphy/ptII/ptolemy/actor/lib/test/auto/MultipleLinksToSameRelation.xml
----------------- Instantiating /home/travis/build/icyphy/ptII/ptolemy/actor/lib/test/auto/MultipleLinksToSameRelation.xml
4 ms. Memory: 395264K Free: 119808K (30%)
----------------- Invoking toplevel() on ptolemy.moml.MoMLSimpleApplication@1c4d73c4
----------------- Done invoking toplevel() on ptolemy.moml.MoMLSimpleApplication@1c4d73c4
reloadAllAccessors: .MultipleLinksToSameRelation

===========================================================================================
----------------- testing Sat Feb 22 07:08:43 UTC 2020 /home/travis/build/icyphy/ptII/ptolemy/actor/lib/test/auto/MultipleLinksToSameRelationDE.xml
----------------- Instantiating /home/travis/build/icyphy/ptII/ptolemy/actor/lib/test/auto/MultipleLinksToSameRelationDE.xml
10 ms. Memory: 395264K Free: 115167K (29%)
----------------- Invoking toplevel() on ptolemy.moml.MoMLSimpleApplication@3aa4e74a
----------------- Done invoking toplevel() on ptolemy.moml.MoMLSimpleApplication@3aa4e74a
reloadAllAccessors: .MultipleLinksToSameRelationDE

===========================================================================================
----------------- testing Sat Feb 22 07:08:43 UTC 2020 /home/travis/build/icyphy/ptII/ptolemy/actor/lib/test/auto/Multiplexor.xml
----------------- Instantiating /home/travis/build/icyphy/ptII/ptolemy/actor/lib/test/auto/Multiplexor.xml
3 ms. Memory: 395264K Free: 343040K (87%)
----------------- Invoking toplevel() on ptolemy.moml.MoMLSimpleApplication@3c33ac6a
----------------- Done invoking toplevel() on ptolemy.moml.MoMLSimpleApplication@3c33ac6a
reloadAllAccessors: .Multiplexor

===========================================================================================
----------------- testing Sat Feb 22 07:08:43 UTC 2020 /home/travis/build/icyphy/ptII/ptolemy/actor/lib/test/auto/Multiplexor1.xml
----------------- Instantiating /home/travis/build/icyphy/ptII/ptolemy/actor/lib/test/auto/Multiplexor1.xml
2 ms. Memory: 395264K Free: 336896K (85%)
----------------- Invoking toplevel() on ptolemy.moml.MoMLSimpleApplication@42d2ee31
----------------- Done invoking toplevel() on ptolemy.moml.MoMLSimpleApplication@42d2ee31
reloadAllAccessors: .Multiplexor1

===========================================================================================
----------------- testing Sat Feb 22 07:08:43 UTC 2020 /home/travis/build/icyphy/ptII/ptolemy/actor/lib/test/auto/Multiplexor2.xml
----------------- Instantiating /home/travis/build/icyphy/ptII/ptolemy/actor/lib/test/auto/Multiplexor2.xml
2 ms. Memory: 395264K Free: 330238K (84%)
----------------- Invoking toplevel() on ptolemy.moml.MoMLSimpleApplication@6e48e31a
----------------- Done invoking toplevel() on ptolemy.moml.MoMLSimpleApplication@6e48e31a
reloadAllAccessors: .Multiplexor2

===========================================================================================
----------------- testing Sat Feb 22 07:08:43 UTC 2020 /home/travis/build/icyphy/ptII/ptolemy/actor/lib/test/auto/Multiplexor3.xml
----------------- Instantiating /home/travis/build/icyphy/ptII/ptolemy/actor/lib/test/auto/Multiplexor3.xml
2 ms. Memory: 395264K Free: 326142K (83%)
----------------- Invoking toplevel() on ptolemy.moml.MoMLSimpleApplication@29ef69e
----------------- Done invoking toplevel() on ptolemy.moml.MoMLSimpleApplication@29ef69e
reloadAllAccessors: .Multiplexor3

===========================================================================================
----------------- testing Sat Feb 22 07:08:43 UTC 2020 /home/travis/build/icyphy/ptII/ptolemy/actor/lib/test/auto/MultiplexorDE.xml
----------------- Instantiating /home/travis/build/icyphy/ptII/ptolemy/actor/lib/test/auto/MultiplexorDE.xml
2 ms. Memory: 395264K Free: 318464K (81%)
----------------- Invoking toplevel() on ptolemy.moml.MoMLSimpleApplication@5d1e650f
----------------- Done invoking toplevel() on ptolemy.moml.MoMLSimpleApplication@5d1e650f
reloadAllAccessors: .MultiplexorDE

===========================================================================================
----------------- testing Sat Feb 22 07:08:43 UTC 2020 /home/travis/build/icyphy/ptII/ptolemy/actor/lib/test/auto/MultiportBroadcastTest.xml
----------------- Instantiating /home/travis/build/icyphy/ptII/ptolemy/actor/lib/test/auto/MultiportBroadcastTest.xml
84 ms. Memory: 395264K Free: 312320K (79%)
----------------- Invoking toplevel() on ptolemy.moml.MoMLSimpleApplication@544bf439
----------------- Done invoking toplevel() on ptolemy.moml.MoMLSimpleApplication@544bf439
reloadAllAccessors: .MultiportBroadcastTest

===========================================================================================
----------------- testing Sat Feb 22 07:08:43 UTC 2020 /home/travis/build/icyphy/ptII/ptolemy/actor/lib/test/auto/MultiportOutHangDuringGetWidth.xml
----------------- Instantiating /home/travis/build/icyphy/ptII/ptolemy/actor/lib/test/auto/MultiportOutHangDuringGetWidth.xml
5 ms. Memory: 395264K Free: 300032K (76%)
----------------- Invoking toplevel() on ptolemy.moml.MoMLSimpleApplication@3754aff8
----------------- Done invoking toplevel() on ptolemy.moml.MoMLSimpleApplication@3754aff8
reloadAllAccessors: .MultiportOutHangDuringGetWidth

===========================================================================================
----------------- testing Sat Feb 22 07:08:43 UTC 2020 /home/travis/build/icyphy/ptII/ptolemy/actor/lib/test/auto/NilToken.xml
----------------- Instantiating /home/travis/build/icyphy/ptII/ptolemy/actor/lib/test/auto/NilToken.xml
1 ms. Memory: 395264K Free: 295936K (75%)
----------------- Invoking toplevel() on ptolemy.moml.MoMLSimpleApplication@eef942c
----------------- Done invoking toplevel() on ptolemy.moml.MoMLSimpleApplication@eef942c
reloadAllAccessors: .NilToken

===========================================================================================
----------------- testing Sat Feb 22 07:08:43 UTC 2020 /home/travis/build/icyphy/ptII/ptolemy/actor/lib/test/auto/NilTokenNonStrictTest.xml
----------------- Instantiating /home/travis/build/icyphy/ptII/ptolemy/actor/lib/test/auto/NilTokenNonStrictTest.xml
1 ms. Memory: 395264K Free: 291326K (74%)
----------------- Invoking toplevel() on ptolemy.moml.MoMLSimpleApplication@76f79a1b
----------------- Done invoking toplevel() on ptolemy.moml.MoMLSimpleApplication@76f79a1b
reloadAllAccessors: .NilTokenNonStrictTest

===========================================================================================
----------------- testing Sat Feb 22 07:08:43 UTC 2020 /home/travis/build/icyphy/ptII/ptolemy/actor/lib/test/auto/NilTokenRecord.xml
----------------- Instantiating /home/travis/build/icyphy/ptII/ptolemy/actor/lib/test/auto/NilTokenRecord.xml
12 ms. Memory: 395264K Free: 284672K (72%)
----------------- Invoking toplevel() on ptolemy.moml.MoMLSimpleApplication@3f63a256
----------------- Done invoking toplevel() on ptolemy.moml.MoMLSimpleApplication@3f63a256
reloadAllAccessors: .NilTokenRecord

===========================================================================================
----------------- testing Sat Feb 22 07:08:43 UTC 2020 /home/travis/build/icyphy/ptII/ptolemy/actor/lib/test/auto/NilTokenTypeTest.xml
----------------- Instantiating /home/travis/build/icyphy/ptII/ptolemy/actor/lib/test/auto/NilTokenTypeTest.xml
6 ms. Memory: 395264K Free: 274942K (70%)
----------------- Invoking toplevel() on ptolemy.moml.MoMLSimpleApplication@b31524b
----------------- Done invoking toplevel() on ptolemy.moml.MoMLSimpleApplication@b31524b
reloadAllAccessors: .NilTokenTypeTest

===========================================================================================
----------------- testing Sat Feb 22 07:08:43 UTC 2020 /home/travis/build/icyphy/ptII/ptolemy/actor/lib/test/auto/ObjectToken1.xml
----------------- Instantiating /home/travis/build/icyphy/ptII/ptolemy/actor/lib/test/auto/ObjectToken1.xml
2 ms. Memory: 395264K Free: 270846K (69%)
----------------- Invoking toplevel() on ptolemy.moml.MoMLSimpleApplication@6b26b2c
----------------- Done invoking toplevel() on ptolemy.moml.MoMLSimpleApplication@6b26b2c
reloadAllAccessors: .ObjectToken1

===========================================================================================
----------------- testing Sat Feb 22 07:08:43 UTC 2020 /home/travis/build/icyphy/ptII/ptolemy/actor/lib/test/auto/OrderedMerge.xml
----------------- Instantiating /home/travis/build/icyphy/ptII/ptolemy/actor/lib/test/auto/OrderedMerge.xml
8 ms. Memory: 395264K Free: 265216K (67%)
----------------- Invoking toplevel() on ptolemy.moml.MoMLSimpleApplication@5f3d0d7b
----------------- Done invoking toplevel() on ptolemy.moml.MoMLSimpleApplication@5f3d0d7b
reloadAllAccessors: .OrderedMerge

===========================================================================================
----------------- testing Sat Feb 22 07:08:43 UTC 2020 /home/travis/build/icyphy/ptII/ptolemy/actor/lib/test/auto/OrderedRecordDisassembler.xml
----------------- Instantiating /home/travis/build/icyphy/ptII/ptolemy/actor/lib/test/auto/OrderedRecordDisassembler.xml
3 ms. Memory: 395264K Free: 260096K (66%)
----------------- Invoking toplevel() on ptolemy.moml.MoMLSimpleApplication@454d0cac
----------------- Done invoking toplevel() on ptolemy.moml.MoMLSimpleApplication@454d0cac
reloadAllAccessors: .OrderedRecordDisassembler

===========================================================================================
----------------- testing Sat Feb 22 07:08:43 UTC 2020 /home/travis/build/icyphy/ptII/ptolemy/actor/lib/test/auto/OrderedRecordDisassembler2.xml
----------------- Instantiating /home/travis/build/icyphy/ptII/ptolemy/actor/lib/test/auto/OrderedRecordDisassembler2.xml
3 ms. Memory: 395264K Free: 252399K (64%)
----------------- Invoking toplevel() on ptolemy.moml.MoMLSimpleApplication@28fb2cfe
----------------- Done invoking toplevel() on ptolemy.moml.MoMLSimpleApplication@28fb2cfe
reloadAllAccessors: .OrderedRecordDisassembler2

===========================================================================================
----------------- testing Sat Feb 22 07:08:43 UTC 2020 /home/travis/build/icyphy/ptII/ptolemy/actor/lib/test/auto/OrderedRecordUpdater.xml
----------------- Instantiating /home/travis/build/icyphy/ptII/ptolemy/actor/lib/test/auto/OrderedRecordUpdater.xml
2 ms. Memory: 395264K Free: 247294K (63%)
----------------- Invoking toplevel() on ptolemy.moml.MoMLSimpleApplication@5cb3f92f
----------------- Done invoking toplevel() on ptolemy.moml.MoMLSimpleApplication@5cb3f92f
reloadAllAccessors: .RecordUpdater

===========================================================================================
----------------- testing Sat Feb 22 07:08:43 UTC 2020 /home/travis/build/icyphy/ptII/ptolemy/actor/lib/test/auto/OrderedRecordUpdater2.xml
----------------- Instantiating /home/travis/build/icyphy/ptII/ptolemy/actor/lib/test/auto/OrderedRecordUpdater2.xml
2 ms. Memory: 395264K Free: 242174K (61%)
----------------- Invoking toplevel() on ptolemy.moml.MoMLSimpleApplication@a7c0eb4
----------------- Done invoking toplevel() on ptolemy.moml.MoMLSimpleApplication@a7c0eb4
reloadAllAccessors: .RecordUpdater2

===========================================================================================
----------------- testing Sat Feb 22 07:08:43 UTC 2020 /home/travis/build/icyphy/ptII/ptolemy/actor/lib/test/auto/PhaseUnwrap.xml
----------------- Instantiating /home/travis/build/icyphy/ptII/ptolemy/actor/lib/test/auto/PhaseUnwrap.xml
1 ms. Memory: 395264K Free: 237568K (60%)
----------------- Invoking toplevel() on ptolemy.moml.MoMLSimpleApplication@1f97e4de
----------------- Done invoking toplevel() on ptolemy.moml.MoMLSimpleApplication@1f97e4de
reloadAllAccessors: .PhaseUnwrap

===========================================================================================
----------------- testing Sat Feb 22 07:08:43 UTC 2020 /home/travis/build/icyphy/ptII/ptolemy/actor/lib/test/auto/PoissonClock.xml
----------------- Instantiating /home/travis/build/icyphy/ptII/ptolemy/actor/lib/test/auto/PoissonClock.xml
1 ms. Memory: 395264K Free: 233472K (59%)
----------------- Invoking toplevel() on ptolemy.moml.MoMLSimpleApplication@2301491f
----------------- Done invoking toplevel() on ptolemy.moml.MoMLSimpleApplication@2301491f
reloadAllAccessors: .PoissonClock

===========================================================================================
----------------- testing Sat Feb 22 07:08:43 UTC 2020 /home/travis/build/icyphy/ptII/ptolemy/actor/lib/test/auto/PoissonClock2.xml
----------------- Instantiating /home/travis/build/icyphy/ptII/ptolemy/actor/lib/test/auto/PoissonClock2.xml
1 ms. Memory: 395264K Free: 228352K (58%)
----------------- Invoking toplevel() on ptolemy.moml.MoMLSimpleApplication@f7ef87e
----------------- Done invoking toplevel() on ptolemy.moml.MoMLSimpleApplication@f7ef87e
reloadAllAccessors: .PoissonClock2

===========================================================================================
----------------- testing Sat Feb 22 07:08:43 UTC 2020 /home/travis/build/icyphy/ptII/ptolemy/actor/lib/test/auto/PoissonClock3.xml
----------------- Instantiating /home/travis/build/icyphy/ptII/ptolemy/actor/lib/test/auto/PoissonClock3.xml
1 ms. Memory: 395264K Free: 223742K (57%)
----------------- Invoking toplevel() on ptolemy.moml.MoMLSimpleApplication@30cfeb18
----------------- Done invoking toplevel() on ptolemy.moml.MoMLSimpleApplication@30cfeb18
reloadAllAccessors: .PoissonClock3

===========================================================================================
----------------- testing Sat Feb 22 07:08:43 UTC 2020 /home/travis/build/icyphy/ptII/ptolemy/actor/lib/test/auto/PubSubWithInitialTokens.xml
----------------- Instantiating /home/travis/build/icyphy/ptII/ptolemy/actor/lib/test/auto/PubSubWithInitialTokens.xml
2 ms. Memory: 395264K Free: 218112K (55%)
----------------- Invoking toplevel() on ptolemy.moml.MoMLSimpleApplication@654b1ad
----------------- Done invoking toplevel() on ptolemy.moml.MoMLSimpleApplication@654b1ad
reloadAllAccessors: .PubSubWithInitialTokens

===========================================================================================
----------------- testing Sat Feb 22 07:08:43 UTC 2020 /home/travis/build/icyphy/ptII/ptolemy/actor/lib/test/auto/PubSubWithInitialTokens2.xml
----------------- Instantiating /home/travis/build/icyphy/ptII/ptolemy/actor/lib/test/auto/PubSubWithInitialTokens2.xml
2 ms. Memory: 395264K Free: 211968K (54%)
----------------- Invoking toplevel() on ptolemy.moml.MoMLSimpleApplication@de979e9
----------------- Done invoking toplevel() on ptolemy.moml.MoMLSimpleApplication@de979e9
reloadAllAccessors: .PubSubWithInitialTokens2

===========================================================================================
----------------- testing Sat Feb 22 07:08:43 UTC 2020 /home/travis/build/icyphy/ptII/ptolemy/actor/lib/test/auto/PublisherClassNoParameter.xml
----------------- Instantiating /home/travis/build/icyphy/ptII/ptolemy/actor/lib/test/auto/PublisherClassNoParameter.xml
4 ms. Memory: 395264K Free: 201728K (51%)
----------------- Invoking toplevel() on ptolemy.moml.MoMLSimpleApplication@79e80f4b
----------------- Done invoking toplevel() on ptolemy.moml.MoMLSimpleApplication@79e80f4b
reloadAllAccessors: .PublisherClassNoParameter

===========================================================================================
----------------- testing Sat Feb 22 07:08:43 UTC 2020 /home/travis/build/icyphy/ptII/ptolemy/actor/lib/test/auto/PublisherClassParameter.xml
----------------- Instantiating /home/travis/build/icyphy/ptII/ptolemy/actor/lib/test/auto/PublisherClassParameter.xml
2 ms. Memory: 395264K Free: 190974K (48%)
----------------- Invoking toplevel() on ptolemy.moml.MoMLSimpleApplication@61ed0d9b
----------------- Done invoking toplevel() on ptolemy.moml.MoMLSimpleApplication@61ed0d9b
reloadAllAccessors: .PublisherClassParameter

===========================================================================================
----------------- testing Sat Feb 22 07:08:43 UTC 2020 /home/travis/build/icyphy/ptII/ptolemy/actor/lib/test/auto/PublisherNonStrictTest.xml
----------------- Instantiating /home/travis/build/icyphy/ptII/ptolemy/actor/lib/test/auto/PublisherNonStrictTest.xml
3 ms. Memory: 395264K Free: 183296K (46%)
----------------- Invoking toplevel() on ptolemy.moml.MoMLSimpleApplication@16ffa23c
----------------- Done invoking toplevel() on ptolemy.moml.MoMLSimpleApplication@16ffa23c
reloadAllAccessors: .PublisherNonStrictTest

===========================================================================================
----------------- testing Sat Feb 22 07:08:43 UTC 2020 /home/travis/build/icyphy/ptII/ptolemy/actor/lib/test/auto/PublisherPort1.xml
----------------- Instantiating /home/travis/build/icyphy/ptII/ptolemy/actor/lib/test/auto/PublisherPort1.xml
13 ms. Memory: 395264K Free: 177647K (45%)
----------------- Invoking toplevel() on ptolemy.moml.MoMLSimpleApplication@4a29860
----------------- Done invoking toplevel() on ptolemy.moml.MoMLSimpleApplication@4a29860
reloadAllAccessors: .PublisherPort1

===========================================================================================
----------------- testing Sat Feb 22 07:08:43 UTC 2020 /home/travis/build/icyphy/ptII/ptolemy/actor/lib/test/auto/PublisherPort2.xml
----------------- Instantiating /home/travis/build/icyphy/ptII/ptolemy/actor/lib/test/auto/PublisherPort2.xml
2 ms. Memory: 395264K Free: 172542K (44%)
----------------- Invoking toplevel() on ptolemy.moml.MoMLSimpleApplication@2e63127b
----------------- Done invoking toplevel() on ptolemy.moml.MoMLSimpleApplication@2e63127b
reloadAllAccessors: .PublisherPort2

===========================================================================================
----------------- testing Sat Feb 22 07:08:43 UTC 2020 /home/travis/build/icyphy/ptII/ptolemy/actor/lib/test/auto/PublisherPort3.xml
----------------- Instantiating /home/travis/build/icyphy/ptII/ptolemy/actor/lib/test/auto/PublisherPort3.xml
3 ms. Memory: 395264K Free: 165888K (42%)
----------------- Invoking toplevel() on ptolemy.moml.MoMLSimpleApplication@257d1a0f
----------------- Done invoking toplevel() on ptolemy.moml.MoMLSimpleApplication@257d1a0f
reloadAllAccessors: .PublisherPort3

===========================================================================================
----------------- testing Sat Feb 22 07:08:43 UTC 2020 /home/travis/build/icyphy/ptII/ptolemy/actor/lib/test/auto/PublisherPort4.xml
----------------- Instantiating /home/travis/build/icyphy/ptII/ptolemy/actor/lib/test/auto/PublisherPort4.xml
2 ms. Memory: 395264K Free: 159744K (40%)
----------------- Invoking toplevel() on ptolemy.moml.MoMLSimpleApplication@522f98c7
----------------- Done invoking toplevel() on ptolemy.moml.MoMLSimpleApplication@522f98c7
reloadAllAccessors: .PublisherPort4

===========================================================================================
----------------- testing Sat Feb 22 07:08:43 UTC 2020 /home/travis/build/icyphy/ptII/ptolemy/actor/lib/test/auto/PublisherPort5.xml
----------------- Instantiating /home/travis/build/icyphy/ptII/ptolemy/actor/lib/test/auto/PublisherPort5.xml
3 ms. Memory: 395264K Free: 152062K (38%)
----------------- Invoking toplevel() on ptolemy.moml.MoMLSimpleApplication@1bb4925c
----------------- Done invoking toplevel() on ptolemy.moml.MoMLSimpleApplication@1bb4925c
reloadAllAccessors: .PublisherPort5

===========================================================================================
----------------- testing Sat Feb 22 07:08:43 UTC 2020 /home/travis/build/icyphy/ptII/ptolemy/actor/lib/test/auto/PublisherPort5LookAlike.xml
----------------- Instantiating /home/travis/build/icyphy/ptII/ptolemy/actor/lib/test/auto/PublisherPort5LookAlike.xml
13 ms. Memory: 395264K Free: 144384K (37%)
----------------- Invoking toplevel() on ptolemy.moml.MoMLSimpleApplication@1f103fa2
----------------- Done invoking toplevel() on ptolemy.moml.MoMLSimpleApplication@1f103fa2
reloadAllAccessors: .PublisherPort5LookAlike

===========================================================================================
----------------- testing Sat Feb 22 07:08:43 UTC 2020 /home/travis/build/icyphy/ptII/ptolemy/actor/lib/test/auto/PublisherPort6.xml
----------------- Instantiating /home/travis/build/icyphy/ptII/ptolemy/actor/lib/test/auto/PublisherPort6.xml
2 ms. Memory: 395264K Free: 137711K (35%)
----------------- Invoking toplevel() on ptolemy.moml.MoMLSimpleApplication@763efa3
----------------- Done invoking toplevel() on ptolemy.moml.MoMLSimpleApplication@763efa3
reloadAllAccessors: .PublisherPort6

===========================================================================================
----------------- testing Sat Feb 22 07:08:43 UTC 2020 /home/travis/build/icyphy/ptII/ptolemy/actor/lib/test/auto/PublisherPort7.xml
----------------- Instantiating /home/travis/build/icyphy/ptII/ptolemy/actor/lib/test/auto/PublisherPort7.xml
3 ms. Memory: 395264K Free: 130048K (33%)
----------------- Invoking toplevel() on ptolemy.moml.MoMLSimpleApplication@22fe7d9e
----------------- Done invoking toplevel() on ptolemy.moml.MoMLSimpleApplication@22fe7d9e
reloadAllAccessors: .PublisherPort7

===========================================================================================
----------------- testing Sat Feb 22 07:08:43 UTC 2020 /home/travis/build/icyphy/ptII/ptolemy/actor/lib/test/auto/PublisherPort8.xml
----------------- Instantiating /home/travis/build/icyphy/ptII/ptolemy/actor/lib/test/auto/PublisherPort8.xml
11 ms. Memory: 395264K Free: 121342K (31%)
----------------- Invoking toplevel() on ptolemy.moml.MoMLSimpleApplication@474809f4
----------------- Done invoking toplevel() on ptolemy.moml.MoMLSimpleApplication@474809f4
reloadAllAccessors: .PublisherPort8

===========================================================================================
----------------- testing Sat Feb 22 07:08:43 UTC 2020 /home/travis/build/icyphy/ptII/ptolemy/actor/lib/test/auto/PublisherPortSubscriberChannelVariablesAOC2.xml
----------------- Instantiating /home/travis/build/icyphy/ptII/ptolemy/actor/lib/test/auto/PublisherPortSubscriberChannelVariablesAOC2.xml
2 ms. Memory: 395264K Free: 336858K (85%)
----------------- Invoking toplevel() on ptolemy.moml.MoMLSimpleApplication@7b30bbac
----------------- Done invoking toplevel() on ptolemy.moml.MoMLSimpleApplication@7b30bbac
reloadAllAccessors: .PublisherPortSubscriberChannelVariablesAOC2

===========================================================================================
----------------- testing Sat Feb 22 07:08:43 UTC 2020 /home/travis/build/icyphy/ptII/ptolemy/actor/lib/test/auto/PublisherPortSubscriberOpaqueWidthInference.xml
----------------- Instantiating /home/travis/build/icyphy/ptII/ptolemy/actor/lib/test/auto/PublisherPortSubscriberOpaqueWidthInference.xml
3 ms. Memory: 395264K Free: 328666K (83%)
----------------- Invoking toplevel() on ptolemy.moml.MoMLSimpleApplication@22570446
----------------- Done invoking toplevel() on ptolemy.moml.MoMLSimpleApplication@22570446
reloadAllAccessors: .PublisherPortSubscriberOpaqueWidthInference

===========================================================================================
----------------- testing Sat Feb 22 07:08:43 UTC 2020 /home/travis/build/icyphy/ptII/ptolemy/actor/lib/test/auto/PublisherPortSubscriberPortAdjacent.xml
----------------- Instantiating /home/travis/build/icyphy/ptII/ptolemy/actor/lib/test/auto/PublisherPortSubscriberPortAdjacent.xml
2 ms. Memory: 395264K Free: 320488K (81%)
----------------- Invoking toplevel() on ptolemy.moml.MoMLSimpleApplication@36aed23f
----------------- Done invoking toplevel() on ptolemy.moml.MoMLSimpleApplication@36aed23f
reloadAllAccessors: .PublisherPortSubscriberPortAdjacent

===========================================================================================
----------------- testing Sat Feb 22 07:08:43 UTC 2020 /home/travis/build/icyphy/ptII/ptolemy/actor/lib/test/auto/PublisherPortSubscriberPortExpression.xml
----------------- Instantiating /home/travis/build/icyphy/ptII/ptolemy/actor/lib/test/auto/PublisherPortSubscriberPortExpression.xml
7 ms. Memory: 395264K Free: 312810K (79%)
----------------- Invoking toplevel() on ptolemy.moml.MoMLSimpleApplication@4e1db79c
----------------- Done invoking toplevel() on ptolemy.moml.MoMLSimpleApplication@4e1db79c
reloadAllAccessors: .PublisherPortSubscriberPortExpression

===========================================================================================
----------------- testing Sat Feb 22 07:08:43 UTC 2020 /home/travis/build/icyphy/ptII/ptolemy/actor/lib/test/auto/PublisherPortSubscriberPortOpaqueD3Reverse.xml
----------------- Instantiating /home/travis/build/icyphy/ptII/ptolemy/actor/lib/test/auto/PublisherPortSubscriberPortOpaqueD3Reverse.xml
8 ms. Memory: 395264K Free: 302570K (77%)
----------------- Invoking toplevel() on ptolemy.moml.MoMLSimpleApplication@e489d2d
----------------- Done invoking toplevel() on ptolemy.moml.MoMLSimpleApplication@e489d2d
reloadAllAccessors: .PublisherPortSubscriberPortOpaqueD3Reverse

===========================================================================================
----------------- testing Sat Feb 22 07:08:43 UTC 2020 /home/travis/build/icyphy/ptII/ptolemy/actor/lib/test/auto/PublisherPortSubscriberPortOpaqueWidthInference.xml
----------------- Instantiating /home/travis/build/icyphy/ptII/ptolemy/actor/lib/test/auto/PublisherPortSubscriberPortOpaqueWidthInference.xml
4 ms. Memory: 395264K Free: 294874K (75%)
----------------- Invoking toplevel() on ptolemy.moml.MoMLSimpleApplication@4b21accf
----------------- Done invoking toplevel() on ptolemy.moml.MoMLSimpleApplication@4b21accf
reloadAllAccessors: .PublisherPortSubscriberPortOpaqueWidthInference

===========================================================================================
----------------- testing Sat Feb 22 07:08:43 UTC 2020 /home/travis/build/icyphy/ptII/ptolemy/actor/lib/test/auto/PublisherPortToplevelSubscriberPortAOC.xml
----------------- Instantiating /home/travis/build/icyphy/ptII/ptolemy/actor/lib/test/auto/PublisherPortToplevelSubscriberPortAOC.xml
.PublisherPortToplevelSubscriberPortAOC.TestExceptionAttribute: initialize() was not invoked, but wrapup() was.  This is unusual, but not always a problem.  For example, exporting JNLP will do this.
1 ms. Memory: 395264K Free: 289258K (73%)
----------------- Invoking toplevel() on ptolemy.moml.MoMLSimpleApplication@1e384c71
----------------- Done invoking toplevel() on ptolemy.moml.MoMLSimpleApplication@1e384c71
reloadAllAccessors: .PublisherPortToplevelSubscriberPortAOC

===========================================================================================
----------------- testing Sat Feb 22 07:08:43 UTC 2020 /home/travis/build/icyphy/ptII/ptolemy/actor/lib/test/auto/PublisherSubscriber.xml
----------------- Instantiating /home/travis/build/icyphy/ptII/ptolemy/actor/lib/test/auto/PublisherSubscriber.xml
3 ms. Memory: 395264K Free: 281546K (71%)
----------------- Invoking toplevel() on ptolemy.moml.MoMLSimpleApplication@3d15efb
----------------- Done invoking toplevel() on ptolemy.moml.MoMLSimpleApplication@3d15efb
reloadAllAccessors: .PublisherSubscriber

===========================================================================================
----------------- testing Sat Feb 22 07:08:43 UTC 2020 /home/travis/build/icyphy/ptII/ptolemy/actor/lib/test/auto/PublisherSubscriber10.xml
----------------- Instantiating /home/travis/build/icyphy/ptII/ptolemy/actor/lib/test/auto/PublisherSubscriber10.xml
5 ms. Memory: 395264K Free: 272360K (69%)
----------------- Invoking toplevel() on ptolemy.moml.MoMLSimpleApplication@23117426
----------------- Done invoking toplevel() on ptolemy.moml.MoMLSimpleApplication@23117426
reloadAllAccessors: .PublisherSubscriber10

===========================================================================================
----------------- testing Sat Feb 22 07:08:43 UTC 2020 /home/travis/build/icyphy/ptII/ptolemy/actor/lib/test/auto/PublisherSubscriber10InitialOutputs.xml
----------------- Instantiating /home/travis/build/icyphy/ptII/ptolemy/actor/lib/test/auto/PublisherSubscriber10InitialOutputs.xml
12 ms. Memory: 395264K Free: 263144K (67%)
----------------- Invoking toplevel() on ptolemy.moml.MoMLSimpleApplication@1f9a7e4e
----------------- Done invoking toplevel() on ptolemy.moml.MoMLSimpleApplication@1f9a7e4e
reloadAllAccessors: .PublisherSubscriber10InitialOutputs

===========================================================================================
----------------- testing Sat Feb 22 07:08:44 UTC 2020 /home/travis/build/icyphy/ptII/ptolemy/actor/lib/test/auto/PublisherSubscriber11.xml
----------------- Instantiating /home/travis/build/icyphy/ptII/ptolemy/actor/lib/test/auto/PublisherSubscriber11.xml
2 ms. Memory: 395264K Free: 256970K (65%)
----------------- Invoking toplevel() on ptolemy.moml.MoMLSimpleApplication@6b1ec2eb
----------------- Done invoking toplevel() on ptolemy.moml.MoMLSimpleApplication@6b1ec2eb
reloadAllAccessors: .PublisherSubscriber11

===========================================================================================
----------------- testing Sat Feb 22 07:08:44 UTC 2020 /home/travis/build/icyphy/ptII/ptolemy/actor/lib/test/auto/PublisherSubscriber12.xml
----------------- Instantiating /home/travis/build/icyphy/ptII/ptolemy/actor/lib/test/auto/PublisherSubscriber12.xml
4 ms. Memory: 395264K Free: 249832K (63%)
----------------- Invoking toplevel() on ptolemy.moml.MoMLSimpleApplication@6d61f1e3
----------------- Done invoking toplevel() on ptolemy.moml.MoMLSimpleApplication@6d61f1e3
reloadAllAccessors: .PublisherSubscriber12

===========================================================================================
----------------- testing Sat Feb 22 07:08:44 UTC 2020 /home/travis/build/icyphy/ptII/ptolemy/actor/lib/test/auto/PublisherSubscriber13.xml
----------------- Instantiating /home/travis/build/icyphy/ptII/ptolemy/actor/lib/test/auto/PublisherSubscriber13.xml
2 ms. Memory: 395264K Free: 244202K (62%)
----------------- Invoking toplevel() on ptolemy.moml.MoMLSimpleApplication@6364b3f0
----------------- Done invoking toplevel() on ptolemy.moml.MoMLSimpleApplication@6364b3f0
reloadAllAccessors: .PublisherSubscriber13

===========================================================================================
----------------- testing Sat Feb 22 07:08:44 UTC 2020 /home/travis/build/icyphy/ptII/ptolemy/actor/lib/test/auto/PublisherSubscriber14.xml
----------------- Instantiating /home/travis/build/icyphy/ptII/ptolemy/actor/lib/test/auto/PublisherSubscriber14.xml
1 ms. Memory: 395264K Free: 234986K (59%)
----------------- Invoking toplevel() on ptolemy.moml.MoMLSimpleApplication@7da9a3bf
----------------- Done invoking toplevel() on ptolemy.moml.MoMLSimpleApplication@7da9a3bf
reloadAllAccessors: .PublisherSubscriber14

===========================================================================================
----------------- testing Sat Feb 22 07:08:44 UTC 2020 /home/travis/build/icyphy/ptII/ptolemy/actor/lib/test/auto/PublisherSubscriber2.xml
----------------- Instantiating /home/travis/build/icyphy/ptII/ptolemy/actor/lib/test/auto/PublisherSubscriber2.xml
3 ms. Memory: 395264K Free: 229338K (58%)
----------------- Invoking toplevel() on ptolemy.moml.MoMLSimpleApplication@37fa72ea
----------------- Done invoking toplevel() on ptolemy.moml.MoMLSimpleApplication@37fa72ea
reloadAllAccessors: .PublisherSubscriber2

===========================================================================================
----------------- testing Sat Feb 22 07:08:44 UTC 2020 /home/travis/build/icyphy/ptII/ptolemy/actor/lib/test/auto/PublisherSubscriber3.xml
----------------- Instantiating /home/travis/build/icyphy/ptII/ptolemy/actor/lib/test/auto/PublisherSubscriber3.xml
1 ms. Memory: 395264K Free: 223722K (57%)
----------------- Invoking toplevel() on ptolemy.moml.MoMLSimpleApplication@6974bc9b
----------------- Done invoking toplevel() on ptolemy.moml.MoMLSimpleApplication@6974bc9b
reloadAllAccessors: .PublisherSubscriber3

===========================================================================================
----------------- testing Sat Feb 22 07:08:44 UTC 2020 /home/travis/build/icyphy/ptII/ptolemy/actor/lib/test/auto/PublisherSubscriber4.xml
----------------- Instantiating /home/travis/build/icyphy/ptII/ptolemy/actor/lib/test/auto/PublisherSubscriber4.xml
2 ms. Memory: 395264K Free: 218602K (55%)
----------------- Invoking toplevel() on ptolemy.moml.MoMLSimpleApplication@10068ffc
----------------- Done invoking toplevel() on ptolemy.moml.MoMLSimpleApplication@10068ffc
reloadAllAccessors: .PublisherSubscriber4

===========================================================================================
----------------- testing Sat Feb 22 07:08:44 UTC 2020 /home/travis/build/icyphy/ptII/ptolemy/actor/lib/test/auto/PublisherSubscriber5.xml
----------------- Instantiating /home/travis/build/icyphy/ptII/ptolemy/actor/lib/test/auto/PublisherSubscriber5.xml
2 ms. Memory: 395264K Free: 211944K (54%)
----------------- Invoking toplevel() on ptolemy.moml.MoMLSimpleApplication@2697f4ee
----------------- Done invoking toplevel() on ptolemy.moml.MoMLSimpleApplication@2697f4ee
reloadAllAccessors: .PublisherSubscriber5

===========================================================================================
----------------- testing Sat Feb 22 07:08:44 UTC 2020 /home/travis/build/icyphy/ptII/ptolemy/actor/lib/test/auto/PublisherSubscriber6.xml
----------------- Instantiating /home/travis/build/icyphy/ptII/ptolemy/actor/lib/test/auto/PublisherSubscriber6.xml
3 ms. Memory: 395264K Free: 205290K (52%)
----------------- Invoking toplevel() on ptolemy.moml.MoMLSimpleApplication@2839c95e
----------------- Done invoking toplevel() on ptolemy.moml.MoMLSimpleApplication@2839c95e
reloadAllAccessors: .PublisherSubscriber6

===========================================================================================
----------------- testing Sat Feb 22 07:08:44 UTC 2020 /home/travis/build/icyphy/ptII/ptolemy/actor/lib/test/auto/PublisherSubscriber7.xml
----------------- Instantiating /home/travis/build/icyphy/ptII/ptolemy/actor/lib/test/auto/PublisherSubscriber7.xml
7 ms. Memory: 395264K Free: 197594K (50%)
----------------- Invoking toplevel() on ptolemy.moml.MoMLSimpleApplication@787a6463
----------------- Done invoking toplevel() on ptolemy.moml.MoMLSimpleApplication@787a6463
reloadAllAccessors: .PublisherSubscriber7

===========================================================================================
----------------- testing Sat Feb 22 07:08:44 UTC 2020 /home/travis/build/icyphy/ptII/ptolemy/actor/lib/test/auto/PublisherSubscriber8.xml
----------------- Instantiating /home/travis/build/icyphy/ptII/ptolemy/actor/lib/test/auto/PublisherSubscriber8.xml
15 ms. Memory: 395264K Free: 185834K (47%)
----------------- Invoking toplevel() on ptolemy.moml.MoMLSimpleApplication@22bc5083
----------------- Done invoking toplevel() on ptolemy.moml.MoMLSimpleApplication@22bc5083
reloadAllAccessors: .PublisherSubscriber8

===========================================================================================
----------------- testing Sat Feb 22 07:08:44 UTC 2020 /home/travis/build/icyphy/ptII/ptolemy/actor/lib/test/auto/PublisherSubscriber9.xml
----------------- Instantiating /home/travis/build/icyphy/ptII/ptolemy/actor/lib/test/auto/PublisherSubscriber9.xml
2 ms. Memory: 395264K Free: 178666K (45%)
----------------- Invoking toplevel() on ptolemy.moml.MoMLSimpleApplication@258e9ce2
----------------- Done invoking toplevel() on ptolemy.moml.MoMLSimpleApplication@258e9ce2
reloadAllAccessors: .PublisherSubscriber9

===========================================================================================
----------------- testing Sat Feb 22 07:08:44 UTC 2020 /home/travis/build/icyphy/ptII/ptolemy/actor/lib/test/auto/PublisherSubscriberAdjacent.xml
----------------- Instantiating /home/travis/build/icyphy/ptII/ptolemy/actor/lib/test/auto/PublisherSubscriberAdjacent.xml
2 ms. Memory: 395264K Free: 170474K (43%)
----------------- Invoking toplevel() on ptolemy.moml.MoMLSimpleApplication@23334b18
----------------- Done invoking toplevel() on ptolemy.moml.MoMLSimpleApplication@23334b18
reloadAllAccessors: .PublisherSubscriberAdjacent

===========================================================================================
----------------- testing Sat Feb 22 07:08:44 UTC 2020 /home/travis/build/icyphy/ptII/ptolemy/actor/lib/test/auto/PublisherSubscriberChannelVariablesAOC2.xml
----------------- Instantiating /home/travis/build/icyphy/ptII/ptolemy/actor/lib/test/auto/PublisherSubscriberChannelVariablesAOC2.xml
3 ms. Memory: 395264K Free: 155624K (39%)
----------------- Invoking toplevel() on ptolemy.moml.MoMLSimpleApplication@20dd2835
----------------- Done invoking toplevel() on ptolemy.moml.MoMLSimpleApplication@20dd2835
reloadAllAccessors: .PublisherSubscriberChannelVariablesAOC2

===========================================================================================
----------------- testing Sat Feb 22 07:08:44 UTC 2020 /home/travis/build/icyphy/ptII/ptolemy/actor/lib/test/auto/PublisherSubscriberD3.xml
----------------- Instantiating /home/travis/build/icyphy/ptII/ptolemy/actor/lib/test/auto/PublisherSubscriberD3.xml
1 ms. Memory: 395264K Free: 147946K (37%)
----------------- Invoking toplevel() on ptolemy.moml.MoMLSimpleApplication@69b066e6
----------------- Done invoking toplevel() on ptolemy.moml.MoMLSimpleApplication@69b066e6
reloadAllAccessors: .PublisherSubscriberD3

===========================================================================================
----------------- testing Sat Feb 22 07:08:44 UTC 2020 /home/travis/build/icyphy/ptII/ptolemy/actor/lib/test/auto/PublisherSubscriberD3Reverse.xml
----------------- Instantiating /home/travis/build/icyphy/ptII/ptolemy/actor/lib/test/auto/PublisherSubscriberD3Reverse.xml
2 ms. Memory: 395264K Free: 141802K (36%)
----------------- Invoking toplevel() on ptolemy.moml.MoMLSimpleApplication@67620632
----------------- Done invoking toplevel() on ptolemy.moml.MoMLSimpleApplication@67620632
reloadAllAccessors: .PublisherSubscriberD3Reverse

===========================================================================================
----------------- testing Sat Feb 22 07:08:44 UTC 2020 /home/travis/build/icyphy/ptII/ptolemy/actor/lib/test/auto/PublisherSubscriberExpression.xml
----------------- Instantiating /home/travis/build/icyphy/ptII/ptolemy/actor/lib/test/auto/PublisherSubscriberExpression.xml
3 ms. Memory: 395264K Free: 133610K (34%)
----------------- Invoking toplevel() on ptolemy.moml.MoMLSimpleApplication@2b68867e
----------------- Done invoking toplevel() on ptolemy.moml.MoMLSimpleApplication@2b68867e
reloadAllAccessors: .PublisherSubscriberExpression

===========================================================================================
----------------- testing Sat Feb 22 07:08:44 UTC 2020 /home/travis/build/icyphy/ptII/ptolemy/actor/lib/test/auto/PublisherSubscriberOpaque.xml
----------------- Instantiating /home/travis/build/icyphy/ptII/ptolemy/actor/lib/test/auto/PublisherSubscriberOpaque.xml
4 ms. Memory: 395264K Free: 124904K (32%)
----------------- Invoking toplevel() on ptolemy.moml.MoMLSimpleApplication@56cd97e5
----------------- Done invoking toplevel() on ptolemy.moml.MoMLSimpleApplication@56cd97e5
reloadAllAccessors: .PublisherSubscriberOpaque

===========================================================================================
----------------- testing Sat Feb 22 07:08:44 UTC 2020 /home/travis/build/icyphy/ptII/ptolemy/actor/lib/test/auto/PublisherSubscriberOpaqueD3.xml
----------------- Instantiating /home/travis/build/icyphy/ptII/ptolemy/actor/lib/test/auto/PublisherSubscriberOpaqueD3.xml
5 ms. Memory: 395264K Free: 113130K (29%)
----------------- Invoking toplevel() on ptolemy.moml.MoMLSimpleApplication@2cf2cb9b
----------------- Done invoking toplevel() on ptolemy.moml.MoMLSimpleApplication@2cf2cb9b
reloadAllAccessors: .PublisherSubscriberOpaqueD3

===========================================================================================
----------------- testing Sat Feb 22 07:08:44 UTC 2020 /home/travis/build/icyphy/ptII/ptolemy/actor/lib/test/auto/PublisherSubscriberOpaqueD3Reverse.xml
----------------- Instantiating /home/travis/build/icyphy/ptII/ptolemy/actor/lib/test/auto/PublisherSubscriberOpaqueD3Reverse.xml
7 ms. Memory: 395264K Free: 334571K (85%)
----------------- Invoking toplevel() on ptolemy.moml.MoMLSimpleApplication@2c9cdaa8
----------------- Done invoking toplevel() on ptolemy.moml.MoMLSimpleApplication@2c9cdaa8
reloadAllAccessors: .PublisherSubscriberOpaqueD3Reverse

===========================================================================================
----------------- testing Sat Feb 22 07:08:44 UTC 2020 /home/travis/build/icyphy/ptII/ptolemy/actor/lib/test/auto/PublisherSubscriberOpaqueWidthInference.xml
----------------- Instantiating /home/travis/build/icyphy/ptII/ptolemy/actor/lib/test/auto/PublisherSubscriberOpaqueWidthInference.xml
4 ms. Memory: 395264K Free: 326379K (83%)
----------------- Invoking toplevel() on ptolemy.moml.MoMLSimpleApplication@1f483fd6
----------------- Done invoking toplevel() on ptolemy.moml.MoMLSimpleApplication@1f483fd6
reloadAllAccessors: .PublisherSubscriberOpaqueWidthInference

===========================================================================================
----------------- testing Sat Feb 22 07:08:44 UTC 2020 /home/travis/build/icyphy/ptII/ptolemy/actor/lib/test/auto/PublisherTestSubscriber.xml
----------------- Instantiating /home/travis/build/icyphy/ptII/ptolemy/actor/lib/test/auto/PublisherTestSubscriber.xml
2 ms. Memory: 395264K Free: 318691K (81%)
----------------- Invoking toplevel() on ptolemy.moml.MoMLSimpleApplication@79ba2bba
----------------- Done invoking toplevel() on ptolemy.moml.MoMLSimpleApplication@79ba2bba
reloadAllAccessors: .PublisherTestSubscriber

===========================================================================================
----------------- testing Sat Feb 22 07:08:44 UTC 2020 /home/travis/build/icyphy/ptII/ptolemy/actor/lib/test/auto/PublisherToplevelSubscriberPortAOC.xml
----------------- Instantiating /home/travis/build/icyphy/ptII/ptolemy/actor/lib/test/auto/PublisherToplevelSubscriberPortAOC.xml
2 ms. Memory: 395264K Free: 312043K (79%)
----------------- Invoking toplevel() on ptolemy.moml.MoMLSimpleApplication@1f2b9436
----------------- Done invoking toplevel() on ptolemy.moml.MoMLSimpleApplication@1f2b9436
reloadAllAccessors: .PublisherToplevelSubscriberPortAOC

===========================================================================================
----------------- testing Sat Feb 22 07:08:44 UTC 2020 /home/travis/build/icyphy/ptII/ptolemy/actor/lib/test/auto/PulseFiringLimitDE.xml
----------------- Instantiating /home/travis/build/icyphy/ptII/ptolemy/actor/lib/test/auto/PulseFiringLimitDE.xml
1 ms. Memory: 395264K Free: 305899K (77%)
----------------- Invoking toplevel() on ptolemy.moml.MoMLSimpleApplication@219ca1cb
----------------- Done invoking toplevel() on ptolemy.moml.MoMLSimpleApplication@219ca1cb
reloadAllAccessors: .PulseFiringLimitDE

===========================================================================================
----------------- testing Sat Feb 22 07:08:44 UTC 2020 /home/travis/build/icyphy/ptII/ptolemy/actor/lib/test/auto/Ramp1.xml
----------------- Instantiating /home/travis/build/icyphy/ptII/ptolemy/actor/lib/test/auto/Ramp1.xml
1 ms. Memory: 395264K Free: 301283K (76%)
----------------- Invoking toplevel() on ptolemy.moml.MoMLSimpleApplication@111818e2
----------------- Done invoking toplevel() on ptolemy.moml.MoMLSimpleApplication@111818e2
reloadAllAccessors: .Ramp1

===========================================================================================
----------------- testing Sat Feb 22 07:08:44 UTC 2020 /home/travis/build/icyphy/ptII/ptolemy/actor/lib/test/auto/RampFiringLimitDE.xml
----------------- Instantiating /home/travis/build/icyphy/ptII/ptolemy/actor/lib/test/auto/RampFiringLimitDE.xml
2 ms. Memory: 395264K Free: 295131K (75%)
----------------- Invoking toplevel() on ptolemy.moml.MoMLSimpleApplication@200ec9e3
----------------- Done invoking toplevel() on ptolemy.moml.MoMLSimpleApplication@200ec9e3
reloadAllAccessors: .RampFiringLimitDE

===========================================================================================
----------------- testing Sat Feb 22 07:08:44 UTC 2020 /home/travis/build/icyphy/ptII/ptolemy/actor/lib/test/auto/RampFiringLimitSDF.xml
----------------- Instantiating /home/travis/build/icyphy/ptII/ptolemy/actor/lib/test/auto/RampFiringLimitSDF.xml
2 ms. Memory: 395264K Free: 290011K (73%)
----------------- Invoking toplevel() on ptolemy.moml.MoMLSimpleApplication@660e8d4f
----------------- Done invoking toplevel() on ptolemy.moml.MoMLSimpleApplication@660e8d4f
reloadAllAccessors: .RampFiringLimitSDF

===========================================================================================
----------------- testing Sat Feb 22 07:08:44 UTC 2020 /home/travis/build/icyphy/ptII/ptolemy/actor/lib/test/auto/RandomInteger.xml
----------------- Instantiating /home/travis/build/icyphy/ptII/ptolemy/actor/lib/test/auto/RandomInteger.xml
1 ms. Memory: 395264K Free: 285929K (72%)
----------------- Invoking toplevel() on ptolemy.moml.MoMLSimpleApplication@71eeb053
----------------- Done invoking toplevel() on ptolemy.moml.MoMLSimpleApplication@71eeb053
reloadAllAccessors: .RandomInteger

===========================================================================================
----------------- testing Sat Feb 22 07:08:44 UTC 2020 /home/travis/build/icyphy/ptII/ptolemy/actor/lib/test/auto/ReadFile1.xml
----------------- Instantiating /home/travis/build/icyphy/ptII/ptolemy/actor/lib/test/auto/ReadFile1.xml
1 ms. Memory: 395264K Free: 280803K (71%)
----------------- Invoking toplevel() on ptolemy.moml.MoMLSimpleApplication@3b520fea
----------------- Done invoking toplevel() on ptolemy.moml.MoMLSimpleApplication@3b520fea
reloadAllAccessors: .ReadFile1

===========================================================================================
----------------- testing Sat Feb 22 07:08:44 UTC 2020 /home/travis/build/icyphy/ptII/ptolemy/actor/lib/test/auto/ReadFile2.xml
----------------- Instantiating /home/travis/build/icyphy/ptII/ptolemy/actor/lib/test/auto/ReadFile2.xml
1 ms. Memory: 395264K Free: 276713K (70%)
----------------- Invoking toplevel() on ptolemy.moml.MoMLSimpleApplication@1647f82b
----------------- Done invoking toplevel() on ptolemy.moml.MoMLSimpleApplication@1647f82b
reloadAllAccessors: .ReadFile2

===========================================================================================
----------------- testing Sat Feb 22 07:08:44 UTC 2020 /home/travis/build/icyphy/ptII/ptolemy/actor/lib/test/auto/Reader.xml
----------------- Instantiating /home/travis/build/icyphy/ptII/ptolemy/actor/lib/test/auto/Reader.xml
actor.lib.Reader is obsolete, use actor.lib.io.ExpressionReader instead
3 ms. Memory: 395264K Free: 272617K (69%)
----------------- Invoking toplevel() on ptolemy.moml.MoMLSimpleApplication@4e47bdc2
----------------- Done invoking toplevel() on ptolemy.moml.MoMLSimpleApplication@4e47bdc2
reloadAllAccessors: .Reader

===========================================================================================
----------------- testing Sat Feb 22 07:08:44 UTC 2020 /home/travis/build/icyphy/ptII/ptolemy/actor/lib/test/auto/RecordAssemblerDisplayNameTest.xml
----------------- Instantiating /home/travis/build/icyphy/ptII/ptolemy/actor/lib/test/auto/RecordAssemblerDisplayNameTest.xml
3694 ms. Memory: 395264K Free: 199395K (50%)
----------------- Invoking toplevel() on ptolemy.moml.MoMLSimpleApplication@333e9ff4
----------------- Done invoking toplevel() on ptolemy.moml.MoMLSimpleApplication@333e9ff4
reloadAllAccessors: .RecordAssemblerDisplayNameTest

===========================================================================================
----------------- testing Sat Feb 22 07:08:48 UTC 2020 /home/travis/build/icyphy/ptII/ptolemy/actor/lib/test/auto/RecordAssemblerTypeError.xml
----------------- Instantiating /home/travis/build/icyphy/ptII/ptolemy/actor/lib/test/auto/RecordAssemblerTypeError.xml
15 ms. Memory: 395264K Free: 189665K (48%)
----------------- Invoking toplevel() on ptolemy.moml.MoMLSimpleApplication@7cc47388
----------------- Done invoking toplevel() on ptolemy.moml.MoMLSimpleApplication@7cc47388
reloadAllAccessors: .RecordAssemblerTypeError

===========================================================================================
----------------- testing Sat Feb 22 07:08:48 UTC 2020 /home/travis/build/icyphy/ptII/ptolemy/actor/lib/test/auto/RecordDisassember.xml
----------------- Instantiating /home/travis/build/icyphy/ptII/ptolemy/actor/lib/test/auto/RecordDisassember.xml
10 ms. Memory: 395264K Free: 184515K (47%)
----------------- Invoking toplevel() on ptolemy.moml.MoMLSimpleApplication@4bd27ce
----------------- Done invoking toplevel() on ptolemy.moml.MoMLSimpleApplication@4bd27ce
reloadAllAccessors: .RecordDisassember

===========================================================================================
----------------- testing Sat Feb 22 07:08:48 UTC 2020 /home/travis/build/icyphy/ptII/ptolemy/actor/lib/test/auto/RecordDisassemberDisplayNameTest.xml
----------------- Instantiating /home/travis/build/icyphy/ptII/ptolemy/actor/lib/test/auto/RecordDisassemberDisplayNameTest.xml
5 ms. Memory: 395264K Free: 176353K (45%)
----------------- Invoking toplevel() on ptolemy.moml.MoMLSimpleApplication@5320d2b
----------------- Done invoking toplevel() on ptolemy.moml.MoMLSimpleApplication@5320d2b
reloadAllAccessors: .RecordDisassemberDisplayNameTest

===========================================================================================
----------------- testing Sat Feb 22 07:08:48 UTC 2020 /home/travis/build/icyphy/ptII/ptolemy/actor/lib/test/auto/RecordDisassembler.xml
----------------- Instantiating /home/travis/build/icyphy/ptII/ptolemy/actor/lib/test/auto/RecordDisassembler.xml
2 ms. Memory: 395264K Free: 171203K (43%)
----------------- Invoking toplevel() on ptolemy.moml.MoMLSimpleApplication@2bcb05db
----------------- Done invoking toplevel() on ptolemy.moml.MoMLSimpleApplication@2bcb05db
reloadAllAccessors: .RecordDisassembler

===========================================================================================
----------------- testing Sat Feb 22 07:08:48 UTC 2020 /home/travis/build/icyphy/ptII/ptolemy/actor/lib/test/auto/RecordDisassembler2.xml
----------------- Instantiating /home/travis/build/icyphy/ptII/ptolemy/actor/lib/test/auto/RecordDisassembler2.xml
3 ms. Memory: 395264K Free: 166083K (42%)
----------------- Invoking toplevel() on ptolemy.moml.MoMLSimpleApplication@16d21830
----------------- Done invoking toplevel() on ptolemy.moml.MoMLSimpleApplication@16d21830
reloadAllAccessors: .RecordDisassembler2

===========================================================================================
----------------- testing Sat Feb 22 07:08:48 UTC 2020 /home/travis/build/icyphy/ptII/ptolemy/actor/lib/test/auto/RecordUpdater.xml
----------------- Instantiating /home/travis/build/icyphy/ptII/ptolemy/actor/lib/test/auto/RecordUpdater.xml
2 ms. Memory: 395264K Free: 160993K (41%)
----------------- Invoking toplevel() on ptolemy.moml.MoMLSimpleApplication@6453cf7
----------------- Done invoking toplevel() on ptolemy.moml.MoMLSimpleApplication@6453cf7
reloadAllAccessors: .RecordUpdater

===========================================================================================
----------------- testing Sat Feb 22 07:08:48 UTC 2020 /home/travis/build/icyphy/ptII/ptolemy/actor/lib/test/auto/RecordUpdater2.xml
----------------- Instantiating /home/travis/build/icyphy/ptII/ptolemy/actor/lib/test/auto/RecordUpdater2.xml
2 ms. Memory: 395264K Free: 155873K (39%)
----------------- Invoking toplevel() on ptolemy.moml.MoMLSimpleApplication@4dc7771e
----------------- Done invoking toplevel() on ptolemy.moml.MoMLSimpleApplication@4dc7771e
reloadAllAccessors: .RecordUpdater2

===========================================================================================
----------------- testing Sat Feb 22 07:08:48 UTC 2020 /home/travis/build/icyphy/ptII/ptolemy/actor/lib/test/auto/RecursiveLattice.xml
----------------- Instantiating /home/travis/build/icyphy/ptII/ptolemy/actor/lib/test/auto/RecursiveLattice.xml
1 ms. Memory: 395264K Free: 151747K (38%)
----------------- Invoking toplevel() on ptolemy.moml.MoMLSimpleApplication@545c0bb1
----------------- Done invoking toplevel() on ptolemy.moml.MoMLSimpleApplication@545c0bb1
reloadAllAccessors: .RecursiveLattice

===========================================================================================
----------------- testing Sat Feb 22 07:08:48 UTC 2020 /home/travis/build/icyphy/ptII/ptolemy/actor/lib/test/auto/Router.xml
----------------- Instantiating /home/travis/build/icyphy/ptII/ptolemy/actor/lib/test/auto/Router.xml
3005 ms. Memory: 395264K Free: 138979K (35%)
----------------- Invoking toplevel() on ptolemy.moml.MoMLSimpleApplication@62539b0c
----------------- Done invoking toplevel() on ptolemy.moml.MoMLSimpleApplication@62539b0c
reloadAllAccessors: .Router

===========================================================================================
----------------- testing Sat Feb 22 07:08:51 UTC 2020 /home/travis/build/icyphy/ptII/ptolemy/actor/lib/test/auto/Router2.xml
----------------- Instantiating /home/travis/build/icyphy/ptII/ptolemy/actor/lib/test/auto/Router2.xml
3002 ms. Memory: 395264K Free: 127715K (32%)
----------------- Invoking toplevel() on ptolemy.moml.MoMLSimpleApplication@49338855
----------------- Done invoking toplevel() on ptolemy.moml.MoMLSimpleApplication@49338855
reloadAllAccessors: .Router2

===========================================================================================
----------------- testing Sat Feb 22 07:08:54 UTC 2020 /home/travis/build/icyphy/ptII/ptolemy/actor/lib/test/auto/RunningMaximum.xml
----------------- Instantiating /home/travis/build/icyphy/ptII/ptolemy/actor/lib/test/auto/RunningMaximum.xml
8 ms. Memory: 395264K Free: 123105K (31%)
----------------- Invoking toplevel() on ptolemy.moml.MoMLSimpleApplication@419e2203
----------------- Done invoking toplevel() on ptolemy.moml.MoMLSimpleApplication@419e2203
reloadAllAccessors: .RunningMaximum

===========================================================================================
----------------- testing Sat Feb 22 07:08:54 UTC 2020 /home/travis/build/icyphy/ptII/ptolemy/actor/lib/test/auto/RunningMinimum.xml
----------------- Instantiating /home/travis/build/icyphy/ptII/ptolemy/actor/lib/test/auto/RunningMinimum.xml
1 ms. Memory: 395264K Free: 118499K (30%)
----------------- Invoking toplevel() on ptolemy.moml.MoMLSimpleApplication@51583dbe
----------------- Done invoking toplevel() on ptolemy.moml.MoMLSimpleApplication@51583dbe
reloadAllAccessors: .RunningMinimum

===========================================================================================
----------------- testing Sat Feb 22 07:08:54 UTC 2020 /home/travis/build/icyphy/ptII/ptolemy/actor/lib/test/auto/Scale.xml
----------------- Instantiating /home/travis/build/icyphy/ptII/ptolemy/actor/lib/test/auto/Scale.xml
1 ms. Memory: 395264K Free: 113379K (29%)
----------------- Invoking toplevel() on ptolemy.moml.MoMLSimpleApplication@30d03552
----------------- Done invoking toplevel() on ptolemy.moml.MoMLSimpleApplication@30d03552
reloadAllAccessors: .Scale

===========================================================================================
----------------- testing Sat Feb 22 07:08:54 UTC 2020 /home/travis/build/icyphy/ptII/ptolemy/actor/lib/test/auto/Scale2.xml
----------------- Instantiating /home/travis/build/icyphy/ptII/ptolemy/actor/lib/test/auto/Scale2.xml
1 ms. Memory: 395264K Free: 341166K (86%)
----------------- Invoking toplevel() on ptolemy.moml.MoMLSimpleApplication@a06b46a
----------------- Done invoking toplevel() on ptolemy.moml.MoMLSimpleApplication@a06b46a
reloadAllAccessors: .Scale2

===========================================================================================
----------------- testing Sat Feb 22 07:08:54 UTC 2020 /home/travis/build/icyphy/ptII/ptolemy/actor/lib/test/auto/Scale3.xml
----------------- Instantiating /home/travis/build/icyphy/ptII/ptolemy/actor/lib/test/auto/Scale3.xml
6 ms. Memory: 395264K Free: 335022K (85%)
----------------- Invoking toplevel() on ptolemy.moml.MoMLSimpleApplication@206e3286
----------------- Done invoking toplevel() on ptolemy.moml.MoMLSimpleApplication@206e3286
reloadAllAccessors: .Scale3

===========================================================================================
----------------- testing Sat Feb 22 07:08:54 UTC 2020 /home/travis/build/icyphy/ptII/ptolemy/actor/lib/test/auto/ScaleArray.xml
----------------- Instantiating /home/travis/build/icyphy/ptII/ptolemy/actor/lib/test/auto/ScaleArray.xml
2 ms. Memory: 395264K Free: 330416K (84%)
----------------- Invoking toplevel() on ptolemy.moml.MoMLSimpleApplication@159e4849
----------------- Done invoking toplevel() on ptolemy.moml.MoMLSimpleApplication@159e4849
reloadAllAccessors: .ScaleArray

===========================================================================================
----------------- testing Sat Feb 22 07:08:54 UTC 2020 /home/travis/build/icyphy/ptII/ptolemy/actor/lib/test/auto/ScaleArray2.xml
----------------- Instantiating /home/travis/build/icyphy/ptII/ptolemy/actor/lib/test/auto/ScaleArray2.xml
1 ms. Memory: 395264K Free: 325776K (82%)
----------------- Invoking toplevel() on ptolemy.moml.MoMLSimpleApplication@6dcb706d
----------------- Done invoking toplevel() on ptolemy.moml.MoMLSimpleApplication@6dcb706d
reloadAllAccessors: .ScaleArray2

===========================================================================================
----------------- testing Sat Feb 22 07:08:54 UTC 2020 /home/travis/build/icyphy/ptII/ptolemy/actor/lib/test/auto/ScaleMatrix.xml
----------------- Instantiating /home/travis/build/icyphy/ptII/ptolemy/actor/lib/test/auto/ScaleMatrix.xml
137 ms. Memory: 395264K Free: 310446K (79%)
----------------- Invoking toplevel() on ptolemy.moml.MoMLSimpleApplication@7a602cd
----------------- Done invoking toplevel() on ptolemy.moml.MoMLSimpleApplication@7a602cd
reloadAllAccessors: .ScaleMatrix

===========================================================================================
----------------- testing Sat Feb 22 07:08:54 UTC 2020 /home/travis/build/icyphy/ptII/ptolemy/actor/lib/test/auto/Select.xml
----------------- Instantiating /home/travis/build/icyphy/ptII/ptolemy/actor/lib/test/auto/Select.xml
2 ms. Memory: 395264K Free: 304272K (77%)
----------------- Invoking toplevel() on ptolemy.moml.MoMLSimpleApplication@29752584
----------------- Done invoking toplevel() on ptolemy.moml.MoMLSimpleApplication@29752584
reloadAllAccessors: .Select

===========================================================================================
----------------- testing Sat Feb 22 07:08:54 UTC 2020 /home/travis/build/icyphy/ptII/ptolemy/actor/lib/test/auto/Select2.xml
----------------- Instantiating /home/travis/build/icyphy/ptII/ptolemy/actor/lib/test/auto/Select2.xml
1 ms. Memory: 395264K Free: 299182K (76%)
----------------- Invoking toplevel() on ptolemy.moml.MoMLSimpleApplication@59a313c3
----------------- Done invoking toplevel() on ptolemy.moml.MoMLSimpleApplication@59a313c3
reloadAllAccessors: .Select2

===========================================================================================
----------------- testing Sat Feb 22 07:08:54 UTC 2020 /home/travis/build/icyphy/ptII/ptolemy/actor/lib/test/auto/SequenceToArray2.xml
----------------- Instantiating /home/travis/build/icyphy/ptII/ptolemy/actor/lib/test/auto/SequenceToArray2.xml
86 ms. Memory: 395264K Free: 275120K (70%)
----------------- Invoking toplevel() on ptolemy.moml.MoMLSimpleApplication@32bde9dd
----------------- Done invoking toplevel() on ptolemy.moml.MoMLSimpleApplication@32bde9dd
reloadAllAccessors: .SequenceToArray2

===========================================================================================
----------------- testing Sat Feb 22 07:08:54 UTC 2020 /home/travis/build/icyphy/ptII/ptolemy/actor/lib/test/auto/SequentialClock.xml
----------------- Instantiating /home/travis/build/icyphy/ptII/ptolemy/actor/lib/test/auto/SequentialClock.xml
1 ms. Memory: 395264K Free: 271024K (69%)
----------------- Invoking toplevel() on ptolemy.moml.MoMLSimpleApplication@56cebe34
----------------- Done invoking toplevel() on ptolemy.moml.MoMLSimpleApplication@56cebe34
reloadAllAccessors: .SequentialClock

===========================================================================================
----------------- testing Sat Feb 22 07:08:54 UTC 2020 /home/travis/build/icyphy/ptII/ptolemy/actor/lib/test/auto/SetVariable.xml
----------------- Instantiating /home/travis/build/icyphy/ptII/ptolemy/actor/lib/test/auto/SetVariable.xml
5 ms. Memory: 395264K Free: 264880K (67%)
----------------- Invoking toplevel() on ptolemy.moml.MoMLSimpleApplication@26233c4b
----------------- Done invoking toplevel() on ptolemy.moml.MoMLSimpleApplication@26233c4b
reloadAllAccessors: .SetVariable

===========================================================================================
----------------- testing Sat Feb 22 07:08:54 UTC 2020 /home/travis/build/icyphy/ptII/ptolemy/actor/lib/test/auto/SetVariable2.xml
----------------- Instantiating /home/travis/build/icyphy/ptII/ptolemy/actor/lib/test/auto/SetVariable2.xml
9 ms. Memory: 395264K Free: 259760K (66%)
----------------- Invoking toplevel() on ptolemy.moml.MoMLSimpleApplication@18b449b3
----------------- Done invoking toplevel() on ptolemy.moml.MoMLSimpleApplication@18b449b3
reloadAllAccessors: .SetVariable2

===========================================================================================
----------------- testing Sat Feb 22 07:08:54 UTC 2020 /home/travis/build/icyphy/ptII/ptolemy/actor/lib/test/auto/SetVariable3.xml
----------------- Instantiating /home/travis/build/icyphy/ptII/ptolemy/actor/lib/test/auto/SetVariable3.xml
6 ms. Memory: 395264K Free: 254640K (64%)
----------------- Invoking toplevel() on ptolemy.moml.MoMLSimpleApplication@257de0b9
----------------- Done invoking toplevel() on ptolemy.moml.MoMLSimpleApplication@257de0b9
reloadAllAccessors: .SetVariable3

===========================================================================================
----------------- testing Sat Feb 22 07:08:54 UTC 2020 /home/travis/build/icyphy/ptII/ptolemy/actor/lib/test/auto/SetVariable4.xml
----------------- Instantiating /home/travis/build/icyphy/ptII/ptolemy/actor/lib/test/auto/SetVariable4.xml
19 ms. Memory: 395264K Free: 245424K (62%)
----------------- Invoking toplevel() on ptolemy.moml.MoMLSimpleApplication@5a936ab8
----------------- Done invoking toplevel() on ptolemy.moml.MoMLSimpleApplication@5a936ab8
reloadAllAccessors: .SetVariable4

===========================================================================================
----------------- testing Sat Feb 22 07:08:54 UTC 2020 /home/travis/build/icyphy/ptII/ptolemy/actor/lib/test/auto/SetVariable5.xml
----------------- Instantiating /home/travis/build/icyphy/ptII/ptolemy/actor/lib/test/auto/SetVariable5.xml
16 ms. Memory: 395264K Free: 235694K (60%)
----------------- Invoking toplevel() on ptolemy.moml.MoMLSimpleApplication@6957b15d
----------------- Done invoking toplevel() on ptolemy.moml.MoMLSimpleApplication@6957b15d
reloadAllAccessors: .SetVariable5

===========================================================================================
----------------- testing Sat Feb 22 07:08:54 UTC 2020 /home/travis/build/icyphy/ptII/ptolemy/actor/lib/test/auto/Sinewave.xml
----------------- Instantiating /home/travis/build/icyphy/ptII/ptolemy/actor/lib/test/auto/Sinewave.xml
5 ms. Memory: 395264K Free: 225454K (57%)
----------------- Invoking toplevel() on ptolemy.moml.MoMLSimpleApplication@29b7fce5
----------------- Done invoking toplevel() on ptolemy.moml.MoMLSimpleApplication@29b7fce5
reloadAllAccessors: .Sinewave

===========================================================================================
----------------- testing Sat Feb 22 07:08:55 UTC 2020 /home/travis/build/icyphy/ptII/ptolemy/actor/lib/test/auto/Sinewave2.xml
----------------- Instantiating /home/travis/build/icyphy/ptII/ptolemy/actor/lib/test/auto/Sinewave2.xml
4 ms. Memory: 395264K Free: 217248K (55%)
----------------- Invoking toplevel() on ptolemy.moml.MoMLSimpleApplication@548c27b4
----------------- Done invoking toplevel() on ptolemy.moml.MoMLSimpleApplication@548c27b4
reloadAllAccessors: .Sinewave2

===========================================================================================
----------------- testing Sat Feb 22 07:08:55 UTC 2020 /home/travis/build/icyphy/ptII/ptolemy/actor/lib/test/auto/Sinewave3.xml
----------------- Instantiating /home/travis/build/icyphy/ptII/ptolemy/actor/lib/test/auto/Sinewave3.xml
7 ms. Memory: 395264K Free: 208560K (53%)
----------------- Invoking toplevel() on ptolemy.moml.MoMLSimpleApplication@174ce0d9
----------------- Done invoking toplevel() on ptolemy.moml.MoMLSimpleApplication@174ce0d9
reloadAllAccessors: .Sinewave3

===========================================================================================
----------------- testing Sat Feb 22 07:08:55 UTC 2020 /home/travis/build/icyphy/ptII/ptolemy/actor/lib/test/auto/SingleEvent.xml
----------------- Instantiating /home/travis/build/icyphy/ptII/ptolemy/actor/lib/test/auto/SingleEvent.xml
0 ms. Memory: 395264K Free: 204464K (52%)
----------------- Invoking toplevel() on ptolemy.moml.MoMLSimpleApplication@234b0e4
----------------- Done invoking toplevel() on ptolemy.moml.MoMLSimpleApplication@234b0e4
reloadAllAccessors: .SingleEvent

===========================================================================================
----------------- testing Sat Feb 22 07:08:55 UTC 2020 /home/travis/build/icyphy/ptII/ptolemy/actor/lib/test/auto/Sleep.xml
----------------- Instantiating /home/travis/build/icyphy/ptII/ptolemy/actor/lib/test/auto/Sleep.xml
6003 ms. Memory: 395264K Free: 198320K (50%)
----------------- Invoking toplevel() on ptolemy.moml.MoMLSimpleApplication@1e58796d
----------------- Done invoking toplevel() on ptolemy.moml.MoMLSimpleApplication@1e58796d
reloadAllAccessors: .Sleep

===========================================================================================
----------------- testing Sat Feb 22 07:09:01 UTC 2020 /home/travis/build/icyphy/ptII/ptolemy/actor/lib/test/auto/SleepMultipleFire.xml
----------------- Instantiating /home/travis/build/icyphy/ptII/ptolemy/actor/lib/test/auto/SleepMultipleFire.xml
1005 ms. Memory: 395264K Free: 192176K (49%)
----------------- Invoking toplevel() on ptolemy.moml.MoMLSimpleApplication@50835593
----------------- Done invoking toplevel() on ptolemy.moml.MoMLSimpleApplication@50835593
reloadAllAccessors: .SleepMultipleFire

===========================================================================================
----------------- testing Sat Feb 22 07:09:02 UTC 2020 /home/travis/build/icyphy/ptII/ptolemy/actor/lib/test/auto/StopDE.xml
----------------- Instantiating /home/travis/build/icyphy/ptII/ptolemy/actor/lib/test/auto/StopDE.xml
3 ms. Memory: 395264K Free: 186542K (47%)
----------------- Invoking toplevel() on ptolemy.moml.MoMLSimpleApplication@7d268b7e
----------------- Done invoking toplevel() on ptolemy.moml.MoMLSimpleApplication@7d268b7e
reloadAllAccessors: .StopDE

===========================================================================================
----------------- testing Sat Feb 22 07:09:02 UTC 2020 /home/travis/build/icyphy/ptII/ptolemy/actor/lib/test/auto/StopSDF.xml
----------------- Instantiating /home/travis/build/icyphy/ptII/ptolemy/actor/lib/test/auto/StopSDF.xml
3 ms. Memory: 395264K Free: 181422K (46%)
----------------- Invoking toplevel() on ptolemy.moml.MoMLSimpleApplication@1763ee74
----------------- Done invoking toplevel() on ptolemy.moml.MoMLSimpleApplication@1763ee74
reloadAllAccessors: .StopSDF

===========================================================================================
----------------- testing Sat Feb 22 07:09:02 UTC 2020 /home/travis/build/icyphy/ptII/ptolemy/actor/lib/test/auto/StringConstant.xml
----------------- Instantiating /home/travis/build/icyphy/ptII/ptolemy/actor/lib/test/auto/StringConstant.xml
14 ms. Memory: 395264K Free: 176302K (45%)
----------------- Invoking toplevel() on ptolemy.moml.MoMLSimpleApplication@1da6603a
----------------- Done invoking toplevel() on ptolemy.moml.MoMLSimpleApplication@1da6603a
reloadAllAccessors: .StringConstant

===========================================================================================
----------------- testing Sat Feb 22 07:09:02 UTC 2020 /home/travis/build/icyphy/ptII/ptolemy/actor/lib/test/auto/SubscriberPortInitialValues1.xml
----------------- Instantiating /home/travis/build/icyphy/ptII/ptolemy/actor/lib/test/auto/SubscriberPortInitialValues1.xml
5 ms. Memory: 395264K Free: 167600K (42%)
----------------- Invoking toplevel() on ptolemy.moml.MoMLSimpleApplication@6cbe47fe
----------------- Done invoking toplevel() on ptolemy.moml.MoMLSimpleApplication@6cbe47fe
reloadAllAccessors: .SubscriberPortInitialValues1

===========================================================================================
----------------- testing Sat Feb 22 07:09:02 UTC 2020 /home/travis/build/icyphy/ptII/ptolemy/actor/lib/test/auto/SubscriberPortInitialValues13.xml
----------------- Instantiating /home/travis/build/icyphy/ptII/ptolemy/actor/lib/test/auto/SubscriberPortInitialValues13.xml
5 ms. Memory: 395264K Free: 154798K (39%)
----------------- Invoking toplevel() on ptolemy.moml.MoMLSimpleApplication@2ca71a20
----------------- Done invoking toplevel() on ptolemy.moml.MoMLSimpleApplication@2ca71a20
reloadAllAccessors: .SubscriberPortInitialValues13

===========================================================================================
----------------- testing Sat Feb 22 07:09:02 UTC 2020 /home/travis/build/icyphy/ptII/ptolemy/actor/lib/test/auto/SubscriberPortInitialValues14.xml
----------------- Instantiating /home/travis/build/icyphy/ptII/ptolemy/actor/lib/test/auto/SubscriberPortInitialValues14.xml
4 ms. Memory: 395264K Free: 146606K (37%)
----------------- Invoking toplevel() on ptolemy.moml.MoMLSimpleApplication@262e7069
----------------- Done invoking toplevel() on ptolemy.moml.MoMLSimpleApplication@262e7069
reloadAllAccessors: .SubscriberPortInitialValues14

===========================================================================================
----------------- testing Sat Feb 22 07:09:02 UTC 2020 /home/travis/build/icyphy/ptII/ptolemy/actor/lib/test/auto/SubscriberPortInitialValues2.xml
----------------- Instantiating /home/travis/build/icyphy/ptII/ptolemy/actor/lib/test/auto/SubscriberPortInitialValues2.xml
3 ms. Memory: 395264K Free: 138928K (35%)
----------------- Invoking toplevel() on ptolemy.moml.MoMLSimpleApplication@53f9e807
----------------- Done invoking toplevel() on ptolemy.moml.MoMLSimpleApplication@53f9e807
reloadAllAccessors: .SubscriberPortInitialValues2

===========================================================================================
----------------- testing Sat Feb 22 07:09:02 UTC 2020 /home/travis/build/icyphy/ptII/ptolemy/actor/lib/test/auto/SubscriberPortInitialValues3.xml
----------------- Instantiating /home/travis/build/icyphy/ptII/ptolemy/actor/lib/test/auto/SubscriberPortInitialValues3.xml
5 ms. Memory: 395264K Free: 128174K (32%)
----------------- Invoking toplevel() on ptolemy.moml.MoMLSimpleApplication@42e0d9e1
----------------- Done invoking toplevel() on ptolemy.moml.MoMLSimpleApplication@42e0d9e1
reloadAllAccessors: .SubscriberPortInitialValues3

===========================================================================================
----------------- testing Sat Feb 22 07:09:02 UTC 2020 /home/travis/build/icyphy/ptII/ptolemy/actor/lib/test/auto/SubscriptionAggregator.xml
----------------- Instantiating /home/travis/build/icyphy/ptII/ptolemy/actor/lib/test/auto/SubscriptionAggregator.xml
2 ms. Memory: 395264K Free: 120992K (31%)
----------------- Invoking toplevel() on ptolemy.moml.MoMLSimpleApplication@56751662
----------------- Done invoking toplevel() on ptolemy.moml.MoMLSimpleApplication@56751662
reloadAllAccessors: .SubscriptionAggregator

===========================================================================================
----------------- testing Sat Feb 22 07:09:02 UTC 2020 /home/travis/build/icyphy/ptII/ptolemy/actor/lib/test/auto/SubscriptionAggregator2.xml
----------------- Instantiating /home/travis/build/icyphy/ptII/ptolemy/actor/lib/test/auto/SubscriptionAggregator2.xml
2 ms. Memory: 395264K Free: 114352K (29%)
----------------- Invoking toplevel() on ptolemy.moml.MoMLSimpleApplication@108cb10a
----------------- Done invoking toplevel() on ptolemy.moml.MoMLSimpleApplication@108cb10a
reloadAllAccessors: .SubscriptionAggregator2

===========================================================================================
----------------- testing Sat Feb 22 07:09:02 UTC 2020 /home/travis/build/icyphy/ptII/ptolemy/actor/lib/test/auto/SubscriptionAggregator3.xml
----------------- Instantiating /home/travis/build/icyphy/ptII/ptolemy/actor/lib/test/auto/SubscriptionAggregator3.xml
6 ms. Memory: 395264K Free: 338539K (86%)
----------------- Invoking toplevel() on ptolemy.moml.MoMLSimpleApplication@5e1550dd
----------------- Done invoking toplevel() on ptolemy.moml.MoMLSimpleApplication@5e1550dd
reloadAllAccessors: .SubscriptionAggregator3

===========================================================================================
----------------- testing Sat Feb 22 07:09:02 UTC 2020 /home/travis/build/icyphy/ptII/ptolemy/actor/lib/test/auto/SubscriptionAggregatorMultiply.xml
----------------- Instantiating /home/travis/build/icyphy/ptII/ptolemy/actor/lib/test/auto/SubscriptionAggregatorMultiply.xml
12 ms. Memory: 395264K Free: 329323K (83%)
----------------- Invoking toplevel() on ptolemy.moml.MoMLSimpleApplication@79f428f9
----------------- Done invoking toplevel() on ptolemy.moml.MoMLSimpleApplication@79f428f9
reloadAllAccessors: .SubscriptionAggregatorMultiply

===========================================================================================
----------------- testing Sat Feb 22 07:09:02 UTC 2020 /home/travis/build/icyphy/ptII/ptolemy/actor/lib/test/auto/SubscriptionAggregatorPortMultiply1.xml
----------------- Instantiating /home/travis/build/icyphy/ptII/ptolemy/actor/lib/test/auto/SubscriptionAggregatorPortMultiply1.xml
4 ms. Memory: 395264K Free: 321641K (81%)
----------------- Invoking toplevel() on ptolemy.moml.MoMLSimpleApplication@16e9b012
----------------- Done invoking toplevel() on ptolemy.moml.MoMLSimpleApplication@16e9b012
reloadAllAccessors: .SubscriptionAggregatorPortMultiply1

===========================================================================================
----------------- testing Sat Feb 22 07:09:02 UTC 2020 /home/travis/build/icyphy/ptII/ptolemy/actor/lib/test/auto/Switch.xml
----------------- Instantiating /home/travis/build/icyphy/ptII/ptolemy/actor/lib/test/auto/Switch.xml
8 ms. Memory: 395264K Free: 312939K (79%)
----------------- Invoking toplevel() on ptolemy.moml.MoMLSimpleApplication@3bec8869
----------------- Done invoking toplevel() on ptolemy.moml.MoMLSimpleApplication@3bec8869
reloadAllAccessors: .Switch

===========================================================================================
----------------- testing Sat Feb 22 07:09:02 UTC 2020 /home/travis/build/icyphy/ptII/ptolemy/actor/lib/test/auto/Switch2.xml
----------------- Instantiating /home/travis/build/icyphy/ptII/ptolemy/actor/lib/test/auto/Switch2.xml
1 ms. Memory: 395264K Free: 308329K (78%)
----------------- Invoking toplevel() on ptolemy.moml.MoMLSimpleApplication@d92e52
----------------- Done invoking toplevel() on ptolemy.moml.MoMLSimpleApplication@d92e52
reloadAllAccessors: .Switch2

===========================================================================================
----------------- testing Sat Feb 22 07:09:02 UTC 2020 /home/travis/build/icyphy/ptII/ptolemy/actor/lib/test/auto/SwitchDE.xml
----------------- Instantiating /home/travis/build/icyphy/ptII/ptolemy/actor/lib/test/auto/SwitchDE.xml
3 ms. Memory: 395264K Free: 302155K (76%)
----------------- Invoking toplevel() on ptolemy.moml.MoMLSimpleApplication@1845243c
----------------- Done invoking toplevel() on ptolemy.moml.MoMLSimpleApplication@1845243c
reloadAllAccessors: .SwitchDE

===========================================================================================
----------------- testing Sat Feb 22 07:09:02 UTC 2020 /home/travis/build/icyphy/ptII/ptolemy/actor/lib/test/auto/SynchronizerDE.xml
----------------- Instantiating /home/travis/build/icyphy/ptII/ptolemy/actor/lib/test/auto/SynchronizerDE.xml
7 ms. Memory: 395264K Free: 293483K (74%)
----------------- Invoking toplevel() on ptolemy.moml.MoMLSimpleApplication@24daf730
----------------- Done invoking toplevel() on ptolemy.moml.MoMLSimpleApplication@24daf730
reloadAllAccessors: .SynchronizerDE

===========================================================================================
----------------- testing Sat Feb 22 07:09:02 UTC 2020 /home/travis/build/icyphy/ptII/ptolemy/actor/lib/test/auto/Test.xml
----------------- Instantiating /home/travis/build/icyphy/ptII/ptolemy/actor/lib/test/auto/Test.xml
9 ms. Memory: 395264K Free: 288363K (73%)
----------------- Invoking toplevel() on ptolemy.moml.MoMLSimpleApplication@5e4a41c9
----------------- Done invoking toplevel() on ptolemy.moml.MoMLSimpleApplication@5e4a41c9
reloadAllAccessors: .Test

===========================================================================================
----------------- testing Sat Feb 22 07:09:02 UTC 2020 /home/travis/build/icyphy/ptII/ptolemy/actor/lib/test/auto/TestExceptionAttribute1.xml
----------------- Instantiating /home/travis/build/icyphy/ptII/ptolemy/actor/lib/test/auto/TestExceptionAttribute1.xml
1 ms. Memory: 395264K Free: 284267K (72%)
----------------- Invoking toplevel() on ptolemy.moml.MoMLSimpleApplication@4cdf2868
----------------- Done invoking toplevel() on ptolemy.moml.MoMLSimpleApplication@4cdf2868
reloadAllAccessors: .TestExceptionAttribute1

===========================================================================================
----------------- testing Sat Feb 22 07:09:02 UTC 2020 /home/travis/build/icyphy/ptII/ptolemy/actor/lib/test/auto/TestExceptionAttribute2.xml
----------------- Instantiating /home/travis/build/icyphy/ptII/ptolemy/actor/lib/test/auto/TestExceptionAttribute2.xml
1 ms. Memory: 395264K Free: 280681K (71%)
----------------- Invoking toplevel() on ptolemy.moml.MoMLSimpleApplication@6dde9c3f
----------------- Done invoking toplevel() on ptolemy.moml.MoMLSimpleApplication@6dde9c3f
reloadAllAccessors: .TestExceptionAttribute2

===========================================================================================
----------------- testing Sat Feb 22 07:09:02 UTC 2020 /home/travis/build/icyphy/ptII/ptolemy/actor/lib/test/auto/TestExceptionAttribute3.xml
----------------- Instantiating /home/travis/build/icyphy/ptII/ptolemy/actor/lib/test/auto/TestExceptionAttribute3.xml
.TestExceptionAttribute3.TestExceptionAttribute: initialize() was not invoked, but wrapup() was.  This is unusual, but not always a problem.  For example, exporting JNLP will do this.
0 ms. Memory: 395264K Free: 277099K (70%)
----------------- Invoking toplevel() on ptolemy.moml.MoMLSimpleApplication@64ea1d32
----------------- Done invoking toplevel() on ptolemy.moml.MoMLSimpleApplication@64ea1d32
reloadAllAccessors: .TestExceptionAttribute3

===========================================================================================
----------------- testing Sat Feb 22 07:09:02 UTC 2020 /home/travis/build/icyphy/ptII/ptolemy/actor/lib/test/auto/TestExceptionAttribute4.xml
----------------- Instantiating /home/travis/build/icyphy/ptII/ptolemy/actor/lib/test/auto/TestExceptionAttribute4.xml
.TestExceptionAttribute4.TestExceptionAttribute: initialize() was not invoked, but wrapup() was.  This is unusual, but not always a problem.  For example, exporting JNLP will do this.
.TestExceptionAttribute4.TestExceptionAttribute2: initialize() was not invoked, but wrapup() was.  This is unusual, but not always a problem.  For example, exporting JNLP will do this.
0 ms. Memory: 395264K Free: 272489K (69%)
----------------- Invoking toplevel() on ptolemy.moml.MoMLSimpleApplication@6617b60f
----------------- Done invoking toplevel() on ptolemy.moml.MoMLSimpleApplication@6617b60f
reloadAllAccessors: .TestExceptionAttribute4

===========================================================================================
----------------- testing Sat Feb 22 07:09:02 UTC 2020 /home/travis/build/icyphy/ptII/ptolemy/actor/lib/test/auto/TestExceptionHandler1.xml
----------------- Instantiating /home/travis/build/icyphy/ptII/ptolemy/actor/lib/test/auto/TestExceptionHandler1.xml
1 ms. Memory: 395264K Free: 268907K (68%)
----------------- Invoking toplevel() on ptolemy.moml.MoMLSimpleApplication@4f3e445b
----------------- Done invoking toplevel() on ptolemy.moml.MoMLSimpleApplication@4f3e445b
reloadAllAccessors: .TestExceptionHandler1

===========================================================================================
----------------- testing Sat Feb 22 07:09:02 UTC 2020 /home/travis/build/icyphy/ptII/ptolemy/actor/lib/test/auto/TestExceptionHandler2.xml
----------------- Instantiating /home/travis/build/icyphy/ptII/ptolemy/actor/lib/test/auto/TestExceptionHandler2.xml
1 ms. Memory: 395264K Free: 265321K (67%)
----------------- Invoking toplevel() on ptolemy.moml.MoMLSimpleApplication@12bb30f
----------------- Done invoking toplevel() on ptolemy.moml.MoMLSimpleApplication@12bb30f
reloadAllAccessors: .TestExceptionHandler2

===========================================================================================
----------------- testing Sat Feb 22 07:09:02 UTC 2020 /home/travis/build/icyphy/ptII/ptolemy/actor/lib/test/auto/TestExceptionHandler3.xml
----------------- Instantiating /home/travis/build/icyphy/ptII/ptolemy/actor/lib/test/auto/TestExceptionHandler3.xml
0 ms. Memory: 395264K Free: 261225K (66%)
----------------- Invoking toplevel() on ptolemy.moml.MoMLSimpleApplication@931f5e3
----------------- Done invoking toplevel() on ptolemy.moml.MoMLSimpleApplication@931f5e3
reloadAllAccessors: .TestExceptionHandler3

===========================================================================================
----------------- testing Sat Feb 22 07:09:02 UTC 2020 /home/travis/build/icyphy/ptII/ptolemy/actor/lib/test/auto/TestExceptionHandler4.xml
----------------- Instantiating /home/travis/build/icyphy/ptII/ptolemy/actor/lib/test/auto/TestExceptionHandler4.xml
1 ms. Memory: 395264K Free: 257129K (65%)
----------------- Invoking toplevel() on ptolemy.moml.MoMLSimpleApplication@4ab95b59
----------------- Done invoking toplevel() on ptolemy.moml.MoMLSimpleApplication@4ab95b59
reloadAllAccessors: .TestExceptionHandler4

===========================================================================================
----------------- testing Sat Feb 22 07:09:02 UTC 2020 /home/travis/build/icyphy/ptII/ptolemy/actor/lib/test/auto/TestRequireCorrectOrder.xml
----------------- Instantiating /home/travis/build/icyphy/ptII/ptolemy/actor/lib/test/auto/TestRequireCorrectOrder.xml
4 ms. Memory: 395264K Free: 251499K (64%)
----------------- Invoking toplevel() on ptolemy.moml.MoMLSimpleApplication@4afa9f0d
----------------- Done invoking toplevel() on ptolemy.moml.MoMLSimpleApplication@4afa9f0d
reloadAllAccessors: .TestRequireCorrectOrder

===========================================================================================
----------------- testing Sat Feb 22 07:09:02 UTC 2020 /home/travis/build/icyphy/ptII/ptolemy/actor/lib/test/auto/TestSimple.xml
----------------- Instantiating /home/travis/build/icyphy/ptII/ptolemy/actor/lib/test/auto/TestSimple.xml
1 ms. Memory: 395264K Free: 246883K (62%)
----------------- Invoking toplevel() on ptolemy.moml.MoMLSimpleApplication@3294d97c
----------------- Done invoking toplevel() on ptolemy.moml.MoMLSimpleApplication@3294d97c
reloadAllAccessors: .TestSimple

===========================================================================================
----------------- testing Sat Feb 22 07:09:02 UTC 2020 /home/travis/build/icyphy/ptII/ptolemy/actor/lib/test/auto/ThrowModelError.xml
----------------- Instantiating /home/travis/build/icyphy/ptII/ptolemy/actor/lib/test/auto/ThrowModelError.xml
1 ms. Memory: 395264K Free: 241769K (61%)
----------------- Invoking toplevel() on ptolemy.moml.MoMLSimpleApplication@2d71f5f7
----------------- Done invoking toplevel() on ptolemy.moml.MoMLSimpleApplication@2d71f5f7
reloadAllAccessors: .ThrowModelError

===========================================================================================
----------------- testing Sat Feb 22 07:09:02 UTC 2020 /home/travis/build/icyphy/ptII/ptolemy/actor/lib/test/auto/TimeDelayMicrosteps.xml
----------------- Instantiating /home/travis/build/icyphy/ptII/ptolemy/actor/lib/test/auto/TimeDelayMicrosteps.xml
2 ms. Memory: 395264K Free: 235115K (59%)
----------------- Invoking toplevel() on ptolemy.moml.MoMLSimpleApplication@3846ef43
----------------- Done invoking toplevel() on ptolemy.moml.MoMLSimpleApplication@3846ef43
reloadAllAccessors: .TimeDelayMicrosteps

===========================================================================================
----------------- testing Sat Feb 22 07:09:02 UTC 2020 /home/travis/build/icyphy/ptII/ptolemy/actor/lib/test/auto/TimeDelayMicrosteps2.xml
----------------- Instantiating /home/travis/build/icyphy/ptII/ptolemy/actor/lib/test/auto/TimeDelayMicrosteps2.xml
2 ms. Memory: 395264K Free: 227947K (58%)
----------------- Invoking toplevel() on ptolemy.moml.MoMLSimpleApplication@4b3ca599
----------------- Done invoking toplevel() on ptolemy.moml.MoMLSimpleApplication@4b3ca599
reloadAllAccessors: .TimeDelayMicrosteps2

===========================================================================================
----------------- testing Sat Feb 22 07:09:02 UTC 2020 /home/travis/build/icyphy/ptII/ptolemy/actor/lib/test/auto/TimeDelayMicrosteps3.xml
----------------- Instantiating /home/travis/build/icyphy/ptII/ptolemy/actor/lib/test/auto/TimeDelayMicrosteps3.xml
2 ms. Memory: 395264K Free: 220779K (56%)
----------------- Invoking toplevel() on ptolemy.moml.MoMLSimpleApplication@18e02ba1
----------------- Done invoking toplevel() on ptolemy.moml.MoMLSimpleApplication@18e02ba1
reloadAllAccessors: .TimeDelayMicrosteps3

===========================================================================================
----------------- testing Sat Feb 22 07:09:02 UTC 2020 /home/travis/build/icyphy/ptII/ptolemy/actor/lib/test/auto/TimeDelayVariableMicrosteps.xml
----------------- Instantiating /home/travis/build/icyphy/ptII/ptolemy/actor/lib/test/auto/TimeDelayVariableMicrosteps.xml
3 ms. Memory: 395264K Free: 214121K (54%)
----------------- Invoking toplevel() on ptolemy.moml.MoMLSimpleApplication@8ed73f3
----------------- Done invoking toplevel() on ptolemy.moml.MoMLSimpleApplication@8ed73f3
reloadAllAccessors: .TimeDelayVariableMicrosteps

===========================================================================================
----------------- testing Sat Feb 22 07:09:02 UTC 2020 /home/travis/build/icyphy/ptII/ptolemy/actor/lib/test/auto/TimeGap.xml
----------------- Instantiating /home/travis/build/icyphy/ptII/ptolemy/actor/lib/test/auto/TimeGap.xml
2 ms. Memory: 395264K Free: 208491K (53%)
----------------- Invoking toplevel() on ptolemy.moml.MoMLSimpleApplication@498b309c
----------------- Done invoking toplevel() on ptolemy.moml.MoMLSimpleApplication@498b309c
reloadAllAccessors: .TimeGap

===========================================================================================
----------------- testing Sat Feb 22 07:09:02 UTC 2020 /home/travis/build/icyphy/ptII/ptolemy/actor/lib/test/auto/TimeGap2.xml
----------------- Instantiating /home/travis/build/icyphy/ptII/ptolemy/actor/lib/test/auto/TimeGap2.xml
1 ms. Memory: 395264K Free: 202827K (51%)
----------------- Invoking toplevel() on ptolemy.moml.MoMLSimpleApplication@7305d996
----------------- Done invoking toplevel() on ptolemy.moml.MoMLSimpleApplication@7305d996
reloadAllAccessors: .TimeGap2

===========================================================================================
----------------- testing Sat Feb 22 07:09:02 UTC 2020 /home/travis/build/icyphy/ptII/ptolemy/actor/lib/test/auto/TimedSinewave.xml
----------------- Instantiating /home/travis/build/icyphy/ptII/ptolemy/actor/lib/test/auto/TimedSinewave.xml
22 ms. Memory: 395264K Free: 188521K (48%)
----------------- Invoking toplevel() on ptolemy.moml.MoMLSimpleApplication@31d6799f
----------------- Done invoking toplevel() on ptolemy.moml.MoMLSimpleApplication@31d6799f
reloadAllAccessors: .TimedSinewave

===========================================================================================
----------------- testing Sat Feb 22 07:09:02 UTC 2020 /home/travis/build/icyphy/ptII/ptolemy/actor/lib/test/auto/TimedSinewavePhase.xml
----------------- Instantiating /home/travis/build/icyphy/ptII/ptolemy/actor/lib/test/auto/TimedSinewavePhase.xml
9 ms. Memory: 395264K Free: 178795K (45%)
----------------- Invoking toplevel() on ptolemy.moml.MoMLSimpleApplication@7630d802
----------------- Done invoking toplevel() on ptolemy.moml.MoMLSimpleApplication@7630d802
reloadAllAccessors: .TimedSinewavePhase

===========================================================================================
----------------- testing Sat Feb 22 07:09:02 UTC 2020 /home/travis/build/icyphy/ptII/ptolemy/actor/lib/test/auto/Timer.xml
----------------- Instantiating /home/travis/build/icyphy/ptII/ptolemy/actor/lib/test/auto/Timer.xml
4 ms. Memory: 395264K Free: 173155K (44%)
----------------- Invoking toplevel() on ptolemy.moml.MoMLSimpleApplication@500168ab
----------------- Done invoking toplevel() on ptolemy.moml.MoMLSimpleApplication@500168ab
reloadAllAccessors: .Timer

===========================================================================================
----------------- testing Sat Feb 22 07:09:02 UTC 2020 /home/travis/build/icyphy/ptII/ptolemy/actor/lib/test/auto/TriangularDistTestModel.xml
----------------- Instantiating /home/travis/build/icyphy/ptII/ptolemy/actor/lib/test/auto/TriangularDistTestModel.xml
2 ms. Memory: 395264K Free: 167003K (42%)
----------------- Invoking toplevel() on ptolemy.moml.MoMLSimpleApplication@1f70da63
----------------- Done invoking toplevel() on ptolemy.moml.MoMLSimpleApplication@1f70da63
reloadAllAccessors: .TriangularDistTestModel

===========================================================================================
----------------- testing Sat Feb 22 07:09:02 UTC 2020 /home/travis/build/icyphy/ptII/ptolemy/actor/lib/test/auto/TrigFunction.xml
----------------- Instantiating /home/travis/build/icyphy/ptII/ptolemy/actor/lib/test/auto/TrigFunction.xml
1 ms. Memory: 395264K Free: 162411K (41%)
----------------- Invoking toplevel() on ptolemy.moml.MoMLSimpleApplication@4ee7e94d
----------------- Done invoking toplevel() on ptolemy.moml.MoMLSimpleApplication@4ee7e94d
reloadAllAccessors: .TrigFunction

===========================================================================================
----------------- testing Sat Feb 22 07:09:02 UTC 2020 /home/travis/build/icyphy/ptII/ptolemy/actor/lib/test/auto/TrigFunctionDE.xml
----------------- Instantiating /home/travis/build/icyphy/ptII/ptolemy/actor/lib/test/auto/TrigFunctionDE.xml
2 ms. Memory: 395264K Free: 156267K (40%)
----------------- Invoking toplevel() on ptolemy.moml.MoMLSimpleApplication@349e532b
----------------- Done invoking toplevel() on ptolemy.moml.MoMLSimpleApplication@349e532b
reloadAllAccessors: .TrigFunctionDE

===========================================================================================
----------------- testing Sat Feb 22 07:09:02 UTC 2020 /home/travis/build/icyphy/ptII/ptolemy/actor/lib/test/auto/TrigFunctionInverse.xml
----------------- Instantiating /home/travis/build/icyphy/ptII/ptolemy/actor/lib/test/auto/TrigFunctionInverse.xml
2 ms. Memory: 395264K Free: 151147K (38%)
----------------- Invoking toplevel() on ptolemy.moml.MoMLSimpleApplication@5d4e5e72
----------------- Done invoking toplevel() on ptolemy.moml.MoMLSimpleApplication@5d4e5e72
reloadAllAccessors: .TrigFunctionInverse

===========================================================================================
----------------- testing Sat Feb 22 07:09:02 UTC 2020 /home/travis/build/icyphy/ptII/ptolemy/actor/lib/test/auto/TrigFunctionTan.xml
----------------- Instantiating /home/travis/build/icyphy/ptII/ptolemy/actor/lib/test/auto/TrigFunctionTan.xml
1 ms. Memory: 395264K Free: 146537K (37%)
----------------- Invoking toplevel() on ptolemy.moml.MoMLSimpleApplication@6322b8f3
----------------- Done invoking toplevel() on ptolemy.moml.MoMLSimpleApplication@6322b8f3
reloadAllAccessors: .TrigFunctionTan

===========================================================================================
----------------- testing Sat Feb 22 07:09:02 UTC 2020 /home/travis/build/icyphy/ptII/ptolemy/actor/lib/test/auto/TriggeredClock.xml
----------------- Instantiating /home/travis/build/icyphy/ptII/ptolemy/actor/lib/test/auto/TriggeredClock.xml
1 ms. Memory: 395264K Free: 141411K (36%)
----------------- Invoking toplevel() on ptolemy.moml.MoMLSimpleApplication@5ed014fb
----------------- Done invoking toplevel() on ptolemy.moml.MoMLSimpleApplication@5ed014fb
reloadAllAccessors: .TriggeredClock

===========================================================================================
----------------- testing Sat Feb 22 07:09:02 UTC 2020 /home/travis/build/icyphy/ptII/ptolemy/actor/lib/test/auto/URLDirectoryReader.xml
----------------- Instantiating /home/travis/build/icyphy/ptII/ptolemy/actor/lib/test/auto/URLDirectoryReader.xml
27 ms. Memory: 395264K Free: 131177K (33%)
----------------- Invoking toplevel() on ptolemy.moml.MoMLSimpleApplication@6b7a4e8d
----------------- Done invoking toplevel() on ptolemy.moml.MoMLSimpleApplication@6b7a4e8d
reloadAllAccessors: .URLDirectoryReader

===========================================================================================
----------------- testing Sat Feb 22 07:09:02 UTC 2020 /home/travis/build/icyphy/ptII/ptolemy/actor/lib/test/auto/URLDirectoryReader3.xml
----------------- Instantiating /home/travis/build/icyphy/ptII/ptolemy/actor/lib/test/auto/URLDirectoryReader3.xml
1118 ms. Memory: 395264K Free: 335214K (85%)
----------------- Invoking toplevel() on ptolemy.moml.MoMLSimpleApplication@6c99ae41
----------------- Done invoking toplevel() on ptolemy.moml.MoMLSimpleApplication@6c99ae41
reloadAllAccessors: .URLDirectoryReader3

===========================================================================================
----------------- testing Sat Feb 22 07:09:04 UTC 2020 /home/travis/build/icyphy/ptII/ptolemy/actor/lib/test/auto/UnaryMathFunction.xml
----------------- Instantiating /home/travis/build/icyphy/ptII/ptolemy/actor/lib/test/auto/UnaryMathFunction.xml
3 ms. Memory: 395264K Free: 327395K (83%)
----------------- Invoking toplevel() on ptolemy.moml.MoMLSimpleApplication@2b2357cd
----------------- Done invoking toplevel() on ptolemy.moml.MoMLSimpleApplication@2b2357cd
reloadAllAccessors: .UnaryMathFunction

===========================================================================================
----------------- testing Sat Feb 22 07:09:04 UTC 2020 /home/travis/build/icyphy/ptII/ptolemy/actor/lib/test/auto/Uniform.xml
----------------- Instantiating /home/travis/build/icyphy/ptII/ptolemy/actor/lib/test/auto/Uniform.xml
3 ms. Memory: 395264K Free: 322275K (82%)
----------------- Invoking toplevel() on ptolemy.moml.MoMLSimpleApplication@72985bf5
----------------- Done invoking toplevel() on ptolemy.moml.MoMLSimpleApplication@72985bf5
reloadAllAccessors: .Uniform

===========================================================================================
----------------- testing Sat Feb 22 07:09:04 UTC 2020 /home/travis/build/icyphy/ptII/ptolemy/actor/lib/test/auto/UnionDisassemblerTest.xml
----------------- Instantiating /home/travis/build/icyphy/ptII/ptolemy/actor/lib/test/auto/UnionDisassemblerTest.xml
14 ms. Memory: 395264K Free: 318689K (81%)
----------------- Invoking toplevel() on ptolemy.moml.MoMLSimpleApplication@1840437c
----------------- Done invoking toplevel() on ptolemy.moml.MoMLSimpleApplication@1840437c
reloadAllAccessors: .UnionDisassemblerTest

===========================================================================================
----------------- testing Sat Feb 22 07:09:04 UTC 2020 /home/travis/build/icyphy/ptII/ptolemy/actor/lib/test/auto/UtilityFunctions.xml
----------------- Instantiating /home/travis/build/icyphy/ptII/ptolemy/actor/lib/test/auto/UtilityFunctions.xml
1 ms. Memory: 395264K Free: 314578K (80%)
----------------- Invoking toplevel() on ptolemy.moml.MoMLSimpleApplication@180c270f
----------------- Done invoking toplevel() on ptolemy.moml.MoMLSimpleApplication@180c270f
reloadAllAccessors: .UtilityFunctions

===========================================================================================
----------------- testing Sat Feb 22 07:09:04 UTC 2020 /home/travis/build/icyphy/ptII/ptolemy/actor/lib/test/auto/VariableSleep.xml
----------------- Instantiating /home/travis/build/icyphy/ptII/ptolemy/actor/lib/test/auto/VariableSleep.xml
502 ms. Memory: 395264K Free: 308963K (78%)
----------------- Invoking toplevel() on ptolemy.moml.MoMLSimpleApplication@222f0381
----------------- Done invoking toplevel() on ptolemy.moml.MoMLSimpleApplication@222f0381
reloadAllAccessors: .VariableSleep

===========================================================================================
----------------- testing Sat Feb 22 07:09:04 UTC 2020 /home/travis/build/icyphy/ptII/ptolemy/actor/lib/test/auto/VectorAssemblerDisassemblerCT.xml
----------------- Instantiating /home/travis/build/icyphy/ptII/ptolemy/actor/lib/test/auto/VectorAssemblerDisassemblerCT.xml
51 ms. Memory: 395264K Free: 288483K (73%)
----------------- Invoking toplevel() on ptolemy.moml.MoMLSimpleApplication@1e68b93e
----------------- Done invoking toplevel() on ptolemy.moml.MoMLSimpleApplication@1e68b93e
reloadAllAccessors: .VectorAssemblerDisassemblerCT

===========================================================================================
----------------- testing Sat Feb 22 07:09:04 UTC 2020 /home/travis/build/icyphy/ptII/ptolemy/actor/lib/test/auto/VectorAssemblerDisassemblerDE.xml
----------------- Instantiating /home/travis/build/icyphy/ptII/ptolemy/actor/lib/test/auto/VectorAssemblerDisassemblerDE.xml
2 ms. Memory: 395264K Free: 280801K (71%)
----------------- Invoking toplevel() on ptolemy.moml.MoMLSimpleApplication@5b89af09
----------------- Done invoking toplevel() on ptolemy.moml.MoMLSimpleApplication@5b89af09
reloadAllAccessors: .VectorAssemblerDisassemblerDE

===========================================================================================
----------------- testing Sat Feb 22 07:09:04 UTC 2020 /home/travis/build/icyphy/ptII/ptolemy/actor/lib/test/auto/VectorAssemblerDisassemblerSDF.xml
----------------- Instantiating /home/travis/build/icyphy/ptII/ptolemy/actor/lib/test/auto/VectorAssemblerDisassemblerSDF.xml
2 ms. Memory: 395264K Free: 274657K (69%)
----------------- Invoking toplevel() on ptolemy.moml.MoMLSimpleApplication@3985e10b
----------------- Done invoking toplevel() on ptolemy.moml.MoMLSimpleApplication@3985e10b
reloadAllAccessors: .VectorAssemblerDisassemblerSDF

===========================================================================================
----------------- testing Sat Feb 22 07:09:04 UTC 2020 /home/travis/build/icyphy/ptII/ptolemy/actor/lib/test/auto/WallClockTime.xml
----------------- Instantiating /home/travis/build/icyphy/ptII/ptolemy/actor/lib/test/auto/WallClockTime.xml
1003 ms. Memory: 395264K Free: 269537K (68%)
----------------- Invoking toplevel() on ptolemy.moml.MoMLSimpleApplication@15665cf9
----------------- Done invoking toplevel() on ptolemy.moml.MoMLSimpleApplication@15665cf9
reloadAllAccessors: .WallClockTime

===========================================================================================
----------------- testing Sat Feb 22 07:09:05 UTC 2020 /home/travis/build/icyphy/ptII/ptolemy/actor/lib/test/auto/WidthTestWithSubscriberPublisher.xml
----------------- Instantiating /home/travis/build/icyphy/ptII/ptolemy/actor/lib/test/auto/WidthTestWithSubscriberPublisher.xml
7 ms. Memory: 395264K Free: 251105K (64%)
----------------- Invoking toplevel() on ptolemy.moml.MoMLSimpleApplication@58f9fc11
----------------- Done invoking toplevel() on ptolemy.moml.MoMLSimpleApplication@58f9fc11
reloadAllAccessors: .WidthTestWithSubscriberPublisher

===========================================================================================
----------------- testing Sat Feb 22 07:09:06 UTC 2020 /home/travis/build/icyphy/ptII/ptolemy/actor/lib/test/auto/WidthTestWithSubscriberPublisher2.xml
----------------- Instantiating /home/travis/build/icyphy/ptII/ptolemy/actor/lib/test/auto/WidthTestWithSubscriberPublisher2.xml
2 ms. Memory: 395264K Free: 244961K (62%)
----------------- Invoking toplevel() on ptolemy.moml.MoMLSimpleApplication@27d46272
----------------- Done invoking toplevel() on ptolemy.moml.MoMLSimpleApplication@27d46272
reloadAllAccessors: .WidthTestWithSubscriberPublisher2

===========================================================================================
----------------- testing Sat Feb 22 07:09:06 UTC 2020 /home/travis/build/icyphy/ptII/ptolemy/actor/lib/test/auto/WidthTestWithSubscriberPublisher3.xml
----------------- Instantiating /home/travis/build/icyphy/ptII/ptolemy/actor/lib/test/auto/WidthTestWithSubscriberPublisher3.xml
2 ms. Memory: 395264K Free: 239331K (61%)
----------------- Invoking toplevel() on ptolemy.moml.MoMLSimpleApplication@47465d18
----------------- Done invoking toplevel() on ptolemy.moml.MoMLSimpleApplication@47465d18
reloadAllAccessors: .WidthTestWithSubscriberPublisher3

===========================================================================================
----------------- testing Sat Feb 22 07:09:06 UTC 2020 /home/travis/build/icyphy/ptII/ptolemy/actor/lib/test/auto/Writer.xml
----------------- Instantiating /home/travis/build/icyphy/ptII/ptolemy/actor/lib/test/auto/Writer.xml
0
1
2
3
4
1 ms. Memory: 395264K Free: 234706K (59%)
----------------- Invoking toplevel() on ptolemy.moml.MoMLSimpleApplication@4ef1a1c9
----------------- Done invoking toplevel() on ptolemy.moml.MoMLSimpleApplication@4ef1a1c9
reloadAllAccessors: .Writer

===========================================================================================
----------------- testing Sat Feb 22 07:09:06 UTC 2020 /home/travis/build/icyphy/ptII/ptolemy/actor/lib/test/auto/array.xml
----------------- Instantiating /home/travis/build/icyphy/ptII/ptolemy/actor/lib/test/auto/array.xml
2 ms. Memory: 395264K Free: 230115K (58%)
----------------- Invoking toplevel() on ptolemy.moml.MoMLSimpleApplication@7e2769e8
----------------- Done invoking toplevel() on ptolemy.moml.MoMLSimpleApplication@7e2769e8
reloadAllAccessors: .array

===========================================================================================
----------------- testing Sat Feb 22 07:09:06 UTC 2020 /home/travis/build/icyphy/ptII/ptolemy/actor/lib/test/auto/array2.xml
----------------- Instantiating /home/travis/build/icyphy/ptII/ptolemy/actor/lib/test/auto/array2.xml
4 ms. Memory: 395264K Free: 225490K (57%)
----------------- Invoking toplevel() on ptolemy.moml.MoMLSimpleApplication@299c321
----------------- Done invoking toplevel() on ptolemy.moml.MoMLSimpleApplication@299c321
reloadAllAccessors: .array2

===========================================================================================
----------------- testing Sat Feb 22 07:09:06 UTC 2020 /home/travis/build/icyphy/ptII/ptolemy/actor/lib/test/auto/arrayType.xml
----------------- Instantiating /home/travis/build/icyphy/ptII/ptolemy/actor/lib/test/auto/arrayType.xml
2 ms. Memory: 395264K Free: 219875K (56%)
----------------- Invoking toplevel() on ptolemy.moml.MoMLSimpleApplication@5ce05275
----------------- Done invoking toplevel() on ptolemy.moml.MoMLSimpleApplication@5ce05275
reloadAllAccessors: .arrayType

===========================================================================================
----------------- testing Sat Feb 22 07:09:06 UTC 2020 /home/travis/build/icyphy/ptII/ptolemy/actor/lib/test/auto/arrayType10.xml
----------------- Instantiating /home/travis/build/icyphy/ptII/ptolemy/actor/lib/test/auto/arrayType10.xml
1 ms. Memory: 395264K Free: 215265K (54%)
----------------- Invoking toplevel() on ptolemy.moml.MoMLSimpleApplication@33bc10ac
----------------- Done invoking toplevel() on ptolemy.moml.MoMLSimpleApplication@33bc10ac
reloadAllAccessors: .arrayType10

===========================================================================================
----------------- testing Sat Feb 22 07:09:06 UTC 2020 /home/travis/build/icyphy/ptII/ptolemy/actor/lib/test/auto/arrayType11.xml
----------------- Instantiating /home/travis/build/icyphy/ptII/ptolemy/actor/lib/test/auto/arrayType11.xml
1 ms. Memory: 395264K Free: 210145K (53%)
----------------- Invoking toplevel() on ptolemy.moml.MoMLSimpleApplication@26458e0d
----------------- Done invoking toplevel() on ptolemy.moml.MoMLSimpleApplication@26458e0d
reloadAllAccessors: .arrayType11

===========================================================================================
----------------- testing Sat Feb 22 07:09:06 UTC 2020 /home/travis/build/icyphy/ptII/ptolemy/actor/lib/test/auto/arrayType12.xml
----------------- Instantiating /home/travis/build/icyphy/ptII/ptolemy/actor/lib/test/auto/arrayType12.xml
2 ms. Memory: 395264K Free: 205539K (52%)
----------------- Invoking toplevel() on ptolemy.moml.MoMLSimpleApplication@c321b24
----------------- Done invoking toplevel() on ptolemy.moml.MoMLSimpleApplication@c321b24
reloadAllAccessors: .arrayType12

===========================================================================================
----------------- testing Sat Feb 22 07:09:06 UTC 2020 /home/travis/build/icyphy/ptII/ptolemy/actor/lib/test/auto/arrayType13.xml
----------------- Instantiating /home/travis/build/icyphy/ptII/ptolemy/actor/lib/test/auto/arrayType13.xml
1 ms. Memory: 395264K Free: 200419K (51%)
----------------- Invoking toplevel() on ptolemy.moml.MoMLSimpleApplication@2a6f43e0
----------------- Done invoking toplevel() on ptolemy.moml.MoMLSimpleApplication@2a6f43e0
reloadAllAccessors: .arrayType13

===========================================================================================
----------------- testing Sat Feb 22 07:09:06 UTC 2020 /home/travis/build/icyphy/ptII/ptolemy/actor/lib/test/auto/arrayType14.xml
----------------- Instantiating /home/travis/build/icyphy/ptII/ptolemy/actor/lib/test/auto/arrayType14.xml
2 ms. Memory: 395264K Free: 194785K (49%)
----------------- Invoking toplevel() on ptolemy.moml.MoMLSimpleApplication@2a37e08e
----------------- Done invoking toplevel() on ptolemy.moml.MoMLSimpleApplication@2a37e08e
reloadAllAccessors: .arrayType14

===========================================================================================
----------------- testing Sat Feb 22 07:09:06 UTC 2020 /home/travis/build/icyphy/ptII/ptolemy/actor/lib/test/auto/arrayType15.xml
----------------- Instantiating /home/travis/build/icyphy/ptII/ptolemy/actor/lib/test/auto/arrayType15.xml
2 ms. Memory: 395264K Free: 189665K (48%)
----------------- Invoking toplevel() on ptolemy.moml.MoMLSimpleApplication@5aba48f6
----------------- Done invoking toplevel() on ptolemy.moml.MoMLSimpleApplication@5aba48f6
reloadAllAccessors: .arrayType15

===========================================================================================
----------------- testing Sat Feb 22 07:09:06 UTC 2020 /home/travis/build/icyphy/ptII/ptolemy/actor/lib/test/auto/arrayType16.xml
----------------- Instantiating /home/travis/build/icyphy/ptII/ptolemy/actor/lib/test/auto/arrayType16.xml
1 ms. Memory: 395264K Free: 184530K (47%)
----------------- Invoking toplevel() on ptolemy.moml.MoMLSimpleApplication@1b2621c4
----------------- Done invoking toplevel() on ptolemy.moml.MoMLSimpleApplication@1b2621c4
reloadAllAccessors: .arrayType16

===========================================================================================
----------------- testing Sat Feb 22 07:09:06 UTC 2020 /home/travis/build/icyphy/ptII/ptolemy/actor/lib/test/auto/arrayType17.xml
----------------- Instantiating /home/travis/build/icyphy/ptII/ptolemy/actor/lib/test/auto/arrayType17.xml
1 ms. Memory: 395264K Free: 178915K (45%)
----------------- Invoking toplevel() on ptolemy.moml.MoMLSimpleApplication@1e7776b0
----------------- Done invoking toplevel() on ptolemy.moml.MoMLSimpleApplication@1e7776b0
reloadAllAccessors: .arrayType17

===========================================================================================
----------------- testing Sat Feb 22 07:09:06 UTC 2020 /home/travis/build/icyphy/ptII/ptolemy/actor/lib/test/auto/arrayType18.xml
----------------- Instantiating /home/travis/build/icyphy/ptII/ptolemy/actor/lib/test/auto/arrayType18.xml
1 ms. Memory: 395264K Free: 174305K (44%)
----------------- Invoking toplevel() on ptolemy.moml.MoMLSimpleApplication@422b041e
----------------- Done invoking toplevel() on ptolemy.moml.MoMLSimpleApplication@422b041e
reloadAllAccessors: .arrayType18

===========================================================================================
----------------- testing Sat Feb 22 07:09:06 UTC 2020 /home/travis/build/icyphy/ptII/ptolemy/actor/lib/test/auto/arrayType19.xml
----------------- Instantiating /home/travis/build/icyphy/ptII/ptolemy/actor/lib/test/auto/arrayType19.xml
3 ms. Memory: 395264K Free: 169185K (43%)
----------------- Invoking toplevel() on ptolemy.moml.MoMLSimpleApplication@58bc986c
----------------- Done invoking toplevel() on ptolemy.moml.MoMLSimpleApplication@58bc986c
reloadAllAccessors: .arrayType19

===========================================================================================
----------------- testing Sat Feb 22 07:09:06 UTC 2020 /home/travis/build/icyphy/ptII/ptolemy/actor/lib/test/auto/arrayType2.xml
----------------- Instantiating /home/travis/build/icyphy/ptII/ptolemy/actor/lib/test/auto/arrayType2.xml
2 ms. Memory: 395264K Free: 164050K (42%)
----------------- Invoking toplevel() on ptolemy.moml.MoMLSimpleApplication@57d1b6dd
----------------- Done invoking toplevel() on ptolemy.moml.MoMLSimpleApplication@57d1b6dd
reloadAllAccessors: .arrayType2

===========================================================================================
----------------- testing Sat Feb 22 07:09:06 UTC 2020 /home/travis/build/icyphy/ptII/ptolemy/actor/lib/test/auto/arrayType20.xml
----------------- Instantiating /home/travis/build/icyphy/ptII/ptolemy/actor/lib/test/auto/arrayType20.xml
2 ms. Memory: 395264K Free: 159459K (40%)
----------------- Invoking toplevel() on ptolemy.moml.MoMLSimpleApplication@38401f46
----------------- Done invoking toplevel() on ptolemy.moml.MoMLSimpleApplication@38401f46
reloadAllAccessors: .arrayType20

===========================================================================================
----------------- testing Sat Feb 22 07:09:06 UTC 2020 /home/travis/build/icyphy/ptII/ptolemy/actor/lib/test/auto/arrayType21.xml
----------------- Instantiating /home/travis/build/icyphy/ptII/ptolemy/actor/lib/test/auto/arrayType21.xml
2 ms. Memory: 395264K Free: 154339K (39%)
----------------- Invoking toplevel() on ptolemy.moml.MoMLSimpleApplication@b8f7a99
----------------- Done invoking toplevel() on ptolemy.moml.MoMLSimpleApplication@b8f7a99
reloadAllAccessors: .arrayType21

===========================================================================================
----------------- testing Sat Feb 22 07:09:06 UTC 2020 /home/travis/build/icyphy/ptII/ptolemy/actor/lib/test/auto/arrayType22.xml
----------------- Instantiating /home/travis/build/icyphy/ptII/ptolemy/actor/lib/test/auto/arrayType22.xml
1 ms. Memory: 395264K Free: 149729K (38%)
----------------- Invoking toplevel() on ptolemy.moml.MoMLSimpleApplication@56b15d7d
----------------- Done invoking toplevel() on ptolemy.moml.MoMLSimpleApplication@56b15d7d
reloadAllAccessors: .arrayType22

===========================================================================================
----------------- testing Sat Feb 22 07:09:06 UTC 2020 /home/travis/build/icyphy/ptII/ptolemy/actor/lib/test/auto/arrayType23.xml
----------------- Instantiating /home/travis/build/icyphy/ptII/ptolemy/actor/lib/test/auto/arrayType23.xml
1 ms. Memory: 395264K Free: 145123K (37%)
----------------- Invoking toplevel() on ptolemy.moml.MoMLSimpleApplication@231c9c6d
----------------- Done invoking toplevel() on ptolemy.moml.MoMLSimpleApplication@231c9c6d
reloadAllAccessors: .arrayType23

===========================================================================================
----------------- testing Sat Feb 22 07:09:06 UTC 2020 /home/travis/build/icyphy/ptII/ptolemy/actor/lib/test/auto/arrayType24.xml
----------------- Instantiating /home/travis/build/icyphy/ptII/ptolemy/actor/lib/test/auto/arrayType24.xml
1 ms. Memory: 395264K Free: 140003K (35%)
----------------- Invoking toplevel() on ptolemy.moml.MoMLSimpleApplication@1269b297
----------------- Done invoking toplevel() on ptolemy.moml.MoMLSimpleApplication@1269b297
reloadAllAccessors: .arrayType24

===========================================================================================
----------------- testing Sat Feb 22 07:09:06 UTC 2020 /home/travis/build/icyphy/ptII/ptolemy/actor/lib/test/auto/arrayType25.xml
----------------- Instantiating /home/travis/build/icyphy/ptII/ptolemy/actor/lib/test/auto/arrayType25.xml
1 ms. Memory: 395264K Free: 134883K (34%)
----------------- Invoking toplevel() on ptolemy.moml.MoMLSimpleApplication@80ee177
----------------- Done invoking toplevel() on ptolemy.moml.MoMLSimpleApplication@80ee177
reloadAllAccessors: .arrayType25

===========================================================================================
----------------- testing Sat Feb 22 07:09:06 UTC 2020 /home/travis/build/icyphy/ptII/ptolemy/actor/lib/test/auto/arrayType26.xml
----------------- Instantiating /home/travis/build/icyphy/ptII/ptolemy/actor/lib/test/auto/arrayType26.xml
1 ms. Memory: 395264K Free: 129249K (33%)
----------------- Invoking toplevel() on ptolemy.moml.MoMLSimpleApplication@77e4df79
----------------- Done invoking toplevel() on ptolemy.moml.MoMLSimpleApplication@77e4df79
reloadAllAccessors: .arrayType26

===========================================================================================
----------------- testing Sat Feb 22 07:09:06 UTC 2020 /home/travis/build/icyphy/ptII/ptolemy/actor/lib/test/auto/arrayType27.xml
----------------- Instantiating /home/travis/build/icyphy/ptII/ptolemy/actor/lib/test/auto/arrayType27.xml
2 ms. Memory: 395264K Free: 124129K (31%)
----------------- Invoking toplevel() on ptolemy.moml.MoMLSimpleApplication@64a96d7b
----------------- Done invoking toplevel() on ptolemy.moml.MoMLSimpleApplication@64a96d7b
reloadAllAccessors: .arrayType27

===========================================================================================
----------------- testing Sat Feb 22 07:09:06 UTC 2020 /home/travis/build/icyphy/ptII/ptolemy/actor/lib/test/auto/arrayType28.xml
----------------- Instantiating /home/travis/build/icyphy/ptII/ptolemy/actor/lib/test/auto/arrayType28.xml
1 ms. Memory: 395264K Free: 119009K (30%)
----------------- Invoking toplevel() on ptolemy.moml.MoMLSimpleApplication@315e7e24
----------------- Done invoking toplevel() on ptolemy.moml.MoMLSimpleApplication@315e7e24
reloadAllAccessors: .arrayType28

===========================================================================================
----------------- testing Sat Feb 22 07:09:06 UTC 2020 /home/travis/build/icyphy/ptII/ptolemy/actor/lib/test/auto/arrayType3.xml
----------------- Instantiating /home/travis/build/icyphy/ptII/ptolemy/actor/lib/test/auto/arrayType3.xml
5 ms. Memory: 395264K Free: 113379K (29%)
----------------- Invoking toplevel() on ptolemy.moml.MoMLSimpleApplication@341ceb24
----------------- Done invoking toplevel() on ptolemy.moml.MoMLSimpleApplication@341ceb24
reloadAllAccessors: .arrayType3

===========================================================================================
----------------- testing Sat Feb 22 07:09:06 UTC 2020 /home/travis/build/icyphy/ptII/ptolemy/actor/lib/test/auto/arrayType4.xml
----------------- Instantiating /home/travis/build/icyphy/ptII/ptolemy/actor/lib/test/auto/arrayType4.xml
1 ms. Memory: 395264K Free: 339414K (86%)
----------------- Invoking toplevel() on ptolemy.moml.MoMLSimpleApplication@7b21fd25
----------------- Done invoking toplevel() on ptolemy.moml.MoMLSimpleApplication@7b21fd25
reloadAllAccessors: .arrayType4

===========================================================================================
----------------- testing Sat Feb 22 07:09:06 UTC 2020 /home/travis/build/icyphy/ptII/ptolemy/actor/lib/test/auto/arrayType5.xml
----------------- Instantiating /home/travis/build/icyphy/ptII/ptolemy/actor/lib/test/auto/arrayType5.xml
1 ms. Memory: 395264K Free: 333784K (84%)
----------------- Invoking toplevel() on ptolemy.moml.MoMLSimpleApplication@13cb6eaa
----------------- Done invoking toplevel() on ptolemy.moml.MoMLSimpleApplication@13cb6eaa
reloadAllAccessors: .arrayType5

===========================================================================================
----------------- testing Sat Feb 22 07:09:06 UTC 2020 /home/travis/build/icyphy/ptII/ptolemy/actor/lib/test/auto/arrayType6.xml
----------------- Instantiating /home/travis/build/icyphy/ptII/ptolemy/actor/lib/test/auto/arrayType6.xml
1 ms. Memory: 395264K Free: 329174K (83%)
----------------- Invoking toplevel() on ptolemy.moml.MoMLSimpleApplication@303ead59
----------------- Done invoking toplevel() on ptolemy.moml.MoMLSimpleApplication@303ead59
reloadAllAccessors: .arrayType6

===========================================================================================
----------------- testing Sat Feb 22 07:09:06 UTC 2020 /home/travis/build/icyphy/ptII/ptolemy/actor/lib/test/auto/arrayType7.xml
----------------- Instantiating /home/travis/build/icyphy/ptII/ptolemy/actor/lib/test/auto/arrayType7.xml
2 ms. Memory: 395264K Free: 324054K (82%)
----------------- Invoking toplevel() on ptolemy.moml.MoMLSimpleApplication@4b0a26fd
----------------- Done invoking toplevel() on ptolemy.moml.MoMLSimpleApplication@4b0a26fd
reloadAllAccessors: .arrayType7

===========================================================================================
----------------- testing Sat Feb 22 07:09:06 UTC 2020 /home/travis/build/icyphy/ptII/ptolemy/actor/lib/test/auto/arrayType8.xml
----------------- Instantiating /home/travis/build/icyphy/ptII/ptolemy/actor/lib/test/auto/arrayType8.xml
6 ms. Memory: 395264K Free: 319448K (81%)
----------------- Invoking toplevel() on ptolemy.moml.MoMLSimpleApplication@73714e09
----------------- Done invoking toplevel() on ptolemy.moml.MoMLSimpleApplication@73714e09
reloadAllAccessors: .arrayType8

===========================================================================================
----------------- testing Sat Feb 22 07:09:06 UTC 2020 /home/travis/build/icyphy/ptII/ptolemy/actor/lib/test/auto/arrayType9.xml
----------------- Instantiating /home/travis/build/icyphy/ptII/ptolemy/actor/lib/test/auto/arrayType9.xml
1 ms. Memory: 395264K Free: 314328K (80%)
----------------- Invoking toplevel() on ptolemy.moml.MoMLSimpleApplication@3cb5b90c
----------------- Done invoking toplevel() on ptolemy.moml.MoMLSimpleApplication@3cb5b90c
reloadAllAccessors: .arrayType9

===========================================================================================
----------------- testing Sat Feb 22 07:09:06 UTC 2020 /home/travis/build/icyphy/ptII/ptolemy/actor/lib/test/auto/cast.xml
----------------- Instantiating /home/travis/build/icyphy/ptII/ptolemy/actor/lib/test/auto/cast.xml
10 ms. Memory: 395264K Free: 309718K (78%)
----------------- Invoking toplevel() on ptolemy.moml.MoMLSimpleApplication@6832029e
----------------- Done invoking toplevel() on ptolemy.moml.MoMLSimpleApplication@6832029e
reloadAllAccessors: .cast

===========================================================================================
----------------- testing Sat Feb 22 07:09:06 UTC 2020 /home/travis/build/icyphy/ptII/ptolemy/actor/lib/test/auto/compositeMultiPort.xml
----------------- Instantiating /home/travis/build/icyphy/ptII/ptolemy/actor/lib/test/auto/compositeMultiPort.xml
7 ms. Memory: 395264K Free: 301016K (76%)
----------------- Invoking toplevel() on ptolemy.moml.MoMLSimpleApplication@60a7f546
----------------- Done invoking toplevel() on ptolemy.moml.MoMLSimpleApplication@60a7f546
reloadAllAccessors: .compositeMultiPort

===========================================================================================
----------------- testing Sat Feb 22 07:09:06 UTC 2020 /home/travis/build/icyphy/ptII/ptolemy/actor/lib/test/auto/expressionCastInference.xml
----------------- Instantiating /home/travis/build/icyphy/ptII/ptolemy/actor/lib/test/auto/expressionCastInference.xml
11 ms. Memory: 395264K Free: 295896K (75%)
----------------- Invoking toplevel() on ptolemy.moml.MoMLSimpleApplication@1f75f37f
----------------- Done invoking toplevel() on ptolemy.moml.MoMLSimpleApplication@1f75f37f
reloadAllAccessors: .expressionCastInference

===========================================================================================
----------------- testing Sat Feb 22 07:09:06 UTC 2020 /home/travis/build/icyphy/ptII/ptolemy/actor/lib/test/auto/expressionCastInference2.xml
----------------- Instantiating /home/travis/build/icyphy/ptII/ptolemy/actor/lib/test/auto/expressionCastInference2.xml
2 ms. Memory: 395264K Free: 291286K (74%)
----------------- Invoking toplevel() on ptolemy.moml.MoMLSimpleApplication@2a50874a
----------------- Done invoking toplevel() on ptolemy.moml.MoMLSimpleApplication@2a50874a
reloadAllAccessors: .expressionCastInference2

===========================================================================================
----------------- testing Sat Feb 22 07:09:06 UTC 2020 /home/travis/build/icyphy/ptII/ptolemy/actor/lib/test/auto/expressionInference.xml
----------------- Instantiating /home/travis/build/icyphy/ptII/ptolemy/actor/lib/test/auto/expressionInference.xml
1 ms. Memory: 395264K Free: 286680K (73%)
----------------- Invoking toplevel() on ptolemy.moml.MoMLSimpleApplication@43a90af8
----------------- Done invoking toplevel() on ptolemy.moml.MoMLSimpleApplication@43a90af8
reloadAllAccessors: .expressionInference

===========================================================================================
----------------- testing Sat Feb 22 07:09:06 UTC 2020 /home/travis/build/icyphy/ptII/ptolemy/actor/lib/test/auto/expression_bug.xml
----------------- Instantiating /home/travis/build/icyphy/ptII/ptolemy/actor/lib/test/auto/expression_bug.xml
2 ms. Memory: 395264K Free: 282070K (71%)
----------------- Invoking toplevel() on ptolemy.moml.MoMLSimpleApplication@116e3492
----------------- Done invoking toplevel() on ptolemy.moml.MoMLSimpleApplication@116e3492
reloadAllAccessors: .expression_bug

===========================================================================================
----------------- testing Sat Feb 22 07:09:06 UTC 2020 /home/travis/build/icyphy/ptII/ptolemy/actor/lib/test/auto/factorial.xml
----------------- Instantiating /home/travis/build/icyphy/ptII/ptolemy/actor/lib/test/auto/factorial.xml
40 ms. Memory: 395264K Free: 273368K (69%)
----------------- Invoking toplevel() on ptolemy.moml.MoMLSimpleApplication@4fb51a98
----------------- Done invoking toplevel() on ptolemy.moml.MoMLSimpleApplication@4fb51a98
reloadAllAccessors: .factorial

===========================================================================================
----------------- testing Sat Feb 22 07:09:06 UTC 2020 /home/travis/build/icyphy/ptII/ptolemy/actor/lib/test/auto/filterTest1.xml
----------------- Instantiating /home/travis/build/icyphy/ptII/ptolemy/actor/lib/test/auto/filterTest1.xml
3 ms. Memory: 395264K Free: 267720K (68%)
----------------- Invoking toplevel() on ptolemy.moml.MoMLSimpleApplication@6dab77ec
----------------- Done invoking toplevel() on ptolemy.moml.MoMLSimpleApplication@6dab77ec
reloadAllAccessors: .filterTest1

===========================================================================================
----------------- testing Sat Feb 22 07:09:06 UTC 2020 /home/travis/build/icyphy/ptII/ptolemy/actor/lib/test/auto/funcApplyInConst.xml
----------------- Instantiating /home/travis/build/icyphy/ptII/ptolemy/actor/lib/test/auto/funcApplyInConst.xml
0 ms. Memory: 395264K Free: 263638K (67%)
----------------- Invoking toplevel() on ptolemy.moml.MoMLSimpleApplication@2d30916c
----------------- Done invoking toplevel() on ptolemy.moml.MoMLSimpleApplication@2d30916c
reloadAllAccessors: .funcApplyInConst

===========================================================================================
----------------- testing Sat Feb 22 07:09:06 UTC 2020 /home/travis/build/icyphy/ptII/ptolemy/actor/lib/test/auto/funcApplyInExpr.xml
----------------- Instantiating /home/travis/build/icyphy/ptII/ptolemy/actor/lib/test/auto/funcApplyInExpr.xml
1 ms. Memory: 395264K Free: 260056K (66%)
----------------- Invoking toplevel() on ptolemy.moml.MoMLSimpleApplication@17a8e7e6
----------------- Done invoking toplevel() on ptolemy.moml.MoMLSimpleApplication@17a8e7e6
reloadAllAccessors: .funcApplyInExpr

===========================================================================================
----------------- testing Sat Feb 22 07:09:06 UTC 2020 /home/travis/build/icyphy/ptII/ptolemy/actor/lib/test/auto/function.xml
----------------- Instantiating /home/travis/build/icyphy/ptII/ptolemy/actor/lib/test/auto/function.xml
2 ms. Memory: 395264K Free: 255446K (65%)
----------------- Invoking toplevel() on ptolemy.moml.MoMLSimpleApplication@15461dc1
----------------- Done invoking toplevel() on ptolemy.moml.MoMLSimpleApplication@15461dc1
reloadAllAccessors: .function

===========================================================================================
----------------- testing Sat Feb 22 07:09:06 UTC 2020 /home/travis/build/icyphy/ptII/ptolemy/actor/lib/test/auto/function2.xml
----------------- Instantiating /home/travis/build/icyphy/ptII/ptolemy/actor/lib/test/auto/function2.xml
5 ms. Memory: 395264K Free: 250326K (63%)
----------------- Invoking toplevel() on ptolemy.moml.MoMLSimpleApplication@342d9943
----------------- Done invoking toplevel() on ptolemy.moml.MoMLSimpleApplication@342d9943
reloadAllAccessors: .function2

===========================================================================================
----------------- testing Sat Feb 22 07:09:06 UTC 2020 /home/travis/build/icyphy/ptII/ptolemy/actor/lib/test/auto/function3.xml
----------------- Instantiating /home/travis/build/icyphy/ptII/ptolemy/actor/lib/test/auto/function3.xml
1 ms. Memory: 395264K Free: 246744K (62%)
----------------- Invoking toplevel() on ptolemy.moml.MoMLSimpleApplication@6ff047a1
----------------- Done invoking toplevel() on ptolemy.moml.MoMLSimpleApplication@6ff047a1
reloadAllAccessors: .function3

===========================================================================================
----------------- testing Sat Feb 22 07:09:06 UTC 2020 /home/travis/build/icyphy/ptII/ptolemy/actor/lib/test/auto/functionClosureTest1.xml
----------------- Instantiating /home/travis/build/icyphy/ptII/ptolemy/actor/lib/test/auto/functionClosureTest1.xml
1 ms. Memory: 395264K Free: 240600K (61%)
----------------- Invoking toplevel() on ptolemy.moml.MoMLSimpleApplication@3e6bf4fd
----------------- Done invoking toplevel() on ptolemy.moml.MoMLSimpleApplication@3e6bf4fd
reloadAllAccessors: .functionClosureTest1

===========================================================================================
----------------- testing Sat Feb 22 07:09:06 UTC 2020 /home/travis/build/icyphy/ptII/ptolemy/actor/lib/test/auto/functionClosureTest2.xml
----------------- Instantiating /home/travis/build/icyphy/ptII/ptolemy/actor/lib/test/auto/functionClosureTest2.xml
1 ms. Memory: 395264K Free: 237014K (60%)
----------------- Invoking toplevel() on ptolemy.moml.MoMLSimpleApplication@7c90ea7d
----------------- Done invoking toplevel() on ptolemy.moml.MoMLSimpleApplication@7c90ea7d
reloadAllAccessors: .functionClosureTest2

===========================================================================================
----------------- testing Sat Feb 22 07:09:06 UTC 2020 /home/travis/build/icyphy/ptII/ptolemy/actor/lib/test/auto/functionClosureTest3.xml
----------------- Instantiating /home/travis/build/icyphy/ptII/ptolemy/actor/lib/test/auto/functionClosureTest3.xml
2 ms. Memory: 395264K Free: 231384K (59%)
----------------- Invoking toplevel() on ptolemy.moml.MoMLSimpleApplication@5b421003
----------------- Done invoking toplevel() on ptolemy.moml.MoMLSimpleApplication@5b421003
reloadAllAccessors: .functionClosureTest3

===========================================================================================
----------------- testing Sat Feb 22 07:09:06 UTC 2020 /home/travis/build/icyphy/ptII/ptolemy/actor/lib/test/auto/functionClosureTest4.xml
----------------- Instantiating /home/travis/build/icyphy/ptII/ptolemy/actor/lib/test/auto/functionClosureTest4.xml
3 ms. Memory: 395264K Free: 225240K (57%)
----------------- Invoking toplevel() on ptolemy.moml.MoMLSimpleApplication@7886ee46
----------------- Done invoking toplevel() on ptolemy.moml.MoMLSimpleApplication@7886ee46
reloadAllAccessors: .functionClosureTest4

===========================================================================================
----------------- testing Sat Feb 22 07:09:06 UTC 2020 /home/travis/build/icyphy/ptII/ptolemy/actor/lib/test/auto/functionClosureTest5.xml
----------------- Instantiating /home/travis/build/icyphy/ptII/ptolemy/actor/lib/test/auto/functionClosureTest5.xml
5 ms. Memory: 395264K Free: 219592K (56%)
----------------- Invoking toplevel() on ptolemy.moml.MoMLSimpleApplication@28fc8043
----------------- Done invoking toplevel() on ptolemy.moml.MoMLSimpleApplication@28fc8043
reloadAllAccessors: .functionClosureTest5

===========================================================================================
----------------- testing Sat Feb 22 07:09:06 UTC 2020 /home/travis/build/icyphy/ptII/ptolemy/actor/lib/test/auto/functionClosureTest6.xml
----------------- Instantiating /home/travis/build/icyphy/ptII/ptolemy/actor/lib/test/auto/functionClosureTest6.xml
2 ms. Memory: 395264K Free: 215000K (54%)
----------------- Invoking toplevel() on ptolemy.moml.MoMLSimpleApplication@24b9c8ed
----------------- Done invoking toplevel() on ptolemy.moml.MoMLSimpleApplication@24b9c8ed
reloadAllAccessors: .functionClosureTest6

===========================================================================================
----------------- testing Sat Feb 22 07:09:06 UTC 2020 /home/travis/build/icyphy/ptII/ptolemy/actor/lib/test/auto/functionsOnArcs.xml
----------------- Instantiating /home/travis/build/icyphy/ptII/ptolemy/actor/lib/test/auto/functionsOnArcs.xml
1 ms. Memory: 395264K Free: 209366K (53%)
----------------- Invoking toplevel() on ptolemy.moml.MoMLSimpleApplication@3c019d70
----------------- Done invoking toplevel() on ptolemy.moml.MoMLSimpleApplication@3c019d70
reloadAllAccessors: .functionsOnArcs

===========================================================================================
----------------- testing Sat Feb 22 07:09:06 UTC 2020 /home/travis/build/icyphy/ptII/ptolemy/actor/lib/test/auto/functionsOnArcsHOF.xml
----------------- Instantiating /home/travis/build/icyphy/ptII/ptolemy/actor/lib/test/auto/functionsOnArcsHOF.xml
3 ms. Memory: 395264K Free: 203736K (52%)
----------------- Invoking toplevel() on ptolemy.moml.MoMLSimpleApplication@247b141b
----------------- Done invoking toplevel() on ptolemy.moml.MoMLSimpleApplication@247b141b
reloadAllAccessors: .functionsOnArcsHOF

===========================================================================================
----------------- testing Sat Feb 22 07:09:06 UTC 2020 /home/travis/build/icyphy/ptII/ptolemy/actor/lib/test/auto/logic.xml
----------------- Instantiating /home/travis/build/icyphy/ptII/ptolemy/actor/lib/test/auto/logic.xml
2 ms. Memory: 395264K Free: 196054K (50%)
----------------- Invoking toplevel() on ptolemy.moml.MoMLSimpleApplication@61f2cb3e
----------------- Done invoking toplevel() on ptolemy.moml.MoMLSimpleApplication@61f2cb3e
reloadAllAccessors: .logic

===========================================================================================
----------------- testing Sat Feb 22 07:09:06 UTC 2020 /home/travis/build/icyphy/ptII/ptolemy/actor/lib/test/auto/matrixType.xml
----------------- Instantiating /home/travis/build/icyphy/ptII/ptolemy/actor/lib/test/auto/matrixType.xml
1 ms. Memory: 395264K Free: 190920K (48%)
----------------- Invoking toplevel() on ptolemy.moml.MoMLSimpleApplication@4594dc2f
----------------- Done invoking toplevel() on ptolemy.moml.MoMLSimpleApplication@4594dc2f
reloadAllAccessors: .matrixType

===========================================================================================
----------------- testing Sat Feb 22 07:09:06 UTC 2020 /home/travis/build/icyphy/ptII/ptolemy/actor/lib/test/auto/matrixType10.xml
----------------- Instantiating /home/travis/build/icyphy/ptII/ptolemy/actor/lib/test/auto/matrixType10.xml
2 ms. Memory: 395264K Free: 185814K (47%)
----------------- Invoking toplevel() on ptolemy.moml.MoMLSimpleApplication@5e59f13b
----------------- Done invoking toplevel() on ptolemy.moml.MoMLSimpleApplication@5e59f13b
reloadAllAccessors: .matrixType10

===========================================================================================
----------------- testing Sat Feb 22 07:09:06 UTC 2020 /home/travis/build/icyphy/ptII/ptolemy/actor/lib/test/auto/matrixType11.xml
----------------- Instantiating /home/travis/build/icyphy/ptII/ptolemy/actor/lib/test/auto/matrixType11.xml
1 ms. Memory: 395264K Free: 181208K (46%)
----------------- Invoking toplevel() on ptolemy.moml.MoMLSimpleApplication@2a54da83
----------------- Done invoking toplevel() on ptolemy.moml.MoMLSimpleApplication@2a54da83
reloadAllAccessors: .matrixType11

===========================================================================================
----------------- testing Sat Feb 22 07:09:06 UTC 2020 /home/travis/build/icyphy/ptII/ptolemy/actor/lib/test/auto/matrixType12.xml
----------------- Instantiating /home/travis/build/icyphy/ptII/ptolemy/actor/lib/test/auto/matrixType12.xml
2 ms. Memory: 395264K Free: 176088K (45%)
----------------- Invoking toplevel() on ptolemy.moml.MoMLSimpleApplication@69ad8a76
----------------- Done invoking toplevel() on ptolemy.moml.MoMLSimpleApplication@69ad8a76
reloadAllAccessors: .matrixType12

===========================================================================================
----------------- testing Sat Feb 22 07:09:06 UTC 2020 /home/travis/build/icyphy/ptII/ptolemy/actor/lib/test/auto/matrixType13.xml
----------------- Instantiating /home/travis/build/icyphy/ptII/ptolemy/actor/lib/test/auto/matrixType13.xml
1 ms. Memory: 395264K Free: 171478K (43%)
----------------- Invoking toplevel() on ptolemy.moml.MoMLSimpleApplication@2b3a4165
----------------- Done invoking toplevel() on ptolemy.moml.MoMLSimpleApplication@2b3a4165
reloadAllAccessors: .matrixType13

===========================================================================================
----------------- testing Sat Feb 22 07:09:06 UTC 2020 /home/travis/build/icyphy/ptII/ptolemy/actor/lib/test/auto/matrixType14.xml
----------------- Instantiating /home/travis/build/icyphy/ptII/ptolemy/actor/lib/test/auto/matrixType14.xml
1 ms. Memory: 395264K Free: 166358K (42%)
----------------- Invoking toplevel() on ptolemy.moml.MoMLSimpleApplication@3c92b5d9
----------------- Done invoking toplevel() on ptolemy.moml.MoMLSimpleApplication@3c92b5d9
reloadAllAccessors: .matrixType14

===========================================================================================
----------------- testing Sat Feb 22 07:09:06 UTC 2020 /home/travis/build/icyphy/ptII/ptolemy/actor/lib/test/auto/matrixType2.xml
----------------- Instantiating /home/travis/build/icyphy/ptII/ptolemy/actor/lib/test/auto/matrixType2.xml
1 ms. Memory: 395264K Free: 161238K (41%)
----------------- Invoking toplevel() on ptolemy.moml.MoMLSimpleApplication@d4dbec1
----------------- Done invoking toplevel() on ptolemy.moml.MoMLSimpleApplication@d4dbec1
reloadAllAccessors: .matrixType2

===========================================================================================
----------------- testing Sat Feb 22 07:09:07 UTC 2020 /home/travis/build/icyphy/ptII/ptolemy/actor/lib/test/auto/matrixType3.xml
----------------- Instantiating /home/travis/build/icyphy/ptII/ptolemy/actor/lib/test/auto/matrixType3.xml
3 ms. Memory: 395264K Free: 156118K (39%)
----------------- Invoking toplevel() on ptolemy.moml.MoMLSimpleApplication@49032978
----------------- Done invoking toplevel() on ptolemy.moml.MoMLSimpleApplication@49032978
reloadAllAccessors: .matrixType3

===========================================================================================
----------------- testing Sat Feb 22 07:09:07 UTC 2020 /home/travis/build/icyphy/ptII/ptolemy/actor/lib/test/auto/matrixType4.xml
----------------- Instantiating /home/travis/build/icyphy/ptII/ptolemy/actor/lib/test/auto/matrixType4.xml
1 ms. Memory: 395264K Free: 151512K (38%)
----------------- Invoking toplevel() on ptolemy.moml.MoMLSimpleApplication@648cf2e3
----------------- Done invoking toplevel() on ptolemy.moml.MoMLSimpleApplication@648cf2e3
reloadAllAccessors: .matrixType4

===========================================================================================
----------------- testing Sat Feb 22 07:09:07 UTC 2020 /home/travis/build/icyphy/ptII/ptolemy/actor/lib/test/auto/matrixType5.xml
----------------- Instantiating /home/travis/build/icyphy/ptII/ptolemy/actor/lib/test/auto/matrixType5.xml
1 ms. Memory: 395264K Free: 146392K (37%)
----------------- Invoking toplevel() on ptolemy.moml.MoMLSimpleApplication@135ec336
----------------- Done invoking toplevel() on ptolemy.moml.MoMLSimpleApplication@135ec336
reloadAllAccessors: .matrixType5

===========================================================================================
----------------- testing Sat Feb 22 07:09:07 UTC 2020 /home/travis/build/icyphy/ptII/ptolemy/actor/lib/test/auto/matrixType6.xml
----------------- Instantiating /home/travis/build/icyphy/ptII/ptolemy/actor/lib/test/auto/matrixType6.xml
1 ms. Memory: 395264K Free: 141782K (36%)
----------------- Invoking toplevel() on ptolemy.moml.MoMLSimpleApplication@12d7d88b
----------------- Done invoking toplevel() on ptolemy.moml.MoMLSimpleApplication@12d7d88b
reloadAllAccessors: .matrixType6

===========================================================================================
----------------- testing Sat Feb 22 07:09:07 UTC 2020 /home/travis/build/icyphy/ptII/ptolemy/actor/lib/test/auto/matrixType7.xml
----------------- Instantiating /home/travis/build/icyphy/ptII/ptolemy/actor/lib/test/auto/matrixType7.xml
1 ms. Memory: 395264K Free: 136662K (35%)
----------------- Invoking toplevel() on ptolemy.moml.MoMLSimpleApplication@54db8322
----------------- Done invoking toplevel() on ptolemy.moml.MoMLSimpleApplication@54db8322
reloadAllAccessors: .matrixType7

===========================================================================================
----------------- testing Sat Feb 22 07:09:07 UTC 2020 /home/travis/build/icyphy/ptII/ptolemy/actor/lib/test/auto/matrixType8.xml
----------------- Instantiating /home/travis/build/icyphy/ptII/ptolemy/actor/lib/test/auto/matrixType8.xml
1 ms. Memory: 395264K Free: 132056K (33%)
----------------- Invoking toplevel() on ptolemy.moml.MoMLSimpleApplication@35e5a9cc
----------------- Done invoking toplevel() on ptolemy.moml.MoMLSimpleApplication@35e5a9cc
reloadAllAccessors: .matrixType8

===========================================================================================
----------------- testing Sat Feb 22 07:09:07 UTC 2020 /home/travis/build/icyphy/ptII/ptolemy/actor/lib/test/auto/matrixType9.xml
----------------- Instantiating /home/travis/build/icyphy/ptII/ptolemy/actor/lib/test/auto/matrixType9.xml
0 ms. Memory: 395264K Free: 126936K (32%)
----------------- Invoking toplevel() on ptolemy.moml.MoMLSimpleApplication@e328237
----------------- Done invoking toplevel() on ptolemy.moml.MoMLSimpleApplication@e328237
reloadAllAccessors: .matrixType9

===========================================================================================
----------------- testing Sat Feb 22 07:09:07 UTC 2020 /home/travis/build/icyphy/ptII/ptolemy/actor/lib/test/auto/paraFunctest.xml
----------------- Instantiating /home/travis/build/icyphy/ptII/ptolemy/actor/lib/test/auto/paraFunctest.xml
1 ms. Memory: 395264K Free: 123350K (31%)
----------------- Invoking toplevel() on ptolemy.moml.MoMLSimpleApplication@5ee41009
----------------- Done invoking toplevel() on ptolemy.moml.MoMLSimpleApplication@5ee41009
reloadAllAccessors: .paraFunctest

===========================================================================================
----------------- testing Sat Feb 22 07:09:07 UTC 2020 /home/travis/build/icyphy/ptII/ptolemy/actor/lib/test/auto/paraFunctest2.xml
----------------- Instantiating /home/travis/build/icyphy/ptII/ptolemy/actor/lib/test/auto/paraFunctest2.xml
2 ms. Memory: 395264K Free: 119254K (30%)
----------------- Invoking toplevel() on ptolemy.moml.MoMLSimpleApplication@67ebc753
----------------- Done invoking toplevel() on ptolemy.moml.MoMLSimpleApplication@67ebc753
reloadAllAccessors: .paraFunctest2

===========================================================================================
----------------- testing Sat Feb 22 07:09:07 UTC 2020 /home/travis/build/icyphy/ptII/ptolemy/actor/lib/test/auto/parameterPassing.xml
----------------- Instantiating /home/travis/build/icyphy/ptII/ptolemy/actor/lib/test/auto/parameterPassing.xml
0 ms. Memory: 395264K Free: 115158K (29%)
----------------- Invoking toplevel() on ptolemy.moml.MoMLSimpleApplication@42120eee
----------------- Done invoking toplevel() on ptolemy.moml.MoMLSimpleApplication@42120eee
reloadAllAccessors: .parameterPassing

===========================================================================================
----------------- testing Sat Feb 22 07:09:07 UTC 2020 /home/travis/build/icyphy/ptII/ptolemy/actor/lib/test/auto/record.xml
----------------- Instantiating /home/travis/build/icyphy/ptII/ptolemy/actor/lib/test/auto/record.xml
12 ms. Memory: 395264K Free: 341220K (86%)
----------------- Invoking toplevel() on ptolemy.moml.MoMLSimpleApplication@48ae443a
----------------- Done invoking toplevel() on ptolemy.moml.MoMLSimpleApplication@48ae443a
reloadAllAccessors: .record

===========================================================================================
----------------- testing Sat Feb 22 07:09:07 UTC 2020 /home/travis/build/icyphy/ptII/ptolemy/actor/lib/test/auto/sizedarray1.xml
----------------- Instantiating /home/travis/build/icyphy/ptII/ptolemy/actor/lib/test/auto/sizedarray1.xml
2 ms. Memory: 395264K Free: 335086K (85%)
----------------- Invoking toplevel() on ptolemy.moml.MoMLSimpleApplication@557045e1
----------------- Done invoking toplevel() on ptolemy.moml.MoMLSimpleApplication@557045e1
reloadAllAccessors: .sizedarray1

===========================================================================================
----------------- testing Sat Feb 22 07:09:07 UTC 2020 /home/travis/build/icyphy/ptII/ptolemy/actor/lib/test/auto/sizedarray2.xml
----------------- Instantiating /home/travis/build/icyphy/ptII/ptolemy/actor/lib/test/auto/sizedarray2.xml
2 ms. Memory: 395264K Free: 329456K (83%)
----------------- Invoking toplevel() on ptolemy.moml.MoMLSimpleApplication@1453cb72
----------------- Done invoking toplevel() on ptolemy.moml.MoMLSimpleApplication@1453cb72
reloadAllAccessors: .sizedarray2

===========================================================================================
----------------- testing Sat Feb 22 07:09:07 UTC 2020 /home/travis/build/icyphy/ptII/ptolemy/actor/lib/test/auto/twoPublishers.xml
----------------- Instantiating /home/travis/build/icyphy/ptII/ptolemy/actor/lib/test/auto/twoPublishers.xml
7 ms. Memory: 395264K Free: 318688K (81%)
----------------- Invoking toplevel() on ptolemy.moml.MoMLSimpleApplication@28fb2723
----------------- Done invoking toplevel() on ptolemy.moml.MoMLSimpleApplication@28fb2723
reloadAllAccessors: .twoPublishers
AutoTests.java: About to close Vertx.
AutoTests.java: Vertx closed.
]]></system-out>
  <system-err><![CDATA[java.lang.RuntimeException: Execution failed
	at ptolemy.moml.MoMLSimpleApplication$UnloadThread.run(MoMLSimpleApplication.java:402)
Caused by: java.lang.RuntimeException: StringUtilities.exit() was called. Normally, we would exit here because Manager.exitAfterWrapup() was called.  However, because the ptolemy.ptII.exitAfterWrapup property is set, we throw this exception instead.
	at ptolemy.util.StringUtilities.exit(StringUtilities.java:365)
	at ptolemy.actor.Manager.wrapup(Manager.java:1549)
	at ptolemy.actor.Manager.execute(Manager.java:407)
	at ptolemy.actor.Manager.run(Manager.java:1263)
	at ptolemy.actor.Manager$PtolemyRunThread.run(Manager.java:1933)
Warning: '.top.test' is in training mode, set the trainingMode parameter to false before checking in
Warning: '.top.test' is in training mode, set the trainingMode parameter to false before checking in
Warning: '.top.test' is in training mode, set the trainingMode parameter to false before checking in
Warning: '.BooleanSwitch_RegressionTest_WrongTrainingValues.Test' is in training mode, set the trainingMode parameter to false before checking in
Warning: '.BooleanSwitch_RegressionTest_WrongTrainingValues.Test2' is in training mode, set the trainingMode parameter to false before checking in
Warning: '.BooleanSwitch_RegressionTest_WrongTrainingValues.Test2' The test produced 0 tokens.
Warning: '.top.testExceptionHandler' is in training mode, set the trainingMode parameter to false before checking in
java.lang.RuntimeException: Execution failed
	at ptolemy.moml.MoMLSimpleApplication$UnloadThread.run(MoMLSimpleApplication.java:402)
Caused by: ptolemy.kernel.util.IllegalActionException: PublisherPorts cannot be used at the top level, use a Publisher actor instead.
  in .PublisherPortToplevelSubscriber.PublisherPort
	at ptolemy.actor.PublisherPort.preinitialize(PublisherPort.java:403)
	at ptolemy.actor.CompositeActor.preinitialize(CompositeActor.java:1769)
	at ptolemy.actor.Manager.preinitializeAndResolveTypes(Manager.java:1040)
	at ptolemy.actor.Manager.initialize(Manager.java:710)
	at ptolemy.actor.Manager.execute(Manager.java:356)
	at ptolemy.actor.Manager.run(Manager.java:1263)
	at ptolemy.actor.Manager$PtolemyRunThread.run(Manager.java:1933)
java.lang.reflect.InvocationTargetException
	at java.base/jdk.internal.reflect.NativeConstructorAccessorImpl.newInstance0(Native Method)
	at java.base/jdk.internal.reflect.NativeConstructorAccessorImpl.newInstance(NativeConstructorAccessorImpl.java:62)
	at java.base/jdk.internal.reflect.DelegatingConstructorAccessorImpl.newInstance(DelegatingConstructorAccessorImpl.java:45)
	at java.base/java.lang.reflect.Constructor.newInstance(Constructor.java:490)
	at ptolemy.util.test.junit.AutoKnownFailedTests.RunModel(AutoKnownFailedTests.java:105)
	at java.base/jdk.internal.reflect.NativeMethodAccessorImpl.invoke0(Native Method)
	at java.base/jdk.internal.reflect.NativeMethodAccessorImpl.invoke(NativeMethodAccessorImpl.java:62)
	at java.base/jdk.internal.reflect.DelegatingMethodAccessorImpl.invoke(DelegatingMethodAccessorImpl.java:43)
	at java.base/java.lang.reflect.Method.invoke(Method.java:566)
	at org.junit.runners.model.FrameworkMethod$1.runReflectiveCall(FrameworkMethod.java:44)
	at org.junit.internal.runners.model.ReflectiveCallable.run(ReflectiveCallable.java:15)
	at org.junit.runners.model.FrameworkMethod.invokeExplosively(FrameworkMethod.java:41)
	at junitparams.internal.InvokeParameterisedMethod.evaluate(InvokeParameterisedMethod.java:102)
	at org.junit.internal.runners.statements.FailOnTimeout$1.run(FailOnTimeout.java:28)
Caused by: ptolemy.kernel.util.IllegalActionException: PublisherPorts cannot be used at the top level, use a Publisher actor instead.
  in .PublisherPortToplevelSubscriber.PublisherPort
	at ptolemy.actor.PublisherPort.preinitialize(PublisherPort.java:403)
	at ptolemy.actor.CompositeActor.preinitialize(CompositeActor.java:1769)
	at ptolemy.actor.Manager.preinitializeAndResolveTypes(Manager.java:1040)
	at ptolemy.actor.Manager.initialize(Manager.java:710)
	at ptolemy.actor.Manager.execute(Manager.java:356)
	at ptolemy.actor.Manager.run(Manager.java:1263)
	at ptolemy.actor.Manager$PtolemyRunThread.run(Manager.java:1933)
java.lang.RuntimeException: Execution failed
	at ptolemy.moml.MoMLSimpleApplication$UnloadThread.run(MoMLSimpleApplication.java:402)
Caused by: ptolemy.kernel.util.IllegalActionException: SubscriberPorts cannot be used at the top level, use a Subscriber actor instead.
  in .PublisherSubscriberPortToplevel.SubscriberPort
	at ptolemy.actor.SubscriberPort.preinitialize(SubscriberPort.java:328)
	at ptolemy.actor.CompositeActor.preinitialize(CompositeActor.java:1769)
	at ptolemy.actor.Manager.preinitializeAndResolveTypes(Manager.java:1040)
	at ptolemy.actor.Manager.initialize(Manager.java:710)
	at ptolemy.actor.Manager.execute(Manager.java:356)
	at ptolemy.actor.Manager.run(Manager.java:1263)
	at ptolemy.actor.Manager$PtolemyRunThread.run(Manager.java:1933)
java.lang.reflect.InvocationTargetException
	at java.base/jdk.internal.reflect.NativeConstructorAccessorImpl.newInstance0(Native Method)
	at java.base/jdk.internal.reflect.NativeConstructorAccessorImpl.newInstance(NativeConstructorAccessorImpl.java:62)
	at java.base/jdk.internal.reflect.DelegatingConstructorAccessorImpl.newInstance(DelegatingConstructorAccessorImpl.java:45)
	at java.base/java.lang.reflect.Constructor.newInstance(Constructor.java:490)
	at ptolemy.util.test.junit.AutoKnownFailedTests.RunModel(AutoKnownFailedTests.java:105)
	at java.base/jdk.internal.reflect.NativeMethodAccessorImpl.invoke0(Native Method)
	at java.base/jdk.internal.reflect.NativeMethodAccessorImpl.invoke(NativeMethodAccessorImpl.java:62)
	at java.base/jdk.internal.reflect.DelegatingMethodAccessorImpl.invoke(DelegatingMethodAccessorImpl.java:43)
	at java.base/java.lang.reflect.Method.invoke(Method.java:566)
	at org.junit.runners.model.FrameworkMethod$1.runReflectiveCall(FrameworkMethod.java:44)
	at org.junit.internal.runners.model.ReflectiveCallable.run(ReflectiveCallable.java:15)
	at org.junit.runners.model.FrameworkMethod.invokeExplosively(FrameworkMethod.java:41)
	at junitparams.internal.InvokeParameterisedMethod.evaluate(InvokeParameterisedMethod.java:102)
	at org.junit.internal.runners.statements.FailOnTimeout$1.run(FailOnTimeout.java:28)
Caused by: ptolemy.kernel.util.IllegalActionException: SubscriberPorts cannot be used at the top level, use a Subscriber actor instead.
  in .PublisherSubscriberPortToplevel.SubscriberPort
	at ptolemy.actor.SubscriberPort.preinitialize(SubscriberPort.java:328)
	at ptolemy.actor.CompositeActor.preinitialize(CompositeActor.java:1769)
	at ptolemy.actor.Manager.preinitializeAndResolveTypes(Manager.java:1040)
	at ptolemy.actor.Manager.initialize(Manager.java:710)
	at ptolemy.actor.Manager.execute(Manager.java:356)
	at ptolemy.actor.Manager.run(Manager.java:1263)
	at ptolemy.actor.Manager$PtolemyRunThread.run(Manager.java:1933)
java.lang.RuntimeException: Execution failed
	at ptolemy.moml.MoMLSimpleApplication$UnloadThread.run(MoMLSimpleApplication.java:402)
Caused by: ptolemy.kernel.util.IllegalActionException: SubscriptionAggregatorPorts cannot be used at the top level, use a SubscriptionAggregator actor instead.
  in .PublisherSubscriptionAggregatorPort.SubscriptionAggregatorPort
	at ptolemy.actor.SubscriptionAggregatorPort.preinitialize(SubscriptionAggregatorPort.java:353)
	at ptolemy.actor.CompositeActor.preinitialize(CompositeActor.java:1769)
	at ptolemy.actor.Manager.preinitializeAndResolveTypes(Manager.java:1040)
	at ptolemy.actor.Manager.initialize(Manager.java:710)
	at ptolemy.actor.Manager.execute(Manager.java:356)
	at ptolemy.actor.Manager.run(Manager.java:1263)
	at ptolemy.actor.Manager$PtolemyRunThread.run(Manager.java:1933)
java.lang.reflect.InvocationTargetException
	at java.base/jdk.internal.reflect.NativeConstructorAccessorImpl.newInstance0(Native Method)
	at java.base/jdk.internal.reflect.NativeConstructorAccessorImpl.newInstance(NativeConstructorAccessorImpl.java:62)
	at java.base/jdk.internal.reflect.DelegatingConstructorAccessorImpl.newInstance(DelegatingConstructorAccessorImpl.java:45)
	at java.base/java.lang.reflect.Constructor.newInstance(Constructor.java:490)
	at ptolemy.util.test.junit.AutoKnownFailedTests.RunModel(AutoKnownFailedTests.java:105)
	at java.base/jdk.internal.reflect.NativeMethodAccessorImpl.invoke0(Native Method)
	at java.base/jdk.internal.reflect.NativeMethodAccessorImpl.invoke(NativeMethodAccessorImpl.java:62)
	at java.base/jdk.internal.reflect.DelegatingMethodAccessorImpl.invoke(DelegatingMethodAccessorImpl.java:43)
	at java.base/java.lang.reflect.Method.invoke(Method.java:566)
	at org.junit.runners.model.FrameworkMethod$1.runReflectiveCall(FrameworkMethod.java:44)
	at org.junit.internal.runners.model.ReflectiveCallable.run(ReflectiveCallable.java:15)
	at org.junit.runners.model.FrameworkMethod.invokeExplosively(FrameworkMethod.java:41)
	at junitparams.internal.InvokeParameterisedMethod.evaluate(InvokeParameterisedMethod.java:102)
	at org.junit.internal.runners.statements.FailOnTimeout$1.run(FailOnTimeout.java:28)
Caused by: ptolemy.kernel.util.IllegalActionException: SubscriptionAggregatorPorts cannot be used at the top level, use a SubscriptionAggregator actor instead.
  in .PublisherSubscriptionAggregatorPort.SubscriptionAggregatorPort
	at ptolemy.actor.SubscriptionAggregatorPort.preinitialize(SubscriptionAggregatorPort.java:353)
	at ptolemy.actor.CompositeActor.preinitialize(CompositeActor.java:1769)
	at ptolemy.actor.Manager.preinitializeAndResolveTypes(Manager.java:1040)
	at ptolemy.actor.Manager.initialize(Manager.java:710)
	at ptolemy.actor.Manager.execute(Manager.java:356)
	at ptolemy.actor.Manager.run(Manager.java:1263)
	at ptolemy.actor.Manager$PtolemyRunThread.run(Manager.java:1933)
java.lang.RuntimeException: Execution failed
	at ptolemy.moml.MoMLSimpleApplication$UnloadThread.run(MoMLSimpleApplication.java:402)
Caused by: ptolemy.kernel.util.IllegalActionException: TypeTest actor has no training data.
  in .sizedarray3.TypeTest
	at ptolemy.actor.lib.TypeTest.initialize(TypeTest.java:250)
	at ptolemy.actor.Director.initialize(Director.java:938)
	at ptolemy.actor.Director.initialize(Director.java:907)
	at ptolemy.actor.sched.StaticSchedulingDirector.initialize(StaticSchedulingDirector.java:159)
	at ptolemy.domains.sdf.kernel.SDFDirector.initialize(SDFDirector.java:544)
	at ptolemy.actor.CompositeActor.initialize(CompositeActor.java:935)
	at ptolemy.actor.Manager.initialize(Manager.java:724)
	at ptolemy.actor.Manager.execute(Manager.java:356)
	at ptolemy.actor.Manager.run(Manager.java:1263)
	at ptolemy.actor.Manager$PtolemyRunThread.run(Manager.java:1933)
java.lang.reflect.InvocationTargetException
	at java.base/jdk.internal.reflect.NativeConstructorAccessorImpl.newInstance0(Native Method)
	at java.base/jdk.internal.reflect.NativeConstructorAccessorImpl.newInstance(NativeConstructorAccessorImpl.java:62)
	at java.base/jdk.internal.reflect.DelegatingConstructorAccessorImpl.newInstance(DelegatingConstructorAccessorImpl.java:45)
	at java.base/java.lang.reflect.Constructor.newInstance(Constructor.java:490)
	at ptolemy.util.test.junit.AutoKnownFailedTests.RunModel(AutoKnownFailedTests.java:105)
	at java.base/jdk.internal.reflect.NativeMethodAccessorImpl.invoke0(Native Method)
	at java.base/jdk.internal.reflect.NativeMethodAccessorImpl.invoke(NativeMethodAccessorImpl.java:62)
	at java.base/jdk.internal.reflect.DelegatingMethodAccessorImpl.invoke(DelegatingMethodAccessorImpl.java:43)
	at java.base/java.lang.reflect.Method.invoke(Method.java:566)
	at org.junit.runners.model.FrameworkMethod$1.runReflectiveCall(FrameworkMethod.java:44)
	at org.junit.internal.runners.model.ReflectiveCallable.run(ReflectiveCallable.java:15)
	at org.junit.runners.model.FrameworkMethod.invokeExplosively(FrameworkMethod.java:41)
	at junitparams.internal.InvokeParameterisedMethod.evaluate(InvokeParameterisedMethod.java:102)
	at org.junit.internal.runners.statements.FailOnTimeout$1.run(FailOnTimeout.java:28)
Caused by: ptolemy.kernel.util.IllegalActionException: TypeTest actor has no training data.
  in .sizedarray3.TypeTest
	at ptolemy.actor.lib.TypeTest.initialize(TypeTest.java:250)
	at ptolemy.actor.Director.initialize(Director.java:938)
	at ptolemy.actor.Director.initialize(Director.java:907)
	at ptolemy.actor.sched.StaticSchedulingDirector.initialize(StaticSchedulingDirector.java:159)
	at ptolemy.domains.sdf.kernel.SDFDirector.initialize(SDFDirector.java:544)
	at ptolemy.actor.CompositeActor.initialize(CompositeActor.java:935)
	at ptolemy.actor.Manager.initialize(Manager.java:724)
	at ptolemy.actor.Manager.execute(Manager.java:356)
	at ptolemy.actor.Manager.run(Manager.java:1263)
	at ptolemy.actor.Manager$PtolemyRunThread.run(Manager.java:1933)
]]></system-err>
</testsuite>
