<?xml version="1.0" encoding="UTF-8" ?>
<testsuite errors="1" failures="1" hostname="travis-job-4c1d0e07-bf9e-49b7-9377-6e844c678199" name="ptolemy.actor.lib.test.junit.JUnitTclTest" skipped="0" tests="517" time="64.52" timestamp="2019-06-23T20:48:04">
  <properties>
    <property name="npm.executable" value="npm" />
    <property name="env.TRAVIS_ROOT" value="/" />
    <property name="ptII.mk.exists" value="true" />
    <property name="env.TRAVIS_APP_HOST" value="build.travis-ci.org" />
    <property name="env.rvm_bin_path" value="/home/travis/.rvm/bin" />
    <property name="java.home" value="/usr/local/lib/jvm/openjdk11" />
    <property name="env.TRAVIS_JOB_NUMBER" value="1180.8" />
    <property name="env.TRAVIS_HOME" value="/home/travis" />
    <property name="env.DISPLAY" value=":99.0" />
    <property name="env.TRAVIS_INIT" value="systemd" />
    <property name="env.SSH_TTY" value="/dev/pts/0" />
    <property name="java.net.preferIPv4Stack" value="true" />
    <property name="env.RUN_TESTS" value="true" />
    <property name="timeout.short" value="1000000" />
    <property name="junit.formatter" value="xml" />
    <property name="env.TRAVIS_SUDO" value="true" />
    <property name="env.TRAVIS_JOB_NAME" value="" />
    <property name="env.TRAVIS_STACK_NODE_ATTRIBUTES" value="/.node-attributes.yml" />
    <property name="env.LOGNAME" value="travis" />
    <property name="env.PT_TRAVIS_TEST_CORE1_XML" value="true" />
    <property name="jsdoc.home" value="node_modules/@terraswarm/jsdoc" />
    <property name="debuglevel" value="source,lines,vars" />
    <property name="checkstyle.formatter" value="xml" />
    <property name="env._system_version" value="16.04" />
    <property name="bin.vergil.makeable" value="true" />
    <property name="sun.os.patch.level" value="unknown" />
    <property name="java.vendor.url" value="http://java.oracle.com/" />
    <property name="env.TRAVIS_BUILD_WEB_URL" value="https://travis-ci.org/icyphy/ptII/builds/549405580" />
    <property name="java.version" value="11.0.2" />
    <property name="env.TZ" value="UTC" />
    <property name="env.TRAVIS_PULL_REQUEST_SHA" value="" />
    <property name="env.PT_NO_NET" value="true" />
    <property name="env.TRAVIS_SECURE_ENV_VARS" value="true" />
    <property name="env._system_type" value="Linux" />
    <property name="java.vendor.url.bug" value="http://bugreport.java.com/bugreport/" />
    <property name="npmjs-org-is-up" value="true" />
    <property name="env.LANGUAGE" value="en_US.UTF-8" />
    <property name="env.SSH_CLIENT" value="10.10.4.55 55754 22" />
    <property name="env.GEM_HOME" value="/home/travis/.rvm/gems/ruby-2.5.3" />
    <property name="env.HAS_ANTARES_THREE_LITTLE_FRONZIES_BADGE" value="true" />
    <property name="java.version.date" value="2019-01-15" />
    <property name="env.PS4" value="+" />
    <property name="ant.project.invoked-targets" value="build,test.core1.xml" />
    <property name="env.TRAVIS_PULL_REQUEST_BRANCH" value="" />
    <property name="env.TRAVIS_REPO_SLUG" value="icyphy/ptII" />
    <property name="env.XDG_DATA_DIRS" value="/usr/local/share:/usr/share:/var/lib/snapd/desktop" />
    <property name="jdk.debug" value="release" />
    <property name="env.TRAVIS_APT_PROXY" value="http://apt.cache.travis-ci.com" />
    <property name="node.in.path" value="true" />
    <property name="user.name" value="travis" />
    <property name="java.maxmemory" value="1400m" />
    <property name="env.RUBY_VERSION" value="ruby-2.5.3" />
    <property name="env.LANG" value="en_US.UTF-8" />
    <property name="sun.io.unicode.encoding" value="UnicodeLittle" />
    <property name="sun.jnu.encoding" value="UTF-8" />
    <property name="java.runtime.name" value="OpenJDK Runtime Environment" />
    <property name="usefile" value="false" />
    <property name="return.code" value="0" />
    <property name="junit.single.formatter" value="plain" />
    <property name="env.DYLD_LIBRARY_PATH" value="/home/travis/pthla/certi-tools/lib:" />
    <property name="env.DEBIAN_FRONTEND" value="noninteractive" />
    <property name="env.SSH_CONNECTION" value="10.10.4.55 55754 10.20.3.220 22" />
    <property name="env.MYSQL_UNIX_PORT" value="/var/run/mysqld/mysqld.sock" />
    <property name="env.LC_ALL" value="en_US.UTF-8" />
    <property name="env.TRAVIS_ALLOW_FAILURE" value="false" />
    <property name="env.TRAVIS_JOB_WEB_URL" value="https://travis-ci.org/icyphy/ptII/jobs/549405588" />
    <property name="java.specification.name" value="Java Platform API Specification" />
    <property name="node.works" value="true" />
    <property name="user.timezone" value="" />
    <property name="path.separator" value=":" />
    <property name="env.TRAVIS_ENABLE_INFRA_DETECTION" value="true" />
    <property name="env.PYTHON_CFLAGS" value="-g -fstack-protector --param=ssp-buffer-size=4 -Wformat -Werror=format-security" />
    <property name="timeout.long" value="4000000" />
    <property name="env.CERTI_HOME" value="/home/travis/pthla/certi-tools" />
    <property name="ant.file.ptII" value="/home/travis/build/icyphy/ptII/build.xml" />
    <property name="javadoc.packagenames" value="com.*,diva.*,lbnl.*,org.hlacerti.*,org.json.*,org.ptolemy.*,org.terraswarm.*,ptolemy.*,ptserver.*" />
    <property name="file.encoding" value="UTF-8" />
    <property name="env.TRAVIS_PULL_REQUEST_SLUG" value="" />
    <property name="ant.project.default-target" value="build" />
    <property name="env.GIT_ASKPASS" value="echo" />
    <property name="env.HOME" value="/home/travis" />
    <property name="sun.java.command" value="org.apache.tools.ant.taskdefs.optional.junit.JUnitTestRunner ptolemy.actor.lib.test.junit.JUnitTclTest skipNonTests=false filtertrace=true haltOnError=false haltOnFailure=false formatter=org.apache.tools.ant.taskdefs.optional.junit.OutErrSummaryJUnitResultFormatter showoutput=true outputtoformatters=true logfailedtests=true threadid=0 logtestlistenerevents=false formatter=org.apache.tools.ant.taskdefs.optional.junit.XMLJUnitResultFormatter,/home/travis/build/icyphy/ptII/reports/junit/TEST-ptolemy.actor.lib.test.junit.JUnitTclTest.xml crashfile=/home/travis/build/icyphy/ptII/junitvmwatcher15644631334206372321.properties propsfile=/home/travis/build/icyphy/ptII/junit9860761019823993070.properties" />
    <property name="env.COMPOSER_NO_INTERACTION" value="1" />
    <property name="env.MANPATH" value="/home/travis/.nvm/versions/node/v7.10.1/share/man:/home/travis/.rvm/rubies/ruby-2.5.3/share/man:/usr/local/cmake-3.12.4/man:/usr/local/clang-7.0.0/share/man:/usr/local/man:/usr/local/share/man:/usr/share/man:/home/travis/.rvm/man" />
    <property name="env.TRAVIS_TIMER_ID" value="016625dc" />
    <property name="ant.file" value="/home/travis/build/icyphy/ptII/build.xml" />
    <property name="env.TRAVIS_COMMIT_RANGE" value="0950278645c3...fcbd8b5a68c7" />
    <property name="env._system_name" value="Ubuntu" />
    <property name="ptII.classpath.optional.property" value="/home/travis/build/icyphy/ptII/lib/bsh-2.0b4.jar:/home/travis/build/icyphy/ptII/lib/ptCal.jar:/home/travis/build/icyphy/ptII/lib/java_cup.jar:/home/travis/build/icyphy/ptII/lib/saxon8.jar:/home/travis/build/icyphy/ptII/lib/saxon8-dom.jar:/home/travis/build/icyphy/ptII/lib/chic.jar:/home/travis/build/icyphy/ptII/lib/ptcolt.jar:/home/travis/build/icyphy/ptII/vendors/misc/itext/iText.jar:/home/travis/build/icyphy/ptII/lib/g4ltl.jar:/home/travis/build/icyphy/ptII/lib/StructuralCoder.jar:/home/travis/build/icyphy/ptII/vendors/jai-1_1_2_01/lib/jai_core.jar:/home/travis/build/icyphy/ptII/vendors/jai-1_1_2_01/lib/jai_codec.jar:/home/travis/build/icyphy/ptII/lib/jcerti.jar:/home/travis/build/icyphy/ptII/lib/javax.mail.jar:/home/travis/build/icyphy/ptII/vendors/JMF-2.1.1e/lib/jmf.jar:/home/travis/build/icyphy/ptII/lib/jna-4.0.0-variadic.jar:/home/travis/build/icyphy/ptII/vendors/misc/joystick/Joystick.jar:/home/travis/build/icyphy/ptII/lib/ptjacl.jar:/home/travis/build/icyphy/ptII/lib/jsoup-1.8.2.jar:/home/travis/build/icyphy/ptII/lib/junit-4.8.2.jar:/home/travis/build/icyphy/ptII/lib/JUnitParams-0.4.0.jar:/home/travis/build/icyphy/ptII/ptolemy/actor/lib/excel/jxl.jar:/home/travis/build/icyphy/ptII/lib/jython.jar:/home/travis/build/icyphy/ptII/lib/kieler.jar:/home/travis/build/icyphy/ptII/vendors/opencv/share/OpenCV/java/opencv-341.jar:/home/travis/build/icyphy/ptII/lib/oscP5.jar:/home/travis/build/icyphy/ptII/lib/nrjavaserial-3.11.0.devel.jar:/home/travis/build/icyphy/ptII/vendors/j3d/lib/j3dcore.jar:/home/travis/build/icyphy/ptII/vendors/j3d/lib/j3dutils.jar:/home/travis/build/icyphy/ptII/vendors/j3d/lib/vecmath.jar:/home/travis/build/icyphy/ptII/ptolemy/distributed/jini/jar/jini-core.jar:/home/travis/build/icyphy/ptII/ptolemy/distributed/jini/jar/jini-ext.jar:/home/travis/build/icyphy/ptII/ptolemy/distributed/jini/jar/sun-util.jar:/home/travis/build/icyphy/ptII/lib/protobuf-java-2.4.1.jar:/home/travis/build/icyphy/ptII/lib/org.eclipse.paho.client.mqttv3.jar:/home/travis/build/icyphy/ptII/lib/mapss.jar:/home/travis/build/icyphy/ptII/ptolemy/actor/ptalon/antlr/antlr.jar:/home/travis/build/icyphy/ptII/lib/JRI.jar:/home/travis/build/icyphy/ptII/lib/commons-lang-2.6.jar:/home/travis/build/icyphy/ptII/lib/commons-logging-1.1.1.jar:/home/travis/build/icyphy/ptII/lib/sootclasses.jar:/home/travis/build/icyphy/ptII/ptolemy/actor/lib/database/mysql-connector-java-5.1.6-bin.jar:/home/travis/build/icyphy/ptII/vendors/misc/sphinx4/sphinx4-data-5prealpha.jar:/home/travis/build/icyphy/ptII/vendors/misc/sphinx4/sphinx4-core-5prealpha.jar:/home/travis/build/icyphy/ptII/lib/PDFRenderer.jar:/home/travis/build/icyphy/ptII/lib/svgSalamander.jar:/home/travis/build/icyphy/ptII/lib/rsyntaxtextarea-2.6.0-SNAPSHOT.jar:/home/travis/build/icyphy/ptII/lib/hazelcast-3.8.2.jar:/home/travis/build/icyphy/ptII/lib/jackson-annotations-2.9.0.jar:/home/travis/build/icyphy/ptII/lib/jackson-core-2.9.3.jar:/home/travis/build/icyphy/ptII/lib/jackson-databind-2.9.3.jar:/home/travis/build/icyphy/ptII/lib/netty-buffer-4.1.19.Final.jar:/home/travis/build/icyphy/ptII/lib/netty-codec-4.1.19.Final.jar:/home/travis/build/icyphy/ptII/lib/netty-codec-dns-4.1.19.Final.jar:/home/travis/build/icyphy/ptII/lib/netty-codec-http-4.1.19.Final.jar:/home/travis/build/icyphy/ptII/lib/netty-codec-http2-4.1.19.Final.jar:/home/travis/build/icyphy/ptII/lib/netty-common-4.1.19.Final.jar:/home/travis/build/icyphy/ptII/lib/netty-handler-4.1.19.Final.jar:/home/travis/build/icyphy/ptII/lib/netty-resolver-4.1.19.Final.jar:/home/travis/build/icyphy/ptII/lib/netty-resolver-dns-4.1.19.Final.jar:/home/travis/build/icyphy/ptII/lib/netty-transport-4.1.19.Final.jar:/home/travis/build/icyphy/ptII/lib/vertx-codegen-3.5.1.jar:/home/travis/build/icyphy/ptII/lib/vertx-core-3.5.2-SNAPSHOT.jar:/home/travis/build/icyphy/ptII/lib/vertx-hazelcast-3.5.1.jar:/home/travis/build/icyphy/ptII/lib/vertx-lang-js-3.5.1.jar:/home/travis/build/icyphy/ptII/lib/vertx-service-proxy-3.5.1.jar:/home/travis/build/icyphy/ptII/lib/vertx-web-3.5.1.jar:/home/travis/build/icyphy/ptII/lib/slf4j-api-1.7.13.jar:/home/travis/build/icyphy/ptII/lib/slf4j-simple-1.7.13.jar:/home/travis/build/icyphy/ptII/lib/webcam-capture-0.3.12.jar:/home/travis/build/icyphy/ptII/lib/bridj-0.7.0.jar:/home/travis/build/icyphy/ptII/lib/xbjlib-1.1.0.nrjavaserial.jar" />
    <property name="timeout" value="2400000" />
    <property name="test.batch" value="**/junit/*.java" />
    <property name="env._" value="/usr/bin/timeout" />
    <property name="java.io.tmpdir" value="/tmp" />
    <property name="user.language" value="en" />
    <property name="env.TRAVIS_INTERNAL_RUBY_REGEX" value="^ruby-(2\.[0-4]\.[0-9]|1\.9\.3)" />
    <property name="env.HISTCONTROL" value="ignoredups:ignorespace" />
    <property name="env.GOROOT" value="/home/travis/.gimme/versions/go1.11.1.linux.amd64" />
    <property name="line.separator" value="&#xa;" />
    <property name="target" value="11" />
    <property name="env.TRAVIS_BUILD_DIR" value="/home/travis/build/icyphy/ptII" />
    <property name="env.ANT_OPTS" value="-Xmx2048m" />
    <property name="ant.file.type" value="file" />
    <property name="ptolemy.ptII.batchMode" value="true" />
    <property name="env.HISTSIZE" value="1000" />
    <property name="env.MERB_ENV" value="test" />
    <property name="java.vm.info" value="mixed mode" />
    <property name="source" value="11" />
    <property name="java.vm.specification.name" value="Java Virtual Machine Specification" />
    <property name="env.TRAVIS_TEST_RESULT" value="0" />
    <property name="jsdoc.command" value="node_modules/@terraswarm/jsdoc/jsdoc.js" />
    <property name="npm.works" value="true" />
    <property name="cobertura.dir" value="/home/travis/build/icyphy/ptII/vendors/cobertura-2.0.3" />
    <property name="env.rvm_path" value="/home/travis/.rvm" />
    <property name="env.GEM_PATH" value="/home/travis/.rvm/gems/ruby-2.5.3:/home/travis/.rvm/gems/ruby-2.5.3@global" />
    <property name="env.LC_CTYPE" value="en_US.UTF-8" />
    <property name="env.TRAVIS_CMD" value="$PTII/bin/ptIITravisBuild.sh $SECONDS" />
    <property name="java.awt.printerjob" value="sun.print.PSPrinterJob" />
    <property name="env.TRAVIS_STACK_NAME" value="sardonyx" />
    <property name="env.TRAVIS_TIMER_START_TIME" value="1561322201511996173" />
    <property name="ant.version" value="Apache Ant(TM) version 1.10.1 compiled on February 2 2017" />
    <property name="ptII.reports" value="/home/travis/build/icyphy/ptII/reports" />
    <property name="env.TRAVIS_STACK_TIMESTAMP" value="2019-03-25 16:16:56 UTC" />
    <property name="ant.file.type.ptII" value="file" />
    <property name="env.RBENV_SHELL" value="bash" />
    <property name="os.name" value="Linux" />
    <property name="java.specification.vendor" value="Oracle Corporation" />
    <property name="env.rvm_version" value="1.29.7 (latest)" />
    <property name="env.TRAVIS_INFRA" value="gce" />
    <property name="env.TERM" value="xterm" />
    <property name="java.vm.name" value="OpenJDK 64-Bit Server VM" />
    <property name="env.TRAVIS_BUILD_NUMBER" value="1180" />
    <property name="env.CI" value="true" />
    <property name="java.library.path" value="/home/travis/pthla/certi-tools/lib:/usr/lib/jni:/usr/local/share/OpenCV/java/:/usr/share/OpenCV/java::/usr/java/packages/lib:/usr/lib64:/lib64:/lib:/usr/lib" />
    <property name="env.rvm_prefix" value="/home/travis" />
    <property name="env.PATH" value="/home/travis/pthla/certi-tools/share/scripts:/home/travis/.rvm/gems/ruby-2.5.3/bin:/home/travis/.rvm/gems/ruby-2.5.3@global/bin:/home/travis/.rvm/rubies/ruby-2.5.3/bin:/home/travis/.rvm/bin:/home/travis/.nvm/versions/node/v7.10.1/bin:./node_modules/.bin:/home/travis/build/icyphy/ptII/bin:/home/travis/pthla/certi-tools/bin:/home/travis/bin:/home/travis/.local/bin:/usr/local/lib/jvm/openjdk11/bin:/opt/pyenv/shims:/home/travis/.phpenv/shims:/home/travis/perl5/perlbrew/bin:/home/travis/gopath/bin:/home/travis/.gimme/versions/go1.11.1.linux.amd64/bin:/usr/local/maven-3.6.0/bin:/usr/local/cmake-3.12.4/bin:/usr/local/clang-7.0.0/bin:/usr/local/sbin:/usr/local/bin:/usr/sbin:/usr/bin:/sbin:/bin:/snap/bin:/home/travis/.phpenv/bin:/opt/pyenv/bin:/home/travis/.yarn/bin" />
    <property name="env.TRAVIS_OS_NAME" value="linux" />
    <property name="ant.java.version" value="9" />
    <property name="basedir" value="/home/travis/build/icyphy/ptII" />
    <property name="java.class.version" value="55.0" />
    <property name="env.SHLVL" value="3" />
    <property name="env.LD_LIBRARY_PATH" value="/home/travis/pthla/certi-tools/lib:/usr/lib/jni:/usr/local/share/OpenCV/java/:/usr/share/OpenCV/java:" />
    <property name="env.RACK_ENV" value="test" />
    <property name="ant.home" value="/home/travis/build/icyphy/ptII/ant" />
    <property name="env.NVM_DIR" value="/home/travis/.nvm" />
    <property name="env.CERTI_FOM_PATH" value="/home/travis/pthla/certi-tools/share/federations" />
    <property name="env.TRAVIS_BUILD_ID" value="549405580" />
    <property name="env.PYENV_ROOT" value="/opt/pyenv" />
    <property name="env.TRAVIS_UID" value="2000" />
    <property name="env.NVM_BIN" value="/home/travis/.nvm/versions/node/v7.10.1/bin" />
    <property name="env.TRAVIS_COMMIT" value="fcbd8b5a68c760c19c82e52584d805fab600307d" />
    <property name="env._system_arch" value="x86_64" />
    <property name="node.executable" value="node" />
    <property name="sun.boot.library.path" value="/usr/local/lib/jvm/openjdk11/lib" />
    <property name="sun.management.compiler" value="HotSpot 64-Bit Tiered Compilers" />
    <property name="java.awt.graphicsenv" value="sun.awt.X11GraphicsEnvironment" />
    <property name="env.GOPATH" value="/home/travis/gopath" />
    <property name="ptolemy.ptII.dir" value="/home/travis/build/icyphy/ptII" />
    <property name="env.USER" value="travis" />
    <property name="env.HISTFILESIZE" value="2000" />
    <property name="timeout.longest" value="19000000" />
    <property name="env.PERLBREW_SHELLRC_VERSION" value="0.86" />
    <property name="env.TRAVIS_STACK_FEATURES" value="basic couchdb disabled-ipv6 docker docker-compose elasticsearch firefox go-toolchain google-chrome jdk memcached mongodb mysql nodejs_interpreter perl_interpreter perlbrew phantomjs postgresql python_interpreter redis ruby_interpreter sqlite xserver" />
    <property name="env.TRAVIS_PULL_REQUEST" value="false" />
    <property name="env.PYENV_SHELL" value="bash" />
    <property name="ant.project.name" value="ptII" />
    <property name="env.ANSI_RESET" value="\033[0m" />
    <property name="java.vm.specification.version" value="11" />
    <property name="env.TRAVIS_DIST" value="xenial" />
    <property name="env.CERTI_VERSION" value="4.0.0" />
    <property name="env.CERTI_HOST" value="localhost" />
    <property name="awt.toolkit" value="sun.awt.X11.XToolkit" />
    <property name="env.MY_RUBY_HOME" value="/home/travis/.rvm/rubies/ruby-2.5.3" />
    <property name="sun.cpu.isalist" value="" />
    <property name="env.TRAVIS_TMPDIR" value="/tmp/tmp.EFWPN8R8XG" />
    <property name="java.vm.compressedOopsMode" value="Zero based" />
    <property name="os.version" value="4.15.0-1028-gcp" />
    <property name="user.home" value="/home/travis" />
    <property name="java.vm.vendor" value="Oracle Corporation" />
    <property name="env.TRAVIS_TAG" value="nightly" />
    <property name="env.ANSI_YELLOW" value="\033[33;1m" />
    <property name="env.TRAVIS_FILTERED" value="redirect_io" />
    <property name="env.ANSI_GREEN" value="\033[32;1m" />
    <property name="env.JAVA_HOME" value="/usr/local/lib/jvm/openjdk11" />
    <property name="javadoc.excludepackagenames" value="adm.cvs2svn.*,build.*,config.*,doc.coding.templates.*,jni.test.jni.meaningOfLife.*,jni.test.jni.testDeux.*,jni.test.jni.testTrois.*,org.terraswarm.accessor.accessors.web.node_modules.*,org.terraswarm.accessor.accessors.web.hosts.cordova.demo.*,org.terraswarm.accessor.accessors.web.hosts.cordova.plugins.*,org.terraswarm.accessor.accessors-svn.*,pt-modules.*,ptolemy.apps.agilent.*,ptolemy.apps.anytimecontrol.*,ptolemy.apps.apes.*,ptolemy.apps.charon.*,ptolemy.apps.crazyboard.*,ptolemy.apps.eclipse.*,ptolemy.apps.etherealSting.*,ptolemy.apps.fullscreen.*,ptolemy.apps.giotto.*,ptolemy.apps.ia.*,ptolemy.apps.interfaces.*,ptolemy.apps.jmf.*,ptolemy.apps.kurt.*,ptolemy.apps.kvm.*,ptolemy.apps.lego.*,ptolemy.apps.lejos.*,ptolemy.apps.midp.*,ptolemy.apps.mobileCoding.*,ptolemy.apps.pendulum.*,ptolemy.apps.rijndael.*,ptolemy.apps.robot.*,ptolemy.apps.security.*,ptolemy.apps.sobel.*,ptolemy.apps.soot.*,ptolemy.apps.throttle.*,ptolemy.apps.tini.*,ptolemy.apps.transmission.*,ptolemy.apps.vergil.*,ptolemy.apps.waba.*,ptolemy.apps.websensor.*,ptolemy.apps.webstart.*,ptolemy.apps.xsl.*,ptolemy.apps.zaurus.*,ptolemy.codegen.c.actor.lib.oldJavaFiles.*,ptolemy.codegen.dsp.lib.*,ptolemy.codegen.kernel.newInterfaces.*,ptolemy.codegen.lib.*,ptolemy.copernicus.kernel.fragment.*,ptolemy.copernicus.shallow.cg.*,ptolemy.domains.giotto.demo.Hierarchy.Hierarchy.*,ptolemy.domains.giotto.demo.Multimode.Multimode.*,ptolemy.domains.giotto.demo.Simple.Simple.*,ptolemy.domains.gr.lib.experimental.*,ptolemy.domains.gro.*,ptolemy.domains.pdf.*,ptolemy.domains.ptinyos.demo.Surge.output.*,ptolemy.moml.test.NoPackageActor.java*,ptolemy.plot.adm.*,ptolemy.plot.servlet.*,reports.*,signed.*,src.*,target.*,vendors.*,ptolemy.copernicus.applet.*,ptolemy.media.viewer.*,ptolemy.actor.corba.*,doc.doclets.*,ptolemy.apps.eclipse.awt.*,ptolemy.backtrack.*,ptolemy.backtrack.ast.*,ptolemy.cg.adapter.generic.program.procedural.c.mbed*,ptolemy.homer.*,ptolemy.actor.lib.jjs.modules.audio.*,org.ptolemy.scala.*,diva.util.java2d.svg.*,ptolemy.domains.ptinyos.*,ptolemy.actor.lib.fmi.fmipp.*,,org.terraswarm.accessor.accessors.web.node_modules.*,org.terraswarm.accessor.accessors-svn,ptolemy.apps.*,ptolemy.actor.ptalon.demo.ptinyos.SendAndReceiveCnt.output,ptolemy.actor.ptalon.demo.ptinyos.SenseToLeds.output,ptolemy.domains.ptinyos.demo.CntToLedsAndRfm.output,ptolemy.domains.ptinyos.demo.RfmToLeds.output,ptolemy.domains.ptinyos.demo.SendAndReceiveCnt.output,ptolemy.domains.ptinyos.demo.SenseToLeds.output,ptolemy.actor.lib.jjs.modules.udpSocket.*" />
    <property name="env.PTII" value="/home/travis/build/icyphy/ptII" />
    <property name="env.XDG_SESSION_ID" value="2" />
    <property name="keystore" value="ptKeystore" />
    <property name="env.TRAVIS_COMMIT_MESSAGE" value="Added a test.travis.timeout.fail target so that if Travis will timeout, we can indicate this with a test failure." />
    <property name="junit.output.dir" value="/home/travis/build/icyphy/ptII/reports/junit" />
    <property name="npm.return.code" value="0" />
    <property name="user.dir" value="/home/travis/build/icyphy/ptII/ptolemy/actor/lib/test" />
    <property name="env.TRAVIS_NODE_VERSION" value="7" />
    <property name="env.TRAVIS_EVENT_TYPE" value="push" />
    <property name="env.MAIL" value="/var/mail/travis" />
    <property name="env.PERLBREW_ROOT" value="/home/travis/perl5/perlbrew" />
    <property name="env.PWD" value="/home/travis/build/icyphy/ptII" />
    <property name="timeout.npm" value="45000" />
    <property name="env.TRAVIS_ARCH" value="amd64" />
    <property name="sun.cpu.endian" value="little" />
    <property name="env.PAGER" value="cat" />
    <property name="env.TRAVIS_BUILD_STAGE_NAME" value="Test" />
    <property name="env.PERLBREW_HOME" value="/home/travis/.perlbrew" />
    <property name="java.vm.version" value="11.0.2+9" />
    <property name="env.RAILS_ENV" value="test" />
    <property name="java.class.path" value="/home/travis/.ptolemyII:/home/travis/.ptolemyII/*:/home/travis/build/icyphy/ptII:/home/travis/build/icyphy/ptII/lib/bsh-2.0b4.jar:/home/travis/build/icyphy/ptII/lib/ptCal.jar:/home/travis/build/icyphy/ptII/lib/java_cup.jar:/home/travis/build/icyphy/ptII/lib/saxon8.jar:/home/travis/build/icyphy/ptII/lib/saxon8-dom.jar:/home/travis/build/icyphy/ptII/lib/chic.jar:/home/travis/build/icyphy/ptII/lib/ptcolt.jar:/home/travis/build/icyphy/ptII/vendors/misc/itext/iText.jar:/home/travis/build/icyphy/ptII/lib/g4ltl.jar:/home/travis/build/icyphy/ptII/lib/StructuralCoder.jar:/home/travis/build/icyphy/ptII/vendors/jai-1_1_2_01/lib/jai_core.jar:/home/travis/build/icyphy/ptII/vendors/jai-1_1_2_01/lib/jai_codec.jar:/home/travis/build/icyphy/ptII/lib/jcerti.jar:/home/travis/build/icyphy/ptII/lib/javax.mail.jar:/home/travis/build/icyphy/ptII/vendors/JMF-2.1.1e/lib/jmf.jar:/home/travis/build/icyphy/ptII/lib/jna-4.0.0-variadic.jar:/home/travis/build/icyphy/ptII/vendors/misc/joystick/Joystick.jar:/home/travis/build/icyphy/ptII/lib/ptjacl.jar:/home/travis/build/icyphy/ptII/lib/jsoup-1.8.2.jar:/home/travis/build/icyphy/ptII/lib/junit-4.8.2.jar:/home/travis/build/icyphy/ptII/lib/JUnitParams-0.4.0.jar:/home/travis/build/icyphy/ptII/ptolemy/actor/lib/excel/jxl.jar:/home/travis/build/icyphy/ptII/lib/jython.jar:/home/travis/build/icyphy/ptII/lib/kieler.jar:/home/travis/build/icyphy/ptII/vendors/opencv/share/OpenCV/java/opencv-341.jar:/home/travis/build/icyphy/ptII/lib/oscP5.jar:/home/travis/build/icyphy/ptII/lib/nrjavaserial-3.11.0.devel.jar:/home/travis/build/icyphy/ptII/vendors/j3d/lib/j3dcore.jar:/home/travis/build/icyphy/ptII/vendors/j3d/lib/j3dutils.jar:/home/travis/build/icyphy/ptII/vendors/j3d/lib/vecmath.jar:/home/travis/build/icyphy/ptII/ptolemy/distributed/jini/jar/jini-core.jar:/home/travis/build/icyphy/ptII/ptolemy/distributed/jini/jar/jini-ext.jar:/home/travis/build/icyphy/ptII/ptolemy/distributed/jini/jar/sun-util.jar:/home/travis/build/icyphy/ptII/lib/protobuf-java-2.4.1.jar:/home/travis/build/icyphy/ptII/lib/org.eclipse.paho.client.mqttv3.jar:/home/travis/build/icyphy/ptII/lib/mapss.jar:/home/travis/build/icyphy/ptII/ptolemy/actor/ptalon/antlr/antlr.jar:/home/travis/build/icyphy/ptII/lib/JRI.jar:/home/travis/build/icyphy/ptII/lib/commons-lang-2.6.jar:/home/travis/build/icyphy/ptII/lib/commons-logging-1.1.1.jar:/home/travis/build/icyphy/ptII/lib/sootclasses.jar:/home/travis/build/icyphy/ptII/ptolemy/actor/lib/database/mysql-connector-java-5.1.6-bin.jar:/home/travis/build/icyphy/ptII/vendors/misc/sphinx4/sphinx4-data-5prealpha.jar:/home/travis/build/icyphy/ptII/vendors/misc/sphinx4/sphinx4-core-5prealpha.jar:/home/travis/build/icyphy/ptII/lib/PDFRenderer.jar:/home/travis/build/icyphy/ptII/lib/svgSalamander.jar:/home/travis/build/icyphy/ptII/lib/rsyntaxtextarea-2.6.0-SNAPSHOT.jar:/home/travis/build/icyphy/ptII/lib/hazelcast-3.8.2.jar:/home/travis/build/icyphy/ptII/lib/jackson-annotations-2.9.0.jar:/home/travis/build/icyphy/ptII/lib/jackson-core-2.9.3.jar:/home/travis/build/icyphy/ptII/lib/jackson-databind-2.9.3.jar:/home/travis/build/icyphy/ptII/lib/netty-buffer-4.1.19.Final.jar:/home/travis/build/icyphy/ptII/lib/netty-codec-4.1.19.Final.jar:/home/travis/build/icyphy/ptII/lib/netty-codec-dns-4.1.19.Final.jar:/home/travis/build/icyphy/ptII/lib/netty-codec-http-4.1.19.Final.jar:/home/travis/build/icyphy/ptII/lib/netty-codec-http2-4.1.19.Final.jar:/home/travis/build/icyphy/ptII/lib/netty-common-4.1.19.Final.jar:/home/travis/build/icyphy/ptII/lib/netty-handler-4.1.19.Final.jar:/home/travis/build/icyphy/ptII/lib/netty-resolver-4.1.19.Final.jar:/home/travis/build/icyphy/ptII/lib/netty-resolver-dns-4.1.19.Final.jar:/home/travis/build/icyphy/ptII/lib/netty-transport-4.1.19.Final.jar:/home/travis/build/icyphy/ptII/lib/vertx-codegen-3.5.1.jar:/home/travis/build/icyphy/ptII/lib/vertx-core-3.5.2-SNAPSHOT.jar:/home/travis/build/icyphy/ptII/lib/vertx-hazelcast-3.5.1.jar:/home/travis/build/icyphy/ptII/lib/vertx-lang-js-3.5.1.jar:/home/travis/build/icyphy/ptII/lib/vertx-service-proxy-3.5.1.jar:/home/travis/build/icyphy/ptII/lib/vertx-web-3.5.1.jar:/home/travis/build/icyphy/ptII/lib/slf4j-api-1.7.13.jar:/home/travis/build/icyphy/ptII/lib/slf4j-simple-1.7.13.jar:/home/travis/build/icyphy/ptII/lib/webcam-capture-0.3.12.jar:/home/travis/build/icyphy/ptII/lib/bridj-0.7.0.jar:/home/travis/build/icyphy/ptII/lib/xbjlib-1.1.0.nrjavaserial.jar:/home/travis/build/icyphy/ptII/ptolemy/moml/test:/home/travis/build/icyphy/ptII/ant/lib/ant-launcher.jar:/home/travis/build/icyphy/ptII/ant/lib/ant.jar:/home/travis/build/icyphy/ptII/ant/lib/ant-junit.jar:/home/travis/build/icyphy/ptII/ant/lib/ant-junit4.jar" />
    <property name="ant.library.dir" value="/home/travis/build/icyphy/ptII/ant/lib" />
    <property name="os.arch" value="amd64" />
    <property name="env.CONTINUOUS_INTEGRATION" value="true" />
    <property name="env.TRAVIS_LANGUAGE" value="node_js" />
    <property name="env.TRAVIS_STACK_LANGUAGES" value="__sardonyx__ c c++ clojure cplusplus cpp default generic go groovy java node_js php pure_java python ruby scala" />
    <property name="test.name" value="ptolemy.actor.lib.test.junit.JUnitTclTest" />
    <property name="env.APT_KEY_DONT_WARN_ON_DANGEROUS_USAGE" value="1" />
    <property name="sun.java.launcher" value="SUN_STANDARD" />
    <property name="env.PYTHON_CONFIGURE_OPTS" value="--enable-unicode=ucs4 --with-wide-unicode --enable-shared --enable-ipv6 --enable-loadable-sqlite-extensions --with-computed-gotos" />
    <property name="ant.core.lib" value="/home/travis/build/icyphy/ptII/ant/lib/ant.jar" />
    <property name="java.vm.specification.vendor" value="Oracle Corporation" />
    <property name="env.BCVTB_HOME" value="/home/travis/build/icyphy/ptII/lbnl" />
    <property name="file.separator" value="/" />
    <property name="spotbugs.home" value="/home/travis/build/icyphy/ptII/vendors/spotbugs-3.1.1" />
    <property name="java.runtime.version" value="11.0.2+9" />
    <property name="env.ANSI_CLEAR" value="\033[0K" />
    <property name="env.HAS_JOSH_K_SEAL_OF_APPROVAL" value="true" />
    <property name="env.XDG_RUNTIME_DIR" value="/run/user/2000" />
    <property name="env.TRAVIS_OSX_IMAGE" value="" />
    <property name="env.TRAVIS_JOB_ID" value="549405588" />
    <property name="env.TRAVIS_BRANCH" value="master" />
    <property name="user.country" value="US" />
    <property name="env.CERTI_HOME_TRAVIS" value="/home/travis/pthla/certi-tools" />
    <property name="env.SHELL" value="/bin/bash" />
    <property name="java.maxmemory.large" value="5000m" />
    <property name="model" value="" />
    <property name="env.CASHER_DIR" value="/home/travis/.casher" />
    <property name="env.NVM_CD_FLAGS" value="" />
    <property name="java.vendor.version" value="18.9" />
    <property name="jshint.executable" value="/home/travis/node_modules/jshint/bin/jshint" />
    <property name="env.JRUBY_OPTS" value=" --client -J-XX:+TieredCompilation -J-XX:TieredStopAtLevel=1 -J-Xss2m -Xcompile.invokedynamic=false" />
    <property name="java.vendor" value="Oracle Corporation" />
    <property name="env.TRAVIS_PRE_CHEF_BOOTSTRAP_TIME" value="2019-03-25T16:16:42" />
    <property name="env.TRAVIS_STACK_JOB_BOARD_REGISTER" value="/.job-board-register.yml" />
    <property name="env.ANSI_RED" value="\033[31;1m" />
    <property name="java.specification.version" value="11" />
    <property name="env.IRBRC" value="/home/travis/.rvm/rubies/ruby-2.5.3/.irbrc" />
    <property name="env.TRAVIS" value="true" />
    <property name="sun.arch.data.model" value="64" />
  </properties>
  <testcase classname="ptolemy.util.test.junit.TclTests" name="[0] /home/travis/build/icyphy/ptII/ptolemy/actor/lib/test/AbsoluteValue.tcl (RunTclFile)" time="0.514" />
  <testcase classname="ptolemy.util.test.junit.TclTests" name="[1] /home/travis/build/icyphy/ptII/ptolemy/actor/lib/test/AddSubtract.tcl (RunTclFile)" time="0.179" />
  <testcase classname="ptolemy.util.test.junit.TclTests" name="[2] /home/travis/build/icyphy/ptII/ptolemy/actor/lib/test/Average.tcl (RunTclFile)" time="0.089" />
  <testcase classname="ptolemy.util.test.junit.TclTests" name="[3] /home/travis/build/icyphy/ptII/ptolemy/actor/lib/test/Bernoulli.tcl (RunTclFile)" time="0.039" />
  <testcase classname="ptolemy.util.test.junit.TclTests" name="[4] /home/travis/build/icyphy/ptII/ptolemy/actor/lib/test/Clock.tcl (RunTclFile)" time="0.072" />
  <testcase classname="ptolemy.util.test.junit.TclTests" name="[5] /home/travis/build/icyphy/ptII/ptolemy/actor/lib/test/Commutator.tcl (RunTclFile)" time="0.113" />
  <testcase classname="ptolemy.util.test.junit.TclTests" name="[6] /home/travis/build/icyphy/ptII/ptolemy/actor/lib/test/Const.tcl (RunTclFile)" time="0.165" />
  <testcase classname="ptolemy.util.test.junit.TclTests" name="[7] /home/travis/build/icyphy/ptII/ptolemy/actor/lib/test/CurrentTime.tcl (RunTclFile)" time="0.058" />
  <testcase classname="ptolemy.util.test.junit.TclTests" name="[8] /home/travis/build/icyphy/ptII/ptolemy/actor/lib/test/DB.tcl (RunTclFile)" time="0.037" />
  <testcase classname="ptolemy.util.test.junit.TclTests" name="[9] /home/travis/build/icyphy/ptII/ptolemy/actor/lib/test/DiscreteRandomSource.tcl (RunTclFile)" time="0.07" />
  <testcase classname="ptolemy.util.test.junit.TclTests" name="[10] /home/travis/build/icyphy/ptII/ptolemy/actor/lib/test/Distributor.tcl (RunTclFile)" time="0.086" />
  <testcase classname="ptolemy.util.test.junit.TclTests" name="[11] /home/travis/build/icyphy/ptII/ptolemy/actor/lib/test/Exit.tcl (RunTclFile)" time="0.083" />
  <testcase classname="ptolemy.util.test.junit.TclTests" name="[12] /home/travis/build/icyphy/ptII/ptolemy/actor/lib/test/Expression.tcl (RunTclFile)" time="0.145" />
  <testcase classname="ptolemy.util.test.junit.TclTests" name="[13] /home/travis/build/icyphy/ptII/ptolemy/actor/lib/test/Gaussian.tcl (RunTclFile)" time="0.968" />
  <testcase classname="ptolemy.util.test.junit.TclTests" name="[14] /home/travis/build/icyphy/ptII/ptolemy/actor/lib/test/IIR.tcl (RunTclFile)" time="0.044" />
  <testcase classname="ptolemy.util.test.junit.TclTests" name="[15] /home/travis/build/icyphy/ptII/ptolemy/actor/lib/test/Interpolator.tcl (RunTclFile)" time="0.116" />
  <testcase classname="ptolemy.util.test.junit.TclTests" name="[16] /home/travis/build/icyphy/ptII/ptolemy/actor/lib/test/MathFunction.tcl (RunTclFile)" time="0.078" />
  <testcase classname="ptolemy.util.test.junit.TclTests" name="[17] /home/travis/build/icyphy/ptII/ptolemy/actor/lib/test/Maximum.tcl (RunTclFile)" time="0.045" />
  <testcase classname="ptolemy.util.test.junit.TclTests" name="[18] /home/travis/build/icyphy/ptII/ptolemy/actor/lib/test/Minimum.tcl (RunTclFile)" time="0.038" />
  <testcase classname="ptolemy.util.test.junit.TclTests" name="[19] /home/travis/build/icyphy/ptII/ptolemy/actor/lib/test/MultiplyDivide.tcl (RunTclFile)" time="0.051" />
  <testcase classname="ptolemy.util.test.junit.TclTests" name="[20] /home/travis/build/icyphy/ptII/ptolemy/actor/lib/test/OrderedMerge.tcl (RunTclFile)" time="0.173" />
  <testcase classname="ptolemy.util.test.junit.TclTests" name="[21] /home/travis/build/icyphy/ptII/ptolemy/actor/lib/test/Publisher.tcl (RunTclFile)" time="0.901" />
  <testcase classname="ptolemy.util.test.junit.TclTests" name="[22] /home/travis/build/icyphy/ptII/ptolemy/actor/lib/test/Pulse.tcl (RunTclFile)" time="0.102" />
  <testcase classname="ptolemy.util.test.junit.TclTests" name="[23] /home/travis/build/icyphy/ptII/ptolemy/actor/lib/test/Ramp.tcl (RunTclFile)" time="2.22" />
  <testcase classname="ptolemy.util.test.junit.TclTests" name="[24] /home/travis/build/icyphy/ptII/ptolemy/actor/lib/test/RampContinuous.tcl (RunTclFile)" time="0.018" />
  <testcase classname="ptolemy.util.test.junit.TclTests" name="[25] /home/travis/build/icyphy/ptII/ptolemy/actor/lib/test/RecordAssembler.tcl (RunTclFile)" time="0.02" />
  <testcase classname="ptolemy.util.test.junit.TclTests" name="[26] /home/travis/build/icyphy/ptII/ptolemy/actor/lib/test/RecordDisassembler.tcl (RunTclFile)" time="0.034" />
  <testcase classname="ptolemy.util.test.junit.TclTests" name="[27] /home/travis/build/icyphy/ptII/ptolemy/actor/lib/test/Scale.tcl (RunTclFile)" time="0.027" />
  <testcase classname="ptolemy.util.test.junit.TclTests" name="[28] /home/travis/build/icyphy/ptII/ptolemy/actor/lib/test/SequentialClock.tcl (RunTclFile)" time="0.017" />
  <testcase classname="ptolemy.util.test.junit.TclTests" name="[29] /home/travis/build/icyphy/ptII/ptolemy/actor/lib/test/SetVariable.tcl (RunTclFile)" time="0.04">
    <failure message="Number of failed tests is has increased. expected:&lt;0&gt; but was:&lt;1&gt;" type="junit.framework.AssertionFailedError">junit.framework.AssertionFailedError: Number of failed tests is has increased. expected:&lt;0&gt; but was:&lt;1&gt;
	at ptolemy.util.test.junit.TclTests.RunTclFile(TclTests.java:286)
	at jdk.internal.reflect.GeneratedMethodAccessor19.invoke(Unknown Source)
	at java.base/jdk.internal.reflect.DelegatingMethodAccessorImpl.invoke(DelegatingMethodAccessorImpl.java:43)
	at junitparams.internal.InvokeParameterisedMethod.evaluate(InvokeParameterisedMethod.java:102)
	at junitparams.internal.ParameterisedTestMethodRunner.runMethodInvoker(ParameterisedTestMethodRunner.java:47)
	at junitparams.internal.ParameterisedTestMethodRunner.runTestMethod(ParameterisedTestMethodRunner.java:41)
	at junitparams.internal.ParameterisedTestClassRunner.runParameterisedTest(ParameterisedTestClassRunner.java:143)
	at junitparams.JUnitParamsRunner.runChild(JUnitParamsRunner.java:237)
	at junitparams.JUnitParamsRunner.runChild(JUnitParamsRunner.java:215)
</failure>
  </testcase>
  <testcase classname="ptolemy.util.test.junit.TclTests" name="[30] /home/travis/build/icyphy/ptII/ptolemy/actor/lib/test/Sinewave.tcl (RunTclFile)" time="0.062" />
  <testcase classname="ptolemy.util.test.junit.TclTests" name="[31] /home/travis/build/icyphy/ptII/ptolemy/actor/lib/test/SubscriptionAggregator.tcl (RunTclFile)" time="2.241" />
  <testcase classname="ptolemy.util.test.junit.TclTests" name="[32] /home/travis/build/icyphy/ptII/ptolemy/actor/lib/test/Test.tcl (RunTclFile)" time="0.079" />
  <testcase classname="ptolemy.util.test.junit.TclTests" name="[33] /home/travis/build/icyphy/ptII/ptolemy/actor/lib/test/TestExceptionHandler.tcl (RunTclFile)" time="0.011" />
  <testcase classname="ptolemy.util.test.junit.TclTests" name="[34] /home/travis/build/icyphy/ptII/ptolemy/actor/lib/test/UnionDisassembler.tcl (RunTclFile)" time="0.055" />
  <testcase classname="ptolemy.util.test.junit.TclTests" name="[35] /home/travis/build/icyphy/ptII/ptolemy/actor/lib/test/VariableClock.tcl (RunTclFile)" time="0.016" />
  <testcase classname="ptolemy.util.test.junit.AutoKnownFailedTests" name="[0] /home/travis/build/icyphy/ptII/ptolemy/actor/lib/test/auto/knownFailedTests/PublisherPortToplevelSubscriber.xml (RunModel)" time="0.032" />
  <testcase classname="ptolemy.util.test.junit.AutoKnownFailedTests" name="[1] /home/travis/build/icyphy/ptII/ptolemy/actor/lib/test/auto/knownFailedTests/PublisherSubscriberPortToplevel.xml (RunModel)" time="0.05" />
  <testcase classname="ptolemy.util.test.junit.AutoKnownFailedTests" name="[2] /home/travis/build/icyphy/ptII/ptolemy/actor/lib/test/auto/knownFailedTests/PublisherSubscriptionAggregatorPort.xml (RunModel)" time="0.061" />
  <testcase classname="ptolemy.util.test.junit.AutoKnownFailedTests" name="[3] /home/travis/build/icyphy/ptII/ptolemy/actor/lib/test/auto/knownFailedTests/sizedarray3.xml (RunModel)" time="0.025" />
  <testcase classname="ptolemy.util.test.junit.AutoNameArchTests" name="[0] ThereAreNoAutoArchTests (RunModel)" time="0.004" />
  <testcase classname="ptolemy.util.test.junit.AutoTests" name="[0] /home/travis/build/icyphy/ptII/ptolemy/actor/lib/test/auto/AbsoluteValue.xml (RunModel)" time="0.089" />
  <testcase classname="ptolemy.util.test.junit.AutoTests" name="[1] /home/travis/build/icyphy/ptII/ptolemy/actor/lib/test/auto/AbsoluteValue2.xml (RunModel)" time="0.075" />
  <testcase classname="ptolemy.util.test.junit.AutoTests" name="[2] /home/travis/build/icyphy/ptII/ptolemy/actor/lib/test/auto/Accumulator.xml (RunModel)" time="0.07" />
  <testcase classname="ptolemy.util.test.junit.AutoTests" name="[3] /home/travis/build/icyphy/ptII/ptolemy/actor/lib/test/auto/Accumulator2.xml (RunModel)" time="0.059" />
  <testcase classname="ptolemy.util.test.junit.AutoTests" name="[4] /home/travis/build/icyphy/ptII/ptolemy/actor/lib/test/auto/Accumulator3.xml (RunModel)" time="0.041" />
  <testcase classname="ptolemy.util.test.junit.AutoTests" name="[5] /home/travis/build/icyphy/ptII/ptolemy/actor/lib/test/auto/ArrayAppend.xml (RunModel)" time="0.145" />
  <testcase classname="ptolemy.util.test.junit.AutoTests" name="[6] /home/travis/build/icyphy/ptII/ptolemy/actor/lib/test/auto/ArrayAppend2.xml (RunModel)" time="0.444" />
  <testcase classname="ptolemy.util.test.junit.AutoTests" name="[7] /home/travis/build/icyphy/ptII/ptolemy/actor/lib/test/auto/ArrayAppend3.xml (RunModel)" time="0.046" />
  <testcase classname="ptolemy.util.test.junit.AutoTests" name="[8] /home/travis/build/icyphy/ptII/ptolemy/actor/lib/test/auto/ArrayAppend4.xml (RunModel)" time="0.027" />
  <testcase classname="ptolemy.util.test.junit.AutoTests" name="[9] /home/travis/build/icyphy/ptII/ptolemy/actor/lib/test/auto/ArrayAppend5.xml (RunModel)" time="0.017" />
  <testcase classname="ptolemy.util.test.junit.AutoTests" name="[10] /home/travis/build/icyphy/ptII/ptolemy/actor/lib/test/auto/ArrayAppend6.xml (RunModel)" time="0.025" />
  <testcase classname="ptolemy.util.test.junit.AutoTests" name="[11] /home/travis/build/icyphy/ptII/ptolemy/actor/lib/test/auto/ArrayAppendPerformanceTest.xml (RunModel)" time="0.057" />
  <testcase classname="ptolemy.util.test.junit.AutoTests" name="[12] /home/travis/build/icyphy/ptII/ptolemy/actor/lib/test/auto/ArrayAppendWithEmptyInput.xml (RunModel)" time="0.03" />
  <testcase classname="ptolemy.util.test.junit.AutoTests" name="[13] /home/travis/build/icyphy/ptII/ptolemy/actor/lib/test/auto/ArrayAverage.xml (RunModel)" time="0.12" />
  <testcase classname="ptolemy.util.test.junit.AutoTests" name="[14] /home/travis/build/icyphy/ptII/ptolemy/actor/lib/test/auto/ArrayContains.xml (RunModel)" time="0.03" />
  <testcase classname="ptolemy.util.test.junit.AutoTests" name="[15] /home/travis/build/icyphy/ptII/ptolemy/actor/lib/test/auto/ArrayElement.xml (RunModel)" time="0.038" />
  <testcase classname="ptolemy.util.test.junit.AutoTests" name="[16] /home/travis/build/icyphy/ptII/ptolemy/actor/lib/test/auto/ArrayElementAsMatrix.xml (RunModel)" time="0.067" />
  <testcase classname="ptolemy.util.test.junit.AutoTests" name="[17] /home/travis/build/icyphy/ptII/ptolemy/actor/lib/test/auto/ArrayElementI.xml (RunModel)" time="0.03" />
  <testcase classname="ptolemy.util.test.junit.AutoTests" name="[18] /home/travis/build/icyphy/ptII/ptolemy/actor/lib/test/auto/ArrayExtract.xml (RunModel)" time="0.043" />
  <testcase classname="ptolemy.util.test.junit.AutoTests" name="[19] /home/travis/build/icyphy/ptII/ptolemy/actor/lib/test/auto/ArrayExtract2.xml (RunModel)" time="0.02" />
  <testcase classname="ptolemy.util.test.junit.AutoTests" name="[20] /home/travis/build/icyphy/ptII/ptolemy/actor/lib/test/auto/ArrayLength.xml (RunModel)" time="0.028" />
  <testcase classname="ptolemy.util.test.junit.AutoTests" name="[21] /home/travis/build/icyphy/ptII/ptolemy/actor/lib/test/auto/ArrayLevelCrossing.xml (RunModel)" time="0.035" />
  <testcase classname="ptolemy.util.test.junit.AutoTests" name="[22] /home/travis/build/icyphy/ptII/ptolemy/actor/lib/test/auto/ArrayLevelCrossing2.xml (RunModel)" time="0.025" />
  <testcase classname="ptolemy.util.test.junit.AutoTests" name="[23] /home/travis/build/icyphy/ptII/ptolemy/actor/lib/test/auto/ArrayPeakSearch.xml (RunModel)" time="0.036" />
  <testcase classname="ptolemy.util.test.junit.AutoTests" name="[24] /home/travis/build/icyphy/ptII/ptolemy/actor/lib/test/auto/ArrayPeakSearch2.xml (RunModel)" time="0.05" />
  <testcase classname="ptolemy.util.test.junit.AutoTests" name="[25] /home/travis/build/icyphy/ptII/ptolemy/actor/lib/test/auto/ArrayPeakSearch3.xml (RunModel)" time="0.035" />
  <testcase classname="ptolemy.util.test.junit.AutoTests" name="[26] /home/travis/build/icyphy/ptII/ptolemy/actor/lib/test/auto/ArrayRemoveElement.xml (RunModel)" time="0.031" />
  <testcase classname="ptolemy.util.test.junit.AutoTests" name="[27] /home/travis/build/icyphy/ptII/ptolemy/actor/lib/test/auto/ArraySort.xml (RunModel)" time="0.038" />
  <testcase classname="ptolemy.util.test.junit.AutoTests" name="[28] /home/travis/build/icyphy/ptII/ptolemy/actor/lib/test/auto/ArraySum.xml (RunModel)" time="0.022" />
  <testcase classname="ptolemy.util.test.junit.AutoTests" name="[29] /home/travis/build/icyphy/ptII/ptolemy/actor/lib/test/auto/ArrayToElements.xml (RunModel)" time="0.024" />
  <testcase classname="ptolemy.util.test.junit.AutoTests" name="[30] /home/travis/build/icyphy/ptII/ptolemy/actor/lib/test/auto/ArrayToMatrix.xml (RunModel)" time="0.054" />
  <testcase classname="ptolemy.util.test.junit.AutoTests" name="[31] /home/travis/build/icyphy/ptII/ptolemy/actor/lib/test/auto/ArrayUpdate1.xml (RunModel)" time="0.022" />
  <testcase classname="ptolemy.util.test.junit.AutoTests" name="[32] /home/travis/build/icyphy/ptII/ptolemy/actor/lib/test/auto/ArrayUpdate2.xml (RunModel)" time="0.019" />
  <testcase classname="ptolemy.util.test.junit.AutoTests" name="[33] /home/travis/build/icyphy/ptII/ptolemy/actor/lib/test/auto/ArrayUpdate3.xml (RunModel)" time="0.032" />
  <testcase classname="ptolemy.util.test.junit.AutoTests" name="[34] /home/travis/build/icyphy/ptII/ptolemy/actor/lib/test/auto/Assert1.xml (RunModel)" time="0.028" />
  <testcase classname="ptolemy.util.test.junit.AutoTests" name="[35] /home/travis/build/icyphy/ptII/ptolemy/actor/lib/test/auto/Assert2.xml (RunModel)" time="0.014" />
  <testcase classname="ptolemy.util.test.junit.AutoTests" name="[36] /home/travis/build/icyphy/ptII/ptolemy/actor/lib/test/auto/BooleanMultiplexor.xml (RunModel)" time="0.017" />
  <testcase classname="ptolemy.util.test.junit.AutoTests" name="[37] /home/travis/build/icyphy/ptII/ptolemy/actor/lib/test/auto/BooleanMultiplexor2.xml (RunModel)" time="0.032" />
  <testcase classname="ptolemy.util.test.junit.AutoTests" name="[38] /home/travis/build/icyphy/ptII/ptolemy/actor/lib/test/auto/BooleanMultiplexor3.xml (RunModel)" time="0.02" />
  <testcase classname="ptolemy.util.test.junit.AutoTests" name="[39] /home/travis/build/icyphy/ptII/ptolemy/actor/lib/test/auto/BooleanSelect.xml (RunModel)" time="0.025" />
  <testcase classname="ptolemy.util.test.junit.AutoTests" name="[40] /home/travis/build/icyphy/ptII/ptolemy/actor/lib/test/auto/BooleanSelect2.xml (RunModel)" time="0.017" />
  <testcase classname="ptolemy.util.test.junit.AutoTests" name="[41] /home/travis/build/icyphy/ptII/ptolemy/actor/lib/test/auto/BooleanSwitch.xml (RunModel)" time="0.038" />
  <testcase classname="ptolemy.util.test.junit.AutoTests" name="[42] /home/travis/build/icyphy/ptII/ptolemy/actor/lib/test/auto/BooleanSwitch2.xml (RunModel)" time="0.019" />
  <testcase classname="ptolemy.util.test.junit.AutoTests" name="[43] /home/travis/build/icyphy/ptII/ptolemy/actor/lib/test/auto/BooleanSwitchCloningBugWithClassRelationGroup.xml (RunModel)" time="0.029" />
  <testcase classname="ptolemy.util.test.junit.AutoTests" name="[44] /home/travis/build/icyphy/ptII/ptolemy/actor/lib/test/auto/BusActors.xml (RunModel)" time="0.031" />
  <testcase classname="ptolemy.util.test.junit.AutoTests" name="[45] /home/travis/build/icyphy/ptII/ptolemy/actor/lib/test/auto/ClassWrapper.xml (RunModel)" time="0.024" />
  <testcase classname="ptolemy.util.test.junit.AutoTests" name="[46] /home/travis/build/icyphy/ptII/ptolemy/actor/lib/test/auto/Clock.xml (RunModel)" time="0.025" />
  <testcase classname="ptolemy.util.test.junit.AutoTests" name="[47] /home/travis/build/icyphy/ptII/ptolemy/actor/lib/test/auto/Clock10.xml (RunModel)" time="0.033" />
  <testcase classname="ptolemy.util.test.junit.AutoTests" name="[48] /home/travis/build/icyphy/ptII/ptolemy/actor/lib/test/auto/Clock11.xml (RunModel)" time="0.021" />
  <testcase classname="ptolemy.util.test.junit.AutoTests" name="[49] /home/travis/build/icyphy/ptII/ptolemy/actor/lib/test/auto/Clock12.xml (RunModel)" time="0.02" />
  <testcase classname="ptolemy.util.test.junit.AutoTests" name="[50] /home/travis/build/icyphy/ptII/ptolemy/actor/lib/test/auto/Clock13.xml (RunModel)" time="0.019" />
  <testcase classname="ptolemy.util.test.junit.AutoTests" name="[51] /home/travis/build/icyphy/ptII/ptolemy/actor/lib/test/auto/Clock14.xml (RunModel)" time="0.018" />
  <testcase classname="ptolemy.util.test.junit.AutoTests" name="[52] /home/travis/build/icyphy/ptII/ptolemy/actor/lib/test/auto/Clock15.xml (RunModel)" time="0.014" />
  <testcase classname="ptolemy.util.test.junit.AutoTests" name="[53] /home/travis/build/icyphy/ptII/ptolemy/actor/lib/test/auto/Clock16.xml (RunModel)" time="0.098" />
  <testcase classname="ptolemy.util.test.junit.AutoTests" name="[54] /home/travis/build/icyphy/ptII/ptolemy/actor/lib/test/auto/Clock17.xml (RunModel)" time="0.073" />
  <testcase classname="ptolemy.util.test.junit.AutoTests" name="[55] /home/travis/build/icyphy/ptII/ptolemy/actor/lib/test/auto/Clock18.xml (RunModel)" time="0.052" />
  <testcase classname="ptolemy.util.test.junit.AutoTests" name="[56] /home/travis/build/icyphy/ptII/ptolemy/actor/lib/test/auto/Clock19.xml (RunModel)" time="0.04" />
  <testcase classname="ptolemy.util.test.junit.AutoTests" name="[57] /home/travis/build/icyphy/ptII/ptolemy/actor/lib/test/auto/Clock2.xml (RunModel)" time="0.022" />
  <testcase classname="ptolemy.util.test.junit.AutoTests" name="[58] /home/travis/build/icyphy/ptII/ptolemy/actor/lib/test/auto/Clock20.xml (RunModel)" time="0.022" />
  <testcase classname="ptolemy.util.test.junit.AutoTests" name="[59] /home/travis/build/icyphy/ptII/ptolemy/actor/lib/test/auto/Clock21.xml (RunModel)" time="0.02" />
  <testcase classname="ptolemy.util.test.junit.AutoTests" name="[60] /home/travis/build/icyphy/ptII/ptolemy/actor/lib/test/auto/Clock22.xml (RunModel)" time="0.017" />
  <testcase classname="ptolemy.util.test.junit.AutoTests" name="[61] /home/travis/build/icyphy/ptII/ptolemy/actor/lib/test/auto/Clock23.xml (RunModel)" time="0.018" />
  <testcase classname="ptolemy.util.test.junit.AutoTests" name="[62] /home/travis/build/icyphy/ptII/ptolemy/actor/lib/test/auto/Clock24.xml (RunModel)" time="0.015" />
  <testcase classname="ptolemy.util.test.junit.AutoTests" name="[63] /home/travis/build/icyphy/ptII/ptolemy/actor/lib/test/auto/Clock4.xml (RunModel)" time="0.011" />
  <testcase classname="ptolemy.util.test.junit.AutoTests" name="[64] /home/travis/build/icyphy/ptII/ptolemy/actor/lib/test/auto/Clock5.xml (RunModel)" time="0.012" />
  <testcase classname="ptolemy.util.test.junit.AutoTests" name="[65] /home/travis/build/icyphy/ptII/ptolemy/actor/lib/test/auto/Clock6.xml (RunModel)" time="0.008" />
  <testcase classname="ptolemy.util.test.junit.AutoTests" name="[66] /home/travis/build/icyphy/ptII/ptolemy/actor/lib/test/auto/Clock7.xml (RunModel)" time="0.009" />
  <testcase classname="ptolemy.util.test.junit.AutoTests" name="[67] /home/travis/build/icyphy/ptII/ptolemy/actor/lib/test/auto/Clock8.xml (RunModel)" time="0.014" />
  <testcase classname="ptolemy.util.test.junit.AutoTests" name="[68] /home/travis/build/icyphy/ptII/ptolemy/actor/lib/test/auto/Clock9.xml (RunModel)" time="0.015" />
  <testcase classname="ptolemy.util.test.junit.AutoTests" name="[69] /home/travis/build/icyphy/ptII/ptolemy/actor/lib/test/auto/CommDistDiscard.xml (RunModel)" time="0.022" />
  <testcase classname="ptolemy.util.test.junit.AutoTests" name="[70] /home/travis/build/icyphy/ptII/ptolemy/actor/lib/test/auto/Commutator.xml (RunModel)" time="0.013" />
  <testcase classname="ptolemy.util.test.junit.AutoTests" name="[71] /home/travis/build/icyphy/ptII/ptolemy/actor/lib/test/auto/Commutator2.xml (RunModel)" time="0.01" />
  <testcase classname="ptolemy.util.test.junit.AutoTests" name="[72] /home/travis/build/icyphy/ptII/ptolemy/actor/lib/test/auto/Commutator3.xml (RunModel)" time="0.011" />
  <testcase classname="ptolemy.util.test.junit.AutoTests" name="[73] /home/travis/build/icyphy/ptII/ptolemy/actor/lib/test/auto/Compare.xml (RunModel)" time="0.02" />
  <testcase classname="ptolemy.util.test.junit.AutoTests" name="[74] /home/travis/build/icyphy/ptII/ptolemy/actor/lib/test/auto/CompareDE.xml (RunModel)" time="0.017" />
  <testcase classname="ptolemy.util.test.junit.AutoTests" name="[75] /home/travis/build/icyphy/ptII/ptolemy/actor/lib/test/auto/ComplexDivide.xml (RunModel)" time="0.008" />
  <testcase classname="ptolemy.util.test.junit.AutoTests" name="[76] /home/travis/build/icyphy/ptII/ptolemy/actor/lib/test/auto/ComputeHistogram.xml (RunModel)" time="0.07" />
  <testcase classname="ptolemy.util.test.junit.AutoTests" name="[77] /home/travis/build/icyphy/ptII/ptolemy/actor/lib/test/auto/ConfigurationSelect.xml (RunModel)" time="0.022" />
  <testcase classname="ptolemy.util.test.junit.AutoTests" name="[78] /home/travis/build/icyphy/ptII/ptolemy/actor/lib/test/auto/ConfigurationSelect2.xml (RunModel)" time="0.013" />
  <testcase classname="ptolemy.util.test.junit.AutoTests" name="[79] /home/travis/build/icyphy/ptII/ptolemy/actor/lib/test/auto/ConfigurationSwitch.xml (RunModel)" time="0.026" />
  <testcase classname="ptolemy.util.test.junit.AutoTests" name="[80] /home/travis/build/icyphy/ptII/ptolemy/actor/lib/test/auto/ConfigurationSwitch2.xml (RunModel)" time="0.029" />
  <testcase classname="ptolemy.util.test.junit.AutoTests" name="[81] /home/travis/build/icyphy/ptII/ptolemy/actor/lib/test/auto/ConfigurationSwitchCloningBugWithClassRelationGroup.xml (RunModel)" time="0.023" />
  <testcase classname="ptolemy.util.test.junit.AutoTests" name="[82] /home/travis/build/icyphy/ptII/ptolemy/actor/lib/test/auto/ConfigurationSwitchSelectSDF.xml (RunModel)" time="0.015" />
  <testcase classname="ptolemy.util.test.junit.AutoTests" name="[83] /home/travis/build/icyphy/ptII/ptolemy/actor/lib/test/auto/ConfigurationSwitchSelectSDF2.xml (RunModel)" time="0.013" />
  <testcase classname="ptolemy.util.test.junit.AutoTests" name="[84] /home/travis/build/icyphy/ptII/ptolemy/actor/lib/test/auto/Const.xml (RunModel)" time="0.007" />
  <testcase classname="ptolemy.util.test.junit.AutoTests" name="[85] /home/travis/build/icyphy/ptII/ptolemy/actor/lib/test/auto/Const2.xml (RunModel)" time="0.009" />
  <testcase classname="ptolemy.util.test.junit.AutoTests" name="[86] /home/travis/build/icyphy/ptII/ptolemy/actor/lib/test/auto/Const3.xml (RunModel)" time="0.007" />
  <testcase classname="ptolemy.util.test.junit.AutoTests" name="[87] /home/travis/build/icyphy/ptII/ptolemy/actor/lib/test/auto/ConstantPublisherPort1.xml (RunModel)" time="0.03" />
  <testcase classname="ptolemy.util.test.junit.AutoTests" name="[88] /home/travis/build/icyphy/ptII/ptolemy/actor/lib/test/auto/ConstantPublisherPort2.xml (RunModel)" time="0.027" />
  <testcase classname="ptolemy.util.test.junit.AutoTests" name="[89] /home/travis/build/icyphy/ptII/ptolemy/actor/lib/test/auto/ConstantPublisherPort3.xml (RunModel)" time="0.023" />
  <testcase classname="ptolemy.util.test.junit.AutoTests" name="[90] /home/travis/build/icyphy/ptII/ptolemy/actor/lib/test/auto/ConstantPublisherPort4.xml (RunModel)" time="0.017" />
  <testcase classname="ptolemy.util.test.junit.AutoTests" name="[91] /home/travis/build/icyphy/ptII/ptolemy/actor/lib/test/auto/ConstantPublisherPort5.xml (RunModel)" time="0.048" />
  <testcase classname="ptolemy.util.test.junit.AutoTests" name="[92] /home/travis/build/icyphy/ptII/ptolemy/actor/lib/test/auto/ConstantPublisherPort6.xml (RunModel)" time="0.031" />
  <testcase classname="ptolemy.util.test.junit.AutoTests" name="[93] /home/travis/build/icyphy/ptII/ptolemy/actor/lib/test/auto/ConstantPublisherPort7.xml (RunModel)" time="0.032" />
  <testcase classname="ptolemy.util.test.junit.AutoTests" name="[94] /home/travis/build/icyphy/ptII/ptolemy/actor/lib/test/auto/ConstraintMonitor1.xml (RunModel)" time="0.046" />
  <testcase classname="ptolemy.util.test.junit.AutoTests" name="[95] /home/travis/build/icyphy/ptII/ptolemy/actor/lib/test/auto/ConstraintMonitor2.xml (RunModel)" time="0.01" />
  <testcase classname="ptolemy.util.test.junit.AutoTests" name="[96] /home/travis/build/icyphy/ptII/ptolemy/actor/lib/test/auto/ConstraintMonitor3.xml (RunModel)" time="0.016" />
  <testcase classname="ptolemy.util.test.junit.AutoTests" name="[97] /home/travis/build/icyphy/ptII/ptolemy/actor/lib/test/auto/ConstraintMonitor4.xml (RunModel)" time="0.012" />
  <testcase classname="ptolemy.util.test.junit.AutoTests" name="[98] /home/travis/build/icyphy/ptII/ptolemy/actor/lib/test/auto/ConstraintMonitor5.xml (RunModel)" time="0.013" />
  <testcase classname="ptolemy.util.test.junit.AutoTests" name="[99] /home/travis/build/icyphy/ptII/ptolemy/actor/lib/test/auto/ConstraintMonitor6.xml (RunModel)" time="0.015" />
  <testcase classname="ptolemy.util.test.junit.AutoTests" name="[100] /home/travis/build/icyphy/ptII/ptolemy/actor/lib/test/auto/ConstraintMonitor7.xml (RunModel)" time="0.017" />
  <testcase classname="ptolemy.util.test.junit.AutoTests" name="[101] /home/travis/build/icyphy/ptII/ptolemy/actor/lib/test/auto/ConstraintMonitor8.xml (RunModel)" time="0.023" />
  <testcase classname="ptolemy.util.test.junit.AutoTests" name="[102] /home/travis/build/icyphy/ptII/ptolemy/actor/lib/test/auto/Counter.xml (RunModel)" time="0.015" />
  <testcase classname="ptolemy.util.test.junit.AutoTests" name="[103] /home/travis/build/icyphy/ptII/ptolemy/actor/lib/test/auto/CurrentTimeSDF.xml (RunModel)" time="0.011" />
  <testcase classname="ptolemy.util.test.junit.AutoTests" name="[104] /home/travis/build/icyphy/ptII/ptolemy/actor/lib/test/auto/DB.xml (RunModel)" time="0.015" />
  <testcase classname="ptolemy.util.test.junit.AutoTests" name="[105] /home/travis/build/icyphy/ptII/ptolemy/actor/lib/test/auto/DBDE.xml (RunModel)" time="0.015" />
  <testcase classname="ptolemy.util.test.junit.AutoTests" name="[106] /home/travis/build/icyphy/ptII/ptolemy/actor/lib/test/auto/DateConstructor.xml (RunModel)" time="0.075" />
  <testcase classname="ptolemy.util.test.junit.AutoTests" name="[107] /home/travis/build/icyphy/ptII/ptolemy/actor/lib/test/auto/DelayTime.xml (RunModel)" time="0.02" />
  <testcase classname="ptolemy.util.test.junit.AutoTests" name="[108] /home/travis/build/icyphy/ptII/ptolemy/actor/lib/test/auto/Dictionary1.xml (RunModel)" time="0.017" />
  <testcase classname="ptolemy.util.test.junit.AutoTests" name="[109] /home/travis/build/icyphy/ptII/ptolemy/actor/lib/test/auto/Dictionary2.xml (RunModel)" time="0.023" />
  <testcase classname="ptolemy.util.test.junit.AutoTests" name="[110] /home/travis/build/icyphy/ptII/ptolemy/actor/lib/test/auto/Dictionary3.xml (RunModel)" time="0.019" />
  <testcase classname="ptolemy.util.test.junit.AutoTests" name="[111] /home/travis/build/icyphy/ptII/ptolemy/actor/lib/test/auto/Dictionary4.xml (RunModel)" time="0.017" />
  <testcase classname="ptolemy.util.test.junit.AutoTests" name="[112] /home/travis/build/icyphy/ptII/ptolemy/actor/lib/test/auto/Differential.xml (RunModel)" time="0.012" />
  <testcase classname="ptolemy.util.test.junit.AutoTests" name="[113] /home/travis/build/icyphy/ptII/ptolemy/actor/lib/test/auto/Director.xml (RunModel)" time="0.01" />
  <testcase classname="ptolemy.util.test.junit.AutoTests" name="[114] /home/travis/build/icyphy/ptII/ptolemy/actor/lib/test/auto/DiscreteClock.xml (RunModel)" time="0.009" />
  <testcase classname="ptolemy.util.test.junit.AutoTests" name="[115] /home/travis/build/icyphy/ptII/ptolemy/actor/lib/test/auto/DiscreteClock10.xml (RunModel)" time="0.014" />
  <testcase classname="ptolemy.util.test.junit.AutoTests" name="[116] /home/travis/build/icyphy/ptII/ptolemy/actor/lib/test/auto/DiscreteClock11.xml (RunModel)" time="0.015" />
  <testcase classname="ptolemy.util.test.junit.AutoTests" name="[117] /home/travis/build/icyphy/ptII/ptolemy/actor/lib/test/auto/DiscreteClock12.xml (RunModel)" time="0.015" />
  <testcase classname="ptolemy.util.test.junit.AutoTests" name="[118] /home/travis/build/icyphy/ptII/ptolemy/actor/lib/test/auto/DiscreteClock13.xml (RunModel)" time="0.014" />
  <testcase classname="ptolemy.util.test.junit.AutoTests" name="[119] /home/travis/build/icyphy/ptII/ptolemy/actor/lib/test/auto/DiscreteClock14.xml (RunModel)" time="0.012" />
  <testcase classname="ptolemy.util.test.junit.AutoTests" name="[120] /home/travis/build/icyphy/ptII/ptolemy/actor/lib/test/auto/DiscreteClock15.xml (RunModel)" time="0.015" />
  <testcase classname="ptolemy.util.test.junit.AutoTests" name="[121] /home/travis/build/icyphy/ptII/ptolemy/actor/lib/test/auto/DiscreteClock16.xml (RunModel)" time="0.043" />
  <testcase classname="ptolemy.util.test.junit.AutoTests" name="[122] /home/travis/build/icyphy/ptII/ptolemy/actor/lib/test/auto/DiscreteClock17.xml (RunModel)" time="0.04" />
  <testcase classname="ptolemy.util.test.junit.AutoTests" name="[123] /home/travis/build/icyphy/ptII/ptolemy/actor/lib/test/auto/DiscreteClock18.xml (RunModel)" time="0.047" />
  <testcase classname="ptolemy.util.test.junit.AutoTests" name="[124] /home/travis/build/icyphy/ptII/ptolemy/actor/lib/test/auto/DiscreteClock19.xml (RunModel)" time="0.048" />
  <testcase classname="ptolemy.util.test.junit.AutoTests" name="[125] /home/travis/build/icyphy/ptII/ptolemy/actor/lib/test/auto/DiscreteClock2.xml (RunModel)" time="0.011" />
  <testcase classname="ptolemy.util.test.junit.AutoTests" name="[126] /home/travis/build/icyphy/ptII/ptolemy/actor/lib/test/auto/DiscreteClock20.xml (RunModel)" time="0.016" />
  <testcase classname="ptolemy.util.test.junit.AutoTests" name="[127] /home/travis/build/icyphy/ptII/ptolemy/actor/lib/test/auto/DiscreteClock21.xml (RunModel)" time="0.018" />
  <testcase classname="ptolemy.util.test.junit.AutoTests" name="[128] /home/travis/build/icyphy/ptII/ptolemy/actor/lib/test/auto/DiscreteClock22.xml (RunModel)" time="0.018" />
  <testcase classname="ptolemy.util.test.junit.AutoTests" name="[129] /home/travis/build/icyphy/ptII/ptolemy/actor/lib/test/auto/DiscreteClock23.xml (RunModel)" time="0.023" />
  <testcase classname="ptolemy.util.test.junit.AutoTests" name="[130] /home/travis/build/icyphy/ptII/ptolemy/actor/lib/test/auto/DiscreteClock24.xml (RunModel)" time="0.015" />
  <testcase classname="ptolemy.util.test.junit.AutoTests" name="[131] /home/travis/build/icyphy/ptII/ptolemy/actor/lib/test/auto/DiscreteClock4.xml (RunModel)" time="0.013" />
  <testcase classname="ptolemy.util.test.junit.AutoTests" name="[132] /home/travis/build/icyphy/ptII/ptolemy/actor/lib/test/auto/DiscreteClock5.xml (RunModel)" time="0.011" />
  <testcase classname="ptolemy.util.test.junit.AutoTests" name="[133] /home/travis/build/icyphy/ptII/ptolemy/actor/lib/test/auto/DiscreteClock6.xml (RunModel)" time="0.014" />
  <testcase classname="ptolemy.util.test.junit.AutoTests" name="[134] /home/travis/build/icyphy/ptII/ptolemy/actor/lib/test/auto/DiscreteClock7.xml (RunModel)" time="0.011" />
  <testcase classname="ptolemy.util.test.junit.AutoTests" name="[135] /home/travis/build/icyphy/ptII/ptolemy/actor/lib/test/auto/DiscreteClock8.xml (RunModel)" time="0.029" />
  <testcase classname="ptolemy.util.test.junit.AutoTests" name="[136] /home/travis/build/icyphy/ptII/ptolemy/actor/lib/test/auto/DiscreteClock9.xml (RunModel)" time="0.015" />
  <testcase classname="ptolemy.util.test.junit.AutoTests" name="[137] /home/travis/build/icyphy/ptII/ptolemy/actor/lib/test/auto/DisplayArray.xml (RunModel)" time="0.009" />
  <testcase classname="ptolemy.util.test.junit.AutoTests" name="[138] /home/travis/build/icyphy/ptII/ptolemy/actor/lib/test/auto/Distributor.xml (RunModel)" time="0.01" />
  <testcase classname="ptolemy.util.test.junit.AutoTests" name="[139] /home/travis/build/icyphy/ptII/ptolemy/actor/lib/test/auto/Distributor2.xml (RunModel)" time="0.012" />
  <testcase classname="ptolemy.util.test.junit.AutoTests" name="[140] /home/travis/build/icyphy/ptII/ptolemy/actor/lib/test/auto/DownSample.xml (RunModel)" time="0.012" />
  <testcase classname="ptolemy.util.test.junit.AutoTests" name="[141] /home/travis/build/icyphy/ptII/ptolemy/actor/lib/test/auto/ElectronicUnitBase1.xml (RunModel)" time="0.062" />
  <testcase classname="ptolemy.util.test.junit.AutoTests" name="[142] /home/travis/build/icyphy/ptII/ptolemy/actor/lib/test/auto/ElementsToArray.xml (RunModel)" time="0.01" />
  <testcase classname="ptolemy.util.test.junit.AutoTests" name="[143] /home/travis/build/icyphy/ptII/ptolemy/actor/lib/test/auto/Equals.xml (RunModel)" time="0.014" />
  <testcase classname="ptolemy.util.test.junit.AutoTests" name="[144] /home/travis/build/icyphy/ptII/ptolemy/actor/lib/test/auto/Exec.xml (RunModel)" time="0.032" />
  <testcase classname="ptolemy.util.test.junit.AutoTests" name="[145] /home/travis/build/icyphy/ptII/ptolemy/actor/lib/test/auto/ExecEnvironment.xml (RunModel)" time="0.052" />
  <testcase classname="ptolemy.util.test.junit.AutoTests" name="[146] /home/travis/build/icyphy/ptII/ptolemy/actor/lib/test/auto/ExecNonZeroReturnOutput.xml (RunModel)" time="0.201" />
  <testcase classname="ptolemy.util.test.junit.AutoTests" name="[147] /home/travis/build/icyphy/ptII/ptolemy/actor/lib/test/auto/ExecRunDemos.xml (RunModel)" time="11.227">
    <error type="java.lang.reflect.InvocationTargetException">java.lang.reflect.InvocationTargetException
	at jdk.internal.reflect.GeneratedConstructorAccessor36.newInstance(Unknown Source)
	at java.base/jdk.internal.reflect.DelegatingConstructorAccessorImpl.newInstance(DelegatingConstructorAccessorImpl.java:45)
	at java.base/java.lang.reflect.Constructor.newInstance(Constructor.java:490)
	at ptolemy.util.test.junit.AutoTests.RunModel(AutoTests.java:193)
	at jdk.internal.reflect.GeneratedMethodAccessor43.invoke(Unknown Source)
	at java.base/jdk.internal.reflect.DelegatingMethodAccessorImpl.invoke(DelegatingMethodAccessorImpl.java:43)
	at junitparams.internal.InvokeParameterisedMethod.evaluate(InvokeParameterisedMethod.java:102)
Caused by: ptolemy.kernel.util.IllegalActionException: Test fails in iteration 0.
Value was: &quot;WARNING: An illegal reflective access operation has occurred\nWARNING: Illegal reflective access by io.netty.util.internal.ReflectionUtil (file:/home/travis/build/icyphy/ptII/lib/netty-common-4.1.19.Final.jar) to constructor java.nio.DirectByteBuffer(long,int)\nWARNING: Please consider reporting this to the maintainers of io.netty.util.internal.ReflectionUtil\nWARNING: Use --illegal-access=warn to enable warnings of further illegal reflective access operations\nWARNING: All illegal access operations will be denied in a future release\n&quot;. Should have been: &quot;&quot;
  in .ExecRunDemos.Test
	at ptolemy.actor.lib.Test.fire(Test.java:268)
	at ptolemy.actor.AtomicActor.iterate(AtomicActor.java:512)
	at ptolemy.actor.sched.StaticSchedulingDirector.fire(StaticSchedulingDirector.java:216)
	at ptolemy.domains.sdf.kernel.SDFDirector.fire(SDFDirector.java:500)
	at ptolemy.actor.CompositeActor.fire(CompositeActor.java:455)
	at ptolemy.actor.Manager.iterate(Manager.java:851)
	at ptolemy.actor.Manager.execute(Manager.java:369)
	at ptolemy.actor.Manager.run(Manager.java:1263)
	at ptolemy.actor.Manager$PtolemyRunThread.run(Manager.java:1915)
</error>
  </testcase>
  <testcase classname="ptolemy.util.test.junit.AutoTests" name="[148] /home/travis/build/icyphy/ptII/ptolemy/actor/lib/test/auto/ExecStop.xml (RunModel)" time="5.034" />
  <testcase classname="ptolemy.util.test.junit.AutoTests" name="[149] /home/travis/build/icyphy/ptII/ptolemy/actor/lib/test/auto/ExecutionTimeSDF.xml (RunModel)" time="6.038" />
  <testcase classname="ptolemy.util.test.junit.AutoTests" name="[150] /home/travis/build/icyphy/ptII/ptolemy/actor/lib/test/auto/Expression1.xml (RunModel)" time="0.013" />
  <testcase classname="ptolemy.util.test.junit.AutoTests" name="[151] /home/travis/build/icyphy/ptII/ptolemy/actor/lib/test/auto/Expression10.xml (RunModel)" time="0.017" />
  <testcase classname="ptolemy.util.test.junit.AutoTests" name="[152] /home/travis/build/icyphy/ptII/ptolemy/actor/lib/test/auto/Expression11.xml (RunModel)" time="0.032" />
  <testcase classname="ptolemy.util.test.junit.AutoTests" name="[153] /home/travis/build/icyphy/ptII/ptolemy/actor/lib/test/auto/Expression12.xml (RunModel)" time="0.013" />
  <testcase classname="ptolemy.util.test.junit.AutoTests" name="[154] /home/travis/build/icyphy/ptII/ptolemy/actor/lib/test/auto/Expression13.xml (RunModel)" time="0.013" />
  <testcase classname="ptolemy.util.test.junit.AutoTests" name="[155] /home/travis/build/icyphy/ptII/ptolemy/actor/lib/test/auto/Expression14.xml (RunModel)" time="0.019" />
  <testcase classname="ptolemy.util.test.junit.AutoTests" name="[156] /home/travis/build/icyphy/ptII/ptolemy/actor/lib/test/auto/Expression15.xml (RunModel)" time="0.009" />
  <testcase classname="ptolemy.util.test.junit.AutoTests" name="[157] /home/travis/build/icyphy/ptII/ptolemy/actor/lib/test/auto/Expression16.xml (RunModel)" time="0.015" />
  <testcase classname="ptolemy.util.test.junit.AutoTests" name="[158] /home/travis/build/icyphy/ptII/ptolemy/actor/lib/test/auto/Expression17.xml (RunModel)" time="0.016" />
  <testcase classname="ptolemy.util.test.junit.AutoTests" name="[159] /home/travis/build/icyphy/ptII/ptolemy/actor/lib/test/auto/Expression18.xml (RunModel)" time="0.014" />
  <testcase classname="ptolemy.util.test.junit.AutoTests" name="[160] /home/travis/build/icyphy/ptII/ptolemy/actor/lib/test/auto/Expression2.xml (RunModel)" time="0.013" />
  <testcase classname="ptolemy.util.test.junit.AutoTests" name="[161] /home/travis/build/icyphy/ptII/ptolemy/actor/lib/test/auto/Expression3.xml (RunModel)" time="0.015" />
  <testcase classname="ptolemy.util.test.junit.AutoTests" name="[162] /home/travis/build/icyphy/ptII/ptolemy/actor/lib/test/auto/Expression4.xml (RunModel)" time="0.02" />
  <testcase classname="ptolemy.util.test.junit.AutoTests" name="[163] /home/travis/build/icyphy/ptII/ptolemy/actor/lib/test/auto/Expression5.xml (RunModel)" time="0.015" />
  <testcase classname="ptolemy.util.test.junit.AutoTests" name="[164] /home/travis/build/icyphy/ptII/ptolemy/actor/lib/test/auto/Expression6.xml (RunModel)" time="0.009" />
  <testcase classname="ptolemy.util.test.junit.AutoTests" name="[165] /home/travis/build/icyphy/ptII/ptolemy/actor/lib/test/auto/Expression7.xml (RunModel)" time="0.013" />
  <testcase classname="ptolemy.util.test.junit.AutoTests" name="[166] /home/travis/build/icyphy/ptII/ptolemy/actor/lib/test/auto/Expression8.xml (RunModel)" time="0.016" />
  <testcase classname="ptolemy.util.test.junit.AutoTests" name="[167] /home/travis/build/icyphy/ptII/ptolemy/actor/lib/test/auto/Expression9.xml (RunModel)" time="0.009" />
  <testcase classname="ptolemy.util.test.junit.AutoTests" name="[168] /home/travis/build/icyphy/ptII/ptolemy/actor/lib/test/auto/ExpressionConcatenateArrayType.xml (RunModel)" time="0.031" />
  <testcase classname="ptolemy.util.test.junit.AutoTests" name="[169] /home/travis/build/icyphy/ptII/ptolemy/actor/lib/test/auto/ExpressionConcatenateArrayType2.xml (RunModel)" time="0.022" />
  <testcase classname="ptolemy.util.test.junit.AutoTests" name="[170] /home/travis/build/icyphy/ptII/ptolemy/actor/lib/test/auto/ExpressionFix.xml (RunModel)" time="0.049" />
  <testcase classname="ptolemy.util.test.junit.AutoTests" name="[171] /home/travis/build/icyphy/ptII/ptolemy/actor/lib/test/auto/ExpressionFix2.xml (RunModel)" time="0.012" />
  <testcase classname="ptolemy.util.test.junit.AutoTests" name="[172] /home/travis/build/icyphy/ptII/ptolemy/actor/lib/test/auto/ExpressionFix3.xml (RunModel)" time="0.013" />
  <testcase classname="ptolemy.util.test.junit.AutoTests" name="[173] /home/travis/build/icyphy/ptII/ptolemy/actor/lib/test/auto/FileWriter1.xml (RunModel)" time="0.009" />
  <testcase classname="ptolemy.util.test.junit.AutoTests" name="[174] /home/travis/build/icyphy/ptII/ptolemy/actor/lib/test/auto/FileWriter2.xml (RunModel)" time="0.014" />
  <testcase classname="ptolemy.util.test.junit.AutoTests" name="[175] /home/travis/build/icyphy/ptII/ptolemy/actor/lib/test/auto/FileWriter3.xml (RunModel)" time="0.015" />
  <testcase classname="ptolemy.util.test.junit.AutoTests" name="[176] /home/travis/build/icyphy/ptII/ptolemy/actor/lib/test/auto/Gaussian.xml (RunModel)" time="0.011" />
  <testcase classname="ptolemy.util.test.junit.AutoTests" name="[177] /home/travis/build/icyphy/ptII/ptolemy/actor/lib/test/auto/Gaussian1.xml (RunModel)" time="0.014" />
  <testcase classname="ptolemy.util.test.junit.AutoTests" name="[178] /home/travis/build/icyphy/ptII/ptolemy/actor/lib/test/auto/Gaussian2.xml (RunModel)" time="0.018" />
  <testcase classname="ptolemy.util.test.junit.AutoTests" name="[179] /home/travis/build/icyphy/ptII/ptolemy/actor/lib/test/auto/GradientAdaptiveLattice.xml (RunModel)" time="0.024" />
  <testcase classname="ptolemy.util.test.junit.AutoTests" name="[180] /home/travis/build/icyphy/ptII/ptolemy/actor/lib/test/auto/IIR.xml (RunModel)" time="0.013" />
  <testcase classname="ptolemy.util.test.junit.AutoTests" name="[181] /home/travis/build/icyphy/ptII/ptolemy/actor/lib/test/auto/InputOutputTransparentPorts.xml (RunModel)" time="0.019" />
  <testcase classname="ptolemy.util.test.junit.AutoTests" name="[182] /home/travis/build/icyphy/ptII/ptolemy/actor/lib/test/auto/Interpolator.xml (RunModel)" time="0.013" />
  <testcase classname="ptolemy.util.test.junit.AutoTests" name="[183] /home/travis/build/icyphy/ptII/ptolemy/actor/lib/test/auto/InterpolatorFiringLimitDE.xml (RunModel)" time="0.015" />
  <testcase classname="ptolemy.util.test.junit.AutoTests" name="[184] /home/travis/build/icyphy/ptII/ptolemy/actor/lib/test/auto/Lattice.xml (RunModel)" time="0.01" />
  <testcase classname="ptolemy.util.test.junit.AutoTests" name="[185] /home/travis/build/icyphy/ptII/ptolemy/actor/lib/test/auto/LazyAOCTestLazy.xml (RunModel)" time="0.033" />
  <testcase classname="ptolemy.util.test.junit.AutoTests" name="[186] /home/travis/build/icyphy/ptII/ptolemy/actor/lib/test/auto/LazyAOCTestNonLazy.xml (RunModel)" time="0.048" />
  <testcase classname="ptolemy.util.test.junit.AutoTests" name="[187] /home/travis/build/icyphy/ptII/ptolemy/actor/lib/test/auto/LazyInnerClass.xml (RunModel)" time="0.051" />
  <testcase classname="ptolemy.util.test.junit.AutoTests" name="[188] /home/travis/build/icyphy/ptII/ptolemy/actor/lib/test/auto/LazyPubSub.xml (RunModel)" time="0.064" />
  <testcase classname="ptolemy.util.test.junit.AutoTests" name="[189] /home/travis/build/icyphy/ptII/ptolemy/actor/lib/test/auto/LazyPubSub2.xml (RunModel)" time="0.042" />
  <testcase classname="ptolemy.util.test.junit.AutoTests" name="[190] /home/travis/build/icyphy/ptII/ptolemy/actor/lib/test/auto/LazyPubSub3.xml (RunModel)" time="0.026" />
  <testcase classname="ptolemy.util.test.junit.AutoTests" name="[191] /home/travis/build/icyphy/ptII/ptolemy/actor/lib/test/auto/LazySubClassModel.xml (RunModel)" time="0.021" />
  <testcase classname="ptolemy.util.test.junit.AutoTests" name="[192] /home/travis/build/icyphy/ptII/ptolemy/actor/lib/test/auto/LevelCrossTest1.xml (RunModel)" time="0.011" />
  <testcase classname="ptolemy.util.test.junit.AutoTests" name="[193] /home/travis/build/icyphy/ptII/ptolemy/actor/lib/test/auto/LevelCrossTest10.xml (RunModel)" time="0.015" />
  <testcase classname="ptolemy.util.test.junit.AutoTests" name="[194] /home/travis/build/icyphy/ptII/ptolemy/actor/lib/test/auto/LevelCrossTest11.xml (RunModel)" time="0.013" />
  <testcase classname="ptolemy.util.test.junit.AutoTests" name="[195] /home/travis/build/icyphy/ptII/ptolemy/actor/lib/test/auto/LevelCrossTest12.xml (RunModel)" time="0.014" />
  <testcase classname="ptolemy.util.test.junit.AutoTests" name="[196] /home/travis/build/icyphy/ptII/ptolemy/actor/lib/test/auto/LevelCrossTest13.xml (RunModel)" time="0.014" />
  <testcase classname="ptolemy.util.test.junit.AutoTests" name="[197] /home/travis/build/icyphy/ptII/ptolemy/actor/lib/test/auto/LevelCrossTest2.xml (RunModel)" time="0.011" />
  <testcase classname="ptolemy.util.test.junit.AutoTests" name="[198] /home/travis/build/icyphy/ptII/ptolemy/actor/lib/test/auto/LevelCrossTest3.xml (RunModel)" time="0.012" />
  <testcase classname="ptolemy.util.test.junit.AutoTests" name="[199] /home/travis/build/icyphy/ptII/ptolemy/actor/lib/test/auto/LevelCrossTest4.xml (RunModel)" time="0.01" />
  <testcase classname="ptolemy.util.test.junit.AutoTests" name="[200] /home/travis/build/icyphy/ptII/ptolemy/actor/lib/test/auto/LevelCrossTest5.xml (RunModel)" time="0.013" />
  <testcase classname="ptolemy.util.test.junit.AutoTests" name="[201] /home/travis/build/icyphy/ptII/ptolemy/actor/lib/test/auto/LevelCrossTest6.xml (RunModel)" time="0.012" />
  <testcase classname="ptolemy.util.test.junit.AutoTests" name="[202] /home/travis/build/icyphy/ptII/ptolemy/actor/lib/test/auto/LevelCrossTest7.xml (RunModel)" time="0.014" />
  <testcase classname="ptolemy.util.test.junit.AutoTests" name="[203] /home/travis/build/icyphy/ptII/ptolemy/actor/lib/test/auto/LevelCrossTest8.xml (RunModel)" time="0.013" />
  <testcase classname="ptolemy.util.test.junit.AutoTests" name="[204] /home/travis/build/icyphy/ptII/ptolemy/actor/lib/test/auto/LevelCrossTest9.xml (RunModel)" time="0.013" />
  <testcase classname="ptolemy.util.test.junit.AutoTests" name="[205] /home/travis/build/icyphy/ptII/ptolemy/actor/lib/test/auto/LevinsonDurbin.xml (RunModel)" time="0.009" />
  <testcase classname="ptolemy.util.test.junit.AutoTests" name="[206] /home/travis/build/icyphy/ptII/ptolemy/actor/lib/test/auto/LevinsonDurbin2.xml (RunModel)" time="0.007" />
  <testcase classname="ptolemy.util.test.junit.AutoTests" name="[207] /home/travis/build/icyphy/ptII/ptolemy/actor/lib/test/auto/LevinsonDurbin3.xml (RunModel)" time="0.007" />
  <testcase classname="ptolemy.util.test.junit.AutoTests" name="[208] /home/travis/build/icyphy/ptII/ptolemy/actor/lib/test/auto/Limiter.xml (RunModel)" time="0.026" />
  <testcase classname="ptolemy.util.test.junit.AutoTests" name="[209] /home/travis/build/icyphy/ptII/ptolemy/actor/lib/test/auto/LinearDifferenceEquationSystem.xml (RunModel)" time="0.021" />
  <testcase classname="ptolemy.util.test.junit.AutoTests" name="[210] /home/travis/build/icyphy/ptII/ptolemy/actor/lib/test/auto/LookupTable.xml (RunModel)" time="0.01" />
  <testcase classname="ptolemy.util.test.junit.AutoTests" name="[211] /home/travis/build/icyphy/ptII/ptolemy/actor/lib/test/auto/MathFunction.xml (RunModel)" time="0.031" />
  <testcase classname="ptolemy.util.test.junit.AutoTests" name="[212] /home/travis/build/icyphy/ptII/ptolemy/actor/lib/test/auto/MathFunction2.xml (RunModel)" time="0.01" />
  <testcase classname="ptolemy.util.test.junit.AutoTests" name="[213] /home/travis/build/icyphy/ptII/ptolemy/actor/lib/test/auto/MathFunction3.xml (RunModel)" time="0.018" />
  <testcase classname="ptolemy.util.test.junit.AutoTests" name="[214] /home/travis/build/icyphy/ptII/ptolemy/actor/lib/test/auto/MatrixCropBoolean.xml (RunModel)" time="0.011" />
  <testcase classname="ptolemy.util.test.junit.AutoTests" name="[215] /home/travis/build/icyphy/ptII/ptolemy/actor/lib/test/auto/MatrixCropComplex.xml (RunModel)" time="0.01" />
  <testcase classname="ptolemy.util.test.junit.AutoTests" name="[216] /home/travis/build/icyphy/ptII/ptolemy/actor/lib/test/auto/MatrixCropDouble.xml (RunModel)" time="0.01" />
  <testcase classname="ptolemy.util.test.junit.AutoTests" name="[217] /home/travis/build/icyphy/ptII/ptolemy/actor/lib/test/auto/MatrixCropFix.xml (RunModel)" time="0.011" />
  <testcase classname="ptolemy.util.test.junit.AutoTests" name="[218] /home/travis/build/icyphy/ptII/ptolemy/actor/lib/test/auto/MatrixCropInt.xml (RunModel)" time="0.01" />
  <testcase classname="ptolemy.util.test.junit.AutoTests" name="[219] /home/travis/build/icyphy/ptII/ptolemy/actor/lib/test/auto/MatrixCropLong.xml (RunModel)" time="0.009" />
  <testcase classname="ptolemy.util.test.junit.AutoTests" name="[220] /home/travis/build/icyphy/ptII/ptolemy/actor/lib/test/auto/MatrixToArray.xml (RunModel)" time="0.042" />
  <testcase classname="ptolemy.util.test.junit.AutoTests" name="[221] /home/travis/build/icyphy/ptII/ptolemy/actor/lib/test/auto/MaxIndex.xml (RunModel)" time="0.019" />
  <testcase classname="ptolemy.util.test.junit.AutoTests" name="[222] /home/travis/build/icyphy/ptII/ptolemy/actor/lib/test/auto/Maximum.xml (RunModel)" time="0.02" />
  <testcase classname="ptolemy.util.test.junit.AutoTests" name="[223] /home/travis/build/icyphy/ptII/ptolemy/actor/lib/test/auto/MaximumComplex.xml (RunModel)" time="0.014" />
  <testcase classname="ptolemy.util.test.junit.AutoTests" name="[224] /home/travis/build/icyphy/ptII/ptolemy/actor/lib/test/auto/MethodCallTest.xml (RunModel)" time="0.023" />
  <testcase classname="ptolemy.util.test.junit.AutoTests" name="[225] /home/travis/build/icyphy/ptII/ptolemy/actor/lib/test/auto/Minimum.xml (RunModel)" time="0.013" />
  <testcase classname="ptolemy.util.test.junit.AutoTests" name="[226] /home/travis/build/icyphy/ptII/ptolemy/actor/lib/test/auto/MinimumComplex.xml (RunModel)" time="0.014" />
  <testcase classname="ptolemy.util.test.junit.AutoTests" name="[227] /home/travis/build/icyphy/ptII/ptolemy/actor/lib/test/auto/MinimumMultiports.xml (RunModel)" time="0.018" />
  <testcase classname="ptolemy.util.test.junit.AutoTests" name="[228] /home/travis/build/icyphy/ptII/ptolemy/actor/lib/test/auto/ModifyDate.xml (RunModel)" time="0.039" />
  <testcase classname="ptolemy.util.test.junit.AutoTests" name="[229] /home/travis/build/icyphy/ptII/ptolemy/actor/lib/test/auto/ModifyDate2.xml (RunModel)" time="0.029" />
  <testcase classname="ptolemy.util.test.junit.AutoTests" name="[230] /home/travis/build/icyphy/ptII/ptolemy/actor/lib/test/auto/MovingAverage.xml (RunModel)" time="0.019" />
  <testcase classname="ptolemy.util.test.junit.AutoTests" name="[231] /home/travis/build/icyphy/ptII/ptolemy/actor/lib/test/auto/MovingMaximum.xml (RunModel)" time="0.012" />
  <testcase classname="ptolemy.util.test.junit.AutoTests" name="[232] /home/travis/build/icyphy/ptII/ptolemy/actor/lib/test/auto/MultipleLinksToSameRelation.xml (RunModel)" time="0.008" />
  <testcase classname="ptolemy.util.test.junit.AutoTests" name="[233] /home/travis/build/icyphy/ptII/ptolemy/actor/lib/test/auto/MultipleLinksToSameRelationDE.xml (RunModel)" time="0.017" />
  <testcase classname="ptolemy.util.test.junit.AutoTests" name="[234] /home/travis/build/icyphy/ptII/ptolemy/actor/lib/test/auto/Multiplexor.xml (RunModel)" time="0.016" />
  <testcase classname="ptolemy.util.test.junit.AutoTests" name="[235] /home/travis/build/icyphy/ptII/ptolemy/actor/lib/test/auto/Multiplexor1.xml (RunModel)" time="0.02" />
  <testcase classname="ptolemy.util.test.junit.AutoTests" name="[236] /home/travis/build/icyphy/ptII/ptolemy/actor/lib/test/auto/Multiplexor2.xml (RunModel)" time="0.016" />
  <testcase classname="ptolemy.util.test.junit.AutoTests" name="[237] /home/travis/build/icyphy/ptII/ptolemy/actor/lib/test/auto/Multiplexor3.xml (RunModel)" time="0.009" />
  <testcase classname="ptolemy.util.test.junit.AutoTests" name="[238] /home/travis/build/icyphy/ptII/ptolemy/actor/lib/test/auto/MultiplexorDE.xml (RunModel)" time="0.018" />
  <testcase classname="ptolemy.util.test.junit.AutoTests" name="[239] /home/travis/build/icyphy/ptII/ptolemy/actor/lib/test/auto/MultiportBroadcastTest.xml (RunModel)" time="0.108" />
  <testcase classname="ptolemy.util.test.junit.AutoTests" name="[240] /home/travis/build/icyphy/ptII/ptolemy/actor/lib/test/auto/MultiportOutHangDuringGetWidth.xml (RunModel)" time="0.037" />
  <testcase classname="ptolemy.util.test.junit.AutoTests" name="[241] /home/travis/build/icyphy/ptII/ptolemy/actor/lib/test/auto/NilToken.xml (RunModel)" time="0.013" />
  <testcase classname="ptolemy.util.test.junit.AutoTests" name="[242] /home/travis/build/icyphy/ptII/ptolemy/actor/lib/test/auto/NilTokenNonStrictTest.xml (RunModel)" time="0.02" />
  <testcase classname="ptolemy.util.test.junit.AutoTests" name="[243] /home/travis/build/icyphy/ptII/ptolemy/actor/lib/test/auto/NilTokenRecord.xml (RunModel)" time="0.023" />
  <testcase classname="ptolemy.util.test.junit.AutoTests" name="[244] /home/travis/build/icyphy/ptII/ptolemy/actor/lib/test/auto/NilTokenTypeTest.xml (RunModel)" time="0.03" />
  <testcase classname="ptolemy.util.test.junit.AutoTests" name="[245] /home/travis/build/icyphy/ptII/ptolemy/actor/lib/test/auto/ObjectToken1.xml (RunModel)" time="0.009" />
  <testcase classname="ptolemy.util.test.junit.AutoTests" name="[246] /home/travis/build/icyphy/ptII/ptolemy/actor/lib/test/auto/OrderedMerge.xml (RunModel)" time="0.021" />
  <testcase classname="ptolemy.util.test.junit.AutoTests" name="[247] /home/travis/build/icyphy/ptII/ptolemy/actor/lib/test/auto/OrderedRecordDisassembler.xml (RunModel)" time="0.019" />
  <testcase classname="ptolemy.util.test.junit.AutoTests" name="[248] /home/travis/build/icyphy/ptII/ptolemy/actor/lib/test/auto/OrderedRecordDisassembler2.xml (RunModel)" time="0.019" />
  <testcase classname="ptolemy.util.test.junit.AutoTests" name="[249] /home/travis/build/icyphy/ptII/ptolemy/actor/lib/test/auto/OrderedRecordUpdater.xml (RunModel)" time="0.011" />
  <testcase classname="ptolemy.util.test.junit.AutoTests" name="[250] /home/travis/build/icyphy/ptII/ptolemy/actor/lib/test/auto/OrderedRecordUpdater2.xml (RunModel)" time="0.02" />
  <testcase classname="ptolemy.util.test.junit.AutoTests" name="[251] /home/travis/build/icyphy/ptII/ptolemy/actor/lib/test/auto/PhaseUnwrap.xml (RunModel)" time="0.014" />
  <testcase classname="ptolemy.util.test.junit.AutoTests" name="[252] /home/travis/build/icyphy/ptII/ptolemy/actor/lib/test/auto/PoissonClock.xml (RunModel)" time="0.012" />
  <testcase classname="ptolemy.util.test.junit.AutoTests" name="[253] /home/travis/build/icyphy/ptII/ptolemy/actor/lib/test/auto/PoissonClock2.xml (RunModel)" time="0.007" />
  <testcase classname="ptolemy.util.test.junit.AutoTests" name="[254] /home/travis/build/icyphy/ptII/ptolemy/actor/lib/test/auto/PoissonClock3.xml (RunModel)" time="0.025" />
  <testcase classname="ptolemy.util.test.junit.AutoTests" name="[255] /home/travis/build/icyphy/ptII/ptolemy/actor/lib/test/auto/PubSubWithInitialTokens.xml (RunModel)" time="0.015" />
  <testcase classname="ptolemy.util.test.junit.AutoTests" name="[256] /home/travis/build/icyphy/ptII/ptolemy/actor/lib/test/auto/PubSubWithInitialTokens2.xml (RunModel)" time="0.014" />
  <testcase classname="ptolemy.util.test.junit.AutoTests" name="[257] /home/travis/build/icyphy/ptII/ptolemy/actor/lib/test/auto/PublisherClassNoParameter.xml (RunModel)" time="0.035" />
  <testcase classname="ptolemy.util.test.junit.AutoTests" name="[258] /home/travis/build/icyphy/ptII/ptolemy/actor/lib/test/auto/PublisherClassParameter.xml (RunModel)" time="0.021" />
  <testcase classname="ptolemy.util.test.junit.AutoTests" name="[259] /home/travis/build/icyphy/ptII/ptolemy/actor/lib/test/auto/PublisherNonStrictTest.xml (RunModel)" time="0.015" />
  <testcase classname="ptolemy.util.test.junit.AutoTests" name="[260] /home/travis/build/icyphy/ptII/ptolemy/actor/lib/test/auto/PublisherPort1.xml (RunModel)" time="0.011" />
  <testcase classname="ptolemy.util.test.junit.AutoTests" name="[261] /home/travis/build/icyphy/ptII/ptolemy/actor/lib/test/auto/PublisherPort2.xml (RunModel)" time="0.01" />
  <testcase classname="ptolemy.util.test.junit.AutoTests" name="[262] /home/travis/build/icyphy/ptII/ptolemy/actor/lib/test/auto/PublisherPort3.xml (RunModel)" time="0.02" />
  <testcase classname="ptolemy.util.test.junit.AutoTests" name="[263] /home/travis/build/icyphy/ptII/ptolemy/actor/lib/test/auto/PublisherPort4.xml (RunModel)" time="0.018" />
  <testcase classname="ptolemy.util.test.junit.AutoTests" name="[264] /home/travis/build/icyphy/ptII/ptolemy/actor/lib/test/auto/PublisherPort5.xml (RunModel)" time="0.017" />
  <testcase classname="ptolemy.util.test.junit.AutoTests" name="[265] /home/travis/build/icyphy/ptII/ptolemy/actor/lib/test/auto/PublisherPort5LookAlike.xml (RunModel)" time="0.019" />
  <testcase classname="ptolemy.util.test.junit.AutoTests" name="[266] /home/travis/build/icyphy/ptII/ptolemy/actor/lib/test/auto/PublisherPort6.xml (RunModel)" time="0.013" />
  <testcase classname="ptolemy.util.test.junit.AutoTests" name="[267] /home/travis/build/icyphy/ptII/ptolemy/actor/lib/test/auto/PublisherPort7.xml (RunModel)" time="0.015" />
  <testcase classname="ptolemy.util.test.junit.AutoTests" name="[268] /home/travis/build/icyphy/ptII/ptolemy/actor/lib/test/auto/PublisherPort8.xml (RunModel)" time="0.017" />
  <testcase classname="ptolemy.util.test.junit.AutoTests" name="[269] /home/travis/build/icyphy/ptII/ptolemy/actor/lib/test/auto/PublisherPortSubscriberChannelVariablesAOC2.xml (RunModel)" time="0.037" />
  <testcase classname="ptolemy.util.test.junit.AutoTests" name="[270] /home/travis/build/icyphy/ptII/ptolemy/actor/lib/test/auto/PublisherPortSubscriberOpaqueWidthInference.xml (RunModel)" time="0.028" />
  <testcase classname="ptolemy.util.test.junit.AutoTests" name="[271] /home/travis/build/icyphy/ptII/ptolemy/actor/lib/test/auto/PublisherPortSubscriberPortAdjacent.xml (RunModel)" time="0.019" />
  <testcase classname="ptolemy.util.test.junit.AutoTests" name="[272] /home/travis/build/icyphy/ptII/ptolemy/actor/lib/test/auto/PublisherPortSubscriberPortExpression.xml (RunModel)" time="0.018" />
  <testcase classname="ptolemy.util.test.junit.AutoTests" name="[273] /home/travis/build/icyphy/ptII/ptolemy/actor/lib/test/auto/PublisherPortSubscriberPortOpaqueD3Reverse.xml (RunModel)" time="0.02" />
  <testcase classname="ptolemy.util.test.junit.AutoTests" name="[274] /home/travis/build/icyphy/ptII/ptolemy/actor/lib/test/auto/PublisherPortSubscriberPortOpaqueWidthInference.xml (RunModel)" time="0.015" />
  <testcase classname="ptolemy.util.test.junit.AutoTests" name="[275] /home/travis/build/icyphy/ptII/ptolemy/actor/lib/test/auto/PublisherPortToplevelSubscriberPortAOC.xml (RunModel)" time="0.011" />
  <testcase classname="ptolemy.util.test.junit.AutoTests" name="[276] /home/travis/build/icyphy/ptII/ptolemy/actor/lib/test/auto/PublisherSubscriber.xml (RunModel)" time="0.013" />
  <testcase classname="ptolemy.util.test.junit.AutoTests" name="[277] /home/travis/build/icyphy/ptII/ptolemy/actor/lib/test/auto/PublisherSubscriber10.xml (RunModel)" time="0.022" />
  <testcase classname="ptolemy.util.test.junit.AutoTests" name="[278] /home/travis/build/icyphy/ptII/ptolemy/actor/lib/test/auto/PublisherSubscriber10InitialOutputs.xml (RunModel)" time="0.03" />
  <testcase classname="ptolemy.util.test.junit.AutoTests" name="[279] /home/travis/build/icyphy/ptII/ptolemy/actor/lib/test/auto/PublisherSubscriber11.xml (RunModel)" time="0.019" />
  <testcase classname="ptolemy.util.test.junit.AutoTests" name="[280] /home/travis/build/icyphy/ptII/ptolemy/actor/lib/test/auto/PublisherSubscriber12.xml (RunModel)" time="0.015" />
  <testcase classname="ptolemy.util.test.junit.AutoTests" name="[281] /home/travis/build/icyphy/ptII/ptolemy/actor/lib/test/auto/PublisherSubscriber13.xml (RunModel)" time="0.014" />
  <testcase classname="ptolemy.util.test.junit.AutoTests" name="[282] /home/travis/build/icyphy/ptII/ptolemy/actor/lib/test/auto/PublisherSubscriber14.xml (RunModel)" time="0.02" />
  <testcase classname="ptolemy.util.test.junit.AutoTests" name="[283] /home/travis/build/icyphy/ptII/ptolemy/actor/lib/test/auto/PublisherSubscriber2.xml (RunModel)" time="0.011" />
  <testcase classname="ptolemy.util.test.junit.AutoTests" name="[284] /home/travis/build/icyphy/ptII/ptolemy/actor/lib/test/auto/PublisherSubscriber3.xml (RunModel)" time="0.01" />
  <testcase classname="ptolemy.util.test.junit.AutoTests" name="[285] /home/travis/build/icyphy/ptII/ptolemy/actor/lib/test/auto/PublisherSubscriber4.xml (RunModel)" time="0.009" />
  <testcase classname="ptolemy.util.test.junit.AutoTests" name="[286] /home/travis/build/icyphy/ptII/ptolemy/actor/lib/test/auto/PublisherSubscriber5.xml (RunModel)" time="0.022" />
  <testcase classname="ptolemy.util.test.junit.AutoTests" name="[287] /home/travis/build/icyphy/ptII/ptolemy/actor/lib/test/auto/PublisherSubscriber6.xml (RunModel)" time="0.016" />
  <testcase classname="ptolemy.util.test.junit.AutoTests" name="[288] /home/travis/build/icyphy/ptII/ptolemy/actor/lib/test/auto/PublisherSubscriber7.xml (RunModel)" time="0.022" />
  <testcase classname="ptolemy.util.test.junit.AutoTests" name="[289] /home/travis/build/icyphy/ptII/ptolemy/actor/lib/test/auto/PublisherSubscriber8.xml (RunModel)" time="0.037" />
  <testcase classname="ptolemy.util.test.junit.AutoTests" name="[290] /home/travis/build/icyphy/ptII/ptolemy/actor/lib/test/auto/PublisherSubscriber9.xml (RunModel)" time="0.019" />
  <testcase classname="ptolemy.util.test.junit.AutoTests" name="[291] /home/travis/build/icyphy/ptII/ptolemy/actor/lib/test/auto/PublisherSubscriberAdjacent.xml (RunModel)" time="0.016" />
  <testcase classname="ptolemy.util.test.junit.AutoTests" name="[292] /home/travis/build/icyphy/ptII/ptolemy/actor/lib/test/auto/PublisherSubscriberChannelVariablesAOC2.xml (RunModel)" time="0.025" />
  <testcase classname="ptolemy.util.test.junit.AutoTests" name="[293] /home/travis/build/icyphy/ptII/ptolemy/actor/lib/test/auto/PublisherSubscriberD3.xml (RunModel)" time="0.013" />
  <testcase classname="ptolemy.util.test.junit.AutoTests" name="[294] /home/travis/build/icyphy/ptII/ptolemy/actor/lib/test/auto/PublisherSubscriberD3Reverse.xml (RunModel)" time="0.012" />
  <testcase classname="ptolemy.util.test.junit.AutoTests" name="[295] /home/travis/build/icyphy/ptII/ptolemy/actor/lib/test/auto/PublisherSubscriberExpression.xml (RunModel)" time="0.026" />
  <testcase classname="ptolemy.util.test.junit.AutoTests" name="[296] /home/travis/build/icyphy/ptII/ptolemy/actor/lib/test/auto/PublisherSubscriberOpaque.xml (RunModel)" time="0.021" />
  <testcase classname="ptolemy.util.test.junit.AutoTests" name="[297] /home/travis/build/icyphy/ptII/ptolemy/actor/lib/test/auto/PublisherSubscriberOpaqueD3.xml (RunModel)" time="0.021" />
  <testcase classname="ptolemy.util.test.junit.AutoTests" name="[298] /home/travis/build/icyphy/ptII/ptolemy/actor/lib/test/auto/PublisherSubscriberOpaqueD3Reverse.xml (RunModel)" time="0.023" />
  <testcase classname="ptolemy.util.test.junit.AutoTests" name="[299] /home/travis/build/icyphy/ptII/ptolemy/actor/lib/test/auto/PublisherSubscriberOpaqueWidthInference.xml (RunModel)" time="0.016" />
  <testcase classname="ptolemy.util.test.junit.AutoTests" name="[300] /home/travis/build/icyphy/ptII/ptolemy/actor/lib/test/auto/PublisherTestSubscriber.xml (RunModel)" time="0.014" />
  <testcase classname="ptolemy.util.test.junit.AutoTests" name="[301] /home/travis/build/icyphy/ptII/ptolemy/actor/lib/test/auto/PublisherToplevelSubscriberPortAOC.xml (RunModel)" time="0.011" />
  <testcase classname="ptolemy.util.test.junit.AutoTests" name="[302] /home/travis/build/icyphy/ptII/ptolemy/actor/lib/test/auto/PulseFiringLimitDE.xml (RunModel)" time="0.014" />
  <testcase classname="ptolemy.util.test.junit.AutoTests" name="[303] /home/travis/build/icyphy/ptII/ptolemy/actor/lib/test/auto/Ramp1.xml (RunModel)" time="0.007" />
  <testcase classname="ptolemy.util.test.junit.AutoTests" name="[304] /home/travis/build/icyphy/ptII/ptolemy/actor/lib/test/auto/RampFiringLimitDE.xml (RunModel)" time="0.01" />
  <testcase classname="ptolemy.util.test.junit.AutoTests" name="[305] /home/travis/build/icyphy/ptII/ptolemy/actor/lib/test/auto/RampFiringLimitSDF.xml (RunModel)" time="0.009" />
  <testcase classname="ptolemy.util.test.junit.AutoTests" name="[306] /home/travis/build/icyphy/ptII/ptolemy/actor/lib/test/auto/RandomInteger.xml (RunModel)" time="0.008" />
  <testcase classname="ptolemy.util.test.junit.AutoTests" name="[307] /home/travis/build/icyphy/ptII/ptolemy/actor/lib/test/auto/ReadFile1.xml (RunModel)" time="0.008" />
  <testcase classname="ptolemy.util.test.junit.AutoTests" name="[308] /home/travis/build/icyphy/ptII/ptolemy/actor/lib/test/auto/ReadFile2.xml (RunModel)" time="0.007" />
  <testcase classname="ptolemy.util.test.junit.AutoTests" name="[309] /home/travis/build/icyphy/ptII/ptolemy/actor/lib/test/auto/Reader.xml (RunModel)" time="0.013" />
  <testcase classname="ptolemy.util.test.junit.AutoTests" name="[310] /home/travis/build/icyphy/ptII/ptolemy/actor/lib/test/auto/RecordAssemblerDisplayNameTest.xml (RunModel)" time="3.734" />
  <testcase classname="ptolemy.util.test.junit.AutoTests" name="[311] /home/travis/build/icyphy/ptII/ptolemy/actor/lib/test/auto/RecordAssemblerTypeError.xml (RunModel)" time="0.041" />
  <testcase classname="ptolemy.util.test.junit.AutoTests" name="[312] /home/travis/build/icyphy/ptII/ptolemy/actor/lib/test/auto/RecordDisassember.xml (RunModel)" time="0.014" />
  <testcase classname="ptolemy.util.test.junit.AutoTests" name="[313] /home/travis/build/icyphy/ptII/ptolemy/actor/lib/test/auto/RecordDisassemberDisplayNameTest.xml (RunModel)" time="0.021" />
  <testcase classname="ptolemy.util.test.junit.AutoTests" name="[314] /home/travis/build/icyphy/ptII/ptolemy/actor/lib/test/auto/RecordDisassembler.xml (RunModel)" time="0.014" />
  <testcase classname="ptolemy.util.test.junit.AutoTests" name="[315] /home/travis/build/icyphy/ptII/ptolemy/actor/lib/test/auto/RecordDisassembler2.xml (RunModel)" time="0.011" />
  <testcase classname="ptolemy.util.test.junit.AutoTests" name="[316] /home/travis/build/icyphy/ptII/ptolemy/actor/lib/test/auto/RecordUpdater.xml (RunModel)" time="0.009" />
  <testcase classname="ptolemy.util.test.junit.AutoTests" name="[317] /home/travis/build/icyphy/ptII/ptolemy/actor/lib/test/auto/RecordUpdater2.xml (RunModel)" time="0.009" />
  <testcase classname="ptolemy.util.test.junit.AutoTests" name="[318] /home/travis/build/icyphy/ptII/ptolemy/actor/lib/test/auto/RecursiveLattice.xml (RunModel)" time="0.009" />
  <testcase classname="ptolemy.util.test.junit.AutoTests" name="[319] /home/travis/build/icyphy/ptII/ptolemy/actor/lib/test/auto/Router.xml (RunModel)" time="3.027" />
  <testcase classname="ptolemy.util.test.junit.AutoTests" name="[320] /home/travis/build/icyphy/ptII/ptolemy/actor/lib/test/auto/Router2.xml (RunModel)" time="3.028" />
  <testcase classname="ptolemy.util.test.junit.AutoTests" name="[321] /home/travis/build/icyphy/ptII/ptolemy/actor/lib/test/auto/RunningMaximum.xml (RunModel)" time="0.014" />
  <testcase classname="ptolemy.util.test.junit.AutoTests" name="[322] /home/travis/build/icyphy/ptII/ptolemy/actor/lib/test/auto/RunningMinimum.xml (RunModel)" time="0.025" />
  <testcase classname="ptolemy.util.test.junit.AutoTests" name="[323] /home/travis/build/icyphy/ptII/ptolemy/actor/lib/test/auto/Scale.xml (RunModel)" time="0.008" />
  <testcase classname="ptolemy.util.test.junit.AutoTests" name="[324] /home/travis/build/icyphy/ptII/ptolemy/actor/lib/test/auto/Scale2.xml (RunModel)" time="0.01" />
  <testcase classname="ptolemy.util.test.junit.AutoTests" name="[325] /home/travis/build/icyphy/ptII/ptolemy/actor/lib/test/auto/Scale3.xml (RunModel)" time="0.014" />
  <testcase classname="ptolemy.util.test.junit.AutoTests" name="[326] /home/travis/build/icyphy/ptII/ptolemy/actor/lib/test/auto/ScaleArray.xml (RunModel)" time="0.008" />
  <testcase classname="ptolemy.util.test.junit.AutoTests" name="[327] /home/travis/build/icyphy/ptII/ptolemy/actor/lib/test/auto/ScaleArray2.xml (RunModel)" time="0.007" />
  <testcase classname="ptolemy.util.test.junit.AutoTests" name="[328] /home/travis/build/icyphy/ptII/ptolemy/actor/lib/test/auto/ScaleMatrix.xml (RunModel)" time="0.164" />
  <testcase classname="ptolemy.util.test.junit.AutoTests" name="[329] /home/travis/build/icyphy/ptII/ptolemy/actor/lib/test/auto/Select.xml (RunModel)" time="0.025" />
  <testcase classname="ptolemy.util.test.junit.AutoTests" name="[330] /home/travis/build/icyphy/ptII/ptolemy/actor/lib/test/auto/Select2.xml (RunModel)" time="0.008" />
  <testcase classname="ptolemy.util.test.junit.AutoTests" name="[331] /home/travis/build/icyphy/ptII/ptolemy/actor/lib/test/auto/SequenceToArray2.xml (RunModel)" time="0.127" />
  <testcase classname="ptolemy.util.test.junit.AutoTests" name="[332] /home/travis/build/icyphy/ptII/ptolemy/actor/lib/test/auto/SequentialClock.xml (RunModel)" time="0.013" />
  <testcase classname="ptolemy.util.test.junit.AutoTests" name="[333] /home/travis/build/icyphy/ptII/ptolemy/actor/lib/test/auto/SetVariable.xml (RunModel)" time="0.027" />
  <testcase classname="ptolemy.util.test.junit.AutoTests" name="[334] /home/travis/build/icyphy/ptII/ptolemy/actor/lib/test/auto/SetVariable2.xml (RunModel)" time="0.009" />
  <testcase classname="ptolemy.util.test.junit.AutoTests" name="[335] /home/travis/build/icyphy/ptII/ptolemy/actor/lib/test/auto/SetVariable3.xml (RunModel)" time="0.015" />
  <testcase classname="ptolemy.util.test.junit.AutoTests" name="[336] /home/travis/build/icyphy/ptII/ptolemy/actor/lib/test/auto/SetVariable4.xml (RunModel)" time="0.031" />
  <testcase classname="ptolemy.util.test.junit.AutoTests" name="[337] /home/travis/build/icyphy/ptII/ptolemy/actor/lib/test/auto/SetVariable5.xml (RunModel)" time="0.041" />
  <testcase classname="ptolemy.util.test.junit.AutoTests" name="[338] /home/travis/build/icyphy/ptII/ptolemy/actor/lib/test/auto/Sinewave.xml (RunModel)" time="0.029" />
  <testcase classname="ptolemy.util.test.junit.AutoTests" name="[339] /home/travis/build/icyphy/ptII/ptolemy/actor/lib/test/auto/Sinewave2.xml (RunModel)" time="0.018" />
  <testcase classname="ptolemy.util.test.junit.AutoTests" name="[340] /home/travis/build/icyphy/ptII/ptolemy/actor/lib/test/auto/Sinewave3.xml (RunModel)" time="0.02" />
  <testcase classname="ptolemy.util.test.junit.AutoTests" name="[341] /home/travis/build/icyphy/ptII/ptolemy/actor/lib/test/auto/SingleEvent.xml (RunModel)" time="0.008" />
  <testcase classname="ptolemy.util.test.junit.AutoTests" name="[342] /home/travis/build/icyphy/ptII/ptolemy/actor/lib/test/auto/Sleep.xml (RunModel)" time="6.018" />
  <testcase classname="ptolemy.util.test.junit.AutoTests" name="[343] /home/travis/build/icyphy/ptII/ptolemy/actor/lib/test/auto/SleepMultipleFire.xml (RunModel)" time="1.017" />
  <testcase classname="ptolemy.util.test.junit.AutoTests" name="[344] /home/travis/build/icyphy/ptII/ptolemy/actor/lib/test/auto/StopDE.xml (RunModel)" time="0.014" />
  <testcase classname="ptolemy.util.test.junit.AutoTests" name="[345] /home/travis/build/icyphy/ptII/ptolemy/actor/lib/test/auto/StopSDF.xml (RunModel)" time="0.012" />
  <testcase classname="ptolemy.util.test.junit.AutoTests" name="[346] /home/travis/build/icyphy/ptII/ptolemy/actor/lib/test/auto/StringConstant.xml (RunModel)" time="0.019" />
  <testcase classname="ptolemy.util.test.junit.AutoTests" name="[347] /home/travis/build/icyphy/ptII/ptolemy/actor/lib/test/auto/SubscriberPortInitialValues1.xml (RunModel)" time="0.021" />
  <testcase classname="ptolemy.util.test.junit.AutoTests" name="[348] /home/travis/build/icyphy/ptII/ptolemy/actor/lib/test/auto/SubscriberPortInitialValues13.xml (RunModel)" time="0.028" />
  <testcase classname="ptolemy.util.test.junit.AutoTests" name="[349] /home/travis/build/icyphy/ptII/ptolemy/actor/lib/test/auto/SubscriberPortInitialValues14.xml (RunModel)" time="0.017" />
  <testcase classname="ptolemy.util.test.junit.AutoTests" name="[350] /home/travis/build/icyphy/ptII/ptolemy/actor/lib/test/auto/SubscriberPortInitialValues2.xml (RunModel)" time="0.021" />
  <testcase classname="ptolemy.util.test.junit.AutoTests" name="[351] /home/travis/build/icyphy/ptII/ptolemy/actor/lib/test/auto/SubscriberPortInitialValues3.xml (RunModel)" time="0.021" />
  <testcase classname="ptolemy.util.test.junit.AutoTests" name="[352] /home/travis/build/icyphy/ptII/ptolemy/actor/lib/test/auto/SubscriptionAggregator.xml (RunModel)" time="0.011" />
  <testcase classname="ptolemy.util.test.junit.AutoTests" name="[353] /home/travis/build/icyphy/ptII/ptolemy/actor/lib/test/auto/SubscriptionAggregator2.xml (RunModel)" time="0.011" />
  <testcase classname="ptolemy.util.test.junit.AutoTests" name="[354] /home/travis/build/icyphy/ptII/ptolemy/actor/lib/test/auto/SubscriptionAggregator3.xml (RunModel)" time="0.015" />
  <testcase classname="ptolemy.util.test.junit.AutoTests" name="[355] /home/travis/build/icyphy/ptII/ptolemy/actor/lib/test/auto/SubscriptionAggregatorMultiply.xml (RunModel)" time="0.015" />
  <testcase classname="ptolemy.util.test.junit.AutoTests" name="[356] /home/travis/build/icyphy/ptII/ptolemy/actor/lib/test/auto/SubscriptionAggregatorPortMultiply1.xml (RunModel)" time="0.013" />
  <testcase classname="ptolemy.util.test.junit.AutoTests" name="[357] /home/travis/build/icyphy/ptII/ptolemy/actor/lib/test/auto/Switch.xml (RunModel)" time="0.017" />
  <testcase classname="ptolemy.util.test.junit.AutoTests" name="[358] /home/travis/build/icyphy/ptII/ptolemy/actor/lib/test/auto/Switch2.xml (RunModel)" time="0.013" />
  <testcase classname="ptolemy.util.test.junit.AutoTests" name="[359] /home/travis/build/icyphy/ptII/ptolemy/actor/lib/test/auto/SwitchDE.xml (RunModel)" time="0.014" />
  <testcase classname="ptolemy.util.test.junit.AutoTests" name="[360] /home/travis/build/icyphy/ptII/ptolemy/actor/lib/test/auto/SynchronizerDE.xml (RunModel)" time="0.02" />
  <testcase classname="ptolemy.util.test.junit.AutoTests" name="[361] /home/travis/build/icyphy/ptII/ptolemy/actor/lib/test/auto/Test.xml (RunModel)" time="0.019" />
  <testcase classname="ptolemy.util.test.junit.AutoTests" name="[362] /home/travis/build/icyphy/ptII/ptolemy/actor/lib/test/auto/TestExceptionAttribute1.xml (RunModel)" time="0.008" />
  <testcase classname="ptolemy.util.test.junit.AutoTests" name="[363] /home/travis/build/icyphy/ptII/ptolemy/actor/lib/test/auto/TestExceptionAttribute2.xml (RunModel)" time="0.012" />
  <testcase classname="ptolemy.util.test.junit.AutoTests" name="[364] /home/travis/build/icyphy/ptII/ptolemy/actor/lib/test/auto/TestExceptionAttribute3.xml (RunModel)" time="0.006" />
  <testcase classname="ptolemy.util.test.junit.AutoTests" name="[365] /home/travis/build/icyphy/ptII/ptolemy/actor/lib/test/auto/TestExceptionAttribute4.xml (RunModel)" time="0.007" />
  <testcase classname="ptolemy.util.test.junit.AutoTests" name="[366] /home/travis/build/icyphy/ptII/ptolemy/actor/lib/test/auto/TestExceptionHandler1.xml (RunModel)" time="0.006" />
  <testcase classname="ptolemy.util.test.junit.AutoTests" name="[367] /home/travis/build/icyphy/ptII/ptolemy/actor/lib/test/auto/TestExceptionHandler2.xml (RunModel)" time="0.006" />
  <testcase classname="ptolemy.util.test.junit.AutoTests" name="[368] /home/travis/build/icyphy/ptII/ptolemy/actor/lib/test/auto/TestExceptionHandler3.xml (RunModel)" time="0.006" />
  <testcase classname="ptolemy.util.test.junit.AutoTests" name="[369] /home/travis/build/icyphy/ptII/ptolemy/actor/lib/test/auto/TestExceptionHandler4.xml (RunModel)" time="0.007" />
  <testcase classname="ptolemy.util.test.junit.AutoTests" name="[370] /home/travis/build/icyphy/ptII/ptolemy/actor/lib/test/auto/TestRequireCorrectOrder.xml (RunModel)" time="0.014" />
  <testcase classname="ptolemy.util.test.junit.AutoTests" name="[371] /home/travis/build/icyphy/ptII/ptolemy/actor/lib/test/auto/TestSimple.xml (RunModel)" time="0.008" />
  <testcase classname="ptolemy.util.test.junit.AutoTests" name="[372] /home/travis/build/icyphy/ptII/ptolemy/actor/lib/test/auto/ThrowModelError.xml (RunModel)" time="0.011" />
  <testcase classname="ptolemy.util.test.junit.AutoTests" name="[373] /home/travis/build/icyphy/ptII/ptolemy/actor/lib/test/auto/TimeDelayMicrosteps.xml (RunModel)" time="0.015" />
  <testcase classname="ptolemy.util.test.junit.AutoTests" name="[374] /home/travis/build/icyphy/ptII/ptolemy/actor/lib/test/auto/TimeDelayMicrosteps2.xml (RunModel)" time="0.013" />
  <testcase classname="ptolemy.util.test.junit.AutoTests" name="[375] /home/travis/build/icyphy/ptII/ptolemy/actor/lib/test/auto/TimeDelayMicrosteps3.xml (RunModel)" time="0.012" />
  <testcase classname="ptolemy.util.test.junit.AutoTests" name="[376] /home/travis/build/icyphy/ptII/ptolemy/actor/lib/test/auto/TimeDelayVariableMicrosteps.xml (RunModel)" time="0.011" />
  <testcase classname="ptolemy.util.test.junit.AutoTests" name="[377] /home/travis/build/icyphy/ptII/ptolemy/actor/lib/test/auto/TimeGap.xml (RunModel)" time="0.017" />
  <testcase classname="ptolemy.util.test.junit.AutoTests" name="[378] /home/travis/build/icyphy/ptII/ptolemy/actor/lib/test/auto/TimeGap2.xml (RunModel)" time="0.011" />
  <testcase classname="ptolemy.util.test.junit.AutoTests" name="[379] /home/travis/build/icyphy/ptII/ptolemy/actor/lib/test/auto/TimedSinewave.xml (RunModel)" time="0.053" />
  <testcase classname="ptolemy.util.test.junit.AutoTests" name="[380] /home/travis/build/icyphy/ptII/ptolemy/actor/lib/test/auto/TimedSinewavePhase.xml (RunModel)" time="0.054" />
  <testcase classname="ptolemy.util.test.junit.AutoTests" name="[381] /home/travis/build/icyphy/ptII/ptolemy/actor/lib/test/auto/Timer.xml (RunModel)" time="0.019" />
  <testcase classname="ptolemy.util.test.junit.AutoTests" name="[382] /home/travis/build/icyphy/ptII/ptolemy/actor/lib/test/auto/TriangularDistTestModel.xml (RunModel)" time="0.016" />
  <testcase classname="ptolemy.util.test.junit.AutoTests" name="[383] /home/travis/build/icyphy/ptII/ptolemy/actor/lib/test/auto/TrigFunction.xml (RunModel)" time="0.008" />
  <testcase classname="ptolemy.util.test.junit.AutoTests" name="[384] /home/travis/build/icyphy/ptII/ptolemy/actor/lib/test/auto/TrigFunctionDE.xml (RunModel)" time="0.01" />
  <testcase classname="ptolemy.util.test.junit.AutoTests" name="[385] /home/travis/build/icyphy/ptII/ptolemy/actor/lib/test/auto/TrigFunctionInverse.xml (RunModel)" time="0.008" />
  <testcase classname="ptolemy.util.test.junit.AutoTests" name="[386] /home/travis/build/icyphy/ptII/ptolemy/actor/lib/test/auto/TrigFunctionTan.xml (RunModel)" time="0.014" />
  <testcase classname="ptolemy.util.test.junit.AutoTests" name="[387] /home/travis/build/icyphy/ptII/ptolemy/actor/lib/test/auto/TriggeredClock.xml (RunModel)" time="0.009" />
  <testcase classname="ptolemy.util.test.junit.AutoTests" name="[388] /home/travis/build/icyphy/ptII/ptolemy/actor/lib/test/auto/URLDirectoryReader.xml (RunModel)" time="0.139" />
  <testcase classname="ptolemy.util.test.junit.AutoTests" name="[389] /home/travis/build/icyphy/ptII/ptolemy/actor/lib/test/auto/URLDirectoryReader3.xml (RunModel)" time="1.535" />
  <testcase classname="ptolemy.util.test.junit.AutoTests" name="[390] /home/travis/build/icyphy/ptII/ptolemy/actor/lib/test/auto/UnaryMathFunction.xml (RunModel)" time="0.027" />
  <testcase classname="ptolemy.util.test.junit.AutoTests" name="[391] /home/travis/build/icyphy/ptII/ptolemy/actor/lib/test/auto/Uniform.xml (RunModel)" time="0.028" />
  <testcase classname="ptolemy.util.test.junit.AutoTests" name="[392] /home/travis/build/icyphy/ptII/ptolemy/actor/lib/test/auto/UnionDisassemblerTest.xml (RunModel)" time="0.009" />
  <testcase classname="ptolemy.util.test.junit.AutoTests" name="[393] /home/travis/build/icyphy/ptII/ptolemy/actor/lib/test/auto/UtilityFunctions.xml (RunModel)" time="0.008" />
  <testcase classname="ptolemy.util.test.junit.AutoTests" name="[394] /home/travis/build/icyphy/ptII/ptolemy/actor/lib/test/auto/VariableSleep.xml (RunModel)" time="0.513" />
  <testcase classname="ptolemy.util.test.junit.AutoTests" name="[395] /home/travis/build/icyphy/ptII/ptolemy/actor/lib/test/auto/VectorAssemblerDisassemblerCT.xml (RunModel)" time="0.13" />
  <testcase classname="ptolemy.util.test.junit.AutoTests" name="[396] /home/travis/build/icyphy/ptII/ptolemy/actor/lib/test/auto/VectorAssemblerDisassemblerDE.xml (RunModel)" time="0.023" />
  <testcase classname="ptolemy.util.test.junit.AutoTests" name="[397] /home/travis/build/icyphy/ptII/ptolemy/actor/lib/test/auto/VectorAssemblerDisassemblerSDF.xml (RunModel)" time="0.013" />
  <testcase classname="ptolemy.util.test.junit.AutoTests" name="[398] /home/travis/build/icyphy/ptII/ptolemy/actor/lib/test/auto/WallClockTime.xml (RunModel)" time="1.014" />
  <testcase classname="ptolemy.util.test.junit.AutoTests" name="[399] /home/travis/build/icyphy/ptII/ptolemy/actor/lib/test/auto/WidthTestWithSubscriberPublisher.xml (RunModel)" time="0.038" />
  <testcase classname="ptolemy.util.test.junit.AutoTests" name="[400] /home/travis/build/icyphy/ptII/ptolemy/actor/lib/test/auto/WidthTestWithSubscriberPublisher2.xml (RunModel)" time="0.015" />
  <testcase classname="ptolemy.util.test.junit.AutoTests" name="[401] /home/travis/build/icyphy/ptII/ptolemy/actor/lib/test/auto/WidthTestWithSubscriberPublisher3.xml (RunModel)" time="0.019" />
  <testcase classname="ptolemy.util.test.junit.AutoTests" name="[402] /home/travis/build/icyphy/ptII/ptolemy/actor/lib/test/auto/Writer.xml (RunModel)" time="0.009" />
  <testcase classname="ptolemy.util.test.junit.AutoTests" name="[403] /home/travis/build/icyphy/ptII/ptolemy/actor/lib/test/auto/array.xml (RunModel)" time="0.009" />
  <testcase classname="ptolemy.util.test.junit.AutoTests" name="[404] /home/travis/build/icyphy/ptII/ptolemy/actor/lib/test/auto/array2.xml (RunModel)" time="0.015" />
  <testcase classname="ptolemy.util.test.junit.AutoTests" name="[405] /home/travis/build/icyphy/ptII/ptolemy/actor/lib/test/auto/arrayType.xml (RunModel)" time="0.01" />
  <testcase classname="ptolemy.util.test.junit.AutoTests" name="[406] /home/travis/build/icyphy/ptII/ptolemy/actor/lib/test/auto/arrayType10.xml (RunModel)" time="0.008" />
  <testcase classname="ptolemy.util.test.junit.AutoTests" name="[407] /home/travis/build/icyphy/ptII/ptolemy/actor/lib/test/auto/arrayType11.xml (RunModel)" time="0.01" />
  <testcase classname="ptolemy.util.test.junit.AutoTests" name="[408] /home/travis/build/icyphy/ptII/ptolemy/actor/lib/test/auto/arrayType12.xml (RunModel)" time="0.009" />
  <testcase classname="ptolemy.util.test.junit.AutoTests" name="[409] /home/travis/build/icyphy/ptII/ptolemy/actor/lib/test/auto/arrayType13.xml (RunModel)" time="0.01" />
  <testcase classname="ptolemy.util.test.junit.AutoTests" name="[410] /home/travis/build/icyphy/ptII/ptolemy/actor/lib/test/auto/arrayType14.xml (RunModel)" time="0.01" />
  <testcase classname="ptolemy.util.test.junit.AutoTests" name="[411] /home/travis/build/icyphy/ptII/ptolemy/actor/lib/test/auto/arrayType15.xml (RunModel)" time="0.017" />
  <testcase classname="ptolemy.util.test.junit.AutoTests" name="[412] /home/travis/build/icyphy/ptII/ptolemy/actor/lib/test/auto/arrayType16.xml (RunModel)" time="0.009" />
  <testcase classname="ptolemy.util.test.junit.AutoTests" name="[413] /home/travis/build/icyphy/ptII/ptolemy/actor/lib/test/auto/arrayType17.xml (RunModel)" time="0.009" />
  <testcase classname="ptolemy.util.test.junit.AutoTests" name="[414] /home/travis/build/icyphy/ptII/ptolemy/actor/lib/test/auto/arrayType18.xml (RunModel)" time="0.009" />
  <testcase classname="ptolemy.util.test.junit.AutoTests" name="[415] /home/travis/build/icyphy/ptII/ptolemy/actor/lib/test/auto/arrayType19.xml (RunModel)" time="0.008" />
  <testcase classname="ptolemy.util.test.junit.AutoTests" name="[416] /home/travis/build/icyphy/ptII/ptolemy/actor/lib/test/auto/arrayType2.xml (RunModel)" time="0.01" />
  <testcase classname="ptolemy.util.test.junit.AutoTests" name="[417] /home/travis/build/icyphy/ptII/ptolemy/actor/lib/test/auto/arrayType20.xml (RunModel)" time="0.009" />
  <testcase classname="ptolemy.util.test.junit.AutoTests" name="[418] /home/travis/build/icyphy/ptII/ptolemy/actor/lib/test/auto/arrayType21.xml (RunModel)" time="0.01" />
  <testcase classname="ptolemy.util.test.junit.AutoTests" name="[419] /home/travis/build/icyphy/ptII/ptolemy/actor/lib/test/auto/arrayType22.xml (RunModel)" time="0.01" />
  <testcase classname="ptolemy.util.test.junit.AutoTests" name="[420] /home/travis/build/icyphy/ptII/ptolemy/actor/lib/test/auto/arrayType23.xml (RunModel)" time="0.008" />
  <testcase classname="ptolemy.util.test.junit.AutoTests" name="[421] /home/travis/build/icyphy/ptII/ptolemy/actor/lib/test/auto/arrayType24.xml (RunModel)" time="0.009" />
  <testcase classname="ptolemy.util.test.junit.AutoTests" name="[422] /home/travis/build/icyphy/ptII/ptolemy/actor/lib/test/auto/arrayType25.xml (RunModel)" time="0.01" />
  <testcase classname="ptolemy.util.test.junit.AutoTests" name="[423] /home/travis/build/icyphy/ptII/ptolemy/actor/lib/test/auto/arrayType26.xml (RunModel)" time="0.01" />
  <testcase classname="ptolemy.util.test.junit.AutoTests" name="[424] /home/travis/build/icyphy/ptII/ptolemy/actor/lib/test/auto/arrayType27.xml (RunModel)" time="0.009" />
  <testcase classname="ptolemy.util.test.junit.AutoTests" name="[425] /home/travis/build/icyphy/ptII/ptolemy/actor/lib/test/auto/arrayType28.xml (RunModel)" time="0.01" />
  <testcase classname="ptolemy.util.test.junit.AutoTests" name="[426] /home/travis/build/icyphy/ptII/ptolemy/actor/lib/test/auto/arrayType3.xml (RunModel)" time="0.018" />
  <testcase classname="ptolemy.util.test.junit.AutoTests" name="[427] /home/travis/build/icyphy/ptII/ptolemy/actor/lib/test/auto/arrayType4.xml (RunModel)" time="0.009" />
  <testcase classname="ptolemy.util.test.junit.AutoTests" name="[428] /home/travis/build/icyphy/ptII/ptolemy/actor/lib/test/auto/arrayType5.xml (RunModel)" time="0.008" />
  <testcase classname="ptolemy.util.test.junit.AutoTests" name="[429] /home/travis/build/icyphy/ptII/ptolemy/actor/lib/test/auto/arrayType6.xml (RunModel)" time="0.008" />
  <testcase classname="ptolemy.util.test.junit.AutoTests" name="[430] /home/travis/build/icyphy/ptII/ptolemy/actor/lib/test/auto/arrayType7.xml (RunModel)" time="0.009" />
  <testcase classname="ptolemy.util.test.junit.AutoTests" name="[431] /home/travis/build/icyphy/ptII/ptolemy/actor/lib/test/auto/arrayType8.xml (RunModel)" time="0.01" />
  <testcase classname="ptolemy.util.test.junit.AutoTests" name="[432] /home/travis/build/icyphy/ptII/ptolemy/actor/lib/test/auto/arrayType9.xml (RunModel)" time="0.008" />
  <testcase classname="ptolemy.util.test.junit.AutoTests" name="[433] /home/travis/build/icyphy/ptII/ptolemy/actor/lib/test/auto/cast.xml (RunModel)" time="0.021" />
  <testcase classname="ptolemy.util.test.junit.AutoTests" name="[434] /home/travis/build/icyphy/ptII/ptolemy/actor/lib/test/auto/compositeMultiPort.xml (RunModel)" time="0.018" />
  <testcase classname="ptolemy.util.test.junit.AutoTests" name="[435] /home/travis/build/icyphy/ptII/ptolemy/actor/lib/test/auto/expressionCastInference.xml (RunModel)" time="0.009" />
  <testcase classname="ptolemy.util.test.junit.AutoTests" name="[436] /home/travis/build/icyphy/ptII/ptolemy/actor/lib/test/auto/expressionCastInference2.xml (RunModel)" time="0.016" />
  <testcase classname="ptolemy.util.test.junit.AutoTests" name="[437] /home/travis/build/icyphy/ptII/ptolemy/actor/lib/test/auto/expressionInference.xml (RunModel)" time="0.011" />
  <testcase classname="ptolemy.util.test.junit.AutoTests" name="[438] /home/travis/build/icyphy/ptII/ptolemy/actor/lib/test/auto/expression_bug.xml (RunModel)" time="0.009" />
  <testcase classname="ptolemy.util.test.junit.AutoTests" name="[439] /home/travis/build/icyphy/ptII/ptolemy/actor/lib/test/auto/factorial.xml (RunModel)" time="0.062" />
  <testcase classname="ptolemy.util.test.junit.AutoTests" name="[440] /home/travis/build/icyphy/ptII/ptolemy/actor/lib/test/auto/filterTest1.xml (RunModel)" time="0.012" />
  <testcase classname="ptolemy.util.test.junit.AutoTests" name="[441] /home/travis/build/icyphy/ptII/ptolemy/actor/lib/test/auto/funcApplyInConst.xml (RunModel)" time="0.006" />
  <testcase classname="ptolemy.util.test.junit.AutoTests" name="[442] /home/travis/build/icyphy/ptII/ptolemy/actor/lib/test/auto/funcApplyInExpr.xml (RunModel)" time="0.006" />
  <testcase classname="ptolemy.util.test.junit.AutoTests" name="[443] /home/travis/build/icyphy/ptII/ptolemy/actor/lib/test/auto/function.xml (RunModel)" time="0.044" />
  <testcase classname="ptolemy.util.test.junit.AutoTests" name="[444] /home/travis/build/icyphy/ptII/ptolemy/actor/lib/test/auto/function2.xml (RunModel)" time="0.031" />
  <testcase classname="ptolemy.util.test.junit.AutoTests" name="[445] /home/travis/build/icyphy/ptII/ptolemy/actor/lib/test/auto/function3.xml (RunModel)" time="0.028" />
  <testcase classname="ptolemy.util.test.junit.AutoTests" name="[446] /home/travis/build/icyphy/ptII/ptolemy/actor/lib/test/auto/functionClosureTest1.xml (RunModel)" time="0.024" />
  <testcase classname="ptolemy.util.test.junit.AutoTests" name="[447] /home/travis/build/icyphy/ptII/ptolemy/actor/lib/test/auto/functionClosureTest2.xml (RunModel)" time="0.007" />
  <testcase classname="ptolemy.util.test.junit.AutoTests" name="[448] /home/travis/build/icyphy/ptII/ptolemy/actor/lib/test/auto/functionClosureTest3.xml (RunModel)" time="0.01" />
  <testcase classname="ptolemy.util.test.junit.AutoTests" name="[449] /home/travis/build/icyphy/ptII/ptolemy/actor/lib/test/auto/functionClosureTest4.xml (RunModel)" time="0.031" />
  <testcase classname="ptolemy.util.test.junit.AutoTests" name="[450] /home/travis/build/icyphy/ptII/ptolemy/actor/lib/test/auto/functionClosureTest5.xml (RunModel)" time="0.012" />
  <testcase classname="ptolemy.util.test.junit.AutoTests" name="[451] /home/travis/build/icyphy/ptII/ptolemy/actor/lib/test/auto/functionClosureTest6.xml (RunModel)" time="0.007" />
  <testcase classname="ptolemy.util.test.junit.AutoTests" name="[452] /home/travis/build/icyphy/ptII/ptolemy/actor/lib/test/auto/functionsOnArcs.xml (RunModel)" time="0.032" />
  <testcase classname="ptolemy.util.test.junit.AutoTests" name="[453] /home/travis/build/icyphy/ptII/ptolemy/actor/lib/test/auto/functionsOnArcsHOF.xml (RunModel)" time="0.028" />
  <testcase classname="ptolemy.util.test.junit.AutoTests" name="[454] /home/travis/build/icyphy/ptII/ptolemy/actor/lib/test/auto/logic.xml (RunModel)" time="0.03" />
  <testcase classname="ptolemy.util.test.junit.AutoTests" name="[455] /home/travis/build/icyphy/ptII/ptolemy/actor/lib/test/auto/matrixType.xml (RunModel)" time="0.008" />
  <testcase classname="ptolemy.util.test.junit.AutoTests" name="[456] /home/travis/build/icyphy/ptII/ptolemy/actor/lib/test/auto/matrixType10.xml (RunModel)" time="0.009" />
  <testcase classname="ptolemy.util.test.junit.AutoTests" name="[457] /home/travis/build/icyphy/ptII/ptolemy/actor/lib/test/auto/matrixType11.xml (RunModel)" time="0.007" />
  <testcase classname="ptolemy.util.test.junit.AutoTests" name="[458] /home/travis/build/icyphy/ptII/ptolemy/actor/lib/test/auto/matrixType12.xml (RunModel)" time="0.011" />
  <testcase classname="ptolemy.util.test.junit.AutoTests" name="[459] /home/travis/build/icyphy/ptII/ptolemy/actor/lib/test/auto/matrixType13.xml (RunModel)" time="0.008" />
  <testcase classname="ptolemy.util.test.junit.AutoTests" name="[460] /home/travis/build/icyphy/ptII/ptolemy/actor/lib/test/auto/matrixType14.xml (RunModel)" time="0.01" />
  <testcase classname="ptolemy.util.test.junit.AutoTests" name="[461] /home/travis/build/icyphy/ptII/ptolemy/actor/lib/test/auto/matrixType2.xml (RunModel)" time="0.01" />
  <testcase classname="ptolemy.util.test.junit.AutoTests" name="[462] /home/travis/build/icyphy/ptII/ptolemy/actor/lib/test/auto/matrixType3.xml (RunModel)" time="0.011" />
  <testcase classname="ptolemy.util.test.junit.AutoTests" name="[463] /home/travis/build/icyphy/ptII/ptolemy/actor/lib/test/auto/matrixType4.xml (RunModel)" time="0.009" />
  <testcase classname="ptolemy.util.test.junit.AutoTests" name="[464] /home/travis/build/icyphy/ptII/ptolemy/actor/lib/test/auto/matrixType5.xml (RunModel)" time="0.008" />
  <testcase classname="ptolemy.util.test.junit.AutoTests" name="[465] /home/travis/build/icyphy/ptII/ptolemy/actor/lib/test/auto/matrixType6.xml (RunModel)" time="0.009" />
  <testcase classname="ptolemy.util.test.junit.AutoTests" name="[466] /home/travis/build/icyphy/ptII/ptolemy/actor/lib/test/auto/matrixType7.xml (RunModel)" time="0.009" />
  <testcase classname="ptolemy.util.test.junit.AutoTests" name="[467] /home/travis/build/icyphy/ptII/ptolemy/actor/lib/test/auto/matrixType8.xml (RunModel)" time="0.009" />
  <testcase classname="ptolemy.util.test.junit.AutoTests" name="[468] /home/travis/build/icyphy/ptII/ptolemy/actor/lib/test/auto/matrixType9.xml (RunModel)" time="0.009" />
  <testcase classname="ptolemy.util.test.junit.AutoTests" name="[469] /home/travis/build/icyphy/ptII/ptolemy/actor/lib/test/auto/paraFunctest.xml (RunModel)" time="0.007" />
  <testcase classname="ptolemy.util.test.junit.AutoTests" name="[470] /home/travis/build/icyphy/ptII/ptolemy/actor/lib/test/auto/paraFunctest2.xml (RunModel)" time="0.011" />
  <testcase classname="ptolemy.util.test.junit.AutoTests" name="[471] /home/travis/build/icyphy/ptII/ptolemy/actor/lib/test/auto/parameterPassing.xml (RunModel)" time="0.007" />
  <testcase classname="ptolemy.util.test.junit.AutoTests" name="[472] /home/travis/build/icyphy/ptII/ptolemy/actor/lib/test/auto/record.xml (RunModel)" time="0.01" />
  <testcase classname="ptolemy.util.test.junit.AutoTests" name="[473] /home/travis/build/icyphy/ptII/ptolemy/actor/lib/test/auto/sizedarray1.xml (RunModel)" time="0.01" />
  <testcase classname="ptolemy.util.test.junit.AutoTests" name="[474] /home/travis/build/icyphy/ptII/ptolemy/actor/lib/test/auto/sizedarray2.xml (RunModel)" time="0.011" />
  <testcase classname="ptolemy.util.test.junit.AutoTests" name="[475] /home/travis/build/icyphy/ptII/ptolemy/actor/lib/test/auto/twoPublishers.xml (RunModel)" time="0.023" />
  <system-out><![CDATA[/home/travis/build/icyphy/ptII/ptolemy/actor/lib/test/AbsoluteValue.tcl
testDefs.tcl: setting time out to 9000 seconds at Sun Jun 23 20:48:04 UTC 2019
91 ms. Memory: 120832K Free: 100857K (83%)
5 ms. Memory: 120832K Free: 99169K (82%)
10 ms. Memory: 120832K Free: 98480K (82%)
7 ms. Memory: 120832K Free: 97426K (81%)
/home/travis/build/icyphy/ptII/ptolemy/actor/lib/test/AddSubtract.tcl
11 ms. Memory: 120832K Free: 95378K (79%)
6 ms. Memory: 120832K Free: 94689K (78%)
7 ms. Memory: 120832K Free: 94049K (78%)
9 ms. Memory: 120832K Free: 93306K (77%)
102 ms. Memory: 120832K Free: 106009K (88%)
14 ms. Memory: 120832K Free: 105449K (87%)
/home/travis/build/icyphy/ptII/ptolemy/actor/lib/test/Average.tcl
21 ms. Memory: 120832K Free: 103932K (86%)
16 ms. Memory: 120832K Free: 102377K (85%)
/home/travis/build/icyphy/ptII/ptolemy/actor/lib/test/Bernoulli.tcl
14 ms. Memory: 120832K Free: 100820K (83%)
2 ms. Memory: 120832K Free: 100329K (83%)
/home/travis/build/icyphy/ptII/ptolemy/actor/lib/test/Clock.tcl
preinitializing
resolving types
initializing
executing number 1
wrapping up
idle
21 ms. Memory: 120832K Free: 97818K (81%)
Completed execution with 5 iterations
preinitializing
resolving types
initializing
executing number 1
wrapping up
idle
4 ms. Memory: 120832K Free: 97257K (80%)
Completed execution with 5 iterations
preinitializing
resolving types
initializing
executing number 1
wrapping up
idle
3 ms. Memory: 120832K Free: 96203K (80%)
Completed execution with 5 iterations
/home/travis/build/icyphy/ptII/ptolemy/actor/lib/test/Commutator.tcl
7 ms. Memory: 120832K Free: 94700K (78%)
6 ms. Memory: 120832K Free: 93131K (77%)
10 ms. Memory: 120832K Free: 88019K (73%)
/home/travis/build/icyphy/ptII/ptolemy/actor/lib/test/Const.tcl
4 ms. Memory: 120832K Free: 85963K (71%)
2 ms. Memory: 120832K Free: 85484K (71%)
28 ms. Memory: 159744K Free: 146474K (92%)
3 ms. Memory: 159744K Free: 146061K (91%)
3 ms. Memory: 159744K Free: 145547K (91%)
30 ms. Memory: 159744K Free: 144013K (90%)
10 ms. Memory: 159744K Free: 142989K (90%)
4 ms. Memory: 159744K Free: 141965K (89%)
/home/travis/build/icyphy/ptII/ptolemy/actor/lib/test/CurrentTime.tcl
preinitializing
resolving types
initializing
executing number 1
wrapping up
idle
20 ms. Memory: 159744K Free: 139917K (88%)
Completed execution with 11 iterations
/home/travis/build/icyphy/ptII/ptolemy/actor/lib/test/DB.tcl
5 ms. Memory: 159744K Free: 138365K (87%)
2 ms. Memory: 159744K Free: 137869K (86%)
2 ms. Memory: 159744K Free: 137355K (86%)
/home/travis/build/icyphy/ptII/ptolemy/actor/lib/test/DiscreteRandomSource.tcl
preinitializing
resolving types
initializing
executing number 1
wrapping up
idle
9 ms. Memory: 159744K Free: 135821K (85%)
Completed execution with 4 iterations
preinitializing
resolving types
initializing
executing number 1
wrapping up
idle
6 ms. Memory: 159744K Free: 135293K (85%)
Completed execution with 4 iterations
preinitializing
resolving types
initializing
executing number 1
wrapping up
idle
8 ms. Memory: 159744K Free: 134797K (84%)
Completed execution with 4 iterations
preinitializing
resolving types
initializing
executing number 1
wrapping up
idle
9 ms. Memory: 159744K Free: 134797K (84%)
Completed execution with 4 iterations
preinitializing
resolving types
initializing
executing number 1
wrapping up
idle
12 ms. Memory: 159744K Free: 134283K (84%)
Completed execution with 4 iterations
/home/travis/build/icyphy/ptII/ptolemy/actor/lib/test/Distributor.tcl
9 ms. Memory: 159744K Free: 132749K (83%)
10 ms. Memory: 159744K Free: 131725K (82%)
StreamChangeRequest.changeExecuted(): <deleteEntity name="rec2"/> succeeded
StreamChangeRequest.changeExecuted(): <deleteRelation name="r2"/> succeeded
StreamChangeRequest.changeExecuted(): Record firings per iteration succeeded
15 ms. Memory: 159744K Free: 129149K (81%)
/home/travis/build/icyphy/ptII/ptolemy/actor/lib/test/Exit.tcl
Exit.tcl: this will print a message about Manager.exitAfterWrapup, which can be ignored.
8 ms. Memory: 159744K Free: 126091K (79%)
/home/travis/build/icyphy/ptII/ptolemy/actor/lib/test/Expression.tcl
25 ms. Memory: 159744K Free: 122509K (77%)
12 ms. Memory: 159744K Free: 121981K (76%)
5 ms. Memory: 159744K Free: 120957K (76%)
preinitializing
resolving types
initializing
executing number 1
wrapping up
idle
15 ms. Memory: 159744K Free: 119437K (75%)
Completed execution with 6 iterations
10 ms. Memory: 159744K Free: 118909K (74%)
4 ms. Memory: 159744K Free: 117885K (74%)
5 ms. Memory: 159744K Free: 116875K (73%)
5 ms. Memory: 159744K Free: 115341K (72%)
4 ms. Memory: 159744K Free: 114317K (72%)
/home/travis/build/icyphy/ptII/ptolemy/actor/lib/test/Gaussian.tcl
5 ms. Memory: 159744K Free: 112765K (71%)
sleeping 1 seconds: .............................................................................................................................................................................................................................................................................................................................................................................................................................................................................................................................................................................................................................................................................................................................................................................................................................................................................................................................................................................................................................................................................................................................................................................................................................................................................................................................................................................................................................................................................................................................................................................................................................................................................................................................................................................................................................................................................................................................................................................................................................................................................................................................................................................................................................................................................................................................................................................................................................................................................................................................................................................................................................................................................................................................................................................................................................................................................................................................................................................................................................................................................................................................................................................................................................................................................................................................................................................................................................................................................................................................................................................................................................................................................................................................................................................................................................................................................................................................................................................................................................................................................................................................................................................................................................................................................................................................................................................................................................................................................................................................................................................................................................................................................................................................................................................................................................................................................................................................................................................................................................................................................................................................................................................................................................................................................................................................................................................................................................................................................................................................................................................................................................................................................................................................................................................................................................................................................................................................................................................................................................................................................................................................................................................................................................................................................................................................................................................................................................................................................................................................................................................................................................................................................................................................................................................................................................................................................................................................................................................................................................................................................................................................................................................................................................................................................................................................................................................................................................................................................................................................................................................................................................................................................................................................................................................................................................................................................................................................................................................................................................................................................................................................................................................................................................................................................................................................................................................................................................................................................................................................................................................................................................................................................................................................................................................................................................................................................................................................................................................................................................................................................................................................................................................................................................................................................................................................................................................................................................................................................................................................................................................................................................................................................................................................................................................................................................................................................................................................................................................................................................................................................................................................................................................................................................................................................................................................................................................................................................................................................................................................................................................................................................................................................................................................................................................................................................................................................................................................................................................................................................................................................................................................................................................................................................................................................................................................................................................................................................................................................................................................................................................................................................................................................................................................................................................................................................................................................................................................................................................................................................................................................................................................................................................................................................................................................................................................................................................................................................................................................................................................................................................................................................................................................................................................................................................................................................................................................................................................................................................................................................................................................................................................................................................................................................................................................................................................................................................................................................................................................................................................................................................................................................................................................................................................................................................................................................................................................................................................................................................................................................................................................................................................................................................................................................................................................................................................................................................................................................................................................................................................................................................................................................................................................................................................................................................................................................................................................................................................................................................................................................................................................................................................................................................................................................................................................................................................................................................................................................................................................................................................................................................................................................................................................................................................................................................................................................................................................................................................................................................................................................................................................................................................................................................................................................................................................................................................................................................................................................................................................................................................................................................................................................................................................................................................................................................................................................................................................................................................................................................................................................................................................................................................................................................................................................................................................................................................................................................................................................................................................................................................................................................................................................................................................................................................................................................................................................................................................................................................................................................................................................................................................................................................................................................................................................................................................................................................................................................................................................................................................................................................................................................................................................................................................................................................................................................................................................................................................................................................................................................................................................................................................................................................................................................................................................................................................................................................................................................................................................................................................................................................................................................................................................................................................................................................................................................................................................................................................................................................................................................................................................................................................................................................................................................................................................................................................................................................................................................................................................................................................................................................................................................................................................................................................................................................................................................................................................................................................................................................................................................................................................................................................................................................................................................................................................................................................................................................................................................................................................................................................................................................................................................................................................................................................................................................................................................................................................................................................................................................................................................................................................................................................................................................................................................................................................................................................................................................................................................................................................................................................................................................................................................................................................................................................................................................................................................................................................................................................................................................................................................................................................................................................................................................................................................................................................................................................................................................................................................................................................................................................................................................................................................................................................................................................................................................................................................................................................................................................................................................................................................................................................................................................................................................................................................................................................................................................................................................................................................................................................................................................................................................................................................................................................................................................................................................................................................................................................................................................................................................................................................................................................................................................................................................................................................................................................................................................................................................................................................................................................................................................................................................................................................................................................................................................................................................................................................................................................................................................................................................................................................................................................................................................................................................................................................................................................................................................................................................................................................................................................................................................................................................................................................................................................................................................................................................................................................................................................................................................................................................................................................................................................................................................................................................................................................................................................................................................................................................................................................................................................................................................................................................................................................................................................................................................................................................................................................................................................................................................................................................................................................................................................................................................................................................................................................................................................................................................................................................................................................................................................................................................................................................................................................................................................................................................................................................................................................................................................................................................................................................................................................................................................................................................................................................................................................................................................................................................................................................................................................................................................................................................................................................................................................................................................................................................................................................................................................................................................................................................................................................................................................................................................................................................................................................................................................................................................................................................................................................................................................................................................................................................................................................................................................................................................................................................................................................................................................................................................................................................................................................................................................................................................................................................................................................................................................................................................................................................................................................................................................................................................................................................................................................................................................................................................................................................................................................................................................................................................................................................................................................................................................................................................................................................................................................................................................................................................................................................................................................................................................................................................................................................................................................................................................................................................................................................................................................................................................................................................................................................................................................................................................................................................................................................................................................................................................................................................................................................................................................................................................................................................................................................................................................................................................................................................................................................................................................................................................................................................................................................................................................................................................................................................................................................................................................................................................................................................................................................................................................................................................................................................................................................................................................................................................................................................................................................................................................................................................................................................................................................................................................................................................................................................................................................................................................................................................................................................................................................................................................................................................................................................................................................................................................................................................................................................................................................................................................................................................................................................................................................................................................................................................................................................................................................................................................................................................................................................................................................................................................................................................................................................................................................................................................................................................................................................................................................................................................................................................................................................................................................................................................................................................................................................................................................................................................................................................................................................................................................................................................................................................................................................................................................................................................................................................................................................................................................................................................................................................................................................................................................................................................................................................................................................................................................................................................................................................................................................................................................................................................................................................................................................................................................................................................................................................................................................................................................................................................................................................................................................................................................................................................................................................................................................................................................................................................................................................................................................................................................................................................................................................................................................................................................................................................................................................................................................................................................................................................................................................................................................................................................................................................................................................................................................................................................................................................................................................................................................................................................................................................................................................................................................................................................................................................................................................................................................................................................................................................................................................................................................................................................................................................................................................................................................................................................................................................................................................................................................................................................................................................................................................................................................................................................................................................................................................................................................................................................................................................................................................................................................................................................................................................................................................................................................................................................................................................................................................................................................................................................................................................................................................................................................................................................................................................................................................................................................................................................................................................................................................................................................................................................................................................................................................................................................................................................................................................................................................................................................................................................................................................................................................................................................................................................................................................................................................................................................................................................................................................................................................................................................................................................................................................................................................................................................................................................................................................................................................................................................................................................................................................................................................................................................................................................................................................................................................................................................................................................................................................................................................................................................................................................................................................................................................................................................................................................................................................................................................................................................................................................................................................................................................................................................................................................................................................................................................................................................................................................................................................................................................................................................................................................................................................................................................................................................................................................................................................................................................................................................................................................................................................................................................................................................................................................................................................................................................................................................................................................................................................................................................................................................................................................................................................................................................................................................................................................................................................................................................................................................................................................................................................................................................................................................................................................................................................................................................................................................................................................................................................................................................................................................................................................................................................................................................................................................................................................................................................................................................................................................................................................................................................................................................................................................................................................................................................................................................................................................................................................................................................................................................................................................................................................................................................................................................................................................................................................................................................................................................................................................................................................................................................................................................................................................................................................................................................................................................................................................................................................................................................................................................................................................................................................................................................................................................................................................................................................................................................................................................................................................................................................................................................................................................................................................................................................................................................................................................................................................................................................................................................................................................................................................................................................................................................................................................................................................................................................................................................................................................................................................................................................................................................................................................................................................................................................................................................................................................................................................................................................................................................................................................................................................................................................................................................................................................................................................................................................................................................................................................................................................................................................................................................................................................................................................................................................................................................................................................................................................................................................................................................................................................................................................................................................................................................................................................................................................................................................................................................................................................................................................................................................................................................................................................................................................................................................................................................................................................................................................................................................................................................................................................................................................................................................................................................................................................................................................................................................................................................................................................................................................................................................................................................................................................................................................................................................................................................................................................................................................................................................................................................................................................................................................................................................................................................................................................................................................................................................................................................................................................................................................................................................................................................................................................................................................................................................................................................................................................................................................................................................................................................................................................................................................................................................................................................................................................................................................................................................................................................................................................................................................................................................................................................................................................................................................................................................................................................................................................................................................................................................................................................................................................................................................................................................................................................................................................................................................................................................................................................................2 ms. Memory: 159744K Free: 116819K (73%)
2 ms. Memory: 159744K Free: 115781K (72%)
1 ms. Memory: 159744K Free: 115285K (72%)
3 ms. Memory: 159744K Free: 114757K (72%)
5 ms. Memory: 159744K Free: 114261K (72%)
/home/travis/build/icyphy/ptII/ptolemy/actor/lib/test/IIR.tcl
/home/travis/build/icyphy/ptII/ptolemy/actor/lib/test/Interpolator.tcl
6 ms. Memory: 159744K Free: 110165K (69%)
1 ms. Memory: 159744K Free: 109645K (69%)
1 ms. Memory: 159744K Free: 109141K (68%)
1 ms. Memory: 159744K Free: 108613K (68%)
5 ms. Memory: 159744K Free: 107603K (67%)
5 ms. Memory: 159744K Free: 107093K (67%)
2 ms. Memory: 159744K Free: 106069K (66%)
2 ms. Memory: 159744K Free: 105045K (66%)
5 ms. Memory: 159744K Free: 104531K (65%)
6 ms. Memory: 159744K Free: 103477K (65%)
/home/travis/build/icyphy/ptII/ptolemy/actor/lib/test/MathFunction.tcl
8 ms. Memory: 159744K Free: 101445K (64%)
2 ms. Memory: 159744K Free: 99925K (63%)
3 ms. Memory: 159744K Free: 98901K (62%)
5 ms. Memory: 159744K Free: 98373K (62%)
8 ms. Memory: 159744K Free: 96853K (61%)
6 ms. Memory: 159744K Free: 94805K (59%)
/home/travis/build/icyphy/ptII/ptolemy/actor/lib/test/Maximum.tcl
5 ms. Memory: 159744K Free: 93261K (58%)
5 ms. Memory: 159744K Free: 92229K (58%)
6 ms. Memory: 159744K Free: 91733K (57%)
4 ms. Memory: 159744K Free: 91205K (57%)
/home/travis/build/icyphy/ptII/ptolemy/actor/lib/test/Minimum.tcl
7 ms. Memory: 159744K Free: 89171K (56%)
5 ms. Memory: 159744K Free: 88661K (56%)
2 ms. Memory: 159744K Free: 88147K (55%)
3 ms. Memory: 159744K Free: 87637K (55%)
/home/travis/build/icyphy/ptII/ptolemy/actor/lib/test/MultiplyDivide.tcl
11 ms. Memory: 159744K Free: 85589K (54%)
10 ms. Memory: 159744K Free: 84565K (53%)
4 ms. Memory: 159744K Free: 84037K (53%)
4 ms. Memory: 159744K Free: 83541K (52%)
5 ms. Memory: 159744K Free: 82517K (52%)
/home/travis/build/icyphy/ptII/ptolemy/actor/lib/test/OrderedMerge.tcl
Connections changed on port: inputA
Connections changed on port: inputB
Connections changed on port: output
Connections changed on port: output
Connections changed on port: output
Connections changed on port: input
.top. Preinitializing ...
Invoking preinitialize():  .top.OrderedMerge
Called preinitialize()
Invoking preinitialize():  .top.Ramp
Called preinitialize()
Invoking preinitialize():  .top.Ramp2
Called preinitialize()
Invoking preinitialize():  .top.Test
Called preinitialize()
Connections changed on port: inputA
Connections changed on port: output
Connections changed on port: inputB
Connections changed on port: output
Connections changed on port: output
Connections changed on port: input
.top. Finished preinitialize().
Called initialize().
Invoking initialize():  .top.OrderedMerge
Initializing actor: .top.OrderedMerge
Adding a thread: .top.OrderedMerge
Invoking initialize():  .top.Ramp
Initializing actor: .top.Ramp
Adding a thread: .top.Ramp
Invoking initialize():  .top.Ramp2
Initializing actor: .top.Ramp2
Adding a thread: .top.Ramp2
Invoking initialize():  .top.Test
Initializing actor: .top.Test
Adding a thread: .top.Test
Called fire().
Checking for deadlock:
-- Starting thread.
Called initialize()
Called prefire()
Called fire()
-- Starting thread.
Called initialize()
-- Starting thread.
Called initialize()
Called prefire()
Called prefire()
Called fire()
Called fire()
-- Starting thread.
Called initialize()
Called prefire()
Called fire()
There are 0 Blocked actors, 0 Stopped actors, and 4 active threads.
Waiting for actors to stop.
Called postfire()
Called prefire()
Called fire()
Called postfire()
Called prefire()
Called fire()
Read input token from inputA with value 0.0
Next port to read input from is inputB
Called postfire()
Called prefire()
Called fire()
Read input token from inputB with value 0.0
Sent output token with value 0.0
Next port to read input from is inputA
Called postfire()
Called prefire()
Called fire()
Checking for deadlock:
There are 1 Blocked actors, 0 Stopped actors, and 4 active threads.
Waiting for actors to stop.
Called postfire()
Called prefire()
Called fire()
Called postfire()
Called prefire()
Called fire()
-- Read input: 0.0, which is expected to match: 0.0
Called prefire()
Called fire()
Checking for deadlock:
There are 3 Blocked actors, 0 Stopped actors, and 4 active threads.
Waiting for actors to stop.
Read input token from inputA with value 1.0
Sent output token with value 0.0
Next port to read input from is inputB
Called postfire()
Called prefire()
Called fire()
Read input token from inputB with value 1.5
Checking for deadlock:
There are 1 Blocked actors, 0 Stopped actors, and 4 active threads.
Waiting for actors to stop.
Called postfire()
Called prefire()
Called fire()
Called postfire()
Called prefire()
Called fire()
-- Read input: 0.0, which is expected to match: 0.0
Called prefire()
Called fire()
Checking for deadlock:
There are 3 Blocked actors, 0 Stopped actors, and 4 active threads.
Waiting for actors to stop.
-- Read input: 1.0, which is expected to match: 1.0
Called prefire()
Called fire()
Sent output token with value 1.0
Next port to read input from is inputA
Called postfire()
Called prefire()
Called fire()
Read input token from inputA with value 2.0
Sent output token with value 1.5
Next port to read input from is inputB
Called postfire()
Called prefire()
Called fire()
Read input token from inputB with value 3.0
Checking for deadlock:
There are 1 Blocked actors, 0 Stopped actors, and 4 active threads.
Waiting for actors to stop.
Called postfire()
Called prefire()
Called fire()
Called postfire()
Called prefire()
Called fire()
-- Read input: 1.5, which is expected to match: 1.5
Called prefire()
Called fire()
Checking for deadlock:
There are 3 Blocked actors, 0 Stopped actors, and 4 active threads.
Waiting for actors to stop.
-- Read input: 2.0, which is expected to match: 2.0
Called prefire()
Called fire()
Sent output token with value 2.0
Next port to read input from is inputA
Called postfire()
Called prefire()
Called fire()
Read input token from inputA with value 3.0
Sent output token with value 3.0
Next port to read input from is inputB
Called postfire()
Called prefire()
Called fire()
Read input token from inputB with value 4.5
Checking for deadlock:
There are 1 Blocked actors, 0 Stopped actors, and 4 active threads.
Waiting for actors to stop.
Called postfire()
Called prefire()
Called fire()
Called postfire()
Called prefire()
Called fire()
-- Read input: 3.0, which is expected to match: 3.0
Called prefire()
Called fire()
Checking for deadlock:
There are 3 Blocked actors, 0 Stopped actors, and 4 active threads.
Waiting for actors to stop.
-- Read input: 3.0, which is expected to match: 3.0
Called prefire()
Called fire()
Checking for deadlock:
There are 3 Blocked actors, 0 Stopped actors, and 4 active threads.
Waiting for actors to stop.
Sent output token with value 3.0
Next port to read input from is inputA
Called postfire()
Called prefire()
Called fire()
Called postfire()
Called prefire()
Called fire()
Checking for deadlock:
There are 3 Blocked actors, 0 Stopped actors, and 4 active threads.
Waiting for actors to stop.
Read input token from inputA with value 4.0
-- Read input: 4.0, which is expected to match: 4.0
Called prefire()
Called fire()
Past the end of training data. Read and discard all inputs.
Checking for deadlock:
There are 3 Blocked actors, 0 Stopped actors, and 4 active threads.
Waiting for actors to stop.
Sent output token with value 4.0
Next port to read input from is inputA
Called postfire()
Called prefire()
Called fire()
Called postfire()
Called prefire()
Called fire()
Checking for deadlock:
There are 3 Blocked actors, 0 Stopped actors, and 4 active threads.
Waiting for actors to stop.
Read input token from inputA with value 5.0
Called prefire()
Called fire()
Past the end of training data. Read and discard all inputs.
Checking for deadlock:
There are 3 Blocked actors, 0 Stopped actors, and 4 active threads.
Waiting for actors to stop.
Sent output token with value 4.5
Next port to read input from is inputB
Called postfire()
Called prefire()
Called fire()
Checking for deadlock:
There are 2 Blocked actors, 0 Stopped actors, and 4 active threads.
Waiting for actors to stop.
Called postfire()
Called prefire()
Called fire()
Checking for deadlock:
There are 3 Blocked actors, 0 Stopped actors, and 4 active threads.
Waiting for actors to stop.
Read input token from inputB with value 6.0
Checking for deadlock:
There are 2 Blocked actors, 0 Stopped actors, and 4 active threads.
Waiting for actors to stop.
Called prefire()
Called fire()
Past the end of training data. Read and discard all inputs.
Checking for deadlock:
There are 3 Blocked actors, 0 Stopped actors, and 4 active threads.
Waiting for actors to stop.
Sent output token with value 5.0
Next port to read input from is inputA
Called postfire()
Called prefire()
Called fire()
Called postfire()
Called prefire()
Called fire()
Checking for deadlock:
There are 3 Blocked actors, 0 Stopped actors, and 4 active threads.
Waiting for actors to stop.
Read input token from inputA with value 6.0
Called prefire()
Called fire()
Past the end of training data. Read and discard all inputs.
Checking for deadlock:
There are 3 Blocked actors, 0 Stopped actors, and 4 active threads.
Waiting for actors to stop.
Sent output token with value 6.0
Next port to read input from is inputB
Called postfire()
Called prefire()
Called fire()
Checking for deadlock:
There are 2 Blocked actors, 0 Stopped actors, and 4 active threads.
Waiting for actors to stop.
Called postfire()
Called prefire()
Called fire()
Checking for deadlock:
There are 3 Blocked actors, 0 Stopped actors, and 4 active threads.
Waiting for actors to stop.
Read input token from inputB with value 7.5
Checking for deadlock:
There are 2 Blocked actors, 0 Stopped actors, and 4 active threads.
Waiting for actors to stop.
Called prefire()
Called fire()
Past the end of training data. Read and discard all inputs.
Checking for deadlock:
There are 3 Blocked actors, 0 Stopped actors, and 4 active threads.
Waiting for actors to stop.
Sent output token with value 6.0
Next port to read input from is inputA
Called postfire()
Called prefire()
Called fire()
Called postfire()
Called prefire()
Called fire()
Checking for deadlock:
There are 3 Blocked actors, 0 Stopped actors, and 4 active threads.
Waiting for actors to stop.
Read input token from inputA with value 7.0
Called prefire()
Called fire()
Past the end of training data. Read and discard all inputs.
Checking for deadlock:
There are 3 Blocked actors, 0 Stopped actors, and 4 active threads.
Waiting for actors to stop.
Sent output token with value 7.0
Next port to read input from is inputA
Called postfire()
Called prefire()
Called fire()
-- Thread wrapup() called.
Called wrapup()
Thread .top.Ramp is exiting.
-- Thread stopped.
Read input token from inputA with value 8.0
Sent output token with value 7.5
Next port to read input from is inputB
Called postfire()
Called prefire()
Called fire()
Read input token from inputB with value 9.0
Checking for deadlock:
There are 1 Blocked actors, 0 Stopped actors, and 3 active threads.
Waiting for actors to stop.
Called postfire()
Called prefire()
Called fire()
Called prefire()
Called fire()
Past the end of training data. Read and discard all inputs.
Checking for deadlock:
There are 2 Blocked actors, 0 Stopped actors, and 3 active threads.
Waiting for actors to stop.
Called prefire()
Called fire()
Past the end of training data. Read and discard all inputs.
Checking for deadlock:
There are 2 Blocked actors, 0 Stopped actors, and 3 active threads.
Waiting for actors to stop.
Sent output token with value 8.0
Next port to read input from is inputA
Called postfire()
Called prefire()
Called fire()
Read input token from inputA with value 9.0
Called prefire()
Called fire()
Past the end of training data. Read and discard all inputs.
Checking for deadlock:
There are 2 Blocked actors, 0 Stopped actors, and 3 active threads.
Waiting for actors to stop.
Sent output token with value 9.0
Next port to read input from is inputB
Called postfire()
Called prefire()
Called fire()
Called postfire()
Called prefire()
Called fire()
Checking for deadlock:
There are 2 Blocked actors, 0 Stopped actors, and 3 active threads.
Waiting for actors to stop.
Read input token from inputB with value 10.5
Called prefire()
Called fire()
Past the end of training data. Read and discard all inputs.
Checking for deadlock:
There are 2 Blocked actors, 0 Stopped actors, and 3 active threads.
Waiting for actors to stop.
Sent output token with value 9.0
Next port to read input from is inputA
Called postfire()
Called prefire()
Called fire()
Checking for deadlock:
There are 3 Blocked actors, 0 Stopped actors, and 3 active threads.
Actors have stopped.
Checking for deadlock:
There are 3 Blocked actors, 0 Stopped actors, and 3 active threads.
Deadlock detected.
Resolving Deadlock
Checking for deadlock:
There are 3 Blocked actors, 0 Stopped actors, and 3 active threads.
Artificial Deadlock - increasing queue capacity.
increasing the capacity of receiver ptolemy.actor.TypedIOPort {.top.OrderedMerge.inputB} to 2
Director: Called postfire().
Called postfire().
_stopRequested = false
_stopFireRequested = false
Returning from postfire(): true
-- Thread wrapup() called.
Called wrapup()
Thread .top.Ramp2 is exiting.
-- Thread stopped.
Called fire().
Checking for deadlock:
There are 2 Blocked actors, 0 Stopped actors, and 2 active threads.
Actors have stopped.
Checking for deadlock:
There are 2 Blocked actors, 0 Stopped actors, and 2 active threads.
Deadlock detected.
Resolving Deadlock
Checking for deadlock:
There are 2 Blocked actors, 0 Stopped actors, and 2 active threads.
Deadlock detected: no processes blocked on write, but some are blocked on read.
Called postfire().
_stopRequested = false
_stopFireRequested = false
Returning from postfire(): false
Finished deactivating branches.
Called wrapup().
-- Thread wrapup() called.
Called wrapup()
Thread .top.Test is exiting.
-- Thread stopped.
-- Blocked Receiver call threw TerminateProcessException.
-- Thread wrapup() called.
Called wrapup()
Thread .top.OrderedMerge is exiting.
-- Thread stopped.
-- Blocked Receiver call threw TerminateProcessException.
96 ms. Memory: 159744K Free: 77397K (48%)
.top. Preinitializing ...
Invoking preinitialize():  .top.OrderedMerge
Called preinitialize()
Invoking preinitialize():  .top.Ramp
Called preinitialize()
Invoking preinitialize():  .top.Ramp2
Called preinitialize()
Invoking preinitialize():  .top.Test
Called preinitialize()
.top. Finished preinitialize().
Called initialize().
Invoking initialize():  .top.OrderedMerge
Initializing actor: .top.OrderedMerge
Adding a thread: .top.OrderedMerge
Invoking initialize():  .top.Ramp
Initializing actor: .top.Ramp
Adding a thread: .top.Ramp
Invoking initialize():  .top.Ramp2
Initializing actor: .top.Ramp2
Adding a thread: .top.Ramp2
Invoking initialize():  .top.Test
Initializing actor: .top.Test
Adding a thread: .top.Test
-- Starting thread.
Called initialize()
Called prefire()
Called fire()
-- Starting thread.
Called initialize()
Called prefire()
Called fire()
Called postfire()
Called prefire()
Called fire()
-- Starting thread.
Called initialize()
Called prefire()
Called fire()
Called postfire()
Called prefire()
Called fire()
Called fire().
Checking for deadlock:
There are 3 Blocked actors, 0 Stopped actors, and 4 active threads.
Waiting for actors to stop.
-- Starting thread.
Called initialize()
Called prefire()
Called fire()
Checking for deadlock:
There are 2 Blocked actors, 0 Stopped actors, and 4 active threads.
Waiting for actors to stop.
Called postfire()
Called prefire()
Called fire()
Checking for deadlock:
There are 3 Blocked actors, 0 Stopped actors, and 4 active threads.
Waiting for actors to stop.
Read input token from inputA with value 0.0
Next port to read input from is inputB
Called postfire()
Called prefire()
Called fire()
Checking for deadlock:
There are 2 Blocked actors, 0 Stopped actors, and 4 active threads.
Waiting for actors to stop.
Read input token from inputB with value 0.0
Called postfire()
Called prefire()
Called fire()
Checking for deadlock:
There are 3 Blocked actors, 0 Stopped actors, and 4 active threads.
Waiting for actors to stop.
Checking for deadlock:
There are 2 Blocked actors, 0 Stopped actors, and 4 active threads.
Waiting for actors to stop.
-- Read input: 0.0, which is expected to match: 0.0
Called prefire()
Called fire()
Sent output token with value 0.0
Next port to read input from is inputA
Called postfire()
Called prefire()
Called fire()
Read input token from inputA with value 1.0
Sent output token with value 0.0
Next port to read input from is inputB
Called postfire()
Called prefire()
Called fire()
Read input token from inputB with value 1.5
Checking for deadlock:
There are 1 Blocked actors, 0 Stopped actors, and 4 active threads.
Waiting for actors to stop.
Called postfire()
Called prefire()
Called fire()
Called postfire()
Called prefire()
Called fire()
-- Read input: 0.0, which is expected to match: 0.0
Called prefire()
Called fire()
Checking for deadlock:
There are 3 Blocked actors, 0 Stopped actors, and 4 active threads.
Waiting for actors to stop.
Sent output token with value 1.0
Next port to read input from is inputA
Called postfire()
Called prefire()
Called fire()
Read input token from inputA with value 2.0
Called postfire()
Called prefire()
Called fire()
Checking for deadlock:
There are 3 Blocked actors, 0 Stopped actors, and 4 active threads.
Waiting for actors to stop.
-- Read input: 1.0, which is expected to match: 1.0
Called prefire()
Called fire()
Checking for deadlock:
There are 3 Blocked actors, 0 Stopped actors, and 4 active threads.
Waiting for actors to stop.
Sent output token with value 1.5
Next port to read input from is inputB
Called postfire()
Called prefire()
Called fire()
Read input token from inputB with value 3.0
Called postfire()
Called prefire()
Called fire()
Checking for deadlock:
There are 3 Blocked actors, 0 Stopped actors, and 4 active threads.
Waiting for actors to stop.
-- Read input: 1.5, which is expected to match: 1.5
Called prefire()
Called fire()
Checking for deadlock:
There are 3 Blocked actors, 0 Stopped actors, and 4 active threads.
Waiting for actors to stop.
Sent output token with value 2.0
Next port to read input from is inputA
Called postfire()
Called prefire()
Called fire()
Read input token from inputA with value 3.0
-- Read input: 2.0, which is expected to match: 2.0
Called prefire()
Called fire()
Checking for deadlock:
There are 2 Blocked actors, 0 Stopped actors, and 4 active threads.
Waiting for actors to stop.
Called postfire()
Called prefire()
Called fire()
Checking for deadlock:
There are 3 Blocked actors, 0 Stopped actors, and 4 active threads.
Waiting for actors to stop.
Sent output token with value 3.0
Next port to read input from is inputB
Called postfire()
Called prefire()
Called fire()
Read input token from inputB with value 4.5
-- Read input: 3.0, which is expected to match: 3.0
Called prefire()
Called fire()
Checking for deadlock:
There are 2 Blocked actors, 0 Stopped actors, and 4 active threads.
Waiting for actors to stop.
Called postfire()
Called prefire()
Called fire()
Checking for deadlock:
There are 3 Blocked actors, 0 Stopped actors, and 4 active threads.
Waiting for actors to stop.
Sent output token with value 3.0
Next port to read input from is inputA
Called postfire()
Called prefire()
Called fire()
Read input token from inputA with value 4.0
Checking for deadlock:
There are 1 Blocked actors, 0 Stopped actors, and 4 active threads.
-- Read input: 3.0, which is expected to match: 3.0
Waiting for actors to stop.
Called prefire()
Called fire()
Checking for deadlock:
There are 2 Blocked actors, 0 Stopped actors, and 4 active threads.
Waiting for actors to stop.
Sent output token with value 4.0
Next port to read input from is inputA
Called postfire()
Called prefire()
Called fire()
Called postfire()
Called prefire()
Called fire()
Read input token from inputA with value 5.0
Checking for deadlock:
There are 2 Blocked actors, 0 Stopped actors, and 4 active threads.
Waiting for actors to stop.
-- Read input: 4.0, which is expected to match: 4.0
Called prefire()
Called fire()
Past the end of training data. Read and discard all inputs.
Checking for deadlock:
There are 2 Blocked actors, 0 Stopped actors, and 4 active threads.
Waiting for actors to stop.
Sent output token with value 4.5
Next port to read input from is inputB
Called postfire()
Called prefire()
Called fire()
Read input token from inputB with value 6.0
Checking for deadlock:
Called postfire()
There are 1 Blocked actors, 0 Stopped actors, and 4 active threads.
Called prefire()
Called fire()
Waiting for actors to stop.
Called postfire()
Called prefire()
Called fire()
Called prefire()
Called fire()
Past the end of training data. Read and discard all inputs.
Checking for deadlock:
There are 3 Blocked actors, 0 Stopped actors, and 4 active threads.
Waiting for actors to stop.
Sent output token with value 5.0
Next port to read input from is inputA
Called postfire()
Called prefire()
Called fire()
Read input token from inputA with value 6.0
Called postfire()
Called prefire()
Called fire()
Checking for deadlock:
There are 3 Blocked actors, 0 Stopped actors, and 4 active threads.
Waiting for actors to stop.
Called prefire()
Called fire()
Past the end of training data. Read and discard all inputs.
Sent output token with value 6.0
Next port to read input from is inputB
Called postfire()
Called prefire()
Called fire()
Read input token from inputB with value 7.5
Checking for deadlock:
Called prefire()
Called fire()
There are 1 Blocked actors, 0 Stopped actors, and 4 active threads.
Past the end of training data. Read and discard all inputs.
Waiting for actors to stop.
Called postfire()
Called prefire()
Called fire()
Checking for deadlock:
There are 2 Blocked actors, 0 Stopped actors, and 4 active threads.
Waiting for actors to stop.
Checking for deadlock:
There are 3 Blocked actors, 0 Stopped actors, and 4 active threads.
Waiting for actors to stop.
Sent output token with value 6.0
Next port to read input from is inputA
Called postfire()
Called prefire()
Called fire()
Read input token from inputA with value 7.0
Called prefire()
Called fire()
Past the end of training data. Read and discard all inputs.
Called postfire()
Called prefire()
Called fire()
Checking for deadlock:
There are 3 Blocked actors, 0 Stopped actors, and 4 active threads.
Waiting for actors to stop.
Sent output token with value 7.0
Next port to read input from is inputA
Called postfire()
Called prefire()
Called fire()
Read input token from inputA with value 8.0
-- Thread wrapup() called.
Called wrapup()
Thread .top.Ramp is exiting.
-- Thread stopped.
Called prefire()
Called fire()
Past the end of training data. Read and discard all inputs.
Checking for deadlock:
There are 2 Blocked actors, 0 Stopped actors, and 3 active threads.
Waiting for actors to stop.
Sent output token with value 7.5
Next port to read input from is inputB
Called postfire()
Called prefire()
Called fire()
Read input token from inputB with value 9.0
Called prefire()
Called fire()
Past the end of training data. Read and discard all inputs.
Checking for deadlock:
There are 1 Blocked actors, 0 Stopped actors, and 3 active threads.
Waiting for actors to stop.
Called postfire()
Called prefire()
Called fire()
Checking for deadlock:
There are 2 Blocked actors, 0 Stopped actors, and 3 active threads.
Waiting for actors to stop.
Sent output token with value 8.0
Next port to read input from is inputA
Called postfire()
Called prefire()
Called fire()
Read input token from inputA with value 9.0
Checking for deadlock:
Called prefire()
There are 1 Blocked actors, 0 Stopped actors, and 3 active threads.
Waiting for actors to stop.
Called fire()
Past the end of training data. Read and discard all inputs.
Checking for deadlock:
There are 2 Blocked actors, 0 Stopped actors, and 3 active threads.
Waiting for actors to stop.
Sent output token with value 9.0
Next port to read input from is inputB
Called postfire()
Called prefire()
Called fire()
Read input token from inputB with value 10.5
Checking for deadlock:
Called prefire()
There are 0 Blocked actors, 0 Stopped actors, and 3 active threads.
Waiting for actors to stop.
Called fire()
Past the end of training data. Read and discard all inputs.
Checking for deadlock:
There are 1 Blocked actors, 0 Stopped actors, and 3 active threads.
Waiting for actors to stop.
Sent output token with value 9.0
Next port to read input from is inputA
Called postfire()
Called prefire()
Called fire()
Checking for deadlock:
Called postfire()
There are 1 Blocked actors, 0 Stopped actors, and 3 active threads.
Waiting for actors to stop.
Called prefire()
Called fire()
Checking for deadlock:
Called prefire()
Called fire()
Past the end of training data. Read and discard all inputs.
There are 2 Blocked actors, 0 Stopped actors, and 3 active threads.
Waiting for actors to stop.
Checking for deadlock:
There are 3 Blocked actors, 0 Stopped actors, and 3 active threads.
Actors have stopped.
Checking for deadlock:
There are 3 Blocked actors, 0 Stopped actors, and 3 active threads.
Deadlock detected.
Resolving Deadlock
Checking for deadlock:
There are 3 Blocked actors, 0 Stopped actors, and 3 active threads.
Artificial Deadlock - increasing queue capacity.
increasing the capacity of receiver ptolemy.actor.TypedIOPort {.top.OrderedMerge.inputB} to 2
Director: Called postfire().
Called postfire().
_stopRequested = false
_stopFireRequested = false
Returning from postfire(): true
-- Thread wrapup() called.
Called fire().
Called wrapup()
Checking for deadlock:
There are 2 Blocked actors, 0 Stopped actors, and 3 active threads.
Waiting for actors to stop.
Thread .top.Ramp2 is exiting.
-- Thread stopped.
Checking for deadlock:
There are 2 Blocked actors, 0 Stopped actors, and 2 active threads.
Actors have stopped.
Checking for deadlock:
There are 2 Blocked actors, 0 Stopped actors, and 2 active threads.
Deadlock detected.
Resolving Deadlock
Checking for deadlock:
There are 2 Blocked actors, 0 Stopped actors, and 2 active threads.
Deadlock detected: no processes blocked on write, but some are blocked on read.
Called postfire().
_stopRequested = false
_stopFireRequested = false
Returning from postfire(): false
Finished deactivating branches.
Called wrapup().
-- Thread wrapup() called.
Called wrapup()
Thread .top.Test is exiting.
-- Thread stopped.
-- Blocked Receiver call threw TerminateProcessException.
-- Thread wrapup() called.
Called wrapup()
Thread .top.OrderedMerge is exiting.
-- Thread stopped.
-- Blocked Receiver call threw TerminateProcessException.
51 ms. Memory: 159744K Free: 75349K (47%)
/home/travis/build/icyphy/ptII/ptolemy/actor/lib/test/Publisher.tcl
19 ms. Memory: 159744K Free: 68677K (43%)
4 ms. Memory: 159744K Free: 63571K (40%)
3 ms. Memory: 159744K Free: 59989K (38%)
3 ms. Memory: 159744K Free: 58965K (37%)
3 ms. Memory: 159744K Free: 57941K (36%)
2 ms. Memory: 159744K Free: 57397K (36%)
2 ms. Memory: 159744K Free: 56389K (35%)
2 ms. Memory: 159744K Free: 55349K (35%)
45 ms. Memory: 216064K Free: 191763K (89%)
28 ms. Memory: 216064K Free: 187667K (87%)
3 ms. Memory: 216064K Free: 187139K (87%)
4 ms. Memory: 216064K Free: 184595K (85%)
13 ms. Memory: 216064K Free: 177427K (82%)
6 ms. Memory: 216064K Free: 168211K (78%)
16 ms. Memory: 216064K Free: 156947K (73%)
/home/travis/build/icyphy/ptII/ptolemy/actor/lib/test/Pulse.tcl
5 ms. Memory: 216064K Free: 119539K (55%)
11 ms. Memory: 216064K Free: 119059K (55%)
1 ms. Memory: 216064K Free: 118515K (55%)
1 ms. Memory: 216064K Free: 118035K (55%)
22 ms. Memory: 216064K Free: 199196K (92%)
10 ms. Memory: 216064K Free: 198230K (92%)
26 ms. Memory: 216064K Free: 197192K (91%)
2 ms. Memory: 216064K Free: 196696K (91%)
2 ms. Memory: 216064K Free: 195672K (91%)
/home/travis/build/icyphy/ptII/ptolemy/actor/lib/test/Ramp.tcl
3 ms. Memory: 216064K Free: 194104K (90%)
1 ms. Memory: 216064K Free: 193110K (89%)
1 ms. Memory: 216064K Free: 192600K (89%)
2 ms. Memory: 216064K Free: 191576K (89%)
3 ms. Memory: 216064K Free: 191048K (88%)
4 ms. Memory: 216064K Free: 190038K (88%)
5 ms. Memory: 216064K Free: 189014K (87%)
5 actors
4000 microseconds per iteration to create
10 ms. Memory: 216064K Free: 186456K (86%)
1 ms. Memory: 216064K Free: 185942K (86%)
5 ms. Memory: 216064K Free: 185432K (86%)
2 ms. Memory: 216064K Free: 184408K (85%)
50 actors
46000 microseconds per iteration to create
25 ms. Memory: 216064K Free: 169048K (78%)
5 ms. Memory: 216064K Free: 168024K (78%)
4 ms. Memory: 216064K Free: 167000K (77%)
5 ms. Memory: 216064K Free: 165976K (77%)
500 actors
1652000 microseconds per iteration to create
261 ms. Memory: 216064K Free: 129423K (60%)
43 ms. Memory: 216064K Free: 123789K (57%)
54 ms. Memory: 216064K Free: 118159K (55%)
54 ms. Memory: 216064K Free: 113039K (52%)
/home/travis/build/icyphy/ptII/ptolemy/actor/lib/test/RampContinuous.tcl
8 ms. Memory: 216064K Free: 111471K (52%)
/home/travis/build/icyphy/ptII/ptolemy/actor/lib/test/RecordAssembler.tcl
7 ms. Memory: 216064K Free: 109967K (51%)
5 ms. Memory: 216064K Free: 108943K (50%)
/home/travis/build/icyphy/ptII/ptolemy/actor/lib/test/RecordDisassembler.tcl
7 ms. Memory: 216064K Free: 106895K (49%)
10 ms. Memory: 216064K Free: 106351K (49%)
5 ms. Memory: 216064K Free: 105327K (49%)
/home/travis/build/icyphy/ptII/ptolemy/actor/lib/test/Scale.tcl
2 ms. Memory: 216064K Free: 103309K (48%)
2 ms. Memory: 216064K Free: 102799K (48%)
2 ms. Memory: 216064K Free: 101775K (47%)
4 ms. Memory: 216064K Free: 100751K (47%)
4 ms. Memory: 216064K Free: 100223K (46%)
/home/travis/build/icyphy/ptII/ptolemy/actor/lib/test/SequentialClock.tcl
preinitializing
resolving types
initializing
executing number 1
wrapping up
idle
4 ms. Memory: 216064K Free: 98703K (46%)
Completed execution with 5 iterations
preinitializing
resolving types
initializing
executing number 1
wrapping up
idle
2 ms. Memory: 216064K Free: 98175K (45%)
Completed execution with 5 iterations
preinitializing
resolving types
initializing
executing number 1
wrapping up
idle
2 ms. Memory: 216064K Free: 97679K (45%)
Completed execution with 5 iterations
/home/travis/build/icyphy/ptII/ptolemy/actor/lib/test/SetVariable.tcl
7 ms. Memory: 216064K Free: 96127K (44%)


==== $PTII/ptolemy/actor/lib/test/SetVariable.tcl: SetVariable-3.1 changeFailed
==== Contents of test case:

    #Uses 2.1 above
    jdkCaptureErr {
        # This test was failing if we ran Exit.tcl and then this test.
        # MessageHandler.error() now actually throws the Exception.
	catch {$setVariable changeFailed [java::null]  [java::new Exception {Test exception for SetVariable.changeFailed()}]} errMsg
    } results
    list [string range $results 0 89] "\n" $errMsg

==== Result was:
{java.lang.Exception: Test exception for SetVariable.changeFailed()
	at java.base/jdk.inter} {
} {java.lang.RuntimeException: java.lang.Exception: Test exception for SetVariable.changeFailed()}
---- Result should have been:
{java.lang.Exception: Test exception for SetVariable.changeFailed()
	at sun.reflect.NativeC} {
} {java.lang.RuntimeException: java.lang.Exception: Test exception for SetVariable.changeFailed()}
---- SetVariable-3.1 FAILED
/home/travis/build/icyphy/ptII/ptolemy/actor/lib/test/Sinewave.tcl
/home/travis/build/icyphy/ptII/ptolemy/actor/lib/test/SubscriptionAggregator.tcl
6 ms. Memory: 216064K Free: 83839K (39%)
11 ms. Memory: 216064K Free: 82829K (38%)
1 ms. Memory: 216064K Free: 82319K (38%)
0 ms. Memory: 216064K Free: 82319K (38%)
2 ms. Memory: 216064K Free: 78719K (36%)
53 ms. Memory: 216064K Free: 193342K (89%)
...............................................................1010 ms. Memory: 302080K Free: 195469K (65%)
/home/travis/build/icyphy/ptII/ptolemy/actor/lib/test/Test.tcl
 The next command will produce a warning about training mode,
   which may be ignored.
4 ms. Memory: 302080K Free: 193423K (64%)
2 ms. Memory: 302080K Free: 192895K (64%)
1 ms. Memory: 302080K Free: 191885K (64%)
2 ms. Memory: 302080K Free: 191375K (63%)
2 ms. Memory: 302080K Free: 190831K (63%)
3 ms. Memory: 302080K Free: 189837K (63%)
3 ms. Memory: 302080K Free: 188303K (62%)
 The next command will produce a warning about training mode,
   which may be ignored.
3 ms. Memory: 302080K Free: 186255K (62%)
 The next command will produce a warning about training mode,
   which may be ignored.
3 ms. Memory: 302080K Free: 184711K (61%)
4 ms. Memory: 302080K Free: 184207K (61%)
1 ms. Memory: 302080K Free: 183693K (61%)
1 ms. Memory: 302080K Free: 183183K (61%)
6 ms. Memory: 302080K Free: 182159K (60%)
3 ms. Memory: 302080K Free: 178543K (59%)
/home/travis/build/icyphy/ptII/ptolemy/actor/lib/test/TestExceptionHandler.tcl
 The next command will produce a warning about training mode,
   which may be ignored.
3 ms. Memory: 302080K Free: 177535K (59%)
1 ms. Memory: 302080K Free: 177007K (59%)
1 ms. Memory: 302080K Free: 176015K (58%)
/home/travis/build/icyphy/ptII/ptolemy/actor/lib/test/UnionDisassembler.tcl
22 ms. Memory: 302080K Free: 168847K (56%)
/home/travis/build/icyphy/ptII/ptolemy/actor/lib/test/VariableClock.tcl
preinitializing
resolving types
initializing
executing number 1
wrapping up
idle
3 ms. Memory: 302080K Free: 167279K (55%)
Completed execution with 11 iterations
preinitializing
resolving types
initializing
executing number 1
wrapping up
idle
3 ms. Memory: 302080K Free: 165775K (55%)
Completed execution with 10 iterations
06/23/19 08:48:13
Failed: 1  Total Tests: 234  ((Passed: 233, Newly Passed: 0)  Known Failed: 0) /home/travis/build/icyphy/ptII/ptolemy/actor/lib/test
----------------- testing (KnownFailure) /home/travis/build/icyphy/ptII/ptolemy/actor/lib/test/auto/knownFailedTests/PublisherPortToplevelSubscriber.xml
2 ms. Memory: 302080K Free: 162189K (54%)
Known Failure: java.lang.reflect.InvocationTargetException
----------------- testing (KnownFailure) /home/travis/build/icyphy/ptII/ptolemy/actor/lib/test/auto/knownFailedTests/PublisherSubscriberPortToplevel.xml
0 ms. Memory: 302080K Free: 158093K (52%)
Known Failure: java.lang.reflect.InvocationTargetException
----------------- testing (KnownFailure) /home/travis/build/icyphy/ptII/ptolemy/actor/lib/test/auto/knownFailedTests/PublisherSubscriptionAggregatorPort.xml
1 ms. Memory: 302080K Free: 153487K (51%)
Known Failure: java.lang.reflect.InvocationTargetException
----------------- testing (KnownFailure) /home/travis/build/icyphy/ptII/ptolemy/actor/lib/test/auto/knownFailedTests/sizedarray3.xml
4 ms. Memory: 302080K Free: 149391K (49%)
Known Failure: java.lang.reflect.InvocationTargetException
No auto/linux-amd64/*.xml tests in /home/travis/build/icyphy/ptII/ptolemy/actor/lib/test
AutoTests.java: About to close Vertx.
AutoTests.java: Vertx closed.

===========================================================================================
----------------- testing Sun Jun 23 20:48:14 UTC 2019 /home/travis/build/icyphy/ptII/ptolemy/actor/lib/test/auto/AbsoluteValue.xml
----------------- Instantiating /home/travis/build/icyphy/ptII/ptolemy/actor/lib/test/auto/AbsoluteValue.xml
4 ms. Memory: 302080K Free: 126863K (42%)
----------------- Invoking toplevel() on ptolemy.moml.MoMLSimpleApplication@65ebc2a3
----------------- Done invoking toplevel() on ptolemy.moml.MoMLSimpleApplication@65ebc2a3
reloadAllAccessors: .AbsoluteValue

===========================================================================================
----------------- testing Sun Jun 23 20:48:14 UTC 2019 /home/travis/build/icyphy/ptII/ptolemy/actor/lib/test/auto/AbsoluteValue2.xml
----------------- Instantiating /home/travis/build/icyphy/ptII/ptolemy/actor/lib/test/auto/AbsoluteValue2.xml
5 ms. Memory: 302080K Free: 120205K (40%)
----------------- Invoking toplevel() on ptolemy.moml.MoMLSimpleApplication@32c95cce
----------------- Done invoking toplevel() on ptolemy.moml.MoMLSimpleApplication@32c95cce
reloadAllAccessors: .AbsoluteValue2

===========================================================================================
----------------- testing Sun Jun 23 20:48:14 UTC 2019 /home/travis/build/icyphy/ptII/ptolemy/actor/lib/test/auto/Accumulator.xml
----------------- Instantiating /home/travis/build/icyphy/ptII/ptolemy/actor/lib/test/auto/Accumulator.xml
6 ms. Memory: 302080K Free: 114061K (38%)
----------------- Invoking toplevel() on ptolemy.moml.MoMLSimpleApplication@7addb1c9
----------------- Done invoking toplevel() on ptolemy.moml.MoMLSimpleApplication@7addb1c9
reloadAllAccessors: .Accumulator

===========================================================================================
----------------- testing Sun Jun 23 20:48:14 UTC 2019 /home/travis/build/icyphy/ptII/ptolemy/actor/lib/test/auto/Accumulator2.xml
----------------- Instantiating /home/travis/build/icyphy/ptII/ptolemy/actor/lib/test/auto/Accumulator2.xml
4 ms. Memory: 302080K Free: 108431K (36%)
----------------- Invoking toplevel() on ptolemy.moml.MoMLSimpleApplication@279d695c
----------------- Done invoking toplevel() on ptolemy.moml.MoMLSimpleApplication@279d695c
reloadAllAccessors: .Accumulator2

===========================================================================================
----------------- testing Sun Jun 23 20:48:14 UTC 2019 /home/travis/build/icyphy/ptII/ptolemy/actor/lib/test/auto/Accumulator3.xml
----------------- Instantiating /home/travis/build/icyphy/ptII/ptolemy/actor/lib/test/auto/Accumulator3.xml
2 ms. Memory: 302080K Free: 104335K (35%)
----------------- Invoking toplevel() on ptolemy.moml.MoMLSimpleApplication@746f50d
----------------- Done invoking toplevel() on ptolemy.moml.MoMLSimpleApplication@746f50d
reloadAllAccessors: .Accumulator3

===========================================================================================
----------------- testing Sun Jun 23 20:48:14 UTC 2019 /home/travis/build/icyphy/ptII/ptolemy/actor/lib/test/auto/ArrayAppend.xml
----------------- Instantiating /home/travis/build/icyphy/ptII/ptolemy/actor/lib/test/auto/ArrayAppend.xml
12 ms. Memory: 302080K Free: 251956K (83%)
----------------- Invoking toplevel() on ptolemy.moml.MoMLSimpleApplication@7bff2bea
----------------- Done invoking toplevel() on ptolemy.moml.MoMLSimpleApplication@7bff2bea
reloadAllAccessors: .ArrayAppend

===========================================================================================
----------------- testing Sun Jun 23 20:48:14 UTC 2019 /home/travis/build/icyphy/ptII/ptolemy/actor/lib/test/auto/ArrayAppend2.xml
----------------- Instantiating /home/travis/build/icyphy/ptII/ptolemy/actor/lib/test/auto/ArrayAppend2.xml
413 ms. Memory: 302080K Free: 169026K (56%)
----------------- Invoking toplevel() on ptolemy.moml.MoMLSimpleApplication@2168bc31
----------------- Done invoking toplevel() on ptolemy.moml.MoMLSimpleApplication@2168bc31
reloadAllAccessors: .ArrayAppend2

===========================================================================================
----------------- testing Sun Jun 23 20:48:14 UTC 2019 /home/travis/build/icyphy/ptII/ptolemy/actor/lib/test/auto/ArrayAppend3.xml
----------------- Instantiating /home/travis/build/icyphy/ptII/ptolemy/actor/lib/test/auto/ArrayAppend3.xml
4 ms. Memory: 302080K Free: 163906K (54%)
----------------- Invoking toplevel() on ptolemy.moml.MoMLSimpleApplication@4d44048b
----------------- Done invoking toplevel() on ptolemy.moml.MoMLSimpleApplication@4d44048b
reloadAllAccessors: .ArrayAppend3

===========================================================================================
----------------- testing Sun Jun 23 20:48:15 UTC 2019 /home/travis/build/icyphy/ptII/ptolemy/actor/lib/test/auto/ArrayAppend4.xml
----------------- Instantiating /home/travis/build/icyphy/ptII/ptolemy/actor/lib/test/auto/ArrayAppend4.xml
9 ms. Memory: 302080K Free: 158276K (52%)
----------------- Invoking toplevel() on ptolemy.moml.MoMLSimpleApplication@70b42e39
----------------- Done invoking toplevel() on ptolemy.moml.MoMLSimpleApplication@70b42e39
reloadAllAccessors: .ArrayAppend4

===========================================================================================
----------------- testing Sun Jun 23 20:48:15 UTC 2019 /home/travis/build/icyphy/ptII/ptolemy/actor/lib/test/auto/ArrayAppend5.xml
----------------- Instantiating /home/travis/build/icyphy/ptII/ptolemy/actor/lib/test/auto/ArrayAppend5.xml
4 ms. Memory: 302080K Free: 153666K (51%)
----------------- Invoking toplevel() on ptolemy.moml.MoMLSimpleApplication@504ec58d
----------------- Done invoking toplevel() on ptolemy.moml.MoMLSimpleApplication@504ec58d
reloadAllAccessors: .ArrayAppend5

===========================================================================================
----------------- testing Sun Jun 23 20:48:15 UTC 2019 /home/travis/build/icyphy/ptII/ptolemy/actor/lib/test/auto/ArrayAppend6.xml
----------------- Instantiating /home/travis/build/icyphy/ptII/ptolemy/actor/lib/test/auto/ArrayAppend6.xml
4 ms. Memory: 302080K Free: 147522K (49%)
----------------- Invoking toplevel() on ptolemy.moml.MoMLSimpleApplication@18f61c78
----------------- Done invoking toplevel() on ptolemy.moml.MoMLSimpleApplication@18f61c78
reloadAllAccessors: .ArrayAppend6

===========================================================================================
----------------- testing Sun Jun 23 20:48:15 UTC 2019 /home/travis/build/icyphy/ptII/ptolemy/actor/lib/test/auto/ArrayAppendPerformanceTest.xml
----------------- Instantiating /home/travis/build/icyphy/ptII/ptolemy/actor/lib/test/auto/ArrayAppendPerformanceTest.xml
37 ms. Memory: 302080K Free: 136772K (45%)
----------------- Invoking toplevel() on ptolemy.moml.MoMLSimpleApplication@3babd210
----------------- Done invoking toplevel() on ptolemy.moml.MoMLSimpleApplication@3babd210
reloadAllAccessors: .ArrayAppendPerformanceTest

===========================================================================================
----------------- testing Sun Jun 23 20:48:15 UTC 2019 /home/travis/build/icyphy/ptII/ptolemy/actor/lib/test/auto/ArrayAppendWithEmptyInput.xml
----------------- Instantiating /home/travis/build/icyphy/ptII/ptolemy/actor/lib/test/auto/ArrayAppendWithEmptyInput.xml
8 ms. Memory: 302080K Free: 128580K (43%)
----------------- Invoking toplevel() on ptolemy.moml.MoMLSimpleApplication@1016631b
----------------- Done invoking toplevel() on ptolemy.moml.MoMLSimpleApplication@1016631b
reloadAllAccessors: .ArrayAppendWithEmptyInput

===========================================================================================
----------------- testing Sun Jun 23 20:48:15 UTC 2019 /home/travis/build/icyphy/ptII/ptolemy/actor/lib/test/auto/ArrayAverage.xml
----------------- Instantiating /home/travis/build/icyphy/ptII/ptolemy/actor/lib/test/auto/ArrayAverage.xml
8 ms. Memory: 523264K Free: 472064K (90%)
----------------- Invoking toplevel() on ptolemy.moml.MoMLSimpleApplication@3be3d18b
----------------- Done invoking toplevel() on ptolemy.moml.MoMLSimpleApplication@3be3d18b
reloadAllAccessors: .ArrayAverage

===========================================================================================
----------------- testing Sun Jun 23 20:48:15 UTC 2019 /home/travis/build/icyphy/ptII/ptolemy/actor/lib/test/auto/ArrayContains.xml
----------------- Instantiating /home/travis/build/icyphy/ptII/ptolemy/actor/lib/test/auto/ArrayContains.xml
4 ms. Memory: 523264K Free: 465920K (89%)
----------------- Invoking toplevel() on ptolemy.moml.MoMLSimpleApplication@4de180fb
----------------- Done invoking toplevel() on ptolemy.moml.MoMLSimpleApplication@4de180fb
reloadAllAccessors: .ArrayContains

===========================================================================================
----------------- testing Sun Jun 23 20:48:15 UTC 2019 /home/travis/build/icyphy/ptII/ptolemy/actor/lib/test/auto/ArrayElement.xml
----------------- Instantiating /home/travis/build/icyphy/ptII/ptolemy/actor/lib/test/auto/ArrayElement.xml
12 ms. Memory: 523264K Free: 460286K (88%)
----------------- Invoking toplevel() on ptolemy.moml.MoMLSimpleApplication@1bf945ca
----------------- Done invoking toplevel() on ptolemy.moml.MoMLSimpleApplication@1bf945ca
reloadAllAccessors: .ArrayElement

===========================================================================================
----------------- testing Sun Jun 23 20:48:15 UTC 2019 /home/travis/build/icyphy/ptII/ptolemy/actor/lib/test/auto/ArrayElementAsMatrix.xml
----------------- Instantiating /home/travis/build/icyphy/ptII/ptolemy/actor/lib/test/auto/ArrayElementAsMatrix.xml
20 ms. Memory: 523264K Free: 450046K (86%)
----------------- Invoking toplevel() on ptolemy.moml.MoMLSimpleApplication@5db3ea9e
----------------- Done invoking toplevel() on ptolemy.moml.MoMLSimpleApplication@5db3ea9e
reloadAllAccessors: .ArrayElementAsMatrix

===========================================================================================
----------------- testing Sun Jun 23 20:48:15 UTC 2019 /home/travis/build/icyphy/ptII/ptolemy/actor/lib/test/auto/ArrayElementI.xml
----------------- Instantiating /home/travis/build/icyphy/ptII/ptolemy/actor/lib/test/auto/ArrayElementI.xml
4 ms. Memory: 523264K Free: 445440K (85%)
----------------- Invoking toplevel() on ptolemy.moml.MoMLSimpleApplication@3a8bc583
----------------- Done invoking toplevel() on ptolemy.moml.MoMLSimpleApplication@3a8bc583
reloadAllAccessors: .ArrayElementI

===========================================================================================
----------------- testing Sun Jun 23 20:48:15 UTC 2019 /home/travis/build/icyphy/ptII/ptolemy/actor/lib/test/auto/ArrayExtract.xml
----------------- Instantiating /home/travis/build/icyphy/ptII/ptolemy/actor/lib/test/auto/ArrayExtract.xml
11 ms. Memory: 523264K Free: 436734K (83%)
----------------- Invoking toplevel() on ptolemy.moml.MoMLSimpleApplication@765c39b2
----------------- Done invoking toplevel() on ptolemy.moml.MoMLSimpleApplication@765c39b2
reloadAllAccessors: .ArrayExtract

===========================================================================================
----------------- testing Sun Jun 23 20:48:15 UTC 2019 /home/travis/build/icyphy/ptII/ptolemy/actor/lib/test/auto/ArrayExtract2.xml
----------------- Instantiating /home/travis/build/icyphy/ptII/ptolemy/actor/lib/test/auto/ArrayExtract2.xml
3 ms. Memory: 523264K Free: 431583K (82%)
----------------- Invoking toplevel() on ptolemy.moml.MoMLSimpleApplication@2e848f47
----------------- Done invoking toplevel() on ptolemy.moml.MoMLSimpleApplication@2e848f47
reloadAllAccessors: .ArrayExtract2

===========================================================================================
----------------- testing Sun Jun 23 20:48:15 UTC 2019 /home/travis/build/icyphy/ptII/ptolemy/actor/lib/test/auto/ArrayLength.xml
----------------- Instantiating /home/travis/build/icyphy/ptII/ptolemy/actor/lib/test/auto/ArrayLength.xml
2 ms. Memory: 523264K Free: 427518K (82%)
----------------- Invoking toplevel() on ptolemy.moml.MoMLSimpleApplication@f716a9f
----------------- Done invoking toplevel() on ptolemy.moml.MoMLSimpleApplication@f716a9f
reloadAllAccessors: .ArrayLength

===========================================================================================
----------------- testing Sun Jun 23 20:48:15 UTC 2019 /home/travis/build/icyphy/ptII/ptolemy/actor/lib/test/auto/ArrayLevelCrossing.xml
----------------- Instantiating /home/travis/build/icyphy/ptII/ptolemy/actor/lib/test/auto/ArrayLevelCrossing.xml
4 ms. Memory: 523264K Free: 419840K (80%)
----------------- Invoking toplevel() on ptolemy.moml.MoMLSimpleApplication@74108cf5
----------------- Done invoking toplevel() on ptolemy.moml.MoMLSimpleApplication@74108cf5
reloadAllAccessors: .ArrayLevelCrossing

===========================================================================================
----------------- testing Sun Jun 23 20:48:15 UTC 2019 /home/travis/build/icyphy/ptII/ptolemy/actor/lib/test/auto/ArrayLevelCrossing2.xml
----------------- Instantiating /home/travis/build/icyphy/ptII/ptolemy/actor/lib/test/auto/ArrayLevelCrossing2.xml
4 ms. Memory: 523264K Free: 412143K (79%)
----------------- Invoking toplevel() on ptolemy.moml.MoMLSimpleApplication@605037b9
----------------- Done invoking toplevel() on ptolemy.moml.MoMLSimpleApplication@605037b9
reloadAllAccessors: .ArrayLevelCrossing2

===========================================================================================
----------------- testing Sun Jun 23 20:48:15 UTC 2019 /home/travis/build/icyphy/ptII/ptolemy/actor/lib/test/auto/ArrayPeakSearch.xml
----------------- Instantiating /home/travis/build/icyphy/ptII/ptolemy/actor/lib/test/auto/ArrayPeakSearch.xml
6 ms. Memory: 523264K Free: 403456K (77%)
----------------- Invoking toplevel() on ptolemy.moml.MoMLSimpleApplication@15fb0348
----------------- Done invoking toplevel() on ptolemy.moml.MoMLSimpleApplication@15fb0348
reloadAllAccessors: .ArrayPeakSearch

===========================================================================================
----------------- testing Sun Jun 23 20:48:15 UTC 2019 /home/travis/build/icyphy/ptII/ptolemy/actor/lib/test/auto/ArrayPeakSearch2.xml
----------------- Instantiating /home/travis/build/icyphy/ptII/ptolemy/actor/lib/test/auto/ArrayPeakSearch2.xml
9 ms. Memory: 523264K Free: 392687K (75%)
----------------- Invoking toplevel() on ptolemy.moml.MoMLSimpleApplication@5afff8a0
----------------- Done invoking toplevel() on ptolemy.moml.MoMLSimpleApplication@5afff8a0
reloadAllAccessors: .ArrayPeakSearch2

===========================================================================================
----------------- testing Sun Jun 23 20:48:15 UTC 2019 /home/travis/build/icyphy/ptII/ptolemy/actor/lib/test/auto/ArrayPeakSearch3.xml
----------------- Instantiating /home/travis/build/icyphy/ptII/ptolemy/actor/lib/test/auto/ArrayPeakSearch3.xml
5 ms. Memory: 523264K Free: 383486K (73%)
----------------- Invoking toplevel() on ptolemy.moml.MoMLSimpleApplication@547259f6
----------------- Done invoking toplevel() on ptolemy.moml.MoMLSimpleApplication@547259f6
reloadAllAccessors: .ArrayPeakSearch3

===========================================================================================
----------------- testing Sun Jun 23 20:48:15 UTC 2019 /home/travis/build/icyphy/ptII/ptolemy/actor/lib/test/auto/ArrayRemoveElement.xml
----------------- Instantiating /home/travis/build/icyphy/ptII/ptolemy/actor/lib/test/auto/ArrayRemoveElement.xml
4 ms. Memory: 523264K Free: 375294K (72%)
----------------- Invoking toplevel() on ptolemy.moml.MoMLSimpleApplication@1ea77524
----------------- Done invoking toplevel() on ptolemy.moml.MoMLSimpleApplication@1ea77524
reloadAllAccessors: .ArrayRemoveElement

===========================================================================================
----------------- testing Sun Jun 23 20:48:15 UTC 2019 /home/travis/build/icyphy/ptII/ptolemy/actor/lib/test/auto/ArraySort.xml
----------------- Instantiating /home/travis/build/icyphy/ptII/ptolemy/actor/lib/test/auto/ArraySort.xml
10 ms. Memory: 523264K Free: 366592K (70%)
----------------- Invoking toplevel() on ptolemy.moml.MoMLSimpleApplication@1e76aba1
----------------- Done invoking toplevel() on ptolemy.moml.MoMLSimpleApplication@1e76aba1
reloadAllAccessors: .ArraySort

===========================================================================================
----------------- testing Sun Jun 23 20:48:15 UTC 2019 /home/travis/build/icyphy/ptII/ptolemy/actor/lib/test/auto/ArraySum.xml
----------------- Instantiating /home/travis/build/icyphy/ptII/ptolemy/actor/lib/test/auto/ArraySum.xml
3 ms. Memory: 523264K Free: 360958K (69%)
----------------- Invoking toplevel() on ptolemy.moml.MoMLSimpleApplication@5e91e804
----------------- Done invoking toplevel() on ptolemy.moml.MoMLSimpleApplication@5e91e804
reloadAllAccessors: .ArraySum

===========================================================================================
----------------- testing Sun Jun 23 20:48:15 UTC 2019 /home/travis/build/icyphy/ptII/ptolemy/actor/lib/test/auto/ArrayToElements.xml
----------------- Instantiating /home/travis/build/icyphy/ptII/ptolemy/actor/lib/test/auto/ArrayToElements.xml
10 ms. Memory: 523264K Free: 355838K (68%)
----------------- Invoking toplevel() on ptolemy.moml.MoMLSimpleApplication@346094c6
----------------- Done invoking toplevel() on ptolemy.moml.MoMLSimpleApplication@346094c6
reloadAllAccessors: .ArrayToElements

===========================================================================================
----------------- testing Sun Jun 23 20:48:15 UTC 2019 /home/travis/build/icyphy/ptII/ptolemy/actor/lib/test/auto/ArrayToMatrix.xml
----------------- Instantiating /home/travis/build/icyphy/ptII/ptolemy/actor/lib/test/auto/ArrayToMatrix.xml
8 ms. Memory: 523264K Free: 341502K (65%)
----------------- Invoking toplevel() on ptolemy.moml.MoMLSimpleApplication@3e2c8174
----------------- Done invoking toplevel() on ptolemy.moml.MoMLSimpleApplication@3e2c8174
reloadAllAccessors: .ArrayToMatrix

===========================================================================================
----------------- testing Sun Jun 23 20:48:16 UTC 2019 /home/travis/build/icyphy/ptII/ptolemy/actor/lib/test/auto/ArrayUpdate1.xml
----------------- Instantiating /home/travis/build/icyphy/ptII/ptolemy/actor/lib/test/auto/ArrayUpdate1.xml
6 ms. Memory: 523264K Free: 336896K (64%)
----------------- Invoking toplevel() on ptolemy.moml.MoMLSimpleApplication@5e8a1e78
----------------- Done invoking toplevel() on ptolemy.moml.MoMLSimpleApplication@5e8a1e78
reloadAllAccessors: .ArrayUpdate1

===========================================================================================
----------------- testing Sun Jun 23 20:48:16 UTC 2019 /home/travis/build/icyphy/ptII/ptolemy/actor/lib/test/auto/ArrayUpdate2.xml
----------------- Instantiating /home/travis/build/icyphy/ptII/ptolemy/actor/lib/test/auto/ArrayUpdate2.xml
6 ms. Memory: 523264K Free: 330238K (63%)
----------------- Invoking toplevel() on ptolemy.moml.MoMLSimpleApplication@2d29c4f1
----------------- Done invoking toplevel() on ptolemy.moml.MoMLSimpleApplication@2d29c4f1
reloadAllAccessors: .ArrayUpdate2

===========================================================================================
----------------- testing Sun Jun 23 20:48:16 UTC 2019 /home/travis/build/icyphy/ptII/ptolemy/actor/lib/test/auto/ArrayUpdate3.xml
----------------- Instantiating /home/travis/build/icyphy/ptII/ptolemy/actor/lib/test/auto/ArrayUpdate3.xml
19 ms. Memory: 523264K Free: 325632K (62%)
----------------- Invoking toplevel() on ptolemy.moml.MoMLSimpleApplication@658b0e4f
----------------- Done invoking toplevel() on ptolemy.moml.MoMLSimpleApplication@658b0e4f
reloadAllAccessors: .ArrayUpdate3

===========================================================================================
----------------- testing Sun Jun 23 20:48:16 UTC 2019 /home/travis/build/icyphy/ptII/ptolemy/actor/lib/test/auto/Assert1.xml
----------------- Instantiating /home/travis/build/icyphy/ptII/ptolemy/actor/lib/test/auto/Assert1.xml
6 ms. Memory: 523264K Free: 321536K (61%)
----------------- Invoking toplevel() on ptolemy.moml.MoMLSimpleApplication@292e5ef2
----------------- Done invoking toplevel() on ptolemy.moml.MoMLSimpleApplication@292e5ef2
reloadAllAccessors: .Assert1

===========================================================================================
----------------- testing Sun Jun 23 20:48:16 UTC 2019 /home/travis/build/icyphy/ptII/ptolemy/actor/lib/test/auto/Assert2.xml
----------------- Instantiating /home/travis/build/icyphy/ptII/ptolemy/actor/lib/test/auto/Assert2.xml
2 ms. Memory: 523264K Free: 315902K (60%)
----------------- Invoking toplevel() on ptolemy.moml.MoMLSimpleApplication@197c97a0
----------------- Done invoking toplevel() on ptolemy.moml.MoMLSimpleApplication@197c97a0
reloadAllAccessors: .Assert2

===========================================================================================
----------------- testing Sun Jun 23 20:48:16 UTC 2019 /home/travis/build/icyphy/ptII/ptolemy/actor/lib/test/auto/BooleanMultiplexor.xml
----------------- Instantiating /home/travis/build/icyphy/ptII/ptolemy/actor/lib/test/auto/BooleanMultiplexor.xml
3 ms. Memory: 523264K Free: 310767K (59%)
----------------- Invoking toplevel() on ptolemy.moml.MoMLSimpleApplication@118970d5
----------------- Done invoking toplevel() on ptolemy.moml.MoMLSimpleApplication@118970d5
reloadAllAccessors: .BooleanMultiplexor

===========================================================================================
----------------- testing Sun Jun 23 20:48:16 UTC 2019 /home/travis/build/icyphy/ptII/ptolemy/actor/lib/test/auto/BooleanMultiplexor2.xml
----------------- Instantiating /home/travis/build/icyphy/ptII/ptolemy/actor/lib/test/auto/BooleanMultiplexor2.xml
12 ms. Memory: 523264K Free: 304128K (58%)
----------------- Invoking toplevel() on ptolemy.moml.MoMLSimpleApplication@4bacba34
----------------- Done invoking toplevel() on ptolemy.moml.MoMLSimpleApplication@4bacba34
reloadAllAccessors: .BooleanMultiplexor2

===========================================================================================
----------------- testing Sun Jun 23 20:48:16 UTC 2019 /home/travis/build/icyphy/ptII/ptolemy/actor/lib/test/auto/BooleanMultiplexor3.xml
----------------- Instantiating /home/travis/build/icyphy/ptII/ptolemy/actor/lib/test/auto/BooleanMultiplexor3.xml
5 ms. Memory: 523264K Free: 300032K (57%)
----------------- Invoking toplevel() on ptolemy.moml.MoMLSimpleApplication@31c6933f
----------------- Done invoking toplevel() on ptolemy.moml.MoMLSimpleApplication@31c6933f
reloadAllAccessors: .BooleanMultiplexor3

===========================================================================================
----------------- testing Sun Jun 23 20:48:16 UTC 2019 /home/travis/build/icyphy/ptII/ptolemy/actor/lib/test/auto/BooleanSelect.xml
----------------- Instantiating /home/travis/build/icyphy/ptII/ptolemy/actor/lib/test/auto/BooleanSelect.xml
5 ms. Memory: 523264K Free: 294383K (56%)
----------------- Invoking toplevel() on ptolemy.moml.MoMLSimpleApplication@3f1e45aa
----------------- Done invoking toplevel() on ptolemy.moml.MoMLSimpleApplication@3f1e45aa
reloadAllAccessors: .BooleanSelect

===========================================================================================
----------------- testing Sun Jun 23 20:48:16 UTC 2019 /home/travis/build/icyphy/ptII/ptolemy/actor/lib/test/auto/BooleanSelect2.xml
----------------- Instantiating /home/travis/build/icyphy/ptII/ptolemy/actor/lib/test/auto/BooleanSelect2.xml
2 ms. Memory: 523264K Free: 289792K (55%)
----------------- Invoking toplevel() on ptolemy.moml.MoMLSimpleApplication@2c0e6781
----------------- Done invoking toplevel() on ptolemy.moml.MoMLSimpleApplication@2c0e6781
reloadAllAccessors: .BooleanSelect2

===========================================================================================
----------------- testing Sun Jun 23 20:48:16 UTC 2019 /home/travis/build/icyphy/ptII/ptolemy/actor/lib/test/auto/BooleanSwitch.xml
----------------- Instantiating /home/travis/build/icyphy/ptII/ptolemy/actor/lib/test/auto/BooleanSwitch.xml
22 ms. Memory: 523264K Free: 284158K (54%)
----------------- Invoking toplevel() on ptolemy.moml.MoMLSimpleApplication@57ff72ab
----------------- Done invoking toplevel() on ptolemy.moml.MoMLSimpleApplication@57ff72ab
reloadAllAccessors: .BooleanSwitch

===========================================================================================
----------------- testing Sun Jun 23 20:48:16 UTC 2019 /home/travis/build/icyphy/ptII/ptolemy/actor/lib/test/auto/BooleanSwitch2.xml
----------------- Instantiating /home/travis/build/icyphy/ptII/ptolemy/actor/lib/test/auto/BooleanSwitch2.xml
2 ms. Memory: 523264K Free: 279552K (53%)
----------------- Invoking toplevel() on ptolemy.moml.MoMLSimpleApplication@70f29561
----------------- Done invoking toplevel() on ptolemy.moml.MoMLSimpleApplication@70f29561
reloadAllAccessors: .BooleanSwitch2

===========================================================================================
----------------- testing Sun Jun 23 20:48:16 UTC 2019 /home/travis/build/icyphy/ptII/ptolemy/actor/lib/test/auto/BooleanSwitchCloningBugWithClassRelationGroup.xml
----------------- Instantiating /home/travis/build/icyphy/ptII/ptolemy/actor/lib/test/auto/BooleanSwitchCloningBugWithClassRelationGroup.xml
3 ms. Memory: 523264K Free: 273408K (52%)
----------------- Invoking toplevel() on ptolemy.moml.MoMLSimpleApplication@104d0369
----------------- Done invoking toplevel() on ptolemy.moml.MoMLSimpleApplication@104d0369
reloadAllAccessors: .BooleanSwitchCloningBugWithClassRelationGroup

===========================================================================================
----------------- testing Sun Jun 23 20:48:16 UTC 2019 /home/travis/build/icyphy/ptII/ptolemy/actor/lib/test/auto/BusActors.xml
----------------- Instantiating /home/travis/build/icyphy/ptII/ptolemy/actor/lib/test/auto/BusActors.xml
4 ms. Memory: 523264K Free: 265216K (51%)
----------------- Invoking toplevel() on ptolemy.moml.MoMLSimpleApplication@dd92285
----------------- Done invoking toplevel() on ptolemy.moml.MoMLSimpleApplication@dd92285
reloadAllAccessors: .BusActors

===========================================================================================
----------------- testing Sun Jun 23 20:48:16 UTC 2019 /home/travis/build/icyphy/ptII/ptolemy/actor/lib/test/auto/ClassWrapper.xml
----------------- Instantiating /home/travis/build/icyphy/ptII/ptolemy/actor/lib/test/auto/ClassWrapper.xml
3 ms. Memory: 523264K Free: 261120K (50%)
----------------- Invoking toplevel() on ptolemy.moml.MoMLSimpleApplication@30558cd8
----------------- Done invoking toplevel() on ptolemy.moml.MoMLSimpleApplication@30558cd8
reloadAllAccessors: .ClassWrapper

===========================================================================================
----------------- testing Sun Jun 23 20:48:16 UTC 2019 /home/travis/build/icyphy/ptII/ptolemy/actor/lib/test/auto/Clock.xml
----------------- Instantiating /home/travis/build/icyphy/ptII/ptolemy/actor/lib/test/auto/Clock.xml
2 ms. Memory: 523264K Free: 257024K (49%)
----------------- Invoking toplevel() on ptolemy.moml.MoMLSimpleApplication@3d9935ae
----------------- Done invoking toplevel() on ptolemy.moml.MoMLSimpleApplication@3d9935ae
reloadAllAccessors: .Clock

===========================================================================================
----------------- testing Sun Jun 23 20:48:16 UTC 2019 /home/travis/build/icyphy/ptII/ptolemy/actor/lib/test/auto/Clock10.xml
----------------- Instantiating /home/travis/build/icyphy/ptII/ptolemy/actor/lib/test/auto/Clock10.xml
5 ms. Memory: 523264K Free: 251390K (48%)
----------------- Invoking toplevel() on ptolemy.moml.MoMLSimpleApplication@43312d87
----------------- Done invoking toplevel() on ptolemy.moml.MoMLSimpleApplication@43312d87
reloadAllAccessors: .Clock10

===========================================================================================
----------------- testing Sun Jun 23 20:48:16 UTC 2019 /home/travis/build/icyphy/ptII/ptolemy/actor/lib/test/auto/Clock11.xml
----------------- Instantiating /home/travis/build/icyphy/ptII/ptolemy/actor/lib/test/auto/Clock11.xml
8 ms. Memory: 523264K Free: 245246K (47%)
----------------- Invoking toplevel() on ptolemy.moml.MoMLSimpleApplication@6272b876
----------------- Done invoking toplevel() on ptolemy.moml.MoMLSimpleApplication@6272b876
reloadAllAccessors: .Clock11

===========================================================================================
----------------- testing Sun Jun 23 20:48:16 UTC 2019 /home/travis/build/icyphy/ptII/ptolemy/actor/lib/test/auto/Clock12.xml
----------------- Instantiating /home/travis/build/icyphy/ptII/ptolemy/actor/lib/test/auto/Clock12.xml
5 ms. Memory: 523264K Free: 239616K (46%)
----------------- Invoking toplevel() on ptolemy.moml.MoMLSimpleApplication@5d0e2e9
----------------- Done invoking toplevel() on ptolemy.moml.MoMLSimpleApplication@5d0e2e9
reloadAllAccessors: .Clock12

===========================================================================================
----------------- testing Sun Jun 23 20:48:16 UTC 2019 /home/travis/build/icyphy/ptII/ptolemy/actor/lib/test/auto/Clock13.xml
----------------- Instantiating /home/travis/build/icyphy/ptII/ptolemy/actor/lib/test/auto/Clock13.xml
6 ms. Memory: 523264K Free: 233472K (45%)
----------------- Invoking toplevel() on ptolemy.moml.MoMLSimpleApplication@9df5a51
----------------- Done invoking toplevel() on ptolemy.moml.MoMLSimpleApplication@9df5a51
reloadAllAccessors: .Clock13

===========================================================================================
----------------- testing Sun Jun 23 20:48:16 UTC 2019 /home/travis/build/icyphy/ptII/ptolemy/actor/lib/test/auto/Clock14.xml
----------------- Instantiating /home/travis/build/icyphy/ptII/ptolemy/actor/lib/test/auto/Clock14.xml
5 ms. Memory: 523264K Free: 227831K (44%)
----------------- Invoking toplevel() on ptolemy.moml.MoMLSimpleApplication@685326bf
----------------- Done invoking toplevel() on ptolemy.moml.MoMLSimpleApplication@685326bf
reloadAllAccessors: .Clock14

===========================================================================================
----------------- testing Sun Jun 23 20:48:16 UTC 2019 /home/travis/build/icyphy/ptII/ptolemy/actor/lib/test/auto/Clock15.xml
----------------- Instantiating /home/travis/build/icyphy/ptII/ptolemy/actor/lib/test/auto/Clock15.xml
6 ms. Memory: 523264K Free: 221663K (42%)
----------------- Invoking toplevel() on ptolemy.moml.MoMLSimpleApplication@67098509
----------------- Done invoking toplevel() on ptolemy.moml.MoMLSimpleApplication@67098509
reloadAllAccessors: .Clock15

===========================================================================================
----------------- testing Sun Jun 23 20:48:16 UTC 2019 /home/travis/build/icyphy/ptII/ptolemy/actor/lib/test/auto/Clock16.xml
----------------- Instantiating /home/travis/build/icyphy/ptII/ptolemy/actor/lib/test/auto/Clock16.xml
41 ms. Memory: 523264K Free: 206848K (40%)
----------------- Invoking toplevel() on ptolemy.moml.MoMLSimpleApplication@370a99e9
----------------- Done invoking toplevel() on ptolemy.moml.MoMLSimpleApplication@370a99e9
reloadAllAccessors: .Clock16

===========================================================================================
----------------- testing Sun Jun 23 20:48:16 UTC 2019 /home/travis/build/icyphy/ptII/ptolemy/actor/lib/test/auto/Clock17.xml
----------------- Instantiating /home/travis/build/icyphy/ptII/ptolemy/actor/lib/test/auto/Clock17.xml
27 ms. Memory: 523264K Free: 193007K (37%)
----------------- Invoking toplevel() on ptolemy.moml.MoMLSimpleApplication@6e1edf35
----------------- Done invoking toplevel() on ptolemy.moml.MoMLSimpleApplication@6e1edf35
reloadAllAccessors: .Clock17

===========================================================================================
----------------- testing Sun Jun 23 20:48:16 UTC 2019 /home/travis/build/icyphy/ptII/ptolemy/actor/lib/test/auto/Clock18.xml
----------------- Instantiating /home/travis/build/icyphy/ptII/ptolemy/actor/lib/test/auto/Clock18.xml
27 ms. Memory: 523264K Free: 179679K (34%)
----------------- Invoking toplevel() on ptolemy.moml.MoMLSimpleApplication@1d627e77
----------------- Done invoking toplevel() on ptolemy.moml.MoMLSimpleApplication@1d627e77
reloadAllAccessors: .Clock18

===========================================================================================
----------------- testing Sun Jun 23 20:48:16 UTC 2019 /home/travis/build/icyphy/ptII/ptolemy/actor/lib/test/auto/Clock19.xml
----------------- Instantiating /home/travis/build/icyphy/ptII/ptolemy/actor/lib/test/auto/Clock19.xml
15 ms. Memory: 523264K Free: 166912K (32%)
----------------- Invoking toplevel() on ptolemy.moml.MoMLSimpleApplication@1aa3c3bc
----------------- Done invoking toplevel() on ptolemy.moml.MoMLSimpleApplication@1aa3c3bc
reloadAllAccessors: .Clock19

===========================================================================================
----------------- testing Sun Jun 23 20:48:16 UTC 2019 /home/travis/build/icyphy/ptII/ptolemy/actor/lib/test/auto/Clock2.xml
----------------- Instantiating /home/travis/build/icyphy/ptII/ptolemy/actor/lib/test/auto/Clock2.xml
6 ms. Memory: 523264K Free: 474121K (91%)
----------------- Invoking toplevel() on ptolemy.moml.MoMLSimpleApplication@1acc85a8
----------------- Done invoking toplevel() on ptolemy.moml.MoMLSimpleApplication@1acc85a8
reloadAllAccessors: .Clock2

===========================================================================================
----------------- testing Sun Jun 23 20:48:17 UTC 2019 /home/travis/build/icyphy/ptII/ptolemy/actor/lib/test/auto/Clock20.xml
----------------- Instantiating /home/travis/build/icyphy/ptII/ptolemy/actor/lib/test/auto/Clock20.xml
10 ms. Memory: 523264K Free: 468489K (90%)
----------------- Invoking toplevel() on ptolemy.moml.MoMLSimpleApplication@1cbf5a7d
----------------- Done invoking toplevel() on ptolemy.moml.MoMLSimpleApplication@1cbf5a7d
reloadAllAccessors: .Clock20

===========================================================================================
----------------- testing Sun Jun 23 20:48:17 UTC 2019 /home/travis/build/icyphy/ptII/ptolemy/actor/lib/test/auto/Clock21.xml
----------------- Instantiating /home/travis/build/icyphy/ptII/ptolemy/actor/lib/test/auto/Clock21.xml
8 ms. Memory: 523264K Free: 462857K (88%)
----------------- Invoking toplevel() on ptolemy.moml.MoMLSimpleApplication@319ef7b2
----------------- Done invoking toplevel() on ptolemy.moml.MoMLSimpleApplication@319ef7b2
reloadAllAccessors: .Clock21

===========================================================================================
----------------- testing Sun Jun 23 20:48:17 UTC 2019 /home/travis/build/icyphy/ptII/ptolemy/actor/lib/test/auto/Clock22.xml
----------------- Instantiating /home/travis/build/icyphy/ptII/ptolemy/actor/lib/test/auto/Clock22.xml
7 ms. Memory: 523264K Free: 457737K (87%)
----------------- Invoking toplevel() on ptolemy.moml.MoMLSimpleApplication@2d3be6ee
----------------- Done invoking toplevel() on ptolemy.moml.MoMLSimpleApplication@2d3be6ee
reloadAllAccessors: .Clock22

===========================================================================================
----------------- testing Sun Jun 23 20:48:17 UTC 2019 /home/travis/build/icyphy/ptII/ptolemy/actor/lib/test/auto/Clock23.xml
----------------- Instantiating /home/travis/build/icyphy/ptII/ptolemy/actor/lib/test/auto/Clock23.xml
7 ms. Memory: 523264K Free: 452107K (86%)
----------------- Invoking toplevel() on ptolemy.moml.MoMLSimpleApplication@e5da36b
----------------- Done invoking toplevel() on ptolemy.moml.MoMLSimpleApplication@e5da36b
reloadAllAccessors: .Clock23

===========================================================================================
----------------- testing Sun Jun 23 20:48:17 UTC 2019 /home/travis/build/icyphy/ptII/ptolemy/actor/lib/test/auto/Clock24.xml
----------------- Instantiating /home/travis/build/icyphy/ptII/ptolemy/actor/lib/test/auto/Clock24.xml
5 ms. Memory: 523264K Free: 446987K (85%)
----------------- Invoking toplevel() on ptolemy.moml.MoMLSimpleApplication@6cbb688d
----------------- Done invoking toplevel() on ptolemy.moml.MoMLSimpleApplication@6cbb688d
reloadAllAccessors: .Clock24

===========================================================================================
----------------- testing Sun Jun 23 20:48:17 UTC 2019 /home/travis/build/icyphy/ptII/ptolemy/actor/lib/test/auto/Clock4.xml
----------------- Instantiating /home/travis/build/icyphy/ptII/ptolemy/actor/lib/test/auto/Clock4.xml
1 ms. Memory: 523264K Free: 441867K (84%)
----------------- Invoking toplevel() on ptolemy.moml.MoMLSimpleApplication@5f495722
----------------- Done invoking toplevel() on ptolemy.moml.MoMLSimpleApplication@5f495722
reloadAllAccessors: .Clock4

===========================================================================================
----------------- testing Sun Jun 23 20:48:17 UTC 2019 /home/travis/build/icyphy/ptII/ptolemy/actor/lib/test/auto/Clock5.xml
----------------- Instantiating /home/travis/build/icyphy/ptII/ptolemy/actor/lib/test/auto/Clock5.xml
1 ms. Memory: 523264K Free: 436227K (83%)
----------------- Invoking toplevel() on ptolemy.moml.MoMLSimpleApplication@26933c8a
----------------- Done invoking toplevel() on ptolemy.moml.MoMLSimpleApplication@26933c8a
reloadAllAccessors: .Clock5

===========================================================================================
----------------- testing Sun Jun 23 20:48:17 UTC 2019 /home/travis/build/icyphy/ptII/ptolemy/actor/lib/test/auto/Clock6.xml
----------------- Instantiating /home/travis/build/icyphy/ptII/ptolemy/actor/lib/test/auto/Clock6.xml
1 ms. Memory: 523264K Free: 432137K (83%)
----------------- Invoking toplevel() on ptolemy.moml.MoMLSimpleApplication@b64cd18
----------------- Done invoking toplevel() on ptolemy.moml.MoMLSimpleApplication@b64cd18
reloadAllAccessors: .Clock6

===========================================================================================
----------------- testing Sun Jun 23 20:48:17 UTC 2019 /home/travis/build/icyphy/ptII/ptolemy/actor/lib/test/auto/Clock7.xml
----------------- Instantiating /home/travis/build/icyphy/ptII/ptolemy/actor/lib/test/auto/Clock7.xml
1 ms. Memory: 523264K Free: 427017K (82%)
----------------- Invoking toplevel() on ptolemy.moml.MoMLSimpleApplication@3dbcb1bd
----------------- Done invoking toplevel() on ptolemy.moml.MoMLSimpleApplication@3dbcb1bd
reloadAllAccessors: .Clock7

===========================================================================================
----------------- testing Sun Jun 23 20:48:17 UTC 2019 /home/travis/build/icyphy/ptII/ptolemy/actor/lib/test/auto/Clock8.xml
----------------- Instantiating /home/travis/build/icyphy/ptII/ptolemy/actor/lib/test/auto/Clock8.xml
4 ms. Memory: 523264K Free: 421891K (81%)
----------------- Invoking toplevel() on ptolemy.moml.MoMLSimpleApplication@2bc16838
----------------- Done invoking toplevel() on ptolemy.moml.MoMLSimpleApplication@2bc16838
reloadAllAccessors: .Clock8

===========================================================================================
----------------- testing Sun Jun 23 20:48:17 UTC 2019 /home/travis/build/icyphy/ptII/ptolemy/actor/lib/test/auto/Clock9.xml
----------------- Instantiating /home/travis/build/icyphy/ptII/ptolemy/actor/lib/test/auto/Clock9.xml
7 ms. Memory: 523264K Free: 416267K (80%)
----------------- Invoking toplevel() on ptolemy.moml.MoMLSimpleApplication@6a577ede
----------------- Done invoking toplevel() on ptolemy.moml.MoMLSimpleApplication@6a577ede
reloadAllAccessors: .Clock9

===========================================================================================
----------------- testing Sun Jun 23 20:48:17 UTC 2019 /home/travis/build/icyphy/ptII/ptolemy/actor/lib/test/auto/CommDistDiscard.xml
----------------- Instantiating /home/travis/build/icyphy/ptII/ptolemy/actor/lib/test/auto/CommDistDiscard.xml
5 ms. Memory: 523264K Free: 411147K (79%)
----------------- Invoking toplevel() on ptolemy.moml.MoMLSimpleApplication@530ee081
----------------- Done invoking toplevel() on ptolemy.moml.MoMLSimpleApplication@530ee081
reloadAllAccessors: .CommDistDiscard

===========================================================================================
----------------- testing Sun Jun 23 20:48:17 UTC 2019 /home/travis/build/icyphy/ptII/ptolemy/actor/lib/test/auto/Commutator.xml
----------------- Instantiating /home/travis/build/icyphy/ptII/ptolemy/actor/lib/test/auto/Commutator.xml
1 ms. Memory: 523264K Free: 406537K (78%)
----------------- Invoking toplevel() on ptolemy.moml.MoMLSimpleApplication@43194093
----------------- Done invoking toplevel() on ptolemy.moml.MoMLSimpleApplication@43194093
reloadAllAccessors: .Commutator

===========================================================================================
----------------- testing Sun Jun 23 20:48:17 UTC 2019 /home/travis/build/icyphy/ptII/ptolemy/actor/lib/test/auto/Commutator2.xml
----------------- Instantiating /home/travis/build/icyphy/ptII/ptolemy/actor/lib/test/auto/Commutator2.xml
1 ms. Memory: 523264K Free: 401931K (77%)
----------------- Invoking toplevel() on ptolemy.moml.MoMLSimpleApplication@75dff5eb
----------------- Done invoking toplevel() on ptolemy.moml.MoMLSimpleApplication@75dff5eb
reloadAllAccessors: .Commutator2

===========================================================================================
----------------- testing Sun Jun 23 20:48:17 UTC 2019 /home/travis/build/icyphy/ptII/ptolemy/actor/lib/test/auto/Commutator3.xml
----------------- Instantiating /home/travis/build/icyphy/ptII/ptolemy/actor/lib/test/auto/Commutator3.xml
2 ms. Memory: 523264K Free: 397835K (76%)
----------------- Invoking toplevel() on ptolemy.moml.MoMLSimpleApplication@29dce08c
----------------- Done invoking toplevel() on ptolemy.moml.MoMLSimpleApplication@29dce08c
reloadAllAccessors: .Commutator3

===========================================================================================
----------------- testing Sun Jun 23 20:48:17 UTC 2019 /home/travis/build/icyphy/ptII/ptolemy/actor/lib/test/auto/Compare.xml
----------------- Instantiating /home/travis/build/icyphy/ptII/ptolemy/actor/lib/test/auto/Compare.xml
2 ms. Memory: 523264K Free: 391177K (75%)
----------------- Invoking toplevel() on ptolemy.moml.MoMLSimpleApplication@5f5ffc7
----------------- Done invoking toplevel() on ptolemy.moml.MoMLSimpleApplication@5f5ffc7
reloadAllAccessors: .Compare

===========================================================================================
----------------- testing Sun Jun 23 20:48:17 UTC 2019 /home/travis/build/icyphy/ptII/ptolemy/actor/lib/test/auto/CompareDE.xml
----------------- Instantiating /home/travis/build/icyphy/ptII/ptolemy/actor/lib/test/auto/CompareDE.xml
3 ms. Memory: 523264K Free: 384523K (73%)
----------------- Invoking toplevel() on ptolemy.moml.MoMLSimpleApplication@4f8be579
----------------- Done invoking toplevel() on ptolemy.moml.MoMLSimpleApplication@4f8be579
reloadAllAccessors: .CompareDE

===========================================================================================
----------------- testing Sun Jun 23 20:48:17 UTC 2019 /home/travis/build/icyphy/ptII/ptolemy/actor/lib/test/auto/ComplexDivide.xml
----------------- Instantiating /home/travis/build/icyphy/ptII/ptolemy/actor/lib/test/auto/ComplexDivide.xml
1 ms. Memory: 523264K Free: 380427K (73%)
----------------- Invoking toplevel() on ptolemy.moml.MoMLSimpleApplication@5bfa236d
----------------- Done invoking toplevel() on ptolemy.moml.MoMLSimpleApplication@5bfa236d
reloadAllAccessors: .ComplexDivide

===========================================================================================
----------------- testing Sun Jun 23 20:48:17 UTC 2019 /home/travis/build/icyphy/ptII/ptolemy/actor/lib/test/auto/ComputeHistogram.xml
----------------- Instantiating /home/travis/build/icyphy/ptII/ptolemy/actor/lib/test/auto/ComputeHistogram.xml
36 ms. Memory: 523264K Free: 367625K (70%)
----------------- Invoking toplevel() on ptolemy.moml.MoMLSimpleApplication@3facfb20
----------------- Done invoking toplevel() on ptolemy.moml.MoMLSimpleApplication@3facfb20
reloadAllAccessors: .ComputeHistogram

===========================================================================================
----------------- testing Sun Jun 23 20:48:17 UTC 2019 /home/travis/build/icyphy/ptII/ptolemy/actor/lib/test/auto/ConfigurationSelect.xml
----------------- Instantiating /home/travis/build/icyphy/ptII/ptolemy/actor/lib/test/auto/ConfigurationSelect.xml
8 ms. Memory: 523264K Free: 362475K (69%)
----------------- Invoking toplevel() on ptolemy.moml.MoMLSimpleApplication@5219087b
----------------- Done invoking toplevel() on ptolemy.moml.MoMLSimpleApplication@5219087b
reloadAllAccessors: .ConfigurationSelect

===========================================================================================
----------------- testing Sun Jun 23 20:48:17 UTC 2019 /home/travis/build/icyphy/ptII/ptolemy/actor/lib/test/auto/ConfigurationSelect2.xml
----------------- Instantiating /home/travis/build/icyphy/ptII/ptolemy/actor/lib/test/auto/ConfigurationSelect2.xml
2 ms. Memory: 523264K Free: 357899K (68%)
----------------- Invoking toplevel() on ptolemy.moml.MoMLSimpleApplication@41672266
----------------- Done invoking toplevel() on ptolemy.moml.MoMLSimpleApplication@41672266
reloadAllAccessors: .ConfigurationSelect2

===========================================================================================
----------------- testing Sun Jun 23 20:48:17 UTC 2019 /home/travis/build/icyphy/ptII/ptolemy/actor/lib/test/auto/ConfigurationSwitch.xml
----------------- Instantiating /home/travis/build/icyphy/ptII/ptolemy/actor/lib/test/auto/ConfigurationSwitch.xml
2 ms. Memory: 523264K Free: 352265K (67%)
----------------- Invoking toplevel() on ptolemy.moml.MoMLSimpleApplication@2e9ce1b9
----------------- Done invoking toplevel() on ptolemy.moml.MoMLSimpleApplication@2e9ce1b9
reloadAllAccessors: .ConfigurationSwitch

===========================================================================================
----------------- testing Sun Jun 23 20:48:17 UTC 2019 /home/travis/build/icyphy/ptII/ptolemy/actor/lib/test/auto/ConfigurationSwitch2.xml
----------------- Instantiating /home/travis/build/icyphy/ptII/ptolemy/actor/lib/test/auto/ConfigurationSwitch2.xml
4 ms. Memory: 523264K Free: 347145K (66%)
----------------- Invoking toplevel() on ptolemy.moml.MoMLSimpleApplication@6859128c
----------------- Done invoking toplevel() on ptolemy.moml.MoMLSimpleApplication@6859128c
reloadAllAccessors: .ConfigurationSwitch2

===========================================================================================
----------------- testing Sun Jun 23 20:48:17 UTC 2019 /home/travis/build/icyphy/ptII/ptolemy/actor/lib/test/auto/ConfigurationSwitchCloningBugWithClassRelationGroup.xml
----------------- Instantiating /home/travis/build/icyphy/ptII/ptolemy/actor/lib/test/auto/ConfigurationSwitchCloningBugWithClassRelationGroup.xml
2 ms. Memory: 523264K Free: 340491K (65%)
----------------- Invoking toplevel() on ptolemy.moml.MoMLSimpleApplication@7395a531
----------------- Done invoking toplevel() on ptolemy.moml.MoMLSimpleApplication@7395a531
reloadAllAccessors: .ConfigurationSwitchCloningBugWithClassRelationGroup

===========================================================================================
----------------- testing Sun Jun 23 20:48:17 UTC 2019 /home/travis/build/icyphy/ptII/ptolemy/actor/lib/test/auto/ConfigurationSwitchSelectSDF.xml
----------------- Instantiating /home/travis/build/icyphy/ptII/ptolemy/actor/lib/test/auto/ConfigurationSwitchSelectSDF.xml
3 ms. Memory: 523264K Free: 334857K (64%)
----------------- Invoking toplevel() on ptolemy.moml.MoMLSimpleApplication@5a9bf4ec
----------------- Done invoking toplevel() on ptolemy.moml.MoMLSimpleApplication@5a9bf4ec
reloadAllAccessors: .ConfigurationSwitchSelectSDF

===========================================================================================
----------------- testing Sun Jun 23 20:48:17 UTC 2019 /home/travis/build/icyphy/ptII/ptolemy/actor/lib/test/auto/ConfigurationSwitchSelectSDF2.xml
----------------- Instantiating /home/travis/build/icyphy/ptII/ptolemy/actor/lib/test/auto/ConfigurationSwitchSelectSDF2.xml
2 ms. Memory: 523264K Free: 329227K (63%)
----------------- Invoking toplevel() on ptolemy.moml.MoMLSimpleApplication@e461631
----------------- Done invoking toplevel() on ptolemy.moml.MoMLSimpleApplication@e461631
reloadAllAccessors: .ConfigurationSwitchSelectSDF2

===========================================================================================
----------------- testing Sun Jun 23 20:48:17 UTC 2019 /home/travis/build/icyphy/ptII/ptolemy/actor/lib/test/auto/Const.xml
----------------- Instantiating /home/travis/build/icyphy/ptII/ptolemy/actor/lib/test/auto/Const.xml
1 ms. Memory: 523264K Free: 325641K (62%)
----------------- Invoking toplevel() on ptolemy.moml.MoMLSimpleApplication@62e1023f
----------------- Done invoking toplevel() on ptolemy.moml.MoMLSimpleApplication@62e1023f
reloadAllAccessors: .Const

===========================================================================================
----------------- testing Sun Jun 23 20:48:17 UTC 2019 /home/travis/build/icyphy/ptII/ptolemy/actor/lib/test/auto/Const2.xml
----------------- Instantiating /home/travis/build/icyphy/ptII/ptolemy/actor/lib/test/auto/Const2.xml
1 ms. Memory: 523264K Free: 322059K (62%)
----------------- Invoking toplevel() on ptolemy.moml.MoMLSimpleApplication@33120f2f
----------------- Done invoking toplevel() on ptolemy.moml.MoMLSimpleApplication@33120f2f
reloadAllAccessors: .Const2

===========================================================================================
----------------- testing Sun Jun 23 20:48:17 UTC 2019 /home/travis/build/icyphy/ptII/ptolemy/actor/lib/test/auto/Const3.xml
----------------- Instantiating /home/travis/build/icyphy/ptII/ptolemy/actor/lib/test/auto/Const3.xml
1 ms. Memory: 523264K Free: 318987K (61%)
----------------- Invoking toplevel() on ptolemy.moml.MoMLSimpleApplication@51ab6c47
----------------- Done invoking toplevel() on ptolemy.moml.MoMLSimpleApplication@51ab6c47
reloadAllAccessors: .Const3

===========================================================================================
----------------- testing Sun Jun 23 20:48:17 UTC 2019 /home/travis/build/icyphy/ptII/ptolemy/actor/lib/test/auto/ConstantPublisherPort1.xml
----------------- Instantiating /home/travis/build/icyphy/ptII/ptolemy/actor/lib/test/auto/ConstantPublisherPort1.xml
9 ms. Memory: 523264K Free: 309771K (59%)
----------------- Invoking toplevel() on ptolemy.moml.MoMLSimpleApplication@d96481a
----------------- Done invoking toplevel() on ptolemy.moml.MoMLSimpleApplication@d96481a
reloadAllAccessors: .ConstantPublisherPort1

===========================================================================================
----------------- testing Sun Jun 23 20:48:17 UTC 2019 /home/travis/build/icyphy/ptII/ptolemy/actor/lib/test/auto/ConstantPublisherPort2.xml
----------------- Instantiating /home/travis/build/icyphy/ptII/ptolemy/actor/lib/test/auto/ConstantPublisherPort2.xml
11 ms. Memory: 523264K Free: 302601K (58%)
----------------- Invoking toplevel() on ptolemy.moml.MoMLSimpleApplication@44047be9
----------------- Done invoking toplevel() on ptolemy.moml.MoMLSimpleApplication@44047be9
reloadAllAccessors: .ConstantPublisherPort2

===========================================================================================
----------------- testing Sun Jun 23 20:48:17 UTC 2019 /home/travis/build/icyphy/ptII/ptolemy/actor/lib/test/auto/ConstantPublisherPort3.xml
----------------- Instantiating /home/travis/build/icyphy/ptII/ptolemy/actor/lib/test/auto/ConstantPublisherPort3.xml
6 ms. Memory: 523264K Free: 294411K (56%)
----------------- Invoking toplevel() on ptolemy.moml.MoMLSimpleApplication@dd6f90
----------------- Done invoking toplevel() on ptolemy.moml.MoMLSimpleApplication@dd6f90
reloadAllAccessors: .ConstantPublisherPort3

===========================================================================================
----------------- testing Sun Jun 23 20:48:17 UTC 2019 /home/travis/build/icyphy/ptII/ptolemy/actor/lib/test/auto/ConstantPublisherPort4.xml
----------------- Instantiating /home/travis/build/icyphy/ptII/ptolemy/actor/lib/test/auto/ConstantPublisherPort4.xml
3 ms. Memory: 523264K Free: 287243K (55%)
----------------- Invoking toplevel() on ptolemy.moml.MoMLSimpleApplication@619540ac
----------------- Done invoking toplevel() on ptolemy.moml.MoMLSimpleApplication@619540ac
reloadAllAccessors: .ConstantPublisherPort4

===========================================================================================
----------------- testing Sun Jun 23 20:48:17 UTC 2019 /home/travis/build/icyphy/ptII/ptolemy/actor/lib/test/auto/ConstantPublisherPort5.xml
----------------- Instantiating /home/travis/build/icyphy/ptII/ptolemy/actor/lib/test/auto/ConstantPublisherPort5.xml
33 ms. Memory: 523264K Free: 278027K (53%)
----------------- Invoking toplevel() on ptolemy.moml.MoMLSimpleApplication@1cdb644a
----------------- Done invoking toplevel() on ptolemy.moml.MoMLSimpleApplication@1cdb644a
reloadAllAccessors: .ConstantPublisherPort5

===========================================================================================
----------------- testing Sun Jun 23 20:48:17 UTC 2019 /home/travis/build/icyphy/ptII/ptolemy/actor/lib/test/auto/ConstantPublisherPort6.xml
----------------- Instantiating /home/travis/build/icyphy/ptII/ptolemy/actor/lib/test/auto/ConstantPublisherPort6.xml
16 ms. Memory: 523264K Free: 268811K (51%)
----------------- Invoking toplevel() on ptolemy.moml.MoMLSimpleApplication@e545c58
----------------- Done invoking toplevel() on ptolemy.moml.MoMLSimpleApplication@e545c58
reloadAllAccessors: .ConstantPublisherPort6

===========================================================================================
----------------- testing Sun Jun 23 20:48:17 UTC 2019 /home/travis/build/icyphy/ptII/ptolemy/actor/lib/test/auto/ConstantPublisherPort7.xml
----------------- Instantiating /home/travis/build/icyphy/ptII/ptolemy/actor/lib/test/auto/ConstantPublisherPort7.xml
16 ms. Memory: 523264K Free: 259595K (50%)
----------------- Invoking toplevel() on ptolemy.moml.MoMLSimpleApplication@2336e7d3
----------------- Done invoking toplevel() on ptolemy.moml.MoMLSimpleApplication@2336e7d3
reloadAllAccessors: .ConstantPublisherPort7

===========================================================================================
----------------- testing Sun Jun 23 20:48:17 UTC 2019 /home/travis/build/icyphy/ptII/ptolemy/actor/lib/test/auto/ConstraintMonitor1.xml
----------------- Instantiating /home/travis/build/icyphy/ptII/ptolemy/actor/lib/test/auto/ConstraintMonitor1.xml
2 ms. Memory: 523264K Free: 254475K (49%)
----------------- Invoking toplevel() on ptolemy.moml.MoMLSimpleApplication@3998e703
----------------- Done invoking toplevel() on ptolemy.moml.MoMLSimpleApplication@3998e703
reloadAllAccessors: .ConstraintMonitor1

===========================================================================================
----------------- testing Sun Jun 23 20:48:17 UTC 2019 /home/travis/build/icyphy/ptII/ptolemy/actor/lib/test/auto/ConstraintMonitor2.xml
----------------- Instantiating /home/travis/build/icyphy/ptII/ptolemy/actor/lib/test/auto/ConstraintMonitor2.xml
1 ms. Memory: 523264K Free: 249865K (48%)
----------------- Invoking toplevel() on ptolemy.moml.MoMLSimpleApplication@58b66d8c
----------------- Done invoking toplevel() on ptolemy.moml.MoMLSimpleApplication@58b66d8c
reloadAllAccessors: .ConstraintMonitor2

===========================================================================================
----------------- testing Sun Jun 23 20:48:17 UTC 2019 /home/travis/build/icyphy/ptII/ptolemy/actor/lib/test/auto/ConstraintMonitor3.xml
----------------- Instantiating /home/travis/build/icyphy/ptII/ptolemy/actor/lib/test/auto/ConstraintMonitor3.xml
4 ms. Memory: 523264K Free: 245259K (47%)
----------------- Invoking toplevel() on ptolemy.moml.MoMLSimpleApplication@d1d1a63
----------------- Done invoking toplevel() on ptolemy.moml.MoMLSimpleApplication@d1d1a63
reloadAllAccessors: .ConstraintMonitor3

===========================================================================================
----------------- testing Sun Jun 23 20:48:17 UTC 2019 /home/travis/build/icyphy/ptII/ptolemy/actor/lib/test/auto/ConstraintMonitor4.xml
----------------- Instantiating /home/travis/build/icyphy/ptII/ptolemy/actor/lib/test/auto/ConstraintMonitor4.xml
4 ms. Memory: 523264K Free: 240649K (46%)
----------------- Invoking toplevel() on ptolemy.moml.MoMLSimpleApplication@707e0fd2
----------------- Done invoking toplevel() on ptolemy.moml.MoMLSimpleApplication@707e0fd2
reloadAllAccessors: .ConstraintMonitor4

===========================================================================================
----------------- testing Sun Jun 23 20:48:18 UTC 2019 /home/travis/build/icyphy/ptII/ptolemy/actor/lib/test/auto/ConstraintMonitor5.xml
----------------- Instantiating /home/travis/build/icyphy/ptII/ptolemy/actor/lib/test/auto/ConstraintMonitor5.xml
5 ms. Memory: 523264K Free: 235529K (45%)
----------------- Invoking toplevel() on ptolemy.moml.MoMLSimpleApplication@7c316dda
----------------- Done invoking toplevel() on ptolemy.moml.MoMLSimpleApplication@7c316dda
reloadAllAccessors: .ConstraintMonitor5

===========================================================================================
----------------- testing Sun Jun 23 20:48:18 UTC 2019 /home/travis/build/icyphy/ptII/ptolemy/actor/lib/test/auto/ConstraintMonitor6.xml
----------------- Instantiating /home/travis/build/icyphy/ptII/ptolemy/actor/lib/test/auto/ConstraintMonitor6.xml
5 ms. Memory: 523264K Free: 229379K (44%)
----------------- Invoking toplevel() on ptolemy.moml.MoMLSimpleApplication@6bf063a1
----------------- Done invoking toplevel() on ptolemy.moml.MoMLSimpleApplication@6bf063a1
reloadAllAccessors: .ConstraintMonitor6

===========================================================================================
----------------- testing Sun Jun 23 20:48:18 UTC 2019 /home/travis/build/icyphy/ptII/ptolemy/actor/lib/test/auto/ConstraintMonitor7.xml
----------------- Instantiating /home/travis/build/icyphy/ptII/ptolemy/actor/lib/test/auto/ConstraintMonitor7.xml
3 ms. Memory: 523264K Free: 223227K (43%)
----------------- Invoking toplevel() on ptolemy.moml.MoMLSimpleApplication@708d6879
----------------- Done invoking toplevel() on ptolemy.moml.MoMLSimpleApplication@708d6879
reloadAllAccessors: .ConstraintMonitor7

===========================================================================================
----------------- testing Sun Jun 23 20:48:18 UTC 2019 /home/travis/build/icyphy/ptII/ptolemy/actor/lib/test/auto/ConstraintMonitor8.xml
----------------- Instantiating /home/travis/build/icyphy/ptII/ptolemy/actor/lib/test/auto/ConstraintMonitor8.xml
10 ms. Memory: 523264K Free: 215563K (41%)
----------------- Invoking toplevel() on ptolemy.moml.MoMLSimpleApplication@2bd7e252
----------------- Done invoking toplevel() on ptolemy.moml.MoMLSimpleApplication@2bd7e252
reloadAllAccessors: .ConstraintMonitor8

===========================================================================================
----------------- testing Sun Jun 23 20:48:18 UTC 2019 /home/travis/build/icyphy/ptII/ptolemy/actor/lib/test/auto/Counter.xml
----------------- Instantiating /home/travis/build/icyphy/ptII/ptolemy/actor/lib/test/auto/Counter.xml
1 ms. Memory: 523264K Free: 210443K (40%)
----------------- Invoking toplevel() on ptolemy.moml.MoMLSimpleApplication@3eb51d34
----------------- Done invoking toplevel() on ptolemy.moml.MoMLSimpleApplication@3eb51d34
reloadAllAccessors: .Counter

===========================================================================================
----------------- testing Sun Jun 23 20:48:18 UTC 2019 /home/travis/build/icyphy/ptII/ptolemy/actor/lib/test/auto/CurrentTimeSDF.xml
----------------- Instantiating /home/travis/build/icyphy/ptII/ptolemy/actor/lib/test/auto/CurrentTimeSDF.xml
2 ms. Memory: 523264K Free: 206857K (40%)
----------------- Invoking toplevel() on ptolemy.moml.MoMLSimpleApplication@6e052c9c
----------------- Done invoking toplevel() on ptolemy.moml.MoMLSimpleApplication@6e052c9c
reloadAllAccessors: .CurrentTimeSDF

===========================================================================================
----------------- testing Sun Jun 23 20:48:18 UTC 2019 /home/travis/build/icyphy/ptII/ptolemy/actor/lib/test/auto/DB.xml
----------------- Instantiating /home/travis/build/icyphy/ptII/ptolemy/actor/lib/test/auto/DB.xml
3 ms. Memory: 523264K Free: 201737K (39%)
----------------- Invoking toplevel() on ptolemy.moml.MoMLSimpleApplication@21d11432
----------------- Done invoking toplevel() on ptolemy.moml.MoMLSimpleApplication@21d11432
reloadAllAccessors: .DB

===========================================================================================
----------------- testing Sun Jun 23 20:48:18 UTC 2019 /home/travis/build/icyphy/ptII/ptolemy/actor/lib/test/auto/DBDE.xml
----------------- Instantiating /home/travis/build/icyphy/ptII/ptolemy/actor/lib/test/auto/DBDE.xml
3 ms. Memory: 523264K Free: 195563K (37%)
----------------- Invoking toplevel() on ptolemy.moml.MoMLSimpleApplication@3fe401d4
----------------- Done invoking toplevel() on ptolemy.moml.MoMLSimpleApplication@3fe401d4
reloadAllAccessors: .DBDE

===========================================================================================
----------------- testing Sun Jun 23 20:48:18 UTC 2019 /home/travis/build/icyphy/ptII/ptolemy/actor/lib/test/auto/DateConstructor.xml
----------------- Instantiating /home/travis/build/icyphy/ptII/ptolemy/actor/lib/test/auto/DateConstructor.xml
30 ms. Memory: 523264K Free: 178185K (34%)
----------------- Invoking toplevel() on ptolemy.moml.MoMLSimpleApplication@72708d6c
----------------- Done invoking toplevel() on ptolemy.moml.MoMLSimpleApplication@72708d6c
reloadAllAccessors: .DateConstructor

===========================================================================================
----------------- testing Sun Jun 23 20:48:18 UTC 2019 /home/travis/build/icyphy/ptII/ptolemy/actor/lib/test/auto/DelayTime.xml
----------------- Instantiating /home/travis/build/icyphy/ptII/ptolemy/actor/lib/test/auto/DelayTime.xml
7 ms. Memory: 523264K Free: 173579K (33%)
----------------- Invoking toplevel() on ptolemy.moml.MoMLSimpleApplication@27956fb8
----------------- Done invoking toplevel() on ptolemy.moml.MoMLSimpleApplication@27956fb8
reloadAllAccessors: .DelayTime

===========================================================================================
----------------- testing Sun Jun 23 20:48:18 UTC 2019 /home/travis/build/icyphy/ptII/ptolemy/actor/lib/test/auto/Dictionary1.xml
----------------- Instantiating /home/travis/build/icyphy/ptII/ptolemy/actor/lib/test/auto/Dictionary1.xml
2 ms. Memory: 523264K Free: 167945K (32%)
----------------- Invoking toplevel() on ptolemy.moml.MoMLSimpleApplication@67760a5e
----------------- Done invoking toplevel() on ptolemy.moml.MoMLSimpleApplication@67760a5e
reloadAllAccessors: .Dictionary1

===========================================================================================
----------------- testing Sun Jun 23 20:48:18 UTC 2019 /home/travis/build/icyphy/ptII/ptolemy/actor/lib/test/auto/Dictionary2.xml
----------------- Instantiating /home/travis/build/icyphy/ptII/ptolemy/actor/lib/test/auto/Dictionary2.xml
1 ms. Memory: 523264K Free: 473436K (90%)
----------------- Invoking toplevel() on ptolemy.moml.MoMLSimpleApplication@61420732
----------------- Done invoking toplevel() on ptolemy.moml.MoMLSimpleApplication@61420732
reloadAllAccessors: .Dictionary2

===========================================================================================
----------------- testing Sun Jun 23 20:48:18 UTC 2019 /home/travis/build/icyphy/ptII/ptolemy/actor/lib/test/auto/Dictionary3.xml
----------------- Instantiating /home/travis/build/icyphy/ptII/ptolemy/actor/lib/test/auto/Dictionary3.xml
2 ms. Memory: 523264K Free: 467590K (89%)
----------------- Invoking toplevel() on ptolemy.moml.MoMLSimpleApplication@7039b9ef
----------------- Done invoking toplevel() on ptolemy.moml.MoMLSimpleApplication@7039b9ef
reloadAllAccessors: .Dictionary3

===========================================================================================
----------------- testing Sun Jun 23 20:48:18 UTC 2019 /home/travis/build/icyphy/ptII/ptolemy/actor/lib/test/auto/Dictionary4.xml
----------------- Instantiating /home/travis/build/icyphy/ptII/ptolemy/actor/lib/test/auto/Dictionary4.xml
3 ms. Memory: 523264K Free: 459912K (88%)
----------------- Invoking toplevel() on ptolemy.moml.MoMLSimpleApplication@289c57ee
----------------- Done invoking toplevel() on ptolemy.moml.MoMLSimpleApplication@289c57ee
reloadAllAccessors: .Dictionary4

===========================================================================================
----------------- testing Sun Jun 23 20:48:18 UTC 2019 /home/travis/build/icyphy/ptII/ptolemy/actor/lib/test/auto/Differential.xml
----------------- Instantiating /home/travis/build/icyphy/ptII/ptolemy/actor/lib/test/auto/Differential.xml
4 ms. Memory: 523264K Free: 455816K (87%)
----------------- Invoking toplevel() on ptolemy.moml.MoMLSimpleApplication@5c6efa45
----------------- Done invoking toplevel() on ptolemy.moml.MoMLSimpleApplication@5c6efa45
reloadAllAccessors: .Differential

===========================================================================================
----------------- testing Sun Jun 23 20:48:18 UTC 2019 /home/travis/build/icyphy/ptII/ptolemy/actor/lib/test/auto/Director.xml
----------------- Instantiating /home/travis/build/icyphy/ptII/ptolemy/actor/lib/test/auto/Director.xml
2 ms. Memory: 523264K Free: 452230K (86%)
----------------- Invoking toplevel() on ptolemy.moml.MoMLSimpleApplication@4366fb19
----------------- Done invoking toplevel() on ptolemy.moml.MoMLSimpleApplication@4366fb19
reloadAllAccessors: .Director

===========================================================================================
----------------- testing Sun Jun 23 20:48:18 UTC 2019 /home/travis/build/icyphy/ptII/ptolemy/actor/lib/test/auto/DiscreteClock.xml
----------------- Instantiating /home/travis/build/icyphy/ptII/ptolemy/actor/lib/test/auto/DiscreteClock.xml
1 ms. Memory: 523264K Free: 448134K (86%)
----------------- Invoking toplevel() on ptolemy.moml.MoMLSimpleApplication@1d7db058
----------------- Done invoking toplevel() on ptolemy.moml.MoMLSimpleApplication@1d7db058
reloadAllAccessors: .DiscreteClock

===========================================================================================
----------------- testing Sun Jun 23 20:48:18 UTC 2019 /home/travis/build/icyphy/ptII/ptolemy/actor/lib/test/auto/DiscreteClock10.xml
----------------- Instantiating /home/travis/build/icyphy/ptII/ptolemy/actor/lib/test/auto/DiscreteClock10.xml
4 ms. Memory: 523264K Free: 442504K (85%)
----------------- Invoking toplevel() on ptolemy.moml.MoMLSimpleApplication@6df3eddd
----------------- Done invoking toplevel() on ptolemy.moml.MoMLSimpleApplication@6df3eddd
reloadAllAccessors: .DiscreteClock10

===========================================================================================
----------------- testing Sun Jun 23 20:48:18 UTC 2019 /home/travis/build/icyphy/ptII/ptolemy/actor/lib/test/auto/DiscreteClock11.xml
----------------- Instantiating /home/travis/build/icyphy/ptII/ptolemy/actor/lib/test/auto/DiscreteClock11.xml
4 ms. Memory: 523264K Free: 436360K (83%)
----------------- Invoking toplevel() on ptolemy.moml.MoMLSimpleApplication@28ffae5d
----------------- Done invoking toplevel() on ptolemy.moml.MoMLSimpleApplication@28ffae5d
reloadAllAccessors: .DiscreteClock11

===========================================================================================
----------------- testing Sun Jun 23 20:48:18 UTC 2019 /home/travis/build/icyphy/ptII/ptolemy/actor/lib/test/auto/DiscreteClock12.xml
----------------- Instantiating /home/travis/build/icyphy/ptII/ptolemy/actor/lib/test/auto/DiscreteClock12.xml
3 ms. Memory: 523264K Free: 430216K (82%)
----------------- Invoking toplevel() on ptolemy.moml.MoMLSimpleApplication@5cb33448
----------------- Done invoking toplevel() on ptolemy.moml.MoMLSimpleApplication@5cb33448
reloadAllAccessors: .DiscreteClock12

===========================================================================================
----------------- testing Sun Jun 23 20:48:18 UTC 2019 /home/travis/build/icyphy/ptII/ptolemy/actor/lib/test/auto/DiscreteClock13.xml
----------------- Instantiating /home/travis/build/icyphy/ptII/ptolemy/actor/lib/test/auto/DiscreteClock13.xml
2 ms. Memory: 523264K Free: 424072K (81%)
----------------- Invoking toplevel() on ptolemy.moml.MoMLSimpleApplication@f07e6
----------------- Done invoking toplevel() on ptolemy.moml.MoMLSimpleApplication@f07e6
reloadAllAccessors: .DiscreteClock13

===========================================================================================
----------------- testing Sun Jun 23 20:48:18 UTC 2019 /home/travis/build/icyphy/ptII/ptolemy/actor/lib/test/auto/DiscreteClock14.xml
----------------- Instantiating /home/travis/build/icyphy/ptII/ptolemy/actor/lib/test/auto/DiscreteClock14.xml
2 ms. Memory: 523264K Free: 418405K (80%)
----------------- Invoking toplevel() on ptolemy.moml.MoMLSimpleApplication@2f677009
----------------- Done invoking toplevel() on ptolemy.moml.MoMLSimpleApplication@2f677009
reloadAllAccessors: .DiscreteClock14

===========================================================================================
----------------- testing Sun Jun 23 20:48:18 UTC 2019 /home/travis/build/icyphy/ptII/ptolemy/actor/lib/test/auto/DiscreteClock15.xml
----------------- Instantiating /home/travis/build/icyphy/ptII/ptolemy/actor/lib/test/auto/DiscreteClock15.xml
4 ms. Memory: 523264K Free: 412264K (79%)
----------------- Invoking toplevel() on ptolemy.moml.MoMLSimpleApplication@7a98ef94
----------------- Done invoking toplevel() on ptolemy.moml.MoMLSimpleApplication@7a98ef94
reloadAllAccessors: .DiscreteClock15

===========================================================================================
----------------- testing Sun Jun 23 20:48:18 UTC 2019 /home/travis/build/icyphy/ptII/ptolemy/actor/lib/test/auto/DiscreteClock16.xml
----------------- Instantiating /home/travis/build/icyphy/ptII/ptolemy/actor/lib/test/auto/DiscreteClock16.xml
17 ms. Memory: 523264K Free: 398472K (76%)
----------------- Invoking toplevel() on ptolemy.moml.MoMLSimpleApplication@660679ae
----------------- Done invoking toplevel() on ptolemy.moml.MoMLSimpleApplication@660679ae
reloadAllAccessors: .DiscreteClock16

===========================================================================================
----------------- testing Sun Jun 23 20:48:18 UTC 2019 /home/travis/build/icyphy/ptII/ptolemy/actor/lib/test/auto/DiscreteClock17.xml
----------------- Instantiating /home/travis/build/icyphy/ptII/ptolemy/actor/lib/test/auto/DiscreteClock17.xml
16 ms. Memory: 523264K Free: 383616K (73%)
----------------- Invoking toplevel() on ptolemy.moml.MoMLSimpleApplication@160ba907
----------------- Done invoking toplevel() on ptolemy.moml.MoMLSimpleApplication@160ba907
reloadAllAccessors: .DiscreteClock17

===========================================================================================
----------------- testing Sun Jun 23 20:48:18 UTC 2019 /home/travis/build/icyphy/ptII/ptolemy/actor/lib/test/auto/DiscreteClock18.xml
----------------- Instantiating /home/travis/build/icyphy/ptII/ptolemy/actor/lib/test/auto/DiscreteClock18.xml
26 ms. Memory: 523264K Free: 370310K (71%)
----------------- Invoking toplevel() on ptolemy.moml.MoMLSimpleApplication@1e13ac29
----------------- Done invoking toplevel() on ptolemy.moml.MoMLSimpleApplication@1e13ac29
reloadAllAccessors: .DiscreteClock18

===========================================================================================
----------------- testing Sun Jun 23 20:48:18 UTC 2019 /home/travis/build/icyphy/ptII/ptolemy/actor/lib/test/auto/DiscreteClock19.xml
----------------- Instantiating /home/travis/build/icyphy/ptII/ptolemy/actor/lib/test/auto/DiscreteClock19.xml
20 ms. Memory: 523264K Free: 356488K (68%)
----------------- Invoking toplevel() on ptolemy.moml.MoMLSimpleApplication@4e5d212d
----------------- Done invoking toplevel() on ptolemy.moml.MoMLSimpleApplication@4e5d212d
reloadAllAccessors: .DiscreteClock19

===========================================================================================
----------------- testing Sun Jun 23 20:48:18 UTC 2019 /home/travis/build/icyphy/ptII/ptolemy/actor/lib/test/auto/DiscreteClock2.xml
----------------- Instantiating /home/travis/build/icyphy/ptII/ptolemy/actor/lib/test/auto/DiscreteClock2.xml
5 ms. Memory: 523264K Free: 351368K (67%)
----------------- Invoking toplevel() on ptolemy.moml.MoMLSimpleApplication@4005fc
----------------- Done invoking toplevel() on ptolemy.moml.MoMLSimpleApplication@4005fc
reloadAllAccessors: .DiscreteClock2

===========================================================================================
----------------- testing Sun Jun 23 20:48:18 UTC 2019 /home/travis/build/icyphy/ptII/ptolemy/actor/lib/test/auto/DiscreteClock20.xml
----------------- Instantiating /home/travis/build/icyphy/ptII/ptolemy/actor/lib/test/auto/DiscreteClock20.xml
6 ms. Memory: 523264K Free: 345734K (66%)
----------------- Invoking toplevel() on ptolemy.moml.MoMLSimpleApplication@60f1718
----------------- Done invoking toplevel() on ptolemy.moml.MoMLSimpleApplication@60f1718
reloadAllAccessors: .DiscreteClock20

===========================================================================================
----------------- testing Sun Jun 23 20:48:18 UTC 2019 /home/travis/build/icyphy/ptII/ptolemy/actor/lib/test/auto/DiscreteClock21.xml
----------------- Instantiating /home/travis/build/icyphy/ptII/ptolemy/actor/lib/test/auto/DiscreteClock21.xml
4 ms. Memory: 523264K Free: 340614K (65%)
----------------- Invoking toplevel() on ptolemy.moml.MoMLSimpleApplication@247b832b
----------------- Done invoking toplevel() on ptolemy.moml.MoMLSimpleApplication@247b832b
reloadAllAccessors: .DiscreteClock21

===========================================================================================
----------------- testing Sun Jun 23 20:48:18 UTC 2019 /home/travis/build/icyphy/ptII/ptolemy/actor/lib/test/auto/DiscreteClock22.xml
----------------- Instantiating /home/travis/build/icyphy/ptII/ptolemy/actor/lib/test/auto/DiscreteClock22.xml
6 ms. Memory: 523264K Free: 334984K (64%)
----------------- Invoking toplevel() on ptolemy.moml.MoMLSimpleApplication@41e7b381
----------------- Done invoking toplevel() on ptolemy.moml.MoMLSimpleApplication@41e7b381
reloadAllAccessors: .DiscreteClock22

===========================================================================================
----------------- testing Sun Jun 23 20:48:18 UTC 2019 /home/travis/build/icyphy/ptII/ptolemy/actor/lib/test/auto/DiscreteClock23.xml
----------------- Instantiating /home/travis/build/icyphy/ptII/ptolemy/actor/lib/test/auto/DiscreteClock23.xml
11 ms. Memory: 523264K Free: 329350K (63%)
----------------- Invoking toplevel() on ptolemy.moml.MoMLSimpleApplication@2add74a0
----------------- Done invoking toplevel() on ptolemy.moml.MoMLSimpleApplication@2add74a0
reloadAllAccessors: .DiscreteClock23

===========================================================================================
----------------- testing Sun Jun 23 20:48:18 UTC 2019 /home/travis/build/icyphy/ptII/ptolemy/actor/lib/test/auto/DiscreteClock24.xml
----------------- Instantiating /home/travis/build/icyphy/ptII/ptolemy/actor/lib/test/auto/DiscreteClock24.xml
5 ms. Memory: 523264K Free: 323720K (62%)
----------------- Invoking toplevel() on ptolemy.moml.MoMLSimpleApplication@21479fb1
----------------- Done invoking toplevel() on ptolemy.moml.MoMLSimpleApplication@21479fb1
reloadAllAccessors: .DiscreteClock24

===========================================================================================
----------------- testing Sun Jun 23 20:48:18 UTC 2019 /home/travis/build/icyphy/ptII/ptolemy/actor/lib/test/auto/DiscreteClock4.xml
----------------- Instantiating /home/travis/build/icyphy/ptII/ptolemy/actor/lib/test/auto/DiscreteClock4.xml
4 ms. Memory: 523264K Free: 318600K (61%)
----------------- Invoking toplevel() on ptolemy.moml.MoMLSimpleApplication@692f3df1
----------------- Done invoking toplevel() on ptolemy.moml.MoMLSimpleApplication@692f3df1
reloadAllAccessors: .DiscreteClock4

===========================================================================================
----------------- testing Sun Jun 23 20:48:18 UTC 2019 /home/travis/build/icyphy/ptII/ptolemy/actor/lib/test/auto/DiscreteClock5.xml
----------------- Instantiating /home/travis/build/icyphy/ptII/ptolemy/actor/lib/test/auto/DiscreteClock5.xml
2 ms. Memory: 523264K Free: 312966K (60%)
----------------- Invoking toplevel() on ptolemy.moml.MoMLSimpleApplication@73296435
----------------- Done invoking toplevel() on ptolemy.moml.MoMLSimpleApplication@73296435
reloadAllAccessors: .DiscreteClock5

===========================================================================================
----------------- testing Sun Jun 23 20:48:18 UTC 2019 /home/travis/build/icyphy/ptII/ptolemy/actor/lib/test/auto/DiscreteClock6.xml
----------------- Instantiating /home/travis/build/icyphy/ptII/ptolemy/actor/lib/test/auto/DiscreteClock6.xml
2 ms. Memory: 523264K Free: 308360K (59%)
----------------- Invoking toplevel() on ptolemy.moml.MoMLSimpleApplication@2aee28a0
----------------- Done invoking toplevel() on ptolemy.moml.MoMLSimpleApplication@2aee28a0
reloadAllAccessors: .DiscreteClock6

===========================================================================================
----------------- testing Sun Jun 23 20:48:18 UTC 2019 /home/travis/build/icyphy/ptII/ptolemy/actor/lib/test/auto/DiscreteClock7.xml
----------------- Instantiating /home/travis/build/icyphy/ptII/ptolemy/actor/lib/test/auto/DiscreteClock7.xml
1 ms. Memory: 523264K Free: 303750K (58%)
----------------- Invoking toplevel() on ptolemy.moml.MoMLSimpleApplication@298a22b3
----------------- Done invoking toplevel() on ptolemy.moml.MoMLSimpleApplication@298a22b3
reloadAllAccessors: .DiscreteClock7

===========================================================================================
----------------- testing Sun Jun 23 20:48:18 UTC 2019 /home/travis/build/icyphy/ptII/ptolemy/actor/lib/test/auto/DiscreteClock8.xml
----------------- Instantiating /home/travis/build/icyphy/ptII/ptolemy/actor/lib/test/auto/DiscreteClock8.xml
4 ms. Memory: 523264K Free: 298120K (57%)
----------------- Invoking toplevel() on ptolemy.moml.MoMLSimpleApplication@58414ec1
----------------- Done invoking toplevel() on ptolemy.moml.MoMLSimpleApplication@58414ec1
reloadAllAccessors: .DiscreteClock8

===========================================================================================
----------------- testing Sun Jun 23 20:48:18 UTC 2019 /home/travis/build/icyphy/ptII/ptolemy/actor/lib/test/auto/DiscreteClock9.xml
----------------- Instantiating /home/travis/build/icyphy/ptII/ptolemy/actor/lib/test/auto/DiscreteClock9.xml
3 ms. Memory: 523264K Free: 293000K (56%)
----------------- Invoking toplevel() on ptolemy.moml.MoMLSimpleApplication@5a926404
----------------- Done invoking toplevel() on ptolemy.moml.MoMLSimpleApplication@5a926404
reloadAllAccessors: .DiscreteClock9

===========================================================================================
----------------- testing Sun Jun 23 20:48:18 UTC 2019 /home/travis/build/icyphy/ptII/ptolemy/actor/lib/test/auto/DisplayArray.xml
----------------- Instantiating /home/travis/build/icyphy/ptII/ptolemy/actor/lib/test/auto/DisplayArray.xml
2 ms. Memory: 523264K Free: 289414K (55%)
----------------- Invoking toplevel() on ptolemy.moml.MoMLSimpleApplication@1d25fd92
----------------- Done invoking toplevel() on ptolemy.moml.MoMLSimpleApplication@1d25fd92
reloadAllAccessors: .DisplayArray

===========================================================================================
----------------- testing Sun Jun 23 20:48:18 UTC 2019 /home/travis/build/icyphy/ptII/ptolemy/actor/lib/test/auto/Distributor.xml
----------------- Instantiating /home/travis/build/icyphy/ptII/ptolemy/actor/lib/test/auto/Distributor.xml
1 ms. Memory: 523264K Free: 284294K (54%)
----------------- Invoking toplevel() on ptolemy.moml.MoMLSimpleApplication@2fa68a60
----------------- Done invoking toplevel() on ptolemy.moml.MoMLSimpleApplication@2fa68a60
reloadAllAccessors: .Distributor

===========================================================================================
----------------- testing Sun Jun 23 20:48:19 UTC 2019 /home/travis/build/icyphy/ptII/ptolemy/actor/lib/test/auto/Distributor2.xml
----------------- Instantiating /home/travis/build/icyphy/ptII/ptolemy/actor/lib/test/auto/Distributor2.xml
1 ms. Memory: 523264K Free: 279174K (53%)
----------------- Invoking toplevel() on ptolemy.moml.MoMLSimpleApplication@309be28c
----------------- Done invoking toplevel() on ptolemy.moml.MoMLSimpleApplication@309be28c
reloadAllAccessors: .Distributor2

===========================================================================================
----------------- testing Sun Jun 23 20:48:19 UTC 2019 /home/travis/build/icyphy/ptII/ptolemy/actor/lib/test/auto/DownSample.xml
----------------- Instantiating /home/travis/build/icyphy/ptII/ptolemy/actor/lib/test/auto/DownSample.xml
1 ms. Memory: 523264K Free: 275078K (53%)
----------------- Invoking toplevel() on ptolemy.moml.MoMLSimpleApplication@48a9e7d3
----------------- Done invoking toplevel() on ptolemy.moml.MoMLSimpleApplication@48a9e7d3
reloadAllAccessors: .DownSample

===========================================================================================
----------------- testing Sun Jun 23 20:48:19 UTC 2019 /home/travis/build/icyphy/ptII/ptolemy/actor/lib/test/auto/ElectronicUnitBase1.xml
----------------- Instantiating /home/travis/build/icyphy/ptII/ptolemy/actor/lib/test/auto/ElectronicUnitBase1.xml
16 ms. Memory: 523264K Free: 259208K (50%)
----------------- Invoking toplevel() on ptolemy.moml.MoMLSimpleApplication@118e172c
----------------- Done invoking toplevel() on ptolemy.moml.MoMLSimpleApplication@118e172c
reloadAllAccessors: .ElectronicUnitBase1

===========================================================================================
----------------- testing Sun Jun 23 20:48:19 UTC 2019 /home/travis/build/icyphy/ptII/ptolemy/actor/lib/test/auto/ElementsToArray.xml
----------------- Instantiating /home/travis/build/icyphy/ptII/ptolemy/actor/lib/test/auto/ElementsToArray.xml
2 ms. Memory: 523264K Free: 254088K (49%)
----------------- Invoking toplevel() on ptolemy.moml.MoMLSimpleApplication@783f3e4e
----------------- Done invoking toplevel() on ptolemy.moml.MoMLSimpleApplication@783f3e4e
reloadAllAccessors: .ElementsToArray

===========================================================================================
----------------- testing Sun Jun 23 20:48:19 UTC 2019 /home/travis/build/icyphy/ptII/ptolemy/actor/lib/test/auto/Equals.xml
----------------- Instantiating /home/travis/build/icyphy/ptII/ptolemy/actor/lib/test/auto/Equals.xml
3 ms. Memory: 523264K Free: 249478K (48%)
----------------- Invoking toplevel() on ptolemy.moml.MoMLSimpleApplication@503adb1
----------------- Done invoking toplevel() on ptolemy.moml.MoMLSimpleApplication@503adb1
reloadAllAccessors: .Equals

===========================================================================================
----------------- testing Sun Jun 23 20:48:19 UTC 2019 /home/travis/build/icyphy/ptII/ptolemy/actor/lib/test/auto/Exec.xml
----------------- Instantiating /home/travis/build/icyphy/ptII/ptolemy/actor/lib/test/auto/Exec.xml
21 ms. Memory: 523264K Free: 243334K (47%)
----------------- Invoking toplevel() on ptolemy.moml.MoMLSimpleApplication@2f8a74c0
----------------- Done invoking toplevel() on ptolemy.moml.MoMLSimpleApplication@2f8a74c0
reloadAllAccessors: .Exec

===========================================================================================
----------------- testing Sun Jun 23 20:48:19 UTC 2019 /home/travis/build/icyphy/ptII/ptolemy/actor/lib/test/auto/ExecEnvironment.xml
----------------- Instantiating /home/travis/build/icyphy/ptII/ptolemy/actor/lib/test/auto/ExecEnvironment.xml
33 ms. Memory: 523264K Free: 237704K (45%)
----------------- Invoking toplevel() on ptolemy.moml.MoMLSimpleApplication@7547e575
----------------- Done invoking toplevel() on ptolemy.moml.MoMLSimpleApplication@7547e575
reloadAllAccessors: .ExecEnvironment

===========================================================================================
----------------- testing Sun Jun 23 20:48:19 UTC 2019 /home/travis/build/icyphy/ptII/ptolemy/actor/lib/test/auto/ExecNonZeroReturnOutput.xml
----------------- Instantiating /home/travis/build/icyphy/ptII/ptolemy/actor/lib/test/auto/ExecNonZeroReturnOutput.xml
182 ms. Memory: 523264K Free: 226950K (43%)
----------------- Invoking toplevel() on ptolemy.moml.MoMLSimpleApplication@3f486bfd
----------------- Done invoking toplevel() on ptolemy.moml.MoMLSimpleApplication@3f486bfd
reloadAllAccessors: .ExecNonZeroReturnOutput

===========================================================================================
----------------- testing Sun Jun 23 20:48:19 UTC 2019 /home/travis/build/icyphy/ptII/ptolemy/actor/lib/test/auto/ExecRunDemos.xml
----------------- Instantiating /home/travis/build/icyphy/ptII/ptolemy/actor/lib/test/auto/ExecRunDemos.xml
11178 ms. Memory: 523264K Free: 206984K (40%)

===========================================================================================
----------------- testing Sun Jun 23 20:48:30 UTC 2019 /home/travis/build/icyphy/ptII/ptolemy/actor/lib/test/auto/ExecStop.xml
----------------- Instantiating /home/travis/build/icyphy/ptII/ptolemy/actor/lib/test/auto/ExecStop.xml
5015 ms. Memory: 523264K Free: 379787K (73%)
----------------- Invoking toplevel() on ptolemy.moml.MoMLSimpleApplication@6a7a0eb8
----------------- Done invoking toplevel() on ptolemy.moml.MoMLSimpleApplication@6a7a0eb8
reloadAllAccessors: .ExecStop

===========================================================================================
----------------- testing Sun Jun 23 20:48:35 UTC 2019 /home/travis/build/icyphy/ptII/ptolemy/actor/lib/test/auto/ExecutionTimeSDF.xml
----------------- Instantiating /home/travis/build/icyphy/ptII/ptolemy/actor/lib/test/auto/ExecutionTimeSDF.xml
Fired ExecutionTime: -2070567296
Fired ExecutionTime: 1056000000
Fired ExecutionTime: -1682967296
6006 ms. Memory: 523264K Free: 367525K (70%)
----------------- Invoking toplevel() on ptolemy.moml.MoMLSimpleApplication@63ff9e6d
----------------- Done invoking toplevel() on ptolemy.moml.MoMLSimpleApplication@63ff9e6d
reloadAllAccessors: .ExecutionTimeSDF

===========================================================================================
----------------- testing Sun Jun 23 20:48:41 UTC 2019 /home/travis/build/icyphy/ptII/ptolemy/actor/lib/test/auto/Expression1.xml
----------------- Instantiating /home/travis/build/icyphy/ptII/ptolemy/actor/lib/test/auto/Expression1.xml
1 ms. Memory: 523264K Free: 363957K (70%)
----------------- Invoking toplevel() on ptolemy.moml.MoMLSimpleApplication@4eee384a
----------------- Done invoking toplevel() on ptolemy.moml.MoMLSimpleApplication@4eee384a
reloadAllAccessors: .Expression1

===========================================================================================
----------------- testing Sun Jun 23 20:48:41 UTC 2019 /home/travis/build/icyphy/ptII/ptolemy/actor/lib/test/auto/Expression10.xml
----------------- Instantiating /home/travis/build/icyphy/ptII/ptolemy/actor/lib/test/auto/Expression10.xml
6 ms. Memory: 523264K Free: 358837K (69%)
----------------- Invoking toplevel() on ptolemy.moml.MoMLSimpleApplication@a5bea60
----------------- Done invoking toplevel() on ptolemy.moml.MoMLSimpleApplication@a5bea60
reloadAllAccessors: .Expression10

===========================================================================================
----------------- testing Sun Jun 23 20:48:41 UTC 2019 /home/travis/build/icyphy/ptII/ptolemy/actor/lib/test/auto/Expression11.xml
----------------- Instantiating /home/travis/build/icyphy/ptII/ptolemy/actor/lib/test/auto/Expression11.xml
2 ms. Memory: 523264K Free: 354227K (68%)
----------------- Invoking toplevel() on ptolemy.moml.MoMLSimpleApplication@4c36ed1d
----------------- Done invoking toplevel() on ptolemy.moml.MoMLSimpleApplication@4c36ed1d
reloadAllAccessors: .Expression11

===========================================================================================
----------------- testing Sun Jun 23 20:48:41 UTC 2019 /home/travis/build/icyphy/ptII/ptolemy/actor/lib/test/auto/Expression12.xml
----------------- Instantiating /home/travis/build/icyphy/ptII/ptolemy/actor/lib/test/auto/Expression12.xml
3 ms. Memory: 523264K Free: 349107K (67%)
----------------- Invoking toplevel() on ptolemy.moml.MoMLSimpleApplication@1828fb88
----------------- Done invoking toplevel() on ptolemy.moml.MoMLSimpleApplication@1828fb88
reloadAllAccessors: .Expression12

===========================================================================================
----------------- testing Sun Jun 23 20:48:41 UTC 2019 /home/travis/build/icyphy/ptII/ptolemy/actor/lib/test/auto/Expression13.xml
----------------- Instantiating /home/travis/build/icyphy/ptII/ptolemy/actor/lib/test/auto/Expression13.xml
5 ms. Memory: 523264K Free: 343987K (66%)
----------------- Invoking toplevel() on ptolemy.moml.MoMLSimpleApplication@7f2663c
----------------- Done invoking toplevel() on ptolemy.moml.MoMLSimpleApplication@7f2663c
reloadAllAccessors: .Expression13

===========================================================================================
----------------- testing Sun Jun 23 20:48:41 UTC 2019 /home/travis/build/icyphy/ptII/ptolemy/actor/lib/test/auto/Expression14.xml
----------------- Instantiating /home/travis/build/icyphy/ptII/ptolemy/actor/lib/test/auto/Expression14.xml
7 ms. Memory: 523264K Free: 337843K (65%)
----------------- Invoking toplevel() on ptolemy.moml.MoMLSimpleApplication@fc1d4ea
----------------- Done invoking toplevel() on ptolemy.moml.MoMLSimpleApplication@fc1d4ea
reloadAllAccessors: .Expression14

===========================================================================================
----------------- testing Sun Jun 23 20:48:41 UTC 2019 /home/travis/build/icyphy/ptII/ptolemy/actor/lib/test/auto/Expression15.xml
----------------- Instantiating /home/travis/build/icyphy/ptII/ptolemy/actor/lib/test/auto/Expression15.xml
2 ms. Memory: 523264K Free: 334261K (64%)
----------------- Invoking toplevel() on ptolemy.moml.MoMLSimpleApplication@1ff483dc
----------------- Done invoking toplevel() on ptolemy.moml.MoMLSimpleApplication@1ff483dc
reloadAllAccessors: .Expression15

===========================================================================================
----------------- testing Sun Jun 23 20:48:41 UTC 2019 /home/travis/build/icyphy/ptII/ptolemy/actor/lib/test/auto/Expression16.xml
----------------- Instantiating /home/travis/build/icyphy/ptII/ptolemy/actor/lib/test/auto/Expression16.xml
6 ms. Memory: 523264K Free: 329141K (63%)
----------------- Invoking toplevel() on ptolemy.moml.MoMLSimpleApplication@748f7f47
----------------- Done invoking toplevel() on ptolemy.moml.MoMLSimpleApplication@748f7f47
reloadAllAccessors: .Expression16

===========================================================================================
----------------- testing Sun Jun 23 20:48:41 UTC 2019 /home/travis/build/icyphy/ptII/ptolemy/actor/lib/test/auto/Expression17.xml
----------------- Instantiating /home/travis/build/icyphy/ptII/ptolemy/actor/lib/test/auto/Expression17.xml
6 ms. Memory: 523264K Free: 324531K (62%)
----------------- Invoking toplevel() on ptolemy.moml.MoMLSimpleApplication@4786e04
----------------- Done invoking toplevel() on ptolemy.moml.MoMLSimpleApplication@4786e04
reloadAllAccessors: .Expression17

===========================================================================================
----------------- testing Sun Jun 23 20:48:41 UTC 2019 /home/travis/build/icyphy/ptII/ptolemy/actor/lib/test/auto/Expression18.xml
----------------- Instantiating /home/travis/build/icyphy/ptII/ptolemy/actor/lib/test/auto/Expression18.xml
3 ms. Memory: 523264K Free: 319411K (61%)
----------------- Invoking toplevel() on ptolemy.moml.MoMLSimpleApplication@335ea604
----------------- Done invoking toplevel() on ptolemy.moml.MoMLSimpleApplication@335ea604
reloadAllAccessors: .Expression18

===========================================================================================
----------------- testing Sun Jun 23 20:48:41 UTC 2019 /home/travis/build/icyphy/ptII/ptolemy/actor/lib/test/auto/Expression2.xml
----------------- Instantiating /home/travis/build/icyphy/ptII/ptolemy/actor/lib/test/auto/Expression2.xml
3 ms. Memory: 523264K Free: 314291K (60%)
----------------- Invoking toplevel() on ptolemy.moml.MoMLSimpleApplication@c1735e9
----------------- Done invoking toplevel() on ptolemy.moml.MoMLSimpleApplication@c1735e9
reloadAllAccessors: .Expression2

===========================================================================================
----------------- testing Sun Jun 23 20:48:41 UTC 2019 /home/travis/build/icyphy/ptII/ptolemy/actor/lib/test/auto/Expression3.xml
----------------- Instantiating /home/travis/build/icyphy/ptII/ptolemy/actor/lib/test/auto/Expression3.xml
6 ms. Memory: 523264K Free: 309685K (59%)
----------------- Invoking toplevel() on ptolemy.moml.MoMLSimpleApplication@18bcc889
----------------- Done invoking toplevel() on ptolemy.moml.MoMLSimpleApplication@18bcc889
reloadAllAccessors: .Expression3

===========================================================================================
----------------- testing Sun Jun 23 20:48:41 UTC 2019 /home/travis/build/icyphy/ptII/ptolemy/actor/lib/test/auto/Expression4.xml
----------------- Instantiating /home/travis/build/icyphy/ptII/ptolemy/actor/lib/test/auto/Expression4.xml
7 ms. Memory: 523264K Free: 301989K (58%)
----------------- Invoking toplevel() on ptolemy.moml.MoMLSimpleApplication@4c4f39bb
----------------- Done invoking toplevel() on ptolemy.moml.MoMLSimpleApplication@4c4f39bb
reloadAllAccessors: .Expression4

===========================================================================================
----------------- testing Sun Jun 23 20:48:42 UTC 2019 /home/travis/build/icyphy/ptII/ptolemy/actor/lib/test/auto/Expression5.xml
----------------- Instantiating /home/travis/build/icyphy/ptII/ptolemy/actor/lib/test/auto/Expression5.xml
6 ms. Memory: 523264K Free: 296883K (57%)
----------------- Invoking toplevel() on ptolemy.moml.MoMLSimpleApplication@296e9b05
----------------- Done invoking toplevel() on ptolemy.moml.MoMLSimpleApplication@296e9b05
reloadAllAccessors: .Expression5

===========================================================================================
----------------- testing Sun Jun 23 20:48:42 UTC 2019 /home/travis/build/icyphy/ptII/ptolemy/actor/lib/test/auto/Expression6.xml
----------------- Instantiating /home/travis/build/icyphy/ptII/ptolemy/actor/lib/test/auto/Expression6.xml
2 ms. Memory: 523264K Free: 292787K (56%)
----------------- Invoking toplevel() on ptolemy.moml.MoMLSimpleApplication@7687376
----------------- Done invoking toplevel() on ptolemy.moml.MoMLSimpleApplication@7687376
reloadAllAccessors: .Expression6

===========================================================================================
----------------- testing Sun Jun 23 20:48:42 UTC 2019 /home/travis/build/icyphy/ptII/ptolemy/actor/lib/test/auto/Expression7.xml
----------------- Instantiating /home/travis/build/icyphy/ptII/ptolemy/actor/lib/test/auto/Expression7.xml
3 ms. Memory: 523264K Free: 287667K (55%)
----------------- Invoking toplevel() on ptolemy.moml.MoMLSimpleApplication@2ac88bc6
----------------- Done invoking toplevel() on ptolemy.moml.MoMLSimpleApplication@2ac88bc6
reloadAllAccessors: .Expression7

===========================================================================================
----------------- testing Sun Jun 23 20:48:42 UTC 2019 /home/travis/build/icyphy/ptII/ptolemy/actor/lib/test/auto/Expression8.xml
----------------- Instantiating /home/travis/build/icyphy/ptII/ptolemy/actor/lib/test/auto/Expression8.xml
9 ms. Memory: 523264K Free: 283061K (54%)
----------------- Invoking toplevel() on ptolemy.moml.MoMLSimpleApplication@4524ecf0
----------------- Done invoking toplevel() on ptolemy.moml.MoMLSimpleApplication@4524ecf0
reloadAllAccessors: .Expression8

===========================================================================================
----------------- testing Sun Jun 23 20:48:42 UTC 2019 /home/travis/build/icyphy/ptII/ptolemy/actor/lib/test/auto/Expression9.xml
----------------- Instantiating /home/travis/build/icyphy/ptII/ptolemy/actor/lib/test/auto/Expression9.xml
1 ms. Memory: 523264K Free: 278965K (53%)
----------------- Invoking toplevel() on ptolemy.moml.MoMLSimpleApplication@7806533
----------------- Done invoking toplevel() on ptolemy.moml.MoMLSimpleApplication@7806533
reloadAllAccessors: .Expression9

===========================================================================================
----------------- testing Sun Jun 23 20:48:42 UTC 2019 /home/travis/build/icyphy/ptII/ptolemy/actor/lib/test/auto/ExpressionConcatenateArrayType.xml
----------------- Instantiating /home/travis/build/icyphy/ptII/ptolemy/actor/lib/test/auto/ExpressionConcatenateArrayType.xml
3 ms. Memory: 523264K Free: 272307K (52%)
----------------- Invoking toplevel() on ptolemy.moml.MoMLSimpleApplication@2a9b2429
----------------- Done invoking toplevel() on ptolemy.moml.MoMLSimpleApplication@2a9b2429
reloadAllAccessors: .ExpressionConcatenateArrayType

===========================================================================================
----------------- testing Sun Jun 23 20:48:42 UTC 2019 /home/travis/build/icyphy/ptII/ptolemy/actor/lib/test/auto/ExpressionConcatenateArrayType2.xml
----------------- Instantiating /home/travis/build/icyphy/ptII/ptolemy/actor/lib/test/auto/ExpressionConcatenateArrayType2.xml
2 ms. Memory: 523264K Free: 267187K (51%)
----------------- Invoking toplevel() on ptolemy.moml.MoMLSimpleApplication@2ca927e5
----------------- Done invoking toplevel() on ptolemy.moml.MoMLSimpleApplication@2ca927e5
reloadAllAccessors: .ExpressionConcatenateArrayType2

===========================================================================================
----------------- testing Sun Jun 23 20:48:42 UTC 2019 /home/travis/build/icyphy/ptII/ptolemy/actor/lib/test/auto/ExpressionFix.xml
----------------- Instantiating /home/travis/build/icyphy/ptII/ptolemy/actor/lib/test/auto/ExpressionFix.xml
25 ms. Memory: 523264K Free: 260533K (50%)
----------------- Invoking toplevel() on ptolemy.moml.MoMLSimpleApplication@7eb2faa6
----------------- Done invoking toplevel() on ptolemy.moml.MoMLSimpleApplication@7eb2faa6
reloadAllAccessors: .ExpressionFix

===========================================================================================
----------------- testing Sun Jun 23 20:48:42 UTC 2019 /home/travis/build/icyphy/ptII/ptolemy/actor/lib/test/auto/ExpressionFix2.xml
----------------- Instantiating /home/travis/build/icyphy/ptII/ptolemy/actor/lib/test/auto/ExpressionFix2.xml
3 ms. Memory: 523264K Free: 256437K (49%)
----------------- Invoking toplevel() on ptolemy.moml.MoMLSimpleApplication@6ba35bf1
----------------- Done invoking toplevel() on ptolemy.moml.MoMLSimpleApplication@6ba35bf1
reloadAllAccessors: .ExpressionFix2

===========================================================================================
----------------- testing Sun Jun 23 20:48:42 UTC 2019 /home/travis/build/icyphy/ptII/ptolemy/actor/lib/test/auto/ExpressionFix3.xml
----------------- Instantiating /home/travis/build/icyphy/ptII/ptolemy/actor/lib/test/auto/ExpressionFix3.xml
4 ms. Memory: 523264K Free: 252341K (48%)
----------------- Invoking toplevel() on ptolemy.moml.MoMLSimpleApplication@4a479813
----------------- Done invoking toplevel() on ptolemy.moml.MoMLSimpleApplication@4a479813
reloadAllAccessors: .ExpressionFix3

===========================================================================================
----------------- testing Sun Jun 23 20:48:42 UTC 2019 /home/travis/build/icyphy/ptII/ptolemy/actor/lib/test/auto/FileWriter1.xml
----------------- Instantiating /home/travis/build/icyphy/ptII/ptolemy/actor/lib/test/auto/FileWriter1.xml
1 ms. Memory: 523264K Free: 248245K (47%)
----------------- Invoking toplevel() on ptolemy.moml.MoMLSimpleApplication@7b2ff73
----------------- Done invoking toplevel() on ptolemy.moml.MoMLSimpleApplication@7b2ff73
reloadAllAccessors: .FileWriter1

===========================================================================================
----------------- testing Sun Jun 23 20:48:42 UTC 2019 /home/travis/build/icyphy/ptII/ptolemy/actor/lib/test/auto/FileWriter2.xml
----------------- Instantiating /home/travis/build/icyphy/ptII/ptolemy/actor/lib/test/auto/FileWriter2.xml
6 ms. Memory: 523264K Free: 243621K (47%)
----------------- Invoking toplevel() on ptolemy.moml.MoMLSimpleApplication@53d36374
----------------- Done invoking toplevel() on ptolemy.moml.MoMLSimpleApplication@53d36374
reloadAllAccessors: .FileWriter2

===========================================================================================
----------------- testing Sun Jun 23 20:48:42 UTC 2019 /home/travis/build/icyphy/ptII/ptolemy/actor/lib/test/auto/FileWriter3.xml
----------------- Instantiating /home/travis/build/icyphy/ptII/ptolemy/actor/lib/test/auto/FileWriter3.xml
5 ms. Memory: 523264K Free: 240053K (46%)
----------------- Invoking toplevel() on ptolemy.moml.MoMLSimpleApplication@b259ba7
----------------- Done invoking toplevel() on ptolemy.moml.MoMLSimpleApplication@b259ba7
reloadAllAccessors: .FileWriter3

===========================================================================================
----------------- testing Sun Jun 23 20:48:42 UTC 2019 /home/travis/build/icyphy/ptII/ptolemy/actor/lib/test/auto/Gaussian.xml
----------------- Instantiating /home/travis/build/icyphy/ptII/ptolemy/actor/lib/test/auto/Gaussian.xml
3 ms. Memory: 523264K Free: 235429K (45%)
----------------- Invoking toplevel() on ptolemy.moml.MoMLSimpleApplication@3fd45189
----------------- Done invoking toplevel() on ptolemy.moml.MoMLSimpleApplication@3fd45189
reloadAllAccessors: .Gaussian

===========================================================================================
----------------- testing Sun Jun 23 20:48:42 UTC 2019 /home/travis/build/icyphy/ptII/ptolemy/actor/lib/test/auto/Gaussian1.xml
----------------- Instantiating /home/travis/build/icyphy/ptII/ptolemy/actor/lib/test/auto/Gaussian1.xml
2 ms. Memory: 523264K Free: 229813K (44%)
----------------- Invoking toplevel() on ptolemy.moml.MoMLSimpleApplication@46bee329
----------------- Done invoking toplevel() on ptolemy.moml.MoMLSimpleApplication@46bee329
reloadAllAccessors: .Gaussian1

===========================================================================================
----------------- testing Sun Jun 23 20:48:42 UTC 2019 /home/travis/build/icyphy/ptII/ptolemy/actor/lib/test/auto/Gaussian2.xml
----------------- Instantiating /home/travis/build/icyphy/ptII/ptolemy/actor/lib/test/auto/Gaussian2.xml
2 ms. Memory: 523264K Free: 224693K (43%)
----------------- Invoking toplevel() on ptolemy.moml.MoMLSimpleApplication@30ad9cf2
----------------- Done invoking toplevel() on ptolemy.moml.MoMLSimpleApplication@30ad9cf2
reloadAllAccessors: .Gaussian2

===========================================================================================
----------------- testing Sun Jun 23 20:48:42 UTC 2019 /home/travis/build/icyphy/ptII/ptolemy/actor/lib/test/auto/GradientAdaptiveLattice.xml
----------------- Instantiating /home/travis/build/icyphy/ptII/ptolemy/actor/lib/test/auto/GradientAdaptiveLattice.xml
11 ms. Memory: 523264K Free: 219573K (42%)
----------------- Invoking toplevel() on ptolemy.moml.MoMLSimpleApplication@4439e3a6
----------------- Done invoking toplevel() on ptolemy.moml.MoMLSimpleApplication@4439e3a6
reloadAllAccessors: .GradientAdaptiveLattice

===========================================================================================
----------------- testing Sun Jun 23 20:48:42 UTC 2019 /home/travis/build/icyphy/ptII/ptolemy/actor/lib/test/auto/IIR.xml
----------------- Instantiating /home/travis/build/icyphy/ptII/ptolemy/actor/lib/test/auto/IIR.xml
2 ms. Memory: 523264K Free: 214963K (41%)
----------------- Invoking toplevel() on ptolemy.moml.MoMLSimpleApplication@47cac068
----------------- Done invoking toplevel() on ptolemy.moml.MoMLSimpleApplication@47cac068
reloadAllAccessors: .IIR

===========================================================================================
----------------- testing Sun Jun 23 20:48:42 UTC 2019 /home/travis/build/icyphy/ptII/ptolemy/actor/lib/test/auto/InputOutputTransparentPorts.xml
----------------- Instantiating /home/travis/build/icyphy/ptII/ptolemy/actor/lib/test/auto/InputOutputTransparentPorts.xml
2 ms. Memory: 523264K Free: 207795K (40%)
----------------- Invoking toplevel() on ptolemy.moml.MoMLSimpleApplication@51d54561
----------------- Done invoking toplevel() on ptolemy.moml.MoMLSimpleApplication@51d54561
reloadAllAccessors: .InputOutputTransparentPorts

===========================================================================================
----------------- testing Sun Jun 23 20:48:42 UTC 2019 /home/travis/build/icyphy/ptII/ptolemy/actor/lib/test/auto/Interpolator.xml
----------------- Instantiating /home/travis/build/icyphy/ptII/ptolemy/actor/lib/test/auto/Interpolator.xml
5 ms. Memory: 523264K Free: 203699K (39%)
----------------- Invoking toplevel() on ptolemy.moml.MoMLSimpleApplication@1c6a5c4d
----------------- Done invoking toplevel() on ptolemy.moml.MoMLSimpleApplication@1c6a5c4d
reloadAllAccessors: .Interpolator

===========================================================================================
----------------- testing Sun Jun 23 20:48:42 UTC 2019 /home/travis/build/icyphy/ptII/ptolemy/actor/lib/test/auto/InterpolatorFiringLimitDE.xml
----------------- Instantiating /home/travis/build/icyphy/ptII/ptolemy/actor/lib/test/auto/InterpolatorFiringLimitDE.xml
2 ms. Memory: 523264K Free: 197045K (38%)
----------------- Invoking toplevel() on ptolemy.moml.MoMLSimpleApplication@50ed8d27
----------------- Done invoking toplevel() on ptolemy.moml.MoMLSimpleApplication@50ed8d27
reloadAllAccessors: .InterpolatorFiringLimitDE

===========================================================================================
----------------- testing Sun Jun 23 20:48:42 UTC 2019 /home/travis/build/icyphy/ptII/ptolemy/actor/lib/test/auto/Lattice.xml
----------------- Instantiating /home/travis/build/icyphy/ptII/ptolemy/actor/lib/test/auto/Lattice.xml
1 ms. Memory: 523264K Free: 193459K (37%)
----------------- Invoking toplevel() on ptolemy.moml.MoMLSimpleApplication@16bca602
----------------- Done invoking toplevel() on ptolemy.moml.MoMLSimpleApplication@16bca602
reloadAllAccessors: .Lattice

===========================================================================================
----------------- testing Sun Jun 23 20:48:42 UTC 2019 /home/travis/build/icyphy/ptII/ptolemy/actor/lib/test/auto/LazyAOCTestLazy.xml
----------------- Instantiating /home/travis/build/icyphy/ptII/ptolemy/actor/lib/test/auto/LazyAOCTestLazy.xml
19 ms. Memory: 523264K Free: 187315K (36%)
----------------- Invoking toplevel() on ptolemy.moml.MoMLSimpleApplication@20581159
----------------- Done invoking toplevel() on ptolemy.moml.MoMLSimpleApplication@20581159
reloadAllAccessors: .LazyAOCTestLazy

===========================================================================================
----------------- testing Sun Jun 23 20:48:42 UTC 2019 /home/travis/build/icyphy/ptII/ptolemy/actor/lib/test/auto/LazyAOCTestNonLazy.xml
----------------- Instantiating /home/travis/build/icyphy/ptII/ptolemy/actor/lib/test/auto/LazyAOCTestNonLazy.xml
2 ms. Memory: 523264K Free: 180661K (35%)
----------------- Invoking toplevel() on ptolemy.moml.MoMLSimpleApplication@164362a9
----------------- Done invoking toplevel() on ptolemy.moml.MoMLSimpleApplication@164362a9
reloadAllAccessors: .LazyAOCTestNonLazy

===========================================================================================
----------------- testing Sun Jun 23 20:48:42 UTC 2019 /home/travis/build/icyphy/ptII/ptolemy/actor/lib/test/auto/LazyInnerClass.xml
----------------- Instantiating /home/travis/build/icyphy/ptII/ptolemy/actor/lib/test/auto/LazyInnerClass.xml
19 ms. Memory: 523264K Free: 172469K (33%)
----------------- Invoking toplevel() on ptolemy.moml.MoMLSimpleApplication@4c393e8c
----------------- Done invoking toplevel() on ptolemy.moml.MoMLSimpleApplication@4c393e8c
reloadAllAccessors: .LazyInnerClass

===========================================================================================
----------------- testing Sun Jun 23 20:48:42 UTC 2019 /home/travis/build/icyphy/ptII/ptolemy/actor/lib/test/auto/LazyPubSub.xml
----------------- Instantiating /home/travis/build/icyphy/ptII/ptolemy/actor/lib/test/auto/LazyPubSub.xml
26 ms. Memory: 523264K Free: 473033K (90%)
----------------- Invoking toplevel() on ptolemy.moml.MoMLSimpleApplication@2547a65a
----------------- Done invoking toplevel() on ptolemy.moml.MoMLSimpleApplication@2547a65a
reloadAllAccessors: .LazyPubSub

===========================================================================================
----------------- testing Sun Jun 23 20:48:42 UTC 2019 /home/travis/build/icyphy/ptII/ptolemy/actor/lib/test/auto/LazyPubSub2.xml
----------------- Instantiating /home/travis/build/icyphy/ptII/ptolemy/actor/lib/test/auto/LazyPubSub2.xml
15 ms. Memory: 523264K Free: 462368K (88%)
----------------- Invoking toplevel() on ptolemy.moml.MoMLSimpleApplication@1fc4184a
----------------- Done invoking toplevel() on ptolemy.moml.MoMLSimpleApplication@1fc4184a
reloadAllAccessors: .LazyPubSub2

===========================================================================================
----------------- testing Sun Jun 23 20:48:42 UTC 2019 /home/travis/build/icyphy/ptII/ptolemy/actor/lib/test/auto/LazyPubSub3.xml
----------------- Instantiating /home/travis/build/icyphy/ptII/ptolemy/actor/lib/test/auto/LazyPubSub3.xml
13 ms. Memory: 523264K Free: 452128K (86%)
----------------- Invoking toplevel() on ptolemy.moml.MoMLSimpleApplication@1392a886
----------------- Done invoking toplevel() on ptolemy.moml.MoMLSimpleApplication@1392a886
reloadAllAccessors: .LazyPubSub3

===========================================================================================
----------------- testing Sun Jun 23 20:48:42 UTC 2019 /home/travis/build/icyphy/ptII/ptolemy/actor/lib/test/auto/LazySubClassModel.xml
----------------- Instantiating /home/travis/build/icyphy/ptII/ptolemy/actor/lib/test/auto/LazySubClassModel.xml
2 ms. Memory: 523264K Free: 443422K (85%)
----------------- Invoking toplevel() on ptolemy.moml.MoMLSimpleApplication@16a5fda7
----------------- Done invoking toplevel() on ptolemy.moml.MoMLSimpleApplication@16a5fda7
reloadAllAccessors: .LazySubClassModel

===========================================================================================
----------------- testing Sun Jun 23 20:48:42 UTC 2019 /home/travis/build/icyphy/ptII/ptolemy/actor/lib/test/auto/LevelCrossTest1.xml
----------------- Instantiating /home/travis/build/icyphy/ptII/ptolemy/actor/lib/test/auto/LevelCrossTest1.xml
1 ms. Memory: 523264K Free: 437278K (84%)
----------------- Invoking toplevel() on ptolemy.moml.MoMLSimpleApplication@78e91c30
----------------- Done invoking toplevel() on ptolemy.moml.MoMLSimpleApplication@78e91c30
reloadAllAccessors: .broken

===========================================================================================
----------------- testing Sun Jun 23 20:48:42 UTC 2019 /home/travis/build/icyphy/ptII/ptolemy/actor/lib/test/auto/LevelCrossTest10.xml
----------------- Instantiating /home/travis/build/icyphy/ptII/ptolemy/actor/lib/test/auto/LevelCrossTest10.xml
1 ms. Memory: 523264K Free: 429600K (82%)
----------------- Invoking toplevel() on ptolemy.moml.MoMLSimpleApplication@6b9f3e32
----------------- Done invoking toplevel() on ptolemy.moml.MoMLSimpleApplication@6b9f3e32
reloadAllAccessors: .LevelCrossTest10

===========================================================================================
----------------- testing Sun Jun 23 20:48:42 UTC 2019 /home/travis/build/icyphy/ptII/ptolemy/actor/lib/test/auto/LevelCrossTest11.xml
----------------- Instantiating /home/travis/build/icyphy/ptII/ptolemy/actor/lib/test/auto/LevelCrossTest11.xml
1 ms. Memory: 523264K Free: 423456K (81%)
----------------- Invoking toplevel() on ptolemy.moml.MoMLSimpleApplication@4739fe60
----------------- Done invoking toplevel() on ptolemy.moml.MoMLSimpleApplication@4739fe60
reloadAllAccessors: .LevelCrossTest11

===========================================================================================
----------------- testing Sun Jun 23 20:48:42 UTC 2019 /home/travis/build/icyphy/ptII/ptolemy/actor/lib/test/auto/LevelCrossTest12.xml
----------------- Instantiating /home/travis/build/icyphy/ptII/ptolemy/actor/lib/test/auto/LevelCrossTest12.xml
1 ms. Memory: 523264K Free: 416798K (80%)
----------------- Invoking toplevel() on ptolemy.moml.MoMLSimpleApplication@6b0547b2
----------------- Done invoking toplevel() on ptolemy.moml.MoMLSimpleApplication@6b0547b2
reloadAllAccessors: .LevelCrossTest12

===========================================================================================
----------------- testing Sun Jun 23 20:48:42 UTC 2019 /home/travis/build/icyphy/ptII/ptolemy/actor/lib/test/auto/LevelCrossTest13.xml
----------------- Instantiating /home/travis/build/icyphy/ptII/ptolemy/actor/lib/test/auto/LevelCrossTest13.xml
1 ms. Memory: 523264K Free: 409120K (78%)
----------------- Invoking toplevel() on ptolemy.moml.MoMLSimpleApplication@484cb9ec
----------------- Done invoking toplevel() on ptolemy.moml.MoMLSimpleApplication@484cb9ec
reloadAllAccessors: .LevelCrossTest13

===========================================================================================
----------------- testing Sun Jun 23 20:48:42 UTC 2019 /home/travis/build/icyphy/ptII/ptolemy/actor/lib/test/auto/LevelCrossTest2.xml
----------------- Instantiating /home/travis/build/icyphy/ptII/ptolemy/actor/lib/test/auto/LevelCrossTest2.xml
1 ms. Memory: 523264K Free: 402976K (77%)
----------------- Invoking toplevel() on ptolemy.moml.MoMLSimpleApplication@2ab05034
----------------- Done invoking toplevel() on ptolemy.moml.MoMLSimpleApplication@2ab05034
reloadAllAccessors: .broken

===========================================================================================
----------------- testing Sun Jun 23 20:48:42 UTC 2019 /home/travis/build/icyphy/ptII/ptolemy/actor/lib/test/auto/LevelCrossTest3.xml
----------------- Instantiating /home/travis/build/icyphy/ptII/ptolemy/actor/lib/test/auto/LevelCrossTest3.xml
2 ms. Memory: 523264K Free: 396832K (76%)
----------------- Invoking toplevel() on ptolemy.moml.MoMLSimpleApplication@3b9a08e7
----------------- Done invoking toplevel() on ptolemy.moml.MoMLSimpleApplication@3b9a08e7
reloadAllAccessors: .LevelCrossTest3

===========================================================================================
----------------- testing Sun Jun 23 20:48:42 UTC 2019 /home/travis/build/icyphy/ptII/ptolemy/actor/lib/test/auto/LevelCrossTest4.xml
----------------- Instantiating /home/travis/build/icyphy/ptII/ptolemy/actor/lib/test/auto/LevelCrossTest4.xml
1 ms. Memory: 523264K Free: 391198K (75%)
----------------- Invoking toplevel() on ptolemy.moml.MoMLSimpleApplication@7cb5ad0e
----------------- Done invoking toplevel() on ptolemy.moml.MoMLSimpleApplication@7cb5ad0e
reloadAllAccessors: .broken

===========================================================================================
----------------- testing Sun Jun 23 20:48:42 UTC 2019 /home/travis/build/icyphy/ptII/ptolemy/actor/lib/test/auto/LevelCrossTest5.xml
----------------- Instantiating /home/travis/build/icyphy/ptII/ptolemy/actor/lib/test/auto/LevelCrossTest5.xml
1 ms. Memory: 523264K Free: 384544K (73%)
----------------- Invoking toplevel() on ptolemy.moml.MoMLSimpleApplication@62ef68b
----------------- Done invoking toplevel() on ptolemy.moml.MoMLSimpleApplication@62ef68b
reloadAllAccessors: .LevelCrossTest5

===========================================================================================
----------------- testing Sun Jun 23 20:48:42 UTC 2019 /home/travis/build/icyphy/ptII/ptolemy/actor/lib/test/auto/LevelCrossTest6.xml
----------------- Instantiating /home/travis/build/icyphy/ptII/ptolemy/actor/lib/test/auto/LevelCrossTest6.xml
1 ms. Memory: 523264K Free: 377886K (72%)
----------------- Invoking toplevel() on ptolemy.moml.MoMLSimpleApplication@4f0bf1c7
----------------- Done invoking toplevel() on ptolemy.moml.MoMLSimpleApplication@4f0bf1c7
reloadAllAccessors: .LevelCrossTest6

===========================================================================================
----------------- testing Sun Jun 23 20:48:42 UTC 2019 /home/travis/build/icyphy/ptII/ptolemy/actor/lib/test/auto/LevelCrossTest7.xml
----------------- Instantiating /home/travis/build/icyphy/ptII/ptolemy/actor/lib/test/auto/LevelCrossTest7.xml
1 ms. Memory: 523264K Free: 370208K (71%)
----------------- Invoking toplevel() on ptolemy.moml.MoMLSimpleApplication@53020832
----------------- Done invoking toplevel() on ptolemy.moml.MoMLSimpleApplication@53020832
reloadAllAccessors: .LevelCrossTest7

===========================================================================================
----------------- testing Sun Jun 23 20:48:42 UTC 2019 /home/travis/build/icyphy/ptII/ptolemy/actor/lib/test/auto/LevelCrossTest8.xml
----------------- Instantiating /home/travis/build/icyphy/ptII/ptolemy/actor/lib/test/auto/LevelCrossTest8.xml
1 ms. Memory: 523264K Free: 362526K (69%)
----------------- Invoking toplevel() on ptolemy.moml.MoMLSimpleApplication@246eed49
----------------- Done invoking toplevel() on ptolemy.moml.MoMLSimpleApplication@246eed49
reloadAllAccessors: .LevelCrossTest8

===========================================================================================
----------------- testing Sun Jun 23 20:48:42 UTC 2019 /home/travis/build/icyphy/ptII/ptolemy/actor/lib/test/auto/LevelCrossTest9.xml
----------------- Instantiating /home/travis/build/icyphy/ptII/ptolemy/actor/lib/test/auto/LevelCrossTest9.xml
1 ms. Memory: 523264K Free: 355872K (68%)
----------------- Invoking toplevel() on ptolemy.moml.MoMLSimpleApplication@4b16d1a3
----------------- Done invoking toplevel() on ptolemy.moml.MoMLSimpleApplication@4b16d1a3
reloadAllAccessors: .LevelCrossTest9

===========================================================================================
----------------- testing Sun Jun 23 20:48:42 UTC 2019 /home/travis/build/icyphy/ptII/ptolemy/actor/lib/test/auto/LevinsonDurbin.xml
----------------- Instantiating /home/travis/build/icyphy/ptII/ptolemy/actor/lib/test/auto/LevinsonDurbin.xml
2 ms. Memory: 523264K Free: 352286K (67%)
----------------- Invoking toplevel() on ptolemy.moml.MoMLSimpleApplication@36ad0bf
----------------- Done invoking toplevel() on ptolemy.moml.MoMLSimpleApplication@36ad0bf
reloadAllAccessors: .LevinsonDurbin

===========================================================================================
----------------- testing Sun Jun 23 20:48:42 UTC 2019 /home/travis/build/icyphy/ptII/ptolemy/actor/lib/test/auto/LevinsonDurbin2.xml
----------------- Instantiating /home/travis/build/icyphy/ptII/ptolemy/actor/lib/test/auto/LevinsonDurbin2.xml
2 ms. Memory: 523264K Free: 348190K (67%)
----------------- Invoking toplevel() on ptolemy.moml.MoMLSimpleApplication@278939e3
----------------- Done invoking toplevel() on ptolemy.moml.MoMLSimpleApplication@278939e3
reloadAllAccessors: .LevinsonDurbin2

===========================================================================================
----------------- testing Sun Jun 23 20:48:42 UTC 2019 /home/travis/build/icyphy/ptII/ptolemy/actor/lib/test/auto/LevinsonDurbin3.xml
----------------- Instantiating /home/travis/build/icyphy/ptII/ptolemy/actor/lib/test/auto/LevinsonDurbin3.xml
1 ms. Memory: 523264K Free: 344094K (66%)
----------------- Invoking toplevel() on ptolemy.moml.MoMLSimpleApplication@36e9c7b9
----------------- Done invoking toplevel() on ptolemy.moml.MoMLSimpleApplication@36e9c7b9
reloadAllAccessors: .LevinsonDurbin3

===========================================================================================
----------------- testing Sun Jun 23 20:48:42 UTC 2019 /home/travis/build/icyphy/ptII/ptolemy/actor/lib/test/auto/Limiter.xml
----------------- Instantiating /home/travis/build/icyphy/ptII/ptolemy/actor/lib/test/auto/Limiter.xml
4 ms. Memory: 523264K Free: 334872K (64%)
----------------- Invoking toplevel() on ptolemy.moml.MoMLSimpleApplication@704b725a
----------------- Done invoking toplevel() on ptolemy.moml.MoMLSimpleApplication@704b725a
reloadAllAccessors: .Limiter

===========================================================================================
----------------- testing Sun Jun 23 20:48:43 UTC 2019 /home/travis/build/icyphy/ptII/ptolemy/actor/lib/test/auto/LinearDifferenceEquationSystem.xml
----------------- Instantiating /home/travis/build/icyphy/ptII/ptolemy/actor/lib/test/auto/LinearDifferenceEquationSystem.xml
3 ms. Memory: 523264K Free: 328224K (63%)
----------------- Invoking toplevel() on ptolemy.moml.MoMLSimpleApplication@29831b8e
----------------- Done invoking toplevel() on ptolemy.moml.MoMLSimpleApplication@29831b8e
reloadAllAccessors: .LinearDifferenceEquationSystem

===========================================================================================
----------------- testing Sun Jun 23 20:48:43 UTC 2019 /home/travis/build/icyphy/ptII/ptolemy/actor/lib/test/auto/LookupTable.xml
----------------- Instantiating /home/travis/build/icyphy/ptII/ptolemy/actor/lib/test/auto/LookupTable.xml
2 ms. Memory: 523264K Free: 323614K (62%)
----------------- Invoking toplevel() on ptolemy.moml.MoMLSimpleApplication@7a19c33a
----------------- Done invoking toplevel() on ptolemy.moml.MoMLSimpleApplication@7a19c33a
reloadAllAccessors: .LookupTable

===========================================================================================
----------------- testing Sun Jun 23 20:48:43 UTC 2019 /home/travis/build/icyphy/ptII/ptolemy/actor/lib/test/auto/MathFunction.xml
----------------- Instantiating /home/travis/build/icyphy/ptII/ptolemy/actor/lib/test/auto/MathFunction.xml
2 ms. Memory: 523264K Free: 315422K (60%)
----------------- Invoking toplevel() on ptolemy.moml.MoMLSimpleApplication@473a235d
----------------- Done invoking toplevel() on ptolemy.moml.MoMLSimpleApplication@473a235d
reloadAllAccessors: .MathFunction

===========================================================================================
----------------- testing Sun Jun 23 20:48:43 UTC 2019 /home/travis/build/icyphy/ptII/ptolemy/actor/lib/test/auto/MathFunction2.xml
----------------- Instantiating /home/travis/build/icyphy/ptII/ptolemy/actor/lib/test/auto/MathFunction2.xml
1 ms. Memory: 523264K Free: 311326K (59%)
----------------- Invoking toplevel() on ptolemy.moml.MoMLSimpleApplication@4d927a96
----------------- Done invoking toplevel() on ptolemy.moml.MoMLSimpleApplication@4d927a96
reloadAllAccessors: .MathFunction2

===========================================================================================
----------------- testing Sun Jun 23 20:48:43 UTC 2019 /home/travis/build/icyphy/ptII/ptolemy/actor/lib/test/auto/MathFunction3.xml
----------------- Instantiating /home/travis/build/icyphy/ptII/ptolemy/actor/lib/test/auto/MathFunction3.xml
2 ms. Memory: 523264K Free: 304672K (58%)
----------------- Invoking toplevel() on ptolemy.moml.MoMLSimpleApplication@7f469f5e
----------------- Done invoking toplevel() on ptolemy.moml.MoMLSimpleApplication@7f469f5e
reloadAllAccessors: .MathFunction3

===========================================================================================
----------------- testing Sun Jun 23 20:48:43 UTC 2019 /home/travis/build/icyphy/ptII/ptolemy/actor/lib/test/auto/MatrixCropBoolean.xml
----------------- Instantiating /home/travis/build/icyphy/ptII/ptolemy/actor/lib/test/auto/MatrixCropBoolean.xml
1 ms. Memory: 523264K Free: 299552K (57%)
----------------- Invoking toplevel() on ptolemy.moml.MoMLSimpleApplication@1d838ec9
----------------- Done invoking toplevel() on ptolemy.moml.MoMLSimpleApplication@1d838ec9
reloadAllAccessors: .MatrixCropBoolean

===========================================================================================
----------------- testing Sun Jun 23 20:48:43 UTC 2019 /home/travis/build/icyphy/ptII/ptolemy/actor/lib/test/auto/MatrixCropComplex.xml
----------------- Instantiating /home/travis/build/icyphy/ptII/ptolemy/actor/lib/test/auto/MatrixCropComplex.xml
1 ms. Memory: 523264K Free: 294432K (56%)
----------------- Invoking toplevel() on ptolemy.moml.MoMLSimpleApplication@4ee2e02b
----------------- Done invoking toplevel() on ptolemy.moml.MoMLSimpleApplication@4ee2e02b
reloadAllAccessors: .MatrixCropComplex

===========================================================================================
----------------- testing Sun Jun 23 20:48:43 UTC 2019 /home/travis/build/icyphy/ptII/ptolemy/actor/lib/test/auto/MatrixCropDouble.xml
----------------- Instantiating /home/travis/build/icyphy/ptII/ptolemy/actor/lib/test/auto/MatrixCropDouble.xml
2 ms. Memory: 523264K Free: 289312K (55%)
----------------- Invoking toplevel() on ptolemy.moml.MoMLSimpleApplication@71ea2f28
----------------- Done invoking toplevel() on ptolemy.moml.MoMLSimpleApplication@71ea2f28
reloadAllAccessors: .MatrixCropDouble

===========================================================================================
----------------- testing Sun Jun 23 20:48:43 UTC 2019 /home/travis/build/icyphy/ptII/ptolemy/actor/lib/test/auto/MatrixCropFix.xml
----------------- Instantiating /home/travis/build/icyphy/ptII/ptolemy/actor/lib/test/auto/MatrixCropFix.xml
1 ms. Memory: 523264K Free: 284192K (54%)
----------------- Invoking toplevel() on ptolemy.moml.MoMLSimpleApplication@6eb9ed7c
----------------- Done invoking toplevel() on ptolemy.moml.MoMLSimpleApplication@6eb9ed7c
reloadAllAccessors: .MatrixCropFix

===========================================================================================
----------------- testing Sun Jun 23 20:48:43 UTC 2019 /home/travis/build/icyphy/ptII/ptolemy/actor/lib/test/auto/MatrixCropInt.xml
----------------- Instantiating /home/travis/build/icyphy/ptII/ptolemy/actor/lib/test/auto/MatrixCropInt.xml
2 ms. Memory: 523264K Free: 279568K (53%)
----------------- Invoking toplevel() on ptolemy.moml.MoMLSimpleApplication@54400e69
----------------- Done invoking toplevel() on ptolemy.moml.MoMLSimpleApplication@54400e69
reloadAllAccessors: .MatrixCropInt

===========================================================================================
----------------- testing Sun Jun 23 20:48:43 UTC 2019 /home/travis/build/icyphy/ptII/ptolemy/actor/lib/test/auto/MatrixCropLong.xml
----------------- Instantiating /home/travis/build/icyphy/ptII/ptolemy/actor/lib/test/auto/MatrixCropLong.xml
2 ms. Memory: 523264K Free: 274432K (52%)
----------------- Invoking toplevel() on ptolemy.moml.MoMLSimpleApplication@279a0c6f
----------------- Done invoking toplevel() on ptolemy.moml.MoMLSimpleApplication@279a0c6f
reloadAllAccessors: .MatrixCropLong

===========================================================================================
----------------- testing Sun Jun 23 20:48:43 UTC 2019 /home/travis/build/icyphy/ptII/ptolemy/actor/lib/test/auto/MatrixToArray.xml
----------------- Instantiating /home/travis/build/icyphy/ptII/ptolemy/actor/lib/test/auto/MatrixToArray.xml
7 ms. Memory: 523264K Free: 259102K (50%)
----------------- Invoking toplevel() on ptolemy.moml.MoMLSimpleApplication@b69abf9
----------------- Done invoking toplevel() on ptolemy.moml.MoMLSimpleApplication@b69abf9
reloadAllAccessors: .MatrixToArray

===========================================================================================
----------------- testing Sun Jun 23 20:48:43 UTC 2019 /home/travis/build/icyphy/ptII/ptolemy/actor/lib/test/auto/MaxIndex.xml
----------------- Instantiating /home/travis/build/icyphy/ptII/ptolemy/actor/lib/test/auto/MaxIndex.xml
9 ms. Memory: 523264K Free: 253982K (49%)
----------------- Invoking toplevel() on ptolemy.moml.MoMLSimpleApplication@720bf227
----------------- Done invoking toplevel() on ptolemy.moml.MoMLSimpleApplication@720bf227
reloadAllAccessors: .MaxIndex

===========================================================================================
----------------- testing Sun Jun 23 20:48:43 UTC 2019 /home/travis/build/icyphy/ptII/ptolemy/actor/lib/test/auto/Maximum.xml
----------------- Instantiating /home/travis/build/icyphy/ptII/ptolemy/actor/lib/test/auto/Maximum.xml
6 ms. Memory: 523264K Free: 247328K (47%)
----------------- Invoking toplevel() on ptolemy.moml.MoMLSimpleApplication@5fa4d4c3
----------------- Done invoking toplevel() on ptolemy.moml.MoMLSimpleApplication@5fa4d4c3
reloadAllAccessors: .Maximum

===========================================================================================
----------------- testing Sun Jun 23 20:48:43 UTC 2019 /home/travis/build/icyphy/ptII/ptolemy/actor/lib/test/auto/MaximumComplex.xml
----------------- Instantiating /home/travis/build/icyphy/ptII/ptolemy/actor/lib/test/auto/MaximumComplex.xml
3 ms. Memory: 523264K Free: 241694K (46%)
----------------- Invoking toplevel() on ptolemy.moml.MoMLSimpleApplication@2ec87e94
----------------- Done invoking toplevel() on ptolemy.moml.MoMLSimpleApplication@2ec87e94
reloadAllAccessors: .MaximumComplex

===========================================================================================
----------------- testing Sun Jun 23 20:48:43 UTC 2019 /home/travis/build/icyphy/ptII/ptolemy/actor/lib/test/auto/MethodCallTest.xml
----------------- Instantiating /home/travis/build/icyphy/ptII/ptolemy/actor/lib/test/auto/MethodCallTest.xml
2 ms. Memory: 523264K Free: 235040K (45%)
----------------- Invoking toplevel() on ptolemy.moml.MoMLSimpleApplication@10f861b
----------------- Done invoking toplevel() on ptolemy.moml.MoMLSimpleApplication@10f861b
reloadAllAccessors: .MethodCallTest

===========================================================================================
----------------- testing Sun Jun 23 20:48:43 UTC 2019 /home/travis/build/icyphy/ptII/ptolemy/actor/lib/test/auto/Minimum.xml
----------------- Instantiating /home/travis/build/icyphy/ptII/ptolemy/actor/lib/test/auto/Minimum.xml
2 ms. Memory: 523264K Free: 228368K (44%)
----------------- Invoking toplevel() on ptolemy.moml.MoMLSimpleApplication@57d8b3ce
----------------- Done invoking toplevel() on ptolemy.moml.MoMLSimpleApplication@57d8b3ce
reloadAllAccessors: .Minimum

===========================================================================================
----------------- testing Sun Jun 23 20:48:43 UTC 2019 /home/travis/build/icyphy/ptII/ptolemy/actor/lib/test/auto/MinimumComplex.xml
----------------- Instantiating /home/travis/build/icyphy/ptII/ptolemy/actor/lib/test/auto/MinimumComplex.xml
3 ms. Memory: 523264K Free: 222224K (42%)
----------------- Invoking toplevel() on ptolemy.moml.MoMLSimpleApplication@7712a961
----------------- Done invoking toplevel() on ptolemy.moml.MoMLSimpleApplication@7712a961
reloadAllAccessors: .MinimumComplex

===========================================================================================
----------------- testing Sun Jun 23 20:48:43 UTC 2019 /home/travis/build/icyphy/ptII/ptolemy/actor/lib/test/auto/MinimumMultiports.xml
----------------- Instantiating /home/travis/build/icyphy/ptII/ptolemy/actor/lib/test/auto/MinimumMultiports.xml
4 ms. Memory: 523264K Free: 213536K (41%)
----------------- Invoking toplevel() on ptolemy.moml.MoMLSimpleApplication@6701272c
----------------- Done invoking toplevel() on ptolemy.moml.MoMLSimpleApplication@6701272c
reloadAllAccessors: .MinimumMultiports

===========================================================================================
----------------- testing Sun Jun 23 20:48:43 UTC 2019 /home/travis/build/icyphy/ptII/ptolemy/actor/lib/test/auto/ModifyDate.xml
----------------- Instantiating /home/travis/build/icyphy/ptII/ptolemy/actor/lib/test/auto/ModifyDate.xml
5 ms. Memory: 523264K Free: 201248K (38%)
----------------- Invoking toplevel() on ptolemy.moml.MoMLSimpleApplication@5342d99
----------------- Done invoking toplevel() on ptolemy.moml.MoMLSimpleApplication@5342d99
reloadAllAccessors: .ModifyDate

===========================================================================================
----------------- testing Sun Jun 23 20:48:43 UTC 2019 /home/travis/build/icyphy/ptII/ptolemy/actor/lib/test/auto/ModifyDate2.xml
----------------- Instantiating /home/travis/build/icyphy/ptII/ptolemy/actor/lib/test/auto/ModifyDate2.xml
3 ms. Memory: 523264K Free: 192542K (37%)
----------------- Invoking toplevel() on ptolemy.moml.MoMLSimpleApplication@79fc9c9b
----------------- Done invoking toplevel() on ptolemy.moml.MoMLSimpleApplication@79fc9c9b
reloadAllAccessors: .ModifyDate2

===========================================================================================
----------------- testing Sun Jun 23 20:48:43 UTC 2019 /home/travis/build/icyphy/ptII/ptolemy/actor/lib/test/auto/MovingAverage.xml
----------------- Instantiating /home/travis/build/icyphy/ptII/ptolemy/actor/lib/test/auto/MovingAverage.xml
6 ms. Memory: 523264K Free: 187422K (36%)
----------------- Invoking toplevel() on ptolemy.moml.MoMLSimpleApplication@7f4cefb1
----------------- Done invoking toplevel() on ptolemy.moml.MoMLSimpleApplication@7f4cefb1
reloadAllAccessors: .MovingAverage

===========================================================================================
----------------- testing Sun Jun 23 20:48:43 UTC 2019 /home/travis/build/icyphy/ptII/ptolemy/actor/lib/test/auto/MovingMaximum.xml
----------------- Instantiating /home/travis/build/icyphy/ptII/ptolemy/actor/lib/test/auto/MovingMaximum.xml
2 ms. Memory: 523264K Free: 182816K (35%)
----------------- Invoking toplevel() on ptolemy.moml.MoMLSimpleApplication@47a43ed9
----------------- Done invoking toplevel() on ptolemy.moml.MoMLSimpleApplication@47a43ed9
reloadAllAccessors: .MovingMaximum

===========================================================================================
----------------- testing Sun Jun 23 20:48:43 UTC 2019 /home/travis/build/icyphy/ptII/ptolemy/actor/lib/test/auto/MultipleLinksToSameRelation.xml
----------------- Instantiating /home/travis/build/icyphy/ptII/ptolemy/actor/lib/test/auto/MultipleLinksToSameRelation.xml
3 ms. Memory: 523264K Free: 178720K (34%)
----------------- Invoking toplevel() on ptolemy.moml.MoMLSimpleApplication@774df6aa
----------------- Done invoking toplevel() on ptolemy.moml.MoMLSimpleApplication@774df6aa
reloadAllAccessors: .MultipleLinksToSameRelation

===========================================================================================
----------------- testing Sun Jun 23 20:48:43 UTC 2019 /home/travis/build/icyphy/ptII/ptolemy/actor/lib/test/auto/MultipleLinksToSameRelationDE.xml
----------------- Instantiating /home/travis/build/icyphy/ptII/ptolemy/actor/lib/test/auto/MultipleLinksToSameRelationDE.xml
9 ms. Memory: 523264K Free: 174624K (33%)
----------------- Invoking toplevel() on ptolemy.moml.MoMLSimpleApplication@fa1605b
----------------- Done invoking toplevel() on ptolemy.moml.MoMLSimpleApplication@fa1605b
reloadAllAccessors: .MultipleLinksToSameRelationDE

===========================================================================================
----------------- testing Sun Jun 23 20:48:43 UTC 2019 /home/travis/build/icyphy/ptII/ptolemy/actor/lib/test/auto/Multiplexor.xml
----------------- Instantiating /home/travis/build/icyphy/ptII/ptolemy/actor/lib/test/auto/Multiplexor.xml
2 ms. Memory: 523264K Free: 168990K (32%)
----------------- Invoking toplevel() on ptolemy.moml.MoMLSimpleApplication@2b7235f9
----------------- Done invoking toplevel() on ptolemy.moml.MoMLSimpleApplication@2b7235f9
reloadAllAccessors: .Multiplexor

===========================================================================================
----------------- testing Sun Jun 23 20:48:43 UTC 2019 /home/travis/build/icyphy/ptII/ptolemy/actor/lib/test/auto/Multiplexor1.xml
----------------- Instantiating /home/travis/build/icyphy/ptII/ptolemy/actor/lib/test/auto/Multiplexor1.xml
3 ms. Memory: 523264K Free: 473019K (90%)
----------------- Invoking toplevel() on ptolemy.moml.MoMLSimpleApplication@953b199
----------------- Done invoking toplevel() on ptolemy.moml.MoMLSimpleApplication@953b199
reloadAllAccessors: .Multiplexor1

===========================================================================================
----------------- testing Sun Jun 23 20:48:43 UTC 2019 /home/travis/build/icyphy/ptII/ptolemy/actor/lib/test/auto/Multiplexor2.xml
----------------- Instantiating /home/travis/build/icyphy/ptII/ptolemy/actor/lib/test/auto/Multiplexor2.xml
6 ms. Memory: 523264K Free: 466363K (89%)
----------------- Invoking toplevel() on ptolemy.moml.MoMLSimpleApplication@cde8504
----------------- Done invoking toplevel() on ptolemy.moml.MoMLSimpleApplication@cde8504
reloadAllAccessors: .Multiplexor2

===========================================================================================
----------------- testing Sun Jun 23 20:48:43 UTC 2019 /home/travis/build/icyphy/ptII/ptolemy/actor/lib/test/auto/Multiplexor3.xml
----------------- Instantiating /home/travis/build/icyphy/ptII/ptolemy/actor/lib/test/auto/Multiplexor3.xml
2 ms. Memory: 523264K Free: 462269K (88%)
----------------- Invoking toplevel() on ptolemy.moml.MoMLSimpleApplication@77033d3f
----------------- Done invoking toplevel() on ptolemy.moml.MoMLSimpleApplication@77033d3f
reloadAllAccessors: .Multiplexor3

===========================================================================================
----------------- testing Sun Jun 23 20:48:43 UTC 2019 /home/travis/build/icyphy/ptII/ptolemy/actor/lib/test/auto/MultiplexorDE.xml
----------------- Instantiating /home/travis/build/icyphy/ptII/ptolemy/actor/lib/test/auto/MultiplexorDE.xml
2 ms. Memory: 523264K Free: 454573K (87%)
----------------- Invoking toplevel() on ptolemy.moml.MoMLSimpleApplication@75232fbe
----------------- Done invoking toplevel() on ptolemy.moml.MoMLSimpleApplication@75232fbe
reloadAllAccessors: .MultiplexorDE

===========================================================================================
----------------- testing Sun Jun 23 20:48:43 UTC 2019 /home/travis/build/icyphy/ptII/ptolemy/actor/lib/test/auto/MultiportBroadcastTest.xml
----------------- Instantiating /home/travis/build/icyphy/ptII/ptolemy/actor/lib/test/auto/MultiportBroadcastTest.xml
98 ms. Memory: 523264K Free: 448437K (86%)
----------------- Invoking toplevel() on ptolemy.moml.MoMLSimpleApplication@15272d67
----------------- Done invoking toplevel() on ptolemy.moml.MoMLSimpleApplication@15272d67
reloadAllAccessors: .MultiportBroadcastTest

===========================================================================================
----------------- testing Sun Jun 23 20:48:43 UTC 2019 /home/travis/build/icyphy/ptII/ptolemy/actor/lib/test/auto/MultiportOutHangDuringGetWidth.xml
----------------- Instantiating /home/travis/build/icyphy/ptII/ptolemy/actor/lib/test/auto/MultiportOutHangDuringGetWidth.xml
5 ms. Memory: 523264K Free: 436155K (83%)
----------------- Invoking toplevel() on ptolemy.moml.MoMLSimpleApplication@1b503746
----------------- Done invoking toplevel() on ptolemy.moml.MoMLSimpleApplication@1b503746
reloadAllAccessors: .MultiportOutHangDuringGetWidth

===========================================================================================
----------------- testing Sun Jun 23 20:48:43 UTC 2019 /home/travis/build/icyphy/ptII/ptolemy/actor/lib/test/auto/NilToken.xml
----------------- Instantiating /home/travis/build/icyphy/ptII/ptolemy/actor/lib/test/auto/NilToken.xml
2 ms. Memory: 523264K Free: 432059K (83%)
----------------- Invoking toplevel() on ptolemy.moml.MoMLSimpleApplication@26c9c5d3
----------------- Done invoking toplevel() on ptolemy.moml.MoMLSimpleApplication@26c9c5d3
reloadAllAccessors: .NilToken

===========================================================================================
----------------- testing Sun Jun 23 20:48:43 UTC 2019 /home/travis/build/icyphy/ptII/ptolemy/actor/lib/test/auto/NilTokenNonStrictTest.xml
----------------- Instantiating /home/travis/build/icyphy/ptII/ptolemy/actor/lib/test/auto/NilTokenNonStrictTest.xml
2 ms. Memory: 523264K Free: 427963K (82%)
----------------- Invoking toplevel() on ptolemy.moml.MoMLSimpleApplication@1b8d62f
----------------- Done invoking toplevel() on ptolemy.moml.MoMLSimpleApplication@1b8d62f
reloadAllAccessors: .NilTokenNonStrictTest

===========================================================================================
----------------- testing Sun Jun 23 20:48:43 UTC 2019 /home/travis/build/icyphy/ptII/ptolemy/actor/lib/test/auto/NilTokenRecord.xml
----------------- Instantiating /home/travis/build/icyphy/ptII/ptolemy/actor/lib/test/auto/NilTokenRecord.xml
6 ms. Memory: 523264K Free: 421309K (81%)
----------------- Invoking toplevel() on ptolemy.moml.MoMLSimpleApplication@2309ec46
----------------- Done invoking toplevel() on ptolemy.moml.MoMLSimpleApplication@2309ec46
reloadAllAccessors: .NilTokenRecord

===========================================================================================
----------------- testing Sun Jun 23 20:48:43 UTC 2019 /home/travis/build/icyphy/ptII/ptolemy/actor/lib/test/auto/NilTokenTypeTest.xml
----------------- Instantiating /home/travis/build/icyphy/ptII/ptolemy/actor/lib/test/auto/NilTokenTypeTest.xml
6 ms. Memory: 523264K Free: 411579K (79%)
----------------- Invoking toplevel() on ptolemy.moml.MoMLSimpleApplication@2a4b936
----------------- Done invoking toplevel() on ptolemy.moml.MoMLSimpleApplication@2a4b936
reloadAllAccessors: .NilTokenTypeTest

===========================================================================================
----------------- testing Sun Jun 23 20:48:43 UTC 2019 /home/travis/build/icyphy/ptII/ptolemy/actor/lib/test/auto/ObjectToken1.xml
----------------- Instantiating /home/travis/build/icyphy/ptII/ptolemy/actor/lib/test/auto/ObjectToken1.xml
3 ms. Memory: 523264K Free: 407483K (78%)
----------------- Invoking toplevel() on ptolemy.moml.MoMLSimpleApplication@44cd5cb1
----------------- Done invoking toplevel() on ptolemy.moml.MoMLSimpleApplication@44cd5cb1
reloadAllAccessors: .ObjectToken1

===========================================================================================
----------------- testing Sun Jun 23 20:48:43 UTC 2019 /home/travis/build/icyphy/ptII/ptolemy/actor/lib/test/auto/OrderedMerge.xml
----------------- Instantiating /home/travis/build/icyphy/ptII/ptolemy/actor/lib/test/auto/OrderedMerge.xml
12 ms. Memory: 523264K Free: 401853K (77%)
----------------- Invoking toplevel() on ptolemy.moml.MoMLSimpleApplication@71a0213f
----------------- Done invoking toplevel() on ptolemy.moml.MoMLSimpleApplication@71a0213f
reloadAllAccessors: .OrderedMerge

===========================================================================================
----------------- testing Sun Jun 23 20:48:43 UTC 2019 /home/travis/build/icyphy/ptII/ptolemy/actor/lib/test/auto/OrderedRecordDisassembler.xml
----------------- Instantiating /home/travis/build/icyphy/ptII/ptolemy/actor/lib/test/auto/OrderedRecordDisassembler.xml
3 ms. Memory: 523264K Free: 396733K (76%)
----------------- Invoking toplevel() on ptolemy.moml.MoMLSimpleApplication@64b0a72d
----------------- Done invoking toplevel() on ptolemy.moml.MoMLSimpleApplication@64b0a72d
reloadAllAccessors: .OrderedRecordDisassembler

===========================================================================================
----------------- testing Sun Jun 23 20:48:43 UTC 2019 /home/travis/build/icyphy/ptII/ptolemy/actor/lib/test/auto/OrderedRecordDisassembler2.xml
----------------- Instantiating /home/travis/build/icyphy/ptII/ptolemy/actor/lib/test/auto/OrderedRecordDisassembler2.xml
4 ms. Memory: 523264K Free: 389565K (74%)
----------------- Invoking toplevel() on ptolemy.moml.MoMLSimpleApplication@62e8296c
----------------- Done invoking toplevel() on ptolemy.moml.MoMLSimpleApplication@62e8296c
reloadAllAccessors: .OrderedRecordDisassembler2

===========================================================================================
----------------- testing Sun Jun 23 20:48:43 UTC 2019 /home/travis/build/icyphy/ptII/ptolemy/actor/lib/test/auto/OrderedRecordUpdater.xml
----------------- Instantiating /home/travis/build/icyphy/ptII/ptolemy/actor/lib/test/auto/OrderedRecordUpdater.xml
2 ms. Memory: 523264K Free: 384445K (73%)
----------------- Invoking toplevel() on ptolemy.moml.MoMLSimpleApplication@78efa4b3
----------------- Done invoking toplevel() on ptolemy.moml.MoMLSimpleApplication@78efa4b3
reloadAllAccessors: .RecordUpdater

===========================================================================================
----------------- testing Sun Jun 23 20:48:43 UTC 2019 /home/travis/build/icyphy/ptII/ptolemy/actor/lib/test/auto/OrderedRecordUpdater2.xml
----------------- Instantiating /home/travis/build/icyphy/ptII/ptolemy/actor/lib/test/auto/OrderedRecordUpdater2.xml
3 ms. Memory: 523264K Free: 379835K (73%)
----------------- Invoking toplevel() on ptolemy.moml.MoMLSimpleApplication@5576d1f0
----------------- Done invoking toplevel() on ptolemy.moml.MoMLSimpleApplication@5576d1f0
reloadAllAccessors: .RecordUpdater2

===========================================================================================
----------------- testing Sun Jun 23 20:48:44 UTC 2019 /home/travis/build/icyphy/ptII/ptolemy/actor/lib/test/auto/PhaseUnwrap.xml
----------------- Instantiating /home/travis/build/icyphy/ptII/ptolemy/actor/lib/test/auto/PhaseUnwrap.xml
1 ms. Memory: 523264K Free: 375229K (72%)
----------------- Invoking toplevel() on ptolemy.moml.MoMLSimpleApplication@2231fc53
----------------- Done invoking toplevel() on ptolemy.moml.MoMLSimpleApplication@2231fc53
reloadAllAccessors: .PhaseUnwrap

===========================================================================================
----------------- testing Sun Jun 23 20:48:44 UTC 2019 /home/travis/build/icyphy/ptII/ptolemy/actor/lib/test/auto/PoissonClock.xml
----------------- Instantiating /home/travis/build/icyphy/ptII/ptolemy/actor/lib/test/auto/PoissonClock.xml
2 ms. Memory: 523264K Free: 371133K (71%)
----------------- Invoking toplevel() on ptolemy.moml.MoMLSimpleApplication@61905372
----------------- Done invoking toplevel() on ptolemy.moml.MoMLSimpleApplication@61905372
reloadAllAccessors: .PoissonClock

===========================================================================================
----------------- testing Sun Jun 23 20:48:44 UTC 2019 /home/travis/build/icyphy/ptII/ptolemy/actor/lib/test/auto/PoissonClock2.xml
----------------- Instantiating /home/travis/build/icyphy/ptII/ptolemy/actor/lib/test/auto/PoissonClock2.xml
1 ms. Memory: 523264K Free: 366523K (70%)
----------------- Invoking toplevel() on ptolemy.moml.MoMLSimpleApplication@630ad01
----------------- Done invoking toplevel() on ptolemy.moml.MoMLSimpleApplication@630ad01
reloadAllAccessors: .PoissonClock2

===========================================================================================
----------------- testing Sun Jun 23 20:48:44 UTC 2019 /home/travis/build/icyphy/ptII/ptolemy/actor/lib/test/auto/PoissonClock3.xml
----------------- Instantiating /home/travis/build/icyphy/ptII/ptolemy/actor/lib/test/auto/PoissonClock3.xml
1 ms. Memory: 523264K Free: 361917K (69%)
----------------- Invoking toplevel() on ptolemy.moml.MoMLSimpleApplication@51ebf6e6
----------------- Done invoking toplevel() on ptolemy.moml.MoMLSimpleApplication@51ebf6e6
reloadAllAccessors: .PoissonClock3

===========================================================================================
----------------- testing Sun Jun 23 20:48:44 UTC 2019 /home/travis/build/icyphy/ptII/ptolemy/actor/lib/test/auto/PubSubWithInitialTokens.xml
----------------- Instantiating /home/travis/build/icyphy/ptII/ptolemy/actor/lib/test/auto/PubSubWithInitialTokens.xml
2 ms. Memory: 523264K Free: 356269K (68%)
----------------- Invoking toplevel() on ptolemy.moml.MoMLSimpleApplication@6d34091f
----------------- Done invoking toplevel() on ptolemy.moml.MoMLSimpleApplication@6d34091f
reloadAllAccessors: .PubSubWithInitialTokens

===========================================================================================
----------------- testing Sun Jun 23 20:48:44 UTC 2019 /home/travis/build/icyphy/ptII/ptolemy/actor/lib/test/auto/PubSubWithInitialTokens2.xml
----------------- Instantiating /home/travis/build/icyphy/ptII/ptolemy/actor/lib/test/auto/PubSubWithInitialTokens2.xml
4 ms. Memory: 523264K Free: 350653K (67%)
----------------- Invoking toplevel() on ptolemy.moml.MoMLSimpleApplication@2ff07163
----------------- Done invoking toplevel() on ptolemy.moml.MoMLSimpleApplication@2ff07163
reloadAllAccessors: .PubSubWithInitialTokens2

===========================================================================================
----------------- testing Sun Jun 23 20:48:44 UTC 2019 /home/travis/build/icyphy/ptII/ptolemy/actor/lib/test/auto/PublisherClassNoParameter.xml
----------------- Instantiating /home/travis/build/icyphy/ptII/ptolemy/actor/lib/test/auto/PublisherClassNoParameter.xml
2 ms. Memory: 523264K Free: 340413K (65%)
----------------- Invoking toplevel() on ptolemy.moml.MoMLSimpleApplication@447ca91e
----------------- Done invoking toplevel() on ptolemy.moml.MoMLSimpleApplication@447ca91e
reloadAllAccessors: .PublisherClassNoParameter

===========================================================================================
----------------- testing Sun Jun 23 20:48:44 UTC 2019 /home/travis/build/icyphy/ptII/ptolemy/actor/lib/test/auto/PublisherClassParameter.xml
----------------- Instantiating /home/travis/build/icyphy/ptII/ptolemy/actor/lib/test/auto/PublisherClassParameter.xml
2 ms. Memory: 523264K Free: 330173K (63%)
----------------- Invoking toplevel() on ptolemy.moml.MoMLSimpleApplication@7834bb07
----------------- Done invoking toplevel() on ptolemy.moml.MoMLSimpleApplication@7834bb07
reloadAllAccessors: .PublisherClassParameter

===========================================================================================
----------------- testing Sun Jun 23 20:48:44 UTC 2019 /home/travis/build/icyphy/ptII/ptolemy/actor/lib/test/auto/PublisherNonStrictTest.xml
----------------- Instantiating /home/travis/build/icyphy/ptII/ptolemy/actor/lib/test/auto/PublisherNonStrictTest.xml
3 ms. Memory: 523264K Free: 322485K (62%)
----------------- Invoking toplevel() on ptolemy.moml.MoMLSimpleApplication@59e654e3
----------------- Done invoking toplevel() on ptolemy.moml.MoMLSimpleApplication@59e654e3
reloadAllAccessors: .PublisherNonStrictTest

===========================================================================================
----------------- testing Sun Jun 23 20:48:44 UTC 2019 /home/travis/build/icyphy/ptII/ptolemy/actor/lib/test/auto/PublisherPort1.xml
----------------- Instantiating /home/travis/build/icyphy/ptII/ptolemy/actor/lib/test/auto/PublisherPort1.xml
2 ms. Memory: 523264K Free: 316861K (61%)
----------------- Invoking toplevel() on ptolemy.moml.MoMLSimpleApplication@61e99b02
----------------- Done invoking toplevel() on ptolemy.moml.MoMLSimpleApplication@61e99b02
reloadAllAccessors: .PublisherPort1

===========================================================================================
----------------- testing Sun Jun 23 20:48:44 UTC 2019 /home/travis/build/icyphy/ptII/ptolemy/actor/lib/test/auto/PublisherPort2.xml
----------------- Instantiating /home/travis/build/icyphy/ptII/ptolemy/actor/lib/test/auto/PublisherPort2.xml
2 ms. Memory: 523264K Free: 311741K (60%)
----------------- Invoking toplevel() on ptolemy.moml.MoMLSimpleApplication@4accbe22
----------------- Done invoking toplevel() on ptolemy.moml.MoMLSimpleApplication@4accbe22
reloadAllAccessors: .PublisherPort2

===========================================================================================
----------------- testing Sun Jun 23 20:48:44 UTC 2019 /home/travis/build/icyphy/ptII/ptolemy/actor/lib/test/auto/PublisherPort3.xml
----------------- Instantiating /home/travis/build/icyphy/ptII/ptolemy/actor/lib/test/auto/PublisherPort3.xml
11 ms. Memory: 523264K Free: 305053K (58%)
----------------- Invoking toplevel() on ptolemy.moml.MoMLSimpleApplication@2a570d5f
----------------- Done invoking toplevel() on ptolemy.moml.MoMLSimpleApplication@2a570d5f
reloadAllAccessors: .PublisherPort3

===========================================================================================
----------------- testing Sun Jun 23 20:48:44 UTC 2019 /home/travis/build/icyphy/ptII/ptolemy/actor/lib/test/auto/PublisherPort4.xml
----------------- Instantiating /home/travis/build/icyphy/ptII/ptolemy/actor/lib/test/auto/PublisherPort4.xml
2 ms. Memory: 523264K Free: 299453K (57%)
----------------- Invoking toplevel() on ptolemy.moml.MoMLSimpleApplication@34403243
----------------- Done invoking toplevel() on ptolemy.moml.MoMLSimpleApplication@34403243
reloadAllAccessors: .PublisherPort4

===========================================================================================
----------------- testing Sun Jun 23 20:48:44 UTC 2019 /home/travis/build/icyphy/ptII/ptolemy/actor/lib/test/auto/PublisherPort5.xml
----------------- Instantiating /home/travis/build/icyphy/ptII/ptolemy/actor/lib/test/auto/PublisherPort5.xml
4 ms. Memory: 523264K Free: 291771K (56%)
----------------- Invoking toplevel() on ptolemy.moml.MoMLSimpleApplication@148101c0
----------------- Done invoking toplevel() on ptolemy.moml.MoMLSimpleApplication@148101c0
reloadAllAccessors: .PublisherPort5

===========================================================================================
----------------- testing Sun Jun 23 20:48:44 UTC 2019 /home/travis/build/icyphy/ptII/ptolemy/actor/lib/test/auto/PublisherPort5LookAlike.xml
----------------- Instantiating /home/travis/build/icyphy/ptII/ptolemy/actor/lib/test/auto/PublisherPort5LookAlike.xml
8 ms. Memory: 523264K Free: 284093K (54%)
----------------- Invoking toplevel() on ptolemy.moml.MoMLSimpleApplication@beab215
----------------- Done invoking toplevel() on ptolemy.moml.MoMLSimpleApplication@beab215
reloadAllAccessors: .PublisherPort5LookAlike

===========================================================================================
----------------- testing Sun Jun 23 20:48:44 UTC 2019 /home/travis/build/icyphy/ptII/ptolemy/actor/lib/test/auto/PublisherPort6.xml
----------------- Instantiating /home/travis/build/icyphy/ptII/ptolemy/actor/lib/test/auto/PublisherPort6.xml
2 ms. Memory: 523264K Free: 277949K (53%)
----------------- Invoking toplevel() on ptolemy.moml.MoMLSimpleApplication@1688430b
----------------- Done invoking toplevel() on ptolemy.moml.MoMLSimpleApplication@1688430b
reloadAllAccessors: .PublisherPort6

===========================================================================================
----------------- testing Sun Jun 23 20:48:44 UTC 2019 /home/travis/build/icyphy/ptII/ptolemy/actor/lib/test/auto/PublisherPort7.xml
----------------- Instantiating /home/travis/build/icyphy/ptII/ptolemy/actor/lib/test/auto/PublisherPort7.xml
3 ms. Memory: 523264K Free: 270267K (52%)
----------------- Invoking toplevel() on ptolemy.moml.MoMLSimpleApplication@6569bb0c
----------------- Done invoking toplevel() on ptolemy.moml.MoMLSimpleApplication@6569bb0c
reloadAllAccessors: .PublisherPort7

===========================================================================================
----------------- testing Sun Jun 23 20:48:44 UTC 2019 /home/travis/build/icyphy/ptII/ptolemy/actor/lib/test/auto/PublisherPort8.xml
----------------- Instantiating /home/travis/build/icyphy/ptII/ptolemy/actor/lib/test/auto/PublisherPort8.xml
4 ms. Memory: 523264K Free: 261565K (50%)
----------------- Invoking toplevel() on ptolemy.moml.MoMLSimpleApplication@69d79b8e
----------------- Done invoking toplevel() on ptolemy.moml.MoMLSimpleApplication@69d79b8e
reloadAllAccessors: .PublisherPort8

===========================================================================================
----------------- testing Sun Jun 23 20:48:44 UTC 2019 /home/travis/build/icyphy/ptII/ptolemy/actor/lib/test/auto/PublisherPortSubscriberChannelVariablesAOC2.xml
----------------- Instantiating /home/travis/build/icyphy/ptII/ptolemy/actor/lib/test/auto/PublisherPortSubscriberChannelVariablesAOC2.xml
3 ms. Memory: 523264K Free: 244667K (47%)
----------------- Invoking toplevel() on ptolemy.moml.MoMLSimpleApplication@22ef5c94
----------------- Done invoking toplevel() on ptolemy.moml.MoMLSimpleApplication@22ef5c94
reloadAllAccessors: .PublisherPortSubscriberChannelVariablesAOC2

===========================================================================================
----------------- testing Sun Jun 23 20:48:44 UTC 2019 /home/travis/build/icyphy/ptII/ptolemy/actor/lib/test/auto/PublisherPortSubscriberOpaqueWidthInference.xml
----------------- Instantiating /home/travis/build/icyphy/ptII/ptolemy/actor/lib/test/auto/PublisherPortSubscriberOpaqueWidthInference.xml
3 ms. Memory: 523264K Free: 236989K (45%)
----------------- Invoking toplevel() on ptolemy.moml.MoMLSimpleApplication@6fd6733f
----------------- Done invoking toplevel() on ptolemy.moml.MoMLSimpleApplication@6fd6733f
reloadAllAccessors: .PublisherPortSubscriberOpaqueWidthInference

===========================================================================================
----------------- testing Sun Jun 23 20:48:44 UTC 2019 /home/travis/build/icyphy/ptII/ptolemy/actor/lib/test/auto/PublisherPortSubscriberPortAdjacent.xml
----------------- Instantiating /home/travis/build/icyphy/ptII/ptolemy/actor/lib/test/auto/PublisherPortSubscriberPortAdjacent.xml
1 ms. Memory: 523264K Free: 228797K (44%)
----------------- Invoking toplevel() on ptolemy.moml.MoMLSimpleApplication@16c2cf73
----------------- Done invoking toplevel() on ptolemy.moml.MoMLSimpleApplication@16c2cf73
reloadAllAccessors: .PublisherPortSubscriberPortAdjacent

===========================================================================================
----------------- testing Sun Jun 23 20:48:44 UTC 2019 /home/travis/build/icyphy/ptII/ptolemy/actor/lib/test/auto/PublisherPortSubscriberPortExpression.xml
----------------- Instantiating /home/travis/build/icyphy/ptII/ptolemy/actor/lib/test/auto/PublisherPortSubscriberPortExpression.xml
4 ms. Memory: 523264K Free: 221109K (42%)
----------------- Invoking toplevel() on ptolemy.moml.MoMLSimpleApplication@3bdbe4c7
----------------- Done invoking toplevel() on ptolemy.moml.MoMLSimpleApplication@3bdbe4c7
reloadAllAccessors: .PublisherPortSubscriberPortExpression

===========================================================================================
----------------- testing Sun Jun 23 20:48:44 UTC 2019 /home/travis/build/icyphy/ptII/ptolemy/actor/lib/test/auto/PublisherPortSubscriberPortOpaqueD3Reverse.xml
----------------- Instantiating /home/travis/build/icyphy/ptII/ptolemy/actor/lib/test/auto/PublisherPortSubscriberPortOpaqueD3Reverse.xml
6 ms. Memory: 523264K Free: 210875K (40%)
----------------- Invoking toplevel() on ptolemy.moml.MoMLSimpleApplication@31e08b33
----------------- Done invoking toplevel() on ptolemy.moml.MoMLSimpleApplication@31e08b33
reloadAllAccessors: .PublisherPortSubscriberPortOpaqueD3Reverse

===========================================================================================
----------------- testing Sun Jun 23 20:48:44 UTC 2019 /home/travis/build/icyphy/ptII/ptolemy/actor/lib/test/auto/PublisherPortSubscriberPortOpaqueWidthInference.xml
----------------- Instantiating /home/travis/build/icyphy/ptII/ptolemy/actor/lib/test/auto/PublisherPortSubscriberPortOpaqueWidthInference.xml
4 ms. Memory: 523264K Free: 203197K (39%)
----------------- Invoking toplevel() on ptolemy.moml.MoMLSimpleApplication@2b87eaca
----------------- Done invoking toplevel() on ptolemy.moml.MoMLSimpleApplication@2b87eaca
reloadAllAccessors: .PublisherPortSubscriberPortOpaqueWidthInference

===========================================================================================
----------------- testing Sun Jun 23 20:48:44 UTC 2019 /home/travis/build/icyphy/ptII/ptolemy/actor/lib/test/auto/PublisherPortToplevelSubscriberPortAOC.xml
----------------- Instantiating /home/travis/build/icyphy/ptII/ptolemy/actor/lib/test/auto/PublisherPortToplevelSubscriberPortAOC.xml
.PublisherPortToplevelSubscriberPortAOC.TestExceptionAttribute: initialize() was not invoked, but wrapup() was.  This is unusual, but not always a problem.  For example, exporting JNLP will do this.
2 ms. Memory: 523264K Free: 197563K (38%)
----------------- Invoking toplevel() on ptolemy.moml.MoMLSimpleApplication@1cbd6c6c
----------------- Done invoking toplevel() on ptolemy.moml.MoMLSimpleApplication@1cbd6c6c
reloadAllAccessors: .PublisherPortToplevelSubscriberPortAOC

===========================================================================================
----------------- testing Sun Jun 23 20:48:44 UTC 2019 /home/travis/build/icyphy/ptII/ptolemy/actor/lib/test/auto/PublisherSubscriber.xml
----------------- Instantiating /home/travis/build/icyphy/ptII/ptolemy/actor/lib/test/auto/PublisherSubscriber.xml
3 ms. Memory: 523264K Free: 189885K (36%)
----------------- Invoking toplevel() on ptolemy.moml.MoMLSimpleApplication@5dd3e253
----------------- Done invoking toplevel() on ptolemy.moml.MoMLSimpleApplication@5dd3e253
reloadAllAccessors: .PublisherSubscriber

===========================================================================================
----------------- testing Sun Jun 23 20:48:44 UTC 2019 /home/travis/build/icyphy/ptII/ptolemy/actor/lib/test/auto/PublisherSubscriber10.xml
----------------- Instantiating /home/travis/build/icyphy/ptII/ptolemy/actor/lib/test/auto/PublisherSubscriber10.xml
9 ms. Memory: 523264K Free: 180155K (34%)
----------------- Invoking toplevel() on ptolemy.moml.MoMLSimpleApplication@5c67b2c3
----------------- Done invoking toplevel() on ptolemy.moml.MoMLSimpleApplication@5c67b2c3
reloadAllAccessors: .PublisherSubscriber10

===========================================================================================
----------------- testing Sun Jun 23 20:48:44 UTC 2019 /home/travis/build/icyphy/ptII/ptolemy/actor/lib/test/auto/PublisherSubscriber10InitialOutputs.xml
----------------- Instantiating /home/travis/build/icyphy/ptII/ptolemy/actor/lib/test/auto/PublisherSubscriber10InitialOutputs.xml
14 ms. Memory: 523264K Free: 170939K (33%)
----------------- Invoking toplevel() on ptolemy.moml.MoMLSimpleApplication@271168f4
----------------- Done invoking toplevel() on ptolemy.moml.MoMLSimpleApplication@271168f4
reloadAllAccessors: .PublisherSubscriber10InitialOutputs

===========================================================================================
----------------- testing Sun Jun 23 20:48:44 UTC 2019 /home/travis/build/icyphy/ptII/ptolemy/actor/lib/test/auto/PublisherSubscriber11.xml
----------------- Instantiating /home/travis/build/icyphy/ptII/ptolemy/actor/lib/test/auto/PublisherSubscriber11.xml
2 ms. Memory: 523264K Free: 164765K (31%)
----------------- Invoking toplevel() on ptolemy.moml.MoMLSimpleApplication@16cfeb94
----------------- Done invoking toplevel() on ptolemy.moml.MoMLSimpleApplication@16cfeb94
reloadAllAccessors: .PublisherSubscriber11

===========================================================================================
----------------- testing Sun Jun 23 20:48:44 UTC 2019 /home/travis/build/icyphy/ptII/ptolemy/actor/lib/test/auto/PublisherSubscriber12.xml
----------------- Instantiating /home/travis/build/icyphy/ptII/ptolemy/actor/lib/test/auto/PublisherSubscriber12.xml
6 ms. Memory: 523264K Free: 468108K (89%)
----------------- Invoking toplevel() on ptolemy.moml.MoMLSimpleApplication@5495eaf6
----------------- Done invoking toplevel() on ptolemy.moml.MoMLSimpleApplication@5495eaf6
reloadAllAccessors: .PublisherSubscriber12

===========================================================================================
----------------- testing Sun Jun 23 20:48:44 UTC 2019 /home/travis/build/icyphy/ptII/ptolemy/actor/lib/test/auto/PublisherSubscriber13.xml
----------------- Instantiating /home/travis/build/icyphy/ptII/ptolemy/actor/lib/test/auto/PublisherSubscriber13.xml
2 ms. Memory: 523264K Free: 462444K (88%)
----------------- Invoking toplevel() on ptolemy.moml.MoMLSimpleApplication@59938b5b
----------------- Done invoking toplevel() on ptolemy.moml.MoMLSimpleApplication@59938b5b
reloadAllAccessors: .PublisherSubscriber13

===========================================================================================
----------------- testing Sun Jun 23 20:48:44 UTC 2019 /home/travis/build/icyphy/ptII/ptolemy/actor/lib/test/auto/PublisherSubscriber14.xml
----------------- Instantiating /home/travis/build/icyphy/ptII/ptolemy/actor/lib/test/auto/PublisherSubscriber14.xml
2 ms. Memory: 523264K Free: 453772K (87%)
----------------- Invoking toplevel() on ptolemy.moml.MoMLSimpleApplication@7782f58a
----------------- Done invoking toplevel() on ptolemy.moml.MoMLSimpleApplication@7782f58a
reloadAllAccessors: .PublisherSubscriber14

===========================================================================================
----------------- testing Sun Jun 23 20:48:44 UTC 2019 /home/travis/build/icyphy/ptII/ptolemy/actor/lib/test/auto/PublisherSubscriber2.xml
----------------- Instantiating /home/travis/build/icyphy/ptII/ptolemy/actor/lib/test/auto/PublisherSubscriber2.xml
3 ms. Memory: 523264K Free: 448652K (86%)
----------------- Invoking toplevel() on ptolemy.moml.MoMLSimpleApplication@7c535cd8
----------------- Done invoking toplevel() on ptolemy.moml.MoMLSimpleApplication@7c535cd8
reloadAllAccessors: .PublisherSubscriber2

===========================================================================================
----------------- testing Sun Jun 23 20:48:44 UTC 2019 /home/travis/build/icyphy/ptII/ptolemy/actor/lib/test/auto/PublisherSubscriber3.xml
----------------- Instantiating /home/travis/build/icyphy/ptII/ptolemy/actor/lib/test/auto/PublisherSubscriber3.xml
1 ms. Memory: 523264K Free: 443532K (85%)
----------------- Invoking toplevel() on ptolemy.moml.MoMLSimpleApplication@595e5a5c
----------------- Done invoking toplevel() on ptolemy.moml.MoMLSimpleApplication@595e5a5c
reloadAllAccessors: .PublisherSubscriber3

===========================================================================================
----------------- testing Sun Jun 23 20:48:44 UTC 2019 /home/travis/build/icyphy/ptII/ptolemy/actor/lib/test/auto/PublisherSubscriber4.xml
----------------- Instantiating /home/travis/build/icyphy/ptII/ptolemy/actor/lib/test/auto/PublisherSubscriber4.xml
2 ms. Memory: 523264K Free: 437868K (84%)
----------------- Invoking toplevel() on ptolemy.moml.MoMLSimpleApplication@3d82fd06
----------------- Done invoking toplevel() on ptolemy.moml.MoMLSimpleApplication@3d82fd06
reloadAllAccessors: .PublisherSubscriber4

===========================================================================================
----------------- testing Sun Jun 23 20:48:44 UTC 2019 /home/travis/build/icyphy/ptII/ptolemy/actor/lib/test/auto/PublisherSubscriber5.xml
----------------- Instantiating /home/travis/build/icyphy/ptII/ptolemy/actor/lib/test/auto/PublisherSubscriber5.xml
3 ms. Memory: 523264K Free: 431244K (82%)
----------------- Invoking toplevel() on ptolemy.moml.MoMLSimpleApplication@2226dd29
----------------- Done invoking toplevel() on ptolemy.moml.MoMLSimpleApplication@2226dd29
reloadAllAccessors: .PublisherSubscriber5

===========================================================================================
----------------- testing Sun Jun 23 20:48:44 UTC 2019 /home/travis/build/icyphy/ptII/ptolemy/actor/lib/test/auto/PublisherSubscriber6.xml
----------------- Instantiating /home/travis/build/icyphy/ptII/ptolemy/actor/lib/test/auto/PublisherSubscriber6.xml
4 ms. Memory: 523264K Free: 424586K (81%)
----------------- Invoking toplevel() on ptolemy.moml.MoMLSimpleApplication@73c46e76
----------------- Done invoking toplevel() on ptolemy.moml.MoMLSimpleApplication@73c46e76
reloadAllAccessors: .PublisherSubscriber6

===========================================================================================
----------------- testing Sun Jun 23 20:48:44 UTC 2019 /home/travis/build/icyphy/ptII/ptolemy/actor/lib/test/auto/PublisherSubscriber7.xml
----------------- Instantiating /home/travis/build/icyphy/ptII/ptolemy/actor/lib/test/auto/PublisherSubscriber7.xml
7 ms. Memory: 523264K Free: 417404K (80%)
----------------- Invoking toplevel() on ptolemy.moml.MoMLSimpleApplication@374d57dc
----------------- Done invoking toplevel() on ptolemy.moml.MoMLSimpleApplication@374d57dc
reloadAllAccessors: .PublisherSubscriber7

===========================================================================================
----------------- testing Sun Jun 23 20:48:44 UTC 2019 /home/travis/build/icyphy/ptII/ptolemy/actor/lib/test/auto/PublisherSubscriber8.xml
----------------- Instantiating /home/travis/build/icyphy/ptII/ptolemy/actor/lib/test/auto/PublisherSubscriber8.xml
22 ms. Memory: 523264K Free: 405644K (78%)
----------------- Invoking toplevel() on ptolemy.moml.MoMLSimpleApplication@70f6161f
----------------- Done invoking toplevel() on ptolemy.moml.MoMLSimpleApplication@70f6161f
reloadAllAccessors: .PublisherSubscriber8

===========================================================================================
----------------- testing Sun Jun 23 20:48:44 UTC 2019 /home/travis/build/icyphy/ptII/ptolemy/actor/lib/test/auto/PublisherSubscriber9.xml
----------------- Instantiating /home/travis/build/icyphy/ptII/ptolemy/actor/lib/test/auto/PublisherSubscriber9.xml
2 ms. Memory: 523264K Free: 398476K (76%)
----------------- Invoking toplevel() on ptolemy.moml.MoMLSimpleApplication@5c263301
----------------- Done invoking toplevel() on ptolemy.moml.MoMLSimpleApplication@5c263301
reloadAllAccessors: .PublisherSubscriber9

===========================================================================================
----------------- testing Sun Jun 23 20:48:44 UTC 2019 /home/travis/build/icyphy/ptII/ptolemy/actor/lib/test/auto/PublisherSubscriberAdjacent.xml
----------------- Instantiating /home/travis/build/icyphy/ptII/ptolemy/actor/lib/test/auto/PublisherSubscriberAdjacent.xml
2 ms. Memory: 523264K Free: 390284K (75%)
----------------- Invoking toplevel() on ptolemy.moml.MoMLSimpleApplication@470a91d4
----------------- Done invoking toplevel() on ptolemy.moml.MoMLSimpleApplication@470a91d4
reloadAllAccessors: .PublisherSubscriberAdjacent

===========================================================================================
----------------- testing Sun Jun 23 20:48:44 UTC 2019 /home/travis/build/icyphy/ptII/ptolemy/actor/lib/test/auto/PublisherSubscriberChannelVariablesAOC2.xml
----------------- Instantiating /home/travis/build/icyphy/ptII/ptolemy/actor/lib/test/auto/PublisherSubscriberChannelVariablesAOC2.xml
2 ms. Memory: 523264K Free: 375420K (72%)
----------------- Invoking toplevel() on ptolemy.moml.MoMLSimpleApplication@5a8ea44c
----------------- Done invoking toplevel() on ptolemy.moml.MoMLSimpleApplication@5a8ea44c
reloadAllAccessors: .PublisherSubscriberChannelVariablesAOC2

===========================================================================================
----------------- testing Sun Jun 23 20:48:44 UTC 2019 /home/travis/build/icyphy/ptII/ptolemy/actor/lib/test/auto/PublisherSubscriberD3.xml
----------------- Instantiating /home/travis/build/icyphy/ptII/ptolemy/actor/lib/test/auto/PublisherSubscriberD3.xml
1 ms. Memory: 523264K Free: 368266K (70%)
----------------- Invoking toplevel() on ptolemy.moml.MoMLSimpleApplication@1f91530d
----------------- Done invoking toplevel() on ptolemy.moml.MoMLSimpleApplication@1f91530d
reloadAllAccessors: .PublisherSubscriberD3

===========================================================================================
----------------- testing Sun Jun 23 20:48:44 UTC 2019 /home/travis/build/icyphy/ptII/ptolemy/actor/lib/test/auto/PublisherSubscriberD3Reverse.xml
----------------- Instantiating /home/travis/build/icyphy/ptII/ptolemy/actor/lib/test/auto/PublisherSubscriberD3Reverse.xml
2 ms. Memory: 523264K Free: 362122K (69%)
----------------- Invoking toplevel() on ptolemy.moml.MoMLSimpleApplication@389b7107
----------------- Done invoking toplevel() on ptolemy.moml.MoMLSimpleApplication@389b7107
reloadAllAccessors: .PublisherSubscriberD3Reverse

===========================================================================================
----------------- testing Sun Jun 23 20:48:44 UTC 2019 /home/travis/build/icyphy/ptII/ptolemy/actor/lib/test/auto/PublisherSubscriberExpression.xml
----------------- Instantiating /home/travis/build/icyphy/ptII/ptolemy/actor/lib/test/auto/PublisherSubscriberExpression.xml
14 ms. Memory: 523264K Free: 353924K (68%)
----------------- Invoking toplevel() on ptolemy.moml.MoMLSimpleApplication@1201162b
----------------- Done invoking toplevel() on ptolemy.moml.MoMLSimpleApplication@1201162b
reloadAllAccessors: .PublisherSubscriberExpression

===========================================================================================
----------------- testing Sun Jun 23 20:48:45 UTC 2019 /home/travis/build/icyphy/ptII/ptolemy/actor/lib/test/auto/PublisherSubscriberOpaque.xml
----------------- Instantiating /home/travis/build/icyphy/ptII/ptolemy/actor/lib/test/auto/PublisherSubscriberOpaque.xml
4 ms. Memory: 523264K Free: 345738K (66%)
----------------- Invoking toplevel() on ptolemy.moml.MoMLSimpleApplication@7321b947
----------------- Done invoking toplevel() on ptolemy.moml.MoMLSimpleApplication@7321b947
reloadAllAccessors: .PublisherSubscriberOpaque

===========================================================================================
----------------- testing Sun Jun 23 20:48:45 UTC 2019 /home/travis/build/icyphy/ptII/ptolemy/actor/lib/test/auto/PublisherSubscriberOpaqueD3.xml
----------------- Instantiating /home/travis/build/icyphy/ptII/ptolemy/actor/lib/test/auto/PublisherSubscriberOpaqueD3.xml
4 ms. Memory: 523264K Free: 334474K (64%)
----------------- Invoking toplevel() on ptolemy.moml.MoMLSimpleApplication@2f6e3de
----------------- Done invoking toplevel() on ptolemy.moml.MoMLSimpleApplication@2f6e3de
reloadAllAccessors: .PublisherSubscriberOpaqueD3

===========================================================================================
----------------- testing Sun Jun 23 20:48:45 UTC 2019 /home/travis/build/icyphy/ptII/ptolemy/actor/lib/test/auto/PublisherSubscriberOpaqueD3Reverse.xml
----------------- Instantiating /home/travis/build/icyphy/ptII/ptolemy/actor/lib/test/auto/PublisherSubscriberOpaqueD3Reverse.xml
7 ms. Memory: 523264K Free: 323724K (62%)
----------------- Invoking toplevel() on ptolemy.moml.MoMLSimpleApplication@7941442
----------------- Done invoking toplevel() on ptolemy.moml.MoMLSimpleApplication@7941442
reloadAllAccessors: .PublisherSubscriberOpaqueD3Reverse

===========================================================================================
----------------- testing Sun Jun 23 20:48:45 UTC 2019 /home/travis/build/icyphy/ptII/ptolemy/actor/lib/test/auto/PublisherSubscriberOpaqueWidthInference.xml
----------------- Instantiating /home/travis/build/icyphy/ptII/ptolemy/actor/lib/test/auto/PublisherSubscriberOpaqueWidthInference.xml
4 ms. Memory: 523264K Free: 315532K (60%)
----------------- Invoking toplevel() on ptolemy.moml.MoMLSimpleApplication@12df3abb
----------------- Done invoking toplevel() on ptolemy.moml.MoMLSimpleApplication@12df3abb
reloadAllAccessors: .PublisherSubscriberOpaqueWidthInference

===========================================================================================
----------------- testing Sun Jun 23 20:48:45 UTC 2019 /home/travis/build/icyphy/ptII/ptolemy/actor/lib/test/auto/PublisherTestSubscriber.xml
----------------- Instantiating /home/travis/build/icyphy/ptII/ptolemy/actor/lib/test/auto/PublisherTestSubscriber.xml
3 ms. Memory: 523264K Free: 307844K (59%)
----------------- Invoking toplevel() on ptolemy.moml.MoMLSimpleApplication@4ba873c7
----------------- Done invoking toplevel() on ptolemy.moml.MoMLSimpleApplication@4ba873c7
reloadAllAccessors: .PublisherTestSubscriber

===========================================================================================
----------------- testing Sun Jun 23 20:48:45 UTC 2019 /home/travis/build/icyphy/ptII/ptolemy/actor/lib/test/auto/PublisherToplevelSubscriberPortAOC.xml
----------------- Instantiating /home/travis/build/icyphy/ptII/ptolemy/actor/lib/test/auto/PublisherToplevelSubscriberPortAOC.xml
1 ms. Memory: 523264K Free: 301196K (58%)
----------------- Invoking toplevel() on ptolemy.moml.MoMLSimpleApplication@2fbbf8fe
----------------- Done invoking toplevel() on ptolemy.moml.MoMLSimpleApplication@2fbbf8fe
reloadAllAccessors: .PublisherToplevelSubscriberPortAOC

===========================================================================================
----------------- testing Sun Jun 23 20:48:45 UTC 2019 /home/travis/build/icyphy/ptII/ptolemy/actor/lib/test/auto/PulseFiringLimitDE.xml
----------------- Instantiating /home/travis/build/icyphy/ptII/ptolemy/actor/lib/test/auto/PulseFiringLimitDE.xml
1 ms. Memory: 523264K Free: 295052K (56%)
----------------- Invoking toplevel() on ptolemy.moml.MoMLSimpleApplication@7a9bd40b
----------------- Done invoking toplevel() on ptolemy.moml.MoMLSimpleApplication@7a9bd40b
reloadAllAccessors: .PulseFiringLimitDE

===========================================================================================
----------------- testing Sun Jun 23 20:48:45 UTC 2019 /home/travis/build/icyphy/ptII/ptolemy/actor/lib/test/auto/Ramp1.xml
----------------- Instantiating /home/travis/build/icyphy/ptII/ptolemy/actor/lib/test/auto/Ramp1.xml
2 ms. Memory: 523264K Free: 290956K (56%)
----------------- Invoking toplevel() on ptolemy.moml.MoMLSimpleApplication@ed7e118
----------------- Done invoking toplevel() on ptolemy.moml.MoMLSimpleApplication@ed7e118
reloadAllAccessors: .Ramp1

===========================================================================================
----------------- testing Sun Jun 23 20:48:45 UTC 2019 /home/travis/build/icyphy/ptII/ptolemy/actor/lib/test/auto/RampFiringLimitDE.xml
----------------- Instantiating /home/travis/build/icyphy/ptII/ptolemy/actor/lib/test/auto/RampFiringLimitDE.xml
2 ms. Memory: 523264K Free: 284284K (54%)
----------------- Invoking toplevel() on ptolemy.moml.MoMLSimpleApplication@d432610
----------------- Done invoking toplevel() on ptolemy.moml.MoMLSimpleApplication@d432610
reloadAllAccessors: .RampFiringLimitDE

===========================================================================================
----------------- testing Sun Jun 23 20:48:45 UTC 2019 /home/travis/build/icyphy/ptII/ptolemy/actor/lib/test/auto/RampFiringLimitSDF.xml
----------------- Instantiating /home/travis/build/icyphy/ptII/ptolemy/actor/lib/test/auto/RampFiringLimitSDF.xml
2 ms. Memory: 523264K Free: 279164K (53%)
----------------- Invoking toplevel() on ptolemy.moml.MoMLSimpleApplication@37f68e42
----------------- Done invoking toplevel() on ptolemy.moml.MoMLSimpleApplication@37f68e42
reloadAllAccessors: .RampFiringLimitSDF

===========================================================================================
----------------- testing Sun Jun 23 20:48:45 UTC 2019 /home/travis/build/icyphy/ptII/ptolemy/actor/lib/test/auto/RandomInteger.xml
----------------- Instantiating /home/travis/build/icyphy/ptII/ptolemy/actor/lib/test/auto/RandomInteger.xml
1 ms. Memory: 523264K Free: 275082K (53%)
----------------- Invoking toplevel() on ptolemy.moml.MoMLSimpleApplication@4c283a4f
----------------- Done invoking toplevel() on ptolemy.moml.MoMLSimpleApplication@4c283a4f
reloadAllAccessors: .RandomInteger

===========================================================================================
----------------- testing Sun Jun 23 20:48:45 UTC 2019 /home/travis/build/icyphy/ptII/ptolemy/actor/lib/test/auto/ReadFile1.xml
----------------- Instantiating /home/travis/build/icyphy/ptII/ptolemy/actor/lib/test/auto/ReadFile1.xml
1 ms. Memory: 523264K Free: 270476K (52%)
----------------- Invoking toplevel() on ptolemy.moml.MoMLSimpleApplication@102dcf43
----------------- Done invoking toplevel() on ptolemy.moml.MoMLSimpleApplication@102dcf43
reloadAllAccessors: .ReadFile1

===========================================================================================
----------------- testing Sun Jun 23 20:48:45 UTC 2019 /home/travis/build/icyphy/ptII/ptolemy/actor/lib/test/auto/ReadFile2.xml
----------------- Instantiating /home/travis/build/icyphy/ptII/ptolemy/actor/lib/test/auto/ReadFile2.xml
1 ms. Memory: 523264K Free: 266380K (51%)
----------------- Invoking toplevel() on ptolemy.moml.MoMLSimpleApplication@66a97f4
----------------- Done invoking toplevel() on ptolemy.moml.MoMLSimpleApplication@66a97f4
reloadAllAccessors: .ReadFile2

===========================================================================================
----------------- testing Sun Jun 23 20:48:45 UTC 2019 /home/travis/build/icyphy/ptII/ptolemy/actor/lib/test/auto/Reader.xml
----------------- Instantiating /home/travis/build/icyphy/ptII/ptolemy/actor/lib/test/auto/Reader.xml
actor.lib.Reader is obsolete, use actor.lib.io.ExpressionReader instead
2 ms. Memory: 523264K Free: 262284K (50%)
----------------- Invoking toplevel() on ptolemy.moml.MoMLSimpleApplication@1fed9eae
----------------- Done invoking toplevel() on ptolemy.moml.MoMLSimpleApplication@1fed9eae
reloadAllAccessors: .Reader

===========================================================================================
----------------- testing Sun Jun 23 20:48:45 UTC 2019 /home/travis/build/icyphy/ptII/ptolemy/actor/lib/test/auto/RecordAssemblerDisplayNameTest.xml
----------------- Instantiating /home/travis/build/icyphy/ptII/ptolemy/actor/lib/test/auto/RecordAssemblerDisplayNameTest.xml
3724 ms. Memory: 523264K Free: 321791K (61%)
----------------- Invoking toplevel() on ptolemy.moml.MoMLSimpleApplication@42313a40
----------------- Done invoking toplevel() on ptolemy.moml.MoMLSimpleApplication@42313a40
reloadAllAccessors: .RecordAssemblerDisplayNameTest

===========================================================================================
----------------- testing Sun Jun 23 20:48:48 UTC 2019 /home/travis/build/icyphy/ptII/ptolemy/actor/lib/test/auto/RecordAssemblerTypeError.xml
----------------- Instantiating /home/travis/build/icyphy/ptII/ptolemy/actor/lib/test/auto/RecordAssemblerTypeError.xml
18 ms. Memory: 523264K Free: 312061K (60%)
----------------- Invoking toplevel() on ptolemy.moml.MoMLSimpleApplication@78bfdbd7
----------------- Done invoking toplevel() on ptolemy.moml.MoMLSimpleApplication@78bfdbd7
reloadAllAccessors: .RecordAssemblerTypeError

===========================================================================================
----------------- testing Sun Jun 23 20:48:49 UTC 2019 /home/travis/build/icyphy/ptII/ptolemy/actor/lib/test/auto/RecordDisassember.xml
----------------- Instantiating /home/travis/build/icyphy/ptII/ptolemy/actor/lib/test/auto/RecordDisassember.xml
3 ms. Memory: 523264K Free: 307455K (59%)
----------------- Invoking toplevel() on ptolemy.moml.MoMLSimpleApplication@68838f05
----------------- Done invoking toplevel() on ptolemy.moml.MoMLSimpleApplication@68838f05
reloadAllAccessors: .RecordDisassember

===========================================================================================
----------------- testing Sun Jun 23 20:48:49 UTC 2019 /home/travis/build/icyphy/ptII/ptolemy/actor/lib/test/auto/RecordDisassemberDisplayNameTest.xml
----------------- Instantiating /home/travis/build/icyphy/ptII/ptolemy/actor/lib/test/auto/RecordDisassemberDisplayNameTest.xml
6 ms. Memory: 523264K Free: 299773K (57%)
----------------- Invoking toplevel() on ptolemy.moml.MoMLSimpleApplication@7fae1ff2
----------------- Done invoking toplevel() on ptolemy.moml.MoMLSimpleApplication@7fae1ff2
reloadAllAccessors: .RecordDisassemberDisplayNameTest

===========================================================================================
----------------- testing Sun Jun 23 20:48:49 UTC 2019 /home/travis/build/icyphy/ptII/ptolemy/actor/lib/test/auto/RecordDisassembler.xml
----------------- Instantiating /home/travis/build/icyphy/ptII/ptolemy/actor/lib/test/auto/RecordDisassembler.xml
4 ms. Memory: 523264K Free: 294647K (56%)
----------------- Invoking toplevel() on ptolemy.moml.MoMLSimpleApplication@1c86e984
----------------- Done invoking toplevel() on ptolemy.moml.MoMLSimpleApplication@1c86e984
reloadAllAccessors: .RecordDisassembler

===========================================================================================
----------------- testing Sun Jun 23 20:48:49 UTC 2019 /home/travis/build/icyphy/ptII/ptolemy/actor/lib/test/auto/RecordDisassembler2.xml
----------------- Instantiating /home/travis/build/icyphy/ptII/ptolemy/actor/lib/test/auto/RecordDisassembler2.xml
2 ms. Memory: 523264K Free: 289519K (55%)
----------------- Invoking toplevel() on ptolemy.moml.MoMLSimpleApplication@6bba4d8f
----------------- Done invoking toplevel() on ptolemy.moml.MoMLSimpleApplication@6bba4d8f
reloadAllAccessors: .RecordDisassembler2

===========================================================================================
----------------- testing Sun Jun 23 20:48:49 UTC 2019 /home/travis/build/icyphy/ptII/ptolemy/actor/lib/test/auto/RecordUpdater.xml
----------------- Instantiating /home/travis/build/icyphy/ptII/ptolemy/actor/lib/test/auto/RecordUpdater.xml
2 ms. Memory: 523264K Free: 284413K (54%)
----------------- Invoking toplevel() on ptolemy.moml.MoMLSimpleApplication@75e4355e
----------------- Done invoking toplevel() on ptolemy.moml.MoMLSimpleApplication@75e4355e
reloadAllAccessors: .RecordUpdater

===========================================================================================
----------------- testing Sun Jun 23 20:48:49 UTC 2019 /home/travis/build/icyphy/ptII/ptolemy/actor/lib/test/auto/RecordUpdater2.xml
----------------- Instantiating /home/travis/build/icyphy/ptII/ptolemy/actor/lib/test/auto/RecordUpdater2.xml
2 ms. Memory: 523264K Free: 279293K (53%)
----------------- Invoking toplevel() on ptolemy.moml.MoMLSimpleApplication@4718f887
----------------- Done invoking toplevel() on ptolemy.moml.MoMLSimpleApplication@4718f887
reloadAllAccessors: .RecordUpdater2

===========================================================================================
----------------- testing Sun Jun 23 20:48:49 UTC 2019 /home/travis/build/icyphy/ptII/ptolemy/actor/lib/test/auto/RecursiveLattice.xml
----------------- Instantiating /home/travis/build/icyphy/ptII/ptolemy/actor/lib/test/auto/RecursiveLattice.xml
2 ms. Memory: 523264K Free: 275197K (53%)
----------------- Invoking toplevel() on ptolemy.moml.MoMLSimpleApplication@fe4589f
----------------- Done invoking toplevel() on ptolemy.moml.MoMLSimpleApplication@fe4589f
reloadAllAccessors: .RecursiveLattice

===========================================================================================
----------------- testing Sun Jun 23 20:48:49 UTC 2019 /home/travis/build/icyphy/ptII/ptolemy/actor/lib/test/auto/Router.xml
----------------- Instantiating /home/travis/build/icyphy/ptII/ptolemy/actor/lib/test/auto/Router.xml
3004 ms. Memory: 523264K Free: 264447K (51%)
----------------- Invoking toplevel() on ptolemy.moml.MoMLSimpleApplication@73284268
----------------- Done invoking toplevel() on ptolemy.moml.MoMLSimpleApplication@73284268
reloadAllAccessors: .Router

===========================================================================================
----------------- testing Sun Jun 23 20:48:52 UTC 2019 /home/travis/build/icyphy/ptII/ptolemy/actor/lib/test/auto/Router2.xml
----------------- Instantiating /home/travis/build/icyphy/ptII/ptolemy/actor/lib/test/auto/Router2.xml
3007 ms. Memory: 523264K Free: 253183K (48%)
----------------- Invoking toplevel() on ptolemy.moml.MoMLSimpleApplication@416222bf
----------------- Done invoking toplevel() on ptolemy.moml.MoMLSimpleApplication@416222bf
reloadAllAccessors: .Router2

===========================================================================================
----------------- testing Sun Jun 23 20:48:55 UTC 2019 /home/travis/build/icyphy/ptII/ptolemy/actor/lib/test/auto/RunningMaximum.xml
----------------- Instantiating /home/travis/build/icyphy/ptII/ptolemy/actor/lib/test/auto/RunningMaximum.xml
1 ms. Memory: 523264K Free: 248573K (48%)
----------------- Invoking toplevel() on ptolemy.moml.MoMLSimpleApplication@25c17fe0
----------------- Done invoking toplevel() on ptolemy.moml.MoMLSimpleApplication@25c17fe0
reloadAllAccessors: .RunningMaximum

===========================================================================================
----------------- testing Sun Jun 23 20:48:55 UTC 2019 /home/travis/build/icyphy/ptII/ptolemy/actor/lib/test/auto/RunningMinimum.xml
----------------- Instantiating /home/travis/build/icyphy/ptII/ptolemy/actor/lib/test/auto/RunningMinimum.xml
1 ms. Memory: 523264K Free: 243967K (47%)
----------------- Invoking toplevel() on ptolemy.moml.MoMLSimpleApplication@2a5bde95
----------------- Done invoking toplevel() on ptolemy.moml.MoMLSimpleApplication@2a5bde95
reloadAllAccessors: .RunningMinimum

===========================================================================================
----------------- testing Sun Jun 23 20:48:55 UTC 2019 /home/travis/build/icyphy/ptII/ptolemy/actor/lib/test/auto/Scale.xml
----------------- Instantiating /home/travis/build/icyphy/ptII/ptolemy/actor/lib/test/auto/Scale.xml
2 ms. Memory: 523264K Free: 239357K (46%)
----------------- Invoking toplevel() on ptolemy.moml.MoMLSimpleApplication@596b264e
----------------- Done invoking toplevel() on ptolemy.moml.MoMLSimpleApplication@596b264e
reloadAllAccessors: .Scale

===========================================================================================
----------------- testing Sun Jun 23 20:48:55 UTC 2019 /home/travis/build/icyphy/ptII/ptolemy/actor/lib/test/auto/Scale2.xml
----------------- Instantiating /home/travis/build/icyphy/ptII/ptolemy/actor/lib/test/auto/Scale2.xml
3 ms. Memory: 523264K Free: 234751K (45%)
----------------- Invoking toplevel() on ptolemy.moml.MoMLSimpleApplication@4fb4a02a
----------------- Done invoking toplevel() on ptolemy.moml.MoMLSimpleApplication@4fb4a02a
reloadAllAccessors: .Scale2

===========================================================================================
----------------- testing Sun Jun 23 20:48:55 UTC 2019 /home/travis/build/icyphy/ptII/ptolemy/actor/lib/test/auto/Scale3.xml
----------------- Instantiating /home/travis/build/icyphy/ptII/ptolemy/actor/lib/test/auto/Scale3.xml
3 ms. Memory: 523264K Free: 228607K (44%)
----------------- Invoking toplevel() on ptolemy.moml.MoMLSimpleApplication@34fdd4d1
----------------- Done invoking toplevel() on ptolemy.moml.MoMLSimpleApplication@34fdd4d1
reloadAllAccessors: .Scale3

===========================================================================================
----------------- testing Sun Jun 23 20:48:55 UTC 2019 /home/travis/build/icyphy/ptII/ptolemy/actor/lib/test/auto/ScaleArray.xml
----------------- Instantiating /home/travis/build/icyphy/ptII/ptolemy/actor/lib/test/auto/ScaleArray.xml
3 ms. Memory: 523264K Free: 223997K (43%)
----------------- Invoking toplevel() on ptolemy.moml.MoMLSimpleApplication@1030670a
----------------- Done invoking toplevel() on ptolemy.moml.MoMLSimpleApplication@1030670a
reloadAllAccessors: .ScaleArray

===========================================================================================
----------------- testing Sun Jun 23 20:48:55 UTC 2019 /home/travis/build/icyphy/ptII/ptolemy/actor/lib/test/auto/ScaleArray2.xml
----------------- Instantiating /home/travis/build/icyphy/ptII/ptolemy/actor/lib/test/auto/ScaleArray2.xml
1 ms. Memory: 523264K Free: 219391K (42%)
----------------- Invoking toplevel() on ptolemy.moml.MoMLSimpleApplication@68b68f7b
----------------- Done invoking toplevel() on ptolemy.moml.MoMLSimpleApplication@68b68f7b
reloadAllAccessors: .ScaleArray2

===========================================================================================
----------------- testing Sun Jun 23 20:48:55 UTC 2019 /home/travis/build/icyphy/ptII/ptolemy/actor/lib/test/auto/ScaleMatrix.xml
----------------- Instantiating /home/travis/build/icyphy/ptII/ptolemy/actor/lib/test/auto/ScaleMatrix.xml
157 ms. Memory: 523264K Free: 206079K (39%)
----------------- Invoking toplevel() on ptolemy.moml.MoMLSimpleApplication@1db7050
----------------- Done invoking toplevel() on ptolemy.moml.MoMLSimpleApplication@1db7050
reloadAllAccessors: .ScaleMatrix

===========================================================================================
----------------- testing Sun Jun 23 20:48:55 UTC 2019 /home/travis/build/icyphy/ptII/ptolemy/actor/lib/test/auto/Select.xml
----------------- Instantiating /home/travis/build/icyphy/ptII/ptolemy/actor/lib/test/auto/Select.xml
2 ms. Memory: 523264K Free: 199935K (38%)
----------------- Invoking toplevel() on ptolemy.moml.MoMLSimpleApplication@78baa0c3
----------------- Done invoking toplevel() on ptolemy.moml.MoMLSimpleApplication@78baa0c3
reloadAllAccessors: .Select

===========================================================================================
----------------- testing Sun Jun 23 20:48:55 UTC 2019 /home/travis/build/icyphy/ptII/ptolemy/actor/lib/test/auto/Select2.xml
----------------- Instantiating /home/travis/build/icyphy/ptII/ptolemy/actor/lib/test/auto/Select2.xml
1 ms. Memory: 523264K Free: 195325K (37%)
----------------- Invoking toplevel() on ptolemy.moml.MoMLSimpleApplication@6023ad99
----------------- Done invoking toplevel() on ptolemy.moml.MoMLSimpleApplication@6023ad99
reloadAllAccessors: .Select2

===========================================================================================
----------------- testing Sun Jun 23 20:48:55 UTC 2019 /home/travis/build/icyphy/ptII/ptolemy/actor/lib/test/auto/SequenceToArray2.xml
----------------- Instantiating /home/travis/build/icyphy/ptII/ptolemy/actor/lib/test/auto/SequenceToArray2.xml
94 ms. Memory: 523264K Free: 170239K (33%)
----------------- Invoking toplevel() on ptolemy.moml.MoMLSimpleApplication@a5c97e4
----------------- Done invoking toplevel() on ptolemy.moml.MoMLSimpleApplication@a5c97e4
reloadAllAccessors: .SequenceToArray2

===========================================================================================
----------------- testing Sun Jun 23 20:48:55 UTC 2019 /home/travis/build/icyphy/ptII/ptolemy/actor/lib/test/auto/SequentialClock.xml
----------------- Instantiating /home/travis/build/icyphy/ptII/ptolemy/actor/lib/test/auto/SequentialClock.xml
2 ms. Memory: 523264K Free: 166143K (32%)
----------------- Invoking toplevel() on ptolemy.moml.MoMLSimpleApplication@7fab52a
----------------- Done invoking toplevel() on ptolemy.moml.MoMLSimpleApplication@7fab52a
reloadAllAccessors: .SequentialClock

===========================================================================================
----------------- testing Sun Jun 23 20:48:55 UTC 2019 /home/travis/build/icyphy/ptII/ptolemy/actor/lib/test/auto/SetVariable.xml
----------------- Instantiating /home/travis/build/icyphy/ptII/ptolemy/actor/lib/test/auto/SetVariable.xml
5 ms. Memory: 523264K Free: 471618K (90%)
----------------- Invoking toplevel() on ptolemy.moml.MoMLSimpleApplication@479a4042
----------------- Done invoking toplevel() on ptolemy.moml.MoMLSimpleApplication@479a4042
reloadAllAccessors: .SetVariable

===========================================================================================
----------------- testing Sun Jun 23 20:48:55 UTC 2019 /home/travis/build/icyphy/ptII/ptolemy/actor/lib/test/auto/SetVariable2.xml
----------------- Instantiating /home/travis/build/icyphy/ptII/ptolemy/actor/lib/test/auto/SetVariable2.xml
2 ms. Memory: 523264K Free: 465988K (89%)
----------------- Invoking toplevel() on ptolemy.moml.MoMLSimpleApplication@9f09ea6
----------------- Done invoking toplevel() on ptolemy.moml.MoMLSimpleApplication@9f09ea6
reloadAllAccessors: .SetVariable2

===========================================================================================
----------------- testing Sun Jun 23 20:48:55 UTC 2019 /home/travis/build/icyphy/ptII/ptolemy/actor/lib/test/auto/SetVariable3.xml
----------------- Instantiating /home/travis/build/icyphy/ptII/ptolemy/actor/lib/test/auto/SetVariable3.xml
8 ms. Memory: 523264K Free: 460868K (88%)
----------------- Invoking toplevel() on ptolemy.moml.MoMLSimpleApplication@5be75f7b
----------------- Done invoking toplevel() on ptolemy.moml.MoMLSimpleApplication@5be75f7b
reloadAllAccessors: .SetVariable3

===========================================================================================
----------------- testing Sun Jun 23 20:48:55 UTC 2019 /home/travis/build/icyphy/ptII/ptolemy/actor/lib/test/auto/SetVariable4.xml
----------------- Instantiating /home/travis/build/icyphy/ptII/ptolemy/actor/lib/test/auto/SetVariable4.xml
20 ms. Memory: 523264K Free: 451650K (86%)
----------------- Invoking toplevel() on ptolemy.moml.MoMLSimpleApplication@7e43f881
----------------- Done invoking toplevel() on ptolemy.moml.MoMLSimpleApplication@7e43f881
reloadAllAccessors: .SetVariable4

===========================================================================================
----------------- testing Sun Jun 23 20:48:55 UTC 2019 /home/travis/build/icyphy/ptII/ptolemy/actor/lib/test/auto/SetVariable5.xml
----------------- Instantiating /home/travis/build/icyphy/ptII/ptolemy/actor/lib/test/auto/SetVariable5.xml
22 ms. Memory: 523264K Free: 442436K (85%)
----------------- Invoking toplevel() on ptolemy.moml.MoMLSimpleApplication@72a2a316
----------------- Done invoking toplevel() on ptolemy.moml.MoMLSimpleApplication@72a2a316
reloadAllAccessors: .SetVariable5

===========================================================================================
----------------- testing Sun Jun 23 20:48:55 UTC 2019 /home/travis/build/icyphy/ptII/ptolemy/actor/lib/test/auto/Sinewave.xml
----------------- Instantiating /home/travis/build/icyphy/ptII/ptolemy/actor/lib/test/auto/Sinewave.xml
5 ms. Memory: 523264K Free: 432196K (83%)
----------------- Invoking toplevel() on ptolemy.moml.MoMLSimpleApplication@60f2b9a1
----------------- Done invoking toplevel() on ptolemy.moml.MoMLSimpleApplication@60f2b9a1
reloadAllAccessors: .Sinewave

===========================================================================================
----------------- testing Sun Jun 23 20:48:55 UTC 2019 /home/travis/build/icyphy/ptII/ptolemy/actor/lib/test/auto/Sinewave2.xml
----------------- Instantiating /home/travis/build/icyphy/ptII/ptolemy/actor/lib/test/auto/Sinewave2.xml
6 ms. Memory: 523264K Free: 424004K (81%)
----------------- Invoking toplevel() on ptolemy.moml.MoMLSimpleApplication@3f272052
----------------- Done invoking toplevel() on ptolemy.moml.MoMLSimpleApplication@3f272052
reloadAllAccessors: .Sinewave2

===========================================================================================
----------------- testing Sun Jun 23 20:48:55 UTC 2019 /home/travis/build/icyphy/ptII/ptolemy/actor/lib/test/auto/Sinewave3.xml
----------------- Instantiating /home/travis/build/icyphy/ptII/ptolemy/actor/lib/test/auto/Sinewave3.xml
9 ms. Memory: 523264K Free: 415812K (79%)
----------------- Invoking toplevel() on ptolemy.moml.MoMLSimpleApplication@7e2eb9ce
----------------- Done invoking toplevel() on ptolemy.moml.MoMLSimpleApplication@7e2eb9ce
reloadAllAccessors: .Sinewave3

===========================================================================================
----------------- testing Sun Jun 23 20:48:55 UTC 2019 /home/travis/build/icyphy/ptII/ptolemy/actor/lib/test/auto/SingleEvent.xml
----------------- Instantiating /home/travis/build/icyphy/ptII/ptolemy/actor/lib/test/auto/SingleEvent.xml
1 ms. Memory: 523264K Free: 411716K (79%)
----------------- Invoking toplevel() on ptolemy.moml.MoMLSimpleApplication@33fb7550
----------------- Done invoking toplevel() on ptolemy.moml.MoMLSimpleApplication@33fb7550
reloadAllAccessors: .SingleEvent

===========================================================================================
----------------- testing Sun Jun 23 20:48:55 UTC 2019 /home/travis/build/icyphy/ptII/ptolemy/actor/lib/test/auto/Sleep.xml
----------------- Instantiating /home/travis/build/icyphy/ptII/ptolemy/actor/lib/test/auto/Sleep.xml
6006 ms. Memory: 523264K Free: 406082K (78%)
----------------- Invoking toplevel() on ptolemy.moml.MoMLSimpleApplication@7d1121b
----------------- Done invoking toplevel() on ptolemy.moml.MoMLSimpleApplication@7d1121b
reloadAllAccessors: .Sleep

===========================================================================================
----------------- testing Sun Jun 23 20:49:01 UTC 2019 /home/travis/build/icyphy/ptII/ptolemy/actor/lib/test/auto/SleepMultipleFire.xml
----------------- Instantiating /home/travis/build/icyphy/ptII/ptolemy/actor/lib/test/auto/SleepMultipleFire.xml
1006 ms. Memory: 523264K Free: 399938K (76%)
----------------- Invoking toplevel() on ptolemy.moml.MoMLSimpleApplication@74da16c2
----------------- Done invoking toplevel() on ptolemy.moml.MoMLSimpleApplication@74da16c2
reloadAllAccessors: .SleepMultipleFire

===========================================================================================
----------------- testing Sun Jun 23 20:49:02 UTC 2019 /home/travis/build/icyphy/ptII/ptolemy/actor/lib/test/auto/StopDE.xml
----------------- Instantiating /home/travis/build/icyphy/ptII/ptolemy/actor/lib/test/auto/StopDE.xml
3 ms. Memory: 523264K Free: 394308K (75%)
----------------- Invoking toplevel() on ptolemy.moml.MoMLSimpleApplication@426546f1
----------------- Done invoking toplevel() on ptolemy.moml.MoMLSimpleApplication@426546f1
reloadAllAccessors: .StopDE

===========================================================================================
----------------- testing Sun Jun 23 20:49:02 UTC 2019 /home/travis/build/icyphy/ptII/ptolemy/actor/lib/test/auto/StopSDF.xml
----------------- Instantiating /home/travis/build/icyphy/ptII/ptolemy/actor/lib/test/auto/StopSDF.xml
4 ms. Memory: 523264K Free: 389188K (74%)
----------------- Invoking toplevel() on ptolemy.moml.MoMLSimpleApplication@1c488112
----------------- Done invoking toplevel() on ptolemy.moml.MoMLSimpleApplication@1c488112
reloadAllAccessors: .StopSDF

===========================================================================================
----------------- testing Sun Jun 23 20:49:02 UTC 2019 /home/travis/build/icyphy/ptII/ptolemy/actor/lib/test/auto/StringConstant.xml
----------------- Instantiating /home/travis/build/icyphy/ptII/ptolemy/actor/lib/test/auto/StringConstant.xml
10 ms. Memory: 523264K Free: 384578K (73%)
----------------- Invoking toplevel() on ptolemy.moml.MoMLSimpleApplication@68ad9115
----------------- Done invoking toplevel() on ptolemy.moml.MoMLSimpleApplication@68ad9115
reloadAllAccessors: .StringConstant

===========================================================================================
----------------- testing Sun Jun 23 20:49:03 UTC 2019 /home/travis/build/icyphy/ptII/ptolemy/actor/lib/test/auto/SubscriberPortInitialValues1.xml
----------------- Instantiating /home/travis/build/icyphy/ptII/ptolemy/actor/lib/test/auto/SubscriberPortInitialValues1.xml
8 ms. Memory: 523264K Free: 375876K (72%)
----------------- Invoking toplevel() on ptolemy.moml.MoMLSimpleApplication@6291572
----------------- Done invoking toplevel() on ptolemy.moml.MoMLSimpleApplication@6291572
reloadAllAccessors: .SubscriberPortInitialValues1

===========================================================================================
----------------- testing Sun Jun 23 20:49:03 UTC 2019 /home/travis/build/icyphy/ptII/ptolemy/actor/lib/test/auto/SubscriberPortInitialValues13.xml
----------------- Instantiating /home/travis/build/icyphy/ptII/ptolemy/actor/lib/test/auto/SubscriberPortInitialValues13.xml
6 ms. Memory: 523264K Free: 363074K (69%)
----------------- Invoking toplevel() on ptolemy.moml.MoMLSimpleApplication@76dc436
----------------- Done invoking toplevel() on ptolemy.moml.MoMLSimpleApplication@76dc436
reloadAllAccessors: .SubscriberPortInitialValues13

===========================================================================================
----------------- testing Sun Jun 23 20:49:03 UTC 2019 /home/travis/build/icyphy/ptII/ptolemy/actor/lib/test/auto/SubscriberPortInitialValues14.xml
----------------- Instantiating /home/travis/build/icyphy/ptII/ptolemy/actor/lib/test/auto/SubscriberPortInitialValues14.xml
5 ms. Memory: 523264K Free: 355396K (68%)
----------------- Invoking toplevel() on ptolemy.moml.MoMLSimpleApplication@474c43be
----------------- Done invoking toplevel() on ptolemy.moml.MoMLSimpleApplication@474c43be
reloadAllAccessors: .SubscriberPortInitialValues14

===========================================================================================
----------------- testing Sun Jun 23 20:49:03 UTC 2019 /home/travis/build/icyphy/ptII/ptolemy/actor/lib/test/auto/SubscriberPortInitialValues2.xml
----------------- Instantiating /home/travis/build/icyphy/ptII/ptolemy/actor/lib/test/auto/SubscriberPortInitialValues2.xml
5 ms. Memory: 523264K Free: 347714K (66%)
----------------- Invoking toplevel() on ptolemy.moml.MoMLSimpleApplication@4f41bfc2
----------------- Done invoking toplevel() on ptolemy.moml.MoMLSimpleApplication@4f41bfc2
reloadAllAccessors: .SubscriberPortInitialValues2

===========================================================================================
----------------- testing Sun Jun 23 20:49:03 UTC 2019 /home/travis/build/icyphy/ptII/ptolemy/actor/lib/test/auto/SubscriberPortInitialValues3.xml
----------------- Instantiating /home/travis/build/icyphy/ptII/ptolemy/actor/lib/test/auto/SubscriberPortInitialValues3.xml
4 ms. Memory: 523264K Free: 336964K (64%)
----------------- Invoking toplevel() on ptolemy.moml.MoMLSimpleApplication@749b63e8
----------------- Done invoking toplevel() on ptolemy.moml.MoMLSimpleApplication@749b63e8
reloadAllAccessors: .SubscriberPortInitialValues3

===========================================================================================
----------------- testing Sun Jun 23 20:49:03 UTC 2019 /home/travis/build/icyphy/ptII/ptolemy/actor/lib/test/auto/SubscriptionAggregator.xml
----------------- Instantiating /home/travis/build/icyphy/ptII/ptolemy/actor/lib/test/auto/SubscriptionAggregator.xml
2 ms. Memory: 523264K Free: 329796K (63%)
----------------- Invoking toplevel() on ptolemy.moml.MoMLSimpleApplication@7be3a26c
----------------- Done invoking toplevel() on ptolemy.moml.MoMLSimpleApplication@7be3a26c
reloadAllAccessors: .SubscriptionAggregator

===========================================================================================
----------------- testing Sun Jun 23 20:49:03 UTC 2019 /home/travis/build/icyphy/ptII/ptolemy/actor/lib/test/auto/SubscriptionAggregator2.xml
----------------- Instantiating /home/travis/build/icyphy/ptII/ptolemy/actor/lib/test/auto/SubscriptionAggregator2.xml
2 ms. Memory: 523264K Free: 322628K (62%)
----------------- Invoking toplevel() on ptolemy.moml.MoMLSimpleApplication@20972fd3
----------------- Done invoking toplevel() on ptolemy.moml.MoMLSimpleApplication@20972fd3
reloadAllAccessors: .SubscriptionAggregator2

===========================================================================================
----------------- testing Sun Jun 23 20:49:03 UTC 2019 /home/travis/build/icyphy/ptII/ptolemy/actor/lib/test/auto/SubscriptionAggregator3.xml
----------------- Instantiating /home/travis/build/icyphy/ptII/ptolemy/actor/lib/test/auto/SubscriptionAggregator3.xml
4 ms. Memory: 523264K Free: 313908K (60%)
----------------- Invoking toplevel() on ptolemy.moml.MoMLSimpleApplication@43b37183
----------------- Done invoking toplevel() on ptolemy.moml.MoMLSimpleApplication@43b37183
reloadAllAccessors: .SubscriptionAggregator3

===========================================================================================
----------------- testing Sun Jun 23 20:49:03 UTC 2019 /home/travis/build/icyphy/ptII/ptolemy/actor/lib/test/auto/SubscriptionAggregatorMultiply.xml
----------------- Instantiating /home/travis/build/icyphy/ptII/ptolemy/actor/lib/test/auto/SubscriptionAggregatorMultiply.xml
4 ms. Memory: 523264K Free: 305724K (58%)
----------------- Invoking toplevel() on ptolemy.moml.MoMLSimpleApplication@78ef2a3f
----------------- Done invoking toplevel() on ptolemy.moml.MoMLSimpleApplication@78ef2a3f
reloadAllAccessors: .SubscriptionAggregatorMultiply

===========================================================================================
----------------- testing Sun Jun 23 20:49:03 UTC 2019 /home/travis/build/icyphy/ptII/ptolemy/actor/lib/test/auto/SubscriptionAggregatorPortMultiply1.xml
----------------- Instantiating /home/travis/build/icyphy/ptII/ptolemy/actor/lib/test/auto/SubscriptionAggregatorPortMultiply1.xml
4 ms. Memory: 523264K Free: 298052K (57%)
----------------- Invoking toplevel() on ptolemy.moml.MoMLSimpleApplication@74937674
----------------- Done invoking toplevel() on ptolemy.moml.MoMLSimpleApplication@74937674
reloadAllAccessors: .SubscriptionAggregatorPortMultiply1

===========================================================================================
----------------- testing Sun Jun 23 20:49:03 UTC 2019 /home/travis/build/icyphy/ptII/ptolemy/actor/lib/test/auto/Switch.xml
----------------- Instantiating /home/travis/build/icyphy/ptII/ptolemy/actor/lib/test/auto/Switch.xml
8 ms. Memory: 523264K Free: 289860K (55%)
----------------- Invoking toplevel() on ptolemy.moml.MoMLSimpleApplication@5e85c3ea
----------------- Done invoking toplevel() on ptolemy.moml.MoMLSimpleApplication@5e85c3ea
reloadAllAccessors: .Switch

===========================================================================================
----------------- testing Sun Jun 23 20:49:03 UTC 2019 /home/travis/build/icyphy/ptII/ptolemy/actor/lib/test/auto/Switch2.xml
----------------- Instantiating /home/travis/build/icyphy/ptII/ptolemy/actor/lib/test/auto/Switch2.xml
1 ms. Memory: 523264K Free: 285250K (55%)
----------------- Invoking toplevel() on ptolemy.moml.MoMLSimpleApplication@13757055
----------------- Done invoking toplevel() on ptolemy.moml.MoMLSimpleApplication@13757055
reloadAllAccessors: .Switch2

===========================================================================================
----------------- testing Sun Jun 23 20:49:03 UTC 2019 /home/travis/build/icyphy/ptII/ptolemy/actor/lib/test/auto/SwitchDE.xml
----------------- Instantiating /home/travis/build/icyphy/ptII/ptolemy/actor/lib/test/auto/SwitchDE.xml
4 ms. Memory: 523264K Free: 279092K (53%)
----------------- Invoking toplevel() on ptolemy.moml.MoMLSimpleApplication@6a252072
----------------- Done invoking toplevel() on ptolemy.moml.MoMLSimpleApplication@6a252072
reloadAllAccessors: .SwitchDE

===========================================================================================
----------------- testing Sun Jun 23 20:49:03 UTC 2019 /home/travis/build/icyphy/ptII/ptolemy/actor/lib/test/auto/SynchronizerDE.xml
----------------- Instantiating /home/travis/build/icyphy/ptII/ptolemy/actor/lib/test/auto/SynchronizerDE.xml
5 ms. Memory: 523264K Free: 270900K (52%)
----------------- Invoking toplevel() on ptolemy.moml.MoMLSimpleApplication@64b975e4
----------------- Done invoking toplevel() on ptolemy.moml.MoMLSimpleApplication@64b975e4
reloadAllAccessors: .SynchronizerDE

===========================================================================================
----------------- testing Sun Jun 23 20:49:03 UTC 2019 /home/travis/build/icyphy/ptII/ptolemy/actor/lib/test/auto/Test.xml
----------------- Instantiating /home/travis/build/icyphy/ptII/ptolemy/actor/lib/test/auto/Test.xml
12 ms. Memory: 523264K Free: 265764K (51%)
----------------- Invoking toplevel() on ptolemy.moml.MoMLSimpleApplication@224b2f0
----------------- Done invoking toplevel() on ptolemy.moml.MoMLSimpleApplication@224b2f0
reloadAllAccessors: .Test

===========================================================================================
----------------- testing Sun Jun 23 20:49:03 UTC 2019 /home/travis/build/icyphy/ptII/ptolemy/actor/lib/test/auto/TestExceptionAttribute1.xml
----------------- Instantiating /home/travis/build/icyphy/ptII/ptolemy/actor/lib/test/auto/TestExceptionAttribute1.xml
1 ms. Memory: 523264K Free: 262212K (50%)
----------------- Invoking toplevel() on ptolemy.moml.MoMLSimpleApplication@3f11987d
----------------- Done invoking toplevel() on ptolemy.moml.MoMLSimpleApplication@3f11987d
reloadAllAccessors: .TestExceptionAttribute1

===========================================================================================
----------------- testing Sun Jun 23 20:49:03 UTC 2019 /home/travis/build/icyphy/ptII/ptolemy/actor/lib/test/auto/TestExceptionAttribute2.xml
----------------- Instantiating /home/travis/build/icyphy/ptII/ptolemy/actor/lib/test/auto/TestExceptionAttribute2.xml
2 ms. Memory: 523264K Free: 258116K (49%)
----------------- Invoking toplevel() on ptolemy.moml.MoMLSimpleApplication@1e3e72d6
----------------- Done invoking toplevel() on ptolemy.moml.MoMLSimpleApplication@1e3e72d6
reloadAllAccessors: .TestExceptionAttribute2

===========================================================================================
----------------- testing Sun Jun 23 20:49:03 UTC 2019 /home/travis/build/icyphy/ptII/ptolemy/actor/lib/test/auto/TestExceptionAttribute3.xml
----------------- Instantiating /home/travis/build/icyphy/ptII/ptolemy/actor/lib/test/auto/TestExceptionAttribute3.xml
.TestExceptionAttribute3.TestExceptionAttribute: initialize() was not invoked, but wrapup() was.  This is unusual, but not always a problem.  For example, exporting JNLP will do this.
1 ms. Memory: 523264K Free: 254530K (49%)
----------------- Invoking toplevel() on ptolemy.moml.MoMLSimpleApplication@134e711b
----------------- Done invoking toplevel() on ptolemy.moml.MoMLSimpleApplication@134e711b
reloadAllAccessors: .TestExceptionAttribute3

===========================================================================================
----------------- testing Sun Jun 23 20:49:03 UTC 2019 /home/travis/build/icyphy/ptII/ptolemy/actor/lib/test/auto/TestExceptionAttribute4.xml
----------------- Instantiating /home/travis/build/icyphy/ptII/ptolemy/actor/lib/test/auto/TestExceptionAttribute4.xml
.TestExceptionAttribute4.TestExceptionAttribute: initialize() was not invoked, but wrapup() was.  This is unusual, but not always a problem.  For example, exporting JNLP will do this.
.TestExceptionAttribute4.TestExceptionAttribute2: initialize() was not invoked, but wrapup() was.  This is unusual, but not always a problem.  For example, exporting JNLP will do this.
0 ms. Memory: 523264K Free: 250434K (48%)
----------------- Invoking toplevel() on ptolemy.moml.MoMLSimpleApplication@65f4175f
----------------- Done invoking toplevel() on ptolemy.moml.MoMLSimpleApplication@65f4175f
reloadAllAccessors: .TestExceptionAttribute4

===========================================================================================
----------------- testing Sun Jun 23 20:49:03 UTC 2019 /home/travis/build/icyphy/ptII/ptolemy/actor/lib/test/auto/TestExceptionHandler1.xml
----------------- Instantiating /home/travis/build/icyphy/ptII/ptolemy/actor/lib/test/auto/TestExceptionHandler1.xml
1 ms. Memory: 523264K Free: 246852K (47%)
----------------- Invoking toplevel() on ptolemy.moml.MoMLSimpleApplication@1fb2eca5
----------------- Done invoking toplevel() on ptolemy.moml.MoMLSimpleApplication@1fb2eca5
reloadAllAccessors: .TestExceptionHandler1

===========================================================================================
----------------- testing Sun Jun 23 20:49:03 UTC 2019 /home/travis/build/icyphy/ptII/ptolemy/actor/lib/test/auto/TestExceptionHandler2.xml
----------------- Instantiating /home/travis/build/icyphy/ptII/ptolemy/actor/lib/test/auto/TestExceptionHandler2.xml
1 ms. Memory: 523264K Free: 243266K (46%)
----------------- Invoking toplevel() on ptolemy.moml.MoMLSimpleApplication@2d6a69cf
----------------- Done invoking toplevel() on ptolemy.moml.MoMLSimpleApplication@2d6a69cf
reloadAllAccessors: .TestExceptionHandler2

===========================================================================================
----------------- testing Sun Jun 23 20:49:03 UTC 2019 /home/travis/build/icyphy/ptII/ptolemy/actor/lib/test/auto/TestExceptionHandler3.xml
----------------- Instantiating /home/travis/build/icyphy/ptII/ptolemy/actor/lib/test/auto/TestExceptionHandler3.xml
1 ms. Memory: 523264K Free: 239684K (46%)
----------------- Invoking toplevel() on ptolemy.moml.MoMLSimpleApplication@3921737a
----------------- Done invoking toplevel() on ptolemy.moml.MoMLSimpleApplication@3921737a
reloadAllAccessors: .TestExceptionHandler3

===========================================================================================
----------------- testing Sun Jun 23 20:49:03 UTC 2019 /home/travis/build/icyphy/ptII/ptolemy/actor/lib/test/auto/TestExceptionHandler4.xml
----------------- Instantiating /home/travis/build/icyphy/ptII/ptolemy/actor/lib/test/auto/TestExceptionHandler4.xml
1 ms. Memory: 523264K Free: 235588K (45%)
----------------- Invoking toplevel() on ptolemy.moml.MoMLSimpleApplication@449e6625
----------------- Done invoking toplevel() on ptolemy.moml.MoMLSimpleApplication@449e6625
reloadAllAccessors: .TestExceptionHandler4

===========================================================================================
----------------- testing Sun Jun 23 20:49:03 UTC 2019 /home/travis/build/icyphy/ptII/ptolemy/actor/lib/test/auto/TestRequireCorrectOrder.xml
----------------- Instantiating /home/travis/build/icyphy/ptII/ptolemy/actor/lib/test/auto/TestRequireCorrectOrder.xml
6 ms. Memory: 523264K Free: 230468K (44%)
----------------- Invoking toplevel() on ptolemy.moml.MoMLSimpleApplication@7ef021f
----------------- Done invoking toplevel() on ptolemy.moml.MoMLSimpleApplication@7ef021f
reloadAllAccessors: .TestRequireCorrectOrder

===========================================================================================
----------------- testing Sun Jun 23 20:49:03 UTC 2019 /home/travis/build/icyphy/ptII/ptolemy/actor/lib/test/auto/TestSimple.xml
----------------- Instantiating /home/travis/build/icyphy/ptII/ptolemy/actor/lib/test/auto/TestSimple.xml
4 ms. Memory: 523264K Free: 225858K (43%)
----------------- Invoking toplevel() on ptolemy.moml.MoMLSimpleApplication@1d45d716
----------------- Done invoking toplevel() on ptolemy.moml.MoMLSimpleApplication@1d45d716
reloadAllAccessors: .TestSimple

===========================================================================================
----------------- testing Sun Jun 23 20:49:03 UTC 2019 /home/travis/build/icyphy/ptII/ptolemy/actor/lib/test/auto/ThrowModelError.xml
----------------- Instantiating /home/travis/build/icyphy/ptII/ptolemy/actor/lib/test/auto/ThrowModelError.xml
1 ms. Memory: 523264K Free: 220738K (42%)
----------------- Invoking toplevel() on ptolemy.moml.MoMLSimpleApplication@7e1adb33
----------------- Done invoking toplevel() on ptolemy.moml.MoMLSimpleApplication@7e1adb33
reloadAllAccessors: .ThrowModelError

===========================================================================================
----------------- testing Sun Jun 23 20:49:03 UTC 2019 /home/travis/build/icyphy/ptII/ptolemy/actor/lib/test/auto/TimeDelayMicrosteps.xml
----------------- Instantiating /home/travis/build/icyphy/ptII/ptolemy/actor/lib/test/auto/TimeDelayMicrosteps.xml
4 ms. Memory: 523264K Free: 214084K (41%)
----------------- Invoking toplevel() on ptolemy.moml.MoMLSimpleApplication@9026d4f
----------------- Done invoking toplevel() on ptolemy.moml.MoMLSimpleApplication@9026d4f
reloadAllAccessors: .TimeDelayMicrosteps

===========================================================================================
----------------- testing Sun Jun 23 20:49:03 UTC 2019 /home/travis/build/icyphy/ptII/ptolemy/actor/lib/test/auto/TimeDelayMicrosteps2.xml
----------------- Instantiating /home/travis/build/icyphy/ptII/ptolemy/actor/lib/test/auto/TimeDelayMicrosteps2.xml
3 ms. Memory: 523264K Free: 206916K (40%)
----------------- Invoking toplevel() on ptolemy.moml.MoMLSimpleApplication@385644ed
----------------- Done invoking toplevel() on ptolemy.moml.MoMLSimpleApplication@385644ed
reloadAllAccessors: .TimeDelayMicrosteps2

===========================================================================================
----------------- testing Sun Jun 23 20:49:03 UTC 2019 /home/travis/build/icyphy/ptII/ptolemy/actor/lib/test/auto/TimeDelayMicrosteps3.xml
----------------- Instantiating /home/travis/build/icyphy/ptII/ptolemy/actor/lib/test/auto/TimeDelayMicrosteps3.xml
2 ms. Memory: 523264K Free: 200228K (38%)
----------------- Invoking toplevel() on ptolemy.moml.MoMLSimpleApplication@794a2a4a
----------------- Done invoking toplevel() on ptolemy.moml.MoMLSimpleApplication@794a2a4a
reloadAllAccessors: .TimeDelayMicrosteps3

===========================================================================================
----------------- testing Sun Jun 23 20:49:03 UTC 2019 /home/travis/build/icyphy/ptII/ptolemy/actor/lib/test/auto/TimeDelayVariableMicrosteps.xml
----------------- Instantiating /home/travis/build/icyphy/ptII/ptolemy/actor/lib/test/auto/TimeDelayVariableMicrosteps.xml
3 ms. Memory: 523264K Free: 194114K (37%)
----------------- Invoking toplevel() on ptolemy.moml.MoMLSimpleApplication@71a043e9
----------------- Done invoking toplevel() on ptolemy.moml.MoMLSimpleApplication@71a043e9
reloadAllAccessors: .TimeDelayVariableMicrosteps

===========================================================================================
----------------- testing Sun Jun 23 20:49:03 UTC 2019 /home/travis/build/icyphy/ptII/ptolemy/actor/lib/test/auto/TimeGap.xml
----------------- Instantiating /home/travis/build/icyphy/ptII/ptolemy/actor/lib/test/auto/TimeGap.xml
3 ms. Memory: 523264K Free: 188980K (36%)
----------------- Invoking toplevel() on ptolemy.moml.MoMLSimpleApplication@a357f33
----------------- Done invoking toplevel() on ptolemy.moml.MoMLSimpleApplication@a357f33
reloadAllAccessors: .TimeGap

===========================================================================================
----------------- testing Sun Jun 23 20:49:03 UTC 2019 /home/travis/build/icyphy/ptII/ptolemy/actor/lib/test/auto/TimeGap2.xml
----------------- Instantiating /home/travis/build/icyphy/ptII/ptolemy/actor/lib/test/auto/TimeGap2.xml
2 ms. Memory: 523264K Free: 183364K (35%)
----------------- Invoking toplevel() on ptolemy.moml.MoMLSimpleApplication@a85e58d
----------------- Done invoking toplevel() on ptolemy.moml.MoMLSimpleApplication@a85e58d
reloadAllAccessors: .TimeGap2

===========================================================================================
----------------- testing Sun Jun 23 20:49:03 UTC 2019 /home/travis/build/icyphy/ptII/ptolemy/actor/lib/test/auto/TimedSinewave.xml
----------------- Instantiating /home/travis/build/icyphy/ptII/ptolemy/actor/lib/test/auto/TimedSinewave.xml
29 ms. Memory: 523264K Free: 168514K (32%)
----------------- Invoking toplevel() on ptolemy.moml.MoMLSimpleApplication@6a7a2eb0
----------------- Done invoking toplevel() on ptolemy.moml.MoMLSimpleApplication@6a7a2eb0
reloadAllAccessors: .TimedSinewave

===========================================================================================
----------------- testing Sun Jun 23 20:49:03 UTC 2019 /home/travis/build/icyphy/ptII/ptolemy/actor/lib/test/auto/TimedSinewavePhase.xml
----------------- Instantiating /home/travis/build/icyphy/ptII/ptolemy/actor/lib/test/auto/TimedSinewavePhase.xml
10 ms. Memory: 523264K Free: 468196K (89%)
----------------- Invoking toplevel() on ptolemy.moml.MoMLSimpleApplication@ee30247
----------------- Done invoking toplevel() on ptolemy.moml.MoMLSimpleApplication@ee30247
reloadAllAccessors: .TimedSinewavePhase

===========================================================================================
----------------- testing Sun Jun 23 20:49:03 UTC 2019 /home/travis/build/icyphy/ptII/ptolemy/actor/lib/test/auto/Timer.xml
----------------- Instantiating /home/travis/build/icyphy/ptII/ptolemy/actor/lib/test/auto/Timer.xml
4 ms. Memory: 523264K Free: 462052K (88%)
----------------- Invoking toplevel() on ptolemy.moml.MoMLSimpleApplication@8c17079
----------------- Done invoking toplevel() on ptolemy.moml.MoMLSimpleApplication@8c17079
reloadAllAccessors: .Timer

===========================================================================================
----------------- testing Sun Jun 23 20:49:03 UTC 2019 /home/travis/build/icyphy/ptII/ptolemy/actor/lib/test/auto/TriangularDistTestModel.xml
----------------- Instantiating /home/travis/build/icyphy/ptII/ptolemy/actor/lib/test/auto/TriangularDistTestModel.xml
2 ms. Memory: 523264K Free: 456404K (87%)
----------------- Invoking toplevel() on ptolemy.moml.MoMLSimpleApplication@3e682203
----------------- Done invoking toplevel() on ptolemy.moml.MoMLSimpleApplication@3e682203
reloadAllAccessors: .TriangularDistTestModel

===========================================================================================
----------------- testing Sun Jun 23 20:49:03 UTC 2019 /home/travis/build/icyphy/ptII/ptolemy/actor/lib/test/auto/TrigFunction.xml
----------------- Instantiating /home/travis/build/icyphy/ptII/ptolemy/actor/lib/test/auto/TrigFunction.xml
1 ms. Memory: 523264K Free: 451812K (86%)
----------------- Invoking toplevel() on ptolemy.moml.MoMLSimpleApplication@3129d0e3
----------------- Done invoking toplevel() on ptolemy.moml.MoMLSimpleApplication@3129d0e3
reloadAllAccessors: .TrigFunction

===========================================================================================
----------------- testing Sun Jun 23 20:49:03 UTC 2019 /home/travis/build/icyphy/ptII/ptolemy/actor/lib/test/auto/TrigFunctionDE.xml
----------------- Instantiating /home/travis/build/icyphy/ptII/ptolemy/actor/lib/test/auto/TrigFunctionDE.xml
1 ms. Memory: 523264K Free: 446178K (85%)
----------------- Invoking toplevel() on ptolemy.moml.MoMLSimpleApplication@29867a0c
----------------- Done invoking toplevel() on ptolemy.moml.MoMLSimpleApplication@29867a0c
reloadAllAccessors: .TrigFunctionDE

===========================================================================================
----------------- testing Sun Jun 23 20:49:03 UTC 2019 /home/travis/build/icyphy/ptII/ptolemy/actor/lib/test/auto/TrigFunctionInverse.xml
----------------- Instantiating /home/travis/build/icyphy/ptII/ptolemy/actor/lib/test/auto/TrigFunctionInverse.xml
2 ms. Memory: 523264K Free: 441058K (84%)
----------------- Invoking toplevel() on ptolemy.moml.MoMLSimpleApplication@6af5340c
----------------- Done invoking toplevel() on ptolemy.moml.MoMLSimpleApplication@6af5340c
reloadAllAccessors: .TrigFunctionInverse

===========================================================================================
----------------- testing Sun Jun 23 20:49:03 UTC 2019 /home/travis/build/icyphy/ptII/ptolemy/actor/lib/test/auto/TrigFunctionTan.xml
----------------- Instantiating /home/travis/build/icyphy/ptII/ptolemy/actor/lib/test/auto/TrigFunctionTan.xml
9 ms. Memory: 523264K Free: 436452K (83%)
----------------- Invoking toplevel() on ptolemy.moml.MoMLSimpleApplication@5f2ef8fd
----------------- Done invoking toplevel() on ptolemy.moml.MoMLSimpleApplication@5f2ef8fd
reloadAllAccessors: .TrigFunctionTan

===========================================================================================
----------------- testing Sun Jun 23 20:49:03 UTC 2019 /home/travis/build/icyphy/ptII/ptolemy/actor/lib/test/auto/TriggeredClock.xml
----------------- Instantiating /home/travis/build/icyphy/ptII/ptolemy/actor/lib/test/auto/TriggeredClock.xml
2 ms. Memory: 523264K Free: 430812K (82%)
----------------- Invoking toplevel() on ptolemy.moml.MoMLSimpleApplication@3edbbf49
----------------- Done invoking toplevel() on ptolemy.moml.MoMLSimpleApplication@3edbbf49
reloadAllAccessors: .TriggeredClock

===========================================================================================
----------------- testing Sun Jun 23 20:49:03 UTC 2019 /home/travis/build/icyphy/ptII/ptolemy/actor/lib/test/auto/URLDirectoryReader.xml
----------------- Instantiating /home/travis/build/icyphy/ptII/ptolemy/actor/lib/test/auto/URLDirectoryReader.xml
47 ms. Memory: 523264K Free: 421602K (81%)
----------------- Invoking toplevel() on ptolemy.moml.MoMLSimpleApplication@3393cc41
----------------- Done invoking toplevel() on ptolemy.moml.MoMLSimpleApplication@3393cc41
reloadAllAccessors: .URLDirectoryReader

===========================================================================================
----------------- testing Sun Jun 23 20:49:03 UTC 2019 /home/travis/build/icyphy/ptII/ptolemy/actor/lib/test/auto/URLDirectoryReader3.xml
----------------- Instantiating /home/travis/build/icyphy/ptII/ptolemy/actor/lib/test/auto/URLDirectoryReader3.xml
1302 ms. Memory: 523264K Free: 463932K (89%)
----------------- Invoking toplevel() on ptolemy.moml.MoMLSimpleApplication@2cf95a82
----------------- Done invoking toplevel() on ptolemy.moml.MoMLSimpleApplication@2cf95a82
reloadAllAccessors: .URLDirectoryReader3

===========================================================================================
----------------- testing Sun Jun 23 20:49:05 UTC 2019 /home/travis/build/icyphy/ptII/ptolemy/actor/lib/test/auto/UnaryMathFunction.xml
----------------- Instantiating /home/travis/build/icyphy/ptII/ptolemy/actor/lib/test/auto/UnaryMathFunction.xml
3 ms. Memory: 523264K Free: 455742K (87%)
----------------- Invoking toplevel() on ptolemy.moml.MoMLSimpleApplication@49d1ef01
----------------- Done invoking toplevel() on ptolemy.moml.MoMLSimpleApplication@49d1ef01
reloadAllAccessors: .UnaryMathFunction

===========================================================================================
----------------- testing Sun Jun 23 20:49:05 UTC 2019 /home/travis/build/icyphy/ptII/ptolemy/actor/lib/test/auto/Uniform.xml
----------------- Instantiating /home/travis/build/icyphy/ptII/ptolemy/actor/lib/test/auto/Uniform.xml
4 ms. Memory: 523264K Free: 451132K (86%)
----------------- Invoking toplevel() on ptolemy.moml.MoMLSimpleApplication@3c30750d
----------------- Done invoking toplevel() on ptolemy.moml.MoMLSimpleApplication@3c30750d
reloadAllAccessors: .Uniform

===========================================================================================
----------------- testing Sun Jun 23 20:49:05 UTC 2019 /home/travis/build/icyphy/ptII/ptolemy/actor/lib/test/auto/UnionDisassemblerTest.xml
----------------- Instantiating /home/travis/build/icyphy/ptII/ptolemy/actor/lib/test/auto/UnionDisassemblerTest.xml
8 ms. Memory: 523264K Free: 447550K (86%)
----------------- Invoking toplevel() on ptolemy.moml.MoMLSimpleApplication@f8015b1
----------------- Done invoking toplevel() on ptolemy.moml.MoMLSimpleApplication@f8015b1
reloadAllAccessors: .UnionDisassemblerTest

===========================================================================================
----------------- testing Sun Jun 23 20:49:05 UTC 2019 /home/travis/build/icyphy/ptII/ptolemy/actor/lib/test/auto/UtilityFunctions.xml
----------------- Instantiating /home/travis/build/icyphy/ptII/ptolemy/actor/lib/test/auto/UtilityFunctions.xml
1 ms. Memory: 523264K Free: 443950K (85%)
----------------- Invoking toplevel() on ptolemy.moml.MoMLSimpleApplication@5eaa4746
----------------- Done invoking toplevel() on ptolemy.moml.MoMLSimpleApplication@5eaa4746
reloadAllAccessors: .UtilityFunctions

===========================================================================================
----------------- testing Sun Jun 23 20:49:05 UTC 2019 /home/travis/build/icyphy/ptII/ptolemy/actor/lib/test/auto/VariableSleep.xml
----------------- Instantiating /home/travis/build/icyphy/ptII/ptolemy/actor/lib/test/auto/VariableSleep.xml
503 ms. Memory: 523264K Free: 438334K (84%)
----------------- Invoking toplevel() on ptolemy.moml.MoMLSimpleApplication@59c909c1
----------------- Done invoking toplevel() on ptolemy.moml.MoMLSimpleApplication@59c909c1
reloadAllAccessors: .VariableSleep

===========================================================================================
----------------- testing Sun Jun 23 20:49:06 UTC 2019 /home/travis/build/icyphy/ptII/ptolemy/actor/lib/test/auto/VectorAssemblerDisassemblerCT.xml
----------------- Instantiating /home/travis/build/icyphy/ptII/ptolemy/actor/lib/test/auto/VectorAssemblerDisassemblerCT.xml
87 ms. Memory: 523264K Free: 418364K (80%)
----------------- Invoking toplevel() on ptolemy.moml.MoMLSimpleApplication@31446416
----------------- Done invoking toplevel() on ptolemy.moml.MoMLSimpleApplication@31446416
reloadAllAccessors: .VectorAssemblerDisassemblerCT

===========================================================================================
----------------- testing Sun Jun 23 20:49:06 UTC 2019 /home/travis/build/icyphy/ptII/ptolemy/actor/lib/test/auto/VectorAssemblerDisassemblerDE.xml
----------------- Instantiating /home/travis/build/icyphy/ptII/ptolemy/actor/lib/test/auto/VectorAssemblerDisassemblerDE.xml
11 ms. Memory: 523264K Free: 411196K (79%)
----------------- Invoking toplevel() on ptolemy.moml.MoMLSimpleApplication@35411242
----------------- Done invoking toplevel() on ptolemy.moml.MoMLSimpleApplication@35411242
reloadAllAccessors: .VectorAssemblerDisassemblerDE

===========================================================================================
----------------- testing Sun Jun 23 20:49:06 UTC 2019 /home/travis/build/icyphy/ptII/ptolemy/actor/lib/test/auto/VectorAssemblerDisassemblerSDF.xml
----------------- Instantiating /home/travis/build/icyphy/ptII/ptolemy/actor/lib/test/auto/VectorAssemblerDisassemblerSDF.xml
3 ms. Memory: 523264K Free: 405052K (77%)
----------------- Invoking toplevel() on ptolemy.moml.MoMLSimpleApplication@626bb44a
----------------- Done invoking toplevel() on ptolemy.moml.MoMLSimpleApplication@626bb44a
reloadAllAccessors: .VectorAssemblerDisassemblerSDF

===========================================================================================
----------------- testing Sun Jun 23 20:49:06 UTC 2019 /home/travis/build/icyphy/ptII/ptolemy/actor/lib/test/auto/WallClockTime.xml
----------------- Instantiating /home/travis/build/icyphy/ptII/ptolemy/actor/lib/test/auto/WallClockTime.xml
1006 ms. Memory: 523264K Free: 399932K (76%)
----------------- Invoking toplevel() on ptolemy.moml.MoMLSimpleApplication@1e05eca9
----------------- Done invoking toplevel() on ptolemy.moml.MoMLSimpleApplication@1e05eca9
reloadAllAccessors: .WallClockTime

===========================================================================================
----------------- testing Sun Jun 23 20:49:07 UTC 2019 /home/travis/build/icyphy/ptII/ptolemy/actor/lib/test/auto/WidthTestWithSubscriberPublisher.xml
----------------- Instantiating /home/travis/build/icyphy/ptII/ptolemy/actor/lib/test/auto/WidthTestWithSubscriberPublisher.xml
8 ms. Memory: 523264K Free: 382014K (73%)
----------------- Invoking toplevel() on ptolemy.moml.MoMLSimpleApplication@5ec3839b
----------------- Done invoking toplevel() on ptolemy.moml.MoMLSimpleApplication@5ec3839b
reloadAllAccessors: .WidthTestWithSubscriberPublisher

===========================================================================================
----------------- testing Sun Jun 23 20:49:07 UTC 2019 /home/travis/build/icyphy/ptII/ptolemy/actor/lib/test/auto/WidthTestWithSubscriberPublisher2.xml
----------------- Instantiating /home/travis/build/icyphy/ptII/ptolemy/actor/lib/test/auto/WidthTestWithSubscriberPublisher2.xml
2 ms. Memory: 523264K Free: 375870K (72%)
----------------- Invoking toplevel() on ptolemy.moml.MoMLSimpleApplication@7f32ea4b
----------------- Done invoking toplevel() on ptolemy.moml.MoMLSimpleApplication@7f32ea4b
reloadAllAccessors: .WidthTestWithSubscriberPublisher2

===========================================================================================
----------------- testing Sun Jun 23 20:49:07 UTC 2019 /home/travis/build/icyphy/ptII/ptolemy/actor/lib/test/auto/WidthTestWithSubscriberPublisher3.xml
----------------- Instantiating /home/travis/build/icyphy/ptII/ptolemy/actor/lib/test/auto/WidthTestWithSubscriberPublisher3.xml
2 ms. Memory: 523264K Free: 370236K (71%)
----------------- Invoking toplevel() on ptolemy.moml.MoMLSimpleApplication@4817051b
----------------- Done invoking toplevel() on ptolemy.moml.MoMLSimpleApplication@4817051b
reloadAllAccessors: .WidthTestWithSubscriberPublisher3

===========================================================================================
----------------- testing Sun Jun 23 20:49:07 UTC 2019 /home/travis/build/icyphy/ptII/ptolemy/actor/lib/test/auto/Writer.xml
----------------- Instantiating /home/travis/build/icyphy/ptII/ptolemy/actor/lib/test/auto/Writer.xml
0
1
2
3
4
1 ms. Memory: 523264K Free: 366126K (70%)
----------------- Invoking toplevel() on ptolemy.moml.MoMLSimpleApplication@49add4c7
----------------- Done invoking toplevel() on ptolemy.moml.MoMLSimpleApplication@49add4c7
reloadAllAccessors: .Writer

===========================================================================================
----------------- testing Sun Jun 23 20:49:07 UTC 2019 /home/travis/build/icyphy/ptII/ptolemy/actor/lib/test/auto/array.xml
----------------- Instantiating /home/travis/build/icyphy/ptII/ptolemy/actor/lib/test/auto/array.xml
2 ms. Memory: 523264K Free: 361020K (69%)
----------------- Invoking toplevel() on ptolemy.moml.MoMLSimpleApplication@21dde6e4
----------------- Done invoking toplevel() on ptolemy.moml.MoMLSimpleApplication@21dde6e4
reloadAllAccessors: .array

===========================================================================================
----------------- testing Sun Jun 23 20:49:07 UTC 2019 /home/travis/build/icyphy/ptII/ptolemy/actor/lib/test/auto/array2.xml
----------------- Instantiating /home/travis/build/icyphy/ptII/ptolemy/actor/lib/test/auto/array2.xml
5 ms. Memory: 523264K Free: 356414K (68%)
----------------- Invoking toplevel() on ptolemy.moml.MoMLSimpleApplication@64c920f2
----------------- Done invoking toplevel() on ptolemy.moml.MoMLSimpleApplication@64c920f2
reloadAllAccessors: .array2

===========================================================================================
----------------- testing Sun Jun 23 20:49:07 UTC 2019 /home/travis/build/icyphy/ptII/ptolemy/actor/lib/test/auto/arrayType.xml
----------------- Instantiating /home/travis/build/icyphy/ptII/ptolemy/actor/lib/test/auto/arrayType.xml
2 ms. Memory: 523264K Free: 351294K (67%)
----------------- Invoking toplevel() on ptolemy.moml.MoMLSimpleApplication@11833f92
----------------- Done invoking toplevel() on ptolemy.moml.MoMLSimpleApplication@11833f92
reloadAllAccessors: .arrayType

===========================================================================================
----------------- testing Sun Jun 23 20:49:07 UTC 2019 /home/travis/build/icyphy/ptII/ptolemy/actor/lib/test/auto/arrayType10.xml
----------------- Instantiating /home/travis/build/icyphy/ptII/ptolemy/actor/lib/test/auto/arrayType10.xml
1 ms. Memory: 523264K Free: 346684K (66%)
----------------- Invoking toplevel() on ptolemy.moml.MoMLSimpleApplication@343d9355
----------------- Done invoking toplevel() on ptolemy.moml.MoMLSimpleApplication@343d9355
reloadAllAccessors: .arrayType10

===========================================================================================
----------------- testing Sun Jun 23 20:49:07 UTC 2019 /home/travis/build/icyphy/ptII/ptolemy/actor/lib/test/auto/arrayType11.xml
----------------- Instantiating /home/travis/build/icyphy/ptII/ptolemy/actor/lib/test/auto/arrayType11.xml
1 ms. Memory: 523264K Free: 341564K (65%)
----------------- Invoking toplevel() on ptolemy.moml.MoMLSimpleApplication@2bbd3ca4
----------------- Done invoking toplevel() on ptolemy.moml.MoMLSimpleApplication@2bbd3ca4
reloadAllAccessors: .arrayType11

===========================================================================================
----------------- testing Sun Jun 23 20:49:07 UTC 2019 /home/travis/build/icyphy/ptII/ptolemy/actor/lib/test/auto/arrayType12.xml
----------------- Instantiating /home/travis/build/icyphy/ptII/ptolemy/actor/lib/test/auto/arrayType12.xml
2 ms. Memory: 523264K Free: 336958K (64%)
----------------- Invoking toplevel() on ptolemy.moml.MoMLSimpleApplication@6837002f
----------------- Done invoking toplevel() on ptolemy.moml.MoMLSimpleApplication@6837002f
reloadAllAccessors: .arrayType12

===========================================================================================
----------------- testing Sun Jun 23 20:49:07 UTC 2019 /home/travis/build/icyphy/ptII/ptolemy/actor/lib/test/auto/arrayType13.xml
----------------- Instantiating /home/travis/build/icyphy/ptII/ptolemy/actor/lib/test/auto/arrayType13.xml
2 ms. Memory: 523264K Free: 331838K (63%)
----------------- Invoking toplevel() on ptolemy.moml.MoMLSimpleApplication@4d1a1bc5
----------------- Done invoking toplevel() on ptolemy.moml.MoMLSimpleApplication@4d1a1bc5
reloadAllAccessors: .arrayType13

===========================================================================================
----------------- testing Sun Jun 23 20:49:07 UTC 2019 /home/travis/build/icyphy/ptII/ptolemy/actor/lib/test/auto/arrayType14.xml
----------------- Instantiating /home/travis/build/icyphy/ptII/ptolemy/actor/lib/test/auto/arrayType14.xml
2 ms. Memory: 523264K Free: 326718K (62%)
----------------- Invoking toplevel() on ptolemy.moml.MoMLSimpleApplication@4134882e
----------------- Done invoking toplevel() on ptolemy.moml.MoMLSimpleApplication@4134882e
reloadAllAccessors: .arrayType14

===========================================================================================
----------------- testing Sun Jun 23 20:49:07 UTC 2019 /home/travis/build/icyphy/ptII/ptolemy/actor/lib/test/auto/arrayType15.xml
----------------- Instantiating /home/travis/build/icyphy/ptII/ptolemy/actor/lib/test/auto/arrayType15.xml
9 ms. Memory: 523264K Free: 321084K (61%)
----------------- Invoking toplevel() on ptolemy.moml.MoMLSimpleApplication@6abfc795
----------------- Done invoking toplevel() on ptolemy.moml.MoMLSimpleApplication@6abfc795
reloadAllAccessors: .arrayType15

===========================================================================================
----------------- testing Sun Jun 23 20:49:07 UTC 2019 /home/travis/build/icyphy/ptII/ptolemy/actor/lib/test/auto/arrayType16.xml
----------------- Instantiating /home/travis/build/icyphy/ptII/ptolemy/actor/lib/test/auto/arrayType16.xml
2 ms. Memory: 523264K Free: 315950K (60%)
----------------- Invoking toplevel() on ptolemy.moml.MoMLSimpleApplication@1e81e52
----------------- Done invoking toplevel() on ptolemy.moml.MoMLSimpleApplication@1e81e52
reloadAllAccessors: .arrayType16

===========================================================================================
----------------- testing Sun Jun 23 20:49:07 UTC 2019 /home/travis/build/icyphy/ptII/ptolemy/actor/lib/test/auto/arrayType17.xml
----------------- Instantiating /home/travis/build/icyphy/ptII/ptolemy/actor/lib/test/auto/arrayType17.xml
2 ms. Memory: 523264K Free: 310844K (59%)
----------------- Invoking toplevel() on ptolemy.moml.MoMLSimpleApplication@5a47b391
----------------- Done invoking toplevel() on ptolemy.moml.MoMLSimpleApplication@5a47b391
reloadAllAccessors: .arrayType17

===========================================================================================
----------------- testing Sun Jun 23 20:49:07 UTC 2019 /home/travis/build/icyphy/ptII/ptolemy/actor/lib/test/auto/arrayType18.xml
----------------- Instantiating /home/travis/build/icyphy/ptII/ptolemy/actor/lib/test/auto/arrayType18.xml
1 ms. Memory: 523264K Free: 306238K (59%)
----------------- Invoking toplevel() on ptolemy.moml.MoMLSimpleApplication@f769979
----------------- Done invoking toplevel() on ptolemy.moml.MoMLSimpleApplication@f769979
reloadAllAccessors: .arrayType18

===========================================================================================
----------------- testing Sun Jun 23 20:49:07 UTC 2019 /home/travis/build/icyphy/ptII/ptolemy/actor/lib/test/auto/arrayType19.xml
----------------- Instantiating /home/travis/build/icyphy/ptII/ptolemy/actor/lib/test/auto/arrayType19.xml
2 ms. Memory: 523264K Free: 301118K (58%)
----------------- Invoking toplevel() on ptolemy.moml.MoMLSimpleApplication@1c8b5439
----------------- Done invoking toplevel() on ptolemy.moml.MoMLSimpleApplication@1c8b5439
reloadAllAccessors: .arrayType19

===========================================================================================
----------------- testing Sun Jun 23 20:49:07 UTC 2019 /home/travis/build/icyphy/ptII/ptolemy/actor/lib/test/auto/arrayType2.xml
----------------- Instantiating /home/travis/build/icyphy/ptII/ptolemy/actor/lib/test/auto/arrayType2.xml
1 ms. Memory: 523264K Free: 295998K (57%)
----------------- Invoking toplevel() on ptolemy.moml.MoMLSimpleApplication@6aa90ad2
----------------- Done invoking toplevel() on ptolemy.moml.MoMLSimpleApplication@6aa90ad2
reloadAllAccessors: .arrayType2

===========================================================================================
----------------- testing Sun Jun 23 20:49:07 UTC 2019 /home/travis/build/icyphy/ptII/ptolemy/actor/lib/test/auto/arrayType20.xml
----------------- Instantiating /home/travis/build/icyphy/ptII/ptolemy/actor/lib/test/auto/arrayType20.xml
2 ms. Memory: 523264K Free: 291388K (56%)
----------------- Invoking toplevel() on ptolemy.moml.MoMLSimpleApplication@48af9624
----------------- Done invoking toplevel() on ptolemy.moml.MoMLSimpleApplication@48af9624
reloadAllAccessors: .arrayType20

===========================================================================================
----------------- testing Sun Jun 23 20:49:07 UTC 2019 /home/travis/build/icyphy/ptII/ptolemy/actor/lib/test/auto/arrayType21.xml
----------------- Instantiating /home/travis/build/icyphy/ptII/ptolemy/actor/lib/test/auto/arrayType21.xml
2 ms. Memory: 523264K Free: 286782K (55%)
----------------- Invoking toplevel() on ptolemy.moml.MoMLSimpleApplication@7a9e840f
----------------- Done invoking toplevel() on ptolemy.moml.MoMLSimpleApplication@7a9e840f
reloadAllAccessors: .arrayType21

===========================================================================================
----------------- testing Sun Jun 23 20:49:07 UTC 2019 /home/travis/build/icyphy/ptII/ptolemy/actor/lib/test/auto/arrayType22.xml
----------------- Instantiating /home/travis/build/icyphy/ptII/ptolemy/actor/lib/test/auto/arrayType22.xml
3 ms. Memory: 523264K Free: 281662K (54%)
----------------- Invoking toplevel() on ptolemy.moml.MoMLSimpleApplication@347beb15
----------------- Done invoking toplevel() on ptolemy.moml.MoMLSimpleApplication@347beb15
reloadAllAccessors: .arrayType22

===========================================================================================
----------------- testing Sun Jun 23 20:49:07 UTC 2019 /home/travis/build/icyphy/ptII/ptolemy/actor/lib/test/auto/arrayType23.xml
----------------- Instantiating /home/travis/build/icyphy/ptII/ptolemy/actor/lib/test/auto/arrayType23.xml
2 ms. Memory: 523264K Free: 277052K (53%)
----------------- Invoking toplevel() on ptolemy.moml.MoMLSimpleApplication@4bb7bf6e
----------------- Done invoking toplevel() on ptolemy.moml.MoMLSimpleApplication@4bb7bf6e
reloadAllAccessors: .arrayType23

===========================================================================================
----------------- testing Sun Jun 23 20:49:07 UTC 2019 /home/travis/build/icyphy/ptII/ptolemy/actor/lib/test/auto/arrayType24.xml
----------------- Instantiating /home/travis/build/icyphy/ptII/ptolemy/actor/lib/test/auto/arrayType24.xml
2 ms. Memory: 523264K Free: 272446K (52%)
----------------- Invoking toplevel() on ptolemy.moml.MoMLSimpleApplication@7884d6d3
----------------- Done invoking toplevel() on ptolemy.moml.MoMLSimpleApplication@7884d6d3
reloadAllAccessors: .arrayType24

===========================================================================================
----------------- testing Sun Jun 23 20:49:07 UTC 2019 /home/travis/build/icyphy/ptII/ptolemy/actor/lib/test/auto/arrayType25.xml
----------------- Instantiating /home/travis/build/icyphy/ptII/ptolemy/actor/lib/test/auto/arrayType25.xml
1 ms. Memory: 523264K Free: 266798K (51%)
----------------- Invoking toplevel() on ptolemy.moml.MoMLSimpleApplication@13f6a49b
----------------- Done invoking toplevel() on ptolemy.moml.MoMLSimpleApplication@13f6a49b
reloadAllAccessors: .arrayType25

===========================================================================================
----------------- testing Sun Jun 23 20:49:07 UTC 2019 /home/travis/build/icyphy/ptII/ptolemy/actor/lib/test/auto/arrayType26.xml
----------------- Instantiating /home/travis/build/icyphy/ptII/ptolemy/actor/lib/test/auto/arrayType26.xml
2 ms. Memory: 523264K Free: 261692K (50%)
----------------- Invoking toplevel() on ptolemy.moml.MoMLSimpleApplication@52642619
----------------- Done invoking toplevel() on ptolemy.moml.MoMLSimpleApplication@52642619
reloadAllAccessors: .arrayType26

===========================================================================================
----------------- testing Sun Jun 23 20:49:07 UTC 2019 /home/travis/build/icyphy/ptII/ptolemy/actor/lib/test/auto/arrayType27.xml
----------------- Instantiating /home/travis/build/icyphy/ptII/ptolemy/actor/lib/test/auto/arrayType27.xml
1 ms. Memory: 523264K Free: 256558K (49%)
----------------- Invoking toplevel() on ptolemy.moml.MoMLSimpleApplication@44365de4
----------------- Done invoking toplevel() on ptolemy.moml.MoMLSimpleApplication@44365de4
reloadAllAccessors: .arrayType27

===========================================================================================
----------------- testing Sun Jun 23 20:49:07 UTC 2019 /home/travis/build/icyphy/ptII/ptolemy/actor/lib/test/auto/arrayType28.xml
----------------- Instantiating /home/travis/build/icyphy/ptII/ptolemy/actor/lib/test/auto/arrayType28.xml
1 ms. Memory: 523264K Free: 251438K (48%)
----------------- Invoking toplevel() on ptolemy.moml.MoMLSimpleApplication@2fa4abf4
----------------- Done invoking toplevel() on ptolemy.moml.MoMLSimpleApplication@2fa4abf4
reloadAllAccessors: .arrayType28

===========================================================================================
----------------- testing Sun Jun 23 20:49:07 UTC 2019 /home/travis/build/icyphy/ptII/ptolemy/actor/lib/test/auto/arrayType3.xml
----------------- Instantiating /home/travis/build/icyphy/ptII/ptolemy/actor/lib/test/auto/arrayType3.xml
11 ms. Memory: 523264K Free: 245822K (47%)
----------------- Invoking toplevel() on ptolemy.moml.MoMLSimpleApplication@70d985bf
----------------- Done invoking toplevel() on ptolemy.moml.MoMLSimpleApplication@70d985bf
reloadAllAccessors: .arrayType3

===========================================================================================
----------------- testing Sun Jun 23 20:49:07 UTC 2019 /home/travis/build/icyphy/ptII/ptolemy/actor/lib/test/auto/arrayType4.xml
----------------- Instantiating /home/travis/build/icyphy/ptII/ptolemy/actor/lib/test/auto/arrayType4.xml
1 ms. Memory: 523264K Free: 240702K (46%)
----------------- Invoking toplevel() on ptolemy.moml.MoMLSimpleApplication@424192b2
----------------- Done invoking toplevel() on ptolemy.moml.MoMLSimpleApplication@424192b2
reloadAllAccessors: .arrayType4

===========================================================================================
----------------- testing Sun Jun 23 20:49:07 UTC 2019 /home/travis/build/icyphy/ptII/ptolemy/actor/lib/test/auto/arrayType5.xml
----------------- Instantiating /home/travis/build/icyphy/ptII/ptolemy/actor/lib/test/auto/arrayType5.xml
1 ms. Memory: 523264K Free: 235582K (45%)
----------------- Invoking toplevel() on ptolemy.moml.MoMLSimpleApplication@2a8670b0
----------------- Done invoking toplevel() on ptolemy.moml.MoMLSimpleApplication@2a8670b0
reloadAllAccessors: .arrayType5

===========================================================================================
----------------- testing Sun Jun 23 20:49:07 UTC 2019 /home/travis/build/icyphy/ptII/ptolemy/actor/lib/test/auto/arrayType6.xml
----------------- Instantiating /home/travis/build/icyphy/ptII/ptolemy/actor/lib/test/auto/arrayType6.xml
1 ms. Memory: 523264K Free: 230462K (44%)
----------------- Invoking toplevel() on ptolemy.moml.MoMLSimpleApplication@17ba152e
----------------- Done invoking toplevel() on ptolemy.moml.MoMLSimpleApplication@17ba152e
reloadAllAccessors: .arrayType6

===========================================================================================
----------------- testing Sun Jun 23 20:49:07 UTC 2019 /home/travis/build/icyphy/ptII/ptolemy/actor/lib/test/auto/arrayType7.xml
----------------- Instantiating /home/travis/build/icyphy/ptII/ptolemy/actor/lib/test/auto/arrayType7.xml
2 ms. Memory: 523264K Free: 225852K (43%)
----------------- Invoking toplevel() on ptolemy.moml.MoMLSimpleApplication@1a9d6057
----------------- Done invoking toplevel() on ptolemy.moml.MoMLSimpleApplication@1a9d6057
reloadAllAccessors: .arrayType7

===========================================================================================
----------------- testing Sun Jun 23 20:49:07 UTC 2019 /home/travis/build/icyphy/ptII/ptolemy/actor/lib/test/auto/arrayType8.xml
----------------- Instantiating /home/travis/build/icyphy/ptII/ptolemy/actor/lib/test/auto/arrayType8.xml
1 ms. Memory: 523264K Free: 221246K (42%)
----------------- Invoking toplevel() on ptolemy.moml.MoMLSimpleApplication@3c706312
----------------- Done invoking toplevel() on ptolemy.moml.MoMLSimpleApplication@3c706312
reloadAllAccessors: .arrayType8

===========================================================================================
----------------- testing Sun Jun 23 20:49:07 UTC 2019 /home/travis/build/icyphy/ptII/ptolemy/actor/lib/test/auto/arrayType9.xml
----------------- Instantiating /home/travis/build/icyphy/ptII/ptolemy/actor/lib/test/auto/arrayType9.xml
1 ms. Memory: 523264K Free: 216126K (41%)
----------------- Invoking toplevel() on ptolemy.moml.MoMLSimpleApplication@7eb967b9
----------------- Done invoking toplevel() on ptolemy.moml.MoMLSimpleApplication@7eb967b9
reloadAllAccessors: .arrayType9

===========================================================================================
----------------- testing Sun Jun 23 20:49:07 UTC 2019 /home/travis/build/icyphy/ptII/ptolemy/actor/lib/test/auto/cast.xml
----------------- Instantiating /home/travis/build/icyphy/ptII/ptolemy/actor/lib/test/auto/cast.xml
14 ms. Memory: 523264K Free: 211516K (40%)
----------------- Invoking toplevel() on ptolemy.moml.MoMLSimpleApplication@58ebe7f7
----------------- Done invoking toplevel() on ptolemy.moml.MoMLSimpleApplication@58ebe7f7
reloadAllAccessors: .cast

===========================================================================================
----------------- testing Sun Jun 23 20:49:07 UTC 2019 /home/travis/build/icyphy/ptII/ptolemy/actor/lib/test/auto/compositeMultiPort.xml
----------------- Instantiating /home/travis/build/icyphy/ptII/ptolemy/actor/lib/test/auto/compositeMultiPort.xml
3 ms. Memory: 523264K Free: 202814K (39%)
----------------- Invoking toplevel() on ptolemy.moml.MoMLSimpleApplication@7653ef74
----------------- Done invoking toplevel() on ptolemy.moml.MoMLSimpleApplication@7653ef74
reloadAllAccessors: .compositeMultiPort

===========================================================================================
----------------- testing Sun Jun 23 20:49:07 UTC 2019 /home/travis/build/icyphy/ptII/ptolemy/actor/lib/test/auto/expressionCastInference.xml
----------------- Instantiating /home/travis/build/icyphy/ptII/ptolemy/actor/lib/test/auto/expressionCastInference.xml
2 ms. Memory: 523264K Free: 197694K (38%)
----------------- Invoking toplevel() on ptolemy.moml.MoMLSimpleApplication@6f6d6ed1
----------------- Done invoking toplevel() on ptolemy.moml.MoMLSimpleApplication@6f6d6ed1
reloadAllAccessors: .expressionCastInference

===========================================================================================
----------------- testing Sun Jun 23 20:49:07 UTC 2019 /home/travis/build/icyphy/ptII/ptolemy/actor/lib/test/auto/expressionCastInference2.xml
----------------- Instantiating /home/travis/build/icyphy/ptII/ptolemy/actor/lib/test/auto/expressionCastInference2.xml
2 ms. Memory: 523264K Free: 193084K (37%)
----------------- Invoking toplevel() on ptolemy.moml.MoMLSimpleApplication@422767f4
----------------- Done invoking toplevel() on ptolemy.moml.MoMLSimpleApplication@422767f4
reloadAllAccessors: .expressionCastInference2

===========================================================================================
----------------- testing Sun Jun 23 20:49:07 UTC 2019 /home/travis/build/icyphy/ptII/ptolemy/actor/lib/test/auto/expressionInference.xml
----------------- Instantiating /home/travis/build/icyphy/ptII/ptolemy/actor/lib/test/auto/expressionInference.xml
2 ms. Memory: 523264K Free: 188988K (36%)
----------------- Invoking toplevel() on ptolemy.moml.MoMLSimpleApplication@5c3a5902
----------------- Done invoking toplevel() on ptolemy.moml.MoMLSimpleApplication@5c3a5902
reloadAllAccessors: .expressionInference

===========================================================================================
----------------- testing Sun Jun 23 20:49:07 UTC 2019 /home/travis/build/icyphy/ptII/ptolemy/actor/lib/test/auto/expression_bug.xml
----------------- Instantiating /home/travis/build/icyphy/ptII/ptolemy/actor/lib/test/auto/expression_bug.xml
1 ms. Memory: 523264K Free: 184382K (35%)
----------------- Invoking toplevel() on ptolemy.moml.MoMLSimpleApplication@1d6e378c
----------------- Done invoking toplevel() on ptolemy.moml.MoMLSimpleApplication@1d6e378c
reloadAllAccessors: .expression_bug

===========================================================================================
----------------- testing Sun Jun 23 20:49:07 UTC 2019 /home/travis/build/icyphy/ptII/ptolemy/actor/lib/test/auto/factorial.xml
----------------- Instantiating /home/travis/build/icyphy/ptII/ptolemy/actor/lib/test/auto/factorial.xml
49 ms. Memory: 523264K Free: 176190K (34%)
----------------- Invoking toplevel() on ptolemy.moml.MoMLSimpleApplication@6a43a079
----------------- Done invoking toplevel() on ptolemy.moml.MoMLSimpleApplication@6a43a079
reloadAllAccessors: .factorial

===========================================================================================
----------------- testing Sun Jun 23 20:49:07 UTC 2019 /home/travis/build/icyphy/ptII/ptolemy/actor/lib/test/auto/filterTest1.xml
----------------- Instantiating /home/travis/build/icyphy/ptII/ptolemy/actor/lib/test/auto/filterTest1.xml
3 ms. Memory: 523264K Free: 170542K (33%)
----------------- Invoking toplevel() on ptolemy.moml.MoMLSimpleApplication@40cf5335
----------------- Done invoking toplevel() on ptolemy.moml.MoMLSimpleApplication@40cf5335
reloadAllAccessors: .filterTest1

===========================================================================================
----------------- testing Sun Jun 23 20:49:08 UTC 2019 /home/travis/build/icyphy/ptII/ptolemy/actor/lib/test/auto/funcApplyInConst.xml
----------------- Instantiating /home/travis/build/icyphy/ptII/ptolemy/actor/lib/test/auto/funcApplyInConst.xml
1 ms. Memory: 523264K Free: 166460K (32%)
----------------- Invoking toplevel() on ptolemy.moml.MoMLSimpleApplication@addce62
----------------- Done invoking toplevel() on ptolemy.moml.MoMLSimpleApplication@addce62
reloadAllAccessors: .funcApplyInConst

===========================================================================================
----------------- testing Sun Jun 23 20:49:08 UTC 2019 /home/travis/build/icyphy/ptII/ptolemy/actor/lib/test/auto/funcApplyInExpr.xml
----------------- Instantiating /home/travis/build/icyphy/ptII/ptolemy/actor/lib/test/auto/funcApplyInExpr.xml
1 ms. Memory: 523264K Free: 162878K (31%)
----------------- Invoking toplevel() on ptolemy.moml.MoMLSimpleApplication@55acd92b
----------------- Done invoking toplevel() on ptolemy.moml.MoMLSimpleApplication@55acd92b
reloadAllAccessors: .funcApplyInExpr

===========================================================================================
----------------- testing Sun Jun 23 20:49:08 UTC 2019 /home/travis/build/icyphy/ptII/ptolemy/actor/lib/test/auto/function.xml
----------------- Instantiating /home/travis/build/icyphy/ptII/ptolemy/actor/lib/test/auto/function.xml
2 ms. Memory: 523264K Free: 465472K (89%)
----------------- Invoking toplevel() on ptolemy.moml.MoMLSimpleApplication@3c306e64
----------------- Done invoking toplevel() on ptolemy.moml.MoMLSimpleApplication@3c306e64
reloadAllAccessors: .function

===========================================================================================
----------------- testing Sun Jun 23 20:49:08 UTC 2019 /home/travis/build/icyphy/ptII/ptolemy/actor/lib/test/auto/function2.xml
----------------- Instantiating /home/travis/build/icyphy/ptII/ptolemy/actor/lib/test/auto/function2.xml
3 ms. Memory: 523264K Free: 460352K (88%)
----------------- Invoking toplevel() on ptolemy.moml.MoMLSimpleApplication@59d95e75
----------------- Done invoking toplevel() on ptolemy.moml.MoMLSimpleApplication@59d95e75
reloadAllAccessors: .function2

===========================================================================================
----------------- testing Sun Jun 23 20:49:08 UTC 2019 /home/travis/build/icyphy/ptII/ptolemy/actor/lib/test/auto/function3.xml
----------------- Instantiating /home/travis/build/icyphy/ptII/ptolemy/actor/lib/test/auto/function3.xml
1 ms. Memory: 523264K Free: 456766K (87%)
----------------- Invoking toplevel() on ptolemy.moml.MoMLSimpleApplication@2aad4eb
----------------- Done invoking toplevel() on ptolemy.moml.MoMLSimpleApplication@2aad4eb
reloadAllAccessors: .function3

===========================================================================================
----------------- testing Sun Jun 23 20:49:08 UTC 2019 /home/travis/build/icyphy/ptII/ptolemy/actor/lib/test/auto/functionClosureTest1.xml
----------------- Instantiating /home/travis/build/icyphy/ptII/ptolemy/actor/lib/test/auto/functionClosureTest1.xml
3 ms. Memory: 523264K Free: 451136K (86%)
----------------- Invoking toplevel() on ptolemy.moml.MoMLSimpleApplication@5831408d
----------------- Done invoking toplevel() on ptolemy.moml.MoMLSimpleApplication@5831408d
reloadAllAccessors: .functionClosureTest1

===========================================================================================
----------------- testing Sun Jun 23 20:49:08 UTC 2019 /home/travis/build/icyphy/ptII/ptolemy/actor/lib/test/auto/functionClosureTest2.xml
----------------- Instantiating /home/travis/build/icyphy/ptII/ptolemy/actor/lib/test/auto/functionClosureTest2.xml
1 ms. Memory: 523264K Free: 447040K (85%)
----------------- Invoking toplevel() on ptolemy.moml.MoMLSimpleApplication@3c4dcc49
----------------- Done invoking toplevel() on ptolemy.moml.MoMLSimpleApplication@3c4dcc49
reloadAllAccessors: .functionClosureTest2

===========================================================================================
----------------- testing Sun Jun 23 20:49:08 UTC 2019 /home/travis/build/icyphy/ptII/ptolemy/actor/lib/test/auto/functionClosureTest3.xml
----------------- Instantiating /home/travis/build/icyphy/ptII/ptolemy/actor/lib/test/auto/functionClosureTest3.xml
3 ms. Memory: 523264K Free: 441920K (84%)
----------------- Invoking toplevel() on ptolemy.moml.MoMLSimpleApplication@53759248
----------------- Done invoking toplevel() on ptolemy.moml.MoMLSimpleApplication@53759248
reloadAllAccessors: .functionClosureTest3

===========================================================================================
----------------- testing Sun Jun 23 20:49:08 UTC 2019 /home/travis/build/icyphy/ptII/ptolemy/actor/lib/test/auto/functionClosureTest4.xml
----------------- Instantiating /home/travis/build/icyphy/ptII/ptolemy/actor/lib/test/auto/functionClosureTest4.xml
4 ms. Memory: 523264K Free: 435776K (83%)
----------------- Invoking toplevel() on ptolemy.moml.MoMLSimpleApplication@6bbd44a4
----------------- Done invoking toplevel() on ptolemy.moml.MoMLSimpleApplication@6bbd44a4
reloadAllAccessors: .functionClosureTest4

===========================================================================================
----------------- testing Sun Jun 23 20:49:08 UTC 2019 /home/travis/build/icyphy/ptII/ptolemy/actor/lib/test/auto/functionClosureTest5.xml
----------------- Instantiating /home/travis/build/icyphy/ptII/ptolemy/actor/lib/test/auto/functionClosureTest5.xml
3 ms. Memory: 523264K Free: 430142K (82%)
----------------- Invoking toplevel() on ptolemy.moml.MoMLSimpleApplication@aea1835
----------------- Done invoking toplevel() on ptolemy.moml.MoMLSimpleApplication@aea1835
reloadAllAccessors: .functionClosureTest5

===========================================================================================
----------------- testing Sun Jun 23 20:49:08 UTC 2019 /home/travis/build/icyphy/ptII/ptolemy/actor/lib/test/auto/functionClosureTest6.xml
----------------- Instantiating /home/travis/build/icyphy/ptII/ptolemy/actor/lib/test/auto/functionClosureTest6.xml
2 ms. Memory: 523264K Free: 425536K (81%)
----------------- Invoking toplevel() on ptolemy.moml.MoMLSimpleApplication@6355fb8c
----------------- Done invoking toplevel() on ptolemy.moml.MoMLSimpleApplication@6355fb8c
reloadAllAccessors: .functionClosureTest6

===========================================================================================
----------------- testing Sun Jun 23 20:49:08 UTC 2019 /home/travis/build/icyphy/ptII/ptolemy/actor/lib/test/auto/functionsOnArcs.xml
----------------- Instantiating /home/travis/build/icyphy/ptII/ptolemy/actor/lib/test/auto/functionsOnArcs.xml
2 ms. Memory: 523264K Free: 419902K (80%)
----------------- Invoking toplevel() on ptolemy.moml.MoMLSimpleApplication@48407f1b
----------------- Done invoking toplevel() on ptolemy.moml.MoMLSimpleApplication@48407f1b
reloadAllAccessors: .functionsOnArcs

===========================================================================================
----------------- testing Sun Jun 23 20:49:08 UTC 2019 /home/travis/build/icyphy/ptII/ptolemy/actor/lib/test/auto/functionsOnArcsHOF.xml
----------------- Instantiating /home/travis/build/icyphy/ptII/ptolemy/actor/lib/test/auto/functionsOnArcsHOF.xml
3 ms. Memory: 523264K Free: 414272K (79%)
----------------- Invoking toplevel() on ptolemy.moml.MoMLSimpleApplication@42fca9ef
----------------- Done invoking toplevel() on ptolemy.moml.MoMLSimpleApplication@42fca9ef
reloadAllAccessors: .functionsOnArcsHOF

===========================================================================================
----------------- testing Sun Jun 23 20:49:08 UTC 2019 /home/travis/build/icyphy/ptII/ptolemy/actor/lib/test/auto/logic.xml
----------------- Instantiating /home/travis/build/icyphy/ptII/ptolemy/actor/lib/test/auto/logic.xml
2 ms. Memory: 523264K Free: 407104K (78%)
----------------- Invoking toplevel() on ptolemy.moml.MoMLSimpleApplication@349e8203
----------------- Done invoking toplevel() on ptolemy.moml.MoMLSimpleApplication@349e8203
reloadAllAccessors: .logic

===========================================================================================
----------------- testing Sun Jun 23 20:49:08 UTC 2019 /home/travis/build/icyphy/ptII/ptolemy/actor/lib/test/auto/matrixType.xml
----------------- Instantiating /home/travis/build/icyphy/ptII/ptolemy/actor/lib/test/auto/matrixType.xml
2 ms. Memory: 523264K Free: 401456K (77%)
----------------- Invoking toplevel() on ptolemy.moml.MoMLSimpleApplication@5360a543
----------------- Done invoking toplevel() on ptolemy.moml.MoMLSimpleApplication@5360a543
reloadAllAccessors: .matrixType

===========================================================================================
----------------- testing Sun Jun 23 20:49:08 UTC 2019 /home/travis/build/icyphy/ptII/ptolemy/actor/lib/test/auto/matrixType10.xml
----------------- Instantiating /home/travis/build/icyphy/ptII/ptolemy/actor/lib/test/auto/matrixType10.xml
2 ms. Memory: 523264K Free: 396864K (76%)
----------------- Invoking toplevel() on ptolemy.moml.MoMLSimpleApplication@1c7aca90
----------------- Done invoking toplevel() on ptolemy.moml.MoMLSimpleApplication@1c7aca90
reloadAllAccessors: .matrixType10

===========================================================================================
----------------- testing Sun Jun 23 20:49:08 UTC 2019 /home/travis/build/icyphy/ptII/ptolemy/actor/lib/test/auto/matrixType11.xml
----------------- Instantiating /home/travis/build/icyphy/ptII/ptolemy/actor/lib/test/auto/matrixType11.xml
1 ms. Memory: 523264K Free: 392254K (75%)
----------------- Invoking toplevel() on ptolemy.moml.MoMLSimpleApplication@1ef37559
----------------- Done invoking toplevel() on ptolemy.moml.MoMLSimpleApplication@1ef37559
reloadAllAccessors: .matrixType11

===========================================================================================
----------------- testing Sun Jun 23 20:49:08 UTC 2019 /home/travis/build/icyphy/ptII/ptolemy/actor/lib/test/auto/matrixType12.xml
----------------- Instantiating /home/travis/build/icyphy/ptII/ptolemy/actor/lib/test/auto/matrixType12.xml
1 ms. Memory: 523264K Free: 387134K (74%)
----------------- Invoking toplevel() on ptolemy.moml.MoMLSimpleApplication@4a98c158
----------------- Done invoking toplevel() on ptolemy.moml.MoMLSimpleApplication@4a98c158
reloadAllAccessors: .matrixType12

===========================================================================================
----------------- testing Sun Jun 23 20:49:08 UTC 2019 /home/travis/build/icyphy/ptII/ptolemy/actor/lib/test/auto/matrixType13.xml
----------------- Instantiating /home/travis/build/icyphy/ptII/ptolemy/actor/lib/test/auto/matrixType13.xml
2 ms. Memory: 523264K Free: 382528K (73%)
----------------- Invoking toplevel() on ptolemy.moml.MoMLSimpleApplication@3791f506
----------------- Done invoking toplevel() on ptolemy.moml.MoMLSimpleApplication@3791f506
reloadAllAccessors: .matrixType13

===========================================================================================
----------------- testing Sun Jun 23 20:49:08 UTC 2019 /home/travis/build/icyphy/ptII/ptolemy/actor/lib/test/auto/matrixType14.xml
----------------- Instantiating /home/travis/build/icyphy/ptII/ptolemy/actor/lib/test/auto/matrixType14.xml
1 ms. Memory: 523264K Free: 376880K (72%)
----------------- Invoking toplevel() on ptolemy.moml.MoMLSimpleApplication@e0b9f7
----------------- Done invoking toplevel() on ptolemy.moml.MoMLSimpleApplication@e0b9f7
reloadAllAccessors: .matrixType14

===========================================================================================
----------------- testing Sun Jun 23 20:49:08 UTC 2019 /home/travis/build/icyphy/ptII/ptolemy/actor/lib/test/auto/matrixType2.xml
----------------- Instantiating /home/travis/build/icyphy/ptII/ptolemy/actor/lib/test/auto/matrixType2.xml
1 ms. Memory: 523264K Free: 371760K (71%)
----------------- Invoking toplevel() on ptolemy.moml.MoMLSimpleApplication@39ed3494
----------------- Done invoking toplevel() on ptolemy.moml.MoMLSimpleApplication@39ed3494
reloadAllAccessors: .matrixType2

===========================================================================================
----------------- testing Sun Jun 23 20:49:08 UTC 2019 /home/travis/build/icyphy/ptII/ptolemy/actor/lib/test/auto/matrixType3.xml
----------------- Instantiating /home/travis/build/icyphy/ptII/ptolemy/actor/lib/test/auto/matrixType3.xml
4 ms. Memory: 523264K Free: 367168K (70%)
----------------- Invoking toplevel() on ptolemy.moml.MoMLSimpleApplication@632b191
----------------- Done invoking toplevel() on ptolemy.moml.MoMLSimpleApplication@632b191
reloadAllAccessors: .matrixType3

===========================================================================================
----------------- testing Sun Jun 23 20:49:08 UTC 2019 /home/travis/build/icyphy/ptII/ptolemy/actor/lib/test/auto/matrixType4.xml
----------------- Instantiating /home/travis/build/icyphy/ptII/ptolemy/actor/lib/test/auto/matrixType4.xml
1 ms. Memory: 523264K Free: 362048K (69%)
----------------- Invoking toplevel() on ptolemy.moml.MoMLSimpleApplication@2e65973d
----------------- Done invoking toplevel() on ptolemy.moml.MoMLSimpleApplication@2e65973d
reloadAllAccessors: .matrixType4

===========================================================================================
----------------- testing Sun Jun 23 20:49:08 UTC 2019 /home/travis/build/icyphy/ptII/ptolemy/actor/lib/test/auto/matrixType5.xml
----------------- Instantiating /home/travis/build/icyphy/ptII/ptolemy/actor/lib/test/auto/matrixType5.xml
2 ms. Memory: 523264K Free: 357438K (68%)
----------------- Invoking toplevel() on ptolemy.moml.MoMLSimpleApplication@38168f45
----------------- Done invoking toplevel() on ptolemy.moml.MoMLSimpleApplication@38168f45
reloadAllAccessors: .matrixType5

===========================================================================================
----------------- testing Sun Jun 23 20:49:08 UTC 2019 /home/travis/build/icyphy/ptII/ptolemy/actor/lib/test/auto/matrixType6.xml
----------------- Instantiating /home/travis/build/icyphy/ptII/ptolemy/actor/lib/test/auto/matrixType6.xml
2 ms. Memory: 523264K Free: 352318K (67%)
----------------- Invoking toplevel() on ptolemy.moml.MoMLSimpleApplication@77637662
----------------- Done invoking toplevel() on ptolemy.moml.MoMLSimpleApplication@77637662
reloadAllAccessors: .matrixType6

===========================================================================================
----------------- testing Sun Jun 23 20:49:08 UTC 2019 /home/travis/build/icyphy/ptII/ptolemy/actor/lib/test/auto/matrixType7.xml
----------------- Instantiating /home/travis/build/icyphy/ptII/ptolemy/actor/lib/test/auto/matrixType7.xml
2 ms. Memory: 523264K Free: 347712K (66%)
----------------- Invoking toplevel() on ptolemy.moml.MoMLSimpleApplication@314cf00f
----------------- Done invoking toplevel() on ptolemy.moml.MoMLSimpleApplication@314cf00f
reloadAllAccessors: .matrixType7

===========================================================================================
----------------- testing Sun Jun 23 20:49:08 UTC 2019 /home/travis/build/icyphy/ptII/ptolemy/actor/lib/test/auto/matrixType8.xml
----------------- Instantiating /home/travis/build/icyphy/ptII/ptolemy/actor/lib/test/auto/matrixType8.xml
2 ms. Memory: 523264K Free: 343102K (66%)
----------------- Invoking toplevel() on ptolemy.moml.MoMLSimpleApplication@4ccb7e4a
----------------- Done invoking toplevel() on ptolemy.moml.MoMLSimpleApplication@4ccb7e4a
reloadAllAccessors: .matrixType8

===========================================================================================
----------------- testing Sun Jun 23 20:49:08 UTC 2019 /home/travis/build/icyphy/ptII/ptolemy/actor/lib/test/auto/matrixType9.xml
----------------- Instantiating /home/travis/build/icyphy/ptII/ptolemy/actor/lib/test/auto/matrixType9.xml
1 ms. Memory: 523264K Free: 337982K (65%)
----------------- Invoking toplevel() on ptolemy.moml.MoMLSimpleApplication@65ba4f0a
----------------- Done invoking toplevel() on ptolemy.moml.MoMLSimpleApplication@65ba4f0a
reloadAllAccessors: .matrixType9

===========================================================================================
----------------- testing Sun Jun 23 20:49:08 UTC 2019 /home/travis/build/icyphy/ptII/ptolemy/actor/lib/test/auto/paraFunctest.xml
----------------- Instantiating /home/travis/build/icyphy/ptII/ptolemy/actor/lib/test/auto/paraFunctest.xml
2 ms. Memory: 523264K Free: 334400K (64%)
----------------- Invoking toplevel() on ptolemy.moml.MoMLSimpleApplication@26ba3c7e
----------------- Done invoking toplevel() on ptolemy.moml.MoMLSimpleApplication@26ba3c7e
reloadAllAccessors: .paraFunctest

===========================================================================================
----------------- testing Sun Jun 23 20:49:08 UTC 2019 /home/travis/build/icyphy/ptII/ptolemy/actor/lib/test/auto/paraFunctest2.xml
----------------- Instantiating /home/travis/build/icyphy/ptII/ptolemy/actor/lib/test/auto/paraFunctest2.xml
1 ms. Memory: 523264K Free: 329790K (63%)
----------------- Invoking toplevel() on ptolemy.moml.MoMLSimpleApplication@40e3daa0
----------------- Done invoking toplevel() on ptolemy.moml.MoMLSimpleApplication@40e3daa0
reloadAllAccessors: .paraFunctest2

===========================================================================================
----------------- testing Sun Jun 23 20:49:08 UTC 2019 /home/travis/build/icyphy/ptII/ptolemy/actor/lib/test/auto/parameterPassing.xml
----------------- Instantiating /home/travis/build/icyphy/ptII/ptolemy/actor/lib/test/auto/parameterPassing.xml
1 ms. Memory: 523264K Free: 325694K (62%)
----------------- Invoking toplevel() on ptolemy.moml.MoMLSimpleApplication@25b38859
----------------- Done invoking toplevel() on ptolemy.moml.MoMLSimpleApplication@25b38859
reloadAllAccessors: .parameterPassing

===========================================================================================
----------------- testing Sun Jun 23 20:49:08 UTC 2019 /home/travis/build/icyphy/ptII/ptolemy/actor/lib/test/auto/record.xml
----------------- Instantiating /home/travis/build/icyphy/ptII/ptolemy/actor/lib/test/auto/record.xml
4 ms. Memory: 523264K Free: 320574K (61%)
----------------- Invoking toplevel() on ptolemy.moml.MoMLSimpleApplication@15070619
----------------- Done invoking toplevel() on ptolemy.moml.MoMLSimpleApplication@15070619
reloadAllAccessors: .record

===========================================================================================
----------------- testing Sun Jun 23 20:49:08 UTC 2019 /home/travis/build/icyphy/ptII/ptolemy/actor/lib/test/auto/sizedarray1.xml
----------------- Instantiating /home/travis/build/icyphy/ptII/ptolemy/actor/lib/test/auto/sizedarray1.xml
2 ms. Memory: 523264K Free: 315454K (60%)
----------------- Invoking toplevel() on ptolemy.moml.MoMLSimpleApplication@28b3d97f
----------------- Done invoking toplevel() on ptolemy.moml.MoMLSimpleApplication@28b3d97f
reloadAllAccessors: .sizedarray1

===========================================================================================
----------------- testing Sun Jun 23 20:49:08 UTC 2019 /home/travis/build/icyphy/ptII/ptolemy/actor/lib/test/auto/sizedarray2.xml
----------------- Instantiating /home/travis/build/icyphy/ptII/ptolemy/actor/lib/test/auto/sizedarray2.xml
3 ms. Memory: 523264K Free: 310334K (59%)
----------------- Invoking toplevel() on ptolemy.moml.MoMLSimpleApplication@c8ae824
----------------- Done invoking toplevel() on ptolemy.moml.MoMLSimpleApplication@c8ae824
reloadAllAccessors: .sizedarray2

===========================================================================================
----------------- testing Sun Jun 23 20:49:08 UTC 2019 /home/travis/build/icyphy/ptII/ptolemy/actor/lib/test/auto/twoPublishers.xml
----------------- Instantiating /home/travis/build/icyphy/ptII/ptolemy/actor/lib/test/auto/twoPublishers.xml
6 ms. Memory: 523264K Free: 299584K (57%)
----------------- Invoking toplevel() on ptolemy.moml.MoMLSimpleApplication@1a020097
----------------- Done invoking toplevel() on ptolemy.moml.MoMLSimpleApplication@1a020097
reloadAllAccessors: .twoPublishers
AutoTests.java: About to close Vertx.
AutoTests.java: Vertx closed.
]]></system-out>
  <system-err><![CDATA[java.lang.RuntimeException: Execution failed
	at ptolemy.moml.MoMLSimpleApplication$UnloadThread.run(MoMLSimpleApplication.java:402)
Caused by: java.lang.RuntimeException: StringUtilities.exit() was called. Normally, we would exit here because Manager.exitAfterWrapup() was called.  However, because the ptolemy.ptII.exitAfterWrapup property is set, we throw this exception instead.
	at ptolemy.util.StringUtilities.exit(StringUtilities.java:363)
	at ptolemy.actor.Manager.wrapup(Manager.java:1531)
	at ptolemy.actor.Manager.execute(Manager.java:407)
	at ptolemy.actor.Manager.run(Manager.java:1263)
	at ptolemy.actor.Manager$PtolemyRunThread.run(Manager.java:1915)
Warning: '.top.test' is in training mode, set the trainingMode parameter to false before checking in
Warning: '.top.test' is in training mode, set the trainingMode parameter to false before checking in
Warning: '.top.test' is in training mode, set the trainingMode parameter to false before checking in
Warning: '.BooleanSwitch_RegressionTest_WrongTrainingValues.Test' is in training mode, set the trainingMode parameter to false before checking in
Warning: '.BooleanSwitch_RegressionTest_WrongTrainingValues.Test2' is in training mode, set the trainingMode parameter to false before checking in
Warning: '.BooleanSwitch_RegressionTest_WrongTrainingValues.Test2' The test produced 0 tokens.
Warning: '.top.testExceptionHandler' is in training mode, set the trainingMode parameter to false before checking in
java.lang.RuntimeException: Execution failed
	at ptolemy.moml.MoMLSimpleApplication$UnloadThread.run(MoMLSimpleApplication.java:402)
Caused by: ptolemy.kernel.util.IllegalActionException: PublisherPorts cannot be used at the top level, use a Publisher actor instead.
  in .PublisherPortToplevelSubscriber.PublisherPort
	at ptolemy.actor.PublisherPort.preinitialize(PublisherPort.java:403)
	at ptolemy.actor.CompositeActor.preinitialize(CompositeActor.java:1769)
	at ptolemy.actor.Manager.preinitializeAndResolveTypes(Manager.java:1040)
	at ptolemy.actor.Manager.initialize(Manager.java:710)
	at ptolemy.actor.Manager.execute(Manager.java:356)
	at ptolemy.actor.Manager.run(Manager.java:1263)
	at ptolemy.actor.Manager$PtolemyRunThread.run(Manager.java:1915)
java.lang.reflect.InvocationTargetException
	at java.base/jdk.internal.reflect.NativeConstructorAccessorImpl.newInstance0(Native Method)
	at java.base/jdk.internal.reflect.NativeConstructorAccessorImpl.newInstance(NativeConstructorAccessorImpl.java:62)
	at java.base/jdk.internal.reflect.DelegatingConstructorAccessorImpl.newInstance(DelegatingConstructorAccessorImpl.java:45)
	at java.base/java.lang.reflect.Constructor.newInstance(Constructor.java:490)
	at ptolemy.util.test.junit.AutoKnownFailedTests.RunModel(AutoKnownFailedTests.java:105)
	at java.base/jdk.internal.reflect.NativeMethodAccessorImpl.invoke0(Native Method)
	at java.base/jdk.internal.reflect.NativeMethodAccessorImpl.invoke(NativeMethodAccessorImpl.java:62)
	at java.base/jdk.internal.reflect.DelegatingMethodAccessorImpl.invoke(DelegatingMethodAccessorImpl.java:43)
	at java.base/java.lang.reflect.Method.invoke(Method.java:566)
	at org.junit.runners.model.FrameworkMethod$1.runReflectiveCall(FrameworkMethod.java:44)
	at org.junit.internal.runners.model.ReflectiveCallable.run(ReflectiveCallable.java:15)
	at org.junit.runners.model.FrameworkMethod.invokeExplosively(FrameworkMethod.java:41)
	at junitparams.internal.InvokeParameterisedMethod.evaluate(InvokeParameterisedMethod.java:102)
	at org.junit.internal.runners.statements.FailOnTimeout$1.run(FailOnTimeout.java:28)
Caused by: ptolemy.kernel.util.IllegalActionException: PublisherPorts cannot be used at the top level, use a Publisher actor instead.
  in .PublisherPortToplevelSubscriber.PublisherPort
	at ptolemy.actor.PublisherPort.preinitialize(PublisherPort.java:403)
	at ptolemy.actor.CompositeActor.preinitialize(CompositeActor.java:1769)
	at ptolemy.actor.Manager.preinitializeAndResolveTypes(Manager.java:1040)
	at ptolemy.actor.Manager.initialize(Manager.java:710)
	at ptolemy.actor.Manager.execute(Manager.java:356)
	at ptolemy.actor.Manager.run(Manager.java:1263)
	at ptolemy.actor.Manager$PtolemyRunThread.run(Manager.java:1915)
java.lang.RuntimeException: Execution failed
	at ptolemy.moml.MoMLSimpleApplication$UnloadThread.run(MoMLSimpleApplication.java:402)
Caused by: ptolemy.kernel.util.IllegalActionException: SubscriberPorts cannot be used at the top level, use a Subscriber actor instead.
  in .PublisherSubscriberPortToplevel.SubscriberPort
	at ptolemy.actor.SubscriberPort.preinitialize(SubscriberPort.java:328)
	at ptolemy.actor.CompositeActor.preinitialize(CompositeActor.java:1769)
	at ptolemy.actor.Manager.preinitializeAndResolveTypes(Manager.java:1040)
	at ptolemy.actor.Manager.initialize(Manager.java:710)
	at ptolemy.actor.Manager.execute(Manager.java:356)
	at ptolemy.actor.Manager.run(Manager.java:1263)
	at ptolemy.actor.Manager$PtolemyRunThread.run(Manager.java:1915)
java.lang.reflect.InvocationTargetException
	at java.base/jdk.internal.reflect.NativeConstructorAccessorImpl.newInstance0(Native Method)
	at java.base/jdk.internal.reflect.NativeConstructorAccessorImpl.newInstance(NativeConstructorAccessorImpl.java:62)
	at java.base/jdk.internal.reflect.DelegatingConstructorAccessorImpl.newInstance(DelegatingConstructorAccessorImpl.java:45)
	at java.base/java.lang.reflect.Constructor.newInstance(Constructor.java:490)
	at ptolemy.util.test.junit.AutoKnownFailedTests.RunModel(AutoKnownFailedTests.java:105)
	at java.base/jdk.internal.reflect.NativeMethodAccessorImpl.invoke0(Native Method)
	at java.base/jdk.internal.reflect.NativeMethodAccessorImpl.invoke(NativeMethodAccessorImpl.java:62)
	at java.base/jdk.internal.reflect.DelegatingMethodAccessorImpl.invoke(DelegatingMethodAccessorImpl.java:43)
	at java.base/java.lang.reflect.Method.invoke(Method.java:566)
	at org.junit.runners.model.FrameworkMethod$1.runReflectiveCall(FrameworkMethod.java:44)
	at org.junit.internal.runners.model.ReflectiveCallable.run(ReflectiveCallable.java:15)
	at org.junit.runners.model.FrameworkMethod.invokeExplosively(FrameworkMethod.java:41)
	at junitparams.internal.InvokeParameterisedMethod.evaluate(InvokeParameterisedMethod.java:102)
	at org.junit.internal.runners.statements.FailOnTimeout$1.run(FailOnTimeout.java:28)
Caused by: ptolemy.kernel.util.IllegalActionException: SubscriberPorts cannot be used at the top level, use a Subscriber actor instead.
  in .PublisherSubscriberPortToplevel.SubscriberPort
	at ptolemy.actor.SubscriberPort.preinitialize(SubscriberPort.java:328)
	at ptolemy.actor.CompositeActor.preinitialize(CompositeActor.java:1769)
	at ptolemy.actor.Manager.preinitializeAndResolveTypes(Manager.java:1040)
	at ptolemy.actor.Manager.initialize(Manager.java:710)
	at ptolemy.actor.Manager.execute(Manager.java:356)
	at ptolemy.actor.Manager.run(Manager.java:1263)
	at ptolemy.actor.Manager$PtolemyRunThread.run(Manager.java:1915)
java.lang.RuntimeException: Execution failed
	at ptolemy.moml.MoMLSimpleApplication$UnloadThread.run(MoMLSimpleApplication.java:402)
Caused by: ptolemy.kernel.util.IllegalActionException: SubscriptionAggregatorPorts cannot be used at the top level, use a SubscriptionAggregator actor instead.
  in .PublisherSubscriptionAggregatorPort.SubscriptionAggregatorPort
	at ptolemy.actor.SubscriptionAggregatorPort.preinitialize(SubscriptionAggregatorPort.java:353)
	at ptolemy.actor.CompositeActor.preinitialize(CompositeActor.java:1769)
	at ptolemy.actor.Manager.preinitializeAndResolveTypes(Manager.java:1040)
	at ptolemy.actor.Manager.initialize(Manager.java:710)
	at ptolemy.actor.Manager.execute(Manager.java:356)
	at ptolemy.actor.Manager.run(Manager.java:1263)
	at ptolemy.actor.Manager$PtolemyRunThread.run(Manager.java:1915)
java.lang.reflect.InvocationTargetException
	at java.base/jdk.internal.reflect.NativeConstructorAccessorImpl.newInstance0(Native Method)
	at java.base/jdk.internal.reflect.NativeConstructorAccessorImpl.newInstance(NativeConstructorAccessorImpl.java:62)
	at java.base/jdk.internal.reflect.DelegatingConstructorAccessorImpl.newInstance(DelegatingConstructorAccessorImpl.java:45)
	at java.base/java.lang.reflect.Constructor.newInstance(Constructor.java:490)
	at ptolemy.util.test.junit.AutoKnownFailedTests.RunModel(AutoKnownFailedTests.java:105)
	at java.base/jdk.internal.reflect.NativeMethodAccessorImpl.invoke0(Native Method)
	at java.base/jdk.internal.reflect.NativeMethodAccessorImpl.invoke(NativeMethodAccessorImpl.java:62)
	at java.base/jdk.internal.reflect.DelegatingMethodAccessorImpl.invoke(DelegatingMethodAccessorImpl.java:43)
	at java.base/java.lang.reflect.Method.invoke(Method.java:566)
	at org.junit.runners.model.FrameworkMethod$1.runReflectiveCall(FrameworkMethod.java:44)
	at org.junit.internal.runners.model.ReflectiveCallable.run(ReflectiveCallable.java:15)
	at org.junit.runners.model.FrameworkMethod.invokeExplosively(FrameworkMethod.java:41)
	at junitparams.internal.InvokeParameterisedMethod.evaluate(InvokeParameterisedMethod.java:102)
	at org.junit.internal.runners.statements.FailOnTimeout$1.run(FailOnTimeout.java:28)
Caused by: ptolemy.kernel.util.IllegalActionException: SubscriptionAggregatorPorts cannot be used at the top level, use a SubscriptionAggregator actor instead.
  in .PublisherSubscriptionAggregatorPort.SubscriptionAggregatorPort
	at ptolemy.actor.SubscriptionAggregatorPort.preinitialize(SubscriptionAggregatorPort.java:353)
	at ptolemy.actor.CompositeActor.preinitialize(CompositeActor.java:1769)
	at ptolemy.actor.Manager.preinitializeAndResolveTypes(Manager.java:1040)
	at ptolemy.actor.Manager.initialize(Manager.java:710)
	at ptolemy.actor.Manager.execute(Manager.java:356)
	at ptolemy.actor.Manager.run(Manager.java:1263)
	at ptolemy.actor.Manager$PtolemyRunThread.run(Manager.java:1915)
java.lang.RuntimeException: Execution failed
	at ptolemy.moml.MoMLSimpleApplication$UnloadThread.run(MoMLSimpleApplication.java:402)
Caused by: ptolemy.kernel.util.IllegalActionException: TypeTest actor has no training data.
  in .sizedarray3.TypeTest
	at ptolemy.actor.lib.TypeTest.initialize(TypeTest.java:250)
	at ptolemy.actor.Director.initialize(Director.java:938)
	at ptolemy.actor.Director.initialize(Director.java:907)
	at ptolemy.actor.sched.StaticSchedulingDirector.initialize(StaticSchedulingDirector.java:159)
	at ptolemy.domains.sdf.kernel.SDFDirector.initialize(SDFDirector.java:544)
	at ptolemy.actor.CompositeActor.initialize(CompositeActor.java:935)
	at ptolemy.actor.Manager.initialize(Manager.java:724)
	at ptolemy.actor.Manager.execute(Manager.java:356)
	at ptolemy.actor.Manager.run(Manager.java:1263)
	at ptolemy.actor.Manager$PtolemyRunThread.run(Manager.java:1915)
java.lang.reflect.InvocationTargetException
	at java.base/jdk.internal.reflect.NativeConstructorAccessorImpl.newInstance0(Native Method)
	at java.base/jdk.internal.reflect.NativeConstructorAccessorImpl.newInstance(NativeConstructorAccessorImpl.java:62)
	at java.base/jdk.internal.reflect.DelegatingConstructorAccessorImpl.newInstance(DelegatingConstructorAccessorImpl.java:45)
	at java.base/java.lang.reflect.Constructor.newInstance(Constructor.java:490)
	at ptolemy.util.test.junit.AutoKnownFailedTests.RunModel(AutoKnownFailedTests.java:105)
	at java.base/jdk.internal.reflect.NativeMethodAccessorImpl.invoke0(Native Method)
	at java.base/jdk.internal.reflect.NativeMethodAccessorImpl.invoke(NativeMethodAccessorImpl.java:62)
	at java.base/jdk.internal.reflect.DelegatingMethodAccessorImpl.invoke(DelegatingMethodAccessorImpl.java:43)
	at java.base/java.lang.reflect.Method.invoke(Method.java:566)
	at org.junit.runners.model.FrameworkMethod$1.runReflectiveCall(FrameworkMethod.java:44)
	at org.junit.internal.runners.model.ReflectiveCallable.run(ReflectiveCallable.java:15)
	at org.junit.runners.model.FrameworkMethod.invokeExplosively(FrameworkMethod.java:41)
	at junitparams.internal.InvokeParameterisedMethod.evaluate(InvokeParameterisedMethod.java:102)
	at org.junit.internal.runners.statements.FailOnTimeout$1.run(FailOnTimeout.java:28)
Caused by: ptolemy.kernel.util.IllegalActionException: TypeTest actor has no training data.
  in .sizedarray3.TypeTest
	at ptolemy.actor.lib.TypeTest.initialize(TypeTest.java:250)
	at ptolemy.actor.Director.initialize(Director.java:938)
	at ptolemy.actor.Director.initialize(Director.java:907)
	at ptolemy.actor.sched.StaticSchedulingDirector.initialize(StaticSchedulingDirector.java:159)
	at ptolemy.domains.sdf.kernel.SDFDirector.initialize(SDFDirector.java:544)
	at ptolemy.actor.CompositeActor.initialize(CompositeActor.java:935)
	at ptolemy.actor.Manager.initialize(Manager.java:724)
	at ptolemy.actor.Manager.execute(Manager.java:356)
	at ptolemy.actor.Manager.run(Manager.java:1263)
	at ptolemy.actor.Manager$PtolemyRunThread.run(Manager.java:1915)
java.lang.RuntimeException: Execution failed
	at ptolemy.moml.MoMLSimpleApplication$UnloadThread.run(MoMLSimpleApplication.java:402)
Caused by: ptolemy.kernel.util.IllegalActionException: Test fails in iteration 0.
Value was: "WARNING: An illegal reflective access operation has occurred\nWARNING: Illegal reflective access by io.netty.util.internal.ReflectionUtil (file:/home/travis/build/icyphy/ptII/lib/netty-common-4.1.19.Final.jar) to constructor java.nio.DirectByteBuffer(long,int)\nWARNING: Please consider reporting this to the maintainers of io.netty.util.internal.ReflectionUtil\nWARNING: Use --illegal-access=warn to enable warnings of further illegal reflective access operations\nWARNING: All illegal access operations will be denied in a future release\n". Should have been: ""
  in .ExecRunDemos.Test
	at ptolemy.actor.lib.Test.fire(Test.java:268)
	at ptolemy.actor.AtomicActor.iterate(AtomicActor.java:512)
	at ptolemy.actor.sched.StaticSchedulingDirector.fire(StaticSchedulingDirector.java:216)
	at ptolemy.domains.sdf.kernel.SDFDirector.fire(SDFDirector.java:500)
	at ptolemy.actor.CompositeActor.fire(CompositeActor.java:455)
	at ptolemy.actor.Manager.iterate(Manager.java:851)
	at ptolemy.actor.Manager.execute(Manager.java:369)
	at ptolemy.actor.Manager.run(Manager.java:1263)
	at ptolemy.actor.Manager$PtolemyRunThread.run(Manager.java:1915)
]]></system-err>
</testsuite>
