<?xml version="1.0" encoding="UTF-8" ?>
<testsuite errors="0" failures="0" hostname="travis-job-1b937ac3-14e2-49ff-9808-75138ad2022a" name="ptolemy.domains.de.test.junit.JUnitTclTest" skipped="0" tests="101" time="122.082" timestamp="2020-02-04T17:55:53">
  <properties>
    <property name="npm.executable" value="npm" />
    <property name="env.TRAVIS_ROOT" value="/" />
    <property name="ptII.mk.exists" value="true" />
    <property name="env.TRAVIS_APP_HOST" value="build.travis-ci.org" />
    <property name="env.rvm_bin_path" value="/home/travis/.rvm/bin" />
    <property name="java.home" value="/usr/local/lib/jvm/openjdk11" />
    <property name="env.TRAVIS_JOB_NUMBER" value="1497.9" />
    <property name="env.TRAVIS_HOME" value="/home/travis" />
    <property name="env.DISPLAY" value=":99.0" />
    <property name="env.TRAVIS_INIT" value="systemd" />
    <property name="env.SSH_TTY" value="/dev/pts/0" />
    <property name="java.net.preferIPv4Stack" value="true" />
    <property name="env.RUN_TESTS" value="true" />
    <property name="timeout.short" value="1000000" />
    <property name="junit.formatter" value="xml" />
    <property name="env.TRAVIS_SUDO" value="true" />
    <property name="env.TRAVIS_JOB_NAME" value="" />
    <property name="env.TRAVIS_STACK_NODE_ATTRIBUTES" value="/.node-attributes.yml" />
    <property name="env.LOGNAME" value="travis" />
    <property name="jsdoc.home" value="node_modules/@terraswarm/jsdoc" />
    <property name="debuglevel" value="source,lines,vars" />
    <property name="checkstyle.formatter" value="xml" />
    <property name="env._system_version" value="16.04" />
    <property name="bin.vergil.makeable" value="true" />
    <property name="sun.os.patch.level" value="unknown" />
    <property name="java.vendor.url" value="http://java.oracle.com/" />
    <property name="env.TRAVIS_BUILD_WEB_URL" value="https://travis-ci.org/icyphy/ptII/builds/646052212" />
    <property name="java.version" value="11.0.2" />
    <property name="env.TZ" value="UTC" />
    <property name="env.TRAVIS_PULL_REQUEST_SHA" value="" />
    <property name="env.PT_NO_NET" value="true" />
    <property name="env.TRAVIS_SECURE_ENV_VARS" value="true" />
    <property name="env._system_type" value="Linux" />
    <property name="java.vendor.url.bug" value="http://bugreport.java.com/bugreport/" />
    <property name="npmjs-org-is-up" value="true" />
    <property name="env.LANGUAGE" value="en_US.UTF-8" />
    <property name="env.SSH_CLIENT" value="10.16.3.77 35672 22" />
    <property name="env.GEM_HOME" value="/home/travis/.rvm/gems/ruby-2.5.3" />
    <property name="env.HAS_ANTARES_THREE_LITTLE_FRONZIES_BADGE" value="true" />
    <property name="java.version.date" value="2019-01-15" />
    <property name="env.PS4" value="+" />
    <property name="ant.project.invoked-targets" value="build,test.core2.xml" />
    <property name="env.TRAVIS_PULL_REQUEST_BRANCH" value="" />
    <property name="env.TRAVIS_REPO_SLUG" value="icyphy/ptII" />
    <property name="env.XDG_DATA_DIRS" value="/usr/local/share:/usr/share:/var/lib/snapd/desktop" />
    <property name="jdk.debug" value="release" />
    <property name="env.TRAVIS_APT_PROXY" value="http://build-cache.travisci.net" />
    <property name="env.TRAVIS_CPU_ARCH" value="amd64" />
    <property name="node.in.path" value="true" />
    <property name="user.name" value="travis" />
    <property name="java.maxmemory" value="1400m" />
    <property name="env.RUBY_VERSION" value="ruby-2.5.3" />
    <property name="env.LANG" value="en_US.UTF-8" />
    <property name="sun.io.unicode.encoding" value="UnicodeLittle" />
    <property name="sun.jnu.encoding" value="UTF-8" />
    <property name="java.runtime.name" value="OpenJDK Runtime Environment" />
    <property name="usefile" value="false" />
    <property name="return.code" value="0" />
    <property name="junit.single.formatter" value="plain" />
    <property name="env.DYLD_LIBRARY_PATH" value="/home/travis/pthla/certi-tools/lib:" />
    <property name="env.DEBIAN_FRONTEND" value="noninteractive" />
    <property name="env.SSH_CONNECTION" value="10.16.3.77 35672 10.20.0.156 22" />
    <property name="env.MYSQL_UNIX_PORT" value="/var/run/mysqld/mysqld.sock" />
    <property name="env.LC_ALL" value="en_US.UTF-8" />
    <property name="env.TRAVIS_ALLOW_FAILURE" value="false" />
    <property name="env.TRAVIS_JOB_WEB_URL" value="https://travis-ci.org/icyphy/ptII/jobs/646052223" />
    <property name="java.specification.name" value="Java Platform API Specification" />
    <property name="node.works" value="true" />
    <property name="user.timezone" value="" />
    <property name="path.separator" value=":" />
    <property name="env.TRAVIS_ENABLE_INFRA_DETECTION" value="true" />
    <property name="env.PYTHON_CFLAGS" value="-g -fstack-protector --param=ssp-buffer-size=4 -Wformat -Werror=format-security" />
    <property name="timeout.long" value="4000000" />
    <property name="env.CERTI_HOME" value="/home/travis/pthla/certi-tools" />
    <property name="ant.file.ptII" value="/home/travis/build/icyphy/ptII/build.xml" />
    <property name="javadoc.packagenames" value="com.*,diva.*,lbnl.*,org.hlacerti.*,org.json.*,org.ptolemy.*,org.terraswarm.*,ptolemy.*,ptserver.*" />
    <property name="file.encoding" value="UTF-8" />
    <property name="env.TRAVIS_PULL_REQUEST_SLUG" value="" />
    <property name="ant.project.default-target" value="build" />
    <property name="env.GIT_ASKPASS" value="echo" />
    <property name="env.HOME" value="/home/travis" />
    <property name="sun.java.command" value="org.apache.tools.ant.taskdefs.optional.junit.JUnitTestRunner ptolemy.domains.de.test.junit.JUnitTclTest skipNonTests=false filtertrace=true haltOnError=false haltOnFailure=false formatter=org.apache.tools.ant.taskdefs.optional.junit.OutErrSummaryJUnitResultFormatter showoutput=true outputtoformatters=true logfailedtests=true threadid=0 logtestlistenerevents=false formatter=org.apache.tools.ant.taskdefs.optional.junit.XMLJUnitResultFormatter,/home/travis/build/icyphy/ptII/reports/junit/TEST-ptolemy.domains.de.test.junit.JUnitTclTest.xml crashfile=/home/travis/build/icyphy/ptII/junitvmwatcher1017844154007978237.properties propsfile=/home/travis/build/icyphy/ptII/junit3879769101186371885.properties" />
    <property name="env.COMPOSER_NO_INTERACTION" value="1" />
    <property name="env.MANPATH" value="/home/travis/.nvm/versions/node/v7.10.1/share/man:/home/travis/.rvm/rubies/ruby-2.5.3/share/man:/usr/local/cmake-3.12.4/man:/usr/local/clang-7.0.0/share/man:/usr/local/man:/usr/local/share/man:/usr/share/man:/home/travis/.rvm/man" />
    <property name="env.TRAVIS_TIMER_ID" value="104601e8" />
    <property name="ant.file" value="/home/travis/build/icyphy/ptII/build.xml" />
    <property name="env.TRAVIS_COMMIT_RANGE" value="471fcfcf8d4e...39307fc3f292" />
    <property name="env._system_name" value="Ubuntu" />
    <property name="ptII.classpath.optional.property" value="/home/travis/build/icyphy/ptII/lib/bsh-2.0b4.jar:/home/travis/build/icyphy/ptII/lib/ptCal.jar:/home/travis/build/icyphy/ptII/lib/java_cup.jar:/home/travis/build/icyphy/ptII/lib/saxon8.jar:/home/travis/build/icyphy/ptII/lib/saxon8-dom.jar:/home/travis/build/icyphy/ptII/lib/chic.jar:/home/travis/build/icyphy/ptII/lib/ptcolt.jar:/home/travis/build/icyphy/ptII/vendors/misc/itext/iText.jar:/home/travis/build/icyphy/ptII/lib/g4ltl.jar:/home/travis/build/icyphy/ptII/lib/StructuralCoder.jar:/home/travis/build/icyphy/ptII/lib/jcerti.jar:/home/travis/build/icyphy/ptII/lib/javax.mail.jar:/home/travis/build/icyphy/ptII/vendors/JMF-2.1.1e/lib/jmf.jar:/home/travis/build/icyphy/ptII/lib/jna-4.0.0-variadic.jar:/home/travis/build/icyphy/ptII/vendors/misc/joystick/Joystick.jar:/home/travis/build/icyphy/ptII/lib/ptjacl.jar:/home/travis/build/icyphy/ptII/lib/jsoup-1.8.2.jar:/home/travis/build/icyphy/ptII/lib/junit-4.8.2.jar:/home/travis/build/icyphy/ptII/lib/JUnitParams-0.4.0.jar:/home/travis/build/icyphy/ptII/ptolemy/actor/lib/excel/jxl.jar:/home/travis/build/icyphy/ptII/lib/jython.jar:/home/travis/build/icyphy/ptII/lib/kieler.jar:/home/travis/build/icyphy/ptII/vendors/opencv/share/OpenCV/java/opencv-341.jar:/home/travis/build/icyphy/ptII/lib/oscP5.jar:/home/travis/build/icyphy/ptII/lib/nrjavaserial-3.11.0.devel.jar:/home/travis/build/icyphy/ptII/vendors/j3d/lib/Linux/j3dcore.jar:/home/travis/build/icyphy/ptII/vendors/j3d/lib/Linux/j3dutils.jar:/home/travis/build/icyphy/ptII/vendors/j3d/lib/Linux/vecmath.jar:/home/travis/build/icyphy/ptII/vendors/jogl/lib/Linux/gluegen-rt-natives-linux-amd64.jar:/home/travis/build/icyphy/ptII/vendors/jogl/lib/Linux/gluegen-rt.jar:/home/travis/build/icyphy/ptII/vendors/jogl/lib/Linux/jogl-all-natives-linux-amd64.jar:/home/travis/build/icyphy/ptII/vendors/jogl/lib/Linux/jogl-all.jar:/home/travis/build/icyphy/ptII/ptolemy/distributed/jini/jar/jini-core.jar:/home/travis/build/icyphy/ptII/ptolemy/distributed/jini/jar/jini-ext.jar:/home/travis/build/icyphy/ptII/ptolemy/distributed/jini/jar/sun-util.jar:/home/travis/build/icyphy/ptII/lib/protobuf-java-2.4.1.jar:/home/travis/build/icyphy/ptII/lib/org.eclipse.paho.client.mqttv3.jar:/home/travis/build/icyphy/ptII/lib/mapss.jar:/home/travis/build/icyphy/ptII/ptolemy/actor/ptalon/antlr/antlr.jar:/home/travis/build/icyphy/ptII/lib/JRI.jar:/home/travis/build/icyphy/ptII/lib/commons-lang-2.6.jar:/home/travis/build/icyphy/ptII/lib/commons-logging-1.1.1.jar:/home/travis/build/icyphy/ptII/lib/sootclasses.jar:/home/travis/build/icyphy/ptII/ptolemy/actor/lib/database/mysql-connector-java-5.1.6-bin.jar:/home/travis/build/icyphy/ptII/vendors/misc/sphinx4/sphinx4-data-5prealpha.jar:/home/travis/build/icyphy/ptII/vendors/misc/sphinx4/sphinx4-core-5prealpha.jar:/home/travis/build/icyphy/ptII/lib/PDFRenderer.jar:/home/travis/build/icyphy/ptII/lib/svgSalamander.jar:/home/travis/build/icyphy/ptII/lib/rsyntaxtextarea-2.6.0-SNAPSHOT.jar:/home/travis/build/icyphy/ptII/lib/hazelcast-3.8.2.jar:/home/travis/build/icyphy/ptII/lib/jackson-annotations-2.9.0.jar:/home/travis/build/icyphy/ptII/lib/jackson-core-2.9.3.jar:/home/travis/build/icyphy/ptII/lib/jackson-databind-2.9.3.jar:/home/travis/build/icyphy/ptII/lib/netty-buffer-4.1.19.Final.jar:/home/travis/build/icyphy/ptII/lib/netty-codec-4.1.19.Final.jar:/home/travis/build/icyphy/ptII/lib/netty-codec-dns-4.1.19.Final.jar:/home/travis/build/icyphy/ptII/lib/netty-codec-http-4.1.19.Final.jar:/home/travis/build/icyphy/ptII/lib/netty-codec-http2-4.1.19.Final.jar:/home/travis/build/icyphy/ptII/lib/netty-common-4.1.19.Final.jar:/home/travis/build/icyphy/ptII/lib/netty-handler-4.1.19.Final.jar:/home/travis/build/icyphy/ptII/lib/netty-resolver-4.1.19.Final.jar:/home/travis/build/icyphy/ptII/lib/netty-resolver-dns-4.1.19.Final.jar:/home/travis/build/icyphy/ptII/lib/netty-transport-4.1.19.Final.jar:/home/travis/build/icyphy/ptII/lib/vertx-codegen-3.5.1.jar:/home/travis/build/icyphy/ptII/lib/vertx-core-3.5.2-SNAPSHOT.jar:/home/travis/build/icyphy/ptII/lib/vertx-hazelcast-3.5.1.jar:/home/travis/build/icyphy/ptII/lib/vertx-lang-js-3.5.1.jar:/home/travis/build/icyphy/ptII/lib/vertx-service-proxy-3.5.1.jar:/home/travis/build/icyphy/ptII/lib/vertx-web-3.5.1.jar:/home/travis/build/icyphy/ptII/lib/slf4j-api-1.7.13.jar:/home/travis/build/icyphy/ptII/lib/slf4j-simple-1.7.13.jar:/home/travis/build/icyphy/ptII/lib/webcam-capture-0.3.12.jar:/home/travis/build/icyphy/ptII/lib/bridj-0.7.0.jar:/home/travis/build/icyphy/ptII/lib/xbjlib-1.1.0.nrjavaserial.jar" />
    <property name="timeout" value="2400000" />
    <property name="test.batch" value="**/junit/*.java" />
    <property name="env._" value="/usr/bin/timeout" />
    <property name="java.io.tmpdir" value="/tmp" />
    <property name="user.language" value="en" />
    <property name="env.TRAVIS_INTERNAL_RUBY_REGEX" value="^ruby-(2\.[0-4]\.[0-9]|1\.9\.3)" />
    <property name="env.HISTCONTROL" value="ignoredups:ignorespace" />
    <property name="env.GOROOT" value="/home/travis/.gimme/versions/go1.11.1.linux.amd64" />
    <property name="line.separator" value="&#xa;" />
    <property name="target" value="11" />
    <property name="env.TRAVIS_BUILD_DIR" value="/home/travis/build/icyphy/ptII" />
    <property name="env.ANT_OPTS" value="-Xmx2048m" />
    <property name="ant.file.type" value="file" />
    <property name="ptolemy.ptII.batchMode" value="true" />
    <property name="env.HISTSIZE" value="1000" />
    <property name="env.MERB_ENV" value="test" />
    <property name="java.vm.info" value="mixed mode" />
    <property name="source" value="11" />
    <property name="java.vm.specification.name" value="Java Virtual Machine Specification" />
    <property name="env.TRAVIS_TEST_RESULT" value="0" />
    <property name="jsdoc.command" value="node_modules/@terraswarm/jsdoc/jsdoc.js" />
    <property name="npm.works" value="true" />
    <property name="cobertura.dir" value="/home/travis/build/icyphy/ptII/vendors/cobertura-2.0.3" />
    <property name="jsdoc.command.exists" value="true" />
    <property name="env.rvm_path" value="/home/travis/.rvm" />
    <property name="env.GEM_PATH" value="/home/travis/.rvm/gems/ruby-2.5.3:/home/travis/.rvm/gems/ruby-2.5.3@global" />
    <property name="env.LC_CTYPE" value="en_US.UTF-8" />
    <property name="env.TRAVIS_CMD" value="$PTII/bin/ptIITravisBuild.sh $SECONDS" />
    <property name="java.awt.printerjob" value="sun.print.PSPrinterJob" />
    <property name="env.TRAVIS_STACK_NAME" value="sardonyx" />
    <property name="env.TRAVIS_TIMER_START_TIME" value="1580838753883764544" />
    <property name="ant.version" value="Apache Ant(TM) version 1.10.1 compiled on February 2 2017" />
    <property name="ptII.reports" value="/home/travis/build/icyphy/ptII/reports" />
    <property name="env.TRAVIS_STACK_TIMESTAMP" value="2019-03-25 16:16:56 UTC" />
    <property name="ant.file.type.ptII" value="file" />
    <property name="env.RBENV_SHELL" value="bash" />
    <property name="os.name" value="Linux" />
    <property name="java.specification.vendor" value="Oracle Corporation" />
    <property name="env.rvm_version" value="1.29.7 (latest)" />
    <property name="env.TRAVIS_INFRA" value="unknown" />
    <property name="env.TERM" value="xterm" />
    <property name="java.vm.name" value="OpenJDK 64-Bit Server VM" />
    <property name="env.TRAVIS_BUILD_NUMBER" value="1497" />
    <property name="env.CI" value="true" />
    <property name="java.library.path" value="/home/travis/pthla/certi-tools/lib:/usr/lib/jni:/usr/local/share/OpenCV/java/:/usr/share/OpenCV/java::/usr/java/packages/lib:/usr/lib64:/lib64:/lib:/usr/lib" />
    <property name="jdk.module.path" value="/home/travis/build/icyphy/ptII/vendors/javafx/javafx-sdk-11.0.2/lib:" />
    <property name="env.rvm_prefix" value="/home/travis" />
    <property name="env.PATH" value="/home/travis/pthla/certi-tools/share/scripts:/home/travis/.rvm/gems/ruby-2.5.3/bin:/home/travis/.rvm/gems/ruby-2.5.3@global/bin:/home/travis/.rvm/rubies/ruby-2.5.3/bin:/home/travis/.rvm/bin:/home/travis/.nvm/versions/node/v7.10.1/bin:./node_modules/.bin:/home/travis/build/icyphy/ptII/bin:/home/travis/pthla/certi-tools/bin:/home/travis/bin:/home/travis/.local/bin:/usr/local/lib/jvm/openjdk11/bin:/opt/pyenv/shims:/home/travis/.phpenv/shims:/home/travis/perl5/perlbrew/bin:/home/travis/gopath/bin:/home/travis/.gimme/versions/go1.11.1.linux.amd64/bin:/usr/local/maven-3.6.0/bin:/usr/local/cmake-3.12.4/bin:/usr/local/clang-7.0.0/bin:/usr/local/sbin:/usr/local/bin:/usr/sbin:/usr/bin:/sbin:/bin:/snap/bin:/home/travis/.phpenv/bin:/opt/pyenv/bin:/home/travis/.yarn/bin" />
    <property name="env.TRAVIS_OS_NAME" value="linux" />
    <property name="ant.java.version" value="9" />
    <property name="basedir" value="/home/travis/build/icyphy/ptII" />
    <property name="java.class.version" value="55.0" />
    <property name="env.SHLVL" value="3" />
    <property name="env.LD_LIBRARY_PATH" value="/home/travis/pthla/certi-tools/lib:/usr/lib/jni:/usr/local/share/OpenCV/java/:/usr/share/OpenCV/java:" />
    <property name="env.RACK_ENV" value="test" />
    <property name="ant.home" value="/home/travis/build/icyphy/ptII/ant" />
    <property name="env.NVM_DIR" value="/home/travis/.nvm" />
    <property name="env.CERTI_FOM_PATH" value="/home/travis/pthla/certi-tools/share/federations" />
    <property name="env.TRAVIS_BUILD_ID" value="646052212" />
    <property name="env.PYENV_ROOT" value="/opt/pyenv" />
    <property name="env.TRAVIS_UID" value="2000" />
    <property name="prism.verbose" value="true" />
    <property name="env.NVM_BIN" value="/home/travis/.nvm/versions/node/v7.10.1/bin" />
    <property name="env.TRAVIS_COMMIT" value="39307fc3f292dd13e179e0299a04328da7d812c7" />
    <property name="env._system_arch" value="x86_64" />
    <property name="node.executable" value="node" />
    <property name="sun.boot.library.path" value="/usr/local/lib/jvm/openjdk11/lib" />
    <property name="sun.management.compiler" value="HotSpot 64-Bit Tiered Compilers" />
    <property name="java.awt.graphicsenv" value="sun.awt.X11GraphicsEnvironment" />
    <property name="env.GOPATH" value="/home/travis/gopath" />
    <property name="ptolemy.ptII.dir" value="/home/travis/build/icyphy/ptII" />
    <property name="env.USER" value="travis" />
    <property name="env.HISTFILESIZE" value="2000" />
    <property name="timeout.longest" value="19000000" />
    <property name="env.PERLBREW_SHELLRC_VERSION" value="0.86" />
    <property name="env.TRAVIS_STACK_FEATURES" value="basic couchdb disabled-ipv6 docker docker-compose elasticsearch firefox go-toolchain google-chrome jdk memcached mongodb mysql nodejs_interpreter perl_interpreter perlbrew phantomjs postgresql python_interpreter redis ruby_interpreter sqlite xserver" />
    <property name="env.TRAVIS_PULL_REQUEST" value="false" />
    <property name="env.PYENV_SHELL" value="bash" />
    <property name="ant.project.name" value="ptII" />
    <property name="env.ANSI_RESET" value="\033[0m" />
    <property name="java.vm.specification.version" value="11" />
    <property name="env.TRAVIS_DIST" value="xenial" />
    <property name="env.CERTI_VERSION" value="4.0.0" />
    <property name="env.CERTI_HOST" value="localhost" />
    <property name="awt.toolkit" value="sun.awt.X11.XToolkit" />
    <property name="env.MY_RUBY_HOME" value="/home/travis/.rvm/rubies/ruby-2.5.3" />
    <property name="sun.cpu.isalist" value="" />
    <property name="env.TRAVIS_TMPDIR" value="/tmp/tmp.b2YrnmVuCb" />
    <property name="java.vm.compressedOopsMode" value="Zero based" />
    <property name="os.version" value="4.15.0-1028-gcp" />
    <property name="user.home" value="/home/travis" />
    <property name="java.vm.vendor" value="Oracle Corporation" />
    <property name="env.TRAVIS_TAG" value="nightly" />
    <property name="env.ANSI_YELLOW" value="\033[33;1m" />
    <property name="env.TRAVIS_FILTERED" value="redirect_io" />
    <property name="env.ANSI_GREEN" value="\033[32;1m" />
    <property name="env.JAVA_HOME" value="/usr/local/lib/jvm/openjdk11" />
    <property name="javadoc.excludepackagenames" value="adm.cvs2svn.*,build.*,config.*,doc.coding.templates.*,jni.test.jni.meaningOfLife.*,jni.test.jni.testDeux.*,jni.test.jni.testTrois.*,org.terraswarm.accessor.accessors.web.node_modules.*,org.terraswarm.accessor.accessors.web.hosts.cordova.demo.*,org.terraswarm.accessor.accessors.web.hosts.cordova.plugins.*,org.terraswarm.accessor.accessors-svn.*,pt-modules.*,ptolemy.apps.agilent.*,ptolemy.apps.anytimecontrol.*,ptolemy.apps.apes.*,ptolemy.apps.charon.*,ptolemy.apps.crazyboard.*,ptolemy.apps.eclipse.*,ptolemy.apps.etherealSting.*,ptolemy.apps.fullscreen.*,ptolemy.apps.giotto.*,ptolemy.apps.ia.*,ptolemy.apps.interfaces.*,ptolemy.apps.jmf.*,ptolemy.apps.kurt.*,ptolemy.apps.kvm.*,ptolemy.apps.lego.*,ptolemy.apps.lejos.*,ptolemy.apps.midp.*,ptolemy.apps.mobileCoding.*,ptolemy.apps.pendulum.*,ptolemy.apps.rijndael.*,ptolemy.apps.robot.*,ptolemy.apps.security.*,ptolemy.apps.sobel.*,ptolemy.apps.soot.*,ptolemy.apps.throttle.*,ptolemy.apps.tini.*,ptolemy.apps.transmission.*,ptolemy.apps.vergil.*,ptolemy.apps.waba.*,ptolemy.apps.websensor.*,ptolemy.apps.webstart.*,ptolemy.apps.xsl.*,ptolemy.apps.zaurus.*,ptolemy.codegen.c.actor.lib.oldJavaFiles.*,ptolemy.codegen.dsp.lib.*,ptolemy.codegen.kernel.newInterfaces.*,ptolemy.codegen.lib.*,ptolemy.copernicus.kernel.fragment.*,ptolemy.copernicus.shallow.cg.*,ptolemy.domains.giotto.demo.Hierarchy.Hierarchy.*,ptolemy.domains.giotto.demo.Multimode.Multimode.*,ptolemy.domains.giotto.demo.Simple.Simple.*,ptolemy.domains.gr.lib.experimental.*,ptolemy.domains.gro.*,ptolemy.domains.pdf.*,ptolemy.domains.ptinyos.demo.Surge.output.*,ptolemy.moml.test.NoPackageActor.java*,ptolemy.plot.adm.*,ptolemy.plot.servlet.*,reports.*,signed.*,src.*,target.*,vendors.*,ptolemy.copernicus.applet.*,ptolemy.media.viewer.*,ptolemy.actor.corba.*,doc.doclets.*,ptolemy.apps.eclipse.awt.*,ptolemy.backtrack.*,ptolemy.backtrack.ast.*,ptolemy.cg.adapter.generic.program.procedural.c.mbed*,ptolemy.homer.*,ptolemy.actor.lib.jai.*,org.ptolemy.scala.*,diva.util.java2d.svg.*,ptolemy.domains.ptinyos.*,ptolemy.actor.lib.fmi.fmipp.*,,org.terraswarm.accessor.accessors.web.node_modules.*,org.terraswarm.accessor.accessors-svn,ptolemy.apps.*,ptolemy.actor.ptalon.demo.ptinyos.SendAndReceiveCnt.output,ptolemy.actor.ptalon.demo.ptinyos.SenseToLeds.output,ptolemy.domains.ptinyos.demo.CntToLedsAndRfm.output,ptolemy.domains.ptinyos.demo.RfmToLeds.output,ptolemy.domains.ptinyos.demo.SendAndReceiveCnt.output,ptolemy.domains.ptinyos.demo.SenseToLeds.output,ptolemy.actor.lib.jjs.modules.udpSocket.*" />
    <property name="env.PTII" value="/home/travis/build/icyphy/ptII" />
    <property name="env.XDG_SESSION_ID" value="2" />
    <property name="keystore" value="ptKeystore" />
    <property name="env.TRAVIS_COMMIT_MESSAGE" value="Added missing files for HlaManager." />
    <property name="junit.output.dir" value="/home/travis/build/icyphy/ptII/reports/junit" />
    <property name="npm.return.code" value="0" />
    <property name="user.dir" value="/home/travis/build/icyphy/ptII/ptolemy/domains/de/test" />
    <property name="env.TRAVIS_NODE_VERSION" value="7" />
    <property name="env.TRAVIS_EVENT_TYPE" value="push" />
    <property name="env.MAIL" value="/var/mail/travis" />
    <property name="env.PERLBREW_ROOT" value="/home/travis/perl5/perlbrew" />
    <property name="env.PWD" value="/home/travis/build/icyphy/ptII" />
    <property name="timeout.npm" value="45000" />
    <property name="env.PT_TRAVIS_TEST_CORE2_XML" value="true" />
    <property name="env.TRAVIS_ARCH" value="amd64" />
    <property name="sun.cpu.endian" value="little" />
    <property name="env.PAGER" value="cat" />
    <property name="env.TRAVIS_BUILD_STAGE_NAME" value="Test" />
    <property name="env.PERLBREW_HOME" value="/home/travis/.perlbrew" />
    <property name="java.vm.version" value="11.0.2+9" />
    <property name="env.RAILS_ENV" value="test" />
    <property name="java.class.path" value="/home/travis/build/icyphy/ptII:/home/travis/build/icyphy/ptII/lib/bsh-2.0b4.jar:/home/travis/build/icyphy/ptII/lib/ptCal.jar:/home/travis/build/icyphy/ptII/lib/java_cup.jar:/home/travis/build/icyphy/ptII/lib/saxon8.jar:/home/travis/build/icyphy/ptII/lib/saxon8-dom.jar:/home/travis/build/icyphy/ptII/lib/chic.jar:/home/travis/build/icyphy/ptII/lib/ptcolt.jar:/home/travis/build/icyphy/ptII/vendors/misc/itext/iText.jar:/home/travis/build/icyphy/ptII/lib/g4ltl.jar:/home/travis/build/icyphy/ptII/lib/StructuralCoder.jar:/home/travis/build/icyphy/ptII/lib/jcerti.jar:/home/travis/build/icyphy/ptII/lib/javax.mail.jar:/home/travis/build/icyphy/ptII/vendors/JMF-2.1.1e/lib/jmf.jar:/home/travis/build/icyphy/ptII/lib/jna-4.0.0-variadic.jar:/home/travis/build/icyphy/ptII/vendors/misc/joystick/Joystick.jar:/home/travis/build/icyphy/ptII/lib/ptjacl.jar:/home/travis/build/icyphy/ptII/lib/jsoup-1.8.2.jar:/home/travis/build/icyphy/ptII/lib/junit-4.8.2.jar:/home/travis/build/icyphy/ptII/lib/JUnitParams-0.4.0.jar:/home/travis/build/icyphy/ptII/ptolemy/actor/lib/excel/jxl.jar:/home/travis/build/icyphy/ptII/lib/jython.jar:/home/travis/build/icyphy/ptII/lib/kieler.jar:/home/travis/build/icyphy/ptII/vendors/opencv/share/OpenCV/java/opencv-341.jar:/home/travis/build/icyphy/ptII/lib/oscP5.jar:/home/travis/build/icyphy/ptII/lib/nrjavaserial-3.11.0.devel.jar:/home/travis/build/icyphy/ptII/vendors/j3d/lib/Linux/j3dcore.jar:/home/travis/build/icyphy/ptII/vendors/j3d/lib/Linux/j3dutils.jar:/home/travis/build/icyphy/ptII/vendors/j3d/lib/Linux/vecmath.jar:/home/travis/build/icyphy/ptII/vendors/jogl/lib/Linux/gluegen-rt-natives-linux-amd64.jar:/home/travis/build/icyphy/ptII/vendors/jogl/lib/Linux/gluegen-rt.jar:/home/travis/build/icyphy/ptII/vendors/jogl/lib/Linux/jogl-all-natives-linux-amd64.jar:/home/travis/build/icyphy/ptII/vendors/jogl/lib/Linux/jogl-all.jar:/home/travis/build/icyphy/ptII/ptolemy/distributed/jini/jar/jini-core.jar:/home/travis/build/icyphy/ptII/ptolemy/distributed/jini/jar/jini-ext.jar:/home/travis/build/icyphy/ptII/ptolemy/distributed/jini/jar/sun-util.jar:/home/travis/build/icyphy/ptII/lib/protobuf-java-2.4.1.jar:/home/travis/build/icyphy/ptII/lib/org.eclipse.paho.client.mqttv3.jar:/home/travis/build/icyphy/ptII/lib/mapss.jar:/home/travis/build/icyphy/ptII/ptolemy/actor/ptalon/antlr/antlr.jar:/home/travis/build/icyphy/ptII/lib/JRI.jar:/home/travis/build/icyphy/ptII/lib/commons-lang-2.6.jar:/home/travis/build/icyphy/ptII/lib/commons-logging-1.1.1.jar:/home/travis/build/icyphy/ptII/lib/sootclasses.jar:/home/travis/build/icyphy/ptII/ptolemy/actor/lib/database/mysql-connector-java-5.1.6-bin.jar:/home/travis/build/icyphy/ptII/vendors/misc/sphinx4/sphinx4-data-5prealpha.jar:/home/travis/build/icyphy/ptII/vendors/misc/sphinx4/sphinx4-core-5prealpha.jar:/home/travis/build/icyphy/ptII/lib/PDFRenderer.jar:/home/travis/build/icyphy/ptII/lib/svgSalamander.jar:/home/travis/build/icyphy/ptII/lib/rsyntaxtextarea-2.6.0-SNAPSHOT.jar:/home/travis/build/icyphy/ptII/lib/hazelcast-3.8.2.jar:/home/travis/build/icyphy/ptII/lib/jackson-annotations-2.9.0.jar:/home/travis/build/icyphy/ptII/lib/jackson-core-2.9.3.jar:/home/travis/build/icyphy/ptII/lib/jackson-databind-2.9.3.jar:/home/travis/build/icyphy/ptII/lib/netty-buffer-4.1.19.Final.jar:/home/travis/build/icyphy/ptII/lib/netty-codec-4.1.19.Final.jar:/home/travis/build/icyphy/ptII/lib/netty-codec-dns-4.1.19.Final.jar:/home/travis/build/icyphy/ptII/lib/netty-codec-http-4.1.19.Final.jar:/home/travis/build/icyphy/ptII/lib/netty-codec-http2-4.1.19.Final.jar:/home/travis/build/icyphy/ptII/lib/netty-common-4.1.19.Final.jar:/home/travis/build/icyphy/ptII/lib/netty-handler-4.1.19.Final.jar:/home/travis/build/icyphy/ptII/lib/netty-resolver-4.1.19.Final.jar:/home/travis/build/icyphy/ptII/lib/netty-resolver-dns-4.1.19.Final.jar:/home/travis/build/icyphy/ptII/lib/netty-transport-4.1.19.Final.jar:/home/travis/build/icyphy/ptII/lib/vertx-codegen-3.5.1.jar:/home/travis/build/icyphy/ptII/lib/vertx-core-3.5.2-SNAPSHOT.jar:/home/travis/build/icyphy/ptII/lib/vertx-hazelcast-3.5.1.jar:/home/travis/build/icyphy/ptII/lib/vertx-lang-js-3.5.1.jar:/home/travis/build/icyphy/ptII/lib/vertx-service-proxy-3.5.1.jar:/home/travis/build/icyphy/ptII/lib/vertx-web-3.5.1.jar:/home/travis/build/icyphy/ptII/lib/slf4j-api-1.7.13.jar:/home/travis/build/icyphy/ptII/lib/slf4j-simple-1.7.13.jar:/home/travis/build/icyphy/ptII/lib/webcam-capture-0.3.12.jar:/home/travis/build/icyphy/ptII/lib/bridj-0.7.0.jar:/home/travis/build/icyphy/ptII/lib/xbjlib-1.1.0.nrjavaserial.jar:/home/travis/build/icyphy/ptII/ptolemy/moml/test:/home/travis/build/icyphy/ptII/ant/lib/ant-launcher.jar:/home/travis/build/icyphy/ptII/ant/lib/ant.jar:/home/travis/build/icyphy/ptII/ant/lib/ant-junit.jar:/home/travis/build/icyphy/ptII/ant/lib/ant-junit4.jar" />
    <property name="ant.library.dir" value="/home/travis/build/icyphy/ptII/ant/lib" />
    <property name="os.arch" value="amd64" />
    <property name="env.CONTINUOUS_INTEGRATION" value="true" />
    <property name="env.TRAVIS_LANGUAGE" value="node_js" />
    <property name="env.TRAVIS_STACK_LANGUAGES" value="__sardonyx__ c c++ clojure cplusplus cpp default generic go groovy java node_js php pure_java python ruby scala" />
    <property name="test.name" value="ptolemy.actor.lib.test.junit.JUnitTclTest" />
    <property name="env.APT_KEY_DONT_WARN_ON_DANGEROUS_USAGE" value="1" />
    <property name="sun.java.launcher" value="SUN_STANDARD" />
    <property name="env.PYTHON_CONFIGURE_OPTS" value="--enable-unicode=ucs4 --with-wide-unicode --enable-shared --enable-ipv6 --enable-loadable-sqlite-extensions --with-computed-gotos" />
    <property name="ant.core.lib" value="/home/travis/build/icyphy/ptII/ant/lib/ant.jar" />
    <property name="java.vm.specification.vendor" value="Oracle Corporation" />
    <property name="env.BCVTB_HOME" value="/home/travis/build/icyphy/ptII/lbnl" />
    <property name="file.separator" value="/" />
    <property name="spotbugs.home" value="/home/travis/build/icyphy/ptII/vendors/spotbugs-3.1.1" />
    <property name="java.runtime.version" value="11.0.2+9" />
    <property name="env.ANSI_CLEAR" value="\033[0K" />
    <property name="javafx.verbose" value="true" />
    <property name="env.HAS_JOSH_K_SEAL_OF_APPROVAL" value="true" />
    <property name="env.XDG_RUNTIME_DIR" value="/run/user/2000" />
    <property name="env.TRAVIS_OSX_IMAGE" value="" />
    <property name="env.TRAVIS_JOB_ID" value="646052223" />
    <property name="env.TRAVIS_BRANCH" value="master" />
    <property name="user.country" value="US" />
    <property name="env.CERTI_HOME_TRAVIS" value="/home/travis/pthla/certi-tools" />
    <property name="env.SHELL" value="/bin/bash" />
    <property name="java.maxmemory.large" value="3200m" />
    <property name="model" value="" />
    <property name="env.CASHER_DIR" value="/home/travis/.casher" />
    <property name="env.NVM_CD_FLAGS" value="" />
    <property name="java.vendor.version" value="18.9" />
    <property name="jshint.executable" value="/home/travis/node_modules/jshint/bin/jshint" />
    <property name="env.JRUBY_OPTS" value=" --client -J-XX:+TieredCompilation -J-XX:TieredStopAtLevel=1 -J-Xss2m -Xcompile.invokedynamic=false" />
    <property name="java.vendor" value="Oracle Corporation" />
    <property name="env.TRAVIS_PRE_CHEF_BOOTSTRAP_TIME" value="2019-03-25T16:16:42" />
    <property name="env.TRAVIS_STACK_JOB_BOARD_REGISTER" value="/.job-board-register.yml" />
    <property name="env.ANSI_RED" value="\033[31;1m" />
    <property name="java.specification.version" value="11" />
    <property name="env.IRBRC" value="/home/travis/.rvm/rubies/ruby-2.5.3/.irbrc" />
    <property name="env.TRAVIS" value="true" />
    <property name="sun.arch.data.model" value="64" />
  </properties>
  <testcase classname="ptolemy.util.test.junit.TclTests" name="[0] /home/travis/build/icyphy/ptII/ptolemy/domains/de/test/DependencyLoop.tcl (RunTclFile)" time="1.024" />
  <testcase classname="ptolemy.util.test.junit.TclTests" name="[1] /home/travis/build/icyphy/ptII/ptolemy/domains/de/test/RunDETestsAsQSS.tcl (RunTclFile)" time="82.216" />
  <testcase classname="ptolemy.util.test.junit.AutoKnownFailedTests" name="[0] /home/travis/build/icyphy/ptII/ptolemy/domains/de/test/auto/knownFailedTests/DESDFClockTest.xml (RunModel)" time="2.033" />
  <testcase classname="ptolemy.util.test.junit.AutoKnownFailedTests" name="[1] /home/travis/build/icyphy/ptII/ptolemy/domains/de/test/auto/knownFailedTests/DirectFeedback.xml (RunModel)" time="0.016" />
  <testcase classname="ptolemy.util.test.junit.AutoKnownFailedTests" name="[2] /home/travis/build/icyphy/ptII/ptolemy/domains/de/test/auto/knownFailedTests/FSMSource.xml (RunModel)" time="0.026" />
  <testcase classname="ptolemy.util.test.junit.AutoKnownFailedTests" name="[3] /home/travis/build/icyphy/ptII/ptolemy/domains/de/test/auto/knownFailedTests/HierarchicalModel.xml (RunModel)" time="0.04" />
  <testcase classname="ptolemy.util.test.junit.AutoKnownFailedTests" name="[4] /home/travis/build/icyphy/ptII/ptolemy/domains/de/test/auto/knownFailedTests/dependencyLoop.xml (RunModel)" time="0.038" />
  <testcase classname="ptolemy.util.test.junit.AutoKnownFailedTests" name="[5] /home/travis/build/icyphy/ptII/ptolemy/domains/de/test/auto/knownFailedTests/dependencyLoop2.xml (RunModel)" time="0.044" />
  <testcase classname="ptolemy.util.test.junit.AutoNameArchTests" name="[0] ThereAreNoAutoArchTests (RunModel)" time="0.004" />
  <testcase classname="ptolemy.util.test.junit.AutoTests" name="[0] /home/travis/build/icyphy/ptII/ptolemy/domains/de/test/auto/ActorDepthCalculation_actorWithoutPorts.xml (RunModel)" time="0.016" />
  <testcase classname="ptolemy.util.test.junit.AutoTests" name="[1] /home/travis/build/icyphy/ptII/ptolemy/domains/de/test/auto/AssemblyLine.xml (RunModel)" time="0.021" />
  <testcase classname="ptolemy.util.test.junit.AutoTests" name="[2] /home/travis/build/icyphy/ptII/ptolemy/domains/de/test/auto/CQBug1.xml (RunModel)" time="0.013" />
  <testcase classname="ptolemy.util.test.junit.AutoTests" name="[3] /home/travis/build/icyphy/ptII/ptolemy/domains/de/test/auto/CancelFireAt.xml (RunModel)" time="0.011" />
  <testcase classname="ptolemy.util.test.junit.AutoTests" name="[4] /home/travis/build/icyphy/ptII/ptolemy/domains/de/test/auto/CausalityAndComposabilityAnalysis.xml (RunModel)" time="0.01" />
  <testcase classname="ptolemy.util.test.junit.AutoTests" name="[5] /home/travis/build/icyphy/ptII/ptolemy/domains/de/test/auto/CausalityInterface1.xml (RunModel)" time="0.018" />
  <testcase classname="ptolemy.util.test.junit.AutoTests" name="[6] /home/travis/build/icyphy/ptII/ptolemy/domains/de/test/auto/CausalityInterface15.xml (RunModel)" time="0.014" />
  <testcase classname="ptolemy.util.test.junit.AutoTests" name="[7] /home/travis/build/icyphy/ptII/ptolemy/domains/de/test/auto/CausalityInterface2.xml (RunModel)" time="0.012" />
  <testcase classname="ptolemy.util.test.junit.AutoTests" name="[8] /home/travis/build/icyphy/ptII/ptolemy/domains/de/test/auto/CausalityInterface3.xml (RunModel)" time="0.012" />
  <testcase classname="ptolemy.util.test.junit.AutoTests" name="[9] /home/travis/build/icyphy/ptII/ptolemy/domains/de/test/auto/ClockDrift.xml (RunModel)" time="0.033" />
  <testcase classname="ptolemy.util.test.junit.AutoTests" name="[10] /home/travis/build/icyphy/ptII/ptolemy/domains/de/test/auto/ClockDriftAndValueChange.xml (RunModel)" time="0.026" />
  <testcase classname="ptolemy.util.test.junit.AutoTests" name="[11] /home/travis/build/icyphy/ptII/ptolemy/domains/de/test/auto/ClockDriftChange.xml (RunModel)" time="0.031" />
  <testcase classname="ptolemy.util.test.junit.AutoTests" name="[12] /home/travis/build/icyphy/ptII/ptolemy/domains/de/test/auto/ComposableCausalityAnalysis.xml (RunModel)" time="0.013" />
  <testcase classname="ptolemy.util.test.junit.AutoTests" name="[13] /home/travis/build/icyphy/ptII/ptolemy/domains/de/test/auto/DEFixedPointLimitation.xml (RunModel)" time="0.008" />
  <testcase classname="ptolemy.util.test.junit.AutoTests" name="[14] /home/travis/build/icyphy/ptII/ptolemy/domains/de/test/auto/DEScheduleTest.xml (RunModel)" time="0.015" />
  <testcase classname="ptolemy.util.test.junit.AutoTests" name="[15] /home/travis/build/icyphy/ptII/ptolemy/domains/de/test/auto/DEinDEwithStartTimes.xml (RunModel)" time="0.013" />
  <testcase classname="ptolemy.util.test.junit.AutoTests" name="[16] /home/travis/build/icyphy/ptII/ptolemy/domains/de/test/auto/DEinDEwithStartTimes2.xml (RunModel)" time="0.02" />
  <testcase classname="ptolemy.util.test.junit.AutoTests" name="[17] /home/travis/build/icyphy/ptII/ptolemy/domains/de/test/auto/DateDemo.xml (RunModel)" time="0.028" />
  <testcase classname="ptolemy.util.test.junit.AutoTests" name="[18] /home/travis/build/icyphy/ptII/ptolemy/domains/de/test/auto/DateToEvent.xml (RunModel)" time="2.041" />
  <testcase classname="ptolemy.util.test.junit.AutoTests" name="[19] /home/travis/build/icyphy/ptII/ptolemy/domains/de/test/auto/DepthTest1.xml (RunModel)" time="0.008" />
  <testcase classname="ptolemy.util.test.junit.AutoTests" name="[20] /home/travis/build/icyphy/ptII/ptolemy/domains/de/test/auto/DepthTest2.xml (RunModel)" time="0.018" />
  <testcase classname="ptolemy.util.test.junit.AutoTests" name="[21] /home/travis/build/icyphy/ptII/ptolemy/domains/de/test/auto/DepthTest3.xml (RunModel)" time="0.014" />
  <testcase classname="ptolemy.util.test.junit.AutoTests" name="[22] /home/travis/build/icyphy/ptII/ptolemy/domains/de/test/auto/DepthTest4.xml (RunModel)" time="0.018" />
  <testcase classname="ptolemy.util.test.junit.AutoTests" name="[23] /home/travis/build/icyphy/ptII/ptolemy/domains/de/test/auto/DepthTest5.xml (RunModel)" time="0.018" />
  <testcase classname="ptolemy.util.test.junit.AutoTests" name="[24] /home/travis/build/icyphy/ptII/ptolemy/domains/de/test/auto/DepthTest6.xml (RunModel)" time="0.012" />
  <testcase classname="ptolemy.util.test.junit.AutoTests" name="[25] /home/travis/build/icyphy/ptII/ptolemy/domains/de/test/auto/DepthTest7.xml (RunModel)" time="0.011" />
  <testcase classname="ptolemy.util.test.junit.AutoTests" name="[26] /home/travis/build/icyphy/ptII/ptolemy/domains/de/test/auto/EventToDate.xml (RunModel)" time="3.052" />
  <testcase classname="ptolemy.util.test.junit.AutoTests" name="[27] /home/travis/build/icyphy/ptII/ptolemy/domains/de/test/auto/FSM1.xml (RunModel)" time="0.034" />
  <testcase classname="ptolemy.util.test.junit.AutoTests" name="[28] /home/travis/build/icyphy/ptII/ptolemy/domains/de/test/auto/FSM7.xml (RunModel)" time="0.041" />
  <testcase classname="ptolemy.util.test.junit.AutoTests" name="[29] /home/travis/build/icyphy/ptII/ptolemy/domains/de/test/auto/Inspection.xml (RunModel)" time="0.039" />
  <testcase classname="ptolemy.util.test.junit.AutoTests" name="[30] /home/travis/build/icyphy/ptII/ptolemy/domains/de/test/auto/Iteration.xml (RunModel)" time="0.025" />
  <testcase classname="ptolemy.util.test.junit.AutoTests" name="[31] /home/travis/build/icyphy/ptII/ptolemy/domains/de/test/auto/LineFault.xml (RunModel)" time="0.515" />
  <testcase classname="ptolemy.util.test.junit.AutoTests" name="[32] /home/travis/build/icyphy/ptII/ptolemy/domains/de/test/auto/MergeModel1Add.xml (RunModel)" time="0.045" />
  <testcase classname="ptolemy.util.test.junit.AutoTests" name="[33] /home/travis/build/icyphy/ptII/ptolemy/domains/de/test/auto/MergeModel2Add.xml (RunModel)" time="0.035" />
  <testcase classname="ptolemy.util.test.junit.AutoTests" name="[34] /home/travis/build/icyphy/ptII/ptolemy/domains/de/test/auto/MergeModel3Add.xml (RunModel)" time="0.04" />
  <testcase classname="ptolemy.util.test.junit.AutoTests" name="[35] /home/travis/build/icyphy/ptII/ptolemy/domains/de/test/auto/MergeWithoutDiscard.xml (RunModel)" time="0.01" />
  <testcase classname="ptolemy.util.test.junit.AutoTests" name="[36] /home/travis/build/icyphy/ptII/ptolemy/domains/de/test/auto/Modal1.xml (RunModel)" time="0.025" />
  <testcase classname="ptolemy.util.test.junit.AutoTests" name="[37] /home/travis/build/icyphy/ptII/ptolemy/domains/de/test/auto/Modal2.xml (RunModel)" time="0.029" />
  <testcase classname="ptolemy.util.test.junit.AutoTests" name="[38] /home/travis/build/icyphy/ptII/ptolemy/domains/de/test/auto/Modal3.xml (RunModel)" time="0.024" />
  <testcase classname="ptolemy.util.test.junit.AutoTests" name="[39] /home/travis/build/icyphy/ptII/ptolemy/domains/de/test/auto/Modal4.xml (RunModel)" time="0.03" />
  <testcase classname="ptolemy.util.test.junit.AutoTests" name="[40] /home/travis/build/icyphy/ptII/ptolemy/domains/de/test/auto/Modal5.xml (RunModel)" time="0.028" />
  <testcase classname="ptolemy.util.test.junit.AutoTests" name="[41] /home/travis/build/icyphy/ptII/ptolemy/domains/de/test/auto/Modal6.xml (RunModel)" time="0.027" />
  <testcase classname="ptolemy.util.test.junit.AutoTests" name="[42] /home/travis/build/icyphy/ptII/ptolemy/domains/de/test/auto/Modal7.xml (RunModel)" time="0.026" />
  <testcase classname="ptolemy.util.test.junit.AutoTests" name="[43] /home/travis/build/icyphy/ptII/ptolemy/domains/de/test/auto/ModalModel.xml (RunModel)" time="0.174" />
  <testcase classname="ptolemy.util.test.junit.AutoTests" name="[44] /home/travis/build/icyphy/ptII/ptolemy/domains/de/test/auto/ModalSource.xml (RunModel)" time="0.02" />
  <testcase classname="ptolemy.util.test.junit.AutoTests" name="[45] /home/travis/build/icyphy/ptII/ptolemy/domains/de/test/auto/NonInterruptibleTimerZeroDelay.xml (RunModel)" time="0.009" />
  <testcase classname="ptolemy.util.test.junit.AutoTests" name="[46] /home/travis/build/icyphy/ptII/ptolemy/domains/de/test/auto/OpenQueueingNetwork.xml (RunModel)" time="2.11" />
  <testcase classname="ptolemy.util.test.junit.AutoTests" name="[47] /home/travis/build/icyphy/ptII/ptolemy/domains/de/test/auto/OpenQueuingNetwork.xml (RunModel)" time="0.253" />
  <testcase classname="ptolemy.util.test.junit.AutoTests" name="[48] /home/travis/build/icyphy/ptII/ptolemy/domains/de/test/auto/PeriodicSampler.xml (RunModel)" time="0.008" />
  <testcase classname="ptolemy.util.test.junit.AutoTests" name="[49] /home/travis/build/icyphy/ptII/ptolemy/domains/de/test/auto/PersistentIO.xml (RunModel)" time="0.019" />
  <testcase classname="ptolemy.util.test.junit.AutoTests" name="[50] /home/travis/build/icyphy/ptII/ptolemy/domains/de/test/auto/PortParameterResetOnInitialize.xml (RunModel)" time="0.007" />
  <testcase classname="ptolemy.util.test.junit.AutoTests" name="[51] /home/travis/build/icyphy/ptII/ptolemy/domains/de/test/auto/PortParameterUpdates.xml (RunModel)" time="0.012" />
  <testcase classname="ptolemy.util.test.junit.AutoTests" name="[52] /home/travis/build/icyphy/ptII/ptolemy/domains/de/test/auto/QueueAndServer.xml (RunModel)" time="0.018" />
  <testcase classname="ptolemy.util.test.junit.AutoTests" name="[53] /home/travis/build/icyphy/ptII/ptolemy/domains/de/test/auto/Records.xml (RunModel)" time="0.011" />
  <testcase classname="ptolemy.util.test.junit.AutoTests" name="[54] /home/travis/build/icyphy/ptII/ptolemy/domains/de/test/auto/ResetTransitionWithStartTime1.xml (RunModel)" time="0.015" />
  <testcase classname="ptolemy.util.test.junit.AutoTests" name="[55] /home/travis/build/icyphy/ptII/ptolemy/domains/de/test/auto/ResetTransitionWithStartTime2.xml (RunModel)" time="0.022" />
  <testcase classname="ptolemy.util.test.junit.AutoTests" name="[56] /home/travis/build/icyphy/ptII/ptolemy/domains/de/test/auto/ResetTransitionWithStartTime3.xml (RunModel)" time="0.022" />
  <testcase classname="ptolemy.util.test.junit.AutoTests" name="[57] /home/travis/build/icyphy/ptII/ptolemy/domains/de/test/auto/ResetTransitionWithStartTime4.xml (RunModel)" time="0.019" />
  <testcase classname="ptolemy.util.test.junit.AutoTests" name="[58] /home/travis/build/icyphy/ptII/ptolemy/domains/de/test/auto/ResettableTimer1.xml (RunModel)" time="0.011" />
  <testcase classname="ptolemy.util.test.junit.AutoTests" name="[59] /home/travis/build/icyphy/ptII/ptolemy/domains/de/test/auto/ResettableTimer2.xml (RunModel)" time="0.009" />
  <testcase classname="ptolemy.util.test.junit.AutoTests" name="[60] /home/travis/build/icyphy/ptII/ptolemy/domains/de/test/auto/ResettableTimer3.xml (RunModel)" time="0.009" />
  <testcase classname="ptolemy.util.test.junit.AutoTests" name="[61] /home/travis/build/icyphy/ptII/ptolemy/domains/de/test/auto/ResettableTimer4.xml (RunModel)" time="0.008" />
  <testcase classname="ptolemy.util.test.junit.AutoTests" name="[62] /home/travis/build/icyphy/ptII/ptolemy/domains/de/test/auto/ResettableTimer5.xml (RunModel)" time="0.008" />
  <testcase classname="ptolemy.util.test.junit.AutoTests" name="[63] /home/travis/build/icyphy/ptII/ptolemy/domains/de/test/auto/ResettableTimer6.xml (RunModel)" time="0.017" />
  <testcase classname="ptolemy.util.test.junit.AutoTests" name="[64] /home/travis/build/icyphy/ptII/ptolemy/domains/de/test/auto/ServerZeroDelay.xml (RunModel)" time="0.01" />
  <testcase classname="ptolemy.util.test.junit.AutoTests" name="[65] /home/travis/build/icyphy/ptII/ptolemy/domains/de/test/auto/SmartSender.xml (RunModel)" time="3.007" />
  <testcase classname="ptolemy.util.test.junit.AutoTests" name="[66] /home/travis/build/icyphy/ptII/ptolemy/domains/de/test/auto/ThreadedComposite.xml (RunModel)" time="0.106" />
  <testcase classname="ptolemy.util.test.junit.AutoTests" name="[67] /home/travis/build/icyphy/ptII/ptolemy/domains/de/test/auto/Time.xml (RunModel)" time="0.342" />
  <testcase classname="ptolemy.util.test.junit.AutoTests" name="[68] /home/travis/build/icyphy/ptII/ptolemy/domains/de/test/auto/TimeDelayZeroDelay.xml (RunModel)" time="0.012" />
  <testcase classname="ptolemy.util.test.junit.AutoTests" name="[69] /home/travis/build/icyphy/ptII/ptolemy/domains/de/test/auto/TimerZeroDelay.xml (RunModel)" time="0.008" />
  <testcase classname="ptolemy.util.test.junit.AutoTests" name="[70] /home/travis/build/icyphy/ptII/ptolemy/domains/de/test/auto/TimingParadox.xml (RunModel)" time="0.291" />
  <testcase classname="ptolemy.util.test.junit.AutoTests" name="[71] /home/travis/build/icyphy/ptII/ptolemy/domains/de/test/auto/TransferInputs.xml (RunModel)" time="0.009" />
  <testcase classname="ptolemy.util.test.junit.AutoTests" name="[72] /home/travis/build/icyphy/ptII/ptolemy/domains/de/test/auto/TransferOutputs2.xml (RunModel)" time="0.013" />
  <testcase classname="ptolemy.util.test.junit.AutoTests" name="[73] /home/travis/build/icyphy/ptII/ptolemy/domains/de/test/auto/Trilateration.xml (RunModel)" time="11.226" />
  <testcase classname="ptolemy.util.test.junit.AutoTests" name="[74] /home/travis/build/icyphy/ptII/ptolemy/domains/de/test/auto/TwoSigmaDelta.xml (RunModel)" time="1.777" />
  <testcase classname="ptolemy.util.test.junit.AutoTests" name="[75] /home/travis/build/icyphy/ptII/ptolemy/domains/de/test/auto/VariableDelay.xml (RunModel)" time="0.011" />
  <testcase classname="ptolemy.util.test.junit.AutoTests" name="[76] /home/travis/build/icyphy/ptII/ptolemy/domains/de/test/auto/VariableDelay2.xml (RunModel)" time="0.011" />
  <testcase classname="ptolemy.util.test.junit.AutoTests" name="[77] /home/travis/build/icyphy/ptII/ptolemy/domains/de/test/auto/VariableDelayZeroDelay.xml (RunModel)" time="0.011" />
  <testcase classname="ptolemy.util.test.junit.AutoTests" name="[78] /home/travis/build/icyphy/ptII/ptolemy/domains/de/test/auto/VariableDelayZeroDelay2.xml (RunModel)" time="0.011" />
  <testcase classname="ptolemy.util.test.junit.AutoTests" name="[79] /home/travis/build/icyphy/ptII/ptolemy/domains/de/test/auto/deInCt.xml (RunModel)" time="0.017" />
  <testcase classname="ptolemy.util.test.junit.AutoTests" name="[80] /home/travis/build/icyphy/ptII/ptolemy/domains/de/test/auto/deInCt2.xml (RunModel)" time="0.012" />
  <testcase classname="ptolemy.util.test.junit.AutoTests" name="[81] /home/travis/build/icyphy/ptII/ptolemy/domains/de/test/auto/dynamicCausalityInterface1.xml (RunModel)" time="0.016" />
  <testcase classname="ptolemy.util.test.junit.AutoTests" name="[82] /home/travis/build/icyphy/ptII/ptolemy/domains/de/test/auto/fsm_de_test.xml (RunModel)" time="0.024" />
  <testcase classname="ptolemy.util.test.junit.AutoTests" name="[83] /home/travis/build/icyphy/ptII/ptolemy/domains/de/test/auto/functionDependencyReconstruction.xml (RunModel)" time="0.028" />
  <testcase classname="ptolemy.util.test.junit.AutoTests" name="[84] /home/travis/build/icyphy/ptII/ptolemy/domains/de/test/auto/multirate.xml (RunModel)" time="0.021" />
  <testcase classname="ptolemy.util.test.junit.AutoTests" name="[85] /home/travis/build/icyphy/ptII/ptolemy/domains/de/test/auto/multirate2.xml (RunModel)" time="0.016" />
  <testcase classname="ptolemy.util.test.junit.AutoTests" name="[86] /home/travis/build/icyphy/ptII/ptolemy/domains/de/test/auto/realtime.xml (RunModel)" time="10.009" />
  <testcase classname="ptolemy.util.test.junit.AutoTests" name="[87] /home/travis/build/icyphy/ptII/ptolemy/domains/de/test/auto/relationGroup.xml (RunModel)" time="0.011" />
  <testcase classname="ptolemy.util.test.junit.AutoTests" name="[88] /home/travis/build/icyphy/ptII/ptolemy/domains/de/test/auto/relationGroup2.xml (RunModel)" time="0.017" />
  <testcase classname="ptolemy.util.test.junit.AutoTests" name="[89] /home/travis/build/icyphy/ptII/ptolemy/domains/de/test/auto/sortWithOpaquePorts.xml (RunModel)" time="0.015" />
  <testcase classname="ptolemy.util.test.junit.AutoTests" name="[90] /home/travis/build/icyphy/ptII/ptolemy/domains/de/test/auto/transferInputsandOutputs.xml (RunModel)" time="0.031" />
  <testcase classname="ptolemy.util.test.junit.AutoTests" name="[91] /home/travis/build/icyphy/ptII/ptolemy/domains/de/test/auto/triggerType.xml (RunModel)" time="0.009" />
  <system-out><![CDATA[/home/travis/build/icyphy/ptII/ptolemy/domains/de/test/DependencyLoop.tcl
testDefs.tcl: setting time out to 9000 seconds at Tue Feb 04 17:55:53 UTC 2020
64 ms. Memory: 129024K Free: 78674K (61%)
35 ms. Memory: 129024K Free: 61266K (47%)
/home/travis/build/icyphy/ptII/ptolemy/domains/de/test/RunDETestsAsQSS.tcl
Run the DE tests using ptolemy.domains.qss.test.QSSDirectorTest, which extends QSSDirector and prints a message in the constructors.
------------------ testing $PTII/ptolemy/domains/de/test/auto/knownFailedTests/DirectFeedback.xml (Known Failure) 
54 ms. Memory: 129024K Free: 56146K (44%)


==== $PTIIhome/travis/build/icyphy/ptII/ptolemy/domains/de/test/../../../../: Auto Automatic test in file $PTII/ptolemy/domains/de/test/auto/knownFailedTests/DirectFeedback.xml
==== Contents of test case:

	    # FIXME: we should use $relativeFilename here, but it
	    # might have backslashes under Windows, which causes no end
	    # of trouble.
	    createAndExecute $file
	    list {}
	
.... Test generated KNOWN error:
    while executing
ptolemy.kernel.util.IllegalActionException: Test fails in iteration 1.
Value was: 1.0. Should have been: 2.0
  in .DirectFeedback.Test
	at ptolemy.actor.lib.Test.fire(Test.java:268)
	at ptolemy.domains.de.kernel.DEDirector._fire(DEDirector.java:1949)
	at ptolemy.domains.de.kernel.DEDirector.fire(DEDirector.java:502)
	at ptolemy.actor.CompositeActor.fire(CompositeActor.java:455)
	at ptolemy.actor.Manager.iterate(Manager.java:851)
	at ptolemy.actor.Manager.execute(Manager.java:369)
	at ptolemy.actor.Manager.run(Manager.java:1263)
	at ptolemy.actor.Manager$PtolemyRunThread.run(Manager.java:1933)

    while executing
ptolemy.kernel.util.IllegalActionException: Test fails in iteration 1.
Value was: 1.0. Should have been: 2.0
  in .DirectFeedback.Test
    while executing
"java::new ptolemy.moml.MoMLSimpleApplication $file
"
    (procedure "createAndExecute" line 2)
    invoked from within
"createAndExecute $file"
    ("uplevel" body line 5)
    invoked from within
"uplevel $contents_of_test"
------------------ testing $PTII/ptolemy/domains/de/test/auto/knownFailedTests/dependencyLoop.xml (Known Failure) 
8 ms. Memory: 129024K Free: 53074K (41%)


==== $PTIIhome/travis/build/icyphy/ptII/ptolemy/domains/de/test/../../../../: Auto Automatic test in file $PTII/ptolemy/domains/de/test/auto/knownFailedTests/dependencyLoop.xml
==== Contents of test case:

	    # FIXME: we should use $relativeFilename here, but it
	    # might have backslashes under Windows, which causes no end
	    # of trouble.
	    createAndExecute $file
	    list {}
	
.... Test generated KNOWN error:
    while executing
ptolemy.kernel.util.IllegalActionException: Found a zero delay loop containing .dependencyLoop.original
  in .dependencyLoop and .dependencyLoop.original
	at ptolemy.actor.util.CausalityInterfaceForComposites._computeOutputPortDepth(CausalityInterfaceForComposites.java:759)
	at ptolemy.actor.util.CausalityInterfaceForComposites._computeInputDepth(CausalityInterfaceForComposites.java:696)
	at ptolemy.actor.util.CausalityInterfaceForComposites._computeOutputPortDepth(CausalityInterfaceForComposites.java:765)
	at ptolemy.actor.util.CausalityInterfaceForComposites._computeInputDepth(CausalityInterfaceForComposites.java:696)
	at ptolemy.actor.util.CausalityInterfaceForComposites._computeOutputPortDepth(CausalityInterfaceForComposites.java:765)
	at ptolemy.actor.util.CausalityInterfaceForComposites._computeInputDepth(CausalityInterfaceForComposites.java:696)
	at ptolemy.actor.util.CausalityInterfaceForComposites._computeActorDepth(CausalityInterfaceForComposites.java:532)
	at ptolemy.actor.util.CausalityInterfaceForComposites.checkForCycles(CausalityInterfaceForComposites.java:96)
	at ptolemy.domains.de.kernel.DEDirector.preinitialize(DEDirector.java:1338)
	at ptolemy.actor.CompositeActor.preinitialize(CompositeActor.java:1828)
	at ptolemy.actor.Manager.preinitializeAndResolveTypes(Manager.java:1040)
	at ptolemy.actor.Manager.initialize(Manager.java:710)
	at ptolemy.actor.Manager.execute(Manager.java:356)
	at ptolemy.actor.Manager.run(Manager.java:1263)
	at ptolemy.actor.Manager$PtolemyRunThread.run(Manager.java:1933)

    while executing
ptolemy.kernel.util.IllegalActionException: Found a zero delay loop containing .dependencyLoop.original
  in .dependencyLoop and .dependencyLoop.original
    while executing
"java::new ptolemy.moml.MoMLSimpleApplication $file
"
    (procedure "createAndExecute" line 2)
    invoked from within
"createAndExecute $file"
    ("uplevel" body line 5)
    invoked from within
"uplevel $contents_of_test"
------------------ testing $PTII/ptolemy/domains/de/test/auto/knownFailedTests/FSMSource.xml (Known Failure) 
44 ms. Memory: 129024K Free: 111696K (87%)
!!!! Auto was marked as failing, but now passes
------------------ testing $PTII/ptolemy/domains/de/test/auto/knownFailedTests/HierarchicalModel.xml (Known Failure) 
7 ms. Memory: 129024K Free: 94232K (73%)


==== $PTIIhome/travis/build/icyphy/ptII/ptolemy/domains/de/test/../../../../: Auto Automatic test in file $PTII/ptolemy/domains/de/test/auto/knownFailedTests/HierarchicalModel.xml
==== Contents of test case:

	    # FIXME: we should use $relativeFilename here, but it
	    # might have backslashes under Windows, which causes no end
	    # of trouble.
	    createAndExecute $file
	    list {}
	
.... Test generated KNOWN error:
    while executing
ptolemy.kernel.util.IllegalActionException: Found a zero delay loop containing .HierarchicalModel.A
  in .HierarchicalModel and .HierarchicalModel.A
	at ptolemy.actor.util.CausalityInterfaceForComposites._computeOutputPortDepth(CausalityInterfaceForComposites.java:759)
	at ptolemy.actor.util.CausalityInterfaceForComposites._computeInputDepth(CausalityInterfaceForComposites.java:696)
	at ptolemy.actor.util.CausalityInterfaceForComposites._computeOutputPortDepth(CausalityInterfaceForComposites.java:765)
	at ptolemy.actor.util.CausalityInterfaceForComposites._computeInputDepth(CausalityInterfaceForComposites.java:696)
	at ptolemy.actor.util.CausalityInterfaceForComposites._computeOutputPortDepth(CausalityInterfaceForComposites.java:765)
	at ptolemy.actor.util.CausalityInterfaceForComposites._computeInputDepth(CausalityInterfaceForComposites.java:696)
	at ptolemy.actor.util.CausalityInterfaceForComposites._computeActorDepth(CausalityInterfaceForComposites.java:532)
	at ptolemy.actor.util.CausalityInterfaceForComposites.checkForCycles(CausalityInterfaceForComposites.java:96)
	at ptolemy.domains.de.kernel.DEDirector.preinitialize(DEDirector.java:1338)
	at ptolemy.actor.CompositeActor.preinitialize(CompositeActor.java:1828)
	at ptolemy.actor.Manager.preinitializeAndResolveTypes(Manager.java:1040)
	at ptolemy.actor.Manager.initialize(Manager.java:710)
	at ptolemy.actor.Manager.execute(Manager.java:356)
	at ptolemy.actor.Manager.run(Manager.java:1263)
	at ptolemy.actor.Manager$PtolemyRunThread.run(Manager.java:1933)

    while executing
ptolemy.kernel.util.IllegalActionException: Found a zero delay loop containing .HierarchicalModel.A
  in .HierarchicalModel and .HierarchicalModel.A
    while executing
"java::new ptolemy.moml.MoMLSimpleApplication $file
"
    (procedure "createAndExecute" line 2)
    invoked from within
"createAndExecute $file"
    ("uplevel" body line 5)
    invoked from within
"uplevel $contents_of_test"
------------------ testing $PTII/ptolemy/domains/de/test/auto/knownFailedTests/dependencyLoop2.xml (Known Failure) 
5 ms. Memory: 129024K Free: 78355K (61%)


==== $PTIIhome/travis/build/icyphy/ptII/ptolemy/domains/de/test/../../../../: Auto Automatic test in file $PTII/ptolemy/domains/de/test/auto/knownFailedTests/dependencyLoop2.xml
==== Contents of test case:

	    # FIXME: we should use $relativeFilename here, but it
	    # might have backslashes under Windows, which causes no end
	    # of trouble.
	    createAndExecute $file
	    list {}
	
.... Test generated KNOWN error:
    while executing
ptolemy.kernel.util.IllegalActionException: Found a zero delay loop containing .dependencyLoop2.original
  in .dependencyLoop2 and .dependencyLoop2.original
	at ptolemy.actor.util.CausalityInterfaceForComposites._computeOutputPortDepth(CausalityInterfaceForComposites.java:759)
	at ptolemy.actor.util.CausalityInterfaceForComposites._computeInputDepth(CausalityInterfaceForComposites.java:696)
	at ptolemy.actor.util.CausalityInterfaceForComposites._computeOutputPortDepth(CausalityInterfaceForComposites.java:765)
	at ptolemy.actor.util.CausalityInterfaceForComposites._computeInputDepth(CausalityInterfaceForComposites.java:696)
	at ptolemy.actor.util.CausalityInterfaceForComposites._computeOutputPortDepth(CausalityInterfaceForComposites.java:765)
	at ptolemy.actor.util.CausalityInterfaceForComposites._computeInputDepth(CausalityInterfaceForComposites.java:696)
	at ptolemy.actor.util.CausalityInterfaceForComposites._computeActorDepth(CausalityInterfaceForComposites.java:532)
	at ptolemy.actor.util.CausalityInterfaceForComposites.checkForCycles(CausalityInterfaceForComposites.java:96)
	at ptolemy.domains.de.kernel.DEDirector.preinitialize(DEDirector.java:1338)
	at ptolemy.actor.CompositeActor.preinitialize(CompositeActor.java:1828)
	at ptolemy.actor.Manager.preinitializeAndResolveTypes(Manager.java:1040)
	at ptolemy.actor.Manager.initialize(Manager.java:710)
	at ptolemy.actor.Manager.execute(Manager.java:356)
	at ptolemy.actor.Manager.run(Manager.java:1263)
	at ptolemy.actor.Manager$PtolemyRunThread.run(Manager.java:1933)

    while executing
ptolemy.kernel.util.IllegalActionException: Found a zero delay loop containing .dependencyLoop2.original
  in .dependencyLoop2 and .dependencyLoop2.original
    while executing
"java::new ptolemy.moml.MoMLSimpleApplication $file
"
    (procedure "createAndExecute" line 2)
    invoked from within
"createAndExecute $file"
    ("uplevel" body line 5)
    invoked from within
"uplevel $contents_of_test"
------------------ testing $PTII/ptolemy/domains/de/test/auto/knownFailedTests/DESDFClockTest.xml (Known Failure) 
2050 ms. Memory: 129024K Free: 108870K (84%)


==== $PTIIhome/travis/build/icyphy/ptII/ptolemy/domains/de/test/../../../../: Auto Automatic test in file $PTII/ptolemy/domains/de/test/auto/knownFailedTests/DESDFClockTest.xml
==== Contents of test case:

	    # FIXME: we should use $relativeFilename here, but it
	    # might have backslashes under Windows, which causes no end
	    # of trouble.
	    createAndExecute $file
	    list {}
	
.... Test generated KNOWN error:
    while executing
ptolemy.kernel.util.IllegalActionException: Actor is not ready to fire.  Perhaps UpSample.prefire() returned false? Try debugging the actor by selecting "Listen to Actor".  Also, for SDF check moml for tokenConsumptionRate on input.
  in .DESDFClockTest.Play Bell.Copy1:SDF Director and .DESDFClockTest.Play Bell.UpSample
	at ptolemy.actor.sched.StaticSchedulingDirector.fire(StaticSchedulingDirector.java:227)
	at ptolemy.domains.sdf.kernel.SDFDirector.fire(SDFDirector.java:500)
	at ptolemy.actor.CompositeActor.fire(CompositeActor.java:455)
	at ptolemy.domains.de.kernel.DEDirector._fire(DEDirector.java:1949)
	at ptolemy.domains.de.kernel.DEDirector.fire(DEDirector.java:502)
	at ptolemy.actor.CompositeActor.fire(CompositeActor.java:455)
	at ptolemy.actor.Manager.iterate(Manager.java:851)
	at ptolemy.actor.Manager.execute(Manager.java:369)
	at ptolemy.actor.Manager.run(Manager.java:1263)
	at ptolemy.actor.Manager$PtolemyRunThread.run(Manager.java:1933)

    while executing
ptolemy.kernel.util.IllegalActionException: Actor is not ready to fire.  Perhaps UpSample.prefire() returned false? Try debugging the actor by selecting "Listen to Actor".  Also, for SDF check moml for tokenConsumptionRate on input.
  in .DESDFClockTest.Play Bell.Copy1:SDF Director and .DESDFClockTest.Play Bell.UpSample
    while executing
"java::new ptolemy.moml.MoMLSimpleApplication $file
"
    (procedure "createAndExecute" line 2)
    invoked from within
"createAndExecute $file"
    ("uplevel" body line 5)
    invoked from within
"uplevel $contents_of_test"
------------------ testing $PTII/ptolemy/domains/de/test/auto/ActorDepthCalculation_actorWithoutPorts.xml
auto.tcl: Setting watchdog for 200 seconds at Tue Feb 04 17:55:57 UTC 2020
4 ms. Memory: 129024K Free: 101174K (78%)
ptolemy.util.test.WatchDog.cancel(): canceling Tue Feb 04 17:55:57 UTC 2020
auto.tcl: Setting watchdog for 200 seconds at Tue Feb 04 17:55:57 UTC 2020
5 ms. Memory: 129024K Free: 100134K (78%)
ptolemy.util.test.WatchDog.cancel(): canceling Tue Feb 04 17:55:57 UTC 2020
------------------ testing $PTII/ptolemy/domains/de/test/auto/AssemblyLine.xml
auto.tcl: Setting watchdog for 200 seconds at Tue Feb 04 17:55:57 UTC 2020
7 ms. Memory: 51200K Free: 27488K (54%)
ptolemy.util.test.WatchDog.cancel(): canceling Tue Feb 04 17:55:57 UTC 2020
auto.tcl: Setting watchdog for 200 seconds at Tue Feb 04 17:55:57 UTC 2020
9 ms. Memory: 51200K Free: 26998K (53%)
ptolemy.util.test.WatchDog.cancel(): canceling Tue Feb 04 17:55:57 UTC 2020
------------------ testing $PTII/ptolemy/domains/de/test/auto/CQBug1.xml
auto.tcl: Setting watchdog for 200 seconds at Tue Feb 04 17:55:58 UTC 2020
3 ms. Memory: 51200K Free: 33514K (65%)
ptolemy.util.test.WatchDog.cancel(): canceling Tue Feb 04 17:55:58 UTC 2020
auto.tcl: Setting watchdog for 200 seconds at Tue Feb 04 17:55:58 UTC 2020
2 ms. Memory: 51200K Free: 33026K (65%)
ptolemy.util.test.WatchDog.cancel(): canceling Tue Feb 04 17:55:58 UTC 2020
------------------ testing $PTII/ptolemy/domains/de/test/auto/CancelFireAt.xml
auto.tcl: Setting watchdog for 200 seconds at Tue Feb 04 17:55:58 UTC 2020
4 ms. Memory: 51200K Free: 34697K (68%)
ptolemy.util.test.WatchDog.cancel(): canceling Tue Feb 04 17:55:58 UTC 2020
auto.tcl: Setting watchdog for 200 seconds at Tue Feb 04 17:55:58 UTC 2020
2 ms. Memory: 51200K Free: 34182K (67%)
ptolemy.util.test.WatchDog.cancel(): canceling Tue Feb 04 17:55:58 UTC 2020
------------------ testing $PTII/ptolemy/domains/de/test/auto/CausalityAndComposabilityAnalysis.xml
auto.tcl: Setting watchdog for 200 seconds at Tue Feb 04 17:55:58 UTC 2020
8 ms. Memory: 51200K Free: 32401K (63%)
ptolemy.util.test.WatchDog.cancel(): canceling Tue Feb 04 17:55:58 UTC 2020
auto.tcl: Setting watchdog for 200 seconds at Tue Feb 04 17:55:58 UTC 2020
5 ms. Memory: 51200K Free: 31961K (62%)
ptolemy.util.test.WatchDog.cancel(): canceling Tue Feb 04 17:55:58 UTC 2020
------------------ testing $PTII/ptolemy/domains/de/test/auto/CausalityInterface1.xml
auto.tcl: Setting watchdog for 200 seconds at Tue Feb 04 17:55:58 UTC 2020
15 ms. Memory: 51200K Free: 31382K (61%)
ptolemy.util.test.WatchDog.cancel(): canceling Tue Feb 04 17:55:58 UTC 2020
auto.tcl: Setting watchdog for 200 seconds at Tue Feb 04 17:55:58 UTC 2020
4 ms. Memory: 51200K Free: 30392K (59%)
ptolemy.util.test.WatchDog.cancel(): canceling Tue Feb 04 17:55:58 UTC 2020
------------------ testing $PTII/ptolemy/domains/de/test/auto/CausalityInterface15.xml
auto.tcl: Setting watchdog for 200 seconds at Tue Feb 04 17:55:58 UTC 2020
6 ms. Memory: 51200K Free: 31541K (62%)
ptolemy.util.test.WatchDog.cancel(): canceling Tue Feb 04 17:55:58 UTC 2020
auto.tcl: Setting watchdog for 200 seconds at Tue Feb 04 17:55:58 UTC 2020
4 ms. Memory: 51200K Free: 30363K (59%)
ptolemy.util.test.WatchDog.cancel(): canceling Tue Feb 04 17:55:58 UTC 2020
------------------ testing $PTII/ptolemy/domains/de/test/auto/CausalityInterface2.xml
auto.tcl: Setting watchdog for 200 seconds at Tue Feb 04 17:55:58 UTC 2020
4 ms. Memory: 51200K Free: 31984K (62%)
ptolemy.util.test.WatchDog.cancel(): canceling Tue Feb 04 17:55:58 UTC 2020
auto.tcl: Setting watchdog for 200 seconds at Tue Feb 04 17:55:58 UTC 2020
3 ms. Memory: 51200K Free: 31340K (61%)
ptolemy.util.test.WatchDog.cancel(): canceling Tue Feb 04 17:55:58 UTC 2020
------------------ testing $PTII/ptolemy/domains/de/test/auto/CausalityInterface3.xml
auto.tcl: Setting watchdog for 200 seconds at Tue Feb 04 17:55:58 UTC 2020
6 ms. Memory: 51200K Free: 31553K (62%)
ptolemy.util.test.WatchDog.cancel(): canceling Tue Feb 04 17:55:58 UTC 2020
auto.tcl: Setting watchdog for 200 seconds at Tue Feb 04 17:55:58 UTC 2020
2 ms. Memory: 51200K Free: 31057K (61%)
ptolemy.util.test.WatchDog.cancel(): canceling Tue Feb 04 17:55:58 UTC 2020
------------------ testing $PTII/ptolemy/domains/de/test/auto/ClockDrift.xml
auto.tcl: Setting watchdog for 200 seconds at Tue Feb 04 17:55:58 UTC 2020
78 ms. Memory: 51200K Free: 24147K (47%)
ptolemy.util.test.WatchDog.cancel(): canceling Tue Feb 04 17:55:58 UTC 2020
auto.tcl: Setting watchdog for 200 seconds at Tue Feb 04 17:55:58 UTC 2020
53 ms. Memory: 51200K Free: 20675K (40%)
ptolemy.util.test.WatchDog.cancel(): canceling Tue Feb 04 17:55:58 UTC 2020
------------------ testing $PTII/ptolemy/domains/de/test/auto/ClockDriftAndValueChange.xml
auto.tcl: Setting watchdog for 200 seconds at Tue Feb 04 17:55:58 UTC 2020
36 ms. Memory: 51200K Free: 24730K (48%)
ptolemy.util.test.WatchDog.cancel(): canceling Tue Feb 04 17:55:58 UTC 2020
auto.tcl: Setting watchdog for 200 seconds at Tue Feb 04 17:55:58 UTC 2020
22 ms. Memory: 51200K Free: 21550K (42%)
ptolemy.util.test.WatchDog.cancel(): canceling Tue Feb 04 17:55:58 UTC 2020
------------------ testing $PTII/ptolemy/domains/de/test/auto/ClockDriftChange.xml
auto.tcl: Setting watchdog for 200 seconds at Tue Feb 04 17:55:58 UTC 2020
19 ms. Memory: 51200K Free: 26021K (51%)
ptolemy.util.test.WatchDog.cancel(): canceling Tue Feb 04 17:55:59 UTC 2020
auto.tcl: Setting watchdog for 200 seconds at Tue Feb 04 17:55:59 UTC 2020
25 ms. Memory: 51200K Free: 23624K (46%)
ptolemy.util.test.WatchDog.cancel(): canceling Tue Feb 04 17:55:59 UTC 2020
------------------ testing $PTII/ptolemy/domains/de/test/auto/ComposableCausalityAnalysis.xml
auto.tcl: Setting watchdog for 200 seconds at Tue Feb 04 17:55:59 UTC 2020
2 ms. Memory: 51200K Free: 30790K (60%)
ptolemy.util.test.WatchDog.cancel(): canceling Tue Feb 04 17:55:59 UTC 2020
auto.tcl: Setting watchdog for 200 seconds at Tue Feb 04 17:55:59 UTC 2020
4 ms. Memory: 51200K Free: 29748K (58%)
ptolemy.util.test.WatchDog.cancel(): canceling Tue Feb 04 17:55:59 UTC 2020
------------------ testing $PTII/ptolemy/domains/de/test/auto/DEFixedPointLimitation.xml
auto.tcl: Setting watchdog for 200 seconds at Tue Feb 04 17:55:59 UTC 2020
6 ms. Memory: 51200K Free: 31966K (62%)
ptolemy.util.test.WatchDog.cancel(): canceling Tue Feb 04 17:55:59 UTC 2020
auto.tcl: Setting watchdog for 200 seconds at Tue Feb 04 17:55:59 UTC 2020
2 ms. Memory: 51200K Free: 31316K (61%)
ptolemy.util.test.WatchDog.cancel(): canceling Tue Feb 04 17:55:59 UTC 2020
------------------ testing $PTII/ptolemy/domains/de/test/auto/DEScheduleTest.xml
auto.tcl: Setting watchdog for 200 seconds at Tue Feb 04 17:55:59 UTC 2020
6 ms. Memory: 51200K Free: 32589K (64%)
ptolemy.util.test.WatchDog.cancel(): canceling Tue Feb 04 17:55:59 UTC 2020
auto.tcl: Setting watchdog for 200 seconds at Tue Feb 04 17:55:59 UTC 2020
3 ms. Memory: 51200K Free: 31823K (62%)
ptolemy.util.test.WatchDog.cancel(): canceling Tue Feb 04 17:55:59 UTC 2020
------------------ testing $PTII/ptolemy/domains/de/test/auto/DEinDEwithStartTimes.xml
auto.tcl: Setting watchdog for 200 seconds at Tue Feb 04 17:55:59 UTC 2020
3 ms. Memory: 51200K Free: 30750K (60%)
ptolemy.util.test.WatchDog.cancel(): canceling Tue Feb 04 17:55:59 UTC 2020
auto.tcl: Setting watchdog for 200 seconds at Tue Feb 04 17:55:59 UTC 2020
3 ms. Memory: 51200K Free: 29726K (58%)
ptolemy.util.test.WatchDog.cancel(): canceling Tue Feb 04 17:55:59 UTC 2020
------------------ testing $PTII/ptolemy/domains/de/test/auto/DEinDEwithStartTimes2.xml
auto.tcl: Setting watchdog for 200 seconds at Tue Feb 04 17:55:59 UTC 2020
6 ms. Memory: 51200K Free: 29897K (58%)
ptolemy.util.test.WatchDog.cancel(): canceling Tue Feb 04 17:55:59 UTC 2020
auto.tcl: Setting watchdog for 200 seconds at Tue Feb 04 17:55:59 UTC 2020
4 ms. Memory: 51200K Free: 28825K (56%)
ptolemy.util.test.WatchDog.cancel(): canceling Tue Feb 04 17:55:59 UTC 2020
------------------ testing $PTII/ptolemy/domains/de/test/auto/DateDemo.xml
auto.tcl: Setting watchdog for 200 seconds at Tue Feb 04 17:55:59 UTC 2020
23 ms. Memory: 51200K Free: 24744K (48%)
ptolemy.util.test.WatchDog.cancel(): canceling Tue Feb 04 17:55:59 UTC 2020
auto.tcl: Setting watchdog for 200 seconds at Tue Feb 04 17:55:59 UTC 2020
9 ms. Memory: 51200K Free: 23103K (45%)
ptolemy.util.test.WatchDog.cancel(): canceling Tue Feb 04 17:55:59 UTC 2020
------------------ testing $PTII/ptolemy/domains/de/test/auto/DateToEvent.xml
auto.tcl: Setting watchdog for 200 seconds at Tue Feb 04 17:55:59 UTC 2020
2010 ms. Memory: 51200K Free: 20246K (40%)
ptolemy.util.test.WatchDog.cancel(): canceling Tue Feb 04 17:56:01 UTC 2020
auto.tcl: Setting watchdog for 200 seconds at Tue Feb 04 17:56:01 UTC 2020
2005 ms. Memory: 51200K Free: 19398K (38%)
ptolemy.util.test.WatchDog.cancel(): canceling Tue Feb 04 17:56:03 UTC 2020
------------------ testing $PTII/ptolemy/domains/de/test/auto/DepthTest1.xml
auto.tcl: Setting watchdog for 200 seconds at Tue Feb 04 17:56:03 UTC 2020
3 ms. Memory: 51200K Free: 33407K (65%)
ptolemy.util.test.WatchDog.cancel(): canceling Tue Feb 04 17:56:03 UTC 2020
auto.tcl: Setting watchdog for 200 seconds at Tue Feb 04 17:56:03 UTC 2020
2 ms. Memory: 51200K Free: 32919K (64%)
ptolemy.util.test.WatchDog.cancel(): canceling Tue Feb 04 17:56:03 UTC 2020
------------------ testing $PTII/ptolemy/domains/de/test/auto/DepthTest2.xml
auto.tcl: Setting watchdog for 200 seconds at Tue Feb 04 17:56:03 UTC 2020
3 ms. Memory: 51200K Free: 30201K (59%)
ptolemy.util.test.WatchDog.cancel(): canceling Tue Feb 04 17:56:03 UTC 2020
auto.tcl: Setting watchdog for 200 seconds at Tue Feb 04 17:56:03 UTC 2020
3 ms. Memory: 51200K Free: 29752K (58%)
ptolemy.util.test.WatchDog.cancel(): canceling Tue Feb 04 17:56:03 UTC 2020
------------------ testing $PTII/ptolemy/domains/de/test/auto/DepthTest3.xml
auto.tcl: Setting watchdog for 200 seconds at Tue Feb 04 17:56:03 UTC 2020
6 ms. Memory: 51200K Free: 33751K (66%)
ptolemy.util.test.WatchDog.cancel(): canceling Tue Feb 04 17:56:03 UTC 2020
auto.tcl: Setting watchdog for 200 seconds at Tue Feb 04 17:56:03 UTC 2020
1 ms. Memory: 51200K Free: 33265K (65%)
ptolemy.util.test.WatchDog.cancel(): canceling Tue Feb 04 17:56:03 UTC 2020
------------------ testing $PTII/ptolemy/domains/de/test/auto/DepthTest4.xml
auto.tcl: Setting watchdog for 200 seconds at Tue Feb 04 17:56:03 UTC 2020
3 ms. Memory: 51200K Free: 31971K (62%)
ptolemy.util.test.WatchDog.cancel(): canceling Tue Feb 04 17:56:03 UTC 2020
auto.tcl: Setting watchdog for 200 seconds at Tue Feb 04 17:56:03 UTC 2020
2 ms. Memory: 51200K Free: 31284K (61%)
ptolemy.util.test.WatchDog.cancel(): canceling Tue Feb 04 17:56:03 UTC 2020
------------------ testing $PTII/ptolemy/domains/de/test/auto/DepthTest5.xml
auto.tcl: Setting watchdog for 200 seconds at Tue Feb 04 17:56:03 UTC 2020
5 ms. Memory: 51200K Free: 31425K (61%)
ptolemy.util.test.WatchDog.cancel(): canceling Tue Feb 04 17:56:04 UTC 2020
auto.tcl: Setting watchdog for 200 seconds at Tue Feb 04 17:56:04 UTC 2020
2 ms. Memory: 51200K Free: 30683K (60%)
ptolemy.util.test.WatchDog.cancel(): canceling Tue Feb 04 17:56:04 UTC 2020
------------------ testing $PTII/ptolemy/domains/de/test/auto/DepthTest6.xml
auto.tcl: Setting watchdog for 200 seconds at Tue Feb 04 17:56:04 UTC 2020
9 ms. Memory: 51200K Free: 31427K (61%)
ptolemy.util.test.WatchDog.cancel(): canceling Tue Feb 04 17:56:04 UTC 2020
auto.tcl: Setting watchdog for 200 seconds at Tue Feb 04 17:56:04 UTC 2020
3 ms. Memory: 51200K Free: 30661K (60%)
ptolemy.util.test.WatchDog.cancel(): canceling Tue Feb 04 17:56:04 UTC 2020
------------------ testing $PTII/ptolemy/domains/de/test/auto/DepthTest7.xml
auto.tcl: Setting watchdog for 200 seconds at Tue Feb 04 17:56:04 UTC 2020
2 ms. Memory: 51200K Free: 31154K (61%)
ptolemy.util.test.WatchDog.cancel(): canceling Tue Feb 04 17:56:04 UTC 2020
auto.tcl: Setting watchdog for 200 seconds at Tue Feb 04 17:56:04 UTC 2020
2 ms. Memory: 51200K Free: 30686K (60%)
ptolemy.util.test.WatchDog.cancel(): canceling Tue Feb 04 17:56:04 UTC 2020
------------------ testing $PTII/ptolemy/domains/de/test/auto/EventToDate.xml
auto.tcl: Setting watchdog for 200 seconds at Tue Feb 04 17:56:04 UTC 2020
3006 ms. Memory: 51200K Free: 22486K (44%)
ptolemy.util.test.WatchDog.cancel(): canceling Tue Feb 04 17:56:07 UTC 2020
auto.tcl: Setting watchdog for 200 seconds at Tue Feb 04 17:56:07 UTC 2020
3004 ms. Memory: 51200K Free: 22043K (43%)
ptolemy.util.test.WatchDog.cancel(): canceling Tue Feb 04 17:56:10 UTC 2020
------------------ testing $PTII/ptolemy/domains/de/test/auto/FSM1.xml
auto.tcl: Setting watchdog for 200 seconds at Tue Feb 04 17:56:10 UTC 2020
38 ms. Memory: 51200K Free: 23929K (47%)
ptolemy.util.test.WatchDog.cancel(): canceling Tue Feb 04 17:56:10 UTC 2020
auto.tcl: Setting watchdog for 200 seconds at Tue Feb 04 17:56:10 UTC 2020
17 ms. Memory: 51200K Free: 20688K (40%)
ptolemy.util.test.WatchDog.cancel(): canceling Tue Feb 04 17:56:10 UTC 2020
------------------ testing $PTII/ptolemy/domains/de/test/auto/FSM7.xml
auto.tcl: Setting watchdog for 200 seconds at Tue Feb 04 17:56:10 UTC 2020
15 ms. Memory: 51200K Free: 23847K (47%)
ptolemy.util.test.WatchDog.cancel(): canceling Tue Feb 04 17:56:10 UTC 2020
auto.tcl: Setting watchdog for 200 seconds at Tue Feb 04 17:56:10 UTC 2020
15 ms. Memory: 51200K Free: 20875K (41%)
ptolemy.util.test.WatchDog.cancel(): canceling Tue Feb 04 17:56:10 UTC 2020
------------------ testing $PTII/ptolemy/domains/de/test/auto/Inspection.xml
auto.tcl: Setting watchdog for 200 seconds at Tue Feb 04 17:56:10 UTC 2020
24 ms. Memory: 51200K Free: 23612K (46%)
ptolemy.util.test.WatchDog.cancel(): canceling Tue Feb 04 17:56:10 UTC 2020
auto.tcl: Setting watchdog for 200 seconds at Tue Feb 04 17:56:10 UTC 2020
33 ms. Memory: 51200K Free: 21933K (43%)
ptolemy.util.test.WatchDog.cancel(): canceling Tue Feb 04 17:56:10 UTC 2020
------------------ testing $PTII/ptolemy/domains/de/test/auto/Iteration.xml
auto.tcl: Setting watchdog for 200 seconds at Tue Feb 04 17:56:10 UTC 2020
6 ms. Memory: 51200K Free: 29180K (57%)
ptolemy.util.test.WatchDog.cancel(): canceling Tue Feb 04 17:56:10 UTC 2020
auto.tcl: Setting watchdog for 200 seconds at Tue Feb 04 17:56:10 UTC 2020
6 ms. Memory: 51200K Free: 27983K (55%)
ptolemy.util.test.WatchDog.cancel(): canceling Tue Feb 04 17:56:10 UTC 2020
------------------ testing $PTII/ptolemy/domains/de/test/auto/LineFault.xml
auto.tcl: Setting watchdog for 200 seconds at Tue Feb 04 17:56:10 UTC 2020
644 ms. Memory: 51200K Free: 17450K (34%)
ptolemy.util.test.WatchDog.cancel(): canceling Tue Feb 04 17:56:11 UTC 2020
auto.tcl: Setting watchdog for 200 seconds at Tue Feb 04 17:56:11 UTC 2020
552 ms. Memory: 62464K Free: 45032K (72%)
ptolemy.util.test.WatchDog.cancel(): canceling Tue Feb 04 17:56:12 UTC 2020
------------------ testing $PTII/ptolemy/domains/de/test/auto/MergeModel1Add.xml
auto.tcl: Setting watchdog for 200 seconds at Tue Feb 04 17:56:12 UTC 2020
16 ms. Memory: 58368K Free: 22287K (38%)
ptolemy.util.test.WatchDog.cancel(): canceling Tue Feb 04 17:56:12 UTC 2020
auto.tcl: Setting watchdog for 200 seconds at Tue Feb 04 17:56:12 UTC 2020
9 ms. Memory: 58368K Free: 20963K (36%)
ptolemy.util.test.WatchDog.cancel(): canceling Tue Feb 04 17:56:12 UTC 2020
------------------ testing $PTII/ptolemy/domains/de/test/auto/MergeModel2Add.xml
auto.tcl: Setting watchdog for 200 seconds at Tue Feb 04 17:56:12 UTC 2020
8 ms. Memory: 55296K Free: 21838K (39%)
ptolemy.util.test.WatchDog.cancel(): canceling Tue Feb 04 17:56:12 UTC 2020
auto.tcl: Setting watchdog for 200 seconds at Tue Feb 04 17:56:12 UTC 2020
7 ms. Memory: 55296K Free: 20151K (36%)
ptolemy.util.test.WatchDog.cancel(): canceling Tue Feb 04 17:56:12 UTC 2020
------------------ testing $PTII/ptolemy/domains/de/test/auto/MergeModel3Add.xml
auto.tcl: Setting watchdog for 200 seconds at Tue Feb 04 17:56:12 UTC 2020
9 ms. Memory: 55296K Free: 21558K (39%)
ptolemy.util.test.WatchDog.cancel(): canceling Tue Feb 04 17:56:12 UTC 2020
auto.tcl: Setting watchdog for 200 seconds at Tue Feb 04 17:56:12 UTC 2020
9 ms. Memory: 55296K Free: 20175K (36%)
ptolemy.util.test.WatchDog.cancel(): canceling Tue Feb 04 17:56:12 UTC 2020
------------------ testing $PTII/ptolemy/domains/de/test/auto/MergeWithoutDiscard.xml
auto.tcl: Setting watchdog for 200 seconds at Tue Feb 04 17:56:12 UTC 2020
2 ms. Memory: 55296K Free: 36454K (66%)
ptolemy.util.test.WatchDog.cancel(): canceling Tue Feb 04 17:56:12 UTC 2020
auto.tcl: Setting watchdog for 200 seconds at Tue Feb 04 17:56:12 UTC 2020
2 ms. Memory: 55296K Free: 35977K (65%)
ptolemy.util.test.WatchDog.cancel(): canceling Tue Feb 04 17:56:12 UTC 2020
------------------ testing $PTII/ptolemy/domains/de/test/auto/Modal1.xml
auto.tcl: Setting watchdog for 200 seconds at Tue Feb 04 17:56:12 UTC 2020
18 ms. Memory: 55296K Free: 28567K (52%)
ptolemy.util.test.WatchDog.cancel(): canceling Tue Feb 04 17:56:12 UTC 2020
auto.tcl: Setting watchdog for 200 seconds at Tue Feb 04 17:56:12 UTC 2020
20 ms. Memory: 55296K Free: 25024K (45%)
ptolemy.util.test.WatchDog.cancel(): canceling Tue Feb 04 17:56:12 UTC 2020
------------------ testing $PTII/ptolemy/domains/de/test/auto/Modal2.xml
auto.tcl: Setting watchdog for 200 seconds at Tue Feb 04 17:56:12 UTC 2020
14 ms. Memory: 51200K Free: 24090K (47%)
ptolemy.util.test.WatchDog.cancel(): canceling Tue Feb 04 17:56:12 UTC 2020
auto.tcl: Setting watchdog for 200 seconds at Tue Feb 04 17:56:12 UTC 2020
16 ms. Memory: 51200K Free: 20833K (41%)
ptolemy.util.test.WatchDog.cancel(): canceling Tue Feb 04 17:56:12 UTC 2020
------------------ testing $PTII/ptolemy/domains/de/test/auto/Modal3.xml
auto.tcl: Setting watchdog for 200 seconds at Tue Feb 04 17:56:12 UTC 2020
13 ms. Memory: 51200K Free: 23793K (46%)
ptolemy.util.test.WatchDog.cancel(): canceling Tue Feb 04 17:56:12 UTC 2020
auto.tcl: Setting watchdog for 200 seconds at Tue Feb 04 17:56:12 UTC 2020
13 ms. Memory: 51200K Free: 20843K (41%)
ptolemy.util.test.WatchDog.cancel(): canceling Tue Feb 04 17:56:12 UTC 2020
------------------ testing $PTII/ptolemy/domains/de/test/auto/Modal4.xml
auto.tcl: Setting watchdog for 200 seconds at Tue Feb 04 17:56:12 UTC 2020
13 ms. Memory: 51200K Free: 23072K (45%)
ptolemy.util.test.WatchDog.cancel(): canceling Tue Feb 04 17:56:12 UTC 2020
auto.tcl: Setting watchdog for 200 seconds at Tue Feb 04 17:56:12 UTC 2020
14 ms. Memory: 51200K Free: 19223K (38%)
ptolemy.util.test.WatchDog.cancel(): canceling Tue Feb 04 17:56:12 UTC 2020
------------------ testing $PTII/ptolemy/domains/de/test/auto/Modal5.xml
auto.tcl: Setting watchdog for 200 seconds at Tue Feb 04 17:56:12 UTC 2020
12 ms. Memory: 51200K Free: 23036K (45%)
ptolemy.util.test.WatchDog.cancel(): canceling Tue Feb 04 17:56:13 UTC 2020
auto.tcl: Setting watchdog for 200 seconds at Tue Feb 04 17:56:13 UTC 2020
13 ms. Memory: 51200K Free: 19210K (38%)
ptolemy.util.test.WatchDog.cancel(): canceling Tue Feb 04 17:56:13 UTC 2020
------------------ testing $PTII/ptolemy/domains/de/test/auto/Modal6.xml
auto.tcl: Setting watchdog for 200 seconds at Tue Feb 04 17:56:13 UTC 2020
12 ms. Memory: 51200K Free: 24050K (47%)
ptolemy.util.test.WatchDog.cancel(): canceling Tue Feb 04 17:56:13 UTC 2020
auto.tcl: Setting watchdog for 200 seconds at Tue Feb 04 17:56:13 UTC 2020
16 ms. Memory: 51200K Free: 19848K (39%)
ptolemy.util.test.WatchDog.cancel(): canceling Tue Feb 04 17:56:13 UTC 2020
------------------ testing $PTII/ptolemy/domains/de/test/auto/Modal7.xml
auto.tcl: Setting watchdog for 200 seconds at Tue Feb 04 17:56:13 UTC 2020
15 ms. Memory: 51200K Free: 22790K (45%)
ptolemy.util.test.WatchDog.cancel(): canceling Tue Feb 04 17:56:13 UTC 2020
auto.tcl: Setting watchdog for 200 seconds at Tue Feb 04 17:56:13 UTC 2020
12 ms. Memory: 51200K Free: 19209K (38%)
ptolemy.util.test.WatchDog.cancel(): canceling Tue Feb 04 17:56:13 UTC 2020
------------------ testing $PTII/ptolemy/domains/de/test/auto/ModalModel.xml
auto.tcl: Setting watchdog for 200 seconds at Tue Feb 04 17:56:13 UTC 2020
194 ms. Memory: 51200K Free: 14962K (29%)
ptolemy.util.test.WatchDog.cancel(): canceling Tue Feb 04 17:56:13 UTC 2020
auto.tcl: Setting watchdog for 200 seconds at Tue Feb 04 17:56:13 UTC 2020
218 ms. Memory: 65536K Free: 20973K (32%)
ptolemy.util.test.WatchDog.cancel(): canceling Tue Feb 04 17:56:13 UTC 2020
------------------ testing $PTII/ptolemy/domains/de/test/auto/ModalSource.xml
auto.tcl: Setting watchdog for 200 seconds at Tue Feb 04 17:56:13 UTC 2020
7 ms. Memory: 55296K Free: 31979K (58%)
ptolemy.util.test.WatchDog.cancel(): canceling Tue Feb 04 17:56:13 UTC 2020
auto.tcl: Setting watchdog for 200 seconds at Tue Feb 04 17:56:13 UTC 2020
7 ms. Memory: 55296K Free: 29931K (54%)
ptolemy.util.test.WatchDog.cancel(): canceling Tue Feb 04 17:56:13 UTC 2020
------------------ testing $PTII/ptolemy/domains/de/test/auto/NonInterruptibleTimerZeroDelay.xml
auto.tcl: Setting watchdog for 200 seconds at Tue Feb 04 17:56:13 UTC 2020
3 ms. Memory: 55296K Free: 36893K (67%)
ptolemy.util.test.WatchDog.cancel(): canceling Tue Feb 04 17:56:13 UTC 2020
auto.tcl: Setting watchdog for 200 seconds at Tue Feb 04 17:56:13 UTC 2020
3 ms. Memory: 55296K Free: 36238K (66%)
ptolemy.util.test.WatchDog.cancel(): canceling Tue Feb 04 17:56:13 UTC 2020
------------------ testing $PTII/ptolemy/domains/de/test/auto/OpenQueueingNetwork.xml
auto.tcl: Setting watchdog for 200 seconds at Tue Feb 04 17:56:13 UTC 2020
2846 ms. Memory: 81920K Free: 56594K (69%)
ptolemy.util.test.WatchDog.cancel(): canceling Tue Feb 04 17:56:16 UTC 2020
auto.tcl: Setting watchdog for 200 seconds at Tue Feb 04 17:56:16 UTC 2020
2368 ms. Memory: 81920K Free: 24280K (30%)
ptolemy.util.test.WatchDog.cancel(): canceling Tue Feb 04 17:56:19 UTC 2020
------------------ testing $PTII/ptolemy/domains/de/test/auto/OpenQueuingNetwork.xml
auto.tcl: Setting watchdog for 200 seconds at Tue Feb 04 17:56:19 UTC 2020
219 ms. Memory: 55296K Free: 24283K (44%)
ptolemy.util.test.WatchDog.cancel(): canceling Tue Feb 04 17:56:19 UTC 2020
auto.tcl: Setting watchdog for 200 seconds at Tue Feb 04 17:56:19 UTC 2020
220 ms. Memory: 55296K Free: 33977K (61%)
ptolemy.util.test.WatchDog.cancel(): canceling Tue Feb 04 17:56:19 UTC 2020
------------------ testing $PTII/ptolemy/domains/de/test/auto/PeriodicSampler.xml
auto.tcl: Setting watchdog for 200 seconds at Tue Feb 04 17:56:19 UTC 2020
2 ms. Memory: 55296K Free: 36594K (66%)
ptolemy.util.test.WatchDog.cancel(): canceling Tue Feb 04 17:56:19 UTC 2020
auto.tcl: Setting watchdog for 200 seconds at Tue Feb 04 17:56:19 UTC 2020
1 ms. Memory: 55296K Free: 35600K (64%)
ptolemy.util.test.WatchDog.cancel(): canceling Tue Feb 04 17:56:19 UTC 2020
------------------ testing $PTII/ptolemy/domains/de/test/auto/PersistentIO.xml
auto.tcl: Setting watchdog for 200 seconds at Tue Feb 04 17:56:20 UTC 2020
11 ms. Memory: 55296K Free: 31023K (56%)
ptolemy.util.test.WatchDog.cancel(): canceling Tue Feb 04 17:56:20 UTC 2020
auto.tcl: Setting watchdog for 200 seconds at Tue Feb 04 17:56:20 UTC 2020
4 ms. Memory: 55296K Free: 29519K (53%)
ptolemy.util.test.WatchDog.cancel(): canceling Tue Feb 04 17:56:20 UTC 2020
------------------ testing $PTII/ptolemy/domains/de/test/auto/PortParameterResetOnInitialize.xml
auto.tcl: Setting watchdog for 200 seconds at Tue Feb 04 17:56:20 UTC 2020
7 ms. Memory: 51200K Free: 31909K (62%)
ptolemy.util.test.WatchDog.cancel(): canceling Tue Feb 04 17:56:20 UTC 2020
auto.tcl: Setting watchdog for 200 seconds at Tue Feb 04 17:56:20 UTC 2020
2 ms. Memory: 51200K Free: 31431K (61%)
ptolemy.util.test.WatchDog.cancel(): canceling Tue Feb 04 17:56:20 UTC 2020
------------------ testing $PTII/ptolemy/domains/de/test/auto/PortParameterUpdates.xml
auto.tcl: Setting watchdog for 200 seconds at Tue Feb 04 17:56:20 UTC 2020
4 ms. Memory: 51200K Free: 30025K (59%)
ptolemy.util.test.WatchDog.cancel(): canceling Tue Feb 04 17:56:20 UTC 2020
auto.tcl: Setting watchdog for 200 seconds at Tue Feb 04 17:56:20 UTC 2020
5 ms. Memory: 51200K Free: 29016K (57%)
ptolemy.util.test.WatchDog.cancel(): canceling Tue Feb 04 17:56:20 UTC 2020
------------------ testing $PTII/ptolemy/domains/de/test/auto/QueueAndServer.xml
auto.tcl: Setting watchdog for 200 seconds at Tue Feb 04 17:56:20 UTC 2020
12 ms. Memory: 51200K Free: 28903K (56%)
ptolemy.util.test.WatchDog.cancel(): canceling Tue Feb 04 17:56:20 UTC 2020
auto.tcl: Setting watchdog for 200 seconds at Tue Feb 04 17:56:20 UTC 2020
5 ms. Memory: 51200K Free: 27463K (54%)
ptolemy.util.test.WatchDog.cancel(): canceling Tue Feb 04 17:56:20 UTC 2020
------------------ testing $PTII/ptolemy/domains/de/test/auto/Records.xml
auto.tcl: Setting watchdog for 200 seconds at Tue Feb 04 17:56:20 UTC 2020
5 ms. Memory: 51200K Free: 31179K (61%)
ptolemy.util.test.WatchDog.cancel(): canceling Tue Feb 04 17:56:20 UTC 2020
auto.tcl: Setting watchdog for 200 seconds at Tue Feb 04 17:56:20 UTC 2020
1 ms. Memory: 51200K Free: 30685K (60%)
ptolemy.util.test.WatchDog.cancel(): canceling Tue Feb 04 17:56:20 UTC 2020
------------------ testing $PTII/ptolemy/domains/de/test/auto/ResetTransitionWithStartTime1.xml
auto.tcl: Setting watchdog for 200 seconds at Tue Feb 04 17:56:20 UTC 2020
12 ms. Memory: 51200K Free: 28426K (56%)
ptolemy.util.test.WatchDog.cancel(): canceling Tue Feb 04 17:56:20 UTC 2020
auto.tcl: Setting watchdog for 200 seconds at Tue Feb 04 17:56:20 UTC 2020
10 ms. Memory: 51200K Free: 25882K (51%)
ptolemy.util.test.WatchDog.cancel(): canceling Tue Feb 04 17:56:20 UTC 2020
------------------ testing $PTII/ptolemy/domains/de/test/auto/ResetTransitionWithStartTime2.xml
auto.tcl: Setting watchdog for 200 seconds at Tue Feb 04 17:56:20 UTC 2020
6 ms. Memory: 51200K Free: 28382K (55%)
ptolemy.util.test.WatchDog.cancel(): canceling Tue Feb 04 17:56:20 UTC 2020
auto.tcl: Setting watchdog for 200 seconds at Tue Feb 04 17:56:20 UTC 2020
6 ms. Memory: 51200K Free: 26367K (51%)
ptolemy.util.test.WatchDog.cancel(): canceling Tue Feb 04 17:56:20 UTC 2020
------------------ testing $PTII/ptolemy/domains/de/test/auto/ResetTransitionWithStartTime3.xml
auto.tcl: Setting watchdog for 200 seconds at Tue Feb 04 17:56:20 UTC 2020
7 ms. Memory: 51200K Free: 28381K (55%)
ptolemy.util.test.WatchDog.cancel(): canceling Tue Feb 04 17:56:20 UTC 2020
auto.tcl: Setting watchdog for 200 seconds at Tue Feb 04 17:56:20 UTC 2020
4 ms. Memory: 51200K Free: 25822K (50%)
ptolemy.util.test.WatchDog.cancel(): canceling Tue Feb 04 17:56:20 UTC 2020
------------------ testing $PTII/ptolemy/domains/de/test/auto/ResetTransitionWithStartTime4.xml
auto.tcl: Setting watchdog for 200 seconds at Tue Feb 04 17:56:20 UTC 2020
7 ms. Memory: 51200K Free: 28787K (56%)
ptolemy.util.test.WatchDog.cancel(): canceling Tue Feb 04 17:56:20 UTC 2020
auto.tcl: Setting watchdog for 200 seconds at Tue Feb 04 17:56:20 UTC 2020
4 ms. Memory: 51200K Free: 27367K (53%)
ptolemy.util.test.WatchDog.cancel(): canceling Tue Feb 04 17:56:20 UTC 2020
------------------ testing $PTII/ptolemy/domains/de/test/auto/ResettableTimer1.xml
auto.tcl: Setting watchdog for 200 seconds at Tue Feb 04 17:56:20 UTC 2020
3 ms. Memory: 51200K Free: 32588K (64%)
ptolemy.util.test.WatchDog.cancel(): canceling Tue Feb 04 17:56:20 UTC 2020
auto.tcl: Setting watchdog for 200 seconds at Tue Feb 04 17:56:20 UTC 2020
2 ms. Memory: 51200K Free: 31948K (62%)
ptolemy.util.test.WatchDog.cancel(): canceling Tue Feb 04 17:56:20 UTC 2020
------------------ testing $PTII/ptolemy/domains/de/test/auto/ResettableTimer2.xml
auto.tcl: Setting watchdog for 200 seconds at Tue Feb 04 17:56:20 UTC 2020
2 ms. Memory: 51200K Free: 32638K (64%)
ptolemy.util.test.WatchDog.cancel(): canceling Tue Feb 04 17:56:20 UTC 2020
auto.tcl: Setting watchdog for 200 seconds at Tue Feb 04 17:56:20 UTC 2020
2 ms. Memory: 51200K Free: 31987K (62%)
ptolemy.util.test.WatchDog.cancel(): canceling Tue Feb 04 17:56:20 UTC 2020
------------------ testing $PTII/ptolemy/domains/de/test/auto/ResettableTimer3.xml
auto.tcl: Setting watchdog for 200 seconds at Tue Feb 04 17:56:20 UTC 2020
1 ms. Memory: 51200K Free: 33023K (64%)
ptolemy.util.test.WatchDog.cancel(): canceling Tue Feb 04 17:56:20 UTC 2020
auto.tcl: Setting watchdog for 200 seconds at Tue Feb 04 17:56:20 UTC 2020
2 ms. Memory: 51200K Free: 32529K (64%)
ptolemy.util.test.WatchDog.cancel(): canceling Tue Feb 04 17:56:20 UTC 2020
------------------ testing $PTII/ptolemy/domains/de/test/auto/ResettableTimer4.xml
auto.tcl: Setting watchdog for 200 seconds at Tue Feb 04 17:56:20 UTC 2020
1 ms. Memory: 51200K Free: 33037K (65%)
ptolemy.util.test.WatchDog.cancel(): canceling Tue Feb 04 17:56:20 UTC 2020
auto.tcl: Setting watchdog for 200 seconds at Tue Feb 04 17:56:20 UTC 2020
1 ms. Memory: 51200K Free: 32543K (64%)
ptolemy.util.test.WatchDog.cancel(): canceling Tue Feb 04 17:56:20 UTC 2020
------------------ testing $PTII/ptolemy/domains/de/test/auto/ResettableTimer5.xml
auto.tcl: Setting watchdog for 200 seconds at Tue Feb 04 17:56:21 UTC 2020
1 ms. Memory: 51200K Free: 32525K (64%)
ptolemy.util.test.WatchDog.cancel(): canceling Tue Feb 04 17:56:21 UTC 2020
auto.tcl: Setting watchdog for 200 seconds at Tue Feb 04 17:56:21 UTC 2020
1 ms. Memory: 51200K Free: 32029K (63%)
ptolemy.util.test.WatchDog.cancel(): canceling Tue Feb 04 17:56:21 UTC 2020
------------------ testing $PTII/ptolemy/domains/de/test/auto/ResettableTimer6.xml
auto.tcl: Setting watchdog for 200 seconds at Tue Feb 04 17:56:21 UTC 2020
1 ms. Memory: 51200K Free: 31972K (62%)
ptolemy.util.test.WatchDog.cancel(): canceling Tue Feb 04 17:56:21 UTC 2020
auto.tcl: Setting watchdog for 200 seconds at Tue Feb 04 17:56:21 UTC 2020
1 ms. Memory: 51200K Free: 31492K (62%)
ptolemy.util.test.WatchDog.cancel(): canceling Tue Feb 04 17:56:21 UTC 2020
------------------ testing $PTII/ptolemy/domains/de/test/auto/ServerZeroDelay.xml
auto.tcl: Setting watchdog for 200 seconds at Tue Feb 04 17:56:21 UTC 2020
4 ms. Memory: 51200K Free: 32507K (63%)
ptolemy.util.test.WatchDog.cancel(): canceling Tue Feb 04 17:56:21 UTC 2020
auto.tcl: Setting watchdog for 200 seconds at Tue Feb 04 17:56:21 UTC 2020
2 ms. Memory: 51200K Free: 31486K (61%)
ptolemy.util.test.WatchDog.cancel(): canceling Tue Feb 04 17:56:21 UTC 2020
------------------ testing $PTII/ptolemy/domains/de/test/auto/SmartSender.xml
auto.tcl: Setting watchdog for 200 seconds at Tue Feb 04 17:56:21 UTC 2020
3001 ms. Memory: 51200K Free: 32998K (64%)
ptolemy.util.test.WatchDog.cancel(): canceling Tue Feb 04 17:56:24 UTC 2020
auto.tcl: Setting watchdog for 200 seconds at Tue Feb 04 17:56:24 UTC 2020
3001 ms. Memory: 51200K Free: 32005K (63%)
ptolemy.util.test.WatchDog.cancel(): canceling Tue Feb 04 17:56:27 UTC 2020
------------------ testing $PTII/ptolemy/domains/de/test/auto/ThreadedComposite.xml
auto.tcl: Setting watchdog for 200 seconds at Tue Feb 04 17:56:27 UTC 2020
175 ms. Memory: 51200K Free: 14083K (28%)
ptolemy.util.test.WatchDog.cancel(): canceling Tue Feb 04 17:56:27 UTC 2020
auto.tcl: Setting watchdog for 200 seconds at Tue Feb 04 17:56:27 UTC 2020
214 ms. Memory: 61440K Free: 33061K (54%)
ptolemy.util.test.WatchDog.cancel(): canceling Tue Feb 04 17:56:27 UTC 2020
------------------ testing $PTII/ptolemy/domains/de/test/auto/Time.xml
auto.tcl: Setting watchdog for 200 seconds at Tue Feb 04 17:56:27 UTC 2020
403 ms. Memory: 51200K Free: 8127K (16%)
ptolemy.util.test.WatchDog.cancel(): canceling Tue Feb 04 17:56:28 UTC 2020
auto.tcl: Setting watchdog for 200 seconds at Tue Feb 04 17:56:28 UTC 2020
369 ms. Memory: 51200K Free: 14715K (29%)
ptolemy.util.test.WatchDog.cancel(): canceling Tue Feb 04 17:56:28 UTC 2020
------------------ testing $PTII/ptolemy/domains/de/test/auto/TimeDelayZeroDelay.xml
auto.tcl: Setting watchdog for 200 seconds at Tue Feb 04 17:56:28 UTC 2020
3 ms. Memory: 51200K Free: 32925K (64%)
ptolemy.util.test.WatchDog.cancel(): canceling Tue Feb 04 17:56:28 UTC 2020
auto.tcl: Setting watchdog for 200 seconds at Tue Feb 04 17:56:28 UTC 2020
2 ms. Memory: 51200K Free: 32429K (63%)
ptolemy.util.test.WatchDog.cancel(): canceling Tue Feb 04 17:56:28 UTC 2020
------------------ testing $PTII/ptolemy/domains/de/test/auto/TimerZeroDelay.xml
auto.tcl: Setting watchdog for 200 seconds at Tue Feb 04 17:56:28 UTC 2020
3 ms. Memory: 51200K Free: 32905K (64%)
ptolemy.util.test.WatchDog.cancel(): canceling Tue Feb 04 17:56:28 UTC 2020
auto.tcl: Setting watchdog for 200 seconds at Tue Feb 04 17:56:28 UTC 2020
2 ms. Memory: 51200K Free: 32063K (63%)
ptolemy.util.test.WatchDog.cancel(): canceling Tue Feb 04 17:56:28 UTC 2020
------------------ testing $PTII/ptolemy/domains/de/test/auto/TimingParadox.xml
auto.tcl: Setting watchdog for 200 seconds at Tue Feb 04 17:56:28 UTC 2020
297 ms. Memory: 51200K Free: 20613K (40%)
ptolemy.util.test.WatchDog.cancel(): canceling Tue Feb 04 17:56:29 UTC 2020
auto.tcl: Setting watchdog for 200 seconds at Tue Feb 04 17:56:29 UTC 2020
281 ms. Memory: 51200K Free: 12035K (24%)
ptolemy.util.test.WatchDog.cancel(): canceling Tue Feb 04 17:56:29 UTC 2020
------------------ testing $PTII/ptolemy/domains/de/test/auto/TransferInputs.xml
auto.tcl: Setting watchdog for 200 seconds at Tue Feb 04 17:56:29 UTC 2020
1 ms. Memory: 51200K Free: 30938K (60%)
ptolemy.util.test.WatchDog.cancel(): canceling Tue Feb 04 17:56:29 UTC 2020
auto.tcl: Setting watchdog for 200 seconds at Tue Feb 04 17:56:29 UTC 2020
2 ms. Memory: 51200K Free: 30058K (59%)
ptolemy.util.test.WatchDog.cancel(): canceling Tue Feb 04 17:56:29 UTC 2020
------------------ testing $PTII/ptolemy/domains/de/test/auto/TransferOutputs2.xml
auto.tcl: Setting watchdog for 200 seconds at Tue Feb 04 17:56:29 UTC 2020
2 ms. Memory: 51200K Free: 28381K (55%)
ptolemy.util.test.WatchDog.cancel(): canceling Tue Feb 04 17:56:29 UTC 2020
auto.tcl: Setting watchdog for 200 seconds at Tue Feb 04 17:56:29 UTC 2020
3 ms. Memory: 51200K Free: 26936K (53%)
ptolemy.util.test.WatchDog.cancel(): canceling Tue Feb 04 17:56:29 UTC 2020
------------------ testing $PTII/ptolemy/domains/de/test/auto/Trilateration.xml
auto.tcl: Setting watchdog for 200 seconds at Tue Feb 04 17:56:29 UTC 2020
11782 ms. Memory: 491520K Free: 352380K (72%)
ptolemy.util.test.WatchDog.cancel(): canceling Tue Feb 04 17:56:42 UTC 2020
auto.tcl: Setting watchdog for 200 seconds at Tue Feb 04 17:56:42 UTC 2020
8943 ms. Memory: 491520K Free: 333467K (68%)
ptolemy.util.test.WatchDog.cancel(): canceling Tue Feb 04 17:56:51 UTC 2020
------------------ testing $PTII/ptolemy/domains/de/test/auto/TwoSigmaDelta.xml
auto.tcl: Setting watchdog for 200 seconds at Tue Feb 04 17:56:51 UTC 2020
2348 ms. Memory: 92160K Free: 21434K (23%)
ptolemy.util.test.WatchDog.cancel(): canceling Tue Feb 04 17:56:53 UTC 2020
auto.tcl: Setting watchdog for 200 seconds at Tue Feb 04 17:56:53 UTC 2020
1686 ms. Memory: 92160K Free: 22436K (24%)
ptolemy.util.test.WatchDog.cancel(): canceling Tue Feb 04 17:56:55 UTC 2020
------------------ testing $PTII/ptolemy/domains/de/test/auto/VariableDelay.xml
auto.tcl: Setting watchdog for 200 seconds at Tue Feb 04 17:56:55 UTC 2020
3 ms. Memory: 55296K Free: 35530K (64%)
ptolemy.util.test.WatchDog.cancel(): canceling Tue Feb 04 17:56:55 UTC 2020
auto.tcl: Setting watchdog for 200 seconds at Tue Feb 04 17:56:55 UTC 2020
2 ms. Memory: 55296K Free: 34514K (62%)
ptolemy.util.test.WatchDog.cancel(): canceling Tue Feb 04 17:56:55 UTC 2020
------------------ testing $PTII/ptolemy/domains/de/test/auto/VariableDelay2.xml
auto.tcl: Setting watchdog for 200 seconds at Tue Feb 04 17:56:55 UTC 2020
2 ms. Memory: 55296K Free: 36493K (66%)
ptolemy.util.test.WatchDog.cancel(): canceling Tue Feb 04 17:56:55 UTC 2020
auto.tcl: Setting watchdog for 200 seconds at Tue Feb 04 17:56:55 UTC 2020
2 ms. Memory: 55296K Free: 35431K (64%)
ptolemy.util.test.WatchDog.cancel(): canceling Tue Feb 04 17:56:55 UTC 2020
------------------ testing $PTII/ptolemy/domains/de/test/auto/VariableDelayZeroDelay.xml
auto.tcl: Setting watchdog for 200 seconds at Tue Feb 04 17:56:55 UTC 2020
2 ms. Memory: 55296K Free: 36461K (66%)
ptolemy.util.test.WatchDog.cancel(): canceling Tue Feb 04 17:56:55 UTC 2020
auto.tcl: Setting watchdog for 200 seconds at Tue Feb 04 17:56:55 UTC 2020
2 ms. Memory: 55296K Free: 35942K (65%)
ptolemy.util.test.WatchDog.cancel(): canceling Tue Feb 04 17:56:55 UTC 2020
------------------ testing $PTII/ptolemy/domains/de/test/auto/VariableDelayZeroDelay2.xml
auto.tcl: Setting watchdog for 200 seconds at Tue Feb 04 17:56:56 UTC 2020
2 ms. Memory: 51200K Free: 32359K (63%)
ptolemy.util.test.WatchDog.cancel(): canceling Tue Feb 04 17:56:56 UTC 2020
auto.tcl: Setting watchdog for 200 seconds at Tue Feb 04 17:56:56 UTC 2020
2 ms. Memory: 51200K Free: 31335K (61%)
ptolemy.util.test.WatchDog.cancel(): canceling Tue Feb 04 17:56:56 UTC 2020
------------------ testing $PTII/ptolemy/domains/de/test/auto/deInCt.xml
auto.tcl: Setting watchdog for 200 seconds at Tue Feb 04 17:56:56 UTC 2020
0
1
1
1
1
1
1
1
0
0
0
1
1
1
0
0
0
1
1
0
0
1
1
1
0
0
0
0
1
1
1
1
1
8 ms. Memory: 51200K Free: 31331K (61%)
ptolemy.util.test.WatchDog.cancel(): canceling Tue Feb 04 17:56:56 UTC 2020
auto.tcl: Setting watchdog for 200 seconds at Tue Feb 04 17:56:56 UTC 2020
0
1
1
1
1
0
0
0
1
1
1
1
0
0
0
0
0
1
1
1
0
0
0
1
1
1
0
0
0
1
1
1
1
7 ms. Memory: 51200K Free: 29808K (58%)
ptolemy.util.test.WatchDog.cancel(): canceling Tue Feb 04 17:56:56 UTC 2020
------------------ testing $PTII/ptolemy/domains/de/test/auto/deInCt2.xml
auto.tcl: Setting watchdog for 200 seconds at Tue Feb 04 17:56:56 UTC 2020
0
1
1
1
0
0
1
1
1
0
0
1
1
1
0
0
1
1
1
0
0
1
1
1
0
0
1
1
1
0
0
1
1
1
0
0
1
1
1
0
0
0
8 ms. Memory: 51200K Free: 31332K (61%)
ptolemy.util.test.WatchDog.cancel(): canceling Tue Feb 04 17:56:56 UTC 2020
auto.tcl: Setting watchdog for 200 seconds at Tue Feb 04 17:56:56 UTC 2020
0
1
1
1
0
0
1
1
1
0
0
1
1
1
0
0
1
1
1
0
0
1
1
1
0
0
1
1
1
0
0
1
1
1
0
0
1
1
1
0
0
0
4 ms. Memory: 51200K Free: 29780K (58%)
ptolemy.util.test.WatchDog.cancel(): canceling Tue Feb 04 17:56:56 UTC 2020
------------------ testing $PTII/ptolemy/domains/de/test/auto/dynamicCausalityInterface1.xml
auto.tcl: Setting watchdog for 200 seconds at Tue Feb 04 17:56:56 UTC 2020
2 ms. Memory: 51200K Free: 27231K (53%)
ptolemy.util.test.WatchDog.cancel(): canceling Tue Feb 04 17:56:56 UTC 2020
auto.tcl: Setting watchdog for 200 seconds at Tue Feb 04 17:56:56 UTC 2020
1 ms. Memory: 51200K Free: 26731K (52%)
ptolemy.util.test.WatchDog.cancel(): canceling Tue Feb 04 17:56:56 UTC 2020
------------------ testing $PTII/ptolemy/domains/de/test/auto/fsm_de_test.xml
auto.tcl: Setting watchdog for 200 seconds at Tue Feb 04 17:56:56 UTC 2020
10 ms. Memory: 51200K Free: 27129K (53%)
ptolemy.util.test.WatchDog.cancel(): canceling Tue Feb 04 17:56:56 UTC 2020
auto.tcl: Setting watchdog for 200 seconds at Tue Feb 04 17:56:56 UTC 2020
6 ms. Memory: 51200K Free: 25094K (49%)
ptolemy.util.test.WatchDog.cancel(): canceling Tue Feb 04 17:56:56 UTC 2020
------------------ testing $PTII/ptolemy/domains/de/test/auto/functionDependencyReconstruction.xml
auto.tcl: Setting watchdog for 200 seconds at Tue Feb 04 17:56:56 UTC 2020
3 ms. Memory: 51200K Free: 21097K (41%)
ptolemy.util.test.WatchDog.cancel(): canceling Tue Feb 04 17:56:56 UTC 2020
auto.tcl: Setting watchdog for 200 seconds at Tue Feb 04 17:56:56 UTC 2020
3 ms. Memory: 51200K Free: 19422K (38%)
ptolemy.util.test.WatchDog.cancel(): canceling Tue Feb 04 17:56:56 UTC 2020
------------------ testing $PTII/ptolemy/domains/de/test/auto/multirate.xml
auto.tcl: Setting watchdog for 200 seconds at Tue Feb 04 17:56:56 UTC 2020
3 ms. Memory: 51200K Free: 29703K (58%)
ptolemy.util.test.WatchDog.cancel(): canceling Tue Feb 04 17:56:56 UTC 2020
auto.tcl: Setting watchdog for 200 seconds at Tue Feb 04 17:56:56 UTC 2020
2 ms. Memory: 51200K Free: 28024K (55%)
ptolemy.util.test.WatchDog.cancel(): canceling Tue Feb 04 17:56:56 UTC 2020
------------------ testing $PTII/ptolemy/domains/de/test/auto/multirate2.xml
auto.tcl: Setting watchdog for 200 seconds at Tue Feb 04 17:56:56 UTC 2020
7 ms. Memory: 51200K Free: 29925K (58%)
ptolemy.util.test.WatchDog.cancel(): canceling Tue Feb 04 17:56:56 UTC 2020
auto.tcl: Setting watchdog for 200 seconds at Tue Feb 04 17:56:56 UTC 2020
3 ms. Memory: 51200K Free: 28702K (56%)
ptolemy.util.test.WatchDog.cancel(): canceling Tue Feb 04 17:56:56 UTC 2020
------------------ testing $PTII/ptolemy/domains/de/test/auto/realtime.xml
auto.tcl: Setting watchdog for 200 seconds at Tue Feb 04 17:56:56 UTC 2020
10001 ms. Memory: 51200K Free: 32012K (63%)
ptolemy.util.test.WatchDog.cancel(): canceling Tue Feb 04 17:57:06 UTC 2020
auto.tcl: Setting watchdog for 200 seconds at Tue Feb 04 17:57:06 UTC 2020
10001 ms. Memory: 51200K Free: 31277K (61%)
ptolemy.util.test.WatchDog.cancel(): canceling Tue Feb 04 17:57:16 UTC 2020
------------------ testing $PTII/ptolemy/domains/de/test/auto/relationGroup.xml
auto.tcl: Setting watchdog for 200 seconds at Tue Feb 04 17:57:16 UTC 2020
2 ms. Memory: 51200K Free: 33061K (65%)
ptolemy.util.test.WatchDog.cancel(): canceling Tue Feb 04 17:57:16 UTC 2020
auto.tcl: Setting watchdog for 200 seconds at Tue Feb 04 17:57:16 UTC 2020
2 ms. Memory: 51200K Free: 32326K (63%)
ptolemy.util.test.WatchDog.cancel(): canceling Tue Feb 04 17:57:16 UTC 2020
------------------ testing $PTII/ptolemy/domains/de/test/auto/relationGroup2.xml
auto.tcl: Setting watchdog for 200 seconds at Tue Feb 04 17:57:16 UTC 2020
1 ms. Memory: 51200K Free: 33118K (65%)
ptolemy.util.test.WatchDog.cancel(): canceling Tue Feb 04 17:57:16 UTC 2020
auto.tcl: Setting watchdog for 200 seconds at Tue Feb 04 17:57:16 UTC 2020
2 ms. Memory: 51200K Free: 32382K (63%)
ptolemy.util.test.WatchDog.cancel(): canceling Tue Feb 04 17:57:16 UTC 2020
------------------ testing $PTII/ptolemy/domains/de/test/auto/sortWithOpaquePorts.xml
auto.tcl: Setting watchdog for 200 seconds at Tue Feb 04 17:57:16 UTC 2020
1 ms. Memory: 51200K Free: 31724K (62%)
ptolemy.util.test.WatchDog.cancel(): canceling Tue Feb 04 17:57:16 UTC 2020
auto.tcl: Setting watchdog for 200 seconds at Tue Feb 04 17:57:16 UTC 2020
2 ms. Memory: 51200K Free: 30830K (60%)
ptolemy.util.test.WatchDog.cancel(): canceling Tue Feb 04 17:57:16 UTC 2020
------------------ testing $PTII/ptolemy/domains/de/test/auto/transferInputsandOutputs.xml
auto.tcl: Setting watchdog for 200 seconds at Tue Feb 04 17:57:16 UTC 2020
2 ms. Memory: 51200K Free: 29298K (57%)
ptolemy.util.test.WatchDog.cancel(): canceling Tue Feb 04 17:57:16 UTC 2020
auto.tcl: Setting watchdog for 200 seconds at Tue Feb 04 17:57:16 UTC 2020
2 ms. Memory: 51200K Free: 28274K (55%)
ptolemy.util.test.WatchDog.cancel(): canceling Tue Feb 04 17:57:16 UTC 2020
------------------ testing $PTII/ptolemy/domains/de/test/auto/triggerType.xml
auto.tcl: Setting watchdog for 200 seconds at Tue Feb 04 17:57:16 UTC 2020
2 ms. Memory: 51200K Free: 32324K (63%)
ptolemy.util.test.WatchDog.cancel(): canceling Tue Feb 04 17:57:16 UTC 2020
auto.tcl: Setting watchdog for 200 seconds at Tue Feb 04 17:57:16 UTC 2020
1 ms. Memory: 51200K Free: 31300K (61%)
ptolemy.util.test.WatchDog.cancel(): canceling Tue Feb 04 17:57:16 UTC 2020
02/04/20 05:57:17
Failed: 0  Total Tests: 192  ((Passed: 187, Newly Passed: 1)  Known Failed: 5) /home/travis/build/icyphy/ptII/ptolemy/domains/de/test
02/04/20 05:57:17
Failed: 0  Total Tests: 192  ((Passed: 187, Newly Passed: 1)  Known Failed: 5) /home/travis/build/icyphy/ptII/ptolemy/domains/de/test
----------------- testing (KnownFailure) /home/travis/build/icyphy/ptII/ptolemy/domains/de/test/auto/knownFailedTests/DESDFClockTest.xml
2011 ms. Memory: 51200K Free: 25718K (50%)
Known Failure: java.lang.reflect.InvocationTargetException
----------------- testing (KnownFailure) /home/travis/build/icyphy/ptII/ptolemy/domains/de/test/auto/knownFailedTests/DirectFeedback.xml
1 ms. Memory: 51200K Free: 22136K (43%)
Known Failure: java.lang.reflect.InvocationTargetException
----------------- testing (KnownFailure) /home/travis/build/icyphy/ptII/ptolemy/domains/de/test/auto/knownFailedTests/FSMSource.xml
9 ms. Memory: 51200K Free: 14454K (28%)
----------------- testing (KnownFailure) /home/travis/build/icyphy/ptII/ptolemy/domains/de/test/auto/knownFailedTests/HierarchicalModel.xml
2 ms. Memory: 51200K Free: 26821K (52%)
Known Failure: java.lang.reflect.InvocationTargetException
----------------- testing (KnownFailure) /home/travis/build/icyphy/ptII/ptolemy/domains/de/test/auto/knownFailedTests/dependencyLoop.xml
2 ms. Memory: 51200K Free: 11884K (23%)
Known Failure: java.lang.reflect.InvocationTargetException
----------------- testing (KnownFailure) /home/travis/build/icyphy/ptII/ptolemy/domains/de/test/auto/knownFailedTests/dependencyLoop2.xml
7 ms. Memory: 51200K Free: 24663K (48%)
Known Failure: java.lang.reflect.InvocationTargetException
No auto/linux-amd64/*.xml tests in /home/travis/build/icyphy/ptII/ptolemy/domains/de/test
AutoTests.java: About to close Vertx.
AutoTests.java: Vertx closed.

===========================================================================================
----------------- testing Tue Feb 04 17:57:19 UTC 2020 /home/travis/build/icyphy/ptII/ptolemy/domains/de/test/auto/ActorDepthCalculation_actorWithoutPorts.xml
----------------- Instantiating /home/travis/build/icyphy/ptII/ptolemy/domains/de/test/auto/ActorDepthCalculation_actorWithoutPorts.xml
2 ms. Memory: 51200K Free: 17886K (35%)
----------------- Invoking toplevel() on ptolemy.moml.MoMLSimpleApplication@541cd17b
----------------- Done invoking toplevel() on ptolemy.moml.MoMLSimpleApplication@541cd17b
reloadAllAccessors: .ActorDepthCalculation_actorWithoutPorts

===========================================================================================
----------------- testing Tue Feb 04 17:57:19 UTC 2020 /home/travis/build/icyphy/ptII/ptolemy/domains/de/test/auto/AssemblyLine.xml
----------------- Instantiating /home/travis/build/icyphy/ptII/ptolemy/domains/de/test/auto/AssemblyLine.xml
3 ms. Memory: 51200K Free: 10463K (20%)
----------------- Invoking toplevel() on ptolemy.moml.MoMLSimpleApplication@2326e9b4
----------------- Done invoking toplevel() on ptolemy.moml.MoMLSimpleApplication@2326e9b4
reloadAllAccessors: .AssemblyLine

===========================================================================================
----------------- testing Tue Feb 04 17:57:19 UTC 2020 /home/travis/build/icyphy/ptII/ptolemy/domains/de/test/auto/CQBug1.xml
----------------- Instantiating /home/travis/build/icyphy/ptII/ptolemy/domains/de/test/auto/CQBug1.xml
1 ms. Memory: 51200K Free: 35370K (69%)
----------------- Invoking toplevel() on ptolemy.moml.MoMLSimpleApplication@33bd4919
----------------- Done invoking toplevel() on ptolemy.moml.MoMLSimpleApplication@33bd4919
reloadAllAccessors: .CQBug1

===========================================================================================
----------------- testing Tue Feb 04 17:57:19 UTC 2020 /home/travis/build/icyphy/ptII/ptolemy/domains/de/test/auto/CancelFireAt.xml
----------------- Instantiating /home/travis/build/icyphy/ptII/ptolemy/domains/de/test/auto/CancelFireAt.xml
0 ms. Memory: 51200K Free: 32772K (64%)
----------------- Invoking toplevel() on ptolemy.moml.MoMLSimpleApplication@24352f4
----------------- Done invoking toplevel() on ptolemy.moml.MoMLSimpleApplication@24352f4
reloadAllAccessors: .CancelFireAt

===========================================================================================
----------------- testing Tue Feb 04 17:57:19 UTC 2020 /home/travis/build/icyphy/ptII/ptolemy/domains/de/test/auto/CausalityAndComposabilityAnalysis.xml
----------------- Instantiating /home/travis/build/icyphy/ptII/ptolemy/domains/de/test/auto/CausalityAndComposabilityAnalysis.xml
2 ms. Memory: 51200K Free: 28400K (55%)
----------------- Invoking toplevel() on ptolemy.moml.MoMLSimpleApplication@52c98711
----------------- Done invoking toplevel() on ptolemy.moml.MoMLSimpleApplication@52c98711
reloadAllAccessors: .CausalityAndComposabilityAnalysis

===========================================================================================
----------------- testing Tue Feb 04 17:57:19 UTC 2020 /home/travis/build/icyphy/ptII/ptolemy/domains/de/test/auto/CausalityInterface1.xml
----------------- Instantiating /home/travis/build/icyphy/ptII/ptolemy/domains/de/test/auto/CausalityInterface1.xml
6 ms. Memory: 51200K Free: 23312K (46%)
----------------- Invoking toplevel() on ptolemy.moml.MoMLSimpleApplication@2b4690b4
----------------- Done invoking toplevel() on ptolemy.moml.MoMLSimpleApplication@2b4690b4
reloadAllAccessors: .CausalityInterface1

===========================================================================================
----------------- testing Tue Feb 04 17:57:19 UTC 2020 /home/travis/build/icyphy/ptII/ptolemy/domains/de/test/auto/CausalityInterface15.xml
----------------- Instantiating /home/travis/build/icyphy/ptII/ptolemy/domains/de/test/auto/CausalityInterface15.xml
2 ms. Memory: 51200K Free: 17905K (35%)
----------------- Invoking toplevel() on ptolemy.moml.MoMLSimpleApplication@71874c52
----------------- Done invoking toplevel() on ptolemy.moml.MoMLSimpleApplication@71874c52
reloadAllAccessors: .CausalityInterface15

===========================================================================================
----------------- testing Tue Feb 04 17:57:19 UTC 2020 /home/travis/build/icyphy/ptII/ptolemy/domains/de/test/auto/CausalityInterface2.xml
----------------- Instantiating /home/travis/build/icyphy/ptII/ptolemy/domains/de/test/auto/CausalityInterface2.xml
1 ms. Memory: 51200K Free: 13332K (26%)
----------------- Invoking toplevel() on ptolemy.moml.MoMLSimpleApplication@14d4511c
----------------- Done invoking toplevel() on ptolemy.moml.MoMLSimpleApplication@14d4511c
reloadAllAccessors: .CausalityInterface2

===========================================================================================
----------------- testing Tue Feb 04 17:57:19 UTC 2020 /home/travis/build/icyphy/ptII/ptolemy/domains/de/test/auto/CausalityInterface3.xml
----------------- Instantiating /home/travis/build/icyphy/ptII/ptolemy/domains/de/test/auto/CausalityInterface3.xml
2 ms. Memory: 51200K Free: 8521K (17%)
----------------- Invoking toplevel() on ptolemy.moml.MoMLSimpleApplication@7904546f
----------------- Done invoking toplevel() on ptolemy.moml.MoMLSimpleApplication@7904546f
reloadAllAccessors: .CausalityInterface3

===========================================================================================
----------------- testing Tue Feb 04 17:57:19 UTC 2020 /home/travis/build/icyphy/ptII/ptolemy/domains/de/test/auto/ClockDrift.xml
----------------- Instantiating /home/travis/build/icyphy/ptII/ptolemy/domains/de/test/auto/ClockDrift.xml
14 ms. Memory: 51200K Free: 24144K (47%)
----------------- Invoking toplevel() on ptolemy.moml.MoMLSimpleApplication@4936d619
----------------- Done invoking toplevel() on ptolemy.moml.MoMLSimpleApplication@4936d619
reloadAllAccessors: .ClockDrift

===========================================================================================
----------------- testing Tue Feb 04 17:57:19 UTC 2020 /home/travis/build/icyphy/ptII/ptolemy/domains/de/test/auto/ClockDriftAndValueChange.xml
----------------- Instantiating /home/travis/build/icyphy/ptII/ptolemy/domains/de/test/auto/ClockDriftAndValueChange.xml
9 ms. Memory: 51200K Free: 12409K (24%)
----------------- Invoking toplevel() on ptolemy.moml.MoMLSimpleApplication@6324d9a9
----------------- Done invoking toplevel() on ptolemy.moml.MoMLSimpleApplication@6324d9a9
reloadAllAccessors: .ClockDriftAndValueChange

===========================================================================================
----------------- testing Tue Feb 04 17:57:19 UTC 2020 /home/travis/build/icyphy/ptII/ptolemy/domains/de/test/auto/ClockDriftChange.xml
----------------- Instantiating /home/travis/build/icyphy/ptII/ptolemy/domains/de/test/auto/ClockDriftChange.xml
8 ms. Memory: 51200K Free: 30072K (59%)
----------------- Invoking toplevel() on ptolemy.moml.MoMLSimpleApplication@469788fd
----------------- Done invoking toplevel() on ptolemy.moml.MoMLSimpleApplication@469788fd
reloadAllAccessors: .ClockDriftChange

===========================================================================================
----------------- testing Tue Feb 04 17:57:19 UTC 2020 /home/travis/build/icyphy/ptII/ptolemy/domains/de/test/auto/ComposableCausalityAnalysis.xml
----------------- Instantiating /home/travis/build/icyphy/ptII/ptolemy/domains/de/test/auto/ComposableCausalityAnalysis.xml
1 ms. Memory: 51200K Free: 24118K (47%)
----------------- Invoking toplevel() on ptolemy.moml.MoMLSimpleApplication@4a208b27
----------------- Done invoking toplevel() on ptolemy.moml.MoMLSimpleApplication@4a208b27
reloadAllAccessors: .ComposableCausalityAnalysis

===========================================================================================
----------------- testing Tue Feb 04 17:57:19 UTC 2020 /home/travis/build/icyphy/ptII/ptolemy/domains/de/test/auto/DEFixedPointLimitation.xml
----------------- Instantiating /home/travis/build/icyphy/ptII/ptolemy/domains/de/test/auto/DEFixedPointLimitation.xml
0 ms. Memory: 51200K Free: 19639K (38%)
----------------- Invoking toplevel() on ptolemy.moml.MoMLSimpleApplication@4f07e855
----------------- Done invoking toplevel() on ptolemy.moml.MoMLSimpleApplication@4f07e855
reloadAllAccessors: .DEFixedPointLimitation

===========================================================================================
----------------- testing Tue Feb 04 17:57:19 UTC 2020 /home/travis/build/icyphy/ptII/ptolemy/domains/de/test/auto/DEScheduleTest.xml
----------------- Instantiating /home/travis/build/icyphy/ptII/ptolemy/domains/de/test/auto/DEScheduleTest.xml
2 ms. Memory: 51200K Free: 15235K (30%)
----------------- Invoking toplevel() on ptolemy.moml.MoMLSimpleApplication@75577754
----------------- Done invoking toplevel() on ptolemy.moml.MoMLSimpleApplication@75577754
reloadAllAccessors: .DEScheduleTest

===========================================================================================
----------------- testing Tue Feb 04 17:57:19 UTC 2020 /home/travis/build/icyphy/ptII/ptolemy/domains/de/test/auto/DEinDEwithStartTimes.xml
----------------- Instantiating /home/travis/build/icyphy/ptII/ptolemy/domains/de/test/auto/DEinDEwithStartTimes.xml
1 ms. Memory: 51200K Free: 9399K (18%)
----------------- Invoking toplevel() on ptolemy.moml.MoMLSimpleApplication@2ff636f
----------------- Done invoking toplevel() on ptolemy.moml.MoMLSimpleApplication@2ff636f
reloadAllAccessors: .DEinDEwithStartTimes

===========================================================================================
----------------- testing Tue Feb 04 17:57:19 UTC 2020 /home/travis/build/icyphy/ptII/ptolemy/domains/de/test/auto/DEinDEwithStartTimes2.xml
----------------- Instantiating /home/travis/build/icyphy/ptII/ptolemy/domains/de/test/auto/DEinDEwithStartTimes2.xml
4 ms. Memory: 51200K Free: 30679K (60%)
----------------- Invoking toplevel() on ptolemy.moml.MoMLSimpleApplication@55bbd884
----------------- Done invoking toplevel() on ptolemy.moml.MoMLSimpleApplication@55bbd884
reloadAllAccessors: .DEinDEwithStartTimes2

===========================================================================================
----------------- testing Tue Feb 04 17:57:19 UTC 2020 /home/travis/build/icyphy/ptII/ptolemy/domains/de/test/auto/DateDemo.xml
----------------- Instantiating /home/travis/build/icyphy/ptII/ptolemy/domains/de/test/auto/DateDemo.xml
7 ms. Memory: 51200K Free: 19624K (38%)
----------------- Invoking toplevel() on ptolemy.moml.MoMLSimpleApplication@7e0e4b7e
----------------- Done invoking toplevel() on ptolemy.moml.MoMLSimpleApplication@7e0e4b7e
reloadAllAccessors: .DateDemo

===========================================================================================
----------------- testing Tue Feb 04 17:57:19 UTC 2020 /home/travis/build/icyphy/ptII/ptolemy/domains/de/test/auto/DateToEvent.xml
----------------- Instantiating /home/travis/build/icyphy/ptII/ptolemy/domains/de/test/auto/DateToEvent.xml
2003 ms. Memory: 51200K Free: 30370K (59%)
----------------- Invoking toplevel() on ptolemy.moml.MoMLSimpleApplication@2aae8a3f
----------------- Done invoking toplevel() on ptolemy.moml.MoMLSimpleApplication@2aae8a3f
reloadAllAccessors: .DateToEvent

===========================================================================================
----------------- testing Tue Feb 04 17:57:21 UTC 2020 /home/travis/build/icyphy/ptII/ptolemy/domains/de/test/auto/DepthTest1.xml
----------------- Instantiating /home/travis/build/icyphy/ptII/ptolemy/domains/de/test/auto/DepthTest1.xml
1 ms. Memory: 51200K Free: 27565K (54%)
----------------- Invoking toplevel() on ptolemy.moml.MoMLSimpleApplication@1807afe
----------------- Done invoking toplevel() on ptolemy.moml.MoMLSimpleApplication@1807afe
reloadAllAccessors: .DepthTest1

===========================================================================================
----------------- testing Tue Feb 04 17:57:21 UTC 2020 /home/travis/build/icyphy/ptII/ptolemy/domains/de/test/auto/DepthTest2.xml
----------------- Instantiating /home/travis/build/icyphy/ptII/ptolemy/domains/de/test/auto/DepthTest2.xml
1 ms. Memory: 51200K Free: 21333K (42%)
----------------- Invoking toplevel() on ptolemy.moml.MoMLSimpleApplication@7385cabb
----------------- Done invoking toplevel() on ptolemy.moml.MoMLSimpleApplication@7385cabb
reloadAllAccessors: .DepthTest2

===========================================================================================
----------------- testing Tue Feb 04 17:57:21 UTC 2020 /home/travis/build/icyphy/ptII/ptolemy/domains/de/test/auto/DepthTest3.xml
----------------- Instantiating /home/travis/build/icyphy/ptII/ptolemy/domains/de/test/auto/DepthTest3.xml
8 ms. Memory: 51200K Free: 18341K (36%)
----------------- Invoking toplevel() on ptolemy.moml.MoMLSimpleApplication@331dc242
----------------- Done invoking toplevel() on ptolemy.moml.MoMLSimpleApplication@331dc242
reloadAllAccessors: .DepthTest3

===========================================================================================
----------------- testing Tue Feb 04 17:57:21 UTC 2020 /home/travis/build/icyphy/ptII/ptolemy/domains/de/test/auto/DepthTest4.xml
----------------- Instantiating /home/travis/build/icyphy/ptII/ptolemy/domains/de/test/auto/DepthTest4.xml
1 ms. Memory: 51200K Free: 13576K (27%)
----------------- Invoking toplevel() on ptolemy.moml.MoMLSimpleApplication@2604ff08
----------------- Done invoking toplevel() on ptolemy.moml.MoMLSimpleApplication@2604ff08
reloadAllAccessors: .DepthTest4

===========================================================================================
----------------- testing Tue Feb 04 17:57:21 UTC 2020 /home/travis/build/icyphy/ptII/ptolemy/domains/de/test/auto/DepthTest5.xml
----------------- Instantiating /home/travis/build/icyphy/ptII/ptolemy/domains/de/test/auto/DepthTest5.xml
5 ms. Memory: 51200K Free: 35285K (69%)
----------------- Invoking toplevel() on ptolemy.moml.MoMLSimpleApplication@2959c1b
----------------- Done invoking toplevel() on ptolemy.moml.MoMLSimpleApplication@2959c1b
reloadAllAccessors: .DepthTest5

===========================================================================================
----------------- testing Tue Feb 04 17:57:21 UTC 2020 /home/travis/build/icyphy/ptII/ptolemy/domains/de/test/auto/DepthTest6.xml
----------------- Instantiating /home/travis/build/icyphy/ptII/ptolemy/domains/de/test/auto/DepthTest6.xml
1 ms. Memory: 51200K Free: 29941K (58%)
----------------- Invoking toplevel() on ptolemy.moml.MoMLSimpleApplication@3d343148
----------------- Done invoking toplevel() on ptolemy.moml.MoMLSimpleApplication@3d343148
reloadAllAccessors: .DepthTest6

===========================================================================================
----------------- testing Tue Feb 04 17:57:21 UTC 2020 /home/travis/build/icyphy/ptII/ptolemy/domains/de/test/auto/DepthTest7.xml
----------------- Instantiating /home/travis/build/icyphy/ptII/ptolemy/domains/de/test/auto/DepthTest7.xml
2 ms. Memory: 51200K Free: 25045K (49%)
----------------- Invoking toplevel() on ptolemy.moml.MoMLSimpleApplication@1ca8d67a
----------------- Done invoking toplevel() on ptolemy.moml.MoMLSimpleApplication@1ca8d67a
reloadAllAccessors: .DepthTest7

===========================================================================================
----------------- testing Tue Feb 04 17:57:21 UTC 2020 /home/travis/build/icyphy/ptII/ptolemy/domains/de/test/auto/EventToDate.xml
----------------- Instantiating /home/travis/build/icyphy/ptII/ptolemy/domains/de/test/auto/EventToDate.xml
3017 ms. Memory: 51200K Free: 11525K (23%)
----------------- Invoking toplevel() on ptolemy.moml.MoMLSimpleApplication@3d0825a
----------------- Done invoking toplevel() on ptolemy.moml.MoMLSimpleApplication@3d0825a
reloadAllAccessors: .EventToDate

===========================================================================================
----------------- testing Tue Feb 04 17:57:24 UTC 2020 /home/travis/build/icyphy/ptII/ptolemy/domains/de/test/auto/FSM1.xml
----------------- Instantiating /home/travis/build/icyphy/ptII/ptolemy/domains/de/test/auto/FSM1.xml
11 ms. Memory: 51200K Free: 26119K (51%)
----------------- Invoking toplevel() on ptolemy.moml.MoMLSimpleApplication@498760de
----------------- Done invoking toplevel() on ptolemy.moml.MoMLSimpleApplication@498760de
reloadAllAccessors: .FSM1

===========================================================================================
----------------- testing Tue Feb 04 17:57:24 UTC 2020 /home/travis/build/icyphy/ptII/ptolemy/domains/de/test/auto/FSM7.xml
----------------- Instantiating /home/travis/build/icyphy/ptII/ptolemy/domains/de/test/auto/FSM7.xml
16 ms. Memory: 51200K Free: 13861K (27%)
----------------- Invoking toplevel() on ptolemy.moml.MoMLSimpleApplication@340e584e
----------------- Done invoking toplevel() on ptolemy.moml.MoMLSimpleApplication@340e584e
reloadAllAccessors: .FSM7

===========================================================================================
----------------- testing Tue Feb 04 17:57:24 UTC 2020 /home/travis/build/icyphy/ptII/ptolemy/domains/de/test/auto/Inspection.xml
----------------- Instantiating /home/travis/build/icyphy/ptII/ptolemy/domains/de/test/auto/Inspection.xml
12 ms. Memory: 51200K Free: 28315K (55%)
----------------- Invoking toplevel() on ptolemy.moml.MoMLSimpleApplication@3a1b45ef
----------------- Done invoking toplevel() on ptolemy.moml.MoMLSimpleApplication@3a1b45ef
reloadAllAccessors: .Inspection

===========================================================================================
----------------- testing Tue Feb 04 17:57:24 UTC 2020 /home/travis/build/icyphy/ptII/ptolemy/domains/de/test/auto/Iteration.xml
----------------- Instantiating /home/travis/build/icyphy/ptII/ptolemy/domains/de/test/auto/Iteration.xml
12 ms. Memory: 51200K Free: 21521K (42%)
----------------- Invoking toplevel() on ptolemy.moml.MoMLSimpleApplication@11356c6
----------------- Done invoking toplevel() on ptolemy.moml.MoMLSimpleApplication@11356c6
reloadAllAccessors: .Iteration

===========================================================================================
----------------- testing Tue Feb 04 17:57:24 UTC 2020 /home/travis/build/icyphy/ptII/ptolemy/domains/de/test/auto/LineFault.xml
----------------- Instantiating /home/travis/build/icyphy/ptII/ptolemy/domains/de/test/auto/LineFault.xml
394 ms. Memory: 51200K Free: 12687K (25%)
----------------- Invoking toplevel() on ptolemy.moml.MoMLSimpleApplication@2339b674
----------------- Done invoking toplevel() on ptolemy.moml.MoMLSimpleApplication@2339b674
reloadAllAccessors: .LineFault

===========================================================================================
----------------- testing Tue Feb 04 17:57:25 UTC 2020 /home/travis/build/icyphy/ptII/ptolemy/domains/de/test/auto/MergeModel1Add.xml
----------------- Instantiating /home/travis/build/icyphy/ptII/ptolemy/domains/de/test/auto/MergeModel1Add.xml
4 ms. Memory: 51200K Free: 19334K (38%)
----------------- Invoking toplevel() on ptolemy.moml.MoMLSimpleApplication@7f27070b
----------------- Done invoking toplevel() on ptolemy.moml.MoMLSimpleApplication@7f27070b
reloadAllAccessors: .MergeModel1Add

===========================================================================================
----------------- testing Tue Feb 04 17:57:25 UTC 2020 /home/travis/build/icyphy/ptII/ptolemy/domains/de/test/auto/MergeModel2Add.xml
----------------- Instantiating /home/travis/build/icyphy/ptII/ptolemy/domains/de/test/auto/MergeModel2Add.xml
4 ms. Memory: 51200K Free: 26612K (52%)
----------------- Invoking toplevel() on ptolemy.moml.MoMLSimpleApplication@6c94ac1e
----------------- Done invoking toplevel() on ptolemy.moml.MoMLSimpleApplication@6c94ac1e
reloadAllAccessors: .MergeModel2Add

===========================================================================================
----------------- testing Tue Feb 04 17:57:25 UTC 2020 /home/travis/build/icyphy/ptII/ptolemy/domains/de/test/auto/MergeModel3Add.xml
----------------- Instantiating /home/travis/build/icyphy/ptII/ptolemy/domains/de/test/auto/MergeModel3Add.xml
4 ms. Memory: 51200K Free: 33449K (65%)
----------------- Invoking toplevel() on ptolemy.moml.MoMLSimpleApplication@2c1a8aec
----------------- Done invoking toplevel() on ptolemy.moml.MoMLSimpleApplication@2c1a8aec
reloadAllAccessors: .MergeModel3Add

===========================================================================================
----------------- testing Tue Feb 04 17:57:25 UTC 2020 /home/travis/build/icyphy/ptII/ptolemy/domains/de/test/auto/MergeWithoutDiscard.xml
----------------- Instantiating /home/travis/build/icyphy/ptII/ptolemy/domains/de/test/auto/MergeWithoutDiscard.xml
1 ms. Memory: 51200K Free: 29353K (57%)
----------------- Invoking toplevel() on ptolemy.moml.MoMLSimpleApplication@34cd2d4f
----------------- Done invoking toplevel() on ptolemy.moml.MoMLSimpleApplication@34cd2d4f
reloadAllAccessors: .MergeWithoutDiscard

===========================================================================================
----------------- testing Tue Feb 04 17:57:25 UTC 2020 /home/travis/build/icyphy/ptII/ptolemy/domains/de/test/auto/Modal1.xml
----------------- Instantiating /home/travis/build/icyphy/ptII/ptolemy/domains/de/test/auto/Modal1.xml
7 ms. Memory: 51200K Free: 17287K (34%)
----------------- Invoking toplevel() on ptolemy.moml.MoMLSimpleApplication@631bfe71
----------------- Done invoking toplevel() on ptolemy.moml.MoMLSimpleApplication@631bfe71
reloadAllAccessors: .Modal1

===========================================================================================
----------------- testing Tue Feb 04 17:57:25 UTC 2020 /home/travis/build/icyphy/ptII/ptolemy/domains/de/test/auto/Modal2.xml
----------------- Instantiating /home/travis/build/icyphy/ptII/ptolemy/domains/de/test/auto/Modal2.xml
8 ms. Memory: 51200K Free: 30026K (59%)
----------------- Invoking toplevel() on ptolemy.moml.MoMLSimpleApplication@6a22f9ea
----------------- Done invoking toplevel() on ptolemy.moml.MoMLSimpleApplication@6a22f9ea
reloadAllAccessors: .Modal2

===========================================================================================
----------------- testing Tue Feb 04 17:57:25 UTC 2020 /home/travis/build/icyphy/ptII/ptolemy/domains/de/test/auto/Modal3.xml
----------------- Instantiating /home/travis/build/icyphy/ptII/ptolemy/domains/de/test/auto/Modal3.xml
6 ms. Memory: 51200K Free: 17738K (35%)
----------------- Invoking toplevel() on ptolemy.moml.MoMLSimpleApplication@5e0da15c
----------------- Done invoking toplevel() on ptolemy.moml.MoMLSimpleApplication@5e0da15c
reloadAllAccessors: .Modal3

===========================================================================================
----------------- testing Tue Feb 04 17:57:25 UTC 2020 /home/travis/build/icyphy/ptII/ptolemy/domains/de/test/auto/Modal4.xml
----------------- Instantiating /home/travis/build/icyphy/ptII/ptolemy/domains/de/test/auto/Modal4.xml
9 ms. Memory: 51200K Free: 29256K (57%)
----------------- Invoking toplevel() on ptolemy.moml.MoMLSimpleApplication@33a8abf9
----------------- Done invoking toplevel() on ptolemy.moml.MoMLSimpleApplication@33a8abf9
reloadAllAccessors: .Modal4

===========================================================================================
----------------- testing Tue Feb 04 17:57:25 UTC 2020 /home/travis/build/icyphy/ptII/ptolemy/domains/de/test/auto/Modal5.xml
----------------- Instantiating /home/travis/build/icyphy/ptII/ptolemy/domains/de/test/auto/Modal5.xml
9 ms. Memory: 51200K Free: 16222K (32%)
----------------- Invoking toplevel() on ptolemy.moml.MoMLSimpleApplication@5c7cdff2
----------------- Done invoking toplevel() on ptolemy.moml.MoMLSimpleApplication@5c7cdff2
reloadAllAccessors: .Modal5

===========================================================================================
----------------- testing Tue Feb 04 17:57:25 UTC 2020 /home/travis/build/icyphy/ptII/ptolemy/domains/de/test/auto/Modal6.xml
----------------- Instantiating /home/travis/build/icyphy/ptII/ptolemy/domains/de/test/auto/Modal6.xml
8 ms. Memory: 51200K Free: 28496K (56%)
----------------- Invoking toplevel() on ptolemy.moml.MoMLSimpleApplication@428d4fe9
----------------- Done invoking toplevel() on ptolemy.moml.MoMLSimpleApplication@428d4fe9
reloadAllAccessors: .Modal6

===========================================================================================
----------------- testing Tue Feb 04 17:57:25 UTC 2020 /home/travis/build/icyphy/ptII/ptolemy/domains/de/test/auto/Modal7.xml
----------------- Instantiating /home/travis/build/icyphy/ptII/ptolemy/domains/de/test/auto/Modal7.xml
7 ms. Memory: 51200K Free: 15429K (30%)
----------------- Invoking toplevel() on ptolemy.moml.MoMLSimpleApplication@c546bf0
----------------- Done invoking toplevel() on ptolemy.moml.MoMLSimpleApplication@c546bf0
reloadAllAccessors: .Modal7

===========================================================================================
----------------- testing Tue Feb 04 17:57:25 UTC 2020 /home/travis/build/icyphy/ptII/ptolemy/domains/de/test/auto/ModalModel.xml
----------------- Instantiating /home/travis/build/icyphy/ptII/ptolemy/domains/de/test/auto/ModalModel.xml
132 ms. Memory: 66560K Free: 36802K (55%)
----------------- Invoking toplevel() on ptolemy.moml.MoMLSimpleApplication@4f94f0e5
----------------- Done invoking toplevel() on ptolemy.moml.MoMLSimpleApplication@4f94f0e5
reloadAllAccessors: .ModalModel

===========================================================================================
----------------- testing Tue Feb 04 17:57:25 UTC 2020 /home/travis/build/icyphy/ptII/ptolemy/domains/de/test/auto/ModalSource.xml
----------------- Instantiating /home/travis/build/icyphy/ptII/ptolemy/domains/de/test/auto/ModalSource.xml
5 ms. Memory: 66560K Free: 28408K (43%)
----------------- Invoking toplevel() on ptolemy.moml.MoMLSimpleApplication@250c7d5a
----------------- Done invoking toplevel() on ptolemy.moml.MoMLSimpleApplication@250c7d5a
reloadAllAccessors: .ModalSource

===========================================================================================
----------------- testing Tue Feb 04 17:57:25 UTC 2020 /home/travis/build/icyphy/ptII/ptolemy/domains/de/test/auto/NonInterruptibleTimerZeroDelay.xml
----------------- Instantiating /home/travis/build/icyphy/ptII/ptolemy/domains/de/test/auto/NonInterruptibleTimerZeroDelay.xml
1 ms. Memory: 66560K Free: 24954K (37%)
----------------- Invoking toplevel() on ptolemy.moml.MoMLSimpleApplication@68e3942e
----------------- Done invoking toplevel() on ptolemy.moml.MoMLSimpleApplication@68e3942e
reloadAllAccessors: .NonInterruptibleTimerZeroDelay

===========================================================================================
----------------- testing Tue Feb 04 17:57:26 UTC 2020 /home/travis/build/icyphy/ptII/ptolemy/domains/de/test/auto/OpenQueueingNetwork.xml
----------------- Instantiating /home/travis/build/icyphy/ptII/ptolemy/domains/de/test/auto/OpenQueueingNetwork.xml
2008 ms. Memory: 155648K Free: 96230K (62%)
----------------- Invoking toplevel() on ptolemy.moml.MoMLSimpleApplication@3cf45939
----------------- Done invoking toplevel() on ptolemy.moml.MoMLSimpleApplication@3cf45939
reloadAllAccessors: .OpenQueueingNetwork

===========================================================================================
----------------- testing Tue Feb 04 17:57:28 UTC 2020 /home/travis/build/icyphy/ptII/ptolemy/domains/de/test/auto/OpenQueuingNetwork.xml
----------------- Instantiating /home/travis/build/icyphy/ptII/ptolemy/domains/de/test/auto/OpenQueuingNetwork.xml
205 ms. Memory: 155648K Free: 103497K (66%)
----------------- Invoking toplevel() on ptolemy.moml.MoMLSimpleApplication@aa5e4a2
----------------- Done invoking toplevel() on ptolemy.moml.MoMLSimpleApplication@aa5e4a2
reloadAllAccessors: .OpenQueuingNetwork

===========================================================================================
----------------- testing Tue Feb 04 17:57:28 UTC 2020 /home/travis/build/icyphy/ptII/ptolemy/domains/de/test/auto/PeriodicSampler.xml
----------------- Instantiating /home/travis/build/icyphy/ptII/ptolemy/domains/de/test/auto/PeriodicSampler.xml
2 ms. Memory: 155648K Free: 98793K (63%)
----------------- Invoking toplevel() on ptolemy.moml.MoMLSimpleApplication@790dd670
----------------- Done invoking toplevel() on ptolemy.moml.MoMLSimpleApplication@790dd670
reloadAllAccessors: .PeriodicSampler

===========================================================================================
----------------- testing Tue Feb 04 17:57:28 UTC 2020 /home/travis/build/icyphy/ptII/ptolemy/domains/de/test/auto/PersistentIO.xml
----------------- Instantiating /home/travis/build/icyphy/ptII/ptolemy/domains/de/test/auto/PersistentIO.xml
5 ms. Memory: 155648K Free: 89577K (58%)
----------------- Invoking toplevel() on ptolemy.moml.MoMLSimpleApplication@7e7b577a
----------------- Done invoking toplevel() on ptolemy.moml.MoMLSimpleApplication@7e7b577a
reloadAllAccessors: .PersistentIO

===========================================================================================
----------------- testing Tue Feb 04 17:57:28 UTC 2020 /home/travis/build/icyphy/ptII/ptolemy/domains/de/test/auto/PortParameterResetOnInitialize.xml
----------------- Instantiating /home/travis/build/icyphy/ptII/ptolemy/domains/de/test/auto/PortParameterResetOnInitialize.xml
2 ms. Memory: 155648K Free: 84967K (55%)
----------------- Invoking toplevel() on ptolemy.moml.MoMLSimpleApplication@77705f60
----------------- Done invoking toplevel() on ptolemy.moml.MoMLSimpleApplication@77705f60
reloadAllAccessors: .PortParameterResetOnInitialize

===========================================================================================
----------------- testing Tue Feb 04 17:57:28 UTC 2020 /home/travis/build/icyphy/ptII/ptolemy/domains/de/test/auto/PortParameterUpdates.xml
----------------- Instantiating /home/travis/build/icyphy/ptII/ptolemy/domains/de/test/auto/PortParameterUpdates.xml
3 ms. Memory: 155648K Free: 78809K (51%)
----------------- Invoking toplevel() on ptolemy.moml.MoMLSimpleApplication@5b1d118f
----------------- Done invoking toplevel() on ptolemy.moml.MoMLSimpleApplication@5b1d118f
reloadAllAccessors: .PortParameterUpdates

===========================================================================================
----------------- testing Tue Feb 04 17:57:28 UTC 2020 /home/travis/build/icyphy/ptII/ptolemy/domains/de/test/auto/QueueAndServer.xml
----------------- Instantiating /home/travis/build/icyphy/ptII/ptolemy/domains/de/test/auto/QueueAndServer.xml
3 ms. Memory: 155648K Free: 71145K (46%)
----------------- Invoking toplevel() on ptolemy.moml.MoMLSimpleApplication@2f92cb88
----------------- Done invoking toplevel() on ptolemy.moml.MoMLSimpleApplication@2f92cb88
reloadAllAccessors: .QueueAndServer

===========================================================================================
----------------- testing Tue Feb 04 17:57:28 UTC 2020 /home/travis/build/icyphy/ptII/ptolemy/domains/de/test/auto/Records.xml
----------------- Instantiating /home/travis/build/icyphy/ptII/ptolemy/domains/de/test/auto/Records.xml
3 ms. Memory: 155648K Free: 65511K (42%)
----------------- Invoking toplevel() on ptolemy.moml.MoMLSimpleApplication@62d984ef
----------------- Done invoking toplevel() on ptolemy.moml.MoMLSimpleApplication@62d984ef
reloadAllAccessors: .Records

===========================================================================================
----------------- testing Tue Feb 04 17:57:28 UTC 2020 /home/travis/build/icyphy/ptII/ptolemy/domains/de/test/auto/ResetTransitionWithStartTime1.xml
----------------- Instantiating /home/travis/build/icyphy/ptII/ptolemy/domains/de/test/auto/ResetTransitionWithStartTime1.xml
4 ms. Memory: 155648K Free: 57289K (37%)
----------------- Invoking toplevel() on ptolemy.moml.MoMLSimpleApplication@55871484
----------------- Done invoking toplevel() on ptolemy.moml.MoMLSimpleApplication@55871484
reloadAllAccessors: .ResetTransitionWithStartTime1

===========================================================================================
----------------- testing Tue Feb 04 17:57:28 UTC 2020 /home/travis/build/icyphy/ptII/ptolemy/domains/de/test/auto/ResetTransitionWithStartTime2.xml
----------------- Instantiating /home/travis/build/icyphy/ptII/ptolemy/domains/de/test/auto/ResetTransitionWithStartTime2.xml
6 ms. Memory: 188416K Free: 168280K (89%)
----------------- Invoking toplevel() on ptolemy.moml.MoMLSimpleApplication@75d606a1
----------------- Done invoking toplevel() on ptolemy.moml.MoMLSimpleApplication@75d606a1
reloadAllAccessors: .ResetTransitionWithStartTime2

===========================================================================================
----------------- testing Tue Feb 04 17:57:28 UTC 2020 /home/travis/build/icyphy/ptII/ptolemy/domains/de/test/auto/ResetTransitionWithStartTime3.xml
----------------- Instantiating /home/travis/build/icyphy/ptII/ptolemy/domains/de/test/auto/ResetTransitionWithStartTime3.xml
4 ms. Memory: 188416K Free: 160088K (85%)
----------------- Invoking toplevel() on ptolemy.moml.MoMLSimpleApplication@239778c2
----------------- Done invoking toplevel() on ptolemy.moml.MoMLSimpleApplication@239778c2
reloadAllAccessors: .ResetTransitionWithStartTime3

===========================================================================================
----------------- testing Tue Feb 04 17:57:28 UTC 2020 /home/travis/build/icyphy/ptII/ptolemy/domains/de/test/auto/ResetTransitionWithStartTime4.xml
----------------- Instantiating /home/travis/build/icyphy/ptII/ptolemy/domains/de/test/auto/ResetTransitionWithStartTime4.xml
3 ms. Memory: 188416K Free: 152424K (81%)
----------------- Invoking toplevel() on ptolemy.moml.MoMLSimpleApplication@15a8717d
----------------- Done invoking toplevel() on ptolemy.moml.MoMLSimpleApplication@15a8717d
reloadAllAccessors: .ResetTransitionWithStartTime4

===========================================================================================
----------------- testing Tue Feb 04 17:57:28 UTC 2020 /home/travis/build/icyphy/ptII/ptolemy/domains/de/test/auto/ResettableTimer1.xml
----------------- Instantiating /home/travis/build/icyphy/ptII/ptolemy/domains/de/test/auto/ResettableTimer1.xml
2 ms. Memory: 188416K Free: 148328K (79%)
----------------- Invoking toplevel() on ptolemy.moml.MoMLSimpleApplication@71d49edb
----------------- Done invoking toplevel() on ptolemy.moml.MoMLSimpleApplication@71d49edb
reloadAllAccessors: .ResettableTimer1

===========================================================================================
----------------- testing Tue Feb 04 17:57:28 UTC 2020 /home/travis/build/icyphy/ptII/ptolemy/domains/de/test/auto/ResettableTimer2.xml
----------------- Instantiating /home/travis/build/icyphy/ptII/ptolemy/domains/de/test/auto/ResettableTimer2.xml
2 ms. Memory: 188416K Free: 144232K (77%)
----------------- Invoking toplevel() on ptolemy.moml.MoMLSimpleApplication@6f2609bd
----------------- Done invoking toplevel() on ptolemy.moml.MoMLSimpleApplication@6f2609bd
reloadAllAccessors: .ResettableTimer2

===========================================================================================
----------------- testing Tue Feb 04 17:57:28 UTC 2020 /home/travis/build/icyphy/ptII/ptolemy/domains/de/test/auto/ResettableTimer3.xml
----------------- Instantiating /home/travis/build/icyphy/ptII/ptolemy/domains/de/test/auto/ResettableTimer3.xml
1 ms. Memory: 188416K Free: 140616K (75%)
----------------- Invoking toplevel() on ptolemy.moml.MoMLSimpleApplication@6da0e53d
----------------- Done invoking toplevel() on ptolemy.moml.MoMLSimpleApplication@6da0e53d
reloadAllAccessors: .ResettableTimer3

===========================================================================================
----------------- testing Tue Feb 04 17:57:28 UTC 2020 /home/travis/build/icyphy/ptII/ptolemy/domains/de/test/auto/ResettableTimer4.xml
----------------- Instantiating /home/travis/build/icyphy/ptII/ptolemy/domains/de/test/auto/ResettableTimer4.xml
1 ms. Memory: 188416K Free: 136040K (72%)
----------------- Invoking toplevel() on ptolemy.moml.MoMLSimpleApplication@ef74427
----------------- Done invoking toplevel() on ptolemy.moml.MoMLSimpleApplication@ef74427
reloadAllAccessors: .ResettableTimer4

===========================================================================================
----------------- testing Tue Feb 04 17:57:28 UTC 2020 /home/travis/build/icyphy/ptII/ptolemy/domains/de/test/auto/ResettableTimer5.xml
----------------- Instantiating /home/travis/build/icyphy/ptII/ptolemy/domains/de/test/auto/ResettableTimer5.xml
1 ms. Memory: 188416K Free: 131430K (70%)
----------------- Invoking toplevel() on ptolemy.moml.MoMLSimpleApplication@5a3668a6
----------------- Done invoking toplevel() on ptolemy.moml.MoMLSimpleApplication@5a3668a6
reloadAllAccessors: .ResettableTimer5

===========================================================================================
----------------- testing Tue Feb 04 17:57:28 UTC 2020 /home/travis/build/icyphy/ptII/ptolemy/domains/de/test/auto/ResettableTimer6.xml
----------------- Instantiating /home/travis/build/icyphy/ptII/ptolemy/domains/de/test/auto/ResettableTimer6.xml
9 ms. Memory: 188416K Free: 126822K (67%)
----------------- Invoking toplevel() on ptolemy.moml.MoMLSimpleApplication@49f75703
----------------- Done invoking toplevel() on ptolemy.moml.MoMLSimpleApplication@49f75703
reloadAllAccessors: .ResettableTimer6

===========================================================================================
----------------- testing Tue Feb 04 17:57:28 UTC 2020 /home/travis/build/icyphy/ptII/ptolemy/domains/de/test/auto/ServerZeroDelay.xml
----------------- Instantiating /home/travis/build/icyphy/ptII/ptolemy/domains/de/test/auto/ServerZeroDelay.xml
1 ms. Memory: 188416K Free: 122728K (65%)
----------------- Invoking toplevel() on ptolemy.moml.MoMLSimpleApplication@77b9df2c
----------------- Done invoking toplevel() on ptolemy.moml.MoMLSimpleApplication@77b9df2c
reloadAllAccessors: .ServerZeroDelay

===========================================================================================
----------------- testing Tue Feb 04 17:57:28 UTC 2020 /home/travis/build/icyphy/ptII/ptolemy/domains/de/test/auto/SmartSender.xml
----------------- Instantiating /home/travis/build/icyphy/ptII/ptolemy/domains/de/test/auto/SmartSender.xml
3002 ms. Memory: 188416K Free: 118632K (63%)
----------------- Invoking toplevel() on ptolemy.moml.MoMLSimpleApplication@6a13c7e4
----------------- Done invoking toplevel() on ptolemy.moml.MoMLSimpleApplication@6a13c7e4
reloadAllAccessors: .SmartSender

===========================================================================================
----------------- testing Tue Feb 04 17:57:31 UTC 2020 /home/travis/build/icyphy/ptII/ptolemy/domains/de/test/auto/ThreadedComposite.xml
----------------- Instantiating /home/travis/build/icyphy/ptII/ptolemy/domains/de/test/auto/ThreadedComposite.xml
85 ms. Memory: 188416K Free: 98152K (52%)
----------------- Invoking toplevel() on ptolemy.moml.MoMLSimpleApplication@2e1dd167
----------------- Done invoking toplevel() on ptolemy.moml.MoMLSimpleApplication@2e1dd167
reloadAllAccessors: .ThreadedComposite

===========================================================================================
----------------- testing Tue Feb 04 17:57:31 UTC 2020 /home/travis/build/icyphy/ptII/ptolemy/domains/de/test/auto/Time.xml
----------------- Instantiating /home/travis/build/icyphy/ptII/ptolemy/domains/de/test/auto/Time.xml
332 ms. Memory: 188416K Free: 153011K (81%)
----------------- Invoking toplevel() on ptolemy.moml.MoMLSimpleApplication@3edfd9d9
----------------- Done invoking toplevel() on ptolemy.moml.MoMLSimpleApplication@3edfd9d9
reloadAllAccessors: .Time

===========================================================================================
----------------- testing Tue Feb 04 17:57:32 UTC 2020 /home/travis/build/icyphy/ptII/ptolemy/domains/de/test/auto/TimeDelayZeroDelay.xml
----------------- Instantiating /home/travis/build/icyphy/ptII/ptolemy/domains/de/test/auto/TimeDelayZeroDelay.xml
1 ms. Memory: 188416K Free: 148405K (79%)
----------------- Invoking toplevel() on ptolemy.moml.MoMLSimpleApplication@1c902f35
----------------- Done invoking toplevel() on ptolemy.moml.MoMLSimpleApplication@1c902f35
reloadAllAccessors: .TimeDelayZeroDelay

===========================================================================================
----------------- testing Tue Feb 04 17:57:32 UTC 2020 /home/travis/build/icyphy/ptII/ptolemy/domains/de/test/auto/TimerZeroDelay.xml
----------------- Instantiating /home/travis/build/icyphy/ptII/ptolemy/domains/de/test/auto/TimerZeroDelay.xml
2 ms. Memory: 188416K Free: 144309K (77%)
----------------- Invoking toplevel() on ptolemy.moml.MoMLSimpleApplication@6d0e095d
----------------- Done invoking toplevel() on ptolemy.moml.MoMLSimpleApplication@6d0e095d
reloadAllAccessors: .TimerZeroDelay

===========================================================================================
----------------- testing Tue Feb 04 17:57:32 UTC 2020 /home/travis/build/icyphy/ptII/ptolemy/domains/de/test/auto/TimingParadox.xml
----------------- Instantiating /home/travis/build/icyphy/ptII/ptolemy/domains/de/test/auto/TimingParadox.xml
234 ms. Memory: 188416K Free: 77235K (41%)
----------------- Invoking toplevel() on ptolemy.moml.MoMLSimpleApplication@520b183e
----------------- Done invoking toplevel() on ptolemy.moml.MoMLSimpleApplication@520b183e
reloadAllAccessors: .TimingParadox

===========================================================================================
----------------- testing Tue Feb 04 17:57:32 UTC 2020 /home/travis/build/icyphy/ptII/ptolemy/domains/de/test/auto/TransferInputs.xml
----------------- Instantiating /home/travis/build/icyphy/ptII/ptolemy/domains/de/test/auto/TransferInputs.xml
2 ms. Memory: 188416K Free: 72629K (39%)
----------------- Invoking toplevel() on ptolemy.moml.MoMLSimpleApplication@59c82187
----------------- Done invoking toplevel() on ptolemy.moml.MoMLSimpleApplication@59c82187
reloadAllAccessors: .TransferInputs

===========================================================================================
----------------- testing Tue Feb 04 17:57:32 UTC 2020 /home/travis/build/icyphy/ptII/ptolemy/domains/de/test/auto/TransferOutputs2.xml
----------------- Instantiating /home/travis/build/icyphy/ptII/ptolemy/domains/de/test/auto/TransferOutputs2.xml
2 ms. Memory: 188416K Free: 64947K (34%)
----------------- Invoking toplevel() on ptolemy.moml.MoMLSimpleApplication@282aaa09
----------------- Done invoking toplevel() on ptolemy.moml.MoMLSimpleApplication@282aaa09
reloadAllAccessors: .TransferOutputs2

===========================================================================================
----------------- testing Tue Feb 04 17:57:32 UTC 2020 /home/travis/build/icyphy/ptII/ptolemy/domains/de/test/auto/Trilateration.xml
----------------- Instantiating /home/travis/build/icyphy/ptII/ptolemy/domains/de/test/auto/Trilateration.xml
10586 ms. Memory: 368640K Free: 205736K (56%)
----------------- Invoking toplevel() on ptolemy.moml.MoMLSimpleApplication@7b0d4c83
----------------- Done invoking toplevel() on ptolemy.moml.MoMLSimpleApplication@7b0d4c83
reloadAllAccessors: .Trilateration

===========================================================================================
----------------- testing Tue Feb 04 17:57:43 UTC 2020 /home/travis/build/icyphy/ptII/ptolemy/domains/de/test/auto/TwoSigmaDelta.xml
----------------- Instantiating /home/travis/build/icyphy/ptII/ptolemy/domains/de/test/auto/TwoSigmaDelta.xml
1727 ms. Memory: 368640K Free: 218763K (59%)
----------------- Invoking toplevel() on ptolemy.moml.MoMLSimpleApplication@47fbdebe
----------------- Done invoking toplevel() on ptolemy.moml.MoMLSimpleApplication@47fbdebe
reloadAllAccessors: .TwoSigmaDelta

===========================================================================================
----------------- testing Tue Feb 04 17:57:45 UTC 2020 /home/travis/build/icyphy/ptII/ptolemy/domains/de/test/auto/VariableDelay.xml
----------------- Instantiating /home/travis/build/icyphy/ptII/ptolemy/domains/de/test/auto/VariableDelay.xml
1 ms. Memory: 368640K Free: 213643K (58%)
----------------- Invoking toplevel() on ptolemy.moml.MoMLSimpleApplication@75a2e7a
----------------- Done invoking toplevel() on ptolemy.moml.MoMLSimpleApplication@75a2e7a
reloadAllAccessors: .VariableDelay

===========================================================================================
----------------- testing Tue Feb 04 17:57:45 UTC 2020 /home/travis/build/icyphy/ptII/ptolemy/domains/de/test/auto/VariableDelay2.xml
----------------- Instantiating /home/travis/build/icyphy/ptII/ptolemy/domains/de/test/auto/VariableDelay2.xml
1 ms. Memory: 368640K Free: 209027K (57%)
----------------- Invoking toplevel() on ptolemy.moml.MoMLSimpleApplication@2057d9b7
----------------- Done invoking toplevel() on ptolemy.moml.MoMLSimpleApplication@2057d9b7
reloadAllAccessors: .VariableDelay2

===========================================================================================
----------------- testing Tue Feb 04 17:57:45 UTC 2020 /home/travis/build/icyphy/ptII/ptolemy/domains/de/test/auto/VariableDelayZeroDelay.xml
----------------- Instantiating /home/travis/build/icyphy/ptII/ptolemy/domains/de/test/auto/VariableDelayZeroDelay.xml
4 ms. Memory: 368640K Free: 204937K (56%)
----------------- Invoking toplevel() on ptolemy.moml.MoMLSimpleApplication@614fecd1
----------------- Done invoking toplevel() on ptolemy.moml.MoMLSimpleApplication@614fecd1
reloadAllAccessors: .VariableDelayZeroDelay

===========================================================================================
----------------- testing Tue Feb 04 17:57:45 UTC 2020 /home/travis/build/icyphy/ptII/ptolemy/domains/de/test/auto/VariableDelayZeroDelay2.xml
----------------- Instantiating /home/travis/build/icyphy/ptII/ptolemy/domains/de/test/auto/VariableDelayZeroDelay2.xml
1 ms. Memory: 368640K Free: 200331K (54%)
----------------- Invoking toplevel() on ptolemy.moml.MoMLSimpleApplication@1858bff7
----------------- Done invoking toplevel() on ptolemy.moml.MoMLSimpleApplication@1858bff7
reloadAllAccessors: .VariableDelayZeroDelay2

===========================================================================================
----------------- testing Tue Feb 04 17:57:45 UTC 2020 /home/travis/build/icyphy/ptII/ptolemy/domains/de/test/auto/deInCt.xml
----------------- Instantiating /home/travis/build/icyphy/ptII/ptolemy/domains/de/test/auto/deInCt.xml
0
1
1
1
1
0
0
0
1
1
1
1
1
1
1
0
0
0
1
1
1
1
1
0
0
0
0
9 ms. Memory: 368640K Free: 195211K (53%)
----------------- Invoking toplevel() on ptolemy.moml.MoMLSimpleApplication@7d99afd1
----------------- Done invoking toplevel() on ptolemy.moml.MoMLSimpleApplication@7d99afd1
reloadAllAccessors: .deInCt

===========================================================================================
----------------- testing Tue Feb 04 17:57:45 UTC 2020 /home/travis/build/icyphy/ptII/ptolemy/domains/de/test/auto/deInCt2.xml
----------------- Instantiating /home/travis/build/icyphy/ptII/ptolemy/domains/de/test/auto/deInCt2.xml
0
1
1
1
0
0
1
1
1
0
0
1
1
1
0
0
1
1
1
0
0
1
1
1
0
0
1
1
1
0
0
1
1
1
0
0
1
1
1
0
0
0
6 ms. Memory: 368640K Free: 190091K (52%)
----------------- Invoking toplevel() on ptolemy.moml.MoMLSimpleApplication@3c957731
----------------- Done invoking toplevel() on ptolemy.moml.MoMLSimpleApplication@3c957731
reloadAllAccessors: .deInCt2

===========================================================================================
----------------- testing Tue Feb 04 17:57:45 UTC 2020 /home/travis/build/icyphy/ptII/ptolemy/domains/de/test/auto/dynamicCausalityInterface1.xml
----------------- Instantiating /home/travis/build/icyphy/ptII/ptolemy/domains/de/test/auto/dynamicCausalityInterface1.xml
1 ms. Memory: 368640K Free: 180875K (49%)
----------------- Invoking toplevel() on ptolemy.moml.MoMLSimpleApplication@3cabeb6a
----------------- Done invoking toplevel() on ptolemy.moml.MoMLSimpleApplication@3cabeb6a
reloadAllAccessors: .dynamicCausalityInterface1

===========================================================================================
----------------- testing Tue Feb 04 17:57:45 UTC 2020 /home/travis/build/icyphy/ptII/ptolemy/domains/de/test/auto/fsm_de_test.xml
----------------- Instantiating /home/travis/build/icyphy/ptII/ptolemy/domains/de/test/auto/fsm_de_test.xml
4 ms. Memory: 368640K Free: 171659K (47%)
----------------- Invoking toplevel() on ptolemy.moml.MoMLSimpleApplication@6811c9fb
----------------- Done invoking toplevel() on ptolemy.moml.MoMLSimpleApplication@6811c9fb
reloadAllAccessors: .fsm_de_test

===========================================================================================
----------------- testing Tue Feb 04 17:57:45 UTC 2020 /home/travis/build/icyphy/ptII/ptolemy/domains/de/test/auto/functionDependencyReconstruction.xml
----------------- Instantiating /home/travis/build/icyphy/ptII/ptolemy/domains/de/test/auto/functionDependencyReconstruction.xml
2 ms. Memory: 368640K Free: 156809K (43%)
----------------- Invoking toplevel() on ptolemy.moml.MoMLSimpleApplication@2724d469
----------------- Done invoking toplevel() on ptolemy.moml.MoMLSimpleApplication@2724d469
reloadAllAccessors: .functionDependencyReconstruction

===========================================================================================
----------------- testing Tue Feb 04 17:57:45 UTC 2020 /home/travis/build/icyphy/ptII/ptolemy/domains/de/test/auto/multirate.xml
----------------- Instantiating /home/travis/build/icyphy/ptII/ptolemy/domains/de/test/auto/multirate.xml
10 ms. Memory: 368640K Free: 150155K (41%)
----------------- Invoking toplevel() on ptolemy.moml.MoMLSimpleApplication@710dfce4
----------------- Done invoking toplevel() on ptolemy.moml.MoMLSimpleApplication@710dfce4
reloadAllAccessors: .multirate

===========================================================================================
----------------- testing Tue Feb 04 17:57:45 UTC 2020 /home/travis/build/icyphy/ptII/ptolemy/domains/de/test/auto/multirate2.xml
----------------- Instantiating /home/travis/build/icyphy/ptII/ptolemy/domains/de/test/auto/multirate2.xml
3 ms. Memory: 368640K Free: 143483K (39%)
----------------- Invoking toplevel() on ptolemy.moml.MoMLSimpleApplication@43811301
----------------- Done invoking toplevel() on ptolemy.moml.MoMLSimpleApplication@43811301
reloadAllAccessors: .multirate2

===========================================================================================
----------------- testing Tue Feb 04 17:57:45 UTC 2020 /home/travis/build/icyphy/ptII/ptolemy/domains/de/test/auto/realtime.xml
----------------- Instantiating /home/travis/build/icyphy/ptII/ptolemy/domains/de/test/auto/realtime.xml
10001 ms. Memory: 368640K Free: 138891K (38%)
----------------- Invoking toplevel() on ptolemy.moml.MoMLSimpleApplication@47a190d
----------------- Done invoking toplevel() on ptolemy.moml.MoMLSimpleApplication@47a190d
reloadAllAccessors: .realtime

===========================================================================================
----------------- testing Tue Feb 04 17:57:55 UTC 2020 /home/travis/build/icyphy/ptII/ptolemy/domains/de/test/auto/relationGroup.xml
----------------- Instantiating /home/travis/build/icyphy/ptII/ptolemy/domains/de/test/auto/relationGroup.xml
1 ms. Memory: 368640K Free: 135305K (37%)
----------------- Invoking toplevel() on ptolemy.moml.MoMLSimpleApplication@1624e6fe
----------------- Done invoking toplevel() on ptolemy.moml.MoMLSimpleApplication@1624e6fe
reloadAllAccessors: .relationGroup

===========================================================================================
----------------- testing Tue Feb 04 17:57:55 UTC 2020 /home/travis/build/icyphy/ptII/ptolemy/domains/de/test/auto/relationGroup2.xml
----------------- Instantiating /home/travis/build/icyphy/ptII/ptolemy/domains/de/test/auto/relationGroup2.xml
2 ms. Memory: 368640K Free: 131723K (36%)
----------------- Invoking toplevel() on ptolemy.moml.MoMLSimpleApplication@4b559320
----------------- Done invoking toplevel() on ptolemy.moml.MoMLSimpleApplication@4b559320
reloadAllAccessors: .relationGroup2

===========================================================================================
----------------- testing Tue Feb 04 17:57:55 UTC 2020 /home/travis/build/icyphy/ptII/ptolemy/domains/de/test/auto/sortWithOpaquePorts.xml
----------------- Instantiating /home/travis/build/icyphy/ptII/ptolemy/domains/de/test/auto/sortWithOpaquePorts.xml
1 ms. Memory: 368640K Free: 127083K (34%)
----------------- Invoking toplevel() on ptolemy.moml.MoMLSimpleApplication@53c879b
----------------- Done invoking toplevel() on ptolemy.moml.MoMLSimpleApplication@53c879b
reloadAllAccessors: .sortWithOpaquePorts

===========================================================================================
----------------- testing Tue Feb 04 17:57:55 UTC 2020 /home/travis/build/icyphy/ptII/ptolemy/domains/de/test/auto/transferInputsandOutputs.xml
----------------- Instantiating /home/travis/build/icyphy/ptII/ptolemy/domains/de/test/auto/transferInputsandOutputs.xml
9 ms. Memory: 442368K Free: 413138K (93%)
----------------- Invoking toplevel() on ptolemy.moml.MoMLSimpleApplication@6f62444a
----------------- Done invoking toplevel() on ptolemy.moml.MoMLSimpleApplication@6f62444a
reloadAllAccessors: .transferInputsandOutputs

===========================================================================================
----------------- testing Tue Feb 04 17:57:55 UTC 2020 /home/travis/build/icyphy/ptII/ptolemy/domains/de/test/auto/triggerType.xml
----------------- Instantiating /home/travis/build/icyphy/ptII/ptolemy/domains/de/test/auto/triggerType.xml
2 ms. Memory: 442368K Free: 408532K (92%)
----------------- Invoking toplevel() on ptolemy.moml.MoMLSimpleApplication@295a4134
----------------- Done invoking toplevel() on ptolemy.moml.MoMLSimpleApplication@295a4134
reloadAllAccessors: .triggerType
AutoTests.java: About to close Vertx.
AutoTests.java: Vertx closed.
]]></system-out>
  <system-err><![CDATA[java.lang.RuntimeException: Execution failed
	at ptolemy.moml.MoMLSimpleApplication$UnloadThread.run(MoMLSimpleApplication.java:402)
Caused by: ptolemy.kernel.util.IllegalActionException: Found a zero delay loop containing .dependencyLoop.original
  in .dependencyLoop and .dependencyLoop.original
	at ptolemy.actor.util.CausalityInterfaceForComposites._computeOutputPortDepth(CausalityInterfaceForComposites.java:759)
	at ptolemy.actor.util.CausalityInterfaceForComposites._computeInputDepth(CausalityInterfaceForComposites.java:696)
	at ptolemy.actor.util.CausalityInterfaceForComposites._computeOutputPortDepth(CausalityInterfaceForComposites.java:765)
	at ptolemy.actor.util.CausalityInterfaceForComposites._computeInputDepth(CausalityInterfaceForComposites.java:696)
	at ptolemy.actor.util.CausalityInterfaceForComposites._computeOutputPortDepth(CausalityInterfaceForComposites.java:765)
	at ptolemy.actor.util.CausalityInterfaceForComposites._computeInputDepth(CausalityInterfaceForComposites.java:696)
	at ptolemy.actor.util.CausalityInterfaceForComposites._computeActorDepth(CausalityInterfaceForComposites.java:532)
	at ptolemy.actor.util.CausalityInterfaceForComposites.checkForCycles(CausalityInterfaceForComposites.java:96)
	at ptolemy.domains.de.kernel.DEDirector.preinitialize(DEDirector.java:1338)
	at ptolemy.actor.CompositeActor.preinitialize(CompositeActor.java:1828)
	at ptolemy.actor.Manager.preinitializeAndResolveTypes(Manager.java:1040)
	at ptolemy.actor.Manager.initialize(Manager.java:710)
	at ptolemy.actor.Manager.execute(Manager.java:356)
	at ptolemy.actor.Manager.run(Manager.java:1263)
	at ptolemy.actor.Manager$PtolemyRunThread.run(Manager.java:1933)
java.lang.RuntimeException: Execution failed
	at ptolemy.moml.MoMLSimpleApplication$UnloadThread.run(MoMLSimpleApplication.java:402)
Caused by: ptolemy.kernel.util.IllegalActionException: Found a zero delay loop containing .dependencyLoop2.original
  in .dependencyLoop2 and .dependencyLoop2.original
	at ptolemy.actor.util.CausalityInterfaceForComposites._computeOutputPortDepth(CausalityInterfaceForComposites.java:759)
	at ptolemy.actor.util.CausalityInterfaceForComposites._computeInputDepth(CausalityInterfaceForComposites.java:696)
	at ptolemy.actor.util.CausalityInterfaceForComposites._computeOutputPortDepth(CausalityInterfaceForComposites.java:765)
	at ptolemy.actor.util.CausalityInterfaceForComposites._computeInputDepth(CausalityInterfaceForComposites.java:696)
	at ptolemy.actor.util.CausalityInterfaceForComposites._computeOutputPortDepth(CausalityInterfaceForComposites.java:765)
	at ptolemy.actor.util.CausalityInterfaceForComposites._computeInputDepth(CausalityInterfaceForComposites.java:696)
	at ptolemy.actor.util.CausalityInterfaceForComposites._computeActorDepth(CausalityInterfaceForComposites.java:532)
	at ptolemy.actor.util.CausalityInterfaceForComposites.checkForCycles(CausalityInterfaceForComposites.java:96)
	at ptolemy.domains.de.kernel.DEDirector.preinitialize(DEDirector.java:1338)
	at ptolemy.actor.CompositeActor.preinitialize(CompositeActor.java:1828)
	at ptolemy.actor.Manager.preinitializeAndResolveTypes(Manager.java:1040)
	at ptolemy.actor.Manager.initialize(Manager.java:710)
	at ptolemy.actor.Manager.execute(Manager.java:356)
	at ptolemy.actor.Manager.run(Manager.java:1263)
	at ptolemy.actor.Manager$PtolemyRunThread.run(Manager.java:1933)
java.lang.RuntimeException: Execution failed
	at ptolemy.moml.MoMLSimpleApplication$UnloadThread.run(MoMLSimpleApplication.java:402)
Caused by: ptolemy.kernel.util.IllegalActionException: Test fails in iteration 1.
Value was: 1.0. Should have been: 2.0
  in .DirectFeedback.Test
	at ptolemy.actor.lib.Test.fire(Test.java:268)
	at ptolemy.domains.de.kernel.DEDirector._fire(DEDirector.java:1949)
	at ptolemy.domains.de.kernel.DEDirector.fire(DEDirector.java:502)
	at ptolemy.actor.CompositeActor.fire(CompositeActor.java:455)
	at ptolemy.actor.Manager.iterate(Manager.java:851)
	at ptolemy.actor.Manager.execute(Manager.java:369)
	at ptolemy.actor.Manager.run(Manager.java:1263)
	at ptolemy.actor.Manager$PtolemyRunThread.run(Manager.java:1933)
java.lang.RuntimeException: Execution failed
	at ptolemy.moml.MoMLSimpleApplication$UnloadThread.run(MoMLSimpleApplication.java:402)
Caused by: ptolemy.kernel.util.IllegalActionException: Found a zero delay loop containing .dependencyLoop.original
  in .dependencyLoop and .dependencyLoop.original
	at ptolemy.actor.util.CausalityInterfaceForComposites._computeOutputPortDepth(CausalityInterfaceForComposites.java:759)
	at ptolemy.actor.util.CausalityInterfaceForComposites._computeInputDepth(CausalityInterfaceForComposites.java:696)
	at ptolemy.actor.util.CausalityInterfaceForComposites._computeOutputPortDepth(CausalityInterfaceForComposites.java:765)
	at ptolemy.actor.util.CausalityInterfaceForComposites._computeInputDepth(CausalityInterfaceForComposites.java:696)
	at ptolemy.actor.util.CausalityInterfaceForComposites._computeOutputPortDepth(CausalityInterfaceForComposites.java:765)
	at ptolemy.actor.util.CausalityInterfaceForComposites._computeInputDepth(CausalityInterfaceForComposites.java:696)
	at ptolemy.actor.util.CausalityInterfaceForComposites._computeActorDepth(CausalityInterfaceForComposites.java:532)
	at ptolemy.actor.util.CausalityInterfaceForComposites.checkForCycles(CausalityInterfaceForComposites.java:96)
	at ptolemy.domains.de.kernel.DEDirector.preinitialize(DEDirector.java:1338)
	at ptolemy.actor.CompositeActor.preinitialize(CompositeActor.java:1828)
	at ptolemy.actor.Manager.preinitializeAndResolveTypes(Manager.java:1040)
	at ptolemy.actor.Manager.initialize(Manager.java:710)
	at ptolemy.actor.Manager.execute(Manager.java:356)
	at ptolemy.actor.Manager.run(Manager.java:1263)
	at ptolemy.actor.Manager$PtolemyRunThread.run(Manager.java:1933)
java.lang.RuntimeException: Execution failed
	at ptolemy.moml.MoMLSimpleApplication$UnloadThread.run(MoMLSimpleApplication.java:402)
Caused by: ptolemy.kernel.util.IllegalActionException: Found a zero delay loop containing .HierarchicalModel.A
  in .HierarchicalModel and .HierarchicalModel.A
	at ptolemy.actor.util.CausalityInterfaceForComposites._computeOutputPortDepth(CausalityInterfaceForComposites.java:759)
	at ptolemy.actor.util.CausalityInterfaceForComposites._computeInputDepth(CausalityInterfaceForComposites.java:696)
	at ptolemy.actor.util.CausalityInterfaceForComposites._computeOutputPortDepth(CausalityInterfaceForComposites.java:765)
	at ptolemy.actor.util.CausalityInterfaceForComposites._computeInputDepth(CausalityInterfaceForComposites.java:696)
	at ptolemy.actor.util.CausalityInterfaceForComposites._computeOutputPortDepth(CausalityInterfaceForComposites.java:765)
	at ptolemy.actor.util.CausalityInterfaceForComposites._computeInputDepth(CausalityInterfaceForComposites.java:696)
	at ptolemy.actor.util.CausalityInterfaceForComposites._computeActorDepth(CausalityInterfaceForComposites.java:532)
	at ptolemy.actor.util.CausalityInterfaceForComposites.checkForCycles(CausalityInterfaceForComposites.java:96)
	at ptolemy.domains.de.kernel.DEDirector.preinitialize(DEDirector.java:1338)
	at ptolemy.actor.CompositeActor.preinitialize(CompositeActor.java:1828)
	at ptolemy.actor.Manager.preinitializeAndResolveTypes(Manager.java:1040)
	at ptolemy.actor.Manager.initialize(Manager.java:710)
	at ptolemy.actor.Manager.execute(Manager.java:356)
	at ptolemy.actor.Manager.run(Manager.java:1263)
	at ptolemy.actor.Manager$PtolemyRunThread.run(Manager.java:1933)
java.lang.RuntimeException: Execution failed
	at ptolemy.moml.MoMLSimpleApplication$UnloadThread.run(MoMLSimpleApplication.java:402)
Caused by: ptolemy.kernel.util.IllegalActionException: Found a zero delay loop containing .dependencyLoop2.original
  in .dependencyLoop2 and .dependencyLoop2.original
	at ptolemy.actor.util.CausalityInterfaceForComposites._computeOutputPortDepth(CausalityInterfaceForComposites.java:759)
	at ptolemy.actor.util.CausalityInterfaceForComposites._computeInputDepth(CausalityInterfaceForComposites.java:696)
	at ptolemy.actor.util.CausalityInterfaceForComposites._computeOutputPortDepth(CausalityInterfaceForComposites.java:765)
	at ptolemy.actor.util.CausalityInterfaceForComposites._computeInputDepth(CausalityInterfaceForComposites.java:696)
	at ptolemy.actor.util.CausalityInterfaceForComposites._computeOutputPortDepth(CausalityInterfaceForComposites.java:765)
	at ptolemy.actor.util.CausalityInterfaceForComposites._computeInputDepth(CausalityInterfaceForComposites.java:696)
	at ptolemy.actor.util.CausalityInterfaceForComposites._computeActorDepth(CausalityInterfaceForComposites.java:532)
	at ptolemy.actor.util.CausalityInterfaceForComposites.checkForCycles(CausalityInterfaceForComposites.java:96)
	at ptolemy.domains.de.kernel.DEDirector.preinitialize(DEDirector.java:1338)
	at ptolemy.actor.CompositeActor.preinitialize(CompositeActor.java:1828)
	at ptolemy.actor.Manager.preinitializeAndResolveTypes(Manager.java:1040)
	at ptolemy.actor.Manager.initialize(Manager.java:710)
	at ptolemy.actor.Manager.execute(Manager.java:356)
	at ptolemy.actor.Manager.run(Manager.java:1263)
	at ptolemy.actor.Manager$PtolemyRunThread.run(Manager.java:1933)
java.lang.RuntimeException: Execution failed
	at ptolemy.moml.MoMLSimpleApplication$UnloadThread.run(MoMLSimpleApplication.java:402)
Caused by: ptolemy.kernel.util.IllegalActionException: Actor is not ready to fire.  Perhaps UpSample.prefire() returned false? Try debugging the actor by selecting "Listen to Actor".  Also, for SDF check moml for tokenConsumptionRate on input.
  in .DESDFClockTest.Play Bell.Copy1:SDF Director and .DESDFClockTest.Play Bell.UpSample
	at ptolemy.actor.sched.StaticSchedulingDirector.fire(StaticSchedulingDirector.java:227)
	at ptolemy.domains.sdf.kernel.SDFDirector.fire(SDFDirector.java:500)
	at ptolemy.actor.CompositeActor.fire(CompositeActor.java:455)
	at ptolemy.domains.de.kernel.DEDirector._fire(DEDirector.java:1949)
	at ptolemy.domains.de.kernel.DEDirector.fire(DEDirector.java:502)
	at ptolemy.actor.CompositeActor.fire(CompositeActor.java:455)
	at ptolemy.actor.Manager.iterate(Manager.java:851)
	at ptolemy.actor.Manager.execute(Manager.java:369)
	at ptolemy.actor.Manager.run(Manager.java:1263)
	at ptolemy.actor.Manager$PtolemyRunThread.run(Manager.java:1933)
java.lang.RuntimeException: Execution failed
	at ptolemy.moml.MoMLSimpleApplication$UnloadThread.run(MoMLSimpleApplication.java:402)
Caused by: ptolemy.kernel.util.IllegalActionException: Actor is not ready to fire.  Perhaps UpSample.prefire() returned false? Try debugging the actor by selecting "Listen to Actor".  Also, for SDF check moml for tokenConsumptionRate on input.
  in .DESDFClockTest.Play Bell.Copy1:SDF Director and .DESDFClockTest.Play Bell.UpSample
	at ptolemy.actor.sched.StaticSchedulingDirector.fire(StaticSchedulingDirector.java:227)
	at ptolemy.domains.sdf.kernel.SDFDirector.fire(SDFDirector.java:500)
	at ptolemy.actor.CompositeActor.fire(CompositeActor.java:455)
	at ptolemy.domains.de.kernel.DEDirector._fire(DEDirector.java:1949)
	at ptolemy.domains.de.kernel.DEDirector.fire(DEDirector.java:502)
	at ptolemy.actor.CompositeActor.fire(CompositeActor.java:455)
	at ptolemy.actor.Manager.iterate(Manager.java:851)
	at ptolemy.actor.Manager.execute(Manager.java:369)
	at ptolemy.actor.Manager.run(Manager.java:1263)
	at ptolemy.actor.Manager$PtolemyRunThread.run(Manager.java:1933)
java.lang.reflect.InvocationTargetException
	at java.base/jdk.internal.reflect.NativeConstructorAccessorImpl.newInstance0(Native Method)
	at java.base/jdk.internal.reflect.NativeConstructorAccessorImpl.newInstance(NativeConstructorAccessorImpl.java:62)
	at java.base/jdk.internal.reflect.DelegatingConstructorAccessorImpl.newInstance(DelegatingConstructorAccessorImpl.java:45)
	at java.base/java.lang.reflect.Constructor.newInstance(Constructor.java:490)
	at ptolemy.util.test.junit.AutoKnownFailedTests.RunModel(AutoKnownFailedTests.java:105)
	at java.base/jdk.internal.reflect.NativeMethodAccessorImpl.invoke0(Native Method)
	at java.base/jdk.internal.reflect.NativeMethodAccessorImpl.invoke(NativeMethodAccessorImpl.java:62)
	at java.base/jdk.internal.reflect.DelegatingMethodAccessorImpl.invoke(DelegatingMethodAccessorImpl.java:43)
	at java.base/java.lang.reflect.Method.invoke(Method.java:566)
	at org.junit.runners.model.FrameworkMethod$1.runReflectiveCall(FrameworkMethod.java:44)
	at org.junit.internal.runners.model.ReflectiveCallable.run(ReflectiveCallable.java:15)
	at org.junit.runners.model.FrameworkMethod.invokeExplosively(FrameworkMethod.java:41)
	at junitparams.internal.InvokeParameterisedMethod.evaluate(InvokeParameterisedMethod.java:102)
	at org.junit.internal.runners.statements.FailOnTimeout$1.run(FailOnTimeout.java:28)
Caused by: ptolemy.kernel.util.IllegalActionException: Actor is not ready to fire.  Perhaps UpSample.prefire() returned false? Try debugging the actor by selecting "Listen to Actor".  Also, for SDF check moml for tokenConsumptionRate on input.
  in .DESDFClockTest.Play Bell.Copy1:SDF Director and .DESDFClockTest.Play Bell.UpSample
	at ptolemy.actor.sched.StaticSchedulingDirector.fire(StaticSchedulingDirector.java:227)
	at ptolemy.domains.sdf.kernel.SDFDirector.fire(SDFDirector.java:500)
	at ptolemy.actor.CompositeActor.fire(CompositeActor.java:455)
	at ptolemy.domains.de.kernel.DEDirector._fire(DEDirector.java:1949)
	at ptolemy.domains.de.kernel.DEDirector.fire(DEDirector.java:502)
	at ptolemy.actor.CompositeActor.fire(CompositeActor.java:455)
	at ptolemy.actor.Manager.iterate(Manager.java:851)
	at ptolemy.actor.Manager.execute(Manager.java:369)
	at ptolemy.actor.Manager.run(Manager.java:1263)
	at ptolemy.actor.Manager$PtolemyRunThread.run(Manager.java:1933)
java.lang.RuntimeException: Execution failed
	at ptolemy.moml.MoMLSimpleApplication$UnloadThread.run(MoMLSimpleApplication.java:402)
Caused by: ptolemy.kernel.util.IllegalActionException: Test fails in iteration 1.
Value was: 1.0. Should have been: 2.0
  in .DirectFeedback.Test
	at ptolemy.actor.lib.Test.fire(Test.java:268)
	at ptolemy.domains.de.kernel.DEDirector._fire(DEDirector.java:1949)
	at ptolemy.domains.de.kernel.DEDirector.fire(DEDirector.java:502)
	at ptolemy.actor.CompositeActor.fire(CompositeActor.java:455)
	at ptolemy.actor.Manager.iterate(Manager.java:851)
	at ptolemy.actor.Manager.execute(Manager.java:369)
	at ptolemy.actor.Manager.run(Manager.java:1263)
	at ptolemy.actor.Manager$PtolemyRunThread.run(Manager.java:1933)
java.lang.reflect.InvocationTargetException
	at java.base/jdk.internal.reflect.NativeConstructorAccessorImpl.newInstance0(Native Method)
	at java.base/jdk.internal.reflect.NativeConstructorAccessorImpl.newInstance(NativeConstructorAccessorImpl.java:62)
	at java.base/jdk.internal.reflect.DelegatingConstructorAccessorImpl.newInstance(DelegatingConstructorAccessorImpl.java:45)
	at java.base/java.lang.reflect.Constructor.newInstance(Constructor.java:490)
	at ptolemy.util.test.junit.AutoKnownFailedTests.RunModel(AutoKnownFailedTests.java:105)
	at java.base/jdk.internal.reflect.NativeMethodAccessorImpl.invoke0(Native Method)
	at java.base/jdk.internal.reflect.NativeMethodAccessorImpl.invoke(NativeMethodAccessorImpl.java:62)
	at java.base/jdk.internal.reflect.DelegatingMethodAccessorImpl.invoke(DelegatingMethodAccessorImpl.java:43)
	at java.base/java.lang.reflect.Method.invoke(Method.java:566)
	at org.junit.runners.model.FrameworkMethod$1.runReflectiveCall(FrameworkMethod.java:44)
	at org.junit.internal.runners.model.ReflectiveCallable.run(ReflectiveCallable.java:15)
	at org.junit.runners.model.FrameworkMethod.invokeExplosively(FrameworkMethod.java:41)
	at junitparams.internal.InvokeParameterisedMethod.evaluate(InvokeParameterisedMethod.java:102)
	at org.junit.internal.runners.statements.FailOnTimeout$1.run(FailOnTimeout.java:28)
Caused by: ptolemy.kernel.util.IllegalActionException: Test fails in iteration 1.
Value was: 1.0. Should have been: 2.0
  in .DirectFeedback.Test
	at ptolemy.actor.lib.Test.fire(Test.java:268)
	at ptolemy.domains.de.kernel.DEDirector._fire(DEDirector.java:1949)
	at ptolemy.domains.de.kernel.DEDirector.fire(DEDirector.java:502)
	at ptolemy.actor.CompositeActor.fire(CompositeActor.java:455)
	at ptolemy.actor.Manager.iterate(Manager.java:851)
	at ptolemy.actor.Manager.execute(Manager.java:369)
	at ptolemy.actor.Manager.run(Manager.java:1263)
	at ptolemy.actor.Manager$PtolemyRunThread.run(Manager.java:1933)
java.lang.RuntimeException: Execution failed
	at ptolemy.moml.MoMLSimpleApplication$UnloadThread.run(MoMLSimpleApplication.java:402)
Caused by: ptolemy.kernel.util.IllegalActionException: Found a zero delay loop containing .HierarchicalModel.A
  in .HierarchicalModel and .HierarchicalModel.A
	at ptolemy.actor.util.CausalityInterfaceForComposites._computeOutputPortDepth(CausalityInterfaceForComposites.java:759)
	at ptolemy.actor.util.CausalityInterfaceForComposites._computeInputDepth(CausalityInterfaceForComposites.java:696)
	at ptolemy.actor.util.CausalityInterfaceForComposites._computeOutputPortDepth(CausalityInterfaceForComposites.java:765)
	at ptolemy.actor.util.CausalityInterfaceForComposites._computeInputDepth(CausalityInterfaceForComposites.java:696)
	at ptolemy.actor.util.CausalityInterfaceForComposites._computeOutputPortDepth(CausalityInterfaceForComposites.java:765)
	at ptolemy.actor.util.CausalityInterfaceForComposites._computeInputDepth(CausalityInterfaceForComposites.java:696)
	at ptolemy.actor.util.CausalityInterfaceForComposites._computeActorDepth(CausalityInterfaceForComposites.java:532)
	at ptolemy.actor.util.CausalityInterfaceForComposites.checkForCycles(CausalityInterfaceForComposites.java:96)
	at ptolemy.domains.de.kernel.DEDirector.preinitialize(DEDirector.java:1338)
	at ptolemy.actor.CompositeActor.preinitialize(CompositeActor.java:1828)
	at ptolemy.actor.Manager.preinitializeAndResolveTypes(Manager.java:1040)
	at ptolemy.actor.Manager.initialize(Manager.java:710)
	at ptolemy.actor.Manager.execute(Manager.java:356)
	at ptolemy.actor.Manager.run(Manager.java:1263)
	at ptolemy.actor.Manager$PtolemyRunThread.run(Manager.java:1933)
java.lang.reflect.InvocationTargetException
	at java.base/jdk.internal.reflect.NativeConstructorAccessorImpl.newInstance0(Native Method)
	at java.base/jdk.internal.reflect.NativeConstructorAccessorImpl.newInstance(NativeConstructorAccessorImpl.java:62)
	at java.base/jdk.internal.reflect.DelegatingConstructorAccessorImpl.newInstance(DelegatingConstructorAccessorImpl.java:45)
	at java.base/java.lang.reflect.Constructor.newInstance(Constructor.java:490)
	at ptolemy.util.test.junit.AutoKnownFailedTests.RunModel(AutoKnownFailedTests.java:105)
	at java.base/jdk.internal.reflect.NativeMethodAccessorImpl.invoke0(Native Method)
	at java.base/jdk.internal.reflect.NativeMethodAccessorImpl.invoke(NativeMethodAccessorImpl.java:62)
	at java.base/jdk.internal.reflect.DelegatingMethodAccessorImpl.invoke(DelegatingMethodAccessorImpl.java:43)
	at java.base/java.lang.reflect.Method.invoke(Method.java:566)
	at org.junit.runners.model.FrameworkMethod$1.runReflectiveCall(FrameworkMethod.java:44)
	at org.junit.internal.runners.model.ReflectiveCallable.run(ReflectiveCallable.java:15)
	at org.junit.runners.model.FrameworkMethod.invokeExplosively(FrameworkMethod.java:41)
	at junitparams.internal.InvokeParameterisedMethod.evaluate(InvokeParameterisedMethod.java:102)
	at org.junit.internal.runners.statements.FailOnTimeout$1.run(FailOnTimeout.java:28)
Caused by: ptolemy.kernel.util.IllegalActionException: Found a zero delay loop containing .HierarchicalModel.A
  in .HierarchicalModel and .HierarchicalModel.A
	at ptolemy.actor.util.CausalityInterfaceForComposites._computeOutputPortDepth(CausalityInterfaceForComposites.java:759)
	at ptolemy.actor.util.CausalityInterfaceForComposites._computeInputDepth(CausalityInterfaceForComposites.java:696)
	at ptolemy.actor.util.CausalityInterfaceForComposites._computeOutputPortDepth(CausalityInterfaceForComposites.java:765)
	at ptolemy.actor.util.CausalityInterfaceForComposites._computeInputDepth(CausalityInterfaceForComposites.java:696)
	at ptolemy.actor.util.CausalityInterfaceForComposites._computeOutputPortDepth(CausalityInterfaceForComposites.java:765)
	at ptolemy.actor.util.CausalityInterfaceForComposites._computeInputDepth(CausalityInterfaceForComposites.java:696)
	at ptolemy.actor.util.CausalityInterfaceForComposites._computeActorDepth(CausalityInterfaceForComposites.java:532)
	at ptolemy.actor.util.CausalityInterfaceForComposites.checkForCycles(CausalityInterfaceForComposites.java:96)
	at ptolemy.domains.de.kernel.DEDirector.preinitialize(DEDirector.java:1338)
	at ptolemy.actor.CompositeActor.preinitialize(CompositeActor.java:1828)
	at ptolemy.actor.Manager.preinitializeAndResolveTypes(Manager.java:1040)
	at ptolemy.actor.Manager.initialize(Manager.java:710)
	at ptolemy.actor.Manager.execute(Manager.java:356)
	at ptolemy.actor.Manager.run(Manager.java:1263)
	at ptolemy.actor.Manager$PtolemyRunThread.run(Manager.java:1933)
java.lang.RuntimeException: Execution failed
	at ptolemy.moml.MoMLSimpleApplication$UnloadThread.run(MoMLSimpleApplication.java:402)
Caused by: ptolemy.kernel.util.IllegalActionException: Found a zero delay loop containing .dependencyLoop.original
  in .dependencyLoop and .dependencyLoop.original
	at ptolemy.actor.util.CausalityInterfaceForComposites._computeOutputPortDepth(CausalityInterfaceForComposites.java:759)
	at ptolemy.actor.util.CausalityInterfaceForComposites._computeInputDepth(CausalityInterfaceForComposites.java:696)
	at ptolemy.actor.util.CausalityInterfaceForComposites._computeOutputPortDepth(CausalityInterfaceForComposites.java:765)
	at ptolemy.actor.util.CausalityInterfaceForComposites._computeInputDepth(CausalityInterfaceForComposites.java:696)
	at ptolemy.actor.util.CausalityInterfaceForComposites._computeOutputPortDepth(CausalityInterfaceForComposites.java:765)
	at ptolemy.actor.util.CausalityInterfaceForComposites._computeInputDepth(CausalityInterfaceForComposites.java:696)
	at ptolemy.actor.util.CausalityInterfaceForComposites._computeActorDepth(CausalityInterfaceForComposites.java:532)
	at ptolemy.actor.util.CausalityInterfaceForComposites.checkForCycles(CausalityInterfaceForComposites.java:96)
	at ptolemy.domains.de.kernel.DEDirector.preinitialize(DEDirector.java:1338)
	at ptolemy.actor.CompositeActor.preinitialize(CompositeActor.java:1828)
	at ptolemy.actor.Manager.preinitializeAndResolveTypes(Manager.java:1040)
	at ptolemy.actor.Manager.initialize(Manager.java:710)
	at ptolemy.actor.Manager.execute(Manager.java:356)
	at ptolemy.actor.Manager.run(Manager.java:1263)
	at ptolemy.actor.Manager$PtolemyRunThread.run(Manager.java:1933)
java.lang.reflect.InvocationTargetException
	at java.base/jdk.internal.reflect.NativeConstructorAccessorImpl.newInstance0(Native Method)
	at java.base/jdk.internal.reflect.NativeConstructorAccessorImpl.newInstance(NativeConstructorAccessorImpl.java:62)
	at java.base/jdk.internal.reflect.DelegatingConstructorAccessorImpl.newInstance(DelegatingConstructorAccessorImpl.java:45)
	at java.base/java.lang.reflect.Constructor.newInstance(Constructor.java:490)
	at ptolemy.util.test.junit.AutoKnownFailedTests.RunModel(AutoKnownFailedTests.java:105)
	at java.base/jdk.internal.reflect.NativeMethodAccessorImpl.invoke0(Native Method)
	at java.base/jdk.internal.reflect.NativeMethodAccessorImpl.invoke(NativeMethodAccessorImpl.java:62)
	at java.base/jdk.internal.reflect.DelegatingMethodAccessorImpl.invoke(DelegatingMethodAccessorImpl.java:43)
	at java.base/java.lang.reflect.Method.invoke(Method.java:566)
	at org.junit.runners.model.FrameworkMethod$1.runReflectiveCall(FrameworkMethod.java:44)
	at org.junit.internal.runners.model.ReflectiveCallable.run(ReflectiveCallable.java:15)
	at org.junit.runners.model.FrameworkMethod.invokeExplosively(FrameworkMethod.java:41)
	at junitparams.internal.InvokeParameterisedMethod.evaluate(InvokeParameterisedMethod.java:102)
	at org.junit.internal.runners.statements.FailOnTimeout$1.run(FailOnTimeout.java:28)
Caused by: ptolemy.kernel.util.IllegalActionException: Found a zero delay loop containing .dependencyLoop.original
  in .dependencyLoop and .dependencyLoop.original
	at ptolemy.actor.util.CausalityInterfaceForComposites._computeOutputPortDepth(CausalityInterfaceForComposites.java:759)
	at ptolemy.actor.util.CausalityInterfaceForComposites._computeInputDepth(CausalityInterfaceForComposites.java:696)
	at ptolemy.actor.util.CausalityInterfaceForComposites._computeOutputPortDepth(CausalityInterfaceForComposites.java:765)
	at ptolemy.actor.util.CausalityInterfaceForComposites._computeInputDepth(CausalityInterfaceForComposites.java:696)
	at ptolemy.actor.util.CausalityInterfaceForComposites._computeOutputPortDepth(CausalityInterfaceForComposites.java:765)
	at ptolemy.actor.util.CausalityInterfaceForComposites._computeInputDepth(CausalityInterfaceForComposites.java:696)
	at ptolemy.actor.util.CausalityInterfaceForComposites._computeActorDepth(CausalityInterfaceForComposites.java:532)
	at ptolemy.actor.util.CausalityInterfaceForComposites.checkForCycles(CausalityInterfaceForComposites.java:96)
	at ptolemy.domains.de.kernel.DEDirector.preinitialize(DEDirector.java:1338)
	at ptolemy.actor.CompositeActor.preinitialize(CompositeActor.java:1828)
	at ptolemy.actor.Manager.preinitializeAndResolveTypes(Manager.java:1040)
	at ptolemy.actor.Manager.initialize(Manager.java:710)
	at ptolemy.actor.Manager.execute(Manager.java:356)
	at ptolemy.actor.Manager.run(Manager.java:1263)
	at ptolemy.actor.Manager$PtolemyRunThread.run(Manager.java:1933)
java.lang.RuntimeException: Execution failed
	at ptolemy.moml.MoMLSimpleApplication$UnloadThread.run(MoMLSimpleApplication.java:402)
Caused by: ptolemy.kernel.util.IllegalActionException: Found a zero delay loop containing .dependencyLoop2.original
  in .dependencyLoop2 and .dependencyLoop2.original
	at ptolemy.actor.util.CausalityInterfaceForComposites._computeOutputPortDepth(CausalityInterfaceForComposites.java:759)
	at ptolemy.actor.util.CausalityInterfaceForComposites._computeInputDepth(CausalityInterfaceForComposites.java:696)
	at ptolemy.actor.util.CausalityInterfaceForComposites._computeOutputPortDepth(CausalityInterfaceForComposites.java:765)
	at ptolemy.actor.util.CausalityInterfaceForComposites._computeInputDepth(CausalityInterfaceForComposites.java:696)
	at ptolemy.actor.util.CausalityInterfaceForComposites._computeOutputPortDepth(CausalityInterfaceForComposites.java:765)
	at ptolemy.actor.util.CausalityInterfaceForComposites._computeInputDepth(CausalityInterfaceForComposites.java:696)
	at ptolemy.actor.util.CausalityInterfaceForComposites._computeActorDepth(CausalityInterfaceForComposites.java:532)
	at ptolemy.actor.util.CausalityInterfaceForComposites.checkForCycles(CausalityInterfaceForComposites.java:96)
	at ptolemy.domains.de.kernel.DEDirector.preinitialize(DEDirector.java:1338)
	at ptolemy.actor.CompositeActor.preinitialize(CompositeActor.java:1828)
	at ptolemy.actor.Manager.preinitializeAndResolveTypes(Manager.java:1040)
	at ptolemy.actor.Manager.initialize(Manager.java:710)
	at ptolemy.actor.Manager.execute(Manager.java:356)
	at ptolemy.actor.Manager.run(Manager.java:1263)
	at ptolemy.actor.Manager$PtolemyRunThread.run(Manager.java:1933)
java.lang.reflect.InvocationTargetException
	at java.base/jdk.internal.reflect.NativeConstructorAccessorImpl.newInstance0(Native Method)
	at java.base/jdk.internal.reflect.NativeConstructorAccessorImpl.newInstance(NativeConstructorAccessorImpl.java:62)
	at java.base/jdk.internal.reflect.DelegatingConstructorAccessorImpl.newInstance(DelegatingConstructorAccessorImpl.java:45)
	at java.base/java.lang.reflect.Constructor.newInstance(Constructor.java:490)
	at ptolemy.util.test.junit.AutoKnownFailedTests.RunModel(AutoKnownFailedTests.java:105)
	at java.base/jdk.internal.reflect.NativeMethodAccessorImpl.invoke0(Native Method)
	at java.base/jdk.internal.reflect.NativeMethodAccessorImpl.invoke(NativeMethodAccessorImpl.java:62)
	at java.base/jdk.internal.reflect.DelegatingMethodAccessorImpl.invoke(DelegatingMethodAccessorImpl.java:43)
	at java.base/java.lang.reflect.Method.invoke(Method.java:566)
	at org.junit.runners.model.FrameworkMethod$1.runReflectiveCall(FrameworkMethod.java:44)
	at org.junit.internal.runners.model.ReflectiveCallable.run(ReflectiveCallable.java:15)
	at org.junit.runners.model.FrameworkMethod.invokeExplosively(FrameworkMethod.java:41)
	at junitparams.internal.InvokeParameterisedMethod.evaluate(InvokeParameterisedMethod.java:102)
	at org.junit.internal.runners.statements.FailOnTimeout$1.run(FailOnTimeout.java:28)
Caused by: ptolemy.kernel.util.IllegalActionException: Found a zero delay loop containing .dependencyLoop2.original
  in .dependencyLoop2 and .dependencyLoop2.original
	at ptolemy.actor.util.CausalityInterfaceForComposites._computeOutputPortDepth(CausalityInterfaceForComposites.java:759)
	at ptolemy.actor.util.CausalityInterfaceForComposites._computeInputDepth(CausalityInterfaceForComposites.java:696)
	at ptolemy.actor.util.CausalityInterfaceForComposites._computeOutputPortDepth(CausalityInterfaceForComposites.java:765)
	at ptolemy.actor.util.CausalityInterfaceForComposites._computeInputDepth(CausalityInterfaceForComposites.java:696)
	at ptolemy.actor.util.CausalityInterfaceForComposites._computeOutputPortDepth(CausalityInterfaceForComposites.java:765)
	at ptolemy.actor.util.CausalityInterfaceForComposites._computeInputDepth(CausalityInterfaceForComposites.java:696)
	at ptolemy.actor.util.CausalityInterfaceForComposites._computeActorDepth(CausalityInterfaceForComposites.java:532)
	at ptolemy.actor.util.CausalityInterfaceForComposites.checkForCycles(CausalityInterfaceForComposites.java:96)
	at ptolemy.domains.de.kernel.DEDirector.preinitialize(DEDirector.java:1338)
	at ptolemy.actor.CompositeActor.preinitialize(CompositeActor.java:1828)
	at ptolemy.actor.Manager.preinitializeAndResolveTypes(Manager.java:1040)
	at ptolemy.actor.Manager.initialize(Manager.java:710)
	at ptolemy.actor.Manager.execute(Manager.java:356)
	at ptolemy.actor.Manager.run(Manager.java:1263)
	at ptolemy.actor.Manager$PtolemyRunThread.run(Manager.java:1933)
]]></system-err>
</testsuite>
