<?xml version="1.0" encoding="UTF-8" ?>
<testsuite errors="0" failures="0" hostname="travis-job-359545de-1a45-44d8-91fa-d4e19bd4145e" name="ptolemy.actor.lib.test.junit.JUnitTclTest" skipped="0" tests="517" time="59.027" timestamp="2018-10-17T02:31:56">
  <properties>
    <property name="npm.executable" value="npm" />
    <property name="file.encoding.pkg" value="sun.io" />
    <property name="env.TRAVIS_ROOT" value="/" />
    <property name="ptII.mk.exists" value="true" />
    <property name="env.TRAVIS_APP_HOST" value="build.travis-ci.org" />
    <property name="env.rvm_bin_path" value="/home/travis/.rvm/bin" />
    <property name="java.home" value="/usr/lib/jvm/java-8-oracle/jre" />
    <property name="env.TRAVIS_JOB_NUMBER" value="781.8" />
    <property name="env.TRAVIS_HOME" value="/home/travis" />
    <property name="env.DISPLAY" value=":99.0" />
    <property name="java.net.preferIPv4Stack" value="true" />
    <property name="env.TRAVIS_INIT" value="upstart" />
    <property name="env.SSH_TTY" value="/dev/pts/0" />
    <property name="env.RUN_TESTS" value="false" />
    <property name="timeout.short" value="1000000" />
    <property name="env.TRAVIS_STACK_NODE_ATTRIBUTES" value="/.node-attributes.yml" />
    <property name="junit.formatter" value="xml" />
    <property name="java.endorsed.dirs" value="/usr/lib/jvm/java-8-oracle/jre/lib/endorsed" />
    <property name="env.TRAVIS_SUDO" value="true" />
    <property name="env.LOGNAME" value="travis" />
    <property name="env.PT_TRAVIS_TEST_CORE1_XML" value="true" />
    <property name="jsdoc.home" value="node_modules/@terraswarm/jsdoc" />
    <property name="debuglevel" value="source,lines,vars" />
    <property name="checkstyle.formatter" value="xml" />
    <property name="bin.vergil.makeable" value="true" />
    <property name="env._system_version" value="14.04" />
    <property name="sun.os.patch.level" value="unknown" />
    <property name="java.vendor.url" value="http://java.oracle.com/" />
    <property name="env.TRAVIS_BUILD_WEB_URL" value="https://travis-ci.org/icyphy/ptII/builds/442469724" />
    <property name="java.version" value="1.8.0_151" />
    <property name="env.TZ" value="UTC" />
    <property name="env.PT_NO_NET" value="true" />
    <property name="env.TRAVIS_PULL_REQUEST_SHA" value="" />
    <property name="env.TRAVIS_SECURE_ENV_VARS" value="true" />
    <property name="env._system_type" value="Linux" />
    <property name="java.vendor.url.bug" value="http://bugreport.sun.com/bugreport/" />
    <property name="env.SSH_CLIENT" value="10.10.16.50 52596 22" />
    <property name="npmjs-org-is-up" value="true" />
    <property name="env.GEM_HOME" value="/home/travis/.rvm/gems/ruby-2.4.1" />
    <property name="env.HAS_ANTARES_THREE_LITTLE_FRONZIES_BADGE" value="true" />
    <property name="env.PS4" value="+" />
    <property name="ant.project.invoked-targets" value="build,test.core1.xml" />
    <property name="env.TRAVIS_PULL_REQUEST_BRANCH" value="" />
    <property name="env.TRAVIS_REPO_SLUG" value="icyphy/ptII" />
    <property name="node.in.path" value="true" />
    <property name="java.maxmemory" value="1400m" />
    <property name="env.RUBY_VERSION" value="ruby-2.4.1" />
    <property name="user.name" value="travis" />
    <property name="env.LANG" value="en_US.UTF-8" />
    <property name="sun.io.unicode.encoding" value="UnicodeLittle" />
    <property name="sun.jnu.encoding" value="UTF-8" />
    <property name="java.runtime.name" value="Java(TM) SE Runtime Environment" />
    <property name="usefile" value="false" />
    <property name="return.code" value="0" />
    <property name="junit.single.formatter" value="plain" />
    <property name="env.DEBIAN_FRONTEND" value="noninteractive" />
    <property name="env.SSH_CONNECTION" value="10.10.16.50 52596 10.20.0.37 22" />
    <property name="env.MYSQL_UNIX_PORT" value="/var/run/mysqld/mysqld.sock" />
    <property name="env.TRAVIS_ALLOW_FAILURE" value="false" />
    <property name="env.LC_ALL" value="en_US.UTF-8" />
    <property name="env.TRAVIS_JOB_WEB_URL" value="https://travis-ci.org/icyphy/ptII/jobs/442469732" />
    <property name="java.specification.name" value="Java Platform API Specification" />
    <property name="node.works" value="true" />
    <property name="user.timezone" value="" />
    <property name="path.separator" value=":" />
    <property name="env.TRAVIS_ENABLE_INFRA_DETECTION" value="true" />
    <property name="env.PYTHON_CFLAGS" value="-g -fstack-protector --param=ssp-buffer-size=4 -Wformat -Werror=format-security" />
    <property name="timeout.long" value="4000000" />
    <property name="file.encoding" value="UTF-8" />
    <property name="ant.file.ptII" value="/home/travis/build/icyphy/ptII/build.xml" />
    <property name="javadoc.packagenames" value="com.*,diva.*,lbnl.*,org.hlacerti.*,org.json.*,org.ptolemy.*,org.terraswarm.*,ptolemy.*,ptserver.*" />
    <property name="env.TRAVIS_PULL_REQUEST_SLUG" value="" />
    <property name="ant.project.default-target" value="build" />
    <property name="env.GIT_ASKPASS" value="echo" />
    <property name="env.HOME" value="/home/travis" />
    <property name="sun.java.command" value="org.apache.tools.ant.taskdefs.optional.junit.JUnitTestRunner ptolemy.actor.lib.test.junit.JUnitTclTest skipNonTests=false filtertrace=true haltOnError=false haltOnFailure=false formatter=org.apache.tools.ant.taskdefs.optional.junit.OutErrSummaryJUnitResultFormatter showoutput=true outputtoformatters=true logfailedtests=true threadid=0 logtestlistenerevents=false formatter=org.apache.tools.ant.taskdefs.optional.junit.XMLJUnitResultFormatter,/home/travis/build/icyphy/ptII/reports/junit/TEST-ptolemy.actor.lib.test.junit.JUnitTclTest.xml crashfile=/home/travis/build/icyphy/ptII/junitvmwatcher962743480867032885.properties propsfile=/home/travis/build/icyphy/ptII/junit1679831783271161032.properties" />
    <property name="env.MANPATH" value="/home/travis/.nvm/versions/node/v7.10.1/share/man:/home/travis/.kiex/elixirs/elixir-1.4.5/man:/home/travis/.rvm/rubies/ruby-2.4.1/share/man:/usr/local/man:/usr/local/cmake-3.9.2/man:/usr/local/clang-5.0.0/share/man:/usr/local/share/man:/usr/share/man:/home/travis/.rvm/man" />
    <property name="env.COMPOSER_NO_INTERACTION" value="1" />
    <property name="env.JDK_SWITCHER_DEFAULT" value="oraclejdk8" />
    <property name="env.TRAVIS_TIMER_ID" value="276f7ed2" />
    <property name="ant.file" value="/home/travis/build/icyphy/ptII/build.xml" />
    <property name="env.TRAVIS_COMMIT_RANGE" value="b01a34368636b71fc0214d6f1d4a9e008037287b...46fa5ae4eb0d551c71416d2b77857ba193c9edae" />
    <property name="env._system_name" value="Ubuntu" />
    <property name="timeout" value="2400000" />
    <property name="ptII.classpath.optional.property" value="/home/travis/build/icyphy/ptII/lib/bsh-2.0b4.jar:/home/travis/build/icyphy/ptII/lib/ptCal.jar:/home/travis/build/icyphy/ptII/lib/java_cup.jar:/home/travis/build/icyphy/ptII/lib/saxon8.jar:/home/travis/build/icyphy/ptII/lib/saxon8-dom.jar:/home/travis/build/icyphy/ptII/lib/chic.jar:/home/travis/build/icyphy/ptII/lib/ptcolt.jar:/usr/lib/jvm/java-8-oracle/lib/tools.jar:/usr/lib/eclipse/plugins/org.eclipse.jdt.core_3.8.2.dist.jar:/usr/lib/eclipse/plugins/org.eclipse.core.runtime_3.8.0.dist.jar:/usr/lib/eclipse/plugins/org.eclipse.osgi_3.8.1.dist.jar:/usr/lib/eclipse/plugins/org.eclipse.core.resources_3.8.1.dist.jar:/usr/lib/eclipse/plugins/org.eclipse.equinox.common_3.6.100.dist.jar:/usr/lib/eclipse/plugins/org.eclipse.core.jobs_3.5.200.dist.jar:/usr/lib/eclipse/plugins/org.eclipse.core.contenttype_3.4.200.dist.jar:/usr/lib/eclipse/plugins/org.eclipse.equinox.preferences_3.5.0.dist.jar:/usr/lib/eclipse/plugins/org.eclipse.text_3.5.200.dist.jar:/usr/lib/eclipse/plugins/org.eclipse.ui.workbench_3.8.1.dist.jar:/usr/lib/eclipse/plugins/org.eclipse.jface_3.8.0.dist.jar:/usr/lib/eclipse/plugins/org.eclipse.swt_3.8.2.jar:/usr/lib/eclipse/plugins/org.eclipse.jface.text_3.8.1.dist.jar:/usr/lib/eclipse/plugins/org.eclipse.ui.workbench.texteditor_3.8.0.dist.jar:/usr/lib/eclipse/plugins/org.eclipse.ui.editors_3.8.0.dist.jar:/usr/lib/eclipse/plugins/org.eclipse.core.commands_3.6.1.dist.jar:/usr/lib/eclipse/plugins/org.eclipse.equinox.registry_3.5.200.dist.jar:/usr/lib/eclipse/plugins/org.eclipse.ui.console_3.5.100.dist.jar:/usr/lib/eclipse/plugins/org.eclipse.ui.forms_3.5.200.dist.jar:/usr/lib/eclipse/plugins/org.eclipse.ui.ide_3.8.1.dist.jar:/home/travis/build/icyphy/ptII/vendors/oracle/dbxml.jar:/home/travis/build/icyphy/ptII/vendors/oracle/db.jar:/home/travis/build/icyphy/ptII/vendors/misc/itext/iText.jar:/home/travis/build/icyphy/ptII/lib/g4ltl.jar:/home/travis/build/icyphy/ptII/lib/StructuralCoder.jar:/home/travis/build/icyphy/ptII/lib/org-openide-util.jar:/home/travis/build/icyphy/ptII/lib/org-openide-util-lookup.jar:/home/travis/build/icyphy/ptII/lib/org-netbeans-api-visual.jar:/home/travis/build/icyphy/ptII/vendors/jai-1_1_2_01/lib/jai_core.jar:/home/travis/build/icyphy/ptII/vendors/jai-1_1_2_01/lib/jai_codec.jar:/home/travis/build/icyphy/ptII/lib/jcerti.jar:/home/travis/build/icyphy/ptII/lib/smack.jar:/home/travis/build/icyphy/ptII/lib/smackx.jar:/home/travis/build/icyphy/ptII/lib/jetty-all-8.1.5-v20120716.jar:/home/travis/build/icyphy/ptII/lib/javax.servlet-api-3.0.1.jar:/home/travis/build/icyphy/ptII/lib/javax.mail.jar:/home/travis/build/icyphy/ptII/vendors/JMF-2.1.1e/lib/jmf.jar:/home/travis/build/icyphy/ptII/lib/jna-4.0.0-variadic.jar:/home/travis/build/icyphy/ptII/vendors/misc/joystick/Joystick.jar:/home/travis/build/icyphy/ptII/lib/ptjacl.jar:/home/travis/build/icyphy/ptII/lib/jsoup-1.8.2.jar:/home/travis/build/icyphy/ptII/lib/junit-4.8.2.jar:/home/travis/build/icyphy/ptII/lib/JUnitParams-0.4.0.jar:/home/travis/build/icyphy/ptII/ptolemy/actor/lib/excel/jxl.jar:/home/travis/build/icyphy/ptII/lib/jython.jar:/home/travis/build/icyphy/ptII/lib/kieler.jar:/home/travis/build/icyphy/ptII/vendors/opencv/share/OpenCV/java/opencv-341.jar:/home/travis/build/icyphy/ptII/lib/oscP5.jar:/home/travis/build/icyphy/ptII/lib/nrjavaserial-3.11.0.devel.jar:/home/travis/build/icyphy/ptII/vendors/j3d/lib/j3dcore.jar:/home/travis/build/icyphy/ptII/vendors/j3d/lib/j3dutils.jar:/home/travis/build/icyphy/ptII/vendors/j3d/lib/vecmath.jar:/home/travis/build/icyphy/ptII/ptolemy/distributed/jini/jar/jini-core.jar:/home/travis/build/icyphy/ptII/ptolemy/distributed/jini/jar/jini-ext.jar:/home/travis/build/icyphy/ptII/ptolemy/distributed/jini/jar/sun-util.jar:/home/travis/build/icyphy/ptII/lib/protobuf-java-2.4.1.jar:/home/travis/build/icyphy/ptII/lib/org.eclipse.paho.client.mqttv3.jar:/home/travis/build/icyphy/ptII/ptserver/lib/hessian-4.0.7.jar:/home/travis/build/icyphy/ptII/ptserver/lib/wmqtt.jar:/home/travis/build/icyphy/ptII/lib/mapss.jar:/home/travis/build/icyphy/ptII/ptolemy/actor/ptalon/antlr/antlr.jar:/home/travis/build/icyphy/ptII/lib/JRI.jar:/home/travis/build/icyphy/ptII/lib/commons-lang-2.6.jar:/home/travis/build/icyphy/ptII/lib/commons-logging-1.1.1.jar:/home/travis/build/icyphy/ptII/lib/sootclasses.jar:/home/travis/build/icyphy/ptII/ptolemy/actor/lib/database/mysql-connector-java-5.1.6-bin.jar:/home/travis/build/icyphy/ptII/vendors/misc/sphinx4/sphinx4-data-5prealpha.jar:/home/travis/build/icyphy/ptII/vendors/misc/sphinx4/sphinx4-core-5prealpha.jar:/home/travis/build/icyphy/ptII/lib/PDFRenderer.jar:/home/travis/build/icyphy/ptII/lib/svgSalamander.jar:/home/travis/build/icyphy/ptII/lib/rsyntaxtextarea-2.6.0-SNAPSHOT.jar:/home/travis/build/icyphy/ptII/lib/hazelcast-3.8.2.jar:/home/travis/build/icyphy/ptII/lib/jackson-annotations-2.9.0.jar:/home/travis/build/icyphy/ptII/lib/jackson-core-2.9.3.jar:/home/travis/build/icyphy/ptII/lib/jackson-databind-2.9.3.jar:/home/travis/build/icyphy/ptII/lib/netty-buffer-4.1.19.Final.jar:/home/travis/build/icyphy/ptII/lib/netty-codec-4.1.19.Final.jar:/home/travis/build/icyphy/ptII/lib/netty-codec-dns-4.1.19.Final.jar:/home/travis/build/icyphy/ptII/lib/netty-codec-http-4.1.19.Final.jar:/home/travis/build/icyphy/ptII/lib/netty-codec-http2-4.1.19.Final.jar:/home/travis/build/icyphy/ptII/lib/netty-common-4.1.19.Final.jar:/home/travis/build/icyphy/ptII/lib/netty-handler-4.1.19.Final.jar:/home/travis/build/icyphy/ptII/lib/netty-resolver-4.1.19.Final.jar:/home/travis/build/icyphy/ptII/lib/netty-resolver-dns-4.1.19.Final.jar:/home/travis/build/icyphy/ptII/lib/netty-transport-4.1.19.Final.jar:/home/travis/build/icyphy/ptII/lib/vertx-codegen-3.5.1.jar:/home/travis/build/icyphy/ptII/lib/vertx-core-3.5.2-SNAPSHOT.jar:/home/travis/build/icyphy/ptII/lib/vertx-hazelcast-3.5.1.jar:/home/travis/build/icyphy/ptII/lib/vertx-lang-js-3.5.1.jar:/home/travis/build/icyphy/ptII/lib/vertx-service-proxy-3.5.1.jar:/home/travis/build/icyphy/ptII/lib/vertx-web-3.5.1.jar:/home/travis/build/icyphy/ptII/lib/slf4j-api-1.7.13.jar:/home/travis/build/icyphy/ptII/lib/slf4j-simple-1.7.13.jar:/home/travis/build/icyphy/ptII/lib/webcam-capture-0.3.12.jar:/home/travis/build/icyphy/ptII/lib/bridj-0.7.0.jar:/home/travis/build/icyphy/ptII/lib/xbjlib-1.1.0.nrjavaserial.jar" />
    <property name="test.batch" value="**/junit/*.java" />
    <property name="env._" value="/usr/bin/timeout" />
    <property name="java.io.tmpdir" value="/tmp" />
    <property name="env.TRAVIS_INTERNAL_RUBY_REGEX" value="^ruby-(2\.[0-2]\.[0-9]|1\.9\.3)" />
    <property name="user.language" value="en" />
    <property name="env.HISTCONTROL" value="ignoredups:ignorespace" />
    <property name="env.GOROOT" value="/home/travis/.gimme/versions/go1.7.4.linux.amd64" />
    <property name="line.separator" value="&#xa;" />
    <property name="target" value="1.8" />
    <property name="env.TRAVIS_BUILD_DIR" value="/home/travis/build/icyphy/ptII" />
    <property name="env.ANT_OPTS" value="-Xmx2048m" />
    <property name="ant.file.type" value="file" />
    <property name="ptolemy.ptII.batchMode" value="true" />
    <property name="env.HISTSIZE" value="1000" />
    <property name="env.MERB_ENV" value="test" />
    <property name="java.vm.info" value="mixed mode" />
    <property name="source" value="1.8" />
    <property name="java.vm.specification.name" value="Java Virtual Machine Specification" />
    <property name="env.TRAVIS_TEST_RESULT" value="0" />
    <property name="jsdoc.command" value="node_modules/@terraswarm/jsdoc/jsdoc.js" />
    <property name="npm.works" value="true" />
    <property name="cobertura.dir" value="/home/travis/build/icyphy/ptII/vendors/cobertura-2.0.3" />
    <property name="env.rvm_path" value="/home/travis/.rvm" />
    <property name="env.GEM_PATH" value="/home/travis/.rvm/gems/ruby-2.4.1:/home/travis/.rvm/gems/ruby-2.4.1@global" />
    <property name="env.LC_CTYPE" value="en_US.UTF-8" />
    <property name="java.awt.printerjob" value="sun.print.PSPrinterJob" />
    <property name="env.TRAVIS_CMD" value="$PTII/bin/ptIITravisBuild.sh $SECONDS" />
    <property name="env.TRAVIS_STACK_NAME" value="garnet" />
    <property name="env.TRAVIS_TIMER_START_TIME" value="1539743152260567183" />
    <property name="ant.version" value="Apache Ant(TM) version 1.10.1 compiled on February 2 2017" />
    <property name="ptII.reports" value="/home/travis/build/icyphy/ptII/reports" />
    <property name="env.TRAVIS_STACK_TIMESTAMP" value="2017-12-05 19:33:09 UTC" />
    <property name="ant.file.type.ptII" value="file" />
    <property name="env.RBENV_SHELL" value="bash" />
    <property name="os.name" value="Linux" />
    <property name="java.specification.vendor" value="Oracle Corporation" />
    <property name="env.rvm_version" value="1.29.3 (latest)" />
    <property name="env.TRAVIS_INFRA" value="gce" />
    <property name="env.TERM" value="xterm" />
    <property name="java.vm.name" value="Java HotSpot(TM) 64-Bit Server VM" />
    <property name="env.TRAVIS_BUILD_NUMBER" value="781" />
    <property name="env.CI" value="true" />
    <property name="java.library.path" value="/usr/lib/jni:/usr/local/share/OpenCV/java/:/usr/share/OpenCV/java::/usr/java/packages/lib/amd64:/usr/lib64:/lib64:/lib:/usr/lib" />
    <property name="env.rvm_prefix" value="/home/travis" />
    <property name="env.PATH" value="/home/travis/.rvm/gems/ruby-2.4.1/bin:/home/travis/.rvm/gems/ruby-2.4.1@global/bin:/home/travis/.rvm/rubies/ruby-2.4.1/bin:/home/travis/.rvm/bin:/home/travis/.nvm/versions/node/v7.10.1/bin:./node_modules/.bin:/home/travis/build/icyphy/ptII/bin:/home/travis/pthla/certi-tools/bin:/home/travis/bin:/home/travis/.local/bin:/opt/pyenv/shims:/home/travis/.phpenv/shims:/home/travis/perl5/perlbrew/bin:/home/travis/.kiex/elixirs/elixir-1.4.5/bin:/home/travis/.kiex/bin:/home/travis/gopath/bin:/home/travis/.gimme/versions/go1.7.4.linux.amd64/bin:/usr/local/phantomjs/bin:/usr/local/phantomjs:/usr/local/neo4j-3.2.7/bin:/usr/local/maven-3.5.2/bin:/usr/local/cmake-3.9.2/bin:/usr/local/clang-5.0.0/bin:/usr/local/sbin:/usr/local/bin:/usr/sbin:/usr/bin:/sbin:/bin:/home/travis/.phpenv/bin:/opt/pyenv/bin:/home/travis/.yarn/bin" />
    <property name="env.TRAVIS_OS_NAME" value="linux" />
    <property name="ant.java.version" value="1.8" />
    <property name="basedir" value="/home/travis/build/icyphy/ptII" />
    <property name="java.class.version" value="52.0" />
    <property name="env.SHLVL" value="3" />
    <property name="env.LD_LIBRARY_PATH" value="/usr/lib/jni:/usr/local/share/OpenCV/java/:/usr/share/OpenCV/java:" />
    <property name="env.RACK_ENV" value="test" />
    <property name="ant.home" value="/home/travis/build/icyphy/ptII/ant" />
    <property name="env.NVM_DIR" value="/home/travis/.nvm" />
    <property name="env.PERLBREW_BASHRC_VERSION" value="0.80" />
    <property name="env.TRAVIS_BUILD_ID" value="442469724" />
    <property name="env.PYENV_ROOT" value="/opt/pyenv" />
    <property name="env.TRAVIS_UID" value="2000" />
    <property name="env.rvm_pretty_print_flag" value="auto" />
    <property name="env.NVM_BIN" value="/home/travis/.nvm/versions/node/v7.10.1/bin" />
    <property name="env.TRAVIS_COMMIT" value="46fa5ae4eb0d551c71416d2b77857ba193c9edae" />
    <property name="env._system_arch" value="x86_64" />
    <property name="node.executable" value="node" />
    <property name="sun.boot.library.path" value="/usr/lib/jvm/java-8-oracle/jre/lib/amd64" />
    <property name="sun.management.compiler" value="HotSpot 64-Bit Tiered Compilers" />
    <property name="env.GOPATH" value="/home/travis/gopath" />
    <property name="java.awt.graphicsenv" value="sun.awt.X11GraphicsEnvironment" />
    <property name="ptolemy.ptII.dir" value="/home/travis/build/icyphy/ptII" />
    <property name="env.USER" value="travis" />
    <property name="env.HISTFILESIZE" value="2000" />
    <property name="timeout.longest" value="19000000" />
    <property name="env.TRAVIS_STACK_FEATURES" value="basic cassandra chromium couchdb disabled-ipv6 docker docker-compose elasticsearch firefox go-toolchain google-chrome jdk memcached mongodb mysql neo4j nodejs_interpreter perl_interpreter perlbrew phantomjs postgresql python_interpreter rabbitmq redis riak ruby_interpreter sqlite xserver" />
    <property name="env.TRAVIS_PULL_REQUEST" value="false" />
    <property name="env.PYENV_SHELL" value="bash" />
    <property name="ant.project.name" value="ptII" />
    <property name="java.vm.specification.version" value="1.8" />
    <property name="env.ANSI_RESET" value="\033[0m" />
    <property name="env.TRAVIS_DIST" value="trusty" />
    <property name="env.NLSPATH" value="/usr/dt/lib/nls/msg/%L/%N.cat" />
    <property name="awt.toolkit" value="sun.awt.X11.XToolkit" />
    <property name="env.MY_RUBY_HOME" value="/home/travis/.rvm/rubies/ruby-2.4.1" />
    <property name="sun.cpu.isalist" value="" />
    <property name="env.TRAVIS_TMPDIR" value="/tmp/tmp.vdARVOKn5K" />
    <property name="java.ext.dirs" value="/usr/lib/jvm/java-8-oracle/jre/lib/ext:/usr/java/packages/lib/ext" />
    <property name="os.version" value="4.4.0-101-generic" />
    <property name="user.home" value="/home/travis" />
    <property name="env.MIX_ARCHIVES" value="/home/travis/.kiex/mix/elixir-1.4.5" />
    <property name="java.vm.vendor" value="Oracle Corporation" />
    <property name="env.TRAVIS_TAG" value="nightly" />
    <property name="env.ANSI_YELLOW" value="\033[33;1m" />
    <property name="env.TRAVIS_FILTERED" value="redirect_io" />
    <property name="env.ANSI_GREEN" value="\033[32;1m" />
    <property name="env.JAVA_HOME" value="/usr/lib/jvm/java-8-oracle" />
    <property name="javadoc.excludepackagenames" value="adm.cvs2svn.*,build.*,config.*,doc.coding.templates.*,jni.test.jni.meaningOfLife.*,jni.test.jni.testDeux.*,jni.test.jni.testTrois.*,org.terraswarm.accessor.accessors.web.node_modules.*,org.terraswarm.accessor.accessors.web.hosts.cordova.demo.*,org.terraswarm.accessor.accessors.web.hosts.cordova.plugins.*,org.terraswarm.accessor.accessors-svn.*,pt-modules.*,ptolemy.apps.agilent.*,ptolemy.apps.anytimecontrol.*,ptolemy.apps.apes.*,ptolemy.apps.charon.*,ptolemy.apps.crazyboard.*,ptolemy.apps.eclipse.*,ptolemy.apps.etherealSting.*,ptolemy.apps.fullscreen.*,ptolemy.apps.giotto.*,ptolemy.apps.ia.*,ptolemy.apps.interfaces.*,ptolemy.apps.jmf.*,ptolemy.apps.kurt.*,ptolemy.apps.kvm.*,ptolemy.apps.lego.*,ptolemy.apps.lejos.*,ptolemy.apps.midp.*,ptolemy.apps.mobileCoding.*,ptolemy.apps.pendulum.*,ptolemy.apps.rijndael.*,ptolemy.apps.robot.*,ptolemy.apps.security.*,ptolemy.apps.sobel.*,ptolemy.apps.soot.*,ptolemy.apps.throttle.*,ptolemy.apps.tini.*,ptolemy.apps.transmission.*,ptolemy.apps.vergil.*,ptolemy.apps.waba.*,ptolemy.apps.websensor.*,ptolemy.apps.webstart.*,ptolemy.apps.xsl.*,ptolemy.apps.zaurus.*,ptolemy.backtrack.eclipse.plugin.*,ptolemy.backtrack.test.*,ptolemy.codegen.c.actor.lib.oldJavaFiles.*,ptolemy.codegen.dsp.lib.*,ptolemy.codegen.kernel.newInterfaces.*,ptolemy.codegen.lib.*,ptolemy.copernicus.kernel.fragment.*,ptolemy.copernicus.shallow.cg.*,ptolemy.domains.giotto.demo.Hierarchy.Hierarchy.*,ptolemy.domains.giotto.demo.Multimode.Multimode.*,ptolemy.domains.giotto.demo.Simple.Simple.*,ptolemy.domains.gr.lib.experimental.*,ptolemy.domains.gro.*,ptolemy.domains.pdf.*,ptolemy.domains.ptinyos.demo.Surge.output.*,ptolemy.moml.test.NoPackageActor.java*,ptolemy.plot.adm.*,ptolemy.plot.servlet.*,reports.*,signed.*,src.*,target.*,vendors.*,ptolemy.cg.adapter.generic.program.procedural.c.mbed*,ptolemy.actor.lib.fmi.fmus.omc*,ptolemy.domains.openmodelica*,ptdb.kernel.bl.save.test.*,ptdb.kernel.bl.load.test.*,ptdb.kernel.bl.search.test.*,ptdb.kernel.bl.migration.test.*,ptdb.kernel.database.test.*,ptdb.test.*,ptdb.gui.test.*,org.ptolemy.scala.*,diva.util.java2d.svg.*,ptolemy.domains.ptinyos.*,ptolemy.actor.lib.fmi.fmipp.*,,org.terraswarm.accessor.accessors.web.node_modules.*,org.terraswarm.accessor.accessors-svn,ptolemy.apps.*,ptolemy.actor.ptalon.demo.ptinyos.SendAndReceiveCnt.output,ptolemy.actor.ptalon.demo.ptinyos.SenseToLeds.output,ptolemy.domains.ptinyos.demo.CntToLedsAndRfm.output,ptolemy.domains.ptinyos.demo.RfmToLeds.output,ptolemy.domains.ptinyos.demo.SendAndReceiveCnt.output,ptolemy.domains.ptinyos.demo.SenseToLeds.output,ptolemy.actor.lib.jjs.modules.udpSocket.*" />
    <property name="env.PTII" value="/home/travis/build/icyphy/ptII" />
    <property name="env.XDG_SESSION_ID" value="2" />
    <property name="env.TRAVIS_COMMIT_MESSAGE" value="Fixed width of connections" />
    <property name="keystore" value="ptKeystore" />
    <property name="junit.output.dir" value="/home/travis/build/icyphy/ptII/reports/junit" />
    <property name="npm.return.code" value="0" />
    <property name="user.dir" value="/home/travis/build/icyphy/ptII/ptolemy/actor/lib/test" />
    <property name="env.XFILESEARCHPATH" value="/usr/dt/app-defaults/%L/Dt" />
    <property name="env.TRAVIS_NODE_VERSION" value="7" />
    <property name="env.TRAVIS_EVENT_TYPE" value="cron" />
    <property name="env.MAIL" value="/var/mail/travis" />
    <property name="env.PERLBREW_ROOT" value="/home/travis/perl5/perlbrew" />
    <property name="env.PWD" value="/home/travis/build/icyphy/ptII" />
    <property name="timeout.npm" value="45000" />
    <property name="env.TRAVIS_ARCH" value="amd64" />
    <property name="sun.cpu.endian" value="little" />
    <property name="env.PAGER" value="cat" />
    <property name="env.TRAVIS_BUILD_STAGE_NAME" value="Test" />
    <property name="env.PERLBREW_HOME" value="/home/travis/.perlbrew" />
    <property name="env.RAILS_ENV" value="test" />
    <property name="java.vm.version" value="25.151-b12" />
    <property name="java.class.path" value="/home/travis/.ptolemyII:/home/travis/.ptolemyII/*:/home/travis/build/icyphy/ptII:/home/travis/build/icyphy/ptII/lib/bsh-2.0b4.jar:/home/travis/build/icyphy/ptII/lib/ptCal.jar:/home/travis/build/icyphy/ptII/lib/java_cup.jar:/home/travis/build/icyphy/ptII/lib/saxon8.jar:/home/travis/build/icyphy/ptII/lib/saxon8-dom.jar:/home/travis/build/icyphy/ptII/lib/chic.jar:/home/travis/build/icyphy/ptII/lib/ptcolt.jar:/usr/lib/jvm/java-8-oracle/lib/tools.jar:/usr/lib/eclipse/plugins/org.eclipse.jdt.core_3.8.2.dist.jar:/usr/lib/eclipse/plugins/org.eclipse.core.runtime_3.8.0.dist.jar:/usr/lib/eclipse/plugins/org.eclipse.osgi_3.8.1.dist.jar:/usr/lib/eclipse/plugins/org.eclipse.core.resources_3.8.1.dist.jar:/usr/lib/eclipse/plugins/org.eclipse.equinox.common_3.6.100.dist.jar:/usr/lib/eclipse/plugins/org.eclipse.core.jobs_3.5.200.dist.jar:/usr/lib/eclipse/plugins/org.eclipse.core.contenttype_3.4.200.dist.jar:/usr/lib/eclipse/plugins/org.eclipse.equinox.preferences_3.5.0.dist.jar:/usr/lib/eclipse/plugins/org.eclipse.text_3.5.200.dist.jar:/usr/lib/eclipse/plugins/org.eclipse.ui.workbench_3.8.1.dist.jar:/usr/lib/eclipse/plugins/org.eclipse.jface_3.8.0.dist.jar:/usr/lib/eclipse/plugins/org.eclipse.swt_3.8.2.jar:/usr/lib/eclipse/plugins/org.eclipse.jface.text_3.8.1.dist.jar:/usr/lib/eclipse/plugins/org.eclipse.ui.workbench.texteditor_3.8.0.dist.jar:/usr/lib/eclipse/plugins/org.eclipse.ui.editors_3.8.0.dist.jar:/usr/lib/eclipse/plugins/org.eclipse.core.commands_3.6.1.dist.jar:/usr/lib/eclipse/plugins/org.eclipse.equinox.registry_3.5.200.dist.jar:/usr/lib/eclipse/plugins/org.eclipse.ui.console_3.5.100.dist.jar:/usr/lib/eclipse/plugins/org.eclipse.ui.forms_3.5.200.dist.jar:/usr/lib/eclipse/plugins/org.eclipse.ui.ide_3.8.1.dist.jar:/home/travis/build/icyphy/ptII/vendors/oracle/dbxml.jar:/home/travis/build/icyphy/ptII/vendors/oracle/db.jar:/home/travis/build/icyphy/ptII/vendors/misc/itext/iText.jar:/home/travis/build/icyphy/ptII/lib/g4ltl.jar:/home/travis/build/icyphy/ptII/lib/StructuralCoder.jar:/home/travis/build/icyphy/ptII/lib/org-openide-util.jar:/home/travis/build/icyphy/ptII/lib/org-openide-util-lookup.jar:/home/travis/build/icyphy/ptII/lib/org-netbeans-api-visual.jar:/home/travis/build/icyphy/ptII/vendors/jai-1_1_2_01/lib/jai_core.jar:/home/travis/build/icyphy/ptII/vendors/jai-1_1_2_01/lib/jai_codec.jar:/home/travis/build/icyphy/ptII/lib/jcerti.jar:/home/travis/build/icyphy/ptII/lib/smack.jar:/home/travis/build/icyphy/ptII/lib/smackx.jar:/home/travis/build/icyphy/ptII/lib/jetty-all-8.1.5-v20120716.jar:/home/travis/build/icyphy/ptII/lib/javax.servlet-api-3.0.1.jar:/home/travis/build/icyphy/ptII/lib/javax.mail.jar:/home/travis/build/icyphy/ptII/vendors/JMF-2.1.1e/lib/jmf.jar:/home/travis/build/icyphy/ptII/lib/jna-4.0.0-variadic.jar:/home/travis/build/icyphy/ptII/vendors/misc/joystick/Joystick.jar:/home/travis/build/icyphy/ptII/lib/ptjacl.jar:/home/travis/build/icyphy/ptII/lib/jsoup-1.8.2.jar:/home/travis/build/icyphy/ptII/lib/junit-4.8.2.jar:/home/travis/build/icyphy/ptII/lib/JUnitParams-0.4.0.jar:/home/travis/build/icyphy/ptII/ptolemy/actor/lib/excel/jxl.jar:/home/travis/build/icyphy/ptII/lib/jython.jar:/home/travis/build/icyphy/ptII/lib/kieler.jar:/home/travis/build/icyphy/ptII/vendors/opencv/share/OpenCV/java/opencv-341.jar:/home/travis/build/icyphy/ptII/lib/oscP5.jar:/home/travis/build/icyphy/ptII/lib/nrjavaserial-3.11.0.devel.jar:/home/travis/build/icyphy/ptII/vendors/j3d/lib/j3dcore.jar:/home/travis/build/icyphy/ptII/vendors/j3d/lib/j3dutils.jar:/home/travis/build/icyphy/ptII/vendors/j3d/lib/vecmath.jar:/home/travis/build/icyphy/ptII/ptolemy/distributed/jini/jar/jini-core.jar:/home/travis/build/icyphy/ptII/ptolemy/distributed/jini/jar/jini-ext.jar:/home/travis/build/icyphy/ptII/ptolemy/distributed/jini/jar/sun-util.jar:/home/travis/build/icyphy/ptII/lib/protobuf-java-2.4.1.jar:/home/travis/build/icyphy/ptII/lib/org.eclipse.paho.client.mqttv3.jar:/home/travis/build/icyphy/ptII/ptserver/lib/hessian-4.0.7.jar:/home/travis/build/icyphy/ptII/ptserver/lib/wmqtt.jar:/home/travis/build/icyphy/ptII/lib/mapss.jar:/home/travis/build/icyphy/ptII/ptolemy/actor/ptalon/antlr/antlr.jar:/home/travis/build/icyphy/ptII/lib/JRI.jar:/home/travis/build/icyphy/ptII/lib/commons-lang-2.6.jar:/home/travis/build/icyphy/ptII/lib/commons-logging-1.1.1.jar:/home/travis/build/icyphy/ptII/lib/sootclasses.jar:/home/travis/build/icyphy/ptII/ptolemy/actor/lib/database/mysql-connector-java-5.1.6-bin.jar:/home/travis/build/icyphy/ptII/vendors/misc/sphinx4/sphinx4-data-5prealpha.jar:/home/travis/build/icyphy/ptII/vendors/misc/sphinx4/sphinx4-core-5prealpha.jar:/home/travis/build/icyphy/ptII/lib/PDFRenderer.jar:/home/travis/build/icyphy/ptII/lib/svgSalamander.jar:/home/travis/build/icyphy/ptII/lib/rsyntaxtextarea-2.6.0-SNAPSHOT.jar:/home/travis/build/icyphy/ptII/lib/hazelcast-3.8.2.jar:/home/travis/build/icyphy/ptII/lib/jackson-annotations-2.9.0.jar:/home/travis/build/icyphy/ptII/lib/jackson-core-2.9.3.jar:/home/travis/build/icyphy/ptII/lib/jackson-databind-2.9.3.jar:/home/travis/build/icyphy/ptII/lib/netty-buffer-4.1.19.Final.jar:/home/travis/build/icyphy/ptII/lib/netty-codec-4.1.19.Final.jar:/home/travis/build/icyphy/ptII/lib/netty-codec-dns-4.1.19.Final.jar:/home/travis/build/icyphy/ptII/lib/netty-codec-http-4.1.19.Final.jar:/home/travis/build/icyphy/ptII/lib/netty-codec-http2-4.1.19.Final.jar:/home/travis/build/icyphy/ptII/lib/netty-common-4.1.19.Final.jar:/home/travis/build/icyphy/ptII/lib/netty-handler-4.1.19.Final.jar:/home/travis/build/icyphy/ptII/lib/netty-resolver-4.1.19.Final.jar:/home/travis/build/icyphy/ptII/lib/netty-resolver-dns-4.1.19.Final.jar:/home/travis/build/icyphy/ptII/lib/netty-transport-4.1.19.Final.jar:/home/travis/build/icyphy/ptII/lib/vertx-codegen-3.5.1.jar:/home/travis/build/icyphy/ptII/lib/vertx-core-3.5.2-SNAPSHOT.jar:/home/travis/build/icyphy/ptII/lib/vertx-hazelcast-3.5.1.jar:/home/travis/build/icyphy/ptII/lib/vertx-lang-js-3.5.1.jar:/home/travis/build/icyphy/ptII/lib/vertx-service-proxy-3.5.1.jar:/home/travis/build/icyphy/ptII/lib/vertx-web-3.5.1.jar:/home/travis/build/icyphy/ptII/lib/slf4j-api-1.7.13.jar:/home/travis/build/icyphy/ptII/lib/slf4j-simple-1.7.13.jar:/home/travis/build/icyphy/ptII/lib/webcam-capture-0.3.12.jar:/home/travis/build/icyphy/ptII/lib/bridj-0.7.0.jar:/home/travis/build/icyphy/ptII/lib/xbjlib-1.1.0.nrjavaserial.jar:/home/travis/build/icyphy/ptII/ptolemy/moml/test:/home/travis/build/icyphy/ptII/ant/lib/ant-launcher.jar:/home/travis/build/icyphy/ptII/ant/lib/ant.jar:/home/travis/build/icyphy/ptII/ant/lib/ant-junit.jar:/home/travis/build/icyphy/ptII/ant/lib/ant-junit4.jar" />
    <property name="ant.library.dir" value="/home/travis/build/icyphy/ptII/ant/lib" />
    <property name="os.arch" value="amd64" />
    <property name="env.CONTINUOUS_INTEGRATION" value="true" />
    <property name="env.TRAVIS_LANGUAGE" value="node_js" />
    <property name="env.TRAVIS_STACK_LANGUAGES" value="__garnet__ c c++ clojure cplusplus cpp default go groovy java node_js php pure_java python ruby scala" />
    <property name="test.name" value="ptolemy.actor.lib.test.junit.JUnitTclTest" />
    <property name="sun.java.launcher" value="SUN_STANDARD" />
    <property name="env.PYTHON_CONFIGURE_OPTS" value="--enable-unicode=ucs4 --with-wide-unicode --enable-shared --enable-ipv6 --enable-loadable-sqlite-extensions --with-computed-gotos" />
    <property name="ant.core.lib" value="/home/travis/build/icyphy/ptII/ant/lib/ant.jar" />
    <property name="java.vm.specification.vendor" value="Oracle Corporation" />
    <property name="env.BCVTB_HOME" value="/home/travis/build/icyphy/ptII/lbnl" />
    <property name="file.separator" value="/" />
    <property name="java.runtime.version" value="1.8.0_151-b12" />
    <property name="spotbugs.home" value="/home/travis/build/icyphy/ptII/vendors/spotbugs-3.1.1" />
    <property name="sun.boot.class.path" value="/usr/lib/jvm/java-8-oracle/jre/lib/resources.jar:/usr/lib/jvm/java-8-oracle/jre/lib/rt.jar:/usr/lib/jvm/java-8-oracle/jre/lib/sunrsasign.jar:/usr/lib/jvm/java-8-oracle/jre/lib/jsse.jar:/usr/lib/jvm/java-8-oracle/jre/lib/jce.jar:/usr/lib/jvm/java-8-oracle/jre/lib/charsets.jar:/usr/lib/jvm/java-8-oracle/jre/lib/jfr.jar:/usr/lib/jvm/java-8-oracle/jre/classes" />
    <property name="env.ANSI_CLEAR" value="\033[0K" />
    <property name="env.HAS_JOSH_K_SEAL_OF_APPROVAL" value="true" />
    <property name="env.TRAVIS_OSX_IMAGE" value="" />
    <property name="env.XDG_RUNTIME_DIR" value="/run/user/2000" />
    <property name="env.TRAVIS_JOB_ID" value="442469732" />
    <property name="env.TRAVIS_BRANCH" value="master" />
    <property name="user.country" value="US" />
    <property name="env.CERTI_HOME_TRAVIS" value="/home/travis/pthla/certi-tools" />
    <property name="env.SHELL" value="/bin/bash" />
    <property name="java.maxmemory.large" value="5000m" />
    <property name="model" value="" />
    <property name="env.CASHER_DIR" value="/home/travis/.casher" />
    <property name="env.NVM_CD_FLAGS" value="" />
    <property name="jshint.executable" value="/home/travis/node_modules/jshint/bin/jshint" />
    <property name="env.JRUBY_OPTS" value=" --client -J-XX:+TieredCompilation -J-XX:TieredStopAtLevel=1 -J-Xss2m -Xcompile.invokedynamic=false" />
    <property name="java.vendor" value="Oracle Corporation" />
    <property name="env.TRAVIS_PRE_CHEF_BOOTSTRAP_TIME" value="2017-12-05T19:32:55" />
    <property name="env.TRAVIS_STACK_JOB_BOARD_REGISTER" value="/.job-board-register.yml" />
    <property name="env.ELIXIR_VERSION" value="1.4.5" />
    <property name="env.ANSI_RED" value="\033[31;1m" />
    <property name="java.specification.version" value="1.8" />
    <property name="env.TRAVIS" value="true" />
    <property name="env.IRBRC" value="/home/travis/.rvm/rubies/ruby-2.4.1/.irbrc" />
    <property name="sun.arch.data.model" value="64" />
  </properties>
  <testcase classname="ptolemy.util.test.junit.TclTests" name="[0] /home/travis/build/icyphy/ptII/ptolemy/actor/lib/test/AbsoluteValue.tcl (RunTclFile)" time="0.455" />
  <testcase classname="ptolemy.util.test.junit.TclTests" name="[1] /home/travis/build/icyphy/ptII/ptolemy/actor/lib/test/AddSubtract.tcl (RunTclFile)" time="0.099" />
  <testcase classname="ptolemy.util.test.junit.TclTests" name="[2] /home/travis/build/icyphy/ptII/ptolemy/actor/lib/test/Average.tcl (RunTclFile)" time="0.043" />
  <testcase classname="ptolemy.util.test.junit.TclTests" name="[3] /home/travis/build/icyphy/ptII/ptolemy/actor/lib/test/Bernoulli.tcl (RunTclFile)" time="0.04" />
  <testcase classname="ptolemy.util.test.junit.TclTests" name="[4] /home/travis/build/icyphy/ptII/ptolemy/actor/lib/test/Clock.tcl (RunTclFile)" time="0.083" />
  <testcase classname="ptolemy.util.test.junit.TclTests" name="[5] /home/travis/build/icyphy/ptII/ptolemy/actor/lib/test/Commutator.tcl (RunTclFile)" time="0.112" />
  <testcase classname="ptolemy.util.test.junit.TclTests" name="[6] /home/travis/build/icyphy/ptII/ptolemy/actor/lib/test/Const.tcl (RunTclFile)" time="0.075" />
  <testcase classname="ptolemy.util.test.junit.TclTests" name="[7] /home/travis/build/icyphy/ptII/ptolemy/actor/lib/test/CurrentTime.tcl (RunTclFile)" time="0.027" />
  <testcase classname="ptolemy.util.test.junit.TclTests" name="[8] /home/travis/build/icyphy/ptII/ptolemy/actor/lib/test/DB.tcl (RunTclFile)" time="0.032" />
  <testcase classname="ptolemy.util.test.junit.TclTests" name="[9] /home/travis/build/icyphy/ptII/ptolemy/actor/lib/test/DiscreteRandomSource.tcl (RunTclFile)" time="0.051" />
  <testcase classname="ptolemy.util.test.junit.TclTests" name="[10] /home/travis/build/icyphy/ptII/ptolemy/actor/lib/test/Distributor.tcl (RunTclFile)" time="0.035" />
  <testcase classname="ptolemy.util.test.junit.TclTests" name="[11] /home/travis/build/icyphy/ptII/ptolemy/actor/lib/test/Exit.tcl (RunTclFile)" time="0.042" />
  <testcase classname="ptolemy.util.test.junit.TclTests" name="[12] /home/travis/build/icyphy/ptII/ptolemy/actor/lib/test/Expression.tcl (RunTclFile)" time="0.065" />
  <testcase classname="ptolemy.util.test.junit.TclTests" name="[13] /home/travis/build/icyphy/ptII/ptolemy/actor/lib/test/Gaussian.tcl (RunTclFile)" time="0.692" />
  <testcase classname="ptolemy.util.test.junit.TclTests" name="[14] /home/travis/build/icyphy/ptII/ptolemy/actor/lib/test/IIR.tcl (RunTclFile)" time="0.038" />
  <testcase classname="ptolemy.util.test.junit.TclTests" name="[15] /home/travis/build/icyphy/ptII/ptolemy/actor/lib/test/Interpolator.tcl (RunTclFile)" time="0.111" />
  <testcase classname="ptolemy.util.test.junit.TclTests" name="[16] /home/travis/build/icyphy/ptII/ptolemy/actor/lib/test/MathFunction.tcl (RunTclFile)" time="0.043" />
  <testcase classname="ptolemy.util.test.junit.TclTests" name="[17] /home/travis/build/icyphy/ptII/ptolemy/actor/lib/test/Maximum.tcl (RunTclFile)" time="0.024" />
  <testcase classname="ptolemy.util.test.junit.TclTests" name="[18] /home/travis/build/icyphy/ptII/ptolemy/actor/lib/test/Minimum.tcl (RunTclFile)" time="0.048" />
  <testcase classname="ptolemy.util.test.junit.TclTests" name="[19] /home/travis/build/icyphy/ptII/ptolemy/actor/lib/test/MultiplyDivide.tcl (RunTclFile)" time="0.034" />
  <testcase classname="ptolemy.util.test.junit.TclTests" name="[20] /home/travis/build/icyphy/ptII/ptolemy/actor/lib/test/OrderedMerge.tcl (RunTclFile)" time="0.083" />
  <testcase classname="ptolemy.util.test.junit.TclTests" name="[21] /home/travis/build/icyphy/ptII/ptolemy/actor/lib/test/Publisher.tcl (RunTclFile)" time="0.717" />
  <testcase classname="ptolemy.util.test.junit.TclTests" name="[22] /home/travis/build/icyphy/ptII/ptolemy/actor/lib/test/Pulse.tcl (RunTclFile)" time="0.027" />
  <testcase classname="ptolemy.util.test.junit.TclTests" name="[23] /home/travis/build/icyphy/ptII/ptolemy/actor/lib/test/Ramp.tcl (RunTclFile)" time="1.88" />
  <testcase classname="ptolemy.util.test.junit.TclTests" name="[24] /home/travis/build/icyphy/ptII/ptolemy/actor/lib/test/RampContinuous.tcl (RunTclFile)" time="0.02" />
  <testcase classname="ptolemy.util.test.junit.TclTests" name="[25] /home/travis/build/icyphy/ptII/ptolemy/actor/lib/test/RecordAssembler.tcl (RunTclFile)" time="0.017" />
  <testcase classname="ptolemy.util.test.junit.TclTests" name="[26] /home/travis/build/icyphy/ptII/ptolemy/actor/lib/test/RecordDisassembler.tcl (RunTclFile)" time="0.026" />
  <testcase classname="ptolemy.util.test.junit.TclTests" name="[27] /home/travis/build/icyphy/ptII/ptolemy/actor/lib/test/Scale.tcl (RunTclFile)" time="0.034" />
  <testcase classname="ptolemy.util.test.junit.TclTests" name="[28] /home/travis/build/icyphy/ptII/ptolemy/actor/lib/test/SequentialClock.tcl (RunTclFile)" time="0.017" />
  <testcase classname="ptolemy.util.test.junit.TclTests" name="[29] /home/travis/build/icyphy/ptII/ptolemy/actor/lib/test/SetVariable.tcl (RunTclFile)" time="0.023" />
  <testcase classname="ptolemy.util.test.junit.TclTests" name="[30] /home/travis/build/icyphy/ptII/ptolemy/actor/lib/test/Sinewave.tcl (RunTclFile)" time="0.094" />
  <testcase classname="ptolemy.util.test.junit.TclTests" name="[31] /home/travis/build/icyphy/ptII/ptolemy/actor/lib/test/SubscriptionAggregator.tcl (RunTclFile)" time="1.661" />
  <testcase classname="ptolemy.util.test.junit.TclTests" name="[32] /home/travis/build/icyphy/ptII/ptolemy/actor/lib/test/Test.tcl (RunTclFile)" time="0.103" />
  <testcase classname="ptolemy.util.test.junit.TclTests" name="[33] /home/travis/build/icyphy/ptII/ptolemy/actor/lib/test/TestExceptionHandler.tcl (RunTclFile)" time="0.012" />
  <testcase classname="ptolemy.util.test.junit.TclTests" name="[34] /home/travis/build/icyphy/ptII/ptolemy/actor/lib/test/UnionDisassembler.tcl (RunTclFile)" time="0.054" />
  <testcase classname="ptolemy.util.test.junit.TclTests" name="[35] /home/travis/build/icyphy/ptII/ptolemy/actor/lib/test/VariableClock.tcl (RunTclFile)" time="0.024" />
  <testcase classname="ptolemy.util.test.junit.AutoKnownFailedTests" name="[0] /home/travis/build/icyphy/ptII/ptolemy/actor/lib/test/auto/knownFailedTests/PublisherPortToplevelSubscriber.xml (RunModel)" time="0.016" />
  <testcase classname="ptolemy.util.test.junit.AutoKnownFailedTests" name="[1] /home/travis/build/icyphy/ptII/ptolemy/actor/lib/test/auto/knownFailedTests/PublisherSubscriberPortToplevel.xml (RunModel)" time="0.026" />
  <testcase classname="ptolemy.util.test.junit.AutoKnownFailedTests" name="[2] /home/travis/build/icyphy/ptII/ptolemy/actor/lib/test/auto/knownFailedTests/PublisherSubscriptionAggregatorPort.xml (RunModel)" time="0.027" />
  <testcase classname="ptolemy.util.test.junit.AutoKnownFailedTests" name="[3] /home/travis/build/icyphy/ptII/ptolemy/actor/lib/test/auto/knownFailedTests/sizedarray3.xml (RunModel)" time="0.022" />
  <testcase classname="ptolemy.util.test.junit.AutoNameArchTests" name="[0] ThereAreNoAutoArchTests (RunModel)" time="0.002" />
  <testcase classname="ptolemy.util.test.junit.AutoTests" name="[0] /home/travis/build/icyphy/ptII/ptolemy/actor/lib/test/auto/AbsoluteValue.xml (RunModel)" time="0.131" />
  <testcase classname="ptolemy.util.test.junit.AutoTests" name="[1] /home/travis/build/icyphy/ptII/ptolemy/actor/lib/test/auto/AbsoluteValue2.xml (RunModel)" time="0.095" />
  <testcase classname="ptolemy.util.test.junit.AutoTests" name="[2] /home/travis/build/icyphy/ptII/ptolemy/actor/lib/test/auto/Accumulator.xml (RunModel)" time="0.035" />
  <testcase classname="ptolemy.util.test.junit.AutoTests" name="[3] /home/travis/build/icyphy/ptII/ptolemy/actor/lib/test/auto/Accumulator2.xml (RunModel)" time="0.046" />
  <testcase classname="ptolemy.util.test.junit.AutoTests" name="[4] /home/travis/build/icyphy/ptII/ptolemy/actor/lib/test/auto/Accumulator3.xml (RunModel)" time="0.044" />
  <testcase classname="ptolemy.util.test.junit.AutoTests" name="[5] /home/travis/build/icyphy/ptII/ptolemy/actor/lib/test/auto/ArrayAppend.xml (RunModel)" time="0.04" />
  <testcase classname="ptolemy.util.test.junit.AutoTests" name="[6] /home/travis/build/icyphy/ptII/ptolemy/actor/lib/test/auto/ArrayAppend2.xml (RunModel)" time="0.461" />
  <testcase classname="ptolemy.util.test.junit.AutoTests" name="[7] /home/travis/build/icyphy/ptII/ptolemy/actor/lib/test/auto/ArrayAppend3.xml (RunModel)" time="0.029" />
  <testcase classname="ptolemy.util.test.junit.AutoTests" name="[8] /home/travis/build/icyphy/ptII/ptolemy/actor/lib/test/auto/ArrayAppend4.xml (RunModel)" time="0.034" />
  <testcase classname="ptolemy.util.test.junit.AutoTests" name="[9] /home/travis/build/icyphy/ptII/ptolemy/actor/lib/test/auto/ArrayAppend5.xml (RunModel)" time="0.016" />
  <testcase classname="ptolemy.util.test.junit.AutoTests" name="[10] /home/travis/build/icyphy/ptII/ptolemy/actor/lib/test/auto/ArrayAppend6.xml (RunModel)" time="0.031" />
  <testcase classname="ptolemy.util.test.junit.AutoTests" name="[11] /home/travis/build/icyphy/ptII/ptolemy/actor/lib/test/auto/ArrayAppendPerformanceTest.xml (RunModel)" time="0.045" />
  <testcase classname="ptolemy.util.test.junit.AutoTests" name="[12] /home/travis/build/icyphy/ptII/ptolemy/actor/lib/test/auto/ArrayAppendWithEmptyInput.xml (RunModel)" time="0.046" />
  <testcase classname="ptolemy.util.test.junit.AutoTests" name="[13] /home/travis/build/icyphy/ptII/ptolemy/actor/lib/test/auto/ArrayAverage.xml (RunModel)" time="0.05" />
  <testcase classname="ptolemy.util.test.junit.AutoTests" name="[14] /home/travis/build/icyphy/ptII/ptolemy/actor/lib/test/auto/ArrayContains.xml (RunModel)" time="0.026" />
  <testcase classname="ptolemy.util.test.junit.AutoTests" name="[15] /home/travis/build/icyphy/ptII/ptolemy/actor/lib/test/auto/ArrayElement.xml (RunModel)" time="0.044" />
  <testcase classname="ptolemy.util.test.junit.AutoTests" name="[16] /home/travis/build/icyphy/ptII/ptolemy/actor/lib/test/auto/ArrayElementAsMatrix.xml (RunModel)" time="0.055" />
  <testcase classname="ptolemy.util.test.junit.AutoTests" name="[17] /home/travis/build/icyphy/ptII/ptolemy/actor/lib/test/auto/ArrayElementI.xml (RunModel)" time="0.017" />
  <testcase classname="ptolemy.util.test.junit.AutoTests" name="[18] /home/travis/build/icyphy/ptII/ptolemy/actor/lib/test/auto/ArrayExtract.xml (RunModel)" time="0.036" />
  <testcase classname="ptolemy.util.test.junit.AutoTests" name="[19] /home/travis/build/icyphy/ptII/ptolemy/actor/lib/test/auto/ArrayExtract2.xml (RunModel)" time="0.02" />
  <testcase classname="ptolemy.util.test.junit.AutoTests" name="[20] /home/travis/build/icyphy/ptII/ptolemy/actor/lib/test/auto/ArrayLength.xml (RunModel)" time="0.027" />
  <testcase classname="ptolemy.util.test.junit.AutoTests" name="[21] /home/travis/build/icyphy/ptII/ptolemy/actor/lib/test/auto/ArrayLevelCrossing.xml (RunModel)" time="0.033" />
  <testcase classname="ptolemy.util.test.junit.AutoTests" name="[22] /home/travis/build/icyphy/ptII/ptolemy/actor/lib/test/auto/ArrayLevelCrossing2.xml (RunModel)" time="0.022" />
  <testcase classname="ptolemy.util.test.junit.AutoTests" name="[23] /home/travis/build/icyphy/ptII/ptolemy/actor/lib/test/auto/ArrayPeakSearch.xml (RunModel)" time="0.028" />
  <testcase classname="ptolemy.util.test.junit.AutoTests" name="[24] /home/travis/build/icyphy/ptII/ptolemy/actor/lib/test/auto/ArrayPeakSearch2.xml (RunModel)" time="0.03" />
  <testcase classname="ptolemy.util.test.junit.AutoTests" name="[25] /home/travis/build/icyphy/ptII/ptolemy/actor/lib/test/auto/ArrayPeakSearch3.xml (RunModel)" time="0.032" />
  <testcase classname="ptolemy.util.test.junit.AutoTests" name="[26] /home/travis/build/icyphy/ptII/ptolemy/actor/lib/test/auto/ArrayRemoveElement.xml (RunModel)" time="0.023" />
  <testcase classname="ptolemy.util.test.junit.AutoTests" name="[27] /home/travis/build/icyphy/ptII/ptolemy/actor/lib/test/auto/ArraySort.xml (RunModel)" time="0.028" />
  <testcase classname="ptolemy.util.test.junit.AutoTests" name="[28] /home/travis/build/icyphy/ptII/ptolemy/actor/lib/test/auto/ArraySum.xml (RunModel)" time="0.021" />
  <testcase classname="ptolemy.util.test.junit.AutoTests" name="[29] /home/travis/build/icyphy/ptII/ptolemy/actor/lib/test/auto/ArrayToElements.xml (RunModel)" time="0.019" />
  <testcase classname="ptolemy.util.test.junit.AutoTests" name="[30] /home/travis/build/icyphy/ptII/ptolemy/actor/lib/test/auto/ArrayToMatrix.xml (RunModel)" time="0.059" />
  <testcase classname="ptolemy.util.test.junit.AutoTests" name="[31] /home/travis/build/icyphy/ptII/ptolemy/actor/lib/test/auto/ArrayUpdate1.xml (RunModel)" time="0.015" />
  <testcase classname="ptolemy.util.test.junit.AutoTests" name="[32] /home/travis/build/icyphy/ptII/ptolemy/actor/lib/test/auto/ArrayUpdate2.xml (RunModel)" time="0.017" />
  <testcase classname="ptolemy.util.test.junit.AutoTests" name="[33] /home/travis/build/icyphy/ptII/ptolemy/actor/lib/test/auto/ArrayUpdate3.xml (RunModel)" time="0.021" />
  <testcase classname="ptolemy.util.test.junit.AutoTests" name="[34] /home/travis/build/icyphy/ptII/ptolemy/actor/lib/test/auto/Assert1.xml (RunModel)" time="0.018" />
  <testcase classname="ptolemy.util.test.junit.AutoTests" name="[35] /home/travis/build/icyphy/ptII/ptolemy/actor/lib/test/auto/Assert2.xml (RunModel)" time="0.015" />
  <testcase classname="ptolemy.util.test.junit.AutoTests" name="[36] /home/travis/build/icyphy/ptII/ptolemy/actor/lib/test/auto/BooleanMultiplexor.xml (RunModel)" time="0.062" />
  <testcase classname="ptolemy.util.test.junit.AutoTests" name="[37] /home/travis/build/icyphy/ptII/ptolemy/actor/lib/test/auto/BooleanMultiplexor2.xml (RunModel)" time="0.03" />
  <testcase classname="ptolemy.util.test.junit.AutoTests" name="[38] /home/travis/build/icyphy/ptII/ptolemy/actor/lib/test/auto/BooleanMultiplexor3.xml (RunModel)" time="0.02" />
  <testcase classname="ptolemy.util.test.junit.AutoTests" name="[39] /home/travis/build/icyphy/ptII/ptolemy/actor/lib/test/auto/BooleanSelect.xml (RunModel)" time="0.02" />
  <testcase classname="ptolemy.util.test.junit.AutoTests" name="[40] /home/travis/build/icyphy/ptII/ptolemy/actor/lib/test/auto/BooleanSelect2.xml (RunModel)" time="0.013" />
  <testcase classname="ptolemy.util.test.junit.AutoTests" name="[41] /home/travis/build/icyphy/ptII/ptolemy/actor/lib/test/auto/BooleanSwitch.xml (RunModel)" time="0.022" />
  <testcase classname="ptolemy.util.test.junit.AutoTests" name="[42] /home/travis/build/icyphy/ptII/ptolemy/actor/lib/test/auto/BooleanSwitch2.xml (RunModel)" time="0.019" />
  <testcase classname="ptolemy.util.test.junit.AutoTests" name="[43] /home/travis/build/icyphy/ptII/ptolemy/actor/lib/test/auto/BooleanSwitchCloningBugWithClassRelationGroup.xml (RunModel)" time="0.027" />
  <testcase classname="ptolemy.util.test.junit.AutoTests" name="[44] /home/travis/build/icyphy/ptII/ptolemy/actor/lib/test/auto/BusActors.xml (RunModel)" time="0.035" />
  <testcase classname="ptolemy.util.test.junit.AutoTests" name="[45] /home/travis/build/icyphy/ptII/ptolemy/actor/lib/test/auto/ClassWrapper.xml (RunModel)" time="0.009" />
  <testcase classname="ptolemy.util.test.junit.AutoTests" name="[46] /home/travis/build/icyphy/ptII/ptolemy/actor/lib/test/auto/Clock.xml (RunModel)" time="0.012" />
  <testcase classname="ptolemy.util.test.junit.AutoTests" name="[47] /home/travis/build/icyphy/ptII/ptolemy/actor/lib/test/auto/Clock10.xml (RunModel)" time="0.016" />
  <testcase classname="ptolemy.util.test.junit.AutoTests" name="[48] /home/travis/build/icyphy/ptII/ptolemy/actor/lib/test/auto/Clock11.xml (RunModel)" time="0.021" />
  <testcase classname="ptolemy.util.test.junit.AutoTests" name="[49] /home/travis/build/icyphy/ptII/ptolemy/actor/lib/test/auto/Clock12.xml (RunModel)" time="0.022" />
  <testcase classname="ptolemy.util.test.junit.AutoTests" name="[50] /home/travis/build/icyphy/ptII/ptolemy/actor/lib/test/auto/Clock13.xml (RunModel)" time="0.021" />
  <testcase classname="ptolemy.util.test.junit.AutoTests" name="[51] /home/travis/build/icyphy/ptII/ptolemy/actor/lib/test/auto/Clock14.xml (RunModel)" time="0.018" />
  <testcase classname="ptolemy.util.test.junit.AutoTests" name="[52] /home/travis/build/icyphy/ptII/ptolemy/actor/lib/test/auto/Clock15.xml (RunModel)" time="0.016" />
  <testcase classname="ptolemy.util.test.junit.AutoTests" name="[53] /home/travis/build/icyphy/ptII/ptolemy/actor/lib/test/auto/Clock16.xml (RunModel)" time="0.09" />
  <testcase classname="ptolemy.util.test.junit.AutoTests" name="[54] /home/travis/build/icyphy/ptII/ptolemy/actor/lib/test/auto/Clock17.xml (RunModel)" time="0.038" />
  <testcase classname="ptolemy.util.test.junit.AutoTests" name="[55] /home/travis/build/icyphy/ptII/ptolemy/actor/lib/test/auto/Clock18.xml (RunModel)" time="0.034" />
  <testcase classname="ptolemy.util.test.junit.AutoTests" name="[56] /home/travis/build/icyphy/ptII/ptolemy/actor/lib/test/auto/Clock19.xml (RunModel)" time="0.032" />
  <testcase classname="ptolemy.util.test.junit.AutoTests" name="[57] /home/travis/build/icyphy/ptII/ptolemy/actor/lib/test/auto/Clock2.xml (RunModel)" time="0.014" />
  <testcase classname="ptolemy.util.test.junit.AutoTests" name="[58] /home/travis/build/icyphy/ptII/ptolemy/actor/lib/test/auto/Clock20.xml (RunModel)" time="0.018" />
  <testcase classname="ptolemy.util.test.junit.AutoTests" name="[59] /home/travis/build/icyphy/ptII/ptolemy/actor/lib/test/auto/Clock21.xml (RunModel)" time="0.015" />
  <testcase classname="ptolemy.util.test.junit.AutoTests" name="[60] /home/travis/build/icyphy/ptII/ptolemy/actor/lib/test/auto/Clock22.xml (RunModel)" time="0.015" />
  <testcase classname="ptolemy.util.test.junit.AutoTests" name="[61] /home/travis/build/icyphy/ptII/ptolemy/actor/lib/test/auto/Clock23.xml (RunModel)" time="0.015" />
  <testcase classname="ptolemy.util.test.junit.AutoTests" name="[62] /home/travis/build/icyphy/ptII/ptolemy/actor/lib/test/auto/Clock24.xml (RunModel)" time="0.014" />
  <testcase classname="ptolemy.util.test.junit.AutoTests" name="[63] /home/travis/build/icyphy/ptII/ptolemy/actor/lib/test/auto/Clock4.xml (RunModel)" time="0.015" />
  <testcase classname="ptolemy.util.test.junit.AutoTests" name="[64] /home/travis/build/icyphy/ptII/ptolemy/actor/lib/test/auto/Clock5.xml (RunModel)" time="0.01" />
  <testcase classname="ptolemy.util.test.junit.AutoTests" name="[65] /home/travis/build/icyphy/ptII/ptolemy/actor/lib/test/auto/Clock6.xml (RunModel)" time="0.017" />
  <testcase classname="ptolemy.util.test.junit.AutoTests" name="[66] /home/travis/build/icyphy/ptII/ptolemy/actor/lib/test/auto/Clock7.xml (RunModel)" time="0.008" />
  <testcase classname="ptolemy.util.test.junit.AutoTests" name="[67] /home/travis/build/icyphy/ptII/ptolemy/actor/lib/test/auto/Clock8.xml (RunModel)" time="0.013" />
  <testcase classname="ptolemy.util.test.junit.AutoTests" name="[68] /home/travis/build/icyphy/ptII/ptolemy/actor/lib/test/auto/Clock9.xml (RunModel)" time="0.016" />
  <testcase classname="ptolemy.util.test.junit.AutoTests" name="[69] /home/travis/build/icyphy/ptII/ptolemy/actor/lib/test/auto/CommDistDiscard.xml (RunModel)" time="0.021" />
  <testcase classname="ptolemy.util.test.junit.AutoTests" name="[70] /home/travis/build/icyphy/ptII/ptolemy/actor/lib/test/auto/Commutator.xml (RunModel)" time="0.015" />
  <testcase classname="ptolemy.util.test.junit.AutoTests" name="[71] /home/travis/build/icyphy/ptII/ptolemy/actor/lib/test/auto/Commutator2.xml (RunModel)" time="0.009" />
  <testcase classname="ptolemy.util.test.junit.AutoTests" name="[72] /home/travis/build/icyphy/ptII/ptolemy/actor/lib/test/auto/Commutator3.xml (RunModel)" time="0.01" />
  <testcase classname="ptolemy.util.test.junit.AutoTests" name="[73] /home/travis/build/icyphy/ptII/ptolemy/actor/lib/test/auto/Compare.xml (RunModel)" time="0.017" />
  <testcase classname="ptolemy.util.test.junit.AutoTests" name="[74] /home/travis/build/icyphy/ptII/ptolemy/actor/lib/test/auto/CompareDE.xml (RunModel)" time="0.033" />
  <testcase classname="ptolemy.util.test.junit.AutoTests" name="[75] /home/travis/build/icyphy/ptII/ptolemy/actor/lib/test/auto/ComplexDivide.xml (RunModel)" time="0.009" />
  <testcase classname="ptolemy.util.test.junit.AutoTests" name="[76] /home/travis/build/icyphy/ptII/ptolemy/actor/lib/test/auto/ComputeHistogram.xml (RunModel)" time="0.047" />
  <testcase classname="ptolemy.util.test.junit.AutoTests" name="[77] /home/travis/build/icyphy/ptII/ptolemy/actor/lib/test/auto/ConfigurationSelect.xml (RunModel)" time="0.012" />
  <testcase classname="ptolemy.util.test.junit.AutoTests" name="[78] /home/travis/build/icyphy/ptII/ptolemy/actor/lib/test/auto/ConfigurationSelect2.xml (RunModel)" time="0.01" />
  <testcase classname="ptolemy.util.test.junit.AutoTests" name="[79] /home/travis/build/icyphy/ptII/ptolemy/actor/lib/test/auto/ConfigurationSwitch.xml (RunModel)" time="0.012" />
  <testcase classname="ptolemy.util.test.junit.AutoTests" name="[80] /home/travis/build/icyphy/ptII/ptolemy/actor/lib/test/auto/ConfigurationSwitch2.xml (RunModel)" time="0.012" />
  <testcase classname="ptolemy.util.test.junit.AutoTests" name="[81] /home/travis/build/icyphy/ptII/ptolemy/actor/lib/test/auto/ConfigurationSwitchCloningBugWithClassRelationGroup.xml (RunModel)" time="0.016" />
  <testcase classname="ptolemy.util.test.junit.AutoTests" name="[82] /home/travis/build/icyphy/ptII/ptolemy/actor/lib/test/auto/ConfigurationSwitchSelectSDF.xml (RunModel)" time="0.012" />
  <testcase classname="ptolemy.util.test.junit.AutoTests" name="[83] /home/travis/build/icyphy/ptII/ptolemy/actor/lib/test/auto/ConfigurationSwitchSelectSDF2.xml (RunModel)" time="0.012" />
  <testcase classname="ptolemy.util.test.junit.AutoTests" name="[84] /home/travis/build/icyphy/ptII/ptolemy/actor/lib/test/auto/Const.xml (RunModel)" time="0.006" />
  <testcase classname="ptolemy.util.test.junit.AutoTests" name="[85] /home/travis/build/icyphy/ptII/ptolemy/actor/lib/test/auto/Const2.xml (RunModel)" time="0.008" />
  <testcase classname="ptolemy.util.test.junit.AutoTests" name="[86] /home/travis/build/icyphy/ptII/ptolemy/actor/lib/test/auto/Const3.xml (RunModel)" time="0.006" />
  <testcase classname="ptolemy.util.test.junit.AutoTests" name="[87] /home/travis/build/icyphy/ptII/ptolemy/actor/lib/test/auto/ConstantPublisherPort1.xml (RunModel)" time="0.019" />
  <testcase classname="ptolemy.util.test.junit.AutoTests" name="[88] /home/travis/build/icyphy/ptII/ptolemy/actor/lib/test/auto/ConstantPublisherPort2.xml (RunModel)" time="0.018" />
  <testcase classname="ptolemy.util.test.junit.AutoTests" name="[89] /home/travis/build/icyphy/ptII/ptolemy/actor/lib/test/auto/ConstantPublisherPort3.xml (RunModel)" time="0.018" />
  <testcase classname="ptolemy.util.test.junit.AutoTests" name="[90] /home/travis/build/icyphy/ptII/ptolemy/actor/lib/test/auto/ConstantPublisherPort4.xml (RunModel)" time="0.017" />
  <testcase classname="ptolemy.util.test.junit.AutoTests" name="[91] /home/travis/build/icyphy/ptII/ptolemy/actor/lib/test/auto/ConstantPublisherPort5.xml (RunModel)" time="0.032" />
  <testcase classname="ptolemy.util.test.junit.AutoTests" name="[92] /home/travis/build/icyphy/ptII/ptolemy/actor/lib/test/auto/ConstantPublisherPort6.xml (RunModel)" time="0.041" />
  <testcase classname="ptolemy.util.test.junit.AutoTests" name="[93] /home/travis/build/icyphy/ptII/ptolemy/actor/lib/test/auto/ConstantPublisherPort7.xml (RunModel)" time="0.022" />
  <testcase classname="ptolemy.util.test.junit.AutoTests" name="[94] /home/travis/build/icyphy/ptII/ptolemy/actor/lib/test/auto/ConstraintMonitor1.xml (RunModel)" time="0.044" />
  <testcase classname="ptolemy.util.test.junit.AutoTests" name="[95] /home/travis/build/icyphy/ptII/ptolemy/actor/lib/test/auto/ConstraintMonitor2.xml (RunModel)" time="0.03" />
  <testcase classname="ptolemy.util.test.junit.AutoTests" name="[96] /home/travis/build/icyphy/ptII/ptolemy/actor/lib/test/auto/ConstraintMonitor3.xml (RunModel)" time="0.013" />
  <testcase classname="ptolemy.util.test.junit.AutoTests" name="[97] /home/travis/build/icyphy/ptII/ptolemy/actor/lib/test/auto/ConstraintMonitor4.xml (RunModel)" time="0.013" />
  <testcase classname="ptolemy.util.test.junit.AutoTests" name="[98] /home/travis/build/icyphy/ptII/ptolemy/actor/lib/test/auto/ConstraintMonitor5.xml (RunModel)" time="0.018" />
  <testcase classname="ptolemy.util.test.junit.AutoTests" name="[99] /home/travis/build/icyphy/ptII/ptolemy/actor/lib/test/auto/ConstraintMonitor6.xml (RunModel)" time="0.017" />
  <testcase classname="ptolemy.util.test.junit.AutoTests" name="[100] /home/travis/build/icyphy/ptII/ptolemy/actor/lib/test/auto/ConstraintMonitor7.xml (RunModel)" time="0.018" />
  <testcase classname="ptolemy.util.test.junit.AutoTests" name="[101] /home/travis/build/icyphy/ptII/ptolemy/actor/lib/test/auto/ConstraintMonitor8.xml (RunModel)" time="0.017" />
  <testcase classname="ptolemy.util.test.junit.AutoTests" name="[102] /home/travis/build/icyphy/ptII/ptolemy/actor/lib/test/auto/Counter.xml (RunModel)" time="0.013" />
  <testcase classname="ptolemy.util.test.junit.AutoTests" name="[103] /home/travis/build/icyphy/ptII/ptolemy/actor/lib/test/auto/CurrentTimeSDF.xml (RunModel)" time="0.009" />
  <testcase classname="ptolemy.util.test.junit.AutoTests" name="[104] /home/travis/build/icyphy/ptII/ptolemy/actor/lib/test/auto/DB.xml (RunModel)" time="0.011" />
  <testcase classname="ptolemy.util.test.junit.AutoTests" name="[105] /home/travis/build/icyphy/ptII/ptolemy/actor/lib/test/auto/DBDE.xml (RunModel)" time="0.013" />
  <testcase classname="ptolemy.util.test.junit.AutoTests" name="[106] /home/travis/build/icyphy/ptII/ptolemy/actor/lib/test/auto/DateConstructor.xml (RunModel)" time="0.045" />
  <testcase classname="ptolemy.util.test.junit.AutoTests" name="[107] /home/travis/build/icyphy/ptII/ptolemy/actor/lib/test/auto/DelayTime.xml (RunModel)" time="0.012" />
  <testcase classname="ptolemy.util.test.junit.AutoTests" name="[108] /home/travis/build/icyphy/ptII/ptolemy/actor/lib/test/auto/Dictionary1.xml (RunModel)" time="0.015" />
  <testcase classname="ptolemy.util.test.junit.AutoTests" name="[109] /home/travis/build/icyphy/ptII/ptolemy/actor/lib/test/auto/Dictionary2.xml (RunModel)" time="0.012" />
  <testcase classname="ptolemy.util.test.junit.AutoTests" name="[110] /home/travis/build/icyphy/ptII/ptolemy/actor/lib/test/auto/Dictionary3.xml (RunModel)" time="0.012" />
  <testcase classname="ptolemy.util.test.junit.AutoTests" name="[111] /home/travis/build/icyphy/ptII/ptolemy/actor/lib/test/auto/Dictionary4.xml (RunModel)" time="0.015" />
  <testcase classname="ptolemy.util.test.junit.AutoTests" name="[112] /home/travis/build/icyphy/ptII/ptolemy/actor/lib/test/auto/Differential.xml (RunModel)" time="0.01" />
  <testcase classname="ptolemy.util.test.junit.AutoTests" name="[113] /home/travis/build/icyphy/ptII/ptolemy/actor/lib/test/auto/Director.xml (RunModel)" time="0.01" />
  <testcase classname="ptolemy.util.test.junit.AutoTests" name="[114] /home/travis/build/icyphy/ptII/ptolemy/actor/lib/test/auto/DiscreteClock.xml (RunModel)" time="0.008" />
  <testcase classname="ptolemy.util.test.junit.AutoTests" name="[115] /home/travis/build/icyphy/ptII/ptolemy/actor/lib/test/auto/DiscreteClock10.xml (RunModel)" time="0.011" />
  <testcase classname="ptolemy.util.test.junit.AutoTests" name="[116] /home/travis/build/icyphy/ptII/ptolemy/actor/lib/test/auto/DiscreteClock11.xml (RunModel)" time="0.011" />
  <testcase classname="ptolemy.util.test.junit.AutoTests" name="[117] /home/travis/build/icyphy/ptII/ptolemy/actor/lib/test/auto/DiscreteClock12.xml (RunModel)" time="0.011" />
  <testcase classname="ptolemy.util.test.junit.AutoTests" name="[118] /home/travis/build/icyphy/ptII/ptolemy/actor/lib/test/auto/DiscreteClock13.xml (RunModel)" time="0.015" />
  <testcase classname="ptolemy.util.test.junit.AutoTests" name="[119] /home/travis/build/icyphy/ptII/ptolemy/actor/lib/test/auto/DiscreteClock14.xml (RunModel)" time="0.014" />
  <testcase classname="ptolemy.util.test.junit.AutoTests" name="[120] /home/travis/build/icyphy/ptII/ptolemy/actor/lib/test/auto/DiscreteClock15.xml (RunModel)" time="0.011" />
  <testcase classname="ptolemy.util.test.junit.AutoTests" name="[121] /home/travis/build/icyphy/ptII/ptolemy/actor/lib/test/auto/DiscreteClock16.xml (RunModel)" time="0.485" />
  <testcase classname="ptolemy.util.test.junit.AutoTests" name="[122] /home/travis/build/icyphy/ptII/ptolemy/actor/lib/test/auto/DiscreteClock17.xml (RunModel)" time="0.04" />
  <testcase classname="ptolemy.util.test.junit.AutoTests" name="[123] /home/travis/build/icyphy/ptII/ptolemy/actor/lib/test/auto/DiscreteClock18.xml (RunModel)" time="0.047" />
  <testcase classname="ptolemy.util.test.junit.AutoTests" name="[124] /home/travis/build/icyphy/ptII/ptolemy/actor/lib/test/auto/DiscreteClock19.xml (RunModel)" time="0.047" />
  <testcase classname="ptolemy.util.test.junit.AutoTests" name="[125] /home/travis/build/icyphy/ptII/ptolemy/actor/lib/test/auto/DiscreteClock2.xml (RunModel)" time="0.014" />
  <testcase classname="ptolemy.util.test.junit.AutoTests" name="[126] /home/travis/build/icyphy/ptII/ptolemy/actor/lib/test/auto/DiscreteClock20.xml (RunModel)" time="0.019" />
  <testcase classname="ptolemy.util.test.junit.AutoTests" name="[127] /home/travis/build/icyphy/ptII/ptolemy/actor/lib/test/auto/DiscreteClock21.xml (RunModel)" time="0.021" />
  <testcase classname="ptolemy.util.test.junit.AutoTests" name="[128] /home/travis/build/icyphy/ptII/ptolemy/actor/lib/test/auto/DiscreteClock22.xml (RunModel)" time="0.011" />
  <testcase classname="ptolemy.util.test.junit.AutoTests" name="[129] /home/travis/build/icyphy/ptII/ptolemy/actor/lib/test/auto/DiscreteClock23.xml (RunModel)" time="0.017" />
  <testcase classname="ptolemy.util.test.junit.AutoTests" name="[130] /home/travis/build/icyphy/ptII/ptolemy/actor/lib/test/auto/DiscreteClock24.xml (RunModel)" time="0.016" />
  <testcase classname="ptolemy.util.test.junit.AutoTests" name="[131] /home/travis/build/icyphy/ptII/ptolemy/actor/lib/test/auto/DiscreteClock4.xml (RunModel)" time="0.009" />
  <testcase classname="ptolemy.util.test.junit.AutoTests" name="[132] /home/travis/build/icyphy/ptII/ptolemy/actor/lib/test/auto/DiscreteClock5.xml (RunModel)" time="0.009" />
  <testcase classname="ptolemy.util.test.junit.AutoTests" name="[133] /home/travis/build/icyphy/ptII/ptolemy/actor/lib/test/auto/DiscreteClock6.xml (RunModel)" time="0.007" />
  <testcase classname="ptolemy.util.test.junit.AutoTests" name="[134] /home/travis/build/icyphy/ptII/ptolemy/actor/lib/test/auto/DiscreteClock7.xml (RunModel)" time="0.007" />
  <testcase classname="ptolemy.util.test.junit.AutoTests" name="[135] /home/travis/build/icyphy/ptII/ptolemy/actor/lib/test/auto/DiscreteClock8.xml (RunModel)" time="0.013" />
  <testcase classname="ptolemy.util.test.junit.AutoTests" name="[136] /home/travis/build/icyphy/ptII/ptolemy/actor/lib/test/auto/DiscreteClock9.xml (RunModel)" time="0.014" />
  <testcase classname="ptolemy.util.test.junit.AutoTests" name="[137] /home/travis/build/icyphy/ptII/ptolemy/actor/lib/test/auto/DisplayArray.xml (RunModel)" time="0.007" />
  <testcase classname="ptolemy.util.test.junit.AutoTests" name="[138] /home/travis/build/icyphy/ptII/ptolemy/actor/lib/test/auto/Distributor.xml (RunModel)" time="0.008" />
  <testcase classname="ptolemy.util.test.junit.AutoTests" name="[139] /home/travis/build/icyphy/ptII/ptolemy/actor/lib/test/auto/Distributor2.xml (RunModel)" time="0.008" />
  <testcase classname="ptolemy.util.test.junit.AutoTests" name="[140] /home/travis/build/icyphy/ptII/ptolemy/actor/lib/test/auto/DownSample.xml (RunModel)" time="0.008" />
  <testcase classname="ptolemy.util.test.junit.AutoTests" name="[141] /home/travis/build/icyphy/ptII/ptolemy/actor/lib/test/auto/ElectronicUnitBase1.xml (RunModel)" time="0.051" />
  <testcase classname="ptolemy.util.test.junit.AutoTests" name="[142] /home/travis/build/icyphy/ptII/ptolemy/actor/lib/test/auto/ElementsToArray.xml (RunModel)" time="0.008" />
  <testcase classname="ptolemy.util.test.junit.AutoTests" name="[143] /home/travis/build/icyphy/ptII/ptolemy/actor/lib/test/auto/Equals.xml (RunModel)" time="0.009" />
  <testcase classname="ptolemy.util.test.junit.AutoTests" name="[144] /home/travis/build/icyphy/ptII/ptolemy/actor/lib/test/auto/Exec.xml (RunModel)" time="0.018" />
  <testcase classname="ptolemy.util.test.junit.AutoTests" name="[145] /home/travis/build/icyphy/ptII/ptolemy/actor/lib/test/auto/ExecEnvironment.xml (RunModel)" time="0.032" />
  <testcase classname="ptolemy.util.test.junit.AutoTests" name="[146] /home/travis/build/icyphy/ptII/ptolemy/actor/lib/test/auto/ExecNonZeroReturnOutput.xml (RunModel)" time="0.133" />
  <testcase classname="ptolemy.util.test.junit.AutoTests" name="[147] /home/travis/build/icyphy/ptII/ptolemy/actor/lib/test/auto/ExecRunDemos.xml (RunModel)" time="9.531" />
  <testcase classname="ptolemy.util.test.junit.AutoTests" name="[148] /home/travis/build/icyphy/ptII/ptolemy/actor/lib/test/auto/ExecStop.xml (RunModel)" time="5.021" />
  <testcase classname="ptolemy.util.test.junit.AutoTests" name="[149] /home/travis/build/icyphy/ptII/ptolemy/actor/lib/test/auto/ExecutionTimeSDF.xml (RunModel)" time="6.026" />
  <testcase classname="ptolemy.util.test.junit.AutoTests" name="[150] /home/travis/build/icyphy/ptII/ptolemy/actor/lib/test/auto/Expression1.xml (RunModel)" time="0.012" />
  <testcase classname="ptolemy.util.test.junit.AutoTests" name="[151] /home/travis/build/icyphy/ptII/ptolemy/actor/lib/test/auto/Expression10.xml (RunModel)" time="0.017" />
  <testcase classname="ptolemy.util.test.junit.AutoTests" name="[152] /home/travis/build/icyphy/ptII/ptolemy/actor/lib/test/auto/Expression11.xml (RunModel)" time="0.013" />
  <testcase classname="ptolemy.util.test.junit.AutoTests" name="[153] /home/travis/build/icyphy/ptII/ptolemy/actor/lib/test/auto/Expression12.xml (RunModel)" time="0.015" />
  <testcase classname="ptolemy.util.test.junit.AutoTests" name="[154] /home/travis/build/icyphy/ptII/ptolemy/actor/lib/test/auto/Expression13.xml (RunModel)" time="0.014" />
  <testcase classname="ptolemy.util.test.junit.AutoTests" name="[155] /home/travis/build/icyphy/ptII/ptolemy/actor/lib/test/auto/Expression14.xml (RunModel)" time="0.025" />
  <testcase classname="ptolemy.util.test.junit.AutoTests" name="[156] /home/travis/build/icyphy/ptII/ptolemy/actor/lib/test/auto/Expression15.xml (RunModel)" time="0.011" />
  <testcase classname="ptolemy.util.test.junit.AutoTests" name="[157] /home/travis/build/icyphy/ptII/ptolemy/actor/lib/test/auto/Expression16.xml (RunModel)" time="0.02" />
  <testcase classname="ptolemy.util.test.junit.AutoTests" name="[158] /home/travis/build/icyphy/ptII/ptolemy/actor/lib/test/auto/Expression17.xml (RunModel)" time="0.014" />
  <testcase classname="ptolemy.util.test.junit.AutoTests" name="[159] /home/travis/build/icyphy/ptII/ptolemy/actor/lib/test/auto/Expression18.xml (RunModel)" time="0.014" />
  <testcase classname="ptolemy.util.test.junit.AutoTests" name="[160] /home/travis/build/icyphy/ptII/ptolemy/actor/lib/test/auto/Expression2.xml (RunModel)" time="0.014" />
  <testcase classname="ptolemy.util.test.junit.AutoTests" name="[161] /home/travis/build/icyphy/ptII/ptolemy/actor/lib/test/auto/Expression3.xml (RunModel)" time="0.013" />
  <testcase classname="ptolemy.util.test.junit.AutoTests" name="[162] /home/travis/build/icyphy/ptII/ptolemy/actor/lib/test/auto/Expression4.xml (RunModel)" time="0.02" />
  <testcase classname="ptolemy.util.test.junit.AutoTests" name="[163] /home/travis/build/icyphy/ptII/ptolemy/actor/lib/test/auto/Expression5.xml (RunModel)" time="0.013" />
  <testcase classname="ptolemy.util.test.junit.AutoTests" name="[164] /home/travis/build/icyphy/ptII/ptolemy/actor/lib/test/auto/Expression6.xml (RunModel)" time="0.01" />
  <testcase classname="ptolemy.util.test.junit.AutoTests" name="[165] /home/travis/build/icyphy/ptII/ptolemy/actor/lib/test/auto/Expression7.xml (RunModel)" time="0.013" />
  <testcase classname="ptolemy.util.test.junit.AutoTests" name="[166] /home/travis/build/icyphy/ptII/ptolemy/actor/lib/test/auto/Expression8.xml (RunModel)" time="0.015" />
  <testcase classname="ptolemy.util.test.junit.AutoTests" name="[167] /home/travis/build/icyphy/ptII/ptolemy/actor/lib/test/auto/Expression9.xml (RunModel)" time="0.009" />
  <testcase classname="ptolemy.util.test.junit.AutoTests" name="[168] /home/travis/build/icyphy/ptII/ptolemy/actor/lib/test/auto/ExpressionConcatenateArrayType.xml (RunModel)" time="0.025" />
  <testcase classname="ptolemy.util.test.junit.AutoTests" name="[169] /home/travis/build/icyphy/ptII/ptolemy/actor/lib/test/auto/ExpressionConcatenateArrayType2.xml (RunModel)" time="0.025" />
  <testcase classname="ptolemy.util.test.junit.AutoTests" name="[170] /home/travis/build/icyphy/ptII/ptolemy/actor/lib/test/auto/ExpressionFix.xml (RunModel)" time="0.025" />
  <testcase classname="ptolemy.util.test.junit.AutoTests" name="[171] /home/travis/build/icyphy/ptII/ptolemy/actor/lib/test/auto/ExpressionFix2.xml (RunModel)" time="0.017" />
  <testcase classname="ptolemy.util.test.junit.AutoTests" name="[172] /home/travis/build/icyphy/ptII/ptolemy/actor/lib/test/auto/ExpressionFix3.xml (RunModel)" time="0.012" />
  <testcase classname="ptolemy.util.test.junit.AutoTests" name="[173] /home/travis/build/icyphy/ptII/ptolemy/actor/lib/test/auto/FileWriter1.xml (RunModel)" time="0.009" />
  <testcase classname="ptolemy.util.test.junit.AutoTests" name="[174] /home/travis/build/icyphy/ptII/ptolemy/actor/lib/test/auto/FileWriter2.xml (RunModel)" time="0.011" />
  <testcase classname="ptolemy.util.test.junit.AutoTests" name="[175] /home/travis/build/icyphy/ptII/ptolemy/actor/lib/test/auto/FileWriter3.xml (RunModel)" time="0.015" />
  <testcase classname="ptolemy.util.test.junit.AutoTests" name="[176] /home/travis/build/icyphy/ptII/ptolemy/actor/lib/test/auto/Gaussian.xml (RunModel)" time="0.012" />
  <testcase classname="ptolemy.util.test.junit.AutoTests" name="[177] /home/travis/build/icyphy/ptII/ptolemy/actor/lib/test/auto/Gaussian1.xml (RunModel)" time="0.031" />
  <testcase classname="ptolemy.util.test.junit.AutoTests" name="[178] /home/travis/build/icyphy/ptII/ptolemy/actor/lib/test/auto/Gaussian2.xml (RunModel)" time="0.02" />
  <testcase classname="ptolemy.util.test.junit.AutoTests" name="[179] /home/travis/build/icyphy/ptII/ptolemy/actor/lib/test/auto/GradientAdaptiveLattice.xml (RunModel)" time="0.015" />
  <testcase classname="ptolemy.util.test.junit.AutoTests" name="[180] /home/travis/build/icyphy/ptII/ptolemy/actor/lib/test/auto/IIR.xml (RunModel)" time="0.01" />
  <testcase classname="ptolemy.util.test.junit.AutoTests" name="[181] /home/travis/build/icyphy/ptII/ptolemy/actor/lib/test/auto/InputOutputTransparentPorts.xml (RunModel)" time="0.018" />
  <testcase classname="ptolemy.util.test.junit.AutoTests" name="[182] /home/travis/build/icyphy/ptII/ptolemy/actor/lib/test/auto/Interpolator.xml (RunModel)" time="0.014" />
  <testcase classname="ptolemy.util.test.junit.AutoTests" name="[183] /home/travis/build/icyphy/ptII/ptolemy/actor/lib/test/auto/InterpolatorFiringLimitDE.xml (RunModel)" time="0.012" />
  <testcase classname="ptolemy.util.test.junit.AutoTests" name="[184] /home/travis/build/icyphy/ptII/ptolemy/actor/lib/test/auto/Lattice.xml (RunModel)" time="0.008" />
  <testcase classname="ptolemy.util.test.junit.AutoTests" name="[185] /home/travis/build/icyphy/ptII/ptolemy/actor/lib/test/auto/LazyAOCTestLazy.xml (RunModel)" time="0.032" />
  <testcase classname="ptolemy.util.test.junit.AutoTests" name="[186] /home/travis/build/icyphy/ptII/ptolemy/actor/lib/test/auto/LazyAOCTestNonLazy.xml (RunModel)" time="0.049" />
  <testcase classname="ptolemy.util.test.junit.AutoTests" name="[187] /home/travis/build/icyphy/ptII/ptolemy/actor/lib/test/auto/LazyInnerClass.xml (RunModel)" time="0.049" />
  <testcase classname="ptolemy.util.test.junit.AutoTests" name="[188] /home/travis/build/icyphy/ptII/ptolemy/actor/lib/test/auto/LazyPubSub.xml (RunModel)" time="0.059" />
  <testcase classname="ptolemy.util.test.junit.AutoTests" name="[189] /home/travis/build/icyphy/ptII/ptolemy/actor/lib/test/auto/LazyPubSub2.xml (RunModel)" time="0.036" />
  <testcase classname="ptolemy.util.test.junit.AutoTests" name="[190] /home/travis/build/icyphy/ptII/ptolemy/actor/lib/test/auto/LazyPubSub3.xml (RunModel)" time="0.023" />
  <testcase classname="ptolemy.util.test.junit.AutoTests" name="[191] /home/travis/build/icyphy/ptII/ptolemy/actor/lib/test/auto/LazySubClassModel.xml (RunModel)" time="0.032" />
  <testcase classname="ptolemy.util.test.junit.AutoTests" name="[192] /home/travis/build/icyphy/ptII/ptolemy/actor/lib/test/auto/LevelCrossTest1.xml (RunModel)" time="0.009" />
  <testcase classname="ptolemy.util.test.junit.AutoTests" name="[193] /home/travis/build/icyphy/ptII/ptolemy/actor/lib/test/auto/LevelCrossTest10.xml (RunModel)" time="0.015" />
  <testcase classname="ptolemy.util.test.junit.AutoTests" name="[194] /home/travis/build/icyphy/ptII/ptolemy/actor/lib/test/auto/LevelCrossTest11.xml (RunModel)" time="0.012" />
  <testcase classname="ptolemy.util.test.junit.AutoTests" name="[195] /home/travis/build/icyphy/ptII/ptolemy/actor/lib/test/auto/LevelCrossTest12.xml (RunModel)" time="0.012" />
  <testcase classname="ptolemy.util.test.junit.AutoTests" name="[196] /home/travis/build/icyphy/ptII/ptolemy/actor/lib/test/auto/LevelCrossTest13.xml (RunModel)" time="0.019" />
  <testcase classname="ptolemy.util.test.junit.AutoTests" name="[197] /home/travis/build/icyphy/ptII/ptolemy/actor/lib/test/auto/LevelCrossTest2.xml (RunModel)" time="0.01" />
  <testcase classname="ptolemy.util.test.junit.AutoTests" name="[198] /home/travis/build/icyphy/ptII/ptolemy/actor/lib/test/auto/LevelCrossTest3.xml (RunModel)" time="0.011" />
  <testcase classname="ptolemy.util.test.junit.AutoTests" name="[199] /home/travis/build/icyphy/ptII/ptolemy/actor/lib/test/auto/LevelCrossTest4.xml (RunModel)" time="0.01" />
  <testcase classname="ptolemy.util.test.junit.AutoTests" name="[200] /home/travis/build/icyphy/ptII/ptolemy/actor/lib/test/auto/LevelCrossTest5.xml (RunModel)" time="0.011" />
  <testcase classname="ptolemy.util.test.junit.AutoTests" name="[201] /home/travis/build/icyphy/ptII/ptolemy/actor/lib/test/auto/LevelCrossTest6.xml (RunModel)" time="0.012" />
  <testcase classname="ptolemy.util.test.junit.AutoTests" name="[202] /home/travis/build/icyphy/ptII/ptolemy/actor/lib/test/auto/LevelCrossTest7.xml (RunModel)" time="0.012" />
  <testcase classname="ptolemy.util.test.junit.AutoTests" name="[203] /home/travis/build/icyphy/ptII/ptolemy/actor/lib/test/auto/LevelCrossTest8.xml (RunModel)" time="0.012" />
  <testcase classname="ptolemy.util.test.junit.AutoTests" name="[204] /home/travis/build/icyphy/ptII/ptolemy/actor/lib/test/auto/LevelCrossTest9.xml (RunModel)" time="0.011" />
  <testcase classname="ptolemy.util.test.junit.AutoTests" name="[205] /home/travis/build/icyphy/ptII/ptolemy/actor/lib/test/auto/LevinsonDurbin.xml (RunModel)" time="0.009" />
  <testcase classname="ptolemy.util.test.junit.AutoTests" name="[206] /home/travis/build/icyphy/ptII/ptolemy/actor/lib/test/auto/LevinsonDurbin2.xml (RunModel)" time="0.007" />
  <testcase classname="ptolemy.util.test.junit.AutoTests" name="[207] /home/travis/build/icyphy/ptII/ptolemy/actor/lib/test/auto/LevinsonDurbin3.xml (RunModel)" time="0.007" />
  <testcase classname="ptolemy.util.test.junit.AutoTests" name="[208] /home/travis/build/icyphy/ptII/ptolemy/actor/lib/test/auto/Limiter.xml (RunModel)" time="0.021" />
  <testcase classname="ptolemy.util.test.junit.AutoTests" name="[209] /home/travis/build/icyphy/ptII/ptolemy/actor/lib/test/auto/LinearDifferenceEquationSystem.xml (RunModel)" time="0.018" />
  <testcase classname="ptolemy.util.test.junit.AutoTests" name="[210] /home/travis/build/icyphy/ptII/ptolemy/actor/lib/test/auto/LookupTable.xml (RunModel)" time="0.008" />
  <testcase classname="ptolemy.util.test.junit.AutoTests" name="[211] /home/travis/build/icyphy/ptII/ptolemy/actor/lib/test/auto/MathFunction.xml (RunModel)" time="0.017" />
  <testcase classname="ptolemy.util.test.junit.AutoTests" name="[212] /home/travis/build/icyphy/ptII/ptolemy/actor/lib/test/auto/MathFunction2.xml (RunModel)" time="0.007" />
  <testcase classname="ptolemy.util.test.junit.AutoTests" name="[213] /home/travis/build/icyphy/ptII/ptolemy/actor/lib/test/auto/MathFunction3.xml (RunModel)" time="0.014" />
  <testcase classname="ptolemy.util.test.junit.AutoTests" name="[214] /home/travis/build/icyphy/ptII/ptolemy/actor/lib/test/auto/MatrixCropBoolean.xml (RunModel)" time="0.008" />
  <testcase classname="ptolemy.util.test.junit.AutoTests" name="[215] /home/travis/build/icyphy/ptII/ptolemy/actor/lib/test/auto/MatrixCropComplex.xml (RunModel)" time="0.008" />
  <testcase classname="ptolemy.util.test.junit.AutoTests" name="[216] /home/travis/build/icyphy/ptII/ptolemy/actor/lib/test/auto/MatrixCropDouble.xml (RunModel)" time="0.012" />
  <testcase classname="ptolemy.util.test.junit.AutoTests" name="[217] /home/travis/build/icyphy/ptII/ptolemy/actor/lib/test/auto/MatrixCropFix.xml (RunModel)" time="0.015" />
  <testcase classname="ptolemy.util.test.junit.AutoTests" name="[218] /home/travis/build/icyphy/ptII/ptolemy/actor/lib/test/auto/MatrixCropInt.xml (RunModel)" time="0.009" />
  <testcase classname="ptolemy.util.test.junit.AutoTests" name="[219] /home/travis/build/icyphy/ptII/ptolemy/actor/lib/test/auto/MatrixCropLong.xml (RunModel)" time="0.008" />
  <testcase classname="ptolemy.util.test.junit.AutoTests" name="[220] /home/travis/build/icyphy/ptII/ptolemy/actor/lib/test/auto/MatrixToArray.xml (RunModel)" time="0.063" />
  <testcase classname="ptolemy.util.test.junit.AutoTests" name="[221] /home/travis/build/icyphy/ptII/ptolemy/actor/lib/test/auto/MaxIndex.xml (RunModel)" time="0.013" />
  <testcase classname="ptolemy.util.test.junit.AutoTests" name="[222] /home/travis/build/icyphy/ptII/ptolemy/actor/lib/test/auto/Maximum.xml (RunModel)" time="0.014" />
  <testcase classname="ptolemy.util.test.junit.AutoTests" name="[223] /home/travis/build/icyphy/ptII/ptolemy/actor/lib/test/auto/MaximumComplex.xml (RunModel)" time="0.014" />
  <testcase classname="ptolemy.util.test.junit.AutoTests" name="[224] /home/travis/build/icyphy/ptII/ptolemy/actor/lib/test/auto/MethodCallTest.xml (RunModel)" time="0.019" />
  <testcase classname="ptolemy.util.test.junit.AutoTests" name="[225] /home/travis/build/icyphy/ptII/ptolemy/actor/lib/test/auto/Minimum.xml (RunModel)" time="0.012" />
  <testcase classname="ptolemy.util.test.junit.AutoTests" name="[226] /home/travis/build/icyphy/ptII/ptolemy/actor/lib/test/auto/MinimumComplex.xml (RunModel)" time="0.014" />
  <testcase classname="ptolemy.util.test.junit.AutoTests" name="[227] /home/travis/build/icyphy/ptII/ptolemy/actor/lib/test/auto/MinimumMultiports.xml (RunModel)" time="0.019" />
  <testcase classname="ptolemy.util.test.junit.AutoTests" name="[228] /home/travis/build/icyphy/ptII/ptolemy/actor/lib/test/auto/ModifyDate.xml (RunModel)" time="0.038" />
  <testcase classname="ptolemy.util.test.junit.AutoTests" name="[229] /home/travis/build/icyphy/ptII/ptolemy/actor/lib/test/auto/ModifyDate2.xml (RunModel)" time="0.027" />
  <testcase classname="ptolemy.util.test.junit.AutoTests" name="[230] /home/travis/build/icyphy/ptII/ptolemy/actor/lib/test/auto/MovingAverage.xml (RunModel)" time="0.011" />
  <testcase classname="ptolemy.util.test.junit.AutoTests" name="[231] /home/travis/build/icyphy/ptII/ptolemy/actor/lib/test/auto/MovingMaximum.xml (RunModel)" time="0.01" />
  <testcase classname="ptolemy.util.test.junit.AutoTests" name="[232] /home/travis/build/icyphy/ptII/ptolemy/actor/lib/test/auto/MultipleLinksToSameRelation.xml (RunModel)" time="0.007" />
  <testcase classname="ptolemy.util.test.junit.AutoTests" name="[233] /home/travis/build/icyphy/ptII/ptolemy/actor/lib/test/auto/MultipleLinksToSameRelationDE.xml (RunModel)" time="0.014" />
  <testcase classname="ptolemy.util.test.junit.AutoTests" name="[234] /home/travis/build/icyphy/ptII/ptolemy/actor/lib/test/auto/Multiplexor.xml (RunModel)" time="0.012" />
  <testcase classname="ptolemy.util.test.junit.AutoTests" name="[235] /home/travis/build/icyphy/ptII/ptolemy/actor/lib/test/auto/Multiplexor1.xml (RunModel)" time="0.013" />
  <testcase classname="ptolemy.util.test.junit.AutoTests" name="[236] /home/travis/build/icyphy/ptII/ptolemy/actor/lib/test/auto/Multiplexor2.xml (RunModel)" time="0.019" />
  <testcase classname="ptolemy.util.test.junit.AutoTests" name="[237] /home/travis/build/icyphy/ptII/ptolemy/actor/lib/test/auto/Multiplexor3.xml (RunModel)" time="0.008" />
  <testcase classname="ptolemy.util.test.junit.AutoTests" name="[238] /home/travis/build/icyphy/ptII/ptolemy/actor/lib/test/auto/MultiplexorDE.xml (RunModel)" time="0.017" />
  <testcase classname="ptolemy.util.test.junit.AutoTests" name="[239] /home/travis/build/icyphy/ptII/ptolemy/actor/lib/test/auto/MultiportBroadcastTest.xml (RunModel)" time="0.101" />
  <testcase classname="ptolemy.util.test.junit.AutoTests" name="[240] /home/travis/build/icyphy/ptII/ptolemy/actor/lib/test/auto/MultiportOutHangDuringGetWidth.xml (RunModel)" time="0.032" />
  <testcase classname="ptolemy.util.test.junit.AutoTests" name="[241] /home/travis/build/icyphy/ptII/ptolemy/actor/lib/test/auto/NilToken.xml (RunModel)" time="0.019" />
  <testcase classname="ptolemy.util.test.junit.AutoTests" name="[242] /home/travis/build/icyphy/ptII/ptolemy/actor/lib/test/auto/NilTokenNonStrictTest.xml (RunModel)" time="0.014" />
  <testcase classname="ptolemy.util.test.junit.AutoTests" name="[243] /home/travis/build/icyphy/ptII/ptolemy/actor/lib/test/auto/NilTokenRecord.xml (RunModel)" time="0.026" />
  <testcase classname="ptolemy.util.test.junit.AutoTests" name="[244] /home/travis/build/icyphy/ptII/ptolemy/actor/lib/test/auto/NilTokenTypeTest.xml (RunModel)" time="0.034" />
  <testcase classname="ptolemy.util.test.junit.AutoTests" name="[245] /home/travis/build/icyphy/ptII/ptolemy/actor/lib/test/auto/ObjectToken1.xml (RunModel)" time="0.008" />
  <testcase classname="ptolemy.util.test.junit.AutoTests" name="[246] /home/travis/build/icyphy/ptII/ptolemy/actor/lib/test/auto/OrderedMerge.xml (RunModel)" time="0.02" />
  <testcase classname="ptolemy.util.test.junit.AutoTests" name="[247] /home/travis/build/icyphy/ptII/ptolemy/actor/lib/test/auto/OrderedRecordDisassembler.xml (RunModel)" time="0.027" />
  <testcase classname="ptolemy.util.test.junit.AutoTests" name="[248] /home/travis/build/icyphy/ptII/ptolemy/actor/lib/test/auto/OrderedRecordDisassembler2.xml (RunModel)" time="0.025" />
  <testcase classname="ptolemy.util.test.junit.AutoTests" name="[249] /home/travis/build/icyphy/ptII/ptolemy/actor/lib/test/auto/OrderedRecordUpdater.xml (RunModel)" time="0.011" />
  <testcase classname="ptolemy.util.test.junit.AutoTests" name="[250] /home/travis/build/icyphy/ptII/ptolemy/actor/lib/test/auto/OrderedRecordUpdater2.xml (RunModel)" time="0.017" />
  <testcase classname="ptolemy.util.test.junit.AutoTests" name="[251] /home/travis/build/icyphy/ptII/ptolemy/actor/lib/test/auto/PhaseUnwrap.xml (RunModel)" time="0.013" />
  <testcase classname="ptolemy.util.test.junit.AutoTests" name="[252] /home/travis/build/icyphy/ptII/ptolemy/actor/lib/test/auto/PoissonClock.xml (RunModel)" time="0.009" />
  <testcase classname="ptolemy.util.test.junit.AutoTests" name="[253] /home/travis/build/icyphy/ptII/ptolemy/actor/lib/test/auto/PoissonClock2.xml (RunModel)" time="0.009" />
  <testcase classname="ptolemy.util.test.junit.AutoTests" name="[254] /home/travis/build/icyphy/ptII/ptolemy/actor/lib/test/auto/PoissonClock3.xml (RunModel)" time="0.015" />
  <testcase classname="ptolemy.util.test.junit.AutoTests" name="[255] /home/travis/build/icyphy/ptII/ptolemy/actor/lib/test/auto/PubSubWithInitialTokens.xml (RunModel)" time="0.015" />
  <testcase classname="ptolemy.util.test.junit.AutoTests" name="[256] /home/travis/build/icyphy/ptII/ptolemy/actor/lib/test/auto/PubSubWithInitialTokens2.xml (RunModel)" time="0.026" />
  <testcase classname="ptolemy.util.test.junit.AutoTests" name="[257] /home/travis/build/icyphy/ptII/ptolemy/actor/lib/test/auto/PublisherClassNoParameter.xml (RunModel)" time="0.022" />
  <testcase classname="ptolemy.util.test.junit.AutoTests" name="[258] /home/travis/build/icyphy/ptII/ptolemy/actor/lib/test/auto/PublisherClassParameter.xml (RunModel)" time="0.02" />
  <testcase classname="ptolemy.util.test.junit.AutoTests" name="[259] /home/travis/build/icyphy/ptII/ptolemy/actor/lib/test/auto/PublisherNonStrictTest.xml (RunModel)" time="0.015" />
  <testcase classname="ptolemy.util.test.junit.AutoTests" name="[260] /home/travis/build/icyphy/ptII/ptolemy/actor/lib/test/auto/PublisherPort1.xml (RunModel)" time="0.01" />
  <testcase classname="ptolemy.util.test.junit.AutoTests" name="[261] /home/travis/build/icyphy/ptII/ptolemy/actor/lib/test/auto/PublisherPort2.xml (RunModel)" time="0.008" />
  <testcase classname="ptolemy.util.test.junit.AutoTests" name="[262] /home/travis/build/icyphy/ptII/ptolemy/actor/lib/test/auto/PublisherPort3.xml (RunModel)" time="0.017" />
  <testcase classname="ptolemy.util.test.junit.AutoTests" name="[263] /home/travis/build/icyphy/ptII/ptolemy/actor/lib/test/auto/PublisherPort4.xml (RunModel)" time="0.016" />
  <testcase classname="ptolemy.util.test.junit.AutoTests" name="[264] /home/travis/build/icyphy/ptII/ptolemy/actor/lib/test/auto/PublisherPort5.xml (RunModel)" time="0.014" />
  <testcase classname="ptolemy.util.test.junit.AutoTests" name="[265] /home/travis/build/icyphy/ptII/ptolemy/actor/lib/test/auto/PublisherPort5LookAlike.xml (RunModel)" time="0.017" />
  <testcase classname="ptolemy.util.test.junit.AutoTests" name="[266] /home/travis/build/icyphy/ptII/ptolemy/actor/lib/test/auto/PublisherPort6.xml (RunModel)" time="0.011" />
  <testcase classname="ptolemy.util.test.junit.AutoTests" name="[267] /home/travis/build/icyphy/ptII/ptolemy/actor/lib/test/auto/PublisherPort7.xml (RunModel)" time="0.014" />
  <testcase classname="ptolemy.util.test.junit.AutoTests" name="[268] /home/travis/build/icyphy/ptII/ptolemy/actor/lib/test/auto/PublisherPort8.xml (RunModel)" time="0.013" />
  <testcase classname="ptolemy.util.test.junit.AutoTests" name="[269] /home/travis/build/icyphy/ptII/ptolemy/actor/lib/test/auto/PublisherPortSubscriberChannelVariablesAOC2.xml (RunModel)" time="0.032" />
  <testcase classname="ptolemy.util.test.junit.AutoTests" name="[270] /home/travis/build/icyphy/ptII/ptolemy/actor/lib/test/auto/PublisherPortSubscriberOpaqueWidthInference.xml (RunModel)" time="0.014" />
  <testcase classname="ptolemy.util.test.junit.AutoTests" name="[271] /home/travis/build/icyphy/ptII/ptolemy/actor/lib/test/auto/PublisherPortSubscriberPortAdjacent.xml (RunModel)" time="0.018" />
  <testcase classname="ptolemy.util.test.junit.AutoTests" name="[272] /home/travis/build/icyphy/ptII/ptolemy/actor/lib/test/auto/PublisherPortSubscriberPortExpression.xml (RunModel)" time="0.015" />
  <testcase classname="ptolemy.util.test.junit.AutoTests" name="[273] /home/travis/build/icyphy/ptII/ptolemy/actor/lib/test/auto/PublisherPortSubscriberPortOpaqueD3Reverse.xml (RunModel)" time="0.04" />
  <testcase classname="ptolemy.util.test.junit.AutoTests" name="[274] /home/travis/build/icyphy/ptII/ptolemy/actor/lib/test/auto/PublisherPortSubscriberPortOpaqueWidthInference.xml (RunModel)" time="0.014" />
  <testcase classname="ptolemy.util.test.junit.AutoTests" name="[275] /home/travis/build/icyphy/ptII/ptolemy/actor/lib/test/auto/PublisherPortToplevelSubscriberPortAOC.xml (RunModel)" time="0.01" />
  <testcase classname="ptolemy.util.test.junit.AutoTests" name="[276] /home/travis/build/icyphy/ptII/ptolemy/actor/lib/test/auto/PublisherSubscriber.xml (RunModel)" time="0.015" />
  <testcase classname="ptolemy.util.test.junit.AutoTests" name="[277] /home/travis/build/icyphy/ptII/ptolemy/actor/lib/test/auto/PublisherSubscriber10.xml (RunModel)" time="0.019" />
  <testcase classname="ptolemy.util.test.junit.AutoTests" name="[278] /home/travis/build/icyphy/ptII/ptolemy/actor/lib/test/auto/PublisherSubscriber10InitialOutputs.xml (RunModel)" time="0.018" />
  <testcase classname="ptolemy.util.test.junit.AutoTests" name="[279] /home/travis/build/icyphy/ptII/ptolemy/actor/lib/test/auto/PublisherSubscriber11.xml (RunModel)" time="0.01" />
  <testcase classname="ptolemy.util.test.junit.AutoTests" name="[280] /home/travis/build/icyphy/ptII/ptolemy/actor/lib/test/auto/PublisherSubscriber12.xml (RunModel)" time="0.011" />
  <testcase classname="ptolemy.util.test.junit.AutoTests" name="[281] /home/travis/build/icyphy/ptII/ptolemy/actor/lib/test/auto/PublisherSubscriber13.xml (RunModel)" time="0.009" />
  <testcase classname="ptolemy.util.test.junit.AutoTests" name="[282] /home/travis/build/icyphy/ptII/ptolemy/actor/lib/test/auto/PublisherSubscriber14.xml (RunModel)" time="0.016" />
  <testcase classname="ptolemy.util.test.junit.AutoTests" name="[283] /home/travis/build/icyphy/ptII/ptolemy/actor/lib/test/auto/PublisherSubscriber2.xml (RunModel)" time="0.008" />
  <testcase classname="ptolemy.util.test.junit.AutoTests" name="[284] /home/travis/build/icyphy/ptII/ptolemy/actor/lib/test/auto/PublisherSubscriber3.xml (RunModel)" time="0.008" />
  <testcase classname="ptolemy.util.test.junit.AutoTests" name="[285] /home/travis/build/icyphy/ptII/ptolemy/actor/lib/test/auto/PublisherSubscriber4.xml (RunModel)" time="0.007" />
  <testcase classname="ptolemy.util.test.junit.AutoTests" name="[286] /home/travis/build/icyphy/ptII/ptolemy/actor/lib/test/auto/PublisherSubscriber5.xml (RunModel)" time="0.01" />
  <testcase classname="ptolemy.util.test.junit.AutoTests" name="[287] /home/travis/build/icyphy/ptII/ptolemy/actor/lib/test/auto/PublisherSubscriber6.xml (RunModel)" time="0.01" />
  <testcase classname="ptolemy.util.test.junit.AutoTests" name="[288] /home/travis/build/icyphy/ptII/ptolemy/actor/lib/test/auto/PublisherSubscriber7.xml (RunModel)" time="0.011" />
  <testcase classname="ptolemy.util.test.junit.AutoTests" name="[289] /home/travis/build/icyphy/ptII/ptolemy/actor/lib/test/auto/PublisherSubscriber8.xml (RunModel)" time="0.021" />
  <testcase classname="ptolemy.util.test.junit.AutoTests" name="[290] /home/travis/build/icyphy/ptII/ptolemy/actor/lib/test/auto/PublisherSubscriber9.xml (RunModel)" time="0.016" />
  <testcase classname="ptolemy.util.test.junit.AutoTests" name="[291] /home/travis/build/icyphy/ptII/ptolemy/actor/lib/test/auto/PublisherSubscriberAdjacent.xml (RunModel)" time="0.015" />
  <testcase classname="ptolemy.util.test.junit.AutoTests" name="[292] /home/travis/build/icyphy/ptII/ptolemy/actor/lib/test/auto/PublisherSubscriberChannelVariablesAOC2.xml (RunModel)" time="0.023" />
  <testcase classname="ptolemy.util.test.junit.AutoTests" name="[293] /home/travis/build/icyphy/ptII/ptolemy/actor/lib/test/auto/PublisherSubscriberD3.xml (RunModel)" time="0.012" />
  <testcase classname="ptolemy.util.test.junit.AutoTests" name="[294] /home/travis/build/icyphy/ptII/ptolemy/actor/lib/test/auto/PublisherSubscriberD3Reverse.xml (RunModel)" time="0.01" />
  <testcase classname="ptolemy.util.test.junit.AutoTests" name="[295] /home/travis/build/icyphy/ptII/ptolemy/actor/lib/test/auto/PublisherSubscriberExpression.xml (RunModel)" time="0.015" />
  <testcase classname="ptolemy.util.test.junit.AutoTests" name="[296] /home/travis/build/icyphy/ptII/ptolemy/actor/lib/test/auto/PublisherSubscriberOpaque.xml (RunModel)" time="0.014" />
  <testcase classname="ptolemy.util.test.junit.AutoTests" name="[297] /home/travis/build/icyphy/ptII/ptolemy/actor/lib/test/auto/PublisherSubscriberOpaqueD3.xml (RunModel)" time="0.02" />
  <testcase classname="ptolemy.util.test.junit.AutoTests" name="[298] /home/travis/build/icyphy/ptII/ptolemy/actor/lib/test/auto/PublisherSubscriberOpaqueD3Reverse.xml (RunModel)" time="0.019" />
  <testcase classname="ptolemy.util.test.junit.AutoTests" name="[299] /home/travis/build/icyphy/ptII/ptolemy/actor/lib/test/auto/PublisherSubscriberOpaqueWidthInference.xml (RunModel)" time="0.015" />
  <testcase classname="ptolemy.util.test.junit.AutoTests" name="[300] /home/travis/build/icyphy/ptII/ptolemy/actor/lib/test/auto/PublisherTestSubscriber.xml (RunModel)" time="0.014" />
  <testcase classname="ptolemy.util.test.junit.AutoTests" name="[301] /home/travis/build/icyphy/ptII/ptolemy/actor/lib/test/auto/PublisherToplevelSubscriberPortAOC.xml (RunModel)" time="0.009" />
  <testcase classname="ptolemy.util.test.junit.AutoTests" name="[302] /home/travis/build/icyphy/ptII/ptolemy/actor/lib/test/auto/PulseFiringLimitDE.xml (RunModel)" time="0.017" />
  <testcase classname="ptolemy.util.test.junit.AutoTests" name="[303] /home/travis/build/icyphy/ptII/ptolemy/actor/lib/test/auto/Ramp1.xml (RunModel)" time="0.006" />
  <testcase classname="ptolemy.util.test.junit.AutoTests" name="[304] /home/travis/build/icyphy/ptII/ptolemy/actor/lib/test/auto/RampFiringLimitDE.xml (RunModel)" time="0.009" />
  <testcase classname="ptolemy.util.test.junit.AutoTests" name="[305] /home/travis/build/icyphy/ptII/ptolemy/actor/lib/test/auto/RampFiringLimitSDF.xml (RunModel)" time="0.01" />
  <testcase classname="ptolemy.util.test.junit.AutoTests" name="[306] /home/travis/build/icyphy/ptII/ptolemy/actor/lib/test/auto/RandomInteger.xml (RunModel)" time="0.008" />
  <testcase classname="ptolemy.util.test.junit.AutoTests" name="[307] /home/travis/build/icyphy/ptII/ptolemy/actor/lib/test/auto/ReadFile1.xml (RunModel)" time="0.007" />
  <testcase classname="ptolemy.util.test.junit.AutoTests" name="[308] /home/travis/build/icyphy/ptII/ptolemy/actor/lib/test/auto/ReadFile2.xml (RunModel)" time="0.007" />
  <testcase classname="ptolemy.util.test.junit.AutoTests" name="[309] /home/travis/build/icyphy/ptII/ptolemy/actor/lib/test/auto/Reader.xml (RunModel)" time="0.008" />
  <testcase classname="ptolemy.util.test.junit.AutoTests" name="[310] /home/travis/build/icyphy/ptII/ptolemy/actor/lib/test/auto/RecordAssemblerDisplayNameTest.xml (RunModel)" time="2.951" />
  <testcase classname="ptolemy.util.test.junit.AutoTests" name="[311] /home/travis/build/icyphy/ptII/ptolemy/actor/lib/test/auto/RecordAssemblerTypeError.xml (RunModel)" time="0.049" />
  <testcase classname="ptolemy.util.test.junit.AutoTests" name="[312] /home/travis/build/icyphy/ptII/ptolemy/actor/lib/test/auto/RecordDisassember.xml (RunModel)" time="0.009" />
  <testcase classname="ptolemy.util.test.junit.AutoTests" name="[313] /home/travis/build/icyphy/ptII/ptolemy/actor/lib/test/auto/RecordDisassemberDisplayNameTest.xml (RunModel)" time="0.016" />
  <testcase classname="ptolemy.util.test.junit.AutoTests" name="[314] /home/travis/build/icyphy/ptII/ptolemy/actor/lib/test/auto/RecordDisassembler.xml (RunModel)" time="0.008" />
  <testcase classname="ptolemy.util.test.junit.AutoTests" name="[315] /home/travis/build/icyphy/ptII/ptolemy/actor/lib/test/auto/RecordDisassembler2.xml (RunModel)" time="0.01" />
  <testcase classname="ptolemy.util.test.junit.AutoTests" name="[316] /home/travis/build/icyphy/ptII/ptolemy/actor/lib/test/auto/RecordUpdater.xml (RunModel)" time="0.008" />
  <testcase classname="ptolemy.util.test.junit.AutoTests" name="[317] /home/travis/build/icyphy/ptII/ptolemy/actor/lib/test/auto/RecordUpdater2.xml (RunModel)" time="0.008" />
  <testcase classname="ptolemy.util.test.junit.AutoTests" name="[318] /home/travis/build/icyphy/ptII/ptolemy/actor/lib/test/auto/RecursiveLattice.xml (RunModel)" time="0.008" />
  <testcase classname="ptolemy.util.test.junit.AutoTests" name="[319] /home/travis/build/icyphy/ptII/ptolemy/actor/lib/test/auto/Router.xml (RunModel)" time="3.022" />
  <testcase classname="ptolemy.util.test.junit.AutoTests" name="[320] /home/travis/build/icyphy/ptII/ptolemy/actor/lib/test/auto/Router2.xml (RunModel)" time="3.022" />
  <testcase classname="ptolemy.util.test.junit.AutoTests" name="[321] /home/travis/build/icyphy/ptII/ptolemy/actor/lib/test/auto/RunningMaximum.xml (RunModel)" time="0.01" />
  <testcase classname="ptolemy.util.test.junit.AutoTests" name="[322] /home/travis/build/icyphy/ptII/ptolemy/actor/lib/test/auto/RunningMinimum.xml (RunModel)" time="0.012" />
  <testcase classname="ptolemy.util.test.junit.AutoTests" name="[323] /home/travis/build/icyphy/ptII/ptolemy/actor/lib/test/auto/Scale.xml (RunModel)" time="0.007" />
  <testcase classname="ptolemy.util.test.junit.AutoTests" name="[324] /home/travis/build/icyphy/ptII/ptolemy/actor/lib/test/auto/Scale2.xml (RunModel)" time="0.008" />
  <testcase classname="ptolemy.util.test.junit.AutoTests" name="[325] /home/travis/build/icyphy/ptII/ptolemy/actor/lib/test/auto/Scale3.xml (RunModel)" time="0.012" />
  <testcase classname="ptolemy.util.test.junit.AutoTests" name="[326] /home/travis/build/icyphy/ptII/ptolemy/actor/lib/test/auto/ScaleArray.xml (RunModel)" time="0.007" />
  <testcase classname="ptolemy.util.test.junit.AutoTests" name="[327] /home/travis/build/icyphy/ptII/ptolemy/actor/lib/test/auto/ScaleArray2.xml (RunModel)" time="0.008" />
  <testcase classname="ptolemy.util.test.junit.AutoTests" name="[328] /home/travis/build/icyphy/ptII/ptolemy/actor/lib/test/auto/ScaleMatrix.xml (RunModel)" time="0.114" />
  <testcase classname="ptolemy.util.test.junit.AutoTests" name="[329] /home/travis/build/icyphy/ptII/ptolemy/actor/lib/test/auto/Select.xml (RunModel)" time="0.013" />
  <testcase classname="ptolemy.util.test.junit.AutoTests" name="[330] /home/travis/build/icyphy/ptII/ptolemy/actor/lib/test/auto/Select2.xml (RunModel)" time="0.008" />
  <testcase classname="ptolemy.util.test.junit.AutoTests" name="[331] /home/travis/build/icyphy/ptII/ptolemy/actor/lib/test/auto/SequenceToArray2.xml (RunModel)" time="0.119" />
  <testcase classname="ptolemy.util.test.junit.AutoTests" name="[332] /home/travis/build/icyphy/ptII/ptolemy/actor/lib/test/auto/SequentialClock.xml (RunModel)" time="0.009" />
  <testcase classname="ptolemy.util.test.junit.AutoTests" name="[333] /home/travis/build/icyphy/ptII/ptolemy/actor/lib/test/auto/SetVariable.xml (RunModel)" time="0.014" />
  <testcase classname="ptolemy.util.test.junit.AutoTests" name="[334] /home/travis/build/icyphy/ptII/ptolemy/actor/lib/test/auto/SetVariable2.xml (RunModel)" time="0.014" />
  <testcase classname="ptolemy.util.test.junit.AutoTests" name="[335] /home/travis/build/icyphy/ptII/ptolemy/actor/lib/test/auto/SetVariable3.xml (RunModel)" time="0.015" />
  <testcase classname="ptolemy.util.test.junit.AutoTests" name="[336] /home/travis/build/icyphy/ptII/ptolemy/actor/lib/test/auto/SetVariable4.xml (RunModel)" time="0.031" />
  <testcase classname="ptolemy.util.test.junit.AutoTests" name="[337] /home/travis/build/icyphy/ptII/ptolemy/actor/lib/test/auto/SetVariable5.xml (RunModel)" time="0.048" />
  <testcase classname="ptolemy.util.test.junit.AutoTests" name="[338] /home/travis/build/icyphy/ptII/ptolemy/actor/lib/test/auto/Sinewave.xml (RunModel)" time="0.025" />
  <testcase classname="ptolemy.util.test.junit.AutoTests" name="[339] /home/travis/build/icyphy/ptII/ptolemy/actor/lib/test/auto/Sinewave2.xml (RunModel)" time="0.014" />
  <testcase classname="ptolemy.util.test.junit.AutoTests" name="[340] /home/travis/build/icyphy/ptII/ptolemy/actor/lib/test/auto/Sinewave3.xml (RunModel)" time="0.022" />
  <testcase classname="ptolemy.util.test.junit.AutoTests" name="[341] /home/travis/build/icyphy/ptII/ptolemy/actor/lib/test/auto/SingleEvent.xml (RunModel)" time="0.007" />
  <testcase classname="ptolemy.util.test.junit.AutoTests" name="[342] /home/travis/build/icyphy/ptII/ptolemy/actor/lib/test/auto/Sleep.xml (RunModel)" time="6.014" />
  <testcase classname="ptolemy.util.test.junit.AutoTests" name="[343] /home/travis/build/icyphy/ptII/ptolemy/actor/lib/test/auto/SleepMultipleFire.xml (RunModel)" time="1.019" />
  <testcase classname="ptolemy.util.test.junit.AutoTests" name="[344] /home/travis/build/icyphy/ptII/ptolemy/actor/lib/test/auto/StopDE.xml (RunModel)" time="0.011" />
  <testcase classname="ptolemy.util.test.junit.AutoTests" name="[345] /home/travis/build/icyphy/ptII/ptolemy/actor/lib/test/auto/StopSDF.xml (RunModel)" time="0.01" />
  <testcase classname="ptolemy.util.test.junit.AutoTests" name="[346] /home/travis/build/icyphy/ptII/ptolemy/actor/lib/test/auto/StringConstant.xml (RunModel)" time="0.008" />
  <testcase classname="ptolemy.util.test.junit.AutoTests" name="[347] /home/travis/build/icyphy/ptII/ptolemy/actor/lib/test/auto/SubscriberPortInitialValues1.xml (RunModel)" time="0.015" />
  <testcase classname="ptolemy.util.test.junit.AutoTests" name="[348] /home/travis/build/icyphy/ptII/ptolemy/actor/lib/test/auto/SubscriberPortInitialValues13.xml (RunModel)" time="0.02" />
  <testcase classname="ptolemy.util.test.junit.AutoTests" name="[349] /home/travis/build/icyphy/ptII/ptolemy/actor/lib/test/auto/SubscriberPortInitialValues14.xml (RunModel)" time="0.013" />
  <testcase classname="ptolemy.util.test.junit.AutoTests" name="[350] /home/travis/build/icyphy/ptII/ptolemy/actor/lib/test/auto/SubscriberPortInitialValues2.xml (RunModel)" time="0.013" />
  <testcase classname="ptolemy.util.test.junit.AutoTests" name="[351] /home/travis/build/icyphy/ptII/ptolemy/actor/lib/test/auto/SubscriberPortInitialValues3.xml (RunModel)" time="0.017" />
  <testcase classname="ptolemy.util.test.junit.AutoTests" name="[352] /home/travis/build/icyphy/ptII/ptolemy/actor/lib/test/auto/SubscriptionAggregator.xml (RunModel)" time="0.011" />
  <testcase classname="ptolemy.util.test.junit.AutoTests" name="[353] /home/travis/build/icyphy/ptII/ptolemy/actor/lib/test/auto/SubscriptionAggregator2.xml (RunModel)" time="0.01" />
  <testcase classname="ptolemy.util.test.junit.AutoTests" name="[354] /home/travis/build/icyphy/ptII/ptolemy/actor/lib/test/auto/SubscriptionAggregator3.xml (RunModel)" time="0.014" />
  <testcase classname="ptolemy.util.test.junit.AutoTests" name="[355] /home/travis/build/icyphy/ptII/ptolemy/actor/lib/test/auto/SubscriptionAggregatorMultiply.xml (RunModel)" time="0.013" />
  <testcase classname="ptolemy.util.test.junit.AutoTests" name="[356] /home/travis/build/icyphy/ptII/ptolemy/actor/lib/test/auto/SubscriptionAggregatorPortMultiply1.xml (RunModel)" time="0.012" />
  <testcase classname="ptolemy.util.test.junit.AutoTests" name="[357] /home/travis/build/icyphy/ptII/ptolemy/actor/lib/test/auto/Switch.xml (RunModel)" time="0.012" />
  <testcase classname="ptolemy.util.test.junit.AutoTests" name="[358] /home/travis/build/icyphy/ptII/ptolemy/actor/lib/test/auto/Switch2.xml (RunModel)" time="0.013" />
  <testcase classname="ptolemy.util.test.junit.AutoTests" name="[359] /home/travis/build/icyphy/ptII/ptolemy/actor/lib/test/auto/SwitchDE.xml (RunModel)" time="0.01" />
  <testcase classname="ptolemy.util.test.junit.AutoTests" name="[360] /home/travis/build/icyphy/ptII/ptolemy/actor/lib/test/auto/SynchronizerDE.xml (RunModel)" time="0.016" />
  <testcase classname="ptolemy.util.test.junit.AutoTests" name="[361] /home/travis/build/icyphy/ptII/ptolemy/actor/lib/test/auto/Test.xml (RunModel)" time="0.009" />
  <testcase classname="ptolemy.util.test.junit.AutoTests" name="[362] /home/travis/build/icyphy/ptII/ptolemy/actor/lib/test/auto/TestExceptionAttribute1.xml (RunModel)" time="0.009" />
  <testcase classname="ptolemy.util.test.junit.AutoTests" name="[363] /home/travis/build/icyphy/ptII/ptolemy/actor/lib/test/auto/TestExceptionAttribute2.xml (RunModel)" time="0.007" />
  <testcase classname="ptolemy.util.test.junit.AutoTests" name="[364] /home/travis/build/icyphy/ptII/ptolemy/actor/lib/test/auto/TestExceptionAttribute3.xml (RunModel)" time="0.007" />
  <testcase classname="ptolemy.util.test.junit.AutoTests" name="[365] /home/travis/build/icyphy/ptII/ptolemy/actor/lib/test/auto/TestExceptionAttribute4.xml (RunModel)" time="0.006" />
  <testcase classname="ptolemy.util.test.junit.AutoTests" name="[366] /home/travis/build/icyphy/ptII/ptolemy/actor/lib/test/auto/TestExceptionHandler1.xml (RunModel)" time="0.006" />
  <testcase classname="ptolemy.util.test.junit.AutoTests" name="[367] /home/travis/build/icyphy/ptII/ptolemy/actor/lib/test/auto/TestExceptionHandler2.xml (RunModel)" time="0.01" />
  <testcase classname="ptolemy.util.test.junit.AutoTests" name="[368] /home/travis/build/icyphy/ptII/ptolemy/actor/lib/test/auto/TestExceptionHandler3.xml (RunModel)" time="0.009" />
  <testcase classname="ptolemy.util.test.junit.AutoTests" name="[369] /home/travis/build/icyphy/ptII/ptolemy/actor/lib/test/auto/TestExceptionHandler4.xml (RunModel)" time="0.005" />
  <testcase classname="ptolemy.util.test.junit.AutoTests" name="[370] /home/travis/build/icyphy/ptII/ptolemy/actor/lib/test/auto/TestRequireCorrectOrder.xml (RunModel)" time="0.011" />
  <testcase classname="ptolemy.util.test.junit.AutoTests" name="[371] /home/travis/build/icyphy/ptII/ptolemy/actor/lib/test/auto/TestSimple.xml (RunModel)" time="0.005" />
  <testcase classname="ptolemy.util.test.junit.AutoTests" name="[372] /home/travis/build/icyphy/ptII/ptolemy/actor/lib/test/auto/ThrowModelError.xml (RunModel)" time="0.01" />
  <testcase classname="ptolemy.util.test.junit.AutoTests" name="[373] /home/travis/build/icyphy/ptII/ptolemy/actor/lib/test/auto/TimeDelayMicrosteps.xml (RunModel)" time="0.016" />
  <testcase classname="ptolemy.util.test.junit.AutoTests" name="[374] /home/travis/build/icyphy/ptII/ptolemy/actor/lib/test/auto/TimeDelayMicrosteps2.xml (RunModel)" time="0.013" />
  <testcase classname="ptolemy.util.test.junit.AutoTests" name="[375] /home/travis/build/icyphy/ptII/ptolemy/actor/lib/test/auto/TimeDelayMicrosteps3.xml (RunModel)" time="0.012" />
  <testcase classname="ptolemy.util.test.junit.AutoTests" name="[376] /home/travis/build/icyphy/ptII/ptolemy/actor/lib/test/auto/TimeDelayVariableMicrosteps.xml (RunModel)" time="0.011" />
  <testcase classname="ptolemy.util.test.junit.AutoTests" name="[377] /home/travis/build/icyphy/ptII/ptolemy/actor/lib/test/auto/TimeGap.xml (RunModel)" time="0.014" />
  <testcase classname="ptolemy.util.test.junit.AutoTests" name="[378] /home/travis/build/icyphy/ptII/ptolemy/actor/lib/test/auto/TimeGap2.xml (RunModel)" time="0.011" />
  <testcase classname="ptolemy.util.test.junit.AutoTests" name="[379] /home/travis/build/icyphy/ptII/ptolemy/actor/lib/test/auto/TimedSinewave.xml (RunModel)" time="0.059" />
  <testcase classname="ptolemy.util.test.junit.AutoTests" name="[380] /home/travis/build/icyphy/ptII/ptolemy/actor/lib/test/auto/TimedSinewavePhase.xml (RunModel)" time="0.024" />
  <testcase classname="ptolemy.util.test.junit.AutoTests" name="[381] /home/travis/build/icyphy/ptII/ptolemy/actor/lib/test/auto/Timer.xml (RunModel)" time="0.017" />
  <testcase classname="ptolemy.util.test.junit.AutoTests" name="[382] /home/travis/build/icyphy/ptII/ptolemy/actor/lib/test/auto/TriangularDistTestModel.xml (RunModel)" time="0.015" />
  <testcase classname="ptolemy.util.test.junit.AutoTests" name="[383] /home/travis/build/icyphy/ptII/ptolemy/actor/lib/test/auto/TrigFunction.xml (RunModel)" time="0.007" />
  <testcase classname="ptolemy.util.test.junit.AutoTests" name="[384] /home/travis/build/icyphy/ptII/ptolemy/actor/lib/test/auto/TrigFunctionDE.xml (RunModel)" time="0.009" />
  <testcase classname="ptolemy.util.test.junit.AutoTests" name="[385] /home/travis/build/icyphy/ptII/ptolemy/actor/lib/test/auto/TrigFunctionInverse.xml (RunModel)" time="0.008" />
  <testcase classname="ptolemy.util.test.junit.AutoTests" name="[386] /home/travis/build/icyphy/ptII/ptolemy/actor/lib/test/auto/TrigFunctionTan.xml (RunModel)" time="0.005" />
  <testcase classname="ptolemy.util.test.junit.AutoTests" name="[387] /home/travis/build/icyphy/ptII/ptolemy/actor/lib/test/auto/TriggeredClock.xml (RunModel)" time="0.007" />
  <testcase classname="ptolemy.util.test.junit.AutoTests" name="[388] /home/travis/build/icyphy/ptII/ptolemy/actor/lib/test/auto/URLDirectoryReader.xml (RunModel)" time="0.107" />
  <testcase classname="ptolemy.util.test.junit.AutoTests" name="[389] /home/travis/build/icyphy/ptII/ptolemy/actor/lib/test/auto/URLDirectoryReader3.xml (RunModel)" time="1.279" />
  <testcase classname="ptolemy.util.test.junit.AutoTests" name="[390] /home/travis/build/icyphy/ptII/ptolemy/actor/lib/test/auto/UnaryMathFunction.xml (RunModel)" time="0.056" />
  <testcase classname="ptolemy.util.test.junit.AutoTests" name="[391] /home/travis/build/icyphy/ptII/ptolemy/actor/lib/test/auto/Uniform.xml (RunModel)" time="0.036" />
  <testcase classname="ptolemy.util.test.junit.AutoTests" name="[392] /home/travis/build/icyphy/ptII/ptolemy/actor/lib/test/auto/UnionDisassemblerTest.xml (RunModel)" time="0.034" />
  <testcase classname="ptolemy.util.test.junit.AutoTests" name="[393] /home/travis/build/icyphy/ptII/ptolemy/actor/lib/test/auto/UtilityFunctions.xml (RunModel)" time="0.029" />
  <testcase classname="ptolemy.util.test.junit.AutoTests" name="[394] /home/travis/build/icyphy/ptII/ptolemy/actor/lib/test/auto/VariableSleep.xml (RunModel)" time="0.547" />
  <testcase classname="ptolemy.util.test.junit.AutoTests" name="[395] /home/travis/build/icyphy/ptII/ptolemy/actor/lib/test/auto/VectorAssemblerDisassemblerCT.xml (RunModel)" time="0.118" />
  <testcase classname="ptolemy.util.test.junit.AutoTests" name="[396] /home/travis/build/icyphy/ptII/ptolemy/actor/lib/test/auto/VectorAssemblerDisassemblerDE.xml (RunModel)" time="0.013" />
  <testcase classname="ptolemy.util.test.junit.AutoTests" name="[397] /home/travis/build/icyphy/ptII/ptolemy/actor/lib/test/auto/VectorAssemblerDisassemblerSDF.xml (RunModel)" time="0.014" />
  <testcase classname="ptolemy.util.test.junit.AutoTests" name="[398] /home/travis/build/icyphy/ptII/ptolemy/actor/lib/test/auto/WallClockTime.xml (RunModel)" time="1.016" />
  <testcase classname="ptolemy.util.test.junit.AutoTests" name="[399] /home/travis/build/icyphy/ptII/ptolemy/actor/lib/test/auto/WidthTestWithSubscriberPublisher.xml (RunModel)" time="0.038" />
  <testcase classname="ptolemy.util.test.junit.AutoTests" name="[400] /home/travis/build/icyphy/ptII/ptolemy/actor/lib/test/auto/WidthTestWithSubscriberPublisher2.xml (RunModel)" time="0.018" />
  <testcase classname="ptolemy.util.test.junit.AutoTests" name="[401] /home/travis/build/icyphy/ptII/ptolemy/actor/lib/test/auto/WidthTestWithSubscriberPublisher3.xml (RunModel)" time="0.027" />
  <testcase classname="ptolemy.util.test.junit.AutoTests" name="[402] /home/travis/build/icyphy/ptII/ptolemy/actor/lib/test/auto/Writer.xml (RunModel)" time="0.008" />
  <testcase classname="ptolemy.util.test.junit.AutoTests" name="[403] /home/travis/build/icyphy/ptII/ptolemy/actor/lib/test/auto/array.xml (RunModel)" time="0.01" />
  <testcase classname="ptolemy.util.test.junit.AutoTests" name="[404] /home/travis/build/icyphy/ptII/ptolemy/actor/lib/test/auto/array2.xml (RunModel)" time="0.017" />
  <testcase classname="ptolemy.util.test.junit.AutoTests" name="[405] /home/travis/build/icyphy/ptII/ptolemy/actor/lib/test/auto/arrayType.xml (RunModel)" time="0.01" />
  <testcase classname="ptolemy.util.test.junit.AutoTests" name="[406] /home/travis/build/icyphy/ptII/ptolemy/actor/lib/test/auto/arrayType10.xml (RunModel)" time="0.01" />
  <testcase classname="ptolemy.util.test.junit.AutoTests" name="[407] /home/travis/build/icyphy/ptII/ptolemy/actor/lib/test/auto/arrayType11.xml (RunModel)" time="0.009" />
  <testcase classname="ptolemy.util.test.junit.AutoTests" name="[408] /home/travis/build/icyphy/ptII/ptolemy/actor/lib/test/auto/arrayType12.xml (RunModel)" time="0.011" />
  <testcase classname="ptolemy.util.test.junit.AutoTests" name="[409] /home/travis/build/icyphy/ptII/ptolemy/actor/lib/test/auto/arrayType13.xml (RunModel)" time="0.01" />
  <testcase classname="ptolemy.util.test.junit.AutoTests" name="[410] /home/travis/build/icyphy/ptII/ptolemy/actor/lib/test/auto/arrayType14.xml (RunModel)" time="0.011" />
  <testcase classname="ptolemy.util.test.junit.AutoTests" name="[411] /home/travis/build/icyphy/ptII/ptolemy/actor/lib/test/auto/arrayType15.xml (RunModel)" time="0.009" />
  <testcase classname="ptolemy.util.test.junit.AutoTests" name="[412] /home/travis/build/icyphy/ptII/ptolemy/actor/lib/test/auto/arrayType16.xml (RunModel)" time="0.01" />
  <testcase classname="ptolemy.util.test.junit.AutoTests" name="[413] /home/travis/build/icyphy/ptII/ptolemy/actor/lib/test/auto/arrayType17.xml (RunModel)" time="0.012" />
  <testcase classname="ptolemy.util.test.junit.AutoTests" name="[414] /home/travis/build/icyphy/ptII/ptolemy/actor/lib/test/auto/arrayType18.xml (RunModel)" time="0.009" />
  <testcase classname="ptolemy.util.test.junit.AutoTests" name="[415] /home/travis/build/icyphy/ptII/ptolemy/actor/lib/test/auto/arrayType19.xml (RunModel)" time="0.01" />
  <testcase classname="ptolemy.util.test.junit.AutoTests" name="[416] /home/travis/build/icyphy/ptII/ptolemy/actor/lib/test/auto/arrayType2.xml (RunModel)" time="0.026" />
  <testcase classname="ptolemy.util.test.junit.AutoTests" name="[417] /home/travis/build/icyphy/ptII/ptolemy/actor/lib/test/auto/arrayType20.xml (RunModel)" time="0.009" />
  <testcase classname="ptolemy.util.test.junit.AutoTests" name="[418] /home/travis/build/icyphy/ptII/ptolemy/actor/lib/test/auto/arrayType21.xml (RunModel)" time="0.008" />
  <testcase classname="ptolemy.util.test.junit.AutoTests" name="[419] /home/travis/build/icyphy/ptII/ptolemy/actor/lib/test/auto/arrayType22.xml (RunModel)" time="0.008" />
  <testcase classname="ptolemy.util.test.junit.AutoTests" name="[420] /home/travis/build/icyphy/ptII/ptolemy/actor/lib/test/auto/arrayType23.xml (RunModel)" time="0.008" />
  <testcase classname="ptolemy.util.test.junit.AutoTests" name="[421] /home/travis/build/icyphy/ptII/ptolemy/actor/lib/test/auto/arrayType24.xml (RunModel)" time="0.009" />
  <testcase classname="ptolemy.util.test.junit.AutoTests" name="[422] /home/travis/build/icyphy/ptII/ptolemy/actor/lib/test/auto/arrayType25.xml (RunModel)" time="0.008" />
  <testcase classname="ptolemy.util.test.junit.AutoTests" name="[423] /home/travis/build/icyphy/ptII/ptolemy/actor/lib/test/auto/arrayType26.xml (RunModel)" time="0.009" />
  <testcase classname="ptolemy.util.test.junit.AutoTests" name="[424] /home/travis/build/icyphy/ptII/ptolemy/actor/lib/test/auto/arrayType27.xml (RunModel)" time="0.008" />
  <testcase classname="ptolemy.util.test.junit.AutoTests" name="[425] /home/travis/build/icyphy/ptII/ptolemy/actor/lib/test/auto/arrayType28.xml (RunModel)" time="0.008" />
  <testcase classname="ptolemy.util.test.junit.AutoTests" name="[426] /home/travis/build/icyphy/ptII/ptolemy/actor/lib/test/auto/arrayType3.xml (RunModel)" time="0.008" />
  <testcase classname="ptolemy.util.test.junit.AutoTests" name="[427] /home/travis/build/icyphy/ptII/ptolemy/actor/lib/test/auto/arrayType4.xml (RunModel)" time="0.008" />
  <testcase classname="ptolemy.util.test.junit.AutoTests" name="[428] /home/travis/build/icyphy/ptII/ptolemy/actor/lib/test/auto/arrayType5.xml (RunModel)" time="0.014" />
  <testcase classname="ptolemy.util.test.junit.AutoTests" name="[429] /home/travis/build/icyphy/ptII/ptolemy/actor/lib/test/auto/arrayType6.xml (RunModel)" time="0.008" />
  <testcase classname="ptolemy.util.test.junit.AutoTests" name="[430] /home/travis/build/icyphy/ptII/ptolemy/actor/lib/test/auto/arrayType7.xml (RunModel)" time="0.02" />
  <testcase classname="ptolemy.util.test.junit.AutoTests" name="[431] /home/travis/build/icyphy/ptII/ptolemy/actor/lib/test/auto/arrayType8.xml (RunModel)" time="0.008" />
  <testcase classname="ptolemy.util.test.junit.AutoTests" name="[432] /home/travis/build/icyphy/ptII/ptolemy/actor/lib/test/auto/arrayType9.xml (RunModel)" time="0.008" />
  <testcase classname="ptolemy.util.test.junit.AutoTests" name="[433] /home/travis/build/icyphy/ptII/ptolemy/actor/lib/test/auto/cast.xml (RunModel)" time="0.008" />
  <testcase classname="ptolemy.util.test.junit.AutoTests" name="[434] /home/travis/build/icyphy/ptII/ptolemy/actor/lib/test/auto/compositeMultiPort.xml (RunModel)" time="0.018" />
  <testcase classname="ptolemy.util.test.junit.AutoTests" name="[435] /home/travis/build/icyphy/ptII/ptolemy/actor/lib/test/auto/expressionCastInference.xml (RunModel)" time="0.008" />
  <testcase classname="ptolemy.util.test.junit.AutoTests" name="[436] /home/travis/build/icyphy/ptII/ptolemy/actor/lib/test/auto/expressionCastInference2.xml (RunModel)" time="0.009" />
  <testcase classname="ptolemy.util.test.junit.AutoTests" name="[437] /home/travis/build/icyphy/ptII/ptolemy/actor/lib/test/auto/expressionInference.xml (RunModel)" time="0.007" />
  <testcase classname="ptolemy.util.test.junit.AutoTests" name="[438] /home/travis/build/icyphy/ptII/ptolemy/actor/lib/test/auto/expression_bug.xml (RunModel)" time="0.007" />
  <testcase classname="ptolemy.util.test.junit.AutoTests" name="[439] /home/travis/build/icyphy/ptII/ptolemy/actor/lib/test/auto/factorial.xml (RunModel)" time="0.055" />
  <testcase classname="ptolemy.util.test.junit.AutoTests" name="[440] /home/travis/build/icyphy/ptII/ptolemy/actor/lib/test/auto/filterTest1.xml (RunModel)" time="0.012" />
  <testcase classname="ptolemy.util.test.junit.AutoTests" name="[441] /home/travis/build/icyphy/ptII/ptolemy/actor/lib/test/auto/funcApplyInConst.xml (RunModel)" time="0.006" />
  <testcase classname="ptolemy.util.test.junit.AutoTests" name="[442] /home/travis/build/icyphy/ptII/ptolemy/actor/lib/test/auto/funcApplyInExpr.xml (RunModel)" time="0.005" />
  <testcase classname="ptolemy.util.test.junit.AutoTests" name="[443] /home/travis/build/icyphy/ptII/ptolemy/actor/lib/test/auto/function.xml (RunModel)" time="0.009" />
  <testcase classname="ptolemy.util.test.junit.AutoTests" name="[444] /home/travis/build/icyphy/ptII/ptolemy/actor/lib/test/auto/function2.xml (RunModel)" time="0.01" />
  <testcase classname="ptolemy.util.test.junit.AutoTests" name="[445] /home/travis/build/icyphy/ptII/ptolemy/actor/lib/test/auto/function3.xml (RunModel)" time="0.007" />
  <testcase classname="ptolemy.util.test.junit.AutoTests" name="[446] /home/travis/build/icyphy/ptII/ptolemy/actor/lib/test/auto/functionClosureTest1.xml (RunModel)" time="0.01" />
  <testcase classname="ptolemy.util.test.junit.AutoTests" name="[447] /home/travis/build/icyphy/ptII/ptolemy/actor/lib/test/auto/functionClosureTest2.xml (RunModel)" time="0.006" />
  <testcase classname="ptolemy.util.test.junit.AutoTests" name="[448] /home/travis/build/icyphy/ptII/ptolemy/actor/lib/test/auto/functionClosureTest3.xml (RunModel)" time="0.009" />
  <testcase classname="ptolemy.util.test.junit.AutoTests" name="[449] /home/travis/build/icyphy/ptII/ptolemy/actor/lib/test/auto/functionClosureTest4.xml (RunModel)" time="0.019" />
  <testcase classname="ptolemy.util.test.junit.AutoTests" name="[450] /home/travis/build/icyphy/ptII/ptolemy/actor/lib/test/auto/functionClosureTest5.xml (RunModel)" time="0.012" />
  <testcase classname="ptolemy.util.test.junit.AutoTests" name="[451] /home/travis/build/icyphy/ptII/ptolemy/actor/lib/test/auto/functionClosureTest6.xml (RunModel)" time="0.01" />
  <testcase classname="ptolemy.util.test.junit.AutoTests" name="[452] /home/travis/build/icyphy/ptII/ptolemy/actor/lib/test/auto/functionsOnArcs.xml (RunModel)" time="0.009" />
  <testcase classname="ptolemy.util.test.junit.AutoTests" name="[453] /home/travis/build/icyphy/ptII/ptolemy/actor/lib/test/auto/functionsOnArcsHOF.xml (RunModel)" time="0.011" />
  <testcase classname="ptolemy.util.test.junit.AutoTests" name="[454] /home/travis/build/icyphy/ptII/ptolemy/actor/lib/test/auto/logic.xml (RunModel)" time="0.017" />
  <testcase classname="ptolemy.util.test.junit.AutoTests" name="[455] /home/travis/build/icyphy/ptII/ptolemy/actor/lib/test/auto/matrixType.xml (RunModel)" time="0.009" />
  <testcase classname="ptolemy.util.test.junit.AutoTests" name="[456] /home/travis/build/icyphy/ptII/ptolemy/actor/lib/test/auto/matrixType10.xml (RunModel)" time="0.008" />
  <testcase classname="ptolemy.util.test.junit.AutoTests" name="[457] /home/travis/build/icyphy/ptII/ptolemy/actor/lib/test/auto/matrixType11.xml (RunModel)" time="0.007" />
  <testcase classname="ptolemy.util.test.junit.AutoTests" name="[458] /home/travis/build/icyphy/ptII/ptolemy/actor/lib/test/auto/matrixType12.xml (RunModel)" time="0.01" />
  <testcase classname="ptolemy.util.test.junit.AutoTests" name="[459] /home/travis/build/icyphy/ptII/ptolemy/actor/lib/test/auto/matrixType13.xml (RunModel)" time="0.008" />
  <testcase classname="ptolemy.util.test.junit.AutoTests" name="[460] /home/travis/build/icyphy/ptII/ptolemy/actor/lib/test/auto/matrixType14.xml (RunModel)" time="0.009" />
  <testcase classname="ptolemy.util.test.junit.AutoTests" name="[461] /home/travis/build/icyphy/ptII/ptolemy/actor/lib/test/auto/matrixType2.xml (RunModel)" time="0.008" />
  <testcase classname="ptolemy.util.test.junit.AutoTests" name="[462] /home/travis/build/icyphy/ptII/ptolemy/actor/lib/test/auto/matrixType3.xml (RunModel)" time="0.009" />
  <testcase classname="ptolemy.util.test.junit.AutoTests" name="[463] /home/travis/build/icyphy/ptII/ptolemy/actor/lib/test/auto/matrixType4.xml (RunModel)" time="0.007" />
  <testcase classname="ptolemy.util.test.junit.AutoTests" name="[464] /home/travis/build/icyphy/ptII/ptolemy/actor/lib/test/auto/matrixType5.xml (RunModel)" time="0.007" />
  <testcase classname="ptolemy.util.test.junit.AutoTests" name="[465] /home/travis/build/icyphy/ptII/ptolemy/actor/lib/test/auto/matrixType6.xml (RunModel)" time="0.007" />
  <testcase classname="ptolemy.util.test.junit.AutoTests" name="[466] /home/travis/build/icyphy/ptII/ptolemy/actor/lib/test/auto/matrixType7.xml (RunModel)" time="0.007" />
  <testcase classname="ptolemy.util.test.junit.AutoTests" name="[467] /home/travis/build/icyphy/ptII/ptolemy/actor/lib/test/auto/matrixType8.xml (RunModel)" time="0.007" />
  <testcase classname="ptolemy.util.test.junit.AutoTests" name="[468] /home/travis/build/icyphy/ptII/ptolemy/actor/lib/test/auto/matrixType9.xml (RunModel)" time="0.007" />
  <testcase classname="ptolemy.util.test.junit.AutoTests" name="[469] /home/travis/build/icyphy/ptII/ptolemy/actor/lib/test/auto/paraFunctest.xml (RunModel)" time="0.006" />
  <testcase classname="ptolemy.util.test.junit.AutoTests" name="[470] /home/travis/build/icyphy/ptII/ptolemy/actor/lib/test/auto/paraFunctest2.xml (RunModel)" time="0.01" />
  <testcase classname="ptolemy.util.test.junit.AutoTests" name="[471] /home/travis/build/icyphy/ptII/ptolemy/actor/lib/test/auto/parameterPassing.xml (RunModel)" time="0.008" />
  <testcase classname="ptolemy.util.test.junit.AutoTests" name="[472] /home/travis/build/icyphy/ptII/ptolemy/actor/lib/test/auto/record.xml (RunModel)" time="0.009" />
  <testcase classname="ptolemy.util.test.junit.AutoTests" name="[473] /home/travis/build/icyphy/ptII/ptolemy/actor/lib/test/auto/sizedarray1.xml (RunModel)" time="0.01" />
  <testcase classname="ptolemy.util.test.junit.AutoTests" name="[474] /home/travis/build/icyphy/ptII/ptolemy/actor/lib/test/auto/sizedarray2.xml (RunModel)" time="0.01" />
  <testcase classname="ptolemy.util.test.junit.AutoTests" name="[475] /home/travis/build/icyphy/ptII/ptolemy/actor/lib/test/auto/twoPublishers.xml (RunModel)" time="0.019" />
  <system-out><![CDATA[/home/travis/build/icyphy/ptII/ptolemy/actor/lib/test/AbsoluteValue.tcl
testDefs.tcl: setting time out to 9000 seconds at Wed Oct 17 02:31:56 UTC 2018
70 ms. Memory: 116224K Free: 106780K (92%)
4 ms. Memory: 116224K Free: 105582K (91%)
4 ms. Memory: 116224K Free: 104987K (90%)
3 ms. Memory: 116224K Free: 103797K (89%)
/home/travis/build/icyphy/ptII/ptolemy/actor/lib/test/AddSubtract.tcl
13 ms. Memory: 116224K Free: 101996K (88%)
12 ms. Memory: 116224K Free: 100783K (87%)
9 ms. Memory: 116224K Free: 100188K (86%)
11 ms. Memory: 116224K Free: 99585K (86%)
14 ms. Memory: 116224K Free: 98966K (85%)
4 ms. Memory: 116224K Free: 98331K (85%)
/home/travis/build/icyphy/ptII/ptolemy/actor/lib/test/Average.tcl
9 ms. Memory: 116224K Free: 96514K (83%)
7 ms. Memory: 116224K Free: 95308K (82%)
/home/travis/build/icyphy/ptII/ptolemy/actor/lib/test/Bernoulli.tcl
4 ms. Memory: 116224K Free: 93483K (80%)
2 ms. Memory: 116224K Free: 92880K (80%)
/home/travis/build/icyphy/ptII/ptolemy/actor/lib/test/Clock.tcl
preinitializing
resolving types
initializing
executing number 1
wrapping up
idle
9 ms. Memory: 116224K Free: 90484K (78%)
Completed execution with 5 iterations
preinitializing
resolving types
initializing
executing number 1
wrapping up
idle
10 ms. Memory: 116224K Free: 89849K (77%)
Completed execution with 5 iterations
preinitializing
resolving types
initializing
executing number 1
wrapping up
idle
3 ms. Memory: 116224K Free: 89246K (77%)
Completed execution with 5 iterations
/home/travis/build/icyphy/ptII/ptolemy/actor/lib/test/Commutator.tcl
14 ms. Memory: 116224K Free: 87429K (75%)
13 ms. Memory: 116224K Free: 86223K (74%)
7 ms. Memory: 116224K Free: 81933K (70%)
/home/travis/build/icyphy/ptII/ptolemy/actor/lib/test/Const.tcl
3 ms. Memory: 146944K Free: 139933K (95%)
2 ms. Memory: 146944K Free: 138722K (94%)
2 ms. Memory: 146944K Free: 138722K (94%)
2 ms. Memory: 146944K Free: 137510K (94%)
1 ms. Memory: 146944K Free: 137510K (94%)
10 ms. Memory: 146944K Free: 135103K (92%)
4 ms. Memory: 146944K Free: 135103K (92%)
3 ms. Memory: 146944K Free: 133900K (91%)
/home/travis/build/icyphy/ptII/ptolemy/actor/lib/test/CurrentTime.tcl
preinitializing
resolving types
initializing
executing number 1
wrapping up
idle
7 ms. Memory: 146944K Free: 131477K (89%)
Completed execution with 11 iterations
/home/travis/build/icyphy/ptII/ptolemy/actor/lib/test/DB.tcl
8 ms. Memory: 146944K Free: 130273K (89%)
2 ms. Memory: 146944K Free: 129070K (88%)
2 ms. Memory: 146944K Free: 129070K (88%)
/home/travis/build/icyphy/ptII/ptolemy/actor/lib/test/DiscreteRandomSource.tcl
preinitializing
resolving types
initializing
executing number 1
wrapping up
idle
8 ms. Memory: 146944K Free: 127866K (87%)
Completed execution with 4 iterations
preinitializing
resolving types
initializing
executing number 1
wrapping up
idle
9 ms. Memory: 146944K Free: 126647K (86%)
Completed execution with 4 iterations
preinitializing
resolving types
initializing
executing number 1
wrapping up
idle
2 ms. Memory: 146944K Free: 126647K (86%)
Completed execution with 4 iterations
preinitializing
resolving types
initializing
executing number 1
wrapping up
idle
6 ms. Memory: 146944K Free: 125443K (85%)
Completed execution with 4 iterations
preinitializing
resolving types
initializing
executing number 1
wrapping up
idle
3 ms. Memory: 146944K Free: 125443K (85%)
Completed execution with 4 iterations
/home/travis/build/icyphy/ptII/ptolemy/actor/lib/test/Distributor.tcl
4 ms. Memory: 146944K Free: 124240K (85%)
4 ms. Memory: 146944K Free: 123020K (84%)
StreamChangeRequest.changeExecuted(): <deleteEntity name="rec2"/> succeeded
StreamChangeRequest.changeExecuted(): <deleteRelation name="r2"/> succeeded
StreamChangeRequest.changeExecuted(): Record firings per iteration succeeded
5 ms. Memory: 146944K Free: 120597K (82%)
/home/travis/build/icyphy/ptII/ptolemy/actor/lib/test/Exit.tcl
Exit.tcl: this will print a message about Manager.exitAfterWrapup, which can be ignored.
3 ms. Memory: 146944K Free: 117576K (80%)
/home/travis/build/icyphy/ptII/ptolemy/actor/lib/test/Expression.tcl
9 ms. Memory: 146944K Free: 113940K (78%)
3 ms. Memory: 146944K Free: 113940K (78%)
2 ms. Memory: 146944K Free: 112737K (77%)
preinitializing
resolving types
initializing
executing number 1
wrapping up
idle
5 ms. Memory: 146944K Free: 111533K (76%)
Completed execution with 6 iterations
4 ms. Memory: 146944K Free: 110330K (75%)
2 ms. Memory: 146944K Free: 110330K (75%)
4 ms. Memory: 146944K Free: 109126K (74%)
3 ms. Memory: 146944K Free: 107923K (73%)
4 ms. Memory: 146944K Free: 106719K (73%)
/home/travis/build/icyphy/ptII/ptolemy/actor/lib/test/Gaussian.tcl
4 ms. Memory: 146944K Free: 104312K (71%)
sleeping 1 seconds: .............................................................................................................................................................................................................................................................................................................................................................................................................................................................................................................................................................................................................................................................................................................................................................................................................................................................................................................................................................................................................................................................................................................................................................................................................................................................................................................................................................................................................................................................................................................................................................................................................................................................................................................................................................................................................................................................................................................................................................................................................................................................................................................................................................................................................................................................................................................................................................................................................................................................................................................................................................................................................................................................................................................................................................................................................................................................................................................................................................................................................................................................................................................................................................................................................................................................................................................................................................................................................................................................................................................................................................................................................................................................................................................................................................................................................................................................................................................................................................................................................................................................................................................................................................................................................................................................................................................................................................................................................................................................................................................................................................................................................................................................................................................................................................................................................................................................................................................................................................................................................................................................................................................................................................................................................................................................................................................................................................................................................................................................................................................................................................................................................................................................................................................................................................................................................................................................................................................................................................................................................................................................................................................................................................................................................................................................................................................................................................................................................................................................................................................................................................................................................................................................................................................................................................................................................................................................................................................................................................................................................................................................................................................................................................................................................................................................................................................................................................................................................................................................................................................................................................................................................................................................................................................................................................................................................................................................................................................................................................................................................................................................................................................................................................................................................................................................................................................................................................................................................................................................................................................................................................................................................................................................................................................................................................................................................................................................................................................................................................................................................................................................................................................................................................................................................................................................................................................................................................................................................................................................................................................................................................................................................................................................................................................................................................................................................................................................................................................................................................................................................................................................................................................................................................................................................................................................................................................................................................................................................................................................................................................................................................................................................................................................................................................................................................................................................................................................................................................................................................................................................................................................................................................................................................................................................................................................................................................................................................................................................................................................................................................................................................................................................................................................................................................................................................................................................................................................................................................................................................................................................................................................................................................................................................................................................................................................................................................................................................................................................................................................................................................................................................................................................................................................................................................................................................................................................................................................................................................................................................................................................................................................................................................................................................................................................................................................................................................................................................................................................................................................................................................................................................................................................................................................................................................................................................................................................................................................................................................................................................................................................................................................................................................................................................................................................................................................................................................................................................................................................................................................................................................................................................................................................................................................................................................................................................................................................................................................................................................................................................................................................................................................................................................................................................................................................................................................................................................................................................................................................................................................................................................................................................................................................................................................................................................................................................................................................................................................................................................................................................................................................................................................................................................................................................................................................................................................................................................................................................................................................................................................................................................................................................................................................................................................................................................................................................................................................................................................................................................................................................................................................................................................................................................................................................................................................................................................................................................................................................................................................................................................................................................................................................................................................................................................................................................................................................................................................................................................................................................................................................................................................................................................................................................................................................................................................................................................................................................................................................................................................................................................................................................................................................................................................................................................................................................................................................................................................................................................................................................................................................................................................................................................................................................................................................................................................................................................................................................................................................................................................................................................................................................................................................................................................................................................................................................................................................................................................................................................................................................................................................................................................................................................................................................................................................................................................................................................................................................................................................................................................................................................................................................................................................................................................................................................................................................................................................................................................................................................................................................................................................................................................................................................................................................................................................................................................................................................................................................................................................................................................................................................................................................................................................................................................................................................................................................................................................................................................................................................................................................................................................................................................................................................................................................................................................................................................................................................................................................................................................................................................................................................................................................................................................................................................................................................................................................................................................................................................................................................................................................................................................................................................................................................................................................................................................................................................................................................................................................................................................................................................................................................................................................................................................................................................................................................................................................................................................................................................................................................................................................................................................................................................................................................................................................................................................................................................................................................................................................................................................................................................................................................................................................................................................................................................................................................................................................................................................................................................................................................................................................................................................................................................................................................................................................................................................................................................................................................................................................................................................................................................................................................................................................................................................................................................................................................................................................................................................................................................................................................................................................................................................................................................................................................................................................................................................................................................................................................................................................................................................................................................................................................................................................................................................................................................................................................................................................................................................................................................................................................................................................................................................................................................................................................................................................................................................................................................................................................................................................................................................................................................................................................................................................................................................................................................................................................................................................................................................................................................................................................................................................................................................................................................................................................................................................................................................................................................................................................................................................................................................................................................................................................................................................................................................................................................................................................................................................................................................................................................................................................................................................................................................................................................................................................................................................................................................................................................................................................................................................................................................................................................................................................................................................................................................................................................................................................................................................................................................................................................................................................................................................................................................................................................................................................................................................................................................................................................................................................................................................................................................................................................................................................................................................................................................................................................................................................................................................................................................................................................................................................................................................................................................................................................................................................................................................................................................................................................................................................................................................................................................................................................................................................................................................................................................................................................................................................................................................................................................................................................................................................................................................................................................................................................................................................................................................................................................................................................................................................................................................................................................................................................................................................................................................................................................................................................................................................................................................................................................................................................................................................................................................................................................................................................................................................................................................................................................................................................................................................................................................................................................................................................................................................................................................................................................................................................................................................................................................................................................................................................................................................................................................................................................................................................................................................................................................................................................................................................................................................................................................................................................................................................................................................................................................................................................................................................................................................................................................................................................................................................................................................................................................................................................................................................................................................................................................................................................................................................................................................................................................................................................................................................................................................................................................................................................................................................................................................................................................................................................................................................................................................................................................................................................................................................................................................................................................................................................................................................................................................................................................................................................................................................................................................................................................................................................................................................................................................................................................................................................................................................................................................................................................................................................................................................................................................................................................................................................................................................................................................................................................................................................................................................................................................................................................................................................................................................................................................................................................................................................................................................................................................................................................................................................................................................................................................................................................................................................................................................................................................................................................................................................................................................................................................................................................................................................................................................................................................................................................................................................................................................................................................................................................................................................................................................................................................................................................................................................................................................................................................................................................................................................................................................................................................................................................................................................................................................................................................................................................................................................................................................................................................................................................................................................................................................................................................................................................................................................................................................................................................................................................................................................................................................................................................................................................................................................................................................................................................................................................................................................................................................................................................................................................................................................................................................................................................................................................................................................................................................................................................................................................................................................................................................................................................................................................................................................................................................................................................................................................................................................................................................................................................................................................................................................................................................................................................................................................................................................................................................................................................................................................................................................................................................................................................................................................................................................................................................................................................................................................................................................................................................................................................................................................................................................................................................................................................................................................................................................................................................................................................................................................................................................................................................................................................................................................................................................................................................................................................................................................................................................................................................................................................................................6 ms. Memory: 208384K Free: 108569K (52%)
3 ms. Memory: 208384K Free: 108569K (52%)
4 ms. Memory: 208384K Free: 106153K (51%)
8 ms. Memory: 208384K Free: 106153K (51%)
2 ms. Memory: 208384K Free: 106153K (51%)
/home/travis/build/icyphy/ptII/ptolemy/actor/lib/test/IIR.tcl
/home/travis/build/icyphy/ptII/ptolemy/actor/lib/test/Interpolator.tcl
5 ms. Memory: 208384K Free: 101289K (49%)
4 ms. Memory: 208384K Free: 101289K (49%)
7 ms. Memory: 208384K Free: 101289K (49%)
1 ms. Memory: 208384K Free: 101289K (49%)
7 ms. Memory: 208384K Free: 98873K (47%)
10 ms. Memory: 208384K Free: 98873K (47%)
12 ms. Memory: 208384K Free: 96457K (46%)
2 ms. Memory: 208384K Free: 96457K (46%)
2 ms. Memory: 208384K Free: 96457K (46%)
11 ms. Memory: 208384K Free: 94041K (45%)
/home/travis/build/icyphy/ptII/ptolemy/actor/lib/test/MathFunction.tcl
5 ms. Memory: 208384K Free: 91626K (44%)
2 ms. Memory: 208384K Free: 91626K (44%)
2 ms. Memory: 208384K Free: 91626K (44%)
2 ms. Memory: 208384K Free: 89205K (43%)
3 ms. Memory: 208384K Free: 89205K (43%)
5 ms. Memory: 208384K Free: 86789K (42%)
/home/travis/build/icyphy/ptII/ptolemy/actor/lib/test/Maximum.tcl
4 ms. Memory: 208384K Free: 84373K (40%)
2 ms. Memory: 208384K Free: 84373K (40%)
2 ms. Memory: 208384K Free: 81957K (39%)
3 ms. Memory: 208384K Free: 81957K (39%)
/home/travis/build/icyphy/ptII/ptolemy/actor/lib/test/Minimum.tcl
4 ms. Memory: 208384K Free: 80430K (39%)
2 ms. Memory: 208384K Free: 80430K (39%)
1 ms. Memory: 208384K Free: 80430K (39%)
2 ms. Memory: 208384K Free: 199914K (96%)
/home/travis/build/icyphy/ptII/ptolemy/actor/lib/test/MultiplyDivide.tcl
7 ms. Memory: 208384K Free: 197484K (95%)
2 ms. Memory: 208384K Free: 197484K (95%)
2 ms. Memory: 208384K Free: 197484K (95%)
4 ms. Memory: 208384K Free: 197484K (95%)
4 ms. Memory: 208384K Free: 195053K (94%)
/home/travis/build/icyphy/ptII/ptolemy/actor/lib/test/OrderedMerge.tcl
Connections changed on port: inputA
Connections changed on port: inputB
Connections changed on port: output
Connections changed on port: output
Connections changed on port: output
Connections changed on port: input
.top. Preinitializing ...
Invoking preinitialize():  .top.OrderedMerge
Called preinitialize()
Invoking preinitialize():  .top.Ramp
Called preinitialize()
Invoking preinitialize():  .top.Ramp2
Called preinitialize()
Invoking preinitialize():  .top.Test
Called preinitialize()
Connections changed on port: inputA
Connections changed on port: output
Connections changed on port: inputB
Connections changed on port: output
Connections changed on port: output
Connections changed on port: input
.top. Finished preinitialize().
Called initialize().
Invoking initialize():  .top.OrderedMerge
Initializing actor: .top.OrderedMerge
Adding a thread: .top.OrderedMerge
Invoking initialize():  .top.Ramp
Initializing actor: .top.Ramp
Adding a thread: .top.Ramp
Invoking initialize():  .top.Ramp2
Initializing actor: .top.Ramp2
Adding a thread: .top.Ramp2
Invoking initialize():  .top.Test
Initializing actor: .top.Test
Adding a thread: .top.Test
-- Starting thread.
Called initialize()
Called prefire()
Called fire()
-- Starting thread.
Called initialize()
Called prefire()
Called fire()
Called postfire()
Called prefire()
Called fire()
-- Starting thread.
Called initialize()
Called prefire()
Called fire()
Called postfire()
Called prefire()
Called fire()
Called fire().
Checking for deadlock:
There are 3 Blocked actors, 0 Stopped actors, and 4 active threads.
Waiting for actors to stop.
-- Starting thread.
Called initialize()
Called prefire()
Called fire()
Checking for deadlock:
There are 2 Blocked actors, 0 Stopped actors, and 4 active threads.
Waiting for actors to stop.
Called postfire()
Called prefire()
Called fire()
Checking for deadlock:
There are 3 Blocked actors, 0 Stopped actors, and 4 active threads.
Waiting for actors to stop.
Read input token from inputA with value 0.0
Next port to read input from is inputB
Called postfire()
Called prefire()
Called fire()
Checking for deadlock:
There are 2 Blocked actors, 0 Stopped actors, and 4 active threads.
Waiting for actors to stop.
Called postfire()
Called prefire()
Called fire()
Checking for deadlock:
There are 3 Blocked actors, 0 Stopped actors, and 4 active threads.
Waiting for actors to stop.
Read input token from inputB with value 0.0
Checking for deadlock:
There are 2 Blocked actors, 0 Stopped actors, and 4 active threads.
Waiting for actors to stop.
-- Read input: 0.0, which is expected to match: 0.0
Called prefire()
Called fire()
Checking for deadlock:
There are 3 Blocked actors, 0 Stopped actors, and 4 active threads.
Waiting for actors to stop.
Sent output token with value 0.0
Next port to read input from is inputA
Called postfire()
Called prefire()
Called fire()
Called postfire()
Called prefire()
Called fire()
Checking for deadlock:
There are 3 Blocked actors, 0 Stopped actors, and 4 active threads.
Waiting for actors to stop.
Read input token from inputA with value 1.0
-- Read input: 0.0, which is expected to match: 0.0
Called prefire()
Called fire()
Checking for deadlock:
There are 3 Blocked actors, 0 Stopped actors, and 4 active threads.
Waiting for actors to stop.
Sent output token with value 0.0
Next port to read input from is inputB
Called postfire()
Called prefire()
Called fire()
Checking for deadlock:
There are 2 Blocked actors, 0 Stopped actors, and 4 active threads.
Waiting for actors to stop.
Called postfire()
Called prefire()
Called fire()
Checking for deadlock:
There are 3 Blocked actors, 0 Stopped actors, and 4 active threads.
Waiting for actors to stop.
Read input token from inputB with value 1.5
Checking for deadlock:
There are 2 Blocked actors, 0 Stopped actors, and 4 active threads.
Waiting for actors to stop.
-- Read input: 1.0, which is expected to match: 1.0
Called prefire()
Called fire()
Checking for deadlock:
There are 3 Blocked actors, 0 Stopped actors, and 4 active threads.
Waiting for actors to stop.
Sent output token with value 1.0
Next port to read input from is inputA
Called postfire()
Called prefire()
Called fire()
Called postfire()
Called prefire()
Called fire()
Checking for deadlock:
There are 3 Blocked actors, 0 Stopped actors, and 4 active threads.
Waiting for actors to stop.
Read input token from inputA with value 2.0
-- Read input: 1.5, which is expected to match: 1.5
Called prefire()
Called fire()
Checking for deadlock:
There are 3 Blocked actors, 0 Stopped actors, and 4 active threads.
Waiting for actors to stop.
Sent output token with value 1.5
Next port to read input from is inputB
Called postfire()
Called prefire()
Called fire()
Checking for deadlock:
There are 2 Blocked actors, 0 Stopped actors, and 4 active threads.
Waiting for actors to stop.
Called postfire()
Called prefire()
Called fire()
Checking for deadlock:
There are 3 Blocked actors, 0 Stopped actors, and 4 active threads.
Waiting for actors to stop.
Read input token from inputB with value 3.0
Checking for deadlock:
There are 2 Blocked actors, 0 Stopped actors, and 4 active threads.
Waiting for actors to stop.
-- Read input: 2.0, which is expected to match: 2.0
Called prefire()
Called fire()
Checking for deadlock:
There are 3 Blocked actors, 0 Stopped actors, and 4 active threads.
Waiting for actors to stop.
Sent output token with value 2.0
Next port to read input from is inputA
Called postfire()
Called prefire()
Called fire()
Called postfire()
Called prefire()
Called fire()
Checking for deadlock:
There are 3 Blocked actors, 0 Stopped actors, and 4 active threads.
Waiting for actors to stop.
Read input token from inputA with value 3.0
-- Read input: 3.0, which is expected to match: 3.0
Called prefire()
Called fire()
Checking for deadlock:
There are 3 Blocked actors, 0 Stopped actors, and 4 active threads.
Waiting for actors to stop.
Sent output token with value 3.0
Next port to read input from is inputB
Called postfire()
Called prefire()
Called fire()
Checking for deadlock:
There are 2 Blocked actors, 0 Stopped actors, and 4 active threads.
Waiting for actors to stop.
Called postfire()
Called prefire()
Called fire()
Checking for deadlock:
There are 3 Blocked actors, 0 Stopped actors, and 4 active threads.
Waiting for actors to stop.
Read input token from inputB with value 4.5
Checking for deadlock:
There are 2 Blocked actors, 0 Stopped actors, and 4 active threads.
Waiting for actors to stop.
-- Read input: 3.0, which is expected to match: 3.0
Called prefire()
Called fire()
Checking for deadlock:
There are 3 Blocked actors, 0 Stopped actors, and 4 active threads.
Waiting for actors to stop.
Sent output token with value 3.0
Next port to read input from is inputA
Called postfire()
Called prefire()
Called fire()
Called postfire()
Called prefire()
Called fire()
Checking for deadlock:
There are 3 Blocked actors, 0 Stopped actors, and 4 active threads.
Waiting for actors to stop.
Read input token from inputA with value 4.0
-- Read input: 4.0, which is expected to match: 4.0
Called prefire()
Called fire()
Past the end of training data. Read and discard all inputs.
Checking for deadlock:
There are 3 Blocked actors, 0 Stopped actors, and 4 active threads.
Waiting for actors to stop.
Sent output token with value 4.0
Next port to read input from is inputA
Called postfire()
Called prefire()
Called fire()
Called postfire()
Called prefire()
Called fire()
Checking for deadlock:
There are 3 Blocked actors, 0 Stopped actors, and 4 active threads.
Waiting for actors to stop.
Read input token from inputA with value 5.0
Called prefire()
Called fire()
Past the end of training data. Read and discard all inputs.
Checking for deadlock:
There are 3 Blocked actors, 0 Stopped actors, and 4 active threads.
Waiting for actors to stop.
Sent output token with value 4.5
Next port to read input from is inputB
Called postfire()
Called prefire()
Called fire()
Checking for deadlock:
There are 2 Blocked actors, 0 Stopped actors, and 4 active threads.
Waiting for actors to stop.
Called postfire()
Called prefire()
Called fire()
Checking for deadlock:
There are 3 Blocked actors, 0 Stopped actors, and 4 active threads.
Waiting for actors to stop.
Read input token from inputB with value 6.0
Checking for deadlock:
There are 2 Blocked actors, 0 Stopped actors, and 4 active threads.
Waiting for actors to stop.
Called prefire()
Called fire()
Past the end of training data. Read and discard all inputs.
Checking for deadlock:
There are 3 Blocked actors, 0 Stopped actors, and 4 active threads.
Waiting for actors to stop.
Sent output token with value 5.0
Next port to read input from is inputA
Called postfire()
Called prefire()
Called fire()
Called postfire()
Called prefire()
Called fire()
Checking for deadlock:
There are 3 Blocked actors, 0 Stopped actors, and 4 active threads.
Waiting for actors to stop.
Read input token from inputA with value 6.0
Called prefire()
Called fire()
Past the end of training data. Read and discard all inputs.
Checking for deadlock:
There are 3 Blocked actors, 0 Stopped actors, and 4 active threads.
Waiting for actors to stop.
Sent output token with value 6.0
Next port to read input from is inputB
Called postfire()
Called prefire()
Called fire()
Checking for deadlock:
There are 2 Blocked actors, 0 Stopped actors, and 4 active threads.
Waiting for actors to stop.
Called postfire()
Called prefire()
Called fire()
Checking for deadlock:
There are 3 Blocked actors, 0 Stopped actors, and 4 active threads.
Waiting for actors to stop.
Read input token from inputB with value 7.5
Checking for deadlock:
There are 2 Blocked actors, 0 Stopped actors, and 4 active threads.
Waiting for actors to stop.
Called prefire()
Called fire()
Past the end of training data. Read and discard all inputs.
Checking for deadlock:
There are 3 Blocked actors, 0 Stopped actors, and 4 active threads.
Waiting for actors to stop.
Sent output token with value 6.0
Next port to read input from is inputA
Called postfire()
Called prefire()
Called fire()
Called postfire()
Called prefire()
Called fire()
Checking for deadlock:
There are 3 Blocked actors, 0 Stopped actors, and 4 active threads.
Waiting for actors to stop.
Read input token from inputA with value 7.0
Called prefire()
Called fire()
Past the end of training data. Read and discard all inputs.
Checking for deadlock:
There are 3 Blocked actors, 0 Stopped actors, and 4 active threads.
Waiting for actors to stop.
Sent output token with value 7.0
Next port to read input from is inputA
Called postfire()
Called prefire()
Called fire()
-- Thread wrapup() called.
Called wrapup()
Thread .top.Ramp is exiting.
-- Thread stopped.
Checking for deadlock:
There are 2 Blocked actors, 0 Stopped actors, and 3 active threads.
Waiting for actors to stop.
Read input token from inputA with value 8.0
Called prefire()
Called fire()
Past the end of training data. Read and discard all inputs.
Checking for deadlock:
There are 2 Blocked actors, 0 Stopped actors, and 3 active threads.
Waiting for actors to stop.
Sent output token with value 7.5
Next port to read input from is inputB
Called postfire()
Called prefire()
Called fire()
Checking for deadlock:
There are 1 Blocked actors, 0 Stopped actors, and 3 active threads.
Waiting for actors to stop.
Called postfire()
Called prefire()
Called fire()
Checking for deadlock:
There are 2 Blocked actors, 0 Stopped actors, and 3 active threads.
Waiting for actors to stop.
Read input token from inputB with value 9.0
Checking for deadlock:
There are 1 Blocked actors, 0 Stopped actors, and 3 active threads.
Waiting for actors to stop.
Called prefire()
Called fire()
Past the end of training data. Read and discard all inputs.
Checking for deadlock:
There are 2 Blocked actors, 0 Stopped actors, and 3 active threads.
Waiting for actors to stop.
Sent output token with value 8.0
Next port to read input from is inputA
Called postfire()
Called prefire()
Called fire()
Read input token from inputA with value 9.0
Checking for deadlock:
There are 1 Blocked actors, 0 Stopped actors, and 3 active threads.
Waiting for actors to stop.
Called prefire()
Called fire()
Past the end of training data. Read and discard all inputs.
Checking for deadlock:
There are 2 Blocked actors, 0 Stopped actors, and 3 active threads.
Waiting for actors to stop.
Sent output token with value 9.0
Next port to read input from is inputB
Called postfire()
Called prefire()
Called fire()
Checking for deadlock:
There are 1 Blocked actors, 0 Stopped actors, and 3 active threads.
Waiting for actors to stop.
Called postfire()
Called prefire()
Called fire()
Checking for deadlock:
There are 2 Blocked actors, 0 Stopped actors, and 3 active threads.
Waiting for actors to stop.
Read input token from inputB with value 10.5
Checking for deadlock:
There are 1 Blocked actors, 0 Stopped actors, and 3 active threads.
Waiting for actors to stop.
Called prefire()
Called fire()
Past the end of training data. Read and discard all inputs.
Checking for deadlock:
There are 2 Blocked actors, 0 Stopped actors, and 3 active threads.
Waiting for actors to stop.
Sent output token with value 9.0
Next port to read input from is inputA
Called postfire()
Called prefire()
Called fire()
Checking for deadlock:
There are 3 Blocked actors, 0 Stopped actors, and 3 active threads.
Actors have stopped.
Checking for deadlock:
There are 3 Blocked actors, 0 Stopped actors, and 3 active threads.
Deadlock detected.
Resolving Deadlock
Checking for deadlock:
There are 3 Blocked actors, 0 Stopped actors, and 3 active threads.
Artificial Deadlock - increasing queue capacity.
increasing the capacity of receiver ptolemy.actor.TypedIOPort {.top.OrderedMerge.inputB} to 2
Director: Called postfire().
Called postfire().
_stopRequested = false
_stopFireRequested = false
Returning from postfire(): true
Called fire().
Checking for deadlock:
There are 2 Blocked actors, 0 Stopped actors, and 3 active threads.
Waiting for actors to stop.
-- Thread wrapup() called.
Called wrapup()
Thread .top.Ramp2 is exiting.
-- Thread stopped.
Checking for deadlock:
There are 2 Blocked actors, 0 Stopped actors, and 2 active threads.
Actors have stopped.
Checking for deadlock:
There are 2 Blocked actors, 0 Stopped actors, and 2 active threads.
Deadlock detected.
Resolving Deadlock
Checking for deadlock:
There are 2 Blocked actors, 0 Stopped actors, and 2 active threads.
Deadlock detected: no processes blocked on write, but some are blocked on read.
Called postfire().
_stopRequested = false
_stopFireRequested = false
Returning from postfire(): false
Finished deactivating branches.
Called wrapup().
-- Thread wrapup() called.
Called wrapup()
Thread .top.Test is exiting.
-- Thread stopped.
-- Blocked Receiver call threw TerminateProcessException.
-- Thread wrapup() called.
Called wrapup()
Thread .top.OrderedMerge is exiting.
29 ms. Memory: 208384K Free: 187708K (90%)
.top. Preinitializing ...
Invoking preinitialize():  .top.OrderedMerge
Called preinitialize()
Invoking preinitialize():  .top.Ramp
Called preinitialize()
Invoking preinitialize():  .top.Ramp2
Called preinitialize()
Invoking preinitialize():  .top.Test
Called preinitialize()
.top. Finished preinitialize().
Called initialize().
Invoking initialize():  .top.OrderedMerge
Initializing actor: .top.OrderedMerge
Adding a thread: .top.OrderedMerge
Invoking initialize():  .top.Ramp
Initializing actor: .top.Ramp
Adding a thread: .top.Ramp
Invoking initialize():  .top.Ramp2
Initializing actor: .top.Ramp2
Adding a thread: .top.Ramp2
Invoking initialize():  .top.Test
Initializing actor: .top.Test
Adding a thread: .top.Test
-- Thread stopped.
-- Blocked Receiver call threw TerminateProcessException.
-- Starting thread.
Called initialize()
Called prefire()
Called fire()
-- Starting thread.
Called initialize()
Called prefire()
Called fire()
Called postfire()
Called prefire()
Called fire()
-- Starting thread.
Called initialize()
Called prefire()
Called fire()
Called postfire()
Called prefire()
Called fire()
Called fire().
Checking for deadlock:
There are 3 Blocked actors, 0 Stopped actors, and 4 active threads.
Waiting for actors to stop.
-- Starting thread.
Called initialize()
Called prefire()
Called fire()
Checking for deadlock:
There are 2 Blocked actors, 0 Stopped actors, and 4 active threads.
Waiting for actors to stop.
Called postfire()
Called prefire()
Called fire()
Checking for deadlock:
There are 3 Blocked actors, 0 Stopped actors, and 4 active threads.
Waiting for actors to stop.
Read input token from inputA with value 0.0
Next port to read input from is inputB
Called postfire()
Called prefire()
Called fire()
Checking for deadlock:
There are 2 Blocked actors, 0 Stopped actors, and 4 active threads.
Waiting for actors to stop.
Called postfire()
Called prefire()
Called fire()
Checking for deadlock:
There are 3 Blocked actors, 0 Stopped actors, and 4 active threads.
Waiting for actors to stop.
Read input token from inputB with value 0.0
Checking for deadlock:
There are 2 Blocked actors, 0 Stopped actors, and 4 active threads.
Waiting for actors to stop.
-- Read input: 0.0, which is expected to match: 0.0
Called prefire()
Called fire()
Checking for deadlock:
There are 3 Blocked actors, 0 Stopped actors, and 4 active threads.
Waiting for actors to stop.
Sent output token with value 0.0
Next port to read input from is inputA
Called postfire()
Called prefire()
Called fire()
Checking for deadlock:
There are 2 Blocked actors, 0 Stopped actors, and 4 active threads.
Waiting for actors to stop.
Called postfire()
Called prefire()
Called fire()
Checking for deadlock:
There are 3 Blocked actors, 0 Stopped actors, and 4 active threads.
Waiting for actors to stop.
Read input token from inputA with value 1.0
Checking for deadlock:
There are 2 Blocked actors, 0 Stopped actors, and 4 active threads.
Waiting for actors to stop.
-- Read input: 0.0, which is expected to match: 0.0
Called prefire()
Called fire()
Checking for deadlock:
There are 3 Blocked actors, 0 Stopped actors, and 4 active threads.
Waiting for actors to stop.
Sent output token with value 0.0
Next port to read input from is inputB
Called postfire()
Called prefire()
Called fire()
Checking for deadlock:
There are 2 Blocked actors, 0 Stopped actors, and 4 active threads.
Waiting for actors to stop.
Called postfire()
Called prefire()
Called fire()
Checking for deadlock:
There are 3 Blocked actors, 0 Stopped actors, and 4 active threads.
Waiting for actors to stop.
Read input token from inputB with value 1.5
Checking for deadlock:
There are 2 Blocked actors, 0 Stopped actors, and 4 active threads.
Waiting for actors to stop.
-- Read input: 1.0, which is expected to match: 1.0
Called prefire()
Called fire()
Checking for deadlock:
There are 3 Blocked actors, 0 Stopped actors, and 4 active threads.
Waiting for actors to stop.
Sent output token with value 1.0
Next port to read input from is inputA
Called postfire()
Called prefire()
Called fire()
Checking for deadlock:
There are 2 Blocked actors, 0 Stopped actors, and 4 active threads.
Waiting for actors to stop.
Called postfire()
Called prefire()
Called fire()
Checking for deadlock:
There are 3 Blocked actors, 0 Stopped actors, and 4 active threads.
Waiting for actors to stop.
Read input token from inputA with value 2.0
Checking for deadlock:
There are 2 Blocked actors, 0 Stopped actors, and 4 active threads.
Waiting for actors to stop.
-- Read input: 1.5, which is expected to match: 1.5
Called prefire()
Called fire()
Checking for deadlock:
There are 3 Blocked actors, 0 Stopped actors, and 4 active threads.
Waiting for actors to stop.
Sent output token with value 1.5
Next port to read input from is inputB
Called postfire()
Called prefire()
Called fire()
Checking for deadlock:
There are 2 Blocked actors, 0 Stopped actors, and 4 active threads.
Waiting for actors to stop.
Called postfire()
Called prefire()
Called fire()
Checking for deadlock:
There are 3 Blocked actors, 0 Stopped actors, and 4 active threads.
Waiting for actors to stop.
Read input token from inputB with value 3.0
Checking for deadlock:
There are 2 Blocked actors, 0 Stopped actors, and 4 active threads.
Waiting for actors to stop.
-- Read input: 2.0, which is expected to match: 2.0
Called prefire()
Called fire()
Checking for deadlock:
There are 3 Blocked actors, 0 Stopped actors, and 4 active threads.
Waiting for actors to stop.
Sent output token with value 2.0
Next port to read input from is inputA
Called postfire()
Called prefire()
Called fire()
Checking for deadlock:
There are 2 Blocked actors, 0 Stopped actors, and 4 active threads.
Waiting for actors to stop.
Called postfire()
Called prefire()
Called fire()
Checking for deadlock:
There are 3 Blocked actors, 0 Stopped actors, and 4 active threads.
Waiting for actors to stop.
Read input token from inputA with value 3.0
Checking for deadlock:
There are 2 Blocked actors, 0 Stopped actors, and 4 active threads.
Waiting for actors to stop.
-- Read input: 3.0, which is expected to match: 3.0
Called prefire()
Called fire()
Checking for deadlock:
There are 3 Blocked actors, 0 Stopped actors, and 4 active threads.
Waiting for actors to stop.
Sent output token with value 3.0
Next port to read input from is inputB
Called postfire()
Called prefire()
Called fire()
Checking for deadlock:
There are 2 Blocked actors, 0 Stopped actors, and 4 active threads.
Waiting for actors to stop.
Called postfire()
Called prefire()
Called fire()
Checking for deadlock:
There are 3 Blocked actors, 0 Stopped actors, and 4 active threads.
Waiting for actors to stop.
Read input token from inputB with value 4.5
Checking for deadlock:
There are 2 Blocked actors, 0 Stopped actors, and 4 active threads.
Waiting for actors to stop.
-- Read input: 3.0, which is expected to match: 3.0
Called prefire()
Called fire()
Checking for deadlock:
There are 3 Blocked actors, 0 Stopped actors, and 4 active threads.
Waiting for actors to stop.
Sent output token with value 3.0
Next port to read input from is inputA
Called postfire()
Called prefire()
Called fire()
Checking for deadlock:
There are 2 Blocked actors, 0 Stopped actors, and 4 active threads.
Waiting for actors to stop.
Called postfire()
Called prefire()
Called fire()
Checking for deadlock:
There are 3 Blocked actors, 0 Stopped actors, and 4 active threads.
Waiting for actors to stop.
Read input token from inputA with value 4.0
Checking for deadlock:
There are 2 Blocked actors, 0 Stopped actors, and 4 active threads.
Waiting for actors to stop.
-- Read input: 4.0, which is expected to match: 4.0
Called prefire()
Called fire()
Past the end of training data. Read and discard all inputs.
Checking for deadlock:
There are 3 Blocked actors, 0 Stopped actors, and 4 active threads.
Waiting for actors to stop.
Sent output token with value 4.0
Next port to read input from is inputA
Called postfire()
Called prefire()
Called fire()
Checking for deadlock:
There are 2 Blocked actors, 0 Stopped actors, and 4 active threads.
Waiting for actors to stop.
Called postfire()
Called prefire()
Called fire()
Checking for deadlock:
There are 3 Blocked actors, 0 Stopped actors, and 4 active threads.
Waiting for actors to stop.
Read input token from inputA with value 5.0
Checking for deadlock:
There are 2 Blocked actors, 0 Stopped actors, and 4 active threads.
Waiting for actors to stop.
Called prefire()
Called fire()
Past the end of training data. Read and discard all inputs.
Checking for deadlock:
There are 3 Blocked actors, 0 Stopped actors, and 4 active threads.
Waiting for actors to stop.
Sent output token with value 4.5
Next port to read input from is inputB
Called postfire()
Called prefire()
Called fire()
Checking for deadlock:
There are 2 Blocked actors, 0 Stopped actors, and 4 active threads.
Waiting for actors to stop.
Called postfire()
Called prefire()
Called fire()
Checking for deadlock:
There are 3 Blocked actors, 0 Stopped actors, and 4 active threads.
Waiting for actors to stop.
Read input token from inputB with value 6.0
Checking for deadlock:
There are 2 Blocked actors, 0 Stopped actors, and 4 active threads.
Waiting for actors to stop.
Called prefire()
Called fire()
Past the end of training data. Read and discard all inputs.
Checking for deadlock:
There are 3 Blocked actors, 0 Stopped actors, and 4 active threads.
Waiting for actors to stop.
Sent output token with value 5.0
Next port to read input from is inputA
Called postfire()
Called prefire()
Called fire()
Checking for deadlock:
There are 2 Blocked actors, 0 Stopped actors, and 4 active threads.
Waiting for actors to stop.
Called postfire()
Called prefire()
Called fire()
Checking for deadlock:
There are 3 Blocked actors, 0 Stopped actors, and 4 active threads.
Waiting for actors to stop.
Read input token from inputA with value 6.0
Checking for deadlock:
There are 2 Blocked actors, 0 Stopped actors, and 4 active threads.
Waiting for actors to stop.
Called prefire()
Called fire()
Past the end of training data. Read and discard all inputs.
Checking for deadlock:
There are 3 Blocked actors, 0 Stopped actors, and 4 active threads.
Waiting for actors to stop.
Sent output token with value 6.0
Next port to read input from is inputB
Called postfire()
Called prefire()
Called fire()
Checking for deadlock:
There are 2 Blocked actors, 0 Stopped actors, and 4 active threads.
Waiting for actors to stop.
Called postfire()
Called prefire()
Called fire()
Checking for deadlock:
There are 3 Blocked actors, 0 Stopped actors, and 4 active threads.
Waiting for actors to stop.
Read input token from inputB with value 7.5
Checking for deadlock:
There are 2 Blocked actors, 0 Stopped actors, and 4 active threads.
Waiting for actors to stop.
Called prefire()
Called fire()
Past the end of training data. Read and discard all inputs.
Checking for deadlock:
There are 3 Blocked actors, 0 Stopped actors, and 4 active threads.
Waiting for actors to stop.
Sent output token with value 6.0
Next port to read input from is inputA
Called postfire()
Called prefire()
Called fire()
Checking for deadlock:
There are 2 Blocked actors, 0 Stopped actors, and 4 active threads.
Waiting for actors to stop.
Called postfire()
Called prefire()
Called fire()
Checking for deadlock:
There are 3 Blocked actors, 0 Stopped actors, and 4 active threads.
Waiting for actors to stop.
Read input token from inputA with value 7.0
Checking for deadlock:
There are 2 Blocked actors, 0 Stopped actors, and 4 active threads.
Waiting for actors to stop.
Called prefire()
Called fire()
Past the end of training data. Read and discard all inputs.
Checking for deadlock:
There are 3 Blocked actors, 0 Stopped actors, and 4 active threads.
Waiting for actors to stop.
Sent output token with value 7.0
Next port to read input from is inputA
Called postfire()
Called prefire()
Called fire()
Checking for deadlock:
There are 2 Blocked actors, 0 Stopped actors, and 4 active threads.
Waiting for actors to stop.
-- Thread wrapup() called.
Called wrapup()
Thread .top.Ramp is exiting.
Checking for deadlock:
There are 2 Blocked actors, 0 Stopped actors, and 3 active threads.
Waiting for actors to stop.
-- Thread stopped.
Read input token from inputA with value 8.0
Checking for deadlock:
There are 1 Blocked actors, 0 Stopped actors, and 3 active threads.
Waiting for actors to stop.
Called prefire()
Called fire()
Past the end of training data. Read and discard all inputs.
Checking for deadlock:
There are 2 Blocked actors, 0 Stopped actors, and 3 active threads.
Waiting for actors to stop.
Sent output token with value 7.5
Next port to read input from is inputB
Called postfire()
Called prefire()
Called fire()
Checking for deadlock:
There are 1 Blocked actors, 0 Stopped actors, and 3 active threads.
Waiting for actors to stop.
Called postfire()
Called prefire()
Called fire()
Checking for deadlock:
There are 2 Blocked actors, 0 Stopped actors, and 3 active threads.
Waiting for actors to stop.
Read input token from inputB with value 9.0
Checking for deadlock:
There are 1 Blocked actors, 0 Stopped actors, and 3 active threads.
Waiting for actors to stop.
Called prefire()
Called fire()
Past the end of training data. Read and discard all inputs.
Checking for deadlock:
There are 2 Blocked actors, 0 Stopped actors, and 3 active threads.
Waiting for actors to stop.
Sent output token with value 8.0
Next port to read input from is inputA
Called postfire()
Called prefire()
Called fire()
Read input token from inputA with value 9.0
Checking for deadlock:
There are 1 Blocked actors, 0 Stopped actors, and 3 active threads.
Waiting for actors to stop.
Called prefire()
Called fire()
Past the end of training data. Read and discard all inputs.
Checking for deadlock:
There are 2 Blocked actors, 0 Stopped actors, and 3 active threads.
Waiting for actors to stop.
Sent output token with value 9.0
Next port to read input from is inputB
Called postfire()
Called prefire()
Called fire()
Checking for deadlock:
There are 1 Blocked actors, 0 Stopped actors, and 3 active threads.
Waiting for actors to stop.
Called postfire()
Called prefire()
Called fire()
Checking for deadlock:
There are 2 Blocked actors, 0 Stopped actors, and 3 active threads.
Waiting for actors to stop.
Read input token from inputB with value 10.5
Checking for deadlock:
There are 1 Blocked actors, 0 Stopped actors, and 3 active threads.
Waiting for actors to stop.
Called prefire()
Called fire()
Past the end of training data. Read and discard all inputs.
Checking for deadlock:
There are 2 Blocked actors, 0 Stopped actors, and 3 active threads.
Waiting for actors to stop.
Sent output token with value 9.0
Next port to read input from is inputA
Called postfire()
Called prefire()
Called fire()
Checking for deadlock:
There are 3 Blocked actors, 0 Stopped actors, and 3 active threads.
Actors have stopped.
Checking for deadlock:
There are 3 Blocked actors, 0 Stopped actors, and 3 active threads.
Deadlock detected.
Resolving Deadlock
Checking for deadlock:
There are 3 Blocked actors, 0 Stopped actors, and 3 active threads.
Artificial Deadlock - increasing queue capacity.
increasing the capacity of receiver ptolemy.actor.TypedIOPort {.top.OrderedMerge.inputB} to 2
Director: Called postfire().
Called postfire().
_stopRequested = false
_stopFireRequested = false
Returning from postfire(): true
Called fire().
Checking for deadlock:
There are 2 Blocked actors, 0 Stopped actors, and 3 active threads.
Waiting for actors to stop.
-- Thread wrapup() called.
Called wrapup()
Thread .top.Ramp2 is exiting.
-- Thread stopped.
Checking for deadlock:
There are 2 Blocked actors, 0 Stopped actors, and 2 active threads.
Actors have stopped.
Checking for deadlock:
There are 2 Blocked actors, 0 Stopped actors, and 2 active threads.
Deadlock detected.
Resolving Deadlock
Checking for deadlock:
There are 2 Blocked actors, 0 Stopped actors, and 2 active threads.
Deadlock detected: no processes blocked on write, but some are blocked on read.
Called postfire().
_stopRequested = false
_stopFireRequested = false
Returning from postfire(): false
Finished deactivating branches.
Called wrapup().
-- Thread wrapup() called.
Called wrapup()
Thread .top.Test is exiting.
-- Thread stopped.
-- Blocked Receiver call threw TerminateProcessException.
-- Thread wrapup() called.
Called wrapup()
Thread .top.OrderedMerge is exiting.
21 ms. Memory: 208384K Free: 182792K (88%)
/home/travis/build/icyphy/ptII/ptolemy/actor/lib/test/Publisher.tcl
-- Thread stopped.
-- Blocked Receiver call threw TerminateProcessException.
6 ms. Memory: 208384K Free: 175501K (84%)
3 ms. Memory: 208384K Free: 170640K (82%)
6 ms. Memory: 208384K Free: 165779K (80%)
7 ms. Memory: 208384K Free: 165779K (80%)
4 ms. Memory: 208384K Free: 165779K (80%)
9 ms. Memory: 208384K Free: 163348K (78%)
3 ms. Memory: 208384K Free: 163348K (78%)
8 ms. Memory: 208384K Free: 163348K (78%)
1 ms. Memory: 208384K Free: 153626K (74%)
4 ms. Memory: 208384K Free: 148765K (71%)
2 ms. Memory: 208384K Free: 148765K (71%)
1 ms. Memory: 208384K Free: 146335K (70%)
5 ms. Memory: 208384K Free: 139043K (67%)
23 ms. Memory: 208384K Free: 129321K (62%)
7 ms. Memory: 208384K Free: 117136K (56%)
/home/travis/build/icyphy/ptII/ptolemy/actor/lib/test/Pulse.tcl
2 ms. Memory: 331264K Free: 313850K (95%)
1 ms. Memory: 331264K Free: 313850K (95%)
1 ms. Memory: 331264K Free: 313850K (95%)
1 ms. Memory: 331264K Free: 313850K (95%)
1 ms. Memory: 331264K Free: 313850K (95%)
1 ms. Memory: 331264K Free: 313850K (95%)
2 ms. Memory: 331264K Free: 313850K (95%)
1 ms. Memory: 331264K Free: 309135K (93%)
1 ms. Memory: 331264K Free: 309135K (93%)
/home/travis/build/icyphy/ptII/ptolemy/actor/lib/test/Ramp.tcl
6 ms. Memory: 331264K Free: 309135K (93%)
2 ms. Memory: 331264K Free: 309135K (93%)
1 ms. Memory: 331264K Free: 309135K (93%)
1 ms. Memory: 331264K Free: 304420K (92%)
5 ms. Memory: 331264K Free: 304420K (92%)
8 ms. Memory: 331264K Free: 304420K (92%)
3 ms. Memory: 331264K Free: 304420K (92%)
5 actors
7000 microseconds per iteration to create
12 ms. Memory: 331264K Free: 299689K (90%)
2 ms. Memory: 331264K Free: 299689K (90%)
2 ms. Memory: 331264K Free: 299689K (90%)
6 ms. Memory: 331264K Free: 299689K (90%)
50 actors
42000 microseconds per iteration to create
35 ms. Memory: 331264K Free: 285528K (86%)
19 ms. Memory: 331264K Free: 280813K (85%)
9 ms. Memory: 331264K Free: 280813K (85%)
13 ms. Memory: 331264K Free: 280813K (85%)
500 actors
1301000 microseconds per iteration to create
236 ms. Memory: 331264K Free: 115498K (35%)
49 ms. Memory: 331264K Free: 106068K (32%)
41 ms. Memory: 331264K Free: 101353K (31%)
39 ms. Memory: 331264K Free: 96638K (29%)
/home/travis/build/icyphy/ptII/ptolemy/actor/lib/test/RampContinuous.tcl
8 ms. Memory: 331264K Free: 96638K (29%)
/home/travis/build/icyphy/ptII/ptolemy/actor/lib/test/RecordAssembler.tcl
4 ms. Memory: 331264K Free: 96638K (29%)
4 ms. Memory: 331264K Free: 91920K (28%)
/home/travis/build/icyphy/ptII/ptolemy/actor/lib/test/RecordDisassembler.tcl
6 ms. Memory: 331264K Free: 91920K (28%)
3 ms. Memory: 331264K Free: 91920K (28%)
5 ms. Memory: 331264K Free: 91920K (28%)
/home/travis/build/icyphy/ptII/ptolemy/actor/lib/test/Scale.tcl
4 ms. Memory: 331264K Free: 87205K (26%)
2 ms. Memory: 331264K Free: 87205K (26%)
1 ms. Memory: 331264K Free: 87205K (26%)
4 ms. Memory: 331264K Free: 87205K (26%)
6 ms. Memory: 331264K Free: 82490K (25%)
/home/travis/build/icyphy/ptII/ptolemy/actor/lib/test/SequentialClock.tcl
preinitializing
resolving types
initializing
executing number 1
wrapping up
idle
6 ms. Memory: 331264K Free: 82490K (25%)
Completed execution with 5 iterations
preinitializing
resolving types
initializing
executing number 1
wrapping up
idle
2 ms. Memory: 331264K Free: 82490K (25%)
Completed execution with 5 iterations
preinitializing
resolving types
initializing
executing number 1
wrapping up
idle
1 ms. Memory: 331264K Free: 82490K (25%)
Completed execution with 5 iterations
/home/travis/build/icyphy/ptII/ptolemy/actor/lib/test/SetVariable.tcl
3 ms. Memory: 331264K Free: 82490K (25%)
/home/travis/build/icyphy/ptII/ptolemy/actor/lib/test/Sinewave.tcl
/home/travis/build/icyphy/ptII/ptolemy/actor/lib/test/SubscriptionAggregator.tcl
7 ms. Memory: 332288K Free: 304843K (92%)
8 ms. Memory: 332288K Free: 304843K (92%)
1 ms. Memory: 332288K Free: 304843K (92%)
0 ms. Memory: 332288K Free: 304843K (92%)
1 ms. Memory: 332288K Free: 300053K (90%)
3 ms. Memory: 332288K Free: 300053K (90%)
...............................................................741 ms. Memory: 576000K Free: 258251K (45%)
/home/travis/build/icyphy/ptII/ptolemy/actor/lib/test/Test.tcl
 The next command will produce a warning about training mode,
   which may be ignored.
3 ms. Memory: 576000K Free: 258251K (45%)
1 ms. Memory: 576000K Free: 258251K (45%)
3 ms. Memory: 576000K Free: 258251K (45%)
1 ms. Memory: 576000K Free: 258251K (45%)
3 ms. Memory: 576000K Free: 258251K (45%)
3 ms. Memory: 576000K Free: 258251K (45%)
5 ms. Memory: 576000K Free: 258251K (45%)
 The next command will produce a warning about training mode,
   which may be ignored.
7 ms. Memory: 576000K Free: 248673K (43%)
 The next command will produce a warning about training mode,
   which may be ignored.
2 ms. Memory: 576000K Free: 248673K (43%)
1 ms. Memory: 576000K Free: 248673K (43%)
1 ms. Memory: 576000K Free: 248673K (43%)
5 ms. Memory: 576000K Free: 248673K (43%)
2 ms. Memory: 576000K Free: 248673K (43%)
4 ms. Memory: 576000K Free: 248673K (43%)
/home/travis/build/icyphy/ptII/ptolemy/actor/lib/test/TestExceptionHandler.tcl
 The next command will produce a warning about training mode,
   which may be ignored.
1 ms. Memory: 576000K Free: 239096K (42%)
1 ms. Memory: 576000K Free: 239096K (42%)
1 ms. Memory: 576000K Free: 239096K (42%)
/home/travis/build/icyphy/ptII/ptolemy/actor/lib/test/UnionDisassembler.tcl
17 ms. Memory: 576000K Free: 239096K (42%)
/home/travis/build/icyphy/ptII/ptolemy/actor/lib/test/VariableClock.tcl
preinitializing
resolving types
initializing
executing number 1
wrapping up
idle
3 ms. Memory: 576000K Free: 229534K (40%)
Completed execution with 11 iterations
preinitializing
resolving types
initializing
executing number 1
wrapping up
idle
3 ms. Memory: 576000K Free: 229534K (40%)
Completed execution with 10 iterations
10/17/18 02:32:03
Failed: 0  Total Tests: 234  ((Passed: 234, Newly Passed: 0)  Known Failed: 0) /home/travis/build/icyphy/ptII/ptolemy/actor/lib/test
----------------- testing (KnownFailure) /home/travis/build/icyphy/ptII/ptolemy/actor/lib/test/auto/knownFailedTests/PublisherPortToplevelSubscriber.xml
1 ms. Memory: 576000K Free: 219816K (38%)
Known Failure: java.lang.reflect.InvocationTargetException
----------------- testing (KnownFailure) /home/travis/build/icyphy/ptII/ptolemy/actor/lib/test/auto/knownFailedTests/PublisherSubscriberPortToplevel.xml
0 ms. Memory: 576000K Free: 200380K (35%)
Known Failure: java.lang.reflect.InvocationTargetException
----------------- testing (KnownFailure) /home/travis/build/icyphy/ptII/ptolemy/actor/lib/test/auto/knownFailedTests/PublisherSubscriptionAggregatorPort.xml
2 ms. Memory: 576000K Free: 180944K (31%)
Known Failure: java.lang.reflect.InvocationTargetException
----------------- testing (KnownFailure) /home/travis/build/icyphy/ptII/ptolemy/actor/lib/test/auto/knownFailedTests/sizedarray3.xml
4 ms. Memory: 576000K Free: 161509K (28%)
Known Failure: java.lang.reflect.InvocationTargetException
No auto/linux-amd64/*.xml tests in /home/travis/build/icyphy/ptII/ptolemy/actor/lib/test
AutoTests.java: About to close Vertx.
AutoTests.java: Vertx closed.

===========================================================================================
----------------- testing Wed Oct 17 02:32:03 UTC 2018 /home/travis/build/icyphy/ptII/ptolemy/actor/lib/test/auto/AbsoluteValue.xml
----------------- Instantiating /home/travis/build/icyphy/ptII/ptolemy/actor/lib/test/auto/AbsoluteValue.xml
13 ms. Memory: 576000K Free: 74517K (13%)
----------------- Invoking toplevel() on ptolemy.moml.MoMLSimpleApplication@1ff65309
----------------- Done invoking toplevel() on ptolemy.moml.MoMLSimpleApplication@1ff65309
reloadAllAccessors: .AbsoluteValue

===========================================================================================
----------------- testing Wed Oct 17 02:32:03 UTC 2018 /home/travis/build/icyphy/ptII/ptolemy/actor/lib/test/auto/AbsoluteValue2.xml
----------------- Instantiating /home/travis/build/icyphy/ptII/ptolemy/actor/lib/test/auto/AbsoluteValue2.xml
71 ms. Memory: 579584K Free: 538096K (93%)
----------------- Invoking toplevel() on ptolemy.moml.MoMLSimpleApplication@7bc61cc0
----------------- Done invoking toplevel() on ptolemy.moml.MoMLSimpleApplication@7bc61cc0
reloadAllAccessors: .AbsoluteValue2

===========================================================================================
----------------- testing Wed Oct 17 02:32:03 UTC 2018 /home/travis/build/icyphy/ptII/ptolemy/actor/lib/test/auto/Accumulator.xml
----------------- Instantiating /home/travis/build/icyphy/ptII/ptolemy/actor/lib/test/auto/Accumulator.xml
16 ms. Memory: 579584K Free: 517259K (89%)
----------------- Invoking toplevel() on ptolemy.moml.MoMLSimpleApplication@58541e5e
----------------- Done invoking toplevel() on ptolemy.moml.MoMLSimpleApplication@58541e5e
reloadAllAccessors: .Accumulator

===========================================================================================
----------------- testing Wed Oct 17 02:32:03 UTC 2018 /home/travis/build/icyphy/ptII/ptolemy/actor/lib/test/auto/Accumulator2.xml
----------------- Instantiating /home/travis/build/icyphy/ptII/ptolemy/actor/lib/test/auto/Accumulator2.xml
3 ms. Memory: 579584K Free: 510780K (88%)
----------------- Invoking toplevel() on ptolemy.moml.MoMLSimpleApplication@6b55048d
----------------- Done invoking toplevel() on ptolemy.moml.MoMLSimpleApplication@6b55048d
reloadAllAccessors: .Accumulator2

===========================================================================================
----------------- testing Wed Oct 17 02:32:03 UTC 2018 /home/travis/build/icyphy/ptII/ptolemy/actor/lib/test/auto/Accumulator3.xml
----------------- Instantiating /home/travis/build/icyphy/ptII/ptolemy/actor/lib/test/auto/Accumulator3.xml
6 ms. Memory: 579584K Free: 504302K (87%)
----------------- Invoking toplevel() on ptolemy.moml.MoMLSimpleApplication@6425276
----------------- Done invoking toplevel() on ptolemy.moml.MoMLSimpleApplication@6425276
reloadAllAccessors: .Accumulator3

===========================================================================================
----------------- testing Wed Oct 17 02:32:03 UTC 2018 /home/travis/build/icyphy/ptII/ptolemy/actor/lib/test/auto/ArrayAppend.xml
----------------- Instantiating /home/travis/build/icyphy/ptII/ptolemy/actor/lib/test/auto/ArrayAppend.xml
4 ms. Memory: 579584K Free: 485942K (84%)
----------------- Invoking toplevel() on ptolemy.moml.MoMLSimpleApplication@47727c7b
----------------- Done invoking toplevel() on ptolemy.moml.MoMLSimpleApplication@47727c7b
reloadAllAccessors: .ArrayAppend

===========================================================================================
----------------- testing Wed Oct 17 02:32:03 UTC 2018 /home/travis/build/icyphy/ptII/ptolemy/actor/lib/test/auto/ArrayAppend2.xml
----------------- Instantiating /home/travis/build/icyphy/ptII/ptolemy/actor/lib/test/auto/ArrayAppend2.xml
433 ms. Memory: 579584K Free: 398243K (69%)
----------------- Invoking toplevel() on ptolemy.moml.MoMLSimpleApplication@56ad5057
----------------- Done invoking toplevel() on ptolemy.moml.MoMLSimpleApplication@56ad5057
reloadAllAccessors: .ArrayAppend2

===========================================================================================
----------------- testing Wed Oct 17 02:32:04 UTC 2018 /home/travis/build/icyphy/ptII/ptolemy/actor/lib/test/auto/ArrayAppend3.xml
----------------- Instantiating /home/travis/build/icyphy/ptII/ptolemy/actor/lib/test/auto/ArrayAppend3.xml
5 ms. Memory: 579584K Free: 391765K (68%)
----------------- Invoking toplevel() on ptolemy.moml.MoMLSimpleApplication@6f58d957
----------------- Done invoking toplevel() on ptolemy.moml.MoMLSimpleApplication@6f58d957
reloadAllAccessors: .ArrayAppend3

===========================================================================================
----------------- testing Wed Oct 17 02:32:04 UTC 2018 /home/travis/build/icyphy/ptII/ptolemy/actor/lib/test/auto/ArrayAppend4.xml
----------------- Instantiating /home/travis/build/icyphy/ptII/ptolemy/actor/lib/test/auto/ArrayAppend4.xml
7 ms. Memory: 579584K Free: 385286K (66%)
----------------- Invoking toplevel() on ptolemy.moml.MoMLSimpleApplication@a00fc43
----------------- Done invoking toplevel() on ptolemy.moml.MoMLSimpleApplication@a00fc43
reloadAllAccessors: .ArrayAppend4

===========================================================================================
----------------- testing Wed Oct 17 02:32:04 UTC 2018 /home/travis/build/icyphy/ptII/ptolemy/actor/lib/test/auto/ArrayAppend5.xml
----------------- Instantiating /home/travis/build/icyphy/ptII/ptolemy/actor/lib/test/auto/ArrayAppend5.xml
2 ms. Memory: 579584K Free: 370182K (64%)
----------------- Invoking toplevel() on ptolemy.moml.MoMLSimpleApplication@4e90ad36
----------------- Done invoking toplevel() on ptolemy.moml.MoMLSimpleApplication@4e90ad36
reloadAllAccessors: .ArrayAppend5

===========================================================================================
----------------- testing Wed Oct 17 02:32:04 UTC 2018 /home/travis/build/icyphy/ptII/ptolemy/actor/lib/test/auto/ArrayAppend6.xml
----------------- Instantiating /home/travis/build/icyphy/ptII/ptolemy/actor/lib/test/auto/ArrayAppend6.xml
6 ms. Memory: 579584K Free: 363703K (63%)
----------------- Invoking toplevel() on ptolemy.moml.MoMLSimpleApplication@48819f62
----------------- Done invoking toplevel() on ptolemy.moml.MoMLSimpleApplication@48819f62
reloadAllAccessors: .ArrayAppend6

===========================================================================================
----------------- testing Wed Oct 17 02:32:04 UTC 2018 /home/travis/build/icyphy/ptII/ptolemy/actor/lib/test/auto/ArrayAppendPerformanceTest.xml
----------------- Instantiating /home/travis/build/icyphy/ptII/ptolemy/actor/lib/test/auto/ArrayAppendPerformanceTest.xml
18 ms. Memory: 579584K Free: 350722K (61%)
----------------- Invoking toplevel() on ptolemy.moml.MoMLSimpleApplication@541d21d
----------------- Done invoking toplevel() on ptolemy.moml.MoMLSimpleApplication@541d21d
reloadAllAccessors: .ArrayAppendPerformanceTest

===========================================================================================
----------------- testing Wed Oct 17 02:32:04 UTC 2018 /home/travis/build/icyphy/ptII/ptolemy/actor/lib/test/auto/ArrayAppendWithEmptyInput.xml
----------------- Instantiating /home/travis/build/icyphy/ptII/ptolemy/actor/lib/test/auto/ArrayAppendWithEmptyInput.xml
17 ms. Memory: 579584K Free: 340996K (59%)
----------------- Invoking toplevel() on ptolemy.moml.MoMLSimpleApplication@561e9fd8
----------------- Done invoking toplevel() on ptolemy.moml.MoMLSimpleApplication@561e9fd8
reloadAllAccessors: .ArrayAppendWithEmptyInput

===========================================================================================
----------------- testing Wed Oct 17 02:32:04 UTC 2018 /home/travis/build/icyphy/ptII/ptolemy/actor/lib/test/auto/ArrayAverage.xml
----------------- Instantiating /home/travis/build/icyphy/ptII/ptolemy/actor/lib/test/auto/ArrayAverage.xml
11 ms. Memory: 579584K Free: 322637K (56%)
----------------- Invoking toplevel() on ptolemy.moml.MoMLSimpleApplication@1b491a73
----------------- Done invoking toplevel() on ptolemy.moml.MoMLSimpleApplication@1b491a73
reloadAllAccessors: .ArrayAverage

===========================================================================================
----------------- testing Wed Oct 17 02:32:04 UTC 2018 /home/travis/build/icyphy/ptII/ptolemy/actor/lib/test/auto/ArrayContains.xml
----------------- Instantiating /home/travis/build/icyphy/ptII/ptolemy/actor/lib/test/auto/ArrayContains.xml
7 ms. Memory: 579584K Free: 312911K (54%)
----------------- Invoking toplevel() on ptolemy.moml.MoMLSimpleApplication@3e4701f
----------------- Done invoking toplevel() on ptolemy.moml.MoMLSimpleApplication@3e4701f
reloadAllAccessors: .ArrayContains

===========================================================================================
----------------- testing Wed Oct 17 02:32:04 UTC 2018 /home/travis/build/icyphy/ptII/ptolemy/actor/lib/test/auto/ArrayElement.xml
----------------- Instantiating /home/travis/build/icyphy/ptII/ptolemy/actor/lib/test/auto/ArrayElement.xml
5 ms. Memory: 579584K Free: 306433K (53%)
----------------- Invoking toplevel() on ptolemy.moml.MoMLSimpleApplication@9b6d9d5
----------------- Done invoking toplevel() on ptolemy.moml.MoMLSimpleApplication@9b6d9d5
reloadAllAccessors: .ArrayElement

===========================================================================================
----------------- testing Wed Oct 17 02:32:04 UTC 2018 /home/travis/build/icyphy/ptII/ptolemy/actor/lib/test/auto/ArrayElementAsMatrix.xml
----------------- Instantiating /home/travis/build/icyphy/ptII/ptolemy/actor/lib/test/auto/ArrayElementAsMatrix.xml
26 ms. Memory: 579584K Free: 293459K (51%)
----------------- Invoking toplevel() on ptolemy.moml.MoMLSimpleApplication@3bd4d5bb
----------------- Done invoking toplevel() on ptolemy.moml.MoMLSimpleApplication@3bd4d5bb
reloadAllAccessors: .ArrayElementAsMatrix

===========================================================================================
----------------- testing Wed Oct 17 02:32:04 UTC 2018 /home/travis/build/icyphy/ptII/ptolemy/actor/lib/test/auto/ArrayElementI.xml
----------------- Instantiating /home/travis/build/icyphy/ptII/ptolemy/actor/lib/test/auto/ArrayElementI.xml
4 ms. Memory: 579584K Free: 278355K (48%)
----------------- Invoking toplevel() on ptolemy.moml.MoMLSimpleApplication@399f9d79
----------------- Done invoking toplevel() on ptolemy.moml.MoMLSimpleApplication@399f9d79
reloadAllAccessors: .ArrayElementI

===========================================================================================
----------------- testing Wed Oct 17 02:32:04 UTC 2018 /home/travis/build/icyphy/ptII/ptolemy/actor/lib/test/auto/ArrayExtract.xml
----------------- Instantiating /home/travis/build/icyphy/ptII/ptolemy/actor/lib/test/auto/ArrayExtract.xml
5 ms. Memory: 579584K Free: 268637K (46%)
----------------- Invoking toplevel() on ptolemy.moml.MoMLSimpleApplication@5ae2d432
----------------- Done invoking toplevel() on ptolemy.moml.MoMLSimpleApplication@5ae2d432
reloadAllAccessors: .ArrayExtract

===========================================================================================
----------------- testing Wed Oct 17 02:32:04 UTC 2018 /home/travis/build/icyphy/ptII/ptolemy/actor/lib/test/auto/ArrayExtract2.xml
----------------- Instantiating /home/travis/build/icyphy/ptII/ptolemy/actor/lib/test/auto/ArrayExtract2.xml
3 ms. Memory: 579584K Free: 262158K (45%)
----------------- Invoking toplevel() on ptolemy.moml.MoMLSimpleApplication@339faba6
----------------- Done invoking toplevel() on ptolemy.moml.MoMLSimpleApplication@339faba6
reloadAllAccessors: .ArrayExtract2

===========================================================================================
----------------- testing Wed Oct 17 02:32:04 UTC 2018 /home/travis/build/icyphy/ptII/ptolemy/actor/lib/test/auto/ArrayLength.xml
----------------- Instantiating /home/travis/build/icyphy/ptII/ptolemy/actor/lib/test/auto/ArrayLength.xml
2 ms. Memory: 579584K Free: 255680K (44%)
----------------- Invoking toplevel() on ptolemy.moml.MoMLSimpleApplication@2572f0f
----------------- Done invoking toplevel() on ptolemy.moml.MoMLSimpleApplication@2572f0f
reloadAllAccessors: .ArrayLength

===========================================================================================
----------------- testing Wed Oct 17 02:32:05 UTC 2018 /home/travis/build/icyphy/ptII/ptolemy/actor/lib/test/auto/ArrayLevelCrossing.xml
----------------- Instantiating /home/travis/build/icyphy/ptII/ptolemy/actor/lib/test/auto/ArrayLevelCrossing.xml
2 ms. Memory: 579584K Free: 237321K (41%)
----------------- Invoking toplevel() on ptolemy.moml.MoMLSimpleApplication@cae72be
----------------- Done invoking toplevel() on ptolemy.moml.MoMLSimpleApplication@cae72be
reloadAllAccessors: .ArrayLevelCrossing

===========================================================================================
----------------- testing Wed Oct 17 02:32:05 UTC 2018 /home/travis/build/icyphy/ptII/ptolemy/actor/lib/test/auto/ArrayLevelCrossing2.xml
----------------- Instantiating /home/travis/build/icyphy/ptII/ptolemy/actor/lib/test/auto/ArrayLevelCrossing2.xml
2 ms. Memory: 579584K Free: 227587K (39%)
----------------- Invoking toplevel() on ptolemy.moml.MoMLSimpleApplication@2e94e400
----------------- Done invoking toplevel() on ptolemy.moml.MoMLSimpleApplication@2e94e400
reloadAllAccessors: .ArrayLevelCrossing2

===========================================================================================
----------------- testing Wed Oct 17 02:32:05 UTC 2018 /home/travis/build/icyphy/ptII/ptolemy/actor/lib/test/auto/ArrayPeakSearch.xml
----------------- Instantiating /home/travis/build/icyphy/ptII/ptolemy/actor/lib/test/auto/ArrayPeakSearch.xml
4 ms. Memory: 579584K Free: 214614K (37%)
----------------- Invoking toplevel() on ptolemy.moml.MoMLSimpleApplication@6a99c835
----------------- Done invoking toplevel() on ptolemy.moml.MoMLSimpleApplication@6a99c835
reloadAllAccessors: .ArrayPeakSearch

===========================================================================================
----------------- testing Wed Oct 17 02:32:05 UTC 2018 /home/travis/build/icyphy/ptII/ptolemy/actor/lib/test/auto/ArrayPeakSearch2.xml
----------------- Instantiating /home/travis/build/icyphy/ptII/ptolemy/actor/lib/test/auto/ArrayPeakSearch2.xml
4 ms. Memory: 579584K Free: 201609K (35%)
----------------- Invoking toplevel() on ptolemy.moml.MoMLSimpleApplication@7afbd47e
----------------- Done invoking toplevel() on ptolemy.moml.MoMLSimpleApplication@7afbd47e
reloadAllAccessors: .ArrayPeakSearch2

===========================================================================================
----------------- testing Wed Oct 17 02:32:05 UTC 2018 /home/travis/build/icyphy/ptII/ptolemy/actor/lib/test/auto/ArrayPeakSearch3.xml
----------------- Instantiating /home/travis/build/icyphy/ptII/ptolemy/actor/lib/test/auto/ArrayPeakSearch3.xml
6 ms. Memory: 579584K Free: 180018K (31%)
----------------- Invoking toplevel() on ptolemy.moml.MoMLSimpleApplication@4d3e8292
----------------- Done invoking toplevel() on ptolemy.moml.MoMLSimpleApplication@4d3e8292
reloadAllAccessors: .ArrayPeakSearch3

===========================================================================================
----------------- testing Wed Oct 17 02:32:05 UTC 2018 /home/travis/build/icyphy/ptII/ptolemy/actor/lib/test/auto/ArrayRemoveElement.xml
----------------- Instantiating /home/travis/build/icyphy/ptII/ptolemy/actor/lib/test/auto/ArrayRemoveElement.xml
3 ms. Memory: 579584K Free: 170284K (29%)
----------------- Invoking toplevel() on ptolemy.moml.MoMLSimpleApplication@1b474898
----------------- Done invoking toplevel() on ptolemy.moml.MoMLSimpleApplication@1b474898
reloadAllAccessors: .ArrayRemoveElement

===========================================================================================
----------------- testing Wed Oct 17 02:32:05 UTC 2018 /home/travis/build/icyphy/ptII/ptolemy/actor/lib/test/auto/ArraySort.xml
----------------- Instantiating /home/travis/build/icyphy/ptII/ptolemy/actor/lib/test/auto/ArraySort.xml
4 ms. Memory: 579584K Free: 147601K (25%)
----------------- Invoking toplevel() on ptolemy.moml.MoMLSimpleApplication@52b27e47
----------------- Done invoking toplevel() on ptolemy.moml.MoMLSimpleApplication@52b27e47
reloadAllAccessors: .ArraySort

===========================================================================================
----------------- testing Wed Oct 17 02:32:05 UTC 2018 /home/travis/build/icyphy/ptII/ptolemy/actor/lib/test/auto/ArraySum.xml
----------------- Instantiating /home/travis/build/icyphy/ptII/ptolemy/actor/lib/test/auto/ArraySum.xml
2 ms. Memory: 579584K Free: 141122K (24%)
----------------- Invoking toplevel() on ptolemy.moml.MoMLSimpleApplication@2d8ab3f0
----------------- Done invoking toplevel() on ptolemy.moml.MoMLSimpleApplication@2d8ab3f0
reloadAllAccessors: .ArraySum

===========================================================================================
----------------- testing Wed Oct 17 02:32:05 UTC 2018 /home/travis/build/icyphy/ptII/ptolemy/actor/lib/test/auto/ArrayToElements.xml
----------------- Instantiating /home/travis/build/icyphy/ptII/ptolemy/actor/lib/test/auto/ArrayToElements.xml
4 ms. Memory: 579584K Free: 122763K (21%)
----------------- Invoking toplevel() on ptolemy.moml.MoMLSimpleApplication@7cd0d341
----------------- Done invoking toplevel() on ptolemy.moml.MoMLSimpleApplication@7cd0d341
reloadAllAccessors: .ArrayToElements

===========================================================================================
----------------- testing Wed Oct 17 02:32:05 UTC 2018 /home/travis/build/icyphy/ptII/ptolemy/actor/lib/test/auto/ArrayToMatrix.xml
----------------- Instantiating /home/travis/build/icyphy/ptII/ptolemy/actor/lib/test/auto/ArrayToMatrix.xml
8 ms. Memory: 579584K Free: 103279K (18%)
----------------- Invoking toplevel() on ptolemy.moml.MoMLSimpleApplication@5a5fa3ce
----------------- Done invoking toplevel() on ptolemy.moml.MoMLSimpleApplication@5a5fa3ce
reloadAllAccessors: .ArrayToMatrix

===========================================================================================
----------------- testing Wed Oct 17 02:32:05 UTC 2018 /home/travis/build/icyphy/ptII/ptolemy/actor/lib/test/auto/ArrayUpdate1.xml
----------------- Instantiating /home/travis/build/icyphy/ptII/ptolemy/actor/lib/test/auto/ArrayUpdate1.xml
6 ms. Memory: 579584K Free: 96801K (17%)
----------------- Invoking toplevel() on ptolemy.moml.MoMLSimpleApplication@4b8b261c
----------------- Done invoking toplevel() on ptolemy.moml.MoMLSimpleApplication@4b8b261c
reloadAllAccessors: .ArrayUpdate1

===========================================================================================
----------------- testing Wed Oct 17 02:32:05 UTC 2018 /home/travis/build/icyphy/ptII/ptolemy/actor/lib/test/auto/ArrayUpdate2.xml
----------------- Instantiating /home/travis/build/icyphy/ptII/ptolemy/actor/lib/test/auto/ArrayUpdate2.xml
2 ms. Memory: 579584K Free: 87075K (15%)
----------------- Invoking toplevel() on ptolemy.moml.MoMLSimpleApplication@53faa081
----------------- Done invoking toplevel() on ptolemy.moml.MoMLSimpleApplication@53faa081
reloadAllAccessors: .ArrayUpdate2

===========================================================================================
----------------- testing Wed Oct 17 02:32:05 UTC 2018 /home/travis/build/icyphy/ptII/ptolemy/actor/lib/test/auto/ArrayUpdate3.xml
----------------- Instantiating /home/travis/build/icyphy/ptII/ptolemy/actor/lib/test/auto/ArrayUpdate3.xml
2 ms. Memory: 579584K Free: 71971K (12%)
----------------- Invoking toplevel() on ptolemy.moml.MoMLSimpleApplication@64d51a4f
----------------- Done invoking toplevel() on ptolemy.moml.MoMLSimpleApplication@64d51a4f
reloadAllAccessors: .ArrayUpdate3

===========================================================================================
----------------- testing Wed Oct 17 02:32:05 UTC 2018 /home/travis/build/icyphy/ptII/ptolemy/actor/lib/test/auto/Assert1.xml
----------------- Instantiating /home/travis/build/icyphy/ptII/ptolemy/actor/lib/test/auto/Assert1.xml
3 ms. Memory: 579584K Free: 65492K (11%)
----------------- Invoking toplevel() on ptolemy.moml.MoMLSimpleApplication@5ebfe219
----------------- Done invoking toplevel() on ptolemy.moml.MoMLSimpleApplication@5ebfe219
reloadAllAccessors: .Assert1

===========================================================================================
----------------- testing Wed Oct 17 02:32:05 UTC 2018 /home/travis/build/icyphy/ptII/ptolemy/actor/lib/test/auto/Assert2.xml
----------------- Instantiating /home/travis/build/icyphy/ptII/ptolemy/actor/lib/test/auto/Assert2.xml
6 ms. Memory: 579584K Free: 59013K (10%)
----------------- Invoking toplevel() on ptolemy.moml.MoMLSimpleApplication@4c884780
----------------- Done invoking toplevel() on ptolemy.moml.MoMLSimpleApplication@4c884780
reloadAllAccessors: .Assert2

===========================================================================================
----------------- testing Wed Oct 17 02:32:05 UTC 2018 /home/travis/build/icyphy/ptII/ptolemy/actor/lib/test/auto/BooleanMultiplexor.xml
----------------- Instantiating /home/travis/build/icyphy/ptII/ptolemy/actor/lib/test/auto/BooleanMultiplexor.xml
39 ms. Memory: 877056K Free: 834573K (95%)
----------------- Invoking toplevel() on ptolemy.moml.MoMLSimpleApplication@70004dca
----------------- Done invoking toplevel() on ptolemy.moml.MoMLSimpleApplication@70004dca
reloadAllAccessors: .BooleanMultiplexor

===========================================================================================
----------------- testing Wed Oct 17 02:32:05 UTC 2018 /home/travis/build/icyphy/ptII/ptolemy/actor/lib/test/auto/BooleanMultiplexor2.xml
----------------- Instantiating /home/travis/build/icyphy/ptII/ptolemy/actor/lib/test/auto/BooleanMultiplexor2.xml
12 ms. Memory: 877056K Free: 810212K (92%)
----------------- Invoking toplevel() on ptolemy.moml.MoMLSimpleApplication@502c1749
----------------- Done invoking toplevel() on ptolemy.moml.MoMLSimpleApplication@502c1749
reloadAllAccessors: .BooleanMultiplexor2

===========================================================================================
----------------- testing Wed Oct 17 02:32:05 UTC 2018 /home/travis/build/icyphy/ptII/ptolemy/actor/lib/test/auto/BooleanMultiplexor3.xml
----------------- Instantiating /home/travis/build/icyphy/ptII/ptolemy/actor/lib/test/auto/BooleanMultiplexor3.xml
6 ms. Memory: 877056K Free: 802435K (91%)
----------------- Invoking toplevel() on ptolemy.moml.MoMLSimpleApplication@1169fad5
----------------- Done invoking toplevel() on ptolemy.moml.MoMLSimpleApplication@1169fad5
reloadAllAccessors: .BooleanMultiplexor3

===========================================================================================
----------------- testing Wed Oct 17 02:32:05 UTC 2018 /home/travis/build/icyphy/ptII/ptolemy/actor/lib/test/auto/BooleanSelect.xml
----------------- Instantiating /home/travis/build/icyphy/ptII/ptolemy/actor/lib/test/auto/BooleanSelect.xml
6 ms. Memory: 877056K Free: 794658K (91%)
----------------- Invoking toplevel() on ptolemy.moml.MoMLSimpleApplication@15845e24
----------------- Done invoking toplevel() on ptolemy.moml.MoMLSimpleApplication@15845e24
reloadAllAccessors: .BooleanSelect

===========================================================================================
----------------- testing Wed Oct 17 02:32:05 UTC 2018 /home/travis/build/icyphy/ptII/ptolemy/actor/lib/test/auto/BooleanSelect2.xml
----------------- Instantiating /home/travis/build/icyphy/ptII/ptolemy/actor/lib/test/auto/BooleanSelect2.xml
1 ms. Memory: 877056K Free: 786880K (90%)
----------------- Invoking toplevel() on ptolemy.moml.MoMLSimpleApplication@230da38c
----------------- Done invoking toplevel() on ptolemy.moml.MoMLSimpleApplication@230da38c
reloadAllAccessors: .BooleanSelect2

===========================================================================================
----------------- testing Wed Oct 17 02:32:05 UTC 2018 /home/travis/build/icyphy/ptII/ptolemy/actor/lib/test/auto/BooleanSwitch.xml
----------------- Instantiating /home/travis/build/icyphy/ptII/ptolemy/actor/lib/test/auto/BooleanSwitch.xml
9 ms. Memory: 877056K Free: 765412K (87%)
----------------- Invoking toplevel() on ptolemy.moml.MoMLSimpleApplication@23866f96
----------------- Done invoking toplevel() on ptolemy.moml.MoMLSimpleApplication@23866f96
reloadAllAccessors: .BooleanSwitch

===========================================================================================
----------------- testing Wed Oct 17 02:32:05 UTC 2018 /home/travis/build/icyphy/ptII/ptolemy/actor/lib/test/auto/BooleanSwitch2.xml
----------------- Instantiating /home/travis/build/icyphy/ptII/ptolemy/actor/lib/test/auto/BooleanSwitch2.xml
2 ms. Memory: 877056K Free: 757634K (86%)
----------------- Invoking toplevel() on ptolemy.moml.MoMLSimpleApplication@125a8805
----------------- Done invoking toplevel() on ptolemy.moml.MoMLSimpleApplication@125a8805
reloadAllAccessors: .BooleanSwitch2

===========================================================================================
----------------- testing Wed Oct 17 02:32:05 UTC 2018 /home/travis/build/icyphy/ptII/ptolemy/actor/lib/test/auto/BooleanSwitchCloningBugWithClassRelationGroup.xml
----------------- Instantiating /home/travis/build/icyphy/ptII/ptolemy/actor/lib/test/auto/BooleanSwitchCloningBugWithClassRelationGroup.xml
2 ms. Memory: 877056K Free: 745952K (85%)
----------------- Invoking toplevel() on ptolemy.moml.MoMLSimpleApplication@425ef830
----------------- Done invoking toplevel() on ptolemy.moml.MoMLSimpleApplication@425ef830
reloadAllAccessors: .BooleanSwitchCloningBugWithClassRelationGroup

===========================================================================================
----------------- testing Wed Oct 17 02:32:05 UTC 2018 /home/travis/build/icyphy/ptII/ptolemy/actor/lib/test/auto/BusActors.xml
----------------- Instantiating /home/travis/build/icyphy/ptII/ptolemy/actor/lib/test/auto/BusActors.xml
5 ms. Memory: 877056K Free: 734286K (84%)
----------------- Invoking toplevel() on ptolemy.moml.MoMLSimpleApplication@569cbb3f
----------------- Done invoking toplevel() on ptolemy.moml.MoMLSimpleApplication@569cbb3f
reloadAllAccessors: .BusActors

===========================================================================================
----------------- testing Wed Oct 17 02:32:05 UTC 2018 /home/travis/build/icyphy/ptII/ptolemy/actor/lib/test/auto/ClassWrapper.xml
----------------- Instantiating /home/travis/build/icyphy/ptII/ptolemy/actor/lib/test/auto/ClassWrapper.xml
2 ms. Memory: 877056K Free: 716722K (82%)
----------------- Invoking toplevel() on ptolemy.moml.MoMLSimpleApplication@78b19175
----------------- Done invoking toplevel() on ptolemy.moml.MoMLSimpleApplication@78b19175
reloadAllAccessors: .ClassWrapper

===========================================================================================
----------------- testing Wed Oct 17 02:32:05 UTC 2018 /home/travis/build/icyphy/ptII/ptolemy/actor/lib/test/auto/Clock.xml
----------------- Instantiating /home/travis/build/icyphy/ptII/ptolemy/actor/lib/test/auto/Clock.xml
4 ms. Memory: 877056K Free: 708945K (81%)
----------------- Invoking toplevel() on ptolemy.moml.MoMLSimpleApplication@6b3cf854
----------------- Done invoking toplevel() on ptolemy.moml.MoMLSimpleApplication@6b3cf854
reloadAllAccessors: .Clock

===========================================================================================
----------------- testing Wed Oct 17 02:32:05 UTC 2018 /home/travis/build/icyphy/ptII/ptolemy/actor/lib/test/auto/Clock10.xml
----------------- Instantiating /home/travis/build/icyphy/ptII/ptolemy/actor/lib/test/auto/Clock10.xml
5 ms. Memory: 877056K Free: 701168K (80%)
----------------- Invoking toplevel() on ptolemy.moml.MoMLSimpleApplication@40ac3882
----------------- Done invoking toplevel() on ptolemy.moml.MoMLSimpleApplication@40ac3882
reloadAllAccessors: .Clock10

===========================================================================================
----------------- testing Wed Oct 17 02:32:05 UTC 2018 /home/travis/build/icyphy/ptII/ptolemy/actor/lib/test/auto/Clock11.xml
----------------- Instantiating /home/travis/build/icyphy/ptII/ptolemy/actor/lib/test/auto/Clock11.xml
4 ms. Memory: 877056K Free: 693390K (79%)
----------------- Invoking toplevel() on ptolemy.moml.MoMLSimpleApplication@76a5b3ad
----------------- Done invoking toplevel() on ptolemy.moml.MoMLSimpleApplication@76a5b3ad
reloadAllAccessors: .Clock11

===========================================================================================
----------------- testing Wed Oct 17 02:32:05 UTC 2018 /home/travis/build/icyphy/ptII/ptolemy/actor/lib/test/auto/Clock12.xml
----------------- Instantiating /home/travis/build/icyphy/ptII/ptolemy/actor/lib/test/auto/Clock12.xml
4 ms. Memory: 877056K Free: 685613K (78%)
----------------- Invoking toplevel() on ptolemy.moml.MoMLSimpleApplication@36274496
----------------- Done invoking toplevel() on ptolemy.moml.MoMLSimpleApplication@36274496
reloadAllAccessors: .Clock12

===========================================================================================
----------------- testing Wed Oct 17 02:32:05 UTC 2018 /home/travis/build/icyphy/ptII/ptolemy/actor/lib/test/auto/Clock13.xml
----------------- Instantiating /home/travis/build/icyphy/ptII/ptolemy/actor/lib/test/auto/Clock13.xml
9 ms. Memory: 877056K Free: 668049K (76%)
----------------- Invoking toplevel() on ptolemy.moml.MoMLSimpleApplication@51d17408
----------------- Done invoking toplevel() on ptolemy.moml.MoMLSimpleApplication@51d17408
reloadAllAccessors: .Clock13

===========================================================================================
----------------- testing Wed Oct 17 02:32:05 UTC 2018 /home/travis/build/icyphy/ptII/ptolemy/actor/lib/test/auto/Clock14.xml
----------------- Instantiating /home/travis/build/icyphy/ptII/ptolemy/actor/lib/test/auto/Clock14.xml
7 ms. Memory: 877056K Free: 660272K (75%)
----------------- Invoking toplevel() on ptolemy.moml.MoMLSimpleApplication@7f613af3
----------------- Done invoking toplevel() on ptolemy.moml.MoMLSimpleApplication@7f613af3
reloadAllAccessors: .Clock14

===========================================================================================
----------------- testing Wed Oct 17 02:32:05 UTC 2018 /home/travis/build/icyphy/ptII/ptolemy/actor/lib/test/auto/Clock15.xml
----------------- Instantiating /home/travis/build/icyphy/ptII/ptolemy/actor/lib/test/auto/Clock15.xml
7 ms. Memory: 877056K Free: 652495K (74%)
----------------- Invoking toplevel() on ptolemy.moml.MoMLSimpleApplication@298acec1
----------------- Done invoking toplevel() on ptolemy.moml.MoMLSimpleApplication@298acec1
reloadAllAccessors: .Clock15

===========================================================================================
----------------- testing Wed Oct 17 02:32:05 UTC 2018 /home/travis/build/icyphy/ptII/ptolemy/actor/lib/test/auto/Clock16.xml
----------------- Instantiating /home/travis/build/icyphy/ptII/ptolemy/actor/lib/test/auto/Clock16.xml
14 ms. Memory: 877056K Free: 636924K (73%)
----------------- Invoking toplevel() on ptolemy.moml.MoMLSimpleApplication@1b95db98
----------------- Done invoking toplevel() on ptolemy.moml.MoMLSimpleApplication@1b95db98
reloadAllAccessors: .Clock16

===========================================================================================
----------------- testing Wed Oct 17 02:32:06 UTC 2018 /home/travis/build/icyphy/ptII/ptolemy/actor/lib/test/auto/Clock17.xml
----------------- Instantiating /home/travis/build/icyphy/ptII/ptolemy/actor/lib/test/auto/Clock17.xml
16 ms. Memory: 877056K Free: 611566K (70%)
----------------- Invoking toplevel() on ptolemy.moml.MoMLSimpleApplication@8fb7aa0
----------------- Done invoking toplevel() on ptolemy.moml.MoMLSimpleApplication@8fb7aa0
reloadAllAccessors: .Clock17

===========================================================================================
----------------- testing Wed Oct 17 02:32:06 UTC 2018 /home/travis/build/icyphy/ptII/ptolemy/actor/lib/test/auto/Clock18.xml
----------------- Instantiating /home/travis/build/icyphy/ptII/ptolemy/actor/lib/test/auto/Clock18.xml
13 ms. Memory: 877056K Free: 596011K (68%)
----------------- Invoking toplevel() on ptolemy.moml.MoMLSimpleApplication@545c5a85
----------------- Done invoking toplevel() on ptolemy.moml.MoMLSimpleApplication@545c5a85
reloadAllAccessors: .Clock18

===========================================================================================
----------------- testing Wed Oct 17 02:32:06 UTC 2018 /home/travis/build/icyphy/ptII/ptolemy/actor/lib/test/auto/Clock19.xml
----------------- Instantiating /home/travis/build/icyphy/ptII/ptolemy/actor/lib/test/auto/Clock19.xml
12 ms. Memory: 877056K Free: 580441K (66%)
----------------- Invoking toplevel() on ptolemy.moml.MoMLSimpleApplication@48a67640
----------------- Done invoking toplevel() on ptolemy.moml.MoMLSimpleApplication@48a67640
reloadAllAccessors: .Clock19

===========================================================================================
----------------- testing Wed Oct 17 02:32:06 UTC 2018 /home/travis/build/icyphy/ptII/ptolemy/actor/lib/test/auto/Clock2.xml
----------------- Instantiating /home/travis/build/icyphy/ptII/ptolemy/actor/lib/test/auto/Clock2.xml
6 ms. Memory: 877056K Free: 572663K (65%)
----------------- Invoking toplevel() on ptolemy.moml.MoMLSimpleApplication@341f218f
----------------- Done invoking toplevel() on ptolemy.moml.MoMLSimpleApplication@341f218f
reloadAllAccessors: .Clock2

===========================================================================================
----------------- testing Wed Oct 17 02:32:06 UTC 2018 /home/travis/build/icyphy/ptII/ptolemy/actor/lib/test/auto/Clock20.xml
----------------- Instantiating /home/travis/build/icyphy/ptII/ptolemy/actor/lib/test/auto/Clock20.xml
7 ms. Memory: 877056K Free: 555100K (63%)
----------------- Invoking toplevel() on ptolemy.moml.MoMLSimpleApplication@b969b2d
----------------- Done invoking toplevel() on ptolemy.moml.MoMLSimpleApplication@b969b2d
reloadAllAccessors: .Clock20

===========================================================================================
----------------- testing Wed Oct 17 02:32:06 UTC 2018 /home/travis/build/icyphy/ptII/ptolemy/actor/lib/test/auto/Clock21.xml
----------------- Instantiating /home/travis/build/icyphy/ptII/ptolemy/actor/lib/test/auto/Clock21.xml
6 ms. Memory: 877056K Free: 547322K (62%)
----------------- Invoking toplevel() on ptolemy.moml.MoMLSimpleApplication@686e0db0
----------------- Done invoking toplevel() on ptolemy.moml.MoMLSimpleApplication@686e0db0
reloadAllAccessors: .Clock21

===========================================================================================
----------------- testing Wed Oct 17 02:32:06 UTC 2018 /home/travis/build/icyphy/ptII/ptolemy/actor/lib/test/auto/Clock22.xml
----------------- Instantiating /home/travis/build/icyphy/ptII/ptolemy/actor/lib/test/auto/Clock22.xml
7 ms. Memory: 877056K Free: 539545K (62%)
----------------- Invoking toplevel() on ptolemy.moml.MoMLSimpleApplication@21b492a5
----------------- Done invoking toplevel() on ptolemy.moml.MoMLSimpleApplication@21b492a5
reloadAllAccessors: .Clock22

===========================================================================================
----------------- testing Wed Oct 17 02:32:06 UTC 2018 /home/travis/build/icyphy/ptII/ptolemy/actor/lib/test/auto/Clock23.xml
----------------- Instantiating /home/travis/build/icyphy/ptII/ptolemy/actor/lib/test/auto/Clock23.xml
6 ms. Memory: 877056K Free: 531768K (61%)
----------------- Invoking toplevel() on ptolemy.moml.MoMLSimpleApplication@2fd1854c
----------------- Done invoking toplevel() on ptolemy.moml.MoMLSimpleApplication@2fd1854c
reloadAllAccessors: .Clock23

===========================================================================================
----------------- testing Wed Oct 17 02:32:06 UTC 2018 /home/travis/build/icyphy/ptII/ptolemy/actor/lib/test/auto/Clock24.xml
----------------- Instantiating /home/travis/build/icyphy/ptII/ptolemy/actor/lib/test/auto/Clock24.xml
6 ms. Memory: 877056K Free: 523990K (60%)
----------------- Invoking toplevel() on ptolemy.moml.MoMLSimpleApplication@60e90472
----------------- Done invoking toplevel() on ptolemy.moml.MoMLSimpleApplication@60e90472
reloadAllAccessors: .Clock24

===========================================================================================
----------------- testing Wed Oct 17 02:32:06 UTC 2018 /home/travis/build/icyphy/ptII/ptolemy/actor/lib/test/auto/Clock4.xml
----------------- Instantiating /home/travis/build/icyphy/ptII/ptolemy/actor/lib/test/auto/Clock4.xml
7 ms. Memory: 877056K Free: 506426K (58%)
----------------- Invoking toplevel() on ptolemy.moml.MoMLSimpleApplication@25ed9e39
----------------- Done invoking toplevel() on ptolemy.moml.MoMLSimpleApplication@25ed9e39
reloadAllAccessors: .Clock4

===========================================================================================
----------------- testing Wed Oct 17 02:32:06 UTC 2018 /home/travis/build/icyphy/ptII/ptolemy/actor/lib/test/auto/Clock5.xml
----------------- Instantiating /home/travis/build/icyphy/ptII/ptolemy/actor/lib/test/auto/Clock5.xml
1 ms. Memory: 877056K Free: 498649K (57%)
----------------- Invoking toplevel() on ptolemy.moml.MoMLSimpleApplication@3ea09961
----------------- Done invoking toplevel() on ptolemy.moml.MoMLSimpleApplication@3ea09961
reloadAllAccessors: .Clock5

===========================================================================================
----------------- testing Wed Oct 17 02:32:06 UTC 2018 /home/travis/build/icyphy/ptII/ptolemy/actor/lib/test/auto/Clock6.xml
----------------- Instantiating /home/travis/build/icyphy/ptII/ptolemy/actor/lib/test/auto/Clock6.xml
2 ms. Memory: 877056K Free: 490872K (56%)
----------------- Invoking toplevel() on ptolemy.moml.MoMLSimpleApplication@55a636dd
----------------- Done invoking toplevel() on ptolemy.moml.MoMLSimpleApplication@55a636dd
reloadAllAccessors: .Clock6

===========================================================================================
----------------- testing Wed Oct 17 02:32:06 UTC 2018 /home/travis/build/icyphy/ptII/ptolemy/actor/lib/test/auto/Clock7.xml
----------------- Instantiating /home/travis/build/icyphy/ptII/ptolemy/actor/lib/test/auto/Clock7.xml
1 ms. Memory: 877056K Free: 483094K (55%)
----------------- Invoking toplevel() on ptolemy.moml.MoMLSimpleApplication@751fcad
----------------- Done invoking toplevel() on ptolemy.moml.MoMLSimpleApplication@751fcad
reloadAllAccessors: .Clock7

===========================================================================================
----------------- testing Wed Oct 17 02:32:06 UTC 2018 /home/travis/build/icyphy/ptII/ptolemy/actor/lib/test/auto/Clock8.xml
----------------- Instantiating /home/travis/build/icyphy/ptII/ptolemy/actor/lib/test/auto/Clock8.xml
4 ms. Memory: 877056K Free: 465531K (53%)
----------------- Invoking toplevel() on ptolemy.moml.MoMLSimpleApplication@77c07c81
----------------- Done invoking toplevel() on ptolemy.moml.MoMLSimpleApplication@77c07c81
reloadAllAccessors: .Clock8

===========================================================================================
----------------- testing Wed Oct 17 02:32:06 UTC 2018 /home/travis/build/icyphy/ptII/ptolemy/actor/lib/test/auto/Clock9.xml
----------------- Instantiating /home/travis/build/icyphy/ptII/ptolemy/actor/lib/test/auto/Clock9.xml
2 ms. Memory: 877056K Free: 457753K (52%)
----------------- Invoking toplevel() on ptolemy.moml.MoMLSimpleApplication@1fa196f3
----------------- Done invoking toplevel() on ptolemy.moml.MoMLSimpleApplication@1fa196f3
reloadAllAccessors: .Clock9

===========================================================================================
----------------- testing Wed Oct 17 02:32:06 UTC 2018 /home/travis/build/icyphy/ptII/ptolemy/actor/lib/test/auto/CommDistDiscard.xml
----------------- Instantiating /home/travis/build/icyphy/ptII/ptolemy/actor/lib/test/auto/CommDistDiscard.xml
4 ms. Memory: 877056K Free: 449976K (51%)
----------------- Invoking toplevel() on ptolemy.moml.MoMLSimpleApplication@47ad4b4
----------------- Done invoking toplevel() on ptolemy.moml.MoMLSimpleApplication@47ad4b4
reloadAllAccessors: .CommDistDiscard

===========================================================================================
----------------- testing Wed Oct 17 02:32:06 UTC 2018 /home/travis/build/icyphy/ptII/ptolemy/actor/lib/test/auto/Commutator.xml
----------------- Instantiating /home/travis/build/icyphy/ptII/ptolemy/actor/lib/test/auto/Commutator.xml
3 ms. Memory: 877056K Free: 442199K (50%)
----------------- Invoking toplevel() on ptolemy.moml.MoMLSimpleApplication@4458022f
----------------- Done invoking toplevel() on ptolemy.moml.MoMLSimpleApplication@4458022f
reloadAllAccessors: .Commutator

===========================================================================================
----------------- testing Wed Oct 17 02:32:06 UTC 2018 /home/travis/build/icyphy/ptII/ptolemy/actor/lib/test/auto/Commutator2.xml
----------------- Instantiating /home/travis/build/icyphy/ptII/ptolemy/actor/lib/test/auto/Commutator2.xml
1 ms. Memory: 877056K Free: 424635K (48%)
----------------- Invoking toplevel() on ptolemy.moml.MoMLSimpleApplication@724ca452
----------------- Done invoking toplevel() on ptolemy.moml.MoMLSimpleApplication@724ca452
reloadAllAccessors: .Commutator2

===========================================================================================
----------------- testing Wed Oct 17 02:32:06 UTC 2018 /home/travis/build/icyphy/ptII/ptolemy/actor/lib/test/auto/Commutator3.xml
----------------- Instantiating /home/travis/build/icyphy/ptII/ptolemy/actor/lib/test/auto/Commutator3.xml
1 ms. Memory: 877056K Free: 416857K (48%)
----------------- Invoking toplevel() on ptolemy.moml.MoMLSimpleApplication@2aea9920
----------------- Done invoking toplevel() on ptolemy.moml.MoMLSimpleApplication@2aea9920
reloadAllAccessors: .Commutator3

===========================================================================================
----------------- testing Wed Oct 17 02:32:06 UTC 2018 /home/travis/build/icyphy/ptII/ptolemy/actor/lib/test/auto/Compare.xml
----------------- Instantiating /home/travis/build/icyphy/ptII/ptolemy/actor/lib/test/auto/Compare.xml
2 ms. Memory: 877056K Free: 405175K (46%)
----------------- Invoking toplevel() on ptolemy.moml.MoMLSimpleApplication@1b153971
----------------- Done invoking toplevel() on ptolemy.moml.MoMLSimpleApplication@1b153971
reloadAllAccessors: .Compare

===========================================================================================
----------------- testing Wed Oct 17 02:32:06 UTC 2018 /home/travis/build/icyphy/ptII/ptolemy/actor/lib/test/auto/CompareDE.xml
----------------- Instantiating /home/travis/build/icyphy/ptII/ptolemy/actor/lib/test/auto/CompareDE.xml
5 ms. Memory: 877056K Free: 393493K (45%)
----------------- Invoking toplevel() on ptolemy.moml.MoMLSimpleApplication@23456cd8
----------------- Done invoking toplevel() on ptolemy.moml.MoMLSimpleApplication@23456cd8
reloadAllAccessors: .CompareDE

===========================================================================================
----------------- testing Wed Oct 17 02:32:06 UTC 2018 /home/travis/build/icyphy/ptII/ptolemy/actor/lib/test/auto/ComplexDivide.xml
----------------- Instantiating /home/travis/build/icyphy/ptII/ptolemy/actor/lib/test/auto/ComplexDivide.xml
2 ms. Memory: 877056K Free: 385716K (44%)
----------------- Invoking toplevel() on ptolemy.moml.MoMLSimpleApplication@3e94966d
----------------- Done invoking toplevel() on ptolemy.moml.MoMLSimpleApplication@3e94966d
reloadAllAccessors: .ComplexDivide

===========================================================================================
----------------- testing Wed Oct 17 02:32:06 UTC 2018 /home/travis/build/icyphy/ptII/ptolemy/actor/lib/test/auto/ComputeHistogram.xml
----------------- Instantiating /home/travis/build/icyphy/ptII/ptolemy/actor/lib/test/auto/ComputeHistogram.xml
21 ms. Memory: 877056K Free: 360359K (41%)
----------------- Invoking toplevel() on ptolemy.moml.MoMLSimpleApplication@24340a4e
----------------- Done invoking toplevel() on ptolemy.moml.MoMLSimpleApplication@24340a4e
reloadAllAccessors: .ComputeHistogram

===========================================================================================
----------------- testing Wed Oct 17 02:32:06 UTC 2018 /home/travis/build/icyphy/ptII/ptolemy/actor/lib/test/auto/ConfigurationSelect.xml
----------------- Instantiating /home/travis/build/icyphy/ptII/ptolemy/actor/lib/test/auto/ConfigurationSelect.xml
2 ms. Memory: 877056K Free: 352582K (40%)
----------------- Invoking toplevel() on ptolemy.moml.MoMLSimpleApplication@404bb148
----------------- Done invoking toplevel() on ptolemy.moml.MoMLSimpleApplication@404bb148
reloadAllAccessors: .ConfigurationSelect

===========================================================================================
----------------- testing Wed Oct 17 02:32:06 UTC 2018 /home/travis/build/icyphy/ptII/ptolemy/actor/lib/test/auto/ConfigurationSelect2.xml
----------------- Instantiating /home/travis/build/icyphy/ptII/ptolemy/actor/lib/test/auto/ConfigurationSelect2.xml
2 ms. Memory: 877056K Free: 344804K (39%)
----------------- Invoking toplevel() on ptolemy.moml.MoMLSimpleApplication@1e431962
----------------- Done invoking toplevel() on ptolemy.moml.MoMLSimpleApplication@1e431962
reloadAllAccessors: .ConfigurationSelect2

===========================================================================================
----------------- testing Wed Oct 17 02:32:06 UTC 2018 /home/travis/build/icyphy/ptII/ptolemy/actor/lib/test/auto/ConfigurationSwitch.xml
----------------- Instantiating /home/travis/build/icyphy/ptII/ptolemy/actor/lib/test/auto/ConfigurationSwitch.xml
2 ms. Memory: 877056K Free: 337027K (38%)
----------------- Invoking toplevel() on ptolemy.moml.MoMLSimpleApplication@7f0f2099
----------------- Done invoking toplevel() on ptolemy.moml.MoMLSimpleApplication@7f0f2099
reloadAllAccessors: .ConfigurationSwitch

===========================================================================================
----------------- testing Wed Oct 17 02:32:06 UTC 2018 /home/travis/build/icyphy/ptII/ptolemy/actor/lib/test/auto/ConfigurationSwitch2.xml
----------------- Instantiating /home/travis/build/icyphy/ptII/ptolemy/actor/lib/test/auto/ConfigurationSwitch2.xml
1 ms. Memory: 877056K Free: 319463K (36%)
----------------- Invoking toplevel() on ptolemy.moml.MoMLSimpleApplication@6ee408e5
----------------- Done invoking toplevel() on ptolemy.moml.MoMLSimpleApplication@6ee408e5
reloadAllAccessors: .ConfigurationSwitch2

===========================================================================================
----------------- testing Wed Oct 17 02:32:06 UTC 2018 /home/travis/build/icyphy/ptII/ptolemy/actor/lib/test/auto/ConfigurationSwitchCloningBugWithClassRelationGroup.xml
----------------- Instantiating /home/travis/build/icyphy/ptII/ptolemy/actor/lib/test/auto/ConfigurationSwitchCloningBugWithClassRelationGroup.xml
1 ms. Memory: 877056K Free: 307797K (35%)
----------------- Invoking toplevel() on ptolemy.moml.MoMLSimpleApplication@6eea9d5f
----------------- Done invoking toplevel() on ptolemy.moml.MoMLSimpleApplication@6eea9d5f
reloadAllAccessors: .ConfigurationSwitchCloningBugWithClassRelationGroup

===========================================================================================
----------------- testing Wed Oct 17 02:32:06 UTC 2018 /home/travis/build/icyphy/ptII/ptolemy/actor/lib/test/auto/ConfigurationSwitchSelectSDF.xml
----------------- Instantiating /home/travis/build/icyphy/ptII/ptolemy/actor/lib/test/auto/ConfigurationSwitchSelectSDF.xml
3 ms. Memory: 877056K Free: 300019K (34%)
----------------- Invoking toplevel() on ptolemy.moml.MoMLSimpleApplication@1b7e0bd2
----------------- Done invoking toplevel() on ptolemy.moml.MoMLSimpleApplication@1b7e0bd2
reloadAllAccessors: .ConfigurationSwitchSelectSDF

===========================================================================================
----------------- testing Wed Oct 17 02:32:06 UTC 2018 /home/travis/build/icyphy/ptII/ptolemy/actor/lib/test/auto/ConfigurationSwitchSelectSDF2.xml
----------------- Instantiating /home/travis/build/icyphy/ptII/ptolemy/actor/lib/test/auto/ConfigurationSwitchSelectSDF2.xml
2 ms. Memory: 877056K Free: 292242K (33%)
----------------- Invoking toplevel() on ptolemy.moml.MoMLSimpleApplication@5b9e92a4
----------------- Done invoking toplevel() on ptolemy.moml.MoMLSimpleApplication@5b9e92a4
reloadAllAccessors: .ConfigurationSwitchSelectSDF2

===========================================================================================
----------------- testing Wed Oct 17 02:32:06 UTC 2018 /home/travis/build/icyphy/ptII/ptolemy/actor/lib/test/auto/Const.xml
----------------- Instantiating /home/travis/build/icyphy/ptII/ptolemy/actor/lib/test/auto/Const.xml
1 ms. Memory: 877056K Free: 274678K (31%)
----------------- Invoking toplevel() on ptolemy.moml.MoMLSimpleApplication@2bb20e65
----------------- Done invoking toplevel() on ptolemy.moml.MoMLSimpleApplication@2bb20e65
reloadAllAccessors: .Const

===========================================================================================
----------------- testing Wed Oct 17 02:32:06 UTC 2018 /home/travis/build/icyphy/ptII/ptolemy/actor/lib/test/auto/Const2.xml
----------------- Instantiating /home/travis/build/icyphy/ptII/ptolemy/actor/lib/test/auto/Const2.xml
1 ms. Memory: 877056K Free: 266901K (30%)
----------------- Invoking toplevel() on ptolemy.moml.MoMLSimpleApplication@5270865
----------------- Done invoking toplevel() on ptolemy.moml.MoMLSimpleApplication@5270865
reloadAllAccessors: .Const2

===========================================================================================
----------------- testing Wed Oct 17 02:32:06 UTC 2018 /home/travis/build/icyphy/ptII/ptolemy/actor/lib/test/auto/Const3.xml
----------------- Instantiating /home/travis/build/icyphy/ptII/ptolemy/actor/lib/test/auto/Const3.xml
1 ms. Memory: 877056K Free: 259124K (30%)
----------------- Invoking toplevel() on ptolemy.moml.MoMLSimpleApplication@1dfe0ddc
----------------- Done invoking toplevel() on ptolemy.moml.MoMLSimpleApplication@1dfe0ddc
reloadAllAccessors: .Const3

===========================================================================================
----------------- testing Wed Oct 17 02:32:06 UTC 2018 /home/travis/build/icyphy/ptII/ptolemy/actor/lib/test/auto/ConstantPublisherPort1.xml
----------------- Instantiating /home/travis/build/icyphy/ptII/ptolemy/actor/lib/test/auto/ConstantPublisherPort1.xml
6 ms. Memory: 877056K Free: 247442K (28%)
----------------- Invoking toplevel() on ptolemy.moml.MoMLSimpleApplication@5e23a242
----------------- Done invoking toplevel() on ptolemy.moml.MoMLSimpleApplication@5e23a242
reloadAllAccessors: .ConstantPublisherPort1

===========================================================================================
----------------- testing Wed Oct 17 02:32:06 UTC 2018 /home/travis/build/icyphy/ptII/ptolemy/actor/lib/test/auto/ConstantPublisherPort2.xml
----------------- Instantiating /home/travis/build/icyphy/ptII/ptolemy/actor/lib/test/auto/ConstantPublisherPort2.xml
4 ms. Memory: 877056K Free: 235760K (27%)
----------------- Invoking toplevel() on ptolemy.moml.MoMLSimpleApplication@7c41e726
----------------- Done invoking toplevel() on ptolemy.moml.MoMLSimpleApplication@7c41e726
reloadAllAccessors: .ConstantPublisherPort2

===========================================================================================
----------------- testing Wed Oct 17 02:32:06 UTC 2018 /home/travis/build/icyphy/ptII/ptolemy/actor/lib/test/auto/ConstantPublisherPort3.xml
----------------- Instantiating /home/travis/build/icyphy/ptII/ptolemy/actor/lib/test/auto/ConstantPublisherPort3.xml
4 ms. Memory: 877056K Free: 214291K (24%)
----------------- Invoking toplevel() on ptolemy.moml.MoMLSimpleApplication@49302d5e
----------------- Done invoking toplevel() on ptolemy.moml.MoMLSimpleApplication@49302d5e
reloadAllAccessors: .ConstantPublisherPort3

===========================================================================================
----------------- testing Wed Oct 17 02:32:06 UTC 2018 /home/travis/build/icyphy/ptII/ptolemy/actor/lib/test/auto/ConstantPublisherPort4.xml
----------------- Instantiating /home/travis/build/icyphy/ptII/ptolemy/actor/lib/test/auto/ConstantPublisherPort4.xml
3 ms. Memory: 877056K Free: 202609K (23%)
----------------- Invoking toplevel() on ptolemy.moml.MoMLSimpleApplication@6bcf4e30
----------------- Done invoking toplevel() on ptolemy.moml.MoMLSimpleApplication@6bcf4e30
reloadAllAccessors: .ConstantPublisherPort4

===========================================================================================
----------------- testing Wed Oct 17 02:32:06 UTC 2018 /home/travis/build/icyphy/ptII/ptolemy/actor/lib/test/auto/ConstantPublisherPort5.xml
----------------- Instantiating /home/travis/build/icyphy/ptII/ptolemy/actor/lib/test/auto/ConstantPublisherPort5.xml
17 ms. Memory: 877056K Free: 183150K (21%)
----------------- Invoking toplevel() on ptolemy.moml.MoMLSimpleApplication@5d673dc9
----------------- Done invoking toplevel() on ptolemy.moml.MoMLSimpleApplication@5d673dc9
reloadAllAccessors: .ConstantPublisherPort5

===========================================================================================
----------------- testing Wed Oct 17 02:32:06 UTC 2018 /home/travis/build/icyphy/ptII/ptolemy/actor/lib/test/auto/ConstantPublisherPort6.xml
----------------- Instantiating /home/travis/build/icyphy/ptII/ptolemy/actor/lib/test/auto/ConstantPublisherPort6.xml
24 ms. Memory: 877056K Free: 159810K (18%)
----------------- Invoking toplevel() on ptolemy.moml.MoMLSimpleApplication@1563ac1d
----------------- Done invoking toplevel() on ptolemy.moml.MoMLSimpleApplication@1563ac1d
reloadAllAccessors: .ConstantPublisherPort6

===========================================================================================
----------------- testing Wed Oct 17 02:32:06 UTC 2018 /home/travis/build/icyphy/ptII/ptolemy/actor/lib/test/auto/ConstantPublisherPort7.xml
----------------- Instantiating /home/travis/build/icyphy/ptII/ptolemy/actor/lib/test/auto/ConstantPublisherPort7.xml
9 ms. Memory: 877056K Free: 126675K (14%)
----------------- Invoking toplevel() on ptolemy.moml.MoMLSimpleApplication@68836923
----------------- Done invoking toplevel() on ptolemy.moml.MoMLSimpleApplication@68836923
reloadAllAccessors: .ConstantPublisherPort7

===========================================================================================
----------------- testing Wed Oct 17 02:32:07 UTC 2018 /home/travis/build/icyphy/ptII/ptolemy/actor/lib/test/auto/ConstraintMonitor1.xml
----------------- Instantiating /home/travis/build/icyphy/ptII/ptolemy/actor/lib/test/auto/ConstraintMonitor1.xml
2 ms. Memory: 877056K Free: 118898K (14%)
----------------- Invoking toplevel() on ptolemy.moml.MoMLSimpleApplication@498d7d10
----------------- Done invoking toplevel() on ptolemy.moml.MoMLSimpleApplication@498d7d10
reloadAllAccessors: .ConstraintMonitor1

===========================================================================================
----------------- testing Wed Oct 17 02:32:07 UTC 2018 /home/travis/build/icyphy/ptII/ptolemy/actor/lib/test/auto/ConstraintMonitor2.xml
----------------- Instantiating /home/travis/build/icyphy/ptII/ptolemy/actor/lib/test/auto/ConstraintMonitor2.xml
4 ms. Memory: 877056K Free: 111121K (13%)
----------------- Invoking toplevel() on ptolemy.moml.MoMLSimpleApplication@561e79a
----------------- Done invoking toplevel() on ptolemy.moml.MoMLSimpleApplication@561e79a
reloadAllAccessors: .ConstraintMonitor2

===========================================================================================
----------------- testing Wed Oct 17 02:32:07 UTC 2018 /home/travis/build/icyphy/ptII/ptolemy/actor/lib/test/auto/ConstraintMonitor3.xml
----------------- Instantiating /home/travis/build/icyphy/ptII/ptolemy/actor/lib/test/auto/ConstraintMonitor3.xml
2 ms. Memory: 877056K Free: 103343K (12%)
----------------- Invoking toplevel() on ptolemy.moml.MoMLSimpleApplication@a950d15
----------------- Done invoking toplevel() on ptolemy.moml.MoMLSimpleApplication@a950d15
reloadAllAccessors: .ConstraintMonitor3

===========================================================================================
----------------- testing Wed Oct 17 02:32:07 UTC 2018 /home/travis/build/icyphy/ptII/ptolemy/actor/lib/test/auto/ConstraintMonitor4.xml
----------------- Instantiating /home/travis/build/icyphy/ptII/ptolemy/actor/lib/test/auto/ConstraintMonitor4.xml
3 ms. Memory: 877056K Free: 85779K (10%)
----------------- Invoking toplevel() on ptolemy.moml.MoMLSimpleApplication@703ad050
----------------- Done invoking toplevel() on ptolemy.moml.MoMLSimpleApplication@703ad050
reloadAllAccessors: .ConstraintMonitor4

===========================================================================================
----------------- testing Wed Oct 17 02:32:07 UTC 2018 /home/travis/build/icyphy/ptII/ptolemy/actor/lib/test/auto/ConstraintMonitor5.xml
----------------- Instantiating /home/travis/build/icyphy/ptII/ptolemy/actor/lib/test/auto/ConstraintMonitor5.xml
5 ms. Memory: 877056K Free: 78002K (9%)
----------------- Invoking toplevel() on ptolemy.moml.MoMLSimpleApplication@6de2e92d
----------------- Done invoking toplevel() on ptolemy.moml.MoMLSimpleApplication@6de2e92d
reloadAllAccessors: .ConstraintMonitor5

===========================================================================================
----------------- testing Wed Oct 17 02:32:07 UTC 2018 /home/travis/build/icyphy/ptII/ptolemy/actor/lib/test/auto/ConstraintMonitor6.xml
----------------- Instantiating /home/travis/build/icyphy/ptII/ptolemy/actor/lib/test/auto/ConstraintMonitor6.xml
4 ms. Memory: 877056K Free: 70224K (8%)
----------------- Invoking toplevel() on ptolemy.moml.MoMLSimpleApplication@14e29ea2
----------------- Done invoking toplevel() on ptolemy.moml.MoMLSimpleApplication@14e29ea2
reloadAllAccessors: .ConstraintMonitor6

===========================================================================================
----------------- testing Wed Oct 17 02:32:07 UTC 2018 /home/travis/build/icyphy/ptII/ptolemy/actor/lib/test/auto/ConstraintMonitor7.xml
----------------- Instantiating /home/travis/build/icyphy/ptII/ptolemy/actor/lib/test/auto/ConstraintMonitor7.xml
3 ms. Memory: 877056K Free: 59438K (7%)
----------------- Invoking toplevel() on ptolemy.moml.MoMLSimpleApplication@6810c6bb
----------------- Done invoking toplevel() on ptolemy.moml.MoMLSimpleApplication@6810c6bb
reloadAllAccessors: .ConstraintMonitor7

===========================================================================================
----------------- testing Wed Oct 17 02:32:07 UTC 2018 /home/travis/build/icyphy/ptII/ptolemy/actor/lib/test/auto/ConstraintMonitor8.xml
----------------- Instantiating /home/travis/build/icyphy/ptII/ptolemy/actor/lib/test/auto/ConstraintMonitor8.xml
3 ms. Memory: 878080K Free: 811744K (92%)
----------------- Invoking toplevel() on ptolemy.moml.MoMLSimpleApplication@198b5007
----------------- Done invoking toplevel() on ptolemy.moml.MoMLSimpleApplication@198b5007
reloadAllAccessors: .ConstraintMonitor8

===========================================================================================
----------------- testing Wed Oct 17 02:32:07 UTC 2018 /home/travis/build/icyphy/ptII/ptolemy/actor/lib/test/auto/Counter.xml
----------------- Instantiating /home/travis/build/icyphy/ptII/ptolemy/actor/lib/test/auto/Counter.xml
2 ms. Memory: 878080K Free: 801213K (91%)
----------------- Invoking toplevel() on ptolemy.moml.MoMLSimpleApplication@6ee243c3
----------------- Done invoking toplevel() on ptolemy.moml.MoMLSimpleApplication@6ee243c3
reloadAllAccessors: .Counter

===========================================================================================
----------------- testing Wed Oct 17 02:32:07 UTC 2018 /home/travis/build/icyphy/ptII/ptolemy/actor/lib/test/auto/CurrentTimeSDF.xml
----------------- Instantiating /home/travis/build/icyphy/ptII/ptolemy/actor/lib/test/auto/CurrentTimeSDF.xml
1 ms. Memory: 878080K Free: 790843K (90%)
----------------- Invoking toplevel() on ptolemy.moml.MoMLSimpleApplication@75c89ecf
----------------- Done invoking toplevel() on ptolemy.moml.MoMLSimpleApplication@75c89ecf
reloadAllAccessors: .CurrentTimeSDF

===========================================================================================
----------------- testing Wed Oct 17 02:32:07 UTC 2018 /home/travis/build/icyphy/ptII/ptolemy/actor/lib/test/auto/DB.xml
----------------- Instantiating /home/travis/build/icyphy/ptII/ptolemy/actor/lib/test/auto/DB.xml
2 ms. Memory: 878080K Free: 780473K (89%)
----------------- Invoking toplevel() on ptolemy.moml.MoMLSimpleApplication@19b32841
----------------- Done invoking toplevel() on ptolemy.moml.MoMLSimpleApplication@19b32841
reloadAllAccessors: .DB

===========================================================================================
----------------- testing Wed Oct 17 02:32:07 UTC 2018 /home/travis/build/icyphy/ptII/ptolemy/actor/lib/test/auto/DBDE.xml
----------------- Instantiating /home/travis/build/icyphy/ptII/ptolemy/actor/lib/test/auto/DBDE.xml
2 ms. Memory: 878080K Free: 762660K (87%)
----------------- Invoking toplevel() on ptolemy.moml.MoMLSimpleApplication@1bdd0756
----------------- Done invoking toplevel() on ptolemy.moml.MoMLSimpleApplication@1bdd0756
reloadAllAccessors: .DBDE

===========================================================================================
----------------- testing Wed Oct 17 02:32:07 UTC 2018 /home/travis/build/icyphy/ptII/ptolemy/actor/lib/test/auto/DateConstructor.xml
----------------- Instantiating /home/travis/build/icyphy/ptII/ptolemy/actor/lib/test/auto/DateConstructor.xml
12 ms. Memory: 878080K Free: 741920K (84%)
----------------- Invoking toplevel() on ptolemy.moml.MoMLSimpleApplication@56bdc2d8
----------------- Done invoking toplevel() on ptolemy.moml.MoMLSimpleApplication@56bdc2d8
reloadAllAccessors: .DateConstructor

===========================================================================================
----------------- testing Wed Oct 17 02:32:07 UTC 2018 /home/travis/build/icyphy/ptII/ptolemy/actor/lib/test/auto/DelayTime.xml
----------------- Instantiating /home/travis/build/icyphy/ptII/ptolemy/actor/lib/test/auto/DelayTime.xml
3 ms. Memory: 878080K Free: 731550K (83%)
----------------- Invoking toplevel() on ptolemy.moml.MoMLSimpleApplication@6f2e7e04
----------------- Done invoking toplevel() on ptolemy.moml.MoMLSimpleApplication@6f2e7e04
reloadAllAccessors: .DelayTime

===========================================================================================
----------------- testing Wed Oct 17 02:32:07 UTC 2018 /home/travis/build/icyphy/ptII/ptolemy/actor/lib/test/auto/Dictionary1.xml
----------------- Instantiating /home/travis/build/icyphy/ptII/ptolemy/actor/lib/test/auto/Dictionary1.xml
1 ms. Memory: 878080K Free: 713736K (81%)
----------------- Invoking toplevel() on ptolemy.moml.MoMLSimpleApplication@211c0f78
----------------- Done invoking toplevel() on ptolemy.moml.MoMLSimpleApplication@211c0f78
reloadAllAccessors: .Dictionary1

===========================================================================================
----------------- testing Wed Oct 17 02:32:07 UTC 2018 /home/travis/build/icyphy/ptII/ptolemy/actor/lib/test/auto/Dictionary2.xml
----------------- Instantiating /home/travis/build/icyphy/ptII/ptolemy/actor/lib/test/auto/Dictionary2.xml
2 ms. Memory: 878080K Free: 703366K (80%)
----------------- Invoking toplevel() on ptolemy.moml.MoMLSimpleApplication@6cdeecf3
----------------- Done invoking toplevel() on ptolemy.moml.MoMLSimpleApplication@6cdeecf3
reloadAllAccessors: .Dictionary2

===========================================================================================
----------------- testing Wed Oct 17 02:32:07 UTC 2018 /home/travis/build/icyphy/ptII/ptolemy/actor/lib/test/auto/Dictionary3.xml
----------------- Instantiating /home/travis/build/icyphy/ptII/ptolemy/actor/lib/test/auto/Dictionary3.xml
1 ms. Memory: 878080K Free: 692996K (79%)
----------------- Invoking toplevel() on ptolemy.moml.MoMLSimpleApplication@402d08c
----------------- Done invoking toplevel() on ptolemy.moml.MoMLSimpleApplication@402d08c
reloadAllAccessors: .Dictionary3

===========================================================================================
----------------- testing Wed Oct 17 02:32:07 UTC 2018 /home/travis/build/icyphy/ptII/ptolemy/actor/lib/test/auto/Dictionary4.xml
----------------- Instantiating /home/travis/build/icyphy/ptII/ptolemy/actor/lib/test/auto/Dictionary4.xml
2 ms. Memory: 878080K Free: 675182K (77%)
----------------- Invoking toplevel() on ptolemy.moml.MoMLSimpleApplication@773a3d3f
----------------- Done invoking toplevel() on ptolemy.moml.MoMLSimpleApplication@773a3d3f
reloadAllAccessors: .Dictionary4

===========================================================================================
----------------- testing Wed Oct 17 02:32:07 UTC 2018 /home/travis/build/icyphy/ptII/ptolemy/actor/lib/test/auto/Differential.xml
----------------- Instantiating /home/travis/build/icyphy/ptII/ptolemy/actor/lib/test/auto/Differential.xml
2 ms. Memory: 878080K Free: 664813K (76%)
----------------- Invoking toplevel() on ptolemy.moml.MoMLSimpleApplication@4201070f
----------------- Done invoking toplevel() on ptolemy.moml.MoMLSimpleApplication@4201070f
reloadAllAccessors: .Differential

===========================================================================================
----------------- testing Wed Oct 17 02:32:07 UTC 2018 /home/travis/build/icyphy/ptII/ptolemy/actor/lib/test/auto/Director.xml
----------------- Instantiating /home/travis/build/icyphy/ptII/ptolemy/actor/lib/test/auto/Director.xml
2 ms. Memory: 878080K Free: 654443K (75%)
----------------- Invoking toplevel() on ptolemy.moml.MoMLSimpleApplication@2d61203
----------------- Done invoking toplevel() on ptolemy.moml.MoMLSimpleApplication@2d61203
reloadAllAccessors: .Director

===========================================================================================
----------------- testing Wed Oct 17 02:32:07 UTC 2018 /home/travis/build/icyphy/ptII/ptolemy/actor/lib/test/auto/DiscreteClock.xml
----------------- Instantiating /home/travis/build/icyphy/ptII/ptolemy/actor/lib/test/auto/DiscreteClock.xml
2 ms. Memory: 878080K Free: 636629K (73%)
----------------- Invoking toplevel() on ptolemy.moml.MoMLSimpleApplication@1a8e27fe
----------------- Done invoking toplevel() on ptolemy.moml.MoMLSimpleApplication@1a8e27fe
reloadAllAccessors: .DiscreteClock

===========================================================================================
----------------- testing Wed Oct 17 02:32:07 UTC 2018 /home/travis/build/icyphy/ptII/ptolemy/actor/lib/test/auto/DiscreteClock10.xml
----------------- Instantiating /home/travis/build/icyphy/ptII/ptolemy/actor/lib/test/auto/DiscreteClock10.xml
1 ms. Memory: 878080K Free: 626259K (71%)
----------------- Invoking toplevel() on ptolemy.moml.MoMLSimpleApplication@309a2d3a
----------------- Done invoking toplevel() on ptolemy.moml.MoMLSimpleApplication@309a2d3a
reloadAllAccessors: .DiscreteClock10

===========================================================================================
----------------- testing Wed Oct 17 02:32:07 UTC 2018 /home/travis/build/icyphy/ptII/ptolemy/actor/lib/test/auto/DiscreteClock11.xml
----------------- Instantiating /home/travis/build/icyphy/ptII/ptolemy/actor/lib/test/auto/DiscreteClock11.xml
1 ms. Memory: 878080K Free: 615889K (70%)
----------------- Invoking toplevel() on ptolemy.moml.MoMLSimpleApplication@c5afc78
----------------- Done invoking toplevel() on ptolemy.moml.MoMLSimpleApplication@c5afc78
reloadAllAccessors: .DiscreteClock11

===========================================================================================
----------------- testing Wed Oct 17 02:32:07 UTC 2018 /home/travis/build/icyphy/ptII/ptolemy/actor/lib/test/auto/DiscreteClock12.xml
----------------- Instantiating /home/travis/build/icyphy/ptII/ptolemy/actor/lib/test/auto/DiscreteClock12.xml
2 ms. Memory: 878080K Free: 598075K (68%)
----------------- Invoking toplevel() on ptolemy.moml.MoMLSimpleApplication@5ad2c184
----------------- Done invoking toplevel() on ptolemy.moml.MoMLSimpleApplication@5ad2c184
reloadAllAccessors: .DiscreteClock12

===========================================================================================
----------------- testing Wed Oct 17 02:32:07 UTC 2018 /home/travis/build/icyphy/ptII/ptolemy/actor/lib/test/auto/DiscreteClock13.xml
----------------- Instantiating /home/travis/build/icyphy/ptII/ptolemy/actor/lib/test/auto/DiscreteClock13.xml
5 ms. Memory: 878080K Free: 587706K (67%)
----------------- Invoking toplevel() on ptolemy.moml.MoMLSimpleApplication@58b396b7
----------------- Done invoking toplevel() on ptolemy.moml.MoMLSimpleApplication@58b396b7
reloadAllAccessors: .DiscreteClock13

===========================================================================================
----------------- testing Wed Oct 17 02:32:07 UTC 2018 /home/travis/build/icyphy/ptII/ptolemy/actor/lib/test/auto/DiscreteClock14.xml
----------------- Instantiating /home/travis/build/icyphy/ptII/ptolemy/actor/lib/test/auto/DiscreteClock14.xml
2 ms. Memory: 878080K Free: 577336K (66%)
----------------- Invoking toplevel() on ptolemy.moml.MoMLSimpleApplication@581c3655
----------------- Done invoking toplevel() on ptolemy.moml.MoMLSimpleApplication@581c3655
reloadAllAccessors: .DiscreteClock14

===========================================================================================
----------------- testing Wed Oct 17 02:32:07 UTC 2018 /home/travis/build/icyphy/ptII/ptolemy/actor/lib/test/auto/DiscreteClock15.xml
----------------- Instantiating /home/travis/build/icyphy/ptII/ptolemy/actor/lib/test/auto/DiscreteClock15.xml
2 ms. Memory: 878080K Free: 566966K (65%)
----------------- Invoking toplevel() on ptolemy.moml.MoMLSimpleApplication@3465e63
----------------- Done invoking toplevel() on ptolemy.moml.MoMLSimpleApplication@3465e63
reloadAllAccessors: .DiscreteClock15

===========================================================================================
----------------- testing Wed Oct 17 02:32:07 UTC 2018 /home/travis/build/icyphy/ptII/ptolemy/actor/lib/test/auto/DiscreteClock16.xml
----------------- Instantiating /home/travis/build/icyphy/ptII/ptolemy/actor/lib/test/auto/DiscreteClock16.xml
462 ms. Memory: 1364992K Free: 1305309K (96%)
----------------- Invoking toplevel() on ptolemy.moml.MoMLSimpleApplication@5a958518
----------------- Done invoking toplevel() on ptolemy.moml.MoMLSimpleApplication@5a958518
reloadAllAccessors: .DiscreteClock16

===========================================================================================
----------------- testing Wed Oct 17 02:32:08 UTC 2018 /home/travis/build/icyphy/ptII/ptolemy/actor/lib/test/auto/DiscreteClock17.xml
----------------- Instantiating /home/travis/build/icyphy/ptII/ptolemy/actor/lib/test/auto/DiscreteClock17.xml
17 ms. Memory: 1364992K Free: 1266411K (93%)
----------------- Invoking toplevel() on ptolemy.moml.MoMLSimpleApplication@24e9ae37
----------------- Done invoking toplevel() on ptolemy.moml.MoMLSimpleApplication@24e9ae37
reloadAllAccessors: .DiscreteClock17

===========================================================================================
----------------- testing Wed Oct 17 02:32:08 UTC 2018 /home/travis/build/icyphy/ptII/ptolemy/actor/lib/test/auto/DiscreteClock18.xml
----------------- Instantiating /home/travis/build/icyphy/ptII/ptolemy/actor/lib/test/auto/DiscreteClock18.xml
20 ms. Memory: 1364992K Free: 1247482K (91%)
----------------- Invoking toplevel() on ptolemy.moml.MoMLSimpleApplication@3af0c95f
----------------- Done invoking toplevel() on ptolemy.moml.MoMLSimpleApplication@3af0c95f
reloadAllAccessors: .DiscreteClock18

===========================================================================================
----------------- testing Wed Oct 17 02:32:08 UTC 2018 /home/travis/build/icyphy/ptII/ptolemy/actor/lib/test/auto/DiscreteClock19.xml
----------------- Instantiating /home/travis/build/icyphy/ptII/ptolemy/actor/lib/test/auto/DiscreteClock19.xml
15 ms. Memory: 1364992K Free: 1228796K (90%)
----------------- Invoking toplevel() on ptolemy.moml.MoMLSimpleApplication@7a333a63
----------------- Done invoking toplevel() on ptolemy.moml.MoMLSimpleApplication@7a333a63
reloadAllAccessors: .DiscreteClock19

===========================================================================================
----------------- testing Wed Oct 17 02:32:08 UTC 2018 /home/travis/build/icyphy/ptII/ptolemy/actor/lib/test/auto/DiscreteClock2.xml
----------------- Instantiating /home/travis/build/icyphy/ptII/ptolemy/actor/lib/test/auto/DiscreteClock2.xml
1 ms. Memory: 1364992K Free: 1216350K (89%)
----------------- Invoking toplevel() on ptolemy.moml.MoMLSimpleApplication@76bd025d
----------------- Done invoking toplevel() on ptolemy.moml.MoMLSimpleApplication@76bd025d
reloadAllAccessors: .DiscreteClock2

===========================================================================================
----------------- testing Wed Oct 17 02:32:08 UTC 2018 /home/travis/build/icyphy/ptII/ptolemy/actor/lib/test/auto/DiscreteClock20.xml
----------------- Instantiating /home/travis/build/icyphy/ptII/ptolemy/actor/lib/test/auto/DiscreteClock20.xml
6 ms. Memory: 1364992K Free: 1203903K (88%)
----------------- Invoking toplevel() on ptolemy.moml.MoMLSimpleApplication@337e09c6
----------------- Done invoking toplevel() on ptolemy.moml.MoMLSimpleApplication@337e09c6
reloadAllAccessors: .DiscreteClock20

===========================================================================================
----------------- testing Wed Oct 17 02:32:08 UTC 2018 /home/travis/build/icyphy/ptII/ptolemy/actor/lib/test/auto/DiscreteClock21.xml
----------------- Instantiating /home/travis/build/icyphy/ptII/ptolemy/actor/lib/test/auto/DiscreteClock21.xml
2 ms. Memory: 1364992K Free: 1179542K (86%)
----------------- Invoking toplevel() on ptolemy.moml.MoMLSimpleApplication@5691c3b
----------------- Done invoking toplevel() on ptolemy.moml.MoMLSimpleApplication@5691c3b
reloadAllAccessors: .DiscreteClock21

===========================================================================================
----------------- testing Wed Oct 17 02:32:08 UTC 2018 /home/travis/build/icyphy/ptII/ptolemy/actor/lib/test/auto/DiscreteClock22.xml
----------------- Instantiating /home/travis/build/icyphy/ptII/ptolemy/actor/lib/test/auto/DiscreteClock22.xml
1 ms. Memory: 1364992K Free: 1167096K (86%)
----------------- Invoking toplevel() on ptolemy.moml.MoMLSimpleApplication@755e3ae2
----------------- Done invoking toplevel() on ptolemy.moml.MoMLSimpleApplication@755e3ae2
reloadAllAccessors: .DiscreteClock22

===========================================================================================
----------------- testing Wed Oct 17 02:32:08 UTC 2018 /home/travis/build/icyphy/ptII/ptolemy/actor/lib/test/auto/DiscreteClock23.xml
----------------- Instantiating /home/travis/build/icyphy/ptII/ptolemy/actor/lib/test/auto/DiscreteClock23.xml
2 ms. Memory: 1364992K Free: 1154649K (85%)
----------------- Invoking toplevel() on ptolemy.moml.MoMLSimpleApplication@560c780b
----------------- Done invoking toplevel() on ptolemy.moml.MoMLSimpleApplication@560c780b
reloadAllAccessors: .DiscreteClock23

===========================================================================================
----------------- testing Wed Oct 17 02:32:08 UTC 2018 /home/travis/build/icyphy/ptII/ptolemy/actor/lib/test/auto/DiscreteClock24.xml
----------------- Instantiating /home/travis/build/icyphy/ptII/ptolemy/actor/lib/test/auto/DiscreteClock24.xml
2 ms. Memory: 1364992K Free: 1142202K (84%)
----------------- Invoking toplevel() on ptolemy.moml.MoMLSimpleApplication@76177bed
----------------- Done invoking toplevel() on ptolemy.moml.MoMLSimpleApplication@76177bed
reloadAllAccessors: .DiscreteClock24

===========================================================================================
----------------- testing Wed Oct 17 02:32:08 UTC 2018 /home/travis/build/icyphy/ptII/ptolemy/actor/lib/test/auto/DiscreteClock4.xml
----------------- Instantiating /home/travis/build/icyphy/ptII/ptolemy/actor/lib/test/auto/DiscreteClock4.xml
1 ms. Memory: 1364992K Free: 1129755K (83%)
----------------- Invoking toplevel() on ptolemy.moml.MoMLSimpleApplication@1c314c10
----------------- Done invoking toplevel() on ptolemy.moml.MoMLSimpleApplication@1c314c10
reloadAllAccessors: .DiscreteClock4

===========================================================================================
----------------- testing Wed Oct 17 02:32:08 UTC 2018 /home/travis/build/icyphy/ptII/ptolemy/actor/lib/test/auto/DiscreteClock5.xml
----------------- Instantiating /home/travis/build/icyphy/ptII/ptolemy/actor/lib/test/auto/DiscreteClock5.xml
2 ms. Memory: 1364992K Free: 1105395K (81%)
----------------- Invoking toplevel() on ptolemy.moml.MoMLSimpleApplication@40f60af
----------------- Done invoking toplevel() on ptolemy.moml.MoMLSimpleApplication@40f60af
reloadAllAccessors: .DiscreteClock5

===========================================================================================
----------------- testing Wed Oct 17 02:32:08 UTC 2018 /home/travis/build/icyphy/ptII/ptolemy/actor/lib/test/auto/DiscreteClock6.xml
----------------- Instantiating /home/travis/build/icyphy/ptII/ptolemy/actor/lib/test/auto/DiscreteClock6.xml
1 ms. Memory: 1364992K Free: 1092948K (80%)
----------------- Invoking toplevel() on ptolemy.moml.MoMLSimpleApplication@7aa583b
----------------- Done invoking toplevel() on ptolemy.moml.MoMLSimpleApplication@7aa583b
reloadAllAccessors: .DiscreteClock6

===========================================================================================
----------------- testing Wed Oct 17 02:32:08 UTC 2018 /home/travis/build/icyphy/ptII/ptolemy/actor/lib/test/auto/DiscreteClock7.xml
----------------- Instantiating /home/travis/build/icyphy/ptII/ptolemy/actor/lib/test/auto/DiscreteClock7.xml
1 ms. Memory: 1364992K Free: 1080502K (79%)
----------------- Invoking toplevel() on ptolemy.moml.MoMLSimpleApplication@1682ba4a
----------------- Done invoking toplevel() on ptolemy.moml.MoMLSimpleApplication@1682ba4a
reloadAllAccessors: .DiscreteClock7

===========================================================================================
----------------- testing Wed Oct 17 02:32:08 UTC 2018 /home/travis/build/icyphy/ptII/ptolemy/actor/lib/test/auto/DiscreteClock8.xml
----------------- Instantiating /home/travis/build/icyphy/ptII/ptolemy/actor/lib/test/auto/DiscreteClock8.xml
5 ms. Memory: 1364992K Free: 1068055K (78%)
----------------- Invoking toplevel() on ptolemy.moml.MoMLSimpleApplication@4502efe6
----------------- Done invoking toplevel() on ptolemy.moml.MoMLSimpleApplication@4502efe6
reloadAllAccessors: .DiscreteClock8

===========================================================================================
----------------- testing Wed Oct 17 02:32:08 UTC 2018 /home/travis/build/icyphy/ptII/ptolemy/actor/lib/test/auto/DiscreteClock9.xml
----------------- Instantiating /home/travis/build/icyphy/ptII/ptolemy/actor/lib/test/auto/DiscreteClock9.xml
6 ms. Memory: 1364992K Free: 1055608K (77%)
----------------- Invoking toplevel() on ptolemy.moml.MoMLSimpleApplication@226fa2dd
----------------- Done invoking toplevel() on ptolemy.moml.MoMLSimpleApplication@226fa2dd
reloadAllAccessors: .DiscreteClock9

===========================================================================================
----------------- testing Wed Oct 17 02:32:08 UTC 2018 /home/travis/build/icyphy/ptII/ptolemy/actor/lib/test/auto/DisplayArray.xml
----------------- Instantiating /home/travis/build/icyphy/ptII/ptolemy/actor/lib/test/auto/DisplayArray.xml
1 ms. Memory: 1364992K Free: 1031248K (76%)
----------------- Invoking toplevel() on ptolemy.moml.MoMLSimpleApplication@ae61100
----------------- Done invoking toplevel() on ptolemy.moml.MoMLSimpleApplication@ae61100
reloadAllAccessors: .DisplayArray

===========================================================================================
----------------- testing Wed Oct 17 02:32:08 UTC 2018 /home/travis/build/icyphy/ptII/ptolemy/actor/lib/test/auto/Distributor.xml
----------------- Instantiating /home/travis/build/icyphy/ptII/ptolemy/actor/lib/test/auto/Distributor.xml
1 ms. Memory: 1364992K Free: 1018801K (75%)
----------------- Invoking toplevel() on ptolemy.moml.MoMLSimpleApplication@46d059d2
----------------- Done invoking toplevel() on ptolemy.moml.MoMLSimpleApplication@46d059d2
reloadAllAccessors: .Distributor

===========================================================================================
----------------- testing Wed Oct 17 02:32:08 UTC 2018 /home/travis/build/icyphy/ptII/ptolemy/actor/lib/test/auto/Distributor2.xml
----------------- Instantiating /home/travis/build/icyphy/ptII/ptolemy/actor/lib/test/auto/Distributor2.xml
1 ms. Memory: 1364992K Free: 1006354K (74%)
----------------- Invoking toplevel() on ptolemy.moml.MoMLSimpleApplication@7ce34f65
----------------- Done invoking toplevel() on ptolemy.moml.MoMLSimpleApplication@7ce34f65
reloadAllAccessors: .Distributor2

===========================================================================================
----------------- testing Wed Oct 17 02:32:08 UTC 2018 /home/travis/build/icyphy/ptII/ptolemy/actor/lib/test/auto/DownSample.xml
----------------- Instantiating /home/travis/build/icyphy/ptII/ptolemy/actor/lib/test/auto/DownSample.xml
1 ms. Memory: 1364992K Free: 993907K (73%)
----------------- Invoking toplevel() on ptolemy.moml.MoMLSimpleApplication@23d9d1c4
----------------- Done invoking toplevel() on ptolemy.moml.MoMLSimpleApplication@23d9d1c4
reloadAllAccessors: .DownSample

===========================================================================================
----------------- testing Wed Oct 17 02:32:08 UTC 2018 /home/travis/build/icyphy/ptII/ptolemy/actor/lib/test/auto/ElectronicUnitBase1.xml
----------------- Instantiating /home/travis/build/icyphy/ptII/ptolemy/actor/lib/test/auto/ElectronicUnitBase1.xml
19 ms. Memory: 1364992K Free: 968982K (71%)
----------------- Invoking toplevel() on ptolemy.moml.MoMLSimpleApplication@258e2b35
----------------- Done invoking toplevel() on ptolemy.moml.MoMLSimpleApplication@258e2b35
reloadAllAccessors: .ElectronicUnitBase1

===========================================================================================
----------------- testing Wed Oct 17 02:32:08 UTC 2018 /home/travis/build/icyphy/ptII/ptolemy/actor/lib/test/auto/ElementsToArray.xml
----------------- Instantiating /home/travis/build/icyphy/ptII/ptolemy/actor/lib/test/auto/ElementsToArray.xml
2 ms. Memory: 1364992K Free: 944622K (69%)
----------------- Invoking toplevel() on ptolemy.moml.MoMLSimpleApplication@10adf8b
----------------- Done invoking toplevel() on ptolemy.moml.MoMLSimpleApplication@10adf8b
reloadAllAccessors: .ElementsToArray

===========================================================================================
----------------- testing Wed Oct 17 02:32:08 UTC 2018 /home/travis/build/icyphy/ptII/ptolemy/actor/lib/test/auto/Equals.xml
----------------- Instantiating /home/travis/build/icyphy/ptII/ptolemy/actor/lib/test/auto/Equals.xml
1 ms. Memory: 1364992K Free: 932175K (68%)
----------------- Invoking toplevel() on ptolemy.moml.MoMLSimpleApplication@330c3603
----------------- Done invoking toplevel() on ptolemy.moml.MoMLSimpleApplication@330c3603
reloadAllAccessors: .Equals

===========================================================================================
----------------- testing Wed Oct 17 02:32:08 UTC 2018 /home/travis/build/icyphy/ptII/ptolemy/actor/lib/test/auto/Exec.xml
----------------- Instantiating /home/travis/build/icyphy/ptII/ptolemy/actor/lib/test/auto/Exec.xml
10 ms. Memory: 1364992K Free: 907281K (66%)
----------------- Invoking toplevel() on ptolemy.moml.MoMLSimpleApplication@1b798559
----------------- Done invoking toplevel() on ptolemy.moml.MoMLSimpleApplication@1b798559
reloadAllAccessors: .Exec

===========================================================================================
----------------- testing Wed Oct 17 02:32:08 UTC 2018 /home/travis/build/icyphy/ptII/ptolemy/actor/lib/test/auto/ExecEnvironment.xml
----------------- Instantiating /home/travis/build/icyphy/ptII/ptolemy/actor/lib/test/auto/ExecEnvironment.xml
22 ms. Memory: 1364992K Free: 894835K (66%)
----------------- Invoking toplevel() on ptolemy.moml.MoMLSimpleApplication@530030c4
----------------- Done invoking toplevel() on ptolemy.moml.MoMLSimpleApplication@530030c4
reloadAllAccessors: .ExecEnvironment

===========================================================================================
----------------- testing Wed Oct 17 02:32:08 UTC 2018 /home/travis/build/icyphy/ptII/ptolemy/actor/lib/test/auto/ExecNonZeroReturnOutput.xml
----------------- Instantiating /home/travis/build/icyphy/ptII/ptolemy/actor/lib/test/auto/ExecNonZeroReturnOutput.xml
119 ms. Memory: 1364992K Free: 801483K (59%)
----------------- Invoking toplevel() on ptolemy.moml.MoMLSimpleApplication@2bd9006
----------------- Done invoking toplevel() on ptolemy.moml.MoMLSimpleApplication@2bd9006
reloadAllAccessors: .ExecNonZeroReturnOutput

===========================================================================================
----------------- testing Wed Oct 17 02:32:08 UTC 2018 /home/travis/build/icyphy/ptII/ptolemy/actor/lib/test/auto/ExecRunDemos.xml
----------------- Instantiating /home/travis/build/icyphy/ptII/ptolemy/actor/lib/test/auto/ExecRunDemos.xml
Finished: 72 ms. Memory: 116224K Free: 100103K (86%)

Finished: 46 ms. Memory: 116224K Free: 96344K (83%)

Finished: 75 ms. Memory: 116224K Free: 96950K (83%)

Finished: 35 ms. Memory: 116224K Free: 98268K (85%)

Finished: 43 ms. Memory: 116224K Free: 99505K (86%)

9494 ms. Memory: 1364992K Free: 702398K (51%)
----------------- Invoking toplevel() on ptolemy.moml.MoMLSimpleApplication@5c2d9aeb
----------------- Done invoking toplevel() on ptolemy.moml.MoMLSimpleApplication@5c2d9aeb
reloadAllAccessors: .ExecRunDemos

===========================================================================================
----------------- testing Wed Oct 17 02:32:18 UTC 2018 /home/travis/build/icyphy/ptII/ptolemy/actor/lib/test/auto/ExecStop.xml
----------------- Instantiating /home/travis/build/icyphy/ptII/ptolemy/actor/lib/test/auto/ExecStop.xml
5009 ms. Memory: 1364992K Free: 497026K (36%)
----------------- Invoking toplevel() on ptolemy.moml.MoMLSimpleApplication@77e4324
----------------- Done invoking toplevel() on ptolemy.moml.MoMLSimpleApplication@77e4324
reloadAllAccessors: .ExecStop

===========================================================================================
----------------- testing Wed Oct 17 02:32:23 UTC 2018 /home/travis/build/icyphy/ptII/ptolemy/actor/lib/test/auto/ExecutionTimeSDF.xml
----------------- Instantiating /home/travis/build/icyphy/ptII/ptolemy/actor/lib/test/auto/ExecutionTimeSDF.xml
Fired ExecutionTime: 1456400000
Fired ExecutionTime: 984400000
Fired ExecutionTime: -1661367296
6005 ms. Memory: 1364992K Free: 478340K (35%)
----------------- Invoking toplevel() on ptolemy.moml.MoMLSimpleApplication@357f967d
----------------- Done invoking toplevel() on ptolemy.moml.MoMLSimpleApplication@357f967d
reloadAllAccessors: .ExecutionTimeSDF

===========================================================================================
----------------- testing Wed Oct 17 02:32:29 UTC 2018 /home/travis/build/icyphy/ptII/ptolemy/actor/lib/test/auto/Expression1.xml
----------------- Instantiating /home/travis/build/icyphy/ptII/ptolemy/actor/lib/test/auto/Expression1.xml
2 ms. Memory: 1364992K Free: 465893K (34%)
----------------- Invoking toplevel() on ptolemy.moml.MoMLSimpleApplication@4bf35beb
----------------- Done invoking toplevel() on ptolemy.moml.MoMLSimpleApplication@4bf35beb
reloadAllAccessors: .Expression1

===========================================================================================
----------------- testing Wed Oct 17 02:32:29 UTC 2018 /home/travis/build/icyphy/ptII/ptolemy/actor/lib/test/auto/Expression10.xml
----------------- Instantiating /home/travis/build/icyphy/ptII/ptolemy/actor/lib/test/auto/Expression10.xml
5 ms. Memory: 1364992K Free: 453446K (33%)
----------------- Invoking toplevel() on ptolemy.moml.MoMLSimpleApplication@23febcf9
----------------- Done invoking toplevel() on ptolemy.moml.MoMLSimpleApplication@23febcf9
reloadAllAccessors: .Expression10

===========================================================================================
----------------- testing Wed Oct 17 02:32:29 UTC 2018 /home/travis/build/icyphy/ptII/ptolemy/actor/lib/test/auto/Expression11.xml
----------------- Instantiating /home/travis/build/icyphy/ptII/ptolemy/actor/lib/test/auto/Expression11.xml
3 ms. Memory: 1364992K Free: 429086K (31%)
----------------- Invoking toplevel() on ptolemy.moml.MoMLSimpleApplication@52d84d9c
----------------- Done invoking toplevel() on ptolemy.moml.MoMLSimpleApplication@52d84d9c
reloadAllAccessors: .Expression11

===========================================================================================
----------------- testing Wed Oct 17 02:32:29 UTC 2018 /home/travis/build/icyphy/ptII/ptolemy/actor/lib/test/auto/Expression12.xml
----------------- Instantiating /home/travis/build/icyphy/ptII/ptolemy/actor/lib/test/auto/Expression12.xml
3 ms. Memory: 1364992K Free: 416639K (31%)
----------------- Invoking toplevel() on ptolemy.moml.MoMLSimpleApplication@150e145b
----------------- Done invoking toplevel() on ptolemy.moml.MoMLSimpleApplication@150e145b
reloadAllAccessors: .Expression12

===========================================================================================
----------------- testing Wed Oct 17 02:32:29 UTC 2018 /home/travis/build/icyphy/ptII/ptolemy/actor/lib/test/auto/Expression13.xml
----------------- Instantiating /home/travis/build/icyphy/ptII/ptolemy/actor/lib/test/auto/Expression13.xml
4 ms. Memory: 1364992K Free: 404192K (30%)
----------------- Invoking toplevel() on ptolemy.moml.MoMLSimpleApplication@39ee48c7
----------------- Done invoking toplevel() on ptolemy.moml.MoMLSimpleApplication@39ee48c7
reloadAllAccessors: .Expression13

===========================================================================================
----------------- testing Wed Oct 17 02:32:29 UTC 2018 /home/travis/build/icyphy/ptII/ptolemy/actor/lib/test/auto/Expression14.xml
----------------- Instantiating /home/travis/build/icyphy/ptII/ptolemy/actor/lib/test/auto/Expression14.xml
9 ms. Memory: 1364992K Free: 391746K (29%)
----------------- Invoking toplevel() on ptolemy.moml.MoMLSimpleApplication@1984f689
----------------- Done invoking toplevel() on ptolemy.moml.MoMLSimpleApplication@1984f689
reloadAllAccessors: .Expression14

===========================================================================================
----------------- testing Wed Oct 17 02:32:29 UTC 2018 /home/travis/build/icyphy/ptII/ptolemy/actor/lib/test/auto/Expression15.xml
----------------- Instantiating /home/travis/build/icyphy/ptII/ptolemy/actor/lib/test/auto/Expression15.xml
4 ms. Memory: 1364992K Free: 379299K (28%)
----------------- Invoking toplevel() on ptolemy.moml.MoMLSimpleApplication@7cdd7671
----------------- Done invoking toplevel() on ptolemy.moml.MoMLSimpleApplication@7cdd7671
reloadAllAccessors: .Expression15

===========================================================================================
----------------- testing Wed Oct 17 02:32:29 UTC 2018 /home/travis/build/icyphy/ptII/ptolemy/actor/lib/test/auto/Expression16.xml
----------------- Instantiating /home/travis/build/icyphy/ptII/ptolemy/actor/lib/test/auto/Expression16.xml
4 ms. Memory: 1364992K Free: 354938K (26%)
----------------- Invoking toplevel() on ptolemy.moml.MoMLSimpleApplication@76ea213c
----------------- Done invoking toplevel() on ptolemy.moml.MoMLSimpleApplication@76ea213c
reloadAllAccessors: .Expression16

===========================================================================================
----------------- testing Wed Oct 17 02:32:29 UTC 2018 /home/travis/build/icyphy/ptII/ptolemy/actor/lib/test/auto/Expression17.xml
----------------- Instantiating /home/travis/build/icyphy/ptII/ptolemy/actor/lib/test/auto/Expression17.xml
3 ms. Memory: 1364992K Free: 342492K (25%)
----------------- Invoking toplevel() on ptolemy.moml.MoMLSimpleApplication@524b3869
----------------- Done invoking toplevel() on ptolemy.moml.MoMLSimpleApplication@524b3869
reloadAllAccessors: .Expression17

===========================================================================================
----------------- testing Wed Oct 17 02:32:29 UTC 2018 /home/travis/build/icyphy/ptII/ptolemy/actor/lib/test/auto/Expression18.xml
----------------- Instantiating /home/travis/build/icyphy/ptII/ptolemy/actor/lib/test/auto/Expression18.xml
3 ms. Memory: 1364992K Free: 330045K (24%)
----------------- Invoking toplevel() on ptolemy.moml.MoMLSimpleApplication@65d514c0
----------------- Done invoking toplevel() on ptolemy.moml.MoMLSimpleApplication@65d514c0
reloadAllAccessors: .Expression18

===========================================================================================
----------------- testing Wed Oct 17 02:32:29 UTC 2018 /home/travis/build/icyphy/ptII/ptolemy/actor/lib/test/auto/Expression2.xml
----------------- Instantiating /home/travis/build/icyphy/ptII/ptolemy/actor/lib/test/auto/Expression2.xml
3 ms. Memory: 1364992K Free: 317598K (23%)
----------------- Invoking toplevel() on ptolemy.moml.MoMLSimpleApplication@1b10f39d
----------------- Done invoking toplevel() on ptolemy.moml.MoMLSimpleApplication@1b10f39d
reloadAllAccessors: .Expression2

===========================================================================================
----------------- testing Wed Oct 17 02:32:29 UTC 2018 /home/travis/build/icyphy/ptII/ptolemy/actor/lib/test/auto/Expression3.xml
----------------- Instantiating /home/travis/build/icyphy/ptII/ptolemy/actor/lib/test/auto/Expression3.xml
5 ms. Memory: 1364992K Free: 305151K (22%)
----------------- Invoking toplevel() on ptolemy.moml.MoMLSimpleApplication@2b0d9584
----------------- Done invoking toplevel() on ptolemy.moml.MoMLSimpleApplication@2b0d9584
reloadAllAccessors: .Expression3

===========================================================================================
----------------- testing Wed Oct 17 02:32:29 UTC 2018 /home/travis/build/icyphy/ptII/ptolemy/actor/lib/test/auto/Expression4.xml
----------------- Instantiating /home/travis/build/icyphy/ptII/ptolemy/actor/lib/test/auto/Expression4.xml
5 ms. Memory: 1364992K Free: 292704K (21%)
----------------- Invoking toplevel() on ptolemy.moml.MoMLSimpleApplication@49ea3176
----------------- Done invoking toplevel() on ptolemy.moml.MoMLSimpleApplication@49ea3176
reloadAllAccessors: .Expression4

===========================================================================================
----------------- testing Wed Oct 17 02:32:29 UTC 2018 /home/travis/build/icyphy/ptII/ptolemy/actor/lib/test/auto/Expression5.xml
----------------- Instantiating /home/travis/build/icyphy/ptII/ptolemy/actor/lib/test/auto/Expression5.xml
4 ms. Memory: 1364992K Free: 268344K (20%)
----------------- Invoking toplevel() on ptolemy.moml.MoMLSimpleApplication@2dbf21a9
----------------- Done invoking toplevel() on ptolemy.moml.MoMLSimpleApplication@2dbf21a9
reloadAllAccessors: .Expression5

===========================================================================================
----------------- testing Wed Oct 17 02:32:29 UTC 2018 /home/travis/build/icyphy/ptII/ptolemy/actor/lib/test/auto/Expression6.xml
----------------- Instantiating /home/travis/build/icyphy/ptII/ptolemy/actor/lib/test/auto/Expression6.xml
2 ms. Memory: 1364992K Free: 255897K (19%)
----------------- Invoking toplevel() on ptolemy.moml.MoMLSimpleApplication@778c28bd
----------------- Done invoking toplevel() on ptolemy.moml.MoMLSimpleApplication@778c28bd
reloadAllAccessors: .Expression6

===========================================================================================
----------------- testing Wed Oct 17 02:32:29 UTC 2018 /home/travis/build/icyphy/ptII/ptolemy/actor/lib/test/auto/Expression7.xml
----------------- Instantiating /home/travis/build/icyphy/ptII/ptolemy/actor/lib/test/auto/Expression7.xml
2 ms. Memory: 1364992K Free: 243450K (18%)
----------------- Invoking toplevel() on ptolemy.moml.MoMLSimpleApplication@ff31bed
----------------- Done invoking toplevel() on ptolemy.moml.MoMLSimpleApplication@ff31bed
reloadAllAccessors: .Expression7

===========================================================================================
----------------- testing Wed Oct 17 02:32:29 UTC 2018 /home/travis/build/icyphy/ptII/ptolemy/actor/lib/test/auto/Expression8.xml
----------------- Instantiating /home/travis/build/icyphy/ptII/ptolemy/actor/lib/test/auto/Expression8.xml
7 ms. Memory: 1364992K Free: 231003K (17%)
----------------- Invoking toplevel() on ptolemy.moml.MoMLSimpleApplication@113d218e
----------------- Done invoking toplevel() on ptolemy.moml.MoMLSimpleApplication@113d218e
reloadAllAccessors: .Expression8

===========================================================================================
----------------- testing Wed Oct 17 02:32:29 UTC 2018 /home/travis/build/icyphy/ptII/ptolemy/actor/lib/test/auto/Expression9.xml
----------------- Instantiating /home/travis/build/icyphy/ptII/ptolemy/actor/lib/test/auto/Expression9.xml
1 ms. Memory: 1364992K Free: 218557K (16%)
----------------- Invoking toplevel() on ptolemy.moml.MoMLSimpleApplication@1706a4a7
----------------- Done invoking toplevel() on ptolemy.moml.MoMLSimpleApplication@1706a4a7
reloadAllAccessors: .Expression9

===========================================================================================
----------------- testing Wed Oct 17 02:32:29 UTC 2018 /home/travis/build/icyphy/ptII/ptolemy/actor/lib/test/auto/ExpressionConcatenateArrayType.xml
----------------- Instantiating /home/travis/build/icyphy/ptII/ptolemy/actor/lib/test/auto/ExpressionConcatenateArrayType.xml
2 ms. Memory: 1364992K Free: 194196K (14%)
----------------- Invoking toplevel() on ptolemy.moml.MoMLSimpleApplication@21b4f120
----------------- Done invoking toplevel() on ptolemy.moml.MoMLSimpleApplication@21b4f120
reloadAllAccessors: .ExpressionConcatenateArrayType

===========================================================================================
----------------- testing Wed Oct 17 02:32:29 UTC 2018 /home/travis/build/icyphy/ptII/ptolemy/actor/lib/test/auto/ExpressionConcatenateArrayType2.xml
----------------- Instantiating /home/travis/build/icyphy/ptII/ptolemy/actor/lib/test/auto/ExpressionConcatenateArrayType2.xml
2 ms. Memory: 1364992K Free: 181750K (13%)
----------------- Invoking toplevel() on ptolemy.moml.MoMLSimpleApplication@4e2e9c5a
----------------- Done invoking toplevel() on ptolemy.moml.MoMLSimpleApplication@4e2e9c5a
reloadAllAccessors: .ExpressionConcatenateArrayType2

===========================================================================================
----------------- testing Wed Oct 17 02:32:29 UTC 2018 /home/travis/build/icyphy/ptII/ptolemy/actor/lib/test/auto/ExpressionFix.xml
----------------- Instantiating /home/travis/build/icyphy/ptII/ptolemy/actor/lib/test/auto/ExpressionFix.xml
8 ms. Memory: 1364992K Free: 169303K (12%)
----------------- Invoking toplevel() on ptolemy.moml.MoMLSimpleApplication@5345e361
----------------- Done invoking toplevel() on ptolemy.moml.MoMLSimpleApplication@5345e361
reloadAllAccessors: .ExpressionFix

===========================================================================================
----------------- testing Wed Oct 17 02:32:29 UTC 2018 /home/travis/build/icyphy/ptII/ptolemy/actor/lib/test/auto/ExpressionFix2.xml
----------------- Instantiating /home/travis/build/icyphy/ptII/ptolemy/actor/lib/test/auto/ExpressionFix2.xml
5 ms. Memory: 1364992K Free: 156856K (11%)
----------------- Invoking toplevel() on ptolemy.moml.MoMLSimpleApplication@1bfe632c
----------------- Done invoking toplevel() on ptolemy.moml.MoMLSimpleApplication@1bfe632c
reloadAllAccessors: .ExpressionFix2

===========================================================================================
----------------- testing Wed Oct 17 02:32:29 UTC 2018 /home/travis/build/icyphy/ptII/ptolemy/actor/lib/test/auto/ExpressionFix3.xml
----------------- Instantiating /home/travis/build/icyphy/ptII/ptolemy/actor/lib/test/auto/ExpressionFix3.xml
3 ms. Memory: 1364992K Free: 144409K (11%)
----------------- Invoking toplevel() on ptolemy.moml.MoMLSimpleApplication@7819b280
----------------- Done invoking toplevel() on ptolemy.moml.MoMLSimpleApplication@7819b280
reloadAllAccessors: .ExpressionFix3

===========================================================================================
----------------- testing Wed Oct 17 02:32:29 UTC 2018 /home/travis/build/icyphy/ptII/ptolemy/actor/lib/test/auto/FileWriter1.xml
----------------- Instantiating /home/travis/build/icyphy/ptII/ptolemy/actor/lib/test/auto/FileWriter1.xml
2 ms. Memory: 1364992K Free: 120049K (9%)
----------------- Invoking toplevel() on ptolemy.moml.MoMLSimpleApplication@4e48ee14
----------------- Done invoking toplevel() on ptolemy.moml.MoMLSimpleApplication@4e48ee14
reloadAllAccessors: .FileWriter1

===========================================================================================
----------------- testing Wed Oct 17 02:32:29 UTC 2018 /home/travis/build/icyphy/ptII/ptolemy/actor/lib/test/auto/FileWriter2.xml
----------------- Instantiating /home/travis/build/icyphy/ptII/ptolemy/actor/lib/test/auto/FileWriter2.xml
4 ms. Memory: 1364992K Free: 107602K (8%)
----------------- Invoking toplevel() on ptolemy.moml.MoMLSimpleApplication@104cba6b
----------------- Done invoking toplevel() on ptolemy.moml.MoMLSimpleApplication@104cba6b
reloadAllAccessors: .FileWriter2

===========================================================================================
----------------- testing Wed Oct 17 02:32:29 UTC 2018 /home/travis/build/icyphy/ptII/ptolemy/actor/lib/test/auto/FileWriter3.xml
----------------- Instantiating /home/travis/build/icyphy/ptII/ptolemy/actor/lib/test/auto/FileWriter3.xml
6 ms. Memory: 1364992K Free: 95155K (7%)
----------------- Invoking toplevel() on ptolemy.moml.MoMLSimpleApplication@7de01220
----------------- Done invoking toplevel() on ptolemy.moml.MoMLSimpleApplication@7de01220
reloadAllAccessors: .FileWriter3

===========================================================================================
----------------- testing Wed Oct 17 02:32:30 UTC 2018 /home/travis/build/icyphy/ptII/ptolemy/actor/lib/test/auto/Gaussian.xml
----------------- Instantiating /home/travis/build/icyphy/ptII/ptolemy/actor/lib/test/auto/Gaussian.xml
3 ms. Memory: 1364992K Free: 82709K (6%)
----------------- Invoking toplevel() on ptolemy.moml.MoMLSimpleApplication@74d6dbca
----------------- Done invoking toplevel() on ptolemy.moml.MoMLSimpleApplication@74d6dbca
reloadAllAccessors: .Gaussian

===========================================================================================
----------------- testing Wed Oct 17 02:32:30 UTC 2018 /home/travis/build/icyphy/ptII/ptolemy/actor/lib/test/auto/Gaussian1.xml
----------------- Instantiating /home/travis/build/icyphy/ptII/ptolemy/actor/lib/test/auto/Gaussian1.xml
9 ms. Memory: 1364992K Free: 1315531K (96%)
----------------- Invoking toplevel() on ptolemy.moml.MoMLSimpleApplication@1aafccc4
----------------- Done invoking toplevel() on ptolemy.moml.MoMLSimpleApplication@1aafccc4
reloadAllAccessors: .Gaussian1

===========================================================================================
----------------- testing Wed Oct 17 02:32:30 UTC 2018 /home/travis/build/icyphy/ptII/ptolemy/actor/lib/test/auto/Gaussian2.xml
----------------- Instantiating /home/travis/build/icyphy/ptII/ptolemy/actor/lib/test/auto/Gaussian2.xml
2 ms. Memory: 1364992K Free: 1294507K (95%)
----------------- Invoking toplevel() on ptolemy.moml.MoMLSimpleApplication@355dfafe
----------------- Done invoking toplevel() on ptolemy.moml.MoMLSimpleApplication@355dfafe
reloadAllAccessors: .Gaussian2

===========================================================================================
----------------- testing Wed Oct 17 02:32:30 UTC 2018 /home/travis/build/icyphy/ptII/ptolemy/actor/lib/test/auto/GradientAdaptiveLattice.xml
----------------- Instantiating /home/travis/build/icyphy/ptII/ptolemy/actor/lib/test/auto/GradientAdaptiveLattice.xml
4 ms. Memory: 1364992K Free: 1282060K (94%)
----------------- Invoking toplevel() on ptolemy.moml.MoMLSimpleApplication@74ebaef9
----------------- Done invoking toplevel() on ptolemy.moml.MoMLSimpleApplication@74ebaef9
reloadAllAccessors: .GradientAdaptiveLattice

===========================================================================================
----------------- testing Wed Oct 17 02:32:30 UTC 2018 /home/travis/build/icyphy/ptII/ptolemy/actor/lib/test/auto/IIR.xml
----------------- Instantiating /home/travis/build/icyphy/ptII/ptolemy/actor/lib/test/auto/IIR.xml
1 ms. Memory: 1364992K Free: 1269613K (93%)
----------------- Invoking toplevel() on ptolemy.moml.MoMLSimpleApplication@5f6d6086
----------------- Done invoking toplevel() on ptolemy.moml.MoMLSimpleApplication@5f6d6086
reloadAllAccessors: .IIR

===========================================================================================
----------------- testing Wed Oct 17 02:32:30 UTC 2018 /home/travis/build/icyphy/ptII/ptolemy/actor/lib/test/auto/InputOutputTransparentPorts.xml
----------------- Instantiating /home/travis/build/icyphy/ptII/ptolemy/actor/lib/test/auto/InputOutputTransparentPorts.xml
2 ms. Memory: 1364992K Free: 1248589K (91%)
----------------- Invoking toplevel() on ptolemy.moml.MoMLSimpleApplication@6a339b26
----------------- Done invoking toplevel() on ptolemy.moml.MoMLSimpleApplication@6a339b26
reloadAllAccessors: .InputOutputTransparentPorts

===========================================================================================
----------------- testing Wed Oct 17 02:32:30 UTC 2018 /home/travis/build/icyphy/ptII/ptolemy/actor/lib/test/auto/Interpolator.xml
----------------- Instantiating /home/travis/build/icyphy/ptII/ptolemy/actor/lib/test/auto/Interpolator.xml
4 ms. Memory: 1364992K Free: 1236142K (91%)
----------------- Invoking toplevel() on ptolemy.moml.MoMLSimpleApplication@2e728a6
----------------- Done invoking toplevel() on ptolemy.moml.MoMLSimpleApplication@2e728a6
reloadAllAccessors: .Interpolator

===========================================================================================
----------------- testing Wed Oct 17 02:32:30 UTC 2018 /home/travis/build/icyphy/ptII/ptolemy/actor/lib/test/auto/InterpolatorFiringLimitDE.xml
----------------- Instantiating /home/travis/build/icyphy/ptII/ptolemy/actor/lib/test/auto/InterpolatorFiringLimitDE.xml
2 ms. Memory: 1364992K Free: 1223695K (90%)
----------------- Invoking toplevel() on ptolemy.moml.MoMLSimpleApplication@309f2e72
----------------- Done invoking toplevel() on ptolemy.moml.MoMLSimpleApplication@309f2e72
reloadAllAccessors: .InterpolatorFiringLimitDE

===========================================================================================
----------------- testing Wed Oct 17 02:32:30 UTC 2018 /home/travis/build/icyphy/ptII/ptolemy/actor/lib/test/auto/Lattice.xml
----------------- Instantiating /home/travis/build/icyphy/ptII/ptolemy/actor/lib/test/auto/Lattice.xml
1 ms. Memory: 1364992K Free: 1211248K (89%)
----------------- Invoking toplevel() on ptolemy.moml.MoMLSimpleApplication@3677ccf6
----------------- Done invoking toplevel() on ptolemy.moml.MoMLSimpleApplication@3677ccf6
reloadAllAccessors: .Lattice

===========================================================================================
----------------- testing Wed Oct 17 02:32:30 UTC 2018 /home/travis/build/icyphy/ptII/ptolemy/actor/lib/test/auto/LazyAOCTestLazy.xml
----------------- Instantiating /home/travis/build/icyphy/ptII/ptolemy/actor/lib/test/auto/LazyAOCTestLazy.xml
17 ms. Memory: 1364992K Free: 1190224K (87%)
----------------- Invoking toplevel() on ptolemy.moml.MoMLSimpleApplication@5588f545
----------------- Done invoking toplevel() on ptolemy.moml.MoMLSimpleApplication@5588f545
reloadAllAccessors: .LazyAOCTestLazy

===========================================================================================
----------------- testing Wed Oct 17 02:32:30 UTC 2018 /home/travis/build/icyphy/ptII/ptolemy/actor/lib/test/auto/LazyAOCTestNonLazy.xml
----------------- Instantiating /home/travis/build/icyphy/ptII/ptolemy/actor/lib/test/auto/LazyAOCTestNonLazy.xml
10 ms. Memory: 1364992K Free: 1177777K (86%)
----------------- Invoking toplevel() on ptolemy.moml.MoMLSimpleApplication@42783c25
----------------- Done invoking toplevel() on ptolemy.moml.MoMLSimpleApplication@42783c25
reloadAllAccessors: .LazyAOCTestNonLazy

===========================================================================================
----------------- testing Wed Oct 17 02:32:30 UTC 2018 /home/travis/build/icyphy/ptII/ptolemy/actor/lib/test/auto/LazyInnerClass.xml
----------------- Instantiating /home/travis/build/icyphy/ptII/ptolemy/actor/lib/test/auto/LazyInnerClass.xml
26 ms. Memory: 1364992K Free: 1165330K (85%)
----------------- Invoking toplevel() on ptolemy.moml.MoMLSimpleApplication@571da0d7
----------------- Done invoking toplevel() on ptolemy.moml.MoMLSimpleApplication@571da0d7
reloadAllAccessors: .LazyInnerClass

===========================================================================================
----------------- testing Wed Oct 17 02:32:30 UTC 2018 /home/travis/build/icyphy/ptII/ptolemy/actor/lib/test/auto/LazyPubSub.xml
----------------- Instantiating /home/travis/build/icyphy/ptII/ptolemy/actor/lib/test/auto/LazyPubSub.xml
22 ms. Memory: 1364992K Free: 1152883K (84%)
----------------- Invoking toplevel() on ptolemy.moml.MoMLSimpleApplication@2b75b44a
----------------- Done invoking toplevel() on ptolemy.moml.MoMLSimpleApplication@2b75b44a
reloadAllAccessors: .LazyPubSub

===========================================================================================
----------------- testing Wed Oct 17 02:32:30 UTC 2018 /home/travis/build/icyphy/ptII/ptolemy/actor/lib/test/auto/LazyPubSub2.xml
----------------- Instantiating /home/travis/build/icyphy/ptII/ptolemy/actor/lib/test/auto/LazyPubSub2.xml
12 ms. Memory: 1364992K Free: 1131691K (83%)
----------------- Invoking toplevel() on ptolemy.moml.MoMLSimpleApplication@68fc68ce
----------------- Done invoking toplevel() on ptolemy.moml.MoMLSimpleApplication@68fc68ce
reloadAllAccessors: .LazyPubSub2

===========================================================================================
----------------- testing Wed Oct 17 02:32:30 UTC 2018 /home/travis/build/icyphy/ptII/ptolemy/actor/lib/test/auto/LazyPubSub3.xml
----------------- Instantiating /home/travis/build/icyphy/ptII/ptolemy/actor/lib/test/auto/LazyPubSub3.xml
9 ms. Memory: 1364992K Free: 1119244K (82%)
----------------- Invoking toplevel() on ptolemy.moml.MoMLSimpleApplication@48de0e9e
----------------- Done invoking toplevel() on ptolemy.moml.MoMLSimpleApplication@48de0e9e
reloadAllAccessors: .LazyPubSub3

===========================================================================================
----------------- testing Wed Oct 17 02:32:30 UTC 2018 /home/travis/build/icyphy/ptII/ptolemy/actor/lib/test/auto/LazySubClassModel.xml
----------------- Instantiating /home/travis/build/icyphy/ptII/ptolemy/actor/lib/test/auto/LazySubClassModel.xml
2 ms. Memory: 1364992K Free: 1100558K (81%)
----------------- Invoking toplevel() on ptolemy.moml.MoMLSimpleApplication@6a73735b
----------------- Done invoking toplevel() on ptolemy.moml.MoMLSimpleApplication@6a73735b
reloadAllAccessors: .LazySubClassModel

===========================================================================================
----------------- testing Wed Oct 17 02:32:30 UTC 2018 /home/travis/build/icyphy/ptII/ptolemy/actor/lib/test/auto/LevelCrossTest1.xml
----------------- Instantiating /home/travis/build/icyphy/ptII/ptolemy/actor/lib/test/auto/LevelCrossTest1.xml
1 ms. Memory: 1364992K Free: 1079533K (79%)
----------------- Invoking toplevel() on ptolemy.moml.MoMLSimpleApplication@18fc6c51
----------------- Done invoking toplevel() on ptolemy.moml.MoMLSimpleApplication@18fc6c51
reloadAllAccessors: .broken

===========================================================================================
----------------- testing Wed Oct 17 02:32:30 UTC 2018 /home/travis/build/icyphy/ptII/ptolemy/actor/lib/test/auto/LevelCrossTest10.xml
----------------- Instantiating /home/travis/build/icyphy/ptII/ptolemy/actor/lib/test/auto/LevelCrossTest10.xml
1 ms. Memory: 1364992K Free: 1067087K (78%)
----------------- Invoking toplevel() on ptolemy.moml.MoMLSimpleApplication@1d8556ac
----------------- Done invoking toplevel() on ptolemy.moml.MoMLSimpleApplication@1d8556ac
reloadAllAccessors: .LevelCrossTest10

===========================================================================================
----------------- testing Wed Oct 17 02:32:30 UTC 2018 /home/travis/build/icyphy/ptII/ptolemy/actor/lib/test/auto/LevelCrossTest11.xml
----------------- Instantiating /home/travis/build/icyphy/ptII/ptolemy/actor/lib/test/auto/LevelCrossTest11.xml
2 ms. Memory: 1364992K Free: 1054640K (77%)
----------------- Invoking toplevel() on ptolemy.moml.MoMLSimpleApplication@4e7ad700
----------------- Done invoking toplevel() on ptolemy.moml.MoMLSimpleApplication@4e7ad700
reloadAllAccessors: .LevelCrossTest11

===========================================================================================
----------------- testing Wed Oct 17 02:32:30 UTC 2018 /home/travis/build/icyphy/ptII/ptolemy/actor/lib/test/auto/LevelCrossTest12.xml
----------------- Instantiating /home/travis/build/icyphy/ptII/ptolemy/actor/lib/test/auto/LevelCrossTest12.xml
1 ms. Memory: 1364992K Free: 1042193K (76%)
----------------- Invoking toplevel() on ptolemy.moml.MoMLSimpleApplication@28f9adad
----------------- Done invoking toplevel() on ptolemy.moml.MoMLSimpleApplication@28f9adad
reloadAllAccessors: .LevelCrossTest12

===========================================================================================
----------------- testing Wed Oct 17 02:32:30 UTC 2018 /home/travis/build/icyphy/ptII/ptolemy/actor/lib/test/auto/LevelCrossTest13.xml
----------------- Instantiating /home/travis/build/icyphy/ptII/ptolemy/actor/lib/test/auto/LevelCrossTest13.xml
1 ms. Memory: 1364992K Free: 1021168K (75%)
----------------- Invoking toplevel() on ptolemy.moml.MoMLSimpleApplication@3b0cd4d
----------------- Done invoking toplevel() on ptolemy.moml.MoMLSimpleApplication@3b0cd4d
reloadAllAccessors: .LevelCrossTest13

===========================================================================================
----------------- testing Wed Oct 17 02:32:30 UTC 2018 /home/travis/build/icyphy/ptII/ptolemy/actor/lib/test/auto/LevelCrossTest2.xml
----------------- Instantiating /home/travis/build/icyphy/ptII/ptolemy/actor/lib/test/auto/LevelCrossTest2.xml
1 ms. Memory: 1364992K Free: 1008722K (74%)
----------------- Invoking toplevel() on ptolemy.moml.MoMLSimpleApplication@158ddcf1
----------------- Done invoking toplevel() on ptolemy.moml.MoMLSimpleApplication@158ddcf1
reloadAllAccessors: .broken

===========================================================================================
----------------- testing Wed Oct 17 02:32:30 UTC 2018 /home/travis/build/icyphy/ptII/ptolemy/actor/lib/test/auto/LevelCrossTest3.xml
----------------- Instantiating /home/travis/build/icyphy/ptII/ptolemy/actor/lib/test/auto/LevelCrossTest3.xml
1 ms. Memory: 1364992K Free: 996275K (73%)
----------------- Invoking toplevel() on ptolemy.moml.MoMLSimpleApplication@285ecd95
----------------- Done invoking toplevel() on ptolemy.moml.MoMLSimpleApplication@285ecd95
reloadAllAccessors: .LevelCrossTest3

===========================================================================================
----------------- testing Wed Oct 17 02:32:30 UTC 2018 /home/travis/build/icyphy/ptII/ptolemy/actor/lib/test/auto/LevelCrossTest4.xml
----------------- Instantiating /home/travis/build/icyphy/ptII/ptolemy/actor/lib/test/auto/LevelCrossTest4.xml
1 ms. Memory: 1364992K Free: 983828K (72%)
----------------- Invoking toplevel() on ptolemy.moml.MoMLSimpleApplication@48f8d550
----------------- Done invoking toplevel() on ptolemy.moml.MoMLSimpleApplication@48f8d550
reloadAllAccessors: .broken

===========================================================================================
----------------- testing Wed Oct 17 02:32:30 UTC 2018 /home/travis/build/icyphy/ptII/ptolemy/actor/lib/test/auto/LevelCrossTest5.xml
----------------- Instantiating /home/travis/build/icyphy/ptII/ptolemy/actor/lib/test/auto/LevelCrossTest5.xml
1 ms. Memory: 1364992K Free: 962803K (71%)
----------------- Invoking toplevel() on ptolemy.moml.MoMLSimpleApplication@238c97c0
----------------- Done invoking toplevel() on ptolemy.moml.MoMLSimpleApplication@238c97c0
reloadAllAccessors: .LevelCrossTest5

===========================================================================================
----------------- testing Wed Oct 17 02:32:30 UTC 2018 /home/travis/build/icyphy/ptII/ptolemy/actor/lib/test/auto/LevelCrossTest6.xml
----------------- Instantiating /home/travis/build/icyphy/ptII/ptolemy/actor/lib/test/auto/LevelCrossTest6.xml
1 ms. Memory: 1364992K Free: 950357K (70%)
----------------- Invoking toplevel() on ptolemy.moml.MoMLSimpleApplication@2c6e6db4
----------------- Done invoking toplevel() on ptolemy.moml.MoMLSimpleApplication@2c6e6db4
reloadAllAccessors: .LevelCrossTest6

===========================================================================================
----------------- testing Wed Oct 17 02:32:30 UTC 2018 /home/travis/build/icyphy/ptII/ptolemy/actor/lib/test/auto/LevelCrossTest7.xml
----------------- Instantiating /home/travis/build/icyphy/ptII/ptolemy/actor/lib/test/auto/LevelCrossTest7.xml
1 ms. Memory: 1364992K Free: 937910K (69%)
----------------- Invoking toplevel() on ptolemy.moml.MoMLSimpleApplication@5907d81d
----------------- Done invoking toplevel() on ptolemy.moml.MoMLSimpleApplication@5907d81d
reloadAllAccessors: .LevelCrossTest7

===========================================================================================
----------------- testing Wed Oct 17 02:32:30 UTC 2018 /home/travis/build/icyphy/ptII/ptolemy/actor/lib/test/auto/LevelCrossTest8.xml
----------------- Instantiating /home/travis/build/icyphy/ptII/ptolemy/actor/lib/test/auto/LevelCrossTest8.xml
1 ms. Memory: 1364992K Free: 925463K (68%)
----------------- Invoking toplevel() on ptolemy.moml.MoMLSimpleApplication@5c57e21
----------------- Done invoking toplevel() on ptolemy.moml.MoMLSimpleApplication@5c57e21
reloadAllAccessors: .LevelCrossTest8

===========================================================================================
----------------- testing Wed Oct 17 02:32:30 UTC 2018 /home/travis/build/icyphy/ptII/ptolemy/actor/lib/test/auto/LevelCrossTest9.xml
----------------- Instantiating /home/travis/build/icyphy/ptII/ptolemy/actor/lib/test/auto/LevelCrossTest9.xml
1 ms. Memory: 1364992K Free: 904439K (66%)
----------------- Invoking toplevel() on ptolemy.moml.MoMLSimpleApplication@2d25586f
----------------- Done invoking toplevel() on ptolemy.moml.MoMLSimpleApplication@2d25586f
reloadAllAccessors: .LevelCrossTest9

===========================================================================================
----------------- testing Wed Oct 17 02:32:30 UTC 2018 /home/travis/build/icyphy/ptII/ptolemy/actor/lib/test/auto/LevinsonDurbin.xml
----------------- Instantiating /home/travis/build/icyphy/ptII/ptolemy/actor/lib/test/auto/LevinsonDurbin.xml
1 ms. Memory: 1364992K Free: 891992K (65%)
----------------- Invoking toplevel() on ptolemy.moml.MoMLSimpleApplication@323cb633
----------------- Done invoking toplevel() on ptolemy.moml.MoMLSimpleApplication@323cb633
reloadAllAccessors: .LevinsonDurbin

===========================================================================================
----------------- testing Wed Oct 17 02:32:30 UTC 2018 /home/travis/build/icyphy/ptII/ptolemy/actor/lib/test/auto/LevinsonDurbin2.xml
----------------- Instantiating /home/travis/build/icyphy/ptII/ptolemy/actor/lib/test/auto/LevinsonDurbin2.xml
1 ms. Memory: 1364992K Free: 879545K (64%)
----------------- Invoking toplevel() on ptolemy.moml.MoMLSimpleApplication@528f300e
----------------- Done invoking toplevel() on ptolemy.moml.MoMLSimpleApplication@528f300e
reloadAllAccessors: .LevinsonDurbin2

===========================================================================================
----------------- testing Wed Oct 17 02:32:30 UTC 2018 /home/travis/build/icyphy/ptII/ptolemy/actor/lib/test/auto/LevinsonDurbin3.xml
----------------- Instantiating /home/travis/build/icyphy/ptII/ptolemy/actor/lib/test/auto/LevinsonDurbin3.xml
2 ms. Memory: 1364992K Free: 858520K (63%)
----------------- Invoking toplevel() on ptolemy.moml.MoMLSimpleApplication@2d8ffdeb
----------------- Done invoking toplevel() on ptolemy.moml.MoMLSimpleApplication@2d8ffdeb
reloadAllAccessors: .LevinsonDurbin3

===========================================================================================
----------------- testing Wed Oct 17 02:32:30 UTC 2018 /home/travis/build/icyphy/ptII/ptolemy/actor/lib/test/auto/Limiter.xml
----------------- Instantiating /home/travis/build/icyphy/ptII/ptolemy/actor/lib/test/auto/Limiter.xml
3 ms. Memory: 1364992K Free: 839842K (62%)
----------------- Invoking toplevel() on ptolemy.moml.MoMLSimpleApplication@4fef085b
----------------- Done invoking toplevel() on ptolemy.moml.MoMLSimpleApplication@4fef085b
reloadAllAccessors: .Limiter

===========================================================================================
----------------- testing Wed Oct 17 02:32:30 UTC 2018 /home/travis/build/icyphy/ptII/ptolemy/actor/lib/test/auto/LinearDifferenceEquationSystem.xml
----------------- Instantiating /home/travis/build/icyphy/ptII/ptolemy/actor/lib/test/auto/LinearDifferenceEquationSystem.xml
2 ms. Memory: 1364992K Free: 827396K (61%)
----------------- Invoking toplevel() on ptolemy.moml.MoMLSimpleApplication@661dc6b
----------------- Done invoking toplevel() on ptolemy.moml.MoMLSimpleApplication@661dc6b
reloadAllAccessors: .LinearDifferenceEquationSystem

===========================================================================================
----------------- testing Wed Oct 17 02:32:30 UTC 2018 /home/travis/build/icyphy/ptII/ptolemy/actor/lib/test/auto/LookupTable.xml
----------------- Instantiating /home/travis/build/icyphy/ptII/ptolemy/actor/lib/test/auto/LookupTable.xml
1 ms. Memory: 1364992K Free: 814949K (60%)
----------------- Invoking toplevel() on ptolemy.moml.MoMLSimpleApplication@1a487fcb
----------------- Done invoking toplevel() on ptolemy.moml.MoMLSimpleApplication@1a487fcb
reloadAllAccessors: .LookupTable

===========================================================================================
----------------- testing Wed Oct 17 02:32:30 UTC 2018 /home/travis/build/icyphy/ptII/ptolemy/actor/lib/test/auto/MathFunction.xml
----------------- Instantiating /home/travis/build/icyphy/ptII/ptolemy/actor/lib/test/auto/MathFunction.xml
2 ms. Memory: 1364992K Free: 793924K (58%)
----------------- Invoking toplevel() on ptolemy.moml.MoMLSimpleApplication@45b18ef6
----------------- Done invoking toplevel() on ptolemy.moml.MoMLSimpleApplication@45b18ef6
reloadAllAccessors: .MathFunction

===========================================================================================
----------------- testing Wed Oct 17 02:32:30 UTC 2018 /home/travis/build/icyphy/ptII/ptolemy/actor/lib/test/auto/MathFunction2.xml
----------------- Instantiating /home/travis/build/icyphy/ptII/ptolemy/actor/lib/test/auto/MathFunction2.xml
1 ms. Memory: 1364992K Free: 781477K (57%)
----------------- Invoking toplevel() on ptolemy.moml.MoMLSimpleApplication@411c40c2
----------------- Done invoking toplevel() on ptolemy.moml.MoMLSimpleApplication@411c40c2
reloadAllAccessors: .MathFunction2

===========================================================================================
----------------- testing Wed Oct 17 02:32:30 UTC 2018 /home/travis/build/icyphy/ptII/ptolemy/actor/lib/test/auto/MathFunction3.xml
----------------- Instantiating /home/travis/build/icyphy/ptII/ptolemy/actor/lib/test/auto/MathFunction3.xml
2 ms. Memory: 1364992K Free: 769030K (56%)
----------------- Invoking toplevel() on ptolemy.moml.MoMLSimpleApplication@60840d38
----------------- Done invoking toplevel() on ptolemy.moml.MoMLSimpleApplication@60840d38
reloadAllAccessors: .MathFunction3

===========================================================================================
----------------- testing Wed Oct 17 02:32:30 UTC 2018 /home/travis/build/icyphy/ptII/ptolemy/actor/lib/test/auto/MatrixCropBoolean.xml
----------------- Instantiating /home/travis/build/icyphy/ptII/ptolemy/actor/lib/test/auto/MatrixCropBoolean.xml
1 ms. Memory: 1364992K Free: 756584K (55%)
----------------- Invoking toplevel() on ptolemy.moml.MoMLSimpleApplication@aaf3b6c
----------------- Done invoking toplevel() on ptolemy.moml.MoMLSimpleApplication@aaf3b6c
reloadAllAccessors: .MatrixCropBoolean

===========================================================================================
----------------- testing Wed Oct 17 02:32:30 UTC 2018 /home/travis/build/icyphy/ptII/ptolemy/actor/lib/test/auto/MatrixCropComplex.xml
----------------- Instantiating /home/travis/build/icyphy/ptII/ptolemy/actor/lib/test/auto/MatrixCropComplex.xml
1 ms. Memory: 1364992K Free: 735559K (54%)
----------------- Invoking toplevel() on ptolemy.moml.MoMLSimpleApplication@201c58be
----------------- Done invoking toplevel() on ptolemy.moml.MoMLSimpleApplication@201c58be
reloadAllAccessors: .MatrixCropComplex

===========================================================================================
----------------- testing Wed Oct 17 02:32:30 UTC 2018 /home/travis/build/icyphy/ptII/ptolemy/actor/lib/test/auto/MatrixCropDouble.xml
----------------- Instantiating /home/travis/build/icyphy/ptII/ptolemy/actor/lib/test/auto/MatrixCropDouble.xml
1 ms. Memory: 1364992K Free: 723113K (53%)
----------------- Invoking toplevel() on ptolemy.moml.MoMLSimpleApplication@5cc3a61e
----------------- Done invoking toplevel() on ptolemy.moml.MoMLSimpleApplication@5cc3a61e
reloadAllAccessors: .MatrixCropDouble

===========================================================================================
----------------- testing Wed Oct 17 02:32:30 UTC 2018 /home/travis/build/icyphy/ptII/ptolemy/actor/lib/test/auto/MatrixCropFix.xml
----------------- Instantiating /home/travis/build/icyphy/ptII/ptolemy/actor/lib/test/auto/MatrixCropFix.xml
3 ms. Memory: 1364992K Free: 710666K (52%)
----------------- Invoking toplevel() on ptolemy.moml.MoMLSimpleApplication@7c15bc2b
----------------- Done invoking toplevel() on ptolemy.moml.MoMLSimpleApplication@7c15bc2b
reloadAllAccessors: .MatrixCropFix

===========================================================================================
----------------- testing Wed Oct 17 02:32:30 UTC 2018 /home/travis/build/icyphy/ptII/ptolemy/actor/lib/test/auto/MatrixCropInt.xml
----------------- Instantiating /home/travis/build/icyphy/ptII/ptolemy/actor/lib/test/auto/MatrixCropInt.xml
2 ms. Memory: 1364992K Free: 689641K (51%)
----------------- Invoking toplevel() on ptolemy.moml.MoMLSimpleApplication@3572eeb1
----------------- Done invoking toplevel() on ptolemy.moml.MoMLSimpleApplication@3572eeb1
reloadAllAccessors: .MatrixCropInt

===========================================================================================
----------------- testing Wed Oct 17 02:32:30 UTC 2018 /home/travis/build/icyphy/ptII/ptolemy/actor/lib/test/auto/MatrixCropLong.xml
----------------- Instantiating /home/travis/build/icyphy/ptII/ptolemy/actor/lib/test/auto/MatrixCropLong.xml
2 ms. Memory: 1364992K Free: 677194K (50%)
----------------- Invoking toplevel() on ptolemy.moml.MoMLSimpleApplication@3c19300f
----------------- Done invoking toplevel() on ptolemy.moml.MoMLSimpleApplication@3c19300f
reloadAllAccessors: .MatrixCropLong

===========================================================================================
----------------- testing Wed Oct 17 02:32:30 UTC 2018 /home/travis/build/icyphy/ptII/ptolemy/actor/lib/test/auto/MatrixToArray.xml
----------------- Instantiating /home/travis/build/icyphy/ptII/ptolemy/actor/lib/test/auto/MatrixToArray.xml
7 ms. Memory: 1364992K Free: 652285K (48%)
----------------- Invoking toplevel() on ptolemy.moml.MoMLSimpleApplication@1fa04e28
----------------- Done invoking toplevel() on ptolemy.moml.MoMLSimpleApplication@1fa04e28
reloadAllAccessors: .MatrixToArray

===========================================================================================
----------------- testing Wed Oct 17 02:32:31 UTC 2018 /home/travis/build/icyphy/ptII/ptolemy/actor/lib/test/auto/MaxIndex.xml
----------------- Instantiating /home/travis/build/icyphy/ptII/ptolemy/actor/lib/test/auto/MaxIndex.xml
3 ms. Memory: 1364992K Free: 639838K (47%)
----------------- Invoking toplevel() on ptolemy.moml.MoMLSimpleApplication@3fd07ba7
----------------- Done invoking toplevel() on ptolemy.moml.MoMLSimpleApplication@3fd07ba7
reloadAllAccessors: .MaxIndex

===========================================================================================
----------------- testing Wed Oct 17 02:32:31 UTC 2018 /home/travis/build/icyphy/ptII/ptolemy/actor/lib/test/auto/Maximum.xml
----------------- Instantiating /home/travis/build/icyphy/ptII/ptolemy/actor/lib/test/auto/Maximum.xml
2 ms. Memory: 1364992K Free: 618813K (45%)
----------------- Invoking toplevel() on ptolemy.moml.MoMLSimpleApplication@75d4c011
----------------- Done invoking toplevel() on ptolemy.moml.MoMLSimpleApplication@75d4c011
reloadAllAccessors: .Maximum

===========================================================================================
----------------- testing Wed Oct 17 02:32:31 UTC 2018 /home/travis/build/icyphy/ptII/ptolemy/actor/lib/test/auto/MaximumComplex.xml
----------------- Instantiating /home/travis/build/icyphy/ptII/ptolemy/actor/lib/test/auto/MaximumComplex.xml
4 ms. Memory: 1364992K Free: 606367K (44%)
----------------- Invoking toplevel() on ptolemy.moml.MoMLSimpleApplication@1463efc5
----------------- Done invoking toplevel() on ptolemy.moml.MoMLSimpleApplication@1463efc5
reloadAllAccessors: .MaximumComplex

===========================================================================================
----------------- testing Wed Oct 17 02:32:31 UTC 2018 /home/travis/build/icyphy/ptII/ptolemy/actor/lib/test/auto/MethodCallTest.xml
----------------- Instantiating /home/travis/build/icyphy/ptII/ptolemy/actor/lib/test/auto/MethodCallTest.xml
2 ms. Memory: 1364992K Free: 593920K (44%)
----------------- Invoking toplevel() on ptolemy.moml.MoMLSimpleApplication@76ed20a
----------------- Done invoking toplevel() on ptolemy.moml.MoMLSimpleApplication@76ed20a
reloadAllAccessors: .MethodCallTest

===========================================================================================
----------------- testing Wed Oct 17 02:32:31 UTC 2018 /home/travis/build/icyphy/ptII/ptolemy/actor/lib/test/auto/Minimum.xml
----------------- Instantiating /home/travis/build/icyphy/ptII/ptolemy/actor/lib/test/auto/Minimum.xml
2 ms. Memory: 1364992K Free: 581473K (43%)
----------------- Invoking toplevel() on ptolemy.moml.MoMLSimpleApplication@5d6cf5c
----------------- Done invoking toplevel() on ptolemy.moml.MoMLSimpleApplication@5d6cf5c
reloadAllAccessors: .Minimum

===========================================================================================
----------------- testing Wed Oct 17 02:32:31 UTC 2018 /home/travis/build/icyphy/ptII/ptolemy/actor/lib/test/auto/MinimumComplex.xml
----------------- Instantiating /home/travis/build/icyphy/ptII/ptolemy/actor/lib/test/auto/MinimumComplex.xml
3 ms. Memory: 1364992K Free: 560448K (41%)
----------------- Invoking toplevel() on ptolemy.moml.MoMLSimpleApplication@61c0b419
----------------- Done invoking toplevel() on ptolemy.moml.MoMLSimpleApplication@61c0b419
reloadAllAccessors: .MinimumComplex

===========================================================================================
----------------- testing Wed Oct 17 02:32:31 UTC 2018 /home/travis/build/icyphy/ptII/ptolemy/actor/lib/test/auto/MinimumMultiports.xml
----------------- Instantiating /home/travis/build/icyphy/ptII/ptolemy/actor/lib/test/auto/MinimumMultiports.xml
3 ms. Memory: 1364992K Free: 548002K (40%)
----------------- Invoking toplevel() on ptolemy.moml.MoMLSimpleApplication@501890e1
----------------- Done invoking toplevel() on ptolemy.moml.MoMLSimpleApplication@501890e1
reloadAllAccessors: .MinimumMultiports

===========================================================================================
----------------- testing Wed Oct 17 02:32:31 UTC 2018 /home/travis/build/icyphy/ptII/ptolemy/actor/lib/test/auto/ModifyDate.xml
----------------- Instantiating /home/travis/build/icyphy/ptII/ptolemy/actor/lib/test/auto/ModifyDate.xml
8 ms. Memory: 1364992K Free: 529316K (39%)
----------------- Invoking toplevel() on ptolemy.moml.MoMLSimpleApplication@423217d0
----------------- Done invoking toplevel() on ptolemy.moml.MoMLSimpleApplication@423217d0
reloadAllAccessors: .ModifyDate

===========================================================================================
----------------- testing Wed Oct 17 02:32:31 UTC 2018 /home/travis/build/icyphy/ptII/ptolemy/actor/lib/test/auto/ModifyDate2.xml
----------------- Instantiating /home/travis/build/icyphy/ptII/ptolemy/actor/lib/test/auto/ModifyDate2.xml
3 ms. Memory: 1364992K Free: 502068K (37%)
----------------- Invoking toplevel() on ptolemy.moml.MoMLSimpleApplication@70d31532
----------------- Done invoking toplevel() on ptolemy.moml.MoMLSimpleApplication@70d31532
reloadAllAccessors: .ModifyDate2

===========================================================================================
----------------- testing Wed Oct 17 02:32:31 UTC 2018 /home/travis/build/icyphy/ptII/ptolemy/actor/lib/test/auto/MovingAverage.xml
----------------- Instantiating /home/travis/build/icyphy/ptII/ptolemy/actor/lib/test/auto/MovingAverage.xml
1 ms. Memory: 1364992K Free: 489621K (36%)
----------------- Invoking toplevel() on ptolemy.moml.MoMLSimpleApplication@15fafc6c
----------------- Done invoking toplevel() on ptolemy.moml.MoMLSimpleApplication@15fafc6c
reloadAllAccessors: .MovingAverage

===========================================================================================
----------------- testing Wed Oct 17 02:32:31 UTC 2018 /home/travis/build/icyphy/ptII/ptolemy/actor/lib/test/auto/MovingMaximum.xml
----------------- Instantiating /home/travis/build/icyphy/ptII/ptolemy/actor/lib/test/auto/MovingMaximum.xml
1 ms. Memory: 1364992K Free: 477174K (35%)
----------------- Invoking toplevel() on ptolemy.moml.MoMLSimpleApplication@53041b0a
----------------- Done invoking toplevel() on ptolemy.moml.MoMLSimpleApplication@53041b0a
reloadAllAccessors: .MovingMaximum

===========================================================================================
----------------- testing Wed Oct 17 02:32:31 UTC 2018 /home/travis/build/icyphy/ptII/ptolemy/actor/lib/test/auto/MultipleLinksToSameRelation.xml
----------------- Instantiating /home/travis/build/icyphy/ptII/ptolemy/actor/lib/test/auto/MultipleLinksToSameRelation.xml
3 ms. Memory: 1364992K Free: 464728K (34%)
----------------- Invoking toplevel() on ptolemy.moml.MoMLSimpleApplication@2ef1b7be
----------------- Done invoking toplevel() on ptolemy.moml.MoMLSimpleApplication@2ef1b7be
reloadAllAccessors: .MultipleLinksToSameRelation

===========================================================================================
----------------- testing Wed Oct 17 02:32:31 UTC 2018 /home/travis/build/icyphy/ptII/ptolemy/actor/lib/test/auto/MultipleLinksToSameRelationDE.xml
----------------- Instantiating /home/travis/build/icyphy/ptII/ptolemy/actor/lib/test/auto/MultipleLinksToSameRelationDE.xml
4 ms. Memory: 1364992K Free: 443703K (33%)
----------------- Invoking toplevel() on ptolemy.moml.MoMLSimpleApplication@678abb11
----------------- Done invoking toplevel() on ptolemy.moml.MoMLSimpleApplication@678abb11
reloadAllAccessors: .MultipleLinksToSameRelationDE

===========================================================================================
----------------- testing Wed Oct 17 02:32:31 UTC 2018 /home/travis/build/icyphy/ptII/ptolemy/actor/lib/test/auto/Multiplexor.xml
----------------- Instantiating /home/travis/build/icyphy/ptII/ptolemy/actor/lib/test/auto/Multiplexor.xml
2 ms. Memory: 1364992K Free: 431256K (32%)
----------------- Invoking toplevel() on ptolemy.moml.MoMLSimpleApplication@62068dec
----------------- Done invoking toplevel() on ptolemy.moml.MoMLSimpleApplication@62068dec
reloadAllAccessors: .Multiplexor

===========================================================================================
----------------- testing Wed Oct 17 02:32:31 UTC 2018 /home/travis/build/icyphy/ptII/ptolemy/actor/lib/test/auto/Multiplexor1.xml
----------------- Instantiating /home/travis/build/icyphy/ptII/ptolemy/actor/lib/test/auto/Multiplexor1.xml
2 ms. Memory: 1364992K Free: 418810K (31%)
----------------- Invoking toplevel() on ptolemy.moml.MoMLSimpleApplication@5d39f78e
----------------- Done invoking toplevel() on ptolemy.moml.MoMLSimpleApplication@5d39f78e
reloadAllAccessors: .Multiplexor1

===========================================================================================
----------------- testing Wed Oct 17 02:32:31 UTC 2018 /home/travis/build/icyphy/ptII/ptolemy/actor/lib/test/auto/Multiplexor2.xml
----------------- Instantiating /home/travis/build/icyphy/ptII/ptolemy/actor/lib/test/auto/Multiplexor2.xml
7 ms. Memory: 1364992K Free: 406363K (30%)
----------------- Invoking toplevel() on ptolemy.moml.MoMLSimpleApplication@3340e754
----------------- Done invoking toplevel() on ptolemy.moml.MoMLSimpleApplication@3340e754
reloadAllAccessors: .Multiplexor2

===========================================================================================
----------------- testing Wed Oct 17 02:32:31 UTC 2018 /home/travis/build/icyphy/ptII/ptolemy/actor/lib/test/auto/Multiplexor3.xml
----------------- Instantiating /home/travis/build/icyphy/ptII/ptolemy/actor/lib/test/auto/Multiplexor3.xml
1 ms. Memory: 1364992K Free: 385338K (28%)
----------------- Invoking toplevel() on ptolemy.moml.MoMLSimpleApplication@4942e14f
----------------- Done invoking toplevel() on ptolemy.moml.MoMLSimpleApplication@4942e14f
reloadAllAccessors: .Multiplexor3

===========================================================================================
----------------- testing Wed Oct 17 02:32:31 UTC 2018 /home/travis/build/icyphy/ptII/ptolemy/actor/lib/test/auto/MultiplexorDE.xml
----------------- Instantiating /home/travis/build/icyphy/ptII/ptolemy/actor/lib/test/auto/MultiplexorDE.xml
2 ms. Memory: 1364992K Free: 372892K (27%)
----------------- Invoking toplevel() on ptolemy.moml.MoMLSimpleApplication@310a609e
----------------- Done invoking toplevel() on ptolemy.moml.MoMLSimpleApplication@310a609e
reloadAllAccessors: .MultiplexorDE

===========================================================================================
----------------- testing Wed Oct 17 02:32:31 UTC 2018 /home/travis/build/icyphy/ptII/ptolemy/actor/lib/test/auto/MultiportBroadcastTest.xml
----------------- Instantiating /home/travis/build/icyphy/ptII/ptolemy/actor/lib/test/auto/MultiportBroadcastTest.xml
89 ms. Memory: 1364992K Free: 360445K (26%)
----------------- Invoking toplevel() on ptolemy.moml.MoMLSimpleApplication@17cced6
----------------- Done invoking toplevel() on ptolemy.moml.MoMLSimpleApplication@17cced6
reloadAllAccessors: .MultiportBroadcastTest

===========================================================================================
----------------- testing Wed Oct 17 02:32:31 UTC 2018 /home/travis/build/icyphy/ptII/ptolemy/actor/lib/test/auto/MultiportOutHangDuringGetWidth.xml
----------------- Instantiating /home/travis/build/icyphy/ptII/ptolemy/actor/lib/test/auto/MultiportOutHangDuringGetWidth.xml
4 ms. Memory: 1364992K Free: 333197K (24%)
----------------- Invoking toplevel() on ptolemy.moml.MoMLSimpleApplication@2b7e281b
----------------- Done invoking toplevel() on ptolemy.moml.MoMLSimpleApplication@2b7e281b
reloadAllAccessors: .MultiportOutHangDuringGetWidth

===========================================================================================
----------------- testing Wed Oct 17 02:32:31 UTC 2018 /home/travis/build/icyphy/ptII/ptolemy/actor/lib/test/auto/NilToken.xml
----------------- Instantiating /home/travis/build/icyphy/ptII/ptolemy/actor/lib/test/auto/NilToken.xml
1 ms. Memory: 1364992K Free: 320750K (23%)
----------------- Invoking toplevel() on ptolemy.moml.MoMLSimpleApplication@3147b3f8
----------------- Done invoking toplevel() on ptolemy.moml.MoMLSimpleApplication@3147b3f8
reloadAllAccessors: .NilToken

===========================================================================================
----------------- testing Wed Oct 17 02:32:31 UTC 2018 /home/travis/build/icyphy/ptII/ptolemy/actor/lib/test/auto/NilTokenNonStrictTest.xml
----------------- Instantiating /home/travis/build/icyphy/ptII/ptolemy/actor/lib/test/auto/NilTokenNonStrictTest.xml
3 ms. Memory: 1364992K Free: 308304K (23%)
----------------- Invoking toplevel() on ptolemy.moml.MoMLSimpleApplication@2b3fe35
----------------- Done invoking toplevel() on ptolemy.moml.MoMLSimpleApplication@2b3fe35
reloadAllAccessors: .NilTokenNonStrictTest

===========================================================================================
----------------- testing Wed Oct 17 02:32:31 UTC 2018 /home/travis/build/icyphy/ptII/ptolemy/actor/lib/test/auto/NilTokenRecord.xml
----------------- Instantiating /home/travis/build/icyphy/ptII/ptolemy/actor/lib/test/auto/NilTokenRecord.xml
7 ms. Memory: 1364992K Free: 295857K (22%)
----------------- Invoking toplevel() on ptolemy.moml.MoMLSimpleApplication@2e4dcba4
----------------- Done invoking toplevel() on ptolemy.moml.MoMLSimpleApplication@2e4dcba4
reloadAllAccessors: .NilTokenRecord

===========================================================================================
----------------- testing Wed Oct 17 02:32:31 UTC 2018 /home/travis/build/icyphy/ptII/ptolemy/actor/lib/test/auto/NilTokenTypeTest.xml
----------------- Instantiating /home/travis/build/icyphy/ptII/ptolemy/actor/lib/test/auto/NilTokenTypeTest.xml
8 ms. Memory: 1364992K Free: 268593K (20%)
----------------- Invoking toplevel() on ptolemy.moml.MoMLSimpleApplication@627f5f08
----------------- Done invoking toplevel() on ptolemy.moml.MoMLSimpleApplication@627f5f08
reloadAllAccessors: .NilTokenTypeTest

===========================================================================================
----------------- testing Wed Oct 17 02:32:31 UTC 2018 /home/travis/build/icyphy/ptII/ptolemy/actor/lib/test/auto/ObjectToken1.xml
----------------- Instantiating /home/travis/build/icyphy/ptII/ptolemy/actor/lib/test/auto/ObjectToken1.xml
2 ms. Memory: 1364992K Free: 256146K (19%)
----------------- Invoking toplevel() on ptolemy.moml.MoMLSimpleApplication@4356419e
----------------- Done invoking toplevel() on ptolemy.moml.MoMLSimpleApplication@4356419e
reloadAllAccessors: .ObjectToken1

===========================================================================================
----------------- testing Wed Oct 17 02:32:31 UTC 2018 /home/travis/build/icyphy/ptII/ptolemy/actor/lib/test/auto/OrderedMerge.xml
----------------- Instantiating /home/travis/build/icyphy/ptII/ptolemy/actor/lib/test/auto/OrderedMerge.xml
11 ms. Memory: 1364992K Free: 218806K (16%)
----------------- Invoking toplevel() on ptolemy.moml.MoMLSimpleApplication@63089398
----------------- Done invoking toplevel() on ptolemy.moml.MoMLSimpleApplication@63089398
reloadAllAccessors: .OrderedMerge

===========================================================================================
----------------- testing Wed Oct 17 02:32:31 UTC 2018 /home/travis/build/icyphy/ptII/ptolemy/actor/lib/test/auto/OrderedRecordDisassembler.xml
----------------- Instantiating /home/travis/build/icyphy/ptII/ptolemy/actor/lib/test/auto/OrderedRecordDisassembler.xml
3 ms. Memory: 1364992K Free: 197782K (14%)
----------------- Invoking toplevel() on ptolemy.moml.MoMLSimpleApplication@640854d8
----------------- Done invoking toplevel() on ptolemy.moml.MoMLSimpleApplication@640854d8
reloadAllAccessors: .OrderedRecordDisassembler

===========================================================================================
----------------- testing Wed Oct 17 02:32:31 UTC 2018 /home/travis/build/icyphy/ptII/ptolemy/actor/lib/test/auto/OrderedRecordDisassembler2.xml
----------------- Instantiating /home/travis/build/icyphy/ptII/ptolemy/actor/lib/test/auto/OrderedRecordDisassembler2.xml
6 ms. Memory: 1364992K Free: 185335K (14%)
----------------- Invoking toplevel() on ptolemy.moml.MoMLSimpleApplication@14f9c138
----------------- Done invoking toplevel() on ptolemy.moml.MoMLSimpleApplication@14f9c138
reloadAllAccessors: .OrderedRecordDisassembler2

===========================================================================================
----------------- testing Wed Oct 17 02:32:31 UTC 2018 /home/travis/build/icyphy/ptII/ptolemy/actor/lib/test/auto/OrderedRecordUpdater.xml
----------------- Instantiating /home/travis/build/icyphy/ptII/ptolemy/actor/lib/test/auto/OrderedRecordUpdater.xml
1 ms. Memory: 1364992K Free: 172888K (13%)
----------------- Invoking toplevel() on ptolemy.moml.MoMLSimpleApplication@6c2414c9
----------------- Done invoking toplevel() on ptolemy.moml.MoMLSimpleApplication@6c2414c9
reloadAllAccessors: .RecordUpdater

===========================================================================================
----------------- testing Wed Oct 17 02:32:31 UTC 2018 /home/travis/build/icyphy/ptII/ptolemy/actor/lib/test/auto/OrderedRecordUpdater2.xml
----------------- Instantiating /home/travis/build/icyphy/ptII/ptolemy/actor/lib/test/auto/OrderedRecordUpdater2.xml
3 ms. Memory: 1364992K Free: 160441K (12%)
----------------- Invoking toplevel() on ptolemy.moml.MoMLSimpleApplication@f072909
----------------- Done invoking toplevel() on ptolemy.moml.MoMLSimpleApplication@f072909
reloadAllAccessors: .RecordUpdater2

===========================================================================================
----------------- testing Wed Oct 17 02:32:31 UTC 2018 /home/travis/build/icyphy/ptII/ptolemy/actor/lib/test/auto/PhaseUnwrap.xml
----------------- Instantiating /home/travis/build/icyphy/ptII/ptolemy/actor/lib/test/auto/PhaseUnwrap.xml
2 ms. Memory: 1364992K Free: 139417K (10%)
----------------- Invoking toplevel() on ptolemy.moml.MoMLSimpleApplication@50e473dd
----------------- Done invoking toplevel() on ptolemy.moml.MoMLSimpleApplication@50e473dd
reloadAllAccessors: .PhaseUnwrap

===========================================================================================
----------------- testing Wed Oct 17 02:32:31 UTC 2018 /home/travis/build/icyphy/ptII/ptolemy/actor/lib/test/auto/PoissonClock.xml
----------------- Instantiating /home/travis/build/icyphy/ptII/ptolemy/actor/lib/test/auto/PoissonClock.xml
1 ms. Memory: 1364992K Free: 126970K (9%)
----------------- Invoking toplevel() on ptolemy.moml.MoMLSimpleApplication@2b9af21a
----------------- Done invoking toplevel() on ptolemy.moml.MoMLSimpleApplication@2b9af21a
reloadAllAccessors: .PoissonClock

===========================================================================================
----------------- testing Wed Oct 17 02:32:31 UTC 2018 /home/travis/build/icyphy/ptII/ptolemy/actor/lib/test/auto/PoissonClock2.xml
----------------- Instantiating /home/travis/build/icyphy/ptII/ptolemy/actor/lib/test/auto/PoissonClock2.xml
1 ms. Memory: 1364992K Free: 114524K (8%)
----------------- Invoking toplevel() on ptolemy.moml.MoMLSimpleApplication@39ad1901
----------------- Done invoking toplevel() on ptolemy.moml.MoMLSimpleApplication@39ad1901
reloadAllAccessors: .PoissonClock2

===========================================================================================
----------------- testing Wed Oct 17 02:32:31 UTC 2018 /home/travis/build/icyphy/ptII/ptolemy/actor/lib/test/auto/PoissonClock3.xml
----------------- Instantiating /home/travis/build/icyphy/ptII/ptolemy/actor/lib/test/auto/PoissonClock3.xml
2 ms. Memory: 1364992K Free: 102077K (7%)
----------------- Invoking toplevel() on ptolemy.moml.MoMLSimpleApplication@70db589c
----------------- Done invoking toplevel() on ptolemy.moml.MoMLSimpleApplication@70db589c
reloadAllAccessors: .PoissonClock3

===========================================================================================
----------------- testing Wed Oct 17 02:32:31 UTC 2018 /home/travis/build/icyphy/ptII/ptolemy/actor/lib/test/auto/PubSubWithInitialTokens.xml
----------------- Instantiating /home/travis/build/icyphy/ptII/ptolemy/actor/lib/test/auto/PubSubWithInitialTokens.xml
2 ms. Memory: 1364992K Free: 81052K (6%)
----------------- Invoking toplevel() on ptolemy.moml.MoMLSimpleApplication@30ceaba7
----------------- Done invoking toplevel() on ptolemy.moml.MoMLSimpleApplication@30ceaba7
reloadAllAccessors: .PubSubWithInitialTokens

===========================================================================================
----------------- testing Wed Oct 17 02:32:31 UTC 2018 /home/travis/build/icyphy/ptII/ptolemy/actor/lib/test/auto/PubSubWithInitialTokens2.xml
----------------- Instantiating /home/travis/build/icyphy/ptII/ptolemy/actor/lib/test/auto/PubSubWithInitialTokens2.xml
2 ms. Memory: 1537024K Free: 1485792K (97%)
----------------- Invoking toplevel() on ptolemy.moml.MoMLSimpleApplication@19662e26
----------------- Done invoking toplevel() on ptolemy.moml.MoMLSimpleApplication@19662e26
reloadAllAccessors: .PubSubWithInitialTokens2

===========================================================================================
----------------- testing Wed Oct 17 02:32:31 UTC 2018 /home/travis/build/icyphy/ptII/ptolemy/actor/lib/test/auto/PublisherClassNoParameter.xml
----------------- Instantiating /home/travis/build/icyphy/ptII/ptolemy/actor/lib/test/auto/PublisherClassNoParameter.xml
1 ms. Memory: 1537024K Free: 1456285K (95%)
----------------- Invoking toplevel() on ptolemy.moml.MoMLSimpleApplication@17ca1ba7
----------------- Done invoking toplevel() on ptolemy.moml.MoMLSimpleApplication@17ca1ba7
reloadAllAccessors: .PublisherClassNoParameter

===========================================================================================
----------------- testing Wed Oct 17 02:32:31 UTC 2018 /home/travis/build/icyphy/ptII/ptolemy/actor/lib/test/auto/PublisherClassParameter.xml
----------------- Instantiating /home/travis/build/icyphy/ptII/ptolemy/actor/lib/test/auto/PublisherClassParameter.xml
2 ms. Memory: 1537024K Free: 1434758K (93%)
----------------- Invoking toplevel() on ptolemy.moml.MoMLSimpleApplication@4baa8d6c
----------------- Done invoking toplevel() on ptolemy.moml.MoMLSimpleApplication@4baa8d6c
reloadAllAccessors: .PublisherClassParameter

===========================================================================================
----------------- testing Wed Oct 17 02:32:31 UTC 2018 /home/travis/build/icyphy/ptII/ptolemy/actor/lib/test/auto/PublisherNonStrictTest.xml
----------------- Instantiating /home/travis/build/icyphy/ptII/ptolemy/actor/lib/test/auto/PublisherNonStrictTest.xml
2 ms. Memory: 1537024K Free: 1420407K (92%)
----------------- Invoking toplevel() on ptolemy.moml.MoMLSimpleApplication@3d1f8d33
----------------- Done invoking toplevel() on ptolemy.moml.MoMLSimpleApplication@3d1f8d33
reloadAllAccessors: .PublisherNonStrictTest

===========================================================================================
----------------- testing Wed Oct 17 02:32:31 UTC 2018 /home/travis/build/icyphy/ptII/ptolemy/actor/lib/test/auto/PublisherPort1.xml
----------------- Instantiating /home/travis/build/icyphy/ptII/ptolemy/actor/lib/test/auto/PublisherPort1.xml
2 ms. Memory: 1537024K Free: 1398091K (91%)
----------------- Invoking toplevel() on ptolemy.moml.MoMLSimpleApplication@20390bb9
----------------- Done invoking toplevel() on ptolemy.moml.MoMLSimpleApplication@20390bb9
reloadAllAccessors: .PublisherPort1

===========================================================================================
----------------- testing Wed Oct 17 02:32:31 UTC 2018 /home/travis/build/icyphy/ptII/ptolemy/actor/lib/test/auto/PublisherPort2.xml
----------------- Instantiating /home/travis/build/icyphy/ptII/ptolemy/actor/lib/test/auto/PublisherPort2.xml
1 ms. Memory: 1537024K Free: 1383740K (90%)
----------------- Invoking toplevel() on ptolemy.moml.MoMLSimpleApplication@2785eb81
----------------- Done invoking toplevel() on ptolemy.moml.MoMLSimpleApplication@2785eb81
reloadAllAccessors: .PublisherPort2

===========================================================================================
----------------- testing Wed Oct 17 02:32:31 UTC 2018 /home/travis/build/icyphy/ptII/ptolemy/actor/lib/test/auto/PublisherPort3.xml
----------------- Instantiating /home/travis/build/icyphy/ptII/ptolemy/actor/lib/test/auto/PublisherPort3.xml
10 ms. Memory: 1537024K Free: 1369389K (89%)
----------------- Invoking toplevel() on ptolemy.moml.MoMLSimpleApplication@19405155
----------------- Done invoking toplevel() on ptolemy.moml.MoMLSimpleApplication@19405155
reloadAllAccessors: .PublisherPort3

===========================================================================================
----------------- testing Wed Oct 17 02:32:32 UTC 2018 /home/travis/build/icyphy/ptII/ptolemy/actor/lib/test/auto/PublisherPort4.xml
----------------- Instantiating /home/travis/build/icyphy/ptII/ptolemy/actor/lib/test/auto/PublisherPort4.xml
1 ms. Memory: 1537024K Free: 1347073K (88%)
----------------- Invoking toplevel() on ptolemy.moml.MoMLSimpleApplication@49629262
----------------- Done invoking toplevel() on ptolemy.moml.MoMLSimpleApplication@49629262
reloadAllAccessors: .PublisherPort4

===========================================================================================
----------------- testing Wed Oct 17 02:32:32 UTC 2018 /home/travis/build/icyphy/ptII/ptolemy/actor/lib/test/auto/PublisherPort5.xml
----------------- Instantiating /home/travis/build/icyphy/ptII/ptolemy/actor/lib/test/auto/PublisherPort5.xml
3 ms. Memory: 1537024K Free: 1332722K (87%)
----------------- Invoking toplevel() on ptolemy.moml.MoMLSimpleApplication@7e556ea3
----------------- Done invoking toplevel() on ptolemy.moml.MoMLSimpleApplication@7e556ea3
reloadAllAccessors: .PublisherPort5

===========================================================================================
----------------- testing Wed Oct 17 02:32:32 UTC 2018 /home/travis/build/icyphy/ptII/ptolemy/actor/lib/test/auto/PublisherPort5LookAlike.xml
----------------- Instantiating /home/travis/build/icyphy/ptII/ptolemy/actor/lib/test/auto/PublisherPort5LookAlike.xml
6 ms. Memory: 1537024K Free: 1318244K (86%)
----------------- Invoking toplevel() on ptolemy.moml.MoMLSimpleApplication@23924e79
----------------- Done invoking toplevel() on ptolemy.moml.MoMLSimpleApplication@23924e79
reloadAllAccessors: .PublisherPort5LookAlike

===========================================================================================
----------------- testing Wed Oct 17 02:32:32 UTC 2018 /home/travis/build/icyphy/ptII/ptolemy/actor/lib/test/auto/PublisherPort6.xml
----------------- Instantiating /home/travis/build/icyphy/ptII/ptolemy/actor/lib/test/auto/PublisherPort6.xml
2 ms. Memory: 1537024K Free: 1295929K (84%)
----------------- Invoking toplevel() on ptolemy.moml.MoMLSimpleApplication@2d9be87e
----------------- Done invoking toplevel() on ptolemy.moml.MoMLSimpleApplication@2d9be87e
reloadAllAccessors: .PublisherPort6

===========================================================================================
----------------- testing Wed Oct 17 02:32:32 UTC 2018 /home/travis/build/icyphy/ptII/ptolemy/actor/lib/test/auto/PublisherPort7.xml
----------------- Instantiating /home/travis/build/icyphy/ptII/ptolemy/actor/lib/test/auto/PublisherPort7.xml
3 ms. Memory: 1537024K Free: 1281578K (83%)
----------------- Invoking toplevel() on ptolemy.moml.MoMLSimpleApplication@234624ae
----------------- Done invoking toplevel() on ptolemy.moml.MoMLSimpleApplication@234624ae
reloadAllAccessors: .PublisherPort7

===========================================================================================
----------------- testing Wed Oct 17 02:32:32 UTC 2018 /home/travis/build/icyphy/ptII/ptolemy/actor/lib/test/auto/PublisherPort8.xml
----------------- Instantiating /home/travis/build/icyphy/ptII/ptolemy/actor/lib/test/auto/PublisherPort8.xml
3 ms. Memory: 1537024K Free: 1267226K (82%)
----------------- Invoking toplevel() on ptolemy.moml.MoMLSimpleApplication@645ff941
----------------- Done invoking toplevel() on ptolemy.moml.MoMLSimpleApplication@645ff941
reloadAllAccessors: .PublisherPort8

===========================================================================================
----------------- testing Wed Oct 17 02:32:32 UTC 2018 /home/travis/build/icyphy/ptII/ptolemy/actor/lib/test/auto/PublisherPortSubscriberChannelVariablesAOC2.xml
----------------- Instantiating /home/travis/build/icyphy/ptII/ptolemy/actor/lib/test/auto/PublisherPortSubscriberChannelVariablesAOC2.xml
2 ms. Memory: 1537024K Free: 1238508K (81%)
----------------- Invoking toplevel() on ptolemy.moml.MoMLSimpleApplication@2a4595fd
----------------- Done invoking toplevel() on ptolemy.moml.MoMLSimpleApplication@2a4595fd
reloadAllAccessors: .PublisherPortSubscriberChannelVariablesAOC2

===========================================================================================
----------------- testing Wed Oct 17 02:32:32 UTC 2018 /home/travis/build/icyphy/ptII/ptolemy/actor/lib/test/auto/PublisherPortSubscriberOpaqueWidthInference.xml
----------------- Instantiating /home/travis/build/icyphy/ptII/ptolemy/actor/lib/test/auto/PublisherPortSubscriberOpaqueWidthInference.xml
3 ms. Memory: 1537024K Free: 1216192K (79%)
----------------- Invoking toplevel() on ptolemy.moml.MoMLSimpleApplication@f0e890b
----------------- Done invoking toplevel() on ptolemy.moml.MoMLSimpleApplication@f0e890b
reloadAllAccessors: .PublisherPortSubscriberOpaqueWidthInference

===========================================================================================
----------------- testing Wed Oct 17 02:32:32 UTC 2018 /home/travis/build/icyphy/ptII/ptolemy/actor/lib/test/auto/PublisherPortSubscriberPortAdjacent.xml
----------------- Instantiating /home/travis/build/icyphy/ptII/ptolemy/actor/lib/test/auto/PublisherPortSubscriberPortAdjacent.xml
2 ms. Memory: 1537024K Free: 1201841K (78%)
----------------- Invoking toplevel() on ptolemy.moml.MoMLSimpleApplication@6400afc8
----------------- Done invoking toplevel() on ptolemy.moml.MoMLSimpleApplication@6400afc8
reloadAllAccessors: .PublisherPortSubscriberPortAdjacent

===========================================================================================
----------------- testing Wed Oct 17 02:32:32 UTC 2018 /home/travis/build/icyphy/ptII/ptolemy/actor/lib/test/auto/PublisherPortSubscriberPortExpression.xml
----------------- Instantiating /home/travis/build/icyphy/ptII/ptolemy/actor/lib/test/auto/PublisherPortSubscriberPortExpression.xml
4 ms. Memory: 1537024K Free: 1187490K (77%)
----------------- Invoking toplevel() on ptolemy.moml.MoMLSimpleApplication@7c30cbe7
----------------- Done invoking toplevel() on ptolemy.moml.MoMLSimpleApplication@7c30cbe7
reloadAllAccessors: .PublisherPortSubscriberPortExpression

===========================================================================================
----------------- testing Wed Oct 17 02:32:32 UTC 2018 /home/travis/build/icyphy/ptII/ptolemy/actor/lib/test/auto/PublisherPortSubscriberPortOpaqueD3Reverse.xml
----------------- Instantiating /home/travis/build/icyphy/ptII/ptolemy/actor/lib/test/auto/PublisherPortSubscriberPortOpaqueD3Reverse.xml
12 ms. Memory: 1537024K Free: 1165174K (76%)
----------------- Invoking toplevel() on ptolemy.moml.MoMLSimpleApplication@381e78d8
----------------- Done invoking toplevel() on ptolemy.moml.MoMLSimpleApplication@381e78d8
reloadAllAccessors: .PublisherPortSubscriberPortOpaqueD3Reverse

===========================================================================================
----------------- testing Wed Oct 17 02:32:32 UTC 2018 /home/travis/build/icyphy/ptII/ptolemy/actor/lib/test/auto/PublisherPortSubscriberPortOpaqueWidthInference.xml
----------------- Instantiating /home/travis/build/icyphy/ptII/ptolemy/actor/lib/test/auto/PublisherPortSubscriberPortOpaqueWidthInference.xml
3 ms. Memory: 1537024K Free: 1150823K (75%)
----------------- Invoking toplevel() on ptolemy.moml.MoMLSimpleApplication@16a2325b
----------------- Done invoking toplevel() on ptolemy.moml.MoMLSimpleApplication@16a2325b
reloadAllAccessors: .PublisherPortSubscriberPortOpaqueWidthInference

===========================================================================================
----------------- testing Wed Oct 17 02:32:32 UTC 2018 /home/travis/build/icyphy/ptII/ptolemy/actor/lib/test/auto/PublisherPortToplevelSubscriberPortAOC.xml
----------------- Instantiating /home/travis/build/icyphy/ptII/ptolemy/actor/lib/test/auto/PublisherPortToplevelSubscriberPortAOC.xml
.PublisherPortToplevelSubscriberPortAOC.TestExceptionAttribute: initialize() was not invoked, but wrapup() was.  This is unusual, but not always a problem.  For example, exporting JNLP will do this.
0 ms. Memory: 1537024K Free: 1136471K (74%)
----------------- Invoking toplevel() on ptolemy.moml.MoMLSimpleApplication@309a4db2
----------------- Done invoking toplevel() on ptolemy.moml.MoMLSimpleApplication@309a4db2
reloadAllAccessors: .PublisherPortToplevelSubscriberPortAOC

===========================================================================================
----------------- testing Wed Oct 17 02:32:32 UTC 2018 /home/travis/build/icyphy/ptII/ptolemy/actor/lib/test/auto/PublisherSubscriber.xml
----------------- Instantiating /home/travis/build/icyphy/ptII/ptolemy/actor/lib/test/auto/PublisherSubscriber.xml
3 ms. Memory: 1537024K Free: 1114156K (72%)
----------------- Invoking toplevel() on ptolemy.moml.MoMLSimpleApplication@74ea52ca
----------------- Done invoking toplevel() on ptolemy.moml.MoMLSimpleApplication@74ea52ca
reloadAllAccessors: .PublisherSubscriber

===========================================================================================
----------------- testing Wed Oct 17 02:32:32 UTC 2018 /home/travis/build/icyphy/ptII/ptolemy/actor/lib/test/auto/PublisherSubscriber10.xml
----------------- Instantiating /home/travis/build/icyphy/ptII/ptolemy/actor/lib/test/auto/PublisherSubscriber10.xml
5 ms. Memory: 1537024K Free: 1099805K (72%)
----------------- Invoking toplevel() on ptolemy.moml.MoMLSimpleApplication@33a76f66
----------------- Done invoking toplevel() on ptolemy.moml.MoMLSimpleApplication@33a76f66
reloadAllAccessors: .PublisherSubscriber10

===========================================================================================
----------------- testing Wed Oct 17 02:32:32 UTC 2018 /home/travis/build/icyphy/ptII/ptolemy/actor/lib/test/auto/PublisherSubscriber10InitialOutputs.xml
----------------- Instantiating /home/travis/build/icyphy/ptII/ptolemy/actor/lib/test/auto/PublisherSubscriber10InitialOutputs.xml
4 ms. Memory: 1537024K Free: 1085453K (71%)
----------------- Invoking toplevel() on ptolemy.moml.MoMLSimpleApplication@7a98618f
----------------- Done invoking toplevel() on ptolemy.moml.MoMLSimpleApplication@7a98618f
reloadAllAccessors: .PublisherSubscriber10InitialOutputs

===========================================================================================
----------------- testing Wed Oct 17 02:32:32 UTC 2018 /home/travis/build/icyphy/ptII/ptolemy/actor/lib/test/auto/PublisherSubscriber11.xml
----------------- Instantiating /home/travis/build/icyphy/ptII/ptolemy/actor/lib/test/auto/PublisherSubscriber11.xml
2 ms. Memory: 1537024K Free: 1071102K (70%)
----------------- Invoking toplevel() on ptolemy.moml.MoMLSimpleApplication@3e46ea17
----------------- Done invoking toplevel() on ptolemy.moml.MoMLSimpleApplication@3e46ea17
reloadAllAccessors: .PublisherSubscriber11

===========================================================================================
----------------- testing Wed Oct 17 02:32:32 UTC 2018 /home/travis/build/icyphy/ptII/ptolemy/actor/lib/test/auto/PublisherSubscriber12.xml
----------------- Instantiating /home/travis/build/icyphy/ptII/ptolemy/actor/lib/test/auto/PublisherSubscriber12.xml
3 ms. Memory: 1537024K Free: 1048787K (68%)
----------------- Invoking toplevel() on ptolemy.moml.MoMLSimpleApplication@181b6a95
----------------- Done invoking toplevel() on ptolemy.moml.MoMLSimpleApplication@181b6a95
reloadAllAccessors: .PublisherSubscriber12

===========================================================================================
----------------- testing Wed Oct 17 02:32:32 UTC 2018 /home/travis/build/icyphy/ptII/ptolemy/actor/lib/test/auto/PublisherSubscriber13.xml
----------------- Instantiating /home/travis/build/icyphy/ptII/ptolemy/actor/lib/test/auto/PublisherSubscriber13.xml
2 ms. Memory: 1537024K Free: 1034435K (67%)
----------------- Invoking toplevel() on ptolemy.moml.MoMLSimpleApplication@3bf70c70
----------------- Done invoking toplevel() on ptolemy.moml.MoMLSimpleApplication@3bf70c70
reloadAllAccessors: .PublisherSubscriber13

===========================================================================================
----------------- testing Wed Oct 17 02:32:32 UTC 2018 /home/travis/build/icyphy/ptII/ptolemy/actor/lib/test/auto/PublisherSubscriber14.xml
----------------- Instantiating /home/travis/build/icyphy/ptII/ptolemy/actor/lib/test/auto/PublisherSubscriber14.xml
2 ms. Memory: 1537024K Free: 1020084K (66%)
----------------- Invoking toplevel() on ptolemy.moml.MoMLSimpleApplication@2e34877e
----------------- Done invoking toplevel() on ptolemy.moml.MoMLSimpleApplication@2e34877e
reloadAllAccessors: .PublisherSubscriber14

===========================================================================================
----------------- testing Wed Oct 17 02:32:32 UTC 2018 /home/travis/build/icyphy/ptII/ptolemy/actor/lib/test/auto/PublisherSubscriber2.xml
----------------- Instantiating /home/travis/build/icyphy/ptII/ptolemy/actor/lib/test/auto/PublisherSubscriber2.xml
2 ms. Memory: 1537024K Free: 997769K (65%)
----------------- Invoking toplevel() on ptolemy.moml.MoMLSimpleApplication@688b31f8
----------------- Done invoking toplevel() on ptolemy.moml.MoMLSimpleApplication@688b31f8
reloadAllAccessors: .PublisherSubscriber2

===========================================================================================
----------------- testing Wed Oct 17 02:32:32 UTC 2018 /home/travis/build/icyphy/ptII/ptolemy/actor/lib/test/auto/PublisherSubscriber3.xml
----------------- Instantiating /home/travis/build/icyphy/ptII/ptolemy/actor/lib/test/auto/PublisherSubscriber3.xml
1 ms. Memory: 1537024K Free: 983417K (64%)
----------------- Invoking toplevel() on ptolemy.moml.MoMLSimpleApplication@6cd11529
----------------- Done invoking toplevel() on ptolemy.moml.MoMLSimpleApplication@6cd11529
reloadAllAccessors: .PublisherSubscriber3

===========================================================================================
----------------- testing Wed Oct 17 02:32:32 UTC 2018 /home/travis/build/icyphy/ptII/ptolemy/actor/lib/test/auto/PublisherSubscriber4.xml
----------------- Instantiating /home/travis/build/icyphy/ptII/ptolemy/actor/lib/test/auto/PublisherSubscriber4.xml
1 ms. Memory: 1537024K Free: 969066K (63%)
----------------- Invoking toplevel() on ptolemy.moml.MoMLSimpleApplication@2f556eae
----------------- Done invoking toplevel() on ptolemy.moml.MoMLSimpleApplication@2f556eae
reloadAllAccessors: .PublisherSubscriber4

===========================================================================================
----------------- testing Wed Oct 17 02:32:32 UTC 2018 /home/travis/build/icyphy/ptII/ptolemy/actor/lib/test/auto/PublisherSubscriber5.xml
----------------- Instantiating /home/travis/build/icyphy/ptII/ptolemy/actor/lib/test/auto/PublisherSubscriber5.xml
2 ms. Memory: 1537024K Free: 946751K (62%)
----------------- Invoking toplevel() on ptolemy.moml.MoMLSimpleApplication@2fc49cad
----------------- Done invoking toplevel() on ptolemy.moml.MoMLSimpleApplication@2fc49cad
reloadAllAccessors: .PublisherSubscriber5

===========================================================================================
----------------- testing Wed Oct 17 02:32:32 UTC 2018 /home/travis/build/icyphy/ptII/ptolemy/actor/lib/test/auto/PublisherSubscriber6.xml
----------------- Instantiating /home/travis/build/icyphy/ptII/ptolemy/actor/lib/test/auto/PublisherSubscriber6.xml
2 ms. Memory: 1537024K Free: 932399K (61%)
----------------- Invoking toplevel() on ptolemy.moml.MoMLSimpleApplication@633e402a
----------------- Done invoking toplevel() on ptolemy.moml.MoMLSimpleApplication@633e402a
reloadAllAccessors: .PublisherSubscriber6

===========================================================================================
----------------- testing Wed Oct 17 02:32:32 UTC 2018 /home/travis/build/icyphy/ptII/ptolemy/actor/lib/test/auto/PublisherSubscriber7.xml
----------------- Instantiating /home/travis/build/icyphy/ptII/ptolemy/actor/lib/test/auto/PublisherSubscriber7.xml
2 ms. Memory: 1537024K Free: 918048K (60%)
----------------- Invoking toplevel() on ptolemy.moml.MoMLSimpleApplication@5b8f7423
----------------- Done invoking toplevel() on ptolemy.moml.MoMLSimpleApplication@5b8f7423
reloadAllAccessors: .PublisherSubscriber7

===========================================================================================
----------------- testing Wed Oct 17 02:32:32 UTC 2018 /home/travis/build/icyphy/ptII/ptolemy/actor/lib/test/auto/PublisherSubscriber8.xml
----------------- Instantiating /home/travis/build/icyphy/ptII/ptolemy/actor/lib/test/auto/PublisherSubscriber8.xml
9 ms. Memory: 1537024K Free: 831939K (54%)
----------------- Invoking toplevel() on ptolemy.moml.MoMLSimpleApplication@660c095e
----------------- Done invoking toplevel() on ptolemy.moml.MoMLSimpleApplication@660c095e
reloadAllAccessors: .PublisherSubscriber8

===========================================================================================
----------------- testing Wed Oct 17 02:32:32 UTC 2018 /home/travis/build/icyphy/ptII/ptolemy/actor/lib/test/auto/PublisherSubscriber9.xml
----------------- Instantiating /home/travis/build/icyphy/ptII/ptolemy/actor/lib/test/auto/PublisherSubscriber9.xml
2 ms. Memory: 1537024K Free: 809624K (53%)
----------------- Invoking toplevel() on ptolemy.moml.MoMLSimpleApplication@7346fc9
----------------- Done invoking toplevel() on ptolemy.moml.MoMLSimpleApplication@7346fc9
reloadAllAccessors: .PublisherSubscriber9

===========================================================================================
----------------- testing Wed Oct 17 02:32:32 UTC 2018 /home/travis/build/icyphy/ptII/ptolemy/actor/lib/test/auto/PublisherSubscriberAdjacent.xml
----------------- Instantiating /home/travis/build/icyphy/ptII/ptolemy/actor/lib/test/auto/PublisherSubscriberAdjacent.xml
2 ms. Memory: 1537024K Free: 795273K (52%)
----------------- Invoking toplevel() on ptolemy.moml.MoMLSimpleApplication@11b622c6
----------------- Done invoking toplevel() on ptolemy.moml.MoMLSimpleApplication@11b622c6
reloadAllAccessors: .PublisherSubscriberAdjacent

===========================================================================================
----------------- testing Wed Oct 17 02:32:32 UTC 2018 /home/travis/build/icyphy/ptII/ptolemy/actor/lib/test/auto/PublisherSubscriberChannelVariablesAOC2.xml
----------------- Instantiating /home/travis/build/icyphy/ptII/ptolemy/actor/lib/test/auto/PublisherSubscriberChannelVariablesAOC2.xml
2 ms. Memory: 1537024K Free: 773730K (50%)
----------------- Invoking toplevel() on ptolemy.moml.MoMLSimpleApplication@2f14b099
----------------- Done invoking toplevel() on ptolemy.moml.MoMLSimpleApplication@2f14b099
reloadAllAccessors: .PublisherSubscriberChannelVariablesAOC2

===========================================================================================
----------------- testing Wed Oct 17 02:32:32 UTC 2018 /home/travis/build/icyphy/ptII/ptolemy/actor/lib/test/auto/PublisherSubscriberD3.xml
----------------- Instantiating /home/travis/build/icyphy/ptII/ptolemy/actor/lib/test/auto/PublisherSubscriberD3.xml
2 ms. Memory: 1537024K Free: 751414K (49%)
----------------- Invoking toplevel() on ptolemy.moml.MoMLSimpleApplication@702ee18d
----------------- Done invoking toplevel() on ptolemy.moml.MoMLSimpleApplication@702ee18d
reloadAllAccessors: .PublisherSubscriberD3

===========================================================================================
----------------- testing Wed Oct 17 02:32:32 UTC 2018 /home/travis/build/icyphy/ptII/ptolemy/actor/lib/test/auto/PublisherSubscriberD3Reverse.xml
----------------- Instantiating /home/travis/build/icyphy/ptII/ptolemy/actor/lib/test/auto/PublisherSubscriberD3Reverse.xml
2 ms. Memory: 1537024K Free: 737063K (48%)
----------------- Invoking toplevel() on ptolemy.moml.MoMLSimpleApplication@7ad4c5bd
----------------- Done invoking toplevel() on ptolemy.moml.MoMLSimpleApplication@7ad4c5bd
reloadAllAccessors: .PublisherSubscriberD3Reverse

===========================================================================================
----------------- testing Wed Oct 17 02:32:32 UTC 2018 /home/travis/build/icyphy/ptII/ptolemy/actor/lib/test/auto/PublisherSubscriberExpression.xml
----------------- Instantiating /home/travis/build/icyphy/ptII/ptolemy/actor/lib/test/auto/PublisherSubscriberExpression.xml
3 ms. Memory: 1537024K Free: 722712K (47%)
----------------- Invoking toplevel() on ptolemy.moml.MoMLSimpleApplication@6784c7db
----------------- Done invoking toplevel() on ptolemy.moml.MoMLSimpleApplication@6784c7db
reloadAllAccessors: .PublisherSubscriberExpression

===========================================================================================
----------------- testing Wed Oct 17 02:32:32 UTC 2018 /home/travis/build/icyphy/ptII/ptolemy/actor/lib/test/auto/PublisherSubscriberOpaque.xml
----------------- Instantiating /home/travis/build/icyphy/ptII/ptolemy/actor/lib/test/auto/PublisherSubscriberOpaque.xml
2 ms. Memory: 1537024K Free: 700396K (46%)
----------------- Invoking toplevel() on ptolemy.moml.MoMLSimpleApplication@48fdfc39
----------------- Done invoking toplevel() on ptolemy.moml.MoMLSimpleApplication@48fdfc39
reloadAllAccessors: .PublisherSubscriberOpaque

===========================================================================================
----------------- testing Wed Oct 17 02:32:32 UTC 2018 /home/travis/build/icyphy/ptII/ptolemy/actor/lib/test/auto/PublisherSubscriberOpaqueD3.xml
----------------- Instantiating /home/travis/build/icyphy/ptII/ptolemy/actor/lib/test/auto/PublisherSubscriberOpaqueD3.xml
4 ms. Memory: 1537024K Free: 678869K (44%)
----------------- Invoking toplevel() on ptolemy.moml.MoMLSimpleApplication@2da19a1f
----------------- Done invoking toplevel() on ptolemy.moml.MoMLSimpleApplication@2da19a1f
reloadAllAccessors: .PublisherSubscriberOpaqueD3

===========================================================================================
----------------- testing Wed Oct 17 02:32:32 UTC 2018 /home/travis/build/icyphy/ptII/ptolemy/actor/lib/test/auto/PublisherSubscriberOpaqueD3Reverse.xml
----------------- Instantiating /home/travis/build/icyphy/ptII/ptolemy/actor/lib/test/auto/PublisherSubscriberOpaqueD3Reverse.xml
6 ms. Memory: 1537024K Free: 664517K (43%)
----------------- Invoking toplevel() on ptolemy.moml.MoMLSimpleApplication@40f55bf0
----------------- Done invoking toplevel() on ptolemy.moml.MoMLSimpleApplication@40f55bf0
reloadAllAccessors: .PublisherSubscriberOpaqueD3Reverse

===========================================================================================
----------------- testing Wed Oct 17 02:32:32 UTC 2018 /home/travis/build/icyphy/ptII/ptolemy/actor/lib/test/auto/PublisherSubscriberOpaqueWidthInference.xml
----------------- Instantiating /home/travis/build/icyphy/ptII/ptolemy/actor/lib/test/auto/PublisherSubscriberOpaqueWidthInference.xml
4 ms. Memory: 1537024K Free: 642202K (42%)
----------------- Invoking toplevel() on ptolemy.moml.MoMLSimpleApplication@bc2f85b
----------------- Done invoking toplevel() on ptolemy.moml.MoMLSimpleApplication@bc2f85b
reloadAllAccessors: .PublisherSubscriberOpaqueWidthInference

===========================================================================================
----------------- testing Wed Oct 17 02:32:32 UTC 2018 /home/travis/build/icyphy/ptII/ptolemy/actor/lib/test/auto/PublisherTestSubscriber.xml
----------------- Instantiating /home/travis/build/icyphy/ptII/ptolemy/actor/lib/test/auto/PublisherTestSubscriber.xml
2 ms. Memory: 1537024K Free: 627851K (41%)
----------------- Invoking toplevel() on ptolemy.moml.MoMLSimpleApplication@36bf58af
----------------- Done invoking toplevel() on ptolemy.moml.MoMLSimpleApplication@36bf58af
reloadAllAccessors: .PublisherTestSubscriber

===========================================================================================
----------------- testing Wed Oct 17 02:32:32 UTC 2018 /home/travis/build/icyphy/ptII/ptolemy/actor/lib/test/auto/PublisherToplevelSubscriberPortAOC.xml
----------------- Instantiating /home/travis/build/icyphy/ptII/ptolemy/actor/lib/test/auto/PublisherToplevelSubscriberPortAOC.xml
1 ms. Memory: 1537024K Free: 613499K (40%)
----------------- Invoking toplevel() on ptolemy.moml.MoMLSimpleApplication@1ede3065
----------------- Done invoking toplevel() on ptolemy.moml.MoMLSimpleApplication@1ede3065
reloadAllAccessors: .PublisherToplevelSubscriberPortAOC

===========================================================================================
----------------- testing Wed Oct 17 02:32:32 UTC 2018 /home/travis/build/icyphy/ptII/ptolemy/actor/lib/test/auto/PulseFiringLimitDE.xml
----------------- Instantiating /home/travis/build/icyphy/ptII/ptolemy/actor/lib/test/auto/PulseFiringLimitDE.xml
5 ms. Memory: 1537024K Free: 599148K (39%)
----------------- Invoking toplevel() on ptolemy.moml.MoMLSimpleApplication@411e58ae
----------------- Done invoking toplevel() on ptolemy.moml.MoMLSimpleApplication@411e58ae
reloadAllAccessors: .PulseFiringLimitDE

===========================================================================================
----------------- testing Wed Oct 17 02:32:32 UTC 2018 /home/travis/build/icyphy/ptII/ptolemy/actor/lib/test/auto/Ramp1.xml
----------------- Instantiating /home/travis/build/icyphy/ptII/ptolemy/actor/lib/test/auto/Ramp1.xml
1 ms. Memory: 1537024K Free: 576832K (38%)
----------------- Invoking toplevel() on ptolemy.moml.MoMLSimpleApplication@eadae7c
----------------- Done invoking toplevel() on ptolemy.moml.MoMLSimpleApplication@eadae7c
reloadAllAccessors: .Ramp1

===========================================================================================
----------------- testing Wed Oct 17 02:32:32 UTC 2018 /home/travis/build/icyphy/ptII/ptolemy/actor/lib/test/auto/RampFiringLimitDE.xml
----------------- Instantiating /home/travis/build/icyphy/ptII/ptolemy/actor/lib/test/auto/RampFiringLimitDE.xml
2 ms. Memory: 1537024K Free: 562481K (37%)
----------------- Invoking toplevel() on ptolemy.moml.MoMLSimpleApplication@4b527be5
----------------- Done invoking toplevel() on ptolemy.moml.MoMLSimpleApplication@4b527be5
reloadAllAccessors: .RampFiringLimitDE

===========================================================================================
----------------- testing Wed Oct 17 02:32:32 UTC 2018 /home/travis/build/icyphy/ptII/ptolemy/actor/lib/test/auto/RampFiringLimitSDF.xml
----------------- Instantiating /home/travis/build/icyphy/ptII/ptolemy/actor/lib/test/auto/RampFiringLimitSDF.xml
1 ms. Memory: 1537024K Free: 548130K (36%)
----------------- Invoking toplevel() on ptolemy.moml.MoMLSimpleApplication@7bdfc29e
----------------- Done invoking toplevel() on ptolemy.moml.MoMLSimpleApplication@7bdfc29e
reloadAllAccessors: .RampFiringLimitSDF

===========================================================================================
----------------- testing Wed Oct 17 02:32:32 UTC 2018 /home/travis/build/icyphy/ptII/ptolemy/actor/lib/test/auto/RandomInteger.xml
----------------- Instantiating /home/travis/build/icyphy/ptII/ptolemy/actor/lib/test/auto/RandomInteger.xml
2 ms. Memory: 1537024K Free: 525814K (34%)
----------------- Invoking toplevel() on ptolemy.moml.MoMLSimpleApplication@1105156e
----------------- Done invoking toplevel() on ptolemy.moml.MoMLSimpleApplication@1105156e
reloadAllAccessors: .RandomInteger

===========================================================================================
----------------- testing Wed Oct 17 02:32:32 UTC 2018 /home/travis/build/icyphy/ptII/ptolemy/actor/lib/test/auto/ReadFile1.xml
----------------- Instantiating /home/travis/build/icyphy/ptII/ptolemy/actor/lib/test/auto/ReadFile1.xml
1 ms. Memory: 1537024K Free: 511463K (33%)
----------------- Invoking toplevel() on ptolemy.moml.MoMLSimpleApplication@6c3f35d2
----------------- Done invoking toplevel() on ptolemy.moml.MoMLSimpleApplication@6c3f35d2
reloadAllAccessors: .ReadFile1

===========================================================================================
----------------- testing Wed Oct 17 02:32:32 UTC 2018 /home/travis/build/icyphy/ptII/ptolemy/actor/lib/test/auto/ReadFile2.xml
----------------- Instantiating /home/travis/build/icyphy/ptII/ptolemy/actor/lib/test/auto/ReadFile2.xml
0 ms. Memory: 1537024K Free: 497112K (32%)
----------------- Invoking toplevel() on ptolemy.moml.MoMLSimpleApplication@2887e615
----------------- Done invoking toplevel() on ptolemy.moml.MoMLSimpleApplication@2887e615
reloadAllAccessors: .ReadFile2

===========================================================================================
----------------- testing Wed Oct 17 02:32:32 UTC 2018 /home/travis/build/icyphy/ptII/ptolemy/actor/lib/test/auto/Reader.xml
----------------- Instantiating /home/travis/build/icyphy/ptII/ptolemy/actor/lib/test/auto/Reader.xml
actor.lib.Reader is obsolete, use actor.lib.io.ExpressionReader instead
1 ms. Memory: 1537024K Free: 474796K (31%)
----------------- Invoking toplevel() on ptolemy.moml.MoMLSimpleApplication@6d594df8
----------------- Done invoking toplevel() on ptolemy.moml.MoMLSimpleApplication@6d594df8
reloadAllAccessors: .Reader

===========================================================================================
----------------- testing Wed Oct 17 02:32:32 UTC 2018 /home/travis/build/icyphy/ptII/ptolemy/actor/lib/test/auto/RecordAssemblerDisplayNameTest.xml
----------------- Instantiating /home/travis/build/icyphy/ptII/ptolemy/actor/lib/test/auto/RecordAssemblerDisplayNameTest.xml
2937 ms. Memory: 1569280K Free: 672159K (43%)
----------------- Invoking toplevel() on ptolemy.moml.MoMLSimpleApplication@6f3b3467
----------------- Done invoking toplevel() on ptolemy.moml.MoMLSimpleApplication@6f3b3467
reloadAllAccessors: .RecordAssemblerDisplayNameTest

===========================================================================================
----------------- testing Wed Oct 17 02:32:35 UTC 2018 /home/travis/build/icyphy/ptII/ptolemy/actor/lib/test/auto/RecordAssemblerTypeError.xml
----------------- Instantiating /home/travis/build/icyphy/ptII/ptolemy/actor/lib/test/auto/RecordAssemblerTypeError.xml
15 ms. Memory: 1569280K Free: 640551K (41%)
----------------- Invoking toplevel() on ptolemy.moml.MoMLSimpleApplication@18041096
----------------- Done invoking toplevel() on ptolemy.moml.MoMLSimpleApplication@18041096
reloadAllAccessors: .RecordAssemblerTypeError

===========================================================================================
----------------- testing Wed Oct 17 02:32:35 UTC 2018 /home/travis/build/icyphy/ptII/ptolemy/actor/lib/test/auto/RecordDisassember.xml
----------------- Instantiating /home/travis/build/icyphy/ptII/ptolemy/actor/lib/test/auto/RecordDisassember.xml
3 ms. Memory: 1569280K Free: 626056K (40%)
----------------- Invoking toplevel() on ptolemy.moml.MoMLSimpleApplication@4895d836
----------------- Done invoking toplevel() on ptolemy.moml.MoMLSimpleApplication@4895d836
reloadAllAccessors: .RecordDisassember

===========================================================================================
----------------- testing Wed Oct 17 02:32:35 UTC 2018 /home/travis/build/icyphy/ptII/ptolemy/actor/lib/test/auto/RecordDisassemberDisplayNameTest.xml
----------------- Instantiating /home/travis/build/icyphy/ptII/ptolemy/actor/lib/test/auto/RecordDisassemberDisplayNameTest.xml
5 ms. Memory: 1569280K Free: 605401K (39%)
----------------- Invoking toplevel() on ptolemy.moml.MoMLSimpleApplication@6a2cde7b
----------------- Done invoking toplevel() on ptolemy.moml.MoMLSimpleApplication@6a2cde7b
reloadAllAccessors: .RecordDisassemberDisplayNameTest

===========================================================================================
----------------- testing Wed Oct 17 02:32:35 UTC 2018 /home/travis/build/icyphy/ptII/ptolemy/actor/lib/test/auto/RecordDisassembler.xml
----------------- Instantiating /home/travis/build/icyphy/ptII/ptolemy/actor/lib/test/auto/RecordDisassembler.xml
2 ms. Memory: 1569280K Free: 590907K (38%)
----------------- Invoking toplevel() on ptolemy.moml.MoMLSimpleApplication@24ad3c65
----------------- Done invoking toplevel() on ptolemy.moml.MoMLSimpleApplication@24ad3c65
reloadAllAccessors: .RecordDisassembler

===========================================================================================
----------------- testing Wed Oct 17 02:32:35 UTC 2018 /home/travis/build/icyphy/ptII/ptolemy/actor/lib/test/auto/RecordDisassembler2.xml
----------------- Instantiating /home/travis/build/icyphy/ptII/ptolemy/actor/lib/test/auto/RecordDisassembler2.xml
2 ms. Memory: 1569280K Free: 570252K (36%)
----------------- Invoking toplevel() on ptolemy.moml.MoMLSimpleApplication@730d275f
----------------- Done invoking toplevel() on ptolemy.moml.MoMLSimpleApplication@730d275f
reloadAllAccessors: .RecordDisassembler2

===========================================================================================
----------------- testing Wed Oct 17 02:32:35 UTC 2018 /home/travis/build/icyphy/ptII/ptolemy/actor/lib/test/auto/RecordUpdater.xml
----------------- Instantiating /home/travis/build/icyphy/ptII/ptolemy/actor/lib/test/auto/RecordUpdater.xml
2 ms. Memory: 1569280K Free: 555758K (35%)
----------------- Invoking toplevel() on ptolemy.moml.MoMLSimpleApplication@38eebea6
----------------- Done invoking toplevel() on ptolemy.moml.MoMLSimpleApplication@38eebea6
reloadAllAccessors: .RecordUpdater

===========================================================================================
----------------- testing Wed Oct 17 02:32:35 UTC 2018 /home/travis/build/icyphy/ptII/ptolemy/actor/lib/test/auto/RecordUpdater2.xml
----------------- Instantiating /home/travis/build/icyphy/ptII/ptolemy/actor/lib/test/auto/RecordUpdater2.xml
2 ms. Memory: 1569280K Free: 541263K (34%)
----------------- Invoking toplevel() on ptolemy.moml.MoMLSimpleApplication@26b7afbb
----------------- Done invoking toplevel() on ptolemy.moml.MoMLSimpleApplication@26b7afbb
reloadAllAccessors: .RecordUpdater2

===========================================================================================
----------------- testing Wed Oct 17 02:32:35 UTC 2018 /home/travis/build/icyphy/ptII/ptolemy/actor/lib/test/auto/RecursiveLattice.xml
----------------- Instantiating /home/travis/build/icyphy/ptII/ptolemy/actor/lib/test/auto/RecursiveLattice.xml
1 ms. Memory: 1569280K Free: 520609K (33%)
----------------- Invoking toplevel() on ptolemy.moml.MoMLSimpleApplication@45ffde82
----------------- Done invoking toplevel() on ptolemy.moml.MoMLSimpleApplication@45ffde82
reloadAllAccessors: .RecursiveLattice

===========================================================================================
----------------- testing Wed Oct 17 02:32:35 UTC 2018 /home/travis/build/icyphy/ptII/ptolemy/actor/lib/test/auto/Router.xml
----------------- Instantiating /home/travis/build/icyphy/ptII/ptolemy/actor/lib/test/auto/Router.xml
3003 ms. Memory: 1569280K Free: 506114K (32%)
----------------- Invoking toplevel() on ptolemy.moml.MoMLSimpleApplication@74ee438a
----------------- Done invoking toplevel() on ptolemy.moml.MoMLSimpleApplication@74ee438a
reloadAllAccessors: .Router

===========================================================================================
----------------- testing Wed Oct 17 02:32:39 UTC 2018 /home/travis/build/icyphy/ptII/ptolemy/actor/lib/test/auto/Router2.xml
----------------- Instantiating /home/travis/build/icyphy/ptII/ptolemy/actor/lib/test/auto/Router2.xml
3003 ms. Memory: 1569280K Free: 485459K (31%)
----------------- Invoking toplevel() on ptolemy.moml.MoMLSimpleApplication@49130f57
----------------- Done invoking toplevel() on ptolemy.moml.MoMLSimpleApplication@49130f57
reloadAllAccessors: .Router2

===========================================================================================
----------------- testing Wed Oct 17 02:32:42 UTC 2018 /home/travis/build/icyphy/ptII/ptolemy/actor/lib/test/auto/RunningMaximum.xml
----------------- Instantiating /home/travis/build/icyphy/ptII/ptolemy/actor/lib/test/auto/RunningMaximum.xml
1 ms. Memory: 1569280K Free: 470965K (30%)
----------------- Invoking toplevel() on ptolemy.moml.MoMLSimpleApplication@4b784783
----------------- Done invoking toplevel() on ptolemy.moml.MoMLSimpleApplication@4b784783
reloadAllAccessors: .RunningMaximum

===========================================================================================
----------------- testing Wed Oct 17 02:32:42 UTC 2018 /home/travis/build/icyphy/ptII/ptolemy/actor/lib/test/auto/RunningMinimum.xml
----------------- Instantiating /home/travis/build/icyphy/ptII/ptolemy/actor/lib/test/auto/RunningMinimum.xml
1 ms. Memory: 1569280K Free: 456470K (29%)
----------------- Invoking toplevel() on ptolemy.moml.MoMLSimpleApplication@4e8da55c
----------------- Done invoking toplevel() on ptolemy.moml.MoMLSimpleApplication@4e8da55c
reloadAllAccessors: .RunningMinimum

===========================================================================================
----------------- testing Wed Oct 17 02:32:42 UTC 2018 /home/travis/build/icyphy/ptII/ptolemy/actor/lib/test/auto/Scale.xml
----------------- Instantiating /home/travis/build/icyphy/ptII/ptolemy/actor/lib/test/auto/Scale.xml
1 ms. Memory: 1569280K Free: 435815K (28%)
----------------- Invoking toplevel() on ptolemy.moml.MoMLSimpleApplication@7b146dd4
----------------- Done invoking toplevel() on ptolemy.moml.MoMLSimpleApplication@7b146dd4
reloadAllAccessors: .Scale

===========================================================================================
----------------- testing Wed Oct 17 02:32:42 UTC 2018 /home/travis/build/icyphy/ptII/ptolemy/actor/lib/test/auto/Scale2.xml
----------------- Instantiating /home/travis/build/icyphy/ptII/ptolemy/actor/lib/test/auto/Scale2.xml
1 ms. Memory: 1569280K Free: 421321K (27%)
----------------- Invoking toplevel() on ptolemy.moml.MoMLSimpleApplication@5bdddc4d
----------------- Done invoking toplevel() on ptolemy.moml.MoMLSimpleApplication@5bdddc4d
reloadAllAccessors: .Scale2

===========================================================================================
----------------- testing Wed Oct 17 02:32:42 UTC 2018 /home/travis/build/icyphy/ptII/ptolemy/actor/lib/test/auto/Scale3.xml
----------------- Instantiating /home/travis/build/icyphy/ptII/ptolemy/actor/lib/test/auto/Scale3.xml
3 ms. Memory: 1569280K Free: 400666K (26%)
----------------- Invoking toplevel() on ptolemy.moml.MoMLSimpleApplication@2a31690f
----------------- Done invoking toplevel() on ptolemy.moml.MoMLSimpleApplication@2a31690f
reloadAllAccessors: .Scale3

===========================================================================================
----------------- testing Wed Oct 17 02:32:42 UTC 2018 /home/travis/build/icyphy/ptII/ptolemy/actor/lib/test/auto/ScaleArray.xml
----------------- Instantiating /home/travis/build/icyphy/ptII/ptolemy/actor/lib/test/auto/ScaleArray.xml
2 ms. Memory: 1569280K Free: 386172K (25%)
----------------- Invoking toplevel() on ptolemy.moml.MoMLSimpleApplication@6f92b5f6
----------------- Done invoking toplevel() on ptolemy.moml.MoMLSimpleApplication@6f92b5f6
reloadAllAccessors: .ScaleArray

===========================================================================================
----------------- testing Wed Oct 17 02:32:42 UTC 2018 /home/travis/build/icyphy/ptII/ptolemy/actor/lib/test/auto/ScaleArray2.xml
----------------- Instantiating /home/travis/build/icyphy/ptII/ptolemy/actor/lib/test/auto/ScaleArray2.xml
1 ms. Memory: 1569280K Free: 371677K (24%)
----------------- Invoking toplevel() on ptolemy.moml.MoMLSimpleApplication@13820b88
----------------- Done invoking toplevel() on ptolemy.moml.MoMLSimpleApplication@13820b88
reloadAllAccessors: .ScaleArray2

===========================================================================================
----------------- testing Wed Oct 17 02:32:42 UTC 2018 /home/travis/build/icyphy/ptII/ptolemy/actor/lib/test/auto/ScaleMatrix.xml
----------------- Instantiating /home/travis/build/icyphy/ptII/ptolemy/actor/lib/test/auto/ScaleMatrix.xml
105 ms. Memory: 1569280K Free: 343775K (22%)
----------------- Invoking toplevel() on ptolemy.moml.MoMLSimpleApplication@29ad1cf2
----------------- Done invoking toplevel() on ptolemy.moml.MoMLSimpleApplication@29ad1cf2
reloadAllAccessors: .ScaleMatrix

===========================================================================================
----------------- testing Wed Oct 17 02:32:42 UTC 2018 /home/travis/build/icyphy/ptII/ptolemy/actor/lib/test/auto/Select.xml
----------------- Instantiating /home/travis/build/icyphy/ptII/ptolemy/actor/lib/test/auto/Select.xml
2 ms. Memory: 1569280K Free: 329280K (21%)
----------------- Invoking toplevel() on ptolemy.moml.MoMLSimpleApplication@589bbe97
----------------- Done invoking toplevel() on ptolemy.moml.MoMLSimpleApplication@589bbe97
reloadAllAccessors: .Select

===========================================================================================
----------------- testing Wed Oct 17 02:32:42 UTC 2018 /home/travis/build/icyphy/ptII/ptolemy/actor/lib/test/auto/Select2.xml
----------------- Instantiating /home/travis/build/icyphy/ptII/ptolemy/actor/lib/test/auto/Select2.xml
1 ms. Memory: 1569280K Free: 308626K (20%)
----------------- Invoking toplevel() on ptolemy.moml.MoMLSimpleApplication@44885047
----------------- Done invoking toplevel() on ptolemy.moml.MoMLSimpleApplication@44885047
reloadAllAccessors: .Select2

===========================================================================================
----------------- testing Wed Oct 17 02:32:42 UTC 2018 /home/travis/build/icyphy/ptII/ptolemy/actor/lib/test/auto/SequenceToArray2.xml
----------------- Instantiating /home/travis/build/icyphy/ptII/ptolemy/actor/lib/test/auto/SequenceToArray2.xml
83 ms. Memory: 1569280K Free: 221641K (14%)
----------------- Invoking toplevel() on ptolemy.moml.MoMLSimpleApplication@1eefd68a
----------------- Done invoking toplevel() on ptolemy.moml.MoMLSimpleApplication@1eefd68a
reloadAllAccessors: .SequenceToArray2

===========================================================================================
----------------- testing Wed Oct 17 02:32:42 UTC 2018 /home/travis/build/icyphy/ptII/ptolemy/actor/lib/test/auto/SequentialClock.xml
----------------- Instantiating /home/travis/build/icyphy/ptII/ptolemy/actor/lib/test/auto/SequentialClock.xml
2 ms. Memory: 1569280K Free: 207147K (13%)
----------------- Invoking toplevel() on ptolemy.moml.MoMLSimpleApplication@6bef54b1
----------------- Done invoking toplevel() on ptolemy.moml.MoMLSimpleApplication@6bef54b1
reloadAllAccessors: .SequentialClock

===========================================================================================
----------------- testing Wed Oct 17 02:32:42 UTC 2018 /home/travis/build/icyphy/ptII/ptolemy/actor/lib/test/auto/SetVariable.xml
----------------- Instantiating /home/travis/build/icyphy/ptII/ptolemy/actor/lib/test/auto/SetVariable.xml
5 ms. Memory: 1569280K Free: 186492K (12%)
----------------- Invoking toplevel() on ptolemy.moml.MoMLSimpleApplication@4d5ec282
----------------- Done invoking toplevel() on ptolemy.moml.MoMLSimpleApplication@4d5ec282
reloadAllAccessors: .SetVariable

===========================================================================================
----------------- testing Wed Oct 17 02:32:42 UTC 2018 /home/travis/build/icyphy/ptII/ptolemy/actor/lib/test/auto/SetVariable2.xml
----------------- Instantiating /home/travis/build/icyphy/ptII/ptolemy/actor/lib/test/auto/SetVariable2.xml
6 ms. Memory: 1569280K Free: 171998K (11%)
----------------- Invoking toplevel() on ptolemy.moml.MoMLSimpleApplication@2ad1811e
----------------- Done invoking toplevel() on ptolemy.moml.MoMLSimpleApplication@2ad1811e
reloadAllAccessors: .SetVariable2

===========================================================================================
----------------- testing Wed Oct 17 02:32:42 UTC 2018 /home/travis/build/icyphy/ptII/ptolemy/actor/lib/test/auto/SetVariable3.xml
----------------- Instantiating /home/travis/build/icyphy/ptII/ptolemy/actor/lib/test/auto/SetVariable3.xml
5 ms. Memory: 1569280K Free: 151343K (10%)
----------------- Invoking toplevel() on ptolemy.moml.MoMLSimpleApplication@1d97735
----------------- Done invoking toplevel() on ptolemy.moml.MoMLSimpleApplication@1d97735
reloadAllAccessors: .SetVariable3

===========================================================================================
----------------- testing Wed Oct 17 02:32:42 UTC 2018 /home/travis/build/icyphy/ptII/ptolemy/actor/lib/test/auto/SetVariable4.xml
----------------- Instantiating /home/travis/build/icyphy/ptII/ptolemy/actor/lib/test/auto/SetVariable4.xml
12 ms. Memory: 1569280K Free: 86117K (5%)
----------------- Invoking toplevel() on ptolemy.moml.MoMLSimpleApplication@5f562d17
----------------- Done invoking toplevel() on ptolemy.moml.MoMLSimpleApplication@5f562d17
reloadAllAccessors: .SetVariable4

===========================================================================================
----------------- testing Wed Oct 17 02:32:42 UTC 2018 /home/travis/build/icyphy/ptII/ptolemy/actor/lib/test/auto/SetVariable5.xml
----------------- Instantiating /home/travis/build/icyphy/ptII/ptolemy/actor/lib/test/auto/SetVariable5.xml
24 ms. Memory: 1707008K Free: 1662147K (97%)
----------------- Invoking toplevel() on ptolemy.moml.MoMLSimpleApplication@75dd8589
----------------- Done invoking toplevel() on ptolemy.moml.MoMLSimpleApplication@75dd8589
reloadAllAccessors: .SetVariable5

===========================================================================================
----------------- testing Wed Oct 17 02:32:42 UTC 2018 /home/travis/build/icyphy/ptII/ptolemy/actor/lib/test/auto/Sinewave.xml
----------------- Instantiating /home/travis/build/icyphy/ptII/ptolemy/actor/lib/test/auto/Sinewave.xml
5 ms. Memory: 1707008K Free: 1629055K (95%)
----------------- Invoking toplevel() on ptolemy.moml.MoMLSimpleApplication@1b824809
----------------- Done invoking toplevel() on ptolemy.moml.MoMLSimpleApplication@1b824809
reloadAllAccessors: .Sinewave

===========================================================================================
----------------- testing Wed Oct 17 02:32:42 UTC 2018 /home/travis/build/icyphy/ptII/ptolemy/actor/lib/test/auto/Sinewave2.xml
----------------- Instantiating /home/travis/build/icyphy/ptII/ptolemy/actor/lib/test/auto/Sinewave2.xml
5 ms. Memory: 1707008K Free: 1608072K (94%)
----------------- Invoking toplevel() on ptolemy.moml.MoMLSimpleApplication@6a21549
----------------- Done invoking toplevel() on ptolemy.moml.MoMLSimpleApplication@6a21549
reloadAllAccessors: .Sinewave2

===========================================================================================
----------------- testing Wed Oct 17 02:32:42 UTC 2018 /home/travis/build/icyphy/ptII/ptolemy/actor/lib/test/auto/Sinewave3.xml
----------------- Instantiating /home/travis/build/icyphy/ptII/ptolemy/actor/lib/test/auto/Sinewave3.xml
10 ms. Memory: 1707008K Free: 1592026K (93%)
----------------- Invoking toplevel() on ptolemy.moml.MoMLSimpleApplication@5c00244d
----------------- Done invoking toplevel() on ptolemy.moml.MoMLSimpleApplication@5c00244d
reloadAllAccessors: .Sinewave3

===========================================================================================
----------------- testing Wed Oct 17 02:32:42 UTC 2018 /home/travis/build/icyphy/ptII/ptolemy/actor/lib/test/auto/SingleEvent.xml
----------------- Instantiating /home/travis/build/icyphy/ptII/ptolemy/actor/lib/test/auto/SingleEvent.xml
1 ms. Memory: 1707008K Free: 1571043K (92%)
----------------- Invoking toplevel() on ptolemy.moml.MoMLSimpleApplication@ac70716
----------------- Done invoking toplevel() on ptolemy.moml.MoMLSimpleApplication@ac70716
reloadAllAccessors: .SingleEvent

===========================================================================================
----------------- testing Wed Oct 17 02:32:42 UTC 2018 /home/travis/build/icyphy/ptII/ptolemy/actor/lib/test/auto/Sleep.xml
----------------- Instantiating /home/travis/build/icyphy/ptII/ptolemy/actor/lib/test/auto/Sleep.xml
6005 ms. Memory: 1707008K Free: 1554997K (91%)
----------------- Invoking toplevel() on ptolemy.moml.MoMLSimpleApplication@685b48a3
----------------- Done invoking toplevel() on ptolemy.moml.MoMLSimpleApplication@685b48a3
reloadAllAccessors: .Sleep

===========================================================================================
----------------- testing Wed Oct 17 02:32:48 UTC 2018 /home/travis/build/icyphy/ptII/ptolemy/actor/lib/test/auto/SleepMultipleFire.xml
----------------- Instantiating /home/travis/build/icyphy/ptII/ptolemy/actor/lib/test/auto/SleepMultipleFire.xml
1006 ms. Memory: 1707008K Free: 1534014K (90%)
----------------- Invoking toplevel() on ptolemy.moml.MoMLSimpleApplication@785fd58a
----------------- Done invoking toplevel() on ptolemy.moml.MoMLSimpleApplication@785fd58a
reloadAllAccessors: .SleepMultipleFire

===========================================================================================
----------------- testing Wed Oct 17 02:32:49 UTC 2018 /home/travis/build/icyphy/ptII/ptolemy/actor/lib/test/auto/StopDE.xml
----------------- Instantiating /home/travis/build/icyphy/ptII/ptolemy/actor/lib/test/auto/StopDE.xml
2 ms. Memory: 1707008K Free: 1517968K (89%)
----------------- Invoking toplevel() on ptolemy.moml.MoMLSimpleApplication@68938c91
----------------- Done invoking toplevel() on ptolemy.moml.MoMLSimpleApplication@68938c91
reloadAllAccessors: .StopDE

===========================================================================================
----------------- testing Wed Oct 17 02:32:49 UTC 2018 /home/travis/build/icyphy/ptII/ptolemy/actor/lib/test/auto/StopSDF.xml
----------------- Instantiating /home/travis/build/icyphy/ptII/ptolemy/actor/lib/test/auto/StopSDF.xml
1 ms. Memory: 1707008K Free: 1496985K (88%)
----------------- Invoking toplevel() on ptolemy.moml.MoMLSimpleApplication@787aed3c
----------------- Done invoking toplevel() on ptolemy.moml.MoMLSimpleApplication@787aed3c
reloadAllAccessors: .StopSDF

===========================================================================================
----------------- testing Wed Oct 17 02:32:49 UTC 2018 /home/travis/build/icyphy/ptII/ptolemy/actor/lib/test/auto/StringConstant.xml
----------------- Instantiating /home/travis/build/icyphy/ptII/ptolemy/actor/lib/test/auto/StringConstant.xml
1 ms. Memory: 1707008K Free: 1480939K (87%)
----------------- Invoking toplevel() on ptolemy.moml.MoMLSimpleApplication@7f000274
----------------- Done invoking toplevel() on ptolemy.moml.MoMLSimpleApplication@7f000274
reloadAllAccessors: .StringConstant

===========================================================================================
----------------- testing Wed Oct 17 02:32:49 UTC 2018 /home/travis/build/icyphy/ptII/ptolemy/actor/lib/test/auto/SubscriberPortInitialValues1.xml
----------------- Instantiating /home/travis/build/icyphy/ptII/ptolemy/actor/lib/test/auto/SubscriberPortInitialValues1.xml
4 ms. Memory: 1707008K Free: 1459956K (86%)
----------------- Invoking toplevel() on ptolemy.moml.MoMLSimpleApplication@225acac6
----------------- Done invoking toplevel() on ptolemy.moml.MoMLSimpleApplication@225acac6
reloadAllAccessors: .SubscriberPortInitialValues1

===========================================================================================
----------------- testing Wed Oct 17 02:32:49 UTC 2018 /home/travis/build/icyphy/ptII/ptolemy/actor/lib/test/auto/SubscriberPortInitialValues13.xml
----------------- Instantiating /home/travis/build/icyphy/ptII/ptolemy/actor/lib/test/auto/SubscriberPortInitialValues13.xml
4 ms. Memory: 1707008K Free: 1435887K (84%)
----------------- Invoking toplevel() on ptolemy.moml.MoMLSimpleApplication@5e6f9a98
----------------- Done invoking toplevel() on ptolemy.moml.MoMLSimpleApplication@5e6f9a98
reloadAllAccessors: .SubscriberPortInitialValues13

===========================================================================================
----------------- testing Wed Oct 17 02:32:49 UTC 2018 /home/travis/build/icyphy/ptII/ptolemy/actor/lib/test/auto/SubscriberPortInitialValues14.xml
----------------- Instantiating /home/travis/build/icyphy/ptII/ptolemy/actor/lib/test/auto/SubscriberPortInitialValues14.xml
3 ms. Memory: 1707008K Free: 1414904K (83%)
----------------- Invoking toplevel() on ptolemy.moml.MoMLSimpleApplication@d1c8d17
----------------- Done invoking toplevel() on ptolemy.moml.MoMLSimpleApplication@d1c8d17
reloadAllAccessors: .SubscriberPortInitialValues14

===========================================================================================
----------------- testing Wed Oct 17 02:32:49 UTC 2018 /home/travis/build/icyphy/ptII/ptolemy/actor/lib/test/auto/SubscriberPortInitialValues2.xml
----------------- Instantiating /home/travis/build/icyphy/ptII/ptolemy/actor/lib/test/auto/SubscriberPortInitialValues2.xml
3 ms. Memory: 1707008K Free: 1398858K (82%)
----------------- Invoking toplevel() on ptolemy.moml.MoMLSimpleApplication@4de4b494
----------------- Done invoking toplevel() on ptolemy.moml.MoMLSimpleApplication@4de4b494
reloadAllAccessors: .SubscriberPortInitialValues2

===========================================================================================
----------------- testing Wed Oct 17 02:32:49 UTC 2018 /home/travis/build/icyphy/ptII/ptolemy/actor/lib/test/auto/SubscriberPortInitialValues3.xml
----------------- Instantiating /home/travis/build/icyphy/ptII/ptolemy/actor/lib/test/auto/SubscriberPortInitialValues3.xml
4 ms. Memory: 1707008K Free: 1377875K (81%)
----------------- Invoking toplevel() on ptolemy.moml.MoMLSimpleApplication@2eebc126
----------------- Done invoking toplevel() on ptolemy.moml.MoMLSimpleApplication@2eebc126
reloadAllAccessors: .SubscriberPortInitialValues3

===========================================================================================
----------------- testing Wed Oct 17 02:32:49 UTC 2018 /home/travis/build/icyphy/ptII/ptolemy/actor/lib/test/auto/SubscriptionAggregator.xml
----------------- Instantiating /home/travis/build/icyphy/ptII/ptolemy/actor/lib/test/auto/SubscriptionAggregator.xml
4 ms. Memory: 1707008K Free: 1361829K (80%)
----------------- Invoking toplevel() on ptolemy.moml.MoMLSimpleApplication@5cd5be14
----------------- Done invoking toplevel() on ptolemy.moml.MoMLSimpleApplication@5cd5be14
reloadAllAccessors: .SubscriptionAggregator

===========================================================================================
----------------- testing Wed Oct 17 02:32:49 UTC 2018 /home/travis/build/icyphy/ptII/ptolemy/actor/lib/test/auto/SubscriptionAggregator2.xml
----------------- Instantiating /home/travis/build/icyphy/ptII/ptolemy/actor/lib/test/auto/SubscriptionAggregator2.xml
2 ms. Memory: 1707008K Free: 1340846K (79%)
----------------- Invoking toplevel() on ptolemy.moml.MoMLSimpleApplication@6ab134f4
----------------- Done invoking toplevel() on ptolemy.moml.MoMLSimpleApplication@6ab134f4
reloadAllAccessors: .SubscriptionAggregator2

===========================================================================================
----------------- testing Wed Oct 17 02:32:49 UTC 2018 /home/travis/build/icyphy/ptII/ptolemy/actor/lib/test/auto/SubscriptionAggregator3.xml
----------------- Instantiating /home/travis/build/icyphy/ptII/ptolemy/actor/lib/test/auto/SubscriptionAggregator3.xml
2 ms. Memory: 1707008K Free: 1324800K (78%)
----------------- Invoking toplevel() on ptolemy.moml.MoMLSimpleApplication@4894fcc0
----------------- Done invoking toplevel() on ptolemy.moml.MoMLSimpleApplication@4894fcc0
reloadAllAccessors: .SubscriptionAggregator3

===========================================================================================
----------------- testing Wed Oct 17 02:32:49 UTC 2018 /home/travis/build/icyphy/ptII/ptolemy/actor/lib/test/auto/SubscriptionAggregatorMultiply.xml
----------------- Instantiating /home/travis/build/icyphy/ptII/ptolemy/actor/lib/test/auto/SubscriptionAggregatorMultiply.xml
3 ms. Memory: 1707008K Free: 1303817K (76%)
----------------- Invoking toplevel() on ptolemy.moml.MoMLSimpleApplication@1f2599a5
----------------- Done invoking toplevel() on ptolemy.moml.MoMLSimpleApplication@1f2599a5
reloadAllAccessors: .SubscriptionAggregatorMultiply

===========================================================================================
----------------- testing Wed Oct 17 02:32:49 UTC 2018 /home/travis/build/icyphy/ptII/ptolemy/actor/lib/test/auto/SubscriptionAggregatorPortMultiply1.xml
----------------- Instantiating /home/travis/build/icyphy/ptII/ptolemy/actor/lib/test/auto/SubscriptionAggregatorPortMultiply1.xml
3 ms. Memory: 1707008K Free: 1287771K (75%)
----------------- Invoking toplevel() on ptolemy.moml.MoMLSimpleApplication@7cefc17c
----------------- Done invoking toplevel() on ptolemy.moml.MoMLSimpleApplication@7cefc17c
reloadAllAccessors: .SubscriptionAggregatorPortMultiply1

===========================================================================================
----------------- testing Wed Oct 17 02:32:49 UTC 2018 /home/travis/build/icyphy/ptII/ptolemy/actor/lib/test/auto/Switch.xml
----------------- Instantiating /home/travis/build/icyphy/ptII/ptolemy/actor/lib/test/auto/Switch.xml
3 ms. Memory: 1707008K Free: 1218650K (71%)
----------------- Invoking toplevel() on ptolemy.moml.MoMLSimpleApplication@45a6b6ce
----------------- Done invoking toplevel() on ptolemy.moml.MoMLSimpleApplication@45a6b6ce
reloadAllAccessors: .Switch

===========================================================================================
----------------- testing Wed Oct 17 02:32:49 UTC 2018 /home/travis/build/icyphy/ptII/ptolemy/actor/lib/test/auto/Switch2.xml
----------------- Instantiating /home/travis/build/icyphy/ptII/ptolemy/actor/lib/test/auto/Switch2.xml
1 ms. Memory: 1707008K Free: 1202604K (70%)
----------------- Invoking toplevel() on ptolemy.moml.MoMLSimpleApplication@1e30a274
----------------- Done invoking toplevel() on ptolemy.moml.MoMLSimpleApplication@1e30a274
reloadAllAccessors: .Switch2

===========================================================================================
----------------- testing Wed Oct 17 02:32:49 UTC 2018 /home/travis/build/icyphy/ptII/ptolemy/actor/lib/test/auto/SwitchDE.xml
----------------- Instantiating /home/travis/build/icyphy/ptII/ptolemy/actor/lib/test/auto/SwitchDE.xml
2 ms. Memory: 1707008K Free: 1181621K (69%)
----------------- Invoking toplevel() on ptolemy.moml.MoMLSimpleApplication@1260a514
----------------- Done invoking toplevel() on ptolemy.moml.MoMLSimpleApplication@1260a514
reloadAllAccessors: .SwitchDE

===========================================================================================
----------------- testing Wed Oct 17 02:32:50 UTC 2018 /home/travis/build/icyphy/ptII/ptolemy/actor/lib/test/auto/SynchronizerDE.xml
----------------- Instantiating /home/travis/build/icyphy/ptII/ptolemy/actor/lib/test/auto/SynchronizerDE.xml
2 ms. Memory: 1707008K Free: 1165575K (68%)
----------------- Invoking toplevel() on ptolemy.moml.MoMLSimpleApplication@219b95c0
----------------- Done invoking toplevel() on ptolemy.moml.MoMLSimpleApplication@219b95c0
reloadAllAccessors: .SynchronizerDE

===========================================================================================
----------------- testing Wed Oct 17 02:32:50 UTC 2018 /home/travis/build/icyphy/ptII/ptolemy/actor/lib/test/auto/Test.xml
----------------- Instantiating /home/travis/build/icyphy/ptII/ptolemy/actor/lib/test/auto/Test.xml
1 ms. Memory: 1707008K Free: 1144592K (67%)
----------------- Invoking toplevel() on ptolemy.moml.MoMLSimpleApplication@56b9939f
----------------- Done invoking toplevel() on ptolemy.moml.MoMLSimpleApplication@56b9939f
reloadAllAccessors: .Test

===========================================================================================
----------------- testing Wed Oct 17 02:32:50 UTC 2018 /home/travis/build/icyphy/ptII/ptolemy/actor/lib/test/auto/TestExceptionAttribute1.xml
----------------- Instantiating /home/travis/build/icyphy/ptII/ptolemy/actor/lib/test/auto/TestExceptionAttribute1.xml
2 ms. Memory: 1707008K Free: 1128546K (66%)
----------------- Invoking toplevel() on ptolemy.moml.MoMLSimpleApplication@1e3928ab
----------------- Done invoking toplevel() on ptolemy.moml.MoMLSimpleApplication@1e3928ab
reloadAllAccessors: .TestExceptionAttribute1

===========================================================================================
----------------- testing Wed Oct 17 02:32:50 UTC 2018 /home/travis/build/icyphy/ptII/ptolemy/actor/lib/test/auto/TestExceptionAttribute2.xml
----------------- Instantiating /home/travis/build/icyphy/ptII/ptolemy/actor/lib/test/auto/TestExceptionAttribute2.xml
1 ms. Memory: 1707008K Free: 1107563K (65%)
----------------- Invoking toplevel() on ptolemy.moml.MoMLSimpleApplication@10e90985
----------------- Done invoking toplevel() on ptolemy.moml.MoMLSimpleApplication@10e90985
reloadAllAccessors: .TestExceptionAttribute2

===========================================================================================
----------------- testing Wed Oct 17 02:32:50 UTC 2018 /home/travis/build/icyphy/ptII/ptolemy/actor/lib/test/auto/TestExceptionAttribute3.xml
----------------- Instantiating /home/travis/build/icyphy/ptII/ptolemy/actor/lib/test/auto/TestExceptionAttribute3.xml
.TestExceptionAttribute3.TestExceptionAttribute: initialize() was not invoked, but wrapup() was.  This is unusual, but not always a problem.  For example, exporting JNLP will do this.
2 ms. Memory: 1707008K Free: 1091517K (64%)
----------------- Invoking toplevel() on ptolemy.moml.MoMLSimpleApplication@1d087261
----------------- Done invoking toplevel() on ptolemy.moml.MoMLSimpleApplication@1d087261
reloadAllAccessors: .TestExceptionAttribute3

===========================================================================================
----------------- testing Wed Oct 17 02:32:50 UTC 2018 /home/travis/build/icyphy/ptII/ptolemy/actor/lib/test/auto/TestExceptionAttribute4.xml
----------------- Instantiating /home/travis/build/icyphy/ptII/ptolemy/actor/lib/test/auto/TestExceptionAttribute4.xml
.TestExceptionAttribute4.TestExceptionAttribute: initialize() was not invoked, but wrapup() was.  This is unusual, but not always a problem.  For example, exporting JNLP will do this.
.TestExceptionAttribute4.TestExceptionAttribute2: initialize() was not invoked, but wrapup() was.  This is unusual, but not always a problem.  For example, exporting JNLP will do this.
1 ms. Memory: 1707008K Free: 1070534K (63%)
----------------- Invoking toplevel() on ptolemy.moml.MoMLSimpleApplication@77127a1d
----------------- Done invoking toplevel() on ptolemy.moml.MoMLSimpleApplication@77127a1d
reloadAllAccessors: .TestExceptionAttribute4

===========================================================================================
----------------- testing Wed Oct 17 02:32:50 UTC 2018 /home/travis/build/icyphy/ptII/ptolemy/actor/lib/test/auto/TestExceptionHandler1.xml
----------------- Instantiating /home/travis/build/icyphy/ptII/ptolemy/actor/lib/test/auto/TestExceptionHandler1.xml
0 ms. Memory: 1707008K Free: 1054488K (62%)
----------------- Invoking toplevel() on ptolemy.moml.MoMLSimpleApplication@fe454de
----------------- Done invoking toplevel() on ptolemy.moml.MoMLSimpleApplication@fe454de
reloadAllAccessors: .TestExceptionHandler1

===========================================================================================
----------------- testing Wed Oct 17 02:32:50 UTC 2018 /home/travis/build/icyphy/ptII/ptolemy/actor/lib/test/auto/TestExceptionHandler2.xml
----------------- Instantiating /home/travis/build/icyphy/ptII/ptolemy/actor/lib/test/auto/TestExceptionHandler2.xml
1 ms. Memory: 1707008K Free: 1033505K (61%)
----------------- Invoking toplevel() on ptolemy.moml.MoMLSimpleApplication@3074abd5
----------------- Done invoking toplevel() on ptolemy.moml.MoMLSimpleApplication@3074abd5
reloadAllAccessors: .TestExceptionHandler2

===========================================================================================
----------------- testing Wed Oct 17 02:32:50 UTC 2018 /home/travis/build/icyphy/ptII/ptolemy/actor/lib/test/auto/TestExceptionHandler3.xml
----------------- Instantiating /home/travis/build/icyphy/ptII/ptolemy/actor/lib/test/auto/TestExceptionHandler3.xml
0 ms. Memory: 1707008K Free: 1017459K (60%)
----------------- Invoking toplevel() on ptolemy.moml.MoMLSimpleApplication@29cd908f
----------------- Done invoking toplevel() on ptolemy.moml.MoMLSimpleApplication@29cd908f
reloadAllAccessors: .TestExceptionHandler3

===========================================================================================
----------------- testing Wed Oct 17 02:32:50 UTC 2018 /home/travis/build/icyphy/ptII/ptolemy/actor/lib/test/auto/TestExceptionHandler4.xml
----------------- Instantiating /home/travis/build/icyphy/ptII/ptolemy/actor/lib/test/auto/TestExceptionHandler4.xml
1 ms. Memory: 1707008K Free: 996476K (58%)
----------------- Invoking toplevel() on ptolemy.moml.MoMLSimpleApplication@78d5c22c
----------------- Done invoking toplevel() on ptolemy.moml.MoMLSimpleApplication@78d5c22c
reloadAllAccessors: .TestExceptionHandler4

===========================================================================================
----------------- testing Wed Oct 17 02:32:50 UTC 2018 /home/travis/build/icyphy/ptII/ptolemy/actor/lib/test/auto/TestRequireCorrectOrder.xml
----------------- Instantiating /home/travis/build/icyphy/ptII/ptolemy/actor/lib/test/auto/TestRequireCorrectOrder.xml
4 ms. Memory: 1707008K Free: 980430K (57%)
----------------- Invoking toplevel() on ptolemy.moml.MoMLSimpleApplication@5641ff02
----------------- Done invoking toplevel() on ptolemy.moml.MoMLSimpleApplication@5641ff02
reloadAllAccessors: .TestRequireCorrectOrder

===========================================================================================
----------------- testing Wed Oct 17 02:32:50 UTC 2018 /home/travis/build/icyphy/ptII/ptolemy/actor/lib/test/auto/TestSimple.xml
----------------- Instantiating /home/travis/build/icyphy/ptII/ptolemy/actor/lib/test/auto/TestSimple.xml
1 ms. Memory: 1707008K Free: 959447K (56%)
----------------- Invoking toplevel() on ptolemy.moml.MoMLSimpleApplication@6bd01dab
----------------- Done invoking toplevel() on ptolemy.moml.MoMLSimpleApplication@6bd01dab
reloadAllAccessors: .TestSimple

===========================================================================================
----------------- testing Wed Oct 17 02:32:50 UTC 2018 /home/travis/build/icyphy/ptII/ptolemy/actor/lib/test/auto/ThrowModelError.xml
----------------- Instantiating /home/travis/build/icyphy/ptII/ptolemy/actor/lib/test/auto/ThrowModelError.xml
1 ms. Memory: 1707008K Free: 943401K (55%)
----------------- Invoking toplevel() on ptolemy.moml.MoMLSimpleApplication@420a5973
----------------- Done invoking toplevel() on ptolemy.moml.MoMLSimpleApplication@420a5973
reloadAllAccessors: .ThrowModelError

===========================================================================================
----------------- testing Wed Oct 17 02:32:50 UTC 2018 /home/travis/build/icyphy/ptII/ptolemy/actor/lib/test/auto/TimeDelayMicrosteps.xml
----------------- Instantiating /home/travis/build/icyphy/ptII/ptolemy/actor/lib/test/auto/TimeDelayMicrosteps.xml
4 ms. Memory: 1707008K Free: 922419K (54%)
----------------- Invoking toplevel() on ptolemy.moml.MoMLSimpleApplication@36606949
----------------- Done invoking toplevel() on ptolemy.moml.MoMLSimpleApplication@36606949
reloadAllAccessors: .TimeDelayMicrosteps

===========================================================================================
----------------- testing Wed Oct 17 02:32:50 UTC 2018 /home/travis/build/icyphy/ptII/ptolemy/actor/lib/test/auto/TimeDelayMicrosteps2.xml
----------------- Instantiating /home/travis/build/icyphy/ptII/ptolemy/actor/lib/test/auto/TimeDelayMicrosteps2.xml
3 ms. Memory: 1707008K Free: 906373K (53%)
----------------- Invoking toplevel() on ptolemy.moml.MoMLSimpleApplication@3d348228
----------------- Done invoking toplevel() on ptolemy.moml.MoMLSimpleApplication@3d348228
reloadAllAccessors: .TimeDelayMicrosteps2

===========================================================================================
----------------- testing Wed Oct 17 02:32:50 UTC 2018 /home/travis/build/icyphy/ptII/ptolemy/actor/lib/test/auto/TimeDelayMicrosteps3.xml
----------------- Instantiating /home/travis/build/icyphy/ptII/ptolemy/actor/lib/test/auto/TimeDelayMicrosteps3.xml
2 ms. Memory: 1707008K Free: 885390K (52%)
----------------- Invoking toplevel() on ptolemy.moml.MoMLSimpleApplication@6fde1da7
----------------- Done invoking toplevel() on ptolemy.moml.MoMLSimpleApplication@6fde1da7
reloadAllAccessors: .TimeDelayMicrosteps3

===========================================================================================
----------------- testing Wed Oct 17 02:32:50 UTC 2018 /home/travis/build/icyphy/ptII/ptolemy/actor/lib/test/auto/TimeDelayVariableMicrosteps.xml
----------------- Instantiating /home/travis/build/icyphy/ptII/ptolemy/actor/lib/test/auto/TimeDelayVariableMicrosteps.xml
2 ms. Memory: 1707008K Free: 869344K (51%)
----------------- Invoking toplevel() on ptolemy.moml.MoMLSimpleApplication@74ada0c0
----------------- Done invoking toplevel() on ptolemy.moml.MoMLSimpleApplication@74ada0c0
reloadAllAccessors: .TimeDelayVariableMicrosteps

===========================================================================================
----------------- testing Wed Oct 17 02:32:50 UTC 2018 /home/travis/build/icyphy/ptII/ptolemy/actor/lib/test/auto/TimeGap.xml
----------------- Instantiating /home/travis/build/icyphy/ptII/ptolemy/actor/lib/test/auto/TimeGap.xml
3 ms. Memory: 1707008K Free: 848361K (50%)
----------------- Invoking toplevel() on ptolemy.moml.MoMLSimpleApplication@700c310d
----------------- Done invoking toplevel() on ptolemy.moml.MoMLSimpleApplication@700c310d
reloadAllAccessors: .TimeGap

===========================================================================================
----------------- testing Wed Oct 17 02:32:50 UTC 2018 /home/travis/build/icyphy/ptII/ptolemy/actor/lib/test/auto/TimeGap2.xml
----------------- Instantiating /home/travis/build/icyphy/ptII/ptolemy/actor/lib/test/auto/TimeGap2.xml
2 ms. Memory: 1707008K Free: 832315K (49%)
----------------- Invoking toplevel() on ptolemy.moml.MoMLSimpleApplication@2fd197c0
----------------- Done invoking toplevel() on ptolemy.moml.MoMLSimpleApplication@2fd197c0
reloadAllAccessors: .TimeGap2

===========================================================================================
----------------- testing Wed Oct 17 02:32:50 UTC 2018 /home/travis/build/icyphy/ptII/ptolemy/actor/lib/test/auto/TimedSinewave.xml
----------------- Instantiating /home/travis/build/icyphy/ptII/ptolemy/actor/lib/test/auto/TimedSinewave.xml
25 ms. Memory: 1707008K Free: 803293K (47%)
----------------- Invoking toplevel() on ptolemy.moml.MoMLSimpleApplication@4edac550
----------------- Done invoking toplevel() on ptolemy.moml.MoMLSimpleApplication@4edac550
reloadAllAccessors: .TimedSinewave

===========================================================================================
----------------- testing Wed Oct 17 02:32:50 UTC 2018 /home/travis/build/icyphy/ptII/ptolemy/actor/lib/test/auto/TimedSinewavePhase.xml
----------------- Instantiating /home/travis/build/icyphy/ptII/ptolemy/actor/lib/test/auto/TimedSinewavePhase.xml
8 ms. Memory: 1707008K Free: 787247K (46%)
----------------- Invoking toplevel() on ptolemy.moml.MoMLSimpleApplication@735f58d8
----------------- Done invoking toplevel() on ptolemy.moml.MoMLSimpleApplication@735f58d8
reloadAllAccessors: .TimedSinewavePhase

===========================================================================================
----------------- testing Wed Oct 17 02:32:50 UTC 2018 /home/travis/build/icyphy/ptII/ptolemy/actor/lib/test/auto/Timer.xml
----------------- Instantiating /home/travis/build/icyphy/ptII/ptolemy/actor/lib/test/auto/Timer.xml
2 ms. Memory: 1707008K Free: 766264K (45%)
----------------- Invoking toplevel() on ptolemy.moml.MoMLSimpleApplication@79630728
----------------- Done invoking toplevel() on ptolemy.moml.MoMLSimpleApplication@79630728
reloadAllAccessors: .Timer

===========================================================================================
----------------- testing Wed Oct 17 02:32:50 UTC 2018 /home/travis/build/icyphy/ptII/ptolemy/actor/lib/test/auto/TriangularDistTestModel.xml
----------------- Instantiating /home/travis/build/icyphy/ptII/ptolemy/actor/lib/test/auto/TriangularDistTestModel.xml
1 ms. Memory: 1707008K Free: 750218K (44%)
----------------- Invoking toplevel() on ptolemy.moml.MoMLSimpleApplication@311ea5fa
----------------- Done invoking toplevel() on ptolemy.moml.MoMLSimpleApplication@311ea5fa
reloadAllAccessors: .TriangularDistTestModel

===========================================================================================
----------------- testing Wed Oct 17 02:32:50 UTC 2018 /home/travis/build/icyphy/ptII/ptolemy/actor/lib/test/auto/TrigFunction.xml
----------------- Instantiating /home/travis/build/icyphy/ptII/ptolemy/actor/lib/test/auto/TrigFunction.xml
1 ms. Memory: 1707008K Free: 729235K (43%)
----------------- Invoking toplevel() on ptolemy.moml.MoMLSimpleApplication@3efa66f4
----------------- Done invoking toplevel() on ptolemy.moml.MoMLSimpleApplication@3efa66f4
reloadAllAccessors: .TrigFunction

===========================================================================================
----------------- testing Wed Oct 17 02:32:50 UTC 2018 /home/travis/build/icyphy/ptII/ptolemy/actor/lib/test/auto/TrigFunctionDE.xml
----------------- Instantiating /home/travis/build/icyphy/ptII/ptolemy/actor/lib/test/auto/TrigFunctionDE.xml
1 ms. Memory: 1707008K Free: 713189K (42%)
----------------- Invoking toplevel() on ptolemy.moml.MoMLSimpleApplication@5e2d5344
----------------- Done invoking toplevel() on ptolemy.moml.MoMLSimpleApplication@5e2d5344
reloadAllAccessors: .TrigFunctionDE

===========================================================================================
----------------- testing Wed Oct 17 02:32:50 UTC 2018 /home/travis/build/icyphy/ptII/ptolemy/actor/lib/test/auto/TrigFunctionInverse.xml
----------------- Instantiating /home/travis/build/icyphy/ptII/ptolemy/actor/lib/test/auto/TrigFunctionInverse.xml
2 ms. Memory: 1707008K Free: 692206K (41%)
----------------- Invoking toplevel() on ptolemy.moml.MoMLSimpleApplication@4c593741
----------------- Done invoking toplevel() on ptolemy.moml.MoMLSimpleApplication@4c593741
reloadAllAccessors: .TrigFunctionInverse

===========================================================================================
----------------- testing Wed Oct 17 02:32:50 UTC 2018 /home/travis/build/icyphy/ptII/ptolemy/actor/lib/test/auto/TrigFunctionTan.xml
----------------- Instantiating /home/travis/build/icyphy/ptII/ptolemy/actor/lib/test/auto/TrigFunctionTan.xml
1 ms. Memory: 1707008K Free: 676160K (40%)
----------------- Invoking toplevel() on ptolemy.moml.MoMLSimpleApplication@6a69cf89
----------------- Done invoking toplevel() on ptolemy.moml.MoMLSimpleApplication@6a69cf89
reloadAllAccessors: .TrigFunctionTan

===========================================================================================
----------------- testing Wed Oct 17 02:32:50 UTC 2018 /home/travis/build/icyphy/ptII/ptolemy/actor/lib/test/auto/TriggeredClock.xml
----------------- Instantiating /home/travis/build/icyphy/ptII/ptolemy/actor/lib/test/auto/TriggeredClock.xml
1 ms. Memory: 1707008K Free: 655177K (38%)
----------------- Invoking toplevel() on ptolemy.moml.MoMLSimpleApplication@61dad631
----------------- Done invoking toplevel() on ptolemy.moml.MoMLSimpleApplication@61dad631
reloadAllAccessors: .TriggeredClock

===========================================================================================
----------------- testing Wed Oct 17 02:32:50 UTC 2018 /home/travis/build/icyphy/ptII/ptolemy/actor/lib/test/auto/URLDirectoryReader.xml
----------------- Instantiating /home/travis/build/icyphy/ptII/ptolemy/actor/lib/test/auto/URLDirectoryReader.xml
40 ms. Memory: 1707008K Free: 639131K (37%)
----------------- Invoking toplevel() on ptolemy.moml.MoMLSimpleApplication@76cd346b
----------------- Done invoking toplevel() on ptolemy.moml.MoMLSimpleApplication@76cd346b
reloadAllAccessors: .URLDirectoryReader

===========================================================================================
----------------- testing Wed Oct 17 02:32:50 UTC 2018 /home/travis/build/icyphy/ptII/ptolemy/actor/lib/test/auto/URLDirectoryReader3.xml
----------------- Instantiating /home/travis/build/icyphy/ptII/ptolemy/actor/lib/test/auto/URLDirectoryReader3.xml
1068 ms. Memory: 1707008K Free: 570010K (33%)
----------------- Invoking toplevel() on ptolemy.moml.MoMLSimpleApplication@6cd19ac8
----------------- Done invoking toplevel() on ptolemy.moml.MoMLSimpleApplication@6cd19ac8
reloadAllAccessors: .URLDirectoryReader3

===========================================================================================
----------------- testing Wed Oct 17 02:32:51 UTC 2018 /home/travis/build/icyphy/ptII/ptolemy/actor/lib/test/auto/UnaryMathFunction.xml
----------------- Instantiating /home/travis/build/icyphy/ptII/ptolemy/actor/lib/test/auto/UnaryMathFunction.xml
3 ms. Memory: 1707008K Free: 553964K (32%)
----------------- Invoking toplevel() on ptolemy.moml.MoMLSimpleApplication@11926718
----------------- Done invoking toplevel() on ptolemy.moml.MoMLSimpleApplication@11926718
reloadAllAccessors: .UnaryMathFunction

===========================================================================================
----------------- testing Wed Oct 17 02:32:51 UTC 2018 /home/travis/build/icyphy/ptII/ptolemy/actor/lib/test/auto/Uniform.xml
----------------- Instantiating /home/travis/build/icyphy/ptII/ptolemy/actor/lib/test/auto/Uniform.xml
2 ms. Memory: 1707008K Free: 532981K (31%)
----------------- Invoking toplevel() on ptolemy.moml.MoMLSimpleApplication@899d8a6
----------------- Done invoking toplevel() on ptolemy.moml.MoMLSimpleApplication@899d8a6
reloadAllAccessors: .Uniform

===========================================================================================
----------------- testing Wed Oct 17 02:32:52 UTC 2018 /home/travis/build/icyphy/ptII/ptolemy/actor/lib/test/auto/UnionDisassemblerTest.xml
----------------- Instantiating /home/travis/build/icyphy/ptII/ptolemy/actor/lib/test/auto/UnionDisassemblerTest.xml
19 ms. Memory: 1707008K Free: 516935K (30%)
----------------- Invoking toplevel() on ptolemy.moml.MoMLSimpleApplication@79da14a
----------------- Done invoking toplevel() on ptolemy.moml.MoMLSimpleApplication@79da14a
reloadAllAccessors: .UnionDisassemblerTest

===========================================================================================
----------------- testing Wed Oct 17 02:32:52 UTC 2018 /home/travis/build/icyphy/ptII/ptolemy/actor/lib/test/auto/UtilityFunctions.xml
----------------- Instantiating /home/travis/build/icyphy/ptII/ptolemy/actor/lib/test/auto/UtilityFunctions.xml
9 ms. Memory: 1707008K Free: 495952K (29%)
----------------- Invoking toplevel() on ptolemy.moml.MoMLSimpleApplication@61f399b0
----------------- Done invoking toplevel() on ptolemy.moml.MoMLSimpleApplication@61f399b0
reloadAllAccessors: .UtilityFunctions

===========================================================================================
----------------- testing Wed Oct 17 02:32:52 UTC 2018 /home/travis/build/icyphy/ptII/ptolemy/actor/lib/test/auto/VariableSleep.xml
----------------- Instantiating /home/travis/build/icyphy/ptII/ptolemy/actor/lib/test/auto/VariableSleep.xml
507 ms. Memory: 1707008K Free: 479905K (28%)
----------------- Invoking toplevel() on ptolemy.moml.MoMLSimpleApplication@1ab4629d
----------------- Done invoking toplevel() on ptolemy.moml.MoMLSimpleApplication@1ab4629d
reloadAllAccessors: .VariableSleep

===========================================================================================
----------------- testing Wed Oct 17 02:32:52 UTC 2018 /home/travis/build/icyphy/ptII/ptolemy/actor/lib/test/auto/VectorAssemblerDisassemblerCT.xml
----------------- Instantiating /home/travis/build/icyphy/ptII/ptolemy/actor/lib/test/auto/VectorAssemblerDisassemblerCT.xml
70 ms. Memory: 1707008K Free: 442852K (26%)
----------------- Invoking toplevel() on ptolemy.moml.MoMLSimpleApplication@786d38f4
----------------- Done invoking toplevel() on ptolemy.moml.MoMLSimpleApplication@786d38f4
reloadAllAccessors: .VectorAssemblerDisassemblerCT

===========================================================================================
----------------- testing Wed Oct 17 02:32:52 UTC 2018 /home/travis/build/icyphy/ptII/ptolemy/actor/lib/test/auto/VectorAssemblerDisassemblerDE.xml
----------------- Instantiating /home/travis/build/icyphy/ptII/ptolemy/actor/lib/test/auto/VectorAssemblerDisassemblerDE.xml
2 ms. Memory: 1707008K Free: 426806K (25%)
----------------- Invoking toplevel() on ptolemy.moml.MoMLSimpleApplication@aeea8b7
----------------- Done invoking toplevel() on ptolemy.moml.MoMLSimpleApplication@aeea8b7
reloadAllAccessors: .VectorAssemblerDisassemblerDE

===========================================================================================
----------------- testing Wed Oct 17 02:32:52 UTC 2018 /home/travis/build/icyphy/ptII/ptolemy/actor/lib/test/auto/VectorAssemblerDisassemblerSDF.xml
----------------- Instantiating /home/travis/build/icyphy/ptII/ptolemy/actor/lib/test/auto/VectorAssemblerDisassemblerSDF.xml
4 ms. Memory: 1707008K Free: 405823K (24%)
----------------- Invoking toplevel() on ptolemy.moml.MoMLSimpleApplication@24916a3e
----------------- Done invoking toplevel() on ptolemy.moml.MoMLSimpleApplication@24916a3e
reloadAllAccessors: .VectorAssemblerDisassemblerSDF

===========================================================================================
----------------- testing Wed Oct 17 02:32:52 UTC 2018 /home/travis/build/icyphy/ptII/ptolemy/actor/lib/test/auto/WallClockTime.xml
----------------- Instantiating /home/travis/build/icyphy/ptII/ptolemy/actor/lib/test/auto/WallClockTime.xml
1006 ms. Memory: 1707008K Free: 389777K (23%)
----------------- Invoking toplevel() on ptolemy.moml.MoMLSimpleApplication@72c2650f
----------------- Done invoking toplevel() on ptolemy.moml.MoMLSimpleApplication@72c2650f
reloadAllAccessors: .WallClockTime

===========================================================================================
----------------- testing Wed Oct 17 02:32:53 UTC 2018 /home/travis/build/icyphy/ptII/ptolemy/actor/lib/test/auto/WidthTestWithSubscriberPublisher.xml
----------------- Instantiating /home/travis/build/icyphy/ptII/ptolemy/actor/lib/test/auto/WidthTestWithSubscriberPublisher.xml
6 ms. Memory: 1707008K Free: 360755K (21%)
----------------- Invoking toplevel() on ptolemy.moml.MoMLSimpleApplication@14b7882f
----------------- Done invoking toplevel() on ptolemy.moml.MoMLSimpleApplication@14b7882f
reloadAllAccessors: .WidthTestWithSubscriberPublisher

===========================================================================================
----------------- testing Wed Oct 17 02:32:53 UTC 2018 /home/travis/build/icyphy/ptII/ptolemy/actor/lib/test/auto/WidthTestWithSubscriberPublisher2.xml
----------------- Instantiating /home/travis/build/icyphy/ptII/ptolemy/actor/lib/test/auto/WidthTestWithSubscriberPublisher2.xml
6 ms. Memory: 1707008K Free: 344709K (20%)
----------------- Invoking toplevel() on ptolemy.moml.MoMLSimpleApplication@1088697e
----------------- Done invoking toplevel() on ptolemy.moml.MoMLSimpleApplication@1088697e
reloadAllAccessors: .WidthTestWithSubscriberPublisher2

===========================================================================================
----------------- testing Wed Oct 17 02:32:53 UTC 2018 /home/travis/build/icyphy/ptII/ptolemy/actor/lib/test/auto/WidthTestWithSubscriberPublisher3.xml
----------------- Instantiating /home/travis/build/icyphy/ptII/ptolemy/actor/lib/test/auto/WidthTestWithSubscriberPublisher3.xml
2 ms. Memory: 1707008K Free: 323726K (19%)
----------------- Invoking toplevel() on ptolemy.moml.MoMLSimpleApplication@4c4378fd
----------------- Done invoking toplevel() on ptolemy.moml.MoMLSimpleApplication@4c4378fd
reloadAllAccessors: .WidthTestWithSubscriberPublisher3

===========================================================================================
----------------- testing Wed Oct 17 02:32:53 UTC 2018 /home/travis/build/icyphy/ptII/ptolemy/actor/lib/test/auto/Writer.xml
----------------- Instantiating /home/travis/build/icyphy/ptII/ptolemy/actor/lib/test/auto/Writer.xml
0
1
2
3
4
2 ms. Memory: 1707008K Free: 307680K (18%)
----------------- Invoking toplevel() on ptolemy.moml.MoMLSimpleApplication@5ae44a99
----------------- Done invoking toplevel() on ptolemy.moml.MoMLSimpleApplication@5ae44a99
reloadAllAccessors: .Writer

===========================================================================================
----------------- testing Wed Oct 17 02:32:53 UTC 2018 /home/travis/build/icyphy/ptII/ptolemy/actor/lib/test/auto/array.xml
----------------- Instantiating /home/travis/build/icyphy/ptII/ptolemy/actor/lib/test/auto/array.xml
1 ms. Memory: 1707008K Free: 286697K (17%)
----------------- Invoking toplevel() on ptolemy.moml.MoMLSimpleApplication@1a54b907
----------------- Done invoking toplevel() on ptolemy.moml.MoMLSimpleApplication@1a54b907
reloadAllAccessors: .array

===========================================================================================
----------------- testing Wed Oct 17 02:32:53 UTC 2018 /home/travis/build/icyphy/ptII/ptolemy/actor/lib/test/auto/array2.xml
----------------- Instantiating /home/travis/build/icyphy/ptII/ptolemy/actor/lib/test/auto/array2.xml
6 ms. Memory: 1707008K Free: 265714K (16%)
----------------- Invoking toplevel() on ptolemy.moml.MoMLSimpleApplication@14b7ff45
----------------- Done invoking toplevel() on ptolemy.moml.MoMLSimpleApplication@14b7ff45
reloadAllAccessors: .array2

===========================================================================================
----------------- testing Wed Oct 17 02:32:53 UTC 2018 /home/travis/build/icyphy/ptII/ptolemy/actor/lib/test/auto/arrayType.xml
----------------- Instantiating /home/travis/build/icyphy/ptII/ptolemy/actor/lib/test/auto/arrayType.xml
2 ms. Memory: 1707008K Free: 249668K (15%)
----------------- Invoking toplevel() on ptolemy.moml.MoMLSimpleApplication@6c41b9e
----------------- Done invoking toplevel() on ptolemy.moml.MoMLSimpleApplication@6c41b9e
reloadAllAccessors: .arrayType

===========================================================================================
----------------- testing Wed Oct 17 02:32:53 UTC 2018 /home/travis/build/icyphy/ptII/ptolemy/actor/lib/test/auto/arrayType10.xml
----------------- Instantiating /home/travis/build/icyphy/ptII/ptolemy/actor/lib/test/auto/arrayType10.xml
3 ms. Memory: 1707008K Free: 228685K (13%)
----------------- Invoking toplevel() on ptolemy.moml.MoMLSimpleApplication@484e11d0
----------------- Done invoking toplevel() on ptolemy.moml.MoMLSimpleApplication@484e11d0
reloadAllAccessors: .arrayType10

===========================================================================================
----------------- testing Wed Oct 17 02:32:53 UTC 2018 /home/travis/build/icyphy/ptII/ptolemy/actor/lib/test/auto/arrayType11.xml
----------------- Instantiating /home/travis/build/icyphy/ptII/ptolemy/actor/lib/test/auto/arrayType11.xml
1 ms. Memory: 1707008K Free: 212639K (12%)
----------------- Invoking toplevel() on ptolemy.moml.MoMLSimpleApplication@6ddade7c
----------------- Done invoking toplevel() on ptolemy.moml.MoMLSimpleApplication@6ddade7c
reloadAllAccessors: .arrayType11

===========================================================================================
----------------- testing Wed Oct 17 02:32:53 UTC 2018 /home/travis/build/icyphy/ptII/ptolemy/actor/lib/test/auto/arrayType12.xml
----------------- Instantiating /home/travis/build/icyphy/ptII/ptolemy/actor/lib/test/auto/arrayType12.xml
2 ms. Memory: 1707008K Free: 191656K (11%)
----------------- Invoking toplevel() on ptolemy.moml.MoMLSimpleApplication@18163416
----------------- Done invoking toplevel() on ptolemy.moml.MoMLSimpleApplication@18163416
reloadAllAccessors: .arrayType12

===========================================================================================
----------------- testing Wed Oct 17 02:32:54 UTC 2018 /home/travis/build/icyphy/ptII/ptolemy/actor/lib/test/auto/arrayType13.xml
----------------- Instantiating /home/travis/build/icyphy/ptII/ptolemy/actor/lib/test/auto/arrayType13.xml
2 ms. Memory: 1707008K Free: 175610K (10%)
----------------- Invoking toplevel() on ptolemy.moml.MoMLSimpleApplication@5be4bea7
----------------- Done invoking toplevel() on ptolemy.moml.MoMLSimpleApplication@5be4bea7
reloadAllAccessors: .arrayType13

===========================================================================================
----------------- testing Wed Oct 17 02:32:54 UTC 2018 /home/travis/build/icyphy/ptII/ptolemy/actor/lib/test/auto/arrayType14.xml
----------------- Instantiating /home/travis/build/icyphy/ptII/ptolemy/actor/lib/test/auto/arrayType14.xml
3 ms. Memory: 1707008K Free: 154627K (9%)
----------------- Invoking toplevel() on ptolemy.moml.MoMLSimpleApplication@243c67a8
----------------- Done invoking toplevel() on ptolemy.moml.MoMLSimpleApplication@243c67a8
reloadAllAccessors: .arrayType14

===========================================================================================
----------------- testing Wed Oct 17 02:32:54 UTC 2018 /home/travis/build/icyphy/ptII/ptolemy/actor/lib/test/auto/arrayType15.xml
----------------- Instantiating /home/travis/build/icyphy/ptII/ptolemy/actor/lib/test/auto/arrayType15.xml
2 ms. Memory: 1707008K Free: 138581K (8%)
----------------- Invoking toplevel() on ptolemy.moml.MoMLSimpleApplication@42e01475
----------------- Done invoking toplevel() on ptolemy.moml.MoMLSimpleApplication@42e01475
reloadAllAccessors: .arrayType15

===========================================================================================
----------------- testing Wed Oct 17 02:32:54 UTC 2018 /home/travis/build/icyphy/ptII/ptolemy/actor/lib/test/auto/arrayType16.xml
----------------- Instantiating /home/travis/build/icyphy/ptII/ptolemy/actor/lib/test/auto/arrayType16.xml
3 ms. Memory: 1707008K Free: 117598K (7%)
----------------- Invoking toplevel() on ptolemy.moml.MoMLSimpleApplication@72a53248
----------------- Done invoking toplevel() on ptolemy.moml.MoMLSimpleApplication@72a53248
reloadAllAccessors: .arrayType16

===========================================================================================
----------------- testing Wed Oct 17 02:32:54 UTC 2018 /home/travis/build/icyphy/ptII/ptolemy/actor/lib/test/auto/arrayType17.xml
----------------- Instantiating /home/travis/build/icyphy/ptII/ptolemy/actor/lib/test/auto/arrayType17.xml
2 ms. Memory: 1707008K Free: 101552K (6%)
----------------- Invoking toplevel() on ptolemy.moml.MoMLSimpleApplication@58631a7a
----------------- Done invoking toplevel() on ptolemy.moml.MoMLSimpleApplication@58631a7a
reloadAllAccessors: .arrayType17

===========================================================================================
----------------- testing Wed Oct 17 02:32:54 UTC 2018 /home/travis/build/icyphy/ptII/ptolemy/actor/lib/test/auto/arrayType18.xml
----------------- Instantiating /home/travis/build/icyphy/ptII/ptolemy/actor/lib/test/auto/arrayType18.xml
2 ms. Memory: 1707008K Free: 80569K (5%)
----------------- Invoking toplevel() on ptolemy.moml.MoMLSimpleApplication@6440836b
----------------- Done invoking toplevel() on ptolemy.moml.MoMLSimpleApplication@6440836b
reloadAllAccessors: .arrayType18

===========================================================================================
----------------- testing Wed Oct 17 02:32:54 UTC 2018 /home/travis/build/icyphy/ptII/ptolemy/actor/lib/test/auto/arrayType19.xml
----------------- Instantiating /home/travis/build/icyphy/ptII/ptolemy/actor/lib/test/auto/arrayType19.xml
2 ms. Memory: 1707008K Free: 64523K (4%)
----------------- Invoking toplevel() on ptolemy.moml.MoMLSimpleApplication@22cac3af
----------------- Done invoking toplevel() on ptolemy.moml.MoMLSimpleApplication@22cac3af
reloadAllAccessors: .arrayType19

===========================================================================================
----------------- testing Wed Oct 17 02:32:54 UTC 2018 /home/travis/build/icyphy/ptII/ptolemy/actor/lib/test/auto/arrayType2.xml
----------------- Instantiating /home/travis/build/icyphy/ptII/ptolemy/actor/lib/test/auto/arrayType2.xml
1 ms. Memory: 1728000K Free: 1659880K (96%)
----------------- Invoking toplevel() on ptolemy.moml.MoMLSimpleApplication@66024b29
----------------- Done invoking toplevel() on ptolemy.moml.MoMLSimpleApplication@66024b29
reloadAllAccessors: .arrayType2

===========================================================================================
----------------- testing Wed Oct 17 02:32:54 UTC 2018 /home/travis/build/icyphy/ptII/ptolemy/actor/lib/test/auto/arrayType20.xml
----------------- Instantiating /home/travis/build/icyphy/ptII/ptolemy/actor/lib/test/auto/arrayType20.xml
1 ms. Memory: 1728000K Free: 1639146K (95%)
----------------- Invoking toplevel() on ptolemy.moml.MoMLSimpleApplication@63eea0be
----------------- Done invoking toplevel() on ptolemy.moml.MoMLSimpleApplication@63eea0be
reloadAllAccessors: .arrayType20

===========================================================================================
----------------- testing Wed Oct 17 02:32:54 UTC 2018 /home/travis/build/icyphy/ptII/ptolemy/actor/lib/test/auto/arrayType21.xml
----------------- Instantiating /home/travis/build/icyphy/ptII/ptolemy/actor/lib/test/auto/arrayType21.xml
1 ms. Memory: 1728000K Free: 1618412K (94%)
----------------- Invoking toplevel() on ptolemy.moml.MoMLSimpleApplication@5924ea25
----------------- Done invoking toplevel() on ptolemy.moml.MoMLSimpleApplication@5924ea25
reloadAllAccessors: .arrayType21

===========================================================================================
----------------- testing Wed Oct 17 02:32:54 UTC 2018 /home/travis/build/icyphy/ptII/ptolemy/actor/lib/test/auto/arrayType22.xml
----------------- Instantiating /home/travis/build/icyphy/ptII/ptolemy/actor/lib/test/auto/arrayType22.xml
1 ms. Memory: 1728000K Free: 1602320K (93%)
----------------- Invoking toplevel() on ptolemy.moml.MoMLSimpleApplication@55f94cc0
----------------- Done invoking toplevel() on ptolemy.moml.MoMLSimpleApplication@55f94cc0
reloadAllAccessors: .arrayType22

===========================================================================================
----------------- testing Wed Oct 17 02:32:54 UTC 2018 /home/travis/build/icyphy/ptII/ptolemy/actor/lib/test/auto/arrayType23.xml
----------------- Instantiating /home/travis/build/icyphy/ptII/ptolemy/actor/lib/test/auto/arrayType23.xml
1 ms. Memory: 1728000K Free: 1581586K (92%)
----------------- Invoking toplevel() on ptolemy.moml.MoMLSimpleApplication@5a7a21a0
----------------- Done invoking toplevel() on ptolemy.moml.MoMLSimpleApplication@5a7a21a0
reloadAllAccessors: .arrayType23

===========================================================================================
----------------- testing Wed Oct 17 02:32:54 UTC 2018 /home/travis/build/icyphy/ptII/ptolemy/actor/lib/test/auto/arrayType24.xml
----------------- Instantiating /home/travis/build/icyphy/ptII/ptolemy/actor/lib/test/auto/arrayType24.xml
1 ms. Memory: 1728000K Free: 1565494K (91%)
----------------- Invoking toplevel() on ptolemy.moml.MoMLSimpleApplication@7960fb1b
----------------- Done invoking toplevel() on ptolemy.moml.MoMLSimpleApplication@7960fb1b
reloadAllAccessors: .arrayType24

===========================================================================================
----------------- testing Wed Oct 17 02:32:54 UTC 2018 /home/travis/build/icyphy/ptII/ptolemy/actor/lib/test/auto/arrayType25.xml
----------------- Instantiating /home/travis/build/icyphy/ptII/ptolemy/actor/lib/test/auto/arrayType25.xml
1 ms. Memory: 1728000K Free: 1544760K (89%)
----------------- Invoking toplevel() on ptolemy.moml.MoMLSimpleApplication@7426648e
----------------- Done invoking toplevel() on ptolemy.moml.MoMLSimpleApplication@7426648e
reloadAllAccessors: .arrayType25

===========================================================================================
----------------- testing Wed Oct 17 02:32:54 UTC 2018 /home/travis/build/icyphy/ptII/ptolemy/actor/lib/test/auto/arrayType26.xml
----------------- Instantiating /home/travis/build/icyphy/ptII/ptolemy/actor/lib/test/auto/arrayType26.xml
1 ms. Memory: 1728000K Free: 1528668K (88%)
----------------- Invoking toplevel() on ptolemy.moml.MoMLSimpleApplication@3c1dd446
----------------- Done invoking toplevel() on ptolemy.moml.MoMLSimpleApplication@3c1dd446
reloadAllAccessors: .arrayType26

===========================================================================================
----------------- testing Wed Oct 17 02:32:54 UTC 2018 /home/travis/build/icyphy/ptII/ptolemy/actor/lib/test/auto/arrayType27.xml
----------------- Instantiating /home/travis/build/icyphy/ptII/ptolemy/actor/lib/test/auto/arrayType27.xml
1 ms. Memory: 1728000K Free: 1507934K (87%)
----------------- Invoking toplevel() on ptolemy.moml.MoMLSimpleApplication@318b2606
----------------- Done invoking toplevel() on ptolemy.moml.MoMLSimpleApplication@318b2606
reloadAllAccessors: .arrayType27

===========================================================================================
----------------- testing Wed Oct 17 02:32:54 UTC 2018 /home/travis/build/icyphy/ptII/ptolemy/actor/lib/test/auto/arrayType28.xml
----------------- Instantiating /home/travis/build/icyphy/ptII/ptolemy/actor/lib/test/auto/arrayType28.xml
1 ms. Memory: 1728000K Free: 1491842K (86%)
----------------- Invoking toplevel() on ptolemy.moml.MoMLSimpleApplication@5fae4053
----------------- Done invoking toplevel() on ptolemy.moml.MoMLSimpleApplication@5fae4053
reloadAllAccessors: .arrayType28

===========================================================================================
----------------- testing Wed Oct 17 02:32:54 UTC 2018 /home/travis/build/icyphy/ptII/ptolemy/actor/lib/test/auto/arrayType3.xml
----------------- Instantiating /home/travis/build/icyphy/ptII/ptolemy/actor/lib/test/auto/arrayType3.xml
2 ms. Memory: 1728000K Free: 1471108K (85%)
----------------- Invoking toplevel() on ptolemy.moml.MoMLSimpleApplication@311efd92
----------------- Done invoking toplevel() on ptolemy.moml.MoMLSimpleApplication@311efd92
reloadAllAccessors: .arrayType3

===========================================================================================
----------------- testing Wed Oct 17 02:32:54 UTC 2018 /home/travis/build/icyphy/ptII/ptolemy/actor/lib/test/auto/arrayType4.xml
----------------- Instantiating /home/travis/build/icyphy/ptII/ptolemy/actor/lib/test/auto/arrayType4.xml
2 ms. Memory: 1728000K Free: 1450374K (84%)
----------------- Invoking toplevel() on ptolemy.moml.MoMLSimpleApplication@4730ba10
----------------- Done invoking toplevel() on ptolemy.moml.MoMLSimpleApplication@4730ba10
reloadAllAccessors: .arrayType4

===========================================================================================
----------------- testing Wed Oct 17 02:32:54 UTC 2018 /home/travis/build/icyphy/ptII/ptolemy/actor/lib/test/auto/arrayType5.xml
----------------- Instantiating /home/travis/build/icyphy/ptII/ptolemy/actor/lib/test/auto/arrayType5.xml
4 ms. Memory: 1728000K Free: 1434282K (83%)
----------------- Invoking toplevel() on ptolemy.moml.MoMLSimpleApplication@f6ce21c
----------------- Done invoking toplevel() on ptolemy.moml.MoMLSimpleApplication@f6ce21c
reloadAllAccessors: .arrayType5

===========================================================================================
----------------- testing Wed Oct 17 02:32:54 UTC 2018 /home/travis/build/icyphy/ptII/ptolemy/actor/lib/test/auto/arrayType6.xml
----------------- Instantiating /home/travis/build/icyphy/ptII/ptolemy/actor/lib/test/auto/arrayType6.xml
2 ms. Memory: 1728000K Free: 1413548K (82%)
----------------- Invoking toplevel() on ptolemy.moml.MoMLSimpleApplication@6af4ddea
----------------- Done invoking toplevel() on ptolemy.moml.MoMLSimpleApplication@6af4ddea
reloadAllAccessors: .arrayType6

===========================================================================================
----------------- testing Wed Oct 17 02:32:54 UTC 2018 /home/travis/build/icyphy/ptII/ptolemy/actor/lib/test/auto/arrayType7.xml
----------------- Instantiating /home/travis/build/icyphy/ptII/ptolemy/actor/lib/test/auto/arrayType7.xml
1 ms. Memory: 1728000K Free: 1397456K (81%)
----------------- Invoking toplevel() on ptolemy.moml.MoMLSimpleApplication@703e2e10
----------------- Done invoking toplevel() on ptolemy.moml.MoMLSimpleApplication@703e2e10
reloadAllAccessors: .arrayType7

===========================================================================================
----------------- testing Wed Oct 17 02:32:54 UTC 2018 /home/travis/build/icyphy/ptII/ptolemy/actor/lib/test/auto/arrayType8.xml
----------------- Instantiating /home/travis/build/icyphy/ptII/ptolemy/actor/lib/test/auto/arrayType8.xml
2 ms. Memory: 1728000K Free: 1376722K (80%)
----------------- Invoking toplevel() on ptolemy.moml.MoMLSimpleApplication@2715d31e
----------------- Done invoking toplevel() on ptolemy.moml.MoMLSimpleApplication@2715d31e
reloadAllAccessors: .arrayType8

===========================================================================================
----------------- testing Wed Oct 17 02:32:54 UTC 2018 /home/travis/build/icyphy/ptII/ptolemy/actor/lib/test/auto/arrayType9.xml
----------------- Instantiating /home/travis/build/icyphy/ptII/ptolemy/actor/lib/test/auto/arrayType9.xml
1 ms. Memory: 1728000K Free: 1360630K (79%)
----------------- Invoking toplevel() on ptolemy.moml.MoMLSimpleApplication@27c96773
----------------- Done invoking toplevel() on ptolemy.moml.MoMLSimpleApplication@27c96773
reloadAllAccessors: .arrayType9

===========================================================================================
----------------- testing Wed Oct 17 02:32:54 UTC 2018 /home/travis/build/icyphy/ptII/ptolemy/actor/lib/test/auto/cast.xml
----------------- Instantiating /home/travis/build/icyphy/ptII/ptolemy/actor/lib/test/auto/cast.xml
1 ms. Memory: 1728000K Free: 1339896K (78%)
----------------- Invoking toplevel() on ptolemy.moml.MoMLSimpleApplication@466b79dc
----------------- Done invoking toplevel() on ptolemy.moml.MoMLSimpleApplication@466b79dc
reloadAllAccessors: .cast

===========================================================================================
----------------- testing Wed Oct 17 02:32:54 UTC 2018 /home/travis/build/icyphy/ptII/ptolemy/actor/lib/test/auto/compositeMultiPort.xml
----------------- Instantiating /home/travis/build/icyphy/ptII/ptolemy/actor/lib/test/auto/compositeMultiPort.xml
3 ms. Memory: 1728000K Free: 1323803K (77%)
----------------- Invoking toplevel() on ptolemy.moml.MoMLSimpleApplication@5db1acd9
----------------- Done invoking toplevel() on ptolemy.moml.MoMLSimpleApplication@5db1acd9
reloadAllAccessors: .compositeMultiPort

===========================================================================================
----------------- testing Wed Oct 17 02:32:54 UTC 2018 /home/travis/build/icyphy/ptII/ptolemy/actor/lib/test/auto/expressionCastInference.xml
----------------- Instantiating /home/travis/build/icyphy/ptII/ptolemy/actor/lib/test/auto/expressionCastInference.xml
2 ms. Memory: 1728000K Free: 1303070K (75%)
----------------- Invoking toplevel() on ptolemy.moml.MoMLSimpleApplication@2872fbdf
----------------- Done invoking toplevel() on ptolemy.moml.MoMLSimpleApplication@2872fbdf
reloadAllAccessors: .expressionCastInference

===========================================================================================
----------------- testing Wed Oct 17 02:32:54 UTC 2018 /home/travis/build/icyphy/ptII/ptolemy/actor/lib/test/auto/expressionCastInference2.xml
----------------- Instantiating /home/travis/build/icyphy/ptII/ptolemy/actor/lib/test/auto/expressionCastInference2.xml
2 ms. Memory: 1728000K Free: 1282336K (74%)
----------------- Invoking toplevel() on ptolemy.moml.MoMLSimpleApplication@5740b739
----------------- Done invoking toplevel() on ptolemy.moml.MoMLSimpleApplication@5740b739
reloadAllAccessors: .expressionCastInference2

===========================================================================================
----------------- testing Wed Oct 17 02:32:54 UTC 2018 /home/travis/build/icyphy/ptII/ptolemy/actor/lib/test/auto/expressionInference.xml
----------------- Instantiating /home/travis/build/icyphy/ptII/ptolemy/actor/lib/test/auto/expressionInference.xml
1 ms. Memory: 1728000K Free: 1266243K (73%)
----------------- Invoking toplevel() on ptolemy.moml.MoMLSimpleApplication@69027b42
----------------- Done invoking toplevel() on ptolemy.moml.MoMLSimpleApplication@69027b42
reloadAllAccessors: .expressionInference

===========================================================================================
----------------- testing Wed Oct 17 02:32:54 UTC 2018 /home/travis/build/icyphy/ptII/ptolemy/actor/lib/test/auto/expression_bug.xml
----------------- Instantiating /home/travis/build/icyphy/ptII/ptolemy/actor/lib/test/auto/expression_bug.xml
1 ms. Memory: 1728000K Free: 1245509K (72%)
----------------- Invoking toplevel() on ptolemy.moml.MoMLSimpleApplication@1c04e6ca
----------------- Done invoking toplevel() on ptolemy.moml.MoMLSimpleApplication@1c04e6ca
reloadAllAccessors: .expression_bug

===========================================================================================
----------------- testing Wed Oct 17 02:32:54 UTC 2018 /home/travis/build/icyphy/ptII/ptolemy/actor/lib/test/auto/factorial.xml
----------------- Instantiating /home/travis/build/icyphy/ptII/ptolemy/actor/lib/test/auto/factorial.xml
38 ms. Memory: 1728000K Free: 1229417K (71%)
----------------- Invoking toplevel() on ptolemy.moml.MoMLSimpleApplication@5091999e
----------------- Done invoking toplevel() on ptolemy.moml.MoMLSimpleApplication@5091999e
reloadAllAccessors: .factorial

===========================================================================================
----------------- testing Wed Oct 17 02:32:54 UTC 2018 /home/travis/build/icyphy/ptII/ptolemy/actor/lib/test/auto/filterTest1.xml
----------------- Instantiating /home/travis/build/icyphy/ptII/ptolemy/actor/lib/test/auto/filterTest1.xml
2 ms. Memory: 1728000K Free: 1208683K (70%)
----------------- Invoking toplevel() on ptolemy.moml.MoMLSimpleApplication@54bbdfd1
----------------- Done invoking toplevel() on ptolemy.moml.MoMLSimpleApplication@54bbdfd1
reloadAllAccessors: .filterTest1

===========================================================================================
----------------- testing Wed Oct 17 02:32:54 UTC 2018 /home/travis/build/icyphy/ptII/ptolemy/actor/lib/test/auto/funcApplyInConst.xml
----------------- Instantiating /home/travis/build/icyphy/ptII/ptolemy/actor/lib/test/auto/funcApplyInConst.xml
0 ms. Memory: 1728000K Free: 1192591K (69%)
----------------- Invoking toplevel() on ptolemy.moml.MoMLSimpleApplication@25d7fefa
----------------- Done invoking toplevel() on ptolemy.moml.MoMLSimpleApplication@25d7fefa
reloadAllAccessors: .funcApplyInConst

===========================================================================================
----------------- testing Wed Oct 17 02:32:54 UTC 2018 /home/travis/build/icyphy/ptII/ptolemy/actor/lib/test/auto/funcApplyInExpr.xml
----------------- Instantiating /home/travis/build/icyphy/ptII/ptolemy/actor/lib/test/auto/funcApplyInExpr.xml
1 ms. Memory: 1728000K Free: 1171857K (68%)
----------------- Invoking toplevel() on ptolemy.moml.MoMLSimpleApplication@6fcfd795
----------------- Done invoking toplevel() on ptolemy.moml.MoMLSimpleApplication@6fcfd795
reloadAllAccessors: .funcApplyInExpr

===========================================================================================
----------------- testing Wed Oct 17 02:32:54 UTC 2018 /home/travis/build/icyphy/ptII/ptolemy/actor/lib/test/auto/function.xml
----------------- Instantiating /home/travis/build/icyphy/ptII/ptolemy/actor/lib/test/auto/function.xml
1 ms. Memory: 1728000K Free: 1155765K (67%)
----------------- Invoking toplevel() on ptolemy.moml.MoMLSimpleApplication@8eeff0b
----------------- Done invoking toplevel() on ptolemy.moml.MoMLSimpleApplication@8eeff0b
reloadAllAccessors: .function

===========================================================================================
----------------- testing Wed Oct 17 02:32:54 UTC 2018 /home/travis/build/icyphy/ptII/ptolemy/actor/lib/test/auto/function2.xml
----------------- Instantiating /home/travis/build/icyphy/ptII/ptolemy/actor/lib/test/auto/function2.xml
1 ms. Memory: 1728000K Free: 1135031K (66%)
----------------- Invoking toplevel() on ptolemy.moml.MoMLSimpleApplication@62be0684
----------------- Done invoking toplevel() on ptolemy.moml.MoMLSimpleApplication@62be0684
reloadAllAccessors: .function2

===========================================================================================
----------------- testing Wed Oct 17 02:32:54 UTC 2018 /home/travis/build/icyphy/ptII/ptolemy/actor/lib/test/auto/function3.xml
----------------- Instantiating /home/travis/build/icyphy/ptII/ptolemy/actor/lib/test/auto/function3.xml
2 ms. Memory: 1728000K Free: 1114297K (64%)
----------------- Invoking toplevel() on ptolemy.moml.MoMLSimpleApplication@678088f4
----------------- Done invoking toplevel() on ptolemy.moml.MoMLSimpleApplication@678088f4
reloadAllAccessors: .function3

===========================================================================================
----------------- testing Wed Oct 17 02:32:54 UTC 2018 /home/travis/build/icyphy/ptII/ptolemy/actor/lib/test/auto/functionClosureTest1.xml
----------------- Instantiating /home/travis/build/icyphy/ptII/ptolemy/actor/lib/test/auto/functionClosureTest1.xml
2 ms. Memory: 1728000K Free: 1098205K (64%)
----------------- Invoking toplevel() on ptolemy.moml.MoMLSimpleApplication@4758dea9
----------------- Done invoking toplevel() on ptolemy.moml.MoMLSimpleApplication@4758dea9
reloadAllAccessors: .functionClosureTest1

===========================================================================================
----------------- testing Wed Oct 17 02:32:54 UTC 2018 /home/travis/build/icyphy/ptII/ptolemy/actor/lib/test/auto/functionClosureTest2.xml
----------------- Instantiating /home/travis/build/icyphy/ptII/ptolemy/actor/lib/test/auto/functionClosureTest2.xml
1 ms. Memory: 1728000K Free: 1077471K (62%)
----------------- Invoking toplevel() on ptolemy.moml.MoMLSimpleApplication@1a8efbbd
----------------- Done invoking toplevel() on ptolemy.moml.MoMLSimpleApplication@1a8efbbd
reloadAllAccessors: .functionClosureTest2

===========================================================================================
----------------- testing Wed Oct 17 02:32:54 UTC 2018 /home/travis/build/icyphy/ptII/ptolemy/actor/lib/test/auto/functionClosureTest3.xml
----------------- Instantiating /home/travis/build/icyphy/ptII/ptolemy/actor/lib/test/auto/functionClosureTest3.xml
2 ms. Memory: 1728000K Free: 1061378K (61%)
----------------- Invoking toplevel() on ptolemy.moml.MoMLSimpleApplication@f5ca820
----------------- Done invoking toplevel() on ptolemy.moml.MoMLSimpleApplication@f5ca820
reloadAllAccessors: .functionClosureTest3

===========================================================================================
----------------- testing Wed Oct 17 02:32:54 UTC 2018 /home/travis/build/icyphy/ptII/ptolemy/actor/lib/test/auto/functionClosureTest4.xml
----------------- Instantiating /home/travis/build/icyphy/ptII/ptolemy/actor/lib/test/auto/functionClosureTest4.xml
7 ms. Memory: 1728000K Free: 1040644K (60%)
----------------- Invoking toplevel() on ptolemy.moml.MoMLSimpleApplication@148d7841
----------------- Done invoking toplevel() on ptolemy.moml.MoMLSimpleApplication@148d7841
reloadAllAccessors: .functionClosureTest4

===========================================================================================
----------------- testing Wed Oct 17 02:32:54 UTC 2018 /home/travis/build/icyphy/ptII/ptolemy/actor/lib/test/auto/functionClosureTest5.xml
----------------- Instantiating /home/travis/build/icyphy/ptII/ptolemy/actor/lib/test/auto/functionClosureTest5.xml
4 ms. Memory: 1728000K Free: 1024552K (59%)
----------------- Invoking toplevel() on ptolemy.moml.MoMLSimpleApplication@1e7ab34c
----------------- Done invoking toplevel() on ptolemy.moml.MoMLSimpleApplication@1e7ab34c
reloadAllAccessors: .functionClosureTest5

===========================================================================================
----------------- testing Wed Oct 17 02:32:54 UTC 2018 /home/travis/build/icyphy/ptII/ptolemy/actor/lib/test/auto/functionClosureTest6.xml
----------------- Instantiating /home/travis/build/icyphy/ptII/ptolemy/actor/lib/test/auto/functionClosureTest6.xml
2 ms. Memory: 1728000K Free: 1003818K (58%)
----------------- Invoking toplevel() on ptolemy.moml.MoMLSimpleApplication@33c106fc
----------------- Done invoking toplevel() on ptolemy.moml.MoMLSimpleApplication@33c106fc
reloadAllAccessors: .functionClosureTest6

===========================================================================================
----------------- testing Wed Oct 17 02:32:54 UTC 2018 /home/travis/build/icyphy/ptII/ptolemy/actor/lib/test/auto/functionsOnArcs.xml
----------------- Instantiating /home/travis/build/icyphy/ptII/ptolemy/actor/lib/test/auto/functionsOnArcs.xml
1 ms. Memory: 1728000K Free: 983084K (57%)
----------------- Invoking toplevel() on ptolemy.moml.MoMLSimpleApplication@2572b1f
----------------- Done invoking toplevel() on ptolemy.moml.MoMLSimpleApplication@2572b1f
reloadAllAccessors: .functionsOnArcs

===========================================================================================
----------------- testing Wed Oct 17 02:32:54 UTC 2018 /home/travis/build/icyphy/ptII/ptolemy/actor/lib/test/auto/functionsOnArcsHOF.xml
----------------- Instantiating /home/travis/build/icyphy/ptII/ptolemy/actor/lib/test/auto/functionsOnArcsHOF.xml
3 ms. Memory: 1728000K Free: 966992K (56%)
----------------- Invoking toplevel() on ptolemy.moml.MoMLSimpleApplication@1816c9fb
----------------- Done invoking toplevel() on ptolemy.moml.MoMLSimpleApplication@1816c9fb
reloadAllAccessors: .functionsOnArcsHOF

===========================================================================================
----------------- testing Wed Oct 17 02:32:54 UTC 2018 /home/travis/build/icyphy/ptII/ptolemy/actor/lib/test/auto/logic.xml
----------------- Instantiating /home/travis/build/icyphy/ptII/ptolemy/actor/lib/test/auto/logic.xml
2 ms. Memory: 1728000K Free: 946258K (55%)
----------------- Invoking toplevel() on ptolemy.moml.MoMLSimpleApplication@2ca48907
----------------- Done invoking toplevel() on ptolemy.moml.MoMLSimpleApplication@2ca48907
reloadAllAccessors: .logic

===========================================================================================
----------------- testing Wed Oct 17 02:32:54 UTC 2018 /home/travis/build/icyphy/ptII/ptolemy/actor/lib/test/auto/matrixType.xml
----------------- Instantiating /home/travis/build/icyphy/ptII/ptolemy/actor/lib/test/auto/matrixType.xml
1 ms. Memory: 1728000K Free: 930166K (54%)
----------------- Invoking toplevel() on ptolemy.moml.MoMLSimpleApplication@1335ca99
----------------- Done invoking toplevel() on ptolemy.moml.MoMLSimpleApplication@1335ca99
reloadAllAccessors: .matrixType

===========================================================================================
----------------- testing Wed Oct 17 02:32:54 UTC 2018 /home/travis/build/icyphy/ptII/ptolemy/actor/lib/test/auto/matrixType10.xml
----------------- Instantiating /home/travis/build/icyphy/ptII/ptolemy/actor/lib/test/auto/matrixType10.xml
2 ms. Memory: 1728000K Free: 909432K (53%)
----------------- Invoking toplevel() on ptolemy.moml.MoMLSimpleApplication@6363ac7e
----------------- Done invoking toplevel() on ptolemy.moml.MoMLSimpleApplication@6363ac7e
reloadAllAccessors: .matrixType10

===========================================================================================
----------------- testing Wed Oct 17 02:32:54 UTC 2018 /home/travis/build/icyphy/ptII/ptolemy/actor/lib/test/auto/matrixType11.xml
----------------- Instantiating /home/travis/build/icyphy/ptII/ptolemy/actor/lib/test/auto/matrixType11.xml
1 ms. Memory: 1728000K Free: 893340K (52%)
----------------- Invoking toplevel() on ptolemy.moml.MoMLSimpleApplication@6841cdc2
----------------- Done invoking toplevel() on ptolemy.moml.MoMLSimpleApplication@6841cdc2
reloadAllAccessors: .matrixType11

===========================================================================================
----------------- testing Wed Oct 17 02:32:54 UTC 2018 /home/travis/build/icyphy/ptII/ptolemy/actor/lib/test/auto/matrixType12.xml
----------------- Instantiating /home/travis/build/icyphy/ptII/ptolemy/actor/lib/test/auto/matrixType12.xml
1 ms. Memory: 1728000K Free: 872606K (50%)
----------------- Invoking toplevel() on ptolemy.moml.MoMLSimpleApplication@34e301b3
----------------- Done invoking toplevel() on ptolemy.moml.MoMLSimpleApplication@34e301b3
reloadAllAccessors: .matrixType12

===========================================================================================
----------------- testing Wed Oct 17 02:32:54 UTC 2018 /home/travis/build/icyphy/ptII/ptolemy/actor/lib/test/auto/matrixType13.xml
----------------- Instantiating /home/travis/build/icyphy/ptII/ptolemy/actor/lib/test/auto/matrixType13.xml
1 ms. Memory: 1728000K Free: 856513K (50%)
----------------- Invoking toplevel() on ptolemy.moml.MoMLSimpleApplication@15f144c1
----------------- Done invoking toplevel() on ptolemy.moml.MoMLSimpleApplication@15f144c1
reloadAllAccessors: .matrixType13

===========================================================================================
----------------- testing Wed Oct 17 02:32:54 UTC 2018 /home/travis/build/icyphy/ptII/ptolemy/actor/lib/test/auto/matrixType14.xml
----------------- Instantiating /home/travis/build/icyphy/ptII/ptolemy/actor/lib/test/auto/matrixType14.xml
2 ms. Memory: 1728000K Free: 835779K (48%)
----------------- Invoking toplevel() on ptolemy.moml.MoMLSimpleApplication@7eea7441
----------------- Done invoking toplevel() on ptolemy.moml.MoMLSimpleApplication@7eea7441
reloadAllAccessors: .matrixType14

===========================================================================================
----------------- testing Wed Oct 17 02:32:54 UTC 2018 /home/travis/build/icyphy/ptII/ptolemy/actor/lib/test/auto/matrixType2.xml
----------------- Instantiating /home/travis/build/icyphy/ptII/ptolemy/actor/lib/test/auto/matrixType2.xml
1 ms. Memory: 1728000K Free: 815046K (47%)
----------------- Invoking toplevel() on ptolemy.moml.MoMLSimpleApplication@2acc1046
----------------- Done invoking toplevel() on ptolemy.moml.MoMLSimpleApplication@2acc1046
reloadAllAccessors: .matrixType2

===========================================================================================
----------------- testing Wed Oct 17 02:32:54 UTC 2018 /home/travis/build/icyphy/ptII/ptolemy/actor/lib/test/auto/matrixType3.xml
----------------- Instantiating /home/travis/build/icyphy/ptII/ptolemy/actor/lib/test/auto/matrixType3.xml
3 ms. Memory: 1728000K Free: 798953K (46%)
----------------- Invoking toplevel() on ptolemy.moml.MoMLSimpleApplication@46c09561
----------------- Done invoking toplevel() on ptolemy.moml.MoMLSimpleApplication@46c09561
reloadAllAccessors: .matrixType3

===========================================================================================
----------------- testing Wed Oct 17 02:32:54 UTC 2018 /home/travis/build/icyphy/ptII/ptolemy/actor/lib/test/auto/matrixType4.xml
----------------- Instantiating /home/travis/build/icyphy/ptII/ptolemy/actor/lib/test/auto/matrixType4.xml
1 ms. Memory: 1728000K Free: 778219K (45%)
----------------- Invoking toplevel() on ptolemy.moml.MoMLSimpleApplication@1ee11ba5
----------------- Done invoking toplevel() on ptolemy.moml.MoMLSimpleApplication@1ee11ba5
reloadAllAccessors: .matrixType4

===========================================================================================
----------------- testing Wed Oct 17 02:32:54 UTC 2018 /home/travis/build/icyphy/ptII/ptolemy/actor/lib/test/auto/matrixType5.xml
----------------- Instantiating /home/travis/build/icyphy/ptII/ptolemy/actor/lib/test/auto/matrixType5.xml
1 ms. Memory: 1728000K Free: 762127K (44%)
----------------- Invoking toplevel() on ptolemy.moml.MoMLSimpleApplication@16e68bfc
----------------- Done invoking toplevel() on ptolemy.moml.MoMLSimpleApplication@16e68bfc
reloadAllAccessors: .matrixType5

===========================================================================================
----------------- testing Wed Oct 17 02:32:54 UTC 2018 /home/travis/build/icyphy/ptII/ptolemy/actor/lib/test/auto/matrixType6.xml
----------------- Instantiating /home/travis/build/icyphy/ptII/ptolemy/actor/lib/test/auto/matrixType6.xml
1 ms. Memory: 1728000K Free: 741393K (43%)
----------------- Invoking toplevel() on ptolemy.moml.MoMLSimpleApplication@35d8f7d8
----------------- Done invoking toplevel() on ptolemy.moml.MoMLSimpleApplication@35d8f7d8
reloadAllAccessors: .matrixType6

===========================================================================================
----------------- testing Wed Oct 17 02:32:54 UTC 2018 /home/travis/build/icyphy/ptII/ptolemy/actor/lib/test/auto/matrixType7.xml
----------------- Instantiating /home/travis/build/icyphy/ptII/ptolemy/actor/lib/test/auto/matrixType7.xml
1 ms. Memory: 1728000K Free: 725301K (42%)
----------------- Invoking toplevel() on ptolemy.moml.MoMLSimpleApplication@3b6e8c5e
----------------- Done invoking toplevel() on ptolemy.moml.MoMLSimpleApplication@3b6e8c5e
reloadAllAccessors: .matrixType7

===========================================================================================
----------------- testing Wed Oct 17 02:32:54 UTC 2018 /home/travis/build/icyphy/ptII/ptolemy/actor/lib/test/auto/matrixType8.xml
----------------- Instantiating /home/travis/build/icyphy/ptII/ptolemy/actor/lib/test/auto/matrixType8.xml
1 ms. Memory: 1728000K Free: 704567K (41%)
----------------- Invoking toplevel() on ptolemy.moml.MoMLSimpleApplication@1bab29f9
----------------- Done invoking toplevel() on ptolemy.moml.MoMLSimpleApplication@1bab29f9
reloadAllAccessors: .matrixType8

===========================================================================================
----------------- testing Wed Oct 17 02:32:54 UTC 2018 /home/travis/build/icyphy/ptII/ptolemy/actor/lib/test/auto/matrixType9.xml
----------------- Instantiating /home/travis/build/icyphy/ptII/ptolemy/actor/lib/test/auto/matrixType9.xml
1 ms. Memory: 1728000K Free: 683832K (40%)
----------------- Invoking toplevel() on ptolemy.moml.MoMLSimpleApplication@6bceec04
----------------- Done invoking toplevel() on ptolemy.moml.MoMLSimpleApplication@6bceec04
reloadAllAccessors: .matrixType9

===========================================================================================
----------------- testing Wed Oct 17 02:32:54 UTC 2018 /home/travis/build/icyphy/ptII/ptolemy/actor/lib/test/auto/paraFunctest.xml
----------------- Instantiating /home/travis/build/icyphy/ptII/ptolemy/actor/lib/test/auto/paraFunctest.xml
1 ms. Memory: 1728000K Free: 667740K (39%)
----------------- Invoking toplevel() on ptolemy.moml.MoMLSimpleApplication@1a25f56d
----------------- Done invoking toplevel() on ptolemy.moml.MoMLSimpleApplication@1a25f56d
reloadAllAccessors: .paraFunctest

===========================================================================================
----------------- testing Wed Oct 17 02:32:54 UTC 2018 /home/travis/build/icyphy/ptII/ptolemy/actor/lib/test/auto/paraFunctest2.xml
----------------- Instantiating /home/travis/build/icyphy/ptII/ptolemy/actor/lib/test/auto/paraFunctest2.xml
1 ms. Memory: 1728000K Free: 647006K (37%)
----------------- Invoking toplevel() on ptolemy.moml.MoMLSimpleApplication@2887671
----------------- Done invoking toplevel() on ptolemy.moml.MoMLSimpleApplication@2887671
reloadAllAccessors: .paraFunctest2

===========================================================================================
----------------- testing Wed Oct 17 02:32:54 UTC 2018 /home/travis/build/icyphy/ptII/ptolemy/actor/lib/test/auto/parameterPassing.xml
----------------- Instantiating /home/travis/build/icyphy/ptII/ptolemy/actor/lib/test/auto/parameterPassing.xml
1 ms. Memory: 1728000K Free: 630914K (37%)
----------------- Invoking toplevel() on ptolemy.moml.MoMLSimpleApplication@357b13
----------------- Done invoking toplevel() on ptolemy.moml.MoMLSimpleApplication@357b13
reloadAllAccessors: .parameterPassing

===========================================================================================
----------------- testing Wed Oct 17 02:32:54 UTC 2018 /home/travis/build/icyphy/ptII/ptolemy/actor/lib/test/auto/record.xml
----------------- Instantiating /home/travis/build/icyphy/ptII/ptolemy/actor/lib/test/auto/record.xml
2 ms. Memory: 1728000K Free: 610180K (35%)
----------------- Invoking toplevel() on ptolemy.moml.MoMLSimpleApplication@6e6318f6
----------------- Done invoking toplevel() on ptolemy.moml.MoMLSimpleApplication@6e6318f6
reloadAllAccessors: .record

===========================================================================================
----------------- testing Wed Oct 17 02:32:55 UTC 2018 /home/travis/build/icyphy/ptII/ptolemy/actor/lib/test/auto/sizedarray1.xml
----------------- Instantiating /home/travis/build/icyphy/ptII/ptolemy/actor/lib/test/auto/sizedarray1.xml
1 ms. Memory: 1728000K Free: 594088K (34%)
----------------- Invoking toplevel() on ptolemy.moml.MoMLSimpleApplication@628abd24
----------------- Done invoking toplevel() on ptolemy.moml.MoMLSimpleApplication@628abd24
reloadAllAccessors: .sizedarray1

===========================================================================================
----------------- testing Wed Oct 17 02:32:55 UTC 2018 /home/travis/build/icyphy/ptII/ptolemy/actor/lib/test/auto/sizedarray2.xml
----------------- Instantiating /home/travis/build/icyphy/ptII/ptolemy/actor/lib/test/auto/sizedarray2.xml
2 ms. Memory: 1728000K Free: 573354K (33%)
----------------- Invoking toplevel() on ptolemy.moml.MoMLSimpleApplication@7f8b7420
----------------- Done invoking toplevel() on ptolemy.moml.MoMLSimpleApplication@7f8b7420
reloadAllAccessors: .sizedarray2

===========================================================================================
----------------- testing Wed Oct 17 02:32:55 UTC 2018 /home/travis/build/icyphy/ptII/ptolemy/actor/lib/test/auto/twoPublishers.xml
----------------- Instantiating /home/travis/build/icyphy/ptII/ptolemy/actor/lib/test/auto/twoPublishers.xml
4 ms. Memory: 1728000K Free: 544557K (32%)
----------------- Invoking toplevel() on ptolemy.moml.MoMLSimpleApplication@226a729e
----------------- Done invoking toplevel() on ptolemy.moml.MoMLSimpleApplication@226a729e
reloadAllAccessors: .twoPublishers
AutoTests.java: About to close Vertx.
AutoTests.java: Vertx closed.
]]></system-out>
  <system-err><![CDATA[java.lang.RuntimeException: Execution failed
	at ptolemy.moml.MoMLSimpleApplication$UnloadThread.run(MoMLSimpleApplication.java:402)
Caused by: java.lang.RuntimeException: Normally, we would exit here because Manager.exitAfterWrapup() was called.  However, because the ptolemy.ptII.exitAfterWrapup property is set, we throw this exception instead.
	at ptolemy.util.StringUtilities.exit(StringUtilities.java:363)
	at ptolemy.actor.Manager.wrapup(Manager.java:1531)
	at ptolemy.actor.Manager.execute(Manager.java:407)
	at ptolemy.actor.Manager.run(Manager.java:1263)
	at ptolemy.actor.Manager$PtolemyRunThread.run(Manager.java:1915)
Warning: '.top.test' is in training mode, set the trainingMode parameter to false before checking in
Warning: '.top.test' is in training mode, set the trainingMode parameter to false before checking in
Warning: '.top.test' is in training mode, set the trainingMode parameter to false before checking in
Warning: '.BooleanSwitch_RegressionTest_WrongTrainingValues.Test' is in training mode, set the trainingMode parameter to false before checking in
Warning: '.BooleanSwitch_RegressionTest_WrongTrainingValues.Test2' is in training mode, set the trainingMode parameter to false before checking in
Warning: '.BooleanSwitch_RegressionTest_WrongTrainingValues.Test2' The test produced 0 tokens.
Warning: '.top.testExceptionHandler' is in training mode, set the trainingMode parameter to false before checking in
java.lang.RuntimeException: Execution failed
	at ptolemy.moml.MoMLSimpleApplication$UnloadThread.run(MoMLSimpleApplication.java:402)
Caused by: ptolemy.kernel.util.IllegalActionException: PublisherPorts cannot be used at the top level, use a Publisher actor instead.
  in .PublisherPortToplevelSubscriber.PublisherPort
	at ptolemy.actor.PublisherPort.preinitialize(PublisherPort.java:403)
	at ptolemy.actor.CompositeActor.preinitialize(CompositeActor.java:1769)
	at ptolemy.actor.Manager.preinitializeAndResolveTypes(Manager.java:1040)
	at ptolemy.actor.Manager.initialize(Manager.java:710)
	at ptolemy.actor.Manager.execute(Manager.java:356)
	at ptolemy.actor.Manager.run(Manager.java:1263)
	at ptolemy.actor.Manager$PtolemyRunThread.run(Manager.java:1915)
java.lang.reflect.InvocationTargetException
	at sun.reflect.NativeConstructorAccessorImpl.newInstance0(Native Method)
	at sun.reflect.NativeConstructorAccessorImpl.newInstance(NativeConstructorAccessorImpl.java:62)
	at sun.reflect.DelegatingConstructorAccessorImpl.newInstance(DelegatingConstructorAccessorImpl.java:45)
	at java.lang.reflect.Constructor.newInstance(Constructor.java:423)
	at ptolemy.util.test.junit.AutoKnownFailedTests.RunModel(AutoKnownFailedTests.java:107)
	at sun.reflect.NativeMethodAccessorImpl.invoke0(Native Method)
	at sun.reflect.NativeMethodAccessorImpl.invoke(NativeMethodAccessorImpl.java:62)
	at sun.reflect.DelegatingMethodAccessorImpl.invoke(DelegatingMethodAccessorImpl.java:43)
	at java.lang.reflect.Method.invoke(Method.java:498)
	at org.junit.runners.model.FrameworkMethod$1.runReflectiveCall(FrameworkMethod.java:44)
	at org.junit.internal.runners.model.ReflectiveCallable.run(ReflectiveCallable.java:15)
	at org.junit.runners.model.FrameworkMethod.invokeExplosively(FrameworkMethod.java:41)
	at junitparams.internal.InvokeParameterisedMethod.evaluate(InvokeParameterisedMethod.java:102)
	at org.junit.internal.runners.statements.FailOnTimeout$1.run(FailOnTimeout.java:28)
Caused by: ptolemy.kernel.util.IllegalActionException: PublisherPorts cannot be used at the top level, use a Publisher actor instead.
  in .PublisherPortToplevelSubscriber.PublisherPort
	at ptolemy.actor.PublisherPort.preinitialize(PublisherPort.java:403)
	at ptolemy.actor.CompositeActor.preinitialize(CompositeActor.java:1769)
	at ptolemy.actor.Manager.preinitializeAndResolveTypes(Manager.java:1040)
	at ptolemy.actor.Manager.initialize(Manager.java:710)
	at ptolemy.actor.Manager.execute(Manager.java:356)
	at ptolemy.actor.Manager.run(Manager.java:1263)
	at ptolemy.actor.Manager$PtolemyRunThread.run(Manager.java:1915)
java.lang.RuntimeException: Execution failed
	at ptolemy.moml.MoMLSimpleApplication$UnloadThread.run(MoMLSimpleApplication.java:402)
Caused by: ptolemy.kernel.util.IllegalActionException: SubscriberPorts cannot be used at the top level, use a Subscriber actor instead.
  in .PublisherSubscriberPortToplevel.SubscriberPort
	at ptolemy.actor.SubscriberPort.preinitialize(SubscriberPort.java:328)
	at ptolemy.actor.CompositeActor.preinitialize(CompositeActor.java:1769)
	at ptolemy.actor.Manager.preinitializeAndResolveTypes(Manager.java:1040)
	at ptolemy.actor.Manager.initialize(Manager.java:710)
	at ptolemy.actor.Manager.execute(Manager.java:356)
	at ptolemy.actor.Manager.run(Manager.java:1263)
	at ptolemy.actor.Manager$PtolemyRunThread.run(Manager.java:1915)
java.lang.reflect.InvocationTargetException
	at sun.reflect.NativeConstructorAccessorImpl.newInstance0(Native Method)
	at sun.reflect.NativeConstructorAccessorImpl.newInstance(NativeConstructorAccessorImpl.java:62)
	at sun.reflect.DelegatingConstructorAccessorImpl.newInstance(DelegatingConstructorAccessorImpl.java:45)
	at java.lang.reflect.Constructor.newInstance(Constructor.java:423)
	at ptolemy.util.test.junit.AutoKnownFailedTests.RunModel(AutoKnownFailedTests.java:107)
	at sun.reflect.NativeMethodAccessorImpl.invoke0(Native Method)
	at sun.reflect.NativeMethodAccessorImpl.invoke(NativeMethodAccessorImpl.java:62)
	at sun.reflect.DelegatingMethodAccessorImpl.invoke(DelegatingMethodAccessorImpl.java:43)
	at java.lang.reflect.Method.invoke(Method.java:498)
	at org.junit.runners.model.FrameworkMethod$1.runReflectiveCall(FrameworkMethod.java:44)
	at org.junit.internal.runners.model.ReflectiveCallable.run(ReflectiveCallable.java:15)
	at org.junit.runners.model.FrameworkMethod.invokeExplosively(FrameworkMethod.java:41)
	at junitparams.internal.InvokeParameterisedMethod.evaluate(InvokeParameterisedMethod.java:102)
	at org.junit.internal.runners.statements.FailOnTimeout$1.run(FailOnTimeout.java:28)
Caused by: ptolemy.kernel.util.IllegalActionException: SubscriberPorts cannot be used at the top level, use a Subscriber actor instead.
  in .PublisherSubscriberPortToplevel.SubscriberPort
	at ptolemy.actor.SubscriberPort.preinitialize(SubscriberPort.java:328)
	at ptolemy.actor.CompositeActor.preinitialize(CompositeActor.java:1769)
	at ptolemy.actor.Manager.preinitializeAndResolveTypes(Manager.java:1040)
	at ptolemy.actor.Manager.initialize(Manager.java:710)
	at ptolemy.actor.Manager.execute(Manager.java:356)
	at ptolemy.actor.Manager.run(Manager.java:1263)
	at ptolemy.actor.Manager$PtolemyRunThread.run(Manager.java:1915)
java.lang.RuntimeException: Execution failed
	at ptolemy.moml.MoMLSimpleApplication$UnloadThread.run(MoMLSimpleApplication.java:402)
Caused by: ptolemy.kernel.util.IllegalActionException: SubscriptionAggregatorPorts cannot be used at the top level, use a SubscriptionAggregator actor instead.
  in .PublisherSubscriptionAggregatorPort.SubscriptionAggregatorPort
	at ptolemy.actor.SubscriptionAggregatorPort.preinitialize(SubscriptionAggregatorPort.java:353)
	at ptolemy.actor.CompositeActor.preinitialize(CompositeActor.java:1769)
	at ptolemy.actor.Manager.preinitializeAndResolveTypes(Manager.java:1040)
	at ptolemy.actor.Manager.initialize(Manager.java:710)
	at ptolemy.actor.Manager.execute(Manager.java:356)
	at ptolemy.actor.Manager.run(Manager.java:1263)
	at ptolemy.actor.Manager$PtolemyRunThread.run(Manager.java:1915)
java.lang.reflect.InvocationTargetException
	at sun.reflect.NativeConstructorAccessorImpl.newInstance0(Native Method)
	at sun.reflect.NativeConstructorAccessorImpl.newInstance(NativeConstructorAccessorImpl.java:62)
	at sun.reflect.DelegatingConstructorAccessorImpl.newInstance(DelegatingConstructorAccessorImpl.java:45)
	at java.lang.reflect.Constructor.newInstance(Constructor.java:423)
	at ptolemy.util.test.junit.AutoKnownFailedTests.RunModel(AutoKnownFailedTests.java:107)
	at sun.reflect.NativeMethodAccessorImpl.invoke0(Native Method)
	at sun.reflect.NativeMethodAccessorImpl.invoke(NativeMethodAccessorImpl.java:62)
	at sun.reflect.DelegatingMethodAccessorImpl.invoke(DelegatingMethodAccessorImpl.java:43)
	at java.lang.reflect.Method.invoke(Method.java:498)
	at org.junit.runners.model.FrameworkMethod$1.runReflectiveCall(FrameworkMethod.java:44)
	at org.junit.internal.runners.model.ReflectiveCallable.run(ReflectiveCallable.java:15)
	at org.junit.runners.model.FrameworkMethod.invokeExplosively(FrameworkMethod.java:41)
	at junitparams.internal.InvokeParameterisedMethod.evaluate(InvokeParameterisedMethod.java:102)
	at org.junit.internal.runners.statements.FailOnTimeout$1.run(FailOnTimeout.java:28)
Caused by: ptolemy.kernel.util.IllegalActionException: SubscriptionAggregatorPorts cannot be used at the top level, use a SubscriptionAggregator actor instead.
  in .PublisherSubscriptionAggregatorPort.SubscriptionAggregatorPort
	at ptolemy.actor.SubscriptionAggregatorPort.preinitialize(SubscriptionAggregatorPort.java:353)
	at ptolemy.actor.CompositeActor.preinitialize(CompositeActor.java:1769)
	at ptolemy.actor.Manager.preinitializeAndResolveTypes(Manager.java:1040)
	at ptolemy.actor.Manager.initialize(Manager.java:710)
	at ptolemy.actor.Manager.execute(Manager.java:356)
	at ptolemy.actor.Manager.run(Manager.java:1263)
	at ptolemy.actor.Manager$PtolemyRunThread.run(Manager.java:1915)
java.lang.RuntimeException: Execution failed
	at ptolemy.moml.MoMLSimpleApplication$UnloadThread.run(MoMLSimpleApplication.java:402)
Caused by: ptolemy.kernel.util.IllegalActionException: TypeTest actor has no training data.
  in .sizedarray3.TypeTest
	at ptolemy.actor.lib.TypeTest.initialize(TypeTest.java:250)
	at ptolemy.actor.Director.initialize(Director.java:938)
	at ptolemy.actor.Director.initialize(Director.java:907)
	at ptolemy.actor.sched.StaticSchedulingDirector.initialize(StaticSchedulingDirector.java:159)
	at ptolemy.domains.sdf.kernel.SDFDirector.initialize(SDFDirector.java:544)
	at ptolemy.actor.CompositeActor.initialize(CompositeActor.java:935)
	at ptolemy.actor.Manager.initialize(Manager.java:724)
	at ptolemy.actor.Manager.execute(Manager.java:356)
	at ptolemy.actor.Manager.run(Manager.java:1263)
	at ptolemy.actor.Manager$PtolemyRunThread.run(Manager.java:1915)
java.lang.reflect.InvocationTargetException
	at sun.reflect.NativeConstructorAccessorImpl.newInstance0(Native Method)
	at sun.reflect.NativeConstructorAccessorImpl.newInstance(NativeConstructorAccessorImpl.java:62)
	at sun.reflect.DelegatingConstructorAccessorImpl.newInstance(DelegatingConstructorAccessorImpl.java:45)
	at java.lang.reflect.Constructor.newInstance(Constructor.java:423)
	at ptolemy.util.test.junit.AutoKnownFailedTests.RunModel(AutoKnownFailedTests.java:107)
	at sun.reflect.NativeMethodAccessorImpl.invoke0(Native Method)
	at sun.reflect.NativeMethodAccessorImpl.invoke(NativeMethodAccessorImpl.java:62)
	at sun.reflect.DelegatingMethodAccessorImpl.invoke(DelegatingMethodAccessorImpl.java:43)
	at java.lang.reflect.Method.invoke(Method.java:498)
	at org.junit.runners.model.FrameworkMethod$1.runReflectiveCall(FrameworkMethod.java:44)
	at org.junit.internal.runners.model.ReflectiveCallable.run(ReflectiveCallable.java:15)
	at org.junit.runners.model.FrameworkMethod.invokeExplosively(FrameworkMethod.java:41)
	at junitparams.internal.InvokeParameterisedMethod.evaluate(InvokeParameterisedMethod.java:102)
	at org.junit.internal.runners.statements.FailOnTimeout$1.run(FailOnTimeout.java:28)
Caused by: ptolemy.kernel.util.IllegalActionException: TypeTest actor has no training data.
  in .sizedarray3.TypeTest
	at ptolemy.actor.lib.TypeTest.initialize(TypeTest.java:250)
	at ptolemy.actor.Director.initialize(Director.java:938)
	at ptolemy.actor.Director.initialize(Director.java:907)
	at ptolemy.actor.sched.StaticSchedulingDirector.initialize(StaticSchedulingDirector.java:159)
	at ptolemy.domains.sdf.kernel.SDFDirector.initialize(SDFDirector.java:544)
	at ptolemy.actor.CompositeActor.initialize(CompositeActor.java:935)
	at ptolemy.actor.Manager.initialize(Manager.java:724)
	at ptolemy.actor.Manager.execute(Manager.java:356)
	at ptolemy.actor.Manager.run(Manager.java:1263)
	at ptolemy.actor.Manager$PtolemyRunThread.run(Manager.java:1915)
]]></system-err>
</testsuite>
