<?xml version="1.0" encoding="UTF-8" ?>
<testsuite errors="0" failures="0" hostname="travis-job-0d1b1738-d45e-4e8c-ab2e-c9c025196f61" name="ptolemy.domains.de.test.junit.JUnitTclTest" skipped="0" tests="101" time="124.259" timestamp="2019-02-14T03:34:49">
  <properties>
    <property name="npm.executable" value="npm" />
    <property name="file.encoding.pkg" value="sun.io" />
    <property name="env.TRAVIS_ROOT" value="/" />
    <property name="ptII.mk.exists" value="true" />
    <property name="env.TRAVIS_APP_HOST" value="build.travis-ci.org" />
    <property name="env.rvm_bin_path" value="/home/travis/.rvm/bin" />
    <property name="java.home" value="/usr/lib/jvm/java-8-oracle/jre" />
    <property name="env.TRAVIS_JOB_NUMBER" value="1001.9" />
    <property name="env.TRAVIS_HOME" value="/home/travis" />
    <property name="env.DISPLAY" value=":99.0" />
    <property name="java.net.preferIPv4Stack" value="true" />
    <property name="env.TRAVIS_INIT" value="upstart" />
    <property name="env.SSH_TTY" value="/dev/pts/0" />
    <property name="env.RUN_TESTS" value="true" />
    <property name="timeout.short" value="1000000" />
    <property name="env.TRAVIS_JOB_NAME" value="" />
    <property name="env.TRAVIS_STACK_NODE_ATTRIBUTES" value="/.node-attributes.yml" />
    <property name="junit.formatter" value="xml" />
    <property name="java.endorsed.dirs" value="/usr/lib/jvm/java-8-oracle/jre/lib/endorsed" />
    <property name="env.TRAVIS_SUDO" value="true" />
    <property name="env.LOGNAME" value="travis" />
    <property name="jsdoc.home" value="node_modules/@terraswarm/jsdoc" />
    <property name="debuglevel" value="source,lines,vars" />
    <property name="checkstyle.formatter" value="xml" />
    <property name="bin.vergil.makeable" value="true" />
    <property name="env._system_version" value="14.04" />
    <property name="sun.os.patch.level" value="unknown" />
    <property name="java.vendor.url" value="http://java.oracle.com/" />
    <property name="env.TRAVIS_BUILD_WEB_URL" value="https://travis-ci.org/icyphy/ptII/builds/493040906" />
    <property name="java.version" value="1.8.0_151" />
    <property name="env.TZ" value="UTC" />
    <property name="env.PT_NO_NET" value="true" />
    <property name="env.TRAVIS_PULL_REQUEST_SHA" value="" />
    <property name="env.TRAVIS_SECURE_ENV_VARS" value="true" />
    <property name="env._system_type" value="Linux" />
    <property name="java.vendor.url.bug" value="http://bugreport.sun.com/bugreport/" />
    <property name="env.SSH_CLIENT" value="10.10.4.87 59050 22" />
    <property name="npmjs-org-is-up" value="true" />
    <property name="env.GEM_HOME" value="/home/travis/.rvm/gems/ruby-2.4.1" />
    <property name="env.HAS_ANTARES_THREE_LITTLE_FRONZIES_BADGE" value="true" />
    <property name="env.PS4" value="+" />
    <property name="ant.project.invoked-targets" value="build,test.core2.xml" />
    <property name="env.TRAVIS_PULL_REQUEST_BRANCH" value="" />
    <property name="env.TRAVIS_REPO_SLUG" value="icyphy/ptII" />
    <property name="env.TRAVIS_APT_PROXY" value="http://build-cache.travisci.net" />
    <property name="node.in.path" value="true" />
    <property name="java.maxmemory" value="1400m" />
    <property name="env.RUBY_VERSION" value="ruby-2.4.1" />
    <property name="user.name" value="travis" />
    <property name="env.LANG" value="en_US.UTF-8" />
    <property name="sun.io.unicode.encoding" value="UnicodeLittle" />
    <property name="sun.jnu.encoding" value="UTF-8" />
    <property name="java.runtime.name" value="Java(TM) SE Runtime Environment" />
    <property name="usefile" value="false" />
    <property name="return.code" value="0" />
    <property name="junit.single.formatter" value="plain" />
    <property name="env.DYLD_LIBRARY_PATH" value="/home/travis/pthla/certi-tools/lib:" />
    <property name="env.DEBIAN_FRONTEND" value="noninteractive" />
    <property name="env.SSH_CONNECTION" value="10.10.4.87 59050 10.20.4.47 22" />
    <property name="env.MYSQL_UNIX_PORT" value="/var/run/mysqld/mysqld.sock" />
    <property name="env.TRAVIS_ALLOW_FAILURE" value="false" />
    <property name="env.LC_ALL" value="en_US.UTF-8" />
    <property name="env.TRAVIS_JOB_WEB_URL" value="https://travis-ci.org/icyphy/ptII/jobs/493040915" />
    <property name="java.specification.name" value="Java Platform API Specification" />
    <property name="node.works" value="true" />
    <property name="user.timezone" value="" />
    <property name="path.separator" value=":" />
    <property name="env.TRAVIS_ENABLE_INFRA_DETECTION" value="true" />
    <property name="env.PYTHON_CFLAGS" value="-g -fstack-protector --param=ssp-buffer-size=4 -Wformat -Werror=format-security" />
    <property name="timeout.long" value="4000000" />
    <property name="env.CERTI_HOME" value="/home/travis/pthla/certi-tools" />
    <property name="file.encoding" value="UTF-8" />
    <property name="ant.file.ptII" value="/home/travis/build/icyphy/ptII/build.xml" />
    <property name="javadoc.packagenames" value="com.*,diva.*,lbnl.*,org.hlacerti.*,org.json.*,org.ptolemy.*,org.terraswarm.*,ptolemy.*,ptserver.*" />
    <property name="env.TRAVIS_PULL_REQUEST_SLUG" value="" />
    <property name="ant.project.default-target" value="build" />
    <property name="env.GIT_ASKPASS" value="echo" />
    <property name="env.HOME" value="/home/travis" />
    <property name="sun.java.command" value="org.apache.tools.ant.taskdefs.optional.junit.JUnitTestRunner ptolemy.domains.de.test.junit.JUnitTclTest skipNonTests=false filtertrace=true haltOnError=false haltOnFailure=false formatter=org.apache.tools.ant.taskdefs.optional.junit.OutErrSummaryJUnitResultFormatter showoutput=true outputtoformatters=true logfailedtests=true threadid=0 logtestlistenerevents=false formatter=org.apache.tools.ant.taskdefs.optional.junit.XMLJUnitResultFormatter,/home/travis/build/icyphy/ptII/reports/junit/TEST-ptolemy.domains.de.test.junit.JUnitTclTest.xml crashfile=/home/travis/build/icyphy/ptII/junitvmwatcher4464759754922036377.properties propsfile=/home/travis/build/icyphy/ptII/junit2345611599796272603.properties" />
    <property name="env.MANPATH" value="/home/travis/.nvm/versions/node/v7.10.1/share/man:/home/travis/.kiex/elixirs/elixir-1.4.5/man:/home/travis/.rvm/rubies/ruby-2.4.1/share/man:/usr/local/man:/usr/local/cmake-3.9.2/man:/usr/local/clang-5.0.0/share/man:/usr/local/share/man:/usr/share/man:/home/travis/.rvm/man" />
    <property name="env.COMPOSER_NO_INTERACTION" value="1" />
    <property name="env.JDK_SWITCHER_DEFAULT" value="oraclejdk8" />
    <property name="env.TRAVIS_TIMER_ID" value="18de9753" />
    <property name="ant.file" value="/home/travis/build/icyphy/ptII/build.xml" />
    <property name="env.TRAVIS_COMMIT_RANGE" value="fd33c76baa16530294e6993287231cfe75e3f9f4...879f111b998daf2a28aa833b9629496c9080eaab" />
    <property name="env._system_name" value="Ubuntu" />
    <property name="timeout" value="2400000" />
    <property name="ptII.classpath.optional.property" value="/home/travis/build/icyphy/ptII/lib/bsh-2.0b4.jar:/home/travis/build/icyphy/ptII/lib/ptCal.jar:/home/travis/build/icyphy/ptII/lib/java_cup.jar:/home/travis/build/icyphy/ptII/lib/saxon8.jar:/home/travis/build/icyphy/ptII/lib/saxon8-dom.jar:/home/travis/build/icyphy/ptII/lib/chic.jar:/home/travis/build/icyphy/ptII/lib/ptcolt.jar:/usr/lib/jvm/java-8-oracle/lib/tools.jar:/home/travis/build/icyphy/ptII/vendors/misc/itext/iText.jar:/home/travis/build/icyphy/ptII/lib/g4ltl.jar:/home/travis/build/icyphy/ptII/lib/StructuralCoder.jar:/home/travis/build/icyphy/ptII/vendors/jai-1_1_2_01/lib/jai_core.jar:/home/travis/build/icyphy/ptII/vendors/jai-1_1_2_01/lib/jai_codec.jar:/home/travis/build/icyphy/ptII/lib/jcerti.jar:/home/travis/build/icyphy/ptII/lib/javax.mail.jar:/home/travis/build/icyphy/ptII/vendors/JMF-2.1.1e/lib/jmf.jar:/home/travis/build/icyphy/ptII/lib/jna-4.0.0-variadic.jar:/home/travis/build/icyphy/ptII/vendors/misc/joystick/Joystick.jar:/home/travis/build/icyphy/ptII/lib/ptjacl.jar:/home/travis/build/icyphy/ptII/lib/jsoup-1.8.2.jar:/home/travis/build/icyphy/ptII/lib/junit-4.8.2.jar:/home/travis/build/icyphy/ptII/lib/JUnitParams-0.4.0.jar:/home/travis/build/icyphy/ptII/ptolemy/actor/lib/excel/jxl.jar:/home/travis/build/icyphy/ptII/lib/jython.jar:/home/travis/build/icyphy/ptII/lib/kieler.jar:/home/travis/build/icyphy/ptII/vendors/opencv/share/OpenCV/java/opencv-341.jar:/home/travis/build/icyphy/ptII/lib/oscP5.jar:/home/travis/build/icyphy/ptII/lib/nrjavaserial-3.11.0.devel.jar:/home/travis/build/icyphy/ptII/vendors/j3d/lib/j3dcore.jar:/home/travis/build/icyphy/ptII/vendors/j3d/lib/j3dutils.jar:/home/travis/build/icyphy/ptII/vendors/j3d/lib/vecmath.jar:/home/travis/build/icyphy/ptII/ptolemy/distributed/jini/jar/jini-core.jar:/home/travis/build/icyphy/ptII/ptolemy/distributed/jini/jar/jini-ext.jar:/home/travis/build/icyphy/ptII/ptolemy/distributed/jini/jar/sun-util.jar:/home/travis/build/icyphy/ptII/lib/protobuf-java-2.4.1.jar:/home/travis/build/icyphy/ptII/lib/org.eclipse.paho.client.mqttv3.jar:/home/travis/build/icyphy/ptII/lib/mapss.jar:/home/travis/build/icyphy/ptII/ptolemy/actor/ptalon/antlr/antlr.jar:/home/travis/build/icyphy/ptII/lib/JRI.jar:/home/travis/build/icyphy/ptII/lib/commons-lang-2.6.jar:/home/travis/build/icyphy/ptII/lib/commons-logging-1.1.1.jar:/home/travis/build/icyphy/ptII/lib/sootclasses.jar:/home/travis/build/icyphy/ptII/ptolemy/actor/lib/database/mysql-connector-java-5.1.6-bin.jar:/home/travis/build/icyphy/ptII/vendors/misc/sphinx4/sphinx4-data-5prealpha.jar:/home/travis/build/icyphy/ptII/vendors/misc/sphinx4/sphinx4-core-5prealpha.jar:/home/travis/build/icyphy/ptII/lib/PDFRenderer.jar:/home/travis/build/icyphy/ptII/lib/svgSalamander.jar:/home/travis/build/icyphy/ptII/lib/rsyntaxtextarea-2.6.0-SNAPSHOT.jar:/home/travis/build/icyphy/ptII/lib/hazelcast-3.8.2.jar:/home/travis/build/icyphy/ptII/lib/jackson-annotations-2.9.0.jar:/home/travis/build/icyphy/ptII/lib/jackson-core-2.9.3.jar:/home/travis/build/icyphy/ptII/lib/jackson-databind-2.9.3.jar:/home/travis/build/icyphy/ptII/lib/netty-buffer-4.1.19.Final.jar:/home/travis/build/icyphy/ptII/lib/netty-codec-4.1.19.Final.jar:/home/travis/build/icyphy/ptII/lib/netty-codec-dns-4.1.19.Final.jar:/home/travis/build/icyphy/ptII/lib/netty-codec-http-4.1.19.Final.jar:/home/travis/build/icyphy/ptII/lib/netty-codec-http2-4.1.19.Final.jar:/home/travis/build/icyphy/ptII/lib/netty-common-4.1.19.Final.jar:/home/travis/build/icyphy/ptII/lib/netty-handler-4.1.19.Final.jar:/home/travis/build/icyphy/ptII/lib/netty-resolver-4.1.19.Final.jar:/home/travis/build/icyphy/ptII/lib/netty-resolver-dns-4.1.19.Final.jar:/home/travis/build/icyphy/ptII/lib/netty-transport-4.1.19.Final.jar:/home/travis/build/icyphy/ptII/lib/vertx-codegen-3.5.1.jar:/home/travis/build/icyphy/ptII/lib/vertx-core-3.5.2-SNAPSHOT.jar:/home/travis/build/icyphy/ptII/lib/vertx-hazelcast-3.5.1.jar:/home/travis/build/icyphy/ptII/lib/vertx-lang-js-3.5.1.jar:/home/travis/build/icyphy/ptII/lib/vertx-service-proxy-3.5.1.jar:/home/travis/build/icyphy/ptII/lib/vertx-web-3.5.1.jar:/home/travis/build/icyphy/ptII/lib/slf4j-api-1.7.13.jar:/home/travis/build/icyphy/ptII/lib/slf4j-simple-1.7.13.jar:/home/travis/build/icyphy/ptII/lib/webcam-capture-0.3.12.jar:/home/travis/build/icyphy/ptII/lib/bridj-0.7.0.jar:/home/travis/build/icyphy/ptII/lib/xbjlib-1.1.0.nrjavaserial.jar" />
    <property name="test.batch" value="**/junit/*.java" />
    <property name="env._" value="/usr/bin/timeout" />
    <property name="java.io.tmpdir" value="/tmp" />
    <property name="env.TRAVIS_INTERNAL_RUBY_REGEX" value="^ruby-(2\.[0-4]\.[0-9]|1\.9\.3)" />
    <property name="user.language" value="en" />
    <property name="env.HISTCONTROL" value="ignoredups:ignorespace" />
    <property name="env.GOROOT" value="/home/travis/.gimme/versions/go1.7.4.linux.amd64" />
    <property name="line.separator" value="&#xa;" />
    <property name="target" value="1.8" />
    <property name="env.TRAVIS_BUILD_DIR" value="/home/travis/build/icyphy/ptII" />
    <property name="env.ANT_OPTS" value="-Xmx2048m" />
    <property name="ant.file.type" value="file" />
    <property name="ptolemy.ptII.batchMode" value="true" />
    <property name="env.HISTSIZE" value="1000" />
    <property name="env.MERB_ENV" value="test" />
    <property name="java.vm.info" value="mixed mode" />
    <property name="source" value="1.8" />
    <property name="java.vm.specification.name" value="Java Virtual Machine Specification" />
    <property name="env.TRAVIS_TEST_RESULT" value="0" />
    <property name="jsdoc.command" value="node_modules/@terraswarm/jsdoc/jsdoc.js" />
    <property name="npm.works" value="true" />
    <property name="cobertura.dir" value="/home/travis/build/icyphy/ptII/vendors/cobertura-2.0.3" />
    <property name="env.rvm_path" value="/home/travis/.rvm" />
    <property name="env.GEM_PATH" value="/home/travis/.rvm/gems/ruby-2.4.1:/home/travis/.rvm/gems/ruby-2.4.1@global" />
    <property name="env.LC_CTYPE" value="en_US.UTF-8" />
    <property name="java.awt.printerjob" value="sun.print.PSPrinterJob" />
    <property name="env.TRAVIS_CMD" value="$PTII/bin/ptIITravisBuild.sh $SECONDS" />
    <property name="env.TRAVIS_STACK_NAME" value="garnet" />
    <property name="env.TRAVIS_TIMER_START_TIME" value="1550114811403010096" />
    <property name="ant.version" value="Apache Ant(TM) version 1.10.1 compiled on February 2 2017" />
    <property name="ptII.reports" value="/home/travis/build/icyphy/ptII/reports" />
    <property name="env.TRAVIS_STACK_TIMESTAMP" value="2017-12-05 19:33:09 UTC" />
    <property name="ant.file.type.ptII" value="file" />
    <property name="env.RBENV_SHELL" value="bash" />
    <property name="os.name" value="Linux" />
    <property name="java.specification.vendor" value="Oracle Corporation" />
    <property name="env.rvm_version" value="1.29.3 (latest)" />
    <property name="env.TRAVIS_INFRA" value="gce" />
    <property name="env.TERM" value="xterm" />
    <property name="java.vm.name" value="Java HotSpot(TM) 64-Bit Server VM" />
    <property name="env.TRAVIS_BUILD_NUMBER" value="1001" />
    <property name="env.CI" value="true" />
    <property name="java.library.path" value="/home/travis/pthla/certi-tools/lib:/usr/lib/jni:/usr/local/share/OpenCV/java/:/usr/share/OpenCV/java::/usr/java/packages/lib/amd64:/usr/lib64:/lib64:/lib:/usr/lib" />
    <property name="env.rvm_prefix" value="/home/travis" />
    <property name="env.PATH" value="/home/travis/pthla/certi-tools/share/scripts:/home/travis/.rvm/gems/ruby-2.4.1/bin:/home/travis/.rvm/gems/ruby-2.4.1@global/bin:/home/travis/.rvm/rubies/ruby-2.4.1/bin:/home/travis/.rvm/bin:/home/travis/.nvm/versions/node/v7.10.1/bin:./node_modules/.bin:/home/travis/build/icyphy/ptII/bin:/home/travis/pthla/certi-tools/bin:/home/travis/bin:/home/travis/.local/bin:/opt/pyenv/shims:/home/travis/.phpenv/shims:/home/travis/perl5/perlbrew/bin:/home/travis/.kiex/elixirs/elixir-1.4.5/bin:/home/travis/.kiex/bin:/home/travis/gopath/bin:/home/travis/.gimme/versions/go1.7.4.linux.amd64/bin:/usr/local/phantomjs/bin:/usr/local/phantomjs:/usr/local/neo4j-3.2.7/bin:/usr/local/maven-3.5.2/bin:/usr/local/cmake-3.9.2/bin:/usr/local/clang-5.0.0/bin:/usr/local/sbin:/usr/local/bin:/usr/sbin:/usr/bin:/sbin:/bin:/home/travis/.phpenv/bin:/opt/pyenv/bin:/home/travis/.yarn/bin" />
    <property name="env.TRAVIS_OS_NAME" value="linux" />
    <property name="ant.java.version" value="1.8" />
    <property name="basedir" value="/home/travis/build/icyphy/ptII" />
    <property name="java.class.version" value="52.0" />
    <property name="env.SHLVL" value="3" />
    <property name="env.LD_LIBRARY_PATH" value="/home/travis/pthla/certi-tools/lib:/usr/lib/jni:/usr/local/share/OpenCV/java/:/usr/share/OpenCV/java:" />
    <property name="env.RACK_ENV" value="test" />
    <property name="ant.home" value="/home/travis/build/icyphy/ptII/ant" />
    <property name="env.PERLBREW_BASHRC_VERSION" value="0.80" />
    <property name="env.NVM_DIR" value="/home/travis/.nvm" />
    <property name="env.TRAVIS_BUILD_ID" value="493040906" />
    <property name="env.CERTI_FOM_PATH" value="/home/travis/pthla/certi-tools/share/federations" />
    <property name="env.PYENV_ROOT" value="/opt/pyenv" />
    <property name="env.TRAVIS_UID" value="2000" />
    <property name="env.rvm_pretty_print_flag" value="auto" />
    <property name="env.NVM_BIN" value="/home/travis/.nvm/versions/node/v7.10.1/bin" />
    <property name="env.TRAVIS_COMMIT" value="879f111b998daf2a28aa833b9629496c9080eaab" />
    <property name="env._system_arch" value="x86_64" />
    <property name="node.executable" value="node" />
    <property name="sun.boot.library.path" value="/usr/lib/jvm/java-8-oracle/jre/lib/amd64" />
    <property name="sun.management.compiler" value="HotSpot 64-Bit Tiered Compilers" />
    <property name="env.GOPATH" value="/home/travis/gopath" />
    <property name="java.awt.graphicsenv" value="sun.awt.X11GraphicsEnvironment" />
    <property name="ptolemy.ptII.dir" value="/home/travis/build/icyphy/ptII" />
    <property name="env.USER" value="travis" />
    <property name="env.HISTFILESIZE" value="2000" />
    <property name="timeout.longest" value="19000000" />
    <property name="env.TRAVIS_STACK_FEATURES" value="basic cassandra chromium couchdb disabled-ipv6 docker docker-compose elasticsearch firefox go-toolchain google-chrome jdk memcached mongodb mysql neo4j nodejs_interpreter perl_interpreter perlbrew phantomjs postgresql python_interpreter rabbitmq redis riak ruby_interpreter sqlite xserver" />
    <property name="env.TRAVIS_PULL_REQUEST" value="false" />
    <property name="env.PYENV_SHELL" value="bash" />
    <property name="ant.project.name" value="ptII" />
    <property name="java.vm.specification.version" value="1.8" />
    <property name="env.ANSI_RESET" value="\033[0m" />
    <property name="env.TRAVIS_DIST" value="trusty" />
    <property name="env.CERTI_VERSION" value="4.0.0" />
    <property name="env.NLSPATH" value="/usr/dt/lib/nls/msg/%L/%N.cat" />
    <property name="awt.toolkit" value="sun.awt.X11.XToolkit" />
    <property name="env.CERTI_HOST" value="localhost" />
    <property name="env.MY_RUBY_HOME" value="/home/travis/.rvm/rubies/ruby-2.4.1" />
    <property name="sun.cpu.isalist" value="" />
    <property name="env.TRAVIS_TMPDIR" value="/tmp/tmp.LUVNEemFrr" />
    <property name="java.ext.dirs" value="/usr/lib/jvm/java-8-oracle/jre/lib/ext:/usr/java/packages/lib/ext" />
    <property name="os.version" value="4.4.0-101-generic" />
    <property name="user.home" value="/home/travis" />
    <property name="env.MIX_ARCHIVES" value="/home/travis/.kiex/mix/elixir-1.4.5" />
    <property name="java.vm.vendor" value="Oracle Corporation" />
    <property name="env.TRAVIS_TAG" value="nightly" />
    <property name="env.ANSI_YELLOW" value="\033[33;1m" />
    <property name="env.TRAVIS_FILTERED" value="redirect_io" />
    <property name="env.ANSI_GREEN" value="\033[32;1m" />
    <property name="env.JAVA_HOME" value="/usr/lib/jvm/java-8-oracle" />
    <property name="env.PTII" value="/home/travis/build/icyphy/ptII" />
    <property name="javadoc.excludepackagenames" value="adm.cvs2svn.*,build.*,config.*,doc.coding.templates.*,jni.test.jni.meaningOfLife.*,jni.test.jni.testDeux.*,jni.test.jni.testTrois.*,org.terraswarm.accessor.accessors.web.node_modules.*,org.terraswarm.accessor.accessors.web.hosts.cordova.demo.*,org.terraswarm.accessor.accessors.web.hosts.cordova.plugins.*,org.terraswarm.accessor.accessors-svn.*,pt-modules.*,ptolemy.apps.agilent.*,ptolemy.apps.anytimecontrol.*,ptolemy.apps.apes.*,ptolemy.apps.charon.*,ptolemy.apps.crazyboard.*,ptolemy.apps.eclipse.*,ptolemy.apps.etherealSting.*,ptolemy.apps.fullscreen.*,ptolemy.apps.giotto.*,ptolemy.apps.ia.*,ptolemy.apps.interfaces.*,ptolemy.apps.jmf.*,ptolemy.apps.kurt.*,ptolemy.apps.kvm.*,ptolemy.apps.lego.*,ptolemy.apps.lejos.*,ptolemy.apps.midp.*,ptolemy.apps.mobileCoding.*,ptolemy.apps.pendulum.*,ptolemy.apps.rijndael.*,ptolemy.apps.robot.*,ptolemy.apps.security.*,ptolemy.apps.sobel.*,ptolemy.apps.soot.*,ptolemy.apps.throttle.*,ptolemy.apps.tini.*,ptolemy.apps.transmission.*,ptolemy.apps.vergil.*,ptolemy.apps.waba.*,ptolemy.apps.websensor.*,ptolemy.apps.webstart.*,ptolemy.apps.xsl.*,ptolemy.apps.zaurus.*,ptolemy.codegen.c.actor.lib.oldJavaFiles.*,ptolemy.codegen.dsp.lib.*,ptolemy.codegen.kernel.newInterfaces.*,ptolemy.codegen.lib.*,ptolemy.copernicus.kernel.fragment.*,ptolemy.copernicus.shallow.cg.*,ptolemy.domains.giotto.demo.Hierarchy.Hierarchy.*,ptolemy.domains.giotto.demo.Multimode.Multimode.*,ptolemy.domains.giotto.demo.Simple.Simple.*,ptolemy.domains.gr.lib.experimental.*,ptolemy.domains.gro.*,ptolemy.domains.pdf.*,ptolemy.domains.ptinyos.demo.Surge.output.*,ptolemy.moml.test.NoPackageActor.java*,ptolemy.plot.adm.*,ptolemy.plot.servlet.*,reports.*,signed.*,src.*,target.*,vendors.*,ptolemy.apps.eclipse.awt.*,ptolemy.backtrack.*,ptolemy.backtrack.ast.*,ptolemy.cg.adapter.generic.program.procedural.c.mbed*,ptolemy.homer.*,org.ptolemy.scala.*,diva.util.java2d.svg.*,ptolemy.domains.ptinyos.*,ptolemy.actor.lib.fmi.fmipp.*,,org.terraswarm.accessor.accessors.web.node_modules.*,org.terraswarm.accessor.accessors-svn,ptolemy.apps.*,ptolemy.actor.ptalon.demo.ptinyos.SendAndReceiveCnt.output,ptolemy.actor.ptalon.demo.ptinyos.SenseToLeds.output,ptolemy.domains.ptinyos.demo.CntToLedsAndRfm.output,ptolemy.domains.ptinyos.demo.RfmToLeds.output,ptolemy.domains.ptinyos.demo.SendAndReceiveCnt.output,ptolemy.domains.ptinyos.demo.SenseToLeds.output,ptolemy.actor.lib.jjs.modules.udpSocket.*" />
    <property name="env.TRAVIS_COMMIT_MESSAGE" value="Updated seating in DOP Center" />
    <property name="keystore" value="ptKeystore" />
    <property name="env.XDG_SESSION_ID" value="2" />
    <property name="junit.output.dir" value="/home/travis/build/icyphy/ptII/reports/junit" />
    <property name="npm.return.code" value="0" />
    <property name="user.dir" value="/home/travis/build/icyphy/ptII/ptolemy/domains/de/test" />
    <property name="env.TRAVIS_NODE_VERSION" value="7" />
    <property name="env.XFILESEARCHPATH" value="/usr/dt/app-defaults/%L/Dt" />
    <property name="env.TRAVIS_EVENT_TYPE" value="cron" />
    <property name="env.MAIL" value="/var/mail/travis" />
    <property name="env.PWD" value="/home/travis/build/icyphy/ptII" />
    <property name="env.PERLBREW_ROOT" value="/home/travis/perl5/perlbrew" />
    <property name="timeout.npm" value="45000" />
    <property name="env.PT_TRAVIS_TEST_CORE2_XML" value="true" />
    <property name="env.TRAVIS_ARCH" value="amd64" />
    <property name="env.PAGER" value="cat" />
    <property name="sun.cpu.endian" value="little" />
    <property name="env.TRAVIS_BUILD_STAGE_NAME" value="Test" />
    <property name="env.PERLBREW_HOME" value="/home/travis/.perlbrew" />
    <property name="env.RAILS_ENV" value="test" />
    <property name="java.vm.version" value="25.151-b12" />
    <property name="java.class.path" value="/home/travis/build/icyphy/ptII:/home/travis/build/icyphy/ptII/lib/bsh-2.0b4.jar:/home/travis/build/icyphy/ptII/lib/ptCal.jar:/home/travis/build/icyphy/ptII/lib/java_cup.jar:/home/travis/build/icyphy/ptII/lib/saxon8.jar:/home/travis/build/icyphy/ptII/lib/saxon8-dom.jar:/home/travis/build/icyphy/ptII/lib/chic.jar:/home/travis/build/icyphy/ptII/lib/ptcolt.jar:/usr/lib/jvm/java-8-oracle/lib/tools.jar:/home/travis/build/icyphy/ptII/vendors/misc/itext/iText.jar:/home/travis/build/icyphy/ptII/lib/g4ltl.jar:/home/travis/build/icyphy/ptII/lib/StructuralCoder.jar:/home/travis/build/icyphy/ptII/vendors/jai-1_1_2_01/lib/jai_core.jar:/home/travis/build/icyphy/ptII/vendors/jai-1_1_2_01/lib/jai_codec.jar:/home/travis/build/icyphy/ptII/lib/jcerti.jar:/home/travis/build/icyphy/ptII/lib/javax.mail.jar:/home/travis/build/icyphy/ptII/vendors/JMF-2.1.1e/lib/jmf.jar:/home/travis/build/icyphy/ptII/lib/jna-4.0.0-variadic.jar:/home/travis/build/icyphy/ptII/vendors/misc/joystick/Joystick.jar:/home/travis/build/icyphy/ptII/lib/ptjacl.jar:/home/travis/build/icyphy/ptII/lib/jsoup-1.8.2.jar:/home/travis/build/icyphy/ptII/lib/junit-4.8.2.jar:/home/travis/build/icyphy/ptII/lib/JUnitParams-0.4.0.jar:/home/travis/build/icyphy/ptII/ptolemy/actor/lib/excel/jxl.jar:/home/travis/build/icyphy/ptII/lib/jython.jar:/home/travis/build/icyphy/ptII/lib/kieler.jar:/home/travis/build/icyphy/ptII/vendors/opencv/share/OpenCV/java/opencv-341.jar:/home/travis/build/icyphy/ptII/lib/oscP5.jar:/home/travis/build/icyphy/ptII/lib/nrjavaserial-3.11.0.devel.jar:/home/travis/build/icyphy/ptII/vendors/j3d/lib/j3dcore.jar:/home/travis/build/icyphy/ptII/vendors/j3d/lib/j3dutils.jar:/home/travis/build/icyphy/ptII/vendors/j3d/lib/vecmath.jar:/home/travis/build/icyphy/ptII/ptolemy/distributed/jini/jar/jini-core.jar:/home/travis/build/icyphy/ptII/ptolemy/distributed/jini/jar/jini-ext.jar:/home/travis/build/icyphy/ptII/ptolemy/distributed/jini/jar/sun-util.jar:/home/travis/build/icyphy/ptII/lib/protobuf-java-2.4.1.jar:/home/travis/build/icyphy/ptII/lib/org.eclipse.paho.client.mqttv3.jar:/home/travis/build/icyphy/ptII/lib/mapss.jar:/home/travis/build/icyphy/ptII/ptolemy/actor/ptalon/antlr/antlr.jar:/home/travis/build/icyphy/ptII/lib/JRI.jar:/home/travis/build/icyphy/ptII/lib/commons-lang-2.6.jar:/home/travis/build/icyphy/ptII/lib/commons-logging-1.1.1.jar:/home/travis/build/icyphy/ptII/lib/sootclasses.jar:/home/travis/build/icyphy/ptII/ptolemy/actor/lib/database/mysql-connector-java-5.1.6-bin.jar:/home/travis/build/icyphy/ptII/vendors/misc/sphinx4/sphinx4-data-5prealpha.jar:/home/travis/build/icyphy/ptII/vendors/misc/sphinx4/sphinx4-core-5prealpha.jar:/home/travis/build/icyphy/ptII/lib/PDFRenderer.jar:/home/travis/build/icyphy/ptII/lib/svgSalamander.jar:/home/travis/build/icyphy/ptII/lib/rsyntaxtextarea-2.6.0-SNAPSHOT.jar:/home/travis/build/icyphy/ptII/lib/hazelcast-3.8.2.jar:/home/travis/build/icyphy/ptII/lib/jackson-annotations-2.9.0.jar:/home/travis/build/icyphy/ptII/lib/jackson-core-2.9.3.jar:/home/travis/build/icyphy/ptII/lib/jackson-databind-2.9.3.jar:/home/travis/build/icyphy/ptII/lib/netty-buffer-4.1.19.Final.jar:/home/travis/build/icyphy/ptII/lib/netty-codec-4.1.19.Final.jar:/home/travis/build/icyphy/ptII/lib/netty-codec-dns-4.1.19.Final.jar:/home/travis/build/icyphy/ptII/lib/netty-codec-http-4.1.19.Final.jar:/home/travis/build/icyphy/ptII/lib/netty-codec-http2-4.1.19.Final.jar:/home/travis/build/icyphy/ptII/lib/netty-common-4.1.19.Final.jar:/home/travis/build/icyphy/ptII/lib/netty-handler-4.1.19.Final.jar:/home/travis/build/icyphy/ptII/lib/netty-resolver-4.1.19.Final.jar:/home/travis/build/icyphy/ptII/lib/netty-resolver-dns-4.1.19.Final.jar:/home/travis/build/icyphy/ptII/lib/netty-transport-4.1.19.Final.jar:/home/travis/build/icyphy/ptII/lib/vertx-codegen-3.5.1.jar:/home/travis/build/icyphy/ptII/lib/vertx-core-3.5.2-SNAPSHOT.jar:/home/travis/build/icyphy/ptII/lib/vertx-hazelcast-3.5.1.jar:/home/travis/build/icyphy/ptII/lib/vertx-lang-js-3.5.1.jar:/home/travis/build/icyphy/ptII/lib/vertx-service-proxy-3.5.1.jar:/home/travis/build/icyphy/ptII/lib/vertx-web-3.5.1.jar:/home/travis/build/icyphy/ptII/lib/slf4j-api-1.7.13.jar:/home/travis/build/icyphy/ptII/lib/slf4j-simple-1.7.13.jar:/home/travis/build/icyphy/ptII/lib/webcam-capture-0.3.12.jar:/home/travis/build/icyphy/ptII/lib/bridj-0.7.0.jar:/home/travis/build/icyphy/ptII/lib/xbjlib-1.1.0.nrjavaserial.jar:/home/travis/build/icyphy/ptII/ptolemy/moml/test:/home/travis/build/icyphy/ptII/ant/lib/ant-launcher.jar:/home/travis/build/icyphy/ptII/ant/lib/ant.jar:/home/travis/build/icyphy/ptII/ant/lib/ant-junit.jar:/home/travis/build/icyphy/ptII/ant/lib/ant-junit4.jar" />
    <property name="ant.library.dir" value="/home/travis/build/icyphy/ptII/ant/lib" />
    <property name="os.arch" value="amd64" />
    <property name="env.TRAVIS_LANGUAGE" value="node_js" />
    <property name="env.CONTINUOUS_INTEGRATION" value="true" />
    <property name="env.TRAVIS_STACK_LANGUAGES" value="__garnet__ c c++ clojure cplusplus cpp default go groovy java node_js php pure_java python ruby scala" />
    <property name="test.name" value="ptolemy.actor.lib.test.junit.JUnitTclTest" />
    <property name="sun.java.launcher" value="SUN_STANDARD" />
    <property name="env.PYTHON_CONFIGURE_OPTS" value="--enable-unicode=ucs4 --with-wide-unicode --enable-shared --enable-ipv6 --enable-loadable-sqlite-extensions --with-computed-gotos" />
    <property name="ant.core.lib" value="/home/travis/build/icyphy/ptII/ant/lib/ant.jar" />
    <property name="java.vm.specification.vendor" value="Oracle Corporation" />
    <property name="env.BCVTB_HOME" value="/home/travis/build/icyphy/ptII/lbnl" />
    <property name="file.separator" value="/" />
    <property name="spotbugs.home" value="/home/travis/build/icyphy/ptII/vendors/spotbugs-3.1.1" />
    <property name="java.runtime.version" value="1.8.0_151-b12" />
    <property name="sun.boot.class.path" value="/usr/lib/jvm/java-8-oracle/jre/lib/resources.jar:/usr/lib/jvm/java-8-oracle/jre/lib/rt.jar:/usr/lib/jvm/java-8-oracle/jre/lib/sunrsasign.jar:/usr/lib/jvm/java-8-oracle/jre/lib/jsse.jar:/usr/lib/jvm/java-8-oracle/jre/lib/jce.jar:/usr/lib/jvm/java-8-oracle/jre/lib/charsets.jar:/usr/lib/jvm/java-8-oracle/jre/lib/jfr.jar:/usr/lib/jvm/java-8-oracle/jre/classes" />
    <property name="env.ANSI_CLEAR" value="\033[0K" />
    <property name="env.HAS_JOSH_K_SEAL_OF_APPROVAL" value="true" />
    <property name="env.XDG_RUNTIME_DIR" value="/run/user/2000" />
    <property name="env.TRAVIS_OSX_IMAGE" value="" />
    <property name="env.TRAVIS_BRANCH" value="master" />
    <property name="env.TRAVIS_JOB_ID" value="493040915" />
    <property name="user.country" value="US" />
    <property name="env.CERTI_HOME_TRAVIS" value="/home/travis/pthla/certi-tools" />
    <property name="env.SHELL" value="/bin/bash" />
    <property name="java.maxmemory.large" value="5000m" />
    <property name="model" value="" />
    <property name="env.CASHER_DIR" value="/home/travis/.casher" />
    <property name="env.NVM_CD_FLAGS" value="" />
    <property name="jshint.executable" value="/home/travis/node_modules/jshint/bin/jshint" />
    <property name="java.vendor" value="Oracle Corporation" />
    <property name="env.JRUBY_OPTS" value=" --client -J-XX:+TieredCompilation -J-XX:TieredStopAtLevel=1 -J-Xss2m -Xcompile.invokedynamic=false" />
    <property name="env.TRAVIS_PRE_CHEF_BOOTSTRAP_TIME" value="2017-12-05T19:32:55" />
    <property name="env.TRAVIS_STACK_JOB_BOARD_REGISTER" value="/.job-board-register.yml" />
    <property name="env.ELIXIR_VERSION" value="1.4.5" />
    <property name="env.ANSI_RED" value="\033[31;1m" />
    <property name="java.specification.version" value="1.8" />
    <property name="env.TRAVIS" value="true" />
    <property name="env.IRBRC" value="/home/travis/.rvm/rubies/ruby-2.4.1/.irbrc" />
    <property name="sun.arch.data.model" value="64" />
  </properties>
  <testcase classname="ptolemy.util.test.junit.TclTests" name="[0] /home/travis/build/icyphy/ptII/ptolemy/domains/de/test/DependencyLoop.tcl (RunTclFile)" time="0.717" />
  <testcase classname="ptolemy.util.test.junit.TclTests" name="[1] /home/travis/build/icyphy/ptII/ptolemy/domains/de/test/RunDETestsAsQSS.tcl (RunTclFile)" time="85.329" />
  <testcase classname="ptolemy.util.test.junit.AutoKnownFailedTests" name="[0] /home/travis/build/icyphy/ptII/ptolemy/domains/de/test/auto/knownFailedTests/DESDFClockTest.xml (RunModel)" time="2.034" />
  <testcase classname="ptolemy.util.test.junit.AutoKnownFailedTests" name="[1] /home/travis/build/icyphy/ptII/ptolemy/domains/de/test/auto/knownFailedTests/DirectFeedback.xml (RunModel)" time="0.008" />
  <testcase classname="ptolemy.util.test.junit.AutoKnownFailedTests" name="[2] /home/travis/build/icyphy/ptII/ptolemy/domains/de/test/auto/knownFailedTests/FSMSource.xml (RunModel)" time="0.03" />
  <testcase classname="ptolemy.util.test.junit.AutoKnownFailedTests" name="[3] /home/travis/build/icyphy/ptII/ptolemy/domains/de/test/auto/knownFailedTests/HierarchicalModel.xml (RunModel)" time="0.027" />
  <testcase classname="ptolemy.util.test.junit.AutoKnownFailedTests" name="[4] /home/travis/build/icyphy/ptII/ptolemy/domains/de/test/auto/knownFailedTests/dependencyLoop.xml (RunModel)" time="0.028" />
  <testcase classname="ptolemy.util.test.junit.AutoKnownFailedTests" name="[5] /home/travis/build/icyphy/ptII/ptolemy/domains/de/test/auto/knownFailedTests/dependencyLoop2.xml (RunModel)" time="0.024" />
  <testcase classname="ptolemy.util.test.junit.AutoNameArchTests" name="[0] ThereAreNoAutoArchTests (RunModel)" time="0.004" />
  <testcase classname="ptolemy.util.test.junit.AutoTests" name="[0] /home/travis/build/icyphy/ptII/ptolemy/domains/de/test/auto/ActorDepthCalculation_actorWithoutPorts.xml (RunModel)" time="0.016" />
  <testcase classname="ptolemy.util.test.junit.AutoTests" name="[1] /home/travis/build/icyphy/ptII/ptolemy/domains/de/test/auto/AssemblyLine.xml (RunModel)" time="0.02" />
  <testcase classname="ptolemy.util.test.junit.AutoTests" name="[2] /home/travis/build/icyphy/ptII/ptolemy/domains/de/test/auto/CQBug1.xml (RunModel)" time="0.009" />
  <testcase classname="ptolemy.util.test.junit.AutoTests" name="[3] /home/travis/build/icyphy/ptII/ptolemy/domains/de/test/auto/CancelFireAt.xml (RunModel)" time="0.01" />
  <testcase classname="ptolemy.util.test.junit.AutoTests" name="[4] /home/travis/build/icyphy/ptII/ptolemy/domains/de/test/auto/CausalityAndComposabilityAnalysis.xml (RunModel)" time="0.009" />
  <testcase classname="ptolemy.util.test.junit.AutoTests" name="[5] /home/travis/build/icyphy/ptII/ptolemy/domains/de/test/auto/CausalityInterface1.xml (RunModel)" time="0.008" />
  <testcase classname="ptolemy.util.test.junit.AutoTests" name="[6] /home/travis/build/icyphy/ptII/ptolemy/domains/de/test/auto/CausalityInterface15.xml (RunModel)" time="0.008" />
  <testcase classname="ptolemy.util.test.junit.AutoTests" name="[7] /home/travis/build/icyphy/ptII/ptolemy/domains/de/test/auto/CausalityInterface2.xml (RunModel)" time="0.006" />
  <testcase classname="ptolemy.util.test.junit.AutoTests" name="[8] /home/travis/build/icyphy/ptII/ptolemy/domains/de/test/auto/CausalityInterface3.xml (RunModel)" time="0.007" />
  <testcase classname="ptolemy.util.test.junit.AutoTests" name="[9] /home/travis/build/icyphy/ptII/ptolemy/domains/de/test/auto/ClockDrift.xml (RunModel)" time="0.02" />
  <testcase classname="ptolemy.util.test.junit.AutoTests" name="[10] /home/travis/build/icyphy/ptII/ptolemy/domains/de/test/auto/ClockDriftAndValueChange.xml (RunModel)" time="0.02" />
  <testcase classname="ptolemy.util.test.junit.AutoTests" name="[11] /home/travis/build/icyphy/ptII/ptolemy/domains/de/test/auto/ClockDriftChange.xml (RunModel)" time="0.017" />
  <testcase classname="ptolemy.util.test.junit.AutoTests" name="[12] /home/travis/build/icyphy/ptII/ptolemy/domains/de/test/auto/ComposableCausalityAnalysis.xml (RunModel)" time="0.012" />
  <testcase classname="ptolemy.util.test.junit.AutoTests" name="[13] /home/travis/build/icyphy/ptII/ptolemy/domains/de/test/auto/DEFixedPointLimitation.xml (RunModel)" time="0.01" />
  <testcase classname="ptolemy.util.test.junit.AutoTests" name="[14] /home/travis/build/icyphy/ptII/ptolemy/domains/de/test/auto/DEScheduleTest.xml (RunModel)" time="0.009" />
  <testcase classname="ptolemy.util.test.junit.AutoTests" name="[15] /home/travis/build/icyphy/ptII/ptolemy/domains/de/test/auto/DEinDEwithStartTimes.xml (RunModel)" time="0.01" />
  <testcase classname="ptolemy.util.test.junit.AutoTests" name="[16] /home/travis/build/icyphy/ptII/ptolemy/domains/de/test/auto/DEinDEwithStartTimes2.xml (RunModel)" time="0.012" />
  <testcase classname="ptolemy.util.test.junit.AutoTests" name="[17] /home/travis/build/icyphy/ptII/ptolemy/domains/de/test/auto/DateDemo.xml (RunModel)" time="0.021" />
  <testcase classname="ptolemy.util.test.junit.AutoTests" name="[18] /home/travis/build/icyphy/ptII/ptolemy/domains/de/test/auto/DateToEvent.xml (RunModel)" time="2.03" />
  <testcase classname="ptolemy.util.test.junit.AutoTests" name="[19] /home/travis/build/icyphy/ptII/ptolemy/domains/de/test/auto/DepthTest1.xml (RunModel)" time="0.017" />
  <testcase classname="ptolemy.util.test.junit.AutoTests" name="[20] /home/travis/build/icyphy/ptII/ptolemy/domains/de/test/auto/DepthTest2.xml (RunModel)" time="0.03" />
  <testcase classname="ptolemy.util.test.junit.AutoTests" name="[21] /home/travis/build/icyphy/ptII/ptolemy/domains/de/test/auto/DepthTest3.xml (RunModel)" time="0.011" />
  <testcase classname="ptolemy.util.test.junit.AutoTests" name="[22] /home/travis/build/icyphy/ptII/ptolemy/domains/de/test/auto/DepthTest4.xml (RunModel)" time="0.009" />
  <testcase classname="ptolemy.util.test.junit.AutoTests" name="[23] /home/travis/build/icyphy/ptII/ptolemy/domains/de/test/auto/DepthTest5.xml (RunModel)" time="0.011" />
  <testcase classname="ptolemy.util.test.junit.AutoTests" name="[24] /home/travis/build/icyphy/ptII/ptolemy/domains/de/test/auto/DepthTest6.xml (RunModel)" time="0.012" />
  <testcase classname="ptolemy.util.test.junit.AutoTests" name="[25] /home/travis/build/icyphy/ptII/ptolemy/domains/de/test/auto/DepthTest7.xml (RunModel)" time="0.014" />
  <testcase classname="ptolemy.util.test.junit.AutoTests" name="[26] /home/travis/build/icyphy/ptII/ptolemy/domains/de/test/auto/EventToDate.xml (RunModel)" time="3.034" />
  <testcase classname="ptolemy.util.test.junit.AutoTests" name="[27] /home/travis/build/icyphy/ptII/ptolemy/domains/de/test/auto/FSM1.xml (RunModel)" time="0.038" />
  <testcase classname="ptolemy.util.test.junit.AutoTests" name="[28] /home/travis/build/icyphy/ptII/ptolemy/domains/de/test/auto/FSM7.xml (RunModel)" time="0.044" />
  <testcase classname="ptolemy.util.test.junit.AutoTests" name="[29] /home/travis/build/icyphy/ptII/ptolemy/domains/de/test/auto/Inspection.xml (RunModel)" time="0.047" />
  <testcase classname="ptolemy.util.test.junit.AutoTests" name="[30] /home/travis/build/icyphy/ptII/ptolemy/domains/de/test/auto/Iteration.xml (RunModel)" time="0.015" />
  <testcase classname="ptolemy.util.test.junit.AutoTests" name="[31] /home/travis/build/icyphy/ptII/ptolemy/domains/de/test/auto/LineFault.xml (RunModel)" time="0.496" />
  <testcase classname="ptolemy.util.test.junit.AutoTests" name="[32] /home/travis/build/icyphy/ptII/ptolemy/domains/de/test/auto/MergeModel1Add.xml (RunModel)" time="0.032" />
  <testcase classname="ptolemy.util.test.junit.AutoTests" name="[33] /home/travis/build/icyphy/ptII/ptolemy/domains/de/test/auto/MergeModel2Add.xml (RunModel)" time="0.034" />
  <testcase classname="ptolemy.util.test.junit.AutoTests" name="[34] /home/travis/build/icyphy/ptII/ptolemy/domains/de/test/auto/MergeModel3Add.xml (RunModel)" time="0.03" />
  <testcase classname="ptolemy.util.test.junit.AutoTests" name="[35] /home/travis/build/icyphy/ptII/ptolemy/domains/de/test/auto/MergeWithoutDiscard.xml (RunModel)" time="0.008" />
  <testcase classname="ptolemy.util.test.junit.AutoTests" name="[36] /home/travis/build/icyphy/ptII/ptolemy/domains/de/test/auto/Modal1.xml (RunModel)" time="0.022" />
  <testcase classname="ptolemy.util.test.junit.AutoTests" name="[37] /home/travis/build/icyphy/ptII/ptolemy/domains/de/test/auto/Modal2.xml (RunModel)" time="0.023" />
  <testcase classname="ptolemy.util.test.junit.AutoTests" name="[38] /home/travis/build/icyphy/ptII/ptolemy/domains/de/test/auto/Modal3.xml (RunModel)" time="0.022" />
  <testcase classname="ptolemy.util.test.junit.AutoTests" name="[39] /home/travis/build/icyphy/ptII/ptolemy/domains/de/test/auto/Modal4.xml (RunModel)" time="0.024" />
  <testcase classname="ptolemy.util.test.junit.AutoTests" name="[40] /home/travis/build/icyphy/ptII/ptolemy/domains/de/test/auto/Modal5.xml (RunModel)" time="0.023" />
  <testcase classname="ptolemy.util.test.junit.AutoTests" name="[41] /home/travis/build/icyphy/ptII/ptolemy/domains/de/test/auto/Modal6.xml (RunModel)" time="0.024" />
  <testcase classname="ptolemy.util.test.junit.AutoTests" name="[42] /home/travis/build/icyphy/ptII/ptolemy/domains/de/test/auto/Modal7.xml (RunModel)" time="0.025" />
  <testcase classname="ptolemy.util.test.junit.AutoTests" name="[43] /home/travis/build/icyphy/ptII/ptolemy/domains/de/test/auto/ModalModel.xml (RunModel)" time="0.127" />
  <testcase classname="ptolemy.util.test.junit.AutoTests" name="[44] /home/travis/build/icyphy/ptII/ptolemy/domains/de/test/auto/ModalSource.xml (RunModel)" time="0.014" />
  <testcase classname="ptolemy.util.test.junit.AutoTests" name="[45] /home/travis/build/icyphy/ptII/ptolemy/domains/de/test/auto/NonInterruptibleTimerZeroDelay.xml (RunModel)" time="0.007" />
  <testcase classname="ptolemy.util.test.junit.AutoTests" name="[46] /home/travis/build/icyphy/ptII/ptolemy/domains/de/test/auto/OpenQueueingNetwork.xml (RunModel)" time="2.162" />
  <testcase classname="ptolemy.util.test.junit.AutoTests" name="[47] /home/travis/build/icyphy/ptII/ptolemy/domains/de/test/auto/OpenQueuingNetwork.xml (RunModel)" time="0.263" />
  <testcase classname="ptolemy.util.test.junit.AutoTests" name="[48] /home/travis/build/icyphy/ptII/ptolemy/domains/de/test/auto/PeriodicSampler.xml (RunModel)" time="0.007" />
  <testcase classname="ptolemy.util.test.junit.AutoTests" name="[49] /home/travis/build/icyphy/ptII/ptolemy/domains/de/test/auto/PersistentIO.xml (RunModel)" time="0.015" />
  <testcase classname="ptolemy.util.test.junit.AutoTests" name="[50] /home/travis/build/icyphy/ptII/ptolemy/domains/de/test/auto/PortParameterResetOnInitialize.xml (RunModel)" time="0.008" />
  <testcase classname="ptolemy.util.test.junit.AutoTests" name="[51] /home/travis/build/icyphy/ptII/ptolemy/domains/de/test/auto/PortParameterUpdates.xml (RunModel)" time="0.014" />
  <testcase classname="ptolemy.util.test.junit.AutoTests" name="[52] /home/travis/build/icyphy/ptII/ptolemy/domains/de/test/auto/QueueAndServer.xml (RunModel)" time="0.016" />
  <testcase classname="ptolemy.util.test.junit.AutoTests" name="[53] /home/travis/build/icyphy/ptII/ptolemy/domains/de/test/auto/Records.xml (RunModel)" time="0.016" />
  <testcase classname="ptolemy.util.test.junit.AutoTests" name="[54] /home/travis/build/icyphy/ptII/ptolemy/domains/de/test/auto/ResetTransitionWithStartTime1.xml (RunModel)" time="0.015" />
  <testcase classname="ptolemy.util.test.junit.AutoTests" name="[55] /home/travis/build/icyphy/ptII/ptolemy/domains/de/test/auto/ResetTransitionWithStartTime2.xml (RunModel)" time="0.013" />
  <testcase classname="ptolemy.util.test.junit.AutoTests" name="[56] /home/travis/build/icyphy/ptII/ptolemy/domains/de/test/auto/ResetTransitionWithStartTime3.xml (RunModel)" time="0.017" />
  <testcase classname="ptolemy.util.test.junit.AutoTests" name="[57] /home/travis/build/icyphy/ptII/ptolemy/domains/de/test/auto/ResetTransitionWithStartTime4.xml (RunModel)" time="0.014" />
  <testcase classname="ptolemy.util.test.junit.AutoTests" name="[58] /home/travis/build/icyphy/ptII/ptolemy/domains/de/test/auto/ResettableTimer1.xml (RunModel)" time="0.008" />
  <testcase classname="ptolemy.util.test.junit.AutoTests" name="[59] /home/travis/build/icyphy/ptII/ptolemy/domains/de/test/auto/ResettableTimer2.xml (RunModel)" time="0.009" />
  <testcase classname="ptolemy.util.test.junit.AutoTests" name="[60] /home/travis/build/icyphy/ptII/ptolemy/domains/de/test/auto/ResettableTimer3.xml (RunModel)" time="0.008" />
  <testcase classname="ptolemy.util.test.junit.AutoTests" name="[61] /home/travis/build/icyphy/ptII/ptolemy/domains/de/test/auto/ResettableTimer4.xml (RunModel)" time="0.009" />
  <testcase classname="ptolemy.util.test.junit.AutoTests" name="[62] /home/travis/build/icyphy/ptII/ptolemy/domains/de/test/auto/ResettableTimer5.xml (RunModel)" time="0.008" />
  <testcase classname="ptolemy.util.test.junit.AutoTests" name="[63] /home/travis/build/icyphy/ptII/ptolemy/domains/de/test/auto/ResettableTimer6.xml (RunModel)" time="0.015" />
  <testcase classname="ptolemy.util.test.junit.AutoTests" name="[64] /home/travis/build/icyphy/ptII/ptolemy/domains/de/test/auto/ServerZeroDelay.xml (RunModel)" time="0.01" />
  <testcase classname="ptolemy.util.test.junit.AutoTests" name="[65] /home/travis/build/icyphy/ptII/ptolemy/domains/de/test/auto/SmartSender.xml (RunModel)" time="3.008" />
  <testcase classname="ptolemy.util.test.junit.AutoTests" name="[66] /home/travis/build/icyphy/ptII/ptolemy/domains/de/test/auto/ThreadedComposite.xml (RunModel)" time="0.123" />
  <testcase classname="ptolemy.util.test.junit.AutoTests" name="[67] /home/travis/build/icyphy/ptII/ptolemy/domains/de/test/auto/Time.xml (RunModel)" time="0.423" />
  <testcase classname="ptolemy.util.test.junit.AutoTests" name="[68] /home/travis/build/icyphy/ptII/ptolemy/domains/de/test/auto/TimeDelayZeroDelay.xml (RunModel)" time="0.01" />
  <testcase classname="ptolemy.util.test.junit.AutoTests" name="[69] /home/travis/build/icyphy/ptII/ptolemy/domains/de/test/auto/TimerZeroDelay.xml (RunModel)" time="0.009" />
  <testcase classname="ptolemy.util.test.junit.AutoTests" name="[70] /home/travis/build/icyphy/ptII/ptolemy/domains/de/test/auto/TimingParadox.xml (RunModel)" time="0.304" />
  <testcase classname="ptolemy.util.test.junit.AutoTests" name="[71] /home/travis/build/icyphy/ptII/ptolemy/domains/de/test/auto/TransferInputs.xml (RunModel)" time="0.012" />
  <testcase classname="ptolemy.util.test.junit.AutoTests" name="[72] /home/travis/build/icyphy/ptII/ptolemy/domains/de/test/auto/TransferOutputs2.xml (RunModel)" time="0.015" />
  <testcase classname="ptolemy.util.test.junit.AutoTests" name="[73] /home/travis/build/icyphy/ptII/ptolemy/domains/de/test/auto/Trilateration.xml (RunModel)" time="10.746" />
  <testcase classname="ptolemy.util.test.junit.AutoTests" name="[74] /home/travis/build/icyphy/ptII/ptolemy/domains/de/test/auto/TwoSigmaDelta.xml (RunModel)" time="1.894" />
  <testcase classname="ptolemy.util.test.junit.AutoTests" name="[75] /home/travis/build/icyphy/ptII/ptolemy/domains/de/test/auto/VariableDelay.xml (RunModel)" time="0.009" />
  <testcase classname="ptolemy.util.test.junit.AutoTests" name="[76] /home/travis/build/icyphy/ptII/ptolemy/domains/de/test/auto/VariableDelay2.xml (RunModel)" time="0.008" />
  <testcase classname="ptolemy.util.test.junit.AutoTests" name="[77] /home/travis/build/icyphy/ptII/ptolemy/domains/de/test/auto/VariableDelayZeroDelay.xml (RunModel)" time="0.009" />
  <testcase classname="ptolemy.util.test.junit.AutoTests" name="[78] /home/travis/build/icyphy/ptII/ptolemy/domains/de/test/auto/VariableDelayZeroDelay2.xml (RunModel)" time="0.009" />
  <testcase classname="ptolemy.util.test.junit.AutoTests" name="[79] /home/travis/build/icyphy/ptII/ptolemy/domains/de/test/auto/deInCt.xml (RunModel)" time="0.018" />
  <testcase classname="ptolemy.util.test.junit.AutoTests" name="[80] /home/travis/build/icyphy/ptII/ptolemy/domains/de/test/auto/deInCt2.xml (RunModel)" time="0.011" />
  <testcase classname="ptolemy.util.test.junit.AutoTests" name="[81] /home/travis/build/icyphy/ptII/ptolemy/domains/de/test/auto/dynamicCausalityInterface1.xml (RunModel)" time="0.014" />
  <testcase classname="ptolemy.util.test.junit.AutoTests" name="[82] /home/travis/build/icyphy/ptII/ptolemy/domains/de/test/auto/fsm_de_test.xml (RunModel)" time="0.018" />
  <testcase classname="ptolemy.util.test.junit.AutoTests" name="[83] /home/travis/build/icyphy/ptII/ptolemy/domains/de/test/auto/functionDependencyReconstruction.xml (RunModel)" time="0.028" />
  <testcase classname="ptolemy.util.test.junit.AutoTests" name="[84] /home/travis/build/icyphy/ptII/ptolemy/domains/de/test/auto/multirate.xml (RunModel)" time="0.012" />
  <testcase classname="ptolemy.util.test.junit.AutoTests" name="[85] /home/travis/build/icyphy/ptII/ptolemy/domains/de/test/auto/multirate2.xml (RunModel)" time="0.015" />
  <testcase classname="ptolemy.util.test.junit.AutoTests" name="[86] /home/travis/build/icyphy/ptII/ptolemy/domains/de/test/auto/realtime.xml (RunModel)" time="10.009" />
  <testcase classname="ptolemy.util.test.junit.AutoTests" name="[87] /home/travis/build/icyphy/ptII/ptolemy/domains/de/test/auto/relationGroup.xml (RunModel)" time="0.01" />
  <testcase classname="ptolemy.util.test.junit.AutoTests" name="[88] /home/travis/build/icyphy/ptII/ptolemy/domains/de/test/auto/relationGroup2.xml (RunModel)" time="0.009" />
  <testcase classname="ptolemy.util.test.junit.AutoTests" name="[89] /home/travis/build/icyphy/ptII/ptolemy/domains/de/test/auto/sortWithOpaquePorts.xml (RunModel)" time="0.011" />
  <testcase classname="ptolemy.util.test.junit.AutoTests" name="[90] /home/travis/build/icyphy/ptII/ptolemy/domains/de/test/auto/transferInputsandOutputs.xml (RunModel)" time="0.009" />
  <testcase classname="ptolemy.util.test.junit.AutoTests" name="[91] /home/travis/build/icyphy/ptII/ptolemy/domains/de/test/auto/triggerType.xml (RunModel)" time="0.007" />
  <system-out><![CDATA[/home/travis/build/icyphy/ptII/ptolemy/domains/de/test/DependencyLoop.tcl
testDefs.tcl: setting time out to 9000 seconds at Thu Feb 14 03:34:49 UTC 2019
14 ms. Memory: 116224K Free: 97398K (84%)
23 ms. Memory: 146944K Free: 142432K (97%)
/home/travis/build/icyphy/ptII/ptolemy/domains/de/test/RunDETestsAsQSS.tcl
Run the DE tests using ptolemy.domains.qss.test.QSSDirectorTest, which extends QSSDirector and prints a message in the constructors.
------------------ testing $PTII/ptolemy/domains/de/test/auto/knownFailedTests/dependencyLoop.xml (Known Failure) 
8 ms. Memory: 146944K Free: 136953K (93%)


==== $PTIIhome/travis/build/icyphy/ptII/ptolemy/domains/de/test/../../../../: Auto Automatic test in file $PTII/ptolemy/domains/de/test/auto/knownFailedTests/dependencyLoop.xml
==== Contents of test case:

	    # FIXME: we should use $relativeFilename here, but it
	    # might have backslashes under Windows, which causes no end
	    # of trouble.
	    createAndExecute $file
	    list {}
	
.... Test generated KNOWN error:
    while executing
ptolemy.kernel.util.IllegalActionException: Found a zero delay loop containing .dependencyLoop.original
  in .dependencyLoop and .dependencyLoop.original
	at ptolemy.actor.util.CausalityInterfaceForComposites._computeOutputPortDepth(CausalityInterfaceForComposites.java:759)
	at ptolemy.actor.util.CausalityInterfaceForComposites._computeInputDepth(CausalityInterfaceForComposites.java:696)
	at ptolemy.actor.util.CausalityInterfaceForComposites._computeOutputPortDepth(CausalityInterfaceForComposites.java:765)
	at ptolemy.actor.util.CausalityInterfaceForComposites._computeInputDepth(CausalityInterfaceForComposites.java:696)
	at ptolemy.actor.util.CausalityInterfaceForComposites._computeOutputPortDepth(CausalityInterfaceForComposites.java:765)
	at ptolemy.actor.util.CausalityInterfaceForComposites._computeInputDepth(CausalityInterfaceForComposites.java:696)
	at ptolemy.actor.util.CausalityInterfaceForComposites._computeActorDepth(CausalityInterfaceForComposites.java:532)
	at ptolemy.actor.util.CausalityInterfaceForComposites.checkForCycles(CausalityInterfaceForComposites.java:96)
	at ptolemy.domains.de.kernel.DEDirector.preinitialize(DEDirector.java:1338)
	at ptolemy.actor.CompositeActor.preinitialize(CompositeActor.java:1828)
	at ptolemy.actor.Manager.preinitializeAndResolveTypes(Manager.java:1040)
	at ptolemy.actor.Manager.initialize(Manager.java:710)
	at ptolemy.actor.Manager.execute(Manager.java:356)
	at ptolemy.actor.Manager.run(Manager.java:1263)
	at ptolemy.actor.Manager$PtolemyRunThread.run(Manager.java:1915)

    while executing
ptolemy.kernel.util.IllegalActionException: Found a zero delay loop containing .dependencyLoop.original
  in .dependencyLoop and .dependencyLoop.original
    while executing
"java::new ptolemy.moml.MoMLSimpleApplication $file
"
    (procedure "createAndExecute" line 2)
    invoked from within
"createAndExecute $file"
    ("uplevel" body line 5)
    invoked from within
"uplevel $contents_of_test"
------------------ testing $PTII/ptolemy/domains/de/test/auto/knownFailedTests/DESDFClockTest.xml (Known Failure) 
2049 ms. Memory: 146944K Free: 121328K (83%)


==== $PTIIhome/travis/build/icyphy/ptII/ptolemy/domains/de/test/../../../../: Auto Automatic test in file $PTII/ptolemy/domains/de/test/auto/knownFailedTests/DESDFClockTest.xml
==== Contents of test case:

	    # FIXME: we should use $relativeFilename here, but it
	    # might have backslashes under Windows, which causes no end
	    # of trouble.
	    createAndExecute $file
	    list {}
	
.... Test generated KNOWN error:
    while executing
ptolemy.kernel.util.IllegalActionException: Actor is not ready to fire.  Perhaps UpSample.prefire() returned false? Try debugging the actor by selecting "Listen to Actor".  Also, for SDF check moml for tokenConsumptionRate on input.
  in .DESDFClockTest.Play Bell.Copy1:SDF Director and .DESDFClockTest.Play Bell.UpSample
	at ptolemy.actor.sched.StaticSchedulingDirector.fire(StaticSchedulingDirector.java:227)
	at ptolemy.domains.sdf.kernel.SDFDirector.fire(SDFDirector.java:500)
	at ptolemy.actor.CompositeActor.fire(CompositeActor.java:455)
	at ptolemy.domains.de.kernel.DEDirector._fire(DEDirector.java:1949)
	at ptolemy.domains.de.kernel.DEDirector.fire(DEDirector.java:502)
	at ptolemy.actor.CompositeActor.fire(CompositeActor.java:455)
	at ptolemy.actor.Manager.iterate(Manager.java:851)
	at ptolemy.actor.Manager.execute(Manager.java:369)
	at ptolemy.actor.Manager.run(Manager.java:1263)
	at ptolemy.actor.Manager$PtolemyRunThread.run(Manager.java:1915)

    while executing
ptolemy.kernel.util.IllegalActionException: Actor is not ready to fire.  Perhaps UpSample.prefire() returned false? Try debugging the actor by selecting "Listen to Actor".  Also, for SDF check moml for tokenConsumptionRate on input.
  in .DESDFClockTest.Play Bell.Copy1:SDF Director and .DESDFClockTest.Play Bell.UpSample
    while executing
"java::new ptolemy.moml.MoMLSimpleApplication $file
"
    (procedure "createAndExecute" line 2)
    invoked from within
"createAndExecute $file"
    ("uplevel" body line 5)
    invoked from within
"uplevel $contents_of_test"
------------------ testing $PTII/ptolemy/domains/de/test/auto/knownFailedTests/FSMSource.xml (Known Failure) 
41 ms. Memory: 146944K Free: 111877K (76%)
!!!! Auto was marked as failing, but now passes
------------------ testing $PTII/ptolemy/domains/de/test/auto/knownFailedTests/dependencyLoop2.xml (Known Failure) 
7 ms. Memory: 146944K Free: 109994K (75%)


==== $PTIIhome/travis/build/icyphy/ptII/ptolemy/domains/de/test/../../../../: Auto Automatic test in file $PTII/ptolemy/domains/de/test/auto/knownFailedTests/dependencyLoop2.xml
==== Contents of test case:

	    # FIXME: we should use $relativeFilename here, but it
	    # might have backslashes under Windows, which causes no end
	    # of trouble.
	    createAndExecute $file
	    list {}
	
.... Test generated KNOWN error:
    while executing
ptolemy.kernel.util.IllegalActionException: Found a zero delay loop containing .dependencyLoop2.original
  in .dependencyLoop2 and .dependencyLoop2.original
	at ptolemy.actor.util.CausalityInterfaceForComposites._computeOutputPortDepth(CausalityInterfaceForComposites.java:759)
	at ptolemy.actor.util.CausalityInterfaceForComposites._computeInputDepth(CausalityInterfaceForComposites.java:696)
	at ptolemy.actor.util.CausalityInterfaceForComposites._computeOutputPortDepth(CausalityInterfaceForComposites.java:765)
	at ptolemy.actor.util.CausalityInterfaceForComposites._computeInputDepth(CausalityInterfaceForComposites.java:696)
	at ptolemy.actor.util.CausalityInterfaceForComposites._computeOutputPortDepth(CausalityInterfaceForComposites.java:765)
	at ptolemy.actor.util.CausalityInterfaceForComposites._computeInputDepth(CausalityInterfaceForComposites.java:696)
	at ptolemy.actor.util.CausalityInterfaceForComposites._computeActorDepth(CausalityInterfaceForComposites.java:532)
	at ptolemy.actor.util.CausalityInterfaceForComposites.checkForCycles(CausalityInterfaceForComposites.java:96)
	at ptolemy.domains.de.kernel.DEDirector.preinitialize(DEDirector.java:1338)
	at ptolemy.actor.CompositeActor.preinitialize(CompositeActor.java:1828)
	at ptolemy.actor.Manager.preinitializeAndResolveTypes(Manager.java:1040)
	at ptolemy.actor.Manager.initialize(Manager.java:710)
	at ptolemy.actor.Manager.execute(Manager.java:356)
	at ptolemy.actor.Manager.run(Manager.java:1263)
	at ptolemy.actor.Manager$PtolemyRunThread.run(Manager.java:1915)

    while executing
ptolemy.kernel.util.IllegalActionException: Found a zero delay loop containing .dependencyLoop2.original
  in .dependencyLoop2 and .dependencyLoop2.original
    while executing
"java::new ptolemy.moml.MoMLSimpleApplication $file
"
    (procedure "createAndExecute" line 2)
    invoked from within
"createAndExecute $file"
    ("uplevel" body line 5)
    invoked from within
"uplevel $contents_of_test"
------------------ testing $PTII/ptolemy/domains/de/test/auto/knownFailedTests/HierarchicalModel.xml (Known Failure) 
5 ms. Memory: 146944K Free: 89666K (61%)


==== $PTIIhome/travis/build/icyphy/ptII/ptolemy/domains/de/test/../../../../: Auto Automatic test in file $PTII/ptolemy/domains/de/test/auto/knownFailedTests/HierarchicalModel.xml
==== Contents of test case:

	    # FIXME: we should use $relativeFilename here, but it
	    # might have backslashes under Windows, which causes no end
	    # of trouble.
	    createAndExecute $file
	    list {}
	
.... Test generated KNOWN error:
    while executing
ptolemy.kernel.util.IllegalActionException: Found a zero delay loop containing .HierarchicalModel.A
  in .HierarchicalModel and .HierarchicalModel.A
	at ptolemy.actor.util.CausalityInterfaceForComposites._computeOutputPortDepth(CausalityInterfaceForComposites.java:759)
	at ptolemy.actor.util.CausalityInterfaceForComposites._computeInputDepth(CausalityInterfaceForComposites.java:696)
	at ptolemy.actor.util.CausalityInterfaceForComposites._computeOutputPortDepth(CausalityInterfaceForComposites.java:765)
	at ptolemy.actor.util.CausalityInterfaceForComposites._computeInputDepth(CausalityInterfaceForComposites.java:696)
	at ptolemy.actor.util.CausalityInterfaceForComposites._computeOutputPortDepth(CausalityInterfaceForComposites.java:765)
	at ptolemy.actor.util.CausalityInterfaceForComposites._computeInputDepth(CausalityInterfaceForComposites.java:696)
	at ptolemy.actor.util.CausalityInterfaceForComposites._computeActorDepth(CausalityInterfaceForComposites.java:532)
	at ptolemy.actor.util.CausalityInterfaceForComposites.checkForCycles(CausalityInterfaceForComposites.java:96)
	at ptolemy.domains.de.kernel.DEDirector.preinitialize(DEDirector.java:1338)
	at ptolemy.actor.CompositeActor.preinitialize(CompositeActor.java:1828)
	at ptolemy.actor.Manager.preinitializeAndResolveTypes(Manager.java:1040)
	at ptolemy.actor.Manager.initialize(Manager.java:710)
	at ptolemy.actor.Manager.execute(Manager.java:356)
	at ptolemy.actor.Manager.run(Manager.java:1263)
	at ptolemy.actor.Manager$PtolemyRunThread.run(Manager.java:1915)

    while executing
ptolemy.kernel.util.IllegalActionException: Found a zero delay loop containing .HierarchicalModel.A
  in .HierarchicalModel and .HierarchicalModel.A
    while executing
"java::new ptolemy.moml.MoMLSimpleApplication $file
"
    (procedure "createAndExecute" line 2)
    invoked from within
"createAndExecute $file"
    ("uplevel" body line 5)
    invoked from within
"uplevel $contents_of_test"
------------------ testing $PTII/ptolemy/domains/de/test/auto/knownFailedTests/DirectFeedback.xml (Known Failure) 
4 ms. Memory: 146944K Free: 85530K (58%)


==== $PTIIhome/travis/build/icyphy/ptII/ptolemy/domains/de/test/../../../../: Auto Automatic test in file $PTII/ptolemy/domains/de/test/auto/knownFailedTests/DirectFeedback.xml
==== Contents of test case:

	    # FIXME: we should use $relativeFilename here, but it
	    # might have backslashes under Windows, which causes no end
	    # of trouble.
	    createAndExecute $file
	    list {}
	
.... Test generated KNOWN error:
    while executing
ptolemy.kernel.util.IllegalActionException: Test fails in iteration 1.
Value was: 1.0. Should have been: 2.0
  in .DirectFeedback.Test
	at ptolemy.actor.lib.Test.fire(Test.java:268)
	at ptolemy.domains.de.kernel.DEDirector._fire(DEDirector.java:1949)
	at ptolemy.domains.de.kernel.DEDirector.fire(DEDirector.java:502)
	at ptolemy.actor.CompositeActor.fire(CompositeActor.java:455)
	at ptolemy.actor.Manager.iterate(Manager.java:851)
	at ptolemy.actor.Manager.execute(Manager.java:369)
	at ptolemy.actor.Manager.run(Manager.java:1263)
	at ptolemy.actor.Manager$PtolemyRunThread.run(Manager.java:1915)

    while executing
ptolemy.kernel.util.IllegalActionException: Test fails in iteration 1.
Value was: 1.0. Should have been: 2.0
  in .DirectFeedback.Test
    while executing
"java::new ptolemy.moml.MoMLSimpleApplication $file
"
    (procedure "createAndExecute" line 2)
    invoked from within
"createAndExecute $file"
    ("uplevel" body line 5)
    invoked from within
"uplevel $contents_of_test"
------------------ testing $PTII/ptolemy/domains/de/test/auto/ActorDepthCalculation_actorWithoutPorts.xml
auto.tcl: Setting watchdog for 200 seconds at Thu Feb 14 03:34:52 UTC 2019
5 ms. Memory: 146944K Free: 138708K (94%)
ptolemy.util.test.WatchDog.cancel(): canceling Thu Feb 14 03:34:52 UTC 2019
auto.tcl: Setting watchdog for 200 seconds at Thu Feb 14 03:34:52 UTC 2019
4 ms. Memory: 146944K Free: 136677K (93%)
ptolemy.util.test.WatchDog.cancel(): canceling Thu Feb 14 03:34:52 UTC 2019
------------------ testing $PTII/ptolemy/domains/de/test/auto/AssemblyLine.xml
auto.tcl: Setting watchdog for 200 seconds at Thu Feb 14 03:34:52 UTC 2019
26 ms. Memory: 208384K Free: 183443K (88%)
ptolemy.util.test.WatchDog.cancel(): canceling Thu Feb 14 03:34:52 UTC 2019
auto.tcl: Setting watchdog for 200 seconds at Thu Feb 14 03:34:52 UTC 2019
7 ms. Memory: 208384K Free: 183443K (88%)
ptolemy.util.test.WatchDog.cancel(): canceling Thu Feb 14 03:34:52 UTC 2019
------------------ testing $PTII/ptolemy/domains/de/test/auto/CQBug1.xml
auto.tcl: Setting watchdog for 200 seconds at Thu Feb 14 03:34:53 UTC 2019
4 ms. Memory: 208384K Free: 197927K (95%)
ptolemy.util.test.WatchDog.cancel(): canceling Thu Feb 14 03:34:53 UTC 2019
auto.tcl: Setting watchdog for 200 seconds at Thu Feb 14 03:34:53 UTC 2019
2 ms. Memory: 208384K Free: 197927K (95%)
ptolemy.util.test.WatchDog.cancel(): canceling Thu Feb 14 03:34:53 UTC 2019
------------------ testing $PTII/ptolemy/domains/de/test/auto/CancelFireAt.xml
auto.tcl: Setting watchdog for 200 seconds at Thu Feb 14 03:34:53 UTC 2019
7 ms. Memory: 208384K Free: 201578K (97%)
ptolemy.util.test.WatchDog.cancel(): canceling Thu Feb 14 03:34:53 UTC 2019
auto.tcl: Setting watchdog for 200 seconds at Thu Feb 14 03:34:53 UTC 2019
9 ms. Memory: 208384K Free: 199547K (96%)
ptolemy.util.test.WatchDog.cancel(): canceling Thu Feb 14 03:34:53 UTC 2019
------------------ testing $PTII/ptolemy/domains/de/test/auto/CausalityAndComposabilityAnalysis.xml
auto.tcl: Setting watchdog for 200 seconds at Thu Feb 14 03:34:53 UTC 2019
17 ms. Memory: 208384K Free: 198626K (95%)
ptolemy.util.test.WatchDog.cancel(): canceling Thu Feb 14 03:34:53 UTC 2019
auto.tcl: Setting watchdog for 200 seconds at Thu Feb 14 03:34:53 UTC 2019
5 ms. Memory: 208384K Free: 196596K (94%)
ptolemy.util.test.WatchDog.cancel(): canceling Thu Feb 14 03:34:53 UTC 2019
------------------ testing $PTII/ptolemy/domains/de/test/auto/CausalityInterface1.xml
auto.tcl: Setting watchdog for 200 seconds at Thu Feb 14 03:34:53 UTC 2019
12 ms. Memory: 208384K Free: 196531K (94%)
ptolemy.util.test.WatchDog.cancel(): canceling Thu Feb 14 03:34:53 UTC 2019
auto.tcl: Setting watchdog for 200 seconds at Thu Feb 14 03:34:53 UTC 2019
4 ms. Memory: 208384K Free: 196531K (94%)
ptolemy.util.test.WatchDog.cancel(): canceling Thu Feb 14 03:34:53 UTC 2019
------------------ testing $PTII/ptolemy/domains/de/test/auto/CausalityInterface15.xml
auto.tcl: Setting watchdog for 200 seconds at Thu Feb 14 03:34:53 UTC 2019
15 ms. Memory: 208384K Free: 197010K (95%)
ptolemy.util.test.WatchDog.cancel(): canceling Thu Feb 14 03:34:53 UTC 2019
auto.tcl: Setting watchdog for 200 seconds at Thu Feb 14 03:34:53 UTC 2019
6 ms. Memory: 208384K Free: 197010K (95%)
ptolemy.util.test.WatchDog.cancel(): canceling Thu Feb 14 03:34:53 UTC 2019
------------------ testing $PTII/ptolemy/domains/de/test/auto/CausalityInterface2.xml
auto.tcl: Setting watchdog for 200 seconds at Thu Feb 14 03:34:53 UTC 2019
4 ms. Memory: 208384K Free: 197026K (95%)
ptolemy.util.test.WatchDog.cancel(): canceling Thu Feb 14 03:34:53 UTC 2019
auto.tcl: Setting watchdog for 200 seconds at Thu Feb 14 03:34:53 UTC 2019
3 ms. Memory: 208384K Free: 196506K (94%)
ptolemy.util.test.WatchDog.cancel(): canceling Thu Feb 14 03:34:53 UTC 2019
------------------ testing $PTII/ptolemy/domains/de/test/auto/CausalityInterface3.xml
auto.tcl: Setting watchdog for 200 seconds at Thu Feb 14 03:34:53 UTC 2019
6 ms. Memory: 208384K Free: 196519K (94%)
ptolemy.util.test.WatchDog.cancel(): canceling Thu Feb 14 03:34:53 UTC 2019
auto.tcl: Setting watchdog for 200 seconds at Thu Feb 14 03:34:53 UTC 2019
4 ms. Memory: 208384K Free: 196519K (94%)
ptolemy.util.test.WatchDog.cancel(): canceling Thu Feb 14 03:34:53 UTC 2019
------------------ testing $PTII/ptolemy/domains/de/test/auto/ClockDrift.xml
auto.tcl: Setting watchdog for 200 seconds at Thu Feb 14 03:34:53 UTC 2019
55 ms. Memory: 208384K Free: 187959K (90%)
ptolemy.util.test.WatchDog.cancel(): canceling Thu Feb 14 03:34:53 UTC 2019
auto.tcl: Setting watchdog for 200 seconds at Thu Feb 14 03:34:53 UTC 2019
60 ms. Memory: 208384K Free: 185929K (89%)
ptolemy.util.test.WatchDog.cancel(): canceling Thu Feb 14 03:34:53 UTC 2019
------------------ testing $PTII/ptolemy/domains/de/test/auto/ClockDriftAndValueChange.xml
auto.tcl: Setting watchdog for 200 seconds at Thu Feb 14 03:34:53 UTC 2019
51 ms. Memory: 208384K Free: 187797K (90%)
ptolemy.util.test.WatchDog.cancel(): canceling Thu Feb 14 03:34:53 UTC 2019
auto.tcl: Setting watchdog for 200 seconds at Thu Feb 14 03:34:53 UTC 2019
36 ms. Memory: 208384K Free: 185767K (89%)
ptolemy.util.test.WatchDog.cancel(): canceling Thu Feb 14 03:34:54 UTC 2019
------------------ testing $PTII/ptolemy/domains/de/test/auto/ClockDriftChange.xml
auto.tcl: Setting watchdog for 200 seconds at Thu Feb 14 03:34:54 UTC 2019
34 ms. Memory: 208384K Free: 191049K (92%)
ptolemy.util.test.WatchDog.cancel(): canceling Thu Feb 14 03:34:54 UTC 2019
auto.tcl: Setting watchdog for 200 seconds at Thu Feb 14 03:34:54 UTC 2019
24 ms. Memory: 208384K Free: 189018K (91%)
ptolemy.util.test.WatchDog.cancel(): canceling Thu Feb 14 03:34:54 UTC 2019
------------------ testing $PTII/ptolemy/domains/de/test/auto/ComposableCausalityAnalysis.xml
auto.tcl: Setting watchdog for 200 seconds at Thu Feb 14 03:34:54 UTC 2019
4 ms. Memory: 208384K Free: 196375K (94%)
ptolemy.util.test.WatchDog.cancel(): canceling Thu Feb 14 03:34:54 UTC 2019
auto.tcl: Setting watchdog for 200 seconds at Thu Feb 14 03:34:54 UTC 2019
2 ms. Memory: 208384K Free: 194345K (93%)
ptolemy.util.test.WatchDog.cancel(): canceling Thu Feb 14 03:34:54 UTC 2019
------------------ testing $PTII/ptolemy/domains/de/test/auto/DEFixedPointLimitation.xml
auto.tcl: Setting watchdog for 200 seconds at Thu Feb 14 03:34:54 UTC 2019
3 ms. Memory: 208384K Free: 196456K (94%)
ptolemy.util.test.WatchDog.cancel(): canceling Thu Feb 14 03:34:54 UTC 2019
auto.tcl: Setting watchdog for 200 seconds at Thu Feb 14 03:34:54 UTC 2019
1 ms. Memory: 208384K Free: 196456K (94%)
ptolemy.util.test.WatchDog.cancel(): canceling Thu Feb 14 03:34:54 UTC 2019
------------------ testing $PTII/ptolemy/domains/de/test/auto/DEScheduleTest.xml
auto.tcl: Setting watchdog for 200 seconds at Thu Feb 14 03:34:54 UTC 2019
11 ms. Memory: 208384K Free: 198522K (95%)
ptolemy.util.test.WatchDog.cancel(): canceling Thu Feb 14 03:34:54 UTC 2019
auto.tcl: Setting watchdog for 200 seconds at Thu Feb 14 03:34:54 UTC 2019
6 ms. Memory: 208384K Free: 196492K (94%)
ptolemy.util.test.WatchDog.cancel(): canceling Thu Feb 14 03:34:54 UTC 2019
------------------ testing $PTII/ptolemy/domains/de/test/auto/DEinDEwithStartTimes.xml
auto.tcl: Setting watchdog for 200 seconds at Thu Feb 14 03:34:54 UTC 2019
4 ms. Memory: 208384K Free: 196980K (95%)
ptolemy.util.test.WatchDog.cancel(): canceling Thu Feb 14 03:34:54 UTC 2019
auto.tcl: Setting watchdog for 200 seconds at Thu Feb 14 03:34:54 UTC 2019
3 ms. Memory: 208384K Free: 194950K (94%)
ptolemy.util.test.WatchDog.cancel(): canceling Thu Feb 14 03:34:54 UTC 2019
------------------ testing $PTII/ptolemy/domains/de/test/auto/DEinDEwithStartTimes2.xml
auto.tcl: Setting watchdog for 200 seconds at Thu Feb 14 03:34:54 UTC 2019
8 ms. Memory: 208384K Free: 196441K (94%)
ptolemy.util.test.WatchDog.cancel(): canceling Thu Feb 14 03:34:54 UTC 2019
auto.tcl: Setting watchdog for 200 seconds at Thu Feb 14 03:34:54 UTC 2019
8 ms. Memory: 208384K Free: 194410K (93%)
ptolemy.util.test.WatchDog.cancel(): canceling Thu Feb 14 03:34:54 UTC 2019
------------------ testing $PTII/ptolemy/domains/de/test/auto/DateDemo.xml
auto.tcl: Setting watchdog for 200 seconds at Thu Feb 14 03:34:54 UTC 2019
16 ms. Memory: 208384K Free: 189078K (91%)
ptolemy.util.test.WatchDog.cancel(): canceling Thu Feb 14 03:34:54 UTC 2019
auto.tcl: Setting watchdog for 200 seconds at Thu Feb 14 03:34:54 UTC 2019
5 ms. Memory: 208384K Free: 187047K (90%)
ptolemy.util.test.WatchDog.cancel(): canceling Thu Feb 14 03:34:54 UTC 2019
------------------ testing $PTII/ptolemy/domains/de/test/auto/DateToEvent.xml
auto.tcl: Setting watchdog for 200 seconds at Thu Feb 14 03:34:54 UTC 2019
2011 ms. Memory: 208384K Free: 183993K (88%)
ptolemy.util.test.WatchDog.cancel(): canceling Thu Feb 14 03:34:56 UTC 2019
auto.tcl: Setting watchdog for 200 seconds at Thu Feb 14 03:34:56 UTC 2019
2005 ms. Memory: 208384K Free: 183993K (88%)
ptolemy.util.test.WatchDog.cancel(): canceling Thu Feb 14 03:34:58 UTC 2019
------------------ testing $PTII/ptolemy/domains/de/test/auto/DepthTest1.xml
auto.tcl: Setting watchdog for 200 seconds at Thu Feb 14 03:34:58 UTC 2019
6 ms. Memory: 208384K Free: 198568K (95%)
ptolemy.util.test.WatchDog.cancel(): canceling Thu Feb 14 03:34:58 UTC 2019
auto.tcl: Setting watchdog for 200 seconds at Thu Feb 14 03:34:58 UTC 2019
1 ms. Memory: 208384K Free: 198568K (95%)
ptolemy.util.test.WatchDog.cancel(): canceling Thu Feb 14 03:34:58 UTC 2019
------------------ testing $PTII/ptolemy/domains/de/test/auto/DepthTest2.xml
auto.tcl: Setting watchdog for 200 seconds at Thu Feb 14 03:34:58 UTC 2019
6 ms. Memory: 208384K Free: 194389K (93%)
ptolemy.util.test.WatchDog.cancel(): canceling Thu Feb 14 03:34:58 UTC 2019
auto.tcl: Setting watchdog for 200 seconds at Thu Feb 14 03:34:58 UTC 2019
6 ms. Memory: 208384K Free: 194389K (93%)
ptolemy.util.test.WatchDog.cancel(): canceling Thu Feb 14 03:34:58 UTC 2019
------------------ testing $PTII/ptolemy/domains/de/test/auto/DepthTest3.xml
auto.tcl: Setting watchdog for 200 seconds at Thu Feb 14 03:34:59 UTC 2019
5 ms. Memory: 208384K Free: 198903K (95%)
ptolemy.util.test.WatchDog.cancel(): canceling Thu Feb 14 03:34:59 UTC 2019
auto.tcl: Setting watchdog for 200 seconds at Thu Feb 14 03:34:59 UTC 2019
2 ms. Memory: 208384K Free: 198903K (95%)
ptolemy.util.test.WatchDog.cancel(): canceling Thu Feb 14 03:34:59 UTC 2019
------------------ testing $PTII/ptolemy/domains/de/test/auto/DepthTest4.xml
auto.tcl: Setting watchdog for 200 seconds at Thu Feb 14 03:34:59 UTC 2019
8 ms. Memory: 208384K Free: 196442K (94%)
ptolemy.util.test.WatchDog.cancel(): canceling Thu Feb 14 03:34:59 UTC 2019
auto.tcl: Setting watchdog for 200 seconds at Thu Feb 14 03:34:59 UTC 2019
2 ms. Memory: 208384K Free: 196442K (94%)
ptolemy.util.test.WatchDog.cancel(): canceling Thu Feb 14 03:34:59 UTC 2019
------------------ testing $PTII/ptolemy/domains/de/test/auto/DepthTest5.xml
auto.tcl: Setting watchdog for 200 seconds at Thu Feb 14 03:34:59 UTC 2019
3 ms. Memory: 208384K Free: 196388K (94%)
ptolemy.util.test.WatchDog.cancel(): canceling Thu Feb 14 03:34:59 UTC 2019
auto.tcl: Setting watchdog for 200 seconds at Thu Feb 14 03:34:59 UTC 2019
2 ms. Memory: 208384K Free: 196388K (94%)
ptolemy.util.test.WatchDog.cancel(): canceling Thu Feb 14 03:34:59 UTC 2019
------------------ testing $PTII/ptolemy/domains/de/test/auto/DepthTest6.xml
auto.tcl: Setting watchdog for 200 seconds at Thu Feb 14 03:34:59 UTC 2019
6 ms. Memory: 208384K Free: 196884K (94%)
ptolemy.util.test.WatchDog.cancel(): canceling Thu Feb 14 03:34:59 UTC 2019
auto.tcl: Setting watchdog for 200 seconds at Thu Feb 14 03:34:59 UTC 2019
2 ms. Memory: 208384K Free: 196884K (94%)
ptolemy.util.test.WatchDog.cancel(): canceling Thu Feb 14 03:34:59 UTC 2019
------------------ testing $PTII/ptolemy/domains/de/test/auto/DepthTest7.xml
auto.tcl: Setting watchdog for 200 seconds at Thu Feb 14 03:34:59 UTC 2019
2 ms. Memory: 208384K Free: 196346K (94%)
ptolemy.util.test.WatchDog.cancel(): canceling Thu Feb 14 03:34:59 UTC 2019
auto.tcl: Setting watchdog for 200 seconds at Thu Feb 14 03:34:59 UTC 2019
2 ms. Memory: 208384K Free: 196346K (94%)
ptolemy.util.test.WatchDog.cancel(): canceling Thu Feb 14 03:34:59 UTC 2019
------------------ testing $PTII/ptolemy/domains/de/test/auto/EventToDate.xml
auto.tcl: Setting watchdog for 200 seconds at Thu Feb 14 03:34:59 UTC 2019
3012 ms. Memory: 208384K Free: 186215K (89%)
ptolemy.util.test.WatchDog.cancel(): canceling Thu Feb 14 03:35:02 UTC 2019
auto.tcl: Setting watchdog for 200 seconds at Thu Feb 14 03:35:02 UTC 2019
3006 ms. Memory: 208384K Free: 186215K (89%)
ptolemy.util.test.WatchDog.cancel(): canceling Thu Feb 14 03:35:05 UTC 2019
------------------ testing $PTII/ptolemy/domains/de/test/auto/FSM1.xml
auto.tcl: Setting watchdog for 200 seconds at Thu Feb 14 03:35:05 UTC 2019
16 ms. Memory: 208384K Free: 189536K (91%)
ptolemy.util.test.WatchDog.cancel(): canceling Thu Feb 14 03:35:05 UTC 2019
auto.tcl: Setting watchdog for 200 seconds at Thu Feb 14 03:35:05 UTC 2019
14 ms. Memory: 208384K Free: 185475K (89%)
ptolemy.util.test.WatchDog.cancel(): canceling Thu Feb 14 03:35:05 UTC 2019
------------------ testing $PTII/ptolemy/domains/de/test/auto/FSM7.xml
auto.tcl: Setting watchdog for 200 seconds at Thu Feb 14 03:35:05 UTC 2019
24 ms. Memory: 208384K Free: 187710K (90%)
ptolemy.util.test.WatchDog.cancel(): canceling Thu Feb 14 03:35:05 UTC 2019
auto.tcl: Setting watchdog for 200 seconds at Thu Feb 14 03:35:05 UTC 2019
18 ms. Memory: 208384K Free: 185679K (89%)
ptolemy.util.test.WatchDog.cancel(): canceling Thu Feb 14 03:35:05 UTC 2019
------------------ testing $PTII/ptolemy/domains/de/test/auto/Inspection.xml
auto.tcl: Setting watchdog for 200 seconds at Thu Feb 14 03:35:05 UTC 2019
29 ms. Memory: 208384K Free: 189440K (91%)
ptolemy.util.test.WatchDog.cancel(): canceling Thu Feb 14 03:35:05 UTC 2019
auto.tcl: Setting watchdog for 200 seconds at Thu Feb 14 03:35:05 UTC 2019
36 ms. Memory: 208384K Free: 186890K (90%)
ptolemy.util.test.WatchDog.cancel(): canceling Thu Feb 14 03:35:05 UTC 2019
------------------ testing $PTII/ptolemy/domains/de/test/auto/Iteration.xml
auto.tcl: Setting watchdog for 200 seconds at Thu Feb 14 03:35:05 UTC 2019
7 ms. Memory: 208384K Free: 196150K (94%)
ptolemy.util.test.WatchDog.cancel(): canceling Thu Feb 14 03:35:05 UTC 2019
auto.tcl: Setting watchdog for 200 seconds at Thu Feb 14 03:35:05 UTC 2019
7 ms. Memory: 208384K Free: 194119K (93%)
ptolemy.util.test.WatchDog.cancel(): canceling Thu Feb 14 03:35:05 UTC 2019
------------------ testing $PTII/ptolemy/domains/de/test/auto/LineFault.xml
auto.tcl: Setting watchdog for 200 seconds at Thu Feb 14 03:35:05 UTC 2019
722 ms. Memory: 208384K Free: 201075K (96%)
ptolemy.util.test.WatchDog.cancel(): canceling Thu Feb 14 03:35:06 UTC 2019
auto.tcl: Setting watchdog for 200 seconds at Thu Feb 14 03:35:06 UTC 2019
642 ms. Memory: 208384K Free: 143963K (69%)
ptolemy.util.test.WatchDog.cancel(): canceling Thu Feb 14 03:35:07 UTC 2019
------------------ testing $PTII/ptolemy/domains/de/test/auto/MergeModel1Add.xml
auto.tcl: Setting watchdog for 200 seconds at Thu Feb 14 03:35:07 UTC 2019
22 ms. Memory: 331264K Free: 300925K (91%)
ptolemy.util.test.WatchDog.cancel(): canceling Thu Feb 14 03:35:07 UTC 2019
auto.tcl: Setting watchdog for 200 seconds at Thu Feb 14 03:35:07 UTC 2019
10 ms. Memory: 331264K Free: 300925K (91%)
ptolemy.util.test.WatchDog.cancel(): canceling Thu Feb 14 03:35:07 UTC 2019
------------------ testing $PTII/ptolemy/domains/de/test/auto/MergeModel2Add.xml
auto.tcl: Setting watchdog for 200 seconds at Thu Feb 14 03:35:07 UTC 2019
12 ms. Memory: 331264K Free: 305828K (92%)
ptolemy.util.test.WatchDog.cancel(): canceling Thu Feb 14 03:35:07 UTC 2019
auto.tcl: Setting watchdog for 200 seconds at Thu Feb 14 03:35:07 UTC 2019
7 ms. Memory: 331264K Free: 302279K (91%)
ptolemy.util.test.WatchDog.cancel(): canceling Thu Feb 14 03:35:07 UTC 2019
------------------ testing $PTII/ptolemy/domains/de/test/auto/MergeModel3Add.xml
auto.tcl: Setting watchdog for 200 seconds at Thu Feb 14 03:35:07 UTC 2019
7 ms. Memory: 331264K Free: 305805K (92%)
ptolemy.util.test.WatchDog.cancel(): canceling Thu Feb 14 03:35:08 UTC 2019
auto.tcl: Setting watchdog for 200 seconds at Thu Feb 14 03:35:08 UTC 2019
8 ms. Memory: 331264K Free: 302257K (91%)
ptolemy.util.test.WatchDog.cancel(): canceling Thu Feb 14 03:35:08 UTC 2019
------------------ testing $PTII/ptolemy/domains/de/test/auto/MergeWithoutDiscard.xml
auto.tcl: Setting watchdog for 200 seconds at Thu Feb 14 03:35:08 UTC 2019
2 ms. Memory: 331264K Free: 316754K (96%)
ptolemy.util.test.WatchDog.cancel(): canceling Thu Feb 14 03:35:08 UTC 2019
auto.tcl: Setting watchdog for 200 seconds at Thu Feb 14 03:35:08 UTC 2019
1 ms. Memory: 331264K Free: 316754K (96%)
ptolemy.util.test.WatchDog.cancel(): canceling Thu Feb 14 03:35:08 UTC 2019
------------------ testing $PTII/ptolemy/domains/de/test/auto/Modal1.xml
auto.tcl: Setting watchdog for 200 seconds at Thu Feb 14 03:35:08 UTC 2019
17 ms. Memory: 331264K Free: 310370K (94%)
ptolemy.util.test.WatchDog.cancel(): canceling Thu Feb 14 03:35:08 UTC 2019
auto.tcl: Setting watchdog for 200 seconds at Thu Feb 14 03:35:08 UTC 2019
17 ms. Memory: 331264K Free: 306822K (93%)
ptolemy.util.test.WatchDog.cancel(): canceling Thu Feb 14 03:35:08 UTC 2019
------------------ testing $PTII/ptolemy/domains/de/test/auto/Modal2.xml
auto.tcl: Setting watchdog for 200 seconds at Thu Feb 14 03:35:08 UTC 2019
12 ms. Memory: 331264K Free: 310255K (94%)
ptolemy.util.test.WatchDog.cancel(): canceling Thu Feb 14 03:35:08 UTC 2019
auto.tcl: Setting watchdog for 200 seconds at Thu Feb 14 03:35:08 UTC 2019
10 ms. Memory: 331264K Free: 306707K (93%)
ptolemy.util.test.WatchDog.cancel(): canceling Thu Feb 14 03:35:08 UTC 2019
------------------ testing $PTII/ptolemy/domains/de/test/auto/Modal3.xml
auto.tcl: Setting watchdog for 200 seconds at Thu Feb 14 03:35:08 UTC 2019
14 ms. Memory: 331264K Free: 310242K (94%)
ptolemy.util.test.WatchDog.cancel(): canceling Thu Feb 14 03:35:08 UTC 2019
auto.tcl: Setting watchdog for 200 seconds at Thu Feb 14 03:35:08 UTC 2019
9 ms. Memory: 331264K Free: 306694K (93%)
ptolemy.util.test.WatchDog.cancel(): canceling Thu Feb 14 03:35:08 UTC 2019
------------------ testing $PTII/ptolemy/domains/de/test/auto/Modal4.xml
auto.tcl: Setting watchdog for 200 seconds at Thu Feb 14 03:35:08 UTC 2019
21 ms. Memory: 331264K Free: 310255K (94%)
ptolemy.util.test.WatchDog.cancel(): canceling Thu Feb 14 03:35:08 UTC 2019
auto.tcl: Setting watchdog for 200 seconds at Thu Feb 14 03:35:08 UTC 2019
17 ms. Memory: 331264K Free: 306707K (93%)
ptolemy.util.test.WatchDog.cancel(): canceling Thu Feb 14 03:35:08 UTC 2019
------------------ testing $PTII/ptolemy/domains/de/test/auto/Modal5.xml
auto.tcl: Setting watchdog for 200 seconds at Thu Feb 14 03:35:08 UTC 2019
15 ms. Memory: 331264K Free: 310243K (94%)
ptolemy.util.test.WatchDog.cancel(): canceling Thu Feb 14 03:35:08 UTC 2019
auto.tcl: Setting watchdog for 200 seconds at Thu Feb 14 03:35:08 UTC 2019
12 ms. Memory: 331264K Free: 306694K (93%)
ptolemy.util.test.WatchDog.cancel(): canceling Thu Feb 14 03:35:08 UTC 2019
------------------ testing $PTII/ptolemy/domains/de/test/auto/Modal6.xml
auto.tcl: Setting watchdog for 200 seconds at Thu Feb 14 03:35:08 UTC 2019
12 ms. Memory: 331264K Free: 310915K (94%)
ptolemy.util.test.WatchDog.cancel(): canceling Thu Feb 14 03:35:08 UTC 2019
auto.tcl: Setting watchdog for 200 seconds at Thu Feb 14 03:35:08 UTC 2019
12 ms. Memory: 331264K Free: 307367K (93%)
ptolemy.util.test.WatchDog.cancel(): canceling Thu Feb 14 03:35:08 UTC 2019
------------------ testing $PTII/ptolemy/domains/de/test/auto/Modal7.xml
auto.tcl: Setting watchdog for 200 seconds at Thu Feb 14 03:35:08 UTC 2019
9 ms. Memory: 331264K Free: 306692K (93%)
ptolemy.util.test.WatchDog.cancel(): canceling Thu Feb 14 03:35:08 UTC 2019
auto.tcl: Setting watchdog for 200 seconds at Thu Feb 14 03:35:08 UTC 2019
9 ms. Memory: 331264K Free: 303144K (92%)
ptolemy.util.test.WatchDog.cancel(): canceling Thu Feb 14 03:35:08 UTC 2019
------------------ testing $PTII/ptolemy/domains/de/test/auto/ModalModel.xml
auto.tcl: Setting watchdog for 200 seconds at Thu Feb 14 03:35:08 UTC 2019
191 ms. Memory: 331264K Free: 247494K (75%)
ptolemy.util.test.WatchDog.cancel(): canceling Thu Feb 14 03:35:09 UTC 2019
auto.tcl: Setting watchdog for 200 seconds at Thu Feb 14 03:35:09 UTC 2019
153 ms. Memory: 331264K Free: 190568K (58%)
ptolemy.util.test.WatchDog.cancel(): canceling Thu Feb 14 03:35:09 UTC 2019
------------------ testing $PTII/ptolemy/domains/de/test/auto/ModalSource.xml
auto.tcl: Setting watchdog for 200 seconds at Thu Feb 14 03:35:09 UTC 2019
9 ms. Memory: 331264K Free: 316262K (95%)
ptolemy.util.test.WatchDog.cancel(): canceling Thu Feb 14 03:35:09 UTC 2019
auto.tcl: Setting watchdog for 200 seconds at Thu Feb 14 03:35:09 UTC 2019
11 ms. Memory: 331264K Free: 312994K (94%)
ptolemy.util.test.WatchDog.cancel(): canceling Thu Feb 14 03:35:09 UTC 2019
------------------ testing $PTII/ptolemy/domains/de/test/auto/NonInterruptibleTimerZeroDelay.xml
auto.tcl: Setting watchdog for 200 seconds at Thu Feb 14 03:35:09 UTC 2019
3 ms. Memory: 331264K Free: 320614K (97%)
ptolemy.util.test.WatchDog.cancel(): canceling Thu Feb 14 03:35:09 UTC 2019
auto.tcl: Setting watchdog for 200 seconds at Thu Feb 14 03:35:09 UTC 2019
2 ms. Memory: 331264K Free: 317345K (96%)
ptolemy.util.test.WatchDog.cancel(): canceling Thu Feb 14 03:35:09 UTC 2019
------------------ testing $PTII/ptolemy/domains/de/test/auto/OpenQueueingNetwork.xml
auto.tcl: Setting watchdog for 200 seconds at Thu Feb 14 03:35:09 UTC 2019
2653 ms. Memory: 573952K Free: 413187K (72%)
ptolemy.util.test.WatchDog.cancel(): canceling Thu Feb 14 03:35:12 UTC 2019
auto.tcl: Setting watchdog for 200 seconds at Thu Feb 14 03:35:12 UTC 2019
2391 ms. Memory: 574464K Free: 327439K (57%)
ptolemy.util.test.WatchDog.cancel(): canceling Thu Feb 14 03:35:14 UTC 2019
------------------ testing $PTII/ptolemy/domains/de/test/auto/OpenQueuingNetwork.xml
auto.tcl: Setting watchdog for 200 seconds at Thu Feb 14 03:35:14 UTC 2019
236 ms. Memory: 1064960K Free: 945946K (89%)
ptolemy.util.test.WatchDog.cancel(): canceling Thu Feb 14 03:35:15 UTC 2019
auto.tcl: Setting watchdog for 200 seconds at Thu Feb 14 03:35:15 UTC 2019
246 ms. Memory: 1064960K Free: 880465K (83%)
ptolemy.util.test.WatchDog.cancel(): canceling Thu Feb 14 03:35:15 UTC 2019
------------------ testing $PTII/ptolemy/domains/de/test/auto/PeriodicSampler.xml
auto.tcl: Setting watchdog for 200 seconds at Thu Feb 14 03:35:15 UTC 2019
3 ms. Memory: 1065472K Free: 1039193K (98%)
ptolemy.util.test.WatchDog.cancel(): canceling Thu Feb 14 03:35:15 UTC 2019
auto.tcl: Setting watchdog for 200 seconds at Thu Feb 14 03:35:15 UTC 2019
1 ms. Memory: 1065472K Free: 1039193K (98%)
ptolemy.util.test.WatchDog.cancel(): canceling Thu Feb 14 03:35:15 UTC 2019
------------------ testing $PTII/ptolemy/domains/de/test/auto/PersistentIO.xml
auto.tcl: Setting watchdog for 200 seconds at Thu Feb 14 03:35:15 UTC 2019
4 ms. Memory: 1065472K Free: 1029961K (97%)
ptolemy.util.test.WatchDog.cancel(): canceling Thu Feb 14 03:35:15 UTC 2019
auto.tcl: Setting watchdog for 200 seconds at Thu Feb 14 03:35:15 UTC 2019
3 ms. Memory: 1065472K Free: 1029961K (97%)
ptolemy.util.test.WatchDog.cancel(): canceling Thu Feb 14 03:35:15 UTC 2019
------------------ testing $PTII/ptolemy/domains/de/test/auto/PortParameterResetOnInitialize.xml
auto.tcl: Setting watchdog for 200 seconds at Thu Feb 14 03:35:15 UTC 2019
2 ms. Memory: 1065472K Free: 1038504K (97%)
ptolemy.util.test.WatchDog.cancel(): canceling Thu Feb 14 03:35:15 UTC 2019
auto.tcl: Setting watchdog for 200 seconds at Thu Feb 14 03:35:15 UTC 2019
2 ms. Memory: 1065472K Free: 1038504K (97%)
ptolemy.util.test.WatchDog.cancel(): canceling Thu Feb 14 03:35:15 UTC 2019
------------------ testing $PTII/ptolemy/domains/de/test/auto/PortParameterUpdates.xml
auto.tcl: Setting watchdog for 200 seconds at Thu Feb 14 03:35:15 UTC 2019
4 ms. Memory: 1065472K Free: 1039777K (98%)
ptolemy.util.test.WatchDog.cancel(): canceling Thu Feb 14 03:35:15 UTC 2019
auto.tcl: Setting watchdog for 200 seconds at Thu Feb 14 03:35:15 UTC 2019
2 ms. Memory: 1065472K Free: 1039777K (98%)
ptolemy.util.test.WatchDog.cancel(): canceling Thu Feb 14 03:35:15 UTC 2019
------------------ testing $PTII/ptolemy/domains/de/test/auto/QueueAndServer.xml
auto.tcl: Setting watchdog for 200 seconds at Thu Feb 14 03:35:15 UTC 2019
9 ms. Memory: 1065472K Free: 1038601K (97%)
ptolemy.util.test.WatchDog.cancel(): canceling Thu Feb 14 03:35:15 UTC 2019
auto.tcl: Setting watchdog for 200 seconds at Thu Feb 14 03:35:15 UTC 2019
6 ms. Memory: 1065472K Free: 1038601K (97%)
ptolemy.util.test.WatchDog.cancel(): canceling Thu Feb 14 03:35:15 UTC 2019
------------------ testing $PTII/ptolemy/domains/de/test/auto/Records.xml
auto.tcl: Setting watchdog for 200 seconds at Thu Feb 14 03:35:15 UTC 2019
4 ms. Memory: 1065472K Free: 1038543K (97%)
ptolemy.util.test.WatchDog.cancel(): canceling Thu Feb 14 03:35:15 UTC 2019
auto.tcl: Setting watchdog for 200 seconds at Thu Feb 14 03:35:15 UTC 2019
1 ms. Memory: 1065472K Free: 1038543K (97%)
ptolemy.util.test.WatchDog.cancel(): canceling Thu Feb 14 03:35:15 UTC 2019
------------------ testing $PTII/ptolemy/domains/de/test/auto/ResetTransitionWithStartTime1.xml
auto.tcl: Setting watchdog for 200 seconds at Thu Feb 14 03:35:15 UTC 2019
14 ms. Memory: 1065472K Free: 1038568K (97%)
ptolemy.util.test.WatchDog.cancel(): canceling Thu Feb 14 03:35:15 UTC 2019
auto.tcl: Setting watchdog for 200 seconds at Thu Feb 14 03:35:15 UTC 2019
5 ms. Memory: 1065472K Free: 1038568K (97%)
ptolemy.util.test.WatchDog.cancel(): canceling Thu Feb 14 03:35:15 UTC 2019
------------------ testing $PTII/ptolemy/domains/de/test/auto/ResetTransitionWithStartTime2.xml
auto.tcl: Setting watchdog for 200 seconds at Thu Feb 14 03:35:15 UTC 2019
5 ms. Memory: 1064448K Free: 1038674K (98%)
ptolemy.util.test.WatchDog.cancel(): canceling Thu Feb 14 03:35:15 UTC 2019
auto.tcl: Setting watchdog for 200 seconds at Thu Feb 14 03:35:15 UTC 2019
7 ms. Memory: 1064448K Free: 1038674K (98%)
ptolemy.util.test.WatchDog.cancel(): canceling Thu Feb 14 03:35:15 UTC 2019
------------------ testing $PTII/ptolemy/domains/de/test/auto/ResetTransitionWithStartTime3.xml
auto.tcl: Setting watchdog for 200 seconds at Thu Feb 14 03:35:15 UTC 2019
5 ms. Memory: 1064960K Free: 1018267K (96%)
ptolemy.util.test.WatchDog.cancel(): canceling Thu Feb 14 03:35:15 UTC 2019
auto.tcl: Setting watchdog for 200 seconds at Thu Feb 14 03:35:15 UTC 2019
5 ms. Memory: 1064960K Free: 1018267K (96%)
ptolemy.util.test.WatchDog.cancel(): canceling Thu Feb 14 03:35:15 UTC 2019
------------------ testing $PTII/ptolemy/domains/de/test/auto/ResetTransitionWithStartTime4.xml
auto.tcl: Setting watchdog for 200 seconds at Thu Feb 14 03:35:15 UTC 2019
4 ms. Memory: 1064960K Free: 1037904K (97%)
ptolemy.util.test.WatchDog.cancel(): canceling Thu Feb 14 03:35:15 UTC 2019
auto.tcl: Setting watchdog for 200 seconds at Thu Feb 14 03:35:15 UTC 2019
3 ms. Memory: 1064960K Free: 1037904K (97%)
ptolemy.util.test.WatchDog.cancel(): canceling Thu Feb 14 03:35:15 UTC 2019
------------------ testing $PTII/ptolemy/domains/de/test/auto/ResettableTimer1.xml
auto.tcl: Setting watchdog for 200 seconds at Thu Feb 14 03:35:16 UTC 2019
3 ms. Memory: 1064960K Free: 1039039K (98%)
ptolemy.util.test.WatchDog.cancel(): canceling Thu Feb 14 03:35:16 UTC 2019
auto.tcl: Setting watchdog for 200 seconds at Thu Feb 14 03:35:16 UTC 2019
2 ms. Memory: 1064960K Free: 1039039K (98%)
ptolemy.util.test.WatchDog.cancel(): canceling Thu Feb 14 03:35:16 UTC 2019
------------------ testing $PTII/ptolemy/domains/de/test/auto/ResettableTimer2.xml
auto.tcl: Setting watchdog for 200 seconds at Thu Feb 14 03:35:16 UTC 2019
3 ms. Memory: 1064960K Free: 1039097K (98%)
ptolemy.util.test.WatchDog.cancel(): canceling Thu Feb 14 03:35:16 UTC 2019
auto.tcl: Setting watchdog for 200 seconds at Thu Feb 14 03:35:16 UTC 2019
2 ms. Memory: 1064960K Free: 1039097K (98%)
ptolemy.util.test.WatchDog.cancel(): canceling Thu Feb 14 03:35:16 UTC 2019
------------------ testing $PTII/ptolemy/domains/de/test/auto/ResettableTimer3.xml
auto.tcl: Setting watchdog for 200 seconds at Thu Feb 14 03:35:16 UTC 2019
2 ms. Memory: 1064960K Free: 1028137K (97%)
ptolemy.util.test.WatchDog.cancel(): canceling Thu Feb 14 03:35:16 UTC 2019
auto.tcl: Setting watchdog for 200 seconds at Thu Feb 14 03:35:16 UTC 2019
1 ms. Memory: 1064960K Free: 1028137K (97%)
ptolemy.util.test.WatchDog.cancel(): canceling Thu Feb 14 03:35:16 UTC 2019
------------------ testing $PTII/ptolemy/domains/de/test/auto/ResettableTimer4.xml
auto.tcl: Setting watchdog for 200 seconds at Thu Feb 14 03:35:16 UTC 2019
1 ms. Memory: 1063936K Free: 1038086K (98%)
ptolemy.util.test.WatchDog.cancel(): canceling Thu Feb 14 03:35:16 UTC 2019
auto.tcl: Setting watchdog for 200 seconds at Thu Feb 14 03:35:16 UTC 2019
1 ms. Memory: 1063936K Free: 1038086K (98%)
ptolemy.util.test.WatchDog.cancel(): canceling Thu Feb 14 03:35:16 UTC 2019
------------------ testing $PTII/ptolemy/domains/de/test/auto/ResettableTimer5.xml
auto.tcl: Setting watchdog for 200 seconds at Thu Feb 14 03:35:16 UTC 2019
1 ms. Memory: 1064448K Free: 1028776K (97%)
ptolemy.util.test.WatchDog.cancel(): canceling Thu Feb 14 03:35:16 UTC 2019
auto.tcl: Setting watchdog for 200 seconds at Thu Feb 14 03:35:16 UTC 2019
2 ms. Memory: 1064448K Free: 1028776K (97%)
ptolemy.util.test.WatchDog.cancel(): canceling Thu Feb 14 03:35:16 UTC 2019
------------------ testing $PTII/ptolemy/domains/de/test/auto/ResettableTimer6.xml
auto.tcl: Setting watchdog for 200 seconds at Thu Feb 14 03:35:16 UTC 2019
1 ms. Memory: 1064448K Free: 1027585K (97%)
ptolemy.util.test.WatchDog.cancel(): canceling Thu Feb 14 03:35:16 UTC 2019
auto.tcl: Setting watchdog for 200 seconds at Thu Feb 14 03:35:16 UTC 2019
1 ms. Memory: 1064448K Free: 1027585K (97%)
ptolemy.util.test.WatchDog.cancel(): canceling Thu Feb 14 03:35:16 UTC 2019
------------------ testing $PTII/ptolemy/domains/de/test/auto/ServerZeroDelay.xml
auto.tcl: Setting watchdog for 200 seconds at Thu Feb 14 03:35:16 UTC 2019
2 ms. Memory: 1064448K Free: 1038535K (98%)
ptolemy.util.test.WatchDog.cancel(): canceling Thu Feb 14 03:35:16 UTC 2019
auto.tcl: Setting watchdog for 200 seconds at Thu Feb 14 03:35:16 UTC 2019
2 ms. Memory: 1064448K Free: 1038535K (98%)
ptolemy.util.test.WatchDog.cancel(): canceling Thu Feb 14 03:35:16 UTC 2019
------------------ testing $PTII/ptolemy/domains/de/test/auto/SmartSender.xml
auto.tcl: Setting watchdog for 200 seconds at Thu Feb 14 03:35:16 UTC 2019
3001 ms. Memory: 1064448K Free: 1028710K (97%)
ptolemy.util.test.WatchDog.cancel(): canceling Thu Feb 14 03:35:19 UTC 2019
auto.tcl: Setting watchdog for 200 seconds at Thu Feb 14 03:35:19 UTC 2019
3002 ms. Memory: 1064448K Free: 1028710K (97%)
ptolemy.util.test.WatchDog.cancel(): canceling Thu Feb 14 03:35:22 UTC 2019
------------------ testing $PTII/ptolemy/domains/de/test/auto/ThreadedComposite.xml
auto.tcl: Setting watchdog for 200 seconds at Thu Feb 14 03:35:22 UTC 2019
631 ms. Memory: 1064448K Free: 977368K (92%)
ptolemy.util.test.WatchDog.cancel(): canceling Thu Feb 14 03:35:23 UTC 2019
auto.tcl: Setting watchdog for 200 seconds at Thu Feb 14 03:35:23 UTC 2019
221 ms. Memory: 1064448K Free: 957727K (90%)
ptolemy.util.test.WatchDog.cancel(): canceling Thu Feb 14 03:35:23 UTC 2019
------------------ testing $PTII/ptolemy/domains/de/test/auto/Time.xml
auto.tcl: Setting watchdog for 200 seconds at Thu Feb 14 03:35:23 UTC 2019
481 ms. Memory: 1064448K Free: 988012K (93%)
ptolemy.util.test.WatchDog.cancel(): canceling Thu Feb 14 03:35:23 UTC 2019
auto.tcl: Setting watchdog for 200 seconds at Thu Feb 14 03:35:23 UTC 2019
424 ms. Memory: 1064448K Free: 933417K (88%)
ptolemy.util.test.WatchDog.cancel(): canceling Thu Feb 14 03:35:24 UTC 2019
------------------ testing $PTII/ptolemy/domains/de/test/auto/TimeDelayZeroDelay.xml
auto.tcl: Setting watchdog for 200 seconds at Thu Feb 14 03:35:24 UTC 2019
2 ms. Memory: 1064448K Free: 1037311K (97%)
ptolemy.util.test.WatchDog.cancel(): canceling Thu Feb 14 03:35:24 UTC 2019
auto.tcl: Setting watchdog for 200 seconds at Thu Feb 14 03:35:24 UTC 2019
2 ms. Memory: 1064448K Free: 1037311K (97%)
ptolemy.util.test.WatchDog.cancel(): canceling Thu Feb 14 03:35:24 UTC 2019
------------------ testing $PTII/ptolemy/domains/de/test/auto/TimerZeroDelay.xml
auto.tcl: Setting watchdog for 200 seconds at Thu Feb 14 03:35:24 UTC 2019
2 ms. Memory: 1063424K Free: 1037470K (98%)
ptolemy.util.test.WatchDog.cancel(): canceling Thu Feb 14 03:35:24 UTC 2019
auto.tcl: Setting watchdog for 200 seconds at Thu Feb 14 03:35:24 UTC 2019
2 ms. Memory: 1063424K Free: 1037470K (98%)
ptolemy.util.test.WatchDog.cancel(): canceling Thu Feb 14 03:35:24 UTC 2019
------------------ testing $PTII/ptolemy/domains/de/test/auto/TimingParadox.xml
auto.tcl: Setting watchdog for 200 seconds at Thu Feb 14 03:35:24 UTC 2019
314 ms. Memory: 1063936K Free: 974608K (92%)
ptolemy.util.test.WatchDog.cancel(): canceling Thu Feb 14 03:35:24 UTC 2019
auto.tcl: Setting watchdog for 200 seconds at Thu Feb 14 03:35:24 UTC 2019
314 ms. Memory: 1063936K Free: 941850K (89%)
ptolemy.util.test.WatchDog.cancel(): canceling Thu Feb 14 03:35:25 UTC 2019
------------------ testing $PTII/ptolemy/domains/de/test/auto/TransferInputs.xml
auto.tcl: Setting watchdog for 200 seconds at Thu Feb 14 03:35:25 UTC 2019
1 ms. Memory: 1063424K Free: 1036442K (97%)
ptolemy.util.test.WatchDog.cancel(): canceling Thu Feb 14 03:35:25 UTC 2019
auto.tcl: Setting watchdog for 200 seconds at Thu Feb 14 03:35:25 UTC 2019
1 ms. Memory: 1063424K Free: 1036442K (97%)
ptolemy.util.test.WatchDog.cancel(): canceling Thu Feb 14 03:35:25 UTC 2019
------------------ testing $PTII/ptolemy/domains/de/test/auto/TransferOutputs2.xml
auto.tcl: Setting watchdog for 200 seconds at Thu Feb 14 03:35:25 UTC 2019
2 ms. Memory: 1063936K Free: 1028240K (97%)
ptolemy.util.test.WatchDog.cancel(): canceling Thu Feb 14 03:35:25 UTC 2019
auto.tcl: Setting watchdog for 200 seconds at Thu Feb 14 03:35:25 UTC 2019
3 ms. Memory: 1063936K Free: 1028240K (97%)
ptolemy.util.test.WatchDog.cancel(): canceling Thu Feb 14 03:35:25 UTC 2019
------------------ testing $PTII/ptolemy/domains/de/test/auto/Trilateration.xml
auto.tcl: Setting watchdog for 200 seconds at Thu Feb 14 03:35:25 UTC 2019
12786 ms. Memory: 1016320K Free: 79853K (8%)
ptolemy.util.test.WatchDog.cancel(): canceling Thu Feb 14 03:35:39 UTC 2019
auto.tcl: Setting watchdog for 200 seconds at Thu Feb 14 03:35:39 UTC 2019
10150 ms. Memory: 849408K Free: 819034K (96%)
ptolemy.util.test.WatchDog.cancel(): canceling Thu Feb 14 03:35:49 UTC 2019
------------------ testing $PTII/ptolemy/domains/de/test/auto/TwoSigmaDelta.xml
auto.tcl: Setting watchdog for 200 seconds at Thu Feb 14 03:35:49 UTC 2019
2585 ms. Memory: 853504K Free: 549881K (64%)
ptolemy.util.test.WatchDog.cancel(): canceling Thu Feb 14 03:35:52 UTC 2019
auto.tcl: Setting watchdog for 200 seconds at Thu Feb 14 03:35:52 UTC 2019
2030 ms. Memory: 853504K Free: 312030K (37%)
ptolemy.util.test.WatchDog.cancel(): canceling Thu Feb 14 03:35:54 UTC 2019
------------------ testing $PTII/ptolemy/domains/de/test/auto/VariableDelay.xml
auto.tcl: Setting watchdog for 200 seconds at Thu Feb 14 03:35:54 UTC 2019
6 ms. Memory: 849920K Free: 825678K (97%)
ptolemy.util.test.WatchDog.cancel(): canceling Thu Feb 14 03:35:54 UTC 2019
auto.tcl: Setting watchdog for 200 seconds at Thu Feb 14 03:35:54 UTC 2019
3 ms. Memory: 849920K Free: 825678K (97%)
ptolemy.util.test.WatchDog.cancel(): canceling Thu Feb 14 03:35:54 UTC 2019
------------------ testing $PTII/ptolemy/domains/de/test/auto/VariableDelay2.xml
auto.tcl: Setting watchdog for 200 seconds at Thu Feb 14 03:35:54 UTC 2019
2 ms. Memory: 849408K Free: 825738K (97%)
ptolemy.util.test.WatchDog.cancel(): canceling Thu Feb 14 03:35:54 UTC 2019
auto.tcl: Setting watchdog for 200 seconds at Thu Feb 14 03:35:54 UTC 2019
2 ms. Memory: 849408K Free: 825738K (97%)
ptolemy.util.test.WatchDog.cancel(): canceling Thu Feb 14 03:35:54 UTC 2019
------------------ testing $PTII/ptolemy/domains/de/test/auto/VariableDelayZeroDelay.xml
auto.tcl: Setting watchdog for 200 seconds at Thu Feb 14 03:35:54 UTC 2019
2 ms. Memory: 849408K Free: 825736K (97%)
ptolemy.util.test.WatchDog.cancel(): canceling Thu Feb 14 03:35:54 UTC 2019
auto.tcl: Setting watchdog for 200 seconds at Thu Feb 14 03:35:54 UTC 2019
1 ms. Memory: 849408K Free: 825736K (97%)
ptolemy.util.test.WatchDog.cancel(): canceling Thu Feb 14 03:35:54 UTC 2019
------------------ testing $PTII/ptolemy/domains/de/test/auto/VariableDelayZeroDelay2.xml
auto.tcl: Setting watchdog for 200 seconds at Thu Feb 14 03:35:54 UTC 2019
3 ms. Memory: 852992K Free: 821639K (96%)
ptolemy.util.test.WatchDog.cancel(): canceling Thu Feb 14 03:35:54 UTC 2019
auto.tcl: Setting watchdog for 200 seconds at Thu Feb 14 03:35:54 UTC 2019
2 ms. Memory: 852992K Free: 821639K (96%)
ptolemy.util.test.WatchDog.cancel(): canceling Thu Feb 14 03:35:54 UTC 2019
------------------ testing $PTII/ptolemy/domains/de/test/auto/deInCt.xml
auto.tcl: Setting watchdog for 200 seconds at Thu Feb 14 03:35:54 UTC 2019
0
1
1
1
1
0
0
0
0
1
1
0
0
0
1
1
1
0
0
0
0
1
1
1
1
0
0
0
1
1
1
1
1
1
1
22 ms. Memory: 849408K Free: 818052K (96%)
ptolemy.util.test.WatchDog.cancel(): canceling Thu Feb 14 03:35:54 UTC 2019
auto.tcl: Setting watchdog for 200 seconds at Thu Feb 14 03:35:54 UTC 2019
0
1
1
1
0
0
0
1
1
1
0
0
0
1
1
0
0
0
1
1
1
1
0
0
0
1
1
0
0
0
1
1
1
0
0
0
0
1
1
1
0
0
0
1
1
1
0
0
0
1
1
1
1
8 ms. Memory: 849408K Free: 818052K (96%)
ptolemy.util.test.WatchDog.cancel(): canceling Thu Feb 14 03:35:54 UTC 2019
------------------ testing $PTII/ptolemy/domains/de/test/auto/deInCt2.xml
auto.tcl: Setting watchdog for 200 seconds at Thu Feb 14 03:35:54 UTC 2019
0
1
1
1
0
0
1
1
1
0
0
1
1
1
0
0
1
1
1
0
0
1
1
1
0
0
1
1
1
0
0
1
1
1
0
0
1
1
1
0
0
0
10 ms. Memory: 852480K Free: 821123K (96%)
ptolemy.util.test.WatchDog.cancel(): canceling Thu Feb 14 03:35:54 UTC 2019
auto.tcl: Setting watchdog for 200 seconds at Thu Feb 14 03:35:54 UTC 2019
0
1
1
1
0
0
1
1
1
0
0
1
1
1
0
0
1
1
1
0
0
1
1
1
0
0
1
1
1
0
0
1
1
1
0
0
1
1
1
0
0
0
6 ms. Memory: 852480K Free: 821123K (96%)
ptolemy.util.test.WatchDog.cancel(): canceling Thu Feb 14 03:35:54 UTC 2019
------------------ testing $PTII/ptolemy/domains/de/test/auto/dynamicCausalityInterface1.xml
auto.tcl: Setting watchdog for 200 seconds at Thu Feb 14 03:35:54 UTC 2019
2 ms. Memory: 849408K Free: 818047K (96%)
ptolemy.util.test.WatchDog.cancel(): canceling Thu Feb 14 03:35:54 UTC 2019
auto.tcl: Setting watchdog for 200 seconds at Thu Feb 14 03:35:54 UTC 2019
1 ms. Memory: 849408K Free: 818047K (96%)
ptolemy.util.test.WatchDog.cancel(): canceling Thu Feb 14 03:35:54 UTC 2019
------------------ testing $PTII/ptolemy/domains/de/test/auto/fsm_de_test.xml
auto.tcl: Setting watchdog for 200 seconds at Thu Feb 14 03:35:54 UTC 2019
8 ms. Memory: 851968K Free: 820501K (96%)
ptolemy.util.test.WatchDog.cancel(): canceling Thu Feb 14 03:35:54 UTC 2019
auto.tcl: Setting watchdog for 200 seconds at Thu Feb 14 03:35:54 UTC 2019
8 ms. Memory: 851968K Free: 820501K (96%)
ptolemy.util.test.WatchDog.cancel(): canceling Thu Feb 14 03:35:54 UTC 2019
------------------ testing $PTII/ptolemy/domains/de/test/auto/functionDependencyReconstruction.xml
auto.tcl: Setting watchdog for 200 seconds at Thu Feb 14 03:35:54 UTC 2019
2 ms. Memory: 849408K Free: 807212K (95%)
ptolemy.util.test.WatchDog.cancel(): canceling Thu Feb 14 03:35:54 UTC 2019
auto.tcl: Setting watchdog for 200 seconds at Thu Feb 14 03:35:54 UTC 2019
2 ms. Memory: 849408K Free: 807212K (95%)
ptolemy.util.test.WatchDog.cancel(): canceling Thu Feb 14 03:35:54 UTC 2019
------------------ testing $PTII/ptolemy/domains/de/test/auto/multirate.xml
auto.tcl: Setting watchdog for 200 seconds at Thu Feb 14 03:35:54 UTC 2019
3 ms. Memory: 851456K Free: 819856K (96%)
ptolemy.util.test.WatchDog.cancel(): canceling Thu Feb 14 03:35:54 UTC 2019
auto.tcl: Setting watchdog for 200 seconds at Thu Feb 14 03:35:54 UTC 2019
3 ms. Memory: 851456K Free: 819697K (96%)
ptolemy.util.test.WatchDog.cancel(): canceling Thu Feb 14 03:35:54 UTC 2019
------------------ testing $PTII/ptolemy/domains/de/test/auto/multirate2.xml
auto.tcl: Setting watchdog for 200 seconds at Thu Feb 14 03:35:54 UTC 2019
3 ms. Memory: 849408K Free: 817996K (96%)
ptolemy.util.test.WatchDog.cancel(): canceling Thu Feb 14 03:35:54 UTC 2019
auto.tcl: Setting watchdog for 200 seconds at Thu Feb 14 03:35:54 UTC 2019
3 ms. Memory: 849408K Free: 817996K (96%)
ptolemy.util.test.WatchDog.cancel(): canceling Thu Feb 14 03:35:54 UTC 2019
------------------ testing $PTII/ptolemy/domains/de/test/auto/realtime.xml
auto.tcl: Setting watchdog for 200 seconds at Thu Feb 14 03:35:54 UTC 2019
10002 ms. Memory: 851456K Free: 819884K (96%)
ptolemy.util.test.WatchDog.cancel(): canceling Thu Feb 14 03:36:04 UTC 2019
auto.tcl: Setting watchdog for 200 seconds at Thu Feb 14 03:36:04 UTC 2019
10001 ms. Memory: 851456K Free: 819884K (96%)
ptolemy.util.test.WatchDog.cancel(): canceling Thu Feb 14 03:36:14 UTC 2019
------------------ testing $PTII/ptolemy/domains/de/test/auto/relationGroup.xml
auto.tcl: Setting watchdog for 200 seconds at Thu Feb 14 03:36:14 UTC 2019
1 ms. Memory: 849408K Free: 825700K (97%)
ptolemy.util.test.WatchDog.cancel(): canceling Thu Feb 14 03:36:14 UTC 2019
auto.tcl: Setting watchdog for 200 seconds at Thu Feb 14 03:36:14 UTC 2019
1 ms. Memory: 849408K Free: 825700K (97%)
ptolemy.util.test.WatchDog.cancel(): canceling Thu Feb 14 03:36:14 UTC 2019
------------------ testing $PTII/ptolemy/domains/de/test/auto/relationGroup2.xml
auto.tcl: Setting watchdog for 200 seconds at Thu Feb 14 03:36:14 UTC 2019
1 ms. Memory: 850944K Free: 819583K (96%)
ptolemy.util.test.WatchDog.cancel(): canceling Thu Feb 14 03:36:14 UTC 2019
auto.tcl: Setting watchdog for 200 seconds at Thu Feb 14 03:36:14 UTC 2019
1 ms. Memory: 850944K Free: 819583K (96%)
ptolemy.util.test.WatchDog.cancel(): canceling Thu Feb 14 03:36:14 UTC 2019
------------------ testing $PTII/ptolemy/domains/de/test/auto/sortWithOpaquePorts.xml
auto.tcl: Setting watchdog for 200 seconds at Thu Feb 14 03:36:15 UTC 2019
1 ms. Memory: 849408K Free: 818048K (96%)
ptolemy.util.test.WatchDog.cancel(): canceling Thu Feb 14 03:36:15 UTC 2019
auto.tcl: Setting watchdog for 200 seconds at Thu Feb 14 03:36:15 UTC 2019
2 ms. Memory: 849408K Free: 817889K (96%)
ptolemy.util.test.WatchDog.cancel(): canceling Thu Feb 14 03:36:15 UTC 2019
------------------ testing $PTII/ptolemy/domains/de/test/auto/transferInputsandOutputs.xml
auto.tcl: Setting watchdog for 200 seconds at Thu Feb 14 03:36:15 UTC 2019
2 ms. Memory: 850944K Free: 819569K (96%)
ptolemy.util.test.WatchDog.cancel(): canceling Thu Feb 14 03:36:15 UTC 2019
auto.tcl: Setting watchdog for 200 seconds at Thu Feb 14 03:36:15 UTC 2019
3 ms. Memory: 850944K Free: 819569K (96%)
ptolemy.util.test.WatchDog.cancel(): canceling Thu Feb 14 03:36:15 UTC 2019
------------------ testing $PTII/ptolemy/domains/de/test/auto/triggerType.xml
auto.tcl: Setting watchdog for 200 seconds at Thu Feb 14 03:36:15 UTC 2019
1 ms. Memory: 849408K Free: 817984K (96%)
ptolemy.util.test.WatchDog.cancel(): canceling Thu Feb 14 03:36:15 UTC 2019
auto.tcl: Setting watchdog for 200 seconds at Thu Feb 14 03:36:15 UTC 2019
2 ms. Memory: 849408K Free: 817984K (96%)
ptolemy.util.test.WatchDog.cancel(): canceling Thu Feb 14 03:36:15 UTC 2019
02/14/19 03:36:15
Failed: 0  Total Tests: 192  ((Passed: 187, Newly Passed: 1)  Known Failed: 5) /home/travis/build/icyphy/ptII/ptolemy/domains/de/test
02/14/19 03:36:15
Failed: 0  Total Tests: 192  ((Passed: 187, Newly Passed: 1)  Known Failed: 5) /home/travis/build/icyphy/ptII/ptolemy/domains/de/test
----------------- testing (KnownFailure) /home/travis/build/icyphy/ptII/ptolemy/domains/de/test/auto/knownFailedTests/DESDFClockTest.xml
2018 ms. Memory: 850432K Free: 803542K (94%)
Known Failure: java.lang.reflect.InvocationTargetException
----------------- testing (KnownFailure) /home/travis/build/icyphy/ptII/ptolemy/domains/de/test/auto/knownFailedTests/DirectFeedback.xml
1 ms. Memory: 850432K Free: 742102K (87%)
Known Failure: java.lang.reflect.InvocationTargetException
----------------- testing (KnownFailure) /home/travis/build/icyphy/ptII/ptolemy/domains/de/test/auto/knownFailedTests/FSMSource.xml
5 ms. Memory: 850432K Free: 680661K (80%)
----------------- testing (KnownFailure) /home/travis/build/icyphy/ptII/ptolemy/domains/de/test/auto/knownFailedTests/HierarchicalModel.xml
2 ms. Memory: 850432K Free: 634565K (75%)
Known Failure: java.lang.reflect.InvocationTargetException
----------------- testing (KnownFailure) /home/travis/build/icyphy/ptII/ptolemy/domains/de/test/auto/knownFailedTests/dependencyLoop.xml
2 ms. Memory: 850432K Free: 573125K (67%)
Known Failure: java.lang.reflect.InvocationTargetException
----------------- testing (KnownFailure) /home/travis/build/icyphy/ptII/ptolemy/domains/de/test/auto/knownFailedTests/dependencyLoop2.xml
2 ms. Memory: 850432K Free: 511685K (60%)
Known Failure: java.lang.reflect.InvocationTargetException
No auto/linux-amd64/*.xml tests in /home/travis/build/icyphy/ptII/ptolemy/domains/de/test
AutoTests.java: About to close Vertx.
AutoTests.java: Vertx closed.

===========================================================================================
----------------- testing Thu Feb 14 03:36:17 UTC 2019 /home/travis/build/icyphy/ptII/ptolemy/domains/de/test/auto/ActorDepthCalculation_actorWithoutPorts.xml
----------------- Instantiating /home/travis/build/icyphy/ptII/ptolemy/domains/de/test/auto/ActorDepthCalculation_actorWithoutPorts.xml
1 ms. Memory: 850432K Free: 434884K (51%)
----------------- Invoking toplevel() on ptolemy.moml.MoMLSimpleApplication@42b81952
----------------- Done invoking toplevel() on ptolemy.moml.MoMLSimpleApplication@42b81952
reloadAllAccessors: .ActorDepthCalculation_actorWithoutPorts

===========================================================================================
----------------- testing Thu Feb 14 03:36:17 UTC 2019 /home/travis/build/icyphy/ptII/ptolemy/domains/de/test/auto/AssemblyLine.xml
----------------- Instantiating /home/travis/build/icyphy/ptII/ptolemy/domains/de/test/auto/AssemblyLine.xml
3 ms. Memory: 850432K Free: 404164K (48%)
----------------- Invoking toplevel() on ptolemy.moml.MoMLSimpleApplication@601840d8
----------------- Done invoking toplevel() on ptolemy.moml.MoMLSimpleApplication@601840d8
reloadAllAccessors: .AssemblyLine

===========================================================================================
----------------- testing Thu Feb 14 03:36:17 UTC 2019 /home/travis/build/icyphy/ptII/ptolemy/domains/de/test/auto/CQBug1.xml
----------------- Instantiating /home/travis/build/icyphy/ptII/ptolemy/domains/de/test/auto/CQBug1.xml
1 ms. Memory: 850432K Free: 373444K (44%)
----------------- Invoking toplevel() on ptolemy.moml.MoMLSimpleApplication@1dfbf779
----------------- Done invoking toplevel() on ptolemy.moml.MoMLSimpleApplication@1dfbf779
reloadAllAccessors: .CQBug1

===========================================================================================
----------------- testing Thu Feb 14 03:36:17 UTC 2019 /home/travis/build/icyphy/ptII/ptolemy/domains/de/test/auto/CancelFireAt.xml
----------------- Instantiating /home/travis/build/icyphy/ptII/ptolemy/domains/de/test/auto/CancelFireAt.xml
1 ms. Memory: 850432K Free: 342724K (40%)
----------------- Invoking toplevel() on ptolemy.moml.MoMLSimpleApplication@52a8969
----------------- Done invoking toplevel() on ptolemy.moml.MoMLSimpleApplication@52a8969
reloadAllAccessors: .CancelFireAt

===========================================================================================
----------------- testing Thu Feb 14 03:36:17 UTC 2019 /home/travis/build/icyphy/ptII/ptolemy/domains/de/test/auto/CausalityAndComposabilityAnalysis.xml
----------------- Instantiating /home/travis/build/icyphy/ptII/ptolemy/domains/de/test/auto/CausalityAndComposabilityAnalysis.xml
3 ms. Memory: 850432K Free: 312004K (37%)
----------------- Invoking toplevel() on ptolemy.moml.MoMLSimpleApplication@5c3c83d4
----------------- Done invoking toplevel() on ptolemy.moml.MoMLSimpleApplication@5c3c83d4
reloadAllAccessors: .CausalityAndComposabilityAnalysis

===========================================================================================
----------------- testing Thu Feb 14 03:36:17 UTC 2019 /home/travis/build/icyphy/ptII/ptolemy/domains/de/test/auto/CausalityInterface1.xml
----------------- Instantiating /home/travis/build/icyphy/ptII/ptolemy/domains/de/test/auto/CausalityInterface1.xml
3 ms. Memory: 850432K Free: 281284K (33%)
----------------- Invoking toplevel() on ptolemy.moml.MoMLSimpleApplication@2bd22ab
----------------- Done invoking toplevel() on ptolemy.moml.MoMLSimpleApplication@2bd22ab
reloadAllAccessors: .CausalityInterface1

===========================================================================================
----------------- testing Thu Feb 14 03:36:17 UTC 2019 /home/travis/build/icyphy/ptII/ptolemy/domains/de/test/auto/CausalityInterface15.xml
----------------- Instantiating /home/travis/build/icyphy/ptII/ptolemy/domains/de/test/auto/CausalityInterface15.xml
2 ms. Memory: 850432K Free: 250564K (29%)
----------------- Invoking toplevel() on ptolemy.moml.MoMLSimpleApplication@4f911c65
----------------- Done invoking toplevel() on ptolemy.moml.MoMLSimpleApplication@4f911c65
reloadAllAccessors: .CausalityInterface15

===========================================================================================
----------------- testing Thu Feb 14 03:36:17 UTC 2019 /home/travis/build/icyphy/ptII/ptolemy/domains/de/test/auto/CausalityInterface2.xml
----------------- Instantiating /home/travis/build/icyphy/ptII/ptolemy/domains/de/test/auto/CausalityInterface2.xml
1 ms. Memory: 850432K Free: 219844K (26%)
----------------- Invoking toplevel() on ptolemy.moml.MoMLSimpleApplication@3e8ea840
----------------- Done invoking toplevel() on ptolemy.moml.MoMLSimpleApplication@3e8ea840
reloadAllAccessors: .CausalityInterface2

===========================================================================================
----------------- testing Thu Feb 14 03:36:17 UTC 2019 /home/travis/build/icyphy/ptII/ptolemy/domains/de/test/auto/CausalityInterface3.xml
----------------- Instantiating /home/travis/build/icyphy/ptII/ptolemy/domains/de/test/auto/CausalityInterface3.xml
1 ms. Memory: 850432K Free: 189124K (22%)
----------------- Invoking toplevel() on ptolemy.moml.MoMLSimpleApplication@4e2c868d
----------------- Done invoking toplevel() on ptolemy.moml.MoMLSimpleApplication@4e2c868d
reloadAllAccessors: .CausalityInterface3

===========================================================================================
----------------- testing Thu Feb 14 03:36:17 UTC 2019 /home/travis/build/icyphy/ptII/ptolemy/domains/de/test/auto/ClockDrift.xml
----------------- Instantiating /home/travis/build/icyphy/ptII/ptolemy/domains/de/test/auto/ClockDrift.xml
8 ms. Memory: 850432K Free: 158404K (19%)
----------------- Invoking toplevel() on ptolemy.moml.MoMLSimpleApplication@62b18172
----------------- Done invoking toplevel() on ptolemy.moml.MoMLSimpleApplication@62b18172
reloadAllAccessors: .ClockDrift

===========================================================================================
----------------- testing Thu Feb 14 03:36:17 UTC 2019 /home/travis/build/icyphy/ptII/ptolemy/domains/de/test/auto/ClockDriftAndValueChange.xml
----------------- Instantiating /home/travis/build/icyphy/ptII/ptolemy/domains/de/test/auto/ClockDriftAndValueChange.xml
8 ms. Memory: 850432K Free: 127684K (15%)
----------------- Invoking toplevel() on ptolemy.moml.MoMLSimpleApplication@19fcdb15
----------------- Done invoking toplevel() on ptolemy.moml.MoMLSimpleApplication@19fcdb15
reloadAllAccessors: .ClockDriftAndValueChange

===========================================================================================
----------------- testing Thu Feb 14 03:36:17 UTC 2019 /home/travis/build/icyphy/ptII/ptolemy/domains/de/test/auto/ClockDriftChange.xml
----------------- Instantiating /home/travis/build/icyphy/ptII/ptolemy/domains/de/test/auto/ClockDriftChange.xml
7 ms. Memory: 850432K Free: 96964K (11%)
----------------- Invoking toplevel() on ptolemy.moml.MoMLSimpleApplication@60ca923d
----------------- Done invoking toplevel() on ptolemy.moml.MoMLSimpleApplication@60ca923d
reloadAllAccessors: .ClockDriftChange

===========================================================================================
----------------- testing Thu Feb 14 03:36:17 UTC 2019 /home/travis/build/icyphy/ptII/ptolemy/domains/de/test/auto/ComposableCausalityAnalysis.xml
----------------- Instantiating /home/travis/build/icyphy/ptII/ptolemy/domains/de/test/auto/ComposableCausalityAnalysis.xml
1 ms. Memory: 850432K Free: 77125K (9%)
----------------- Invoking toplevel() on ptolemy.moml.MoMLSimpleApplication@6aa4eb62
----------------- Done invoking toplevel() on ptolemy.moml.MoMLSimpleApplication@6aa4eb62
reloadAllAccessors: .ComposableCausalityAnalysis

===========================================================================================
----------------- testing Thu Feb 14 03:36:17 UTC 2019 /home/travis/build/icyphy/ptII/ptolemy/domains/de/test/auto/DEFixedPointLimitation.xml
----------------- Instantiating /home/travis/build/icyphy/ptII/ptolemy/domains/de/test/auto/DEFixedPointLimitation.xml
1 ms. Memory: 812544K Free: 777735K (96%)
----------------- Invoking toplevel() on ptolemy.moml.MoMLSimpleApplication@747c67a5
----------------- Done invoking toplevel() on ptolemy.moml.MoMLSimpleApplication@747c67a5
reloadAllAccessors: .DEFixedPointLimitation

===========================================================================================
----------------- testing Thu Feb 14 03:36:17 UTC 2019 /home/travis/build/icyphy/ptII/ptolemy/domains/de/test/auto/DEScheduleTest.xml
----------------- Instantiating /home/travis/build/icyphy/ptII/ptolemy/domains/de/test/auto/DEScheduleTest.xml
1 ms. Memory: 812544K Free: 741866K (91%)
----------------- Invoking toplevel() on ptolemy.moml.MoMLSimpleApplication@1436f4d7
----------------- Done invoking toplevel() on ptolemy.moml.MoMLSimpleApplication@1436f4d7
reloadAllAccessors: .DEScheduleTest

===========================================================================================
----------------- testing Thu Feb 14 03:36:17 UTC 2019 /home/travis/build/icyphy/ptII/ptolemy/domains/de/test/auto/DEinDEwithStartTimes.xml
----------------- Instantiating /home/travis/build/icyphy/ptII/ptolemy/domains/de/test/auto/DEinDEwithStartTimes.xml
1 ms. Memory: 812544K Free: 712620K (88%)
----------------- Invoking toplevel() on ptolemy.moml.MoMLSimpleApplication@3ed1a2c0
----------------- Done invoking toplevel() on ptolemy.moml.MoMLSimpleApplication@3ed1a2c0
reloadAllAccessors: .DEinDEwithStartTimes

===========================================================================================
----------------- testing Thu Feb 14 03:36:17 UTC 2019 /home/travis/build/icyphy/ptII/ptolemy/domains/de/test/auto/DEinDEwithStartTimes2.xml
----------------- Instantiating /home/travis/build/icyphy/ptII/ptolemy/domains/de/test/auto/DEinDEwithStartTimes2.xml
2 ms. Memory: 812544K Free: 683374K (84%)
----------------- Invoking toplevel() on ptolemy.moml.MoMLSimpleApplication@52f11087
----------------- Done invoking toplevel() on ptolemy.moml.MoMLSimpleApplication@52f11087
reloadAllAccessors: .DEinDEwithStartTimes2

===========================================================================================
----------------- testing Thu Feb 14 03:36:17 UTC 2019 /home/travis/build/icyphy/ptII/ptolemy/domains/de/test/auto/DateDemo.xml
----------------- Instantiating /home/travis/build/icyphy/ptII/ptolemy/domains/de/test/auto/DateDemo.xml
3 ms. Memory: 812544K Free: 654030K (80%)
----------------- Invoking toplevel() on ptolemy.moml.MoMLSimpleApplication@6d20482c
----------------- Done invoking toplevel() on ptolemy.moml.MoMLSimpleApplication@6d20482c
reloadAllAccessors: .DateDemo

===========================================================================================
----------------- testing Thu Feb 14 03:36:17 UTC 2019 /home/travis/build/icyphy/ptII/ptolemy/domains/de/test/auto/DateToEvent.xml
----------------- Instantiating /home/travis/build/icyphy/ptII/ptolemy/domains/de/test/auto/DateToEvent.xml
2003 ms. Memory: 812544K Free: 610146K (75%)
----------------- Invoking toplevel() on ptolemy.moml.MoMLSimpleApplication@1fc15c25
----------------- Done invoking toplevel() on ptolemy.moml.MoMLSimpleApplication@1fc15c25
reloadAllAccessors: .DateToEvent

===========================================================================================
----------------- testing Thu Feb 14 03:36:19 UTC 2019 /home/travis/build/icyphy/ptII/ptolemy/domains/de/test/auto/DepthTest1.xml
----------------- Instantiating /home/travis/build/icyphy/ptII/ptolemy/domains/de/test/auto/DepthTest1.xml
1 ms. Memory: 812544K Free: 580901K (71%)
----------------- Invoking toplevel() on ptolemy.moml.MoMLSimpleApplication@eb9561c
----------------- Done invoking toplevel() on ptolemy.moml.MoMLSimpleApplication@eb9561c
reloadAllAccessors: .DepthTest1

===========================================================================================
----------------- testing Thu Feb 14 03:36:19 UTC 2019 /home/travis/build/icyphy/ptII/ptolemy/domains/de/test/auto/DepthTest2.xml
----------------- Instantiating /home/travis/build/icyphy/ptII/ptolemy/domains/de/test/auto/DepthTest2.xml
2 ms. Memory: 812544K Free: 551655K (68%)
----------------- Invoking toplevel() on ptolemy.moml.MoMLSimpleApplication@2a9969af
----------------- Done invoking toplevel() on ptolemy.moml.MoMLSimpleApplication@2a9969af
reloadAllAccessors: .DepthTest2

===========================================================================================
----------------- testing Thu Feb 14 03:36:19 UTC 2019 /home/travis/build/icyphy/ptII/ptolemy/domains/de/test/auto/DepthTest3.xml
----------------- Instantiating /home/travis/build/icyphy/ptII/ptolemy/domains/de/test/auto/DepthTest3.xml
1 ms. Memory: 812544K Free: 522410K (64%)
----------------- Invoking toplevel() on ptolemy.moml.MoMLSimpleApplication@436fcf8b
----------------- Done invoking toplevel() on ptolemy.moml.MoMLSimpleApplication@436fcf8b
reloadAllAccessors: .DepthTest3

===========================================================================================
----------------- testing Thu Feb 14 03:36:19 UTC 2019 /home/travis/build/icyphy/ptII/ptolemy/domains/de/test/auto/DepthTest4.xml
----------------- Instantiating /home/travis/build/icyphy/ptII/ptolemy/domains/de/test/auto/DepthTest4.xml
1 ms. Memory: 812544K Free: 493164K (61%)
----------------- Invoking toplevel() on ptolemy.moml.MoMLSimpleApplication@34d4b807
----------------- Done invoking toplevel() on ptolemy.moml.MoMLSimpleApplication@34d4b807
reloadAllAccessors: .DepthTest4

===========================================================================================
----------------- testing Thu Feb 14 03:36:19 UTC 2019 /home/travis/build/icyphy/ptII/ptolemy/domains/de/test/auto/DepthTest5.xml
----------------- Instantiating /home/travis/build/icyphy/ptII/ptolemy/domains/de/test/auto/DepthTest5.xml
2 ms. Memory: 812544K Free: 463919K (57%)
----------------- Invoking toplevel() on ptolemy.moml.MoMLSimpleApplication@55e64cd
----------------- Done invoking toplevel() on ptolemy.moml.MoMLSimpleApplication@55e64cd
reloadAllAccessors: .DepthTest5

===========================================================================================
----------------- testing Thu Feb 14 03:36:19 UTC 2019 /home/travis/build/icyphy/ptII/ptolemy/domains/de/test/auto/DepthTest6.xml
----------------- Instantiating /home/travis/build/icyphy/ptII/ptolemy/domains/de/test/auto/DepthTest6.xml
2 ms. Memory: 812544K Free: 434673K (53%)
----------------- Invoking toplevel() on ptolemy.moml.MoMLSimpleApplication@672d43bd
----------------- Done invoking toplevel() on ptolemy.moml.MoMLSimpleApplication@672d43bd
reloadAllAccessors: .DepthTest6

===========================================================================================
----------------- testing Thu Feb 14 03:36:19 UTC 2019 /home/travis/build/icyphy/ptII/ptolemy/domains/de/test/auto/DepthTest7.xml
----------------- Instantiating /home/travis/build/icyphy/ptII/ptolemy/domains/de/test/auto/DepthTest7.xml
1 ms. Memory: 812544K Free: 405428K (50%)
----------------- Invoking toplevel() on ptolemy.moml.MoMLSimpleApplication@224c5714
----------------- Done invoking toplevel() on ptolemy.moml.MoMLSimpleApplication@224c5714
reloadAllAccessors: .DepthTest7

===========================================================================================
----------------- testing Thu Feb 14 03:36:19 UTC 2019 /home/travis/build/icyphy/ptII/ptolemy/domains/de/test/auto/EventToDate.xml
----------------- Instantiating /home/travis/build/icyphy/ptII/ptolemy/domains/de/test/auto/EventToDate.xml
3009 ms. Memory: 812544K Free: 376182K (46%)
----------------- Invoking toplevel() on ptolemy.moml.MoMLSimpleApplication@77100cff
----------------- Done invoking toplevel() on ptolemy.moml.MoMLSimpleApplication@77100cff
reloadAllAccessors: .EventToDate

===========================================================================================
----------------- testing Thu Feb 14 03:36:22 UTC 2019 /home/travis/build/icyphy/ptII/ptolemy/domains/de/test/auto/FSM1.xml
----------------- Instantiating /home/travis/build/icyphy/ptII/ptolemy/domains/de/test/auto/FSM1.xml
15 ms. Memory: 812544K Free: 346937K (43%)
----------------- Invoking toplevel() on ptolemy.moml.MoMLSimpleApplication@b3db752
----------------- Done invoking toplevel() on ptolemy.moml.MoMLSimpleApplication@b3db752
reloadAllAccessors: .FSM1

===========================================================================================
----------------- testing Thu Feb 14 03:36:22 UTC 2019 /home/travis/build/icyphy/ptII/ptolemy/domains/de/test/auto/FSM7.xml
----------------- Instantiating /home/travis/build/icyphy/ptII/ptolemy/domains/de/test/auto/FSM7.xml
16 ms. Memory: 812544K Free: 311067K (38%)
----------------- Invoking toplevel() on ptolemy.moml.MoMLSimpleApplication@2005cb90
----------------- Done invoking toplevel() on ptolemy.moml.MoMLSimpleApplication@2005cb90
reloadAllAccessors: .FSM7

===========================================================================================
----------------- testing Thu Feb 14 03:36:22 UTC 2019 /home/travis/build/icyphy/ptII/ptolemy/domains/de/test/auto/Inspection.xml
----------------- Instantiating /home/travis/build/icyphy/ptII/ptolemy/domains/de/test/auto/Inspection.xml
18 ms. Memory: 812544K Free: 281822K (35%)
----------------- Invoking toplevel() on ptolemy.moml.MoMLSimpleApplication@362f786
----------------- Done invoking toplevel() on ptolemy.moml.MoMLSimpleApplication@362f786
reloadAllAccessors: .Inspection

===========================================================================================
----------------- testing Thu Feb 14 03:36:22 UTC 2019 /home/travis/build/icyphy/ptII/ptolemy/domains/de/test/auto/Iteration.xml
----------------- Instantiating /home/travis/build/icyphy/ptII/ptolemy/domains/de/test/auto/Iteration.xml
5 ms. Memory: 812544K Free: 252576K (31%)
----------------- Invoking toplevel() on ptolemy.moml.MoMLSimpleApplication@3b6a2214
----------------- Done invoking toplevel() on ptolemy.moml.MoMLSimpleApplication@3b6a2214
reloadAllAccessors: .Iteration

===========================================================================================
----------------- testing Thu Feb 14 03:36:22 UTC 2019 /home/travis/build/icyphy/ptII/ptolemy/domains/de/test/auto/LineFault.xml
----------------- Instantiating /home/travis/build/icyphy/ptII/ptolemy/domains/de/test/auto/LineFault.xml
392 ms. Memory: 812544K Free: 120924K (15%)
----------------- Invoking toplevel() on ptolemy.moml.MoMLSimpleApplication@672bbe46
----------------- Done invoking toplevel() on ptolemy.moml.MoMLSimpleApplication@672bbe46
reloadAllAccessors: .LineFault

===========================================================================================
----------------- testing Thu Feb 14 03:36:23 UTC 2019 /home/travis/build/icyphy/ptII/ptolemy/domains/de/test/auto/MergeModel1Add.xml
----------------- Instantiating /home/travis/build/icyphy/ptII/ptolemy/domains/de/test/auto/MergeModel1Add.xml
5 ms. Memory: 812544K Free: 77055K (9%)
----------------- Invoking toplevel() on ptolemy.moml.MoMLSimpleApplication@21544085
----------------- Done invoking toplevel() on ptolemy.moml.MoMLSimpleApplication@21544085
reloadAllAccessors: .MergeModel1Add

===========================================================================================
----------------- testing Thu Feb 14 03:36:23 UTC 2019 /home/travis/build/icyphy/ptII/ptolemy/domains/de/test/auto/MergeModel2Add.xml
----------------- Instantiating /home/travis/build/icyphy/ptII/ptolemy/domains/de/test/auto/MergeModel2Add.xml
5 ms. Memory: 778752K Free: 744877K (96%)
----------------- Invoking toplevel() on ptolemy.moml.MoMLSimpleApplication@7cbb40a7
----------------- Done invoking toplevel() on ptolemy.moml.MoMLSimpleApplication@7cbb40a7
reloadAllAccessors: .MergeModel2Add

===========================================================================================
----------------- testing Thu Feb 14 03:36:23 UTC 2019 /home/travis/build/icyphy/ptII/ptolemy/domains/de/test/auto/MergeModel3Add.xml
----------------- Instantiating /home/travis/build/icyphy/ptII/ptolemy/domains/de/test/auto/MergeModel3Add.xml
5 ms. Memory: 778752K Free: 712800K (92%)
----------------- Invoking toplevel() on ptolemy.moml.MoMLSimpleApplication@12d569bc
----------------- Done invoking toplevel() on ptolemy.moml.MoMLSimpleApplication@12d569bc
reloadAllAccessors: .MergeModel3Add

===========================================================================================
----------------- testing Thu Feb 14 03:36:23 UTC 2019 /home/travis/build/icyphy/ptII/ptolemy/domains/de/test/auto/MergeWithoutDiscard.xml
----------------- Instantiating /home/travis/build/icyphy/ptII/ptolemy/domains/de/test/auto/MergeWithoutDiscard.xml
1 ms. Memory: 778752K Free: 698873K (90%)
----------------- Invoking toplevel() on ptolemy.moml.MoMLSimpleApplication@3cf62dc5
----------------- Done invoking toplevel() on ptolemy.moml.MoMLSimpleApplication@3cf62dc5
reloadAllAccessors: .MergeWithoutDiscard

===========================================================================================
----------------- testing Thu Feb 14 03:36:23 UTC 2019 /home/travis/build/icyphy/ptII/ptolemy/domains/de/test/auto/Modal1.xml
----------------- Instantiating /home/travis/build/icyphy/ptII/ptolemy/domains/de/test/auto/Modal1.xml
6 ms. Memory: 778752K Free: 677967K (87%)
----------------- Invoking toplevel() on ptolemy.moml.MoMLSimpleApplication@9cb8ffb
----------------- Done invoking toplevel() on ptolemy.moml.MoMLSimpleApplication@9cb8ffb
reloadAllAccessors: .Modal1

===========================================================================================
----------------- testing Thu Feb 14 03:36:23 UTC 2019 /home/travis/build/icyphy/ptII/ptolemy/domains/de/test/auto/Modal2.xml
----------------- Instantiating /home/travis/build/icyphy/ptII/ptolemy/domains/de/test/auto/Modal2.xml
6 ms. Memory: 778752K Free: 657070K (84%)
----------------- Invoking toplevel() on ptolemy.moml.MoMLSimpleApplication@4742d10f
----------------- Done invoking toplevel() on ptolemy.moml.MoMLSimpleApplication@4742d10f
reloadAllAccessors: .Modal2

===========================================================================================
----------------- testing Thu Feb 14 03:36:23 UTC 2019 /home/travis/build/icyphy/ptII/ptolemy/domains/de/test/auto/Modal3.xml
----------------- Instantiating /home/travis/build/icyphy/ptII/ptolemy/domains/de/test/auto/Modal3.xml
6 ms. Memory: 778752K Free: 636164K (82%)
----------------- Invoking toplevel() on ptolemy.moml.MoMLSimpleApplication@572d8298
----------------- Done invoking toplevel() on ptolemy.moml.MoMLSimpleApplication@572d8298
reloadAllAccessors: .Modal3

===========================================================================================
----------------- testing Thu Feb 14 03:36:23 UTC 2019 /home/travis/build/icyphy/ptII/ptolemy/domains/de/test/auto/Modal4.xml
----------------- Instantiating /home/travis/build/icyphy/ptII/ptolemy/domains/de/test/auto/Modal4.xml
7 ms. Memory: 778752K Free: 615259K (79%)
----------------- Invoking toplevel() on ptolemy.moml.MoMLSimpleApplication@4784bf89
----------------- Done invoking toplevel() on ptolemy.moml.MoMLSimpleApplication@4784bf89
reloadAllAccessors: .Modal4

===========================================================================================
----------------- testing Thu Feb 14 03:36:23 UTC 2019 /home/travis/build/icyphy/ptII/ptolemy/domains/de/test/auto/Modal5.xml
----------------- Instantiating /home/travis/build/icyphy/ptII/ptolemy/domains/de/test/auto/Modal5.xml
7 ms. Memory: 778752K Free: 594369K (76%)
----------------- Invoking toplevel() on ptolemy.moml.MoMLSimpleApplication@3a40c35e
----------------- Done invoking toplevel() on ptolemy.moml.MoMLSimpleApplication@3a40c35e
reloadAllAccessors: .Modal5

===========================================================================================
----------------- testing Thu Feb 14 03:36:23 UTC 2019 /home/travis/build/icyphy/ptII/ptolemy/domains/de/test/auto/Modal6.xml
----------------- Instantiating /home/travis/build/icyphy/ptII/ptolemy/domains/de/test/auto/Modal6.xml
8 ms. Memory: 778752K Free: 573463K (74%)
----------------- Invoking toplevel() on ptolemy.moml.MoMLSimpleApplication@6ae7a4e9
----------------- Done invoking toplevel() on ptolemy.moml.MoMLSimpleApplication@6ae7a4e9
reloadAllAccessors: .Modal6

===========================================================================================
----------------- testing Thu Feb 14 03:36:23 UTC 2019 /home/travis/build/icyphy/ptII/ptolemy/domains/de/test/auto/Modal7.xml
----------------- Instantiating /home/travis/build/icyphy/ptII/ptolemy/domains/de/test/auto/Modal7.xml
5 ms. Memory: 778752K Free: 548381K (70%)
----------------- Invoking toplevel() on ptolemy.moml.MoMLSimpleApplication@29dc25a7
----------------- Done invoking toplevel() on ptolemy.moml.MoMLSimpleApplication@29dc25a7
reloadAllAccessors: .Modal7

===========================================================================================
----------------- testing Thu Feb 14 03:36:23 UTC 2019 /home/travis/build/icyphy/ptII/ptolemy/domains/de/test/auto/ModalModel.xml
----------------- Instantiating /home/travis/build/icyphy/ptII/ptolemy/domains/de/test/auto/ModalModel.xml
93 ms. Memory: 778752K Free: 471690K (61%)
----------------- Invoking toplevel() on ptolemy.moml.MoMLSimpleApplication@699977a6
----------------- Done invoking toplevel() on ptolemy.moml.MoMLSimpleApplication@699977a6
reloadAllAccessors: .ModalModel

===========================================================================================
----------------- testing Thu Feb 14 03:36:23 UTC 2019 /home/travis/build/icyphy/ptII/ptolemy/domains/de/test/auto/ModalSource.xml
----------------- Instantiating /home/travis/build/icyphy/ptII/ptolemy/domains/de/test/auto/ModalSource.xml
4 ms. Memory: 778752K Free: 457763K (59%)
----------------- Invoking toplevel() on ptolemy.moml.MoMLSimpleApplication@421c7284
----------------- Done invoking toplevel() on ptolemy.moml.MoMLSimpleApplication@421c7284
reloadAllAccessors: .ModalSource

===========================================================================================
----------------- testing Thu Feb 14 03:36:23 UTC 2019 /home/travis/build/icyphy/ptII/ptolemy/domains/de/test/auto/NonInterruptibleTimerZeroDelay.xml
----------------- Instantiating /home/travis/build/icyphy/ptII/ptolemy/domains/de/test/auto/NonInterruptibleTimerZeroDelay.xml
2 ms. Memory: 778752K Free: 443837K (57%)
----------------- Invoking toplevel() on ptolemy.moml.MoMLSimpleApplication@41b81e64
----------------- Done invoking toplevel() on ptolemy.moml.MoMLSimpleApplication@41b81e64
reloadAllAccessors: .NonInterruptibleTimerZeroDelay

===========================================================================================
----------------- testing Thu Feb 14 03:36:23 UTC 2019 /home/travis/build/icyphy/ptII/ptolemy/domains/de/test/auto/OpenQueueingNetwork.xml
----------------- Instantiating /home/travis/build/icyphy/ptII/ptolemy/domains/de/test/auto/OpenQueueingNetwork.xml
2080 ms. Memory: 745472K Free: 469319K (63%)
----------------- Invoking toplevel() on ptolemy.moml.MoMLSimpleApplication@5f94ab4a
----------------- Done invoking toplevel() on ptolemy.moml.MoMLSimpleApplication@5f94ab4a
reloadAllAccessors: .OpenQueueingNetwork

===========================================================================================
----------------- testing Thu Feb 14 03:36:26 UTC 2019 /home/travis/build/icyphy/ptII/ptolemy/domains/de/test/auto/OpenQueuingNetwork.xml
----------------- Instantiating /home/travis/build/icyphy/ptII/ptolemy/domains/de/test/auto/OpenQueuingNetwork.xml
220 ms. Memory: 745472K Free: 370122K (50%)
----------------- Invoking toplevel() on ptolemy.moml.MoMLSimpleApplication@40e0e934
----------------- Done invoking toplevel() on ptolemy.moml.MoMLSimpleApplication@40e0e934
reloadAllAccessors: .OpenQueuingNetwork

===========================================================================================
----------------- testing Thu Feb 14 03:36:26 UTC 2019 /home/travis/build/icyphy/ptII/ptolemy/domains/de/test/auto/PeriodicSampler.xml
----------------- Instantiating /home/travis/build/icyphy/ptII/ptolemy/domains/de/test/auto/PeriodicSampler.xml
2 ms. Memory: 745472K Free: 356862K (48%)
----------------- Invoking toplevel() on ptolemy.moml.MoMLSimpleApplication@20d09011
----------------- Done invoking toplevel() on ptolemy.moml.MoMLSimpleApplication@20d09011
reloadAllAccessors: .PeriodicSampler

===========================================================================================
----------------- testing Thu Feb 14 03:36:26 UTC 2019 /home/travis/build/icyphy/ptII/ptolemy/domains/de/test/auto/PersistentIO.xml
----------------- Instantiating /home/travis/build/icyphy/ptII/ptolemy/domains/de/test/auto/PersistentIO.xml
3 ms. Memory: 745472K Free: 336954K (45%)
----------------- Invoking toplevel() on ptolemy.moml.MoMLSimpleApplication@53155736
----------------- Done invoking toplevel() on ptolemy.moml.MoMLSimpleApplication@53155736
reloadAllAccessors: .PersistentIO

===========================================================================================
----------------- testing Thu Feb 14 03:36:26 UTC 2019 /home/travis/build/icyphy/ptII/ptolemy/domains/de/test/auto/PortParameterResetOnInitialize.xml
----------------- Instantiating /home/travis/build/icyphy/ptII/ptolemy/domains/de/test/auto/PortParameterResetOnInitialize.xml
1 ms. Memory: 745472K Free: 323694K (43%)
----------------- Invoking toplevel() on ptolemy.moml.MoMLSimpleApplication@665e0b4f
----------------- Done invoking toplevel() on ptolemy.moml.MoMLSimpleApplication@665e0b4f
reloadAllAccessors: .PortParameterResetOnInitialize

===========================================================================================
----------------- testing Thu Feb 14 03:36:26 UTC 2019 /home/travis/build/icyphy/ptII/ptolemy/domains/de/test/auto/PortParameterUpdates.xml
----------------- Instantiating /home/travis/build/icyphy/ptII/ptolemy/domains/de/test/auto/PortParameterUpdates.xml
6 ms. Memory: 745472K Free: 310433K (42%)
----------------- Invoking toplevel() on ptolemy.moml.MoMLSimpleApplication@64241a9
----------------- Done invoking toplevel() on ptolemy.moml.MoMLSimpleApplication@64241a9
reloadAllAccessors: .PortParameterUpdates

===========================================================================================
----------------- testing Thu Feb 14 03:36:26 UTC 2019 /home/travis/build/icyphy/ptII/ptolemy/domains/de/test/auto/QueueAndServer.xml
----------------- Instantiating /home/travis/build/icyphy/ptII/ptolemy/domains/de/test/auto/QueueAndServer.xml
4 ms. Memory: 745472K Free: 294530K (40%)
----------------- Invoking toplevel() on ptolemy.moml.MoMLSimpleApplication@93a0977
----------------- Done invoking toplevel() on ptolemy.moml.MoMLSimpleApplication@93a0977
reloadAllAccessors: .QueueAndServer

===========================================================================================
----------------- testing Thu Feb 14 03:36:26 UTC 2019 /home/travis/build/icyphy/ptII/ptolemy/domains/de/test/auto/Records.xml
----------------- Instantiating /home/travis/build/icyphy/ptII/ptolemy/domains/de/test/auto/Records.xml
8 ms. Memory: 745472K Free: 281269K (38%)
----------------- Invoking toplevel() on ptolemy.moml.MoMLSimpleApplication@6fe81d21
----------------- Done invoking toplevel() on ptolemy.moml.MoMLSimpleApplication@6fe81d21
reloadAllAccessors: .Records

===========================================================================================
----------------- testing Thu Feb 14 03:36:26 UTC 2019 /home/travis/build/icyphy/ptII/ptolemy/domains/de/test/auto/ResetTransitionWithStartTime1.xml
----------------- Instantiating /home/travis/build/icyphy/ptII/ptolemy/domains/de/test/auto/ResetTransitionWithStartTime1.xml
4 ms. Memory: 745472K Free: 268008K (36%)
----------------- Invoking toplevel() on ptolemy.moml.MoMLSimpleApplication@59601186
----------------- Done invoking toplevel() on ptolemy.moml.MoMLSimpleApplication@59601186
reloadAllAccessors: .ResetTransitionWithStartTime1

===========================================================================================
----------------- testing Thu Feb 14 03:36:26 UTC 2019 /home/travis/build/icyphy/ptII/ptolemy/domains/de/test/auto/ResetTransitionWithStartTime2.xml
----------------- Instantiating /home/travis/build/icyphy/ptII/ptolemy/domains/de/test/auto/ResetTransitionWithStartTime2.xml
3 ms. Memory: 745472K Free: 254748K (34%)
----------------- Invoking toplevel() on ptolemy.moml.MoMLSimpleApplication@30a2948e
----------------- Done invoking toplevel() on ptolemy.moml.MoMLSimpleApplication@30a2948e
reloadAllAccessors: .ResetTransitionWithStartTime2

===========================================================================================
----------------- testing Thu Feb 14 03:36:26 UTC 2019 /home/travis/build/icyphy/ptII/ptolemy/domains/de/test/auto/ResetTransitionWithStartTime3.xml
----------------- Instantiating /home/travis/build/icyphy/ptII/ptolemy/domains/de/test/auto/ResetTransitionWithStartTime3.xml
3 ms. Memory: 745472K Free: 241487K (32%)
----------------- Invoking toplevel() on ptolemy.moml.MoMLSimpleApplication@72b31b3b
----------------- Done invoking toplevel() on ptolemy.moml.MoMLSimpleApplication@72b31b3b
reloadAllAccessors: .ResetTransitionWithStartTime3

===========================================================================================
----------------- testing Thu Feb 14 03:36:26 UTC 2019 /home/travis/build/icyphy/ptII/ptolemy/domains/de/test/auto/ResetTransitionWithStartTime4.xml
----------------- Instantiating /home/travis/build/icyphy/ptII/ptolemy/domains/de/test/auto/ResetTransitionWithStartTime4.xml
3 ms. Memory: 745472K Free: 225584K (30%)
----------------- Invoking toplevel() on ptolemy.moml.MoMLSimpleApplication@69b4fc46
----------------- Done invoking toplevel() on ptolemy.moml.MoMLSimpleApplication@69b4fc46
reloadAllAccessors: .ResetTransitionWithStartTime4

===========================================================================================
----------------- testing Thu Feb 14 03:36:26 UTC 2019 /home/travis/build/icyphy/ptII/ptolemy/domains/de/test/auto/ResettableTimer1.xml
----------------- Instantiating /home/travis/build/icyphy/ptII/ptolemy/domains/de/test/auto/ResettableTimer1.xml
1 ms. Memory: 745472K Free: 212323K (28%)
----------------- Invoking toplevel() on ptolemy.moml.MoMLSimpleApplication@630199fa
----------------- Done invoking toplevel() on ptolemy.moml.MoMLSimpleApplication@630199fa
reloadAllAccessors: .ResettableTimer1

===========================================================================================
----------------- testing Thu Feb 14 03:36:26 UTC 2019 /home/travis/build/icyphy/ptII/ptolemy/domains/de/test/auto/ResettableTimer2.xml
----------------- Instantiating /home/travis/build/icyphy/ptII/ptolemy/domains/de/test/auto/ResettableTimer2.xml
1 ms. Memory: 745472K Free: 199062K (27%)
----------------- Invoking toplevel() on ptolemy.moml.MoMLSimpleApplication@645d6fbd
----------------- Done invoking toplevel() on ptolemy.moml.MoMLSimpleApplication@645d6fbd
reloadAllAccessors: .ResettableTimer2

===========================================================================================
----------------- testing Thu Feb 14 03:36:26 UTC 2019 /home/travis/build/icyphy/ptII/ptolemy/domains/de/test/auto/ResettableTimer3.xml
----------------- Instantiating /home/travis/build/icyphy/ptII/ptolemy/domains/de/test/auto/ResettableTimer3.xml
1 ms. Memory: 745472K Free: 185802K (25%)
----------------- Invoking toplevel() on ptolemy.moml.MoMLSimpleApplication@13ee43e4
----------------- Done invoking toplevel() on ptolemy.moml.MoMLSimpleApplication@13ee43e4
reloadAllAccessors: .ResettableTimer3

===========================================================================================
----------------- testing Thu Feb 14 03:36:26 UTC 2019 /home/travis/build/icyphy/ptII/ptolemy/domains/de/test/auto/ResettableTimer4.xml
----------------- Instantiating /home/travis/build/icyphy/ptII/ptolemy/domains/de/test/auto/ResettableTimer4.xml
1 ms. Memory: 745472K Free: 172541K (23%)
----------------- Invoking toplevel() on ptolemy.moml.MoMLSimpleApplication@3d8fdece
----------------- Done invoking toplevel() on ptolemy.moml.MoMLSimpleApplication@3d8fdece
reloadAllAccessors: .ResettableTimer4

===========================================================================================
----------------- testing Thu Feb 14 03:36:26 UTC 2019 /home/travis/build/icyphy/ptII/ptolemy/domains/de/test/auto/ResettableTimer5.xml
----------------- Instantiating /home/travis/build/icyphy/ptII/ptolemy/domains/de/test/auto/ResettableTimer5.xml
1 ms. Memory: 745472K Free: 156638K (21%)
----------------- Invoking toplevel() on ptolemy.moml.MoMLSimpleApplication@787dfdd
----------------- Done invoking toplevel() on ptolemy.moml.MoMLSimpleApplication@787dfdd
reloadAllAccessors: .ResettableTimer5

===========================================================================================
----------------- testing Thu Feb 14 03:36:26 UTC 2019 /home/travis/build/icyphy/ptII/ptolemy/domains/de/test/auto/ResettableTimer6.xml
----------------- Instantiating /home/travis/build/icyphy/ptII/ptolemy/domains/de/test/auto/ResettableTimer6.xml
4 ms. Memory: 745472K Free: 143377K (19%)
----------------- Invoking toplevel() on ptolemy.moml.MoMLSimpleApplication@46315c7c
----------------- Done invoking toplevel() on ptolemy.moml.MoMLSimpleApplication@46315c7c
reloadAllAccessors: .ResettableTimer6

===========================================================================================
----------------- testing Thu Feb 14 03:36:26 UTC 2019 /home/travis/build/icyphy/ptII/ptolemy/domains/de/test/auto/ServerZeroDelay.xml
----------------- Instantiating /home/travis/build/icyphy/ptII/ptolemy/domains/de/test/auto/ServerZeroDelay.xml
3 ms. Memory: 745472K Free: 130117K (17%)
----------------- Invoking toplevel() on ptolemy.moml.MoMLSimpleApplication@16794f06
----------------- Done invoking toplevel() on ptolemy.moml.MoMLSimpleApplication@16794f06
reloadAllAccessors: .ServerZeroDelay

===========================================================================================
----------------- testing Thu Feb 14 03:36:26 UTC 2019 /home/travis/build/icyphy/ptII/ptolemy/domains/de/test/auto/SmartSender.xml
----------------- Instantiating /home/travis/build/icyphy/ptII/ptolemy/domains/de/test/auto/SmartSender.xml
3001 ms. Memory: 745472K Free: 116856K (16%)
----------------- Invoking toplevel() on ptolemy.moml.MoMLSimpleApplication@597a8666
----------------- Done invoking toplevel() on ptolemy.moml.MoMLSimpleApplication@597a8666
reloadAllAccessors: .SmartSender

===========================================================================================
----------------- testing Thu Feb 14 03:36:29 UTC 2019 /home/travis/build/icyphy/ptII/ptolemy/domains/de/test/auto/ThreadedComposite.xml
----------------- Instantiating /home/travis/build/icyphy/ptII/ptolemy/domains/de/test/auto/ThreadedComposite.xml
102 ms. Memory: 745472K Free: 90334K (12%)
----------------- Invoking toplevel() on ptolemy.moml.MoMLSimpleApplication@14826581
----------------- Done invoking toplevel() on ptolemy.moml.MoMLSimpleApplication@14826581
reloadAllAccessors: .ThreadedComposite

===========================================================================================
----------------- testing Thu Feb 14 03:36:29 UTC 2019 /home/travis/build/icyphy/ptII/ptolemy/domains/de/test/auto/Time.xml
----------------- Instantiating /home/travis/build/icyphy/ptII/ptolemy/domains/de/test/auto/Time.xml
415 ms. Memory: 713216K Free: 659516K (92%)
----------------- Invoking toplevel() on ptolemy.moml.MoMLSimpleApplication@c610d5f
----------------- Done invoking toplevel() on ptolemy.moml.MoMLSimpleApplication@c610d5f
reloadAllAccessors: .Time

===========================================================================================
----------------- testing Thu Feb 14 03:36:30 UTC 2019 /home/travis/build/icyphy/ptII/ptolemy/domains/de/test/auto/TimeDelayZeroDelay.xml
----------------- Instantiating /home/travis/build/icyphy/ptII/ptolemy/domains/de/test/auto/TimeDelayZeroDelay.xml
2 ms. Memory: 713216K Free: 646212K (91%)
----------------- Invoking toplevel() on ptolemy.moml.MoMLSimpleApplication@48dade80
----------------- Done invoking toplevel() on ptolemy.moml.MoMLSimpleApplication@48dade80
reloadAllAccessors: .TimeDelayZeroDelay

===========================================================================================
----------------- testing Thu Feb 14 03:36:30 UTC 2019 /home/travis/build/icyphy/ptII/ptolemy/domains/de/test/auto/TimerZeroDelay.xml
----------------- Instantiating /home/travis/build/icyphy/ptII/ptolemy/domains/de/test/auto/TimerZeroDelay.xml
2 ms. Memory: 713216K Free: 637788K (89%)
----------------- Invoking toplevel() on ptolemy.moml.MoMLSimpleApplication@13a32d09
----------------- Done invoking toplevel() on ptolemy.moml.MoMLSimpleApplication@13a32d09
reloadAllAccessors: .TimerZeroDelay

===========================================================================================
----------------- testing Thu Feb 14 03:36:30 UTC 2019 /home/travis/build/icyphy/ptII/ptolemy/domains/de/test/auto/TimingParadox.xml
----------------- Instantiating /home/travis/build/icyphy/ptII/ptolemy/domains/de/test/auto/TimingParadox.xml
249 ms. Memory: 713216K Free: 566126K (79%)
----------------- Invoking toplevel() on ptolemy.moml.MoMLSimpleApplication@5e539378
----------------- Done invoking toplevel() on ptolemy.moml.MoMLSimpleApplication@5e539378
reloadAllAccessors: .TimingParadox

===========================================================================================
----------------- testing Thu Feb 14 03:36:30 UTC 2019 /home/travis/build/icyphy/ptII/ptolemy/domains/de/test/auto/TransferInputs.xml
----------------- Instantiating /home/travis/build/icyphy/ptII/ptolemy/domains/de/test/auto/TransferInputs.xml
1 ms. Memory: 713216K Free: 555981K (78%)
----------------- Invoking toplevel() on ptolemy.moml.MoMLSimpleApplication@19a8a22e
----------------- Done invoking toplevel() on ptolemy.moml.MoMLSimpleApplication@19a8a22e
reloadAllAccessors: .TransferInputs

===========================================================================================
----------------- testing Thu Feb 14 03:36:30 UTC 2019 /home/travis/build/icyphy/ptII/ptolemy/domains/de/test/auto/TransferOutputs2.xml
----------------- Instantiating /home/travis/build/icyphy/ptII/ptolemy/domains/de/test/auto/TransferOutputs2.xml
2 ms. Memory: 713216K Free: 543329K (76%)
----------------- Invoking toplevel() on ptolemy.moml.MoMLSimpleApplication@4064861
----------------- Done invoking toplevel() on ptolemy.moml.MoMLSimpleApplication@4064861
reloadAllAccessors: .TransferOutputs2

===========================================================================================
----------------- testing Thu Feb 14 03:36:30 UTC 2019 /home/travis/build/icyphy/ptII/ptolemy/domains/de/test/auto/Trilateration.xml
----------------- Instantiating /home/travis/build/icyphy/ptII/ptolemy/domains/de/test/auto/Trilateration.xml
10135 ms. Memory: 578048K Free: 425067K (74%)
----------------- Invoking toplevel() on ptolemy.moml.MoMLSimpleApplication@638363a2
----------------- Done invoking toplevel() on ptolemy.moml.MoMLSimpleApplication@638363a2
reloadAllAccessors: .Trilateration

===========================================================================================
----------------- testing Thu Feb 14 03:36:41 UTC 2019 /home/travis/build/icyphy/ptII/ptolemy/domains/de/test/auto/TwoSigmaDelta.xml
----------------- Instantiating /home/travis/build/icyphy/ptII/ptolemy/domains/de/test/auto/TwoSigmaDelta.xml
1843 ms. Memory: 578048K Free: 131717K (23%)
----------------- Invoking toplevel() on ptolemy.moml.MoMLSimpleApplication@42b38e47
----------------- Done invoking toplevel() on ptolemy.moml.MoMLSimpleApplication@42b38e47
reloadAllAccessors: .TwoSigmaDelta

===========================================================================================
----------------- testing Thu Feb 14 03:36:43 UTC 2019 /home/travis/build/icyphy/ptII/ptolemy/domains/de/test/auto/VariableDelay.xml
----------------- Instantiating /home/travis/build/icyphy/ptII/ptolemy/domains/de/test/auto/VariableDelay.xml
1 ms. Memory: 578048K Free: 110961K (19%)
----------------- Invoking toplevel() on ptolemy.moml.MoMLSimpleApplication@3596c568
----------------- Done invoking toplevel() on ptolemy.moml.MoMLSimpleApplication@3596c568
reloadAllAccessors: .VariableDelay

===========================================================================================
----------------- testing Thu Feb 14 03:36:43 UTC 2019 /home/travis/build/icyphy/ptII/ptolemy/domains/de/test/auto/VariableDelay2.xml
----------------- Instantiating /home/travis/build/icyphy/ptII/ptolemy/domains/de/test/auto/VariableDelay2.xml
1 ms. Memory: 578048K Free: 91095K (16%)
----------------- Invoking toplevel() on ptolemy.moml.MoMLSimpleApplication@43f9d083
----------------- Done invoking toplevel() on ptolemy.moml.MoMLSimpleApplication@43f9d083
reloadAllAccessors: .VariableDelay2

===========================================================================================
----------------- testing Thu Feb 14 03:36:43 UTC 2019 /home/travis/build/icyphy/ptII/ptolemy/domains/de/test/auto/VariableDelayZeroDelay.xml
----------------- Instantiating /home/travis/build/icyphy/ptII/ptolemy/domains/de/test/auto/VariableDelayZeroDelay.xml
1 ms. Memory: 578048K Free: 70339K (12%)
----------------- Invoking toplevel() on ptolemy.moml.MoMLSimpleApplication@17346b04
----------------- Done invoking toplevel() on ptolemy.moml.MoMLSimpleApplication@17346b04
reloadAllAccessors: .VariableDelayZeroDelay

===========================================================================================
----------------- testing Thu Feb 14 03:36:43 UTC 2019 /home/travis/build/icyphy/ptII/ptolemy/domains/de/test/auto/VariableDelayZeroDelay2.xml
----------------- Instantiating /home/travis/build/icyphy/ptII/ptolemy/domains/de/test/auto/VariableDelayZeroDelay2.xml
2 ms. Memory: 578048K Free: 57824K (10%)
----------------- Invoking toplevel() on ptolemy.moml.MoMLSimpleApplication@2fef74c4
----------------- Done invoking toplevel() on ptolemy.moml.MoMLSimpleApplication@2fef74c4
reloadAllAccessors: .VariableDelayZeroDelay2

===========================================================================================
----------------- testing Thu Feb 14 03:36:43 UTC 2019 /home/travis/build/icyphy/ptII/ptolemy/domains/de/test/auto/deInCt.xml
----------------- Instantiating /home/travis/build/icyphy/ptII/ptolemy/domains/de/test/auto/deInCt.xml
0
1
1
0
0
0
0
1
1
1
0
0
0
1
1
1
0
0
0
1
1
1
0
0
0
0
0
0
1
1
1
1
0
0
0
0
0
7 ms. Memory: 560640K Free: 518024K (92%)
----------------- Invoking toplevel() on ptolemy.moml.MoMLSimpleApplication@2909085c
----------------- Done invoking toplevel() on ptolemy.moml.MoMLSimpleApplication@2909085c
reloadAllAccessors: .deInCt

===========================================================================================
----------------- testing Thu Feb 14 03:36:43 UTC 2019 /home/travis/build/icyphy/ptII/ptolemy/domains/de/test/auto/deInCt2.xml
----------------- Instantiating /home/travis/build/icyphy/ptII/ptolemy/domains/de/test/auto/deInCt2.xml
0
1
1
1
0
0
1
1
1
0
0
1
1
1
0
0
1
1
1
0
0
1
1
1
0
0
1
1
1
0
0
1
1
1
0
0
1
1
1
0
0
0
4 ms. Memory: 560640K Free: 498493K (89%)
----------------- Invoking toplevel() on ptolemy.moml.MoMLSimpleApplication@5dc249a4
----------------- Done invoking toplevel() on ptolemy.moml.MoMLSimpleApplication@5dc249a4
reloadAllAccessors: .deInCt2

===========================================================================================
----------------- testing Thu Feb 14 03:36:43 UTC 2019 /home/travis/build/icyphy/ptII/ptolemy/domains/de/test/auto/dynamicCausalityInterface1.xml
----------------- Instantiating /home/travis/build/icyphy/ptII/ptolemy/domains/de/test/auto/dynamicCausalityInterface1.xml
0 ms. Memory: 560640K Free: 478979K (85%)
----------------- Invoking toplevel() on ptolemy.moml.MoMLSimpleApplication@455e7647
----------------- Done invoking toplevel() on ptolemy.moml.MoMLSimpleApplication@455e7647
reloadAllAccessors: .dynamicCausalityInterface1

===========================================================================================
----------------- testing Thu Feb 14 03:36:43 UTC 2019 /home/travis/build/icyphy/ptII/ptolemy/domains/de/test/auto/fsm_de_test.xml
----------------- Instantiating /home/travis/build/icyphy/ptII/ptolemy/domains/de/test/auto/fsm_de_test.xml
4 ms. Memory: 560640K Free: 459465K (82%)
----------------- Invoking toplevel() on ptolemy.moml.MoMLSimpleApplication@6e293948
----------------- Done invoking toplevel() on ptolemy.moml.MoMLSimpleApplication@6e293948
reloadAllAccessors: .fsm_de_test

===========================================================================================
----------------- testing Thu Feb 14 03:36:43 UTC 2019 /home/travis/build/icyphy/ptII/ptolemy/domains/de/test/auto/functionDependencyReconstruction.xml
----------------- Instantiating /home/travis/build/icyphy/ptII/ptolemy/domains/de/test/auto/functionDependencyReconstruction.xml
2 ms. Memory: 560640K Free: 430463K (77%)
----------------- Invoking toplevel() on ptolemy.moml.MoMLSimpleApplication@3460615
----------------- Done invoking toplevel() on ptolemy.moml.MoMLSimpleApplication@3460615
reloadAllAccessors: .functionDependencyReconstruction

===========================================================================================
----------------- testing Thu Feb 14 03:36:43 UTC 2019 /home/travis/build/icyphy/ptII/ptolemy/domains/de/test/auto/multirate.xml
----------------- Instantiating /home/travis/build/icyphy/ptII/ptolemy/domains/de/test/auto/multirate.xml
2 ms. Memory: 560640K Free: 410949K (73%)
----------------- Invoking toplevel() on ptolemy.moml.MoMLSimpleApplication@55e61318
----------------- Done invoking toplevel() on ptolemy.moml.MoMLSimpleApplication@55e61318
reloadAllAccessors: .multirate

===========================================================================================
----------------- testing Thu Feb 14 03:36:43 UTC 2019 /home/travis/build/icyphy/ptII/ptolemy/domains/de/test/auto/multirate2.xml
----------------- Instantiating /home/travis/build/icyphy/ptII/ptolemy/domains/de/test/auto/multirate2.xml
2 ms. Memory: 560640K Free: 391435K (70%)
----------------- Invoking toplevel() on ptolemy.moml.MoMLSimpleApplication@4e0f21cb
----------------- Done invoking toplevel() on ptolemy.moml.MoMLSimpleApplication@4e0f21cb
reloadAllAccessors: .multirate2

===========================================================================================
----------------- testing Thu Feb 14 03:36:43 UTC 2019 /home/travis/build/icyphy/ptII/ptolemy/domains/de/test/auto/realtime.xml
----------------- Instantiating /home/travis/build/icyphy/ptII/ptolemy/domains/de/test/auto/realtime.xml
10001 ms. Memory: 560640K Free: 371922K (66%)
----------------- Invoking toplevel() on ptolemy.moml.MoMLSimpleApplication@40873d4e
----------------- Done invoking toplevel() on ptolemy.moml.MoMLSimpleApplication@40873d4e
reloadAllAccessors: .realtime

===========================================================================================
----------------- testing Thu Feb 14 03:36:53 UTC 2019 /home/travis/build/icyphy/ptII/ptolemy/domains/de/test/auto/relationGroup.xml
----------------- Instantiating /home/travis/build/icyphy/ptII/ptolemy/domains/de/test/auto/relationGroup.xml
1 ms. Memory: 560640K Free: 352408K (63%)
----------------- Invoking toplevel() on ptolemy.moml.MoMLSimpleApplication@67837a51
----------------- Done invoking toplevel() on ptolemy.moml.MoMLSimpleApplication@67837a51
reloadAllAccessors: .relationGroup

===========================================================================================
----------------- testing Thu Feb 14 03:36:53 UTC 2019 /home/travis/build/icyphy/ptII/ptolemy/domains/de/test/auto/relationGroup2.xml
----------------- Instantiating /home/travis/build/icyphy/ptII/ptolemy/domains/de/test/auto/relationGroup2.xml
0 ms. Memory: 560640K Free: 332894K (59%)
----------------- Invoking toplevel() on ptolemy.moml.MoMLSimpleApplication@70a75f8
----------------- Done invoking toplevel() on ptolemy.moml.MoMLSimpleApplication@70a75f8
reloadAllAccessors: .relationGroup2

===========================================================================================
----------------- testing Thu Feb 14 03:36:53 UTC 2019 /home/travis/build/icyphy/ptII/ptolemy/domains/de/test/auto/sortWithOpaquePorts.xml
----------------- Instantiating /home/travis/build/icyphy/ptII/ptolemy/domains/de/test/auto/sortWithOpaquePorts.xml
3 ms. Memory: 560640K Free: 313380K (56%)
----------------- Invoking toplevel() on ptolemy.moml.MoMLSimpleApplication@1f81076d
----------------- Done invoking toplevel() on ptolemy.moml.MoMLSimpleApplication@1f81076d
reloadAllAccessors: .sortWithOpaquePorts

===========================================================================================
----------------- testing Thu Feb 14 03:36:53 UTC 2019 /home/travis/build/icyphy/ptII/ptolemy/domains/de/test/auto/transferInputsandOutputs.xml
----------------- Instantiating /home/travis/build/icyphy/ptII/ptolemy/domains/de/test/auto/transferInputsandOutputs.xml
1 ms. Memory: 560640K Free: 293866K (52%)
----------------- Invoking toplevel() on ptolemy.moml.MoMLSimpleApplication@3126f93
----------------- Done invoking toplevel() on ptolemy.moml.MoMLSimpleApplication@3126f93
reloadAllAccessors: .transferInputsandOutputs

===========================================================================================
----------------- testing Thu Feb 14 03:36:53 UTC 2019 /home/travis/build/icyphy/ptII/ptolemy/domains/de/test/auto/triggerType.xml
----------------- Instantiating /home/travis/build/icyphy/ptII/ptolemy/domains/de/test/auto/triggerType.xml
1 ms. Memory: 560640K Free: 274352K (49%)
----------------- Invoking toplevel() on ptolemy.moml.MoMLSimpleApplication@2465ae0e
----------------- Done invoking toplevel() on ptolemy.moml.MoMLSimpleApplication@2465ae0e
reloadAllAccessors: .triggerType
AutoTests.java: About to close Vertx.
AutoTests.java: Vertx closed.
]]></system-out>
  <system-err><![CDATA[java.lang.RuntimeException: Execution failed
	at ptolemy.moml.MoMLSimpleApplication$UnloadThread.run(MoMLSimpleApplication.java:402)
Caused by: ptolemy.kernel.util.IllegalActionException: Found a zero delay loop containing .dependencyLoop.original
  in .dependencyLoop and .dependencyLoop.original
	at ptolemy.actor.util.CausalityInterfaceForComposites._computeOutputPortDepth(CausalityInterfaceForComposites.java:759)
	at ptolemy.actor.util.CausalityInterfaceForComposites._computeInputDepth(CausalityInterfaceForComposites.java:696)
	at ptolemy.actor.util.CausalityInterfaceForComposites._computeOutputPortDepth(CausalityInterfaceForComposites.java:765)
	at ptolemy.actor.util.CausalityInterfaceForComposites._computeInputDepth(CausalityInterfaceForComposites.java:696)
	at ptolemy.actor.util.CausalityInterfaceForComposites._computeOutputPortDepth(CausalityInterfaceForComposites.java:765)
	at ptolemy.actor.util.CausalityInterfaceForComposites._computeInputDepth(CausalityInterfaceForComposites.java:696)
	at ptolemy.actor.util.CausalityInterfaceForComposites._computeActorDepth(CausalityInterfaceForComposites.java:532)
	at ptolemy.actor.util.CausalityInterfaceForComposites.checkForCycles(CausalityInterfaceForComposites.java:96)
	at ptolemy.domains.de.kernel.DEDirector.preinitialize(DEDirector.java:1338)
	at ptolemy.actor.CompositeActor.preinitialize(CompositeActor.java:1828)
	at ptolemy.actor.Manager.preinitializeAndResolveTypes(Manager.java:1040)
	at ptolemy.actor.Manager.initialize(Manager.java:710)
	at ptolemy.actor.Manager.execute(Manager.java:356)
	at ptolemy.actor.Manager.run(Manager.java:1263)
	at ptolemy.actor.Manager$PtolemyRunThread.run(Manager.java:1915)
java.lang.RuntimeException: Execution failed
	at ptolemy.moml.MoMLSimpleApplication$UnloadThread.run(MoMLSimpleApplication.java:402)
Caused by: ptolemy.kernel.util.IllegalActionException: Found a zero delay loop containing .dependencyLoop2.original
  in .dependencyLoop2 and .dependencyLoop2.original
	at ptolemy.actor.util.CausalityInterfaceForComposites._computeOutputPortDepth(CausalityInterfaceForComposites.java:759)
	at ptolemy.actor.util.CausalityInterfaceForComposites._computeInputDepth(CausalityInterfaceForComposites.java:696)
	at ptolemy.actor.util.CausalityInterfaceForComposites._computeOutputPortDepth(CausalityInterfaceForComposites.java:765)
	at ptolemy.actor.util.CausalityInterfaceForComposites._computeInputDepth(CausalityInterfaceForComposites.java:696)
	at ptolemy.actor.util.CausalityInterfaceForComposites._computeOutputPortDepth(CausalityInterfaceForComposites.java:765)
	at ptolemy.actor.util.CausalityInterfaceForComposites._computeInputDepth(CausalityInterfaceForComposites.java:696)
	at ptolemy.actor.util.CausalityInterfaceForComposites._computeActorDepth(CausalityInterfaceForComposites.java:532)
	at ptolemy.actor.util.CausalityInterfaceForComposites.checkForCycles(CausalityInterfaceForComposites.java:96)
	at ptolemy.domains.de.kernel.DEDirector.preinitialize(DEDirector.java:1338)
	at ptolemy.actor.CompositeActor.preinitialize(CompositeActor.java:1828)
	at ptolemy.actor.Manager.preinitializeAndResolveTypes(Manager.java:1040)
	at ptolemy.actor.Manager.initialize(Manager.java:710)
	at ptolemy.actor.Manager.execute(Manager.java:356)
	at ptolemy.actor.Manager.run(Manager.java:1263)
	at ptolemy.actor.Manager$PtolemyRunThread.run(Manager.java:1915)
java.lang.RuntimeException: Execution failed
	at ptolemy.moml.MoMLSimpleApplication$UnloadThread.run(MoMLSimpleApplication.java:402)
Caused by: ptolemy.kernel.util.IllegalActionException: Found a zero delay loop containing .dependencyLoop.original
  in .dependencyLoop and .dependencyLoop.original
	at ptolemy.actor.util.CausalityInterfaceForComposites._computeOutputPortDepth(CausalityInterfaceForComposites.java:759)
	at ptolemy.actor.util.CausalityInterfaceForComposites._computeInputDepth(CausalityInterfaceForComposites.java:696)
	at ptolemy.actor.util.CausalityInterfaceForComposites._computeOutputPortDepth(CausalityInterfaceForComposites.java:765)
	at ptolemy.actor.util.CausalityInterfaceForComposites._computeInputDepth(CausalityInterfaceForComposites.java:696)
	at ptolemy.actor.util.CausalityInterfaceForComposites._computeOutputPortDepth(CausalityInterfaceForComposites.java:765)
	at ptolemy.actor.util.CausalityInterfaceForComposites._computeInputDepth(CausalityInterfaceForComposites.java:696)
	at ptolemy.actor.util.CausalityInterfaceForComposites._computeActorDepth(CausalityInterfaceForComposites.java:532)
	at ptolemy.actor.util.CausalityInterfaceForComposites.checkForCycles(CausalityInterfaceForComposites.java:96)
	at ptolemy.domains.de.kernel.DEDirector.preinitialize(DEDirector.java:1338)
	at ptolemy.actor.CompositeActor.preinitialize(CompositeActor.java:1828)
	at ptolemy.actor.Manager.preinitializeAndResolveTypes(Manager.java:1040)
	at ptolemy.actor.Manager.initialize(Manager.java:710)
	at ptolemy.actor.Manager.execute(Manager.java:356)
	at ptolemy.actor.Manager.run(Manager.java:1263)
	at ptolemy.actor.Manager$PtolemyRunThread.run(Manager.java:1915)
java.lang.RuntimeException: Execution failed
	at ptolemy.moml.MoMLSimpleApplication$UnloadThread.run(MoMLSimpleApplication.java:402)
Caused by: ptolemy.kernel.util.IllegalActionException: Actor is not ready to fire.  Perhaps UpSample.prefire() returned false? Try debugging the actor by selecting "Listen to Actor".  Also, for SDF check moml for tokenConsumptionRate on input.
  in .DESDFClockTest.Play Bell.Copy1:SDF Director and .DESDFClockTest.Play Bell.UpSample
	at ptolemy.actor.sched.StaticSchedulingDirector.fire(StaticSchedulingDirector.java:227)
	at ptolemy.domains.sdf.kernel.SDFDirector.fire(SDFDirector.java:500)
	at ptolemy.actor.CompositeActor.fire(CompositeActor.java:455)
	at ptolemy.domains.de.kernel.DEDirector._fire(DEDirector.java:1949)
	at ptolemy.domains.de.kernel.DEDirector.fire(DEDirector.java:502)
	at ptolemy.actor.CompositeActor.fire(CompositeActor.java:455)
	at ptolemy.actor.Manager.iterate(Manager.java:851)
	at ptolemy.actor.Manager.execute(Manager.java:369)
	at ptolemy.actor.Manager.run(Manager.java:1263)
	at ptolemy.actor.Manager$PtolemyRunThread.run(Manager.java:1915)
java.lang.RuntimeException: Execution failed
	at ptolemy.moml.MoMLSimpleApplication$UnloadThread.run(MoMLSimpleApplication.java:402)
Caused by: ptolemy.kernel.util.IllegalActionException: Found a zero delay loop containing .dependencyLoop2.original
  in .dependencyLoop2 and .dependencyLoop2.original
	at ptolemy.actor.util.CausalityInterfaceForComposites._computeOutputPortDepth(CausalityInterfaceForComposites.java:759)
	at ptolemy.actor.util.CausalityInterfaceForComposites._computeInputDepth(CausalityInterfaceForComposites.java:696)
	at ptolemy.actor.util.CausalityInterfaceForComposites._computeOutputPortDepth(CausalityInterfaceForComposites.java:765)
	at ptolemy.actor.util.CausalityInterfaceForComposites._computeInputDepth(CausalityInterfaceForComposites.java:696)
	at ptolemy.actor.util.CausalityInterfaceForComposites._computeOutputPortDepth(CausalityInterfaceForComposites.java:765)
	at ptolemy.actor.util.CausalityInterfaceForComposites._computeInputDepth(CausalityInterfaceForComposites.java:696)
	at ptolemy.actor.util.CausalityInterfaceForComposites._computeActorDepth(CausalityInterfaceForComposites.java:532)
	at ptolemy.actor.util.CausalityInterfaceForComposites.checkForCycles(CausalityInterfaceForComposites.java:96)
	at ptolemy.domains.de.kernel.DEDirector.preinitialize(DEDirector.java:1338)
	at ptolemy.actor.CompositeActor.preinitialize(CompositeActor.java:1828)
	at ptolemy.actor.Manager.preinitializeAndResolveTypes(Manager.java:1040)
	at ptolemy.actor.Manager.initialize(Manager.java:710)
	at ptolemy.actor.Manager.execute(Manager.java:356)
	at ptolemy.actor.Manager.run(Manager.java:1263)
	at ptolemy.actor.Manager$PtolemyRunThread.run(Manager.java:1915)
java.lang.RuntimeException: Execution failed
	at ptolemy.moml.MoMLSimpleApplication$UnloadThread.run(MoMLSimpleApplication.java:402)
Caused by: ptolemy.kernel.util.IllegalActionException: Found a zero delay loop containing .HierarchicalModel.A
  in .HierarchicalModel and .HierarchicalModel.A
	at ptolemy.actor.util.CausalityInterfaceForComposites._computeOutputPortDepth(CausalityInterfaceForComposites.java:759)
	at ptolemy.actor.util.CausalityInterfaceForComposites._computeInputDepth(CausalityInterfaceForComposites.java:696)
	at ptolemy.actor.util.CausalityInterfaceForComposites._computeOutputPortDepth(CausalityInterfaceForComposites.java:765)
	at ptolemy.actor.util.CausalityInterfaceForComposites._computeInputDepth(CausalityInterfaceForComposites.java:696)
	at ptolemy.actor.util.CausalityInterfaceForComposites._computeOutputPortDepth(CausalityInterfaceForComposites.java:765)
	at ptolemy.actor.util.CausalityInterfaceForComposites._computeInputDepth(CausalityInterfaceForComposites.java:696)
	at ptolemy.actor.util.CausalityInterfaceForComposites._computeActorDepth(CausalityInterfaceForComposites.java:532)
	at ptolemy.actor.util.CausalityInterfaceForComposites.checkForCycles(CausalityInterfaceForComposites.java:96)
	at ptolemy.domains.de.kernel.DEDirector.preinitialize(DEDirector.java:1338)
	at ptolemy.actor.CompositeActor.preinitialize(CompositeActor.java:1828)
	at ptolemy.actor.Manager.preinitializeAndResolveTypes(Manager.java:1040)
	at ptolemy.actor.Manager.initialize(Manager.java:710)
	at ptolemy.actor.Manager.execute(Manager.java:356)
	at ptolemy.actor.Manager.run(Manager.java:1263)
	at ptolemy.actor.Manager$PtolemyRunThread.run(Manager.java:1915)
java.lang.RuntimeException: Execution failed
	at ptolemy.moml.MoMLSimpleApplication$UnloadThread.run(MoMLSimpleApplication.java:402)
Caused by: ptolemy.kernel.util.IllegalActionException: Test fails in iteration 1.
Value was: 1.0. Should have been: 2.0
  in .DirectFeedback.Test
	at ptolemy.actor.lib.Test.fire(Test.java:268)
	at ptolemy.domains.de.kernel.DEDirector._fire(DEDirector.java:1949)
	at ptolemy.domains.de.kernel.DEDirector.fire(DEDirector.java:502)
	at ptolemy.actor.CompositeActor.fire(CompositeActor.java:455)
	at ptolemy.actor.Manager.iterate(Manager.java:851)
	at ptolemy.actor.Manager.execute(Manager.java:369)
	at ptolemy.actor.Manager.run(Manager.java:1263)
	at ptolemy.actor.Manager$PtolemyRunThread.run(Manager.java:1915)
java.lang.RuntimeException: Execution failed
	at ptolemy.moml.MoMLSimpleApplication$UnloadThread.run(MoMLSimpleApplication.java:402)
Caused by: ptolemy.kernel.util.IllegalActionException: Actor is not ready to fire.  Perhaps UpSample.prefire() returned false? Try debugging the actor by selecting "Listen to Actor".  Also, for SDF check moml for tokenConsumptionRate on input.
  in .DESDFClockTest.Play Bell.Copy1:SDF Director and .DESDFClockTest.Play Bell.UpSample
	at ptolemy.actor.sched.StaticSchedulingDirector.fire(StaticSchedulingDirector.java:227)
	at ptolemy.domains.sdf.kernel.SDFDirector.fire(SDFDirector.java:500)
	at ptolemy.actor.CompositeActor.fire(CompositeActor.java:455)
	at ptolemy.domains.de.kernel.DEDirector._fire(DEDirector.java:1949)
	at ptolemy.domains.de.kernel.DEDirector.fire(DEDirector.java:502)
	at ptolemy.actor.CompositeActor.fire(CompositeActor.java:455)
	at ptolemy.actor.Manager.iterate(Manager.java:851)
	at ptolemy.actor.Manager.execute(Manager.java:369)
	at ptolemy.actor.Manager.run(Manager.java:1263)
	at ptolemy.actor.Manager$PtolemyRunThread.run(Manager.java:1915)
java.lang.reflect.InvocationTargetException
	at sun.reflect.NativeConstructorAccessorImpl.newInstance0(Native Method)
	at sun.reflect.NativeConstructorAccessorImpl.newInstance(NativeConstructorAccessorImpl.java:62)
	at sun.reflect.DelegatingConstructorAccessorImpl.newInstance(DelegatingConstructorAccessorImpl.java:45)
	at java.lang.reflect.Constructor.newInstance(Constructor.java:423)
	at ptolemy.util.test.junit.AutoKnownFailedTests.RunModel(AutoKnownFailedTests.java:105)
	at sun.reflect.NativeMethodAccessorImpl.invoke0(Native Method)
	at sun.reflect.NativeMethodAccessorImpl.invoke(NativeMethodAccessorImpl.java:62)
	at sun.reflect.DelegatingMethodAccessorImpl.invoke(DelegatingMethodAccessorImpl.java:43)
	at java.lang.reflect.Method.invoke(Method.java:498)
	at org.junit.runners.model.FrameworkMethod$1.runReflectiveCall(FrameworkMethod.java:44)
	at org.junit.internal.runners.model.ReflectiveCallable.run(ReflectiveCallable.java:15)
	at org.junit.runners.model.FrameworkMethod.invokeExplosively(FrameworkMethod.java:41)
	at junitparams.internal.InvokeParameterisedMethod.evaluate(InvokeParameterisedMethod.java:102)
	at org.junit.internal.runners.statements.FailOnTimeout$1.run(FailOnTimeout.java:28)
Caused by: ptolemy.kernel.util.IllegalActionException: Actor is not ready to fire.  Perhaps UpSample.prefire() returned false? Try debugging the actor by selecting "Listen to Actor".  Also, for SDF check moml for tokenConsumptionRate on input.
  in .DESDFClockTest.Play Bell.Copy1:SDF Director and .DESDFClockTest.Play Bell.UpSample
	at ptolemy.actor.sched.StaticSchedulingDirector.fire(StaticSchedulingDirector.java:227)
	at ptolemy.domains.sdf.kernel.SDFDirector.fire(SDFDirector.java:500)
	at ptolemy.actor.CompositeActor.fire(CompositeActor.java:455)
	at ptolemy.domains.de.kernel.DEDirector._fire(DEDirector.java:1949)
	at ptolemy.domains.de.kernel.DEDirector.fire(DEDirector.java:502)
	at ptolemy.actor.CompositeActor.fire(CompositeActor.java:455)
	at ptolemy.actor.Manager.iterate(Manager.java:851)
	at ptolemy.actor.Manager.execute(Manager.java:369)
	at ptolemy.actor.Manager.run(Manager.java:1263)
	at ptolemy.actor.Manager$PtolemyRunThread.run(Manager.java:1915)
java.lang.RuntimeException: Execution failed
	at ptolemy.moml.MoMLSimpleApplication$UnloadThread.run(MoMLSimpleApplication.java:402)
Caused by: ptolemy.kernel.util.IllegalActionException: Test fails in iteration 1.
Value was: 1.0. Should have been: 2.0
  in .DirectFeedback.Test
	at ptolemy.actor.lib.Test.fire(Test.java:268)
	at ptolemy.domains.de.kernel.DEDirector._fire(DEDirector.java:1949)
	at ptolemy.domains.de.kernel.DEDirector.fire(DEDirector.java:502)
	at ptolemy.actor.CompositeActor.fire(CompositeActor.java:455)
	at ptolemy.actor.Manager.iterate(Manager.java:851)
	at ptolemy.actor.Manager.execute(Manager.java:369)
	at ptolemy.actor.Manager.run(Manager.java:1263)
	at ptolemy.actor.Manager$PtolemyRunThread.run(Manager.java:1915)
java.lang.reflect.InvocationTargetException
	at sun.reflect.NativeConstructorAccessorImpl.newInstance0(Native Method)
	at sun.reflect.NativeConstructorAccessorImpl.newInstance(NativeConstructorAccessorImpl.java:62)
	at sun.reflect.DelegatingConstructorAccessorImpl.newInstance(DelegatingConstructorAccessorImpl.java:45)
	at java.lang.reflect.Constructor.newInstance(Constructor.java:423)
	at ptolemy.util.test.junit.AutoKnownFailedTests.RunModel(AutoKnownFailedTests.java:105)
	at sun.reflect.NativeMethodAccessorImpl.invoke0(Native Method)
	at sun.reflect.NativeMethodAccessorImpl.invoke(NativeMethodAccessorImpl.java:62)
	at sun.reflect.DelegatingMethodAccessorImpl.invoke(DelegatingMethodAccessorImpl.java:43)
	at java.lang.reflect.Method.invoke(Method.java:498)
	at org.junit.runners.model.FrameworkMethod$1.runReflectiveCall(FrameworkMethod.java:44)
	at org.junit.internal.runners.model.ReflectiveCallable.run(ReflectiveCallable.java:15)
	at org.junit.runners.model.FrameworkMethod.invokeExplosively(FrameworkMethod.java:41)
	at junitparams.internal.InvokeParameterisedMethod.evaluate(InvokeParameterisedMethod.java:102)
	at org.junit.internal.runners.statements.FailOnTimeout$1.run(FailOnTimeout.java:28)
Caused by: ptolemy.kernel.util.IllegalActionException: Test fails in iteration 1.
Value was: 1.0. Should have been: 2.0
  in .DirectFeedback.Test
	at ptolemy.actor.lib.Test.fire(Test.java:268)
	at ptolemy.domains.de.kernel.DEDirector._fire(DEDirector.java:1949)
	at ptolemy.domains.de.kernel.DEDirector.fire(DEDirector.java:502)
	at ptolemy.actor.CompositeActor.fire(CompositeActor.java:455)
	at ptolemy.actor.Manager.iterate(Manager.java:851)
	at ptolemy.actor.Manager.execute(Manager.java:369)
	at ptolemy.actor.Manager.run(Manager.java:1263)
	at ptolemy.actor.Manager$PtolemyRunThread.run(Manager.java:1915)
java.lang.RuntimeException: Execution failed
	at ptolemy.moml.MoMLSimpleApplication$UnloadThread.run(MoMLSimpleApplication.java:402)
Caused by: ptolemy.kernel.util.IllegalActionException: Found a zero delay loop containing .HierarchicalModel.A
  in .HierarchicalModel and .HierarchicalModel.A
	at ptolemy.actor.util.CausalityInterfaceForComposites._computeOutputPortDepth(CausalityInterfaceForComposites.java:759)
	at ptolemy.actor.util.CausalityInterfaceForComposites._computeInputDepth(CausalityInterfaceForComposites.java:696)
	at ptolemy.actor.util.CausalityInterfaceForComposites._computeOutputPortDepth(CausalityInterfaceForComposites.java:765)
	at ptolemy.actor.util.CausalityInterfaceForComposites._computeInputDepth(CausalityInterfaceForComposites.java:696)
	at ptolemy.actor.util.CausalityInterfaceForComposites._computeOutputPortDepth(CausalityInterfaceForComposites.java:765)
	at ptolemy.actor.util.CausalityInterfaceForComposites._computeInputDepth(CausalityInterfaceForComposites.java:696)
	at ptolemy.actor.util.CausalityInterfaceForComposites._computeActorDepth(CausalityInterfaceForComposites.java:532)
	at ptolemy.actor.util.CausalityInterfaceForComposites.checkForCycles(CausalityInterfaceForComposites.java:96)
	at ptolemy.domains.de.kernel.DEDirector.preinitialize(DEDirector.java:1338)
	at ptolemy.actor.CompositeActor.preinitialize(CompositeActor.java:1828)
	at ptolemy.actor.Manager.preinitializeAndResolveTypes(Manager.java:1040)
	at ptolemy.actor.Manager.initialize(Manager.java:710)
	at ptolemy.actor.Manager.execute(Manager.java:356)
	at ptolemy.actor.Manager.run(Manager.java:1263)
	at ptolemy.actor.Manager$PtolemyRunThread.run(Manager.java:1915)
java.lang.reflect.InvocationTargetException
	at sun.reflect.NativeConstructorAccessorImpl.newInstance0(Native Method)
	at sun.reflect.NativeConstructorAccessorImpl.newInstance(NativeConstructorAccessorImpl.java:62)
	at sun.reflect.DelegatingConstructorAccessorImpl.newInstance(DelegatingConstructorAccessorImpl.java:45)
	at java.lang.reflect.Constructor.newInstance(Constructor.java:423)
	at ptolemy.util.test.junit.AutoKnownFailedTests.RunModel(AutoKnownFailedTests.java:105)
	at sun.reflect.NativeMethodAccessorImpl.invoke0(Native Method)
	at sun.reflect.NativeMethodAccessorImpl.invoke(NativeMethodAccessorImpl.java:62)
	at sun.reflect.DelegatingMethodAccessorImpl.invoke(DelegatingMethodAccessorImpl.java:43)
	at java.lang.reflect.Method.invoke(Method.java:498)
	at org.junit.runners.model.FrameworkMethod$1.runReflectiveCall(FrameworkMethod.java:44)
	at org.junit.internal.runners.model.ReflectiveCallable.run(ReflectiveCallable.java:15)
	at org.junit.runners.model.FrameworkMethod.invokeExplosively(FrameworkMethod.java:41)
	at junitparams.internal.InvokeParameterisedMethod.evaluate(InvokeParameterisedMethod.java:102)
	at org.junit.internal.runners.statements.FailOnTimeout$1.run(FailOnTimeout.java:28)
Caused by: ptolemy.kernel.util.IllegalActionException: Found a zero delay loop containing .HierarchicalModel.A
  in .HierarchicalModel and .HierarchicalModel.A
	at ptolemy.actor.util.CausalityInterfaceForComposites._computeOutputPortDepth(CausalityInterfaceForComposites.java:759)
	at ptolemy.actor.util.CausalityInterfaceForComposites._computeInputDepth(CausalityInterfaceForComposites.java:696)
	at ptolemy.actor.util.CausalityInterfaceForComposites._computeOutputPortDepth(CausalityInterfaceForComposites.java:765)
	at ptolemy.actor.util.CausalityInterfaceForComposites._computeInputDepth(CausalityInterfaceForComposites.java:696)
	at ptolemy.actor.util.CausalityInterfaceForComposites._computeOutputPortDepth(CausalityInterfaceForComposites.java:765)
	at ptolemy.actor.util.CausalityInterfaceForComposites._computeInputDepth(CausalityInterfaceForComposites.java:696)
	at ptolemy.actor.util.CausalityInterfaceForComposites._computeActorDepth(CausalityInterfaceForComposites.java:532)
	at ptolemy.actor.util.CausalityInterfaceForComposites.checkForCycles(CausalityInterfaceForComposites.java:96)
	at ptolemy.domains.de.kernel.DEDirector.preinitialize(DEDirector.java:1338)
	at ptolemy.actor.CompositeActor.preinitialize(CompositeActor.java:1828)
	at ptolemy.actor.Manager.preinitializeAndResolveTypes(Manager.java:1040)
	at ptolemy.actor.Manager.initialize(Manager.java:710)
	at ptolemy.actor.Manager.execute(Manager.java:356)
	at ptolemy.actor.Manager.run(Manager.java:1263)
	at ptolemy.actor.Manager$PtolemyRunThread.run(Manager.java:1915)
java.lang.RuntimeException: Execution failed
	at ptolemy.moml.MoMLSimpleApplication$UnloadThread.run(MoMLSimpleApplication.java:402)
Caused by: ptolemy.kernel.util.IllegalActionException: Found a zero delay loop containing .dependencyLoop.original
  in .dependencyLoop and .dependencyLoop.original
	at ptolemy.actor.util.CausalityInterfaceForComposites._computeOutputPortDepth(CausalityInterfaceForComposites.java:759)
	at ptolemy.actor.util.CausalityInterfaceForComposites._computeInputDepth(CausalityInterfaceForComposites.java:696)
	at ptolemy.actor.util.CausalityInterfaceForComposites._computeOutputPortDepth(CausalityInterfaceForComposites.java:765)
	at ptolemy.actor.util.CausalityInterfaceForComposites._computeInputDepth(CausalityInterfaceForComposites.java:696)
	at ptolemy.actor.util.CausalityInterfaceForComposites._computeOutputPortDepth(CausalityInterfaceForComposites.java:765)
	at ptolemy.actor.util.CausalityInterfaceForComposites._computeInputDepth(CausalityInterfaceForComposites.java:696)
	at ptolemy.actor.util.CausalityInterfaceForComposites._computeActorDepth(CausalityInterfaceForComposites.java:532)
	at ptolemy.actor.util.CausalityInterfaceForComposites.checkForCycles(CausalityInterfaceForComposites.java:96)
	at ptolemy.domains.de.kernel.DEDirector.preinitialize(DEDirector.java:1338)
	at ptolemy.actor.CompositeActor.preinitialize(CompositeActor.java:1828)
	at ptolemy.actor.Manager.preinitializeAndResolveTypes(Manager.java:1040)
	at ptolemy.actor.Manager.initialize(Manager.java:710)
	at ptolemy.actor.Manager.execute(Manager.java:356)
	at ptolemy.actor.Manager.run(Manager.java:1263)
	at ptolemy.actor.Manager$PtolemyRunThread.run(Manager.java:1915)
java.lang.reflect.InvocationTargetException
	at sun.reflect.NativeConstructorAccessorImpl.newInstance0(Native Method)
	at sun.reflect.NativeConstructorAccessorImpl.newInstance(NativeConstructorAccessorImpl.java:62)
	at sun.reflect.DelegatingConstructorAccessorImpl.newInstance(DelegatingConstructorAccessorImpl.java:45)
	at java.lang.reflect.Constructor.newInstance(Constructor.java:423)
	at ptolemy.util.test.junit.AutoKnownFailedTests.RunModel(AutoKnownFailedTests.java:105)
	at sun.reflect.NativeMethodAccessorImpl.invoke0(Native Method)
	at sun.reflect.NativeMethodAccessorImpl.invoke(NativeMethodAccessorImpl.java:62)
	at sun.reflect.DelegatingMethodAccessorImpl.invoke(DelegatingMethodAccessorImpl.java:43)
	at java.lang.reflect.Method.invoke(Method.java:498)
	at org.junit.runners.model.FrameworkMethod$1.runReflectiveCall(FrameworkMethod.java:44)
	at org.junit.internal.runners.model.ReflectiveCallable.run(ReflectiveCallable.java:15)
	at org.junit.runners.model.FrameworkMethod.invokeExplosively(FrameworkMethod.java:41)
	at junitparams.internal.InvokeParameterisedMethod.evaluate(InvokeParameterisedMethod.java:102)
	at org.junit.internal.runners.statements.FailOnTimeout$1.run(FailOnTimeout.java:28)
Caused by: ptolemy.kernel.util.IllegalActionException: Found a zero delay loop containing .dependencyLoop.original
  in .dependencyLoop and .dependencyLoop.original
	at ptolemy.actor.util.CausalityInterfaceForComposites._computeOutputPortDepth(CausalityInterfaceForComposites.java:759)
	at ptolemy.actor.util.CausalityInterfaceForComposites._computeInputDepth(CausalityInterfaceForComposites.java:696)
	at ptolemy.actor.util.CausalityInterfaceForComposites._computeOutputPortDepth(CausalityInterfaceForComposites.java:765)
	at ptolemy.actor.util.CausalityInterfaceForComposites._computeInputDepth(CausalityInterfaceForComposites.java:696)
	at ptolemy.actor.util.CausalityInterfaceForComposites._computeOutputPortDepth(CausalityInterfaceForComposites.java:765)
	at ptolemy.actor.util.CausalityInterfaceForComposites._computeInputDepth(CausalityInterfaceForComposites.java:696)
	at ptolemy.actor.util.CausalityInterfaceForComposites._computeActorDepth(CausalityInterfaceForComposites.java:532)
	at ptolemy.actor.util.CausalityInterfaceForComposites.checkForCycles(CausalityInterfaceForComposites.java:96)
	at ptolemy.domains.de.kernel.DEDirector.preinitialize(DEDirector.java:1338)
	at ptolemy.actor.CompositeActor.preinitialize(CompositeActor.java:1828)
	at ptolemy.actor.Manager.preinitializeAndResolveTypes(Manager.java:1040)
	at ptolemy.actor.Manager.initialize(Manager.java:710)
	at ptolemy.actor.Manager.execute(Manager.java:356)
	at ptolemy.actor.Manager.run(Manager.java:1263)
	at ptolemy.actor.Manager$PtolemyRunThread.run(Manager.java:1915)
java.lang.RuntimeException: Execution failed
	at ptolemy.moml.MoMLSimpleApplication$UnloadThread.run(MoMLSimpleApplication.java:402)
Caused by: ptolemy.kernel.util.IllegalActionException: Found a zero delay loop containing .dependencyLoop2.original
  in .dependencyLoop2 and .dependencyLoop2.original
	at ptolemy.actor.util.CausalityInterfaceForComposites._computeOutputPortDepth(CausalityInterfaceForComposites.java:759)
	at ptolemy.actor.util.CausalityInterfaceForComposites._computeInputDepth(CausalityInterfaceForComposites.java:696)
	at ptolemy.actor.util.CausalityInterfaceForComposites._computeOutputPortDepth(CausalityInterfaceForComposites.java:765)
	at ptolemy.actor.util.CausalityInterfaceForComposites._computeInputDepth(CausalityInterfaceForComposites.java:696)
	at ptolemy.actor.util.CausalityInterfaceForComposites._computeOutputPortDepth(CausalityInterfaceForComposites.java:765)
	at ptolemy.actor.util.CausalityInterfaceForComposites._computeInputDepth(CausalityInterfaceForComposites.java:696)
	at ptolemy.actor.util.CausalityInterfaceForComposites._computeActorDepth(CausalityInterfaceForComposites.java:532)
	at ptolemy.actor.util.CausalityInterfaceForComposites.checkForCycles(CausalityInterfaceForComposites.java:96)
	at ptolemy.domains.de.kernel.DEDirector.preinitialize(DEDirector.java:1338)
	at ptolemy.actor.CompositeActor.preinitialize(CompositeActor.java:1828)
	at ptolemy.actor.Manager.preinitializeAndResolveTypes(Manager.java:1040)
	at ptolemy.actor.Manager.initialize(Manager.java:710)
	at ptolemy.actor.Manager.execute(Manager.java:356)
	at ptolemy.actor.Manager.run(Manager.java:1263)
	at ptolemy.actor.Manager$PtolemyRunThread.run(Manager.java:1915)
java.lang.reflect.InvocationTargetException
	at sun.reflect.NativeConstructorAccessorImpl.newInstance0(Native Method)
	at sun.reflect.NativeConstructorAccessorImpl.newInstance(NativeConstructorAccessorImpl.java:62)
	at sun.reflect.DelegatingConstructorAccessorImpl.newInstance(DelegatingConstructorAccessorImpl.java:45)
	at java.lang.reflect.Constructor.newInstance(Constructor.java:423)
	at ptolemy.util.test.junit.AutoKnownFailedTests.RunModel(AutoKnownFailedTests.java:105)
	at sun.reflect.NativeMethodAccessorImpl.invoke0(Native Method)
	at sun.reflect.NativeMethodAccessorImpl.invoke(NativeMethodAccessorImpl.java:62)
	at sun.reflect.DelegatingMethodAccessorImpl.invoke(DelegatingMethodAccessorImpl.java:43)
	at java.lang.reflect.Method.invoke(Method.java:498)
	at org.junit.runners.model.FrameworkMethod$1.runReflectiveCall(FrameworkMethod.java:44)
	at org.junit.internal.runners.model.ReflectiveCallable.run(ReflectiveCallable.java:15)
	at org.junit.runners.model.FrameworkMethod.invokeExplosively(FrameworkMethod.java:41)
	at junitparams.internal.InvokeParameterisedMethod.evaluate(InvokeParameterisedMethod.java:102)
	at org.junit.internal.runners.statements.FailOnTimeout$1.run(FailOnTimeout.java:28)
Caused by: ptolemy.kernel.util.IllegalActionException: Found a zero delay loop containing .dependencyLoop2.original
  in .dependencyLoop2 and .dependencyLoop2.original
	at ptolemy.actor.util.CausalityInterfaceForComposites._computeOutputPortDepth(CausalityInterfaceForComposites.java:759)
	at ptolemy.actor.util.CausalityInterfaceForComposites._computeInputDepth(CausalityInterfaceForComposites.java:696)
	at ptolemy.actor.util.CausalityInterfaceForComposites._computeOutputPortDepth(CausalityInterfaceForComposites.java:765)
	at ptolemy.actor.util.CausalityInterfaceForComposites._computeInputDepth(CausalityInterfaceForComposites.java:696)
	at ptolemy.actor.util.CausalityInterfaceForComposites._computeOutputPortDepth(CausalityInterfaceForComposites.java:765)
	at ptolemy.actor.util.CausalityInterfaceForComposites._computeInputDepth(CausalityInterfaceForComposites.java:696)
	at ptolemy.actor.util.CausalityInterfaceForComposites._computeActorDepth(CausalityInterfaceForComposites.java:532)
	at ptolemy.actor.util.CausalityInterfaceForComposites.checkForCycles(CausalityInterfaceForComposites.java:96)
	at ptolemy.domains.de.kernel.DEDirector.preinitialize(DEDirector.java:1338)
	at ptolemy.actor.CompositeActor.preinitialize(CompositeActor.java:1828)
	at ptolemy.actor.Manager.preinitializeAndResolveTypes(Manager.java:1040)
	at ptolemy.actor.Manager.initialize(Manager.java:710)
	at ptolemy.actor.Manager.execute(Manager.java:356)
	at ptolemy.actor.Manager.run(Manager.java:1263)
	at ptolemy.actor.Manager$PtolemyRunThread.run(Manager.java:1915)
]]></system-err>
</testsuite>
