<?xml version="1.0" encoding="UTF-8" ?>
<testsuite errors="0" failures="0" hostname="travis-job-39fe49c8-c71e-4a2b-82e4-b129403894fe" name="ptolemy.domains.de.test.junit.JUnitTclTest" skipped="0" tests="101" time="137.554" timestamp="2019-11-28T06:19:50">
  <properties>
    <property name="npm.executable" value="npm" />
    <property name="env.TRAVIS_ROOT" value="/" />
    <property name="ptII.mk.exists" value="true" />
    <property name="env.TRAVIS_APP_HOST" value="build.travis-ci.org" />
    <property name="env.rvm_bin_path" value="/home/travis/.rvm/bin" />
    <property name="java.home" value="/usr/local/lib/jvm/openjdk11" />
    <property name="env.TRAVIS_JOB_NUMBER" value="1411.9" />
    <property name="env.TRAVIS_HOME" value="/home/travis" />
    <property name="env.DISPLAY" value=":99.0" />
    <property name="env.TRAVIS_INIT" value="systemd" />
    <property name="env.SSH_TTY" value="/dev/pts/0" />
    <property name="java.net.preferIPv4Stack" value="true" />
    <property name="env.RUN_TESTS" value="true" />
    <property name="timeout.short" value="1000000" />
    <property name="junit.formatter" value="xml" />
    <property name="env.TRAVIS_SUDO" value="true" />
    <property name="env.TRAVIS_JOB_NAME" value="" />
    <property name="env.TRAVIS_STACK_NODE_ATTRIBUTES" value="/.node-attributes.yml" />
    <property name="env.LOGNAME" value="travis" />
    <property name="jsdoc.home" value="node_modules/@terraswarm/jsdoc" />
    <property name="debuglevel" value="source,lines,vars" />
    <property name="checkstyle.formatter" value="xml" />
    <property name="env._system_version" value="16.04" />
    <property name="bin.vergil.makeable" value="true" />
    <property name="sun.os.patch.level" value="unknown" />
    <property name="java.vendor.url" value="http://java.oracle.com/" />
    <property name="env.TRAVIS_BUILD_WEB_URL" value="https://travis-ci.org/icyphy/ptII/builds/618045880" />
    <property name="java.version" value="11.0.2" />
    <property name="env.TZ" value="UTC" />
    <property name="env.TRAVIS_PULL_REQUEST_SHA" value="" />
    <property name="env.PT_NO_NET" value="true" />
    <property name="env.TRAVIS_SECURE_ENV_VARS" value="true" />
    <property name="env._system_type" value="Linux" />
    <property name="java.vendor.url.bug" value="http://bugreport.java.com/bugreport/" />
    <property name="npmjs-org-is-up" value="true" />
    <property name="env.LANGUAGE" value="en_US.UTF-8" />
    <property name="env.SSH_CLIENT" value="10.16.3.11 48392 22" />
    <property name="env.GEM_HOME" value="/home/travis/.rvm/gems/ruby-2.5.3" />
    <property name="env.HAS_ANTARES_THREE_LITTLE_FRONZIES_BADGE" value="true" />
    <property name="java.version.date" value="2019-01-15" />
    <property name="env.PS4" value="+" />
    <property name="ant.project.invoked-targets" value="build,test.core2.xml" />
    <property name="env.TRAVIS_PULL_REQUEST_BRANCH" value="" />
    <property name="env.TRAVIS_REPO_SLUG" value="icyphy/ptII" />
    <property name="env.XDG_DATA_DIRS" value="/usr/local/share:/usr/share:/var/lib/snapd/desktop" />
    <property name="jdk.debug" value="release" />
    <property name="env.TRAVIS_APT_PROXY" value="http://apt.cache.travis-ci.com" />
    <property name="env.TRAVIS_CPU_ARCH" value="amd64" />
    <property name="node.in.path" value="true" />
    <property name="user.name" value="travis" />
    <property name="java.maxmemory" value="1400m" />
    <property name="env.RUBY_VERSION" value="ruby-2.5.3" />
    <property name="env.LANG" value="en_US.UTF-8" />
    <property name="sun.io.unicode.encoding" value="UnicodeLittle" />
    <property name="sun.jnu.encoding" value="UTF-8" />
    <property name="java.runtime.name" value="OpenJDK Runtime Environment" />
    <property name="usefile" value="false" />
    <property name="return.code" value="0" />
    <property name="junit.single.formatter" value="plain" />
    <property name="env.DYLD_LIBRARY_PATH" value="/home/travis/pthla/certi-tools/lib:" />
    <property name="env.DEBIAN_FRONTEND" value="noninteractive" />
    <property name="env.SSH_CONNECTION" value="10.16.3.11 48392 10.20.1.109 22" />
    <property name="env.MYSQL_UNIX_PORT" value="/var/run/mysqld/mysqld.sock" />
    <property name="env.LC_ALL" value="en_US.UTF-8" />
    <property name="env.TRAVIS_ALLOW_FAILURE" value="false" />
    <property name="env.TRAVIS_JOB_WEB_URL" value="https://travis-ci.org/icyphy/ptII/jobs/618045894" />
    <property name="java.specification.name" value="Java Platform API Specification" />
    <property name="node.works" value="true" />
    <property name="user.timezone" value="" />
    <property name="path.separator" value=":" />
    <property name="env.TRAVIS_ENABLE_INFRA_DETECTION" value="true" />
    <property name="env.PYTHON_CFLAGS" value="-g -fstack-protector --param=ssp-buffer-size=4 -Wformat -Werror=format-security" />
    <property name="timeout.long" value="4000000" />
    <property name="env.CERTI_HOME" value="/home/travis/pthla/certi-tools" />
    <property name="ant.file.ptII" value="/home/travis/build/icyphy/ptII/build.xml" />
    <property name="javadoc.packagenames" value="com.*,diva.*,lbnl.*,org.hlacerti.*,org.json.*,org.ptolemy.*,org.terraswarm.*,ptolemy.*,ptserver.*" />
    <property name="file.encoding" value="UTF-8" />
    <property name="env.TRAVIS_PULL_REQUEST_SLUG" value="" />
    <property name="ant.project.default-target" value="build" />
    <property name="env.GIT_ASKPASS" value="echo" />
    <property name="env.HOME" value="/home/travis" />
    <property name="sun.java.command" value="org.apache.tools.ant.taskdefs.optional.junit.JUnitTestRunner ptolemy.domains.de.test.junit.JUnitTclTest skipNonTests=false filtertrace=true haltOnError=false haltOnFailure=false formatter=org.apache.tools.ant.taskdefs.optional.junit.OutErrSummaryJUnitResultFormatter showoutput=true outputtoformatters=true logfailedtests=true threadid=0 logtestlistenerevents=false formatter=org.apache.tools.ant.taskdefs.optional.junit.XMLJUnitResultFormatter,/home/travis/build/icyphy/ptII/reports/junit/TEST-ptolemy.domains.de.test.junit.JUnitTclTest.xml crashfile=/home/travis/build/icyphy/ptII/junitvmwatcher14264083320323424827.properties propsfile=/home/travis/build/icyphy/ptII/junit18061789174044512518.properties" />
    <property name="env.COMPOSER_NO_INTERACTION" value="1" />
    <property name="env.MANPATH" value="/home/travis/.nvm/versions/node/v7.10.1/share/man:/home/travis/.rvm/rubies/ruby-2.5.3/share/man:/usr/local/cmake-3.12.4/man:/usr/local/clang-7.0.0/share/man:/usr/local/man:/usr/local/share/man:/usr/share/man:/home/travis/.rvm/man" />
    <property name="env.TRAVIS_TIMER_ID" value="0113d5ba" />
    <property name="ant.file" value="/home/travis/build/icyphy/ptII/build.xml" />
    <property name="env.TRAVIS_COMMIT_RANGE" value="45a1af74cde64810f1a740ff9bd66386be4e642c...11deb69804adb5926cd4863c8231df6048994796" />
    <property name="env._system_name" value="Ubuntu" />
    <property name="ptII.classpath.optional.property" value="/home/travis/build/icyphy/ptII/lib/bsh-2.0b4.jar:/home/travis/build/icyphy/ptII/lib/ptCal.jar:/home/travis/build/icyphy/ptII/lib/java_cup.jar:/home/travis/build/icyphy/ptII/lib/saxon8.jar:/home/travis/build/icyphy/ptII/lib/saxon8-dom.jar:/home/travis/build/icyphy/ptII/lib/chic.jar:/home/travis/build/icyphy/ptII/lib/ptcolt.jar:/home/travis/build/icyphy/ptII/vendors/misc/itext/iText.jar:/home/travis/build/icyphy/ptII/lib/g4ltl.jar:/home/travis/build/icyphy/ptII/lib/StructuralCoder.jar:/home/travis/build/icyphy/ptII/lib/jcerti.jar:/home/travis/build/icyphy/ptII/lib/javax.mail.jar:/home/travis/build/icyphy/ptII/vendors/JMF-2.1.1e/lib/jmf.jar:/home/travis/build/icyphy/ptII/lib/jna-4.0.0-variadic.jar:/home/travis/build/icyphy/ptII/vendors/misc/joystick/Joystick.jar:/home/travis/build/icyphy/ptII/lib/ptjacl.jar:/home/travis/build/icyphy/ptII/lib/jsoup-1.8.2.jar:/home/travis/build/icyphy/ptII/lib/junit-4.8.2.jar:/home/travis/build/icyphy/ptII/lib/JUnitParams-0.4.0.jar:/home/travis/build/icyphy/ptII/ptolemy/actor/lib/excel/jxl.jar:/home/travis/build/icyphy/ptII/lib/jython.jar:/home/travis/build/icyphy/ptII/lib/kieler.jar:/home/travis/build/icyphy/ptII/vendors/opencv/share/OpenCV/java/opencv-341.jar:/home/travis/build/icyphy/ptII/lib/oscP5.jar:/home/travis/build/icyphy/ptII/lib/nrjavaserial-3.11.0.devel.jar:/home/travis/build/icyphy/ptII/vendors/j3d/lib/Linux/j3dcore.jar:/home/travis/build/icyphy/ptII/vendors/j3d/lib/Linux/j3dutils.jar:/home/travis/build/icyphy/ptII/vendors/j3d/lib/Linux/vecmath.jar:/home/travis/build/icyphy/ptII/vendors/jogl/lib/Linux/gluegen-rt-natives-linux-amd64.jar:/home/travis/build/icyphy/ptII/vendors/jogl/lib/Linux/gluegen-rt.jar:/home/travis/build/icyphy/ptII/vendors/jogl/lib/Linux/jogl-all-natives-linux-amd64.jar:/home/travis/build/icyphy/ptII/vendors/jogl/lib/Linux/jogl-all.jar:/home/travis/build/icyphy/ptII/ptolemy/distributed/jini/jar/jini-core.jar:/home/travis/build/icyphy/ptII/ptolemy/distributed/jini/jar/jini-ext.jar:/home/travis/build/icyphy/ptII/ptolemy/distributed/jini/jar/sun-util.jar:/home/travis/build/icyphy/ptII/lib/protobuf-java-2.4.1.jar:/home/travis/build/icyphy/ptII/lib/org.eclipse.paho.client.mqttv3.jar:/home/travis/build/icyphy/ptII/lib/mapss.jar:/home/travis/build/icyphy/ptII/ptolemy/actor/ptalon/antlr/antlr.jar:/home/travis/build/icyphy/ptII/lib/JRI.jar:/home/travis/build/icyphy/ptII/lib/commons-lang-2.6.jar:/home/travis/build/icyphy/ptII/lib/commons-logging-1.1.1.jar:/home/travis/build/icyphy/ptII/lib/sootclasses.jar:/home/travis/build/icyphy/ptII/ptolemy/actor/lib/database/mysql-connector-java-5.1.6-bin.jar:/home/travis/build/icyphy/ptII/vendors/misc/sphinx4/sphinx4-data-5prealpha.jar:/home/travis/build/icyphy/ptII/vendors/misc/sphinx4/sphinx4-core-5prealpha.jar:/home/travis/build/icyphy/ptII/lib/PDFRenderer.jar:/home/travis/build/icyphy/ptII/lib/svgSalamander.jar:/home/travis/build/icyphy/ptII/lib/rsyntaxtextarea-2.6.0-SNAPSHOT.jar:/home/travis/build/icyphy/ptII/lib/hazelcast-3.8.2.jar:/home/travis/build/icyphy/ptII/lib/jackson-annotations-2.9.0.jar:/home/travis/build/icyphy/ptII/lib/jackson-core-2.9.3.jar:/home/travis/build/icyphy/ptII/lib/jackson-databind-2.9.3.jar:/home/travis/build/icyphy/ptII/lib/netty-buffer-4.1.19.Final.jar:/home/travis/build/icyphy/ptII/lib/netty-codec-4.1.19.Final.jar:/home/travis/build/icyphy/ptII/lib/netty-codec-dns-4.1.19.Final.jar:/home/travis/build/icyphy/ptII/lib/netty-codec-http-4.1.19.Final.jar:/home/travis/build/icyphy/ptII/lib/netty-codec-http2-4.1.19.Final.jar:/home/travis/build/icyphy/ptII/lib/netty-common-4.1.19.Final.jar:/home/travis/build/icyphy/ptII/lib/netty-handler-4.1.19.Final.jar:/home/travis/build/icyphy/ptII/lib/netty-resolver-4.1.19.Final.jar:/home/travis/build/icyphy/ptII/lib/netty-resolver-dns-4.1.19.Final.jar:/home/travis/build/icyphy/ptII/lib/netty-transport-4.1.19.Final.jar:/home/travis/build/icyphy/ptII/lib/vertx-codegen-3.5.1.jar:/home/travis/build/icyphy/ptII/lib/vertx-core-3.5.2-SNAPSHOT.jar:/home/travis/build/icyphy/ptII/lib/vertx-hazelcast-3.5.1.jar:/home/travis/build/icyphy/ptII/lib/vertx-lang-js-3.5.1.jar:/home/travis/build/icyphy/ptII/lib/vertx-service-proxy-3.5.1.jar:/home/travis/build/icyphy/ptII/lib/vertx-web-3.5.1.jar:/home/travis/build/icyphy/ptII/lib/slf4j-api-1.7.13.jar:/home/travis/build/icyphy/ptII/lib/slf4j-simple-1.7.13.jar:/home/travis/build/icyphy/ptII/lib/webcam-capture-0.3.12.jar:/home/travis/build/icyphy/ptII/lib/bridj-0.7.0.jar:/home/travis/build/icyphy/ptII/lib/xbjlib-1.1.0.nrjavaserial.jar" />
    <property name="timeout" value="2400000" />
    <property name="test.batch" value="**/junit/*.java" />
    <property name="env._" value="/usr/bin/timeout" />
    <property name="java.io.tmpdir" value="/tmp" />
    <property name="user.language" value="en" />
    <property name="env.TRAVIS_INTERNAL_RUBY_REGEX" value="^ruby-(2\.[0-4]\.[0-9]|1\.9\.3)" />
    <property name="env.HISTCONTROL" value="ignoredups:ignorespace" />
    <property name="env.GOROOT" value="/home/travis/.gimme/versions/go1.11.1.linux.amd64" />
    <property name="line.separator" value="&#xa;" />
    <property name="target" value="11" />
    <property name="env.TRAVIS_BUILD_DIR" value="/home/travis/build/icyphy/ptII" />
    <property name="env.ANT_OPTS" value="-Xmx2048m" />
    <property name="ant.file.type" value="file" />
    <property name="ptolemy.ptII.batchMode" value="true" />
    <property name="env.HISTSIZE" value="1000" />
    <property name="env.MERB_ENV" value="test" />
    <property name="java.vm.info" value="mixed mode" />
    <property name="source" value="11" />
    <property name="java.vm.specification.name" value="Java Virtual Machine Specification" />
    <property name="env.TRAVIS_TEST_RESULT" value="0" />
    <property name="jsdoc.command" value="node_modules/@terraswarm/jsdoc/jsdoc.js" />
    <property name="npm.works" value="true" />
    <property name="cobertura.dir" value="/home/travis/build/icyphy/ptII/vendors/cobertura-2.0.3" />
    <property name="jsdoc.command.exists" value="true" />
    <property name="env.rvm_path" value="/home/travis/.rvm" />
    <property name="env.GEM_PATH" value="/home/travis/.rvm/gems/ruby-2.5.3:/home/travis/.rvm/gems/ruby-2.5.3@global" />
    <property name="env.LC_CTYPE" value="en_US.UTF-8" />
    <property name="env.TRAVIS_CMD" value="$PTII/bin/ptIITravisBuild.sh $SECONDS" />
    <property name="java.awt.printerjob" value="sun.print.PSPrinterJob" />
    <property name="env.TRAVIS_STACK_NAME" value="sardonyx" />
    <property name="env.TRAVIS_TIMER_START_TIME" value="1574921754345296630" />
    <property name="ant.version" value="Apache Ant(TM) version 1.10.1 compiled on February 2 2017" />
    <property name="ptII.reports" value="/home/travis/build/icyphy/ptII/reports" />
    <property name="env.TRAVIS_STACK_TIMESTAMP" value="2019-03-25 16:16:56 UTC" />
    <property name="ant.file.type.ptII" value="file" />
    <property name="env.RBENV_SHELL" value="bash" />
    <property name="os.name" value="Linux" />
    <property name="java.specification.vendor" value="Oracle Corporation" />
    <property name="env.rvm_version" value="1.29.7 (latest)" />
    <property name="env.TRAVIS_INFRA" value="unknown" />
    <property name="env.TERM" value="xterm" />
    <property name="java.vm.name" value="OpenJDK 64-Bit Server VM" />
    <property name="env.TRAVIS_BUILD_NUMBER" value="1411" />
    <property name="env.CI" value="true" />
    <property name="java.library.path" value="/home/travis/pthla/certi-tools/lib:/usr/lib/jni:/usr/local/share/OpenCV/java/:/usr/share/OpenCV/java::/usr/java/packages/lib:/usr/lib64:/lib64:/lib:/usr/lib" />
    <property name="jdk.module.path" value="/home/travis/build/icyphy/ptII/vendors/javafx/javafx-sdk-11.0.2/lib:" />
    <property name="env.rvm_prefix" value="/home/travis" />
    <property name="env.PATH" value="/home/travis/pthla/certi-tools/share/scripts:/home/travis/.rvm/gems/ruby-2.5.3/bin:/home/travis/.rvm/gems/ruby-2.5.3@global/bin:/home/travis/.rvm/rubies/ruby-2.5.3/bin:/home/travis/.rvm/bin:/home/travis/.nvm/versions/node/v7.10.1/bin:./node_modules/.bin:/home/travis/build/icyphy/ptII/bin:/home/travis/pthla/certi-tools/bin:/home/travis/bin:/home/travis/.local/bin:/usr/local/lib/jvm/openjdk11/bin:/opt/pyenv/shims:/home/travis/.phpenv/shims:/home/travis/perl5/perlbrew/bin:/home/travis/gopath/bin:/home/travis/.gimme/versions/go1.11.1.linux.amd64/bin:/usr/local/maven-3.6.0/bin:/usr/local/cmake-3.12.4/bin:/usr/local/clang-7.0.0/bin:/usr/local/sbin:/usr/local/bin:/usr/sbin:/usr/bin:/sbin:/bin:/snap/bin:/home/travis/.phpenv/bin:/opt/pyenv/bin:/home/travis/.yarn/bin" />
    <property name="env.TRAVIS_OS_NAME" value="linux" />
    <property name="ant.java.version" value="9" />
    <property name="basedir" value="/home/travis/build/icyphy/ptII" />
    <property name="java.class.version" value="55.0" />
    <property name="env.SHLVL" value="3" />
    <property name="env.LD_LIBRARY_PATH" value="/home/travis/pthla/certi-tools/lib:/usr/lib/jni:/usr/local/share/OpenCV/java/:/usr/share/OpenCV/java:" />
    <property name="env.RACK_ENV" value="test" />
    <property name="ant.home" value="/home/travis/build/icyphy/ptII/ant" />
    <property name="env.NVM_DIR" value="/home/travis/.nvm" />
    <property name="env.CERTI_FOM_PATH" value="/home/travis/pthla/certi-tools/share/federations" />
    <property name="env.TRAVIS_BUILD_ID" value="618045880" />
    <property name="env.PYENV_ROOT" value="/opt/pyenv" />
    <property name="env.TRAVIS_UID" value="2000" />
    <property name="prism.verbose" value="true" />
    <property name="env.NVM_BIN" value="/home/travis/.nvm/versions/node/v7.10.1/bin" />
    <property name="env.TRAVIS_COMMIT" value="11deb69804adb5926cd4863c8231df6048994796" />
    <property name="env._system_arch" value="x86_64" />
    <property name="node.executable" value="node" />
    <property name="sun.boot.library.path" value="/usr/local/lib/jvm/openjdk11/lib" />
    <property name="sun.management.compiler" value="HotSpot 64-Bit Tiered Compilers" />
    <property name="java.awt.graphicsenv" value="sun.awt.X11GraphicsEnvironment" />
    <property name="env.GOPATH" value="/home/travis/gopath" />
    <property name="ptolemy.ptII.dir" value="/home/travis/build/icyphy/ptII" />
    <property name="env.USER" value="travis" />
    <property name="env.HISTFILESIZE" value="2000" />
    <property name="timeout.longest" value="19000000" />
    <property name="env.PERLBREW_SHELLRC_VERSION" value="0.86" />
    <property name="env.TRAVIS_STACK_FEATURES" value="basic couchdb disabled-ipv6 docker docker-compose elasticsearch firefox go-toolchain google-chrome jdk memcached mongodb mysql nodejs_interpreter perl_interpreter perlbrew phantomjs postgresql python_interpreter redis ruby_interpreter sqlite xserver" />
    <property name="env.TRAVIS_PULL_REQUEST" value="false" />
    <property name="env.PYENV_SHELL" value="bash" />
    <property name="ant.project.name" value="ptII" />
    <property name="env.ANSI_RESET" value="\033[0m" />
    <property name="java.vm.specification.version" value="11" />
    <property name="env.TRAVIS_DIST" value="xenial" />
    <property name="env.CERTI_VERSION" value="4.0.0" />
    <property name="env.CERTI_HOST" value="localhost" />
    <property name="awt.toolkit" value="sun.awt.X11.XToolkit" />
    <property name="env.MY_RUBY_HOME" value="/home/travis/.rvm/rubies/ruby-2.5.3" />
    <property name="sun.cpu.isalist" value="" />
    <property name="env.TRAVIS_TMPDIR" value="/tmp/tmp.uf1fyqgZO1" />
    <property name="java.vm.compressedOopsMode" value="Zero based" />
    <property name="os.version" value="4.15.0-1028-gcp" />
    <property name="user.home" value="/home/travis" />
    <property name="java.vm.vendor" value="Oracle Corporation" />
    <property name="env.TRAVIS_TAG" value="nightly" />
    <property name="env.ANSI_YELLOW" value="\033[33;1m" />
    <property name="env.TRAVIS_FILTERED" value="redirect_io" />
    <property name="env.ANSI_GREEN" value="\033[32;1m" />
    <property name="env.JAVA_HOME" value="/usr/local/lib/jvm/openjdk11" />
    <property name="javadoc.excludepackagenames" value="adm.cvs2svn.*,build.*,config.*,doc.coding.templates.*,jni.test.jni.meaningOfLife.*,jni.test.jni.testDeux.*,jni.test.jni.testTrois.*,org.terraswarm.accessor.accessors.web.node_modules.*,org.terraswarm.accessor.accessors.web.hosts.cordova.demo.*,org.terraswarm.accessor.accessors.web.hosts.cordova.plugins.*,org.terraswarm.accessor.accessors-svn.*,pt-modules.*,ptolemy.apps.agilent.*,ptolemy.apps.anytimecontrol.*,ptolemy.apps.apes.*,ptolemy.apps.charon.*,ptolemy.apps.crazyboard.*,ptolemy.apps.eclipse.*,ptolemy.apps.etherealSting.*,ptolemy.apps.fullscreen.*,ptolemy.apps.giotto.*,ptolemy.apps.ia.*,ptolemy.apps.interfaces.*,ptolemy.apps.jmf.*,ptolemy.apps.kurt.*,ptolemy.apps.kvm.*,ptolemy.apps.lego.*,ptolemy.apps.lejos.*,ptolemy.apps.midp.*,ptolemy.apps.mobileCoding.*,ptolemy.apps.pendulum.*,ptolemy.apps.rijndael.*,ptolemy.apps.robot.*,ptolemy.apps.security.*,ptolemy.apps.sobel.*,ptolemy.apps.soot.*,ptolemy.apps.throttle.*,ptolemy.apps.tini.*,ptolemy.apps.transmission.*,ptolemy.apps.vergil.*,ptolemy.apps.waba.*,ptolemy.apps.websensor.*,ptolemy.apps.webstart.*,ptolemy.apps.xsl.*,ptolemy.apps.zaurus.*,ptolemy.codegen.c.actor.lib.oldJavaFiles.*,ptolemy.codegen.dsp.lib.*,ptolemy.codegen.kernel.newInterfaces.*,ptolemy.codegen.lib.*,ptolemy.copernicus.kernel.fragment.*,ptolemy.copernicus.shallow.cg.*,ptolemy.domains.giotto.demo.Hierarchy.Hierarchy.*,ptolemy.domains.giotto.demo.Multimode.Multimode.*,ptolemy.domains.giotto.demo.Simple.Simple.*,ptolemy.domains.gr.lib.experimental.*,ptolemy.domains.gro.*,ptolemy.domains.pdf.*,ptolemy.domains.ptinyos.demo.Surge.output.*,ptolemy.moml.test.NoPackageActor.java*,ptolemy.plot.adm.*,ptolemy.plot.servlet.*,reports.*,signed.*,src.*,target.*,vendors.*,ptolemy.copernicus.applet.*,ptolemy.media.viewer.*,ptolemy.actor.corba.*,doc.doclets.*,ptolemy.apps.eclipse.awt.*,ptolemy.backtrack.*,ptolemy.backtrack.ast.*,ptolemy.cg.adapter.generic.program.procedural.c.mbed*,ptolemy.homer.*,ptolemy.actor.lib.jai.*,org.ptolemy.scala.*,diva.util.java2d.svg.*,ptolemy.domains.ptinyos.*,ptolemy.actor.lib.fmi.fmipp.*,,org.terraswarm.accessor.accessors.web.node_modules.*,org.terraswarm.accessor.accessors-svn,ptolemy.apps.*,ptolemy.actor.ptalon.demo.ptinyos.SendAndReceiveCnt.output,ptolemy.actor.ptalon.demo.ptinyos.SenseToLeds.output,ptolemy.domains.ptinyos.demo.CntToLedsAndRfm.output,ptolemy.domains.ptinyos.demo.RfmToLeds.output,ptolemy.domains.ptinyos.demo.SendAndReceiveCnt.output,ptolemy.domains.ptinyos.demo.SenseToLeds.output,ptolemy.actor.lib.jjs.modules.udpSocket.*" />
    <property name="env.PTII" value="/home/travis/build/icyphy/ptII" />
    <property name="env.XDG_SESSION_ID" value="2" />
    <property name="keystore" value="ptKeystore" />
    <property name="env.TRAVIS_COMMIT_MESSAGE" value="Conform a model to new HlaManager design." />
    <property name="junit.output.dir" value="/home/travis/build/icyphy/ptII/reports/junit" />
    <property name="npm.return.code" value="0" />
    <property name="user.dir" value="/home/travis/build/icyphy/ptII/ptolemy/domains/de/test" />
    <property name="env.TRAVIS_NODE_VERSION" value="7" />
    <property name="env.TRAVIS_EVENT_TYPE" value="cron" />
    <property name="env.MAIL" value="/var/mail/travis" />
    <property name="env.PERLBREW_ROOT" value="/home/travis/perl5/perlbrew" />
    <property name="env.PWD" value="/home/travis/build/icyphy/ptII" />
    <property name="timeout.npm" value="45000" />
    <property name="env.PT_TRAVIS_TEST_CORE2_XML" value="true" />
    <property name="env.TRAVIS_ARCH" value="amd64" />
    <property name="sun.cpu.endian" value="little" />
    <property name="env.PAGER" value="cat" />
    <property name="env.TRAVIS_BUILD_STAGE_NAME" value="Test" />
    <property name="env.PERLBREW_HOME" value="/home/travis/.perlbrew" />
    <property name="java.vm.version" value="11.0.2+9" />
    <property name="env.RAILS_ENV" value="test" />
    <property name="java.class.path" value="/home/travis/build/icyphy/ptII:/home/travis/build/icyphy/ptII/lib/bsh-2.0b4.jar:/home/travis/build/icyphy/ptII/lib/ptCal.jar:/home/travis/build/icyphy/ptII/lib/java_cup.jar:/home/travis/build/icyphy/ptII/lib/saxon8.jar:/home/travis/build/icyphy/ptII/lib/saxon8-dom.jar:/home/travis/build/icyphy/ptII/lib/chic.jar:/home/travis/build/icyphy/ptII/lib/ptcolt.jar:/home/travis/build/icyphy/ptII/vendors/misc/itext/iText.jar:/home/travis/build/icyphy/ptII/lib/g4ltl.jar:/home/travis/build/icyphy/ptII/lib/StructuralCoder.jar:/home/travis/build/icyphy/ptII/lib/jcerti.jar:/home/travis/build/icyphy/ptII/lib/javax.mail.jar:/home/travis/build/icyphy/ptII/vendors/JMF-2.1.1e/lib/jmf.jar:/home/travis/build/icyphy/ptII/lib/jna-4.0.0-variadic.jar:/home/travis/build/icyphy/ptII/vendors/misc/joystick/Joystick.jar:/home/travis/build/icyphy/ptII/lib/ptjacl.jar:/home/travis/build/icyphy/ptII/lib/jsoup-1.8.2.jar:/home/travis/build/icyphy/ptII/lib/junit-4.8.2.jar:/home/travis/build/icyphy/ptII/lib/JUnitParams-0.4.0.jar:/home/travis/build/icyphy/ptII/ptolemy/actor/lib/excel/jxl.jar:/home/travis/build/icyphy/ptII/lib/jython.jar:/home/travis/build/icyphy/ptII/lib/kieler.jar:/home/travis/build/icyphy/ptII/vendors/opencv/share/OpenCV/java/opencv-341.jar:/home/travis/build/icyphy/ptII/lib/oscP5.jar:/home/travis/build/icyphy/ptII/lib/nrjavaserial-3.11.0.devel.jar:/home/travis/build/icyphy/ptII/vendors/j3d/lib/Linux/j3dcore.jar:/home/travis/build/icyphy/ptII/vendors/j3d/lib/Linux/j3dutils.jar:/home/travis/build/icyphy/ptII/vendors/j3d/lib/Linux/vecmath.jar:/home/travis/build/icyphy/ptII/vendors/jogl/lib/Linux/gluegen-rt-natives-linux-amd64.jar:/home/travis/build/icyphy/ptII/vendors/jogl/lib/Linux/gluegen-rt.jar:/home/travis/build/icyphy/ptII/vendors/jogl/lib/Linux/jogl-all-natives-linux-amd64.jar:/home/travis/build/icyphy/ptII/vendors/jogl/lib/Linux/jogl-all.jar:/home/travis/build/icyphy/ptII/ptolemy/distributed/jini/jar/jini-core.jar:/home/travis/build/icyphy/ptII/ptolemy/distributed/jini/jar/jini-ext.jar:/home/travis/build/icyphy/ptII/ptolemy/distributed/jini/jar/sun-util.jar:/home/travis/build/icyphy/ptII/lib/protobuf-java-2.4.1.jar:/home/travis/build/icyphy/ptII/lib/org.eclipse.paho.client.mqttv3.jar:/home/travis/build/icyphy/ptII/lib/mapss.jar:/home/travis/build/icyphy/ptII/ptolemy/actor/ptalon/antlr/antlr.jar:/home/travis/build/icyphy/ptII/lib/JRI.jar:/home/travis/build/icyphy/ptII/lib/commons-lang-2.6.jar:/home/travis/build/icyphy/ptII/lib/commons-logging-1.1.1.jar:/home/travis/build/icyphy/ptII/lib/sootclasses.jar:/home/travis/build/icyphy/ptII/ptolemy/actor/lib/database/mysql-connector-java-5.1.6-bin.jar:/home/travis/build/icyphy/ptII/vendors/misc/sphinx4/sphinx4-data-5prealpha.jar:/home/travis/build/icyphy/ptII/vendors/misc/sphinx4/sphinx4-core-5prealpha.jar:/home/travis/build/icyphy/ptII/lib/PDFRenderer.jar:/home/travis/build/icyphy/ptII/lib/svgSalamander.jar:/home/travis/build/icyphy/ptII/lib/rsyntaxtextarea-2.6.0-SNAPSHOT.jar:/home/travis/build/icyphy/ptII/lib/hazelcast-3.8.2.jar:/home/travis/build/icyphy/ptII/lib/jackson-annotations-2.9.0.jar:/home/travis/build/icyphy/ptII/lib/jackson-core-2.9.3.jar:/home/travis/build/icyphy/ptII/lib/jackson-databind-2.9.3.jar:/home/travis/build/icyphy/ptII/lib/netty-buffer-4.1.19.Final.jar:/home/travis/build/icyphy/ptII/lib/netty-codec-4.1.19.Final.jar:/home/travis/build/icyphy/ptII/lib/netty-codec-dns-4.1.19.Final.jar:/home/travis/build/icyphy/ptII/lib/netty-codec-http-4.1.19.Final.jar:/home/travis/build/icyphy/ptII/lib/netty-codec-http2-4.1.19.Final.jar:/home/travis/build/icyphy/ptII/lib/netty-common-4.1.19.Final.jar:/home/travis/build/icyphy/ptII/lib/netty-handler-4.1.19.Final.jar:/home/travis/build/icyphy/ptII/lib/netty-resolver-4.1.19.Final.jar:/home/travis/build/icyphy/ptII/lib/netty-resolver-dns-4.1.19.Final.jar:/home/travis/build/icyphy/ptII/lib/netty-transport-4.1.19.Final.jar:/home/travis/build/icyphy/ptII/lib/vertx-codegen-3.5.1.jar:/home/travis/build/icyphy/ptII/lib/vertx-core-3.5.2-SNAPSHOT.jar:/home/travis/build/icyphy/ptII/lib/vertx-hazelcast-3.5.1.jar:/home/travis/build/icyphy/ptII/lib/vertx-lang-js-3.5.1.jar:/home/travis/build/icyphy/ptII/lib/vertx-service-proxy-3.5.1.jar:/home/travis/build/icyphy/ptII/lib/vertx-web-3.5.1.jar:/home/travis/build/icyphy/ptII/lib/slf4j-api-1.7.13.jar:/home/travis/build/icyphy/ptII/lib/slf4j-simple-1.7.13.jar:/home/travis/build/icyphy/ptII/lib/webcam-capture-0.3.12.jar:/home/travis/build/icyphy/ptII/lib/bridj-0.7.0.jar:/home/travis/build/icyphy/ptII/lib/xbjlib-1.1.0.nrjavaserial.jar:/home/travis/build/icyphy/ptII/ptolemy/moml/test:/home/travis/build/icyphy/ptII/ant/lib/ant-launcher.jar:/home/travis/build/icyphy/ptII/ant/lib/ant.jar:/home/travis/build/icyphy/ptII/ant/lib/ant-junit.jar:/home/travis/build/icyphy/ptII/ant/lib/ant-junit4.jar" />
    <property name="ant.library.dir" value="/home/travis/build/icyphy/ptII/ant/lib" />
    <property name="os.arch" value="amd64" />
    <property name="env.CONTINUOUS_INTEGRATION" value="true" />
    <property name="env.TRAVIS_LANGUAGE" value="node_js" />
    <property name="env.TRAVIS_STACK_LANGUAGES" value="__sardonyx__ c c++ clojure cplusplus cpp default generic go groovy java node_js php pure_java python ruby scala" />
    <property name="test.name" value="ptolemy.actor.lib.test.junit.JUnitTclTest" />
    <property name="env.APT_KEY_DONT_WARN_ON_DANGEROUS_USAGE" value="1" />
    <property name="sun.java.launcher" value="SUN_STANDARD" />
    <property name="env.PYTHON_CONFIGURE_OPTS" value="--enable-unicode=ucs4 --with-wide-unicode --enable-shared --enable-ipv6 --enable-loadable-sqlite-extensions --with-computed-gotos" />
    <property name="ant.core.lib" value="/home/travis/build/icyphy/ptII/ant/lib/ant.jar" />
    <property name="java.vm.specification.vendor" value="Oracle Corporation" />
    <property name="env.BCVTB_HOME" value="/home/travis/build/icyphy/ptII/lbnl" />
    <property name="file.separator" value="/" />
    <property name="spotbugs.home" value="/home/travis/build/icyphy/ptII/vendors/spotbugs-3.1.1" />
    <property name="java.runtime.version" value="11.0.2+9" />
    <property name="env.ANSI_CLEAR" value="\033[0K" />
    <property name="javafx.verbose" value="true" />
    <property name="env.HAS_JOSH_K_SEAL_OF_APPROVAL" value="true" />
    <property name="env.XDG_RUNTIME_DIR" value="/run/user/2000" />
    <property name="env.TRAVIS_OSX_IMAGE" value="" />
    <property name="env.TRAVIS_JOB_ID" value="618045894" />
    <property name="env.TRAVIS_BRANCH" value="master" />
    <property name="user.country" value="US" />
    <property name="env.CERTI_HOME_TRAVIS" value="/home/travis/pthla/certi-tools" />
    <property name="env.SHELL" value="/bin/bash" />
    <property name="java.maxmemory.large" value="3200m" />
    <property name="model" value="" />
    <property name="env.CASHER_DIR" value="/home/travis/.casher" />
    <property name="env.NVM_CD_FLAGS" value="" />
    <property name="java.vendor.version" value="18.9" />
    <property name="jshint.executable" value="/home/travis/node_modules/jshint/bin/jshint" />
    <property name="env.JRUBY_OPTS" value=" --client -J-XX:+TieredCompilation -J-XX:TieredStopAtLevel=1 -J-Xss2m -Xcompile.invokedynamic=false" />
    <property name="java.vendor" value="Oracle Corporation" />
    <property name="env.TRAVIS_PRE_CHEF_BOOTSTRAP_TIME" value="2019-03-25T16:16:42" />
    <property name="env.TRAVIS_STACK_JOB_BOARD_REGISTER" value="/.job-board-register.yml" />
    <property name="env.ANSI_RED" value="\033[31;1m" />
    <property name="java.specification.version" value="11" />
    <property name="env.IRBRC" value="/home/travis/.rvm/rubies/ruby-2.5.3/.irbrc" />
    <property name="env.TRAVIS" value="true" />
    <property name="sun.arch.data.model" value="64" />
  </properties>
  <testcase classname="ptolemy.util.test.junit.TclTests" name="[0] /home/travis/build/icyphy/ptII/ptolemy/domains/de/test/DependencyLoop.tcl (RunTclFile)" time="0.97" />
  <testcase classname="ptolemy.util.test.junit.TclTests" name="[1] /home/travis/build/icyphy/ptII/ptolemy/domains/de/test/RunDETestsAsQSS.tcl (RunTclFile)" time="93.727" />
  <testcase classname="ptolemy.util.test.junit.AutoKnownFailedTests" name="[0] /home/travis/build/icyphy/ptII/ptolemy/domains/de/test/auto/knownFailedTests/DESDFClockTest.xml (RunModel)" time="2.052" />
  <testcase classname="ptolemy.util.test.junit.AutoKnownFailedTests" name="[1] /home/travis/build/icyphy/ptII/ptolemy/domains/de/test/auto/knownFailedTests/DirectFeedback.xml (RunModel)" time="0.019" />
  <testcase classname="ptolemy.util.test.junit.AutoKnownFailedTests" name="[2] /home/travis/build/icyphy/ptII/ptolemy/domains/de/test/auto/knownFailedTests/FSMSource.xml (RunModel)" time="0.039" />
  <testcase classname="ptolemy.util.test.junit.AutoKnownFailedTests" name="[3] /home/travis/build/icyphy/ptII/ptolemy/domains/de/test/auto/knownFailedTests/HierarchicalModel.xml (RunModel)" time="0.066" />
  <testcase classname="ptolemy.util.test.junit.AutoKnownFailedTests" name="[4] /home/travis/build/icyphy/ptII/ptolemy/domains/de/test/auto/knownFailedTests/dependencyLoop.xml (RunModel)" time="0.059" />
  <testcase classname="ptolemy.util.test.junit.AutoKnownFailedTests" name="[5] /home/travis/build/icyphy/ptII/ptolemy/domains/de/test/auto/knownFailedTests/dependencyLoop2.xml (RunModel)" time="0.052" />
  <testcase classname="ptolemy.util.test.junit.AutoNameArchTests" name="[0] ThereAreNoAutoArchTests (RunModel)" time="0.006" />
  <testcase classname="ptolemy.util.test.junit.AutoTests" name="[0] /home/travis/build/icyphy/ptII/ptolemy/domains/de/test/auto/ActorDepthCalculation_actorWithoutPorts.xml (RunModel)" time="0.025" />
  <testcase classname="ptolemy.util.test.junit.AutoTests" name="[1] /home/travis/build/icyphy/ptII/ptolemy/domains/de/test/auto/AssemblyLine.xml (RunModel)" time="0.036" />
  <testcase classname="ptolemy.util.test.junit.AutoTests" name="[2] /home/travis/build/icyphy/ptII/ptolemy/domains/de/test/auto/CQBug1.xml (RunModel)" time="0.013" />
  <testcase classname="ptolemy.util.test.junit.AutoTests" name="[3] /home/travis/build/icyphy/ptII/ptolemy/domains/de/test/auto/CancelFireAt.xml (RunModel)" time="0.013" />
  <testcase classname="ptolemy.util.test.junit.AutoTests" name="[4] /home/travis/build/icyphy/ptII/ptolemy/domains/de/test/auto/CausalityAndComposabilityAnalysis.xml (RunModel)" time="0.025" />
  <testcase classname="ptolemy.util.test.junit.AutoTests" name="[5] /home/travis/build/icyphy/ptII/ptolemy/domains/de/test/auto/CausalityInterface1.xml (RunModel)" time="0.034" />
  <testcase classname="ptolemy.util.test.junit.AutoTests" name="[6] /home/travis/build/icyphy/ptII/ptolemy/domains/de/test/auto/CausalityInterface15.xml (RunModel)" time="0.022" />
  <testcase classname="ptolemy.util.test.junit.AutoTests" name="[7] /home/travis/build/icyphy/ptII/ptolemy/domains/de/test/auto/CausalityInterface2.xml (RunModel)" time="0.019" />
  <testcase classname="ptolemy.util.test.junit.AutoTests" name="[8] /home/travis/build/icyphy/ptII/ptolemy/domains/de/test/auto/CausalityInterface3.xml (RunModel)" time="0.016" />
  <testcase classname="ptolemy.util.test.junit.AutoTests" name="[9] /home/travis/build/icyphy/ptII/ptolemy/domains/de/test/auto/ClockDrift.xml (RunModel)" time="0.048" />
  <testcase classname="ptolemy.util.test.junit.AutoTests" name="[10] /home/travis/build/icyphy/ptII/ptolemy/domains/de/test/auto/ClockDriftAndValueChange.xml (RunModel)" time="0.038" />
  <testcase classname="ptolemy.util.test.junit.AutoTests" name="[11] /home/travis/build/icyphy/ptII/ptolemy/domains/de/test/auto/ClockDriftChange.xml (RunModel)" time="0.041" />
  <testcase classname="ptolemy.util.test.junit.AutoTests" name="[12] /home/travis/build/icyphy/ptII/ptolemy/domains/de/test/auto/ComposableCausalityAnalysis.xml (RunModel)" time="0.023" />
  <testcase classname="ptolemy.util.test.junit.AutoTests" name="[13] /home/travis/build/icyphy/ptII/ptolemy/domains/de/test/auto/DEFixedPointLimitation.xml (RunModel)" time="0.016" />
  <testcase classname="ptolemy.util.test.junit.AutoTests" name="[14] /home/travis/build/icyphy/ptII/ptolemy/domains/de/test/auto/DEScheduleTest.xml (RunModel)" time="0.021" />
  <testcase classname="ptolemy.util.test.junit.AutoTests" name="[15] /home/travis/build/icyphy/ptII/ptolemy/domains/de/test/auto/DEinDEwithStartTimes.xml (RunModel)" time="0.02" />
  <testcase classname="ptolemy.util.test.junit.AutoTests" name="[16] /home/travis/build/icyphy/ptII/ptolemy/domains/de/test/auto/DEinDEwithStartTimes2.xml (RunModel)" time="0.022" />
  <testcase classname="ptolemy.util.test.junit.AutoTests" name="[17] /home/travis/build/icyphy/ptII/ptolemy/domains/de/test/auto/DateDemo.xml (RunModel)" time="0.043" />
  <testcase classname="ptolemy.util.test.junit.AutoTests" name="[18] /home/travis/build/icyphy/ptII/ptolemy/domains/de/test/auto/DateToEvent.xml (RunModel)" time="2.054" />
  <testcase classname="ptolemy.util.test.junit.AutoTests" name="[19] /home/travis/build/icyphy/ptII/ptolemy/domains/de/test/auto/DepthTest1.xml (RunModel)" time="0.011" />
  <testcase classname="ptolemy.util.test.junit.AutoTests" name="[20] /home/travis/build/icyphy/ptII/ptolemy/domains/de/test/auto/DepthTest2.xml (RunModel)" time="0.025" />
  <testcase classname="ptolemy.util.test.junit.AutoTests" name="[21] /home/travis/build/icyphy/ptII/ptolemy/domains/de/test/auto/DepthTest3.xml (RunModel)" time="0.007" />
  <testcase classname="ptolemy.util.test.junit.AutoTests" name="[22] /home/travis/build/icyphy/ptII/ptolemy/domains/de/test/auto/DepthTest4.xml (RunModel)" time="0.013" />
  <testcase classname="ptolemy.util.test.junit.AutoTests" name="[23] /home/travis/build/icyphy/ptII/ptolemy/domains/de/test/auto/DepthTest5.xml (RunModel)" time="0.014" />
  <testcase classname="ptolemy.util.test.junit.AutoTests" name="[24] /home/travis/build/icyphy/ptII/ptolemy/domains/de/test/auto/DepthTest6.xml (RunModel)" time="0.013" />
  <testcase classname="ptolemy.util.test.junit.AutoTests" name="[25] /home/travis/build/icyphy/ptII/ptolemy/domains/de/test/auto/DepthTest7.xml (RunModel)" time="0.015" />
  <testcase classname="ptolemy.util.test.junit.AutoTests" name="[26] /home/travis/build/icyphy/ptII/ptolemy/domains/de/test/auto/EventToDate.xml (RunModel)" time="3.042" />
  <testcase classname="ptolemy.util.test.junit.AutoTests" name="[27] /home/travis/build/icyphy/ptII/ptolemy/domains/de/test/auto/FSM1.xml (RunModel)" time="0.04" />
  <testcase classname="ptolemy.util.test.junit.AutoTests" name="[28] /home/travis/build/icyphy/ptII/ptolemy/domains/de/test/auto/FSM7.xml (RunModel)" time="0.056" />
  <testcase classname="ptolemy.util.test.junit.AutoTests" name="[29] /home/travis/build/icyphy/ptII/ptolemy/domains/de/test/auto/Inspection.xml (RunModel)" time="0.058" />
  <testcase classname="ptolemy.util.test.junit.AutoTests" name="[30] /home/travis/build/icyphy/ptII/ptolemy/domains/de/test/auto/Iteration.xml (RunModel)" time="0.03" />
  <testcase classname="ptolemy.util.test.junit.AutoTests" name="[31] /home/travis/build/icyphy/ptII/ptolemy/domains/de/test/auto/LineFault.xml (RunModel)" time="0.686" />
  <testcase classname="ptolemy.util.test.junit.AutoTests" name="[32] /home/travis/build/icyphy/ptII/ptolemy/domains/de/test/auto/MergeModel1Add.xml (RunModel)" time="0.056" />
  <testcase classname="ptolemy.util.test.junit.AutoTests" name="[33] /home/travis/build/icyphy/ptII/ptolemy/domains/de/test/auto/MergeModel2Add.xml (RunModel)" time="0.047" />
  <testcase classname="ptolemy.util.test.junit.AutoTests" name="[34] /home/travis/build/icyphy/ptII/ptolemy/domains/de/test/auto/MergeModel3Add.xml (RunModel)" time="0.062" />
  <testcase classname="ptolemy.util.test.junit.AutoTests" name="[35] /home/travis/build/icyphy/ptII/ptolemy/domains/de/test/auto/MergeWithoutDiscard.xml (RunModel)" time="0.013" />
  <testcase classname="ptolemy.util.test.junit.AutoTests" name="[36] /home/travis/build/icyphy/ptII/ptolemy/domains/de/test/auto/Modal1.xml (RunModel)" time="0.03" />
  <testcase classname="ptolemy.util.test.junit.AutoTests" name="[37] /home/travis/build/icyphy/ptII/ptolemy/domains/de/test/auto/Modal2.xml (RunModel)" time="0.038" />
  <testcase classname="ptolemy.util.test.junit.AutoTests" name="[38] /home/travis/build/icyphy/ptII/ptolemy/domains/de/test/auto/Modal3.xml (RunModel)" time="0.034" />
  <testcase classname="ptolemy.util.test.junit.AutoTests" name="[39] /home/travis/build/icyphy/ptII/ptolemy/domains/de/test/auto/Modal4.xml (RunModel)" time="0.046" />
  <testcase classname="ptolemy.util.test.junit.AutoTests" name="[40] /home/travis/build/icyphy/ptII/ptolemy/domains/de/test/auto/Modal5.xml (RunModel)" time="0.041" />
  <testcase classname="ptolemy.util.test.junit.AutoTests" name="[41] /home/travis/build/icyphy/ptII/ptolemy/domains/de/test/auto/Modal6.xml (RunModel)" time="0.045" />
  <testcase classname="ptolemy.util.test.junit.AutoTests" name="[42] /home/travis/build/icyphy/ptII/ptolemy/domains/de/test/auto/Modal7.xml (RunModel)" time="0.045" />
  <testcase classname="ptolemy.util.test.junit.AutoTests" name="[43] /home/travis/build/icyphy/ptII/ptolemy/domains/de/test/auto/ModalModel.xml (RunModel)" time="0.188" />
  <testcase classname="ptolemy.util.test.junit.AutoTests" name="[44] /home/travis/build/icyphy/ptII/ptolemy/domains/de/test/auto/ModalSource.xml (RunModel)" time="0.017" />
  <testcase classname="ptolemy.util.test.junit.AutoTests" name="[45] /home/travis/build/icyphy/ptII/ptolemy/domains/de/test/auto/NonInterruptibleTimerZeroDelay.xml (RunModel)" time="0.017" />
  <testcase classname="ptolemy.util.test.junit.AutoTests" name="[46] /home/travis/build/icyphy/ptII/ptolemy/domains/de/test/auto/OpenQueueingNetwork.xml (RunModel)" time="2.549" />
  <testcase classname="ptolemy.util.test.junit.AutoTests" name="[47] /home/travis/build/icyphy/ptII/ptolemy/domains/de/test/auto/OpenQueuingNetwork.xml (RunModel)" time="0.292" />
  <testcase classname="ptolemy.util.test.junit.AutoTests" name="[48] /home/travis/build/icyphy/ptII/ptolemy/domains/de/test/auto/PeriodicSampler.xml (RunModel)" time="0.018" />
  <testcase classname="ptolemy.util.test.junit.AutoTests" name="[49] /home/travis/build/icyphy/ptII/ptolemy/domains/de/test/auto/PersistentIO.xml (RunModel)" time="0.019" />
  <testcase classname="ptolemy.util.test.junit.AutoTests" name="[50] /home/travis/build/icyphy/ptII/ptolemy/domains/de/test/auto/PortParameterResetOnInitialize.xml (RunModel)" time="0.01" />
  <testcase classname="ptolemy.util.test.junit.AutoTests" name="[51] /home/travis/build/icyphy/ptII/ptolemy/domains/de/test/auto/PortParameterUpdates.xml (RunModel)" time="0.019" />
  <testcase classname="ptolemy.util.test.junit.AutoTests" name="[52] /home/travis/build/icyphy/ptII/ptolemy/domains/de/test/auto/QueueAndServer.xml (RunModel)" time="0.022" />
  <testcase classname="ptolemy.util.test.junit.AutoTests" name="[53] /home/travis/build/icyphy/ptII/ptolemy/domains/de/test/auto/Records.xml (RunModel)" time="0.014" />
  <testcase classname="ptolemy.util.test.junit.AutoTests" name="[54] /home/travis/build/icyphy/ptII/ptolemy/domains/de/test/auto/ResetTransitionWithStartTime1.xml (RunModel)" time="0.018" />
  <testcase classname="ptolemy.util.test.junit.AutoTests" name="[55] /home/travis/build/icyphy/ptII/ptolemy/domains/de/test/auto/ResetTransitionWithStartTime2.xml (RunModel)" time="0.021" />
  <testcase classname="ptolemy.util.test.junit.AutoTests" name="[56] /home/travis/build/icyphy/ptII/ptolemy/domains/de/test/auto/ResetTransitionWithStartTime3.xml (RunModel)" time="0.021" />
  <testcase classname="ptolemy.util.test.junit.AutoTests" name="[57] /home/travis/build/icyphy/ptII/ptolemy/domains/de/test/auto/ResetTransitionWithStartTime4.xml (RunModel)" time="0.019" />
  <testcase classname="ptolemy.util.test.junit.AutoTests" name="[58] /home/travis/build/icyphy/ptII/ptolemy/domains/de/test/auto/ResettableTimer1.xml (RunModel)" time="0.01" />
  <testcase classname="ptolemy.util.test.junit.AutoTests" name="[59] /home/travis/build/icyphy/ptII/ptolemy/domains/de/test/auto/ResettableTimer2.xml (RunModel)" time="0.009" />
  <testcase classname="ptolemy.util.test.junit.AutoTests" name="[60] /home/travis/build/icyphy/ptII/ptolemy/domains/de/test/auto/ResettableTimer3.xml (RunModel)" time="0.01" />
  <testcase classname="ptolemy.util.test.junit.AutoTests" name="[61] /home/travis/build/icyphy/ptII/ptolemy/domains/de/test/auto/ResettableTimer4.xml (RunModel)" time="0.01" />
  <testcase classname="ptolemy.util.test.junit.AutoTests" name="[62] /home/travis/build/icyphy/ptII/ptolemy/domains/de/test/auto/ResettableTimer5.xml (RunModel)" time="0.01" />
  <testcase classname="ptolemy.util.test.junit.AutoTests" name="[63] /home/travis/build/icyphy/ptII/ptolemy/domains/de/test/auto/ResettableTimer6.xml (RunModel)" time="0.017" />
  <testcase classname="ptolemy.util.test.junit.AutoTests" name="[64] /home/travis/build/icyphy/ptII/ptolemy/domains/de/test/auto/ServerZeroDelay.xml (RunModel)" time="0.014" />
  <testcase classname="ptolemy.util.test.junit.AutoTests" name="[65] /home/travis/build/icyphy/ptII/ptolemy/domains/de/test/auto/SmartSender.xml (RunModel)" time="3.009" />
  <testcase classname="ptolemy.util.test.junit.AutoTests" name="[66] /home/travis/build/icyphy/ptII/ptolemy/domains/de/test/auto/ThreadedComposite.xml (RunModel)" time="0.148" />
  <testcase classname="ptolemy.util.test.junit.AutoTests" name="[67] /home/travis/build/icyphy/ptII/ptolemy/domains/de/test/auto/Time.xml (RunModel)" time="0.517" />
  <testcase classname="ptolemy.util.test.junit.AutoTests" name="[68] /home/travis/build/icyphy/ptII/ptolemy/domains/de/test/auto/TimeDelayZeroDelay.xml (RunModel)" time="0.019" />
  <testcase classname="ptolemy.util.test.junit.AutoTests" name="[69] /home/travis/build/icyphy/ptII/ptolemy/domains/de/test/auto/TimerZeroDelay.xml (RunModel)" time="0.011" />
  <testcase classname="ptolemy.util.test.junit.AutoTests" name="[70] /home/travis/build/icyphy/ptII/ptolemy/domains/de/test/auto/TimingParadox.xml (RunModel)" time="0.382" />
  <testcase classname="ptolemy.util.test.junit.AutoTests" name="[71] /home/travis/build/icyphy/ptII/ptolemy/domains/de/test/auto/TransferInputs.xml (RunModel)" time="0.015" />
  <testcase classname="ptolemy.util.test.junit.AutoTests" name="[72] /home/travis/build/icyphy/ptII/ptolemy/domains/de/test/auto/TransferOutputs2.xml (RunModel)" time="0.019" />
  <testcase classname="ptolemy.util.test.junit.AutoTests" name="[73] /home/travis/build/icyphy/ptII/ptolemy/domains/de/test/auto/Trilateration.xml (RunModel)" time="13.206" />
  <testcase classname="ptolemy.util.test.junit.AutoTests" name="[74] /home/travis/build/icyphy/ptII/ptolemy/domains/de/test/auto/TwoSigmaDelta.xml (RunModel)" time="2.225" />
  <testcase classname="ptolemy.util.test.junit.AutoTests" name="[75] /home/travis/build/icyphy/ptII/ptolemy/domains/de/test/auto/VariableDelay.xml (RunModel)" time="0.016" />
  <testcase classname="ptolemy.util.test.junit.AutoTests" name="[76] /home/travis/build/icyphy/ptII/ptolemy/domains/de/test/auto/VariableDelay2.xml (RunModel)" time="0.015" />
  <testcase classname="ptolemy.util.test.junit.AutoTests" name="[77] /home/travis/build/icyphy/ptII/ptolemy/domains/de/test/auto/VariableDelayZeroDelay.xml (RunModel)" time="0.015" />
  <testcase classname="ptolemy.util.test.junit.AutoTests" name="[78] /home/travis/build/icyphy/ptII/ptolemy/domains/de/test/auto/VariableDelayZeroDelay2.xml (RunModel)" time="0.02" />
  <testcase classname="ptolemy.util.test.junit.AutoTests" name="[79] /home/travis/build/icyphy/ptII/ptolemy/domains/de/test/auto/deInCt.xml (RunModel)" time="0.018" />
  <testcase classname="ptolemy.util.test.junit.AutoTests" name="[80] /home/travis/build/icyphy/ptII/ptolemy/domains/de/test/auto/deInCt2.xml (RunModel)" time="0.016" />
  <testcase classname="ptolemy.util.test.junit.AutoTests" name="[81] /home/travis/build/icyphy/ptII/ptolemy/domains/de/test/auto/dynamicCausalityInterface1.xml (RunModel)" time="0.019" />
  <testcase classname="ptolemy.util.test.junit.AutoTests" name="[82] /home/travis/build/icyphy/ptII/ptolemy/domains/de/test/auto/fsm_de_test.xml (RunModel)" time="0.025" />
  <testcase classname="ptolemy.util.test.junit.AutoTests" name="[83] /home/travis/build/icyphy/ptII/ptolemy/domains/de/test/auto/functionDependencyReconstruction.xml (RunModel)" time="0.031" />
  <testcase classname="ptolemy.util.test.junit.AutoTests" name="[84] /home/travis/build/icyphy/ptII/ptolemy/domains/de/test/auto/multirate.xml (RunModel)" time="0.033" />
  <testcase classname="ptolemy.util.test.junit.AutoTests" name="[85] /home/travis/build/icyphy/ptII/ptolemy/domains/de/test/auto/multirate2.xml (RunModel)" time="0.018" />
  <testcase classname="ptolemy.util.test.junit.AutoTests" name="[86] /home/travis/build/icyphy/ptII/ptolemy/domains/de/test/auto/realtime.xml (RunModel)" time="10.01" />
  <testcase classname="ptolemy.util.test.junit.AutoTests" name="[87] /home/travis/build/icyphy/ptII/ptolemy/domains/de/test/auto/relationGroup.xml (RunModel)" time="0.018" />
  <testcase classname="ptolemy.util.test.junit.AutoTests" name="[88] /home/travis/build/icyphy/ptII/ptolemy/domains/de/test/auto/relationGroup2.xml (RunModel)" time="0.006" />
  <testcase classname="ptolemy.util.test.junit.AutoTests" name="[89] /home/travis/build/icyphy/ptII/ptolemy/domains/de/test/auto/sortWithOpaquePorts.xml (RunModel)" time="0.017" />
  <testcase classname="ptolemy.util.test.junit.AutoTests" name="[90] /home/travis/build/icyphy/ptII/ptolemy/domains/de/test/auto/transferInputsandOutputs.xml (RunModel)" time="0.028" />
  <testcase classname="ptolemy.util.test.junit.AutoTests" name="[91] /home/travis/build/icyphy/ptII/ptolemy/domains/de/test/auto/triggerType.xml (RunModel)" time="0.012" />
  <system-out><![CDATA[/home/travis/build/icyphy/ptII/ptolemy/domains/de/test/DependencyLoop.tcl
testDefs.tcl: setting time out to 9000 seconds at Thu Nov 28 06:19:50 UTC 2019
74 ms. Memory: 120832K Free: 72012K (60%)
34 ms. Memory: 120832K Free: 54604K (45%)
/home/travis/build/icyphy/ptII/ptolemy/domains/de/test/RunDETestsAsQSS.tcl
Run the DE tests using ptolemy.domains.qss.test.QSSDirectorTest, which extends QSSDirector and prints a message in the constructors.
------------------ testing $PTII/ptolemy/domains/de/test/auto/knownFailedTests/DirectFeedback.xml (Known Failure) 
41 ms. Memory: 120832K Free: 48974K (41%)


==== $PTIIhome/travis/build/icyphy/ptII/ptolemy/domains/de/test/../../../../: Auto Automatic test in file $PTII/ptolemy/domains/de/test/auto/knownFailedTests/DirectFeedback.xml
==== Contents of test case:

	    # FIXME: we should use $relativeFilename here, but it
	    # might have backslashes under Windows, which causes no end
	    # of trouble.
	    createAndExecute $file
	    list {}
	
.... Test generated KNOWN error:
    while executing
ptolemy.kernel.util.IllegalActionException: Test fails in iteration 1.
Value was: 1.0. Should have been: 2.0
  in .DirectFeedback.Test
	at ptolemy.actor.lib.Test.fire(Test.java:268)
	at ptolemy.domains.de.kernel.DEDirector._fire(DEDirector.java:1949)
	at ptolemy.domains.de.kernel.DEDirector.fire(DEDirector.java:502)
	at ptolemy.actor.CompositeActor.fire(CompositeActor.java:455)
	at ptolemy.actor.Manager.iterate(Manager.java:851)
	at ptolemy.actor.Manager.execute(Manager.java:369)
	at ptolemy.actor.Manager.run(Manager.java:1263)
	at ptolemy.actor.Manager$PtolemyRunThread.run(Manager.java:1933)

    while executing
ptolemy.kernel.util.IllegalActionException: Test fails in iteration 1.
Value was: 1.0. Should have been: 2.0
  in .DirectFeedback.Test
    while executing
"java::new ptolemy.moml.MoMLSimpleApplication $file
"
    (procedure "createAndExecute" line 2)
    invoked from within
"createAndExecute $file"
    ("uplevel" body line 5)
    invoked from within
"uplevel $contents_of_test"
------------------ testing $PTII/ptolemy/domains/de/test/auto/knownFailedTests/dependencyLoop.xml (Known Failure) 
17 ms. Memory: 120832K Free: 45902K (38%)


==== $PTIIhome/travis/build/icyphy/ptII/ptolemy/domains/de/test/../../../../: Auto Automatic test in file $PTII/ptolemy/domains/de/test/auto/knownFailedTests/dependencyLoop.xml
==== Contents of test case:

	    # FIXME: we should use $relativeFilename here, but it
	    # might have backslashes under Windows, which causes no end
	    # of trouble.
	    createAndExecute $file
	    list {}
	
.... Test generated KNOWN error:
    while executing
ptolemy.kernel.util.IllegalActionException: Found a zero delay loop containing .dependencyLoop.original
  in .dependencyLoop and .dependencyLoop.original
	at ptolemy.actor.util.CausalityInterfaceForComposites._computeOutputPortDepth(CausalityInterfaceForComposites.java:759)
	at ptolemy.actor.util.CausalityInterfaceForComposites._computeInputDepth(CausalityInterfaceForComposites.java:696)
	at ptolemy.actor.util.CausalityInterfaceForComposites._computeOutputPortDepth(CausalityInterfaceForComposites.java:765)
	at ptolemy.actor.util.CausalityInterfaceForComposites._computeInputDepth(CausalityInterfaceForComposites.java:696)
	at ptolemy.actor.util.CausalityInterfaceForComposites._computeOutputPortDepth(CausalityInterfaceForComposites.java:765)
	at ptolemy.actor.util.CausalityInterfaceForComposites._computeInputDepth(CausalityInterfaceForComposites.java:696)
	at ptolemy.actor.util.CausalityInterfaceForComposites._computeActorDepth(CausalityInterfaceForComposites.java:532)
	at ptolemy.actor.util.CausalityInterfaceForComposites.checkForCycles(CausalityInterfaceForComposites.java:96)
	at ptolemy.domains.de.kernel.DEDirector.preinitialize(DEDirector.java:1338)
	at ptolemy.actor.CompositeActor.preinitialize(CompositeActor.java:1828)
	at ptolemy.actor.Manager.preinitializeAndResolveTypes(Manager.java:1040)
	at ptolemy.actor.Manager.initialize(Manager.java:710)
	at ptolemy.actor.Manager.execute(Manager.java:356)
	at ptolemy.actor.Manager.run(Manager.java:1263)
	at ptolemy.actor.Manager$PtolemyRunThread.run(Manager.java:1933)

    while executing
ptolemy.kernel.util.IllegalActionException: Found a zero delay loop containing .dependencyLoop.original
  in .dependencyLoop and .dependencyLoop.original
    while executing
"java::new ptolemy.moml.MoMLSimpleApplication $file
"
    (procedure "createAndExecute" line 2)
    invoked from within
"createAndExecute $file"
    ("uplevel" body line 5)
    invoked from within
"uplevel $contents_of_test"
------------------ testing $PTII/ptolemy/domains/de/test/auto/knownFailedTests/FSMSource.xml (Known Failure) 
75 ms. Memory: 120832K Free: 99332K (82%)
!!!! Auto was marked as failing, but now passes
------------------ testing $PTII/ptolemy/domains/de/test/auto/knownFailedTests/HierarchicalModel.xml (Known Failure) 
6 ms. Memory: 120832K Free: 82366K (68%)


==== $PTIIhome/travis/build/icyphy/ptII/ptolemy/domains/de/test/../../../../: Auto Automatic test in file $PTII/ptolemy/domains/de/test/auto/knownFailedTests/HierarchicalModel.xml
==== Contents of test case:

	    # FIXME: we should use $relativeFilename here, but it
	    # might have backslashes under Windows, which causes no end
	    # of trouble.
	    createAndExecute $file
	    list {}
	
.... Test generated KNOWN error:
    while executing
ptolemy.kernel.util.IllegalActionException: Found a zero delay loop containing .HierarchicalModel.A
  in .HierarchicalModel and .HierarchicalModel.A
	at ptolemy.actor.util.CausalityInterfaceForComposites._computeOutputPortDepth(CausalityInterfaceForComposites.java:759)
	at ptolemy.actor.util.CausalityInterfaceForComposites._computeInputDepth(CausalityInterfaceForComposites.java:696)
	at ptolemy.actor.util.CausalityInterfaceForComposites._computeOutputPortDepth(CausalityInterfaceForComposites.java:765)
	at ptolemy.actor.util.CausalityInterfaceForComposites._computeInputDepth(CausalityInterfaceForComposites.java:696)
	at ptolemy.actor.util.CausalityInterfaceForComposites._computeOutputPortDepth(CausalityInterfaceForComposites.java:765)
	at ptolemy.actor.util.CausalityInterfaceForComposites._computeInputDepth(CausalityInterfaceForComposites.java:696)
	at ptolemy.actor.util.CausalityInterfaceForComposites._computeActorDepth(CausalityInterfaceForComposites.java:532)
	at ptolemy.actor.util.CausalityInterfaceForComposites.checkForCycles(CausalityInterfaceForComposites.java:96)
	at ptolemy.domains.de.kernel.DEDirector.preinitialize(DEDirector.java:1338)
	at ptolemy.actor.CompositeActor.preinitialize(CompositeActor.java:1828)
	at ptolemy.actor.Manager.preinitializeAndResolveTypes(Manager.java:1040)
	at ptolemy.actor.Manager.initialize(Manager.java:710)
	at ptolemy.actor.Manager.execute(Manager.java:356)
	at ptolemy.actor.Manager.run(Manager.java:1263)
	at ptolemy.actor.Manager$PtolemyRunThread.run(Manager.java:1933)

    while executing
ptolemy.kernel.util.IllegalActionException: Found a zero delay loop containing .HierarchicalModel.A
  in .HierarchicalModel and .HierarchicalModel.A
    while executing
"java::new ptolemy.moml.MoMLSimpleApplication $file
"
    (procedure "createAndExecute" line 2)
    invoked from within
"createAndExecute $file"
    ("uplevel" body line 5)
    invoked from within
"uplevel $contents_of_test"
------------------ testing $PTII/ptolemy/domains/de/test/auto/knownFailedTests/dependencyLoop2.xml (Known Failure) 
38 ms. Memory: 120832K Free: 106517K (88%)


==== $PTIIhome/travis/build/icyphy/ptII/ptolemy/domains/de/test/../../../../: Auto Automatic test in file $PTII/ptolemy/domains/de/test/auto/knownFailedTests/dependencyLoop2.xml
==== Contents of test case:

	    # FIXME: we should use $relativeFilename here, but it
	    # might have backslashes under Windows, which causes no end
	    # of trouble.
	    createAndExecute $file
	    list {}
	
.... Test generated KNOWN error:
    while executing
ptolemy.kernel.util.IllegalActionException: Found a zero delay loop containing .dependencyLoop2.original
  in .dependencyLoop2 and .dependencyLoop2.original
	at ptolemy.actor.util.CausalityInterfaceForComposites._computeOutputPortDepth(CausalityInterfaceForComposites.java:759)
	at ptolemy.actor.util.CausalityInterfaceForComposites._computeInputDepth(CausalityInterfaceForComposites.java:696)
	at ptolemy.actor.util.CausalityInterfaceForComposites._computeOutputPortDepth(CausalityInterfaceForComposites.java:765)
	at ptolemy.actor.util.CausalityInterfaceForComposites._computeInputDepth(CausalityInterfaceForComposites.java:696)
	at ptolemy.actor.util.CausalityInterfaceForComposites._computeOutputPortDepth(CausalityInterfaceForComposites.java:765)
	at ptolemy.actor.util.CausalityInterfaceForComposites._computeInputDepth(CausalityInterfaceForComposites.java:696)
	at ptolemy.actor.util.CausalityInterfaceForComposites._computeActorDepth(CausalityInterfaceForComposites.java:532)
	at ptolemy.actor.util.CausalityInterfaceForComposites.checkForCycles(CausalityInterfaceForComposites.java:96)
	at ptolemy.domains.de.kernel.DEDirector.preinitialize(DEDirector.java:1338)
	at ptolemy.actor.CompositeActor.preinitialize(CompositeActor.java:1828)
	at ptolemy.actor.Manager.preinitializeAndResolveTypes(Manager.java:1040)
	at ptolemy.actor.Manager.initialize(Manager.java:710)
	at ptolemy.actor.Manager.execute(Manager.java:356)
	at ptolemy.actor.Manager.run(Manager.java:1263)
	at ptolemy.actor.Manager$PtolemyRunThread.run(Manager.java:1933)

    while executing
ptolemy.kernel.util.IllegalActionException: Found a zero delay loop containing .dependencyLoop2.original
  in .dependencyLoop2 and .dependencyLoop2.original
    while executing
"java::new ptolemy.moml.MoMLSimpleApplication $file
"
    (procedure "createAndExecute" line 2)
    invoked from within
"createAndExecute $file"
    ("uplevel" body line 5)
    invoked from within
"uplevel $contents_of_test"
------------------ testing $PTII/ptolemy/domains/de/test/auto/knownFailedTests/DESDFClockTest.xml (Known Failure) 
2078 ms. Memory: 120832K Free: 93069K (77%)


==== $PTIIhome/travis/build/icyphy/ptII/ptolemy/domains/de/test/../../../../: Auto Automatic test in file $PTII/ptolemy/domains/de/test/auto/knownFailedTests/DESDFClockTest.xml
==== Contents of test case:

	    # FIXME: we should use $relativeFilename here, but it
	    # might have backslashes under Windows, which causes no end
	    # of trouble.
	    createAndExecute $file
	    list {}
	
.... Test generated KNOWN error:
    while executing
ptolemy.kernel.util.IllegalActionException: Actor is not ready to fire.  Perhaps UpSample.prefire() returned false? Try debugging the actor by selecting "Listen to Actor".  Also, for SDF check moml for tokenConsumptionRate on input.
  in .DESDFClockTest.Play Bell.Copy1:SDF Director and .DESDFClockTest.Play Bell.UpSample
	at ptolemy.actor.sched.StaticSchedulingDirector.fire(StaticSchedulingDirector.java:227)
	at ptolemy.domains.sdf.kernel.SDFDirector.fire(SDFDirector.java:500)
	at ptolemy.actor.CompositeActor.fire(CompositeActor.java:455)
	at ptolemy.domains.de.kernel.DEDirector._fire(DEDirector.java:1949)
	at ptolemy.domains.de.kernel.DEDirector.fire(DEDirector.java:502)
	at ptolemy.actor.CompositeActor.fire(CompositeActor.java:455)
	at ptolemy.actor.Manager.iterate(Manager.java:851)
	at ptolemy.actor.Manager.execute(Manager.java:369)
	at ptolemy.actor.Manager.run(Manager.java:1263)
	at ptolemy.actor.Manager$PtolemyRunThread.run(Manager.java:1933)

    while executing
ptolemy.kernel.util.IllegalActionException: Actor is not ready to fire.  Perhaps UpSample.prefire() returned false? Try debugging the actor by selecting "Listen to Actor".  Also, for SDF check moml for tokenConsumptionRate on input.
  in .DESDFClockTest.Play Bell.Copy1:SDF Director and .DESDFClockTest.Play Bell.UpSample
    while executing
"java::new ptolemy.moml.MoMLSimpleApplication $file
"
    (procedure "createAndExecute" line 2)
    invoked from within
"createAndExecute $file"
    ("uplevel" body line 5)
    invoked from within
"uplevel $contents_of_test"
------------------ testing $PTII/ptolemy/domains/de/test/auto/ActorDepthCalculation_actorWithoutPorts.xml
auto.tcl: Setting watchdog for 200 seconds at Thu Nov 28 06:19:54 UTC 2019
12 ms. Memory: 120832K Free: 85152K (70%)
ptolemy.util.test.WatchDog.cancel(): canceling Thu Nov 28 06:19:54 UTC 2019
auto.tcl: Setting watchdog for 200 seconds at Thu Nov 28 06:19:54 UTC 2019
8 ms. Memory: 120832K Free: 83853K (69%)
ptolemy.util.test.WatchDog.cancel(): canceling Thu Nov 28 06:19:54 UTC 2019
------------------ testing $PTII/ptolemy/domains/de/test/auto/AssemblyLine.xml
auto.tcl: Setting watchdog for 200 seconds at Thu Nov 28 06:19:54 UTC 2019
20 ms. Memory: 48128K Free: 25769K (54%)
ptolemy.util.test.WatchDog.cancel(): canceling Thu Nov 28 06:19:55 UTC 2019
auto.tcl: Setting watchdog for 200 seconds at Thu Nov 28 06:19:55 UTC 2019
16 ms. Memory: 48128K Free: 24960K (52%)
ptolemy.util.test.WatchDog.cancel(): canceling Thu Nov 28 06:19:55 UTC 2019
------------------ testing $PTII/ptolemy/domains/de/test/auto/CQBug1.xml
auto.tcl: Setting watchdog for 200 seconds at Thu Nov 28 06:19:55 UTC 2019
3 ms. Memory: 48128K Free: 31583K (66%)
ptolemy.util.test.WatchDog.cancel(): canceling Thu Nov 28 06:19:55 UTC 2019
auto.tcl: Setting watchdog for 200 seconds at Thu Nov 28 06:19:55 UTC 2019
3 ms. Memory: 48128K Free: 31164K (65%)
ptolemy.util.test.WatchDog.cancel(): canceling Thu Nov 28 06:19:55 UTC 2019
------------------ testing $PTII/ptolemy/domains/de/test/auto/CancelFireAt.xml
auto.tcl: Setting watchdog for 200 seconds at Thu Nov 28 06:19:55 UTC 2019
3 ms. Memory: 48128K Free: 32746K (68%)
ptolemy.util.test.WatchDog.cancel(): canceling Thu Nov 28 06:19:55 UTC 2019
auto.tcl: Setting watchdog for 200 seconds at Thu Nov 28 06:19:55 UTC 2019
2 ms. Memory: 48128K Free: 32326K (67%)
ptolemy.util.test.WatchDog.cancel(): canceling Thu Nov 28 06:19:55 UTC 2019
------------------ testing $PTII/ptolemy/domains/de/test/auto/CausalityAndComposabilityAnalysis.xml
auto.tcl: Setting watchdog for 200 seconds at Thu Nov 28 06:19:55 UTC 2019
7 ms. Memory: 48128K Free: 30491K (63%)
ptolemy.util.test.WatchDog.cancel(): canceling Thu Nov 28 06:19:55 UTC 2019
auto.tcl: Setting watchdog for 200 seconds at Thu Nov 28 06:19:55 UTC 2019
5 ms. Memory: 48128K Free: 30072K (62%)
ptolemy.util.test.WatchDog.cancel(): canceling Thu Nov 28 06:19:55 UTC 2019
------------------ testing $PTII/ptolemy/domains/de/test/auto/CausalityInterface1.xml
auto.tcl: Setting watchdog for 200 seconds at Thu Nov 28 06:19:55 UTC 2019
18 ms. Memory: 45056K Free: 26390K (59%)
ptolemy.util.test.WatchDog.cancel(): canceling Thu Nov 28 06:19:55 UTC 2019
auto.tcl: Setting watchdog for 200 seconds at Thu Nov 28 06:19:55 UTC 2019
5 ms. Memory: 45056K Free: 25433K (56%)
ptolemy.util.test.WatchDog.cancel(): canceling Thu Nov 28 06:19:55 UTC 2019
------------------ testing $PTII/ptolemy/domains/de/test/auto/CausalityInterface15.xml
auto.tcl: Setting watchdog for 200 seconds at Thu Nov 28 06:19:55 UTC 2019
16 ms. Memory: 45056K Free: 26340K (58%)
ptolemy.util.test.WatchDog.cancel(): canceling Thu Nov 28 06:19:55 UTC 2019
auto.tcl: Setting watchdog for 200 seconds at Thu Nov 28 06:19:55 UTC 2019
8 ms. Memory: 45056K Free: 25367K (56%)
ptolemy.util.test.WatchDog.cancel(): canceling Thu Nov 28 06:19:55 UTC 2019
------------------ testing $PTII/ptolemy/domains/de/test/auto/CausalityInterface2.xml
auto.tcl: Setting watchdog for 200 seconds at Thu Nov 28 06:19:55 UTC 2019
8 ms. Memory: 45056K Free: 27109K (60%)
ptolemy.util.test.WatchDog.cancel(): canceling Thu Nov 28 06:19:55 UTC 2019
auto.tcl: Setting watchdog for 200 seconds at Thu Nov 28 06:19:55 UTC 2019
4 ms. Memory: 45056K Free: 26038K (58%)
ptolemy.util.test.WatchDog.cancel(): canceling Thu Nov 28 06:19:55 UTC 2019
------------------ testing $PTII/ptolemy/domains/de/test/auto/CausalityInterface3.xml
auto.tcl: Setting watchdog for 200 seconds at Thu Nov 28 06:19:55 UTC 2019
4 ms. Memory: 45056K Free: 27096K (60%)
ptolemy.util.test.WatchDog.cancel(): canceling Thu Nov 28 06:19:55 UTC 2019
auto.tcl: Setting watchdog for 200 seconds at Thu Nov 28 06:19:55 UTC 2019
4 ms. Memory: 45056K Free: 26023K (58%)
ptolemy.util.test.WatchDog.cancel(): canceling Thu Nov 28 06:19:55 UTC 2019
------------------ testing $PTII/ptolemy/domains/de/test/auto/ClockDrift.xml
auto.tcl: Setting watchdog for 200 seconds at Thu Nov 28 06:19:55 UTC 2019
97 ms. Memory: 45056K Free: 18930K (42%)
ptolemy.util.test.WatchDog.cancel(): canceling Thu Nov 28 06:19:55 UTC 2019
auto.tcl: Setting watchdog for 200 seconds at Thu Nov 28 06:19:55 UTC 2019
63 ms. Memory: 45056K Free: 15795K (35%)
ptolemy.util.test.WatchDog.cancel(): canceling Thu Nov 28 06:19:56 UTC 2019
------------------ testing $PTII/ptolemy/domains/de/test/auto/ClockDriftAndValueChange.xml
auto.tcl: Setting watchdog for 200 seconds at Thu Nov 28 06:19:56 UTC 2019
52 ms. Memory: 45056K Free: 19576K (43%)
ptolemy.util.test.WatchDog.cancel(): canceling Thu Nov 28 06:19:56 UTC 2019
auto.tcl: Setting watchdog for 200 seconds at Thu Nov 28 06:19:56 UTC 2019
24 ms. Memory: 45056K Free: 16682K (37%)
ptolemy.util.test.WatchDog.cancel(): canceling Thu Nov 28 06:19:56 UTC 2019
------------------ testing $PTII/ptolemy/domains/de/test/auto/ClockDriftChange.xml
auto.tcl: Setting watchdog for 200 seconds at Thu Nov 28 06:19:56 UTC 2019
27 ms. Memory: 45056K Free: 21274K (47%)
ptolemy.util.test.WatchDog.cancel(): canceling Thu Nov 28 06:19:56 UTC 2019
auto.tcl: Setting watchdog for 200 seconds at Thu Nov 28 06:19:56 UTC 2019
30 ms. Memory: 45056K Free: 18729K (42%)
ptolemy.util.test.WatchDog.cancel(): canceling Thu Nov 28 06:19:56 UTC 2019
------------------ testing $PTII/ptolemy/domains/de/test/auto/ComposableCausalityAnalysis.xml
auto.tcl: Setting watchdog for 200 seconds at Thu Nov 28 06:19:56 UTC 2019
2 ms. Memory: 45056K Free: 25899K (57%)
ptolemy.util.test.WatchDog.cancel(): canceling Thu Nov 28 06:19:56 UTC 2019
auto.tcl: Setting watchdog for 200 seconds at Thu Nov 28 06:19:56 UTC 2019
4 ms. Memory: 45056K Free: 24882K (55%)
ptolemy.util.test.WatchDog.cancel(): canceling Thu Nov 28 06:19:56 UTC 2019
------------------ testing $PTII/ptolemy/domains/de/test/auto/DEFixedPointLimitation.xml
auto.tcl: Setting watchdog for 200 seconds at Thu Nov 28 06:19:56 UTC 2019
3 ms. Memory: 45056K Free: 27273K (61%)
ptolemy.util.test.WatchDog.cancel(): canceling Thu Nov 28 06:19:56 UTC 2019
auto.tcl: Setting watchdog for 200 seconds at Thu Nov 28 06:19:56 UTC 2019
2 ms. Memory: 45056K Free: 26363K (59%)
ptolemy.util.test.WatchDog.cancel(): canceling Thu Nov 28 06:19:56 UTC 2019
------------------ testing $PTII/ptolemy/domains/de/test/auto/DEScheduleTest.xml
auto.tcl: Setting watchdog for 200 seconds at Thu Nov 28 06:19:56 UTC 2019
8 ms. Memory: 45056K Free: 27536K (61%)
ptolemy.util.test.WatchDog.cancel(): canceling Thu Nov 28 06:19:56 UTC 2019
auto.tcl: Setting watchdog for 200 seconds at Thu Nov 28 06:19:56 UTC 2019
4 ms. Memory: 45056K Free: 26795K (59%)
ptolemy.util.test.WatchDog.cancel(): canceling Thu Nov 28 06:19:56 UTC 2019
------------------ testing $PTII/ptolemy/domains/de/test/auto/DEinDEwithStartTimes.xml
auto.tcl: Setting watchdog for 200 seconds at Thu Nov 28 06:19:56 UTC 2019
7 ms. Memory: 45056K Free: 25714K (57%)
ptolemy.util.test.WatchDog.cancel(): canceling Thu Nov 28 06:19:56 UTC 2019
auto.tcl: Setting watchdog for 200 seconds at Thu Nov 28 06:19:56 UTC 2019
6 ms. Memory: 45056K Free: 24671K (55%)
ptolemy.util.test.WatchDog.cancel(): canceling Thu Nov 28 06:19:56 UTC 2019
------------------ testing $PTII/ptolemy/domains/de/test/auto/DEinDEwithStartTimes2.xml
auto.tcl: Setting watchdog for 200 seconds at Thu Nov 28 06:19:56 UTC 2019
11 ms. Memory: 45056K Free: 24925K (55%)
ptolemy.util.test.WatchDog.cancel(): canceling Thu Nov 28 06:19:56 UTC 2019
auto.tcl: Setting watchdog for 200 seconds at Thu Nov 28 06:19:56 UTC 2019
5 ms. Memory: 45056K Free: 23625K (52%)
ptolemy.util.test.WatchDog.cancel(): canceling Thu Nov 28 06:19:56 UTC 2019
------------------ testing $PTII/ptolemy/domains/de/test/auto/DateDemo.xml
auto.tcl: Setting watchdog for 200 seconds at Thu Nov 28 06:19:56 UTC 2019
25 ms. Memory: 45056K Free: 19789K (44%)
ptolemy.util.test.WatchDog.cancel(): canceling Thu Nov 28 06:19:57 UTC 2019
auto.tcl: Setting watchdog for 200 seconds at Thu Nov 28 06:19:57 UTC 2019
8 ms. Memory: 45056K Free: 18125K (40%)
ptolemy.util.test.WatchDog.cancel(): canceling Thu Nov 28 06:19:57 UTC 2019
------------------ testing $PTII/ptolemy/domains/de/test/auto/DateToEvent.xml
auto.tcl: Setting watchdog for 200 seconds at Thu Nov 28 06:19:57 UTC 2019
2026 ms. Memory: 45056K Free: 15190K (34%)
ptolemy.util.test.WatchDog.cancel(): canceling Thu Nov 28 06:19:59 UTC 2019
auto.tcl: Setting watchdog for 200 seconds at Thu Nov 28 06:19:59 UTC 2019
2007 ms. Memory: 45056K Free: 14471K (32%)
ptolemy.util.test.WatchDog.cancel(): canceling Thu Nov 28 06:20:01 UTC 2019
------------------ testing $PTII/ptolemy/domains/de/test/auto/DepthTest1.xml
auto.tcl: Setting watchdog for 200 seconds at Thu Nov 28 06:20:01 UTC 2019
3 ms. Memory: 45056K Free: 28074K (62%)
ptolemy.util.test.WatchDog.cancel(): canceling Thu Nov 28 06:20:01 UTC 2019
auto.tcl: Setting watchdog for 200 seconds at Thu Nov 28 06:20:01 UTC 2019
2 ms. Memory: 45056K Free: 27710K (62%)
ptolemy.util.test.WatchDog.cancel(): canceling Thu Nov 28 06:20:01 UTC 2019
------------------ testing $PTII/ptolemy/domains/de/test/auto/DepthTest2.xml
auto.tcl: Setting watchdog for 200 seconds at Thu Nov 28 06:20:01 UTC 2019
4 ms. Memory: 45056K Free: 25214K (56%)
ptolemy.util.test.WatchDog.cancel(): canceling Thu Nov 28 06:20:01 UTC 2019
auto.tcl: Setting watchdog for 200 seconds at Thu Nov 28 06:20:01 UTC 2019
3 ms. Memory: 45056K Free: 24665K (55%)
ptolemy.util.test.WatchDog.cancel(): canceling Thu Nov 28 06:20:01 UTC 2019
------------------ testing $PTII/ptolemy/domains/de/test/auto/DepthTest3.xml
auto.tcl: Setting watchdog for 200 seconds at Thu Nov 28 06:20:01 UTC 2019
2 ms. Memory: 45056K Free: 28667K (64%)
ptolemy.util.test.WatchDog.cancel(): canceling Thu Nov 28 06:20:01 UTC 2019
auto.tcl: Setting watchdog for 200 seconds at Thu Nov 28 06:20:01 UTC 2019
2 ms. Memory: 45056K Free: 28247K (63%)
ptolemy.util.test.WatchDog.cancel(): canceling Thu Nov 28 06:20:01 UTC 2019
------------------ testing $PTII/ptolemy/domains/de/test/auto/DepthTest4.xml
auto.tcl: Setting watchdog for 200 seconds at Thu Nov 28 06:20:01 UTC 2019
6 ms. Memory: 45056K Free: 27024K (60%)
ptolemy.util.test.WatchDog.cancel(): canceling Thu Nov 28 06:20:01 UTC 2019
auto.tcl: Setting watchdog for 200 seconds at Thu Nov 28 06:20:01 UTC 2019
3 ms. Memory: 45056K Free: 26319K (58%)
ptolemy.util.test.WatchDog.cancel(): canceling Thu Nov 28 06:20:01 UTC 2019
------------------ testing $PTII/ptolemy/domains/de/test/auto/DepthTest5.xml
auto.tcl: Setting watchdog for 200 seconds at Thu Nov 28 06:20:01 UTC 2019
3 ms. Memory: 45056K Free: 26425K (59%)
ptolemy.util.test.WatchDog.cancel(): canceling Thu Nov 28 06:20:01 UTC 2019
auto.tcl: Setting watchdog for 200 seconds at Thu Nov 28 06:20:01 UTC 2019
3 ms. Memory: 45056K Free: 25632K (57%)
ptolemy.util.test.WatchDog.cancel(): canceling Thu Nov 28 06:20:01 UTC 2019
------------------ testing $PTII/ptolemy/domains/de/test/auto/DepthTest6.xml
auto.tcl: Setting watchdog for 200 seconds at Thu Nov 28 06:20:01 UTC 2019
4 ms. Memory: 45056K Free: 26155K (58%)
ptolemy.util.test.WatchDog.cancel(): canceling Thu Nov 28 06:20:01 UTC 2019
auto.tcl: Setting watchdog for 200 seconds at Thu Nov 28 06:20:01 UTC 2019
6 ms. Memory: 45056K Free: 25767K (57%)
ptolemy.util.test.WatchDog.cancel(): canceling Thu Nov 28 06:20:01 UTC 2019
------------------ testing $PTII/ptolemy/domains/de/test/auto/DepthTest7.xml
auto.tcl: Setting watchdog for 200 seconds at Thu Nov 28 06:20:01 UTC 2019
4 ms. Memory: 45056K Free: 26627K (59%)
ptolemy.util.test.WatchDog.cancel(): canceling Thu Nov 28 06:20:01 UTC 2019
auto.tcl: Setting watchdog for 200 seconds at Thu Nov 28 06:20:01 UTC 2019
3 ms. Memory: 45056K Free: 26244K (58%)
ptolemy.util.test.WatchDog.cancel(): canceling Thu Nov 28 06:20:01 UTC 2019
------------------ testing $PTII/ptolemy/domains/de/test/auto/EventToDate.xml
auto.tcl: Setting watchdog for 200 seconds at Thu Nov 28 06:20:01 UTC 2019
3007 ms. Memory: 45056K Free: 17747K (39%)
ptolemy.util.test.WatchDog.cancel(): canceling Thu Nov 28 06:20:04 UTC 2019
auto.tcl: Setting watchdog for 200 seconds at Thu Nov 28 06:20:04 UTC 2019
3004 ms. Memory: 45056K Free: 17049K (38%)
ptolemy.util.test.WatchDog.cancel(): canceling Thu Nov 28 06:20:07 UTC 2019
------------------ testing $PTII/ptolemy/domains/de/test/auto/FSM1.xml
auto.tcl: Setting watchdog for 200 seconds at Thu Nov 28 06:20:07 UTC 2019
28 ms. Memory: 45056K Free: 18446K (41%)
ptolemy.util.test.WatchDog.cancel(): canceling Thu Nov 28 06:20:08 UTC 2019
auto.tcl: Setting watchdog for 200 seconds at Thu Nov 28 06:20:08 UTC 2019
20 ms. Memory: 45056K Free: 15324K (34%)
ptolemy.util.test.WatchDog.cancel(): canceling Thu Nov 28 06:20:08 UTC 2019
------------------ testing $PTII/ptolemy/domains/de/test/auto/FSM7.xml
auto.tcl: Setting watchdog for 200 seconds at Thu Nov 28 06:20:08 UTC 2019
26 ms. Memory: 45056K Free: 18912K (42%)
ptolemy.util.test.WatchDog.cancel(): canceling Thu Nov 28 06:20:08 UTC 2019
auto.tcl: Setting watchdog for 200 seconds at Thu Nov 28 06:20:08 UTC 2019
16 ms. Memory: 45056K Free: 15932K (35%)
ptolemy.util.test.WatchDog.cancel(): canceling Thu Nov 28 06:20:08 UTC 2019
------------------ testing $PTII/ptolemy/domains/de/test/auto/Inspection.xml
auto.tcl: Setting watchdog for 200 seconds at Thu Nov 28 06:20:08 UTC 2019
21 ms. Memory: 45056K Free: 18459K (41%)
ptolemy.util.test.WatchDog.cancel(): canceling Thu Nov 28 06:20:08 UTC 2019
auto.tcl: Setting watchdog for 200 seconds at Thu Nov 28 06:20:08 UTC 2019
26 ms. Memory: 45056K Free: 16583K (37%)
ptolemy.util.test.WatchDog.cancel(): canceling Thu Nov 28 06:20:08 UTC 2019
------------------ testing $PTII/ptolemy/domains/de/test/auto/Iteration.xml
auto.tcl: Setting watchdog for 200 seconds at Thu Nov 28 06:20:08 UTC 2019
13 ms. Memory: 45056K Free: 24432K (54%)
ptolemy.util.test.WatchDog.cancel(): canceling Thu Nov 28 06:20:08 UTC 2019
auto.tcl: Setting watchdog for 200 seconds at Thu Nov 28 06:20:08 UTC 2019
6 ms. Memory: 45056K Free: 23373K (52%)
ptolemy.util.test.WatchDog.cancel(): canceling Thu Nov 28 06:20:08 UTC 2019
------------------ testing $PTII/ptolemy/domains/de/test/auto/LineFault.xml
auto.tcl: Setting watchdog for 200 seconds at Thu Nov 28 06:20:08 UTC 2019
782 ms. Memory: 58368K Free: 41609K (71%)
ptolemy.util.test.WatchDog.cancel(): canceling Thu Nov 28 06:20:09 UTC 2019
auto.tcl: Setting watchdog for 200 seconds at Thu Nov 28 06:20:09 UTC 2019
604 ms. Memory: 58368K Free: 15983K (27%)
ptolemy.util.test.WatchDog.cancel(): canceling Thu Nov 28 06:20:10 UTC 2019
------------------ testing $PTII/ptolemy/domains/de/test/auto/MergeModel1Add.xml
auto.tcl: Setting watchdog for 200 seconds at Thu Nov 28 06:20:10 UTC 2019
37 ms. Memory: 51200K Free: 15881K (31%)
ptolemy.util.test.WatchDog.cancel(): canceling Thu Nov 28 06:20:10 UTC 2019
auto.tcl: Setting watchdog for 200 seconds at Thu Nov 28 06:20:10 UTC 2019
10 ms. Memory: 51200K Free: 14250K (28%)
ptolemy.util.test.WatchDog.cancel(): canceling Thu Nov 28 06:20:10 UTC 2019
------------------ testing $PTII/ptolemy/domains/de/test/auto/MergeModel2Add.xml
auto.tcl: Setting watchdog for 200 seconds at Thu Nov 28 06:20:10 UTC 2019
9 ms. Memory: 51200K Free: 18812K (37%)
ptolemy.util.test.WatchDog.cancel(): canceling Thu Nov 28 06:20:10 UTC 2019
auto.tcl: Setting watchdog for 200 seconds at Thu Nov 28 06:20:10 UTC 2019
9 ms. Memory: 51200K Free: 17583K (34%)
ptolemy.util.test.WatchDog.cancel(): canceling Thu Nov 28 06:20:10 UTC 2019
------------------ testing $PTII/ptolemy/domains/de/test/auto/MergeModel3Add.xml
auto.tcl: Setting watchdog for 200 seconds at Thu Nov 28 06:20:10 UTC 2019
9 ms. Memory: 48128K Free: 15365K (32%)
ptolemy.util.test.WatchDog.cancel(): canceling Thu Nov 28 06:20:10 UTC 2019
auto.tcl: Setting watchdog for 200 seconds at Thu Nov 28 06:20:10 UTC 2019
8 ms. Memory: 48128K Free: 13648K (28%)
ptolemy.util.test.WatchDog.cancel(): canceling Thu Nov 28 06:20:10 UTC 2019
------------------ testing $PTII/ptolemy/domains/de/test/auto/MergeWithoutDiscard.xml
auto.tcl: Setting watchdog for 200 seconds at Thu Nov 28 06:20:10 UTC 2019
2 ms. Memory: 48128K Free: 29990K (62%)
ptolemy.util.test.WatchDog.cancel(): canceling Thu Nov 28 06:20:10 UTC 2019
auto.tcl: Setting watchdog for 200 seconds at Thu Nov 28 06:20:10 UTC 2019
1 ms. Memory: 48128K Free: 29071K (60%)
ptolemy.util.test.WatchDog.cancel(): canceling Thu Nov 28 06:20:10 UTC 2019
------------------ testing $PTII/ptolemy/domains/de/test/auto/Modal1.xml
auto.tcl: Setting watchdog for 200 seconds at Thu Nov 28 06:20:10 UTC 2019
13 ms. Memory: 48128K Free: 21815K (45%)
ptolemy.util.test.WatchDog.cancel(): canceling Thu Nov 28 06:20:10 UTC 2019
auto.tcl: Setting watchdog for 200 seconds at Thu Nov 28 06:20:10 UTC 2019
12 ms. Memory: 48128K Free: 18546K (39%)
ptolemy.util.test.WatchDog.cancel(): canceling Thu Nov 28 06:20:10 UTC 2019
------------------ testing $PTII/ptolemy/domains/de/test/auto/Modal2.xml
auto.tcl: Setting watchdog for 200 seconds at Thu Nov 28 06:20:10 UTC 2019
12 ms. Memory: 48128K Free: 21703K (45%)
ptolemy.util.test.WatchDog.cancel(): canceling Thu Nov 28 06:20:10 UTC 2019
auto.tcl: Setting watchdog for 200 seconds at Thu Nov 28 06:20:10 UTC 2019
12 ms. Memory: 48128K Free: 18460K (38%)
ptolemy.util.test.WatchDog.cancel(): canceling Thu Nov 28 06:20:10 UTC 2019
------------------ testing $PTII/ptolemy/domains/de/test/auto/Modal3.xml
auto.tcl: Setting watchdog for 200 seconds at Thu Nov 28 06:20:10 UTC 2019
15 ms. Memory: 48128K Free: 21392K (44%)
ptolemy.util.test.WatchDog.cancel(): canceling Thu Nov 28 06:20:10 UTC 2019
auto.tcl: Setting watchdog for 200 seconds at Thu Nov 28 06:20:10 UTC 2019
17 ms. Memory: 48128K Free: 18459K (38%)
ptolemy.util.test.WatchDog.cancel(): canceling Thu Nov 28 06:20:11 UTC 2019
------------------ testing $PTII/ptolemy/domains/de/test/auto/Modal4.xml
auto.tcl: Setting watchdog for 200 seconds at Thu Nov 28 06:20:11 UTC 2019
25 ms. Memory: 48128K Free: 20634K (43%)
ptolemy.util.test.WatchDog.cancel(): canceling Thu Nov 28 06:20:11 UTC 2019
auto.tcl: Setting watchdog for 200 seconds at Thu Nov 28 06:20:11 UTC 2019
26 ms. Memory: 48128K Free: 16992K (35%)
ptolemy.util.test.WatchDog.cancel(): canceling Thu Nov 28 06:20:11 UTC 2019
------------------ testing $PTII/ptolemy/domains/de/test/auto/Modal5.xml
auto.tcl: Setting watchdog for 200 seconds at Thu Nov 28 06:20:11 UTC 2019
15 ms. Memory: 48128K Free: 20621K (43%)
ptolemy.util.test.WatchDog.cancel(): canceling Thu Nov 28 06:20:11 UTC 2019
auto.tcl: Setting watchdog for 200 seconds at Thu Nov 28 06:20:11 UTC 2019
14 ms. Memory: 48128K Free: 17011K (35%)
ptolemy.util.test.WatchDog.cancel(): canceling Thu Nov 28 06:20:11 UTC 2019
------------------ testing $PTII/ptolemy/domains/de/test/auto/Modal6.xml
auto.tcl: Setting watchdog for 200 seconds at Thu Nov 28 06:20:11 UTC 2019
18 ms. Memory: 48128K Free: 21645K (45%)
ptolemy.util.test.WatchDog.cancel(): canceling Thu Nov 28 06:20:11 UTC 2019
auto.tcl: Setting watchdog for 200 seconds at Thu Nov 28 06:20:11 UTC 2019
18 ms. Memory: 48128K Free: 17431K (36%)
ptolemy.util.test.WatchDog.cancel(): canceling Thu Nov 28 06:20:11 UTC 2019
------------------ testing $PTII/ptolemy/domains/de/test/auto/Modal7.xml
auto.tcl: Setting watchdog for 200 seconds at Thu Nov 28 06:20:11 UTC 2019
23 ms. Memory: 48128K Free: 20382K (42%)
ptolemy.util.test.WatchDog.cancel(): canceling Thu Nov 28 06:20:11 UTC 2019
auto.tcl: Setting watchdog for 200 seconds at Thu Nov 28 06:20:11 UTC 2019
12 ms. Memory: 48128K Free: 17053K (35%)
ptolemy.util.test.WatchDog.cancel(): canceling Thu Nov 28 06:20:11 UTC 2019
------------------ testing $PTII/ptolemy/domains/de/test/auto/ModalModel.xml
auto.tcl: Setting watchdog for 200 seconds at Thu Nov 28 06:20:11 UTC 2019
241 ms. Memory: 48128K Free: 13578K (28%)
ptolemy.util.test.WatchDog.cancel(): canceling Thu Nov 28 06:20:11 UTC 2019
auto.tcl: Setting watchdog for 200 seconds at Thu Nov 28 06:20:11 UTC 2019
220 ms. Memory: 58368K Free: 36969K (63%)
ptolemy.util.test.WatchDog.cancel(): canceling Thu Nov 28 06:20:12 UTC 2019
------------------ testing $PTII/ptolemy/domains/de/test/auto/ModalSource.xml
auto.tcl: Setting watchdog for 200 seconds at Thu Nov 28 06:20:12 UTC 2019
8 ms. Memory: 51200K Free: 28568K (56%)
ptolemy.util.test.WatchDog.cancel(): canceling Thu Nov 28 06:20:12 UTC 2019
auto.tcl: Setting watchdog for 200 seconds at Thu Nov 28 06:20:12 UTC 2019
10 ms. Memory: 51200K Free: 26520K (52%)
ptolemy.util.test.WatchDog.cancel(): canceling Thu Nov 28 06:20:12 UTC 2019
------------------ testing $PTII/ptolemy/domains/de/test/auto/NonInterruptibleTimerZeroDelay.xml
auto.tcl: Setting watchdog for 200 seconds at Thu Nov 28 06:20:12 UTC 2019
4 ms. Memory: 48128K Free: 30677K (64%)
ptolemy.util.test.WatchDog.cancel(): canceling Thu Nov 28 06:20:12 UTC 2019
auto.tcl: Setting watchdog for 200 seconds at Thu Nov 28 06:20:12 UTC 2019
3 ms. Memory: 48128K Free: 29785K (62%)
ptolemy.util.test.WatchDog.cancel(): canceling Thu Nov 28 06:20:12 UTC 2019
------------------ testing $PTII/ptolemy/domains/de/test/auto/OpenQueueingNetwork.xml
auto.tcl: Setting watchdog for 200 seconds at Thu Nov 28 06:20:12 UTC 2019
3056 ms. Memory: 98304K Free: 65932K (67%)
ptolemy.util.test.WatchDog.cancel(): canceling Thu Nov 28 06:20:15 UTC 2019
auto.tcl: Setting watchdog for 200 seconds at Thu Nov 28 06:20:15 UTC 2019
2581 ms. Memory: 118784K Free: 51580K (43%)
ptolemy.util.test.WatchDog.cancel(): canceling Thu Nov 28 06:20:18 UTC 2019
------------------ testing $PTII/ptolemy/domains/de/test/auto/OpenQueuingNetwork.xml
auto.tcl: Setting watchdog for 200 seconds at Thu Nov 28 06:20:18 UTC 2019
271 ms. Memory: 55296K Free: 23872K (43%)
ptolemy.util.test.WatchDog.cancel(): canceling Thu Nov 28 06:20:18 UTC 2019
auto.tcl: Setting watchdog for 200 seconds at Thu Nov 28 06:20:18 UTC 2019
277 ms. Memory: 55296K Free: 32614K (59%)
ptolemy.util.test.WatchDog.cancel(): canceling Thu Nov 28 06:20:18 UTC 2019
------------------ testing $PTII/ptolemy/domains/de/test/auto/PeriodicSampler.xml
auto.tcl: Setting watchdog for 200 seconds at Thu Nov 28 06:20:18 UTC 2019
2 ms. Memory: 51200K Free: 32698K (64%)
ptolemy.util.test.WatchDog.cancel(): canceling Thu Nov 28 06:20:18 UTC 2019
auto.tcl: Setting watchdog for 200 seconds at Thu Nov 28 06:20:18 UTC 2019
2 ms. Memory: 51200K Free: 32185K (63%)
ptolemy.util.test.WatchDog.cancel(): canceling Thu Nov 28 06:20:18 UTC 2019
------------------ testing $PTII/ptolemy/domains/de/test/auto/PersistentIO.xml
auto.tcl: Setting watchdog for 200 seconds at Thu Nov 28 06:20:18 UTC 2019
6 ms. Memory: 51200K Free: 27623K (54%)
ptolemy.util.test.WatchDog.cancel(): canceling Thu Nov 28 06:20:18 UTC 2019
auto.tcl: Setting watchdog for 200 seconds at Thu Nov 28 06:20:18 UTC 2019
6 ms. Memory: 51200K Free: 26124K (51%)
ptolemy.util.test.WatchDog.cancel(): canceling Thu Nov 28 06:20:18 UTC 2019
------------------ testing $PTII/ptolemy/domains/de/test/auto/PortParameterResetOnInitialize.xml
auto.tcl: Setting watchdog for 200 seconds at Thu Nov 28 06:20:19 UTC 2019
9 ms. Memory: 51200K Free: 32609K (64%)
ptolemy.util.test.WatchDog.cancel(): canceling Thu Nov 28 06:20:19 UTC 2019
auto.tcl: Setting watchdog for 200 seconds at Thu Nov 28 06:20:19 UTC 2019
3 ms. Memory: 51200K Free: 32113K (63%)
ptolemy.util.test.WatchDog.cancel(): canceling Thu Nov 28 06:20:19 UTC 2019
------------------ testing $PTII/ptolemy/domains/de/test/auto/PortParameterUpdates.xml
auto.tcl: Setting watchdog for 200 seconds at Thu Nov 28 06:20:19 UTC 2019
9 ms. Memory: 51200K Free: 30908K (60%)
ptolemy.util.test.WatchDog.cancel(): canceling Thu Nov 28 06:20:19 UTC 2019
auto.tcl: Setting watchdog for 200 seconds at Thu Nov 28 06:20:19 UTC 2019
4 ms. Memory: 51200K Free: 29673K (58%)
ptolemy.util.test.WatchDog.cancel(): canceling Thu Nov 28 06:20:19 UTC 2019
------------------ testing $PTII/ptolemy/domains/de/test/auto/QueueAndServer.xml
auto.tcl: Setting watchdog for 200 seconds at Thu Nov 28 06:20:19 UTC 2019
6 ms. Memory: 48128K Free: 26809K (56%)
ptolemy.util.test.WatchDog.cancel(): canceling Thu Nov 28 06:20:19 UTC 2019
auto.tcl: Setting watchdog for 200 seconds at Thu Nov 28 06:20:19 UTC 2019
9 ms. Memory: 48128K Free: 25560K (53%)
ptolemy.util.test.WatchDog.cancel(): canceling Thu Nov 28 06:20:19 UTC 2019
------------------ testing $PTII/ptolemy/domains/de/test/auto/Records.xml
auto.tcl: Setting watchdog for 200 seconds at Thu Nov 28 06:20:19 UTC 2019
3 ms. Memory: 48128K Free: 29085K (60%)
ptolemy.util.test.WatchDog.cancel(): canceling Thu Nov 28 06:20:19 UTC 2019
auto.tcl: Setting watchdog for 200 seconds at Thu Nov 28 06:20:19 UTC 2019
2 ms. Memory: 48128K Free: 28604K (59%)
ptolemy.util.test.WatchDog.cancel(): canceling Thu Nov 28 06:20:19 UTC 2019
------------------ testing $PTII/ptolemy/domains/de/test/auto/ResetTransitionWithStartTime1.xml
auto.tcl: Setting watchdog for 200 seconds at Thu Nov 28 06:20:19 UTC 2019
13 ms. Memory: 48128K Free: 26035K (54%)
ptolemy.util.test.WatchDog.cancel(): canceling Thu Nov 28 06:20:19 UTC 2019
auto.tcl: Setting watchdog for 200 seconds at Thu Nov 28 06:20:19 UTC 2019
9 ms. Memory: 48128K Free: 23493K (49%)
ptolemy.util.test.WatchDog.cancel(): canceling Thu Nov 28 06:20:19 UTC 2019
------------------ testing $PTII/ptolemy/domains/de/test/auto/ResetTransitionWithStartTime2.xml
auto.tcl: Setting watchdog for 200 seconds at Thu Nov 28 06:20:19 UTC 2019
6 ms. Memory: 48128K Free: 25990K (54%)
ptolemy.util.test.WatchDog.cancel(): canceling Thu Nov 28 06:20:19 UTC 2019
auto.tcl: Setting watchdog for 200 seconds at Thu Nov 28 06:20:19 UTC 2019
7 ms. Memory: 48128K Free: 23486K (49%)
ptolemy.util.test.WatchDog.cancel(): canceling Thu Nov 28 06:20:19 UTC 2019
------------------ testing $PTII/ptolemy/domains/de/test/auto/ResetTransitionWithStartTime3.xml
auto.tcl: Setting watchdog for 200 seconds at Thu Nov 28 06:20:19 UTC 2019
10 ms. Memory: 48128K Free: 25989K (54%)
ptolemy.util.test.WatchDog.cancel(): canceling Thu Nov 28 06:20:19 UTC 2019
auto.tcl: Setting watchdog for 200 seconds at Thu Nov 28 06:20:19 UTC 2019
8 ms. Memory: 48128K Free: 23463K (49%)
ptolemy.util.test.WatchDog.cancel(): canceling Thu Nov 28 06:20:19 UTC 2019
------------------ testing $PTII/ptolemy/domains/de/test/auto/ResetTransitionWithStartTime4.xml
auto.tcl: Setting watchdog for 200 seconds at Thu Nov 28 06:20:19 UTC 2019
7 ms. Memory: 48128K Free: 26477K (55%)
ptolemy.util.test.WatchDog.cancel(): canceling Thu Nov 28 06:20:19 UTC 2019
auto.tcl: Setting watchdog for 200 seconds at Thu Nov 28 06:20:19 UTC 2019
5 ms. Memory: 48128K Free: 25040K (52%)
ptolemy.util.test.WatchDog.cancel(): canceling Thu Nov 28 06:20:19 UTC 2019
------------------ testing $PTII/ptolemy/domains/de/test/auto/ResettableTimer1.xml
auto.tcl: Setting watchdog for 200 seconds at Thu Nov 28 06:20:19 UTC 2019
3 ms. Memory: 48128K Free: 30470K (63%)
ptolemy.util.test.WatchDog.cancel(): canceling Thu Nov 28 06:20:19 UTC 2019
auto.tcl: Setting watchdog for 200 seconds at Thu Nov 28 06:20:19 UTC 2019
2 ms. Memory: 48128K Free: 29588K (61%)
ptolemy.util.test.WatchDog.cancel(): canceling Thu Nov 28 06:20:19 UTC 2019
------------------ testing $PTII/ptolemy/domains/de/test/auto/ResettableTimer2.xml
auto.tcl: Setting watchdog for 200 seconds at Thu Nov 28 06:20:19 UTC 2019
3 ms. Memory: 48128K Free: 30261K (63%)
ptolemy.util.test.WatchDog.cancel(): canceling Thu Nov 28 06:20:19 UTC 2019
auto.tcl: Setting watchdog for 200 seconds at Thu Nov 28 06:20:19 UTC 2019
2 ms. Memory: 48128K Free: 29155K (61%)
ptolemy.util.test.WatchDog.cancel(): canceling Thu Nov 28 06:20:19 UTC 2019
------------------ testing $PTII/ptolemy/domains/de/test/auto/ResettableTimer3.xml
auto.tcl: Setting watchdog for 200 seconds at Thu Nov 28 06:20:19 UTC 2019
2 ms. Memory: 48128K Free: 30632K (64%)
ptolemy.util.test.WatchDog.cancel(): canceling Thu Nov 28 06:20:19 UTC 2019
auto.tcl: Setting watchdog for 200 seconds at Thu Nov 28 06:20:19 UTC 2019
2 ms. Memory: 48128K Free: 30162K (63%)
ptolemy.util.test.WatchDog.cancel(): canceling Thu Nov 28 06:20:19 UTC 2019
------------------ testing $PTII/ptolemy/domains/de/test/auto/ResettableTimer4.xml
auto.tcl: Setting watchdog for 200 seconds at Thu Nov 28 06:20:19 UTC 2019
1 ms. Memory: 48128K Free: 30191K (63%)
ptolemy.util.test.WatchDog.cancel(): canceling Thu Nov 28 06:20:19 UTC 2019
auto.tcl: Setting watchdog for 200 seconds at Thu Nov 28 06:20:19 UTC 2019
1 ms. Memory: 48128K Free: 30135K (63%)
ptolemy.util.test.WatchDog.cancel(): canceling Thu Nov 28 06:20:19 UTC 2019
------------------ testing $PTII/ptolemy/domains/de/test/auto/ResettableTimer5.xml
auto.tcl: Setting watchdog for 200 seconds at Thu Nov 28 06:20:19 UTC 2019
1 ms. Memory: 48128K Free: 30152K (63%)
ptolemy.util.test.WatchDog.cancel(): canceling Thu Nov 28 06:20:19 UTC 2019
auto.tcl: Setting watchdog for 200 seconds at Thu Nov 28 06:20:19 UTC 2019
1 ms. Memory: 48128K Free: 29678K (62%)
ptolemy.util.test.WatchDog.cancel(): canceling Thu Nov 28 06:20:19 UTC 2019
------------------ testing $PTII/ptolemy/domains/de/test/auto/ResettableTimer6.xml
auto.tcl: Setting watchdog for 200 seconds at Thu Nov 28 06:20:20 UTC 2019
2 ms. Memory: 48128K Free: 29580K (61%)
ptolemy.util.test.WatchDog.cancel(): canceling Thu Nov 28 06:20:20 UTC 2019
auto.tcl: Setting watchdog for 200 seconds at Thu Nov 28 06:20:20 UTC 2019
1 ms. Memory: 48128K Free: 29100K (60%)
ptolemy.util.test.WatchDog.cancel(): canceling Thu Nov 28 06:20:20 UTC 2019
------------------ testing $PTII/ptolemy/domains/de/test/auto/ServerZeroDelay.xml
auto.tcl: Setting watchdog for 200 seconds at Thu Nov 28 06:20:20 UTC 2019
7 ms. Memory: 48128K Free: 30115K (63%)
ptolemy.util.test.WatchDog.cancel(): canceling Thu Nov 28 06:20:20 UTC 2019
auto.tcl: Setting watchdog for 200 seconds at Thu Nov 28 06:20:20 UTC 2019
4 ms. Memory: 48128K Free: 29159K (61%)
ptolemy.util.test.WatchDog.cancel(): canceling Thu Nov 28 06:20:20 UTC 2019
------------------ testing $PTII/ptolemy/domains/de/test/auto/SmartSender.xml
auto.tcl: Setting watchdog for 200 seconds at Thu Nov 28 06:20:20 UTC 2019
3002 ms. Memory: 48128K Free: 30148K (63%)
ptolemy.util.test.WatchDog.cancel(): canceling Thu Nov 28 06:20:23 UTC 2019
auto.tcl: Setting watchdog for 200 seconds at Thu Nov 28 06:20:23 UTC 2019
3003 ms. Memory: 48128K Free: 29636K (62%)
ptolemy.util.test.WatchDog.cancel(): canceling Thu Nov 28 06:20:26 UTC 2019
------------------ testing $PTII/ptolemy/domains/de/test/auto/ThreadedComposite.xml
auto.tcl: Setting watchdog for 200 seconds at Thu Nov 28 06:20:26 UTC 2019
176 ms. Memory: 48128K Free: 11178K (23%)
ptolemy.util.test.WatchDog.cancel(): canceling Thu Nov 28 06:20:26 UTC 2019
auto.tcl: Setting watchdog for 200 seconds at Thu Nov 28 06:20:26 UTC 2019
144 ms. Memory: 48128K Free: 24342K (51%)
ptolemy.util.test.WatchDog.cancel(): canceling Thu Nov 28 06:20:26 UTC 2019
------------------ testing $PTII/ptolemy/domains/de/test/auto/Time.xml
auto.tcl: Setting watchdog for 200 seconds at Thu Nov 28 06:20:26 UTC 2019
610 ms. Memory: 48128K Free: 27223K (57%)
ptolemy.util.test.WatchDog.cancel(): canceling Thu Nov 28 06:20:27 UTC 2019
auto.tcl: Setting watchdog for 200 seconds at Thu Nov 28 06:20:27 UTC 2019
590 ms. Memory: 48128K Free: 23176K (48%)
ptolemy.util.test.WatchDog.cancel(): canceling Thu Nov 28 06:20:27 UTC 2019
------------------ testing $PTII/ptolemy/domains/de/test/auto/TimeDelayZeroDelay.xml
auto.tcl: Setting watchdog for 200 seconds at Thu Nov 28 06:20:27 UTC 2019
2 ms. Memory: 48128K Free: 30536K (63%)
ptolemy.util.test.WatchDog.cancel(): canceling Thu Nov 28 06:20:27 UTC 2019
auto.tcl: Setting watchdog for 200 seconds at Thu Nov 28 06:20:27 UTC 2019
2 ms. Memory: 48128K Free: 29646K (62%)
ptolemy.util.test.WatchDog.cancel(): canceling Thu Nov 28 06:20:27 UTC 2019
------------------ testing $PTII/ptolemy/domains/de/test/auto/TimerZeroDelay.xml
auto.tcl: Setting watchdog for 200 seconds at Thu Nov 28 06:20:28 UTC 2019
4 ms. Memory: 48128K Free: 30563K (64%)
ptolemy.util.test.WatchDog.cancel(): canceling Thu Nov 28 06:20:28 UTC 2019
auto.tcl: Setting watchdog for 200 seconds at Thu Nov 28 06:20:28 UTC 2019
2 ms. Memory: 48128K Free: 29689K (62%)
ptolemy.util.test.WatchDog.cancel(): canceling Thu Nov 28 06:20:28 UTC 2019
------------------ testing $PTII/ptolemy/domains/de/test/auto/TimingParadox.xml
auto.tcl: Setting watchdog for 200 seconds at Thu Nov 28 06:20:28 UTC 2019
508 ms. Memory: 48128K Free: 11109K (23%)
ptolemy.util.test.WatchDog.cancel(): canceling Thu Nov 28 06:20:28 UTC 2019
auto.tcl: Setting watchdog for 200 seconds at Thu Nov 28 06:20:28 UTC 2019
444 ms. Memory: 58368K Free: 33642K (58%)
ptolemy.util.test.WatchDog.cancel(): canceling Thu Nov 28 06:20:29 UTC 2019
------------------ testing $PTII/ptolemy/domains/de/test/auto/TransferInputs.xml
auto.tcl: Setting watchdog for 200 seconds at Thu Nov 28 06:20:29 UTC 2019
2 ms. Memory: 55296K Free: 35719K (65%)
ptolemy.util.test.WatchDog.cancel(): canceling Thu Nov 28 06:20:29 UTC 2019
auto.tcl: Setting watchdog for 200 seconds at Thu Nov 28 06:20:29 UTC 2019
2 ms. Memory: 55296K Free: 34821K (63%)
ptolemy.util.test.WatchDog.cancel(): canceling Thu Nov 28 06:20:29 UTC 2019
------------------ testing $PTII/ptolemy/domains/de/test/auto/TransferOutputs2.xml
auto.tcl: Setting watchdog for 200 seconds at Thu Nov 28 06:20:29 UTC 2019
3 ms. Memory: 51200K Free: 29065K (57%)
ptolemy.util.test.WatchDog.cancel(): canceling Thu Nov 28 06:20:29 UTC 2019
auto.tcl: Setting watchdog for 200 seconds at Thu Nov 28 06:20:29 UTC 2019
3 ms. Memory: 51200K Free: 27666K (54%)
ptolemy.util.test.WatchDog.cancel(): canceling Thu Nov 28 06:20:29 UTC 2019
------------------ testing $PTII/ptolemy/domains/de/test/auto/Trilateration.xml
auto.tcl: Setting watchdog for 200 seconds at Thu Nov 28 06:20:29 UTC 2019
16115 ms. Memory: 380928K Free: 247013K (65%)
ptolemy.util.test.WatchDog.cancel(): canceling Thu Nov 28 06:20:46 UTC 2019
auto.tcl: Setting watchdog for 200 seconds at Thu Nov 28 06:20:46 UTC 2019
11754 ms. Memory: 380928K Free: 316461K (83%)
ptolemy.util.test.WatchDog.cancel(): canceling Thu Nov 28 06:20:58 UTC 2019
------------------ testing $PTII/ptolemy/domains/de/test/auto/TwoSigmaDelta.xml
auto.tcl: Setting watchdog for 200 seconds at Thu Nov 28 06:20:58 UTC 2019
2795 ms. Memory: 89088K Free: 20065K (23%)
ptolemy.util.test.WatchDog.cancel(): canceling Thu Nov 28 06:21:01 UTC 2019
auto.tcl: Setting watchdog for 200 seconds at Thu Nov 28 06:21:01 UTC 2019
2180 ms. Memory: 89088K Free: 13948K (16%)
ptolemy.util.test.WatchDog.cancel(): canceling Thu Nov 28 06:21:03 UTC 2019
------------------ testing $PTII/ptolemy/domains/de/test/auto/VariableDelay.xml
auto.tcl: Setting watchdog for 200 seconds at Thu Nov 28 06:21:03 UTC 2019
10 ms. Memory: 51200K Free: 32111K (63%)
ptolemy.util.test.WatchDog.cancel(): canceling Thu Nov 28 06:21:03 UTC 2019
auto.tcl: Setting watchdog for 200 seconds at Thu Nov 28 06:21:03 UTC 2019
2 ms. Memory: 51200K Free: 31071K (61%)
ptolemy.util.test.WatchDog.cancel(): canceling Thu Nov 28 06:21:03 UTC 2019
------------------ testing $PTII/ptolemy/domains/de/test/auto/VariableDelay2.xml
auto.tcl: Setting watchdog for 200 seconds at Thu Nov 28 06:21:03 UTC 2019
8 ms. Memory: 51200K Free: 33037K (65%)
ptolemy.util.test.WatchDog.cancel(): canceling Thu Nov 28 06:21:03 UTC 2019
auto.tcl: Setting watchdog for 200 seconds at Thu Nov 28 06:21:03 UTC 2019
1 ms. Memory: 51200K Free: 32013K (63%)
ptolemy.util.test.WatchDog.cancel(): canceling Thu Nov 28 06:21:03 UTC 2019
------------------ testing $PTII/ptolemy/domains/de/test/auto/VariableDelayZeroDelay.xml
auto.tcl: Setting watchdog for 200 seconds at Thu Nov 28 06:21:03 UTC 2019
2 ms. Memory: 48128K Free: 29964K (62%)
ptolemy.util.test.WatchDog.cancel(): canceling Thu Nov 28 06:21:03 UTC 2019
auto.tcl: Setting watchdog for 200 seconds at Thu Nov 28 06:21:03 UTC 2019
2 ms. Memory: 48128K Free: 29480K (61%)
ptolemy.util.test.WatchDog.cancel(): canceling Thu Nov 28 06:21:03 UTC 2019
------------------ testing $PTII/ptolemy/domains/de/test/auto/VariableDelayZeroDelay2.xml
auto.tcl: Setting watchdog for 200 seconds at Thu Nov 28 06:21:03 UTC 2019
2 ms. Memory: 48128K Free: 29963K (62%)
ptolemy.util.test.WatchDog.cancel(): canceling Thu Nov 28 06:21:03 UTC 2019
auto.tcl: Setting watchdog for 200 seconds at Thu Nov 28 06:21:03 UTC 2019
1 ms. Memory: 48128K Free: 28980K (60%)
ptolemy.util.test.WatchDog.cancel(): canceling Thu Nov 28 06:21:03 UTC 2019
------------------ testing $PTII/ptolemy/domains/de/test/auto/deInCt.xml
auto.tcl: Setting watchdog for 200 seconds at Thu Nov 28 06:21:03 UTC 2019
0
1
1
1
0
0
0
0
1
1
1
1
0
0
0
0
0
1
1
1
1
0
0
0
1
1
1
1
10 ms. Memory: 48128K Free: 28936K (60%)
ptolemy.util.test.WatchDog.cancel(): canceling Thu Nov 28 06:21:04 UTC 2019
auto.tcl: Setting watchdog for 200 seconds at Thu Nov 28 06:21:04 UTC 2019
0
1
1
1
0
0
0
1
1
1
1
0
0
0
0
1
1
1
0
0
0
1
1
1
0
0
0
0
1
1
1
0
0
0
1
1
1
0
0
0
0
1
1
1
1
4 ms. Memory: 48128K Free: 27428K (57%)
ptolemy.util.test.WatchDog.cancel(): canceling Thu Nov 28 06:21:04 UTC 2019
------------------ testing $PTII/ptolemy/domains/de/test/auto/deInCt2.xml
auto.tcl: Setting watchdog for 200 seconds at Thu Nov 28 06:21:04 UTC 2019
0
1
1
1
0
0
1
1
1
0
0
1
1
1
0
0
1
1
1
0
0
1
1
1
0
0
1
1
1
0
0
1
1
1
0
0
1
1
1
0
0
0
7 ms. Memory: 48128K Free: 28939K (60%)
ptolemy.util.test.WatchDog.cancel(): canceling Thu Nov 28 06:21:04 UTC 2019
auto.tcl: Setting watchdog for 200 seconds at Thu Nov 28 06:21:04 UTC 2019
0
1
1
1
0
0
1
1
1
0
0
1
1
1
0
0
1
1
1
0
0
1
1
1
0
0
1
1
1
0
0
1
1
1
0
0
1
1
1
0
0
0
5 ms. Memory: 48128K Free: 27449K (57%)
ptolemy.util.test.WatchDog.cancel(): canceling Thu Nov 28 06:21:04 UTC 2019
------------------ testing $PTII/ptolemy/domains/de/test/auto/dynamicCausalityInterface1.xml
auto.tcl: Setting watchdog for 200 seconds at Thu Nov 28 06:21:04 UTC 2019
1 ms. Memory: 48128K Free: 24861K (52%)
ptolemy.util.test.WatchDog.cancel(): canceling Thu Nov 28 06:21:04 UTC 2019
auto.tcl: Setting watchdog for 200 seconds at Thu Nov 28 06:21:04 UTC 2019
1 ms. Memory: 48128K Free: 24363K (51%)
ptolemy.util.test.WatchDog.cancel(): canceling Thu Nov 28 06:21:04 UTC 2019
------------------ testing $PTII/ptolemy/domains/de/test/auto/fsm_de_test.xml
auto.tcl: Setting watchdog for 200 seconds at Thu Nov 28 06:21:04 UTC 2019
7 ms. Memory: 48128K Free: 24736K (51%)
ptolemy.util.test.WatchDog.cancel(): canceling Thu Nov 28 06:21:04 UTC 2019
auto.tcl: Setting watchdog for 200 seconds at Thu Nov 28 06:21:04 UTC 2019
5 ms. Memory: 48128K Free: 22731K (47%)
ptolemy.util.test.WatchDog.cancel(): canceling Thu Nov 28 06:21:04 UTC 2019
------------------ testing $PTII/ptolemy/domains/de/test/auto/functionDependencyReconstruction.xml
auto.tcl: Setting watchdog for 200 seconds at Thu Nov 28 06:21:04 UTC 2019
3 ms. Memory: 48128K Free: 18582K (39%)
ptolemy.util.test.WatchDog.cancel(): canceling Thu Nov 28 06:21:04 UTC 2019
auto.tcl: Setting watchdog for 200 seconds at Thu Nov 28 06:21:04 UTC 2019
3 ms. Memory: 48128K Free: 16581K (34%)
ptolemy.util.test.WatchDog.cancel(): canceling Thu Nov 28 06:21:04 UTC 2019
------------------ testing $PTII/ptolemy/domains/de/test/auto/multirate.xml
auto.tcl: Setting watchdog for 200 seconds at Thu Nov 28 06:21:04 UTC 2019
7 ms. Memory: 48128K Free: 27151K (56%)
ptolemy.util.test.WatchDog.cancel(): canceling Thu Nov 28 06:21:04 UTC 2019
auto.tcl: Setting watchdog for 200 seconds at Thu Nov 28 06:21:04 UTC 2019
3 ms. Memory: 48128K Free: 25712K (53%)
ptolemy.util.test.WatchDog.cancel(): canceling Thu Nov 28 06:21:04 UTC 2019
------------------ testing $PTII/ptolemy/domains/de/test/auto/multirate2.xml
auto.tcl: Setting watchdog for 200 seconds at Thu Nov 28 06:21:04 UTC 2019
5 ms. Memory: 48128K Free: 27577K (57%)
ptolemy.util.test.WatchDog.cancel(): canceling Thu Nov 28 06:21:04 UTC 2019
auto.tcl: Setting watchdog for 200 seconds at Thu Nov 28 06:21:04 UTC 2019
3 ms. Memory: 48128K Free: 25892K (54%)
ptolemy.util.test.WatchDog.cancel(): canceling Thu Nov 28 06:21:04 UTC 2019
------------------ testing $PTII/ptolemy/domains/de/test/auto/realtime.xml
auto.tcl: Setting watchdog for 200 seconds at Thu Nov 28 06:21:04 UTC 2019
10002 ms. Memory: 48128K Free: 29624K (62%)
ptolemy.util.test.WatchDog.cancel(): canceling Thu Nov 28 06:21:14 UTC 2019
auto.tcl: Setting watchdog for 200 seconds at Thu Nov 28 06:21:14 UTC 2019
10003 ms. Memory: 48128K Free: 28883K (60%)
ptolemy.util.test.WatchDog.cancel(): canceling Thu Nov 28 06:21:24 UTC 2019
------------------ testing $PTII/ptolemy/domains/de/test/auto/relationGroup.xml
auto.tcl: Setting watchdog for 200 seconds at Thu Nov 28 06:21:24 UTC 2019
2 ms. Memory: 48128K Free: 30697K (64%)
ptolemy.util.test.WatchDog.cancel(): canceling Thu Nov 28 06:21:24 UTC 2019
auto.tcl: Setting watchdog for 200 seconds at Thu Nov 28 06:21:24 UTC 2019
2 ms. Memory: 48128K Free: 29963K (62%)
ptolemy.util.test.WatchDog.cancel(): canceling Thu Nov 28 06:21:24 UTC 2019
------------------ testing $PTII/ptolemy/domains/de/test/auto/relationGroup2.xml
auto.tcl: Setting watchdog for 200 seconds at Thu Nov 28 06:21:24 UTC 2019
2 ms. Memory: 48128K Free: 30486K (63%)
ptolemy.util.test.WatchDog.cancel(): canceling Thu Nov 28 06:21:24 UTC 2019
auto.tcl: Setting watchdog for 200 seconds at Thu Nov 28 06:21:24 UTC 2019
2 ms. Memory: 48128K Free: 29506K (61%)
ptolemy.util.test.WatchDog.cancel(): canceling Thu Nov 28 06:21:24 UTC 2019
------------------ testing $PTII/ptolemy/domains/de/test/auto/sortWithOpaquePorts.xml
auto.tcl: Setting watchdog for 200 seconds at Thu Nov 28 06:21:24 UTC 2019
2 ms. Memory: 48128K Free: 29465K (61%)
ptolemy.util.test.WatchDog.cancel(): canceling Thu Nov 28 06:21:24 UTC 2019
auto.tcl: Setting watchdog for 200 seconds at Thu Nov 28 06:21:24 UTC 2019
4 ms. Memory: 48128K Free: 28479K (59%)
ptolemy.util.test.WatchDog.cancel(): canceling Thu Nov 28 06:21:24 UTC 2019
------------------ testing $PTII/ptolemy/domains/de/test/auto/transferInputsandOutputs.xml
auto.tcl: Setting watchdog for 200 seconds at Thu Nov 28 06:21:24 UTC 2019
2 ms. Memory: 48128K Free: 26906K (56%)
ptolemy.util.test.WatchDog.cancel(): canceling Thu Nov 28 06:21:24 UTC 2019
auto.tcl: Setting watchdog for 200 seconds at Thu Nov 28 06:21:24 UTC 2019
3 ms. Memory: 48128K Free: 25969K (54%)
ptolemy.util.test.WatchDog.cancel(): canceling Thu Nov 28 06:21:24 UTC 2019
------------------ testing $PTII/ptolemy/domains/de/test/auto/triggerType.xml
auto.tcl: Setting watchdog for 200 seconds at Thu Nov 28 06:21:24 UTC 2019
2 ms. Memory: 48128K Free: 29931K (62%)
ptolemy.util.test.WatchDog.cancel(): canceling Thu Nov 28 06:21:25 UTC 2019
auto.tcl: Setting watchdog for 200 seconds at Thu Nov 28 06:21:25 UTC 2019
2 ms. Memory: 48128K Free: 28980K (60%)
ptolemy.util.test.WatchDog.cancel(): canceling Thu Nov 28 06:21:25 UTC 2019
11/28/19 06:21:25
Failed: 0  Total Tests: 192  ((Passed: 187, Newly Passed: 1)  Known Failed: 5) /home/travis/build/icyphy/ptII/ptolemy/domains/de/test
11/28/19 06:21:25
Failed: 0  Total Tests: 192  ((Passed: 187, Newly Passed: 1)  Known Failed: 5) /home/travis/build/icyphy/ptII/ptolemy/domains/de/test
----------------- testing (KnownFailure) /home/travis/build/icyphy/ptII/ptolemy/domains/de/test/auto/knownFailedTests/DESDFClockTest.xml
2022 ms. Memory: 48128K Free: 23325K (48%)
Known Failure: java.lang.reflect.InvocationTargetException
----------------- testing (KnownFailure) /home/travis/build/icyphy/ptII/ptolemy/domains/de/test/auto/knownFailedTests/DirectFeedback.xml
2 ms. Memory: 48128K Free: 19743K (41%)
Known Failure: java.lang.reflect.InvocationTargetException
----------------- testing (KnownFailure) /home/travis/build/icyphy/ptII/ptolemy/domains/de/test/auto/knownFailedTests/FSMSource.xml
26 ms. Memory: 48128K Free: 12575K (26%)
----------------- testing (KnownFailure) /home/travis/build/icyphy/ptII/ptolemy/domains/de/test/auto/knownFailedTests/HierarchicalModel.xml
4 ms. Memory: 48128K Free: 22250K (46%)
Known Failure: java.lang.reflect.InvocationTargetException
----------------- testing (KnownFailure) /home/travis/build/icyphy/ptII/ptolemy/domains/de/test/auto/knownFailedTests/dependencyLoop.xml
8 ms. Memory: 48128K Free: 32769K (68%)
Known Failure: java.lang.reflect.InvocationTargetException
----------------- testing (KnownFailure) /home/travis/build/icyphy/ptII/ptolemy/domains/de/test/auto/knownFailedTests/dependencyLoop2.xml
4 ms. Memory: 48128K Free: 17464K (36%)
Known Failure: java.lang.reflect.InvocationTargetException
No auto/linux-amd64/*.xml tests in /home/travis/build/icyphy/ptII/ptolemy/domains/de/test
AutoTests.java: About to close Vertx.
AutoTests.java: Vertx closed.

===========================================================================================
----------------- testing Thu Nov 28 06:21:27 UTC 2019 /home/travis/build/icyphy/ptII/ptolemy/domains/de/test/auto/ActorDepthCalculation_actorWithoutPorts.xml
----------------- Instantiating /home/travis/build/icyphy/ptII/ptolemy/domains/de/test/auto/ActorDepthCalculation_actorWithoutPorts.xml
2 ms. Memory: 48128K Free: 10896K (23%)
----------------- Invoking toplevel() on ptolemy.moml.MoMLSimpleApplication@4d36587c
----------------- Done invoking toplevel() on ptolemy.moml.MoMLSimpleApplication@4d36587c
reloadAllAccessors: .ActorDepthCalculation_actorWithoutPorts

===========================================================================================
----------------- testing Thu Nov 28 06:21:27 UTC 2019 /home/travis/build/icyphy/ptII/ptolemy/domains/de/test/auto/AssemblyLine.xml
----------------- Instantiating /home/travis/build/icyphy/ptII/ptolemy/domains/de/test/auto/AssemblyLine.xml
4 ms. Memory: 48128K Free: 29322K (61%)
----------------- Invoking toplevel() on ptolemy.moml.MoMLSimpleApplication@774d2417
----------------- Done invoking toplevel() on ptolemy.moml.MoMLSimpleApplication@774d2417
reloadAllAccessors: .AssemblyLine

===========================================================================================
----------------- testing Thu Nov 28 06:21:27 UTC 2019 /home/travis/build/icyphy/ptII/ptolemy/domains/de/test/auto/CQBug1.xml
----------------- Instantiating /home/travis/build/icyphy/ptII/ptolemy/domains/de/test/auto/CQBug1.xml
1 ms. Memory: 48128K Free: 26453K (55%)
----------------- Invoking toplevel() on ptolemy.moml.MoMLSimpleApplication@61eb8d6d
----------------- Done invoking toplevel() on ptolemy.moml.MoMLSimpleApplication@61eb8d6d
reloadAllAccessors: .CQBug1

===========================================================================================
----------------- testing Thu Nov 28 06:21:27 UTC 2019 /home/travis/build/icyphy/ptII/ptolemy/domains/de/test/auto/CancelFireAt.xml
----------------- Instantiating /home/travis/build/icyphy/ptII/ptolemy/domains/de/test/auto/CancelFireAt.xml
2 ms. Memory: 48128K Free: 23975K (50%)
----------------- Invoking toplevel() on ptolemy.moml.MoMLSimpleApplication@1863de13
----------------- Done invoking toplevel() on ptolemy.moml.MoMLSimpleApplication@1863de13
reloadAllAccessors: .CancelFireAt

===========================================================================================
----------------- testing Thu Nov 28 06:21:27 UTC 2019 /home/travis/build/icyphy/ptII/ptolemy/domains/de/test/auto/CausalityAndComposabilityAnalysis.xml
----------------- Instantiating /home/travis/build/icyphy/ptII/ptolemy/domains/de/test/auto/CausalityAndComposabilityAnalysis.xml
10 ms. Memory: 48128K Free: 19911K (41%)
----------------- Invoking toplevel() on ptolemy.moml.MoMLSimpleApplication@70449635
----------------- Done invoking toplevel() on ptolemy.moml.MoMLSimpleApplication@70449635
reloadAllAccessors: .CausalityAndComposabilityAnalysis

===========================================================================================
----------------- testing Thu Nov 28 06:21:27 UTC 2019 /home/travis/build/icyphy/ptII/ptolemy/domains/de/test/auto/CausalityInterface1.xml
----------------- Instantiating /home/travis/build/icyphy/ptII/ptolemy/domains/de/test/auto/CausalityInterface1.xml
8 ms. Memory: 48128K Free: 15016K (31%)
----------------- Invoking toplevel() on ptolemy.moml.MoMLSimpleApplication@747ea590
----------------- Done invoking toplevel() on ptolemy.moml.MoMLSimpleApplication@747ea590
reloadAllAccessors: .CausalityInterface1

===========================================================================================
----------------- testing Thu Nov 28 06:21:27 UTC 2019 /home/travis/build/icyphy/ptII/ptolemy/domains/de/test/auto/CausalityInterface15.xml
----------------- Instantiating /home/travis/build/icyphy/ptII/ptolemy/domains/de/test/auto/CausalityInterface15.xml
3 ms. Memory: 48128K Free: 9671K (20%)
----------------- Invoking toplevel() on ptolemy.moml.MoMLSimpleApplication@21d4fa58
----------------- Done invoking toplevel() on ptolemy.moml.MoMLSimpleApplication@21d4fa58
reloadAllAccessors: .CausalityInterface15

===========================================================================================
----------------- testing Thu Nov 28 06:21:27 UTC 2019 /home/travis/build/icyphy/ptII/ptolemy/domains/de/test/auto/CausalityInterface2.xml
----------------- Instantiating /home/travis/build/icyphy/ptII/ptolemy/domains/de/test/auto/CausalityInterface2.xml
1 ms. Memory: 48128K Free: 30877K (64%)
----------------- Invoking toplevel() on ptolemy.moml.MoMLSimpleApplication@26065070
----------------- Done invoking toplevel() on ptolemy.moml.MoMLSimpleApplication@26065070
reloadAllAccessors: .CausalityInterface2

===========================================================================================
----------------- testing Thu Nov 28 06:21:27 UTC 2019 /home/travis/build/icyphy/ptII/ptolemy/domains/de/test/auto/CausalityInterface3.xml
----------------- Instantiating /home/travis/build/icyphy/ptII/ptolemy/domains/de/test/auto/CausalityInterface3.xml
3 ms. Memory: 48128K Free: 25906K (54%)
----------------- Invoking toplevel() on ptolemy.moml.MoMLSimpleApplication@7523d634
----------------- Done invoking toplevel() on ptolemy.moml.MoMLSimpleApplication@7523d634
reloadAllAccessors: .CausalityInterface3

===========================================================================================
----------------- testing Thu Nov 28 06:21:27 UTC 2019 /home/travis/build/icyphy/ptII/ptolemy/domains/de/test/auto/ClockDrift.xml
----------------- Instantiating /home/travis/build/icyphy/ptII/ptolemy/domains/de/test/auto/ClockDrift.xml
20 ms. Memory: 48128K Free: 14242K (30%)
----------------- Invoking toplevel() on ptolemy.moml.MoMLSimpleApplication@8695a68
----------------- Done invoking toplevel() on ptolemy.moml.MoMLSimpleApplication@8695a68
reloadAllAccessors: .ClockDrift

===========================================================================================
----------------- testing Thu Nov 28 06:21:27 UTC 2019 /home/travis/build/icyphy/ptII/ptolemy/domains/de/test/auto/ClockDriftAndValueChange.xml
----------------- Instantiating /home/travis/build/icyphy/ptII/ptolemy/domains/de/test/auto/ClockDriftAndValueChange.xml
13 ms. Memory: 48128K Free: 28206K (59%)
----------------- Invoking toplevel() on ptolemy.moml.MoMLSimpleApplication@434bf40a
----------------- Done invoking toplevel() on ptolemy.moml.MoMLSimpleApplication@434bf40a
reloadAllAccessors: .ClockDriftAndValueChange

===========================================================================================
----------------- testing Thu Nov 28 06:21:27 UTC 2019 /home/travis/build/icyphy/ptII/ptolemy/domains/de/test/auto/ClockDriftChange.xml
----------------- Instantiating /home/travis/build/icyphy/ptII/ptolemy/domains/de/test/auto/ClockDriftChange.xml
12 ms. Memory: 48128K Free: 18239K (38%)
----------------- Invoking toplevel() on ptolemy.moml.MoMLSimpleApplication@5dffe56
----------------- Done invoking toplevel() on ptolemy.moml.MoMLSimpleApplication@5dffe56
reloadAllAccessors: .ClockDriftChange

===========================================================================================
----------------- testing Thu Nov 28 06:21:27 UTC 2019 /home/travis/build/icyphy/ptII/ptolemy/domains/de/test/auto/ComposableCausalityAnalysis.xml
----------------- Instantiating /home/travis/build/icyphy/ptII/ptolemy/domains/de/test/auto/ComposableCausalityAnalysis.xml
1 ms. Memory: 48128K Free: 12546K (26%)
----------------- Invoking toplevel() on ptolemy.moml.MoMLSimpleApplication@5e2b78a8
----------------- Done invoking toplevel() on ptolemy.moml.MoMLSimpleApplication@5e2b78a8
reloadAllAccessors: .ComposableCausalityAnalysis

===========================================================================================
----------------- testing Thu Nov 28 06:21:27 UTC 2019 /home/travis/build/icyphy/ptII/ptolemy/domains/de/test/auto/DEFixedPointLimitation.xml
----------------- Instantiating /home/travis/build/icyphy/ptII/ptolemy/domains/de/test/auto/DEFixedPointLimitation.xml
1 ms. Memory: 48128K Free: 32685K (68%)
----------------- Invoking toplevel() on ptolemy.moml.MoMLSimpleApplication@19a8ba75
----------------- Done invoking toplevel() on ptolemy.moml.MoMLSimpleApplication@19a8ba75
reloadAllAccessors: .DEFixedPointLimitation

===========================================================================================
----------------- testing Thu Nov 28 06:21:27 UTC 2019 /home/travis/build/icyphy/ptII/ptolemy/domains/de/test/auto/DEScheduleTest.xml
----------------- Instantiating /home/travis/build/icyphy/ptII/ptolemy/domains/de/test/auto/DEScheduleTest.xml
3 ms. Memory: 48128K Free: 28589K (59%)
----------------- Invoking toplevel() on ptolemy.moml.MoMLSimpleApplication@36b952f8
----------------- Done invoking toplevel() on ptolemy.moml.MoMLSimpleApplication@36b952f8
reloadAllAccessors: .DEScheduleTest

===========================================================================================
----------------- testing Thu Nov 28 06:21:27 UTC 2019 /home/travis/build/icyphy/ptII/ptolemy/domains/de/test/auto/DEinDEwithStartTimes.xml
----------------- Instantiating /home/travis/build/icyphy/ptII/ptolemy/domains/de/test/auto/DEinDEwithStartTimes.xml
2 ms. Memory: 48128K Free: 22913K (48%)
----------------- Invoking toplevel() on ptolemy.moml.MoMLSimpleApplication@484e27bd
----------------- Done invoking toplevel() on ptolemy.moml.MoMLSimpleApplication@484e27bd
reloadAllAccessors: .DEinDEwithStartTimes

===========================================================================================
----------------- testing Thu Nov 28 06:21:27 UTC 2019 /home/travis/build/icyphy/ptII/ptolemy/domains/de/test/auto/DEinDEwithStartTimes2.xml
----------------- Instantiating /home/travis/build/icyphy/ptII/ptolemy/domains/de/test/auto/DEinDEwithStartTimes2.xml
3 ms. Memory: 48128K Free: 16564K (34%)
----------------- Invoking toplevel() on ptolemy.moml.MoMLSimpleApplication@4ec8414f
----------------- Done invoking toplevel() on ptolemy.moml.MoMLSimpleApplication@4ec8414f
reloadAllAccessors: .DEinDEwithStartTimes2

===========================================================================================
----------------- testing Thu Nov 28 06:21:27 UTC 2019 /home/travis/build/icyphy/ptII/ptolemy/domains/de/test/auto/DateDemo.xml
----------------- Instantiating /home/travis/build/icyphy/ptII/ptolemy/domains/de/test/auto/DateDemo.xml
7 ms. Memory: 48128K Free: 29942K (62%)
----------------- Invoking toplevel() on ptolemy.moml.MoMLSimpleApplication@43a93eee
----------------- Done invoking toplevel() on ptolemy.moml.MoMLSimpleApplication@43a93eee
reloadAllAccessors: .DateDemo

===========================================================================================
----------------- testing Thu Nov 28 06:21:27 UTC 2019 /home/travis/build/icyphy/ptII/ptolemy/domains/de/test/auto/DateToEvent.xml
----------------- Instantiating /home/travis/build/icyphy/ptII/ptolemy/domains/de/test/auto/DateToEvent.xml
2015 ms. Memory: 48128K Free: 14262K (30%)
----------------- Invoking toplevel() on ptolemy.moml.MoMLSimpleApplication@14a4ce7b
----------------- Done invoking toplevel() on ptolemy.moml.MoMLSimpleApplication@14a4ce7b
reloadAllAccessors: .DateToEvent

===========================================================================================
----------------- testing Thu Nov 28 06:21:29 UTC 2019 /home/travis/build/icyphy/ptII/ptolemy/domains/de/test/auto/DepthTest1.xml
----------------- Instantiating /home/travis/build/icyphy/ptII/ptolemy/domains/de/test/auto/DepthTest1.xml
1 ms. Memory: 48128K Free: 11534K (24%)
----------------- Invoking toplevel() on ptolemy.moml.MoMLSimpleApplication@6f8074ef
----------------- Done invoking toplevel() on ptolemy.moml.MoMLSimpleApplication@6f8074ef
reloadAllAccessors: .DepthTest1

===========================================================================================
----------------- testing Thu Nov 28 06:21:29 UTC 2019 /home/travis/build/icyphy/ptII/ptolemy/domains/de/test/auto/DepthTest2.xml
----------------- Instantiating /home/travis/build/icyphy/ptII/ptolemy/domains/de/test/auto/DepthTest2.xml
2 ms. Memory: 48128K Free: 29849K (62%)
----------------- Invoking toplevel() on ptolemy.moml.MoMLSimpleApplication@3743931e
----------------- Done invoking toplevel() on ptolemy.moml.MoMLSimpleApplication@3743931e
reloadAllAccessors: .DepthTest2

===========================================================================================
----------------- testing Thu Nov 28 06:21:29 UTC 2019 /home/travis/build/icyphy/ptII/ptolemy/domains/de/test/auto/DepthTest3.xml
----------------- Instantiating /home/travis/build/icyphy/ptII/ptolemy/domains/de/test/auto/DepthTest3.xml
1 ms. Memory: 48128K Free: 26817K (56%)
----------------- Invoking toplevel() on ptolemy.moml.MoMLSimpleApplication@4571e40c
----------------- Done invoking toplevel() on ptolemy.moml.MoMLSimpleApplication@4571e40c
reloadAllAccessors: .DepthTest3

===========================================================================================
----------------- testing Thu Nov 28 06:21:29 UTC 2019 /home/travis/build/icyphy/ptII/ptolemy/domains/de/test/auto/DepthTest4.xml
----------------- Instantiating /home/travis/build/icyphy/ptII/ptolemy/domains/de/test/auto/DepthTest4.xml
2 ms. Memory: 48128K Free: 22237K (46%)
----------------- Invoking toplevel() on ptolemy.moml.MoMLSimpleApplication@50bb8eb4
----------------- Done invoking toplevel() on ptolemy.moml.MoMLSimpleApplication@50bb8eb4
reloadAllAccessors: .DepthTest4

===========================================================================================
----------------- testing Thu Nov 28 06:21:30 UTC 2019 /home/travis/build/icyphy/ptII/ptolemy/domains/de/test/auto/DepthTest5.xml
----------------- Instantiating /home/travis/build/icyphy/ptII/ptolemy/domains/de/test/auto/DepthTest5.xml
2 ms. Memory: 48128K Free: 17149K (36%)
----------------- Invoking toplevel() on ptolemy.moml.MoMLSimpleApplication@383ed412
----------------- Done invoking toplevel() on ptolemy.moml.MoMLSimpleApplication@383ed412
reloadAllAccessors: .DepthTest5

===========================================================================================
----------------- testing Thu Nov 28 06:21:30 UTC 2019 /home/travis/build/icyphy/ptII/ptolemy/domains/de/test/auto/DepthTest6.xml
----------------- Instantiating /home/travis/build/icyphy/ptII/ptolemy/domains/de/test/auto/DepthTest6.xml
2 ms. Memory: 48128K Free: 11863K (25%)
----------------- Invoking toplevel() on ptolemy.moml.MoMLSimpleApplication@6c19aef7
----------------- Done invoking toplevel() on ptolemy.moml.MoMLSimpleApplication@6c19aef7
reloadAllAccessors: .DepthTest6

===========================================================================================
----------------- testing Thu Nov 28 06:21:30 UTC 2019 /home/travis/build/icyphy/ptII/ptolemy/domains/de/test/auto/DepthTest7.xml
----------------- Instantiating /home/travis/build/icyphy/ptII/ptolemy/domains/de/test/auto/DepthTest7.xml
1 ms. Memory: 48128K Free: 31636K (66%)
----------------- Invoking toplevel() on ptolemy.moml.MoMLSimpleApplication@251061ad
----------------- Done invoking toplevel() on ptolemy.moml.MoMLSimpleApplication@251061ad
reloadAllAccessors: .DepthTest7

===========================================================================================
----------------- testing Thu Nov 28 06:21:30 UTC 2019 /home/travis/build/icyphy/ptII/ptolemy/domains/de/test/auto/EventToDate.xml
----------------- Instantiating /home/travis/build/icyphy/ptII/ptolemy/domains/de/test/auto/EventToDate.xml
3004 ms. Memory: 48128K Free: 18026K (37%)
----------------- Invoking toplevel() on ptolemy.moml.MoMLSimpleApplication@4d78b2c2
----------------- Done invoking toplevel() on ptolemy.moml.MoMLSimpleApplication@4d78b2c2
reloadAllAccessors: .EventToDate

===========================================================================================
----------------- testing Thu Nov 28 06:21:33 UTC 2019 /home/travis/build/icyphy/ptII/ptolemy/domains/de/test/auto/FSM1.xml
----------------- Instantiating /home/travis/build/icyphy/ptII/ptolemy/domains/de/test/auto/FSM1.xml
16 ms. Memory: 48128K Free: 30786K (64%)
----------------- Invoking toplevel() on ptolemy.moml.MoMLSimpleApplication@16fa8e7c
----------------- Done invoking toplevel() on ptolemy.moml.MoMLSimpleApplication@16fa8e7c
reloadAllAccessors: .FSM1

===========================================================================================
----------------- testing Thu Nov 28 06:21:33 UTC 2019 /home/travis/build/icyphy/ptII/ptolemy/domains/de/test/auto/FSM7.xml
----------------- Instantiating /home/travis/build/icyphy/ptII/ptolemy/domains/de/test/auto/FSM7.xml
28 ms. Memory: 48128K Free: 18273K (38%)
----------------- Invoking toplevel() on ptolemy.moml.MoMLSimpleApplication@789ef7e6
----------------- Done invoking toplevel() on ptolemy.moml.MoMLSimpleApplication@789ef7e6
reloadAllAccessors: .FSM7

===========================================================================================
----------------- testing Thu Nov 28 06:21:33 UTC 2019 /home/travis/build/icyphy/ptII/ptolemy/domains/de/test/auto/Inspection.xml
----------------- Instantiating /home/travis/build/icyphy/ptII/ptolemy/domains/de/test/auto/Inspection.xml
22 ms. Memory: 48128K Free: 30656K (64%)
----------------- Invoking toplevel() on ptolemy.moml.MoMLSimpleApplication@4de6c544
----------------- Done invoking toplevel() on ptolemy.moml.MoMLSimpleApplication@4de6c544
reloadAllAccessors: .Inspection

===========================================================================================
----------------- testing Thu Nov 28 06:21:33 UTC 2019 /home/travis/build/icyphy/ptII/ptolemy/domains/de/test/auto/Iteration.xml
----------------- Instantiating /home/travis/build/icyphy/ptII/ptolemy/domains/de/test/auto/Iteration.xml
13 ms. Memory: 48128K Free: 23815K (49%)
----------------- Invoking toplevel() on ptolemy.moml.MoMLSimpleApplication@1a0ceb96
----------------- Done invoking toplevel() on ptolemy.moml.MoMLSimpleApplication@1a0ceb96
reloadAllAccessors: .Iteration

===========================================================================================
----------------- testing Thu Nov 28 06:21:33 UTC 2019 /home/travis/build/icyphy/ptII/ptolemy/domains/de/test/auto/LineFault.xml
----------------- Instantiating /home/travis/build/icyphy/ptII/ptolemy/domains/de/test/auto/LineFault.xml
535 ms. Memory: 58368K Free: 36623K (63%)
----------------- Invoking toplevel() on ptolemy.moml.MoMLSimpleApplication@664283f6
----------------- Done invoking toplevel() on ptolemy.moml.MoMLSimpleApplication@664283f6
reloadAllAccessors: .LineFault

===========================================================================================
----------------- testing Thu Nov 28 06:21:33 UTC 2019 /home/travis/build/icyphy/ptII/ptolemy/domains/de/test/auto/MergeModel1Add.xml
----------------- Instantiating /home/travis/build/icyphy/ptII/ptolemy/domains/de/test/auto/MergeModel1Add.xml
8 ms. Memory: 58368K Free: 17019K (29%)
----------------- Invoking toplevel() on ptolemy.moml.MoMLSimpleApplication@2c1263ec
----------------- Done invoking toplevel() on ptolemy.moml.MoMLSimpleApplication@2c1263ec
reloadAllAccessors: .MergeModel1Add

===========================================================================================
----------------- testing Thu Nov 28 06:21:34 UTC 2019 /home/travis/build/icyphy/ptII/ptolemy/domains/de/test/auto/MergeModel2Add.xml
----------------- Instantiating /home/travis/build/icyphy/ptII/ptolemy/domains/de/test/auto/MergeModel2Add.xml
6 ms. Memory: 58368K Free: 24999K (43%)
----------------- Invoking toplevel() on ptolemy.moml.MoMLSimpleApplication@10a1516a
----------------- Done invoking toplevel() on ptolemy.moml.MoMLSimpleApplication@10a1516a
reloadAllAccessors: .MergeModel2Add

===========================================================================================
----------------- testing Thu Nov 28 06:21:34 UTC 2019 /home/travis/build/icyphy/ptII/ptolemy/domains/de/test/auto/MergeModel3Add.xml
----------------- Instantiating /home/travis/build/icyphy/ptII/ptolemy/domains/de/test/auto/MergeModel3Add.xml
5 ms. Memory: 58368K Free: 32640K (56%)
----------------- Invoking toplevel() on ptolemy.moml.MoMLSimpleApplication@95df05a
----------------- Done invoking toplevel() on ptolemy.moml.MoMLSimpleApplication@95df05a
reloadAllAccessors: .MergeModel3Add

===========================================================================================
----------------- testing Thu Nov 28 06:21:34 UTC 2019 /home/travis/build/icyphy/ptII/ptolemy/domains/de/test/auto/MergeWithoutDiscard.xml
----------------- Instantiating /home/travis/build/icyphy/ptII/ptolemy/domains/de/test/auto/MergeWithoutDiscard.xml
1 ms. Memory: 58368K Free: 28498K (49%)
----------------- Invoking toplevel() on ptolemy.moml.MoMLSimpleApplication@6292a8dd
----------------- Done invoking toplevel() on ptolemy.moml.MoMLSimpleApplication@6292a8dd
reloadAllAccessors: .MergeWithoutDiscard

===========================================================================================
----------------- testing Thu Nov 28 06:21:34 UTC 2019 /home/travis/build/icyphy/ptII/ptolemy/domains/de/test/auto/Modal1.xml
----------------- Instantiating /home/travis/build/icyphy/ptII/ptolemy/domains/de/test/auto/Modal1.xml
8 ms. Memory: 58368K Free: 16482K (28%)
----------------- Invoking toplevel() on ptolemy.moml.MoMLSimpleApplication@bc7920f
----------------- Done invoking toplevel() on ptolemy.moml.MoMLSimpleApplication@bc7920f
reloadAllAccessors: .Modal1

===========================================================================================
----------------- testing Thu Nov 28 06:21:34 UTC 2019 /home/travis/build/icyphy/ptII/ptolemy/domains/de/test/auto/Modal2.xml
----------------- Instantiating /home/travis/build/icyphy/ptII/ptolemy/domains/de/test/auto/Modal2.xml
11 ms. Memory: 58368K Free: 30306K (52%)
----------------- Invoking toplevel() on ptolemy.moml.MoMLSimpleApplication@173ac1cf
----------------- Done invoking toplevel() on ptolemy.moml.MoMLSimpleApplication@173ac1cf
reloadAllAccessors: .Modal2

===========================================================================================
----------------- testing Thu Nov 28 06:21:34 UTC 2019 /home/travis/build/icyphy/ptII/ptolemy/domains/de/test/auto/Modal3.xml
----------------- Instantiating /home/travis/build/icyphy/ptII/ptolemy/domains/de/test/auto/Modal3.xml
11 ms. Memory: 58368K Free: 18026K (31%)
----------------- Invoking toplevel() on ptolemy.moml.MoMLSimpleApplication@69e4a545
----------------- Done invoking toplevel() on ptolemy.moml.MoMLSimpleApplication@69e4a545
reloadAllAccessors: .Modal3

===========================================================================================
----------------- testing Thu Nov 28 06:21:34 UTC 2019 /home/travis/build/icyphy/ptII/ptolemy/domains/de/test/auto/Modal4.xml
----------------- Instantiating /home/travis/build/icyphy/ptII/ptolemy/domains/de/test/auto/Modal4.xml
14 ms. Memory: 58368K Free: 31602K (54%)
----------------- Invoking toplevel() on ptolemy.moml.MoMLSimpleApplication@3f7ee9ff
----------------- Done invoking toplevel() on ptolemy.moml.MoMLSimpleApplication@3f7ee9ff
reloadAllAccessors: .Modal4

===========================================================================================
----------------- testing Thu Nov 28 06:21:34 UTC 2019 /home/travis/build/icyphy/ptII/ptolemy/domains/de/test/auto/Modal5.xml
----------------- Instantiating /home/travis/build/icyphy/ptII/ptolemy/domains/de/test/auto/Modal5.xml
14 ms. Memory: 58368K Free: 18629K (32%)
----------------- Invoking toplevel() on ptolemy.moml.MoMLSimpleApplication@3c4dca91
----------------- Done invoking toplevel() on ptolemy.moml.MoMLSimpleApplication@3c4dca91
reloadAllAccessors: .Modal5

===========================================================================================
----------------- testing Thu Nov 28 06:21:34 UTC 2019 /home/travis/build/icyphy/ptII/ptolemy/domains/de/test/auto/Modal6.xml
----------------- Instantiating /home/travis/build/icyphy/ptII/ptolemy/domains/de/test/auto/Modal6.xml
14 ms. Memory: 70656K Free: 46218K (65%)
----------------- Invoking toplevel() on ptolemy.moml.MoMLSimpleApplication@40965b5f
----------------- Done invoking toplevel() on ptolemy.moml.MoMLSimpleApplication@40965b5f
reloadAllAccessors: .Modal6

===========================================================================================
----------------- testing Thu Nov 28 06:21:34 UTC 2019 /home/travis/build/icyphy/ptII/ptolemy/domains/de/test/auto/Modal7.xml
----------------- Instantiating /home/travis/build/icyphy/ptII/ptolemy/domains/de/test/auto/Modal7.xml
9 ms. Memory: 70656K Free: 32860K (47%)
----------------- Invoking toplevel() on ptolemy.moml.MoMLSimpleApplication@7cd68bc4
----------------- Done invoking toplevel() on ptolemy.moml.MoMLSimpleApplication@7cd68bc4
reloadAllAccessors: .Modal7

===========================================================================================
----------------- testing Thu Nov 28 06:21:34 UTC 2019 /home/travis/build/icyphy/ptII/ptolemy/domains/de/test/auto/ModalModel.xml
----------------- Instantiating /home/travis/build/icyphy/ptII/ptolemy/domains/de/test/auto/ModalModel.xml
132 ms. Memory: 70656K Free: 30609K (43%)
----------------- Invoking toplevel() on ptolemy.moml.MoMLSimpleApplication@11d448c3
----------------- Done invoking toplevel() on ptolemy.moml.MoMLSimpleApplication@11d448c3
reloadAllAccessors: .ModalModel

===========================================================================================
----------------- testing Thu Nov 28 06:21:34 UTC 2019 /home/travis/build/icyphy/ptII/ptolemy/domains/de/test/auto/ModalSource.xml
----------------- Instantiating /home/travis/build/icyphy/ptII/ptolemy/domains/de/test/auto/ModalSource.xml
5 ms. Memory: 70656K Free: 22152K (31%)
----------------- Invoking toplevel() on ptolemy.moml.MoMLSimpleApplication@aac948e
----------------- Done invoking toplevel() on ptolemy.moml.MoMLSimpleApplication@aac948e
reloadAllAccessors: .ModalSource

===========================================================================================
----------------- testing Thu Nov 28 06:21:34 UTC 2019 /home/travis/build/icyphy/ptII/ptolemy/domains/de/test/auto/NonInterruptibleTimerZeroDelay.xml
----------------- Instantiating /home/travis/build/icyphy/ptII/ptolemy/domains/de/test/auto/NonInterruptibleTimerZeroDelay.xml
2 ms. Memory: 70656K Free: 52662K (75%)
----------------- Invoking toplevel() on ptolemy.moml.MoMLSimpleApplication@591f86aa
----------------- Done invoking toplevel() on ptolemy.moml.MoMLSimpleApplication@591f86aa
reloadAllAccessors: .NonInterruptibleTimerZeroDelay

===========================================================================================
----------------- testing Thu Nov 28 06:21:34 UTC 2019 /home/travis/build/icyphy/ptII/ptolemy/domains/de/test/auto/OpenQueueingNetwork.xml
----------------- Instantiating /home/travis/build/icyphy/ptII/ptolemy/domains/de/test/auto/OpenQueueingNetwork.xml
2447 ms. Memory: 186368K Free: 155458K (83%)
----------------- Invoking toplevel() on ptolemy.moml.MoMLSimpleApplication@414efa93
----------------- Done invoking toplevel() on ptolemy.moml.MoMLSimpleApplication@414efa93
reloadAllAccessors: .OpenQueueingNetwork

===========================================================================================
----------------- testing Thu Nov 28 06:21:37 UTC 2019 /home/travis/build/icyphy/ptII/ptolemy/domains/de/test/auto/OpenQueuingNetwork.xml
----------------- Instantiating /home/travis/build/icyphy/ptII/ptolemy/domains/de/test/auto/OpenQueuingNetwork.xml
241 ms. Memory: 186368K Free: 78148K (42%)
----------------- Invoking toplevel() on ptolemy.moml.MoMLSimpleApplication@3b1a6262
----------------- Done invoking toplevel() on ptolemy.moml.MoMLSimpleApplication@3b1a6262
reloadAllAccessors: .OpenQueuingNetwork

===========================================================================================
----------------- testing Thu Nov 28 06:21:37 UTC 2019 /home/travis/build/icyphy/ptII/ptolemy/domains/de/test/auto/PeriodicSampler.xml
----------------- Instantiating /home/travis/build/icyphy/ptII/ptolemy/domains/de/test/auto/PeriodicSampler.xml
9 ms. Memory: 186368K Free: 74052K (40%)
----------------- Invoking toplevel() on ptolemy.moml.MoMLSimpleApplication@5e5df91f
----------------- Done invoking toplevel() on ptolemy.moml.MoMLSimpleApplication@5e5df91f
reloadAllAccessors: .PeriodicSampler

===========================================================================================
----------------- testing Thu Nov 28 06:21:37 UTC 2019 /home/travis/build/icyphy/ptII/ptolemy/domains/de/test/auto/PersistentIO.xml
----------------- Instantiating /home/travis/build/icyphy/ptII/ptolemy/domains/de/test/auto/PersistentIO.xml
6 ms. Memory: 186368K Free: 64836K (35%)
----------------- Invoking toplevel() on ptolemy.moml.MoMLSimpleApplication@7d8fc68f
----------------- Done invoking toplevel() on ptolemy.moml.MoMLSimpleApplication@7d8fc68f
reloadAllAccessors: .PersistentIO

===========================================================================================
----------------- testing Thu Nov 28 06:21:37 UTC 2019 /home/travis/build/icyphy/ptII/ptolemy/domains/de/test/auto/PortParameterResetOnInitialize.xml
----------------- Instantiating /home/travis/build/icyphy/ptII/ptolemy/domains/de/test/auto/PortParameterResetOnInitialize.xml
2 ms. Memory: 186368K Free: 60226K (32%)
----------------- Invoking toplevel() on ptolemy.moml.MoMLSimpleApplication@6fbc91ea
----------------- Done invoking toplevel() on ptolemy.moml.MoMLSimpleApplication@6fbc91ea
reloadAllAccessors: .PortParameterResetOnInitialize

===========================================================================================
----------------- testing Thu Nov 28 06:21:37 UTC 2019 /home/travis/build/icyphy/ptII/ptolemy/domains/de/test/auto/PortParameterUpdates.xml
----------------- Instantiating /home/travis/build/icyphy/ptII/ptolemy/domains/de/test/auto/PortParameterUpdates.xml
5 ms. Memory: 186368K Free: 165162K (89%)
----------------- Invoking toplevel() on ptolemy.moml.MoMLSimpleApplication@1b6200d4
----------------- Done invoking toplevel() on ptolemy.moml.MoMLSimpleApplication@1b6200d4
reloadAllAccessors: .PortParameterUpdates

===========================================================================================
----------------- testing Thu Nov 28 06:21:37 UTC 2019 /home/travis/build/icyphy/ptII/ptolemy/domains/de/test/auto/QueueAndServer.xml
----------------- Instantiating /home/travis/build/icyphy/ptII/ptolemy/domains/de/test/auto/QueueAndServer.xml
5 ms. Memory: 186368K Free: 157498K (85%)
----------------- Invoking toplevel() on ptolemy.moml.MoMLSimpleApplication@69eacf05
----------------- Done invoking toplevel() on ptolemy.moml.MoMLSimpleApplication@69eacf05
reloadAllAccessors: .QueueAndServer

===========================================================================================
----------------- testing Thu Nov 28 06:21:37 UTC 2019 /home/travis/build/icyphy/ptII/ptolemy/domains/de/test/auto/Records.xml
----------------- Instantiating /home/travis/build/icyphy/ptII/ptolemy/domains/de/test/auto/Records.xml
4 ms. Memory: 186368K Free: 151864K (81%)
----------------- Invoking toplevel() on ptolemy.moml.MoMLSimpleApplication@1fd432da
----------------- Done invoking toplevel() on ptolemy.moml.MoMLSimpleApplication@1fd432da
reloadAllAccessors: .Records

===========================================================================================
----------------- testing Thu Nov 28 06:21:37 UTC 2019 /home/travis/build/icyphy/ptII/ptolemy/domains/de/test/auto/ResetTransitionWithStartTime1.xml
----------------- Instantiating /home/travis/build/icyphy/ptII/ptolemy/domains/de/test/auto/ResetTransitionWithStartTime1.xml
4 ms. Memory: 186368K Free: 143658K (77%)
----------------- Invoking toplevel() on ptolemy.moml.MoMLSimpleApplication@22f6bbea
----------------- Done invoking toplevel() on ptolemy.moml.MoMLSimpleApplication@22f6bbea
reloadAllAccessors: .ResetTransitionWithStartTime1

===========================================================================================
----------------- testing Thu Nov 28 06:21:37 UTC 2019 /home/travis/build/icyphy/ptII/ptolemy/domains/de/test/auto/ResetTransitionWithStartTime2.xml
----------------- Instantiating /home/travis/build/icyphy/ptII/ptolemy/domains/de/test/auto/ResetTransitionWithStartTime2.xml
5 ms. Memory: 186368K Free: 135466K (73%)
----------------- Invoking toplevel() on ptolemy.moml.MoMLSimpleApplication@3e170de
----------------- Done invoking toplevel() on ptolemy.moml.MoMLSimpleApplication@3e170de
reloadAllAccessors: .ResetTransitionWithStartTime2

===========================================================================================
----------------- testing Thu Nov 28 06:21:37 UTC 2019 /home/travis/build/icyphy/ptII/ptolemy/domains/de/test/auto/ResetTransitionWithStartTime3.xml
----------------- Instantiating /home/travis/build/icyphy/ptII/ptolemy/domains/de/test/auto/ResetTransitionWithStartTime3.xml
4 ms. Memory: 186368K Free: 127258K (68%)
----------------- Invoking toplevel() on ptolemy.moml.MoMLSimpleApplication@18adf71a
----------------- Done invoking toplevel() on ptolemy.moml.MoMLSimpleApplication@18adf71a
reloadAllAccessors: .ResetTransitionWithStartTime3

===========================================================================================
----------------- testing Thu Nov 28 06:21:37 UTC 2019 /home/travis/build/icyphy/ptII/ptolemy/domains/de/test/auto/ResetTransitionWithStartTime4.xml
----------------- Instantiating /home/travis/build/icyphy/ptII/ptolemy/domains/de/test/auto/ResetTransitionWithStartTime4.xml
4 ms. Memory: 186368K Free: 119610K (64%)
----------------- Invoking toplevel() on ptolemy.moml.MoMLSimpleApplication@6af59c4d
----------------- Done invoking toplevel() on ptolemy.moml.MoMLSimpleApplication@6af59c4d
reloadAllAccessors: .ResetTransitionWithStartTime4

===========================================================================================
----------------- testing Thu Nov 28 06:21:37 UTC 2019 /home/travis/build/icyphy/ptII/ptolemy/domains/de/test/auto/ResettableTimer1.xml
----------------- Instantiating /home/travis/build/icyphy/ptII/ptolemy/domains/de/test/auto/ResettableTimer1.xml
2 ms. Memory: 186368K Free: 115514K (62%)
----------------- Invoking toplevel() on ptolemy.moml.MoMLSimpleApplication@60439f15
----------------- Done invoking toplevel() on ptolemy.moml.MoMLSimpleApplication@60439f15
reloadAllAccessors: .ResettableTimer1

===========================================================================================
----------------- testing Thu Nov 28 06:21:37 UTC 2019 /home/travis/build/icyphy/ptII/ptolemy/domains/de/test/auto/ResettableTimer2.xml
----------------- Instantiating /home/travis/build/icyphy/ptII/ptolemy/domains/de/test/auto/ResettableTimer2.xml
2 ms. Memory: 186368K Free: 111418K (60%)
----------------- Invoking toplevel() on ptolemy.moml.MoMLSimpleApplication@3f14bbb4
----------------- Done invoking toplevel() on ptolemy.moml.MoMLSimpleApplication@3f14bbb4
reloadAllAccessors: .ResettableTimer2

===========================================================================================
----------------- testing Thu Nov 28 06:21:37 UTC 2019 /home/travis/build/icyphy/ptII/ptolemy/domains/de/test/auto/ResettableTimer3.xml
----------------- Instantiating /home/travis/build/icyphy/ptII/ptolemy/domains/de/test/auto/ResettableTimer3.xml
1 ms. Memory: 186368K Free: 107322K (58%)
----------------- Invoking toplevel() on ptolemy.moml.MoMLSimpleApplication@3fbf7201
----------------- Done invoking toplevel() on ptolemy.moml.MoMLSimpleApplication@3fbf7201
reloadAllAccessors: .ResettableTimer3

===========================================================================================
----------------- testing Thu Nov 28 06:21:37 UTC 2019 /home/travis/build/icyphy/ptII/ptolemy/domains/de/test/auto/ResettableTimer4.xml
----------------- Instantiating /home/travis/build/icyphy/ptII/ptolemy/domains/de/test/auto/ResettableTimer4.xml
1 ms. Memory: 186368K Free: 103226K (55%)
----------------- Invoking toplevel() on ptolemy.moml.MoMLSimpleApplication@7dc7bbe4
----------------- Done invoking toplevel() on ptolemy.moml.MoMLSimpleApplication@7dc7bbe4
reloadAllAccessors: .ResettableTimer4

===========================================================================================
----------------- testing Thu Nov 28 06:21:37 UTC 2019 /home/travis/build/icyphy/ptII/ptolemy/domains/de/test/auto/ResettableTimer5.xml
----------------- Instantiating /home/travis/build/icyphy/ptII/ptolemy/domains/de/test/auto/ResettableTimer5.xml
1 ms. Memory: 186368K Free: 99130K (53%)
----------------- Invoking toplevel() on ptolemy.moml.MoMLSimpleApplication@272e51c4
----------------- Done invoking toplevel() on ptolemy.moml.MoMLSimpleApplication@272e51c4
reloadAllAccessors: .ResettableTimer5

===========================================================================================
----------------- testing Thu Nov 28 06:21:37 UTC 2019 /home/travis/build/icyphy/ptII/ptolemy/domains/de/test/auto/ResettableTimer6.xml
----------------- Instantiating /home/travis/build/icyphy/ptII/ptolemy/domains/de/test/auto/ResettableTimer6.xml
7 ms. Memory: 186368K Free: 94520K (51%)
----------------- Invoking toplevel() on ptolemy.moml.MoMLSimpleApplication@5cbba136
----------------- Done invoking toplevel() on ptolemy.moml.MoMLSimpleApplication@5cbba136
reloadAllAccessors: .ResettableTimer6

===========================================================================================
----------------- testing Thu Nov 28 06:21:37 UTC 2019 /home/travis/build/icyphy/ptII/ptolemy/domains/de/test/auto/ServerZeroDelay.xml
----------------- Instantiating /home/travis/build/icyphy/ptII/ptolemy/domains/de/test/auto/ServerZeroDelay.xml
2 ms. Memory: 186368K Free: 90410K (49%)
----------------- Invoking toplevel() on ptolemy.moml.MoMLSimpleApplication@3a44966c
----------------- Done invoking toplevel() on ptolemy.moml.MoMLSimpleApplication@3a44966c
reloadAllAccessors: .ServerZeroDelay

===========================================================================================
----------------- testing Thu Nov 28 06:21:37 UTC 2019 /home/travis/build/icyphy/ptII/ptolemy/domains/de/test/auto/SmartSender.xml
----------------- Instantiating /home/travis/build/icyphy/ptII/ptolemy/domains/de/test/auto/SmartSender.xml
3002 ms. Memory: 186368K Free: 86328K (46%)
----------------- Invoking toplevel() on ptolemy.moml.MoMLSimpleApplication@26ff74a6
----------------- Done invoking toplevel() on ptolemy.moml.MoMLSimpleApplication@26ff74a6
reloadAllAccessors: .SmartSender

===========================================================================================
----------------- testing Thu Nov 28 06:21:40 UTC 2019 /home/travis/build/icyphy/ptII/ptolemy/domains/de/test/auto/ThreadedComposite.xml
----------------- Instantiating /home/travis/build/icyphy/ptII/ptolemy/domains/de/test/auto/ThreadedComposite.xml
118 ms. Memory: 186368K Free: 66362K (36%)
----------------- Invoking toplevel() on ptolemy.moml.MoMLSimpleApplication@7a7b709a
----------------- Done invoking toplevel() on ptolemy.moml.MoMLSimpleApplication@7a7b709a
reloadAllAccessors: .ThreadedComposite

===========================================================================================
----------------- testing Thu Nov 28 06:21:40 UTC 2019 /home/travis/build/icyphy/ptII/ptolemy/domains/de/test/auto/Time.xml
----------------- Instantiating /home/travis/build/icyphy/ptII/ptolemy/domains/de/test/auto/Time.xml
505 ms. Memory: 186368K Free: 124742K (67%)
----------------- Invoking toplevel() on ptolemy.moml.MoMLSimpleApplication@6106bda4
----------------- Done invoking toplevel() on ptolemy.moml.MoMLSimpleApplication@6106bda4
reloadAllAccessors: .Time

===========================================================================================
----------------- testing Thu Nov 28 06:21:41 UTC 2019 /home/travis/build/icyphy/ptII/ptolemy/domains/de/test/auto/TimeDelayZeroDelay.xml
----------------- Instantiating /home/travis/build/icyphy/ptII/ptolemy/domains/de/test/auto/TimeDelayZeroDelay.xml
2 ms. Memory: 186368K Free: 120118K (64%)
----------------- Invoking toplevel() on ptolemy.moml.MoMLSimpleApplication@2465cd03
----------------- Done invoking toplevel() on ptolemy.moml.MoMLSimpleApplication@2465cd03
reloadAllAccessors: .TimeDelayZeroDelay

===========================================================================================
----------------- testing Thu Nov 28 06:21:41 UTC 2019 /home/travis/build/icyphy/ptII/ptolemy/domains/de/test/auto/TimerZeroDelay.xml
----------------- Instantiating /home/travis/build/icyphy/ptII/ptolemy/domains/de/test/auto/TimerZeroDelay.xml
3 ms. Memory: 186368K Free: 116022K (62%)
----------------- Invoking toplevel() on ptolemy.moml.MoMLSimpleApplication@502166ba
----------------- Done invoking toplevel() on ptolemy.moml.MoMLSimpleApplication@502166ba
reloadAllAccessors: .TimerZeroDelay

===========================================================================================
----------------- testing Thu Nov 28 06:21:41 UTC 2019 /home/travis/build/icyphy/ptII/ptolemy/domains/de/test/auto/TimingParadox.xml
----------------- Instantiating /home/travis/build/icyphy/ptII/ptolemy/domains/de/test/auto/TimingParadox.xml
319 ms. Memory: 186368K Free: 159149K (85%)
----------------- Invoking toplevel() on ptolemy.moml.MoMLSimpleApplication@2beb7f6e
----------------- Done invoking toplevel() on ptolemy.moml.MoMLSimpleApplication@2beb7f6e
reloadAllAccessors: .TimingParadox

===========================================================================================
----------------- testing Thu Nov 28 06:21:41 UTC 2019 /home/travis/build/icyphy/ptII/ptolemy/domains/de/test/auto/TransferInputs.xml
----------------- Instantiating /home/travis/build/icyphy/ptII/ptolemy/domains/de/test/auto/TransferInputs.xml
1 ms. Memory: 186368K Free: 154005K (83%)
----------------- Invoking toplevel() on ptolemy.moml.MoMLSimpleApplication@725a97b1
----------------- Done invoking toplevel() on ptolemy.moml.MoMLSimpleApplication@725a97b1
reloadAllAccessors: .TransferInputs

===========================================================================================
----------------- testing Thu Nov 28 06:21:41 UTC 2019 /home/travis/build/icyphy/ptII/ptolemy/domains/de/test/auto/TransferOutputs2.xml
----------------- Instantiating /home/travis/build/icyphy/ptII/ptolemy/domains/de/test/auto/TransferOutputs2.xml
3 ms. Memory: 186368K Free: 146341K (79%)
----------------- Invoking toplevel() on ptolemy.moml.MoMLSimpleApplication@182a8d22
----------------- Done invoking toplevel() on ptolemy.moml.MoMLSimpleApplication@182a8d22
reloadAllAccessors: .TransferOutputs2

===========================================================================================
----------------- testing Thu Nov 28 06:21:41 UTC 2019 /home/travis/build/icyphy/ptII/ptolemy/domains/de/test/auto/Trilateration.xml
----------------- Instantiating /home/travis/build/icyphy/ptII/ptolemy/domains/de/test/auto/Trilateration.xml
12446 ms. Memory: 410624K Free: 169185K (41%)
----------------- Invoking toplevel() on ptolemy.moml.MoMLSimpleApplication@68b5d819
----------------- Done invoking toplevel() on ptolemy.moml.MoMLSimpleApplication@68b5d819
reloadAllAccessors: .Trilateration

===========================================================================================
----------------- testing Thu Nov 28 06:21:55 UTC 2019 /home/travis/build/icyphy/ptII/ptolemy/domains/de/test/auto/TwoSigmaDelta.xml
----------------- Instantiating /home/travis/build/icyphy/ptII/ptolemy/domains/de/test/auto/TwoSigmaDelta.xml
2178 ms. Memory: 410624K Free: 203824K (50%)
----------------- Invoking toplevel() on ptolemy.moml.MoMLSimpleApplication@6848ec5e
----------------- Done invoking toplevel() on ptolemy.moml.MoMLSimpleApplication@6848ec5e
reloadAllAccessors: .TwoSigmaDelta

===========================================================================================
----------------- testing Thu Nov 28 06:21:57 UTC 2019 /home/travis/build/icyphy/ptII/ptolemy/domains/de/test/auto/VariableDelay.xml
----------------- Instantiating /home/travis/build/icyphy/ptII/ptolemy/domains/de/test/auto/VariableDelay.xml
3 ms. Memory: 410624K Free: 198704K (48%)
----------------- Invoking toplevel() on ptolemy.moml.MoMLSimpleApplication@5a416d63
----------------- Done invoking toplevel() on ptolemy.moml.MoMLSimpleApplication@5a416d63
reloadAllAccessors: .VariableDelay

===========================================================================================
----------------- testing Thu Nov 28 06:21:57 UTC 2019 /home/travis/build/icyphy/ptII/ptolemy/domains/de/test/auto/VariableDelay2.xml
----------------- Instantiating /home/travis/build/icyphy/ptII/ptolemy/domains/de/test/auto/VariableDelay2.xml
2 ms. Memory: 410624K Free: 194064K (47%)
----------------- Invoking toplevel() on ptolemy.moml.MoMLSimpleApplication@518b0f27
----------------- Done invoking toplevel() on ptolemy.moml.MoMLSimpleApplication@518b0f27
reloadAllAccessors: .VariableDelay2

===========================================================================================
----------------- testing Thu Nov 28 06:21:57 UTC 2019 /home/travis/build/icyphy/ptII/ptolemy/domains/de/test/auto/VariableDelayZeroDelay.xml
----------------- Instantiating /home/travis/build/icyphy/ptII/ptolemy/domains/de/test/auto/VariableDelayZeroDelay.xml
2 ms. Memory: 410624K Free: 189998K (46%)
----------------- Invoking toplevel() on ptolemy.moml.MoMLSimpleApplication@59f4ec50
----------------- Done invoking toplevel() on ptolemy.moml.MoMLSimpleApplication@59f4ec50
reloadAllAccessors: .VariableDelayZeroDelay

===========================================================================================
----------------- testing Thu Nov 28 06:21:57 UTC 2019 /home/travis/build/icyphy/ptII/ptolemy/domains/de/test/auto/VariableDelayZeroDelay2.xml
----------------- Instantiating /home/travis/build/icyphy/ptII/ptolemy/domains/de/test/auto/VariableDelayZeroDelay2.xml
2 ms. Memory: 410624K Free: 185902K (45%)
----------------- Invoking toplevel() on ptolemy.moml.MoMLSimpleApplication@6d928398
----------------- Done invoking toplevel() on ptolemy.moml.MoMLSimpleApplication@6d928398
reloadAllAccessors: .VariableDelayZeroDelay2

===========================================================================================
----------------- testing Thu Nov 28 06:21:57 UTC 2019 /home/travis/build/icyphy/ptII/ptolemy/domains/de/test/auto/deInCt.xml
----------------- Instantiating /home/travis/build/icyphy/ptII/ptolemy/domains/de/test/auto/deInCt.xml
0
1
1
1
0
0
0
0
1
1
1
1
0
0
1
1
1
1
0
0
0
0
0
1
1
1
1
0
0
0
1
1
1
0
0
0
0
8 ms. Memory: 410624K Free: 180782K (44%)
----------------- Invoking toplevel() on ptolemy.moml.MoMLSimpleApplication@5407bcb2
----------------- Done invoking toplevel() on ptolemy.moml.MoMLSimpleApplication@5407bcb2
reloadAllAccessors: .deInCt

===========================================================================================
----------------- testing Thu Nov 28 06:21:57 UTC 2019 /home/travis/build/icyphy/ptII/ptolemy/domains/de/test/auto/deInCt2.xml
----------------- Instantiating /home/travis/build/icyphy/ptII/ptolemy/domains/de/test/auto/deInCt2.xml
0
1
1
1
0
0
1
1
1
0
0
1
1
1
0
0
1
1
1
0
0
1
1
1
0
0
1
1
1
0
0
1
1
1
0
0
1
1
1
0
0
0
7 ms. Memory: 410624K Free: 175656K (43%)
----------------- Invoking toplevel() on ptolemy.moml.MoMLSimpleApplication@38aa7046
----------------- Done invoking toplevel() on ptolemy.moml.MoMLSimpleApplication@38aa7046
reloadAllAccessors: .deInCt2

===========================================================================================
----------------- testing Thu Nov 28 06:21:57 UTC 2019 /home/travis/build/icyphy/ptII/ptolemy/domains/de/test/auto/dynamicCausalityInterface1.xml
----------------- Instantiating /home/travis/build/icyphy/ptII/ptolemy/domains/de/test/auto/dynamicCausalityInterface1.xml
2 ms. Memory: 410624K Free: 166446K (41%)
----------------- Invoking toplevel() on ptolemy.moml.MoMLSimpleApplication@3d980c68
----------------- Done invoking toplevel() on ptolemy.moml.MoMLSimpleApplication@3d980c68
reloadAllAccessors: .dynamicCausalityInterface1

===========================================================================================
----------------- testing Thu Nov 28 06:21:57 UTC 2019 /home/travis/build/icyphy/ptII/ptolemy/domains/de/test/auto/fsm_de_test.xml
----------------- Instantiating /home/travis/build/icyphy/ptII/ptolemy/domains/de/test/auto/fsm_de_test.xml
5 ms. Memory: 410624K Free: 157216K (38%)
----------------- Invoking toplevel() on ptolemy.moml.MoMLSimpleApplication@2b00a1ce
----------------- Done invoking toplevel() on ptolemy.moml.MoMLSimpleApplication@2b00a1ce
reloadAllAccessors: .fsm_de_test

===========================================================================================
----------------- testing Thu Nov 28 06:21:57 UTC 2019 /home/travis/build/icyphy/ptII/ptolemy/domains/de/test/auto/functionDependencyReconstruction.xml
----------------- Instantiating /home/travis/build/icyphy/ptII/ptolemy/domains/de/test/auto/functionDependencyReconstruction.xml
2 ms. Memory: 410624K Free: 142384K (35%)
----------------- Invoking toplevel() on ptolemy.moml.MoMLSimpleApplication@2e7eb81e
----------------- Done invoking toplevel() on ptolemy.moml.MoMLSimpleApplication@2e7eb81e
reloadAllAccessors: .functionDependencyReconstruction

===========================================================================================
----------------- testing Thu Nov 28 06:21:57 UTC 2019 /home/travis/build/icyphy/ptII/ptolemy/domains/de/test/auto/multirate.xml
----------------- Instantiating /home/travis/build/icyphy/ptII/ptolemy/domains/de/test/auto/multirate.xml
5 ms. Memory: 410624K Free: 377993K (92%)
----------------- Invoking toplevel() on ptolemy.moml.MoMLSimpleApplication@f5be2e2
----------------- Done invoking toplevel() on ptolemy.moml.MoMLSimpleApplication@f5be2e2
reloadAllAccessors: .multirate

===========================================================================================
----------------- testing Thu Nov 28 06:21:57 UTC 2019 /home/travis/build/icyphy/ptII/ptolemy/domains/de/test/auto/multirate2.xml
----------------- Instantiating /home/travis/build/icyphy/ptII/ptolemy/domains/de/test/auto/multirate2.xml
2 ms. Memory: 410624K Free: 371353K (90%)
----------------- Invoking toplevel() on ptolemy.moml.MoMLSimpleApplication@2de77319
----------------- Done invoking toplevel() on ptolemy.moml.MoMLSimpleApplication@2de77319
reloadAllAccessors: .multirate2

===========================================================================================
----------------- testing Thu Nov 28 06:21:57 UTC 2019 /home/travis/build/icyphy/ptII/ptolemy/domains/de/test/auto/realtime.xml
----------------- Instantiating /home/travis/build/icyphy/ptII/ptolemy/domains/de/test/auto/realtime.xml
10001 ms. Memory: 410624K Free: 366743K (89%)
----------------- Invoking toplevel() on ptolemy.moml.MoMLSimpleApplication@80522c1
----------------- Done invoking toplevel() on ptolemy.moml.MoMLSimpleApplication@80522c1
reloadAllAccessors: .realtime

===========================================================================================
----------------- testing Thu Nov 28 06:22:07 UTC 2019 /home/travis/build/icyphy/ptII/ptolemy/domains/de/test/auto/relationGroup.xml
----------------- Instantiating /home/travis/build/icyphy/ptII/ptolemy/domains/de/test/auto/relationGroup.xml
1 ms. Memory: 410624K Free: 363161K (88%)
----------------- Invoking toplevel() on ptolemy.moml.MoMLSimpleApplication@1824be1
----------------- Done invoking toplevel() on ptolemy.moml.MoMLSimpleApplication@1824be1
reloadAllAccessors: .relationGroup

===========================================================================================
----------------- testing Thu Nov 28 06:22:07 UTC 2019 /home/travis/build/icyphy/ptII/ptolemy/domains/de/test/auto/relationGroup2.xml
----------------- Instantiating /home/travis/build/icyphy/ptII/ptolemy/domains/de/test/auto/relationGroup2.xml
1 ms. Memory: 410624K Free: 359575K (88%)
----------------- Invoking toplevel() on ptolemy.moml.MoMLSimpleApplication@73b9ac3c
----------------- Done invoking toplevel() on ptolemy.moml.MoMLSimpleApplication@73b9ac3c
reloadAllAccessors: .relationGroup2

===========================================================================================
----------------- testing Thu Nov 28 06:22:07 UTC 2019 /home/travis/build/icyphy/ptII/ptolemy/domains/de/test/auto/sortWithOpaquePorts.xml
----------------- Instantiating /home/travis/build/icyphy/ptII/ptolemy/domains/de/test/auto/sortWithOpaquePorts.xml
2 ms. Memory: 410624K Free: 354969K (86%)
----------------- Invoking toplevel() on ptolemy.moml.MoMLSimpleApplication@489da408
----------------- Done invoking toplevel() on ptolemy.moml.MoMLSimpleApplication@489da408
reloadAllAccessors: .sortWithOpaquePorts

===========================================================================================
----------------- testing Thu Nov 28 06:22:07 UTC 2019 /home/travis/build/icyphy/ptII/ptolemy/domains/de/test/auto/transferInputsandOutputs.xml
----------------- Instantiating /home/travis/build/icyphy/ptII/ptolemy/domains/de/test/auto/transferInputsandOutputs.xml
3 ms. Memory: 410624K Free: 348311K (85%)
----------------- Invoking toplevel() on ptolemy.moml.MoMLSimpleApplication@300755d8
----------------- Done invoking toplevel() on ptolemy.moml.MoMLSimpleApplication@300755d8
reloadAllAccessors: .transferInputsandOutputs

===========================================================================================
----------------- testing Thu Nov 28 06:22:07 UTC 2019 /home/travis/build/icyphy/ptII/ptolemy/domains/de/test/auto/triggerType.xml
----------------- Instantiating /home/travis/build/icyphy/ptII/ptolemy/domains/de/test/auto/triggerType.xml
2 ms. Memory: 410624K Free: 343705K (84%)
----------------- Invoking toplevel() on ptolemy.moml.MoMLSimpleApplication@c651c15
----------------- Done invoking toplevel() on ptolemy.moml.MoMLSimpleApplication@c651c15
reloadAllAccessors: .triggerType
AutoTests.java: About to close Vertx.
AutoTests.java: Vertx closed.
]]></system-out>
  <system-err><![CDATA[java.lang.RuntimeException: Execution failed
	at ptolemy.moml.MoMLSimpleApplication$UnloadThread.run(MoMLSimpleApplication.java:402)
Caused by: ptolemy.kernel.util.IllegalActionException: Found a zero delay loop containing .dependencyLoop.original
  in .dependencyLoop and .dependencyLoop.original
	at ptolemy.actor.util.CausalityInterfaceForComposites._computeOutputPortDepth(CausalityInterfaceForComposites.java:759)
	at ptolemy.actor.util.CausalityInterfaceForComposites._computeInputDepth(CausalityInterfaceForComposites.java:696)
	at ptolemy.actor.util.CausalityInterfaceForComposites._computeOutputPortDepth(CausalityInterfaceForComposites.java:765)
	at ptolemy.actor.util.CausalityInterfaceForComposites._computeInputDepth(CausalityInterfaceForComposites.java:696)
	at ptolemy.actor.util.CausalityInterfaceForComposites._computeOutputPortDepth(CausalityInterfaceForComposites.java:765)
	at ptolemy.actor.util.CausalityInterfaceForComposites._computeInputDepth(CausalityInterfaceForComposites.java:696)
	at ptolemy.actor.util.CausalityInterfaceForComposites._computeActorDepth(CausalityInterfaceForComposites.java:532)
	at ptolemy.actor.util.CausalityInterfaceForComposites.checkForCycles(CausalityInterfaceForComposites.java:96)
	at ptolemy.domains.de.kernel.DEDirector.preinitialize(DEDirector.java:1338)
	at ptolemy.actor.CompositeActor.preinitialize(CompositeActor.java:1828)
	at ptolemy.actor.Manager.preinitializeAndResolveTypes(Manager.java:1040)
	at ptolemy.actor.Manager.initialize(Manager.java:710)
	at ptolemy.actor.Manager.execute(Manager.java:356)
	at ptolemy.actor.Manager.run(Manager.java:1263)
	at ptolemy.actor.Manager$PtolemyRunThread.run(Manager.java:1933)
java.lang.RuntimeException: Execution failed
	at ptolemy.moml.MoMLSimpleApplication$UnloadThread.run(MoMLSimpleApplication.java:402)
Caused by: ptolemy.kernel.util.IllegalActionException: Found a zero delay loop containing .dependencyLoop2.original
  in .dependencyLoop2 and .dependencyLoop2.original
	at ptolemy.actor.util.CausalityInterfaceForComposites._computeOutputPortDepth(CausalityInterfaceForComposites.java:759)
	at ptolemy.actor.util.CausalityInterfaceForComposites._computeInputDepth(CausalityInterfaceForComposites.java:696)
	at ptolemy.actor.util.CausalityInterfaceForComposites._computeOutputPortDepth(CausalityInterfaceForComposites.java:765)
	at ptolemy.actor.util.CausalityInterfaceForComposites._computeInputDepth(CausalityInterfaceForComposites.java:696)
	at ptolemy.actor.util.CausalityInterfaceForComposites._computeOutputPortDepth(CausalityInterfaceForComposites.java:765)
	at ptolemy.actor.util.CausalityInterfaceForComposites._computeInputDepth(CausalityInterfaceForComposites.java:696)
	at ptolemy.actor.util.CausalityInterfaceForComposites._computeActorDepth(CausalityInterfaceForComposites.java:532)
	at ptolemy.actor.util.CausalityInterfaceForComposites.checkForCycles(CausalityInterfaceForComposites.java:96)
	at ptolemy.domains.de.kernel.DEDirector.preinitialize(DEDirector.java:1338)
	at ptolemy.actor.CompositeActor.preinitialize(CompositeActor.java:1828)
	at ptolemy.actor.Manager.preinitializeAndResolveTypes(Manager.java:1040)
	at ptolemy.actor.Manager.initialize(Manager.java:710)
	at ptolemy.actor.Manager.execute(Manager.java:356)
	at ptolemy.actor.Manager.run(Manager.java:1263)
	at ptolemy.actor.Manager$PtolemyRunThread.run(Manager.java:1933)
java.lang.RuntimeException: Execution failed
	at ptolemy.moml.MoMLSimpleApplication$UnloadThread.run(MoMLSimpleApplication.java:402)
Caused by: ptolemy.kernel.util.IllegalActionException: Test fails in iteration 1.
Value was: 1.0. Should have been: 2.0
  in .DirectFeedback.Test
	at ptolemy.actor.lib.Test.fire(Test.java:268)
	at ptolemy.domains.de.kernel.DEDirector._fire(DEDirector.java:1949)
	at ptolemy.domains.de.kernel.DEDirector.fire(DEDirector.java:502)
	at ptolemy.actor.CompositeActor.fire(CompositeActor.java:455)
	at ptolemy.actor.Manager.iterate(Manager.java:851)
	at ptolemy.actor.Manager.execute(Manager.java:369)
	at ptolemy.actor.Manager.run(Manager.java:1263)
	at ptolemy.actor.Manager$PtolemyRunThread.run(Manager.java:1933)
java.lang.RuntimeException: Execution failed
	at ptolemy.moml.MoMLSimpleApplication$UnloadThread.run(MoMLSimpleApplication.java:402)
Caused by: ptolemy.kernel.util.IllegalActionException: Found a zero delay loop containing .dependencyLoop.original
  in .dependencyLoop and .dependencyLoop.original
	at ptolemy.actor.util.CausalityInterfaceForComposites._computeOutputPortDepth(CausalityInterfaceForComposites.java:759)
	at ptolemy.actor.util.CausalityInterfaceForComposites._computeInputDepth(CausalityInterfaceForComposites.java:696)
	at ptolemy.actor.util.CausalityInterfaceForComposites._computeOutputPortDepth(CausalityInterfaceForComposites.java:765)
	at ptolemy.actor.util.CausalityInterfaceForComposites._computeInputDepth(CausalityInterfaceForComposites.java:696)
	at ptolemy.actor.util.CausalityInterfaceForComposites._computeOutputPortDepth(CausalityInterfaceForComposites.java:765)
	at ptolemy.actor.util.CausalityInterfaceForComposites._computeInputDepth(CausalityInterfaceForComposites.java:696)
	at ptolemy.actor.util.CausalityInterfaceForComposites._computeActorDepth(CausalityInterfaceForComposites.java:532)
	at ptolemy.actor.util.CausalityInterfaceForComposites.checkForCycles(CausalityInterfaceForComposites.java:96)
	at ptolemy.domains.de.kernel.DEDirector.preinitialize(DEDirector.java:1338)
	at ptolemy.actor.CompositeActor.preinitialize(CompositeActor.java:1828)
	at ptolemy.actor.Manager.preinitializeAndResolveTypes(Manager.java:1040)
	at ptolemy.actor.Manager.initialize(Manager.java:710)
	at ptolemy.actor.Manager.execute(Manager.java:356)
	at ptolemy.actor.Manager.run(Manager.java:1263)
	at ptolemy.actor.Manager$PtolemyRunThread.run(Manager.java:1933)
java.lang.RuntimeException: Execution failed
	at ptolemy.moml.MoMLSimpleApplication$UnloadThread.run(MoMLSimpleApplication.java:402)
Caused by: ptolemy.kernel.util.IllegalActionException: Found a zero delay loop containing .HierarchicalModel.A
  in .HierarchicalModel and .HierarchicalModel.A
	at ptolemy.actor.util.CausalityInterfaceForComposites._computeOutputPortDepth(CausalityInterfaceForComposites.java:759)
	at ptolemy.actor.util.CausalityInterfaceForComposites._computeInputDepth(CausalityInterfaceForComposites.java:696)
	at ptolemy.actor.util.CausalityInterfaceForComposites._computeOutputPortDepth(CausalityInterfaceForComposites.java:765)
	at ptolemy.actor.util.CausalityInterfaceForComposites._computeInputDepth(CausalityInterfaceForComposites.java:696)
	at ptolemy.actor.util.CausalityInterfaceForComposites._computeOutputPortDepth(CausalityInterfaceForComposites.java:765)
	at ptolemy.actor.util.CausalityInterfaceForComposites._computeInputDepth(CausalityInterfaceForComposites.java:696)
	at ptolemy.actor.util.CausalityInterfaceForComposites._computeActorDepth(CausalityInterfaceForComposites.java:532)
	at ptolemy.actor.util.CausalityInterfaceForComposites.checkForCycles(CausalityInterfaceForComposites.java:96)
	at ptolemy.domains.de.kernel.DEDirector.preinitialize(DEDirector.java:1338)
	at ptolemy.actor.CompositeActor.preinitialize(CompositeActor.java:1828)
	at ptolemy.actor.Manager.preinitializeAndResolveTypes(Manager.java:1040)
	at ptolemy.actor.Manager.initialize(Manager.java:710)
	at ptolemy.actor.Manager.execute(Manager.java:356)
	at ptolemy.actor.Manager.run(Manager.java:1263)
	at ptolemy.actor.Manager$PtolemyRunThread.run(Manager.java:1933)
java.lang.RuntimeException: Execution failed
	at ptolemy.moml.MoMLSimpleApplication$UnloadThread.run(MoMLSimpleApplication.java:402)
Caused by: ptolemy.kernel.util.IllegalActionException: Found a zero delay loop containing .dependencyLoop2.original
  in .dependencyLoop2 and .dependencyLoop2.original
	at ptolemy.actor.util.CausalityInterfaceForComposites._computeOutputPortDepth(CausalityInterfaceForComposites.java:759)
	at ptolemy.actor.util.CausalityInterfaceForComposites._computeInputDepth(CausalityInterfaceForComposites.java:696)
	at ptolemy.actor.util.CausalityInterfaceForComposites._computeOutputPortDepth(CausalityInterfaceForComposites.java:765)
	at ptolemy.actor.util.CausalityInterfaceForComposites._computeInputDepth(CausalityInterfaceForComposites.java:696)
	at ptolemy.actor.util.CausalityInterfaceForComposites._computeOutputPortDepth(CausalityInterfaceForComposites.java:765)
	at ptolemy.actor.util.CausalityInterfaceForComposites._computeInputDepth(CausalityInterfaceForComposites.java:696)
	at ptolemy.actor.util.CausalityInterfaceForComposites._computeActorDepth(CausalityInterfaceForComposites.java:532)
	at ptolemy.actor.util.CausalityInterfaceForComposites.checkForCycles(CausalityInterfaceForComposites.java:96)
	at ptolemy.domains.de.kernel.DEDirector.preinitialize(DEDirector.java:1338)
	at ptolemy.actor.CompositeActor.preinitialize(CompositeActor.java:1828)
	at ptolemy.actor.Manager.preinitializeAndResolveTypes(Manager.java:1040)
	at ptolemy.actor.Manager.initialize(Manager.java:710)
	at ptolemy.actor.Manager.execute(Manager.java:356)
	at ptolemy.actor.Manager.run(Manager.java:1263)
	at ptolemy.actor.Manager$PtolemyRunThread.run(Manager.java:1933)
java.lang.RuntimeException: Execution failed
	at ptolemy.moml.MoMLSimpleApplication$UnloadThread.run(MoMLSimpleApplication.java:402)
Caused by: ptolemy.kernel.util.IllegalActionException: Actor is not ready to fire.  Perhaps UpSample.prefire() returned false? Try debugging the actor by selecting "Listen to Actor".  Also, for SDF check moml for tokenConsumptionRate on input.
  in .DESDFClockTest.Play Bell.Copy1:SDF Director and .DESDFClockTest.Play Bell.UpSample
	at ptolemy.actor.sched.StaticSchedulingDirector.fire(StaticSchedulingDirector.java:227)
	at ptolemy.domains.sdf.kernel.SDFDirector.fire(SDFDirector.java:500)
	at ptolemy.actor.CompositeActor.fire(CompositeActor.java:455)
	at ptolemy.domains.de.kernel.DEDirector._fire(DEDirector.java:1949)
	at ptolemy.domains.de.kernel.DEDirector.fire(DEDirector.java:502)
	at ptolemy.actor.CompositeActor.fire(CompositeActor.java:455)
	at ptolemy.actor.Manager.iterate(Manager.java:851)
	at ptolemy.actor.Manager.execute(Manager.java:369)
	at ptolemy.actor.Manager.run(Manager.java:1263)
	at ptolemy.actor.Manager$PtolemyRunThread.run(Manager.java:1933)
java.lang.RuntimeException: Execution failed
	at ptolemy.moml.MoMLSimpleApplication$UnloadThread.run(MoMLSimpleApplication.java:402)
Caused by: ptolemy.kernel.util.IllegalActionException: Actor is not ready to fire.  Perhaps UpSample.prefire() returned false? Try debugging the actor by selecting "Listen to Actor".  Also, for SDF check moml for tokenConsumptionRate on input.
  in .DESDFClockTest.Play Bell.Copy1:SDF Director and .DESDFClockTest.Play Bell.UpSample
	at ptolemy.actor.sched.StaticSchedulingDirector.fire(StaticSchedulingDirector.java:227)
	at ptolemy.domains.sdf.kernel.SDFDirector.fire(SDFDirector.java:500)
	at ptolemy.actor.CompositeActor.fire(CompositeActor.java:455)
	at ptolemy.domains.de.kernel.DEDirector._fire(DEDirector.java:1949)
	at ptolemy.domains.de.kernel.DEDirector.fire(DEDirector.java:502)
	at ptolemy.actor.CompositeActor.fire(CompositeActor.java:455)
	at ptolemy.actor.Manager.iterate(Manager.java:851)
	at ptolemy.actor.Manager.execute(Manager.java:369)
	at ptolemy.actor.Manager.run(Manager.java:1263)
	at ptolemy.actor.Manager$PtolemyRunThread.run(Manager.java:1933)
java.lang.reflect.InvocationTargetException
	at java.base/jdk.internal.reflect.NativeConstructorAccessorImpl.newInstance0(Native Method)
	at java.base/jdk.internal.reflect.NativeConstructorAccessorImpl.newInstance(NativeConstructorAccessorImpl.java:62)
	at java.base/jdk.internal.reflect.DelegatingConstructorAccessorImpl.newInstance(DelegatingConstructorAccessorImpl.java:45)
	at java.base/java.lang.reflect.Constructor.newInstance(Constructor.java:490)
	at ptolemy.util.test.junit.AutoKnownFailedTests.RunModel(AutoKnownFailedTests.java:105)
	at java.base/jdk.internal.reflect.NativeMethodAccessorImpl.invoke0(Native Method)
	at java.base/jdk.internal.reflect.NativeMethodAccessorImpl.invoke(NativeMethodAccessorImpl.java:62)
	at java.base/jdk.internal.reflect.DelegatingMethodAccessorImpl.invoke(DelegatingMethodAccessorImpl.java:43)
	at java.base/java.lang.reflect.Method.invoke(Method.java:566)
	at org.junit.runners.model.FrameworkMethod$1.runReflectiveCall(FrameworkMethod.java:44)
	at org.junit.internal.runners.model.ReflectiveCallable.run(ReflectiveCallable.java:15)
	at org.junit.runners.model.FrameworkMethod.invokeExplosively(FrameworkMethod.java:41)
	at junitparams.internal.InvokeParameterisedMethod.evaluate(InvokeParameterisedMethod.java:102)
	at org.junit.internal.runners.statements.FailOnTimeout$1.run(FailOnTimeout.java:28)
Caused by: ptolemy.kernel.util.IllegalActionException: Actor is not ready to fire.  Perhaps UpSample.prefire() returned false? Try debugging the actor by selecting "Listen to Actor".  Also, for SDF check moml for tokenConsumptionRate on input.
  in .DESDFClockTest.Play Bell.Copy1:SDF Director and .DESDFClockTest.Play Bell.UpSample
	at ptolemy.actor.sched.StaticSchedulingDirector.fire(StaticSchedulingDirector.java:227)
	at ptolemy.domains.sdf.kernel.SDFDirector.fire(SDFDirector.java:500)
	at ptolemy.actor.CompositeActor.fire(CompositeActor.java:455)
	at ptolemy.domains.de.kernel.DEDirector._fire(DEDirector.java:1949)
	at ptolemy.domains.de.kernel.DEDirector.fire(DEDirector.java:502)
	at ptolemy.actor.CompositeActor.fire(CompositeActor.java:455)
	at ptolemy.actor.Manager.iterate(Manager.java:851)
	at ptolemy.actor.Manager.execute(Manager.java:369)
	at ptolemy.actor.Manager.run(Manager.java:1263)
	at ptolemy.actor.Manager$PtolemyRunThread.run(Manager.java:1933)
java.lang.RuntimeException: Execution failed
	at ptolemy.moml.MoMLSimpleApplication$UnloadThread.run(MoMLSimpleApplication.java:402)
Caused by: ptolemy.kernel.util.IllegalActionException: Test fails in iteration 1.
Value was: 1.0. Should have been: 2.0
  in .DirectFeedback.Test
	at ptolemy.actor.lib.Test.fire(Test.java:268)
	at ptolemy.domains.de.kernel.DEDirector._fire(DEDirector.java:1949)
	at ptolemy.domains.de.kernel.DEDirector.fire(DEDirector.java:502)
	at ptolemy.actor.CompositeActor.fire(CompositeActor.java:455)
	at ptolemy.actor.Manager.iterate(Manager.java:851)
	at ptolemy.actor.Manager.execute(Manager.java:369)
	at ptolemy.actor.Manager.run(Manager.java:1263)
	at ptolemy.actor.Manager$PtolemyRunThread.run(Manager.java:1933)
java.lang.reflect.InvocationTargetException
	at java.base/jdk.internal.reflect.NativeConstructorAccessorImpl.newInstance0(Native Method)
	at java.base/jdk.internal.reflect.NativeConstructorAccessorImpl.newInstance(NativeConstructorAccessorImpl.java:62)
	at java.base/jdk.internal.reflect.DelegatingConstructorAccessorImpl.newInstance(DelegatingConstructorAccessorImpl.java:45)
	at java.base/java.lang.reflect.Constructor.newInstance(Constructor.java:490)
	at ptolemy.util.test.junit.AutoKnownFailedTests.RunModel(AutoKnownFailedTests.java:105)
	at java.base/jdk.internal.reflect.NativeMethodAccessorImpl.invoke0(Native Method)
	at java.base/jdk.internal.reflect.NativeMethodAccessorImpl.invoke(NativeMethodAccessorImpl.java:62)
	at java.base/jdk.internal.reflect.DelegatingMethodAccessorImpl.invoke(DelegatingMethodAccessorImpl.java:43)
	at java.base/java.lang.reflect.Method.invoke(Method.java:566)
	at org.junit.runners.model.FrameworkMethod$1.runReflectiveCall(FrameworkMethod.java:44)
	at org.junit.internal.runners.model.ReflectiveCallable.run(ReflectiveCallable.java:15)
	at org.junit.runners.model.FrameworkMethod.invokeExplosively(FrameworkMethod.java:41)
	at junitparams.internal.InvokeParameterisedMethod.evaluate(InvokeParameterisedMethod.java:102)
	at org.junit.internal.runners.statements.FailOnTimeout$1.run(FailOnTimeout.java:28)
Caused by: ptolemy.kernel.util.IllegalActionException: Test fails in iteration 1.
Value was: 1.0. Should have been: 2.0
  in .DirectFeedback.Test
	at ptolemy.actor.lib.Test.fire(Test.java:268)
	at ptolemy.domains.de.kernel.DEDirector._fire(DEDirector.java:1949)
	at ptolemy.domains.de.kernel.DEDirector.fire(DEDirector.java:502)
	at ptolemy.actor.CompositeActor.fire(CompositeActor.java:455)
	at ptolemy.actor.Manager.iterate(Manager.java:851)
	at ptolemy.actor.Manager.execute(Manager.java:369)
	at ptolemy.actor.Manager.run(Manager.java:1263)
	at ptolemy.actor.Manager$PtolemyRunThread.run(Manager.java:1933)
java.lang.RuntimeException: Execution failed
	at ptolemy.moml.MoMLSimpleApplication$UnloadThread.run(MoMLSimpleApplication.java:402)
Caused by: ptolemy.kernel.util.IllegalActionException: Found a zero delay loop containing .HierarchicalModel.A
  in .HierarchicalModel and .HierarchicalModel.A
	at ptolemy.actor.util.CausalityInterfaceForComposites._computeOutputPortDepth(CausalityInterfaceForComposites.java:759)
	at ptolemy.actor.util.CausalityInterfaceForComposites._computeInputDepth(CausalityInterfaceForComposites.java:696)
	at ptolemy.actor.util.CausalityInterfaceForComposites._computeOutputPortDepth(CausalityInterfaceForComposites.java:765)
	at ptolemy.actor.util.CausalityInterfaceForComposites._computeInputDepth(CausalityInterfaceForComposites.java:696)
	at ptolemy.actor.util.CausalityInterfaceForComposites._computeOutputPortDepth(CausalityInterfaceForComposites.java:765)
	at ptolemy.actor.util.CausalityInterfaceForComposites._computeInputDepth(CausalityInterfaceForComposites.java:696)
	at ptolemy.actor.util.CausalityInterfaceForComposites._computeActorDepth(CausalityInterfaceForComposites.java:532)
	at ptolemy.actor.util.CausalityInterfaceForComposites.checkForCycles(CausalityInterfaceForComposites.java:96)
	at ptolemy.domains.de.kernel.DEDirector.preinitialize(DEDirector.java:1338)
	at ptolemy.actor.CompositeActor.preinitialize(CompositeActor.java:1828)
	at ptolemy.actor.Manager.preinitializeAndResolveTypes(Manager.java:1040)
	at ptolemy.actor.Manager.initialize(Manager.java:710)
	at ptolemy.actor.Manager.execute(Manager.java:356)
	at ptolemy.actor.Manager.run(Manager.java:1263)
	at ptolemy.actor.Manager$PtolemyRunThread.run(Manager.java:1933)
java.lang.reflect.InvocationTargetException
	at java.base/jdk.internal.reflect.NativeConstructorAccessorImpl.newInstance0(Native Method)
	at java.base/jdk.internal.reflect.NativeConstructorAccessorImpl.newInstance(NativeConstructorAccessorImpl.java:62)
	at java.base/jdk.internal.reflect.DelegatingConstructorAccessorImpl.newInstance(DelegatingConstructorAccessorImpl.java:45)
	at java.base/java.lang.reflect.Constructor.newInstance(Constructor.java:490)
	at ptolemy.util.test.junit.AutoKnownFailedTests.RunModel(AutoKnownFailedTests.java:105)
	at java.base/jdk.internal.reflect.NativeMethodAccessorImpl.invoke0(Native Method)
	at java.base/jdk.internal.reflect.NativeMethodAccessorImpl.invoke(NativeMethodAccessorImpl.java:62)
	at java.base/jdk.internal.reflect.DelegatingMethodAccessorImpl.invoke(DelegatingMethodAccessorImpl.java:43)
	at java.base/java.lang.reflect.Method.invoke(Method.java:566)
	at org.junit.runners.model.FrameworkMethod$1.runReflectiveCall(FrameworkMethod.java:44)
	at org.junit.internal.runners.model.ReflectiveCallable.run(ReflectiveCallable.java:15)
	at org.junit.runners.model.FrameworkMethod.invokeExplosively(FrameworkMethod.java:41)
	at junitparams.internal.InvokeParameterisedMethod.evaluate(InvokeParameterisedMethod.java:102)
	at org.junit.internal.runners.statements.FailOnTimeout$1.run(FailOnTimeout.java:28)
Caused by: ptolemy.kernel.util.IllegalActionException: Found a zero delay loop containing .HierarchicalModel.A
  in .HierarchicalModel and .HierarchicalModel.A
	at ptolemy.actor.util.CausalityInterfaceForComposites._computeOutputPortDepth(CausalityInterfaceForComposites.java:759)
	at ptolemy.actor.util.CausalityInterfaceForComposites._computeInputDepth(CausalityInterfaceForComposites.java:696)
	at ptolemy.actor.util.CausalityInterfaceForComposites._computeOutputPortDepth(CausalityInterfaceForComposites.java:765)
	at ptolemy.actor.util.CausalityInterfaceForComposites._computeInputDepth(CausalityInterfaceForComposites.java:696)
	at ptolemy.actor.util.CausalityInterfaceForComposites._computeOutputPortDepth(CausalityInterfaceForComposites.java:765)
	at ptolemy.actor.util.CausalityInterfaceForComposites._computeInputDepth(CausalityInterfaceForComposites.java:696)
	at ptolemy.actor.util.CausalityInterfaceForComposites._computeActorDepth(CausalityInterfaceForComposites.java:532)
	at ptolemy.actor.util.CausalityInterfaceForComposites.checkForCycles(CausalityInterfaceForComposites.java:96)
	at ptolemy.domains.de.kernel.DEDirector.preinitialize(DEDirector.java:1338)
	at ptolemy.actor.CompositeActor.preinitialize(CompositeActor.java:1828)
	at ptolemy.actor.Manager.preinitializeAndResolveTypes(Manager.java:1040)
	at ptolemy.actor.Manager.initialize(Manager.java:710)
	at ptolemy.actor.Manager.execute(Manager.java:356)
	at ptolemy.actor.Manager.run(Manager.java:1263)
	at ptolemy.actor.Manager$PtolemyRunThread.run(Manager.java:1933)
java.lang.RuntimeException: Execution failed
	at ptolemy.moml.MoMLSimpleApplication$UnloadThread.run(MoMLSimpleApplication.java:402)
Caused by: ptolemy.kernel.util.IllegalActionException: Found a zero delay loop containing .dependencyLoop.original
  in .dependencyLoop and .dependencyLoop.original
	at ptolemy.actor.util.CausalityInterfaceForComposites._computeOutputPortDepth(CausalityInterfaceForComposites.java:759)
	at ptolemy.actor.util.CausalityInterfaceForComposites._computeInputDepth(CausalityInterfaceForComposites.java:696)
	at ptolemy.actor.util.CausalityInterfaceForComposites._computeOutputPortDepth(CausalityInterfaceForComposites.java:765)
	at ptolemy.actor.util.CausalityInterfaceForComposites._computeInputDepth(CausalityInterfaceForComposites.java:696)
	at ptolemy.actor.util.CausalityInterfaceForComposites._computeOutputPortDepth(CausalityInterfaceForComposites.java:765)
	at ptolemy.actor.util.CausalityInterfaceForComposites._computeInputDepth(CausalityInterfaceForComposites.java:696)
	at ptolemy.actor.util.CausalityInterfaceForComposites._computeActorDepth(CausalityInterfaceForComposites.java:532)
	at ptolemy.actor.util.CausalityInterfaceForComposites.checkForCycles(CausalityInterfaceForComposites.java:96)
	at ptolemy.domains.de.kernel.DEDirector.preinitialize(DEDirector.java:1338)
	at ptolemy.actor.CompositeActor.preinitialize(CompositeActor.java:1828)
	at ptolemy.actor.Manager.preinitializeAndResolveTypes(Manager.java:1040)
	at ptolemy.actor.Manager.initialize(Manager.java:710)
	at ptolemy.actor.Manager.execute(Manager.java:356)
	at ptolemy.actor.Manager.run(Manager.java:1263)
	at ptolemy.actor.Manager$PtolemyRunThread.run(Manager.java:1933)
java.lang.reflect.InvocationTargetException
	at java.base/jdk.internal.reflect.NativeConstructorAccessorImpl.newInstance0(Native Method)
	at java.base/jdk.internal.reflect.NativeConstructorAccessorImpl.newInstance(NativeConstructorAccessorImpl.java:62)
	at java.base/jdk.internal.reflect.DelegatingConstructorAccessorImpl.newInstance(DelegatingConstructorAccessorImpl.java:45)
	at java.base/java.lang.reflect.Constructor.newInstance(Constructor.java:490)
	at ptolemy.util.test.junit.AutoKnownFailedTests.RunModel(AutoKnownFailedTests.java:105)
	at java.base/jdk.internal.reflect.NativeMethodAccessorImpl.invoke0(Native Method)
	at java.base/jdk.internal.reflect.NativeMethodAccessorImpl.invoke(NativeMethodAccessorImpl.java:62)
	at java.base/jdk.internal.reflect.DelegatingMethodAccessorImpl.invoke(DelegatingMethodAccessorImpl.java:43)
	at java.base/java.lang.reflect.Method.invoke(Method.java:566)
	at org.junit.runners.model.FrameworkMethod$1.runReflectiveCall(FrameworkMethod.java:44)
	at org.junit.internal.runners.model.ReflectiveCallable.run(ReflectiveCallable.java:15)
	at org.junit.runners.model.FrameworkMethod.invokeExplosively(FrameworkMethod.java:41)
	at junitparams.internal.InvokeParameterisedMethod.evaluate(InvokeParameterisedMethod.java:102)
	at org.junit.internal.runners.statements.FailOnTimeout$1.run(FailOnTimeout.java:28)
Caused by: ptolemy.kernel.util.IllegalActionException: Found a zero delay loop containing .dependencyLoop.original
  in .dependencyLoop and .dependencyLoop.original
	at ptolemy.actor.util.CausalityInterfaceForComposites._computeOutputPortDepth(CausalityInterfaceForComposites.java:759)
	at ptolemy.actor.util.CausalityInterfaceForComposites._computeInputDepth(CausalityInterfaceForComposites.java:696)
	at ptolemy.actor.util.CausalityInterfaceForComposites._computeOutputPortDepth(CausalityInterfaceForComposites.java:765)
	at ptolemy.actor.util.CausalityInterfaceForComposites._computeInputDepth(CausalityInterfaceForComposites.java:696)
	at ptolemy.actor.util.CausalityInterfaceForComposites._computeOutputPortDepth(CausalityInterfaceForComposites.java:765)
	at ptolemy.actor.util.CausalityInterfaceForComposites._computeInputDepth(CausalityInterfaceForComposites.java:696)
	at ptolemy.actor.util.CausalityInterfaceForComposites._computeActorDepth(CausalityInterfaceForComposites.java:532)
	at ptolemy.actor.util.CausalityInterfaceForComposites.checkForCycles(CausalityInterfaceForComposites.java:96)
	at ptolemy.domains.de.kernel.DEDirector.preinitialize(DEDirector.java:1338)
	at ptolemy.actor.CompositeActor.preinitialize(CompositeActor.java:1828)
	at ptolemy.actor.Manager.preinitializeAndResolveTypes(Manager.java:1040)
	at ptolemy.actor.Manager.initialize(Manager.java:710)
	at ptolemy.actor.Manager.execute(Manager.java:356)
	at ptolemy.actor.Manager.run(Manager.java:1263)
	at ptolemy.actor.Manager$PtolemyRunThread.run(Manager.java:1933)
java.lang.RuntimeException: Execution failed
	at ptolemy.moml.MoMLSimpleApplication$UnloadThread.run(MoMLSimpleApplication.java:402)
Caused by: ptolemy.kernel.util.IllegalActionException: Found a zero delay loop containing .dependencyLoop2.original
  in .dependencyLoop2 and .dependencyLoop2.original
	at ptolemy.actor.util.CausalityInterfaceForComposites._computeOutputPortDepth(CausalityInterfaceForComposites.java:759)
	at ptolemy.actor.util.CausalityInterfaceForComposites._computeInputDepth(CausalityInterfaceForComposites.java:696)
	at ptolemy.actor.util.CausalityInterfaceForComposites._computeOutputPortDepth(CausalityInterfaceForComposites.java:765)
	at ptolemy.actor.util.CausalityInterfaceForComposites._computeInputDepth(CausalityInterfaceForComposites.java:696)
	at ptolemy.actor.util.CausalityInterfaceForComposites._computeOutputPortDepth(CausalityInterfaceForComposites.java:765)
	at ptolemy.actor.util.CausalityInterfaceForComposites._computeInputDepth(CausalityInterfaceForComposites.java:696)
	at ptolemy.actor.util.CausalityInterfaceForComposites._computeActorDepth(CausalityInterfaceForComposites.java:532)
	at ptolemy.actor.util.CausalityInterfaceForComposites.checkForCycles(CausalityInterfaceForComposites.java:96)
	at ptolemy.domains.de.kernel.DEDirector.preinitialize(DEDirector.java:1338)
	at ptolemy.actor.CompositeActor.preinitialize(CompositeActor.java:1828)
	at ptolemy.actor.Manager.preinitializeAndResolveTypes(Manager.java:1040)
	at ptolemy.actor.Manager.initialize(Manager.java:710)
	at ptolemy.actor.Manager.execute(Manager.java:356)
	at ptolemy.actor.Manager.run(Manager.java:1263)
	at ptolemy.actor.Manager$PtolemyRunThread.run(Manager.java:1933)
java.lang.reflect.InvocationTargetException
	at java.base/jdk.internal.reflect.NativeConstructorAccessorImpl.newInstance0(Native Method)
	at java.base/jdk.internal.reflect.NativeConstructorAccessorImpl.newInstance(NativeConstructorAccessorImpl.java:62)
	at java.base/jdk.internal.reflect.DelegatingConstructorAccessorImpl.newInstance(DelegatingConstructorAccessorImpl.java:45)
	at java.base/java.lang.reflect.Constructor.newInstance(Constructor.java:490)
	at ptolemy.util.test.junit.AutoKnownFailedTests.RunModel(AutoKnownFailedTests.java:105)
	at java.base/jdk.internal.reflect.NativeMethodAccessorImpl.invoke0(Native Method)
	at java.base/jdk.internal.reflect.NativeMethodAccessorImpl.invoke(NativeMethodAccessorImpl.java:62)
	at java.base/jdk.internal.reflect.DelegatingMethodAccessorImpl.invoke(DelegatingMethodAccessorImpl.java:43)
	at java.base/java.lang.reflect.Method.invoke(Method.java:566)
	at org.junit.runners.model.FrameworkMethod$1.runReflectiveCall(FrameworkMethod.java:44)
	at org.junit.internal.runners.model.ReflectiveCallable.run(ReflectiveCallable.java:15)
	at org.junit.runners.model.FrameworkMethod.invokeExplosively(FrameworkMethod.java:41)
	at junitparams.internal.InvokeParameterisedMethod.evaluate(InvokeParameterisedMethod.java:102)
	at org.junit.internal.runners.statements.FailOnTimeout$1.run(FailOnTimeout.java:28)
Caused by: ptolemy.kernel.util.IllegalActionException: Found a zero delay loop containing .dependencyLoop2.original
  in .dependencyLoop2 and .dependencyLoop2.original
	at ptolemy.actor.util.CausalityInterfaceForComposites._computeOutputPortDepth(CausalityInterfaceForComposites.java:759)
	at ptolemy.actor.util.CausalityInterfaceForComposites._computeInputDepth(CausalityInterfaceForComposites.java:696)
	at ptolemy.actor.util.CausalityInterfaceForComposites._computeOutputPortDepth(CausalityInterfaceForComposites.java:765)
	at ptolemy.actor.util.CausalityInterfaceForComposites._computeInputDepth(CausalityInterfaceForComposites.java:696)
	at ptolemy.actor.util.CausalityInterfaceForComposites._computeOutputPortDepth(CausalityInterfaceForComposites.java:765)
	at ptolemy.actor.util.CausalityInterfaceForComposites._computeInputDepth(CausalityInterfaceForComposites.java:696)
	at ptolemy.actor.util.CausalityInterfaceForComposites._computeActorDepth(CausalityInterfaceForComposites.java:532)
	at ptolemy.actor.util.CausalityInterfaceForComposites.checkForCycles(CausalityInterfaceForComposites.java:96)
	at ptolemy.domains.de.kernel.DEDirector.preinitialize(DEDirector.java:1338)
	at ptolemy.actor.CompositeActor.preinitialize(CompositeActor.java:1828)
	at ptolemy.actor.Manager.preinitializeAndResolveTypes(Manager.java:1040)
	at ptolemy.actor.Manager.initialize(Manager.java:710)
	at ptolemy.actor.Manager.execute(Manager.java:356)
	at ptolemy.actor.Manager.run(Manager.java:1263)
	at ptolemy.actor.Manager$PtolemyRunThread.run(Manager.java:1933)
]]></system-err>
</testsuite>
