<?xml version="1.0" encoding="UTF-8" ?>
<testsuite errors="0" failures="0" hostname="travis-job-b02612a6-e8f5-4fb2-8586-6c4a90b1a6fd" name="ptolemy.domains.de.test.junit.JUnitTclTest" skipped="0" tests="101" time="129.335" timestamp="2019-05-20T04:25:25">
  <properties>
    <property name="npm.executable" value="npm" />
    <property name="file.encoding.pkg" value="sun.io" />
    <property name="env.TRAVIS_ROOT" value="/" />
    <property name="ptII.mk.exists" value="true" />
    <property name="env.TRAVIS_APP_HOST" value="build.travis-ci.org" />
    <property name="env.rvm_bin_path" value="/home/travis/.rvm/bin" />
    <property name="java.home" value="/usr/lib/jvm/java-8-oracle/jre" />
    <property name="env.TRAVIS_JOB_NUMBER" value="1137.9" />
    <property name="env.TRAVIS_HOME" value="/home/travis" />
    <property name="env.DISPLAY" value=":99.0" />
    <property name="java.net.preferIPv4Stack" value="true" />
    <property name="env.TRAVIS_INIT" value="upstart" />
    <property name="env.SSH_TTY" value="/dev/pts/0" />
    <property name="env.RUN_TESTS" value="true" />
    <property name="timeout.short" value="1000000" />
    <property name="env.TRAVIS_JOB_NAME" value="" />
    <property name="env.TRAVIS_STACK_NODE_ATTRIBUTES" value="/.node-attributes.yml" />
    <property name="junit.formatter" value="xml" />
    <property name="java.endorsed.dirs" value="/usr/lib/jvm/java-8-oracle/jre/lib/endorsed" />
    <property name="env.TRAVIS_SUDO" value="true" />
    <property name="env.LOGNAME" value="travis" />
    <property name="jsdoc.home" value="node_modules/@terraswarm/jsdoc" />
    <property name="debuglevel" value="source,lines,vars" />
    <property name="checkstyle.formatter" value="xml" />
    <property name="bin.vergil.makeable" value="true" />
    <property name="env._system_version" value="14.04" />
    <property name="sun.os.patch.level" value="unknown" />
    <property name="java.vendor.url" value="http://java.oracle.com/" />
    <property name="env.TRAVIS_BUILD_WEB_URL" value="https://travis-ci.org/icyphy/ptII/builds/534637132" />
    <property name="java.version" value="1.8.0_151" />
    <property name="env.TZ" value="UTC" />
    <property name="env.PT_NO_NET" value="true" />
    <property name="env.TRAVIS_PULL_REQUEST_SHA" value="" />
    <property name="env.TRAVIS_SECURE_ENV_VARS" value="true" />
    <property name="env._system_type" value="Linux" />
    <property name="java.vendor.url.bug" value="http://bugreport.sun.com/bugreport/" />
    <property name="env.SSH_CLIENT" value="10.10.19.218 34268 22" />
    <property name="npmjs-org-is-up" value="true" />
    <property name="env.GEM_HOME" value="/home/travis/.rvm/gems/ruby-2.4.1" />
    <property name="env.HAS_ANTARES_THREE_LITTLE_FRONZIES_BADGE" value="true" />
    <property name="env.PS4" value="+" />
    <property name="ant.project.invoked-targets" value="build,test.core2.xml" />
    <property name="env.TRAVIS_PULL_REQUEST_BRANCH" value="" />
    <property name="env.TRAVIS_REPO_SLUG" value="icyphy/ptII" />
    <property name="env.TRAVIS_APT_PROXY" value="http://build-cache.travisci.net" />
    <property name="node.in.path" value="true" />
    <property name="java.maxmemory" value="1400m" />
    <property name="env.RUBY_VERSION" value="ruby-2.4.1" />
    <property name="user.name" value="travis" />
    <property name="env.LANG" value="en_US.UTF-8" />
    <property name="sun.io.unicode.encoding" value="UnicodeLittle" />
    <property name="sun.jnu.encoding" value="UTF-8" />
    <property name="java.runtime.name" value="Java(TM) SE Runtime Environment" />
    <property name="usefile" value="false" />
    <property name="return.code" value="0" />
    <property name="junit.single.formatter" value="plain" />
    <property name="env.DEBIAN_FRONTEND" value="noninteractive" />
    <property name="env.SSH_CONNECTION" value="10.10.19.218 34268 10.20.0.222 22" />
    <property name="env.MYSQL_UNIX_PORT" value="/var/run/mysqld/mysqld.sock" />
    <property name="env.TRAVIS_ALLOW_FAILURE" value="false" />
    <property name="env.LC_ALL" value="en_US.UTF-8" />
    <property name="env.TRAVIS_JOB_WEB_URL" value="https://travis-ci.org/icyphy/ptII/jobs/534637141" />
    <property name="java.specification.name" value="Java Platform API Specification" />
    <property name="node.works" value="true" />
    <property name="user.timezone" value="" />
    <property name="path.separator" value=":" />
    <property name="env.TRAVIS_ENABLE_INFRA_DETECTION" value="true" />
    <property name="env.PYTHON_CFLAGS" value="-g -fstack-protector --param=ssp-buffer-size=4 -Wformat -Werror=format-security" />
    <property name="timeout.long" value="4000000" />
    <property name="file.encoding" value="UTF-8" />
    <property name="ant.file.ptII" value="/home/travis/build/icyphy/ptII/build.xml" />
    <property name="javadoc.packagenames" value="com.*,diva.*,lbnl.*,org.hlacerti.*,org.json.*,org.ptolemy.*,org.terraswarm.*,ptolemy.*,ptserver.*" />
    <property name="env.TRAVIS_PULL_REQUEST_SLUG" value="" />
    <property name="ant.project.default-target" value="build" />
    <property name="env.GIT_ASKPASS" value="echo" />
    <property name="env.HOME" value="/home/travis" />
    <property name="sun.java.command" value="org.apache.tools.ant.taskdefs.optional.junit.JUnitTestRunner ptolemy.domains.de.test.junit.JUnitTclTest skipNonTests=false filtertrace=true haltOnError=false haltOnFailure=false formatter=org.apache.tools.ant.taskdefs.optional.junit.OutErrSummaryJUnitResultFormatter showoutput=true outputtoformatters=true logfailedtests=true threadid=0 logtestlistenerevents=false formatter=org.apache.tools.ant.taskdefs.optional.junit.XMLJUnitResultFormatter,/home/travis/build/icyphy/ptII/reports/junit/TEST-ptolemy.domains.de.test.junit.JUnitTclTest.xml crashfile=/home/travis/build/icyphy/ptII/junitvmwatcher5782318995652636552.properties propsfile=/home/travis/build/icyphy/ptII/junit341416185264375478.properties" />
    <property name="env.MANPATH" value="/home/travis/.nvm/versions/node/v7.10.1/share/man:/home/travis/.kiex/elixirs/elixir-1.4.5/man:/home/travis/.rvm/rubies/ruby-2.4.1/share/man:/usr/local/man:/usr/local/cmake-3.9.2/man:/usr/local/clang-5.0.0/share/man:/usr/local/share/man:/usr/share/man:/home/travis/.rvm/man" />
    <property name="env.COMPOSER_NO_INTERACTION" value="1" />
    <property name="env.JDK_SWITCHER_DEFAULT" value="oraclejdk8" />
    <property name="env.TRAVIS_TIMER_ID" value="100a2ef3" />
    <property name="ant.file" value="/home/travis/build/icyphy/ptII/build.xml" />
    <property name="env.TRAVIS_COMMIT_RANGE" value="25358e19e906f8e9155807d44808777cd5710b63...03859736f61821d9cf596b8cb9a71eb7250d4667" />
    <property name="env._system_name" value="Ubuntu" />
    <property name="timeout" value="2400000" />
    <property name="ptII.classpath.optional.property" value="/home/travis/build/icyphy/ptII/lib/bsh-2.0b4.jar:/home/travis/build/icyphy/ptII/lib/ptCal.jar:/home/travis/build/icyphy/ptII/lib/java_cup.jar:/home/travis/build/icyphy/ptII/lib/saxon8.jar:/home/travis/build/icyphy/ptII/lib/saxon8-dom.jar:/home/travis/build/icyphy/ptII/lib/chic.jar:/home/travis/build/icyphy/ptII/lib/ptcolt.jar:/usr/lib/jvm/java-8-oracle/lib/tools.jar:/home/travis/build/icyphy/ptII/vendors/misc/itext/iText.jar:/home/travis/build/icyphy/ptII/lib/g4ltl.jar:/home/travis/build/icyphy/ptII/lib/StructuralCoder.jar:/home/travis/build/icyphy/ptII/vendors/jai-1_1_2_01/lib/jai_core.jar:/home/travis/build/icyphy/ptII/vendors/jai-1_1_2_01/lib/jai_codec.jar:/home/travis/build/icyphy/ptII/lib/jcerti.jar:/home/travis/build/icyphy/ptII/lib/javax.mail.jar:/home/travis/build/icyphy/ptII/vendors/JMF-2.1.1e/lib/jmf.jar:/home/travis/build/icyphy/ptII/lib/jna-4.0.0-variadic.jar:/home/travis/build/icyphy/ptII/vendors/misc/joystick/Joystick.jar:/home/travis/build/icyphy/ptII/lib/ptjacl.jar:/home/travis/build/icyphy/ptII/lib/jsoup-1.8.2.jar:/home/travis/build/icyphy/ptII/lib/junit-4.8.2.jar:/home/travis/build/icyphy/ptII/lib/JUnitParams-0.4.0.jar:/home/travis/build/icyphy/ptII/ptolemy/actor/lib/excel/jxl.jar:/home/travis/build/icyphy/ptII/lib/jython.jar:/home/travis/build/icyphy/ptII/lib/kieler.jar:/home/travis/build/icyphy/ptII/vendors/opencv/share/OpenCV/java/opencv-341.jar:/home/travis/build/icyphy/ptII/lib/oscP5.jar:/home/travis/build/icyphy/ptII/lib/nrjavaserial-3.11.0.devel.jar:/home/travis/build/icyphy/ptII/vendors/j3d/lib/j3dcore.jar:/home/travis/build/icyphy/ptII/vendors/j3d/lib/j3dutils.jar:/home/travis/build/icyphy/ptII/vendors/j3d/lib/vecmath.jar:/home/travis/build/icyphy/ptII/ptolemy/distributed/jini/jar/jini-core.jar:/home/travis/build/icyphy/ptII/ptolemy/distributed/jini/jar/jini-ext.jar:/home/travis/build/icyphy/ptII/ptolemy/distributed/jini/jar/sun-util.jar:/home/travis/build/icyphy/ptII/lib/protobuf-java-2.4.1.jar:/home/travis/build/icyphy/ptII/lib/org.eclipse.paho.client.mqttv3.jar:/home/travis/build/icyphy/ptII/lib/mapss.jar:/home/travis/build/icyphy/ptII/ptolemy/actor/ptalon/antlr/antlr.jar:/home/travis/build/icyphy/ptII/lib/JRI.jar:/home/travis/build/icyphy/ptII/lib/commons-lang-2.6.jar:/home/travis/build/icyphy/ptII/lib/commons-logging-1.1.1.jar:/home/travis/build/icyphy/ptII/lib/sootclasses.jar:/home/travis/build/icyphy/ptII/ptolemy/actor/lib/database/mysql-connector-java-5.1.6-bin.jar:/home/travis/build/icyphy/ptII/vendors/misc/sphinx4/sphinx4-data-5prealpha.jar:/home/travis/build/icyphy/ptII/vendors/misc/sphinx4/sphinx4-core-5prealpha.jar:/home/travis/build/icyphy/ptII/lib/PDFRenderer.jar:/home/travis/build/icyphy/ptII/lib/svgSalamander.jar:/home/travis/build/icyphy/ptII/lib/rsyntaxtextarea-2.6.0-SNAPSHOT.jar:/home/travis/build/icyphy/ptII/lib/hazelcast-3.8.2.jar:/home/travis/build/icyphy/ptII/lib/jackson-annotations-2.9.0.jar:/home/travis/build/icyphy/ptII/lib/jackson-core-2.9.3.jar:/home/travis/build/icyphy/ptII/lib/jackson-databind-2.9.3.jar:/home/travis/build/icyphy/ptII/lib/netty-buffer-4.1.19.Final.jar:/home/travis/build/icyphy/ptII/lib/netty-codec-4.1.19.Final.jar:/home/travis/build/icyphy/ptII/lib/netty-codec-dns-4.1.19.Final.jar:/home/travis/build/icyphy/ptII/lib/netty-codec-http-4.1.19.Final.jar:/home/travis/build/icyphy/ptII/lib/netty-codec-http2-4.1.19.Final.jar:/home/travis/build/icyphy/ptII/lib/netty-common-4.1.19.Final.jar:/home/travis/build/icyphy/ptII/lib/netty-handler-4.1.19.Final.jar:/home/travis/build/icyphy/ptII/lib/netty-resolver-4.1.19.Final.jar:/home/travis/build/icyphy/ptII/lib/netty-resolver-dns-4.1.19.Final.jar:/home/travis/build/icyphy/ptII/lib/netty-transport-4.1.19.Final.jar:/home/travis/build/icyphy/ptII/lib/vertx-codegen-3.5.1.jar:/home/travis/build/icyphy/ptII/lib/vertx-core-3.5.2-SNAPSHOT.jar:/home/travis/build/icyphy/ptII/lib/vertx-hazelcast-3.5.1.jar:/home/travis/build/icyphy/ptII/lib/vertx-lang-js-3.5.1.jar:/home/travis/build/icyphy/ptII/lib/vertx-service-proxy-3.5.1.jar:/home/travis/build/icyphy/ptII/lib/vertx-web-3.5.1.jar:/home/travis/build/icyphy/ptII/lib/slf4j-api-1.7.13.jar:/home/travis/build/icyphy/ptII/lib/slf4j-simple-1.7.13.jar:/home/travis/build/icyphy/ptII/lib/webcam-capture-0.3.12.jar:/home/travis/build/icyphy/ptII/lib/bridj-0.7.0.jar:/home/travis/build/icyphy/ptII/lib/xbjlib-1.1.0.nrjavaserial.jar" />
    <property name="test.batch" value="**/junit/*.java" />
    <property name="env._" value="/usr/bin/timeout" />
    <property name="java.io.tmpdir" value="/tmp" />
    <property name="env.TRAVIS_INTERNAL_RUBY_REGEX" value="^ruby-(2\.[0-4]\.[0-9]|1\.9\.3)" />
    <property name="user.language" value="en" />
    <property name="env.HISTCONTROL" value="ignoredups:ignorespace" />
    <property name="env.GOROOT" value="/home/travis/.gimme/versions/go1.7.4.linux.amd64" />
    <property name="line.separator" value="&#xa;" />
    <property name="target" value="1.8" />
    <property name="env.TRAVIS_BUILD_DIR" value="/home/travis/build/icyphy/ptII" />
    <property name="env.ANT_OPTS" value="-Xmx2048m" />
    <property name="ant.file.type" value="file" />
    <property name="ptolemy.ptII.batchMode" value="true" />
    <property name="env.HISTSIZE" value="1000" />
    <property name="env.MERB_ENV" value="test" />
    <property name="java.vm.info" value="mixed mode" />
    <property name="source" value="1.8" />
    <property name="java.vm.specification.name" value="Java Virtual Machine Specification" />
    <property name="env.TRAVIS_TEST_RESULT" value="0" />
    <property name="jsdoc.command" value="node_modules/@terraswarm/jsdoc/jsdoc.js" />
    <property name="npm.works" value="true" />
    <property name="cobertura.dir" value="/home/travis/build/icyphy/ptII/vendors/cobertura-2.0.3" />
    <property name="env.rvm_path" value="/home/travis/.rvm" />
    <property name="env.GEM_PATH" value="/home/travis/.rvm/gems/ruby-2.4.1:/home/travis/.rvm/gems/ruby-2.4.1@global" />
    <property name="env.LC_CTYPE" value="en_US.UTF-8" />
    <property name="java.awt.printerjob" value="sun.print.PSPrinterJob" />
    <property name="env.TRAVIS_CMD" value="$PTII/bin/ptIITravisBuild.sh $SECONDS" />
    <property name="env.TRAVIS_STACK_NAME" value="garnet" />
    <property name="env.TRAVIS_TIMER_START_TIME" value="1558325796325767955" />
    <property name="ant.version" value="Apache Ant(TM) version 1.10.1 compiled on February 2 2017" />
    <property name="ptII.reports" value="/home/travis/build/icyphy/ptII/reports" />
    <property name="env.TRAVIS_STACK_TIMESTAMP" value="2017-12-05 19:33:09 UTC" />
    <property name="ant.file.type.ptII" value="file" />
    <property name="env.RBENV_SHELL" value="bash" />
    <property name="os.name" value="Linux" />
    <property name="java.specification.vendor" value="Oracle Corporation" />
    <property name="env.rvm_version" value="1.29.3 (latest)" />
    <property name="env.TRAVIS_INFRA" value="gce" />
    <property name="env.TERM" value="xterm" />
    <property name="java.vm.name" value="Java HotSpot(TM) 64-Bit Server VM" />
    <property name="env.TRAVIS_BUILD_NUMBER" value="1137" />
    <property name="env.CI" value="true" />
    <property name="java.library.path" value="/usr/lib/jni:/usr/local/share/OpenCV/java/:/usr/share/OpenCV/java::/usr/java/packages/lib/amd64:/usr/lib64:/lib64:/lib:/usr/lib" />
    <property name="env.rvm_prefix" value="/home/travis" />
    <property name="env.PATH" value="/home/travis/.rvm/gems/ruby-2.4.1/bin:/home/travis/.rvm/gems/ruby-2.4.1@global/bin:/home/travis/.rvm/rubies/ruby-2.4.1/bin:/home/travis/.rvm/bin:/home/travis/.nvm/versions/node/v7.10.1/bin:./node_modules/.bin:/home/travis/build/icyphy/ptII/bin:/home/travis/pthla/certi-tools/bin:/home/travis/bin:/home/travis/.local/bin:/opt/pyenv/shims:/home/travis/.phpenv/shims:/home/travis/perl5/perlbrew/bin:/home/travis/.kiex/elixirs/elixir-1.4.5/bin:/home/travis/.kiex/bin:/home/travis/gopath/bin:/home/travis/.gimme/versions/go1.7.4.linux.amd64/bin:/usr/local/phantomjs/bin:/usr/local/phantomjs:/usr/local/neo4j-3.2.7/bin:/usr/local/maven-3.5.2/bin:/usr/local/cmake-3.9.2/bin:/usr/local/clang-5.0.0/bin:/usr/local/sbin:/usr/local/bin:/usr/sbin:/usr/bin:/sbin:/bin:/home/travis/.phpenv/bin:/opt/pyenv/bin:/home/travis/.yarn/bin" />
    <property name="env.TRAVIS_OS_NAME" value="linux" />
    <property name="ant.java.version" value="1.8" />
    <property name="basedir" value="/home/travis/build/icyphy/ptII" />
    <property name="java.class.version" value="52.0" />
    <property name="env.SHLVL" value="3" />
    <property name="env.LD_LIBRARY_PATH" value="/usr/lib/jni:/usr/local/share/OpenCV/java/:/usr/share/OpenCV/java:" />
    <property name="env.RACK_ENV" value="test" />
    <property name="ant.home" value="/home/travis/build/icyphy/ptII/ant" />
    <property name="env.NVM_DIR" value="/home/travis/.nvm" />
    <property name="env.PERLBREW_BASHRC_VERSION" value="0.80" />
    <property name="env.TRAVIS_BUILD_ID" value="534637132" />
    <property name="env.PYENV_ROOT" value="/opt/pyenv" />
    <property name="env.TRAVIS_UID" value="2000" />
    <property name="env.rvm_pretty_print_flag" value="auto" />
    <property name="env.NVM_BIN" value="/home/travis/.nvm/versions/node/v7.10.1/bin" />
    <property name="env.TRAVIS_COMMIT" value="03859736f61821d9cf596b8cb9a71eb7250d4667" />
    <property name="env._system_arch" value="x86_64" />
    <property name="node.executable" value="node" />
    <property name="sun.boot.library.path" value="/usr/lib/jvm/java-8-oracle/jre/lib/amd64" />
    <property name="sun.management.compiler" value="HotSpot 64-Bit Tiered Compilers" />
    <property name="env.GOPATH" value="/home/travis/gopath" />
    <property name="java.awt.graphicsenv" value="sun.awt.X11GraphicsEnvironment" />
    <property name="ptolemy.ptII.dir" value="/home/travis/build/icyphy/ptII" />
    <property name="env.USER" value="travis" />
    <property name="env.HISTFILESIZE" value="2000" />
    <property name="timeout.longest" value="19000000" />
    <property name="env.TRAVIS_STACK_FEATURES" value="basic cassandra chromium couchdb disabled-ipv6 docker docker-compose elasticsearch firefox go-toolchain google-chrome jdk memcached mongodb mysql neo4j nodejs_interpreter perl_interpreter perlbrew phantomjs postgresql python_interpreter rabbitmq redis riak ruby_interpreter sqlite xserver" />
    <property name="env.TRAVIS_PULL_REQUEST" value="false" />
    <property name="env.PYENV_SHELL" value="bash" />
    <property name="ant.project.name" value="ptII" />
    <property name="java.vm.specification.version" value="1.8" />
    <property name="env.ANSI_RESET" value="\033[0m" />
    <property name="env.TRAVIS_DIST" value="trusty" />
    <property name="env.NLSPATH" value="/usr/dt/lib/nls/msg/%L/%N.cat" />
    <property name="awt.toolkit" value="sun.awt.X11.XToolkit" />
    <property name="env.MY_RUBY_HOME" value="/home/travis/.rvm/rubies/ruby-2.4.1" />
    <property name="sun.cpu.isalist" value="" />
    <property name="env.TRAVIS_TMPDIR" value="/tmp/tmp.ud4XvAtG8n" />
    <property name="java.ext.dirs" value="/usr/lib/jvm/java-8-oracle/jre/lib/ext:/usr/java/packages/lib/ext" />
    <property name="os.version" value="4.4.0-101-generic" />
    <property name="user.home" value="/home/travis" />
    <property name="env.MIX_ARCHIVES" value="/home/travis/.kiex/mix/elixir-1.4.5" />
    <property name="java.vm.vendor" value="Oracle Corporation" />
    <property name="env.TRAVIS_TAG" value="nightly" />
    <property name="env.ANSI_YELLOW" value="\033[33;1m" />
    <property name="env.TRAVIS_FILTERED" value="redirect_io" />
    <property name="env.PTII" value="/home/travis/build/icyphy/ptII" />
    <property name="env.JAVA_HOME" value="/usr/lib/jvm/java-8-oracle" />
    <property name="javadoc.excludepackagenames" value="adm.cvs2svn.*,build.*,config.*,doc.coding.templates.*,jni.test.jni.meaningOfLife.*,jni.test.jni.testDeux.*,jni.test.jni.testTrois.*,org.terraswarm.accessor.accessors.web.node_modules.*,org.terraswarm.accessor.accessors.web.hosts.cordova.demo.*,org.terraswarm.accessor.accessors.web.hosts.cordova.plugins.*,org.terraswarm.accessor.accessors-svn.*,pt-modules.*,ptolemy.apps.agilent.*,ptolemy.apps.anytimecontrol.*,ptolemy.apps.apes.*,ptolemy.apps.charon.*,ptolemy.apps.crazyboard.*,ptolemy.apps.eclipse.*,ptolemy.apps.etherealSting.*,ptolemy.apps.fullscreen.*,ptolemy.apps.giotto.*,ptolemy.apps.ia.*,ptolemy.apps.interfaces.*,ptolemy.apps.jmf.*,ptolemy.apps.kurt.*,ptolemy.apps.kvm.*,ptolemy.apps.lego.*,ptolemy.apps.lejos.*,ptolemy.apps.midp.*,ptolemy.apps.mobileCoding.*,ptolemy.apps.pendulum.*,ptolemy.apps.rijndael.*,ptolemy.apps.robot.*,ptolemy.apps.security.*,ptolemy.apps.sobel.*,ptolemy.apps.soot.*,ptolemy.apps.throttle.*,ptolemy.apps.tini.*,ptolemy.apps.transmission.*,ptolemy.apps.vergil.*,ptolemy.apps.waba.*,ptolemy.apps.websensor.*,ptolemy.apps.webstart.*,ptolemy.apps.xsl.*,ptolemy.apps.zaurus.*,ptolemy.codegen.c.actor.lib.oldJavaFiles.*,ptolemy.codegen.dsp.lib.*,ptolemy.codegen.kernel.newInterfaces.*,ptolemy.codegen.lib.*,ptolemy.copernicus.kernel.fragment.*,ptolemy.copernicus.shallow.cg.*,ptolemy.domains.giotto.demo.Hierarchy.Hierarchy.*,ptolemy.domains.giotto.demo.Multimode.Multimode.*,ptolemy.domains.giotto.demo.Simple.Simple.*,ptolemy.domains.gr.lib.experimental.*,ptolemy.domains.gro.*,ptolemy.domains.pdf.*,ptolemy.domains.ptinyos.demo.Surge.output.*,ptolemy.moml.test.NoPackageActor.java*,ptolemy.plot.adm.*,ptolemy.plot.servlet.*,reports.*,signed.*,src.*,target.*,vendors.*,ptolemy.apps.eclipse.awt.*,ptolemy.backtrack.*,ptolemy.backtrack.ast.*,ptolemy.cg.adapter.generic.program.procedural.c.mbed*,ptolemy.homer.*,org.ptolemy.scala.*,diva.util.java2d.svg.*,ptolemy.domains.ptinyos.*,ptolemy.actor.lib.fmi.fmipp.*,,org.terraswarm.accessor.accessors.web.node_modules.*,org.terraswarm.accessor.accessors-svn,ptolemy.apps.*,ptolemy.actor.ptalon.demo.ptinyos.SendAndReceiveCnt.output,ptolemy.actor.ptalon.demo.ptinyos.SenseToLeds.output,ptolemy.domains.ptinyos.demo.CntToLedsAndRfm.output,ptolemy.domains.ptinyos.demo.RfmToLeds.output,ptolemy.domains.ptinyos.demo.SendAndReceiveCnt.output,ptolemy.domains.ptinyos.demo.SenseToLeds.output,ptolemy.actor.lib.jjs.modules.udpSocket.*" />
    <property name="env.ANSI_GREEN" value="\033[32;1m" />
    <property name="env.TRAVIS_COMMIT_MESSAGE" value="Tuning docs" />
    <property name="keystore" value="ptKeystore" />
    <property name="env.XDG_SESSION_ID" value="2" />
    <property name="junit.output.dir" value="/home/travis/build/icyphy/ptII/reports/junit" />
    <property name="npm.return.code" value="0" />
    <property name="user.dir" value="/home/travis/build/icyphy/ptII/ptolemy/domains/de/test" />
    <property name="env.XFILESEARCHPATH" value="/usr/dt/app-defaults/%L/Dt" />
    <property name="env.TRAVIS_NODE_VERSION" value="7" />
    <property name="env.MAIL" value="/var/mail/travis" />
    <property name="env.TRAVIS_EVENT_TYPE" value="cron" />
    <property name="env.PWD" value="/home/travis/build/icyphy/ptII" />
    <property name="env.PERLBREW_ROOT" value="/home/travis/perl5/perlbrew" />
    <property name="timeout.npm" value="45000" />
    <property name="env.PT_TRAVIS_TEST_CORE2_XML" value="true" />
    <property name="env.TRAVIS_ARCH" value="amd64" />
    <property name="env.PAGER" value="cat" />
    <property name="sun.cpu.endian" value="little" />
    <property name="env.TRAVIS_BUILD_STAGE_NAME" value="Test" />
    <property name="env.PERLBREW_HOME" value="/home/travis/.perlbrew" />
    <property name="java.vm.version" value="25.151-b12" />
    <property name="env.RAILS_ENV" value="test" />
    <property name="java.class.path" value="/home/travis/build/icyphy/ptII:/home/travis/build/icyphy/ptII/lib/bsh-2.0b4.jar:/home/travis/build/icyphy/ptII/lib/ptCal.jar:/home/travis/build/icyphy/ptII/lib/java_cup.jar:/home/travis/build/icyphy/ptII/lib/saxon8.jar:/home/travis/build/icyphy/ptII/lib/saxon8-dom.jar:/home/travis/build/icyphy/ptII/lib/chic.jar:/home/travis/build/icyphy/ptII/lib/ptcolt.jar:/usr/lib/jvm/java-8-oracle/lib/tools.jar:/home/travis/build/icyphy/ptII/vendors/misc/itext/iText.jar:/home/travis/build/icyphy/ptII/lib/g4ltl.jar:/home/travis/build/icyphy/ptII/lib/StructuralCoder.jar:/home/travis/build/icyphy/ptII/vendors/jai-1_1_2_01/lib/jai_core.jar:/home/travis/build/icyphy/ptII/vendors/jai-1_1_2_01/lib/jai_codec.jar:/home/travis/build/icyphy/ptII/lib/jcerti.jar:/home/travis/build/icyphy/ptII/lib/javax.mail.jar:/home/travis/build/icyphy/ptII/vendors/JMF-2.1.1e/lib/jmf.jar:/home/travis/build/icyphy/ptII/lib/jna-4.0.0-variadic.jar:/home/travis/build/icyphy/ptII/vendors/misc/joystick/Joystick.jar:/home/travis/build/icyphy/ptII/lib/ptjacl.jar:/home/travis/build/icyphy/ptII/lib/jsoup-1.8.2.jar:/home/travis/build/icyphy/ptII/lib/junit-4.8.2.jar:/home/travis/build/icyphy/ptII/lib/JUnitParams-0.4.0.jar:/home/travis/build/icyphy/ptII/ptolemy/actor/lib/excel/jxl.jar:/home/travis/build/icyphy/ptII/lib/jython.jar:/home/travis/build/icyphy/ptII/lib/kieler.jar:/home/travis/build/icyphy/ptII/vendors/opencv/share/OpenCV/java/opencv-341.jar:/home/travis/build/icyphy/ptII/lib/oscP5.jar:/home/travis/build/icyphy/ptII/lib/nrjavaserial-3.11.0.devel.jar:/home/travis/build/icyphy/ptII/vendors/j3d/lib/j3dcore.jar:/home/travis/build/icyphy/ptII/vendors/j3d/lib/j3dutils.jar:/home/travis/build/icyphy/ptII/vendors/j3d/lib/vecmath.jar:/home/travis/build/icyphy/ptII/ptolemy/distributed/jini/jar/jini-core.jar:/home/travis/build/icyphy/ptII/ptolemy/distributed/jini/jar/jini-ext.jar:/home/travis/build/icyphy/ptII/ptolemy/distributed/jini/jar/sun-util.jar:/home/travis/build/icyphy/ptII/lib/protobuf-java-2.4.1.jar:/home/travis/build/icyphy/ptII/lib/org.eclipse.paho.client.mqttv3.jar:/home/travis/build/icyphy/ptII/lib/mapss.jar:/home/travis/build/icyphy/ptII/ptolemy/actor/ptalon/antlr/antlr.jar:/home/travis/build/icyphy/ptII/lib/JRI.jar:/home/travis/build/icyphy/ptII/lib/commons-lang-2.6.jar:/home/travis/build/icyphy/ptII/lib/commons-logging-1.1.1.jar:/home/travis/build/icyphy/ptII/lib/sootclasses.jar:/home/travis/build/icyphy/ptII/ptolemy/actor/lib/database/mysql-connector-java-5.1.6-bin.jar:/home/travis/build/icyphy/ptII/vendors/misc/sphinx4/sphinx4-data-5prealpha.jar:/home/travis/build/icyphy/ptII/vendors/misc/sphinx4/sphinx4-core-5prealpha.jar:/home/travis/build/icyphy/ptII/lib/PDFRenderer.jar:/home/travis/build/icyphy/ptII/lib/svgSalamander.jar:/home/travis/build/icyphy/ptII/lib/rsyntaxtextarea-2.6.0-SNAPSHOT.jar:/home/travis/build/icyphy/ptII/lib/hazelcast-3.8.2.jar:/home/travis/build/icyphy/ptII/lib/jackson-annotations-2.9.0.jar:/home/travis/build/icyphy/ptII/lib/jackson-core-2.9.3.jar:/home/travis/build/icyphy/ptII/lib/jackson-databind-2.9.3.jar:/home/travis/build/icyphy/ptII/lib/netty-buffer-4.1.19.Final.jar:/home/travis/build/icyphy/ptII/lib/netty-codec-4.1.19.Final.jar:/home/travis/build/icyphy/ptII/lib/netty-codec-dns-4.1.19.Final.jar:/home/travis/build/icyphy/ptII/lib/netty-codec-http-4.1.19.Final.jar:/home/travis/build/icyphy/ptII/lib/netty-codec-http2-4.1.19.Final.jar:/home/travis/build/icyphy/ptII/lib/netty-common-4.1.19.Final.jar:/home/travis/build/icyphy/ptII/lib/netty-handler-4.1.19.Final.jar:/home/travis/build/icyphy/ptII/lib/netty-resolver-4.1.19.Final.jar:/home/travis/build/icyphy/ptII/lib/netty-resolver-dns-4.1.19.Final.jar:/home/travis/build/icyphy/ptII/lib/netty-transport-4.1.19.Final.jar:/home/travis/build/icyphy/ptII/lib/vertx-codegen-3.5.1.jar:/home/travis/build/icyphy/ptII/lib/vertx-core-3.5.2-SNAPSHOT.jar:/home/travis/build/icyphy/ptII/lib/vertx-hazelcast-3.5.1.jar:/home/travis/build/icyphy/ptII/lib/vertx-lang-js-3.5.1.jar:/home/travis/build/icyphy/ptII/lib/vertx-service-proxy-3.5.1.jar:/home/travis/build/icyphy/ptII/lib/vertx-web-3.5.1.jar:/home/travis/build/icyphy/ptII/lib/slf4j-api-1.7.13.jar:/home/travis/build/icyphy/ptII/lib/slf4j-simple-1.7.13.jar:/home/travis/build/icyphy/ptII/lib/webcam-capture-0.3.12.jar:/home/travis/build/icyphy/ptII/lib/bridj-0.7.0.jar:/home/travis/build/icyphy/ptII/lib/xbjlib-1.1.0.nrjavaserial.jar:/home/travis/build/icyphy/ptII/ptolemy/moml/test:/home/travis/build/icyphy/ptII/ant/lib/ant-launcher.jar:/home/travis/build/icyphy/ptII/ant/lib/ant.jar:/home/travis/build/icyphy/ptII/ant/lib/ant-junit.jar:/home/travis/build/icyphy/ptII/ant/lib/ant-junit4.jar" />
    <property name="ant.library.dir" value="/home/travis/build/icyphy/ptII/ant/lib" />
    <property name="os.arch" value="amd64" />
    <property name="env.TRAVIS_LANGUAGE" value="node_js" />
    <property name="env.CONTINUOUS_INTEGRATION" value="true" />
    <property name="env.TRAVIS_STACK_LANGUAGES" value="__garnet__ c c++ clojure cplusplus cpp default go groovy java node_js php pure_java python ruby scala" />
    <property name="test.name" value="ptolemy.actor.lib.test.junit.JUnitTclTest" />
    <property name="sun.java.launcher" value="SUN_STANDARD" />
    <property name="env.PYTHON_CONFIGURE_OPTS" value="--enable-unicode=ucs4 --with-wide-unicode --enable-shared --enable-ipv6 --enable-loadable-sqlite-extensions --with-computed-gotos" />
    <property name="ant.core.lib" value="/home/travis/build/icyphy/ptII/ant/lib/ant.jar" />
    <property name="java.vm.specification.vendor" value="Oracle Corporation" />
    <property name="env.BCVTB_HOME" value="/home/travis/build/icyphy/ptII/lbnl" />
    <property name="file.separator" value="/" />
    <property name="java.runtime.version" value="1.8.0_151-b12" />
    <property name="spotbugs.home" value="/home/travis/build/icyphy/ptII/vendors/spotbugs-3.1.1" />
    <property name="sun.boot.class.path" value="/usr/lib/jvm/java-8-oracle/jre/lib/resources.jar:/usr/lib/jvm/java-8-oracle/jre/lib/rt.jar:/usr/lib/jvm/java-8-oracle/jre/lib/sunrsasign.jar:/usr/lib/jvm/java-8-oracle/jre/lib/jsse.jar:/usr/lib/jvm/java-8-oracle/jre/lib/jce.jar:/usr/lib/jvm/java-8-oracle/jre/lib/charsets.jar:/usr/lib/jvm/java-8-oracle/jre/lib/jfr.jar:/usr/lib/jvm/java-8-oracle/jre/classes" />
    <property name="env.ANSI_CLEAR" value="\033[0K" />
    <property name="env.HAS_JOSH_K_SEAL_OF_APPROVAL" value="true" />
    <property name="env.TRAVIS_OSX_IMAGE" value="" />
    <property name="env.XDG_RUNTIME_DIR" value="/run/user/2000" />
    <property name="env.TRAVIS_JOB_ID" value="534637141" />
    <property name="env.TRAVIS_BRANCH" value="master" />
    <property name="user.country" value="US" />
    <property name="env.CERTI_HOME_TRAVIS" value="/home/travis/pthla/certi-tools" />
    <property name="env.SHELL" value="/bin/bash" />
    <property name="java.maxmemory.large" value="5000m" />
    <property name="model" value="" />
    <property name="env.CASHER_DIR" value="/home/travis/.casher" />
    <property name="env.NVM_CD_FLAGS" value="" />
    <property name="jshint.executable" value="/home/travis/node_modules/jshint/bin/jshint" />
    <property name="java.vendor" value="Oracle Corporation" />
    <property name="env.JRUBY_OPTS" value=" --client -J-XX:+TieredCompilation -J-XX:TieredStopAtLevel=1 -J-Xss2m -Xcompile.invokedynamic=false" />
    <property name="env.TRAVIS_PRE_CHEF_BOOTSTRAP_TIME" value="2017-12-05T19:32:55" />
    <property name="env.TRAVIS_STACK_JOB_BOARD_REGISTER" value="/.job-board-register.yml" />
    <property name="env.ELIXIR_VERSION" value="1.4.5" />
    <property name="env.ANSI_RED" value="\033[31;1m" />
    <property name="java.specification.version" value="1.8" />
    <property name="env.TRAVIS" value="true" />
    <property name="env.IRBRC" value="/home/travis/.rvm/rubies/ruby-2.4.1/.irbrc" />
    <property name="sun.arch.data.model" value="64" />
  </properties>
  <testcase classname="ptolemy.util.test.junit.TclTests" name="[0] /home/travis/build/icyphy/ptII/ptolemy/domains/de/test/DependencyLoop.tcl (RunTclFile)" time="0.765" />
  <testcase classname="ptolemy.util.test.junit.TclTests" name="[1] /home/travis/build/icyphy/ptII/ptolemy/domains/de/test/RunDETestsAsQSS.tcl (RunTclFile)" time="88.077" />
  <testcase classname="ptolemy.util.test.junit.AutoKnownFailedTests" name="[0] /home/travis/build/icyphy/ptII/ptolemy/domains/de/test/auto/knownFailedTests/DESDFClockTest.xml (RunModel)" time="2.041" />
  <testcase classname="ptolemy.util.test.junit.AutoKnownFailedTests" name="[1] /home/travis/build/icyphy/ptII/ptolemy/domains/de/test/auto/knownFailedTests/DirectFeedback.xml (RunModel)" time="0.018" />
  <testcase classname="ptolemy.util.test.junit.AutoKnownFailedTests" name="[2] /home/travis/build/icyphy/ptII/ptolemy/domains/de/test/auto/knownFailedTests/FSMSource.xml (RunModel)" time="0.019" />
  <testcase classname="ptolemy.util.test.junit.AutoKnownFailedTests" name="[3] /home/travis/build/icyphy/ptII/ptolemy/domains/de/test/auto/knownFailedTests/HierarchicalModel.xml (RunModel)" time="0.059" />
  <testcase classname="ptolemy.util.test.junit.AutoKnownFailedTests" name="[4] /home/travis/build/icyphy/ptII/ptolemy/domains/de/test/auto/knownFailedTests/dependencyLoop.xml (RunModel)" time="0.049" />
  <testcase classname="ptolemy.util.test.junit.AutoKnownFailedTests" name="[5] /home/travis/build/icyphy/ptII/ptolemy/domains/de/test/auto/knownFailedTests/dependencyLoop2.xml (RunModel)" time="0.038" />
  <testcase classname="ptolemy.util.test.junit.AutoNameArchTests" name="[0] ThereAreNoAutoArchTests (RunModel)" time="0.006" />
  <testcase classname="ptolemy.util.test.junit.AutoTests" name="[0] /home/travis/build/icyphy/ptII/ptolemy/domains/de/test/auto/ActorDepthCalculation_actorWithoutPorts.xml (RunModel)" time="0.018" />
  <testcase classname="ptolemy.util.test.junit.AutoTests" name="[1] /home/travis/build/icyphy/ptII/ptolemy/domains/de/test/auto/AssemblyLine.xml (RunModel)" time="0.019" />
  <testcase classname="ptolemy.util.test.junit.AutoTests" name="[2] /home/travis/build/icyphy/ptII/ptolemy/domains/de/test/auto/CQBug1.xml (RunModel)" time="0.008" />
  <testcase classname="ptolemy.util.test.junit.AutoTests" name="[3] /home/travis/build/icyphy/ptII/ptolemy/domains/de/test/auto/CancelFireAt.xml (RunModel)" time="0.007" />
  <testcase classname="ptolemy.util.test.junit.AutoTests" name="[4] /home/travis/build/icyphy/ptII/ptolemy/domains/de/test/auto/CausalityAndComposabilityAnalysis.xml (RunModel)" time="0.011" />
  <testcase classname="ptolemy.util.test.junit.AutoTests" name="[5] /home/travis/build/icyphy/ptII/ptolemy/domains/de/test/auto/CausalityInterface1.xml (RunModel)" time="0.014" />
  <testcase classname="ptolemy.util.test.junit.AutoTests" name="[6] /home/travis/build/icyphy/ptII/ptolemy/domains/de/test/auto/CausalityInterface15.xml (RunModel)" time="0.014" />
  <testcase classname="ptolemy.util.test.junit.AutoTests" name="[7] /home/travis/build/icyphy/ptII/ptolemy/domains/de/test/auto/CausalityInterface2.xml (RunModel)" time="0.011" />
  <testcase classname="ptolemy.util.test.junit.AutoTests" name="[8] /home/travis/build/icyphy/ptII/ptolemy/domains/de/test/auto/CausalityInterface3.xml (RunModel)" time="0.012" />
  <testcase classname="ptolemy.util.test.junit.AutoTests" name="[9] /home/travis/build/icyphy/ptII/ptolemy/domains/de/test/auto/ClockDrift.xml (RunModel)" time="0.037" />
  <testcase classname="ptolemy.util.test.junit.AutoTests" name="[10] /home/travis/build/icyphy/ptII/ptolemy/domains/de/test/auto/ClockDriftAndValueChange.xml (RunModel)" time="0.031" />
  <testcase classname="ptolemy.util.test.junit.AutoTests" name="[11] /home/travis/build/icyphy/ptII/ptolemy/domains/de/test/auto/ClockDriftChange.xml (RunModel)" time="0.026" />
  <testcase classname="ptolemy.util.test.junit.AutoTests" name="[12] /home/travis/build/icyphy/ptII/ptolemy/domains/de/test/auto/ComposableCausalityAnalysis.xml (RunModel)" time="0.017" />
  <testcase classname="ptolemy.util.test.junit.AutoTests" name="[13] /home/travis/build/icyphy/ptII/ptolemy/domains/de/test/auto/DEFixedPointLimitation.xml (RunModel)" time="0.009" />
  <testcase classname="ptolemy.util.test.junit.AutoTests" name="[14] /home/travis/build/icyphy/ptII/ptolemy/domains/de/test/auto/DEScheduleTest.xml (RunModel)" time="0.012" />
  <testcase classname="ptolemy.util.test.junit.AutoTests" name="[15] /home/travis/build/icyphy/ptII/ptolemy/domains/de/test/auto/DEinDEwithStartTimes.xml (RunModel)" time="0.013" />
  <testcase classname="ptolemy.util.test.junit.AutoTests" name="[16] /home/travis/build/icyphy/ptII/ptolemy/domains/de/test/auto/DEinDEwithStartTimes2.xml (RunModel)" time="0.013" />
  <testcase classname="ptolemy.util.test.junit.AutoTests" name="[17] /home/travis/build/icyphy/ptII/ptolemy/domains/de/test/auto/DateDemo.xml (RunModel)" time="0.033" />
  <testcase classname="ptolemy.util.test.junit.AutoTests" name="[18] /home/travis/build/icyphy/ptII/ptolemy/domains/de/test/auto/DateToEvent.xml (RunModel)" time="2.042" />
  <testcase classname="ptolemy.util.test.junit.AutoTests" name="[19] /home/travis/build/icyphy/ptII/ptolemy/domains/de/test/auto/DepthTest1.xml (RunModel)" time="0.022" />
  <testcase classname="ptolemy.util.test.junit.AutoTests" name="[20] /home/travis/build/icyphy/ptII/ptolemy/domains/de/test/auto/DepthTest2.xml (RunModel)" time="0.027" />
  <testcase classname="ptolemy.util.test.junit.AutoTests" name="[21] /home/travis/build/icyphy/ptII/ptolemy/domains/de/test/auto/DepthTest3.xml (RunModel)" time="0.011" />
  <testcase classname="ptolemy.util.test.junit.AutoTests" name="[22] /home/travis/build/icyphy/ptII/ptolemy/domains/de/test/auto/DepthTest4.xml (RunModel)" time="0.013" />
  <testcase classname="ptolemy.util.test.junit.AutoTests" name="[23] /home/travis/build/icyphy/ptII/ptolemy/domains/de/test/auto/DepthTest5.xml (RunModel)" time="0.015" />
  <testcase classname="ptolemy.util.test.junit.AutoTests" name="[24] /home/travis/build/icyphy/ptII/ptolemy/domains/de/test/auto/DepthTest6.xml (RunModel)" time="0.013" />
  <testcase classname="ptolemy.util.test.junit.AutoTests" name="[25] /home/travis/build/icyphy/ptII/ptolemy/domains/de/test/auto/DepthTest7.xml (RunModel)" time="0.02" />
  <testcase classname="ptolemy.util.test.junit.AutoTests" name="[26] /home/travis/build/icyphy/ptII/ptolemy/domains/de/test/auto/EventToDate.xml (RunModel)" time="3.045" />
  <testcase classname="ptolemy.util.test.junit.AutoTests" name="[27] /home/travis/build/icyphy/ptII/ptolemy/domains/de/test/auto/FSM1.xml (RunModel)" time="0.032" />
  <testcase classname="ptolemy.util.test.junit.AutoTests" name="[28] /home/travis/build/icyphy/ptII/ptolemy/domains/de/test/auto/FSM7.xml (RunModel)" time="0.033" />
  <testcase classname="ptolemy.util.test.junit.AutoTests" name="[29] /home/travis/build/icyphy/ptII/ptolemy/domains/de/test/auto/Inspection.xml (RunModel)" time="0.036" />
  <testcase classname="ptolemy.util.test.junit.AutoTests" name="[30] /home/travis/build/icyphy/ptII/ptolemy/domains/de/test/auto/Iteration.xml (RunModel)" time="0.019" />
  <testcase classname="ptolemy.util.test.junit.AutoTests" name="[31] /home/travis/build/icyphy/ptII/ptolemy/domains/de/test/auto/LineFault.xml (RunModel)" time="0.516" />
  <testcase classname="ptolemy.util.test.junit.AutoTests" name="[32] /home/travis/build/icyphy/ptII/ptolemy/domains/de/test/auto/MergeModel1Add.xml (RunModel)" time="0.041" />
  <testcase classname="ptolemy.util.test.junit.AutoTests" name="[33] /home/travis/build/icyphy/ptII/ptolemy/domains/de/test/auto/MergeModel2Add.xml (RunModel)" time="0.035" />
  <testcase classname="ptolemy.util.test.junit.AutoTests" name="[34] /home/travis/build/icyphy/ptII/ptolemy/domains/de/test/auto/MergeModel3Add.xml (RunModel)" time="0.033" />
  <testcase classname="ptolemy.util.test.junit.AutoTests" name="[35] /home/travis/build/icyphy/ptII/ptolemy/domains/de/test/auto/MergeWithoutDiscard.xml (RunModel)" time="0.01" />
  <testcase classname="ptolemy.util.test.junit.AutoTests" name="[36] /home/travis/build/icyphy/ptII/ptolemy/domains/de/test/auto/Modal1.xml (RunModel)" time="0.025" />
  <testcase classname="ptolemy.util.test.junit.AutoTests" name="[37] /home/travis/build/icyphy/ptII/ptolemy/domains/de/test/auto/Modal2.xml (RunModel)" time="0.026" />
  <testcase classname="ptolemy.util.test.junit.AutoTests" name="[38] /home/travis/build/icyphy/ptII/ptolemy/domains/de/test/auto/Modal3.xml (RunModel)" time="0.027" />
  <testcase classname="ptolemy.util.test.junit.AutoTests" name="[39] /home/travis/build/icyphy/ptII/ptolemy/domains/de/test/auto/Modal4.xml (RunModel)" time="0.032" />
  <testcase classname="ptolemy.util.test.junit.AutoTests" name="[40] /home/travis/build/icyphy/ptII/ptolemy/domains/de/test/auto/Modal5.xml (RunModel)" time="0.027" />
  <testcase classname="ptolemy.util.test.junit.AutoTests" name="[41] /home/travis/build/icyphy/ptII/ptolemy/domains/de/test/auto/Modal6.xml (RunModel)" time="0.026" />
  <testcase classname="ptolemy.util.test.junit.AutoTests" name="[42] /home/travis/build/icyphy/ptII/ptolemy/domains/de/test/auto/Modal7.xml (RunModel)" time="0.026" />
  <testcase classname="ptolemy.util.test.junit.AutoTests" name="[43] /home/travis/build/icyphy/ptII/ptolemy/domains/de/test/auto/ModalModel.xml (RunModel)" time="0.153" />
  <testcase classname="ptolemy.util.test.junit.AutoTests" name="[44] /home/travis/build/icyphy/ptII/ptolemy/domains/de/test/auto/ModalSource.xml (RunModel)" time="0.019" />
  <testcase classname="ptolemy.util.test.junit.AutoTests" name="[45] /home/travis/build/icyphy/ptII/ptolemy/domains/de/test/auto/NonInterruptibleTimerZeroDelay.xml (RunModel)" time="0.009" />
  <testcase classname="ptolemy.util.test.junit.AutoTests" name="[46] /home/travis/build/icyphy/ptII/ptolemy/domains/de/test/auto/OpenQueueingNetwork.xml (RunModel)" time="2.198" />
  <testcase classname="ptolemy.util.test.junit.AutoTests" name="[47] /home/travis/build/icyphy/ptII/ptolemy/domains/de/test/auto/OpenQueuingNetwork.xml (RunModel)" time="0.266" />
  <testcase classname="ptolemy.util.test.junit.AutoTests" name="[48] /home/travis/build/icyphy/ptII/ptolemy/domains/de/test/auto/PeriodicSampler.xml (RunModel)" time="0.008" />
  <testcase classname="ptolemy.util.test.junit.AutoTests" name="[49] /home/travis/build/icyphy/ptII/ptolemy/domains/de/test/auto/PersistentIO.xml (RunModel)" time="0.017" />
  <testcase classname="ptolemy.util.test.junit.AutoTests" name="[50] /home/travis/build/icyphy/ptII/ptolemy/domains/de/test/auto/PortParameterResetOnInitialize.xml (RunModel)" time="0.013" />
  <testcase classname="ptolemy.util.test.junit.AutoTests" name="[51] /home/travis/build/icyphy/ptII/ptolemy/domains/de/test/auto/PortParameterUpdates.xml (RunModel)" time="0.015" />
  <testcase classname="ptolemy.util.test.junit.AutoTests" name="[52] /home/travis/build/icyphy/ptII/ptolemy/domains/de/test/auto/QueueAndServer.xml (RunModel)" time="0.02" />
  <testcase classname="ptolemy.util.test.junit.AutoTests" name="[53] /home/travis/build/icyphy/ptII/ptolemy/domains/de/test/auto/Records.xml (RunModel)" time="0.018" />
  <testcase classname="ptolemy.util.test.junit.AutoTests" name="[54] /home/travis/build/icyphy/ptII/ptolemy/domains/de/test/auto/ResetTransitionWithStartTime1.xml (RunModel)" time="0.02" />
  <testcase classname="ptolemy.util.test.junit.AutoTests" name="[55] /home/travis/build/icyphy/ptII/ptolemy/domains/de/test/auto/ResetTransitionWithStartTime2.xml (RunModel)" time="0.019" />
  <testcase classname="ptolemy.util.test.junit.AutoTests" name="[56] /home/travis/build/icyphy/ptII/ptolemy/domains/de/test/auto/ResetTransitionWithStartTime3.xml (RunModel)" time="0.02" />
  <testcase classname="ptolemy.util.test.junit.AutoTests" name="[57] /home/travis/build/icyphy/ptII/ptolemy/domains/de/test/auto/ResetTransitionWithStartTime4.xml (RunModel)" time="0.021" />
  <testcase classname="ptolemy.util.test.junit.AutoTests" name="[58] /home/travis/build/icyphy/ptII/ptolemy/domains/de/test/auto/ResettableTimer1.xml (RunModel)" time="0.011" />
  <testcase classname="ptolemy.util.test.junit.AutoTests" name="[59] /home/travis/build/icyphy/ptII/ptolemy/domains/de/test/auto/ResettableTimer2.xml (RunModel)" time="0.01" />
  <testcase classname="ptolemy.util.test.junit.AutoTests" name="[60] /home/travis/build/icyphy/ptII/ptolemy/domains/de/test/auto/ResettableTimer3.xml (RunModel)" time="0.01" />
  <testcase classname="ptolemy.util.test.junit.AutoTests" name="[61] /home/travis/build/icyphy/ptII/ptolemy/domains/de/test/auto/ResettableTimer4.xml (RunModel)" time="0.012" />
  <testcase classname="ptolemy.util.test.junit.AutoTests" name="[62] /home/travis/build/icyphy/ptII/ptolemy/domains/de/test/auto/ResettableTimer5.xml (RunModel)" time="0.01" />
  <testcase classname="ptolemy.util.test.junit.AutoTests" name="[63] /home/travis/build/icyphy/ptII/ptolemy/domains/de/test/auto/ResettableTimer6.xml (RunModel)" time="0.018" />
  <testcase classname="ptolemy.util.test.junit.AutoTests" name="[64] /home/travis/build/icyphy/ptII/ptolemy/domains/de/test/auto/ServerZeroDelay.xml (RunModel)" time="0.013" />
  <testcase classname="ptolemy.util.test.junit.AutoTests" name="[65] /home/travis/build/icyphy/ptII/ptolemy/domains/de/test/auto/SmartSender.xml (RunModel)" time="3.008" />
  <testcase classname="ptolemy.util.test.junit.AutoTests" name="[66] /home/travis/build/icyphy/ptII/ptolemy/domains/de/test/auto/ThreadedComposite.xml (RunModel)" time="0.13" />
  <testcase classname="ptolemy.util.test.junit.AutoTests" name="[67] /home/travis/build/icyphy/ptII/ptolemy/domains/de/test/auto/Time.xml (RunModel)" time="0.447" />
  <testcase classname="ptolemy.util.test.junit.AutoTests" name="[68] /home/travis/build/icyphy/ptII/ptolemy/domains/de/test/auto/TimeDelayZeroDelay.xml (RunModel)" time="0.012" />
  <testcase classname="ptolemy.util.test.junit.AutoTests" name="[69] /home/travis/build/icyphy/ptII/ptolemy/domains/de/test/auto/TimerZeroDelay.xml (RunModel)" time="0.01" />
  <testcase classname="ptolemy.util.test.junit.AutoTests" name="[70] /home/travis/build/icyphy/ptII/ptolemy/domains/de/test/auto/TimingParadox.xml (RunModel)" time="0.381" />
  <testcase classname="ptolemy.util.test.junit.AutoTests" name="[71] /home/travis/build/icyphy/ptII/ptolemy/domains/de/test/auto/TransferInputs.xml (RunModel)" time="0.013" />
  <testcase classname="ptolemy.util.test.junit.AutoTests" name="[72] /home/travis/build/icyphy/ptII/ptolemy/domains/de/test/auto/TransferOutputs2.xml (RunModel)" time="0.017" />
  <testcase classname="ptolemy.util.test.junit.AutoTests" name="[73] /home/travis/build/icyphy/ptII/ptolemy/domains/de/test/auto/Trilateration.xml (RunModel)" time="12.156" />
  <testcase classname="ptolemy.util.test.junit.AutoTests" name="[74] /home/travis/build/icyphy/ptII/ptolemy/domains/de/test/auto/TwoSigmaDelta.xml (RunModel)" time="2.205" />
  <testcase classname="ptolemy.util.test.junit.AutoTests" name="[75] /home/travis/build/icyphy/ptII/ptolemy/domains/de/test/auto/VariableDelay.xml (RunModel)" time="0.011" />
  <testcase classname="ptolemy.util.test.junit.AutoTests" name="[76] /home/travis/build/icyphy/ptII/ptolemy/domains/de/test/auto/VariableDelay2.xml (RunModel)" time="0.01" />
  <testcase classname="ptolemy.util.test.junit.AutoTests" name="[77] /home/travis/build/icyphy/ptII/ptolemy/domains/de/test/auto/VariableDelayZeroDelay.xml (RunModel)" time="0.014" />
  <testcase classname="ptolemy.util.test.junit.AutoTests" name="[78] /home/travis/build/icyphy/ptII/ptolemy/domains/de/test/auto/VariableDelayZeroDelay2.xml (RunModel)" time="0.01" />
  <testcase classname="ptolemy.util.test.junit.AutoTests" name="[79] /home/travis/build/icyphy/ptII/ptolemy/domains/de/test/auto/deInCt.xml (RunModel)" time="0.015" />
  <testcase classname="ptolemy.util.test.junit.AutoTests" name="[80] /home/travis/build/icyphy/ptII/ptolemy/domains/de/test/auto/deInCt2.xml (RunModel)" time="0.022" />
  <testcase classname="ptolemy.util.test.junit.AutoTests" name="[81] /home/travis/build/icyphy/ptII/ptolemy/domains/de/test/auto/dynamicCausalityInterface1.xml (RunModel)" time="0.019" />
  <testcase classname="ptolemy.util.test.junit.AutoTests" name="[82] /home/travis/build/icyphy/ptII/ptolemy/domains/de/test/auto/fsm_de_test.xml (RunModel)" time="0.027" />
  <testcase classname="ptolemy.util.test.junit.AutoTests" name="[83] /home/travis/build/icyphy/ptII/ptolemy/domains/de/test/auto/functionDependencyReconstruction.xml (RunModel)" time="0.033" />
  <testcase classname="ptolemy.util.test.junit.AutoTests" name="[84] /home/travis/build/icyphy/ptII/ptolemy/domains/de/test/auto/multirate.xml (RunModel)" time="0.016" />
  <testcase classname="ptolemy.util.test.junit.AutoTests" name="[85] /home/travis/build/icyphy/ptII/ptolemy/domains/de/test/auto/multirate2.xml (RunModel)" time="0.018" />
  <testcase classname="ptolemy.util.test.junit.AutoTests" name="[86] /home/travis/build/icyphy/ptII/ptolemy/domains/de/test/auto/realtime.xml (RunModel)" time="10.01" />
  <testcase classname="ptolemy.util.test.junit.AutoTests" name="[87] /home/travis/build/icyphy/ptII/ptolemy/domains/de/test/auto/relationGroup.xml (RunModel)" time="0.009" />
  <testcase classname="ptolemy.util.test.junit.AutoTests" name="[88] /home/travis/build/icyphy/ptII/ptolemy/domains/de/test/auto/relationGroup2.xml (RunModel)" time="0.007" />
  <testcase classname="ptolemy.util.test.junit.AutoTests" name="[89] /home/travis/build/icyphy/ptII/ptolemy/domains/de/test/auto/sortWithOpaquePorts.xml (RunModel)" time="0.008" />
  <testcase classname="ptolemy.util.test.junit.AutoTests" name="[90] /home/travis/build/icyphy/ptII/ptolemy/domains/de/test/auto/transferInputsandOutputs.xml (RunModel)" time="0.014" />
  <testcase classname="ptolemy.util.test.junit.AutoTests" name="[91] /home/travis/build/icyphy/ptII/ptolemy/domains/de/test/auto/triggerType.xml (RunModel)" time="0.006" />
  <system-out><![CDATA[/home/travis/build/icyphy/ptII/ptolemy/domains/de/test/DependencyLoop.tcl
testDefs.tcl: setting time out to 9000 seconds at Mon May 20 04:25:25 UTC 2019
16 ms. Memory: 116224K Free: 97392K (84%)
14 ms. Memory: 146944K Free: 140939K (96%)
/home/travis/build/icyphy/ptII/ptolemy/domains/de/test/RunDETestsAsQSS.tcl
Run the DE tests using ptolemy.domains.qss.test.QSSDirectorTest, which extends QSSDirector and prints a message in the constructors.
------------------ testing $PTII/ptolemy/domains/de/test/auto/knownFailedTests/dependencyLoop.xml (Known Failure) 
9 ms. Memory: 146944K Free: 136681K (93%)


==== $PTIIhome/travis/build/icyphy/ptII/ptolemy/domains/de/test/../../../../: Auto Automatic test in file $PTII/ptolemy/domains/de/test/auto/knownFailedTests/dependencyLoop.xml
==== Contents of test case:

	    # FIXME: we should use $relativeFilename here, but it
	    # might have backslashes under Windows, which causes no end
	    # of trouble.
	    createAndExecute $file
	    list {}
	
.... Test generated KNOWN error:
    while executing
ptolemy.kernel.util.IllegalActionException: Found a zero delay loop containing .dependencyLoop.original
  in .dependencyLoop and .dependencyLoop.original
	at ptolemy.actor.util.CausalityInterfaceForComposites._computeOutputPortDepth(CausalityInterfaceForComposites.java:759)
	at ptolemy.actor.util.CausalityInterfaceForComposites._computeInputDepth(CausalityInterfaceForComposites.java:696)
	at ptolemy.actor.util.CausalityInterfaceForComposites._computeOutputPortDepth(CausalityInterfaceForComposites.java:765)
	at ptolemy.actor.util.CausalityInterfaceForComposites._computeInputDepth(CausalityInterfaceForComposites.java:696)
	at ptolemy.actor.util.CausalityInterfaceForComposites._computeOutputPortDepth(CausalityInterfaceForComposites.java:765)
	at ptolemy.actor.util.CausalityInterfaceForComposites._computeInputDepth(CausalityInterfaceForComposites.java:696)
	at ptolemy.actor.util.CausalityInterfaceForComposites._computeActorDepth(CausalityInterfaceForComposites.java:532)
	at ptolemy.actor.util.CausalityInterfaceForComposites.checkForCycles(CausalityInterfaceForComposites.java:96)
	at ptolemy.domains.de.kernel.DEDirector.preinitialize(DEDirector.java:1338)
	at ptolemy.actor.CompositeActor.preinitialize(CompositeActor.java:1828)
	at ptolemy.actor.Manager.preinitializeAndResolveTypes(Manager.java:1040)
	at ptolemy.actor.Manager.initialize(Manager.java:710)
	at ptolemy.actor.Manager.execute(Manager.java:356)
	at ptolemy.actor.Manager.run(Manager.java:1263)
	at ptolemy.actor.Manager$PtolemyRunThread.run(Manager.java:1915)

    while executing
ptolemy.kernel.util.IllegalActionException: Found a zero delay loop containing .dependencyLoop.original
  in .dependencyLoop and .dependencyLoop.original
    while executing
"java::new ptolemy.moml.MoMLSimpleApplication $file
"
    (procedure "createAndExecute" line 2)
    invoked from within
"createAndExecute $file"
    ("uplevel" body line 5)
    invoked from within
"uplevel $contents_of_test"
------------------ testing $PTII/ptolemy/domains/de/test/auto/knownFailedTests/DESDFClockTest.xml (Known Failure) 
2093 ms. Memory: 146944K Free: 120994K (82%)


==== $PTIIhome/travis/build/icyphy/ptII/ptolemy/domains/de/test/../../../../: Auto Automatic test in file $PTII/ptolemy/domains/de/test/auto/knownFailedTests/DESDFClockTest.xml
==== Contents of test case:

	    # FIXME: we should use $relativeFilename here, but it
	    # might have backslashes under Windows, which causes no end
	    # of trouble.
	    createAndExecute $file
	    list {}
	
.... Test generated KNOWN error:
    while executing
ptolemy.kernel.util.IllegalActionException: Actor is not ready to fire.  Perhaps UpSample.prefire() returned false? Try debugging the actor by selecting "Listen to Actor".  Also, for SDF check moml for tokenConsumptionRate on input.
  in .DESDFClockTest.Play Bell.Copy1:SDF Director and .DESDFClockTest.Play Bell.UpSample
	at ptolemy.actor.sched.StaticSchedulingDirector.fire(StaticSchedulingDirector.java:227)
	at ptolemy.domains.sdf.kernel.SDFDirector.fire(SDFDirector.java:500)
	at ptolemy.actor.CompositeActor.fire(CompositeActor.java:455)
	at ptolemy.domains.de.kernel.DEDirector._fire(DEDirector.java:1949)
	at ptolemy.domains.de.kernel.DEDirector.fire(DEDirector.java:502)
	at ptolemy.actor.CompositeActor.fire(CompositeActor.java:455)
	at ptolemy.actor.Manager.iterate(Manager.java:851)
	at ptolemy.actor.Manager.execute(Manager.java:369)
	at ptolemy.actor.Manager.run(Manager.java:1263)
	at ptolemy.actor.Manager$PtolemyRunThread.run(Manager.java:1915)

    while executing
ptolemy.kernel.util.IllegalActionException: Actor is not ready to fire.  Perhaps UpSample.prefire() returned false? Try debugging the actor by selecting "Listen to Actor".  Also, for SDF check moml for tokenConsumptionRate on input.
  in .DESDFClockTest.Play Bell.Copy1:SDF Director and .DESDFClockTest.Play Bell.UpSample
    while executing
"java::new ptolemy.moml.MoMLSimpleApplication $file
"
    (procedure "createAndExecute" line 2)
    invoked from within
"createAndExecute $file"
    ("uplevel" body line 5)
    invoked from within
"uplevel $contents_of_test"
------------------ testing $PTII/ptolemy/domains/de/test/auto/knownFailedTests/FSMSource.xml (Known Failure) 
50 ms. Memory: 146944K Free: 111533K (76%)
!!!! Auto was marked as failing, but now passes
------------------ testing $PTII/ptolemy/domains/de/test/auto/knownFailedTests/dependencyLoop2.xml (Known Failure) 
5 ms. Memory: 146944K Free: 109674K (75%)


==== $PTIIhome/travis/build/icyphy/ptII/ptolemy/domains/de/test/../../../../: Auto Automatic test in file $PTII/ptolemy/domains/de/test/auto/knownFailedTests/dependencyLoop2.xml
==== Contents of test case:

	    # FIXME: we should use $relativeFilename here, but it
	    # might have backslashes under Windows, which causes no end
	    # of trouble.
	    createAndExecute $file
	    list {}
	
.... Test generated KNOWN error:
    while executing
ptolemy.kernel.util.IllegalActionException: Found a zero delay loop containing .dependencyLoop2.original
  in .dependencyLoop2 and .dependencyLoop2.original
	at ptolemy.actor.util.CausalityInterfaceForComposites._computeOutputPortDepth(CausalityInterfaceForComposites.java:759)
	at ptolemy.actor.util.CausalityInterfaceForComposites._computeInputDepth(CausalityInterfaceForComposites.java:696)
	at ptolemy.actor.util.CausalityInterfaceForComposites._computeOutputPortDepth(CausalityInterfaceForComposites.java:765)
	at ptolemy.actor.util.CausalityInterfaceForComposites._computeInputDepth(CausalityInterfaceForComposites.java:696)
	at ptolemy.actor.util.CausalityInterfaceForComposites._computeOutputPortDepth(CausalityInterfaceForComposites.java:765)
	at ptolemy.actor.util.CausalityInterfaceForComposites._computeInputDepth(CausalityInterfaceForComposites.java:696)
	at ptolemy.actor.util.CausalityInterfaceForComposites._computeActorDepth(CausalityInterfaceForComposites.java:532)
	at ptolemy.actor.util.CausalityInterfaceForComposites.checkForCycles(CausalityInterfaceForComposites.java:96)
	at ptolemy.domains.de.kernel.DEDirector.preinitialize(DEDirector.java:1338)
	at ptolemy.actor.CompositeActor.preinitialize(CompositeActor.java:1828)
	at ptolemy.actor.Manager.preinitializeAndResolveTypes(Manager.java:1040)
	at ptolemy.actor.Manager.initialize(Manager.java:710)
	at ptolemy.actor.Manager.execute(Manager.java:356)
	at ptolemy.actor.Manager.run(Manager.java:1263)
	at ptolemy.actor.Manager$PtolemyRunThread.run(Manager.java:1915)

    while executing
ptolemy.kernel.util.IllegalActionException: Found a zero delay loop containing .dependencyLoop2.original
  in .dependencyLoop2 and .dependencyLoop2.original
    while executing
"java::new ptolemy.moml.MoMLSimpleApplication $file
"
    (procedure "createAndExecute" line 2)
    invoked from within
"createAndExecute $file"
    ("uplevel" body line 5)
    invoked from within
"uplevel $contents_of_test"
------------------ testing $PTII/ptolemy/domains/de/test/auto/knownFailedTests/HierarchicalModel.xml (Known Failure) 
6 ms. Memory: 146944K Free: 89358K (61%)


==== $PTIIhome/travis/build/icyphy/ptII/ptolemy/domains/de/test/../../../../: Auto Automatic test in file $PTII/ptolemy/domains/de/test/auto/knownFailedTests/HierarchicalModel.xml
==== Contents of test case:

	    # FIXME: we should use $relativeFilename here, but it
	    # might have backslashes under Windows, which causes no end
	    # of trouble.
	    createAndExecute $file
	    list {}
	
.... Test generated KNOWN error:
    while executing
ptolemy.kernel.util.IllegalActionException: Found a zero delay loop containing .HierarchicalModel.A
  in .HierarchicalModel and .HierarchicalModel.A
	at ptolemy.actor.util.CausalityInterfaceForComposites._computeOutputPortDepth(CausalityInterfaceForComposites.java:759)
	at ptolemy.actor.util.CausalityInterfaceForComposites._computeInputDepth(CausalityInterfaceForComposites.java:696)
	at ptolemy.actor.util.CausalityInterfaceForComposites._computeOutputPortDepth(CausalityInterfaceForComposites.java:765)
	at ptolemy.actor.util.CausalityInterfaceForComposites._computeInputDepth(CausalityInterfaceForComposites.java:696)
	at ptolemy.actor.util.CausalityInterfaceForComposites._computeOutputPortDepth(CausalityInterfaceForComposites.java:765)
	at ptolemy.actor.util.CausalityInterfaceForComposites._computeInputDepth(CausalityInterfaceForComposites.java:696)
	at ptolemy.actor.util.CausalityInterfaceForComposites._computeActorDepth(CausalityInterfaceForComposites.java:532)
	at ptolemy.actor.util.CausalityInterfaceForComposites.checkForCycles(CausalityInterfaceForComposites.java:96)
	at ptolemy.domains.de.kernel.DEDirector.preinitialize(DEDirector.java:1338)
	at ptolemy.actor.CompositeActor.preinitialize(CompositeActor.java:1828)
	at ptolemy.actor.Manager.preinitializeAndResolveTypes(Manager.java:1040)
	at ptolemy.actor.Manager.initialize(Manager.java:710)
	at ptolemy.actor.Manager.execute(Manager.java:356)
	at ptolemy.actor.Manager.run(Manager.java:1263)
	at ptolemy.actor.Manager$PtolemyRunThread.run(Manager.java:1915)

    while executing
ptolemy.kernel.util.IllegalActionException: Found a zero delay loop containing .HierarchicalModel.A
  in .HierarchicalModel and .HierarchicalModel.A
    while executing
"java::new ptolemy.moml.MoMLSimpleApplication $file
"
    (procedure "createAndExecute" line 2)
    invoked from within
"createAndExecute $file"
    ("uplevel" body line 5)
    invoked from within
"uplevel $contents_of_test"
------------------ testing $PTII/ptolemy/domains/de/test/auto/knownFailedTests/DirectFeedback.xml (Known Failure) 
8 ms. Memory: 146944K Free: 85224K (58%)


==== $PTIIhome/travis/build/icyphy/ptII/ptolemy/domains/de/test/../../../../: Auto Automatic test in file $PTII/ptolemy/domains/de/test/auto/knownFailedTests/DirectFeedback.xml
==== Contents of test case:

	    # FIXME: we should use $relativeFilename here, but it
	    # might have backslashes under Windows, which causes no end
	    # of trouble.
	    createAndExecute $file
	    list {}
	
.... Test generated KNOWN error:
    while executing
ptolemy.kernel.util.IllegalActionException: Test fails in iteration 1.
Value was: 1.0. Should have been: 2.0
  in .DirectFeedback.Test
	at ptolemy.actor.lib.Test.fire(Test.java:268)
	at ptolemy.domains.de.kernel.DEDirector._fire(DEDirector.java:1949)
	at ptolemy.domains.de.kernel.DEDirector.fire(DEDirector.java:502)
	at ptolemy.actor.CompositeActor.fire(CompositeActor.java:455)
	at ptolemy.actor.Manager.iterate(Manager.java:851)
	at ptolemy.actor.Manager.execute(Manager.java:369)
	at ptolemy.actor.Manager.run(Manager.java:1263)
	at ptolemy.actor.Manager$PtolemyRunThread.run(Manager.java:1915)

    while executing
ptolemy.kernel.util.IllegalActionException: Test fails in iteration 1.
Value was: 1.0. Should have been: 2.0
  in .DirectFeedback.Test
    while executing
"java::new ptolemy.moml.MoMLSimpleApplication $file
"
    (procedure "createAndExecute" line 2)
    invoked from within
"createAndExecute $file"
    ("uplevel" body line 5)
    invoked from within
"uplevel $contents_of_test"
------------------ testing $PTII/ptolemy/domains/de/test/auto/ActorDepthCalculation_actorWithoutPorts.xml
auto.tcl: Setting watchdog for 200 seconds at Mon May 20 04:25:28 UTC 2019
7 ms. Memory: 146944K Free: 137775K (94%)
ptolemy.util.test.WatchDog.cancel(): canceling Mon May 20 04:25:28 UTC 2019
auto.tcl: Setting watchdog for 200 seconds at Mon May 20 04:25:28 UTC 2019
4 ms. Memory: 146944K Free: 136760K (93%)
ptolemy.util.test.WatchDog.cancel(): canceling Mon May 20 04:25:28 UTC 2019
------------------ testing $PTII/ptolemy/domains/de/test/auto/AssemblyLine.xml
auto.tcl: Setting watchdog for 200 seconds at Mon May 20 04:25:29 UTC 2019
20 ms. Memory: 208384K Free: 183448K (88%)
ptolemy.util.test.WatchDog.cancel(): canceling Mon May 20 04:25:29 UTC 2019
auto.tcl: Setting watchdog for 200 seconds at Mon May 20 04:25:29 UTC 2019
17 ms. Memory: 208384K Free: 183448K (88%)
ptolemy.util.test.WatchDog.cancel(): canceling Mon May 20 04:25:29 UTC 2019
------------------ testing $PTII/ptolemy/domains/de/test/auto/CQBug1.xml
auto.tcl: Setting watchdog for 200 seconds at Mon May 20 04:25:29 UTC 2019
12 ms. Memory: 208384K Free: 197928K (95%)
ptolemy.util.test.WatchDog.cancel(): canceling Mon May 20 04:25:29 UTC 2019
auto.tcl: Setting watchdog for 200 seconds at Mon May 20 04:25:29 UTC 2019
2 ms. Memory: 208384K Free: 197928K (95%)
ptolemy.util.test.WatchDog.cancel(): canceling Mon May 20 04:25:29 UTC 2019
------------------ testing $PTII/ptolemy/domains/de/test/auto/CancelFireAt.xml
auto.tcl: Setting watchdog for 200 seconds at Mon May 20 04:25:29 UTC 2019
12 ms. Memory: 208384K Free: 200914K (96%)
ptolemy.util.test.WatchDog.cancel(): canceling Mon May 20 04:25:29 UTC 2019
auto.tcl: Setting watchdog for 200 seconds at Mon May 20 04:25:29 UTC 2019
4 ms. Memory: 208384K Free: 198876K (95%)
ptolemy.util.test.WatchDog.cancel(): canceling Mon May 20 04:25:29 UTC 2019
------------------ testing $PTII/ptolemy/domains/de/test/auto/CausalityAndComposabilityAnalysis.xml
auto.tcl: Setting watchdog for 200 seconds at Mon May 20 04:25:29 UTC 2019
14 ms. Memory: 208384K Free: 198473K (95%)
ptolemy.util.test.WatchDog.cancel(): canceling Mon May 20 04:25:29 UTC 2019
auto.tcl: Setting watchdog for 200 seconds at Mon May 20 04:25:29 UTC 2019
13 ms. Memory: 208384K Free: 196427K (94%)
ptolemy.util.test.WatchDog.cancel(): canceling Mon May 20 04:25:29 UTC 2019
------------------ testing $PTII/ptolemy/domains/de/test/auto/CausalityInterface1.xml
auto.tcl: Setting watchdog for 200 seconds at Mon May 20 04:25:29 UTC 2019
12 ms. Memory: 208384K Free: 196365K (94%)
ptolemy.util.test.WatchDog.cancel(): canceling Mon May 20 04:25:29 UTC 2019
auto.tcl: Setting watchdog for 200 seconds at Mon May 20 04:25:29 UTC 2019
9 ms. Memory: 208384K Free: 196365K (94%)
ptolemy.util.test.WatchDog.cancel(): canceling Mon May 20 04:25:29 UTC 2019
------------------ testing $PTII/ptolemy/domains/de/test/auto/CausalityInterface15.xml
auto.tcl: Setting watchdog for 200 seconds at Mon May 20 04:25:29 UTC 2019
13 ms. Memory: 208384K Free: 196348K (94%)
ptolemy.util.test.WatchDog.cancel(): canceling Mon May 20 04:25:30 UTC 2019
auto.tcl: Setting watchdog for 200 seconds at Mon May 20 04:25:30 UTC 2019
4 ms. Memory: 208384K Free: 196348K (94%)
ptolemy.util.test.WatchDog.cancel(): canceling Mon May 20 04:25:30 UTC 2019
------------------ testing $PTII/ptolemy/domains/de/test/auto/CausalityInterface2.xml
auto.tcl: Setting watchdog for 200 seconds at Mon May 20 04:25:30 UTC 2019
8 ms. Memory: 208384K Free: 196332K (94%)
ptolemy.util.test.WatchDog.cancel(): canceling Mon May 20 04:25:30 UTC 2019
auto.tcl: Setting watchdog for 200 seconds at Mon May 20 04:25:30 UTC 2019
3 ms. Memory: 208384K Free: 196332K (94%)
ptolemy.util.test.WatchDog.cancel(): canceling Mon May 20 04:25:30 UTC 2019
------------------ testing $PTII/ptolemy/domains/de/test/auto/CausalityInterface3.xml
auto.tcl: Setting watchdog for 200 seconds at Mon May 20 04:25:30 UTC 2019
7 ms. Memory: 208384K Free: 196377K (94%)
ptolemy.util.test.WatchDog.cancel(): canceling Mon May 20 04:25:30 UTC 2019
auto.tcl: Setting watchdog for 200 seconds at Mon May 20 04:25:30 UTC 2019
3 ms. Memory: 208384K Free: 196377K (94%)
ptolemy.util.test.WatchDog.cancel(): canceling Mon May 20 04:25:30 UTC 2019
------------------ testing $PTII/ptolemy/domains/de/test/auto/ClockDrift.xml
auto.tcl: Setting watchdog for 200 seconds at Mon May 20 04:25:30 UTC 2019
102 ms. Memory: 208384K Free: 187786K (90%)
ptolemy.util.test.WatchDog.cancel(): canceling Mon May 20 04:25:30 UTC 2019
auto.tcl: Setting watchdog for 200 seconds at Mon May 20 04:25:30 UTC 2019
40 ms. Memory: 208384K Free: 185756K (89%)
ptolemy.util.test.WatchDog.cancel(): canceling Mon May 20 04:25:30 UTC 2019
------------------ testing $PTII/ptolemy/domains/de/test/auto/ClockDriftAndValueChange.xml
auto.tcl: Setting watchdog for 200 seconds at Mon May 20 04:25:30 UTC 2019
53 ms. Memory: 208384K Free: 187597K (90%)
ptolemy.util.test.WatchDog.cancel(): canceling Mon May 20 04:25:30 UTC 2019
auto.tcl: Setting watchdog for 200 seconds at Mon May 20 04:25:30 UTC 2019
35 ms. Memory: 208384K Free: 185568K (89%)
ptolemy.util.test.WatchDog.cancel(): canceling Mon May 20 04:25:30 UTC 2019
------------------ testing $PTII/ptolemy/domains/de/test/auto/ClockDriftChange.xml
auto.tcl: Setting watchdog for 200 seconds at Mon May 20 04:25:30 UTC 2019
39 ms. Memory: 208384K Free: 190875K (92%)
ptolemy.util.test.WatchDog.cancel(): canceling Mon May 20 04:25:30 UTC 2019
auto.tcl: Setting watchdog for 200 seconds at Mon May 20 04:25:30 UTC 2019
28 ms. Memory: 208384K Free: 188845K (91%)
ptolemy.util.test.WatchDog.cancel(): canceling Mon May 20 04:25:30 UTC 2019
------------------ testing $PTII/ptolemy/domains/de/test/auto/ComposableCausalityAnalysis.xml
auto.tcl: Setting watchdog for 200 seconds at Mon May 20 04:25:30 UTC 2019
4 ms. Memory: 208384K Free: 196215K (94%)
ptolemy.util.test.WatchDog.cancel(): canceling Mon May 20 04:25:30 UTC 2019
auto.tcl: Setting watchdog for 200 seconds at Mon May 20 04:25:30 UTC 2019
2 ms. Memory: 208384K Free: 194178K (93%)
ptolemy.util.test.WatchDog.cancel(): canceling Mon May 20 04:25:30 UTC 2019
------------------ testing $PTII/ptolemy/domains/de/test/auto/DEFixedPointLimitation.xml
auto.tcl: Setting watchdog for 200 seconds at Mon May 20 04:25:31 UTC 2019
3 ms. Memory: 208384K Free: 196109K (94%)
ptolemy.util.test.WatchDog.cancel(): canceling Mon May 20 04:25:31 UTC 2019
auto.tcl: Setting watchdog for 200 seconds at Mon May 20 04:25:31 UTC 2019
2 ms. Memory: 208384K Free: 196109K (94%)
ptolemy.util.test.WatchDog.cancel(): canceling Mon May 20 04:25:31 UTC 2019
------------------ testing $PTII/ptolemy/domains/de/test/auto/DEScheduleTest.xml
auto.tcl: Setting watchdog for 200 seconds at Mon May 20 04:25:31 UTC 2019
3 ms. Memory: 208384K Free: 198157K (95%)
ptolemy.util.test.WatchDog.cancel(): canceling Mon May 20 04:25:31 UTC 2019
auto.tcl: Setting watchdog for 200 seconds at Mon May 20 04:25:31 UTC 2019
7 ms. Memory: 208384K Free: 196111K (94%)
ptolemy.util.test.WatchDog.cancel(): canceling Mon May 20 04:25:31 UTC 2019
------------------ testing $PTII/ptolemy/domains/de/test/auto/DEinDEwithStartTimes.xml
auto.tcl: Setting watchdog for 200 seconds at Mon May 20 04:25:31 UTC 2019
4 ms. Memory: 208384K Free: 196081K (94%)
ptolemy.util.test.WatchDog.cancel(): canceling Mon May 20 04:25:31 UTC 2019
auto.tcl: Setting watchdog for 200 seconds at Mon May 20 04:25:31 UTC 2019
4 ms. Memory: 208384K Free: 194051K (93%)
ptolemy.util.test.WatchDog.cancel(): canceling Mon May 20 04:25:31 UTC 2019
------------------ testing $PTII/ptolemy/domains/de/test/auto/DEinDEwithStartTimes2.xml
auto.tcl: Setting watchdog for 200 seconds at Mon May 20 04:25:31 UTC 2019
7 ms. Memory: 208384K Free: 196596K (94%)
ptolemy.util.test.WatchDog.cancel(): canceling Mon May 20 04:25:31 UTC 2019
auto.tcl: Setting watchdog for 200 seconds at Mon May 20 04:25:31 UTC 2019
5 ms. Memory: 208384K Free: 194031K (93%)
ptolemy.util.test.WatchDog.cancel(): canceling Mon May 20 04:25:31 UTC 2019
------------------ testing $PTII/ptolemy/domains/de/test/auto/DateDemo.xml
auto.tcl: Setting watchdog for 200 seconds at Mon May 20 04:25:31 UTC 2019
19 ms. Memory: 208384K Free: 188694K (91%)
ptolemy.util.test.WatchDog.cancel(): canceling Mon May 20 04:25:31 UTC 2019
auto.tcl: Setting watchdog for 200 seconds at Mon May 20 04:25:31 UTC 2019
16 ms. Memory: 208384K Free: 186664K (90%)
ptolemy.util.test.WatchDog.cancel(): canceling Mon May 20 04:25:31 UTC 2019
------------------ testing $PTII/ptolemy/domains/de/test/auto/DateToEvent.xml
auto.tcl: Setting watchdog for 200 seconds at Mon May 20 04:25:31 UTC 2019
2017 ms. Memory: 208384K Free: 183603K (88%)
ptolemy.util.test.WatchDog.cancel(): canceling Mon May 20 04:25:33 UTC 2019
auto.tcl: Setting watchdog for 200 seconds at Mon May 20 04:25:33 UTC 2019
2007 ms. Memory: 208384K Free: 183603K (88%)
ptolemy.util.test.WatchDog.cancel(): canceling Mon May 20 04:25:35 UTC 2019
------------------ testing $PTII/ptolemy/domains/de/test/auto/DepthTest1.xml
auto.tcl: Setting watchdog for 200 seconds at Mon May 20 04:25:35 UTC 2019
3 ms. Memory: 208384K Free: 197361K (95%)
ptolemy.util.test.WatchDog.cancel(): canceling Mon May 20 04:25:35 UTC 2019
auto.tcl: Setting watchdog for 200 seconds at Mon May 20 04:25:35 UTC 2019
2 ms. Memory: 208384K Free: 197361K (95%)
ptolemy.util.test.WatchDog.cancel(): canceling Mon May 20 04:25:35 UTC 2019
------------------ testing $PTII/ptolemy/domains/de/test/auto/DepthTest2.xml
auto.tcl: Setting watchdog for 200 seconds at Mon May 20 04:25:35 UTC 2019
8 ms. Memory: 208384K Free: 194221K (93%)
ptolemy.util.test.WatchDog.cancel(): canceling Mon May 20 04:25:35 UTC 2019
auto.tcl: Setting watchdog for 200 seconds at Mon May 20 04:25:35 UTC 2019
6 ms. Memory: 208384K Free: 194221K (93%)
ptolemy.util.test.WatchDog.cancel(): canceling Mon May 20 04:25:35 UTC 2019
------------------ testing $PTII/ptolemy/domains/de/test/auto/DepthTest3.xml
auto.tcl: Setting watchdog for 200 seconds at Mon May 20 04:25:35 UTC 2019
7 ms. Memory: 208384K Free: 197710K (95%)
ptolemy.util.test.WatchDog.cancel(): canceling Mon May 20 04:25:35 UTC 2019
auto.tcl: Setting watchdog for 200 seconds at Mon May 20 04:25:35 UTC 2019
2 ms. Memory: 208384K Free: 197710K (95%)
ptolemy.util.test.WatchDog.cancel(): canceling Mon May 20 04:25:35 UTC 2019
------------------ testing $PTII/ptolemy/domains/de/test/auto/DepthTest4.xml
auto.tcl: Setting watchdog for 200 seconds at Mon May 20 04:25:35 UTC 2019
14 ms. Memory: 208384K Free: 195736K (94%)
ptolemy.util.test.WatchDog.cancel(): canceling Mon May 20 04:25:35 UTC 2019
auto.tcl: Setting watchdog for 200 seconds at Mon May 20 04:25:35 UTC 2019
3 ms. Memory: 208384K Free: 195736K (94%)
ptolemy.util.test.WatchDog.cancel(): canceling Mon May 20 04:25:35 UTC 2019
------------------ testing $PTII/ptolemy/domains/de/test/auto/DepthTest5.xml
auto.tcl: Setting watchdog for 200 seconds at Mon May 20 04:25:36 UTC 2019
3 ms. Memory: 208384K Free: 196226K (94%)
ptolemy.util.test.WatchDog.cancel(): canceling Mon May 20 04:25:36 UTC 2019
auto.tcl: Setting watchdog for 200 seconds at Mon May 20 04:25:36 UTC 2019
2 ms. Memory: 208384K Free: 196226K (94%)
ptolemy.util.test.WatchDog.cancel(): canceling Mon May 20 04:25:36 UTC 2019
------------------ testing $PTII/ptolemy/domains/de/test/auto/DepthTest6.xml
auto.tcl: Setting watchdog for 200 seconds at Mon May 20 04:25:36 UTC 2019
7 ms. Memory: 208384K Free: 196211K (94%)
ptolemy.util.test.WatchDog.cancel(): canceling Mon May 20 04:25:36 UTC 2019
auto.tcl: Setting watchdog for 200 seconds at Mon May 20 04:25:36 UTC 2019
2 ms. Memory: 208384K Free: 196211K (94%)
ptolemy.util.test.WatchDog.cancel(): canceling Mon May 20 04:25:36 UTC 2019
------------------ testing $PTII/ptolemy/domains/de/test/auto/DepthTest7.xml
auto.tcl: Setting watchdog for 200 seconds at Mon May 20 04:25:36 UTC 2019
2 ms. Memory: 208384K Free: 194428K (93%)
ptolemy.util.test.WatchDog.cancel(): canceling Mon May 20 04:25:36 UTC 2019
auto.tcl: Setting watchdog for 200 seconds at Mon May 20 04:25:36 UTC 2019
2 ms. Memory: 208384K Free: 194428K (93%)
ptolemy.util.test.WatchDog.cancel(): canceling Mon May 20 04:25:36 UTC 2019
------------------ testing $PTII/ptolemy/domains/de/test/auto/EventToDate.xml
auto.tcl: Setting watchdog for 200 seconds at Mon May 20 04:25:36 UTC 2019
3007 ms. Memory: 208384K Free: 187520K (90%)
ptolemy.util.test.WatchDog.cancel(): canceling Mon May 20 04:25:39 UTC 2019
auto.tcl: Setting watchdog for 200 seconds at Mon May 20 04:25:39 UTC 2019
3005 ms. Memory: 208384K Free: 185487K (89%)
ptolemy.util.test.WatchDog.cancel(): canceling Mon May 20 04:25:42 UTC 2019
------------------ testing $PTII/ptolemy/domains/de/test/auto/FSM1.xml
auto.tcl: Setting watchdog for 200 seconds at Mon May 20 04:25:42 UTC 2019
28 ms. Memory: 208384K Free: 188809K (91%)
ptolemy.util.test.WatchDog.cancel(): canceling Mon May 20 04:25:42 UTC 2019
auto.tcl: Setting watchdog for 200 seconds at Mon May 20 04:25:42 UTC 2019
15 ms. Memory: 208384K Free: 184718K (89%)
ptolemy.util.test.WatchDog.cancel(): canceling Mon May 20 04:25:42 UTC 2019
------------------ testing $PTII/ptolemy/domains/de/test/auto/FSM7.xml
auto.tcl: Setting watchdog for 200 seconds at Mon May 20 04:25:42 UTC 2019
31 ms. Memory: 208384K Free: 189053K (91%)
ptolemy.util.test.WatchDog.cancel(): canceling Mon May 20 04:25:42 UTC 2019
auto.tcl: Setting watchdog for 200 seconds at Mon May 20 04:25:42 UTC 2019
23 ms. Memory: 208384K Free: 184977K (89%)
ptolemy.util.test.WatchDog.cancel(): canceling Mon May 20 04:25:42 UTC 2019
------------------ testing $PTII/ptolemy/domains/de/test/auto/Inspection.xml
auto.tcl: Setting watchdog for 200 seconds at Mon May 20 04:25:42 UTC 2019
26 ms. Memory: 208384K Free: 188234K (90%)
ptolemy.util.test.WatchDog.cancel(): canceling Mon May 20 04:25:42 UTC 2019
auto.tcl: Setting watchdog for 200 seconds at Mon May 20 04:25:42 UTC 2019
25 ms. Memory: 208384K Free: 186188K (89%)
ptolemy.util.test.WatchDog.cancel(): canceling Mon May 20 04:25:42 UTC 2019
------------------ testing $PTII/ptolemy/domains/de/test/auto/Iteration.xml
auto.tcl: Setting watchdog for 200 seconds at Mon May 20 04:25:42 UTC 2019
8 ms. Memory: 208384K Free: 195989K (94%)
ptolemy.util.test.WatchDog.cancel(): canceling Mon May 20 04:25:42 UTC 2019
auto.tcl: Setting watchdog for 200 seconds at Mon May 20 04:25:42 UTC 2019
6 ms. Memory: 208384K Free: 193440K (93%)
ptolemy.util.test.WatchDog.cancel(): canceling Mon May 20 04:25:42 UTC 2019
------------------ testing $PTII/ptolemy/domains/de/test/auto/LineFault.xml
auto.tcl: Setting watchdog for 200 seconds at Mon May 20 04:25:42 UTC 2019
767 ms. Memory: 208384K Free: 199217K (96%)
ptolemy.util.test.WatchDog.cancel(): canceling Mon May 20 04:25:43 UTC 2019
auto.tcl: Setting watchdog for 200 seconds at Mon May 20 04:25:43 UTC 2019
593 ms. Memory: 208384K Free: 142031K (68%)
ptolemy.util.test.WatchDog.cancel(): canceling Mon May 20 04:25:44 UTC 2019
------------------ testing $PTII/ptolemy/domains/de/test/auto/MergeModel1Add.xml
auto.tcl: Setting watchdog for 200 seconds at Mon May 20 04:25:44 UTC 2019
30 ms. Memory: 331264K Free: 300194K (91%)
ptolemy.util.test.WatchDog.cancel(): canceling Mon May 20 04:25:44 UTC 2019
auto.tcl: Setting watchdog for 200 seconds at Mon May 20 04:25:44 UTC 2019
14 ms. Memory: 331264K Free: 300194K (91%)
ptolemy.util.test.WatchDog.cancel(): canceling Mon May 20 04:25:44 UTC 2019
------------------ testing $PTII/ptolemy/domains/de/test/auto/MergeModel2Add.xml
auto.tcl: Setting watchdog for 200 seconds at Mon May 20 04:25:44 UTC 2019
8 ms. Memory: 331264K Free: 305116K (92%)
ptolemy.util.test.WatchDog.cancel(): canceling Mon May 20 04:25:44 UTC 2019
auto.tcl: Setting watchdog for 200 seconds at Mon May 20 04:25:44 UTC 2019
7 ms. Memory: 331264K Free: 301549K (91%)
ptolemy.util.test.WatchDog.cancel(): canceling Mon May 20 04:25:44 UTC 2019
------------------ testing $PTII/ptolemy/domains/de/test/auto/MergeModel3Add.xml
auto.tcl: Setting watchdog for 200 seconds at Mon May 20 04:25:45 UTC 2019
10 ms. Memory: 331264K Free: 305109K (92%)
ptolemy.util.test.WatchDog.cancel(): canceling Mon May 20 04:25:45 UTC 2019
auto.tcl: Setting watchdog for 200 seconds at Mon May 20 04:25:45 UTC 2019
8 ms. Memory: 331264K Free: 301543K (91%)
ptolemy.util.test.WatchDog.cancel(): canceling Mon May 20 04:25:45 UTC 2019
------------------ testing $PTII/ptolemy/domains/de/test/auto/MergeWithoutDiscard.xml
auto.tcl: Setting watchdog for 200 seconds at Mon May 20 04:25:45 UTC 2019
3 ms. Memory: 331264K Free: 316464K (96%)
ptolemy.util.test.WatchDog.cancel(): canceling Mon May 20 04:25:45 UTC 2019
auto.tcl: Setting watchdog for 200 seconds at Mon May 20 04:25:45 UTC 2019
2 ms. Memory: 331264K Free: 316464K (96%)
ptolemy.util.test.WatchDog.cancel(): canceling Mon May 20 04:25:45 UTC 2019
------------------ testing $PTII/ptolemy/domains/de/test/auto/Modal1.xml
auto.tcl: Setting watchdog for 200 seconds at Mon May 20 04:25:45 UTC 2019
13 ms. Memory: 331264K Free: 310063K (94%)
ptolemy.util.test.WatchDog.cancel(): canceling Mon May 20 04:25:45 UTC 2019
auto.tcl: Setting watchdog for 200 seconds at Mon May 20 04:25:45 UTC 2019
19 ms. Memory: 331264K Free: 306497K (93%)
ptolemy.util.test.WatchDog.cancel(): canceling Mon May 20 04:25:45 UTC 2019
------------------ testing $PTII/ptolemy/domains/de/test/auto/Modal2.xml
auto.tcl: Setting watchdog for 200 seconds at Mon May 20 04:25:45 UTC 2019
14 ms. Memory: 331264K Free: 309937K (94%)
ptolemy.util.test.WatchDog.cancel(): canceling Mon May 20 04:25:45 UTC 2019
auto.tcl: Setting watchdog for 200 seconds at Mon May 20 04:25:45 UTC 2019
12 ms. Memory: 331264K Free: 306371K (92%)
ptolemy.util.test.WatchDog.cancel(): canceling Mon May 20 04:25:45 UTC 2019
------------------ testing $PTII/ptolemy/domains/de/test/auto/Modal3.xml
auto.tcl: Setting watchdog for 200 seconds at Mon May 20 04:25:45 UTC 2019
17 ms. Memory: 331264K Free: 310627K (94%)
ptolemy.util.test.WatchDog.cancel(): canceling Mon May 20 04:25:45 UTC 2019
auto.tcl: Setting watchdog for 200 seconds at Mon May 20 04:25:45 UTC 2019
18 ms. Memory: 331264K Free: 306401K (92%)
ptolemy.util.test.WatchDog.cancel(): canceling Mon May 20 04:25:45 UTC 2019
------------------ testing $PTII/ptolemy/domains/de/test/auto/Modal4.xml
auto.tcl: Setting watchdog for 200 seconds at Mon May 20 04:25:45 UTC 2019
24 ms. Memory: 331264K Free: 309958K (94%)
ptolemy.util.test.WatchDog.cancel(): canceling Mon May 20 04:25:45 UTC 2019
auto.tcl: Setting watchdog for 200 seconds at Mon May 20 04:25:45 UTC 2019
28 ms. Memory: 331264K Free: 306392K (92%)
ptolemy.util.test.WatchDog.cancel(): canceling Mon May 20 04:25:45 UTC 2019
------------------ testing $PTII/ptolemy/domains/de/test/auto/Modal5.xml
auto.tcl: Setting watchdog for 200 seconds at Mon May 20 04:25:45 UTC 2019
19 ms. Memory: 331264K Free: 309952K (94%)
ptolemy.util.test.WatchDog.cancel(): canceling Mon May 20 04:25:45 UTC 2019
auto.tcl: Setting watchdog for 200 seconds at Mon May 20 04:25:45 UTC 2019
14 ms. Memory: 331264K Free: 306386K (92%)
ptolemy.util.test.WatchDog.cancel(): canceling Mon May 20 04:25:45 UTC 2019
------------------ testing $PTII/ptolemy/domains/de/test/auto/Modal6.xml
auto.tcl: Setting watchdog for 200 seconds at Mon May 20 04:25:45 UTC 2019
14 ms. Memory: 331264K Free: 309948K (94%)
ptolemy.util.test.WatchDog.cancel(): canceling Mon May 20 04:25:45 UTC 2019
auto.tcl: Setting watchdog for 200 seconds at Mon May 20 04:25:45 UTC 2019
18 ms. Memory: 331264K Free: 306398K (92%)
ptolemy.util.test.WatchDog.cancel(): canceling Mon May 20 04:25:45 UTC 2019
------------------ testing $PTII/ptolemy/domains/de/test/auto/Modal7.xml
auto.tcl: Setting watchdog for 200 seconds at Mon May 20 04:25:45 UTC 2019
29 ms. Memory: 331264K Free: 306375K (92%)
ptolemy.util.test.WatchDog.cancel(): canceling Mon May 20 04:25:46 UTC 2019
auto.tcl: Setting watchdog for 200 seconds at Mon May 20 04:25:46 UTC 2019
17 ms. Memory: 331264K Free: 302825K (91%)
ptolemy.util.test.WatchDog.cancel(): canceling Mon May 20 04:25:46 UTC 2019
------------------ testing $PTII/ptolemy/domains/de/test/auto/ModalModel.xml
auto.tcl: Setting watchdog for 200 seconds at Mon May 20 04:25:46 UTC 2019
212 ms. Memory: 331264K Free: 247345K (75%)
ptolemy.util.test.WatchDog.cancel(): canceling Mon May 20 04:25:46 UTC 2019
auto.tcl: Setting watchdog for 200 seconds at Mon May 20 04:25:46 UTC 2019
197 ms. Memory: 331264K Free: 190384K (57%)
ptolemy.util.test.WatchDog.cancel(): canceling Mon May 20 04:25:46 UTC 2019
------------------ testing $PTII/ptolemy/domains/de/test/auto/ModalSource.xml
auto.tcl: Setting watchdog for 200 seconds at Mon May 20 04:25:46 UTC 2019
7 ms. Memory: 331264K Free: 316205K (95%)
ptolemy.util.test.WatchDog.cancel(): canceling Mon May 20 04:25:46 UTC 2019
auto.tcl: Setting watchdog for 200 seconds at Mon May 20 04:25:46 UTC 2019
6 ms. Memory: 331264K Free: 312951K (94%)
ptolemy.util.test.WatchDog.cancel(): canceling Mon May 20 04:25:46 UTC 2019
------------------ testing $PTII/ptolemy/domains/de/test/auto/NonInterruptibleTimerZeroDelay.xml
auto.tcl: Setting watchdog for 200 seconds at Mon May 20 04:25:46 UTC 2019
4 ms. Memory: 331264K Free: 320565K (97%)
ptolemy.util.test.WatchDog.cancel(): canceling Mon May 20 04:25:46 UTC 2019
auto.tcl: Setting watchdog for 200 seconds at Mon May 20 04:25:46 UTC 2019
2 ms. Memory: 331264K Free: 317296K (96%)
ptolemy.util.test.WatchDog.cancel(): canceling Mon May 20 04:25:46 UTC 2019
------------------ testing $PTII/ptolemy/domains/de/test/auto/OpenQueueingNetwork.xml
auto.tcl: Setting watchdog for 200 seconds at Mon May 20 04:25:46 UTC 2019
2547 ms. Memory: 307712K Free: 142270K (46%)
ptolemy.util.test.WatchDog.cancel(): canceling Mon May 20 04:25:49 UTC 2019
auto.tcl: Setting watchdog for 200 seconds at Mon May 20 04:25:49 UTC 2019
2212 ms. Memory: 278528K Free: 191390K (69%)
ptolemy.util.test.WatchDog.cancel(): canceling Mon May 20 04:25:51 UTC 2019
------------------ testing $PTII/ptolemy/domains/de/test/auto/OpenQueuingNetwork.xml
auto.tcl: Setting watchdog for 200 seconds at Mon May 20 04:25:51 UTC 2019
233 ms. Memory: 278528K Free: 178729K (64%)
ptolemy.util.test.WatchDog.cancel(): canceling Mon May 20 04:25:52 UTC 2019
auto.tcl: Setting watchdog for 200 seconds at Mon May 20 04:25:52 UTC 2019
214 ms. Memory: 278528K Free: 119241K (43%)
ptolemy.util.test.WatchDog.cancel(): canceling Mon May 20 04:25:52 UTC 2019
------------------ testing $PTII/ptolemy/domains/de/test/auto/PeriodicSampler.xml
auto.tcl: Setting watchdog for 200 seconds at Mon May 20 04:25:52 UTC 2019
3 ms. Memory: 281088K Free: 265964K (95%)
ptolemy.util.test.WatchDog.cancel(): canceling Mon May 20 04:25:52 UTC 2019
auto.tcl: Setting watchdog for 200 seconds at Mon May 20 04:25:52 UTC 2019
2 ms. Memory: 281088K Free: 265964K (95%)
ptolemy.util.test.WatchDog.cancel(): canceling Mon May 20 04:25:52 UTC 2019
------------------ testing $PTII/ptolemy/domains/de/test/auto/PersistentIO.xml
auto.tcl: Setting watchdog for 200 seconds at Mon May 20 04:25:52 UTC 2019
11 ms. Memory: 278528K Free: 260681K (94%)
ptolemy.util.test.WatchDog.cancel(): canceling Mon May 20 04:25:52 UTC 2019
auto.tcl: Setting watchdog for 200 seconds at Mon May 20 04:25:52 UTC 2019
4 ms. Memory: 278528K Free: 260681K (94%)
ptolemy.util.test.WatchDog.cancel(): canceling Mon May 20 04:25:52 UTC 2019
------------------ testing $PTII/ptolemy/domains/de/test/auto/PortParameterResetOnInitialize.xml
auto.tcl: Setting watchdog for 200 seconds at Mon May 20 04:25:52 UTC 2019
3 ms. Memory: 280576K Free: 266046K (95%)
ptolemy.util.test.WatchDog.cancel(): canceling Mon May 20 04:25:52 UTC 2019
auto.tcl: Setting watchdog for 200 seconds at Mon May 20 04:25:52 UTC 2019
2 ms. Memory: 280576K Free: 266046K (95%)
ptolemy.util.test.WatchDog.cancel(): canceling Mon May 20 04:25:52 UTC 2019
------------------ testing $PTII/ptolemy/domains/de/test/auto/PortParameterUpdates.xml
auto.tcl: Setting watchdog for 200 seconds at Mon May 20 04:25:52 UTC 2019
5 ms. Memory: 278528K Free: 266103K (96%)
ptolemy.util.test.WatchDog.cancel(): canceling Mon May 20 04:25:52 UTC 2019
auto.tcl: Setting watchdog for 200 seconds at Mon May 20 04:25:52 UTC 2019
3 ms. Memory: 278528K Free: 263373K (95%)
ptolemy.util.test.WatchDog.cancel(): canceling Mon May 20 04:25:52 UTC 2019
------------------ testing $PTII/ptolemy/domains/de/test/auto/QueueAndServer.xml
auto.tcl: Setting watchdog for 200 seconds at Mon May 20 04:25:52 UTC 2019
22 ms. Memory: 280576K Free: 265236K (95%)
ptolemy.util.test.WatchDog.cancel(): canceling Mon May 20 04:25:52 UTC 2019
auto.tcl: Setting watchdog for 200 seconds at Mon May 20 04:25:52 UTC 2019
6 ms. Memory: 280576K Free: 265236K (95%)
ptolemy.util.test.WatchDog.cancel(): canceling Mon May 20 04:25:52 UTC 2019
------------------ testing $PTII/ptolemy/domains/de/test/auto/Records.xml
auto.tcl: Setting watchdog for 200 seconds at Mon May 20 04:25:52 UTC 2019
5 ms. Memory: 278528K Free: 265859K (95%)
ptolemy.util.test.WatchDog.cancel(): canceling Mon May 20 04:25:52 UTC 2019
auto.tcl: Setting watchdog for 200 seconds at Mon May 20 04:25:52 UTC 2019
2 ms. Memory: 278528K Free: 265859K (95%)
ptolemy.util.test.WatchDog.cancel(): canceling Mon May 20 04:25:52 UTC 2019
------------------ testing $PTII/ptolemy/domains/de/test/auto/ResetTransitionWithStartTime1.xml
auto.tcl: Setting watchdog for 200 seconds at Mon May 20 04:25:52 UTC 2019
15 ms. Memory: 280064K Free: 262867K (94%)
ptolemy.util.test.WatchDog.cancel(): canceling Mon May 20 04:25:52 UTC 2019
auto.tcl: Setting watchdog for 200 seconds at Mon May 20 04:25:52 UTC 2019
8 ms. Memory: 280064K Free: 259989K (93%)
ptolemy.util.test.WatchDog.cancel(): canceling Mon May 20 04:25:52 UTC 2019
------------------ testing $PTII/ptolemy/domains/de/test/auto/ResetTransitionWithStartTime2.xml
auto.tcl: Setting watchdog for 200 seconds at Mon May 20 04:25:52 UTC 2019
8 ms. Memory: 278528K Free: 261323K (94%)
ptolemy.util.test.WatchDog.cancel(): canceling Mon May 20 04:25:52 UTC 2019
auto.tcl: Setting watchdog for 200 seconds at Mon May 20 04:25:52 UTC 2019
5 ms. Memory: 278528K Free: 258609K (93%)
ptolemy.util.test.WatchDog.cancel(): canceling Mon May 20 04:25:52 UTC 2019
------------------ testing $PTII/ptolemy/domains/de/test/auto/ResetTransitionWithStartTime3.xml
auto.tcl: Setting watchdog for 200 seconds at Mon May 20 04:25:53 UTC 2019
8 ms. Memory: 280064K Free: 262554K (94%)
ptolemy.util.test.WatchDog.cancel(): canceling Mon May 20 04:25:53 UTC 2019
auto.tcl: Setting watchdog for 200 seconds at Mon May 20 04:25:53 UTC 2019
7 ms. Memory: 280064K Free: 259840K (93%)
ptolemy.util.test.WatchDog.cancel(): canceling Mon May 20 04:25:53 UTC 2019
------------------ testing $PTII/ptolemy/domains/de/test/auto/ResetTransitionWithStartTime4.xml
auto.tcl: Setting watchdog for 200 seconds at Mon May 20 04:25:53 UTC 2019
4 ms. Memory: 278528K Free: 263004K (94%)
ptolemy.util.test.WatchDog.cancel(): canceling Mon May 20 04:25:53 UTC 2019
auto.tcl: Setting watchdog for 200 seconds at Mon May 20 04:25:53 UTC 2019
4 ms. Memory: 278528K Free: 263004K (94%)
ptolemy.util.test.WatchDog.cancel(): canceling Mon May 20 04:25:53 UTC 2019
------------------ testing $PTII/ptolemy/domains/de/test/auto/ResettableTimer1.xml
auto.tcl: Setting watchdog for 200 seconds at Mon May 20 04:25:53 UTC 2019
3 ms. Memory: 280064K Free: 267265K (95%)
ptolemy.util.test.WatchDog.cancel(): canceling Mon May 20 04:25:53 UTC 2019
auto.tcl: Setting watchdog for 200 seconds at Mon May 20 04:25:53 UTC 2019
2 ms. Memory: 280064K Free: 267265K (95%)
ptolemy.util.test.WatchDog.cancel(): canceling Mon May 20 04:25:53 UTC 2019
------------------ testing $PTII/ptolemy/domains/de/test/auto/ResettableTimer2.xml
auto.tcl: Setting watchdog for 200 seconds at Mon May 20 04:25:53 UTC 2019
2 ms. Memory: 278528K Free: 265952K (95%)
ptolemy.util.test.WatchDog.cancel(): canceling Mon May 20 04:25:53 UTC 2019
auto.tcl: Setting watchdog for 200 seconds at Mon May 20 04:25:53 UTC 2019
2 ms. Memory: 278528K Free: 265952K (95%)
ptolemy.util.test.WatchDog.cancel(): canceling Mon May 20 04:25:53 UTC 2019
------------------ testing $PTII/ptolemy/domains/de/test/auto/ResettableTimer3.xml
auto.tcl: Setting watchdog for 200 seconds at Mon May 20 04:25:53 UTC 2019
1 ms. Memory: 279552K Free: 266825K (95%)
ptolemy.util.test.WatchDog.cancel(): canceling Mon May 20 04:25:53 UTC 2019
auto.tcl: Setting watchdog for 200 seconds at Mon May 20 04:25:53 UTC 2019
1 ms. Memory: 279552K Free: 266825K (95%)
ptolemy.util.test.WatchDog.cancel(): canceling Mon May 20 04:25:53 UTC 2019
------------------ testing $PTII/ptolemy/domains/de/test/auto/ResettableTimer4.xml
auto.tcl: Setting watchdog for 200 seconds at Mon May 20 04:25:53 UTC 2019
3 ms. Memory: 278528K Free: 265946K (95%)
ptolemy.util.test.WatchDog.cancel(): canceling Mon May 20 04:25:53 UTC 2019
auto.tcl: Setting watchdog for 200 seconds at Mon May 20 04:25:53 UTC 2019
2 ms. Memory: 278528K Free: 265946K (95%)
ptolemy.util.test.WatchDog.cancel(): canceling Mon May 20 04:25:53 UTC 2019
------------------ testing $PTII/ptolemy/domains/de/test/auto/ResettableTimer5.xml
auto.tcl: Setting watchdog for 200 seconds at Mon May 20 04:25:53 UTC 2019
5 ms. Memory: 279552K Free: 266820K (95%)
ptolemy.util.test.WatchDog.cancel(): canceling Mon May 20 04:25:53 UTC 2019
auto.tcl: Setting watchdog for 200 seconds at Mon May 20 04:25:53 UTC 2019
2 ms. Memory: 279552K Free: 266820K (95%)
ptolemy.util.test.WatchDog.cancel(): canceling Mon May 20 04:25:53 UTC 2019
------------------ testing $PTII/ptolemy/domains/de/test/auto/ResettableTimer6.xml
auto.tcl: Setting watchdog for 200 seconds at Mon May 20 04:25:53 UTC 2019
2 ms. Memory: 278528K Free: 265745K (95%)
ptolemy.util.test.WatchDog.cancel(): canceling Mon May 20 04:25:53 UTC 2019
auto.tcl: Setting watchdog for 200 seconds at Mon May 20 04:25:53 UTC 2019
2 ms. Memory: 278528K Free: 265745K (95%)
ptolemy.util.test.WatchDog.cancel(): canceling Mon May 20 04:25:53 UTC 2019
------------------ testing $PTII/ptolemy/domains/de/test/auto/ServerZeroDelay.xml
auto.tcl: Setting watchdog for 200 seconds at Mon May 20 04:25:53 UTC 2019
4 ms. Memory: 279552K Free: 266909K (95%)
ptolemy.util.test.WatchDog.cancel(): canceling Mon May 20 04:25:53 UTC 2019
auto.tcl: Setting watchdog for 200 seconds at Mon May 20 04:25:53 UTC 2019
2 ms. Memory: 279552K Free: 266909K (95%)
ptolemy.util.test.WatchDog.cancel(): canceling Mon May 20 04:25:53 UTC 2019
------------------ testing $PTII/ptolemy/domains/de/test/auto/SmartSender.xml
auto.tcl: Setting watchdog for 200 seconds at Mon May 20 04:25:53 UTC 2019
3001 ms. Memory: 278528K Free: 261937K (94%)
ptolemy.util.test.WatchDog.cancel(): canceling Mon May 20 04:25:56 UTC 2019
auto.tcl: Setting watchdog for 200 seconds at Mon May 20 04:25:56 UTC 2019
3003 ms. Memory: 278528K Free: 261937K (94%)
ptolemy.util.test.WatchDog.cancel(): canceling Mon May 20 04:25:59 UTC 2019
------------------ testing $PTII/ptolemy/domains/de/test/auto/ThreadedComposite.xml
auto.tcl: Setting watchdog for 200 seconds at Mon May 20 04:25:59 UTC 2019
180 ms. Memory: 279552K Free: 246784K (88%)
ptolemy.util.test.WatchDog.cancel(): canceling Mon May 20 04:25:59 UTC 2019
auto.tcl: Setting watchdog for 200 seconds at Mon May 20 04:25:59 UTC 2019
140 ms. Memory: 279552K Free: 231500K (83%)
ptolemy.util.test.WatchDog.cancel(): canceling Mon May 20 04:26:00 UTC 2019
------------------ testing $PTII/ptolemy/domains/de/test/auto/Time.xml
auto.tcl: Setting watchdog for 200 seconds at Mon May 20 04:26:00 UTC 2019
506 ms. Memory: 278528K Free: 214203K (77%)
ptolemy.util.test.WatchDog.cancel(): canceling Mon May 20 04:26:00 UTC 2019
auto.tcl: Setting watchdog for 200 seconds at Mon May 20 04:26:00 UTC 2019
498 ms. Memory: 278528K Free: 159932K (57%)
ptolemy.util.test.WatchDog.cancel(): canceling Mon May 20 04:26:01 UTC 2019
------------------ testing $PTII/ptolemy/domains/de/test/auto/TimeDelayZeroDelay.xml
auto.tcl: Setting watchdog for 200 seconds at Mon May 20 04:26:01 UTC 2019
2 ms. Memory: 279040K Free: 266726K (96%)
ptolemy.util.test.WatchDog.cancel(): canceling Mon May 20 04:26:01 UTC 2019
auto.tcl: Setting watchdog for 200 seconds at Mon May 20 04:26:01 UTC 2019
2 ms. Memory: 279040K Free: 266726K (96%)
ptolemy.util.test.WatchDog.cancel(): canceling Mon May 20 04:26:01 UTC 2019
------------------ testing $PTII/ptolemy/domains/de/test/auto/TimerZeroDelay.xml
auto.tcl: Setting watchdog for 200 seconds at Mon May 20 04:26:01 UTC 2019
2 ms. Memory: 278528K Free: 266354K (96%)
ptolemy.util.test.WatchDog.cancel(): canceling Mon May 20 04:26:01 UTC 2019
auto.tcl: Setting watchdog for 200 seconds at Mon May 20 04:26:01 UTC 2019
3 ms. Memory: 278528K Free: 266354K (96%)
ptolemy.util.test.WatchDog.cancel(): canceling Mon May 20 04:26:01 UTC 2019
------------------ testing $PTII/ptolemy/domains/de/test/auto/TimingParadox.xml
auto.tcl: Setting watchdog for 200 seconds at Mon May 20 04:26:01 UTC 2019
389 ms. Memory: 279040K Free: 201696K (72%)
ptolemy.util.test.WatchDog.cancel(): canceling Mon May 20 04:26:01 UTC 2019
auto.tcl: Setting watchdog for 200 seconds at Mon May 20 04:26:01 UTC 2019
375 ms. Memory: 279040K Free: 164791K (59%)
ptolemy.util.test.WatchDog.cancel(): canceling Mon May 20 04:26:02 UTC 2019
------------------ testing $PTII/ptolemy/domains/de/test/auto/TransferInputs.xml
auto.tcl: Setting watchdog for 200 seconds at Mon May 20 04:26:02 UTC 2019
2 ms. Memory: 279040K Free: 265813K (95%)
ptolemy.util.test.WatchDog.cancel(): canceling Mon May 20 04:26:02 UTC 2019
auto.tcl: Setting watchdog for 200 seconds at Mon May 20 04:26:02 UTC 2019
1 ms. Memory: 279040K Free: 265813K (95%)
ptolemy.util.test.WatchDog.cancel(): canceling Mon May 20 04:26:02 UTC 2019
------------------ testing $PTII/ptolemy/domains/de/test/auto/TransferOutputs2.xml
auto.tcl: Setting watchdog for 200 seconds at Mon May 20 04:26:02 UTC 2019
3 ms. Memory: 278528K Free: 263939K (95%)
ptolemy.util.test.WatchDog.cancel(): canceling Mon May 20 04:26:02 UTC 2019
auto.tcl: Setting watchdog for 200 seconds at Mon May 20 04:26:02 UTC 2019
3 ms. Memory: 278528K Free: 261468K (94%)
ptolemy.util.test.WatchDog.cancel(): canceling Mon May 20 04:26:02 UTC 2019
------------------ testing $PTII/ptolemy/domains/de/test/auto/Trilateration.xml
auto.tcl: Setting watchdog for 200 seconds at Mon May 20 04:26:02 UTC 2019
13707 ms. Memory: 542720K Free: 152412K (28%)
ptolemy.util.test.WatchDog.cancel(): canceling Mon May 20 04:26:17 UTC 2019
auto.tcl: Setting watchdog for 200 seconds at Mon May 20 04:26:17 UTC 2019
10445 ms. Memory: 411136K Free: 233385K (57%)
ptolemy.util.test.WatchDog.cancel(): canceling Mon May 20 04:26:27 UTC 2019
------------------ testing $PTII/ptolemy/domains/de/test/auto/TwoSigmaDelta.xml
auto.tcl: Setting watchdog for 200 seconds at Mon May 20 04:26:27 UTC 2019
2976 ms. Memory: 414208K Free: 101090K (24%)
ptolemy.util.test.WatchDog.cancel(): canceling Mon May 20 04:26:30 UTC 2019
auto.tcl: Setting watchdog for 200 seconds at Mon May 20 04:26:30 UTC 2019
2116 ms. Memory: 396800K Free: 187774K (47%)
ptolemy.util.test.WatchDog.cancel(): canceling Mon May 20 04:26:33 UTC 2019
------------------ testing $PTII/ptolemy/domains/de/test/auto/VariableDelay.xml
auto.tcl: Setting watchdog for 200 seconds at Mon May 20 04:26:33 UTC 2019
2 ms. Memory: 396288K Free: 379267K (96%)
ptolemy.util.test.WatchDog.cancel(): canceling Mon May 20 04:26:33 UTC 2019
auto.tcl: Setting watchdog for 200 seconds at Mon May 20 04:26:33 UTC 2019
2 ms. Memory: 396288K Free: 379267K (96%)
ptolemy.util.test.WatchDog.cancel(): canceling Mon May 20 04:26:33 UTC 2019
------------------ testing $PTII/ptolemy/domains/de/test/auto/VariableDelay2.xml
auto.tcl: Setting watchdog for 200 seconds at Mon May 20 04:26:33 UTC 2019
1 ms. Memory: 396288K Free: 382828K (97%)
ptolemy.util.test.WatchDog.cancel(): canceling Mon May 20 04:26:33 UTC 2019
auto.tcl: Setting watchdog for 200 seconds at Mon May 20 04:26:33 UTC 2019
2 ms. Memory: 396288K Free: 382828K (97%)
ptolemy.util.test.WatchDog.cancel(): canceling Mon May 20 04:26:33 UTC 2019
------------------ testing $PTII/ptolemy/domains/de/test/auto/VariableDelayZeroDelay.xml
auto.tcl: Setting watchdog for 200 seconds at Mon May 20 04:26:33 UTC 2019
2 ms. Memory: 398336K Free: 381726K (96%)
ptolemy.util.test.WatchDog.cancel(): canceling Mon May 20 04:26:33 UTC 2019
auto.tcl: Setting watchdog for 200 seconds at Mon May 20 04:26:33 UTC 2019
2 ms. Memory: 398336K Free: 381726K (96%)
ptolemy.util.test.WatchDog.cancel(): canceling Mon May 20 04:26:33 UTC 2019
------------------ testing $PTII/ptolemy/domains/de/test/auto/VariableDelayZeroDelay2.xml
auto.tcl: Setting watchdog for 200 seconds at Mon May 20 04:26:33 UTC 2019
2 ms. Memory: 396288K Free: 379677K (96%)
ptolemy.util.test.WatchDog.cancel(): canceling Mon May 20 04:26:33 UTC 2019
auto.tcl: Setting watchdog for 200 seconds at Mon May 20 04:26:33 UTC 2019
3 ms. Memory: 396288K Free: 379677K (96%)
ptolemy.util.test.WatchDog.cancel(): canceling Mon May 20 04:26:33 UTC 2019
------------------ testing $PTII/ptolemy/domains/de/test/auto/deInCt.xml
auto.tcl: Setting watchdog for 200 seconds at Mon May 20 04:26:33 UTC 2019
0
1
1
1
1
1
0
0
0
1
1
1
1
1
1
0
0
1
1
1
0
0
0
0
0
1
1
1
0
0
0
1
1
1
1
7 ms. Memory: 398336K Free: 381721K (96%)
ptolemy.util.test.WatchDog.cancel(): canceling Mon May 20 04:26:33 UTC 2019
auto.tcl: Setting watchdog for 200 seconds at Mon May 20 04:26:33 UTC 2019
0
1
1
1
1
0
0
0
0
0
1
1
1
1
0
0
1
1
1
1
0
0
0
1
1
1
0
0
0
1
1
1
0
0
0
1
1
1
1
1
19 ms. Memory: 398336K Free: 376744K (95%)
ptolemy.util.test.WatchDog.cancel(): canceling Mon May 20 04:26:33 UTC 2019
------------------ testing $PTII/ptolemy/domains/de/test/auto/deInCt2.xml
auto.tcl: Setting watchdog for 200 seconds at Mon May 20 04:26:33 UTC 2019
0
1
1
1
0
0
1
1
1
0
0
1
1
1
0
0
1
1
1
0
0
1
1
1
0
0
1
1
1
0
0
1
1
1
0
0
1
1
1
0
0
0
9 ms. Memory: 396288K Free: 379665K (96%)
ptolemy.util.test.WatchDog.cancel(): canceling Mon May 20 04:26:33 UTC 2019
auto.tcl: Setting watchdog for 200 seconds at Mon May 20 04:26:33 UTC 2019
0
1
1
1
0
0
1
1
1
0
0
1
1
1
0
0
1
1
1
0
0
1
1
1
0
0
1
1
1
0
0
1
1
1
0
0
1
1
1
0
0
0
6 ms. Memory: 396288K Free: 374671K (95%)
ptolemy.util.test.WatchDog.cancel(): canceling Mon May 20 04:26:33 UTC 2019
------------------ testing $PTII/ptolemy/domains/de/test/auto/dynamicCausalityInterface1.xml
auto.tcl: Setting watchdog for 200 seconds at Mon May 20 04:26:33 UTC 2019
1 ms. Memory: 397824K Free: 376210K (95%)
ptolemy.util.test.WatchDog.cancel(): canceling Mon May 20 04:26:33 UTC 2019
auto.tcl: Setting watchdog for 200 seconds at Mon May 20 04:26:33 UTC 2019
1 ms. Memory: 397824K Free: 376210K (95%)
ptolemy.util.test.WatchDog.cancel(): canceling Mon May 20 04:26:33 UTC 2019
------------------ testing $PTII/ptolemy/domains/de/test/auto/fsm_de_test.xml
auto.tcl: Setting watchdog for 200 seconds at Mon May 20 04:26:33 UTC 2019
5 ms. Memory: 396288K Free: 374585K (95%)
ptolemy.util.test.WatchDog.cancel(): canceling Mon May 20 04:26:33 UTC 2019
auto.tcl: Setting watchdog for 200 seconds at Mon May 20 04:26:33 UTC 2019
4 ms. Memory: 396288K Free: 374585K (95%)
ptolemy.util.test.WatchDog.cancel(): canceling Mon May 20 04:26:33 UTC 2019
------------------ testing $PTII/ptolemy/domains/de/test/auto/functionDependencyReconstruction.xml
auto.tcl: Setting watchdog for 200 seconds at Mon May 20 04:26:33 UTC 2019
3 ms. Memory: 397824K Free: 371118K (93%)
ptolemy.util.test.WatchDog.cancel(): canceling Mon May 20 04:26:33 UTC 2019
auto.tcl: Setting watchdog for 200 seconds at Mon May 20 04:26:33 UTC 2019
3 ms. Memory: 397824K Free: 366124K (92%)
ptolemy.util.test.WatchDog.cancel(): canceling Mon May 20 04:26:33 UTC 2019
------------------ testing $PTII/ptolemy/domains/de/test/auto/multirate.xml
auto.tcl: Setting watchdog for 200 seconds at Mon May 20 04:26:33 UTC 2019
3 ms. Memory: 396288K Free: 374436K (94%)
ptolemy.util.test.WatchDog.cancel(): canceling Mon May 20 04:26:33 UTC 2019
auto.tcl: Setting watchdog for 200 seconds at Mon May 20 04:26:33 UTC 2019
3 ms. Memory: 396288K Free: 374436K (94%)
ptolemy.util.test.WatchDog.cancel(): canceling Mon May 20 04:26:33 UTC 2019
------------------ testing $PTII/ptolemy/domains/de/test/auto/multirate2.xml
auto.tcl: Setting watchdog for 200 seconds at Mon May 20 04:26:33 UTC 2019
3 ms. Memory: 397312K Free: 375648K (95%)
ptolemy.util.test.WatchDog.cancel(): canceling Mon May 20 04:26:33 UTC 2019
auto.tcl: Setting watchdog for 200 seconds at Mon May 20 04:26:33 UTC 2019
3 ms. Memory: 397312K Free: 375648K (95%)
ptolemy.util.test.WatchDog.cancel(): canceling Mon May 20 04:26:33 UTC 2019
------------------ testing $PTII/ptolemy/domains/de/test/auto/realtime.xml
auto.tcl: Setting watchdog for 200 seconds at Mon May 20 04:26:33 UTC 2019
10001 ms. Memory: 396288K Free: 379609K (96%)
ptolemy.util.test.WatchDog.cancel(): canceling Mon May 20 04:26:43 UTC 2019
auto.tcl: Setting watchdog for 200 seconds at Mon May 20 04:26:43 UTC 2019
10003 ms. Memory: 396288K Free: 379609K (96%)
ptolemy.util.test.WatchDog.cancel(): canceling Mon May 20 04:26:53 UTC 2019
------------------ testing $PTII/ptolemy/domains/de/test/auto/relationGroup.xml
auto.tcl: Setting watchdog for 200 seconds at Mon May 20 04:26:53 UTC 2019
1 ms. Memory: 397312K Free: 380666K (96%)
ptolemy.util.test.WatchDog.cancel(): canceling Mon May 20 04:26:53 UTC 2019
auto.tcl: Setting watchdog for 200 seconds at Mon May 20 04:26:53 UTC 2019
2 ms. Memory: 397312K Free: 380666K (96%)
ptolemy.util.test.WatchDog.cancel(): canceling Mon May 20 04:26:53 UTC 2019
------------------ testing $PTII/ptolemy/domains/de/test/auto/relationGroup2.xml
auto.tcl: Setting watchdog for 200 seconds at Mon May 20 04:26:54 UTC 2019
2 ms. Memory: 396288K Free: 379668K (96%)
ptolemy.util.test.WatchDog.cancel(): canceling Mon May 20 04:26:54 UTC 2019
auto.tcl: Setting watchdog for 200 seconds at Mon May 20 04:26:54 UTC 2019
2 ms. Memory: 396288K Free: 379668K (96%)
ptolemy.util.test.WatchDog.cancel(): canceling Mon May 20 04:26:54 UTC 2019
------------------ testing $PTII/ptolemy/domains/de/test/auto/sortWithOpaquePorts.xml
auto.tcl: Setting watchdog for 200 seconds at Mon May 20 04:26:54 UTC 2019
2 ms. Memory: 397312K Free: 380692K (96%)
ptolemy.util.test.WatchDog.cancel(): canceling Mon May 20 04:26:54 UTC 2019
auto.tcl: Setting watchdog for 200 seconds at Mon May 20 04:26:54 UTC 2019
2 ms. Memory: 397312K Free: 380692K (96%)
ptolemy.util.test.WatchDog.cancel(): canceling Mon May 20 04:26:54 UTC 2019
------------------ testing $PTII/ptolemy/domains/de/test/auto/transferInputsandOutputs.xml
auto.tcl: Setting watchdog for 200 seconds at Mon May 20 04:26:54 UTC 2019
4 ms. Memory: 396288K Free: 374678K (95%)
ptolemy.util.test.WatchDog.cancel(): canceling Mon May 20 04:26:54 UTC 2019
auto.tcl: Setting watchdog for 200 seconds at Mon May 20 04:26:54 UTC 2019
3 ms. Memory: 396288K Free: 374678K (95%)
ptolemy.util.test.WatchDog.cancel(): canceling Mon May 20 04:26:54 UTC 2019
------------------ testing $PTII/ptolemy/domains/de/test/auto/triggerType.xml
auto.tcl: Setting watchdog for 200 seconds at Mon May 20 04:26:54 UTC 2019
2 ms. Memory: 396800K Free: 380119K (96%)
ptolemy.util.test.WatchDog.cancel(): canceling Mon May 20 04:26:54 UTC 2019
auto.tcl: Setting watchdog for 200 seconds at Mon May 20 04:26:54 UTC 2019
2 ms. Memory: 396800K Free: 380119K (96%)
ptolemy.util.test.WatchDog.cancel(): canceling Mon May 20 04:26:54 UTC 2019
05/20/19 04:26:54
Failed: 0  Total Tests: 192  ((Passed: 187, Newly Passed: 1)  Known Failed: 5) /home/travis/build/icyphy/ptII/ptolemy/domains/de/test
05/20/19 04:26:54
Failed: 0  Total Tests: 192  ((Passed: 187, Newly Passed: 1)  Known Failed: 5) /home/travis/build/icyphy/ptII/ptolemy/domains/de/test
----------------- testing (KnownFailure) /home/travis/build/icyphy/ptII/ptolemy/domains/de/test/auto/knownFailedTests/DESDFClockTest.xml
2012 ms. Memory: 396288K Free: 367048K (93%)
Known Failure: java.lang.reflect.InvocationTargetException
----------------- testing (KnownFailure) /home/travis/build/icyphy/ptII/ptolemy/domains/de/test/auto/knownFailedTests/DirectFeedback.xml
2 ms. Memory: 396288K Free: 341858K (86%)
Known Failure: java.lang.reflect.InvocationTargetException
----------------- testing (KnownFailure) /home/travis/build/icyphy/ptII/ptolemy/domains/de/test/auto/knownFailedTests/FSMSource.xml
6 ms. Memory: 396288K Free: 316667K (80%)
----------------- testing (KnownFailure) /home/travis/build/icyphy/ptII/ptolemy/domains/de/test/auto/knownFailedTests/HierarchicalModel.xml
4 ms. Memory: 396288K Free: 291461K (74%)
Known Failure: java.lang.reflect.InvocationTargetException
----------------- testing (KnownFailure) /home/travis/build/icyphy/ptII/ptolemy/domains/de/test/auto/knownFailedTests/dependencyLoop.xml
2 ms. Memory: 396288K Free: 253651K (64%)
Known Failure: java.lang.reflect.InvocationTargetException
----------------- testing (KnownFailure) /home/travis/build/icyphy/ptII/ptolemy/domains/de/test/auto/knownFailedTests/dependencyLoop2.xml
4 ms. Memory: 396288K Free: 215849K (54%)
Known Failure: java.lang.reflect.InvocationTargetException
No auto/linux-amd64/*.xml tests in /home/travis/build/icyphy/ptII/ptolemy/domains/de/test
AutoTests.java: About to close Vertx.
AutoTests.java: Vertx closed.

===========================================================================================
----------------- testing Mon May 20 04:26:56 UTC 2019 /home/travis/build/icyphy/ptII/ptolemy/domains/de/test/auto/ActorDepthCalculation_actorWithoutPorts.xml
----------------- Instantiating /home/travis/build/icyphy/ptII/ptolemy/domains/de/test/auto/ActorDepthCalculation_actorWithoutPorts.xml
2 ms. Memory: 396288K Free: 184360K (47%)
----------------- Invoking toplevel() on ptolemy.moml.MoMLSimpleApplication@4e757303
----------------- Done invoking toplevel() on ptolemy.moml.MoMLSimpleApplication@4e757303
reloadAllAccessors: .ActorDepthCalculation_actorWithoutPorts

===========================================================================================
----------------- testing Mon May 20 04:26:56 UTC 2019 /home/travis/build/icyphy/ptII/ptolemy/domains/de/test/auto/AssemblyLine.xml
----------------- Instantiating /home/travis/build/icyphy/ptII/ptolemy/domains/de/test/auto/AssemblyLine.xml
2 ms. Memory: 396288K Free: 165460K (42%)
----------------- Invoking toplevel() on ptolemy.moml.MoMLSimpleApplication@67ef71c4
----------------- Done invoking toplevel() on ptolemy.moml.MoMLSimpleApplication@67ef71c4
reloadAllAccessors: .AssemblyLine

===========================================================================================
----------------- testing Mon May 20 04:26:56 UTC 2019 /home/travis/build/icyphy/ptII/ptolemy/domains/de/test/auto/CQBug1.xml
----------------- Instantiating /home/travis/build/icyphy/ptII/ptolemy/domains/de/test/auto/CQBug1.xml
1 ms. Memory: 396288K Free: 152864K (39%)
----------------- Invoking toplevel() on ptolemy.moml.MoMLSimpleApplication@4454d6d7
----------------- Done invoking toplevel() on ptolemy.moml.MoMLSimpleApplication@4454d6d7
reloadAllAccessors: .CQBug1

===========================================================================================
----------------- testing Mon May 20 04:26:56 UTC 2019 /home/travis/build/icyphy/ptII/ptolemy/domains/de/test/auto/CancelFireAt.xml
----------------- Instantiating /home/travis/build/icyphy/ptII/ptolemy/domains/de/test/auto/CancelFireAt.xml
1 ms. Memory: 396288K Free: 140269K (35%)
----------------- Invoking toplevel() on ptolemy.moml.MoMLSimpleApplication@471ab58b
----------------- Done invoking toplevel() on ptolemy.moml.MoMLSimpleApplication@471ab58b
reloadAllAccessors: .CancelFireAt

===========================================================================================
----------------- testing Mon May 20 04:26:56 UTC 2019 /home/travis/build/icyphy/ptII/ptolemy/domains/de/test/auto/CausalityAndComposabilityAnalysis.xml
----------------- Instantiating /home/travis/build/icyphy/ptII/ptolemy/domains/de/test/auto/CausalityAndComposabilityAnalysis.xml
1 ms. Memory: 396288K Free: 127674K (32%)
----------------- Invoking toplevel() on ptolemy.moml.MoMLSimpleApplication@e4cccf7
----------------- Done invoking toplevel() on ptolemy.moml.MoMLSimpleApplication@e4cccf7
reloadAllAccessors: .CausalityAndComposabilityAnalysis

===========================================================================================
----------------- testing Mon May 20 04:26:56 UTC 2019 /home/travis/build/icyphy/ptII/ptolemy/domains/de/test/auto/CausalityInterface1.xml
----------------- Instantiating /home/travis/build/icyphy/ptII/ptolemy/domains/de/test/auto/CausalityInterface1.xml
4 ms. Memory: 396288K Free: 115079K (29%)
----------------- Invoking toplevel() on ptolemy.moml.MoMLSimpleApplication@46eb1c1d
----------------- Done invoking toplevel() on ptolemy.moml.MoMLSimpleApplication@46eb1c1d
reloadAllAccessors: .CausalityInterface1

===========================================================================================
----------------- testing Mon May 20 04:26:56 UTC 2019 /home/travis/build/icyphy/ptII/ptolemy/domains/de/test/auto/CausalityInterface15.xml
----------------- Instantiating /home/travis/build/icyphy/ptII/ptolemy/domains/de/test/auto/CausalityInterface15.xml
2 ms. Memory: 396288K Free: 102483K (26%)
----------------- Invoking toplevel() on ptolemy.moml.MoMLSimpleApplication@14eab87d
----------------- Done invoking toplevel() on ptolemy.moml.MoMLSimpleApplication@14eab87d
reloadAllAccessors: .CausalityInterface15

===========================================================================================
----------------- testing Mon May 20 04:26:56 UTC 2019 /home/travis/build/icyphy/ptII/ptolemy/domains/de/test/auto/CausalityInterface2.xml
----------------- Instantiating /home/travis/build/icyphy/ptII/ptolemy/domains/de/test/auto/CausalityInterface2.xml
2 ms. Memory: 396288K Free: 89888K (23%)
----------------- Invoking toplevel() on ptolemy.moml.MoMLSimpleApplication@57a6dfc8
----------------- Done invoking toplevel() on ptolemy.moml.MoMLSimpleApplication@57a6dfc8
reloadAllAccessors: .CausalityInterface2

===========================================================================================
----------------- testing Mon May 20 04:26:56 UTC 2019 /home/travis/build/icyphy/ptII/ptolemy/domains/de/test/auto/CausalityInterface3.xml
----------------- Instantiating /home/travis/build/icyphy/ptII/ptolemy/domains/de/test/auto/CausalityInterface3.xml
2 ms. Memory: 396288K Free: 77293K (20%)
----------------- Invoking toplevel() on ptolemy.moml.MoMLSimpleApplication@5e1f6f52
----------------- Done invoking toplevel() on ptolemy.moml.MoMLSimpleApplication@5e1f6f52
reloadAllAccessors: .CausalityInterface3

===========================================================================================
----------------- testing Mon May 20 04:26:56 UTC 2019 /home/travis/build/icyphy/ptII/ptolemy/domains/de/test/auto/ClockDrift.xml
----------------- Instantiating /home/travis/build/icyphy/ptII/ptolemy/domains/de/test/auto/ClockDrift.xml
12 ms. Memory: 382464K Free: 358805K (94%)
----------------- Invoking toplevel() on ptolemy.moml.MoMLSimpleApplication@6a50b763
----------------- Done invoking toplevel() on ptolemy.moml.MoMLSimpleApplication@6a50b763
reloadAllAccessors: .ClockDrift

===========================================================================================
----------------- testing Mon May 20 04:26:56 UTC 2019 /home/travis/build/icyphy/ptII/ptolemy/domains/de/test/auto/ClockDriftAndValueChange.xml
----------------- Instantiating /home/travis/build/icyphy/ptII/ptolemy/domains/de/test/auto/ClockDriftAndValueChange.xml
11 ms. Memory: 382464K Free: 337635K (88%)
----------------- Invoking toplevel() on ptolemy.moml.MoMLSimpleApplication@380375d3
----------------- Done invoking toplevel() on ptolemy.moml.MoMLSimpleApplication@380375d3
reloadAllAccessors: .ClockDriftAndValueChange

===========================================================================================
----------------- testing Mon May 20 04:26:56 UTC 2019 /home/travis/build/icyphy/ptII/ptolemy/domains/de/test/auto/ClockDriftChange.xml
----------------- Instantiating /home/travis/build/icyphy/ptII/ptolemy/domains/de/test/auto/ClockDriftChange.xml
9 ms. Memory: 382464K Free: 319594K (84%)
----------------- Invoking toplevel() on ptolemy.moml.MoMLSimpleApplication@c54730
----------------- Done invoking toplevel() on ptolemy.moml.MoMLSimpleApplication@c54730
reloadAllAccessors: .ClockDriftChange

===========================================================================================
----------------- testing Mon May 20 04:26:56 UTC 2019 /home/travis/build/icyphy/ptII/ptolemy/domains/de/test/auto/ComposableCausalityAnalysis.xml
----------------- Instantiating /home/travis/build/icyphy/ptII/ptolemy/domains/de/test/auto/ComposableCausalityAnalysis.xml
1 ms. Memory: 382464K Free: 307572K (80%)
----------------- Invoking toplevel() on ptolemy.moml.MoMLSimpleApplication@723f3ce4
----------------- Done invoking toplevel() on ptolemy.moml.MoMLSimpleApplication@723f3ce4
reloadAllAccessors: .ComposableCausalityAnalysis

===========================================================================================
----------------- testing Mon May 20 04:26:56 UTC 2019 /home/travis/build/icyphy/ptII/ptolemy/domains/de/test/auto/DEFixedPointLimitation.xml
----------------- Instantiating /home/travis/build/icyphy/ptII/ptolemy/domains/de/test/auto/DEFixedPointLimitation.xml
1 ms. Memory: 382464K Free: 295551K (77%)
----------------- Invoking toplevel() on ptolemy.moml.MoMLSimpleApplication@3582754d
----------------- Done invoking toplevel() on ptolemy.moml.MoMLSimpleApplication@3582754d
reloadAllAccessors: .DEFixedPointLimitation

===========================================================================================
----------------- testing Mon May 20 04:26:56 UTC 2019 /home/travis/build/icyphy/ptII/ptolemy/domains/de/test/auto/DEScheduleTest.xml
----------------- Instantiating /home/travis/build/icyphy/ptII/ptolemy/domains/de/test/auto/DEScheduleTest.xml
2 ms. Memory: 382464K Free: 283529K (74%)
----------------- Invoking toplevel() on ptolemy.moml.MoMLSimpleApplication@3cafefdf
----------------- Done invoking toplevel() on ptolemy.moml.MoMLSimpleApplication@3cafefdf
reloadAllAccessors: .DEScheduleTest

===========================================================================================
----------------- testing Mon May 20 04:26:56 UTC 2019 /home/travis/build/icyphy/ptII/ptolemy/domains/de/test/auto/DEinDEwithStartTimes.xml
----------------- Instantiating /home/travis/build/icyphy/ptII/ptolemy/domains/de/test/auto/DEinDEwithStartTimes.xml
2 ms. Memory: 382464K Free: 271507K (71%)
----------------- Invoking toplevel() on ptolemy.moml.MoMLSimpleApplication@6999b00c
----------------- Done invoking toplevel() on ptolemy.moml.MoMLSimpleApplication@6999b00c
reloadAllAccessors: .DEinDEwithStartTimes

===========================================================================================
----------------- testing Mon May 20 04:26:56 UTC 2019 /home/travis/build/icyphy/ptII/ptolemy/domains/de/test/auto/DEinDEwithStartTimes2.xml
----------------- Instantiating /home/travis/build/icyphy/ptII/ptolemy/domains/de/test/auto/DEinDEwithStartTimes2.xml
3 ms. Memory: 382464K Free: 256363K (67%)
----------------- Invoking toplevel() on ptolemy.moml.MoMLSimpleApplication@682cba2f
----------------- Done invoking toplevel() on ptolemy.moml.MoMLSimpleApplication@682cba2f
reloadAllAccessors: .DEinDEwithStartTimes2

===========================================================================================
----------------- testing Mon May 20 04:26:56 UTC 2019 /home/travis/build/icyphy/ptII/ptolemy/domains/de/test/auto/DateDemo.xml
----------------- Instantiating /home/travis/build/icyphy/ptII/ptolemy/domains/de/test/auto/DateDemo.xml
5 ms. Memory: 382464K Free: 238310K (62%)
----------------- Invoking toplevel() on ptolemy.moml.MoMLSimpleApplication@1876e6b
----------------- Done invoking toplevel() on ptolemy.moml.MoMLSimpleApplication@1876e6b
reloadAllAccessors: .DateDemo

===========================================================================================
----------------- testing Mon May 20 04:26:56 UTC 2019 /home/travis/build/icyphy/ptII/ptolemy/domains/de/test/auto/DateToEvent.xml
----------------- Instantiating /home/travis/build/icyphy/ptII/ptolemy/domains/de/test/auto/DateToEvent.xml
2005 ms. Memory: 382464K Free: 214266K (56%)
----------------- Invoking toplevel() on ptolemy.moml.MoMLSimpleApplication@52f8e63b
----------------- Done invoking toplevel() on ptolemy.moml.MoMLSimpleApplication@52f8e63b
reloadAllAccessors: .DateToEvent

===========================================================================================
----------------- testing Mon May 20 04:26:58 UTC 2019 /home/travis/build/icyphy/ptII/ptolemy/domains/de/test/auto/DepthTest1.xml
----------------- Instantiating /home/travis/build/icyphy/ptII/ptolemy/domains/de/test/auto/DepthTest1.xml
1 ms. Memory: 382464K Free: 202244K (53%)
----------------- Invoking toplevel() on ptolemy.moml.MoMLSimpleApplication@6adcec59
----------------- Done invoking toplevel() on ptolemy.moml.MoMLSimpleApplication@6adcec59
reloadAllAccessors: .DepthTest1

===========================================================================================
----------------- testing Mon May 20 04:26:58 UTC 2019 /home/travis/build/icyphy/ptII/ptolemy/domains/de/test/auto/DepthTest2.xml
----------------- Instantiating /home/travis/build/icyphy/ptII/ptolemy/domains/de/test/auto/DepthTest2.xml
2 ms. Memory: 382464K Free: 190223K (50%)
----------------- Invoking toplevel() on ptolemy.moml.MoMLSimpleApplication@6f5188ce
----------------- Done invoking toplevel() on ptolemy.moml.MoMLSimpleApplication@6f5188ce
reloadAllAccessors: .DepthTest2

===========================================================================================
----------------- testing Mon May 20 04:26:58 UTC 2019 /home/travis/build/icyphy/ptII/ptolemy/domains/de/test/auto/DepthTest3.xml
----------------- Instantiating /home/travis/build/icyphy/ptII/ptolemy/domains/de/test/auto/DepthTest3.xml
1 ms. Memory: 382464K Free: 178201K (47%)
----------------- Invoking toplevel() on ptolemy.moml.MoMLSimpleApplication@2d4ae50e
----------------- Done invoking toplevel() on ptolemy.moml.MoMLSimpleApplication@2d4ae50e
reloadAllAccessors: .DepthTest3

===========================================================================================
----------------- testing Mon May 20 04:26:58 UTC 2019 /home/travis/build/icyphy/ptII/ptolemy/domains/de/test/auto/DepthTest4.xml
----------------- Instantiating /home/travis/build/icyphy/ptII/ptolemy/domains/de/test/auto/DepthTest4.xml
2 ms. Memory: 382464K Free: 166179K (43%)
----------------- Invoking toplevel() on ptolemy.moml.MoMLSimpleApplication@36c2eac4
----------------- Done invoking toplevel() on ptolemy.moml.MoMLSimpleApplication@36c2eac4
reloadAllAccessors: .DepthTest4

===========================================================================================
----------------- testing Mon May 20 04:26:58 UTC 2019 /home/travis/build/icyphy/ptII/ptolemy/domains/de/test/auto/DepthTest5.xml
----------------- Instantiating /home/travis/build/icyphy/ptII/ptolemy/domains/de/test/auto/DepthTest5.xml
2 ms. Memory: 382464K Free: 151035K (39%)
----------------- Invoking toplevel() on ptolemy.moml.MoMLSimpleApplication@171d6681
----------------- Done invoking toplevel() on ptolemy.moml.MoMLSimpleApplication@171d6681
reloadAllAccessors: .DepthTest5

===========================================================================================
----------------- testing Mon May 20 04:26:59 UTC 2019 /home/travis/build/icyphy/ptII/ptolemy/domains/de/test/auto/DepthTest6.xml
----------------- Instantiating /home/travis/build/icyphy/ptII/ptolemy/domains/de/test/auto/DepthTest6.xml
2 ms. Memory: 382464K Free: 139014K (36%)
----------------- Invoking toplevel() on ptolemy.moml.MoMLSimpleApplication@1bb40e4a
----------------- Done invoking toplevel() on ptolemy.moml.MoMLSimpleApplication@1bb40e4a
reloadAllAccessors: .DepthTest6

===========================================================================================
----------------- testing Mon May 20 04:26:59 UTC 2019 /home/travis/build/icyphy/ptII/ptolemy/domains/de/test/auto/DepthTest7.xml
----------------- Instantiating /home/travis/build/icyphy/ptII/ptolemy/domains/de/test/auto/DepthTest7.xml
2 ms. Memory: 382464K Free: 126992K (33%)
----------------- Invoking toplevel() on ptolemy.moml.MoMLSimpleApplication@4b583ccb
----------------- Done invoking toplevel() on ptolemy.moml.MoMLSimpleApplication@4b583ccb
reloadAllAccessors: .DepthTest7

===========================================================================================
----------------- testing Mon May 20 04:26:59 UTC 2019 /home/travis/build/icyphy/ptII/ptolemy/domains/de/test/auto/EventToDate.xml
----------------- Instantiating /home/travis/build/icyphy/ptII/ptolemy/domains/de/test/auto/EventToDate.xml
3012 ms. Memory: 382464K Free: 102932K (27%)
----------------- Invoking toplevel() on ptolemy.moml.MoMLSimpleApplication@2a5ac003
----------------- Done invoking toplevel() on ptolemy.moml.MoMLSimpleApplication@2a5ac003
reloadAllAccessors: .EventToDate

===========================================================================================
----------------- testing Mon May 20 04:27:02 UTC 2019 /home/travis/build/icyphy/ptII/ptolemy/domains/de/test/auto/FSM1.xml
----------------- Instantiating /home/travis/build/icyphy/ptII/ptolemy/domains/de/test/auto/FSM1.xml
10 ms. Memory: 382464K Free: 84899K (22%)
----------------- Invoking toplevel() on ptolemy.moml.MoMLSimpleApplication@746d3480
----------------- Done invoking toplevel() on ptolemy.moml.MoMLSimpleApplication@746d3480
reloadAllAccessors: .FSM1

===========================================================================================
----------------- testing Mon May 20 04:27:02 UTC 2019 /home/travis/build/icyphy/ptII/ptolemy/domains/de/test/auto/FSM7.xml
----------------- Instantiating /home/travis/build/icyphy/ptII/ptolemy/domains/de/test/auto/FSM7.xml
9 ms. Memory: 369152K Free: 354347K (96%)
----------------- Invoking toplevel() on ptolemy.moml.MoMLSimpleApplication@16426797
----------------- Done invoking toplevel() on ptolemy.moml.MoMLSimpleApplication@16426797
reloadAllAccessors: .FSM7

===========================================================================================
----------------- testing Mon May 20 04:27:02 UTC 2019 /home/travis/build/icyphy/ptII/ptolemy/domains/de/test/auto/Inspection.xml
----------------- Instantiating /home/travis/build/icyphy/ptII/ptolemy/domains/de/test/auto/Inspection.xml
12 ms. Memory: 369152K Free: 337977K (92%)
----------------- Invoking toplevel() on ptolemy.moml.MoMLSimpleApplication@23fdea3c
----------------- Done invoking toplevel() on ptolemy.moml.MoMLSimpleApplication@23fdea3c
reloadAllAccessors: .Inspection

===========================================================================================
----------------- testing Mon May 20 04:27:02 UTC 2019 /home/travis/build/icyphy/ptII/ptolemy/domains/de/test/auto/Iteration.xml
----------------- Instantiating /home/travis/build/icyphy/ptII/ptolemy/domains/de/test/auto/Iteration.xml
5 ms. Memory: 369152K Free: 329357K (89%)
----------------- Invoking toplevel() on ptolemy.moml.MoMLSimpleApplication@5bc85f0e
----------------- Done invoking toplevel() on ptolemy.moml.MoMLSimpleApplication@5bc85f0e
reloadAllAccessors: .Iteration

===========================================================================================
----------------- testing Mon May 20 04:27:02 UTC 2019 /home/travis/build/icyphy/ptII/ptolemy/domains/de/test/auto/LineFault.xml
----------------- Instantiating /home/travis/build/icyphy/ptII/ptolemy/domains/de/test/auto/LineFault.xml
395 ms. Memory: 369152K Free: 211391K (57%)
----------------- Invoking toplevel() on ptolemy.moml.MoMLSimpleApplication@1599dc17
----------------- Done invoking toplevel() on ptolemy.moml.MoMLSimpleApplication@1599dc17
reloadAllAccessors: .LineFault

===========================================================================================
----------------- testing Mon May 20 04:27:02 UTC 2019 /home/travis/build/icyphy/ptII/ptolemy/domains/de/test/auto/MergeModel1Add.xml
----------------- Instantiating /home/travis/build/icyphy/ptII/ptolemy/domains/de/test/auto/MergeModel1Add.xml
6 ms. Memory: 369152K Free: 188372K (51%)
----------------- Invoking toplevel() on ptolemy.moml.MoMLSimpleApplication@6e4c645f
----------------- Done invoking toplevel() on ptolemy.moml.MoMLSimpleApplication@6e4c645f
reloadAllAccessors: .MergeModel1Add

===========================================================================================
----------------- testing Mon May 20 04:27:02 UTC 2019 /home/travis/build/icyphy/ptII/ptolemy/domains/de/test/auto/MergeModel2Add.xml
----------------- Instantiating /home/travis/build/icyphy/ptII/ptolemy/domains/de/test/auto/MergeModel2Add.xml
6 ms. Memory: 369152K Free: 166250K (45%)
----------------- Invoking toplevel() on ptolemy.moml.MoMLSimpleApplication@6cff2a63
----------------- Done invoking toplevel() on ptolemy.moml.MoMLSimpleApplication@6cff2a63
reloadAllAccessors: .MergeModel2Add

===========================================================================================
----------------- testing Mon May 20 04:27:02 UTC 2019 /home/travis/build/icyphy/ptII/ptolemy/domains/de/test/auto/MergeModel3Add.xml
----------------- Instantiating /home/travis/build/icyphy/ptII/ptolemy/domains/de/test/auto/MergeModel3Add.xml
5 ms. Memory: 369152K Free: 146079K (40%)
----------------- Invoking toplevel() on ptolemy.moml.MoMLSimpleApplication@1bed6fc3
----------------- Done invoking toplevel() on ptolemy.moml.MoMLSimpleApplication@1bed6fc3
reloadAllAccessors: .MergeModel3Add

===========================================================================================
----------------- testing Mon May 20 04:27:02 UTC 2019 /home/travis/build/icyphy/ptII/ptolemy/domains/de/test/auto/MergeWithoutDiscard.xml
----------------- Instantiating /home/travis/build/icyphy/ptII/ptolemy/domains/de/test/auto/MergeWithoutDiscard.xml
1 ms. Memory: 369152K Free: 137462K (37%)
----------------- Invoking toplevel() on ptolemy.moml.MoMLSimpleApplication@2ec83592
----------------- Done invoking toplevel() on ptolemy.moml.MoMLSimpleApplication@2ec83592
reloadAllAccessors: .MergeWithoutDiscard

===========================================================================================
----------------- testing Mon May 20 04:27:02 UTC 2019 /home/travis/build/icyphy/ptII/ptolemy/domains/de/test/auto/Modal1.xml
----------------- Instantiating /home/travis/build/icyphy/ptII/ptolemy/domains/de/test/auto/Modal1.xml
7 ms. Memory: 369152K Free: 120180K (33%)
----------------- Invoking toplevel() on ptolemy.moml.MoMLSimpleApplication@771fc0f
----------------- Done invoking toplevel() on ptolemy.moml.MoMLSimpleApplication@771fc0f
reloadAllAccessors: .Modal1

===========================================================================================
----------------- testing Mon May 20 04:27:02 UTC 2019 /home/travis/build/icyphy/ptII/ptolemy/domains/de/test/auto/Modal2.xml
----------------- Instantiating /home/travis/build/icyphy/ptII/ptolemy/domains/de/test/auto/Modal2.xml
7 ms. Memory: 369152K Free: 100915K (27%)
----------------- Invoking toplevel() on ptolemy.moml.MoMLSimpleApplication@79b4fc61
----------------- Done invoking toplevel() on ptolemy.moml.MoMLSimpleApplication@79b4fc61
reloadAllAccessors: .Modal2

===========================================================================================
----------------- testing Mon May 20 04:27:02 UTC 2019 /home/travis/build/icyphy/ptII/ptolemy/domains/de/test/auto/Modal3.xml
----------------- Instantiating /home/travis/build/icyphy/ptII/ptolemy/domains/de/test/auto/Modal3.xml
7 ms. Memory: 369152K Free: 83657K (23%)
----------------- Invoking toplevel() on ptolemy.moml.MoMLSimpleApplication@112b7b73
----------------- Done invoking toplevel() on ptolemy.moml.MoMLSimpleApplication@112b7b73
reloadAllAccessors: .Modal3

===========================================================================================
----------------- testing Mon May 20 04:27:02 UTC 2019 /home/travis/build/icyphy/ptII/ptolemy/domains/de/test/auto/Modal4.xml
----------------- Instantiating /home/travis/build/icyphy/ptII/ptolemy/domains/de/test/auto/Modal4.xml
8 ms. Memory: 356352K Free: 341599K (96%)
----------------- Invoking toplevel() on ptolemy.moml.MoMLSimpleApplication@1c67028e
----------------- Done invoking toplevel() on ptolemy.moml.MoMLSimpleApplication@1c67028e
reloadAllAccessors: .Modal4

===========================================================================================
----------------- testing Mon May 20 04:27:02 UTC 2019 /home/travis/build/icyphy/ptII/ptolemy/domains/de/test/auto/Modal5.xml
----------------- Instantiating /home/travis/build/icyphy/ptII/ptolemy/domains/de/test/auto/Modal5.xml
7 ms. Memory: 356352K Free: 323833K (91%)
----------------- Invoking toplevel() on ptolemy.moml.MoMLSimpleApplication@23eb2169
----------------- Done invoking toplevel() on ptolemy.moml.MoMLSimpleApplication@23eb2169
reloadAllAccessors: .Modal5

===========================================================================================
----------------- testing Mon May 20 04:27:02 UTC 2019 /home/travis/build/icyphy/ptII/ptolemy/domains/de/test/auto/Modal6.xml
----------------- Instantiating /home/travis/build/icyphy/ptII/ptolemy/domains/de/test/auto/Modal6.xml
8 ms. Memory: 356352K Free: 307334K (86%)
----------------- Invoking toplevel() on ptolemy.moml.MoMLSimpleApplication@2c518c76
----------------- Done invoking toplevel() on ptolemy.moml.MoMLSimpleApplication@2c518c76
reloadAllAccessors: .Modal6

===========================================================================================
----------------- testing Mon May 20 04:27:03 UTC 2019 /home/travis/build/icyphy/ptII/ptolemy/domains/de/test/auto/Modal7.xml
----------------- Instantiating /home/travis/build/icyphy/ptII/ptolemy/domains/de/test/auto/Modal7.xml
6 ms. Memory: 356352K Free: 289552K (81%)
----------------- Invoking toplevel() on ptolemy.moml.MoMLSimpleApplication@14e7f31f
----------------- Done invoking toplevel() on ptolemy.moml.MoMLSimpleApplication@14e7f31f
reloadAllAccessors: .Modal7

===========================================================================================
----------------- testing Mon May 20 04:27:03 UTC 2019 /home/travis/build/icyphy/ptII/ptolemy/domains/de/test/auto/ModalModel.xml
----------------- Instantiating /home/travis/build/icyphy/ptII/ptolemy/domains/de/test/auto/ModalModel.xml
113 ms. Memory: 356352K Free: 217904K (61%)
----------------- Invoking toplevel() on ptolemy.moml.MoMLSimpleApplication@6f4129b0
----------------- Done invoking toplevel() on ptolemy.moml.MoMLSimpleApplication@6f4129b0
reloadAllAccessors: .ModalModel

===========================================================================================
----------------- testing Mon May 20 04:27:03 UTC 2019 /home/travis/build/icyphy/ptII/ptolemy/domains/de/test/auto/ModalSource.xml
----------------- Instantiating /home/travis/build/icyphy/ptII/ptolemy/domains/de/test/auto/ModalSource.xml
4 ms. Memory: 356352K Free: 206910K (58%)
----------------- Invoking toplevel() on ptolemy.moml.MoMLSimpleApplication@2572648
----------------- Done invoking toplevel() on ptolemy.moml.MoMLSimpleApplication@2572648
reloadAllAccessors: .ModalSource

===========================================================================================
----------------- testing Mon May 20 04:27:03 UTC 2019 /home/travis/build/icyphy/ptII/ptolemy/domains/de/test/auto/NonInterruptibleTimerZeroDelay.xml
----------------- Instantiating /home/travis/build/icyphy/ptII/ptolemy/domains/de/test/auto/NonInterruptibleTimerZeroDelay.xml
2 ms. Memory: 356352K Free: 200145K (56%)
----------------- Invoking toplevel() on ptolemy.moml.MoMLSimpleApplication@3d6cc1f7
----------------- Done invoking toplevel() on ptolemy.moml.MoMLSimpleApplication@3d6cc1f7
reloadAllAccessors: .NonInterruptibleTimerZeroDelay

===========================================================================================
----------------- testing Mon May 20 04:27:03 UTC 2019 /home/travis/build/icyphy/ptII/ptolemy/domains/de/test/auto/OpenQueueingNetwork.xml
----------------- Instantiating /home/travis/build/icyphy/ptII/ptolemy/domains/de/test/auto/OpenQueueingNetwork.xml
2112 ms. Memory: 334336K Free: 95849K (29%)
----------------- Invoking toplevel() on ptolemy.moml.MoMLSimpleApplication@2caa4bfb
----------------- Done invoking toplevel() on ptolemy.moml.MoMLSimpleApplication@2caa4bfb
reloadAllAccessors: .OpenQueueingNetwork

===========================================================================================
----------------- testing Mon May 20 04:27:05 UTC 2019 /home/travis/build/icyphy/ptII/ptolemy/domains/de/test/auto/OpenQueuingNetwork.xml
----------------- Instantiating /home/travis/build/icyphy/ptII/ptolemy/domains/de/test/auto/OpenQueuingNetwork.xml
215 ms. Memory: 322048K Free: 244227K (76%)
----------------- Invoking toplevel() on ptolemy.moml.MoMLSimpleApplication@43869612
----------------- Done invoking toplevel() on ptolemy.moml.MoMLSimpleApplication@43869612
reloadAllAccessors: .OpenQueuingNetwork

===========================================================================================
----------------- testing Mon May 20 04:27:05 UTC 2019 /home/travis/build/icyphy/ptII/ptolemy/domains/de/test/auto/PeriodicSampler.xml
----------------- Instantiating /home/travis/build/icyphy/ptII/ptolemy/domains/de/test/auto/PeriodicSampler.xml
2 ms. Memory: 322048K Free: 236049K (73%)
----------------- Invoking toplevel() on ptolemy.moml.MoMLSimpleApplication@4ca2c45
----------------- Done invoking toplevel() on ptolemy.moml.MoMLSimpleApplication@4ca2c45
reloadAllAccessors: .PeriodicSampler

===========================================================================================
----------------- testing Mon May 20 04:27:05 UTC 2019 /home/travis/build/icyphy/ptII/ptolemy/domains/de/test/auto/PersistentIO.xml
----------------- Instantiating /home/travis/build/icyphy/ptII/ptolemy/domains/de/test/auto/PersistentIO.xml
3 ms. Memory: 322048K Free: 223531K (69%)
----------------- Invoking toplevel() on ptolemy.moml.MoMLSimpleApplication@62c4f4fa
----------------- Done invoking toplevel() on ptolemy.moml.MoMLSimpleApplication@62c4f4fa
reloadAllAccessors: .PersistentIO

===========================================================================================
----------------- testing Mon May 20 04:27:05 UTC 2019 /home/travis/build/icyphy/ptII/ptolemy/domains/de/test/auto/PortParameterResetOnInitialize.xml
----------------- Instantiating /home/travis/build/icyphy/ptII/ptolemy/domains/de/test/auto/PortParameterResetOnInitialize.xml
5 ms. Memory: 322048K Free: 215840K (67%)
----------------- Invoking toplevel() on ptolemy.moml.MoMLSimpleApplication@6b00fca8
----------------- Done invoking toplevel() on ptolemy.moml.MoMLSimpleApplication@6b00fca8
reloadAllAccessors: .PortParameterResetOnInitialize

===========================================================================================
----------------- testing Mon May 20 04:27:05 UTC 2019 /home/travis/build/icyphy/ptII/ptolemy/domains/de/test/auto/PortParameterUpdates.xml
----------------- Instantiating /home/travis/build/icyphy/ptII/ptolemy/domains/de/test/auto/PortParameterUpdates.xml
4 ms. Memory: 322048K Free: 208133K (65%)
----------------- Invoking toplevel() on ptolemy.moml.MoMLSimpleApplication@3d5ecaac
----------------- Done invoking toplevel() on ptolemy.moml.MoMLSimpleApplication@3d5ecaac
reloadAllAccessors: .PortParameterUpdates

===========================================================================================
----------------- testing Mon May 20 04:27:05 UTC 2019 /home/travis/build/icyphy/ptII/ptolemy/domains/de/test/auto/QueueAndServer.xml
----------------- Instantiating /home/travis/build/icyphy/ptII/ptolemy/domains/de/test/auto/QueueAndServer.xml
4 ms. Memory: 322048K Free: 198015K (61%)
----------------- Invoking toplevel() on ptolemy.moml.MoMLSimpleApplication@c470efc
----------------- Done invoking toplevel() on ptolemy.moml.MoMLSimpleApplication@c470efc
reloadAllAccessors: .QueueAndServer

===========================================================================================
----------------- testing Mon May 20 04:27:05 UTC 2019 /home/travis/build/icyphy/ptII/ptolemy/domains/de/test/auto/Records.xml
----------------- Instantiating /home/travis/build/icyphy/ptII/ptolemy/domains/de/test/auto/Records.xml
3 ms. Memory: 322048K Free: 190308K (59%)
----------------- Invoking toplevel() on ptolemy.moml.MoMLSimpleApplication@6d79eb88
----------------- Done invoking toplevel() on ptolemy.moml.MoMLSimpleApplication@6d79eb88
reloadAllAccessors: .Records

===========================================================================================
----------------- testing Mon May 20 04:27:05 UTC 2019 /home/travis/build/icyphy/ptII/ptolemy/domains/de/test/auto/ResetTransitionWithStartTime1.xml
----------------- Instantiating /home/travis/build/icyphy/ptII/ptolemy/domains/de/test/auto/ResetTransitionWithStartTime1.xml
4 ms. Memory: 322048K Free: 180199K (56%)
----------------- Invoking toplevel() on ptolemy.moml.MoMLSimpleApplication@5b3484a5
----------------- Done invoking toplevel() on ptolemy.moml.MoMLSimpleApplication@5b3484a5
reloadAllAccessors: .ResetTransitionWithStartTime1

===========================================================================================
----------------- testing Mon May 20 04:27:05 UTC 2019 /home/travis/build/icyphy/ptII/ptolemy/domains/de/test/auto/ResetTransitionWithStartTime2.xml
----------------- Instantiating /home/travis/build/icyphy/ptII/ptolemy/domains/de/test/auto/ResetTransitionWithStartTime2.xml
4 ms. Memory: 322048K Free: 170090K (53%)
----------------- Invoking toplevel() on ptolemy.moml.MoMLSimpleApplication@b26c9e3
----------------- Done invoking toplevel() on ptolemy.moml.MoMLSimpleApplication@b26c9e3
reloadAllAccessors: .ResetTransitionWithStartTime2

===========================================================================================
----------------- testing Mon May 20 04:27:05 UTC 2019 /home/travis/build/icyphy/ptII/ptolemy/domains/de/test/auto/ResetTransitionWithStartTime3.xml
----------------- Instantiating /home/travis/build/icyphy/ptII/ptolemy/domains/de/test/auto/ResetTransitionWithStartTime3.xml
4 ms. Memory: 322048K Free: 159982K (50%)
----------------- Invoking toplevel() on ptolemy.moml.MoMLSimpleApplication@2d1d747f
----------------- Done invoking toplevel() on ptolemy.moml.MoMLSimpleApplication@2d1d747f
reloadAllAccessors: .ResetTransitionWithStartTime3

===========================================================================================
----------------- testing Mon May 20 04:27:05 UTC 2019 /home/travis/build/icyphy/ptII/ptolemy/domains/de/test/auto/ResetTransitionWithStartTime4.xml
----------------- Instantiating /home/travis/build/icyphy/ptII/ptolemy/domains/de/test/auto/ResetTransitionWithStartTime4.xml
3 ms. Memory: 322048K Free: 149874K (47%)
----------------- Invoking toplevel() on ptolemy.moml.MoMLSimpleApplication@48e6eade
----------------- Done invoking toplevel() on ptolemy.moml.MoMLSimpleApplication@48e6eade
reloadAllAccessors: .ResetTransitionWithStartTime4

===========================================================================================
----------------- testing Mon May 20 04:27:05 UTC 2019 /home/travis/build/icyphy/ptII/ptolemy/domains/de/test/auto/ResettableTimer1.xml
----------------- Instantiating /home/travis/build/icyphy/ptII/ptolemy/domains/de/test/auto/ResettableTimer1.xml
2 ms. Memory: 322048K Free: 142174K (44%)
----------------- Invoking toplevel() on ptolemy.moml.MoMLSimpleApplication@351125a9
----------------- Done invoking toplevel() on ptolemy.moml.MoMLSimpleApplication@351125a9
reloadAllAccessors: .ResettableTimer1

===========================================================================================
----------------- testing Mon May 20 04:27:05 UTC 2019 /home/travis/build/icyphy/ptII/ptolemy/domains/de/test/auto/ResettableTimer2.xml
----------------- Instantiating /home/travis/build/icyphy/ptII/ptolemy/domains/de/test/auto/ResettableTimer2.xml
1 ms. Memory: 322048K Free: 134467K (42%)
----------------- Invoking toplevel() on ptolemy.moml.MoMLSimpleApplication@a4c9fd4
----------------- Done invoking toplevel() on ptolemy.moml.MoMLSimpleApplication@a4c9fd4
reloadAllAccessors: .ResettableTimer2

===========================================================================================
----------------- testing Mon May 20 04:27:05 UTC 2019 /home/travis/build/icyphy/ptII/ptolemy/domains/de/test/auto/ResettableTimer3.xml
----------------- Instantiating /home/travis/build/icyphy/ptII/ptolemy/domains/de/test/auto/ResettableTimer3.xml
1 ms. Memory: 322048K Free: 126776K (39%)
----------------- Invoking toplevel() on ptolemy.moml.MoMLSimpleApplication@27a919dc
----------------- Done invoking toplevel() on ptolemy.moml.MoMLSimpleApplication@27a919dc
reloadAllAccessors: .ResettableTimer3

===========================================================================================
----------------- testing Mon May 20 04:27:05 UTC 2019 /home/travis/build/icyphy/ptII/ptolemy/domains/de/test/auto/ResettableTimer4.xml
----------------- Instantiating /home/travis/build/icyphy/ptII/ptolemy/domains/de/test/auto/ResettableTimer4.xml
1 ms. Memory: 322048K Free: 119077K (37%)
----------------- Invoking toplevel() on ptolemy.moml.MoMLSimpleApplication@6e0c0334
----------------- Done invoking toplevel() on ptolemy.moml.MoMLSimpleApplication@6e0c0334
reloadAllAccessors: .ResettableTimer4

===========================================================================================
----------------- testing Mon May 20 04:27:05 UTC 2019 /home/travis/build/icyphy/ptII/ptolemy/domains/de/test/auto/ResettableTimer5.xml
----------------- Instantiating /home/travis/build/icyphy/ptII/ptolemy/domains/de/test/auto/ResettableTimer5.xml
1 ms. Memory: 322048K Free: 111385K (35%)
----------------- Invoking toplevel() on ptolemy.moml.MoMLSimpleApplication@169e942c
----------------- Done invoking toplevel() on ptolemy.moml.MoMLSimpleApplication@169e942c
reloadAllAccessors: .ResettableTimer5

===========================================================================================
----------------- testing Mon May 20 04:27:05 UTC 2019 /home/travis/build/icyphy/ptII/ptolemy/domains/de/test/auto/ResettableTimer6.xml
----------------- Instantiating /home/travis/build/icyphy/ptII/ptolemy/domains/de/test/auto/ResettableTimer6.xml
5 ms. Memory: 322048K Free: 103678K (32%)
----------------- Invoking toplevel() on ptolemy.moml.MoMLSimpleApplication@41ed665d
----------------- Done invoking toplevel() on ptolemy.moml.MoMLSimpleApplication@41ed665d
reloadAllAccessors: .ResettableTimer6

===========================================================================================
----------------- testing Mon May 20 04:27:05 UTC 2019 /home/travis/build/icyphy/ptII/ptolemy/domains/de/test/auto/ServerZeroDelay.xml
----------------- Instantiating /home/travis/build/icyphy/ptII/ptolemy/domains/de/test/auto/ServerZeroDelay.xml
1 ms. Memory: 322048K Free: 95971K (30%)
----------------- Invoking toplevel() on ptolemy.moml.MoMLSimpleApplication@64406022
----------------- Done invoking toplevel() on ptolemy.moml.MoMLSimpleApplication@64406022
reloadAllAccessors: .ServerZeroDelay

===========================================================================================
----------------- testing Mon May 20 04:27:05 UTC 2019 /home/travis/build/icyphy/ptII/ptolemy/domains/de/test/auto/SmartSender.xml
----------------- Instantiating /home/travis/build/icyphy/ptII/ptolemy/domains/de/test/auto/SmartSender.xml
3002 ms. Memory: 322048K Free: 87777K (27%)
----------------- Invoking toplevel() on ptolemy.moml.MoMLSimpleApplication@5abc58d1
----------------- Done invoking toplevel() on ptolemy.moml.MoMLSimpleApplication@5abc58d1
reloadAllAccessors: .SmartSender

===========================================================================================
----------------- testing Mon May 20 04:27:09 UTC 2019 /home/travis/build/icyphy/ptII/ptolemy/domains/de/test/auto/ThreadedComposite.xml
----------------- Instantiating /home/travis/build/icyphy/ptII/ptolemy/domains/de/test/auto/ThreadedComposite.xml
106 ms. Memory: 313344K Free: 295376K (94%)
----------------- Invoking toplevel() on ptolemy.moml.MoMLSimpleApplication@1c9d7be
----------------- Done invoking toplevel() on ptolemy.moml.MoMLSimpleApplication@1c9d7be
reloadAllAccessors: .ThreadedComposite

===========================================================================================
----------------- testing Mon May 20 04:27:09 UTC 2019 /home/travis/build/icyphy/ptII/ptolemy/domains/de/test/auto/Time.xml
----------------- Instantiating /home/travis/build/icyphy/ptII/ptolemy/domains/de/test/auto/Time.xml
435 ms. Memory: 313344K Free: 239733K (77%)
----------------- Invoking toplevel() on ptolemy.moml.MoMLSimpleApplication@37b68ae
----------------- Done invoking toplevel() on ptolemy.moml.MoMLSimpleApplication@37b68ae
reloadAllAccessors: .Time

===========================================================================================
----------------- testing Mon May 20 04:27:09 UTC 2019 /home/travis/build/icyphy/ptII/ptolemy/domains/de/test/auto/TimeDelayZeroDelay.xml
----------------- Instantiating /home/travis/build/icyphy/ptII/ptolemy/domains/de/test/auto/TimeDelayZeroDelay.xml
3 ms. Memory: 313344K Free: 234755K (75%)
----------------- Invoking toplevel() on ptolemy.moml.MoMLSimpleApplication@24e819f3
----------------- Done invoking toplevel() on ptolemy.moml.MoMLSimpleApplication@24e819f3
reloadAllAccessors: .TimeDelayZeroDelay

===========================================================================================
----------------- testing Mon May 20 04:27:09 UTC 2019 /home/travis/build/icyphy/ptII/ptolemy/domains/de/test/auto/TimerZeroDelay.xml
----------------- Instantiating /home/travis/build/icyphy/ptII/ptolemy/domains/de/test/auto/TimerZeroDelay.xml
2 ms. Memory: 313344K Free: 229397K (73%)
----------------- Invoking toplevel() on ptolemy.moml.MoMLSimpleApplication@11d7e483
----------------- Done invoking toplevel() on ptolemy.moml.MoMLSimpleApplication@11d7e483
reloadAllAccessors: .TimerZeroDelay

===========================================================================================
----------------- testing Mon May 20 04:27:09 UTC 2019 /home/travis/build/icyphy/ptII/ptolemy/domains/de/test/auto/TimingParadox.xml
----------------- Instantiating /home/travis/build/icyphy/ptII/ptolemy/domains/de/test/auto/TimingParadox.xml
321 ms. Memory: 313344K Free: 159818K (51%)
----------------- Invoking toplevel() on ptolemy.moml.MoMLSimpleApplication@201774e8
----------------- Done invoking toplevel() on ptolemy.moml.MoMLSimpleApplication@201774e8
reloadAllAccessors: .TimingParadox

===========================================================================================
----------------- testing Mon May 20 04:27:09 UTC 2019 /home/travis/build/icyphy/ptII/ptolemy/domains/de/test/auto/TransferInputs.xml
----------------- Instantiating /home/travis/build/icyphy/ptII/ptolemy/domains/de/test/auto/TransferInputs.xml
1 ms. Memory: 313344K Free: 152928K (49%)
----------------- Invoking toplevel() on ptolemy.moml.MoMLSimpleApplication@66aa90bd
----------------- Done invoking toplevel() on ptolemy.moml.MoMLSimpleApplication@66aa90bd
reloadAllAccessors: .TransferInputs

===========================================================================================
----------------- testing Mon May 20 04:27:10 UTC 2019 /home/travis/build/icyphy/ptII/ptolemy/domains/de/test/auto/TransferOutputs2.xml
----------------- Instantiating /home/travis/build/icyphy/ptII/ptolemy/domains/de/test/auto/TransferOutputs2.xml
3 ms. Memory: 313344K Free: 143336K (46%)
----------------- Invoking toplevel() on ptolemy.moml.MoMLSimpleApplication@2db08da8
----------------- Done invoking toplevel() on ptolemy.moml.MoMLSimpleApplication@2db08da8
reloadAllAccessors: .TransferOutputs2

===========================================================================================
----------------- testing Mon May 20 04:27:10 UTC 2019 /home/travis/build/icyphy/ptII/ptolemy/domains/de/test/auto/Trilateration.xml
----------------- Instantiating /home/travis/build/icyphy/ptII/ptolemy/domains/de/test/auto/Trilateration.xml
11404 ms. Memory: 442880K Free: 80060K (18%)
----------------- Invoking toplevel() on ptolemy.moml.MoMLSimpleApplication@5bdea8cf
----------------- Done invoking toplevel() on ptolemy.moml.MoMLSimpleApplication@5bdea8cf
reloadAllAccessors: .Trilateration

===========================================================================================
----------------- testing Mon May 20 04:27:22 UTC 2019 /home/travis/build/icyphy/ptII/ptolemy/domains/de/test/auto/TwoSigmaDelta.xml
----------------- Instantiating /home/travis/build/icyphy/ptII/ptolemy/domains/de/test/auto/TwoSigmaDelta.xml
2150 ms. Memory: 422912K Free: 132137K (31%)
----------------- Invoking toplevel() on ptolemy.moml.MoMLSimpleApplication@3b1874de
----------------- Done invoking toplevel() on ptolemy.moml.MoMLSimpleApplication@3b1874de
reloadAllAccessors: .TwoSigmaDelta

===========================================================================================
----------------- testing Mon May 20 04:27:24 UTC 2019 /home/travis/build/icyphy/ptII/ptolemy/domains/de/test/auto/VariableDelay.xml
----------------- Instantiating /home/travis/build/icyphy/ptII/ptolemy/domains/de/test/auto/VariableDelay.xml
3 ms. Memory: 422912K Free: 117713K (28%)
----------------- Invoking toplevel() on ptolemy.moml.MoMLSimpleApplication@3be037e1
----------------- Done invoking toplevel() on ptolemy.moml.MoMLSimpleApplication@3be037e1
reloadAllAccessors: .VariableDelay

===========================================================================================
----------------- testing Mon May 20 04:27:24 UTC 2019 /home/travis/build/icyphy/ptII/ptolemy/domains/de/test/auto/VariableDelay2.xml
----------------- Instantiating /home/travis/build/icyphy/ptII/ptolemy/domains/de/test/auto/VariableDelay2.xml
2 ms. Memory: 422912K Free: 103551K (24%)
----------------- Invoking toplevel() on ptolemy.moml.MoMLSimpleApplication@49dacd6e
----------------- Done invoking toplevel() on ptolemy.moml.MoMLSimpleApplication@49dacd6e
reloadAllAccessors: .VariableDelay2

===========================================================================================
----------------- testing Mon May 20 04:27:24 UTC 2019 /home/travis/build/icyphy/ptII/ptolemy/domains/de/test/auto/VariableDelayZeroDelay.xml
----------------- Instantiating /home/travis/build/icyphy/ptII/ptolemy/domains/de/test/auto/VariableDelayZeroDelay.xml
5 ms. Memory: 422912K Free: 89389K (21%)
----------------- Invoking toplevel() on ptolemy.moml.MoMLSimpleApplication@35ada4be
----------------- Done invoking toplevel() on ptolemy.moml.MoMLSimpleApplication@35ada4be
reloadAllAccessors: .VariableDelayZeroDelay

===========================================================================================
----------------- testing Mon May 20 04:27:24 UTC 2019 /home/travis/build/icyphy/ptII/ptolemy/domains/de/test/auto/VariableDelayZeroDelay2.xml
----------------- Instantiating /home/travis/build/icyphy/ptII/ptolemy/domains/de/test/auto/VariableDelayZeroDelay2.xml
1 ms. Memory: 422912K Free: 75226K (18%)
----------------- Invoking toplevel() on ptolemy.moml.MoMLSimpleApplication@1be46252
----------------- Done invoking toplevel() on ptolemy.moml.MoMLSimpleApplication@1be46252
reloadAllAccessors: .VariableDelayZeroDelay2

===========================================================================================
----------------- testing Mon May 20 04:27:24 UTC 2019 /home/travis/build/icyphy/ptII/ptolemy/domains/de/test/auto/deInCt.xml
----------------- Instantiating /home/travis/build/icyphy/ptII/ptolemy/domains/de/test/auto/deInCt.xml
0
1
1
0
0
0
1
1
1
1
0
0
0
0
1
1
1
1
0
0
0
1
1
1
1
1
0
0
1
1
0
0
0
1
1
1
1
5 ms. Memory: 422912K Free: 61064K (14%)
----------------- Invoking toplevel() on ptolemy.moml.MoMLSimpleApplication@38963be
----------------- Done invoking toplevel() on ptolemy.moml.MoMLSimpleApplication@38963be
reloadAllAccessors: .deInCt

===========================================================================================
----------------- testing Mon May 20 04:27:24 UTC 2019 /home/travis/build/icyphy/ptII/ptolemy/domains/de/test/auto/deInCt2.xml
----------------- Instantiating /home/travis/build/icyphy/ptII/ptolemy/domains/de/test/auto/deInCt2.xml
0
1
1
1
0
0
1
1
1
0
0
1
1
1
0
0
1
1
1
0
0
1
1
1
0
0
1
1
1
0
0
1
1
1
0
0
1
1
1
0
0
0
6 ms. Memory: 407040K Free: 375788K (92%)
----------------- Invoking toplevel() on ptolemy.moml.MoMLSimpleApplication@5df7b092
----------------- Done invoking toplevel() on ptolemy.moml.MoMLSimpleApplication@5df7b092
reloadAllAccessors: .deInCt2

===========================================================================================
----------------- testing Mon May 20 04:27:24 UTC 2019 /home/travis/build/icyphy/ptII/ptolemy/domains/de/test/auto/dynamicCausalityInterface1.xml
----------------- Instantiating /home/travis/build/icyphy/ptII/ptolemy/domains/de/test/auto/dynamicCausalityInterface1.xml
1 ms. Memory: 407040K Free: 362195K (89%)
----------------- Invoking toplevel() on ptolemy.moml.MoMLSimpleApplication@44947de7
----------------- Done invoking toplevel() on ptolemy.moml.MoMLSimpleApplication@44947de7
reloadAllAccessors: .dynamicCausalityInterface1

===========================================================================================
----------------- testing Mon May 20 04:27:24 UTC 2019 /home/travis/build/icyphy/ptII/ptolemy/domains/de/test/auto/fsm_de_test.xml
----------------- Instantiating /home/travis/build/icyphy/ptII/ptolemy/domains/de/test/auto/fsm_de_test.xml
5 ms. Memory: 407040K Free: 348591K (86%)
----------------- Invoking toplevel() on ptolemy.moml.MoMLSimpleApplication@6844b40b
----------------- Done invoking toplevel() on ptolemy.moml.MoMLSimpleApplication@6844b40b
reloadAllAccessors: .fsm_de_test

===========================================================================================
----------------- testing Mon May 20 04:27:24 UTC 2019 /home/travis/build/icyphy/ptII/ptolemy/domains/de/test/auto/functionDependencyReconstruction.xml
----------------- Instantiating /home/travis/build/icyphy/ptII/ptolemy/domains/de/test/auto/functionDependencyReconstruction.xml
2 ms. Memory: 407040K Free: 328469K (81%)
----------------- Invoking toplevel() on ptolemy.moml.MoMLSimpleApplication@1c4a2b0a
----------------- Done invoking toplevel() on ptolemy.moml.MoMLSimpleApplication@1c4a2b0a
reloadAllAccessors: .functionDependencyReconstruction

===========================================================================================
----------------- testing Mon May 20 04:27:24 UTC 2019 /home/travis/build/icyphy/ptII/ptolemy/domains/de/test/auto/multirate.xml
----------------- Instantiating /home/travis/build/icyphy/ptII/ptolemy/domains/de/test/auto/multirate.xml
2 ms. Memory: 407040K Free: 318131K (78%)
----------------- Invoking toplevel() on ptolemy.moml.MoMLSimpleApplication@5f15de70
----------------- Done invoking toplevel() on ptolemy.moml.MoMLSimpleApplication@5f15de70
reloadAllAccessors: .multirate

===========================================================================================
----------------- testing Mon May 20 04:27:24 UTC 2019 /home/travis/build/icyphy/ptII/ptolemy/domains/de/test/auto/multirate2.xml
----------------- Instantiating /home/travis/build/icyphy/ptII/ptolemy/domains/de/test/auto/multirate2.xml
3 ms. Memory: 407040K Free: 307794K (76%)
----------------- Invoking toplevel() on ptolemy.moml.MoMLSimpleApplication@6a865d66
----------------- Done invoking toplevel() on ptolemy.moml.MoMLSimpleApplication@6a865d66
reloadAllAccessors: .multirate2

===========================================================================================
----------------- testing Mon May 20 04:27:24 UTC 2019 /home/travis/build/icyphy/ptII/ptolemy/domains/de/test/auto/realtime.xml
----------------- Instantiating /home/travis/build/icyphy/ptII/ptolemy/domains/de/test/auto/realtime.xml
10001 ms. Memory: 407040K Free: 297473K (73%)
----------------- Invoking toplevel() on ptolemy.moml.MoMLSimpleApplication@3e468208
----------------- Done invoking toplevel() on ptolemy.moml.MoMLSimpleApplication@3e468208
reloadAllAccessors: .realtime

===========================================================================================
----------------- testing Mon May 20 04:27:34 UTC 2019 /home/travis/build/icyphy/ptII/ptolemy/domains/de/test/auto/relationGroup.xml
----------------- Instantiating /home/travis/build/icyphy/ptII/ptolemy/domains/de/test/auto/relationGroup.xml
1 ms. Memory: 407040K Free: 290408K (71%)
----------------- Invoking toplevel() on ptolemy.moml.MoMLSimpleApplication@79bfc09d
----------------- Done invoking toplevel() on ptolemy.moml.MoMLSimpleApplication@79bfc09d
reloadAllAccessors: .relationGroup

===========================================================================================
----------------- testing Mon May 20 04:27:34 UTC 2019 /home/travis/build/icyphy/ptII/ptolemy/domains/de/test/auto/relationGroup2.xml
----------------- Instantiating /home/travis/build/icyphy/ptII/ptolemy/domains/de/test/auto/relationGroup2.xml
1 ms. Memory: 407040K Free: 283159K (70%)
----------------- Invoking toplevel() on ptolemy.moml.MoMLSimpleApplication@442132ef
----------------- Done invoking toplevel() on ptolemy.moml.MoMLSimpleApplication@442132ef
reloadAllAccessors: .relationGroup2

===========================================================================================
----------------- testing Mon May 20 04:27:34 UTC 2019 /home/travis/build/icyphy/ptII/ptolemy/domains/de/test/auto/sortWithOpaquePorts.xml
----------------- Instantiating /home/travis/build/icyphy/ptII/ptolemy/domains/de/test/auto/sortWithOpaquePorts.xml
1 ms. Memory: 407040K Free: 276270K (68%)
----------------- Invoking toplevel() on ptolemy.moml.MoMLSimpleApplication@5875b95f
----------------- Done invoking toplevel() on ptolemy.moml.MoMLSimpleApplication@5875b95f
reloadAllAccessors: .sortWithOpaquePorts

===========================================================================================
----------------- testing Mon May 20 04:27:34 UTC 2019 /home/travis/build/icyphy/ptII/ptolemy/domains/de/test/auto/transferInputsandOutputs.xml
----------------- Instantiating /home/travis/build/icyphy/ptII/ptolemy/domains/de/test/auto/transferInputsandOutputs.xml
1 ms. Memory: 407040K Free: 265925K (65%)
----------------- Invoking toplevel() on ptolemy.moml.MoMLSimpleApplication@10fcaa3c
----------------- Done invoking toplevel() on ptolemy.moml.MoMLSimpleApplication@10fcaa3c
reloadAllAccessors: .transferInputsandOutputs

===========================================================================================
----------------- testing Mon May 20 04:27:34 UTC 2019 /home/travis/build/icyphy/ptII/ptolemy/domains/de/test/auto/triggerType.xml
----------------- Instantiating /home/travis/build/icyphy/ptII/ptolemy/domains/de/test/auto/triggerType.xml
1 ms. Memory: 407040K Free: 258852K (64%)
----------------- Invoking toplevel() on ptolemy.moml.MoMLSimpleApplication@6ca2a6de
----------------- Done invoking toplevel() on ptolemy.moml.MoMLSimpleApplication@6ca2a6de
reloadAllAccessors: .triggerType
AutoTests.java: About to close Vertx.
AutoTests.java: Vertx closed.
]]></system-out>
  <system-err><![CDATA[java.lang.RuntimeException: Execution failed
	at ptolemy.moml.MoMLSimpleApplication$UnloadThread.run(MoMLSimpleApplication.java:402)
Caused by: ptolemy.kernel.util.IllegalActionException: Found a zero delay loop containing .dependencyLoop.original
  in .dependencyLoop and .dependencyLoop.original
	at ptolemy.actor.util.CausalityInterfaceForComposites._computeOutputPortDepth(CausalityInterfaceForComposites.java:759)
	at ptolemy.actor.util.CausalityInterfaceForComposites._computeInputDepth(CausalityInterfaceForComposites.java:696)
	at ptolemy.actor.util.CausalityInterfaceForComposites._computeOutputPortDepth(CausalityInterfaceForComposites.java:765)
	at ptolemy.actor.util.CausalityInterfaceForComposites._computeInputDepth(CausalityInterfaceForComposites.java:696)
	at ptolemy.actor.util.CausalityInterfaceForComposites._computeOutputPortDepth(CausalityInterfaceForComposites.java:765)
	at ptolemy.actor.util.CausalityInterfaceForComposites._computeInputDepth(CausalityInterfaceForComposites.java:696)
	at ptolemy.actor.util.CausalityInterfaceForComposites._computeActorDepth(CausalityInterfaceForComposites.java:532)
	at ptolemy.actor.util.CausalityInterfaceForComposites.checkForCycles(CausalityInterfaceForComposites.java:96)
	at ptolemy.domains.de.kernel.DEDirector.preinitialize(DEDirector.java:1338)
	at ptolemy.actor.CompositeActor.preinitialize(CompositeActor.java:1828)
	at ptolemy.actor.Manager.preinitializeAndResolveTypes(Manager.java:1040)
	at ptolemy.actor.Manager.initialize(Manager.java:710)
	at ptolemy.actor.Manager.execute(Manager.java:356)
	at ptolemy.actor.Manager.run(Manager.java:1263)
	at ptolemy.actor.Manager$PtolemyRunThread.run(Manager.java:1915)
java.lang.RuntimeException: Execution failed
	at ptolemy.moml.MoMLSimpleApplication$UnloadThread.run(MoMLSimpleApplication.java:402)
Caused by: ptolemy.kernel.util.IllegalActionException: Found a zero delay loop containing .dependencyLoop2.original
  in .dependencyLoop2 and .dependencyLoop2.original
	at ptolemy.actor.util.CausalityInterfaceForComposites._computeOutputPortDepth(CausalityInterfaceForComposites.java:759)
	at ptolemy.actor.util.CausalityInterfaceForComposites._computeInputDepth(CausalityInterfaceForComposites.java:696)
	at ptolemy.actor.util.CausalityInterfaceForComposites._computeOutputPortDepth(CausalityInterfaceForComposites.java:765)
	at ptolemy.actor.util.CausalityInterfaceForComposites._computeInputDepth(CausalityInterfaceForComposites.java:696)
	at ptolemy.actor.util.CausalityInterfaceForComposites._computeOutputPortDepth(CausalityInterfaceForComposites.java:765)
	at ptolemy.actor.util.CausalityInterfaceForComposites._computeInputDepth(CausalityInterfaceForComposites.java:696)
	at ptolemy.actor.util.CausalityInterfaceForComposites._computeActorDepth(CausalityInterfaceForComposites.java:532)
	at ptolemy.actor.util.CausalityInterfaceForComposites.checkForCycles(CausalityInterfaceForComposites.java:96)
	at ptolemy.domains.de.kernel.DEDirector.preinitialize(DEDirector.java:1338)
	at ptolemy.actor.CompositeActor.preinitialize(CompositeActor.java:1828)
	at ptolemy.actor.Manager.preinitializeAndResolveTypes(Manager.java:1040)
	at ptolemy.actor.Manager.initialize(Manager.java:710)
	at ptolemy.actor.Manager.execute(Manager.java:356)
	at ptolemy.actor.Manager.run(Manager.java:1263)
	at ptolemy.actor.Manager$PtolemyRunThread.run(Manager.java:1915)
java.lang.RuntimeException: Execution failed
	at ptolemy.moml.MoMLSimpleApplication$UnloadThread.run(MoMLSimpleApplication.java:402)
Caused by: ptolemy.kernel.util.IllegalActionException: Found a zero delay loop containing .dependencyLoop.original
  in .dependencyLoop and .dependencyLoop.original
	at ptolemy.actor.util.CausalityInterfaceForComposites._computeOutputPortDepth(CausalityInterfaceForComposites.java:759)
	at ptolemy.actor.util.CausalityInterfaceForComposites._computeInputDepth(CausalityInterfaceForComposites.java:696)
	at ptolemy.actor.util.CausalityInterfaceForComposites._computeOutputPortDepth(CausalityInterfaceForComposites.java:765)
	at ptolemy.actor.util.CausalityInterfaceForComposites._computeInputDepth(CausalityInterfaceForComposites.java:696)
	at ptolemy.actor.util.CausalityInterfaceForComposites._computeOutputPortDepth(CausalityInterfaceForComposites.java:765)
	at ptolemy.actor.util.CausalityInterfaceForComposites._computeInputDepth(CausalityInterfaceForComposites.java:696)
	at ptolemy.actor.util.CausalityInterfaceForComposites._computeActorDepth(CausalityInterfaceForComposites.java:532)
	at ptolemy.actor.util.CausalityInterfaceForComposites.checkForCycles(CausalityInterfaceForComposites.java:96)
	at ptolemy.domains.de.kernel.DEDirector.preinitialize(DEDirector.java:1338)
	at ptolemy.actor.CompositeActor.preinitialize(CompositeActor.java:1828)
	at ptolemy.actor.Manager.preinitializeAndResolveTypes(Manager.java:1040)
	at ptolemy.actor.Manager.initialize(Manager.java:710)
	at ptolemy.actor.Manager.execute(Manager.java:356)
	at ptolemy.actor.Manager.run(Manager.java:1263)
	at ptolemy.actor.Manager$PtolemyRunThread.run(Manager.java:1915)
java.lang.RuntimeException: Execution failed
	at ptolemy.moml.MoMLSimpleApplication$UnloadThread.run(MoMLSimpleApplication.java:402)
Caused by: ptolemy.kernel.util.IllegalActionException: Actor is not ready to fire.  Perhaps UpSample.prefire() returned false? Try debugging the actor by selecting "Listen to Actor".  Also, for SDF check moml for tokenConsumptionRate on input.
  in .DESDFClockTest.Play Bell.Copy1:SDF Director and .DESDFClockTest.Play Bell.UpSample
	at ptolemy.actor.sched.StaticSchedulingDirector.fire(StaticSchedulingDirector.java:227)
	at ptolemy.domains.sdf.kernel.SDFDirector.fire(SDFDirector.java:500)
	at ptolemy.actor.CompositeActor.fire(CompositeActor.java:455)
	at ptolemy.domains.de.kernel.DEDirector._fire(DEDirector.java:1949)
	at ptolemy.domains.de.kernel.DEDirector.fire(DEDirector.java:502)
	at ptolemy.actor.CompositeActor.fire(CompositeActor.java:455)
	at ptolemy.actor.Manager.iterate(Manager.java:851)
	at ptolemy.actor.Manager.execute(Manager.java:369)
	at ptolemy.actor.Manager.run(Manager.java:1263)
	at ptolemy.actor.Manager$PtolemyRunThread.run(Manager.java:1915)
java.lang.RuntimeException: Execution failed
	at ptolemy.moml.MoMLSimpleApplication$UnloadThread.run(MoMLSimpleApplication.java:402)
Caused by: ptolemy.kernel.util.IllegalActionException: Found a zero delay loop containing .dependencyLoop2.original
  in .dependencyLoop2 and .dependencyLoop2.original
	at ptolemy.actor.util.CausalityInterfaceForComposites._computeOutputPortDepth(CausalityInterfaceForComposites.java:759)
	at ptolemy.actor.util.CausalityInterfaceForComposites._computeInputDepth(CausalityInterfaceForComposites.java:696)
	at ptolemy.actor.util.CausalityInterfaceForComposites._computeOutputPortDepth(CausalityInterfaceForComposites.java:765)
	at ptolemy.actor.util.CausalityInterfaceForComposites._computeInputDepth(CausalityInterfaceForComposites.java:696)
	at ptolemy.actor.util.CausalityInterfaceForComposites._computeOutputPortDepth(CausalityInterfaceForComposites.java:765)
	at ptolemy.actor.util.CausalityInterfaceForComposites._computeInputDepth(CausalityInterfaceForComposites.java:696)
	at ptolemy.actor.util.CausalityInterfaceForComposites._computeActorDepth(CausalityInterfaceForComposites.java:532)
	at ptolemy.actor.util.CausalityInterfaceForComposites.checkForCycles(CausalityInterfaceForComposites.java:96)
	at ptolemy.domains.de.kernel.DEDirector.preinitialize(DEDirector.java:1338)
	at ptolemy.actor.CompositeActor.preinitialize(CompositeActor.java:1828)
	at ptolemy.actor.Manager.preinitializeAndResolveTypes(Manager.java:1040)
	at ptolemy.actor.Manager.initialize(Manager.java:710)
	at ptolemy.actor.Manager.execute(Manager.java:356)
	at ptolemy.actor.Manager.run(Manager.java:1263)
	at ptolemy.actor.Manager$PtolemyRunThread.run(Manager.java:1915)
java.lang.RuntimeException: Execution failed
	at ptolemy.moml.MoMLSimpleApplication$UnloadThread.run(MoMLSimpleApplication.java:402)
Caused by: ptolemy.kernel.util.IllegalActionException: Found a zero delay loop containing .HierarchicalModel.A
  in .HierarchicalModel and .HierarchicalModel.A
	at ptolemy.actor.util.CausalityInterfaceForComposites._computeOutputPortDepth(CausalityInterfaceForComposites.java:759)
	at ptolemy.actor.util.CausalityInterfaceForComposites._computeInputDepth(CausalityInterfaceForComposites.java:696)
	at ptolemy.actor.util.CausalityInterfaceForComposites._computeOutputPortDepth(CausalityInterfaceForComposites.java:765)
	at ptolemy.actor.util.CausalityInterfaceForComposites._computeInputDepth(CausalityInterfaceForComposites.java:696)
	at ptolemy.actor.util.CausalityInterfaceForComposites._computeOutputPortDepth(CausalityInterfaceForComposites.java:765)
	at ptolemy.actor.util.CausalityInterfaceForComposites._computeInputDepth(CausalityInterfaceForComposites.java:696)
	at ptolemy.actor.util.CausalityInterfaceForComposites._computeActorDepth(CausalityInterfaceForComposites.java:532)
	at ptolemy.actor.util.CausalityInterfaceForComposites.checkForCycles(CausalityInterfaceForComposites.java:96)
	at ptolemy.domains.de.kernel.DEDirector.preinitialize(DEDirector.java:1338)
	at ptolemy.actor.CompositeActor.preinitialize(CompositeActor.java:1828)
	at ptolemy.actor.Manager.preinitializeAndResolveTypes(Manager.java:1040)
	at ptolemy.actor.Manager.initialize(Manager.java:710)
	at ptolemy.actor.Manager.execute(Manager.java:356)
	at ptolemy.actor.Manager.run(Manager.java:1263)
	at ptolemy.actor.Manager$PtolemyRunThread.run(Manager.java:1915)
java.lang.RuntimeException: Execution failed
	at ptolemy.moml.MoMLSimpleApplication$UnloadThread.run(MoMLSimpleApplication.java:402)
Caused by: ptolemy.kernel.util.IllegalActionException: Test fails in iteration 1.
Value was: 1.0. Should have been: 2.0
  in .DirectFeedback.Test
	at ptolemy.actor.lib.Test.fire(Test.java:268)
	at ptolemy.domains.de.kernel.DEDirector._fire(DEDirector.java:1949)
	at ptolemy.domains.de.kernel.DEDirector.fire(DEDirector.java:502)
	at ptolemy.actor.CompositeActor.fire(CompositeActor.java:455)
	at ptolemy.actor.Manager.iterate(Manager.java:851)
	at ptolemy.actor.Manager.execute(Manager.java:369)
	at ptolemy.actor.Manager.run(Manager.java:1263)
	at ptolemy.actor.Manager$PtolemyRunThread.run(Manager.java:1915)
java.lang.RuntimeException: Execution failed
	at ptolemy.moml.MoMLSimpleApplication$UnloadThread.run(MoMLSimpleApplication.java:402)
Caused by: ptolemy.kernel.util.IllegalActionException: Actor is not ready to fire.  Perhaps UpSample.prefire() returned false? Try debugging the actor by selecting "Listen to Actor".  Also, for SDF check moml for tokenConsumptionRate on input.
  in .DESDFClockTest.Play Bell.Copy1:SDF Director and .DESDFClockTest.Play Bell.UpSample
	at ptolemy.actor.sched.StaticSchedulingDirector.fire(StaticSchedulingDirector.java:227)
	at ptolemy.domains.sdf.kernel.SDFDirector.fire(SDFDirector.java:500)
	at ptolemy.actor.CompositeActor.fire(CompositeActor.java:455)
	at ptolemy.domains.de.kernel.DEDirector._fire(DEDirector.java:1949)
	at ptolemy.domains.de.kernel.DEDirector.fire(DEDirector.java:502)
	at ptolemy.actor.CompositeActor.fire(CompositeActor.java:455)
	at ptolemy.actor.Manager.iterate(Manager.java:851)
	at ptolemy.actor.Manager.execute(Manager.java:369)
	at ptolemy.actor.Manager.run(Manager.java:1263)
	at ptolemy.actor.Manager$PtolemyRunThread.run(Manager.java:1915)
java.lang.reflect.InvocationTargetException
	at sun.reflect.NativeConstructorAccessorImpl.newInstance0(Native Method)
	at sun.reflect.NativeConstructorAccessorImpl.newInstance(NativeConstructorAccessorImpl.java:62)
	at sun.reflect.DelegatingConstructorAccessorImpl.newInstance(DelegatingConstructorAccessorImpl.java:45)
	at java.lang.reflect.Constructor.newInstance(Constructor.java:423)
	at ptolemy.util.test.junit.AutoKnownFailedTests.RunModel(AutoKnownFailedTests.java:105)
	at sun.reflect.NativeMethodAccessorImpl.invoke0(Native Method)
	at sun.reflect.NativeMethodAccessorImpl.invoke(NativeMethodAccessorImpl.java:62)
	at sun.reflect.DelegatingMethodAccessorImpl.invoke(DelegatingMethodAccessorImpl.java:43)
	at java.lang.reflect.Method.invoke(Method.java:498)
	at org.junit.runners.model.FrameworkMethod$1.runReflectiveCall(FrameworkMethod.java:44)
	at org.junit.internal.runners.model.ReflectiveCallable.run(ReflectiveCallable.java:15)
	at org.junit.runners.model.FrameworkMethod.invokeExplosively(FrameworkMethod.java:41)
	at junitparams.internal.InvokeParameterisedMethod.evaluate(InvokeParameterisedMethod.java:102)
	at org.junit.internal.runners.statements.FailOnTimeout$1.run(FailOnTimeout.java:28)
Caused by: ptolemy.kernel.util.IllegalActionException: Actor is not ready to fire.  Perhaps UpSample.prefire() returned false? Try debugging the actor by selecting "Listen to Actor".  Also, for SDF check moml for tokenConsumptionRate on input.
  in .DESDFClockTest.Play Bell.Copy1:SDF Director and .DESDFClockTest.Play Bell.UpSample
	at ptolemy.actor.sched.StaticSchedulingDirector.fire(StaticSchedulingDirector.java:227)
	at ptolemy.domains.sdf.kernel.SDFDirector.fire(SDFDirector.java:500)
	at ptolemy.actor.CompositeActor.fire(CompositeActor.java:455)
	at ptolemy.domains.de.kernel.DEDirector._fire(DEDirector.java:1949)
	at ptolemy.domains.de.kernel.DEDirector.fire(DEDirector.java:502)
	at ptolemy.actor.CompositeActor.fire(CompositeActor.java:455)
	at ptolemy.actor.Manager.iterate(Manager.java:851)
	at ptolemy.actor.Manager.execute(Manager.java:369)
	at ptolemy.actor.Manager.run(Manager.java:1263)
	at ptolemy.actor.Manager$PtolemyRunThread.run(Manager.java:1915)
java.lang.RuntimeException: Execution failed
	at ptolemy.moml.MoMLSimpleApplication$UnloadThread.run(MoMLSimpleApplication.java:402)
Caused by: ptolemy.kernel.util.IllegalActionException: Test fails in iteration 1.
Value was: 1.0. Should have been: 2.0
  in .DirectFeedback.Test
	at ptolemy.actor.lib.Test.fire(Test.java:268)
	at ptolemy.domains.de.kernel.DEDirector._fire(DEDirector.java:1949)
	at ptolemy.domains.de.kernel.DEDirector.fire(DEDirector.java:502)
	at ptolemy.actor.CompositeActor.fire(CompositeActor.java:455)
	at ptolemy.actor.Manager.iterate(Manager.java:851)
	at ptolemy.actor.Manager.execute(Manager.java:369)
	at ptolemy.actor.Manager.run(Manager.java:1263)
	at ptolemy.actor.Manager$PtolemyRunThread.run(Manager.java:1915)
java.lang.reflect.InvocationTargetException
	at sun.reflect.NativeConstructorAccessorImpl.newInstance0(Native Method)
	at sun.reflect.NativeConstructorAccessorImpl.newInstance(NativeConstructorAccessorImpl.java:62)
	at sun.reflect.DelegatingConstructorAccessorImpl.newInstance(DelegatingConstructorAccessorImpl.java:45)
	at java.lang.reflect.Constructor.newInstance(Constructor.java:423)
	at ptolemy.util.test.junit.AutoKnownFailedTests.RunModel(AutoKnownFailedTests.java:105)
	at sun.reflect.NativeMethodAccessorImpl.invoke0(Native Method)
	at sun.reflect.NativeMethodAccessorImpl.invoke(NativeMethodAccessorImpl.java:62)
	at sun.reflect.DelegatingMethodAccessorImpl.invoke(DelegatingMethodAccessorImpl.java:43)
	at java.lang.reflect.Method.invoke(Method.java:498)
	at org.junit.runners.model.FrameworkMethod$1.runReflectiveCall(FrameworkMethod.java:44)
	at org.junit.internal.runners.model.ReflectiveCallable.run(ReflectiveCallable.java:15)
	at org.junit.runners.model.FrameworkMethod.invokeExplosively(FrameworkMethod.java:41)
	at junitparams.internal.InvokeParameterisedMethod.evaluate(InvokeParameterisedMethod.java:102)
	at org.junit.internal.runners.statements.FailOnTimeout$1.run(FailOnTimeout.java:28)
Caused by: ptolemy.kernel.util.IllegalActionException: Test fails in iteration 1.
Value was: 1.0. Should have been: 2.0
  in .DirectFeedback.Test
	at ptolemy.actor.lib.Test.fire(Test.java:268)
	at ptolemy.domains.de.kernel.DEDirector._fire(DEDirector.java:1949)
	at ptolemy.domains.de.kernel.DEDirector.fire(DEDirector.java:502)
	at ptolemy.actor.CompositeActor.fire(CompositeActor.java:455)
	at ptolemy.actor.Manager.iterate(Manager.java:851)
	at ptolemy.actor.Manager.execute(Manager.java:369)
	at ptolemy.actor.Manager.run(Manager.java:1263)
	at ptolemy.actor.Manager$PtolemyRunThread.run(Manager.java:1915)
java.lang.RuntimeException: Execution failed
	at ptolemy.moml.MoMLSimpleApplication$UnloadThread.run(MoMLSimpleApplication.java:402)
Caused by: ptolemy.kernel.util.IllegalActionException: Found a zero delay loop containing .HierarchicalModel.A
  in .HierarchicalModel and .HierarchicalModel.A
	at ptolemy.actor.util.CausalityInterfaceForComposites._computeOutputPortDepth(CausalityInterfaceForComposites.java:759)
	at ptolemy.actor.util.CausalityInterfaceForComposites._computeInputDepth(CausalityInterfaceForComposites.java:696)
	at ptolemy.actor.util.CausalityInterfaceForComposites._computeOutputPortDepth(CausalityInterfaceForComposites.java:765)
	at ptolemy.actor.util.CausalityInterfaceForComposites._computeInputDepth(CausalityInterfaceForComposites.java:696)
	at ptolemy.actor.util.CausalityInterfaceForComposites._computeOutputPortDepth(CausalityInterfaceForComposites.java:765)
	at ptolemy.actor.util.CausalityInterfaceForComposites._computeInputDepth(CausalityInterfaceForComposites.java:696)
	at ptolemy.actor.util.CausalityInterfaceForComposites._computeActorDepth(CausalityInterfaceForComposites.java:532)
	at ptolemy.actor.util.CausalityInterfaceForComposites.checkForCycles(CausalityInterfaceForComposites.java:96)
	at ptolemy.domains.de.kernel.DEDirector.preinitialize(DEDirector.java:1338)
	at ptolemy.actor.CompositeActor.preinitialize(CompositeActor.java:1828)
	at ptolemy.actor.Manager.preinitializeAndResolveTypes(Manager.java:1040)
	at ptolemy.actor.Manager.initialize(Manager.java:710)
	at ptolemy.actor.Manager.execute(Manager.java:356)
	at ptolemy.actor.Manager.run(Manager.java:1263)
	at ptolemy.actor.Manager$PtolemyRunThread.run(Manager.java:1915)
java.lang.reflect.InvocationTargetException
	at sun.reflect.NativeConstructorAccessorImpl.newInstance0(Native Method)
	at sun.reflect.NativeConstructorAccessorImpl.newInstance(NativeConstructorAccessorImpl.java:62)
	at sun.reflect.DelegatingConstructorAccessorImpl.newInstance(DelegatingConstructorAccessorImpl.java:45)
	at java.lang.reflect.Constructor.newInstance(Constructor.java:423)
	at ptolemy.util.test.junit.AutoKnownFailedTests.RunModel(AutoKnownFailedTests.java:105)
	at sun.reflect.NativeMethodAccessorImpl.invoke0(Native Method)
	at sun.reflect.NativeMethodAccessorImpl.invoke(NativeMethodAccessorImpl.java:62)
	at sun.reflect.DelegatingMethodAccessorImpl.invoke(DelegatingMethodAccessorImpl.java:43)
	at java.lang.reflect.Method.invoke(Method.java:498)
	at org.junit.runners.model.FrameworkMethod$1.runReflectiveCall(FrameworkMethod.java:44)
	at org.junit.internal.runners.model.ReflectiveCallable.run(ReflectiveCallable.java:15)
	at org.junit.runners.model.FrameworkMethod.invokeExplosively(FrameworkMethod.java:41)
	at junitparams.internal.InvokeParameterisedMethod.evaluate(InvokeParameterisedMethod.java:102)
	at org.junit.internal.runners.statements.FailOnTimeout$1.run(FailOnTimeout.java:28)
Caused by: ptolemy.kernel.util.IllegalActionException: Found a zero delay loop containing .HierarchicalModel.A
  in .HierarchicalModel and .HierarchicalModel.A
	at ptolemy.actor.util.CausalityInterfaceForComposites._computeOutputPortDepth(CausalityInterfaceForComposites.java:759)
	at ptolemy.actor.util.CausalityInterfaceForComposites._computeInputDepth(CausalityInterfaceForComposites.java:696)
	at ptolemy.actor.util.CausalityInterfaceForComposites._computeOutputPortDepth(CausalityInterfaceForComposites.java:765)
	at ptolemy.actor.util.CausalityInterfaceForComposites._computeInputDepth(CausalityInterfaceForComposites.java:696)
	at ptolemy.actor.util.CausalityInterfaceForComposites._computeOutputPortDepth(CausalityInterfaceForComposites.java:765)
	at ptolemy.actor.util.CausalityInterfaceForComposites._computeInputDepth(CausalityInterfaceForComposites.java:696)
	at ptolemy.actor.util.CausalityInterfaceForComposites._computeActorDepth(CausalityInterfaceForComposites.java:532)
	at ptolemy.actor.util.CausalityInterfaceForComposites.checkForCycles(CausalityInterfaceForComposites.java:96)
	at ptolemy.domains.de.kernel.DEDirector.preinitialize(DEDirector.java:1338)
	at ptolemy.actor.CompositeActor.preinitialize(CompositeActor.java:1828)
	at ptolemy.actor.Manager.preinitializeAndResolveTypes(Manager.java:1040)
	at ptolemy.actor.Manager.initialize(Manager.java:710)
	at ptolemy.actor.Manager.execute(Manager.java:356)
	at ptolemy.actor.Manager.run(Manager.java:1263)
	at ptolemy.actor.Manager$PtolemyRunThread.run(Manager.java:1915)
java.lang.RuntimeException: Execution failed
	at ptolemy.moml.MoMLSimpleApplication$UnloadThread.run(MoMLSimpleApplication.java:402)
Caused by: ptolemy.kernel.util.IllegalActionException: Found a zero delay loop containing .dependencyLoop.original
  in .dependencyLoop and .dependencyLoop.original
	at ptolemy.actor.util.CausalityInterfaceForComposites._computeOutputPortDepth(CausalityInterfaceForComposites.java:759)
	at ptolemy.actor.util.CausalityInterfaceForComposites._computeInputDepth(CausalityInterfaceForComposites.java:696)
	at ptolemy.actor.util.CausalityInterfaceForComposites._computeOutputPortDepth(CausalityInterfaceForComposites.java:765)
	at ptolemy.actor.util.CausalityInterfaceForComposites._computeInputDepth(CausalityInterfaceForComposites.java:696)
	at ptolemy.actor.util.CausalityInterfaceForComposites._computeOutputPortDepth(CausalityInterfaceForComposites.java:765)
	at ptolemy.actor.util.CausalityInterfaceForComposites._computeInputDepth(CausalityInterfaceForComposites.java:696)
	at ptolemy.actor.util.CausalityInterfaceForComposites._computeActorDepth(CausalityInterfaceForComposites.java:532)
	at ptolemy.actor.util.CausalityInterfaceForComposites.checkForCycles(CausalityInterfaceForComposites.java:96)
	at ptolemy.domains.de.kernel.DEDirector.preinitialize(DEDirector.java:1338)
	at ptolemy.actor.CompositeActor.preinitialize(CompositeActor.java:1828)
	at ptolemy.actor.Manager.preinitializeAndResolveTypes(Manager.java:1040)
	at ptolemy.actor.Manager.initialize(Manager.java:710)
	at ptolemy.actor.Manager.execute(Manager.java:356)
	at ptolemy.actor.Manager.run(Manager.java:1263)
	at ptolemy.actor.Manager$PtolemyRunThread.run(Manager.java:1915)
java.lang.reflect.InvocationTargetException
	at sun.reflect.NativeConstructorAccessorImpl.newInstance0(Native Method)
	at sun.reflect.NativeConstructorAccessorImpl.newInstance(NativeConstructorAccessorImpl.java:62)
	at sun.reflect.DelegatingConstructorAccessorImpl.newInstance(DelegatingConstructorAccessorImpl.java:45)
	at java.lang.reflect.Constructor.newInstance(Constructor.java:423)
	at ptolemy.util.test.junit.AutoKnownFailedTests.RunModel(AutoKnownFailedTests.java:105)
	at sun.reflect.NativeMethodAccessorImpl.invoke0(Native Method)
	at sun.reflect.NativeMethodAccessorImpl.invoke(NativeMethodAccessorImpl.java:62)
	at sun.reflect.DelegatingMethodAccessorImpl.invoke(DelegatingMethodAccessorImpl.java:43)
	at java.lang.reflect.Method.invoke(Method.java:498)
	at org.junit.runners.model.FrameworkMethod$1.runReflectiveCall(FrameworkMethod.java:44)
	at org.junit.internal.runners.model.ReflectiveCallable.run(ReflectiveCallable.java:15)
	at org.junit.runners.model.FrameworkMethod.invokeExplosively(FrameworkMethod.java:41)
	at junitparams.internal.InvokeParameterisedMethod.evaluate(InvokeParameterisedMethod.java:102)
	at org.junit.internal.runners.statements.FailOnTimeout$1.run(FailOnTimeout.java:28)
Caused by: ptolemy.kernel.util.IllegalActionException: Found a zero delay loop containing .dependencyLoop.original
  in .dependencyLoop and .dependencyLoop.original
	at ptolemy.actor.util.CausalityInterfaceForComposites._computeOutputPortDepth(CausalityInterfaceForComposites.java:759)
	at ptolemy.actor.util.CausalityInterfaceForComposites._computeInputDepth(CausalityInterfaceForComposites.java:696)
	at ptolemy.actor.util.CausalityInterfaceForComposites._computeOutputPortDepth(CausalityInterfaceForComposites.java:765)
	at ptolemy.actor.util.CausalityInterfaceForComposites._computeInputDepth(CausalityInterfaceForComposites.java:696)
	at ptolemy.actor.util.CausalityInterfaceForComposites._computeOutputPortDepth(CausalityInterfaceForComposites.java:765)
	at ptolemy.actor.util.CausalityInterfaceForComposites._computeInputDepth(CausalityInterfaceForComposites.java:696)
	at ptolemy.actor.util.CausalityInterfaceForComposites._computeActorDepth(CausalityInterfaceForComposites.java:532)
	at ptolemy.actor.util.CausalityInterfaceForComposites.checkForCycles(CausalityInterfaceForComposites.java:96)
	at ptolemy.domains.de.kernel.DEDirector.preinitialize(DEDirector.java:1338)
	at ptolemy.actor.CompositeActor.preinitialize(CompositeActor.java:1828)
	at ptolemy.actor.Manager.preinitializeAndResolveTypes(Manager.java:1040)
	at ptolemy.actor.Manager.initialize(Manager.java:710)
	at ptolemy.actor.Manager.execute(Manager.java:356)
	at ptolemy.actor.Manager.run(Manager.java:1263)
	at ptolemy.actor.Manager$PtolemyRunThread.run(Manager.java:1915)
java.lang.RuntimeException: Execution failed
	at ptolemy.moml.MoMLSimpleApplication$UnloadThread.run(MoMLSimpleApplication.java:402)
Caused by: ptolemy.kernel.util.IllegalActionException: Found a zero delay loop containing .dependencyLoop2.original
  in .dependencyLoop2 and .dependencyLoop2.original
	at ptolemy.actor.util.CausalityInterfaceForComposites._computeOutputPortDepth(CausalityInterfaceForComposites.java:759)
	at ptolemy.actor.util.CausalityInterfaceForComposites._computeInputDepth(CausalityInterfaceForComposites.java:696)
	at ptolemy.actor.util.CausalityInterfaceForComposites._computeOutputPortDepth(CausalityInterfaceForComposites.java:765)
	at ptolemy.actor.util.CausalityInterfaceForComposites._computeInputDepth(CausalityInterfaceForComposites.java:696)
	at ptolemy.actor.util.CausalityInterfaceForComposites._computeOutputPortDepth(CausalityInterfaceForComposites.java:765)
	at ptolemy.actor.util.CausalityInterfaceForComposites._computeInputDepth(CausalityInterfaceForComposites.java:696)
	at ptolemy.actor.util.CausalityInterfaceForComposites._computeActorDepth(CausalityInterfaceForComposites.java:532)
	at ptolemy.actor.util.CausalityInterfaceForComposites.checkForCycles(CausalityInterfaceForComposites.java:96)
	at ptolemy.domains.de.kernel.DEDirector.preinitialize(DEDirector.java:1338)
	at ptolemy.actor.CompositeActor.preinitialize(CompositeActor.java:1828)
	at ptolemy.actor.Manager.preinitializeAndResolveTypes(Manager.java:1040)
	at ptolemy.actor.Manager.initialize(Manager.java:710)
	at ptolemy.actor.Manager.execute(Manager.java:356)
	at ptolemy.actor.Manager.run(Manager.java:1263)
	at ptolemy.actor.Manager$PtolemyRunThread.run(Manager.java:1915)
java.lang.reflect.InvocationTargetException
	at sun.reflect.NativeConstructorAccessorImpl.newInstance0(Native Method)
	at sun.reflect.NativeConstructorAccessorImpl.newInstance(NativeConstructorAccessorImpl.java:62)
	at sun.reflect.DelegatingConstructorAccessorImpl.newInstance(DelegatingConstructorAccessorImpl.java:45)
	at java.lang.reflect.Constructor.newInstance(Constructor.java:423)
	at ptolemy.util.test.junit.AutoKnownFailedTests.RunModel(AutoKnownFailedTests.java:105)
	at sun.reflect.NativeMethodAccessorImpl.invoke0(Native Method)
	at sun.reflect.NativeMethodAccessorImpl.invoke(NativeMethodAccessorImpl.java:62)
	at sun.reflect.DelegatingMethodAccessorImpl.invoke(DelegatingMethodAccessorImpl.java:43)
	at java.lang.reflect.Method.invoke(Method.java:498)
	at org.junit.runners.model.FrameworkMethod$1.runReflectiveCall(FrameworkMethod.java:44)
	at org.junit.internal.runners.model.ReflectiveCallable.run(ReflectiveCallable.java:15)
	at org.junit.runners.model.FrameworkMethod.invokeExplosively(FrameworkMethod.java:41)
	at junitparams.internal.InvokeParameterisedMethod.evaluate(InvokeParameterisedMethod.java:102)
	at org.junit.internal.runners.statements.FailOnTimeout$1.run(FailOnTimeout.java:28)
Caused by: ptolemy.kernel.util.IllegalActionException: Found a zero delay loop containing .dependencyLoop2.original
  in .dependencyLoop2 and .dependencyLoop2.original
	at ptolemy.actor.util.CausalityInterfaceForComposites._computeOutputPortDepth(CausalityInterfaceForComposites.java:759)
	at ptolemy.actor.util.CausalityInterfaceForComposites._computeInputDepth(CausalityInterfaceForComposites.java:696)
	at ptolemy.actor.util.CausalityInterfaceForComposites._computeOutputPortDepth(CausalityInterfaceForComposites.java:765)
	at ptolemy.actor.util.CausalityInterfaceForComposites._computeInputDepth(CausalityInterfaceForComposites.java:696)
	at ptolemy.actor.util.CausalityInterfaceForComposites._computeOutputPortDepth(CausalityInterfaceForComposites.java:765)
	at ptolemy.actor.util.CausalityInterfaceForComposites._computeInputDepth(CausalityInterfaceForComposites.java:696)
	at ptolemy.actor.util.CausalityInterfaceForComposites._computeActorDepth(CausalityInterfaceForComposites.java:532)
	at ptolemy.actor.util.CausalityInterfaceForComposites.checkForCycles(CausalityInterfaceForComposites.java:96)
	at ptolemy.domains.de.kernel.DEDirector.preinitialize(DEDirector.java:1338)
	at ptolemy.actor.CompositeActor.preinitialize(CompositeActor.java:1828)
	at ptolemy.actor.Manager.preinitializeAndResolveTypes(Manager.java:1040)
	at ptolemy.actor.Manager.initialize(Manager.java:710)
	at ptolemy.actor.Manager.execute(Manager.java:356)
	at ptolemy.actor.Manager.run(Manager.java:1263)
	at ptolemy.actor.Manager$PtolemyRunThread.run(Manager.java:1915)
]]></system-err>
</testsuite>
