<?xml version="1.0" encoding="UTF-8" ?>
<testsuite errors="1" failures="1" hostname="travis-job-ad73fa1d-1be2-4bdf-a7af-076a1339761e" name="ptolemy.actor.lib.test.junit.JUnitTclTest" skipped="0" tests="517" time="65.401" timestamp="2019-07-14T04:56:16">
  <properties>
    <property name="npm.executable" value="npm" />
    <property name="env.TRAVIS_ROOT" value="/" />
    <property name="ptII.mk.exists" value="true" />
    <property name="env.TRAVIS_APP_HOST" value="build.travis-ci.org" />
    <property name="env.rvm_bin_path" value="/home/travis/.rvm/bin" />
    <property name="java.home" value="/usr/local/lib/jvm/openjdk11" />
    <property name="env.TRAVIS_JOB_NUMBER" value="1234.8" />
    <property name="env.TRAVIS_HOME" value="/home/travis" />
    <property name="env.DISPLAY" value=":99.0" />
    <property name="env.TRAVIS_INIT" value="systemd" />
    <property name="env.SSH_TTY" value="/dev/pts/0" />
    <property name="java.net.preferIPv4Stack" value="true" />
    <property name="env.RUN_TESTS" value="true" />
    <property name="timeout.short" value="1000000" />
    <property name="junit.formatter" value="xml" />
    <property name="env.TRAVIS_SUDO" value="true" />
    <property name="env.TRAVIS_JOB_NAME" value="" />
    <property name="env.TRAVIS_STACK_NODE_ATTRIBUTES" value="/.node-attributes.yml" />
    <property name="env.LOGNAME" value="travis" />
    <property name="env.PT_TRAVIS_TEST_CORE1_XML" value="true" />
    <property name="jsdoc.home" value="node_modules/@terraswarm/jsdoc" />
    <property name="debuglevel" value="source,lines,vars" />
    <property name="checkstyle.formatter" value="xml" />
    <property name="env._system_version" value="16.04" />
    <property name="bin.vergil.makeable" value="true" />
    <property name="sun.os.patch.level" value="unknown" />
    <property name="java.vendor.url" value="http://java.oracle.com/" />
    <property name="env.TRAVIS_BUILD_WEB_URL" value="https://travis-ci.org/icyphy/ptII/builds/558426102" />
    <property name="java.version" value="11.0.2" />
    <property name="env.TZ" value="UTC" />
    <property name="env.TRAVIS_PULL_REQUEST_SHA" value="" />
    <property name="env.PT_NO_NET" value="true" />
    <property name="env.TRAVIS_SECURE_ENV_VARS" value="true" />
    <property name="env._system_type" value="Linux" />
    <property name="java.vendor.url.bug" value="http://bugreport.java.com/bugreport/" />
    <property name="npmjs-org-is-up" value="true" />
    <property name="env.LANGUAGE" value="en_US.UTF-8" />
    <property name="env.SSH_CLIENT" value="10.10.4.119 42296 22" />
    <property name="env.GEM_HOME" value="/home/travis/.rvm/gems/ruby-2.5.3" />
    <property name="env.HAS_ANTARES_THREE_LITTLE_FRONZIES_BADGE" value="true" />
    <property name="java.version.date" value="2019-01-15" />
    <property name="env.PS4" value="+" />
    <property name="ant.project.invoked-targets" value="build,test.core1.xml" />
    <property name="env.TRAVIS_PULL_REQUEST_BRANCH" value="" />
    <property name="env.TRAVIS_REPO_SLUG" value="icyphy/ptII" />
    <property name="env.XDG_DATA_DIRS" value="/usr/local/share:/usr/share:/var/lib/snapd/desktop" />
    <property name="jdk.debug" value="release" />
    <property name="env.TRAVIS_APT_PROXY" value="http://apt.cache.travis-ci.com" />
    <property name="node.in.path" value="true" />
    <property name="user.name" value="travis" />
    <property name="java.maxmemory" value="1400m" />
    <property name="env.RUBY_VERSION" value="ruby-2.5.3" />
    <property name="env.LANG" value="en_US.UTF-8" />
    <property name="sun.io.unicode.encoding" value="UnicodeLittle" />
    <property name="sun.jnu.encoding" value="UTF-8" />
    <property name="java.runtime.name" value="OpenJDK Runtime Environment" />
    <property name="usefile" value="false" />
    <property name="return.code" value="0" />
    <property name="junit.single.formatter" value="plain" />
    <property name="env.DYLD_LIBRARY_PATH" value="/home/travis/pthla/certi-tools/lib:" />
    <property name="env.DEBIAN_FRONTEND" value="noninteractive" />
    <property name="env.SSH_CONNECTION" value="10.10.4.119 42296 10.20.1.220 22" />
    <property name="env.MYSQL_UNIX_PORT" value="/var/run/mysqld/mysqld.sock" />
    <property name="env.LC_ALL" value="en_US.UTF-8" />
    <property name="env.TRAVIS_ALLOW_FAILURE" value="false" />
    <property name="env.TRAVIS_JOB_WEB_URL" value="https://travis-ci.org/icyphy/ptII/jobs/558426110" />
    <property name="java.specification.name" value="Java Platform API Specification" />
    <property name="node.works" value="true" />
    <property name="user.timezone" value="" />
    <property name="path.separator" value=":" />
    <property name="env.TRAVIS_ENABLE_INFRA_DETECTION" value="true" />
    <property name="env.PYTHON_CFLAGS" value="-g -fstack-protector --param=ssp-buffer-size=4 -Wformat -Werror=format-security" />
    <property name="timeout.long" value="4000000" />
    <property name="env.CERTI_HOME" value="/home/travis/pthla/certi-tools" />
    <property name="ant.file.ptII" value="/home/travis/build/icyphy/ptII/build.xml" />
    <property name="javadoc.packagenames" value="com.*,diva.*,lbnl.*,org.hlacerti.*,org.json.*,org.ptolemy.*,org.terraswarm.*,ptolemy.*,ptserver.*" />
    <property name="file.encoding" value="UTF-8" />
    <property name="env.TRAVIS_PULL_REQUEST_SLUG" value="" />
    <property name="ant.project.default-target" value="build" />
    <property name="env.GIT_ASKPASS" value="echo" />
    <property name="env.HOME" value="/home/travis" />
    <property name="sun.java.command" value="org.apache.tools.ant.taskdefs.optional.junit.JUnitTestRunner ptolemy.actor.lib.test.junit.JUnitTclTest skipNonTests=false filtertrace=true haltOnError=false haltOnFailure=false formatter=org.apache.tools.ant.taskdefs.optional.junit.OutErrSummaryJUnitResultFormatter showoutput=true outputtoformatters=true logfailedtests=true threadid=0 logtestlistenerevents=false formatter=org.apache.tools.ant.taskdefs.optional.junit.XMLJUnitResultFormatter,/home/travis/build/icyphy/ptII/reports/junit/TEST-ptolemy.actor.lib.test.junit.JUnitTclTest.xml crashfile=/home/travis/build/icyphy/ptII/junitvmwatcher11920849760317690527.properties propsfile=/home/travis/build/icyphy/ptII/junit13504527368940045070.properties" />
    <property name="env.COMPOSER_NO_INTERACTION" value="1" />
    <property name="env.MANPATH" value="/home/travis/.nvm/versions/node/v7.10.1/share/man:/home/travis/.rvm/rubies/ruby-2.5.3/share/man:/usr/local/cmake-3.12.4/man:/usr/local/clang-7.0.0/share/man:/usr/local/man:/usr/local/share/man:/usr/share/man:/home/travis/.rvm/man" />
    <property name="env.TRAVIS_TIMER_ID" value="2350e878" />
    <property name="ant.file" value="/home/travis/build/icyphy/ptII/build.xml" />
    <property name="env.TRAVIS_COMMIT_RANGE" value="5824040d305150c2e6a6b32baedcdd54358e9fb6...2577831f9fab501d7888cc6efaf9401f67a7a5ea" />
    <property name="env._system_name" value="Ubuntu" />
    <property name="ptII.classpath.optional.property" value="/home/travis/build/icyphy/ptII/lib/bsh-2.0b4.jar:/home/travis/build/icyphy/ptII/lib/ptCal.jar:/home/travis/build/icyphy/ptII/lib/java_cup.jar:/home/travis/build/icyphy/ptII/lib/saxon8.jar:/home/travis/build/icyphy/ptII/lib/saxon8-dom.jar:/home/travis/build/icyphy/ptII/lib/chic.jar:/home/travis/build/icyphy/ptII/lib/ptcolt.jar:/home/travis/build/icyphy/ptII/vendors/misc/itext/iText.jar:/home/travis/build/icyphy/ptII/lib/g4ltl.jar:/home/travis/build/icyphy/ptII/lib/StructuralCoder.jar:/home/travis/build/icyphy/ptII/vendors/jai-1_1_2_01/lib/jai_core.jar:/home/travis/build/icyphy/ptII/vendors/jai-1_1_2_01/lib/jai_codec.jar:/home/travis/build/icyphy/ptII/lib/jcerti.jar:/home/travis/build/icyphy/ptII/lib/javax.mail.jar:/home/travis/build/icyphy/ptII/vendors/JMF-2.1.1e/lib/jmf.jar:/home/travis/build/icyphy/ptII/lib/jna-4.0.0-variadic.jar:/home/travis/build/icyphy/ptII/vendors/misc/joystick/Joystick.jar:/home/travis/build/icyphy/ptII/lib/ptjacl.jar:/home/travis/build/icyphy/ptII/lib/jsoup-1.8.2.jar:/home/travis/build/icyphy/ptII/lib/junit-4.8.2.jar:/home/travis/build/icyphy/ptII/lib/JUnitParams-0.4.0.jar:/home/travis/build/icyphy/ptII/ptolemy/actor/lib/excel/jxl.jar:/home/travis/build/icyphy/ptII/lib/jython.jar:/home/travis/build/icyphy/ptII/lib/kieler.jar:/home/travis/build/icyphy/ptII/vendors/opencv/share/OpenCV/java/opencv-341.jar:/home/travis/build/icyphy/ptII/lib/oscP5.jar:/home/travis/build/icyphy/ptII/lib/nrjavaserial-3.11.0.devel.jar:/home/travis/build/icyphy/ptII/vendors/j3d/lib/Linux/j3dcore.jar:/home/travis/build/icyphy/ptII/vendors/j3d/lib/Linux/j3dutils.jar:/home/travis/build/icyphy/ptII/vendors/j3d/lib/Linux/vecmath.jar:/home/travis/build/icyphy/ptII/vendors/jogl/lib/Linux/gluegen-rt-natives-linux-amd64.jar:/home/travis/build/icyphy/ptII/vendors/jogl/lib/Linux/gluegen-rt.jar:/home/travis/build/icyphy/ptII/vendors/jogl/lib/Linux/jogl-all-natives-linux-amd64.jar:/home/travis/build/icyphy/ptII/vendors/jogl/lib/Linux/jogl-all.jar:/home/travis/build/icyphy/ptII/vendors/jogl/lib/natives/linux-amd64/gluegen-rt-natives-linux-amd64.jar:/home/travis/build/icyphy/ptII/vendors/jogl/lib/natives/linux-amd64/jogl-all-natives-linux-amd64.jar:/home/travis/build/icyphy/ptII/ptolemy/distributed/jini/jar/jini-core.jar:/home/travis/build/icyphy/ptII/ptolemy/distributed/jini/jar/jini-ext.jar:/home/travis/build/icyphy/ptII/ptolemy/distributed/jini/jar/sun-util.jar:/home/travis/build/icyphy/ptII/lib/protobuf-java-2.4.1.jar:/home/travis/build/icyphy/ptII/lib/org.eclipse.paho.client.mqttv3.jar:/home/travis/build/icyphy/ptII/lib/mapss.jar:/home/travis/build/icyphy/ptII/ptolemy/actor/ptalon/antlr/antlr.jar:/home/travis/build/icyphy/ptII/lib/JRI.jar:/home/travis/build/icyphy/ptII/lib/commons-lang-2.6.jar:/home/travis/build/icyphy/ptII/lib/commons-logging-1.1.1.jar:/home/travis/build/icyphy/ptII/lib/sootclasses.jar:/home/travis/build/icyphy/ptII/ptolemy/actor/lib/database/mysql-connector-java-5.1.6-bin.jar:/home/travis/build/icyphy/ptII/vendors/misc/sphinx4/sphinx4-data-5prealpha.jar:/home/travis/build/icyphy/ptII/vendors/misc/sphinx4/sphinx4-core-5prealpha.jar:/home/travis/build/icyphy/ptII/lib/PDFRenderer.jar:/home/travis/build/icyphy/ptII/lib/svgSalamander.jar:/home/travis/build/icyphy/ptII/lib/rsyntaxtextarea-2.6.0-SNAPSHOT.jar:/home/travis/build/icyphy/ptII/lib/hazelcast-3.8.2.jar:/home/travis/build/icyphy/ptII/lib/jackson-annotations-2.9.0.jar:/home/travis/build/icyphy/ptII/lib/jackson-core-2.9.3.jar:/home/travis/build/icyphy/ptII/lib/jackson-databind-2.9.3.jar:/home/travis/build/icyphy/ptII/lib/netty-buffer-4.1.19.Final.jar:/home/travis/build/icyphy/ptII/lib/netty-codec-4.1.19.Final.jar:/home/travis/build/icyphy/ptII/lib/netty-codec-dns-4.1.19.Final.jar:/home/travis/build/icyphy/ptII/lib/netty-codec-http-4.1.19.Final.jar:/home/travis/build/icyphy/ptII/lib/netty-codec-http2-4.1.19.Final.jar:/home/travis/build/icyphy/ptII/lib/netty-common-4.1.19.Final.jar:/home/travis/build/icyphy/ptII/lib/netty-handler-4.1.19.Final.jar:/home/travis/build/icyphy/ptII/lib/netty-resolver-4.1.19.Final.jar:/home/travis/build/icyphy/ptII/lib/netty-resolver-dns-4.1.19.Final.jar:/home/travis/build/icyphy/ptII/lib/netty-transport-4.1.19.Final.jar:/home/travis/build/icyphy/ptII/lib/vertx-codegen-3.5.1.jar:/home/travis/build/icyphy/ptII/lib/vertx-core-3.5.2-SNAPSHOT.jar:/home/travis/build/icyphy/ptII/lib/vertx-hazelcast-3.5.1.jar:/home/travis/build/icyphy/ptII/lib/vertx-lang-js-3.5.1.jar:/home/travis/build/icyphy/ptII/lib/vertx-service-proxy-3.5.1.jar:/home/travis/build/icyphy/ptII/lib/vertx-web-3.5.1.jar:/home/travis/build/icyphy/ptII/lib/slf4j-api-1.7.13.jar:/home/travis/build/icyphy/ptII/lib/slf4j-simple-1.7.13.jar:/home/travis/build/icyphy/ptII/lib/webcam-capture-0.3.12.jar:/home/travis/build/icyphy/ptII/lib/bridj-0.7.0.jar:/home/travis/build/icyphy/ptII/lib/xbjlib-1.1.0.nrjavaserial.jar" />
    <property name="timeout" value="2400000" />
    <property name="test.batch" value="**/junit/*.java" />
    <property name="env._" value="/usr/bin/timeout" />
    <property name="java.io.tmpdir" value="/tmp" />
    <property name="user.language" value="en" />
    <property name="env.TRAVIS_INTERNAL_RUBY_REGEX" value="^ruby-(2\.[0-4]\.[0-9]|1\.9\.3)" />
    <property name="env.HISTCONTROL" value="ignoredups:ignorespace" />
    <property name="env.GOROOT" value="/home/travis/.gimme/versions/go1.11.1.linux.amd64" />
    <property name="line.separator" value="&#xa;" />
    <property name="target" value="11" />
    <property name="env.TRAVIS_BUILD_DIR" value="/home/travis/build/icyphy/ptII" />
    <property name="env.ANT_OPTS" value="-Xmx2048m" />
    <property name="ant.file.type" value="file" />
    <property name="ptolemy.ptII.batchMode" value="true" />
    <property name="env.HISTSIZE" value="1000" />
    <property name="env.MERB_ENV" value="test" />
    <property name="java.vm.info" value="mixed mode" />
    <property name="source" value="11" />
    <property name="java.vm.specification.name" value="Java Virtual Machine Specification" />
    <property name="env.TRAVIS_TEST_RESULT" value="0" />
    <property name="jsdoc.command" value="node_modules/@terraswarm/jsdoc/jsdoc.js" />
    <property name="npm.works" value="true" />
    <property name="cobertura.dir" value="/home/travis/build/icyphy/ptII/vendors/cobertura-2.0.3" />
    <property name="jsdoc.command.exists" value="true" />
    <property name="env.rvm_path" value="/home/travis/.rvm" />
    <property name="env.GEM_PATH" value="/home/travis/.rvm/gems/ruby-2.5.3:/home/travis/.rvm/gems/ruby-2.5.3@global" />
    <property name="env.LC_CTYPE" value="en_US.UTF-8" />
    <property name="env.TRAVIS_CMD" value="$PTII/bin/ptIITravisBuild.sh $SECONDS" />
    <property name="java.awt.printerjob" value="sun.print.PSPrinterJob" />
    <property name="env.TRAVIS_STACK_NAME" value="sardonyx" />
    <property name="env.TRAVIS_TIMER_START_TIME" value="1563079506243472526" />
    <property name="ant.version" value="Apache Ant(TM) version 1.10.1 compiled on February 2 2017" />
    <property name="ptII.reports" value="/home/travis/build/icyphy/ptII/reports" />
    <property name="env.TRAVIS_STACK_TIMESTAMP" value="2019-03-25 16:16:56 UTC" />
    <property name="ant.file.type.ptII" value="file" />
    <property name="env.RBENV_SHELL" value="bash" />
    <property name="os.name" value="Linux" />
    <property name="java.specification.vendor" value="Oracle Corporation" />
    <property name="env.rvm_version" value="1.29.7 (latest)" />
    <property name="env.TRAVIS_INFRA" value="gce" />
    <property name="env.TERM" value="xterm" />
    <property name="java.vm.name" value="OpenJDK 64-Bit Server VM" />
    <property name="env.TRAVIS_BUILD_NUMBER" value="1234" />
    <property name="env.CI" value="true" />
    <property name="java.library.path" value="/home/travis/pthla/certi-tools/lib:/usr/lib/jni:/usr/local/share/OpenCV/java/:/usr/share/OpenCV/java::/usr/java/packages/lib:/usr/lib64:/lib64:/lib:/usr/lib" />
    <property name="jdk.module.path" value="/home/travis/build/icyphy/ptII/vendors/javafx/javafx-sdk-11.0.2/lib:" />
    <property name="env.rvm_prefix" value="/home/travis" />
    <property name="env.PATH" value="/home/travis/pthla/certi-tools/share/scripts:/home/travis/.rvm/gems/ruby-2.5.3/bin:/home/travis/.rvm/gems/ruby-2.5.3@global/bin:/home/travis/.rvm/rubies/ruby-2.5.3/bin:/home/travis/.rvm/bin:/home/travis/.nvm/versions/node/v7.10.1/bin:./node_modules/.bin:/home/travis/build/icyphy/ptII/bin:/home/travis/pthla/certi-tools/bin:/home/travis/bin:/home/travis/.local/bin:/usr/local/lib/jvm/openjdk11/bin:/opt/pyenv/shims:/home/travis/.phpenv/shims:/home/travis/perl5/perlbrew/bin:/home/travis/gopath/bin:/home/travis/.gimme/versions/go1.11.1.linux.amd64/bin:/usr/local/maven-3.6.0/bin:/usr/local/cmake-3.12.4/bin:/usr/local/clang-7.0.0/bin:/usr/local/sbin:/usr/local/bin:/usr/sbin:/usr/bin:/sbin:/bin:/snap/bin:/home/travis/.phpenv/bin:/opt/pyenv/bin:/home/travis/.yarn/bin" />
    <property name="env.TRAVIS_OS_NAME" value="linux" />
    <property name="ant.java.version" value="9" />
    <property name="basedir" value="/home/travis/build/icyphy/ptII" />
    <property name="java.class.version" value="55.0" />
    <property name="env.SHLVL" value="3" />
    <property name="env.LD_LIBRARY_PATH" value="/home/travis/pthla/certi-tools/lib:/usr/lib/jni:/usr/local/share/OpenCV/java/:/usr/share/OpenCV/java:" />
    <property name="env.RACK_ENV" value="test" />
    <property name="ant.home" value="/home/travis/build/icyphy/ptII/ant" />
    <property name="env.NVM_DIR" value="/home/travis/.nvm" />
    <property name="env.CERTI_FOM_PATH" value="/home/travis/pthla/certi-tools/share/federations" />
    <property name="env.TRAVIS_BUILD_ID" value="558426102" />
    <property name="env.PYENV_ROOT" value="/opt/pyenv" />
    <property name="env.TRAVIS_UID" value="2000" />
    <property name="prism.verbose" value="true" />
    <property name="env.NVM_BIN" value="/home/travis/.nvm/versions/node/v7.10.1/bin" />
    <property name="env.TRAVIS_COMMIT" value="2577831f9fab501d7888cc6efaf9401f67a7a5ea" />
    <property name="env._system_arch" value="x86_64" />
    <property name="node.executable" value="node" />
    <property name="sun.boot.library.path" value="/usr/local/lib/jvm/openjdk11/lib" />
    <property name="sun.management.compiler" value="HotSpot 64-Bit Tiered Compilers" />
    <property name="java.awt.graphicsenv" value="sun.awt.X11GraphicsEnvironment" />
    <property name="env.GOPATH" value="/home/travis/gopath" />
    <property name="ptolemy.ptII.dir" value="/home/travis/build/icyphy/ptII" />
    <property name="env.USER" value="travis" />
    <property name="env.HISTFILESIZE" value="2000" />
    <property name="timeout.longest" value="19000000" />
    <property name="env.PERLBREW_SHELLRC_VERSION" value="0.86" />
    <property name="env.TRAVIS_STACK_FEATURES" value="basic couchdb disabled-ipv6 docker docker-compose elasticsearch firefox go-toolchain google-chrome jdk memcached mongodb mysql nodejs_interpreter perl_interpreter perlbrew phantomjs postgresql python_interpreter redis ruby_interpreter sqlite xserver" />
    <property name="env.TRAVIS_PULL_REQUEST" value="false" />
    <property name="env.PYENV_SHELL" value="bash" />
    <property name="ant.project.name" value="ptII" />
    <property name="env.ANSI_RESET" value="\033[0m" />
    <property name="java.vm.specification.version" value="11" />
    <property name="env.TRAVIS_DIST" value="xenial" />
    <property name="env.CERTI_VERSION" value="4.0.0" />
    <property name="env.CERTI_HOST" value="localhost" />
    <property name="awt.toolkit" value="sun.awt.X11.XToolkit" />
    <property name="env.MY_RUBY_HOME" value="/home/travis/.rvm/rubies/ruby-2.5.3" />
    <property name="sun.cpu.isalist" value="" />
    <property name="env.TRAVIS_TMPDIR" value="/tmp/tmp.Pb0s9WaYrb" />
    <property name="java.vm.compressedOopsMode" value="Zero based" />
    <property name="os.version" value="4.15.0-1028-gcp" />
    <property name="user.home" value="/home/travis" />
    <property name="java.vm.vendor" value="Oracle Corporation" />
    <property name="env.TRAVIS_TAG" value="nightly" />
    <property name="env.ANSI_YELLOW" value="\033[33;1m" />
    <property name="env.TRAVIS_FILTERED" value="redirect_io" />
    <property name="env.ANSI_GREEN" value="\033[32;1m" />
    <property name="env.JAVA_HOME" value="/usr/local/lib/jvm/openjdk11" />
    <property name="javadoc.excludepackagenames" value="adm.cvs2svn.*,build.*,config.*,doc.coding.templates.*,jni.test.jni.meaningOfLife.*,jni.test.jni.testDeux.*,jni.test.jni.testTrois.*,org.terraswarm.accessor.accessors.web.node_modules.*,org.terraswarm.accessor.accessors.web.hosts.cordova.demo.*,org.terraswarm.accessor.accessors.web.hosts.cordova.plugins.*,org.terraswarm.accessor.accessors-svn.*,pt-modules.*,ptolemy.apps.agilent.*,ptolemy.apps.anytimecontrol.*,ptolemy.apps.apes.*,ptolemy.apps.charon.*,ptolemy.apps.crazyboard.*,ptolemy.apps.eclipse.*,ptolemy.apps.etherealSting.*,ptolemy.apps.fullscreen.*,ptolemy.apps.giotto.*,ptolemy.apps.ia.*,ptolemy.apps.interfaces.*,ptolemy.apps.jmf.*,ptolemy.apps.kurt.*,ptolemy.apps.kvm.*,ptolemy.apps.lego.*,ptolemy.apps.lejos.*,ptolemy.apps.midp.*,ptolemy.apps.mobileCoding.*,ptolemy.apps.pendulum.*,ptolemy.apps.rijndael.*,ptolemy.apps.robot.*,ptolemy.apps.security.*,ptolemy.apps.sobel.*,ptolemy.apps.soot.*,ptolemy.apps.throttle.*,ptolemy.apps.tini.*,ptolemy.apps.transmission.*,ptolemy.apps.vergil.*,ptolemy.apps.waba.*,ptolemy.apps.websensor.*,ptolemy.apps.webstart.*,ptolemy.apps.xsl.*,ptolemy.apps.zaurus.*,ptolemy.codegen.c.actor.lib.oldJavaFiles.*,ptolemy.codegen.dsp.lib.*,ptolemy.codegen.kernel.newInterfaces.*,ptolemy.codegen.lib.*,ptolemy.copernicus.kernel.fragment.*,ptolemy.copernicus.shallow.cg.*,ptolemy.domains.giotto.demo.Hierarchy.Hierarchy.*,ptolemy.domains.giotto.demo.Multimode.Multimode.*,ptolemy.domains.giotto.demo.Simple.Simple.*,ptolemy.domains.gr.lib.experimental.*,ptolemy.domains.gro.*,ptolemy.domains.pdf.*,ptolemy.domains.ptinyos.demo.Surge.output.*,ptolemy.moml.test.NoPackageActor.java*,ptolemy.plot.adm.*,ptolemy.plot.servlet.*,reports.*,signed.*,src.*,target.*,vendors.*,ptolemy.copernicus.applet.*,ptolemy.media.viewer.*,ptolemy.actor.corba.*,doc.doclets.*,ptolemy.apps.eclipse.awt.*,ptolemy.backtrack.*,ptolemy.backtrack.ast.*,ptolemy.cg.adapter.generic.program.procedural.c.mbed*,ptolemy.homer.*,org.ptolemy.scala.*,diva.util.java2d.svg.*,ptolemy.domains.ptinyos.*,ptolemy.actor.lib.fmi.fmipp.*,,org.terraswarm.accessor.accessors.web.node_modules.*,org.terraswarm.accessor.accessors-svn,ptolemy.apps.*,ptolemy.actor.ptalon.demo.ptinyos.SendAndReceiveCnt.output,ptolemy.actor.ptalon.demo.ptinyos.SenseToLeds.output,ptolemy.domains.ptinyos.demo.CntToLedsAndRfm.output,ptolemy.domains.ptinyos.demo.RfmToLeds.output,ptolemy.domains.ptinyos.demo.SendAndReceiveCnt.output,ptolemy.domains.ptinyos.demo.SenseToLeds.output,ptolemy.actor.lib.jjs.modules.udpSocket.*" />
    <property name="env.PTII" value="/home/travis/build/icyphy/ptII" />
    <property name="env.XDG_SESSION_ID" value="2" />
    <property name="keystore" value="ptKeystore" />
    <property name="env.TRAVIS_COMMIT_MESSAGE" value="Added JAI_JARS." />
    <property name="junit.output.dir" value="/home/travis/build/icyphy/ptII/reports/junit" />
    <property name="npm.return.code" value="0" />
    <property name="user.dir" value="/home/travis/build/icyphy/ptII/ptolemy/actor/lib/test" />
    <property name="env.TRAVIS_NODE_VERSION" value="7" />
    <property name="env.TRAVIS_EVENT_TYPE" value="cron" />
    <property name="env.MAIL" value="/var/mail/travis" />
    <property name="env.PERLBREW_ROOT" value="/home/travis/perl5/perlbrew" />
    <property name="env.PWD" value="/home/travis/build/icyphy/ptII" />
    <property name="timeout.npm" value="45000" />
    <property name="env.TRAVIS_ARCH" value="amd64" />
    <property name="sun.cpu.endian" value="little" />
    <property name="env.PAGER" value="cat" />
    <property name="env.TRAVIS_BUILD_STAGE_NAME" value="Test" />
    <property name="env.PERLBREW_HOME" value="/home/travis/.perlbrew" />
    <property name="java.vm.version" value="11.0.2+9" />
    <property name="env.RAILS_ENV" value="test" />
    <property name="java.class.path" value="/home/travis/.ptolemyII:/home/travis/.ptolemyII/*:/home/travis/build/icyphy/ptII:/home/travis/build/icyphy/ptII/lib/bsh-2.0b4.jar:/home/travis/build/icyphy/ptII/lib/ptCal.jar:/home/travis/build/icyphy/ptII/lib/java_cup.jar:/home/travis/build/icyphy/ptII/lib/saxon8.jar:/home/travis/build/icyphy/ptII/lib/saxon8-dom.jar:/home/travis/build/icyphy/ptII/lib/chic.jar:/home/travis/build/icyphy/ptII/lib/ptcolt.jar:/home/travis/build/icyphy/ptII/vendors/misc/itext/iText.jar:/home/travis/build/icyphy/ptII/lib/g4ltl.jar:/home/travis/build/icyphy/ptII/lib/StructuralCoder.jar:/home/travis/build/icyphy/ptII/vendors/jai-1_1_2_01/lib/jai_core.jar:/home/travis/build/icyphy/ptII/vendors/jai-1_1_2_01/lib/jai_codec.jar:/home/travis/build/icyphy/ptII/lib/jcerti.jar:/home/travis/build/icyphy/ptII/lib/javax.mail.jar:/home/travis/build/icyphy/ptII/vendors/JMF-2.1.1e/lib/jmf.jar:/home/travis/build/icyphy/ptII/lib/jna-4.0.0-variadic.jar:/home/travis/build/icyphy/ptII/vendors/misc/joystick/Joystick.jar:/home/travis/build/icyphy/ptII/lib/ptjacl.jar:/home/travis/build/icyphy/ptII/lib/jsoup-1.8.2.jar:/home/travis/build/icyphy/ptII/lib/junit-4.8.2.jar:/home/travis/build/icyphy/ptII/lib/JUnitParams-0.4.0.jar:/home/travis/build/icyphy/ptII/ptolemy/actor/lib/excel/jxl.jar:/home/travis/build/icyphy/ptII/lib/jython.jar:/home/travis/build/icyphy/ptII/lib/kieler.jar:/home/travis/build/icyphy/ptII/vendors/opencv/share/OpenCV/java/opencv-341.jar:/home/travis/build/icyphy/ptII/lib/oscP5.jar:/home/travis/build/icyphy/ptII/lib/nrjavaserial-3.11.0.devel.jar:/home/travis/build/icyphy/ptII/vendors/j3d/lib/Linux/j3dcore.jar:/home/travis/build/icyphy/ptII/vendors/j3d/lib/Linux/j3dutils.jar:/home/travis/build/icyphy/ptII/vendors/j3d/lib/Linux/vecmath.jar:/home/travis/build/icyphy/ptII/vendors/jogl/lib/Linux/gluegen-rt-natives-linux-amd64.jar:/home/travis/build/icyphy/ptII/vendors/jogl/lib/Linux/gluegen-rt.jar:/home/travis/build/icyphy/ptII/vendors/jogl/lib/Linux/jogl-all-natives-linux-amd64.jar:/home/travis/build/icyphy/ptII/vendors/jogl/lib/Linux/jogl-all.jar:/home/travis/build/icyphy/ptII/vendors/jogl/lib/natives/linux-amd64/gluegen-rt-natives-linux-amd64.jar:/home/travis/build/icyphy/ptII/vendors/jogl/lib/natives/linux-amd64/jogl-all-natives-linux-amd64.jar:/home/travis/build/icyphy/ptII/ptolemy/distributed/jini/jar/jini-core.jar:/home/travis/build/icyphy/ptII/ptolemy/distributed/jini/jar/jini-ext.jar:/home/travis/build/icyphy/ptII/ptolemy/distributed/jini/jar/sun-util.jar:/home/travis/build/icyphy/ptII/lib/protobuf-java-2.4.1.jar:/home/travis/build/icyphy/ptII/lib/org.eclipse.paho.client.mqttv3.jar:/home/travis/build/icyphy/ptII/lib/mapss.jar:/home/travis/build/icyphy/ptII/ptolemy/actor/ptalon/antlr/antlr.jar:/home/travis/build/icyphy/ptII/lib/JRI.jar:/home/travis/build/icyphy/ptII/lib/commons-lang-2.6.jar:/home/travis/build/icyphy/ptII/lib/commons-logging-1.1.1.jar:/home/travis/build/icyphy/ptII/lib/sootclasses.jar:/home/travis/build/icyphy/ptII/ptolemy/actor/lib/database/mysql-connector-java-5.1.6-bin.jar:/home/travis/build/icyphy/ptII/vendors/misc/sphinx4/sphinx4-data-5prealpha.jar:/home/travis/build/icyphy/ptII/vendors/misc/sphinx4/sphinx4-core-5prealpha.jar:/home/travis/build/icyphy/ptII/lib/PDFRenderer.jar:/home/travis/build/icyphy/ptII/lib/svgSalamander.jar:/home/travis/build/icyphy/ptII/lib/rsyntaxtextarea-2.6.0-SNAPSHOT.jar:/home/travis/build/icyphy/ptII/lib/hazelcast-3.8.2.jar:/home/travis/build/icyphy/ptII/lib/jackson-annotations-2.9.0.jar:/home/travis/build/icyphy/ptII/lib/jackson-core-2.9.3.jar:/home/travis/build/icyphy/ptII/lib/jackson-databind-2.9.3.jar:/home/travis/build/icyphy/ptII/lib/netty-buffer-4.1.19.Final.jar:/home/travis/build/icyphy/ptII/lib/netty-codec-4.1.19.Final.jar:/home/travis/build/icyphy/ptII/lib/netty-codec-dns-4.1.19.Final.jar:/home/travis/build/icyphy/ptII/lib/netty-codec-http-4.1.19.Final.jar:/home/travis/build/icyphy/ptII/lib/netty-codec-http2-4.1.19.Final.jar:/home/travis/build/icyphy/ptII/lib/netty-common-4.1.19.Final.jar:/home/travis/build/icyphy/ptII/lib/netty-handler-4.1.19.Final.jar:/home/travis/build/icyphy/ptII/lib/netty-resolver-4.1.19.Final.jar:/home/travis/build/icyphy/ptII/lib/netty-resolver-dns-4.1.19.Final.jar:/home/travis/build/icyphy/ptII/lib/netty-transport-4.1.19.Final.jar:/home/travis/build/icyphy/ptII/lib/vertx-codegen-3.5.1.jar:/home/travis/build/icyphy/ptII/lib/vertx-core-3.5.2-SNAPSHOT.jar:/home/travis/build/icyphy/ptII/lib/vertx-hazelcast-3.5.1.jar:/home/travis/build/icyphy/ptII/lib/vertx-lang-js-3.5.1.jar:/home/travis/build/icyphy/ptII/lib/vertx-service-proxy-3.5.1.jar:/home/travis/build/icyphy/ptII/lib/vertx-web-3.5.1.jar:/home/travis/build/icyphy/ptII/lib/slf4j-api-1.7.13.jar:/home/travis/build/icyphy/ptII/lib/slf4j-simple-1.7.13.jar:/home/travis/build/icyphy/ptII/lib/webcam-capture-0.3.12.jar:/home/travis/build/icyphy/ptII/lib/bridj-0.7.0.jar:/home/travis/build/icyphy/ptII/lib/xbjlib-1.1.0.nrjavaserial.jar:/home/travis/build/icyphy/ptII/ptolemy/moml/test:/home/travis/build/icyphy/ptII/ant/lib/ant-launcher.jar:/home/travis/build/icyphy/ptII/ant/lib/ant.jar:/home/travis/build/icyphy/ptII/ant/lib/ant-junit.jar:/home/travis/build/icyphy/ptII/ant/lib/ant-junit4.jar" />
    <property name="ant.library.dir" value="/home/travis/build/icyphy/ptII/ant/lib" />
    <property name="os.arch" value="amd64" />
    <property name="env.CONTINUOUS_INTEGRATION" value="true" />
    <property name="env.TRAVIS_LANGUAGE" value="node_js" />
    <property name="env.TRAVIS_STACK_LANGUAGES" value="__sardonyx__ c c++ clojure cplusplus cpp default generic go groovy java node_js php pure_java python ruby scala" />
    <property name="test.name" value="ptolemy.actor.lib.test.junit.JUnitTclTest" />
    <property name="env.APT_KEY_DONT_WARN_ON_DANGEROUS_USAGE" value="1" />
    <property name="sun.java.launcher" value="SUN_STANDARD" />
    <property name="env.PYTHON_CONFIGURE_OPTS" value="--enable-unicode=ucs4 --with-wide-unicode --enable-shared --enable-ipv6 --enable-loadable-sqlite-extensions --with-computed-gotos" />
    <property name="ant.core.lib" value="/home/travis/build/icyphy/ptII/ant/lib/ant.jar" />
    <property name="java.vm.specification.vendor" value="Oracle Corporation" />
    <property name="env.BCVTB_HOME" value="/home/travis/build/icyphy/ptII/lbnl" />
    <property name="file.separator" value="/" />
    <property name="spotbugs.home" value="/home/travis/build/icyphy/ptII/vendors/spotbugs-3.1.1" />
    <property name="java.runtime.version" value="11.0.2+9" />
    <property name="env.ANSI_CLEAR" value="\033[0K" />
    <property name="javafx.verbose" value="true" />
    <property name="env.HAS_JOSH_K_SEAL_OF_APPROVAL" value="true" />
    <property name="env.XDG_RUNTIME_DIR" value="/run/user/2000" />
    <property name="env.TRAVIS_OSX_IMAGE" value="" />
    <property name="env.TRAVIS_JOB_ID" value="558426110" />
    <property name="env.TRAVIS_BRANCH" value="master" />
    <property name="user.country" value="US" />
    <property name="env.CERTI_HOME_TRAVIS" value="/home/travis/pthla/certi-tools" />
    <property name="env.SHELL" value="/bin/bash" />
    <property name="java.maxmemory.large" value="5000m" />
    <property name="model" value="" />
    <property name="env.CASHER_DIR" value="/home/travis/.casher" />
    <property name="env.NVM_CD_FLAGS" value="" />
    <property name="java.vendor.version" value="18.9" />
    <property name="jshint.executable" value="/home/travis/node_modules/jshint/bin/jshint" />
    <property name="env.JRUBY_OPTS" value=" --client -J-XX:+TieredCompilation -J-XX:TieredStopAtLevel=1 -J-Xss2m -Xcompile.invokedynamic=false" />
    <property name="java.vendor" value="Oracle Corporation" />
    <property name="env.TRAVIS_PRE_CHEF_BOOTSTRAP_TIME" value="2019-03-25T16:16:42" />
    <property name="env.TRAVIS_STACK_JOB_BOARD_REGISTER" value="/.job-board-register.yml" />
    <property name="env.ANSI_RED" value="\033[31;1m" />
    <property name="java.specification.version" value="11" />
    <property name="env.IRBRC" value="/home/travis/.rvm/rubies/ruby-2.5.3/.irbrc" />
    <property name="env.TRAVIS" value="true" />
    <property name="sun.arch.data.model" value="64" />
  </properties>
  <testcase classname="ptolemy.util.test.junit.TclTests" name="[0] /home/travis/build/icyphy/ptII/ptolemy/actor/lib/test/AbsoluteValue.tcl (RunTclFile)" time="0.624" />
  <testcase classname="ptolemy.util.test.junit.TclTests" name="[1] /home/travis/build/icyphy/ptII/ptolemy/actor/lib/test/AddSubtract.tcl (RunTclFile)" time="0.192" />
  <testcase classname="ptolemy.util.test.junit.TclTests" name="[2] /home/travis/build/icyphy/ptII/ptolemy/actor/lib/test/Average.tcl (RunTclFile)" time="0.07" />
  <testcase classname="ptolemy.util.test.junit.TclTests" name="[3] /home/travis/build/icyphy/ptII/ptolemy/actor/lib/test/Bernoulli.tcl (RunTclFile)" time="0.042" />
  <testcase classname="ptolemy.util.test.junit.TclTests" name="[4] /home/travis/build/icyphy/ptII/ptolemy/actor/lib/test/Clock.tcl (RunTclFile)" time="0.121" />
  <testcase classname="ptolemy.util.test.junit.TclTests" name="[5] /home/travis/build/icyphy/ptII/ptolemy/actor/lib/test/Commutator.tcl (RunTclFile)" time="0.189" />
  <testcase classname="ptolemy.util.test.junit.TclTests" name="[6] /home/travis/build/icyphy/ptII/ptolemy/actor/lib/test/Const.tcl (RunTclFile)" time="0.158" />
  <testcase classname="ptolemy.util.test.junit.TclTests" name="[7] /home/travis/build/icyphy/ptII/ptolemy/actor/lib/test/CurrentTime.tcl (RunTclFile)" time="0.042" />
  <testcase classname="ptolemy.util.test.junit.TclTests" name="[8] /home/travis/build/icyphy/ptII/ptolemy/actor/lib/test/DB.tcl (RunTclFile)" time="0.068" />
  <testcase classname="ptolemy.util.test.junit.TclTests" name="[9] /home/travis/build/icyphy/ptII/ptolemy/actor/lib/test/DiscreteRandomSource.tcl (RunTclFile)" time="0.024" />
  <testcase classname="ptolemy.util.test.junit.TclTests" name="[10] /home/travis/build/icyphy/ptII/ptolemy/actor/lib/test/Distributor.tcl (RunTclFile)" time="0.033" />
  <testcase classname="ptolemy.util.test.junit.TclTests" name="[11] /home/travis/build/icyphy/ptII/ptolemy/actor/lib/test/Exit.tcl (RunTclFile)" time="0.092" />
  <testcase classname="ptolemy.util.test.junit.TclTests" name="[12] /home/travis/build/icyphy/ptII/ptolemy/actor/lib/test/Expression.tcl (RunTclFile)" time="0.145" />
  <testcase classname="ptolemy.util.test.junit.TclTests" name="[13] /home/travis/build/icyphy/ptII/ptolemy/actor/lib/test/Gaussian.tcl (RunTclFile)" time="0.607" />
  <testcase classname="ptolemy.util.test.junit.TclTests" name="[14] /home/travis/build/icyphy/ptII/ptolemy/actor/lib/test/IIR.tcl (RunTclFile)" time="0.031" />
  <testcase classname="ptolemy.util.test.junit.TclTests" name="[15] /home/travis/build/icyphy/ptII/ptolemy/actor/lib/test/Interpolator.tcl (RunTclFile)" time="0.095" />
  <testcase classname="ptolemy.util.test.junit.TclTests" name="[16] /home/travis/build/icyphy/ptII/ptolemy/actor/lib/test/MathFunction.tcl (RunTclFile)" time="0.074" />
  <testcase classname="ptolemy.util.test.junit.TclTests" name="[17] /home/travis/build/icyphy/ptII/ptolemy/actor/lib/test/Maximum.tcl (RunTclFile)" time="0.035" />
  <testcase classname="ptolemy.util.test.junit.TclTests" name="[18] /home/travis/build/icyphy/ptII/ptolemy/actor/lib/test/Minimum.tcl (RunTclFile)" time="0.043" />
  <testcase classname="ptolemy.util.test.junit.TclTests" name="[19] /home/travis/build/icyphy/ptII/ptolemy/actor/lib/test/MultiplyDivide.tcl (RunTclFile)" time="0.039" />
  <testcase classname="ptolemy.util.test.junit.TclTests" name="[20] /home/travis/build/icyphy/ptII/ptolemy/actor/lib/test/OrderedMerge.tcl (RunTclFile)" time="0.143" />
  <testcase classname="ptolemy.util.test.junit.TclTests" name="[21] /home/travis/build/icyphy/ptII/ptolemy/actor/lib/test/Publisher.tcl (RunTclFile)" time="0.925" />
  <testcase classname="ptolemy.util.test.junit.TclTests" name="[22] /home/travis/build/icyphy/ptII/ptolemy/actor/lib/test/Pulse.tcl (RunTclFile)" time="0.069" />
  <testcase classname="ptolemy.util.test.junit.TclTests" name="[23] /home/travis/build/icyphy/ptII/ptolemy/actor/lib/test/Ramp.tcl (RunTclFile)" time="1.886" />
  <testcase classname="ptolemy.util.test.junit.TclTests" name="[24] /home/travis/build/icyphy/ptII/ptolemy/actor/lib/test/RampContinuous.tcl (RunTclFile)" time="0.042" />
  <testcase classname="ptolemy.util.test.junit.TclTests" name="[25] /home/travis/build/icyphy/ptII/ptolemy/actor/lib/test/RecordAssembler.tcl (RunTclFile)" time="0.022" />
  <testcase classname="ptolemy.util.test.junit.TclTests" name="[26] /home/travis/build/icyphy/ptII/ptolemy/actor/lib/test/RecordDisassembler.tcl (RunTclFile)" time="0.041" />
  <testcase classname="ptolemy.util.test.junit.TclTests" name="[27] /home/travis/build/icyphy/ptII/ptolemy/actor/lib/test/Scale.tcl (RunTclFile)" time="0.044" />
  <testcase classname="ptolemy.util.test.junit.TclTests" name="[28] /home/travis/build/icyphy/ptII/ptolemy/actor/lib/test/SequentialClock.tcl (RunTclFile)" time="0.023" />
  <testcase classname="ptolemy.util.test.junit.TclTests" name="[29] /home/travis/build/icyphy/ptII/ptolemy/actor/lib/test/SetVariable.tcl (RunTclFile)" time="0.032">
    <failure message="Number of failed tests is has increased. expected:&lt;0&gt; but was:&lt;1&gt;" type="junit.framework.AssertionFailedError">junit.framework.AssertionFailedError: Number of failed tests is has increased. expected:&lt;0&gt; but was:&lt;1&gt;
	at ptolemy.util.test.junit.TclTests.RunTclFile(TclTests.java:286)
	at jdk.internal.reflect.GeneratedMethodAccessor19.invoke(Unknown Source)
	at java.base/jdk.internal.reflect.DelegatingMethodAccessorImpl.invoke(DelegatingMethodAccessorImpl.java:43)
	at junitparams.internal.InvokeParameterisedMethod.evaluate(InvokeParameterisedMethod.java:102)
	at junitparams.internal.ParameterisedTestMethodRunner.runMethodInvoker(ParameterisedTestMethodRunner.java:47)
	at junitparams.internal.ParameterisedTestMethodRunner.runTestMethod(ParameterisedTestMethodRunner.java:41)
	at junitparams.internal.ParameterisedTestClassRunner.runParameterisedTest(ParameterisedTestClassRunner.java:143)
	at junitparams.JUnitParamsRunner.runChild(JUnitParamsRunner.java:237)
	at junitparams.JUnitParamsRunner.runChild(JUnitParamsRunner.java:215)
</failure>
  </testcase>
  <testcase classname="ptolemy.util.test.junit.TclTests" name="[30] /home/travis/build/icyphy/ptII/ptolemy/actor/lib/test/Sinewave.tcl (RunTclFile)" time="0.06" />
  <testcase classname="ptolemy.util.test.junit.TclTests" name="[31] /home/travis/build/icyphy/ptII/ptolemy/actor/lib/test/SubscriptionAggregator.tcl (RunTclFile)" time="2.308" />
  <testcase classname="ptolemy.util.test.junit.TclTests" name="[32] /home/travis/build/icyphy/ptII/ptolemy/actor/lib/test/Test.tcl (RunTclFile)" time="0.098" />
  <testcase classname="ptolemy.util.test.junit.TclTests" name="[33] /home/travis/build/icyphy/ptII/ptolemy/actor/lib/test/TestExceptionHandler.tcl (RunTclFile)" time="0.014" />
  <testcase classname="ptolemy.util.test.junit.TclTests" name="[34] /home/travis/build/icyphy/ptII/ptolemy/actor/lib/test/UnionDisassembler.tcl (RunTclFile)" time="0.072" />
  <testcase classname="ptolemy.util.test.junit.TclTests" name="[35] /home/travis/build/icyphy/ptII/ptolemy/actor/lib/test/VariableClock.tcl (RunTclFile)" time="0.032" />
  <testcase classname="ptolemy.util.test.junit.AutoKnownFailedTests" name="[0] /home/travis/build/icyphy/ptII/ptolemy/actor/lib/test/auto/knownFailedTests/PublisherPortToplevelSubscriber.xml (RunModel)" time="0.024" />
  <testcase classname="ptolemy.util.test.junit.AutoKnownFailedTests" name="[1] /home/travis/build/icyphy/ptII/ptolemy/actor/lib/test/auto/knownFailedTests/PublisherSubscriberPortToplevel.xml (RunModel)" time="0.02" />
  <testcase classname="ptolemy.util.test.junit.AutoKnownFailedTests" name="[2] /home/travis/build/icyphy/ptII/ptolemy/actor/lib/test/auto/knownFailedTests/PublisherSubscriptionAggregatorPort.xml (RunModel)" time="0.022" />
  <testcase classname="ptolemy.util.test.junit.AutoKnownFailedTests" name="[3] /home/travis/build/icyphy/ptII/ptolemy/actor/lib/test/auto/knownFailedTests/sizedarray3.xml (RunModel)" time="0.028" />
  <testcase classname="ptolemy.util.test.junit.AutoNameArchTests" name="[0] ThereAreNoAutoArchTests (RunModel)" time="0.005" />
  <testcase classname="ptolemy.util.test.junit.AutoTests" name="[0] /home/travis/build/icyphy/ptII/ptolemy/actor/lib/test/auto/AbsoluteValue.xml (RunModel)" time="0.135" />
  <testcase classname="ptolemy.util.test.junit.AutoTests" name="[1] /home/travis/build/icyphy/ptII/ptolemy/actor/lib/test/auto/AbsoluteValue2.xml (RunModel)" time="0.07" />
  <testcase classname="ptolemy.util.test.junit.AutoTests" name="[2] /home/travis/build/icyphy/ptII/ptolemy/actor/lib/test/auto/Accumulator.xml (RunModel)" time="0.075" />
  <testcase classname="ptolemy.util.test.junit.AutoTests" name="[3] /home/travis/build/icyphy/ptII/ptolemy/actor/lib/test/auto/Accumulator2.xml (RunModel)" time="0.056" />
  <testcase classname="ptolemy.util.test.junit.AutoTests" name="[4] /home/travis/build/icyphy/ptII/ptolemy/actor/lib/test/auto/Accumulator3.xml (RunModel)" time="0.016" />
  <testcase classname="ptolemy.util.test.junit.AutoTests" name="[5] /home/travis/build/icyphy/ptII/ptolemy/actor/lib/test/auto/ArrayAppend.xml (RunModel)" time="0.035" />
  <testcase classname="ptolemy.util.test.junit.AutoTests" name="[6] /home/travis/build/icyphy/ptII/ptolemy/actor/lib/test/auto/ArrayAppend2.xml (RunModel)" time="0.447" />
  <testcase classname="ptolemy.util.test.junit.AutoTests" name="[7] /home/travis/build/icyphy/ptII/ptolemy/actor/lib/test/auto/ArrayAppend3.xml (RunModel)" time="0.045" />
  <testcase classname="ptolemy.util.test.junit.AutoTests" name="[8] /home/travis/build/icyphy/ptII/ptolemy/actor/lib/test/auto/ArrayAppend4.xml (RunModel)" time="0.016" />
  <testcase classname="ptolemy.util.test.junit.AutoTests" name="[9] /home/travis/build/icyphy/ptII/ptolemy/actor/lib/test/auto/ArrayAppend5.xml (RunModel)" time="0.02" />
  <testcase classname="ptolemy.util.test.junit.AutoTests" name="[10] /home/travis/build/icyphy/ptII/ptolemy/actor/lib/test/auto/ArrayAppend6.xml (RunModel)" time="0.027" />
  <testcase classname="ptolemy.util.test.junit.AutoTests" name="[11] /home/travis/build/icyphy/ptII/ptolemy/actor/lib/test/auto/ArrayAppendPerformanceTest.xml (RunModel)" time="0.058" />
  <testcase classname="ptolemy.util.test.junit.AutoTests" name="[12] /home/travis/build/icyphy/ptII/ptolemy/actor/lib/test/auto/ArrayAppendWithEmptyInput.xml (RunModel)" time="0.034" />
  <testcase classname="ptolemy.util.test.junit.AutoTests" name="[13] /home/travis/build/icyphy/ptII/ptolemy/actor/lib/test/auto/ArrayAverage.xml (RunModel)" time="0.062" />
  <testcase classname="ptolemy.util.test.junit.AutoTests" name="[14] /home/travis/build/icyphy/ptII/ptolemy/actor/lib/test/auto/ArrayContains.xml (RunModel)" time="0.033" />
  <testcase classname="ptolemy.util.test.junit.AutoTests" name="[15] /home/travis/build/icyphy/ptII/ptolemy/actor/lib/test/auto/ArrayElement.xml (RunModel)" time="0.039" />
  <testcase classname="ptolemy.util.test.junit.AutoTests" name="[16] /home/travis/build/icyphy/ptII/ptolemy/actor/lib/test/auto/ArrayElementAsMatrix.xml (RunModel)" time="0.065" />
  <testcase classname="ptolemy.util.test.junit.AutoTests" name="[17] /home/travis/build/icyphy/ptII/ptolemy/actor/lib/test/auto/ArrayElementI.xml (RunModel)" time="0.04" />
  <testcase classname="ptolemy.util.test.junit.AutoTests" name="[18] /home/travis/build/icyphy/ptII/ptolemy/actor/lib/test/auto/ArrayExtract.xml (RunModel)" time="0.037" />
  <testcase classname="ptolemy.util.test.junit.AutoTests" name="[19] /home/travis/build/icyphy/ptII/ptolemy/actor/lib/test/auto/ArrayExtract2.xml (RunModel)" time="0.035" />
  <testcase classname="ptolemy.util.test.junit.AutoTests" name="[20] /home/travis/build/icyphy/ptII/ptolemy/actor/lib/test/auto/ArrayLength.xml (RunModel)" time="0.03" />
  <testcase classname="ptolemy.util.test.junit.AutoTests" name="[21] /home/travis/build/icyphy/ptII/ptolemy/actor/lib/test/auto/ArrayLevelCrossing.xml (RunModel)" time="0.066" />
  <testcase classname="ptolemy.util.test.junit.AutoTests" name="[22] /home/travis/build/icyphy/ptII/ptolemy/actor/lib/test/auto/ArrayLevelCrossing2.xml (RunModel)" time="0.028" />
  <testcase classname="ptolemy.util.test.junit.AutoTests" name="[23] /home/travis/build/icyphy/ptII/ptolemy/actor/lib/test/auto/ArrayPeakSearch.xml (RunModel)" time="0.044" />
  <testcase classname="ptolemy.util.test.junit.AutoTests" name="[24] /home/travis/build/icyphy/ptII/ptolemy/actor/lib/test/auto/ArrayPeakSearch2.xml (RunModel)" time="0.05" />
  <testcase classname="ptolemy.util.test.junit.AutoTests" name="[25] /home/travis/build/icyphy/ptII/ptolemy/actor/lib/test/auto/ArrayPeakSearch3.xml (RunModel)" time="0.037" />
  <testcase classname="ptolemy.util.test.junit.AutoTests" name="[26] /home/travis/build/icyphy/ptII/ptolemy/actor/lib/test/auto/ArrayRemoveElement.xml (RunModel)" time="0.03" />
  <testcase classname="ptolemy.util.test.junit.AutoTests" name="[27] /home/travis/build/icyphy/ptII/ptolemy/actor/lib/test/auto/ArraySort.xml (RunModel)" time="0.047" />
  <testcase classname="ptolemy.util.test.junit.AutoTests" name="[28] /home/travis/build/icyphy/ptII/ptolemy/actor/lib/test/auto/ArraySum.xml (RunModel)" time="0.029" />
  <testcase classname="ptolemy.util.test.junit.AutoTests" name="[29] /home/travis/build/icyphy/ptII/ptolemy/actor/lib/test/auto/ArrayToElements.xml (RunModel)" time="0.05" />
  <testcase classname="ptolemy.util.test.junit.AutoTests" name="[30] /home/travis/build/icyphy/ptII/ptolemy/actor/lib/test/auto/ArrayToMatrix.xml (RunModel)" time="0.076" />
  <testcase classname="ptolemy.util.test.junit.AutoTests" name="[31] /home/travis/build/icyphy/ptII/ptolemy/actor/lib/test/auto/ArrayUpdate1.xml (RunModel)" time="0.017" />
  <testcase classname="ptolemy.util.test.junit.AutoTests" name="[32] /home/travis/build/icyphy/ptII/ptolemy/actor/lib/test/auto/ArrayUpdate2.xml (RunModel)" time="0.019" />
  <testcase classname="ptolemy.util.test.junit.AutoTests" name="[33] /home/travis/build/icyphy/ptII/ptolemy/actor/lib/test/auto/ArrayUpdate3.xml (RunModel)" time="0.056" />
  <testcase classname="ptolemy.util.test.junit.AutoTests" name="[34] /home/travis/build/icyphy/ptII/ptolemy/actor/lib/test/auto/Assert1.xml (RunModel)" time="0.04" />
  <testcase classname="ptolemy.util.test.junit.AutoTests" name="[35] /home/travis/build/icyphy/ptII/ptolemy/actor/lib/test/auto/Assert2.xml (RunModel)" time="0.016" />
  <testcase classname="ptolemy.util.test.junit.AutoTests" name="[36] /home/travis/build/icyphy/ptII/ptolemy/actor/lib/test/auto/BooleanMultiplexor.xml (RunModel)" time="0.017" />
  <testcase classname="ptolemy.util.test.junit.AutoTests" name="[37] /home/travis/build/icyphy/ptII/ptolemy/actor/lib/test/auto/BooleanMultiplexor2.xml (RunModel)" time="0.028" />
  <testcase classname="ptolemy.util.test.junit.AutoTests" name="[38] /home/travis/build/icyphy/ptII/ptolemy/actor/lib/test/auto/BooleanMultiplexor3.xml (RunModel)" time="0.025" />
  <testcase classname="ptolemy.util.test.junit.AutoTests" name="[39] /home/travis/build/icyphy/ptII/ptolemy/actor/lib/test/auto/BooleanSelect.xml (RunModel)" time="0.024" />
  <testcase classname="ptolemy.util.test.junit.AutoTests" name="[40] /home/travis/build/icyphy/ptII/ptolemy/actor/lib/test/auto/BooleanSelect2.xml (RunModel)" time="0.017" />
  <testcase classname="ptolemy.util.test.junit.AutoTests" name="[41] /home/travis/build/icyphy/ptII/ptolemy/actor/lib/test/auto/BooleanSwitch.xml (RunModel)" time="0.026" />
  <testcase classname="ptolemy.util.test.junit.AutoTests" name="[42] /home/travis/build/icyphy/ptII/ptolemy/actor/lib/test/auto/BooleanSwitch2.xml (RunModel)" time="0.017" />
  <testcase classname="ptolemy.util.test.junit.AutoTests" name="[43] /home/travis/build/icyphy/ptII/ptolemy/actor/lib/test/auto/BooleanSwitchCloningBugWithClassRelationGroup.xml (RunModel)" time="0.026" />
  <testcase classname="ptolemy.util.test.junit.AutoTests" name="[44] /home/travis/build/icyphy/ptII/ptolemy/actor/lib/test/auto/BusActors.xml (RunModel)" time="0.057" />
  <testcase classname="ptolemy.util.test.junit.AutoTests" name="[45] /home/travis/build/icyphy/ptII/ptolemy/actor/lib/test/auto/ClassWrapper.xml (RunModel)" time="0.059" />
  <testcase classname="ptolemy.util.test.junit.AutoTests" name="[46] /home/travis/build/icyphy/ptII/ptolemy/actor/lib/test/auto/Clock.xml (RunModel)" time="0.013" />
  <testcase classname="ptolemy.util.test.junit.AutoTests" name="[47] /home/travis/build/icyphy/ptII/ptolemy/actor/lib/test/auto/Clock10.xml (RunModel)" time="0.028" />
  <testcase classname="ptolemy.util.test.junit.AutoTests" name="[48] /home/travis/build/icyphy/ptII/ptolemy/actor/lib/test/auto/Clock11.xml (RunModel)" time="0.022" />
  <testcase classname="ptolemy.util.test.junit.AutoTests" name="[49] /home/travis/build/icyphy/ptII/ptolemy/actor/lib/test/auto/Clock12.xml (RunModel)" time="0.022" />
  <testcase classname="ptolemy.util.test.junit.AutoTests" name="[50] /home/travis/build/icyphy/ptII/ptolemy/actor/lib/test/auto/Clock13.xml (RunModel)" time="0.028" />
  <testcase classname="ptolemy.util.test.junit.AutoTests" name="[51] /home/travis/build/icyphy/ptII/ptolemy/actor/lib/test/auto/Clock14.xml (RunModel)" time="0.022" />
  <testcase classname="ptolemy.util.test.junit.AutoTests" name="[52] /home/travis/build/icyphy/ptII/ptolemy/actor/lib/test/auto/Clock15.xml (RunModel)" time="0.019" />
  <testcase classname="ptolemy.util.test.junit.AutoTests" name="[53] /home/travis/build/icyphy/ptII/ptolemy/actor/lib/test/auto/Clock16.xml (RunModel)" time="0.116" />
  <testcase classname="ptolemy.util.test.junit.AutoTests" name="[54] /home/travis/build/icyphy/ptII/ptolemy/actor/lib/test/auto/Clock17.xml (RunModel)" time="0.081" />
  <testcase classname="ptolemy.util.test.junit.AutoTests" name="[55] /home/travis/build/icyphy/ptII/ptolemy/actor/lib/test/auto/Clock18.xml (RunModel)" time="0.061" />
  <testcase classname="ptolemy.util.test.junit.AutoTests" name="[56] /home/travis/build/icyphy/ptII/ptolemy/actor/lib/test/auto/Clock19.xml (RunModel)" time="0.05" />
  <testcase classname="ptolemy.util.test.junit.AutoTests" name="[57] /home/travis/build/icyphy/ptII/ptolemy/actor/lib/test/auto/Clock2.xml (RunModel)" time="0.017" />
  <testcase classname="ptolemy.util.test.junit.AutoTests" name="[58] /home/travis/build/icyphy/ptII/ptolemy/actor/lib/test/auto/Clock20.xml (RunModel)" time="0.023" />
  <testcase classname="ptolemy.util.test.junit.AutoTests" name="[59] /home/travis/build/icyphy/ptII/ptolemy/actor/lib/test/auto/Clock21.xml (RunModel)" time="0.021" />
  <testcase classname="ptolemy.util.test.junit.AutoTests" name="[60] /home/travis/build/icyphy/ptII/ptolemy/actor/lib/test/auto/Clock22.xml (RunModel)" time="0.016" />
  <testcase classname="ptolemy.util.test.junit.AutoTests" name="[61] /home/travis/build/icyphy/ptII/ptolemy/actor/lib/test/auto/Clock23.xml (RunModel)" time="0.018" />
  <testcase classname="ptolemy.util.test.junit.AutoTests" name="[62] /home/travis/build/icyphy/ptII/ptolemy/actor/lib/test/auto/Clock24.xml (RunModel)" time="0.016" />
  <testcase classname="ptolemy.util.test.junit.AutoTests" name="[63] /home/travis/build/icyphy/ptII/ptolemy/actor/lib/test/auto/Clock4.xml (RunModel)" time="0.018" />
  <testcase classname="ptolemy.util.test.junit.AutoTests" name="[64] /home/travis/build/icyphy/ptII/ptolemy/actor/lib/test/auto/Clock5.xml (RunModel)" time="0.016" />
  <testcase classname="ptolemy.util.test.junit.AutoTests" name="[65] /home/travis/build/icyphy/ptII/ptolemy/actor/lib/test/auto/Clock6.xml (RunModel)" time="0.014" />
  <testcase classname="ptolemy.util.test.junit.AutoTests" name="[66] /home/travis/build/icyphy/ptII/ptolemy/actor/lib/test/auto/Clock7.xml (RunModel)" time="0.013" />
  <testcase classname="ptolemy.util.test.junit.AutoTests" name="[67] /home/travis/build/icyphy/ptII/ptolemy/actor/lib/test/auto/Clock8.xml (RunModel)" time="0.016" />
  <testcase classname="ptolemy.util.test.junit.AutoTests" name="[68] /home/travis/build/icyphy/ptII/ptolemy/actor/lib/test/auto/Clock9.xml (RunModel)" time="0.025" />
  <testcase classname="ptolemy.util.test.junit.AutoTests" name="[69] /home/travis/build/icyphy/ptII/ptolemy/actor/lib/test/auto/CommDistDiscard.xml (RunModel)" time="0.034" />
  <testcase classname="ptolemy.util.test.junit.AutoTests" name="[70] /home/travis/build/icyphy/ptII/ptolemy/actor/lib/test/auto/Commutator.xml (RunModel)" time="0.018" />
  <testcase classname="ptolemy.util.test.junit.AutoTests" name="[71] /home/travis/build/icyphy/ptII/ptolemy/actor/lib/test/auto/Commutator2.xml (RunModel)" time="0.014" />
  <testcase classname="ptolemy.util.test.junit.AutoTests" name="[72] /home/travis/build/icyphy/ptII/ptolemy/actor/lib/test/auto/Commutator3.xml (RunModel)" time="0.017" />
  <testcase classname="ptolemy.util.test.junit.AutoTests" name="[73] /home/travis/build/icyphy/ptII/ptolemy/actor/lib/test/auto/Compare.xml (RunModel)" time="0.026" />
  <testcase classname="ptolemy.util.test.junit.AutoTests" name="[74] /home/travis/build/icyphy/ptII/ptolemy/actor/lib/test/auto/CompareDE.xml (RunModel)" time="0.045" />
  <testcase classname="ptolemy.util.test.junit.AutoTests" name="[75] /home/travis/build/icyphy/ptII/ptolemy/actor/lib/test/auto/ComplexDivide.xml (RunModel)" time="0.013" />
  <testcase classname="ptolemy.util.test.junit.AutoTests" name="[76] /home/travis/build/icyphy/ptII/ptolemy/actor/lib/test/auto/ComputeHistogram.xml (RunModel)" time="0.082" />
  <testcase classname="ptolemy.util.test.junit.AutoTests" name="[77] /home/travis/build/icyphy/ptII/ptolemy/actor/lib/test/auto/ConfigurationSelect.xml (RunModel)" time="0.027" />
  <testcase classname="ptolemy.util.test.junit.AutoTests" name="[78] /home/travis/build/icyphy/ptII/ptolemy/actor/lib/test/auto/ConfigurationSelect2.xml (RunModel)" time="0.02" />
  <testcase classname="ptolemy.util.test.junit.AutoTests" name="[79] /home/travis/build/icyphy/ptII/ptolemy/actor/lib/test/auto/ConfigurationSwitch.xml (RunModel)" time="0.029" />
  <testcase classname="ptolemy.util.test.junit.AutoTests" name="[80] /home/travis/build/icyphy/ptII/ptolemy/actor/lib/test/auto/ConfigurationSwitch2.xml (RunModel)" time="0.026" />
  <testcase classname="ptolemy.util.test.junit.AutoTests" name="[81] /home/travis/build/icyphy/ptII/ptolemy/actor/lib/test/auto/ConfigurationSwitchCloningBugWithClassRelationGroup.xml (RunModel)" time="0.03" />
  <testcase classname="ptolemy.util.test.junit.AutoTests" name="[82] /home/travis/build/icyphy/ptII/ptolemy/actor/lib/test/auto/ConfigurationSwitchSelectSDF.xml (RunModel)" time="0.021" />
  <testcase classname="ptolemy.util.test.junit.AutoTests" name="[83] /home/travis/build/icyphy/ptII/ptolemy/actor/lib/test/auto/ConfigurationSwitchSelectSDF2.xml (RunModel)" time="0.022" />
  <testcase classname="ptolemy.util.test.junit.AutoTests" name="[84] /home/travis/build/icyphy/ptII/ptolemy/actor/lib/test/auto/Const.xml (RunModel)" time="0.01" />
  <testcase classname="ptolemy.util.test.junit.AutoTests" name="[85] /home/travis/build/icyphy/ptII/ptolemy/actor/lib/test/auto/Const2.xml (RunModel)" time="0.012" />
  <testcase classname="ptolemy.util.test.junit.AutoTests" name="[86] /home/travis/build/icyphy/ptII/ptolemy/actor/lib/test/auto/Const3.xml (RunModel)" time="0.01" />
  <testcase classname="ptolemy.util.test.junit.AutoTests" name="[87] /home/travis/build/icyphy/ptII/ptolemy/actor/lib/test/auto/ConstantPublisherPort1.xml (RunModel)" time="0.027" />
  <testcase classname="ptolemy.util.test.junit.AutoTests" name="[88] /home/travis/build/icyphy/ptII/ptolemy/actor/lib/test/auto/ConstantPublisherPort2.xml (RunModel)" time="0.025" />
  <testcase classname="ptolemy.util.test.junit.AutoTests" name="[89] /home/travis/build/icyphy/ptII/ptolemy/actor/lib/test/auto/ConstantPublisherPort3.xml (RunModel)" time="0.021" />
  <testcase classname="ptolemy.util.test.junit.AutoTests" name="[90] /home/travis/build/icyphy/ptII/ptolemy/actor/lib/test/auto/ConstantPublisherPort4.xml (RunModel)" time="0.03" />
  <testcase classname="ptolemy.util.test.junit.AutoTests" name="[91] /home/travis/build/icyphy/ptII/ptolemy/actor/lib/test/auto/ConstantPublisherPort5.xml (RunModel)" time="0.041" />
  <testcase classname="ptolemy.util.test.junit.AutoTests" name="[92] /home/travis/build/icyphy/ptII/ptolemy/actor/lib/test/auto/ConstantPublisherPort6.xml (RunModel)" time="0.025" />
  <testcase classname="ptolemy.util.test.junit.AutoTests" name="[93] /home/travis/build/icyphy/ptII/ptolemy/actor/lib/test/auto/ConstantPublisherPort7.xml (RunModel)" time="0.034" />
  <testcase classname="ptolemy.util.test.junit.AutoTests" name="[94] /home/travis/build/icyphy/ptII/ptolemy/actor/lib/test/auto/ConstraintMonitor1.xml (RunModel)" time="0.086" />
  <testcase classname="ptolemy.util.test.junit.AutoTests" name="[95] /home/travis/build/icyphy/ptII/ptolemy/actor/lib/test/auto/ConstraintMonitor2.xml (RunModel)" time="0.016" />
  <testcase classname="ptolemy.util.test.junit.AutoTests" name="[96] /home/travis/build/icyphy/ptII/ptolemy/actor/lib/test/auto/ConstraintMonitor3.xml (RunModel)" time="0.019" />
  <testcase classname="ptolemy.util.test.junit.AutoTests" name="[97] /home/travis/build/icyphy/ptII/ptolemy/actor/lib/test/auto/ConstraintMonitor4.xml (RunModel)" time="0.014" />
  <testcase classname="ptolemy.util.test.junit.AutoTests" name="[98] /home/travis/build/icyphy/ptII/ptolemy/actor/lib/test/auto/ConstraintMonitor5.xml (RunModel)" time="0.018" />
  <testcase classname="ptolemy.util.test.junit.AutoTests" name="[99] /home/travis/build/icyphy/ptII/ptolemy/actor/lib/test/auto/ConstraintMonitor6.xml (RunModel)" time="0.019" />
  <testcase classname="ptolemy.util.test.junit.AutoTests" name="[100] /home/travis/build/icyphy/ptII/ptolemy/actor/lib/test/auto/ConstraintMonitor7.xml (RunModel)" time="0.02" />
  <testcase classname="ptolemy.util.test.junit.AutoTests" name="[101] /home/travis/build/icyphy/ptII/ptolemy/actor/lib/test/auto/ConstraintMonitor8.xml (RunModel)" time="0.016" />
  <testcase classname="ptolemy.util.test.junit.AutoTests" name="[102] /home/travis/build/icyphy/ptII/ptolemy/actor/lib/test/auto/Counter.xml (RunModel)" time="0.014" />
  <testcase classname="ptolemy.util.test.junit.AutoTests" name="[103] /home/travis/build/icyphy/ptII/ptolemy/actor/lib/test/auto/CurrentTimeSDF.xml (RunModel)" time="0.014" />
  <testcase classname="ptolemy.util.test.junit.AutoTests" name="[104] /home/travis/build/icyphy/ptII/ptolemy/actor/lib/test/auto/DB.xml (RunModel)" time="0.014" />
  <testcase classname="ptolemy.util.test.junit.AutoTests" name="[105] /home/travis/build/icyphy/ptII/ptolemy/actor/lib/test/auto/DBDE.xml (RunModel)" time="0.016" />
  <testcase classname="ptolemy.util.test.junit.AutoTests" name="[106] /home/travis/build/icyphy/ptII/ptolemy/actor/lib/test/auto/DateConstructor.xml (RunModel)" time="0.072" />
  <testcase classname="ptolemy.util.test.junit.AutoTests" name="[107] /home/travis/build/icyphy/ptII/ptolemy/actor/lib/test/auto/DelayTime.xml (RunModel)" time="0.019" />
  <testcase classname="ptolemy.util.test.junit.AutoTests" name="[108] /home/travis/build/icyphy/ptII/ptolemy/actor/lib/test/auto/Dictionary1.xml (RunModel)" time="0.026" />
  <testcase classname="ptolemy.util.test.junit.AutoTests" name="[109] /home/travis/build/icyphy/ptII/ptolemy/actor/lib/test/auto/Dictionary2.xml (RunModel)" time="0.022" />
  <testcase classname="ptolemy.util.test.junit.AutoTests" name="[110] /home/travis/build/icyphy/ptII/ptolemy/actor/lib/test/auto/Dictionary3.xml (RunModel)" time="0.016" />
  <testcase classname="ptolemy.util.test.junit.AutoTests" name="[111] /home/travis/build/icyphy/ptII/ptolemy/actor/lib/test/auto/Dictionary4.xml (RunModel)" time="0.018" />
  <testcase classname="ptolemy.util.test.junit.AutoTests" name="[112] /home/travis/build/icyphy/ptII/ptolemy/actor/lib/test/auto/Differential.xml (RunModel)" time="0.015" />
  <testcase classname="ptolemy.util.test.junit.AutoTests" name="[113] /home/travis/build/icyphy/ptII/ptolemy/actor/lib/test/auto/Director.xml (RunModel)" time="0.012" />
  <testcase classname="ptolemy.util.test.junit.AutoTests" name="[114] /home/travis/build/icyphy/ptII/ptolemy/actor/lib/test/auto/DiscreteClock.xml (RunModel)" time="0.01" />
  <testcase classname="ptolemy.util.test.junit.AutoTests" name="[115] /home/travis/build/icyphy/ptII/ptolemy/actor/lib/test/auto/DiscreteClock10.xml (RunModel)" time="0.015" />
  <testcase classname="ptolemy.util.test.junit.AutoTests" name="[116] /home/travis/build/icyphy/ptII/ptolemy/actor/lib/test/auto/DiscreteClock11.xml (RunModel)" time="0.014" />
  <testcase classname="ptolemy.util.test.junit.AutoTests" name="[117] /home/travis/build/icyphy/ptII/ptolemy/actor/lib/test/auto/DiscreteClock12.xml (RunModel)" time="0.017" />
  <testcase classname="ptolemy.util.test.junit.AutoTests" name="[118] /home/travis/build/icyphy/ptII/ptolemy/actor/lib/test/auto/DiscreteClock13.xml (RunModel)" time="0.014" />
  <testcase classname="ptolemy.util.test.junit.AutoTests" name="[119] /home/travis/build/icyphy/ptII/ptolemy/actor/lib/test/auto/DiscreteClock14.xml (RunModel)" time="0.016" />
  <testcase classname="ptolemy.util.test.junit.AutoTests" name="[120] /home/travis/build/icyphy/ptII/ptolemy/actor/lib/test/auto/DiscreteClock15.xml (RunModel)" time="0.012" />
  <testcase classname="ptolemy.util.test.junit.AutoTests" name="[121] /home/travis/build/icyphy/ptII/ptolemy/actor/lib/test/auto/DiscreteClock16.xml (RunModel)" time="0.046" />
  <testcase classname="ptolemy.util.test.junit.AutoTests" name="[122] /home/travis/build/icyphy/ptII/ptolemy/actor/lib/test/auto/DiscreteClock17.xml (RunModel)" time="0.043" />
  <testcase classname="ptolemy.util.test.junit.AutoTests" name="[123] /home/travis/build/icyphy/ptII/ptolemy/actor/lib/test/auto/DiscreteClock18.xml (RunModel)" time="0.044" />
  <testcase classname="ptolemy.util.test.junit.AutoTests" name="[124] /home/travis/build/icyphy/ptII/ptolemy/actor/lib/test/auto/DiscreteClock19.xml (RunModel)" time="0.055" />
  <testcase classname="ptolemy.util.test.junit.AutoTests" name="[125] /home/travis/build/icyphy/ptII/ptolemy/actor/lib/test/auto/DiscreteClock2.xml (RunModel)" time="0.012" />
  <testcase classname="ptolemy.util.test.junit.AutoTests" name="[126] /home/travis/build/icyphy/ptII/ptolemy/actor/lib/test/auto/DiscreteClock20.xml (RunModel)" time="0.029" />
  <testcase classname="ptolemy.util.test.junit.AutoTests" name="[127] /home/travis/build/icyphy/ptII/ptolemy/actor/lib/test/auto/DiscreteClock21.xml (RunModel)" time="0.017" />
  <testcase classname="ptolemy.util.test.junit.AutoTests" name="[128] /home/travis/build/icyphy/ptII/ptolemy/actor/lib/test/auto/DiscreteClock22.xml (RunModel)" time="0.017" />
  <testcase classname="ptolemy.util.test.junit.AutoTests" name="[129] /home/travis/build/icyphy/ptII/ptolemy/actor/lib/test/auto/DiscreteClock23.xml (RunModel)" time="0.023" />
  <testcase classname="ptolemy.util.test.junit.AutoTests" name="[130] /home/travis/build/icyphy/ptII/ptolemy/actor/lib/test/auto/DiscreteClock24.xml (RunModel)" time="0.019" />
  <testcase classname="ptolemy.util.test.junit.AutoTests" name="[131] /home/travis/build/icyphy/ptII/ptolemy/actor/lib/test/auto/DiscreteClock4.xml (RunModel)" time="0.017" />
  <testcase classname="ptolemy.util.test.junit.AutoTests" name="[132] /home/travis/build/icyphy/ptII/ptolemy/actor/lib/test/auto/DiscreteClock5.xml (RunModel)" time="0.011" />
  <testcase classname="ptolemy.util.test.junit.AutoTests" name="[133] /home/travis/build/icyphy/ptII/ptolemy/actor/lib/test/auto/DiscreteClock6.xml (RunModel)" time="0.014" />
  <testcase classname="ptolemy.util.test.junit.AutoTests" name="[134] /home/travis/build/icyphy/ptII/ptolemy/actor/lib/test/auto/DiscreteClock7.xml (RunModel)" time="0.016" />
  <testcase classname="ptolemy.util.test.junit.AutoTests" name="[135] /home/travis/build/icyphy/ptII/ptolemy/actor/lib/test/auto/DiscreteClock8.xml (RunModel)" time="0.028" />
  <testcase classname="ptolemy.util.test.junit.AutoTests" name="[136] /home/travis/build/icyphy/ptII/ptolemy/actor/lib/test/auto/DiscreteClock9.xml (RunModel)" time="0.016" />
  <testcase classname="ptolemy.util.test.junit.AutoTests" name="[137] /home/travis/build/icyphy/ptII/ptolemy/actor/lib/test/auto/DisplayArray.xml (RunModel)" time="0.013" />
  <testcase classname="ptolemy.util.test.junit.AutoTests" name="[138] /home/travis/build/icyphy/ptII/ptolemy/actor/lib/test/auto/Distributor.xml (RunModel)" time="0.01" />
  <testcase classname="ptolemy.util.test.junit.AutoTests" name="[139] /home/travis/build/icyphy/ptII/ptolemy/actor/lib/test/auto/Distributor2.xml (RunModel)" time="0.013" />
  <testcase classname="ptolemy.util.test.junit.AutoTests" name="[140] /home/travis/build/icyphy/ptII/ptolemy/actor/lib/test/auto/DownSample.xml (RunModel)" time="0.012" />
  <testcase classname="ptolemy.util.test.junit.AutoTests" name="[141] /home/travis/build/icyphy/ptII/ptolemy/actor/lib/test/auto/ElectronicUnitBase1.xml (RunModel)" time="0.086" />
  <testcase classname="ptolemy.util.test.junit.AutoTests" name="[142] /home/travis/build/icyphy/ptII/ptolemy/actor/lib/test/auto/ElementsToArray.xml (RunModel)" time="0.015" />
  <testcase classname="ptolemy.util.test.junit.AutoTests" name="[143] /home/travis/build/icyphy/ptII/ptolemy/actor/lib/test/auto/Equals.xml (RunModel)" time="0.017" />
  <testcase classname="ptolemy.util.test.junit.AutoTests" name="[144] /home/travis/build/icyphy/ptII/ptolemy/actor/lib/test/auto/Exec.xml (RunModel)" time="0.084" />
  <testcase classname="ptolemy.util.test.junit.AutoTests" name="[145] /home/travis/build/icyphy/ptII/ptolemy/actor/lib/test/auto/ExecEnvironment.xml (RunModel)" time="0.049" />
  <testcase classname="ptolemy.util.test.junit.AutoTests" name="[146] /home/travis/build/icyphy/ptII/ptolemy/actor/lib/test/auto/ExecNonZeroReturnOutput.xml (RunModel)" time="0.22" />
  <testcase classname="ptolemy.util.test.junit.AutoTests" name="[147] /home/travis/build/icyphy/ptII/ptolemy/actor/lib/test/auto/ExecRunDemos.xml (RunModel)" time="11.312">
    <error type="java.lang.reflect.InvocationTargetException">java.lang.reflect.InvocationTargetException
	at jdk.internal.reflect.GeneratedConstructorAccessor36.newInstance(Unknown Source)
	at java.base/jdk.internal.reflect.DelegatingConstructorAccessorImpl.newInstance(DelegatingConstructorAccessorImpl.java:45)
	at java.base/java.lang.reflect.Constructor.newInstance(Constructor.java:490)
	at ptolemy.util.test.junit.AutoTests.RunModel(AutoTests.java:193)
	at jdk.internal.reflect.GeneratedMethodAccessor43.invoke(Unknown Source)
	at java.base/jdk.internal.reflect.DelegatingMethodAccessorImpl.invoke(DelegatingMethodAccessorImpl.java:43)
	at junitparams.internal.InvokeParameterisedMethod.evaluate(InvokeParameterisedMethod.java:102)
Caused by: ptolemy.kernel.util.IllegalActionException: Test fails in iteration 0.
Value was: &quot;WARNING: An illegal reflective access operation has occurred\nWARNING: Illegal reflective access by io.netty.util.internal.ReflectionUtil (file:/home/travis/build/icyphy/ptII/lib/netty-common-4.1.19.Final.jar) to constructor java.nio.DirectByteBuffer(long,int)\nWARNING: Please consider reporting this to the maintainers of io.netty.util.internal.ReflectionUtil\nWARNING: Use --illegal-access=warn to enable warnings of further illegal reflective access operations\nWARNING: All illegal access operations will be denied in a future release\n&quot;. Should have been: &quot;&quot;
  in .ExecRunDemos.Test
	at ptolemy.actor.lib.Test.fire(Test.java:268)
	at ptolemy.actor.AtomicActor.iterate(AtomicActor.java:512)
	at ptolemy.actor.sched.StaticSchedulingDirector.fire(StaticSchedulingDirector.java:216)
	at ptolemy.domains.sdf.kernel.SDFDirector.fire(SDFDirector.java:500)
	at ptolemy.actor.CompositeActor.fire(CompositeActor.java:455)
	at ptolemy.actor.Manager.iterate(Manager.java:851)
	at ptolemy.actor.Manager.execute(Manager.java:369)
	at ptolemy.actor.Manager.run(Manager.java:1263)
	at ptolemy.actor.Manager$PtolemyRunThread.run(Manager.java:1915)
</error>
  </testcase>
  <testcase classname="ptolemy.util.test.junit.AutoTests" name="[148] /home/travis/build/icyphy/ptII/ptolemy/actor/lib/test/auto/ExecStop.xml (RunModel)" time="5.038" />
  <testcase classname="ptolemy.util.test.junit.AutoTests" name="[149] /home/travis/build/icyphy/ptII/ptolemy/actor/lib/test/auto/ExecutionTimeSDF.xml (RunModel)" time="6.036" />
  <testcase classname="ptolemy.util.test.junit.AutoTests" name="[150] /home/travis/build/icyphy/ptII/ptolemy/actor/lib/test/auto/Expression1.xml (RunModel)" time="0.034" />
  <testcase classname="ptolemy.util.test.junit.AutoTests" name="[151] /home/travis/build/icyphy/ptII/ptolemy/actor/lib/test/auto/Expression10.xml (RunModel)" time="0.024" />
  <testcase classname="ptolemy.util.test.junit.AutoTests" name="[152] /home/travis/build/icyphy/ptII/ptolemy/actor/lib/test/auto/Expression11.xml (RunModel)" time="0.013" />
  <testcase classname="ptolemy.util.test.junit.AutoTests" name="[153] /home/travis/build/icyphy/ptII/ptolemy/actor/lib/test/auto/Expression12.xml (RunModel)" time="0.017" />
  <testcase classname="ptolemy.util.test.junit.AutoTests" name="[154] /home/travis/build/icyphy/ptII/ptolemy/actor/lib/test/auto/Expression13.xml (RunModel)" time="0.017" />
  <testcase classname="ptolemy.util.test.junit.AutoTests" name="[155] /home/travis/build/icyphy/ptII/ptolemy/actor/lib/test/auto/Expression14.xml (RunModel)" time="0.019" />
  <testcase classname="ptolemy.util.test.junit.AutoTests" name="[156] /home/travis/build/icyphy/ptII/ptolemy/actor/lib/test/auto/Expression15.xml (RunModel)" time="0.008" />
  <testcase classname="ptolemy.util.test.junit.AutoTests" name="[157] /home/travis/build/icyphy/ptII/ptolemy/actor/lib/test/auto/Expression16.xml (RunModel)" time="0.024" />
  <testcase classname="ptolemy.util.test.junit.AutoTests" name="[158] /home/travis/build/icyphy/ptII/ptolemy/actor/lib/test/auto/Expression17.xml (RunModel)" time="0.012" />
  <testcase classname="ptolemy.util.test.junit.AutoTests" name="[159] /home/travis/build/icyphy/ptII/ptolemy/actor/lib/test/auto/Expression18.xml (RunModel)" time="0.013" />
  <testcase classname="ptolemy.util.test.junit.AutoTests" name="[160] /home/travis/build/icyphy/ptII/ptolemy/actor/lib/test/auto/Expression2.xml (RunModel)" time="0.013" />
  <testcase classname="ptolemy.util.test.junit.AutoTests" name="[161] /home/travis/build/icyphy/ptII/ptolemy/actor/lib/test/auto/Expression3.xml (RunModel)" time="0.016" />
  <testcase classname="ptolemy.util.test.junit.AutoTests" name="[162] /home/travis/build/icyphy/ptII/ptolemy/actor/lib/test/auto/Expression4.xml (RunModel)" time="0.024" />
  <testcase classname="ptolemy.util.test.junit.AutoTests" name="[163] /home/travis/build/icyphy/ptII/ptolemy/actor/lib/test/auto/Expression5.xml (RunModel)" time="0.013" />
  <testcase classname="ptolemy.util.test.junit.AutoTests" name="[164] /home/travis/build/icyphy/ptII/ptolemy/actor/lib/test/auto/Expression6.xml (RunModel)" time="0.011" />
  <testcase classname="ptolemy.util.test.junit.AutoTests" name="[165] /home/travis/build/icyphy/ptII/ptolemy/actor/lib/test/auto/Expression7.xml (RunModel)" time="0.012" />
  <testcase classname="ptolemy.util.test.junit.AutoTests" name="[166] /home/travis/build/icyphy/ptII/ptolemy/actor/lib/test/auto/Expression8.xml (RunModel)" time="0.016" />
  <testcase classname="ptolemy.util.test.junit.AutoTests" name="[167] /home/travis/build/icyphy/ptII/ptolemy/actor/lib/test/auto/Expression9.xml (RunModel)" time="0.008" />
  <testcase classname="ptolemy.util.test.junit.AutoTests" name="[168] /home/travis/build/icyphy/ptII/ptolemy/actor/lib/test/auto/ExpressionConcatenateArrayType.xml (RunModel)" time="0.028" />
  <testcase classname="ptolemy.util.test.junit.AutoTests" name="[169] /home/travis/build/icyphy/ptII/ptolemy/actor/lib/test/auto/ExpressionConcatenateArrayType2.xml (RunModel)" time="0.023" />
  <testcase classname="ptolemy.util.test.junit.AutoTests" name="[170] /home/travis/build/icyphy/ptII/ptolemy/actor/lib/test/auto/ExpressionFix.xml (RunModel)" time="0.043" />
  <testcase classname="ptolemy.util.test.junit.AutoTests" name="[171] /home/travis/build/icyphy/ptII/ptolemy/actor/lib/test/auto/ExpressionFix2.xml (RunModel)" time="0.016" />
  <testcase classname="ptolemy.util.test.junit.AutoTests" name="[172] /home/travis/build/icyphy/ptII/ptolemy/actor/lib/test/auto/ExpressionFix3.xml (RunModel)" time="0.014" />
  <testcase classname="ptolemy.util.test.junit.AutoTests" name="[173] /home/travis/build/icyphy/ptII/ptolemy/actor/lib/test/auto/FileWriter1.xml (RunModel)" time="0.012" />
  <testcase classname="ptolemy.util.test.junit.AutoTests" name="[174] /home/travis/build/icyphy/ptII/ptolemy/actor/lib/test/auto/FileWriter2.xml (RunModel)" time="0.015" />
  <testcase classname="ptolemy.util.test.junit.AutoTests" name="[175] /home/travis/build/icyphy/ptII/ptolemy/actor/lib/test/auto/FileWriter3.xml (RunModel)" time="0.017" />
  <testcase classname="ptolemy.util.test.junit.AutoTests" name="[176] /home/travis/build/icyphy/ptII/ptolemy/actor/lib/test/auto/Gaussian.xml (RunModel)" time="0.02" />
  <testcase classname="ptolemy.util.test.junit.AutoTests" name="[177] /home/travis/build/icyphy/ptII/ptolemy/actor/lib/test/auto/Gaussian1.xml (RunModel)" time="0.013" />
  <testcase classname="ptolemy.util.test.junit.AutoTests" name="[178] /home/travis/build/icyphy/ptII/ptolemy/actor/lib/test/auto/Gaussian2.xml (RunModel)" time="0.014" />
  <testcase classname="ptolemy.util.test.junit.AutoTests" name="[179] /home/travis/build/icyphy/ptII/ptolemy/actor/lib/test/auto/GradientAdaptiveLattice.xml (RunModel)" time="0.021" />
  <testcase classname="ptolemy.util.test.junit.AutoTests" name="[180] /home/travis/build/icyphy/ptII/ptolemy/actor/lib/test/auto/IIR.xml (RunModel)" time="0.015" />
  <testcase classname="ptolemy.util.test.junit.AutoTests" name="[181] /home/travis/build/icyphy/ptII/ptolemy/actor/lib/test/auto/InputOutputTransparentPorts.xml (RunModel)" time="0.021" />
  <testcase classname="ptolemy.util.test.junit.AutoTests" name="[182] /home/travis/build/icyphy/ptII/ptolemy/actor/lib/test/auto/Interpolator.xml (RunModel)" time="0.025" />
  <testcase classname="ptolemy.util.test.junit.AutoTests" name="[183] /home/travis/build/icyphy/ptII/ptolemy/actor/lib/test/auto/InterpolatorFiringLimitDE.xml (RunModel)" time="0.014" />
  <testcase classname="ptolemy.util.test.junit.AutoTests" name="[184] /home/travis/build/icyphy/ptII/ptolemy/actor/lib/test/auto/Lattice.xml (RunModel)" time="0.011" />
  <testcase classname="ptolemy.util.test.junit.AutoTests" name="[185] /home/travis/build/icyphy/ptII/ptolemy/actor/lib/test/auto/LazyAOCTestLazy.xml (RunModel)" time="0.028" />
  <testcase classname="ptolemy.util.test.junit.AutoTests" name="[186] /home/travis/build/icyphy/ptII/ptolemy/actor/lib/test/auto/LazyAOCTestNonLazy.xml (RunModel)" time="0.046" />
  <testcase classname="ptolemy.util.test.junit.AutoTests" name="[187] /home/travis/build/icyphy/ptII/ptolemy/actor/lib/test/auto/LazyInnerClass.xml (RunModel)" time="0.064" />
  <testcase classname="ptolemy.util.test.junit.AutoTests" name="[188] /home/travis/build/icyphy/ptII/ptolemy/actor/lib/test/auto/LazyPubSub.xml (RunModel)" time="0.072" />
  <testcase classname="ptolemy.util.test.junit.AutoTests" name="[189] /home/travis/build/icyphy/ptII/ptolemy/actor/lib/test/auto/LazyPubSub2.xml (RunModel)" time="0.069" />
  <testcase classname="ptolemy.util.test.junit.AutoTests" name="[190] /home/travis/build/icyphy/ptII/ptolemy/actor/lib/test/auto/LazyPubSub3.xml (RunModel)" time="0.026" />
  <testcase classname="ptolemy.util.test.junit.AutoTests" name="[191] /home/travis/build/icyphy/ptII/ptolemy/actor/lib/test/auto/LazySubClassModel.xml (RunModel)" time="0.02" />
  <testcase classname="ptolemy.util.test.junit.AutoTests" name="[192] /home/travis/build/icyphy/ptII/ptolemy/actor/lib/test/auto/LevelCrossTest1.xml (RunModel)" time="0.011" />
  <testcase classname="ptolemy.util.test.junit.AutoTests" name="[193] /home/travis/build/icyphy/ptII/ptolemy/actor/lib/test/auto/LevelCrossTest10.xml (RunModel)" time="0.015" />
  <testcase classname="ptolemy.util.test.junit.AutoTests" name="[194] /home/travis/build/icyphy/ptII/ptolemy/actor/lib/test/auto/LevelCrossTest11.xml (RunModel)" time="0.013" />
  <testcase classname="ptolemy.util.test.junit.AutoTests" name="[195] /home/travis/build/icyphy/ptII/ptolemy/actor/lib/test/auto/LevelCrossTest12.xml (RunModel)" time="0.019" />
  <testcase classname="ptolemy.util.test.junit.AutoTests" name="[196] /home/travis/build/icyphy/ptII/ptolemy/actor/lib/test/auto/LevelCrossTest13.xml (RunModel)" time="0.014" />
  <testcase classname="ptolemy.util.test.junit.AutoTests" name="[197] /home/travis/build/icyphy/ptII/ptolemy/actor/lib/test/auto/LevelCrossTest2.xml (RunModel)" time="0.012" />
  <testcase classname="ptolemy.util.test.junit.AutoTests" name="[198] /home/travis/build/icyphy/ptII/ptolemy/actor/lib/test/auto/LevelCrossTest3.xml (RunModel)" time="0.013" />
  <testcase classname="ptolemy.util.test.junit.AutoTests" name="[199] /home/travis/build/icyphy/ptII/ptolemy/actor/lib/test/auto/LevelCrossTest4.xml (RunModel)" time="0.012" />
  <testcase classname="ptolemy.util.test.junit.AutoTests" name="[200] /home/travis/build/icyphy/ptII/ptolemy/actor/lib/test/auto/LevelCrossTest5.xml (RunModel)" time="0.014" />
  <testcase classname="ptolemy.util.test.junit.AutoTests" name="[201] /home/travis/build/icyphy/ptII/ptolemy/actor/lib/test/auto/LevelCrossTest6.xml (RunModel)" time="0.016" />
  <testcase classname="ptolemy.util.test.junit.AutoTests" name="[202] /home/travis/build/icyphy/ptII/ptolemy/actor/lib/test/auto/LevelCrossTest7.xml (RunModel)" time="0.032" />
  <testcase classname="ptolemy.util.test.junit.AutoTests" name="[203] /home/travis/build/icyphy/ptII/ptolemy/actor/lib/test/auto/LevelCrossTest8.xml (RunModel)" time="0.016" />
  <testcase classname="ptolemy.util.test.junit.AutoTests" name="[204] /home/travis/build/icyphy/ptII/ptolemy/actor/lib/test/auto/LevelCrossTest9.xml (RunModel)" time="0.017" />
  <testcase classname="ptolemy.util.test.junit.AutoTests" name="[205] /home/travis/build/icyphy/ptII/ptolemy/actor/lib/test/auto/LevinsonDurbin.xml (RunModel)" time="0.011" />
  <testcase classname="ptolemy.util.test.junit.AutoTests" name="[206] /home/travis/build/icyphy/ptII/ptolemy/actor/lib/test/auto/LevinsonDurbin2.xml (RunModel)" time="0.021" />
  <testcase classname="ptolemy.util.test.junit.AutoTests" name="[207] /home/travis/build/icyphy/ptII/ptolemy/actor/lib/test/auto/LevinsonDurbin3.xml (RunModel)" time="0.015" />
  <testcase classname="ptolemy.util.test.junit.AutoTests" name="[208] /home/travis/build/icyphy/ptII/ptolemy/actor/lib/test/auto/Limiter.xml (RunModel)" time="0.043" />
  <testcase classname="ptolemy.util.test.junit.AutoTests" name="[209] /home/travis/build/icyphy/ptII/ptolemy/actor/lib/test/auto/LinearDifferenceEquationSystem.xml (RunModel)" time="0.024" />
  <testcase classname="ptolemy.util.test.junit.AutoTests" name="[210] /home/travis/build/icyphy/ptII/ptolemy/actor/lib/test/auto/LookupTable.xml (RunModel)" time="0.016" />
  <testcase classname="ptolemy.util.test.junit.AutoTests" name="[211] /home/travis/build/icyphy/ptII/ptolemy/actor/lib/test/auto/MathFunction.xml (RunModel)" time="0.024" />
  <testcase classname="ptolemy.util.test.junit.AutoTests" name="[212] /home/travis/build/icyphy/ptII/ptolemy/actor/lib/test/auto/MathFunction2.xml (RunModel)" time="0.011" />
  <testcase classname="ptolemy.util.test.junit.AutoTests" name="[213] /home/travis/build/icyphy/ptII/ptolemy/actor/lib/test/auto/MathFunction3.xml (RunModel)" time="0.023" />
  <testcase classname="ptolemy.util.test.junit.AutoTests" name="[214] /home/travis/build/icyphy/ptII/ptolemy/actor/lib/test/auto/MatrixCropBoolean.xml (RunModel)" time="0.014" />
  <testcase classname="ptolemy.util.test.junit.AutoTests" name="[215] /home/travis/build/icyphy/ptII/ptolemy/actor/lib/test/auto/MatrixCropComplex.xml (RunModel)" time="0.016" />
  <testcase classname="ptolemy.util.test.junit.AutoTests" name="[216] /home/travis/build/icyphy/ptII/ptolemy/actor/lib/test/auto/MatrixCropDouble.xml (RunModel)" time="0.011" />
  <testcase classname="ptolemy.util.test.junit.AutoTests" name="[217] /home/travis/build/icyphy/ptII/ptolemy/actor/lib/test/auto/MatrixCropFix.xml (RunModel)" time="0.017" />
  <testcase classname="ptolemy.util.test.junit.AutoTests" name="[218] /home/travis/build/icyphy/ptII/ptolemy/actor/lib/test/auto/MatrixCropInt.xml (RunModel)" time="0.013" />
  <testcase classname="ptolemy.util.test.junit.AutoTests" name="[219] /home/travis/build/icyphy/ptII/ptolemy/actor/lib/test/auto/MatrixCropLong.xml (RunModel)" time="0.009" />
  <testcase classname="ptolemy.util.test.junit.AutoTests" name="[220] /home/travis/build/icyphy/ptII/ptolemy/actor/lib/test/auto/MatrixToArray.xml (RunModel)" time="0.055" />
  <testcase classname="ptolemy.util.test.junit.AutoTests" name="[221] /home/travis/build/icyphy/ptII/ptolemy/actor/lib/test/auto/MaxIndex.xml (RunModel)" time="0.018" />
  <testcase classname="ptolemy.util.test.junit.AutoTests" name="[222] /home/travis/build/icyphy/ptII/ptolemy/actor/lib/test/auto/Maximum.xml (RunModel)" time="0.02" />
  <testcase classname="ptolemy.util.test.junit.AutoTests" name="[223] /home/travis/build/icyphy/ptII/ptolemy/actor/lib/test/auto/MaximumComplex.xml (RunModel)" time="0.027" />
  <testcase classname="ptolemy.util.test.junit.AutoTests" name="[224] /home/travis/build/icyphy/ptII/ptolemy/actor/lib/test/auto/MethodCallTest.xml (RunModel)" time="0.025" />
  <testcase classname="ptolemy.util.test.junit.AutoTests" name="[225] /home/travis/build/icyphy/ptII/ptolemy/actor/lib/test/auto/Minimum.xml (RunModel)" time="0.066" />
  <testcase classname="ptolemy.util.test.junit.AutoTests" name="[226] /home/travis/build/icyphy/ptII/ptolemy/actor/lib/test/auto/MinimumComplex.xml (RunModel)" time="0.027" />
  <testcase classname="ptolemy.util.test.junit.AutoTests" name="[227] /home/travis/build/icyphy/ptII/ptolemy/actor/lib/test/auto/MinimumMultiports.xml (RunModel)" time="0.024" />
  <testcase classname="ptolemy.util.test.junit.AutoTests" name="[228] /home/travis/build/icyphy/ptII/ptolemy/actor/lib/test/auto/ModifyDate.xml (RunModel)" time="0.048" />
  <testcase classname="ptolemy.util.test.junit.AutoTests" name="[229] /home/travis/build/icyphy/ptII/ptolemy/actor/lib/test/auto/ModifyDate2.xml (RunModel)" time="0.031" />
  <testcase classname="ptolemy.util.test.junit.AutoTests" name="[230] /home/travis/build/icyphy/ptII/ptolemy/actor/lib/test/auto/MovingAverage.xml (RunModel)" time="0.013" />
  <testcase classname="ptolemy.util.test.junit.AutoTests" name="[231] /home/travis/build/icyphy/ptII/ptolemy/actor/lib/test/auto/MovingMaximum.xml (RunModel)" time="0.012" />
  <testcase classname="ptolemy.util.test.junit.AutoTests" name="[232] /home/travis/build/icyphy/ptII/ptolemy/actor/lib/test/auto/MultipleLinksToSameRelation.xml (RunModel)" time="0.008" />
  <testcase classname="ptolemy.util.test.junit.AutoTests" name="[233] /home/travis/build/icyphy/ptII/ptolemy/actor/lib/test/auto/MultipleLinksToSameRelationDE.xml (RunModel)" time="0.008" />
  <testcase classname="ptolemy.util.test.junit.AutoTests" name="[234] /home/travis/build/icyphy/ptII/ptolemy/actor/lib/test/auto/Multiplexor.xml (RunModel)" time="0.027" />
  <testcase classname="ptolemy.util.test.junit.AutoTests" name="[235] /home/travis/build/icyphy/ptII/ptolemy/actor/lib/test/auto/Multiplexor1.xml (RunModel)" time="0.012" />
  <testcase classname="ptolemy.util.test.junit.AutoTests" name="[236] /home/travis/build/icyphy/ptII/ptolemy/actor/lib/test/auto/Multiplexor2.xml (RunModel)" time="0.017" />
  <testcase classname="ptolemy.util.test.junit.AutoTests" name="[237] /home/travis/build/icyphy/ptII/ptolemy/actor/lib/test/auto/Multiplexor3.xml (RunModel)" time="0.01" />
  <testcase classname="ptolemy.util.test.junit.AutoTests" name="[238] /home/travis/build/icyphy/ptII/ptolemy/actor/lib/test/auto/MultiplexorDE.xml (RunModel)" time="0.02" />
  <testcase classname="ptolemy.util.test.junit.AutoTests" name="[239] /home/travis/build/icyphy/ptII/ptolemy/actor/lib/test/auto/MultiportBroadcastTest.xml (RunModel)" time="0.101" />
  <testcase classname="ptolemy.util.test.junit.AutoTests" name="[240] /home/travis/build/icyphy/ptII/ptolemy/actor/lib/test/auto/MultiportOutHangDuringGetWidth.xml (RunModel)" time="0.041" />
  <testcase classname="ptolemy.util.test.junit.AutoTests" name="[241] /home/travis/build/icyphy/ptII/ptolemy/actor/lib/test/auto/NilToken.xml (RunModel)" time="0.012" />
  <testcase classname="ptolemy.util.test.junit.AutoTests" name="[242] /home/travis/build/icyphy/ptII/ptolemy/actor/lib/test/auto/NilTokenNonStrictTest.xml (RunModel)" time="0.016" />
  <testcase classname="ptolemy.util.test.junit.AutoTests" name="[243] /home/travis/build/icyphy/ptII/ptolemy/actor/lib/test/auto/NilTokenRecord.xml (RunModel)" time="0.032" />
  <testcase classname="ptolemy.util.test.junit.AutoTests" name="[244] /home/travis/build/icyphy/ptII/ptolemy/actor/lib/test/auto/NilTokenTypeTest.xml (RunModel)" time="0.029" />
  <testcase classname="ptolemy.util.test.junit.AutoTests" name="[245] /home/travis/build/icyphy/ptII/ptolemy/actor/lib/test/auto/ObjectToken1.xml (RunModel)" time="0.011" />
  <testcase classname="ptolemy.util.test.junit.AutoTests" name="[246] /home/travis/build/icyphy/ptII/ptolemy/actor/lib/test/auto/OrderedMerge.xml (RunModel)" time="0.031" />
  <testcase classname="ptolemy.util.test.junit.AutoTests" name="[247] /home/travis/build/icyphy/ptII/ptolemy/actor/lib/test/auto/OrderedRecordDisassembler.xml (RunModel)" time="0.017" />
  <testcase classname="ptolemy.util.test.junit.AutoTests" name="[248] /home/travis/build/icyphy/ptII/ptolemy/actor/lib/test/auto/OrderedRecordDisassembler2.xml (RunModel)" time="0.019" />
  <testcase classname="ptolemy.util.test.junit.AutoTests" name="[249] /home/travis/build/icyphy/ptII/ptolemy/actor/lib/test/auto/OrderedRecordUpdater.xml (RunModel)" time="0.012" />
  <testcase classname="ptolemy.util.test.junit.AutoTests" name="[250] /home/travis/build/icyphy/ptII/ptolemy/actor/lib/test/auto/OrderedRecordUpdater2.xml (RunModel)" time="0.022" />
  <testcase classname="ptolemy.util.test.junit.AutoTests" name="[251] /home/travis/build/icyphy/ptII/ptolemy/actor/lib/test/auto/PhaseUnwrap.xml (RunModel)" time="0.014" />
  <testcase classname="ptolemy.util.test.junit.AutoTests" name="[252] /home/travis/build/icyphy/ptII/ptolemy/actor/lib/test/auto/PoissonClock.xml (RunModel)" time="0.01" />
  <testcase classname="ptolemy.util.test.junit.AutoTests" name="[253] /home/travis/build/icyphy/ptII/ptolemy/actor/lib/test/auto/PoissonClock2.xml (RunModel)" time="0.007" />
  <testcase classname="ptolemy.util.test.junit.AutoTests" name="[254] /home/travis/build/icyphy/ptII/ptolemy/actor/lib/test/auto/PoissonClock3.xml (RunModel)" time="0.012" />
  <testcase classname="ptolemy.util.test.junit.AutoTests" name="[255] /home/travis/build/icyphy/ptII/ptolemy/actor/lib/test/auto/PubSubWithInitialTokens.xml (RunModel)" time="0.022" />
  <testcase classname="ptolemy.util.test.junit.AutoTests" name="[256] /home/travis/build/icyphy/ptII/ptolemy/actor/lib/test/auto/PubSubWithInitialTokens2.xml (RunModel)" time="0.012" />
  <testcase classname="ptolemy.util.test.junit.AutoTests" name="[257] /home/travis/build/icyphy/ptII/ptolemy/actor/lib/test/auto/PublisherClassNoParameter.xml (RunModel)" time="0.023" />
  <testcase classname="ptolemy.util.test.junit.AutoTests" name="[258] /home/travis/build/icyphy/ptII/ptolemy/actor/lib/test/auto/PublisherClassParameter.xml (RunModel)" time="0.023" />
  <testcase classname="ptolemy.util.test.junit.AutoTests" name="[259] /home/travis/build/icyphy/ptII/ptolemy/actor/lib/test/auto/PublisherNonStrictTest.xml (RunModel)" time="0.017" />
  <testcase classname="ptolemy.util.test.junit.AutoTests" name="[260] /home/travis/build/icyphy/ptII/ptolemy/actor/lib/test/auto/PublisherPort1.xml (RunModel)" time="0.015" />
  <testcase classname="ptolemy.util.test.junit.AutoTests" name="[261] /home/travis/build/icyphy/ptII/ptolemy/actor/lib/test/auto/PublisherPort2.xml (RunModel)" time="0.018" />
  <testcase classname="ptolemy.util.test.junit.AutoTests" name="[262] /home/travis/build/icyphy/ptII/ptolemy/actor/lib/test/auto/PublisherPort3.xml (RunModel)" time="0.012" />
  <testcase classname="ptolemy.util.test.junit.AutoTests" name="[263] /home/travis/build/icyphy/ptII/ptolemy/actor/lib/test/auto/PublisherPort4.xml (RunModel)" time="0.017" />
  <testcase classname="ptolemy.util.test.junit.AutoTests" name="[264] /home/travis/build/icyphy/ptII/ptolemy/actor/lib/test/auto/PublisherPort5.xml (RunModel)" time="0.015" />
  <testcase classname="ptolemy.util.test.junit.AutoTests" name="[265] /home/travis/build/icyphy/ptII/ptolemy/actor/lib/test/auto/PublisherPort5LookAlike.xml (RunModel)" time="0.021" />
  <testcase classname="ptolemy.util.test.junit.AutoTests" name="[266] /home/travis/build/icyphy/ptII/ptolemy/actor/lib/test/auto/PublisherPort6.xml (RunModel)" time="0.014" />
  <testcase classname="ptolemy.util.test.junit.AutoTests" name="[267] /home/travis/build/icyphy/ptII/ptolemy/actor/lib/test/auto/PublisherPort7.xml (RunModel)" time="0.018" />
  <testcase classname="ptolemy.util.test.junit.AutoTests" name="[268] /home/travis/build/icyphy/ptII/ptolemy/actor/lib/test/auto/PublisherPort8.xml (RunModel)" time="0.022" />
  <testcase classname="ptolemy.util.test.junit.AutoTests" name="[269] /home/travis/build/icyphy/ptII/ptolemy/actor/lib/test/auto/PublisherPortSubscriberChannelVariablesAOC2.xml (RunModel)" time="0.036" />
  <testcase classname="ptolemy.util.test.junit.AutoTests" name="[270] /home/travis/build/icyphy/ptII/ptolemy/actor/lib/test/auto/PublisherPortSubscriberOpaqueWidthInference.xml (RunModel)" time="0.016" />
  <testcase classname="ptolemy.util.test.junit.AutoTests" name="[271] /home/travis/build/icyphy/ptII/ptolemy/actor/lib/test/auto/PublisherPortSubscriberPortAdjacent.xml (RunModel)" time="0.019" />
  <testcase classname="ptolemy.util.test.junit.AutoTests" name="[272] /home/travis/build/icyphy/ptII/ptolemy/actor/lib/test/auto/PublisherPortSubscriberPortExpression.xml (RunModel)" time="0.079" />
  <testcase classname="ptolemy.util.test.junit.AutoTests" name="[273] /home/travis/build/icyphy/ptII/ptolemy/actor/lib/test/auto/PublisherPortSubscriberPortOpaqueD3Reverse.xml (RunModel)" time="0.037" />
  <testcase classname="ptolemy.util.test.junit.AutoTests" name="[274] /home/travis/build/icyphy/ptII/ptolemy/actor/lib/test/auto/PublisherPortSubscriberPortOpaqueWidthInference.xml (RunModel)" time="0.015" />
  <testcase classname="ptolemy.util.test.junit.AutoTests" name="[275] /home/travis/build/icyphy/ptII/ptolemy/actor/lib/test/auto/PublisherPortToplevelSubscriberPortAOC.xml (RunModel)" time="0.013" />
  <testcase classname="ptolemy.util.test.junit.AutoTests" name="[276] /home/travis/build/icyphy/ptII/ptolemy/actor/lib/test/auto/PublisherSubscriber.xml (RunModel)" time="0.021" />
  <testcase classname="ptolemy.util.test.junit.AutoTests" name="[277] /home/travis/build/icyphy/ptII/ptolemy/actor/lib/test/auto/PublisherSubscriber10.xml (RunModel)" time="0.022" />
  <testcase classname="ptolemy.util.test.junit.AutoTests" name="[278] /home/travis/build/icyphy/ptII/ptolemy/actor/lib/test/auto/PublisherSubscriber10InitialOutputs.xml (RunModel)" time="0.031" />
  <testcase classname="ptolemy.util.test.junit.AutoTests" name="[279] /home/travis/build/icyphy/ptII/ptolemy/actor/lib/test/auto/PublisherSubscriber11.xml (RunModel)" time="0.017" />
  <testcase classname="ptolemy.util.test.junit.AutoTests" name="[280] /home/travis/build/icyphy/ptII/ptolemy/actor/lib/test/auto/PublisherSubscriber12.xml (RunModel)" time="0.016" />
  <testcase classname="ptolemy.util.test.junit.AutoTests" name="[281] /home/travis/build/icyphy/ptII/ptolemy/actor/lib/test/auto/PublisherSubscriber13.xml (RunModel)" time="0.011" />
  <testcase classname="ptolemy.util.test.junit.AutoTests" name="[282] /home/travis/build/icyphy/ptII/ptolemy/actor/lib/test/auto/PublisherSubscriber14.xml (RunModel)" time="0.025" />
  <testcase classname="ptolemy.util.test.junit.AutoTests" name="[283] /home/travis/build/icyphy/ptII/ptolemy/actor/lib/test/auto/PublisherSubscriber2.xml (RunModel)" time="0.01" />
  <testcase classname="ptolemy.util.test.junit.AutoTests" name="[284] /home/travis/build/icyphy/ptII/ptolemy/actor/lib/test/auto/PublisherSubscriber3.xml (RunModel)" time="0.012" />
  <testcase classname="ptolemy.util.test.junit.AutoTests" name="[285] /home/travis/build/icyphy/ptII/ptolemy/actor/lib/test/auto/PublisherSubscriber4.xml (RunModel)" time="0.015" />
  <testcase classname="ptolemy.util.test.junit.AutoTests" name="[286] /home/travis/build/icyphy/ptII/ptolemy/actor/lib/test/auto/PublisherSubscriber5.xml (RunModel)" time="0.014" />
  <testcase classname="ptolemy.util.test.junit.AutoTests" name="[287] /home/travis/build/icyphy/ptII/ptolemy/actor/lib/test/auto/PublisherSubscriber6.xml (RunModel)" time="0.016" />
  <testcase classname="ptolemy.util.test.junit.AutoTests" name="[288] /home/travis/build/icyphy/ptII/ptolemy/actor/lib/test/auto/PublisherSubscriber7.xml (RunModel)" time="0.02" />
  <testcase classname="ptolemy.util.test.junit.AutoTests" name="[289] /home/travis/build/icyphy/ptII/ptolemy/actor/lib/test/auto/PublisherSubscriber8.xml (RunModel)" time="0.038" />
  <testcase classname="ptolemy.util.test.junit.AutoTests" name="[290] /home/travis/build/icyphy/ptII/ptolemy/actor/lib/test/auto/PublisherSubscriber9.xml (RunModel)" time="0.027" />
  <testcase classname="ptolemy.util.test.junit.AutoTests" name="[291] /home/travis/build/icyphy/ptII/ptolemy/actor/lib/test/auto/PublisherSubscriberAdjacent.xml (RunModel)" time="0.019" />
  <testcase classname="ptolemy.util.test.junit.AutoTests" name="[292] /home/travis/build/icyphy/ptII/ptolemy/actor/lib/test/auto/PublisherSubscriberChannelVariablesAOC2.xml (RunModel)" time="0.033" />
  <testcase classname="ptolemy.util.test.junit.AutoTests" name="[293] /home/travis/build/icyphy/ptII/ptolemy/actor/lib/test/auto/PublisherSubscriberD3.xml (RunModel)" time="0.013" />
  <testcase classname="ptolemy.util.test.junit.AutoTests" name="[294] /home/travis/build/icyphy/ptII/ptolemy/actor/lib/test/auto/PublisherSubscriberD3Reverse.xml (RunModel)" time="0.011" />
  <testcase classname="ptolemy.util.test.junit.AutoTests" name="[295] /home/travis/build/icyphy/ptII/ptolemy/actor/lib/test/auto/PublisherSubscriberExpression.xml (RunModel)" time="0.018" />
  <testcase classname="ptolemy.util.test.junit.AutoTests" name="[296] /home/travis/build/icyphy/ptII/ptolemy/actor/lib/test/auto/PublisherSubscriberOpaque.xml (RunModel)" time="0.015" />
  <testcase classname="ptolemy.util.test.junit.AutoTests" name="[297] /home/travis/build/icyphy/ptII/ptolemy/actor/lib/test/auto/PublisherSubscriberOpaqueD3.xml (RunModel)" time="0.026" />
  <testcase classname="ptolemy.util.test.junit.AutoTests" name="[298] /home/travis/build/icyphy/ptII/ptolemy/actor/lib/test/auto/PublisherSubscriberOpaqueD3Reverse.xml (RunModel)" time="0.021" />
  <testcase classname="ptolemy.util.test.junit.AutoTests" name="[299] /home/travis/build/icyphy/ptII/ptolemy/actor/lib/test/auto/PublisherSubscriberOpaqueWidthInference.xml (RunModel)" time="0.02" />
  <testcase classname="ptolemy.util.test.junit.AutoTests" name="[300] /home/travis/build/icyphy/ptII/ptolemy/actor/lib/test/auto/PublisherTestSubscriber.xml (RunModel)" time="0.022" />
  <testcase classname="ptolemy.util.test.junit.AutoTests" name="[301] /home/travis/build/icyphy/ptII/ptolemy/actor/lib/test/auto/PublisherToplevelSubscriberPortAOC.xml (RunModel)" time="0.013" />
  <testcase classname="ptolemy.util.test.junit.AutoTests" name="[302] /home/travis/build/icyphy/ptII/ptolemy/actor/lib/test/auto/PulseFiringLimitDE.xml (RunModel)" time="0.014" />
  <testcase classname="ptolemy.util.test.junit.AutoTests" name="[303] /home/travis/build/icyphy/ptII/ptolemy/actor/lib/test/auto/Ramp1.xml (RunModel)" time="0.007" />
  <testcase classname="ptolemy.util.test.junit.AutoTests" name="[304] /home/travis/build/icyphy/ptII/ptolemy/actor/lib/test/auto/RampFiringLimitDE.xml (RunModel)" time="0.012" />
  <testcase classname="ptolemy.util.test.junit.AutoTests" name="[305] /home/travis/build/icyphy/ptII/ptolemy/actor/lib/test/auto/RampFiringLimitSDF.xml (RunModel)" time="0.011" />
  <testcase classname="ptolemy.util.test.junit.AutoTests" name="[306] /home/travis/build/icyphy/ptII/ptolemy/actor/lib/test/auto/RandomInteger.xml (RunModel)" time="0.011" />
  <testcase classname="ptolemy.util.test.junit.AutoTests" name="[307] /home/travis/build/icyphy/ptII/ptolemy/actor/lib/test/auto/ReadFile1.xml (RunModel)" time="0.01" />
  <testcase classname="ptolemy.util.test.junit.AutoTests" name="[308] /home/travis/build/icyphy/ptII/ptolemy/actor/lib/test/auto/ReadFile2.xml (RunModel)" time="0.009" />
  <testcase classname="ptolemy.util.test.junit.AutoTests" name="[309] /home/travis/build/icyphy/ptII/ptolemy/actor/lib/test/auto/Reader.xml (RunModel)" time="0.011" />
  <testcase classname="ptolemy.util.test.junit.AutoTests" name="[310] /home/travis/build/icyphy/ptII/ptolemy/actor/lib/test/auto/RecordAssemblerDisplayNameTest.xml (RunModel)" time="3.85" />
  <testcase classname="ptolemy.util.test.junit.AutoTests" name="[311] /home/travis/build/icyphy/ptII/ptolemy/actor/lib/test/auto/RecordAssemblerTypeError.xml (RunModel)" time="0.04" />
  <testcase classname="ptolemy.util.test.junit.AutoTests" name="[312] /home/travis/build/icyphy/ptII/ptolemy/actor/lib/test/auto/RecordDisassember.xml (RunModel)" time="0.022" />
  <testcase classname="ptolemy.util.test.junit.AutoTests" name="[313] /home/travis/build/icyphy/ptII/ptolemy/actor/lib/test/auto/RecordDisassemberDisplayNameTest.xml (RunModel)" time="0.024" />
  <testcase classname="ptolemy.util.test.junit.AutoTests" name="[314] /home/travis/build/icyphy/ptII/ptolemy/actor/lib/test/auto/RecordDisassembler.xml (RunModel)" time="0.013" />
  <testcase classname="ptolemy.util.test.junit.AutoTests" name="[315] /home/travis/build/icyphy/ptII/ptolemy/actor/lib/test/auto/RecordDisassembler2.xml (RunModel)" time="0.012" />
  <testcase classname="ptolemy.util.test.junit.AutoTests" name="[316] /home/travis/build/icyphy/ptII/ptolemy/actor/lib/test/auto/RecordUpdater.xml (RunModel)" time="0.011" />
  <testcase classname="ptolemy.util.test.junit.AutoTests" name="[317] /home/travis/build/icyphy/ptII/ptolemy/actor/lib/test/auto/RecordUpdater2.xml (RunModel)" time="0.011" />
  <testcase classname="ptolemy.util.test.junit.AutoTests" name="[318] /home/travis/build/icyphy/ptII/ptolemy/actor/lib/test/auto/RecursiveLattice.xml (RunModel)" time="0.009" />
  <testcase classname="ptolemy.util.test.junit.AutoTests" name="[319] /home/travis/build/icyphy/ptII/ptolemy/actor/lib/test/auto/Router.xml (RunModel)" time="3.029" />
  <testcase classname="ptolemy.util.test.junit.AutoTests" name="[320] /home/travis/build/icyphy/ptII/ptolemy/actor/lib/test/auto/Router2.xml (RunModel)" time="3.026" />
  <testcase classname="ptolemy.util.test.junit.AutoTests" name="[321] /home/travis/build/icyphy/ptII/ptolemy/actor/lib/test/auto/RunningMaximum.xml (RunModel)" time="0.021" />
  <testcase classname="ptolemy.util.test.junit.AutoTests" name="[322] /home/travis/build/icyphy/ptII/ptolemy/actor/lib/test/auto/RunningMinimum.xml (RunModel)" time="0.027" />
  <testcase classname="ptolemy.util.test.junit.AutoTests" name="[323] /home/travis/build/icyphy/ptII/ptolemy/actor/lib/test/auto/Scale.xml (RunModel)" time="0.009" />
  <testcase classname="ptolemy.util.test.junit.AutoTests" name="[324] /home/travis/build/icyphy/ptII/ptolemy/actor/lib/test/auto/Scale2.xml (RunModel)" time="0.01" />
  <testcase classname="ptolemy.util.test.junit.AutoTests" name="[325] /home/travis/build/icyphy/ptII/ptolemy/actor/lib/test/auto/Scale3.xml (RunModel)" time="0.016" />
  <testcase classname="ptolemy.util.test.junit.AutoTests" name="[326] /home/travis/build/icyphy/ptII/ptolemy/actor/lib/test/auto/ScaleArray.xml (RunModel)" time="0.009" />
  <testcase classname="ptolemy.util.test.junit.AutoTests" name="[327] /home/travis/build/icyphy/ptII/ptolemy/actor/lib/test/auto/ScaleArray2.xml (RunModel)" time="0.009" />
  <testcase classname="ptolemy.util.test.junit.AutoTests" name="[328] /home/travis/build/icyphy/ptII/ptolemy/actor/lib/test/auto/ScaleMatrix.xml (RunModel)" time="0.183" />
  <testcase classname="ptolemy.util.test.junit.AutoTests" name="[329] /home/travis/build/icyphy/ptII/ptolemy/actor/lib/test/auto/Select.xml (RunModel)" time="0.054" />
  <testcase classname="ptolemy.util.test.junit.AutoTests" name="[330] /home/travis/build/icyphy/ptII/ptolemy/actor/lib/test/auto/Select2.xml (RunModel)" time="0.009" />
  <testcase classname="ptolemy.util.test.junit.AutoTests" name="[331] /home/travis/build/icyphy/ptII/ptolemy/actor/lib/test/auto/SequenceToArray2.xml (RunModel)" time="0.146" />
  <testcase classname="ptolemy.util.test.junit.AutoTests" name="[332] /home/travis/build/icyphy/ptII/ptolemy/actor/lib/test/auto/SequentialClock.xml (RunModel)" time="0.015" />
  <testcase classname="ptolemy.util.test.junit.AutoTests" name="[333] /home/travis/build/icyphy/ptII/ptolemy/actor/lib/test/auto/SetVariable.xml (RunModel)" time="0.012" />
  <testcase classname="ptolemy.util.test.junit.AutoTests" name="[334] /home/travis/build/icyphy/ptII/ptolemy/actor/lib/test/auto/SetVariable2.xml (RunModel)" time="0.013" />
  <testcase classname="ptolemy.util.test.junit.AutoTests" name="[335] /home/travis/build/icyphy/ptII/ptolemy/actor/lib/test/auto/SetVariable3.xml (RunModel)" time="0.014" />
  <testcase classname="ptolemy.util.test.junit.AutoTests" name="[336] /home/travis/build/icyphy/ptII/ptolemy/actor/lib/test/auto/SetVariable4.xml (RunModel)" time="0.034" />
  <testcase classname="ptolemy.util.test.junit.AutoTests" name="[337] /home/travis/build/icyphy/ptII/ptolemy/actor/lib/test/auto/SetVariable5.xml (RunModel)" time="0.038" />
  <testcase classname="ptolemy.util.test.junit.AutoTests" name="[338] /home/travis/build/icyphy/ptII/ptolemy/actor/lib/test/auto/Sinewave.xml (RunModel)" time="0.029" />
  <testcase classname="ptolemy.util.test.junit.AutoTests" name="[339] /home/travis/build/icyphy/ptII/ptolemy/actor/lib/test/auto/Sinewave2.xml (RunModel)" time="0.016" />
  <testcase classname="ptolemy.util.test.junit.AutoTests" name="[340] /home/travis/build/icyphy/ptII/ptolemy/actor/lib/test/auto/Sinewave3.xml (RunModel)" time="0.02" />
  <testcase classname="ptolemy.util.test.junit.AutoTests" name="[341] /home/travis/build/icyphy/ptII/ptolemy/actor/lib/test/auto/SingleEvent.xml (RunModel)" time="0.022" />
  <testcase classname="ptolemy.util.test.junit.AutoTests" name="[342] /home/travis/build/icyphy/ptII/ptolemy/actor/lib/test/auto/Sleep.xml (RunModel)" time="6.019" />
  <testcase classname="ptolemy.util.test.junit.AutoTests" name="[343] /home/travis/build/icyphy/ptII/ptolemy/actor/lib/test/auto/SleepMultipleFire.xml (RunModel)" time="1.026" />
  <testcase classname="ptolemy.util.test.junit.AutoTests" name="[344] /home/travis/build/icyphy/ptII/ptolemy/actor/lib/test/auto/StopDE.xml (RunModel)" time="0.019" />
  <testcase classname="ptolemy.util.test.junit.AutoTests" name="[345] /home/travis/build/icyphy/ptII/ptolemy/actor/lib/test/auto/StopSDF.xml (RunModel)" time="0.014" />
  <testcase classname="ptolemy.util.test.junit.AutoTests" name="[346] /home/travis/build/icyphy/ptII/ptolemy/actor/lib/test/auto/StringConstant.xml (RunModel)" time="0.028" />
  <testcase classname="ptolemy.util.test.junit.AutoTests" name="[347] /home/travis/build/icyphy/ptII/ptolemy/actor/lib/test/auto/SubscriberPortInitialValues1.xml (RunModel)" time="0.02" />
  <testcase classname="ptolemy.util.test.junit.AutoTests" name="[348] /home/travis/build/icyphy/ptII/ptolemy/actor/lib/test/auto/SubscriberPortInitialValues13.xml (RunModel)" time="0.025" />
  <testcase classname="ptolemy.util.test.junit.AutoTests" name="[349] /home/travis/build/icyphy/ptII/ptolemy/actor/lib/test/auto/SubscriberPortInitialValues14.xml (RunModel)" time="0.017" />
  <testcase classname="ptolemy.util.test.junit.AutoTests" name="[350] /home/travis/build/icyphy/ptII/ptolemy/actor/lib/test/auto/SubscriberPortInitialValues2.xml (RunModel)" time="0.018" />
  <testcase classname="ptolemy.util.test.junit.AutoTests" name="[351] /home/travis/build/icyphy/ptII/ptolemy/actor/lib/test/auto/SubscriberPortInitialValues3.xml (RunModel)" time="0.022" />
  <testcase classname="ptolemy.util.test.junit.AutoTests" name="[352] /home/travis/build/icyphy/ptII/ptolemy/actor/lib/test/auto/SubscriptionAggregator.xml (RunModel)" time="0.014" />
  <testcase classname="ptolemy.util.test.junit.AutoTests" name="[353] /home/travis/build/icyphy/ptII/ptolemy/actor/lib/test/auto/SubscriptionAggregator2.xml (RunModel)" time="0.011" />
  <testcase classname="ptolemy.util.test.junit.AutoTests" name="[354] /home/travis/build/icyphy/ptII/ptolemy/actor/lib/test/auto/SubscriptionAggregator3.xml (RunModel)" time="0.017" />
  <testcase classname="ptolemy.util.test.junit.AutoTests" name="[355] /home/travis/build/icyphy/ptII/ptolemy/actor/lib/test/auto/SubscriptionAggregatorMultiply.xml (RunModel)" time="0.025" />
  <testcase classname="ptolemy.util.test.junit.AutoTests" name="[356] /home/travis/build/icyphy/ptII/ptolemy/actor/lib/test/auto/SubscriptionAggregatorPortMultiply1.xml (RunModel)" time="0.019" />
  <testcase classname="ptolemy.util.test.junit.AutoTests" name="[357] /home/travis/build/icyphy/ptII/ptolemy/actor/lib/test/auto/Switch.xml (RunModel)" time="0.019" />
  <testcase classname="ptolemy.util.test.junit.AutoTests" name="[358] /home/travis/build/icyphy/ptII/ptolemy/actor/lib/test/auto/Switch2.xml (RunModel)" time="0.014" />
  <testcase classname="ptolemy.util.test.junit.AutoTests" name="[359] /home/travis/build/icyphy/ptII/ptolemy/actor/lib/test/auto/SwitchDE.xml (RunModel)" time="0.016" />
  <testcase classname="ptolemy.util.test.junit.AutoTests" name="[360] /home/travis/build/icyphy/ptII/ptolemy/actor/lib/test/auto/SynchronizerDE.xml (RunModel)" time="0.021" />
  <testcase classname="ptolemy.util.test.junit.AutoTests" name="[361] /home/travis/build/icyphy/ptII/ptolemy/actor/lib/test/auto/Test.xml (RunModel)" time="0.02" />
  <testcase classname="ptolemy.util.test.junit.AutoTests" name="[362] /home/travis/build/icyphy/ptII/ptolemy/actor/lib/test/auto/TestExceptionAttribute1.xml (RunModel)" time="0.008" />
  <testcase classname="ptolemy.util.test.junit.AutoTests" name="[363] /home/travis/build/icyphy/ptII/ptolemy/actor/lib/test/auto/TestExceptionAttribute2.xml (RunModel)" time="0.013" />
  <testcase classname="ptolemy.util.test.junit.AutoTests" name="[364] /home/travis/build/icyphy/ptII/ptolemy/actor/lib/test/auto/TestExceptionAttribute3.xml (RunModel)" time="0.007" />
  <testcase classname="ptolemy.util.test.junit.AutoTests" name="[365] /home/travis/build/icyphy/ptII/ptolemy/actor/lib/test/auto/TestExceptionAttribute4.xml (RunModel)" time="0.006" />
  <testcase classname="ptolemy.util.test.junit.AutoTests" name="[366] /home/travis/build/icyphy/ptII/ptolemy/actor/lib/test/auto/TestExceptionHandler1.xml (RunModel)" time="0.015" />
  <testcase classname="ptolemy.util.test.junit.AutoTests" name="[367] /home/travis/build/icyphy/ptII/ptolemy/actor/lib/test/auto/TestExceptionHandler2.xml (RunModel)" time="0.016" />
  <testcase classname="ptolemy.util.test.junit.AutoTests" name="[368] /home/travis/build/icyphy/ptII/ptolemy/actor/lib/test/auto/TestExceptionHandler3.xml (RunModel)" time="0.007" />
  <testcase classname="ptolemy.util.test.junit.AutoTests" name="[369] /home/travis/build/icyphy/ptII/ptolemy/actor/lib/test/auto/TestExceptionHandler4.xml (RunModel)" time="0.008" />
  <testcase classname="ptolemy.util.test.junit.AutoTests" name="[370] /home/travis/build/icyphy/ptII/ptolemy/actor/lib/test/auto/TestRequireCorrectOrder.xml (RunModel)" time="0.01" />
  <testcase classname="ptolemy.util.test.junit.AutoTests" name="[371] /home/travis/build/icyphy/ptII/ptolemy/actor/lib/test/auto/TestSimple.xml (RunModel)" time="0.006" />
  <testcase classname="ptolemy.util.test.junit.AutoTests" name="[372] /home/travis/build/icyphy/ptII/ptolemy/actor/lib/test/auto/ThrowModelError.xml (RunModel)" time="0.012" />
  <testcase classname="ptolemy.util.test.junit.AutoTests" name="[373] /home/travis/build/icyphy/ptII/ptolemy/actor/lib/test/auto/TimeDelayMicrosteps.xml (RunModel)" time="0.014" />
  <testcase classname="ptolemy.util.test.junit.AutoTests" name="[374] /home/travis/build/icyphy/ptII/ptolemy/actor/lib/test/auto/TimeDelayMicrosteps2.xml (RunModel)" time="0.014" />
  <testcase classname="ptolemy.util.test.junit.AutoTests" name="[375] /home/travis/build/icyphy/ptII/ptolemy/actor/lib/test/auto/TimeDelayMicrosteps3.xml (RunModel)" time="0.014" />
  <testcase classname="ptolemy.util.test.junit.AutoTests" name="[376] /home/travis/build/icyphy/ptII/ptolemy/actor/lib/test/auto/TimeDelayVariableMicrosteps.xml (RunModel)" time="0.071" />
  <testcase classname="ptolemy.util.test.junit.AutoTests" name="[377] /home/travis/build/icyphy/ptII/ptolemy/actor/lib/test/auto/TimeGap.xml (RunModel)" time="0.02" />
  <testcase classname="ptolemy.util.test.junit.AutoTests" name="[378] /home/travis/build/icyphy/ptII/ptolemy/actor/lib/test/auto/TimeGap2.xml (RunModel)" time="0.011" />
  <testcase classname="ptolemy.util.test.junit.AutoTests" name="[379] /home/travis/build/icyphy/ptII/ptolemy/actor/lib/test/auto/TimedSinewave.xml (RunModel)" time="0.063" />
  <testcase classname="ptolemy.util.test.junit.AutoTests" name="[380] /home/travis/build/icyphy/ptII/ptolemy/actor/lib/test/auto/TimedSinewavePhase.xml (RunModel)" time="0.041" />
  <testcase classname="ptolemy.util.test.junit.AutoTests" name="[381] /home/travis/build/icyphy/ptII/ptolemy/actor/lib/test/auto/Timer.xml (RunModel)" time="0.014" />
  <testcase classname="ptolemy.util.test.junit.AutoTests" name="[382] /home/travis/build/icyphy/ptII/ptolemy/actor/lib/test/auto/TriangularDistTestModel.xml (RunModel)" time="0.018" />
  <testcase classname="ptolemy.util.test.junit.AutoTests" name="[383] /home/travis/build/icyphy/ptII/ptolemy/actor/lib/test/auto/TrigFunction.xml (RunModel)" time="0.009" />
  <testcase classname="ptolemy.util.test.junit.AutoTests" name="[384] /home/travis/build/icyphy/ptII/ptolemy/actor/lib/test/auto/TrigFunctionDE.xml (RunModel)" time="0.012" />
  <testcase classname="ptolemy.util.test.junit.AutoTests" name="[385] /home/travis/build/icyphy/ptII/ptolemy/actor/lib/test/auto/TrigFunctionInverse.xml (RunModel)" time="0.013" />
  <testcase classname="ptolemy.util.test.junit.AutoTests" name="[386] /home/travis/build/icyphy/ptII/ptolemy/actor/lib/test/auto/TrigFunctionTan.xml (RunModel)" time="0.007" />
  <testcase classname="ptolemy.util.test.junit.AutoTests" name="[387] /home/travis/build/icyphy/ptII/ptolemy/actor/lib/test/auto/TriggeredClock.xml (RunModel)" time="0.009" />
  <testcase classname="ptolemy.util.test.junit.AutoTests" name="[388] /home/travis/build/icyphy/ptII/ptolemy/actor/lib/test/auto/URLDirectoryReader.xml (RunModel)" time="0.122" />
  <testcase classname="ptolemy.util.test.junit.AutoTests" name="[389] /home/travis/build/icyphy/ptII/ptolemy/actor/lib/test/auto/URLDirectoryReader3.xml (RunModel)" time="1.471" />
  <testcase classname="ptolemy.util.test.junit.AutoTests" name="[390] /home/travis/build/icyphy/ptII/ptolemy/actor/lib/test/auto/UnaryMathFunction.xml (RunModel)" time="0.034" />
  <testcase classname="ptolemy.util.test.junit.AutoTests" name="[391] /home/travis/build/icyphy/ptII/ptolemy/actor/lib/test/auto/Uniform.xml (RunModel)" time="0.014" />
  <testcase classname="ptolemy.util.test.junit.AutoTests" name="[392] /home/travis/build/icyphy/ptII/ptolemy/actor/lib/test/auto/UnionDisassemblerTest.xml (RunModel)" time="0.019" />
  <testcase classname="ptolemy.util.test.junit.AutoTests" name="[393] /home/travis/build/icyphy/ptII/ptolemy/actor/lib/test/auto/UtilityFunctions.xml (RunModel)" time="0.008" />
  <testcase classname="ptolemy.util.test.junit.AutoTests" name="[394] /home/travis/build/icyphy/ptII/ptolemy/actor/lib/test/auto/VariableSleep.xml (RunModel)" time="0.514" />
  <testcase classname="ptolemy.util.test.junit.AutoTests" name="[395] /home/travis/build/icyphy/ptII/ptolemy/actor/lib/test/auto/VectorAssemblerDisassemblerCT.xml (RunModel)" time="0.12" />
  <testcase classname="ptolemy.util.test.junit.AutoTests" name="[396] /home/travis/build/icyphy/ptII/ptolemy/actor/lib/test/auto/VectorAssemblerDisassemblerDE.xml (RunModel)" time="0.015" />
  <testcase classname="ptolemy.util.test.junit.AutoTests" name="[397] /home/travis/build/icyphy/ptII/ptolemy/actor/lib/test/auto/VectorAssemblerDisassemblerSDF.xml (RunModel)" time="0.013" />
  <testcase classname="ptolemy.util.test.junit.AutoTests" name="[398] /home/travis/build/icyphy/ptII/ptolemy/actor/lib/test/auto/WallClockTime.xml (RunModel)" time="1.015" />
  <testcase classname="ptolemy.util.test.junit.AutoTests" name="[399] /home/travis/build/icyphy/ptII/ptolemy/actor/lib/test/auto/WidthTestWithSubscriberPublisher.xml (RunModel)" time="0.047" />
  <testcase classname="ptolemy.util.test.junit.AutoTests" name="[400] /home/travis/build/icyphy/ptII/ptolemy/actor/lib/test/auto/WidthTestWithSubscriberPublisher2.xml (RunModel)" time="0.017" />
  <testcase classname="ptolemy.util.test.junit.AutoTests" name="[401] /home/travis/build/icyphy/ptII/ptolemy/actor/lib/test/auto/WidthTestWithSubscriberPublisher3.xml (RunModel)" time="0.014" />
  <testcase classname="ptolemy.util.test.junit.AutoTests" name="[402] /home/travis/build/icyphy/ptII/ptolemy/actor/lib/test/auto/Writer.xml (RunModel)" time="0.009" />
  <testcase classname="ptolemy.util.test.junit.AutoTests" name="[403] /home/travis/build/icyphy/ptII/ptolemy/actor/lib/test/auto/array.xml (RunModel)" time="0.029" />
  <testcase classname="ptolemy.util.test.junit.AutoTests" name="[404] /home/travis/build/icyphy/ptII/ptolemy/actor/lib/test/auto/array2.xml (RunModel)" time="0.014" />
  <testcase classname="ptolemy.util.test.junit.AutoTests" name="[405] /home/travis/build/icyphy/ptII/ptolemy/actor/lib/test/auto/arrayType.xml (RunModel)" time="0.011" />
  <testcase classname="ptolemy.util.test.junit.AutoTests" name="[406] /home/travis/build/icyphy/ptII/ptolemy/actor/lib/test/auto/arrayType10.xml (RunModel)" time="0.01" />
  <testcase classname="ptolemy.util.test.junit.AutoTests" name="[407] /home/travis/build/icyphy/ptII/ptolemy/actor/lib/test/auto/arrayType11.xml (RunModel)" time="0.01" />
  <testcase classname="ptolemy.util.test.junit.AutoTests" name="[408] /home/travis/build/icyphy/ptII/ptolemy/actor/lib/test/auto/arrayType12.xml (RunModel)" time="0.011" />
  <testcase classname="ptolemy.util.test.junit.AutoTests" name="[409] /home/travis/build/icyphy/ptII/ptolemy/actor/lib/test/auto/arrayType13.xml (RunModel)" time="0.011" />
  <testcase classname="ptolemy.util.test.junit.AutoTests" name="[410] /home/travis/build/icyphy/ptII/ptolemy/actor/lib/test/auto/arrayType14.xml (RunModel)" time="0.01" />
  <testcase classname="ptolemy.util.test.junit.AutoTests" name="[411] /home/travis/build/icyphy/ptII/ptolemy/actor/lib/test/auto/arrayType15.xml (RunModel)" time="0.012" />
  <testcase classname="ptolemy.util.test.junit.AutoTests" name="[412] /home/travis/build/icyphy/ptII/ptolemy/actor/lib/test/auto/arrayType16.xml (RunModel)" time="0.01" />
  <testcase classname="ptolemy.util.test.junit.AutoTests" name="[413] /home/travis/build/icyphy/ptII/ptolemy/actor/lib/test/auto/arrayType17.xml (RunModel)" time="0.009" />
  <testcase classname="ptolemy.util.test.junit.AutoTests" name="[414] /home/travis/build/icyphy/ptII/ptolemy/actor/lib/test/auto/arrayType18.xml (RunModel)" time="0.009" />
  <testcase classname="ptolemy.util.test.junit.AutoTests" name="[415] /home/travis/build/icyphy/ptII/ptolemy/actor/lib/test/auto/arrayType19.xml (RunModel)" time="0.009" />
  <testcase classname="ptolemy.util.test.junit.AutoTests" name="[416] /home/travis/build/icyphy/ptII/ptolemy/actor/lib/test/auto/arrayType2.xml (RunModel)" time="0.009" />
  <testcase classname="ptolemy.util.test.junit.AutoTests" name="[417] /home/travis/build/icyphy/ptII/ptolemy/actor/lib/test/auto/arrayType20.xml (RunModel)" time="0.01" />
  <testcase classname="ptolemy.util.test.junit.AutoTests" name="[418] /home/travis/build/icyphy/ptII/ptolemy/actor/lib/test/auto/arrayType21.xml (RunModel)" time="0.009" />
  <testcase classname="ptolemy.util.test.junit.AutoTests" name="[419] /home/travis/build/icyphy/ptII/ptolemy/actor/lib/test/auto/arrayType22.xml (RunModel)" time="0.009" />
  <testcase classname="ptolemy.util.test.junit.AutoTests" name="[420] /home/travis/build/icyphy/ptII/ptolemy/actor/lib/test/auto/arrayType23.xml (RunModel)" time="0.009" />
  <testcase classname="ptolemy.util.test.junit.AutoTests" name="[421] /home/travis/build/icyphy/ptII/ptolemy/actor/lib/test/auto/arrayType24.xml (RunModel)" time="0.013" />
  <testcase classname="ptolemy.util.test.junit.AutoTests" name="[422] /home/travis/build/icyphy/ptII/ptolemy/actor/lib/test/auto/arrayType25.xml (RunModel)" time="0.013" />
  <testcase classname="ptolemy.util.test.junit.AutoTests" name="[423] /home/travis/build/icyphy/ptII/ptolemy/actor/lib/test/auto/arrayType26.xml (RunModel)" time="0.01" />
  <testcase classname="ptolemy.util.test.junit.AutoTests" name="[424] /home/travis/build/icyphy/ptII/ptolemy/actor/lib/test/auto/arrayType27.xml (RunModel)" time="0.011" />
  <testcase classname="ptolemy.util.test.junit.AutoTests" name="[425] /home/travis/build/icyphy/ptII/ptolemy/actor/lib/test/auto/arrayType28.xml (RunModel)" time="0.012" />
  <testcase classname="ptolemy.util.test.junit.AutoTests" name="[426] /home/travis/build/icyphy/ptII/ptolemy/actor/lib/test/auto/arrayType3.xml (RunModel)" time="0.011" />
  <testcase classname="ptolemy.util.test.junit.AutoTests" name="[427] /home/travis/build/icyphy/ptII/ptolemy/actor/lib/test/auto/arrayType4.xml (RunModel)" time="0.01" />
  <testcase classname="ptolemy.util.test.junit.AutoTests" name="[428] /home/travis/build/icyphy/ptII/ptolemy/actor/lib/test/auto/arrayType5.xml (RunModel)" time="0.01" />
  <testcase classname="ptolemy.util.test.junit.AutoTests" name="[429] /home/travis/build/icyphy/ptII/ptolemy/actor/lib/test/auto/arrayType6.xml (RunModel)" time="0.009" />
  <testcase classname="ptolemy.util.test.junit.AutoTests" name="[430] /home/travis/build/icyphy/ptII/ptolemy/actor/lib/test/auto/arrayType7.xml (RunModel)" time="0.01" />
  <testcase classname="ptolemy.util.test.junit.AutoTests" name="[431] /home/travis/build/icyphy/ptII/ptolemy/actor/lib/test/auto/arrayType8.xml (RunModel)" time="0.015" />
  <testcase classname="ptolemy.util.test.junit.AutoTests" name="[432] /home/travis/build/icyphy/ptII/ptolemy/actor/lib/test/auto/arrayType9.xml (RunModel)" time="0.023" />
  <testcase classname="ptolemy.util.test.junit.AutoTests" name="[433] /home/travis/build/icyphy/ptII/ptolemy/actor/lib/test/auto/cast.xml (RunModel)" time="0.011" />
  <testcase classname="ptolemy.util.test.junit.AutoTests" name="[434] /home/travis/build/icyphy/ptII/ptolemy/actor/lib/test/auto/compositeMultiPort.xml (RunModel)" time="0.018" />
  <testcase classname="ptolemy.util.test.junit.AutoTests" name="[435] /home/travis/build/icyphy/ptII/ptolemy/actor/lib/test/auto/expressionCastInference.xml (RunModel)" time="0.01" />
  <testcase classname="ptolemy.util.test.junit.AutoTests" name="[436] /home/travis/build/icyphy/ptII/ptolemy/actor/lib/test/auto/expressionCastInference2.xml (RunModel)" time="0.01" />
  <testcase classname="ptolemy.util.test.junit.AutoTests" name="[437] /home/travis/build/icyphy/ptII/ptolemy/actor/lib/test/auto/expressionInference.xml (RunModel)" time="0.009" />
  <testcase classname="ptolemy.util.test.junit.AutoTests" name="[438] /home/travis/build/icyphy/ptII/ptolemy/actor/lib/test/auto/expression_bug.xml (RunModel)" time="0.008" />
  <testcase classname="ptolemy.util.test.junit.AutoTests" name="[439] /home/travis/build/icyphy/ptII/ptolemy/actor/lib/test/auto/factorial.xml (RunModel)" time="0.057" />
  <testcase classname="ptolemy.util.test.junit.AutoTests" name="[440] /home/travis/build/icyphy/ptII/ptolemy/actor/lib/test/auto/filterTest1.xml (RunModel)" time="0.017" />
  <testcase classname="ptolemy.util.test.junit.AutoTests" name="[441] /home/travis/build/icyphy/ptII/ptolemy/actor/lib/test/auto/funcApplyInConst.xml (RunModel)" time="0.007" />
  <testcase classname="ptolemy.util.test.junit.AutoTests" name="[442] /home/travis/build/icyphy/ptII/ptolemy/actor/lib/test/auto/funcApplyInExpr.xml (RunModel)" time="0.007" />
  <testcase classname="ptolemy.util.test.junit.AutoTests" name="[443] /home/travis/build/icyphy/ptII/ptolemy/actor/lib/test/auto/function.xml (RunModel)" time="0.013" />
  <testcase classname="ptolemy.util.test.junit.AutoTests" name="[444] /home/travis/build/icyphy/ptII/ptolemy/actor/lib/test/auto/function2.xml (RunModel)" time="0.02" />
  <testcase classname="ptolemy.util.test.junit.AutoTests" name="[445] /home/travis/build/icyphy/ptII/ptolemy/actor/lib/test/auto/function3.xml (RunModel)" time="0.032" />
  <testcase classname="ptolemy.util.test.junit.AutoTests" name="[446] /home/travis/build/icyphy/ptII/ptolemy/actor/lib/test/auto/functionClosureTest1.xml (RunModel)" time="0.013" />
  <testcase classname="ptolemy.util.test.junit.AutoTests" name="[447] /home/travis/build/icyphy/ptII/ptolemy/actor/lib/test/auto/functionClosureTest2.xml (RunModel)" time="0.008" />
  <testcase classname="ptolemy.util.test.junit.AutoTests" name="[448] /home/travis/build/icyphy/ptII/ptolemy/actor/lib/test/auto/functionClosureTest3.xml (RunModel)" time="0.011" />
  <testcase classname="ptolemy.util.test.junit.AutoTests" name="[449] /home/travis/build/icyphy/ptII/ptolemy/actor/lib/test/auto/functionClosureTest4.xml (RunModel)" time="0.044" />
  <testcase classname="ptolemy.util.test.junit.AutoTests" name="[450] /home/travis/build/icyphy/ptII/ptolemy/actor/lib/test/auto/functionClosureTest5.xml (RunModel)" time="0.038" />
  <testcase classname="ptolemy.util.test.junit.AutoTests" name="[451] /home/travis/build/icyphy/ptII/ptolemy/actor/lib/test/auto/functionClosureTest6.xml (RunModel)" time="0.016" />
  <testcase classname="ptolemy.util.test.junit.AutoTests" name="[452] /home/travis/build/icyphy/ptII/ptolemy/actor/lib/test/auto/functionsOnArcs.xml (RunModel)" time="0.032" />
  <testcase classname="ptolemy.util.test.junit.AutoTests" name="[453] /home/travis/build/icyphy/ptII/ptolemy/actor/lib/test/auto/functionsOnArcsHOF.xml (RunModel)" time="0.05" />
  <testcase classname="ptolemy.util.test.junit.AutoTests" name="[454] /home/travis/build/icyphy/ptII/ptolemy/actor/lib/test/auto/logic.xml (RunModel)" time="0.021" />
  <testcase classname="ptolemy.util.test.junit.AutoTests" name="[455] /home/travis/build/icyphy/ptII/ptolemy/actor/lib/test/auto/matrixType.xml (RunModel)" time="0.011" />
  <testcase classname="ptolemy.util.test.junit.AutoTests" name="[456] /home/travis/build/icyphy/ptII/ptolemy/actor/lib/test/auto/matrixType10.xml (RunModel)" time="0.01" />
  <testcase classname="ptolemy.util.test.junit.AutoTests" name="[457] /home/travis/build/icyphy/ptII/ptolemy/actor/lib/test/auto/matrixType11.xml (RunModel)" time="0.016" />
  <testcase classname="ptolemy.util.test.junit.AutoTests" name="[458] /home/travis/build/icyphy/ptII/ptolemy/actor/lib/test/auto/matrixType12.xml (RunModel)" time="0.009" />
  <testcase classname="ptolemy.util.test.junit.AutoTests" name="[459] /home/travis/build/icyphy/ptII/ptolemy/actor/lib/test/auto/matrixType13.xml (RunModel)" time="0.009" />
  <testcase classname="ptolemy.util.test.junit.AutoTests" name="[460] /home/travis/build/icyphy/ptII/ptolemy/actor/lib/test/auto/matrixType14.xml (RunModel)" time="0.01" />
  <testcase classname="ptolemy.util.test.junit.AutoTests" name="[461] /home/travis/build/icyphy/ptII/ptolemy/actor/lib/test/auto/matrixType2.xml (RunModel)" time="0.009" />
  <testcase classname="ptolemy.util.test.junit.AutoTests" name="[462] /home/travis/build/icyphy/ptII/ptolemy/actor/lib/test/auto/matrixType3.xml (RunModel)" time="0.01" />
  <testcase classname="ptolemy.util.test.junit.AutoTests" name="[463] /home/travis/build/icyphy/ptII/ptolemy/actor/lib/test/auto/matrixType4.xml (RunModel)" time="0.009" />
  <testcase classname="ptolemy.util.test.junit.AutoTests" name="[464] /home/travis/build/icyphy/ptII/ptolemy/actor/lib/test/auto/matrixType5.xml (RunModel)" time="0.008" />
  <testcase classname="ptolemy.util.test.junit.AutoTests" name="[465] /home/travis/build/icyphy/ptII/ptolemy/actor/lib/test/auto/matrixType6.xml (RunModel)" time="0.009" />
  <testcase classname="ptolemy.util.test.junit.AutoTests" name="[466] /home/travis/build/icyphy/ptII/ptolemy/actor/lib/test/auto/matrixType7.xml (RunModel)" time="0.01" />
  <testcase classname="ptolemy.util.test.junit.AutoTests" name="[467] /home/travis/build/icyphy/ptII/ptolemy/actor/lib/test/auto/matrixType8.xml (RunModel)" time="0.009" />
  <testcase classname="ptolemy.util.test.junit.AutoTests" name="[468] /home/travis/build/icyphy/ptII/ptolemy/actor/lib/test/auto/matrixType9.xml (RunModel)" time="0.008" />
  <testcase classname="ptolemy.util.test.junit.AutoTests" name="[469] /home/travis/build/icyphy/ptII/ptolemy/actor/lib/test/auto/paraFunctest.xml (RunModel)" time="0.008" />
  <testcase classname="ptolemy.util.test.junit.AutoTests" name="[470] /home/travis/build/icyphy/ptII/ptolemy/actor/lib/test/auto/paraFunctest2.xml (RunModel)" time="0.01" />
  <testcase classname="ptolemy.util.test.junit.AutoTests" name="[471] /home/travis/build/icyphy/ptII/ptolemy/actor/lib/test/auto/parameterPassing.xml (RunModel)" time="0.009" />
  <testcase classname="ptolemy.util.test.junit.AutoTests" name="[472] /home/travis/build/icyphy/ptII/ptolemy/actor/lib/test/auto/record.xml (RunModel)" time="0.013" />
  <testcase classname="ptolemy.util.test.junit.AutoTests" name="[473] /home/travis/build/icyphy/ptII/ptolemy/actor/lib/test/auto/sizedarray1.xml (RunModel)" time="0.011" />
  <testcase classname="ptolemy.util.test.junit.AutoTests" name="[474] /home/travis/build/icyphy/ptII/ptolemy/actor/lib/test/auto/sizedarray2.xml (RunModel)" time="0.011" />
  <testcase classname="ptolemy.util.test.junit.AutoTests" name="[475] /home/travis/build/icyphy/ptII/ptolemy/actor/lib/test/auto/twoPublishers.xml (RunModel)" time="0.025" />
  <system-out><![CDATA[/home/travis/build/icyphy/ptII/ptolemy/actor/lib/test/AbsoluteValue.tcl
testDefs.tcl: setting time out to 9000 seconds at Sun Jul 14 04:56:16 UTC 2019
108 ms. Memory: 120832K Free: 85427K (71%)
9 ms. Memory: 120832K Free: 83363K (69%)
5 ms. Memory: 120832K Free: 82884K (69%)
12 ms. Memory: 120832K Free: 81860K (68%)
/home/travis/build/icyphy/ptII/ptolemy/actor/lib/test/AddSubtract.tcl
17 ms. Memory: 120832K Free: 79812K (66%)
15 ms. Memory: 120832K Free: 79267K (66%)
14 ms. Memory: 120832K Free: 78259K (65%)
15 ms. Memory: 120832K Free: 77764K (64%)
75 ms. Memory: 120832K Free: 74692K (62%)
13 ms. Memory: 120832K Free: 74171K (61%)
/home/travis/build/icyphy/ptII/ptolemy/actor/lib/test/Average.tcl
16 ms. Memory: 120832K Free: 72115K (60%)
15 ms. Memory: 120832K Free: 71091K (59%)
/home/travis/build/icyphy/ptII/ptolemy/actor/lib/test/Bernoulli.tcl
12 ms. Memory: 120832K Free: 69572K (58%)
2 ms. Memory: 120832K Free: 69043K (57%)
/home/travis/build/icyphy/ptII/ptolemy/actor/lib/test/Clock.tcl
preinitializing
resolving types
initializing
executing number 1
wrapping up
idle
36 ms. Memory: 120832K Free: 66500K (55%)
Completed execution with 5 iterations
preinitializing
resolving types
initializing
executing number 1
wrapping up
idle
4 ms. Memory: 120832K Free: 65476K (54%)
Completed execution with 5 iterations
preinitializing
resolving types
initializing
executing number 1
wrapping up
idle
3 ms. Memory: 120832K Free: 64955K (54%)
Completed execution with 5 iterations
/home/travis/build/icyphy/ptII/ptolemy/actor/lib/test/Commutator.tcl
12 ms. Memory: 120832K Free: 62914K (52%)
16 ms. Memory: 120832K Free: 61890K (51%)
17 ms. Memory: 120832K Free: 56260K (47%)
/home/travis/build/icyphy/ptII/ptolemy/actor/lib/test/Const.tcl
12 ms. Memory: 120832K Free: 54691K (45%)
3 ms. Memory: 120832K Free: 54212K (45%)
5 ms. Memory: 120832K Free: 53683K (44%)
2 ms. Memory: 120832K Free: 53188K (44%)
2 ms. Memory: 120832K Free: 52674K (44%)
27 ms. Memory: 120832K Free: 51140K (42%)
6 ms. Memory: 120832K Free: 50116K (41%)
6 ms. Memory: 120832K Free: 49092K (41%)
/home/travis/build/icyphy/ptII/ptolemy/actor/lib/test/CurrentTime.tcl
preinitializing
resolving types
initializing
executing number 1
wrapping up
idle
21 ms. Memory: 120832K Free: 47044K (39%)
Completed execution with 11 iterations
/home/travis/build/icyphy/ptII/ptolemy/actor/lib/test/DB.tcl
32 ms. Memory: 120832K Free: 107156K (89%)
12 ms. Memory: 120832K Free: 106660K (88%)
6 ms. Memory: 120832K Free: 106146K (88%)
/home/travis/build/icyphy/ptII/ptolemy/actor/lib/test/DiscreteRandomSource.tcl
preinitializing
resolving types
initializing
executing number 1
wrapping up
idle
4 ms. Memory: 120832K Free: 104612K (87%)
Completed execution with 4 iterations
preinitializing
resolving types
initializing
executing number 1
wrapping up
idle
2 ms. Memory: 120832K Free: 104092K (86%)
Completed execution with 4 iterations
preinitializing
resolving types
initializing
executing number 1
wrapping up
idle
2 ms. Memory: 120832K Free: 103588K (86%)
Completed execution with 4 iterations
preinitializing
resolving types
initializing
executing number 1
wrapping up
idle
2 ms. Memory: 120832K Free: 103060K (85%)
Completed execution with 4 iterations
preinitializing
resolving types
initializing
executing number 1
wrapping up
idle
3 ms. Memory: 120832K Free: 102564K (85%)
Completed execution with 4 iterations
/home/travis/build/icyphy/ptII/ptolemy/actor/lib/test/Distributor.tcl
4 ms. Memory: 120832K Free: 101020K (84%)
4 ms. Memory: 120832K Free: 100516K (83%)
StreamChangeRequest.changeExecuted(): <deleteEntity name="rec2"/> succeeded
StreamChangeRequest.changeExecuted(): <deleteRelation name="r2"/> succeeded
StreamChangeRequest.changeExecuted(): Record firings per iteration succeeded
4 ms. Memory: 120832K Free: 97954K (81%)
/home/travis/build/icyphy/ptII/ptolemy/actor/lib/test/Exit.tcl
Exit.tcl: this will print a message about Manager.exitAfterWrapup, which can be ignored.
5 ms. Memory: 120832K Free: 94820K (78%)
/home/travis/build/icyphy/ptII/ptolemy/actor/lib/test/Expression.tcl
13 ms. Memory: 120832K Free: 91300K (76%)
3 ms. Memory: 120832K Free: 90772K (75%)
32 ms. Memory: 120832K Free: 106053K (88%)
preinitializing
resolving types
initializing
executing number 1
wrapping up
idle
11 ms. Memory: 120832K Free: 104907K (87%)
Completed execution with 6 iterations
9 ms. Memory: 120832K Free: 104005K (86%)
3 ms. Memory: 120832K Free: 102989K (85%)
10 ms. Memory: 120832K Free: 101957K (84%)
10 ms. Memory: 120832K Free: 100437K (83%)
7 ms. Memory: 120832K Free: 98899K (82%)
/home/travis/build/icyphy/ptII/ptolemy/actor/lib/test/Gaussian.tcl
5 ms. Memory: 120832K Free: 97365K (81%)
sleeping 1 seconds: ....................................................................................................................................................................................................................................................................................................................................................................................................................................................................................................................................................................................................................................................................................................................................................................................................................................................................................................................................................................................................................................................................................................................................................................................................................................................................................................................................................................................................................................................................................................................................................................................................................................................................................................................................................................................................................................................................................................................................................................................................................................................................................................................................................................................................................................................................................................................................................................................................................................................................................................................................................................................................................................................................................................................................................................................................................................................................................................................................................................................................................................................................................................................................................................................................................................................................................................................................................................................................................................................................................................................................................................................................................................................................................................................................................................................................................................................................................................................................................................................................................................................................................................................................................................................................................................................................................................................................................................................................................................................................................................................................................................................................................................................................................................................................................................................................................................................................................................................................................................................................................................................................................................................................................................................................................................................................................................................................................................................................................................................................................................................................................................................................................................................................................................................................................................................................................................................................................................................................................................................................................................................................................................................................................................................................................................................................................................................................................................................................................................................................................................................................................................................................................................................................................................................................................................................................................................................................................................................................................................................................................................................................................................................................................................................................................................................................................................................................................................................................................................................................................................................................................................................................................................................................................................................................................................................................................................................................................................................................................................................................................................................................................................................................................................................................................................................................................................................................................................................................................................................................................................................................................................................................................................................................................................................................................................................................................................................................................................................................................................................................................................................................................................................................................................................................................................................................................................................................................................................................................................................................................................................................................................................................................................................................................................................................................................................................................................................................................................................................................................................................................................................................................................................................................................................................................................................................................................................................................................................................................................................................................................................................................................................................................................................................................................................................................................................................................................................................................................................................................................................................................................................................................................................................................................................................................................................................................................................................................................................................................................................................................................................................................................................................................................................................................................................................................................................................................................................................................................................................................................................................................................................................................................................................................................................................................................................................................................................................................................................................................................................................................................................................................................................................................................................................................................................................................................................................................................................................................................................................................................................................................................................................................................................................................................................................................................................................................................................................................................................................................................................................................................................................................................................................................................................................................................................................................................................................................................................................................................................................................................................................................................................................................................................................................................................................................................................................................................................................................................................................................................................................................................................................................................................................................................................................................................................................................................................................................................................................................................................................................................................................................................................................................................................................................................................................................................................................................................................................................................................................................................................................................................................................................................................................................................................................................................................................................................................................................................................................................................................................................................................................................................................................................................................................................................................................................................................................................................................................................................................................................................................................................................................................................................................................................................................................................................................................................................................................................................................................................................................................................................................................................................................................................................................................................................................................................................................................................................................................................................................................................................................................................................................................................................................................................................................................................................................................................................................................................................................................................................................................................................................................................................................................................................................................................................................................................................................................................................................................................................................................................................................................................................................................................................................................................................................................................................................................................................................................................................................................................................................................................................................................................................................................................................................................................................................................................................................................................................................................................................................................................................................................................................................................................................................................................................................................................................................................................................................................................................................................................................................................................................................................................................................................................................................................................................................................................................................................................................................................................................................................................................................................................................................................................................................................................................................................................................................................................................................................................................................................................................................................................................................................................................................................................................................................................................................................................................................................................................................................................................................................................................................................................................................................................................................................................................................................................................................................................................................................................................................................................................................................................................................................................................................................................................................................................................................................................................................................................................................................................................................................................................................................................................................................................................................................................................................................................................................................................................................................................................................................................................................................................................................................................................................................................................................................................................................................................................................................................................................................................................................................................................................................................................................................................................................................................................................................................................................................................................................................................................................................................................................................................................................................................................................................................................................................................................................................................................................................................................................................................................................................................................................................................................................................................................................................................................................................................................................................................................................................................................................................................................................................................................................................................................................................................................................................................................................................................................................................................................................................................................................................................................................................................................................................................................................................................................................................................................................................................................................................................................................................................................................................................................................................................................................................................................................................................................................................................................................................................................................................................................................................................................................................................................................................................................................................................................................................................................................................................................................................................................................................................................................................................................................................................................................................................................................................................................................................................................................................................................................................................................................................................................................................................................................................................................................................................................................................................................................................................................................................................................................................................................................................................................................................................................................................................................................................................................................................................................................................................................................................................................................................................................................................................................................................................................................................................................................................................................................................................................................................................................................................................................................................................................................................................................................................................................................................................................................................................................................................................................................................................................................................................................................................................................................................................................................................................................................................................................................................................................................................................................................................................................................................................................................................................................................................................................................................................................................................................................................................................................................................................................................................................................................................................................................................................................................................................................................................................................................................................................................................................................................................................................................................................................................................................................................................................................................................................................................................................................................................................................................................................................................................................................................................................................................................................................................................................................................................................................................................................................................................................................................................................................................................................................................................................................................................................................................................................................................................................................................................................................................................................................................................................................................................................................................................................................................................................................................................................................................................................................................................................................................................................................................................................................................................................................................................................................................................................................................................................................................................................................................................................................................................................................................................................................................................................................................................................................................................................................................2 ms. Memory: 120832K Free: 76905K (64%)
2 ms. Memory: 120832K Free: 76377K (63%)
2 ms. Memory: 120832K Free: 75881K (63%)
2 ms. Memory: 120832K Free: 75337K (62%)
2 ms. Memory: 120832K Free: 74343K (62%)
/home/travis/build/icyphy/ptII/ptolemy/actor/lib/test/IIR.tcl
/home/travis/build/icyphy/ptII/ptolemy/actor/lib/test/Interpolator.tcl
8 ms. Memory: 120832K Free: 70761K (59%)
2 ms. Memory: 120832K Free: 70247K (58%)
2 ms. Memory: 120832K Free: 69737K (58%)
2 ms. Memory: 120832K Free: 68713K (57%)
2 ms. Memory: 120832K Free: 68193K (56%)
2 ms. Memory: 120832K Free: 67169K (56%)
10 ms. Memory: 120832K Free: 66151K (55%)
2 ms. Memory: 120832K Free: 65641K (54%)
10 ms. Memory: 120832K Free: 64617K (53%)
6 ms. Memory: 120832K Free: 63593K (53%)
/home/travis/build/icyphy/ptII/ptolemy/actor/lib/test/MathFunction.tcl
4 ms. Memory: 120832K Free: 61545K (51%)
3 ms. Memory: 120832K Free: 60521K (50%)
2 ms. Memory: 120832K Free: 59497K (49%)
3 ms. Memory: 120832K Free: 58473K (48%)
3 ms. Memory: 120832K Free: 57449K (48%)
5 ms. Memory: 120832K Free: 55401K (46%)
/home/travis/build/icyphy/ptII/ptolemy/actor/lib/test/Maximum.tcl
4 ms. Memory: 120832K Free: 53353K (44%)
2 ms. Memory: 120832K Free: 52825K (44%)
3 ms. Memory: 120832K Free: 51815K (43%)
2 ms. Memory: 120832K Free: 51305K (42%)
/home/travis/build/icyphy/ptII/ptolemy/actor/lib/test/Minimum.tcl
10 ms. Memory: 148480K Free: 132190K (89%)
3 ms. Memory: 148480K Free: 131696K (89%)
3 ms. Memory: 148480K Free: 130672K (88%)
4 ms. Memory: 148480K Free: 130144K (88%)
/home/travis/build/icyphy/ptII/ptolemy/actor/lib/test/MultiplyDivide.tcl
13 ms. Memory: 148480K Free: 128110K (86%)
3 ms. Memory: 148480K Free: 127600K (86%)
3 ms. Memory: 148480K Free: 126576K (85%)
3 ms. Memory: 148480K Free: 126048K (85%)
3 ms. Memory: 148480K Free: 125552K (85%)
/home/travis/build/icyphy/ptII/ptolemy/actor/lib/test/OrderedMerge.tcl
Connections changed on port: inputA
Connections changed on port: inputB
Connections changed on port: output
Connections changed on port: output
Connections changed on port: output
Connections changed on port: input
.top. Preinitializing ...
Invoking preinitialize():  .top.OrderedMerge
Called preinitialize()
Invoking preinitialize():  .top.Ramp
Called preinitialize()
Invoking preinitialize():  .top.Ramp2
Called preinitialize()
Invoking preinitialize():  .top.Test
Called preinitialize()
Connections changed on port: inputA
Connections changed on port: output
Connections changed on port: output
Connections changed on port: input
Connections changed on port: inputB
Connections changed on port: output
.top. Finished preinitialize().
Called initialize().
Invoking initialize():  .top.OrderedMerge
Initializing actor: .top.OrderedMerge
Adding a thread: .top.OrderedMerge
Invoking initialize():  .top.Ramp
Initializing actor: .top.Ramp
Adding a thread: .top.Ramp
Invoking initialize():  .top.Ramp2
Initializing actor: .top.Ramp2
Adding a thread: .top.Ramp2
Invoking initialize():  .top.Test
Initializing actor: .top.Test
Adding a thread: .top.Test
Called fire().
Checking for deadlock:
-- Starting thread.
Called initialize()
Called prefire()
Called fire()
-- Starting thread.
Called initialize()
-- Starting thread.
Called initialize()
Called prefire()
Called prefire()
Called fire()
Called fire()
-- Starting thread.
Called initialize()
Called prefire()
Called fire()
There are 0 Blocked actors, 0 Stopped actors, and 4 active threads.
Waiting for actors to stop.
Called postfire()
Called prefire()
Called fire()
Called postfire()
Called prefire()
Called fire()
Read input token from inputA with value 0.0
Next port to read input from is inputB
Called postfire()
Called prefire()
Called fire()
Read input token from inputB with value 0.0
Sent output token with value 0.0
Next port to read input from is inputA
Called postfire()
Called prefire()
Called fire()
Checking for deadlock:
There are 1 Blocked actors, 0 Stopped actors, and 4 active threads.
Waiting for actors to stop.
Called postfire()
Called prefire()
Called fire()
Called postfire()
Called prefire()
Called fire()
-- Read input: 0.0, which is expected to match: 0.0
Called prefire()
Called fire()
Checking for deadlock:
There are 3 Blocked actors, 0 Stopped actors, and 4 active threads.
Waiting for actors to stop.
Called postfire()
Called prefire()
Called fire()
Read input token from inputA with value 1.0
Sent output token with value 0.0
Next port to read input from is inputB
Called postfire()
Called prefire()
Called fire()
Read input token from inputB with value 1.5
Checking for deadlock:
There are 2 Blocked actors, 0 Stopped actors, and 4 active threads.
Waiting for actors to stop.
Called postfire()
Called prefire()
Called fire()
-- Read input: 0.0, which is expected to match: 0.0
Called prefire()
Called fire()
Checking for deadlock:
There are 3 Blocked actors, 0 Stopped actors, and 4 active threads.
Waiting for actors to stop.
-- Read input: 1.0, which is expected to match: 1.0
Called prefire()
Called fire()
Sent output token with value 1.0
Next port to read input from is inputA
Called postfire()
Called prefire()
Called fire()
Read input token from inputA with value 2.0
Sent output token with value 1.5
Next port to read input from is inputB
Called postfire()
Called prefire()
Called fire()
Read input token from inputB with value 3.0
Checking for deadlock:
There are 1 Blocked actors, 0 Stopped actors, and 4 active threads.
Waiting for actors to stop.
Called postfire()
Called prefire()
Called fire()
Called postfire()
Called prefire()
Called fire()
-- Read input: 1.5, which is expected to match: 1.5
Called prefire()
Called fire()
Checking for deadlock:
There are 3 Blocked actors, 0 Stopped actors, and 4 active threads.
Waiting for actors to stop.
-- Read input: 2.0, which is expected to match: 2.0
Called prefire()
Called fire()
Sent output token with value 2.0
Next port to read input from is inputA
Called postfire()
Called prefire()
Called fire()
Read input token from inputA with value 3.0
Sent output token with value 3.0
Next port to read input from is inputB
Called postfire()
Called prefire()
Called fire()
Read input token from inputB with value 4.5
Checking for deadlock:
There are 1 Blocked actors, 0 Stopped actors, and 4 active threads.
Waiting for actors to stop.
Called postfire()
Called prefire()
Called fire()
Called postfire()
Called prefire()
Called fire()
-- Read input: 3.0, which is expected to match: 3.0
Called prefire()
Called fire()
Checking for deadlock:
There are 3 Blocked actors, 0 Stopped actors, and 4 active threads.
Waiting for actors to stop.
-- Read input: 3.0, which is expected to match: 3.0
Called prefire()
Called fire()
Sent output token with value 3.0
Next port to read input from is inputA
Called postfire()
Called prefire()
Called fire()
Read input token from inputA with value 4.0
Sent output token with value 4.0
Next port to read input from is inputA
Called postfire()
Called prefire()
Called fire()
Checking for deadlock:
There are 2 Blocked actors, 0 Stopped actors, and 4 active threads.
Waiting for actors to stop.
Called postfire()
Called prefire()
Called fire()
-- Read input: 4.0, which is expected to match: 4.0
Called prefire()
Called fire()
Past the end of training data. Read and discard all inputs.
Checking for deadlock:
There are 3 Blocked actors, 0 Stopped actors, and 4 active threads.
Waiting for actors to stop.
Called postfire()
Called prefire()
Called fire()
Checking for deadlock:
There are 3 Blocked actors, 0 Stopped actors, and 4 active threads.
Waiting for actors to stop.
Read input token from inputA with value 5.0
Called prefire()
Called fire()
Past the end of training data. Read and discard all inputs.
Checking for deadlock:
There are 3 Blocked actors, 0 Stopped actors, and 4 active threads.
Waiting for actors to stop.
Sent output token with value 4.5
Next port to read input from is inputB
Called postfire()
Called prefire()
Called fire()
Called postfire()
Called prefire()
Called fire()
Checking for deadlock:
There are 3 Blocked actors, 0 Stopped actors, and 4 active threads.
Waiting for actors to stop.
Read input token from inputB with value 6.0
Called prefire()
Called fire()
Past the end of training data. Read and discard all inputs.
Checking for deadlock:
There are 3 Blocked actors, 0 Stopped actors, and 4 active threads.
Waiting for actors to stop.
Sent output token with value 5.0
Next port to read input from is inputA
Called postfire()
Called prefire()
Called fire()
Checking for deadlock:
There are 2 Blocked actors, 0 Stopped actors, and 4 active threads.
Waiting for actors to stop.
Called postfire()
Called prefire()
Called fire()
Checking for deadlock:
There are 3 Blocked actors, 0 Stopped actors, and 4 active threads.
Waiting for actors to stop.
Read input token from inputA with value 6.0
Checking for deadlock:
There are 2 Blocked actors, 0 Stopped actors, and 4 active threads.
Waiting for actors to stop.
Called prefire()
Called fire()
Past the end of training data. Read and discard all inputs.
Checking for deadlock:
There are 3 Blocked actors, 0 Stopped actors, and 4 active threads.
Waiting for actors to stop.
Sent output token with value 6.0
Next port to read input from is inputB
Called postfire()
Called prefire()
Called fire()
Called postfire()
Called prefire()
Called fire()
Checking for deadlock:
There are 3 Blocked actors, 0 Stopped actors, and 4 active threads.
Waiting for actors to stop.
Read input token from inputB with value 7.5
Called prefire()
Called fire()
Past the end of training data. Read and discard all inputs.
Checking for deadlock:
There are 3 Blocked actors, 0 Stopped actors, and 4 active threads.
Waiting for actors to stop.
Sent output token with value 6.0
Next port to read input from is inputA
Called postfire()
Called prefire()
Called fire()
Checking for deadlock:
There are 2 Blocked actors, 0 Stopped actors, and 4 active threads.
Waiting for actors to stop.
Called postfire()
Called prefire()
Called fire()
Checking for deadlock:
There are 3 Blocked actors, 0 Stopped actors, and 4 active threads.
Waiting for actors to stop.
Read input token from inputA with value 7.0
Checking for deadlock:
There are 2 Blocked actors, 0 Stopped actors, and 4 active threads.
Waiting for actors to stop.
Called prefire()
Called fire()
Past the end of training data. Read and discard all inputs.
Checking for deadlock:
There are 3 Blocked actors, 0 Stopped actors, and 4 active threads.
Waiting for actors to stop.
Sent output token with value 7.0
Next port to read input from is inputA
Called postfire()
Called prefire()
Called fire()
Checking for deadlock:
There are 2 Blocked actors, 0 Stopped actors, and 4 active threads.
Waiting for actors to stop.
-- Thread wrapup() called.
Called wrapup()
Thread .top.Ramp is exiting.
-- Thread stopped.
Checking for deadlock:
There are 2 Blocked actors, 0 Stopped actors, and 3 active threads.
Waiting for actors to stop.
Read input token from inputA with value 8.0
Called prefire()
Called fire()
Past the end of training data. Read and discard all inputs.
Checking for deadlock:
There are 2 Blocked actors, 0 Stopped actors, and 3 active threads.
Waiting for actors to stop.
Sent output token with value 7.5
Next port to read input from is inputB
Called postfire()
Called prefire()
Called fire()
Checking for deadlock:
There are 1 Blocked actors, 0 Stopped actors, and 3 active threads.
Waiting for actors to stop.
Called postfire()
Called prefire()
Called fire()
Checking for deadlock:
There are 2 Blocked actors, 0 Stopped actors, and 3 active threads.
Waiting for actors to stop.
Read input token from inputB with value 9.0
Checking for deadlock:
There are 1 Blocked actors, 0 Stopped actors, and 3 active threads.
Waiting for actors to stop.
Called prefire()
Called fire()
Past the end of training data. Read and discard all inputs.
Checking for deadlock:
There are 2 Blocked actors, 0 Stopped actors, and 3 active threads.
Waiting for actors to stop.
Sent output token with value 8.0
Next port to read input from is inputA
Called postfire()
Called prefire()
Called fire()
Read input token from inputA with value 9.0
Called prefire()
Called fire()
Past the end of training data. Read and discard all inputs.
Checking for deadlock:
There are 2 Blocked actors, 0 Stopped actors, and 3 active threads.
Waiting for actors to stop.
Sent output token with value 9.0
Next port to read input from is inputB
Called postfire()
Called prefire()
Called fire()
Called postfire()
Called prefire()
Called fire()
Checking for deadlock:
There are 2 Blocked actors, 0 Stopped actors, and 3 active threads.
Waiting for actors to stop.
Read input token from inputB with value 10.5
Called prefire()
Called fire()
Past the end of training data. Read and discard all inputs.
Checking for deadlock:
There are 2 Blocked actors, 0 Stopped actors, and 3 active threads.
Waiting for actors to stop.
Sent output token with value 9.0
Next port to read input from is inputA
Called postfire()
Called prefire()
Called fire()
Checking for deadlock:
There are 3 Blocked actors, 0 Stopped actors, and 3 active threads.
Actors have stopped.
Checking for deadlock:
There are 3 Blocked actors, 0 Stopped actors, and 3 active threads.
Deadlock detected.
Resolving Deadlock
Checking for deadlock:
There are 3 Blocked actors, 0 Stopped actors, and 3 active threads.
Artificial Deadlock - increasing queue capacity.
increasing the capacity of receiver ptolemy.actor.TypedIOPort {.top.OrderedMerge.inputB} to 2
Director: Called postfire().
Called postfire().
_stopRequested = false
_stopFireRequested = false
Returning from postfire(): true
Called fire().
Checking for deadlock:
There are 2 Blocked actors, 0 Stopped actors, and 3 active threads.
Waiting for actors to stop.
-- Thread wrapup() called.
Called wrapup()
Thread .top.Ramp2 is exiting.
-- Thread stopped.
Checking for deadlock:
There are 2 Blocked actors, 0 Stopped actors, and 2 active threads.
Actors have stopped.
Checking for deadlock:
There are 2 Blocked actors, 0 Stopped actors, and 2 active threads.
Deadlock detected.
Resolving Deadlock
Checking for deadlock:
There are 2 Blocked actors, 0 Stopped actors, and 2 active threads.
Deadlock detected: no processes blocked on write, but some are blocked on read.
Called postfire().
_stopRequested = false
_stopFireRequested = false
Returning from postfire(): false
Finished deactivating branches.
Called wrapup().
-- Thread wrapup() called.
Called wrapup()
Thread .top.Test is exiting.
-- Thread stopped.
-- Blocked Receiver call threw TerminateProcessException.
-- Thread wrapup() called.
Called wrapup()
Thread .top.OrderedMerge is exiting.
-- Thread stopped.
-- Blocked Receiver call threw TerminateProcessException.
81 ms. Memory: 148480K Free: 120432K (81%)
.top. Preinitializing ...
Invoking preinitialize():  .top.OrderedMerge
Called preinitialize()
Invoking preinitialize():  .top.Ramp
Called preinitialize()
Invoking preinitialize():  .top.Ramp2
Called preinitialize()
Invoking preinitialize():  .top.Test
Called preinitialize()
.top. Finished preinitialize().
Called initialize().
Invoking initialize():  .top.OrderedMerge
Initializing actor: .top.OrderedMerge
Adding a thread: .top.OrderedMerge
Invoking initialize():  .top.Ramp
Initializing actor: .top.Ramp
Adding a thread: .top.Ramp
Invoking initialize():  .top.Ramp2
Initializing actor: .top.Ramp2
Adding a thread: .top.Ramp2
Invoking initialize():  .top.Test
Initializing actor: .top.Test
Adding a thread: .top.Test
-- Starting thread.
Called initialize()
Called prefire()
Called fire()
Called postfire()
Called prefire()
Called fire()
-- Starting thread.
Called initialize()
Called prefire()
Called fire()
Called postfire()
Called prefire()
Called fire()
Called fire().
Checking for deadlock:
There are 2 Blocked actors, 0 Stopped actors, and 4 active threads.
Waiting for actors to stop.
-- Starting thread.
Called initialize()
Called prefire()
Called fire()
Checking for deadlock:
There are 3 Blocked actors, 0 Stopped actors, and 4 active threads.
Waiting for actors to stop.
-- Starting thread.
Called initialize()
Called prefire()
Called fire()
Checking for deadlock:
There are 2 Blocked actors, 0 Stopped actors, and 4 active threads.
Waiting for actors to stop.
Called postfire()
Called prefire()
Called fire()
Checking for deadlock:
There are 3 Blocked actors, 0 Stopped actors, and 4 active threads.
Waiting for actors to stop.
Read input token from inputA with value 0.0
Next port to read input from is inputB
Called postfire()
Called prefire()
Called fire()
Called postfire()
Called prefire()
Called fire()
Checking for deadlock:
There are 3 Blocked actors, 0 Stopped actors, and 4 active threads.
Waiting for actors to stop.
Read input token from inputB with value 0.0
-- Read input: 0.0, which is expected to match: 0.0
Called prefire()
Called fire()
Checking for deadlock:
There are 3 Blocked actors, 0 Stopped actors, and 4 active threads.
Waiting for actors to stop.
Sent output token with value 0.0
Next port to read input from is inputA
Called postfire()
Called prefire()
Called fire()
Checking for deadlock:
There are 2 Blocked actors, 0 Stopped actors, and 4 active threads.
Waiting for actors to stop.
Called postfire()
Called prefire()
Called fire()
Checking for deadlock:
There are 3 Blocked actors, 0 Stopped actors, and 4 active threads.
Waiting for actors to stop.
Read input token from inputA with value 1.0
Checking for deadlock:
There are 2 Blocked actors, 0 Stopped actors, and 4 active threads.
Waiting for actors to stop.
-- Read input: 0.0, which is expected to match: 0.0
Called prefire()
Called fire()
Checking for deadlock:
There are 3 Blocked actors, 0 Stopped actors, and 4 active threads.
Waiting for actors to stop.
Sent output token with value 0.0
Next port to read input from is inputB
Called postfire()
Called prefire()
Called fire()
Checking for deadlock:
There are 2 Blocked actors, 0 Stopped actors, and 4 active threads.
Waiting for actors to stop.
Called postfire()
Called prefire()
Called fire()
Checking for deadlock:
There are 3 Blocked actors, 0 Stopped actors, and 4 active threads.
Waiting for actors to stop.
Read input token from inputB with value 1.5
Checking for deadlock:
There are 2 Blocked actors, 0 Stopped actors, and 4 active threads.
Waiting for actors to stop.
-- Read input: 1.0, which is expected to match: 1.0
Called prefire()
Called fire()
Checking for deadlock:
There are 3 Blocked actors, 0 Stopped actors, and 4 active threads.
Waiting for actors to stop.
Sent output token with value 1.0
Next port to read input from is inputA
Called postfire()
Called prefire()
Called fire()
Checking for deadlock:
There are 2 Blocked actors, 0 Stopped actors, and 4 active threads.
Waiting for actors to stop.
Called postfire()
Called prefire()
Called fire()
Checking for deadlock:
There are 3 Blocked actors, 0 Stopped actors, and 4 active threads.
Waiting for actors to stop.
Read input token from inputA with value 2.0
Checking for deadlock:
There are 2 Blocked actors, 0 Stopped actors, and 4 active threads.
Waiting for actors to stop.
-- Read input: 1.5, which is expected to match: 1.5
Called prefire()
Called fire()
Checking for deadlock:
There are 3 Blocked actors, 0 Stopped actors, and 4 active threads.
Waiting for actors to stop.
Sent output token with value 1.5
Next port to read input from is inputB
Called postfire()
Called prefire()
Called fire()
Called postfire()
Called prefire()
Called fire()
Checking for deadlock:
There are 3 Blocked actors, 0 Stopped actors, and 4 active threads.
Waiting for actors to stop.
Read input token from inputB with value 3.0
-- Read input: 2.0, which is expected to match: 2.0
Called prefire()
Called fire()
Checking for deadlock:
There are 3 Blocked actors, 0 Stopped actors, and 4 active threads.
Waiting for actors to stop.
Sent output token with value 2.0
Next port to read input from is inputA
Called postfire()
Called prefire()
Called fire()
Checking for deadlock:
There are 2 Blocked actors, 0 Stopped actors, and 4 active threads.
Waiting for actors to stop.
Called postfire()
Called prefire()
Called fire()
Checking for deadlock:
There are 3 Blocked actors, 0 Stopped actors, and 4 active threads.
Waiting for actors to stop.
Read input token from inputA with value 3.0
Checking for deadlock:
There are 2 Blocked actors, 0 Stopped actors, and 4 active threads.
Waiting for actors to stop.
-- Read input: 3.0, which is expected to match: 3.0
Called prefire()
Called fire()
Checking for deadlock:
There are 3 Blocked actors, 0 Stopped actors, and 4 active threads.
Waiting for actors to stop.
Sent output token with value 3.0
Next port to read input from is inputB
Called postfire()
Called prefire()
Called fire()
Checking for deadlock:
There are 2 Blocked actors, 0 Stopped actors, and 4 active threads.
Waiting for actors to stop.
Called postfire()
Called prefire()
Called fire()
Checking for deadlock:
There are 3 Blocked actors, 0 Stopped actors, and 4 active threads.
Waiting for actors to stop.
Read input token from inputB with value 4.5
Checking for deadlock:
There are 2 Blocked actors, 0 Stopped actors, and 4 active threads.
Waiting for actors to stop.
-- Read input: 3.0, which is expected to match: 3.0
Called prefire()
Called fire()
Checking for deadlock:
There are 3 Blocked actors, 0 Stopped actors, and 4 active threads.
Waiting for actors to stop.
Sent output token with value 3.0
Next port to read input from is inputA
Called postfire()
Called prefire()
Called fire()
Checking for deadlock:
There are 2 Blocked actors, 0 Stopped actors, and 4 active threads.
Waiting for actors to stop.
Called postfire()
Called prefire()
Called fire()
Checking for deadlock:
There are 3 Blocked actors, 0 Stopped actors, and 4 active threads.
Waiting for actors to stop.
Read input token from inputA with value 4.0
Checking for deadlock:
There are 2 Blocked actors, 0 Stopped actors, and 4 active threads.
Waiting for actors to stop.
-- Read input: 4.0, which is expected to match: 4.0
Called prefire()
Called fire()
Past the end of training data. Read and discard all inputs.
Checking for deadlock:
There are 3 Blocked actors, 0 Stopped actors, and 4 active threads.
Waiting for actors to stop.
Sent output token with value 4.0
Next port to read input from is inputA
Called postfire()
Called prefire()
Called fire()
Checking for deadlock:
There are 2 Blocked actors, 0 Stopped actors, and 4 active threads.
Waiting for actors to stop.
Called postfire()
Called prefire()
Called fire()
Checking for deadlock:
There are 3 Blocked actors, 0 Stopped actors, and 4 active threads.
Waiting for actors to stop.
Read input token from inputA with value 5.0
Checking for deadlock:
There are 2 Blocked actors, 0 Stopped actors, and 4 active threads.
Waiting for actors to stop.
Called prefire()
Called fire()
Past the end of training data. Read and discard all inputs.
Checking for deadlock:
There are 3 Blocked actors, 0 Stopped actors, and 4 active threads.
Waiting for actors to stop.
Sent output token with value 4.5
Next port to read input from is inputB
Called postfire()
Called prefire()
Called fire()
Checking for deadlock:
There are 2 Blocked actors, 0 Stopped actors, and 4 active threads.
Waiting for actors to stop.
Called postfire()
Called prefire()
Called fire()
Checking for deadlock:
There are 3 Blocked actors, 0 Stopped actors, and 4 active threads.
Waiting for actors to stop.
Read input token from inputB with value 6.0
Checking for deadlock:
There are 2 Blocked actors, 0 Stopped actors, and 4 active threads.
Waiting for actors to stop.
Called prefire()
Called fire()
Past the end of training data. Read and discard all inputs.
Checking for deadlock:
There are 3 Blocked actors, 0 Stopped actors, and 4 active threads.
Waiting for actors to stop.
Sent output token with value 5.0
Next port to read input from is inputA
Called postfire()
Called prefire()
Called fire()
Checking for deadlock:
There are 2 Blocked actors, 0 Stopped actors, and 4 active threads.
Waiting for actors to stop.
Called postfire()
Called prefire()
Called fire()
Checking for deadlock:
There are 3 Blocked actors, 0 Stopped actors, and 4 active threads.
Waiting for actors to stop.
Read input token from inputA with value 6.0
Checking for deadlock:
There are 2 Blocked actors, 0 Stopped actors, and 4 active threads.
Waiting for actors to stop.
Called prefire()
Called fire()
Past the end of training data. Read and discard all inputs.
Checking for deadlock:
There are 3 Blocked actors, 0 Stopped actors, and 4 active threads.
Waiting for actors to stop.
Sent output token with value 6.0
Next port to read input from is inputB
Called postfire()
Called prefire()
Called fire()
Called postfire()
Called prefire()
Called fire()
Checking for deadlock:
There are 3 Blocked actors, 0 Stopped actors, and 4 active threads.
Waiting for actors to stop.
Read input token from inputB with value 7.5
Called prefire()
Called fire()
Past the end of training data. Read and discard all inputs.
Checking for deadlock:
There are 3 Blocked actors, 0 Stopped actors, and 4 active threads.
Waiting for actors to stop.
Sent output token with value 6.0
Next port to read input from is inputA
Called postfire()
Called prefire()
Called fire()
Checking for deadlock:
There are 2 Blocked actors, 0 Stopped actors, and 4 active threads.
Waiting for actors to stop.
Called postfire()
Called prefire()
Called fire()
Checking for deadlock:
There are 3 Blocked actors, 0 Stopped actors, and 4 active threads.
Waiting for actors to stop.
Read input token from inputA with value 7.0
Checking for deadlock:
There are 2 Blocked actors, 0 Stopped actors, and 4 active threads.
Waiting for actors to stop.
Called prefire()
Called fire()
Past the end of training data. Read and discard all inputs.
Checking for deadlock:
There are 3 Blocked actors, 0 Stopped actors, and 4 active threads.
Waiting for actors to stop.
Sent output token with value 7.0
Next port to read input from is inputA
Called postfire()
Called prefire()
Called fire()
-- Thread wrapup() called.
Called wrapup()
Thread .top.Ramp is exiting.
-- Thread stopped.
Checking for deadlock:
There are 2 Blocked actors, 0 Stopped actors, and 3 active threads.
Waiting for actors to stop.
Read input token from inputA with value 8.0
Checking for deadlock:
There are 1 Blocked actors, 0 Stopped actors, and 3 active threads.
Waiting for actors to stop.
Called prefire()
Called fire()
Past the end of training data. Read and discard all inputs.
Checking for deadlock:
There are 2 Blocked actors, 0 Stopped actors, and 3 active threads.
Waiting for actors to stop.
Sent output token with value 7.5
Next port to read input from is inputB
Called postfire()
Called prefire()
Called fire()
Checking for deadlock:
There are 1 Blocked actors, 0 Stopped actors, and 3 active threads.
Waiting for actors to stop.
Called postfire()
Called prefire()
Called fire()
Checking for deadlock:
There are 2 Blocked actors, 0 Stopped actors, and 3 active threads.
Waiting for actors to stop.
Read input token from inputB with value 9.0
Checking for deadlock:
There are 1 Blocked actors, 0 Stopped actors, and 3 active threads.
Waiting for actors to stop.
Called prefire()
Called fire()
Past the end of training data. Read and discard all inputs.
Checking for deadlock:
There are 2 Blocked actors, 0 Stopped actors, and 3 active threads.
Waiting for actors to stop.
Sent output token with value 8.0
Next port to read input from is inputA
Called postfire()
Called prefire()
Called fire()
Read input token from inputA with value 9.0
Called prefire()
Called fire()
Past the end of training data. Read and discard all inputs.
Checking for deadlock:
There are 2 Blocked actors, 0 Stopped actors, and 3 active threads.
Waiting for actors to stop.
Sent output token with value 9.0
Next port to read input from is inputB
Called postfire()
Called prefire()
Called fire()
Called postfire()
Called prefire()
Called fire()
Checking for deadlock:
There are 2 Blocked actors, 0 Stopped actors, and 3 active threads.
Waiting for actors to stop.
Read input token from inputB with value 10.5
Called prefire()
Called fire()
Past the end of training data. Read and discard all inputs.
Checking for deadlock:
There are 2 Blocked actors, 0 Stopped actors, and 3 active threads.
Waiting for actors to stop.
Sent output token with value 9.0
Next port to read input from is inputA
Called postfire()
Called prefire()
Called fire()
Checking for deadlock:
There are 3 Blocked actors, 0 Stopped actors, and 3 active threads.
Actors have stopped.
Checking for deadlock:
There are 3 Blocked actors, 0 Stopped actors, and 3 active threads.
Deadlock detected.
Resolving Deadlock
Checking for deadlock:
There are 3 Blocked actors, 0 Stopped actors, and 3 active threads.
Artificial Deadlock - increasing queue capacity.
increasing the capacity of receiver ptolemy.actor.TypedIOPort {.top.OrderedMerge.inputB} to 2
Director: Called postfire().
Called postfire().
_stopRequested = false
_stopFireRequested = false
Returning from postfire(): true
Called fire().
Checking for deadlock:
There are 2 Blocked actors, 0 Stopped actors, and 3 active threads.
Waiting for actors to stop.
-- Thread wrapup() called.
Called wrapup()
Thread .top.Ramp2 is exiting.
-- Thread stopped.
Checking for deadlock:
There are 2 Blocked actors, 0 Stopped actors, and 2 active threads.
Actors have stopped.
Checking for deadlock:
There are 2 Blocked actors, 0 Stopped actors, and 2 active threads.
Deadlock detected.
Resolving Deadlock
Checking for deadlock:
There are 2 Blocked actors, 0 Stopped actors, and 2 active threads.
Deadlock detected: no processes blocked on write, but some are blocked on read.
Called postfire().
_stopRequested = false
_stopFireRequested = false
Returning from postfire(): false
Finished deactivating branches.
Called wrapup().
-- Thread wrapup() called.
Called wrapup()
-- Thread wrapup() called.
Called wrapup()
Thread .top.Test is exiting.
-- Thread stopped.
-- Blocked Receiver call threw TerminateProcessException.
Thread .top.OrderedMerge is exiting.
21 ms. Memory: 148480K Free: 117870K (79%)
/home/travis/build/icyphy/ptII/ptolemy/actor/lib/test/Publisher.tcl
-- Thread stopped.
-- Blocked Receiver call threw TerminateProcessException.
7 ms. Memory: 148480K Free: 111726K (75%)
5 ms. Memory: 148480K Free: 106592K (72%)
34 ms. Memory: 148480K Free: 132504K (89%)
10 ms. Memory: 148480K Free: 131601K (89%)
7 ms. Memory: 148480K Free: 131091K (88%)
7 ms. Memory: 148480K Free: 130067K (88%)
22 ms. Memory: 148480K Free: 129043K (87%)
13 ms. Memory: 148480K Free: 128515K (87%)
20 ms. Memory: 148480K Free: 118289K (80%)
4 ms. Memory: 148480K Free: 114707K (77%)
2 ms. Memory: 148480K Free: 113683K (77%)
4 ms. Memory: 148480K Free: 111635K (75%)
6 ms. Memory: 148480K Free: 103953K (70%)
14 ms. Memory: 148480K Free: 94737K (64%)
6 ms. Memory: 148480K Free: 83473K (56%)
/home/travis/build/icyphy/ptII/ptolemy/actor/lib/test/Pulse.tcl
10 ms. Memory: 148480K Free: 113664K (77%)
2 ms. Memory: 148480K Free: 113119K (76%)
1 ms. Memory: 148480K Free: 112640K (76%)
10 ms. Memory: 148480K Free: 112111K (76%)
2 ms. Memory: 148480K Free: 111616K (75%)
14 ms. Memory: 148480K Free: 110592K (74%)
2 ms. Memory: 148480K Free: 109568K (74%)
2 ms. Memory: 148480K Free: 108544K (73%)
2 ms. Memory: 148480K Free: 108015K (73%)
/home/travis/build/icyphy/ptII/ptolemy/actor/lib/test/Ramp.tcl
2 ms. Memory: 148480K Free: 105951K (71%)
2 ms. Memory: 148480K Free: 105472K (71%)
1 ms. Memory: 148480K Free: 104448K (70%)
1 ms. Memory: 148480K Free: 103903K (70%)
3 ms. Memory: 148480K Free: 102895K (69%)
4 ms. Memory: 148480K Free: 101886K (69%)
4 ms. Memory: 148480K Free: 101376K (68%)
5 actors
4000 microseconds per iteration to create
4 ms. Memory: 148480K Free: 98304K (66%)
1 ms. Memory: 148480K Free: 97790K (66%)
2 ms. Memory: 148480K Free: 97280K (66%)
2 ms. Memory: 148480K Free: 96766K (65%)
50 actors
31000 microseconds per iteration to create
24 ms. Memory: 148480K Free: 81406K (55%)
5 ms. Memory: 148480K Free: 79872K (54%)
4 ms. Memory: 148480K Free: 78848K (53%)
5 ms. Memory: 148480K Free: 77824K (52%)
500 actors
1416000 microseconds per iteration to create
227 ms. Memory: 148480K Free: 65022K (44%)
38 ms. Memory: 148480K Free: 59902K (40%)
39 ms. Memory: 148480K Free: 54272K (37%)
37 ms. Memory: 148480K Free: 49152K (33%)
/home/travis/build/icyphy/ptII/ptolemy/actor/lib/test/RampContinuous.tcl
11 ms. Memory: 178176K Free: 154800K (87%)
/home/travis/build/icyphy/ptII/ptolemy/actor/lib/test/RecordAssembler.tcl
6 ms. Memory: 178176K Free: 153308K (86%)
6 ms. Memory: 178176K Free: 152284K (85%)
/home/travis/build/icyphy/ptII/ptolemy/actor/lib/test/RecordDisassembler.tcl
11 ms. Memory: 178176K Free: 150732K (85%)
5 ms. Memory: 178176K Free: 149722K (84%)
10 ms. Memory: 178176K Free: 148698K (83%)
/home/travis/build/icyphy/ptII/ptolemy/actor/lib/test/Scale.tcl
4 ms. Memory: 178176K Free: 147164K (83%)
2 ms. Memory: 178176K Free: 146140K (82%)
2 ms. Memory: 178176K Free: 145612K (82%)
3 ms. Memory: 178176K Free: 144588K (81%)
5 ms. Memory: 178176K Free: 143548K (81%)
/home/travis/build/icyphy/ptII/ptolemy/actor/lib/test/SequentialClock.tcl
preinitializing
resolving types
initializing
executing number 1
wrapping up
idle
6 ms. Memory: 178176K Free: 142540K (80%)
Completed execution with 5 iterations
preinitializing
resolving types
initializing
executing number 1
wrapping up
idle
1 ms. Memory: 178176K Free: 142044K (80%)
Completed execution with 5 iterations
preinitializing
resolving types
initializing
executing number 1
wrapping up
idle
2 ms. Memory: 178176K Free: 141530K (79%)
Completed execution with 5 iterations
/home/travis/build/icyphy/ptII/ptolemy/actor/lib/test/SetVariable.tcl
6 ms. Memory: 178176K Free: 139468K (78%)


==== $PTII/ptolemy/actor/lib/test/SetVariable.tcl: SetVariable-3.1 changeFailed
==== Contents of test case:

    #Uses 2.1 above
    jdkCaptureErr {
        # This test was failing if we ran Exit.tcl and then this test.
        # MessageHandler.error() now actually throws the Exception.
	catch {$setVariable changeFailed [java::null]  [java::new Exception {Test exception for SetVariable.changeFailed()}]} errMsg
    } results
    list [string range $results 0 89] "\n" $errMsg

==== Result was:
{java.lang.Exception: Test exception for SetVariable.changeFailed()
	at java.base/jdk.inter} {
} {java.lang.RuntimeException: java.lang.Exception: Test exception for SetVariable.changeFailed()}
---- Result should have been:
{java.lang.Exception: Test exception for SetVariable.changeFailed()
	at sun.reflect.NativeC} {
} {java.lang.RuntimeException: java.lang.Exception: Test exception for SetVariable.changeFailed()}
---- SetVariable-3.1 FAILED
/home/travis/build/icyphy/ptII/ptolemy/actor/lib/test/Sinewave.tcl
/home/travis/build/icyphy/ptII/ptolemy/actor/lib/test/SubscriptionAggregator.tcl
5 ms. Memory: 178176K Free: 127194K (71%)
3 ms. Memory: 178176K Free: 126684K (71%)
0 ms. Memory: 178176K Free: 126170K (71%)
0 ms. Memory: 178176K Free: 125660K (71%)
4 ms. Memory: 178176K Free: 122060K (69%)
9 ms. Memory: 178176K Free: 120026K (67%)
...............................................................1032 ms. Memory: 283648K Free: 196220K (69%)
/home/travis/build/icyphy/ptII/ptolemy/actor/lib/test/Test.tcl
 The next command will produce a warning about training mode,
   which may be ignored.
7 ms. Memory: 283648K Free: 194174K (68%)
3 ms. Memory: 283648K Free: 193150K (68%)
1 ms. Memory: 283648K Free: 192621K (68%)
1 ms. Memory: 283648K Free: 192126K (68%)
2 ms. Memory: 283648K Free: 191581K (68%)
3 ms. Memory: 283648K Free: 190078K (67%)
3 ms. Memory: 283648K Free: 189054K (67%)
 The next command will produce a warning about training mode,
   which may be ignored.
4 ms. Memory: 283648K Free: 186492K (66%)
 The next command will produce a warning about training mode,
   which may be ignored.
2 ms. Memory: 283648K Free: 184958K (65%)
1 ms. Memory: 283648K Free: 184958K (65%)
2 ms. Memory: 283648K Free: 184444K (65%)
2 ms. Memory: 283648K Free: 183934K (65%)
5 ms. Memory: 283648K Free: 182910K (64%)
4 ms. Memory: 283648K Free: 178814K (63%)
/home/travis/build/icyphy/ptII/ptolemy/actor/lib/test/TestExceptionHandler.tcl
 The next command will produce a warning about training mode,
   which may be ignored.
3 ms. Memory: 283648K Free: 177790K (63%)
1 ms. Memory: 283648K Free: 177245K (62%)
1 ms. Memory: 283648K Free: 176766K (62%)
/home/travis/build/icyphy/ptII/ptolemy/actor/lib/test/UnionDisassembler.tcl
23 ms. Memory: 283648K Free: 169598K (60%)
/home/travis/build/icyphy/ptII/ptolemy/actor/lib/test/VariableClock.tcl
preinitializing
resolving types
initializing
executing number 1
wrapping up
idle
10 ms. Memory: 283648K Free: 167550K (59%)
Completed execution with 11 iterations
preinitializing
resolving types
initializing
executing number 1
wrapping up
idle
8 ms. Memory: 283648K Free: 166005K (59%)
Completed execution with 10 iterations
07/14/19 04:56:25
Failed: 1  Total Tests: 234  ((Passed: 233, Newly Passed: 0)  Known Failed: 0) /home/travis/build/icyphy/ptII/ptolemy/actor/lib/test
----------------- testing (KnownFailure) /home/travis/build/icyphy/ptII/ptolemy/actor/lib/test/auto/knownFailedTests/PublisherPortToplevelSubscriber.xml
0 ms. Memory: 283648K Free: 162430K (57%)
Known Failure: java.lang.reflect.InvocationTargetException
----------------- testing (KnownFailure) /home/travis/build/icyphy/ptII/ptolemy/actor/lib/test/auto/knownFailedTests/PublisherSubscriberPortToplevel.xml
0 ms. Memory: 283648K Free: 158844K (56%)
Known Failure: java.lang.reflect.InvocationTargetException
----------------- testing (KnownFailure) /home/travis/build/icyphy/ptII/ptolemy/actor/lib/test/auto/knownFailedTests/PublisherSubscriptionAggregatorPort.xml
1 ms. Memory: 283648K Free: 154748K (55%)
Known Failure: java.lang.reflect.InvocationTargetException
----------------- testing (KnownFailure) /home/travis/build/icyphy/ptII/ptolemy/actor/lib/test/auto/knownFailedTests/sizedarray3.xml
5 ms. Memory: 283648K Free: 150142K (53%)
Known Failure: java.lang.reflect.InvocationTargetException
No auto/linux-amd64/*.xml tests in /home/travis/build/icyphy/ptII/ptolemy/actor/lib/test
AutoTests.java: About to close Vertx.
AutoTests.java: Vertx closed.

===========================================================================================
----------------- testing Sun Jul 14 04:56:25 UTC 2019 /home/travis/build/icyphy/ptII/ptolemy/actor/lib/test/auto/AbsoluteValue.xml
----------------- Instantiating /home/travis/build/icyphy/ptII/ptolemy/actor/lib/test/auto/AbsoluteValue.xml
6 ms. Memory: 283648K Free: 127614K (45%)
----------------- Invoking toplevel() on ptolemy.moml.MoMLSimpleApplication@6dcbb
----------------- Done invoking toplevel() on ptolemy.moml.MoMLSimpleApplication@6dcbb
reloadAllAccessors: .AbsoluteValue

===========================================================================================
----------------- testing Sun Jul 14 04:56:25 UTC 2019 /home/travis/build/icyphy/ptII/ptolemy/actor/lib/test/auto/AbsoluteValue2.xml
----------------- Instantiating /home/travis/build/icyphy/ptII/ptolemy/actor/lib/test/auto/AbsoluteValue2.xml
5 ms. Memory: 283648K Free: 120956K (43%)
----------------- Invoking toplevel() on ptolemy.moml.MoMLSimpleApplication@143cd192
----------------- Done invoking toplevel() on ptolemy.moml.MoMLSimpleApplication@143cd192
reloadAllAccessors: .AbsoluteValue2

===========================================================================================
----------------- testing Sun Jul 14 04:56:25 UTC 2019 /home/travis/build/icyphy/ptII/ptolemy/actor/lib/test/auto/Accumulator.xml
----------------- Instantiating /home/travis/build/icyphy/ptII/ptolemy/actor/lib/test/auto/Accumulator.xml
7 ms. Memory: 283648K Free: 114302K (40%)
----------------- Invoking toplevel() on ptolemy.moml.MoMLSimpleApplication@32feb24e
----------------- Done invoking toplevel() on ptolemy.moml.MoMLSimpleApplication@32feb24e
reloadAllAccessors: .Accumulator

===========================================================================================
----------------- testing Sun Jul 14 04:56:25 UTC 2019 /home/travis/build/icyphy/ptII/ptolemy/actor/lib/test/auto/Accumulator2.xml
----------------- Instantiating /home/travis/build/icyphy/ptII/ptolemy/actor/lib/test/auto/Accumulator2.xml
3 ms. Memory: 283648K Free: 109182K (38%)
----------------- Invoking toplevel() on ptolemy.moml.MoMLSimpleApplication@61c54366
----------------- Done invoking toplevel() on ptolemy.moml.MoMLSimpleApplication@61c54366
reloadAllAccessors: .Accumulator2

===========================================================================================
----------------- testing Sun Jul 14 04:56:26 UTC 2019 /home/travis/build/icyphy/ptII/ptolemy/actor/lib/test/auto/Accumulator3.xml
----------------- Instantiating /home/travis/build/icyphy/ptII/ptolemy/actor/lib/test/auto/Accumulator3.xml
3 ms. Memory: 283648K Free: 105086K (37%)
----------------- Invoking toplevel() on ptolemy.moml.MoMLSimpleApplication@6456bba5
----------------- Done invoking toplevel() on ptolemy.moml.MoMLSimpleApplication@6456bba5
reloadAllAccessors: .Accumulator3

===========================================================================================
----------------- testing Sun Jul 14 04:56:26 UTC 2019 /home/travis/build/icyphy/ptII/ptolemy/actor/lib/test/auto/ArrayAppend.xml
----------------- Instantiating /home/travis/build/icyphy/ptII/ptolemy/actor/lib/test/auto/ArrayAppend.xml
5 ms. Memory: 283648K Free: 98942K (35%)
----------------- Invoking toplevel() on ptolemy.moml.MoMLSimpleApplication@2df14a2a
----------------- Done invoking toplevel() on ptolemy.moml.MoMLSimpleApplication@2df14a2a
reloadAllAccessors: .ArrayAppend

===========================================================================================
----------------- testing Sun Jul 14 04:56:26 UTC 2019 /home/travis/build/icyphy/ptII/ptolemy/actor/lib/test/auto/ArrayAppend2.xml
----------------- Instantiating /home/travis/build/icyphy/ptII/ptolemy/actor/lib/test/auto/ArrayAppend2.xml
426 ms. Memory: 283648K Free: 173406K (61%)
----------------- Invoking toplevel() on ptolemy.moml.MoMLSimpleApplication@3f881ca0
----------------- Done invoking toplevel() on ptolemy.moml.MoMLSimpleApplication@3f881ca0
reloadAllAccessors: .ArrayAppend2

===========================================================================================
----------------- testing Sun Jul 14 04:56:26 UTC 2019 /home/travis/build/icyphy/ptII/ptolemy/actor/lib/test/auto/ArrayAppend3.xml
----------------- Instantiating /home/travis/build/icyphy/ptII/ptolemy/actor/lib/test/auto/ArrayAppend3.xml
4 ms. Memory: 283648K Free: 167734K (59%)
----------------- Invoking toplevel() on ptolemy.moml.MoMLSimpleApplication@5444c446
----------------- Done invoking toplevel() on ptolemy.moml.MoMLSimpleApplication@5444c446
reloadAllAccessors: .ArrayAppend3

===========================================================================================
----------------- testing Sun Jul 14 04:56:26 UTC 2019 /home/travis/build/icyphy/ptII/ptolemy/actor/lib/test/auto/ArrayAppend4.xml
----------------- Instantiating /home/travis/build/icyphy/ptII/ptolemy/actor/lib/test/auto/ArrayAppend4.xml
2 ms. Memory: 283648K Free: 162614K (57%)
----------------- Invoking toplevel() on ptolemy.moml.MoMLSimpleApplication@18b5cd36
----------------- Done invoking toplevel() on ptolemy.moml.MoMLSimpleApplication@18b5cd36
reloadAllAccessors: .ArrayAppend4

===========================================================================================
----------------- testing Sun Jul 14 04:56:26 UTC 2019 /home/travis/build/icyphy/ptII/ptolemy/actor/lib/test/auto/ArrayAppend5.xml
----------------- Instantiating /home/travis/build/icyphy/ptII/ptolemy/actor/lib/test/auto/ArrayAppend5.xml
2 ms. Memory: 283648K Free: 156984K (55%)
----------------- Invoking toplevel() on ptolemy.moml.MoMLSimpleApplication@607deb35
----------------- Done invoking toplevel() on ptolemy.moml.MoMLSimpleApplication@607deb35
reloadAllAccessors: .ArrayAppend5

===========================================================================================
----------------- testing Sun Jul 14 04:56:26 UTC 2019 /home/travis/build/icyphy/ptII/ptolemy/actor/lib/test/auto/ArrayAppend6.xml
----------------- Instantiating /home/travis/build/icyphy/ptII/ptolemy/actor/lib/test/auto/ArrayAppend6.xml
4 ms. Memory: 283648K Free: 152374K (54%)
----------------- Invoking toplevel() on ptolemy.moml.MoMLSimpleApplication@3fee61ac
----------------- Done invoking toplevel() on ptolemy.moml.MoMLSimpleApplication@3fee61ac
reloadAllAccessors: .ArrayAppend6

===========================================================================================
----------------- testing Sun Jul 14 04:56:26 UTC 2019 /home/travis/build/icyphy/ptII/ptolemy/actor/lib/test/auto/ArrayAppendPerformanceTest.xml
----------------- Instantiating /home/travis/build/icyphy/ptII/ptolemy/actor/lib/test/auto/ArrayAppendPerformanceTest.xml
30 ms. Memory: 283648K Free: 141110K (50%)
----------------- Invoking toplevel() on ptolemy.moml.MoMLSimpleApplication@5a290d23
----------------- Done invoking toplevel() on ptolemy.moml.MoMLSimpleApplication@5a290d23
reloadAllAccessors: .ArrayAppendPerformanceTest

===========================================================================================
----------------- testing Sun Jul 14 04:56:26 UTC 2019 /home/travis/build/icyphy/ptII/ptolemy/actor/lib/test/auto/ArrayAppendWithEmptyInput.xml
----------------- Instantiating /home/travis/build/icyphy/ptII/ptolemy/actor/lib/test/auto/ArrayAppendWithEmptyInput.xml
8 ms. Memory: 283648K Free: 133432K (47%)
----------------- Invoking toplevel() on ptolemy.moml.MoMLSimpleApplication@21a85ef6
----------------- Done invoking toplevel() on ptolemy.moml.MoMLSimpleApplication@21a85ef6
reloadAllAccessors: .ArrayAppendWithEmptyInput

===========================================================================================
----------------- testing Sun Jul 14 04:56:26 UTC 2019 /home/travis/build/icyphy/ptII/ptolemy/actor/lib/test/auto/ArrayAverage.xml
----------------- Instantiating /home/travis/build/icyphy/ptII/ptolemy/actor/lib/test/auto/ArrayAverage.xml
23 ms. Memory: 283648K Free: 125240K (44%)
----------------- Invoking toplevel() on ptolemy.moml.MoMLSimpleApplication@50531941
----------------- Done invoking toplevel() on ptolemy.moml.MoMLSimpleApplication@50531941
reloadAllAccessors: .ArrayAverage

===========================================================================================
----------------- testing Sun Jul 14 04:56:26 UTC 2019 /home/travis/build/icyphy/ptII/ptolemy/actor/lib/test/auto/ArrayContains.xml
----------------- Instantiating /home/travis/build/icyphy/ptII/ptolemy/actor/lib/test/auto/ArrayContains.xml
4 ms. Memory: 283648K Free: 119606K (42%)
----------------- Invoking toplevel() on ptolemy.moml.MoMLSimpleApplication@291a8b8e
----------------- Done invoking toplevel() on ptolemy.moml.MoMLSimpleApplication@291a8b8e
reloadAllAccessors: .ArrayContains

===========================================================================================
----------------- testing Sun Jul 14 04:56:26 UTC 2019 /home/travis/build/icyphy/ptII/ptolemy/actor/lib/test/auto/ArrayElement.xml
----------------- Instantiating /home/travis/build/icyphy/ptII/ptolemy/actor/lib/test/auto/ArrayElement.xml
9 ms. Memory: 283648K Free: 113976K (40%)
----------------- Invoking toplevel() on ptolemy.moml.MoMLSimpleApplication@7f20e1f9
----------------- Done invoking toplevel() on ptolemy.moml.MoMLSimpleApplication@7f20e1f9
reloadAllAccessors: .ArrayElement

===========================================================================================
----------------- testing Sun Jul 14 04:56:26 UTC 2019 /home/travis/build/icyphy/ptII/ptolemy/actor/lib/test/auto/ArrayElementAsMatrix.xml
----------------- Instantiating /home/travis/build/icyphy/ptII/ptolemy/actor/lib/test/auto/ArrayElementAsMatrix.xml
22 ms. Memory: 283648K Free: 103736K (37%)
----------------- Invoking toplevel() on ptolemy.moml.MoMLSimpleApplication@259a5282
----------------- Done invoking toplevel() on ptolemy.moml.MoMLSimpleApplication@259a5282
reloadAllAccessors: .ArrayElementAsMatrix

===========================================================================================
----------------- testing Sun Jul 14 04:56:26 UTC 2019 /home/travis/build/icyphy/ptII/ptolemy/actor/lib/test/auto/ArrayElementI.xml
----------------- Instantiating /home/travis/build/icyphy/ptII/ptolemy/actor/lib/test/auto/ArrayElementI.xml
4 ms. Memory: 283648K Free: 98616K (35%)
----------------- Invoking toplevel() on ptolemy.moml.MoMLSimpleApplication@40483f2a
----------------- Done invoking toplevel() on ptolemy.moml.MoMLSimpleApplication@40483f2a
reloadAllAccessors: .ArrayElementI

===========================================================================================
----------------- testing Sun Jul 14 04:56:27 UTC 2019 /home/travis/build/icyphy/ptII/ptolemy/actor/lib/test/auto/ArrayExtract.xml
----------------- Instantiating /home/travis/build/icyphy/ptII/ptolemy/actor/lib/test/auto/ArrayExtract.xml
8 ms. Memory: 283648K Free: 89910K (32%)
----------------- Invoking toplevel() on ptolemy.moml.MoMLSimpleApplication@3cb12370
----------------- Done invoking toplevel() on ptolemy.moml.MoMLSimpleApplication@3cb12370
reloadAllAccessors: .ArrayExtract

===========================================================================================
----------------- testing Sun Jul 14 04:56:27 UTC 2019 /home/travis/build/icyphy/ptII/ptolemy/actor/lib/test/auto/ArrayExtract2.xml
----------------- Instantiating /home/travis/build/icyphy/ptII/ptolemy/actor/lib/test/auto/ArrayExtract2.xml
2 ms. Memory: 283648K Free: 84760K (30%)
----------------- Invoking toplevel() on ptolemy.moml.MoMLSimpleApplication@19bc807b
----------------- Done invoking toplevel() on ptolemy.moml.MoMLSimpleApplication@19bc807b
reloadAllAccessors: .ArrayExtract2

===========================================================================================
----------------- testing Sun Jul 14 04:56:27 UTC 2019 /home/travis/build/icyphy/ptII/ptolemy/actor/lib/test/auto/ArrayLength.xml
----------------- Instantiating /home/travis/build/icyphy/ptII/ptolemy/actor/lib/test/auto/ArrayLength.xml
2 ms. Memory: 283648K Free: 80694K (28%)
----------------- Invoking toplevel() on ptolemy.moml.MoMLSimpleApplication@37a0659a
----------------- Done invoking toplevel() on ptolemy.moml.MoMLSimpleApplication@37a0659a
reloadAllAccessors: .ArrayLength

===========================================================================================
----------------- testing Sun Jul 14 04:56:27 UTC 2019 /home/travis/build/icyphy/ptII/ptolemy/actor/lib/test/auto/ArrayLevelCrossing.xml
----------------- Instantiating /home/travis/build/icyphy/ptII/ptolemy/actor/lib/test/auto/ArrayLevelCrossing.xml
4 ms. Memory: 283648K Free: 230200K (81%)
----------------- Invoking toplevel() on ptolemy.moml.MoMLSimpleApplication@40e16eaa
----------------- Done invoking toplevel() on ptolemy.moml.MoMLSimpleApplication@40e16eaa
reloadAllAccessors: .ArrayLevelCrossing

===========================================================================================
----------------- testing Sun Jul 14 04:56:27 UTC 2019 /home/travis/build/icyphy/ptII/ptolemy/actor/lib/test/auto/ArrayLevelCrossing2.xml
----------------- Instantiating /home/travis/build/icyphy/ptII/ptolemy/actor/lib/test/auto/ArrayLevelCrossing2.xml
3 ms. Memory: 283648K Free: 223032K (79%)
----------------- Invoking toplevel() on ptolemy.moml.MoMLSimpleApplication@3c6f6737
----------------- Done invoking toplevel() on ptolemy.moml.MoMLSimpleApplication@3c6f6737
reloadAllAccessors: .ArrayLevelCrossing2

===========================================================================================
----------------- testing Sun Jul 14 04:56:27 UTC 2019 /home/travis/build/icyphy/ptII/ptolemy/actor/lib/test/auto/ArrayPeakSearch.xml
----------------- Instantiating /home/travis/build/icyphy/ptII/ptolemy/actor/lib/test/auto/ArrayPeakSearch.xml
8 ms. Memory: 283648K Free: 214326K (76%)
----------------- Invoking toplevel() on ptolemy.moml.MoMLSimpleApplication@5a6b04b0
----------------- Done invoking toplevel() on ptolemy.moml.MoMLSimpleApplication@5a6b04b0
reloadAllAccessors: .ArrayPeakSearch

===========================================================================================
----------------- testing Sun Jul 14 04:56:27 UTC 2019 /home/travis/build/icyphy/ptII/ptolemy/actor/lib/test/auto/ArrayPeakSearch2.xml
----------------- Instantiating /home/travis/build/icyphy/ptII/ptolemy/actor/lib/test/auto/ArrayPeakSearch2.xml
5 ms. Memory: 283648K Free: 203576K (72%)
----------------- Invoking toplevel() on ptolemy.moml.MoMLSimpleApplication@4669e54c
----------------- Done invoking toplevel() on ptolemy.moml.MoMLSimpleApplication@4669e54c
reloadAllAccessors: .ArrayPeakSearch2

===========================================================================================
----------------- testing Sun Jul 14 04:56:27 UTC 2019 /home/travis/build/icyphy/ptII/ptolemy/actor/lib/test/auto/ArrayPeakSearch3.xml
----------------- Instantiating /home/travis/build/icyphy/ptII/ptolemy/actor/lib/test/auto/ArrayPeakSearch3.xml
6 ms. Memory: 283648K Free: 194870K (69%)
----------------- Invoking toplevel() on ptolemy.moml.MoMLSimpleApplication@7639b006
----------------- Done invoking toplevel() on ptolemy.moml.MoMLSimpleApplication@7639b006
reloadAllAccessors: .ArrayPeakSearch3

===========================================================================================
----------------- testing Sun Jul 14 04:56:27 UTC 2019 /home/travis/build/icyphy/ptII/ptolemy/actor/lib/test/auto/ArrayRemoveElement.xml
----------------- Instantiating /home/travis/build/icyphy/ptII/ptolemy/actor/lib/test/auto/ArrayRemoveElement.xml
3 ms. Memory: 283648K Free: 186678K (66%)
----------------- Invoking toplevel() on ptolemy.moml.MoMLSimpleApplication@c64ceae
----------------- Done invoking toplevel() on ptolemy.moml.MoMLSimpleApplication@c64ceae
reloadAllAccessors: .ArrayRemoveElement

===========================================================================================
----------------- testing Sun Jul 14 04:56:27 UTC 2019 /home/travis/build/icyphy/ptII/ptolemy/actor/lib/test/auto/ArraySort.xml
----------------- Instantiating /home/travis/build/icyphy/ptII/ptolemy/actor/lib/test/auto/ArraySort.xml
4 ms. Memory: 283648K Free: 177976K (63%)
----------------- Invoking toplevel() on ptolemy.moml.MoMLSimpleApplication@55de0808
----------------- Done invoking toplevel() on ptolemy.moml.MoMLSimpleApplication@55de0808
reloadAllAccessors: .ArraySort

===========================================================================================
----------------- testing Sun Jul 14 04:56:27 UTC 2019 /home/travis/build/icyphy/ptII/ptolemy/actor/lib/test/auto/ArraySum.xml
----------------- Instantiating /home/travis/build/icyphy/ptII/ptolemy/actor/lib/test/auto/ArraySum.xml
16 ms. Memory: 283648K Free: 172342K (61%)
----------------- Invoking toplevel() on ptolemy.moml.MoMLSimpleApplication@4bd59486
----------------- Done invoking toplevel() on ptolemy.moml.MoMLSimpleApplication@4bd59486
reloadAllAccessors: .ArraySum

===========================================================================================
----------------- testing Sun Jul 14 04:56:27 UTC 2019 /home/travis/build/icyphy/ptII/ptolemy/actor/lib/test/auto/ArrayToElements.xml
----------------- Instantiating /home/travis/build/icyphy/ptII/ptolemy/actor/lib/test/auto/ArrayToElements.xml
12 ms. Memory: 283648K Free: 167222K (59%)
----------------- Invoking toplevel() on ptolemy.moml.MoMLSimpleApplication@39992a6f
----------------- Done invoking toplevel() on ptolemy.moml.MoMLSimpleApplication@39992a6f
reloadAllAccessors: .ArrayToElements

===========================================================================================
----------------- testing Sun Jul 14 04:56:27 UTC 2019 /home/travis/build/icyphy/ptII/ptolemy/actor/lib/test/auto/ArrayToMatrix.xml
----------------- Instantiating /home/travis/build/icyphy/ptII/ptolemy/actor/lib/test/auto/ArrayToMatrix.xml
7 ms. Memory: 283648K Free: 152886K (54%)
----------------- Invoking toplevel() on ptolemy.moml.MoMLSimpleApplication@680adb2
----------------- Done invoking toplevel() on ptolemy.moml.MoMLSimpleApplication@680adb2
reloadAllAccessors: .ArrayToMatrix

===========================================================================================
----------------- testing Sun Jul 14 04:56:27 UTC 2019 /home/travis/build/icyphy/ptII/ptolemy/actor/lib/test/auto/ArrayUpdate1.xml
----------------- Instantiating /home/travis/build/icyphy/ptII/ptolemy/actor/lib/test/auto/ArrayUpdate1.xml
5 ms. Memory: 283648K Free: 148280K (52%)
----------------- Invoking toplevel() on ptolemy.moml.MoMLSimpleApplication@523bd361
----------------- Done invoking toplevel() on ptolemy.moml.MoMLSimpleApplication@523bd361
reloadAllAccessors: .ArrayUpdate1

===========================================================================================
----------------- testing Sun Jul 14 04:56:27 UTC 2019 /home/travis/build/icyphy/ptII/ptolemy/actor/lib/test/auto/ArrayUpdate2.xml
----------------- Instantiating /home/travis/build/icyphy/ptII/ptolemy/actor/lib/test/auto/ArrayUpdate2.xml
6 ms. Memory: 283648K Free: 141622K (50%)
----------------- Invoking toplevel() on ptolemy.moml.MoMLSimpleApplication@6b4eba74
----------------- Done invoking toplevel() on ptolemy.moml.MoMLSimpleApplication@6b4eba74
reloadAllAccessors: .ArrayUpdate2

===========================================================================================
----------------- testing Sun Jul 14 04:56:27 UTC 2019 /home/travis/build/icyphy/ptII/ptolemy/actor/lib/test/auto/ArrayUpdate3.xml
----------------- Instantiating /home/travis/build/icyphy/ptII/ptolemy/actor/lib/test/auto/ArrayUpdate3.xml
10 ms. Memory: 283648K Free: 137016K (48%)
----------------- Invoking toplevel() on ptolemy.moml.MoMLSimpleApplication@2a3baccc
----------------- Done invoking toplevel() on ptolemy.moml.MoMLSimpleApplication@2a3baccc
reloadAllAccessors: .ArrayUpdate3

===========================================================================================
----------------- testing Sun Jul 14 04:56:27 UTC 2019 /home/travis/build/icyphy/ptII/ptolemy/actor/lib/test/auto/Assert1.xml
----------------- Instantiating /home/travis/build/icyphy/ptII/ptolemy/actor/lib/test/auto/Assert1.xml
3 ms. Memory: 283648K Free: 132406K (47%)
----------------- Invoking toplevel() on ptolemy.moml.MoMLSimpleApplication@6f2fb3da
----------------- Done invoking toplevel() on ptolemy.moml.MoMLSimpleApplication@6f2fb3da
reloadAllAccessors: .Assert1

===========================================================================================
----------------- testing Sun Jul 14 04:56:27 UTC 2019 /home/travis/build/icyphy/ptII/ptolemy/actor/lib/test/auto/Assert2.xml
----------------- Instantiating /home/travis/build/icyphy/ptII/ptolemy/actor/lib/test/auto/Assert2.xml
6 ms. Memory: 283648K Free: 128310K (45%)
----------------- Invoking toplevel() on ptolemy.moml.MoMLSimpleApplication@4d8fdc78
----------------- Done invoking toplevel() on ptolemy.moml.MoMLSimpleApplication@4d8fdc78
reloadAllAccessors: .Assert2

===========================================================================================
----------------- testing Sun Jul 14 04:56:27 UTC 2019 /home/travis/build/icyphy/ptII/ptolemy/actor/lib/test/auto/BooleanMultiplexor.xml
----------------- Instantiating /home/travis/build/icyphy/ptII/ptolemy/actor/lib/test/auto/BooleanMultiplexor.xml
2 ms. Memory: 283648K Free: 122152K (43%)
----------------- Invoking toplevel() on ptolemy.moml.MoMLSimpleApplication@181a768f
----------------- Done invoking toplevel() on ptolemy.moml.MoMLSimpleApplication@181a768f
reloadAllAccessors: .BooleanMultiplexor

===========================================================================================
----------------- testing Sun Jul 14 04:56:27 UTC 2019 /home/travis/build/icyphy/ptII/ptolemy/actor/lib/test/auto/BooleanMultiplexor2.xml
----------------- Instantiating /home/travis/build/icyphy/ptII/ptolemy/actor/lib/test/auto/BooleanMultiplexor2.xml
12 ms. Memory: 283648K Free: 116022K (41%)
----------------- Invoking toplevel() on ptolemy.moml.MoMLSimpleApplication@39179a1a
----------------- Done invoking toplevel() on ptolemy.moml.MoMLSimpleApplication@39179a1a
reloadAllAccessors: .BooleanMultiplexor2

===========================================================================================
----------------- testing Sun Jul 14 04:56:27 UTC 2019 /home/travis/build/icyphy/ptII/ptolemy/actor/lib/test/auto/BooleanMultiplexor3.xml
----------------- Instantiating /home/travis/build/icyphy/ptII/ptolemy/actor/lib/test/auto/BooleanMultiplexor3.xml
4 ms. Memory: 283648K Free: 111926K (39%)
----------------- Invoking toplevel() on ptolemy.moml.MoMLSimpleApplication@21f7cea5
----------------- Done invoking toplevel() on ptolemy.moml.MoMLSimpleApplication@21f7cea5
reloadAllAccessors: .BooleanMultiplexor3

===========================================================================================
----------------- testing Sun Jul 14 04:56:27 UTC 2019 /home/travis/build/icyphy/ptII/ptolemy/actor/lib/test/auto/BooleanSelect.xml
----------------- Instantiating /home/travis/build/icyphy/ptII/ptolemy/actor/lib/test/auto/BooleanSelect.xml
8 ms. Memory: 283648K Free: 106296K (37%)
----------------- Invoking toplevel() on ptolemy.moml.MoMLSimpleApplication@6f39dc05
----------------- Done invoking toplevel() on ptolemy.moml.MoMLSimpleApplication@6f39dc05
reloadAllAccessors: .BooleanSelect

===========================================================================================
----------------- testing Sun Jul 14 04:56:27 UTC 2019 /home/travis/build/icyphy/ptII/ptolemy/actor/lib/test/auto/BooleanSelect2.xml
----------------- Instantiating /home/travis/build/icyphy/ptII/ptolemy/actor/lib/test/auto/BooleanSelect2.xml
1 ms. Memory: 283648K Free: 101686K (36%)
----------------- Invoking toplevel() on ptolemy.moml.MoMLSimpleApplication@157f1d4
----------------- Done invoking toplevel() on ptolemy.moml.MoMLSimpleApplication@157f1d4
reloadAllAccessors: .BooleanSelect2

===========================================================================================
----------------- testing Sun Jul 14 04:56:27 UTC 2019 /home/travis/build/icyphy/ptII/ptolemy/actor/lib/test/auto/BooleanSwitch.xml
----------------- Instantiating /home/travis/build/icyphy/ptII/ptolemy/actor/lib/test/auto/BooleanSwitch.xml
9 ms. Memory: 283648K Free: 95542K (34%)
----------------- Invoking toplevel() on ptolemy.moml.MoMLSimpleApplication@1ebdeef4
----------------- Done invoking toplevel() on ptolemy.moml.MoMLSimpleApplication@1ebdeef4
reloadAllAccessors: .BooleanSwitch

===========================================================================================
----------------- testing Sun Jul 14 04:56:27 UTC 2019 /home/travis/build/icyphy/ptII/ptolemy/actor/lib/test/auto/BooleanSwitch2.xml
----------------- Instantiating /home/travis/build/icyphy/ptII/ptolemy/actor/lib/test/auto/BooleanSwitch2.xml
2 ms. Memory: 283648K Free: 90936K (32%)
----------------- Invoking toplevel() on ptolemy.moml.MoMLSimpleApplication@6bbe7105
----------------- Done invoking toplevel() on ptolemy.moml.MoMLSimpleApplication@6bbe7105
reloadAllAccessors: .BooleanSwitch2

===========================================================================================
----------------- testing Sun Jul 14 04:56:28 UTC 2019 /home/travis/build/icyphy/ptII/ptolemy/actor/lib/test/auto/BooleanSwitchCloningBugWithClassRelationGroup.xml
----------------- Instantiating /home/travis/build/icyphy/ptII/ptolemy/actor/lib/test/auto/BooleanSwitchCloningBugWithClassRelationGroup.xml
2 ms. Memory: 283648K Free: 84792K (30%)
----------------- Invoking toplevel() on ptolemy.moml.MoMLSimpleApplication@257299f8
----------------- Done invoking toplevel() on ptolemy.moml.MoMLSimpleApplication@257299f8
reloadAllAccessors: .BooleanSwitchCloningBugWithClassRelationGroup

===========================================================================================
----------------- testing Sun Jul 14 04:56:28 UTC 2019 /home/travis/build/icyphy/ptII/ptolemy/actor/lib/test/auto/BusActors.xml
----------------- Instantiating /home/travis/build/icyphy/ptII/ptolemy/actor/lib/test/auto/BusActors.xml
4 ms. Memory: 283648K Free: 76600K (27%)
----------------- Invoking toplevel() on ptolemy.moml.MoMLSimpleApplication@755427f2
----------------- Done invoking toplevel() on ptolemy.moml.MoMLSimpleApplication@755427f2
reloadAllAccessors: .BusActors

===========================================================================================
----------------- testing Sun Jul 14 04:56:28 UTC 2019 /home/travis/build/icyphy/ptII/ptolemy/actor/lib/test/auto/ClassWrapper.xml
----------------- Instantiating /home/travis/build/icyphy/ptII/ptolemy/actor/lib/test/auto/ClassWrapper.xml
4 ms. Memory: 547840K Free: 497976K (91%)
----------------- Invoking toplevel() on ptolemy.moml.MoMLSimpleApplication@60ad3d17
----------------- Done invoking toplevel() on ptolemy.moml.MoMLSimpleApplication@60ad3d17
reloadAllAccessors: .ClassWrapper

===========================================================================================
----------------- testing Sun Jul 14 04:56:28 UTC 2019 /home/travis/build/icyphy/ptII/ptolemy/actor/lib/test/auto/Clock.xml
----------------- Instantiating /home/travis/build/icyphy/ptII/ptolemy/actor/lib/test/auto/Clock.xml
4 ms. Memory: 547840K Free: 493878K (90%)
----------------- Invoking toplevel() on ptolemy.moml.MoMLSimpleApplication@a1a190c
----------------- Done invoking toplevel() on ptolemy.moml.MoMLSimpleApplication@a1a190c
reloadAllAccessors: .Clock

===========================================================================================
----------------- testing Sun Jul 14 04:56:28 UTC 2019 /home/travis/build/icyphy/ptII/ptolemy/actor/lib/test/auto/Clock10.xml
----------------- Instantiating /home/travis/build/icyphy/ptII/ptolemy/actor/lib/test/auto/Clock10.xml
5 ms. Memory: 547840K Free: 487736K (89%)
----------------- Invoking toplevel() on ptolemy.moml.MoMLSimpleApplication@2b99db3b
----------------- Done invoking toplevel() on ptolemy.moml.MoMLSimpleApplication@2b99db3b
reloadAllAccessors: .Clock10

===========================================================================================
----------------- testing Sun Jul 14 04:56:28 UTC 2019 /home/travis/build/icyphy/ptII/ptolemy/actor/lib/test/auto/Clock11.xml
----------------- Instantiating /home/travis/build/icyphy/ptII/ptolemy/actor/lib/test/auto/Clock11.xml
6 ms. Memory: 547840K Free: 482102K (88%)
----------------- Invoking toplevel() on ptolemy.moml.MoMLSimpleApplication@3ddbaa12
----------------- Done invoking toplevel() on ptolemy.moml.MoMLSimpleApplication@3ddbaa12
reloadAllAccessors: .Clock11

===========================================================================================
----------------- testing Sun Jul 14 04:56:28 UTC 2019 /home/travis/build/icyphy/ptII/ptolemy/actor/lib/test/auto/Clock12.xml
----------------- Instantiating /home/travis/build/icyphy/ptII/ptolemy/actor/lib/test/auto/Clock12.xml
3 ms. Memory: 547840K Free: 475958K (87%)
----------------- Invoking toplevel() on ptolemy.moml.MoMLSimpleApplication@5c989664
----------------- Done invoking toplevel() on ptolemy.moml.MoMLSimpleApplication@5c989664
reloadAllAccessors: .Clock12

===========================================================================================
----------------- testing Sun Jul 14 04:56:28 UTC 2019 /home/travis/build/icyphy/ptII/ptolemy/actor/lib/test/auto/Clock13.xml
----------------- Instantiating /home/travis/build/icyphy/ptII/ptolemy/actor/lib/test/auto/Clock13.xml
7 ms. Memory: 547840K Free: 470328K (86%)
----------------- Invoking toplevel() on ptolemy.moml.MoMLSimpleApplication@7daae4b9
----------------- Done invoking toplevel() on ptolemy.moml.MoMLSimpleApplication@7daae4b9
reloadAllAccessors: .Clock13

===========================================================================================
----------------- testing Sun Jul 14 04:56:28 UTC 2019 /home/travis/build/icyphy/ptII/ptolemy/actor/lib/test/auto/Clock14.xml
----------------- Instantiating /home/travis/build/icyphy/ptII/ptolemy/actor/lib/test/auto/Clock14.xml
6 ms. Memory: 547840K Free: 464184K (85%)
----------------- Invoking toplevel() on ptolemy.moml.MoMLSimpleApplication@6fea29f
----------------- Done invoking toplevel() on ptolemy.moml.MoMLSimpleApplication@6fea29f
reloadAllAccessors: .Clock14

===========================================================================================
----------------- testing Sun Jul 14 04:56:28 UTC 2019 /home/travis/build/icyphy/ptII/ptolemy/actor/lib/test/auto/Clock15.xml
----------------- Instantiating /home/travis/build/icyphy/ptII/ptolemy/actor/lib/test/auto/Clock15.xml
6 ms. Memory: 547840K Free: 458520K (84%)
----------------- Invoking toplevel() on ptolemy.moml.MoMLSimpleApplication@4a7fa8f4
----------------- Done invoking toplevel() on ptolemy.moml.MoMLSimpleApplication@4a7fa8f4
reloadAllAccessors: .Clock15

===========================================================================================
----------------- testing Sun Jul 14 04:56:28 UTC 2019 /home/travis/build/icyphy/ptII/ptolemy/actor/lib/test/auto/Clock16.xml
----------------- Instantiating /home/travis/build/icyphy/ptII/ptolemy/actor/lib/test/auto/Clock16.xml
39 ms. Memory: 547840K Free: 443176K (81%)
----------------- Invoking toplevel() on ptolemy.moml.MoMLSimpleApplication@3502a2fb
----------------- Done invoking toplevel() on ptolemy.moml.MoMLSimpleApplication@3502a2fb
reloadAllAccessors: .Clock16

===========================================================================================
----------------- testing Sun Jul 14 04:56:28 UTC 2019 /home/travis/build/icyphy/ptII/ptolemy/actor/lib/test/auto/Clock17.xml
----------------- Instantiating /home/travis/build/icyphy/ptII/ptolemy/actor/lib/test/auto/Clock17.xml
31 ms. Memory: 547840K Free: 429368K (78%)
----------------- Invoking toplevel() on ptolemy.moml.MoMLSimpleApplication@4986700b
----------------- Done invoking toplevel() on ptolemy.moml.MoMLSimpleApplication@4986700b
reloadAllAccessors: .Clock17

===========================================================================================
----------------- testing Sun Jul 14 04:56:28 UTC 2019 /home/travis/build/icyphy/ptII/ptolemy/actor/lib/test/auto/Clock18.xml
----------------- Instantiating /home/travis/build/icyphy/ptII/ptolemy/actor/lib/test/auto/Clock18.xml
26 ms. Memory: 547840K Free: 415528K (76%)
----------------- Invoking toplevel() on ptolemy.moml.MoMLSimpleApplication@17b4c5fd
----------------- Done invoking toplevel() on ptolemy.moml.MoMLSimpleApplication@17b4c5fd
reloadAllAccessors: .Clock18

===========================================================================================
----------------- testing Sun Jul 14 04:56:28 UTC 2019 /home/travis/build/icyphy/ptII/ptolemy/actor/lib/test/auto/Clock19.xml
----------------- Instantiating /home/travis/build/icyphy/ptII/ptolemy/actor/lib/test/auto/Clock19.xml
18 ms. Memory: 547840K Free: 402200K (73%)
----------------- Invoking toplevel() on ptolemy.moml.MoMLSimpleApplication@1bd1e82a
----------------- Done invoking toplevel() on ptolemy.moml.MoMLSimpleApplication@1bd1e82a
reloadAllAccessors: .Clock19

===========================================================================================
----------------- testing Sun Jul 14 04:56:28 UTC 2019 /home/travis/build/icyphy/ptII/ptolemy/actor/lib/test/auto/Clock2.xml
----------------- Instantiating /home/travis/build/icyphy/ptII/ptolemy/actor/lib/test/auto/Clock2.xml
7 ms. Memory: 547840K Free: 397624K (73%)
----------------- Invoking toplevel() on ptolemy.moml.MoMLSimpleApplication@470b18e6
----------------- Done invoking toplevel() on ptolemy.moml.MoMLSimpleApplication@470b18e6
reloadAllAccessors: .Clock2

===========================================================================================
----------------- testing Sun Jul 14 04:56:28 UTC 2019 /home/travis/build/icyphy/ptII/ptolemy/actor/lib/test/auto/Clock20.xml
----------------- Instantiating /home/travis/build/icyphy/ptII/ptolemy/actor/lib/test/auto/Clock20.xml
8 ms. Memory: 547840K Free: 391990K (72%)
----------------- Invoking toplevel() on ptolemy.moml.MoMLSimpleApplication@57828845
----------------- Done invoking toplevel() on ptolemy.moml.MoMLSimpleApplication@57828845
reloadAllAccessors: .Clock20

===========================================================================================
----------------- testing Sun Jul 14 04:56:28 UTC 2019 /home/travis/build/icyphy/ptII/ptolemy/actor/lib/test/auto/Clock21.xml
----------------- Instantiating /home/travis/build/icyphy/ptII/ptolemy/actor/lib/test/auto/Clock21.xml
3 ms. Memory: 547840K Free: 386870K (71%)
----------------- Invoking toplevel() on ptolemy.moml.MoMLSimpleApplication@368b70da
----------------- Done invoking toplevel() on ptolemy.moml.MoMLSimpleApplication@368b70da
reloadAllAccessors: .Clock21

===========================================================================================
----------------- testing Sun Jul 14 04:56:28 UTC 2019 /home/travis/build/icyphy/ptII/ptolemy/actor/lib/test/auto/Clock22.xml
----------------- Instantiating /home/travis/build/icyphy/ptII/ptolemy/actor/lib/test/auto/Clock22.xml
3 ms. Memory: 547840K Free: 381240K (70%)
----------------- Invoking toplevel() on ptolemy.moml.MoMLSimpleApplication@2c61bb5a
----------------- Done invoking toplevel() on ptolemy.moml.MoMLSimpleApplication@2c61bb5a
reloadAllAccessors: .Clock22

===========================================================================================
----------------- testing Sun Jul 14 04:56:28 UTC 2019 /home/travis/build/icyphy/ptII/ptolemy/actor/lib/test/auto/Clock23.xml
----------------- Instantiating /home/travis/build/icyphy/ptII/ptolemy/actor/lib/test/auto/Clock23.xml
4 ms. Memory: 547840K Free: 376120K (69%)
----------------- Invoking toplevel() on ptolemy.moml.MoMLSimpleApplication@4ce0c08b
----------------- Done invoking toplevel() on ptolemy.moml.MoMLSimpleApplication@4ce0c08b
reloadAllAccessors: .Clock23

===========================================================================================
----------------- testing Sun Jul 14 04:56:28 UTC 2019 /home/travis/build/icyphy/ptII/ptolemy/actor/lib/test/auto/Clock24.xml
----------------- Instantiating /home/travis/build/icyphy/ptII/ptolemy/actor/lib/test/auto/Clock24.xml
2 ms. Memory: 547840K Free: 370486K (68%)
----------------- Invoking toplevel() on ptolemy.moml.MoMLSimpleApplication@d228d12
----------------- Done invoking toplevel() on ptolemy.moml.MoMLSimpleApplication@d228d12
reloadAllAccessors: .Clock24

===========================================================================================
----------------- testing Sun Jul 14 04:56:28 UTC 2019 /home/travis/build/icyphy/ptII/ptolemy/actor/lib/test/auto/Clock4.xml
----------------- Instantiating /home/travis/build/icyphy/ptII/ptolemy/actor/lib/test/auto/Clock4.xml
1 ms. Memory: 547840K Free: 365336K (67%)
----------------- Invoking toplevel() on ptolemy.moml.MoMLSimpleApplication@1fbea7cb
----------------- Done invoking toplevel() on ptolemy.moml.MoMLSimpleApplication@1fbea7cb
reloadAllAccessors: .Clock4

===========================================================================================
----------------- testing Sun Jul 14 04:56:28 UTC 2019 /home/travis/build/icyphy/ptII/ptolemy/actor/lib/test/auto/Clock5.xml
----------------- Instantiating /home/travis/build/icyphy/ptII/ptolemy/actor/lib/test/auto/Clock5.xml
2 ms. Memory: 547840K Free: 360246K (66%)
----------------- Invoking toplevel() on ptolemy.moml.MoMLSimpleApplication@6e54e060
----------------- Done invoking toplevel() on ptolemy.moml.MoMLSimpleApplication@6e54e060
reloadAllAccessors: .Clock5

===========================================================================================
----------------- testing Sun Jul 14 04:56:28 UTC 2019 /home/travis/build/icyphy/ptII/ptolemy/actor/lib/test/auto/Clock6.xml
----------------- Instantiating /home/travis/build/icyphy/ptII/ptolemy/actor/lib/test/auto/Clock6.xml
2 ms. Memory: 547840K Free: 355640K (65%)
----------------- Invoking toplevel() on ptolemy.moml.MoMLSimpleApplication@25cb2174
----------------- Done invoking toplevel() on ptolemy.moml.MoMLSimpleApplication@25cb2174
reloadAllAccessors: .Clock6

===========================================================================================
----------------- testing Sun Jul 14 04:56:28 UTC 2019 /home/travis/build/icyphy/ptII/ptolemy/actor/lib/test/auto/Clock7.xml
----------------- Instantiating /home/travis/build/icyphy/ptII/ptolemy/actor/lib/test/auto/Clock7.xml
2 ms. Memory: 547840K Free: 351030K (64%)
----------------- Invoking toplevel() on ptolemy.moml.MoMLSimpleApplication@739444ef
----------------- Done invoking toplevel() on ptolemy.moml.MoMLSimpleApplication@739444ef
reloadAllAccessors: .Clock7

===========================================================================================
----------------- testing Sun Jul 14 04:56:28 UTC 2019 /home/travis/build/icyphy/ptII/ptolemy/actor/lib/test/auto/Clock8.xml
----------------- Instantiating /home/travis/build/icyphy/ptII/ptolemy/actor/lib/test/auto/Clock8.xml
4 ms. Memory: 547840K Free: 345400K (63%)
----------------- Invoking toplevel() on ptolemy.moml.MoMLSimpleApplication@35276e03
----------------- Done invoking toplevel() on ptolemy.moml.MoMLSimpleApplication@35276e03
reloadAllAccessors: .Clock8

===========================================================================================
----------------- testing Sun Jul 14 04:56:28 UTC 2019 /home/travis/build/icyphy/ptII/ptolemy/actor/lib/test/auto/Clock9.xml
----------------- Instantiating /home/travis/build/icyphy/ptII/ptolemy/actor/lib/test/auto/Clock9.xml
4 ms. Memory: 547840K Free: 339760K (62%)
----------------- Invoking toplevel() on ptolemy.moml.MoMLSimpleApplication@7bbc0607
----------------- Done invoking toplevel() on ptolemy.moml.MoMLSimpleApplication@7bbc0607
reloadAllAccessors: .Clock9

===========================================================================================
----------------- testing Sun Jul 14 04:56:28 UTC 2019 /home/travis/build/icyphy/ptII/ptolemy/actor/lib/test/auto/CommDistDiscard.xml
----------------- Instantiating /home/travis/build/icyphy/ptII/ptolemy/actor/lib/test/auto/CommDistDiscard.xml
6 ms. Memory: 547840K Free: 334646K (61%)
----------------- Invoking toplevel() on ptolemy.moml.MoMLSimpleApplication@55d6ea20
----------------- Done invoking toplevel() on ptolemy.moml.MoMLSimpleApplication@55d6ea20
reloadAllAccessors: .CommDistDiscard

===========================================================================================
----------------- testing Sun Jul 14 04:56:29 UTC 2019 /home/travis/build/icyphy/ptII/ptolemy/actor/lib/test/auto/Commutator.xml
----------------- Instantiating /home/travis/build/icyphy/ptII/ptolemy/actor/lib/test/auto/Commutator.xml
2 ms. Memory: 547840K Free: 330040K (60%)
----------------- Invoking toplevel() on ptolemy.moml.MoMLSimpleApplication@524d800b
----------------- Done invoking toplevel() on ptolemy.moml.MoMLSimpleApplication@524d800b
reloadAllAccessors: .Commutator

===========================================================================================
----------------- testing Sun Jul 14 04:56:29 UTC 2019 /home/travis/build/icyphy/ptII/ptolemy/actor/lib/test/auto/Commutator2.xml
----------------- Instantiating /home/travis/build/icyphy/ptII/ptolemy/actor/lib/test/auto/Commutator2.xml
2 ms. Memory: 547840K Free: 325944K (59%)
----------------- Invoking toplevel() on ptolemy.moml.MoMLSimpleApplication@46f784db
----------------- Done invoking toplevel() on ptolemy.moml.MoMLSimpleApplication@46f784db
reloadAllAccessors: .Commutator2

===========================================================================================
----------------- testing Sun Jul 14 04:56:29 UTC 2019 /home/travis/build/icyphy/ptII/ptolemy/actor/lib/test/auto/Commutator3.xml
----------------- Instantiating /home/travis/build/icyphy/ptII/ptolemy/actor/lib/test/auto/Commutator3.xml
2 ms. Memory: 547840K Free: 321334K (59%)
----------------- Invoking toplevel() on ptolemy.moml.MoMLSimpleApplication@480fed37
----------------- Done invoking toplevel() on ptolemy.moml.MoMLSimpleApplication@480fed37
reloadAllAccessors: .Commutator3

===========================================================================================
----------------- testing Sun Jul 14 04:56:29 UTC 2019 /home/travis/build/icyphy/ptII/ptolemy/actor/lib/test/auto/Compare.xml
----------------- Instantiating /home/travis/build/icyphy/ptII/ptolemy/actor/lib/test/auto/Compare.xml
3 ms. Memory: 547840K Free: 314680K (57%)
----------------- Invoking toplevel() on ptolemy.moml.MoMLSimpleApplication@108f49fc
----------------- Done invoking toplevel() on ptolemy.moml.MoMLSimpleApplication@108f49fc
reloadAllAccessors: .Compare

===========================================================================================
----------------- testing Sun Jul 14 04:56:29 UTC 2019 /home/travis/build/icyphy/ptII/ptolemy/actor/lib/test/auto/CompareDE.xml
----------------- Instantiating /home/travis/build/icyphy/ptII/ptolemy/actor/lib/test/auto/CompareDE.xml
5 ms. Memory: 547840K Free: 308008K (56%)
----------------- Invoking toplevel() on ptolemy.moml.MoMLSimpleApplication@1c059b19
----------------- Done invoking toplevel() on ptolemy.moml.MoMLSimpleApplication@1c059b19
reloadAllAccessors: .CompareDE

===========================================================================================
----------------- testing Sun Jul 14 04:56:29 UTC 2019 /home/travis/build/icyphy/ptII/ptolemy/actor/lib/test/auto/ComplexDivide.xml
----------------- Instantiating /home/travis/build/icyphy/ptII/ptolemy/actor/lib/test/auto/ComplexDivide.xml
3 ms. Memory: 547840K Free: 303926K (55%)
----------------- Invoking toplevel() on ptolemy.moml.MoMLSimpleApplication@2b4d5282
----------------- Done invoking toplevel() on ptolemy.moml.MoMLSimpleApplication@2b4d5282
reloadAllAccessors: .ComplexDivide

===========================================================================================
----------------- testing Sun Jul 14 04:56:29 UTC 2019 /home/travis/build/icyphy/ptII/ptolemy/actor/lib/test/auto/ComputeHistogram.xml
----------------- Instantiating /home/travis/build/icyphy/ptII/ptolemy/actor/lib/test/auto/ComputeHistogram.xml
39 ms. Memory: 547840K Free: 291128K (53%)
----------------- Invoking toplevel() on ptolemy.moml.MoMLSimpleApplication@4b3130c5
----------------- Done invoking toplevel() on ptolemy.moml.MoMLSimpleApplication@4b3130c5
reloadAllAccessors: .ComputeHistogram

===========================================================================================
----------------- testing Sun Jul 14 04:56:29 UTC 2019 /home/travis/build/icyphy/ptII/ptolemy/actor/lib/test/auto/ConfigurationSelect.xml
----------------- Instantiating /home/travis/build/icyphy/ptII/ptolemy/actor/lib/test/auto/ConfigurationSelect.xml
10 ms. Memory: 547840K Free: 286008K (52%)
----------------- Invoking toplevel() on ptolemy.moml.MoMLSimpleApplication@44c4d3b9
----------------- Done invoking toplevel() on ptolemy.moml.MoMLSimpleApplication@44c4d3b9
reloadAllAccessors: .ConfigurationSelect

===========================================================================================
----------------- testing Sun Jul 14 04:56:29 UTC 2019 /home/travis/build/icyphy/ptII/ptolemy/actor/lib/test/auto/ConfigurationSelect2.xml
----------------- Instantiating /home/travis/build/icyphy/ptII/ptolemy/actor/lib/test/auto/ConfigurationSelect2.xml
3 ms. Memory: 547840K Free: 281398K (51%)
----------------- Invoking toplevel() on ptolemy.moml.MoMLSimpleApplication@79dfb389
----------------- Done invoking toplevel() on ptolemy.moml.MoMLSimpleApplication@79dfb389
reloadAllAccessors: .ConfigurationSelect2

===========================================================================================
----------------- testing Sun Jul 14 04:56:29 UTC 2019 /home/travis/build/icyphy/ptII/ptolemy/actor/lib/test/auto/ConfigurationSwitch.xml
----------------- Instantiating /home/travis/build/icyphy/ptII/ptolemy/actor/lib/test/auto/ConfigurationSwitch.xml
6 ms. Memory: 547840K Free: 276278K (50%)
----------------- Invoking toplevel() on ptolemy.moml.MoMLSimpleApplication@16d5fce0
----------------- Done invoking toplevel() on ptolemy.moml.MoMLSimpleApplication@16d5fce0
reloadAllAccessors: .ConfigurationSwitch

===========================================================================================
----------------- testing Sun Jul 14 04:56:29 UTC 2019 /home/travis/build/icyphy/ptII/ptolemy/actor/lib/test/auto/ConfigurationSwitch2.xml
----------------- Instantiating /home/travis/build/icyphy/ptII/ptolemy/actor/lib/test/auto/ConfigurationSwitch2.xml
3 ms. Memory: 547840K Free: 270648K (49%)
----------------- Invoking toplevel() on ptolemy.moml.MoMLSimpleApplication@228a3779
----------------- Done invoking toplevel() on ptolemy.moml.MoMLSimpleApplication@228a3779
reloadAllAccessors: .ConfigurationSwitch2

===========================================================================================
----------------- testing Sun Jul 14 04:56:29 UTC 2019 /home/travis/build/icyphy/ptII/ptolemy/actor/lib/test/auto/ConfigurationSwitchCloningBugWithClassRelationGroup.xml
----------------- Instantiating /home/travis/build/icyphy/ptII/ptolemy/actor/lib/test/auto/ConfigurationSwitchCloningBugWithClassRelationGroup.xml
2 ms. Memory: 547840K Free: 263990K (48%)
----------------- Invoking toplevel() on ptolemy.moml.MoMLSimpleApplication@5d6799c6
----------------- Done invoking toplevel() on ptolemy.moml.MoMLSimpleApplication@5d6799c6
reloadAllAccessors: .ConfigurationSwitchCloningBugWithClassRelationGroup

===========================================================================================
----------------- testing Sun Jul 14 04:56:29 UTC 2019 /home/travis/build/icyphy/ptII/ptolemy/actor/lib/test/auto/ConfigurationSwitchSelectSDF.xml
----------------- Instantiating /home/travis/build/icyphy/ptII/ptolemy/actor/lib/test/auto/ConfigurationSwitchSelectSDF.xml
2 ms. Memory: 547840K Free: 258870K (47%)
----------------- Invoking toplevel() on ptolemy.moml.MoMLSimpleApplication@7c115a0c
----------------- Done invoking toplevel() on ptolemy.moml.MoMLSimpleApplication@7c115a0c
reloadAllAccessors: .ConfigurationSwitchSelectSDF

===========================================================================================
----------------- testing Sun Jul 14 04:56:29 UTC 2019 /home/travis/build/icyphy/ptII/ptolemy/actor/lib/test/auto/ConfigurationSwitchSelectSDF2.xml
----------------- Instantiating /home/travis/build/icyphy/ptII/ptolemy/actor/lib/test/auto/ConfigurationSwitchSelectSDF2.xml
2 ms. Memory: 547840K Free: 252726K (46%)
----------------- Invoking toplevel() on ptolemy.moml.MoMLSimpleApplication@6d04b51b
----------------- Done invoking toplevel() on ptolemy.moml.MoMLSimpleApplication@6d04b51b
reloadAllAccessors: .ConfigurationSwitchSelectSDF2

===========================================================================================
----------------- testing Sun Jul 14 04:56:29 UTC 2019 /home/travis/build/icyphy/ptII/ptolemy/actor/lib/test/auto/Const.xml
----------------- Instantiating /home/travis/build/icyphy/ptII/ptolemy/actor/lib/test/auto/Const.xml
1 ms. Memory: 547840K Free: 249144K (45%)
----------------- Invoking toplevel() on ptolemy.moml.MoMLSimpleApplication@5e304fa3
----------------- Done invoking toplevel() on ptolemy.moml.MoMLSimpleApplication@5e304fa3
reloadAllAccessors: .Const

===========================================================================================
----------------- testing Sun Jul 14 04:56:29 UTC 2019 /home/travis/build/icyphy/ptII/ptolemy/actor/lib/test/auto/Const2.xml
----------------- Instantiating /home/travis/build/icyphy/ptII/ptolemy/actor/lib/test/auto/Const2.xml
1 ms. Memory: 547840K Free: 245558K (45%)
----------------- Invoking toplevel() on ptolemy.moml.MoMLSimpleApplication@377437c7
----------------- Done invoking toplevel() on ptolemy.moml.MoMLSimpleApplication@377437c7
reloadAllAccessors: .Const2

===========================================================================================
----------------- testing Sun Jul 14 04:56:29 UTC 2019 /home/travis/build/icyphy/ptII/ptolemy/actor/lib/test/auto/Const3.xml
----------------- Instantiating /home/travis/build/icyphy/ptII/ptolemy/actor/lib/test/auto/Const3.xml
1 ms. Memory: 547840K Free: 242486K (44%)
----------------- Invoking toplevel() on ptolemy.moml.MoMLSimpleApplication@5a39d4db
----------------- Done invoking toplevel() on ptolemy.moml.MoMLSimpleApplication@5a39d4db
reloadAllAccessors: .Const3

===========================================================================================
----------------- testing Sun Jul 14 04:56:29 UTC 2019 /home/travis/build/icyphy/ptII/ptolemy/actor/lib/test/auto/ConstantPublisherPort1.xml
----------------- Instantiating /home/travis/build/icyphy/ptII/ptolemy/actor/lib/test/auto/ConstantPublisherPort1.xml
5 ms. Memory: 547840K Free: 233784K (43%)
----------------- Invoking toplevel() on ptolemy.moml.MoMLSimpleApplication@332355eb
----------------- Done invoking toplevel() on ptolemy.moml.MoMLSimpleApplication@332355eb
reloadAllAccessors: .ConstantPublisherPort1

===========================================================================================
----------------- testing Sun Jul 14 04:56:29 UTC 2019 /home/travis/build/icyphy/ptII/ptolemy/actor/lib/test/auto/ConstantPublisherPort2.xml
----------------- Instantiating /home/travis/build/icyphy/ptII/ptolemy/actor/lib/test/auto/ConstantPublisherPort2.xml
10 ms. Memory: 547840K Free: 226102K (41%)
----------------- Invoking toplevel() on ptolemy.moml.MoMLSimpleApplication@117ede79
----------------- Done invoking toplevel() on ptolemy.moml.MoMLSimpleApplication@117ede79
reloadAllAccessors: .ConstantPublisherPort2

===========================================================================================
----------------- testing Sun Jul 14 04:56:29 UTC 2019 /home/travis/build/icyphy/ptII/ptolemy/actor/lib/test/auto/ConstantPublisherPort3.xml
----------------- Instantiating /home/travis/build/icyphy/ptII/ptolemy/actor/lib/test/auto/ConstantPublisherPort3.xml
5 ms. Memory: 547840K Free: 218424K (40%)
----------------- Invoking toplevel() on ptolemy.moml.MoMLSimpleApplication@29846bd3
----------------- Done invoking toplevel() on ptolemy.moml.MoMLSimpleApplication@29846bd3
reloadAllAccessors: .ConstantPublisherPort3

===========================================================================================
----------------- testing Sun Jul 14 04:56:29 UTC 2019 /home/travis/build/icyphy/ptII/ptolemy/actor/lib/test/auto/ConstantPublisherPort4.xml
----------------- Instantiating /home/travis/build/icyphy/ptII/ptolemy/actor/lib/test/auto/ConstantPublisherPort4.xml
4 ms. Memory: 547840K Free: 211766K (39%)
----------------- Invoking toplevel() on ptolemy.moml.MoMLSimpleApplication@39e47d2c
----------------- Done invoking toplevel() on ptolemy.moml.MoMLSimpleApplication@39e47d2c
reloadAllAccessors: .ConstantPublisherPort4

===========================================================================================
----------------- testing Sun Jul 14 04:56:29 UTC 2019 /home/travis/build/icyphy/ptII/ptolemy/actor/lib/test/auto/ConstantPublisherPort5.xml
----------------- Instantiating /home/travis/build/icyphy/ptII/ptolemy/actor/lib/test/auto/ConstantPublisherPort5.xml
25 ms. Memory: 547840K Free: 202550K (37%)
----------------- Invoking toplevel() on ptolemy.moml.MoMLSimpleApplication@4f3c65a0
----------------- Done invoking toplevel() on ptolemy.moml.MoMLSimpleApplication@4f3c65a0
reloadAllAccessors: .ConstantPublisherPort5

===========================================================================================
----------------- testing Sun Jul 14 04:56:29 UTC 2019 /home/travis/build/icyphy/ptII/ptolemy/actor/lib/test/auto/ConstantPublisherPort6.xml
----------------- Instantiating /home/travis/build/icyphy/ptII/ptolemy/actor/lib/test/auto/ConstantPublisherPort6.xml
12 ms. Memory: 547840K Free: 193334K (35%)
----------------- Invoking toplevel() on ptolemy.moml.MoMLSimpleApplication@31ce5dd4
----------------- Done invoking toplevel() on ptolemy.moml.MoMLSimpleApplication@31ce5dd4
reloadAllAccessors: .ConstantPublisherPort6

===========================================================================================
----------------- testing Sun Jul 14 04:56:29 UTC 2019 /home/travis/build/icyphy/ptII/ptolemy/actor/lib/test/auto/ConstantPublisherPort7.xml
----------------- Instantiating /home/travis/build/icyphy/ptII/ptolemy/actor/lib/test/auto/ConstantPublisherPort7.xml
20 ms. Memory: 547840K Free: 184118K (34%)
----------------- Invoking toplevel() on ptolemy.moml.MoMLSimpleApplication@75fc32f8
----------------- Done invoking toplevel() on ptolemy.moml.MoMLSimpleApplication@75fc32f8
reloadAllAccessors: .ConstantPublisherPort7

===========================================================================================
----------------- testing Sun Jul 14 04:56:29 UTC 2019 /home/travis/build/icyphy/ptII/ptolemy/actor/lib/test/auto/ConstraintMonitor1.xml
----------------- Instantiating /home/travis/build/icyphy/ptII/ptolemy/actor/lib/test/auto/ConstraintMonitor1.xml
4 ms. Memory: 547840K Free: 498140K (91%)
----------------- Invoking toplevel() on ptolemy.moml.MoMLSimpleApplication@e12bd4c
----------------- Done invoking toplevel() on ptolemy.moml.MoMLSimpleApplication@e12bd4c
reloadAllAccessors: .ConstraintMonitor1

===========================================================================================
----------------- testing Sun Jul 14 04:56:29 UTC 2019 /home/travis/build/icyphy/ptII/ptolemy/actor/lib/test/auto/ConstraintMonitor2.xml
----------------- Instantiating /home/travis/build/icyphy/ptII/ptolemy/actor/lib/test/auto/ConstraintMonitor2.xml
5 ms. Memory: 547840K Free: 493366K (90%)
----------------- Invoking toplevel() on ptolemy.moml.MoMLSimpleApplication@289d1211
----------------- Done invoking toplevel() on ptolemy.moml.MoMLSimpleApplication@289d1211
reloadAllAccessors: .ConstraintMonitor2

===========================================================================================
----------------- testing Sun Jul 14 04:56:29 UTC 2019 /home/travis/build/icyphy/ptII/ptolemy/actor/lib/test/auto/ConstraintMonitor3.xml
----------------- Instantiating /home/travis/build/icyphy/ptII/ptolemy/actor/lib/test/auto/ConstraintMonitor3.xml
5 ms. Memory: 547840K Free: 488760K (89%)
----------------- Invoking toplevel() on ptolemy.moml.MoMLSimpleApplication@36df415a
----------------- Done invoking toplevel() on ptolemy.moml.MoMLSimpleApplication@36df415a
reloadAllAccessors: .ConstraintMonitor3

===========================================================================================
----------------- testing Sun Jul 14 04:56:29 UTC 2019 /home/travis/build/icyphy/ptII/ptolemy/actor/lib/test/auto/ConstraintMonitor4.xml
----------------- Instantiating /home/travis/build/icyphy/ptII/ptolemy/actor/lib/test/auto/ConstraintMonitor4.xml
4 ms. Memory: 547840K Free: 484150K (88%)
----------------- Invoking toplevel() on ptolemy.moml.MoMLSimpleApplication@5aa84924
----------------- Done invoking toplevel() on ptolemy.moml.MoMLSimpleApplication@5aa84924
reloadAllAccessors: .ConstraintMonitor4

===========================================================================================
----------------- testing Sun Jul 14 04:56:29 UTC 2019 /home/travis/build/icyphy/ptII/ptolemy/actor/lib/test/auto/ConstraintMonitor5.xml
----------------- Instantiating /home/travis/build/icyphy/ptII/ptolemy/actor/lib/test/auto/ConstraintMonitor5.xml
7 ms. Memory: 547840K Free: 479030K (87%)
----------------- Invoking toplevel() on ptolemy.moml.MoMLSimpleApplication@7266c0fb
----------------- Done invoking toplevel() on ptolemy.moml.MoMLSimpleApplication@7266c0fb
reloadAllAccessors: .ConstraintMonitor5

===========================================================================================
----------------- testing Sun Jul 14 04:56:29 UTC 2019 /home/travis/build/icyphy/ptII/ptolemy/actor/lib/test/auto/ConstraintMonitor6.xml
----------------- Instantiating /home/travis/build/icyphy/ptII/ptolemy/actor/lib/test/auto/ConstraintMonitor6.xml
5 ms. Memory: 547840K Free: 472872K (86%)
----------------- Invoking toplevel() on ptolemy.moml.MoMLSimpleApplication@235f8263
----------------- Done invoking toplevel() on ptolemy.moml.MoMLSimpleApplication@235f8263
reloadAllAccessors: .ConstraintMonitor6

===========================================================================================
----------------- testing Sun Jul 14 04:56:29 UTC 2019 /home/travis/build/icyphy/ptII/ptolemy/actor/lib/test/auto/ConstraintMonitor7.xml
----------------- Instantiating /home/travis/build/icyphy/ptII/ptolemy/actor/lib/test/auto/ConstraintMonitor7.xml
6 ms. Memory: 547840K Free: 466728K (85%)
----------------- Invoking toplevel() on ptolemy.moml.MoMLSimpleApplication@74b12a6a
----------------- Done invoking toplevel() on ptolemy.moml.MoMLSimpleApplication@74b12a6a
reloadAllAccessors: .ConstraintMonitor7

===========================================================================================
----------------- testing Sun Jul 14 04:56:30 UTC 2019 /home/travis/build/icyphy/ptII/ptolemy/actor/lib/test/auto/ConstraintMonitor8.xml
----------------- Instantiating /home/travis/build/icyphy/ptII/ptolemy/actor/lib/test/auto/ConstraintMonitor8.xml
3 ms. Memory: 547840K Free: 459064K (84%)
----------------- Invoking toplevel() on ptolemy.moml.MoMLSimpleApplication@758a3068
----------------- Done invoking toplevel() on ptolemy.moml.MoMLSimpleApplication@758a3068
reloadAllAccessors: .ConstraintMonitor8

===========================================================================================
----------------- testing Sun Jul 14 04:56:30 UTC 2019 /home/travis/build/icyphy/ptII/ptolemy/actor/lib/test/auto/Counter.xml
----------------- Instantiating /home/travis/build/icyphy/ptII/ptolemy/actor/lib/test/auto/Counter.xml
3 ms. Memory: 547840K Free: 453944K (83%)
----------------- Invoking toplevel() on ptolemy.moml.MoMLSimpleApplication@45a51e5d
----------------- Done invoking toplevel() on ptolemy.moml.MoMLSimpleApplication@45a51e5d
reloadAllAccessors: .Counter

===========================================================================================
----------------- testing Sun Jul 14 04:56:30 UTC 2019 /home/travis/build/icyphy/ptII/ptolemy/actor/lib/test/auto/CurrentTimeSDF.xml
----------------- Instantiating /home/travis/build/icyphy/ptII/ptolemy/actor/lib/test/auto/CurrentTimeSDF.xml
1 ms. Memory: 547840K Free: 450358K (82%)
----------------- Invoking toplevel() on ptolemy.moml.MoMLSimpleApplication@7206404e
----------------- Done invoking toplevel() on ptolemy.moml.MoMLSimpleApplication@7206404e
reloadAllAccessors: .CurrentTimeSDF

===========================================================================================
----------------- testing Sun Jul 14 04:56:30 UTC 2019 /home/travis/build/icyphy/ptII/ptolemy/actor/lib/test/auto/DB.xml
----------------- Instantiating /home/travis/build/icyphy/ptII/ptolemy/actor/lib/test/auto/DB.xml
2 ms. Memory: 547840K Free: 445238K (81%)
----------------- Invoking toplevel() on ptolemy.moml.MoMLSimpleApplication@67c6fef
----------------- Done invoking toplevel() on ptolemy.moml.MoMLSimpleApplication@67c6fef
reloadAllAccessors: .DB

===========================================================================================
----------------- testing Sun Jul 14 04:56:30 UTC 2019 /home/travis/build/icyphy/ptII/ptolemy/actor/lib/test/auto/DBDE.xml
----------------- Instantiating /home/travis/build/icyphy/ptII/ptolemy/actor/lib/test/auto/DBDE.xml
3 ms. Memory: 547840K Free: 439080K (80%)
----------------- Invoking toplevel() on ptolemy.moml.MoMLSimpleApplication@43cd90c4
----------------- Done invoking toplevel() on ptolemy.moml.MoMLSimpleApplication@43cd90c4
reloadAllAccessors: .DBDE

===========================================================================================
----------------- testing Sun Jul 14 04:56:30 UTC 2019 /home/travis/build/icyphy/ptII/ptolemy/actor/lib/test/auto/DateConstructor.xml
----------------- Instantiating /home/travis/build/icyphy/ptII/ptolemy/actor/lib/test/auto/DateConstructor.xml
22 ms. Memory: 547840K Free: 421686K (77%)
----------------- Invoking toplevel() on ptolemy.moml.MoMLSimpleApplication@2cfe489e
----------------- Done invoking toplevel() on ptolemy.moml.MoMLSimpleApplication@2cfe489e
reloadAllAccessors: .DateConstructor

===========================================================================================
----------------- testing Sun Jul 14 04:56:30 UTC 2019 /home/travis/build/icyphy/ptII/ptolemy/actor/lib/test/auto/DelayTime.xml
----------------- Instantiating /home/travis/build/icyphy/ptII/ptolemy/actor/lib/test/auto/DelayTime.xml
7 ms. Memory: 547840K Free: 416566K (76%)
----------------- Invoking toplevel() on ptolemy.moml.MoMLSimpleApplication@718c2b3c
----------------- Done invoking toplevel() on ptolemy.moml.MoMLSimpleApplication@718c2b3c
reloadAllAccessors: .DelayTime

===========================================================================================
----------------- testing Sun Jul 14 04:56:30 UTC 2019 /home/travis/build/icyphy/ptII/ptolemy/actor/lib/test/auto/Dictionary1.xml
----------------- Instantiating /home/travis/build/icyphy/ptII/ptolemy/actor/lib/test/auto/Dictionary1.xml
2 ms. Memory: 547840K Free: 410936K (75%)
----------------- Invoking toplevel() on ptolemy.moml.MoMLSimpleApplication@c1c1a23
----------------- Done invoking toplevel() on ptolemy.moml.MoMLSimpleApplication@c1c1a23
reloadAllAccessors: .Dictionary1

===========================================================================================
----------------- testing Sun Jul 14 04:56:30 UTC 2019 /home/travis/build/icyphy/ptII/ptolemy/actor/lib/test/auto/Dictionary2.xml
----------------- Instantiating /home/travis/build/icyphy/ptII/ptolemy/actor/lib/test/auto/Dictionary2.xml
4 ms. Memory: 547840K Free: 405816K (74%)
----------------- Invoking toplevel() on ptolemy.moml.MoMLSimpleApplication@688ca43c
----------------- Done invoking toplevel() on ptolemy.moml.MoMLSimpleApplication@688ca43c
reloadAllAccessors: .Dictionary2

===========================================================================================
----------------- testing Sun Jul 14 04:56:30 UTC 2019 /home/travis/build/icyphy/ptII/ptolemy/actor/lib/test/auto/Dictionary3.xml
----------------- Instantiating /home/travis/build/icyphy/ptII/ptolemy/actor/lib/test/auto/Dictionary3.xml
2 ms. Memory: 547840K Free: 400182K (73%)
----------------- Invoking toplevel() on ptolemy.moml.MoMLSimpleApplication@24855591
----------------- Done invoking toplevel() on ptolemy.moml.MoMLSimpleApplication@24855591
reloadAllAccessors: .Dictionary3

===========================================================================================
----------------- testing Sun Jul 14 04:56:30 UTC 2019 /home/travis/build/icyphy/ptII/ptolemy/actor/lib/test/auto/Dictionary4.xml
----------------- Instantiating /home/travis/build/icyphy/ptII/ptolemy/actor/lib/test/auto/Dictionary4.xml
3 ms. Memory: 547840K Free: 393014K (72%)
----------------- Invoking toplevel() on ptolemy.moml.MoMLSimpleApplication@25d2bbf6
----------------- Done invoking toplevel() on ptolemy.moml.MoMLSimpleApplication@25d2bbf6
reloadAllAccessors: .Dictionary4

===========================================================================================
----------------- testing Sun Jul 14 04:56:30 UTC 2019 /home/travis/build/icyphy/ptII/ptolemy/actor/lib/test/auto/Differential.xml
----------------- Instantiating /home/travis/build/icyphy/ptII/ptolemy/actor/lib/test/auto/Differential.xml
3 ms. Memory: 547840K Free: 388408K (71%)
----------------- Invoking toplevel() on ptolemy.moml.MoMLSimpleApplication@1aa99d66
----------------- Done invoking toplevel() on ptolemy.moml.MoMLSimpleApplication@1aa99d66
reloadAllAccessors: .Differential

===========================================================================================
----------------- testing Sun Jul 14 04:56:30 UTC 2019 /home/travis/build/icyphy/ptII/ptolemy/actor/lib/test/auto/Director.xml
----------------- Instantiating /home/travis/build/icyphy/ptII/ptolemy/actor/lib/test/auto/Director.xml
1 ms. Memory: 547840K Free: 385336K (70%)
----------------- Invoking toplevel() on ptolemy.moml.MoMLSimpleApplication@70ee2ec5
----------------- Done invoking toplevel() on ptolemy.moml.MoMLSimpleApplication@70ee2ec5
reloadAllAccessors: .Director

===========================================================================================
----------------- testing Sun Jul 14 04:56:30 UTC 2019 /home/travis/build/icyphy/ptII/ptolemy/actor/lib/test/auto/DiscreteClock.xml
----------------- Instantiating /home/travis/build/icyphy/ptII/ptolemy/actor/lib/test/auto/DiscreteClock.xml
2 ms. Memory: 547840K Free: 381240K (70%)
----------------- Invoking toplevel() on ptolemy.moml.MoMLSimpleApplication@71291bea
----------------- Done invoking toplevel() on ptolemy.moml.MoMLSimpleApplication@71291bea
reloadAllAccessors: .DiscreteClock

===========================================================================================
----------------- testing Sun Jul 14 04:56:30 UTC 2019 /home/travis/build/icyphy/ptII/ptolemy/actor/lib/test/auto/DiscreteClock10.xml
----------------- Instantiating /home/travis/build/icyphy/ptII/ptolemy/actor/lib/test/auto/DiscreteClock10.xml
4 ms. Memory: 547840K Free: 375096K (68%)
----------------- Invoking toplevel() on ptolemy.moml.MoMLSimpleApplication@1885309
----------------- Done invoking toplevel() on ptolemy.moml.MoMLSimpleApplication@1885309
reloadAllAccessors: .DiscreteClock10

===========================================================================================
----------------- testing Sun Jul 14 04:56:30 UTC 2019 /home/travis/build/icyphy/ptII/ptolemy/actor/lib/test/auto/DiscreteClock11.xml
----------------- Instantiating /home/travis/build/icyphy/ptII/ptolemy/actor/lib/test/auto/DiscreteClock11.xml
2 ms. Memory: 547840K Free: 369462K (67%)
----------------- Invoking toplevel() on ptolemy.moml.MoMLSimpleApplication@70e88891
----------------- Done invoking toplevel() on ptolemy.moml.MoMLSimpleApplication@70e88891
reloadAllAccessors: .DiscreteClock11

===========================================================================================
----------------- testing Sun Jul 14 04:56:30 UTC 2019 /home/travis/build/icyphy/ptII/ptolemy/actor/lib/test/auto/DiscreteClock12.xml
----------------- Instantiating /home/travis/build/icyphy/ptII/ptolemy/actor/lib/test/auto/DiscreteClock12.xml
2 ms. Memory: 547840K Free: 363318K (66%)
----------------- Invoking toplevel() on ptolemy.moml.MoMLSimpleApplication@17aa0412
----------------- Done invoking toplevel() on ptolemy.moml.MoMLSimpleApplication@17aa0412
reloadAllAccessors: .DiscreteClock12

===========================================================================================
----------------- testing Sun Jul 14 04:56:30 UTC 2019 /home/travis/build/icyphy/ptII/ptolemy/actor/lib/test/auto/DiscreteClock13.xml
----------------- Instantiating /home/travis/build/icyphy/ptII/ptolemy/actor/lib/test/auto/DiscreteClock13.xml
2 ms. Memory: 547840K Free: 357144K (65%)
----------------- Invoking toplevel() on ptolemy.moml.MoMLSimpleApplication@2106e680
----------------- Done invoking toplevel() on ptolemy.moml.MoMLSimpleApplication@2106e680
reloadAllAccessors: .DiscreteClock13

===========================================================================================
----------------- testing Sun Jul 14 04:56:30 UTC 2019 /home/travis/build/icyphy/ptII/ptolemy/actor/lib/test/auto/DiscreteClock14.xml
----------------- Instantiating /home/travis/build/icyphy/ptII/ptolemy/actor/lib/test/auto/DiscreteClock14.xml
3 ms. Memory: 547840K Free: 351016K (64%)
----------------- Invoking toplevel() on ptolemy.moml.MoMLSimpleApplication@339c6e4a
----------------- Done invoking toplevel() on ptolemy.moml.MoMLSimpleApplication@339c6e4a
reloadAllAccessors: .DiscreteClock14

===========================================================================================
----------------- testing Sun Jul 14 04:56:30 UTC 2019 /home/travis/build/icyphy/ptII/ptolemy/actor/lib/test/auto/DiscreteClock15.xml
----------------- Instantiating /home/travis/build/icyphy/ptII/ptolemy/actor/lib/test/auto/DiscreteClock15.xml
2 ms. Memory: 547840K Free: 345400K (63%)
----------------- Invoking toplevel() on ptolemy.moml.MoMLSimpleApplication@8c4cd1c
----------------- Done invoking toplevel() on ptolemy.moml.MoMLSimpleApplication@8c4cd1c
reloadAllAccessors: .DiscreteClock15

===========================================================================================
----------------- testing Sun Jul 14 04:56:30 UTC 2019 /home/travis/build/icyphy/ptII/ptolemy/actor/lib/test/auto/DiscreteClock16.xml
----------------- Instantiating /home/travis/build/icyphy/ptII/ptolemy/actor/lib/test/auto/DiscreteClock16.xml
19 ms. Memory: 547840K Free: 331560K (61%)
----------------- Invoking toplevel() on ptolemy.moml.MoMLSimpleApplication@485ff1ad
----------------- Done invoking toplevel() on ptolemy.moml.MoMLSimpleApplication@485ff1ad
reloadAllAccessors: .DiscreteClock16

===========================================================================================
----------------- testing Sun Jul 14 04:56:30 UTC 2019 /home/travis/build/icyphy/ptII/ptolemy/actor/lib/test/auto/DiscreteClock17.xml
----------------- Instantiating /home/travis/build/icyphy/ptII/ptolemy/actor/lib/test/auto/DiscreteClock17.xml
19 ms. Memory: 547840K Free: 317238K (58%)
----------------- Invoking toplevel() on ptolemy.moml.MoMLSimpleApplication@6d795cf6
----------------- Done invoking toplevel() on ptolemy.moml.MoMLSimpleApplication@6d795cf6
reloadAllAccessors: .DiscreteClock17

===========================================================================================
----------------- testing Sun Jul 14 04:56:30 UTC 2019 /home/travis/build/icyphy/ptII/ptolemy/actor/lib/test/auto/DiscreteClock18.xml
----------------- Instantiating /home/travis/build/icyphy/ptII/ptolemy/actor/lib/test/auto/DiscreteClock18.xml
21 ms. Memory: 547840K Free: 303416K (55%)
----------------- Invoking toplevel() on ptolemy.moml.MoMLSimpleApplication@7a481951
----------------- Done invoking toplevel() on ptolemy.moml.MoMLSimpleApplication@7a481951
reloadAllAccessors: .DiscreteClock18

===========================================================================================
----------------- testing Sun Jul 14 04:56:30 UTC 2019 /home/travis/build/icyphy/ptII/ptolemy/actor/lib/test/auto/DiscreteClock19.xml
----------------- Instantiating /home/travis/build/icyphy/ptII/ptolemy/actor/lib/test/auto/DiscreteClock19.xml
14 ms. Memory: 547840K Free: 290104K (53%)
----------------- Invoking toplevel() on ptolemy.moml.MoMLSimpleApplication@4f445dc8
----------------- Done invoking toplevel() on ptolemy.moml.MoMLSimpleApplication@4f445dc8
reloadAllAccessors: .DiscreteClock19

===========================================================================================
----------------- testing Sun Jul 14 04:56:30 UTC 2019 /home/travis/build/icyphy/ptII/ptolemy/actor/lib/test/auto/DiscreteClock2.xml
----------------- Instantiating /home/travis/build/icyphy/ptII/ptolemy/actor/lib/test/auto/DiscreteClock2.xml
2 ms. Memory: 547840K Free: 284984K (52%)
----------------- Invoking toplevel() on ptolemy.moml.MoMLSimpleApplication@75b74f6d
----------------- Done invoking toplevel() on ptolemy.moml.MoMLSimpleApplication@75b74f6d
reloadAllAccessors: .DiscreteClock2

===========================================================================================
----------------- testing Sun Jul 14 04:56:30 UTC 2019 /home/travis/build/icyphy/ptII/ptolemy/actor/lib/test/auto/DiscreteClock20.xml
----------------- Instantiating /home/travis/build/icyphy/ptII/ptolemy/actor/lib/test/auto/DiscreteClock20.xml
5 ms. Memory: 547840K Free: 279350K (51%)
----------------- Invoking toplevel() on ptolemy.moml.MoMLSimpleApplication@21c0bebb
----------------- Done invoking toplevel() on ptolemy.moml.MoMLSimpleApplication@21c0bebb
reloadAllAccessors: .DiscreteClock20

===========================================================================================
----------------- testing Sun Jul 14 04:56:30 UTC 2019 /home/travis/build/icyphy/ptII/ptolemy/actor/lib/test/auto/DiscreteClock21.xml
----------------- Instantiating /home/travis/build/icyphy/ptII/ptolemy/actor/lib/test/auto/DiscreteClock21.xml
3 ms. Memory: 547840K Free: 273720K (50%)
----------------- Invoking toplevel() on ptolemy.moml.MoMLSimpleApplication@1f0cc784
----------------- Done invoking toplevel() on ptolemy.moml.MoMLSimpleApplication@1f0cc784
reloadAllAccessors: .DiscreteClock21

===========================================================================================
----------------- testing Sun Jul 14 04:56:30 UTC 2019 /home/travis/build/icyphy/ptII/ptolemy/actor/lib/test/auto/DiscreteClock22.xml
----------------- Instantiating /home/travis/build/icyphy/ptII/ptolemy/actor/lib/test/auto/DiscreteClock22.xml
5 ms. Memory: 547840K Free: 268086K (49%)
----------------- Invoking toplevel() on ptolemy.moml.MoMLSimpleApplication@6fde3bf4
----------------- Done invoking toplevel() on ptolemy.moml.MoMLSimpleApplication@6fde3bf4
reloadAllAccessors: .DiscreteClock22

===========================================================================================
----------------- testing Sun Jul 14 04:56:30 UTC 2019 /home/travis/build/icyphy/ptII/ptolemy/actor/lib/test/auto/DiscreteClock23.xml
----------------- Instantiating /home/travis/build/icyphy/ptII/ptolemy/actor/lib/test/auto/DiscreteClock23.xml
11 ms. Memory: 547840K Free: 262966K (48%)
----------------- Invoking toplevel() on ptolemy.moml.MoMLSimpleApplication@f028d16
----------------- Done invoking toplevel() on ptolemy.moml.MoMLSimpleApplication@f028d16
reloadAllAccessors: .DiscreteClock23

===========================================================================================
----------------- testing Sun Jul 14 04:56:30 UTC 2019 /home/travis/build/icyphy/ptII/ptolemy/actor/lib/test/auto/DiscreteClock24.xml
----------------- Instantiating /home/travis/build/icyphy/ptII/ptolemy/actor/lib/test/auto/DiscreteClock24.xml
8 ms. Memory: 547840K Free: 257336K (47%)
----------------- Invoking toplevel() on ptolemy.moml.MoMLSimpleApplication@7710478d
----------------- Done invoking toplevel() on ptolemy.moml.MoMLSimpleApplication@7710478d
reloadAllAccessors: .DiscreteClock24

===========================================================================================
----------------- testing Sun Jul 14 04:56:30 UTC 2019 /home/travis/build/icyphy/ptII/ptolemy/actor/lib/test/auto/DiscreteClock4.xml
----------------- Instantiating /home/travis/build/icyphy/ptII/ptolemy/actor/lib/test/auto/DiscreteClock4.xml
4 ms. Memory: 547840K Free: 251702K (46%)
----------------- Invoking toplevel() on ptolemy.moml.MoMLSimpleApplication@4125a995
----------------- Done invoking toplevel() on ptolemy.moml.MoMLSimpleApplication@4125a995
reloadAllAccessors: .DiscreteClock4

===========================================================================================
----------------- testing Sun Jul 14 04:56:30 UTC 2019 /home/travis/build/icyphy/ptII/ptolemy/actor/lib/test/auto/DiscreteClock5.xml
----------------- Instantiating /home/travis/build/icyphy/ptII/ptolemy/actor/lib/test/auto/DiscreteClock5.xml
2 ms. Memory: 547840K Free: 246072K (45%)
----------------- Invoking toplevel() on ptolemy.moml.MoMLSimpleApplication@3408f7d4
----------------- Done invoking toplevel() on ptolemy.moml.MoMLSimpleApplication@3408f7d4
reloadAllAccessors: .DiscreteClock5

===========================================================================================
----------------- testing Sun Jul 14 04:56:30 UTC 2019 /home/travis/build/icyphy/ptII/ptolemy/actor/lib/test/auto/DiscreteClock6.xml
----------------- Instantiating /home/travis/build/icyphy/ptII/ptolemy/actor/lib/test/auto/DiscreteClock6.xml
1 ms. Memory: 547840K Free: 241976K (44%)
----------------- Invoking toplevel() on ptolemy.moml.MoMLSimpleApplication@50007e5d
----------------- Done invoking toplevel() on ptolemy.moml.MoMLSimpleApplication@50007e5d
reloadAllAccessors: .DiscreteClock6

===========================================================================================
----------------- testing Sun Jul 14 04:56:30 UTC 2019 /home/travis/build/icyphy/ptII/ptolemy/actor/lib/test/auto/DiscreteClock7.xml
----------------- Instantiating /home/travis/build/icyphy/ptII/ptolemy/actor/lib/test/auto/DiscreteClock7.xml
2 ms. Memory: 547840K Free: 237366K (43%)
----------------- Invoking toplevel() on ptolemy.moml.MoMLSimpleApplication@1ce29e2b
----------------- Done invoking toplevel() on ptolemy.moml.MoMLSimpleApplication@1ce29e2b
reloadAllAccessors: .DiscreteClock7

===========================================================================================
----------------- testing Sun Jul 14 04:56:30 UTC 2019 /home/travis/build/icyphy/ptII/ptolemy/actor/lib/test/auto/DiscreteClock8.xml
----------------- Instantiating /home/travis/build/icyphy/ptII/ptolemy/actor/lib/test/auto/DiscreteClock8.xml
2 ms. Memory: 547840K Free: 231736K (42%)
----------------- Invoking toplevel() on ptolemy.moml.MoMLSimpleApplication@7c4d68f4
----------------- Done invoking toplevel() on ptolemy.moml.MoMLSimpleApplication@7c4d68f4
reloadAllAccessors: .DiscreteClock8

===========================================================================================
----------------- testing Sun Jul 14 04:56:30 UTC 2019 /home/travis/build/icyphy/ptII/ptolemy/actor/lib/test/auto/DiscreteClock9.xml
----------------- Instantiating /home/travis/build/icyphy/ptII/ptolemy/actor/lib/test/auto/DiscreteClock9.xml
6 ms. Memory: 547840K Free: 225592K (41%)
----------------- Invoking toplevel() on ptolemy.moml.MoMLSimpleApplication@6b5bdcdd
----------------- Done invoking toplevel() on ptolemy.moml.MoMLSimpleApplication@6b5bdcdd
reloadAllAccessors: .DiscreteClock9

===========================================================================================
----------------- testing Sun Jul 14 04:56:30 UTC 2019 /home/travis/build/icyphy/ptII/ptolemy/actor/lib/test/auto/DisplayArray.xml
----------------- Instantiating /home/travis/build/icyphy/ptII/ptolemy/actor/lib/test/auto/DisplayArray.xml
3 ms. Memory: 547840K Free: 222520K (41%)
----------------- Invoking toplevel() on ptolemy.moml.MoMLSimpleApplication@1b0541f6
----------------- Done invoking toplevel() on ptolemy.moml.MoMLSimpleApplication@1b0541f6
reloadAllAccessors: .DisplayArray

===========================================================================================
----------------- testing Sun Jul 14 04:56:30 UTC 2019 /home/travis/build/icyphy/ptII/ptolemy/actor/lib/test/auto/Distributor.xml
----------------- Instantiating /home/travis/build/icyphy/ptII/ptolemy/actor/lib/test/auto/Distributor.xml
2 ms. Memory: 547840K Free: 217400K (40%)
----------------- Invoking toplevel() on ptolemy.moml.MoMLSimpleApplication@40b20bf9
----------------- Done invoking toplevel() on ptolemy.moml.MoMLSimpleApplication@40b20bf9
reloadAllAccessors: .Distributor

===========================================================================================
----------------- testing Sun Jul 14 04:56:30 UTC 2019 /home/travis/build/icyphy/ptII/ptolemy/actor/lib/test/auto/Distributor2.xml
----------------- Instantiating /home/travis/build/icyphy/ptII/ptolemy/actor/lib/test/auto/Distributor2.xml
2 ms. Memory: 547840K Free: 212790K (39%)
----------------- Invoking toplevel() on ptolemy.moml.MoMLSimpleApplication@593cf104
----------------- Done invoking toplevel() on ptolemy.moml.MoMLSimpleApplication@593cf104
reloadAllAccessors: .Distributor2

===========================================================================================
----------------- testing Sun Jul 14 04:56:30 UTC 2019 /home/travis/build/icyphy/ptII/ptolemy/actor/lib/test/auto/DownSample.xml
----------------- Instantiating /home/travis/build/icyphy/ptII/ptolemy/actor/lib/test/auto/DownSample.xml
2 ms. Memory: 547840K Free: 208184K (38%)
----------------- Invoking toplevel() on ptolemy.moml.MoMLSimpleApplication@442ad837
----------------- Done invoking toplevel() on ptolemy.moml.MoMLSimpleApplication@442ad837
reloadAllAccessors: .DownSample

===========================================================================================
----------------- testing Sun Jul 14 04:56:31 UTC 2019 /home/travis/build/icyphy/ptII/ptolemy/actor/lib/test/auto/ElectronicUnitBase1.xml
----------------- Instantiating /home/travis/build/icyphy/ptII/ptolemy/actor/lib/test/auto/ElectronicUnitBase1.xml
19 ms. Memory: 547840K Free: 192310K (35%)
----------------- Invoking toplevel() on ptolemy.moml.MoMLSimpleApplication@29d2934d
----------------- Done invoking toplevel() on ptolemy.moml.MoMLSimpleApplication@29d2934d
reloadAllAccessors: .ElectronicUnitBase1

===========================================================================================
----------------- testing Sun Jul 14 04:56:31 UTC 2019 /home/travis/build/icyphy/ptII/ptolemy/actor/lib/test/auto/ElementsToArray.xml
----------------- Instantiating /home/travis/build/icyphy/ptII/ptolemy/actor/lib/test/auto/ElementsToArray.xml
2 ms. Memory: 547840K Free: 187704K (34%)
----------------- Invoking toplevel() on ptolemy.moml.MoMLSimpleApplication@2c7d5fe9
----------------- Done invoking toplevel() on ptolemy.moml.MoMLSimpleApplication@2c7d5fe9
reloadAllAccessors: .ElementsToArray

===========================================================================================
----------------- testing Sun Jul 14 04:56:31 UTC 2019 /home/travis/build/icyphy/ptII/ptolemy/actor/lib/test/auto/Equals.xml
----------------- Instantiating /home/travis/build/icyphy/ptII/ptolemy/actor/lib/test/auto/Equals.xml
3 ms. Memory: 547840K Free: 183094K (33%)
----------------- Invoking toplevel() on ptolemy.moml.MoMLSimpleApplication@615388a6
----------------- Done invoking toplevel() on ptolemy.moml.MoMLSimpleApplication@615388a6
reloadAllAccessors: .Equals

===========================================================================================
----------------- testing Sun Jul 14 04:56:31 UTC 2019 /home/travis/build/icyphy/ptII/ptolemy/actor/lib/test/auto/Exec.xml
----------------- Instantiating /home/travis/build/icyphy/ptII/ptolemy/actor/lib/test/auto/Exec.xml
23 ms. Memory: 547840K Free: 496952K (91%)
----------------- Invoking toplevel() on ptolemy.moml.MoMLSimpleApplication@187379d4
----------------- Done invoking toplevel() on ptolemy.moml.MoMLSimpleApplication@187379d4
reloadAllAccessors: .Exec

===========================================================================================
----------------- testing Sun Jul 14 04:56:31 UTC 2019 /home/travis/build/icyphy/ptII/ptolemy/actor/lib/test/auto/ExecEnvironment.xml
----------------- Instantiating /home/travis/build/icyphy/ptII/ptolemy/actor/lib/test/auto/ExecEnvironment.xml
34 ms. Memory: 547840K Free: 491832K (90%)
----------------- Invoking toplevel() on ptolemy.moml.MoMLSimpleApplication@7f9e49df
----------------- Done invoking toplevel() on ptolemy.moml.MoMLSimpleApplication@7f9e49df
reloadAllAccessors: .ExecEnvironment

===========================================================================================
----------------- testing Sun Jul 14 04:56:31 UTC 2019 /home/travis/build/icyphy/ptII/ptolemy/actor/lib/test/auto/ExecNonZeroReturnOutput.xml
----------------- Instantiating /home/travis/build/icyphy/ptII/ptolemy/actor/lib/test/auto/ExecNonZeroReturnOutput.xml
197 ms. Memory: 547840K Free: 480054K (88%)
----------------- Invoking toplevel() on ptolemy.moml.MoMLSimpleApplication@705da993
----------------- Done invoking toplevel() on ptolemy.moml.MoMLSimpleApplication@705da993
reloadAllAccessors: .ExecNonZeroReturnOutput

===========================================================================================
----------------- testing Sun Jul 14 04:56:31 UTC 2019 /home/travis/build/icyphy/ptII/ptolemy/actor/lib/test/auto/ExecRunDemos.xml
----------------- Instantiating /home/travis/build/icyphy/ptII/ptolemy/actor/lib/test/auto/ExecRunDemos.xml
11271 ms. Memory: 547840K Free: 460088K (84%)

===========================================================================================
----------------- testing Sun Jul 14 04:56:42 UTC 2019 /home/travis/build/icyphy/ptII/ptolemy/actor/lib/test/auto/ExecStop.xml
----------------- Instantiating /home/travis/build/icyphy/ptII/ptolemy/actor/lib/test/auto/ExecStop.xml
5019 ms. Memory: 547840K Free: 323896K (59%)
----------------- Invoking toplevel() on ptolemy.moml.MoMLSimpleApplication@37bb0c6b
----------------- Done invoking toplevel() on ptolemy.moml.MoMLSimpleApplication@37bb0c6b
reloadAllAccessors: .ExecStop

===========================================================================================
----------------- testing Sun Jul 14 04:56:47 UTC 2019 /home/travis/build/icyphy/ptII/ptolemy/actor/lib/test/auto/ExecutionTimeSDF.xml
----------------- Instantiating /home/travis/build/icyphy/ptII/ptolemy/actor/lib/test/auto/ExecutionTimeSDF.xml
Fired ExecutionTime: -2025767296
Fired ExecutionTime: 1072400000
Fired ExecutionTime: -1046567296
6006 ms. Memory: 547840K Free: 311094K (57%)
----------------- Invoking toplevel() on ptolemy.moml.MoMLSimpleApplication@1984d8a6
----------------- Done invoking toplevel() on ptolemy.moml.MoMLSimpleApplication@1984d8a6
reloadAllAccessors: .ExecutionTimeSDF

===========================================================================================
----------------- testing Sun Jul 14 04:56:53 UTC 2019 /home/travis/build/icyphy/ptII/ptolemy/actor/lib/test/auto/Expression1.xml
----------------- Instantiating /home/travis/build/icyphy/ptII/ptolemy/actor/lib/test/auto/Expression1.xml
2 ms. Memory: 547840K Free: 308022K (56%)
----------------- Invoking toplevel() on ptolemy.moml.MoMLSimpleApplication@295cd89
----------------- Done invoking toplevel() on ptolemy.moml.MoMLSimpleApplication@295cd89
reloadAllAccessors: .Expression1

===========================================================================================
----------------- testing Sun Jul 14 04:56:53 UTC 2019 /home/travis/build/icyphy/ptII/ptolemy/actor/lib/test/auto/Expression10.xml
----------------- Instantiating /home/travis/build/icyphy/ptII/ptolemy/actor/lib/test/auto/Expression10.xml
10 ms. Memory: 547840K Free: 302392K (55%)
----------------- Invoking toplevel() on ptolemy.moml.MoMLSimpleApplication@1f6f98bf
----------------- Done invoking toplevel() on ptolemy.moml.MoMLSimpleApplication@1f6f98bf
reloadAllAccessors: .Expression10

===========================================================================================
----------------- testing Sun Jul 14 04:56:53 UTC 2019 /home/travis/build/icyphy/ptII/ptolemy/actor/lib/test/auto/Expression11.xml
----------------- Instantiating /home/travis/build/icyphy/ptII/ptolemy/actor/lib/test/auto/Expression11.xml
2 ms. Memory: 547840K Free: 297782K (54%)
----------------- Invoking toplevel() on ptolemy.moml.MoMLSimpleApplication@ad4da58
----------------- Done invoking toplevel() on ptolemy.moml.MoMLSimpleApplication@ad4da58
reloadAllAccessors: .Expression11

===========================================================================================
----------------- testing Sun Jul 14 04:56:54 UTC 2019 /home/travis/build/icyphy/ptII/ptolemy/actor/lib/test/auto/Expression12.xml
----------------- Instantiating /home/travis/build/icyphy/ptII/ptolemy/actor/lib/test/auto/Expression12.xml
3 ms. Memory: 547840K Free: 292152K (53%)
----------------- Invoking toplevel() on ptolemy.moml.MoMLSimpleApplication@6dddcb3f
----------------- Done invoking toplevel() on ptolemy.moml.MoMLSimpleApplication@6dddcb3f
reloadAllAccessors: .Expression12

===========================================================================================
----------------- testing Sun Jul 14 04:56:54 UTC 2019 /home/travis/build/icyphy/ptII/ptolemy/actor/lib/test/auto/Expression13.xml
----------------- Instantiating /home/travis/build/icyphy/ptII/ptolemy/actor/lib/test/auto/Expression13.xml
4 ms. Memory: 547840K Free: 287032K (52%)
----------------- Invoking toplevel() on ptolemy.moml.MoMLSimpleApplication@3dbd1686
----------------- Done invoking toplevel() on ptolemy.moml.MoMLSimpleApplication@3dbd1686
reloadAllAccessors: .Expression13

===========================================================================================
----------------- testing Sun Jul 14 04:56:54 UTC 2019 /home/travis/build/icyphy/ptII/ptolemy/actor/lib/test/auto/Expression14.xml
----------------- Instantiating /home/travis/build/icyphy/ptII/ptolemy/actor/lib/test/auto/Expression14.xml
7 ms. Memory: 547840K Free: 281398K (51%)
----------------- Invoking toplevel() on ptolemy.moml.MoMLSimpleApplication@1aa4a9b6
----------------- Done invoking toplevel() on ptolemy.moml.MoMLSimpleApplication@1aa4a9b6
reloadAllAccessors: .Expression14

===========================================================================================
----------------- testing Sun Jul 14 04:56:54 UTC 2019 /home/travis/build/icyphy/ptII/ptolemy/actor/lib/test/auto/Expression15.xml
----------------- Instantiating /home/travis/build/icyphy/ptII/ptolemy/actor/lib/test/auto/Expression15.xml
1 ms. Memory: 547840K Free: 277302K (51%)
----------------- Invoking toplevel() on ptolemy.moml.MoMLSimpleApplication@3c16558c
----------------- Done invoking toplevel() on ptolemy.moml.MoMLSimpleApplication@3c16558c
reloadAllAccessors: .Expression15

===========================================================================================
----------------- testing Sun Jul 14 04:56:54 UTC 2019 /home/travis/build/icyphy/ptII/ptolemy/actor/lib/test/auto/Expression16.xml
----------------- Instantiating /home/travis/build/icyphy/ptII/ptolemy/actor/lib/test/auto/Expression16.xml
4 ms. Memory: 547840K Free: 272182K (50%)
----------------- Invoking toplevel() on ptolemy.moml.MoMLSimpleApplication@631de61
----------------- Done invoking toplevel() on ptolemy.moml.MoMLSimpleApplication@631de61
reloadAllAccessors: .Expression16

===========================================================================================
----------------- testing Sun Jul 14 04:56:54 UTC 2019 /home/travis/build/icyphy/ptII/ptolemy/actor/lib/test/auto/Expression17.xml
----------------- Instantiating /home/travis/build/icyphy/ptII/ptolemy/actor/lib/test/auto/Expression17.xml
3 ms. Memory: 547840K Free: 267062K (49%)
----------------- Invoking toplevel() on ptolemy.moml.MoMLSimpleApplication@41b6a007
----------------- Done invoking toplevel() on ptolemy.moml.MoMLSimpleApplication@41b6a007
reloadAllAccessors: .Expression17

===========================================================================================
----------------- testing Sun Jul 14 04:56:54 UTC 2019 /home/travis/build/icyphy/ptII/ptolemy/actor/lib/test/auto/Expression18.xml
----------------- Instantiating /home/travis/build/icyphy/ptII/ptolemy/actor/lib/test/auto/Expression18.xml
3 ms. Memory: 547840K Free: 261942K (48%)
----------------- Invoking toplevel() on ptolemy.moml.MoMLSimpleApplication@4d95d6c7
----------------- Done invoking toplevel() on ptolemy.moml.MoMLSimpleApplication@4d95d6c7
reloadAllAccessors: .Expression18

===========================================================================================
----------------- testing Sun Jul 14 04:56:54 UTC 2019 /home/travis/build/icyphy/ptII/ptolemy/actor/lib/test/auto/Expression2.xml
----------------- Instantiating /home/travis/build/icyphy/ptII/ptolemy/actor/lib/test/auto/Expression2.xml
3 ms. Memory: 547840K Free: 256822K (47%)
----------------- Invoking toplevel() on ptolemy.moml.MoMLSimpleApplication@2d220709
----------------- Done invoking toplevel() on ptolemy.moml.MoMLSimpleApplication@2d220709
reloadAllAccessors: .Expression2

===========================================================================================
----------------- testing Sun Jul 14 04:56:54 UTC 2019 /home/travis/build/icyphy/ptII/ptolemy/actor/lib/test/auto/Expression3.xml
----------------- Instantiating /home/travis/build/icyphy/ptII/ptolemy/actor/lib/test/auto/Expression3.xml
7 ms. Memory: 547840K Free: 251702K (46%)
----------------- Invoking toplevel() on ptolemy.moml.MoMLSimpleApplication@660c1520
----------------- Done invoking toplevel() on ptolemy.moml.MoMLSimpleApplication@660c1520
reloadAllAccessors: .Expression3

===========================================================================================
----------------- testing Sun Jul 14 04:56:54 UTC 2019 /home/travis/build/icyphy/ptII/ptolemy/actor/lib/test/auto/Expression4.xml
----------------- Instantiating /home/travis/build/icyphy/ptII/ptolemy/actor/lib/test/auto/Expression4.xml
8 ms. Memory: 547840K Free: 244024K (45%)
----------------- Invoking toplevel() on ptolemy.moml.MoMLSimpleApplication@11f825c7
----------------- Done invoking toplevel() on ptolemy.moml.MoMLSimpleApplication@11f825c7
reloadAllAccessors: .Expression4

===========================================================================================
----------------- testing Sun Jul 14 04:56:54 UTC 2019 /home/travis/build/icyphy/ptII/ptolemy/actor/lib/test/auto/Expression5.xml
----------------- Instantiating /home/travis/build/icyphy/ptII/ptolemy/actor/lib/test/auto/Expression5.xml
3 ms. Memory: 547840K Free: 238904K (44%)
----------------- Invoking toplevel() on ptolemy.moml.MoMLSimpleApplication@21950471
----------------- Done invoking toplevel() on ptolemy.moml.MoMLSimpleApplication@21950471
reloadAllAccessors: .Expression5

===========================================================================================
----------------- testing Sun Jul 14 04:56:54 UTC 2019 /home/travis/build/icyphy/ptII/ptolemy/actor/lib/test/auto/Expression6.xml
----------------- Instantiating /home/travis/build/icyphy/ptII/ptolemy/actor/lib/test/auto/Expression6.xml
2 ms. Memory: 547840K Free: 234808K (43%)
----------------- Invoking toplevel() on ptolemy.moml.MoMLSimpleApplication@6592db79
----------------- Done invoking toplevel() on ptolemy.moml.MoMLSimpleApplication@6592db79
reloadAllAccessors: .Expression6

===========================================================================================
----------------- testing Sun Jul 14 04:56:54 UTC 2019 /home/travis/build/icyphy/ptII/ptolemy/actor/lib/test/auto/Expression7.xml
----------------- Instantiating /home/travis/build/icyphy/ptII/ptolemy/actor/lib/test/auto/Expression7.xml
2 ms. Memory: 547840K Free: 229688K (42%)
----------------- Invoking toplevel() on ptolemy.moml.MoMLSimpleApplication@67f41652
----------------- Done invoking toplevel() on ptolemy.moml.MoMLSimpleApplication@67f41652
reloadAllAccessors: .Expression7

===========================================================================================
----------------- testing Sun Jul 14 04:56:54 UTC 2019 /home/travis/build/icyphy/ptII/ptolemy/actor/lib/test/auto/Expression8.xml
----------------- Instantiating /home/travis/build/icyphy/ptII/ptolemy/actor/lib/test/auto/Expression8.xml
9 ms. Memory: 547840K Free: 224568K (41%)
----------------- Invoking toplevel() on ptolemy.moml.MoMLSimpleApplication@4c755ef9
----------------- Done invoking toplevel() on ptolemy.moml.MoMLSimpleApplication@4c755ef9
reloadAllAccessors: .Expression8

===========================================================================================
----------------- testing Sun Jul 14 04:56:54 UTC 2019 /home/travis/build/icyphy/ptII/ptolemy/actor/lib/test/auto/Expression9.xml
----------------- Instantiating /home/travis/build/icyphy/ptII/ptolemy/actor/lib/test/auto/Expression9.xml
1 ms. Memory: 547840K Free: 220472K (40%)
----------------- Invoking toplevel() on ptolemy.moml.MoMLSimpleApplication@5f8891df
----------------- Done invoking toplevel() on ptolemy.moml.MoMLSimpleApplication@5f8891df
reloadAllAccessors: .Expression9

===========================================================================================
----------------- testing Sun Jul 14 04:56:54 UTC 2019 /home/travis/build/icyphy/ptII/ptolemy/actor/lib/test/auto/ExpressionConcatenateArrayType.xml
----------------- Instantiating /home/travis/build/icyphy/ptII/ptolemy/actor/lib/test/auto/ExpressionConcatenateArrayType.xml
3 ms. Memory: 547840K Free: 213814K (39%)
----------------- Invoking toplevel() on ptolemy.moml.MoMLSimpleApplication@7b802c3b
----------------- Done invoking toplevel() on ptolemy.moml.MoMLSimpleApplication@7b802c3b
reloadAllAccessors: .ExpressionConcatenateArrayType

===========================================================================================
----------------- testing Sun Jul 14 04:56:54 UTC 2019 /home/travis/build/icyphy/ptII/ptolemy/actor/lib/test/auto/ExpressionConcatenateArrayType2.xml
----------------- Instantiating /home/travis/build/icyphy/ptII/ptolemy/actor/lib/test/auto/ExpressionConcatenateArrayType2.xml
3 ms. Memory: 547840K Free: 208184K (38%)
----------------- Invoking toplevel() on ptolemy.moml.MoMLSimpleApplication@3f3a8fbd
----------------- Done invoking toplevel() on ptolemy.moml.MoMLSimpleApplication@3f3a8fbd
reloadAllAccessors: .ExpressionConcatenateArrayType2

===========================================================================================
----------------- testing Sun Jul 14 04:56:54 UTC 2019 /home/travis/build/icyphy/ptII/ptolemy/actor/lib/test/auto/ExpressionFix.xml
----------------- Instantiating /home/travis/build/icyphy/ptII/ptolemy/actor/lib/test/auto/ExpressionFix.xml
18 ms. Memory: 547840K Free: 202040K (37%)
----------------- Invoking toplevel() on ptolemy.moml.MoMLSimpleApplication@3e217c96
----------------- Done invoking toplevel() on ptolemy.moml.MoMLSimpleApplication@3e217c96
reloadAllAccessors: .ExpressionFix

===========================================================================================
----------------- testing Sun Jul 14 04:56:54 UTC 2019 /home/travis/build/icyphy/ptII/ptolemy/actor/lib/test/auto/ExpressionFix2.xml
----------------- Instantiating /home/travis/build/icyphy/ptII/ptolemy/actor/lib/test/auto/ExpressionFix2.xml
8 ms. Memory: 547840K Free: 197944K (36%)
----------------- Invoking toplevel() on ptolemy.moml.MoMLSimpleApplication@24fde630
----------------- Done invoking toplevel() on ptolemy.moml.MoMLSimpleApplication@24fde630
reloadAllAccessors: .ExpressionFix2

===========================================================================================
----------------- testing Sun Jul 14 04:56:54 UTC 2019 /home/travis/build/icyphy/ptII/ptolemy/actor/lib/test/auto/ExpressionFix3.xml
----------------- Instantiating /home/travis/build/icyphy/ptII/ptolemy/actor/lib/test/auto/ExpressionFix3.xml
3 ms. Memory: 547840K Free: 193334K (35%)
----------------- Invoking toplevel() on ptolemy.moml.MoMLSimpleApplication@22fee817
----------------- Done invoking toplevel() on ptolemy.moml.MoMLSimpleApplication@22fee817
reloadAllAccessors: .ExpressionFix3

===========================================================================================
----------------- testing Sun Jul 14 04:56:54 UTC 2019 /home/travis/build/icyphy/ptII/ptolemy/actor/lib/test/auto/FileWriter1.xml
----------------- Instantiating /home/travis/build/icyphy/ptII/ptolemy/actor/lib/test/auto/FileWriter1.xml
2 ms. Memory: 547840K Free: 189238K (35%)
----------------- Invoking toplevel() on ptolemy.moml.MoMLSimpleApplication@1207cede
----------------- Done invoking toplevel() on ptolemy.moml.MoMLSimpleApplication@1207cede
reloadAllAccessors: .FileWriter1

===========================================================================================
----------------- testing Sun Jul 14 04:56:54 UTC 2019 /home/travis/build/icyphy/ptII/ptolemy/actor/lib/test/auto/FileWriter2.xml
----------------- Instantiating /home/travis/build/icyphy/ptII/ptolemy/actor/lib/test/auto/FileWriter2.xml
7 ms. Memory: 547840K Free: 184632K (34%)
----------------- Invoking toplevel() on ptolemy.moml.MoMLSimpleApplication@53eaaf65
----------------- Done invoking toplevel() on ptolemy.moml.MoMLSimpleApplication@53eaaf65
reloadAllAccessors: .FileWriter2

===========================================================================================
----------------- testing Sun Jul 14 04:56:54 UTC 2019 /home/travis/build/icyphy/ptII/ptolemy/actor/lib/test/auto/FileWriter3.xml
----------------- Instantiating /home/travis/build/icyphy/ptII/ptolemy/actor/lib/test/auto/FileWriter3.xml
5 ms. Memory: 547840K Free: 180536K (33%)
----------------- Invoking toplevel() on ptolemy.moml.MoMLSimpleApplication@64f51b30
----------------- Done invoking toplevel() on ptolemy.moml.MoMLSimpleApplication@64f51b30
reloadAllAccessors: .FileWriter3

===========================================================================================
----------------- testing Sun Jul 14 04:56:54 UTC 2019 /home/travis/build/icyphy/ptII/ptolemy/actor/lib/test/auto/Gaussian.xml
----------------- Instantiating /home/travis/build/icyphy/ptII/ptolemy/actor/lib/test/auto/Gaussian.xml
2 ms. Memory: 547840K Free: 495416K (90%)
----------------- Invoking toplevel() on ptolemy.moml.MoMLSimpleApplication@62c2d076
----------------- Done invoking toplevel() on ptolemy.moml.MoMLSimpleApplication@62c2d076
reloadAllAccessors: .Gaussian

===========================================================================================
----------------- testing Sun Jul 14 04:56:54 UTC 2019 /home/travis/build/icyphy/ptII/ptolemy/actor/lib/test/auto/Gaussian1.xml
----------------- Instantiating /home/travis/build/icyphy/ptII/ptolemy/actor/lib/test/auto/Gaussian1.xml
2 ms. Memory: 547840K Free: 489776K (89%)
----------------- Invoking toplevel() on ptolemy.moml.MoMLSimpleApplication@335ad796
----------------- Done invoking toplevel() on ptolemy.moml.MoMLSimpleApplication@335ad796
reloadAllAccessors: .Gaussian1

===========================================================================================
----------------- testing Sun Jul 14 04:56:54 UTC 2019 /home/travis/build/icyphy/ptII/ptolemy/actor/lib/test/auto/Gaussian2.xml
----------------- Instantiating /home/travis/build/icyphy/ptII/ptolemy/actor/lib/test/auto/Gaussian2.xml
1 ms. Memory: 547840K Free: 484152K (88%)
----------------- Invoking toplevel() on ptolemy.moml.MoMLSimpleApplication@46aa1332
----------------- Done invoking toplevel() on ptolemy.moml.MoMLSimpleApplication@46aa1332
reloadAllAccessors: .Gaussian2

===========================================================================================
----------------- testing Sun Jul 14 04:56:54 UTC 2019 /home/travis/build/icyphy/ptII/ptolemy/actor/lib/test/auto/GradientAdaptiveLattice.xml
----------------- Instantiating /home/travis/build/icyphy/ptII/ptolemy/actor/lib/test/auto/GradientAdaptiveLattice.xml
9 ms. Memory: 547840K Free: 479032K (87%)
----------------- Invoking toplevel() on ptolemy.moml.MoMLSimpleApplication@7bc5542a
----------------- Done invoking toplevel() on ptolemy.moml.MoMLSimpleApplication@7bc5542a
reloadAllAccessors: .GradientAdaptiveLattice

===========================================================================================
----------------- testing Sun Jul 14 04:56:54 UTC 2019 /home/travis/build/icyphy/ptII/ptolemy/actor/lib/test/auto/IIR.xml
----------------- Instantiating /home/travis/build/icyphy/ptII/ptolemy/actor/lib/test/auto/IIR.xml
2 ms. Memory: 547840K Free: 474422K (87%)
----------------- Invoking toplevel() on ptolemy.moml.MoMLSimpleApplication@224ae13b
----------------- Done invoking toplevel() on ptolemy.moml.MoMLSimpleApplication@224ae13b
reloadAllAccessors: .IIR

===========================================================================================
----------------- testing Sun Jul 14 04:56:54 UTC 2019 /home/travis/build/icyphy/ptII/ptolemy/actor/lib/test/auto/InputOutputTransparentPorts.xml
----------------- Instantiating /home/travis/build/icyphy/ptII/ptolemy/actor/lib/test/auto/InputOutputTransparentPorts.xml
2 ms. Memory: 547840K Free: 467254K (85%)
----------------- Invoking toplevel() on ptolemy.moml.MoMLSimpleApplication@4aec0af8
----------------- Done invoking toplevel() on ptolemy.moml.MoMLSimpleApplication@4aec0af8
reloadAllAccessors: .InputOutputTransparentPorts

===========================================================================================
----------------- testing Sun Jul 14 04:56:54 UTC 2019 /home/travis/build/icyphy/ptII/ptolemy/actor/lib/test/auto/Interpolator.xml
----------------- Instantiating /home/travis/build/icyphy/ptII/ptolemy/actor/lib/test/auto/Interpolator.xml
6 ms. Memory: 547840K Free: 463158K (85%)
----------------- Invoking toplevel() on ptolemy.moml.MoMLSimpleApplication@1a4610bd
----------------- Done invoking toplevel() on ptolemy.moml.MoMLSimpleApplication@1a4610bd
reloadAllAccessors: .Interpolator

===========================================================================================
----------------- testing Sun Jul 14 04:56:54 UTC 2019 /home/travis/build/icyphy/ptII/ptolemy/actor/lib/test/auto/InterpolatorFiringLimitDE.xml
----------------- Instantiating /home/travis/build/icyphy/ptII/ptolemy/actor/lib/test/auto/InterpolatorFiringLimitDE.xml
2 ms. Memory: 547840K Free: 457014K (83%)
----------------- Invoking toplevel() on ptolemy.moml.MoMLSimpleApplication@132670f2
----------------- Done invoking toplevel() on ptolemy.moml.MoMLSimpleApplication@132670f2
reloadAllAccessors: .InterpolatorFiringLimitDE

===========================================================================================
----------------- testing Sun Jul 14 04:56:54 UTC 2019 /home/travis/build/icyphy/ptII/ptolemy/actor/lib/test/auto/Lattice.xml
----------------- Instantiating /home/travis/build/icyphy/ptII/ptolemy/actor/lib/test/auto/Lattice.xml
1 ms. Memory: 547840K Free: 452918K (83%)
----------------- Invoking toplevel() on ptolemy.moml.MoMLSimpleApplication@66fcd90e
----------------- Done invoking toplevel() on ptolemy.moml.MoMLSimpleApplication@66fcd90e
reloadAllAccessors: .Lattice

===========================================================================================
----------------- testing Sun Jul 14 04:56:54 UTC 2019 /home/travis/build/icyphy/ptII/ptolemy/actor/lib/test/auto/LazyAOCTestLazy.xml
----------------- Instantiating /home/travis/build/icyphy/ptII/ptolemy/actor/lib/test/auto/LazyAOCTestLazy.xml
15 ms. Memory: 547840K Free: 446760K (82%)
----------------- Invoking toplevel() on ptolemy.moml.MoMLSimpleApplication@503b84f8
----------------- Done invoking toplevel() on ptolemy.moml.MoMLSimpleApplication@503b84f8
reloadAllAccessors: .LazyAOCTestLazy

===========================================================================================
----------------- testing Sun Jul 14 04:56:54 UTC 2019 /home/travis/build/icyphy/ptII/ptolemy/actor/lib/test/auto/LazyAOCTestNonLazy.xml
----------------- Instantiating /home/travis/build/icyphy/ptII/ptolemy/actor/lib/test/auto/LazyAOCTestNonLazy.xml
2 ms. Memory: 547840K Free: 440120K (80%)
----------------- Invoking toplevel() on ptolemy.moml.MoMLSimpleApplication@5828720
----------------- Done invoking toplevel() on ptolemy.moml.MoMLSimpleApplication@5828720
reloadAllAccessors: .LazyAOCTestNonLazy

===========================================================================================
----------------- testing Sun Jul 14 04:56:54 UTC 2019 /home/travis/build/icyphy/ptII/ptolemy/actor/lib/test/auto/LazyInnerClass.xml
----------------- Instantiating /home/travis/build/icyphy/ptII/ptolemy/actor/lib/test/auto/LazyInnerClass.xml
21 ms. Memory: 547840K Free: 431400K (79%)
----------------- Invoking toplevel() on ptolemy.moml.MoMLSimpleApplication@72537dd2
----------------- Done invoking toplevel() on ptolemy.moml.MoMLSimpleApplication@72537dd2
reloadAllAccessors: .LazyInnerClass

===========================================================================================
----------------- testing Sun Jul 14 04:56:54 UTC 2019 /home/travis/build/icyphy/ptII/ptolemy/actor/lib/test/auto/LazyPubSub.xml
----------------- Instantiating /home/travis/build/icyphy/ptII/ptolemy/actor/lib/test/auto/LazyPubSub.xml
25 ms. Memory: 547840K Free: 421174K (77%)
----------------- Invoking toplevel() on ptolemy.moml.MoMLSimpleApplication@7daa7826
----------------- Done invoking toplevel() on ptolemy.moml.MoMLSimpleApplication@7daa7826
reloadAllAccessors: .LazyPubSub

===========================================================================================
----------------- testing Sun Jul 14 04:56:54 UTC 2019 /home/travis/build/icyphy/ptII/ptolemy/actor/lib/test/auto/LazyPubSub2.xml
----------------- Instantiating /home/travis/build/icyphy/ptII/ptolemy/actor/lib/test/auto/LazyPubSub2.xml
24 ms. Memory: 547840K Free: 411448K (75%)
----------------- Invoking toplevel() on ptolemy.moml.MoMLSimpleApplication@3c997e98
----------------- Done invoking toplevel() on ptolemy.moml.MoMLSimpleApplication@3c997e98
reloadAllAccessors: .LazyPubSub2

===========================================================================================
----------------- testing Sun Jul 14 04:56:55 UTC 2019 /home/travis/build/icyphy/ptII/ptolemy/actor/lib/test/auto/LazyPubSub3.xml
----------------- Instantiating /home/travis/build/icyphy/ptII/ptolemy/actor/lib/test/auto/LazyPubSub3.xml
12 ms. Memory: 547840K Free: 401208K (73%)
----------------- Invoking toplevel() on ptolemy.moml.MoMLSimpleApplication@22300357
----------------- Done invoking toplevel() on ptolemy.moml.MoMLSimpleApplication@22300357
reloadAllAccessors: .LazyPubSub3

===========================================================================================
----------------- testing Sun Jul 14 04:56:55 UTC 2019 /home/travis/build/icyphy/ptII/ptolemy/actor/lib/test/auto/LazySubClassModel.xml
----------------- Instantiating /home/travis/build/icyphy/ptII/ptolemy/actor/lib/test/auto/LazySubClassModel.xml
2 ms. Memory: 547840K Free: 392502K (72%)
----------------- Invoking toplevel() on ptolemy.moml.MoMLSimpleApplication@72558abf
----------------- Done invoking toplevel() on ptolemy.moml.MoMLSimpleApplication@72558abf
reloadAllAccessors: .LazySubClassModel

===========================================================================================
----------------- testing Sun Jul 14 04:56:55 UTC 2019 /home/travis/build/icyphy/ptII/ptolemy/actor/lib/test/auto/LevelCrossTest1.xml
----------------- Instantiating /home/travis/build/icyphy/ptII/ptolemy/actor/lib/test/auto/LevelCrossTest1.xml
1 ms. Memory: 547840K Free: 386872K (71%)
----------------- Invoking toplevel() on ptolemy.moml.MoMLSimpleApplication@11657566
----------------- Done invoking toplevel() on ptolemy.moml.MoMLSimpleApplication@11657566
reloadAllAccessors: .broken

===========================================================================================
----------------- testing Sun Jul 14 04:56:55 UTC 2019 /home/travis/build/icyphy/ptII/ptolemy/actor/lib/test/auto/LevelCrossTest10.xml
----------------- Instantiating /home/travis/build/icyphy/ptII/ptolemy/actor/lib/test/auto/LevelCrossTest10.xml
1 ms. Memory: 547840K Free: 379704K (69%)
----------------- Invoking toplevel() on ptolemy.moml.MoMLSimpleApplication@7c61cd65
----------------- Done invoking toplevel() on ptolemy.moml.MoMLSimpleApplication@7c61cd65
reloadAllAccessors: .LevelCrossTest10

===========================================================================================
----------------- testing Sun Jul 14 04:56:55 UTC 2019 /home/travis/build/icyphy/ptII/ptolemy/actor/lib/test/auto/LevelCrossTest11.xml
----------------- Instantiating /home/travis/build/icyphy/ptII/ptolemy/actor/lib/test/auto/LevelCrossTest11.xml
1 ms. Memory: 547840K Free: 373046K (68%)
----------------- Invoking toplevel() on ptolemy.moml.MoMLSimpleApplication@bebaea7
----------------- Done invoking toplevel() on ptolemy.moml.MoMLSimpleApplication@bebaea7
reloadAllAccessors: .LevelCrossTest11

===========================================================================================
----------------- testing Sun Jul 14 04:56:55 UTC 2019 /home/travis/build/icyphy/ptII/ptolemy/actor/lib/test/auto/LevelCrossTest12.xml
----------------- Instantiating /home/travis/build/icyphy/ptII/ptolemy/actor/lib/test/auto/LevelCrossTest12.xml
4 ms. Memory: 547840K Free: 366392K (67%)
----------------- Invoking toplevel() on ptolemy.moml.MoMLSimpleApplication@6aa5e7f4
----------------- Done invoking toplevel() on ptolemy.moml.MoMLSimpleApplication@6aa5e7f4
reloadAllAccessors: .LevelCrossTest12

===========================================================================================
----------------- testing Sun Jul 14 04:56:55 UTC 2019 /home/travis/build/icyphy/ptII/ptolemy/actor/lib/test/auto/LevelCrossTest13.xml
----------------- Instantiating /home/travis/build/icyphy/ptII/ptolemy/actor/lib/test/auto/LevelCrossTest13.xml
1 ms. Memory: 547840K Free: 359224K (66%)
----------------- Invoking toplevel() on ptolemy.moml.MoMLSimpleApplication@738d65ab
----------------- Done invoking toplevel() on ptolemy.moml.MoMLSimpleApplication@738d65ab
reloadAllAccessors: .LevelCrossTest13

===========================================================================================
----------------- testing Sun Jul 14 04:56:55 UTC 2019 /home/travis/build/icyphy/ptII/ptolemy/actor/lib/test/auto/LevelCrossTest2.xml
----------------- Instantiating /home/travis/build/icyphy/ptII/ptolemy/actor/lib/test/auto/LevelCrossTest2.xml
2 ms. Memory: 547840K Free: 353590K (65%)
----------------- Invoking toplevel() on ptolemy.moml.MoMLSimpleApplication@4444c20c
----------------- Done invoking toplevel() on ptolemy.moml.MoMLSimpleApplication@4444c20c
reloadAllAccessors: .broken

===========================================================================================
----------------- testing Sun Jul 14 04:56:55 UTC 2019 /home/travis/build/icyphy/ptII/ptolemy/actor/lib/test/auto/LevelCrossTest3.xml
----------------- Instantiating /home/travis/build/icyphy/ptII/ptolemy/actor/lib/test/auto/LevelCrossTest3.xml
1 ms. Memory: 547840K Free: 347446K (63%)
----------------- Invoking toplevel() on ptolemy.moml.MoMLSimpleApplication@5b2d609a
----------------- Done invoking toplevel() on ptolemy.moml.MoMLSimpleApplication@5b2d609a
reloadAllAccessors: .LevelCrossTest3

===========================================================================================
----------------- testing Sun Jul 14 04:56:55 UTC 2019 /home/travis/build/icyphy/ptII/ptolemy/actor/lib/test/auto/LevelCrossTest4.xml
----------------- Instantiating /home/travis/build/icyphy/ptII/ptolemy/actor/lib/test/auto/LevelCrossTest4.xml
2 ms. Memory: 547840K Free: 342840K (63%)
----------------- Invoking toplevel() on ptolemy.moml.MoMLSimpleApplication@35a289d2
----------------- Done invoking toplevel() on ptolemy.moml.MoMLSimpleApplication@35a289d2
reloadAllAccessors: .broken

===========================================================================================
----------------- testing Sun Jul 14 04:56:55 UTC 2019 /home/travis/build/icyphy/ptII/ptolemy/actor/lib/test/auto/LevelCrossTest5.xml
----------------- Instantiating /home/travis/build/icyphy/ptII/ptolemy/actor/lib/test/auto/LevelCrossTest5.xml
2 ms. Memory: 547840K Free: 335672K (61%)
----------------- Invoking toplevel() on ptolemy.moml.MoMLSimpleApplication@6a3d268
----------------- Done invoking toplevel() on ptolemy.moml.MoMLSimpleApplication@6a3d268
reloadAllAccessors: .LevelCrossTest5

===========================================================================================
----------------- testing Sun Jul 14 04:56:55 UTC 2019 /home/travis/build/icyphy/ptII/ptolemy/actor/lib/test/auto/LevelCrossTest6.xml
----------------- Instantiating /home/travis/build/icyphy/ptII/ptolemy/actor/lib/test/auto/LevelCrossTest6.xml
1 ms. Memory: 547840K Free: 328504K (60%)
----------------- Invoking toplevel() on ptolemy.moml.MoMLSimpleApplication@256850b7
----------------- Done invoking toplevel() on ptolemy.moml.MoMLSimpleApplication@256850b7
reloadAllAccessors: .LevelCrossTest6

===========================================================================================
----------------- testing Sun Jul 14 04:56:55 UTC 2019 /home/travis/build/icyphy/ptII/ptolemy/actor/lib/test/auto/LevelCrossTest7.xml
----------------- Instantiating /home/travis/build/icyphy/ptII/ptolemy/actor/lib/test/auto/LevelCrossTest7.xml
7 ms. Memory: 547840K Free: 320822K (59%)
----------------- Invoking toplevel() on ptolemy.moml.MoMLSimpleApplication@8de741e
----------------- Done invoking toplevel() on ptolemy.moml.MoMLSimpleApplication@8de741e
reloadAllAccessors: .LevelCrossTest7

===========================================================================================
----------------- testing Sun Jul 14 04:56:55 UTC 2019 /home/travis/build/icyphy/ptII/ptolemy/actor/lib/test/auto/LevelCrossTest8.xml
----------------- Instantiating /home/travis/build/icyphy/ptII/ptolemy/actor/lib/test/auto/LevelCrossTest8.xml
2 ms. Memory: 547840K Free: 313144K (57%)
----------------- Invoking toplevel() on ptolemy.moml.MoMLSimpleApplication@573d3746
----------------- Done invoking toplevel() on ptolemy.moml.MoMLSimpleApplication@573d3746
reloadAllAccessors: .LevelCrossTest8

===========================================================================================
----------------- testing Sun Jul 14 04:56:55 UTC 2019 /home/travis/build/icyphy/ptII/ptolemy/actor/lib/test/auto/LevelCrossTest9.xml
----------------- Instantiating /home/travis/build/icyphy/ptII/ptolemy/actor/lib/test/auto/LevelCrossTest9.xml
2 ms. Memory: 547840K Free: 305976K (56%)
----------------- Invoking toplevel() on ptolemy.moml.MoMLSimpleApplication@315402b3
----------------- Done invoking toplevel() on ptolemy.moml.MoMLSimpleApplication@315402b3
reloadAllAccessors: .LevelCrossTest9

===========================================================================================
----------------- testing Sun Jul 14 04:56:55 UTC 2019 /home/travis/build/icyphy/ptII/ptolemy/actor/lib/test/auto/LevinsonDurbin.xml
----------------- Instantiating /home/travis/build/icyphy/ptII/ptolemy/actor/lib/test/auto/LevinsonDurbin.xml
1 ms. Memory: 547840K Free: 301880K (55%)
----------------- Invoking toplevel() on ptolemy.moml.MoMLSimpleApplication@2d206d5d
----------------- Done invoking toplevel() on ptolemy.moml.MoMLSimpleApplication@2d206d5d
reloadAllAccessors: .LevinsonDurbin

===========================================================================================
----------------- testing Sun Jul 14 04:56:55 UTC 2019 /home/travis/build/icyphy/ptII/ptolemy/actor/lib/test/auto/LevinsonDurbin2.xml
----------------- Instantiating /home/travis/build/icyphy/ptII/ptolemy/actor/lib/test/auto/LevinsonDurbin2.xml
14 ms. Memory: 547840K Free: 297784K (54%)
----------------- Invoking toplevel() on ptolemy.moml.MoMLSimpleApplication@5867621c
----------------- Done invoking toplevel() on ptolemy.moml.MoMLSimpleApplication@5867621c
reloadAllAccessors: .LevinsonDurbin2

===========================================================================================
----------------- testing Sun Jul 14 04:56:55 UTC 2019 /home/travis/build/icyphy/ptII/ptolemy/actor/lib/test/auto/LevinsonDurbin3.xml
----------------- Instantiating /home/travis/build/icyphy/ptII/ptolemy/actor/lib/test/auto/LevinsonDurbin3.xml
1 ms. Memory: 547840K Free: 293688K (54%)
----------------- Invoking toplevel() on ptolemy.moml.MoMLSimpleApplication@1a9f4b02
----------------- Done invoking toplevel() on ptolemy.moml.MoMLSimpleApplication@1a9f4b02
reloadAllAccessors: .LevinsonDurbin3

===========================================================================================
----------------- testing Sun Jul 14 04:56:55 UTC 2019 /home/travis/build/icyphy/ptII/ptolemy/actor/lib/test/auto/Limiter.xml
----------------- Instantiating /home/travis/build/icyphy/ptII/ptolemy/actor/lib/test/auto/Limiter.xml
4 ms. Memory: 547840K Free: 284472K (52%)
----------------- Invoking toplevel() on ptolemy.moml.MoMLSimpleApplication@7ee51852
----------------- Done invoking toplevel() on ptolemy.moml.MoMLSimpleApplication@7ee51852
reloadAllAccessors: .Limiter

===========================================================================================
----------------- testing Sun Jul 14 04:56:55 UTC 2019 /home/travis/build/icyphy/ptII/ptolemy/actor/lib/test/auto/LinearDifferenceEquationSystem.xml
----------------- Instantiating /home/travis/build/icyphy/ptII/ptolemy/actor/lib/test/auto/LinearDifferenceEquationSystem.xml
4 ms. Memory: 547840K Free: 276790K (51%)
----------------- Invoking toplevel() on ptolemy.moml.MoMLSimpleApplication@3eb72973
----------------- Done invoking toplevel() on ptolemy.moml.MoMLSimpleApplication@3eb72973
reloadAllAccessors: .LinearDifferenceEquationSystem

===========================================================================================
----------------- testing Sun Jul 14 04:56:55 UTC 2019 /home/travis/build/icyphy/ptII/ptolemy/actor/lib/test/auto/LookupTable.xml
----------------- Instantiating /home/travis/build/icyphy/ptII/ptolemy/actor/lib/test/auto/LookupTable.xml
1 ms. Memory: 547840K Free: 272694K (50%)
----------------- Invoking toplevel() on ptolemy.moml.MoMLSimpleApplication@77adb52b
----------------- Done invoking toplevel() on ptolemy.moml.MoMLSimpleApplication@77adb52b
reloadAllAccessors: .LookupTable

===========================================================================================
----------------- testing Sun Jul 14 04:56:55 UTC 2019 /home/travis/build/icyphy/ptII/ptolemy/actor/lib/test/auto/MathFunction.xml
----------------- Instantiating /home/travis/build/icyphy/ptII/ptolemy/actor/lib/test/auto/MathFunction.xml
3 ms. Memory: 547840K Free: 264502K (48%)
----------------- Invoking toplevel() on ptolemy.moml.MoMLSimpleApplication@1c7306b2
----------------- Done invoking toplevel() on ptolemy.moml.MoMLSimpleApplication@1c7306b2
reloadAllAccessors: .MathFunction

===========================================================================================
----------------- testing Sun Jul 14 04:56:55 UTC 2019 /home/travis/build/icyphy/ptII/ptolemy/actor/lib/test/auto/MathFunction2.xml
----------------- Instantiating /home/travis/build/icyphy/ptII/ptolemy/actor/lib/test/auto/MathFunction2.xml
1 ms. Memory: 547840K Free: 260406K (48%)
----------------- Invoking toplevel() on ptolemy.moml.MoMLSimpleApplication@5287fd78
----------------- Done invoking toplevel() on ptolemy.moml.MoMLSimpleApplication@5287fd78
reloadAllAccessors: .MathFunction2

===========================================================================================
----------------- testing Sun Jul 14 04:56:55 UTC 2019 /home/travis/build/icyphy/ptII/ptolemy/actor/lib/test/auto/MathFunction3.xml
----------------- Instantiating /home/travis/build/icyphy/ptII/ptolemy/actor/lib/test/auto/MathFunction3.xml
3 ms. Memory: 547840K Free: 253238K (46%)
----------------- Invoking toplevel() on ptolemy.moml.MoMLSimpleApplication@d38b49a
----------------- Done invoking toplevel() on ptolemy.moml.MoMLSimpleApplication@d38b49a
reloadAllAccessors: .MathFunction3

===========================================================================================
----------------- testing Sun Jul 14 04:56:55 UTC 2019 /home/travis/build/icyphy/ptII/ptolemy/actor/lib/test/auto/MatrixCropBoolean.xml
----------------- Instantiating /home/travis/build/icyphy/ptII/ptolemy/actor/lib/test/auto/MatrixCropBoolean.xml
2 ms. Memory: 547840K Free: 248088K (45%)
----------------- Invoking toplevel() on ptolemy.moml.MoMLSimpleApplication@14dfff97
----------------- Done invoking toplevel() on ptolemy.moml.MoMLSimpleApplication@14dfff97
reloadAllAccessors: .MatrixCropBoolean

===========================================================================================
----------------- testing Sun Jul 14 04:56:55 UTC 2019 /home/travis/build/icyphy/ptII/ptolemy/actor/lib/test/auto/MatrixCropComplex.xml
----------------- Instantiating /home/travis/build/icyphy/ptII/ptolemy/actor/lib/test/auto/MatrixCropComplex.xml
1 ms. Memory: 547840K Free: 243512K (44%)
----------------- Invoking toplevel() on ptolemy.moml.MoMLSimpleApplication@399c1abe
----------------- Done invoking toplevel() on ptolemy.moml.MoMLSimpleApplication@399c1abe
reloadAllAccessors: .MatrixCropComplex

===========================================================================================
----------------- testing Sun Jul 14 04:56:55 UTC 2019 /home/travis/build/icyphy/ptII/ptolemy/actor/lib/test/auto/MatrixCropDouble.xml
----------------- Instantiating /home/travis/build/icyphy/ptII/ptolemy/actor/lib/test/auto/MatrixCropDouble.xml
2 ms. Memory: 547840K Free: 238392K (44%)
----------------- Invoking toplevel() on ptolemy.moml.MoMLSimpleApplication@5c44af41
----------------- Done invoking toplevel() on ptolemy.moml.MoMLSimpleApplication@5c44af41
reloadAllAccessors: .MatrixCropDouble

===========================================================================================
----------------- testing Sun Jul 14 04:56:55 UTC 2019 /home/travis/build/icyphy/ptII/ptolemy/actor/lib/test/auto/MatrixCropFix.xml
----------------- Instantiating /home/travis/build/icyphy/ptII/ptolemy/actor/lib/test/auto/MatrixCropFix.xml
4 ms. Memory: 547840K Free: 233272K (43%)
----------------- Invoking toplevel() on ptolemy.moml.MoMLSimpleApplication@1d818d5
----------------- Done invoking toplevel() on ptolemy.moml.MoMLSimpleApplication@1d818d5
reloadAllAccessors: .MatrixCropFix

===========================================================================================
----------------- testing Sun Jul 14 04:56:55 UTC 2019 /home/travis/build/icyphy/ptII/ptolemy/actor/lib/test/auto/MatrixCropInt.xml
----------------- Instantiating /home/travis/build/icyphy/ptII/ptolemy/actor/lib/test/auto/MatrixCropInt.xml
2 ms. Memory: 547840K Free: 228152K (42%)
----------------- Invoking toplevel() on ptolemy.moml.MoMLSimpleApplication@2b220186
----------------- Done invoking toplevel() on ptolemy.moml.MoMLSimpleApplication@2b220186
reloadAllAccessors: .MatrixCropInt

===========================================================================================
----------------- testing Sun Jul 14 04:56:55 UTC 2019 /home/travis/build/icyphy/ptII/ptolemy/actor/lib/test/auto/MatrixCropLong.xml
----------------- Instantiating /home/travis/build/icyphy/ptII/ptolemy/actor/lib/test/auto/MatrixCropLong.xml
2 ms. Memory: 547840K Free: 223032K (41%)
----------------- Invoking toplevel() on ptolemy.moml.MoMLSimpleApplication@26dbfddf
----------------- Done invoking toplevel() on ptolemy.moml.MoMLSimpleApplication@26dbfddf
reloadAllAccessors: .MatrixCropLong

===========================================================================================
----------------- testing Sun Jul 14 04:56:55 UTC 2019 /home/travis/build/icyphy/ptII/ptolemy/actor/lib/test/auto/MatrixToArray.xml
----------------- Instantiating /home/travis/build/icyphy/ptII/ptolemy/actor/lib/test/auto/MatrixToArray.xml
7 ms. Memory: 547840K Free: 208182K (38%)
----------------- Invoking toplevel() on ptolemy.moml.MoMLSimpleApplication@680b65ec
----------------- Done invoking toplevel() on ptolemy.moml.MoMLSimpleApplication@680b65ec
reloadAllAccessors: .MatrixToArray

===========================================================================================
----------------- testing Sun Jul 14 04:56:55 UTC 2019 /home/travis/build/icyphy/ptII/ptolemy/actor/lib/test/auto/MaxIndex.xml
----------------- Instantiating /home/travis/build/icyphy/ptII/ptolemy/actor/lib/test/auto/MaxIndex.xml
2 ms. Memory: 547840K Free: 203062K (37%)
----------------- Invoking toplevel() on ptolemy.moml.MoMLSimpleApplication@46899938
----------------- Done invoking toplevel() on ptolemy.moml.MoMLSimpleApplication@46899938
reloadAllAccessors: .MaxIndex

===========================================================================================
----------------- testing Sun Jul 14 04:56:55 UTC 2019 /home/travis/build/icyphy/ptII/ptolemy/actor/lib/test/auto/Maximum.xml
----------------- Instantiating /home/travis/build/icyphy/ptII/ptolemy/actor/lib/test/auto/Maximum.xml
9 ms. Memory: 547840K Free: 196408K (36%)
----------------- Invoking toplevel() on ptolemy.moml.MoMLSimpleApplication@7b42d3bb
----------------- Done invoking toplevel() on ptolemy.moml.MoMLSimpleApplication@7b42d3bb
reloadAllAccessors: .Maximum

===========================================================================================
----------------- testing Sun Jul 14 04:56:55 UTC 2019 /home/travis/build/icyphy/ptII/ptolemy/actor/lib/test/auto/MaximumComplex.xml
----------------- Instantiating /home/travis/build/icyphy/ptII/ptolemy/actor/lib/test/auto/MaximumComplex.xml
5 ms. Memory: 547840K Free: 190264K (35%)
----------------- Invoking toplevel() on ptolemy.moml.MoMLSimpleApplication@19d6f77b
----------------- Done invoking toplevel() on ptolemy.moml.MoMLSimpleApplication@19d6f77b
reloadAllAccessors: .MaximumComplex

===========================================================================================
----------------- testing Sun Jul 14 04:56:55 UTC 2019 /home/travis/build/icyphy/ptII/ptolemy/actor/lib/test/auto/MethodCallTest.xml
----------------- Instantiating /home/travis/build/icyphy/ptII/ptolemy/actor/lib/test/auto/MethodCallTest.xml
2 ms. Memory: 547840K Free: 183606K (34%)
----------------- Invoking toplevel() on ptolemy.moml.MoMLSimpleApplication@5b2254b7
----------------- Done invoking toplevel() on ptolemy.moml.MoMLSimpleApplication@5b2254b7
reloadAllAccessors: .MethodCallTest

===========================================================================================
----------------- testing Sun Jul 14 04:56:55 UTC 2019 /home/travis/build/icyphy/ptII/ptolemy/actor/lib/test/auto/Minimum.xml
----------------- Instantiating /home/travis/build/icyphy/ptII/ptolemy/actor/lib/test/auto/Minimum.xml
2 ms. Memory: 547840K Free: 495414K (90%)
----------------- Invoking toplevel() on ptolemy.moml.MoMLSimpleApplication@56114019
----------------- Done invoking toplevel() on ptolemy.moml.MoMLSimpleApplication@56114019
reloadAllAccessors: .Minimum

===========================================================================================
----------------- testing Sun Jul 14 04:56:55 UTC 2019 /home/travis/build/icyphy/ptII/ptolemy/actor/lib/test/auto/MinimumComplex.xml
----------------- Instantiating /home/travis/build/icyphy/ptII/ptolemy/actor/lib/test/auto/MinimumComplex.xml
3 ms. Memory: 547840K Free: 489256K (89%)
----------------- Invoking toplevel() on ptolemy.moml.MoMLSimpleApplication@1cf9bfe6
----------------- Done invoking toplevel() on ptolemy.moml.MoMLSimpleApplication@1cf9bfe6
reloadAllAccessors: .MinimumComplex

===========================================================================================
----------------- testing Sun Jul 14 04:56:55 UTC 2019 /home/travis/build/icyphy/ptII/ptolemy/actor/lib/test/auto/MinimumMultiports.xml
----------------- Instantiating /home/travis/build/icyphy/ptII/ptolemy/actor/lib/test/auto/MinimumMultiports.xml
5 ms. Memory: 547840K Free: 480568K (88%)
----------------- Invoking toplevel() on ptolemy.moml.MoMLSimpleApplication@1b8914c1
----------------- Done invoking toplevel() on ptolemy.moml.MoMLSimpleApplication@1b8914c1
reloadAllAccessors: .MinimumMultiports

===========================================================================================
----------------- testing Sun Jul 14 04:56:55 UTC 2019 /home/travis/build/icyphy/ptII/ptolemy/actor/lib/test/auto/ModifyDate.xml
----------------- Instantiating /home/travis/build/icyphy/ptII/ptolemy/actor/lib/test/auto/ModifyDate.xml
11 ms. Memory: 547840K Free: 467763K (85%)
----------------- Invoking toplevel() on ptolemy.moml.MoMLSimpleApplication@1bcc94f1
----------------- Done invoking toplevel() on ptolemy.moml.MoMLSimpleApplication@1bcc94f1
reloadAllAccessors: .ModifyDate

===========================================================================================
----------------- testing Sun Jul 14 04:56:55 UTC 2019 /home/travis/build/icyphy/ptII/ptolemy/actor/lib/test/auto/ModifyDate2.xml
----------------- Instantiating /home/travis/build/icyphy/ptII/ptolemy/actor/lib/test/auto/ModifyDate2.xml
3 ms. Memory: 547840K Free: 459064K (84%)
----------------- Invoking toplevel() on ptolemy.moml.MoMLSimpleApplication@38f572f4
----------------- Done invoking toplevel() on ptolemy.moml.MoMLSimpleApplication@38f572f4
reloadAllAccessors: .ModifyDate2

===========================================================================================
----------------- testing Sun Jul 14 04:56:56 UTC 2019 /home/travis/build/icyphy/ptII/ptolemy/actor/lib/test/auto/MovingAverage.xml
----------------- Instantiating /home/travis/build/icyphy/ptII/ptolemy/actor/lib/test/auto/MovingAverage.xml
1 ms. Memory: 547840K Free: 453944K (83%)
----------------- Invoking toplevel() on ptolemy.moml.MoMLSimpleApplication@21897d8d
----------------- Done invoking toplevel() on ptolemy.moml.MoMLSimpleApplication@21897d8d
reloadAllAccessors: .MovingAverage

===========================================================================================
----------------- testing Sun Jul 14 04:56:56 UTC 2019 /home/travis/build/icyphy/ptII/ptolemy/actor/lib/test/auto/MovingMaximum.xml
----------------- Instantiating /home/travis/build/icyphy/ptII/ptolemy/actor/lib/test/auto/MovingMaximum.xml
1 ms. Memory: 547840K Free: 449334K (82%)
----------------- Invoking toplevel() on ptolemy.moml.MoMLSimpleApplication@e3b8a0e
----------------- Done invoking toplevel() on ptolemy.moml.MoMLSimpleApplication@e3b8a0e
reloadAllAccessors: .MovingMaximum

===========================================================================================
----------------- testing Sun Jul 14 04:56:56 UTC 2019 /home/travis/build/icyphy/ptII/ptolemy/actor/lib/test/auto/MultipleLinksToSameRelation.xml
----------------- Instantiating /home/travis/build/icyphy/ptII/ptolemy/actor/lib/test/auto/MultipleLinksToSameRelation.xml
3 ms. Memory: 547840K Free: 445238K (81%)
----------------- Invoking toplevel() on ptolemy.moml.MoMLSimpleApplication@1f61f9f5
----------------- Done invoking toplevel() on ptolemy.moml.MoMLSimpleApplication@1f61f9f5
reloadAllAccessors: .MultipleLinksToSameRelation

===========================================================================================
----------------- testing Sun Jul 14 04:56:56 UTC 2019 /home/travis/build/icyphy/ptII/ptolemy/actor/lib/test/auto/MultipleLinksToSameRelationDE.xml
----------------- Instantiating /home/travis/build/icyphy/ptII/ptolemy/actor/lib/test/auto/MultipleLinksToSameRelationDE.xml
1 ms. Memory: 547840K Free: 440632K (80%)
----------------- Invoking toplevel() on ptolemy.moml.MoMLSimpleApplication@5e086e22
----------------- Done invoking toplevel() on ptolemy.moml.MoMLSimpleApplication@5e086e22
reloadAllAccessors: .MultipleLinksToSameRelationDE

===========================================================================================
----------------- testing Sun Jul 14 04:56:56 UTC 2019 /home/travis/build/icyphy/ptII/ptolemy/actor/lib/test/auto/Multiplexor.xml
----------------- Instantiating /home/travis/build/icyphy/ptII/ptolemy/actor/lib/test/auto/Multiplexor.xml
2 ms. Memory: 547840K Free: 434998K (79%)
----------------- Invoking toplevel() on ptolemy.moml.MoMLSimpleApplication@4f2b33f3
----------------- Done invoking toplevel() on ptolemy.moml.MoMLSimpleApplication@4f2b33f3
reloadAllAccessors: .Multiplexor

===========================================================================================
----------------- testing Sun Jul 14 04:56:56 UTC 2019 /home/travis/build/icyphy/ptII/ptolemy/actor/lib/test/auto/Multiplexor1.xml
----------------- Instantiating /home/travis/build/icyphy/ptII/ptolemy/actor/lib/test/auto/Multiplexor1.xml
1 ms. Memory: 547840K Free: 429368K (78%)
----------------- Invoking toplevel() on ptolemy.moml.MoMLSimpleApplication@74f32e71
----------------- Done invoking toplevel() on ptolemy.moml.MoMLSimpleApplication@74f32e71
reloadAllAccessors: .Multiplexor1

===========================================================================================
----------------- testing Sun Jul 14 04:56:56 UTC 2019 /home/travis/build/icyphy/ptII/ptolemy/actor/lib/test/auto/Multiplexor2.xml
----------------- Instantiating /home/travis/build/icyphy/ptII/ptolemy/actor/lib/test/auto/Multiplexor2.xml
6 ms. Memory: 547840K Free: 422710K (77%)
----------------- Invoking toplevel() on ptolemy.moml.MoMLSimpleApplication@5777325f
----------------- Done invoking toplevel() on ptolemy.moml.MoMLSimpleApplication@5777325f
reloadAllAccessors: .Multiplexor2

===========================================================================================
----------------- testing Sun Jul 14 04:56:56 UTC 2019 /home/travis/build/icyphy/ptII/ptolemy/actor/lib/test/auto/Multiplexor3.xml
----------------- Instantiating /home/travis/build/icyphy/ptII/ptolemy/actor/lib/test/auto/Multiplexor3.xml
2 ms. Memory: 547840K Free: 418614K (76%)
----------------- Invoking toplevel() on ptolemy.moml.MoMLSimpleApplication@1ba2c8bf
----------------- Done invoking toplevel() on ptolemy.moml.MoMLSimpleApplication@1ba2c8bf
reloadAllAccessors: .Multiplexor3

===========================================================================================
----------------- testing Sun Jul 14 04:56:56 UTC 2019 /home/travis/build/icyphy/ptII/ptolemy/actor/lib/test/auto/MultiplexorDE.xml
----------------- Instantiating /home/travis/build/icyphy/ptII/ptolemy/actor/lib/test/auto/MultiplexorDE.xml
2 ms. Memory: 547840K Free: 410936K (75%)
----------------- Invoking toplevel() on ptolemy.moml.MoMLSimpleApplication@6526adf0
----------------- Done invoking toplevel() on ptolemy.moml.MoMLSimpleApplication@6526adf0
reloadAllAccessors: .MultiplexorDE

===========================================================================================
----------------- testing Sun Jul 14 04:56:56 UTC 2019 /home/travis/build/icyphy/ptII/ptolemy/actor/lib/test/auto/MultiportBroadcastTest.xml
----------------- Instantiating /home/travis/build/icyphy/ptII/ptolemy/actor/lib/test/auto/MultiportBroadcastTest.xml
90 ms. Memory: 547840K Free: 404792K (74%)
----------------- Invoking toplevel() on ptolemy.moml.MoMLSimpleApplication@6944a912
----------------- Done invoking toplevel() on ptolemy.moml.MoMLSimpleApplication@6944a912
reloadAllAccessors: .MultiportBroadcastTest

===========================================================================================
----------------- testing Sun Jul 14 04:56:56 UTC 2019 /home/travis/build/icyphy/ptII/ptolemy/actor/lib/test/auto/MultiportOutHangDuringGetWidth.xml
----------------- Instantiating /home/travis/build/icyphy/ptII/ptolemy/actor/lib/test/auto/MultiportOutHangDuringGetWidth.xml
5 ms. Memory: 547840K Free: 392984K (72%)
----------------- Invoking toplevel() on ptolemy.moml.MoMLSimpleApplication@9c2dda5
----------------- Done invoking toplevel() on ptolemy.moml.MoMLSimpleApplication@9c2dda5
reloadAllAccessors: .MultiportOutHangDuringGetWidth

===========================================================================================
----------------- testing Sun Jul 14 04:56:56 UTC 2019 /home/travis/build/icyphy/ptII/ptolemy/actor/lib/test/auto/NilToken.xml
----------------- Instantiating /home/travis/build/icyphy/ptII/ptolemy/actor/lib/test/auto/NilToken.xml
1 ms. Memory: 547840K Free: 388918K (71%)
----------------- Invoking toplevel() on ptolemy.moml.MoMLSimpleApplication@25fbd5ab
----------------- Done invoking toplevel() on ptolemy.moml.MoMLSimpleApplication@25fbd5ab
reloadAllAccessors: .NilToken

===========================================================================================
----------------- testing Sun Jul 14 04:56:56 UTC 2019 /home/travis/build/icyphy/ptII/ptolemy/actor/lib/test/auto/NilTokenNonStrictTest.xml
----------------- Instantiating /home/travis/build/icyphy/ptII/ptolemy/actor/lib/test/auto/NilTokenNonStrictTest.xml
1 ms. Memory: 547840K Free: 383798K (70%)
----------------- Invoking toplevel() on ptolemy.moml.MoMLSimpleApplication@48d763f6
----------------- Done invoking toplevel() on ptolemy.moml.MoMLSimpleApplication@48d763f6
reloadAllAccessors: .NilTokenNonStrictTest

===========================================================================================
----------------- testing Sun Jul 14 04:56:56 UTC 2019 /home/travis/build/icyphy/ptII/ptolemy/actor/lib/test/auto/NilTokenRecord.xml
----------------- Instantiating /home/travis/build/icyphy/ptII/ptolemy/actor/lib/test/auto/NilTokenRecord.xml
14 ms. Memory: 547840K Free: 377144K (69%)
----------------- Invoking toplevel() on ptolemy.moml.MoMLSimpleApplication@35eeef00
----------------- Done invoking toplevel() on ptolemy.moml.MoMLSimpleApplication@35eeef00
reloadAllAccessors: .NilTokenRecord

===========================================================================================
----------------- testing Sun Jul 14 04:56:56 UTC 2019 /home/travis/build/icyphy/ptII/ptolemy/actor/lib/test/auto/NilTokenTypeTest.xml
----------------- Instantiating /home/travis/build/icyphy/ptII/ptolemy/actor/lib/test/auto/NilTokenTypeTest.xml
5 ms. Memory: 547840K Free: 367414K (67%)
----------------- Invoking toplevel() on ptolemy.moml.MoMLSimpleApplication@516230c3
----------------- Done invoking toplevel() on ptolemy.moml.MoMLSimpleApplication@516230c3
reloadAllAccessors: .NilTokenTypeTest

===========================================================================================
----------------- testing Sun Jul 14 04:56:56 UTC 2019 /home/travis/build/icyphy/ptII/ptolemy/actor/lib/test/auto/ObjectToken1.xml
----------------- Instantiating /home/travis/build/icyphy/ptII/ptolemy/actor/lib/test/auto/ObjectToken1.xml
1 ms. Memory: 547840K Free: 363318K (66%)
----------------- Invoking toplevel() on ptolemy.moml.MoMLSimpleApplication@3ac404dc
----------------- Done invoking toplevel() on ptolemy.moml.MoMLSimpleApplication@3ac404dc
reloadAllAccessors: .ObjectToken1

===========================================================================================
----------------- testing Sun Jul 14 04:56:56 UTC 2019 /home/travis/build/icyphy/ptII/ptolemy/actor/lib/test/auto/OrderedMerge.xml
----------------- Instantiating /home/travis/build/icyphy/ptII/ptolemy/actor/lib/test/auto/OrderedMerge.xml
19 ms. Memory: 547840K Free: 357688K (65%)
----------------- Invoking toplevel() on ptolemy.moml.MoMLSimpleApplication@1891eb41
----------------- Done invoking toplevel() on ptolemy.moml.MoMLSimpleApplication@1891eb41
reloadAllAccessors: .OrderedMerge

===========================================================================================
----------------- testing Sun Jul 14 04:56:56 UTC 2019 /home/travis/build/icyphy/ptII/ptolemy/actor/lib/test/auto/OrderedRecordDisassembler.xml
----------------- Instantiating /home/travis/build/icyphy/ptII/ptolemy/actor/lib/test/auto/OrderedRecordDisassembler.xml
3 ms. Memory: 547840K Free: 352024K (64%)
----------------- Invoking toplevel() on ptolemy.moml.MoMLSimpleApplication@1a28bad4
----------------- Done invoking toplevel() on ptolemy.moml.MoMLSimpleApplication@1a28bad4
reloadAllAccessors: .OrderedRecordDisassembler

===========================================================================================
----------------- testing Sun Jul 14 04:56:56 UTC 2019 /home/travis/build/icyphy/ptII/ptolemy/actor/lib/test/auto/OrderedRecordDisassembler2.xml
----------------- Instantiating /home/travis/build/icyphy/ptII/ptolemy/actor/lib/test/auto/OrderedRecordDisassembler2.xml
4 ms. Memory: 547840K Free: 344376K (63%)
----------------- Invoking toplevel() on ptolemy.moml.MoMLSimpleApplication@1d7cadd0
----------------- Done invoking toplevel() on ptolemy.moml.MoMLSimpleApplication@1d7cadd0
reloadAllAccessors: .OrderedRecordDisassembler2

===========================================================================================
----------------- testing Sun Jul 14 04:56:56 UTC 2019 /home/travis/build/icyphy/ptII/ptolemy/actor/lib/test/auto/OrderedRecordUpdater.xml
----------------- Instantiating /home/travis/build/icyphy/ptII/ptolemy/actor/lib/test/auto/OrderedRecordUpdater.xml
1 ms. Memory: 547840K Free: 339256K (62%)
----------------- Invoking toplevel() on ptolemy.moml.MoMLSimpleApplication@6afa352
----------------- Done invoking toplevel() on ptolemy.moml.MoMLSimpleApplication@6afa352
reloadAllAccessors: .RecordUpdater

===========================================================================================
----------------- testing Sun Jul 14 04:56:56 UTC 2019 /home/travis/build/icyphy/ptII/ptolemy/actor/lib/test/auto/OrderedRecordUpdater2.xml
----------------- Instantiating /home/travis/build/icyphy/ptII/ptolemy/actor/lib/test/auto/OrderedRecordUpdater2.xml
2 ms. Memory: 547840K Free: 334646K (61%)
----------------- Invoking toplevel() on ptolemy.moml.MoMLSimpleApplication@5f600367
----------------- Done invoking toplevel() on ptolemy.moml.MoMLSimpleApplication@5f600367
reloadAllAccessors: .RecordUpdater2

===========================================================================================
----------------- testing Sun Jul 14 04:56:56 UTC 2019 /home/travis/build/icyphy/ptII/ptolemy/actor/lib/test/auto/PhaseUnwrap.xml
----------------- Instantiating /home/travis/build/icyphy/ptII/ptolemy/actor/lib/test/auto/PhaseUnwrap.xml
1 ms. Memory: 547840K Free: 330040K (60%)
----------------- Invoking toplevel() on ptolemy.moml.MoMLSimpleApplication@396336ae
----------------- Done invoking toplevel() on ptolemy.moml.MoMLSimpleApplication@396336ae
reloadAllAccessors: .PhaseUnwrap

===========================================================================================
----------------- testing Sun Jul 14 04:56:56 UTC 2019 /home/travis/build/icyphy/ptII/ptolemy/actor/lib/test/auto/PoissonClock.xml
----------------- Instantiating /home/travis/build/icyphy/ptII/ptolemy/actor/lib/test/auto/PoissonClock.xml
1 ms. Memory: 547840K Free: 325944K (59%)
----------------- Invoking toplevel() on ptolemy.moml.MoMLSimpleApplication@5877d270
----------------- Done invoking toplevel() on ptolemy.moml.MoMLSimpleApplication@5877d270
reloadAllAccessors: .PoissonClock

===========================================================================================
----------------- testing Sun Jul 14 04:56:56 UTC 2019 /home/travis/build/icyphy/ptII/ptolemy/actor/lib/test/auto/PoissonClock2.xml
----------------- Instantiating /home/travis/build/icyphy/ptII/ptolemy/actor/lib/test/auto/PoissonClock2.xml
2 ms. Memory: 547840K Free: 321848K (59%)
----------------- Invoking toplevel() on ptolemy.moml.MoMLSimpleApplication@5bf325b0
----------------- Done invoking toplevel() on ptolemy.moml.MoMLSimpleApplication@5bf325b0
reloadAllAccessors: .PoissonClock2

===========================================================================================
----------------- testing Sun Jul 14 04:56:56 UTC 2019 /home/travis/build/icyphy/ptII/ptolemy/actor/lib/test/auto/PoissonClock3.xml
----------------- Instantiating /home/travis/build/icyphy/ptII/ptolemy/actor/lib/test/auto/PoissonClock3.xml
1 ms. Memory: 547840K Free: 317238K (58%)
----------------- Invoking toplevel() on ptolemy.moml.MoMLSimpleApplication@56a8ffa3
----------------- Done invoking toplevel() on ptolemy.moml.MoMLSimpleApplication@56a8ffa3
reloadAllAccessors: .PoissonClock3

===========================================================================================
----------------- testing Sun Jul 14 04:56:56 UTC 2019 /home/travis/build/icyphy/ptII/ptolemy/actor/lib/test/auto/PubSubWithInitialTokens.xml
----------------- Instantiating /home/travis/build/icyphy/ptII/ptolemy/actor/lib/test/auto/PubSubWithInitialTokens.xml
3 ms. Memory: 547840K Free: 311608K (57%)
----------------- Invoking toplevel() on ptolemy.moml.MoMLSimpleApplication@30bca5d7
----------------- Done invoking toplevel() on ptolemy.moml.MoMLSimpleApplication@30bca5d7
reloadAllAccessors: .PubSubWithInitialTokens

===========================================================================================
----------------- testing Sun Jul 14 04:56:56 UTC 2019 /home/travis/build/icyphy/ptII/ptolemy/actor/lib/test/auto/PubSubWithInitialTokens2.xml
----------------- Instantiating /home/travis/build/icyphy/ptII/ptolemy/actor/lib/test/auto/PubSubWithInitialTokens2.xml
2 ms. Memory: 547840K Free: 305464K (56%)
----------------- Invoking toplevel() on ptolemy.moml.MoMLSimpleApplication@27e22ea7
----------------- Done invoking toplevel() on ptolemy.moml.MoMLSimpleApplication@27e22ea7
reloadAllAccessors: .PubSubWithInitialTokens2

===========================================================================================
----------------- testing Sun Jul 14 04:56:56 UTC 2019 /home/travis/build/icyphy/ptII/ptolemy/actor/lib/test/auto/PublisherClassNoParameter.xml
----------------- Instantiating /home/travis/build/icyphy/ptII/ptolemy/actor/lib/test/auto/PublisherClassNoParameter.xml
2 ms. Memory: 547840K Free: 295734K (54%)
----------------- Invoking toplevel() on ptolemy.moml.MoMLSimpleApplication@4fe9608
----------------- Done invoking toplevel() on ptolemy.moml.MoMLSimpleApplication@4fe9608
reloadAllAccessors: .PublisherClassNoParameter

===========================================================================================
----------------- testing Sun Jul 14 04:56:56 UTC 2019 /home/travis/build/icyphy/ptII/ptolemy/actor/lib/test/auto/PublisherClassParameter.xml
----------------- Instantiating /home/travis/build/icyphy/ptII/ptolemy/actor/lib/test/auto/PublisherClassParameter.xml
3 ms. Memory: 547840K Free: 285488K (52%)
----------------- Invoking toplevel() on ptolemy.moml.MoMLSimpleApplication@8537e98
----------------- Done invoking toplevel() on ptolemy.moml.MoMLSimpleApplication@8537e98
reloadAllAccessors: .PublisherClassParameter

===========================================================================================
----------------- testing Sun Jul 14 04:56:56 UTC 2019 /home/travis/build/icyphy/ptII/ptolemy/actor/lib/test/auto/PublisherNonStrictTest.xml
----------------- Instantiating /home/travis/build/icyphy/ptII/ptolemy/actor/lib/test/auto/PublisherNonStrictTest.xml
3 ms. Memory: 547840K Free: 277816K (51%)
----------------- Invoking toplevel() on ptolemy.moml.MoMLSimpleApplication@2b2015a5
----------------- Done invoking toplevel() on ptolemy.moml.MoMLSimpleApplication@2b2015a5
reloadAllAccessors: .PublisherNonStrictTest

===========================================================================================
----------------- testing Sun Jul 14 04:56:56 UTC 2019 /home/travis/build/icyphy/ptII/ptolemy/actor/lib/test/auto/PublisherPort1.xml
----------------- Instantiating /home/travis/build/icyphy/ptII/ptolemy/actor/lib/test/auto/PublisherPort1.xml
6 ms. Memory: 547840K Free: 272152K (50%)
----------------- Invoking toplevel() on ptolemy.moml.MoMLSimpleApplication@24c8196f
----------------- Done invoking toplevel() on ptolemy.moml.MoMLSimpleApplication@24c8196f
reloadAllAccessors: .PublisherPort1

===========================================================================================
----------------- testing Sun Jul 14 04:56:56 UTC 2019 /home/travis/build/icyphy/ptII/ptolemy/actor/lib/test/auto/PublisherPort2.xml
----------------- Instantiating /home/travis/build/icyphy/ptII/ptolemy/actor/lib/test/auto/PublisherPort2.xml
1 ms. Memory: 547840K Free: 267062K (49%)
----------------- Invoking toplevel() on ptolemy.moml.MoMLSimpleApplication@6a1fe3a3
----------------- Done invoking toplevel() on ptolemy.moml.MoMLSimpleApplication@6a1fe3a3
reloadAllAccessors: .PublisherPort2

===========================================================================================
----------------- testing Sun Jul 14 04:56:56 UTC 2019 /home/travis/build/icyphy/ptII/ptolemy/actor/lib/test/auto/PublisherPort3.xml
----------------- Instantiating /home/travis/build/icyphy/ptII/ptolemy/actor/lib/test/auto/PublisherPort3.xml
2 ms. Memory: 547840K Free: 260408K (48%)
----------------- Invoking toplevel() on ptolemy.moml.MoMLSimpleApplication@6912c8a0
----------------- Done invoking toplevel() on ptolemy.moml.MoMLSimpleApplication@6912c8a0
reloadAllAccessors: .PublisherPort3

===========================================================================================
----------------- testing Sun Jul 14 04:56:56 UTC 2019 /home/travis/build/icyphy/ptII/ptolemy/actor/lib/test/auto/PublisherPort4.xml
----------------- Instantiating /home/travis/build/icyphy/ptII/ptolemy/actor/lib/test/auto/PublisherPort4.xml
2 ms. Memory: 547840K Free: 254768K (47%)
----------------- Invoking toplevel() on ptolemy.moml.MoMLSimpleApplication@2629580f
----------------- Done invoking toplevel() on ptolemy.moml.MoMLSimpleApplication@2629580f
reloadAllAccessors: .PublisherPort4

===========================================================================================
----------------- testing Sun Jul 14 04:56:56 UTC 2019 /home/travis/build/icyphy/ptII/ptolemy/actor/lib/test/auto/PublisherPort5.xml
----------------- Instantiating /home/travis/build/icyphy/ptII/ptolemy/actor/lib/test/auto/PublisherPort5.xml
3 ms. Memory: 547840K Free: 246582K (45%)
----------------- Invoking toplevel() on ptolemy.moml.MoMLSimpleApplication@6faaced5
----------------- Done invoking toplevel() on ptolemy.moml.MoMLSimpleApplication@6faaced5
reloadAllAccessors: .PublisherPort5

===========================================================================================
----------------- testing Sun Jul 14 04:56:56 UTC 2019 /home/travis/build/icyphy/ptII/ptolemy/actor/lib/test/auto/PublisherPort5LookAlike.xml
----------------- Instantiating /home/travis/build/icyphy/ptII/ptolemy/actor/lib/test/auto/PublisherPort5LookAlike.xml
8 ms. Memory: 547840K Free: 238904K (44%)
----------------- Invoking toplevel() on ptolemy.moml.MoMLSimpleApplication@774aa784
----------------- Done invoking toplevel() on ptolemy.moml.MoMLSimpleApplication@774aa784
reloadAllAccessors: .PublisherPort5LookAlike

===========================================================================================
----------------- testing Sun Jul 14 04:56:56 UTC 2019 /home/travis/build/icyphy/ptII/ptolemy/actor/lib/test/auto/PublisherPort6.xml
----------------- Instantiating /home/travis/build/icyphy/ptII/ptolemy/actor/lib/test/auto/PublisherPort6.xml
3 ms. Memory: 547840K Free: 232246K (42%)
----------------- Invoking toplevel() on ptolemy.moml.MoMLSimpleApplication@555df25a
----------------- Done invoking toplevel() on ptolemy.moml.MoMLSimpleApplication@555df25a
reloadAllAccessors: .PublisherPort6

===========================================================================================
----------------- testing Sun Jul 14 04:56:56 UTC 2019 /home/travis/build/icyphy/ptII/ptolemy/actor/lib/test/auto/PublisherPort7.xml
----------------- Instantiating /home/travis/build/icyphy/ptII/ptolemy/actor/lib/test/auto/PublisherPort7.xml
3 ms. Memory: 547840K Free: 224568K (41%)
----------------- Invoking toplevel() on ptolemy.moml.MoMLSimpleApplication@4b73de13
----------------- Done invoking toplevel() on ptolemy.moml.MoMLSimpleApplication@4b73de13
reloadAllAccessors: .PublisherPort7

===========================================================================================
----------------- testing Sun Jul 14 04:56:56 UTC 2019 /home/travis/build/icyphy/ptII/ptolemy/actor/lib/test/auto/PublisherPort8.xml
----------------- Instantiating /home/travis/build/icyphy/ptII/ptolemy/actor/lib/test/auto/PublisherPort8.xml
4 ms. Memory: 547840K Free: 215862K (39%)
----------------- Invoking toplevel() on ptolemy.moml.MoMLSimpleApplication@1e178657
----------------- Done invoking toplevel() on ptolemy.moml.MoMLSimpleApplication@1e178657
reloadAllAccessors: .PublisherPort8

===========================================================================================
----------------- testing Sun Jul 14 04:56:56 UTC 2019 /home/travis/build/icyphy/ptII/ptolemy/actor/lib/test/auto/PublisherPortSubscriberChannelVariablesAOC2.xml
----------------- Instantiating /home/travis/build/icyphy/ptII/ptolemy/actor/lib/test/auto/PublisherPortSubscriberChannelVariablesAOC2.xml
3 ms. Memory: 547840K Free: 198454K (36%)
----------------- Invoking toplevel() on ptolemy.moml.MoMLSimpleApplication@5132500d
----------------- Done invoking toplevel() on ptolemy.moml.MoMLSimpleApplication@5132500d
reloadAllAccessors: .PublisherPortSubscriberChannelVariablesAOC2

===========================================================================================
----------------- testing Sun Jul 14 04:56:56 UTC 2019 /home/travis/build/icyphy/ptII/ptolemy/actor/lib/test/auto/PublisherPortSubscriberOpaqueWidthInference.xml
----------------- Instantiating /home/travis/build/icyphy/ptII/ptolemy/actor/lib/test/auto/PublisherPortSubscriberOpaqueWidthInference.xml
3 ms. Memory: 547840K Free: 190776K (35%)
----------------- Invoking toplevel() on ptolemy.moml.MoMLSimpleApplication@6768958c
----------------- Done invoking toplevel() on ptolemy.moml.MoMLSimpleApplication@6768958c
reloadAllAccessors: .PublisherPortSubscriberOpaqueWidthInference

===========================================================================================
----------------- testing Sun Jul 14 04:56:57 UTC 2019 /home/travis/build/icyphy/ptII/ptolemy/actor/lib/test/auto/PublisherPortSubscriberPortAdjacent.xml
----------------- Instantiating /home/travis/build/icyphy/ptII/ptolemy/actor/lib/test/auto/PublisherPortSubscriberPortAdjacent.xml
2 ms. Memory: 547840K Free: 182584K (33%)
----------------- Invoking toplevel() on ptolemy.moml.MoMLSimpleApplication@24e78dd3
----------------- Done invoking toplevel() on ptolemy.moml.MoMLSimpleApplication@24e78dd3
reloadAllAccessors: .PublisherPortSubscriberPortAdjacent

===========================================================================================
----------------- testing Sun Jul 14 04:56:57 UTC 2019 /home/travis/build/icyphy/ptII/ptolemy/actor/lib/test/auto/PublisherPortSubscriberPortExpression.xml
----------------- Instantiating /home/travis/build/icyphy/ptII/ptolemy/actor/lib/test/auto/PublisherPortSubscriberPortExpression.xml
6 ms. Memory: 547840K Free: 493352K (90%)
----------------- Invoking toplevel() on ptolemy.moml.MoMLSimpleApplication@db1d306
----------------- Done invoking toplevel() on ptolemy.moml.MoMLSimpleApplication@db1d306
reloadAllAccessors: .PublisherPortSubscriberPortExpression

===========================================================================================
----------------- testing Sun Jul 14 04:56:57 UTC 2019 /home/travis/build/icyphy/ptII/ptolemy/actor/lib/test/auto/PublisherPortSubscriberPortOpaqueD3Reverse.xml
----------------- Instantiating /home/travis/build/icyphy/ptII/ptolemy/actor/lib/test/auto/PublisherPortSubscriberPortOpaqueD3Reverse.xml
7 ms. Memory: 547840K Free: 482616K (88%)
----------------- Invoking toplevel() on ptolemy.moml.MoMLSimpleApplication@5bce2f78
----------------- Done invoking toplevel() on ptolemy.moml.MoMLSimpleApplication@5bce2f78
reloadAllAccessors: .PublisherPortSubscriberPortOpaqueD3Reverse

===========================================================================================
----------------- testing Sun Jul 14 04:56:57 UTC 2019 /home/travis/build/icyphy/ptII/ptolemy/actor/lib/test/auto/PublisherPortSubscriberPortOpaqueWidthInference.xml
----------------- Instantiating /home/travis/build/icyphy/ptII/ptolemy/actor/lib/test/auto/PublisherPortSubscriberPortOpaqueWidthInference.xml
3 ms. Memory: 547840K Free: 474920K (87%)
----------------- Invoking toplevel() on ptolemy.moml.MoMLSimpleApplication@4823f1b3
----------------- Done invoking toplevel() on ptolemy.moml.MoMLSimpleApplication@4823f1b3
reloadAllAccessors: .PublisherPortSubscriberPortOpaqueWidthInference

===========================================================================================
----------------- testing Sun Jul 14 04:56:57 UTC 2019 /home/travis/build/icyphy/ptII/ptolemy/actor/lib/test/auto/PublisherPortToplevelSubscriberPortAOC.xml
----------------- Instantiating /home/travis/build/icyphy/ptII/ptolemy/actor/lib/test/auto/PublisherPortToplevelSubscriberPortAOC.xml
.PublisherPortToplevelSubscriberPortAOC.TestExceptionAttribute: initialize() was not invoked, but wrapup() was.  This is unusual, but not always a problem.  For example, exporting JNLP will do this.
1 ms. Memory: 547840K Free: 469304K (86%)
----------------- Invoking toplevel() on ptolemy.moml.MoMLSimpleApplication@1ff7692
----------------- Done invoking toplevel() on ptolemy.moml.MoMLSimpleApplication@1ff7692
reloadAllAccessors: .PublisherPortToplevelSubscriberPortAOC

===========================================================================================
----------------- testing Sun Jul 14 04:56:57 UTC 2019 /home/travis/build/icyphy/ptII/ptolemy/actor/lib/test/auto/PublisherSubscriber.xml
----------------- Instantiating /home/travis/build/icyphy/ptII/ptolemy/actor/lib/test/auto/PublisherSubscriber.xml
6 ms. Memory: 547840K Free: 461592K (84%)
----------------- Invoking toplevel() on ptolemy.moml.MoMLSimpleApplication@567c747c
----------------- Done invoking toplevel() on ptolemy.moml.MoMLSimpleApplication@567c747c
reloadAllAccessors: .PublisherSubscriber

===========================================================================================
----------------- testing Sun Jul 14 04:56:57 UTC 2019 /home/travis/build/icyphy/ptII/ptolemy/actor/lib/test/auto/PublisherSubscriber10.xml
----------------- Instantiating /home/travis/build/icyphy/ptII/ptolemy/actor/lib/test/auto/PublisherSubscriber10.xml
6 ms. Memory: 547840K Free: 451896K (82%)
----------------- Invoking toplevel() on ptolemy.moml.MoMLSimpleApplication@4a494c3e
----------------- Done invoking toplevel() on ptolemy.moml.MoMLSimpleApplication@4a494c3e
reloadAllAccessors: .PublisherSubscriber10

===========================================================================================
----------------- testing Sun Jul 14 04:56:57 UTC 2019 /home/travis/build/icyphy/ptII/ptolemy/actor/lib/test/auto/PublisherSubscriber10InitialOutputs.xml
----------------- Instantiating /home/travis/build/icyphy/ptII/ptolemy/actor/lib/test/auto/PublisherSubscriber10InitialOutputs.xml
15 ms. Memory: 547840K Free: 442680K (81%)
----------------- Invoking toplevel() on ptolemy.moml.MoMLSimpleApplication@502f4e2b
----------------- Done invoking toplevel() on ptolemy.moml.MoMLSimpleApplication@502f4e2b
reloadAllAccessors: .PublisherSubscriber10InitialOutputs

===========================================================================================
----------------- testing Sun Jul 14 04:56:57 UTC 2019 /home/travis/build/icyphy/ptII/ptolemy/actor/lib/test/auto/PublisherSubscriber11.xml
----------------- Instantiating /home/travis/build/icyphy/ptII/ptolemy/actor/lib/test/auto/PublisherSubscriber11.xml
3 ms. Memory: 547840K Free: 436536K (80%)
----------------- Invoking toplevel() on ptolemy.moml.MoMLSimpleApplication@225da7e0
----------------- Done invoking toplevel() on ptolemy.moml.MoMLSimpleApplication@225da7e0
reloadAllAccessors: .PublisherSubscriber11

===========================================================================================
----------------- testing Sun Jul 14 04:56:57 UTC 2019 /home/travis/build/icyphy/ptII/ptolemy/actor/lib/test/auto/PublisherSubscriber12.xml
----------------- Instantiating /home/travis/build/icyphy/ptII/ptolemy/actor/lib/test/auto/PublisherSubscriber12.xml
5 ms. Memory: 547840K Free: 429368K (78%)
----------------- Invoking toplevel() on ptolemy.moml.MoMLSimpleApplication@55c5c770
----------------- Done invoking toplevel() on ptolemy.moml.MoMLSimpleApplication@55c5c770
reloadAllAccessors: .PublisherSubscriber12

===========================================================================================
----------------- testing Sun Jul 14 04:56:57 UTC 2019 /home/travis/build/icyphy/ptII/ptolemy/actor/lib/test/auto/PublisherSubscriber13.xml
----------------- Instantiating /home/travis/build/icyphy/ptII/ptolemy/actor/lib/test/auto/PublisherSubscriber13.xml
2 ms. Memory: 547840K Free: 423224K (77%)
----------------- Invoking toplevel() on ptolemy.moml.MoMLSimpleApplication@2335f99d
----------------- Done invoking toplevel() on ptolemy.moml.MoMLSimpleApplication@2335f99d
reloadAllAccessors: .PublisherSubscriber13

===========================================================================================
----------------- testing Sun Jul 14 04:56:57 UTC 2019 /home/travis/build/icyphy/ptII/ptolemy/actor/lib/test/auto/PublisherSubscriber14.xml
----------------- Instantiating /home/travis/build/icyphy/ptII/ptolemy/actor/lib/test/auto/PublisherSubscriber14.xml
2 ms. Memory: 547840K Free: 414488K (76%)
----------------- Invoking toplevel() on ptolemy.moml.MoMLSimpleApplication@7703c7df
----------------- Done invoking toplevel() on ptolemy.moml.MoMLSimpleApplication@7703c7df
reloadAllAccessors: .PublisherSubscriber14

===========================================================================================
----------------- testing Sun Jul 14 04:56:57 UTC 2019 /home/travis/build/icyphy/ptII/ptolemy/actor/lib/test/auto/PublisherSubscriber2.xml
----------------- Instantiating /home/travis/build/icyphy/ptII/ptolemy/actor/lib/test/auto/PublisherSubscriber2.xml
3 ms. Memory: 547840K Free: 408888K (75%)
----------------- Invoking toplevel() on ptolemy.moml.MoMLSimpleApplication@11d70726
----------------- Done invoking toplevel() on ptolemy.moml.MoMLSimpleApplication@11d70726
reloadAllAccessors: .PublisherSubscriber2

===========================================================================================
----------------- testing Sun Jul 14 04:56:57 UTC 2019 /home/travis/build/icyphy/ptII/ptolemy/actor/lib/test/auto/PublisherSubscriber3.xml
----------------- Instantiating /home/travis/build/icyphy/ptII/ptolemy/actor/lib/test/auto/PublisherSubscriber3.xml
2 ms. Memory: 547840K Free: 403240K (74%)
----------------- Invoking toplevel() on ptolemy.moml.MoMLSimpleApplication@55120c4c
----------------- Done invoking toplevel() on ptolemy.moml.MoMLSimpleApplication@55120c4c
reloadAllAccessors: .PublisherSubscriber3

===========================================================================================
----------------- testing Sun Jul 14 04:56:57 UTC 2019 /home/travis/build/icyphy/ptII/ptolemy/actor/lib/test/auto/PublisherSubscriber4.xml
----------------- Instantiating /home/travis/build/icyphy/ptII/ptolemy/actor/lib/test/auto/PublisherSubscriber4.xml
2 ms. Memory: 547840K Free: 398104K (73%)
----------------- Invoking toplevel() on ptolemy.moml.MoMLSimpleApplication@6f6d9c0f
----------------- Done invoking toplevel() on ptolemy.moml.MoMLSimpleApplication@6f6d9c0f
reloadAllAccessors: .PublisherSubscriber4

===========================================================================================
----------------- testing Sun Jul 14 04:56:57 UTC 2019 /home/travis/build/icyphy/ptII/ptolemy/actor/lib/test/auto/PublisherSubscriber5.xml
----------------- Instantiating /home/travis/build/icyphy/ptII/ptolemy/actor/lib/test/auto/PublisherSubscriber5.xml
2 ms. Memory: 547840K Free: 391480K (71%)
----------------- Invoking toplevel() on ptolemy.moml.MoMLSimpleApplication@b696351
----------------- Done invoking toplevel() on ptolemy.moml.MoMLSimpleApplication@b696351
reloadAllAccessors: .PublisherSubscriber5

===========================================================================================
----------------- testing Sun Jul 14 04:56:57 UTC 2019 /home/travis/build/icyphy/ptII/ptolemy/actor/lib/test/auto/PublisherSubscriber6.xml
----------------- Instantiating /home/travis/build/icyphy/ptII/ptolemy/actor/lib/test/auto/PublisherSubscriber6.xml
4 ms. Memory: 547840K Free: 384822K (70%)
----------------- Invoking toplevel() on ptolemy.moml.MoMLSimpleApplication@6fb3f99c
----------------- Done invoking toplevel() on ptolemy.moml.MoMLSimpleApplication@6fb3f99c
reloadAllAccessors: .PublisherSubscriber6

===========================================================================================
----------------- testing Sun Jul 14 04:56:57 UTC 2019 /home/travis/build/icyphy/ptII/ptolemy/actor/lib/test/auto/PublisherSubscriber7.xml
----------------- Instantiating /home/travis/build/icyphy/ptII/ptolemy/actor/lib/test/auto/PublisherSubscriber7.xml
3 ms. Memory: 547840K Free: 377654K (69%)
----------------- Invoking toplevel() on ptolemy.moml.MoMLSimpleApplication@7947931c
----------------- Done invoking toplevel() on ptolemy.moml.MoMLSimpleApplication@7947931c
reloadAllAccessors: .PublisherSubscriber7

===========================================================================================
----------------- testing Sun Jul 14 04:56:57 UTC 2019 /home/travis/build/icyphy/ptII/ptolemy/actor/lib/test/auto/PublisherSubscriber8.xml
----------------- Instantiating /home/travis/build/icyphy/ptII/ptolemy/actor/lib/test/auto/PublisherSubscriber8.xml
19 ms. Memory: 547840K Free: 365880K (67%)
----------------- Invoking toplevel() on ptolemy.moml.MoMLSimpleApplication@1c8c63e2
----------------- Done invoking toplevel() on ptolemy.moml.MoMLSimpleApplication@1c8c63e2
reloadAllAccessors: .PublisherSubscriber8

===========================================================================================
----------------- testing Sun Jul 14 04:56:57 UTC 2019 /home/travis/build/icyphy/ptII/ptolemy/actor/lib/test/auto/PublisherSubscriber9.xml
----------------- Instantiating /home/travis/build/icyphy/ptII/ptolemy/actor/lib/test/auto/PublisherSubscriber9.xml
3 ms. Memory: 547840K Free: 358712K (65%)
----------------- Invoking toplevel() on ptolemy.moml.MoMLSimpleApplication@5e0f6ac7
----------------- Done invoking toplevel() on ptolemy.moml.MoMLSimpleApplication@5e0f6ac7
reloadAllAccessors: .PublisherSubscriber9

===========================================================================================
----------------- testing Sun Jul 14 04:56:57 UTC 2019 /home/travis/build/icyphy/ptII/ptolemy/actor/lib/test/auto/PublisherSubscriberAdjacent.xml
----------------- Instantiating /home/travis/build/icyphy/ptII/ptolemy/actor/lib/test/auto/PublisherSubscriberAdjacent.xml
2 ms. Memory: 547840K Free: 350520K (64%)
----------------- Invoking toplevel() on ptolemy.moml.MoMLSimpleApplication@37da4809
----------------- Done invoking toplevel() on ptolemy.moml.MoMLSimpleApplication@37da4809
reloadAllAccessors: .PublisherSubscriberAdjacent

===========================================================================================
----------------- testing Sun Jul 14 04:56:57 UTC 2019 /home/travis/build/icyphy/ptII/ptolemy/actor/lib/test/auto/PublisherSubscriberChannelVariablesAOC2.xml
----------------- Instantiating /home/travis/build/icyphy/ptII/ptolemy/actor/lib/test/auto/PublisherSubscriberChannelVariablesAOC2.xml
3 ms. Memory: 547840K Free: 335160K (61%)
----------------- Invoking toplevel() on ptolemy.moml.MoMLSimpleApplication@59ce11e0
----------------- Done invoking toplevel() on ptolemy.moml.MoMLSimpleApplication@59ce11e0
reloadAllAccessors: .PublisherSubscriberChannelVariablesAOC2

===========================================================================================
----------------- testing Sun Jul 14 04:56:57 UTC 2019 /home/travis/build/icyphy/ptII/ptolemy/actor/lib/test/auto/PublisherSubscriberD3.xml
----------------- Instantiating /home/travis/build/icyphy/ptII/ptolemy/actor/lib/test/auto/PublisherSubscriberD3.xml
2 ms. Memory: 547840K Free: 327992K (60%)
----------------- Invoking toplevel() on ptolemy.moml.MoMLSimpleApplication@a8076c
----------------- Done invoking toplevel() on ptolemy.moml.MoMLSimpleApplication@a8076c
reloadAllAccessors: .PublisherSubscriberD3

===========================================================================================
----------------- testing Sun Jul 14 04:56:57 UTC 2019 /home/travis/build/icyphy/ptII/ptolemy/actor/lib/test/auto/PublisherSubscriberD3Reverse.xml
----------------- Instantiating /home/travis/build/icyphy/ptII/ptolemy/actor/lib/test/auto/PublisherSubscriberD3Reverse.xml
1 ms. Memory: 547840K Free: 321848K (59%)
----------------- Invoking toplevel() on ptolemy.moml.MoMLSimpleApplication@27c4aa3b
----------------- Done invoking toplevel() on ptolemy.moml.MoMLSimpleApplication@27c4aa3b
reloadAllAccessors: .PublisherSubscriberD3Reverse

===========================================================================================
----------------- testing Sun Jul 14 04:56:57 UTC 2019 /home/travis/build/icyphy/ptII/ptolemy/actor/lib/test/auto/PublisherSubscriberExpression.xml
----------------- Instantiating /home/travis/build/icyphy/ptII/ptolemy/actor/lib/test/auto/PublisherSubscriberExpression.xml
3 ms. Memory: 547840K Free: 312632K (57%)
----------------- Invoking toplevel() on ptolemy.moml.MoMLSimpleApplication@666ba447
----------------- Done invoking toplevel() on ptolemy.moml.MoMLSimpleApplication@666ba447
reloadAllAccessors: .PublisherSubscriberExpression

===========================================================================================
----------------- testing Sun Jul 14 04:56:57 UTC 2019 /home/travis/build/icyphy/ptII/ptolemy/actor/lib/test/auto/PublisherSubscriberOpaque.xml
----------------- Instantiating /home/travis/build/icyphy/ptII/ptolemy/actor/lib/test/auto/PublisherSubscriberOpaque.xml
3 ms. Memory: 547840K Free: 304440K (56%)
----------------- Invoking toplevel() on ptolemy.moml.MoMLSimpleApplication@7df2e12
----------------- Done invoking toplevel() on ptolemy.moml.MoMLSimpleApplication@7df2e12
reloadAllAccessors: .PublisherSubscriberOpaque

===========================================================================================
----------------- testing Sun Jul 14 04:56:57 UTC 2019 /home/travis/build/icyphy/ptII/ptolemy/actor/lib/test/auto/PublisherSubscriberOpaqueD3.xml
----------------- Instantiating /home/travis/build/icyphy/ptII/ptolemy/actor/lib/test/auto/PublisherSubscriberOpaqueD3.xml
5 ms. Memory: 547840K Free: 292662K (53%)
----------------- Invoking toplevel() on ptolemy.moml.MoMLSimpleApplication@19ad1421
----------------- Done invoking toplevel() on ptolemy.moml.MoMLSimpleApplication@19ad1421
reloadAllAccessors: .PublisherSubscriberOpaqueD3

===========================================================================================
----------------- testing Sun Jul 14 04:56:57 UTC 2019 /home/travis/build/icyphy/ptII/ptolemy/actor/lib/test/auto/PublisherSubscriberOpaqueD3Reverse.xml
----------------- Instantiating /home/travis/build/icyphy/ptII/ptolemy/actor/lib/test/auto/PublisherSubscriberOpaqueD3Reverse.xml
7 ms. Memory: 547840K Free: 281912K (51%)
----------------- Invoking toplevel() on ptolemy.moml.MoMLSimpleApplication@4738ed3a
----------------- Done invoking toplevel() on ptolemy.moml.MoMLSimpleApplication@4738ed3a
reloadAllAccessors: .PublisherSubscriberOpaqueD3Reverse

===========================================================================================
----------------- testing Sun Jul 14 04:56:57 UTC 2019 /home/travis/build/icyphy/ptII/ptolemy/actor/lib/test/auto/PublisherSubscriberOpaqueWidthInference.xml
----------------- Instantiating /home/travis/build/icyphy/ptII/ptolemy/actor/lib/test/auto/PublisherSubscriberOpaqueWidthInference.xml
5 ms. Memory: 547840K Free: 273720K (50%)
----------------- Invoking toplevel() on ptolemy.moml.MoMLSimpleApplication@7c634eaa
----------------- Done invoking toplevel() on ptolemy.moml.MoMLSimpleApplication@7c634eaa
reloadAllAccessors: .PublisherSubscriberOpaqueWidthInference

===========================================================================================
----------------- testing Sun Jul 14 04:56:57 UTC 2019 /home/travis/build/icyphy/ptII/ptolemy/actor/lib/test/auto/PublisherTestSubscriber.xml
----------------- Instantiating /home/travis/build/icyphy/ptII/ptolemy/actor/lib/test/auto/PublisherTestSubscriber.xml
3 ms. Memory: 547840K Free: 266032K (49%)
----------------- Invoking toplevel() on ptolemy.moml.MoMLSimpleApplication@56c54381
----------------- Done invoking toplevel() on ptolemy.moml.MoMLSimpleApplication@56c54381
reloadAllAccessors: .PublisherTestSubscriber

===========================================================================================
----------------- testing Sun Jul 14 04:56:57 UTC 2019 /home/travis/build/icyphy/ptII/ptolemy/actor/lib/test/auto/PublisherToplevelSubscriberPortAOC.xml
----------------- Instantiating /home/travis/build/icyphy/ptII/ptolemy/actor/lib/test/auto/PublisherToplevelSubscriberPortAOC.xml
1 ms. Memory: 547840K Free: 258864K (47%)
----------------- Invoking toplevel() on ptolemy.moml.MoMLSimpleApplication@41718cb4
----------------- Done invoking toplevel() on ptolemy.moml.MoMLSimpleApplication@41718cb4
reloadAllAccessors: .PublisherToplevelSubscriberPortAOC

===========================================================================================
----------------- testing Sun Jul 14 04:56:57 UTC 2019 /home/travis/build/icyphy/ptII/ptolemy/actor/lib/test/auto/PulseFiringLimitDE.xml
----------------- Instantiating /home/travis/build/icyphy/ptII/ptolemy/actor/lib/test/auto/PulseFiringLimitDE.xml
2 ms. Memory: 547840K Free: 252726K (46%)
----------------- Invoking toplevel() on ptolemy.moml.MoMLSimpleApplication@2230c226
----------------- Done invoking toplevel() on ptolemy.moml.MoMLSimpleApplication@2230c226
reloadAllAccessors: .PulseFiringLimitDE

===========================================================================================
----------------- testing Sun Jul 14 04:56:57 UTC 2019 /home/travis/build/icyphy/ptII/ptolemy/actor/lib/test/auto/Ramp1.xml
----------------- Instantiating /home/travis/build/icyphy/ptII/ptolemy/actor/lib/test/auto/Ramp1.xml
1 ms. Memory: 547840K Free: 248120K (45%)
----------------- Invoking toplevel() on ptolemy.moml.MoMLSimpleApplication@1a0551d6
----------------- Done invoking toplevel() on ptolemy.moml.MoMLSimpleApplication@1a0551d6
reloadAllAccessors: .Ramp1

===========================================================================================
----------------- testing Sun Jul 14 04:56:57 UTC 2019 /home/travis/build/icyphy/ptII/ptolemy/actor/lib/test/auto/RampFiringLimitDE.xml
----------------- Instantiating /home/travis/build/icyphy/ptII/ptolemy/actor/lib/test/auto/RampFiringLimitDE.xml
3 ms. Memory: 547840K Free: 241976K (44%)
----------------- Invoking toplevel() on ptolemy.moml.MoMLSimpleApplication@7cd92d
----------------- Done invoking toplevel() on ptolemy.moml.MoMLSimpleApplication@7cd92d
reloadAllAccessors: .RampFiringLimitDE

===========================================================================================
----------------- testing Sun Jul 14 04:56:57 UTC 2019 /home/travis/build/icyphy/ptII/ptolemy/actor/lib/test/auto/RampFiringLimitSDF.xml
----------------- Instantiating /home/travis/build/icyphy/ptII/ptolemy/actor/lib/test/auto/RampFiringLimitSDF.xml
2 ms. Memory: 547840K Free: 236856K (43%)
----------------- Invoking toplevel() on ptolemy.moml.MoMLSimpleApplication@555fbcf5
----------------- Done invoking toplevel() on ptolemy.moml.MoMLSimpleApplication@555fbcf5
reloadAllAccessors: .RampFiringLimitSDF

===========================================================================================
----------------- testing Sun Jul 14 04:56:57 UTC 2019 /home/travis/build/icyphy/ptII/ptolemy/actor/lib/test/auto/RandomInteger.xml
----------------- Instantiating /home/travis/build/icyphy/ptII/ptolemy/actor/lib/test/auto/RandomInteger.xml
1 ms. Memory: 547840K Free: 232246K (42%)
----------------- Invoking toplevel() on ptolemy.moml.MoMLSimpleApplication@54dd4f38
----------------- Done invoking toplevel() on ptolemy.moml.MoMLSimpleApplication@54dd4f38
reloadAllAccessors: .RandomInteger

===========================================================================================
----------------- testing Sun Jul 14 04:56:57 UTC 2019 /home/travis/build/icyphy/ptII/ptolemy/actor/lib/test/auto/ReadFile1.xml
----------------- Instantiating /home/travis/build/icyphy/ptII/ptolemy/actor/lib/test/auto/ReadFile1.xml
1 ms. Memory: 547840K Free: 227640K (42%)
----------------- Invoking toplevel() on ptolemy.moml.MoMLSimpleApplication@7d2a1ca2
----------------- Done invoking toplevel() on ptolemy.moml.MoMLSimpleApplication@7d2a1ca2
reloadAllAccessors: .ReadFile1

===========================================================================================
----------------- testing Sun Jul 14 04:56:57 UTC 2019 /home/travis/build/icyphy/ptII/ptolemy/actor/lib/test/auto/ReadFile2.xml
----------------- Instantiating /home/travis/build/icyphy/ptII/ptolemy/actor/lib/test/auto/ReadFile2.xml
2 ms. Memory: 547840K Free: 223544K (41%)
----------------- Invoking toplevel() on ptolemy.moml.MoMLSimpleApplication@4ceba6d2
----------------- Done invoking toplevel() on ptolemy.moml.MoMLSimpleApplication@4ceba6d2
reloadAllAccessors: .ReadFile2

===========================================================================================
----------------- testing Sun Jul 14 04:56:57 UTC 2019 /home/travis/build/icyphy/ptII/ptolemy/actor/lib/test/auto/Reader.xml
----------------- Instantiating /home/travis/build/icyphy/ptII/ptolemy/actor/lib/test/auto/Reader.xml
actor.lib.Reader is obsolete, use actor.lib.io.ExpressionReader instead
2 ms. Memory: 547840K Free: 219448K (40%)
----------------- Invoking toplevel() on ptolemy.moml.MoMLSimpleApplication@27c02dcb
----------------- Done invoking toplevel() on ptolemy.moml.MoMLSimpleApplication@27c02dcb
reloadAllAccessors: .Reader

===========================================================================================
----------------- testing Sun Jul 14 04:56:57 UTC 2019 /home/travis/build/icyphy/ptII/ptolemy/actor/lib/test/auto/RecordAssemblerDisplayNameTest.xml
----------------- Instantiating /home/travis/build/icyphy/ptII/ptolemy/actor/lib/test/auto/RecordAssemblerDisplayNameTest.xml
3838 ms. Memory: 547840K Free: 300342K (55%)
----------------- Invoking toplevel() on ptolemy.moml.MoMLSimpleApplication@1b07193a
----------------- Done invoking toplevel() on ptolemy.moml.MoMLSimpleApplication@1b07193a
reloadAllAccessors: .RecordAssemblerDisplayNameTest

===========================================================================================
----------------- testing Sun Jul 14 04:57:01 UTC 2019 /home/travis/build/icyphy/ptII/ptolemy/actor/lib/test/auto/RecordAssemblerTypeError.xml
----------------- Instantiating /home/travis/build/icyphy/ptII/ptolemy/actor/lib/test/auto/RecordAssemblerTypeError.xml
9 ms. Memory: 547840K Free: 290616K (53%)
----------------- Invoking toplevel() on ptolemy.moml.MoMLSimpleApplication@f76da5f
----------------- Done invoking toplevel() on ptolemy.moml.MoMLSimpleApplication@f76da5f
reloadAllAccessors: .RecordAssemblerTypeError

===========================================================================================
----------------- testing Sun Jul 14 04:57:01 UTC 2019 /home/travis/build/icyphy/ptII/ptolemy/actor/lib/test/auto/RecordDisassember.xml
----------------- Instantiating /home/travis/build/icyphy/ptII/ptolemy/actor/lib/test/auto/RecordDisassember.xml
12 ms. Memory: 547840K Free: 285976K (52%)
----------------- Invoking toplevel() on ptolemy.moml.MoMLSimpleApplication@3e84dc8c
----------------- Done invoking toplevel() on ptolemy.moml.MoMLSimpleApplication@3e84dc8c
reloadAllAccessors: .RecordDisassember

===========================================================================================
----------------- testing Sun Jul 14 04:57:01 UTC 2019 /home/travis/build/icyphy/ptII/ptolemy/actor/lib/test/auto/RecordDisassemberDisplayNameTest.xml
----------------- Instantiating /home/travis/build/icyphy/ptII/ptolemy/actor/lib/test/auto/RecordDisassemberDisplayNameTest.xml
8 ms. Memory: 547840K Free: 278328K (51%)
----------------- Invoking toplevel() on ptolemy.moml.MoMLSimpleApplication@56fd0547
----------------- Done invoking toplevel() on ptolemy.moml.MoMLSimpleApplication@56fd0547
reloadAllAccessors: .RecordDisassemberDisplayNameTest

===========================================================================================
----------------- testing Sun Jul 14 04:57:01 UTC 2019 /home/travis/build/icyphy/ptII/ptolemy/actor/lib/test/auto/RecordDisassembler.xml
----------------- Instantiating /home/travis/build/icyphy/ptII/ptolemy/actor/lib/test/auto/RecordDisassembler.xml
3 ms. Memory: 547840K Free: 273208K (50%)
----------------- Invoking toplevel() on ptolemy.moml.MoMLSimpleApplication@72ccaba4
----------------- Done invoking toplevel() on ptolemy.moml.MoMLSimpleApplication@72ccaba4
reloadAllAccessors: .RecordDisassembler

===========================================================================================
----------------- testing Sun Jul 14 04:57:01 UTC 2019 /home/travis/build/icyphy/ptII/ptolemy/actor/lib/test/auto/RecordDisassembler2.xml
----------------- Instantiating /home/travis/build/icyphy/ptII/ptolemy/actor/lib/test/auto/RecordDisassembler2.xml
2 ms. Memory: 547840K Free: 268088K (49%)
----------------- Invoking toplevel() on ptolemy.moml.MoMLSimpleApplication@265f4ac4
----------------- Done invoking toplevel() on ptolemy.moml.MoMLSimpleApplication@265f4ac4
reloadAllAccessors: .RecordDisassembler2

===========================================================================================
----------------- testing Sun Jul 14 04:57:01 UTC 2019 /home/travis/build/icyphy/ptII/ptolemy/actor/lib/test/auto/RecordUpdater.xml
----------------- Instantiating /home/travis/build/icyphy/ptII/ptolemy/actor/lib/test/auto/RecordUpdater.xml
4 ms. Memory: 547840K Free: 263478K (48%)
----------------- Invoking toplevel() on ptolemy.moml.MoMLSimpleApplication@7a4293c6
----------------- Done invoking toplevel() on ptolemy.moml.MoMLSimpleApplication@7a4293c6
reloadAllAccessors: .RecordUpdater

===========================================================================================
----------------- testing Sun Jul 14 04:57:01 UTC 2019 /home/travis/build/icyphy/ptII/ptolemy/actor/lib/test/auto/RecordUpdater2.xml
----------------- Instantiating /home/travis/build/icyphy/ptII/ptolemy/actor/lib/test/auto/RecordUpdater2.xml
2 ms. Memory: 547840K Free: 258358K (47%)
----------------- Invoking toplevel() on ptolemy.moml.MoMLSimpleApplication@2be73f94
----------------- Done invoking toplevel() on ptolemy.moml.MoMLSimpleApplication@2be73f94
reloadAllAccessors: .RecordUpdater2

===========================================================================================
----------------- testing Sun Jul 14 04:57:01 UTC 2019 /home/travis/build/icyphy/ptII/ptolemy/actor/lib/test/auto/RecursiveLattice.xml
----------------- Instantiating /home/travis/build/icyphy/ptII/ptolemy/actor/lib/test/auto/RecursiveLattice.xml
1 ms. Memory: 547840K Free: 253238K (46%)
----------------- Invoking toplevel() on ptolemy.moml.MoMLSimpleApplication@432974f0
----------------- Done invoking toplevel() on ptolemy.moml.MoMLSimpleApplication@432974f0
reloadAllAccessors: .RecursiveLattice

===========================================================================================
----------------- testing Sun Jul 14 04:57:01 UTC 2019 /home/travis/build/icyphy/ptII/ptolemy/actor/lib/test/auto/Router.xml
----------------- Instantiating /home/travis/build/icyphy/ptII/ptolemy/actor/lib/test/auto/Router.xml
3004 ms. Memory: 547840K Free: 242488K (44%)
----------------- Invoking toplevel() on ptolemy.moml.MoMLSimpleApplication@4df5e6ee
----------------- Done invoking toplevel() on ptolemy.moml.MoMLSimpleApplication@4df5e6ee
reloadAllAccessors: .Router

===========================================================================================
----------------- testing Sun Jul 14 04:57:04 UTC 2019 /home/travis/build/icyphy/ptII/ptolemy/actor/lib/test/auto/Router2.xml
----------------- Instantiating /home/travis/build/icyphy/ptII/ptolemy/actor/lib/test/auto/Router2.xml
3005 ms. Memory: 547840K Free: 230710K (42%)
----------------- Invoking toplevel() on ptolemy.moml.MoMLSimpleApplication@6bb14ef
----------------- Done invoking toplevel() on ptolemy.moml.MoMLSimpleApplication@6bb14ef
reloadAllAccessors: .Router2

===========================================================================================
----------------- testing Sun Jul 14 04:57:08 UTC 2019 /home/travis/build/icyphy/ptII/ptolemy/actor/lib/test/auto/RunningMaximum.xml
----------------- Instantiating /home/travis/build/icyphy/ptII/ptolemy/actor/lib/test/auto/RunningMaximum.xml
4 ms. Memory: 547840K Free: 226104K (41%)
----------------- Invoking toplevel() on ptolemy.moml.MoMLSimpleApplication@27803685
----------------- Done invoking toplevel() on ptolemy.moml.MoMLSimpleApplication@27803685
reloadAllAccessors: .RunningMaximum

===========================================================================================
----------------- testing Sun Jul 14 04:57:08 UTC 2019 /home/travis/build/icyphy/ptII/ptolemy/actor/lib/test/auto/RunningMinimum.xml
----------------- Instantiating /home/travis/build/icyphy/ptII/ptolemy/actor/lib/test/auto/RunningMinimum.xml
10 ms. Memory: 547840K Free: 221494K (40%)
----------------- Invoking toplevel() on ptolemy.moml.MoMLSimpleApplication@609039f0
----------------- Done invoking toplevel() on ptolemy.moml.MoMLSimpleApplication@609039f0
reloadAllAccessors: .RunningMinimum

===========================================================================================
----------------- testing Sun Jul 14 04:57:08 UTC 2019 /home/travis/build/icyphy/ptII/ptolemy/actor/lib/test/auto/Scale.xml
----------------- Instantiating /home/travis/build/icyphy/ptII/ptolemy/actor/lib/test/auto/Scale.xml
2 ms. Memory: 547840K Free: 216888K (40%)
----------------- Invoking toplevel() on ptolemy.moml.MoMLSimpleApplication@7332d933
----------------- Done invoking toplevel() on ptolemy.moml.MoMLSimpleApplication@7332d933
reloadAllAccessors: .Scale

===========================================================================================
----------------- testing Sun Jul 14 04:57:08 UTC 2019 /home/travis/build/icyphy/ptII/ptolemy/actor/lib/test/auto/Scale2.xml
----------------- Instantiating /home/travis/build/icyphy/ptII/ptolemy/actor/lib/test/auto/Scale2.xml
2 ms. Memory: 547840K Free: 212278K (39%)
----------------- Invoking toplevel() on ptolemy.moml.MoMLSimpleApplication@6287ac93
----------------- Done invoking toplevel() on ptolemy.moml.MoMLSimpleApplication@6287ac93
reloadAllAccessors: .Scale2

===========================================================================================
----------------- testing Sun Jul 14 04:57:08 UTC 2019 /home/travis/build/icyphy/ptII/ptolemy/actor/lib/test/auto/Scale3.xml
----------------- Instantiating /home/travis/build/icyphy/ptII/ptolemy/actor/lib/test/auto/Scale3.xml
4 ms. Memory: 547840K Free: 205624K (38%)
----------------- Invoking toplevel() on ptolemy.moml.MoMLSimpleApplication@c230302
----------------- Done invoking toplevel() on ptolemy.moml.MoMLSimpleApplication@c230302
reloadAllAccessors: .Scale3

===========================================================================================
----------------- testing Sun Jul 14 04:57:08 UTC 2019 /home/travis/build/icyphy/ptII/ptolemy/actor/lib/test/auto/ScaleArray.xml
----------------- Instantiating /home/travis/build/icyphy/ptII/ptolemy/actor/lib/test/auto/ScaleArray.xml
2 ms. Memory: 547840K Free: 201014K (37%)
----------------- Invoking toplevel() on ptolemy.moml.MoMLSimpleApplication@6c9262bd
----------------- Done invoking toplevel() on ptolemy.moml.MoMLSimpleApplication@6c9262bd
reloadAllAccessors: .ScaleArray

===========================================================================================
----------------- testing Sun Jul 14 04:57:08 UTC 2019 /home/travis/build/icyphy/ptII/ptolemy/actor/lib/test/auto/ScaleArray2.xml
----------------- Instantiating /home/travis/build/icyphy/ptII/ptolemy/actor/lib/test/auto/ScaleArray2.xml
2 ms. Memory: 547840K Free: 196904K (36%)
----------------- Invoking toplevel() on ptolemy.moml.MoMLSimpleApplication@df7d38c
----------------- Done invoking toplevel() on ptolemy.moml.MoMLSimpleApplication@df7d38c
reloadAllAccessors: .ScaleArray2

===========================================================================================
----------------- testing Sun Jul 14 04:57:08 UTC 2019 /home/travis/build/icyphy/ptII/ptolemy/actor/lib/test/auto/ScaleMatrix.xml
----------------- Instantiating /home/travis/build/icyphy/ptII/ptolemy/actor/lib/test/auto/ScaleMatrix.xml
174 ms. Memory: 547840K Free: 183096K (33%)
----------------- Invoking toplevel() on ptolemy.moml.MoMLSimpleApplication@59392593
----------------- Done invoking toplevel() on ptolemy.moml.MoMLSimpleApplication@59392593
reloadAllAccessors: .ScaleMatrix

===========================================================================================
----------------- testing Sun Jul 14 04:57:08 UTC 2019 /home/travis/build/icyphy/ptII/ptolemy/actor/lib/test/auto/Select.xml
----------------- Instantiating /home/travis/build/icyphy/ptII/ptolemy/actor/lib/test/auto/Select.xml
2 ms. Memory: 547840K Free: 494392K (90%)
----------------- Invoking toplevel() on ptolemy.moml.MoMLSimpleApplication@5101c475
----------------- Done invoking toplevel() on ptolemy.moml.MoMLSimpleApplication@5101c475
reloadAllAccessors: .Select

===========================================================================================
----------------- testing Sun Jul 14 04:57:08 UTC 2019 /home/travis/build/icyphy/ptII/ptolemy/actor/lib/test/auto/Select2.xml
----------------- Instantiating /home/travis/build/icyphy/ptII/ptolemy/actor/lib/test/auto/Select2.xml
1 ms. Memory: 547840K Free: 489272K (89%)
----------------- Invoking toplevel() on ptolemy.moml.MoMLSimpleApplication@e0ca3f4
----------------- Done invoking toplevel() on ptolemy.moml.MoMLSimpleApplication@e0ca3f4
reloadAllAccessors: .Select2

===========================================================================================
----------------- testing Sun Jul 14 04:57:08 UTC 2019 /home/travis/build/icyphy/ptII/ptolemy/actor/lib/test/auto/SequenceToArray2.xml
----------------- Instantiating /home/travis/build/icyphy/ptII/ptolemy/actor/lib/test/auto/SequenceToArray2.xml
111 ms. Memory: 547840K Free: 465206K (85%)
----------------- Invoking toplevel() on ptolemy.moml.MoMLSimpleApplication@3303edd7
----------------- Done invoking toplevel() on ptolemy.moml.MoMLSimpleApplication@3303edd7
reloadAllAccessors: .SequenceToArray2

===========================================================================================
----------------- testing Sun Jul 14 04:57:08 UTC 2019 /home/travis/build/icyphy/ptII/ptolemy/actor/lib/test/auto/SequentialClock.xml
----------------- Instantiating /home/travis/build/icyphy/ptII/ptolemy/actor/lib/test/auto/SequentialClock.xml
1 ms. Memory: 547840K Free: 461110K (84%)
----------------- Invoking toplevel() on ptolemy.moml.MoMLSimpleApplication@2dc936fa
----------------- Done invoking toplevel() on ptolemy.moml.MoMLSimpleApplication@2dc936fa
reloadAllAccessors: .SequentialClock

===========================================================================================
----------------- testing Sun Jul 14 04:57:08 UTC 2019 /home/travis/build/icyphy/ptII/ptolemy/actor/lib/test/auto/SetVariable.xml
----------------- Instantiating /home/travis/build/icyphy/ptII/ptolemy/actor/lib/test/auto/SetVariable.xml
5 ms. Memory: 547840K Free: 456504K (83%)
----------------- Invoking toplevel() on ptolemy.moml.MoMLSimpleApplication@2db79254
----------------- Done invoking toplevel() on ptolemy.moml.MoMLSimpleApplication@2db79254
reloadAllAccessors: .SetVariable

===========================================================================================
----------------- testing Sun Jul 14 04:57:08 UTC 2019 /home/travis/build/icyphy/ptII/ptolemy/actor/lib/test/auto/SetVariable2.xml
----------------- Instantiating /home/travis/build/icyphy/ptII/ptolemy/actor/lib/test/auto/SetVariable2.xml
3 ms. Memory: 547840K Free: 451894K (82%)
----------------- Invoking toplevel() on ptolemy.moml.MoMLSimpleApplication@6d61b8d1
----------------- Done invoking toplevel() on ptolemy.moml.MoMLSimpleApplication@6d61b8d1
reloadAllAccessors: .SetVariable2

===========================================================================================
----------------- testing Sun Jul 14 04:57:08 UTC 2019 /home/travis/build/icyphy/ptII/ptolemy/actor/lib/test/auto/SetVariable3.xml
----------------- Instantiating /home/travis/build/icyphy/ptII/ptolemy/actor/lib/test/auto/SetVariable3.xml
4 ms. Memory: 547840K Free: 446264K (81%)
----------------- Invoking toplevel() on ptolemy.moml.MoMLSimpleApplication@3d57c48d
----------------- Done invoking toplevel() on ptolemy.moml.MoMLSimpleApplication@3d57c48d
reloadAllAccessors: .SetVariable3

===========================================================================================
----------------- testing Sun Jul 14 04:57:08 UTC 2019 /home/travis/build/icyphy/ptII/ptolemy/actor/lib/test/auto/SetVariable4.xml
----------------- Instantiating /home/travis/build/icyphy/ptII/ptolemy/actor/lib/test/auto/SetVariable4.xml
23 ms. Memory: 547840K Free: 437046K (80%)
----------------- Invoking toplevel() on ptolemy.moml.MoMLSimpleApplication@7cdb7404
----------------- Done invoking toplevel() on ptolemy.moml.MoMLSimpleApplication@7cdb7404
reloadAllAccessors: .SetVariable4

===========================================================================================
----------------- testing Sun Jul 14 04:57:08 UTC 2019 /home/travis/build/icyphy/ptII/ptolemy/actor/lib/test/auto/SetVariable5.xml
----------------- Instantiating /home/travis/build/icyphy/ptII/ptolemy/actor/lib/test/auto/SetVariable5.xml
20 ms. Memory: 547840K Free: 427832K (78%)
----------------- Invoking toplevel() on ptolemy.moml.MoMLSimpleApplication@762be126
----------------- Done invoking toplevel() on ptolemy.moml.MoMLSimpleApplication@762be126
reloadAllAccessors: .SetVariable5

===========================================================================================
----------------- testing Sun Jul 14 04:57:08 UTC 2019 /home/travis/build/icyphy/ptII/ptolemy/actor/lib/test/auto/Sinewave.xml
----------------- Instantiating /home/travis/build/icyphy/ptII/ptolemy/actor/lib/test/auto/Sinewave.xml
5 ms. Memory: 547840K Free: 417592K (76%)
----------------- Invoking toplevel() on ptolemy.moml.MoMLSimpleApplication@10bc68c2
----------------- Done invoking toplevel() on ptolemy.moml.MoMLSimpleApplication@10bc68c2
reloadAllAccessors: .Sinewave

===========================================================================================
----------------- testing Sun Jul 14 04:57:08 UTC 2019 /home/travis/build/icyphy/ptII/ptolemy/actor/lib/test/auto/Sinewave2.xml
----------------- Instantiating /home/travis/build/icyphy/ptII/ptolemy/actor/lib/test/auto/Sinewave2.xml
5 ms. Memory: 547840K Free: 408886K (75%)
----------------- Invoking toplevel() on ptolemy.moml.MoMLSimpleApplication@71f65a41
----------------- Done invoking toplevel() on ptolemy.moml.MoMLSimpleApplication@71f65a41
reloadAllAccessors: .Sinewave2

===========================================================================================
----------------- testing Sun Jul 14 04:57:08 UTC 2019 /home/travis/build/icyphy/ptII/ptolemy/actor/lib/test/auto/Sinewave3.xml
----------------- Instantiating /home/travis/build/icyphy/ptII/ptolemy/actor/lib/test/auto/Sinewave3.xml
7 ms. Memory: 547840K Free: 400680K (73%)
----------------- Invoking toplevel() on ptolemy.moml.MoMLSimpleApplication@4261006f
----------------- Done invoking toplevel() on ptolemy.moml.MoMLSimpleApplication@4261006f
reloadAllAccessors: .Sinewave3

===========================================================================================
----------------- testing Sun Jul 14 04:57:08 UTC 2019 /home/travis/build/icyphy/ptII/ptolemy/actor/lib/test/auto/SingleEvent.xml
----------------- Instantiating /home/travis/build/icyphy/ptII/ptolemy/actor/lib/test/auto/SingleEvent.xml
1 ms. Memory: 547840K Free: 396598K (72%)
----------------- Invoking toplevel() on ptolemy.moml.MoMLSimpleApplication@5a406e8
----------------- Done invoking toplevel() on ptolemy.moml.MoMLSimpleApplication@5a406e8
reloadAllAccessors: .SingleEvent

===========================================================================================
----------------- testing Sun Jul 14 04:57:08 UTC 2019 /home/travis/build/icyphy/ptII/ptolemy/actor/lib/test/auto/Sleep.xml
----------------- Instantiating /home/travis/build/icyphy/ptII/ptolemy/actor/lib/test/auto/Sleep.xml
6003 ms. Memory: 547840K Free: 391448K (71%)
----------------- Invoking toplevel() on ptolemy.moml.MoMLSimpleApplication@11aa3f49
----------------- Done invoking toplevel() on ptolemy.moml.MoMLSimpleApplication@11aa3f49
reloadAllAccessors: .Sleep

===========================================================================================
----------------- testing Sun Jul 14 04:57:14 UTC 2019 /home/travis/build/icyphy/ptII/ptolemy/actor/lib/test/auto/SleepMultipleFire.xml
----------------- Instantiating /home/travis/build/icyphy/ptII/ptolemy/actor/lib/test/auto/SleepMultipleFire.xml
1007 ms. Memory: 547840K Free: 385334K (70%)
----------------- Invoking toplevel() on ptolemy.moml.MoMLSimpleApplication@fc786b4
----------------- Done invoking toplevel() on ptolemy.moml.MoMLSimpleApplication@fc786b4
reloadAllAccessors: .SleepMultipleFire

===========================================================================================
----------------- testing Sun Jul 14 04:57:15 UTC 2019 /home/travis/build/icyphy/ptII/ptolemy/actor/lib/test/auto/StopDE.xml
----------------- Instantiating /home/travis/build/icyphy/ptII/ptolemy/actor/lib/test/auto/StopDE.xml
7 ms. Memory: 547840K Free: 379704K (69%)
----------------- Invoking toplevel() on ptolemy.moml.MoMLSimpleApplication@58344ae0
----------------- Done invoking toplevel() on ptolemy.moml.MoMLSimpleApplication@58344ae0
reloadAllAccessors: .StopDE

===========================================================================================
----------------- testing Sun Jul 14 04:57:15 UTC 2019 /home/travis/build/icyphy/ptII/ptolemy/actor/lib/test/auto/StopSDF.xml
----------------- Instantiating /home/travis/build/icyphy/ptII/ptolemy/actor/lib/test/auto/StopSDF.xml
2 ms. Memory: 547840K Free: 374584K (68%)
----------------- Invoking toplevel() on ptolemy.moml.MoMLSimpleApplication@7ee13676
----------------- Done invoking toplevel() on ptolemy.moml.MoMLSimpleApplication@7ee13676
reloadAllAccessors: .StopSDF

===========================================================================================
----------------- testing Sun Jul 14 04:57:15 UTC 2019 /home/travis/build/icyphy/ptII/ptolemy/actor/lib/test/auto/StringConstant.xml
----------------- Instantiating /home/travis/build/icyphy/ptII/ptolemy/actor/lib/test/auto/StringConstant.xml
11 ms. Memory: 547840K Free: 369974K (68%)
----------------- Invoking toplevel() on ptolemy.moml.MoMLSimpleApplication@6d8ffaf3
----------------- Done invoking toplevel() on ptolemy.moml.MoMLSimpleApplication@6d8ffaf3
reloadAllAccessors: .StringConstant

===========================================================================================
----------------- testing Sun Jul 14 04:57:15 UTC 2019 /home/travis/build/icyphy/ptII/ptolemy/actor/lib/test/auto/SubscriberPortInitialValues1.xml
----------------- Instantiating /home/travis/build/icyphy/ptII/ptolemy/actor/lib/test/auto/SubscriberPortInitialValues1.xml
7 ms. Memory: 547840K Free: 361272K (66%)
----------------- Invoking toplevel() on ptolemy.moml.MoMLSimpleApplication@4736ffa2
----------------- Done invoking toplevel() on ptolemy.moml.MoMLSimpleApplication@4736ffa2
reloadAllAccessors: .SubscriberPortInitialValues1

===========================================================================================
----------------- testing Sun Jul 14 04:57:15 UTC 2019 /home/travis/build/icyphy/ptII/ptolemy/actor/lib/test/auto/SubscriberPortInitialValues13.xml
----------------- Instantiating /home/travis/build/icyphy/ptII/ptolemy/actor/lib/test/auto/SubscriberPortInitialValues13.xml
6 ms. Memory: 547840K Free: 348470K (64%)
----------------- Invoking toplevel() on ptolemy.moml.MoMLSimpleApplication@2c67190f
----------------- Done invoking toplevel() on ptolemy.moml.MoMLSimpleApplication@2c67190f
reloadAllAccessors: .SubscriberPortInitialValues13

===========================================================================================
----------------- testing Sun Jul 14 04:57:15 UTC 2019 /home/travis/build/icyphy/ptII/ptolemy/actor/lib/test/auto/SubscriberPortInitialValues14.xml
----------------- Instantiating /home/travis/build/icyphy/ptII/ptolemy/actor/lib/test/auto/SubscriberPortInitialValues14.xml
7 ms. Memory: 547840K Free: 341302K (62%)
----------------- Invoking toplevel() on ptolemy.moml.MoMLSimpleApplication@b0d3ff6
----------------- Done invoking toplevel() on ptolemy.moml.MoMLSimpleApplication@b0d3ff6
reloadAllAccessors: .SubscriberPortInitialValues14

===========================================================================================
----------------- testing Sun Jul 14 04:57:16 UTC 2019 /home/travis/build/icyphy/ptII/ptolemy/actor/lib/test/auto/SubscriberPortInitialValues2.xml
----------------- Instantiating /home/travis/build/icyphy/ptII/ptolemy/actor/lib/test/auto/SubscriberPortInitialValues2.xml
5 ms. Memory: 547840K Free: 333110K (61%)
----------------- Invoking toplevel() on ptolemy.moml.MoMLSimpleApplication@6abc3192
----------------- Done invoking toplevel() on ptolemy.moml.MoMLSimpleApplication@6abc3192
reloadAllAccessors: .SubscriberPortInitialValues2

===========================================================================================
----------------- testing Sun Jul 14 04:57:16 UTC 2019 /home/travis/build/icyphy/ptII/ptolemy/actor/lib/test/auto/SubscriberPortInitialValues3.xml
----------------- Instantiating /home/travis/build/icyphy/ptII/ptolemy/actor/lib/test/auto/SubscriberPortInitialValues3.xml
4 ms. Memory: 547840K Free: 322360K (59%)
----------------- Invoking toplevel() on ptolemy.moml.MoMLSimpleApplication@5998158b
----------------- Done invoking toplevel() on ptolemy.moml.MoMLSimpleApplication@5998158b
reloadAllAccessors: .SubscriberPortInitialValues3

===========================================================================================
----------------- testing Sun Jul 14 04:57:16 UTC 2019 /home/travis/build/icyphy/ptII/ptolemy/actor/lib/test/auto/SubscriptionAggregator.xml
----------------- Instantiating /home/travis/build/icyphy/ptII/ptolemy/actor/lib/test/auto/SubscriptionAggregator.xml
2 ms. Memory: 547840K Free: 315688K (58%)
----------------- Invoking toplevel() on ptolemy.moml.MoMLSimpleApplication@1441f837
----------------- Done invoking toplevel() on ptolemy.moml.MoMLSimpleApplication@1441f837
reloadAllAccessors: .SubscriptionAggregator

===========================================================================================
----------------- testing Sun Jul 14 04:57:16 UTC 2019 /home/travis/build/icyphy/ptII/ptolemy/actor/lib/test/auto/SubscriptionAggregator2.xml
----------------- Instantiating /home/travis/build/icyphy/ptII/ptolemy/actor/lib/test/auto/SubscriptionAggregator2.xml
3 ms. Memory: 547840K Free: 308528K (56%)
----------------- Invoking toplevel() on ptolemy.moml.MoMLSimpleApplication@3474036e
----------------- Done invoking toplevel() on ptolemy.moml.MoMLSimpleApplication@3474036e
reloadAllAccessors: .SubscriptionAggregator2

===========================================================================================
----------------- testing Sun Jul 14 04:57:16 UTC 2019 /home/travis/build/icyphy/ptII/ptolemy/actor/lib/test/auto/SubscriptionAggregator3.xml
----------------- Instantiating /home/travis/build/icyphy/ptII/ptolemy/actor/lib/test/auto/SubscriptionAggregator3.xml
6 ms. Memory: 547840K Free: 300328K (55%)
----------------- Invoking toplevel() on ptolemy.moml.MoMLSimpleApplication@25fbcd2f
----------------- Done invoking toplevel() on ptolemy.moml.MoMLSimpleApplication@25fbcd2f
reloadAllAccessors: .SubscriptionAggregator3

===========================================================================================
----------------- testing Sun Jul 14 04:57:16 UTC 2019 /home/travis/build/icyphy/ptII/ptolemy/actor/lib/test/auto/SubscriptionAggregatorMultiply.xml
----------------- Instantiating /home/travis/build/icyphy/ptII/ptolemy/actor/lib/test/auto/SubscriptionAggregatorMultiply.xml
10 ms. Memory: 547840K Free: 291640K (53%)
----------------- Invoking toplevel() on ptolemy.moml.MoMLSimpleApplication@6298eb8c
----------------- Done invoking toplevel() on ptolemy.moml.MoMLSimpleApplication@6298eb8c
reloadAllAccessors: .SubscriptionAggregatorMultiply

===========================================================================================
----------------- testing Sun Jul 14 04:57:16 UTC 2019 /home/travis/build/icyphy/ptII/ptolemy/actor/lib/test/auto/SubscriptionAggregatorPortMultiply1.xml
----------------- Instantiating /home/travis/build/icyphy/ptII/ptolemy/actor/lib/test/auto/SubscriptionAggregatorPortMultiply1.xml
4 ms. Memory: 547840K Free: 283448K (52%)
----------------- Invoking toplevel() on ptolemy.moml.MoMLSimpleApplication@548c2b55
----------------- Done invoking toplevel() on ptolemy.moml.MoMLSimpleApplication@548c2b55
reloadAllAccessors: .SubscriptionAggregatorPortMultiply1

===========================================================================================
----------------- testing Sun Jul 14 04:57:16 UTC 2019 /home/travis/build/icyphy/ptII/ptolemy/actor/lib/test/auto/Switch.xml
----------------- Instantiating /home/travis/build/icyphy/ptII/ptolemy/actor/lib/test/auto/Switch.xml
9 ms. Memory: 547840K Free: 275256K (50%)
----------------- Invoking toplevel() on ptolemy.moml.MoMLSimpleApplication@22b0c860
----------------- Done invoking toplevel() on ptolemy.moml.MoMLSimpleApplication@22b0c860
reloadAllAccessors: .Switch

===========================================================================================
----------------- testing Sun Jul 14 04:57:16 UTC 2019 /home/travis/build/icyphy/ptII/ptolemy/actor/lib/test/auto/Switch2.xml
----------------- Instantiating /home/travis/build/icyphy/ptII/ptolemy/actor/lib/test/auto/Switch2.xml
1 ms. Memory: 547840K Free: 270136K (49%)
----------------- Invoking toplevel() on ptolemy.moml.MoMLSimpleApplication@c67199b
----------------- Done invoking toplevel() on ptolemy.moml.MoMLSimpleApplication@c67199b
reloadAllAccessors: .Switch2

===========================================================================================
----------------- testing Sun Jul 14 04:57:16 UTC 2019 /home/travis/build/icyphy/ptII/ptolemy/actor/lib/test/auto/SwitchDE.xml
----------------- Instantiating /home/travis/build/icyphy/ptII/ptolemy/actor/lib/test/auto/SwitchDE.xml
4 ms. Memory: 547840K Free: 263992K (48%)
----------------- Invoking toplevel() on ptolemy.moml.MoMLSimpleApplication@1a8af75
----------------- Done invoking toplevel() on ptolemy.moml.MoMLSimpleApplication@1a8af75
reloadAllAccessors: .SwitchDE

===========================================================================================
----------------- testing Sun Jul 14 04:57:16 UTC 2019 /home/travis/build/icyphy/ptII/ptolemy/actor/lib/test/auto/SynchronizerDE.xml
----------------- Instantiating /home/travis/build/icyphy/ptII/ptolemy/actor/lib/test/auto/SynchronizerDE.xml
6 ms. Memory: 547840K Free: 255800K (47%)
----------------- Invoking toplevel() on ptolemy.moml.MoMLSimpleApplication@6c1b8a1
----------------- Done invoking toplevel() on ptolemy.moml.MoMLSimpleApplication@6c1b8a1
reloadAllAccessors: .SynchronizerDE

===========================================================================================
----------------- testing Sun Jul 14 04:57:16 UTC 2019 /home/travis/build/icyphy/ptII/ptolemy/actor/lib/test/auto/Test.xml
----------------- Instantiating /home/travis/build/icyphy/ptII/ptolemy/actor/lib/test/auto/Test.xml
12 ms. Memory: 547840K Free: 250680K (46%)
----------------- Invoking toplevel() on ptolemy.moml.MoMLSimpleApplication@1f3a086b
----------------- Done invoking toplevel() on ptolemy.moml.MoMLSimpleApplication@1f3a086b
reloadAllAccessors: .Test

===========================================================================================
----------------- testing Sun Jul 14 04:57:16 UTC 2019 /home/travis/build/icyphy/ptII/ptolemy/actor/lib/test/auto/TestExceptionAttribute1.xml
----------------- Instantiating /home/travis/build/icyphy/ptII/ptolemy/actor/lib/test/auto/TestExceptionAttribute1.xml
1 ms. Memory: 547840K Free: 247094K (45%)
----------------- Invoking toplevel() on ptolemy.moml.MoMLSimpleApplication@5c823970
----------------- Done invoking toplevel() on ptolemy.moml.MoMLSimpleApplication@5c823970
reloadAllAccessors: .TestExceptionAttribute1

===========================================================================================
----------------- testing Sun Jul 14 04:57:16 UTC 2019 /home/travis/build/icyphy/ptII/ptolemy/actor/lib/test/auto/TestExceptionAttribute2.xml
----------------- Instantiating /home/travis/build/icyphy/ptII/ptolemy/actor/lib/test/auto/TestExceptionAttribute2.xml
1 ms. Memory: 547840K Free: 242488K (44%)
----------------- Invoking toplevel() on ptolemy.moml.MoMLSimpleApplication@7a8a9e18
----------------- Done invoking toplevel() on ptolemy.moml.MoMLSimpleApplication@7a8a9e18
reloadAllAccessors: .TestExceptionAttribute2

===========================================================================================
----------------- testing Sun Jul 14 04:57:16 UTC 2019 /home/travis/build/icyphy/ptII/ptolemy/actor/lib/test/auto/TestExceptionAttribute3.xml
----------------- Instantiating /home/travis/build/icyphy/ptII/ptolemy/actor/lib/test/auto/TestExceptionAttribute3.xml
.TestExceptionAttribute3.TestExceptionAttribute: initialize() was not invoked, but wrapup() was.  This is unusual, but not always a problem.  For example, exporting JNLP will do this.
1 ms. Memory: 547840K Free: 238392K (44%)
----------------- Invoking toplevel() on ptolemy.moml.MoMLSimpleApplication@429712dc
----------------- Done invoking toplevel() on ptolemy.moml.MoMLSimpleApplication@429712dc
reloadAllAccessors: .TestExceptionAttribute3

===========================================================================================
----------------- testing Sun Jul 14 04:57:16 UTC 2019 /home/travis/build/icyphy/ptII/ptolemy/actor/lib/test/auto/TestExceptionAttribute4.xml
----------------- Instantiating /home/travis/build/icyphy/ptII/ptolemy/actor/lib/test/auto/TestExceptionAttribute4.xml
.TestExceptionAttribute4.TestExceptionAttribute: initialize() was not invoked, but wrapup() was.  This is unusual, but not always a problem.  For example, exporting JNLP will do this.
.TestExceptionAttribute4.TestExceptionAttribute2: initialize() was not invoked, but wrapup() was.  This is unusual, but not always a problem.  For example, exporting JNLP will do this.
1 ms. Memory: 547840K Free: 234296K (43%)
----------------- Invoking toplevel() on ptolemy.moml.MoMLSimpleApplication@4ab4c8f4
----------------- Done invoking toplevel() on ptolemy.moml.MoMLSimpleApplication@4ab4c8f4
reloadAllAccessors: .TestExceptionAttribute4

===========================================================================================
----------------- testing Sun Jul 14 04:57:16 UTC 2019 /home/travis/build/icyphy/ptII/ptolemy/actor/lib/test/auto/TestExceptionHandler1.xml
----------------- Instantiating /home/travis/build/icyphy/ptII/ptolemy/actor/lib/test/auto/TestExceptionHandler1.xml
1 ms. Memory: 547840K Free: 230710K (42%)
----------------- Invoking toplevel() on ptolemy.moml.MoMLSimpleApplication@250ea674
----------------- Done invoking toplevel() on ptolemy.moml.MoMLSimpleApplication@250ea674
reloadAllAccessors: .TestExceptionHandler1

===========================================================================================
----------------- testing Sun Jul 14 04:57:16 UTC 2019 /home/travis/build/icyphy/ptII/ptolemy/actor/lib/test/auto/TestExceptionHandler2.xml
----------------- Instantiating /home/travis/build/icyphy/ptII/ptolemy/actor/lib/test/auto/TestExceptionHandler2.xml
1 ms. Memory: 547840K Free: 227128K (41%)
----------------- Invoking toplevel() on ptolemy.moml.MoMLSimpleApplication@19092708
----------------- Done invoking toplevel() on ptolemy.moml.MoMLSimpleApplication@19092708
reloadAllAccessors: .TestExceptionHandler2

===========================================================================================
----------------- testing Sun Jul 14 04:57:16 UTC 2019 /home/travis/build/icyphy/ptII/ptolemy/actor/lib/test/auto/TestExceptionHandler3.xml
----------------- Instantiating /home/travis/build/icyphy/ptII/ptolemy/actor/lib/test/auto/TestExceptionHandler3.xml
0 ms. Memory: 547840K Free: 223542K (41%)
----------------- Invoking toplevel() on ptolemy.moml.MoMLSimpleApplication@5c929177
----------------- Done invoking toplevel() on ptolemy.moml.MoMLSimpleApplication@5c929177
reloadAllAccessors: .TestExceptionHandler3

===========================================================================================
----------------- testing Sun Jul 14 04:57:16 UTC 2019 /home/travis/build/icyphy/ptII/ptolemy/actor/lib/test/auto/TestExceptionHandler4.xml
----------------- Instantiating /home/travis/build/icyphy/ptII/ptolemy/actor/lib/test/auto/TestExceptionHandler4.xml
1 ms. Memory: 547840K Free: 218936K (40%)
----------------- Invoking toplevel() on ptolemy.moml.MoMLSimpleApplication@68550de5
----------------- Done invoking toplevel() on ptolemy.moml.MoMLSimpleApplication@68550de5
reloadAllAccessors: .TestExceptionHandler4

===========================================================================================
----------------- testing Sun Jul 14 04:57:16 UTC 2019 /home/travis/build/icyphy/ptII/ptolemy/actor/lib/test/auto/TestRequireCorrectOrder.xml
----------------- Instantiating /home/travis/build/icyphy/ptII/ptolemy/actor/lib/test/auto/TestRequireCorrectOrder.xml
3 ms. Memory: 547840K Free: 213816K (39%)
----------------- Invoking toplevel() on ptolemy.moml.MoMLSimpleApplication@10cc30d
----------------- Done invoking toplevel() on ptolemy.moml.MoMLSimpleApplication@10cc30d
reloadAllAccessors: .TestRequireCorrectOrder

===========================================================================================
----------------- testing Sun Jul 14 04:57:16 UTC 2019 /home/travis/build/icyphy/ptII/ptolemy/actor/lib/test/auto/TestSimple.xml
----------------- Instantiating /home/travis/build/icyphy/ptII/ptolemy/actor/lib/test/auto/TestSimple.xml
1 ms. Memory: 547840K Free: 209720K (38%)
----------------- Invoking toplevel() on ptolemy.moml.MoMLSimpleApplication@54673228
----------------- Done invoking toplevel() on ptolemy.moml.MoMLSimpleApplication@54673228
reloadAllAccessors: .TestSimple

===========================================================================================
----------------- testing Sun Jul 14 04:57:16 UTC 2019 /home/travis/build/icyphy/ptII/ptolemy/actor/lib/test/auto/ThrowModelError.xml
----------------- Instantiating /home/travis/build/icyphy/ptII/ptolemy/actor/lib/test/auto/ThrowModelError.xml
1 ms. Memory: 547840K Free: 205110K (37%)
----------------- Invoking toplevel() on ptolemy.moml.MoMLSimpleApplication@368774d8
----------------- Done invoking toplevel() on ptolemy.moml.MoMLSimpleApplication@368774d8
reloadAllAccessors: .ThrowModelError

===========================================================================================
----------------- testing Sun Jul 14 04:57:16 UTC 2019 /home/travis/build/icyphy/ptII/ptolemy/actor/lib/test/auto/TimeDelayMicrosteps.xml
----------------- Instantiating /home/travis/build/icyphy/ptII/ptolemy/actor/lib/test/auto/TimeDelayMicrosteps.xml
4 ms. Memory: 547840K Free: 198456K (36%)
----------------- Invoking toplevel() on ptolemy.moml.MoMLSimpleApplication@38e487ee
----------------- Done invoking toplevel() on ptolemy.moml.MoMLSimpleApplication@38e487ee
reloadAllAccessors: .TimeDelayMicrosteps

===========================================================================================
----------------- testing Sun Jul 14 04:57:16 UTC 2019 /home/travis/build/icyphy/ptII/ptolemy/actor/lib/test/auto/TimeDelayMicrosteps2.xml
----------------- Instantiating /home/travis/build/icyphy/ptII/ptolemy/actor/lib/test/auto/TimeDelayMicrosteps2.xml
3 ms. Memory: 547840K Free: 190744K (35%)
----------------- Invoking toplevel() on ptolemy.moml.MoMLSimpleApplication@648d2e7
----------------- Done invoking toplevel() on ptolemy.moml.MoMLSimpleApplication@648d2e7
reloadAllAccessors: .TimeDelayMicrosteps2

===========================================================================================
----------------- testing Sun Jul 14 04:57:16 UTC 2019 /home/travis/build/icyphy/ptII/ptolemy/actor/lib/test/auto/TimeDelayMicrosteps3.xml
----------------- Instantiating /home/travis/build/icyphy/ptII/ptolemy/actor/lib/test/auto/TimeDelayMicrosteps3.xml
2 ms. Memory: 547840K Free: 184120K (34%)
----------------- Invoking toplevel() on ptolemy.moml.MoMLSimpleApplication@45990889
----------------- Done invoking toplevel() on ptolemy.moml.MoMLSimpleApplication@45990889
reloadAllAccessors: .TimeDelayMicrosteps3

===========================================================================================
----------------- testing Sun Jul 14 04:57:16 UTC 2019 /home/travis/build/icyphy/ptII/ptolemy/actor/lib/test/auto/TimeDelayVariableMicrosteps.xml
----------------- Instantiating /home/travis/build/icyphy/ptII/ptolemy/actor/lib/test/auto/TimeDelayVariableMicrosteps.xml
2 ms. Memory: 547840K Free: 495416K (90%)
----------------- Invoking toplevel() on ptolemy.moml.MoMLSimpleApplication@32f7eeab
----------------- Done invoking toplevel() on ptolemy.moml.MoMLSimpleApplication@32f7eeab
reloadAllAccessors: .TimeDelayVariableMicrosteps

===========================================================================================
----------------- testing Sun Jul 14 04:57:16 UTC 2019 /home/travis/build/icyphy/ptII/ptolemy/actor/lib/test/auto/TimeGap.xml
----------------- Instantiating /home/travis/build/icyphy/ptII/ptolemy/actor/lib/test/auto/TimeGap.xml
3 ms. Memory: 547840K Free: 489752K (89%)
----------------- Invoking toplevel() on ptolemy.moml.MoMLSimpleApplication@2382f7dc
----------------- Done invoking toplevel() on ptolemy.moml.MoMLSimpleApplication@2382f7dc
reloadAllAccessors: .TimeGap

===========================================================================================
----------------- testing Sun Jul 14 04:57:16 UTC 2019 /home/travis/build/icyphy/ptII/ptolemy/actor/lib/test/auto/TimeGap2.xml
----------------- Instantiating /home/travis/build/icyphy/ptII/ptolemy/actor/lib/test/auto/TimeGap2.xml
2 ms. Memory: 547840K Free: 484152K (88%)
----------------- Invoking toplevel() on ptolemy.moml.MoMLSimpleApplication@28d71438
----------------- Done invoking toplevel() on ptolemy.moml.MoMLSimpleApplication@28d71438
reloadAllAccessors: .TimeGap2

===========================================================================================
----------------- testing Sun Jul 14 04:57:16 UTC 2019 /home/travis/build/icyphy/ptII/ptolemy/actor/lib/test/auto/TimedSinewave.xml
----------------- Instantiating /home/travis/build/icyphy/ptII/ptolemy/actor/lib/test/auto/TimedSinewave.xml
29 ms. Memory: 547840K Free: 469816K (86%)
----------------- Invoking toplevel() on ptolemy.moml.MoMLSimpleApplication@7bbd1c40
----------------- Done invoking toplevel() on ptolemy.moml.MoMLSimpleApplication@7bbd1c40
reloadAllAccessors: .TimedSinewave

===========================================================================================
----------------- testing Sun Jul 14 04:57:16 UTC 2019 /home/travis/build/icyphy/ptII/ptolemy/actor/lib/test/auto/TimedSinewavePhase.xml
----------------- Instantiating /home/travis/build/icyphy/ptII/ptolemy/actor/lib/test/auto/TimedSinewavePhase.xml
10 ms. Memory: 547840K Free: 460086K (84%)
----------------- Invoking toplevel() on ptolemy.moml.MoMLSimpleApplication@6fd5d61d
----------------- Done invoking toplevel() on ptolemy.moml.MoMLSimpleApplication@6fd5d61d
reloadAllAccessors: .TimedSinewavePhase

===========================================================================================
----------------- testing Sun Jul 14 04:57:16 UTC 2019 /home/travis/build/icyphy/ptII/ptolemy/actor/lib/test/auto/Timer.xml
----------------- Instantiating /home/travis/build/icyphy/ptII/ptolemy/actor/lib/test/auto/Timer.xml
2 ms. Memory: 547840K Free: 453912K (83%)
----------------- Invoking toplevel() on ptolemy.moml.MoMLSimpleApplication@1fa580a8
----------------- Done invoking toplevel() on ptolemy.moml.MoMLSimpleApplication@1fa580a8
reloadAllAccessors: .Timer

===========================================================================================
----------------- testing Sun Jul 14 04:57:16 UTC 2019 /home/travis/build/icyphy/ptII/ptolemy/actor/lib/test/auto/TriangularDistTestModel.xml
----------------- Instantiating /home/travis/build/icyphy/ptII/ptolemy/actor/lib/test/auto/TriangularDistTestModel.xml
3 ms. Memory: 547840K Free: 448312K (82%)
----------------- Invoking toplevel() on ptolemy.moml.MoMLSimpleApplication@60cf51ed
----------------- Done invoking toplevel() on ptolemy.moml.MoMLSimpleApplication@60cf51ed
reloadAllAccessors: .TriangularDistTestModel

===========================================================================================
----------------- testing Sun Jul 14 04:57:16 UTC 2019 /home/travis/build/icyphy/ptII/ptolemy/actor/lib/test/auto/TrigFunction.xml
----------------- Instantiating /home/travis/build/icyphy/ptII/ptolemy/actor/lib/test/auto/TrigFunction.xml
2 ms. Memory: 547840K Free: 443702K (81%)
----------------- Invoking toplevel() on ptolemy.moml.MoMLSimpleApplication@2c8f40ee
----------------- Done invoking toplevel() on ptolemy.moml.MoMLSimpleApplication@2c8f40ee
reloadAllAccessors: .TrigFunction

===========================================================================================
----------------- testing Sun Jul 14 04:57:16 UTC 2019 /home/travis/build/icyphy/ptII/ptolemy/actor/lib/test/auto/TrigFunctionDE.xml
----------------- Instantiating /home/travis/build/icyphy/ptII/ptolemy/actor/lib/test/auto/TrigFunctionDE.xml
2 ms. Memory: 547840K Free: 437558K (80%)
----------------- Invoking toplevel() on ptolemy.moml.MoMLSimpleApplication@2b6b98b7
----------------- Done invoking toplevel() on ptolemy.moml.MoMLSimpleApplication@2b6b98b7
reloadAllAccessors: .TrigFunctionDE

===========================================================================================
----------------- testing Sun Jul 14 04:57:16 UTC 2019 /home/travis/build/icyphy/ptII/ptolemy/actor/lib/test/auto/TrigFunctionInverse.xml
----------------- Instantiating /home/travis/build/icyphy/ptII/ptolemy/actor/lib/test/auto/TrigFunctionInverse.xml
3 ms. Memory: 547840K Free: 432438K (79%)
----------------- Invoking toplevel() on ptolemy.moml.MoMLSimpleApplication@39391b9e
----------------- Done invoking toplevel() on ptolemy.moml.MoMLSimpleApplication@39391b9e
reloadAllAccessors: .TrigFunctionInverse

===========================================================================================
----------------- testing Sun Jul 14 04:57:16 UTC 2019 /home/travis/build/icyphy/ptII/ptolemy/actor/lib/test/auto/TrigFunctionTan.xml
----------------- Instantiating /home/travis/build/icyphy/ptII/ptolemy/actor/lib/test/auto/TrigFunctionTan.xml
2 ms. Memory: 547840K Free: 428342K (78%)
----------------- Invoking toplevel() on ptolemy.moml.MoMLSimpleApplication@789f5a82
----------------- Done invoking toplevel() on ptolemy.moml.MoMLSimpleApplication@789f5a82
reloadAllAccessors: .TrigFunctionTan

===========================================================================================
----------------- testing Sun Jul 14 04:57:16 UTC 2019 /home/travis/build/icyphy/ptII/ptolemy/actor/lib/test/auto/TriggeredClock.xml
----------------- Instantiating /home/travis/build/icyphy/ptII/ptolemy/actor/lib/test/auto/TriggeredClock.xml
2 ms. Memory: 547840K Free: 423704K (77%)
----------------- Invoking toplevel() on ptolemy.moml.MoMLSimpleApplication@6df997df
----------------- Done invoking toplevel() on ptolemy.moml.MoMLSimpleApplication@6df997df
reloadAllAccessors: .TriggeredClock

===========================================================================================
----------------- testing Sun Jul 14 04:57:16 UTC 2019 /home/travis/build/icyphy/ptII/ptolemy/actor/lib/test/auto/URLDirectoryReader.xml
----------------- Instantiating /home/travis/build/icyphy/ptII/ptolemy/actor/lib/test/auto/URLDirectoryReader.xml
38 ms. Memory: 547840K Free: 414006K (76%)
----------------- Invoking toplevel() on ptolemy.moml.MoMLSimpleApplication@11afdd02
----------------- Done invoking toplevel() on ptolemy.moml.MoMLSimpleApplication@11afdd02
reloadAllAccessors: .URLDirectoryReader

===========================================================================================
----------------- testing Sun Jul 14 04:57:16 UTC 2019 /home/travis/build/icyphy/ptII/ptolemy/actor/lib/test/auto/URLDirectoryReader3.xml
----------------- Instantiating /home/travis/build/icyphy/ptII/ptolemy/actor/lib/test/auto/URLDirectoryReader3.xml
1232 ms. Memory: 547840K Free: 488760K (89%)
----------------- Invoking toplevel() on ptolemy.moml.MoMLSimpleApplication@4a6fec27
----------------- Done invoking toplevel() on ptolemy.moml.MoMLSimpleApplication@4a6fec27
reloadAllAccessors: .URLDirectoryReader3

===========================================================================================
----------------- testing Sun Jul 14 04:57:18 UTC 2019 /home/travis/build/icyphy/ptII/ptolemy/actor/lib/test/auto/UnaryMathFunction.xml
----------------- Instantiating /home/travis/build/icyphy/ptII/ptolemy/actor/lib/test/auto/UnaryMathFunction.xml
3 ms. Memory: 547840K Free: 480568K (88%)
----------------- Invoking toplevel() on ptolemy.moml.MoMLSimpleApplication@190655
----------------- Done invoking toplevel() on ptolemy.moml.MoMLSimpleApplication@190655
reloadAllAccessors: .UnaryMathFunction

===========================================================================================
----------------- testing Sun Jul 14 04:57:18 UTC 2019 /home/travis/build/icyphy/ptII/ptolemy/actor/lib/test/auto/Uniform.xml
----------------- Instantiating /home/travis/build/icyphy/ptII/ptolemy/actor/lib/test/auto/Uniform.xml
5 ms. Memory: 547840K Free: 475960K (87%)
----------------- Invoking toplevel() on ptolemy.moml.MoMLSimpleApplication@3b6ea89c
----------------- Done invoking toplevel() on ptolemy.moml.MoMLSimpleApplication@3b6ea89c
reloadAllAccessors: .Uniform

===========================================================================================
----------------- testing Sun Jul 14 04:57:18 UTC 2019 /home/travis/build/icyphy/ptII/ptolemy/actor/lib/test/auto/UnionDisassemblerTest.xml
----------------- Instantiating /home/travis/build/icyphy/ptII/ptolemy/actor/lib/test/auto/UnionDisassemblerTest.xml
18 ms. Memory: 547840K Free: 472376K (86%)
----------------- Invoking toplevel() on ptolemy.moml.MoMLSimpleApplication@6d2c3d70
----------------- Done invoking toplevel() on ptolemy.moml.MoMLSimpleApplication@6d2c3d70
reloadAllAccessors: .UnionDisassemblerTest

===========================================================================================
----------------- testing Sun Jul 14 04:57:18 UTC 2019 /home/travis/build/icyphy/ptII/ptolemy/actor/lib/test/auto/UtilityFunctions.xml
----------------- Instantiating /home/travis/build/icyphy/ptII/ptolemy/actor/lib/test/auto/UtilityFunctions.xml
1 ms. Memory: 547840K Free: 468280K (85%)
----------------- Invoking toplevel() on ptolemy.moml.MoMLSimpleApplication@129493eb
----------------- Done invoking toplevel() on ptolemy.moml.MoMLSimpleApplication@129493eb
reloadAllAccessors: .UtilityFunctions

===========================================================================================
----------------- testing Sun Jul 14 04:57:18 UTC 2019 /home/travis/build/icyphy/ptII/ptolemy/actor/lib/test/auto/VariableSleep.xml
----------------- Instantiating /home/travis/build/icyphy/ptII/ptolemy/actor/lib/test/auto/VariableSleep.xml
503 ms. Memory: 547840K Free: 463160K (85%)
----------------- Invoking toplevel() on ptolemy.moml.MoMLSimpleApplication@79376415
----------------- Done invoking toplevel() on ptolemy.moml.MoMLSimpleApplication@79376415
reloadAllAccessors: .VariableSleep

===========================================================================================
----------------- testing Sun Jul 14 04:57:19 UTC 2019 /home/travis/build/icyphy/ptII/ptolemy/actor/lib/test/auto/VectorAssemblerDisassemblerCT.xml
----------------- Instantiating /home/travis/build/icyphy/ptII/ptolemy/actor/lib/test/auto/VectorAssemblerDisassemblerCT.xml
76 ms. Memory: 547840K Free: 443190K (81%)
----------------- Invoking toplevel() on ptolemy.moml.MoMLSimpleApplication@7037f25a
----------------- Done invoking toplevel() on ptolemy.moml.MoMLSimpleApplication@7037f25a
reloadAllAccessors: .VectorAssemblerDisassemblerCT

===========================================================================================
----------------- testing Sun Jul 14 04:57:19 UTC 2019 /home/travis/build/icyphy/ptII/ptolemy/actor/lib/test/auto/VectorAssemblerDisassemblerDE.xml
----------------- Instantiating /home/travis/build/icyphy/ptII/ptolemy/actor/lib/test/auto/VectorAssemblerDisassemblerDE.xml
2 ms. Memory: 547840K Free: 435512K (79%)
----------------- Invoking toplevel() on ptolemy.moml.MoMLSimpleApplication@577bc413
----------------- Done invoking toplevel() on ptolemy.moml.MoMLSimpleApplication@577bc413
reloadAllAccessors: .VectorAssemblerDisassemblerDE

===========================================================================================
----------------- testing Sun Jul 14 04:57:19 UTC 2019 /home/travis/build/icyphy/ptII/ptolemy/actor/lib/test/auto/VectorAssemblerDisassemblerSDF.xml
----------------- Instantiating /home/travis/build/icyphy/ptII/ptolemy/actor/lib/test/auto/VectorAssemblerDisassemblerSDF.xml
2 ms. Memory: 547840K Free: 429368K (78%)
----------------- Invoking toplevel() on ptolemy.moml.MoMLSimpleApplication@6f66c6c7
----------------- Done invoking toplevel() on ptolemy.moml.MoMLSimpleApplication@6f66c6c7
reloadAllAccessors: .VectorAssemblerDisassemblerSDF

===========================================================================================
----------------- testing Sun Jul 14 04:57:19 UTC 2019 /home/travis/build/icyphy/ptII/ptolemy/actor/lib/test/auto/WallClockTime.xml
----------------- Instantiating /home/travis/build/icyphy/ptII/ptolemy/actor/lib/test/auto/WallClockTime.xml
1005 ms. Memory: 547840K Free: 423734K (77%)
----------------- Invoking toplevel() on ptolemy.moml.MoMLSimpleApplication@29299e0b
----------------- Done invoking toplevel() on ptolemy.moml.MoMLSimpleApplication@29299e0b
reloadAllAccessors: .WallClockTime

===========================================================================================
----------------- testing Sun Jul 14 04:57:20 UTC 2019 /home/travis/build/icyphy/ptII/ptolemy/actor/lib/test/auto/WidthTestWithSubscriberPublisher.xml
----------------- Instantiating /home/travis/build/icyphy/ptII/ptolemy/actor/lib/test/auto/WidthTestWithSubscriberPublisher.xml
8 ms. Memory: 547840K Free: 405816K (74%)
----------------- Invoking toplevel() on ptolemy.moml.MoMLSimpleApplication@2a7ddd76
----------------- Done invoking toplevel() on ptolemy.moml.MoMLSimpleApplication@2a7ddd76
reloadAllAccessors: .WidthTestWithSubscriberPublisher

===========================================================================================
----------------- testing Sun Jul 14 04:57:20 UTC 2019 /home/travis/build/icyphy/ptII/ptolemy/actor/lib/test/auto/WidthTestWithSubscriberPublisher2.xml
----------------- Instantiating /home/travis/build/icyphy/ptII/ptolemy/actor/lib/test/auto/WidthTestWithSubscriberPublisher2.xml
3 ms. Memory: 547840K Free: 399158K (73%)
----------------- Invoking toplevel() on ptolemy.moml.MoMLSimpleApplication@4a9f4e5d
----------------- Done invoking toplevel() on ptolemy.moml.MoMLSimpleApplication@4a9f4e5d
reloadAllAccessors: .WidthTestWithSubscriberPublisher2

===========================================================================================
----------------- testing Sun Jul 14 04:57:20 UTC 2019 /home/travis/build/icyphy/ptII/ptolemy/actor/lib/test/auto/WidthTestWithSubscriberPublisher3.xml
----------------- Instantiating /home/travis/build/icyphy/ptII/ptolemy/actor/lib/test/auto/WidthTestWithSubscriberPublisher3.xml
2 ms. Memory: 547840K Free: 393528K (72%)
----------------- Invoking toplevel() on ptolemy.moml.MoMLSimpleApplication@15e0d9f5
----------------- Done invoking toplevel() on ptolemy.moml.MoMLSimpleApplication@15e0d9f5
reloadAllAccessors: .WidthTestWithSubscriberPublisher3

===========================================================================================
----------------- testing Sun Jul 14 04:57:20 UTC 2019 /home/travis/build/icyphy/ptII/ptolemy/actor/lib/test/auto/Writer.xml
----------------- Instantiating /home/travis/build/icyphy/ptII/ptolemy/actor/lib/test/auto/Writer.xml
0
1
2
3
4
2 ms. Memory: 547840K Free: 389432K (71%)
----------------- Invoking toplevel() on ptolemy.moml.MoMLSimpleApplication@7a76d1c6
----------------- Done invoking toplevel() on ptolemy.moml.MoMLSimpleApplication@7a76d1c6
reloadAllAccessors: .Writer

===========================================================================================
----------------- testing Sun Jul 14 04:57:20 UTC 2019 /home/travis/build/icyphy/ptII/ptolemy/actor/lib/test/auto/array.xml
----------------- Instantiating /home/travis/build/icyphy/ptII/ptolemy/actor/lib/test/auto/array.xml
3 ms. Memory: 547840K Free: 384312K (70%)
----------------- Invoking toplevel() on ptolemy.moml.MoMLSimpleApplication@2c382b9d
----------------- Done invoking toplevel() on ptolemy.moml.MoMLSimpleApplication@2c382b9d
reloadAllAccessors: .array

===========================================================================================
----------------- testing Sun Jul 14 04:57:20 UTC 2019 /home/travis/build/icyphy/ptII/ptolemy/actor/lib/test/auto/array2.xml
----------------- Instantiating /home/travis/build/icyphy/ptII/ptolemy/actor/lib/test/auto/array2.xml
6 ms. Memory: 547840K Free: 379688K (69%)
----------------- Invoking toplevel() on ptolemy.moml.MoMLSimpleApplication@4ff7d578
----------------- Done invoking toplevel() on ptolemy.moml.MoMLSimpleApplication@4ff7d578
reloadAllAccessors: .array2

===========================================================================================
----------------- testing Sun Jul 14 04:57:20 UTC 2019 /home/travis/build/icyphy/ptII/ptolemy/actor/lib/test/auto/arrayType.xml
----------------- Instantiating /home/travis/build/icyphy/ptII/ptolemy/actor/lib/test/auto/arrayType.xml
2 ms. Memory: 547840K Free: 374582K (68%)
----------------- Invoking toplevel() on ptolemy.moml.MoMLSimpleApplication@507c632d
----------------- Done invoking toplevel() on ptolemy.moml.MoMLSimpleApplication@507c632d
reloadAllAccessors: .arrayType

===========================================================================================
----------------- testing Sun Jul 14 04:57:20 UTC 2019 /home/travis/build/icyphy/ptII/ptolemy/actor/lib/test/auto/arrayType10.xml
----------------- Instantiating /home/travis/build/icyphy/ptII/ptolemy/actor/lib/test/auto/arrayType10.xml
1 ms. Memory: 547840K Free: 369462K (67%)
----------------- Invoking toplevel() on ptolemy.moml.MoMLSimpleApplication@7fb4d5d9
----------------- Done invoking toplevel() on ptolemy.moml.MoMLSimpleApplication@7fb4d5d9
reloadAllAccessors: .arrayType10

===========================================================================================
----------------- testing Sun Jul 14 04:57:20 UTC 2019 /home/travis/build/icyphy/ptII/ptolemy/actor/lib/test/auto/arrayType11.xml
----------------- Instantiating /home/travis/build/icyphy/ptII/ptolemy/actor/lib/test/auto/arrayType11.xml
1 ms. Memory: 547840K Free: 364856K (67%)
----------------- Invoking toplevel() on ptolemy.moml.MoMLSimpleApplication@25cf49a4
----------------- Done invoking toplevel() on ptolemy.moml.MoMLSimpleApplication@25cf49a4
reloadAllAccessors: .arrayType11

===========================================================================================
----------------- testing Sun Jul 14 04:57:20 UTC 2019 /home/travis/build/icyphy/ptII/ptolemy/actor/lib/test/auto/arrayType12.xml
----------------- Instantiating /home/travis/build/icyphy/ptII/ptolemy/actor/lib/test/auto/arrayType12.xml
2 ms. Memory: 547840K Free: 360246K (66%)
----------------- Invoking toplevel() on ptolemy.moml.MoMLSimpleApplication@53ae27fd
----------------- Done invoking toplevel() on ptolemy.moml.MoMLSimpleApplication@53ae27fd
reloadAllAccessors: .arrayType12

===========================================================================================
----------------- testing Sun Jul 14 04:57:20 UTC 2019 /home/travis/build/icyphy/ptII/ptolemy/actor/lib/test/auto/arrayType13.xml
----------------- Instantiating /home/travis/build/icyphy/ptII/ptolemy/actor/lib/test/auto/arrayType13.xml
2 ms. Memory: 547840K Free: 354616K (65%)
----------------- Invoking toplevel() on ptolemy.moml.MoMLSimpleApplication@6e05ad31
----------------- Done invoking toplevel() on ptolemy.moml.MoMLSimpleApplication@6e05ad31
reloadAllAccessors: .arrayType13

===========================================================================================
----------------- testing Sun Jul 14 04:57:20 UTC 2019 /home/travis/build/icyphy/ptII/ptolemy/actor/lib/test/auto/arrayType14.xml
----------------- Instantiating /home/travis/build/icyphy/ptII/ptolemy/actor/lib/test/auto/arrayType14.xml
2 ms. Memory: 547840K Free: 349496K (64%)
----------------- Invoking toplevel() on ptolemy.moml.MoMLSimpleApplication@4a068a4b
----------------- Done invoking toplevel() on ptolemy.moml.MoMLSimpleApplication@4a068a4b
reloadAllAccessors: .arrayType14

===========================================================================================
----------------- testing Sun Jul 14 04:57:20 UTC 2019 /home/travis/build/icyphy/ptII/ptolemy/actor/lib/test/auto/arrayType15.xml
----------------- Instantiating /home/travis/build/icyphy/ptII/ptolemy/actor/lib/test/auto/arrayType15.xml
3 ms. Memory: 547840K Free: 344376K (63%)
----------------- Invoking toplevel() on ptolemy.moml.MoMLSimpleApplication@70cd5370
----------------- Done invoking toplevel() on ptolemy.moml.MoMLSimpleApplication@70cd5370
reloadAllAccessors: .arrayType15

===========================================================================================
----------------- testing Sun Jul 14 04:57:20 UTC 2019 /home/travis/build/icyphy/ptII/ptolemy/actor/lib/test/auto/arrayType16.xml
----------------- Instantiating /home/travis/build/icyphy/ptII/ptolemy/actor/lib/test/auto/arrayType16.xml
2 ms. Memory: 547840K Free: 338742K (62%)
----------------- Invoking toplevel() on ptolemy.moml.MoMLSimpleApplication@5851408e
----------------- Done invoking toplevel() on ptolemy.moml.MoMLSimpleApplication@5851408e
reloadAllAccessors: .arrayType16

===========================================================================================
----------------- testing Sun Jul 14 04:57:20 UTC 2019 /home/travis/build/icyphy/ptII/ptolemy/actor/lib/test/auto/arrayType17.xml
----------------- Instantiating /home/travis/build/icyphy/ptII/ptolemy/actor/lib/test/auto/arrayType17.xml
2 ms. Memory: 547840K Free: 333622K (61%)
----------------- Invoking toplevel() on ptolemy.moml.MoMLSimpleApplication@3a8da35b
----------------- Done invoking toplevel() on ptolemy.moml.MoMLSimpleApplication@3a8da35b
reloadAllAccessors: .arrayType17

===========================================================================================
----------------- testing Sun Jul 14 04:57:20 UTC 2019 /home/travis/build/icyphy/ptII/ptolemy/actor/lib/test/auto/arrayType18.xml
----------------- Instantiating /home/travis/build/icyphy/ptII/ptolemy/actor/lib/test/auto/arrayType18.xml
1 ms. Memory: 547840K Free: 328502K (60%)
----------------- Invoking toplevel() on ptolemy.moml.MoMLSimpleApplication@1222e093
----------------- Done invoking toplevel() on ptolemy.moml.MoMLSimpleApplication@1222e093
reloadAllAccessors: .arrayType18

===========================================================================================
----------------- testing Sun Jul 14 04:57:20 UTC 2019 /home/travis/build/icyphy/ptII/ptolemy/actor/lib/test/auto/arrayType19.xml
----------------- Instantiating /home/travis/build/icyphy/ptII/ptolemy/actor/lib/test/auto/arrayType19.xml
1 ms. Memory: 547840K Free: 323896K (59%)
----------------- Invoking toplevel() on ptolemy.moml.MoMLSimpleApplication@7000a596
----------------- Done invoking toplevel() on ptolemy.moml.MoMLSimpleApplication@7000a596
reloadAllAccessors: .arrayType19

===========================================================================================
----------------- testing Sun Jul 14 04:57:20 UTC 2019 /home/travis/build/icyphy/ptII/ptolemy/actor/lib/test/auto/arrayType2.xml
----------------- Instantiating /home/travis/build/icyphy/ptII/ptolemy/actor/lib/test/auto/arrayType2.xml
1 ms. Memory: 547840K Free: 318776K (58%)
----------------- Invoking toplevel() on ptolemy.moml.MoMLSimpleApplication@112d663e
----------------- Done invoking toplevel() on ptolemy.moml.MoMLSimpleApplication@112d663e
reloadAllAccessors: .arrayType2

===========================================================================================
----------------- testing Sun Jul 14 04:57:20 UTC 2019 /home/travis/build/icyphy/ptII/ptolemy/actor/lib/test/auto/arrayType20.xml
----------------- Instantiating /home/travis/build/icyphy/ptII/ptolemy/actor/lib/test/auto/arrayType20.xml
1 ms. Memory: 547840K Free: 313656K (57%)
----------------- Invoking toplevel() on ptolemy.moml.MoMLSimpleApplication@734c165a
----------------- Done invoking toplevel() on ptolemy.moml.MoMLSimpleApplication@734c165a
reloadAllAccessors: .arrayType20

===========================================================================================
----------------- testing Sun Jul 14 04:57:20 UTC 2019 /home/travis/build/icyphy/ptII/ptolemy/actor/lib/test/auto/arrayType21.xml
----------------- Instantiating /home/travis/build/icyphy/ptII/ptolemy/actor/lib/test/auto/arrayType21.xml
1 ms. Memory: 547840K Free: 309046K (56%)
----------------- Invoking toplevel() on ptolemy.moml.MoMLSimpleApplication@2009d22e
----------------- Done invoking toplevel() on ptolemy.moml.MoMLSimpleApplication@2009d22e
reloadAllAccessors: .arrayType21

===========================================================================================
----------------- testing Sun Jul 14 04:57:20 UTC 2019 /home/travis/build/icyphy/ptII/ptolemy/actor/lib/test/auto/arrayType22.xml
----------------- Instantiating /home/travis/build/icyphy/ptII/ptolemy/actor/lib/test/auto/arrayType22.xml
1 ms. Memory: 547840K Free: 304440K (56%)
----------------- Invoking toplevel() on ptolemy.moml.MoMLSimpleApplication@4044adbb
----------------- Done invoking toplevel() on ptolemy.moml.MoMLSimpleApplication@4044adbb
reloadAllAccessors: .arrayType22

===========================================================================================
----------------- testing Sun Jul 14 04:57:20 UTC 2019 /home/travis/build/icyphy/ptII/ptolemy/actor/lib/test/auto/arrayType23.xml
----------------- Instantiating /home/travis/build/icyphy/ptII/ptolemy/actor/lib/test/auto/arrayType23.xml
2 ms. Memory: 547840K Free: 299320K (55%)
----------------- Invoking toplevel() on ptolemy.moml.MoMLSimpleApplication@269e2a86
----------------- Done invoking toplevel() on ptolemy.moml.MoMLSimpleApplication@269e2a86
reloadAllAccessors: .arrayType23

===========================================================================================
----------------- testing Sun Jul 14 04:57:20 UTC 2019 /home/travis/build/icyphy/ptII/ptolemy/actor/lib/test/auto/arrayType24.xml
----------------- Instantiating /home/travis/build/icyphy/ptII/ptolemy/actor/lib/test/auto/arrayType24.xml
6 ms. Memory: 547840K Free: 294710K (54%)
----------------- Invoking toplevel() on ptolemy.moml.MoMLSimpleApplication@61ddf487
----------------- Done invoking toplevel() on ptolemy.moml.MoMLSimpleApplication@61ddf487
reloadAllAccessors: .arrayType24

===========================================================================================
----------------- testing Sun Jul 14 04:57:20 UTC 2019 /home/travis/build/icyphy/ptII/ptolemy/actor/lib/test/auto/arrayType25.xml
----------------- Instantiating /home/travis/build/icyphy/ptII/ptolemy/actor/lib/test/auto/arrayType25.xml
2 ms. Memory: 547840K Free: 289576K (53%)
----------------- Invoking toplevel() on ptolemy.moml.MoMLSimpleApplication@195e25e1
----------------- Done invoking toplevel() on ptolemy.moml.MoMLSimpleApplication@195e25e1
reloadAllAccessors: .arrayType25

===========================================================================================
----------------- testing Sun Jul 14 04:57:20 UTC 2019 /home/travis/build/icyphy/ptII/ptolemy/actor/lib/test/auto/arrayType26.xml
----------------- Instantiating /home/travis/build/icyphy/ptII/ptolemy/actor/lib/test/auto/arrayType26.xml
2 ms. Memory: 547840K Free: 283960K (52%)
----------------- Invoking toplevel() on ptolemy.moml.MoMLSimpleApplication@5e766eba
----------------- Done invoking toplevel() on ptolemy.moml.MoMLSimpleApplication@5e766eba
reloadAllAccessors: .arrayType26

===========================================================================================
----------------- testing Sun Jul 14 04:57:20 UTC 2019 /home/travis/build/icyphy/ptII/ptolemy/actor/lib/test/auto/arrayType27.xml
----------------- Instantiating /home/travis/build/icyphy/ptII/ptolemy/actor/lib/test/auto/arrayType27.xml
3 ms. Memory: 547840K Free: 278840K (51%)
----------------- Invoking toplevel() on ptolemy.moml.MoMLSimpleApplication@c95e396
----------------- Done invoking toplevel() on ptolemy.moml.MoMLSimpleApplication@c95e396
reloadAllAccessors: .arrayType27

===========================================================================================
----------------- testing Sun Jul 14 04:57:20 UTC 2019 /home/travis/build/icyphy/ptII/ptolemy/actor/lib/test/auto/arrayType28.xml
----------------- Instantiating /home/travis/build/icyphy/ptII/ptolemy/actor/lib/test/auto/arrayType28.xml
2 ms. Memory: 547840K Free: 273192K (50%)
----------------- Invoking toplevel() on ptolemy.moml.MoMLSimpleApplication@643b86aa
----------------- Done invoking toplevel() on ptolemy.moml.MoMLSimpleApplication@643b86aa
reloadAllAccessors: .arrayType28

===========================================================================================
----------------- testing Sun Jul 14 04:57:20 UTC 2019 /home/travis/build/icyphy/ptII/ptolemy/actor/lib/test/auto/arrayType3.xml
----------------- Instantiating /home/travis/build/icyphy/ptII/ptolemy/actor/lib/test/auto/arrayType3.xml
2 ms. Memory: 547840K Free: 268086K (49%)
----------------- Invoking toplevel() on ptolemy.moml.MoMLSimpleApplication@5d00adc2
----------------- Done invoking toplevel() on ptolemy.moml.MoMLSimpleApplication@5d00adc2
reloadAllAccessors: .arrayType3

===========================================================================================
----------------- testing Sun Jul 14 04:57:20 UTC 2019 /home/travis/build/icyphy/ptII/ptolemy/actor/lib/test/auto/arrayType4.xml
----------------- Instantiating /home/travis/build/icyphy/ptII/ptolemy/actor/lib/test/auto/arrayType4.xml
2 ms. Memory: 547840K Free: 262966K (48%)
----------------- Invoking toplevel() on ptolemy.moml.MoMLSimpleApplication@7b01db1f
----------------- Done invoking toplevel() on ptolemy.moml.MoMLSimpleApplication@7b01db1f
reloadAllAccessors: .arrayType4

===========================================================================================
----------------- testing Sun Jul 14 04:57:20 UTC 2019 /home/travis/build/icyphy/ptII/ptolemy/actor/lib/test/auto/arrayType5.xml
----------------- Instantiating /home/travis/build/icyphy/ptII/ptolemy/actor/lib/test/auto/arrayType5.xml
1 ms. Memory: 547840K Free: 257336K (47%)
----------------- Invoking toplevel() on ptolemy.moml.MoMLSimpleApplication@46acd075
----------------- Done invoking toplevel() on ptolemy.moml.MoMLSimpleApplication@46acd075
reloadAllAccessors: .arrayType5

===========================================================================================
----------------- testing Sun Jul 14 04:57:20 UTC 2019 /home/travis/build/icyphy/ptII/ptolemy/actor/lib/test/auto/arrayType6.xml
----------------- Instantiating /home/travis/build/icyphy/ptII/ptolemy/actor/lib/test/auto/arrayType6.xml
1 ms. Memory: 547840K Free: 252726K (46%)
----------------- Invoking toplevel() on ptolemy.moml.MoMLSimpleApplication@61afdec8
----------------- Done invoking toplevel() on ptolemy.moml.MoMLSimpleApplication@61afdec8
reloadAllAccessors: .arrayType6

===========================================================================================
----------------- testing Sun Jul 14 04:57:20 UTC 2019 /home/travis/build/icyphy/ptII/ptolemy/actor/lib/test/auto/arrayType7.xml
----------------- Instantiating /home/travis/build/icyphy/ptII/ptolemy/actor/lib/test/auto/arrayType7.xml
1 ms. Memory: 547840K Free: 247606K (45%)
----------------- Invoking toplevel() on ptolemy.moml.MoMLSimpleApplication@35743a17
----------------- Done invoking toplevel() on ptolemy.moml.MoMLSimpleApplication@35743a17
reloadAllAccessors: .arrayType7

===========================================================================================
----------------- testing Sun Jul 14 04:57:20 UTC 2019 /home/travis/build/icyphy/ptII/ptolemy/actor/lib/test/auto/arrayType8.xml
----------------- Instantiating /home/travis/build/icyphy/ptII/ptolemy/actor/lib/test/auto/arrayType8.xml
7 ms. Memory: 547840K Free: 243000K (44%)
----------------- Invoking toplevel() on ptolemy.moml.MoMLSimpleApplication@6f76e514
----------------- Done invoking toplevel() on ptolemy.moml.MoMLSimpleApplication@6f76e514
reloadAllAccessors: .arrayType8

===========================================================================================
----------------- testing Sun Jul 14 04:57:20 UTC 2019 /home/travis/build/icyphy/ptII/ptolemy/actor/lib/test/auto/arrayType9.xml
----------------- Instantiating /home/travis/build/icyphy/ptII/ptolemy/actor/lib/test/auto/arrayType9.xml
3 ms. Memory: 547840K Free: 238390K (44%)
----------------- Invoking toplevel() on ptolemy.moml.MoMLSimpleApplication@458d9aee
----------------- Done invoking toplevel() on ptolemy.moml.MoMLSimpleApplication@458d9aee
reloadAllAccessors: .arrayType9

===========================================================================================
----------------- testing Sun Jul 14 04:57:20 UTC 2019 /home/travis/build/icyphy/ptII/ptolemy/actor/lib/test/auto/cast.xml
----------------- Instantiating /home/travis/build/icyphy/ptII/ptolemy/actor/lib/test/auto/cast.xml
2 ms. Memory: 547840K Free: 233270K (43%)
----------------- Invoking toplevel() on ptolemy.moml.MoMLSimpleApplication@1d40ffc6
----------------- Done invoking toplevel() on ptolemy.moml.MoMLSimpleApplication@1d40ffc6
reloadAllAccessors: .cast

===========================================================================================
----------------- testing Sun Jul 14 04:57:20 UTC 2019 /home/travis/build/icyphy/ptII/ptolemy/actor/lib/test/auto/compositeMultiPort.xml
----------------- Instantiating /home/travis/build/icyphy/ptII/ptolemy/actor/lib/test/auto/compositeMultiPort.xml
4 ms. Memory: 547840K Free: 224568K (41%)
----------------- Invoking toplevel() on ptolemy.moml.MoMLSimpleApplication@31d0431f
----------------- Done invoking toplevel() on ptolemy.moml.MoMLSimpleApplication@31d0431f
reloadAllAccessors: .compositeMultiPort

===========================================================================================
----------------- testing Sun Jul 14 04:57:20 UTC 2019 /home/travis/build/icyphy/ptII/ptolemy/actor/lib/test/auto/expressionCastInference.xml
----------------- Instantiating /home/travis/build/icyphy/ptII/ptolemy/actor/lib/test/auto/expressionCastInference.xml
3 ms. Memory: 547840K Free: 219448K (40%)
----------------- Invoking toplevel() on ptolemy.moml.MoMLSimpleApplication@f0e0fcb
----------------- Done invoking toplevel() on ptolemy.moml.MoMLSimpleApplication@f0e0fcb
reloadAllAccessors: .expressionCastInference

===========================================================================================
----------------- testing Sun Jul 14 04:57:20 UTC 2019 /home/travis/build/icyphy/ptII/ptolemy/actor/lib/test/auto/expressionCastInference2.xml
----------------- Instantiating /home/travis/build/icyphy/ptII/ptolemy/actor/lib/test/auto/expressionCastInference2.xml
3 ms. Memory: 547840K Free: 214838K (39%)
----------------- Invoking toplevel() on ptolemy.moml.MoMLSimpleApplication@63d7e23c
----------------- Done invoking toplevel() on ptolemy.moml.MoMLSimpleApplication@63d7e23c
reloadAllAccessors: .expressionCastInference2

===========================================================================================
----------------- testing Sun Jul 14 04:57:20 UTC 2019 /home/travis/build/icyphy/ptII/ptolemy/actor/lib/test/auto/expressionInference.xml
----------------- Instantiating /home/travis/build/icyphy/ptII/ptolemy/actor/lib/test/auto/expressionInference.xml
1 ms. Memory: 547840K Free: 210742K (38%)
----------------- Invoking toplevel() on ptolemy.moml.MoMLSimpleApplication@7b263468
----------------- Done invoking toplevel() on ptolemy.moml.MoMLSimpleApplication@7b263468
reloadAllAccessors: .expressionInference

===========================================================================================
----------------- testing Sun Jul 14 04:57:20 UTC 2019 /home/travis/build/icyphy/ptII/ptolemy/actor/lib/test/auto/expression_bug.xml
----------------- Instantiating /home/travis/build/icyphy/ptII/ptolemy/actor/lib/test/auto/expression_bug.xml
2 ms. Memory: 547840K Free: 206136K (38%)
----------------- Invoking toplevel() on ptolemy.moml.MoMLSimpleApplication@637fc19b
----------------- Done invoking toplevel() on ptolemy.moml.MoMLSimpleApplication@637fc19b
reloadAllAccessors: .expression_bug

===========================================================================================
----------------- testing Sun Jul 14 04:57:20 UTC 2019 /home/travis/build/icyphy/ptII/ptolemy/actor/lib/test/auto/factorial.xml
----------------- Instantiating /home/travis/build/icyphy/ptII/ptolemy/actor/lib/test/auto/factorial.xml
44 ms. Memory: 547840K Free: 197944K (36%)
----------------- Invoking toplevel() on ptolemy.moml.MoMLSimpleApplication@52e49f16
----------------- Done invoking toplevel() on ptolemy.moml.MoMLSimpleApplication@52e49f16
reloadAllAccessors: .factorial

===========================================================================================
----------------- testing Sun Jul 14 04:57:20 UTC 2019 /home/travis/build/icyphy/ptII/ptolemy/actor/lib/test/auto/filterTest1.xml
----------------- Instantiating /home/travis/build/icyphy/ptII/ptolemy/actor/lib/test/auto/filterTest1.xml
3 ms. Memory: 547840K Free: 191800K (35%)
----------------- Invoking toplevel() on ptolemy.moml.MoMLSimpleApplication@1fec9d26
----------------- Done invoking toplevel() on ptolemy.moml.MoMLSimpleApplication@1fec9d26
reloadAllAccessors: .filterTest1

===========================================================================================
----------------- testing Sun Jul 14 04:57:20 UTC 2019 /home/travis/build/icyphy/ptII/ptolemy/actor/lib/test/auto/funcApplyInConst.xml
----------------- Instantiating /home/travis/build/icyphy/ptII/ptolemy/actor/lib/test/auto/funcApplyInConst.xml
1 ms. Memory: 547840K Free: 188214K (34%)
----------------- Invoking toplevel() on ptolemy.moml.MoMLSimpleApplication@2fe4bd4
----------------- Done invoking toplevel() on ptolemy.moml.MoMLSimpleApplication@2fe4bd4
reloadAllAccessors: .funcApplyInConst

===========================================================================================
----------------- testing Sun Jul 14 04:57:21 UTC 2019 /home/travis/build/icyphy/ptII/ptolemy/actor/lib/test/auto/funcApplyInExpr.xml
----------------- Instantiating /home/travis/build/icyphy/ptII/ptolemy/actor/lib/test/auto/funcApplyInExpr.xml
2 ms. Memory: 547840K Free: 184118K (34%)
----------------- Invoking toplevel() on ptolemy.moml.MoMLSimpleApplication@10a6c77d
----------------- Done invoking toplevel() on ptolemy.moml.MoMLSimpleApplication@10a6c77d
reloadAllAccessors: .funcApplyInExpr

===========================================================================================
----------------- testing Sun Jul 14 04:57:21 UTC 2019 /home/travis/build/icyphy/ptII/ptolemy/actor/lib/test/auto/function.xml
----------------- Instantiating /home/travis/build/icyphy/ptII/ptolemy/actor/lib/test/auto/function.xml
2 ms. Memory: 547840K Free: 179512K (33%)
----------------- Invoking toplevel() on ptolemy.moml.MoMLSimpleApplication@7424081d
----------------- Done invoking toplevel() on ptolemy.moml.MoMLSimpleApplication@7424081d
reloadAllAccessors: .function

===========================================================================================
----------------- testing Sun Jul 14 04:57:21 UTC 2019 /home/travis/build/icyphy/ptII/ptolemy/actor/lib/test/auto/function2.xml
----------------- Instantiating /home/travis/build/icyphy/ptII/ptolemy/actor/lib/test/auto/function2.xml
3 ms. Memory: 547840K Free: 490685K (90%)
----------------- Invoking toplevel() on ptolemy.moml.MoMLSimpleApplication@63c1e07a
----------------- Done invoking toplevel() on ptolemy.moml.MoMLSimpleApplication@63c1e07a
reloadAllAccessors: .function2

===========================================================================================
----------------- testing Sun Jul 14 04:57:21 UTC 2019 /home/travis/build/icyphy/ptII/ptolemy/actor/lib/test/auto/function3.xml
----------------- Instantiating /home/travis/build/icyphy/ptII/ptolemy/actor/lib/test/auto/function3.xml
2 ms. Memory: 547840K Free: 486079K (89%)
----------------- Invoking toplevel() on ptolemy.moml.MoMLSimpleApplication@5a71826
----------------- Done invoking toplevel() on ptolemy.moml.MoMLSimpleApplication@5a71826
reloadAllAccessors: .function3

===========================================================================================
----------------- testing Sun Jul 14 04:57:21 UTC 2019 /home/travis/build/icyphy/ptII/ptolemy/actor/lib/test/auto/functionClosureTest1.xml
----------------- Instantiating /home/travis/build/icyphy/ptII/ptolemy/actor/lib/test/auto/functionClosureTest1.xml
2 ms. Memory: 547840K Free: 480414K (88%)
----------------- Invoking toplevel() on ptolemy.moml.MoMLSimpleApplication@2a9f34a5
----------------- Done invoking toplevel() on ptolemy.moml.MoMLSimpleApplication@2a9f34a5
reloadAllAccessors: .functionClosureTest1

===========================================================================================
----------------- testing Sun Jul 14 04:57:21 UTC 2019 /home/travis/build/icyphy/ptII/ptolemy/actor/lib/test/auto/functionClosureTest2.xml
----------------- Instantiating /home/travis/build/icyphy/ptII/ptolemy/actor/lib/test/auto/functionClosureTest2.xml
1 ms. Memory: 547840K Free: 476349K (87%)
----------------- Invoking toplevel() on ptolemy.moml.MoMLSimpleApplication@66d3248
----------------- Done invoking toplevel() on ptolemy.moml.MoMLSimpleApplication@66d3248
reloadAllAccessors: .functionClosureTest2

===========================================================================================
----------------- testing Sun Jul 14 04:57:21 UTC 2019 /home/travis/build/icyphy/ptII/ptolemy/actor/lib/test/auto/functionClosureTest3.xml
----------------- Instantiating /home/travis/build/icyphy/ptII/ptolemy/actor/lib/test/auto/functionClosureTest3.xml
2 ms. Memory: 547840K Free: 471198K (86%)
----------------- Invoking toplevel() on ptolemy.moml.MoMLSimpleApplication@34fed4de
----------------- Done invoking toplevel() on ptolemy.moml.MoMLSimpleApplication@34fed4de
reloadAllAccessors: .functionClosureTest3

===========================================================================================
----------------- testing Sun Jul 14 04:57:21 UTC 2019 /home/travis/build/icyphy/ptII/ptolemy/actor/lib/test/auto/functionClosureTest4.xml
----------------- Instantiating /home/travis/build/icyphy/ptII/ptolemy/actor/lib/test/auto/functionClosureTest4.xml
5 ms. Memory: 547840K Free: 464575K (85%)
----------------- Invoking toplevel() on ptolemy.moml.MoMLSimpleApplication@63158b70
----------------- Done invoking toplevel() on ptolemy.moml.MoMLSimpleApplication@63158b70
reloadAllAccessors: .functionClosureTest4

===========================================================================================
----------------- testing Sun Jul 14 04:57:21 UTC 2019 /home/travis/build/icyphy/ptII/ptolemy/actor/lib/test/auto/functionClosureTest5.xml
----------------- Instantiating /home/travis/build/icyphy/ptII/ptolemy/actor/lib/test/auto/functionClosureTest5.xml
4 ms. Memory: 547840K Free: 459455K (84%)
----------------- Invoking toplevel() on ptolemy.moml.MoMLSimpleApplication@71d8aa9a
----------------- Done invoking toplevel() on ptolemy.moml.MoMLSimpleApplication@71d8aa9a
reloadAllAccessors: .functionClosureTest5

===========================================================================================
----------------- testing Sun Jul 14 04:57:21 UTC 2019 /home/travis/build/icyphy/ptII/ptolemy/actor/lib/test/auto/functionClosureTest6.xml
----------------- Instantiating /home/travis/build/icyphy/ptII/ptolemy/actor/lib/test/auto/functionClosureTest6.xml
2 ms. Memory: 547840K Free: 454335K (83%)
----------------- Invoking toplevel() on ptolemy.moml.MoMLSimpleApplication@66c74cab
----------------- Done invoking toplevel() on ptolemy.moml.MoMLSimpleApplication@66c74cab
reloadAllAccessors: .functionClosureTest6

===========================================================================================
----------------- testing Sun Jul 14 04:57:21 UTC 2019 /home/travis/build/icyphy/ptII/ptolemy/actor/lib/test/auto/functionsOnArcs.xml
----------------- Instantiating /home/travis/build/icyphy/ptII/ptolemy/actor/lib/test/auto/functionsOnArcs.xml
5 ms. Memory: 547840K Free: 449215K (82%)
----------------- Invoking toplevel() on ptolemy.moml.MoMLSimpleApplication@765f98e1
----------------- Done invoking toplevel() on ptolemy.moml.MoMLSimpleApplication@765f98e1
reloadAllAccessors: .functionsOnArcs

===========================================================================================
----------------- testing Sun Jul 14 04:57:21 UTC 2019 /home/travis/build/icyphy/ptII/ptolemy/actor/lib/test/auto/functionsOnArcsHOF.xml
----------------- Instantiating /home/travis/build/icyphy/ptII/ptolemy/actor/lib/test/auto/functionsOnArcsHOF.xml
3 ms. Memory: 547840K Free: 443071K (81%)
----------------- Invoking toplevel() on ptolemy.moml.MoMLSimpleApplication@16e15361
----------------- Done invoking toplevel() on ptolemy.moml.MoMLSimpleApplication@16e15361
reloadAllAccessors: .functionsOnArcsHOF

===========================================================================================
----------------- testing Sun Jul 14 04:57:21 UTC 2019 /home/travis/build/icyphy/ptII/ptolemy/actor/lib/test/auto/logic.xml
----------------- Instantiating /home/travis/build/icyphy/ptII/ptolemy/actor/lib/test/auto/logic.xml
2 ms. Memory: 547840K Free: 435903K (80%)
----------------- Invoking toplevel() on ptolemy.moml.MoMLSimpleApplication@37a75eec
----------------- Done invoking toplevel() on ptolemy.moml.MoMLSimpleApplication@37a75eec
reloadAllAccessors: .logic

===========================================================================================
----------------- testing Sun Jul 14 04:57:21 UTC 2019 /home/travis/build/icyphy/ptII/ptolemy/actor/lib/test/auto/matrixType.xml
----------------- Instantiating /home/travis/build/icyphy/ptII/ptolemy/actor/lib/test/auto/matrixType.xml
1 ms. Memory: 547840K Free: 430269K (79%)
----------------- Invoking toplevel() on ptolemy.moml.MoMLSimpleApplication@fdb404d
----------------- Done invoking toplevel() on ptolemy.moml.MoMLSimpleApplication@fdb404d
reloadAllAccessors: .matrixType

===========================================================================================
----------------- testing Sun Jul 14 04:57:21 UTC 2019 /home/travis/build/icyphy/ptII/ptolemy/actor/lib/test/auto/matrixType10.xml
----------------- Instantiating /home/travis/build/icyphy/ptII/ptolemy/actor/lib/test/auto/matrixType10.xml
2 ms. Memory: 547840K Free: 425663K (78%)
----------------- Invoking toplevel() on ptolemy.moml.MoMLSimpleApplication@5ec0b04a
----------------- Done invoking toplevel() on ptolemy.moml.MoMLSimpleApplication@5ec0b04a
reloadAllAccessors: .matrixType10

===========================================================================================
----------------- testing Sun Jul 14 04:57:21 UTC 2019 /home/travis/build/icyphy/ptII/ptolemy/actor/lib/test/auto/matrixType11.xml
----------------- Instantiating /home/travis/build/icyphy/ptII/ptolemy/actor/lib/test/auto/matrixType11.xml
1 ms. Memory: 547840K Free: 421053K (77%)
----------------- Invoking toplevel() on ptolemy.moml.MoMLSimpleApplication@4f22d59a
----------------- Done invoking toplevel() on ptolemy.moml.MoMLSimpleApplication@4f22d59a
reloadAllAccessors: .matrixType11

===========================================================================================
----------------- testing Sun Jul 14 04:57:21 UTC 2019 /home/travis/build/icyphy/ptII/ptolemy/actor/lib/test/auto/matrixType12.xml
----------------- Instantiating /home/travis/build/icyphy/ptII/ptolemy/actor/lib/test/auto/matrixType12.xml
2 ms. Memory: 547840K Free: 415933K (76%)
----------------- Invoking toplevel() on ptolemy.moml.MoMLSimpleApplication@10547652
----------------- Done invoking toplevel() on ptolemy.moml.MoMLSimpleApplication@10547652
reloadAllAccessors: .matrixType12

===========================================================================================
----------------- testing Sun Jul 14 04:57:21 UTC 2019 /home/travis/build/icyphy/ptII/ptolemy/actor/lib/test/auto/matrixType13.xml
----------------- Instantiating /home/travis/build/icyphy/ptII/ptolemy/actor/lib/test/auto/matrixType13.xml
2 ms. Memory: 547840K Free: 411327K (75%)
----------------- Invoking toplevel() on ptolemy.moml.MoMLSimpleApplication@aeb1cea
----------------- Done invoking toplevel() on ptolemy.moml.MoMLSimpleApplication@aeb1cea
reloadAllAccessors: .matrixType13

===========================================================================================
----------------- testing Sun Jul 14 04:57:21 UTC 2019 /home/travis/build/icyphy/ptII/ptolemy/actor/lib/test/auto/matrixType14.xml
----------------- Instantiating /home/travis/build/icyphy/ptII/ptolemy/actor/lib/test/auto/matrixType14.xml
1 ms. Memory: 547840K Free: 405693K (74%)
----------------- Invoking toplevel() on ptolemy.moml.MoMLSimpleApplication@18d6c340
----------------- Done invoking toplevel() on ptolemy.moml.MoMLSimpleApplication@18d6c340
reloadAllAccessors: .matrixType14

===========================================================================================
----------------- testing Sun Jul 14 04:57:21 UTC 2019 /home/travis/build/icyphy/ptII/ptolemy/actor/lib/test/auto/matrixType2.xml
----------------- Instantiating /home/travis/build/icyphy/ptII/ptolemy/actor/lib/test/auto/matrixType2.xml
2 ms. Memory: 547840K Free: 400573K (73%)
----------------- Invoking toplevel() on ptolemy.moml.MoMLSimpleApplication@7dd66495
----------------- Done invoking toplevel() on ptolemy.moml.MoMLSimpleApplication@7dd66495
reloadAllAccessors: .matrixType2

===========================================================================================
----------------- testing Sun Jul 14 04:57:21 UTC 2019 /home/travis/build/icyphy/ptII/ptolemy/actor/lib/test/auto/matrixType3.xml
----------------- Instantiating /home/travis/build/icyphy/ptII/ptolemy/actor/lib/test/auto/matrixType3.xml
1 ms. Memory: 547840K Free: 395453K (72%)
----------------- Invoking toplevel() on ptolemy.moml.MoMLSimpleApplication@1e7a4600
----------------- Done invoking toplevel() on ptolemy.moml.MoMLSimpleApplication@1e7a4600
reloadAllAccessors: .matrixType3

===========================================================================================
----------------- testing Sun Jul 14 04:57:21 UTC 2019 /home/travis/build/icyphy/ptII/ptolemy/actor/lib/test/auto/matrixType4.xml
----------------- Instantiating /home/travis/build/icyphy/ptII/ptolemy/actor/lib/test/auto/matrixType4.xml
1 ms. Memory: 547840K Free: 390847K (71%)
----------------- Invoking toplevel() on ptolemy.moml.MoMLSimpleApplication@2205ab39
----------------- Done invoking toplevel() on ptolemy.moml.MoMLSimpleApplication@2205ab39
reloadAllAccessors: .matrixType4

===========================================================================================
----------------- testing Sun Jul 14 04:57:21 UTC 2019 /home/travis/build/icyphy/ptII/ptolemy/actor/lib/test/auto/matrixType5.xml
----------------- Instantiating /home/travis/build/icyphy/ptII/ptolemy/actor/lib/test/auto/matrixType5.xml
1 ms. Memory: 547840K Free: 385727K (70%)
----------------- Invoking toplevel() on ptolemy.moml.MoMLSimpleApplication@40f7fc14
----------------- Done invoking toplevel() on ptolemy.moml.MoMLSimpleApplication@40f7fc14
reloadAllAccessors: .matrixType5

===========================================================================================
----------------- testing Sun Jul 14 04:57:21 UTC 2019 /home/travis/build/icyphy/ptII/ptolemy/actor/lib/test/auto/matrixType6.xml
----------------- Instantiating /home/travis/build/icyphy/ptII/ptolemy/actor/lib/test/auto/matrixType6.xml
2 ms. Memory: 547840K Free: 381117K (70%)
----------------- Invoking toplevel() on ptolemy.moml.MoMLSimpleApplication@7d7e6403
----------------- Done invoking toplevel() on ptolemy.moml.MoMLSimpleApplication@7d7e6403
reloadAllAccessors: .matrixType6

===========================================================================================
----------------- testing Sun Jul 14 04:57:21 UTC 2019 /home/travis/build/icyphy/ptII/ptolemy/actor/lib/test/auto/matrixType7.xml
----------------- Instantiating /home/travis/build/icyphy/ptII/ptolemy/actor/lib/test/auto/matrixType7.xml
2 ms. Memory: 547840K Free: 375997K (69%)
----------------- Invoking toplevel() on ptolemy.moml.MoMLSimpleApplication@680b568b
----------------- Done invoking toplevel() on ptolemy.moml.MoMLSimpleApplication@680b568b
reloadAllAccessors: .matrixType7

===========================================================================================
----------------- testing Sun Jul 14 04:57:21 UTC 2019 /home/travis/build/icyphy/ptII/ptolemy/actor/lib/test/auto/matrixType8.xml
----------------- Instantiating /home/travis/build/icyphy/ptII/ptolemy/actor/lib/test/auto/matrixType8.xml
1 ms. Memory: 547840K Free: 371391K (68%)
----------------- Invoking toplevel() on ptolemy.moml.MoMLSimpleApplication@40febd96
----------------- Done invoking toplevel() on ptolemy.moml.MoMLSimpleApplication@40febd96
reloadAllAccessors: .matrixType8

===========================================================================================
----------------- testing Sun Jul 14 04:57:21 UTC 2019 /home/travis/build/icyphy/ptII/ptolemy/actor/lib/test/auto/matrixType9.xml
----------------- Instantiating /home/travis/build/icyphy/ptII/ptolemy/actor/lib/test/auto/matrixType9.xml
1 ms. Memory: 547840K Free: 366271K (67%)
----------------- Invoking toplevel() on ptolemy.moml.MoMLSimpleApplication@18bf2740
----------------- Done invoking toplevel() on ptolemy.moml.MoMLSimpleApplication@18bf2740
reloadAllAccessors: .matrixType9

===========================================================================================
----------------- testing Sun Jul 14 04:57:21 UTC 2019 /home/travis/build/icyphy/ptII/ptolemy/actor/lib/test/auto/paraFunctest.xml
----------------- Instantiating /home/travis/build/icyphy/ptII/ptolemy/actor/lib/test/auto/paraFunctest.xml
2 ms. Memory: 547840K Free: 362175K (66%)
----------------- Invoking toplevel() on ptolemy.moml.MoMLSimpleApplication@620199f0
----------------- Done invoking toplevel() on ptolemy.moml.MoMLSimpleApplication@620199f0
reloadAllAccessors: .paraFunctest

===========================================================================================
----------------- testing Sun Jul 14 04:57:21 UTC 2019 /home/travis/build/icyphy/ptII/ptolemy/actor/lib/test/auto/paraFunctest2.xml
----------------- Instantiating /home/travis/build/icyphy/ptII/ptolemy/actor/lib/test/auto/paraFunctest2.xml
1 ms. Memory: 547840K Free: 357565K (65%)
----------------- Invoking toplevel() on ptolemy.moml.MoMLSimpleApplication@b601b1c
----------------- Done invoking toplevel() on ptolemy.moml.MoMLSimpleApplication@b601b1c
reloadAllAccessors: .paraFunctest2

===========================================================================================
----------------- testing Sun Jul 14 04:57:21 UTC 2019 /home/travis/build/icyphy/ptII/ptolemy/actor/lib/test/auto/parameterPassing.xml
----------------- Instantiating /home/travis/build/icyphy/ptII/ptolemy/actor/lib/test/auto/parameterPassing.xml
1 ms. Memory: 547840K Free: 353469K (65%)
----------------- Invoking toplevel() on ptolemy.moml.MoMLSimpleApplication@3b7040f0
----------------- Done invoking toplevel() on ptolemy.moml.MoMLSimpleApplication@3b7040f0
reloadAllAccessors: .parameterPassing

===========================================================================================
----------------- testing Sun Jul 14 04:57:21 UTC 2019 /home/travis/build/icyphy/ptII/ptolemy/actor/lib/test/auto/record.xml
----------------- Instantiating /home/travis/build/icyphy/ptII/ptolemy/actor/lib/test/auto/record.xml
3 ms. Memory: 547840K Free: 348349K (64%)
----------------- Invoking toplevel() on ptolemy.moml.MoMLSimpleApplication@3bc37c11
----------------- Done invoking toplevel() on ptolemy.moml.MoMLSimpleApplication@3bc37c11
reloadAllAccessors: .record

===========================================================================================
----------------- testing Sun Jul 14 04:57:21 UTC 2019 /home/travis/build/icyphy/ptII/ptolemy/actor/lib/test/auto/sizedarray1.xml
----------------- Instantiating /home/travis/build/icyphy/ptII/ptolemy/actor/lib/test/auto/sizedarray1.xml
1 ms. Memory: 547840K Free: 343229K (63%)
----------------- Invoking toplevel() on ptolemy.moml.MoMLSimpleApplication@4ad83269
----------------- Done invoking toplevel() on ptolemy.moml.MoMLSimpleApplication@4ad83269
reloadAllAccessors: .sizedarray1

===========================================================================================
----------------- testing Sun Jul 14 04:57:21 UTC 2019 /home/travis/build/icyphy/ptII/ptolemy/actor/lib/test/auto/sizedarray2.xml
----------------- Instantiating /home/travis/build/icyphy/ptII/ptolemy/actor/lib/test/auto/sizedarray2.xml
3 ms. Memory: 547840K Free: 337599K (62%)
----------------- Invoking toplevel() on ptolemy.moml.MoMLSimpleApplication@6037b861
----------------- Done invoking toplevel() on ptolemy.moml.MoMLSimpleApplication@6037b861
reloadAllAccessors: .sizedarray2

===========================================================================================
----------------- testing Sun Jul 14 04:57:21 UTC 2019 /home/travis/build/icyphy/ptII/ptolemy/actor/lib/test/auto/twoPublishers.xml
----------------- Instantiating /home/travis/build/icyphy/ptII/ptolemy/actor/lib/test/auto/twoPublishers.xml
8 ms. Memory: 547840K Free: 326830K (60%)
----------------- Invoking toplevel() on ptolemy.moml.MoMLSimpleApplication@4617935b
----------------- Done invoking toplevel() on ptolemy.moml.MoMLSimpleApplication@4617935b
reloadAllAccessors: .twoPublishers
AutoTests.java: About to close Vertx.
AutoTests.java: Vertx closed.
]]></system-out>
  <system-err><![CDATA[java.lang.RuntimeException: Execution failed
	at ptolemy.moml.MoMLSimpleApplication$UnloadThread.run(MoMLSimpleApplication.java:402)
Caused by: java.lang.RuntimeException: StringUtilities.exit() was called. Normally, we would exit here because Manager.exitAfterWrapup() was called.  However, because the ptolemy.ptII.exitAfterWrapup property is set, we throw this exception instead.
	at ptolemy.util.StringUtilities.exit(StringUtilities.java:363)
	at ptolemy.actor.Manager.wrapup(Manager.java:1531)
	at ptolemy.actor.Manager.execute(Manager.java:407)
	at ptolemy.actor.Manager.run(Manager.java:1263)
	at ptolemy.actor.Manager$PtolemyRunThread.run(Manager.java:1915)
Warning: '.top.test' is in training mode, set the trainingMode parameter to false before checking in
Warning: '.top.test' is in training mode, set the trainingMode parameter to false before checking in
Warning: '.top.test' is in training mode, set the trainingMode parameter to false before checking in
Warning: '.BooleanSwitch_RegressionTest_WrongTrainingValues.Test' is in training mode, set the trainingMode parameter to false before checking in
Warning: '.BooleanSwitch_RegressionTest_WrongTrainingValues.Test2' is in training mode, set the trainingMode parameter to false before checking in
Warning: '.BooleanSwitch_RegressionTest_WrongTrainingValues.Test2' The test produced 0 tokens.
Warning: '.top.testExceptionHandler' is in training mode, set the trainingMode parameter to false before checking in
java.lang.RuntimeException: Execution failed
	at ptolemy.moml.MoMLSimpleApplication$UnloadThread.run(MoMLSimpleApplication.java:402)
Caused by: ptolemy.kernel.util.IllegalActionException: PublisherPorts cannot be used at the top level, use a Publisher actor instead.
  in .PublisherPortToplevelSubscriber.PublisherPort
	at ptolemy.actor.PublisherPort.preinitialize(PublisherPort.java:403)
	at ptolemy.actor.CompositeActor.preinitialize(CompositeActor.java:1769)
	at ptolemy.actor.Manager.preinitializeAndResolveTypes(Manager.java:1040)
	at ptolemy.actor.Manager.initialize(Manager.java:710)
	at ptolemy.actor.Manager.execute(Manager.java:356)
	at ptolemy.actor.Manager.run(Manager.java:1263)
	at ptolemy.actor.Manager$PtolemyRunThread.run(Manager.java:1915)
java.lang.reflect.InvocationTargetException
	at java.base/jdk.internal.reflect.NativeConstructorAccessorImpl.newInstance0(Native Method)
	at java.base/jdk.internal.reflect.NativeConstructorAccessorImpl.newInstance(NativeConstructorAccessorImpl.java:62)
	at java.base/jdk.internal.reflect.DelegatingConstructorAccessorImpl.newInstance(DelegatingConstructorAccessorImpl.java:45)
	at java.base/java.lang.reflect.Constructor.newInstance(Constructor.java:490)
	at ptolemy.util.test.junit.AutoKnownFailedTests.RunModel(AutoKnownFailedTests.java:105)
	at java.base/jdk.internal.reflect.NativeMethodAccessorImpl.invoke0(Native Method)
	at java.base/jdk.internal.reflect.NativeMethodAccessorImpl.invoke(NativeMethodAccessorImpl.java:62)
	at java.base/jdk.internal.reflect.DelegatingMethodAccessorImpl.invoke(DelegatingMethodAccessorImpl.java:43)
	at java.base/java.lang.reflect.Method.invoke(Method.java:566)
	at org.junit.runners.model.FrameworkMethod$1.runReflectiveCall(FrameworkMethod.java:44)
	at org.junit.internal.runners.model.ReflectiveCallable.run(ReflectiveCallable.java:15)
	at org.junit.runners.model.FrameworkMethod.invokeExplosively(FrameworkMethod.java:41)
	at junitparams.internal.InvokeParameterisedMethod.evaluate(InvokeParameterisedMethod.java:102)
	at org.junit.internal.runners.statements.FailOnTimeout$1.run(FailOnTimeout.java:28)
Caused by: ptolemy.kernel.util.IllegalActionException: PublisherPorts cannot be used at the top level, use a Publisher actor instead.
  in .PublisherPortToplevelSubscriber.PublisherPort
	at ptolemy.actor.PublisherPort.preinitialize(PublisherPort.java:403)
	at ptolemy.actor.CompositeActor.preinitialize(CompositeActor.java:1769)
	at ptolemy.actor.Manager.preinitializeAndResolveTypes(Manager.java:1040)
	at ptolemy.actor.Manager.initialize(Manager.java:710)
	at ptolemy.actor.Manager.execute(Manager.java:356)
	at ptolemy.actor.Manager.run(Manager.java:1263)
	at ptolemy.actor.Manager$PtolemyRunThread.run(Manager.java:1915)
java.lang.RuntimeException: Execution failed
	at ptolemy.moml.MoMLSimpleApplication$UnloadThread.run(MoMLSimpleApplication.java:402)
Caused by: ptolemy.kernel.util.IllegalActionException: SubscriberPorts cannot be used at the top level, use a Subscriber actor instead.
  in .PublisherSubscriberPortToplevel.SubscriberPort
	at ptolemy.actor.SubscriberPort.preinitialize(SubscriberPort.java:328)
	at ptolemy.actor.CompositeActor.preinitialize(CompositeActor.java:1769)
	at ptolemy.actor.Manager.preinitializeAndResolveTypes(Manager.java:1040)
	at ptolemy.actor.Manager.initialize(Manager.java:710)
	at ptolemy.actor.Manager.execute(Manager.java:356)
	at ptolemy.actor.Manager.run(Manager.java:1263)
	at ptolemy.actor.Manager$PtolemyRunThread.run(Manager.java:1915)
java.lang.reflect.InvocationTargetException
	at java.base/jdk.internal.reflect.NativeConstructorAccessorImpl.newInstance0(Native Method)
	at java.base/jdk.internal.reflect.NativeConstructorAccessorImpl.newInstance(NativeConstructorAccessorImpl.java:62)
	at java.base/jdk.internal.reflect.DelegatingConstructorAccessorImpl.newInstance(DelegatingConstructorAccessorImpl.java:45)
	at java.base/java.lang.reflect.Constructor.newInstance(Constructor.java:490)
	at ptolemy.util.test.junit.AutoKnownFailedTests.RunModel(AutoKnownFailedTests.java:105)
	at java.base/jdk.internal.reflect.NativeMethodAccessorImpl.invoke0(Native Method)
	at java.base/jdk.internal.reflect.NativeMethodAccessorImpl.invoke(NativeMethodAccessorImpl.java:62)
	at java.base/jdk.internal.reflect.DelegatingMethodAccessorImpl.invoke(DelegatingMethodAccessorImpl.java:43)
	at java.base/java.lang.reflect.Method.invoke(Method.java:566)
	at org.junit.runners.model.FrameworkMethod$1.runReflectiveCall(FrameworkMethod.java:44)
	at org.junit.internal.runners.model.ReflectiveCallable.run(ReflectiveCallable.java:15)
	at org.junit.runners.model.FrameworkMethod.invokeExplosively(FrameworkMethod.java:41)
	at junitparams.internal.InvokeParameterisedMethod.evaluate(InvokeParameterisedMethod.java:102)
	at org.junit.internal.runners.statements.FailOnTimeout$1.run(FailOnTimeout.java:28)
Caused by: ptolemy.kernel.util.IllegalActionException: SubscriberPorts cannot be used at the top level, use a Subscriber actor instead.
  in .PublisherSubscriberPortToplevel.SubscriberPort
	at ptolemy.actor.SubscriberPort.preinitialize(SubscriberPort.java:328)
	at ptolemy.actor.CompositeActor.preinitialize(CompositeActor.java:1769)
	at ptolemy.actor.Manager.preinitializeAndResolveTypes(Manager.java:1040)
	at ptolemy.actor.Manager.initialize(Manager.java:710)
	at ptolemy.actor.Manager.execute(Manager.java:356)
	at ptolemy.actor.Manager.run(Manager.java:1263)
	at ptolemy.actor.Manager$PtolemyRunThread.run(Manager.java:1915)
java.lang.RuntimeException: Execution failed
	at ptolemy.moml.MoMLSimpleApplication$UnloadThread.run(MoMLSimpleApplication.java:402)
Caused by: ptolemy.kernel.util.IllegalActionException: SubscriptionAggregatorPorts cannot be used at the top level, use a SubscriptionAggregator actor instead.
  in .PublisherSubscriptionAggregatorPort.SubscriptionAggregatorPort
	at ptolemy.actor.SubscriptionAggregatorPort.preinitialize(SubscriptionAggregatorPort.java:353)
	at ptolemy.actor.CompositeActor.preinitialize(CompositeActor.java:1769)
	at ptolemy.actor.Manager.preinitializeAndResolveTypes(Manager.java:1040)
	at ptolemy.actor.Manager.initialize(Manager.java:710)
	at ptolemy.actor.Manager.execute(Manager.java:356)
	at ptolemy.actor.Manager.run(Manager.java:1263)
	at ptolemy.actor.Manager$PtolemyRunThread.run(Manager.java:1915)
java.lang.reflect.InvocationTargetException
	at java.base/jdk.internal.reflect.NativeConstructorAccessorImpl.newInstance0(Native Method)
	at java.base/jdk.internal.reflect.NativeConstructorAccessorImpl.newInstance(NativeConstructorAccessorImpl.java:62)
	at java.base/jdk.internal.reflect.DelegatingConstructorAccessorImpl.newInstance(DelegatingConstructorAccessorImpl.java:45)
	at java.base/java.lang.reflect.Constructor.newInstance(Constructor.java:490)
	at ptolemy.util.test.junit.AutoKnownFailedTests.RunModel(AutoKnownFailedTests.java:105)
	at java.base/jdk.internal.reflect.NativeMethodAccessorImpl.invoke0(Native Method)
	at java.base/jdk.internal.reflect.NativeMethodAccessorImpl.invoke(NativeMethodAccessorImpl.java:62)
	at java.base/jdk.internal.reflect.DelegatingMethodAccessorImpl.invoke(DelegatingMethodAccessorImpl.java:43)
	at java.base/java.lang.reflect.Method.invoke(Method.java:566)
	at org.junit.runners.model.FrameworkMethod$1.runReflectiveCall(FrameworkMethod.java:44)
	at org.junit.internal.runners.model.ReflectiveCallable.run(ReflectiveCallable.java:15)
	at org.junit.runners.model.FrameworkMethod.invokeExplosively(FrameworkMethod.java:41)
	at junitparams.internal.InvokeParameterisedMethod.evaluate(InvokeParameterisedMethod.java:102)
	at org.junit.internal.runners.statements.FailOnTimeout$1.run(FailOnTimeout.java:28)
Caused by: ptolemy.kernel.util.IllegalActionException: SubscriptionAggregatorPorts cannot be used at the top level, use a SubscriptionAggregator actor instead.
  in .PublisherSubscriptionAggregatorPort.SubscriptionAggregatorPort
	at ptolemy.actor.SubscriptionAggregatorPort.preinitialize(SubscriptionAggregatorPort.java:353)
	at ptolemy.actor.CompositeActor.preinitialize(CompositeActor.java:1769)
	at ptolemy.actor.Manager.preinitializeAndResolveTypes(Manager.java:1040)
	at ptolemy.actor.Manager.initialize(Manager.java:710)
	at ptolemy.actor.Manager.execute(Manager.java:356)
	at ptolemy.actor.Manager.run(Manager.java:1263)
	at ptolemy.actor.Manager$PtolemyRunThread.run(Manager.java:1915)
java.lang.RuntimeException: Execution failed
	at ptolemy.moml.MoMLSimpleApplication$UnloadThread.run(MoMLSimpleApplication.java:402)
Caused by: ptolemy.kernel.util.IllegalActionException: TypeTest actor has no training data.
  in .sizedarray3.TypeTest
	at ptolemy.actor.lib.TypeTest.initialize(TypeTest.java:250)
	at ptolemy.actor.Director.initialize(Director.java:938)
	at ptolemy.actor.Director.initialize(Director.java:907)
	at ptolemy.actor.sched.StaticSchedulingDirector.initialize(StaticSchedulingDirector.java:159)
	at ptolemy.domains.sdf.kernel.SDFDirector.initialize(SDFDirector.java:544)
	at ptolemy.actor.CompositeActor.initialize(CompositeActor.java:935)
	at ptolemy.actor.Manager.initialize(Manager.java:724)
	at ptolemy.actor.Manager.execute(Manager.java:356)
	at ptolemy.actor.Manager.run(Manager.java:1263)
	at ptolemy.actor.Manager$PtolemyRunThread.run(Manager.java:1915)
java.lang.reflect.InvocationTargetException
	at java.base/jdk.internal.reflect.NativeConstructorAccessorImpl.newInstance0(Native Method)
	at java.base/jdk.internal.reflect.NativeConstructorAccessorImpl.newInstance(NativeConstructorAccessorImpl.java:62)
	at java.base/jdk.internal.reflect.DelegatingConstructorAccessorImpl.newInstance(DelegatingConstructorAccessorImpl.java:45)
	at java.base/java.lang.reflect.Constructor.newInstance(Constructor.java:490)
	at ptolemy.util.test.junit.AutoKnownFailedTests.RunModel(AutoKnownFailedTests.java:105)
	at java.base/jdk.internal.reflect.NativeMethodAccessorImpl.invoke0(Native Method)
	at java.base/jdk.internal.reflect.NativeMethodAccessorImpl.invoke(NativeMethodAccessorImpl.java:62)
	at java.base/jdk.internal.reflect.DelegatingMethodAccessorImpl.invoke(DelegatingMethodAccessorImpl.java:43)
	at java.base/java.lang.reflect.Method.invoke(Method.java:566)
	at org.junit.runners.model.FrameworkMethod$1.runReflectiveCall(FrameworkMethod.java:44)
	at org.junit.internal.runners.model.ReflectiveCallable.run(ReflectiveCallable.java:15)
	at org.junit.runners.model.FrameworkMethod.invokeExplosively(FrameworkMethod.java:41)
	at junitparams.internal.InvokeParameterisedMethod.evaluate(InvokeParameterisedMethod.java:102)
	at org.junit.internal.runners.statements.FailOnTimeout$1.run(FailOnTimeout.java:28)
Caused by: ptolemy.kernel.util.IllegalActionException: TypeTest actor has no training data.
  in .sizedarray3.TypeTest
	at ptolemy.actor.lib.TypeTest.initialize(TypeTest.java:250)
	at ptolemy.actor.Director.initialize(Director.java:938)
	at ptolemy.actor.Director.initialize(Director.java:907)
	at ptolemy.actor.sched.StaticSchedulingDirector.initialize(StaticSchedulingDirector.java:159)
	at ptolemy.domains.sdf.kernel.SDFDirector.initialize(SDFDirector.java:544)
	at ptolemy.actor.CompositeActor.initialize(CompositeActor.java:935)
	at ptolemy.actor.Manager.initialize(Manager.java:724)
	at ptolemy.actor.Manager.execute(Manager.java:356)
	at ptolemy.actor.Manager.run(Manager.java:1263)
	at ptolemy.actor.Manager$PtolemyRunThread.run(Manager.java:1915)
java.lang.RuntimeException: Execution failed
	at ptolemy.moml.MoMLSimpleApplication$UnloadThread.run(MoMLSimpleApplication.java:402)
Caused by: ptolemy.kernel.util.IllegalActionException: Test fails in iteration 0.
Value was: "WARNING: An illegal reflective access operation has occurred\nWARNING: Illegal reflective access by io.netty.util.internal.ReflectionUtil (file:/home/travis/build/icyphy/ptII/lib/netty-common-4.1.19.Final.jar) to constructor java.nio.DirectByteBuffer(long,int)\nWARNING: Please consider reporting this to the maintainers of io.netty.util.internal.ReflectionUtil\nWARNING: Use --illegal-access=warn to enable warnings of further illegal reflective access operations\nWARNING: All illegal access operations will be denied in a future release\n". Should have been: ""
  in .ExecRunDemos.Test
	at ptolemy.actor.lib.Test.fire(Test.java:268)
	at ptolemy.actor.AtomicActor.iterate(AtomicActor.java:512)
	at ptolemy.actor.sched.StaticSchedulingDirector.fire(StaticSchedulingDirector.java:216)
	at ptolemy.domains.sdf.kernel.SDFDirector.fire(SDFDirector.java:500)
	at ptolemy.actor.CompositeActor.fire(CompositeActor.java:455)
	at ptolemy.actor.Manager.iterate(Manager.java:851)
	at ptolemy.actor.Manager.execute(Manager.java:369)
	at ptolemy.actor.Manager.run(Manager.java:1263)
	at ptolemy.actor.Manager$PtolemyRunThread.run(Manager.java:1915)
]]></system-err>
</testsuite>
