<?xml version="1.0" encoding="UTF-8" ?>
<testsuite errors="1" failures="2" hostname="travis-job-e0bd1cbf-67a3-40ff-b685-79ee1905fdee" name="ptolemy.actor.lib.test.junit.JUnitTclTest" skipped="0" tests="517" time="64.024" timestamp="2019-07-11T04:53:51">
  <properties>
    <property name="file.encoding.pkg" value="sun.io" />
    <property name="npm.executable" value="npm" />
    <property name="env.TRAVIS_ROOT" value="/" />
    <property name="ptII.mk.exists" value="true" />
    <property name="env.TRAVIS_APP_HOST" value="build.travis-ci.org" />
    <property name="env.rvm_bin_path" value="/home/travis/.rvm/bin" />
    <property name="java.home" value="/usr/local/lib/jvm/openjdk10" />
    <property name="env.TRAVIS_JOB_NUMBER" value="1215.8" />
    <property name="env.TRAVIS_HOME" value="/home/travis" />
    <property name="env.DISPLAY" value=":99.0" />
    <property name="env.TRAVIS_INIT" value="systemd" />
    <property name="env.SSH_TTY" value="/dev/pts/0" />
    <property name="java.net.preferIPv4Stack" value="true" />
    <property name="env.RUN_TESTS" value="true" />
    <property name="timeout.short" value="1000000" />
    <property name="junit.formatter" value="xml" />
    <property name="env.TRAVIS_SUDO" value="true" />
    <property name="env.TRAVIS_JOB_NAME" value="" />
    <property name="env.TRAVIS_STACK_NODE_ATTRIBUTES" value="/.node-attributes.yml" />
    <property name="env.LOGNAME" value="travis" />
    <property name="env.PT_TRAVIS_TEST_CORE1_XML" value="true" />
    <property name="jsdoc.home" value="node_modules/@terraswarm/jsdoc" />
    <property name="debuglevel" value="source,lines,vars" />
    <property name="checkstyle.formatter" value="xml" />
    <property name="env._system_version" value="16.04" />
    <property name="bin.vergil.makeable" value="true" />
    <property name="sun.os.patch.level" value="unknown" />
    <property name="java.vendor.url" value="http://java.oracle.com/" />
    <property name="env.TRAVIS_BUILD_WEB_URL" value="https://travis-ci.org/icyphy/ptII/builds/557130268" />
    <property name="java.version" value="10.0.2" />
    <property name="env.TZ" value="UTC" />
    <property name="env.TRAVIS_PULL_REQUEST_SHA" value="" />
    <property name="env.PT_NO_NET" value="true" />
    <property name="env.TRAVIS_SECURE_ENV_VARS" value="true" />
    <property name="env._system_type" value="Linux" />
    <property name="java.vendor.url.bug" value="http://bugreport.java.com/bugreport/" />
    <property name="npmjs-org-is-up" value="true" />
    <property name="env.LANGUAGE" value="en_US.UTF-8" />
    <property name="env.SSH_CLIENT" value="10.10.4.91 39592 22" />
    <property name="env.GEM_HOME" value="/home/travis/.rvm/gems/ruby-2.5.3" />
    <property name="env.HAS_ANTARES_THREE_LITTLE_FRONZIES_BADGE" value="true" />
    <property name="java.version.date" value="2018-07-17" />
    <property name="env.PS4" value="+" />
    <property name="ant.project.invoked-targets" value="build,test.core1.xml" />
    <property name="env.TRAVIS_PULL_REQUEST_BRANCH" value="" />
    <property name="env.TRAVIS_REPO_SLUG" value="icyphy/ptII" />
    <property name="env.XDG_DATA_DIRS" value="/usr/local/share:/usr/share:/var/lib/snapd/desktop" />
    <property name="jdk.debug" value="release" />
    <property name="env.TRAVIS_APT_PROXY" value="http://apt.cache.travis-ci.com" />
    <property name="node.in.path" value="true" />
    <property name="user.name" value="travis" />
    <property name="java.maxmemory" value="1400m" />
    <property name="env.RUBY_VERSION" value="ruby-2.5.3" />
    <property name="env.LANG" value="en_US.UTF-8" />
    <property name="sun.io.unicode.encoding" value="UnicodeLittle" />
    <property name="sun.jnu.encoding" value="UTF-8" />
    <property name="java.runtime.name" value="OpenJDK Runtime Environment" />
    <property name="usefile" value="false" />
    <property name="return.code" value="0" />
    <property name="junit.single.formatter" value="plain" />
    <property name="env.DYLD_LIBRARY_PATH" value="/home/travis/pthla/certi-tools/lib:" />
    <property name="env.DEBIAN_FRONTEND" value="noninteractive" />
    <property name="env.SSH_CONNECTION" value="10.10.4.91 39592 10.20.0.90 22" />
    <property name="env.MYSQL_UNIX_PORT" value="/var/run/mysqld/mysqld.sock" />
    <property name="env.LC_ALL" value="en_US.UTF-8" />
    <property name="env.TRAVIS_ALLOW_FAILURE" value="false" />
    <property name="env.TRAVIS_JOB_WEB_URL" value="https://travis-ci.org/icyphy/ptII/jobs/557130276" />
    <property name="java.specification.name" value="Java Platform API Specification" />
    <property name="node.works" value="true" />
    <property name="user.timezone" value="" />
    <property name="path.separator" value=":" />
    <property name="env.TRAVIS_ENABLE_INFRA_DETECTION" value="true" />
    <property name="env.PYTHON_CFLAGS" value="-g -fstack-protector --param=ssp-buffer-size=4 -Wformat -Werror=format-security" />
    <property name="timeout.long" value="4000000" />
    <property name="env.CERTI_HOME" value="/home/travis/pthla/certi-tools" />
    <property name="ant.file.ptII" value="/home/travis/build/icyphy/ptII/build.xml" />
    <property name="javadoc.packagenames" value="com.*,diva.*,lbnl.*,org.hlacerti.*,org.json.*,org.ptolemy.*,org.terraswarm.*,ptolemy.*,ptserver.*" />
    <property name="file.encoding" value="UTF-8" />
    <property name="env.TRAVIS_PULL_REQUEST_SLUG" value="" />
    <property name="ant.project.default-target" value="build" />
    <property name="env.GIT_ASKPASS" value="echo" />
    <property name="env.HOME" value="/home/travis" />
    <property name="sun.java.command" value="org.apache.tools.ant.taskdefs.optional.junit.JUnitTestRunner ptolemy.actor.lib.test.junit.JUnitTclTest skipNonTests=false filtertrace=true haltOnError=false haltOnFailure=false formatter=org.apache.tools.ant.taskdefs.optional.junit.OutErrSummaryJUnitResultFormatter showoutput=true outputtoformatters=true logfailedtests=true threadid=0 logtestlistenerevents=false formatter=org.apache.tools.ant.taskdefs.optional.junit.XMLJUnitResultFormatter,/home/travis/build/icyphy/ptII/reports/junit/TEST-ptolemy.actor.lib.test.junit.JUnitTclTest.xml crashfile=/home/travis/build/icyphy/ptII/junitvmwatcher4692411614518479979.properties propsfile=/home/travis/build/icyphy/ptII/junit18308582312215514062.properties" />
    <property name="env.COMPOSER_NO_INTERACTION" value="1" />
    <property name="env.MANPATH" value="/home/travis/.nvm/versions/node/v7.10.1/share/man:/home/travis/.rvm/rubies/ruby-2.5.3/share/man:/usr/local/cmake-3.12.4/man:/usr/local/clang-7.0.0/share/man:/usr/local/man:/usr/local/share/man:/usr/share/man:/home/travis/.rvm/man" />
    <property name="env.TRAVIS_TIMER_ID" value="0bfb1800" />
    <property name="ant.file" value="/home/travis/build/icyphy/ptII/build.xml" />
    <property name="env.TRAVIS_COMMIT_RANGE" value="9e3b1d7c329ba3222d854b3b466ee0ca15bc6a04...95c942bb19656bc58d7c51eb18447bf854f70d85" />
    <property name="env._system_name" value="Ubuntu" />
    <property name="ptII.classpath.optional.property" value="/home/travis/build/icyphy/ptII/lib/bsh-2.0b4.jar:/home/travis/build/icyphy/ptII/lib/ptCal.jar:/home/travis/build/icyphy/ptII/lib/java_cup.jar:/home/travis/build/icyphy/ptII/lib/saxon8.jar:/home/travis/build/icyphy/ptII/lib/saxon8-dom.jar:/home/travis/build/icyphy/ptII/lib/chic.jar:/home/travis/build/icyphy/ptII/lib/ptcolt.jar:/home/travis/build/icyphy/ptII/vendors/misc/itext/iText.jar:/home/travis/build/icyphy/ptII/lib/g4ltl.jar:/home/travis/build/icyphy/ptII/lib/StructuralCoder.jar:/home/travis/build/icyphy/ptII/vendors/jai-1_1_2_01/lib/jai_core.jar:/home/travis/build/icyphy/ptII/vendors/jai-1_1_2_01/lib/jai_codec.jar:/home/travis/build/icyphy/ptII/lib/jcerti.jar:/home/travis/build/icyphy/ptII/lib/javax.mail.jar:/usr/share/java/openjfx/jre/lib/ext/jfxrt.jar:/usr/lib/jvm/java-8-openjdk-amd64/jre/lib/ext/jfxrt.jar:/home/travis/build/icyphy/ptII/vendors/JMF-2.1.1e/lib/jmf.jar:/home/travis/build/icyphy/ptII/lib/jna-4.0.0-variadic.jar:/home/travis/build/icyphy/ptII/vendors/misc/joystick/Joystick.jar:/home/travis/build/icyphy/ptII/lib/ptjacl.jar:/home/travis/build/icyphy/ptII/lib/jsoup-1.8.2.jar:/home/travis/build/icyphy/ptII/lib/junit-4.8.2.jar:/home/travis/build/icyphy/ptII/lib/JUnitParams-0.4.0.jar:/home/travis/build/icyphy/ptII/ptolemy/actor/lib/excel/jxl.jar:/home/travis/build/icyphy/ptII/lib/jython.jar:/home/travis/build/icyphy/ptII/lib/kieler.jar:/home/travis/build/icyphy/ptII/lib/opencv-341.jar:/home/travis/build/icyphy/ptII/lib/oscP5.jar:/home/travis/build/icyphy/ptII/lib/nrjavaserial-3.11.0.devel.jar:/home/travis/build/icyphy/ptII/vendors/j3d/lib/j3dcore.jar:/home/travis/build/icyphy/ptII/vendors/j3d/lib/j3dutils.jar:/home/travis/build/icyphy/ptII/vendors/j3d/lib/vecmath.jar:/home/travis/build/icyphy/ptII/ptolemy/distributed/jini/jar/jini-core.jar:/home/travis/build/icyphy/ptII/ptolemy/distributed/jini/jar/jini-ext.jar:/home/travis/build/icyphy/ptII/ptolemy/distributed/jini/jar/sun-util.jar:/home/travis/build/icyphy/ptII/lib/protobuf-java-2.4.1.jar:/home/travis/build/icyphy/ptII/lib/org.eclipse.paho.client.mqttv3.jar:/home/travis/build/icyphy/ptII/lib/mapss.jar:/home/travis/build/icyphy/ptII/ptolemy/actor/ptalon/antlr/antlr.jar:/home/travis/build/icyphy/ptII/lib/JRI.jar:/home/travis/build/icyphy/ptII/lib/commons-lang-2.6.jar:/home/travis/build/icyphy/ptII/lib/commons-logging-1.1.1.jar:/home/travis/build/icyphy/ptII/lib/sootclasses.jar:/home/travis/build/icyphy/ptII/ptolemy/actor/lib/database/mysql-connector-java-5.1.6-bin.jar:/home/travis/build/icyphy/ptII/vendors/misc/sphinx4/sphinx4-data-5prealpha.jar:/home/travis/build/icyphy/ptII/vendors/misc/sphinx4/sphinx4-core-5prealpha.jar:/home/travis/build/icyphy/ptII/lib/PDFRenderer.jar:/home/travis/build/icyphy/ptII/lib/svgSalamander.jar:/home/travis/build/icyphy/ptII/lib/rsyntaxtextarea-2.6.0-SNAPSHOT.jar:/home/travis/build/icyphy/ptII/lib/hazelcast-3.8.2.jar:/home/travis/build/icyphy/ptII/lib/jackson-annotations-2.9.0.jar:/home/travis/build/icyphy/ptII/lib/jackson-core-2.9.3.jar:/home/travis/build/icyphy/ptII/lib/jackson-databind-2.9.3.jar:/home/travis/build/icyphy/ptII/lib/netty-buffer-4.1.19.Final.jar:/home/travis/build/icyphy/ptII/lib/netty-codec-4.1.19.Final.jar:/home/travis/build/icyphy/ptII/lib/netty-codec-dns-4.1.19.Final.jar:/home/travis/build/icyphy/ptII/lib/netty-codec-http-4.1.19.Final.jar:/home/travis/build/icyphy/ptII/lib/netty-codec-http2-4.1.19.Final.jar:/home/travis/build/icyphy/ptII/lib/netty-common-4.1.19.Final.jar:/home/travis/build/icyphy/ptII/lib/netty-handler-4.1.19.Final.jar:/home/travis/build/icyphy/ptII/lib/netty-resolver-4.1.19.Final.jar:/home/travis/build/icyphy/ptII/lib/netty-resolver-dns-4.1.19.Final.jar:/home/travis/build/icyphy/ptII/lib/netty-transport-4.1.19.Final.jar:/home/travis/build/icyphy/ptII/lib/vertx-codegen-3.5.1.jar:/home/travis/build/icyphy/ptII/lib/vertx-core-3.5.2-SNAPSHOT.jar:/home/travis/build/icyphy/ptII/lib/vertx-hazelcast-3.5.1.jar:/home/travis/build/icyphy/ptII/lib/vertx-lang-js-3.5.1.jar:/home/travis/build/icyphy/ptII/lib/vertx-service-proxy-3.5.1.jar:/home/travis/build/icyphy/ptII/lib/vertx-web-3.5.1.jar:/home/travis/build/icyphy/ptII/lib/slf4j-api-1.7.13.jar:/home/travis/build/icyphy/ptII/lib/slf4j-simple-1.7.13.jar:/home/travis/build/icyphy/ptII/lib/webcam-capture-0.3.12.jar:/home/travis/build/icyphy/ptII/lib/bridj-0.7.0.jar:/home/travis/build/icyphy/ptII/lib/xbjlib-1.1.0.nrjavaserial.jar" />
    <property name="timeout" value="2400000" />
    <property name="test.batch" value="**/junit/*.java" />
    <property name="env._" value="/usr/bin/timeout" />
    <property name="java.io.tmpdir" value="/tmp" />
    <property name="user.language" value="en" />
    <property name="env.TRAVIS_INTERNAL_RUBY_REGEX" value="^ruby-(2\.[0-4]\.[0-9]|1\.9\.3)" />
    <property name="env.HISTCONTROL" value="ignoredups:ignorespace" />
    <property name="env.GOROOT" value="/home/travis/.gimme/versions/go1.11.1.linux.amd64" />
    <property name="line.separator" value="&#xa;" />
    <property name="target" value="10" />
    <property name="env.TRAVIS_BUILD_DIR" value="/home/travis/build/icyphy/ptII" />
    <property name="env.ANT_OPTS" value="-Xmx2048m" />
    <property name="ant.file.type" value="file" />
    <property name="ptolemy.ptII.batchMode" value="true" />
    <property name="env.HISTSIZE" value="1000" />
    <property name="env.MERB_ENV" value="test" />
    <property name="java.vm.info" value="mixed mode" />
    <property name="source" value="10" />
    <property name="java.vm.specification.name" value="Java Virtual Machine Specification" />
    <property name="env.TRAVIS_TEST_RESULT" value="0" />
    <property name="jsdoc.command" value="node_modules/@terraswarm/jsdoc/jsdoc.js" />
    <property name="npm.works" value="true" />
    <property name="cobertura.dir" value="/home/travis/build/icyphy/ptII/vendors/cobertura-2.0.3" />
    <property name="jsdoc.command.exists" value="true" />
    <property name="env.rvm_path" value="/home/travis/.rvm" />
    <property name="env.GEM_PATH" value="/home/travis/.rvm/gems/ruby-2.5.3:/home/travis/.rvm/gems/ruby-2.5.3@global" />
    <property name="env.LC_CTYPE" value="en_US.UTF-8" />
    <property name="env.TRAVIS_CMD" value="$PTII/bin/ptIITravisBuild.sh $SECONDS" />
    <property name="java.awt.printerjob" value="sun.print.PSPrinterJob" />
    <property name="env.TRAVIS_STACK_NAME" value="sardonyx" />
    <property name="env.TRAVIS_TIMER_START_TIME" value="1562820151756978198" />
    <property name="ant.version" value="Apache Ant(TM) version 1.10.1 compiled on February 2 2017" />
    <property name="ptII.reports" value="/home/travis/build/icyphy/ptII/reports" />
    <property name="env.TRAVIS_STACK_TIMESTAMP" value="2019-03-25 16:16:56 UTC" />
    <property name="ant.file.type.ptII" value="file" />
    <property name="env.RBENV_SHELL" value="bash" />
    <property name="os.name" value="Linux" />
    <property name="java.specification.vendor" value="Oracle Corporation" />
    <property name="env.rvm_version" value="1.29.7 (latest)" />
    <property name="env.TRAVIS_INFRA" value="gce" />
    <property name="env.TERM" value="xterm" />
    <property name="java.vm.name" value="OpenJDK 64-Bit Server VM" />
    <property name="env.TRAVIS_BUILD_NUMBER" value="1215" />
    <property name="env.CI" value="true" />
    <property name="java.library.path" value="/home/travis/pthla/certi-tools/lib:/usr/lib/jni:/usr/local/share/OpenCV/java/:/usr/share/OpenCV/java::/usr/java/packages/lib:/usr/lib64:/lib64:/lib:/usr/lib" />
    <property name="env.rvm_prefix" value="/home/travis" />
    <property name="env.PATH" value="/home/travis/pthla/certi-tools/share/scripts:/home/travis/.rvm/gems/ruby-2.5.3/bin:/home/travis/.rvm/gems/ruby-2.5.3@global/bin:/home/travis/.rvm/rubies/ruby-2.5.3/bin:/home/travis/.rvm/bin:/home/travis/.nvm/versions/node/v7.10.1/bin:./node_modules/.bin:/home/travis/build/icyphy/ptII/bin:/home/travis/pthla/certi-tools/bin:/usr/local/lib/jvm/openjdk10/bin:/home/travis/bin:/home/travis/.local/bin:/usr/local/lib/jvm/openjdk11/bin:/opt/pyenv/shims:/home/travis/.phpenv/shims:/home/travis/perl5/perlbrew/bin:/home/travis/gopath/bin:/home/travis/.gimme/versions/go1.11.1.linux.amd64/bin:/usr/local/maven-3.6.0/bin:/usr/local/cmake-3.12.4/bin:/usr/local/clang-7.0.0/bin:/usr/local/sbin:/usr/local/bin:/usr/sbin:/usr/bin:/sbin:/bin:/snap/bin:/home/travis/.phpenv/bin:/opt/pyenv/bin:/home/travis/.yarn/bin" />
    <property name="env.TRAVIS_OS_NAME" value="linux" />
    <property name="ant.java.version" value="9" />
    <property name="basedir" value="/home/travis/build/icyphy/ptII" />
    <property name="java.class.version" value="54.0" />
    <property name="env.SHLVL" value="3" />
    <property name="env.LD_LIBRARY_PATH" value="/home/travis/pthla/certi-tools/lib:/usr/lib/jni:/usr/local/share/OpenCV/java/:/usr/share/OpenCV/java:" />
    <property name="env.RACK_ENV" value="test" />
    <property name="ant.home" value="/home/travis/build/icyphy/ptII/ant" />
    <property name="env.NVM_DIR" value="/home/travis/.nvm" />
    <property name="env.CERTI_FOM_PATH" value="/home/travis/pthla/certi-tools/share/federations" />
    <property name="env.TRAVIS_BUILD_ID" value="557130268" />
    <property name="env.PYENV_ROOT" value="/opt/pyenv" />
    <property name="env.TRAVIS_UID" value="2000" />
    <property name="prism.verbose" value="true" />
    <property name="env.NVM_BIN" value="/home/travis/.nvm/versions/node/v7.10.1/bin" />
    <property name="env.TRAVIS_COMMIT" value="95c942bb19656bc58d7c51eb18447bf854f70d85" />
    <property name="env._system_arch" value="x86_64" />
    <property name="node.executable" value="node" />
    <property name="sun.boot.library.path" value="/usr/local/lib/jvm/openjdk10/lib" />
    <property name="sun.management.compiler" value="HotSpot 64-Bit Tiered Compilers" />
    <property name="java.awt.graphicsenv" value="sun.awt.X11GraphicsEnvironment" />
    <property name="env.GOPATH" value="/home/travis/gopath" />
    <property name="ptolemy.ptII.dir" value="/home/travis/build/icyphy/ptII" />
    <property name="env.USER" value="travis" />
    <property name="env.HISTFILESIZE" value="2000" />
    <property name="timeout.longest" value="19000000" />
    <property name="env.PERLBREW_SHELLRC_VERSION" value="0.86" />
    <property name="env.TRAVIS_STACK_FEATURES" value="basic couchdb disabled-ipv6 docker docker-compose elasticsearch firefox go-toolchain google-chrome jdk memcached mongodb mysql nodejs_interpreter perl_interpreter perlbrew phantomjs postgresql python_interpreter redis ruby_interpreter sqlite xserver" />
    <property name="env.TRAVIS_PULL_REQUEST" value="false" />
    <property name="env.PYENV_SHELL" value="bash" />
    <property name="ant.project.name" value="ptII" />
    <property name="env.ANSI_RESET" value="\033[0m" />
    <property name="java.vm.specification.version" value="10" />
    <property name="env.TRAVIS_DIST" value="xenial" />
    <property name="env.CERTI_VERSION" value="4.0.0" />
    <property name="env.CERTI_HOST" value="localhost" />
    <property name="awt.toolkit" value="sun.awt.X11.XToolkit" />
    <property name="env.MY_RUBY_HOME" value="/home/travis/.rvm/rubies/ruby-2.5.3" />
    <property name="sun.cpu.isalist" value="" />
    <property name="env.TRAVIS_TMPDIR" value="/tmp/tmp.aH5TJ8mJgA" />
    <property name="java.vm.compressedOopsMode" value="Zero based" />
    <property name="os.version" value="4.15.0-1028-gcp" />
    <property name="user.home" value="/home/travis" />
    <property name="java.vm.vendor" value="&quot;Oracle Corporation&quot;" />
    <property name="env.TRAVIS_TAG" value="nightly" />
    <property name="env.ANSI_YELLOW" value="\033[33;1m" />
    <property name="env.TRAVIS_FILTERED" value="redirect_io" />
    <property name="env.ANSI_GREEN" value="\033[32;1m" />
    <property name="env.JAVA_HOME" value="/usr/local/lib/jvm/openjdk11" />
    <property name="javadoc.excludepackagenames" value="adm.cvs2svn.*,build.*,config.*,doc.coding.templates.*,jni.test.jni.meaningOfLife.*,jni.test.jni.testDeux.*,jni.test.jni.testTrois.*,org.terraswarm.accessor.accessors.web.node_modules.*,org.terraswarm.accessor.accessors.web.hosts.cordova.demo.*,org.terraswarm.accessor.accessors.web.hosts.cordova.plugins.*,org.terraswarm.accessor.accessors-svn.*,pt-modules.*,ptolemy.apps.agilent.*,ptolemy.apps.anytimecontrol.*,ptolemy.apps.apes.*,ptolemy.apps.charon.*,ptolemy.apps.crazyboard.*,ptolemy.apps.eclipse.*,ptolemy.apps.etherealSting.*,ptolemy.apps.fullscreen.*,ptolemy.apps.giotto.*,ptolemy.apps.ia.*,ptolemy.apps.interfaces.*,ptolemy.apps.jmf.*,ptolemy.apps.kurt.*,ptolemy.apps.kvm.*,ptolemy.apps.lego.*,ptolemy.apps.lejos.*,ptolemy.apps.midp.*,ptolemy.apps.mobileCoding.*,ptolemy.apps.pendulum.*,ptolemy.apps.rijndael.*,ptolemy.apps.robot.*,ptolemy.apps.security.*,ptolemy.apps.sobel.*,ptolemy.apps.soot.*,ptolemy.apps.throttle.*,ptolemy.apps.tini.*,ptolemy.apps.transmission.*,ptolemy.apps.vergil.*,ptolemy.apps.waba.*,ptolemy.apps.websensor.*,ptolemy.apps.webstart.*,ptolemy.apps.xsl.*,ptolemy.apps.zaurus.*,ptolemy.codegen.c.actor.lib.oldJavaFiles.*,ptolemy.codegen.dsp.lib.*,ptolemy.codegen.kernel.newInterfaces.*,ptolemy.codegen.lib.*,ptolemy.copernicus.kernel.fragment.*,ptolemy.copernicus.shallow.cg.*,ptolemy.domains.giotto.demo.Hierarchy.Hierarchy.*,ptolemy.domains.giotto.demo.Multimode.Multimode.*,ptolemy.domains.giotto.demo.Simple.Simple.*,ptolemy.domains.gr.lib.experimental.*,ptolemy.domains.gro.*,ptolemy.domains.pdf.*,ptolemy.domains.ptinyos.demo.Surge.output.*,ptolemy.moml.test.NoPackageActor.java*,ptolemy.plot.adm.*,ptolemy.plot.servlet.*,reports.*,signed.*,src.*,target.*,vendors.*,ptolemy.copernicus.applet.*,ptolemy.media.viewer.*,ptolemy.actor.corba.*,doc.doclets.*,ptolemy.apps.eclipse.awt.*,ptolemy.backtrack.*,ptolemy.backtrack.ast.*,ptolemy.cg.adapter.generic.program.procedural.c.mbed*,ptolemy.homer.*,org.ptolemy.scala.*,diva.util.java2d.svg.*,ptolemy.domains.ptinyos.*,ptolemy.actor.lib.fmi.fmipp.*,,org.terraswarm.accessor.accessors.web.node_modules.*,org.terraswarm.accessor.accessors-svn,ptolemy.apps.*,ptolemy.actor.ptalon.demo.ptinyos.SendAndReceiveCnt.output,ptolemy.actor.ptalon.demo.ptinyos.SenseToLeds.output,ptolemy.domains.ptinyos.demo.CntToLedsAndRfm.output,ptolemy.domains.ptinyos.demo.RfmToLeds.output,ptolemy.domains.ptinyos.demo.SendAndReceiveCnt.output,ptolemy.domains.ptinyos.demo.SenseToLeds.output,ptolemy.actor.lib.jjs.modules.udpSocket.*" />
    <property name="env.PTII" value="/home/travis/build/icyphy/ptII" />
    <property name="env.XDG_SESSION_ID" value="2" />
    <property name="keystore" value="ptKeystore" />
    <property name="env.TRAVIS_COMMIT_MESSAGE" value="Temporarily add -Djavafx.verbose=true -Dprism.verbose=true so that we get debugging messages." />
    <property name="junit.output.dir" value="/home/travis/build/icyphy/ptII/reports/junit" />
    <property name="npm.return.code" value="0" />
    <property name="user.dir" value="/home/travis/build/icyphy/ptII/ptolemy/actor/lib/test" />
    <property name="env.TRAVIS_NODE_VERSION" value="7" />
    <property name="env.TRAVIS_EVENT_TYPE" value="cron" />
    <property name="env.MAIL" value="/var/mail/travis" />
    <property name="env.PERLBREW_ROOT" value="/home/travis/perl5/perlbrew" />
    <property name="env.PWD" value="/home/travis/build/icyphy/ptII" />
    <property name="timeout.npm" value="45000" />
    <property name="env.TRAVIS_ARCH" value="amd64" />
    <property name="sun.cpu.endian" value="little" />
    <property name="env.PAGER" value="cat" />
    <property name="env.TRAVIS_BUILD_STAGE_NAME" value="Test" />
    <property name="env.PERLBREW_HOME" value="/home/travis/.perlbrew" />
    <property name="java.vm.version" value="10.0.2+13" />
    <property name="env.RAILS_ENV" value="test" />
    <property name="java.class.path" value="/home/travis/.ptolemyII:/home/travis/.ptolemyII/*:/home/travis/build/icyphy/ptII:/home/travis/build/icyphy/ptII/lib/bsh-2.0b4.jar:/home/travis/build/icyphy/ptII/lib/ptCal.jar:/home/travis/build/icyphy/ptII/lib/java_cup.jar:/home/travis/build/icyphy/ptII/lib/saxon8.jar:/home/travis/build/icyphy/ptII/lib/saxon8-dom.jar:/home/travis/build/icyphy/ptII/lib/chic.jar:/home/travis/build/icyphy/ptII/lib/ptcolt.jar:/home/travis/build/icyphy/ptII/vendors/misc/itext/iText.jar:/home/travis/build/icyphy/ptII/lib/g4ltl.jar:/home/travis/build/icyphy/ptII/lib/StructuralCoder.jar:/home/travis/build/icyphy/ptII/vendors/jai-1_1_2_01/lib/jai_core.jar:/home/travis/build/icyphy/ptII/vendors/jai-1_1_2_01/lib/jai_codec.jar:/home/travis/build/icyphy/ptII/lib/jcerti.jar:/home/travis/build/icyphy/ptII/lib/javax.mail.jar:/usr/share/java/openjfx/jre/lib/ext/jfxrt.jar:/usr/lib/jvm/java-8-openjdk-amd64/jre/lib/ext/jfxrt.jar:/home/travis/build/icyphy/ptII/vendors/JMF-2.1.1e/lib/jmf.jar:/home/travis/build/icyphy/ptII/lib/jna-4.0.0-variadic.jar:/home/travis/build/icyphy/ptII/vendors/misc/joystick/Joystick.jar:/home/travis/build/icyphy/ptII/lib/ptjacl.jar:/home/travis/build/icyphy/ptII/lib/jsoup-1.8.2.jar:/home/travis/build/icyphy/ptII/lib/junit-4.8.2.jar:/home/travis/build/icyphy/ptII/lib/JUnitParams-0.4.0.jar:/home/travis/build/icyphy/ptII/ptolemy/actor/lib/excel/jxl.jar:/home/travis/build/icyphy/ptII/lib/jython.jar:/home/travis/build/icyphy/ptII/lib/kieler.jar:/home/travis/build/icyphy/ptII/lib/opencv-341.jar:/home/travis/build/icyphy/ptII/lib/oscP5.jar:/home/travis/build/icyphy/ptII/lib/nrjavaserial-3.11.0.devel.jar:/home/travis/build/icyphy/ptII/vendors/j3d/lib/j3dcore.jar:/home/travis/build/icyphy/ptII/vendors/j3d/lib/j3dutils.jar:/home/travis/build/icyphy/ptII/vendors/j3d/lib/vecmath.jar:/home/travis/build/icyphy/ptII/ptolemy/distributed/jini/jar/jini-core.jar:/home/travis/build/icyphy/ptII/ptolemy/distributed/jini/jar/jini-ext.jar:/home/travis/build/icyphy/ptII/ptolemy/distributed/jini/jar/sun-util.jar:/home/travis/build/icyphy/ptII/lib/protobuf-java-2.4.1.jar:/home/travis/build/icyphy/ptII/lib/org.eclipse.paho.client.mqttv3.jar:/home/travis/build/icyphy/ptII/lib/mapss.jar:/home/travis/build/icyphy/ptII/ptolemy/actor/ptalon/antlr/antlr.jar:/home/travis/build/icyphy/ptII/lib/JRI.jar:/home/travis/build/icyphy/ptII/lib/commons-lang-2.6.jar:/home/travis/build/icyphy/ptII/lib/commons-logging-1.1.1.jar:/home/travis/build/icyphy/ptII/lib/sootclasses.jar:/home/travis/build/icyphy/ptII/ptolemy/actor/lib/database/mysql-connector-java-5.1.6-bin.jar:/home/travis/build/icyphy/ptII/vendors/misc/sphinx4/sphinx4-data-5prealpha.jar:/home/travis/build/icyphy/ptII/vendors/misc/sphinx4/sphinx4-core-5prealpha.jar:/home/travis/build/icyphy/ptII/lib/PDFRenderer.jar:/home/travis/build/icyphy/ptII/lib/svgSalamander.jar:/home/travis/build/icyphy/ptII/lib/rsyntaxtextarea-2.6.0-SNAPSHOT.jar:/home/travis/build/icyphy/ptII/lib/hazelcast-3.8.2.jar:/home/travis/build/icyphy/ptII/lib/jackson-annotations-2.9.0.jar:/home/travis/build/icyphy/ptII/lib/jackson-core-2.9.3.jar:/home/travis/build/icyphy/ptII/lib/jackson-databind-2.9.3.jar:/home/travis/build/icyphy/ptII/lib/netty-buffer-4.1.19.Final.jar:/home/travis/build/icyphy/ptII/lib/netty-codec-4.1.19.Final.jar:/home/travis/build/icyphy/ptII/lib/netty-codec-dns-4.1.19.Final.jar:/home/travis/build/icyphy/ptII/lib/netty-codec-http-4.1.19.Final.jar:/home/travis/build/icyphy/ptII/lib/netty-codec-http2-4.1.19.Final.jar:/home/travis/build/icyphy/ptII/lib/netty-common-4.1.19.Final.jar:/home/travis/build/icyphy/ptII/lib/netty-handler-4.1.19.Final.jar:/home/travis/build/icyphy/ptII/lib/netty-resolver-4.1.19.Final.jar:/home/travis/build/icyphy/ptII/lib/netty-resolver-dns-4.1.19.Final.jar:/home/travis/build/icyphy/ptII/lib/netty-transport-4.1.19.Final.jar:/home/travis/build/icyphy/ptII/lib/vertx-codegen-3.5.1.jar:/home/travis/build/icyphy/ptII/lib/vertx-core-3.5.2-SNAPSHOT.jar:/home/travis/build/icyphy/ptII/lib/vertx-hazelcast-3.5.1.jar:/home/travis/build/icyphy/ptII/lib/vertx-lang-js-3.5.1.jar:/home/travis/build/icyphy/ptII/lib/vertx-service-proxy-3.5.1.jar:/home/travis/build/icyphy/ptII/lib/vertx-web-3.5.1.jar:/home/travis/build/icyphy/ptII/lib/slf4j-api-1.7.13.jar:/home/travis/build/icyphy/ptII/lib/slf4j-simple-1.7.13.jar:/home/travis/build/icyphy/ptII/lib/webcam-capture-0.3.12.jar:/home/travis/build/icyphy/ptII/lib/bridj-0.7.0.jar:/home/travis/build/icyphy/ptII/lib/xbjlib-1.1.0.nrjavaserial.jar:/home/travis/build/icyphy/ptII/ptolemy/moml/test:/home/travis/build/icyphy/ptII/ant/lib/ant-launcher.jar:/home/travis/build/icyphy/ptII/ant/lib/ant.jar:/home/travis/build/icyphy/ptII/ant/lib/ant-junit.jar:/home/travis/build/icyphy/ptII/ant/lib/ant-junit4.jar" />
    <property name="ant.library.dir" value="/home/travis/build/icyphy/ptII/ant/lib" />
    <property name="os.arch" value="amd64" />
    <property name="env.CONTINUOUS_INTEGRATION" value="true" />
    <property name="env.TRAVIS_LANGUAGE" value="node_js" />
    <property name="env.TRAVIS_STACK_LANGUAGES" value="__sardonyx__ c c++ clojure cplusplus cpp default generic go groovy java node_js php pure_java python ruby scala" />
    <property name="test.name" value="ptolemy.actor.lib.test.junit.JUnitTclTest" />
    <property name="env.APT_KEY_DONT_WARN_ON_DANGEROUS_USAGE" value="1" />
    <property name="sun.java.launcher" value="SUN_STANDARD" />
    <property name="env.PYTHON_CONFIGURE_OPTS" value="--enable-unicode=ucs4 --with-wide-unicode --enable-shared --enable-ipv6 --enable-loadable-sqlite-extensions --with-computed-gotos" />
    <property name="ant.core.lib" value="/home/travis/build/icyphy/ptII/ant/lib/ant.jar" />
    <property name="java.vm.specification.vendor" value="Oracle Corporation" />
    <property name="env.BCVTB_HOME" value="/home/travis/build/icyphy/ptII/lbnl" />
    <property name="file.separator" value="/" />
    <property name="spotbugs.home" value="/home/travis/build/icyphy/ptII/vendors/spotbugs-3.1.1" />
    <property name="java.runtime.version" value="10.0.2+13" />
    <property name="env.ANSI_CLEAR" value="\033[0K" />
    <property name="javafx.verbose" value="true" />
    <property name="env.HAS_JOSH_K_SEAL_OF_APPROVAL" value="true" />
    <property name="env.XDG_RUNTIME_DIR" value="/run/user/2000" />
    <property name="env.TRAVIS_OSX_IMAGE" value="" />
    <property name="env.TRAVIS_JOB_ID" value="557130276" />
    <property name="env.TRAVIS_BRANCH" value="master" />
    <property name="user.country" value="US" />
    <property name="env.CERTI_HOME_TRAVIS" value="/home/travis/pthla/certi-tools" />
    <property name="env.SHELL" value="/bin/bash" />
    <property name="java.maxmemory.large" value="5000m" />
    <property name="model" value="" />
    <property name="env.CASHER_DIR" value="/home/travis/.casher" />
    <property name="env.NVM_CD_FLAGS" value="" />
    <property name="java.vendor.version" value="18.3" />
    <property name="jshint.executable" value="/home/travis/node_modules/jshint/bin/jshint" />
    <property name="env.JRUBY_OPTS" value=" --client -J-XX:+TieredCompilation -J-XX:TieredStopAtLevel=1 -J-Xss2m -Xcompile.invokedynamic=false" />
    <property name="java.vendor" value="Oracle Corporation" />
    <property name="env.TRAVIS_PRE_CHEF_BOOTSTRAP_TIME" value="2019-03-25T16:16:42" />
    <property name="env.TRAVIS_STACK_JOB_BOARD_REGISTER" value="/.job-board-register.yml" />
    <property name="env.ANSI_RED" value="\033[31;1m" />
    <property name="java.specification.version" value="10" />
    <property name="env.IRBRC" value="/home/travis/.rvm/rubies/ruby-2.5.3/.irbrc" />
    <property name="env.TRAVIS" value="true" />
    <property name="sun.arch.data.model" value="64" />
  </properties>
  <testcase classname="ptolemy.util.test.junit.TclTests" name="[0] /home/travis/build/icyphy/ptII/ptolemy/actor/lib/test/AbsoluteValue.tcl (RunTclFile)" time="0.512" />
  <testcase classname="ptolemy.util.test.junit.TclTests" name="[1] /home/travis/build/icyphy/ptII/ptolemy/actor/lib/test/AddSubtract.tcl (RunTclFile)" time="0.153" />
  <testcase classname="ptolemy.util.test.junit.TclTests" name="[2] /home/travis/build/icyphy/ptII/ptolemy/actor/lib/test/Average.tcl (RunTclFile)" time="0.034" />
  <testcase classname="ptolemy.util.test.junit.TclTests" name="[3] /home/travis/build/icyphy/ptII/ptolemy/actor/lib/test/Bernoulli.tcl (RunTclFile)" time="0.032" />
  <testcase classname="ptolemy.util.test.junit.TclTests" name="[4] /home/travis/build/icyphy/ptII/ptolemy/actor/lib/test/Clock.tcl (RunTclFile)" time="0.115" />
  <testcase classname="ptolemy.util.test.junit.TclTests" name="[5] /home/travis/build/icyphy/ptII/ptolemy/actor/lib/test/Commutator.tcl (RunTclFile)" time="0.231">
    <failure message="Number of failed tests is has increased. expected:&lt;0&gt; but was:&lt;1&gt;" type="junit.framework.AssertionFailedError">junit.framework.AssertionFailedError: Number of failed tests is has increased. expected:&lt;0&gt; but was:&lt;1&gt;
	at ptolemy.util.test.junit.TclTests.RunTclFile(TclTests.java:286)
	at java.base/jdk.internal.reflect.NativeMethodAccessorImpl.invoke0(Native Method)
	at java.base/jdk.internal.reflect.NativeMethodAccessorImpl.invoke(NativeMethodAccessorImpl.java:62)
	at java.base/jdk.internal.reflect.DelegatingMethodAccessorImpl.invoke(DelegatingMethodAccessorImpl.java:43)
	at junitparams.internal.InvokeParameterisedMethod.evaluate(InvokeParameterisedMethod.java:102)
	at junitparams.internal.ParameterisedTestMethodRunner.runMethodInvoker(ParameterisedTestMethodRunner.java:47)
	at junitparams.internal.ParameterisedTestMethodRunner.runTestMethod(ParameterisedTestMethodRunner.java:41)
	at junitparams.internal.ParameterisedTestClassRunner.runParameterisedTest(ParameterisedTestClassRunner.java:143)
	at junitparams.JUnitParamsRunner.runChild(JUnitParamsRunner.java:237)
	at junitparams.JUnitParamsRunner.runChild(JUnitParamsRunner.java:215)
</failure>
  </testcase>
  <testcase classname="ptolemy.util.test.junit.TclTests" name="[6] /home/travis/build/icyphy/ptII/ptolemy/actor/lib/test/Const.tcl (RunTclFile)" time="0.162" />
  <testcase classname="ptolemy.util.test.junit.TclTests" name="[7] /home/travis/build/icyphy/ptII/ptolemy/actor/lib/test/CurrentTime.tcl (RunTclFile)" time="0.053" />
  <testcase classname="ptolemy.util.test.junit.TclTests" name="[8] /home/travis/build/icyphy/ptII/ptolemy/actor/lib/test/DB.tcl (RunTclFile)" time="0.041" />
  <testcase classname="ptolemy.util.test.junit.TclTests" name="[9] /home/travis/build/icyphy/ptII/ptolemy/actor/lib/test/DiscreteRandomSource.tcl (RunTclFile)" time="0.051" />
  <testcase classname="ptolemy.util.test.junit.TclTests" name="[10] /home/travis/build/icyphy/ptII/ptolemy/actor/lib/test/Distributor.tcl (RunTclFile)" time="0.07" />
  <testcase classname="ptolemy.util.test.junit.TclTests" name="[11] /home/travis/build/icyphy/ptII/ptolemy/actor/lib/test/Exit.tcl (RunTclFile)" time="0.093" />
  <testcase classname="ptolemy.util.test.junit.TclTests" name="[12] /home/travis/build/icyphy/ptII/ptolemy/actor/lib/test/Expression.tcl (RunTclFile)" time="0.139" />
  <testcase classname="ptolemy.util.test.junit.TclTests" name="[13] /home/travis/build/icyphy/ptII/ptolemy/actor/lib/test/Gaussian.tcl (RunTclFile)" time="0.462" />
  <testcase classname="ptolemy.util.test.junit.TclTests" name="[14] /home/travis/build/icyphy/ptII/ptolemy/actor/lib/test/IIR.tcl (RunTclFile)" time="0.022" />
  <testcase classname="ptolemy.util.test.junit.TclTests" name="[15] /home/travis/build/icyphy/ptII/ptolemy/actor/lib/test/Interpolator.tcl (RunTclFile)" time="0.056" />
  <testcase classname="ptolemy.util.test.junit.TclTests" name="[16] /home/travis/build/icyphy/ptII/ptolemy/actor/lib/test/MathFunction.tcl (RunTclFile)" time="0.047" />
  <testcase classname="ptolemy.util.test.junit.TclTests" name="[17] /home/travis/build/icyphy/ptII/ptolemy/actor/lib/test/Maximum.tcl (RunTclFile)" time="0.051" />
  <testcase classname="ptolemy.util.test.junit.TclTests" name="[18] /home/travis/build/icyphy/ptII/ptolemy/actor/lib/test/Minimum.tcl (RunTclFile)" time="0.038" />
  <testcase classname="ptolemy.util.test.junit.TclTests" name="[19] /home/travis/build/icyphy/ptII/ptolemy/actor/lib/test/MultiplyDivide.tcl (RunTclFile)" time="0.041" />
  <testcase classname="ptolemy.util.test.junit.TclTests" name="[20] /home/travis/build/icyphy/ptII/ptolemy/actor/lib/test/OrderedMerge.tcl (RunTclFile)" time="0.129" />
  <testcase classname="ptolemy.util.test.junit.TclTests" name="[21] /home/travis/build/icyphy/ptII/ptolemy/actor/lib/test/Publisher.tcl (RunTclFile)" time="0.889" />
  <testcase classname="ptolemy.util.test.junit.TclTests" name="[22] /home/travis/build/icyphy/ptII/ptolemy/actor/lib/test/Pulse.tcl (RunTclFile)" time="0.085" />
  <testcase classname="ptolemy.util.test.junit.TclTests" name="[23] /home/travis/build/icyphy/ptII/ptolemy/actor/lib/test/Ramp.tcl (RunTclFile)" time="2.175" />
  <testcase classname="ptolemy.util.test.junit.TclTests" name="[24] /home/travis/build/icyphy/ptII/ptolemy/actor/lib/test/RampContinuous.tcl (RunTclFile)" time="0.019" />
  <testcase classname="ptolemy.util.test.junit.TclTests" name="[25] /home/travis/build/icyphy/ptII/ptolemy/actor/lib/test/RecordAssembler.tcl (RunTclFile)" time="0.017" />
  <testcase classname="ptolemy.util.test.junit.TclTests" name="[26] /home/travis/build/icyphy/ptII/ptolemy/actor/lib/test/RecordDisassembler.tcl (RunTclFile)" time="0.021" />
  <testcase classname="ptolemy.util.test.junit.TclTests" name="[27] /home/travis/build/icyphy/ptII/ptolemy/actor/lib/test/Scale.tcl (RunTclFile)" time="0.035" />
  <testcase classname="ptolemy.util.test.junit.TclTests" name="[28] /home/travis/build/icyphy/ptII/ptolemy/actor/lib/test/SequentialClock.tcl (RunTclFile)" time="0.017" />
  <testcase classname="ptolemy.util.test.junit.TclTests" name="[29] /home/travis/build/icyphy/ptII/ptolemy/actor/lib/test/SetVariable.tcl (RunTclFile)" time="0.019">
    <failure message="Number of failed tests is has increased. expected:&lt;1&gt; but was:&lt;2&gt;" type="junit.framework.AssertionFailedError">junit.framework.AssertionFailedError: Number of failed tests is has increased. expected:&lt;1&gt; but was:&lt;2&gt;
	at ptolemy.util.test.junit.TclTests.RunTclFile(TclTests.java:286)
	at jdk.internal.reflect.GeneratedMethodAccessor19.invoke(Unknown Source)
	at java.base/jdk.internal.reflect.DelegatingMethodAccessorImpl.invoke(DelegatingMethodAccessorImpl.java:43)
	at junitparams.internal.InvokeParameterisedMethod.evaluate(InvokeParameterisedMethod.java:102)
	at junitparams.internal.ParameterisedTestMethodRunner.runMethodInvoker(ParameterisedTestMethodRunner.java:47)
	at junitparams.internal.ParameterisedTestMethodRunner.runTestMethod(ParameterisedTestMethodRunner.java:41)
	at junitparams.internal.ParameterisedTestClassRunner.runParameterisedTest(ParameterisedTestClassRunner.java:143)
	at junitparams.JUnitParamsRunner.runChild(JUnitParamsRunner.java:237)
	at junitparams.JUnitParamsRunner.runChild(JUnitParamsRunner.java:215)
</failure>
  </testcase>
  <testcase classname="ptolemy.util.test.junit.TclTests" name="[30] /home/travis/build/icyphy/ptII/ptolemy/actor/lib/test/Sinewave.tcl (RunTclFile)" time="0.049" />
  <testcase classname="ptolemy.util.test.junit.TclTests" name="[31] /home/travis/build/icyphy/ptII/ptolemy/actor/lib/test/SubscriptionAggregator.tcl (RunTclFile)" time="2.352" />
  <testcase classname="ptolemy.util.test.junit.TclTests" name="[32] /home/travis/build/icyphy/ptII/ptolemy/actor/lib/test/Test.tcl (RunTclFile)" time="0.094" />
  <testcase classname="ptolemy.util.test.junit.TclTests" name="[33] /home/travis/build/icyphy/ptII/ptolemy/actor/lib/test/TestExceptionHandler.tcl (RunTclFile)" time="0.013" />
  <testcase classname="ptolemy.util.test.junit.TclTests" name="[34] /home/travis/build/icyphy/ptII/ptolemy/actor/lib/test/UnionDisassembler.tcl (RunTclFile)" time="0.048" />
  <testcase classname="ptolemy.util.test.junit.TclTests" name="[35] /home/travis/build/icyphy/ptII/ptolemy/actor/lib/test/VariableClock.tcl (RunTclFile)" time="0.018" />
  <testcase classname="ptolemy.util.test.junit.AutoKnownFailedTests" name="[0] /home/travis/build/icyphy/ptII/ptolemy/actor/lib/test/auto/knownFailedTests/PublisherPortToplevelSubscriber.xml (RunModel)" time="0.034" />
  <testcase classname="ptolemy.util.test.junit.AutoKnownFailedTests" name="[1] /home/travis/build/icyphy/ptII/ptolemy/actor/lib/test/auto/knownFailedTests/PublisherSubscriberPortToplevel.xml (RunModel)" time="0.02" />
  <testcase classname="ptolemy.util.test.junit.AutoKnownFailedTests" name="[2] /home/travis/build/icyphy/ptII/ptolemy/actor/lib/test/auto/knownFailedTests/PublisherSubscriptionAggregatorPort.xml (RunModel)" time="0.024" />
  <testcase classname="ptolemy.util.test.junit.AutoKnownFailedTests" name="[3] /home/travis/build/icyphy/ptII/ptolemy/actor/lib/test/auto/knownFailedTests/sizedarray3.xml (RunModel)" time="0.032" />
  <testcase classname="ptolemy.util.test.junit.AutoNameArchTests" name="[0] ThereAreNoAutoArchTests (RunModel)" time="0.004" />
  <testcase classname="ptolemy.util.test.junit.AutoTests" name="[0] /home/travis/build/icyphy/ptII/ptolemy/actor/lib/test/auto/AbsoluteValue.xml (RunModel)" time="0.08" />
  <testcase classname="ptolemy.util.test.junit.AutoTests" name="[1] /home/travis/build/icyphy/ptII/ptolemy/actor/lib/test/auto/AbsoluteValue2.xml (RunModel)" time="0.079" />
  <testcase classname="ptolemy.util.test.junit.AutoTests" name="[2] /home/travis/build/icyphy/ptII/ptolemy/actor/lib/test/auto/Accumulator.xml (RunModel)" time="0.067" />
  <testcase classname="ptolemy.util.test.junit.AutoTests" name="[3] /home/travis/build/icyphy/ptII/ptolemy/actor/lib/test/auto/Accumulator2.xml (RunModel)" time="0.053" />
  <testcase classname="ptolemy.util.test.junit.AutoTests" name="[4] /home/travis/build/icyphy/ptII/ptolemy/actor/lib/test/auto/Accumulator3.xml (RunModel)" time="0.131" />
  <testcase classname="ptolemy.util.test.junit.AutoTests" name="[5] /home/travis/build/icyphy/ptII/ptolemy/actor/lib/test/auto/ArrayAppend.xml (RunModel)" time="0.033" />
  <testcase classname="ptolemy.util.test.junit.AutoTests" name="[6] /home/travis/build/icyphy/ptII/ptolemy/actor/lib/test/auto/ArrayAppend2.xml (RunModel)" time="0.397" />
  <testcase classname="ptolemy.util.test.junit.AutoTests" name="[7] /home/travis/build/icyphy/ptII/ptolemy/actor/lib/test/auto/ArrayAppend3.xml (RunModel)" time="0.019" />
  <testcase classname="ptolemy.util.test.junit.AutoTests" name="[8] /home/travis/build/icyphy/ptII/ptolemy/actor/lib/test/auto/ArrayAppend4.xml (RunModel)" time="0.049" />
  <testcase classname="ptolemy.util.test.junit.AutoTests" name="[9] /home/travis/build/icyphy/ptII/ptolemy/actor/lib/test/auto/ArrayAppend5.xml (RunModel)" time="0.022" />
  <testcase classname="ptolemy.util.test.junit.AutoTests" name="[10] /home/travis/build/icyphy/ptII/ptolemy/actor/lib/test/auto/ArrayAppend6.xml (RunModel)" time="0.026" />
  <testcase classname="ptolemy.util.test.junit.AutoTests" name="[11] /home/travis/build/icyphy/ptII/ptolemy/actor/lib/test/auto/ArrayAppendPerformanceTest.xml (RunModel)" time="0.066" />
  <testcase classname="ptolemy.util.test.junit.AutoTests" name="[12] /home/travis/build/icyphy/ptII/ptolemy/actor/lib/test/auto/ArrayAppendWithEmptyInput.xml (RunModel)" time="0.049" />
  <testcase classname="ptolemy.util.test.junit.AutoTests" name="[13] /home/travis/build/icyphy/ptII/ptolemy/actor/lib/test/auto/ArrayAverage.xml (RunModel)" time="0.052" />
  <testcase classname="ptolemy.util.test.junit.AutoTests" name="[14] /home/travis/build/icyphy/ptII/ptolemy/actor/lib/test/auto/ArrayContains.xml (RunModel)" time="0.054" />
  <testcase classname="ptolemy.util.test.junit.AutoTests" name="[15] /home/travis/build/icyphy/ptII/ptolemy/actor/lib/test/auto/ArrayElement.xml (RunModel)" time="0.039" />
  <testcase classname="ptolemy.util.test.junit.AutoTests" name="[16] /home/travis/build/icyphy/ptII/ptolemy/actor/lib/test/auto/ArrayElementAsMatrix.xml (RunModel)" time="0.079" />
  <testcase classname="ptolemy.util.test.junit.AutoTests" name="[17] /home/travis/build/icyphy/ptII/ptolemy/actor/lib/test/auto/ArrayElementI.xml (RunModel)" time="0.018" />
  <testcase classname="ptolemy.util.test.junit.AutoTests" name="[18] /home/travis/build/icyphy/ptII/ptolemy/actor/lib/test/auto/ArrayExtract.xml (RunModel)" time="0.029" />
  <testcase classname="ptolemy.util.test.junit.AutoTests" name="[19] /home/travis/build/icyphy/ptII/ptolemy/actor/lib/test/auto/ArrayExtract2.xml (RunModel)" time="0.131" />
  <testcase classname="ptolemy.util.test.junit.AutoTests" name="[20] /home/travis/build/icyphy/ptII/ptolemy/actor/lib/test/auto/ArrayLength.xml (RunModel)" time="0.043" />
  <testcase classname="ptolemy.util.test.junit.AutoTests" name="[21] /home/travis/build/icyphy/ptII/ptolemy/actor/lib/test/auto/ArrayLevelCrossing.xml (RunModel)" time="0.034" />
  <testcase classname="ptolemy.util.test.junit.AutoTests" name="[22] /home/travis/build/icyphy/ptII/ptolemy/actor/lib/test/auto/ArrayLevelCrossing2.xml (RunModel)" time="0.025" />
  <testcase classname="ptolemy.util.test.junit.AutoTests" name="[23] /home/travis/build/icyphy/ptII/ptolemy/actor/lib/test/auto/ArrayPeakSearch.xml (RunModel)" time="0.045" />
  <testcase classname="ptolemy.util.test.junit.AutoTests" name="[24] /home/travis/build/icyphy/ptII/ptolemy/actor/lib/test/auto/ArrayPeakSearch2.xml (RunModel)" time="0.04" />
  <testcase classname="ptolemy.util.test.junit.AutoTests" name="[25] /home/travis/build/icyphy/ptII/ptolemy/actor/lib/test/auto/ArrayPeakSearch3.xml (RunModel)" time="0.042" />
  <testcase classname="ptolemy.util.test.junit.AutoTests" name="[26] /home/travis/build/icyphy/ptII/ptolemy/actor/lib/test/auto/ArrayRemoveElement.xml (RunModel)" time="0.03" />
  <testcase classname="ptolemy.util.test.junit.AutoTests" name="[27] /home/travis/build/icyphy/ptII/ptolemy/actor/lib/test/auto/ArraySort.xml (RunModel)" time="0.047" />
  <testcase classname="ptolemy.util.test.junit.AutoTests" name="[28] /home/travis/build/icyphy/ptII/ptolemy/actor/lib/test/auto/ArraySum.xml (RunModel)" time="0.02" />
  <testcase classname="ptolemy.util.test.junit.AutoTests" name="[29] /home/travis/build/icyphy/ptII/ptolemy/actor/lib/test/auto/ArrayToElements.xml (RunModel)" time="0.021" />
  <testcase classname="ptolemy.util.test.junit.AutoTests" name="[30] /home/travis/build/icyphy/ptII/ptolemy/actor/lib/test/auto/ArrayToMatrix.xml (RunModel)" time="0.055" />
  <testcase classname="ptolemy.util.test.junit.AutoTests" name="[31] /home/travis/build/icyphy/ptII/ptolemy/actor/lib/test/auto/ArrayUpdate1.xml (RunModel)" time="0.017" />
  <testcase classname="ptolemy.util.test.junit.AutoTests" name="[32] /home/travis/build/icyphy/ptII/ptolemy/actor/lib/test/auto/ArrayUpdate2.xml (RunModel)" time="0.025" />
  <testcase classname="ptolemy.util.test.junit.AutoTests" name="[33] /home/travis/build/icyphy/ptII/ptolemy/actor/lib/test/auto/ArrayUpdate3.xml (RunModel)" time="0.023" />
  <testcase classname="ptolemy.util.test.junit.AutoTests" name="[34] /home/travis/build/icyphy/ptII/ptolemy/actor/lib/test/auto/Assert1.xml (RunModel)" time="0.026" />
  <testcase classname="ptolemy.util.test.junit.AutoTests" name="[35] /home/travis/build/icyphy/ptII/ptolemy/actor/lib/test/auto/Assert2.xml (RunModel)" time="0.012" />
  <testcase classname="ptolemy.util.test.junit.AutoTests" name="[36] /home/travis/build/icyphy/ptII/ptolemy/actor/lib/test/auto/BooleanMultiplexor.xml (RunModel)" time="0.019" />
  <testcase classname="ptolemy.util.test.junit.AutoTests" name="[37] /home/travis/build/icyphy/ptII/ptolemy/actor/lib/test/auto/BooleanMultiplexor2.xml (RunModel)" time="0.022" />
  <testcase classname="ptolemy.util.test.junit.AutoTests" name="[38] /home/travis/build/icyphy/ptII/ptolemy/actor/lib/test/auto/BooleanMultiplexor3.xml (RunModel)" time="0.022" />
  <testcase classname="ptolemy.util.test.junit.AutoTests" name="[39] /home/travis/build/icyphy/ptII/ptolemy/actor/lib/test/auto/BooleanSelect.xml (RunModel)" time="0.019" />
  <testcase classname="ptolemy.util.test.junit.AutoTests" name="[40] /home/travis/build/icyphy/ptII/ptolemy/actor/lib/test/auto/BooleanSelect2.xml (RunModel)" time="0.015" />
  <testcase classname="ptolemy.util.test.junit.AutoTests" name="[41] /home/travis/build/icyphy/ptII/ptolemy/actor/lib/test/auto/BooleanSwitch.xml (RunModel)" time="0.019" />
  <testcase classname="ptolemy.util.test.junit.AutoTests" name="[42] /home/travis/build/icyphy/ptII/ptolemy/actor/lib/test/auto/BooleanSwitch2.xml (RunModel)" time="0.013" />
  <testcase classname="ptolemy.util.test.junit.AutoTests" name="[43] /home/travis/build/icyphy/ptII/ptolemy/actor/lib/test/auto/BooleanSwitchCloningBugWithClassRelationGroup.xml (RunModel)" time="0.026" />
  <testcase classname="ptolemy.util.test.junit.AutoTests" name="[44] /home/travis/build/icyphy/ptII/ptolemy/actor/lib/test/auto/BusActors.xml (RunModel)" time="0.037" />
  <testcase classname="ptolemy.util.test.junit.AutoTests" name="[45] /home/travis/build/icyphy/ptII/ptolemy/actor/lib/test/auto/ClassWrapper.xml (RunModel)" time="0.011" />
  <testcase classname="ptolemy.util.test.junit.AutoTests" name="[46] /home/travis/build/icyphy/ptII/ptolemy/actor/lib/test/auto/Clock.xml (RunModel)" time="0.032" />
  <testcase classname="ptolemy.util.test.junit.AutoTests" name="[47] /home/travis/build/icyphy/ptII/ptolemy/actor/lib/test/auto/Clock10.xml (RunModel)" time="0.019" />
  <testcase classname="ptolemy.util.test.junit.AutoTests" name="[48] /home/travis/build/icyphy/ptII/ptolemy/actor/lib/test/auto/Clock11.xml (RunModel)" time="0.019" />
  <testcase classname="ptolemy.util.test.junit.AutoTests" name="[49] /home/travis/build/icyphy/ptII/ptolemy/actor/lib/test/auto/Clock12.xml (RunModel)" time="0.018" />
  <testcase classname="ptolemy.util.test.junit.AutoTests" name="[50] /home/travis/build/icyphy/ptII/ptolemy/actor/lib/test/auto/Clock13.xml (RunModel)" time="0.02" />
  <testcase classname="ptolemy.util.test.junit.AutoTests" name="[51] /home/travis/build/icyphy/ptII/ptolemy/actor/lib/test/auto/Clock14.xml (RunModel)" time="0.024" />
  <testcase classname="ptolemy.util.test.junit.AutoTests" name="[52] /home/travis/build/icyphy/ptII/ptolemy/actor/lib/test/auto/Clock15.xml (RunModel)" time="0.018" />
  <testcase classname="ptolemy.util.test.junit.AutoTests" name="[53] /home/travis/build/icyphy/ptII/ptolemy/actor/lib/test/auto/Clock16.xml (RunModel)" time="0.119" />
  <testcase classname="ptolemy.util.test.junit.AutoTests" name="[54] /home/travis/build/icyphy/ptII/ptolemy/actor/lib/test/auto/Clock17.xml (RunModel)" time="0.047" />
  <testcase classname="ptolemy.util.test.junit.AutoTests" name="[55] /home/travis/build/icyphy/ptII/ptolemy/actor/lib/test/auto/Clock18.xml (RunModel)" time="0.058" />
  <testcase classname="ptolemy.util.test.junit.AutoTests" name="[56] /home/travis/build/icyphy/ptII/ptolemy/actor/lib/test/auto/Clock19.xml (RunModel)" time="0.047" />
  <testcase classname="ptolemy.util.test.junit.AutoTests" name="[57] /home/travis/build/icyphy/ptII/ptolemy/actor/lib/test/auto/Clock2.xml (RunModel)" time="0.017" />
  <testcase classname="ptolemy.util.test.junit.AutoTests" name="[58] /home/travis/build/icyphy/ptII/ptolemy/actor/lib/test/auto/Clock20.xml (RunModel)" time="0.027" />
  <testcase classname="ptolemy.util.test.junit.AutoTests" name="[59] /home/travis/build/icyphy/ptII/ptolemy/actor/lib/test/auto/Clock21.xml (RunModel)" time="0.019" />
  <testcase classname="ptolemy.util.test.junit.AutoTests" name="[60] /home/travis/build/icyphy/ptII/ptolemy/actor/lib/test/auto/Clock22.xml (RunModel)" time="0.018" />
  <testcase classname="ptolemy.util.test.junit.AutoTests" name="[61] /home/travis/build/icyphy/ptII/ptolemy/actor/lib/test/auto/Clock23.xml (RunModel)" time="0.021" />
  <testcase classname="ptolemy.util.test.junit.AutoTests" name="[62] /home/travis/build/icyphy/ptII/ptolemy/actor/lib/test/auto/Clock24.xml (RunModel)" time="0.02" />
  <testcase classname="ptolemy.util.test.junit.AutoTests" name="[63] /home/travis/build/icyphy/ptII/ptolemy/actor/lib/test/auto/Clock4.xml (RunModel)" time="0.014" />
  <testcase classname="ptolemy.util.test.junit.AutoTests" name="[64] /home/travis/build/icyphy/ptII/ptolemy/actor/lib/test/auto/Clock5.xml (RunModel)" time="0.016" />
  <testcase classname="ptolemy.util.test.junit.AutoTests" name="[65] /home/travis/build/icyphy/ptII/ptolemy/actor/lib/test/auto/Clock6.xml (RunModel)" time="0.017" />
  <testcase classname="ptolemy.util.test.junit.AutoTests" name="[66] /home/travis/build/icyphy/ptII/ptolemy/actor/lib/test/auto/Clock7.xml (RunModel)" time="0.014" />
  <testcase classname="ptolemy.util.test.junit.AutoTests" name="[67] /home/travis/build/icyphy/ptII/ptolemy/actor/lib/test/auto/Clock8.xml (RunModel)" time="0.022" />
  <testcase classname="ptolemy.util.test.junit.AutoTests" name="[68] /home/travis/build/icyphy/ptII/ptolemy/actor/lib/test/auto/Clock9.xml (RunModel)" time="0.019" />
  <testcase classname="ptolemy.util.test.junit.AutoTests" name="[69] /home/travis/build/icyphy/ptII/ptolemy/actor/lib/test/auto/CommDistDiscard.xml (RunModel)" time="0.025" />
  <testcase classname="ptolemy.util.test.junit.AutoTests" name="[70] /home/travis/build/icyphy/ptII/ptolemy/actor/lib/test/auto/Commutator.xml (RunModel)" time="0.026" />
  <testcase classname="ptolemy.util.test.junit.AutoTests" name="[71] /home/travis/build/icyphy/ptII/ptolemy/actor/lib/test/auto/Commutator2.xml (RunModel)" time="0.014" />
  <testcase classname="ptolemy.util.test.junit.AutoTests" name="[72] /home/travis/build/icyphy/ptII/ptolemy/actor/lib/test/auto/Commutator3.xml (RunModel)" time="0.016" />
  <testcase classname="ptolemy.util.test.junit.AutoTests" name="[73] /home/travis/build/icyphy/ptII/ptolemy/actor/lib/test/auto/Compare.xml (RunModel)" time="0.023" />
  <testcase classname="ptolemy.util.test.junit.AutoTests" name="[74] /home/travis/build/icyphy/ptII/ptolemy/actor/lib/test/auto/CompareDE.xml (RunModel)" time="0.022" />
  <testcase classname="ptolemy.util.test.junit.AutoTests" name="[75] /home/travis/build/icyphy/ptII/ptolemy/actor/lib/test/auto/ComplexDivide.xml (RunModel)" time="0.016" />
  <testcase classname="ptolemy.util.test.junit.AutoTests" name="[76] /home/travis/build/icyphy/ptII/ptolemy/actor/lib/test/auto/ComputeHistogram.xml (RunModel)" time="0.08" />
  <testcase classname="ptolemy.util.test.junit.AutoTests" name="[77] /home/travis/build/icyphy/ptII/ptolemy/actor/lib/test/auto/ConfigurationSelect.xml (RunModel)" time="0.028" />
  <testcase classname="ptolemy.util.test.junit.AutoTests" name="[78] /home/travis/build/icyphy/ptII/ptolemy/actor/lib/test/auto/ConfigurationSelect2.xml (RunModel)" time="0.017" />
  <testcase classname="ptolemy.util.test.junit.AutoTests" name="[79] /home/travis/build/icyphy/ptII/ptolemy/actor/lib/test/auto/ConfigurationSwitch.xml (RunModel)" time="0.031" />
  <testcase classname="ptolemy.util.test.junit.AutoTests" name="[80] /home/travis/build/icyphy/ptII/ptolemy/actor/lib/test/auto/ConfigurationSwitch2.xml (RunModel)" time="0.037" />
  <testcase classname="ptolemy.util.test.junit.AutoTests" name="[81] /home/travis/build/icyphy/ptII/ptolemy/actor/lib/test/auto/ConfigurationSwitchCloningBugWithClassRelationGroup.xml (RunModel)" time="0.027" />
  <testcase classname="ptolemy.util.test.junit.AutoTests" name="[82] /home/travis/build/icyphy/ptII/ptolemy/actor/lib/test/auto/ConfigurationSwitchSelectSDF.xml (RunModel)" time="0.023" />
  <testcase classname="ptolemy.util.test.junit.AutoTests" name="[83] /home/travis/build/icyphy/ptII/ptolemy/actor/lib/test/auto/ConfigurationSwitchSelectSDF2.xml (RunModel)" time="0.017" />
  <testcase classname="ptolemy.util.test.junit.AutoTests" name="[84] /home/travis/build/icyphy/ptII/ptolemy/actor/lib/test/auto/Const.xml (RunModel)" time="0.008" />
  <testcase classname="ptolemy.util.test.junit.AutoTests" name="[85] /home/travis/build/icyphy/ptII/ptolemy/actor/lib/test/auto/Const2.xml (RunModel)" time="0.012" />
  <testcase classname="ptolemy.util.test.junit.AutoTests" name="[86] /home/travis/build/icyphy/ptII/ptolemy/actor/lib/test/auto/Const3.xml (RunModel)" time="0.01" />
  <testcase classname="ptolemy.util.test.junit.AutoTests" name="[87] /home/travis/build/icyphy/ptII/ptolemy/actor/lib/test/auto/ConstantPublisherPort1.xml (RunModel)" time="0.025" />
  <testcase classname="ptolemy.util.test.junit.AutoTests" name="[88] /home/travis/build/icyphy/ptII/ptolemy/actor/lib/test/auto/ConstantPublisherPort2.xml (RunModel)" time="0.037" />
  <testcase classname="ptolemy.util.test.junit.AutoTests" name="[89] /home/travis/build/icyphy/ptII/ptolemy/actor/lib/test/auto/ConstantPublisherPort3.xml (RunModel)" time="0.024" />
  <testcase classname="ptolemy.util.test.junit.AutoTests" name="[90] /home/travis/build/icyphy/ptII/ptolemy/actor/lib/test/auto/ConstantPublisherPort4.xml (RunModel)" time="0.019" />
  <testcase classname="ptolemy.util.test.junit.AutoTests" name="[91] /home/travis/build/icyphy/ptII/ptolemy/actor/lib/test/auto/ConstantPublisherPort5.xml (RunModel)" time="0.039" />
  <testcase classname="ptolemy.util.test.junit.AutoTests" name="[92] /home/travis/build/icyphy/ptII/ptolemy/actor/lib/test/auto/ConstantPublisherPort6.xml (RunModel)" time="0.036" />
  <testcase classname="ptolemy.util.test.junit.AutoTests" name="[93] /home/travis/build/icyphy/ptII/ptolemy/actor/lib/test/auto/ConstantPublisherPort7.xml (RunModel)" time="0.033" />
  <testcase classname="ptolemy.util.test.junit.AutoTests" name="[94] /home/travis/build/icyphy/ptII/ptolemy/actor/lib/test/auto/ConstraintMonitor1.xml (RunModel)" time="0.042" />
  <testcase classname="ptolemy.util.test.junit.AutoTests" name="[95] /home/travis/build/icyphy/ptII/ptolemy/actor/lib/test/auto/ConstraintMonitor2.xml (RunModel)" time="0.012" />
  <testcase classname="ptolemy.util.test.junit.AutoTests" name="[96] /home/travis/build/icyphy/ptII/ptolemy/actor/lib/test/auto/ConstraintMonitor3.xml (RunModel)" time="0.019" />
  <testcase classname="ptolemy.util.test.junit.AutoTests" name="[97] /home/travis/build/icyphy/ptII/ptolemy/actor/lib/test/auto/ConstraintMonitor4.xml (RunModel)" time="0.015" />
  <testcase classname="ptolemy.util.test.junit.AutoTests" name="[98] /home/travis/build/icyphy/ptII/ptolemy/actor/lib/test/auto/ConstraintMonitor5.xml (RunModel)" time="0.014" />
  <testcase classname="ptolemy.util.test.junit.AutoTests" name="[99] /home/travis/build/icyphy/ptII/ptolemy/actor/lib/test/auto/ConstraintMonitor6.xml (RunModel)" time="0.015" />
  <testcase classname="ptolemy.util.test.junit.AutoTests" name="[100] /home/travis/build/icyphy/ptII/ptolemy/actor/lib/test/auto/ConstraintMonitor7.xml (RunModel)" time="0.02" />
  <testcase classname="ptolemy.util.test.junit.AutoTests" name="[101] /home/travis/build/icyphy/ptII/ptolemy/actor/lib/test/auto/ConstraintMonitor8.xml (RunModel)" time="0.018" />
  <testcase classname="ptolemy.util.test.junit.AutoTests" name="[102] /home/travis/build/icyphy/ptII/ptolemy/actor/lib/test/auto/Counter.xml (RunModel)" time="0.012" />
  <testcase classname="ptolemy.util.test.junit.AutoTests" name="[103] /home/travis/build/icyphy/ptII/ptolemy/actor/lib/test/auto/CurrentTimeSDF.xml (RunModel)" time="0.01" />
  <testcase classname="ptolemy.util.test.junit.AutoTests" name="[104] /home/travis/build/icyphy/ptII/ptolemy/actor/lib/test/auto/DB.xml (RunModel)" time="0.019" />
  <testcase classname="ptolemy.util.test.junit.AutoTests" name="[105] /home/travis/build/icyphy/ptII/ptolemy/actor/lib/test/auto/DBDE.xml (RunModel)" time="0.016" />
  <testcase classname="ptolemy.util.test.junit.AutoTests" name="[106] /home/travis/build/icyphy/ptII/ptolemy/actor/lib/test/auto/DateConstructor.xml (RunModel)" time="0.081" />
  <testcase classname="ptolemy.util.test.junit.AutoTests" name="[107] /home/travis/build/icyphy/ptII/ptolemy/actor/lib/test/auto/DelayTime.xml (RunModel)" time="0.018" />
  <testcase classname="ptolemy.util.test.junit.AutoTests" name="[108] /home/travis/build/icyphy/ptII/ptolemy/actor/lib/test/auto/Dictionary1.xml (RunModel)" time="0.017" />
  <testcase classname="ptolemy.util.test.junit.AutoTests" name="[109] /home/travis/build/icyphy/ptII/ptolemy/actor/lib/test/auto/Dictionary2.xml (RunModel)" time="0.023" />
  <testcase classname="ptolemy.util.test.junit.AutoTests" name="[110] /home/travis/build/icyphy/ptII/ptolemy/actor/lib/test/auto/Dictionary3.xml (RunModel)" time="0.012" />
  <testcase classname="ptolemy.util.test.junit.AutoTests" name="[111] /home/travis/build/icyphy/ptII/ptolemy/actor/lib/test/auto/Dictionary4.xml (RunModel)" time="0.017" />
  <testcase classname="ptolemy.util.test.junit.AutoTests" name="[112] /home/travis/build/icyphy/ptII/ptolemy/actor/lib/test/auto/Differential.xml (RunModel)" time="0.014" />
  <testcase classname="ptolemy.util.test.junit.AutoTests" name="[113] /home/travis/build/icyphy/ptII/ptolemy/actor/lib/test/auto/Director.xml (RunModel)" time="0.011" />
  <testcase classname="ptolemy.util.test.junit.AutoTests" name="[114] /home/travis/build/icyphy/ptII/ptolemy/actor/lib/test/auto/DiscreteClock.xml (RunModel)" time="0.011" />
  <testcase classname="ptolemy.util.test.junit.AutoTests" name="[115] /home/travis/build/icyphy/ptII/ptolemy/actor/lib/test/auto/DiscreteClock10.xml (RunModel)" time="0.015" />
  <testcase classname="ptolemy.util.test.junit.AutoTests" name="[116] /home/travis/build/icyphy/ptII/ptolemy/actor/lib/test/auto/DiscreteClock11.xml (RunModel)" time="0.013" />
  <testcase classname="ptolemy.util.test.junit.AutoTests" name="[117] /home/travis/build/icyphy/ptII/ptolemy/actor/lib/test/auto/DiscreteClock12.xml (RunModel)" time="0.016" />
  <testcase classname="ptolemy.util.test.junit.AutoTests" name="[118] /home/travis/build/icyphy/ptII/ptolemy/actor/lib/test/auto/DiscreteClock13.xml (RunModel)" time="0.017" />
  <testcase classname="ptolemy.util.test.junit.AutoTests" name="[119] /home/travis/build/icyphy/ptII/ptolemy/actor/lib/test/auto/DiscreteClock14.xml (RunModel)" time="0.016" />
  <testcase classname="ptolemy.util.test.junit.AutoTests" name="[120] /home/travis/build/icyphy/ptII/ptolemy/actor/lib/test/auto/DiscreteClock15.xml (RunModel)" time="0.017" />
  <testcase classname="ptolemy.util.test.junit.AutoTests" name="[121] /home/travis/build/icyphy/ptII/ptolemy/actor/lib/test/auto/DiscreteClock16.xml (RunModel)" time="0.046" />
  <testcase classname="ptolemy.util.test.junit.AutoTests" name="[122] /home/travis/build/icyphy/ptII/ptolemy/actor/lib/test/auto/DiscreteClock17.xml (RunModel)" time="0.04" />
  <testcase classname="ptolemy.util.test.junit.AutoTests" name="[123] /home/travis/build/icyphy/ptII/ptolemy/actor/lib/test/auto/DiscreteClock18.xml (RunModel)" time="0.051" />
  <testcase classname="ptolemy.util.test.junit.AutoTests" name="[124] /home/travis/build/icyphy/ptII/ptolemy/actor/lib/test/auto/DiscreteClock19.xml (RunModel)" time="0.05" />
  <testcase classname="ptolemy.util.test.junit.AutoTests" name="[125] /home/travis/build/icyphy/ptII/ptolemy/actor/lib/test/auto/DiscreteClock2.xml (RunModel)" time="0.012" />
  <testcase classname="ptolemy.util.test.junit.AutoTests" name="[126] /home/travis/build/icyphy/ptII/ptolemy/actor/lib/test/auto/DiscreteClock20.xml (RunModel)" time="0.023" />
  <testcase classname="ptolemy.util.test.junit.AutoTests" name="[127] /home/travis/build/icyphy/ptII/ptolemy/actor/lib/test/auto/DiscreteClock21.xml (RunModel)" time="0.017" />
  <testcase classname="ptolemy.util.test.junit.AutoTests" name="[128] /home/travis/build/icyphy/ptII/ptolemy/actor/lib/test/auto/DiscreteClock22.xml (RunModel)" time="0.017" />
  <testcase classname="ptolemy.util.test.junit.AutoTests" name="[129] /home/travis/build/icyphy/ptII/ptolemy/actor/lib/test/auto/DiscreteClock23.xml (RunModel)" time="0.021" />
  <testcase classname="ptolemy.util.test.junit.AutoTests" name="[130] /home/travis/build/icyphy/ptII/ptolemy/actor/lib/test/auto/DiscreteClock24.xml (RunModel)" time="0.017" />
  <testcase classname="ptolemy.util.test.junit.AutoTests" name="[131] /home/travis/build/icyphy/ptII/ptolemy/actor/lib/test/auto/DiscreteClock4.xml (RunModel)" time="0.012" />
  <testcase classname="ptolemy.util.test.junit.AutoTests" name="[132] /home/travis/build/icyphy/ptII/ptolemy/actor/lib/test/auto/DiscreteClock5.xml (RunModel)" time="0.016" />
  <testcase classname="ptolemy.util.test.junit.AutoTests" name="[133] /home/travis/build/icyphy/ptII/ptolemy/actor/lib/test/auto/DiscreteClock6.xml (RunModel)" time="0.013" />
  <testcase classname="ptolemy.util.test.junit.AutoTests" name="[134] /home/travis/build/icyphy/ptII/ptolemy/actor/lib/test/auto/DiscreteClock7.xml (RunModel)" time="0.012" />
  <testcase classname="ptolemy.util.test.junit.AutoTests" name="[135] /home/travis/build/icyphy/ptII/ptolemy/actor/lib/test/auto/DiscreteClock8.xml (RunModel)" time="0.015" />
  <testcase classname="ptolemy.util.test.junit.AutoTests" name="[136] /home/travis/build/icyphy/ptII/ptolemy/actor/lib/test/auto/DiscreteClock9.xml (RunModel)" time="0.015" />
  <testcase classname="ptolemy.util.test.junit.AutoTests" name="[137] /home/travis/build/icyphy/ptII/ptolemy/actor/lib/test/auto/DisplayArray.xml (RunModel)" time="0.028" />
  <testcase classname="ptolemy.util.test.junit.AutoTests" name="[138] /home/travis/build/icyphy/ptII/ptolemy/actor/lib/test/auto/Distributor.xml (RunModel)" time="0.012" />
  <testcase classname="ptolemy.util.test.junit.AutoTests" name="[139] /home/travis/build/icyphy/ptII/ptolemy/actor/lib/test/auto/Distributor2.xml (RunModel)" time="0.014" />
  <testcase classname="ptolemy.util.test.junit.AutoTests" name="[140] /home/travis/build/icyphy/ptII/ptolemy/actor/lib/test/auto/DownSample.xml (RunModel)" time="0.012" />
  <testcase classname="ptolemy.util.test.junit.AutoTests" name="[141] /home/travis/build/icyphy/ptII/ptolemy/actor/lib/test/auto/ElectronicUnitBase1.xml (RunModel)" time="0.068" />
  <testcase classname="ptolemy.util.test.junit.AutoTests" name="[142] /home/travis/build/icyphy/ptII/ptolemy/actor/lib/test/auto/ElementsToArray.xml (RunModel)" time="0.012" />
  <testcase classname="ptolemy.util.test.junit.AutoTests" name="[143] /home/travis/build/icyphy/ptII/ptolemy/actor/lib/test/auto/Equals.xml (RunModel)" time="0.016" />
  <testcase classname="ptolemy.util.test.junit.AutoTests" name="[144] /home/travis/build/icyphy/ptII/ptolemy/actor/lib/test/auto/Exec.xml (RunModel)" time="0.032" />
  <testcase classname="ptolemy.util.test.junit.AutoTests" name="[145] /home/travis/build/icyphy/ptII/ptolemy/actor/lib/test/auto/ExecEnvironment.xml (RunModel)" time="0.041" />
  <testcase classname="ptolemy.util.test.junit.AutoTests" name="[146] /home/travis/build/icyphy/ptII/ptolemy/actor/lib/test/auto/ExecNonZeroReturnOutput.xml (RunModel)" time="0.215" />
  <testcase classname="ptolemy.util.test.junit.AutoTests" name="[147] /home/travis/build/icyphy/ptII/ptolemy/actor/lib/test/auto/ExecRunDemos.xml (RunModel)" time="11.023">
    <error type="java.lang.reflect.InvocationTargetException">java.lang.reflect.InvocationTargetException
	at jdk.internal.reflect.GeneratedConstructorAccessor36.newInstance(Unknown Source)
	at java.base/jdk.internal.reflect.DelegatingConstructorAccessorImpl.newInstance(DelegatingConstructorAccessorImpl.java:45)
	at java.base/java.lang.reflect.Constructor.newInstance(Constructor.java:488)
	at ptolemy.util.test.junit.AutoTests.RunModel(AutoTests.java:193)
	at jdk.internal.reflect.GeneratedMethodAccessor43.invoke(Unknown Source)
	at java.base/jdk.internal.reflect.DelegatingMethodAccessorImpl.invoke(DelegatingMethodAccessorImpl.java:43)
	at junitparams.internal.InvokeParameterisedMethod.evaluate(InvokeParameterisedMethod.java:102)
Caused by: ptolemy.kernel.util.IllegalActionException: Test fails in iteration 0.
Value was: &quot;WARNING: An illegal reflective access operation has occurred\nWARNING: Illegal reflective access by io.netty.util.internal.ReflectionUtil (file:/home/travis/build/icyphy/ptII/lib/netty-common-4.1.19.Final.jar) to constructor java.nio.DirectByteBuffer(long,int)\nWARNING: Please consider reporting this to the maintainers of io.netty.util.internal.ReflectionUtil\nWARNING: Use --illegal-access=warn to enable warnings of further illegal reflective access operations\nWARNING: All illegal access operations will be denied in a future release\n&quot;. Should have been: &quot;&quot;
  in .ExecRunDemos.Test
	at ptolemy.actor.lib.Test.fire(Test.java:268)
	at ptolemy.actor.AtomicActor.iterate(AtomicActor.java:512)
	at ptolemy.actor.sched.StaticSchedulingDirector.fire(StaticSchedulingDirector.java:216)
	at ptolemy.domains.sdf.kernel.SDFDirector.fire(SDFDirector.java:500)
	at ptolemy.actor.CompositeActor.fire(CompositeActor.java:455)
	at ptolemy.actor.Manager.iterate(Manager.java:851)
	at ptolemy.actor.Manager.execute(Manager.java:369)
	at ptolemy.actor.Manager.run(Manager.java:1263)
	at ptolemy.actor.Manager$PtolemyRunThread.run(Manager.java:1915)
</error>
  </testcase>
  <testcase classname="ptolemy.util.test.junit.AutoTests" name="[148] /home/travis/build/icyphy/ptII/ptolemy/actor/lib/test/auto/ExecStop.xml (RunModel)" time="5.043" />
  <testcase classname="ptolemy.util.test.junit.AutoTests" name="[149] /home/travis/build/icyphy/ptII/ptolemy/actor/lib/test/auto/ExecutionTimeSDF.xml (RunModel)" time="6.041" />
  <testcase classname="ptolemy.util.test.junit.AutoTests" name="[150] /home/travis/build/icyphy/ptII/ptolemy/actor/lib/test/auto/Expression1.xml (RunModel)" time="0.029" />
  <testcase classname="ptolemy.util.test.junit.AutoTests" name="[151] /home/travis/build/icyphy/ptII/ptolemy/actor/lib/test/auto/Expression10.xml (RunModel)" time="0.024" />
  <testcase classname="ptolemy.util.test.junit.AutoTests" name="[152] /home/travis/build/icyphy/ptII/ptolemy/actor/lib/test/auto/Expression11.xml (RunModel)" time="0.018" />
  <testcase classname="ptolemy.util.test.junit.AutoTests" name="[153] /home/travis/build/icyphy/ptII/ptolemy/actor/lib/test/auto/Expression12.xml (RunModel)" time="0.016" />
  <testcase classname="ptolemy.util.test.junit.AutoTests" name="[154] /home/travis/build/icyphy/ptII/ptolemy/actor/lib/test/auto/Expression13.xml (RunModel)" time="0.013" />
  <testcase classname="ptolemy.util.test.junit.AutoTests" name="[155] /home/travis/build/icyphy/ptII/ptolemy/actor/lib/test/auto/Expression14.xml (RunModel)" time="0.022" />
  <testcase classname="ptolemy.util.test.junit.AutoTests" name="[156] /home/travis/build/icyphy/ptII/ptolemy/actor/lib/test/auto/Expression15.xml (RunModel)" time="0.01" />
  <testcase classname="ptolemy.util.test.junit.AutoTests" name="[157] /home/travis/build/icyphy/ptII/ptolemy/actor/lib/test/auto/Expression16.xml (RunModel)" time="0.013" />
  <testcase classname="ptolemy.util.test.junit.AutoTests" name="[158] /home/travis/build/icyphy/ptII/ptolemy/actor/lib/test/auto/Expression17.xml (RunModel)" time="0.014" />
  <testcase classname="ptolemy.util.test.junit.AutoTests" name="[159] /home/travis/build/icyphy/ptII/ptolemy/actor/lib/test/auto/Expression18.xml (RunModel)" time="0.013" />
  <testcase classname="ptolemy.util.test.junit.AutoTests" name="[160] /home/travis/build/icyphy/ptII/ptolemy/actor/lib/test/auto/Expression2.xml (RunModel)" time="0.014" />
  <testcase classname="ptolemy.util.test.junit.AutoTests" name="[161] /home/travis/build/icyphy/ptII/ptolemy/actor/lib/test/auto/Expression3.xml (RunModel)" time="0.016" />
  <testcase classname="ptolemy.util.test.junit.AutoTests" name="[162] /home/travis/build/icyphy/ptII/ptolemy/actor/lib/test/auto/Expression4.xml (RunModel)" time="0.021" />
  <testcase classname="ptolemy.util.test.junit.AutoTests" name="[163] /home/travis/build/icyphy/ptII/ptolemy/actor/lib/test/auto/Expression5.xml (RunModel)" time="0.013" />
  <testcase classname="ptolemy.util.test.junit.AutoTests" name="[164] /home/travis/build/icyphy/ptII/ptolemy/actor/lib/test/auto/Expression6.xml (RunModel)" time="0.01" />
  <testcase classname="ptolemy.util.test.junit.AutoTests" name="[165] /home/travis/build/icyphy/ptII/ptolemy/actor/lib/test/auto/Expression7.xml (RunModel)" time="0.014" />
  <testcase classname="ptolemy.util.test.junit.AutoTests" name="[166] /home/travis/build/icyphy/ptII/ptolemy/actor/lib/test/auto/Expression8.xml (RunModel)" time="0.019" />
  <testcase classname="ptolemy.util.test.junit.AutoTests" name="[167] /home/travis/build/icyphy/ptII/ptolemy/actor/lib/test/auto/Expression9.xml (RunModel)" time="0.011" />
  <testcase classname="ptolemy.util.test.junit.AutoTests" name="[168] /home/travis/build/icyphy/ptII/ptolemy/actor/lib/test/auto/ExpressionConcatenateArrayType.xml (RunModel)" time="0.038" />
  <testcase classname="ptolemy.util.test.junit.AutoTests" name="[169] /home/travis/build/icyphy/ptII/ptolemy/actor/lib/test/auto/ExpressionConcatenateArrayType2.xml (RunModel)" time="0.024" />
  <testcase classname="ptolemy.util.test.junit.AutoTests" name="[170] /home/travis/build/icyphy/ptII/ptolemy/actor/lib/test/auto/ExpressionFix.xml (RunModel)" time="0.047" />
  <testcase classname="ptolemy.util.test.junit.AutoTests" name="[171] /home/travis/build/icyphy/ptII/ptolemy/actor/lib/test/auto/ExpressionFix2.xml (RunModel)" time="0.02" />
  <testcase classname="ptolemy.util.test.junit.AutoTests" name="[172] /home/travis/build/icyphy/ptII/ptolemy/actor/lib/test/auto/ExpressionFix3.xml (RunModel)" time="0.014" />
  <testcase classname="ptolemy.util.test.junit.AutoTests" name="[173] /home/travis/build/icyphy/ptII/ptolemy/actor/lib/test/auto/FileWriter1.xml (RunModel)" time="0.011" />
  <testcase classname="ptolemy.util.test.junit.AutoTests" name="[174] /home/travis/build/icyphy/ptII/ptolemy/actor/lib/test/auto/FileWriter2.xml (RunModel)" time="0.016" />
  <testcase classname="ptolemy.util.test.junit.AutoTests" name="[175] /home/travis/build/icyphy/ptII/ptolemy/actor/lib/test/auto/FileWriter3.xml (RunModel)" time="0.012" />
  <testcase classname="ptolemy.util.test.junit.AutoTests" name="[176] /home/travis/build/icyphy/ptII/ptolemy/actor/lib/test/auto/Gaussian.xml (RunModel)" time="0.014" />
  <testcase classname="ptolemy.util.test.junit.AutoTests" name="[177] /home/travis/build/icyphy/ptII/ptolemy/actor/lib/test/auto/Gaussian1.xml (RunModel)" time="0.024" />
  <testcase classname="ptolemy.util.test.junit.AutoTests" name="[178] /home/travis/build/icyphy/ptII/ptolemy/actor/lib/test/auto/Gaussian2.xml (RunModel)" time="0.019" />
  <testcase classname="ptolemy.util.test.junit.AutoTests" name="[179] /home/travis/build/icyphy/ptII/ptolemy/actor/lib/test/auto/GradientAdaptiveLattice.xml (RunModel)" time="0.019" />
  <testcase classname="ptolemy.util.test.junit.AutoTests" name="[180] /home/travis/build/icyphy/ptII/ptolemy/actor/lib/test/auto/IIR.xml (RunModel)" time="0.012" />
  <testcase classname="ptolemy.util.test.junit.AutoTests" name="[181] /home/travis/build/icyphy/ptII/ptolemy/actor/lib/test/auto/InputOutputTransparentPorts.xml (RunModel)" time="0.02" />
  <testcase classname="ptolemy.util.test.junit.AutoTests" name="[182] /home/travis/build/icyphy/ptII/ptolemy/actor/lib/test/auto/Interpolator.xml (RunModel)" time="0.014" />
  <testcase classname="ptolemy.util.test.junit.AutoTests" name="[183] /home/travis/build/icyphy/ptII/ptolemy/actor/lib/test/auto/InterpolatorFiringLimitDE.xml (RunModel)" time="0.016" />
  <testcase classname="ptolemy.util.test.junit.AutoTests" name="[184] /home/travis/build/icyphy/ptII/ptolemy/actor/lib/test/auto/Lattice.xml (RunModel)" time="0.011" />
  <testcase classname="ptolemy.util.test.junit.AutoTests" name="[185] /home/travis/build/icyphy/ptII/ptolemy/actor/lib/test/auto/LazyAOCTestLazy.xml (RunModel)" time="0.027" />
  <testcase classname="ptolemy.util.test.junit.AutoTests" name="[186] /home/travis/build/icyphy/ptII/ptolemy/actor/lib/test/auto/LazyAOCTestNonLazy.xml (RunModel)" time="0.054" />
  <testcase classname="ptolemy.util.test.junit.AutoTests" name="[187] /home/travis/build/icyphy/ptII/ptolemy/actor/lib/test/auto/LazyInnerClass.xml (RunModel)" time="0.056" />
  <testcase classname="ptolemy.util.test.junit.AutoTests" name="[188] /home/travis/build/icyphy/ptII/ptolemy/actor/lib/test/auto/LazyPubSub.xml (RunModel)" time="0.065" />
  <testcase classname="ptolemy.util.test.junit.AutoTests" name="[189] /home/travis/build/icyphy/ptII/ptolemy/actor/lib/test/auto/LazyPubSub2.xml (RunModel)" time="0.035" />
  <testcase classname="ptolemy.util.test.junit.AutoTests" name="[190] /home/travis/build/icyphy/ptII/ptolemy/actor/lib/test/auto/LazyPubSub3.xml (RunModel)" time="0.028" />
  <testcase classname="ptolemy.util.test.junit.AutoTests" name="[191] /home/travis/build/icyphy/ptII/ptolemy/actor/lib/test/auto/LazySubClassModel.xml (RunModel)" time="0.023" />
  <testcase classname="ptolemy.util.test.junit.AutoTests" name="[192] /home/travis/build/icyphy/ptII/ptolemy/actor/lib/test/auto/LevelCrossTest1.xml (RunModel)" time="0.011" />
  <testcase classname="ptolemy.util.test.junit.AutoTests" name="[193] /home/travis/build/icyphy/ptII/ptolemy/actor/lib/test/auto/LevelCrossTest10.xml (RunModel)" time="0.019" />
  <testcase classname="ptolemy.util.test.junit.AutoTests" name="[194] /home/travis/build/icyphy/ptII/ptolemy/actor/lib/test/auto/LevelCrossTest11.xml (RunModel)" time="0.018" />
  <testcase classname="ptolemy.util.test.junit.AutoTests" name="[195] /home/travis/build/icyphy/ptII/ptolemy/actor/lib/test/auto/LevelCrossTest12.xml (RunModel)" time="0.02" />
  <testcase classname="ptolemy.util.test.junit.AutoTests" name="[196] /home/travis/build/icyphy/ptII/ptolemy/actor/lib/test/auto/LevelCrossTest13.xml (RunModel)" time="0.018" />
  <testcase classname="ptolemy.util.test.junit.AutoTests" name="[197] /home/travis/build/icyphy/ptII/ptolemy/actor/lib/test/auto/LevelCrossTest2.xml (RunModel)" time="0.013" />
  <testcase classname="ptolemy.util.test.junit.AutoTests" name="[198] /home/travis/build/icyphy/ptII/ptolemy/actor/lib/test/auto/LevelCrossTest3.xml (RunModel)" time="0.015" />
  <testcase classname="ptolemy.util.test.junit.AutoTests" name="[199] /home/travis/build/icyphy/ptII/ptolemy/actor/lib/test/auto/LevelCrossTest4.xml (RunModel)" time="0.012" />
  <testcase classname="ptolemy.util.test.junit.AutoTests" name="[200] /home/travis/build/icyphy/ptII/ptolemy/actor/lib/test/auto/LevelCrossTest5.xml (RunModel)" time="0.018" />
  <testcase classname="ptolemy.util.test.junit.AutoTests" name="[201] /home/travis/build/icyphy/ptII/ptolemy/actor/lib/test/auto/LevelCrossTest6.xml (RunModel)" time="0.015" />
  <testcase classname="ptolemy.util.test.junit.AutoTests" name="[202] /home/travis/build/icyphy/ptII/ptolemy/actor/lib/test/auto/LevelCrossTest7.xml (RunModel)" time="0.021" />
  <testcase classname="ptolemy.util.test.junit.AutoTests" name="[203] /home/travis/build/icyphy/ptII/ptolemy/actor/lib/test/auto/LevelCrossTest8.xml (RunModel)" time="0.016" />
  <testcase classname="ptolemy.util.test.junit.AutoTests" name="[204] /home/travis/build/icyphy/ptII/ptolemy/actor/lib/test/auto/LevelCrossTest9.xml (RunModel)" time="0.015" />
  <testcase classname="ptolemy.util.test.junit.AutoTests" name="[205] /home/travis/build/icyphy/ptII/ptolemy/actor/lib/test/auto/LevinsonDurbin.xml (RunModel)" time="0.01" />
  <testcase classname="ptolemy.util.test.junit.AutoTests" name="[206] /home/travis/build/icyphy/ptII/ptolemy/actor/lib/test/auto/LevinsonDurbin2.xml (RunModel)" time="0.011" />
  <testcase classname="ptolemy.util.test.junit.AutoTests" name="[207] /home/travis/build/icyphy/ptII/ptolemy/actor/lib/test/auto/LevinsonDurbin3.xml (RunModel)" time="0.011" />
  <testcase classname="ptolemy.util.test.junit.AutoTests" name="[208] /home/travis/build/icyphy/ptII/ptolemy/actor/lib/test/auto/Limiter.xml (RunModel)" time="0.048" />
  <testcase classname="ptolemy.util.test.junit.AutoTests" name="[209] /home/travis/build/icyphy/ptII/ptolemy/actor/lib/test/auto/LinearDifferenceEquationSystem.xml (RunModel)" time="0.047" />
  <testcase classname="ptolemy.util.test.junit.AutoTests" name="[210] /home/travis/build/icyphy/ptII/ptolemy/actor/lib/test/auto/LookupTable.xml (RunModel)" time="0.024" />
  <testcase classname="ptolemy.util.test.junit.AutoTests" name="[211] /home/travis/build/icyphy/ptII/ptolemy/actor/lib/test/auto/MathFunction.xml (RunModel)" time="0.02" />
  <testcase classname="ptolemy.util.test.junit.AutoTests" name="[212] /home/travis/build/icyphy/ptII/ptolemy/actor/lib/test/auto/MathFunction2.xml (RunModel)" time="0.013" />
  <testcase classname="ptolemy.util.test.junit.AutoTests" name="[213] /home/travis/build/icyphy/ptII/ptolemy/actor/lib/test/auto/MathFunction3.xml (RunModel)" time="0.02" />
  <testcase classname="ptolemy.util.test.junit.AutoTests" name="[214] /home/travis/build/icyphy/ptII/ptolemy/actor/lib/test/auto/MatrixCropBoolean.xml (RunModel)" time="0.014" />
  <testcase classname="ptolemy.util.test.junit.AutoTests" name="[215] /home/travis/build/icyphy/ptII/ptolemy/actor/lib/test/auto/MatrixCropComplex.xml (RunModel)" time="0.009" />
  <testcase classname="ptolemy.util.test.junit.AutoTests" name="[216] /home/travis/build/icyphy/ptII/ptolemy/actor/lib/test/auto/MatrixCropDouble.xml (RunModel)" time="0.009" />
  <testcase classname="ptolemy.util.test.junit.AutoTests" name="[217] /home/travis/build/icyphy/ptII/ptolemy/actor/lib/test/auto/MatrixCropFix.xml (RunModel)" time="0.015" />
  <testcase classname="ptolemy.util.test.junit.AutoTests" name="[218] /home/travis/build/icyphy/ptII/ptolemy/actor/lib/test/auto/MatrixCropInt.xml (RunModel)" time="0.011" />
  <testcase classname="ptolemy.util.test.junit.AutoTests" name="[219] /home/travis/build/icyphy/ptII/ptolemy/actor/lib/test/auto/MatrixCropLong.xml (RunModel)" time="0.011" />
  <testcase classname="ptolemy.util.test.junit.AutoTests" name="[220] /home/travis/build/icyphy/ptII/ptolemy/actor/lib/test/auto/MatrixToArray.xml (RunModel)" time="0.057" />
  <testcase classname="ptolemy.util.test.junit.AutoTests" name="[221] /home/travis/build/icyphy/ptII/ptolemy/actor/lib/test/auto/MaxIndex.xml (RunModel)" time="0.017" />
  <testcase classname="ptolemy.util.test.junit.AutoTests" name="[222] /home/travis/build/icyphy/ptII/ptolemy/actor/lib/test/auto/Maximum.xml (RunModel)" time="0.017" />
  <testcase classname="ptolemy.util.test.junit.AutoTests" name="[223] /home/travis/build/icyphy/ptII/ptolemy/actor/lib/test/auto/MaximumComplex.xml (RunModel)" time="0.015" />
  <testcase classname="ptolemy.util.test.junit.AutoTests" name="[224] /home/travis/build/icyphy/ptII/ptolemy/actor/lib/test/auto/MethodCallTest.xml (RunModel)" time="0.023" />
  <testcase classname="ptolemy.util.test.junit.AutoTests" name="[225] /home/travis/build/icyphy/ptII/ptolemy/actor/lib/test/auto/Minimum.xml (RunModel)" time="0.017" />
  <testcase classname="ptolemy.util.test.junit.AutoTests" name="[226] /home/travis/build/icyphy/ptII/ptolemy/actor/lib/test/auto/MinimumComplex.xml (RunModel)" time="0.023" />
  <testcase classname="ptolemy.util.test.junit.AutoTests" name="[227] /home/travis/build/icyphy/ptII/ptolemy/actor/lib/test/auto/MinimumMultiports.xml (RunModel)" time="0.022" />
  <testcase classname="ptolemy.util.test.junit.AutoTests" name="[228] /home/travis/build/icyphy/ptII/ptolemy/actor/lib/test/auto/ModifyDate.xml (RunModel)" time="0.044" />
  <testcase classname="ptolemy.util.test.junit.AutoTests" name="[229] /home/travis/build/icyphy/ptII/ptolemy/actor/lib/test/auto/ModifyDate2.xml (RunModel)" time="0.028" />
  <testcase classname="ptolemy.util.test.junit.AutoTests" name="[230] /home/travis/build/icyphy/ptII/ptolemy/actor/lib/test/auto/MovingAverage.xml (RunModel)" time="0.022" />
  <testcase classname="ptolemy.util.test.junit.AutoTests" name="[231] /home/travis/build/icyphy/ptII/ptolemy/actor/lib/test/auto/MovingMaximum.xml (RunModel)" time="0.015" />
  <testcase classname="ptolemy.util.test.junit.AutoTests" name="[232] /home/travis/build/icyphy/ptII/ptolemy/actor/lib/test/auto/MultipleLinksToSameRelation.xml (RunModel)" time="0.008" />
  <testcase classname="ptolemy.util.test.junit.AutoTests" name="[233] /home/travis/build/icyphy/ptII/ptolemy/actor/lib/test/auto/MultipleLinksToSameRelationDE.xml (RunModel)" time="0.013" />
  <testcase classname="ptolemy.util.test.junit.AutoTests" name="[234] /home/travis/build/icyphy/ptII/ptolemy/actor/lib/test/auto/Multiplexor.xml (RunModel)" time="0.015" />
  <testcase classname="ptolemy.util.test.junit.AutoTests" name="[235] /home/travis/build/icyphy/ptII/ptolemy/actor/lib/test/auto/Multiplexor1.xml (RunModel)" time="0.014" />
  <testcase classname="ptolemy.util.test.junit.AutoTests" name="[236] /home/travis/build/icyphy/ptII/ptolemy/actor/lib/test/auto/Multiplexor2.xml (RunModel)" time="0.014" />
  <testcase classname="ptolemy.util.test.junit.AutoTests" name="[237] /home/travis/build/icyphy/ptII/ptolemy/actor/lib/test/auto/Multiplexor3.xml (RunModel)" time="0.016" />
  <testcase classname="ptolemy.util.test.junit.AutoTests" name="[238] /home/travis/build/icyphy/ptII/ptolemy/actor/lib/test/auto/MultiplexorDE.xml (RunModel)" time="0.023" />
  <testcase classname="ptolemy.util.test.junit.AutoTests" name="[239] /home/travis/build/icyphy/ptII/ptolemy/actor/lib/test/auto/MultiportBroadcastTest.xml (RunModel)" time="0.107" />
  <testcase classname="ptolemy.util.test.junit.AutoTests" name="[240] /home/travis/build/icyphy/ptII/ptolemy/actor/lib/test/auto/MultiportOutHangDuringGetWidth.xml (RunModel)" time="0.033" />
  <testcase classname="ptolemy.util.test.junit.AutoTests" name="[241] /home/travis/build/icyphy/ptII/ptolemy/actor/lib/test/auto/NilToken.xml (RunModel)" time="0.013" />
  <testcase classname="ptolemy.util.test.junit.AutoTests" name="[242] /home/travis/build/icyphy/ptII/ptolemy/actor/lib/test/auto/NilTokenNonStrictTest.xml (RunModel)" time="0.014" />
  <testcase classname="ptolemy.util.test.junit.AutoTests" name="[243] /home/travis/build/icyphy/ptII/ptolemy/actor/lib/test/auto/NilTokenRecord.xml (RunModel)" time="0.025" />
  <testcase classname="ptolemy.util.test.junit.AutoTests" name="[244] /home/travis/build/icyphy/ptII/ptolemy/actor/lib/test/auto/NilTokenTypeTest.xml (RunModel)" time="0.035" />
  <testcase classname="ptolemy.util.test.junit.AutoTests" name="[245] /home/travis/build/icyphy/ptII/ptolemy/actor/lib/test/auto/ObjectToken1.xml (RunModel)" time="0.011" />
  <testcase classname="ptolemy.util.test.junit.AutoTests" name="[246] /home/travis/build/icyphy/ptII/ptolemy/actor/lib/test/auto/OrderedMerge.xml (RunModel)" time="0.022" />
  <testcase classname="ptolemy.util.test.junit.AutoTests" name="[247] /home/travis/build/icyphy/ptII/ptolemy/actor/lib/test/auto/OrderedRecordDisassembler.xml (RunModel)" time="0.019" />
  <testcase classname="ptolemy.util.test.junit.AutoTests" name="[248] /home/travis/build/icyphy/ptII/ptolemy/actor/lib/test/auto/OrderedRecordDisassembler2.xml (RunModel)" time="0.018" />
  <testcase classname="ptolemy.util.test.junit.AutoTests" name="[249] /home/travis/build/icyphy/ptII/ptolemy/actor/lib/test/auto/OrderedRecordUpdater.xml (RunModel)" time="0.01" />
  <testcase classname="ptolemy.util.test.junit.AutoTests" name="[250] /home/travis/build/icyphy/ptII/ptolemy/actor/lib/test/auto/OrderedRecordUpdater2.xml (RunModel)" time="0.021" />
  <testcase classname="ptolemy.util.test.junit.AutoTests" name="[251] /home/travis/build/icyphy/ptII/ptolemy/actor/lib/test/auto/PhaseUnwrap.xml (RunModel)" time="0.016" />
  <testcase classname="ptolemy.util.test.junit.AutoTests" name="[252] /home/travis/build/icyphy/ptII/ptolemy/actor/lib/test/auto/PoissonClock.xml (RunModel)" time="0.012" />
  <testcase classname="ptolemy.util.test.junit.AutoTests" name="[253] /home/travis/build/icyphy/ptII/ptolemy/actor/lib/test/auto/PoissonClock2.xml (RunModel)" time="0.01" />
  <testcase classname="ptolemy.util.test.junit.AutoTests" name="[254] /home/travis/build/icyphy/ptII/ptolemy/actor/lib/test/auto/PoissonClock3.xml (RunModel)" time="0.028" />
  <testcase classname="ptolemy.util.test.junit.AutoTests" name="[255] /home/travis/build/icyphy/ptII/ptolemy/actor/lib/test/auto/PubSubWithInitialTokens.xml (RunModel)" time="0.014" />
  <testcase classname="ptolemy.util.test.junit.AutoTests" name="[256] /home/travis/build/icyphy/ptII/ptolemy/actor/lib/test/auto/PubSubWithInitialTokens2.xml (RunModel)" time="0.015" />
  <testcase classname="ptolemy.util.test.junit.AutoTests" name="[257] /home/travis/build/icyphy/ptII/ptolemy/actor/lib/test/auto/PublisherClassNoParameter.xml (RunModel)" time="0.034" />
  <testcase classname="ptolemy.util.test.junit.AutoTests" name="[258] /home/travis/build/icyphy/ptII/ptolemy/actor/lib/test/auto/PublisherClassParameter.xml (RunModel)" time="0.021" />
  <testcase classname="ptolemy.util.test.junit.AutoTests" name="[259] /home/travis/build/icyphy/ptII/ptolemy/actor/lib/test/auto/PublisherNonStrictTest.xml (RunModel)" time="0.014" />
  <testcase classname="ptolemy.util.test.junit.AutoTests" name="[260] /home/travis/build/icyphy/ptII/ptolemy/actor/lib/test/auto/PublisherPort1.xml (RunModel)" time="0.023" />
  <testcase classname="ptolemy.util.test.junit.AutoTests" name="[261] /home/travis/build/icyphy/ptII/ptolemy/actor/lib/test/auto/PublisherPort2.xml (RunModel)" time="0.009" />
  <testcase classname="ptolemy.util.test.junit.AutoTests" name="[262] /home/travis/build/icyphy/ptII/ptolemy/actor/lib/test/auto/PublisherPort3.xml (RunModel)" time="0.013" />
  <testcase classname="ptolemy.util.test.junit.AutoTests" name="[263] /home/travis/build/icyphy/ptII/ptolemy/actor/lib/test/auto/PublisherPort4.xml (RunModel)" time="0.013" />
  <testcase classname="ptolemy.util.test.junit.AutoTests" name="[264] /home/travis/build/icyphy/ptII/ptolemy/actor/lib/test/auto/PublisherPort5.xml (RunModel)" time="0.015" />
  <testcase classname="ptolemy.util.test.junit.AutoTests" name="[265] /home/travis/build/icyphy/ptII/ptolemy/actor/lib/test/auto/PublisherPort5LookAlike.xml (RunModel)" time="0.02" />
  <testcase classname="ptolemy.util.test.junit.AutoTests" name="[266] /home/travis/build/icyphy/ptII/ptolemy/actor/lib/test/auto/PublisherPort6.xml (RunModel)" time="0.014" />
  <testcase classname="ptolemy.util.test.junit.AutoTests" name="[267] /home/travis/build/icyphy/ptII/ptolemy/actor/lib/test/auto/PublisherPort7.xml (RunModel)" time="0.016" />
  <testcase classname="ptolemy.util.test.junit.AutoTests" name="[268] /home/travis/build/icyphy/ptII/ptolemy/actor/lib/test/auto/PublisherPort8.xml (RunModel)" time="0.016" />
  <testcase classname="ptolemy.util.test.junit.AutoTests" name="[269] /home/travis/build/icyphy/ptII/ptolemy/actor/lib/test/auto/PublisherPortSubscriberChannelVariablesAOC2.xml (RunModel)" time="0.04" />
  <testcase classname="ptolemy.util.test.junit.AutoTests" name="[270] /home/travis/build/icyphy/ptII/ptolemy/actor/lib/test/auto/PublisherPortSubscriberOpaqueWidthInference.xml (RunModel)" time="0.015" />
  <testcase classname="ptolemy.util.test.junit.AutoTests" name="[271] /home/travis/build/icyphy/ptII/ptolemy/actor/lib/test/auto/PublisherPortSubscriberPortAdjacent.xml (RunModel)" time="0.023" />
  <testcase classname="ptolemy.util.test.junit.AutoTests" name="[272] /home/travis/build/icyphy/ptII/ptolemy/actor/lib/test/auto/PublisherPortSubscriberPortExpression.xml (RunModel)" time="0.019" />
  <testcase classname="ptolemy.util.test.junit.AutoTests" name="[273] /home/travis/build/icyphy/ptII/ptolemy/actor/lib/test/auto/PublisherPortSubscriberPortOpaqueD3Reverse.xml (RunModel)" time="0.035" />
  <testcase classname="ptolemy.util.test.junit.AutoTests" name="[274] /home/travis/build/icyphy/ptII/ptolemy/actor/lib/test/auto/PublisherPortSubscriberPortOpaqueWidthInference.xml (RunModel)" time="0.017" />
  <testcase classname="ptolemy.util.test.junit.AutoTests" name="[275] /home/travis/build/icyphy/ptII/ptolemy/actor/lib/test/auto/PublisherPortToplevelSubscriberPortAOC.xml (RunModel)" time="0.013" />
  <testcase classname="ptolemy.util.test.junit.AutoTests" name="[276] /home/travis/build/icyphy/ptII/ptolemy/actor/lib/test/auto/PublisherSubscriber.xml (RunModel)" time="0.014" />
  <testcase classname="ptolemy.util.test.junit.AutoTests" name="[277] /home/travis/build/icyphy/ptII/ptolemy/actor/lib/test/auto/PublisherSubscriber10.xml (RunModel)" time="0.021" />
  <testcase classname="ptolemy.util.test.junit.AutoTests" name="[278] /home/travis/build/icyphy/ptII/ptolemy/actor/lib/test/auto/PublisherSubscriber10InitialOutputs.xml (RunModel)" time="0.034" />
  <testcase classname="ptolemy.util.test.junit.AutoTests" name="[279] /home/travis/build/icyphy/ptII/ptolemy/actor/lib/test/auto/PublisherSubscriber11.xml (RunModel)" time="0.025" />
  <testcase classname="ptolemy.util.test.junit.AutoTests" name="[280] /home/travis/build/icyphy/ptII/ptolemy/actor/lib/test/auto/PublisherSubscriber12.xml (RunModel)" time="0.02" />
  <testcase classname="ptolemy.util.test.junit.AutoTests" name="[281] /home/travis/build/icyphy/ptII/ptolemy/actor/lib/test/auto/PublisherSubscriber13.xml (RunModel)" time="0.012" />
  <testcase classname="ptolemy.util.test.junit.AutoTests" name="[282] /home/travis/build/icyphy/ptII/ptolemy/actor/lib/test/auto/PublisherSubscriber14.xml (RunModel)" time="0.048" />
  <testcase classname="ptolemy.util.test.junit.AutoTests" name="[283] /home/travis/build/icyphy/ptII/ptolemy/actor/lib/test/auto/PublisherSubscriber2.xml (RunModel)" time="0.016" />
  <testcase classname="ptolemy.util.test.junit.AutoTests" name="[284] /home/travis/build/icyphy/ptII/ptolemy/actor/lib/test/auto/PublisherSubscriber3.xml (RunModel)" time="0.017" />
  <testcase classname="ptolemy.util.test.junit.AutoTests" name="[285] /home/travis/build/icyphy/ptII/ptolemy/actor/lib/test/auto/PublisherSubscriber4.xml (RunModel)" time="0.015" />
  <testcase classname="ptolemy.util.test.junit.AutoTests" name="[286] /home/travis/build/icyphy/ptII/ptolemy/actor/lib/test/auto/PublisherSubscriber5.xml (RunModel)" time="0.016" />
  <testcase classname="ptolemy.util.test.junit.AutoTests" name="[287] /home/travis/build/icyphy/ptII/ptolemy/actor/lib/test/auto/PublisherSubscriber6.xml (RunModel)" time="0.02" />
  <testcase classname="ptolemy.util.test.junit.AutoTests" name="[288] /home/travis/build/icyphy/ptII/ptolemy/actor/lib/test/auto/PublisherSubscriber7.xml (RunModel)" time="0.019" />
  <testcase classname="ptolemy.util.test.junit.AutoTests" name="[289] /home/travis/build/icyphy/ptII/ptolemy/actor/lib/test/auto/PublisherSubscriber8.xml (RunModel)" time="0.041" />
  <testcase classname="ptolemy.util.test.junit.AutoTests" name="[290] /home/travis/build/icyphy/ptII/ptolemy/actor/lib/test/auto/PublisherSubscriber9.xml (RunModel)" time="0.016" />
  <testcase classname="ptolemy.util.test.junit.AutoTests" name="[291] /home/travis/build/icyphy/ptII/ptolemy/actor/lib/test/auto/PublisherSubscriberAdjacent.xml (RunModel)" time="0.016" />
  <testcase classname="ptolemy.util.test.junit.AutoTests" name="[292] /home/travis/build/icyphy/ptII/ptolemy/actor/lib/test/auto/PublisherSubscriberChannelVariablesAOC2.xml (RunModel)" time="0.03" />
  <testcase classname="ptolemy.util.test.junit.AutoTests" name="[293] /home/travis/build/icyphy/ptII/ptolemy/actor/lib/test/auto/PublisherSubscriberD3.xml (RunModel)" time="0.012" />
  <testcase classname="ptolemy.util.test.junit.AutoTests" name="[294] /home/travis/build/icyphy/ptII/ptolemy/actor/lib/test/auto/PublisherSubscriberD3Reverse.xml (RunModel)" time="0.014" />
  <testcase classname="ptolemy.util.test.junit.AutoTests" name="[295] /home/travis/build/icyphy/ptII/ptolemy/actor/lib/test/auto/PublisherSubscriberExpression.xml (RunModel)" time="0.022" />
  <testcase classname="ptolemy.util.test.junit.AutoTests" name="[296] /home/travis/build/icyphy/ptII/ptolemy/actor/lib/test/auto/PublisherSubscriberOpaque.xml (RunModel)" time="0.015" />
  <testcase classname="ptolemy.util.test.junit.AutoTests" name="[297] /home/travis/build/icyphy/ptII/ptolemy/actor/lib/test/auto/PublisherSubscriberOpaqueD3.xml (RunModel)" time="0.025" />
  <testcase classname="ptolemy.util.test.junit.AutoTests" name="[298] /home/travis/build/icyphy/ptII/ptolemy/actor/lib/test/auto/PublisherSubscriberOpaqueD3Reverse.xml (RunModel)" time="0.028" />
  <testcase classname="ptolemy.util.test.junit.AutoTests" name="[299] /home/travis/build/icyphy/ptII/ptolemy/actor/lib/test/auto/PublisherSubscriberOpaqueWidthInference.xml (RunModel)" time="0.016" />
  <testcase classname="ptolemy.util.test.junit.AutoTests" name="[300] /home/travis/build/icyphy/ptII/ptolemy/actor/lib/test/auto/PublisherTestSubscriber.xml (RunModel)" time="0.015" />
  <testcase classname="ptolemy.util.test.junit.AutoTests" name="[301] /home/travis/build/icyphy/ptII/ptolemy/actor/lib/test/auto/PublisherToplevelSubscriberPortAOC.xml (RunModel)" time="0.011" />
  <testcase classname="ptolemy.util.test.junit.AutoTests" name="[302] /home/travis/build/icyphy/ptII/ptolemy/actor/lib/test/auto/PulseFiringLimitDE.xml (RunModel)" time="0.015" />
  <testcase classname="ptolemy.util.test.junit.AutoTests" name="[303] /home/travis/build/icyphy/ptII/ptolemy/actor/lib/test/auto/Ramp1.xml (RunModel)" time="0.008" />
  <testcase classname="ptolemy.util.test.junit.AutoTests" name="[304] /home/travis/build/icyphy/ptII/ptolemy/actor/lib/test/auto/RampFiringLimitDE.xml (RunModel)" time="0.011" />
  <testcase classname="ptolemy.util.test.junit.AutoTests" name="[305] /home/travis/build/icyphy/ptII/ptolemy/actor/lib/test/auto/RampFiringLimitSDF.xml (RunModel)" time="0.012" />
  <testcase classname="ptolemy.util.test.junit.AutoTests" name="[306] /home/travis/build/icyphy/ptII/ptolemy/actor/lib/test/auto/RandomInteger.xml (RunModel)" time="0.01" />
  <testcase classname="ptolemy.util.test.junit.AutoTests" name="[307] /home/travis/build/icyphy/ptII/ptolemy/actor/lib/test/auto/ReadFile1.xml (RunModel)" time="0.009" />
  <testcase classname="ptolemy.util.test.junit.AutoTests" name="[308] /home/travis/build/icyphy/ptII/ptolemy/actor/lib/test/auto/ReadFile2.xml (RunModel)" time="0.008" />
  <testcase classname="ptolemy.util.test.junit.AutoTests" name="[309] /home/travis/build/icyphy/ptII/ptolemy/actor/lib/test/auto/Reader.xml (RunModel)" time="0.014" />
  <testcase classname="ptolemy.util.test.junit.AutoTests" name="[310] /home/travis/build/icyphy/ptII/ptolemy/actor/lib/test/auto/RecordAssemblerDisplayNameTest.xml (RunModel)" time="3.579" />
  <testcase classname="ptolemy.util.test.junit.AutoTests" name="[311] /home/travis/build/icyphy/ptII/ptolemy/actor/lib/test/auto/RecordAssemblerTypeError.xml (RunModel)" time="0.046" />
  <testcase classname="ptolemy.util.test.junit.AutoTests" name="[312] /home/travis/build/icyphy/ptII/ptolemy/actor/lib/test/auto/RecordDisassember.xml (RunModel)" time="0.012" />
  <testcase classname="ptolemy.util.test.junit.AutoTests" name="[313] /home/travis/build/icyphy/ptII/ptolemy/actor/lib/test/auto/RecordDisassemberDisplayNameTest.xml (RunModel)" time="0.019" />
  <testcase classname="ptolemy.util.test.junit.AutoTests" name="[314] /home/travis/build/icyphy/ptII/ptolemy/actor/lib/test/auto/RecordDisassembler.xml (RunModel)" time="0.012" />
  <testcase classname="ptolemy.util.test.junit.AutoTests" name="[315] /home/travis/build/icyphy/ptII/ptolemy/actor/lib/test/auto/RecordDisassembler2.xml (RunModel)" time="0.01" />
  <testcase classname="ptolemy.util.test.junit.AutoTests" name="[316] /home/travis/build/icyphy/ptII/ptolemy/actor/lib/test/auto/RecordUpdater.xml (RunModel)" time="0.011" />
  <testcase classname="ptolemy.util.test.junit.AutoTests" name="[317] /home/travis/build/icyphy/ptII/ptolemy/actor/lib/test/auto/RecordUpdater2.xml (RunModel)" time="0.01" />
  <testcase classname="ptolemy.util.test.junit.AutoTests" name="[318] /home/travis/build/icyphy/ptII/ptolemy/actor/lib/test/auto/RecursiveLattice.xml (RunModel)" time="0.009" />
  <testcase classname="ptolemy.util.test.junit.AutoTests" name="[319] /home/travis/build/icyphy/ptII/ptolemy/actor/lib/test/auto/Router.xml (RunModel)" time="3.028" />
  <testcase classname="ptolemy.util.test.junit.AutoTests" name="[320] /home/travis/build/icyphy/ptII/ptolemy/actor/lib/test/auto/Router2.xml (RunModel)" time="3.028" />
  <testcase classname="ptolemy.util.test.junit.AutoTests" name="[321] /home/travis/build/icyphy/ptII/ptolemy/actor/lib/test/auto/RunningMaximum.xml (RunModel)" time="0.022" />
  <testcase classname="ptolemy.util.test.junit.AutoTests" name="[322] /home/travis/build/icyphy/ptII/ptolemy/actor/lib/test/auto/RunningMinimum.xml (RunModel)" time="0.019" />
  <testcase classname="ptolemy.util.test.junit.AutoTests" name="[323] /home/travis/build/icyphy/ptII/ptolemy/actor/lib/test/auto/Scale.xml (RunModel)" time="0.009" />
  <testcase classname="ptolemy.util.test.junit.AutoTests" name="[324] /home/travis/build/icyphy/ptII/ptolemy/actor/lib/test/auto/Scale2.xml (RunModel)" time="0.011" />
  <testcase classname="ptolemy.util.test.junit.AutoTests" name="[325] /home/travis/build/icyphy/ptII/ptolemy/actor/lib/test/auto/Scale3.xml (RunModel)" time="0.015" />
  <testcase classname="ptolemy.util.test.junit.AutoTests" name="[326] /home/travis/build/icyphy/ptII/ptolemy/actor/lib/test/auto/ScaleArray.xml (RunModel)" time="0.008" />
  <testcase classname="ptolemy.util.test.junit.AutoTests" name="[327] /home/travis/build/icyphy/ptII/ptolemy/actor/lib/test/auto/ScaleArray2.xml (RunModel)" time="0.009" />
  <testcase classname="ptolemy.util.test.junit.AutoTests" name="[328] /home/travis/build/icyphy/ptII/ptolemy/actor/lib/test/auto/ScaleMatrix.xml (RunModel)" time="0.13" />
  <testcase classname="ptolemy.util.test.junit.AutoTests" name="[329] /home/travis/build/icyphy/ptII/ptolemy/actor/lib/test/auto/Select.xml (RunModel)" time="0.016" />
  <testcase classname="ptolemy.util.test.junit.AutoTests" name="[330] /home/travis/build/icyphy/ptII/ptolemy/actor/lib/test/auto/Select2.xml (RunModel)" time="0.009" />
  <testcase classname="ptolemy.util.test.junit.AutoTests" name="[331] /home/travis/build/icyphy/ptII/ptolemy/actor/lib/test/auto/SequenceToArray2.xml (RunModel)" time="0.14" />
  <testcase classname="ptolemy.util.test.junit.AutoTests" name="[332] /home/travis/build/icyphy/ptII/ptolemy/actor/lib/test/auto/SequentialClock.xml (RunModel)" time="0.008" />
  <testcase classname="ptolemy.util.test.junit.AutoTests" name="[333] /home/travis/build/icyphy/ptII/ptolemy/actor/lib/test/auto/SetVariable.xml (RunModel)" time="0.012" />
  <testcase classname="ptolemy.util.test.junit.AutoTests" name="[334] /home/travis/build/icyphy/ptII/ptolemy/actor/lib/test/auto/SetVariable2.xml (RunModel)" time="0.026" />
  <testcase classname="ptolemy.util.test.junit.AutoTests" name="[335] /home/travis/build/icyphy/ptII/ptolemy/actor/lib/test/auto/SetVariable3.xml (RunModel)" time="0.015" />
  <testcase classname="ptolemy.util.test.junit.AutoTests" name="[336] /home/travis/build/icyphy/ptII/ptolemy/actor/lib/test/auto/SetVariable4.xml (RunModel)" time="0.025" />
  <testcase classname="ptolemy.util.test.junit.AutoTests" name="[337] /home/travis/build/icyphy/ptII/ptolemy/actor/lib/test/auto/SetVariable5.xml (RunModel)" time="0.035" />
  <testcase classname="ptolemy.util.test.junit.AutoTests" name="[338] /home/travis/build/icyphy/ptII/ptolemy/actor/lib/test/auto/Sinewave.xml (RunModel)" time="0.023" />
  <testcase classname="ptolemy.util.test.junit.AutoTests" name="[339] /home/travis/build/icyphy/ptII/ptolemy/actor/lib/test/auto/Sinewave2.xml (RunModel)" time="0.021" />
  <testcase classname="ptolemy.util.test.junit.AutoTests" name="[340] /home/travis/build/icyphy/ptII/ptolemy/actor/lib/test/auto/Sinewave3.xml (RunModel)" time="0.02" />
  <testcase classname="ptolemy.util.test.junit.AutoTests" name="[341] /home/travis/build/icyphy/ptII/ptolemy/actor/lib/test/auto/SingleEvent.xml (RunModel)" time="0.007" />
  <testcase classname="ptolemy.util.test.junit.AutoTests" name="[342] /home/travis/build/icyphy/ptII/ptolemy/actor/lib/test/auto/Sleep.xml (RunModel)" time="6.018" />
  <testcase classname="ptolemy.util.test.junit.AutoTests" name="[343] /home/travis/build/icyphy/ptII/ptolemy/actor/lib/test/auto/SleepMultipleFire.xml (RunModel)" time="1.025" />
  <testcase classname="ptolemy.util.test.junit.AutoTests" name="[344] /home/travis/build/icyphy/ptII/ptolemy/actor/lib/test/auto/StopDE.xml (RunModel)" time="0.016" />
  <testcase classname="ptolemy.util.test.junit.AutoTests" name="[345] /home/travis/build/icyphy/ptII/ptolemy/actor/lib/test/auto/StopSDF.xml (RunModel)" time="0.012" />
  <testcase classname="ptolemy.util.test.junit.AutoTests" name="[346] /home/travis/build/icyphy/ptII/ptolemy/actor/lib/test/auto/StringConstant.xml (RunModel)" time="0.017" />
  <testcase classname="ptolemy.util.test.junit.AutoTests" name="[347] /home/travis/build/icyphy/ptII/ptolemy/actor/lib/test/auto/SubscriberPortInitialValues1.xml (RunModel)" time="0.021" />
  <testcase classname="ptolemy.util.test.junit.AutoTests" name="[348] /home/travis/build/icyphy/ptII/ptolemy/actor/lib/test/auto/SubscriberPortInitialValues13.xml (RunModel)" time="0.03" />
  <testcase classname="ptolemy.util.test.junit.AutoTests" name="[349] /home/travis/build/icyphy/ptII/ptolemy/actor/lib/test/auto/SubscriberPortInitialValues14.xml (RunModel)" time="0.023" />
  <testcase classname="ptolemy.util.test.junit.AutoTests" name="[350] /home/travis/build/icyphy/ptII/ptolemy/actor/lib/test/auto/SubscriberPortInitialValues2.xml (RunModel)" time="0.018" />
  <testcase classname="ptolemy.util.test.junit.AutoTests" name="[351] /home/travis/build/icyphy/ptII/ptolemy/actor/lib/test/auto/SubscriberPortInitialValues3.xml (RunModel)" time="0.021" />
  <testcase classname="ptolemy.util.test.junit.AutoTests" name="[352] /home/travis/build/icyphy/ptII/ptolemy/actor/lib/test/auto/SubscriptionAggregator.xml (RunModel)" time="0.012" />
  <testcase classname="ptolemy.util.test.junit.AutoTests" name="[353] /home/travis/build/icyphy/ptII/ptolemy/actor/lib/test/auto/SubscriptionAggregator2.xml (RunModel)" time="0.011" />
  <testcase classname="ptolemy.util.test.junit.AutoTests" name="[354] /home/travis/build/icyphy/ptII/ptolemy/actor/lib/test/auto/SubscriptionAggregator3.xml (RunModel)" time="0.014" />
  <testcase classname="ptolemy.util.test.junit.AutoTests" name="[355] /home/travis/build/icyphy/ptII/ptolemy/actor/lib/test/auto/SubscriptionAggregatorMultiply.xml (RunModel)" time="0.025" />
  <testcase classname="ptolemy.util.test.junit.AutoTests" name="[356] /home/travis/build/icyphy/ptII/ptolemy/actor/lib/test/auto/SubscriptionAggregatorPortMultiply1.xml (RunModel)" time="0.014" />
  <testcase classname="ptolemy.util.test.junit.AutoTests" name="[357] /home/travis/build/icyphy/ptII/ptolemy/actor/lib/test/auto/Switch.xml (RunModel)" time="0.022" />
  <testcase classname="ptolemy.util.test.junit.AutoTests" name="[358] /home/travis/build/icyphy/ptII/ptolemy/actor/lib/test/auto/Switch2.xml (RunModel)" time="0.009" />
  <testcase classname="ptolemy.util.test.junit.AutoTests" name="[359] /home/travis/build/icyphy/ptII/ptolemy/actor/lib/test/auto/SwitchDE.xml (RunModel)" time="0.022" />
  <testcase classname="ptolemy.util.test.junit.AutoTests" name="[360] /home/travis/build/icyphy/ptII/ptolemy/actor/lib/test/auto/SynchronizerDE.xml (RunModel)" time="0.022" />
  <testcase classname="ptolemy.util.test.junit.AutoTests" name="[361] /home/travis/build/icyphy/ptII/ptolemy/actor/lib/test/auto/Test.xml (RunModel)" time="0.01" />
  <testcase classname="ptolemy.util.test.junit.AutoTests" name="[362] /home/travis/build/icyphy/ptII/ptolemy/actor/lib/test/auto/TestExceptionAttribute1.xml (RunModel)" time="0.009" />
  <testcase classname="ptolemy.util.test.junit.AutoTests" name="[363] /home/travis/build/icyphy/ptII/ptolemy/actor/lib/test/auto/TestExceptionAttribute2.xml (RunModel)" time="0.012" />
  <testcase classname="ptolemy.util.test.junit.AutoTests" name="[364] /home/travis/build/icyphy/ptII/ptolemy/actor/lib/test/auto/TestExceptionAttribute3.xml (RunModel)" time="0.009" />
  <testcase classname="ptolemy.util.test.junit.AutoTests" name="[365] /home/travis/build/icyphy/ptII/ptolemy/actor/lib/test/auto/TestExceptionAttribute4.xml (RunModel)" time="0.007" />
  <testcase classname="ptolemy.util.test.junit.AutoTests" name="[366] /home/travis/build/icyphy/ptII/ptolemy/actor/lib/test/auto/TestExceptionHandler1.xml (RunModel)" time="0.007" />
  <testcase classname="ptolemy.util.test.junit.AutoTests" name="[367] /home/travis/build/icyphy/ptII/ptolemy/actor/lib/test/auto/TestExceptionHandler2.xml (RunModel)" time="0.008" />
  <testcase classname="ptolemy.util.test.junit.AutoTests" name="[368] /home/travis/build/icyphy/ptII/ptolemy/actor/lib/test/auto/TestExceptionHandler3.xml (RunModel)" time="0.007" />
  <testcase classname="ptolemy.util.test.junit.AutoTests" name="[369] /home/travis/build/icyphy/ptII/ptolemy/actor/lib/test/auto/TestExceptionHandler4.xml (RunModel)" time="0.007" />
  <testcase classname="ptolemy.util.test.junit.AutoTests" name="[370] /home/travis/build/icyphy/ptII/ptolemy/actor/lib/test/auto/TestRequireCorrectOrder.xml (RunModel)" time="0.01" />
  <testcase classname="ptolemy.util.test.junit.AutoTests" name="[371] /home/travis/build/icyphy/ptII/ptolemy/actor/lib/test/auto/TestSimple.xml (RunModel)" time="0.007" />
  <testcase classname="ptolemy.util.test.junit.AutoTests" name="[372] /home/travis/build/icyphy/ptII/ptolemy/actor/lib/test/auto/ThrowModelError.xml (RunModel)" time="0.011" />
  <testcase classname="ptolemy.util.test.junit.AutoTests" name="[373] /home/travis/build/icyphy/ptII/ptolemy/actor/lib/test/auto/TimeDelayMicrosteps.xml (RunModel)" time="0.016" />
  <testcase classname="ptolemy.util.test.junit.AutoTests" name="[374] /home/travis/build/icyphy/ptII/ptolemy/actor/lib/test/auto/TimeDelayMicrosteps2.xml (RunModel)" time="0.018" />
  <testcase classname="ptolemy.util.test.junit.AutoTests" name="[375] /home/travis/build/icyphy/ptII/ptolemy/actor/lib/test/auto/TimeDelayMicrosteps3.xml (RunModel)" time="0.014" />
  <testcase classname="ptolemy.util.test.junit.AutoTests" name="[376] /home/travis/build/icyphy/ptII/ptolemy/actor/lib/test/auto/TimeDelayVariableMicrosteps.xml (RunModel)" time="0.018" />
  <testcase classname="ptolemy.util.test.junit.AutoTests" name="[377] /home/travis/build/icyphy/ptII/ptolemy/actor/lib/test/auto/TimeGap.xml (RunModel)" time="0.021" />
  <testcase classname="ptolemy.util.test.junit.AutoTests" name="[378] /home/travis/build/icyphy/ptII/ptolemy/actor/lib/test/auto/TimeGap2.xml (RunModel)" time="0.013" />
  <testcase classname="ptolemy.util.test.junit.AutoTests" name="[379] /home/travis/build/icyphy/ptII/ptolemy/actor/lib/test/auto/TimedSinewave.xml (RunModel)" time="0.054" />
  <testcase classname="ptolemy.util.test.junit.AutoTests" name="[380] /home/travis/build/icyphy/ptII/ptolemy/actor/lib/test/auto/TimedSinewavePhase.xml (RunModel)" time="0.033" />
  <testcase classname="ptolemy.util.test.junit.AutoTests" name="[381] /home/travis/build/icyphy/ptII/ptolemy/actor/lib/test/auto/Timer.xml (RunModel)" time="0.013" />
  <testcase classname="ptolemy.util.test.junit.AutoTests" name="[382] /home/travis/build/icyphy/ptII/ptolemy/actor/lib/test/auto/TriangularDistTestModel.xml (RunModel)" time="0.018" />
  <testcase classname="ptolemy.util.test.junit.AutoTests" name="[383] /home/travis/build/icyphy/ptII/ptolemy/actor/lib/test/auto/TrigFunction.xml (RunModel)" time="0.009" />
  <testcase classname="ptolemy.util.test.junit.AutoTests" name="[384] /home/travis/build/icyphy/ptII/ptolemy/actor/lib/test/auto/TrigFunctionDE.xml (RunModel)" time="0.013" />
  <testcase classname="ptolemy.util.test.junit.AutoTests" name="[385] /home/travis/build/icyphy/ptII/ptolemy/actor/lib/test/auto/TrigFunctionInverse.xml (RunModel)" time="0.011" />
  <testcase classname="ptolemy.util.test.junit.AutoTests" name="[386] /home/travis/build/icyphy/ptII/ptolemy/actor/lib/test/auto/TrigFunctionTan.xml (RunModel)" time="0.008" />
  <testcase classname="ptolemy.util.test.junit.AutoTests" name="[387] /home/travis/build/icyphy/ptII/ptolemy/actor/lib/test/auto/TriggeredClock.xml (RunModel)" time="0.019" />
  <testcase classname="ptolemy.util.test.junit.AutoTests" name="[388] /home/travis/build/icyphy/ptII/ptolemy/actor/lib/test/auto/URLDirectoryReader.xml (RunModel)" time="0.114" />
  <testcase classname="ptolemy.util.test.junit.AutoTests" name="[389] /home/travis/build/icyphy/ptII/ptolemy/actor/lib/test/auto/URLDirectoryReader3.xml (RunModel)" time="1.293" />
  <testcase classname="ptolemy.util.test.junit.AutoTests" name="[390] /home/travis/build/icyphy/ptII/ptolemy/actor/lib/test/auto/UnaryMathFunction.xml (RunModel)" time="0.036" />
  <testcase classname="ptolemy.util.test.junit.AutoTests" name="[391] /home/travis/build/icyphy/ptII/ptolemy/actor/lib/test/auto/Uniform.xml (RunModel)" time="0.019" />
  <testcase classname="ptolemy.util.test.junit.AutoTests" name="[392] /home/travis/build/icyphy/ptII/ptolemy/actor/lib/test/auto/UnionDisassemblerTest.xml (RunModel)" time="0.019" />
  <testcase classname="ptolemy.util.test.junit.AutoTests" name="[393] /home/travis/build/icyphy/ptII/ptolemy/actor/lib/test/auto/UtilityFunctions.xml (RunModel)" time="0.009" />
  <testcase classname="ptolemy.util.test.junit.AutoTests" name="[394] /home/travis/build/icyphy/ptII/ptolemy/actor/lib/test/auto/VariableSleep.xml (RunModel)" time="0.514" />
  <testcase classname="ptolemy.util.test.junit.AutoTests" name="[395] /home/travis/build/icyphy/ptII/ptolemy/actor/lib/test/auto/VectorAssemblerDisassemblerCT.xml (RunModel)" time="0.109" />
  <testcase classname="ptolemy.util.test.junit.AutoTests" name="[396] /home/travis/build/icyphy/ptII/ptolemy/actor/lib/test/auto/VectorAssemblerDisassemblerDE.xml (RunModel)" time="0.015" />
  <testcase classname="ptolemy.util.test.junit.AutoTests" name="[397] /home/travis/build/icyphy/ptII/ptolemy/actor/lib/test/auto/VectorAssemblerDisassemblerSDF.xml (RunModel)" time="0.014" />
  <testcase classname="ptolemy.util.test.junit.AutoTests" name="[398] /home/travis/build/icyphy/ptII/ptolemy/actor/lib/test/auto/WallClockTime.xml (RunModel)" time="1.014" />
  <testcase classname="ptolemy.util.test.junit.AutoTests" name="[399] /home/travis/build/icyphy/ptII/ptolemy/actor/lib/test/auto/WidthTestWithSubscriberPublisher.xml (RunModel)" time="0.035" />
  <testcase classname="ptolemy.util.test.junit.AutoTests" name="[400] /home/travis/build/icyphy/ptII/ptolemy/actor/lib/test/auto/WidthTestWithSubscriberPublisher2.xml (RunModel)" time="0.014" />
  <testcase classname="ptolemy.util.test.junit.AutoTests" name="[401] /home/travis/build/icyphy/ptII/ptolemy/actor/lib/test/auto/WidthTestWithSubscriberPublisher3.xml (RunModel)" time="0.015" />
  <testcase classname="ptolemy.util.test.junit.AutoTests" name="[402] /home/travis/build/icyphy/ptII/ptolemy/actor/lib/test/auto/Writer.xml (RunModel)" time="0.008" />
  <testcase classname="ptolemy.util.test.junit.AutoTests" name="[403] /home/travis/build/icyphy/ptII/ptolemy/actor/lib/test/auto/array.xml (RunModel)" time="0.009" />
  <testcase classname="ptolemy.util.test.junit.AutoTests" name="[404] /home/travis/build/icyphy/ptII/ptolemy/actor/lib/test/auto/array2.xml (RunModel)" time="0.018" />
  <testcase classname="ptolemy.util.test.junit.AutoTests" name="[405] /home/travis/build/icyphy/ptII/ptolemy/actor/lib/test/auto/arrayType.xml (RunModel)" time="0.015" />
  <testcase classname="ptolemy.util.test.junit.AutoTests" name="[406] /home/travis/build/icyphy/ptII/ptolemy/actor/lib/test/auto/arrayType10.xml (RunModel)" time="0.009" />
  <testcase classname="ptolemy.util.test.junit.AutoTests" name="[407] /home/travis/build/icyphy/ptII/ptolemy/actor/lib/test/auto/arrayType11.xml (RunModel)" time="0.008" />
  <testcase classname="ptolemy.util.test.junit.AutoTests" name="[408] /home/travis/build/icyphy/ptII/ptolemy/actor/lib/test/auto/arrayType12.xml (RunModel)" time="0.009" />
  <testcase classname="ptolemy.util.test.junit.AutoTests" name="[409] /home/travis/build/icyphy/ptII/ptolemy/actor/lib/test/auto/arrayType13.xml (RunModel)" time="0.009" />
  <testcase classname="ptolemy.util.test.junit.AutoTests" name="[410] /home/travis/build/icyphy/ptII/ptolemy/actor/lib/test/auto/arrayType14.xml (RunModel)" time="0.009" />
  <testcase classname="ptolemy.util.test.junit.AutoTests" name="[411] /home/travis/build/icyphy/ptII/ptolemy/actor/lib/test/auto/arrayType15.xml (RunModel)" time="0.01" />
  <testcase classname="ptolemy.util.test.junit.AutoTests" name="[412] /home/travis/build/icyphy/ptII/ptolemy/actor/lib/test/auto/arrayType16.xml (RunModel)" time="0.01" />
  <testcase classname="ptolemy.util.test.junit.AutoTests" name="[413] /home/travis/build/icyphy/ptII/ptolemy/actor/lib/test/auto/arrayType17.xml (RunModel)" time="0.009" />
  <testcase classname="ptolemy.util.test.junit.AutoTests" name="[414] /home/travis/build/icyphy/ptII/ptolemy/actor/lib/test/auto/arrayType18.xml (RunModel)" time="0.01" />
  <testcase classname="ptolemy.util.test.junit.AutoTests" name="[415] /home/travis/build/icyphy/ptII/ptolemy/actor/lib/test/auto/arrayType19.xml (RunModel)" time="0.009" />
  <testcase classname="ptolemy.util.test.junit.AutoTests" name="[416] /home/travis/build/icyphy/ptII/ptolemy/actor/lib/test/auto/arrayType2.xml (RunModel)" time="0.009" />
  <testcase classname="ptolemy.util.test.junit.AutoTests" name="[417] /home/travis/build/icyphy/ptII/ptolemy/actor/lib/test/auto/arrayType20.xml (RunModel)" time="0.009" />
  <testcase classname="ptolemy.util.test.junit.AutoTests" name="[418] /home/travis/build/icyphy/ptII/ptolemy/actor/lib/test/auto/arrayType21.xml (RunModel)" time="0.008" />
  <testcase classname="ptolemy.util.test.junit.AutoTests" name="[419] /home/travis/build/icyphy/ptII/ptolemy/actor/lib/test/auto/arrayType22.xml (RunModel)" time="0.009" />
  <testcase classname="ptolemy.util.test.junit.AutoTests" name="[420] /home/travis/build/icyphy/ptII/ptolemy/actor/lib/test/auto/arrayType23.xml (RunModel)" time="0.008" />
  <testcase classname="ptolemy.util.test.junit.AutoTests" name="[421] /home/travis/build/icyphy/ptII/ptolemy/actor/lib/test/auto/arrayType24.xml (RunModel)" time="0.008" />
  <testcase classname="ptolemy.util.test.junit.AutoTests" name="[422] /home/travis/build/icyphy/ptII/ptolemy/actor/lib/test/auto/arrayType25.xml (RunModel)" time="0.009" />
  <testcase classname="ptolemy.util.test.junit.AutoTests" name="[423] /home/travis/build/icyphy/ptII/ptolemy/actor/lib/test/auto/arrayType26.xml (RunModel)" time="0.009" />
  <testcase classname="ptolemy.util.test.junit.AutoTests" name="[424] /home/travis/build/icyphy/ptII/ptolemy/actor/lib/test/auto/arrayType27.xml (RunModel)" time="0.009" />
  <testcase classname="ptolemy.util.test.junit.AutoTests" name="[425] /home/travis/build/icyphy/ptII/ptolemy/actor/lib/test/auto/arrayType28.xml (RunModel)" time="0.01" />
  <testcase classname="ptolemy.util.test.junit.AutoTests" name="[426] /home/travis/build/icyphy/ptII/ptolemy/actor/lib/test/auto/arrayType3.xml (RunModel)" time="0.009" />
  <testcase classname="ptolemy.util.test.junit.AutoTests" name="[427] /home/travis/build/icyphy/ptII/ptolemy/actor/lib/test/auto/arrayType4.xml (RunModel)" time="0.008" />
  <testcase classname="ptolemy.util.test.junit.AutoTests" name="[428] /home/travis/build/icyphy/ptII/ptolemy/actor/lib/test/auto/arrayType5.xml (RunModel)" time="0.009" />
  <testcase classname="ptolemy.util.test.junit.AutoTests" name="[429] /home/travis/build/icyphy/ptII/ptolemy/actor/lib/test/auto/arrayType6.xml (RunModel)" time="0.009" />
  <testcase classname="ptolemy.util.test.junit.AutoTests" name="[430] /home/travis/build/icyphy/ptII/ptolemy/actor/lib/test/auto/arrayType7.xml (RunModel)" time="0.025" />
  <testcase classname="ptolemy.util.test.junit.AutoTests" name="[431] /home/travis/build/icyphy/ptII/ptolemy/actor/lib/test/auto/arrayType8.xml (RunModel)" time="0.017" />
  <testcase classname="ptolemy.util.test.junit.AutoTests" name="[432] /home/travis/build/icyphy/ptII/ptolemy/actor/lib/test/auto/arrayType9.xml (RunModel)" time="0.009" />
  <testcase classname="ptolemy.util.test.junit.AutoTests" name="[433] /home/travis/build/icyphy/ptII/ptolemy/actor/lib/test/auto/cast.xml (RunModel)" time="0.041" />
  <testcase classname="ptolemy.util.test.junit.AutoTests" name="[434] /home/travis/build/icyphy/ptII/ptolemy/actor/lib/test/auto/compositeMultiPort.xml (RunModel)" time="0.052" />
  <testcase classname="ptolemy.util.test.junit.AutoTests" name="[435] /home/travis/build/icyphy/ptII/ptolemy/actor/lib/test/auto/expressionCastInference.xml (RunModel)" time="0.038" />
  <testcase classname="ptolemy.util.test.junit.AutoTests" name="[436] /home/travis/build/icyphy/ptII/ptolemy/actor/lib/test/auto/expressionCastInference2.xml (RunModel)" time="0.037" />
  <testcase classname="ptolemy.util.test.junit.AutoTests" name="[437] /home/travis/build/icyphy/ptII/ptolemy/actor/lib/test/auto/expressionInference.xml (RunModel)" time="0.077" />
  <testcase classname="ptolemy.util.test.junit.AutoTests" name="[438] /home/travis/build/icyphy/ptII/ptolemy/actor/lib/test/auto/expression_bug.xml (RunModel)" time="0.011" />
  <testcase classname="ptolemy.util.test.junit.AutoTests" name="[439] /home/travis/build/icyphy/ptII/ptolemy/actor/lib/test/auto/factorial.xml (RunModel)" time="0.044" />
  <testcase classname="ptolemy.util.test.junit.AutoTests" name="[440] /home/travis/build/icyphy/ptII/ptolemy/actor/lib/test/auto/filterTest1.xml (RunModel)" time="0.013" />
  <testcase classname="ptolemy.util.test.junit.AutoTests" name="[441] /home/travis/build/icyphy/ptII/ptolemy/actor/lib/test/auto/funcApplyInConst.xml (RunModel)" time="0.007" />
  <testcase classname="ptolemy.util.test.junit.AutoTests" name="[442] /home/travis/build/icyphy/ptII/ptolemy/actor/lib/test/auto/funcApplyInExpr.xml (RunModel)" time="0.007" />
  <testcase classname="ptolemy.util.test.junit.AutoTests" name="[443] /home/travis/build/icyphy/ptII/ptolemy/actor/lib/test/auto/function.xml (RunModel)" time="0.009" />
  <testcase classname="ptolemy.util.test.junit.AutoTests" name="[444] /home/travis/build/icyphy/ptII/ptolemy/actor/lib/test/auto/function2.xml (RunModel)" time="0.009" />
  <testcase classname="ptolemy.util.test.junit.AutoTests" name="[445] /home/travis/build/icyphy/ptII/ptolemy/actor/lib/test/auto/function3.xml (RunModel)" time="0.008" />
  <testcase classname="ptolemy.util.test.junit.AutoTests" name="[446] /home/travis/build/icyphy/ptII/ptolemy/actor/lib/test/auto/functionClosureTest1.xml (RunModel)" time="0.011" />
  <testcase classname="ptolemy.util.test.junit.AutoTests" name="[447] /home/travis/build/icyphy/ptII/ptolemy/actor/lib/test/auto/functionClosureTest2.xml (RunModel)" time="0.008" />
  <testcase classname="ptolemy.util.test.junit.AutoTests" name="[448] /home/travis/build/icyphy/ptII/ptolemy/actor/lib/test/auto/functionClosureTest3.xml (RunModel)" time="0.012" />
  <testcase classname="ptolemy.util.test.junit.AutoTests" name="[449] /home/travis/build/icyphy/ptII/ptolemy/actor/lib/test/auto/functionClosureTest4.xml (RunModel)" time="0.015" />
  <testcase classname="ptolemy.util.test.junit.AutoTests" name="[450] /home/travis/build/icyphy/ptII/ptolemy/actor/lib/test/auto/functionClosureTest5.xml (RunModel)" time="0.012" />
  <testcase classname="ptolemy.util.test.junit.AutoTests" name="[451] /home/travis/build/icyphy/ptII/ptolemy/actor/lib/test/auto/functionClosureTest6.xml (RunModel)" time="0.009" />
  <testcase classname="ptolemy.util.test.junit.AutoTests" name="[452] /home/travis/build/icyphy/ptII/ptolemy/actor/lib/test/auto/functionsOnArcs.xml (RunModel)" time="0.01" />
  <testcase classname="ptolemy.util.test.junit.AutoTests" name="[453] /home/travis/build/icyphy/ptII/ptolemy/actor/lib/test/auto/functionsOnArcsHOF.xml (RunModel)" time="0.012" />
  <testcase classname="ptolemy.util.test.junit.AutoTests" name="[454] /home/travis/build/icyphy/ptII/ptolemy/actor/lib/test/auto/logic.xml (RunModel)" time="0.019" />
  <testcase classname="ptolemy.util.test.junit.AutoTests" name="[455] /home/travis/build/icyphy/ptII/ptolemy/actor/lib/test/auto/matrixType.xml (RunModel)" time="0.009" />
  <testcase classname="ptolemy.util.test.junit.AutoTests" name="[456] /home/travis/build/icyphy/ptII/ptolemy/actor/lib/test/auto/matrixType10.xml (RunModel)" time="0.009" />
  <testcase classname="ptolemy.util.test.junit.AutoTests" name="[457] /home/travis/build/icyphy/ptII/ptolemy/actor/lib/test/auto/matrixType11.xml (RunModel)" time="0.009" />
  <testcase classname="ptolemy.util.test.junit.AutoTests" name="[458] /home/travis/build/icyphy/ptII/ptolemy/actor/lib/test/auto/matrixType12.xml (RunModel)" time="0.013" />
  <testcase classname="ptolemy.util.test.junit.AutoTests" name="[459] /home/travis/build/icyphy/ptII/ptolemy/actor/lib/test/auto/matrixType13.xml (RunModel)" time="0.015" />
  <testcase classname="ptolemy.util.test.junit.AutoTests" name="[460] /home/travis/build/icyphy/ptII/ptolemy/actor/lib/test/auto/matrixType14.xml (RunModel)" time="0.013" />
  <testcase classname="ptolemy.util.test.junit.AutoTests" name="[461] /home/travis/build/icyphy/ptII/ptolemy/actor/lib/test/auto/matrixType2.xml (RunModel)" time="0.012" />
  <testcase classname="ptolemy.util.test.junit.AutoTests" name="[462] /home/travis/build/icyphy/ptII/ptolemy/actor/lib/test/auto/matrixType3.xml (RunModel)" time="0.011" />
  <testcase classname="ptolemy.util.test.junit.AutoTests" name="[463] /home/travis/build/icyphy/ptII/ptolemy/actor/lib/test/auto/matrixType4.xml (RunModel)" time="0.009" />
  <testcase classname="ptolemy.util.test.junit.AutoTests" name="[464] /home/travis/build/icyphy/ptII/ptolemy/actor/lib/test/auto/matrixType5.xml (RunModel)" time="0.009" />
  <testcase classname="ptolemy.util.test.junit.AutoTests" name="[465] /home/travis/build/icyphy/ptII/ptolemy/actor/lib/test/auto/matrixType6.xml (RunModel)" time="0.009" />
  <testcase classname="ptolemy.util.test.junit.AutoTests" name="[466] /home/travis/build/icyphy/ptII/ptolemy/actor/lib/test/auto/matrixType7.xml (RunModel)" time="0.009" />
  <testcase classname="ptolemy.util.test.junit.AutoTests" name="[467] /home/travis/build/icyphy/ptII/ptolemy/actor/lib/test/auto/matrixType8.xml (RunModel)" time="0.01" />
  <testcase classname="ptolemy.util.test.junit.AutoTests" name="[468] /home/travis/build/icyphy/ptII/ptolemy/actor/lib/test/auto/matrixType9.xml (RunModel)" time="0.011" />
  <testcase classname="ptolemy.util.test.junit.AutoTests" name="[469] /home/travis/build/icyphy/ptII/ptolemy/actor/lib/test/auto/paraFunctest.xml (RunModel)" time="0.008" />
  <testcase classname="ptolemy.util.test.junit.AutoTests" name="[470] /home/travis/build/icyphy/ptII/ptolemy/actor/lib/test/auto/paraFunctest2.xml (RunModel)" time="0.013" />
  <testcase classname="ptolemy.util.test.junit.AutoTests" name="[471] /home/travis/build/icyphy/ptII/ptolemy/actor/lib/test/auto/parameterPassing.xml (RunModel)" time="0.009" />
  <testcase classname="ptolemy.util.test.junit.AutoTests" name="[472] /home/travis/build/icyphy/ptII/ptolemy/actor/lib/test/auto/record.xml (RunModel)" time="0.01" />
  <testcase classname="ptolemy.util.test.junit.AutoTests" name="[473] /home/travis/build/icyphy/ptII/ptolemy/actor/lib/test/auto/sizedarray1.xml (RunModel)" time="0.01" />
  <testcase classname="ptolemy.util.test.junit.AutoTests" name="[474] /home/travis/build/icyphy/ptII/ptolemy/actor/lib/test/auto/sizedarray2.xml (RunModel)" time="0.011" />
  <testcase classname="ptolemy.util.test.junit.AutoTests" name="[475] /home/travis/build/icyphy/ptII/ptolemy/actor/lib/test/auto/twoPublishers.xml (RunModel)" time="0.029" />
  <system-out><![CDATA[/home/travis/build/icyphy/ptII/ptolemy/actor/lib/test/AbsoluteValue.tcl
testDefs.tcl: setting time out to 9000 seconds at Thu Jul 11 04:53:51 UTC 2019
87 ms. Memory: 120832K Free: 98576K (82%)
5 ms. Memory: 120832K Free: 96573K (80%)
5 ms. Memory: 120832K Free: 95839K (79%)
4 ms. Memory: 120832K Free: 95216K (79%)
/home/travis/build/icyphy/ptII/ptolemy/actor/lib/test/AddSubtract.tcl
10 ms. Memory: 120832K Free: 106092K (88%)
11 ms. Memory: 120832K Free: 105089K (87%)
14 ms. Memory: 120832K Free: 104467K (86%)
15 ms. Memory: 120832K Free: 103443K (86%)
56 ms. Memory: 120832K Free: 100371K (83%)
9 ms. Memory: 120832K Free: 99751K (83%)
/home/travis/build/icyphy/ptII/ptolemy/actor/lib/test/Average.tcl
6 ms. Memory: 120832K Free: 97922K (81%)
5 ms. Memory: 120832K Free: 96851K (80%)
/home/travis/build/icyphy/ptII/ptolemy/actor/lib/test/Bernoulli.tcl
4 ms. Memory: 120832K Free: 95251K (79%)
5 ms. Memory: 120832K Free: 94849K (78%)
/home/travis/build/icyphy/ptII/ptolemy/actor/lib/test/Clock.tcl
preinitializing
resolving types
initializing
executing number 1
wrapping up
idle
31 ms. Memory: 120832K Free: 92149K (76%)
Completed execution with 5 iterations
preinitializing
resolving types
initializing
executing number 1
wrapping up
idle
4 ms. Memory: 120832K Free: 91133K (75%)
Completed execution with 5 iterations
preinitializing
resolving types
initializing
executing number 1
wrapping up
idle
5 ms. Memory: 120832K Free: 90716K (75%)
Completed execution with 5 iterations
/home/travis/build/icyphy/ptII/ptolemy/actor/lib/test/Commutator.tcl
13 ms. Memory: 120832K Free: 88676K (73%)
17 ms. Memory: 120832K Free: 87651K (73%)


==== $PTII/ptolemy/actor/lib/test/Commutator.tcl: Commutator-4.1 run with mutations
==== Contents of test case:

    # Grab stdout and put it into results
    jdkCapture {
	$m addChangeListener  [java::new ptolemy.kernel.util.StreamChangeListener]

	set dir [$e0 getDirector]
	#	$dir addDebugListener  #		[java::new ptolemy.kernel.util.StreamListener]
	$m initialize
	$m iterate
	set c1 [java::new ptolemy.moml.MoMLChangeRequest $e0 $e0  {<deleteEntity name="ramp1"/>}]
	set c2 [java::new ptolemy.moml.MoMLChangeRequest $e0 $e0  {<deleteRelation name="r1"/>}]
	$e0 requestChange $c1
	$e0 requestChange $c2
	$m iterate
	$m wrapup
    } results
    # The MoML within <group> ...</group> comes 
    # from SDFScheduler._setBufferSize
    list $results  [enumToTokenValues [$rec getRecord 0]]

==== Result was:
{} {0 0 1}
---- Result should have been:
{StreamChangeRequest.changeExecuted(): <deleteEntity name="ramp1"/> succeeded
StreamChangeRequest.changeExecuted(): <deleteRelation name="r1"/> succeeded
StreamChangeRequest.changeExecuted(): Record firings per iteration succeeded
} {0 0 1}
---- Commutator-4.1 FAILED
19 ms. Memory: 172032K Free: 152244K (88%)
/home/travis/build/icyphy/ptII/ptolemy/actor/lib/test/Const.tcl
12 ms. Memory: 172032K Free: 150706K (88%)
2 ms. Memory: 172032K Free: 150196K (87%)
4 ms. Memory: 172032K Free: 149682K (87%)
4 ms. Memory: 172032K Free: 149172K (87%)
4 ms. Memory: 172032K Free: 148148K (86%)
30 ms. Memory: 172032K Free: 146596K (85%)
6 ms. Memory: 172032K Free: 145572K (85%)
9 ms. Memory: 172032K Free: 145076K (84%)
/home/travis/build/icyphy/ptII/ptolemy/actor/lib/test/CurrentTime.tcl
preinitializing
resolving types
initializing
executing number 1
wrapping up
idle
10 ms. Memory: 172032K Free: 143028K (83%)
Completed execution with 11 iterations
/home/travis/build/icyphy/ptII/ptolemy/actor/lib/test/DB.tcl
17 ms. Memory: 172032K Free: 141476K (82%)
2 ms. Memory: 172032K Free: 140980K (82%)
1 ms. Memory: 172032K Free: 140466K (82%)
/home/travis/build/icyphy/ptII/ptolemy/actor/lib/test/DiscreteRandomSource.tcl
preinitializing
resolving types
initializing
executing number 1
wrapping up
idle
9 ms. Memory: 172032K Free: 138932K (81%)
Completed execution with 4 iterations
preinitializing
resolving types
initializing
executing number 1
wrapping up
idle
3 ms. Memory: 172032K Free: 138404K (80%)
Completed execution with 4 iterations
preinitializing
resolving types
initializing
executing number 1
wrapping up
idle
10 ms. Memory: 172032K Free: 137908K (80%)
Completed execution with 4 iterations
preinitializing
resolving types
initializing
executing number 1
wrapping up
idle
3 ms. Memory: 172032K Free: 137388K (80%)
Completed execution with 4 iterations
preinitializing
resolving types
initializing
executing number 1
wrapping up
idle
12 ms. Memory: 172032K Free: 136884K (80%)
Completed execution with 4 iterations
/home/travis/build/icyphy/ptII/ptolemy/actor/lib/test/Distributor.tcl
9 ms. Memory: 172032K Free: 135346K (79%)
9 ms. Memory: 172032K Free: 134836K (78%)
StreamChangeRequest.changeExecuted(): <deleteEntity name="rec2"/> succeeded
StreamChangeRequest.changeExecuted(): <deleteRelation name="r2"/> succeeded
StreamChangeRequest.changeExecuted(): Record firings per iteration succeeded
13 ms. Memory: 172032K Free: 132260K (77%)
/home/travis/build/icyphy/ptII/ptolemy/actor/lib/test/Exit.tcl
Exit.tcl: this will print a message about Manager.exitAfterWrapup, which can be ignored.
5 ms. Memory: 172032K Free: 128936K (75%)
/home/travis/build/icyphy/ptII/ptolemy/actor/lib/test/Expression.tcl
19 ms. Memory: 172032K Free: 125620K (73%)
7 ms. Memory: 172032K Free: 124596K (72%)
3 ms. Memory: 172032K Free: 124068K (72%)
preinitializing
resolving types
initializing
executing number 1
wrapping up
idle
5 ms. Memory: 172032K Free: 122548K (71%)
Completed execution with 6 iterations
12 ms. Memory: 172032K Free: 121524K (71%)
7 ms. Memory: 172032K Free: 121010K (70%)
13 ms. Memory: 172032K Free: 119972K (70%)
18 ms. Memory: 172032K Free: 156019K (91%)
6 ms. Memory: 172032K Free: 154997K (90%)
/home/travis/build/icyphy/ptII/ptolemy/actor/lib/test/Gaussian.tcl
7 ms. Memory: 172032K Free: 152949K (89%)
sleeping 1 seconds: ....................................................................................................................................................................................................................................................................................................................................................................................................................................................................................................................................................................................................................................................................................................................................................................................................................................................................................................................................................................................................................................................................................................................................................................................................................................................................................................................................................................................................................................................................................................................................................................................................................................................................................................................................................................................................................................................................................................................................................................................................................................................................................................................................................................................................................................................................................................................................................................................................................................................................................................................................................................................................................................................................................................................................................................................................................................................................................................................................................................................................................................................................................................................................................................................................................................................................................................................................................................................................................................................................................................................................................................................................................................................................................................................................................................................................................................................................................................................................................................................................................................................................................................................................................................................................................................................................................................................................................................................................................................................................................................................................................................................................................................................................................................................................................................................................................................................................................................................................................................................................................................................................................................................................................................................................................................................................................................................................................................................................................................................................................................................................................................................................................................................................................................................................................................................................................................................................................................................................................................................................................................................................................................................................................................................................................................................................................................................................................................................................................................................................................................................................................................................................................................................................................................................................................................................................................................................................................................................................................................................................................................................................................................................................................................................................................................................................................................................................................................................................................................................................................................................................................................................................................................................................................................................................................................................................................................................................................................................................................................................................................................................................................................................................................................................................................................................................................................................................................................................................................................................................................................................................................................................................................................................................................................................................................................................................................................................................................................................................................................................................................................................................................................................................................................................................................................................................................................................................................................................................................................................................................................................................................................................................................................................................................................................................................................................................................................................................................................................................................................................................................................................................................................................................................................................................................................................................................................................................................................................................................................................................................................................................................................................................................................................................................................................................................................................................................................................................................................................................................................................................................................................................................................................................................................................................................................................................................................................................................................................................................................................................................................................................................................................................................................................................................................................................................................................................................................................................................................................................................................................................................................................................................................................................................................................................................................................................................................................................................................................................................................................................................................................................................................................................................................................................................................................................................................................................................................................................................................................................................................................................................................................................................................................................................................................................................................................................................................................................................................................................................................................................................................................................................................................................................................................................................................................................................................................................................................................................................................................................................................................................................................................................................................................................................................................................................................................................................................................................................................................................................................................................................................................................................................................................................................................................................................................................................................................................................................................................................................................................................................................................................................................................................................................................................................................................................................................................................................................................................................................................................................................................................................................................................................................................................................................................................................................................................................................................................................................................................................................................................................................................................................................................................................................................................................................................................................................................................................................................................................................................................................................................................................................................................................................................................................................................................................................................................................................................................................................................................................................................................................................................................................................................................................................................................................................................................................................................................................................................................................................................................................................................................................................................................................................................................................................................................................................................................................................................................................................................................................................................................................................................................................................................................................................................................................................................................................................................................................................................................................................................................................................................................................................................................................................................................................................................................................................................................................................................................................................................................................................................................................................................................................................................................................................................................................................................................................................................................................................................................................................................................................................................................................................................................................................................................................................................................................................................................................................................................................................................................................................................................................................................................................................................................................................................................................................................................................................................................................................................................................................................................................................................................................................................................................................................................................................................................................................................................................................................................................................................................................................................................................................................................................................................................................................................................................................................................................................................................................................................................................................................................................................................................................................................................................................................................................................................................................................................................................................................................................................................................................................................................................................................................................................................................................................................................................................................................................................................................................................................................................................................................................................................................................................................................................................................................................................................................................................................................................................................................................................................................................................................................................................................................................................................................................................................................................................................................................................................................................................................................................................................................................................................................................................................................................2 ms. Memory: 172032K Free: 152065K (88%)
2 ms. Memory: 172032K Free: 151071K (88%)
2 ms. Memory: 172032K Free: 150561K (88%)
1 ms. Memory: 172032K Free: 150033K (87%)
1 ms. Memory: 172032K Free: 149537K (87%)
/home/travis/build/icyphy/ptII/ptolemy/actor/lib/test/IIR.tcl
/home/travis/build/icyphy/ptII/ptolemy/actor/lib/test/Interpolator.tcl
3 ms. Memory: 172032K Free: 145937K (85%)
2 ms. Memory: 172032K Free: 144913K (84%)
1 ms. Memory: 172032K Free: 144417K (84%)
1 ms. Memory: 172032K Free: 143889K (84%)
2 ms. Memory: 172032K Free: 143393K (83%)
2 ms. Memory: 172032K Free: 142369K (83%)
2 ms. Memory: 172032K Free: 141345K (82%)
2 ms. Memory: 172032K Free: 140321K (82%)
2 ms. Memory: 172032K Free: 139801K (81%)
2 ms. Memory: 172032K Free: 138777K (81%)
/home/travis/build/icyphy/ptII/ptolemy/actor/lib/test/MathFunction.tcl
4 ms. Memory: 172032K Free: 136729K (79%)
2 ms. Memory: 172032K Free: 135681K (79%)
1 ms. Memory: 172032K Free: 134681K (78%)
1 ms. Memory: 172032K Free: 133663K (78%)
3 ms. Memory: 172032K Free: 132625K (77%)
5 ms. Memory: 172032K Free: 130577K (76%)
/home/travis/build/icyphy/ptII/ptolemy/actor/lib/test/Maximum.tcl
9 ms. Memory: 172032K Free: 128529K (75%)
2 ms. Memory: 172032K Free: 128033K (74%)
12 ms. Memory: 172032K Free: 127519K (74%)
10 ms. Memory: 172032K Free: 126465K (74%)
/home/travis/build/icyphy/ptII/ptolemy/actor/lib/test/Minimum.tcl
12 ms. Memory: 172032K Free: 124961K (73%)
2 ms. Memory: 172032K Free: 124417K (72%)
5 ms. Memory: 172032K Free: 123393K (72%)
4 ms. Memory: 172032K Free: 122913K (71%)
/home/travis/build/icyphy/ptII/ptolemy/actor/lib/test/MultiplyDivide.tcl
10 ms. Memory: 172032K Free: 120865K (70%)
3 ms. Memory: 172032K Free: 120337K (70%)
2 ms. Memory: 172032K Free: 119841K (70%)
4 ms. Memory: 172032K Free: 118817K (69%)
3 ms. Memory: 172032K Free: 118289K (69%)
/home/travis/build/icyphy/ptII/ptolemy/actor/lib/test/OrderedMerge.tcl
Connections changed on port: inputA
Connections changed on port: inputB
Connections changed on port: output
Connections changed on port: output
Connections changed on port: output
Connections changed on port: input
.top. Preinitializing ...
Invoking preinitialize():  .top.OrderedMerge
Called preinitialize()
Invoking preinitialize():  .top.Ramp
Called preinitialize()
Invoking preinitialize():  .top.Ramp2
Called preinitialize()
Invoking preinitialize():  .top.Test
Called preinitialize()
Connections changed on port: inputA
Connections changed on port: output
Connections changed on port: inputB
Connections changed on port: output
Connections changed on port: output
Connections changed on port: input
.top. Finished preinitialize().
Called initialize().
Invoking initialize():  .top.OrderedMerge
Initializing actor: .top.OrderedMerge
Adding a thread: .top.OrderedMerge
Invoking initialize():  .top.Ramp
Initializing actor: .top.Ramp
Adding a thread: .top.Ramp
Invoking initialize():  .top.Ramp2
Initializing actor: .top.Ramp2
Adding a thread: .top.Ramp2
Invoking initialize():  .top.Test
Initializing actor: .top.Test
Adding a thread: .top.Test
-- Starting thread.
Called initialize()
Called prefire()
Called fire()
Called fire().
Checking for deadlock:
-- Starting thread.
Called initialize()
-- Starting thread.
Called initialize()
Called prefire()
Called prefire()
Called fire()
Called fire()
-- Starting thread.
Called initialize()
Called prefire()
Called fire()
There are 1 Blocked actors, 0 Stopped actors, and 4 active threads.
Waiting for actors to stop.
Called postfire()
Called prefire()
Called fire()
Called postfire()
Called prefire()
Called fire()
Read input token from inputA with value 0.0
Next port to read input from is inputB
Called postfire()
Called prefire()
Called fire()
Read input token from inputB with value 0.0
Checking for deadlock:
There are 1 Blocked actors, 0 Stopped actors, and 4 active threads.
Waiting for actors to stop.
Called postfire()
Called prefire()
Called fire()
Called postfire()
Called prefire()
Called fire()
Checking for deadlock:
There are 3 Blocked actors, 0 Stopped actors, and 4 active threads.
Waiting for actors to stop.
Sent output token with value 0.0
Next port to read input from is inputA
Called postfire()
Called prefire()
Called fire()
Read input token from inputA with value 1.0
Checking for deadlock:
There are 1 Blocked actors, 0 Stopped actors, and 4 active threads.
Waiting for actors to stop.
-- Read input: 0.0, which is expected to match: 0.0
Called prefire()
Called fire()
Checking for deadlock:
There are 2 Blocked actors, 0 Stopped actors, and 4 active threads.
Waiting for actors to stop.
Called postfire()
Called prefire()
Called fire()
Checking for deadlock:
There are 2 Blocked actors, 0 Stopped actors, and 4 active threads.
Waiting for actors to stop.
-- Read input: 0.0, which is expected to match: 0.0
Called prefire()
Called fire()
Checking for deadlock:
There are 3 Blocked actors, 0 Stopped actors, and 4 active threads.
Waiting for actors to stop.
Sent output token with value 0.0
Next port to read input from is inputB
Called postfire()
Called prefire()
Called fire()
Checking for deadlock:
There are 2 Blocked actors, 0 Stopped actors, and 4 active threads.
Waiting for actors to stop.
Called postfire()
Called prefire()
Called fire()
Checking for deadlock:
There are 3 Blocked actors, 0 Stopped actors, and 4 active threads.
Waiting for actors to stop.
Read input token from inputB with value 1.5
Checking for deadlock:
There are 2 Blocked actors, 0 Stopped actors, and 4 active threads.
Waiting for actors to stop.
-- Read input: 1.0, which is expected to match: 1.0
Called prefire()
Called fire()
Checking for deadlock:
There are 3 Blocked actors, 0 Stopped actors, and 4 active threads.
Waiting for actors to stop.
Sent output token with value 1.0
Next port to read input from is inputA
Called postfire()
Called prefire()
Called fire()
Called postfire()
Called prefire()
Called fire()
Checking for deadlock:
There are 3 Blocked actors, 0 Stopped actors, and 4 active threads.
Waiting for actors to stop.
Read input token from inputA with value 2.0
-- Read input: 1.5, which is expected to match: 1.5
Called prefire()
Called fire()
Checking for deadlock:
There are 3 Blocked actors, 0 Stopped actors, and 4 active threads.
Waiting for actors to stop.
Sent output token with value 1.5
Next port to read input from is inputB
Called postfire()
Called prefire()
Called fire()
Checking for deadlock:
There are 2 Blocked actors, 0 Stopped actors, and 4 active threads.
Waiting for actors to stop.
Called postfire()
Called prefire()
Called fire()
Checking for deadlock:
There are 3 Blocked actors, 0 Stopped actors, and 4 active threads.
Waiting for actors to stop.
Read input token from inputB with value 3.0
Checking for deadlock:
There are 2 Blocked actors, 0 Stopped actors, and 4 active threads.
Waiting for actors to stop.
-- Read input: 2.0, which is expected to match: 2.0
Called prefire()
Called fire()
Checking for deadlock:
There are 3 Blocked actors, 0 Stopped actors, and 4 active threads.
Waiting for actors to stop.
Sent output token with value 2.0
Next port to read input from is inputA
Called postfire()
Called prefire()
Called fire()
Called postfire()
Called prefire()
Called fire()
Checking for deadlock:
There are 3 Blocked actors, 0 Stopped actors, and 4 active threads.
Waiting for actors to stop.
Read input token from inputA with value 3.0
-- Read input: 3.0, which is expected to match: 3.0
Called prefire()
Called fire()
Checking for deadlock:
There are 3 Blocked actors, 0 Stopped actors, and 4 active threads.
Waiting for actors to stop.
Sent output token with value 3.0
Next port to read input from is inputB
Called postfire()
Called prefire()
Called fire()
Checking for deadlock:
There are 2 Blocked actors, 0 Stopped actors, and 4 active threads.
Waiting for actors to stop.
Called postfire()
Called prefire()
Called fire()
Checking for deadlock:
There are 3 Blocked actors, 0 Stopped actors, and 4 active threads.
Waiting for actors to stop.
Read input token from inputB with value 4.5
Checking for deadlock:
There are 2 Blocked actors, 0 Stopped actors, and 4 active threads.
Waiting for actors to stop.
-- Read input: 3.0, which is expected to match: 3.0
Called prefire()
Called fire()
Checking for deadlock:
There are 3 Blocked actors, 0 Stopped actors, and 4 active threads.
Waiting for actors to stop.
Sent output token with value 3.0
Next port to read input from is inputA
Called postfire()
Called prefire()
Called fire()
Called postfire()
Called prefire()
Called fire()
Checking for deadlock:
There are 3 Blocked actors, 0 Stopped actors, and 4 active threads.
Waiting for actors to stop.
Read input token from inputA with value 4.0
-- Read input: 4.0, which is expected to match: 4.0
Called prefire()
Called fire()
Past the end of training data. Read and discard all inputs.
Checking for deadlock:
There are 3 Blocked actors, 0 Stopped actors, and 4 active threads.
Waiting for actors to stop.
Sent output token with value 4.0
Next port to read input from is inputA
Called postfire()
Called prefire()
Called fire()
Called postfire()
Called prefire()
Called fire()
Checking for deadlock:
There are 3 Blocked actors, 0 Stopped actors, and 4 active threads.
Waiting for actors to stop.
Read input token from inputA with value 5.0
Called prefire()
Called fire()
Past the end of training data. Read and discard all inputs.
Checking for deadlock:
There are 3 Blocked actors, 0 Stopped actors, and 4 active threads.
Waiting for actors to stop.
Sent output token with value 4.5
Next port to read input from is inputB
Called postfire()
Called prefire()
Called fire()
Checking for deadlock:
There are 2 Blocked actors, 0 Stopped actors, and 4 active threads.
Waiting for actors to stop.
Called postfire()
Called prefire()
Called fire()
Checking for deadlock:
There are 3 Blocked actors, 0 Stopped actors, and 4 active threads.
Waiting for actors to stop.
Read input token from inputB with value 6.0
Checking for deadlock:
There are 2 Blocked actors, 0 Stopped actors, and 4 active threads.
Waiting for actors to stop.
Called prefire()
Called fire()
Past the end of training data. Read and discard all inputs.
Checking for deadlock:
There are 3 Blocked actors, 0 Stopped actors, and 4 active threads.
Waiting for actors to stop.
Sent output token with value 5.0
Next port to read input from is inputA
Called postfire()
Called prefire()
Called fire()
Called postfire()
Called prefire()
Called fire()
Checking for deadlock:
There are 3 Blocked actors, 0 Stopped actors, and 4 active threads.
Waiting for actors to stop.
Read input token from inputA with value 6.0
Called prefire()
Called fire()
Past the end of training data. Read and discard all inputs.
Checking for deadlock:
There are 3 Blocked actors, 0 Stopped actors, and 4 active threads.
Waiting for actors to stop.
Sent output token with value 6.0
Next port to read input from is inputB
Called postfire()
Called prefire()
Called fire()
Checking for deadlock:
There are 2 Blocked actors, 0 Stopped actors, and 4 active threads.
Waiting for actors to stop.
Called postfire()
Called prefire()
Called fire()
Checking for deadlock:
There are 3 Blocked actors, 0 Stopped actors, and 4 active threads.
Waiting for actors to stop.
Read input token from inputB with value 7.5
Checking for deadlock:
There are 2 Blocked actors, 0 Stopped actors, and 4 active threads.
Waiting for actors to stop.
Called prefire()
Called fire()
Past the end of training data. Read and discard all inputs.
Checking for deadlock:
There are 3 Blocked actors, 0 Stopped actors, and 4 active threads.
Waiting for actors to stop.
Sent output token with value 6.0
Next port to read input from is inputA
Called postfire()
Called prefire()
Called fire()
Called postfire()
Called prefire()
Called fire()
Checking for deadlock:
There are 3 Blocked actors, 0 Stopped actors, and 4 active threads.
Waiting for actors to stop.
Read input token from inputA with value 7.0
Called prefire()
Called fire()
Past the end of training data. Read and discard all inputs.
Checking for deadlock:
There are 3 Blocked actors, 0 Stopped actors, and 4 active threads.
Waiting for actors to stop.
Sent output token with value 7.0
Next port to read input from is inputA
Called postfire()
Called prefire()
Called fire()
-- Thread wrapup() called.
Called wrapup()
Thread .top.Ramp is exiting.
-- Thread stopped.
Checking for deadlock:
There are 2 Blocked actors, 0 Stopped actors, and 3 active threads.
Waiting for actors to stop.
Read input token from inputA with value 8.0
Checking for deadlock:
There are 1 Blocked actors, 0 Stopped actors, and 3 active threads.
Waiting for actors to stop.
Called prefire()
Called fire()
Past the end of training data. Read and discard all inputs.
Checking for deadlock:
There are 2 Blocked actors, 0 Stopped actors, and 3 active threads.
Waiting for actors to stop.
Sent output token with value 7.5
Next port to read input from is inputB
Called postfire()
Called prefire()
Called fire()
Checking for deadlock:
There are 1 Blocked actors, 0 Stopped actors, and 3 active threads.
Waiting for actors to stop.
Called postfire()
Called prefire()
Called fire()
Checking for deadlock:
There are 2 Blocked actors, 0 Stopped actors, and 3 active threads.
Waiting for actors to stop.
Read input token from inputB with value 9.0
Checking for deadlock:
There are 1 Blocked actors, 0 Stopped actors, and 3 active threads.
Waiting for actors to stop.
Called prefire()
Called fire()
Past the end of training data. Read and discard all inputs.
Checking for deadlock:
There are 2 Blocked actors, 0 Stopped actors, and 3 active threads.
Waiting for actors to stop.
Sent output token with value 8.0
Next port to read input from is inputA
Called postfire()
Called prefire()
Called fire()
Read input token from inputA with value 9.0
Called prefire()
Called fire()
Past the end of training data. Read and discard all inputs.
Checking for deadlock:
There are 2 Blocked actors, 0 Stopped actors, and 3 active threads.
Waiting for actors to stop.
Sent output token with value 9.0
Next port to read input from is inputB
Called postfire()
Called prefire()
Called fire()
Called postfire()
Called prefire()
Called fire()
Checking for deadlock:
There are 2 Blocked actors, 0 Stopped actors, and 3 active threads.
Waiting for actors to stop.
Read input token from inputB with value 10.5
Called prefire()
Called fire()
Past the end of training data. Read and discard all inputs.
Checking for deadlock:
There are 2 Blocked actors, 0 Stopped actors, and 3 active threads.
Waiting for actors to stop.
Sent output token with value 9.0
Next port to read input from is inputA
Called postfire()
Called prefire()
Called fire()
Checking for deadlock:
There are 3 Blocked actors, 0 Stopped actors, and 3 active threads.
Actors have stopped.
Checking for deadlock:
There are 3 Blocked actors, 0 Stopped actors, and 3 active threads.
Deadlock detected.
Resolving Deadlock
Checking for deadlock:
There are 3 Blocked actors, 0 Stopped actors, and 3 active threads.
Artificial Deadlock - increasing queue capacity.
increasing the capacity of receiver ptolemy.actor.TypedIOPort {.top.OrderedMerge.inputB} to 2
Director: Called postfire().
Called postfire().
_stopRequested = false
_stopFireRequested = false
Returning from postfire(): true
-- Thread wrapup() called.
Called wrapup()
Thread .top.Ramp2 is exiting.
-- Thread stopped.
Called fire().
Checking for deadlock:
There are 2 Blocked actors, 0 Stopped actors, and 2 active threads.
Actors have stopped.
Checking for deadlock:
There are 2 Blocked actors, 0 Stopped actors, and 2 active threads.
Deadlock detected.
Resolving Deadlock
Checking for deadlock:
There are 2 Blocked actors, 0 Stopped actors, and 2 active threads.
Deadlock detected: no processes blocked on write, but some are blocked on read.
Called postfire().
_stopRequested = false
_stopFireRequested = false
Returning from postfire(): false
Finished deactivating branches.
Called wrapup().
-- Thread wrapup() called.
Called wrapup()
Thread .top.Test is exiting.
-- Thread stopped.
-- Blocked Receiver call threw TerminateProcessException.
-- Thread wrapup() called.
Called wrapup()
Thread .top.OrderedMerge is exiting.
-- Thread stopped.
-- Blocked Receiver call threw TerminateProcessException.
65 ms. Memory: 172032K Free: 113114K (66%)
.top. Preinitializing ...
Invoking preinitialize():  .top.OrderedMerge
Called preinitialize()
Invoking preinitialize():  .top.Ramp
Called preinitialize()
Invoking preinitialize():  .top.Ramp2
Called preinitialize()
Invoking preinitialize():  .top.Test
Called preinitialize()
.top. Finished preinitialize().
Called initialize().
Invoking initialize():  .top.OrderedMerge
Initializing actor: .top.OrderedMerge
Adding a thread: .top.OrderedMerge
Invoking initialize():  .top.Ramp
Initializing actor: .top.Ramp
Adding a thread: .top.Ramp
Invoking initialize():  .top.Ramp2
Initializing actor: .top.Ramp2
Adding a thread: .top.Ramp2
Invoking initialize():  .top.Test
Initializing actor: .top.Test
Adding a thread: .top.Test
-- Starting thread.
Called initialize()
Called prefire()
Called fire()
-- Starting thread.
Called initialize()
Called prefire()
Called fire()
Called postfire()
Called prefire()
Called fire()
-- Starting thread.
Called initialize()
Called prefire()
Called fire()
Called postfire()
Called prefire()
Called fire()
Called fire().
Checking for deadlock:
There are 3 Blocked actors, 0 Stopped actors, and 4 active threads.
Waiting for actors to stop.
-- Starting thread.
Called initialize()
Called prefire()
Called fire()
Checking for deadlock:
There are 2 Blocked actors, 0 Stopped actors, and 4 active threads.
Waiting for actors to stop.
Called postfire()
Called prefire()
Called fire()
Checking for deadlock:
There are 3 Blocked actors, 0 Stopped actors, and 4 active threads.
Waiting for actors to stop.
Read input token from inputA with value 0.0
Next port to read input from is inputB
Called postfire()
Called prefire()
Called fire()
Called postfire()
Called prefire()
Called fire()
Checking for deadlock:
There are 3 Blocked actors, 0 Stopped actors, and 4 active threads.
Waiting for actors to stop.
Read input token from inputB with value 0.0
Checking for deadlock:
There are 2 Blocked actors, 0 Stopped actors, and 4 active threads.
Waiting for actors to stop.
-- Read input: 0.0, which is expected to match: 0.0
Called prefire()
Called fire()
Checking for deadlock:
There are 3 Blocked actors, 0 Stopped actors, and 4 active threads.
Waiting for actors to stop.
Sent output token with value 0.0
Next port to read input from is inputA
Called postfire()
Called prefire()
Called fire()
Checking for deadlock:
There are 2 Blocked actors, 0 Stopped actors, and 4 active threads.
Waiting for actors to stop.
Called postfire()
Called prefire()
Called fire()
Checking for deadlock:
There are 3 Blocked actors, 0 Stopped actors, and 4 active threads.
Waiting for actors to stop.
Read input token from inputA with value 1.0
Checking for deadlock:
There are 2 Blocked actors, 0 Stopped actors, and 4 active threads.
Waiting for actors to stop.
-- Read input: 0.0, which is expected to match: 0.0
Called prefire()
Called fire()
Checking for deadlock:
There are 3 Blocked actors, 0 Stopped actors, and 4 active threads.
Waiting for actors to stop.
Sent output token with value 0.0
Next port to read input from is inputB
Called postfire()
Called prefire()
Called fire()
Called postfire()
Called prefire()
Called fire()
Checking for deadlock:
There are 3 Blocked actors, 0 Stopped actors, and 4 active threads.
Waiting for actors to stop.
Read input token from inputB with value 1.5
-- Read input: 1.0, which is expected to match: 1.0
Called prefire()
Called fire()
Checking for deadlock:
There are 3 Blocked actors, 0 Stopped actors, and 4 active threads.
Waiting for actors to stop.
Sent output token with value 1.0
Next port to read input from is inputA
Called postfire()
Called prefire()
Called fire()
Checking for deadlock:
There are 2 Blocked actors, 0 Stopped actors, and 4 active threads.
Waiting for actors to stop.
Called postfire()
Called prefire()
Called fire()
Checking for deadlock:
There are 3 Blocked actors, 0 Stopped actors, and 4 active threads.
Waiting for actors to stop.
Read input token from inputA with value 2.0
Checking for deadlock:
There are 2 Blocked actors, 0 Stopped actors, and 4 active threads.
Waiting for actors to stop.
-- Read input: 1.5, which is expected to match: 1.5
Called prefire()
Called fire()
Checking for deadlock:
There are 3 Blocked actors, 0 Stopped actors, and 4 active threads.
Waiting for actors to stop.
Sent output token with value 1.5
Next port to read input from is inputB
Called postfire()
Called prefire()
Called fire()
Checking for deadlock:
There are 2 Blocked actors, 0 Stopped actors, and 4 active threads.
Waiting for actors to stop.
Called postfire()
Called prefire()
Called fire()
Checking for deadlock:
There are 3 Blocked actors, 0 Stopped actors, and 4 active threads.
Waiting for actors to stop.
Read input token from inputB with value 3.0
Checking for deadlock:
There are 2 Blocked actors, 0 Stopped actors, and 4 active threads.
Waiting for actors to stop.
-- Read input: 2.0, which is expected to match: 2.0
Called prefire()
Called fire()
Checking for deadlock:
There are 3 Blocked actors, 0 Stopped actors, and 4 active threads.
Waiting for actors to stop.
Sent output token with value 2.0
Next port to read input from is inputA
Called postfire()
Called prefire()
Called fire()
Checking for deadlock:
There are 2 Blocked actors, 0 Stopped actors, and 4 active threads.
Waiting for actors to stop.
Called postfire()
Called prefire()
Called fire()
Checking for deadlock:
There are 3 Blocked actors, 0 Stopped actors, and 4 active threads.
Waiting for actors to stop.
Read input token from inputA with value 3.0
Checking for deadlock:
There are 2 Blocked actors, 0 Stopped actors, and 4 active threads.
Waiting for actors to stop.
-- Read input: 3.0, which is expected to match: 3.0
Called prefire()
Called fire()
Checking for deadlock:
There are 3 Blocked actors, 0 Stopped actors, and 4 active threads.
Waiting for actors to stop.
Sent output token with value 3.0
Next port to read input from is inputB
Called postfire()
Called prefire()
Called fire()
Called postfire()
Called prefire()
Called fire()
Checking for deadlock:
There are 3 Blocked actors, 0 Stopped actors, and 4 active threads.
Waiting for actors to stop.
Read input token from inputB with value 4.5
-- Read input: 3.0, which is expected to match: 3.0
Called prefire()
Called fire()
Checking for deadlock:
There are 3 Blocked actors, 0 Stopped actors, and 4 active threads.
Waiting for actors to stop.
Sent output token with value 3.0
Next port to read input from is inputA
Called postfire()
Called prefire()
Called fire()
Checking for deadlock:
There are 2 Blocked actors, 0 Stopped actors, and 4 active threads.
Waiting for actors to stop.
Called postfire()
Called prefire()
Called fire()
Checking for deadlock:
There are 3 Blocked actors, 0 Stopped actors, and 4 active threads.
Waiting for actors to stop.
Read input token from inputA with value 4.0
Checking for deadlock:
There are 2 Blocked actors, 0 Stopped actors, and 4 active threads.
Waiting for actors to stop.
-- Read input: 4.0, which is expected to match: 4.0
Called prefire()
Called fire()
Past the end of training data. Read and discard all inputs.
Checking for deadlock:
There are 3 Blocked actors, 0 Stopped actors, and 4 active threads.
Waiting for actors to stop.
Sent output token with value 4.0
Next port to read input from is inputA
Called postfire()
Called prefire()
Called fire()
Checking for deadlock:
There are 2 Blocked actors, 0 Stopped actors, and 4 active threads.
Waiting for actors to stop.
Called postfire()
Called prefire()
Called fire()
Checking for deadlock:
There are 3 Blocked actors, 0 Stopped actors, and 4 active threads.
Waiting for actors to stop.
Read input token from inputA with value 5.0
Checking for deadlock:
There are 2 Blocked actors, 0 Stopped actors, and 4 active threads.
Waiting for actors to stop.
Called prefire()
Called fire()
Past the end of training data. Read and discard all inputs.
Checking for deadlock:
There are 3 Blocked actors, 0 Stopped actors, and 4 active threads.
Waiting for actors to stop.
Sent output token with value 4.5
Next port to read input from is inputB
Called postfire()
Called prefire()
Called fire()
Called postfire()
Called prefire()
Called fire()
Checking for deadlock:
There are 3 Blocked actors, 0 Stopped actors, and 4 active threads.
Waiting for actors to stop.
Read input token from inputB with value 6.0
Called prefire()
Called fire()
Past the end of training data. Read and discard all inputs.
Checking for deadlock:
There are 3 Blocked actors, 0 Stopped actors, and 4 active threads.
Waiting for actors to stop.
Sent output token with value 5.0
Next port to read input from is inputA
Called postfire()
Called prefire()
Called fire()
Checking for deadlock:
There are 2 Blocked actors, 0 Stopped actors, and 4 active threads.
Waiting for actors to stop.
Called postfire()
Called prefire()
Called fire()
Checking for deadlock:
There are 3 Blocked actors, 0 Stopped actors, and 4 active threads.
Waiting for actors to stop.
Read input token from inputA with value 6.0
Checking for deadlock:
There are 2 Blocked actors, 0 Stopped actors, and 4 active threads.
Waiting for actors to stop.
Called prefire()
Called fire()
Past the end of training data. Read and discard all inputs.
Checking for deadlock:
There are 3 Blocked actors, 0 Stopped actors, and 4 active threads.
Waiting for actors to stop.
Sent output token with value 6.0
Next port to read input from is inputB
Called postfire()
Called prefire()
Called fire()
Checking for deadlock:
There are 2 Blocked actors, 0 Stopped actors, and 4 active threads.
Waiting for actors to stop.
Called postfire()
Called prefire()
Called fire()
Checking for deadlock:
There are 3 Blocked actors, 0 Stopped actors, and 4 active threads.
Waiting for actors to stop.
Read input token from inputB with value 7.5
Checking for deadlock:
There are 2 Blocked actors, 0 Stopped actors, and 4 active threads.
Waiting for actors to stop.
Called prefire()
Called fire()
Past the end of training data. Read and discard all inputs.
Checking for deadlock:
There are 3 Blocked actors, 0 Stopped actors, and 4 active threads.
Waiting for actors to stop.
Sent output token with value 6.0
Next port to read input from is inputA
Called postfire()
Called prefire()
Called fire()
Called postfire()
Called prefire()
Called fire()
Checking for deadlock:
There are 3 Blocked actors, 0 Stopped actors, and 4 active threads.
Waiting for actors to stop.
Read input token from inputA with value 7.0
Called prefire()
Called fire()
Past the end of training data. Read and discard all inputs.
Checking for deadlock:
There are 3 Blocked actors, 0 Stopped actors, and 4 active threads.
Waiting for actors to stop.
Sent output token with value 7.0
Next port to read input from is inputA
Called postfire()
Called prefire()
Called fire()
-- Thread wrapup() called.
Called wrapup()
Checking for deadlock:
There are 2 Blocked actors, 0 Stopped actors, and 4 active threads.
Waiting for actors to stop.
Thread .top.Ramp is exiting.
-- Thread stopped.
Checking for deadlock:
There are 2 Blocked actors, 0 Stopped actors, and 3 active threads.
Waiting for actors to stop.
Read input token from inputA with value 8.0
Called prefire()
Called fire()
Past the end of training data. Read and discard all inputs.
Checking for deadlock:
There are 2 Blocked actors, 0 Stopped actors, and 3 active threads.
Waiting for actors to stop.
Sent output token with value 7.5
Next port to read input from is inputB
Called postfire()
Called prefire()
Called fire()
Called postfire()
Called prefire()
Called fire()
Checking for deadlock:
There are 2 Blocked actors, 0 Stopped actors, and 3 active threads.
Waiting for actors to stop.
Read input token from inputB with value 9.0
Called prefire()
Called fire()
Past the end of training data. Read and discard all inputs.
Checking for deadlock:
There are 2 Blocked actors, 0 Stopped actors, and 3 active threads.
Waiting for actors to stop.
Sent output token with value 8.0
Next port to read input from is inputA
Called postfire()
Called prefire()
Called fire()
Read input token from inputA with value 9.0
Called prefire()
Called fire()
Past the end of training data. Read and discard all inputs.
Checking for deadlock:
There are 2 Blocked actors, 0 Stopped actors, and 3 active threads.
Waiting for actors to stop.
Sent output token with value 9.0
Next port to read input from is inputB
Called postfire()
Called prefire()
Called fire()
Checking for deadlock:
There are 1 Blocked actors, 0 Stopped actors, and 3 active threads.
Waiting for actors to stop.
Called postfire()
Called prefire()
Called fire()
Checking for deadlock:
There are 2 Blocked actors, 0 Stopped actors, and 3 active threads.
Waiting for actors to stop.
Read input token from inputB with value 10.5
Checking for deadlock:
There are 1 Blocked actors, 0 Stopped actors, and 3 active threads.
Waiting for actors to stop.
Called prefire()
Called fire()
Past the end of training data. Read and discard all inputs.
Checking for deadlock:
There are 2 Blocked actors, 0 Stopped actors, and 3 active threads.
Waiting for actors to stop.
Sent output token with value 9.0
Next port to read input from is inputA
Called postfire()
Called prefire()
Called fire()
Checking for deadlock:
There are 3 Blocked actors, 0 Stopped actors, and 3 active threads.
Actors have stopped.
Checking for deadlock:
There are 3 Blocked actors, 0 Stopped actors, and 3 active threads.
Deadlock detected.
Resolving Deadlock
Checking for deadlock:
There are 3 Blocked actors, 0 Stopped actors, and 3 active threads.
Artificial Deadlock - increasing queue capacity.
increasing the capacity of receiver ptolemy.actor.TypedIOPort {.top.OrderedMerge.inputB} to 2
Director: Called postfire().
Called postfire().
_stopRequested = false
_stopFireRequested = false
Returning from postfire(): true
Called fire().
Checking for deadlock:
There are 2 Blocked actors, 0 Stopped actors, and 3 active threads.
Waiting for actors to stop.
-- Thread wrapup() called.
Called wrapup()
Thread .top.Ramp2 is exiting.
-- Thread stopped.
Checking for deadlock:
There are 2 Blocked actors, 0 Stopped actors, and 2 active threads.
Actors have stopped.
Checking for deadlock:
There are 2 Blocked actors, 0 Stopped actors, and 2 active threads.
Deadlock detected.
Resolving Deadlock
Checking for deadlock:
There are 2 Blocked actors, 0 Stopped actors, and 2 active threads.
Deadlock detected: no processes blocked on write, but some are blocked on read.
Called postfire().
_stopRequested = false
_stopFireRequested = false
Returning from postfire(): false
Finished deactivating branches.
Called wrapup().
-- Thread wrapup() called.
Called wrapup()
-- Thread wrapup() called.
Called wrapup()
Thread .top.Test is exiting.
-- Thread stopped.
-- Blocked Receiver call threw TerminateProcessException.
Thread .top.OrderedMerge is exiting.
-- Thread stopped.
-- Blocked Receiver call threw TerminateProcessException.
41 ms. Memory: 172032K Free: 110625K (64%)
/home/travis/build/icyphy/ptII/ptolemy/actor/lib/test/Publisher.tcl
22 ms. Memory: 172032K Free: 104481K (61%)
5 ms. Memory: 172032K Free: 98833K (57%)
5 ms. Memory: 172032K Free: 95265K (55%)
5 ms. Memory: 172032K Free: 94241K (55%)
4 ms. Memory: 172032K Free: 93217K (54%)
12 ms. Memory: 172032K Free: 92689K (54%)
3 ms. Memory: 172032K Free: 91673K (53%)
3 ms. Memory: 172032K Free: 91169K (53%)
34 ms. Memory: 172032K Free: 80929K (47%)
11 ms. Memory: 172032K Free: 76833K (45%)
2 ms. Memory: 172032K Free: 76305K (44%)
4 ms. Memory: 172032K Free: 74271K (43%)
6 ms. Memory: 172032K Free: 66593K (39%)
30 ms. Memory: 172032K Free: 153699K (89%)
6 ms. Memory: 172032K Free: 142949K (83%)
/home/travis/build/icyphy/ptII/ptolemy/actor/lib/test/Pulse.tcl
3 ms. Memory: 225280K Free: 199170K (88%)
9 ms. Memory: 225280K Free: 198660K (88%)
2 ms. Memory: 225280K Free: 198132K (88%)
2 ms. Memory: 225280K Free: 197636K (88%)
1 ms. Memory: 225280K Free: 197108K (87%)
9 ms. Memory: 225280K Free: 196098K (87%)
6 ms. Memory: 225280K Free: 195060K (87%)
6 ms. Memory: 225280K Free: 194020K (86%)
2 ms. Memory: 225280K Free: 193540K (86%)
/home/travis/build/icyphy/ptII/ptolemy/actor/lib/test/Ramp.tcl
6 ms. Memory: 225280K Free: 191492K (85%)
2 ms. Memory: 225280K Free: 190978K (85%)
2 ms. Memory: 225280K Free: 189924K (84%)
2 ms. Memory: 225280K Free: 189444K (84%)
4 ms. Memory: 225280K Free: 188420K (84%)
4 ms. Memory: 225280K Free: 187892K (83%)
4 ms. Memory: 225280K Free: 186882K (83%)
5 actors
5000 microseconds per iteration to create
6 ms. Memory: 225280K Free: 184324K (82%)
2 ms. Memory: 225280K Free: 183300K (81%)
2 ms. Memory: 225280K Free: 182786K (81%)
4 ms. Memory: 225280K Free: 182276K (81%)
50 actors
55000 microseconds per iteration to create
33 ms. Memory: 225280K Free: 166916K (74%)
5 ms. Memory: 225280K Free: 165892K (74%)
5 ms. Memory: 225280K Free: 164354K (73%)
5 ms. Memory: 225280K Free: 163324K (72%)
500 actors
1630000 microseconds per iteration to create
262 ms. Memory: 225280K Free: 121279K (54%)
37 ms. Memory: 225280K Free: 116159K (52%)
37 ms. Memory: 225280K Free: 110525K (49%)
36 ms. Memory: 225280K Free: 105399K (47%)
/home/travis/build/icyphy/ptII/ptolemy/actor/lib/test/RampContinuous.tcl
7 ms. Memory: 225280K Free: 103871K (46%)
/home/travis/build/icyphy/ptII/ptolemy/actor/lib/test/RecordAssembler.tcl
5 ms. Memory: 225280K Free: 102333K (45%)
3 ms. Memory: 225280K Free: 101309K (45%)
/home/travis/build/icyphy/ptII/ptolemy/actor/lib/test/RecordDisassembler.tcl
6 ms. Memory: 225280K Free: 99775K (44%)
2 ms. Memory: 225280K Free: 99231K (44%)
3 ms. Memory: 225280K Free: 97727K (43%)
/home/travis/build/icyphy/ptII/ptolemy/actor/lib/test/Scale.tcl
2 ms. Memory: 225280K Free: 96175K (43%)
2 ms. Memory: 225280K Free: 95151K (42%)
1 ms. Memory: 225280K Free: 94655K (42%)
2 ms. Memory: 225280K Free: 93631K (42%)
3 ms. Memory: 225280K Free: 92607K (41%)
/home/travis/build/icyphy/ptII/ptolemy/actor/lib/test/SequentialClock.tcl
preinitializing
resolving types
initializing
executing number 1
wrapping up
idle
2 ms. Memory: 225280K Free: 91583K (41%)
Completed execution with 5 iterations
preinitializing
resolving types
initializing
executing number 1
wrapping up
idle
1 ms. Memory: 225280K Free: 91069K (40%)
Completed execution with 5 iterations
preinitializing
resolving types
initializing
executing number 1
wrapping up
idle
2 ms. Memory: 225280K Free: 90559K (40%)
Completed execution with 5 iterations
/home/travis/build/icyphy/ptII/ptolemy/actor/lib/test/SetVariable.tcl
5 ms. Memory: 225280K Free: 88511K (39%)


==== $PTII/ptolemy/actor/lib/test/SetVariable.tcl: SetVariable-3.1 changeFailed
==== Contents of test case:

    #Uses 2.1 above
    jdkCaptureErr {
        # This test was failing if we ran Exit.tcl and then this test.
        # MessageHandler.error() now actually throws the Exception.
	catch {$setVariable changeFailed [java::null]  [java::new Exception {Test exception for SetVariable.changeFailed()}]} errMsg
    } results
    list [string range $results 0 89] "\n" $errMsg

==== Result was:
{java.lang.Exception: Test exception for SetVariable.changeFailed()
	at java.base/jdk.inter} {
} {java.lang.RuntimeException: java.lang.Exception: Test exception for SetVariable.changeFailed()}
---- Result should have been:
{java.lang.Exception: Test exception for SetVariable.changeFailed()
	at sun.reflect.NativeC} {
} {java.lang.RuntimeException: java.lang.Exception: Test exception for SetVariable.changeFailed()}
---- SetVariable-3.1 FAILED
/home/travis/build/icyphy/ptII/ptolemy/actor/lib/test/Sinewave.tcl
/home/travis/build/icyphy/ptII/ptolemy/actor/lib/test/SubscriptionAggregator.tcl
3 ms. Memory: 225280K Free: 199321K (88%)
3 ms. Memory: 225280K Free: 198811K (88%)
1 ms. Memory: 225280K Free: 198297K (88%)
9 ms. Memory: 225280K Free: 197787K (88%)
1 ms. Memory: 225280K Free: 194201K (86%)
12 ms. Memory: 225280K Free: 191643K (85%)
...............................................................1067 ms. Memory: 332800K Free: 203427K (61%)
/home/travis/build/icyphy/ptII/ptolemy/actor/lib/test/Test.tcl
 The next command will produce a warning about training mode,
   which may be ignored.
5 ms. Memory: 332800K Free: 201893K (61%)
4 ms. Memory: 332800K Free: 200869K (60%)
1 ms. Memory: 332800K Free: 200340K (60%)
1 ms. Memory: 332800K Free: 199845K (60%)
3 ms. Memory: 332800K Free: 198821K (60%)
3 ms. Memory: 332800K Free: 197797K (59%)
2 ms. Memory: 332800K Free: 196228K (59%)
 The next command will produce a warning about training mode,
   which may be ignored.
4 ms. Memory: 332800K Free: 194196K (58%)
 The next command will produce a warning about training mode,
   which may be ignored.
2 ms. Memory: 332800K Free: 193172K (58%)
1 ms. Memory: 332800K Free: 192677K (58%)
1 ms. Memory: 332800K Free: 192163K (58%)
1 ms. Memory: 332800K Free: 191653K (58%)
6 ms. Memory: 332800K Free: 190629K (57%)
3 ms. Memory: 332800K Free: 186533K (56%)
/home/travis/build/icyphy/ptII/ptolemy/actor/lib/test/TestExceptionHandler.tcl
 The next command will produce a warning about training mode,
   which may be ignored.
2 ms. Memory: 332800K Free: 185509K (56%)
1 ms. Memory: 332800K Free: 184980K (56%)
1 ms. Memory: 332800K Free: 184485K (55%)
/home/travis/build/icyphy/ptII/ptolemy/actor/lib/test/UnionDisassembler.tcl
14 ms. Memory: 332800K Free: 176803K (53%)
/home/travis/build/icyphy/ptII/ptolemy/actor/lib/test/VariableClock.tcl
preinitializing
resolving types
initializing
executing number 1
wrapping up
idle
3 ms. Memory: 332800K Free: 175269K (53%)
Completed execution with 11 iterations
preinitializing
resolving types
initializing
executing number 1
wrapping up
idle
4 ms. Memory: 332800K Free: 173716K (52%)
Completed execution with 10 iterations
07/11/19 04:54:00
Failed: 2  Total Tests: 234  ((Passed: 232, Newly Passed: 0)  Known Failed: 0) /home/travis/build/icyphy/ptII/ptolemy/actor/lib/test
----------------- testing (KnownFailure) /home/travis/build/icyphy/ptII/ptolemy/actor/lib/test/auto/knownFailedTests/PublisherPortToplevelSubscriber.xml
0 ms. Memory: 332800K Free: 170149K (51%)
Known Failure: java.lang.reflect.InvocationTargetException
----------------- testing (KnownFailure) /home/travis/build/icyphy/ptII/ptolemy/actor/lib/test/auto/knownFailedTests/PublisherSubscriberPortToplevel.xml
0 ms. Memory: 332800K Free: 166563K (50%)
Known Failure: java.lang.reflect.InvocationTargetException
----------------- testing (KnownFailure) /home/travis/build/icyphy/ptII/ptolemy/actor/lib/test/auto/knownFailedTests/PublisherSubscriptionAggregatorPort.xml
0 ms. Memory: 332800K Free: 162467K (49%)
Known Failure: java.lang.reflect.InvocationTargetException
----------------- testing (KnownFailure) /home/travis/build/icyphy/ptII/ptolemy/actor/lib/test/auto/knownFailedTests/sizedarray3.xml
4 ms. Memory: 332800K Free: 158371K (48%)
Known Failure: java.lang.reflect.InvocationTargetException
No auto/linux-amd64/*.xml tests in /home/travis/build/icyphy/ptII/ptolemy/actor/lib/test
AutoTests.java: About to close Vertx.
AutoTests.java: Vertx closed.

===========================================================================================
----------------- testing Thu Jul 11 04:54:00 UTC 2019 /home/travis/build/icyphy/ptII/ptolemy/actor/lib/test/auto/AbsoluteValue.xml
----------------- Instantiating /home/travis/build/icyphy/ptII/ptolemy/actor/lib/test/auto/AbsoluteValue.xml
3 ms. Memory: 332800K Free: 135333K (41%)
----------------- Invoking toplevel() on ptolemy.moml.MoMLSimpleApplication@75bcf151
----------------- Done invoking toplevel() on ptolemy.moml.MoMLSimpleApplication@75bcf151
reloadAllAccessors: .AbsoluteValue

===========================================================================================
----------------- testing Thu Jul 11 04:54:00 UTC 2019 /home/travis/build/icyphy/ptII/ptolemy/actor/lib/test/auto/AbsoluteValue2.xml
----------------- Instantiating /home/travis/build/icyphy/ptII/ptolemy/actor/lib/test/auto/AbsoluteValue2.xml
16 ms. Memory: 332800K Free: 128165K (39%)
----------------- Invoking toplevel() on ptolemy.moml.MoMLSimpleApplication@4b8d8d4a
----------------- Done invoking toplevel() on ptolemy.moml.MoMLSimpleApplication@4b8d8d4a
reloadAllAccessors: .AbsoluteValue2

===========================================================================================
----------------- testing Thu Jul 11 04:54:00 UTC 2019 /home/travis/build/icyphy/ptII/ptolemy/actor/lib/test/auto/Accumulator.xml
----------------- Instantiating /home/travis/build/icyphy/ptII/ptolemy/actor/lib/test/auto/Accumulator.xml
5 ms. Memory: 332800K Free: 122021K (37%)
----------------- Invoking toplevel() on ptolemy.moml.MoMLSimpleApplication@553f0ff7
----------------- Done invoking toplevel() on ptolemy.moml.MoMLSimpleApplication@553f0ff7
reloadAllAccessors: .Accumulator

===========================================================================================
----------------- testing Thu Jul 11 04:54:01 UTC 2019 /home/travis/build/icyphy/ptII/ptolemy/actor/lib/test/auto/Accumulator2.xml
----------------- Instantiating /home/travis/build/icyphy/ptII/ptolemy/actor/lib/test/auto/Accumulator2.xml
3 ms. Memory: 332800K Free: 116901K (35%)
----------------- Invoking toplevel() on ptolemy.moml.MoMLSimpleApplication@26e18975
----------------- Done invoking toplevel() on ptolemy.moml.MoMLSimpleApplication@26e18975
reloadAllAccessors: .Accumulator2

===========================================================================================
----------------- testing Thu Jul 11 04:54:01 UTC 2019 /home/travis/build/icyphy/ptII/ptolemy/actor/lib/test/auto/Accumulator3.xml
----------------- Instantiating /home/travis/build/icyphy/ptII/ptolemy/actor/lib/test/auto/Accumulator3.xml
79 ms. Memory: 332800K Free: 285087K (86%)
----------------- Invoking toplevel() on ptolemy.moml.MoMLSimpleApplication@46239704
----------------- Done invoking toplevel() on ptolemy.moml.MoMLSimpleApplication@46239704
reloadAllAccessors: .Accumulator3

===========================================================================================
----------------- testing Thu Jul 11 04:54:01 UTC 2019 /home/travis/build/icyphy/ptII/ptolemy/actor/lib/test/auto/ArrayAppend.xml
----------------- Instantiating /home/travis/build/icyphy/ptII/ptolemy/actor/lib/test/auto/ArrayAppend.xml
5 ms. Memory: 332800K Free: 278169K (84%)
----------------- Invoking toplevel() on ptolemy.moml.MoMLSimpleApplication@50d84cb3
----------------- Done invoking toplevel() on ptolemy.moml.MoMLSimpleApplication@50d84cb3
reloadAllAccessors: .ArrayAppend

===========================================================================================
----------------- testing Thu Jul 11 04:54:01 UTC 2019 /home/travis/build/icyphy/ptII/ptolemy/actor/lib/test/auto/ArrayAppend2.xml
----------------- Instantiating /home/travis/build/icyphy/ptII/ptolemy/actor/lib/test/auto/ArrayAppend2.xml
377 ms. Memory: 332800K Free: 195735K (59%)
----------------- Invoking toplevel() on ptolemy.moml.MoMLSimpleApplication@12d9e687
----------------- Done invoking toplevel() on ptolemy.moml.MoMLSimpleApplication@12d9e687
reloadAllAccessors: .ArrayAppend2

===========================================================================================
----------------- testing Thu Jul 11 04:54:01 UTC 2019 /home/travis/build/icyphy/ptII/ptolemy/actor/lib/test/auto/ArrayAppend3.xml
----------------- Instantiating /home/travis/build/icyphy/ptII/ptolemy/actor/lib/test/auto/ArrayAppend3.xml
4 ms. Memory: 332800K Free: 190615K (57%)
----------------- Invoking toplevel() on ptolemy.moml.MoMLSimpleApplication@2d33faf9
----------------- Done invoking toplevel() on ptolemy.moml.MoMLSimpleApplication@2d33faf9
reloadAllAccessors: .ArrayAppend3

===========================================================================================
----------------- testing Thu Jul 11 04:54:01 UTC 2019 /home/travis/build/icyphy/ptII/ptolemy/actor/lib/test/auto/ArrayAppend4.xml
----------------- Instantiating /home/travis/build/icyphy/ptII/ptolemy/actor/lib/test/auto/ArrayAppend4.xml
3 ms. Memory: 332800K Free: 185495K (56%)
----------------- Invoking toplevel() on ptolemy.moml.MoMLSimpleApplication@233413f5
----------------- Done invoking toplevel() on ptolemy.moml.MoMLSimpleApplication@233413f5
reloadAllAccessors: .ArrayAppend4

===========================================================================================
----------------- testing Thu Jul 11 04:54:01 UTC 2019 /home/travis/build/icyphy/ptII/ptolemy/actor/lib/test/auto/ArrayAppend5.xml
----------------- Instantiating /home/travis/build/icyphy/ptII/ptolemy/actor/lib/test/auto/ArrayAppend5.xml
3 ms. Memory: 332800K Free: 180375K (54%)
----------------- Invoking toplevel() on ptolemy.moml.MoMLSimpleApplication@3eabfc16
----------------- Done invoking toplevel() on ptolemy.moml.MoMLSimpleApplication@3eabfc16
reloadAllAccessors: .ArrayAppend5

===========================================================================================
----------------- testing Thu Jul 11 04:54:01 UTC 2019 /home/travis/build/icyphy/ptII/ptolemy/actor/lib/test/auto/ArrayAppend6.xml
----------------- Instantiating /home/travis/build/icyphy/ptII/ptolemy/actor/lib/test/auto/ArrayAppend6.xml
3 ms. Memory: 332800K Free: 175255K (53%)
----------------- Invoking toplevel() on ptolemy.moml.MoMLSimpleApplication@27414ea0
----------------- Done invoking toplevel() on ptolemy.moml.MoMLSimpleApplication@27414ea0
reloadAllAccessors: .ArrayAppend6

===========================================================================================
----------------- testing Thu Jul 11 04:54:01 UTC 2019 /home/travis/build/icyphy/ptII/ptolemy/actor/lib/test/auto/ArrayAppendPerformanceTest.xml
----------------- Instantiating /home/travis/build/icyphy/ptII/ptolemy/actor/lib/test/auto/ArrayAppendPerformanceTest.xml
44 ms. Memory: 332800K Free: 164505K (49%)
----------------- Invoking toplevel() on ptolemy.moml.MoMLSimpleApplication@f955eed
----------------- Done invoking toplevel() on ptolemy.moml.MoMLSimpleApplication@f955eed
reloadAllAccessors: .ArrayAppendPerformanceTest

===========================================================================================
----------------- testing Thu Jul 11 04:54:01 UTC 2019 /home/travis/build/icyphy/ptII/ptolemy/actor/lib/test/auto/ArrayAppendWithEmptyInput.xml
----------------- Instantiating /home/travis/build/icyphy/ptII/ptolemy/actor/lib/test/auto/ArrayAppendWithEmptyInput.xml
8 ms. Memory: 332800K Free: 156313K (47%)
----------------- Invoking toplevel() on ptolemy.moml.MoMLSimpleApplication@414db408
----------------- Done invoking toplevel() on ptolemy.moml.MoMLSimpleApplication@414db408
reloadAllAccessors: .ArrayAppendWithEmptyInput

===========================================================================================
----------------- testing Thu Jul 11 04:54:01 UTC 2019 /home/travis/build/icyphy/ptII/ptolemy/actor/lib/test/auto/ArrayAverage.xml
----------------- Instantiating /home/travis/build/icyphy/ptII/ptolemy/actor/lib/test/auto/ArrayAverage.xml
4 ms. Memory: 332800K Free: 148631K (45%)
----------------- Invoking toplevel() on ptolemy.moml.MoMLSimpleApplication@2bf1b620
----------------- Done invoking toplevel() on ptolemy.moml.MoMLSimpleApplication@2bf1b620
reloadAllAccessors: .ArrayAverage

===========================================================================================
----------------- testing Thu Jul 11 04:54:01 UTC 2019 /home/travis/build/icyphy/ptII/ptolemy/actor/lib/test/auto/ArrayContains.xml
----------------- Instantiating /home/travis/build/icyphy/ptII/ptolemy/actor/lib/test/auto/ArrayContains.xml
10 ms. Memory: 332800K Free: 142487K (43%)
----------------- Invoking toplevel() on ptolemy.moml.MoMLSimpleApplication@73524203
----------------- Done invoking toplevel() on ptolemy.moml.MoMLSimpleApplication@73524203
reloadAllAccessors: .ArrayContains

===========================================================================================
----------------- testing Thu Jul 11 04:54:02 UTC 2019 /home/travis/build/icyphy/ptII/ptolemy/actor/lib/test/auto/ArrayElement.xml
----------------- Instantiating /home/travis/build/icyphy/ptII/ptolemy/actor/lib/test/auto/ArrayElement.xml
12 ms. Memory: 332800K Free: 137336K (41%)
----------------- Invoking toplevel() on ptolemy.moml.MoMLSimpleApplication@46a0af5f
----------------- Done invoking toplevel() on ptolemy.moml.MoMLSimpleApplication@46a0af5f
reloadAllAccessors: .ArrayElement

===========================================================================================
----------------- testing Thu Jul 11 04:54:02 UTC 2019 /home/travis/build/icyphy/ptII/ptolemy/actor/lib/test/auto/ArrayElementAsMatrix.xml
----------------- Instantiating /home/travis/build/icyphy/ptII/ptolemy/actor/lib/test/auto/ArrayElementAsMatrix.xml
12 ms. Memory: 332800K Free: 127127K (38%)
----------------- Invoking toplevel() on ptolemy.moml.MoMLSimpleApplication@70c7320
----------------- Done invoking toplevel() on ptolemy.moml.MoMLSimpleApplication@70c7320
reloadAllAccessors: .ArrayElementAsMatrix

===========================================================================================
----------------- testing Thu Jul 11 04:54:02 UTC 2019 /home/travis/build/icyphy/ptII/ptolemy/actor/lib/test/auto/ArrayElementI.xml
----------------- Instantiating /home/travis/build/icyphy/ptII/ptolemy/actor/lib/test/auto/ArrayElementI.xml
3 ms. Memory: 332800K Free: 121992K (37%)
----------------- Invoking toplevel() on ptolemy.moml.MoMLSimpleApplication@5d292727
----------------- Done invoking toplevel() on ptolemy.moml.MoMLSimpleApplication@5d292727
reloadAllAccessors: .ArrayElementI

===========================================================================================
----------------- testing Thu Jul 11 04:54:02 UTC 2019 /home/travis/build/icyphy/ptII/ptolemy/actor/lib/test/auto/ArrayExtract.xml
----------------- Instantiating /home/travis/build/icyphy/ptII/ptolemy/actor/lib/test/auto/ArrayExtract.xml
5 ms. Memory: 332800K Free: 113305K (34%)
----------------- Invoking toplevel() on ptolemy.moml.MoMLSimpleApplication@f578bfe
----------------- Done invoking toplevel() on ptolemy.moml.MoMLSimpleApplication@f578bfe
reloadAllAccessors: .ArrayExtract

===========================================================================================
----------------- testing Thu Jul 11 04:54:02 UTC 2019 /home/travis/build/icyphy/ptII/ptolemy/actor/lib/test/auto/ArrayExtract2.xml
----------------- Instantiating /home/travis/build/icyphy/ptII/ptolemy/actor/lib/test/auto/ArrayExtract2.xml
2 ms. Memory: 332800K Free: 283280K (85%)
----------------- Invoking toplevel() on ptolemy.moml.MoMLSimpleApplication@6b152777
----------------- Done invoking toplevel() on ptolemy.moml.MoMLSimpleApplication@6b152777
reloadAllAccessors: .ArrayExtract2

===========================================================================================
----------------- testing Thu Jul 11 04:54:02 UTC 2019 /home/travis/build/icyphy/ptII/ptolemy/actor/lib/test/auto/ArrayLength.xml
----------------- Instantiating /home/travis/build/icyphy/ptII/ptolemy/actor/lib/test/auto/ArrayLength.xml
2 ms. Memory: 332800K Free: 279199K (84%)
----------------- Invoking toplevel() on ptolemy.moml.MoMLSimpleApplication@45ee24b7
----------------- Done invoking toplevel() on ptolemy.moml.MoMLSimpleApplication@45ee24b7
reloadAllAccessors: .ArrayLength

===========================================================================================
----------------- testing Thu Jul 11 04:54:02 UTC 2019 /home/travis/build/icyphy/ptII/ptolemy/actor/lib/test/auto/ArrayLevelCrossing.xml
----------------- Instantiating /home/travis/build/icyphy/ptII/ptolemy/actor/lib/test/auto/ArrayLevelCrossing.xml
4 ms. Memory: 332800K Free: 271521K (82%)
----------------- Invoking toplevel() on ptolemy.moml.MoMLSimpleApplication@55f36284
----------------- Done invoking toplevel() on ptolemy.moml.MoMLSimpleApplication@55f36284
reloadAllAccessors: .ArrayLevelCrossing

===========================================================================================
----------------- testing Thu Jul 11 04:54:02 UTC 2019 /home/travis/build/icyphy/ptII/ptolemy/actor/lib/test/auto/ArrayLevelCrossing2.xml
----------------- Instantiating /home/travis/build/icyphy/ptII/ptolemy/actor/lib/test/auto/ArrayLevelCrossing2.xml
3 ms. Memory: 332800K Free: 264353K (79%)
----------------- Invoking toplevel() on ptolemy.moml.MoMLSimpleApplication@67671f18
----------------- Done invoking toplevel() on ptolemy.moml.MoMLSimpleApplication@67671f18
reloadAllAccessors: .ArrayLevelCrossing2

===========================================================================================
----------------- testing Thu Jul 11 04:54:02 UTC 2019 /home/travis/build/icyphy/ptII/ptolemy/actor/lib/test/auto/ArrayPeakSearch.xml
----------------- Instantiating /home/travis/build/icyphy/ptII/ptolemy/actor/lib/test/auto/ArrayPeakSearch.xml
8 ms. Memory: 332800K Free: 255647K (77%)
----------------- Invoking toplevel() on ptolemy.moml.MoMLSimpleApplication@3aa782ca
----------------- Done invoking toplevel() on ptolemy.moml.MoMLSimpleApplication@3aa782ca
reloadAllAccessors: .ArrayPeakSearch

===========================================================================================
----------------- testing Thu Jul 11 04:54:02 UTC 2019 /home/travis/build/icyphy/ptII/ptolemy/actor/lib/test/auto/ArrayPeakSearch2.xml
----------------- Instantiating /home/travis/build/icyphy/ptII/ptolemy/actor/lib/test/auto/ArrayPeakSearch2.xml
7 ms. Memory: 332800K Free: 244897K (74%)
----------------- Invoking toplevel() on ptolemy.moml.MoMLSimpleApplication@3005b506
----------------- Done invoking toplevel() on ptolemy.moml.MoMLSimpleApplication@3005b506
reloadAllAccessors: .ArrayPeakSearch2

===========================================================================================
----------------- testing Thu Jul 11 04:54:02 UTC 2019 /home/travis/build/icyphy/ptII/ptolemy/actor/lib/test/auto/ArrayPeakSearch3.xml
----------------- Instantiating /home/travis/build/icyphy/ptII/ptolemy/actor/lib/test/auto/ArrayPeakSearch3.xml
10 ms. Memory: 332800K Free: 236191K (71%)
----------------- Invoking toplevel() on ptolemy.moml.MoMLSimpleApplication@6bda4476
----------------- Done invoking toplevel() on ptolemy.moml.MoMLSimpleApplication@6bda4476
reloadAllAccessors: .ArrayPeakSearch3

===========================================================================================
----------------- testing Thu Jul 11 04:54:02 UTC 2019 /home/travis/build/icyphy/ptII/ptolemy/actor/lib/test/auto/ArrayRemoveElement.xml
----------------- Instantiating /home/travis/build/icyphy/ptII/ptolemy/actor/lib/test/auto/ArrayRemoveElement.xml
3 ms. Memory: 332800K Free: 227999K (69%)
----------------- Invoking toplevel() on ptolemy.moml.MoMLSimpleApplication@4ba28357
----------------- Done invoking toplevel() on ptolemy.moml.MoMLSimpleApplication@4ba28357
reloadAllAccessors: .ArrayRemoveElement

===========================================================================================
----------------- testing Thu Jul 11 04:54:02 UTC 2019 /home/travis/build/icyphy/ptII/ptolemy/actor/lib/test/auto/ArraySort.xml
----------------- Instantiating /home/travis/build/icyphy/ptII/ptolemy/actor/lib/test/auto/ArraySort.xml
9 ms. Memory: 332800K Free: 219297K (66%)
----------------- Invoking toplevel() on ptolemy.moml.MoMLSimpleApplication@319c1542
----------------- Done invoking toplevel() on ptolemy.moml.MoMLSimpleApplication@319c1542
reloadAllAccessors: .ArraySort

===========================================================================================
----------------- testing Thu Jul 11 04:54:02 UTC 2019 /home/travis/build/icyphy/ptII/ptolemy/actor/lib/test/auto/ArraySum.xml
----------------- Instantiating /home/travis/build/icyphy/ptII/ptolemy/actor/lib/test/auto/ArraySum.xml
4 ms. Memory: 332800K Free: 213663K (64%)
----------------- Invoking toplevel() on ptolemy.moml.MoMLSimpleApplication@70ad66e3
----------------- Done invoking toplevel() on ptolemy.moml.MoMLSimpleApplication@70ad66e3
reloadAllAccessors: .ArraySum

===========================================================================================
----------------- testing Thu Jul 11 04:54:02 UTC 2019 /home/travis/build/icyphy/ptII/ptolemy/actor/lib/test/auto/ArrayToElements.xml
----------------- Instantiating /home/travis/build/icyphy/ptII/ptolemy/actor/lib/test/auto/ArrayToElements.xml
7 ms. Memory: 332800K Free: 208543K (63%)
----------------- Invoking toplevel() on ptolemy.moml.MoMLSimpleApplication@4219c73a
----------------- Done invoking toplevel() on ptolemy.moml.MoMLSimpleApplication@4219c73a
reloadAllAccessors: .ArrayToElements

===========================================================================================
----------------- testing Thu Jul 11 04:54:02 UTC 2019 /home/travis/build/icyphy/ptII/ptolemy/actor/lib/test/auto/ArrayToMatrix.xml
----------------- Instantiating /home/travis/build/icyphy/ptII/ptolemy/actor/lib/test/auto/ArrayToMatrix.xml
12 ms. Memory: 332800K Free: 194207K (58%)
----------------- Invoking toplevel() on ptolemy.moml.MoMLSimpleApplication@4c950850
----------------- Done invoking toplevel() on ptolemy.moml.MoMLSimpleApplication@4c950850
reloadAllAccessors: .ArrayToMatrix

===========================================================================================
----------------- testing Thu Jul 11 04:54:02 UTC 2019 /home/travis/build/icyphy/ptII/ptolemy/actor/lib/test/auto/ArrayUpdate1.xml
----------------- Instantiating /home/travis/build/icyphy/ptII/ptolemy/actor/lib/test/auto/ArrayUpdate1.xml
3 ms. Memory: 332800K Free: 189601K (57%)
----------------- Invoking toplevel() on ptolemy.moml.MoMLSimpleApplication@1eb8f724
----------------- Done invoking toplevel() on ptolemy.moml.MoMLSimpleApplication@1eb8f724
reloadAllAccessors: .ArrayUpdate1

===========================================================================================
----------------- testing Thu Jul 11 04:54:02 UTC 2019 /home/travis/build/icyphy/ptII/ptolemy/actor/lib/test/auto/ArrayUpdate2.xml
----------------- Instantiating /home/travis/build/icyphy/ptII/ptolemy/actor/lib/test/auto/ArrayUpdate2.xml
5 ms. Memory: 332800K Free: 182943K (55%)
----------------- Invoking toplevel() on ptolemy.moml.MoMLSimpleApplication@6dac9af1
----------------- Done invoking toplevel() on ptolemy.moml.MoMLSimpleApplication@6dac9af1
reloadAllAccessors: .ArrayUpdate2

===========================================================================================
----------------- testing Thu Jul 11 04:54:02 UTC 2019 /home/travis/build/icyphy/ptII/ptolemy/actor/lib/test/auto/ArrayUpdate3.xml
----------------- Instantiating /home/travis/build/icyphy/ptII/ptolemy/actor/lib/test/auto/ArrayUpdate3.xml
8 ms. Memory: 332800K Free: 178337K (54%)
----------------- Invoking toplevel() on ptolemy.moml.MoMLSimpleApplication@1a341d35
----------------- Done invoking toplevel() on ptolemy.moml.MoMLSimpleApplication@1a341d35
reloadAllAccessors: .ArrayUpdate3

===========================================================================================
----------------- testing Thu Jul 11 04:54:02 UTC 2019 /home/travis/build/icyphy/ptII/ptolemy/actor/lib/test/auto/Assert1.xml
----------------- Instantiating /home/travis/build/icyphy/ptII/ptolemy/actor/lib/test/auto/Assert1.xml
6 ms. Memory: 332800K Free: 173727K (52%)
----------------- Invoking toplevel() on ptolemy.moml.MoMLSimpleApplication@4127f555
----------------- Done invoking toplevel() on ptolemy.moml.MoMLSimpleApplication@4127f555
reloadAllAccessors: .Assert1

===========================================================================================
----------------- testing Thu Jul 11 04:54:02 UTC 2019 /home/travis/build/icyphy/ptII/ptolemy/actor/lib/test/auto/Assert2.xml
----------------- Instantiating /home/travis/build/icyphy/ptII/ptolemy/actor/lib/test/auto/Assert2.xml
2 ms. Memory: 332800K Free: 169631K (51%)
----------------- Invoking toplevel() on ptolemy.moml.MoMLSimpleApplication@25c72fc9
----------------- Done invoking toplevel() on ptolemy.moml.MoMLSimpleApplication@25c72fc9
reloadAllAccessors: .Assert2

===========================================================================================
----------------- testing Thu Jul 11 04:54:02 UTC 2019 /home/travis/build/icyphy/ptII/ptolemy/actor/lib/test/auto/BooleanMultiplexor.xml
----------------- Instantiating /home/travis/build/icyphy/ptII/ptolemy/actor/lib/test/auto/BooleanMultiplexor.xml
2 ms. Memory: 332800K Free: 164001K (49%)
----------------- Invoking toplevel() on ptolemy.moml.MoMLSimpleApplication@d567686
----------------- Done invoking toplevel() on ptolemy.moml.MoMLSimpleApplication@d567686
reloadAllAccessors: .BooleanMultiplexor

===========================================================================================
----------------- testing Thu Jul 11 04:54:02 UTC 2019 /home/travis/build/icyphy/ptII/ptolemy/actor/lib/test/auto/BooleanMultiplexor2.xml
----------------- Instantiating /home/travis/build/icyphy/ptII/ptolemy/actor/lib/test/auto/BooleanMultiplexor2.xml
7 ms. Memory: 332800K Free: 157857K (47%)
----------------- Invoking toplevel() on ptolemy.moml.MoMLSimpleApplication@6552fbc9
----------------- Done invoking toplevel() on ptolemy.moml.MoMLSimpleApplication@6552fbc9
reloadAllAccessors: .BooleanMultiplexor2

===========================================================================================
----------------- testing Thu Jul 11 04:54:03 UTC 2019 /home/travis/build/icyphy/ptII/ptolemy/actor/lib/test/auto/BooleanMultiplexor3.xml
----------------- Instantiating /home/travis/build/icyphy/ptII/ptolemy/actor/lib/test/auto/BooleanMultiplexor3.xml
1 ms. Memory: 332800K Free: 153761K (46%)
----------------- Invoking toplevel() on ptolemy.moml.MoMLSimpleApplication@60d06fc4
----------------- Done invoking toplevel() on ptolemy.moml.MoMLSimpleApplication@60d06fc4
reloadAllAccessors: .BooleanMultiplexor3

===========================================================================================
----------------- testing Thu Jul 11 04:54:03 UTC 2019 /home/travis/build/icyphy/ptII/ptolemy/actor/lib/test/auto/BooleanSelect.xml
----------------- Instantiating /home/travis/build/icyphy/ptII/ptolemy/actor/lib/test/auto/BooleanSelect.xml
3 ms. Memory: 332800K Free: 148096K (45%)
----------------- Invoking toplevel() on ptolemy.moml.MoMLSimpleApplication@57467f47
----------------- Done invoking toplevel() on ptolemy.moml.MoMLSimpleApplication@57467f47
reloadAllAccessors: .BooleanSelect

===========================================================================================
----------------- testing Thu Jul 11 04:54:03 UTC 2019 /home/travis/build/icyphy/ptII/ptolemy/actor/lib/test/auto/BooleanSelect2.xml
----------------- Instantiating /home/travis/build/icyphy/ptII/ptolemy/actor/lib/test/auto/BooleanSelect2.xml
1 ms. Memory: 332800K Free: 143521K (43%)
----------------- Invoking toplevel() on ptolemy.moml.MoMLSimpleApplication@5c5a1c9b
----------------- Done invoking toplevel() on ptolemy.moml.MoMLSimpleApplication@5c5a1c9b
reloadAllAccessors: .BooleanSelect2

===========================================================================================
----------------- testing Thu Jul 11 04:54:03 UTC 2019 /home/travis/build/icyphy/ptII/ptolemy/actor/lib/test/auto/BooleanSwitch.xml
----------------- Instantiating /home/travis/build/icyphy/ptII/ptolemy/actor/lib/test/auto/BooleanSwitch.xml
5 ms. Memory: 332800K Free: 137887K (41%)
----------------- Invoking toplevel() on ptolemy.moml.MoMLSimpleApplication@11ed9b4b
----------------- Done invoking toplevel() on ptolemy.moml.MoMLSimpleApplication@11ed9b4b
reloadAllAccessors: .BooleanSwitch

===========================================================================================
----------------- testing Thu Jul 11 04:54:03 UTC 2019 /home/travis/build/icyphy/ptII/ptolemy/actor/lib/test/auto/BooleanSwitch2.xml
----------------- Instantiating /home/travis/build/icyphy/ptII/ptolemy/actor/lib/test/auto/BooleanSwitch2.xml
1 ms. Memory: 332800K Free: 133281K (40%)
----------------- Invoking toplevel() on ptolemy.moml.MoMLSimpleApplication@6d827cdb
----------------- Done invoking toplevel() on ptolemy.moml.MoMLSimpleApplication@6d827cdb
reloadAllAccessors: .BooleanSwitch2

===========================================================================================
----------------- testing Thu Jul 11 04:54:03 UTC 2019 /home/travis/build/icyphy/ptII/ptolemy/actor/lib/test/auto/BooleanSwitchCloningBugWithClassRelationGroup.xml
----------------- Instantiating /home/travis/build/icyphy/ptII/ptolemy/actor/lib/test/auto/BooleanSwitchCloningBugWithClassRelationGroup.xml
2 ms. Memory: 332800K Free: 127137K (38%)
----------------- Invoking toplevel() on ptolemy.moml.MoMLSimpleApplication@3c97968e
----------------- Done invoking toplevel() on ptolemy.moml.MoMLSimpleApplication@3c97968e
reloadAllAccessors: .BooleanSwitchCloningBugWithClassRelationGroup

===========================================================================================
----------------- testing Thu Jul 11 04:54:03 UTC 2019 /home/travis/build/icyphy/ptII/ptolemy/actor/lib/test/auto/BusActors.xml
----------------- Instantiating /home/travis/build/icyphy/ptII/ptolemy/actor/lib/test/auto/BusActors.xml
8 ms. Memory: 332800K Free: 118945K (36%)
----------------- Invoking toplevel() on ptolemy.moml.MoMLSimpleApplication@3b128747
----------------- Done invoking toplevel() on ptolemy.moml.MoMLSimpleApplication@3b128747
reloadAllAccessors: .BusActors

===========================================================================================
----------------- testing Thu Jul 11 04:54:03 UTC 2019 /home/travis/build/icyphy/ptII/ptolemy/actor/lib/test/auto/ClassWrapper.xml
----------------- Instantiating /home/travis/build/icyphy/ptII/ptolemy/actor/lib/test/auto/ClassWrapper.xml
3 ms. Memory: 332800K Free: 114849K (35%)
----------------- Invoking toplevel() on ptolemy.moml.MoMLSimpleApplication@4f82088c
----------------- Done invoking toplevel() on ptolemy.moml.MoMLSimpleApplication@4f82088c
reloadAllAccessors: .ClassWrapper

===========================================================================================
----------------- testing Thu Jul 11 04:54:03 UTC 2019 /home/travis/build/icyphy/ptII/ptolemy/actor/lib/test/auto/Clock.xml
----------------- Instantiating /home/travis/build/icyphy/ptII/ptolemy/actor/lib/test/auto/Clock.xml
2 ms. Memory: 332800K Free: 110753K (33%)
----------------- Invoking toplevel() on ptolemy.moml.MoMLSimpleApplication@6b88a845
----------------- Done invoking toplevel() on ptolemy.moml.MoMLSimpleApplication@6b88a845
reloadAllAccessors: .Clock

===========================================================================================
----------------- testing Thu Jul 11 04:54:03 UTC 2019 /home/travis/build/icyphy/ptII/ptolemy/actor/lib/test/auto/Clock10.xml
----------------- Instantiating /home/travis/build/icyphy/ptII/ptolemy/actor/lib/test/auto/Clock10.xml
5 ms. Memory: 332800K Free: 105119K (32%)
----------------- Invoking toplevel() on ptolemy.moml.MoMLSimpleApplication@2998bd5d
----------------- Done invoking toplevel() on ptolemy.moml.MoMLSimpleApplication@2998bd5d
reloadAllAccessors: .Clock10

===========================================================================================
----------------- testing Thu Jul 11 04:54:03 UTC 2019 /home/travis/build/icyphy/ptII/ptolemy/actor/lib/test/auto/Clock11.xml
----------------- Instantiating /home/travis/build/icyphy/ptII/ptolemy/actor/lib/test/auto/Clock11.xml
5 ms. Memory: 332800K Free: 98975K (30%)
----------------- Invoking toplevel() on ptolemy.moml.MoMLSimpleApplication@69f240db
----------------- Done invoking toplevel() on ptolemy.moml.MoMLSimpleApplication@69f240db
reloadAllAccessors: .Clock11

===========================================================================================
----------------- testing Thu Jul 11 04:54:03 UTC 2019 /home/travis/build/icyphy/ptII/ptolemy/actor/lib/test/auto/Clock12.xml
----------------- Instantiating /home/travis/build/icyphy/ptII/ptolemy/actor/lib/test/auto/Clock12.xml
5 ms. Memory: 332800K Free: 92831K (28%)
----------------- Invoking toplevel() on ptolemy.moml.MoMLSimpleApplication@2d42353d
----------------- Done invoking toplevel() on ptolemy.moml.MoMLSimpleApplication@2d42353d
reloadAllAccessors: .Clock12

===========================================================================================
----------------- testing Thu Jul 11 04:54:03 UTC 2019 /home/travis/build/icyphy/ptII/ptolemy/actor/lib/test/auto/Clock13.xml
----------------- Instantiating /home/travis/build/icyphy/ptII/ptolemy/actor/lib/test/auto/Clock13.xml
6 ms. Memory: 332800K Free: 87201K (26%)
----------------- Invoking toplevel() on ptolemy.moml.MoMLSimpleApplication@cd3094d
----------------- Done invoking toplevel() on ptolemy.moml.MoMLSimpleApplication@cd3094d
reloadAllAccessors: .Clock13

===========================================================================================
----------------- testing Thu Jul 11 04:54:03 UTC 2019 /home/travis/build/icyphy/ptII/ptolemy/actor/lib/test/auto/Clock14.xml
----------------- Instantiating /home/travis/build/icyphy/ptII/ptolemy/actor/lib/test/auto/Clock14.xml
6 ms. Memory: 588800K Free: 535201K (91%)
----------------- Invoking toplevel() on ptolemy.moml.MoMLSimpleApplication@77652fd6
----------------- Done invoking toplevel() on ptolemy.moml.MoMLSimpleApplication@77652fd6
reloadAllAccessors: .Clock14

===========================================================================================
----------------- testing Thu Jul 11 04:54:03 UTC 2019 /home/travis/build/icyphy/ptII/ptolemy/actor/lib/test/auto/Clock15.xml
----------------- Instantiating /home/travis/build/icyphy/ptII/ptolemy/actor/lib/test/auto/Clock15.xml
6 ms. Memory: 588800K Free: 529536K (90%)
----------------- Invoking toplevel() on ptolemy.moml.MoMLSimpleApplication@344cb2f7
----------------- Done invoking toplevel() on ptolemy.moml.MoMLSimpleApplication@344cb2f7
reloadAllAccessors: .Clock15

===========================================================================================
----------------- testing Thu Jul 11 04:54:03 UTC 2019 /home/travis/build/icyphy/ptII/ptolemy/actor/lib/test/auto/Clock16.xml
----------------- Instantiating /home/travis/build/icyphy/ptII/ptolemy/actor/lib/test/auto/Clock16.xml
40 ms. Memory: 588800K Free: 514207K (87%)
----------------- Invoking toplevel() on ptolemy.moml.MoMLSimpleApplication@6d0f84c6
----------------- Done invoking toplevel() on ptolemy.moml.MoMLSimpleApplication@6d0f84c6
reloadAllAccessors: .Clock16

===========================================================================================
----------------- testing Thu Jul 11 04:54:03 UTC 2019 /home/travis/build/icyphy/ptII/ptolemy/actor/lib/test/auto/Clock17.xml
----------------- Instantiating /home/travis/build/icyphy/ptII/ptolemy/actor/lib/test/auto/Clock17.xml
18 ms. Memory: 588800K Free: 500385K (85%)
----------------- Invoking toplevel() on ptolemy.moml.MoMLSimpleApplication@52a9f957
----------------- Done invoking toplevel() on ptolemy.moml.MoMLSimpleApplication@52a9f957
reloadAllAccessors: .Clock17

===========================================================================================
----------------- testing Thu Jul 11 04:54:03 UTC 2019 /home/travis/build/icyphy/ptII/ptolemy/actor/lib/test/auto/Clock18.xml
----------------- Instantiating /home/travis/build/icyphy/ptII/ptolemy/actor/lib/test/auto/Clock18.xml
26 ms. Memory: 588800K Free: 487073K (83%)
----------------- Invoking toplevel() on ptolemy.moml.MoMLSimpleApplication@7555c6f5
----------------- Done invoking toplevel() on ptolemy.moml.MoMLSimpleApplication@7555c6f5
reloadAllAccessors: .Clock18

===========================================================================================
----------------- testing Thu Jul 11 04:54:03 UTC 2019 /home/travis/build/icyphy/ptII/ptolemy/actor/lib/test/auto/Clock19.xml
----------------- Instantiating /home/travis/build/icyphy/ptII/ptolemy/actor/lib/test/auto/Clock19.xml
16 ms. Memory: 588800K Free: 474271K (81%)
----------------- Invoking toplevel() on ptolemy.moml.MoMLSimpleApplication@7936a0b3
----------------- Done invoking toplevel() on ptolemy.moml.MoMLSimpleApplication@7936a0b3
reloadAllAccessors: .Clock19

===========================================================================================
----------------- testing Thu Jul 11 04:54:03 UTC 2019 /home/travis/build/icyphy/ptII/ptolemy/actor/lib/test/auto/Clock2.xml
----------------- Instantiating /home/travis/build/icyphy/ptII/ptolemy/actor/lib/test/auto/Clock2.xml
8 ms. Memory: 588800K Free: 469120K (80%)
----------------- Invoking toplevel() on ptolemy.moml.MoMLSimpleApplication@75151b6a
----------------- Done invoking toplevel() on ptolemy.moml.MoMLSimpleApplication@75151b6a
reloadAllAccessors: .Clock2

===========================================================================================
----------------- testing Thu Jul 11 04:54:03 UTC 2019 /home/travis/build/icyphy/ptII/ptolemy/actor/lib/test/auto/Clock20.xml
----------------- Instantiating /home/travis/build/icyphy/ptII/ptolemy/actor/lib/test/auto/Clock20.xml
11 ms. Memory: 588800K Free: 463521K (79%)
----------------- Invoking toplevel() on ptolemy.moml.MoMLSimpleApplication@361a6930
----------------- Done invoking toplevel() on ptolemy.moml.MoMLSimpleApplication@361a6930
reloadAllAccessors: .Clock20

===========================================================================================
----------------- testing Thu Jul 11 04:54:03 UTC 2019 /home/travis/build/icyphy/ptII/ptolemy/actor/lib/test/auto/Clock21.xml
----------------- Instantiating /home/travis/build/icyphy/ptII/ptolemy/actor/lib/test/auto/Clock21.xml
6 ms. Memory: 588800K Free: 458401K (78%)
----------------- Invoking toplevel() on ptolemy.moml.MoMLSimpleApplication@76c378d4
----------------- Done invoking toplevel() on ptolemy.moml.MoMLSimpleApplication@76c378d4
reloadAllAccessors: .Clock21

===========================================================================================
----------------- testing Thu Jul 11 04:54:03 UTC 2019 /home/travis/build/icyphy/ptII/ptolemy/actor/lib/test/auto/Clock22.xml
----------------- Instantiating /home/travis/build/icyphy/ptII/ptolemy/actor/lib/test/auto/Clock22.xml
6 ms. Memory: 588800K Free: 452767K (77%)
----------------- Invoking toplevel() on ptolemy.moml.MoMLSimpleApplication@3248b656
----------------- Done invoking toplevel() on ptolemy.moml.MoMLSimpleApplication@3248b656
reloadAllAccessors: .Clock22

===========================================================================================
----------------- testing Thu Jul 11 04:54:03 UTC 2019 /home/travis/build/icyphy/ptII/ptolemy/actor/lib/test/auto/Clock23.xml
----------------- Instantiating /home/travis/build/icyphy/ptII/ptolemy/actor/lib/test/auto/Clock23.xml
6 ms. Memory: 588800K Free: 447647K (76%)
----------------- Invoking toplevel() on ptolemy.moml.MoMLSimpleApplication@78be0bf0
----------------- Done invoking toplevel() on ptolemy.moml.MoMLSimpleApplication@78be0bf0
reloadAllAccessors: .Clock23

===========================================================================================
----------------- testing Thu Jul 11 04:54:03 UTC 2019 /home/travis/build/icyphy/ptII/ptolemy/actor/lib/test/auto/Clock24.xml
----------------- Instantiating /home/travis/build/icyphy/ptII/ptolemy/actor/lib/test/auto/Clock24.xml
6 ms. Memory: 588800K Free: 442017K (75%)
----------------- Invoking toplevel() on ptolemy.moml.MoMLSimpleApplication@21728615
----------------- Done invoking toplevel() on ptolemy.moml.MoMLSimpleApplication@21728615
reloadAllAccessors: .Clock24

===========================================================================================
----------------- testing Thu Jul 11 04:54:03 UTC 2019 /home/travis/build/icyphy/ptII/ptolemy/actor/lib/test/auto/Clock4.xml
----------------- Instantiating /home/travis/build/icyphy/ptII/ptolemy/actor/lib/test/auto/Clock4.xml
2 ms. Memory: 588800K Free: 437376K (74%)
----------------- Invoking toplevel() on ptolemy.moml.MoMLSimpleApplication@3958c1d3
----------------- Done invoking toplevel() on ptolemy.moml.MoMLSimpleApplication@3958c1d3
reloadAllAccessors: .Clock4

===========================================================================================
----------------- testing Thu Jul 11 04:54:03 UTC 2019 /home/travis/build/icyphy/ptII/ptolemy/actor/lib/test/auto/Clock5.xml
----------------- Instantiating /home/travis/build/icyphy/ptII/ptolemy/actor/lib/test/auto/Clock5.xml
3 ms. Memory: 588800K Free: 431777K (73%)
----------------- Invoking toplevel() on ptolemy.moml.MoMLSimpleApplication@2ddad02d
----------------- Done invoking toplevel() on ptolemy.moml.MoMLSimpleApplication@2ddad02d
reloadAllAccessors: .Clock5

===========================================================================================
----------------- testing Thu Jul 11 04:54:03 UTC 2019 /home/travis/build/icyphy/ptII/ptolemy/actor/lib/test/auto/Clock6.xml
----------------- Instantiating /home/travis/build/icyphy/ptII/ptolemy/actor/lib/test/auto/Clock6.xml
3 ms. Memory: 588800K Free: 427681K (73%)
----------------- Invoking toplevel() on ptolemy.moml.MoMLSimpleApplication@2bedb03d
----------------- Done invoking toplevel() on ptolemy.moml.MoMLSimpleApplication@2bedb03d
reloadAllAccessors: .Clock6

===========================================================================================
----------------- testing Thu Jul 11 04:54:03 UTC 2019 /home/travis/build/icyphy/ptII/ptolemy/actor/lib/test/auto/Clock7.xml
----------------- Instantiating /home/travis/build/icyphy/ptII/ptolemy/actor/lib/test/auto/Clock7.xml
3 ms. Memory: 588800K Free: 423071K (72%)
----------------- Invoking toplevel() on ptolemy.moml.MoMLSimpleApplication@58710c7
----------------- Done invoking toplevel() on ptolemy.moml.MoMLSimpleApplication@58710c7
reloadAllAccessors: .Clock7

===========================================================================================
----------------- testing Thu Jul 11 04:54:03 UTC 2019 /home/travis/build/icyphy/ptII/ptolemy/actor/lib/test/auto/Clock8.xml
----------------- Instantiating /home/travis/build/icyphy/ptII/ptolemy/actor/lib/test/auto/Clock8.xml
6 ms. Memory: 588800K Free: 417441K (71%)
----------------- Invoking toplevel() on ptolemy.moml.MoMLSimpleApplication@559748bd
----------------- Done invoking toplevel() on ptolemy.moml.MoMLSimpleApplication@559748bd
reloadAllAccessors: .Clock8

===========================================================================================
----------------- testing Thu Jul 11 04:54:03 UTC 2019 /home/travis/build/icyphy/ptII/ptolemy/actor/lib/test/auto/Clock9.xml
----------------- Instantiating /home/travis/build/icyphy/ptII/ptolemy/actor/lib/test/auto/Clock9.xml
6 ms. Memory: 588800K Free: 412321K (70%)
----------------- Invoking toplevel() on ptolemy.moml.MoMLSimpleApplication@6e69256e
----------------- Done invoking toplevel() on ptolemy.moml.MoMLSimpleApplication@6e69256e
reloadAllAccessors: .Clock9

===========================================================================================
----------------- testing Thu Jul 11 04:54:03 UTC 2019 /home/travis/build/icyphy/ptII/ptolemy/actor/lib/test/auto/CommDistDiscard.xml
----------------- Instantiating /home/travis/build/icyphy/ptII/ptolemy/actor/lib/test/auto/CommDistDiscard.xml
4 ms. Memory: 588800K Free: 406687K (69%)
----------------- Invoking toplevel() on ptolemy.moml.MoMLSimpleApplication@3049fc17
----------------- Done invoking toplevel() on ptolemy.moml.MoMLSimpleApplication@3049fc17
reloadAllAccessors: .CommDistDiscard

===========================================================================================
----------------- testing Thu Jul 11 04:54:04 UTC 2019 /home/travis/build/icyphy/ptII/ptolemy/actor/lib/test/auto/Commutator.xml
----------------- Instantiating /home/travis/build/icyphy/ptII/ptolemy/actor/lib/test/auto/Commutator.xml
3 ms. Memory: 588800K Free: 402081K (68%)
----------------- Invoking toplevel() on ptolemy.moml.MoMLSimpleApplication@3448a234
----------------- Done invoking toplevel() on ptolemy.moml.MoMLSimpleApplication@3448a234
reloadAllAccessors: .Commutator

===========================================================================================
----------------- testing Thu Jul 11 04:54:04 UTC 2019 /home/travis/build/icyphy/ptII/ptolemy/actor/lib/test/auto/Commutator2.xml
----------------- Instantiating /home/travis/build/icyphy/ptII/ptolemy/actor/lib/test/auto/Commutator2.xml
2 ms. Memory: 588800K Free: 397985K (68%)
----------------- Invoking toplevel() on ptolemy.moml.MoMLSimpleApplication@ce75e7c
----------------- Done invoking toplevel() on ptolemy.moml.MoMLSimpleApplication@ce75e7c
reloadAllAccessors: .Commutator2

===========================================================================================
----------------- testing Thu Jul 11 04:54:04 UTC 2019 /home/travis/build/icyphy/ptII/ptolemy/actor/lib/test/auto/Commutator3.xml
----------------- Instantiating /home/travis/build/icyphy/ptII/ptolemy/actor/lib/test/auto/Commutator3.xml
2 ms. Memory: 588800K Free: 393375K (67%)
----------------- Invoking toplevel() on ptolemy.moml.MoMLSimpleApplication@1486ec6c
----------------- Done invoking toplevel() on ptolemy.moml.MoMLSimpleApplication@1486ec6c
reloadAllAccessors: .Commutator3

===========================================================================================
----------------- testing Thu Jul 11 04:54:04 UTC 2019 /home/travis/build/icyphy/ptII/ptolemy/actor/lib/test/auto/Compare.xml
----------------- Instantiating /home/travis/build/icyphy/ptII/ptolemy/actor/lib/test/auto/Compare.xml
2 ms. Memory: 588800K Free: 387231K (66%)
----------------- Invoking toplevel() on ptolemy.moml.MoMLSimpleApplication@250d6ad4
----------------- Done invoking toplevel() on ptolemy.moml.MoMLSimpleApplication@250d6ad4
reloadAllAccessors: .Compare

===========================================================================================
----------------- testing Thu Jul 11 04:54:04 UTC 2019 /home/travis/build/icyphy/ptII/ptolemy/actor/lib/test/auto/CompareDE.xml
----------------- Instantiating /home/travis/build/icyphy/ptII/ptolemy/actor/lib/test/auto/CompareDE.xml
5 ms. Memory: 588800K Free: 380048K (65%)
----------------- Invoking toplevel() on ptolemy.moml.MoMLSimpleApplication@52f3aee4
----------------- Done invoking toplevel() on ptolemy.moml.MoMLSimpleApplication@52f3aee4
reloadAllAccessors: .CompareDE

===========================================================================================
----------------- testing Thu Jul 11 04:54:04 UTC 2019 /home/travis/build/icyphy/ptII/ptolemy/actor/lib/test/auto/ComplexDivide.xml
----------------- Instantiating /home/travis/build/icyphy/ptII/ptolemy/actor/lib/test/auto/ComplexDivide.xml
7 ms. Memory: 588800K Free: 375967K (64%)
----------------- Invoking toplevel() on ptolemy.moml.MoMLSimpleApplication@78b930bf
----------------- Done invoking toplevel() on ptolemy.moml.MoMLSimpleApplication@78b930bf
reloadAllAccessors: .ComplexDivide

===========================================================================================
----------------- testing Thu Jul 11 04:54:04 UTC 2019 /home/travis/build/icyphy/ptII/ptolemy/actor/lib/test/auto/ComputeHistogram.xml
----------------- Instantiating /home/travis/build/icyphy/ptII/ptolemy/actor/lib/test/auto/ComputeHistogram.xml
37 ms. Memory: 588800K Free: 363679K (62%)
----------------- Invoking toplevel() on ptolemy.moml.MoMLSimpleApplication@2f57e07a
----------------- Done invoking toplevel() on ptolemy.moml.MoMLSimpleApplication@2f57e07a
reloadAllAccessors: .ComputeHistogram

===========================================================================================
----------------- testing Thu Jul 11 04:54:04 UTC 2019 /home/travis/build/icyphy/ptII/ptolemy/actor/lib/test/auto/ConfigurationSelect.xml
----------------- Instantiating /home/travis/build/icyphy/ptII/ptolemy/actor/lib/test/auto/ConfigurationSelect.xml
11 ms. Memory: 588800K Free: 358049K (61%)
----------------- Invoking toplevel() on ptolemy.moml.MoMLSimpleApplication@202b74f3
----------------- Done invoking toplevel() on ptolemy.moml.MoMLSimpleApplication@202b74f3
reloadAllAccessors: .ConfigurationSelect

===========================================================================================
----------------- testing Thu Jul 11 04:54:04 UTC 2019 /home/travis/build/icyphy/ptII/ptolemy/actor/lib/test/auto/ConfigurationSelect2.xml
----------------- Instantiating /home/travis/build/icyphy/ptII/ptolemy/actor/lib/test/auto/ConfigurationSelect2.xml
3 ms. Memory: 588800K Free: 353439K (60%)
----------------- Invoking toplevel() on ptolemy.moml.MoMLSimpleApplication@619a11a
----------------- Done invoking toplevel() on ptolemy.moml.MoMLSimpleApplication@619a11a
reloadAllAccessors: .ConfigurationSelect2

===========================================================================================
----------------- testing Thu Jul 11 04:54:04 UTC 2019 /home/travis/build/icyphy/ptII/ptolemy/actor/lib/test/auto/ConfigurationSwitch.xml
----------------- Instantiating /home/travis/build/icyphy/ptII/ptolemy/actor/lib/test/auto/ConfigurationSwitch.xml
3 ms. Memory: 588800K Free: 348319K (59%)
----------------- Invoking toplevel() on ptolemy.moml.MoMLSimpleApplication@482220f6
----------------- Done invoking toplevel() on ptolemy.moml.MoMLSimpleApplication@482220f6
reloadAllAccessors: .ConfigurationSwitch

===========================================================================================
----------------- testing Thu Jul 11 04:54:04 UTC 2019 /home/travis/build/icyphy/ptII/ptolemy/actor/lib/test/auto/ConfigurationSwitch2.xml
----------------- Instantiating /home/travis/build/icyphy/ptII/ptolemy/actor/lib/test/auto/ConfigurationSwitch2.xml
4 ms. Memory: 588800K Free: 342689K (58%)
----------------- Invoking toplevel() on ptolemy.moml.MoMLSimpleApplication@6beff3f1
----------------- Done invoking toplevel() on ptolemy.moml.MoMLSimpleApplication@6beff3f1
reloadAllAccessors: .ConfigurationSwitch2

===========================================================================================
----------------- testing Thu Jul 11 04:54:04 UTC 2019 /home/travis/build/icyphy/ptII/ptolemy/actor/lib/test/auto/ConfigurationSwitchCloningBugWithClassRelationGroup.xml
----------------- Instantiating /home/travis/build/icyphy/ptII/ptolemy/actor/lib/test/auto/ConfigurationSwitchCloningBugWithClassRelationGroup.xml
1 ms. Memory: 588800K Free: 336545K (57%)
----------------- Invoking toplevel() on ptolemy.moml.MoMLSimpleApplication@5f70d520
----------------- Done invoking toplevel() on ptolemy.moml.MoMLSimpleApplication@5f70d520
reloadAllAccessors: .ConfigurationSwitchCloningBugWithClassRelationGroup

===========================================================================================
----------------- testing Thu Jul 11 04:54:04 UTC 2019 /home/travis/build/icyphy/ptII/ptolemy/actor/lib/test/auto/ConfigurationSwitchSelectSDF.xml
----------------- Instantiating /home/travis/build/icyphy/ptII/ptolemy/actor/lib/test/auto/ConfigurationSwitchSelectSDF.xml
3 ms. Memory: 588800K Free: 330911K (56%)
----------------- Invoking toplevel() on ptolemy.moml.MoMLSimpleApplication@52a1e4de
----------------- Done invoking toplevel() on ptolemy.moml.MoMLSimpleApplication@52a1e4de
reloadAllAccessors: .ConfigurationSwitchSelectSDF

===========================================================================================
----------------- testing Thu Jul 11 04:54:04 UTC 2019 /home/travis/build/icyphy/ptII/ptolemy/actor/lib/test/auto/ConfigurationSwitchSelectSDF2.xml
----------------- Instantiating /home/travis/build/icyphy/ptII/ptolemy/actor/lib/test/auto/ConfigurationSwitchSelectSDF2.xml
3 ms. Memory: 588800K Free: 325281K (55%)
----------------- Invoking toplevel() on ptolemy.moml.MoMLSimpleApplication@7da58bdc
----------------- Done invoking toplevel() on ptolemy.moml.MoMLSimpleApplication@7da58bdc
reloadAllAccessors: .ConfigurationSwitchSelectSDF2

===========================================================================================
----------------- testing Thu Jul 11 04:54:04 UTC 2019 /home/travis/build/icyphy/ptII/ptolemy/actor/lib/test/auto/Const.xml
----------------- Instantiating /home/travis/build/icyphy/ptII/ptolemy/actor/lib/test/auto/Const.xml
2 ms. Memory: 588800K Free: 322209K (55%)
----------------- Invoking toplevel() on ptolemy.moml.MoMLSimpleApplication@634d498f
----------------- Done invoking toplevel() on ptolemy.moml.MoMLSimpleApplication@634d498f
reloadAllAccessors: .Const

===========================================================================================
----------------- testing Thu Jul 11 04:54:04 UTC 2019 /home/travis/build/icyphy/ptII/ptolemy/actor/lib/test/auto/Const2.xml
----------------- Instantiating /home/travis/build/icyphy/ptII/ptolemy/actor/lib/test/auto/Const2.xml
1 ms. Memory: 588800K Free: 318113K (54%)
----------------- Invoking toplevel() on ptolemy.moml.MoMLSimpleApplication@7bf2c0d8
----------------- Done invoking toplevel() on ptolemy.moml.MoMLSimpleApplication@7bf2c0d8
reloadAllAccessors: .Const2

===========================================================================================
----------------- testing Thu Jul 11 04:54:04 UTC 2019 /home/travis/build/icyphy/ptII/ptolemy/actor/lib/test/auto/Const3.xml
----------------- Instantiating /home/travis/build/icyphy/ptII/ptolemy/actor/lib/test/auto/Const3.xml
1 ms. Memory: 588800K Free: 315041K (54%)
----------------- Invoking toplevel() on ptolemy.moml.MoMLSimpleApplication@12895d31
----------------- Done invoking toplevel() on ptolemy.moml.MoMLSimpleApplication@12895d31
reloadAllAccessors: .Const3

===========================================================================================
----------------- testing Thu Jul 11 04:54:04 UTC 2019 /home/travis/build/icyphy/ptII/ptolemy/actor/lib/test/auto/ConstantPublisherPort1.xml
----------------- Instantiating /home/travis/build/icyphy/ptII/ptolemy/actor/lib/test/auto/ConstantPublisherPort1.xml
6 ms. Memory: 588800K Free: 306335K (52%)
----------------- Invoking toplevel() on ptolemy.moml.MoMLSimpleApplication@3e91574
----------------- Done invoking toplevel() on ptolemy.moml.MoMLSimpleApplication@3e91574
reloadAllAccessors: .ConstantPublisherPort1

===========================================================================================
----------------- testing Thu Jul 11 04:54:04 UTC 2019 /home/travis/build/icyphy/ptII/ptolemy/actor/lib/test/auto/ConstantPublisherPort2.xml
----------------- Instantiating /home/travis/build/icyphy/ptII/ptolemy/actor/lib/test/auto/ConstantPublisherPort2.xml
12 ms. Memory: 588800K Free: 298657K (51%)
----------------- Invoking toplevel() on ptolemy.moml.MoMLSimpleApplication@78cab2af
----------------- Done invoking toplevel() on ptolemy.moml.MoMLSimpleApplication@78cab2af
reloadAllAccessors: .ConstantPublisherPort2

===========================================================================================
----------------- testing Thu Jul 11 04:54:04 UTC 2019 /home/travis/build/icyphy/ptII/ptolemy/actor/lib/test/auto/ConstantPublisherPort3.xml
----------------- Instantiating /home/travis/build/icyphy/ptII/ptolemy/actor/lib/test/auto/ConstantPublisherPort3.xml
6 ms. Memory: 588800K Free: 290975K (49%)
----------------- Invoking toplevel() on ptolemy.moml.MoMLSimpleApplication@41f416a0
----------------- Done invoking toplevel() on ptolemy.moml.MoMLSimpleApplication@41f416a0
reloadAllAccessors: .ConstantPublisherPort3

===========================================================================================
----------------- testing Thu Jul 11 04:54:04 UTC 2019 /home/travis/build/icyphy/ptII/ptolemy/actor/lib/test/auto/ConstantPublisherPort4.xml
----------------- Instantiating /home/travis/build/icyphy/ptII/ptolemy/actor/lib/test/auto/ConstantPublisherPort4.xml
2 ms. Memory: 588800K Free: 284321K (48%)
----------------- Invoking toplevel() on ptolemy.moml.MoMLSimpleApplication@798b933f
----------------- Done invoking toplevel() on ptolemy.moml.MoMLSimpleApplication@798b933f
reloadAllAccessors: .ConstantPublisherPort4

===========================================================================================
----------------- testing Thu Jul 11 04:54:04 UTC 2019 /home/travis/build/icyphy/ptII/ptolemy/actor/lib/test/auto/ConstantPublisherPort5.xml
----------------- Instantiating /home/travis/build/icyphy/ptII/ptolemy/actor/lib/test/auto/ConstantPublisherPort5.xml
25 ms. Memory: 588800K Free: 275105K (47%)
----------------- Invoking toplevel() on ptolemy.moml.MoMLSimpleApplication@5622d78a
----------------- Done invoking toplevel() on ptolemy.moml.MoMLSimpleApplication@5622d78a
reloadAllAccessors: .ConstantPublisherPort5

===========================================================================================
----------------- testing Thu Jul 11 04:54:04 UTC 2019 /home/travis/build/icyphy/ptII/ptolemy/actor/lib/test/auto/ConstantPublisherPort6.xml
----------------- Instantiating /home/travis/build/icyphy/ptII/ptolemy/actor/lib/test/auto/ConstantPublisherPort6.xml
20 ms. Memory: 588800K Free: 265375K (45%)
----------------- Invoking toplevel() on ptolemy.moml.MoMLSimpleApplication@6da70805
----------------- Done invoking toplevel() on ptolemy.moml.MoMLSimpleApplication@6da70805
reloadAllAccessors: .ConstantPublisherPort6

===========================================================================================
----------------- testing Thu Jul 11 04:54:04 UTC 2019 /home/travis/build/icyphy/ptII/ptolemy/actor/lib/test/auto/ConstantPublisherPort7.xml
----------------- Instantiating /home/travis/build/icyphy/ptII/ptolemy/actor/lib/test/auto/ConstantPublisherPort7.xml
19 ms. Memory: 588800K Free: 256159K (44%)
----------------- Invoking toplevel() on ptolemy.moml.MoMLSimpleApplication@4198d416
----------------- Done invoking toplevel() on ptolemy.moml.MoMLSimpleApplication@4198d416
reloadAllAccessors: .ConstantPublisherPort7

===========================================================================================
----------------- testing Thu Jul 11 04:54:04 UTC 2019 /home/travis/build/icyphy/ptII/ptolemy/actor/lib/test/auto/ConstraintMonitor1.xml
----------------- Instantiating /home/travis/build/icyphy/ptII/ptolemy/actor/lib/test/auto/ConstraintMonitor1.xml
3 ms. Memory: 588800K Free: 251039K (43%)
----------------- Invoking toplevel() on ptolemy.moml.MoMLSimpleApplication@30bb6ffa
----------------- Done invoking toplevel() on ptolemy.moml.MoMLSimpleApplication@30bb6ffa
reloadAllAccessors: .ConstraintMonitor1

===========================================================================================
----------------- testing Thu Jul 11 04:54:04 UTC 2019 /home/travis/build/icyphy/ptII/ptolemy/actor/lib/test/auto/ConstraintMonitor2.xml
----------------- Instantiating /home/travis/build/icyphy/ptII/ptolemy/actor/lib/test/auto/ConstraintMonitor2.xml
2 ms. Memory: 588800K Free: 245919K (42%)
----------------- Invoking toplevel() on ptolemy.moml.MoMLSimpleApplication@346f8601
----------------- Done invoking toplevel() on ptolemy.moml.MoMLSimpleApplication@346f8601
reloadAllAccessors: .ConstraintMonitor2

===========================================================================================
----------------- testing Thu Jul 11 04:54:04 UTC 2019 /home/travis/build/icyphy/ptII/ptolemy/actor/lib/test/auto/ConstraintMonitor3.xml
----------------- Instantiating /home/travis/build/icyphy/ptII/ptolemy/actor/lib/test/auto/ConstraintMonitor3.xml
2 ms. Memory: 588800K Free: 241313K (41%)
----------------- Invoking toplevel() on ptolemy.moml.MoMLSimpleApplication@1c48a84f
----------------- Done invoking toplevel() on ptolemy.moml.MoMLSimpleApplication@1c48a84f
reloadAllAccessors: .ConstraintMonitor3

===========================================================================================
----------------- testing Thu Jul 11 04:54:04 UTC 2019 /home/travis/build/icyphy/ptII/ptolemy/actor/lib/test/auto/ConstraintMonitor4.xml
----------------- Instantiating /home/travis/build/icyphy/ptII/ptolemy/actor/lib/test/auto/ConstraintMonitor4.xml
2 ms. Memory: 588800K Free: 236193K (40%)
----------------- Invoking toplevel() on ptolemy.moml.MoMLSimpleApplication@613bed12
----------------- Done invoking toplevel() on ptolemy.moml.MoMLSimpleApplication@613bed12
reloadAllAccessors: .ConstraintMonitor4

===========================================================================================
----------------- testing Thu Jul 11 04:54:04 UTC 2019 /home/travis/build/icyphy/ptII/ptolemy/actor/lib/test/auto/ConstraintMonitor5.xml
----------------- Instantiating /home/travis/build/icyphy/ptII/ptolemy/actor/lib/test/auto/ConstraintMonitor5.xml
2 ms. Memory: 588800K Free: 231073K (39%)
----------------- Invoking toplevel() on ptolemy.moml.MoMLSimpleApplication@501125f
----------------- Done invoking toplevel() on ptolemy.moml.MoMLSimpleApplication@501125f
reloadAllAccessors: .ConstraintMonitor5

===========================================================================================
----------------- testing Thu Jul 11 04:54:04 UTC 2019 /home/travis/build/icyphy/ptII/ptolemy/actor/lib/test/auto/ConstraintMonitor6.xml
----------------- Instantiating /home/travis/build/icyphy/ptII/ptolemy/actor/lib/test/auto/ConstraintMonitor6.xml
2 ms. Memory: 588800K Free: 224929K (38%)
----------------- Invoking toplevel() on ptolemy.moml.MoMLSimpleApplication@55d2aaeb
----------------- Done invoking toplevel() on ptolemy.moml.MoMLSimpleApplication@55d2aaeb
reloadAllAccessors: .ConstraintMonitor6

===========================================================================================
----------------- testing Thu Jul 11 04:54:04 UTC 2019 /home/travis/build/icyphy/ptII/ptolemy/actor/lib/test/auto/ConstraintMonitor7.xml
----------------- Instantiating /home/travis/build/icyphy/ptII/ptolemy/actor/lib/test/auto/ConstraintMonitor7.xml
5 ms. Memory: 588800K Free: 218264K (37%)
----------------- Invoking toplevel() on ptolemy.moml.MoMLSimpleApplication@1497128f
----------------- Done invoking toplevel() on ptolemy.moml.MoMLSimpleApplication@1497128f
reloadAllAccessors: .ConstraintMonitor7

===========================================================================================
----------------- testing Thu Jul 11 04:54:04 UTC 2019 /home/travis/build/icyphy/ptII/ptolemy/actor/lib/test/auto/ConstraintMonitor8.xml
----------------- Instantiating /home/travis/build/icyphy/ptII/ptolemy/actor/lib/test/auto/ConstraintMonitor8.xml
6 ms. Memory: 588800K Free: 210593K (36%)
----------------- Invoking toplevel() on ptolemy.moml.MoMLSimpleApplication@65e48f3c
----------------- Done invoking toplevel() on ptolemy.moml.MoMLSimpleApplication@65e48f3c
reloadAllAccessors: .ConstraintMonitor8

===========================================================================================
----------------- testing Thu Jul 11 04:54:04 UTC 2019 /home/travis/build/icyphy/ptII/ptolemy/actor/lib/test/auto/Counter.xml
----------------- Instantiating /home/travis/build/icyphy/ptII/ptolemy/actor/lib/test/auto/Counter.xml
2 ms. Memory: 588800K Free: 205983K (35%)
----------------- Invoking toplevel() on ptolemy.moml.MoMLSimpleApplication@7ebce19a
----------------- Done invoking toplevel() on ptolemy.moml.MoMLSimpleApplication@7ebce19a
reloadAllAccessors: .Counter

===========================================================================================
----------------- testing Thu Jul 11 04:54:04 UTC 2019 /home/travis/build/icyphy/ptII/ptolemy/actor/lib/test/auto/CurrentTimeSDF.xml
----------------- Instantiating /home/travis/build/icyphy/ptII/ptolemy/actor/lib/test/auto/CurrentTimeSDF.xml
1 ms. Memory: 588800K Free: 201377K (34%)
----------------- Invoking toplevel() on ptolemy.moml.MoMLSimpleApplication@34471da
----------------- Done invoking toplevel() on ptolemy.moml.MoMLSimpleApplication@34471da
reloadAllAccessors: .CurrentTimeSDF

===========================================================================================
----------------- testing Thu Jul 11 04:54:05 UTC 2019 /home/travis/build/icyphy/ptII/ptolemy/actor/lib/test/auto/DB.xml
----------------- Instantiating /home/travis/build/icyphy/ptII/ptolemy/actor/lib/test/auto/DB.xml
2 ms. Memory: 588800K Free: 195743K (33%)
----------------- Invoking toplevel() on ptolemy.moml.MoMLSimpleApplication@7c1336d1
----------------- Done invoking toplevel() on ptolemy.moml.MoMLSimpleApplication@7c1336d1
reloadAllAccessors: .DB

===========================================================================================
----------------- testing Thu Jul 11 04:54:05 UTC 2019 /home/travis/build/icyphy/ptII/ptolemy/actor/lib/test/auto/DBDE.xml
----------------- Instantiating /home/travis/build/icyphy/ptII/ptolemy/actor/lib/test/auto/DBDE.xml
3 ms. Memory: 588800K Free: 190113K (32%)
----------------- Invoking toplevel() on ptolemy.moml.MoMLSimpleApplication@11c9ec54
----------------- Done invoking toplevel() on ptolemy.moml.MoMLSimpleApplication@11c9ec54
reloadAllAccessors: .DBDE

===========================================================================================
----------------- testing Thu Jul 11 04:54:05 UTC 2019 /home/travis/build/icyphy/ptII/ptolemy/actor/lib/test/auto/DateConstructor.xml
----------------- Instantiating /home/travis/build/icyphy/ptII/ptolemy/actor/lib/test/auto/DateConstructor.xml
32 ms. Memory: 588800K Free: 524117K (89%)
----------------- Invoking toplevel() on ptolemy.moml.MoMLSimpleApplication@7e233812
----------------- Done invoking toplevel() on ptolemy.moml.MoMLSimpleApplication@7e233812
reloadAllAccessors: .DateConstructor

===========================================================================================
----------------- testing Thu Jul 11 04:54:05 UTC 2019 /home/travis/build/icyphy/ptII/ptolemy/actor/lib/test/auto/DelayTime.xml
----------------- Instantiating /home/travis/build/icyphy/ptII/ptolemy/actor/lib/test/auto/DelayTime.xml
4 ms. Memory: 588800K Free: 518997K (88%)
----------------- Invoking toplevel() on ptolemy.moml.MoMLSimpleApplication@448f9eae
----------------- Done invoking toplevel() on ptolemy.moml.MoMLSimpleApplication@448f9eae
reloadAllAccessors: .DelayTime

===========================================================================================
----------------- testing Thu Jul 11 04:54:05 UTC 2019 /home/travis/build/icyphy/ptII/ptolemy/actor/lib/test/auto/Dictionary1.xml
----------------- Instantiating /home/travis/build/icyphy/ptII/ptolemy/actor/lib/test/auto/Dictionary1.xml
2 ms. Memory: 588800K Free: 513877K (87%)
----------------- Invoking toplevel() on ptolemy.moml.MoMLSimpleApplication@9ad785f
----------------- Done invoking toplevel() on ptolemy.moml.MoMLSimpleApplication@9ad785f
reloadAllAccessors: .Dictionary1

===========================================================================================
----------------- testing Thu Jul 11 04:54:05 UTC 2019 /home/travis/build/icyphy/ptII/ptolemy/actor/lib/test/auto/Dictionary2.xml
----------------- Instantiating /home/travis/build/icyphy/ptII/ptolemy/actor/lib/test/auto/Dictionary2.xml
4 ms. Memory: 588800K Free: 508247K (86%)
----------------- Invoking toplevel() on ptolemy.moml.MoMLSimpleApplication@605ab11b
----------------- Done invoking toplevel() on ptolemy.moml.MoMLSimpleApplication@605ab11b
reloadAllAccessors: .Dictionary2

===========================================================================================
----------------- testing Thu Jul 11 04:54:05 UTC 2019 /home/travis/build/icyphy/ptII/ptolemy/actor/lib/test/auto/Dictionary3.xml
----------------- Instantiating /home/travis/build/icyphy/ptII/ptolemy/actor/lib/test/auto/Dictionary3.xml
2 ms. Memory: 588800K Free: 502613K (85%)
----------------- Invoking toplevel() on ptolemy.moml.MoMLSimpleApplication@69a42a7b
----------------- Done invoking toplevel() on ptolemy.moml.MoMLSimpleApplication@69a42a7b
reloadAllAccessors: .Dictionary3

===========================================================================================
----------------- testing Thu Jul 11 04:54:05 UTC 2019 /home/travis/build/icyphy/ptII/ptolemy/actor/lib/test/auto/Dictionary4.xml
----------------- Instantiating /home/travis/build/icyphy/ptII/ptolemy/actor/lib/test/auto/Dictionary4.xml
3 ms. Memory: 588800K Free: 495959K (84%)
----------------- Invoking toplevel() on ptolemy.moml.MoMLSimpleApplication@68d38f38
----------------- Done invoking toplevel() on ptolemy.moml.MoMLSimpleApplication@68d38f38
reloadAllAccessors: .Dictionary4

===========================================================================================
----------------- testing Thu Jul 11 04:54:05 UTC 2019 /home/travis/build/icyphy/ptII/ptolemy/actor/lib/test/auto/Differential.xml
----------------- Instantiating /home/travis/build/icyphy/ptII/ptolemy/actor/lib/test/auto/Differential.xml
3 ms. Memory: 588800K Free: 491349K (83%)
----------------- Invoking toplevel() on ptolemy.moml.MoMLSimpleApplication@1a610d46
----------------- Done invoking toplevel() on ptolemy.moml.MoMLSimpleApplication@1a610d46
reloadAllAccessors: .Differential

===========================================================================================
----------------- testing Thu Jul 11 04:54:05 UTC 2019 /home/travis/build/icyphy/ptII/ptolemy/actor/lib/test/auto/Director.xml
----------------- Instantiating /home/travis/build/icyphy/ptII/ptolemy/actor/lib/test/auto/Director.xml
2 ms. Memory: 588800K Free: 487767K (83%)
----------------- Invoking toplevel() on ptolemy.moml.MoMLSimpleApplication@38957e0b
----------------- Done invoking toplevel() on ptolemy.moml.MoMLSimpleApplication@38957e0b
reloadAllAccessors: .Director

===========================================================================================
----------------- testing Thu Jul 11 04:54:05 UTC 2019 /home/travis/build/icyphy/ptII/ptolemy/actor/lib/test/auto/DiscreteClock.xml
----------------- Instantiating /home/travis/build/icyphy/ptII/ptolemy/actor/lib/test/auto/DiscreteClock.xml
3 ms. Memory: 588800K Free: 483671K (82%)
----------------- Invoking toplevel() on ptolemy.moml.MoMLSimpleApplication@c0e0580
----------------- Done invoking toplevel() on ptolemy.moml.MoMLSimpleApplication@c0e0580
reloadAllAccessors: .DiscreteClock

===========================================================================================
----------------- testing Thu Jul 11 04:54:05 UTC 2019 /home/travis/build/icyphy/ptII/ptolemy/actor/lib/test/auto/DiscreteClock10.xml
----------------- Instantiating /home/travis/build/icyphy/ptII/ptolemy/actor/lib/test/auto/DiscreteClock10.xml
4 ms. Memory: 588800K Free: 478037K (81%)
----------------- Invoking toplevel() on ptolemy.moml.MoMLSimpleApplication@31ef6726
----------------- Done invoking toplevel() on ptolemy.moml.MoMLSimpleApplication@31ef6726
reloadAllAccessors: .DiscreteClock10

===========================================================================================
----------------- testing Thu Jul 11 04:54:05 UTC 2019 /home/travis/build/icyphy/ptII/ptolemy/actor/lib/test/auto/DiscreteClock11.xml
----------------- Instantiating /home/travis/build/icyphy/ptII/ptolemy/actor/lib/test/auto/DiscreteClock11.xml
2 ms. Memory: 588800K Free: 471893K (80%)
----------------- Invoking toplevel() on ptolemy.moml.MoMLSimpleApplication@29b1ebf9
----------------- Done invoking toplevel() on ptolemy.moml.MoMLSimpleApplication@29b1ebf9
reloadAllAccessors: .DiscreteClock11

===========================================================================================
----------------- testing Thu Jul 11 04:54:05 UTC 2019 /home/travis/build/icyphy/ptII/ptolemy/actor/lib/test/auto/DiscreteClock12.xml
----------------- Instantiating /home/travis/build/icyphy/ptII/ptolemy/actor/lib/test/auto/DiscreteClock12.xml
3 ms. Memory: 588800K Free: 465749K (79%)
----------------- Invoking toplevel() on ptolemy.moml.MoMLSimpleApplication@73e6ea90
----------------- Done invoking toplevel() on ptolemy.moml.MoMLSimpleApplication@73e6ea90
reloadAllAccessors: .DiscreteClock12

===========================================================================================
----------------- testing Thu Jul 11 04:54:05 UTC 2019 /home/travis/build/icyphy/ptII/ptolemy/actor/lib/test/auto/DiscreteClock13.xml
----------------- Instantiating /home/travis/build/icyphy/ptII/ptolemy/actor/lib/test/auto/DiscreteClock13.xml
5 ms. Memory: 588800K Free: 459574K (78%)
----------------- Invoking toplevel() on ptolemy.moml.MoMLSimpleApplication@3b596f4
----------------- Done invoking toplevel() on ptolemy.moml.MoMLSimpleApplication@3b596f4
reloadAllAccessors: .DiscreteClock13

===========================================================================================
----------------- testing Thu Jul 11 04:54:05 UTC 2019 /home/travis/build/icyphy/ptII/ptolemy/actor/lib/test/auto/DiscreteClock14.xml
----------------- Instantiating /home/travis/build/icyphy/ptII/ptolemy/actor/lib/test/auto/DiscreteClock14.xml
5 ms. Memory: 588800K Free: 453975K (77%)
----------------- Invoking toplevel() on ptolemy.moml.MoMLSimpleApplication@61e75846
----------------- Done invoking toplevel() on ptolemy.moml.MoMLSimpleApplication@61e75846
reloadAllAccessors: .DiscreteClock14

===========================================================================================
----------------- testing Thu Jul 11 04:54:05 UTC 2019 /home/travis/build/icyphy/ptII/ptolemy/actor/lib/test/auto/DiscreteClock15.xml
----------------- Instantiating /home/travis/build/icyphy/ptII/ptolemy/actor/lib/test/auto/DiscreteClock15.xml
5 ms. Memory: 588800K Free: 447831K (76%)
----------------- Invoking toplevel() on ptolemy.moml.MoMLSimpleApplication@43150771
----------------- Done invoking toplevel() on ptolemy.moml.MoMLSimpleApplication@43150771
reloadAllAccessors: .DiscreteClock15

===========================================================================================
----------------- testing Thu Jul 11 04:54:05 UTC 2019 /home/travis/build/icyphy/ptII/ptolemy/actor/lib/test/auto/DiscreteClock16.xml
----------------- Instantiating /home/travis/build/icyphy/ptII/ptolemy/actor/lib/test/auto/DiscreteClock16.xml
17 ms. Memory: 588800K Free: 433991K (74%)
----------------- Invoking toplevel() on ptolemy.moml.MoMLSimpleApplication@6568359e
----------------- Done invoking toplevel() on ptolemy.moml.MoMLSimpleApplication@6568359e
reloadAllAccessors: .DiscreteClock16

===========================================================================================
----------------- testing Thu Jul 11 04:54:05 UTC 2019 /home/travis/build/icyphy/ptII/ptolemy/actor/lib/test/auto/DiscreteClock17.xml
----------------- Instantiating /home/travis/build/icyphy/ptII/ptolemy/actor/lib/test/auto/DiscreteClock17.xml
16 ms. Memory: 588800K Free: 419655K (71%)
----------------- Invoking toplevel() on ptolemy.moml.MoMLSimpleApplication@5f93f274
----------------- Done invoking toplevel() on ptolemy.moml.MoMLSimpleApplication@5f93f274
reloadAllAccessors: .DiscreteClock17

===========================================================================================
----------------- testing Thu Jul 11 04:54:05 UTC 2019 /home/travis/build/icyphy/ptII/ptolemy/actor/lib/test/auto/DiscreteClock18.xml
----------------- Instantiating /home/travis/build/icyphy/ptII/ptolemy/actor/lib/test/auto/DiscreteClock18.xml
24 ms. Memory: 588800K Free: 406343K (69%)
----------------- Invoking toplevel() on ptolemy.moml.MoMLSimpleApplication@3d107ec
----------------- Done invoking toplevel() on ptolemy.moml.MoMLSimpleApplication@3d107ec
reloadAllAccessors: .DiscreteClock18

===========================================================================================
----------------- testing Thu Jul 11 04:54:05 UTC 2019 /home/travis/build/icyphy/ptII/ptolemy/actor/lib/test/auto/DiscreteClock19.xml
----------------- Instantiating /home/travis/build/icyphy/ptII/ptolemy/actor/lib/test/auto/DiscreteClock19.xml
18 ms. Memory: 588800K Free: 392535K (67%)
----------------- Invoking toplevel() on ptolemy.moml.MoMLSimpleApplication@62a93f0a
----------------- Done invoking toplevel() on ptolemy.moml.MoMLSimpleApplication@62a93f0a
reloadAllAccessors: .DiscreteClock19

===========================================================================================
----------------- testing Thu Jul 11 04:54:05 UTC 2019 /home/travis/build/icyphy/ptII/ptolemy/actor/lib/test/auto/DiscreteClock2.xml
----------------- Instantiating /home/travis/build/icyphy/ptII/ptolemy/actor/lib/test/auto/DiscreteClock2.xml
4 ms. Memory: 588800K Free: 387415K (66%)
----------------- Invoking toplevel() on ptolemy.moml.MoMLSimpleApplication@1c392b9e
----------------- Done invoking toplevel() on ptolemy.moml.MoMLSimpleApplication@1c392b9e
reloadAllAccessors: .DiscreteClock2

===========================================================================================
----------------- testing Thu Jul 11 04:54:05 UTC 2019 /home/travis/build/icyphy/ptII/ptolemy/actor/lib/test/auto/DiscreteClock20.xml
----------------- Instantiating /home/travis/build/icyphy/ptII/ptolemy/actor/lib/test/auto/DiscreteClock20.xml
10 ms. Memory: 588800K Free: 381781K (65%)
----------------- Invoking toplevel() on ptolemy.moml.MoMLSimpleApplication@70ab4098
----------------- Done invoking toplevel() on ptolemy.moml.MoMLSimpleApplication@70ab4098
reloadAllAccessors: .DiscreteClock20

===========================================================================================
----------------- testing Thu Jul 11 04:54:05 UTC 2019 /home/travis/build/icyphy/ptII/ptolemy/actor/lib/test/auto/DiscreteClock21.xml
----------------- Instantiating /home/travis/build/icyphy/ptII/ptolemy/actor/lib/test/auto/DiscreteClock21.xml
6 ms. Memory: 588800K Free: 376661K (64%)
----------------- Invoking toplevel() on ptolemy.moml.MoMLSimpleApplication@4661ea31
----------------- Done invoking toplevel() on ptolemy.moml.MoMLSimpleApplication@4661ea31
reloadAllAccessors: .DiscreteClock21

===========================================================================================
----------------- testing Thu Jul 11 04:54:05 UTC 2019 /home/travis/build/icyphy/ptII/ptolemy/actor/lib/test/auto/DiscreteClock22.xml
----------------- Instantiating /home/travis/build/icyphy/ptII/ptolemy/actor/lib/test/auto/DiscreteClock22.xml
6 ms. Memory: 588800K Free: 371031K (63%)
----------------- Invoking toplevel() on ptolemy.moml.MoMLSimpleApplication@126489d7
----------------- Done invoking toplevel() on ptolemy.moml.MoMLSimpleApplication@126489d7
reloadAllAccessors: .DiscreteClock22

===========================================================================================
----------------- testing Thu Jul 11 04:54:05 UTC 2019 /home/travis/build/icyphy/ptII/ptolemy/actor/lib/test/auto/DiscreteClock23.xml
----------------- Instantiating /home/travis/build/icyphy/ptII/ptolemy/actor/lib/test/auto/DiscreteClock23.xml
10 ms. Memory: 588800K Free: 365397K (62%)
----------------- Invoking toplevel() on ptolemy.moml.MoMLSimpleApplication@4c43e67e
----------------- Done invoking toplevel() on ptolemy.moml.MoMLSimpleApplication@4c43e67e
reloadAllAccessors: .DiscreteClock23

===========================================================================================
----------------- testing Thu Jul 11 04:54:05 UTC 2019 /home/travis/build/icyphy/ptII/ptolemy/actor/lib/test/auto/DiscreteClock24.xml
----------------- Instantiating /home/travis/build/icyphy/ptII/ptolemy/actor/lib/test/auto/DiscreteClock24.xml
5 ms. Memory: 588800K Free: 359767K (61%)
----------------- Invoking toplevel() on ptolemy.moml.MoMLSimpleApplication@2f6e4f02
----------------- Done invoking toplevel() on ptolemy.moml.MoMLSimpleApplication@2f6e4f02
reloadAllAccessors: .DiscreteClock24

===========================================================================================
----------------- testing Thu Jul 11 04:54:05 UTC 2019 /home/travis/build/icyphy/ptII/ptolemy/actor/lib/test/auto/DiscreteClock4.xml
----------------- Instantiating /home/travis/build/icyphy/ptII/ptolemy/actor/lib/test/auto/DiscreteClock4.xml
3 ms. Memory: 588800K Free: 354647K (60%)
----------------- Invoking toplevel() on ptolemy.moml.MoMLSimpleApplication@1b8f3420
----------------- Done invoking toplevel() on ptolemy.moml.MoMLSimpleApplication@1b8f3420
reloadAllAccessors: .DiscreteClock4

===========================================================================================
----------------- testing Thu Jul 11 04:54:05 UTC 2019 /home/travis/build/icyphy/ptII/ptolemy/actor/lib/test/auto/DiscreteClock5.xml
----------------- Instantiating /home/travis/build/icyphy/ptII/ptolemy/actor/lib/test/auto/DiscreteClock5.xml
2 ms. Memory: 588800K Free: 348999K (59%)
----------------- Invoking toplevel() on ptolemy.moml.MoMLSimpleApplication@302a6d5e
----------------- Done invoking toplevel() on ptolemy.moml.MoMLSimpleApplication@302a6d5e
reloadAllAccessors: .DiscreteClock5

===========================================================================================
----------------- testing Thu Jul 11 04:54:05 UTC 2019 /home/travis/build/icyphy/ptII/ptolemy/actor/lib/test/auto/DiscreteClock6.xml
----------------- Instantiating /home/travis/build/icyphy/ptII/ptolemy/actor/lib/test/auto/DiscreteClock6.xml
1 ms. Memory: 588800K Free: 344407K (58%)
----------------- Invoking toplevel() on ptolemy.moml.MoMLSimpleApplication@36da9df1
----------------- Done invoking toplevel() on ptolemy.moml.MoMLSimpleApplication@36da9df1
reloadAllAccessors: .DiscreteClock6

===========================================================================================
----------------- testing Thu Jul 11 04:54:05 UTC 2019 /home/travis/build/icyphy/ptII/ptolemy/actor/lib/test/auto/DiscreteClock7.xml
----------------- Instantiating /home/travis/build/icyphy/ptII/ptolemy/actor/lib/test/auto/DiscreteClock7.xml
2 ms. Memory: 588800K Free: 339797K (58%)
----------------- Invoking toplevel() on ptolemy.moml.MoMLSimpleApplication@3781cb33
----------------- Done invoking toplevel() on ptolemy.moml.MoMLSimpleApplication@3781cb33
reloadAllAccessors: .DiscreteClock7

===========================================================================================
----------------- testing Thu Jul 11 04:54:05 UTC 2019 /home/travis/build/icyphy/ptII/ptolemy/actor/lib/test/auto/DiscreteClock8.xml
----------------- Instantiating /home/travis/build/icyphy/ptII/ptolemy/actor/lib/test/auto/DiscreteClock8.xml
5 ms. Memory: 588800K Free: 334167K (57%)
----------------- Invoking toplevel() on ptolemy.moml.MoMLSimpleApplication@6274a965
----------------- Done invoking toplevel() on ptolemy.moml.MoMLSimpleApplication@6274a965
reloadAllAccessors: .DiscreteClock8

===========================================================================================
----------------- testing Thu Jul 11 04:54:05 UTC 2019 /home/travis/build/icyphy/ptII/ptolemy/actor/lib/test/auto/DiscreteClock9.xml
----------------- Instantiating /home/travis/build/icyphy/ptII/ptolemy/actor/lib/test/auto/DiscreteClock9.xml
5 ms. Memory: 588800K Free: 329047K (56%)
----------------- Invoking toplevel() on ptolemy.moml.MoMLSimpleApplication@54171186
----------------- Done invoking toplevel() on ptolemy.moml.MoMLSimpleApplication@54171186
reloadAllAccessors: .DiscreteClock9

===========================================================================================
----------------- testing Thu Jul 11 04:54:05 UTC 2019 /home/travis/build/icyphy/ptII/ptolemy/actor/lib/test/auto/DisplayArray.xml
----------------- Instantiating /home/travis/build/icyphy/ptII/ptolemy/actor/lib/test/auto/DisplayArray.xml
1 ms. Memory: 588800K Free: 325461K (55%)
----------------- Invoking toplevel() on ptolemy.moml.MoMLSimpleApplication@1120d413
----------------- Done invoking toplevel() on ptolemy.moml.MoMLSimpleApplication@1120d413
reloadAllAccessors: .DisplayArray

===========================================================================================
----------------- testing Thu Jul 11 04:54:05 UTC 2019 /home/travis/build/icyphy/ptII/ptolemy/actor/lib/test/auto/Distributor.xml
----------------- Instantiating /home/travis/build/icyphy/ptII/ptolemy/actor/lib/test/auto/Distributor.xml
1 ms. Memory: 588800K Free: 320341K (54%)
----------------- Invoking toplevel() on ptolemy.moml.MoMLSimpleApplication@6016de59
----------------- Done invoking toplevel() on ptolemy.moml.MoMLSimpleApplication@6016de59
reloadAllAccessors: .Distributor

===========================================================================================
----------------- testing Thu Jul 11 04:54:05 UTC 2019 /home/travis/build/icyphy/ptII/ptolemy/actor/lib/test/auto/Distributor2.xml
----------------- Instantiating /home/travis/build/icyphy/ptII/ptolemy/actor/lib/test/auto/Distributor2.xml
2 ms. Memory: 588800K Free: 315221K (54%)
----------------- Invoking toplevel() on ptolemy.moml.MoMLSimpleApplication@67990ba3
----------------- Done invoking toplevel() on ptolemy.moml.MoMLSimpleApplication@67990ba3
reloadAllAccessors: .Distributor2

===========================================================================================
----------------- testing Thu Jul 11 04:54:05 UTC 2019 /home/travis/build/icyphy/ptII/ptolemy/actor/lib/test/auto/DownSample.xml
----------------- Instantiating /home/travis/build/icyphy/ptII/ptolemy/actor/lib/test/auto/DownSample.xml
2 ms. Memory: 588800K Free: 311125K (53%)
----------------- Invoking toplevel() on ptolemy.moml.MoMLSimpleApplication@221b7dfe
----------------- Done invoking toplevel() on ptolemy.moml.MoMLSimpleApplication@221b7dfe
reloadAllAccessors: .DownSample

===========================================================================================
----------------- testing Thu Jul 11 04:54:06 UTC 2019 /home/travis/build/icyphy/ptII/ptolemy/actor/lib/test/auto/ElectronicUnitBase1.xml
----------------- Instantiating /home/travis/build/icyphy/ptII/ptolemy/actor/lib/test/auto/ElectronicUnitBase1.xml
19 ms. Memory: 588800K Free: 295255K (50%)
----------------- Invoking toplevel() on ptolemy.moml.MoMLSimpleApplication@2ad7605c
----------------- Done invoking toplevel() on ptolemy.moml.MoMLSimpleApplication@2ad7605c
reloadAllAccessors: .ElectronicUnitBase1

===========================================================================================
----------------- testing Thu Jul 11 04:54:06 UTC 2019 /home/travis/build/icyphy/ptII/ptolemy/actor/lib/test/auto/ElementsToArray.xml
----------------- Instantiating /home/travis/build/icyphy/ptII/ptolemy/actor/lib/test/auto/ElementsToArray.xml
3 ms. Memory: 588800K Free: 290135K (49%)
----------------- Invoking toplevel() on ptolemy.moml.MoMLSimpleApplication@a8bfd84
----------------- Done invoking toplevel() on ptolemy.moml.MoMLSimpleApplication@a8bfd84
reloadAllAccessors: .ElementsToArray

===========================================================================================
----------------- testing Thu Jul 11 04:54:06 UTC 2019 /home/travis/build/icyphy/ptII/ptolemy/actor/lib/test/auto/Equals.xml
----------------- Instantiating /home/travis/build/icyphy/ptII/ptolemy/actor/lib/test/auto/Equals.xml
3 ms. Memory: 588800K Free: 285525K (48%)
----------------- Invoking toplevel() on ptolemy.moml.MoMLSimpleApplication@e5be6d6
----------------- Done invoking toplevel() on ptolemy.moml.MoMLSimpleApplication@e5be6d6
reloadAllAccessors: .Equals

===========================================================================================
----------------- testing Thu Jul 11 04:54:06 UTC 2019 /home/travis/build/icyphy/ptII/ptolemy/actor/lib/test/auto/Exec.xml
----------------- Instantiating /home/travis/build/icyphy/ptII/ptolemy/actor/lib/test/auto/Exec.xml
20 ms. Memory: 588800K Free: 279893K (48%)
----------------- Invoking toplevel() on ptolemy.moml.MoMLSimpleApplication@586ac3b7
----------------- Done invoking toplevel() on ptolemy.moml.MoMLSimpleApplication@586ac3b7
reloadAllAccessors: .Exec

===========================================================================================
----------------- testing Thu Jul 11 04:54:06 UTC 2019 /home/travis/build/icyphy/ptII/ptolemy/actor/lib/test/auto/ExecEnvironment.xml
----------------- Instantiating /home/travis/build/icyphy/ptII/ptolemy/actor/lib/test/auto/ExecEnvironment.xml
25 ms. Memory: 588800K Free: 274775K (47%)
----------------- Invoking toplevel() on ptolemy.moml.MoMLSimpleApplication@1947ec5b
----------------- Done invoking toplevel() on ptolemy.moml.MoMLSimpleApplication@1947ec5b
reloadAllAccessors: .ExecEnvironment

===========================================================================================
----------------- testing Thu Jul 11 04:54:06 UTC 2019 /home/travis/build/icyphy/ptII/ptolemy/actor/lib/test/auto/ExecNonZeroReturnOutput.xml
----------------- Instantiating /home/travis/build/icyphy/ptII/ptolemy/actor/lib/test/auto/ExecNonZeroReturnOutput.xml
189 ms. Memory: 588800K Free: 263511K (45%)
----------------- Invoking toplevel() on ptolemy.moml.MoMLSimpleApplication@2fa25460
----------------- Done invoking toplevel() on ptolemy.moml.MoMLSimpleApplication@2fa25460
reloadAllAccessors: .ExecNonZeroReturnOutput

===========================================================================================
----------------- testing Thu Jul 11 04:54:06 UTC 2019 /home/travis/build/icyphy/ptII/ptolemy/actor/lib/test/auto/ExecRunDemos.xml
----------------- Instantiating /home/travis/build/icyphy/ptII/ptolemy/actor/lib/test/auto/ExecRunDemos.xml
10987 ms. Memory: 588800K Free: 244055K (41%)

===========================================================================================
----------------- testing Thu Jul 11 04:54:17 UTC 2019 /home/travis/build/icyphy/ptII/ptolemy/actor/lib/test/auto/ExecStop.xml
----------------- Instantiating /home/travis/build/icyphy/ptII/ptolemy/actor/lib/test/auto/ExecStop.xml
5016 ms. Memory: 588800K Free: 480292K (82%)
----------------- Invoking toplevel() on ptolemy.moml.MoMLSimpleApplication@1bcd8d31
----------------- Done invoking toplevel() on ptolemy.moml.MoMLSimpleApplication@1bcd8d31
reloadAllAccessors: .ExecStop

===========================================================================================
----------------- testing Thu Jul 11 04:54:22 UTC 2019 /home/travis/build/icyphy/ptII/ptolemy/actor/lib/test/auto/ExecutionTimeSDF.xml
----------------- Instantiating /home/travis/build/icyphy/ptII/ptolemy/actor/lib/test/auto/ExecutionTimeSDF.xml
Fired ExecutionTime: 1860000000
Fired ExecutionTime: 1072800000
Fired ExecutionTime: -1658967296
6009 ms. Memory: 588800K Free: 467492K (79%)
----------------- Invoking toplevel() on ptolemy.moml.MoMLSimpleApplication@75d403ed
----------------- Done invoking toplevel() on ptolemy.moml.MoMLSimpleApplication@75d403ed
reloadAllAccessors: .ExecutionTimeSDF

===========================================================================================
----------------- testing Thu Jul 11 04:54:28 UTC 2019 /home/travis/build/icyphy/ptII/ptolemy/actor/lib/test/auto/Expression1.xml
----------------- Instantiating /home/travis/build/icyphy/ptII/ptolemy/actor/lib/test/auto/Expression1.xml
2 ms. Memory: 588800K Free: 463906K (79%)
----------------- Invoking toplevel() on ptolemy.moml.MoMLSimpleApplication@6c2b07a3
----------------- Done invoking toplevel() on ptolemy.moml.MoMLSimpleApplication@6c2b07a3
reloadAllAccessors: .Expression1

===========================================================================================
----------------- testing Thu Jul 11 04:54:28 UTC 2019 /home/travis/build/icyphy/ptII/ptolemy/actor/lib/test/auto/Expression10.xml
----------------- Instantiating /home/travis/build/icyphy/ptII/ptolemy/actor/lib/test/auto/Expression10.xml
8 ms. Memory: 588800K Free: 458786K (78%)
----------------- Invoking toplevel() on ptolemy.moml.MoMLSimpleApplication@726d2679
----------------- Done invoking toplevel() on ptolemy.moml.MoMLSimpleApplication@726d2679
reloadAllAccessors: .Expression10

===========================================================================================
----------------- testing Thu Jul 11 04:54:28 UTC 2019 /home/travis/build/icyphy/ptII/ptolemy/actor/lib/test/auto/Expression11.xml
----------------- Instantiating /home/travis/build/icyphy/ptII/ptolemy/actor/lib/test/auto/Expression11.xml
3 ms. Memory: 588800K Free: 454180K (77%)
----------------- Invoking toplevel() on ptolemy.moml.MoMLSimpleApplication@4cc63372
----------------- Done invoking toplevel() on ptolemy.moml.MoMLSimpleApplication@4cc63372
reloadAllAccessors: .Expression11

===========================================================================================
----------------- testing Thu Jul 11 04:54:28 UTC 2019 /home/travis/build/icyphy/ptII/ptolemy/actor/lib/test/auto/Expression12.xml
----------------- Instantiating /home/travis/build/icyphy/ptII/ptolemy/actor/lib/test/auto/Expression12.xml
5 ms. Memory: 588800K Free: 448546K (76%)
----------------- Invoking toplevel() on ptolemy.moml.MoMLSimpleApplication@115dad5
----------------- Done invoking toplevel() on ptolemy.moml.MoMLSimpleApplication@115dad5
reloadAllAccessors: .Expression12

===========================================================================================
----------------- testing Thu Jul 11 04:54:28 UTC 2019 /home/travis/build/icyphy/ptII/ptolemy/actor/lib/test/auto/Expression13.xml
----------------- Instantiating /home/travis/build/icyphy/ptII/ptolemy/actor/lib/test/auto/Expression13.xml
4 ms. Memory: 588800K Free: 443426K (75%)
----------------- Invoking toplevel() on ptolemy.moml.MoMLSimpleApplication@2521629c
----------------- Done invoking toplevel() on ptolemy.moml.MoMLSimpleApplication@2521629c
reloadAllAccessors: .Expression13

===========================================================================================
----------------- testing Thu Jul 11 04:54:28 UTC 2019 /home/travis/build/icyphy/ptII/ptolemy/actor/lib/test/auto/Expression14.xml
----------------- Instantiating /home/travis/build/icyphy/ptII/ptolemy/actor/lib/test/auto/Expression14.xml
9 ms. Memory: 588800K Free: 437796K (74%)
----------------- Invoking toplevel() on ptolemy.moml.MoMLSimpleApplication@3a8c0087
----------------- Done invoking toplevel() on ptolemy.moml.MoMLSimpleApplication@3a8c0087
reloadAllAccessors: .Expression14

===========================================================================================
----------------- testing Thu Jul 11 04:54:28 UTC 2019 /home/travis/build/icyphy/ptII/ptolemy/actor/lib/test/auto/Expression15.xml
----------------- Instantiating /home/travis/build/icyphy/ptII/ptolemy/actor/lib/test/auto/Expression15.xml
2 ms. Memory: 588800K Free: 433700K (74%)
----------------- Invoking toplevel() on ptolemy.moml.MoMLSimpleApplication@52b9fc12
----------------- Done invoking toplevel() on ptolemy.moml.MoMLSimpleApplication@52b9fc12
reloadAllAccessors: .Expression15

===========================================================================================
----------------- testing Thu Jul 11 04:54:28 UTC 2019 /home/travis/build/icyphy/ptII/ptolemy/actor/lib/test/auto/Expression16.xml
----------------- Instantiating /home/travis/build/icyphy/ptII/ptolemy/actor/lib/test/auto/Expression16.xml
3 ms. Memory: 588800K Free: 428580K (73%)
----------------- Invoking toplevel() on ptolemy.moml.MoMLSimpleApplication@4804f316
----------------- Done invoking toplevel() on ptolemy.moml.MoMLSimpleApplication@4804f316
reloadAllAccessors: .Expression16

===========================================================================================
----------------- testing Thu Jul 11 04:54:28 UTC 2019 /home/travis/build/icyphy/ptII/ptolemy/actor/lib/test/auto/Expression17.xml
----------------- Instantiating /home/travis/build/icyphy/ptII/ptolemy/actor/lib/test/auto/Expression17.xml
5 ms. Memory: 588800K Free: 423460K (72%)
----------------- Invoking toplevel() on ptolemy.moml.MoMLSimpleApplication@3df70aca
----------------- Done invoking toplevel() on ptolemy.moml.MoMLSimpleApplication@3df70aca
reloadAllAccessors: .Expression17

===========================================================================================
----------------- testing Thu Jul 11 04:54:28 UTC 2019 /home/travis/build/icyphy/ptII/ptolemy/actor/lib/test/auto/Expression18.xml
----------------- Instantiating /home/travis/build/icyphy/ptII/ptolemy/actor/lib/test/auto/Expression18.xml
2 ms. Memory: 588800K Free: 418850K (71%)
----------------- Invoking toplevel() on ptolemy.moml.MoMLSimpleApplication@8adff20
----------------- Done invoking toplevel() on ptolemy.moml.MoMLSimpleApplication@8adff20
reloadAllAccessors: .Expression18

===========================================================================================
----------------- testing Thu Jul 11 04:54:28 UTC 2019 /home/travis/build/icyphy/ptII/ptolemy/actor/lib/test/auto/Expression2.xml
----------------- Instantiating /home/travis/build/icyphy/ptII/ptolemy/actor/lib/test/auto/Expression2.xml
3 ms. Memory: 588800K Free: 413730K (70%)
----------------- Invoking toplevel() on ptolemy.moml.MoMLSimpleApplication@40536c8b
----------------- Done invoking toplevel() on ptolemy.moml.MoMLSimpleApplication@40536c8b
reloadAllAccessors: .Expression2

===========================================================================================
----------------- testing Thu Jul 11 04:54:28 UTC 2019 /home/travis/build/icyphy/ptII/ptolemy/actor/lib/test/auto/Expression3.xml
----------------- Instantiating /home/travis/build/icyphy/ptII/ptolemy/actor/lib/test/auto/Expression3.xml
6 ms. Memory: 588800K Free: 408610K (69%)
----------------- Invoking toplevel() on ptolemy.moml.MoMLSimpleApplication@46fe2f39
----------------- Done invoking toplevel() on ptolemy.moml.MoMLSimpleApplication@46fe2f39
reloadAllAccessors: .Expression3

===========================================================================================
----------------- testing Thu Jul 11 04:54:28 UTC 2019 /home/travis/build/icyphy/ptII/ptolemy/actor/lib/test/auto/Expression4.xml
----------------- Instantiating /home/travis/build/icyphy/ptII/ptolemy/actor/lib/test/auto/Expression4.xml
7 ms. Memory: 588800K Free: 400932K (68%)
----------------- Invoking toplevel() on ptolemy.moml.MoMLSimpleApplication@25b0330f
----------------- Done invoking toplevel() on ptolemy.moml.MoMLSimpleApplication@25b0330f
reloadAllAccessors: .Expression4

===========================================================================================
----------------- testing Thu Jul 11 04:54:28 UTC 2019 /home/travis/build/icyphy/ptII/ptolemy/actor/lib/test/auto/Expression5.xml
----------------- Instantiating /home/travis/build/icyphy/ptII/ptolemy/actor/lib/test/auto/Expression5.xml
3 ms. Memory: 588800K Free: 395812K (67%)
----------------- Invoking toplevel() on ptolemy.moml.MoMLSimpleApplication@3fffa58a
----------------- Done invoking toplevel() on ptolemy.moml.MoMLSimpleApplication@3fffa58a
reloadAllAccessors: .Expression5

===========================================================================================
----------------- testing Thu Jul 11 04:54:28 UTC 2019 /home/travis/build/icyphy/ptII/ptolemy/actor/lib/test/auto/Expression6.xml
----------------- Instantiating /home/travis/build/icyphy/ptII/ptolemy/actor/lib/test/auto/Expression6.xml
2 ms. Memory: 588800K Free: 391716K (67%)
----------------- Invoking toplevel() on ptolemy.moml.MoMLSimpleApplication@792e8dba
----------------- Done invoking toplevel() on ptolemy.moml.MoMLSimpleApplication@792e8dba
reloadAllAccessors: .Expression6

===========================================================================================
----------------- testing Thu Jul 11 04:54:28 UTC 2019 /home/travis/build/icyphy/ptII/ptolemy/actor/lib/test/auto/Expression7.xml
----------------- Instantiating /home/travis/build/icyphy/ptII/ptolemy/actor/lib/test/auto/Expression7.xml
2 ms. Memory: 588800K Free: 386596K (66%)
----------------- Invoking toplevel() on ptolemy.moml.MoMLSimpleApplication@6b0efa43
----------------- Done invoking toplevel() on ptolemy.moml.MoMLSimpleApplication@6b0efa43
reloadAllAccessors: .Expression7

===========================================================================================
----------------- testing Thu Jul 11 04:54:28 UTC 2019 /home/travis/build/icyphy/ptII/ptolemy/actor/lib/test/auto/Expression8.xml
----------------- Instantiating /home/travis/build/icyphy/ptII/ptolemy/actor/lib/test/auto/Expression8.xml
9 ms. Memory: 588800K Free: 381476K (65%)
----------------- Invoking toplevel() on ptolemy.moml.MoMLSimpleApplication@65424fa0
----------------- Done invoking toplevel() on ptolemy.moml.MoMLSimpleApplication@65424fa0
reloadAllAccessors: .Expression8

===========================================================================================
----------------- testing Thu Jul 11 04:54:28 UTC 2019 /home/travis/build/icyphy/ptII/ptolemy/actor/lib/test/auto/Expression9.xml
----------------- Instantiating /home/travis/build/icyphy/ptII/ptolemy/actor/lib/test/auto/Expression9.xml
2 ms. Memory: 588800K Free: 377380K (64%)
----------------- Invoking toplevel() on ptolemy.moml.MoMLSimpleApplication@279cc640
----------------- Done invoking toplevel() on ptolemy.moml.MoMLSimpleApplication@279cc640
reloadAllAccessors: .Expression9

===========================================================================================
----------------- testing Thu Jul 11 04:54:28 UTC 2019 /home/travis/build/icyphy/ptII/ptolemy/actor/lib/test/auto/ExpressionConcatenateArrayType.xml
----------------- Instantiating /home/travis/build/icyphy/ptII/ptolemy/actor/lib/test/auto/ExpressionConcatenateArrayType.xml
3 ms. Memory: 588800K Free: 370722K (63%)
----------------- Invoking toplevel() on ptolemy.moml.MoMLSimpleApplication@79b9b635
----------------- Done invoking toplevel() on ptolemy.moml.MoMLSimpleApplication@79b9b635
reloadAllAccessors: .ExpressionConcatenateArrayType

===========================================================================================
----------------- testing Thu Jul 11 04:54:28 UTC 2019 /home/travis/build/icyphy/ptII/ptolemy/actor/lib/test/auto/ExpressionConcatenateArrayType2.xml
----------------- Instantiating /home/travis/build/icyphy/ptII/ptolemy/actor/lib/test/auto/ExpressionConcatenateArrayType2.xml
2 ms. Memory: 588800K Free: 365602K (62%)
----------------- Invoking toplevel() on ptolemy.moml.MoMLSimpleApplication@5beae529
----------------- Done invoking toplevel() on ptolemy.moml.MoMLSimpleApplication@5beae529
reloadAllAccessors: .ExpressionConcatenateArrayType2

===========================================================================================
----------------- testing Thu Jul 11 04:54:28 UTC 2019 /home/travis/build/icyphy/ptII/ptolemy/actor/lib/test/auto/ExpressionFix.xml
----------------- Instantiating /home/travis/build/icyphy/ptII/ptolemy/actor/lib/test/auto/ExpressionFix.xml
22 ms. Memory: 588800K Free: 358948K (61%)
----------------- Invoking toplevel() on ptolemy.moml.MoMLSimpleApplication@5a126472
----------------- Done invoking toplevel() on ptolemy.moml.MoMLSimpleApplication@5a126472
reloadAllAccessors: .ExpressionFix

===========================================================================================
----------------- testing Thu Jul 11 04:54:29 UTC 2019 /home/travis/build/icyphy/ptII/ptolemy/actor/lib/test/auto/ExpressionFix2.xml
----------------- Instantiating /home/travis/build/icyphy/ptII/ptolemy/actor/lib/test/auto/ExpressionFix2.xml
6 ms. Memory: 588800K Free: 354852K (60%)
----------------- Invoking toplevel() on ptolemy.moml.MoMLSimpleApplication@47f0ec02
----------------- Done invoking toplevel() on ptolemy.moml.MoMLSimpleApplication@47f0ec02
reloadAllAccessors: .ExpressionFix2

===========================================================================================
----------------- testing Thu Jul 11 04:54:29 UTC 2019 /home/travis/build/icyphy/ptII/ptolemy/actor/lib/test/auto/ExpressionFix3.xml
----------------- Instantiating /home/travis/build/icyphy/ptII/ptolemy/actor/lib/test/auto/ExpressionFix3.xml
3 ms. Memory: 588800K Free: 350242K (59%)
----------------- Invoking toplevel() on ptolemy.moml.MoMLSimpleApplication@4687a716
----------------- Done invoking toplevel() on ptolemy.moml.MoMLSimpleApplication@4687a716
reloadAllAccessors: .ExpressionFix3

===========================================================================================
----------------- testing Thu Jul 11 04:54:29 UTC 2019 /home/travis/build/icyphy/ptII/ptolemy/actor/lib/test/auto/FileWriter1.xml
----------------- Instantiating /home/travis/build/icyphy/ptII/ptolemy/actor/lib/test/auto/FileWriter1.xml
2 ms. Memory: 588800K Free: 346146K (59%)
----------------- Invoking toplevel() on ptolemy.moml.MoMLSimpleApplication@7ff39698
----------------- Done invoking toplevel() on ptolemy.moml.MoMLSimpleApplication@7ff39698
reloadAllAccessors: .FileWriter1

===========================================================================================
----------------- testing Thu Jul 11 04:54:29 UTC 2019 /home/travis/build/icyphy/ptII/ptolemy/actor/lib/test/auto/FileWriter2.xml
----------------- Instantiating /home/travis/build/icyphy/ptII/ptolemy/actor/lib/test/auto/FileWriter2.xml
2 ms. Memory: 588800K Free: 341540K (58%)
----------------- Invoking toplevel() on ptolemy.moml.MoMLSimpleApplication@616274ec
----------------- Done invoking toplevel() on ptolemy.moml.MoMLSimpleApplication@616274ec
reloadAllAccessors: .FileWriter2

===========================================================================================
----------------- testing Thu Jul 11 04:54:29 UTC 2019 /home/travis/build/icyphy/ptII/ptolemy/actor/lib/test/auto/FileWriter3.xml
----------------- Instantiating /home/travis/build/icyphy/ptII/ptolemy/actor/lib/test/auto/FileWriter3.xml
2 ms. Memory: 588800K Free: 337954K (57%)
----------------- Invoking toplevel() on ptolemy.moml.MoMLSimpleApplication@79858a43
----------------- Done invoking toplevel() on ptolemy.moml.MoMLSimpleApplication@79858a43
reloadAllAccessors: .FileWriter3

===========================================================================================
----------------- testing Thu Jul 11 04:54:29 UTC 2019 /home/travis/build/icyphy/ptII/ptolemy/actor/lib/test/auto/Gaussian.xml
----------------- Instantiating /home/travis/build/icyphy/ptII/ptolemy/actor/lib/test/auto/Gaussian.xml
4 ms. Memory: 588800K Free: 333348K (57%)
----------------- Invoking toplevel() on ptolemy.moml.MoMLSimpleApplication@3357c11c
----------------- Done invoking toplevel() on ptolemy.moml.MoMLSimpleApplication@3357c11c
reloadAllAccessors: .Gaussian

===========================================================================================
----------------- testing Thu Jul 11 04:54:29 UTC 2019 /home/travis/build/icyphy/ptII/ptolemy/actor/lib/test/auto/Gaussian1.xml
----------------- Instantiating /home/travis/build/icyphy/ptII/ptolemy/actor/lib/test/auto/Gaussian1.xml
10 ms. Memory: 588800K Free: 327684K (56%)
----------------- Invoking toplevel() on ptolemy.moml.MoMLSimpleApplication@64ab439f
----------------- Done invoking toplevel() on ptolemy.moml.MoMLSimpleApplication@64ab439f
reloadAllAccessors: .Gaussian1

===========================================================================================
----------------- testing Thu Jul 11 04:54:29 UTC 2019 /home/travis/build/icyphy/ptII/ptolemy/actor/lib/test/auto/Gaussian2.xml
----------------- Instantiating /home/travis/build/icyphy/ptII/ptolemy/actor/lib/test/auto/Gaussian2.xml
2 ms. Memory: 588800K Free: 322084K (55%)
----------------- Invoking toplevel() on ptolemy.moml.MoMLSimpleApplication@77e729d5
----------------- Done invoking toplevel() on ptolemy.moml.MoMLSimpleApplication@77e729d5
reloadAllAccessors: .Gaussian2

===========================================================================================
----------------- testing Thu Jul 11 04:54:29 UTC 2019 /home/travis/build/icyphy/ptII/ptolemy/actor/lib/test/auto/GradientAdaptiveLattice.xml
----------------- Instantiating /home/travis/build/icyphy/ptII/ptolemy/actor/lib/test/auto/GradientAdaptiveLattice.xml
3 ms. Memory: 588800K Free: 316964K (54%)
----------------- Invoking toplevel() on ptolemy.moml.MoMLSimpleApplication@4aa9e9d7
----------------- Done invoking toplevel() on ptolemy.moml.MoMLSimpleApplication@4aa9e9d7
reloadAllAccessors: .GradientAdaptiveLattice

===========================================================================================
----------------- testing Thu Jul 11 04:54:29 UTC 2019 /home/travis/build/icyphy/ptII/ptolemy/actor/lib/test/auto/IIR.xml
----------------- Instantiating /home/travis/build/icyphy/ptII/ptolemy/actor/lib/test/auto/IIR.xml
3 ms. Memory: 588800K Free: 312354K (53%)
----------------- Invoking toplevel() on ptolemy.moml.MoMLSimpleApplication@7c880302
----------------- Done invoking toplevel() on ptolemy.moml.MoMLSimpleApplication@7c880302
reloadAllAccessors: .IIR

===========================================================================================
----------------- testing Thu Jul 11 04:54:29 UTC 2019 /home/travis/build/icyphy/ptII/ptolemy/actor/lib/test/auto/InputOutputTransparentPorts.xml
----------------- Instantiating /home/travis/build/icyphy/ptII/ptolemy/actor/lib/test/auto/InputOutputTransparentPorts.xml
2 ms. Memory: 588800K Free: 305186K (52%)
----------------- Invoking toplevel() on ptolemy.moml.MoMLSimpleApplication@2766e2a
----------------- Done invoking toplevel() on ptolemy.moml.MoMLSimpleApplication@2766e2a
reloadAllAccessors: .InputOutputTransparentPorts

===========================================================================================
----------------- testing Thu Jul 11 04:54:29 UTC 2019 /home/travis/build/icyphy/ptII/ptolemy/actor/lib/test/auto/Interpolator.xml
----------------- Instantiating /home/travis/build/icyphy/ptII/ptolemy/actor/lib/test/auto/Interpolator.xml
3 ms. Memory: 588800K Free: 301090K (51%)
----------------- Invoking toplevel() on ptolemy.moml.MoMLSimpleApplication@3c3cc881
----------------- Done invoking toplevel() on ptolemy.moml.MoMLSimpleApplication@3c3cc881
reloadAllAccessors: .Interpolator

===========================================================================================
----------------- testing Thu Jul 11 04:54:29 UTC 2019 /home/travis/build/icyphy/ptII/ptolemy/actor/lib/test/auto/InterpolatorFiringLimitDE.xml
----------------- Instantiating /home/travis/build/icyphy/ptII/ptolemy/actor/lib/test/auto/InterpolatorFiringLimitDE.xml
2 ms. Memory: 588800K Free: 294946K (50%)
----------------- Invoking toplevel() on ptolemy.moml.MoMLSimpleApplication@237d53e1
----------------- Done invoking toplevel() on ptolemy.moml.MoMLSimpleApplication@237d53e1
reloadAllAccessors: .InterpolatorFiringLimitDE

===========================================================================================
----------------- testing Thu Jul 11 04:54:29 UTC 2019 /home/travis/build/icyphy/ptII/ptolemy/actor/lib/test/auto/Lattice.xml
----------------- Instantiating /home/travis/build/icyphy/ptII/ptolemy/actor/lib/test/auto/Lattice.xml
2 ms. Memory: 588800K Free: 290850K (49%)
----------------- Invoking toplevel() on ptolemy.moml.MoMLSimpleApplication@73e4e803
----------------- Done invoking toplevel() on ptolemy.moml.MoMLSimpleApplication@73e4e803
reloadAllAccessors: .Lattice

===========================================================================================
----------------- testing Thu Jul 11 04:54:29 UTC 2019 /home/travis/build/icyphy/ptII/ptolemy/actor/lib/test/auto/LazyAOCTestLazy.xml
----------------- Instantiating /home/travis/build/icyphy/ptII/ptolemy/actor/lib/test/auto/LazyAOCTestLazy.xml
8 ms. Memory: 588800K Free: 284706K (48%)
----------------- Invoking toplevel() on ptolemy.moml.MoMLSimpleApplication@6b76b51
----------------- Done invoking toplevel() on ptolemy.moml.MoMLSimpleApplication@6b76b51
reloadAllAccessors: .LazyAOCTestLazy

===========================================================================================
----------------- testing Thu Jul 11 04:54:29 UTC 2019 /home/travis/build/icyphy/ptII/ptolemy/actor/lib/test/auto/LazyAOCTestNonLazy.xml
----------------- Instantiating /home/travis/build/icyphy/ptII/ptolemy/actor/lib/test/auto/LazyAOCTestNonLazy.xml
2 ms. Memory: 588800K Free: 278562K (47%)
----------------- Invoking toplevel() on ptolemy.moml.MoMLSimpleApplication@50bc2e76
----------------- Done invoking toplevel() on ptolemy.moml.MoMLSimpleApplication@50bc2e76
reloadAllAccessors: .LazyAOCTestNonLazy

===========================================================================================
----------------- testing Thu Jul 11 04:54:29 UTC 2019 /home/travis/build/icyphy/ptII/ptolemy/actor/lib/test/auto/LazyInnerClass.xml
----------------- Instantiating /home/travis/build/icyphy/ptII/ptolemy/actor/lib/test/auto/LazyInnerClass.xml
20 ms. Memory: 588800K Free: 269860K (46%)
----------------- Invoking toplevel() on ptolemy.moml.MoMLSimpleApplication@7b8c658
----------------- Done invoking toplevel() on ptolemy.moml.MoMLSimpleApplication@7b8c658
reloadAllAccessors: .LazyInnerClass

===========================================================================================
----------------- testing Thu Jul 11 04:54:29 UTC 2019 /home/travis/build/icyphy/ptII/ptolemy/actor/lib/test/auto/LazyPubSub.xml
----------------- Instantiating /home/travis/build/icyphy/ptII/ptolemy/actor/lib/test/auto/LazyPubSub.xml
28 ms. Memory: 588800K Free: 260130K (44%)
----------------- Invoking toplevel() on ptolemy.moml.MoMLSimpleApplication@778169d5
----------------- Done invoking toplevel() on ptolemy.moml.MoMLSimpleApplication@778169d5
reloadAllAccessors: .LazyPubSub

===========================================================================================
----------------- testing Thu Jul 11 04:54:29 UTC 2019 /home/travis/build/icyphy/ptII/ptolemy/actor/lib/test/auto/LazyPubSub2.xml
----------------- Instantiating /home/travis/build/icyphy/ptII/ptolemy/actor/lib/test/auto/LazyPubSub2.xml
14 ms. Memory: 588800K Free: 249890K (42%)
----------------- Invoking toplevel() on ptolemy.moml.MoMLSimpleApplication@1d99af5
----------------- Done invoking toplevel() on ptolemy.moml.MoMLSimpleApplication@1d99af5
reloadAllAccessors: .LazyPubSub2

===========================================================================================
----------------- testing Thu Jul 11 04:54:29 UTC 2019 /home/travis/build/icyphy/ptII/ptolemy/actor/lib/test/auto/LazyPubSub3.xml
----------------- Instantiating /home/travis/build/icyphy/ptII/ptolemy/actor/lib/test/auto/LazyPubSub3.xml
11 ms. Memory: 588800K Free: 239650K (41%)
----------------- Invoking toplevel() on ptolemy.moml.MoMLSimpleApplication@58a92f79
----------------- Done invoking toplevel() on ptolemy.moml.MoMLSimpleApplication@58a92f79
reloadAllAccessors: .LazyPubSub3

===========================================================================================
----------------- testing Thu Jul 11 04:54:29 UTC 2019 /home/travis/build/icyphy/ptII/ptolemy/actor/lib/test/auto/LazySubClassModel.xml
----------------- Instantiating /home/travis/build/icyphy/ptII/ptolemy/actor/lib/test/auto/LazySubClassModel.xml
2 ms. Memory: 588800K Free: 230434K (39%)
----------------- Invoking toplevel() on ptolemy.moml.MoMLSimpleApplication@6f867639
----------------- Done invoking toplevel() on ptolemy.moml.MoMLSimpleApplication@6f867639
reloadAllAccessors: .LazySubClassModel

===========================================================================================
----------------- testing Thu Jul 11 04:54:29 UTC 2019 /home/travis/build/icyphy/ptII/ptolemy/actor/lib/test/auto/LevelCrossTest1.xml
----------------- Instantiating /home/travis/build/icyphy/ptII/ptolemy/actor/lib/test/auto/LevelCrossTest1.xml
1 ms. Memory: 588800K Free: 224804K (38%)
----------------- Invoking toplevel() on ptolemy.moml.MoMLSimpleApplication@1afe9cee
----------------- Done invoking toplevel() on ptolemy.moml.MoMLSimpleApplication@1afe9cee
reloadAllAccessors: .broken

===========================================================================================
----------------- testing Thu Jul 11 04:54:29 UTC 2019 /home/travis/build/icyphy/ptII/ptolemy/actor/lib/test/auto/LevelCrossTest10.xml
----------------- Instantiating /home/travis/build/icyphy/ptII/ptolemy/actor/lib/test/auto/LevelCrossTest10.xml
2 ms. Memory: 588800K Free: 217122K (37%)
----------------- Invoking toplevel() on ptolemy.moml.MoMLSimpleApplication@491b7ff8
----------------- Done invoking toplevel() on ptolemy.moml.MoMLSimpleApplication@491b7ff8
reloadAllAccessors: .LevelCrossTest10

===========================================================================================
----------------- testing Thu Jul 11 04:54:29 UTC 2019 /home/travis/build/icyphy/ptII/ptolemy/actor/lib/test/auto/LevelCrossTest11.xml
----------------- Instantiating /home/travis/build/icyphy/ptII/ptolemy/actor/lib/test/auto/LevelCrossTest11.xml
1 ms. Memory: 588800K Free: 210468K (36%)
----------------- Invoking toplevel() on ptolemy.moml.MoMLSimpleApplication@2b31d6c9
----------------- Done invoking toplevel() on ptolemy.moml.MoMLSimpleApplication@2b31d6c9
reloadAllAccessors: .LevelCrossTest11

===========================================================================================
----------------- testing Thu Jul 11 04:54:29 UTC 2019 /home/travis/build/icyphy/ptII/ptolemy/actor/lib/test/auto/LevelCrossTest12.xml
----------------- Instantiating /home/travis/build/icyphy/ptII/ptolemy/actor/lib/test/auto/LevelCrossTest12.xml
1 ms. Memory: 588800K Free: 203300K (35%)
----------------- Invoking toplevel() on ptolemy.moml.MoMLSimpleApplication@5e43e516
----------------- Done invoking toplevel() on ptolemy.moml.MoMLSimpleApplication@5e43e516
reloadAllAccessors: .LevelCrossTest12

===========================================================================================
----------------- testing Thu Jul 11 04:54:29 UTC 2019 /home/travis/build/icyphy/ptII/ptolemy/actor/lib/test/auto/LevelCrossTest13.xml
----------------- Instantiating /home/travis/build/icyphy/ptII/ptolemy/actor/lib/test/auto/LevelCrossTest13.xml
1 ms. Memory: 588800K Free: 195618K (33%)
----------------- Invoking toplevel() on ptolemy.moml.MoMLSimpleApplication@6d321cf6
----------------- Done invoking toplevel() on ptolemy.moml.MoMLSimpleApplication@6d321cf6
reloadAllAccessors: .LevelCrossTest13

===========================================================================================
----------------- testing Thu Jul 11 04:54:29 UTC 2019 /home/travis/build/icyphy/ptII/ptolemy/actor/lib/test/auto/LevelCrossTest2.xml
----------------- Instantiating /home/travis/build/icyphy/ptII/ptolemy/actor/lib/test/auto/LevelCrossTest2.xml
1 ms. Memory: 588800K Free: 189988K (32%)
----------------- Invoking toplevel() on ptolemy.moml.MoMLSimpleApplication@2e8f3785
----------------- Done invoking toplevel() on ptolemy.moml.MoMLSimpleApplication@2e8f3785
reloadAllAccessors: .broken

===========================================================================================
----------------- testing Thu Jul 11 04:54:29 UTC 2019 /home/travis/build/icyphy/ptII/ptolemy/actor/lib/test/auto/LevelCrossTest3.xml
----------------- Instantiating /home/travis/build/icyphy/ptII/ptolemy/actor/lib/test/auto/LevelCrossTest3.xml
1 ms. Memory: 588800K Free: 533735K (91%)
----------------- Invoking toplevel() on ptolemy.moml.MoMLSimpleApplication@15d7cfc9
----------------- Done invoking toplevel() on ptolemy.moml.MoMLSimpleApplication@15d7cfc9
reloadAllAccessors: .LevelCrossTest3

===========================================================================================
----------------- testing Thu Jul 11 04:54:29 UTC 2019 /home/travis/build/icyphy/ptII/ptolemy/actor/lib/test/auto/LevelCrossTest4.xml
----------------- Instantiating /home/travis/build/icyphy/ptII/ptolemy/actor/lib/test/auto/LevelCrossTest4.xml
2 ms. Memory: 588800K Free: 528101K (90%)
----------------- Invoking toplevel() on ptolemy.moml.MoMLSimpleApplication@5a6eacce
----------------- Done invoking toplevel() on ptolemy.moml.MoMLSimpleApplication@5a6eacce
reloadAllAccessors: .broken

===========================================================================================
----------------- testing Thu Jul 11 04:54:29 UTC 2019 /home/travis/build/icyphy/ptII/ptolemy/actor/lib/test/auto/LevelCrossTest5.xml
----------------- Instantiating /home/travis/build/icyphy/ptII/ptolemy/actor/lib/test/auto/LevelCrossTest5.xml
4 ms. Memory: 588800K Free: 520933K (88%)
----------------- Invoking toplevel() on ptolemy.moml.MoMLSimpleApplication@6bd225ab
----------------- Done invoking toplevel() on ptolemy.moml.MoMLSimpleApplication@6bd225ab
reloadAllAccessors: .LevelCrossTest5

===========================================================================================
----------------- testing Thu Jul 11 04:54:29 UTC 2019 /home/travis/build/icyphy/ptII/ptolemy/actor/lib/test/auto/LevelCrossTest6.xml
----------------- Instantiating /home/travis/build/icyphy/ptII/ptolemy/actor/lib/test/auto/LevelCrossTest6.xml
2 ms. Memory: 588800K Free: 514279K (87%)
----------------- Invoking toplevel() on ptolemy.moml.MoMLSimpleApplication@7ef3539f
----------------- Done invoking toplevel() on ptolemy.moml.MoMLSimpleApplication@7ef3539f
reloadAllAccessors: .LevelCrossTest6

===========================================================================================
----------------- testing Thu Jul 11 04:54:29 UTC 2019 /home/travis/build/icyphy/ptII/ptolemy/actor/lib/test/auto/LevelCrossTest7.xml
----------------- Instantiating /home/travis/build/icyphy/ptII/ptolemy/actor/lib/test/auto/LevelCrossTest7.xml
1 ms. Memory: 588800K Free: 507111K (86%)
----------------- Invoking toplevel() on ptolemy.moml.MoMLSimpleApplication@1be065c1
----------------- Done invoking toplevel() on ptolemy.moml.MoMLSimpleApplication@1be065c1
reloadAllAccessors: .LevelCrossTest7

===========================================================================================
----------------- testing Thu Jul 11 04:54:29 UTC 2019 /home/travis/build/icyphy/ptII/ptolemy/actor/lib/test/auto/LevelCrossTest8.xml
----------------- Instantiating /home/travis/build/icyphy/ptII/ptolemy/actor/lib/test/auto/LevelCrossTest8.xml
1 ms. Memory: 588800K Free: 498919K (85%)
----------------- Invoking toplevel() on ptolemy.moml.MoMLSimpleApplication@58e5846
----------------- Done invoking toplevel() on ptolemy.moml.MoMLSimpleApplication@58e5846
reloadAllAccessors: .LevelCrossTest8

===========================================================================================
----------------- testing Thu Jul 11 04:54:29 UTC 2019 /home/travis/build/icyphy/ptII/ptolemy/actor/lib/test/auto/LevelCrossTest9.xml
----------------- Instantiating /home/travis/build/icyphy/ptII/ptolemy/actor/lib/test/auto/LevelCrossTest9.xml
2 ms. Memory: 588800K Free: 491237K (83%)
----------------- Invoking toplevel() on ptolemy.moml.MoMLSimpleApplication@596207b9
----------------- Done invoking toplevel() on ptolemy.moml.MoMLSimpleApplication@596207b9
reloadAllAccessors: .LevelCrossTest9

===========================================================================================
----------------- testing Thu Jul 11 04:54:29 UTC 2019 /home/travis/build/icyphy/ptII/ptolemy/actor/lib/test/auto/LevinsonDurbin.xml
----------------- Instantiating /home/travis/build/icyphy/ptII/ptolemy/actor/lib/test/auto/LevinsonDurbin.xml
2 ms. Memory: 588800K Free: 487655K (83%)
----------------- Invoking toplevel() on ptolemy.moml.MoMLSimpleApplication@b4a1e01
----------------- Done invoking toplevel() on ptolemy.moml.MoMLSimpleApplication@b4a1e01
reloadAllAccessors: .LevinsonDurbin

===========================================================================================
----------------- testing Thu Jul 11 04:54:29 UTC 2019 /home/travis/build/icyphy/ptII/ptolemy/actor/lib/test/auto/LevinsonDurbin2.xml
----------------- Instantiating /home/travis/build/icyphy/ptII/ptolemy/actor/lib/test/auto/LevinsonDurbin2.xml
2 ms. Memory: 588800K Free: 483559K (82%)
----------------- Invoking toplevel() on ptolemy.moml.MoMLSimpleApplication@4260db3
----------------- Done invoking toplevel() on ptolemy.moml.MoMLSimpleApplication@4260db3
reloadAllAccessors: .LevinsonDurbin2

===========================================================================================
----------------- testing Thu Jul 11 04:54:29 UTC 2019 /home/travis/build/icyphy/ptII/ptolemy/actor/lib/test/auto/LevinsonDurbin3.xml
----------------- Instantiating /home/travis/build/icyphy/ptII/ptolemy/actor/lib/test/auto/LevinsonDurbin3.xml
2 ms. Memory: 588800K Free: 479463K (81%)
----------------- Invoking toplevel() on ptolemy.moml.MoMLSimpleApplication@5e4feaea
----------------- Done invoking toplevel() on ptolemy.moml.MoMLSimpleApplication@5e4feaea
reloadAllAccessors: .LevinsonDurbin3

===========================================================================================
----------------- testing Thu Jul 11 04:54:29 UTC 2019 /home/travis/build/icyphy/ptII/ptolemy/actor/lib/test/auto/Limiter.xml
----------------- Instantiating /home/travis/build/icyphy/ptII/ptolemy/actor/lib/test/auto/Limiter.xml
6 ms. Memory: 588800K Free: 470247K (80%)
----------------- Invoking toplevel() on ptolemy.moml.MoMLSimpleApplication@5031a959
----------------- Done invoking toplevel() on ptolemy.moml.MoMLSimpleApplication@5031a959
reloadAllAccessors: .Limiter

===========================================================================================
----------------- testing Thu Jul 11 04:54:30 UTC 2019 /home/travis/build/icyphy/ptII/ptolemy/actor/lib/test/auto/LinearDifferenceEquationSystem.xml
----------------- Instantiating /home/travis/build/icyphy/ptII/ptolemy/actor/lib/test/auto/LinearDifferenceEquationSystem.xml
12 ms. Memory: 588800K Free: 463079K (79%)
----------------- Invoking toplevel() on ptolemy.moml.MoMLSimpleApplication@74271bf4
----------------- Done invoking toplevel() on ptolemy.moml.MoMLSimpleApplication@74271bf4
reloadAllAccessors: .LinearDifferenceEquationSystem

===========================================================================================
----------------- testing Thu Jul 11 04:54:30 UTC 2019 /home/travis/build/icyphy/ptII/ptolemy/actor/lib/test/auto/LookupTable.xml
----------------- Instantiating /home/travis/build/icyphy/ptII/ptolemy/actor/lib/test/auto/LookupTable.xml
1 ms. Memory: 588800K Free: 458469K (78%)
----------------- Invoking toplevel() on ptolemy.moml.MoMLSimpleApplication@75b74f6d
----------------- Done invoking toplevel() on ptolemy.moml.MoMLSimpleApplication@75b74f6d
reloadAllAccessors: .LookupTable

===========================================================================================
----------------- testing Thu Jul 11 04:54:30 UTC 2019 /home/travis/build/icyphy/ptII/ptolemy/actor/lib/test/auto/MathFunction.xml
----------------- Instantiating /home/travis/build/icyphy/ptII/ptolemy/actor/lib/test/auto/MathFunction.xml
2 ms. Memory: 588800K Free: 450277K (76%)
----------------- Invoking toplevel() on ptolemy.moml.MoMLSimpleApplication@1afeea5d
----------------- Done invoking toplevel() on ptolemy.moml.MoMLSimpleApplication@1afeea5d
reloadAllAccessors: .MathFunction

===========================================================================================
----------------- testing Thu Jul 11 04:54:30 UTC 2019 /home/travis/build/icyphy/ptII/ptolemy/actor/lib/test/auto/MathFunction2.xml
----------------- Instantiating /home/travis/build/icyphy/ptII/ptolemy/actor/lib/test/auto/MathFunction2.xml
1 ms. Memory: 588800K Free: 446181K (76%)
----------------- Invoking toplevel() on ptolemy.moml.MoMLSimpleApplication@4933bc7b
----------------- Done invoking toplevel() on ptolemy.moml.MoMLSimpleApplication@4933bc7b
reloadAllAccessors: .MathFunction2

===========================================================================================
----------------- testing Thu Jul 11 04:54:30 UTC 2019 /home/travis/build/icyphy/ptII/ptolemy/actor/lib/test/auto/MathFunction3.xml
----------------- Instantiating /home/travis/build/icyphy/ptII/ptolemy/actor/lib/test/auto/MathFunction3.xml
6 ms. Memory: 588800K Free: 439013K (75%)
----------------- Invoking toplevel() on ptolemy.moml.MoMLSimpleApplication@a9de9ca
----------------- Done invoking toplevel() on ptolemy.moml.MoMLSimpleApplication@a9de9ca
reloadAllAccessors: .MathFunction3

===========================================================================================
----------------- testing Thu Jul 11 04:54:30 UTC 2019 /home/travis/build/icyphy/ptII/ptolemy/actor/lib/test/auto/MatrixCropBoolean.xml
----------------- Instantiating /home/travis/build/icyphy/ptII/ptolemy/actor/lib/test/auto/MatrixCropBoolean.xml
2 ms. Memory: 588800K Free: 433863K (74%)
----------------- Invoking toplevel() on ptolemy.moml.MoMLSimpleApplication@6c0058d
----------------- Done invoking toplevel() on ptolemy.moml.MoMLSimpleApplication@6c0058d
reloadAllAccessors: .MatrixCropBoolean

===========================================================================================
----------------- testing Thu Jul 11 04:54:30 UTC 2019 /home/travis/build/icyphy/ptII/ptolemy/actor/lib/test/auto/MatrixCropComplex.xml
----------------- Instantiating /home/travis/build/icyphy/ptII/ptolemy/actor/lib/test/auto/MatrixCropComplex.xml
2 ms. Memory: 588800K Free: 429287K (73%)
----------------- Invoking toplevel() on ptolemy.moml.MoMLSimpleApplication@5b94f59f
----------------- Done invoking toplevel() on ptolemy.moml.MoMLSimpleApplication@5b94f59f
reloadAllAccessors: .MatrixCropComplex

===========================================================================================
----------------- testing Thu Jul 11 04:54:30 UTC 2019 /home/travis/build/icyphy/ptII/ptolemy/actor/lib/test/auto/MatrixCropDouble.xml
----------------- Instantiating /home/travis/build/icyphy/ptII/ptolemy/actor/lib/test/auto/MatrixCropDouble.xml
2 ms. Memory: 588800K Free: 424167K (72%)
----------------- Invoking toplevel() on ptolemy.moml.MoMLSimpleApplication@6e81fa80
----------------- Done invoking toplevel() on ptolemy.moml.MoMLSimpleApplication@6e81fa80
reloadAllAccessors: .MatrixCropDouble

===========================================================================================
----------------- testing Thu Jul 11 04:54:30 UTC 2019 /home/travis/build/icyphy/ptII/ptolemy/actor/lib/test/auto/MatrixCropFix.xml
----------------- Instantiating /home/travis/build/icyphy/ptII/ptolemy/actor/lib/test/auto/MatrixCropFix.xml
4 ms. Memory: 588800K Free: 419047K (71%)
----------------- Invoking toplevel() on ptolemy.moml.MoMLSimpleApplication@50a75574
----------------- Done invoking toplevel() on ptolemy.moml.MoMLSimpleApplication@50a75574
reloadAllAccessors: .MatrixCropFix

===========================================================================================
----------------- testing Thu Jul 11 04:54:30 UTC 2019 /home/travis/build/icyphy/ptII/ptolemy/actor/lib/test/auto/MatrixCropInt.xml
----------------- Instantiating /home/travis/build/icyphy/ptII/ptolemy/actor/lib/test/auto/MatrixCropInt.xml
2 ms. Memory: 588800K Free: 413927K (70%)
----------------- Invoking toplevel() on ptolemy.moml.MoMLSimpleApplication@7a8bb002
----------------- Done invoking toplevel() on ptolemy.moml.MoMLSimpleApplication@7a8bb002
reloadAllAccessors: .MatrixCropInt

===========================================================================================
----------------- testing Thu Jul 11 04:54:30 UTC 2019 /home/travis/build/icyphy/ptII/ptolemy/actor/lib/test/auto/MatrixCropLong.xml
----------------- Instantiating /home/travis/build/icyphy/ptII/ptolemy/actor/lib/test/auto/MatrixCropLong.xml
1 ms. Memory: 588800K Free: 409287K (70%)
----------------- Invoking toplevel() on ptolemy.moml.MoMLSimpleApplication@6a461f10
----------------- Done invoking toplevel() on ptolemy.moml.MoMLSimpleApplication@6a461f10
reloadAllAccessors: .MatrixCropLong

===========================================================================================
----------------- testing Thu Jul 11 04:54:30 UTC 2019 /home/travis/build/icyphy/ptII/ptolemy/actor/lib/test/auto/MatrixToArray.xml
----------------- Instantiating /home/travis/build/icyphy/ptII/ptolemy/actor/lib/test/auto/MatrixToArray.xml
11 ms. Memory: 588800K Free: 393957K (67%)
----------------- Invoking toplevel() on ptolemy.moml.MoMLSimpleApplication@31dba5e6
----------------- Done invoking toplevel() on ptolemy.moml.MoMLSimpleApplication@31dba5e6
reloadAllAccessors: .MatrixToArray

===========================================================================================
----------------- testing Thu Jul 11 04:54:30 UTC 2019 /home/travis/build/icyphy/ptII/ptolemy/actor/lib/test/auto/MaxIndex.xml
----------------- Instantiating /home/travis/build/icyphy/ptII/ptolemy/actor/lib/test/auto/MaxIndex.xml
1 ms. Memory: 588800K Free: 389351K (66%)
----------------- Invoking toplevel() on ptolemy.moml.MoMLSimpleApplication@2f6ac0d6
----------------- Done invoking toplevel() on ptolemy.moml.MoMLSimpleApplication@2f6ac0d6
reloadAllAccessors: .MaxIndex

===========================================================================================
----------------- testing Thu Jul 11 04:54:30 UTC 2019 /home/travis/build/icyphy/ptII/ptolemy/actor/lib/test/auto/Maximum.xml
----------------- Instantiating /home/travis/build/icyphy/ptII/ptolemy/actor/lib/test/auto/Maximum.xml
2 ms. Memory: 588800K Free: 382663K (65%)
----------------- Invoking toplevel() on ptolemy.moml.MoMLSimpleApplication@72108b96
----------------- Done invoking toplevel() on ptolemy.moml.MoMLSimpleApplication@72108b96
reloadAllAccessors: .Maximum

===========================================================================================
----------------- testing Thu Jul 11 04:54:30 UTC 2019 /home/travis/build/icyphy/ptII/ptolemy/actor/lib/test/auto/MaximumComplex.xml
----------------- Instantiating /home/travis/build/icyphy/ptII/ptolemy/actor/lib/test/auto/MaximumComplex.xml
5 ms. Memory: 588800K Free: 376519K (64%)
----------------- Invoking toplevel() on ptolemy.moml.MoMLSimpleApplication@60d833c
----------------- Done invoking toplevel() on ptolemy.moml.MoMLSimpleApplication@60d833c
reloadAllAccessors: .MaximumComplex

===========================================================================================
----------------- testing Thu Jul 11 04:54:30 UTC 2019 /home/travis/build/icyphy/ptII/ptolemy/actor/lib/test/auto/MethodCallTest.xml
----------------- Instantiating /home/travis/build/icyphy/ptII/ptolemy/actor/lib/test/auto/MethodCallTest.xml
2 ms. Memory: 588800K Free: 369895K (63%)
----------------- Invoking toplevel() on ptolemy.moml.MoMLSimpleApplication@28231ab9
----------------- Done invoking toplevel() on ptolemy.moml.MoMLSimpleApplication@28231ab9
reloadAllAccessors: .MethodCallTest

===========================================================================================
----------------- testing Thu Jul 11 04:54:30 UTC 2019 /home/travis/build/icyphy/ptII/ptolemy/actor/lib/test/auto/Minimum.xml
----------------- Instantiating /home/travis/build/icyphy/ptII/ptolemy/actor/lib/test/auto/Minimum.xml
3 ms. Memory: 588800K Free: 363751K (62%)
----------------- Invoking toplevel() on ptolemy.moml.MoMLSimpleApplication@1e6ee175
----------------- Done invoking toplevel() on ptolemy.moml.MoMLSimpleApplication@1e6ee175
reloadAllAccessors: .Minimum

===========================================================================================
----------------- testing Thu Jul 11 04:54:30 UTC 2019 /home/travis/build/icyphy/ptII/ptolemy/actor/lib/test/auto/MinimumComplex.xml
----------------- Instantiating /home/travis/build/icyphy/ptII/ptolemy/actor/lib/test/auto/MinimumComplex.xml
3 ms. Memory: 588800K Free: 357607K (61%)
----------------- Invoking toplevel() on ptolemy.moml.MoMLSimpleApplication@aae8896
----------------- Done invoking toplevel() on ptolemy.moml.MoMLSimpleApplication@aae8896
reloadAllAccessors: .MinimumComplex

===========================================================================================
----------------- testing Thu Jul 11 04:54:30 UTC 2019 /home/travis/build/icyphy/ptII/ptolemy/actor/lib/test/auto/MinimumMultiports.xml
----------------- Instantiating /home/travis/build/icyphy/ptII/ptolemy/actor/lib/test/auto/MinimumMultiports.xml
3 ms. Memory: 588800K Free: 349415K (59%)
----------------- Invoking toplevel() on ptolemy.moml.MoMLSimpleApplication@40d43463
----------------- Done invoking toplevel() on ptolemy.moml.MoMLSimpleApplication@40d43463
reloadAllAccessors: .MinimumMultiports

===========================================================================================
----------------- testing Thu Jul 11 04:54:30 UTC 2019 /home/travis/build/icyphy/ptII/ptolemy/actor/lib/test/auto/ModifyDate.xml
----------------- Instantiating /home/travis/build/icyphy/ptII/ptolemy/actor/lib/test/auto/ModifyDate.xml
8 ms. Memory: 588800K Free: 336613K (57%)
----------------- Invoking toplevel() on ptolemy.moml.MoMLSimpleApplication@2fafd83d
----------------- Done invoking toplevel() on ptolemy.moml.MoMLSimpleApplication@2fafd83d
reloadAllAccessors: .ModifyDate

===========================================================================================
----------------- testing Thu Jul 11 04:54:30 UTC 2019 /home/travis/build/icyphy/ptII/ptolemy/actor/lib/test/auto/ModifyDate2.xml
----------------- Instantiating /home/travis/build/icyphy/ptII/ptolemy/actor/lib/test/auto/ModifyDate2.xml
3 ms. Memory: 588800K Free: 327911K (56%)
----------------- Invoking toplevel() on ptolemy.moml.MoMLSimpleApplication@2d4fb1ee
----------------- Done invoking toplevel() on ptolemy.moml.MoMLSimpleApplication@2d4fb1ee
reloadAllAccessors: .ModifyDate2

===========================================================================================
----------------- testing Thu Jul 11 04:54:30 UTC 2019 /home/travis/build/icyphy/ptII/ptolemy/actor/lib/test/auto/MovingAverage.xml
----------------- Instantiating /home/travis/build/icyphy/ptII/ptolemy/actor/lib/test/auto/MovingAverage.xml
11 ms. Memory: 588800K Free: 322791K (55%)
----------------- Invoking toplevel() on ptolemy.moml.MoMLSimpleApplication@74a7e647
----------------- Done invoking toplevel() on ptolemy.moml.MoMLSimpleApplication@74a7e647
reloadAllAccessors: .MovingAverage

===========================================================================================
----------------- testing Thu Jul 11 04:54:30 UTC 2019 /home/travis/build/icyphy/ptII/ptolemy/actor/lib/test/auto/MovingMaximum.xml
----------------- Instantiating /home/travis/build/icyphy/ptII/ptolemy/actor/lib/test/auto/MovingMaximum.xml
1 ms. Memory: 588800K Free: 318181K (54%)
----------------- Invoking toplevel() on ptolemy.moml.MoMLSimpleApplication@278ccbdf
----------------- Done invoking toplevel() on ptolemy.moml.MoMLSimpleApplication@278ccbdf
reloadAllAccessors: .MovingMaximum

===========================================================================================
----------------- testing Thu Jul 11 04:54:30 UTC 2019 /home/travis/build/icyphy/ptII/ptolemy/actor/lib/test/auto/MultipleLinksToSameRelation.xml
----------------- Instantiating /home/travis/build/icyphy/ptII/ptolemy/actor/lib/test/auto/MultipleLinksToSameRelation.xml
2 ms. Memory: 588800K Free: 314085K (53%)
----------------- Invoking toplevel() on ptolemy.moml.MoMLSimpleApplication@4d69fffe
----------------- Done invoking toplevel() on ptolemy.moml.MoMLSimpleApplication@4d69fffe
reloadAllAccessors: .MultipleLinksToSameRelation

===========================================================================================
----------------- testing Thu Jul 11 04:54:30 UTC 2019 /home/travis/build/icyphy/ptII/ptolemy/actor/lib/test/auto/MultipleLinksToSameRelationDE.xml
----------------- Instantiating /home/travis/build/icyphy/ptII/ptolemy/actor/lib/test/auto/MultipleLinksToSameRelationDE.xml
1 ms. Memory: 588800K Free: 309479K (53%)
----------------- Invoking toplevel() on ptolemy.moml.MoMLSimpleApplication@6534e89b
----------------- Done invoking toplevel() on ptolemy.moml.MoMLSimpleApplication@6534e89b
reloadAllAccessors: .MultipleLinksToSameRelationDE

===========================================================================================
----------------- testing Thu Jul 11 04:54:30 UTC 2019 /home/travis/build/icyphy/ptII/ptolemy/actor/lib/test/auto/Multiplexor.xml
----------------- Instantiating /home/travis/build/icyphy/ptII/ptolemy/actor/lib/test/auto/Multiplexor.xml
2 ms. Memory: 588800K Free: 303845K (52%)
----------------- Invoking toplevel() on ptolemy.moml.MoMLSimpleApplication@382c834a
----------------- Done invoking toplevel() on ptolemy.moml.MoMLSimpleApplication@382c834a
reloadAllAccessors: .Multiplexor

===========================================================================================
----------------- testing Thu Jul 11 04:54:30 UTC 2019 /home/travis/build/icyphy/ptII/ptolemy/actor/lib/test/auto/Multiplexor1.xml
----------------- Instantiating /home/travis/build/icyphy/ptII/ptolemy/actor/lib/test/auto/Multiplexor1.xml
2 ms. Memory: 588800K Free: 297687K (51%)
----------------- Invoking toplevel() on ptolemy.moml.MoMLSimpleApplication@a282f6c
----------------- Done invoking toplevel() on ptolemy.moml.MoMLSimpleApplication@a282f6c
reloadAllAccessors: .Multiplexor1

===========================================================================================
----------------- testing Thu Jul 11 04:54:30 UTC 2019 /home/travis/build/icyphy/ptII/ptolemy/actor/lib/test/auto/Multiplexor2.xml
----------------- Instantiating /home/travis/build/icyphy/ptII/ptolemy/actor/lib/test/auto/Multiplexor2.xml
3 ms. Memory: 588800K Free: 291047K (49%)
----------------- Invoking toplevel() on ptolemy.moml.MoMLSimpleApplication@3bc5b37e
----------------- Done invoking toplevel() on ptolemy.moml.MoMLSimpleApplication@3bc5b37e
reloadAllAccessors: .Multiplexor2

===========================================================================================
----------------- testing Thu Jul 11 04:54:30 UTC 2019 /home/travis/build/icyphy/ptII/ptolemy/actor/lib/test/auto/Multiplexor3.xml
----------------- Instantiating /home/travis/build/icyphy/ptII/ptolemy/actor/lib/test/auto/Multiplexor3.xml
2 ms. Memory: 588800K Free: 286951K (49%)
----------------- Invoking toplevel() on ptolemy.moml.MoMLSimpleApplication@4db14938
----------------- Done invoking toplevel() on ptolemy.moml.MoMLSimpleApplication@4db14938
reloadAllAccessors: .Multiplexor3

===========================================================================================
----------------- testing Thu Jul 11 04:54:30 UTC 2019 /home/travis/build/icyphy/ptII/ptolemy/actor/lib/test/auto/MultiplexorDE.xml
----------------- Instantiating /home/travis/build/icyphy/ptII/ptolemy/actor/lib/test/auto/MultiplexorDE.xml
2 ms. Memory: 588800K Free: 279239K (47%)
----------------- Invoking toplevel() on ptolemy.moml.MoMLSimpleApplication@5e9312a2
----------------- Done invoking toplevel() on ptolemy.moml.MoMLSimpleApplication@5e9312a2
reloadAllAccessors: .MultiplexorDE

===========================================================================================
----------------- testing Thu Jul 11 04:54:30 UTC 2019 /home/travis/build/icyphy/ptII/ptolemy/actor/lib/test/auto/MultiportBroadcastTest.xml
----------------- Instantiating /home/travis/build/icyphy/ptII/ptolemy/actor/lib/test/auto/MultiportBroadcastTest.xml
98 ms. Memory: 588800K Free: 273125K (46%)
----------------- Invoking toplevel() on ptolemy.moml.MoMLSimpleApplication@32ed5817
----------------- Done invoking toplevel() on ptolemy.moml.MoMLSimpleApplication@32ed5817
reloadAllAccessors: .MultiportBroadcastTest

===========================================================================================
----------------- testing Thu Jul 11 04:54:30 UTC 2019 /home/travis/build/icyphy/ptII/ptolemy/actor/lib/test/auto/MultiportOutHangDuringGetWidth.xml
----------------- Instantiating /home/travis/build/icyphy/ptII/ptolemy/actor/lib/test/auto/MultiportOutHangDuringGetWidth.xml
5 ms. Memory: 588800K Free: 261351K (44%)
----------------- Invoking toplevel() on ptolemy.moml.MoMLSimpleApplication@4c105d3b
----------------- Done invoking toplevel() on ptolemy.moml.MoMLSimpleApplication@4c105d3b
reloadAllAccessors: .MultiportOutHangDuringGetWidth

===========================================================================================
----------------- testing Thu Jul 11 04:54:30 UTC 2019 /home/travis/build/icyphy/ptII/ptolemy/actor/lib/test/auto/NilToken.xml
----------------- Instantiating /home/travis/build/icyphy/ptII/ptolemy/actor/lib/test/auto/NilToken.xml
1 ms. Memory: 588800K Free: 257255K (44%)
----------------- Invoking toplevel() on ptolemy.moml.MoMLSimpleApplication@29edec8c
----------------- Done invoking toplevel() on ptolemy.moml.MoMLSimpleApplication@29edec8c
reloadAllAccessors: .NilToken

===========================================================================================
----------------- testing Thu Jul 11 04:54:30 UTC 2019 /home/travis/build/icyphy/ptII/ptolemy/actor/lib/test/auto/NilTokenNonStrictTest.xml
----------------- Instantiating /home/travis/build/icyphy/ptII/ptolemy/actor/lib/test/auto/NilTokenNonStrictTest.xml
2 ms. Memory: 588800K Free: 252645K (43%)
----------------- Invoking toplevel() on ptolemy.moml.MoMLSimpleApplication@21a5dd69
----------------- Done invoking toplevel() on ptolemy.moml.MoMLSimpleApplication@21a5dd69
reloadAllAccessors: .NilTokenNonStrictTest

===========================================================================================
----------------- testing Thu Jul 11 04:54:30 UTC 2019 /home/travis/build/icyphy/ptII/ptolemy/actor/lib/test/auto/NilTokenRecord.xml
----------------- Instantiating /home/travis/build/icyphy/ptII/ptolemy/actor/lib/test/auto/NilTokenRecord.xml
6 ms. Memory: 588800K Free: 245991K (42%)
----------------- Invoking toplevel() on ptolemy.moml.MoMLSimpleApplication@6f3cfc2b
----------------- Done invoking toplevel() on ptolemy.moml.MoMLSimpleApplication@6f3cfc2b
reloadAllAccessors: .NilTokenRecord

===========================================================================================
----------------- testing Thu Jul 11 04:54:30 UTC 2019 /home/travis/build/icyphy/ptII/ptolemy/actor/lib/test/auto/NilTokenTypeTest.xml
----------------- Instantiating /home/travis/build/icyphy/ptII/ptolemy/actor/lib/test/auto/NilTokenTypeTest.xml
11 ms. Memory: 588800K Free: 236261K (40%)
----------------- Invoking toplevel() on ptolemy.moml.MoMLSimpleApplication@5bae54cc
----------------- Done invoking toplevel() on ptolemy.moml.MoMLSimpleApplication@5bae54cc
reloadAllAccessors: .NilTokenTypeTest

===========================================================================================
----------------- testing Thu Jul 11 04:54:30 UTC 2019 /home/travis/build/icyphy/ptII/ptolemy/actor/lib/test/auto/ObjectToken1.xml
----------------- Instantiating /home/travis/build/icyphy/ptII/ptolemy/actor/lib/test/auto/ObjectToken1.xml
2 ms. Memory: 588800K Free: 232165K (39%)
----------------- Invoking toplevel() on ptolemy.moml.MoMLSimpleApplication@26c90897
----------------- Done invoking toplevel() on ptolemy.moml.MoMLSimpleApplication@26c90897
reloadAllAccessors: .ObjectToken1

===========================================================================================
----------------- testing Thu Jul 11 04:54:31 UTC 2019 /home/travis/build/icyphy/ptII/ptolemy/actor/lib/test/auto/OrderedMerge.xml
----------------- Instantiating /home/travis/build/icyphy/ptII/ptolemy/actor/lib/test/auto/OrderedMerge.xml
12 ms. Memory: 588800K Free: 226535K (38%)
----------------- Invoking toplevel() on ptolemy.moml.MoMLSimpleApplication@39348fce
----------------- Done invoking toplevel() on ptolemy.moml.MoMLSimpleApplication@39348fce
reloadAllAccessors: .OrderedMerge

===========================================================================================
----------------- testing Thu Jul 11 04:54:31 UTC 2019 /home/travis/build/icyphy/ptII/ptolemy/actor/lib/test/auto/OrderedRecordDisassembler.xml
----------------- Instantiating /home/travis/build/icyphy/ptII/ptolemy/actor/lib/test/auto/OrderedRecordDisassembler.xml
2 ms. Memory: 588800K Free: 221415K (38%)
----------------- Invoking toplevel() on ptolemy.moml.MoMLSimpleApplication@12197e85
----------------- Done invoking toplevel() on ptolemy.moml.MoMLSimpleApplication@12197e85
reloadAllAccessors: .OrderedRecordDisassembler

===========================================================================================
----------------- testing Thu Jul 11 04:54:31 UTC 2019 /home/travis/build/icyphy/ptII/ptolemy/actor/lib/test/auto/OrderedRecordDisassembler2.xml
----------------- Instantiating /home/travis/build/icyphy/ptII/ptolemy/actor/lib/test/auto/OrderedRecordDisassembler2.xml
4 ms. Memory: 588800K Free: 213719K (36%)
----------------- Invoking toplevel() on ptolemy.moml.MoMLSimpleApplication@4c64140c
----------------- Done invoking toplevel() on ptolemy.moml.MoMLSimpleApplication@4c64140c
reloadAllAccessors: .OrderedRecordDisassembler2

===========================================================================================
----------------- testing Thu Jul 11 04:54:31 UTC 2019 /home/travis/build/icyphy/ptII/ptolemy/actor/lib/test/auto/OrderedRecordUpdater.xml
----------------- Instantiating /home/travis/build/icyphy/ptII/ptolemy/actor/lib/test/auto/OrderedRecordUpdater.xml
2 ms. Memory: 588800K Free: 208613K (35%)
----------------- Invoking toplevel() on ptolemy.moml.MoMLSimpleApplication@1e71966b
----------------- Done invoking toplevel() on ptolemy.moml.MoMLSimpleApplication@1e71966b
reloadAllAccessors: .RecordUpdater

===========================================================================================
----------------- testing Thu Jul 11 04:54:31 UTC 2019 /home/travis/build/icyphy/ptII/ptolemy/actor/lib/test/auto/OrderedRecordUpdater2.xml
----------------- Instantiating /home/travis/build/icyphy/ptII/ptolemy/actor/lib/test/auto/OrderedRecordUpdater2.xml
3 ms. Memory: 588800K Free: 203493K (35%)
----------------- Invoking toplevel() on ptolemy.moml.MoMLSimpleApplication@61a25903
----------------- Done invoking toplevel() on ptolemy.moml.MoMLSimpleApplication@61a25903
reloadAllAccessors: .RecordUpdater2

===========================================================================================
----------------- testing Thu Jul 11 04:54:31 UTC 2019 /home/travis/build/icyphy/ptII/ptolemy/actor/lib/test/auto/PhaseUnwrap.xml
----------------- Instantiating /home/travis/build/icyphy/ptII/ptolemy/actor/lib/test/auto/PhaseUnwrap.xml
2 ms. Memory: 588800K Free: 198887K (34%)
----------------- Invoking toplevel() on ptolemy.moml.MoMLSimpleApplication@62782385
----------------- Done invoking toplevel() on ptolemy.moml.MoMLSimpleApplication@62782385
reloadAllAccessors: .PhaseUnwrap

===========================================================================================
----------------- testing Thu Jul 11 04:54:31 UTC 2019 /home/travis/build/icyphy/ptII/ptolemy/actor/lib/test/auto/PoissonClock.xml
----------------- Instantiating /home/travis/build/icyphy/ptII/ptolemy/actor/lib/test/auto/PoissonClock.xml
2 ms. Memory: 588800K Free: 194277K (33%)
----------------- Invoking toplevel() on ptolemy.moml.MoMLSimpleApplication@69ac30e4
----------------- Done invoking toplevel() on ptolemy.moml.MoMLSimpleApplication@69ac30e4
reloadAllAccessors: .PoissonClock

===========================================================================================
----------------- testing Thu Jul 11 04:54:31 UTC 2019 /home/travis/build/icyphy/ptII/ptolemy/actor/lib/test/auto/PoissonClock2.xml
----------------- Instantiating /home/travis/build/icyphy/ptII/ptolemy/actor/lib/test/auto/PoissonClock2.xml
1 ms. Memory: 588800K Free: 189671K (32%)
----------------- Invoking toplevel() on ptolemy.moml.MoMLSimpleApplication@2135f2a2
----------------- Done invoking toplevel() on ptolemy.moml.MoMLSimpleApplication@2135f2a2
reloadAllAccessors: .PoissonClock2

===========================================================================================
----------------- testing Thu Jul 11 04:54:31 UTC 2019 /home/travis/build/icyphy/ptII/ptolemy/actor/lib/test/auto/PoissonClock3.xml
----------------- Instantiating /home/travis/build/icyphy/ptII/ptolemy/actor/lib/test/auto/PoissonClock3.xml
1 ms. Memory: 588800K Free: 534843K (91%)
----------------- Invoking toplevel() on ptolemy.moml.MoMLSimpleApplication@7c958ec0
----------------- Done invoking toplevel() on ptolemy.moml.MoMLSimpleApplication@7c958ec0
reloadAllAccessors: .PoissonClock3

===========================================================================================
----------------- testing Thu Jul 11 04:54:31 UTC 2019 /home/travis/build/icyphy/ptII/ptolemy/actor/lib/test/auto/PubSubWithInitialTokens.xml
----------------- Instantiating /home/travis/build/icyphy/ptII/ptolemy/actor/lib/test/auto/PubSubWithInitialTokens.xml
2 ms. Memory: 588800K Free: 529213K (90%)
----------------- Invoking toplevel() on ptolemy.moml.MoMLSimpleApplication@1131932d
----------------- Done invoking toplevel() on ptolemy.moml.MoMLSimpleApplication@1131932d
reloadAllAccessors: .PubSubWithInitialTokens

===========================================================================================
----------------- testing Thu Jul 11 04:54:31 UTC 2019 /home/travis/build/icyphy/ptII/ptolemy/actor/lib/test/auto/PubSubWithInitialTokens2.xml
----------------- Instantiating /home/travis/build/icyphy/ptII/ptolemy/actor/lib/test/auto/PubSubWithInitialTokens2.xml
2 ms. Memory: 588800K Free: 523069K (89%)
----------------- Invoking toplevel() on ptolemy.moml.MoMLSimpleApplication@3f557a73
----------------- Done invoking toplevel() on ptolemy.moml.MoMLSimpleApplication@3f557a73
reloadAllAccessors: .PubSubWithInitialTokens2

===========================================================================================
----------------- testing Thu Jul 11 04:54:31 UTC 2019 /home/travis/build/icyphy/ptII/ptolemy/actor/lib/test/auto/PublisherClassNoParameter.xml
----------------- Instantiating /home/travis/build/icyphy/ptII/ptolemy/actor/lib/test/auto/PublisherClassNoParameter.xml
2 ms. Memory: 588800K Free: 512829K (87%)
----------------- Invoking toplevel() on ptolemy.moml.MoMLSimpleApplication@3de67327
----------------- Done invoking toplevel() on ptolemy.moml.MoMLSimpleApplication@3de67327
reloadAllAccessors: .PublisherClassNoParameter

===========================================================================================
----------------- testing Thu Jul 11 04:54:31 UTC 2019 /home/travis/build/icyphy/ptII/ptolemy/actor/lib/test/auto/PublisherClassParameter.xml
----------------- Instantiating /home/travis/build/icyphy/ptII/ptolemy/actor/lib/test/auto/PublisherClassParameter.xml
2 ms. Memory: 588800K Free: 502589K (85%)
----------------- Invoking toplevel() on ptolemy.moml.MoMLSimpleApplication@2f1c7718
----------------- Done invoking toplevel() on ptolemy.moml.MoMLSimpleApplication@2f1c7718
reloadAllAccessors: .PublisherClassParameter

===========================================================================================
----------------- testing Thu Jul 11 04:54:31 UTC 2019 /home/travis/build/icyphy/ptII/ptolemy/actor/lib/test/auto/PublisherNonStrictTest.xml
----------------- Instantiating /home/travis/build/icyphy/ptII/ptolemy/actor/lib/test/auto/PublisherNonStrictTest.xml
3 ms. Memory: 588800K Free: 494901K (84%)
----------------- Invoking toplevel() on ptolemy.moml.MoMLSimpleApplication@1a9d4de
----------------- Done invoking toplevel() on ptolemy.moml.MoMLSimpleApplication@1a9d4de
reloadAllAccessors: .PublisherNonStrictTest

===========================================================================================
----------------- testing Thu Jul 11 04:54:31 UTC 2019 /home/travis/build/icyphy/ptII/ptolemy/actor/lib/test/auto/PublisherPort1.xml
----------------- Instantiating /home/travis/build/icyphy/ptII/ptolemy/actor/lib/test/auto/PublisherPort1.xml
16 ms. Memory: 588800K Free: 489277K (83%)
----------------- Invoking toplevel() on ptolemy.moml.MoMLSimpleApplication@4335bc5d
----------------- Done invoking toplevel() on ptolemy.moml.MoMLSimpleApplication@4335bc5d
reloadAllAccessors: .PublisherPort1

===========================================================================================
----------------- testing Thu Jul 11 04:54:31 UTC 2019 /home/travis/build/icyphy/ptII/ptolemy/actor/lib/test/auto/PublisherPort2.xml
----------------- Instantiating /home/travis/build/icyphy/ptII/ptolemy/actor/lib/test/auto/PublisherPort2.xml
2 ms. Memory: 588800K Free: 484157K (82%)
----------------- Invoking toplevel() on ptolemy.moml.MoMLSimpleApplication@6f8c62bd
----------------- Done invoking toplevel() on ptolemy.moml.MoMLSimpleApplication@6f8c62bd
reloadAllAccessors: .PublisherPort2

===========================================================================================
----------------- testing Thu Jul 11 04:54:31 UTC 2019 /home/travis/build/icyphy/ptII/ptolemy/actor/lib/test/auto/PublisherPort3.xml
----------------- Instantiating /home/travis/build/icyphy/ptII/ptolemy/actor/lib/test/auto/PublisherPort3.xml
3 ms. Memory: 588800K Free: 477469K (81%)
----------------- Invoking toplevel() on ptolemy.moml.MoMLSimpleApplication@5e7824f3
----------------- Done invoking toplevel() on ptolemy.moml.MoMLSimpleApplication@5e7824f3
reloadAllAccessors: .PublisherPort3

===========================================================================================
----------------- testing Thu Jul 11 04:54:31 UTC 2019 /home/travis/build/icyphy/ptII/ptolemy/actor/lib/test/auto/PublisherPort4.xml
----------------- Instantiating /home/travis/build/icyphy/ptII/ptolemy/actor/lib/test/auto/PublisherPort4.xml
3 ms. Memory: 588800K Free: 471869K (80%)
----------------- Invoking toplevel() on ptolemy.moml.MoMLSimpleApplication@3149267d
----------------- Done invoking toplevel() on ptolemy.moml.MoMLSimpleApplication@3149267d
reloadAllAccessors: .PublisherPort4

===========================================================================================
----------------- testing Thu Jul 11 04:54:31 UTC 2019 /home/travis/build/icyphy/ptII/ptolemy/actor/lib/test/auto/PublisherPort5.xml
----------------- Instantiating /home/travis/build/icyphy/ptII/ptolemy/actor/lib/test/auto/PublisherPort5.xml
4 ms. Memory: 588800K Free: 464187K (79%)
----------------- Invoking toplevel() on ptolemy.moml.MoMLSimpleApplication@637fa3bb
----------------- Done invoking toplevel() on ptolemy.moml.MoMLSimpleApplication@637fa3bb
reloadAllAccessors: .PublisherPort5

===========================================================================================
----------------- testing Thu Jul 11 04:54:31 UTC 2019 /home/travis/build/icyphy/ptII/ptolemy/actor/lib/test/auto/PublisherPort5LookAlike.xml
----------------- Instantiating /home/travis/build/icyphy/ptII/ptolemy/actor/lib/test/auto/PublisherPort5LookAlike.xml
8 ms. Memory: 588800K Free: 456509K (78%)
----------------- Invoking toplevel() on ptolemy.moml.MoMLSimpleApplication@5ebb2ec
----------------- Done invoking toplevel() on ptolemy.moml.MoMLSimpleApplication@5ebb2ec
reloadAllAccessors: .PublisherPort5LookAlike

===========================================================================================
----------------- testing Thu Jul 11 04:54:31 UTC 2019 /home/travis/build/icyphy/ptII/ptolemy/actor/lib/test/auto/PublisherPort6.xml
----------------- Instantiating /home/travis/build/icyphy/ptII/ptolemy/actor/lib/test/auto/PublisherPort6.xml
2 ms. Memory: 588800K Free: 449851K (76%)
----------------- Invoking toplevel() on ptolemy.moml.MoMLSimpleApplication@7ed0de5b
----------------- Done invoking toplevel() on ptolemy.moml.MoMLSimpleApplication@7ed0de5b
reloadAllAccessors: .PublisherPort6

===========================================================================================
----------------- testing Thu Jul 11 04:54:31 UTC 2019 /home/travis/build/icyphy/ptII/ptolemy/actor/lib/test/auto/PublisherPort7.xml
----------------- Instantiating /home/travis/build/icyphy/ptII/ptolemy/actor/lib/test/auto/PublisherPort7.xml
3 ms. Memory: 588800K Free: 442173K (75%)
----------------- Invoking toplevel() on ptolemy.moml.MoMLSimpleApplication@5220c369
----------------- Done invoking toplevel() on ptolemy.moml.MoMLSimpleApplication@5220c369
reloadAllAccessors: .PublisherPort7

===========================================================================================
----------------- testing Thu Jul 11 04:54:31 UTC 2019 /home/travis/build/icyphy/ptII/ptolemy/actor/lib/test/auto/PublisherPort8.xml
----------------- Instantiating /home/travis/build/icyphy/ptII/ptolemy/actor/lib/test/auto/PublisherPort8.xml
5 ms. Memory: 588800K Free: 433467K (74%)
----------------- Invoking toplevel() on ptolemy.moml.MoMLSimpleApplication@3a97d9b5
----------------- Done invoking toplevel() on ptolemy.moml.MoMLSimpleApplication@3a97d9b5
reloadAllAccessors: .PublisherPort8

===========================================================================================
----------------- testing Thu Jul 11 04:54:31 UTC 2019 /home/travis/build/icyphy/ptII/ptolemy/actor/lib/test/auto/PublisherPortSubscriberChannelVariablesAOC2.xml
----------------- Instantiating /home/travis/build/icyphy/ptII/ptolemy/actor/lib/test/auto/PublisherPortSubscriberChannelVariablesAOC2.xml
3 ms. Memory: 588800K Free: 416059K (71%)
----------------- Invoking toplevel() on ptolemy.moml.MoMLSimpleApplication@6512fa11
----------------- Done invoking toplevel() on ptolemy.moml.MoMLSimpleApplication@6512fa11
reloadAllAccessors: .PublisherPortSubscriberChannelVariablesAOC2

===========================================================================================
----------------- testing Thu Jul 11 04:54:31 UTC 2019 /home/travis/build/icyphy/ptII/ptolemy/actor/lib/test/auto/PublisherPortSubscriberOpaqueWidthInference.xml
----------------- Instantiating /home/travis/build/icyphy/ptII/ptolemy/actor/lib/test/auto/PublisherPortSubscriberOpaqueWidthInference.xml
4 ms. Memory: 588800K Free: 408381K (69%)
----------------- Invoking toplevel() on ptolemy.moml.MoMLSimpleApplication@3fee99b6
----------------- Done invoking toplevel() on ptolemy.moml.MoMLSimpleApplication@3fee99b6
reloadAllAccessors: .PublisherPortSubscriberOpaqueWidthInference

===========================================================================================
----------------- testing Thu Jul 11 04:54:31 UTC 2019 /home/travis/build/icyphy/ptII/ptolemy/actor/lib/test/auto/PublisherPortSubscriberPortAdjacent.xml
----------------- Instantiating /home/travis/build/icyphy/ptII/ptolemy/actor/lib/test/auto/PublisherPortSubscriberPortAdjacent.xml
6 ms. Memory: 588800K Free: 400189K (68%)
----------------- Invoking toplevel() on ptolemy.moml.MoMLSimpleApplication@260ce590
----------------- Done invoking toplevel() on ptolemy.moml.MoMLSimpleApplication@260ce590
reloadAllAccessors: .PublisherPortSubscriberPortAdjacent

===========================================================================================
----------------- testing Thu Jul 11 04:54:31 UTC 2019 /home/travis/build/icyphy/ptII/ptolemy/actor/lib/test/auto/PublisherPortSubscriberPortExpression.xml
----------------- Instantiating /home/travis/build/icyphy/ptII/ptolemy/actor/lib/test/auto/PublisherPortSubscriberPortExpression.xml
4 ms. Memory: 588800K Free: 392493K (67%)
----------------- Invoking toplevel() on ptolemy.moml.MoMLSimpleApplication@2be517f8
----------------- Done invoking toplevel() on ptolemy.moml.MoMLSimpleApplication@2be517f8
reloadAllAccessors: .PublisherPortSubscriberPortExpression

===========================================================================================
----------------- testing Thu Jul 11 04:54:31 UTC 2019 /home/travis/build/icyphy/ptII/ptolemy/actor/lib/test/auto/PublisherPortSubscriberPortOpaqueD3Reverse.xml
----------------- Instantiating /home/travis/build/icyphy/ptII/ptolemy/actor/lib/test/auto/PublisherPortSubscriberPortOpaqueD3Reverse.xml
6 ms. Memory: 588800K Free: 382267K (65%)
----------------- Invoking toplevel() on ptolemy.moml.MoMLSimpleApplication@7071ecbd
----------------- Done invoking toplevel() on ptolemy.moml.MoMLSimpleApplication@7071ecbd
reloadAllAccessors: .PublisherPortSubscriberPortOpaqueD3Reverse

===========================================================================================
----------------- testing Thu Jul 11 04:54:31 UTC 2019 /home/travis/build/icyphy/ptII/ptolemy/actor/lib/test/auto/PublisherPortSubscriberPortOpaqueWidthInference.xml
----------------- Instantiating /home/travis/build/icyphy/ptII/ptolemy/actor/lib/test/auto/PublisherPortSubscriberPortOpaqueWidthInference.xml
4 ms. Memory: 588800K Free: 374589K (64%)
----------------- Invoking toplevel() on ptolemy.moml.MoMLSimpleApplication@77bb4c8c
----------------- Done invoking toplevel() on ptolemy.moml.MoMLSimpleApplication@77bb4c8c
reloadAllAccessors: .PublisherPortSubscriberPortOpaqueWidthInference

===========================================================================================
----------------- testing Thu Jul 11 04:54:31 UTC 2019 /home/travis/build/icyphy/ptII/ptolemy/actor/lib/test/auto/PublisherPortToplevelSubscriberPortAOC.xml
----------------- Instantiating /home/travis/build/icyphy/ptII/ptolemy/actor/lib/test/auto/PublisherPortToplevelSubscriberPortAOC.xml
.PublisherPortToplevelSubscriberPortAOC.TestExceptionAttribute: initialize() was not invoked, but wrapup() was.  This is unusual, but not always a problem.  For example, exporting JNLP will do this.
1 ms. Memory: 588800K Free: 368955K (63%)
----------------- Invoking toplevel() on ptolemy.moml.MoMLSimpleApplication@7f192c7f
----------------- Done invoking toplevel() on ptolemy.moml.MoMLSimpleApplication@7f192c7f
reloadAllAccessors: .PublisherPortToplevelSubscriberPortAOC

===========================================================================================
----------------- testing Thu Jul 11 04:54:31 UTC 2019 /home/travis/build/icyphy/ptII/ptolemy/actor/lib/test/auto/PublisherSubscriber.xml
----------------- Instantiating /home/travis/build/icyphy/ptII/ptolemy/actor/lib/test/auto/PublisherSubscriber.xml
3 ms. Memory: 588800K Free: 361757K (61%)
----------------- Invoking toplevel() on ptolemy.moml.MoMLSimpleApplication@7bf727b8
----------------- Done invoking toplevel() on ptolemy.moml.MoMLSimpleApplication@7bf727b8
reloadAllAccessors: .PublisherSubscriber

===========================================================================================
----------------- testing Thu Jul 11 04:54:31 UTC 2019 /home/travis/build/icyphy/ptII/ptolemy/actor/lib/test/auto/PublisherSubscriber10.xml
----------------- Instantiating /home/travis/build/icyphy/ptII/ptolemy/actor/lib/test/auto/PublisherSubscriber10.xml
7 ms. Memory: 588800K Free: 352061K (60%)
----------------- Invoking toplevel() on ptolemy.moml.MoMLSimpleApplication@148193e
----------------- Done invoking toplevel() on ptolemy.moml.MoMLSimpleApplication@148193e
reloadAllAccessors: .PublisherSubscriber10

===========================================================================================
----------------- testing Thu Jul 11 04:54:31 UTC 2019 /home/travis/build/icyphy/ptII/ptolemy/actor/lib/test/auto/PublisherSubscriber10InitialOutputs.xml
----------------- Instantiating /home/travis/build/icyphy/ptII/ptolemy/actor/lib/test/auto/PublisherSubscriber10InitialOutputs.xml
18 ms. Memory: 588800K Free: 342331K (58%)
----------------- Invoking toplevel() on ptolemy.moml.MoMLSimpleApplication@4570d313
----------------- Done invoking toplevel() on ptolemy.moml.MoMLSimpleApplication@4570d313
reloadAllAccessors: .PublisherSubscriber10InitialOutputs

===========================================================================================
----------------- testing Thu Jul 11 04:54:31 UTC 2019 /home/travis/build/icyphy/ptII/ptolemy/actor/lib/test/auto/PublisherSubscriber11.xml
----------------- Instantiating /home/travis/build/icyphy/ptII/ptolemy/actor/lib/test/auto/PublisherSubscriber11.xml
3 ms. Memory: 588800K Free: 336173K (57%)
----------------- Invoking toplevel() on ptolemy.moml.MoMLSimpleApplication@69eee43e
----------------- Done invoking toplevel() on ptolemy.moml.MoMLSimpleApplication@69eee43e
reloadAllAccessors: .PublisherSubscriber11

===========================================================================================
----------------- testing Thu Jul 11 04:54:31 UTC 2019 /home/travis/build/icyphy/ptII/ptolemy/actor/lib/test/auto/PublisherSubscriber12.xml
----------------- Instantiating /home/travis/build/icyphy/ptII/ptolemy/actor/lib/test/auto/PublisherSubscriber12.xml
9 ms. Memory: 588800K Free: 329533K (56%)
----------------- Invoking toplevel() on ptolemy.moml.MoMLSimpleApplication@baa7c2f
----------------- Done invoking toplevel() on ptolemy.moml.MoMLSimpleApplication@baa7c2f
reloadAllAccessors: .PublisherSubscriber12

===========================================================================================
----------------- testing Thu Jul 11 04:54:31 UTC 2019 /home/travis/build/icyphy/ptII/ptolemy/actor/lib/test/auto/PublisherSubscriber13.xml
----------------- Instantiating /home/travis/build/icyphy/ptII/ptolemy/actor/lib/test/auto/PublisherSubscriber13.xml
2 ms. Memory: 588800K Free: 323885K (55%)
----------------- Invoking toplevel() on ptolemy.moml.MoMLSimpleApplication@77ff44ba
----------------- Done invoking toplevel() on ptolemy.moml.MoMLSimpleApplication@77ff44ba
reloadAllAccessors: .PublisherSubscriber13

===========================================================================================
----------------- testing Thu Jul 11 04:54:31 UTC 2019 /home/travis/build/icyphy/ptII/ptolemy/actor/lib/test/auto/PublisherSubscriber14.xml
----------------- Instantiating /home/travis/build/icyphy/ptII/ptolemy/actor/lib/test/auto/PublisherSubscriber14.xml
4 ms. Memory: 588800K Free: 315197K (54%)
----------------- Invoking toplevel() on ptolemy.moml.MoMLSimpleApplication@1d048328
----------------- Done invoking toplevel() on ptolemy.moml.MoMLSimpleApplication@1d048328
reloadAllAccessors: .PublisherSubscriber14

===========================================================================================
----------------- testing Thu Jul 11 04:54:31 UTC 2019 /home/travis/build/icyphy/ptII/ptolemy/actor/lib/test/auto/PublisherSubscriber2.xml
----------------- Instantiating /home/travis/build/icyphy/ptII/ptolemy/actor/lib/test/auto/PublisherSubscriber2.xml
7 ms. Memory: 588800K Free: 309549K (53%)
----------------- Invoking toplevel() on ptolemy.moml.MoMLSimpleApplication@561f05dc
----------------- Done invoking toplevel() on ptolemy.moml.MoMLSimpleApplication@561f05dc
reloadAllAccessors: .PublisherSubscriber2

===========================================================================================
----------------- testing Thu Jul 11 04:54:31 UTC 2019 /home/travis/build/icyphy/ptII/ptolemy/actor/lib/test/auto/PublisherSubscriber3.xml
----------------- Instantiating /home/travis/build/icyphy/ptII/ptolemy/actor/lib/test/auto/PublisherSubscriber3.xml
2 ms. Memory: 588800K Free: 303933K (52%)
----------------- Invoking toplevel() on ptolemy.moml.MoMLSimpleApplication@486f5a35
----------------- Done invoking toplevel() on ptolemy.moml.MoMLSimpleApplication@486f5a35
reloadAllAccessors: .PublisherSubscriber3

===========================================================================================
----------------- testing Thu Jul 11 04:54:31 UTC 2019 /home/travis/build/icyphy/ptII/ptolemy/actor/lib/test/auto/PublisherSubscriber4.xml
----------------- Instantiating /home/travis/build/icyphy/ptII/ptolemy/actor/lib/test/auto/PublisherSubscriber4.xml
3 ms. Memory: 588800K Free: 298813K (51%)
----------------- Invoking toplevel() on ptolemy.moml.MoMLSimpleApplication@39455936
----------------- Done invoking toplevel() on ptolemy.moml.MoMLSimpleApplication@39455936
reloadAllAccessors: .PublisherSubscriber4

===========================================================================================
----------------- testing Thu Jul 11 04:54:31 UTC 2019 /home/travis/build/icyphy/ptII/ptolemy/actor/lib/test/auto/PublisherSubscriber5.xml
----------------- Instantiating /home/travis/build/icyphy/ptII/ptolemy/actor/lib/test/auto/PublisherSubscriber5.xml
2 ms. Memory: 588800K Free: 291645K (50%)
----------------- Invoking toplevel() on ptolemy.moml.MoMLSimpleApplication@1af00a2f
----------------- Done invoking toplevel() on ptolemy.moml.MoMLSimpleApplication@1af00a2f
reloadAllAccessors: .PublisherSubscriber5

===========================================================================================
----------------- testing Thu Jul 11 04:54:32 UTC 2019 /home/travis/build/icyphy/ptII/ptolemy/actor/lib/test/auto/PublisherSubscriber6.xml
----------------- Instantiating /home/travis/build/icyphy/ptII/ptolemy/actor/lib/test/auto/PublisherSubscriber6.xml
4 ms. Memory: 588800K Free: 284973K (48%)
----------------- Invoking toplevel() on ptolemy.moml.MoMLSimpleApplication@1b86d53
----------------- Done invoking toplevel() on ptolemy.moml.MoMLSimpleApplication@1b86d53
reloadAllAccessors: .PublisherSubscriber6

===========================================================================================
----------------- testing Thu Jul 11 04:54:32 UTC 2019 /home/travis/build/icyphy/ptII/ptolemy/actor/lib/test/auto/PublisherSubscriber7.xml
----------------- Instantiating /home/travis/build/icyphy/ptII/ptolemy/actor/lib/test/auto/PublisherSubscriber7.xml
8 ms. Memory: 588800K Free: 278333K (47%)
----------------- Invoking toplevel() on ptolemy.moml.MoMLSimpleApplication@6567f01b
----------------- Done invoking toplevel() on ptolemy.moml.MoMLSimpleApplication@6567f01b
reloadAllAccessors: .PublisherSubscriber7

===========================================================================================
----------------- testing Thu Jul 11 04:54:32 UTC 2019 /home/travis/build/icyphy/ptII/ptolemy/actor/lib/test/auto/PublisherSubscriber8.xml
----------------- Instantiating /home/travis/build/icyphy/ptII/ptolemy/actor/lib/test/auto/PublisherSubscriber8.xml
23 ms. Memory: 588800K Free: 266555K (45%)
----------------- Invoking toplevel() on ptolemy.moml.MoMLSimpleApplication@7026e675
----------------- Done invoking toplevel() on ptolemy.moml.MoMLSimpleApplication@7026e675
reloadAllAccessors: .PublisherSubscriber8

===========================================================================================
----------------- testing Thu Jul 11 04:54:32 UTC 2019 /home/travis/build/icyphy/ptII/ptolemy/actor/lib/test/auto/PublisherSubscriber9.xml
----------------- Instantiating /home/travis/build/icyphy/ptII/ptolemy/actor/lib/test/auto/PublisherSubscriber9.xml
3 ms. Memory: 588800K Free: 259373K (44%)
----------------- Invoking toplevel() on ptolemy.moml.MoMLSimpleApplication@1ea3b450
----------------- Done invoking toplevel() on ptolemy.moml.MoMLSimpleApplication@1ea3b450
reloadAllAccessors: .PublisherSubscriber9

===========================================================================================
----------------- testing Thu Jul 11 04:54:32 UTC 2019 /home/travis/build/icyphy/ptII/ptolemy/actor/lib/test/auto/PublisherSubscriberAdjacent.xml
----------------- Instantiating /home/travis/build/icyphy/ptII/ptolemy/actor/lib/test/auto/PublisherSubscriberAdjacent.xml
2 ms. Memory: 588800K Free: 251195K (43%)
----------------- Invoking toplevel() on ptolemy.moml.MoMLSimpleApplication@2e7a41aa
----------------- Done invoking toplevel() on ptolemy.moml.MoMLSimpleApplication@2e7a41aa
reloadAllAccessors: .PublisherSubscriberAdjacent

===========================================================================================
----------------- testing Thu Jul 11 04:54:32 UTC 2019 /home/travis/build/icyphy/ptII/ptolemy/actor/lib/test/auto/PublisherSubscriberChannelVariablesAOC2.xml
----------------- Instantiating /home/travis/build/icyphy/ptII/ptolemy/actor/lib/test/auto/PublisherSubscriberChannelVariablesAOC2.xml
3 ms. Memory: 588800K Free: 236349K (40%)
----------------- Invoking toplevel() on ptolemy.moml.MoMLSimpleApplication@9cba962
----------------- Done invoking toplevel() on ptolemy.moml.MoMLSimpleApplication@9cba962
reloadAllAccessors: .PublisherSubscriberChannelVariablesAOC2

===========================================================================================
----------------- testing Thu Jul 11 04:54:32 UTC 2019 /home/travis/build/icyphy/ptII/ptolemy/actor/lib/test/auto/PublisherSubscriberD3.xml
----------------- Instantiating /home/travis/build/icyphy/ptII/ptolemy/actor/lib/test/auto/PublisherSubscriberD3.xml
2 ms. Memory: 588800K Free: 228667K (39%)
----------------- Invoking toplevel() on ptolemy.moml.MoMLSimpleApplication@4c46f2e0
----------------- Done invoking toplevel() on ptolemy.moml.MoMLSimpleApplication@4c46f2e0
reloadAllAccessors: .PublisherSubscriberD3

===========================================================================================
----------------- testing Thu Jul 11 04:54:32 UTC 2019 /home/travis/build/icyphy/ptII/ptolemy/actor/lib/test/auto/PublisherSubscriberD3Reverse.xml
----------------- Instantiating /home/travis/build/icyphy/ptII/ptolemy/actor/lib/test/auto/PublisherSubscriberD3Reverse.xml
2 ms. Memory: 588800K Free: 222523K (38%)
----------------- Invoking toplevel() on ptolemy.moml.MoMLSimpleApplication@5fe564a9
----------------- Done invoking toplevel() on ptolemy.moml.MoMLSimpleApplication@5fe564a9
reloadAllAccessors: .PublisherSubscriberD3Reverse

===========================================================================================
----------------- testing Thu Jul 11 04:54:32 UTC 2019 /home/travis/build/icyphy/ptII/ptolemy/actor/lib/test/auto/PublisherSubscriberExpression.xml
----------------- Instantiating /home/travis/build/icyphy/ptII/ptolemy/actor/lib/test/auto/PublisherSubscriberExpression.xml
3 ms. Memory: 588800K Free: 214317K (36%)
----------------- Invoking toplevel() on ptolemy.moml.MoMLSimpleApplication@6c9a8a58
----------------- Done invoking toplevel() on ptolemy.moml.MoMLSimpleApplication@6c9a8a58
reloadAllAccessors: .PublisherSubscriberExpression

===========================================================================================
----------------- testing Thu Jul 11 04:54:32 UTC 2019 /home/travis/build/icyphy/ptII/ptolemy/actor/lib/test/auto/PublisherSubscriberOpaque.xml
----------------- Instantiating /home/travis/build/icyphy/ptII/ptolemy/actor/lib/test/auto/PublisherSubscriberOpaque.xml
3 ms. Memory: 588800K Free: 206139K (35%)
----------------- Invoking toplevel() on ptolemy.moml.MoMLSimpleApplication@19eacc34
----------------- Done invoking toplevel() on ptolemy.moml.MoMLSimpleApplication@19eacc34
reloadAllAccessors: .PublisherSubscriberOpaque

===========================================================================================
----------------- testing Thu Jul 11 04:54:32 UTC 2019 /home/travis/build/icyphy/ptII/ptolemy/actor/lib/test/auto/PublisherSubscriberOpaqueD3.xml
----------------- Instantiating /home/travis/build/icyphy/ptII/ptolemy/actor/lib/test/auto/PublisherSubscriberOpaqueD3.xml
5 ms. Memory: 588800K Free: 194875K (33%)
----------------- Invoking toplevel() on ptolemy.moml.MoMLSimpleApplication@8be8cc3
----------------- Done invoking toplevel() on ptolemy.moml.MoMLSimpleApplication@8be8cc3
reloadAllAccessors: .PublisherSubscriberOpaqueD3

===========================================================================================
----------------- testing Thu Jul 11 04:54:32 UTC 2019 /home/travis/build/icyphy/ptII/ptolemy/actor/lib/test/auto/PublisherSubscriberOpaqueD3Reverse.xml
----------------- Instantiating /home/travis/build/icyphy/ptII/ptolemy/actor/lib/test/auto/PublisherSubscriberOpaqueD3Reverse.xml
8 ms. Memory: 588800K Free: 534492K (91%)
----------------- Invoking toplevel() on ptolemy.moml.MoMLSimpleApplication@57a191e1
----------------- Done invoking toplevel() on ptolemy.moml.MoMLSimpleApplication@57a191e1
reloadAllAccessors: .PublisherSubscriberOpaqueD3Reverse

===========================================================================================
----------------- testing Thu Jul 11 04:54:32 UTC 2019 /home/travis/build/icyphy/ptII/ptolemy/actor/lib/test/auto/PublisherSubscriberOpaqueWidthInference.xml
----------------- Instantiating /home/travis/build/icyphy/ptII/ptolemy/actor/lib/test/auto/PublisherSubscriberOpaqueWidthInference.xml
4 ms. Memory: 588800K Free: 525793K (89%)
----------------- Invoking toplevel() on ptolemy.moml.MoMLSimpleApplication@331bf086
----------------- Done invoking toplevel() on ptolemy.moml.MoMLSimpleApplication@331bf086
reloadAllAccessors: .PublisherSubscriberOpaqueWidthInference

===========================================================================================
----------------- testing Thu Jul 11 04:54:32 UTC 2019 /home/travis/build/icyphy/ptII/ptolemy/actor/lib/test/auto/PublisherTestSubscriber.xml
----------------- Instantiating /home/travis/build/icyphy/ptII/ptolemy/actor/lib/test/auto/PublisherTestSubscriber.xml
3 ms. Memory: 588800K Free: 518105K (88%)
----------------- Invoking toplevel() on ptolemy.moml.MoMLSimpleApplication@1979de97
----------------- Done invoking toplevel() on ptolemy.moml.MoMLSimpleApplication@1979de97
reloadAllAccessors: .PublisherTestSubscriber

===========================================================================================
----------------- testing Thu Jul 11 04:54:32 UTC 2019 /home/travis/build/icyphy/ptII/ptolemy/actor/lib/test/auto/PublisherToplevelSubscriberPortAOC.xml
----------------- Instantiating /home/travis/build/icyphy/ptII/ptolemy/actor/lib/test/auto/PublisherToplevelSubscriberPortAOC.xml
1 ms. Memory: 588800K Free: 511937K (87%)
----------------- Invoking toplevel() on ptolemy.moml.MoMLSimpleApplication@7953982f
----------------- Done invoking toplevel() on ptolemy.moml.MoMLSimpleApplication@7953982f
reloadAllAccessors: .PublisherToplevelSubscriberPortAOC

===========================================================================================
----------------- testing Thu Jul 11 04:54:32 UTC 2019 /home/travis/build/icyphy/ptII/ptolemy/actor/lib/test/auto/PulseFiringLimitDE.xml
----------------- Instantiating /home/travis/build/icyphy/ptII/ptolemy/actor/lib/test/auto/PulseFiringLimitDE.xml
2 ms. Memory: 588800K Free: 505823K (86%)
----------------- Invoking toplevel() on ptolemy.moml.MoMLSimpleApplication@65486222
----------------- Done invoking toplevel() on ptolemy.moml.MoMLSimpleApplication@65486222
reloadAllAccessors: .PulseFiringLimitDE

===========================================================================================
----------------- testing Thu Jul 11 04:54:32 UTC 2019 /home/travis/build/icyphy/ptII/ptolemy/actor/lib/test/auto/Ramp1.xml
----------------- Instantiating /home/travis/build/icyphy/ptII/ptolemy/actor/lib/test/auto/Ramp1.xml
1 ms. Memory: 588800K Free: 501713K (85%)
----------------- Invoking toplevel() on ptolemy.moml.MoMLSimpleApplication@269090d1
----------------- Done invoking toplevel() on ptolemy.moml.MoMLSimpleApplication@269090d1
reloadAllAccessors: .Ramp1

===========================================================================================
----------------- testing Thu Jul 11 04:54:32 UTC 2019 /home/travis/build/icyphy/ptII/ptolemy/actor/lib/test/auto/RampFiringLimitDE.xml
----------------- Instantiating /home/travis/build/icyphy/ptII/ptolemy/actor/lib/test/auto/RampFiringLimitDE.xml
3 ms. Memory: 588800K Free: 495073K (84%)
----------------- Invoking toplevel() on ptolemy.moml.MoMLSimpleApplication@6da68f45
----------------- Done invoking toplevel() on ptolemy.moml.MoMLSimpleApplication@6da68f45
reloadAllAccessors: .RampFiringLimitDE

===========================================================================================
----------------- testing Thu Jul 11 04:54:32 UTC 2019 /home/travis/build/icyphy/ptII/ptolemy/actor/lib/test/auto/RampFiringLimitSDF.xml
----------------- Instantiating /home/travis/build/icyphy/ptII/ptolemy/actor/lib/test/auto/RampFiringLimitSDF.xml
2 ms. Memory: 588800K Free: 489953K (83%)
----------------- Invoking toplevel() on ptolemy.moml.MoMLSimpleApplication@591d833
----------------- Done invoking toplevel() on ptolemy.moml.MoMLSimpleApplication@591d833
reloadAllAccessors: .RampFiringLimitSDF

===========================================================================================
----------------- testing Thu Jul 11 04:54:32 UTC 2019 /home/travis/build/icyphy/ptII/ptolemy/actor/lib/test/auto/RandomInteger.xml
----------------- Instantiating /home/travis/build/icyphy/ptII/ptolemy/actor/lib/test/auto/RandomInteger.xml
2 ms. Memory: 588800K Free: 485857K (83%)
----------------- Invoking toplevel() on ptolemy.moml.MoMLSimpleApplication@1f9e2c2d
----------------- Done invoking toplevel() on ptolemy.moml.MoMLSimpleApplication@1f9e2c2d
reloadAllAccessors: .RandomInteger

===========================================================================================
----------------- testing Thu Jul 11 04:54:32 UTC 2019 /home/travis/build/icyphy/ptII/ptolemy/actor/lib/test/auto/ReadFile1.xml
----------------- Instantiating /home/travis/build/icyphy/ptII/ptolemy/actor/lib/test/auto/ReadFile1.xml
1 ms. Memory: 588800K Free: 481241K (82%)
----------------- Invoking toplevel() on ptolemy.moml.MoMLSimpleApplication@6e8ed728
----------------- Done invoking toplevel() on ptolemy.moml.MoMLSimpleApplication@6e8ed728
reloadAllAccessors: .ReadFile1

===========================================================================================
----------------- testing Thu Jul 11 04:54:32 UTC 2019 /home/travis/build/icyphy/ptII/ptolemy/actor/lib/test/auto/ReadFile2.xml
----------------- Instantiating /home/travis/build/icyphy/ptII/ptolemy/actor/lib/test/auto/ReadFile2.xml
1 ms. Memory: 588800K Free: 477151K (81%)
----------------- Invoking toplevel() on ptolemy.moml.MoMLSimpleApplication@2e0f6780
----------------- Done invoking toplevel() on ptolemy.moml.MoMLSimpleApplication@2e0f6780
reloadAllAccessors: .ReadFile2

===========================================================================================
----------------- testing Thu Jul 11 04:54:32 UTC 2019 /home/travis/build/icyphy/ptII/ptolemy/actor/lib/test/auto/Reader.xml
----------------- Instantiating /home/travis/build/icyphy/ptII/ptolemy/actor/lib/test/auto/Reader.xml
actor.lib.Reader is obsolete, use actor.lib.io.ExpressionReader instead
4 ms. Memory: 588800K Free: 472545K (80%)
----------------- Invoking toplevel() on ptolemy.moml.MoMLSimpleApplication@4c0c1852
----------------- Done invoking toplevel() on ptolemy.moml.MoMLSimpleApplication@4c0c1852
reloadAllAccessors: .Reader

===========================================================================================
----------------- testing Thu Jul 11 04:54:32 UTC 2019 /home/travis/build/icyphy/ptII/ptolemy/actor/lib/test/auto/RecordAssemblerDisplayNameTest.xml
----------------- Instantiating /home/travis/build/icyphy/ptII/ptolemy/actor/lib/test/auto/RecordAssemblerDisplayNameTest.xml
3567 ms. Memory: 588800K Free: 350458K (60%)
----------------- Invoking toplevel() on ptolemy.moml.MoMLSimpleApplication@64faa994
----------------- Done invoking toplevel() on ptolemy.moml.MoMLSimpleApplication@64faa994
reloadAllAccessors: .RecordAssemblerDisplayNameTest

===========================================================================================
----------------- testing Thu Jul 11 04:54:36 UTC 2019 /home/travis/build/icyphy/ptII/ptolemy/actor/lib/test/auto/RecordAssemblerTypeError.xml
----------------- Instantiating /home/travis/build/icyphy/ptII/ptolemy/actor/lib/test/auto/RecordAssemblerTypeError.xml
17 ms. Memory: 588800K Free: 341242K (58%)
----------------- Invoking toplevel() on ptolemy.moml.MoMLSimpleApplication@556a30
----------------- Done invoking toplevel() on ptolemy.moml.MoMLSimpleApplication@556a30
reloadAllAccessors: .RecordAssemblerTypeError

===========================================================================================
----------------- testing Thu Jul 11 04:54:36 UTC 2019 /home/travis/build/icyphy/ptII/ptolemy/actor/lib/test/auto/RecordDisassember.xml
----------------- Instantiating /home/travis/build/icyphy/ptII/ptolemy/actor/lib/test/auto/RecordDisassember.xml
5 ms. Memory: 588800K Free: 336636K (57%)
----------------- Invoking toplevel() on ptolemy.moml.MoMLSimpleApplication@7a52dda7
----------------- Done invoking toplevel() on ptolemy.moml.MoMLSimpleApplication@7a52dda7
reloadAllAccessors: .RecordDisassember

===========================================================================================
----------------- testing Thu Jul 11 04:54:36 UTC 2019 /home/travis/build/icyphy/ptII/ptolemy/actor/lib/test/auto/RecordDisassemberDisplayNameTest.xml
----------------- Instantiating /home/travis/build/icyphy/ptII/ptolemy/actor/lib/test/auto/RecordDisassemberDisplayNameTest.xml
5 ms. Memory: 588800K Free: 328444K (56%)
----------------- Invoking toplevel() on ptolemy.moml.MoMLSimpleApplication@675d1954
----------------- Done invoking toplevel() on ptolemy.moml.MoMLSimpleApplication@675d1954
reloadAllAccessors: .RecordDisassemberDisplayNameTest

===========================================================================================
----------------- testing Thu Jul 11 04:54:36 UTC 2019 /home/travis/build/icyphy/ptII/ptolemy/actor/lib/test/auto/RecordDisassembler.xml
----------------- Instantiating /home/travis/build/icyphy/ptII/ptolemy/actor/lib/test/auto/RecordDisassembler.xml
3 ms. Memory: 588800K Free: 323324K (55%)
----------------- Invoking toplevel() on ptolemy.moml.MoMLSimpleApplication@6e6a3aca
----------------- Done invoking toplevel() on ptolemy.moml.MoMLSimpleApplication@6e6a3aca
reloadAllAccessors: .RecordDisassembler

===========================================================================================
----------------- testing Thu Jul 11 04:54:36 UTC 2019 /home/travis/build/icyphy/ptII/ptolemy/actor/lib/test/auto/RecordDisassembler2.xml
----------------- Instantiating /home/travis/build/icyphy/ptII/ptolemy/actor/lib/test/auto/RecordDisassembler2.xml
3 ms. Memory: 588800K Free: 318204K (54%)
----------------- Invoking toplevel() on ptolemy.moml.MoMLSimpleApplication@3440bf8b
----------------- Done invoking toplevel() on ptolemy.moml.MoMLSimpleApplication@3440bf8b
reloadAllAccessors: .RecordDisassembler2

===========================================================================================
----------------- testing Thu Jul 11 04:54:36 UTC 2019 /home/travis/build/icyphy/ptII/ptolemy/actor/lib/test/auto/RecordUpdater.xml
----------------- Instantiating /home/travis/build/icyphy/ptII/ptolemy/actor/lib/test/auto/RecordUpdater.xml
2 ms. Memory: 588800K Free: 313594K (53%)
----------------- Invoking toplevel() on ptolemy.moml.MoMLSimpleApplication@416ec86e
----------------- Done invoking toplevel() on ptolemy.moml.MoMLSimpleApplication@416ec86e
reloadAllAccessors: .RecordUpdater

===========================================================================================
----------------- testing Thu Jul 11 04:54:36 UTC 2019 /home/travis/build/icyphy/ptII/ptolemy/actor/lib/test/auto/RecordUpdater2.xml
----------------- Instantiating /home/travis/build/icyphy/ptII/ptolemy/actor/lib/test/auto/RecordUpdater2.xml
1 ms. Memory: 588800K Free: 308474K (52%)
----------------- Invoking toplevel() on ptolemy.moml.MoMLSimpleApplication@efdd52c
----------------- Done invoking toplevel() on ptolemy.moml.MoMLSimpleApplication@efdd52c
reloadAllAccessors: .RecordUpdater2

===========================================================================================
----------------- testing Thu Jul 11 04:54:36 UTC 2019 /home/travis/build/icyphy/ptII/ptolemy/actor/lib/test/auto/RecursiveLattice.xml
----------------- Instantiating /home/travis/build/icyphy/ptII/ptolemy/actor/lib/test/auto/RecursiveLattice.xml
2 ms. Memory: 588800K Free: 303868K (52%)
----------------- Invoking toplevel() on ptolemy.moml.MoMLSimpleApplication@2f775a11
----------------- Done invoking toplevel() on ptolemy.moml.MoMLSimpleApplication@2f775a11
reloadAllAccessors: .RecursiveLattice

===========================================================================================
----------------- testing Thu Jul 11 04:54:36 UTC 2019 /home/travis/build/icyphy/ptII/ptolemy/actor/lib/test/auto/Router.xml
----------------- Instantiating /home/travis/build/icyphy/ptII/ptolemy/actor/lib/test/auto/Router.xml
3005 ms. Memory: 588800K Free: 292604K (50%)
----------------- Invoking toplevel() on ptolemy.moml.MoMLSimpleApplication@6722339c
----------------- Done invoking toplevel() on ptolemy.moml.MoMLSimpleApplication@6722339c
reloadAllAccessors: .Router

===========================================================================================
----------------- testing Thu Jul 11 04:54:39 UTC 2019 /home/travis/build/icyphy/ptII/ptolemy/actor/lib/test/auto/Router2.xml
----------------- Instantiating /home/travis/build/icyphy/ptII/ptolemy/actor/lib/test/auto/Router2.xml
3003 ms. Memory: 588800K Free: 282364K (48%)
----------------- Invoking toplevel() on ptolemy.moml.MoMLSimpleApplication@14d47280
----------------- Done invoking toplevel() on ptolemy.moml.MoMLSimpleApplication@14d47280
reloadAllAccessors: .Router2

===========================================================================================
----------------- testing Thu Jul 11 04:54:42 UTC 2019 /home/travis/build/icyphy/ptII/ptolemy/actor/lib/test/auto/RunningMaximum.xml
----------------- Instantiating /home/travis/build/icyphy/ptII/ptolemy/actor/lib/test/auto/RunningMaximum.xml
1 ms. Memory: 588800K Free: 277754K (47%)
----------------- Invoking toplevel() on ptolemy.moml.MoMLSimpleApplication@6aeeec3f
----------------- Done invoking toplevel() on ptolemy.moml.MoMLSimpleApplication@6aeeec3f
reloadAllAccessors: .RunningMaximum

===========================================================================================
----------------- testing Thu Jul 11 04:54:42 UTC 2019 /home/travis/build/icyphy/ptII/ptolemy/actor/lib/test/auto/RunningMinimum.xml
----------------- Instantiating /home/travis/build/icyphy/ptII/ptolemy/actor/lib/test/auto/RunningMinimum.xml
9 ms. Memory: 588800K Free: 272634K (46%)
----------------- Invoking toplevel() on ptolemy.moml.MoMLSimpleApplication@fb1ad15
----------------- Done invoking toplevel() on ptolemy.moml.MoMLSimpleApplication@fb1ad15
reloadAllAccessors: .RunningMinimum

===========================================================================================
----------------- testing Thu Jul 11 04:54:42 UTC 2019 /home/travis/build/icyphy/ptII/ptolemy/actor/lib/test/auto/Scale.xml
----------------- Instantiating /home/travis/build/icyphy/ptII/ptolemy/actor/lib/test/auto/Scale.xml
1 ms. Memory: 588800K Free: 268028K (46%)
----------------- Invoking toplevel() on ptolemy.moml.MoMLSimpleApplication@43d883a2
----------------- Done invoking toplevel() on ptolemy.moml.MoMLSimpleApplication@43d883a2
reloadAllAccessors: .Scale

===========================================================================================
----------------- testing Thu Jul 11 04:54:42 UTC 2019 /home/travis/build/icyphy/ptII/ptolemy/actor/lib/test/auto/Scale2.xml
----------------- Instantiating /home/travis/build/icyphy/ptII/ptolemy/actor/lib/test/auto/Scale2.xml
2 ms. Memory: 588800K Free: 263418K (45%)
----------------- Invoking toplevel() on ptolemy.moml.MoMLSimpleApplication@5a2c1bc
----------------- Done invoking toplevel() on ptolemy.moml.MoMLSimpleApplication@5a2c1bc
reloadAllAccessors: .Scale2

===========================================================================================
----------------- testing Thu Jul 11 04:54:42 UTC 2019 /home/travis/build/icyphy/ptII/ptolemy/actor/lib/test/auto/Scale3.xml
----------------- Instantiating /home/travis/build/icyphy/ptII/ptolemy/actor/lib/test/auto/Scale3.xml
3 ms. Memory: 588800K Free: 257274K (44%)
----------------- Invoking toplevel() on ptolemy.moml.MoMLSimpleApplication@5dad9bed
----------------- Done invoking toplevel() on ptolemy.moml.MoMLSimpleApplication@5dad9bed
reloadAllAccessors: .Scale3

===========================================================================================
----------------- testing Thu Jul 11 04:54:42 UTC 2019 /home/travis/build/icyphy/ptII/ptolemy/actor/lib/test/auto/ScaleArray.xml
----------------- Instantiating /home/travis/build/icyphy/ptII/ptolemy/actor/lib/test/auto/ScaleArray.xml
1 ms. Memory: 588800K Free: 252668K (43%)
----------------- Invoking toplevel() on ptolemy.moml.MoMLSimpleApplication@160c93e6
----------------- Done invoking toplevel() on ptolemy.moml.MoMLSimpleApplication@160c93e6
reloadAllAccessors: .ScaleArray

===========================================================================================
----------------- testing Thu Jul 11 04:54:42 UTC 2019 /home/travis/build/icyphy/ptII/ptolemy/actor/lib/test/auto/ScaleArray2.xml
----------------- Instantiating /home/travis/build/icyphy/ptII/ptolemy/actor/lib/test/auto/ScaleArray2.xml
1 ms. Memory: 588800K Free: 247548K (42%)
----------------- Invoking toplevel() on ptolemy.moml.MoMLSimpleApplication@43a33c4
----------------- Done invoking toplevel() on ptolemy.moml.MoMLSimpleApplication@43a33c4
reloadAllAccessors: .ScaleArray2

===========================================================================================
----------------- testing Thu Jul 11 04:54:42 UTC 2019 /home/travis/build/icyphy/ptII/ptolemy/actor/lib/test/auto/ScaleMatrix.xml
----------------- Instantiating /home/travis/build/icyphy/ptII/ptolemy/actor/lib/test/auto/ScaleMatrix.xml
122 ms. Memory: 588800K Free: 234236K (40%)
----------------- Invoking toplevel() on ptolemy.moml.MoMLSimpleApplication@4de72d55
----------------- Done invoking toplevel() on ptolemy.moml.MoMLSimpleApplication@4de72d55
reloadAllAccessors: .ScaleMatrix

===========================================================================================
----------------- testing Thu Jul 11 04:54:42 UTC 2019 /home/travis/build/icyphy/ptII/ptolemy/actor/lib/test/auto/Select.xml
----------------- Instantiating /home/travis/build/icyphy/ptII/ptolemy/actor/lib/test/auto/Select.xml
2 ms. Memory: 588800K Free: 228092K (39%)
----------------- Invoking toplevel() on ptolemy.moml.MoMLSimpleApplication@35690ce1
----------------- Done invoking toplevel() on ptolemy.moml.MoMLSimpleApplication@35690ce1
reloadAllAccessors: .Select

===========================================================================================
----------------- testing Thu Jul 11 04:54:42 UTC 2019 /home/travis/build/icyphy/ptII/ptolemy/actor/lib/test/auto/Select2.xml
----------------- Instantiating /home/travis/build/icyphy/ptII/ptolemy/actor/lib/test/auto/Select2.xml
1 ms. Memory: 588800K Free: 223482K (38%)
----------------- Invoking toplevel() on ptolemy.moml.MoMLSimpleApplication@71f4c51e
----------------- Done invoking toplevel() on ptolemy.moml.MoMLSimpleApplication@71f4c51e
reloadAllAccessors: .Select2

===========================================================================================
----------------- testing Thu Jul 11 04:54:42 UTC 2019 /home/travis/build/icyphy/ptII/ptolemy/actor/lib/test/auto/SequenceToArray2.xml
----------------- Instantiating /home/travis/build/icyphy/ptII/ptolemy/actor/lib/test/auto/SequenceToArray2.xml
103 ms. Memory: 588800K Free: 199420K (34%)
----------------- Invoking toplevel() on ptolemy.moml.MoMLSimpleApplication@585f3484
----------------- Done invoking toplevel() on ptolemy.moml.MoMLSimpleApplication@585f3484
reloadAllAccessors: .SequenceToArray2

===========================================================================================
----------------- testing Thu Jul 11 04:54:42 UTC 2019 /home/travis/build/icyphy/ptII/ptolemy/actor/lib/test/auto/SequentialClock.xml
----------------- Instantiating /home/travis/build/icyphy/ptII/ptolemy/actor/lib/test/auto/SequentialClock.xml
1 ms. Memory: 588800K Free: 195324K (33%)
----------------- Invoking toplevel() on ptolemy.moml.MoMLSimpleApplication@29fa7547
----------------- Done invoking toplevel() on ptolemy.moml.MoMLSimpleApplication@29fa7547
reloadAllAccessors: .SequentialClock

===========================================================================================
----------------- testing Thu Jul 11 04:54:42 UTC 2019 /home/travis/build/icyphy/ptII/ptolemy/actor/lib/test/auto/SetVariable.xml
----------------- Instantiating /home/travis/build/icyphy/ptII/ptolemy/actor/lib/test/auto/SetVariable.xml
5 ms. Memory: 588800K Free: 190714K (32%)
----------------- Invoking toplevel() on ptolemy.moml.MoMLSimpleApplication@42635e38
----------------- Done invoking toplevel() on ptolemy.moml.MoMLSimpleApplication@42635e38
reloadAllAccessors: .SetVariable

===========================================================================================
----------------- testing Thu Jul 11 04:54:42 UTC 2019 /home/travis/build/icyphy/ptII/ptolemy/actor/lib/test/auto/SetVariable2.xml
----------------- Instantiating /home/travis/build/icyphy/ptII/ptolemy/actor/lib/test/auto/SetVariable2.xml
3 ms. Memory: 588800K Free: 535778K (91%)
----------------- Invoking toplevel() on ptolemy.moml.MoMLSimpleApplication@43574b5e
----------------- Done invoking toplevel() on ptolemy.moml.MoMLSimpleApplication@43574b5e
reloadAllAccessors: .SetVariable2

===========================================================================================
----------------- testing Thu Jul 11 04:54:42 UTC 2019 /home/travis/build/icyphy/ptII/ptolemy/actor/lib/test/auto/SetVariable3.xml
----------------- Instantiating /home/travis/build/icyphy/ptII/ptolemy/actor/lib/test/auto/SetVariable3.xml
7 ms. Memory: 588800K Free: 530148K (90%)
----------------- Invoking toplevel() on ptolemy.moml.MoMLSimpleApplication@3fc9b5a1
----------------- Done invoking toplevel() on ptolemy.moml.MoMLSimpleApplication@3fc9b5a1
reloadAllAccessors: .SetVariable3

===========================================================================================
----------------- testing Thu Jul 11 04:54:42 UTC 2019 /home/travis/build/icyphy/ptII/ptolemy/actor/lib/test/auto/SetVariable4.xml
----------------- Instantiating /home/travis/build/icyphy/ptII/ptolemy/actor/lib/test/auto/SetVariable4.xml
13 ms. Memory: 588800K Free: 520932K (88%)
----------------- Invoking toplevel() on ptolemy.moml.MoMLSimpleApplication@a9f0d3e
----------------- Done invoking toplevel() on ptolemy.moml.MoMLSimpleApplication@a9f0d3e
reloadAllAccessors: .SetVariable4

===========================================================================================
----------------- testing Thu Jul 11 04:54:42 UTC 2019 /home/travis/build/icyphy/ptII/ptolemy/actor/lib/test/auto/SetVariable5.xml
----------------- Instantiating /home/travis/build/icyphy/ptII/ptolemy/actor/lib/test/auto/SetVariable5.xml
14 ms. Memory: 588800K Free: 511716K (87%)
----------------- Invoking toplevel() on ptolemy.moml.MoMLSimpleApplication@ebf19e2
----------------- Done invoking toplevel() on ptolemy.moml.MoMLSimpleApplication@ebf19e2
reloadAllAccessors: .SetVariable5

===========================================================================================
----------------- testing Thu Jul 11 04:54:42 UTC 2019 /home/travis/build/icyphy/ptII/ptolemy/actor/lib/test/auto/Sinewave.xml
----------------- Instantiating /home/travis/build/icyphy/ptII/ptolemy/actor/lib/test/auto/Sinewave.xml
4 ms. Memory: 588800K Free: 500962K (85%)
----------------- Invoking toplevel() on ptolemy.moml.MoMLSimpleApplication@56df2cfa
----------------- Done invoking toplevel() on ptolemy.moml.MoMLSimpleApplication@56df2cfa
reloadAllAccessors: .Sinewave

===========================================================================================
----------------- testing Thu Jul 11 04:54:42 UTC 2019 /home/travis/build/icyphy/ptII/ptolemy/actor/lib/test/auto/Sinewave2.xml
----------------- Instantiating /home/travis/build/icyphy/ptII/ptolemy/actor/lib/test/auto/Sinewave2.xml
10 ms. Memory: 588800K Free: 492770K (84%)
----------------- Invoking toplevel() on ptolemy.moml.MoMLSimpleApplication@36261537
----------------- Done invoking toplevel() on ptolemy.moml.MoMLSimpleApplication@36261537
reloadAllAccessors: .Sinewave2

===========================================================================================
----------------- testing Thu Jul 11 04:54:42 UTC 2019 /home/travis/build/icyphy/ptII/ptolemy/actor/lib/test/auto/Sinewave3.xml
----------------- Instantiating /home/travis/build/icyphy/ptII/ptolemy/actor/lib/test/auto/Sinewave3.xml
8 ms. Memory: 588800K Free: 484548K (82%)
----------------- Invoking toplevel() on ptolemy.moml.MoMLSimpleApplication@19b17e7b
----------------- Done invoking toplevel() on ptolemy.moml.MoMLSimpleApplication@19b17e7b
reloadAllAccessors: .Sinewave3

===========================================================================================
----------------- testing Thu Jul 11 04:54:42 UTC 2019 /home/travis/build/icyphy/ptII/ptolemy/actor/lib/test/auto/SingleEvent.xml
----------------- Instantiating /home/travis/build/icyphy/ptII/ptolemy/actor/lib/test/auto/SingleEvent.xml
1 ms. Memory: 588800K Free: 480482K (82%)
----------------- Invoking toplevel() on ptolemy.moml.MoMLSimpleApplication@7e1ec8d2
----------------- Done invoking toplevel() on ptolemy.moml.MoMLSimpleApplication@7e1ec8d2
reloadAllAccessors: .SingleEvent

===========================================================================================
----------------- testing Thu Jul 11 04:54:42 UTC 2019 /home/travis/build/icyphy/ptII/ptolemy/actor/lib/test/auto/Sleep.xml
----------------- Instantiating /home/travis/build/icyphy/ptII/ptolemy/actor/lib/test/auto/Sleep.xml
6005 ms. Memory: 588800K Free: 474338K (81%)
----------------- Invoking toplevel() on ptolemy.moml.MoMLSimpleApplication@75dbae00
----------------- Done invoking toplevel() on ptolemy.moml.MoMLSimpleApplication@75dbae00
reloadAllAccessors: .Sleep

===========================================================================================
----------------- testing Thu Jul 11 04:54:49 UTC 2019 /home/travis/build/icyphy/ptII/ptolemy/actor/lib/test/auto/SleepMultipleFire.xml
----------------- Instantiating /home/travis/build/icyphy/ptII/ptolemy/actor/lib/test/auto/SleepMultipleFire.xml
1014 ms. Memory: 588800K Free: 468708K (80%)
----------------- Invoking toplevel() on ptolemy.moml.MoMLSimpleApplication@1a2520a7
----------------- Done invoking toplevel() on ptolemy.moml.MoMLSimpleApplication@1a2520a7
reloadAllAccessors: .SleepMultipleFire

===========================================================================================
----------------- testing Thu Jul 11 04:54:50 UTC 2019 /home/travis/build/icyphy/ptII/ptolemy/actor/lib/test/auto/StopDE.xml
----------------- Instantiating /home/travis/build/icyphy/ptII/ptolemy/actor/lib/test/auto/StopDE.xml
3 ms. Memory: 588800K Free: 463074K (79%)
----------------- Invoking toplevel() on ptolemy.moml.MoMLSimpleApplication@295ad4de
----------------- Done invoking toplevel() on ptolemy.moml.MoMLSimpleApplication@295ad4de
reloadAllAccessors: .StopDE

===========================================================================================
----------------- testing Thu Jul 11 04:54:50 UTC 2019 /home/travis/build/icyphy/ptII/ptolemy/actor/lib/test/auto/StopSDF.xml
----------------- Instantiating /home/travis/build/icyphy/ptII/ptolemy/actor/lib/test/auto/StopSDF.xml
3 ms. Memory: 588800K Free: 457444K (78%)
----------------- Invoking toplevel() on ptolemy.moml.MoMLSimpleApplication@1a69c4be
----------------- Done invoking toplevel() on ptolemy.moml.MoMLSimpleApplication@1a69c4be
reloadAllAccessors: .StopSDF

===========================================================================================
----------------- testing Thu Jul 11 04:54:50 UTC 2019 /home/travis/build/icyphy/ptII/ptolemy/actor/lib/test/auto/StringConstant.xml
----------------- Instantiating /home/travis/build/icyphy/ptII/ptolemy/actor/lib/test/auto/StringConstant.xml
10 ms. Memory: 588800K Free: 453348K (77%)
----------------- Invoking toplevel() on ptolemy.moml.MoMLSimpleApplication@7df4e320
----------------- Done invoking toplevel() on ptolemy.moml.MoMLSimpleApplication@7df4e320
reloadAllAccessors: .StringConstant

===========================================================================================
----------------- testing Thu Jul 11 04:54:50 UTC 2019 /home/travis/build/icyphy/ptII/ptolemy/actor/lib/test/auto/SubscriberPortInitialValues1.xml
----------------- Instantiating /home/travis/build/icyphy/ptII/ptolemy/actor/lib/test/auto/SubscriberPortInitialValues1.xml
8 ms. Memory: 588800K Free: 444642K (76%)
----------------- Invoking toplevel() on ptolemy.moml.MoMLSimpleApplication@7156a10e
----------------- Done invoking toplevel() on ptolemy.moml.MoMLSimpleApplication@7156a10e
reloadAllAccessors: .SubscriberPortInitialValues1

===========================================================================================
----------------- testing Thu Jul 11 04:54:50 UTC 2019 /home/travis/build/icyphy/ptII/ptolemy/actor/lib/test/auto/SubscriberPortInitialValues13.xml
----------------- Instantiating /home/travis/build/icyphy/ptII/ptolemy/actor/lib/test/auto/SubscriberPortInitialValues13.xml
7 ms. Memory: 588800K Free: 431844K (73%)
----------------- Invoking toplevel() on ptolemy.moml.MoMLSimpleApplication@56f4694b
----------------- Done invoking toplevel() on ptolemy.moml.MoMLSimpleApplication@56f4694b
reloadAllAccessors: .SubscriberPortInitialValues13

===========================================================================================
----------------- testing Thu Jul 11 04:54:50 UTC 2019 /home/travis/build/icyphy/ptII/ptolemy/actor/lib/test/auto/SubscriberPortInitialValues14.xml
----------------- Instantiating /home/travis/build/icyphy/ptII/ptolemy/actor/lib/test/auto/SubscriberPortInitialValues14.xml
12 ms. Memory: 588800K Free: 423652K (72%)
----------------- Invoking toplevel() on ptolemy.moml.MoMLSimpleApplication@252f0ca6
----------------- Done invoking toplevel() on ptolemy.moml.MoMLSimpleApplication@252f0ca6
reloadAllAccessors: .SubscriberPortInitialValues14

===========================================================================================
----------------- testing Thu Jul 11 04:54:50 UTC 2019 /home/travis/build/icyphy/ptII/ptolemy/actor/lib/test/auto/SubscriberPortInitialValues2.xml
----------------- Instantiating /home/travis/build/icyphy/ptII/ptolemy/actor/lib/test/auto/SubscriberPortInitialValues2.xml
4 ms. Memory: 588800K Free: 415970K (71%)
----------------- Invoking toplevel() on ptolemy.moml.MoMLSimpleApplication@10d8e991
----------------- Done invoking toplevel() on ptolemy.moml.MoMLSimpleApplication@10d8e991
reloadAllAccessors: .SubscriberPortInitialValues2

===========================================================================================
----------------- testing Thu Jul 11 04:54:50 UTC 2019 /home/travis/build/icyphy/ptII/ptolemy/actor/lib/test/auto/SubscriberPortInitialValues3.xml
----------------- Instantiating /home/travis/build/icyphy/ptII/ptolemy/actor/lib/test/auto/SubscriberPortInitialValues3.xml
4 ms. Memory: 588800K Free: 404706K (69%)
----------------- Invoking toplevel() on ptolemy.moml.MoMLSimpleApplication@4ce4235e
----------------- Done invoking toplevel() on ptolemy.moml.MoMLSimpleApplication@4ce4235e
reloadAllAccessors: .SubscriberPortInitialValues3

===========================================================================================
----------------- testing Thu Jul 11 04:54:50 UTC 2019 /home/travis/build/icyphy/ptII/ptolemy/actor/lib/test/auto/SubscriptionAggregator.xml
----------------- Instantiating /home/travis/build/icyphy/ptII/ptolemy/actor/lib/test/auto/SubscriptionAggregator.xml
3 ms. Memory: 588800K Free: 397524K (68%)
----------------- Invoking toplevel() on ptolemy.moml.MoMLSimpleApplication@2aa202d1
----------------- Done invoking toplevel() on ptolemy.moml.MoMLSimpleApplication@2aa202d1
reloadAllAccessors: .SubscriptionAggregator

===========================================================================================
----------------- testing Thu Jul 11 04:54:50 UTC 2019 /home/travis/build/icyphy/ptII/ptolemy/actor/lib/test/auto/SubscriptionAggregator2.xml
----------------- Instantiating /home/travis/build/icyphy/ptII/ptolemy/actor/lib/test/auto/SubscriptionAggregator2.xml
3 ms. Memory: 588800K Free: 390884K (66%)
----------------- Invoking toplevel() on ptolemy.moml.MoMLSimpleApplication@2a13cc77
----------------- Done invoking toplevel() on ptolemy.moml.MoMLSimpleApplication@2a13cc77
reloadAllAccessors: .SubscriptionAggregator2

===========================================================================================
----------------- testing Thu Jul 11 04:54:50 UTC 2019 /home/travis/build/icyphy/ptII/ptolemy/actor/lib/test/auto/SubscriptionAggregator3.xml
----------------- Instantiating /home/travis/build/icyphy/ptII/ptolemy/actor/lib/test/auto/SubscriptionAggregator3.xml
3 ms. Memory: 588800K Free: 382692K (65%)
----------------- Invoking toplevel() on ptolemy.moml.MoMLSimpleApplication@cc8d4cd
----------------- Done invoking toplevel() on ptolemy.moml.MoMLSimpleApplication@cc8d4cd
reloadAllAccessors: .SubscriptionAggregator3

===========================================================================================
----------------- testing Thu Jul 11 04:54:50 UTC 2019 /home/travis/build/icyphy/ptII/ptolemy/actor/lib/test/auto/SubscriptionAggregatorMultiply.xml
----------------- Instantiating /home/travis/build/icyphy/ptII/ptolemy/actor/lib/test/auto/SubscriptionAggregatorMultiply.xml
14 ms. Memory: 588800K Free: 373476K (63%)
----------------- Invoking toplevel() on ptolemy.moml.MoMLSimpleApplication@284f9a79
----------------- Done invoking toplevel() on ptolemy.moml.MoMLSimpleApplication@284f9a79
reloadAllAccessors: .SubscriptionAggregatorMultiply

===========================================================================================
----------------- testing Thu Jul 11 04:54:50 UTC 2019 /home/travis/build/icyphy/ptII/ptolemy/actor/lib/test/auto/SubscriptionAggregatorPortMultiply1.xml
----------------- Instantiating /home/travis/build/icyphy/ptII/ptolemy/actor/lib/test/auto/SubscriptionAggregatorPortMultiply1.xml
4 ms. Memory: 588800K Free: 365794K (62%)
----------------- Invoking toplevel() on ptolemy.moml.MoMLSimpleApplication@755a9a41
----------------- Done invoking toplevel() on ptolemy.moml.MoMLSimpleApplication@755a9a41
reloadAllAccessors: .SubscriptionAggregatorPortMultiply1

===========================================================================================
----------------- testing Thu Jul 11 04:54:50 UTC 2019 /home/travis/build/icyphy/ptII/ptolemy/actor/lib/test/auto/Switch.xml
----------------- Instantiating /home/travis/build/icyphy/ptII/ptolemy/actor/lib/test/auto/Switch.xml
12 ms. Memory: 588800K Free: 357602K (61%)
----------------- Invoking toplevel() on ptolemy.moml.MoMLSimpleApplication@6d548827
----------------- Done invoking toplevel() on ptolemy.moml.MoMLSimpleApplication@6d548827
reloadAllAccessors: .Switch

===========================================================================================
----------------- testing Thu Jul 11 04:54:50 UTC 2019 /home/travis/build/icyphy/ptII/ptolemy/actor/lib/test/auto/Switch2.xml
----------------- Instantiating /home/travis/build/icyphy/ptII/ptolemy/actor/lib/test/auto/Switch2.xml
1 ms. Memory: 588800K Free: 352482K (60%)
----------------- Invoking toplevel() on ptolemy.moml.MoMLSimpleApplication@2cbe17a
----------------- Done invoking toplevel() on ptolemy.moml.MoMLSimpleApplication@2cbe17a
reloadAllAccessors: .Switch2

===========================================================================================
----------------- testing Thu Jul 11 04:54:50 UTC 2019 /home/travis/build/icyphy/ptII/ptolemy/actor/lib/test/auto/SwitchDE.xml
----------------- Instantiating /home/travis/build/icyphy/ptII/ptolemy/actor/lib/test/auto/SwitchDE.xml
11 ms. Memory: 588800K Free: 346308K (59%)
----------------- Invoking toplevel() on ptolemy.moml.MoMLSimpleApplication@7b39693e
----------------- Done invoking toplevel() on ptolemy.moml.MoMLSimpleApplication@7b39693e
reloadAllAccessors: .SwitchDE

===========================================================================================
----------------- testing Thu Jul 11 04:54:50 UTC 2019 /home/travis/build/icyphy/ptII/ptolemy/actor/lib/test/auto/SynchronizerDE.xml
----------------- Instantiating /home/travis/build/icyphy/ptII/ptolemy/actor/lib/test/auto/SynchronizerDE.xml
7 ms. Memory: 588800K Free: 338132K (57%)
----------------- Invoking toplevel() on ptolemy.moml.MoMLSimpleApplication@f5a2a79
----------------- Done invoking toplevel() on ptolemy.moml.MoMLSimpleApplication@f5a2a79
reloadAllAccessors: .SynchronizerDE

===========================================================================================
----------------- testing Thu Jul 11 04:54:50 UTC 2019 /home/travis/build/icyphy/ptII/ptolemy/actor/lib/test/auto/Test.xml
----------------- Instantiating /home/travis/build/icyphy/ptII/ptolemy/actor/lib/test/auto/Test.xml
3 ms. Memory: 588800K Free: 332516K (56%)
----------------- Invoking toplevel() on ptolemy.moml.MoMLSimpleApplication@4ad1aba2
----------------- Done invoking toplevel() on ptolemy.moml.MoMLSimpleApplication@4ad1aba2
reloadAllAccessors: .Test

===========================================================================================
----------------- testing Thu Jul 11 04:54:50 UTC 2019 /home/travis/build/icyphy/ptII/ptolemy/actor/lib/test/auto/TestExceptionAttribute1.xml
----------------- Instantiating /home/travis/build/icyphy/ptII/ptolemy/actor/lib/test/auto/TestExceptionAttribute1.xml
2 ms. Memory: 588800K Free: 328930K (56%)
----------------- Invoking toplevel() on ptolemy.moml.MoMLSimpleApplication@483c8c28
----------------- Done invoking toplevel() on ptolemy.moml.MoMLSimpleApplication@483c8c28
reloadAllAccessors: .TestExceptionAttribute1

===========================================================================================
----------------- testing Thu Jul 11 04:54:50 UTC 2019 /home/travis/build/icyphy/ptII/ptolemy/actor/lib/test/auto/TestExceptionAttribute2.xml
----------------- Instantiating /home/travis/build/icyphy/ptII/ptolemy/actor/lib/test/auto/TestExceptionAttribute2.xml
1 ms. Memory: 588800K Free: 325348K (55%)
----------------- Invoking toplevel() on ptolemy.moml.MoMLSimpleApplication@660ef93
----------------- Done invoking toplevel() on ptolemy.moml.MoMLSimpleApplication@660ef93
reloadAllAccessors: .TestExceptionAttribute2

===========================================================================================
----------------- testing Thu Jul 11 04:54:50 UTC 2019 /home/travis/build/icyphy/ptII/ptolemy/actor/lib/test/auto/TestExceptionAttribute3.xml
----------------- Instantiating /home/travis/build/icyphy/ptII/ptolemy/actor/lib/test/auto/TestExceptionAttribute3.xml
.TestExceptionAttribute3.TestExceptionAttribute: initialize() was not invoked, but wrapup() was.  This is unusual, but not always a problem.  For example, exporting JNLP will do this.
1 ms. Memory: 588800K Free: 321252K (55%)
----------------- Invoking toplevel() on ptolemy.moml.MoMLSimpleApplication@59fa8345
----------------- Done invoking toplevel() on ptolemy.moml.MoMLSimpleApplication@59fa8345
reloadAllAccessors: .TestExceptionAttribute3

===========================================================================================
----------------- testing Thu Jul 11 04:54:50 UTC 2019 /home/travis/build/icyphy/ptII/ptolemy/actor/lib/test/auto/TestExceptionAttribute4.xml
----------------- Instantiating /home/travis/build/icyphy/ptII/ptolemy/actor/lib/test/auto/TestExceptionAttribute4.xml
.TestExceptionAttribute4.TestExceptionAttribute: initialize() was not invoked, but wrapup() was.  This is unusual, but not always a problem.  For example, exporting JNLP will do this.
.TestExceptionAttribute4.TestExceptionAttribute2: initialize() was not invoked, but wrapup() was.  This is unusual, but not always a problem.  For example, exporting JNLP will do this.
1 ms. Memory: 588800K Free: 317156K (54%)
----------------- Invoking toplevel() on ptolemy.moml.MoMLSimpleApplication@dac8c3c
----------------- Done invoking toplevel() on ptolemy.moml.MoMLSimpleApplication@dac8c3c
reloadAllAccessors: .TestExceptionAttribute4

===========================================================================================
----------------- testing Thu Jul 11 04:54:50 UTC 2019 /home/travis/build/icyphy/ptII/ptolemy/actor/lib/test/auto/TestExceptionHandler1.xml
----------------- Instantiating /home/travis/build/icyphy/ptII/ptolemy/actor/lib/test/auto/TestExceptionHandler1.xml
1 ms. Memory: 588800K Free: 313570K (53%)
----------------- Invoking toplevel() on ptolemy.moml.MoMLSimpleApplication@37c7864d
----------------- Done invoking toplevel() on ptolemy.moml.MoMLSimpleApplication@37c7864d
reloadAllAccessors: .TestExceptionHandler1

===========================================================================================
----------------- testing Thu Jul 11 04:54:50 UTC 2019 /home/travis/build/icyphy/ptII/ptolemy/actor/lib/test/auto/TestExceptionHandler2.xml
----------------- Instantiating /home/travis/build/icyphy/ptII/ptolemy/actor/lib/test/auto/TestExceptionHandler2.xml
1 ms. Memory: 588800K Free: 309474K (53%)
----------------- Invoking toplevel() on ptolemy.moml.MoMLSimpleApplication@37c23f6a
----------------- Done invoking toplevel() on ptolemy.moml.MoMLSimpleApplication@37c23f6a
reloadAllAccessors: .TestExceptionHandler2

===========================================================================================
----------------- testing Thu Jul 11 04:54:50 UTC 2019 /home/travis/build/icyphy/ptII/ptolemy/actor/lib/test/auto/TestExceptionHandler3.xml
----------------- Instantiating /home/travis/build/icyphy/ptII/ptolemy/actor/lib/test/auto/TestExceptionHandler3.xml
0 ms. Memory: 588800K Free: 305892K (52%)
----------------- Invoking toplevel() on ptolemy.moml.MoMLSimpleApplication@26c5a5e6
----------------- Done invoking toplevel() on ptolemy.moml.MoMLSimpleApplication@26c5a5e6
reloadAllAccessors: .TestExceptionHandler3

===========================================================================================
----------------- testing Thu Jul 11 04:54:50 UTC 2019 /home/travis/build/icyphy/ptII/ptolemy/actor/lib/test/auto/TestExceptionHandler4.xml
----------------- Instantiating /home/travis/build/icyphy/ptII/ptolemy/actor/lib/test/auto/TestExceptionHandler4.xml
1 ms. Memory: 588800K Free: 301796K (51%)
----------------- Invoking toplevel() on ptolemy.moml.MoMLSimpleApplication@14b3a976
----------------- Done invoking toplevel() on ptolemy.moml.MoMLSimpleApplication@14b3a976
reloadAllAccessors: .TestExceptionHandler4

===========================================================================================
----------------- testing Thu Jul 11 04:54:50 UTC 2019 /home/travis/build/icyphy/ptII/ptolemy/actor/lib/test/auto/TestRequireCorrectOrder.xml
----------------- Instantiating /home/travis/build/icyphy/ptII/ptolemy/actor/lib/test/auto/TestRequireCorrectOrder.xml
2 ms. Memory: 588800K Free: 296132K (50%)
----------------- Invoking toplevel() on ptolemy.moml.MoMLSimpleApplication@5d9c70fb
----------------- Done invoking toplevel() on ptolemy.moml.MoMLSimpleApplication@5d9c70fb
reloadAllAccessors: .TestRequireCorrectOrder

===========================================================================================
----------------- testing Thu Jul 11 04:54:50 UTC 2019 /home/travis/build/icyphy/ptII/ptolemy/actor/lib/test/auto/TestSimple.xml
----------------- Instantiating /home/travis/build/icyphy/ptII/ptolemy/actor/lib/test/auto/TestSimple.xml
2 ms. Memory: 588800K Free: 292066K (50%)
----------------- Invoking toplevel() on ptolemy.moml.MoMLSimpleApplication@782eba87
----------------- Done invoking toplevel() on ptolemy.moml.MoMLSimpleApplication@782eba87
reloadAllAccessors: .TestSimple

===========================================================================================
----------------- testing Thu Jul 11 04:54:50 UTC 2019 /home/travis/build/icyphy/ptII/ptolemy/actor/lib/test/auto/ThrowModelError.xml
----------------- Instantiating /home/travis/build/icyphy/ptII/ptolemy/actor/lib/test/auto/ThrowModelError.xml
1 ms. Memory: 588800K Free: 286946K (49%)
----------------- Invoking toplevel() on ptolemy.moml.MoMLSimpleApplication@575eba56
----------------- Done invoking toplevel() on ptolemy.moml.MoMLSimpleApplication@575eba56
reloadAllAccessors: .ThrowModelError

===========================================================================================
----------------- testing Thu Jul 11 04:54:50 UTC 2019 /home/travis/build/icyphy/ptII/ptolemy/actor/lib/test/auto/TimeDelayMicrosteps.xml
----------------- Instantiating /home/travis/build/icyphy/ptII/ptolemy/actor/lib/test/auto/TimeDelayMicrosteps.xml
3 ms. Memory: 588800K Free: 280292K (48%)
----------------- Invoking toplevel() on ptolemy.moml.MoMLSimpleApplication@5f92f415
----------------- Done invoking toplevel() on ptolemy.moml.MoMLSimpleApplication@5f92f415
reloadAllAccessors: .TimeDelayMicrosteps

===========================================================================================
----------------- testing Thu Jul 11 04:54:50 UTC 2019 /home/travis/build/icyphy/ptII/ptolemy/actor/lib/test/auto/TimeDelayMicrosteps2.xml
----------------- Instantiating /home/travis/build/icyphy/ptII/ptolemy/actor/lib/test/auto/TimeDelayMicrosteps2.xml
3 ms. Memory: 588800K Free: 273124K (46%)
----------------- Invoking toplevel() on ptolemy.moml.MoMLSimpleApplication@5016f426
----------------- Done invoking toplevel() on ptolemy.moml.MoMLSimpleApplication@5016f426
reloadAllAccessors: .TimeDelayMicrosteps2

===========================================================================================
----------------- testing Thu Jul 11 04:54:50 UTC 2019 /home/travis/build/icyphy/ptII/ptolemy/actor/lib/test/auto/TimeDelayMicrosteps3.xml
----------------- Instantiating /home/travis/build/icyphy/ptII/ptolemy/actor/lib/test/auto/TimeDelayMicrosteps3.xml
2 ms. Memory: 588800K Free: 264932K (45%)
----------------- Invoking toplevel() on ptolemy.moml.MoMLSimpleApplication@6e978f64
----------------- Done invoking toplevel() on ptolemy.moml.MoMLSimpleApplication@6e978f64
reloadAllAccessors: .TimeDelayMicrosteps3

===========================================================================================
----------------- testing Thu Jul 11 04:54:50 UTC 2019 /home/travis/build/icyphy/ptII/ptolemy/actor/lib/test/auto/TimeDelayVariableMicrosteps.xml
----------------- Instantiating /home/travis/build/icyphy/ptII/ptolemy/actor/lib/test/auto/TimeDelayVariableMicrosteps.xml
4 ms. Memory: 588800K Free: 258274K (44%)
----------------- Invoking toplevel() on ptolemy.moml.MoMLSimpleApplication@3067a2c7
----------------- Done invoking toplevel() on ptolemy.moml.MoMLSimpleApplication@3067a2c7
reloadAllAccessors: .TimeDelayVariableMicrosteps

===========================================================================================
----------------- testing Thu Jul 11 04:54:50 UTC 2019 /home/travis/build/icyphy/ptII/ptolemy/actor/lib/test/auto/TimeGap.xml
----------------- Instantiating /home/travis/build/icyphy/ptII/ptolemy/actor/lib/test/auto/TimeGap.xml
3 ms. Memory: 588800K Free: 253124K (43%)
----------------- Invoking toplevel() on ptolemy.moml.MoMLSimpleApplication@3e47f919
----------------- Done invoking toplevel() on ptolemy.moml.MoMLSimpleApplication@3e47f919
reloadAllAccessors: .TimeGap

===========================================================================================
----------------- testing Thu Jul 11 04:54:50 UTC 2019 /home/travis/build/icyphy/ptII/ptolemy/actor/lib/test/auto/TimeGap2.xml
----------------- Instantiating /home/travis/build/icyphy/ptII/ptolemy/actor/lib/test/auto/TimeGap2.xml
1 ms. Memory: 588800K Free: 246996K (42%)
----------------- Invoking toplevel() on ptolemy.moml.MoMLSimpleApplication@122bdd76
----------------- Done invoking toplevel() on ptolemy.moml.MoMLSimpleApplication@122bdd76
reloadAllAccessors: .TimeGap2

===========================================================================================
----------------- testing Thu Jul 11 04:54:50 UTC 2019 /home/travis/build/icyphy/ptII/ptolemy/actor/lib/test/auto/TimedSinewave.xml
----------------- Instantiating /home/travis/build/icyphy/ptII/ptolemy/actor/lib/test/auto/TimedSinewave.xml
21 ms. Memory: 588800K Free: 233188K (40%)
----------------- Invoking toplevel() on ptolemy.moml.MoMLSimpleApplication@e7817d3
----------------- Done invoking toplevel() on ptolemy.moml.MoMLSimpleApplication@e7817d3
reloadAllAccessors: .TimedSinewave

===========================================================================================
----------------- testing Thu Jul 11 04:54:50 UTC 2019 /home/travis/build/icyphy/ptII/ptolemy/actor/lib/test/auto/TimedSinewavePhase.xml
----------------- Instantiating /home/travis/build/icyphy/ptII/ptolemy/actor/lib/test/auto/TimedSinewavePhase.xml
9 ms. Memory: 588800K Free: 222948K (38%)
----------------- Invoking toplevel() on ptolemy.moml.MoMLSimpleApplication@49718f7
----------------- Done invoking toplevel() on ptolemy.moml.MoMLSimpleApplication@49718f7
reloadAllAccessors: .TimedSinewavePhase

===========================================================================================
----------------- testing Thu Jul 11 04:54:50 UTC 2019 /home/travis/build/icyphy/ptII/ptolemy/actor/lib/test/auto/Timer.xml
----------------- Instantiating /home/travis/build/icyphy/ptII/ptolemy/actor/lib/test/auto/Timer.xml
2 ms. Memory: 588800K Free: 217284K (37%)
----------------- Invoking toplevel() on ptolemy.moml.MoMLSimpleApplication@6104bdcf
----------------- Done invoking toplevel() on ptolemy.moml.MoMLSimpleApplication@6104bdcf
reloadAllAccessors: .Timer

===========================================================================================
----------------- testing Thu Jul 11 04:54:50 UTC 2019 /home/travis/build/icyphy/ptII/ptolemy/actor/lib/test/auto/TriangularDistTestModel.xml
----------------- Instantiating /home/travis/build/icyphy/ptII/ptolemy/actor/lib/test/auto/TriangularDistTestModel.xml
2 ms. Memory: 588800K Free: 211684K (36%)
----------------- Invoking toplevel() on ptolemy.moml.MoMLSimpleApplication@24f78a87
----------------- Done invoking toplevel() on ptolemy.moml.MoMLSimpleApplication@24f78a87
reloadAllAccessors: .TriangularDistTestModel

===========================================================================================
----------------- testing Thu Jul 11 04:54:50 UTC 2019 /home/travis/build/icyphy/ptII/ptolemy/actor/lib/test/auto/TrigFunction.xml
----------------- Instantiating /home/travis/build/icyphy/ptII/ptolemy/actor/lib/test/auto/TrigFunction.xml
2 ms. Memory: 588800K Free: 206564K (35%)
----------------- Invoking toplevel() on ptolemy.moml.MoMLSimpleApplication@5ba5a5ff
----------------- Done invoking toplevel() on ptolemy.moml.MoMLSimpleApplication@5ba5a5ff
reloadAllAccessors: .TrigFunction

===========================================================================================
----------------- testing Thu Jul 11 04:54:50 UTC 2019 /home/travis/build/icyphy/ptII/ptolemy/actor/lib/test/auto/TrigFunctionDE.xml
----------------- Instantiating /home/travis/build/icyphy/ptII/ptolemy/actor/lib/test/auto/TrigFunctionDE.xml
1 ms. Memory: 588800K Free: 200924K (34%)
----------------- Invoking toplevel() on ptolemy.moml.MoMLSimpleApplication@234cf607
----------------- Done invoking toplevel() on ptolemy.moml.MoMLSimpleApplication@234cf607
reloadAllAccessors: .TrigFunctionDE

===========================================================================================
----------------- testing Thu Jul 11 04:54:50 UTC 2019 /home/travis/build/icyphy/ptII/ptolemy/actor/lib/test/auto/TrigFunctionInverse.xml
----------------- Instantiating /home/travis/build/icyphy/ptII/ptolemy/actor/lib/test/auto/TrigFunctionInverse.xml
2 ms. Memory: 588800K Free: 195300K (33%)
----------------- Invoking toplevel() on ptolemy.moml.MoMLSimpleApplication@3f014c0b
----------------- Done invoking toplevel() on ptolemy.moml.MoMLSimpleApplication@3f014c0b
reloadAllAccessors: .TrigFunctionInverse

===========================================================================================
----------------- testing Thu Jul 11 04:54:50 UTC 2019 /home/travis/build/icyphy/ptII/ptolemy/actor/lib/test/auto/TrigFunctionTan.xml
----------------- Instantiating /home/travis/build/icyphy/ptII/ptolemy/actor/lib/test/auto/TrigFunctionTan.xml
1 ms. Memory: 588800K Free: 191204K (32%)
----------------- Invoking toplevel() on ptolemy.moml.MoMLSimpleApplication@973289a
----------------- Done invoking toplevel() on ptolemy.moml.MoMLSimpleApplication@973289a
reloadAllAccessors: .TrigFunctionTan

===========================================================================================
----------------- testing Thu Jul 11 04:54:50 UTC 2019 /home/travis/build/icyphy/ptII/ptolemy/actor/lib/test/auto/TriggeredClock.xml
----------------- Instantiating /home/travis/build/icyphy/ptII/ptolemy/actor/lib/test/auto/TriggeredClock.xml
2 ms. Memory: 588800K Free: 536743K (91%)
----------------- Invoking toplevel() on ptolemy.moml.MoMLSimpleApplication@135e3a7d
----------------- Done invoking toplevel() on ptolemy.moml.MoMLSimpleApplication@135e3a7d
reloadAllAccessors: .TriggeredClock

===========================================================================================
----------------- testing Thu Jul 11 04:54:50 UTC 2019 /home/travis/build/icyphy/ptII/ptolemy/actor/lib/test/auto/URLDirectoryReader.xml
----------------- Instantiating /home/travis/build/icyphy/ptII/ptolemy/actor/lib/test/auto/URLDirectoryReader.xml
39 ms. Memory: 588800K Free: 528055K (90%)
----------------- Invoking toplevel() on ptolemy.moml.MoMLSimpleApplication@661d92ff
----------------- Done invoking toplevel() on ptolemy.moml.MoMLSimpleApplication@661d92ff
reloadAllAccessors: .URLDirectoryReader

===========================================================================================
----------------- testing Thu Jul 11 04:54:51 UTC 2019 /home/travis/build/icyphy/ptII/ptolemy/actor/lib/test/auto/URLDirectoryReader3.xml
----------------- Instantiating /home/travis/build/icyphy/ptII/ptolemy/actor/lib/test/auto/URLDirectoryReader3.xml
1074 ms. Memory: 588800K Free: 531850K (90%)
----------------- Invoking toplevel() on ptolemy.moml.MoMLSimpleApplication@644ce34d
----------------- Done invoking toplevel() on ptolemy.moml.MoMLSimpleApplication@644ce34d
reloadAllAccessors: .URLDirectoryReader3

===========================================================================================
----------------- testing Thu Jul 11 04:54:52 UTC 2019 /home/travis/build/icyphy/ptII/ptolemy/actor/lib/test/auto/UnaryMathFunction.xml
----------------- Instantiating /home/travis/build/icyphy/ptII/ptolemy/actor/lib/test/auto/UnaryMathFunction.xml
3 ms. Memory: 588800K Free: 523658K (89%)
----------------- Invoking toplevel() on ptolemy.moml.MoMLSimpleApplication@6437a679
----------------- Done invoking toplevel() on ptolemy.moml.MoMLSimpleApplication@6437a679
reloadAllAccessors: .UnaryMathFunction

===========================================================================================
----------------- testing Thu Jul 11 04:54:52 UTC 2019 /home/travis/build/icyphy/ptII/ptolemy/actor/lib/test/auto/Uniform.xml
----------------- Instantiating /home/travis/build/icyphy/ptII/ptolemy/actor/lib/test/auto/Uniform.xml
6 ms. Memory: 588800K Free: 519042K (88%)
----------------- Invoking toplevel() on ptolemy.moml.MoMLSimpleApplication@3a934f6c
----------------- Done invoking toplevel() on ptolemy.moml.MoMLSimpleApplication@3a934f6c
reloadAllAccessors: .Uniform

===========================================================================================
----------------- testing Thu Jul 11 04:54:52 UTC 2019 /home/travis/build/icyphy/ptII/ptolemy/actor/lib/test/auto/UnionDisassemblerTest.xml
----------------- Instantiating /home/travis/build/icyphy/ptII/ptolemy/actor/lib/test/auto/UnionDisassemblerTest.xml
18 ms. Memory: 588800K Free: 514938K (87%)
----------------- Invoking toplevel() on ptolemy.moml.MoMLSimpleApplication@6b7009d0
----------------- Done invoking toplevel() on ptolemy.moml.MoMLSimpleApplication@6b7009d0
reloadAllAccessors: .UnionDisassemblerTest

===========================================================================================
----------------- testing Thu Jul 11 04:54:52 UTC 2019 /home/travis/build/icyphy/ptII/ptolemy/actor/lib/test/auto/UtilityFunctions.xml
----------------- Instantiating /home/travis/build/icyphy/ptII/ptolemy/actor/lib/test/auto/UtilityFunctions.xml
1 ms. Memory: 588800K Free: 510856K (87%)
----------------- Invoking toplevel() on ptolemy.moml.MoMLSimpleApplication@4199a5a9
----------------- Done invoking toplevel() on ptolemy.moml.MoMLSimpleApplication@4199a5a9
reloadAllAccessors: .UtilityFunctions

===========================================================================================
----------------- testing Thu Jul 11 04:54:52 UTC 2019 /home/travis/build/icyphy/ptII/ptolemy/actor/lib/test/auto/VariableSleep.xml
----------------- Instantiating /home/travis/build/icyphy/ptII/ptolemy/actor/lib/test/auto/VariableSleep.xml
503 ms. Memory: 588800K Free: 505736K (86%)
----------------- Invoking toplevel() on ptolemy.moml.MoMLSimpleApplication@66bbba39
----------------- Done invoking toplevel() on ptolemy.moml.MoMLSimpleApplication@66bbba39
reloadAllAccessors: .VariableSleep

===========================================================================================
----------------- testing Thu Jul 11 04:54:52 UTC 2019 /home/travis/build/icyphy/ptII/ptolemy/actor/lib/test/auto/VectorAssemblerDisassemblerCT.xml
----------------- Instantiating /home/travis/build/icyphy/ptII/ptolemy/actor/lib/test/auto/VectorAssemblerDisassemblerCT.xml
64 ms. Memory: 588800K Free: 485256K (82%)
----------------- Invoking toplevel() on ptolemy.moml.MoMLSimpleApplication@50e94a75
----------------- Done invoking toplevel() on ptolemy.moml.MoMLSimpleApplication@50e94a75
reloadAllAccessors: .VectorAssemblerDisassemblerCT

===========================================================================================
----------------- testing Thu Jul 11 04:54:53 UTC 2019 /home/travis/build/icyphy/ptII/ptolemy/actor/lib/test/auto/VectorAssemblerDisassemblerDE.xml
----------------- Instantiating /home/travis/build/icyphy/ptII/ptolemy/actor/lib/test/auto/VectorAssemblerDisassemblerDE.xml
3 ms. Memory: 588800K Free: 478088K (81%)
----------------- Invoking toplevel() on ptolemy.moml.MoMLSimpleApplication@462d0af
----------------- Done invoking toplevel() on ptolemy.moml.MoMLSimpleApplication@462d0af
reloadAllAccessors: .VectorAssemblerDisassemblerDE

===========================================================================================
----------------- testing Thu Jul 11 04:54:53 UTC 2019 /home/travis/build/icyphy/ptII/ptolemy/actor/lib/test/auto/VectorAssemblerDisassemblerSDF.xml
----------------- Instantiating /home/travis/build/icyphy/ptII/ptolemy/actor/lib/test/auto/VectorAssemblerDisassemblerSDF.xml
3 ms. Memory: 588800K Free: 470920K (80%)
----------------- Invoking toplevel() on ptolemy.moml.MoMLSimpleApplication@2de21db6
----------------- Done invoking toplevel() on ptolemy.moml.MoMLSimpleApplication@2de21db6
reloadAllAccessors: .VectorAssemblerDisassemblerSDF

===========================================================================================
----------------- testing Thu Jul 11 04:54:53 UTC 2019 /home/travis/build/icyphy/ptII/ptolemy/actor/lib/test/auto/WallClockTime.xml
----------------- Instantiating /home/travis/build/icyphy/ptII/ptolemy/actor/lib/test/auto/WallClockTime.xml
1004 ms. Memory: 588800K Free: 465800K (79%)
----------------- Invoking toplevel() on ptolemy.moml.MoMLSimpleApplication@32b1d0c7
----------------- Done invoking toplevel() on ptolemy.moml.MoMLSimpleApplication@32b1d0c7
reloadAllAccessors: .WallClockTime

===========================================================================================
----------------- testing Thu Jul 11 04:54:54 UTC 2019 /home/travis/build/icyphy/ptII/ptolemy/actor/lib/test/auto/WidthTestWithSubscriberPublisher.xml
----------------- Instantiating /home/travis/build/icyphy/ptII/ptolemy/actor/lib/test/auto/WidthTestWithSubscriberPublisher.xml
6 ms. Memory: 588800K Free: 447882K (76%)
----------------- Invoking toplevel() on ptolemy.moml.MoMLSimpleApplication@24fc8b0e
----------------- Done invoking toplevel() on ptolemy.moml.MoMLSimpleApplication@24fc8b0e
reloadAllAccessors: .WidthTestWithSubscriberPublisher

===========================================================================================
----------------- testing Thu Jul 11 04:54:54 UTC 2019 /home/travis/build/icyphy/ptII/ptolemy/actor/lib/test/auto/WidthTestWithSubscriberPublisher2.xml
----------------- Instantiating /home/travis/build/icyphy/ptII/ptolemy/actor/lib/test/auto/WidthTestWithSubscriberPublisher2.xml
2 ms. Memory: 588800K Free: 441224K (75%)
----------------- Invoking toplevel() on ptolemy.moml.MoMLSimpleApplication@17e81f5a
----------------- Done invoking toplevel() on ptolemy.moml.MoMLSimpleApplication@17e81f5a
reloadAllAccessors: .WidthTestWithSubscriberPublisher2

===========================================================================================
----------------- testing Thu Jul 11 04:54:54 UTC 2019 /home/travis/build/icyphy/ptII/ptolemy/actor/lib/test/auto/WidthTestWithSubscriberPublisher3.xml
----------------- Instantiating /home/travis/build/icyphy/ptII/ptolemy/actor/lib/test/auto/WidthTestWithSubscriberPublisher3.xml
2 ms. Memory: 588800K Free: 435594K (74%)
----------------- Invoking toplevel() on ptolemy.moml.MoMLSimpleApplication@55d3281c
----------------- Done invoking toplevel() on ptolemy.moml.MoMLSimpleApplication@55d3281c
reloadAllAccessors: .WidthTestWithSubscriberPublisher3

===========================================================================================
----------------- testing Thu Jul 11 04:54:54 UTC 2019 /home/travis/build/icyphy/ptII/ptolemy/actor/lib/test/auto/Writer.xml
----------------- Instantiating /home/travis/build/icyphy/ptII/ptolemy/actor/lib/test/auto/Writer.xml
0
1
2
3
4
2 ms. Memory: 588800K Free: 430978K (73%)
----------------- Invoking toplevel() on ptolemy.moml.MoMLSimpleApplication@5c6d4f91
----------------- Done invoking toplevel() on ptolemy.moml.MoMLSimpleApplication@5c6d4f91
reloadAllAccessors: .Writer

===========================================================================================
----------------- testing Thu Jul 11 04:54:54 UTC 2019 /home/travis/build/icyphy/ptII/ptolemy/actor/lib/test/auto/array.xml
----------------- Instantiating /home/travis/build/icyphy/ptII/ptolemy/actor/lib/test/auto/array.xml
2 ms. Memory: 588800K Free: 426378K (72%)
----------------- Invoking toplevel() on ptolemy.moml.MoMLSimpleApplication@d7a0a10
----------------- Done invoking toplevel() on ptolemy.moml.MoMLSimpleApplication@d7a0a10
reloadAllAccessors: .array

===========================================================================================
----------------- testing Thu Jul 11 04:54:54 UTC 2019 /home/travis/build/icyphy/ptII/ptolemy/actor/lib/test/auto/array2.xml
----------------- Instantiating /home/travis/build/icyphy/ptII/ptolemy/actor/lib/test/auto/array2.xml
11 ms. Memory: 588800K Free: 421754K (72%)
----------------- Invoking toplevel() on ptolemy.moml.MoMLSimpleApplication@41ac28bf
----------------- Done invoking toplevel() on ptolemy.moml.MoMLSimpleApplication@41ac28bf
reloadAllAccessors: .array2

===========================================================================================
----------------- testing Thu Jul 11 04:54:54 UTC 2019 /home/travis/build/icyphy/ptII/ptolemy/actor/lib/test/auto/arrayType.xml
----------------- Instantiating /home/travis/build/icyphy/ptII/ptolemy/actor/lib/test/auto/arrayType.xml
2 ms. Memory: 588800K Free: 416138K (71%)
----------------- Invoking toplevel() on ptolemy.moml.MoMLSimpleApplication@2c43cb49
----------------- Done invoking toplevel() on ptolemy.moml.MoMLSimpleApplication@2c43cb49
reloadAllAccessors: .arrayType

===========================================================================================
----------------- testing Thu Jul 11 04:54:54 UTC 2019 /home/travis/build/icyphy/ptII/ptolemy/actor/lib/test/auto/arrayType10.xml
----------------- Instantiating /home/travis/build/icyphy/ptII/ptolemy/actor/lib/test/auto/arrayType10.xml
1 ms. Memory: 588800K Free: 411528K (70%)
----------------- Invoking toplevel() on ptolemy.moml.MoMLSimpleApplication@5f773733
----------------- Done invoking toplevel() on ptolemy.moml.MoMLSimpleApplication@5f773733
reloadAllAccessors: .arrayType10

===========================================================================================
----------------- testing Thu Jul 11 04:54:54 UTC 2019 /home/travis/build/icyphy/ptII/ptolemy/actor/lib/test/auto/arrayType11.xml
----------------- Instantiating /home/travis/build/icyphy/ptII/ptolemy/actor/lib/test/auto/arrayType11.xml
1 ms. Memory: 588800K Free: 406408K (69%)
----------------- Invoking toplevel() on ptolemy.moml.MoMLSimpleApplication@7ade5d6d
----------------- Done invoking toplevel() on ptolemy.moml.MoMLSimpleApplication@7ade5d6d
reloadAllAccessors: .arrayType11

===========================================================================================
----------------- testing Thu Jul 11 04:54:54 UTC 2019 /home/travis/build/icyphy/ptII/ptolemy/actor/lib/test/auto/arrayType12.xml
----------------- Instantiating /home/travis/build/icyphy/ptII/ptolemy/actor/lib/test/auto/arrayType12.xml
2 ms. Memory: 588800K Free: 401802K (68%)
----------------- Invoking toplevel() on ptolemy.moml.MoMLSimpleApplication@7abe6a5b
----------------- Done invoking toplevel() on ptolemy.moml.MoMLSimpleApplication@7abe6a5b
reloadAllAccessors: .arrayType12

===========================================================================================
----------------- testing Thu Jul 11 04:54:54 UTC 2019 /home/travis/build/icyphy/ptII/ptolemy/actor/lib/test/auto/arrayType13.xml
----------------- Instantiating /home/travis/build/icyphy/ptII/ptolemy/actor/lib/test/auto/arrayType13.xml
1 ms. Memory: 588800K Free: 396682K (67%)
----------------- Invoking toplevel() on ptolemy.moml.MoMLSimpleApplication@33b917ae
----------------- Done invoking toplevel() on ptolemy.moml.MoMLSimpleApplication@33b917ae
reloadAllAccessors: .arrayType13

===========================================================================================
----------------- testing Thu Jul 11 04:54:54 UTC 2019 /home/travis/build/icyphy/ptII/ptolemy/actor/lib/test/auto/arrayType14.xml
----------------- Instantiating /home/travis/build/icyphy/ptII/ptolemy/actor/lib/test/auto/arrayType14.xml
1 ms. Memory: 588800K Free: 391048K (66%)
----------------- Invoking toplevel() on ptolemy.moml.MoMLSimpleApplication@3f8388df
----------------- Done invoking toplevel() on ptolemy.moml.MoMLSimpleApplication@3f8388df
reloadAllAccessors: .arrayType14

===========================================================================================
----------------- testing Thu Jul 11 04:54:54 UTC 2019 /home/travis/build/icyphy/ptII/ptolemy/actor/lib/test/auto/arrayType15.xml
----------------- Instantiating /home/travis/build/icyphy/ptII/ptolemy/actor/lib/test/auto/arrayType15.xml
3 ms. Memory: 588800K Free: 385914K (66%)
----------------- Invoking toplevel() on ptolemy.moml.MoMLSimpleApplication@725a63bd
----------------- Done invoking toplevel() on ptolemy.moml.MoMLSimpleApplication@725a63bd
reloadAllAccessors: .arrayType15

===========================================================================================
----------------- testing Thu Jul 11 04:54:54 UTC 2019 /home/travis/build/icyphy/ptII/ptolemy/actor/lib/test/auto/arrayType16.xml
----------------- Instantiating /home/travis/build/icyphy/ptII/ptolemy/actor/lib/test/auto/arrayType16.xml
1 ms. Memory: 588800K Free: 380298K (65%)
----------------- Invoking toplevel() on ptolemy.moml.MoMLSimpleApplication@5b88a128
----------------- Done invoking toplevel() on ptolemy.moml.MoMLSimpleApplication@5b88a128
reloadAllAccessors: .arrayType16

===========================================================================================
----------------- testing Thu Jul 11 04:54:54 UTC 2019 /home/travis/build/icyphy/ptII/ptolemy/actor/lib/test/auto/arrayType17.xml
----------------- Instantiating /home/travis/build/icyphy/ptII/ptolemy/actor/lib/test/auto/arrayType17.xml
2 ms. Memory: 588800K Free: 375178K (64%)
----------------- Invoking toplevel() on ptolemy.moml.MoMLSimpleApplication@d1eb5bb
----------------- Done invoking toplevel() on ptolemy.moml.MoMLSimpleApplication@d1eb5bb
reloadAllAccessors: .arrayType17

===========================================================================================
----------------- testing Thu Jul 11 04:54:54 UTC 2019 /home/travis/build/icyphy/ptII/ptolemy/actor/lib/test/auto/arrayType18.xml
----------------- Instantiating /home/travis/build/icyphy/ptII/ptolemy/actor/lib/test/auto/arrayType18.xml
1 ms. Memory: 588800K Free: 370058K (63%)
----------------- Invoking toplevel() on ptolemy.moml.MoMLSimpleApplication@3f1f3647
----------------- Done invoking toplevel() on ptolemy.moml.MoMLSimpleApplication@3f1f3647
reloadAllAccessors: .arrayType18

===========================================================================================
----------------- testing Thu Jul 11 04:54:54 UTC 2019 /home/travis/build/icyphy/ptII/ptolemy/actor/lib/test/auto/arrayType19.xml
----------------- Instantiating /home/travis/build/icyphy/ptII/ptolemy/actor/lib/test/auto/arrayType19.xml
2 ms. Memory: 588800K Free: 365448K (62%)
----------------- Invoking toplevel() on ptolemy.moml.MoMLSimpleApplication@d399b38
----------------- Done invoking toplevel() on ptolemy.moml.MoMLSimpleApplication@d399b38
reloadAllAccessors: .arrayType19

===========================================================================================
----------------- testing Thu Jul 11 04:54:54 UTC 2019 /home/travis/build/icyphy/ptII/ptolemy/actor/lib/test/auto/arrayType2.xml
----------------- Instantiating /home/travis/build/icyphy/ptII/ptolemy/actor/lib/test/auto/arrayType2.xml
2 ms. Memory: 588800K Free: 360328K (61%)
----------------- Invoking toplevel() on ptolemy.moml.MoMLSimpleApplication@674f29ae
----------------- Done invoking toplevel() on ptolemy.moml.MoMLSimpleApplication@674f29ae
reloadAllAccessors: .arrayType2

===========================================================================================
----------------- testing Thu Jul 11 04:54:54 UTC 2019 /home/travis/build/icyphy/ptII/ptolemy/actor/lib/test/auto/arrayType20.xml
----------------- Instantiating /home/travis/build/icyphy/ptII/ptolemy/actor/lib/test/auto/arrayType20.xml
1 ms. Memory: 588800K Free: 355208K (60%)
----------------- Invoking toplevel() on ptolemy.moml.MoMLSimpleApplication@26a99c38
----------------- Done invoking toplevel() on ptolemy.moml.MoMLSimpleApplication@26a99c38
reloadAllAccessors: .arrayType20

===========================================================================================
----------------- testing Thu Jul 11 04:54:54 UTC 2019 /home/travis/build/icyphy/ptII/ptolemy/actor/lib/test/auto/arrayType21.xml
----------------- Instantiating /home/travis/build/icyphy/ptII/ptolemy/actor/lib/test/auto/arrayType21.xml
2 ms. Memory: 588800K Free: 350602K (60%)
----------------- Invoking toplevel() on ptolemy.moml.MoMLSimpleApplication@32f51772
----------------- Done invoking toplevel() on ptolemy.moml.MoMLSimpleApplication@32f51772
reloadAllAccessors: .arrayType21

===========================================================================================
----------------- testing Thu Jul 11 04:54:54 UTC 2019 /home/travis/build/icyphy/ptII/ptolemy/actor/lib/test/auto/arrayType22.xml
----------------- Instantiating /home/travis/build/icyphy/ptII/ptolemy/actor/lib/test/auto/arrayType22.xml
2 ms. Memory: 588800K Free: 345482K (59%)
----------------- Invoking toplevel() on ptolemy.moml.MoMLSimpleApplication@6fe4c33c
----------------- Done invoking toplevel() on ptolemy.moml.MoMLSimpleApplication@6fe4c33c
reloadAllAccessors: .arrayType22

===========================================================================================
----------------- testing Thu Jul 11 04:54:54 UTC 2019 /home/travis/build/icyphy/ptII/ptolemy/actor/lib/test/auto/arrayType23.xml
----------------- Instantiating /home/travis/build/icyphy/ptII/ptolemy/actor/lib/test/auto/arrayType23.xml
1 ms. Memory: 588800K Free: 340872K (58%)
----------------- Invoking toplevel() on ptolemy.moml.MoMLSimpleApplication@60b4ee8e
----------------- Done invoking toplevel() on ptolemy.moml.MoMLSimpleApplication@60b4ee8e
reloadAllAccessors: .arrayType23

===========================================================================================
----------------- testing Thu Jul 11 04:54:54 UTC 2019 /home/travis/build/icyphy/ptII/ptolemy/actor/lib/test/auto/arrayType24.xml
----------------- Instantiating /home/travis/build/icyphy/ptII/ptolemy/actor/lib/test/auto/arrayType24.xml
1 ms. Memory: 588800K Free: 335752K (57%)
----------------- Invoking toplevel() on ptolemy.moml.MoMLSimpleApplication@5f166b09
----------------- Done invoking toplevel() on ptolemy.moml.MoMLSimpleApplication@5f166b09
reloadAllAccessors: .arrayType24

===========================================================================================
----------------- testing Thu Jul 11 04:54:54 UTC 2019 /home/travis/build/icyphy/ptII/ptolemy/actor/lib/test/auto/arrayType25.xml
----------------- Instantiating /home/travis/build/icyphy/ptII/ptolemy/actor/lib/test/auto/arrayType25.xml
2 ms. Memory: 588800K Free: 330632K (56%)
----------------- Invoking toplevel() on ptolemy.moml.MoMLSimpleApplication@1a1f7494
----------------- Done invoking toplevel() on ptolemy.moml.MoMLSimpleApplication@1a1f7494
reloadAllAccessors: .arrayType25

===========================================================================================
----------------- testing Thu Jul 11 04:54:54 UTC 2019 /home/travis/build/icyphy/ptII/ptolemy/actor/lib/test/auto/arrayType26.xml
----------------- Instantiating /home/travis/build/icyphy/ptII/ptolemy/actor/lib/test/auto/arrayType26.xml
1 ms. Memory: 588800K Free: 325002K (55%)
----------------- Invoking toplevel() on ptolemy.moml.MoMLSimpleApplication@41bd8089
----------------- Done invoking toplevel() on ptolemy.moml.MoMLSimpleApplication@41bd8089
reloadAllAccessors: .arrayType26

===========================================================================================
----------------- testing Thu Jul 11 04:54:54 UTC 2019 /home/travis/build/icyphy/ptII/ptolemy/actor/lib/test/auto/arrayType27.xml
----------------- Instantiating /home/travis/build/icyphy/ptII/ptolemy/actor/lib/test/auto/arrayType27.xml
1 ms. Memory: 588800K Free: 319882K (54%)
----------------- Invoking toplevel() on ptolemy.moml.MoMLSimpleApplication@458325ab
----------------- Done invoking toplevel() on ptolemy.moml.MoMLSimpleApplication@458325ab
reloadAllAccessors: .arrayType27

===========================================================================================
----------------- testing Thu Jul 11 04:54:54 UTC 2019 /home/travis/build/icyphy/ptII/ptolemy/actor/lib/test/auto/arrayType28.xml
----------------- Instantiating /home/travis/build/icyphy/ptII/ptolemy/actor/lib/test/auto/arrayType28.xml
1 ms. Memory: 588800K Free: 314248K (53%)
----------------- Invoking toplevel() on ptolemy.moml.MoMLSimpleApplication@74647e90
----------------- Done invoking toplevel() on ptolemy.moml.MoMLSimpleApplication@74647e90
reloadAllAccessors: .arrayType28

===========================================================================================
----------------- testing Thu Jul 11 04:54:54 UTC 2019 /home/travis/build/icyphy/ptII/ptolemy/actor/lib/test/auto/arrayType3.xml
----------------- Instantiating /home/travis/build/icyphy/ptII/ptolemy/actor/lib/test/auto/arrayType3.xml
1 ms. Memory: 588800K Free: 309128K (53%)
----------------- Invoking toplevel() on ptolemy.moml.MoMLSimpleApplication@2c504e29
----------------- Done invoking toplevel() on ptolemy.moml.MoMLSimpleApplication@2c504e29
reloadAllAccessors: .arrayType3

===========================================================================================
----------------- testing Thu Jul 11 04:54:54 UTC 2019 /home/travis/build/icyphy/ptII/ptolemy/actor/lib/test/auto/arrayType4.xml
----------------- Instantiating /home/travis/build/icyphy/ptII/ptolemy/actor/lib/test/auto/arrayType4.xml
1 ms. Memory: 588800K Free: 303994K (52%)
----------------- Invoking toplevel() on ptolemy.moml.MoMLSimpleApplication@1c6d1010
----------------- Done invoking toplevel() on ptolemy.moml.MoMLSimpleApplication@1c6d1010
reloadAllAccessors: .arrayType4

===========================================================================================
----------------- testing Thu Jul 11 04:54:54 UTC 2019 /home/travis/build/icyphy/ptII/ptolemy/actor/lib/test/auto/arrayType5.xml
----------------- Instantiating /home/travis/build/icyphy/ptII/ptolemy/actor/lib/test/auto/arrayType5.xml
1 ms. Memory: 588800K Free: 298378K (51%)
----------------- Invoking toplevel() on ptolemy.moml.MoMLSimpleApplication@78282afd
----------------- Done invoking toplevel() on ptolemy.moml.MoMLSimpleApplication@78282afd
reloadAllAccessors: .arrayType5

===========================================================================================
----------------- testing Thu Jul 11 04:54:54 UTC 2019 /home/travis/build/icyphy/ptII/ptolemy/actor/lib/test/auto/arrayType6.xml
----------------- Instantiating /home/travis/build/icyphy/ptII/ptolemy/actor/lib/test/auto/arrayType6.xml
1 ms. Memory: 588800K Free: 293768K (50%)
----------------- Invoking toplevel() on ptolemy.moml.MoMLSimpleApplication@151879d1
----------------- Done invoking toplevel() on ptolemy.moml.MoMLSimpleApplication@151879d1
reloadAllAccessors: .arrayType6

===========================================================================================
----------------- testing Thu Jul 11 04:54:54 UTC 2019 /home/travis/build/icyphy/ptII/ptolemy/actor/lib/test/auto/arrayType7.xml
----------------- Instantiating /home/travis/build/icyphy/ptII/ptolemy/actor/lib/test/auto/arrayType7.xml
1 ms. Memory: 588800K Free: 288648K (49%)
----------------- Invoking toplevel() on ptolemy.moml.MoMLSimpleApplication@6c5ee3f8
----------------- Done invoking toplevel() on ptolemy.moml.MoMLSimpleApplication@6c5ee3f8
reloadAllAccessors: .arrayType7

===========================================================================================
----------------- testing Thu Jul 11 04:54:54 UTC 2019 /home/travis/build/icyphy/ptII/ptolemy/actor/lib/test/auto/arrayType8.xml
----------------- Instantiating /home/travis/build/icyphy/ptII/ptolemy/actor/lib/test/auto/arrayType8.xml
7 ms. Memory: 588800K Free: 284042K (48%)
----------------- Invoking toplevel() on ptolemy.moml.MoMLSimpleApplication@19398b0c
----------------- Done invoking toplevel() on ptolemy.moml.MoMLSimpleApplication@19398b0c
reloadAllAccessors: .arrayType8

===========================================================================================
----------------- testing Thu Jul 11 04:54:54 UTC 2019 /home/travis/build/icyphy/ptII/ptolemy/actor/lib/test/auto/arrayType9.xml
----------------- Instantiating /home/travis/build/icyphy/ptII/ptolemy/actor/lib/test/auto/arrayType9.xml
1 ms. Memory: 588800K Free: 278922K (47%)
----------------- Invoking toplevel() on ptolemy.moml.MoMLSimpleApplication@557c0321
----------------- Done invoking toplevel() on ptolemy.moml.MoMLSimpleApplication@557c0321
reloadAllAccessors: .arrayType9

===========================================================================================
----------------- testing Thu Jul 11 04:54:54 UTC 2019 /home/travis/build/icyphy/ptII/ptolemy/actor/lib/test/auto/cast.xml
----------------- Instantiating /home/travis/build/icyphy/ptII/ptolemy/actor/lib/test/auto/cast.xml
3 ms. Memory: 588800K Free: 531615K (90%)
----------------- Invoking toplevel() on ptolemy.moml.MoMLSimpleApplication@68d97c14
----------------- Done invoking toplevel() on ptolemy.moml.MoMLSimpleApplication@68d97c14
reloadAllAccessors: .cast

===========================================================================================
----------------- testing Thu Jul 11 04:54:54 UTC 2019 /home/travis/build/icyphy/ptII/ptolemy/actor/lib/test/auto/compositeMultiPort.xml
----------------- Instantiating /home/travis/build/icyphy/ptII/ptolemy/actor/lib/test/auto/compositeMultiPort.xml
4 ms. Memory: 588800K Free: 521889K (89%)
----------------- Invoking toplevel() on ptolemy.moml.MoMLSimpleApplication@3bf6f1a
----------------- Done invoking toplevel() on ptolemy.moml.MoMLSimpleApplication@3bf6f1a
reloadAllAccessors: .compositeMultiPort

===========================================================================================
----------------- testing Thu Jul 11 04:54:54 UTC 2019 /home/travis/build/icyphy/ptII/ptolemy/actor/lib/test/auto/expressionCastInference.xml
----------------- Instantiating /home/travis/build/icyphy/ptII/ptolemy/actor/lib/test/auto/expressionCastInference.xml
2 ms. Memory: 588800K Free: 517279K (88%)
----------------- Invoking toplevel() on ptolemy.moml.MoMLSimpleApplication@2936990b
----------------- Done invoking toplevel() on ptolemy.moml.MoMLSimpleApplication@2936990b
reloadAllAccessors: .expressionCastInference

===========================================================================================
----------------- testing Thu Jul 11 04:54:54 UTC 2019 /home/travis/build/icyphy/ptII/ptolemy/actor/lib/test/auto/expressionCastInference2.xml
----------------- Instantiating /home/travis/build/icyphy/ptII/ptolemy/actor/lib/test/auto/expressionCastInference2.xml
3 ms. Memory: 588800K Free: 512159K (87%)
----------------- Invoking toplevel() on ptolemy.moml.MoMLSimpleApplication@55a47d6e
----------------- Done invoking toplevel() on ptolemy.moml.MoMLSimpleApplication@55a47d6e
reloadAllAccessors: .expressionCastInference2

===========================================================================================
----------------- testing Thu Jul 11 04:54:54 UTC 2019 /home/travis/build/icyphy/ptII/ptolemy/actor/lib/test/auto/expressionInference.xml
----------------- Instantiating /home/travis/build/icyphy/ptII/ptolemy/actor/lib/test/auto/expressionInference.xml
2 ms. Memory: 588800K Free: 508063K (86%)
----------------- Invoking toplevel() on ptolemy.moml.MoMLSimpleApplication@19171490
----------------- Done invoking toplevel() on ptolemy.moml.MoMLSimpleApplication@19171490
reloadAllAccessors: .expressionInference

===========================================================================================
----------------- testing Thu Jul 11 04:54:54 UTC 2019 /home/travis/build/icyphy/ptII/ptolemy/actor/lib/test/auto/expression_bug.xml
----------------- Instantiating /home/travis/build/icyphy/ptII/ptolemy/actor/lib/test/auto/expression_bug.xml
2 ms. Memory: 588800K Free: 503457K (86%)
----------------- Invoking toplevel() on ptolemy.moml.MoMLSimpleApplication@707998b5
----------------- Done invoking toplevel() on ptolemy.moml.MoMLSimpleApplication@707998b5
reloadAllAccessors: .expression_bug

===========================================================================================
----------------- testing Thu Jul 11 04:54:55 UTC 2019 /home/travis/build/icyphy/ptII/ptolemy/actor/lib/test/auto/factorial.xml
----------------- Instantiating /home/travis/build/icyphy/ptII/ptolemy/actor/lib/test/auto/factorial.xml
31 ms. Memory: 588800K Free: 495265K (84%)
----------------- Invoking toplevel() on ptolemy.moml.MoMLSimpleApplication@6c7d52ac
----------------- Done invoking toplevel() on ptolemy.moml.MoMLSimpleApplication@6c7d52ac
reloadAllAccessors: .factorial

===========================================================================================
----------------- testing Thu Jul 11 04:54:55 UTC 2019 /home/travis/build/icyphy/ptII/ptolemy/actor/lib/test/auto/filterTest1.xml
----------------- Instantiating /home/travis/build/icyphy/ptII/ptolemy/actor/lib/test/auto/filterTest1.xml
3 ms. Memory: 588800K Free: 489121K (83%)
----------------- Invoking toplevel() on ptolemy.moml.MoMLSimpleApplication@22570405
----------------- Done invoking toplevel() on ptolemy.moml.MoMLSimpleApplication@22570405
reloadAllAccessors: .filterTest1

===========================================================================================
----------------- testing Thu Jul 11 04:54:55 UTC 2019 /home/travis/build/icyphy/ptII/ptolemy/actor/lib/test/auto/funcApplyInConst.xml
----------------- Instantiating /home/travis/build/icyphy/ptII/ptolemy/actor/lib/test/auto/funcApplyInConst.xml
0 ms. Memory: 588800K Free: 485535K (82%)
----------------- Invoking toplevel() on ptolemy.moml.MoMLSimpleApplication@1d455cdd
----------------- Done invoking toplevel() on ptolemy.moml.MoMLSimpleApplication@1d455cdd
reloadAllAccessors: .funcApplyInConst

===========================================================================================
----------------- testing Thu Jul 11 04:54:55 UTC 2019 /home/travis/build/icyphy/ptII/ptolemy/actor/lib/test/auto/funcApplyInExpr.xml
----------------- Instantiating /home/travis/build/icyphy/ptII/ptolemy/actor/lib/test/auto/funcApplyInExpr.xml
1 ms. Memory: 588800K Free: 481439K (82%)
----------------- Invoking toplevel() on ptolemy.moml.MoMLSimpleApplication@16937c6a
----------------- Done invoking toplevel() on ptolemy.moml.MoMLSimpleApplication@16937c6a
reloadAllAccessors: .funcApplyInExpr

===========================================================================================
----------------- testing Thu Jul 11 04:54:55 UTC 2019 /home/travis/build/icyphy/ptII/ptolemy/actor/lib/test/auto/function.xml
----------------- Instantiating /home/travis/build/icyphy/ptII/ptolemy/actor/lib/test/auto/function.xml
2 ms. Memory: 588800K Free: 476833K (81%)
----------------- Invoking toplevel() on ptolemy.moml.MoMLSimpleApplication@3ce71376
----------------- Done invoking toplevel() on ptolemy.moml.MoMLSimpleApplication@3ce71376
reloadAllAccessors: .function

===========================================================================================
----------------- testing Thu Jul 11 04:54:55 UTC 2019 /home/travis/build/icyphy/ptII/ptolemy/actor/lib/test/auto/function2.xml
----------------- Instantiating /home/travis/build/icyphy/ptII/ptolemy/actor/lib/test/auto/function2.xml
2 ms. Memory: 588800K Free: 471713K (80%)
----------------- Invoking toplevel() on ptolemy.moml.MoMLSimpleApplication@81ec207
----------------- Done invoking toplevel() on ptolemy.moml.MoMLSimpleApplication@81ec207
reloadAllAccessors: .function2

===========================================================================================
----------------- testing Thu Jul 11 04:54:55 UTC 2019 /home/travis/build/icyphy/ptII/ptolemy/actor/lib/test/auto/function3.xml
----------------- Instantiating /home/travis/build/icyphy/ptII/ptolemy/actor/lib/test/auto/function3.xml
1 ms. Memory: 588800K Free: 468127K (80%)
----------------- Invoking toplevel() on ptolemy.moml.MoMLSimpleApplication@22d843cf
----------------- Done invoking toplevel() on ptolemy.moml.MoMLSimpleApplication@22d843cf
reloadAllAccessors: .function3

===========================================================================================
----------------- testing Thu Jul 11 04:54:55 UTC 2019 /home/travis/build/icyphy/ptII/ptolemy/actor/lib/test/auto/functionClosureTest1.xml
----------------- Instantiating /home/travis/build/icyphy/ptII/ptolemy/actor/lib/test/auto/functionClosureTest1.xml
3 ms. Memory: 588800K Free: 461952K (78%)
----------------- Invoking toplevel() on ptolemy.moml.MoMLSimpleApplication@6bd1f228
----------------- Done invoking toplevel() on ptolemy.moml.MoMLSimpleApplication@6bd1f228
reloadAllAccessors: .functionClosureTest1

===========================================================================================
----------------- testing Thu Jul 11 04:54:55 UTC 2019 /home/travis/build/icyphy/ptII/ptolemy/actor/lib/test/auto/functionClosureTest2.xml
----------------- Instantiating /home/travis/build/icyphy/ptII/ptolemy/actor/lib/test/auto/functionClosureTest2.xml
1 ms. Memory: 588800K Free: 458401K (78%)
----------------- Invoking toplevel() on ptolemy.moml.MoMLSimpleApplication@2bc14156
----------------- Done invoking toplevel() on ptolemy.moml.MoMLSimpleApplication@2bc14156
reloadAllAccessors: .functionClosureTest2

===========================================================================================
----------------- testing Thu Jul 11 04:54:55 UTC 2019 /home/travis/build/icyphy/ptII/ptolemy/actor/lib/test/auto/functionClosureTest3.xml
----------------- Instantiating /home/travis/build/icyphy/ptII/ptolemy/actor/lib/test/auto/functionClosureTest3.xml
4 ms. Memory: 588800K Free: 452752K (77%)
----------------- Invoking toplevel() on ptolemy.moml.MoMLSimpleApplication@3c35b320
----------------- Done invoking toplevel() on ptolemy.moml.MoMLSimpleApplication@3c35b320
reloadAllAccessors: .functionClosureTest3

===========================================================================================
----------------- testing Thu Jul 11 04:54:55 UTC 2019 /home/travis/build/icyphy/ptII/ptolemy/actor/lib/test/auto/functionClosureTest4.xml
----------------- Instantiating /home/travis/build/icyphy/ptII/ptolemy/actor/lib/test/auto/functionClosureTest4.xml
4 ms. Memory: 588800K Free: 446623K (76%)
----------------- Invoking toplevel() on ptolemy.moml.MoMLSimpleApplication@1985ea50
----------------- Done invoking toplevel() on ptolemy.moml.MoMLSimpleApplication@1985ea50
reloadAllAccessors: .functionClosureTest4

===========================================================================================
----------------- testing Thu Jul 11 04:54:55 UTC 2019 /home/travis/build/icyphy/ptII/ptolemy/actor/lib/test/auto/functionClosureTest5.xml
----------------- Instantiating /home/travis/build/icyphy/ptII/ptolemy/actor/lib/test/auto/functionClosureTest5.xml
4 ms. Memory: 588800K Free: 440993K (75%)
----------------- Invoking toplevel() on ptolemy.moml.MoMLSimpleApplication@48d04a3d
----------------- Done invoking toplevel() on ptolemy.moml.MoMLSimpleApplication@48d04a3d
reloadAllAccessors: .functionClosureTest5

===========================================================================================
----------------- testing Thu Jul 11 04:54:55 UTC 2019 /home/travis/build/icyphy/ptII/ptolemy/actor/lib/test/auto/functionClosureTest6.xml
----------------- Instantiating /home/travis/build/icyphy/ptII/ptolemy/actor/lib/test/auto/functionClosureTest6.xml
1 ms. Memory: 588800K Free: 436383K (74%)
----------------- Invoking toplevel() on ptolemy.moml.MoMLSimpleApplication@97ae8a7
----------------- Done invoking toplevel() on ptolemy.moml.MoMLSimpleApplication@97ae8a7
reloadAllAccessors: .functionClosureTest6

===========================================================================================
----------------- testing Thu Jul 11 04:54:55 UTC 2019 /home/travis/build/icyphy/ptII/ptolemy/actor/lib/test/auto/functionsOnArcs.xml
----------------- Instantiating /home/travis/build/icyphy/ptII/ptolemy/actor/lib/test/auto/functionsOnArcs.xml
2 ms. Memory: 588800K Free: 430753K (73%)
----------------- Invoking toplevel() on ptolemy.moml.MoMLSimpleApplication@1d16451
----------------- Done invoking toplevel() on ptolemy.moml.MoMLSimpleApplication@1d16451
reloadAllAccessors: .functionsOnArcs

===========================================================================================
----------------- testing Thu Jul 11 04:54:55 UTC 2019 /home/travis/build/icyphy/ptII/ptolemy/actor/lib/test/auto/functionsOnArcsHOF.xml
----------------- Instantiating /home/travis/build/icyphy/ptII/ptolemy/actor/lib/test/auto/functionsOnArcsHOF.xml
3 ms. Memory: 588800K Free: 424609K (72%)
----------------- Invoking toplevel() on ptolemy.moml.MoMLSimpleApplication@21b0347f
----------------- Done invoking toplevel() on ptolemy.moml.MoMLSimpleApplication@21b0347f
reloadAllAccessors: .functionsOnArcsHOF

===========================================================================================
----------------- testing Thu Jul 11 04:54:55 UTC 2019 /home/travis/build/icyphy/ptII/ptolemy/actor/lib/test/auto/logic.xml
----------------- Instantiating /home/travis/build/icyphy/ptII/ptolemy/actor/lib/test/auto/logic.xml
2 ms. Memory: 588800K Free: 417441K (71%)
----------------- Invoking toplevel() on ptolemy.moml.MoMLSimpleApplication@14f065cd
----------------- Done invoking toplevel() on ptolemy.moml.MoMLSimpleApplication@14f065cd
reloadAllAccessors: .logic

===========================================================================================
----------------- testing Thu Jul 11 04:54:55 UTC 2019 /home/travis/build/icyphy/ptII/ptolemy/actor/lib/test/auto/matrixType.xml
----------------- Instantiating /home/travis/build/icyphy/ptII/ptolemy/actor/lib/test/auto/matrixType.xml
1 ms. Memory: 588800K Free: 411807K (70%)
----------------- Invoking toplevel() on ptolemy.moml.MoMLSimpleApplication@60725fea
----------------- Done invoking toplevel() on ptolemy.moml.MoMLSimpleApplication@60725fea
reloadAllAccessors: .matrixType

===========================================================================================
----------------- testing Thu Jul 11 04:54:55 UTC 2019 /home/travis/build/icyphy/ptII/ptolemy/actor/lib/test/auto/matrixType10.xml
----------------- Instantiating /home/travis/build/icyphy/ptII/ptolemy/actor/lib/test/auto/matrixType10.xml
1 ms. Memory: 588800K Free: 407201K (69%)
----------------- Invoking toplevel() on ptolemy.moml.MoMLSimpleApplication@40f3e129
----------------- Done invoking toplevel() on ptolemy.moml.MoMLSimpleApplication@40f3e129
reloadAllAccessors: .matrixType10

===========================================================================================
----------------- testing Thu Jul 11 04:54:55 UTC 2019 /home/travis/build/icyphy/ptII/ptolemy/actor/lib/test/auto/matrixType11.xml
----------------- Instantiating /home/travis/build/icyphy/ptII/ptolemy/actor/lib/test/auto/matrixType11.xml
1 ms. Memory: 588800K Free: 402081K (68%)
----------------- Invoking toplevel() on ptolemy.moml.MoMLSimpleApplication@475fb9e9
----------------- Done invoking toplevel() on ptolemy.moml.MoMLSimpleApplication@475fb9e9
reloadAllAccessors: .matrixType11

===========================================================================================
----------------- testing Thu Jul 11 04:54:55 UTC 2019 /home/travis/build/icyphy/ptII/ptolemy/actor/lib/test/auto/matrixType12.xml
----------------- Instantiating /home/travis/build/icyphy/ptII/ptolemy/actor/lib/test/auto/matrixType12.xml
1 ms. Memory: 588800K Free: 397471K (68%)
----------------- Invoking toplevel() on ptolemy.moml.MoMLSimpleApplication@63c931d7
----------------- Done invoking toplevel() on ptolemy.moml.MoMLSimpleApplication@63c931d7
reloadAllAccessors: .matrixType12

===========================================================================================
----------------- testing Thu Jul 11 04:54:55 UTC 2019 /home/travis/build/icyphy/ptII/ptolemy/actor/lib/test/auto/matrixType13.xml
----------------- Instantiating /home/travis/build/icyphy/ptII/ptolemy/actor/lib/test/auto/matrixType13.xml
2 ms. Memory: 588800K Free: 392351K (67%)
----------------- Invoking toplevel() on ptolemy.moml.MoMLSimpleApplication@2dc16770
----------------- Done invoking toplevel() on ptolemy.moml.MoMLSimpleApplication@2dc16770
reloadAllAccessors: .matrixType13

===========================================================================================
----------------- testing Thu Jul 11 04:54:55 UTC 2019 /home/travis/build/icyphy/ptII/ptolemy/actor/lib/test/auto/matrixType14.xml
----------------- Instantiating /home/travis/build/icyphy/ptII/ptolemy/actor/lib/test/auto/matrixType14.xml
2 ms. Memory: 588800K Free: 387231K (66%)
----------------- Invoking toplevel() on ptolemy.moml.MoMLSimpleApplication@2f818689
----------------- Done invoking toplevel() on ptolemy.moml.MoMLSimpleApplication@2f818689
reloadAllAccessors: .matrixType14

===========================================================================================
----------------- testing Thu Jul 11 04:54:55 UTC 2019 /home/travis/build/icyphy/ptII/ptolemy/actor/lib/test/auto/matrixType2.xml
----------------- Instantiating /home/travis/build/icyphy/ptII/ptolemy/actor/lib/test/auto/matrixType2.xml
2 ms. Memory: 588800K Free: 382111K (65%)
----------------- Invoking toplevel() on ptolemy.moml.MoMLSimpleApplication@15fc72d8
----------------- Done invoking toplevel() on ptolemy.moml.MoMLSimpleApplication@15fc72d8
reloadAllAccessors: .matrixType2

===========================================================================================
----------------- testing Thu Jul 11 04:54:55 UTC 2019 /home/travis/build/icyphy/ptII/ptolemy/actor/lib/test/auto/matrixType3.xml
----------------- Instantiating /home/travis/build/icyphy/ptII/ptolemy/actor/lib/test/auto/matrixType3.xml
3 ms. Memory: 588800K Free: 377505K (64%)
----------------- Invoking toplevel() on ptolemy.moml.MoMLSimpleApplication@4f26778c
----------------- Done invoking toplevel() on ptolemy.moml.MoMLSimpleApplication@4f26778c
reloadAllAccessors: .matrixType3

===========================================================================================
----------------- testing Thu Jul 11 04:54:55 UTC 2019 /home/travis/build/icyphy/ptII/ptolemy/actor/lib/test/auto/matrixType4.xml
----------------- Instantiating /home/travis/build/icyphy/ptII/ptolemy/actor/lib/test/auto/matrixType4.xml
2 ms. Memory: 588800K Free: 372385K (63%)
----------------- Invoking toplevel() on ptolemy.moml.MoMLSimpleApplication@3e3881e9
----------------- Done invoking toplevel() on ptolemy.moml.MoMLSimpleApplication@3e3881e9
reloadAllAccessors: .matrixType4

===========================================================================================
----------------- testing Thu Jul 11 04:54:55 UTC 2019 /home/travis/build/icyphy/ptII/ptolemy/actor/lib/test/auto/matrixType5.xml
----------------- Instantiating /home/travis/build/icyphy/ptII/ptolemy/actor/lib/test/auto/matrixType5.xml
1 ms. Memory: 588800K Free: 367265K (62%)
----------------- Invoking toplevel() on ptolemy.moml.MoMLSimpleApplication@6e438ff8
----------------- Done invoking toplevel() on ptolemy.moml.MoMLSimpleApplication@6e438ff8
reloadAllAccessors: .matrixType5

===========================================================================================
----------------- testing Thu Jul 11 04:54:55 UTC 2019 /home/travis/build/icyphy/ptII/ptolemy/actor/lib/test/auto/matrixType6.xml
----------------- Instantiating /home/travis/build/icyphy/ptII/ptolemy/actor/lib/test/auto/matrixType6.xml
1 ms. Memory: 588800K Free: 362655K (62%)
----------------- Invoking toplevel() on ptolemy.moml.MoMLSimpleApplication@15f29779
----------------- Done invoking toplevel() on ptolemy.moml.MoMLSimpleApplication@15f29779
reloadAllAccessors: .matrixType6

===========================================================================================
----------------- testing Thu Jul 11 04:54:55 UTC 2019 /home/travis/build/icyphy/ptII/ptolemy/actor/lib/test/auto/matrixType7.xml
----------------- Instantiating /home/travis/build/icyphy/ptII/ptolemy/actor/lib/test/auto/matrixType7.xml
1 ms. Memory: 588800K Free: 357535K (61%)
----------------- Invoking toplevel() on ptolemy.moml.MoMLSimpleApplication@3a52182
----------------- Done invoking toplevel() on ptolemy.moml.MoMLSimpleApplication@3a52182
reloadAllAccessors: .matrixType7

===========================================================================================
----------------- testing Thu Jul 11 04:54:55 UTC 2019 /home/travis/build/icyphy/ptII/ptolemy/actor/lib/test/auto/matrixType8.xml
----------------- Instantiating /home/travis/build/icyphy/ptII/ptolemy/actor/lib/test/auto/matrixType8.xml
2 ms. Memory: 588800K Free: 352927K (60%)
----------------- Invoking toplevel() on ptolemy.moml.MoMLSimpleApplication@55015579
----------------- Done invoking toplevel() on ptolemy.moml.MoMLSimpleApplication@55015579
reloadAllAccessors: .matrixType8

===========================================================================================
----------------- testing Thu Jul 11 04:54:55 UTC 2019 /home/travis/build/icyphy/ptII/ptolemy/actor/lib/test/auto/matrixType9.xml
----------------- Instantiating /home/travis/build/icyphy/ptII/ptolemy/actor/lib/test/auto/matrixType9.xml
2 ms. Memory: 588800K Free: 347809K (59%)
----------------- Invoking toplevel() on ptolemy.moml.MoMLSimpleApplication@1cda128b
----------------- Done invoking toplevel() on ptolemy.moml.MoMLSimpleApplication@1cda128b
reloadAllAccessors: .matrixType9

===========================================================================================
----------------- testing Thu Jul 11 04:54:55 UTC 2019 /home/travis/build/icyphy/ptII/ptolemy/actor/lib/test/auto/paraFunctest.xml
----------------- Instantiating /home/travis/build/icyphy/ptII/ptolemy/actor/lib/test/auto/paraFunctest.xml
1 ms. Memory: 588800K Free: 344223K (58%)
----------------- Invoking toplevel() on ptolemy.moml.MoMLSimpleApplication@101ca91b
----------------- Done invoking toplevel() on ptolemy.moml.MoMLSimpleApplication@101ca91b
reloadAllAccessors: .paraFunctest

===========================================================================================
----------------- testing Thu Jul 11 04:54:55 UTC 2019 /home/travis/build/icyphy/ptII/ptolemy/actor/lib/test/auto/paraFunctest2.xml
----------------- Instantiating /home/travis/build/icyphy/ptII/ptolemy/actor/lib/test/auto/paraFunctest2.xml
1 ms. Memory: 588800K Free: 339103K (58%)
----------------- Invoking toplevel() on ptolemy.moml.MoMLSimpleApplication@5b3623f4
----------------- Done invoking toplevel() on ptolemy.moml.MoMLSimpleApplication@5b3623f4
reloadAllAccessors: .paraFunctest2

===========================================================================================
----------------- testing Thu Jul 11 04:54:55 UTC 2019 /home/travis/build/icyphy/ptII/ptolemy/actor/lib/test/auto/parameterPassing.xml
----------------- Instantiating /home/travis/build/icyphy/ptII/ptolemy/actor/lib/test/auto/parameterPassing.xml
1 ms. Memory: 588800K Free: 334497K (57%)
----------------- Invoking toplevel() on ptolemy.moml.MoMLSimpleApplication@249c0003
----------------- Done invoking toplevel() on ptolemy.moml.MoMLSimpleApplication@249c0003
reloadAllAccessors: .parameterPassing

===========================================================================================
----------------- testing Thu Jul 11 04:54:55 UTC 2019 /home/travis/build/icyphy/ptII/ptolemy/actor/lib/test/auto/record.xml
----------------- Instantiating /home/travis/build/icyphy/ptII/ptolemy/actor/lib/test/auto/record.xml
3 ms. Memory: 588800K Free: 329887K (56%)
----------------- Invoking toplevel() on ptolemy.moml.MoMLSimpleApplication@33500053
----------------- Done invoking toplevel() on ptolemy.moml.MoMLSimpleApplication@33500053
reloadAllAccessors: .record

===========================================================================================
----------------- testing Thu Jul 11 04:54:55 UTC 2019 /home/travis/build/icyphy/ptII/ptolemy/actor/lib/test/auto/sizedarray1.xml
----------------- Instantiating /home/travis/build/icyphy/ptII/ptolemy/actor/lib/test/auto/sizedarray1.xml
2 ms. Memory: 588800K Free: 324257K (55%)
----------------- Invoking toplevel() on ptolemy.moml.MoMLSimpleApplication@d7969c2
----------------- Done invoking toplevel() on ptolemy.moml.MoMLSimpleApplication@d7969c2
reloadAllAccessors: .sizedarray1

===========================================================================================
----------------- testing Thu Jul 11 04:54:55 UTC 2019 /home/travis/build/icyphy/ptII/ptolemy/actor/lib/test/auto/sizedarray2.xml
----------------- Instantiating /home/travis/build/icyphy/ptII/ptolemy/actor/lib/test/auto/sizedarray2.xml
3 ms. Memory: 588800K Free: 319137K (54%)
----------------- Invoking toplevel() on ptolemy.moml.MoMLSimpleApplication@ac631c1
----------------- Done invoking toplevel() on ptolemy.moml.MoMLSimpleApplication@ac631c1
reloadAllAccessors: .sizedarray2

===========================================================================================
----------------- testing Thu Jul 11 04:54:55 UTC 2019 /home/travis/build/icyphy/ptII/ptolemy/actor/lib/test/auto/twoPublishers.xml
----------------- Instantiating /home/travis/build/icyphy/ptII/ptolemy/actor/lib/test/auto/twoPublishers.xml
9 ms. Memory: 588800K Free: 308383K (52%)
----------------- Invoking toplevel() on ptolemy.moml.MoMLSimpleApplication@2fd2ecf5
----------------- Done invoking toplevel() on ptolemy.moml.MoMLSimpleApplication@2fd2ecf5
reloadAllAccessors: .twoPublishers
AutoTests.java: About to close Vertx.
AutoTests.java: Vertx closed.
]]></system-out>
  <system-err><![CDATA[java.lang.RuntimeException: Execution failed
	at ptolemy.moml.MoMLSimpleApplication$UnloadThread.run(MoMLSimpleApplication.java:402)
Caused by: java.lang.RuntimeException: StringUtilities.exit() was called. Normally, we would exit here because Manager.exitAfterWrapup() was called.  However, because the ptolemy.ptII.exitAfterWrapup property is set, we throw this exception instead.
	at ptolemy.util.StringUtilities.exit(StringUtilities.java:363)
	at ptolemy.actor.Manager.wrapup(Manager.java:1531)
	at ptolemy.actor.Manager.execute(Manager.java:407)
	at ptolemy.actor.Manager.run(Manager.java:1263)
	at ptolemy.actor.Manager$PtolemyRunThread.run(Manager.java:1915)
Warning: '.top.test' is in training mode, set the trainingMode parameter to false before checking in
Warning: '.top.test' is in training mode, set the trainingMode parameter to false before checking in
Warning: '.top.test' is in training mode, set the trainingMode parameter to false before checking in
Warning: '.BooleanSwitch_RegressionTest_WrongTrainingValues.Test' is in training mode, set the trainingMode parameter to false before checking in
Warning: '.BooleanSwitch_RegressionTest_WrongTrainingValues.Test2' is in training mode, set the trainingMode parameter to false before checking in
Warning: '.BooleanSwitch_RegressionTest_WrongTrainingValues.Test2' The test produced 0 tokens.
Warning: '.top.testExceptionHandler' is in training mode, set the trainingMode parameter to false before checking in
java.lang.RuntimeException: Execution failed
	at ptolemy.moml.MoMLSimpleApplication$UnloadThread.run(MoMLSimpleApplication.java:402)
Caused by: ptolemy.kernel.util.IllegalActionException: PublisherPorts cannot be used at the top level, use a Publisher actor instead.
  in .PublisherPortToplevelSubscriber.PublisherPort
	at ptolemy.actor.PublisherPort.preinitialize(PublisherPort.java:403)
	at ptolemy.actor.CompositeActor.preinitialize(CompositeActor.java:1769)
	at ptolemy.actor.Manager.preinitializeAndResolveTypes(Manager.java:1040)
	at ptolemy.actor.Manager.initialize(Manager.java:710)
	at ptolemy.actor.Manager.execute(Manager.java:356)
	at ptolemy.actor.Manager.run(Manager.java:1263)
	at ptolemy.actor.Manager$PtolemyRunThread.run(Manager.java:1915)
java.lang.reflect.InvocationTargetException
	at java.base/jdk.internal.reflect.NativeConstructorAccessorImpl.newInstance0(Native Method)
	at java.base/jdk.internal.reflect.NativeConstructorAccessorImpl.newInstance(NativeConstructorAccessorImpl.java:62)
	at java.base/jdk.internal.reflect.DelegatingConstructorAccessorImpl.newInstance(DelegatingConstructorAccessorImpl.java:45)
	at java.base/java.lang.reflect.Constructor.newInstance(Constructor.java:488)
	at ptolemy.util.test.junit.AutoKnownFailedTests.RunModel(AutoKnownFailedTests.java:105)
	at java.base/jdk.internal.reflect.NativeMethodAccessorImpl.invoke0(Native Method)
	at java.base/jdk.internal.reflect.NativeMethodAccessorImpl.invoke(NativeMethodAccessorImpl.java:62)
	at java.base/jdk.internal.reflect.DelegatingMethodAccessorImpl.invoke(DelegatingMethodAccessorImpl.java:43)
	at java.base/java.lang.reflect.Method.invoke(Method.java:564)
	at org.junit.runners.model.FrameworkMethod$1.runReflectiveCall(FrameworkMethod.java:44)
	at org.junit.internal.runners.model.ReflectiveCallable.run(ReflectiveCallable.java:15)
	at org.junit.runners.model.FrameworkMethod.invokeExplosively(FrameworkMethod.java:41)
	at junitparams.internal.InvokeParameterisedMethod.evaluate(InvokeParameterisedMethod.java:102)
	at org.junit.internal.runners.statements.FailOnTimeout$1.run(FailOnTimeout.java:28)
Caused by: ptolemy.kernel.util.IllegalActionException: PublisherPorts cannot be used at the top level, use a Publisher actor instead.
  in .PublisherPortToplevelSubscriber.PublisherPort
	at ptolemy.actor.PublisherPort.preinitialize(PublisherPort.java:403)
	at ptolemy.actor.CompositeActor.preinitialize(CompositeActor.java:1769)
	at ptolemy.actor.Manager.preinitializeAndResolveTypes(Manager.java:1040)
	at ptolemy.actor.Manager.initialize(Manager.java:710)
	at ptolemy.actor.Manager.execute(Manager.java:356)
	at ptolemy.actor.Manager.run(Manager.java:1263)
	at ptolemy.actor.Manager$PtolemyRunThread.run(Manager.java:1915)
java.lang.RuntimeException: Execution failed
	at ptolemy.moml.MoMLSimpleApplication$UnloadThread.run(MoMLSimpleApplication.java:402)
Caused by: ptolemy.kernel.util.IllegalActionException: SubscriberPorts cannot be used at the top level, use a Subscriber actor instead.
  in .PublisherSubscriberPortToplevel.SubscriberPort
	at ptolemy.actor.SubscriberPort.preinitialize(SubscriberPort.java:328)
	at ptolemy.actor.CompositeActor.preinitialize(CompositeActor.java:1769)
	at ptolemy.actor.Manager.preinitializeAndResolveTypes(Manager.java:1040)
	at ptolemy.actor.Manager.initialize(Manager.java:710)
	at ptolemy.actor.Manager.execute(Manager.java:356)
	at ptolemy.actor.Manager.run(Manager.java:1263)
	at ptolemy.actor.Manager$PtolemyRunThread.run(Manager.java:1915)
java.lang.reflect.InvocationTargetException
	at java.base/jdk.internal.reflect.NativeConstructorAccessorImpl.newInstance0(Native Method)
	at java.base/jdk.internal.reflect.NativeConstructorAccessorImpl.newInstance(NativeConstructorAccessorImpl.java:62)
	at java.base/jdk.internal.reflect.DelegatingConstructorAccessorImpl.newInstance(DelegatingConstructorAccessorImpl.java:45)
	at java.base/java.lang.reflect.Constructor.newInstance(Constructor.java:488)
	at ptolemy.util.test.junit.AutoKnownFailedTests.RunModel(AutoKnownFailedTests.java:105)
	at java.base/jdk.internal.reflect.NativeMethodAccessorImpl.invoke0(Native Method)
	at java.base/jdk.internal.reflect.NativeMethodAccessorImpl.invoke(NativeMethodAccessorImpl.java:62)
	at java.base/jdk.internal.reflect.DelegatingMethodAccessorImpl.invoke(DelegatingMethodAccessorImpl.java:43)
	at java.base/java.lang.reflect.Method.invoke(Method.java:564)
	at org.junit.runners.model.FrameworkMethod$1.runReflectiveCall(FrameworkMethod.java:44)
	at org.junit.internal.runners.model.ReflectiveCallable.run(ReflectiveCallable.java:15)
	at org.junit.runners.model.FrameworkMethod.invokeExplosively(FrameworkMethod.java:41)
	at junitparams.internal.InvokeParameterisedMethod.evaluate(InvokeParameterisedMethod.java:102)
	at org.junit.internal.runners.statements.FailOnTimeout$1.run(FailOnTimeout.java:28)
Caused by: ptolemy.kernel.util.IllegalActionException: SubscriberPorts cannot be used at the top level, use a Subscriber actor instead.
  in .PublisherSubscriberPortToplevel.SubscriberPort
	at ptolemy.actor.SubscriberPort.preinitialize(SubscriberPort.java:328)
	at ptolemy.actor.CompositeActor.preinitialize(CompositeActor.java:1769)
	at ptolemy.actor.Manager.preinitializeAndResolveTypes(Manager.java:1040)
	at ptolemy.actor.Manager.initialize(Manager.java:710)
	at ptolemy.actor.Manager.execute(Manager.java:356)
	at ptolemy.actor.Manager.run(Manager.java:1263)
	at ptolemy.actor.Manager$PtolemyRunThread.run(Manager.java:1915)
java.lang.RuntimeException: Execution failed
	at ptolemy.moml.MoMLSimpleApplication$UnloadThread.run(MoMLSimpleApplication.java:402)
Caused by: ptolemy.kernel.util.IllegalActionException: SubscriptionAggregatorPorts cannot be used at the top level, use a SubscriptionAggregator actor instead.
  in .PublisherSubscriptionAggregatorPort.SubscriptionAggregatorPort
	at ptolemy.actor.SubscriptionAggregatorPort.preinitialize(SubscriptionAggregatorPort.java:353)
	at ptolemy.actor.CompositeActor.preinitialize(CompositeActor.java:1769)
	at ptolemy.actor.Manager.preinitializeAndResolveTypes(Manager.java:1040)
	at ptolemy.actor.Manager.initialize(Manager.java:710)
	at ptolemy.actor.Manager.execute(Manager.java:356)
	at ptolemy.actor.Manager.run(Manager.java:1263)
	at ptolemy.actor.Manager$PtolemyRunThread.run(Manager.java:1915)
java.lang.reflect.InvocationTargetException
	at java.base/jdk.internal.reflect.NativeConstructorAccessorImpl.newInstance0(Native Method)
	at java.base/jdk.internal.reflect.NativeConstructorAccessorImpl.newInstance(NativeConstructorAccessorImpl.java:62)
	at java.base/jdk.internal.reflect.DelegatingConstructorAccessorImpl.newInstance(DelegatingConstructorAccessorImpl.java:45)
	at java.base/java.lang.reflect.Constructor.newInstance(Constructor.java:488)
	at ptolemy.util.test.junit.AutoKnownFailedTests.RunModel(AutoKnownFailedTests.java:105)
	at java.base/jdk.internal.reflect.NativeMethodAccessorImpl.invoke0(Native Method)
	at java.base/jdk.internal.reflect.NativeMethodAccessorImpl.invoke(NativeMethodAccessorImpl.java:62)
	at java.base/jdk.internal.reflect.DelegatingMethodAccessorImpl.invoke(DelegatingMethodAccessorImpl.java:43)
	at java.base/java.lang.reflect.Method.invoke(Method.java:564)
	at org.junit.runners.model.FrameworkMethod$1.runReflectiveCall(FrameworkMethod.java:44)
	at org.junit.internal.runners.model.ReflectiveCallable.run(ReflectiveCallable.java:15)
	at org.junit.runners.model.FrameworkMethod.invokeExplosively(FrameworkMethod.java:41)
	at junitparams.internal.InvokeParameterisedMethod.evaluate(InvokeParameterisedMethod.java:102)
	at org.junit.internal.runners.statements.FailOnTimeout$1.run(FailOnTimeout.java:28)
Caused by: ptolemy.kernel.util.IllegalActionException: SubscriptionAggregatorPorts cannot be used at the top level, use a SubscriptionAggregator actor instead.
  in .PublisherSubscriptionAggregatorPort.SubscriptionAggregatorPort
	at ptolemy.actor.SubscriptionAggregatorPort.preinitialize(SubscriptionAggregatorPort.java:353)
	at ptolemy.actor.CompositeActor.preinitialize(CompositeActor.java:1769)
	at ptolemy.actor.Manager.preinitializeAndResolveTypes(Manager.java:1040)
	at ptolemy.actor.Manager.initialize(Manager.java:710)
	at ptolemy.actor.Manager.execute(Manager.java:356)
	at ptolemy.actor.Manager.run(Manager.java:1263)
	at ptolemy.actor.Manager$PtolemyRunThread.run(Manager.java:1915)
java.lang.RuntimeException: Execution failed
	at ptolemy.moml.MoMLSimpleApplication$UnloadThread.run(MoMLSimpleApplication.java:402)
Caused by: ptolemy.kernel.util.IllegalActionException: TypeTest actor has no training data.
  in .sizedarray3.TypeTest
	at ptolemy.actor.lib.TypeTest.initialize(TypeTest.java:250)
	at ptolemy.actor.Director.initialize(Director.java:938)
	at ptolemy.actor.Director.initialize(Director.java:907)
	at ptolemy.actor.sched.StaticSchedulingDirector.initialize(StaticSchedulingDirector.java:159)
	at ptolemy.domains.sdf.kernel.SDFDirector.initialize(SDFDirector.java:544)
	at ptolemy.actor.CompositeActor.initialize(CompositeActor.java:935)
	at ptolemy.actor.Manager.initialize(Manager.java:724)
	at ptolemy.actor.Manager.execute(Manager.java:356)
	at ptolemy.actor.Manager.run(Manager.java:1263)
	at ptolemy.actor.Manager$PtolemyRunThread.run(Manager.java:1915)
java.lang.reflect.InvocationTargetException
	at java.base/jdk.internal.reflect.NativeConstructorAccessorImpl.newInstance0(Native Method)
	at java.base/jdk.internal.reflect.NativeConstructorAccessorImpl.newInstance(NativeConstructorAccessorImpl.java:62)
	at java.base/jdk.internal.reflect.DelegatingConstructorAccessorImpl.newInstance(DelegatingConstructorAccessorImpl.java:45)
	at java.base/java.lang.reflect.Constructor.newInstance(Constructor.java:488)
	at ptolemy.util.test.junit.AutoKnownFailedTests.RunModel(AutoKnownFailedTests.java:105)
	at java.base/jdk.internal.reflect.NativeMethodAccessorImpl.invoke0(Native Method)
	at java.base/jdk.internal.reflect.NativeMethodAccessorImpl.invoke(NativeMethodAccessorImpl.java:62)
	at java.base/jdk.internal.reflect.DelegatingMethodAccessorImpl.invoke(DelegatingMethodAccessorImpl.java:43)
	at java.base/java.lang.reflect.Method.invoke(Method.java:564)
	at org.junit.runners.model.FrameworkMethod$1.runReflectiveCall(FrameworkMethod.java:44)
	at org.junit.internal.runners.model.ReflectiveCallable.run(ReflectiveCallable.java:15)
	at org.junit.runners.model.FrameworkMethod.invokeExplosively(FrameworkMethod.java:41)
	at junitparams.internal.InvokeParameterisedMethod.evaluate(InvokeParameterisedMethod.java:102)
	at org.junit.internal.runners.statements.FailOnTimeout$1.run(FailOnTimeout.java:28)
Caused by: ptolemy.kernel.util.IllegalActionException: TypeTest actor has no training data.
  in .sizedarray3.TypeTest
	at ptolemy.actor.lib.TypeTest.initialize(TypeTest.java:250)
	at ptolemy.actor.Director.initialize(Director.java:938)
	at ptolemy.actor.Director.initialize(Director.java:907)
	at ptolemy.actor.sched.StaticSchedulingDirector.initialize(StaticSchedulingDirector.java:159)
	at ptolemy.domains.sdf.kernel.SDFDirector.initialize(SDFDirector.java:544)
	at ptolemy.actor.CompositeActor.initialize(CompositeActor.java:935)
	at ptolemy.actor.Manager.initialize(Manager.java:724)
	at ptolemy.actor.Manager.execute(Manager.java:356)
	at ptolemy.actor.Manager.run(Manager.java:1263)
	at ptolemy.actor.Manager$PtolemyRunThread.run(Manager.java:1915)
java.lang.RuntimeException: Execution failed
	at ptolemy.moml.MoMLSimpleApplication$UnloadThread.run(MoMLSimpleApplication.java:402)
Caused by: ptolemy.kernel.util.IllegalActionException: Test fails in iteration 0.
Value was: "WARNING: An illegal reflective access operation has occurred\nWARNING: Illegal reflective access by io.netty.util.internal.ReflectionUtil (file:/home/travis/build/icyphy/ptII/lib/netty-common-4.1.19.Final.jar) to constructor java.nio.DirectByteBuffer(long,int)\nWARNING: Please consider reporting this to the maintainers of io.netty.util.internal.ReflectionUtil\nWARNING: Use --illegal-access=warn to enable warnings of further illegal reflective access operations\nWARNING: All illegal access operations will be denied in a future release\n". Should have been: ""
  in .ExecRunDemos.Test
	at ptolemy.actor.lib.Test.fire(Test.java:268)
	at ptolemy.actor.AtomicActor.iterate(AtomicActor.java:512)
	at ptolemy.actor.sched.StaticSchedulingDirector.fire(StaticSchedulingDirector.java:216)
	at ptolemy.domains.sdf.kernel.SDFDirector.fire(SDFDirector.java:500)
	at ptolemy.actor.CompositeActor.fire(CompositeActor.java:455)
	at ptolemy.actor.Manager.iterate(Manager.java:851)
	at ptolemy.actor.Manager.execute(Manager.java:369)
	at ptolemy.actor.Manager.run(Manager.java:1263)
	at ptolemy.actor.Manager$PtolemyRunThread.run(Manager.java:1915)
]]></system-err>
</testsuite>
