<?xml version="1.0" encoding="UTF-8" ?>
<testsuite errors="0" failures="0" hostname="travis-job-b95872f9-4b8a-4009-afeb-95be52b5b08e" name="ptolemy.actor.lib.test.junit.JUnitTclTest" skipped="0" tests="517" time="59.869" timestamp="2019-03-14T18:34:31">
  <properties>
    <property name="npm.executable" value="npm" />
    <property name="file.encoding.pkg" value="sun.io" />
    <property name="env.TRAVIS_ROOT" value="/" />
    <property name="ptII.mk.exists" value="true" />
    <property name="env.TRAVIS_APP_HOST" value="build.travis-ci.org" />
    <property name="env.rvm_bin_path" value="/home/travis/.rvm/bin" />
    <property name="java.home" value="/usr/lib/jvm/java-8-oracle/jre" />
    <property name="env.TRAVIS_JOB_NUMBER" value="1048.8" />
    <property name="env.TRAVIS_HOME" value="/home/travis" />
    <property name="env.DISPLAY" value=":99.0" />
    <property name="java.net.preferIPv4Stack" value="true" />
    <property name="env.TRAVIS_INIT" value="upstart" />
    <property name="env.SSH_TTY" value="/dev/pts/0" />
    <property name="env.RUN_TESTS" value="true" />
    <property name="timeout.short" value="1000000" />
    <property name="env.TRAVIS_JOB_NAME" value="" />
    <property name="env.TRAVIS_STACK_NODE_ATTRIBUTES" value="/.node-attributes.yml" />
    <property name="junit.formatter" value="xml" />
    <property name="java.endorsed.dirs" value="/usr/lib/jvm/java-8-oracle/jre/lib/endorsed" />
    <property name="env.TRAVIS_SUDO" value="true" />
    <property name="env.LOGNAME" value="travis" />
    <property name="env.PT_TRAVIS_TEST_CORE1_XML" value="true" />
    <property name="jsdoc.home" value="node_modules/@terraswarm/jsdoc" />
    <property name="debuglevel" value="source,lines,vars" />
    <property name="checkstyle.formatter" value="xml" />
    <property name="bin.vergil.makeable" value="true" />
    <property name="env._system_version" value="14.04" />
    <property name="sun.os.patch.level" value="unknown" />
    <property name="java.vendor.url" value="http://java.oracle.com/" />
    <property name="env.TRAVIS_BUILD_WEB_URL" value="https://travis-ci.org/icyphy/ptII/builds/506383170" />
    <property name="java.version" value="1.8.0_151" />
    <property name="env.TZ" value="UTC" />
    <property name="env.PT_NO_NET" value="true" />
    <property name="env.TRAVIS_PULL_REQUEST_SHA" value="" />
    <property name="env.TRAVIS_SECURE_ENV_VARS" value="true" />
    <property name="env._system_type" value="Linux" />
    <property name="java.vendor.url.bug" value="http://bugreport.sun.com/bugreport/" />
    <property name="env.SSH_CLIENT" value="10.10.19.213 38406 22" />
    <property name="npmjs-org-is-up" value="true" />
    <property name="env.GEM_HOME" value="/home/travis/.rvm/gems/ruby-2.4.1" />
    <property name="env.HAS_ANTARES_THREE_LITTLE_FRONZIES_BADGE" value="true" />
    <property name="env.PS4" value="+" />
    <property name="ant.project.invoked-targets" value="build,test.core1.xml" />
    <property name="env.TRAVIS_PULL_REQUEST_BRANCH" value="" />
    <property name="env.TRAVIS_REPO_SLUG" value="icyphy/ptII" />
    <property name="env.TRAVIS_APT_PROXY" value="http://build-cache.travisci.net" />
    <property name="node.in.path" value="true" />
    <property name="java.maxmemory" value="1400m" />
    <property name="env.RUBY_VERSION" value="ruby-2.4.1" />
    <property name="user.name" value="travis" />
    <property name="env.LANG" value="en_US.UTF-8" />
    <property name="sun.io.unicode.encoding" value="UnicodeLittle" />
    <property name="sun.jnu.encoding" value="UTF-8" />
    <property name="java.runtime.name" value="Java(TM) SE Runtime Environment" />
    <property name="usefile" value="false" />
    <property name="return.code" value="0" />
    <property name="junit.single.formatter" value="plain" />
    <property name="env.DYLD_LIBRARY_PATH" value="/home/travis/pthla/certi-tools/lib:" />
    <property name="env.DEBIAN_FRONTEND" value="noninteractive" />
    <property name="env.SSH_CONNECTION" value="10.10.19.213 38406 10.20.1.164 22" />
    <property name="env.MYSQL_UNIX_PORT" value="/var/run/mysqld/mysqld.sock" />
    <property name="env.TRAVIS_ALLOW_FAILURE" value="false" />
    <property name="env.LC_ALL" value="en_US.UTF-8" />
    <property name="env.TRAVIS_JOB_WEB_URL" value="https://travis-ci.org/icyphy/ptII/jobs/506383178" />
    <property name="java.specification.name" value="Java Platform API Specification" />
    <property name="node.works" value="true" />
    <property name="user.timezone" value="" />
    <property name="path.separator" value=":" />
    <property name="env.TRAVIS_ENABLE_INFRA_DETECTION" value="true" />
    <property name="env.PYTHON_CFLAGS" value="-g -fstack-protector --param=ssp-buffer-size=4 -Wformat -Werror=format-security" />
    <property name="timeout.long" value="4000000" />
    <property name="env.CERTI_HOME" value="/home/travis/pthla/certi-tools" />
    <property name="file.encoding" value="UTF-8" />
    <property name="ant.file.ptII" value="/home/travis/build/icyphy/ptII/build.xml" />
    <property name="javadoc.packagenames" value="com.*,diva.*,lbnl.*,org.hlacerti.*,org.json.*,org.ptolemy.*,org.terraswarm.*,ptolemy.*,ptserver.*" />
    <property name="env.TRAVIS_PULL_REQUEST_SLUG" value="" />
    <property name="ant.project.default-target" value="build" />
    <property name="env.GIT_ASKPASS" value="echo" />
    <property name="env.HOME" value="/home/travis" />
    <property name="sun.java.command" value="org.apache.tools.ant.taskdefs.optional.junit.JUnitTestRunner ptolemy.actor.lib.test.junit.JUnitTclTest skipNonTests=false filtertrace=true haltOnError=false haltOnFailure=false formatter=org.apache.tools.ant.taskdefs.optional.junit.OutErrSummaryJUnitResultFormatter showoutput=true outputtoformatters=true logfailedtests=true threadid=0 logtestlistenerevents=false formatter=org.apache.tools.ant.taskdefs.optional.junit.XMLJUnitResultFormatter,/home/travis/build/icyphy/ptII/reports/junit/TEST-ptolemy.actor.lib.test.junit.JUnitTclTest.xml crashfile=/home/travis/build/icyphy/ptII/junitvmwatcher5023797473693473362.properties propsfile=/home/travis/build/icyphy/ptII/junit3049745260619467298.properties" />
    <property name="env.MANPATH" value="/home/travis/.nvm/versions/node/v7.10.1/share/man:/home/travis/.kiex/elixirs/elixir-1.4.5/man:/home/travis/.rvm/rubies/ruby-2.4.1/share/man:/usr/local/man:/usr/local/cmake-3.9.2/man:/usr/local/clang-5.0.0/share/man:/usr/local/share/man:/usr/share/man:/home/travis/.rvm/man" />
    <property name="env.COMPOSER_NO_INTERACTION" value="1" />
    <property name="env.JDK_SWITCHER_DEFAULT" value="oraclejdk8" />
    <property name="env.TRAVIS_TIMER_ID" value="04b9efd9" />
    <property name="ant.file" value="/home/travis/build/icyphy/ptII/build.xml" />
    <property name="env.TRAVIS_COMMIT_RANGE" value="cdf011915240...67555cc8f7f8" />
    <property name="env._system_name" value="Ubuntu" />
    <property name="timeout" value="2400000" />
    <property name="ptII.classpath.optional.property" value="/home/travis/build/icyphy/ptII/lib/bsh-2.0b4.jar:/home/travis/build/icyphy/ptII/lib/ptCal.jar:/home/travis/build/icyphy/ptII/lib/java_cup.jar:/home/travis/build/icyphy/ptII/lib/saxon8.jar:/home/travis/build/icyphy/ptII/lib/saxon8-dom.jar:/home/travis/build/icyphy/ptII/lib/chic.jar:/home/travis/build/icyphy/ptII/lib/ptcolt.jar:/usr/lib/jvm/java-8-oracle/lib/tools.jar:/home/travis/build/icyphy/ptII/vendors/misc/itext/iText.jar:/home/travis/build/icyphy/ptII/lib/g4ltl.jar:/home/travis/build/icyphy/ptII/lib/StructuralCoder.jar:/home/travis/build/icyphy/ptII/vendors/jai-1_1_2_01/lib/jai_core.jar:/home/travis/build/icyphy/ptII/vendors/jai-1_1_2_01/lib/jai_codec.jar:/home/travis/build/icyphy/ptII/lib/jcerti.jar:/home/travis/build/icyphy/ptII/lib/javax.mail.jar:/home/travis/build/icyphy/ptII/vendors/JMF-2.1.1e/lib/jmf.jar:/home/travis/build/icyphy/ptII/lib/jna-4.0.0-variadic.jar:/home/travis/build/icyphy/ptII/vendors/misc/joystick/Joystick.jar:/home/travis/build/icyphy/ptII/lib/ptjacl.jar:/home/travis/build/icyphy/ptII/lib/jsoup-1.8.2.jar:/home/travis/build/icyphy/ptII/lib/junit-4.8.2.jar:/home/travis/build/icyphy/ptII/lib/JUnitParams-0.4.0.jar:/home/travis/build/icyphy/ptII/ptolemy/actor/lib/excel/jxl.jar:/home/travis/build/icyphy/ptII/lib/jython.jar:/home/travis/build/icyphy/ptII/lib/kieler.jar:/home/travis/build/icyphy/ptII/vendors/opencv/share/OpenCV/java/opencv-341.jar:/home/travis/build/icyphy/ptII/lib/oscP5.jar:/home/travis/build/icyphy/ptII/lib/nrjavaserial-3.11.0.devel.jar:/home/travis/build/icyphy/ptII/vendors/j3d/lib/j3dcore.jar:/home/travis/build/icyphy/ptII/vendors/j3d/lib/j3dutils.jar:/home/travis/build/icyphy/ptII/vendors/j3d/lib/vecmath.jar:/home/travis/build/icyphy/ptII/ptolemy/distributed/jini/jar/jini-core.jar:/home/travis/build/icyphy/ptII/ptolemy/distributed/jini/jar/jini-ext.jar:/home/travis/build/icyphy/ptII/ptolemy/distributed/jini/jar/sun-util.jar:/home/travis/build/icyphy/ptII/lib/protobuf-java-2.4.1.jar:/home/travis/build/icyphy/ptII/lib/org.eclipse.paho.client.mqttv3.jar:/home/travis/build/icyphy/ptII/lib/mapss.jar:/home/travis/build/icyphy/ptII/ptolemy/actor/ptalon/antlr/antlr.jar:/home/travis/build/icyphy/ptII/lib/JRI.jar:/home/travis/build/icyphy/ptII/lib/commons-lang-2.6.jar:/home/travis/build/icyphy/ptII/lib/commons-logging-1.1.1.jar:/home/travis/build/icyphy/ptII/lib/sootclasses.jar:/home/travis/build/icyphy/ptII/ptolemy/actor/lib/database/mysql-connector-java-5.1.6-bin.jar:/home/travis/build/icyphy/ptII/vendors/misc/sphinx4/sphinx4-data-5prealpha.jar:/home/travis/build/icyphy/ptII/vendors/misc/sphinx4/sphinx4-core-5prealpha.jar:/home/travis/build/icyphy/ptII/lib/PDFRenderer.jar:/home/travis/build/icyphy/ptII/lib/svgSalamander.jar:/home/travis/build/icyphy/ptII/lib/rsyntaxtextarea-2.6.0-SNAPSHOT.jar:/home/travis/build/icyphy/ptII/lib/hazelcast-3.8.2.jar:/home/travis/build/icyphy/ptII/lib/jackson-annotations-2.9.0.jar:/home/travis/build/icyphy/ptII/lib/jackson-core-2.9.3.jar:/home/travis/build/icyphy/ptII/lib/jackson-databind-2.9.3.jar:/home/travis/build/icyphy/ptII/lib/netty-buffer-4.1.19.Final.jar:/home/travis/build/icyphy/ptII/lib/netty-codec-4.1.19.Final.jar:/home/travis/build/icyphy/ptII/lib/netty-codec-dns-4.1.19.Final.jar:/home/travis/build/icyphy/ptII/lib/netty-codec-http-4.1.19.Final.jar:/home/travis/build/icyphy/ptII/lib/netty-codec-http2-4.1.19.Final.jar:/home/travis/build/icyphy/ptII/lib/netty-common-4.1.19.Final.jar:/home/travis/build/icyphy/ptII/lib/netty-handler-4.1.19.Final.jar:/home/travis/build/icyphy/ptII/lib/netty-resolver-4.1.19.Final.jar:/home/travis/build/icyphy/ptII/lib/netty-resolver-dns-4.1.19.Final.jar:/home/travis/build/icyphy/ptII/lib/netty-transport-4.1.19.Final.jar:/home/travis/build/icyphy/ptII/lib/vertx-codegen-3.5.1.jar:/home/travis/build/icyphy/ptII/lib/vertx-core-3.5.2-SNAPSHOT.jar:/home/travis/build/icyphy/ptII/lib/vertx-hazelcast-3.5.1.jar:/home/travis/build/icyphy/ptII/lib/vertx-lang-js-3.5.1.jar:/home/travis/build/icyphy/ptII/lib/vertx-service-proxy-3.5.1.jar:/home/travis/build/icyphy/ptII/lib/vertx-web-3.5.1.jar:/home/travis/build/icyphy/ptII/lib/slf4j-api-1.7.13.jar:/home/travis/build/icyphy/ptII/lib/slf4j-simple-1.7.13.jar:/home/travis/build/icyphy/ptII/lib/webcam-capture-0.3.12.jar:/home/travis/build/icyphy/ptII/lib/bridj-0.7.0.jar:/home/travis/build/icyphy/ptII/lib/xbjlib-1.1.0.nrjavaserial.jar" />
    <property name="test.batch" value="**/junit/*.java" />
    <property name="env._" value="/usr/bin/timeout" />
    <property name="java.io.tmpdir" value="/tmp" />
    <property name="env.TRAVIS_INTERNAL_RUBY_REGEX" value="^ruby-(2\.[0-4]\.[0-9]|1\.9\.3)" />
    <property name="user.language" value="en" />
    <property name="env.HISTCONTROL" value="ignoredups:ignorespace" />
    <property name="env.GOROOT" value="/home/travis/.gimme/versions/go1.7.4.linux.amd64" />
    <property name="line.separator" value="&#xa;" />
    <property name="target" value="1.8" />
    <property name="env.TRAVIS_BUILD_DIR" value="/home/travis/build/icyphy/ptII" />
    <property name="env.ANT_OPTS" value="-Xmx2048m" />
    <property name="ant.file.type" value="file" />
    <property name="ptolemy.ptII.batchMode" value="true" />
    <property name="env.HISTSIZE" value="1000" />
    <property name="env.MERB_ENV" value="test" />
    <property name="java.vm.info" value="mixed mode" />
    <property name="source" value="1.8" />
    <property name="java.vm.specification.name" value="Java Virtual Machine Specification" />
    <property name="env.TRAVIS_TEST_RESULT" value="0" />
    <property name="jsdoc.command" value="node_modules/@terraswarm/jsdoc/jsdoc.js" />
    <property name="npm.works" value="true" />
    <property name="cobertura.dir" value="/home/travis/build/icyphy/ptII/vendors/cobertura-2.0.3" />
    <property name="env.rvm_path" value="/home/travis/.rvm" />
    <property name="env.GEM_PATH" value="/home/travis/.rvm/gems/ruby-2.4.1:/home/travis/.rvm/gems/ruby-2.4.1@global" />
    <property name="env.LC_CTYPE" value="en_US.UTF-8" />
    <property name="java.awt.printerjob" value="sun.print.PSPrinterJob" />
    <property name="env.TRAVIS_CMD" value="$PTII/bin/ptIITravisBuild.sh $SECONDS" />
    <property name="env.TRAVIS_STACK_NAME" value="garnet" />
    <property name="env.TRAVIS_TIMER_START_TIME" value="1552588079277336725" />
    <property name="ant.version" value="Apache Ant(TM) version 1.10.1 compiled on February 2 2017" />
    <property name="ptII.reports" value="/home/travis/build/icyphy/ptII/reports" />
    <property name="env.TRAVIS_STACK_TIMESTAMP" value="2017-12-05 19:33:09 UTC" />
    <property name="ant.file.type.ptII" value="file" />
    <property name="env.RBENV_SHELL" value="bash" />
    <property name="os.name" value="Linux" />
    <property name="java.specification.vendor" value="Oracle Corporation" />
    <property name="env.rvm_version" value="1.29.3 (latest)" />
    <property name="env.TRAVIS_INFRA" value="gce" />
    <property name="env.TERM" value="xterm" />
    <property name="java.vm.name" value="Java HotSpot(TM) 64-Bit Server VM" />
    <property name="env.TRAVIS_BUILD_NUMBER" value="1048" />
    <property name="env.CI" value="true" />
    <property name="java.library.path" value="/home/travis/pthla/certi-tools/lib:/usr/lib/jni:/usr/local/share/OpenCV/java/:/usr/share/OpenCV/java::/usr/java/packages/lib/amd64:/usr/lib64:/lib64:/lib:/usr/lib" />
    <property name="env.rvm_prefix" value="/home/travis" />
    <property name="env.PATH" value="/home/travis/pthla/certi-tools/share/scripts:/home/travis/.rvm/gems/ruby-2.4.1/bin:/home/travis/.rvm/gems/ruby-2.4.1@global/bin:/home/travis/.rvm/rubies/ruby-2.4.1/bin:/home/travis/.rvm/bin:/home/travis/.nvm/versions/node/v7.10.1/bin:./node_modules/.bin:/home/travis/build/icyphy/ptII/bin:/home/travis/pthla/certi-tools/bin:/home/travis/bin:/home/travis/.local/bin:/opt/pyenv/shims:/home/travis/.phpenv/shims:/home/travis/perl5/perlbrew/bin:/home/travis/.kiex/elixirs/elixir-1.4.5/bin:/home/travis/.kiex/bin:/home/travis/gopath/bin:/home/travis/.gimme/versions/go1.7.4.linux.amd64/bin:/usr/local/phantomjs/bin:/usr/local/phantomjs:/usr/local/neo4j-3.2.7/bin:/usr/local/maven-3.5.2/bin:/usr/local/cmake-3.9.2/bin:/usr/local/clang-5.0.0/bin:/usr/local/sbin:/usr/local/bin:/usr/sbin:/usr/bin:/sbin:/bin:/home/travis/.phpenv/bin:/opt/pyenv/bin:/home/travis/.yarn/bin" />
    <property name="env.TRAVIS_OS_NAME" value="linux" />
    <property name="ant.java.version" value="1.8" />
    <property name="basedir" value="/home/travis/build/icyphy/ptII" />
    <property name="java.class.version" value="52.0" />
    <property name="env.SHLVL" value="3" />
    <property name="env.LD_LIBRARY_PATH" value="/home/travis/pthla/certi-tools/lib:/usr/lib/jni:/usr/local/share/OpenCV/java/:/usr/share/OpenCV/java:" />
    <property name="env.RACK_ENV" value="test" />
    <property name="ant.home" value="/home/travis/build/icyphy/ptII/ant" />
    <property name="env.PERLBREW_BASHRC_VERSION" value="0.80" />
    <property name="env.NVM_DIR" value="/home/travis/.nvm" />
    <property name="env.TRAVIS_BUILD_ID" value="506383170" />
    <property name="env.CERTI_FOM_PATH" value="/home/travis/pthla/certi-tools/share/federations" />
    <property name="env.PYENV_ROOT" value="/opt/pyenv" />
    <property name="env.TRAVIS_UID" value="2000" />
    <property name="env.rvm_pretty_print_flag" value="auto" />
    <property name="env.NVM_BIN" value="/home/travis/.nvm/versions/node/v7.10.1/bin" />
    <property name="env.TRAVIS_COMMIT" value="67555cc8f7f8bee349ae8a97249408c1f5190cda" />
    <property name="env._system_arch" value="x86_64" />
    <property name="node.executable" value="node" />
    <property name="sun.boot.library.path" value="/usr/lib/jvm/java-8-oracle/jre/lib/amd64" />
    <property name="sun.management.compiler" value="HotSpot 64-Bit Tiered Compilers" />
    <property name="env.GOPATH" value="/home/travis/gopath" />
    <property name="java.awt.graphicsenv" value="sun.awt.X11GraphicsEnvironment" />
    <property name="ptolemy.ptII.dir" value="/home/travis/build/icyphy/ptII" />
    <property name="env.USER" value="travis" />
    <property name="env.HISTFILESIZE" value="2000" />
    <property name="timeout.longest" value="19000000" />
    <property name="env.TRAVIS_STACK_FEATURES" value="basic cassandra chromium couchdb disabled-ipv6 docker docker-compose elasticsearch firefox go-toolchain google-chrome jdk memcached mongodb mysql neo4j nodejs_interpreter perl_interpreter perlbrew phantomjs postgresql python_interpreter rabbitmq redis riak ruby_interpreter sqlite xserver" />
    <property name="env.TRAVIS_PULL_REQUEST" value="false" />
    <property name="env.PYENV_SHELL" value="bash" />
    <property name="ant.project.name" value="ptII" />
    <property name="java.vm.specification.version" value="1.8" />
    <property name="env.ANSI_RESET" value="\033[0m" />
    <property name="env.TRAVIS_DIST" value="trusty" />
    <property name="env.CERTI_VERSION" value="4.0.0" />
    <property name="env.NLSPATH" value="/usr/dt/lib/nls/msg/%L/%N.cat" />
    <property name="awt.toolkit" value="sun.awt.X11.XToolkit" />
    <property name="env.CERTI_HOST" value="localhost" />
    <property name="env.MY_RUBY_HOME" value="/home/travis/.rvm/rubies/ruby-2.4.1" />
    <property name="sun.cpu.isalist" value="" />
    <property name="env.TRAVIS_TMPDIR" value="/tmp/tmp.bgCgWGTWAI" />
    <property name="java.ext.dirs" value="/usr/lib/jvm/java-8-oracle/jre/lib/ext:/usr/java/packages/lib/ext" />
    <property name="os.version" value="4.4.0-101-generic" />
    <property name="user.home" value="/home/travis" />
    <property name="env.MIX_ARCHIVES" value="/home/travis/.kiex/mix/elixir-1.4.5" />
    <property name="java.vm.vendor" value="Oracle Corporation" />
    <property name="env.TRAVIS_TAG" value="nightly" />
    <property name="env.ANSI_YELLOW" value="\033[33;1m" />
    <property name="env.TRAVIS_FILTERED" value="redirect_io" />
    <property name="env.ANSI_GREEN" value="\033[32;1m" />
    <property name="env.JAVA_HOME" value="/usr/lib/jvm/java-8-oracle" />
    <property name="env.PTII" value="/home/travis/build/icyphy/ptII" />
    <property name="javadoc.excludepackagenames" value="adm.cvs2svn.*,build.*,config.*,doc.coding.templates.*,jni.test.jni.meaningOfLife.*,jni.test.jni.testDeux.*,jni.test.jni.testTrois.*,org.terraswarm.accessor.accessors.web.node_modules.*,org.terraswarm.accessor.accessors.web.hosts.cordova.demo.*,org.terraswarm.accessor.accessors.web.hosts.cordova.plugins.*,org.terraswarm.accessor.accessors-svn.*,pt-modules.*,ptolemy.apps.agilent.*,ptolemy.apps.anytimecontrol.*,ptolemy.apps.apes.*,ptolemy.apps.charon.*,ptolemy.apps.crazyboard.*,ptolemy.apps.eclipse.*,ptolemy.apps.etherealSting.*,ptolemy.apps.fullscreen.*,ptolemy.apps.giotto.*,ptolemy.apps.ia.*,ptolemy.apps.interfaces.*,ptolemy.apps.jmf.*,ptolemy.apps.kurt.*,ptolemy.apps.kvm.*,ptolemy.apps.lego.*,ptolemy.apps.lejos.*,ptolemy.apps.midp.*,ptolemy.apps.mobileCoding.*,ptolemy.apps.pendulum.*,ptolemy.apps.rijndael.*,ptolemy.apps.robot.*,ptolemy.apps.security.*,ptolemy.apps.sobel.*,ptolemy.apps.soot.*,ptolemy.apps.throttle.*,ptolemy.apps.tini.*,ptolemy.apps.transmission.*,ptolemy.apps.vergil.*,ptolemy.apps.waba.*,ptolemy.apps.websensor.*,ptolemy.apps.webstart.*,ptolemy.apps.xsl.*,ptolemy.apps.zaurus.*,ptolemy.codegen.c.actor.lib.oldJavaFiles.*,ptolemy.codegen.dsp.lib.*,ptolemy.codegen.kernel.newInterfaces.*,ptolemy.codegen.lib.*,ptolemy.copernicus.kernel.fragment.*,ptolemy.copernicus.shallow.cg.*,ptolemy.domains.giotto.demo.Hierarchy.Hierarchy.*,ptolemy.domains.giotto.demo.Multimode.Multimode.*,ptolemy.domains.giotto.demo.Simple.Simple.*,ptolemy.domains.gr.lib.experimental.*,ptolemy.domains.gro.*,ptolemy.domains.pdf.*,ptolemy.domains.ptinyos.demo.Surge.output.*,ptolemy.moml.test.NoPackageActor.java*,ptolemy.plot.adm.*,ptolemy.plot.servlet.*,reports.*,signed.*,src.*,target.*,vendors.*,ptolemy.apps.eclipse.awt.*,ptolemy.backtrack.*,ptolemy.backtrack.ast.*,ptolemy.cg.adapter.generic.program.procedural.c.mbed*,ptolemy.homer.*,org.ptolemy.scala.*,diva.util.java2d.svg.*,ptolemy.domains.ptinyos.*,ptolemy.actor.lib.fmi.fmipp.*,,org.terraswarm.accessor.accessors.web.node_modules.*,org.terraswarm.accessor.accessors-svn,ptolemy.apps.*,ptolemy.actor.ptalon.demo.ptinyos.SendAndReceiveCnt.output,ptolemy.actor.ptalon.demo.ptinyos.SenseToLeds.output,ptolemy.domains.ptinyos.demo.CntToLedsAndRfm.output,ptolemy.domains.ptinyos.demo.RfmToLeds.output,ptolemy.domains.ptinyos.demo.SendAndReceiveCnt.output,ptolemy.domains.ptinyos.demo.SenseToLeds.output,ptolemy.actor.lib.jjs.modules.udpSocket.*" />
    <property name="env.TRAVIS_COMMIT_MESSAGE" value="Fine tuned documentation and changed a tick2() to tick() and watch for stopRequested" />
    <property name="keystore" value="ptKeystore" />
    <property name="env.XDG_SESSION_ID" value="2" />
    <property name="junit.output.dir" value="/home/travis/build/icyphy/ptII/reports/junit" />
    <property name="npm.return.code" value="0" />
    <property name="user.dir" value="/home/travis/build/icyphy/ptII/ptolemy/actor/lib/test" />
    <property name="env.TRAVIS_NODE_VERSION" value="7" />
    <property name="env.XFILESEARCHPATH" value="/usr/dt/app-defaults/%L/Dt" />
    <property name="env.TRAVIS_EVENT_TYPE" value="push" />
    <property name="env.MAIL" value="/var/mail/travis" />
    <property name="env.PWD" value="/home/travis/build/icyphy/ptII" />
    <property name="env.PERLBREW_ROOT" value="/home/travis/perl5/perlbrew" />
    <property name="timeout.npm" value="45000" />
    <property name="env.TRAVIS_ARCH" value="amd64" />
    <property name="env.PAGER" value="cat" />
    <property name="sun.cpu.endian" value="little" />
    <property name="env.TRAVIS_BUILD_STAGE_NAME" value="Test" />
    <property name="env.PERLBREW_HOME" value="/home/travis/.perlbrew" />
    <property name="env.RAILS_ENV" value="test" />
    <property name="java.vm.version" value="25.151-b12" />
    <property name="java.class.path" value="/home/travis/.ptolemyII:/home/travis/.ptolemyII/*:/home/travis/build/icyphy/ptII:/home/travis/build/icyphy/ptII/lib/bsh-2.0b4.jar:/home/travis/build/icyphy/ptII/lib/ptCal.jar:/home/travis/build/icyphy/ptII/lib/java_cup.jar:/home/travis/build/icyphy/ptII/lib/saxon8.jar:/home/travis/build/icyphy/ptII/lib/saxon8-dom.jar:/home/travis/build/icyphy/ptII/lib/chic.jar:/home/travis/build/icyphy/ptII/lib/ptcolt.jar:/usr/lib/jvm/java-8-oracle/lib/tools.jar:/home/travis/build/icyphy/ptII/vendors/misc/itext/iText.jar:/home/travis/build/icyphy/ptII/lib/g4ltl.jar:/home/travis/build/icyphy/ptII/lib/StructuralCoder.jar:/home/travis/build/icyphy/ptII/vendors/jai-1_1_2_01/lib/jai_core.jar:/home/travis/build/icyphy/ptII/vendors/jai-1_1_2_01/lib/jai_codec.jar:/home/travis/build/icyphy/ptII/lib/jcerti.jar:/home/travis/build/icyphy/ptII/lib/javax.mail.jar:/home/travis/build/icyphy/ptII/vendors/JMF-2.1.1e/lib/jmf.jar:/home/travis/build/icyphy/ptII/lib/jna-4.0.0-variadic.jar:/home/travis/build/icyphy/ptII/vendors/misc/joystick/Joystick.jar:/home/travis/build/icyphy/ptII/lib/ptjacl.jar:/home/travis/build/icyphy/ptII/lib/jsoup-1.8.2.jar:/home/travis/build/icyphy/ptII/lib/junit-4.8.2.jar:/home/travis/build/icyphy/ptII/lib/JUnitParams-0.4.0.jar:/home/travis/build/icyphy/ptII/ptolemy/actor/lib/excel/jxl.jar:/home/travis/build/icyphy/ptII/lib/jython.jar:/home/travis/build/icyphy/ptII/lib/kieler.jar:/home/travis/build/icyphy/ptII/vendors/opencv/share/OpenCV/java/opencv-341.jar:/home/travis/build/icyphy/ptII/lib/oscP5.jar:/home/travis/build/icyphy/ptII/lib/nrjavaserial-3.11.0.devel.jar:/home/travis/build/icyphy/ptII/vendors/j3d/lib/j3dcore.jar:/home/travis/build/icyphy/ptII/vendors/j3d/lib/j3dutils.jar:/home/travis/build/icyphy/ptII/vendors/j3d/lib/vecmath.jar:/home/travis/build/icyphy/ptII/ptolemy/distributed/jini/jar/jini-core.jar:/home/travis/build/icyphy/ptII/ptolemy/distributed/jini/jar/jini-ext.jar:/home/travis/build/icyphy/ptII/ptolemy/distributed/jini/jar/sun-util.jar:/home/travis/build/icyphy/ptII/lib/protobuf-java-2.4.1.jar:/home/travis/build/icyphy/ptII/lib/org.eclipse.paho.client.mqttv3.jar:/home/travis/build/icyphy/ptII/lib/mapss.jar:/home/travis/build/icyphy/ptII/ptolemy/actor/ptalon/antlr/antlr.jar:/home/travis/build/icyphy/ptII/lib/JRI.jar:/home/travis/build/icyphy/ptII/lib/commons-lang-2.6.jar:/home/travis/build/icyphy/ptII/lib/commons-logging-1.1.1.jar:/home/travis/build/icyphy/ptII/lib/sootclasses.jar:/home/travis/build/icyphy/ptII/ptolemy/actor/lib/database/mysql-connector-java-5.1.6-bin.jar:/home/travis/build/icyphy/ptII/vendors/misc/sphinx4/sphinx4-data-5prealpha.jar:/home/travis/build/icyphy/ptII/vendors/misc/sphinx4/sphinx4-core-5prealpha.jar:/home/travis/build/icyphy/ptII/lib/PDFRenderer.jar:/home/travis/build/icyphy/ptII/lib/svgSalamander.jar:/home/travis/build/icyphy/ptII/lib/rsyntaxtextarea-2.6.0-SNAPSHOT.jar:/home/travis/build/icyphy/ptII/lib/hazelcast-3.8.2.jar:/home/travis/build/icyphy/ptII/lib/jackson-annotations-2.9.0.jar:/home/travis/build/icyphy/ptII/lib/jackson-core-2.9.3.jar:/home/travis/build/icyphy/ptII/lib/jackson-databind-2.9.3.jar:/home/travis/build/icyphy/ptII/lib/netty-buffer-4.1.19.Final.jar:/home/travis/build/icyphy/ptII/lib/netty-codec-4.1.19.Final.jar:/home/travis/build/icyphy/ptII/lib/netty-codec-dns-4.1.19.Final.jar:/home/travis/build/icyphy/ptII/lib/netty-codec-http-4.1.19.Final.jar:/home/travis/build/icyphy/ptII/lib/netty-codec-http2-4.1.19.Final.jar:/home/travis/build/icyphy/ptII/lib/netty-common-4.1.19.Final.jar:/home/travis/build/icyphy/ptII/lib/netty-handler-4.1.19.Final.jar:/home/travis/build/icyphy/ptII/lib/netty-resolver-4.1.19.Final.jar:/home/travis/build/icyphy/ptII/lib/netty-resolver-dns-4.1.19.Final.jar:/home/travis/build/icyphy/ptII/lib/netty-transport-4.1.19.Final.jar:/home/travis/build/icyphy/ptII/lib/vertx-codegen-3.5.1.jar:/home/travis/build/icyphy/ptII/lib/vertx-core-3.5.2-SNAPSHOT.jar:/home/travis/build/icyphy/ptII/lib/vertx-hazelcast-3.5.1.jar:/home/travis/build/icyphy/ptII/lib/vertx-lang-js-3.5.1.jar:/home/travis/build/icyphy/ptII/lib/vertx-service-proxy-3.5.1.jar:/home/travis/build/icyphy/ptII/lib/vertx-web-3.5.1.jar:/home/travis/build/icyphy/ptII/lib/slf4j-api-1.7.13.jar:/home/travis/build/icyphy/ptII/lib/slf4j-simple-1.7.13.jar:/home/travis/build/icyphy/ptII/lib/webcam-capture-0.3.12.jar:/home/travis/build/icyphy/ptII/lib/bridj-0.7.0.jar:/home/travis/build/icyphy/ptII/lib/xbjlib-1.1.0.nrjavaserial.jar:/home/travis/build/icyphy/ptII/ptolemy/moml/test:/home/travis/build/icyphy/ptII/ant/lib/ant-launcher.jar:/home/travis/build/icyphy/ptII/ant/lib/ant.jar:/home/travis/build/icyphy/ptII/ant/lib/ant-junit.jar:/home/travis/build/icyphy/ptII/ant/lib/ant-junit4.jar" />
    <property name="ant.library.dir" value="/home/travis/build/icyphy/ptII/ant/lib" />
    <property name="os.arch" value="amd64" />
    <property name="env.TRAVIS_LANGUAGE" value="node_js" />
    <property name="env.CONTINUOUS_INTEGRATION" value="true" />
    <property name="env.TRAVIS_STACK_LANGUAGES" value="__garnet__ c c++ clojure cplusplus cpp default go groovy java node_js php pure_java python ruby scala" />
    <property name="test.name" value="ptolemy.actor.lib.test.junit.JUnitTclTest" />
    <property name="sun.java.launcher" value="SUN_STANDARD" />
    <property name="env.PYTHON_CONFIGURE_OPTS" value="--enable-unicode=ucs4 --with-wide-unicode --enable-shared --enable-ipv6 --enable-loadable-sqlite-extensions --with-computed-gotos" />
    <property name="ant.core.lib" value="/home/travis/build/icyphy/ptII/ant/lib/ant.jar" />
    <property name="java.vm.specification.vendor" value="Oracle Corporation" />
    <property name="env.BCVTB_HOME" value="/home/travis/build/icyphy/ptII/lbnl" />
    <property name="file.separator" value="/" />
    <property name="spotbugs.home" value="/home/travis/build/icyphy/ptII/vendors/spotbugs-3.1.1" />
    <property name="java.runtime.version" value="1.8.0_151-b12" />
    <property name="sun.boot.class.path" value="/usr/lib/jvm/java-8-oracle/jre/lib/resources.jar:/usr/lib/jvm/java-8-oracle/jre/lib/rt.jar:/usr/lib/jvm/java-8-oracle/jre/lib/sunrsasign.jar:/usr/lib/jvm/java-8-oracle/jre/lib/jsse.jar:/usr/lib/jvm/java-8-oracle/jre/lib/jce.jar:/usr/lib/jvm/java-8-oracle/jre/lib/charsets.jar:/usr/lib/jvm/java-8-oracle/jre/lib/jfr.jar:/usr/lib/jvm/java-8-oracle/jre/classes" />
    <property name="env.ANSI_CLEAR" value="\033[0K" />
    <property name="env.HAS_JOSH_K_SEAL_OF_APPROVAL" value="true" />
    <property name="env.XDG_RUNTIME_DIR" value="/run/user/2000" />
    <property name="env.TRAVIS_OSX_IMAGE" value="" />
    <property name="env.TRAVIS_BRANCH" value="master" />
    <property name="env.TRAVIS_JOB_ID" value="506383178" />
    <property name="user.country" value="US" />
    <property name="env.CERTI_HOME_TRAVIS" value="/home/travis/pthla/certi-tools" />
    <property name="env.SHELL" value="/bin/bash" />
    <property name="java.maxmemory.large" value="5000m" />
    <property name="model" value="" />
    <property name="env.CASHER_DIR" value="/home/travis/.casher" />
    <property name="env.NVM_CD_FLAGS" value="" />
    <property name="jshint.executable" value="/home/travis/node_modules/jshint/bin/jshint" />
    <property name="java.vendor" value="Oracle Corporation" />
    <property name="env.JRUBY_OPTS" value=" --client -J-XX:+TieredCompilation -J-XX:TieredStopAtLevel=1 -J-Xss2m -Xcompile.invokedynamic=false" />
    <property name="env.TRAVIS_PRE_CHEF_BOOTSTRAP_TIME" value="2017-12-05T19:32:55" />
    <property name="env.TRAVIS_STACK_JOB_BOARD_REGISTER" value="/.job-board-register.yml" />
    <property name="env.ELIXIR_VERSION" value="1.4.5" />
    <property name="env.ANSI_RED" value="\033[31;1m" />
    <property name="java.specification.version" value="1.8" />
    <property name="env.TRAVIS" value="true" />
    <property name="env.IRBRC" value="/home/travis/.rvm/rubies/ruby-2.4.1/.irbrc" />
    <property name="sun.arch.data.model" value="64" />
  </properties>
  <testcase classname="ptolemy.util.test.junit.TclTests" name="[0] /home/travis/build/icyphy/ptII/ptolemy/actor/lib/test/AbsoluteValue.tcl (RunTclFile)" time="0.465" />
  <testcase classname="ptolemy.util.test.junit.TclTests" name="[1] /home/travis/build/icyphy/ptII/ptolemy/actor/lib/test/AddSubtract.tcl (RunTclFile)" time="0.088" />
  <testcase classname="ptolemy.util.test.junit.TclTests" name="[2] /home/travis/build/icyphy/ptII/ptolemy/actor/lib/test/Average.tcl (RunTclFile)" time="0.038" />
  <testcase classname="ptolemy.util.test.junit.TclTests" name="[3] /home/travis/build/icyphy/ptII/ptolemy/actor/lib/test/Bernoulli.tcl (RunTclFile)" time="0.041" />
  <testcase classname="ptolemy.util.test.junit.TclTests" name="[4] /home/travis/build/icyphy/ptII/ptolemy/actor/lib/test/Clock.tcl (RunTclFile)" time="0.096" />
  <testcase classname="ptolemy.util.test.junit.TclTests" name="[5] /home/travis/build/icyphy/ptII/ptolemy/actor/lib/test/Commutator.tcl (RunTclFile)" time="0.097" />
  <testcase classname="ptolemy.util.test.junit.TclTests" name="[6] /home/travis/build/icyphy/ptII/ptolemy/actor/lib/test/Const.tcl (RunTclFile)" time="0.125" />
  <testcase classname="ptolemy.util.test.junit.TclTests" name="[7] /home/travis/build/icyphy/ptII/ptolemy/actor/lib/test/CurrentTime.tcl (RunTclFile)" time="0.022" />
  <testcase classname="ptolemy.util.test.junit.TclTests" name="[8] /home/travis/build/icyphy/ptII/ptolemy/actor/lib/test/DB.tcl (RunTclFile)" time="0.021" />
  <testcase classname="ptolemy.util.test.junit.TclTests" name="[9] /home/travis/build/icyphy/ptII/ptolemy/actor/lib/test/DiscreteRandomSource.tcl (RunTclFile)" time="0.044" />
  <testcase classname="ptolemy.util.test.junit.TclTests" name="[10] /home/travis/build/icyphy/ptII/ptolemy/actor/lib/test/Distributor.tcl (RunTclFile)" time="0.076" />
  <testcase classname="ptolemy.util.test.junit.TclTests" name="[11] /home/travis/build/icyphy/ptII/ptolemy/actor/lib/test/Exit.tcl (RunTclFile)" time="0.061" />
  <testcase classname="ptolemy.util.test.junit.TclTests" name="[12] /home/travis/build/icyphy/ptII/ptolemy/actor/lib/test/Expression.tcl (RunTclFile)" time="0.065" />
  <testcase classname="ptolemy.util.test.junit.TclTests" name="[13] /home/travis/build/icyphy/ptII/ptolemy/actor/lib/test/Gaussian.tcl (RunTclFile)" time="0.588" />
  <testcase classname="ptolemy.util.test.junit.TclTests" name="[14] /home/travis/build/icyphy/ptII/ptolemy/actor/lib/test/IIR.tcl (RunTclFile)" time="0.034" />
  <testcase classname="ptolemy.util.test.junit.TclTests" name="[15] /home/travis/build/icyphy/ptII/ptolemy/actor/lib/test/Interpolator.tcl (RunTclFile)" time="0.064" />
  <testcase classname="ptolemy.util.test.junit.TclTests" name="[16] /home/travis/build/icyphy/ptII/ptolemy/actor/lib/test/MathFunction.tcl (RunTclFile)" time="0.082" />
  <testcase classname="ptolemy.util.test.junit.TclTests" name="[17] /home/travis/build/icyphy/ptII/ptolemy/actor/lib/test/Maximum.tcl (RunTclFile)" time="0.026" />
  <testcase classname="ptolemy.util.test.junit.TclTests" name="[18] /home/travis/build/icyphy/ptII/ptolemy/actor/lib/test/Minimum.tcl (RunTclFile)" time="0.021" />
  <testcase classname="ptolemy.util.test.junit.TclTests" name="[19] /home/travis/build/icyphy/ptII/ptolemy/actor/lib/test/MultiplyDivide.tcl (RunTclFile)" time="0.024" />
  <testcase classname="ptolemy.util.test.junit.TclTests" name="[20] /home/travis/build/icyphy/ptII/ptolemy/actor/lib/test/OrderedMerge.tcl (RunTclFile)" time="0.087" />
  <testcase classname="ptolemy.util.test.junit.TclTests" name="[21] /home/travis/build/icyphy/ptII/ptolemy/actor/lib/test/Publisher.tcl (RunTclFile)" time="0.775" />
  <testcase classname="ptolemy.util.test.junit.TclTests" name="[22] /home/travis/build/icyphy/ptII/ptolemy/actor/lib/test/Pulse.tcl (RunTclFile)" time="0.033" />
  <testcase classname="ptolemy.util.test.junit.TclTests" name="[23] /home/travis/build/icyphy/ptII/ptolemy/actor/lib/test/Ramp.tcl (RunTclFile)" time="1.864" />
  <testcase classname="ptolemy.util.test.junit.TclTests" name="[24] /home/travis/build/icyphy/ptII/ptolemy/actor/lib/test/RampContinuous.tcl (RunTclFile)" time="0.018" />
  <testcase classname="ptolemy.util.test.junit.TclTests" name="[25] /home/travis/build/icyphy/ptII/ptolemy/actor/lib/test/RecordAssembler.tcl (RunTclFile)" time="0.016" />
  <testcase classname="ptolemy.util.test.junit.TclTests" name="[26] /home/travis/build/icyphy/ptII/ptolemy/actor/lib/test/RecordDisassembler.tcl (RunTclFile)" time="0.018" />
  <testcase classname="ptolemy.util.test.junit.TclTests" name="[27] /home/travis/build/icyphy/ptII/ptolemy/actor/lib/test/Scale.tcl (RunTclFile)" time="0.017" />
  <testcase classname="ptolemy.util.test.junit.TclTests" name="[28] /home/travis/build/icyphy/ptII/ptolemy/actor/lib/test/SequentialClock.tcl (RunTclFile)" time="0.012" />
  <testcase classname="ptolemy.util.test.junit.TclTests" name="[29] /home/travis/build/icyphy/ptII/ptolemy/actor/lib/test/SetVariable.tcl (RunTclFile)" time="0.013" />
  <testcase classname="ptolemy.util.test.junit.TclTests" name="[30] /home/travis/build/icyphy/ptII/ptolemy/actor/lib/test/Sinewave.tcl (RunTclFile)" time="0.037" />
  <testcase classname="ptolemy.util.test.junit.TclTests" name="[31] /home/travis/build/icyphy/ptII/ptolemy/actor/lib/test/SubscriptionAggregator.tcl (RunTclFile)" time="1.954" />
  <testcase classname="ptolemy.util.test.junit.TclTests" name="[32] /home/travis/build/icyphy/ptII/ptolemy/actor/lib/test/Test.tcl (RunTclFile)" time="0.095" />
  <testcase classname="ptolemy.util.test.junit.TclTests" name="[33] /home/travis/build/icyphy/ptII/ptolemy/actor/lib/test/TestExceptionHandler.tcl (RunTclFile)" time="0.011" />
  <testcase classname="ptolemy.util.test.junit.TclTests" name="[34] /home/travis/build/icyphy/ptII/ptolemy/actor/lib/test/UnionDisassembler.tcl (RunTclFile)" time="0.045" />
  <testcase classname="ptolemy.util.test.junit.TclTests" name="[35] /home/travis/build/icyphy/ptII/ptolemy/actor/lib/test/VariableClock.tcl (RunTclFile)" time="0.033" />
  <testcase classname="ptolemy.util.test.junit.AutoKnownFailedTests" name="[0] /home/travis/build/icyphy/ptII/ptolemy/actor/lib/test/auto/knownFailedTests/PublisherPortToplevelSubscriber.xml (RunModel)" time="0.023" />
  <testcase classname="ptolemy.util.test.junit.AutoKnownFailedTests" name="[1] /home/travis/build/icyphy/ptII/ptolemy/actor/lib/test/auto/knownFailedTests/PublisherSubscriberPortToplevel.xml (RunModel)" time="0.015" />
  <testcase classname="ptolemy.util.test.junit.AutoKnownFailedTests" name="[2] /home/travis/build/icyphy/ptII/ptolemy/actor/lib/test/auto/knownFailedTests/PublisherSubscriptionAggregatorPort.xml (RunModel)" time="0.034" />
  <testcase classname="ptolemy.util.test.junit.AutoKnownFailedTests" name="[3] /home/travis/build/icyphy/ptII/ptolemy/actor/lib/test/auto/knownFailedTests/sizedarray3.xml (RunModel)" time="0.028" />
  <testcase classname="ptolemy.util.test.junit.AutoNameArchTests" name="[0] ThereAreNoAutoArchTests (RunModel)" time="0.001" />
  <testcase classname="ptolemy.util.test.junit.AutoTests" name="[0] /home/travis/build/icyphy/ptII/ptolemy/actor/lib/test/auto/AbsoluteValue.xml (RunModel)" time="0.105" />
  <testcase classname="ptolemy.util.test.junit.AutoTests" name="[1] /home/travis/build/icyphy/ptII/ptolemy/actor/lib/test/auto/AbsoluteValue2.xml (RunModel)" time="0.074" />
  <testcase classname="ptolemy.util.test.junit.AutoTests" name="[2] /home/travis/build/icyphy/ptII/ptolemy/actor/lib/test/auto/Accumulator.xml (RunModel)" time="0.03" />
  <testcase classname="ptolemy.util.test.junit.AutoTests" name="[3] /home/travis/build/icyphy/ptII/ptolemy/actor/lib/test/auto/Accumulator2.xml (RunModel)" time="0.025" />
  <testcase classname="ptolemy.util.test.junit.AutoTests" name="[4] /home/travis/build/icyphy/ptII/ptolemy/actor/lib/test/auto/Accumulator3.xml (RunModel)" time="0.017" />
  <testcase classname="ptolemy.util.test.junit.AutoTests" name="[5] /home/travis/build/icyphy/ptII/ptolemy/actor/lib/test/auto/ArrayAppend.xml (RunModel)" time="0.136" />
  <testcase classname="ptolemy.util.test.junit.AutoTests" name="[6] /home/travis/build/icyphy/ptII/ptolemy/actor/lib/test/auto/ArrayAppend2.xml (RunModel)" time="0.651" />
  <testcase classname="ptolemy.util.test.junit.AutoTests" name="[7] /home/travis/build/icyphy/ptII/ptolemy/actor/lib/test/auto/ArrayAppend3.xml (RunModel)" time="0.035" />
  <testcase classname="ptolemy.util.test.junit.AutoTests" name="[8] /home/travis/build/icyphy/ptII/ptolemy/actor/lib/test/auto/ArrayAppend4.xml (RunModel)" time="0.027" />
  <testcase classname="ptolemy.util.test.junit.AutoTests" name="[9] /home/travis/build/icyphy/ptII/ptolemy/actor/lib/test/auto/ArrayAppend5.xml (RunModel)" time="0.023" />
  <testcase classname="ptolemy.util.test.junit.AutoTests" name="[10] /home/travis/build/icyphy/ptII/ptolemy/actor/lib/test/auto/ArrayAppend6.xml (RunModel)" time="0.032" />
  <testcase classname="ptolemy.util.test.junit.AutoTests" name="[11] /home/travis/build/icyphy/ptII/ptolemy/actor/lib/test/auto/ArrayAppendPerformanceTest.xml (RunModel)" time="0.038" />
  <testcase classname="ptolemy.util.test.junit.AutoTests" name="[12] /home/travis/build/icyphy/ptII/ptolemy/actor/lib/test/auto/ArrayAppendWithEmptyInput.xml (RunModel)" time="0.057" />
  <testcase classname="ptolemy.util.test.junit.AutoTests" name="[13] /home/travis/build/icyphy/ptII/ptolemy/actor/lib/test/auto/ArrayAverage.xml (RunModel)" time="0.058" />
  <testcase classname="ptolemy.util.test.junit.AutoTests" name="[14] /home/travis/build/icyphy/ptII/ptolemy/actor/lib/test/auto/ArrayContains.xml (RunModel)" time="0.041" />
  <testcase classname="ptolemy.util.test.junit.AutoTests" name="[15] /home/travis/build/icyphy/ptII/ptolemy/actor/lib/test/auto/ArrayElement.xml (RunModel)" time="0.028" />
  <testcase classname="ptolemy.util.test.junit.AutoTests" name="[16] /home/travis/build/icyphy/ptII/ptolemy/actor/lib/test/auto/ArrayElementAsMatrix.xml (RunModel)" time="0.054" />
  <testcase classname="ptolemy.util.test.junit.AutoTests" name="[17] /home/travis/build/icyphy/ptII/ptolemy/actor/lib/test/auto/ArrayElementI.xml (RunModel)" time="0.042" />
  <testcase classname="ptolemy.util.test.junit.AutoTests" name="[18] /home/travis/build/icyphy/ptII/ptolemy/actor/lib/test/auto/ArrayExtract.xml (RunModel)" time="0.036" />
  <testcase classname="ptolemy.util.test.junit.AutoTests" name="[19] /home/travis/build/icyphy/ptII/ptolemy/actor/lib/test/auto/ArrayExtract2.xml (RunModel)" time="0.016" />
  <testcase classname="ptolemy.util.test.junit.AutoTests" name="[20] /home/travis/build/icyphy/ptII/ptolemy/actor/lib/test/auto/ArrayLength.xml (RunModel)" time="0.018" />
  <testcase classname="ptolemy.util.test.junit.AutoTests" name="[21] /home/travis/build/icyphy/ptII/ptolemy/actor/lib/test/auto/ArrayLevelCrossing.xml (RunModel)" time="0.035" />
  <testcase classname="ptolemy.util.test.junit.AutoTests" name="[22] /home/travis/build/icyphy/ptII/ptolemy/actor/lib/test/auto/ArrayLevelCrossing2.xml (RunModel)" time="0.023" />
  <testcase classname="ptolemy.util.test.junit.AutoTests" name="[23] /home/travis/build/icyphy/ptII/ptolemy/actor/lib/test/auto/ArrayPeakSearch.xml (RunModel)" time="0.052" />
  <testcase classname="ptolemy.util.test.junit.AutoTests" name="[24] /home/travis/build/icyphy/ptII/ptolemy/actor/lib/test/auto/ArrayPeakSearch2.xml (RunModel)" time="0.041" />
  <testcase classname="ptolemy.util.test.junit.AutoTests" name="[25] /home/travis/build/icyphy/ptII/ptolemy/actor/lib/test/auto/ArrayPeakSearch3.xml (RunModel)" time="0.035" />
  <testcase classname="ptolemy.util.test.junit.AutoTests" name="[26] /home/travis/build/icyphy/ptII/ptolemy/actor/lib/test/auto/ArrayRemoveElement.xml (RunModel)" time="0.033" />
  <testcase classname="ptolemy.util.test.junit.AutoTests" name="[27] /home/travis/build/icyphy/ptII/ptolemy/actor/lib/test/auto/ArraySort.xml (RunModel)" time="0.035" />
  <testcase classname="ptolemy.util.test.junit.AutoTests" name="[28] /home/travis/build/icyphy/ptII/ptolemy/actor/lib/test/auto/ArraySum.xml (RunModel)" time="0.019" />
  <testcase classname="ptolemy.util.test.junit.AutoTests" name="[29] /home/travis/build/icyphy/ptII/ptolemy/actor/lib/test/auto/ArrayToElements.xml (RunModel)" time="0.019" />
  <testcase classname="ptolemy.util.test.junit.AutoTests" name="[30] /home/travis/build/icyphy/ptII/ptolemy/actor/lib/test/auto/ArrayToMatrix.xml (RunModel)" time="0.047" />
  <testcase classname="ptolemy.util.test.junit.AutoTests" name="[31] /home/travis/build/icyphy/ptII/ptolemy/actor/lib/test/auto/ArrayUpdate1.xml (RunModel)" time="0.016" />
  <testcase classname="ptolemy.util.test.junit.AutoTests" name="[32] /home/travis/build/icyphy/ptII/ptolemy/actor/lib/test/auto/ArrayUpdate2.xml (RunModel)" time="0.017" />
  <testcase classname="ptolemy.util.test.junit.AutoTests" name="[33] /home/travis/build/icyphy/ptII/ptolemy/actor/lib/test/auto/ArrayUpdate3.xml (RunModel)" time="0.016" />
  <testcase classname="ptolemy.util.test.junit.AutoTests" name="[34] /home/travis/build/icyphy/ptII/ptolemy/actor/lib/test/auto/Assert1.xml (RunModel)" time="0.026" />
  <testcase classname="ptolemy.util.test.junit.AutoTests" name="[35] /home/travis/build/icyphy/ptII/ptolemy/actor/lib/test/auto/Assert2.xml (RunModel)" time="0.055" />
  <testcase classname="ptolemy.util.test.junit.AutoTests" name="[36] /home/travis/build/icyphy/ptII/ptolemy/actor/lib/test/auto/BooleanMultiplexor.xml (RunModel)" time="0.04" />
  <testcase classname="ptolemy.util.test.junit.AutoTests" name="[37] /home/travis/build/icyphy/ptII/ptolemy/actor/lib/test/auto/BooleanMultiplexor2.xml (RunModel)" time="0.025" />
  <testcase classname="ptolemy.util.test.junit.AutoTests" name="[38] /home/travis/build/icyphy/ptII/ptolemy/actor/lib/test/auto/BooleanMultiplexor3.xml (RunModel)" time="0.025" />
  <testcase classname="ptolemy.util.test.junit.AutoTests" name="[39] /home/travis/build/icyphy/ptII/ptolemy/actor/lib/test/auto/BooleanSelect.xml (RunModel)" time="0.026" />
  <testcase classname="ptolemy.util.test.junit.AutoTests" name="[40] /home/travis/build/icyphy/ptII/ptolemy/actor/lib/test/auto/BooleanSelect2.xml (RunModel)" time="0.014" />
  <testcase classname="ptolemy.util.test.junit.AutoTests" name="[41] /home/travis/build/icyphy/ptII/ptolemy/actor/lib/test/auto/BooleanSwitch.xml (RunModel)" time="0.019" />
  <testcase classname="ptolemy.util.test.junit.AutoTests" name="[42] /home/travis/build/icyphy/ptII/ptolemy/actor/lib/test/auto/BooleanSwitch2.xml (RunModel)" time="0.011" />
  <testcase classname="ptolemy.util.test.junit.AutoTests" name="[43] /home/travis/build/icyphy/ptII/ptolemy/actor/lib/test/auto/BooleanSwitchCloningBugWithClassRelationGroup.xml (RunModel)" time="0.021" />
  <testcase classname="ptolemy.util.test.junit.AutoTests" name="[44] /home/travis/build/icyphy/ptII/ptolemy/actor/lib/test/auto/BusActors.xml (RunModel)" time="0.023" />
  <testcase classname="ptolemy.util.test.junit.AutoTests" name="[45] /home/travis/build/icyphy/ptII/ptolemy/actor/lib/test/auto/ClassWrapper.xml (RunModel)" time="0.011" />
  <testcase classname="ptolemy.util.test.junit.AutoTests" name="[46] /home/travis/build/icyphy/ptII/ptolemy/actor/lib/test/auto/Clock.xml (RunModel)" time="0.008" />
  <testcase classname="ptolemy.util.test.junit.AutoTests" name="[47] /home/travis/build/icyphy/ptII/ptolemy/actor/lib/test/auto/Clock10.xml (RunModel)" time="0.013" />
  <testcase classname="ptolemy.util.test.junit.AutoTests" name="[48] /home/travis/build/icyphy/ptII/ptolemy/actor/lib/test/auto/Clock11.xml (RunModel)" time="0.012" />
  <testcase classname="ptolemy.util.test.junit.AutoTests" name="[49] /home/travis/build/icyphy/ptII/ptolemy/actor/lib/test/auto/Clock12.xml (RunModel)" time="0.012" />
  <testcase classname="ptolemy.util.test.junit.AutoTests" name="[50] /home/travis/build/icyphy/ptII/ptolemy/actor/lib/test/auto/Clock13.xml (RunModel)" time="0.015" />
  <testcase classname="ptolemy.util.test.junit.AutoTests" name="[51] /home/travis/build/icyphy/ptII/ptolemy/actor/lib/test/auto/Clock14.xml (RunModel)" time="0.012" />
  <testcase classname="ptolemy.util.test.junit.AutoTests" name="[52] /home/travis/build/icyphy/ptII/ptolemy/actor/lib/test/auto/Clock15.xml (RunModel)" time="0.028" />
  <testcase classname="ptolemy.util.test.junit.AutoTests" name="[53] /home/travis/build/icyphy/ptII/ptolemy/actor/lib/test/auto/Clock16.xml (RunModel)" time="0.086" />
  <testcase classname="ptolemy.util.test.junit.AutoTests" name="[54] /home/travis/build/icyphy/ptII/ptolemy/actor/lib/test/auto/Clock17.xml (RunModel)" time="0.057" />
  <testcase classname="ptolemy.util.test.junit.AutoTests" name="[55] /home/travis/build/icyphy/ptII/ptolemy/actor/lib/test/auto/Clock18.xml (RunModel)" time="0.041" />
  <testcase classname="ptolemy.util.test.junit.AutoTests" name="[56] /home/travis/build/icyphy/ptII/ptolemy/actor/lib/test/auto/Clock19.xml (RunModel)" time="0.045" />
  <testcase classname="ptolemy.util.test.junit.AutoTests" name="[57] /home/travis/build/icyphy/ptII/ptolemy/actor/lib/test/auto/Clock2.xml (RunModel)" time="0.012" />
  <testcase classname="ptolemy.util.test.junit.AutoTests" name="[58] /home/travis/build/icyphy/ptII/ptolemy/actor/lib/test/auto/Clock20.xml (RunModel)" time="0.018" />
  <testcase classname="ptolemy.util.test.junit.AutoTests" name="[59] /home/travis/build/icyphy/ptII/ptolemy/actor/lib/test/auto/Clock21.xml (RunModel)" time="0.016" />
  <testcase classname="ptolemy.util.test.junit.AutoTests" name="[60] /home/travis/build/icyphy/ptII/ptolemy/actor/lib/test/auto/Clock22.xml (RunModel)" time="0.015" />
  <testcase classname="ptolemy.util.test.junit.AutoTests" name="[61] /home/travis/build/icyphy/ptII/ptolemy/actor/lib/test/auto/Clock23.xml (RunModel)" time="0.016" />
  <testcase classname="ptolemy.util.test.junit.AutoTests" name="[62] /home/travis/build/icyphy/ptII/ptolemy/actor/lib/test/auto/Clock24.xml (RunModel)" time="0.015" />
  <testcase classname="ptolemy.util.test.junit.AutoTests" name="[63] /home/travis/build/icyphy/ptII/ptolemy/actor/lib/test/auto/Clock4.xml (RunModel)" time="0.013" />
  <testcase classname="ptolemy.util.test.junit.AutoTests" name="[64] /home/travis/build/icyphy/ptII/ptolemy/actor/lib/test/auto/Clock5.xml (RunModel)" time="0.011" />
  <testcase classname="ptolemy.util.test.junit.AutoTests" name="[65] /home/travis/build/icyphy/ptII/ptolemy/actor/lib/test/auto/Clock6.xml (RunModel)" time="0.008" />
  <testcase classname="ptolemy.util.test.junit.AutoTests" name="[66] /home/travis/build/icyphy/ptII/ptolemy/actor/lib/test/auto/Clock7.xml (RunModel)" time="0.009" />
  <testcase classname="ptolemy.util.test.junit.AutoTests" name="[67] /home/travis/build/icyphy/ptII/ptolemy/actor/lib/test/auto/Clock8.xml (RunModel)" time="0.015" />
  <testcase classname="ptolemy.util.test.junit.AutoTests" name="[68] /home/travis/build/icyphy/ptII/ptolemy/actor/lib/test/auto/Clock9.xml (RunModel)" time="0.014" />
  <testcase classname="ptolemy.util.test.junit.AutoTests" name="[69] /home/travis/build/icyphy/ptII/ptolemy/actor/lib/test/auto/CommDistDiscard.xml (RunModel)" time="0.016" />
  <testcase classname="ptolemy.util.test.junit.AutoTests" name="[70] /home/travis/build/icyphy/ptII/ptolemy/actor/lib/test/auto/Commutator.xml (RunModel)" time="0.011" />
  <testcase classname="ptolemy.util.test.junit.AutoTests" name="[71] /home/travis/build/icyphy/ptII/ptolemy/actor/lib/test/auto/Commutator2.xml (RunModel)" time="0.009" />
  <testcase classname="ptolemy.util.test.junit.AutoTests" name="[72] /home/travis/build/icyphy/ptII/ptolemy/actor/lib/test/auto/Commutator3.xml (RunModel)" time="0.009" />
  <testcase classname="ptolemy.util.test.junit.AutoTests" name="[73] /home/travis/build/icyphy/ptII/ptolemy/actor/lib/test/auto/Compare.xml (RunModel)" time="0.017" />
  <testcase classname="ptolemy.util.test.junit.AutoTests" name="[74] /home/travis/build/icyphy/ptII/ptolemy/actor/lib/test/auto/CompareDE.xml (RunModel)" time="0.016" />
  <testcase classname="ptolemy.util.test.junit.AutoTests" name="[75] /home/travis/build/icyphy/ptII/ptolemy/actor/lib/test/auto/ComplexDivide.xml (RunModel)" time="0.009" />
  <testcase classname="ptolemy.util.test.junit.AutoTests" name="[76] /home/travis/build/icyphy/ptII/ptolemy/actor/lib/test/auto/ComputeHistogram.xml (RunModel)" time="0.061" />
  <testcase classname="ptolemy.util.test.junit.AutoTests" name="[77] /home/travis/build/icyphy/ptII/ptolemy/actor/lib/test/auto/ConfigurationSelect.xml (RunModel)" time="0.018" />
  <testcase classname="ptolemy.util.test.junit.AutoTests" name="[78] /home/travis/build/icyphy/ptII/ptolemy/actor/lib/test/auto/ConfigurationSelect2.xml (RunModel)" time="0.012" />
  <testcase classname="ptolemy.util.test.junit.AutoTests" name="[79] /home/travis/build/icyphy/ptII/ptolemy/actor/lib/test/auto/ConfigurationSwitch.xml (RunModel)" time="0.026" />
  <testcase classname="ptolemy.util.test.junit.AutoTests" name="[80] /home/travis/build/icyphy/ptII/ptolemy/actor/lib/test/auto/ConfigurationSwitch2.xml (RunModel)" time="0.019" />
  <testcase classname="ptolemy.util.test.junit.AutoTests" name="[81] /home/travis/build/icyphy/ptII/ptolemy/actor/lib/test/auto/ConfigurationSwitchCloningBugWithClassRelationGroup.xml (RunModel)" time="0.019" />
  <testcase classname="ptolemy.util.test.junit.AutoTests" name="[82] /home/travis/build/icyphy/ptII/ptolemy/actor/lib/test/auto/ConfigurationSwitchSelectSDF.xml (RunModel)" time="0.017" />
  <testcase classname="ptolemy.util.test.junit.AutoTests" name="[83] /home/travis/build/icyphy/ptII/ptolemy/actor/lib/test/auto/ConfigurationSwitchSelectSDF2.xml (RunModel)" time="0.014" />
  <testcase classname="ptolemy.util.test.junit.AutoTests" name="[84] /home/travis/build/icyphy/ptII/ptolemy/actor/lib/test/auto/Const.xml (RunModel)" time="0.007" />
  <testcase classname="ptolemy.util.test.junit.AutoTests" name="[85] /home/travis/build/icyphy/ptII/ptolemy/actor/lib/test/auto/Const2.xml (RunModel)" time="0.015" />
  <testcase classname="ptolemy.util.test.junit.AutoTests" name="[86] /home/travis/build/icyphy/ptII/ptolemy/actor/lib/test/auto/Const3.xml (RunModel)" time="0.008" />
  <testcase classname="ptolemy.util.test.junit.AutoTests" name="[87] /home/travis/build/icyphy/ptII/ptolemy/actor/lib/test/auto/ConstantPublisherPort1.xml (RunModel)" time="0.027" />
  <testcase classname="ptolemy.util.test.junit.AutoTests" name="[88] /home/travis/build/icyphy/ptII/ptolemy/actor/lib/test/auto/ConstantPublisherPort2.xml (RunModel)" time="0.021" />
  <testcase classname="ptolemy.util.test.junit.AutoTests" name="[89] /home/travis/build/icyphy/ptII/ptolemy/actor/lib/test/auto/ConstantPublisherPort3.xml (RunModel)" time="0.027" />
  <testcase classname="ptolemy.util.test.junit.AutoTests" name="[90] /home/travis/build/icyphy/ptII/ptolemy/actor/lib/test/auto/ConstantPublisherPort4.xml (RunModel)" time="0.017" />
  <testcase classname="ptolemy.util.test.junit.AutoTests" name="[91] /home/travis/build/icyphy/ptII/ptolemy/actor/lib/test/auto/ConstantPublisherPort5.xml (RunModel)" time="0.047" />
  <testcase classname="ptolemy.util.test.junit.AutoTests" name="[92] /home/travis/build/icyphy/ptII/ptolemy/actor/lib/test/auto/ConstantPublisherPort6.xml (RunModel)" time="0.059" />
  <testcase classname="ptolemy.util.test.junit.AutoTests" name="[93] /home/travis/build/icyphy/ptII/ptolemy/actor/lib/test/auto/ConstantPublisherPort7.xml (RunModel)" time="0.032" />
  <testcase classname="ptolemy.util.test.junit.AutoTests" name="[94] /home/travis/build/icyphy/ptII/ptolemy/actor/lib/test/auto/ConstraintMonitor1.xml (RunModel)" time="0.035" />
  <testcase classname="ptolemy.util.test.junit.AutoTests" name="[95] /home/travis/build/icyphy/ptII/ptolemy/actor/lib/test/auto/ConstraintMonitor2.xml (RunModel)" time="0.011" />
  <testcase classname="ptolemy.util.test.junit.AutoTests" name="[96] /home/travis/build/icyphy/ptII/ptolemy/actor/lib/test/auto/ConstraintMonitor3.xml (RunModel)" time="0.015" />
  <testcase classname="ptolemy.util.test.junit.AutoTests" name="[97] /home/travis/build/icyphy/ptII/ptolemy/actor/lib/test/auto/ConstraintMonitor4.xml (RunModel)" time="0.012" />
  <testcase classname="ptolemy.util.test.junit.AutoTests" name="[98] /home/travis/build/icyphy/ptII/ptolemy/actor/lib/test/auto/ConstraintMonitor5.xml (RunModel)" time="0.011" />
  <testcase classname="ptolemy.util.test.junit.AutoTests" name="[99] /home/travis/build/icyphy/ptII/ptolemy/actor/lib/test/auto/ConstraintMonitor6.xml (RunModel)" time="0.017" />
  <testcase classname="ptolemy.util.test.junit.AutoTests" name="[100] /home/travis/build/icyphy/ptII/ptolemy/actor/lib/test/auto/ConstraintMonitor7.xml (RunModel)" time="0.015" />
  <testcase classname="ptolemy.util.test.junit.AutoTests" name="[101] /home/travis/build/icyphy/ptII/ptolemy/actor/lib/test/auto/ConstraintMonitor8.xml (RunModel)" time="0.027" />
  <testcase classname="ptolemy.util.test.junit.AutoTests" name="[102] /home/travis/build/icyphy/ptII/ptolemy/actor/lib/test/auto/Counter.xml (RunModel)" time="0.012" />
  <testcase classname="ptolemy.util.test.junit.AutoTests" name="[103] /home/travis/build/icyphy/ptII/ptolemy/actor/lib/test/auto/CurrentTimeSDF.xml (RunModel)" time="0.01" />
  <testcase classname="ptolemy.util.test.junit.AutoTests" name="[104] /home/travis/build/icyphy/ptII/ptolemy/actor/lib/test/auto/DB.xml (RunModel)" time="0.012" />
  <testcase classname="ptolemy.util.test.junit.AutoTests" name="[105] /home/travis/build/icyphy/ptII/ptolemy/actor/lib/test/auto/DBDE.xml (RunModel)" time="0.015" />
  <testcase classname="ptolemy.util.test.junit.AutoTests" name="[106] /home/travis/build/icyphy/ptII/ptolemy/actor/lib/test/auto/DateConstructor.xml (RunModel)" time="0.046" />
  <testcase classname="ptolemy.util.test.junit.AutoTests" name="[107] /home/travis/build/icyphy/ptII/ptolemy/actor/lib/test/auto/DelayTime.xml (RunModel)" time="0.014" />
  <testcase classname="ptolemy.util.test.junit.AutoTests" name="[108] /home/travis/build/icyphy/ptII/ptolemy/actor/lib/test/auto/Dictionary1.xml (RunModel)" time="0.016" />
  <testcase classname="ptolemy.util.test.junit.AutoTests" name="[109] /home/travis/build/icyphy/ptII/ptolemy/actor/lib/test/auto/Dictionary2.xml (RunModel)" time="0.014" />
  <testcase classname="ptolemy.util.test.junit.AutoTests" name="[110] /home/travis/build/icyphy/ptII/ptolemy/actor/lib/test/auto/Dictionary3.xml (RunModel)" time="0.017" />
  <testcase classname="ptolemy.util.test.junit.AutoTests" name="[111] /home/travis/build/icyphy/ptII/ptolemy/actor/lib/test/auto/Dictionary4.xml (RunModel)" time="0.016" />
  <testcase classname="ptolemy.util.test.junit.AutoTests" name="[112] /home/travis/build/icyphy/ptII/ptolemy/actor/lib/test/auto/Differential.xml (RunModel)" time="0.01" />
  <testcase classname="ptolemy.util.test.junit.AutoTests" name="[113] /home/travis/build/icyphy/ptII/ptolemy/actor/lib/test/auto/Director.xml (RunModel)" time="0.01" />
  <testcase classname="ptolemy.util.test.junit.AutoTests" name="[114] /home/travis/build/icyphy/ptII/ptolemy/actor/lib/test/auto/DiscreteClock.xml (RunModel)" time="0.009" />
  <testcase classname="ptolemy.util.test.junit.AutoTests" name="[115] /home/travis/build/icyphy/ptII/ptolemy/actor/lib/test/auto/DiscreteClock10.xml (RunModel)" time="0.013" />
  <testcase classname="ptolemy.util.test.junit.AutoTests" name="[116] /home/travis/build/icyphy/ptII/ptolemy/actor/lib/test/auto/DiscreteClock11.xml (RunModel)" time="0.012" />
  <testcase classname="ptolemy.util.test.junit.AutoTests" name="[117] /home/travis/build/icyphy/ptII/ptolemy/actor/lib/test/auto/DiscreteClock12.xml (RunModel)" time="0.019" />
  <testcase classname="ptolemy.util.test.junit.AutoTests" name="[118] /home/travis/build/icyphy/ptII/ptolemy/actor/lib/test/auto/DiscreteClock13.xml (RunModel)" time="0.015" />
  <testcase classname="ptolemy.util.test.junit.AutoTests" name="[119] /home/travis/build/icyphy/ptII/ptolemy/actor/lib/test/auto/DiscreteClock14.xml (RunModel)" time="0.012" />
  <testcase classname="ptolemy.util.test.junit.AutoTests" name="[120] /home/travis/build/icyphy/ptII/ptolemy/actor/lib/test/auto/DiscreteClock15.xml (RunModel)" time="0.016" />
  <testcase classname="ptolemy.util.test.junit.AutoTests" name="[121] /home/travis/build/icyphy/ptII/ptolemy/actor/lib/test/auto/DiscreteClock16.xml (RunModel)" time="0.042" />
  <testcase classname="ptolemy.util.test.junit.AutoTests" name="[122] /home/travis/build/icyphy/ptII/ptolemy/actor/lib/test/auto/DiscreteClock17.xml (RunModel)" time="0.037" />
  <testcase classname="ptolemy.util.test.junit.AutoTests" name="[123] /home/travis/build/icyphy/ptII/ptolemy/actor/lib/test/auto/DiscreteClock18.xml (RunModel)" time="0.036" />
  <testcase classname="ptolemy.util.test.junit.AutoTests" name="[124] /home/travis/build/icyphy/ptII/ptolemy/actor/lib/test/auto/DiscreteClock19.xml (RunModel)" time="0.038" />
  <testcase classname="ptolemy.util.test.junit.AutoTests" name="[125] /home/travis/build/icyphy/ptII/ptolemy/actor/lib/test/auto/DiscreteClock2.xml (RunModel)" time="0.008" />
  <testcase classname="ptolemy.util.test.junit.AutoTests" name="[126] /home/travis/build/icyphy/ptII/ptolemy/actor/lib/test/auto/DiscreteClock20.xml (RunModel)" time="0.017" />
  <testcase classname="ptolemy.util.test.junit.AutoTests" name="[127] /home/travis/build/icyphy/ptII/ptolemy/actor/lib/test/auto/DiscreteClock21.xml (RunModel)" time="0.017" />
  <testcase classname="ptolemy.util.test.junit.AutoTests" name="[128] /home/travis/build/icyphy/ptII/ptolemy/actor/lib/test/auto/DiscreteClock22.xml (RunModel)" time="0.017" />
  <testcase classname="ptolemy.util.test.junit.AutoTests" name="[129] /home/travis/build/icyphy/ptII/ptolemy/actor/lib/test/auto/DiscreteClock23.xml (RunModel)" time="0.022" />
  <testcase classname="ptolemy.util.test.junit.AutoTests" name="[130] /home/travis/build/icyphy/ptII/ptolemy/actor/lib/test/auto/DiscreteClock24.xml (RunModel)" time="0.025" />
  <testcase classname="ptolemy.util.test.junit.AutoTests" name="[131] /home/travis/build/icyphy/ptII/ptolemy/actor/lib/test/auto/DiscreteClock4.xml (RunModel)" time="0.013" />
  <testcase classname="ptolemy.util.test.junit.AutoTests" name="[132] /home/travis/build/icyphy/ptII/ptolemy/actor/lib/test/auto/DiscreteClock5.xml (RunModel)" time="0.01" />
  <testcase classname="ptolemy.util.test.junit.AutoTests" name="[133] /home/travis/build/icyphy/ptII/ptolemy/actor/lib/test/auto/DiscreteClock6.xml (RunModel)" time="0.009" />
  <testcase classname="ptolemy.util.test.junit.AutoTests" name="[134] /home/travis/build/icyphy/ptII/ptolemy/actor/lib/test/auto/DiscreteClock7.xml (RunModel)" time="0.011" />
  <testcase classname="ptolemy.util.test.junit.AutoTests" name="[135] /home/travis/build/icyphy/ptII/ptolemy/actor/lib/test/auto/DiscreteClock8.xml (RunModel)" time="0.016" />
  <testcase classname="ptolemy.util.test.junit.AutoTests" name="[136] /home/travis/build/icyphy/ptII/ptolemy/actor/lib/test/auto/DiscreteClock9.xml (RunModel)" time="0.011" />
  <testcase classname="ptolemy.util.test.junit.AutoTests" name="[137] /home/travis/build/icyphy/ptII/ptolemy/actor/lib/test/auto/DisplayArray.xml (RunModel)" time="0.029" />
  <testcase classname="ptolemy.util.test.junit.AutoTests" name="[138] /home/travis/build/icyphy/ptII/ptolemy/actor/lib/test/auto/Distributor.xml (RunModel)" time="0.011" />
  <testcase classname="ptolemy.util.test.junit.AutoTests" name="[139] /home/travis/build/icyphy/ptII/ptolemy/actor/lib/test/auto/Distributor2.xml (RunModel)" time="0.01" />
  <testcase classname="ptolemy.util.test.junit.AutoTests" name="[140] /home/travis/build/icyphy/ptII/ptolemy/actor/lib/test/auto/DownSample.xml (RunModel)" time="0.013" />
  <testcase classname="ptolemy.util.test.junit.AutoTests" name="[141] /home/travis/build/icyphy/ptII/ptolemy/actor/lib/test/auto/ElectronicUnitBase1.xml (RunModel)" time="0.514" />
  <testcase classname="ptolemy.util.test.junit.AutoTests" name="[142] /home/travis/build/icyphy/ptII/ptolemy/actor/lib/test/auto/ElementsToArray.xml (RunModel)" time="0.011" />
  <testcase classname="ptolemy.util.test.junit.AutoTests" name="[143] /home/travis/build/icyphy/ptII/ptolemy/actor/lib/test/auto/Equals.xml (RunModel)" time="0.02" />
  <testcase classname="ptolemy.util.test.junit.AutoTests" name="[144] /home/travis/build/icyphy/ptII/ptolemy/actor/lib/test/auto/Exec.xml (RunModel)" time="0.024" />
  <testcase classname="ptolemy.util.test.junit.AutoTests" name="[145] /home/travis/build/icyphy/ptII/ptolemy/actor/lib/test/auto/ExecEnvironment.xml (RunModel)" time="0.037" />
  <testcase classname="ptolemy.util.test.junit.AutoTests" name="[146] /home/travis/build/icyphy/ptII/ptolemy/actor/lib/test/auto/ExecNonZeroReturnOutput.xml (RunModel)" time="0.141" />
  <testcase classname="ptolemy.util.test.junit.AutoTests" name="[147] /home/travis/build/icyphy/ptII/ptolemy/actor/lib/test/auto/ExecRunDemos.xml (RunModel)" time="9.101" />
  <testcase classname="ptolemy.util.test.junit.AutoTests" name="[148] /home/travis/build/icyphy/ptII/ptolemy/actor/lib/test/auto/ExecStop.xml (RunModel)" time="5.031" />
  <testcase classname="ptolemy.util.test.junit.AutoTests" name="[149] /home/travis/build/icyphy/ptII/ptolemy/actor/lib/test/auto/ExecutionTimeSDF.xml (RunModel)" time="6.032" />
  <testcase classname="ptolemy.util.test.junit.AutoTests" name="[150] /home/travis/build/icyphy/ptII/ptolemy/actor/lib/test/auto/Expression1.xml (RunModel)" time="0.009" />
  <testcase classname="ptolemy.util.test.junit.AutoTests" name="[151] /home/travis/build/icyphy/ptII/ptolemy/actor/lib/test/auto/Expression10.xml (RunModel)" time="0.015" />
  <testcase classname="ptolemy.util.test.junit.AutoTests" name="[152] /home/travis/build/icyphy/ptII/ptolemy/actor/lib/test/auto/Expression11.xml (RunModel)" time="0.012" />
  <testcase classname="ptolemy.util.test.junit.AutoTests" name="[153] /home/travis/build/icyphy/ptII/ptolemy/actor/lib/test/auto/Expression12.xml (RunModel)" time="0.018" />
  <testcase classname="ptolemy.util.test.junit.AutoTests" name="[154] /home/travis/build/icyphy/ptII/ptolemy/actor/lib/test/auto/Expression13.xml (RunModel)" time="0.014" />
  <testcase classname="ptolemy.util.test.junit.AutoTests" name="[155] /home/travis/build/icyphy/ptII/ptolemy/actor/lib/test/auto/Expression14.xml (RunModel)" time="0.02" />
  <testcase classname="ptolemy.util.test.junit.AutoTests" name="[156] /home/travis/build/icyphy/ptII/ptolemy/actor/lib/test/auto/Expression15.xml (RunModel)" time="0.009" />
  <testcase classname="ptolemy.util.test.junit.AutoTests" name="[157] /home/travis/build/icyphy/ptII/ptolemy/actor/lib/test/auto/Expression16.xml (RunModel)" time="0.013" />
  <testcase classname="ptolemy.util.test.junit.AutoTests" name="[158] /home/travis/build/icyphy/ptII/ptolemy/actor/lib/test/auto/Expression17.xml (RunModel)" time="0.013" />
  <testcase classname="ptolemy.util.test.junit.AutoTests" name="[159] /home/travis/build/icyphy/ptII/ptolemy/actor/lib/test/auto/Expression18.xml (RunModel)" time="0.014" />
  <testcase classname="ptolemy.util.test.junit.AutoTests" name="[160] /home/travis/build/icyphy/ptII/ptolemy/actor/lib/test/auto/Expression2.xml (RunModel)" time="0.016" />
  <testcase classname="ptolemy.util.test.junit.AutoTests" name="[161] /home/travis/build/icyphy/ptII/ptolemy/actor/lib/test/auto/Expression3.xml (RunModel)" time="0.015" />
  <testcase classname="ptolemy.util.test.junit.AutoTests" name="[162] /home/travis/build/icyphy/ptII/ptolemy/actor/lib/test/auto/Expression4.xml (RunModel)" time="0.02" />
  <testcase classname="ptolemy.util.test.junit.AutoTests" name="[163] /home/travis/build/icyphy/ptII/ptolemy/actor/lib/test/auto/Expression5.xml (RunModel)" time="0.013" />
  <testcase classname="ptolemy.util.test.junit.AutoTests" name="[164] /home/travis/build/icyphy/ptII/ptolemy/actor/lib/test/auto/Expression6.xml (RunModel)" time="0.01" />
  <testcase classname="ptolemy.util.test.junit.AutoTests" name="[165] /home/travis/build/icyphy/ptII/ptolemy/actor/lib/test/auto/Expression7.xml (RunModel)" time="0.013" />
  <testcase classname="ptolemy.util.test.junit.AutoTests" name="[166] /home/travis/build/icyphy/ptII/ptolemy/actor/lib/test/auto/Expression8.xml (RunModel)" time="0.015" />
  <testcase classname="ptolemy.util.test.junit.AutoTests" name="[167] /home/travis/build/icyphy/ptII/ptolemy/actor/lib/test/auto/Expression9.xml (RunModel)" time="0.01" />
  <testcase classname="ptolemy.util.test.junit.AutoTests" name="[168] /home/travis/build/icyphy/ptII/ptolemy/actor/lib/test/auto/ExpressionConcatenateArrayType.xml (RunModel)" time="0.027" />
  <testcase classname="ptolemy.util.test.junit.AutoTests" name="[169] /home/travis/build/icyphy/ptII/ptolemy/actor/lib/test/auto/ExpressionConcatenateArrayType2.xml (RunModel)" time="0.02" />
  <testcase classname="ptolemy.util.test.junit.AutoTests" name="[170] /home/travis/build/icyphy/ptII/ptolemy/actor/lib/test/auto/ExpressionFix.xml (RunModel)" time="0.044" />
  <testcase classname="ptolemy.util.test.junit.AutoTests" name="[171] /home/travis/build/icyphy/ptII/ptolemy/actor/lib/test/auto/ExpressionFix2.xml (RunModel)" time="0.017" />
  <testcase classname="ptolemy.util.test.junit.AutoTests" name="[172] /home/travis/build/icyphy/ptII/ptolemy/actor/lib/test/auto/ExpressionFix3.xml (RunModel)" time="0.021" />
  <testcase classname="ptolemy.util.test.junit.AutoTests" name="[173] /home/travis/build/icyphy/ptII/ptolemy/actor/lib/test/auto/FileWriter1.xml (RunModel)" time="0.011" />
  <testcase classname="ptolemy.util.test.junit.AutoTests" name="[174] /home/travis/build/icyphy/ptII/ptolemy/actor/lib/test/auto/FileWriter2.xml (RunModel)" time="0.016" />
  <testcase classname="ptolemy.util.test.junit.AutoTests" name="[175] /home/travis/build/icyphy/ptII/ptolemy/actor/lib/test/auto/FileWriter3.xml (RunModel)" time="0.017" />
  <testcase classname="ptolemy.util.test.junit.AutoTests" name="[176] /home/travis/build/icyphy/ptII/ptolemy/actor/lib/test/auto/Gaussian.xml (RunModel)" time="0.015" />
  <testcase classname="ptolemy.util.test.junit.AutoTests" name="[177] /home/travis/build/icyphy/ptII/ptolemy/actor/lib/test/auto/Gaussian1.xml (RunModel)" time="0.017" />
  <testcase classname="ptolemy.util.test.junit.AutoTests" name="[178] /home/travis/build/icyphy/ptII/ptolemy/actor/lib/test/auto/Gaussian2.xml (RunModel)" time="0.018" />
  <testcase classname="ptolemy.util.test.junit.AutoTests" name="[179] /home/travis/build/icyphy/ptII/ptolemy/actor/lib/test/auto/GradientAdaptiveLattice.xml (RunModel)" time="0.021" />
  <testcase classname="ptolemy.util.test.junit.AutoTests" name="[180] /home/travis/build/icyphy/ptII/ptolemy/actor/lib/test/auto/IIR.xml (RunModel)" time="0.024" />
  <testcase classname="ptolemy.util.test.junit.AutoTests" name="[181] /home/travis/build/icyphy/ptII/ptolemy/actor/lib/test/auto/InputOutputTransparentPorts.xml (RunModel)" time="0.023" />
  <testcase classname="ptolemy.util.test.junit.AutoTests" name="[182] /home/travis/build/icyphy/ptII/ptolemy/actor/lib/test/auto/Interpolator.xml (RunModel)" time="0.014" />
  <testcase classname="ptolemy.util.test.junit.AutoTests" name="[183] /home/travis/build/icyphy/ptII/ptolemy/actor/lib/test/auto/InterpolatorFiringLimitDE.xml (RunModel)" time="0.016" />
  <testcase classname="ptolemy.util.test.junit.AutoTests" name="[184] /home/travis/build/icyphy/ptII/ptolemy/actor/lib/test/auto/Lattice.xml (RunModel)" time="0.01" />
  <testcase classname="ptolemy.util.test.junit.AutoTests" name="[185] /home/travis/build/icyphy/ptII/ptolemy/actor/lib/test/auto/LazyAOCTestLazy.xml (RunModel)" time="0.023" />
  <testcase classname="ptolemy.util.test.junit.AutoTests" name="[186] /home/travis/build/icyphy/ptII/ptolemy/actor/lib/test/auto/LazyAOCTestNonLazy.xml (RunModel)" time="0.017" />
  <testcase classname="ptolemy.util.test.junit.AutoTests" name="[187] /home/travis/build/icyphy/ptII/ptolemy/actor/lib/test/auto/LazyInnerClass.xml (RunModel)" time="0.051" />
  <testcase classname="ptolemy.util.test.junit.AutoTests" name="[188] /home/travis/build/icyphy/ptII/ptolemy/actor/lib/test/auto/LazyPubSub.xml (RunModel)" time="0.068" />
  <testcase classname="ptolemy.util.test.junit.AutoTests" name="[189] /home/travis/build/icyphy/ptII/ptolemy/actor/lib/test/auto/LazyPubSub2.xml (RunModel)" time="0.051" />
  <testcase classname="ptolemy.util.test.junit.AutoTests" name="[190] /home/travis/build/icyphy/ptII/ptolemy/actor/lib/test/auto/LazyPubSub3.xml (RunModel)" time="0.03" />
  <testcase classname="ptolemy.util.test.junit.AutoTests" name="[191] /home/travis/build/icyphy/ptII/ptolemy/actor/lib/test/auto/LazySubClassModel.xml (RunModel)" time="0.032" />
  <testcase classname="ptolemy.util.test.junit.AutoTests" name="[192] /home/travis/build/icyphy/ptII/ptolemy/actor/lib/test/auto/LevelCrossTest1.xml (RunModel)" time="0.014" />
  <testcase classname="ptolemy.util.test.junit.AutoTests" name="[193] /home/travis/build/icyphy/ptII/ptolemy/actor/lib/test/auto/LevelCrossTest10.xml (RunModel)" time="0.023" />
  <testcase classname="ptolemy.util.test.junit.AutoTests" name="[194] /home/travis/build/icyphy/ptII/ptolemy/actor/lib/test/auto/LevelCrossTest11.xml (RunModel)" time="0.017" />
  <testcase classname="ptolemy.util.test.junit.AutoTests" name="[195] /home/travis/build/icyphy/ptII/ptolemy/actor/lib/test/auto/LevelCrossTest12.xml (RunModel)" time="0.027" />
  <testcase classname="ptolemy.util.test.junit.AutoTests" name="[196] /home/travis/build/icyphy/ptII/ptolemy/actor/lib/test/auto/LevelCrossTest13.xml (RunModel)" time="0.015" />
  <testcase classname="ptolemy.util.test.junit.AutoTests" name="[197] /home/travis/build/icyphy/ptII/ptolemy/actor/lib/test/auto/LevelCrossTest2.xml (RunModel)" time="0.013" />
  <testcase classname="ptolemy.util.test.junit.AutoTests" name="[198] /home/travis/build/icyphy/ptII/ptolemy/actor/lib/test/auto/LevelCrossTest3.xml (RunModel)" time="0.013" />
  <testcase classname="ptolemy.util.test.junit.AutoTests" name="[199] /home/travis/build/icyphy/ptII/ptolemy/actor/lib/test/auto/LevelCrossTest4.xml (RunModel)" time="0.022" />
  <testcase classname="ptolemy.util.test.junit.AutoTests" name="[200] /home/travis/build/icyphy/ptII/ptolemy/actor/lib/test/auto/LevelCrossTest5.xml (RunModel)" time="0.015" />
  <testcase classname="ptolemy.util.test.junit.AutoTests" name="[201] /home/travis/build/icyphy/ptII/ptolemy/actor/lib/test/auto/LevelCrossTest6.xml (RunModel)" time="0.02" />
  <testcase classname="ptolemy.util.test.junit.AutoTests" name="[202] /home/travis/build/icyphy/ptII/ptolemy/actor/lib/test/auto/LevelCrossTest7.xml (RunModel)" time="0.015" />
  <testcase classname="ptolemy.util.test.junit.AutoTests" name="[203] /home/travis/build/icyphy/ptII/ptolemy/actor/lib/test/auto/LevelCrossTest8.xml (RunModel)" time="0.015" />
  <testcase classname="ptolemy.util.test.junit.AutoTests" name="[204] /home/travis/build/icyphy/ptII/ptolemy/actor/lib/test/auto/LevelCrossTest9.xml (RunModel)" time="0.014" />
  <testcase classname="ptolemy.util.test.junit.AutoTests" name="[205] /home/travis/build/icyphy/ptII/ptolemy/actor/lib/test/auto/LevinsonDurbin.xml (RunModel)" time="0.009" />
  <testcase classname="ptolemy.util.test.junit.AutoTests" name="[206] /home/travis/build/icyphy/ptII/ptolemy/actor/lib/test/auto/LevinsonDurbin2.xml (RunModel)" time="0.008" />
  <testcase classname="ptolemy.util.test.junit.AutoTests" name="[207] /home/travis/build/icyphy/ptII/ptolemy/actor/lib/test/auto/LevinsonDurbin3.xml (RunModel)" time="0.008" />
  <testcase classname="ptolemy.util.test.junit.AutoTests" name="[208] /home/travis/build/icyphy/ptII/ptolemy/actor/lib/test/auto/Limiter.xml (RunModel)" time="0.023" />
  <testcase classname="ptolemy.util.test.junit.AutoTests" name="[209] /home/travis/build/icyphy/ptII/ptolemy/actor/lib/test/auto/LinearDifferenceEquationSystem.xml (RunModel)" time="0.02" />
  <testcase classname="ptolemy.util.test.junit.AutoTests" name="[210] /home/travis/build/icyphy/ptII/ptolemy/actor/lib/test/auto/LookupTable.xml (RunModel)" time="0.01" />
  <testcase classname="ptolemy.util.test.junit.AutoTests" name="[211] /home/travis/build/icyphy/ptII/ptolemy/actor/lib/test/auto/MathFunction.xml (RunModel)" time="0.019" />
  <testcase classname="ptolemy.util.test.junit.AutoTests" name="[212] /home/travis/build/icyphy/ptII/ptolemy/actor/lib/test/auto/MathFunction2.xml (RunModel)" time="0.009" />
  <testcase classname="ptolemy.util.test.junit.AutoTests" name="[213] /home/travis/build/icyphy/ptII/ptolemy/actor/lib/test/auto/MathFunction3.xml (RunModel)" time="0.018" />
  <testcase classname="ptolemy.util.test.junit.AutoTests" name="[214] /home/travis/build/icyphy/ptII/ptolemy/actor/lib/test/auto/MatrixCropBoolean.xml (RunModel)" time="0.013" />
  <testcase classname="ptolemy.util.test.junit.AutoTests" name="[215] /home/travis/build/icyphy/ptII/ptolemy/actor/lib/test/auto/MatrixCropComplex.xml (RunModel)" time="0.012" />
  <testcase classname="ptolemy.util.test.junit.AutoTests" name="[216] /home/travis/build/icyphy/ptII/ptolemy/actor/lib/test/auto/MatrixCropDouble.xml (RunModel)" time="0.008" />
  <testcase classname="ptolemy.util.test.junit.AutoTests" name="[217] /home/travis/build/icyphy/ptII/ptolemy/actor/lib/test/auto/MatrixCropFix.xml (RunModel)" time="0.013" />
  <testcase classname="ptolemy.util.test.junit.AutoTests" name="[218] /home/travis/build/icyphy/ptII/ptolemy/actor/lib/test/auto/MatrixCropInt.xml (RunModel)" time="0.009" />
  <testcase classname="ptolemy.util.test.junit.AutoTests" name="[219] /home/travis/build/icyphy/ptII/ptolemy/actor/lib/test/auto/MatrixCropLong.xml (RunModel)" time="0.009" />
  <testcase classname="ptolemy.util.test.junit.AutoTests" name="[220] /home/travis/build/icyphy/ptII/ptolemy/actor/lib/test/auto/MatrixToArray.xml (RunModel)" time="0.04" />
  <testcase classname="ptolemy.util.test.junit.AutoTests" name="[221] /home/travis/build/icyphy/ptII/ptolemy/actor/lib/test/auto/MaxIndex.xml (RunModel)" time="0.014" />
  <testcase classname="ptolemy.util.test.junit.AutoTests" name="[222] /home/travis/build/icyphy/ptII/ptolemy/actor/lib/test/auto/Maximum.xml (RunModel)" time="0.012" />
  <testcase classname="ptolemy.util.test.junit.AutoTests" name="[223] /home/travis/build/icyphy/ptII/ptolemy/actor/lib/test/auto/MaximumComplex.xml (RunModel)" time="0.011" />
  <testcase classname="ptolemy.util.test.junit.AutoTests" name="[224] /home/travis/build/icyphy/ptII/ptolemy/actor/lib/test/auto/MethodCallTest.xml (RunModel)" time="0.02" />
  <testcase classname="ptolemy.util.test.junit.AutoTests" name="[225] /home/travis/build/icyphy/ptII/ptolemy/actor/lib/test/auto/Minimum.xml (RunModel)" time="0.011" />
  <testcase classname="ptolemy.util.test.junit.AutoTests" name="[226] /home/travis/build/icyphy/ptII/ptolemy/actor/lib/test/auto/MinimumComplex.xml (RunModel)" time="0.012" />
  <testcase classname="ptolemy.util.test.junit.AutoTests" name="[227] /home/travis/build/icyphy/ptII/ptolemy/actor/lib/test/auto/MinimumMultiports.xml (RunModel)" time="0.021" />
  <testcase classname="ptolemy.util.test.junit.AutoTests" name="[228] /home/travis/build/icyphy/ptII/ptolemy/actor/lib/test/auto/ModifyDate.xml (RunModel)" time="0.035" />
  <testcase classname="ptolemy.util.test.junit.AutoTests" name="[229] /home/travis/build/icyphy/ptII/ptolemy/actor/lib/test/auto/ModifyDate2.xml (RunModel)" time="0.025" />
  <testcase classname="ptolemy.util.test.junit.AutoTests" name="[230] /home/travis/build/icyphy/ptII/ptolemy/actor/lib/test/auto/MovingAverage.xml (RunModel)" time="0.011" />
  <testcase classname="ptolemy.util.test.junit.AutoTests" name="[231] /home/travis/build/icyphy/ptII/ptolemy/actor/lib/test/auto/MovingMaximum.xml (RunModel)" time="0.009" />
  <testcase classname="ptolemy.util.test.junit.AutoTests" name="[232] /home/travis/build/icyphy/ptII/ptolemy/actor/lib/test/auto/MultipleLinksToSameRelation.xml (RunModel)" time="0.007" />
  <testcase classname="ptolemy.util.test.junit.AutoTests" name="[233] /home/travis/build/icyphy/ptII/ptolemy/actor/lib/test/auto/MultipleLinksToSameRelationDE.xml (RunModel)" time="0.01" />
  <testcase classname="ptolemy.util.test.junit.AutoTests" name="[234] /home/travis/build/icyphy/ptII/ptolemy/actor/lib/test/auto/Multiplexor.xml (RunModel)" time="0.01" />
  <testcase classname="ptolemy.util.test.junit.AutoTests" name="[235] /home/travis/build/icyphy/ptII/ptolemy/actor/lib/test/auto/Multiplexor1.xml (RunModel)" time="0.015" />
  <testcase classname="ptolemy.util.test.junit.AutoTests" name="[236] /home/travis/build/icyphy/ptII/ptolemy/actor/lib/test/auto/Multiplexor2.xml (RunModel)" time="0.012" />
  <testcase classname="ptolemy.util.test.junit.AutoTests" name="[237] /home/travis/build/icyphy/ptII/ptolemy/actor/lib/test/auto/Multiplexor3.xml (RunModel)" time="0.008" />
  <testcase classname="ptolemy.util.test.junit.AutoTests" name="[238] /home/travis/build/icyphy/ptII/ptolemy/actor/lib/test/auto/MultiplexorDE.xml (RunModel)" time="0.019" />
  <testcase classname="ptolemy.util.test.junit.AutoTests" name="[239] /home/travis/build/icyphy/ptII/ptolemy/actor/lib/test/auto/MultiportBroadcastTest.xml (RunModel)" time="0.083" />
  <testcase classname="ptolemy.util.test.junit.AutoTests" name="[240] /home/travis/build/icyphy/ptII/ptolemy/actor/lib/test/auto/MultiportOutHangDuringGetWidth.xml (RunModel)" time="0.035" />
  <testcase classname="ptolemy.util.test.junit.AutoTests" name="[241] /home/travis/build/icyphy/ptII/ptolemy/actor/lib/test/auto/NilToken.xml (RunModel)" time="0.013" />
  <testcase classname="ptolemy.util.test.junit.AutoTests" name="[242] /home/travis/build/icyphy/ptII/ptolemy/actor/lib/test/auto/NilTokenNonStrictTest.xml (RunModel)" time="0.013" />
  <testcase classname="ptolemy.util.test.junit.AutoTests" name="[243] /home/travis/build/icyphy/ptII/ptolemy/actor/lib/test/auto/NilTokenRecord.xml (RunModel)" time="0.018" />
  <testcase classname="ptolemy.util.test.junit.AutoTests" name="[244] /home/travis/build/icyphy/ptII/ptolemy/actor/lib/test/auto/NilTokenTypeTest.xml (RunModel)" time="0.026" />
  <testcase classname="ptolemy.util.test.junit.AutoTests" name="[245] /home/travis/build/icyphy/ptII/ptolemy/actor/lib/test/auto/ObjectToken1.xml (RunModel)" time="0.012" />
  <testcase classname="ptolemy.util.test.junit.AutoTests" name="[246] /home/travis/build/icyphy/ptII/ptolemy/actor/lib/test/auto/OrderedMerge.xml (RunModel)" time="0.018" />
  <testcase classname="ptolemy.util.test.junit.AutoTests" name="[247] /home/travis/build/icyphy/ptII/ptolemy/actor/lib/test/auto/OrderedRecordDisassembler.xml (RunModel)" time="0.019" />
  <testcase classname="ptolemy.util.test.junit.AutoTests" name="[248] /home/travis/build/icyphy/ptII/ptolemy/actor/lib/test/auto/OrderedRecordDisassembler2.xml (RunModel)" time="0.02" />
  <testcase classname="ptolemy.util.test.junit.AutoTests" name="[249] /home/travis/build/icyphy/ptII/ptolemy/actor/lib/test/auto/OrderedRecordUpdater.xml (RunModel)" time="0.015" />
  <testcase classname="ptolemy.util.test.junit.AutoTests" name="[250] /home/travis/build/icyphy/ptII/ptolemy/actor/lib/test/auto/OrderedRecordUpdater2.xml (RunModel)" time="0.022" />
  <testcase classname="ptolemy.util.test.junit.AutoTests" name="[251] /home/travis/build/icyphy/ptII/ptolemy/actor/lib/test/auto/PhaseUnwrap.xml (RunModel)" time="0.012" />
  <testcase classname="ptolemy.util.test.junit.AutoTests" name="[252] /home/travis/build/icyphy/ptII/ptolemy/actor/lib/test/auto/PoissonClock.xml (RunModel)" time="0.011" />
  <testcase classname="ptolemy.util.test.junit.AutoTests" name="[253] /home/travis/build/icyphy/ptII/ptolemy/actor/lib/test/auto/PoissonClock2.xml (RunModel)" time="0.011" />
  <testcase classname="ptolemy.util.test.junit.AutoTests" name="[254] /home/travis/build/icyphy/ptII/ptolemy/actor/lib/test/auto/PoissonClock3.xml (RunModel)" time="0.015" />
  <testcase classname="ptolemy.util.test.junit.AutoTests" name="[255] /home/travis/build/icyphy/ptII/ptolemy/actor/lib/test/auto/PubSubWithInitialTokens.xml (RunModel)" time="0.014" />
  <testcase classname="ptolemy.util.test.junit.AutoTests" name="[256] /home/travis/build/icyphy/ptII/ptolemy/actor/lib/test/auto/PubSubWithInitialTokens2.xml (RunModel)" time="0.013" />
  <testcase classname="ptolemy.util.test.junit.AutoTests" name="[257] /home/travis/build/icyphy/ptII/ptolemy/actor/lib/test/auto/PublisherClassNoParameter.xml (RunModel)" time="0.022" />
  <testcase classname="ptolemy.util.test.junit.AutoTests" name="[258] /home/travis/build/icyphy/ptII/ptolemy/actor/lib/test/auto/PublisherClassParameter.xml (RunModel)" time="0.026" />
  <testcase classname="ptolemy.util.test.junit.AutoTests" name="[259] /home/travis/build/icyphy/ptII/ptolemy/actor/lib/test/auto/PublisherNonStrictTest.xml (RunModel)" time="0.016" />
  <testcase classname="ptolemy.util.test.junit.AutoTests" name="[260] /home/travis/build/icyphy/ptII/ptolemy/actor/lib/test/auto/PublisherPort1.xml (RunModel)" time="0.012" />
  <testcase classname="ptolemy.util.test.junit.AutoTests" name="[261] /home/travis/build/icyphy/ptII/ptolemy/actor/lib/test/auto/PublisherPort2.xml (RunModel)" time="0.01" />
  <testcase classname="ptolemy.util.test.junit.AutoTests" name="[262] /home/travis/build/icyphy/ptII/ptolemy/actor/lib/test/auto/PublisherPort3.xml (RunModel)" time="0.025" />
  <testcase classname="ptolemy.util.test.junit.AutoTests" name="[263] /home/travis/build/icyphy/ptII/ptolemy/actor/lib/test/auto/PublisherPort4.xml (RunModel)" time="0.016" />
  <testcase classname="ptolemy.util.test.junit.AutoTests" name="[264] /home/travis/build/icyphy/ptII/ptolemy/actor/lib/test/auto/PublisherPort5.xml (RunModel)" time="0.015" />
  <testcase classname="ptolemy.util.test.junit.AutoTests" name="[265] /home/travis/build/icyphy/ptII/ptolemy/actor/lib/test/auto/PublisherPort5LookAlike.xml (RunModel)" time="0.018" />
  <testcase classname="ptolemy.util.test.junit.AutoTests" name="[266] /home/travis/build/icyphy/ptII/ptolemy/actor/lib/test/auto/PublisherPort6.xml (RunModel)" time="0.015" />
  <testcase classname="ptolemy.util.test.junit.AutoTests" name="[267] /home/travis/build/icyphy/ptII/ptolemy/actor/lib/test/auto/PublisherPort7.xml (RunModel)" time="0.016" />
  <testcase classname="ptolemy.util.test.junit.AutoTests" name="[268] /home/travis/build/icyphy/ptII/ptolemy/actor/lib/test/auto/PublisherPort8.xml (RunModel)" time="0.026" />
  <testcase classname="ptolemy.util.test.junit.AutoTests" name="[269] /home/travis/build/icyphy/ptII/ptolemy/actor/lib/test/auto/PublisherPortSubscriberChannelVariablesAOC2.xml (RunModel)" time="0.036" />
  <testcase classname="ptolemy.util.test.junit.AutoTests" name="[270] /home/travis/build/icyphy/ptII/ptolemy/actor/lib/test/auto/PublisherPortSubscriberOpaqueWidthInference.xml (RunModel)" time="0.018" />
  <testcase classname="ptolemy.util.test.junit.AutoTests" name="[271] /home/travis/build/icyphy/ptII/ptolemy/actor/lib/test/auto/PublisherPortSubscriberPortAdjacent.xml (RunModel)" time="0.017" />
  <testcase classname="ptolemy.util.test.junit.AutoTests" name="[272] /home/travis/build/icyphy/ptII/ptolemy/actor/lib/test/auto/PublisherPortSubscriberPortExpression.xml (RunModel)" time="0.017" />
  <testcase classname="ptolemy.util.test.junit.AutoTests" name="[273] /home/travis/build/icyphy/ptII/ptolemy/actor/lib/test/auto/PublisherPortSubscriberPortOpaqueD3Reverse.xml (RunModel)" time="0.021" />
  <testcase classname="ptolemy.util.test.junit.AutoTests" name="[274] /home/travis/build/icyphy/ptII/ptolemy/actor/lib/test/auto/PublisherPortSubscriberPortOpaqueWidthInference.xml (RunModel)" time="0.031" />
  <testcase classname="ptolemy.util.test.junit.AutoTests" name="[275] /home/travis/build/icyphy/ptII/ptolemy/actor/lib/test/auto/PublisherPortToplevelSubscriberPortAOC.xml (RunModel)" time="0.012" />
  <testcase classname="ptolemy.util.test.junit.AutoTests" name="[276] /home/travis/build/icyphy/ptII/ptolemy/actor/lib/test/auto/PublisherSubscriber.xml (RunModel)" time="0.02" />
  <testcase classname="ptolemy.util.test.junit.AutoTests" name="[277] /home/travis/build/icyphy/ptII/ptolemy/actor/lib/test/auto/PublisherSubscriber10.xml (RunModel)" time="0.022" />
  <testcase classname="ptolemy.util.test.junit.AutoTests" name="[278] /home/travis/build/icyphy/ptII/ptolemy/actor/lib/test/auto/PublisherSubscriber10InitialOutputs.xml (RunModel)" time="0.036" />
  <testcase classname="ptolemy.util.test.junit.AutoTests" name="[279] /home/travis/build/icyphy/ptII/ptolemy/actor/lib/test/auto/PublisherSubscriber11.xml (RunModel)" time="0.028" />
  <testcase classname="ptolemy.util.test.junit.AutoTests" name="[280] /home/travis/build/icyphy/ptII/ptolemy/actor/lib/test/auto/PublisherSubscriber12.xml (RunModel)" time="0.018" />
  <testcase classname="ptolemy.util.test.junit.AutoTests" name="[281] /home/travis/build/icyphy/ptII/ptolemy/actor/lib/test/auto/PublisherSubscriber13.xml (RunModel)" time="0.01" />
  <testcase classname="ptolemy.util.test.junit.AutoTests" name="[282] /home/travis/build/icyphy/ptII/ptolemy/actor/lib/test/auto/PublisherSubscriber14.xml (RunModel)" time="0.034" />
  <testcase classname="ptolemy.util.test.junit.AutoTests" name="[283] /home/travis/build/icyphy/ptII/ptolemy/actor/lib/test/auto/PublisherSubscriber2.xml (RunModel)" time="0.01" />
  <testcase classname="ptolemy.util.test.junit.AutoTests" name="[284] /home/travis/build/icyphy/ptII/ptolemy/actor/lib/test/auto/PublisherSubscriber3.xml (RunModel)" time="0.018" />
  <testcase classname="ptolemy.util.test.junit.AutoTests" name="[285] /home/travis/build/icyphy/ptII/ptolemy/actor/lib/test/auto/PublisherSubscriber4.xml (RunModel)" time="0.008" />
  <testcase classname="ptolemy.util.test.junit.AutoTests" name="[286] /home/travis/build/icyphy/ptII/ptolemy/actor/lib/test/auto/PublisherSubscriber5.xml (RunModel)" time="0.012" />
  <testcase classname="ptolemy.util.test.junit.AutoTests" name="[287] /home/travis/build/icyphy/ptII/ptolemy/actor/lib/test/auto/PublisherSubscriber6.xml (RunModel)" time="0.011" />
  <testcase classname="ptolemy.util.test.junit.AutoTests" name="[288] /home/travis/build/icyphy/ptII/ptolemy/actor/lib/test/auto/PublisherSubscriber7.xml (RunModel)" time="0.016" />
  <testcase classname="ptolemy.util.test.junit.AutoTests" name="[289] /home/travis/build/icyphy/ptII/ptolemy/actor/lib/test/auto/PublisherSubscriber8.xml (RunModel)" time="0.025" />
  <testcase classname="ptolemy.util.test.junit.AutoTests" name="[290] /home/travis/build/icyphy/ptII/ptolemy/actor/lib/test/auto/PublisherSubscriber9.xml (RunModel)" time="0.019" />
  <testcase classname="ptolemy.util.test.junit.AutoTests" name="[291] /home/travis/build/icyphy/ptII/ptolemy/actor/lib/test/auto/PublisherSubscriberAdjacent.xml (RunModel)" time="0.015" />
  <testcase classname="ptolemy.util.test.junit.AutoTests" name="[292] /home/travis/build/icyphy/ptII/ptolemy/actor/lib/test/auto/PublisherSubscriberChannelVariablesAOC2.xml (RunModel)" time="0.028" />
  <testcase classname="ptolemy.util.test.junit.AutoTests" name="[293] /home/travis/build/icyphy/ptII/ptolemy/actor/lib/test/auto/PublisherSubscriberD3.xml (RunModel)" time="0.012" />
  <testcase classname="ptolemy.util.test.junit.AutoTests" name="[294] /home/travis/build/icyphy/ptII/ptolemy/actor/lib/test/auto/PublisherSubscriberD3Reverse.xml (RunModel)" time="0.011" />
  <testcase classname="ptolemy.util.test.junit.AutoTests" name="[295] /home/travis/build/icyphy/ptII/ptolemy/actor/lib/test/auto/PublisherSubscriberExpression.xml (RunModel)" time="0.016" />
  <testcase classname="ptolemy.util.test.junit.AutoTests" name="[296] /home/travis/build/icyphy/ptII/ptolemy/actor/lib/test/auto/PublisherSubscriberOpaque.xml (RunModel)" time="0.014" />
  <testcase classname="ptolemy.util.test.junit.AutoTests" name="[297] /home/travis/build/icyphy/ptII/ptolemy/actor/lib/test/auto/PublisherSubscriberOpaqueD3.xml (RunModel)" time="0.021" />
  <testcase classname="ptolemy.util.test.junit.AutoTests" name="[298] /home/travis/build/icyphy/ptII/ptolemy/actor/lib/test/auto/PublisherSubscriberOpaqueD3Reverse.xml (RunModel)" time="0.019" />
  <testcase classname="ptolemy.util.test.junit.AutoTests" name="[299] /home/travis/build/icyphy/ptII/ptolemy/actor/lib/test/auto/PublisherSubscriberOpaqueWidthInference.xml (RunModel)" time="0.017" />
  <testcase classname="ptolemy.util.test.junit.AutoTests" name="[300] /home/travis/build/icyphy/ptII/ptolemy/actor/lib/test/auto/PublisherTestSubscriber.xml (RunModel)" time="0.015" />
  <testcase classname="ptolemy.util.test.junit.AutoTests" name="[301] /home/travis/build/icyphy/ptII/ptolemy/actor/lib/test/auto/PublisherToplevelSubscriberPortAOC.xml (RunModel)" time="0.01" />
  <testcase classname="ptolemy.util.test.junit.AutoTests" name="[302] /home/travis/build/icyphy/ptII/ptolemy/actor/lib/test/auto/PulseFiringLimitDE.xml (RunModel)" time="0.014" />
  <testcase classname="ptolemy.util.test.junit.AutoTests" name="[303] /home/travis/build/icyphy/ptII/ptolemy/actor/lib/test/auto/Ramp1.xml (RunModel)" time="0.007" />
  <testcase classname="ptolemy.util.test.junit.AutoTests" name="[304] /home/travis/build/icyphy/ptII/ptolemy/actor/lib/test/auto/RampFiringLimitDE.xml (RunModel)" time="0.011" />
  <testcase classname="ptolemy.util.test.junit.AutoTests" name="[305] /home/travis/build/icyphy/ptII/ptolemy/actor/lib/test/auto/RampFiringLimitSDF.xml (RunModel)" time="0.01" />
  <testcase classname="ptolemy.util.test.junit.AutoTests" name="[306] /home/travis/build/icyphy/ptII/ptolemy/actor/lib/test/auto/RandomInteger.xml (RunModel)" time="0.008" />
  <testcase classname="ptolemy.util.test.junit.AutoTests" name="[307] /home/travis/build/icyphy/ptII/ptolemy/actor/lib/test/auto/ReadFile1.xml (RunModel)" time="0.012" />
  <testcase classname="ptolemy.util.test.junit.AutoTests" name="[308] /home/travis/build/icyphy/ptII/ptolemy/actor/lib/test/auto/ReadFile2.xml (RunModel)" time="0.007" />
  <testcase classname="ptolemy.util.test.junit.AutoTests" name="[309] /home/travis/build/icyphy/ptII/ptolemy/actor/lib/test/auto/Reader.xml (RunModel)" time="0.011" />
  <testcase classname="ptolemy.util.test.junit.AutoTests" name="[310] /home/travis/build/icyphy/ptII/ptolemy/actor/lib/test/auto/RecordAssemblerDisplayNameTest.xml (RunModel)" time="2.987" />
  <testcase classname="ptolemy.util.test.junit.AutoTests" name="[311] /home/travis/build/icyphy/ptII/ptolemy/actor/lib/test/auto/RecordAssemblerTypeError.xml (RunModel)" time="0.038" />
  <testcase classname="ptolemy.util.test.junit.AutoTests" name="[312] /home/travis/build/icyphy/ptII/ptolemy/actor/lib/test/auto/RecordDisassember.xml (RunModel)" time="0.01" />
  <testcase classname="ptolemy.util.test.junit.AutoTests" name="[313] /home/travis/build/icyphy/ptII/ptolemy/actor/lib/test/auto/RecordDisassemberDisplayNameTest.xml (RunModel)" time="0.019" />
  <testcase classname="ptolemy.util.test.junit.AutoTests" name="[314] /home/travis/build/icyphy/ptII/ptolemy/actor/lib/test/auto/RecordDisassembler.xml (RunModel)" time="0.011" />
  <testcase classname="ptolemy.util.test.junit.AutoTests" name="[315] /home/travis/build/icyphy/ptII/ptolemy/actor/lib/test/auto/RecordDisassembler2.xml (RunModel)" time="0.013" />
  <testcase classname="ptolemy.util.test.junit.AutoTests" name="[316] /home/travis/build/icyphy/ptII/ptolemy/actor/lib/test/auto/RecordUpdater.xml (RunModel)" time="0.008" />
  <testcase classname="ptolemy.util.test.junit.AutoTests" name="[317] /home/travis/build/icyphy/ptII/ptolemy/actor/lib/test/auto/RecordUpdater2.xml (RunModel)" time="0.008" />
  <testcase classname="ptolemy.util.test.junit.AutoTests" name="[318] /home/travis/build/icyphy/ptII/ptolemy/actor/lib/test/auto/RecursiveLattice.xml (RunModel)" time="0.01" />
  <testcase classname="ptolemy.util.test.junit.AutoTests" name="[319] /home/travis/build/icyphy/ptII/ptolemy/actor/lib/test/auto/Router.xml (RunModel)" time="3.024" />
  <testcase classname="ptolemy.util.test.junit.AutoTests" name="[320] /home/travis/build/icyphy/ptII/ptolemy/actor/lib/test/auto/Router2.xml (RunModel)" time="3.03" />
  <testcase classname="ptolemy.util.test.junit.AutoTests" name="[321] /home/travis/build/icyphy/ptII/ptolemy/actor/lib/test/auto/RunningMaximum.xml (RunModel)" time="0.014" />
  <testcase classname="ptolemy.util.test.junit.AutoTests" name="[322] /home/travis/build/icyphy/ptII/ptolemy/actor/lib/test/auto/RunningMinimum.xml (RunModel)" time="0.01" />
  <testcase classname="ptolemy.util.test.junit.AutoTests" name="[323] /home/travis/build/icyphy/ptII/ptolemy/actor/lib/test/auto/Scale.xml (RunModel)" time="0.008" />
  <testcase classname="ptolemy.util.test.junit.AutoTests" name="[324] /home/travis/build/icyphy/ptII/ptolemy/actor/lib/test/auto/Scale2.xml (RunModel)" time="0.01" />
  <testcase classname="ptolemy.util.test.junit.AutoTests" name="[325] /home/travis/build/icyphy/ptII/ptolemy/actor/lib/test/auto/Scale3.xml (RunModel)" time="0.014" />
  <testcase classname="ptolemy.util.test.junit.AutoTests" name="[326] /home/travis/build/icyphy/ptII/ptolemy/actor/lib/test/auto/ScaleArray.xml (RunModel)" time="0.009" />
  <testcase classname="ptolemy.util.test.junit.AutoTests" name="[327] /home/travis/build/icyphy/ptII/ptolemy/actor/lib/test/auto/ScaleArray2.xml (RunModel)" time="0.009" />
  <testcase classname="ptolemy.util.test.junit.AutoTests" name="[328] /home/travis/build/icyphy/ptII/ptolemy/actor/lib/test/auto/ScaleMatrix.xml (RunModel)" time="0.113" />
  <testcase classname="ptolemy.util.test.junit.AutoTests" name="[329] /home/travis/build/icyphy/ptII/ptolemy/actor/lib/test/auto/Select.xml (RunModel)" time="0.016" />
  <testcase classname="ptolemy.util.test.junit.AutoTests" name="[330] /home/travis/build/icyphy/ptII/ptolemy/actor/lib/test/auto/Select2.xml (RunModel)" time="0.009" />
  <testcase classname="ptolemy.util.test.junit.AutoTests" name="[331] /home/travis/build/icyphy/ptII/ptolemy/actor/lib/test/auto/SequenceToArray2.xml (RunModel)" time="0.104" />
  <testcase classname="ptolemy.util.test.junit.AutoTests" name="[332] /home/travis/build/icyphy/ptII/ptolemy/actor/lib/test/auto/SequentialClock.xml (RunModel)" time="0.011" />
  <testcase classname="ptolemy.util.test.junit.AutoTests" name="[333] /home/travis/build/icyphy/ptII/ptolemy/actor/lib/test/auto/SetVariable.xml (RunModel)" time="0.013" />
  <testcase classname="ptolemy.util.test.junit.AutoTests" name="[334] /home/travis/build/icyphy/ptII/ptolemy/actor/lib/test/auto/SetVariable2.xml (RunModel)" time="0.011" />
  <testcase classname="ptolemy.util.test.junit.AutoTests" name="[335] /home/travis/build/icyphy/ptII/ptolemy/actor/lib/test/auto/SetVariable3.xml (RunModel)" time="0.014" />
  <testcase classname="ptolemy.util.test.junit.AutoTests" name="[336] /home/travis/build/icyphy/ptII/ptolemy/actor/lib/test/auto/SetVariable4.xml (RunModel)" time="0.032" />
  <testcase classname="ptolemy.util.test.junit.AutoTests" name="[337] /home/travis/build/icyphy/ptII/ptolemy/actor/lib/test/auto/SetVariable5.xml (RunModel)" time="0.042" />
  <testcase classname="ptolemy.util.test.junit.AutoTests" name="[338] /home/travis/build/icyphy/ptII/ptolemy/actor/lib/test/auto/Sinewave.xml (RunModel)" time="0.034" />
  <testcase classname="ptolemy.util.test.junit.AutoTests" name="[339] /home/travis/build/icyphy/ptII/ptolemy/actor/lib/test/auto/Sinewave2.xml (RunModel)" time="0.021" />
  <testcase classname="ptolemy.util.test.junit.AutoTests" name="[340] /home/travis/build/icyphy/ptII/ptolemy/actor/lib/test/auto/Sinewave3.xml (RunModel)" time="0.02" />
  <testcase classname="ptolemy.util.test.junit.AutoTests" name="[341] /home/travis/build/icyphy/ptII/ptolemy/actor/lib/test/auto/SingleEvent.xml (RunModel)" time="0.008" />
  <testcase classname="ptolemy.util.test.junit.AutoTests" name="[342] /home/travis/build/icyphy/ptII/ptolemy/actor/lib/test/auto/Sleep.xml (RunModel)" time="6.015" />
  <testcase classname="ptolemy.util.test.junit.AutoTests" name="[343] /home/travis/build/icyphy/ptII/ptolemy/actor/lib/test/auto/SleepMultipleFire.xml (RunModel)" time="1.018" />
  <testcase classname="ptolemy.util.test.junit.AutoTests" name="[344] /home/travis/build/icyphy/ptII/ptolemy/actor/lib/test/auto/StopDE.xml (RunModel)" time="0.013" />
  <testcase classname="ptolemy.util.test.junit.AutoTests" name="[345] /home/travis/build/icyphy/ptII/ptolemy/actor/lib/test/auto/StopSDF.xml (RunModel)" time="0.012" />
  <testcase classname="ptolemy.util.test.junit.AutoTests" name="[346] /home/travis/build/icyphy/ptII/ptolemy/actor/lib/test/auto/StringConstant.xml (RunModel)" time="0.009" />
  <testcase classname="ptolemy.util.test.junit.AutoTests" name="[347] /home/travis/build/icyphy/ptII/ptolemy/actor/lib/test/auto/SubscriberPortInitialValues1.xml (RunModel)" time="0.017" />
  <testcase classname="ptolemy.util.test.junit.AutoTests" name="[348] /home/travis/build/icyphy/ptII/ptolemy/actor/lib/test/auto/SubscriberPortInitialValues13.xml (RunModel)" time="0.029" />
  <testcase classname="ptolemy.util.test.junit.AutoTests" name="[349] /home/travis/build/icyphy/ptII/ptolemy/actor/lib/test/auto/SubscriberPortInitialValues14.xml (RunModel)" time="0.016" />
  <testcase classname="ptolemy.util.test.junit.AutoTests" name="[350] /home/travis/build/icyphy/ptII/ptolemy/actor/lib/test/auto/SubscriberPortInitialValues2.xml (RunModel)" time="0.016" />
  <testcase classname="ptolemy.util.test.junit.AutoTests" name="[351] /home/travis/build/icyphy/ptII/ptolemy/actor/lib/test/auto/SubscriberPortInitialValues3.xml (RunModel)" time="0.018" />
  <testcase classname="ptolemy.util.test.junit.AutoTests" name="[352] /home/travis/build/icyphy/ptII/ptolemy/actor/lib/test/auto/SubscriptionAggregator.xml (RunModel)" time="0.011" />
  <testcase classname="ptolemy.util.test.junit.AutoTests" name="[353] /home/travis/build/icyphy/ptII/ptolemy/actor/lib/test/auto/SubscriptionAggregator2.xml (RunModel)" time="0.015" />
  <testcase classname="ptolemy.util.test.junit.AutoTests" name="[354] /home/travis/build/icyphy/ptII/ptolemy/actor/lib/test/auto/SubscriptionAggregator3.xml (RunModel)" time="0.015" />
  <testcase classname="ptolemy.util.test.junit.AutoTests" name="[355] /home/travis/build/icyphy/ptII/ptolemy/actor/lib/test/auto/SubscriptionAggregatorMultiply.xml (RunModel)" time="0.017" />
  <testcase classname="ptolemy.util.test.junit.AutoTests" name="[356] /home/travis/build/icyphy/ptII/ptolemy/actor/lib/test/auto/SubscriptionAggregatorPortMultiply1.xml (RunModel)" time="0.014" />
  <testcase classname="ptolemy.util.test.junit.AutoTests" name="[357] /home/travis/build/icyphy/ptII/ptolemy/actor/lib/test/auto/Switch.xml (RunModel)" time="0.018" />
  <testcase classname="ptolemy.util.test.junit.AutoTests" name="[358] /home/travis/build/icyphy/ptII/ptolemy/actor/lib/test/auto/Switch2.xml (RunModel)" time="0.011" />
  <testcase classname="ptolemy.util.test.junit.AutoTests" name="[359] /home/travis/build/icyphy/ptII/ptolemy/actor/lib/test/auto/SwitchDE.xml (RunModel)" time="0.03" />
  <testcase classname="ptolemy.util.test.junit.AutoTests" name="[360] /home/travis/build/icyphy/ptII/ptolemy/actor/lib/test/auto/SynchronizerDE.xml (RunModel)" time="0.025" />
  <testcase classname="ptolemy.util.test.junit.AutoTests" name="[361] /home/travis/build/icyphy/ptII/ptolemy/actor/lib/test/auto/Test.xml (RunModel)" time="0.017" />
  <testcase classname="ptolemy.util.test.junit.AutoTests" name="[362] /home/travis/build/icyphy/ptII/ptolemy/actor/lib/test/auto/TestExceptionAttribute1.xml (RunModel)" time="0.013" />
  <testcase classname="ptolemy.util.test.junit.AutoTests" name="[363] /home/travis/build/icyphy/ptII/ptolemy/actor/lib/test/auto/TestExceptionAttribute2.xml (RunModel)" time="0.006" />
  <testcase classname="ptolemy.util.test.junit.AutoTests" name="[364] /home/travis/build/icyphy/ptII/ptolemy/actor/lib/test/auto/TestExceptionAttribute3.xml (RunModel)" time="0.006" />
  <testcase classname="ptolemy.util.test.junit.AutoTests" name="[365] /home/travis/build/icyphy/ptII/ptolemy/actor/lib/test/auto/TestExceptionAttribute4.xml (RunModel)" time="0.007" />
  <testcase classname="ptolemy.util.test.junit.AutoTests" name="[366] /home/travis/build/icyphy/ptII/ptolemy/actor/lib/test/auto/TestExceptionHandler1.xml (RunModel)" time="0.011" />
  <testcase classname="ptolemy.util.test.junit.AutoTests" name="[367] /home/travis/build/icyphy/ptII/ptolemy/actor/lib/test/auto/TestExceptionHandler2.xml (RunModel)" time="0.009" />
  <testcase classname="ptolemy.util.test.junit.AutoTests" name="[368] /home/travis/build/icyphy/ptII/ptolemy/actor/lib/test/auto/TestExceptionHandler3.xml (RunModel)" time="0.01" />
  <testcase classname="ptolemy.util.test.junit.AutoTests" name="[369] /home/travis/build/icyphy/ptII/ptolemy/actor/lib/test/auto/TestExceptionHandler4.xml (RunModel)" time="0.006" />
  <testcase classname="ptolemy.util.test.junit.AutoTests" name="[370] /home/travis/build/icyphy/ptII/ptolemy/actor/lib/test/auto/TestRequireCorrectOrder.xml (RunModel)" time="0.013" />
  <testcase classname="ptolemy.util.test.junit.AutoTests" name="[371] /home/travis/build/icyphy/ptII/ptolemy/actor/lib/test/auto/TestSimple.xml (RunModel)" time="0.008" />
  <testcase classname="ptolemy.util.test.junit.AutoTests" name="[372] /home/travis/build/icyphy/ptII/ptolemy/actor/lib/test/auto/ThrowModelError.xml (RunModel)" time="0.025" />
  <testcase classname="ptolemy.util.test.junit.AutoTests" name="[373] /home/travis/build/icyphy/ptII/ptolemy/actor/lib/test/auto/TimeDelayMicrosteps.xml (RunModel)" time="0.014" />
  <testcase classname="ptolemy.util.test.junit.AutoTests" name="[374] /home/travis/build/icyphy/ptII/ptolemy/actor/lib/test/auto/TimeDelayMicrosteps2.xml (RunModel)" time="0.018" />
  <testcase classname="ptolemy.util.test.junit.AutoTests" name="[375] /home/travis/build/icyphy/ptII/ptolemy/actor/lib/test/auto/TimeDelayMicrosteps3.xml (RunModel)" time="0.013" />
  <testcase classname="ptolemy.util.test.junit.AutoTests" name="[376] /home/travis/build/icyphy/ptII/ptolemy/actor/lib/test/auto/TimeDelayVariableMicrosteps.xml (RunModel)" time="0.014" />
  <testcase classname="ptolemy.util.test.junit.AutoTests" name="[377] /home/travis/build/icyphy/ptII/ptolemy/actor/lib/test/auto/TimeGap.xml (RunModel)" time="0.018" />
  <testcase classname="ptolemy.util.test.junit.AutoTests" name="[378] /home/travis/build/icyphy/ptII/ptolemy/actor/lib/test/auto/TimeGap2.xml (RunModel)" time="0.011" />
  <testcase classname="ptolemy.util.test.junit.AutoTests" name="[379] /home/travis/build/icyphy/ptII/ptolemy/actor/lib/test/auto/TimedSinewave.xml (RunModel)" time="0.063" />
  <testcase classname="ptolemy.util.test.junit.AutoTests" name="[380] /home/travis/build/icyphy/ptII/ptolemy/actor/lib/test/auto/TimedSinewavePhase.xml (RunModel)" time="0.042" />
  <testcase classname="ptolemy.util.test.junit.AutoTests" name="[381] /home/travis/build/icyphy/ptII/ptolemy/actor/lib/test/auto/Timer.xml (RunModel)" time="0.023" />
  <testcase classname="ptolemy.util.test.junit.AutoTests" name="[382] /home/travis/build/icyphy/ptII/ptolemy/actor/lib/test/auto/TriangularDistTestModel.xml (RunModel)" time="0.022" />
  <testcase classname="ptolemy.util.test.junit.AutoTests" name="[383] /home/travis/build/icyphy/ptII/ptolemy/actor/lib/test/auto/TrigFunction.xml (RunModel)" time="0.01" />
  <testcase classname="ptolemy.util.test.junit.AutoTests" name="[384] /home/travis/build/icyphy/ptII/ptolemy/actor/lib/test/auto/TrigFunctionDE.xml (RunModel)" time="0.012" />
  <testcase classname="ptolemy.util.test.junit.AutoTests" name="[385] /home/travis/build/icyphy/ptII/ptolemy/actor/lib/test/auto/TrigFunctionInverse.xml (RunModel)" time="0.01" />
  <testcase classname="ptolemy.util.test.junit.AutoTests" name="[386] /home/travis/build/icyphy/ptII/ptolemy/actor/lib/test/auto/TrigFunctionTan.xml (RunModel)" time="0.009" />
  <testcase classname="ptolemy.util.test.junit.AutoTests" name="[387] /home/travis/build/icyphy/ptII/ptolemy/actor/lib/test/auto/TriggeredClock.xml (RunModel)" time="0.009" />
  <testcase classname="ptolemy.util.test.junit.AutoTests" name="[388] /home/travis/build/icyphy/ptII/ptolemy/actor/lib/test/auto/URLDirectoryReader.xml (RunModel)" time="0.099" />
  <testcase classname="ptolemy.util.test.junit.AutoTests" name="[389] /home/travis/build/icyphy/ptII/ptolemy/actor/lib/test/auto/URLDirectoryReader3.xml (RunModel)" time="1.414" />
  <testcase classname="ptolemy.util.test.junit.AutoTests" name="[390] /home/travis/build/icyphy/ptII/ptolemy/actor/lib/test/auto/UnaryMathFunction.xml (RunModel)" time="0.066" />
  <testcase classname="ptolemy.util.test.junit.AutoTests" name="[391] /home/travis/build/icyphy/ptII/ptolemy/actor/lib/test/auto/Uniform.xml (RunModel)" time="0.042" />
  <testcase classname="ptolemy.util.test.junit.AutoTests" name="[392] /home/travis/build/icyphy/ptII/ptolemy/actor/lib/test/auto/UnionDisassemblerTest.xml (RunModel)" time="0.025" />
  <testcase classname="ptolemy.util.test.junit.AutoTests" name="[393] /home/travis/build/icyphy/ptII/ptolemy/actor/lib/test/auto/UtilityFunctions.xml (RunModel)" time="0.029" />
  <testcase classname="ptolemy.util.test.junit.AutoTests" name="[394] /home/travis/build/icyphy/ptII/ptolemy/actor/lib/test/auto/VariableSleep.xml (RunModel)" time="0.536" />
  <testcase classname="ptolemy.util.test.junit.AutoTests" name="[395] /home/travis/build/icyphy/ptII/ptolemy/actor/lib/test/auto/VectorAssemblerDisassemblerCT.xml (RunModel)" time="0.115" />
  <testcase classname="ptolemy.util.test.junit.AutoTests" name="[396] /home/travis/build/icyphy/ptII/ptolemy/actor/lib/test/auto/VectorAssemblerDisassemblerDE.xml (RunModel)" time="0.014" />
  <testcase classname="ptolemy.util.test.junit.AutoTests" name="[397] /home/travis/build/icyphy/ptII/ptolemy/actor/lib/test/auto/VectorAssemblerDisassemblerSDF.xml (RunModel)" time="0.014" />
  <testcase classname="ptolemy.util.test.junit.AutoTests" name="[398] /home/travis/build/icyphy/ptII/ptolemy/actor/lib/test/auto/WallClockTime.xml (RunModel)" time="1.015" />
  <testcase classname="ptolemy.util.test.junit.AutoTests" name="[399] /home/travis/build/icyphy/ptII/ptolemy/actor/lib/test/auto/WidthTestWithSubscriberPublisher.xml (RunModel)" time="0.046" />
  <testcase classname="ptolemy.util.test.junit.AutoTests" name="[400] /home/travis/build/icyphy/ptII/ptolemy/actor/lib/test/auto/WidthTestWithSubscriberPublisher2.xml (RunModel)" time="0.024" />
  <testcase classname="ptolemy.util.test.junit.AutoTests" name="[401] /home/travis/build/icyphy/ptII/ptolemy/actor/lib/test/auto/WidthTestWithSubscriberPublisher3.xml (RunModel)" time="0.015" />
  <testcase classname="ptolemy.util.test.junit.AutoTests" name="[402] /home/travis/build/icyphy/ptII/ptolemy/actor/lib/test/auto/Writer.xml (RunModel)" time="0.009" />
  <testcase classname="ptolemy.util.test.junit.AutoTests" name="[403] /home/travis/build/icyphy/ptII/ptolemy/actor/lib/test/auto/array.xml (RunModel)" time="0.013" />
  <testcase classname="ptolemy.util.test.junit.AutoTests" name="[404] /home/travis/build/icyphy/ptII/ptolemy/actor/lib/test/auto/array2.xml (RunModel)" time="0.02" />
  <testcase classname="ptolemy.util.test.junit.AutoTests" name="[405] /home/travis/build/icyphy/ptII/ptolemy/actor/lib/test/auto/arrayType.xml (RunModel)" time="0.011" />
  <testcase classname="ptolemy.util.test.junit.AutoTests" name="[406] /home/travis/build/icyphy/ptII/ptolemy/actor/lib/test/auto/arrayType10.xml (RunModel)" time="0.01" />
  <testcase classname="ptolemy.util.test.junit.AutoTests" name="[407] /home/travis/build/icyphy/ptII/ptolemy/actor/lib/test/auto/arrayType11.xml (RunModel)" time="0.009" />
  <testcase classname="ptolemy.util.test.junit.AutoTests" name="[408] /home/travis/build/icyphy/ptII/ptolemy/actor/lib/test/auto/arrayType12.xml (RunModel)" time="0.011" />
  <testcase classname="ptolemy.util.test.junit.AutoTests" name="[409] /home/travis/build/icyphy/ptII/ptolemy/actor/lib/test/auto/arrayType13.xml (RunModel)" time="0.01" />
  <testcase classname="ptolemy.util.test.junit.AutoTests" name="[410] /home/travis/build/icyphy/ptII/ptolemy/actor/lib/test/auto/arrayType14.xml (RunModel)" time="0.01" />
  <testcase classname="ptolemy.util.test.junit.AutoTests" name="[411] /home/travis/build/icyphy/ptII/ptolemy/actor/lib/test/auto/arrayType15.xml (RunModel)" time="0.01" />
  <testcase classname="ptolemy.util.test.junit.AutoTests" name="[412] /home/travis/build/icyphy/ptII/ptolemy/actor/lib/test/auto/arrayType16.xml (RunModel)" time="0.01" />
  <testcase classname="ptolemy.util.test.junit.AutoTests" name="[413] /home/travis/build/icyphy/ptII/ptolemy/actor/lib/test/auto/arrayType17.xml (RunModel)" time="0.011" />
  <testcase classname="ptolemy.util.test.junit.AutoTests" name="[414] /home/travis/build/icyphy/ptII/ptolemy/actor/lib/test/auto/arrayType18.xml (RunModel)" time="0.009" />
  <testcase classname="ptolemy.util.test.junit.AutoTests" name="[415] /home/travis/build/icyphy/ptII/ptolemy/actor/lib/test/auto/arrayType19.xml (RunModel)" time="0.009" />
  <testcase classname="ptolemy.util.test.junit.AutoTests" name="[416] /home/travis/build/icyphy/ptII/ptolemy/actor/lib/test/auto/arrayType2.xml (RunModel)" time="0.01" />
  <testcase classname="ptolemy.util.test.junit.AutoTests" name="[417] /home/travis/build/icyphy/ptII/ptolemy/actor/lib/test/auto/arrayType20.xml (RunModel)" time="0.009" />
  <testcase classname="ptolemy.util.test.junit.AutoTests" name="[418] /home/travis/build/icyphy/ptII/ptolemy/actor/lib/test/auto/arrayType21.xml (RunModel)" time="0.011" />
  <testcase classname="ptolemy.util.test.junit.AutoTests" name="[419] /home/travis/build/icyphy/ptII/ptolemy/actor/lib/test/auto/arrayType22.xml (RunModel)" time="0.01" />
  <testcase classname="ptolemy.util.test.junit.AutoTests" name="[420] /home/travis/build/icyphy/ptII/ptolemy/actor/lib/test/auto/arrayType23.xml (RunModel)" time="0.009" />
  <testcase classname="ptolemy.util.test.junit.AutoTests" name="[421] /home/travis/build/icyphy/ptII/ptolemy/actor/lib/test/auto/arrayType24.xml (RunModel)" time="0.01" />
  <testcase classname="ptolemy.util.test.junit.AutoTests" name="[422] /home/travis/build/icyphy/ptII/ptolemy/actor/lib/test/auto/arrayType25.xml (RunModel)" time="0.01" />
  <testcase classname="ptolemy.util.test.junit.AutoTests" name="[423] /home/travis/build/icyphy/ptII/ptolemy/actor/lib/test/auto/arrayType26.xml (RunModel)" time="0.009" />
  <testcase classname="ptolemy.util.test.junit.AutoTests" name="[424] /home/travis/build/icyphy/ptII/ptolemy/actor/lib/test/auto/arrayType27.xml (RunModel)" time="0.014" />
  <testcase classname="ptolemy.util.test.junit.AutoTests" name="[425] /home/travis/build/icyphy/ptII/ptolemy/actor/lib/test/auto/arrayType28.xml (RunModel)" time="0.01" />
  <testcase classname="ptolemy.util.test.junit.AutoTests" name="[426] /home/travis/build/icyphy/ptII/ptolemy/actor/lib/test/auto/arrayType3.xml (RunModel)" time="0.01" />
  <testcase classname="ptolemy.util.test.junit.AutoTests" name="[427] /home/travis/build/icyphy/ptII/ptolemy/actor/lib/test/auto/arrayType4.xml (RunModel)" time="0.01" />
  <testcase classname="ptolemy.util.test.junit.AutoTests" name="[428] /home/travis/build/icyphy/ptII/ptolemy/actor/lib/test/auto/arrayType5.xml (RunModel)" time="0.01" />
  <testcase classname="ptolemy.util.test.junit.AutoTests" name="[429] /home/travis/build/icyphy/ptII/ptolemy/actor/lib/test/auto/arrayType6.xml (RunModel)" time="0.009" />
  <testcase classname="ptolemy.util.test.junit.AutoTests" name="[430] /home/travis/build/icyphy/ptII/ptolemy/actor/lib/test/auto/arrayType7.xml (RunModel)" time="0.01" />
  <testcase classname="ptolemy.util.test.junit.AutoTests" name="[431] /home/travis/build/icyphy/ptII/ptolemy/actor/lib/test/auto/arrayType8.xml (RunModel)" time="0.01" />
  <testcase classname="ptolemy.util.test.junit.AutoTests" name="[432] /home/travis/build/icyphy/ptII/ptolemy/actor/lib/test/auto/arrayType9.xml (RunModel)" time="0.009" />
  <testcase classname="ptolemy.util.test.junit.AutoTests" name="[433] /home/travis/build/icyphy/ptII/ptolemy/actor/lib/test/auto/cast.xml (RunModel)" time="0.01" />
  <testcase classname="ptolemy.util.test.junit.AutoTests" name="[434] /home/travis/build/icyphy/ptII/ptolemy/actor/lib/test/auto/compositeMultiPort.xml (RunModel)" time="0.025" />
  <testcase classname="ptolemy.util.test.junit.AutoTests" name="[435] /home/travis/build/icyphy/ptII/ptolemy/actor/lib/test/auto/expressionCastInference.xml (RunModel)" time="0.009" />
  <testcase classname="ptolemy.util.test.junit.AutoTests" name="[436] /home/travis/build/icyphy/ptII/ptolemy/actor/lib/test/auto/expressionCastInference2.xml (RunModel)" time="0.009" />
  <testcase classname="ptolemy.util.test.junit.AutoTests" name="[437] /home/travis/build/icyphy/ptII/ptolemy/actor/lib/test/auto/expressionInference.xml (RunModel)" time="0.008" />
  <testcase classname="ptolemy.util.test.junit.AutoTests" name="[438] /home/travis/build/icyphy/ptII/ptolemy/actor/lib/test/auto/expression_bug.xml (RunModel)" time="0.008" />
  <testcase classname="ptolemy.util.test.junit.AutoTests" name="[439] /home/travis/build/icyphy/ptII/ptolemy/actor/lib/test/auto/factorial.xml (RunModel)" time="0.055" />
  <testcase classname="ptolemy.util.test.junit.AutoTests" name="[440] /home/travis/build/icyphy/ptII/ptolemy/actor/lib/test/auto/filterTest1.xml (RunModel)" time="0.02" />
  <testcase classname="ptolemy.util.test.junit.AutoTests" name="[441] /home/travis/build/icyphy/ptII/ptolemy/actor/lib/test/auto/funcApplyInConst.xml (RunModel)" time="0.007" />
  <testcase classname="ptolemy.util.test.junit.AutoTests" name="[442] /home/travis/build/icyphy/ptII/ptolemy/actor/lib/test/auto/funcApplyInExpr.xml (RunModel)" time="0.008" />
  <testcase classname="ptolemy.util.test.junit.AutoTests" name="[443] /home/travis/build/icyphy/ptII/ptolemy/actor/lib/test/auto/function.xml (RunModel)" time="0.011" />
  <testcase classname="ptolemy.util.test.junit.AutoTests" name="[444] /home/travis/build/icyphy/ptII/ptolemy/actor/lib/test/auto/function2.xml (RunModel)" time="0.01" />
  <testcase classname="ptolemy.util.test.junit.AutoTests" name="[445] /home/travis/build/icyphy/ptII/ptolemy/actor/lib/test/auto/function3.xml (RunModel)" time="0.007" />
  <testcase classname="ptolemy.util.test.junit.AutoTests" name="[446] /home/travis/build/icyphy/ptII/ptolemy/actor/lib/test/auto/functionClosureTest1.xml (RunModel)" time="0.012" />
  <testcase classname="ptolemy.util.test.junit.AutoTests" name="[447] /home/travis/build/icyphy/ptII/ptolemy/actor/lib/test/auto/functionClosureTest2.xml (RunModel)" time="0.008" />
  <testcase classname="ptolemy.util.test.junit.AutoTests" name="[448] /home/travis/build/icyphy/ptII/ptolemy/actor/lib/test/auto/functionClosureTest3.xml (RunModel)" time="0.01" />
  <testcase classname="ptolemy.util.test.junit.AutoTests" name="[449] /home/travis/build/icyphy/ptII/ptolemy/actor/lib/test/auto/functionClosureTest4.xml (RunModel)" time="0.017" />
  <testcase classname="ptolemy.util.test.junit.AutoTests" name="[450] /home/travis/build/icyphy/ptII/ptolemy/actor/lib/test/auto/functionClosureTest5.xml (RunModel)" time="0.014" />
  <testcase classname="ptolemy.util.test.junit.AutoTests" name="[451] /home/travis/build/icyphy/ptII/ptolemy/actor/lib/test/auto/functionClosureTest6.xml (RunModel)" time="0.012" />
  <testcase classname="ptolemy.util.test.junit.AutoTests" name="[452] /home/travis/build/icyphy/ptII/ptolemy/actor/lib/test/auto/functionsOnArcs.xml (RunModel)" time="0.012" />
  <testcase classname="ptolemy.util.test.junit.AutoTests" name="[453] /home/travis/build/icyphy/ptII/ptolemy/actor/lib/test/auto/functionsOnArcsHOF.xml (RunModel)" time="0.013" />
  <testcase classname="ptolemy.util.test.junit.AutoTests" name="[454] /home/travis/build/icyphy/ptII/ptolemy/actor/lib/test/auto/logic.xml (RunModel)" time="0.019" />
  <testcase classname="ptolemy.util.test.junit.AutoTests" name="[455] /home/travis/build/icyphy/ptII/ptolemy/actor/lib/test/auto/matrixType.xml (RunModel)" time="0.036" />
  <testcase classname="ptolemy.util.test.junit.AutoTests" name="[456] /home/travis/build/icyphy/ptII/ptolemy/actor/lib/test/auto/matrixType10.xml (RunModel)" time="0.016" />
  <testcase classname="ptolemy.util.test.junit.AutoTests" name="[457] /home/travis/build/icyphy/ptII/ptolemy/actor/lib/test/auto/matrixType11.xml (RunModel)" time="0.009" />
  <testcase classname="ptolemy.util.test.junit.AutoTests" name="[458] /home/travis/build/icyphy/ptII/ptolemy/actor/lib/test/auto/matrixType12.xml (RunModel)" time="0.009" />
  <testcase classname="ptolemy.util.test.junit.AutoTests" name="[459] /home/travis/build/icyphy/ptII/ptolemy/actor/lib/test/auto/matrixType13.xml (RunModel)" time="0.009" />
  <testcase classname="ptolemy.util.test.junit.AutoTests" name="[460] /home/travis/build/icyphy/ptII/ptolemy/actor/lib/test/auto/matrixType14.xml (RunModel)" time="0.01" />
  <testcase classname="ptolemy.util.test.junit.AutoTests" name="[461] /home/travis/build/icyphy/ptII/ptolemy/actor/lib/test/auto/matrixType2.xml (RunModel)" time="0.01" />
  <testcase classname="ptolemy.util.test.junit.AutoTests" name="[462] /home/travis/build/icyphy/ptII/ptolemy/actor/lib/test/auto/matrixType3.xml (RunModel)" time="0.009" />
  <testcase classname="ptolemy.util.test.junit.AutoTests" name="[463] /home/travis/build/icyphy/ptII/ptolemy/actor/lib/test/auto/matrixType4.xml (RunModel)" time="0.01" />
  <testcase classname="ptolemy.util.test.junit.AutoTests" name="[464] /home/travis/build/icyphy/ptII/ptolemy/actor/lib/test/auto/matrixType5.xml (RunModel)" time="0.008" />
  <testcase classname="ptolemy.util.test.junit.AutoTests" name="[465] /home/travis/build/icyphy/ptII/ptolemy/actor/lib/test/auto/matrixType6.xml (RunModel)" time="0.008" />
  <testcase classname="ptolemy.util.test.junit.AutoTests" name="[466] /home/travis/build/icyphy/ptII/ptolemy/actor/lib/test/auto/matrixType7.xml (RunModel)" time="0.013" />
  <testcase classname="ptolemy.util.test.junit.AutoTests" name="[467] /home/travis/build/icyphy/ptII/ptolemy/actor/lib/test/auto/matrixType8.xml (RunModel)" time="0.009" />
  <testcase classname="ptolemy.util.test.junit.AutoTests" name="[468] /home/travis/build/icyphy/ptII/ptolemy/actor/lib/test/auto/matrixType9.xml (RunModel)" time="0.009" />
  <testcase classname="ptolemy.util.test.junit.AutoTests" name="[469] /home/travis/build/icyphy/ptII/ptolemy/actor/lib/test/auto/paraFunctest.xml (RunModel)" time="0.008" />
  <testcase classname="ptolemy.util.test.junit.AutoTests" name="[470] /home/travis/build/icyphy/ptII/ptolemy/actor/lib/test/auto/paraFunctest2.xml (RunModel)" time="0.01" />
  <testcase classname="ptolemy.util.test.junit.AutoTests" name="[471] /home/travis/build/icyphy/ptII/ptolemy/actor/lib/test/auto/parameterPassing.xml (RunModel)" time="0.009" />
  <testcase classname="ptolemy.util.test.junit.AutoTests" name="[472] /home/travis/build/icyphy/ptII/ptolemy/actor/lib/test/auto/record.xml (RunModel)" time="0.01" />
  <testcase classname="ptolemy.util.test.junit.AutoTests" name="[473] /home/travis/build/icyphy/ptII/ptolemy/actor/lib/test/auto/sizedarray1.xml (RunModel)" time="0.011" />
  <testcase classname="ptolemy.util.test.junit.AutoTests" name="[474] /home/travis/build/icyphy/ptII/ptolemy/actor/lib/test/auto/sizedarray2.xml (RunModel)" time="0.011" />
  <testcase classname="ptolemy.util.test.junit.AutoTests" name="[475] /home/travis/build/icyphy/ptII/ptolemy/actor/lib/test/auto/twoPublishers.xml (RunModel)" time="0.02" />
  <system-out><![CDATA[/home/travis/build/icyphy/ptII/ptolemy/actor/lib/test/AbsoluteValue.tcl
testDefs.tcl: setting time out to 9000 seconds at Thu Mar 14 18:34:31 UTC 2019
79 ms. Memory: 116224K Free: 109642K (94%)
4 ms. Memory: 116224K Free: 108455K (93%)
4 ms. Memory: 116224K Free: 107853K (93%)
4 ms. Memory: 116224K Free: 106658K (92%)
/home/travis/build/icyphy/ptII/ptolemy/actor/lib/test/AddSubtract.tcl
8 ms. Memory: 116224K Free: 104838K (90%)
7 ms. Memory: 116224K Free: 104205K (90%)
10 ms. Memory: 116224K Free: 103018K (89%)
15 ms. Memory: 116224K Free: 102424K (88%)
13 ms. Memory: 116224K Free: 101823K (88%)
5 ms. Memory: 116224K Free: 101190K (87%)
/home/travis/build/icyphy/ptII/ptolemy/actor/lib/test/Average.tcl
6 ms. Memory: 116224K Free: 99369K (85%)
5 ms. Memory: 116224K Free: 98142K (84%)
/home/travis/build/icyphy/ptII/ptolemy/actor/lib/test/Bernoulli.tcl
12 ms. Memory: 116224K Free: 96346K (83%)
2 ms. Memory: 116224K Free: 95752K (82%)
/home/travis/build/icyphy/ptII/ptolemy/actor/lib/test/Clock.tcl
preinitializing
resolving types
initializing
executing number 1
wrapping up
idle
12 ms. Memory: 116224K Free: 93940K (81%)
Completed execution with 5 iterations
preinitializing
resolving types
initializing
executing number 1
wrapping up
idle
15 ms. Memory: 116224K Free: 92737K (80%)
Completed execution with 5 iterations
preinitializing
resolving types
initializing
executing number 1
wrapping up
idle
3 ms. Memory: 116224K Free: 92128K (79%)
Completed execution with 5 iterations
/home/travis/build/icyphy/ptII/ptolemy/actor/lib/test/Commutator.tcl
6 ms. Memory: 116224K Free: 90331K (78%)
5 ms. Memory: 116224K Free: 89128K (77%)
8 ms. Memory: 116224K Free: 84918K (73%)
/home/travis/build/icyphy/ptII/ptolemy/actor/lib/test/Const.tcl
4 ms. Memory: 116224K Free: 83103K (72%)
3 ms. Memory: 116224K Free: 82509K (71%)
2 ms. Memory: 116224K Free: 81916K (70%)
2 ms. Memory: 116224K Free: 81323K (70%)
12 ms. Memory: 146944K Free: 140428K (96%)
24 ms. Memory: 146944K Free: 138827K (94%)
8 ms. Memory: 146944K Free: 137610K (94%)
7 ms. Memory: 146944K Free: 136392K (93%)
/home/travis/build/icyphy/ptII/ptolemy/actor/lib/test/CurrentTime.tcl
preinitializing
resolving types
initializing
executing number 1
wrapping up
idle
7 ms. Memory: 146944K Free: 135175K (92%)
Completed execution with 11 iterations
/home/travis/build/icyphy/ptII/ptolemy/actor/lib/test/DB.tcl
4 ms. Memory: 146944K Free: 132756K (90%)
1 ms. Memory: 146944K Free: 132756K (90%)
2 ms. Memory: 146944K Free: 132756K (90%)
/home/travis/build/icyphy/ptII/ptolemy/actor/lib/test/DiscreteRandomSource.tcl
preinitializing
resolving types
initializing
executing number 1
wrapping up
idle
8 ms. Memory: 146944K Free: 130353K (89%)
Completed execution with 4 iterations
preinitializing
resolving types
initializing
executing number 1
wrapping up
idle
10 ms. Memory: 146944K Free: 129124K (88%)
Completed execution with 4 iterations
preinitializing
resolving types
initializing
executing number 1
wrapping up
idle
3 ms. Memory: 146944K Free: 127922K (87%)
Completed execution with 4 iterations
preinitializing
resolving types
initializing
executing number 1
wrapping up
idle
3 ms. Memory: 146944K Free: 127922K (87%)
Completed execution with 4 iterations
preinitializing
resolving types
initializing
executing number 1
wrapping up
idle
10 ms. Memory: 146944K Free: 127922K (87%)
Completed execution with 4 iterations
/home/travis/build/icyphy/ptII/ptolemy/actor/lib/test/Distributor.tcl
9 ms. Memory: 146944K Free: 125503K (85%)
7 ms. Memory: 146944K Free: 125503K (85%)
StreamChangeRequest.changeExecuted(): <deleteEntity name="rec2"/> succeeded
StreamChangeRequest.changeExecuted(): <deleteRelation name="r2"/> succeeded
StreamChangeRequest.changeExecuted(): Record firings per iteration succeeded
19 ms. Memory: 146944K Free: 123100K (84%)
/home/travis/build/icyphy/ptII/ptolemy/actor/lib/test/Exit.tcl
Exit.tcl: this will print a message about Manager.exitAfterWrapup, which can be ignored.
3 ms. Memory: 146944K Free: 120083K (82%)
/home/travis/build/icyphy/ptII/ptolemy/actor/lib/test/Expression.tcl
4 ms. Memory: 146944K Free: 116451K (79%)
3 ms. Memory: 146944K Free: 115233K (78%)
2 ms. Memory: 146944K Free: 115233K (78%)
preinitializing
resolving types
initializing
executing number 1
wrapping up
idle
5 ms. Memory: 146944K Free: 114032K (78%)
Completed execution with 6 iterations
4 ms. Memory: 146944K Free: 112830K (77%)
3 ms. Memory: 146944K Free: 111629K (76%)
5 ms. Memory: 146944K Free: 110427K (75%)
4 ms. Memory: 146944K Free: 109226K (74%)
4 ms. Memory: 146944K Free: 108025K (74%)
/home/travis/build/icyphy/ptII/ptolemy/actor/lib/test/Gaussian.tcl
13 ms. Memory: 146944K Free: 106823K (73%)
sleeping 1 seconds: ........................................................................................................................................................................................................................................................................................................................................................................................................................................................................................................................................................................................................................................................................................................................................................................................................................................................................................................................................................................................................................................................................................................................................................................................................................................................................................................................................................................................................................................................................................................................................................................................................................................................................................................................................................................................................................................................................................................................................................................................................................................................................................................................................................................................................................................................................................................................................................................................................................................................................................................................................................................................................................................................................................................................................................................................................................................................................................................................................................................................................................................................................................................................................................................................................................................................................................................................................................................................................................................................................................................................................................................................................................................................................................................................................................................................................................................................................................................................................................................................................................................................................................................................................................................................................................................................................................................................................................................................................................................................................................................................................................................................................................................................................................................................................................................................................................................................................................................................................................................................................................................................................................................................................................................................................................................................................................................................................................................................................................................................................................................................................................................................................................................................................................................................................................................................................................................................................................................................................................................................................................................................................................................................................................................................................................................................................................................................................................................................................................................................................................................................................................................................................................................................................................................................................................................................................................................................................................................................................................................................................................................................................................................................................................................................................................................................................................................................................................................................................................................................................................................................................................................................................................................................................................................................................................................................................................................................................................................................................................................................................................................................................................................................................................................................................................................................................................................................................................................................................................................................................................................................................................................................................................................................................................................................................................................................................................................................................................................................................................................................................................................................................................................................................................................................................................................................................................................................................................................................................................................................................................................................................................................................................................................................................................................................................................................................................................................................................................................................................................................................................................................................................................................................................................................................................................................................................................................................................................................................................................................................................................................................................................................................................................................................................................................................................................................................................................................................................................................................................................................................................................................................................................................................................................................................................................................................................................................................................................................................................................................................................................................................................................................................................................................................................................................................................................................................................................................................................................................................................................................................................................................................................................................................................................................................................................................................................................................................................................................................................................................................................................................................................................................................................................................................................................................................................................................................................................................................................................................................................................................................................................................................................................................................................................................................................................................................................................................................................................................................................................................................................................................................................................................................................................................................................................................................................................................................................................................................................................................................................................................................................................................................................................................................................................................................................................................................................................................................................................................................................................................................................................................................................................................................................................................................................................................................................................................................................................................................................................................................................................................................................................................................................................................................................................................................................................................................................................................................................................................................................................................................................................................................................................................................................................................................................................................................................................................................................................................................................................................................................................................................................................................................................................................................................................................................................................................................................................................................................................................................................................................................................................................................................................................................................................................................................................................................................................................................................................................................................................................................................................................................................................................................................................................................................................................................................................................................................................................................................................................................................................................................................................................................................................................................................................................................................................................................................................................................................................................................................................................................................................................................................................................................................................................................................................................................................................................................................................................................................................................................................................................................................................................................................................................................................................................................................................................................................................................................................................................................................................................................................................................................................................................................................................................................................................................................................................................................................................................................................................................................................................................................................................................................................................................................................................................................................................................................................................................................................................................................................................................................................................................................................................................................................................................................................................................................................................................................................................................................................................................................................................................................................................................................................................................................................................................................................................................................................................................................................................................................................................................................................................................................................................................................................................................................................................................................................................................................................................................................................................................................................................................................................................................................................................................................................................................................................................................................................................................................................................................................................................................................................................................................................................................................................................................................................................................................................................................................................................................................................................................................................................................................................................................................................................................................................................................................................................................................................................................................................................................................................................................................................................................................................................................................................................................................................................................................................................................................................................................................................................................................................................................................................................................................................................................................................................................................................................................................................................................................................................................................................................................................................................................................................................................................................................................................................................................................................................................................................................................................................................................................................................................................................................................................................................................................................................................................................................................................................................................................................................................................................................................................................................................................................................................................................................................................................................................................................................................................................................................................................................................................................................................................................................................................................................................................................................................................................................................................................................................................................................................................................................................................................................................................................................................................................................................................................................................................................................................................................................................................................................................................................................................................................................................................................................................................................................................................................................................................................................................................................................................................................................................................................................................................................................................................................................................................................................................................................................................................................................................................................................................................................................................................................................................................................................................................................................................................................................................................................................................................................................................................................................................................................................................................................................................................................................................................................................................................................................................................................................................................................................................................................................................................................................................................................................................................................................................................................................................................................................................................................................................................................................................................................................................................................................................................................................................................................................................................................................................................................................................................................................................................................................................................................................................................................................................................................................................................................................................................................................................................................................................................................................................................................................................................................................................................................................................................................................................................................................................................................................................................................................................................................................................................................................................................................................................................................................................................................................................................................................................................................................................................................................................................................................................................................................................................................................................................................................................................................................................................................................................................................................................................................................................................................................................................................................................................................................................................................................................................................................................................................................................................................................................................................................................................................................................................................................................................................................................................................................................................................................................................................................................................................................................................................................................................................................................................................................................................................................................................................................................................................................................................................................................................................................................................................................................................................................................................................................................................................................................................................................................................................................................................................................................................................................................................................................................................................................3 ms. Memory: 208384K Free: 150753K (72%)
3 ms. Memory: 208384K Free: 150753K (72%)
3 ms. Memory: 208384K Free: 150753K (72%)
5 ms. Memory: 208384K Free: 150233K (72%)
9 ms. Memory: 208384K Free: 147841K (71%)
/home/travis/build/icyphy/ptII/ptolemy/actor/lib/test/IIR.tcl
/home/travis/build/icyphy/ptII/ptolemy/actor/lib/test/Interpolator.tcl
3 ms. Memory: 208384K Free: 145449K (70%)
1 ms. Memory: 208384K Free: 143057K (69%)
1 ms. Memory: 208384K Free: 143057K (69%)
2 ms. Memory: 208384K Free: 143057K (69%)
2 ms. Memory: 208384K Free: 143057K (69%)
2 ms. Memory: 208384K Free: 140664K (68%)
2 ms. Memory: 208384K Free: 140664K (68%)
2 ms. Memory: 208384K Free: 138272K (66%)
6 ms. Memory: 208384K Free: 138272K (66%)
2 ms. Memory: 208384K Free: 138272K (66%)
/home/travis/build/icyphy/ptII/ptolemy/actor/lib/test/MathFunction.tcl
5 ms. Memory: 208384K Free: 135880K (65%)
2 ms. Memory: 208384K Free: 133488K (64%)
13 ms. Memory: 208384K Free: 133488K (64%)
2 ms. Memory: 208384K Free: 133488K (64%)
8 ms. Memory: 208384K Free: 131096K (63%)
6 ms. Memory: 208384K Free: 128703K (62%)
/home/travis/build/icyphy/ptII/ptolemy/actor/lib/test/Maximum.tcl
4 ms. Memory: 208384K Free: 126311K (61%)
2 ms. Memory: 208384K Free: 126311K (61%)
1 ms. Memory: 208384K Free: 126311K (61%)
2 ms. Memory: 208384K Free: 126311K (61%)
/home/travis/build/icyphy/ptII/ptolemy/actor/lib/test/Minimum.tcl
3 ms. Memory: 208384K Free: 123919K (59%)
2 ms. Memory: 208384K Free: 123919K (59%)
2 ms. Memory: 208384K Free: 121527K (58%)
2 ms. Memory: 208384K Free: 121527K (58%)
/home/travis/build/icyphy/ptII/ptolemy/actor/lib/test/MultiplyDivide.tcl
5 ms. Memory: 208384K Free: 119134K (57%)
2 ms. Memory: 208384K Free: 119134K (57%)
2 ms. Memory: 208384K Free: 119134K (57%)
3 ms. Memory: 208384K Free: 116742K (56%)
2 ms. Memory: 208384K Free: 116742K (56%)
/home/travis/build/icyphy/ptII/ptolemy/actor/lib/test/OrderedMerge.tcl
Connections changed on port: inputA
Connections changed on port: inputB
Connections changed on port: output
Connections changed on port: output
Connections changed on port: output
Connections changed on port: input
.top. Preinitializing ...
Invoking preinitialize():  .top.OrderedMerge
Called preinitialize()
Invoking preinitialize():  .top.Ramp
Called preinitialize()
Invoking preinitialize():  .top.Ramp2
Called preinitialize()
Invoking preinitialize():  .top.Test
Called preinitialize()
Connections changed on port: inputA
Connections changed on port: output
Connections changed on port: inputB
Connections changed on port: output
Connections changed on port: output
Connections changed on port: input
.top. Finished preinitialize().
Called initialize().
Invoking initialize():  .top.OrderedMerge
Initializing actor: .top.OrderedMerge
Adding a thread: .top.OrderedMerge
Invoking initialize():  .top.Ramp
Initializing actor: .top.Ramp
Adding a thread: .top.Ramp
Invoking initialize():  .top.Ramp2
Initializing actor: .top.Ramp2
Adding a thread: .top.Ramp2
Invoking initialize():  .top.Test
Initializing actor: .top.Test
Adding a thread: .top.Test
-- Starting thread.
Called initialize()
Called prefire()
Called fire()
-- Starting thread.
Called initialize()
Called prefire()
Called fire()
Called postfire()
Called prefire()
Called fire()
-- Starting thread.
Called initialize()
Called prefire()
Called fire()
Called postfire()
Called prefire()
Called fire()
Called fire().
Checking for deadlock:
There are 3 Blocked actors, 0 Stopped actors, and 4 active threads.
Waiting for actors to stop.
-- Starting thread.
Called initialize()
Called prefire()
Called fire()
Checking for deadlock:
There are 2 Blocked actors, 0 Stopped actors, and 4 active threads.
Waiting for actors to stop.
Called postfire()
Called prefire()
Called fire()
Checking for deadlock:
There are 3 Blocked actors, 0 Stopped actors, and 4 active threads.
Waiting for actors to stop.
Read input token from inputA with value 0.0
Next port to read input from is inputB
Called postfire()
Called prefire()
Called fire()
Checking for deadlock:
There are 2 Blocked actors, 0 Stopped actors, and 4 active threads.
Waiting for actors to stop.
Called postfire()
Called prefire()
Called fire()
Checking for deadlock:
There are 3 Blocked actors, 0 Stopped actors, and 4 active threads.
Waiting for actors to stop.
Read input token from inputB with value 0.0
Checking for deadlock:
There are 2 Blocked actors, 0 Stopped actors, and 4 active threads.
Waiting for actors to stop.
-- Read input: 0.0, which is expected to match: 0.0
Called prefire()
Called fire()
Checking for deadlock:
There are 3 Blocked actors, 0 Stopped actors, and 4 active threads.
Waiting for actors to stop.
Sent output token with value 0.0
Next port to read input from is inputA
Called postfire()
Called prefire()
Called fire()
Checking for deadlock:
There are 2 Blocked actors, 0 Stopped actors, and 4 active threads.
Waiting for actors to stop.
Called postfire()
Called prefire()
Called fire()
Checking for deadlock:
There are 3 Blocked actors, 0 Stopped actors, and 4 active threads.
Waiting for actors to stop.
Read input token from inputA with value 1.0
Checking for deadlock:
There are 2 Blocked actors, 0 Stopped actors, and 4 active threads.
Waiting for actors to stop.
-- Read input: 0.0, which is expected to match: 0.0
Called prefire()
Called fire()
Checking for deadlock:
There are 3 Blocked actors, 0 Stopped actors, and 4 active threads.
Waiting for actors to stop.
Sent output token with value 0.0
Next port to read input from is inputB
Called postfire()
Called prefire()
Called fire()
Checking for deadlock:
There are 2 Blocked actors, 0 Stopped actors, and 4 active threads.
Waiting for actors to stop.
Called postfire()
Called prefire()
Called fire()
Checking for deadlock:
There are 3 Blocked actors, 0 Stopped actors, and 4 active threads.
Waiting for actors to stop.
Read input token from inputB with value 1.5
Checking for deadlock:
There are 2 Blocked actors, 0 Stopped actors, and 4 active threads.
Waiting for actors to stop.
-- Read input: 1.0, which is expected to match: 1.0
Called prefire()
Called fire()
Checking for deadlock:
There are 3 Blocked actors, 0 Stopped actors, and 4 active threads.
Waiting for actors to stop.
Sent output token with value 1.0
Next port to read input from is inputA
Called postfire()
Called prefire()
Called fire()
Checking for deadlock:
There are 2 Blocked actors, 0 Stopped actors, and 4 active threads.
Waiting for actors to stop.
Called postfire()
Called prefire()
Called fire()
Checking for deadlock:
There are 3 Blocked actors, 0 Stopped actors, and 4 active threads.
Waiting for actors to stop.
Read input token from inputA with value 2.0
Checking for deadlock:
There are 2 Blocked actors, 0 Stopped actors, and 4 active threads.
Waiting for actors to stop.
-- Read input: 1.5, which is expected to match: 1.5
Called prefire()
Called fire()
Checking for deadlock:
There are 3 Blocked actors, 0 Stopped actors, and 4 active threads.
Waiting for actors to stop.
Sent output token with value 1.5
Next port to read input from is inputB
Called postfire()
Called prefire()
Called fire()
Checking for deadlock:
There are 2 Blocked actors, 0 Stopped actors, and 4 active threads.
Waiting for actors to stop.
Called postfire()
Called prefire()
Called fire()
Checking for deadlock:
There are 3 Blocked actors, 0 Stopped actors, and 4 active threads.
Waiting for actors to stop.
Read input token from inputB with value 3.0
Checking for deadlock:
There are 2 Blocked actors, 0 Stopped actors, and 4 active threads.
Waiting for actors to stop.
-- Read input: 2.0, which is expected to match: 2.0
Called prefire()
Called fire()
Checking for deadlock:
There are 3 Blocked actors, 0 Stopped actors, and 4 active threads.
Waiting for actors to stop.
Sent output token with value 2.0
Next port to read input from is inputA
Called postfire()
Called prefire()
Called fire()
Checking for deadlock:
There are 2 Blocked actors, 0 Stopped actors, and 4 active threads.
Waiting for actors to stop.
Called postfire()
Called prefire()
Called fire()
Checking for deadlock:
There are 3 Blocked actors, 0 Stopped actors, and 4 active threads.
Waiting for actors to stop.
Read input token from inputA with value 3.0
Checking for deadlock:
There are 2 Blocked actors, 0 Stopped actors, and 4 active threads.
Waiting for actors to stop.
-- Read input: 3.0, which is expected to match: 3.0
Called prefire()
Called fire()
Checking for deadlock:
There are 3 Blocked actors, 0 Stopped actors, and 4 active threads.
Waiting for actors to stop.
Sent output token with value 3.0
Next port to read input from is inputB
Called postfire()
Called prefire()
Called fire()
Checking for deadlock:
There are 2 Blocked actors, 0 Stopped actors, and 4 active threads.
Waiting for actors to stop.
Called postfire()
Called prefire()
Called fire()
Checking for deadlock:
There are 3 Blocked actors, 0 Stopped actors, and 4 active threads.
Waiting for actors to stop.
Read input token from inputB with value 4.5
Checking for deadlock:
There are 2 Blocked actors, 0 Stopped actors, and 4 active threads.
Waiting for actors to stop.
-- Read input: 3.0, which is expected to match: 3.0
Called prefire()
Called fire()
Checking for deadlock:
There are 3 Blocked actors, 0 Stopped actors, and 4 active threads.
Waiting for actors to stop.
Sent output token with value 3.0
Next port to read input from is inputA
Called postfire()
Called prefire()
Called fire()
Checking for deadlock:
There are 2 Blocked actors, 0 Stopped actors, and 4 active threads.
Waiting for actors to stop.
Called postfire()
Called prefire()
Called fire()
Checking for deadlock:
There are 3 Blocked actors, 0 Stopped actors, and 4 active threads.
Waiting for actors to stop.
Read input token from inputA with value 4.0
Checking for deadlock:
There are 2 Blocked actors, 0 Stopped actors, and 4 active threads.
Waiting for actors to stop.
-- Read input: 4.0, which is expected to match: 4.0
Called prefire()
Called fire()
Past the end of training data. Read and discard all inputs.
Checking for deadlock:
There are 3 Blocked actors, 0 Stopped actors, and 4 active threads.
Waiting for actors to stop.
Sent output token with value 4.0
Next port to read input from is inputA
Called postfire()
Called prefire()
Called fire()
Checking for deadlock:
There are 2 Blocked actors, 0 Stopped actors, and 4 active threads.
Waiting for actors to stop.
Called postfire()
Called prefire()
Called fire()
Checking for deadlock:
There are 3 Blocked actors, 0 Stopped actors, and 4 active threads.
Waiting for actors to stop.
Read input token from inputA with value 5.0
Checking for deadlock:
There are 2 Blocked actors, 0 Stopped actors, and 4 active threads.
Waiting for actors to stop.
Called prefire()
Called fire()
Past the end of training data. Read and discard all inputs.
Checking for deadlock:
There are 3 Blocked actors, 0 Stopped actors, and 4 active threads.
Waiting for actors to stop.
Sent output token with value 4.5
Next port to read input from is inputB
Called postfire()
Called prefire()
Called fire()
Checking for deadlock:
There are 2 Blocked actors, 0 Stopped actors, and 4 active threads.
Waiting for actors to stop.
Called postfire()
Called prefire()
Called fire()
Checking for deadlock:
There are 3 Blocked actors, 0 Stopped actors, and 4 active threads.
Waiting for actors to stop.
Read input token from inputB with value 6.0
Checking for deadlock:
There are 2 Blocked actors, 0 Stopped actors, and 4 active threads.
Waiting for actors to stop.
Called prefire()
Called fire()
Past the end of training data. Read and discard all inputs.
Checking for deadlock:
There are 3 Blocked actors, 0 Stopped actors, and 4 active threads.
Waiting for actors to stop.
Sent output token with value 5.0
Next port to read input from is inputA
Called postfire()
Called prefire()
Called fire()
Checking for deadlock:
There are 2 Blocked actors, 0 Stopped actors, and 4 active threads.
Waiting for actors to stop.
Called postfire()
Called prefire()
Called fire()
Checking for deadlock:
There are 3 Blocked actors, 0 Stopped actors, and 4 active threads.
Waiting for actors to stop.
Read input token from inputA with value 6.0
Checking for deadlock:
There are 2 Blocked actors, 0 Stopped actors, and 4 active threads.
Waiting for actors to stop.
Called prefire()
Called fire()
Past the end of training data. Read and discard all inputs.
Checking for deadlock:
There are 3 Blocked actors, 0 Stopped actors, and 4 active threads.
Waiting for actors to stop.
Sent output token with value 6.0
Next port to read input from is inputB
Called postfire()
Called prefire()
Called fire()
Checking for deadlock:
There are 2 Blocked actors, 0 Stopped actors, and 4 active threads.
Waiting for actors to stop.
Called postfire()
Called prefire()
Called fire()
Checking for deadlock:
There are 3 Blocked actors, 0 Stopped actors, and 4 active threads.
Waiting for actors to stop.
Read input token from inputB with value 7.5
Checking for deadlock:
There are 2 Blocked actors, 0 Stopped actors, and 4 active threads.
Waiting for actors to stop.
Called prefire()
Called fire()
Past the end of training data. Read and discard all inputs.
Checking for deadlock:
There are 3 Blocked actors, 0 Stopped actors, and 4 active threads.
Waiting for actors to stop.
Sent output token with value 6.0
Next port to read input from is inputA
Called postfire()
Called prefire()
Called fire()
Checking for deadlock:
There are 2 Blocked actors, 0 Stopped actors, and 4 active threads.
Waiting for actors to stop.
Called postfire()
Called prefire()
Called fire()
Checking for deadlock:
There are 3 Blocked actors, 0 Stopped actors, and 4 active threads.
Waiting for actors to stop.
Read input token from inputA with value 7.0
Checking for deadlock:
There are 2 Blocked actors, 0 Stopped actors, and 4 active threads.
Waiting for actors to stop.
Called prefire()
Called fire()
Past the end of training data. Read and discard all inputs.
Checking for deadlock:
There are 3 Blocked actors, 0 Stopped actors, and 4 active threads.
Waiting for actors to stop.
Sent output token with value 7.0
Next port to read input from is inputA
Called postfire()
Called prefire()
Called fire()
Checking for deadlock:
There are 2 Blocked actors, 0 Stopped actors, and 4 active threads.
Waiting for actors to stop.
-- Thread wrapup() called.
Called wrapup()
Thread .top.Ramp is exiting.
-- Thread stopped.
Checking for deadlock:
There are 2 Blocked actors, 0 Stopped actors, and 3 active threads.
Waiting for actors to stop.
Read input token from inputA with value 8.0
Checking for deadlock:
There are 1 Blocked actors, 0 Stopped actors, and 3 active threads.
Sent output token with value 7.5
Waiting for actors to stop.
Called prefire()
Next port to read input from is inputB
Called postfire()
Called prefire()
Called fire()
Called fire()
Past the end of training data. Read and discard all inputs.
Read input token from inputB with value 9.0
Called postfire()
Called prefire()
Called fire()
Sent output token with value 8.0
Checking for deadlock:
There are 1 Blocked actors, 0 Stopped actors, and 3 active threads.
Next port to read input from is inputA
Waiting for actors to stop.
Called postfire()
Called prefire()
Called fire()
Called prefire()
Called fire()
Past the end of training data. Read and discard all inputs.
Read input token from inputA with value 9.0
Checking for deadlock:
There are 2 Blocked actors, 0 Stopped actors, and 3 active threads.
Waiting for actors to stop.
Checking for deadlock:
There are 1 Blocked actors, 0 Stopped actors, and 3 active threads.
Sent output token with value 9.0
Waiting for actors to stop.
Called prefire()
Called fire()
Past the end of training data. Read and discard all inputs.
Checking for deadlock:
There are 2 Blocked actors, 0 Stopped actors, and 3 active threads.
Waiting for actors to stop.
Next port to read input from is inputB
Called postfire()
Called prefire()
Called fire()
Called postfire()
Read input token from inputB with value 10.5
Called prefire()
Called fire()
Checking for deadlock:
Sent output token with value 9.0
There are 1 Blocked actors, 0 Stopped actors, and 3 active threads.
Waiting for actors to stop.
Called prefire()
Called fire()
Past the end of training data. Read and discard all inputs.
Checking for deadlock:
There are 2 Blocked actors, 0 Stopped actors, and 3 active threads.
Waiting for actors to stop.
Next port to read input from is inputA
Called postfire()
Called prefire()
Called fire()
Checking for deadlock:
There are 3 Blocked actors, 0 Stopped actors, and 3 active threads.
Actors have stopped.
Checking for deadlock:
There are 3 Blocked actors, 0 Stopped actors, and 3 active threads.
Deadlock detected.
Resolving Deadlock
Checking for deadlock:
There are 3 Blocked actors, 0 Stopped actors, and 3 active threads.
Artificial Deadlock - increasing queue capacity.
increasing the capacity of receiver ptolemy.actor.TypedIOPort {.top.OrderedMerge.inputB} to 2
-- Thread wrapup() called.
Called wrapup()
Director: Called postfire().
Called postfire().
_stopRequested = false
_stopFireRequested = false
Returning from postfire(): true
Thread .top.Ramp2 is exiting.
-- Thread stopped.
Called fire().
Checking for deadlock:
There are 2 Blocked actors, 0 Stopped actors, and 2 active threads.
Actors have stopped.
Checking for deadlock:
There are 2 Blocked actors, 0 Stopped actors, and 2 active threads.
Deadlock detected.
Resolving Deadlock
Checking for deadlock:
There are 2 Blocked actors, 0 Stopped actors, and 2 active threads.
Deadlock detected: no processes blocked on write, but some are blocked on read.
Called postfire().
_stopRequested = false
_stopFireRequested = false
Returning from postfire(): false
Finished deactivating branches.
Called wrapup().
-- Thread wrapup() called.
Called wrapup()
Thread .top.Test is exiting.
-- Thread stopped.
-- Blocked Receiver call threw TerminateProcessException.
-- Thread wrapup() called.
Called wrapup()
Thread .top.OrderedMerge is exiting.
-- Thread stopped.
-- Blocked Receiver call threw TerminateProcessException.
37 ms. Memory: 208384K Free: 109435K (53%)
.top. Preinitializing ...
Invoking preinitialize():  .top.OrderedMerge
Called preinitialize()
Invoking preinitialize():  .top.Ramp
Called preinitialize()
Invoking preinitialize():  .top.Ramp2
Called preinitialize()
Invoking preinitialize():  .top.Test
Called preinitialize()
.top. Finished preinitialize().
Called initialize().
Invoking initialize():  .top.OrderedMerge
Initializing actor: .top.OrderedMerge
Adding a thread: .top.OrderedMerge
Invoking initialize():  .top.Ramp
Initializing actor: .top.Ramp
Adding a thread: .top.Ramp
Invoking initialize():  .top.Ramp2
Initializing actor: .top.Ramp2
Adding a thread: .top.Ramp2
Invoking initialize():  .top.Test
Initializing actor: .top.Test
Adding a thread: .top.Test
-- Starting thread.
Called initialize()
Called prefire()
Called fire()
-- Starting thread.
Called initialize()
Called prefire()
Called fire()
Called postfire()
Called prefire()
Called fire()
-- Starting thread.
Called initialize()
Called prefire()
Called fire()
Called postfire()
Called prefire()
Called fire()
Called fire().
Checking for deadlock:
There are 3 Blocked actors, 0 Stopped actors, and 4 active threads.
Waiting for actors to stop.
-- Starting thread.
Called initialize()
Called prefire()
Called fire()
Checking for deadlock:
There are 2 Blocked actors, 0 Stopped actors, and 4 active threads.
Waiting for actors to stop.
Called postfire()
Called prefire()
Called fire()
Checking for deadlock:
There are 3 Blocked actors, 0 Stopped actors, and 4 active threads.
Waiting for actors to stop.
Read input token from inputA with value 0.0
Next port to read input from is inputB
Called postfire()
Called prefire()
Called fire()
Checking for deadlock:
There are 2 Blocked actors, 0 Stopped actors, and 4 active threads.
Waiting for actors to stop.
Called postfire()
Called prefire()
Called fire()
Checking for deadlock:
There are 3 Blocked actors, 0 Stopped actors, and 4 active threads.
Waiting for actors to stop.
Read input token from inputB with value 0.0
Checking for deadlock:
There are 2 Blocked actors, 0 Stopped actors, and 4 active threads.
Waiting for actors to stop.
-- Read input: 0.0, which is expected to match: 0.0
Called prefire()
Called fire()
Checking for deadlock:
There are 3 Blocked actors, 0 Stopped actors, and 4 active threads.
Waiting for actors to stop.
Sent output token with value 0.0
Next port to read input from is inputA
Called postfire()
Called prefire()
Called fire()
Checking for deadlock:
There are 2 Blocked actors, 0 Stopped actors, and 4 active threads.
Waiting for actors to stop.
Called postfire()
Called prefire()
Called fire()
Checking for deadlock:
There are 3 Blocked actors, 0 Stopped actors, and 4 active threads.
Waiting for actors to stop.
Read input token from inputA with value 1.0
Checking for deadlock:
There are 2 Blocked actors, 0 Stopped actors, and 4 active threads.
Waiting for actors to stop.
-- Read input: 0.0, which is expected to match: 0.0
Called prefire()
Called fire()
Checking for deadlock:
There are 3 Blocked actors, 0 Stopped actors, and 4 active threads.
Waiting for actors to stop.
Sent output token with value 0.0
Next port to read input from is inputB
Called postfire()
Called prefire()
Called fire()
Checking for deadlock:
There are 2 Blocked actors, 0 Stopped actors, and 4 active threads.
Waiting for actors to stop.
Called postfire()
Called prefire()
Called fire()
Checking for deadlock:
There are 3 Blocked actors, 0 Stopped actors, and 4 active threads.
Waiting for actors to stop.
Read input token from inputB with value 1.5
Checking for deadlock:
There are 2 Blocked actors, 0 Stopped actors, and 4 active threads.
Waiting for actors to stop.
-- Read input: 1.0, which is expected to match: 1.0
Called prefire()
Called fire()
Checking for deadlock:
There are 3 Blocked actors, 0 Stopped actors, and 4 active threads.
Waiting for actors to stop.
Sent output token with value 1.0
Next port to read input from is inputA
Called postfire()
Called prefire()
Called fire()
Called postfire()
Called prefire()
Called fire()
Checking for deadlock:
There are 3 Blocked actors, 0 Stopped actors, and 4 active threads.
Waiting for actors to stop.
Read input token from inputA with value 2.0
-- Read input: 1.5, which is expected to match: 1.5
Called prefire()
Called fire()
Checking for deadlock:
There are 3 Blocked actors, 0 Stopped actors, and 4 active threads.
Waiting for actors to stop.
Sent output token with value 1.5
Next port to read input from is inputB
Called postfire()
Called prefire()
Called fire()
Checking for deadlock:
There are 2 Blocked actors, 0 Stopped actors, and 4 active threads.
Waiting for actors to stop.
Called postfire()
Called prefire()
Called fire()
Checking for deadlock:
There are 3 Blocked actors, 0 Stopped actors, and 4 active threads.
Waiting for actors to stop.
Read input token from inputB with value 3.0
Checking for deadlock:
There are 2 Blocked actors, 0 Stopped actors, and 4 active threads.
Waiting for actors to stop.
-- Read input: 2.0, which is expected to match: 2.0
Called prefire()
Called fire()
Checking for deadlock:
There are 3 Blocked actors, 0 Stopped actors, and 4 active threads.
Waiting for actors to stop.
Sent output token with value 2.0
Next port to read input from is inputA
Called postfire()
Called prefire()
Called fire()
Called postfire()
Called prefire()
Called fire()
Checking for deadlock:
There are 3 Blocked actors, 0 Stopped actors, and 4 active threads.
Waiting for actors to stop.
Read input token from inputA with value 3.0
-- Read input: 3.0, which is expected to match: 3.0
Called prefire()
Called fire()
Checking for deadlock:
There are 3 Blocked actors, 0 Stopped actors, and 4 active threads.
Waiting for actors to stop.
Sent output token with value 3.0
Next port to read input from is inputB
Called postfire()
Called prefire()
Called fire()
Checking for deadlock:
There are 2 Blocked actors, 0 Stopped actors, and 4 active threads.
Waiting for actors to stop.
Called postfire()
Called prefire()
Called fire()
Checking for deadlock:
There are 3 Blocked actors, 0 Stopped actors, and 4 active threads.
Waiting for actors to stop.
Read input token from inputB with value 4.5
Checking for deadlock:
There are 2 Blocked actors, 0 Stopped actors, and 4 active threads.
Waiting for actors to stop.
-- Read input: 3.0, which is expected to match: 3.0
Called prefire()
Called fire()
Checking for deadlock:
There are 3 Blocked actors, 0 Stopped actors, and 4 active threads.
Waiting for actors to stop.
Sent output token with value 3.0
Next port to read input from is inputA
Called postfire()
Called prefire()
Called fire()
Called postfire()
Called prefire()
Called fire()
Checking for deadlock:
There are 3 Blocked actors, 0 Stopped actors, and 4 active threads.
Waiting for actors to stop.
Read input token from inputA with value 4.0
-- Read input: 4.0, which is expected to match: 4.0
Called prefire()
Called fire()
Past the end of training data. Read and discard all inputs.
Checking for deadlock:
There are 3 Blocked actors, 0 Stopped actors, and 4 active threads.
Waiting for actors to stop.
Sent output token with value 4.0
Next port to read input from is inputA
Called postfire()
Called prefire()
Called fire()
Called postfire()
Called prefire()
Called fire()
Checking for deadlock:
There are 3 Blocked actors, 0 Stopped actors, and 4 active threads.
Waiting for actors to stop.
Read input token from inputA with value 5.0
Called prefire()
Called fire()
Past the end of training data. Read and discard all inputs.
Checking for deadlock:
There are 3 Blocked actors, 0 Stopped actors, and 4 active threads.
Waiting for actors to stop.
Sent output token with value 4.5
Next port to read input from is inputB
Called postfire()
Called prefire()
Called fire()
Checking for deadlock:
There are 2 Blocked actors, 0 Stopped actors, and 4 active threads.
Waiting for actors to stop.
Called postfire()
Called prefire()
Called fire()
Checking for deadlock:
There are 3 Blocked actors, 0 Stopped actors, and 4 active threads.
Waiting for actors to stop.
Read input token from inputB with value 6.0
Checking for deadlock:
There are 2 Blocked actors, 0 Stopped actors, and 4 active threads.
Waiting for actors to stop.
Called prefire()
Called fire()
Past the end of training data. Read and discard all inputs.
Checking for deadlock:
There are 3 Blocked actors, 0 Stopped actors, and 4 active threads.
Waiting for actors to stop.
Sent output token with value 5.0
Next port to read input from is inputA
Called postfire()
Called prefire()
Called fire()
Called postfire()
Called prefire()
Called fire()
Checking for deadlock:
There are 3 Blocked actors, 0 Stopped actors, and 4 active threads.
Waiting for actors to stop.
Read input token from inputA with value 6.0
Called prefire()
Called fire()
Past the end of training data. Read and discard all inputs.
Checking for deadlock:
There are 3 Blocked actors, 0 Stopped actors, and 4 active threads.
Waiting for actors to stop.
Sent output token with value 6.0
Next port to read input from is inputB
Called postfire()
Called prefire()
Called fire()
Checking for deadlock:
There are 2 Blocked actors, 0 Stopped actors, and 4 active threads.
Waiting for actors to stop.
Called postfire()
Called prefire()
Called fire()
Checking for deadlock:
There are 3 Blocked actors, 0 Stopped actors, and 4 active threads.
Waiting for actors to stop.
Read input token from inputB with value 7.5
Checking for deadlock:
There are 2 Blocked actors, 0 Stopped actors, and 4 active threads.
Waiting for actors to stop.
Called prefire()
Called fire()
Past the end of training data. Read and discard all inputs.
Checking for deadlock:
There are 3 Blocked actors, 0 Stopped actors, and 4 active threads.
Waiting for actors to stop.
Sent output token with value 6.0
Next port to read input from is inputA
Called postfire()
Called prefire()
Called fire()
Called postfire()
Called prefire()
Called fire()
Checking for deadlock:
There are 3 Blocked actors, 0 Stopped actors, and 4 active threads.
Waiting for actors to stop.
Read input token from inputA with value 7.0
Called prefire()
Called fire()
Past the end of training data. Read and discard all inputs.
Checking for deadlock:
There are 3 Blocked actors, 0 Stopped actors, and 4 active threads.
Waiting for actors to stop.
Sent output token with value 7.0
Next port to read input from is inputA
Called postfire()
Called prefire()
Called fire()
-- Thread wrapup() called.
Called wrapup()
Thread .top.Ramp is exiting.
-- Thread stopped.
Checking for deadlock:
There are 2 Blocked actors, 0 Stopped actors, and 3 active threads.
Waiting for actors to stop.
Read input token from inputA with value 8.0
Called prefire()
Called fire()
Past the end of training data. Read and discard all inputs.
Checking for deadlock:
There are 2 Blocked actors, 0 Stopped actors, and 3 active threads.
Waiting for actors to stop.
Sent output token with value 7.5
Next port to read input from is inputB
Called postfire()
Called prefire()
Called fire()
Checking for deadlock:
There are 1 Blocked actors, 0 Stopped actors, and 3 active threads.
Waiting for actors to stop.
Called postfire()
Called prefire()
Called fire()
Checking for deadlock:
There are 2 Blocked actors, 0 Stopped actors, and 3 active threads.
Waiting for actors to stop.
Read input token from inputB with value 9.0
Checking for deadlock:
There are 1 Blocked actors, 0 Stopped actors, and 3 active threads.
Waiting for actors to stop.
Called prefire()
Called fire()
Past the end of training data. Read and discard all inputs.
Checking for deadlock:
There are 2 Blocked actors, 0 Stopped actors, and 3 active threads.
Waiting for actors to stop.
Sent output token with value 8.0
Next port to read input from is inputA
Called postfire()
Called prefire()
Called fire()
Read input token from inputA with value 9.0
Checking for deadlock:
There are 1 Blocked actors, 0 Stopped actors, and 3 active threads.
Waiting for actors to stop.
Called prefire()
Called fire()
Past the end of training data. Read and discard all inputs.
Checking for deadlock:
There are 2 Blocked actors, 0 Stopped actors, and 3 active threads.
Waiting for actors to stop.
Sent output token with value 9.0
Next port to read input from is inputB
Called postfire()
Called prefire()
Called fire()
Checking for deadlock:
There are 1 Blocked actors, 0 Stopped actors, and 3 active threads.
Waiting for actors to stop.
Called postfire()
Called prefire()
Called fire()
Checking for deadlock:
There are 2 Blocked actors, 0 Stopped actors, and 3 active threads.
Waiting for actors to stop.
Read input token from inputB with value 10.5
Checking for deadlock:
There are 1 Blocked actors, 0 Stopped actors, and 3 active threads.
Waiting for actors to stop.
Called prefire()
Called fire()
Past the end of training data. Read and discard all inputs.
Checking for deadlock:
There are 2 Blocked actors, 0 Stopped actors, and 3 active threads.
Waiting for actors to stop.
Sent output token with value 9.0
Next port to read input from is inputA
Called postfire()
Called prefire()
Called fire()
Checking for deadlock:
There are 3 Blocked actors, 0 Stopped actors, and 3 active threads.
Actors have stopped.
Checking for deadlock:
There are 3 Blocked actors, 0 Stopped actors, and 3 active threads.
Deadlock detected.
Resolving Deadlock
Checking for deadlock:
There are 3 Blocked actors, 0 Stopped actors, and 3 active threads.
Artificial Deadlock - increasing queue capacity.
increasing the capacity of receiver ptolemy.actor.TypedIOPort {.top.OrderedMerge.inputB} to 2
Director: Called postfire().
Called postfire().
_stopRequested = false
_stopFireRequested = false
Returning from postfire(): true
Called fire().
Checking for deadlock:
There are 2 Blocked actors, 0 Stopped actors, and 3 active threads.
Waiting for actors to stop.
-- Thread wrapup() called.
Called wrapup()
Thread .top.Ramp2 is exiting.
-- Thread stopped.
Checking for deadlock:
There are 2 Blocked actors, 0 Stopped actors, and 2 active threads.
Actors have stopped.
Checking for deadlock:
There are 2 Blocked actors, 0 Stopped actors, and 2 active threads.
Deadlock detected.
Resolving Deadlock
Checking for deadlock:
There are 2 Blocked actors, 0 Stopped actors, and 2 active threads.
Deadlock detected: no processes blocked on write, but some are blocked on read.
Called postfire().
_stopRequested = false
_stopFireRequested = false
Returning from postfire(): false
Finished deactivating branches.
Called wrapup().
-- Thread wrapup() called.
Called wrapup()
Thread .top.Test is exiting.
-- Thread stopped.
-- Blocked Receiver call threw TerminateProcessException.
-- Thread wrapup() called.
Called wrapup()
Thread .top.OrderedMerge is exiting.
-- Thread stopped.
-- Blocked Receiver call threw TerminateProcessException.
30 ms. Memory: 208384K Free: 104519K (50%)
/home/travis/build/icyphy/ptII/ptolemy/actor/lib/test/Publisher.tcl
6 ms. Memory: 208384K Free: 97342K (47%)
4 ms. Memory: 208384K Free: 92558K (44%)
5 ms. Memory: 208384K Free: 87774K (42%)
9 ms. Memory: 208384K Free: 87774K (42%)
6 ms. Memory: 208384K Free: 87774K (42%)
9 ms. Memory: 208384K Free: 85381K (41%)
3 ms. Memory: 208384K Free: 85381K (41%)
28 ms. Memory: 208384K Free: 85381K (41%)
2 ms. Memory: 208384K Free: 197356K (95%)
4 ms. Memory: 208384K Free: 192638K (92%)
2 ms. Memory: 208384K Free: 192301K (92%)
2 ms. Memory: 208384K Free: 189942K (91%)
9 ms. Memory: 208384K Free: 182866K (88%)
8 ms. Memory: 208384K Free: 171072K (82%)
7 ms. Memory: 208384K Free: 159279K (76%)
/home/travis/build/icyphy/ptII/ptolemy/actor/lib/test/Pulse.tcl
2 ms. Memory: 208384K Free: 119181K (57%)
1 ms. Memory: 208384K Free: 119181K (57%)
1 ms. Memory: 208384K Free: 119181K (57%)
1 ms. Memory: 208384K Free: 116822K (56%)
1 ms. Memory: 208384K Free: 116822K (56%)
1 ms. Memory: 208384K Free: 116822K (56%)
2 ms. Memory: 208384K Free: 114464K (55%)
1 ms. Memory: 208384K Free: 114464K (55%)
2 ms. Memory: 208384K Free: 114464K (55%)
/home/travis/build/icyphy/ptII/ptolemy/actor/lib/test/Ramp.tcl
3 ms. Memory: 208384K Free: 112105K (54%)
2 ms. Memory: 208384K Free: 112105K (54%)
1 ms. Memory: 208384K Free: 109746K (53%)
1 ms. Memory: 208384K Free: 109746K (53%)
3 ms. Memory: 208384K Free: 109746K (53%)
3 ms. Memory: 208384K Free: 107388K (52%)
4 ms. Memory: 208384K Free: 107388K (52%)
5 actors
5000 microseconds per iteration to create
5 ms. Memory: 208384K Free: 105029K (50%)
2 ms. Memory: 208384K Free: 105029K (50%)
2 ms. Memory: 208384K Free: 102670K (49%)
2 ms. Memory: 208384K Free: 102670K (49%)
50 actors
25000 microseconds per iteration to create
25 ms. Memory: 208384K Free: 86088K (41%)
6 ms. Memory: 208384K Free: 86088K (41%)
6 ms. Memory: 208384K Free: 86088K (41%)
6 ms. Memory: 208384K Free: 83713K (40%)
500 actors
1378000 microseconds per iteration to create
214 ms. Memory: 331776K Free: 156290K (47%)
44 ms. Memory: 331776K Free: 151532K (46%)
46 ms. Memory: 331776K Free: 142008K (43%)
57 ms. Memory: 331776K Free: 137250K (41%)
/home/travis/build/icyphy/ptII/ptolemy/actor/lib/test/RampContinuous.tcl
7 ms. Memory: 331776K Free: 137250K (41%)
/home/travis/build/icyphy/ptII/ptolemy/actor/lib/test/RecordAssembler.tcl
5 ms. Memory: 331776K Free: 137250K (41%)
3 ms. Memory: 331776K Free: 132476K (40%)
/home/travis/build/icyphy/ptII/ptolemy/actor/lib/test/RecordDisassembler.tcl
4 ms. Memory: 331776K Free: 132476K (40%)
3 ms. Memory: 331776K Free: 132476K (40%)
3 ms. Memory: 331776K Free: 132476K (40%)
/home/travis/build/icyphy/ptII/ptolemy/actor/lib/test/Scale.tcl
3 ms. Memory: 331776K Free: 127718K (38%)
1 ms. Memory: 331776K Free: 127718K (38%)
2 ms. Memory: 331776K Free: 127718K (38%)
2 ms. Memory: 331776K Free: 127718K (38%)
2 ms. Memory: 331776K Free: 127718K (38%)
/home/travis/build/icyphy/ptII/ptolemy/actor/lib/test/SequentialClock.tcl
preinitializing
resolving types
initializing
executing number 1
wrapping up
idle
3 ms. Memory: 331776K Free: 122959K (37%)
Completed execution with 5 iterations
preinitializing
resolving types
initializing
executing number 1
wrapping up
idle
2 ms. Memory: 331776K Free: 122959K (37%)
Completed execution with 5 iterations
preinitializing
resolving types
initializing
executing number 1
wrapping up
idle
1 ms. Memory: 331776K Free: 122959K (37%)
Completed execution with 5 iterations
/home/travis/build/icyphy/ptII/ptolemy/actor/lib/test/SetVariable.tcl
4 ms. Memory: 331776K Free: 122959K (37%)
/home/travis/build/icyphy/ptII/ptolemy/actor/lib/test/Sinewave.tcl
/home/travis/build/icyphy/ptII/ptolemy/actor/lib/test/SubscriptionAggregator.tcl
3 ms. Memory: 331776K Free: 108669K (33%)
2 ms. Memory: 331776K Free: 108669K (33%)
0 ms. Memory: 331776K Free: 108669K (33%)
1 ms. Memory: 331776K Free: 108669K (33%)
1 ms. Memory: 331776K Free: 103907K (31%)
4 ms. Memory: 331776K Free: 99149K (30%)
...............................................................805 ms. Memory: 577536K Free: 306284K (53%)
/home/travis/build/icyphy/ptII/ptolemy/actor/lib/test/Test.tcl
 The next command will produce a warning about training mode,
   which may be ignored.
3 ms. Memory: 577536K Free: 296683K (51%)
1 ms. Memory: 577536K Free: 296683K (51%)
1 ms. Memory: 577536K Free: 296683K (51%)
1 ms. Memory: 577536K Free: 296683K (51%)
2 ms. Memory: 577536K Free: 296683K (51%)
3 ms. Memory: 577536K Free: 296683K (51%)
2 ms. Memory: 577536K Free: 296683K (51%)
 The next command will produce a warning about training mode,
   which may be ignored.
4 ms. Memory: 577536K Free: 296683K (51%)
 The next command will produce a warning about training mode,
   which may be ignored.
2 ms. Memory: 577536K Free: 287082K (50%)
10 ms. Memory: 577536K Free: 287082K (50%)
2 ms. Memory: 577536K Free: 287082K (50%)
1 ms. Memory: 577536K Free: 287082K (50%)
1 ms. Memory: 577536K Free: 287082K (50%)
3 ms. Memory: 577536K Free: 287082K (50%)
/home/travis/build/icyphy/ptII/ptolemy/actor/lib/test/TestExceptionHandler.tcl
 The next command will produce a warning about training mode,
   which may be ignored.
1 ms. Memory: 577536K Free: 287082K (50%)
1 ms. Memory: 577536K Free: 287082K (50%)
1 ms. Memory: 577536K Free: 287082K (50%)
/home/travis/build/icyphy/ptII/ptolemy/actor/lib/test/UnionDisassembler.tcl
11 ms. Memory: 577536K Free: 277481K (48%)
/home/travis/build/icyphy/ptII/ptolemy/actor/lib/test/VariableClock.tcl
preinitializing
resolving types
initializing
executing number 1
wrapping up
idle
9 ms. Memory: 577536K Free: 277481K (48%)
Completed execution with 11 iterations
preinitializing
resolving types
initializing
executing number 1
wrapping up
idle
9 ms. Memory: 577536K Free: 267863K (46%)
Completed execution with 10 iterations
03/14/19 06:34:38
Failed: 0  Total Tests: 234  ((Passed: 234, Newly Passed: 0)  Known Failed: 0) /home/travis/build/icyphy/ptII/ptolemy/actor/lib/test
----------------- testing (KnownFailure) /home/travis/build/icyphy/ptII/ptolemy/actor/lib/test/auto/knownFailedTests/PublisherPortToplevelSubscriber.xml
4 ms. Memory: 577536K Free: 258135K (45%)
Known Failure: java.lang.reflect.InvocationTargetException
----------------- testing (KnownFailure) /home/travis/build/icyphy/ptII/ptolemy/actor/lib/test/auto/knownFailedTests/PublisherSubscriberPortToplevel.xml
1 ms. Memory: 577536K Free: 238679K (41%)
Known Failure: java.lang.reflect.InvocationTargetException
----------------- testing (KnownFailure) /home/travis/build/icyphy/ptII/ptolemy/actor/lib/test/auto/knownFailedTests/PublisherSubscriptionAggregatorPort.xml
2 ms. Memory: 577536K Free: 219223K (38%)
Known Failure: java.lang.reflect.InvocationTargetException
----------------- testing (KnownFailure) /home/travis/build/icyphy/ptII/ptolemy/actor/lib/test/auto/knownFailedTests/sizedarray3.xml
4 ms. Memory: 577536K Free: 199767K (35%)
Known Failure: java.lang.reflect.InvocationTargetException
No auto/linux-amd64/*.xml tests in /home/travis/build/icyphy/ptII/ptolemy/actor/lib/test
AutoTests.java: About to close Vertx.
AutoTests.java: Vertx closed.

===========================================================================================
----------------- testing Thu Mar 14 18:34:38 UTC 2019 /home/travis/build/icyphy/ptII/ptolemy/actor/lib/test/auto/AbsoluteValue.xml
----------------- Instantiating /home/travis/build/icyphy/ptII/ptolemy/actor/lib/test/auto/AbsoluteValue.xml
19 ms. Memory: 577536K Free: 122196K (21%)
----------------- Invoking toplevel() on ptolemy.moml.MoMLSimpleApplication@32f794a9
----------------- Done invoking toplevel() on ptolemy.moml.MoMLSimpleApplication@32f794a9
reloadAllAccessors: .AbsoluteValue

===========================================================================================
----------------- testing Thu Mar 14 18:34:38 UTC 2019 /home/travis/build/icyphy/ptII/ptolemy/actor/lib/test/auto/AbsoluteValue2.xml
----------------- Instantiating /home/travis/build/icyphy/ptII/ptolemy/actor/lib/test/auto/AbsoluteValue2.xml
6 ms. Memory: 577536K Free: 107604K (19%)
----------------- Invoking toplevel() on ptolemy.moml.MoMLSimpleApplication@678dcc28
----------------- Done invoking toplevel() on ptolemy.moml.MoMLSimpleApplication@678dcc28
reloadAllAccessors: .AbsoluteValue2

===========================================================================================
----------------- testing Thu Mar 14 18:34:38 UTC 2019 /home/travis/build/icyphy/ptII/ptolemy/actor/lib/test/auto/Accumulator.xml
----------------- Instantiating /home/travis/build/icyphy/ptII/ptolemy/actor/lib/test/auto/Accumulator.xml
7 ms. Memory: 577536K Free: 97875K (17%)
----------------- Invoking toplevel() on ptolemy.moml.MoMLSimpleApplication@40ab5c3d
----------------- Done invoking toplevel() on ptolemy.moml.MoMLSimpleApplication@40ab5c3d
reloadAllAccessors: .Accumulator

===========================================================================================
----------------- testing Thu Mar 14 18:34:39 UTC 2019 /home/travis/build/icyphy/ptII/ptolemy/actor/lib/test/auto/Accumulator2.xml
----------------- Instantiating /home/travis/build/icyphy/ptII/ptolemy/actor/lib/test/auto/Accumulator2.xml
4 ms. Memory: 577536K Free: 78546K (14%)
----------------- Invoking toplevel() on ptolemy.moml.MoMLSimpleApplication@13a62ca1
----------------- Done invoking toplevel() on ptolemy.moml.MoMLSimpleApplication@13a62ca1
reloadAllAccessors: .Accumulator2

===========================================================================================
----------------- testing Thu Mar 14 18:34:39 UTC 2019 /home/travis/build/icyphy/ptII/ptolemy/actor/lib/test/auto/Accumulator3.xml
----------------- Instantiating /home/travis/build/icyphy/ptII/ptolemy/actor/lib/test/auto/Accumulator3.xml
3 ms. Memory: 577536K Free: 70083K (12%)
----------------- Invoking toplevel() on ptolemy.moml.MoMLSimpleApplication@2a5ca600
----------------- Done invoking toplevel() on ptolemy.moml.MoMLSimpleApplication@2a5ca600
reloadAllAccessors: .Accumulator3

===========================================================================================
----------------- testing Thu Mar 14 18:34:39 UTC 2019 /home/travis/build/icyphy/ptII/ptolemy/actor/lib/test/auto/ArrayAppend.xml
----------------- Instantiating /home/travis/build/icyphy/ptII/ptolemy/actor/lib/test/auto/ArrayAppend.xml
5 ms. Memory: 580608K Free: 526760K (91%)
----------------- Invoking toplevel() on ptolemy.moml.MoMLSimpleApplication@32ad77d9
----------------- Done invoking toplevel() on ptolemy.moml.MoMLSimpleApplication@32ad77d9
reloadAllAccessors: .ArrayAppend

===========================================================================================
----------------- testing Thu Mar 14 18:34:39 UTC 2019 /home/travis/build/icyphy/ptII/ptolemy/actor/lib/test/auto/ArrayAppend2.xml
----------------- Instantiating /home/travis/build/icyphy/ptII/ptolemy/actor/lib/test/auto/ArrayAppend2.xml
609 ms. Memory: 580608K Free: 440304K (76%)
----------------- Invoking toplevel() on ptolemy.moml.MoMLSimpleApplication@7e2c3178
----------------- Done invoking toplevel() on ptolemy.moml.MoMLSimpleApplication@7e2c3178
reloadAllAccessors: .ArrayAppend2

===========================================================================================
----------------- testing Thu Mar 14 18:34:39 UTC 2019 /home/travis/build/icyphy/ptII/ptolemy/actor/lib/test/auto/ArrayAppend3.xml
----------------- Instantiating /home/travis/build/icyphy/ptII/ptolemy/actor/lib/test/auto/ArrayAppend3.xml
9 ms. Memory: 580608K Free: 430576K (74%)
----------------- Invoking toplevel() on ptolemy.moml.MoMLSimpleApplication@79281ee5
----------------- Done invoking toplevel() on ptolemy.moml.MoMLSimpleApplication@79281ee5
reloadAllAccessors: .ArrayAppend3

===========================================================================================
----------------- testing Thu Mar 14 18:34:39 UTC 2019 /home/travis/build/icyphy/ptII/ptolemy/actor/lib/test/auto/ArrayAppend4.xml
----------------- Instantiating /home/travis/build/icyphy/ptII/ptolemy/actor/lib/test/auto/ArrayAppend4.xml
3 ms. Memory: 580608K Free: 420848K (72%)
----------------- Invoking toplevel() on ptolemy.moml.MoMLSimpleApplication@c6fa65b
----------------- Done invoking toplevel() on ptolemy.moml.MoMLSimpleApplication@c6fa65b
reloadAllAccessors: .ArrayAppend4

===========================================================================================
----------------- testing Thu Mar 14 18:34:39 UTC 2019 /home/travis/build/icyphy/ptII/ptolemy/actor/lib/test/auto/ArrayAppend5.xml
----------------- Instantiating /home/travis/build/icyphy/ptII/ptolemy/actor/lib/test/auto/ArrayAppend5.xml
3 ms. Memory: 580608K Free: 402727K (69%)
----------------- Invoking toplevel() on ptolemy.moml.MoMLSimpleApplication@1ef27b9d
----------------- Done invoking toplevel() on ptolemy.moml.MoMLSimpleApplication@1ef27b9d
reloadAllAccessors: .ArrayAppend5

===========================================================================================
----------------- testing Thu Mar 14 18:34:39 UTC 2019 /home/travis/build/icyphy/ptII/ptolemy/actor/lib/test/auto/ArrayAppend6.xml
----------------- Instantiating /home/travis/build/icyphy/ptII/ptolemy/actor/lib/test/auto/ArrayAppend6.xml
4 ms. Memory: 580608K Free: 392999K (68%)
----------------- Invoking toplevel() on ptolemy.moml.MoMLSimpleApplication@655a15df
----------------- Done invoking toplevel() on ptolemy.moml.MoMLSimpleApplication@655a15df
reloadAllAccessors: .ArrayAppend6

===========================================================================================
----------------- testing Thu Mar 14 18:34:40 UTC 2019 /home/travis/build/icyphy/ptII/ptolemy/actor/lib/test/auto/ArrayAppendPerformanceTest.xml
----------------- Instantiating /home/travis/build/icyphy/ptII/ptolemy/actor/lib/test/auto/ArrayAppendPerformanceTest.xml
17 ms. Memory: 580608K Free: 378391K (65%)
----------------- Invoking toplevel() on ptolemy.moml.MoMLSimpleApplication@169504ce
----------------- Done invoking toplevel() on ptolemy.moml.MoMLSimpleApplication@169504ce
reloadAllAccessors: .ArrayAppendPerformanceTest

===========================================================================================
----------------- testing Thu Mar 14 18:34:40 UTC 2019 /home/travis/build/icyphy/ptII/ptolemy/actor/lib/test/auto/ArrayAppendWithEmptyInput.xml
----------------- Instantiating /home/travis/build/icyphy/ptII/ptolemy/actor/lib/test/auto/ArrayAppendWithEmptyInput.xml
23 ms. Memory: 580608K Free: 363799K (63%)
----------------- Invoking toplevel() on ptolemy.moml.MoMLSimpleApplication@794b52ba
----------------- Done invoking toplevel() on ptolemy.moml.MoMLSimpleApplication@794b52ba
reloadAllAccessors: .ArrayAppendWithEmptyInput

===========================================================================================
----------------- testing Thu Mar 14 18:34:40 UTC 2019 /home/travis/build/icyphy/ptII/ptolemy/actor/lib/test/auto/ArrayAverage.xml
----------------- Instantiating /home/travis/build/icyphy/ptII/ptolemy/actor/lib/test/auto/ArrayAverage.xml
4 ms. Memory: 580608K Free: 340814K (59%)
----------------- Invoking toplevel() on ptolemy.moml.MoMLSimpleApplication@4602fe4d
----------------- Done invoking toplevel() on ptolemy.moml.MoMLSimpleApplication@4602fe4d
reloadAllAccessors: .ArrayAverage

===========================================================================================
----------------- testing Thu Mar 14 18:34:40 UTC 2019 /home/travis/build/icyphy/ptII/ptolemy/actor/lib/test/auto/ArrayContains.xml
----------------- Instantiating /home/travis/build/icyphy/ptII/ptolemy/actor/lib/test/auto/ArrayContains.xml
7 ms. Memory: 580608K Free: 331086K (57%)
----------------- Invoking toplevel() on ptolemy.moml.MoMLSimpleApplication@81f4acc
----------------- Done invoking toplevel() on ptolemy.moml.MoMLSimpleApplication@81f4acc
reloadAllAccessors: .ArrayContains

===========================================================================================
----------------- testing Thu Mar 14 18:34:40 UTC 2019 /home/travis/build/icyphy/ptII/ptolemy/actor/lib/test/auto/ArrayElement.xml
----------------- Instantiating /home/travis/build/icyphy/ptII/ptolemy/actor/lib/test/auto/ArrayElement.xml
9 ms. Memory: 580608K Free: 321358K (55%)
----------------- Invoking toplevel() on ptolemy.moml.MoMLSimpleApplication@432b8e0
----------------- Done invoking toplevel() on ptolemy.moml.MoMLSimpleApplication@432b8e0
reloadAllAccessors: .ArrayElement

===========================================================================================
----------------- testing Thu Mar 14 18:34:40 UTC 2019 /home/travis/build/icyphy/ptII/ptolemy/actor/lib/test/auto/ArrayElementAsMatrix.xml
----------------- Instantiating /home/travis/build/icyphy/ptII/ptolemy/actor/lib/test/auto/ArrayElementAsMatrix.xml
18 ms. Memory: 580608K Free: 306750K (53%)
----------------- Invoking toplevel() on ptolemy.moml.MoMLSimpleApplication@64eff257
----------------- Done invoking toplevel() on ptolemy.moml.MoMLSimpleApplication@64eff257
reloadAllAccessors: .ArrayElementAsMatrix

===========================================================================================
----------------- testing Thu Mar 14 18:34:40 UTC 2019 /home/travis/build/icyphy/ptII/ptolemy/actor/lib/test/auto/ArrayElementI.xml
----------------- Instantiating /home/travis/build/icyphy/ptII/ptolemy/actor/lib/test/auto/ArrayElementI.xml
12 ms. Memory: 580608K Free: 288629K (50%)
----------------- Invoking toplevel() on ptolemy.moml.MoMLSimpleApplication@48dc6c22
----------------- Done invoking toplevel() on ptolemy.moml.MoMLSimpleApplication@48dc6c22
reloadAllAccessors: .ArrayElementI

===========================================================================================
----------------- testing Thu Mar 14 18:34:40 UTC 2019 /home/travis/build/icyphy/ptII/ptolemy/actor/lib/test/auto/ArrayExtract.xml
----------------- Instantiating /home/travis/build/icyphy/ptII/ptolemy/actor/lib/test/auto/ArrayExtract.xml
5 ms. Memory: 580608K Free: 278901K (48%)
----------------- Invoking toplevel() on ptolemy.moml.MoMLSimpleApplication@7ece47df
----------------- Done invoking toplevel() on ptolemy.moml.MoMLSimpleApplication@7ece47df
reloadAllAccessors: .ArrayExtract

===========================================================================================
----------------- testing Thu Mar 14 18:34:40 UTC 2019 /home/travis/build/icyphy/ptII/ptolemy/actor/lib/test/auto/ArrayExtract2.xml
----------------- Instantiating /home/travis/build/icyphy/ptII/ptolemy/actor/lib/test/auto/ArrayExtract2.xml
3 ms. Memory: 580608K Free: 269173K (46%)
----------------- Invoking toplevel() on ptolemy.moml.MoMLSimpleApplication@109709a0
----------------- Done invoking toplevel() on ptolemy.moml.MoMLSimpleApplication@109709a0
reloadAllAccessors: .ArrayExtract2

===========================================================================================
----------------- testing Thu Mar 14 18:34:40 UTC 2019 /home/travis/build/icyphy/ptII/ptolemy/actor/lib/test/auto/ArrayLength.xml
----------------- Instantiating /home/travis/build/icyphy/ptII/ptolemy/actor/lib/test/auto/ArrayLength.xml
2 ms. Memory: 580608K Free: 259445K (45%)
----------------- Invoking toplevel() on ptolemy.moml.MoMLSimpleApplication@18842d43
----------------- Done invoking toplevel() on ptolemy.moml.MoMLSimpleApplication@18842d43
reloadAllAccessors: .ArrayLength

===========================================================================================
----------------- testing Thu Mar 14 18:34:40 UTC 2019 /home/travis/build/icyphy/ptII/ptolemy/actor/lib/test/auto/ArrayLevelCrossing.xml
----------------- Instantiating /home/travis/build/icyphy/ptII/ptolemy/actor/lib/test/auto/ArrayLevelCrossing.xml
3 ms. Memory: 580608K Free: 236445K (41%)
----------------- Invoking toplevel() on ptolemy.moml.MoMLSimpleApplication@5e6f268c
----------------- Done invoking toplevel() on ptolemy.moml.MoMLSimpleApplication@5e6f268c
reloadAllAccessors: .ArrayLevelCrossing

===========================================================================================
----------------- testing Thu Mar 14 18:34:40 UTC 2019 /home/travis/build/icyphy/ptII/ptolemy/actor/lib/test/auto/ArrayLevelCrossing2.xml
----------------- Instantiating /home/travis/build/icyphy/ptII/ptolemy/actor/lib/test/auto/ArrayLevelCrossing2.xml
3 ms. Memory: 580608K Free: 226717K (39%)
----------------- Invoking toplevel() on ptolemy.moml.MoMLSimpleApplication@257b7ba1
----------------- Done invoking toplevel() on ptolemy.moml.MoMLSimpleApplication@257b7ba1
reloadAllAccessors: .ArrayLevelCrossing2

===========================================================================================
----------------- testing Thu Mar 14 18:34:40 UTC 2019 /home/travis/build/icyphy/ptII/ptolemy/actor/lib/test/auto/ArrayPeakSearch.xml
----------------- Instantiating /home/travis/build/icyphy/ptII/ptolemy/actor/lib/test/auto/ArrayPeakSearch.xml
14 ms. Memory: 580608K Free: 212109K (37%)
----------------- Invoking toplevel() on ptolemy.moml.MoMLSimpleApplication@71ad556
----------------- Done invoking toplevel() on ptolemy.moml.MoMLSimpleApplication@71ad556
reloadAllAccessors: .ArrayPeakSearch

===========================================================================================
----------------- testing Thu Mar 14 18:34:40 UTC 2019 /home/travis/build/icyphy/ptII/ptolemy/actor/lib/test/auto/ArrayPeakSearch2.xml
----------------- Instantiating /home/travis/build/icyphy/ptII/ptolemy/actor/lib/test/auto/ArrayPeakSearch2.xml
4 ms. Memory: 580608K Free: 197501K (34%)
----------------- Invoking toplevel() on ptolemy.moml.MoMLSimpleApplication@4a08e8e3
----------------- Done invoking toplevel() on ptolemy.moml.MoMLSimpleApplication@4a08e8e3
reloadAllAccessors: .ArrayPeakSearch2

===========================================================================================
----------------- testing Thu Mar 14 18:34:40 UTC 2019 /home/travis/build/icyphy/ptII/ptolemy/actor/lib/test/auto/ArrayPeakSearch3.xml
----------------- Instantiating /home/travis/build/icyphy/ptII/ptolemy/actor/lib/test/auto/ArrayPeakSearch3.xml
7 ms. Memory: 580608K Free: 174508K (30%)
----------------- Invoking toplevel() on ptolemy.moml.MoMLSimpleApplication@2fd4f3b7
----------------- Done invoking toplevel() on ptolemy.moml.MoMLSimpleApplication@2fd4f3b7
reloadAllAccessors: .ArrayPeakSearch3

===========================================================================================
----------------- testing Thu Mar 14 18:34:40 UTC 2019 /home/travis/build/icyphy/ptII/ptolemy/actor/lib/test/auto/ArrayRemoveElement.xml
----------------- Instantiating /home/travis/build/icyphy/ptII/ptolemy/actor/lib/test/auto/ArrayRemoveElement.xml
3 ms. Memory: 580608K Free: 159900K (28%)
----------------- Invoking toplevel() on ptolemy.moml.MoMLSimpleApplication@1018e40d
----------------- Done invoking toplevel() on ptolemy.moml.MoMLSimpleApplication@1018e40d
reloadAllAccessors: .ArrayRemoveElement

===========================================================================================
----------------- testing Thu Mar 14 18:34:40 UTC 2019 /home/travis/build/icyphy/ptII/ptolemy/actor/lib/test/auto/ArraySort.xml
----------------- Instantiating /home/travis/build/icyphy/ptII/ptolemy/actor/lib/test/auto/ArraySort.xml
4 ms. Memory: 580608K Free: 145300K (25%)
----------------- Invoking toplevel() on ptolemy.moml.MoMLSimpleApplication@65713d19
----------------- Done invoking toplevel() on ptolemy.moml.MoMLSimpleApplication@65713d19
reloadAllAccessors: .ArraySort

===========================================================================================
----------------- testing Thu Mar 14 18:34:40 UTC 2019 /home/travis/build/icyphy/ptII/ptolemy/actor/lib/test/auto/ArraySum.xml
----------------- Instantiating /home/travis/build/icyphy/ptII/ptolemy/actor/lib/test/auto/ArraySum.xml
3 ms. Memory: 580608K Free: 127179K (22%)
----------------- Invoking toplevel() on ptolemy.moml.MoMLSimpleApplication@4bac0191
----------------- Done invoking toplevel() on ptolemy.moml.MoMLSimpleApplication@4bac0191
reloadAllAccessors: .ArraySum

===========================================================================================
----------------- testing Thu Mar 14 18:34:40 UTC 2019 /home/travis/build/icyphy/ptII/ptolemy/actor/lib/test/auto/ArrayToElements.xml
----------------- Instantiating /home/travis/build/icyphy/ptII/ptolemy/actor/lib/test/auto/ArrayToElements.xml
3 ms. Memory: 580608K Free: 117451K (20%)
----------------- Invoking toplevel() on ptolemy.moml.MoMLSimpleApplication@703feb62
----------------- Done invoking toplevel() on ptolemy.moml.MoMLSimpleApplication@703feb62
reloadAllAccessors: .ArrayToElements

===========================================================================================
----------------- testing Thu Mar 14 18:34:40 UTC 2019 /home/travis/build/icyphy/ptII/ptolemy/actor/lib/test/auto/ArrayToMatrix.xml
----------------- Instantiating /home/travis/build/icyphy/ptII/ptolemy/actor/lib/test/auto/ArrayToMatrix.xml
6 ms. Memory: 580608K Free: 97963K (17%)
----------------- Invoking toplevel() on ptolemy.moml.MoMLSimpleApplication@4253c14b
----------------- Done invoking toplevel() on ptolemy.moml.MoMLSimpleApplication@4253c14b
reloadAllAccessors: .ArrayToMatrix

===========================================================================================
----------------- testing Thu Mar 14 18:34:40 UTC 2019 /home/travis/build/icyphy/ptII/ptolemy/actor/lib/test/auto/ArrayUpdate1.xml
----------------- Instantiating /home/travis/build/icyphy/ptII/ptolemy/actor/lib/test/auto/ArrayUpdate1.xml
2 ms. Memory: 580608K Free: 88235K (15%)
----------------- Invoking toplevel() on ptolemy.moml.MoMLSimpleApplication@7ae4f809
----------------- Done invoking toplevel() on ptolemy.moml.MoMLSimpleApplication@7ae4f809
reloadAllAccessors: .ArrayUpdate1

===========================================================================================
----------------- testing Thu Mar 14 18:34:40 UTC 2019 /home/travis/build/icyphy/ptII/ptolemy/actor/lib/test/auto/ArrayUpdate2.xml
----------------- Instantiating /home/travis/build/icyphy/ptII/ptolemy/actor/lib/test/auto/ArrayUpdate2.xml
3 ms. Memory: 580608K Free: 70115K (12%)
----------------- Invoking toplevel() on ptolemy.moml.MoMLSimpleApplication@55c1404b
----------------- Done invoking toplevel() on ptolemy.moml.MoMLSimpleApplication@55c1404b
reloadAllAccessors: .ArrayUpdate2

===========================================================================================
----------------- testing Thu Mar 14 18:34:40 UTC 2019 /home/travis/build/icyphy/ptII/ptolemy/actor/lib/test/auto/ArrayUpdate3.xml
----------------- Instantiating /home/travis/build/icyphy/ptII/ptolemy/actor/lib/test/auto/ArrayUpdate3.xml
2 ms. Memory: 580608K Free: 60387K (10%)
----------------- Invoking toplevel() on ptolemy.moml.MoMLSimpleApplication@42d22099
----------------- Done invoking toplevel() on ptolemy.moml.MoMLSimpleApplication@42d22099
reloadAllAccessors: .ArrayUpdate3

===========================================================================================
----------------- testing Thu Mar 14 18:34:40 UTC 2019 /home/travis/build/icyphy/ptII/ptolemy/actor/lib/test/auto/Assert1.xml
----------------- Instantiating /home/travis/build/icyphy/ptII/ptolemy/actor/lib/test/auto/Assert1.xml
3 ms. Memory: 580608K Free: 54952K (9%)
----------------- Invoking toplevel() on ptolemy.moml.MoMLSimpleApplication@50ffc1bb
----------------- Done invoking toplevel() on ptolemy.moml.MoMLSimpleApplication@50ffc1bb
reloadAllAccessors: .Assert1

===========================================================================================
----------------- testing Thu Mar 14 18:34:40 UTC 2019 /home/travis/build/icyphy/ptII/ptolemy/actor/lib/test/auto/Assert2.xml
----------------- Instantiating /home/travis/build/icyphy/ptII/ptolemy/actor/lib/test/auto/Assert2.xml
6 ms. Memory: 879104K Free: 825976K (94%)
----------------- Invoking toplevel() on ptolemy.moml.MoMLSimpleApplication@27565d9d
----------------- Done invoking toplevel() on ptolemy.moml.MoMLSimpleApplication@27565d9d
reloadAllAccessors: .Assert2

===========================================================================================
----------------- testing Thu Mar 14 18:34:41 UTC 2019 /home/travis/build/icyphy/ptII/ptolemy/actor/lib/test/auto/BooleanMultiplexor.xml
----------------- Instantiating /home/travis/build/icyphy/ptII/ptolemy/actor/lib/test/auto/BooleanMultiplexor.xml
6 ms. Memory: 879104K Free: 806147K (92%)
----------------- Invoking toplevel() on ptolemy.moml.MoMLSimpleApplication@41e944af
----------------- Done invoking toplevel() on ptolemy.moml.MoMLSimpleApplication@41e944af
reloadAllAccessors: .BooleanMultiplexor

===========================================================================================
----------------- testing Thu Mar 14 18:34:41 UTC 2019 /home/travis/build/icyphy/ptII/ptolemy/actor/lib/test/auto/BooleanMultiplexor2.xml
----------------- Instantiating /home/travis/build/icyphy/ptII/ptolemy/actor/lib/test/auto/BooleanMultiplexor2.xml
10 ms. Memory: 879104K Free: 795771K (91%)
----------------- Invoking toplevel() on ptolemy.moml.MoMLSimpleApplication@66c22d4a
----------------- Done invoking toplevel() on ptolemy.moml.MoMLSimpleApplication@66c22d4a
reloadAllAccessors: .BooleanMultiplexor2

===========================================================================================
----------------- testing Thu Mar 14 18:34:41 UTC 2019 /home/travis/build/icyphy/ptII/ptolemy/actor/lib/test/auto/BooleanMultiplexor3.xml
----------------- Instantiating /home/travis/build/icyphy/ptII/ptolemy/actor/lib/test/auto/BooleanMultiplexor3.xml
7 ms. Memory: 879104K Free: 785394K (89%)
----------------- Invoking toplevel() on ptolemy.moml.MoMLSimpleApplication@25fb93e4
----------------- Done invoking toplevel() on ptolemy.moml.MoMLSimpleApplication@25fb93e4
reloadAllAccessors: .BooleanMultiplexor3

===========================================================================================
----------------- testing Thu Mar 14 18:34:41 UTC 2019 /home/travis/build/icyphy/ptII/ptolemy/actor/lib/test/auto/BooleanSelect.xml
----------------- Instantiating /home/travis/build/icyphy/ptII/ptolemy/actor/lib/test/auto/BooleanSelect.xml
11 ms. Memory: 879104K Free: 775018K (88%)
----------------- Invoking toplevel() on ptolemy.moml.MoMLSimpleApplication@3c55617a
----------------- Done invoking toplevel() on ptolemy.moml.MoMLSimpleApplication@3c55617a
reloadAllAccessors: .BooleanSelect

===========================================================================================
----------------- testing Thu Mar 14 18:34:41 UTC 2019 /home/travis/build/icyphy/ptII/ptolemy/actor/lib/test/auto/BooleanSelect2.xml
----------------- Instantiating /home/travis/build/icyphy/ptII/ptolemy/actor/lib/test/auto/BooleanSelect2.xml
1 ms. Memory: 879104K Free: 755189K (86%)
----------------- Invoking toplevel() on ptolemy.moml.MoMLSimpleApplication@58683d2e
----------------- Done invoking toplevel() on ptolemy.moml.MoMLSimpleApplication@58683d2e
reloadAllAccessors: .BooleanSelect2

===========================================================================================
----------------- testing Thu Mar 14 18:34:41 UTC 2019 /home/travis/build/icyphy/ptII/ptolemy/actor/lib/test/auto/BooleanSwitch.xml
----------------- Instantiating /home/travis/build/icyphy/ptII/ptolemy/actor/lib/test/auto/BooleanSwitch.xml
2 ms. Memory: 879104K Free: 744812K (85%)
----------------- Invoking toplevel() on ptolemy.moml.MoMLSimpleApplication@59a9ece3
----------------- Done invoking toplevel() on ptolemy.moml.MoMLSimpleApplication@59a9ece3
reloadAllAccessors: .BooleanSwitch

===========================================================================================
----------------- testing Thu Mar 14 18:34:41 UTC 2019 /home/travis/build/icyphy/ptII/ptolemy/actor/lib/test/auto/BooleanSwitch2.xml
----------------- Instantiating /home/travis/build/icyphy/ptII/ptolemy/actor/lib/test/auto/BooleanSwitch2.xml
1 ms. Memory: 879104K Free: 734436K (84%)
----------------- Invoking toplevel() on ptolemy.moml.MoMLSimpleApplication@417337a3
----------------- Done invoking toplevel() on ptolemy.moml.MoMLSimpleApplication@417337a3
reloadAllAccessors: .BooleanSwitch2

===========================================================================================
----------------- testing Thu Mar 14 18:34:41 UTC 2019 /home/travis/build/icyphy/ptII/ptolemy/actor/lib/test/auto/BooleanSwitchCloningBugWithClassRelationGroup.xml
----------------- Instantiating /home/travis/build/icyphy/ptII/ptolemy/actor/lib/test/auto/BooleanSwitchCloningBugWithClassRelationGroup.xml
2 ms. Memory: 879104K Free: 724059K (82%)
----------------- Invoking toplevel() on ptolemy.moml.MoMLSimpleApplication@15821ff4
----------------- Done invoking toplevel() on ptolemy.moml.MoMLSimpleApplication@15821ff4
reloadAllAccessors: .BooleanSwitchCloningBugWithClassRelationGroup

===========================================================================================
----------------- testing Thu Mar 14 18:34:41 UTC 2019 /home/travis/build/icyphy/ptII/ptolemy/actor/lib/test/auto/BusActors.xml
----------------- Instantiating /home/travis/build/icyphy/ptII/ptolemy/actor/lib/test/auto/BusActors.xml
3 ms. Memory: 879104K Free: 699026K (80%)
----------------- Invoking toplevel() on ptolemy.moml.MoMLSimpleApplication@7d780cf7
----------------- Done invoking toplevel() on ptolemy.moml.MoMLSimpleApplication@7d780cf7
reloadAllAccessors: .BusActors

===========================================================================================
----------------- testing Thu Mar 14 18:34:41 UTC 2019 /home/travis/build/icyphy/ptII/ptolemy/actor/lib/test/auto/ClassWrapper.xml
----------------- Instantiating /home/travis/build/icyphy/ptII/ptolemy/actor/lib/test/auto/ClassWrapper.xml
2 ms. Memory: 879104K Free: 688649K (78%)
----------------- Invoking toplevel() on ptolemy.moml.MoMLSimpleApplication@2ad229b2
----------------- Done invoking toplevel() on ptolemy.moml.MoMLSimpleApplication@2ad229b2
reloadAllAccessors: .ClassWrapper

===========================================================================================
----------------- testing Thu Mar 14 18:34:41 UTC 2019 /home/travis/build/icyphy/ptII/ptolemy/actor/lib/test/auto/Clock.xml
----------------- Instantiating /home/travis/build/icyphy/ptII/ptolemy/actor/lib/test/auto/Clock.xml
1 ms. Memory: 879104K Free: 678272K (77%)
----------------- Invoking toplevel() on ptolemy.moml.MoMLSimpleApplication@5cff2084
----------------- Done invoking toplevel() on ptolemy.moml.MoMLSimpleApplication@5cff2084
reloadAllAccessors: .Clock

===========================================================================================
----------------- testing Thu Mar 14 18:34:41 UTC 2019 /home/travis/build/icyphy/ptII/ptolemy/actor/lib/test/auto/Clock10.xml
----------------- Instantiating /home/travis/build/icyphy/ptII/ptolemy/actor/lib/test/auto/Clock10.xml
2 ms. Memory: 879104K Free: 667896K (76%)
----------------- Invoking toplevel() on ptolemy.moml.MoMLSimpleApplication@a1d4081
----------------- Done invoking toplevel() on ptolemy.moml.MoMLSimpleApplication@a1d4081
reloadAllAccessors: .Clock10

===========================================================================================
----------------- testing Thu Mar 14 18:34:41 UTC 2019 /home/travis/build/icyphy/ptII/ptolemy/actor/lib/test/auto/Clock11.xml
----------------- Instantiating /home/travis/build/icyphy/ptII/ptolemy/actor/lib/test/auto/Clock11.xml
2 ms. Memory: 879104K Free: 648067K (74%)
----------------- Invoking toplevel() on ptolemy.moml.MoMLSimpleApplication@1dfb1b9
----------------- Done invoking toplevel() on ptolemy.moml.MoMLSimpleApplication@1dfb1b9
reloadAllAccessors: .Clock11

===========================================================================================
----------------- testing Thu Mar 14 18:34:41 UTC 2019 /home/travis/build/icyphy/ptII/ptolemy/actor/lib/test/auto/Clock12.xml
----------------- Instantiating /home/travis/build/icyphy/ptII/ptolemy/actor/lib/test/auto/Clock12.xml
2 ms. Memory: 879104K Free: 637690K (73%)
----------------- Invoking toplevel() on ptolemy.moml.MoMLSimpleApplication@747852a4
----------------- Done invoking toplevel() on ptolemy.moml.MoMLSimpleApplication@747852a4
reloadAllAccessors: .Clock12

===========================================================================================
----------------- testing Thu Mar 14 18:34:41 UTC 2019 /home/travis/build/icyphy/ptII/ptolemy/actor/lib/test/auto/Clock13.xml
----------------- Instantiating /home/travis/build/icyphy/ptII/ptolemy/actor/lib/test/auto/Clock13.xml
6 ms. Memory: 879104K Free: 627314K (71%)
----------------- Invoking toplevel() on ptolemy.moml.MoMLSimpleApplication@4eafab11
----------------- Done invoking toplevel() on ptolemy.moml.MoMLSimpleApplication@4eafab11
reloadAllAccessors: .Clock13

===========================================================================================
----------------- testing Thu Mar 14 18:34:41 UTC 2019 /home/travis/build/icyphy/ptII/ptolemy/actor/lib/test/auto/Clock14.xml
----------------- Instantiating /home/travis/build/icyphy/ptII/ptolemy/actor/lib/test/auto/Clock14.xml
2 ms. Memory: 879104K Free: 616937K (70%)
----------------- Invoking toplevel() on ptolemy.moml.MoMLSimpleApplication@7ea4a66c
----------------- Done invoking toplevel() on ptolemy.moml.MoMLSimpleApplication@7ea4a66c
reloadAllAccessors: .Clock14

===========================================================================================
----------------- testing Thu Mar 14 18:34:41 UTC 2019 /home/travis/build/icyphy/ptII/ptolemy/actor/lib/test/auto/Clock15.xml
----------------- Instantiating /home/travis/build/icyphy/ptII/ptolemy/actor/lib/test/auto/Clock15.xml
7 ms. Memory: 879104K Free: 597108K (68%)
----------------- Invoking toplevel() on ptolemy.moml.MoMLSimpleApplication@1ff6d9c4
----------------- Done invoking toplevel() on ptolemy.moml.MoMLSimpleApplication@1ff6d9c4
reloadAllAccessors: .Clock15

===========================================================================================
----------------- testing Thu Mar 14 18:34:41 UTC 2019 /home/travis/build/icyphy/ptII/ptolemy/actor/lib/test/auto/Clock16.xml
----------------- Instantiating /home/travis/build/icyphy/ptII/ptolemy/actor/lib/test/auto/Clock16.xml
29 ms. Memory: 879104K Free: 581543K (66%)
----------------- Invoking toplevel() on ptolemy.moml.MoMLSimpleApplication@58b6053a
----------------- Done invoking toplevel() on ptolemy.moml.MoMLSimpleApplication@58b6053a
reloadAllAccessors: .Clock16

===========================================================================================
----------------- testing Thu Mar 14 18:34:41 UTC 2019 /home/travis/build/icyphy/ptII/ptolemy/actor/lib/test/auto/Clock17.xml
----------------- Instantiating /home/travis/build/icyphy/ptII/ptolemy/actor/lib/test/auto/Clock17.xml
26 ms. Memory: 879104K Free: 565962K (64%)
----------------- Invoking toplevel() on ptolemy.moml.MoMLSimpleApplication@64a14dc
----------------- Done invoking toplevel() on ptolemy.moml.MoMLSimpleApplication@64a14dc
reloadAllAccessors: .Clock17

===========================================================================================
----------------- testing Thu Mar 14 18:34:41 UTC 2019 /home/travis/build/icyphy/ptII/ptolemy/actor/lib/test/auto/Clock18.xml
----------------- Instantiating /home/travis/build/icyphy/ptII/ptolemy/actor/lib/test/auto/Clock18.xml
9 ms. Memory: 879104K Free: 550381K (63%)
----------------- Invoking toplevel() on ptolemy.moml.MoMLSimpleApplication@4d2fc382
----------------- Done invoking toplevel() on ptolemy.moml.MoMLSimpleApplication@4d2fc382
reloadAllAccessors: .Clock18

===========================================================================================
----------------- testing Thu Mar 14 18:34:41 UTC 2019 /home/travis/build/icyphy/ptII/ptolemy/actor/lib/test/auto/Clock19.xml
----------------- Instantiating /home/travis/build/icyphy/ptII/ptolemy/actor/lib/test/auto/Clock19.xml
12 ms. Memory: 879104K Free: 534801K (61%)
----------------- Invoking toplevel() on ptolemy.moml.MoMLSimpleApplication@fb8de76
----------------- Done invoking toplevel() on ptolemy.moml.MoMLSimpleApplication@fb8de76
reloadAllAccessors: .Clock19

===========================================================================================
----------------- testing Thu Mar 14 18:34:41 UTC 2019 /home/travis/build/icyphy/ptII/ptolemy/actor/lib/test/auto/Clock2.xml
----------------- Instantiating /home/travis/build/icyphy/ptII/ptolemy/actor/lib/test/auto/Clock2.xml
2 ms. Memory: 879104K Free: 514971K (59%)
----------------- Invoking toplevel() on ptolemy.moml.MoMLSimpleApplication@42919a67
----------------- Done invoking toplevel() on ptolemy.moml.MoMLSimpleApplication@42919a67
reloadAllAccessors: .Clock2

===========================================================================================
----------------- testing Thu Mar 14 18:34:41 UTC 2019 /home/travis/build/icyphy/ptII/ptolemy/actor/lib/test/auto/Clock20.xml
----------------- Instantiating /home/travis/build/icyphy/ptII/ptolemy/actor/lib/test/auto/Clock20.xml
3 ms. Memory: 879104K Free: 504595K (57%)
----------------- Invoking toplevel() on ptolemy.moml.MoMLSimpleApplication@1fa044b2
----------------- Done invoking toplevel() on ptolemy.moml.MoMLSimpleApplication@1fa044b2
reloadAllAccessors: .Clock20

===========================================================================================
----------------- testing Thu Mar 14 18:34:41 UTC 2019 /home/travis/build/icyphy/ptII/ptolemy/actor/lib/test/auto/Clock21.xml
----------------- Instantiating /home/travis/build/icyphy/ptII/ptolemy/actor/lib/test/auto/Clock21.xml
7 ms. Memory: 879104K Free: 494218K (56%)
----------------- Invoking toplevel() on ptolemy.moml.MoMLSimpleApplication@4094bce9
----------------- Done invoking toplevel() on ptolemy.moml.MoMLSimpleApplication@4094bce9
reloadAllAccessors: .Clock21

===========================================================================================
----------------- testing Thu Mar 14 18:34:41 UTC 2019 /home/travis/build/icyphy/ptII/ptolemy/actor/lib/test/auto/Clock22.xml
----------------- Instantiating /home/travis/build/icyphy/ptII/ptolemy/actor/lib/test/auto/Clock22.xml
6 ms. Memory: 879104K Free: 483841K (55%)
----------------- Invoking toplevel() on ptolemy.moml.MoMLSimpleApplication@4d4d5b2f
----------------- Done invoking toplevel() on ptolemy.moml.MoMLSimpleApplication@4d4d5b2f
reloadAllAccessors: .Clock22

===========================================================================================
----------------- testing Thu Mar 14 18:34:41 UTC 2019 /home/travis/build/icyphy/ptII/ptolemy/actor/lib/test/auto/Clock23.xml
----------------- Instantiating /home/travis/build/icyphy/ptII/ptolemy/actor/lib/test/auto/Clock23.xml
6 ms. Memory: 879104K Free: 464012K (53%)
----------------- Invoking toplevel() on ptolemy.moml.MoMLSimpleApplication@30947b39
----------------- Done invoking toplevel() on ptolemy.moml.MoMLSimpleApplication@30947b39
reloadAllAccessors: .Clock23

===========================================================================================
----------------- testing Thu Mar 14 18:34:41 UTC 2019 /home/travis/build/icyphy/ptII/ptolemy/actor/lib/test/auto/Clock24.xml
----------------- Instantiating /home/travis/build/icyphy/ptII/ptolemy/actor/lib/test/auto/Clock24.xml
6 ms. Memory: 879104K Free: 453636K (52%)
----------------- Invoking toplevel() on ptolemy.moml.MoMLSimpleApplication@58644cc1
----------------- Done invoking toplevel() on ptolemy.moml.MoMLSimpleApplication@58644cc1
reloadAllAccessors: .Clock24

===========================================================================================
----------------- testing Thu Mar 14 18:34:41 UTC 2019 /home/travis/build/icyphy/ptII/ptolemy/actor/lib/test/auto/Clock4.xml
----------------- Instantiating /home/travis/build/icyphy/ptII/ptolemy/actor/lib/test/auto/Clock4.xml
6 ms. Memory: 879104K Free: 443259K (50%)
----------------- Invoking toplevel() on ptolemy.moml.MoMLSimpleApplication@4132b052
----------------- Done invoking toplevel() on ptolemy.moml.MoMLSimpleApplication@4132b052
reloadAllAccessors: .Clock4

===========================================================================================
----------------- testing Thu Mar 14 18:34:41 UTC 2019 /home/travis/build/icyphy/ptII/ptolemy/actor/lib/test/auto/Clock5.xml
----------------- Instantiating /home/travis/build/icyphy/ptII/ptolemy/actor/lib/test/auto/Clock5.xml
1 ms. Memory: 879104K Free: 432882K (49%)
----------------- Invoking toplevel() on ptolemy.moml.MoMLSimpleApplication@262bf7cf
----------------- Done invoking toplevel() on ptolemy.moml.MoMLSimpleApplication@262bf7cf
reloadAllAccessors: .Clock5

===========================================================================================
----------------- testing Thu Mar 14 18:34:41 UTC 2019 /home/travis/build/icyphy/ptII/ptolemy/actor/lib/test/auto/Clock6.xml
----------------- Instantiating /home/travis/build/icyphy/ptII/ptolemy/actor/lib/test/auto/Clock6.xml
2 ms. Memory: 879104K Free: 413054K (47%)
----------------- Invoking toplevel() on ptolemy.moml.MoMLSimpleApplication@a2f10ed
----------------- Done invoking toplevel() on ptolemy.moml.MoMLSimpleApplication@a2f10ed
reloadAllAccessors: .Clock6

===========================================================================================
----------------- testing Thu Mar 14 18:34:41 UTC 2019 /home/travis/build/icyphy/ptII/ptolemy/actor/lib/test/auto/Clock7.xml
----------------- Instantiating /home/travis/build/icyphy/ptII/ptolemy/actor/lib/test/auto/Clock7.xml
2 ms. Memory: 879104K Free: 402677K (46%)
----------------- Invoking toplevel() on ptolemy.moml.MoMLSimpleApplication@58967bda
----------------- Done invoking toplevel() on ptolemy.moml.MoMLSimpleApplication@58967bda
reloadAllAccessors: .Clock7

===========================================================================================
----------------- testing Thu Mar 14 18:34:41 UTC 2019 /home/travis/build/icyphy/ptII/ptolemy/actor/lib/test/auto/Clock8.xml
----------------- Instantiating /home/travis/build/icyphy/ptII/ptolemy/actor/lib/test/auto/Clock8.xml
7 ms. Memory: 879104K Free: 392300K (45%)
----------------- Invoking toplevel() on ptolemy.moml.MoMLSimpleApplication@7683ec0e
----------------- Done invoking toplevel() on ptolemy.moml.MoMLSimpleApplication@7683ec0e
reloadAllAccessors: .Clock8

===========================================================================================
----------------- testing Thu Mar 14 18:34:41 UTC 2019 /home/travis/build/icyphy/ptII/ptolemy/actor/lib/test/auto/Clock9.xml
----------------- Instantiating /home/travis/build/icyphy/ptII/ptolemy/actor/lib/test/auto/Clock9.xml
6 ms. Memory: 879104K Free: 381924K (43%)
----------------- Invoking toplevel() on ptolemy.moml.MoMLSimpleApplication@38c6c257
----------------- Done invoking toplevel() on ptolemy.moml.MoMLSimpleApplication@38c6c257
reloadAllAccessors: .Clock9

===========================================================================================
----------------- testing Thu Mar 14 18:34:41 UTC 2019 /home/travis/build/icyphy/ptII/ptolemy/actor/lib/test/auto/CommDistDiscard.xml
----------------- Instantiating /home/travis/build/icyphy/ptII/ptolemy/actor/lib/test/auto/CommDistDiscard.xml
2 ms. Memory: 879104K Free: 362095K (41%)
----------------- Invoking toplevel() on ptolemy.moml.MoMLSimpleApplication@18842e5a
----------------- Done invoking toplevel() on ptolemy.moml.MoMLSimpleApplication@18842e5a
reloadAllAccessors: .CommDistDiscard

===========================================================================================
----------------- testing Thu Mar 14 18:34:41 UTC 2019 /home/travis/build/icyphy/ptII/ptolemy/actor/lib/test/auto/Commutator.xml
----------------- Instantiating /home/travis/build/icyphy/ptII/ptolemy/actor/lib/test/auto/Commutator.xml
1 ms. Memory: 879104K Free: 351718K (40%)
----------------- Invoking toplevel() on ptolemy.moml.MoMLSimpleApplication@406aa76e
----------------- Done invoking toplevel() on ptolemy.moml.MoMLSimpleApplication@406aa76e
reloadAllAccessors: .Commutator

===========================================================================================
----------------- testing Thu Mar 14 18:34:41 UTC 2019 /home/travis/build/icyphy/ptII/ptolemy/actor/lib/test/auto/Commutator2.xml
----------------- Instantiating /home/travis/build/icyphy/ptII/ptolemy/actor/lib/test/auto/Commutator2.xml
1 ms. Memory: 879104K Free: 341342K (39%)
----------------- Invoking toplevel() on ptolemy.moml.MoMLSimpleApplication@78198baa
----------------- Done invoking toplevel() on ptolemy.moml.MoMLSimpleApplication@78198baa
reloadAllAccessors: .Commutator2

===========================================================================================
----------------- testing Thu Mar 14 18:34:41 UTC 2019 /home/travis/build/icyphy/ptII/ptolemy/actor/lib/test/auto/Commutator3.xml
----------------- Instantiating /home/travis/build/icyphy/ptII/ptolemy/actor/lib/test/auto/Commutator3.xml
2 ms. Memory: 879104K Free: 330965K (38%)
----------------- Invoking toplevel() on ptolemy.moml.MoMLSimpleApplication@ed24004
----------------- Done invoking toplevel() on ptolemy.moml.MoMLSimpleApplication@ed24004
reloadAllAccessors: .Commutator3

===========================================================================================
----------------- testing Thu Mar 14 18:34:41 UTC 2019 /home/travis/build/icyphy/ptII/ptolemy/actor/lib/test/auto/Compare.xml
----------------- Instantiating /home/travis/build/icyphy/ptII/ptolemy/actor/lib/test/auto/Compare.xml
2 ms. Memory: 879104K Free: 311136K (35%)
----------------- Invoking toplevel() on ptolemy.moml.MoMLSimpleApplication@5f971e84
----------------- Done invoking toplevel() on ptolemy.moml.MoMLSimpleApplication@5f971e84
reloadAllAccessors: .Compare

===========================================================================================
----------------- testing Thu Mar 14 18:34:42 UTC 2019 /home/travis/build/icyphy/ptII/ptolemy/actor/lib/test/auto/CompareDE.xml
----------------- Instantiating /home/travis/build/icyphy/ptII/ptolemy/actor/lib/test/auto/CompareDE.xml
3 ms. Memory: 879104K Free: 300759K (34%)
----------------- Invoking toplevel() on ptolemy.moml.MoMLSimpleApplication@5eeb9cd3
----------------- Done invoking toplevel() on ptolemy.moml.MoMLSimpleApplication@5eeb9cd3
reloadAllAccessors: .CompareDE

===========================================================================================
----------------- testing Thu Mar 14 18:34:42 UTC 2019 /home/travis/build/icyphy/ptII/ptolemy/actor/lib/test/auto/ComplexDivide.xml
----------------- Instantiating /home/travis/build/icyphy/ptII/ptolemy/actor/lib/test/auto/ComplexDivide.xml
1 ms. Memory: 879104K Free: 290383K (33%)
----------------- Invoking toplevel() on ptolemy.moml.MoMLSimpleApplication@6fd56e48
----------------- Done invoking toplevel() on ptolemy.moml.MoMLSimpleApplication@6fd56e48
reloadAllAccessors: .ComplexDivide

===========================================================================================
----------------- testing Thu Mar 14 18:34:42 UTC 2019 /home/travis/build/icyphy/ptII/ptolemy/actor/lib/test/auto/ComputeHistogram.xml
----------------- Instantiating /home/travis/build/icyphy/ptII/ptolemy/actor/lib/test/auto/ComputeHistogram.xml
35 ms. Memory: 879104K Free: 274802K (31%)
----------------- Invoking toplevel() on ptolemy.moml.MoMLSimpleApplication@596c6121
----------------- Done invoking toplevel() on ptolemy.moml.MoMLSimpleApplication@596c6121
reloadAllAccessors: .ComputeHistogram

===========================================================================================
----------------- testing Thu Mar 14 18:34:42 UTC 2019 /home/travis/build/icyphy/ptII/ptolemy/actor/lib/test/auto/ConfigurationSelect.xml
----------------- Instantiating /home/travis/build/icyphy/ptII/ptolemy/actor/lib/test/auto/ConfigurationSelect.xml
7 ms. Memory: 879104K Free: 264425K (30%)
----------------- Invoking toplevel() on ptolemy.moml.MoMLSimpleApplication@3fea9d94
----------------- Done invoking toplevel() on ptolemy.moml.MoMLSimpleApplication@3fea9d94
reloadAllAccessors: .ConfigurationSelect

===========================================================================================
----------------- testing Thu Mar 14 18:34:42 UTC 2019 /home/travis/build/icyphy/ptII/ptolemy/actor/lib/test/auto/ConfigurationSelect2.xml
----------------- Instantiating /home/travis/build/icyphy/ptII/ptolemy/actor/lib/test/auto/ConfigurationSelect2.xml
2 ms. Memory: 879104K Free: 244596K (28%)
----------------- Invoking toplevel() on ptolemy.moml.MoMLSimpleApplication@5ad05235
----------------- Done invoking toplevel() on ptolemy.moml.MoMLSimpleApplication@5ad05235
reloadAllAccessors: .ConfigurationSelect2

===========================================================================================
----------------- testing Thu Mar 14 18:34:42 UTC 2019 /home/travis/build/icyphy/ptII/ptolemy/actor/lib/test/auto/ConfigurationSwitch.xml
----------------- Instantiating /home/travis/build/icyphy/ptII/ptolemy/actor/lib/test/auto/ConfigurationSwitch.xml
2 ms. Memory: 879104K Free: 234220K (27%)
----------------- Invoking toplevel() on ptolemy.moml.MoMLSimpleApplication@1889c785
----------------- Done invoking toplevel() on ptolemy.moml.MoMLSimpleApplication@1889c785
reloadAllAccessors: .ConfigurationSwitch

===========================================================================================
----------------- testing Thu Mar 14 18:34:42 UTC 2019 /home/travis/build/icyphy/ptII/ptolemy/actor/lib/test/auto/ConfigurationSwitch2.xml
----------------- Instantiating /home/travis/build/icyphy/ptII/ptolemy/actor/lib/test/auto/ConfigurationSwitch2.xml
4 ms. Memory: 879104K Free: 223843K (25%)
----------------- Invoking toplevel() on ptolemy.moml.MoMLSimpleApplication@630f0e4
----------------- Done invoking toplevel() on ptolemy.moml.MoMLSimpleApplication@630f0e4
reloadAllAccessors: .ConfigurationSwitch2

===========================================================================================
----------------- testing Thu Mar 14 18:34:42 UTC 2019 /home/travis/build/icyphy/ptII/ptolemy/actor/lib/test/auto/ConfigurationSwitchCloningBugWithClassRelationGroup.xml
----------------- Instantiating /home/travis/build/icyphy/ptII/ptolemy/actor/lib/test/auto/ConfigurationSwitchCloningBugWithClassRelationGroup.xml
1 ms. Memory: 879104K Free: 213467K (24%)
----------------- Invoking toplevel() on ptolemy.moml.MoMLSimpleApplication@6d67e96f
----------------- Done invoking toplevel() on ptolemy.moml.MoMLSimpleApplication@6d67e96f
reloadAllAccessors: .ConfigurationSwitchCloningBugWithClassRelationGroup

===========================================================================================
----------------- testing Thu Mar 14 18:34:42 UTC 2019 /home/travis/build/icyphy/ptII/ptolemy/actor/lib/test/auto/ConfigurationSwitchSelectSDF.xml
----------------- Instantiating /home/travis/build/icyphy/ptII/ptolemy/actor/lib/test/auto/ConfigurationSwitchSelectSDF.xml
3 ms. Memory: 879104K Free: 193638K (22%)
----------------- Invoking toplevel() on ptolemy.moml.MoMLSimpleApplication@5858b3b5
----------------- Done invoking toplevel() on ptolemy.moml.MoMLSimpleApplication@5858b3b5
reloadAllAccessors: .ConfigurationSwitchSelectSDF

===========================================================================================
----------------- testing Thu Mar 14 18:34:42 UTC 2019 /home/travis/build/icyphy/ptII/ptolemy/actor/lib/test/auto/ConfigurationSwitchSelectSDF2.xml
----------------- Instantiating /home/travis/build/icyphy/ptII/ptolemy/actor/lib/test/auto/ConfigurationSwitchSelectSDF2.xml
3 ms. Memory: 879104K Free: 183261K (21%)
----------------- Invoking toplevel() on ptolemy.moml.MoMLSimpleApplication@3b09b395
----------------- Done invoking toplevel() on ptolemy.moml.MoMLSimpleApplication@3b09b395
reloadAllAccessors: .ConfigurationSwitchSelectSDF2

===========================================================================================
----------------- testing Thu Mar 14 18:34:42 UTC 2019 /home/travis/build/icyphy/ptII/ptolemy/actor/lib/test/auto/Const.xml
----------------- Instantiating /home/travis/build/icyphy/ptII/ptolemy/actor/lib/test/auto/Const.xml
1 ms. Memory: 879104K Free: 172885K (20%)
----------------- Invoking toplevel() on ptolemy.moml.MoMLSimpleApplication@14a47822
----------------- Done invoking toplevel() on ptolemy.moml.MoMLSimpleApplication@14a47822
reloadAllAccessors: .Const

===========================================================================================
----------------- testing Thu Mar 14 18:34:42 UTC 2019 /home/travis/build/icyphy/ptII/ptolemy/actor/lib/test/auto/Const2.xml
----------------- Instantiating /home/travis/build/icyphy/ptII/ptolemy/actor/lib/test/auto/Const2.xml
2 ms. Memory: 879104K Free: 162508K (18%)
----------------- Invoking toplevel() on ptolemy.moml.MoMLSimpleApplication@5b8844a7
----------------- Done invoking toplevel() on ptolemy.moml.MoMLSimpleApplication@5b8844a7
reloadAllAccessors: .Const2

===========================================================================================
----------------- testing Thu Mar 14 18:34:42 UTC 2019 /home/travis/build/icyphy/ptII/ptolemy/actor/lib/test/auto/Const3.xml
----------------- Instantiating /home/travis/build/icyphy/ptII/ptolemy/actor/lib/test/auto/Const3.xml
2 ms. Memory: 879104K Free: 142679K (16%)
----------------- Invoking toplevel() on ptolemy.moml.MoMLSimpleApplication@18a66f1e
----------------- Done invoking toplevel() on ptolemy.moml.MoMLSimpleApplication@18a66f1e
reloadAllAccessors: .Const3

===========================================================================================
----------------- testing Thu Mar 14 18:34:42 UTC 2019 /home/travis/build/icyphy/ptII/ptolemy/actor/lib/test/auto/ConstantPublisherPort1.xml
----------------- Instantiating /home/travis/build/icyphy/ptII/ptolemy/actor/lib/test/auto/ConstantPublisherPort1.xml
10 ms. Memory: 879104K Free: 127114K (14%)
----------------- Invoking toplevel() on ptolemy.moml.MoMLSimpleApplication@31940545
----------------- Done invoking toplevel() on ptolemy.moml.MoMLSimpleApplication@31940545
reloadAllAccessors: .ConstantPublisherPort1

===========================================================================================
----------------- testing Thu Mar 14 18:34:42 UTC 2019 /home/travis/build/icyphy/ptII/ptolemy/actor/lib/test/auto/ConstantPublisherPort2.xml
----------------- Instantiating /home/travis/build/icyphy/ptII/ptolemy/actor/lib/test/auto/ConstantPublisherPort2.xml
8 ms. Memory: 879104K Free: 116738K (13%)
----------------- Invoking toplevel() on ptolemy.moml.MoMLSimpleApplication@5c31d56a
----------------- Done invoking toplevel() on ptolemy.moml.MoMLSimpleApplication@5c31d56a
reloadAllAccessors: .ConstantPublisherPort2

===========================================================================================
----------------- testing Thu Mar 14 18:34:42 UTC 2019 /home/travis/build/icyphy/ptII/ptolemy/actor/lib/test/auto/ConstantPublisherPort3.xml
----------------- Instantiating /home/travis/build/icyphy/ptII/ptolemy/actor/lib/test/auto/ConstantPublisherPort3.xml
6 ms. Memory: 879104K Free: 106361K (12%)
----------------- Invoking toplevel() on ptolemy.moml.MoMLSimpleApplication@371f338a
----------------- Done invoking toplevel() on ptolemy.moml.MoMLSimpleApplication@371f338a
reloadAllAccessors: .ConstantPublisherPort3

===========================================================================================
----------------- testing Thu Mar 14 18:34:42 UTC 2019 /home/travis/build/icyphy/ptII/ptolemy/actor/lib/test/auto/ConstantPublisherPort4.xml
----------------- Instantiating /home/travis/build/icyphy/ptII/ptolemy/actor/lib/test/auto/ConstantPublisherPort4.xml
3 ms. Memory: 879104K Free: 86532K (10%)
----------------- Invoking toplevel() on ptolemy.moml.MoMLSimpleApplication@3277959f
----------------- Done invoking toplevel() on ptolemy.moml.MoMLSimpleApplication@3277959f
reloadAllAccessors: .ConstantPublisherPort4

===========================================================================================
----------------- testing Thu Mar 14 18:34:42 UTC 2019 /home/travis/build/icyphy/ptII/ptolemy/actor/lib/test/auto/ConstantPublisherPort5.xml
----------------- Instantiating /home/travis/build/icyphy/ptII/ptolemy/actor/lib/test/auto/ConstantPublisherPort5.xml
33 ms. Memory: 879104K Free: 60956K (7%)
----------------- Invoking toplevel() on ptolemy.moml.MoMLSimpleApplication@2b4752cf
----------------- Done invoking toplevel() on ptolemy.moml.MoMLSimpleApplication@2b4752cf
reloadAllAccessors: .ConstantPublisherPort5

===========================================================================================
----------------- testing Thu Mar 14 18:34:42 UTC 2019 /home/travis/build/icyphy/ptII/ptolemy/actor/lib/test/auto/ConstantPublisherPort6.xml
----------------- Instantiating /home/travis/build/icyphy/ptII/ptolemy/actor/lib/test/auto/ConstantPublisherPort6.xml
11 ms. Memory: 879616K Free: 803009K (91%)
----------------- Invoking toplevel() on ptolemy.moml.MoMLSimpleApplication@1c4c2752
----------------- Done invoking toplevel() on ptolemy.moml.MoMLSimpleApplication@1c4c2752
reloadAllAccessors: .ConstantPublisherPort6

===========================================================================================
----------------- testing Thu Mar 14 18:34:42 UTC 2019 /home/travis/build/icyphy/ptII/ptolemy/actor/lib/test/auto/ConstantPublisherPort7.xml
----------------- Instantiating /home/travis/build/icyphy/ptII/ptolemy/actor/lib/test/auto/ConstantPublisherPort7.xml
14 ms. Memory: 879616K Free: 756880K (86%)
----------------- Invoking toplevel() on ptolemy.moml.MoMLSimpleApplication@5e92a865
----------------- Done invoking toplevel() on ptolemy.moml.MoMLSimpleApplication@5e92a865
reloadAllAccessors: .ConstantPublisherPort7

===========================================================================================
----------------- testing Thu Mar 14 18:34:42 UTC 2019 /home/travis/build/icyphy/ptII/ptolemy/actor/lib/test/auto/ConstraintMonitor1.xml
----------------- Instantiating /home/travis/build/icyphy/ptII/ptolemy/actor/lib/test/auto/ConstraintMonitor1.xml
6 ms. Memory: 879616K Free: 741315K (84%)
----------------- Invoking toplevel() on ptolemy.moml.MoMLSimpleApplication@3629d2ca
----------------- Done invoking toplevel() on ptolemy.moml.MoMLSimpleApplication@3629d2ca
reloadAllAccessors: .ConstraintMonitor1

===========================================================================================
----------------- testing Thu Mar 14 18:34:42 UTC 2019 /home/travis/build/icyphy/ptII/ptolemy/actor/lib/test/auto/ConstraintMonitor2.xml
----------------- Instantiating /home/travis/build/icyphy/ptII/ptolemy/actor/lib/test/auto/ConstraintMonitor2.xml
4 ms. Memory: 879616K Free: 725750K (83%)
----------------- Invoking toplevel() on ptolemy.moml.MoMLSimpleApplication@2d4e02a9
----------------- Done invoking toplevel() on ptolemy.moml.MoMLSimpleApplication@2d4e02a9
reloadAllAccessors: .ConstraintMonitor2

===========================================================================================
----------------- testing Thu Mar 14 18:34:42 UTC 2019 /home/travis/build/icyphy/ptII/ptolemy/actor/lib/test/auto/ConstraintMonitor3.xml
----------------- Instantiating /home/travis/build/icyphy/ptII/ptolemy/actor/lib/test/auto/ConstraintMonitor3.xml
5 ms. Memory: 879616K Free: 703131K (80%)
----------------- Invoking toplevel() on ptolemy.moml.MoMLSimpleApplication@56106306
----------------- Done invoking toplevel() on ptolemy.moml.MoMLSimpleApplication@56106306
reloadAllAccessors: .ConstraintMonitor3

===========================================================================================
----------------- testing Thu Mar 14 18:34:42 UTC 2019 /home/travis/build/icyphy/ptII/ptolemy/actor/lib/test/auto/ConstraintMonitor4.xml
----------------- Instantiating /home/travis/build/icyphy/ptII/ptolemy/actor/lib/test/auto/ConstraintMonitor4.xml
2 ms. Memory: 879616K Free: 687566K (78%)
----------------- Invoking toplevel() on ptolemy.moml.MoMLSimpleApplication@7dce0f3c
----------------- Done invoking toplevel() on ptolemy.moml.MoMLSimpleApplication@7dce0f3c
reloadAllAccessors: .ConstraintMonitor4

===========================================================================================
----------------- testing Thu Mar 14 18:34:42 UTC 2019 /home/travis/build/icyphy/ptII/ptolemy/actor/lib/test/auto/ConstraintMonitor5.xml
----------------- Instantiating /home/travis/build/icyphy/ptII/ptolemy/actor/lib/test/auto/ConstraintMonitor5.xml
1 ms. Memory: 879616K Free: 672001K (76%)
----------------- Invoking toplevel() on ptolemy.moml.MoMLSimpleApplication@2acdd1d
----------------- Done invoking toplevel() on ptolemy.moml.MoMLSimpleApplication@2acdd1d
reloadAllAccessors: .ConstraintMonitor5

===========================================================================================
----------------- testing Thu Mar 14 18:34:42 UTC 2019 /home/travis/build/icyphy/ptII/ptolemy/actor/lib/test/auto/ConstraintMonitor6.xml
----------------- Instantiating /home/travis/build/icyphy/ptII/ptolemy/actor/lib/test/auto/ConstraintMonitor6.xml
4 ms. Memory: 879616K Free: 649381K (74%)
----------------- Invoking toplevel() on ptolemy.moml.MoMLSimpleApplication@223468d0
----------------- Done invoking toplevel() on ptolemy.moml.MoMLSimpleApplication@223468d0
reloadAllAccessors: .ConstraintMonitor6

===========================================================================================
----------------- testing Thu Mar 14 18:34:42 UTC 2019 /home/travis/build/icyphy/ptII/ptolemy/actor/lib/test/auto/ConstraintMonitor7.xml
----------------- Instantiating /home/travis/build/icyphy/ptII/ptolemy/actor/lib/test/auto/ConstraintMonitor7.xml
4 ms. Memory: 879616K Free: 633816K (72%)
----------------- Invoking toplevel() on ptolemy.moml.MoMLSimpleApplication@b0f9fe9
----------------- Done invoking toplevel() on ptolemy.moml.MoMLSimpleApplication@b0f9fe9
reloadAllAccessors: .ConstraintMonitor7

===========================================================================================
----------------- testing Thu Mar 14 18:34:42 UTC 2019 /home/travis/build/icyphy/ptII/ptolemy/actor/lib/test/auto/ConstraintMonitor8.xml
----------------- Instantiating /home/travis/build/icyphy/ptII/ptolemy/actor/lib/test/auto/ConstraintMonitor8.xml
7 ms. Memory: 879616K Free: 618252K (70%)
----------------- Invoking toplevel() on ptolemy.moml.MoMLSimpleApplication@17518e61
----------------- Done invoking toplevel() on ptolemy.moml.MoMLSimpleApplication@17518e61
reloadAllAccessors: .ConstraintMonitor8

===========================================================================================
----------------- testing Thu Mar 14 18:34:42 UTC 2019 /home/travis/build/icyphy/ptII/ptolemy/actor/lib/test/auto/Counter.xml
----------------- Instantiating /home/travis/build/icyphy/ptII/ptolemy/actor/lib/test/auto/Counter.xml
1 ms. Memory: 879616K Free: 595632K (68%)
----------------- Invoking toplevel() on ptolemy.moml.MoMLSimpleApplication@4f7a63d7
----------------- Done invoking toplevel() on ptolemy.moml.MoMLSimpleApplication@4f7a63d7
reloadAllAccessors: .Counter

===========================================================================================
----------------- testing Thu Mar 14 18:34:42 UTC 2019 /home/travis/build/icyphy/ptII/ptolemy/actor/lib/test/auto/CurrentTimeSDF.xml
----------------- Instantiating /home/travis/build/icyphy/ptII/ptolemy/actor/lib/test/auto/CurrentTimeSDF.xml
1 ms. Memory: 879616K Free: 580067K (66%)
----------------- Invoking toplevel() on ptolemy.moml.MoMLSimpleApplication@7e86c0e0
----------------- Done invoking toplevel() on ptolemy.moml.MoMLSimpleApplication@7e86c0e0
reloadAllAccessors: .CurrentTimeSDF

===========================================================================================
----------------- testing Thu Mar 14 18:34:42 UTC 2019 /home/travis/build/icyphy/ptII/ptolemy/actor/lib/test/auto/DB.xml
----------------- Instantiating /home/travis/build/icyphy/ptII/ptolemy/actor/lib/test/auto/DB.xml
2 ms. Memory: 879616K Free: 564502K (64%)
----------------- Invoking toplevel() on ptolemy.moml.MoMLSimpleApplication@14eba28b
----------------- Done invoking toplevel() on ptolemy.moml.MoMLSimpleApplication@14eba28b
reloadAllAccessors: .DB

===========================================================================================
----------------- testing Thu Mar 14 18:34:42 UTC 2019 /home/travis/build/icyphy/ptII/ptolemy/actor/lib/test/auto/DBDE.xml
----------------- Instantiating /home/travis/build/icyphy/ptII/ptolemy/actor/lib/test/auto/DBDE.xml
2 ms. Memory: 879616K Free: 541882K (62%)
----------------- Invoking toplevel() on ptolemy.moml.MoMLSimpleApplication@631b5db2
----------------- Done invoking toplevel() on ptolemy.moml.MoMLSimpleApplication@631b5db2
reloadAllAccessors: .DBDE

===========================================================================================
----------------- testing Thu Mar 14 18:34:42 UTC 2019 /home/travis/build/icyphy/ptII/ptolemy/actor/lib/test/auto/DateConstructor.xml
----------------- Instantiating /home/travis/build/icyphy/ptII/ptolemy/actor/lib/test/auto/DateConstructor.xml
12 ms. Memory: 879616K Free: 510737K (58%)
----------------- Invoking toplevel() on ptolemy.moml.MoMLSimpleApplication@34029668
----------------- Done invoking toplevel() on ptolemy.moml.MoMLSimpleApplication@34029668
reloadAllAccessors: .DateConstructor

===========================================================================================
----------------- testing Thu Mar 14 18:34:42 UTC 2019 /home/travis/build/icyphy/ptII/ptolemy/actor/lib/test/auto/DelayTime.xml
----------------- Instantiating /home/travis/build/icyphy/ptII/ptolemy/actor/lib/test/auto/DelayTime.xml
2 ms. Memory: 879616K Free: 495172K (56%)
----------------- Invoking toplevel() on ptolemy.moml.MoMLSimpleApplication@65da59f6
----------------- Done invoking toplevel() on ptolemy.moml.MoMLSimpleApplication@65da59f6
reloadAllAccessors: .DelayTime

===========================================================================================
----------------- testing Thu Mar 14 18:34:42 UTC 2019 /home/travis/build/icyphy/ptII/ptolemy/actor/lib/test/auto/Dictionary1.xml
----------------- Instantiating /home/travis/build/icyphy/ptII/ptolemy/actor/lib/test/auto/Dictionary1.xml
2 ms. Memory: 879616K Free: 472552K (54%)
----------------- Invoking toplevel() on ptolemy.moml.MoMLSimpleApplication@77887cba
----------------- Done invoking toplevel() on ptolemy.moml.MoMLSimpleApplication@77887cba
reloadAllAccessors: .Dictionary1

===========================================================================================
----------------- testing Thu Mar 14 18:34:42 UTC 2019 /home/travis/build/icyphy/ptII/ptolemy/actor/lib/test/auto/Dictionary2.xml
----------------- Instantiating /home/travis/build/icyphy/ptII/ptolemy/actor/lib/test/auto/Dictionary2.xml
2 ms. Memory: 879616K Free: 456987K (52%)
----------------- Invoking toplevel() on ptolemy.moml.MoMLSimpleApplication@64e7ed88
----------------- Done invoking toplevel() on ptolemy.moml.MoMLSimpleApplication@64e7ed88
reloadAllAccessors: .Dictionary2

===========================================================================================
----------------- testing Thu Mar 14 18:34:43 UTC 2019 /home/travis/build/icyphy/ptII/ptolemy/actor/lib/test/auto/Dictionary3.xml
----------------- Instantiating /home/travis/build/icyphy/ptII/ptolemy/actor/lib/test/auto/Dictionary3.xml
2 ms. Memory: 879616K Free: 441422K (50%)
----------------- Invoking toplevel() on ptolemy.moml.MoMLSimpleApplication@3fd2baca
----------------- Done invoking toplevel() on ptolemy.moml.MoMLSimpleApplication@3fd2baca
reloadAllAccessors: .Dictionary3

===========================================================================================
----------------- testing Thu Mar 14 18:34:43 UTC 2019 /home/travis/build/icyphy/ptII/ptolemy/actor/lib/test/auto/Dictionary4.xml
----------------- Instantiating /home/travis/build/icyphy/ptII/ptolemy/actor/lib/test/auto/Dictionary4.xml
3 ms. Memory: 879616K Free: 418802K (48%)
----------------- Invoking toplevel() on ptolemy.moml.MoMLSimpleApplication@f0b70d1
----------------- Done invoking toplevel() on ptolemy.moml.MoMLSimpleApplication@f0b70d1
reloadAllAccessors: .Dictionary4

===========================================================================================
----------------- testing Thu Mar 14 18:34:43 UTC 2019 /home/travis/build/icyphy/ptII/ptolemy/actor/lib/test/auto/Differential.xml
----------------- Instantiating /home/travis/build/icyphy/ptII/ptolemy/actor/lib/test/auto/Differential.xml
2 ms. Memory: 879616K Free: 403237K (46%)
----------------- Invoking toplevel() on ptolemy.moml.MoMLSimpleApplication@3ceca628
----------------- Done invoking toplevel() on ptolemy.moml.MoMLSimpleApplication@3ceca628
reloadAllAccessors: .Differential

===========================================================================================
----------------- testing Thu Mar 14 18:34:43 UTC 2019 /home/travis/build/icyphy/ptII/ptolemy/actor/lib/test/auto/Director.xml
----------------- Instantiating /home/travis/build/icyphy/ptII/ptolemy/actor/lib/test/auto/Director.xml
2 ms. Memory: 879616K Free: 387673K (44%)
----------------- Invoking toplevel() on ptolemy.moml.MoMLSimpleApplication@7ac8f36c
----------------- Done invoking toplevel() on ptolemy.moml.MoMLSimpleApplication@7ac8f36c
reloadAllAccessors: .Director

===========================================================================================
----------------- testing Thu Mar 14 18:34:43 UTC 2019 /home/travis/build/icyphy/ptII/ptolemy/actor/lib/test/auto/DiscreteClock.xml
----------------- Instantiating /home/travis/build/icyphy/ptII/ptolemy/actor/lib/test/auto/DiscreteClock.xml
1 ms. Memory: 879616K Free: 365052K (42%)
----------------- Invoking toplevel() on ptolemy.moml.MoMLSimpleApplication@5594952e
----------------- Done invoking toplevel() on ptolemy.moml.MoMLSimpleApplication@5594952e
reloadAllAccessors: .DiscreteClock

===========================================================================================
----------------- testing Thu Mar 14 18:34:43 UTC 2019 /home/travis/build/icyphy/ptII/ptolemy/actor/lib/test/auto/DiscreteClock10.xml
----------------- Instantiating /home/travis/build/icyphy/ptII/ptolemy/actor/lib/test/auto/DiscreteClock10.xml
3 ms. Memory: 879616K Free: 349488K (40%)
----------------- Invoking toplevel() on ptolemy.moml.MoMLSimpleApplication@32d2ba4a
----------------- Done invoking toplevel() on ptolemy.moml.MoMLSimpleApplication@32d2ba4a
reloadAllAccessors: .DiscreteClock10

===========================================================================================
----------------- testing Thu Mar 14 18:34:43 UTC 2019 /home/travis/build/icyphy/ptII/ptolemy/actor/lib/test/auto/DiscreteClock11.xml
----------------- Instantiating /home/travis/build/icyphy/ptII/ptolemy/actor/lib/test/auto/DiscreteClock11.xml
2 ms. Memory: 879616K Free: 333923K (38%)
----------------- Invoking toplevel() on ptolemy.moml.MoMLSimpleApplication@15b42a12
----------------- Done invoking toplevel() on ptolemy.moml.MoMLSimpleApplication@15b42a12
reloadAllAccessors: .DiscreteClock11

===========================================================================================
----------------- testing Thu Mar 14 18:34:43 UTC 2019 /home/travis/build/icyphy/ptII/ptolemy/actor/lib/test/auto/DiscreteClock12.xml
----------------- Instantiating /home/travis/build/icyphy/ptII/ptolemy/actor/lib/test/auto/DiscreteClock12.xml
2 ms. Memory: 879616K Free: 311303K (35%)
----------------- Invoking toplevel() on ptolemy.moml.MoMLSimpleApplication@113ef000
----------------- Done invoking toplevel() on ptolemy.moml.MoMLSimpleApplication@113ef000
reloadAllAccessors: .DiscreteClock12

===========================================================================================
----------------- testing Thu Mar 14 18:34:43 UTC 2019 /home/travis/build/icyphy/ptII/ptolemy/actor/lib/test/auto/DiscreteClock13.xml
----------------- Instantiating /home/travis/build/icyphy/ptII/ptolemy/actor/lib/test/auto/DiscreteClock13.xml
2 ms. Memory: 879616K Free: 295738K (34%)
----------------- Invoking toplevel() on ptolemy.moml.MoMLSimpleApplication@5b47dd0f
----------------- Done invoking toplevel() on ptolemy.moml.MoMLSimpleApplication@5b47dd0f
reloadAllAccessors: .DiscreteClock13

===========================================================================================
----------------- testing Thu Mar 14 18:34:43 UTC 2019 /home/travis/build/icyphy/ptII/ptolemy/actor/lib/test/auto/DiscreteClock14.xml
----------------- Instantiating /home/travis/build/icyphy/ptII/ptolemy/actor/lib/test/auto/DiscreteClock14.xml
2 ms. Memory: 879616K Free: 280173K (32%)
----------------- Invoking toplevel() on ptolemy.moml.MoMLSimpleApplication@37ed0d8c
----------------- Done invoking toplevel() on ptolemy.moml.MoMLSimpleApplication@37ed0d8c
reloadAllAccessors: .DiscreteClock14

===========================================================================================
----------------- testing Thu Mar 14 18:34:43 UTC 2019 /home/travis/build/icyphy/ptII/ptolemy/actor/lib/test/auto/DiscreteClock15.xml
----------------- Instantiating /home/travis/build/icyphy/ptII/ptolemy/actor/lib/test/auto/DiscreteClock15.xml
2 ms. Memory: 879616K Free: 257553K (29%)
----------------- Invoking toplevel() on ptolemy.moml.MoMLSimpleApplication@7d600fcc
----------------- Done invoking toplevel() on ptolemy.moml.MoMLSimpleApplication@7d600fcc
reloadAllAccessors: .DiscreteClock15

===========================================================================================
----------------- testing Thu Mar 14 18:34:43 UTC 2019 /home/travis/build/icyphy/ptII/ptolemy/actor/lib/test/auto/DiscreteClock16.xml
----------------- Instantiating /home/travis/build/icyphy/ptII/ptolemy/actor/lib/test/auto/DiscreteClock16.xml
9 ms. Memory: 879616K Free: 234206K (27%)
----------------- Invoking toplevel() on ptolemy.moml.MoMLSimpleApplication@2adfa434
----------------- Done invoking toplevel() on ptolemy.moml.MoMLSimpleApplication@2adfa434
reloadAllAccessors: .DiscreteClock16

===========================================================================================
----------------- testing Thu Mar 14 18:34:43 UTC 2019 /home/travis/build/icyphy/ptII/ptolemy/actor/lib/test/auto/DiscreteClock17.xml
----------------- Instantiating /home/travis/build/icyphy/ptII/ptolemy/actor/lib/test/auto/DiscreteClock17.xml
14 ms. Memory: 879616K Free: 210859K (24%)
----------------- Invoking toplevel() on ptolemy.moml.MoMLSimpleApplication@6d113b3c
----------------- Done invoking toplevel() on ptolemy.moml.MoMLSimpleApplication@6d113b3c
reloadAllAccessors: .DiscreteClock17

===========================================================================================
----------------- testing Thu Mar 14 18:34:43 UTC 2019 /home/travis/build/icyphy/ptII/ptolemy/actor/lib/test/auto/DiscreteClock18.xml
----------------- Instantiating /home/travis/build/icyphy/ptII/ptolemy/actor/lib/test/auto/DiscreteClock18.xml
13 ms. Memory: 879616K Free: 180441K (21%)
----------------- Invoking toplevel() on ptolemy.moml.MoMLSimpleApplication@3825d31a
----------------- Done invoking toplevel() on ptolemy.moml.MoMLSimpleApplication@3825d31a
reloadAllAccessors: .DiscreteClock18

===========================================================================================
----------------- testing Thu Mar 14 18:34:43 UTC 2019 /home/travis/build/icyphy/ptII/ptolemy/actor/lib/test/auto/DiscreteClock19.xml
----------------- Instantiating /home/travis/build/icyphy/ptII/ptolemy/actor/lib/test/auto/DiscreteClock19.xml
10 ms. Memory: 879616K Free: 157085K (18%)
----------------- Invoking toplevel() on ptolemy.moml.MoMLSimpleApplication@5e7ecb9f
----------------- Done invoking toplevel() on ptolemy.moml.MoMLSimpleApplication@5e7ecb9f
reloadAllAccessors: .DiscreteClock19

===========================================================================================
----------------- testing Thu Mar 14 18:34:43 UTC 2019 /home/travis/build/icyphy/ptII/ptolemy/actor/lib/test/auto/DiscreteClock2.xml
----------------- Instantiating /home/travis/build/icyphy/ptII/ptolemy/actor/lib/test/auto/DiscreteClock2.xml
2 ms. Memory: 879616K Free: 141520K (16%)
----------------- Invoking toplevel() on ptolemy.moml.MoMLSimpleApplication@46cb97cd
----------------- Done invoking toplevel() on ptolemy.moml.MoMLSimpleApplication@46cb97cd
reloadAllAccessors: .DiscreteClock2

===========================================================================================
----------------- testing Thu Mar 14 18:34:43 UTC 2019 /home/travis/build/icyphy/ptII/ptolemy/actor/lib/test/auto/DiscreteClock20.xml
----------------- Instantiating /home/travis/build/icyphy/ptII/ptolemy/actor/lib/test/auto/DiscreteClock20.xml
3 ms. Memory: 879616K Free: 118901K (14%)
----------------- Invoking toplevel() on ptolemy.moml.MoMLSimpleApplication@2bdc9516
----------------- Done invoking toplevel() on ptolemy.moml.MoMLSimpleApplication@2bdc9516
reloadAllAccessors: .DiscreteClock20

===========================================================================================
----------------- testing Thu Mar 14 18:34:43 UTC 2019 /home/travis/build/icyphy/ptII/ptolemy/actor/lib/test/auto/DiscreteClock21.xml
----------------- Instantiating /home/travis/build/icyphy/ptII/ptolemy/actor/lib/test/auto/DiscreteClock21.xml
3 ms. Memory: 879616K Free: 103336K (12%)
----------------- Invoking toplevel() on ptolemy.moml.MoMLSimpleApplication@6812d7b3
----------------- Done invoking toplevel() on ptolemy.moml.MoMLSimpleApplication@6812d7b3
reloadAllAccessors: .DiscreteClock21

===========================================================================================
----------------- testing Thu Mar 14 18:34:43 UTC 2019 /home/travis/build/icyphy/ptII/ptolemy/actor/lib/test/auto/DiscreteClock22.xml
----------------- Instantiating /home/travis/build/icyphy/ptII/ptolemy/actor/lib/test/auto/DiscreteClock22.xml
4 ms. Memory: 879616K Free: 87771K (10%)
----------------- Invoking toplevel() on ptolemy.moml.MoMLSimpleApplication@34744944
----------------- Done invoking toplevel() on ptolemy.moml.MoMLSimpleApplication@34744944
reloadAllAccessors: .DiscreteClock22

===========================================================================================
----------------- testing Thu Mar 14 18:34:43 UTC 2019 /home/travis/build/icyphy/ptII/ptolemy/actor/lib/test/auto/DiscreteClock23.xml
----------------- Instantiating /home/travis/build/icyphy/ptII/ptolemy/actor/lib/test/auto/DiscreteClock23.xml
6 ms. Memory: 879616K Free: 65151K (7%)
----------------- Invoking toplevel() on ptolemy.moml.MoMLSimpleApplication@17bd2c8c
----------------- Done invoking toplevel() on ptolemy.moml.MoMLSimpleApplication@17bd2c8c
reloadAllAccessors: .DiscreteClock23

===========================================================================================
----------------- testing Thu Mar 14 18:34:43 UTC 2019 /home/travis/build/icyphy/ptII/ptolemy/actor/lib/test/auto/DiscreteClock24.xml
----------------- Instantiating /home/travis/build/icyphy/ptII/ptolemy/actor/lib/test/auto/DiscreteClock24.xml
13 ms. Memory: 1346048K Free: 1290913K (96%)
----------------- Invoking toplevel() on ptolemy.moml.MoMLSimpleApplication@3161ea7b
----------------- Done invoking toplevel() on ptolemy.moml.MoMLSimpleApplication@3161ea7b
reloadAllAccessors: .DiscreteClock24

===========================================================================================
----------------- testing Thu Mar 14 18:34:43 UTC 2019 /home/travis/build/icyphy/ptII/ptolemy/actor/lib/test/auto/DiscreteClock4.xml
----------------- Instantiating /home/travis/build/icyphy/ptII/ptolemy/actor/lib/test/auto/DiscreteClock4.xml
3 ms. Memory: 1346048K Free: 1259748K (94%)
----------------- Invoking toplevel() on ptolemy.moml.MoMLSimpleApplication@5554d238
----------------- Done invoking toplevel() on ptolemy.moml.MoMLSimpleApplication@5554d238
reloadAllAccessors: .DiscreteClock4

===========================================================================================
----------------- testing Thu Mar 14 18:34:43 UTC 2019 /home/travis/build/icyphy/ptII/ptolemy/actor/lib/test/auto/DiscreteClock5.xml
----------------- Instantiating /home/travis/build/icyphy/ptII/ptolemy/actor/lib/test/auto/DiscreteClock5.xml
2 ms. Memory: 1346048K Free: 1243152K (92%)
----------------- Invoking toplevel() on ptolemy.moml.MoMLSimpleApplication@3713fe56
----------------- Done invoking toplevel() on ptolemy.moml.MoMLSimpleApplication@3713fe56
reloadAllAccessors: .DiscreteClock5

===========================================================================================
----------------- testing Thu Mar 14 18:34:43 UTC 2019 /home/travis/build/icyphy/ptII/ptolemy/actor/lib/test/auto/DiscreteClock6.xml
----------------- Instantiating /home/travis/build/icyphy/ptII/ptolemy/actor/lib/test/auto/DiscreteClock6.xml
1 ms. Memory: 1346048K Free: 1226556K (91%)
----------------- Invoking toplevel() on ptolemy.moml.MoMLSimpleApplication@83d269
----------------- Done invoking toplevel() on ptolemy.moml.MoMLSimpleApplication@83d269
reloadAllAccessors: .DiscreteClock6

===========================================================================================
----------------- testing Thu Mar 14 18:34:43 UTC 2019 /home/travis/build/icyphy/ptII/ptolemy/actor/lib/test/auto/DiscreteClock7.xml
----------------- Instantiating /home/travis/build/icyphy/ptII/ptolemy/actor/lib/test/auto/DiscreteClock7.xml
1 ms. Memory: 1346048K Free: 1201614K (89%)
----------------- Invoking toplevel() on ptolemy.moml.MoMLSimpleApplication@72921866
----------------- Done invoking toplevel() on ptolemy.moml.MoMLSimpleApplication@72921866
reloadAllAccessors: .DiscreteClock7

===========================================================================================
----------------- testing Thu Mar 14 18:34:43 UTC 2019 /home/travis/build/icyphy/ptII/ptolemy/actor/lib/test/auto/DiscreteClock8.xml
----------------- Instantiating /home/travis/build/icyphy/ptII/ptolemy/actor/lib/test/auto/DiscreteClock8.xml
7 ms. Memory: 1346048K Free: 1185019K (88%)
----------------- Invoking toplevel() on ptolemy.moml.MoMLSimpleApplication@193a104
----------------- Done invoking toplevel() on ptolemy.moml.MoMLSimpleApplication@193a104
reloadAllAccessors: .DiscreteClock8

===========================================================================================
----------------- testing Thu Mar 14 18:34:43 UTC 2019 /home/travis/build/icyphy/ptII/ptolemy/actor/lib/test/auto/DiscreteClock9.xml
----------------- Instantiating /home/travis/build/icyphy/ptII/ptolemy/actor/lib/test/auto/DiscreteClock9.xml
2 ms. Memory: 1346048K Free: 1168423K (87%)
----------------- Invoking toplevel() on ptolemy.moml.MoMLSimpleApplication@591ed1dd
----------------- Done invoking toplevel() on ptolemy.moml.MoMLSimpleApplication@591ed1dd
reloadAllAccessors: .DiscreteClock9

===========================================================================================
----------------- testing Thu Mar 14 18:34:43 UTC 2019 /home/travis/build/icyphy/ptII/ptolemy/actor/lib/test/auto/DisplayArray.xml
----------------- Instantiating /home/travis/build/icyphy/ptII/ptolemy/actor/lib/test/auto/DisplayArray.xml
3 ms. Memory: 1346048K Free: 1151659K (86%)
----------------- Invoking toplevel() on ptolemy.moml.MoMLSimpleApplication@d318579
----------------- Done invoking toplevel() on ptolemy.moml.MoMLSimpleApplication@d318579
reloadAllAccessors: .DisplayArray

===========================================================================================
----------------- testing Thu Mar 14 18:34:43 UTC 2019 /home/travis/build/icyphy/ptII/ptolemy/actor/lib/test/auto/Distributor.xml
----------------- Instantiating /home/travis/build/icyphy/ptII/ptolemy/actor/lib/test/auto/Distributor.xml
1 ms. Memory: 1346048K Free: 1126717K (84%)
----------------- Invoking toplevel() on ptolemy.moml.MoMLSimpleApplication@7f1e11a9
----------------- Done invoking toplevel() on ptolemy.moml.MoMLSimpleApplication@7f1e11a9
reloadAllAccessors: .Distributor

===========================================================================================
----------------- testing Thu Mar 14 18:34:43 UTC 2019 /home/travis/build/icyphy/ptII/ptolemy/actor/lib/test/auto/Distributor2.xml
----------------- Instantiating /home/travis/build/icyphy/ptII/ptolemy/actor/lib/test/auto/Distributor2.xml
2 ms. Memory: 1346048K Free: 1110121K (82%)
----------------- Invoking toplevel() on ptolemy.moml.MoMLSimpleApplication@c57853d
----------------- Done invoking toplevel() on ptolemy.moml.MoMLSimpleApplication@c57853d
reloadAllAccessors: .Distributor2

===========================================================================================
----------------- testing Thu Mar 14 18:34:43 UTC 2019 /home/travis/build/icyphy/ptII/ptolemy/actor/lib/test/auto/DownSample.xml
----------------- Instantiating /home/travis/build/icyphy/ptII/ptolemy/actor/lib/test/auto/DownSample.xml
1 ms. Memory: 1346048K Free: 1093526K (81%)
----------------- Invoking toplevel() on ptolemy.moml.MoMLSimpleApplication@305f17d4
----------------- Done invoking toplevel() on ptolemy.moml.MoMLSimpleApplication@305f17d4
reloadAllAccessors: .DownSample

===========================================================================================
----------------- testing Thu Mar 14 18:34:43 UTC 2019 /home/travis/build/icyphy/ptII/ptolemy/actor/lib/test/auto/ElectronicUnitBase1.xml
----------------- Instantiating /home/travis/build/icyphy/ptII/ptolemy/actor/lib/test/auto/ElectronicUnitBase1.xml
20 ms. Memory: 1363456K Free: 1295237K (95%)
----------------- Invoking toplevel() on ptolemy.moml.MoMLSimpleApplication@4d350d97
----------------- Done invoking toplevel() on ptolemy.moml.MoMLSimpleApplication@4d350d97
reloadAllAccessors: .ElectronicUnitBase1

===========================================================================================
----------------- testing Thu Mar 14 18:34:44 UTC 2019 /home/travis/build/icyphy/ptII/ptolemy/actor/lib/test/auto/ElementsToArray.xml
----------------- Instantiating /home/travis/build/icyphy/ptII/ptolemy/actor/lib/test/auto/ElementsToArray.xml
3 ms. Memory: 1363456K Free: 1274444K (93%)
----------------- Invoking toplevel() on ptolemy.moml.MoMLSimpleApplication@b65e8f6
----------------- Done invoking toplevel() on ptolemy.moml.MoMLSimpleApplication@b65e8f6
reloadAllAccessors: .ElementsToArray

===========================================================================================
----------------- testing Thu Mar 14 18:34:44 UTC 2019 /home/travis/build/icyphy/ptII/ptolemy/actor/lib/test/auto/Equals.xml
----------------- Instantiating /home/travis/build/icyphy/ptII/ptolemy/actor/lib/test/auto/Equals.xml
2 ms. Memory: 1363456K Free: 1261998K (93%)
----------------- Invoking toplevel() on ptolemy.moml.MoMLSimpleApplication@6a62ba45
----------------- Done invoking toplevel() on ptolemy.moml.MoMLSimpleApplication@6a62ba45
reloadAllAccessors: .Equals

===========================================================================================
----------------- testing Thu Mar 14 18:34:44 UTC 2019 /home/travis/build/icyphy/ptII/ptolemy/actor/lib/test/auto/Exec.xml
----------------- Instantiating /home/travis/build/icyphy/ptII/ptolemy/actor/lib/test/auto/Exec.xml
11 ms. Memory: 1363456K Free: 1237104K (91%)
----------------- Invoking toplevel() on ptolemy.moml.MoMLSimpleApplication@4dbc932e
----------------- Done invoking toplevel() on ptolemy.moml.MoMLSimpleApplication@4dbc932e
reloadAllAccessors: .Exec

===========================================================================================
----------------- testing Thu Mar 14 18:34:44 UTC 2019 /home/travis/build/icyphy/ptII/ptolemy/actor/lib/test/auto/ExecEnvironment.xml
----------------- Instantiating /home/travis/build/icyphy/ptII/ptolemy/actor/lib/test/auto/ExecEnvironment.xml
25 ms. Memory: 1363456K Free: 1216311K (89%)
----------------- Invoking toplevel() on ptolemy.moml.MoMLSimpleApplication@5beaadb6
----------------- Done invoking toplevel() on ptolemy.moml.MoMLSimpleApplication@5beaadb6
reloadAllAccessors: .ExecEnvironment

===========================================================================================
----------------- testing Thu Mar 14 18:34:44 UTC 2019 /home/travis/build/icyphy/ptII/ptolemy/actor/lib/test/auto/ExecNonZeroReturnOutput.xml
----------------- Instantiating /home/travis/build/icyphy/ptII/ptolemy/actor/lib/test/auto/ExecNonZeroReturnOutput.xml
124 ms. Memory: 1363456K Free: 1122960K (82%)
----------------- Invoking toplevel() on ptolemy.moml.MoMLSimpleApplication@5410f241
----------------- Done invoking toplevel() on ptolemy.moml.MoMLSimpleApplication@5410f241
reloadAllAccessors: .ExecNonZeroReturnOutput

===========================================================================================
----------------- testing Thu Mar 14 18:34:44 UTC 2019 /home/travis/build/icyphy/ptII/ptolemy/actor/lib/test/auto/ExecRunDemos.xml
----------------- Instantiating /home/travis/build/icyphy/ptII/ptolemy/actor/lib/test/auto/ExecRunDemos.xml
Finished: 40 ms. Memory: 116224K Free: 100672K (87%)

Finished: 48 ms. Memory: 116224K Free: 97676K (84%)

Finished: 47 ms. Memory: 116224K Free: 98219K (85%)

Finished: 50 ms. Memory: 116224K Free: 99544K (86%)

Finished: 43 ms. Memory: 116224K Free: 100658K (87%)

9053 ms. Memory: 1363456K Free: 1035628K (76%)
----------------- Invoking toplevel() on ptolemy.moml.MoMLSimpleApplication@7cbadda0
----------------- Done invoking toplevel() on ptolemy.moml.MoMLSimpleApplication@7cbadda0
reloadAllAccessors: .ExecRunDemos

===========================================================================================
----------------- testing Thu Mar 14 18:34:53 UTC 2019 /home/travis/build/icyphy/ptII/ptolemy/actor/lib/test/auto/ExecStop.xml
----------------- Instantiating /home/travis/build/icyphy/ptII/ptolemy/actor/lib/test/auto/ExecStop.xml
5014 ms. Memory: 1363456K Free: 830256K (61%)
----------------- Invoking toplevel() on ptolemy.moml.MoMLSimpleApplication@8982a92
----------------- Done invoking toplevel() on ptolemy.moml.MoMLSimpleApplication@8982a92
reloadAllAccessors: .ExecStop

===========================================================================================
----------------- testing Thu Mar 14 18:34:58 UTC 2019 /home/travis/build/icyphy/ptII/ptolemy/actor/lib/test/auto/ExecutionTimeSDF.xml
----------------- Instantiating /home/travis/build/icyphy/ptII/ptolemy/actor/lib/test/auto/ExecutionTimeSDF.xml
Fired ExecutionTime: -576567296
Fired ExecutionTime: 974000000
Fired ExecutionTime: 989600000
6006 ms. Memory: 1363456K Free: 803224K (59%)
----------------- Invoking toplevel() on ptolemy.moml.MoMLSimpleApplication@40d65e4e
----------------- Done invoking toplevel() on ptolemy.moml.MoMLSimpleApplication@40d65e4e
reloadAllAccessors: .ExecutionTimeSDF

===========================================================================================
----------------- testing Thu Mar 14 18:35:04 UTC 2019 /home/travis/build/icyphy/ptII/ptolemy/actor/lib/test/auto/Expression1.xml
----------------- Instantiating /home/travis/build/icyphy/ptII/ptolemy/actor/lib/test/auto/Expression1.xml
1 ms. Memory: 1363456K Free: 790777K (58%)
----------------- Invoking toplevel() on ptolemy.moml.MoMLSimpleApplication@5f538c0d
----------------- Done invoking toplevel() on ptolemy.moml.MoMLSimpleApplication@5f538c0d
reloadAllAccessors: .Expression1

===========================================================================================
----------------- testing Thu Mar 14 18:35:04 UTC 2019 /home/travis/build/icyphy/ptII/ptolemy/actor/lib/test/auto/Expression10.xml
----------------- Instantiating /home/travis/build/icyphy/ptII/ptolemy/actor/lib/test/auto/Expression10.xml
5 ms. Memory: 1363456K Free: 778330K (57%)
----------------- Invoking toplevel() on ptolemy.moml.MoMLSimpleApplication@63c6f079
----------------- Done invoking toplevel() on ptolemy.moml.MoMLSimpleApplication@63c6f079
reloadAllAccessors: .Expression10

===========================================================================================
----------------- testing Thu Mar 14 18:35:04 UTC 2019 /home/travis/build/icyphy/ptII/ptolemy/actor/lib/test/auto/Expression11.xml
----------------- Instantiating /home/travis/build/icyphy/ptII/ptolemy/actor/lib/test/auto/Expression11.xml
3 ms. Memory: 1363456K Free: 757537K (56%)
----------------- Invoking toplevel() on ptolemy.moml.MoMLSimpleApplication@1bcf2af
----------------- Done invoking toplevel() on ptolemy.moml.MoMLSimpleApplication@1bcf2af
reloadAllAccessors: .Expression11

===========================================================================================
----------------- testing Thu Mar 14 18:35:04 UTC 2019 /home/travis/build/icyphy/ptII/ptolemy/actor/lib/test/auto/Expression12.xml
----------------- Instantiating /home/travis/build/icyphy/ptII/ptolemy/actor/lib/test/auto/Expression12.xml
3 ms. Memory: 1363456K Free: 745090K (55%)
----------------- Invoking toplevel() on ptolemy.moml.MoMLSimpleApplication@1e055788
----------------- Done invoking toplevel() on ptolemy.moml.MoMLSimpleApplication@1e055788
reloadAllAccessors: .Expression12

===========================================================================================
----------------- testing Thu Mar 14 18:35:04 UTC 2019 /home/travis/build/icyphy/ptII/ptolemy/actor/lib/test/auto/Expression13.xml
----------------- Instantiating /home/travis/build/icyphy/ptII/ptolemy/actor/lib/test/auto/Expression13.xml
2 ms. Memory: 1363456K Free: 732643K (54%)
----------------- Invoking toplevel() on ptolemy.moml.MoMLSimpleApplication@1b10f39d
----------------- Done invoking toplevel() on ptolemy.moml.MoMLSimpleApplication@1b10f39d
reloadAllAccessors: .Expression13

===========================================================================================
----------------- testing Thu Mar 14 18:35:04 UTC 2019 /home/travis/build/icyphy/ptII/ptolemy/actor/lib/test/auto/Expression14.xml
----------------- Instantiating /home/travis/build/icyphy/ptII/ptolemy/actor/lib/test/auto/Expression14.xml
8 ms. Memory: 1363456K Free: 720196K (53%)
----------------- Invoking toplevel() on ptolemy.moml.MoMLSimpleApplication@60cf3edd
----------------- Done invoking toplevel() on ptolemy.moml.MoMLSimpleApplication@60cf3edd
reloadAllAccessors: .Expression14

===========================================================================================
----------------- testing Thu Mar 14 18:35:04 UTC 2019 /home/travis/build/icyphy/ptII/ptolemy/actor/lib/test/auto/Expression15.xml
----------------- Instantiating /home/travis/build/icyphy/ptII/ptolemy/actor/lib/test/auto/Expression15.xml
1 ms. Memory: 1363456K Free: 699403K (51%)
----------------- Invoking toplevel() on ptolemy.moml.MoMLSimpleApplication@56e64d5c
----------------- Done invoking toplevel() on ptolemy.moml.MoMLSimpleApplication@56e64d5c
reloadAllAccessors: .Expression15

===========================================================================================
----------------- testing Thu Mar 14 18:35:04 UTC 2019 /home/travis/build/icyphy/ptII/ptolemy/actor/lib/test/auto/Expression16.xml
----------------- Instantiating /home/travis/build/icyphy/ptII/ptolemy/actor/lib/test/auto/Expression16.xml
4 ms. Memory: 1363456K Free: 686956K (50%)
----------------- Invoking toplevel() on ptolemy.moml.MoMLSimpleApplication@7934fab9
----------------- Done invoking toplevel() on ptolemy.moml.MoMLSimpleApplication@7934fab9
reloadAllAccessors: .Expression16

===========================================================================================
----------------- testing Thu Mar 14 18:35:04 UTC 2019 /home/travis/build/icyphy/ptII/ptolemy/actor/lib/test/auto/Expression17.xml
----------------- Instantiating /home/travis/build/icyphy/ptII/ptolemy/actor/lib/test/auto/Expression17.xml
4 ms. Memory: 1363456K Free: 674510K (49%)
----------------- Invoking toplevel() on ptolemy.moml.MoMLSimpleApplication@2ee792b2
----------------- Done invoking toplevel() on ptolemy.moml.MoMLSimpleApplication@2ee792b2
reloadAllAccessors: .Expression17

===========================================================================================
----------------- testing Thu Mar 14 18:35:04 UTC 2019 /home/travis/build/icyphy/ptII/ptolemy/actor/lib/test/auto/Expression18.xml
----------------- Instantiating /home/travis/build/icyphy/ptII/ptolemy/actor/lib/test/auto/Expression18.xml
3 ms. Memory: 1363456K Free: 662063K (49%)
----------------- Invoking toplevel() on ptolemy.moml.MoMLSimpleApplication@27a29959
----------------- Done invoking toplevel() on ptolemy.moml.MoMLSimpleApplication@27a29959
reloadAllAccessors: .Expression18

===========================================================================================
----------------- testing Thu Mar 14 18:35:04 UTC 2019 /home/travis/build/icyphy/ptII/ptolemy/actor/lib/test/auto/Expression2.xml
----------------- Instantiating /home/travis/build/icyphy/ptII/ptolemy/actor/lib/test/auto/Expression2.xml
3 ms. Memory: 1363456K Free: 641270K (47%)
----------------- Invoking toplevel() on ptolemy.moml.MoMLSimpleApplication@5ccfbadd
----------------- Done invoking toplevel() on ptolemy.moml.MoMLSimpleApplication@5ccfbadd
reloadAllAccessors: .Expression2

===========================================================================================
----------------- testing Thu Mar 14 18:35:04 UTC 2019 /home/travis/build/icyphy/ptII/ptolemy/actor/lib/test/auto/Expression3.xml
----------------- Instantiating /home/travis/build/icyphy/ptII/ptolemy/actor/lib/test/auto/Expression3.xml
5 ms. Memory: 1363456K Free: 628823K (46%)
----------------- Invoking toplevel() on ptolemy.moml.MoMLSimpleApplication@7d742a1d
----------------- Done invoking toplevel() on ptolemy.moml.MoMLSimpleApplication@7d742a1d
reloadAllAccessors: .Expression3

===========================================================================================
----------------- testing Thu Mar 14 18:35:04 UTC 2019 /home/travis/build/icyphy/ptII/ptolemy/actor/lib/test/auto/Expression4.xml
----------------- Instantiating /home/travis/build/icyphy/ptII/ptolemy/actor/lib/test/auto/Expression4.xml
6 ms. Memory: 1363456K Free: 616376K (45%)
----------------- Invoking toplevel() on ptolemy.moml.MoMLSimpleApplication@21deca59
----------------- Done invoking toplevel() on ptolemy.moml.MoMLSimpleApplication@21deca59
reloadAllAccessors: .Expression4

===========================================================================================
----------------- testing Thu Mar 14 18:35:04 UTC 2019 /home/travis/build/icyphy/ptII/ptolemy/actor/lib/test/auto/Expression5.xml
----------------- Instantiating /home/travis/build/icyphy/ptII/ptolemy/actor/lib/test/auto/Expression5.xml
3 ms. Memory: 1363456K Free: 595583K (44%)
----------------- Invoking toplevel() on ptolemy.moml.MoMLSimpleApplication@303607f4
----------------- Done invoking toplevel() on ptolemy.moml.MoMLSimpleApplication@303607f4
reloadAllAccessors: .Expression5

===========================================================================================
----------------- testing Thu Mar 14 18:35:04 UTC 2019 /home/travis/build/icyphy/ptII/ptolemy/actor/lib/test/auto/Expression6.xml
----------------- Instantiating /home/travis/build/icyphy/ptII/ptolemy/actor/lib/test/auto/Expression6.xml
2 ms. Memory: 1363456K Free: 583136K (43%)
----------------- Invoking toplevel() on ptolemy.moml.MoMLSimpleApplication@71e1d63e
----------------- Done invoking toplevel() on ptolemy.moml.MoMLSimpleApplication@71e1d63e
reloadAllAccessors: .Expression6

===========================================================================================
----------------- testing Thu Mar 14 18:35:05 UTC 2019 /home/travis/build/icyphy/ptII/ptolemy/actor/lib/test/auto/Expression7.xml
----------------- Instantiating /home/travis/build/icyphy/ptII/ptolemy/actor/lib/test/auto/Expression7.xml
2 ms. Memory: 1363456K Free: 570690K (42%)
----------------- Invoking toplevel() on ptolemy.moml.MoMLSimpleApplication@57e44579
----------------- Done invoking toplevel() on ptolemy.moml.MoMLSimpleApplication@57e44579
reloadAllAccessors: .Expression7

===========================================================================================
----------------- testing Thu Mar 14 18:35:05 UTC 2019 /home/travis/build/icyphy/ptII/ptolemy/actor/lib/test/auto/Expression8.xml
----------------- Instantiating /home/travis/build/icyphy/ptII/ptolemy/actor/lib/test/auto/Expression8.xml
7 ms. Memory: 1363456K Free: 558243K (41%)
----------------- Invoking toplevel() on ptolemy.moml.MoMLSimpleApplication@368c5485
----------------- Done invoking toplevel() on ptolemy.moml.MoMLSimpleApplication@368c5485
reloadAllAccessors: .Expression8

===========================================================================================
----------------- testing Thu Mar 14 18:35:05 UTC 2019 /home/travis/build/icyphy/ptII/ptolemy/actor/lib/test/auto/Expression9.xml
----------------- Instantiating /home/travis/build/icyphy/ptII/ptolemy/actor/lib/test/auto/Expression9.xml
2 ms. Memory: 1363456K Free: 537450K (39%)
----------------- Invoking toplevel() on ptolemy.moml.MoMLSimpleApplication@74efb9fe
----------------- Done invoking toplevel() on ptolemy.moml.MoMLSimpleApplication@74efb9fe
reloadAllAccessors: .Expression9

===========================================================================================
----------------- testing Thu Mar 14 18:35:05 UTC 2019 /home/travis/build/icyphy/ptII/ptolemy/actor/lib/test/auto/ExpressionConcatenateArrayType.xml
----------------- Instantiating /home/travis/build/icyphy/ptII/ptolemy/actor/lib/test/auto/ExpressionConcatenateArrayType.xml
3 ms. Memory: 1363456K Free: 525003K (39%)
----------------- Invoking toplevel() on ptolemy.moml.MoMLSimpleApplication@7218a40b
----------------- Done invoking toplevel() on ptolemy.moml.MoMLSimpleApplication@7218a40b
reloadAllAccessors: .ExpressionConcatenateArrayType

===========================================================================================
----------------- testing Thu Mar 14 18:35:05 UTC 2019 /home/travis/build/icyphy/ptII/ptolemy/actor/lib/test/auto/ExpressionConcatenateArrayType2.xml
----------------- Instantiating /home/travis/build/icyphy/ptII/ptolemy/actor/lib/test/auto/ExpressionConcatenateArrayType2.xml
2 ms. Memory: 1363456K Free: 512556K (38%)
----------------- Invoking toplevel() on ptolemy.moml.MoMLSimpleApplication@55ee4006
----------------- Done invoking toplevel() on ptolemy.moml.MoMLSimpleApplication@55ee4006
reloadAllAccessors: .ExpressionConcatenateArrayType2

===========================================================================================
----------------- testing Thu Mar 14 18:35:05 UTC 2019 /home/travis/build/icyphy/ptII/ptolemy/actor/lib/test/auto/ExpressionFix.xml
----------------- Instantiating /home/travis/build/icyphy/ptII/ptolemy/actor/lib/test/auto/ExpressionFix.xml
22 ms. Memory: 1363456K Free: 500109K (37%)
----------------- Invoking toplevel() on ptolemy.moml.MoMLSimpleApplication@70179a
----------------- Done invoking toplevel() on ptolemy.moml.MoMLSimpleApplication@70179a
reloadAllAccessors: .ExpressionFix

===========================================================================================
----------------- testing Thu Mar 14 18:35:05 UTC 2019 /home/travis/build/icyphy/ptII/ptolemy/actor/lib/test/auto/ExpressionFix2.xml
----------------- Instantiating /home/travis/build/icyphy/ptII/ptolemy/actor/lib/test/auto/ExpressionFix2.xml
5 ms. Memory: 1363456K Free: 479316K (35%)
----------------- Invoking toplevel() on ptolemy.moml.MoMLSimpleApplication@4fbf26a1
----------------- Done invoking toplevel() on ptolemy.moml.MoMLSimpleApplication@4fbf26a1
reloadAllAccessors: .ExpressionFix2

===========================================================================================
----------------- testing Thu Mar 14 18:35:05 UTC 2019 /home/travis/build/icyphy/ptII/ptolemy/actor/lib/test/auto/ExpressionFix3.xml
----------------- Instantiating /home/travis/build/icyphy/ptII/ptolemy/actor/lib/test/auto/ExpressionFix3.xml
6 ms. Memory: 1363456K Free: 466869K (34%)
----------------- Invoking toplevel() on ptolemy.moml.MoMLSimpleApplication@6e85efd9
----------------- Done invoking toplevel() on ptolemy.moml.MoMLSimpleApplication@6e85efd9
reloadAllAccessors: .ExpressionFix3

===========================================================================================
----------------- testing Thu Mar 14 18:35:05 UTC 2019 /home/travis/build/icyphy/ptII/ptolemy/actor/lib/test/auto/FileWriter1.xml
----------------- Instantiating /home/travis/build/icyphy/ptII/ptolemy/actor/lib/test/auto/FileWriter1.xml
2 ms. Memory: 1363456K Free: 454422K (33%)
----------------- Invoking toplevel() on ptolemy.moml.MoMLSimpleApplication@36b23718
----------------- Done invoking toplevel() on ptolemy.moml.MoMLSimpleApplication@36b23718
reloadAllAccessors: .FileWriter1

===========================================================================================
----------------- testing Thu Mar 14 18:35:05 UTC 2019 /home/travis/build/icyphy/ptII/ptolemy/actor/lib/test/auto/FileWriter2.xml
----------------- Instantiating /home/travis/build/icyphy/ptII/ptolemy/actor/lib/test/auto/FileWriter2.xml
5 ms. Memory: 1363456K Free: 433629K (32%)
----------------- Invoking toplevel() on ptolemy.moml.MoMLSimpleApplication@616e16a3
----------------- Done invoking toplevel() on ptolemy.moml.MoMLSimpleApplication@616e16a3
reloadAllAccessors: .FileWriter2

===========================================================================================
----------------- testing Thu Mar 14 18:35:05 UTC 2019 /home/travis/build/icyphy/ptII/ptolemy/actor/lib/test/auto/FileWriter3.xml
----------------- Instantiating /home/travis/build/icyphy/ptII/ptolemy/actor/lib/test/auto/FileWriter3.xml
6 ms. Memory: 1363456K Free: 421182K (31%)
----------------- Invoking toplevel() on ptolemy.moml.MoMLSimpleApplication@324a7483
----------------- Done invoking toplevel() on ptolemy.moml.MoMLSimpleApplication@324a7483
reloadAllAccessors: .FileWriter3

===========================================================================================
----------------- testing Thu Mar 14 18:35:05 UTC 2019 /home/travis/build/icyphy/ptII/ptolemy/actor/lib/test/auto/Gaussian.xml
----------------- Instantiating /home/travis/build/icyphy/ptII/ptolemy/actor/lib/test/auto/Gaussian.xml
4 ms. Memory: 1363456K Free: 408736K (30%)
----------------- Invoking toplevel() on ptolemy.moml.MoMLSimpleApplication@5fa3db66
----------------- Done invoking toplevel() on ptolemy.moml.MoMLSimpleApplication@5fa3db66
reloadAllAccessors: .Gaussian

===========================================================================================
----------------- testing Thu Mar 14 18:35:05 UTC 2019 /home/travis/build/icyphy/ptII/ptolemy/actor/lib/test/auto/Gaussian1.xml
----------------- Instantiating /home/travis/build/icyphy/ptII/ptolemy/actor/lib/test/auto/Gaussian1.xml
4 ms. Memory: 1363456K Free: 396289K (29%)
----------------- Invoking toplevel() on ptolemy.moml.MoMLSimpleApplication@1ea34ddf
----------------- Done invoking toplevel() on ptolemy.moml.MoMLSimpleApplication@1ea34ddf
reloadAllAccessors: .Gaussian1

===========================================================================================
----------------- testing Thu Mar 14 18:35:05 UTC 2019 /home/travis/build/icyphy/ptII/ptolemy/actor/lib/test/auto/Gaussian2.xml
----------------- Instantiating /home/travis/build/icyphy/ptII/ptolemy/actor/lib/test/auto/Gaussian2.xml
3 ms. Memory: 1363456K Free: 375496K (28%)
----------------- Invoking toplevel() on ptolemy.moml.MoMLSimpleApplication@23132dcc
----------------- Done invoking toplevel() on ptolemy.moml.MoMLSimpleApplication@23132dcc
reloadAllAccessors: .Gaussian2

===========================================================================================
----------------- testing Thu Mar 14 18:35:05 UTC 2019 /home/travis/build/icyphy/ptII/ptolemy/actor/lib/test/auto/GradientAdaptiveLattice.xml
----------------- Instantiating /home/travis/build/icyphy/ptII/ptolemy/actor/lib/test/auto/GradientAdaptiveLattice.xml
4 ms. Memory: 1363456K Free: 363049K (27%)
----------------- Invoking toplevel() on ptolemy.moml.MoMLSimpleApplication@4b7ea5ba
----------------- Done invoking toplevel() on ptolemy.moml.MoMLSimpleApplication@4b7ea5ba
reloadAllAccessors: .GradientAdaptiveLattice

===========================================================================================
----------------- testing Thu Mar 14 18:35:05 UTC 2019 /home/travis/build/icyphy/ptII/ptolemy/actor/lib/test/auto/IIR.xml
----------------- Instantiating /home/travis/build/icyphy/ptII/ptolemy/actor/lib/test/auto/IIR.xml
3 ms. Memory: 1363456K Free: 350602K (26%)
----------------- Invoking toplevel() on ptolemy.moml.MoMLSimpleApplication@16140fb8
----------------- Done invoking toplevel() on ptolemy.moml.MoMLSimpleApplication@16140fb8
reloadAllAccessors: .IIR

===========================================================================================
----------------- testing Thu Mar 14 18:35:05 UTC 2019 /home/travis/build/icyphy/ptII/ptolemy/actor/lib/test/auto/InputOutputTransparentPorts.xml
----------------- Instantiating /home/travis/build/icyphy/ptII/ptolemy/actor/lib/test/auto/InputOutputTransparentPorts.xml
4 ms. Memory: 1363456K Free: 338155K (25%)
----------------- Invoking toplevel() on ptolemy.moml.MoMLSimpleApplication@11001d45
----------------- Done invoking toplevel() on ptolemy.moml.MoMLSimpleApplication@11001d45
reloadAllAccessors: .InputOutputTransparentPorts

===========================================================================================
----------------- testing Thu Mar 14 18:35:05 UTC 2019 /home/travis/build/icyphy/ptII/ptolemy/actor/lib/test/auto/Interpolator.xml
----------------- Instantiating /home/travis/build/icyphy/ptII/ptolemy/actor/lib/test/auto/Interpolator.xml
4 ms. Memory: 1363456K Free: 317362K (23%)
----------------- Invoking toplevel() on ptolemy.moml.MoMLSimpleApplication@4c90c334
----------------- Done invoking toplevel() on ptolemy.moml.MoMLSimpleApplication@4c90c334
reloadAllAccessors: .Interpolator

===========================================================================================
----------------- testing Thu Mar 14 18:35:05 UTC 2019 /home/travis/build/icyphy/ptII/ptolemy/actor/lib/test/auto/InterpolatorFiringLimitDE.xml
----------------- Instantiating /home/travis/build/icyphy/ptII/ptolemy/actor/lib/test/auto/InterpolatorFiringLimitDE.xml
2 ms. Memory: 1363456K Free: 304915K (22%)
----------------- Invoking toplevel() on ptolemy.moml.MoMLSimpleApplication@7331bf33
----------------- Done invoking toplevel() on ptolemy.moml.MoMLSimpleApplication@7331bf33
reloadAllAccessors: .InterpolatorFiringLimitDE

===========================================================================================
----------------- testing Thu Mar 14 18:35:05 UTC 2019 /home/travis/build/icyphy/ptII/ptolemy/actor/lib/test/auto/Lattice.xml
----------------- Instantiating /home/travis/build/icyphy/ptII/ptolemy/actor/lib/test/auto/Lattice.xml
1 ms. Memory: 1363456K Free: 292468K (21%)
----------------- Invoking toplevel() on ptolemy.moml.MoMLSimpleApplication@5d94b4af
----------------- Done invoking toplevel() on ptolemy.moml.MoMLSimpleApplication@5d94b4af
reloadAllAccessors: .Lattice

===========================================================================================
----------------- testing Thu Mar 14 18:35:05 UTC 2019 /home/travis/build/icyphy/ptII/ptolemy/actor/lib/test/auto/LazyAOCTestLazy.xml
----------------- Instantiating /home/travis/build/icyphy/ptII/ptolemy/actor/lib/test/auto/LazyAOCTestLazy.xml
8 ms. Memory: 1363456K Free: 271676K (20%)
----------------- Invoking toplevel() on ptolemy.moml.MoMLSimpleApplication@420e3ae7
----------------- Done invoking toplevel() on ptolemy.moml.MoMLSimpleApplication@420e3ae7
reloadAllAccessors: .LazyAOCTestLazy

===========================================================================================
----------------- testing Thu Mar 14 18:35:05 UTC 2019 /home/travis/build/icyphy/ptII/ptolemy/actor/lib/test/auto/LazyAOCTestNonLazy.xml
----------------- Instantiating /home/travis/build/icyphy/ptII/ptolemy/actor/lib/test/auto/LazyAOCTestNonLazy.xml
3 ms. Memory: 1363456K Free: 259229K (19%)
----------------- Invoking toplevel() on ptolemy.moml.MoMLSimpleApplication@def2194
----------------- Done invoking toplevel() on ptolemy.moml.MoMLSimpleApplication@def2194
reloadAllAccessors: .LazyAOCTestNonLazy

===========================================================================================
----------------- testing Thu Mar 14 18:35:05 UTC 2019 /home/travis/build/icyphy/ptII/ptolemy/actor/lib/test/auto/LazyInnerClass.xml
----------------- Instantiating /home/travis/build/icyphy/ptII/ptolemy/actor/lib/test/auto/LazyInnerClass.xml
24 ms. Memory: 1363456K Free: 246782K (18%)
----------------- Invoking toplevel() on ptolemy.moml.MoMLSimpleApplication@1d087adf
----------------- Done invoking toplevel() on ptolemy.moml.MoMLSimpleApplication@1d087adf
reloadAllAccessors: .LazyInnerClass

===========================================================================================
----------------- testing Thu Mar 14 18:35:05 UTC 2019 /home/travis/build/icyphy/ptII/ptolemy/actor/lib/test/auto/LazyPubSub.xml
----------------- Instantiating /home/travis/build/icyphy/ptII/ptolemy/actor/lib/test/auto/LazyPubSub.xml
30 ms. Memory: 1363456K Free: 234335K (17%)
----------------- Invoking toplevel() on ptolemy.moml.MoMLSimpleApplication@56e56c92
----------------- Done invoking toplevel() on ptolemy.moml.MoMLSimpleApplication@56e56c92
reloadAllAccessors: .LazyPubSub

===========================================================================================
----------------- testing Thu Mar 14 18:35:05 UTC 2019 /home/travis/build/icyphy/ptII/ptolemy/actor/lib/test/auto/LazyPubSub2.xml
----------------- Instantiating /home/travis/build/icyphy/ptII/ptolemy/actor/lib/test/auto/LazyPubSub2.xml
19 ms. Memory: 1363456K Free: 213542K (16%)
----------------- Invoking toplevel() on ptolemy.moml.MoMLSimpleApplication@1b9ca01a
----------------- Done invoking toplevel() on ptolemy.moml.MoMLSimpleApplication@1b9ca01a
reloadAllAccessors: .LazyPubSub2

===========================================================================================
----------------- testing Thu Mar 14 18:35:05 UTC 2019 /home/travis/build/icyphy/ptII/ptolemy/actor/lib/test/auto/LazyPubSub3.xml
----------------- Instantiating /home/travis/build/icyphy/ptII/ptolemy/actor/lib/test/auto/LazyPubSub3.xml
14 ms. Memory: 1363456K Free: 201095K (15%)
----------------- Invoking toplevel() on ptolemy.moml.MoMLSimpleApplication@762c0b3c
----------------- Done invoking toplevel() on ptolemy.moml.MoMLSimpleApplication@762c0b3c
reloadAllAccessors: .LazyPubSub3

===========================================================================================
----------------- testing Thu Mar 14 18:35:05 UTC 2019 /home/travis/build/icyphy/ptII/ptolemy/actor/lib/test/auto/LazySubClassModel.xml
----------------- Instantiating /home/travis/build/icyphy/ptII/ptolemy/actor/lib/test/auto/LazySubClassModel.xml
5 ms. Memory: 1363456K Free: 182409K (13%)
----------------- Invoking toplevel() on ptolemy.moml.MoMLSimpleApplication@4e90e65a
----------------- Done invoking toplevel() on ptolemy.moml.MoMLSimpleApplication@4e90e65a
reloadAllAccessors: .LazySubClassModel

===========================================================================================
----------------- testing Thu Mar 14 18:35:05 UTC 2019 /home/travis/build/icyphy/ptII/ptolemy/actor/lib/test/auto/LevelCrossTest1.xml
----------------- Instantiating /home/travis/build/icyphy/ptII/ptolemy/actor/lib/test/auto/LevelCrossTest1.xml
1 ms. Memory: 1363456K Free: 169962K (12%)
----------------- Invoking toplevel() on ptolemy.moml.MoMLSimpleApplication@2ef8f7c9
----------------- Done invoking toplevel() on ptolemy.moml.MoMLSimpleApplication@2ef8f7c9
reloadAllAccessors: .broken

===========================================================================================
----------------- testing Thu Mar 14 18:35:05 UTC 2019 /home/travis/build/icyphy/ptII/ptolemy/actor/lib/test/auto/LevelCrossTest10.xml
----------------- Instantiating /home/travis/build/icyphy/ptII/ptolemy/actor/lib/test/auto/LevelCrossTest10.xml
1 ms. Memory: 1363456K Free: 149169K (11%)
----------------- Invoking toplevel() on ptolemy.moml.MoMLSimpleApplication@13033217
----------------- Done invoking toplevel() on ptolemy.moml.MoMLSimpleApplication@13033217
reloadAllAccessors: .LevelCrossTest10

===========================================================================================
----------------- testing Thu Mar 14 18:35:05 UTC 2019 /home/travis/build/icyphy/ptII/ptolemy/actor/lib/test/auto/LevelCrossTest11.xml
----------------- Instantiating /home/travis/build/icyphy/ptII/ptolemy/actor/lib/test/auto/LevelCrossTest11.xml
2 ms. Memory: 1363456K Free: 136722K (10%)
----------------- Invoking toplevel() on ptolemy.moml.MoMLSimpleApplication@49ef5dd7
----------------- Done invoking toplevel() on ptolemy.moml.MoMLSimpleApplication@49ef5dd7
reloadAllAccessors: .LevelCrossTest11

===========================================================================================
----------------- testing Thu Mar 14 18:35:05 UTC 2019 /home/travis/build/icyphy/ptII/ptolemy/actor/lib/test/auto/LevelCrossTest12.xml
----------------- Instantiating /home/travis/build/icyphy/ptII/ptolemy/actor/lib/test/auto/LevelCrossTest12.xml
1 ms. Memory: 1363456K Free: 124276K (9%)
----------------- Invoking toplevel() on ptolemy.moml.MoMLSimpleApplication@76c02bec
----------------- Done invoking toplevel() on ptolemy.moml.MoMLSimpleApplication@76c02bec
reloadAllAccessors: .LevelCrossTest12

===========================================================================================
----------------- testing Thu Mar 14 18:35:05 UTC 2019 /home/travis/build/icyphy/ptII/ptolemy/actor/lib/test/auto/LevelCrossTest13.xml
----------------- Instantiating /home/travis/build/icyphy/ptII/ptolemy/actor/lib/test/auto/LevelCrossTest13.xml
1 ms. Memory: 1363456K Free: 103482K (8%)
----------------- Invoking toplevel() on ptolemy.moml.MoMLSimpleApplication@5025f8b1
----------------- Done invoking toplevel() on ptolemy.moml.MoMLSimpleApplication@5025f8b1
reloadAllAccessors: .LevelCrossTest13

===========================================================================================
----------------- testing Thu Mar 14 18:35:05 UTC 2019 /home/travis/build/icyphy/ptII/ptolemy/actor/lib/test/auto/LevelCrossTest2.xml
----------------- Instantiating /home/travis/build/icyphy/ptII/ptolemy/actor/lib/test/auto/LevelCrossTest2.xml
2 ms. Memory: 1363456K Free: 91036K (7%)
----------------- Invoking toplevel() on ptolemy.moml.MoMLSimpleApplication@4ab79408
----------------- Done invoking toplevel() on ptolemy.moml.MoMLSimpleApplication@4ab79408
reloadAllAccessors: .broken

===========================================================================================
----------------- testing Thu Mar 14 18:35:05 UTC 2019 /home/travis/build/icyphy/ptII/ptolemy/actor/lib/test/auto/LevelCrossTest3.xml
----------------- Instantiating /home/travis/build/icyphy/ptII/ptolemy/actor/lib/test/auto/LevelCrossTest3.xml
2 ms. Memory: 1363456K Free: 81475K (6%)
----------------- Invoking toplevel() on ptolemy.moml.MoMLSimpleApplication@1094ba93
----------------- Done invoking toplevel() on ptolemy.moml.MoMLSimpleApplication@1094ba93
reloadAllAccessors: .LevelCrossTest3

===========================================================================================
----------------- testing Thu Mar 14 18:35:05 UTC 2019 /home/travis/build/icyphy/ptII/ptolemy/actor/lib/test/auto/LevelCrossTest4.xml
----------------- Instantiating /home/travis/build/icyphy/ptII/ptolemy/actor/lib/test/auto/LevelCrossTest4.xml
2 ms. Memory: 1588736K Free: 1535069K (97%)
----------------- Invoking toplevel() on ptolemy.moml.MoMLSimpleApplication@2acf780b
----------------- Done invoking toplevel() on ptolemy.moml.MoMLSimpleApplication@2acf780b
reloadAllAccessors: .broken

===========================================================================================
----------------- testing Thu Mar 14 18:35:05 UTC 2019 /home/travis/build/icyphy/ptII/ptolemy/actor/lib/test/auto/LevelCrossTest5.xml
----------------- Instantiating /home/travis/build/icyphy/ptII/ptolemy/actor/lib/test/auto/LevelCrossTest5.xml
1 ms. Memory: 1588736K Free: 1512634K (95%)
----------------- Invoking toplevel() on ptolemy.moml.MoMLSimpleApplication@450833b7
----------------- Done invoking toplevel() on ptolemy.moml.MoMLSimpleApplication@450833b7
reloadAllAccessors: .LevelCrossTest5

===========================================================================================
----------------- testing Thu Mar 14 18:35:05 UTC 2019 /home/travis/build/icyphy/ptII/ptolemy/actor/lib/test/auto/LevelCrossTest6.xml
----------------- Instantiating /home/travis/build/icyphy/ptII/ptolemy/actor/lib/test/auto/LevelCrossTest6.xml
1 ms. Memory: 1588736K Free: 1497609K (94%)
----------------- Invoking toplevel() on ptolemy.moml.MoMLSimpleApplication@6782ec9a
----------------- Done invoking toplevel() on ptolemy.moml.MoMLSimpleApplication@6782ec9a
reloadAllAccessors: .LevelCrossTest6

===========================================================================================
----------------- testing Thu Mar 14 18:35:05 UTC 2019 /home/travis/build/icyphy/ptII/ptolemy/actor/lib/test/auto/LevelCrossTest7.xml
----------------- Instantiating /home/travis/build/icyphy/ptII/ptolemy/actor/lib/test/auto/LevelCrossTest7.xml
2 ms. Memory: 1588736K Free: 1482715K (93%)
----------------- Invoking toplevel() on ptolemy.moml.MoMLSimpleApplication@4d928b43
----------------- Done invoking toplevel() on ptolemy.moml.MoMLSimpleApplication@4d928b43
reloadAllAccessors: .LevelCrossTest7

===========================================================================================
----------------- testing Thu Mar 14 18:35:06 UTC 2019 /home/travis/build/icyphy/ptII/ptolemy/actor/lib/test/auto/LevelCrossTest8.xml
----------------- Instantiating /home/travis/build/icyphy/ptII/ptolemy/actor/lib/test/auto/LevelCrossTest8.xml
1 ms. Memory: 1588736K Free: 1460280K (92%)
----------------- Invoking toplevel() on ptolemy.moml.MoMLSimpleApplication@5f2d2f62
----------------- Done invoking toplevel() on ptolemy.moml.MoMLSimpleApplication@5f2d2f62
reloadAllAccessors: .LevelCrossTest8

===========================================================================================
----------------- testing Thu Mar 14 18:35:06 UTC 2019 /home/travis/build/icyphy/ptII/ptolemy/actor/lib/test/auto/LevelCrossTest9.xml
----------------- Instantiating /home/travis/build/icyphy/ptII/ptolemy/actor/lib/test/auto/LevelCrossTest9.xml
1 ms. Memory: 1588736K Free: 1445386K (91%)
----------------- Invoking toplevel() on ptolemy.moml.MoMLSimpleApplication@7f3ab6fe
----------------- Done invoking toplevel() on ptolemy.moml.MoMLSimpleApplication@7f3ab6fe
reloadAllAccessors: .LevelCrossTest9

===========================================================================================
----------------- testing Thu Mar 14 18:35:06 UTC 2019 /home/travis/build/icyphy/ptII/ptolemy/actor/lib/test/auto/LevinsonDurbin.xml
----------------- Instantiating /home/travis/build/icyphy/ptII/ptolemy/actor/lib/test/auto/LevinsonDurbin.xml
1 ms. Memory: 1588736K Free: 1430492K (90%)
----------------- Invoking toplevel() on ptolemy.moml.MoMLSimpleApplication@72cab562
----------------- Done invoking toplevel() on ptolemy.moml.MoMLSimpleApplication@72cab562
reloadAllAccessors: .LevinsonDurbin

===========================================================================================
----------------- testing Thu Mar 14 18:35:06 UTC 2019 /home/travis/build/icyphy/ptII/ptolemy/actor/lib/test/auto/LevinsonDurbin2.xml
----------------- Instantiating /home/travis/build/icyphy/ptII/ptolemy/actor/lib/test/auto/LevinsonDurbin2.xml
1 ms. Memory: 1588736K Free: 1408057K (89%)
----------------- Invoking toplevel() on ptolemy.moml.MoMLSimpleApplication@66e03779
----------------- Done invoking toplevel() on ptolemy.moml.MoMLSimpleApplication@66e03779
reloadAllAccessors: .LevinsonDurbin2

===========================================================================================
----------------- testing Thu Mar 14 18:35:06 UTC 2019 /home/travis/build/icyphy/ptII/ptolemy/actor/lib/test/auto/LevinsonDurbin3.xml
----------------- Instantiating /home/travis/build/icyphy/ptII/ptolemy/actor/lib/test/auto/LevinsonDurbin3.xml
2 ms. Memory: 1588736K Free: 1393163K (88%)
----------------- Invoking toplevel() on ptolemy.moml.MoMLSimpleApplication@76b1d6db
----------------- Done invoking toplevel() on ptolemy.moml.MoMLSimpleApplication@76b1d6db
reloadAllAccessors: .LevinsonDurbin3

===========================================================================================
----------------- testing Thu Mar 14 18:35:06 UTC 2019 /home/travis/build/icyphy/ptII/ptolemy/actor/lib/test/auto/Limiter.xml
----------------- Instantiating /home/travis/build/icyphy/ptII/ptolemy/actor/lib/test/auto/Limiter.xml
4 ms. Memory: 1588736K Free: 1378269K (87%)
----------------- Invoking toplevel() on ptolemy.moml.MoMLSimpleApplication@3eeba4e
----------------- Done invoking toplevel() on ptolemy.moml.MoMLSimpleApplication@3eeba4e
reloadAllAccessors: .Limiter

===========================================================================================
----------------- testing Thu Mar 14 18:35:06 UTC 2019 /home/travis/build/icyphy/ptII/ptolemy/actor/lib/test/auto/LinearDifferenceEquationSystem.xml
----------------- Instantiating /home/travis/build/icyphy/ptII/ptolemy/actor/lib/test/auto/LinearDifferenceEquationSystem.xml
2 ms. Memory: 1588736K Free: 1355835K (85%)
----------------- Invoking toplevel() on ptolemy.moml.MoMLSimpleApplication@57a9dc77
----------------- Done invoking toplevel() on ptolemy.moml.MoMLSimpleApplication@57a9dc77
reloadAllAccessors: .LinearDifferenceEquationSystem

===========================================================================================
----------------- testing Thu Mar 14 18:35:06 UTC 2019 /home/travis/build/icyphy/ptII/ptolemy/actor/lib/test/auto/LookupTable.xml
----------------- Instantiating /home/travis/build/icyphy/ptII/ptolemy/actor/lib/test/auto/LookupTable.xml
2 ms. Memory: 1588736K Free: 1340940K (84%)
----------------- Invoking toplevel() on ptolemy.moml.MoMLSimpleApplication@44560818
----------------- Done invoking toplevel() on ptolemy.moml.MoMLSimpleApplication@44560818
reloadAllAccessors: .LookupTable

===========================================================================================
----------------- testing Thu Mar 14 18:35:06 UTC 2019 /home/travis/build/icyphy/ptII/ptolemy/actor/lib/test/auto/MathFunction.xml
----------------- Instantiating /home/travis/build/icyphy/ptII/ptolemy/actor/lib/test/auto/MathFunction.xml
2 ms. Memory: 1588736K Free: 1326046K (83%)
----------------- Invoking toplevel() on ptolemy.moml.MoMLSimpleApplication@7196b3f4
----------------- Done invoking toplevel() on ptolemy.moml.MoMLSimpleApplication@7196b3f4
reloadAllAccessors: .MathFunction

===========================================================================================
----------------- testing Thu Mar 14 18:35:06 UTC 2019 /home/travis/build/icyphy/ptII/ptolemy/actor/lib/test/auto/MathFunction2.xml
----------------- Instantiating /home/travis/build/icyphy/ptII/ptolemy/actor/lib/test/auto/MathFunction2.xml
1 ms. Memory: 1588736K Free: 1311152K (83%)
----------------- Invoking toplevel() on ptolemy.moml.MoMLSimpleApplication@7d9c62fb
----------------- Done invoking toplevel() on ptolemy.moml.MoMLSimpleApplication@7d9c62fb
reloadAllAccessors: .MathFunction2

===========================================================================================
----------------- testing Thu Mar 14 18:35:06 UTC 2019 /home/travis/build/icyphy/ptII/ptolemy/actor/lib/test/auto/MathFunction3.xml
----------------- Instantiating /home/travis/build/icyphy/ptII/ptolemy/actor/lib/test/auto/MathFunction3.xml
2 ms. Memory: 1588736K Free: 1288717K (81%)
----------------- Invoking toplevel() on ptolemy.moml.MoMLSimpleApplication@1b998fa8
----------------- Done invoking toplevel() on ptolemy.moml.MoMLSimpleApplication@1b998fa8
reloadAllAccessors: .MathFunction3

===========================================================================================
----------------- testing Thu Mar 14 18:35:06 UTC 2019 /home/travis/build/icyphy/ptII/ptolemy/actor/lib/test/auto/MatrixCropBoolean.xml
----------------- Instantiating /home/travis/build/icyphy/ptII/ptolemy/actor/lib/test/auto/MatrixCropBoolean.xml
2 ms. Memory: 1588736K Free: 1273823K (80%)
----------------- Invoking toplevel() on ptolemy.moml.MoMLSimpleApplication@7278a199
----------------- Done invoking toplevel() on ptolemy.moml.MoMLSimpleApplication@7278a199
reloadAllAccessors: .MatrixCropBoolean

===========================================================================================
----------------- testing Thu Mar 14 18:35:06 UTC 2019 /home/travis/build/icyphy/ptII/ptolemy/actor/lib/test/auto/MatrixCropComplex.xml
----------------- Instantiating /home/travis/build/icyphy/ptII/ptolemy/actor/lib/test/auto/MatrixCropComplex.xml
2 ms. Memory: 1588736K Free: 1258929K (79%)
----------------- Invoking toplevel() on ptolemy.moml.MoMLSimpleApplication@da0d74b
----------------- Done invoking toplevel() on ptolemy.moml.MoMLSimpleApplication@da0d74b
reloadAllAccessors: .MatrixCropComplex

===========================================================================================
----------------- testing Thu Mar 14 18:35:06 UTC 2019 /home/travis/build/icyphy/ptII/ptolemy/actor/lib/test/auto/MatrixCropDouble.xml
----------------- Instantiating /home/travis/build/icyphy/ptII/ptolemy/actor/lib/test/auto/MatrixCropDouble.xml
2 ms. Memory: 1588736K Free: 1236495K (78%)
----------------- Invoking toplevel() on ptolemy.moml.MoMLSimpleApplication@70573f69
----------------- Done invoking toplevel() on ptolemy.moml.MoMLSimpleApplication@70573f69
reloadAllAccessors: .MatrixCropDouble

===========================================================================================
----------------- testing Thu Mar 14 18:35:06 UTC 2019 /home/travis/build/icyphy/ptII/ptolemy/actor/lib/test/auto/MatrixCropFix.xml
----------------- Instantiating /home/travis/build/icyphy/ptII/ptolemy/actor/lib/test/auto/MatrixCropFix.xml
2 ms. Memory: 1588736K Free: 1221601K (77%)
----------------- Invoking toplevel() on ptolemy.moml.MoMLSimpleApplication@896505f
----------------- Done invoking toplevel() on ptolemy.moml.MoMLSimpleApplication@896505f
reloadAllAccessors: .MatrixCropFix

===========================================================================================
----------------- testing Thu Mar 14 18:35:06 UTC 2019 /home/travis/build/icyphy/ptII/ptolemy/actor/lib/test/auto/MatrixCropInt.xml
----------------- Instantiating /home/travis/build/icyphy/ptII/ptolemy/actor/lib/test/auto/MatrixCropInt.xml
1 ms. Memory: 1588736K Free: 1206706K (76%)
----------------- Invoking toplevel() on ptolemy.moml.MoMLSimpleApplication@1a23d28
----------------- Done invoking toplevel() on ptolemy.moml.MoMLSimpleApplication@1a23d28
reloadAllAccessors: .MatrixCropInt

===========================================================================================
----------------- testing Thu Mar 14 18:35:06 UTC 2019 /home/travis/build/icyphy/ptII/ptolemy/actor/lib/test/auto/MatrixCropLong.xml
----------------- Instantiating /home/travis/build/icyphy/ptII/ptolemy/actor/lib/test/auto/MatrixCropLong.xml
2 ms. Memory: 1588736K Free: 1184272K (75%)
----------------- Invoking toplevel() on ptolemy.moml.MoMLSimpleApplication@76cdc9a6
----------------- Done invoking toplevel() on ptolemy.moml.MoMLSimpleApplication@76cdc9a6
reloadAllAccessors: .MatrixCropLong

===========================================================================================
----------------- testing Thu Mar 14 18:35:06 UTC 2019 /home/travis/build/icyphy/ptII/ptolemy/actor/lib/test/auto/MatrixToArray.xml
----------------- Instantiating /home/travis/build/icyphy/ptII/ptolemy/actor/lib/test/auto/MatrixToArray.xml
5 ms. Memory: 1588736K Free: 1161915K (73%)
----------------- Invoking toplevel() on ptolemy.moml.MoMLSimpleApplication@1317e6a5
----------------- Done invoking toplevel() on ptolemy.moml.MoMLSimpleApplication@1317e6a5
reloadAllAccessors: .MatrixToArray

===========================================================================================
----------------- testing Thu Mar 14 18:35:06 UTC 2019 /home/travis/build/icyphy/ptII/ptolemy/actor/lib/test/auto/MaxIndex.xml
----------------- Instantiating /home/travis/build/icyphy/ptII/ptolemy/actor/lib/test/auto/MaxIndex.xml
2 ms. Memory: 1588736K Free: 1147021K (72%)
----------------- Invoking toplevel() on ptolemy.moml.MoMLSimpleApplication@6701a5f6
----------------- Done invoking toplevel() on ptolemy.moml.MoMLSimpleApplication@6701a5f6
reloadAllAccessors: .MaxIndex

===========================================================================================
----------------- testing Thu Mar 14 18:35:06 UTC 2019 /home/travis/build/icyphy/ptII/ptolemy/actor/lib/test/auto/Maximum.xml
----------------- Instantiating /home/travis/build/icyphy/ptII/ptolemy/actor/lib/test/auto/Maximum.xml
2 ms. Memory: 1588736K Free: 1124586K (71%)
----------------- Invoking toplevel() on ptolemy.moml.MoMLSimpleApplication@67c3d321
----------------- Done invoking toplevel() on ptolemy.moml.MoMLSimpleApplication@67c3d321
reloadAllAccessors: .Maximum

===========================================================================================
----------------- testing Thu Mar 14 18:35:06 UTC 2019 /home/travis/build/icyphy/ptII/ptolemy/actor/lib/test/auto/MaximumComplex.xml
----------------- Instantiating /home/travis/build/icyphy/ptII/ptolemy/actor/lib/test/auto/MaximumComplex.xml
2 ms. Memory: 1588736K Free: 1109692K (70%)
----------------- Invoking toplevel() on ptolemy.moml.MoMLSimpleApplication@73a15957
----------------- Done invoking toplevel() on ptolemy.moml.MoMLSimpleApplication@73a15957
reloadAllAccessors: .MaximumComplex

===========================================================================================
----------------- testing Thu Mar 14 18:35:06 UTC 2019 /home/travis/build/icyphy/ptII/ptolemy/actor/lib/test/auto/MethodCallTest.xml
----------------- Instantiating /home/travis/build/icyphy/ptII/ptolemy/actor/lib/test/auto/MethodCallTest.xml
2 ms. Memory: 1588736K Free: 1094798K (69%)
----------------- Invoking toplevel() on ptolemy.moml.MoMLSimpleApplication@45195242
----------------- Done invoking toplevel() on ptolemy.moml.MoMLSimpleApplication@45195242
reloadAllAccessors: .MethodCallTest

===========================================================================================
----------------- testing Thu Mar 14 18:35:06 UTC 2019 /home/travis/build/icyphy/ptII/ptolemy/actor/lib/test/auto/Minimum.xml
----------------- Instantiating /home/travis/build/icyphy/ptII/ptolemy/actor/lib/test/auto/Minimum.xml
2 ms. Memory: 1588736K Free: 1072363K (67%)
----------------- Invoking toplevel() on ptolemy.moml.MoMLSimpleApplication@4581ebc2
----------------- Done invoking toplevel() on ptolemy.moml.MoMLSimpleApplication@4581ebc2
reloadAllAccessors: .Minimum

===========================================================================================
----------------- testing Thu Mar 14 18:35:06 UTC 2019 /home/travis/build/icyphy/ptII/ptolemy/actor/lib/test/auto/MinimumComplex.xml
----------------- Instantiating /home/travis/build/icyphy/ptII/ptolemy/actor/lib/test/auto/MinimumComplex.xml
3 ms. Memory: 1588736K Free: 1057469K (67%)
----------------- Invoking toplevel() on ptolemy.moml.MoMLSimpleApplication@254b93ee
----------------- Done invoking toplevel() on ptolemy.moml.MoMLSimpleApplication@254b93ee
reloadAllAccessors: .MinimumComplex

===========================================================================================
----------------- testing Thu Mar 14 18:35:06 UTC 2019 /home/travis/build/icyphy/ptII/ptolemy/actor/lib/test/auto/MinimumMultiports.xml
----------------- Instantiating /home/travis/build/icyphy/ptII/ptolemy/actor/lib/test/auto/MinimumMultiports.xml
3 ms. Memory: 1588736K Free: 1042575K (66%)
----------------- Invoking toplevel() on ptolemy.moml.MoMLSimpleApplication@13798edf
----------------- Done invoking toplevel() on ptolemy.moml.MoMLSimpleApplication@13798edf
reloadAllAccessors: .MinimumMultiports

===========================================================================================
----------------- testing Thu Mar 14 18:35:06 UTC 2019 /home/travis/build/icyphy/ptII/ptolemy/actor/lib/test/auto/ModifyDate.xml
----------------- Instantiating /home/travis/build/icyphy/ptII/ptolemy/actor/lib/test/auto/ModifyDate.xml
4 ms. Memory: 1588736K Free: 1020234K (64%)
----------------- Invoking toplevel() on ptolemy.moml.MoMLSimpleApplication@3d1ec80e
----------------- Done invoking toplevel() on ptolemy.moml.MoMLSimpleApplication@3d1ec80e
reloadAllAccessors: .ModifyDate

===========================================================================================
----------------- testing Thu Mar 14 18:35:06 UTC 2019 /home/travis/build/icyphy/ptII/ptolemy/actor/lib/test/auto/ModifyDate2.xml
----------------- Instantiating /home/travis/build/icyphy/ptII/ptolemy/actor/lib/test/auto/ModifyDate2.xml
3 ms. Memory: 1588736K Free: 990336K (62%)
----------------- Invoking toplevel() on ptolemy.moml.MoMLSimpleApplication@175b0d0d
----------------- Done invoking toplevel() on ptolemy.moml.MoMLSimpleApplication@175b0d0d
reloadAllAccessors: .ModifyDate2

===========================================================================================
----------------- testing Thu Mar 14 18:35:06 UTC 2019 /home/travis/build/icyphy/ptII/ptolemy/actor/lib/test/auto/MovingAverage.xml
----------------- Instantiating /home/travis/build/icyphy/ptII/ptolemy/actor/lib/test/auto/MovingAverage.xml
2 ms. Memory: 1588736K Free: 975442K (61%)
----------------- Invoking toplevel() on ptolemy.moml.MoMLSimpleApplication@3fd7b03b
----------------- Done invoking toplevel() on ptolemy.moml.MoMLSimpleApplication@3fd7b03b
reloadAllAccessors: .MovingAverage

===========================================================================================
----------------- testing Thu Mar 14 18:35:06 UTC 2019 /home/travis/build/icyphy/ptII/ptolemy/actor/lib/test/auto/MovingMaximum.xml
----------------- Instantiating /home/travis/build/icyphy/ptII/ptolemy/actor/lib/test/auto/MovingMaximum.xml
1 ms. Memory: 1588736K Free: 960548K (60%)
----------------- Invoking toplevel() on ptolemy.moml.MoMLSimpleApplication@26911356
----------------- Done invoking toplevel() on ptolemy.moml.MoMLSimpleApplication@26911356
reloadAllAccessors: .MovingMaximum

===========================================================================================
----------------- testing Thu Mar 14 18:35:06 UTC 2019 /home/travis/build/icyphy/ptII/ptolemy/actor/lib/test/auto/MultipleLinksToSameRelation.xml
----------------- Instantiating /home/travis/build/icyphy/ptII/ptolemy/actor/lib/test/auto/MultipleLinksToSameRelation.xml
2 ms. Memory: 1588736K Free: 938114K (59%)
----------------- Invoking toplevel() on ptolemy.moml.MoMLSimpleApplication@a1cb42c
----------------- Done invoking toplevel() on ptolemy.moml.MoMLSimpleApplication@a1cb42c
reloadAllAccessors: .MultipleLinksToSameRelation

===========================================================================================
----------------- testing Thu Mar 14 18:35:06 UTC 2019 /home/travis/build/icyphy/ptII/ptolemy/actor/lib/test/auto/MultipleLinksToSameRelationDE.xml
----------------- Instantiating /home/travis/build/icyphy/ptII/ptolemy/actor/lib/test/auto/MultipleLinksToSameRelationDE.xml
2 ms. Memory: 1588736K Free: 923219K (58%)
----------------- Invoking toplevel() on ptolemy.moml.MoMLSimpleApplication@18a628f6
----------------- Done invoking toplevel() on ptolemy.moml.MoMLSimpleApplication@18a628f6
reloadAllAccessors: .MultipleLinksToSameRelationDE

===========================================================================================
----------------- testing Thu Mar 14 18:35:06 UTC 2019 /home/travis/build/icyphy/ptII/ptolemy/actor/lib/test/auto/Multiplexor.xml
----------------- Instantiating /home/travis/build/icyphy/ptII/ptolemy/actor/lib/test/auto/Multiplexor.xml
2 ms. Memory: 1588736K Free: 908325K (57%)
----------------- Invoking toplevel() on ptolemy.moml.MoMLSimpleApplication@3b77cb37
----------------- Done invoking toplevel() on ptolemy.moml.MoMLSimpleApplication@3b77cb37
reloadAllAccessors: .Multiplexor

===========================================================================================
----------------- testing Thu Mar 14 18:35:06 UTC 2019 /home/travis/build/icyphy/ptII/ptolemy/actor/lib/test/auto/Multiplexor1.xml
----------------- Instantiating /home/travis/build/icyphy/ptII/ptolemy/actor/lib/test/auto/Multiplexor1.xml
2 ms. Memory: 1588736K Free: 885891K (56%)
----------------- Invoking toplevel() on ptolemy.moml.MoMLSimpleApplication@28267dab
----------------- Done invoking toplevel() on ptolemy.moml.MoMLSimpleApplication@28267dab
reloadAllAccessors: .Multiplexor1

===========================================================================================
----------------- testing Thu Mar 14 18:35:06 UTC 2019 /home/travis/build/icyphy/ptII/ptolemy/actor/lib/test/auto/Multiplexor2.xml
----------------- Instantiating /home/travis/build/icyphy/ptII/ptolemy/actor/lib/test/auto/Multiplexor2.xml
2 ms. Memory: 1588736K Free: 870997K (55%)
----------------- Invoking toplevel() on ptolemy.moml.MoMLSimpleApplication@5de8b681
----------------- Done invoking toplevel() on ptolemy.moml.MoMLSimpleApplication@5de8b681
reloadAllAccessors: .Multiplexor2

===========================================================================================
----------------- testing Thu Mar 14 18:35:06 UTC 2019 /home/travis/build/icyphy/ptII/ptolemy/actor/lib/test/auto/Multiplexor3.xml
----------------- Instantiating /home/travis/build/icyphy/ptII/ptolemy/actor/lib/test/auto/Multiplexor3.xml
1 ms. Memory: 1588736K Free: 856103K (54%)
----------------- Invoking toplevel() on ptolemy.moml.MoMLSimpleApplication@7d8c7bec
----------------- Done invoking toplevel() on ptolemy.moml.MoMLSimpleApplication@7d8c7bec
reloadAllAccessors: .Multiplexor3

===========================================================================================
----------------- testing Thu Mar 14 18:35:06 UTC 2019 /home/travis/build/icyphy/ptII/ptolemy/actor/lib/test/auto/MultiplexorDE.xml
----------------- Instantiating /home/travis/build/icyphy/ptII/ptolemy/actor/lib/test/auto/MultiplexorDE.xml
2 ms. Memory: 1588736K Free: 833668K (52%)
----------------- Invoking toplevel() on ptolemy.moml.MoMLSimpleApplication@205699c
----------------- Done invoking toplevel() on ptolemy.moml.MoMLSimpleApplication@205699c
reloadAllAccessors: .MultiplexorDE

===========================================================================================
----------------- testing Thu Mar 14 18:35:06 UTC 2019 /home/travis/build/icyphy/ptII/ptolemy/actor/lib/test/auto/MultiportBroadcastTest.xml
----------------- Instantiating /home/travis/build/icyphy/ptII/ptolemy/actor/lib/test/auto/MultiportBroadcastTest.xml
74 ms. Memory: 1588736K Free: 818774K (52%)
----------------- Invoking toplevel() on ptolemy.moml.MoMLSimpleApplication@6a034304
----------------- Done invoking toplevel() on ptolemy.moml.MoMLSimpleApplication@6a034304
reloadAllAccessors: .MultiportBroadcastTest

===========================================================================================
----------------- testing Thu Mar 14 18:35:06 UTC 2019 /home/travis/build/icyphy/ptII/ptolemy/actor/lib/test/auto/MultiportOutHangDuringGetWidth.xml
----------------- Instantiating /home/travis/build/icyphy/ptII/ptolemy/actor/lib/test/auto/MultiportOutHangDuringGetWidth.xml
6 ms. Memory: 1588736K Free: 796417K (50%)
----------------- Invoking toplevel() on ptolemy.moml.MoMLSimpleApplication@697621d8
----------------- Done invoking toplevel() on ptolemy.moml.MoMLSimpleApplication@697621d8
reloadAllAccessors: .MultiportOutHangDuringGetWidth

===========================================================================================
----------------- testing Thu Mar 14 18:35:06 UTC 2019 /home/travis/build/icyphy/ptII/ptolemy/actor/lib/test/auto/NilToken.xml
----------------- Instantiating /home/travis/build/icyphy/ptII/ptolemy/actor/lib/test/auto/NilToken.xml
1 ms. Memory: 1588736K Free: 773982K (49%)
----------------- Invoking toplevel() on ptolemy.moml.MoMLSimpleApplication@44527d60
----------------- Done invoking toplevel() on ptolemy.moml.MoMLSimpleApplication@44527d60
reloadAllAccessors: .NilToken

===========================================================================================
----------------- testing Thu Mar 14 18:35:06 UTC 2019 /home/travis/build/icyphy/ptII/ptolemy/actor/lib/test/auto/NilTokenNonStrictTest.xml
----------------- Instantiating /home/travis/build/icyphy/ptII/ptolemy/actor/lib/test/auto/NilTokenNonStrictTest.xml
3 ms. Memory: 1588736K Free: 759088K (48%)
----------------- Invoking toplevel() on ptolemy.moml.MoMLSimpleApplication@1f6ae47d
----------------- Done invoking toplevel() on ptolemy.moml.MoMLSimpleApplication@1f6ae47d
reloadAllAccessors: .NilTokenNonStrictTest

===========================================================================================
----------------- testing Thu Mar 14 18:35:06 UTC 2019 /home/travis/build/icyphy/ptII/ptolemy/actor/lib/test/auto/NilTokenRecord.xml
----------------- Instantiating /home/travis/build/icyphy/ptII/ptolemy/actor/lib/test/auto/NilTokenRecord.xml
5 ms. Memory: 1588736K Free: 744194K (47%)
----------------- Invoking toplevel() on ptolemy.moml.MoMLSimpleApplication@2c85561b
----------------- Done invoking toplevel() on ptolemy.moml.MoMLSimpleApplication@2c85561b
reloadAllAccessors: .NilTokenRecord

===========================================================================================
----------------- testing Thu Mar 14 18:35:06 UTC 2019 /home/travis/build/icyphy/ptII/ptolemy/actor/lib/test/auto/NilTokenTypeTest.xml
----------------- Instantiating /home/travis/build/icyphy/ptII/ptolemy/actor/lib/test/auto/NilTokenTypeTest.xml
3 ms. Memory: 1588736K Free: 721845K (45%)
----------------- Invoking toplevel() on ptolemy.moml.MoMLSimpleApplication@4a1efa7b
----------------- Done invoking toplevel() on ptolemy.moml.MoMLSimpleApplication@4a1efa7b
reloadAllAccessors: .NilTokenTypeTest

===========================================================================================
----------------- testing Thu Mar 14 18:35:06 UTC 2019 /home/travis/build/icyphy/ptII/ptolemy/actor/lib/test/auto/ObjectToken1.xml
----------------- Instantiating /home/travis/build/icyphy/ptII/ptolemy/actor/lib/test/auto/ObjectToken1.xml
2 ms. Memory: 1588736K Free: 699410K (44%)
----------------- Invoking toplevel() on ptolemy.moml.MoMLSimpleApplication@21723515
----------------- Done invoking toplevel() on ptolemy.moml.MoMLSimpleApplication@21723515
reloadAllAccessors: .ObjectToken1

===========================================================================================
----------------- testing Thu Mar 14 18:35:06 UTC 2019 /home/travis/build/icyphy/ptII/ptolemy/actor/lib/test/auto/OrderedMerge.xml
----------------- Instantiating /home/travis/build/icyphy/ptII/ptolemy/actor/lib/test/auto/OrderedMerge.xml
9 ms. Memory: 1588736K Free: 654728K (41%)
----------------- Invoking toplevel() on ptolemy.moml.MoMLSimpleApplication@50e781a8
----------------- Done invoking toplevel() on ptolemy.moml.MoMLSimpleApplication@50e781a8
reloadAllAccessors: .OrderedMerge

===========================================================================================
----------------- testing Thu Mar 14 18:35:06 UTC 2019 /home/travis/build/icyphy/ptII/ptolemy/actor/lib/test/auto/OrderedRecordDisassembler.xml
----------------- Instantiating /home/travis/build/icyphy/ptII/ptolemy/actor/lib/test/auto/OrderedRecordDisassembler.xml
3 ms. Memory: 1588736K Free: 639834K (40%)
----------------- Invoking toplevel() on ptolemy.moml.MoMLSimpleApplication@2dbf9e84
----------------- Done invoking toplevel() on ptolemy.moml.MoMLSimpleApplication@2dbf9e84
reloadAllAccessors: .OrderedRecordDisassembler

===========================================================================================
----------------- testing Thu Mar 14 18:35:06 UTC 2019 /home/travis/build/icyphy/ptII/ptolemy/actor/lib/test/auto/OrderedRecordDisassembler2.xml
----------------- Instantiating /home/travis/build/icyphy/ptII/ptolemy/actor/lib/test/auto/OrderedRecordDisassembler2.xml
4 ms. Memory: 1588736K Free: 617400K (39%)
----------------- Invoking toplevel() on ptolemy.moml.MoMLSimpleApplication@1d34e0fb
----------------- Done invoking toplevel() on ptolemy.moml.MoMLSimpleApplication@1d34e0fb
reloadAllAccessors: .OrderedRecordDisassembler2

===========================================================================================
----------------- testing Thu Mar 14 18:35:06 UTC 2019 /home/travis/build/icyphy/ptII/ptolemy/actor/lib/test/auto/OrderedRecordUpdater.xml
----------------- Instantiating /home/travis/build/icyphy/ptII/ptolemy/actor/lib/test/auto/OrderedRecordUpdater.xml
1 ms. Memory: 1588736K Free: 602505K (38%)
----------------- Invoking toplevel() on ptolemy.moml.MoMLSimpleApplication@5d7749f6
----------------- Done invoking toplevel() on ptolemy.moml.MoMLSimpleApplication@5d7749f6
reloadAllAccessors: .RecordUpdater

===========================================================================================
----------------- testing Thu Mar 14 18:35:07 UTC 2019 /home/travis/build/icyphy/ptII/ptolemy/actor/lib/test/auto/OrderedRecordUpdater2.xml
----------------- Instantiating /home/travis/build/icyphy/ptII/ptolemy/actor/lib/test/auto/OrderedRecordUpdater2.xml
6 ms. Memory: 1588736K Free: 587611K (37%)
----------------- Invoking toplevel() on ptolemy.moml.MoMLSimpleApplication@769ae9d4
----------------- Done invoking toplevel() on ptolemy.moml.MoMLSimpleApplication@769ae9d4
reloadAllAccessors: .RecordUpdater2

===========================================================================================
----------------- testing Thu Mar 14 18:35:07 UTC 2019 /home/travis/build/icyphy/ptII/ptolemy/actor/lib/test/auto/PhaseUnwrap.xml
----------------- Instantiating /home/travis/build/icyphy/ptII/ptolemy/actor/lib/test/auto/PhaseUnwrap.xml
2 ms. Memory: 1588736K Free: 565177K (36%)
----------------- Invoking toplevel() on ptolemy.moml.MoMLSimpleApplication@6bd30eb7
----------------- Done invoking toplevel() on ptolemy.moml.MoMLSimpleApplication@6bd30eb7
reloadAllAccessors: .PhaseUnwrap

===========================================================================================
----------------- testing Thu Mar 14 18:35:07 UTC 2019 /home/travis/build/icyphy/ptII/ptolemy/actor/lib/test/auto/PoissonClock.xml
----------------- Instantiating /home/travis/build/icyphy/ptII/ptolemy/actor/lib/test/auto/PoissonClock.xml
2 ms. Memory: 1588736K Free: 550283K (35%)
----------------- Invoking toplevel() on ptolemy.moml.MoMLSimpleApplication@7c2bf80d
----------------- Done invoking toplevel() on ptolemy.moml.MoMLSimpleApplication@7c2bf80d
reloadAllAccessors: .PoissonClock

===========================================================================================
----------------- testing Thu Mar 14 18:35:07 UTC 2019 /home/travis/build/icyphy/ptII/ptolemy/actor/lib/test/auto/PoissonClock2.xml
----------------- Instantiating /home/travis/build/icyphy/ptII/ptolemy/actor/lib/test/auto/PoissonClock2.xml
1 ms. Memory: 1588736K Free: 535389K (34%)
----------------- Invoking toplevel() on ptolemy.moml.MoMLSimpleApplication@278bee70
----------------- Done invoking toplevel() on ptolemy.moml.MoMLSimpleApplication@278bee70
reloadAllAccessors: .PoissonClock2

===========================================================================================
----------------- testing Thu Mar 14 18:35:07 UTC 2019 /home/travis/build/icyphy/ptII/ptolemy/actor/lib/test/auto/PoissonClock3.xml
----------------- Instantiating /home/travis/build/icyphy/ptII/ptolemy/actor/lib/test/auto/PoissonClock3.xml
2 ms. Memory: 1588736K Free: 512954K (32%)
----------------- Invoking toplevel() on ptolemy.moml.MoMLSimpleApplication@7f575e8f
----------------- Done invoking toplevel() on ptolemy.moml.MoMLSimpleApplication@7f575e8f
reloadAllAccessors: .PoissonClock3

===========================================================================================
----------------- testing Thu Mar 14 18:35:07 UTC 2019 /home/travis/build/icyphy/ptII/ptolemy/actor/lib/test/auto/PubSubWithInitialTokens.xml
----------------- Instantiating /home/travis/build/icyphy/ptII/ptolemy/actor/lib/test/auto/PubSubWithInitialTokens.xml
2 ms. Memory: 1588736K Free: 498060K (31%)
----------------- Invoking toplevel() on ptolemy.moml.MoMLSimpleApplication@44b058a4
----------------- Done invoking toplevel() on ptolemy.moml.MoMLSimpleApplication@44b058a4
reloadAllAccessors: .PubSubWithInitialTokens

===========================================================================================
----------------- testing Thu Mar 14 18:35:07 UTC 2019 /home/travis/build/icyphy/ptII/ptolemy/actor/lib/test/auto/PubSubWithInitialTokens2.xml
----------------- Instantiating /home/travis/build/icyphy/ptII/ptolemy/actor/lib/test/auto/PubSubWithInitialTokens2.xml
2 ms. Memory: 1588736K Free: 483166K (30%)
----------------- Invoking toplevel() on ptolemy.moml.MoMLSimpleApplication@4ef04d58
----------------- Done invoking toplevel() on ptolemy.moml.MoMLSimpleApplication@4ef04d58
reloadAllAccessors: .PubSubWithInitialTokens2

===========================================================================================
----------------- testing Thu Mar 14 18:35:07 UTC 2019 /home/travis/build/icyphy/ptII/ptolemy/actor/lib/test/auto/PublisherClassNoParameter.xml
----------------- Instantiating /home/travis/build/icyphy/ptII/ptolemy/actor/lib/test/auto/PublisherClassNoParameter.xml
2 ms. Memory: 1588736K Free: 453276K (29%)
----------------- Invoking toplevel() on ptolemy.moml.MoMLSimpleApplication@15ccbcfd
----------------- Done invoking toplevel() on ptolemy.moml.MoMLSimpleApplication@15ccbcfd
reloadAllAccessors: .PublisherClassNoParameter

===========================================================================================
----------------- testing Thu Mar 14 18:35:07 UTC 2019 /home/travis/build/icyphy/ptII/ptolemy/actor/lib/test/auto/PublisherClassParameter.xml
----------------- Instantiating /home/travis/build/icyphy/ptII/ptolemy/actor/lib/test/auto/PublisherClassParameter.xml
3 ms. Memory: 1588736K Free: 430919K (27%)
----------------- Invoking toplevel() on ptolemy.moml.MoMLSimpleApplication@6610117b
----------------- Done invoking toplevel() on ptolemy.moml.MoMLSimpleApplication@6610117b
reloadAllAccessors: .PublisherClassParameter

===========================================================================================
----------------- testing Thu Mar 14 18:35:07 UTC 2019 /home/travis/build/icyphy/ptII/ptolemy/actor/lib/test/auto/PublisherNonStrictTest.xml
----------------- Instantiating /home/travis/build/icyphy/ptII/ptolemy/actor/lib/test/auto/PublisherNonStrictTest.xml
2 ms. Memory: 1588736K Free: 416025K (26%)
----------------- Invoking toplevel() on ptolemy.moml.MoMLSimpleApplication@6e593d7d
----------------- Done invoking toplevel() on ptolemy.moml.MoMLSimpleApplication@6e593d7d
reloadAllAccessors: .PublisherNonStrictTest

===========================================================================================
----------------- testing Thu Mar 14 18:35:07 UTC 2019 /home/travis/build/icyphy/ptII/ptolemy/actor/lib/test/auto/PublisherPort1.xml
----------------- Instantiating /home/travis/build/icyphy/ptII/ptolemy/actor/lib/test/auto/PublisherPort1.xml
2 ms. Memory: 1588736K Free: 393591K (25%)
----------------- Invoking toplevel() on ptolemy.moml.MoMLSimpleApplication@663cb986
----------------- Done invoking toplevel() on ptolemy.moml.MoMLSimpleApplication@663cb986
reloadAllAccessors: .PublisherPort1

===========================================================================================
----------------- testing Thu Mar 14 18:35:07 UTC 2019 /home/travis/build/icyphy/ptII/ptolemy/actor/lib/test/auto/PublisherPort2.xml
----------------- Instantiating /home/travis/build/icyphy/ptII/ptolemy/actor/lib/test/auto/PublisherPort2.xml
2 ms. Memory: 1588736K Free: 378696K (24%)
----------------- Invoking toplevel() on ptolemy.moml.MoMLSimpleApplication@40b272eb
----------------- Done invoking toplevel() on ptolemy.moml.MoMLSimpleApplication@40b272eb
reloadAllAccessors: .PublisherPort2

===========================================================================================
----------------- testing Thu Mar 14 18:35:07 UTC 2019 /home/travis/build/icyphy/ptII/ptolemy/actor/lib/test/auto/PublisherPort3.xml
----------------- Instantiating /home/travis/build/icyphy/ptII/ptolemy/actor/lib/test/auto/PublisherPort3.xml
7 ms. Memory: 1588736K Free: 363802K (23%)
----------------- Invoking toplevel() on ptolemy.moml.MoMLSimpleApplication@99f1b96
----------------- Done invoking toplevel() on ptolemy.moml.MoMLSimpleApplication@99f1b96
reloadAllAccessors: .PublisherPort3

===========================================================================================
----------------- testing Thu Mar 14 18:35:07 UTC 2019 /home/travis/build/icyphy/ptII/ptolemy/actor/lib/test/auto/PublisherPort4.xml
----------------- Instantiating /home/travis/build/icyphy/ptII/ptolemy/actor/lib/test/auto/PublisherPort4.xml
2 ms. Memory: 1588736K Free: 348908K (22%)
----------------- Invoking toplevel() on ptolemy.moml.MoMLSimpleApplication@5ed9e049
----------------- Done invoking toplevel() on ptolemy.moml.MoMLSimpleApplication@5ed9e049
reloadAllAccessors: .PublisherPort4

===========================================================================================
----------------- testing Thu Mar 14 18:35:07 UTC 2019 /home/travis/build/icyphy/ptII/ptolemy/actor/lib/test/auto/PublisherPort5.xml
----------------- Instantiating /home/travis/build/icyphy/ptII/ptolemy/actor/lib/test/auto/PublisherPort5.xml
4 ms. Memory: 1588736K Free: 326474K (21%)
----------------- Invoking toplevel() on ptolemy.moml.MoMLSimpleApplication@7af99fe8
----------------- Done invoking toplevel() on ptolemy.moml.MoMLSimpleApplication@7af99fe8
reloadAllAccessors: .PublisherPort5

===========================================================================================
----------------- testing Thu Mar 14 18:35:07 UTC 2019 /home/travis/build/icyphy/ptII/ptolemy/actor/lib/test/auto/PublisherPort5LookAlike.xml
----------------- Instantiating /home/travis/build/icyphy/ptII/ptolemy/actor/lib/test/auto/PublisherPort5LookAlike.xml
7 ms. Memory: 1588736K Free: 311580K (20%)
----------------- Invoking toplevel() on ptolemy.moml.MoMLSimpleApplication@799bfff
----------------- Done invoking toplevel() on ptolemy.moml.MoMLSimpleApplication@799bfff
reloadAllAccessors: .PublisherPort5LookAlike

===========================================================================================
----------------- testing Thu Mar 14 18:35:07 UTC 2019 /home/travis/build/icyphy/ptII/ptolemy/actor/lib/test/auto/PublisherPort6.xml
----------------- Instantiating /home/travis/build/icyphy/ptII/ptolemy/actor/lib/test/auto/PublisherPort6.xml
2 ms. Memory: 1588736K Free: 296686K (19%)
----------------- Invoking toplevel() on ptolemy.moml.MoMLSimpleApplication@1b8abba
----------------- Done invoking toplevel() on ptolemy.moml.MoMLSimpleApplication@1b8abba
reloadAllAccessors: .PublisherPort6

===========================================================================================
----------------- testing Thu Mar 14 18:35:07 UTC 2019 /home/travis/build/icyphy/ptII/ptolemy/actor/lib/test/auto/PublisherPort7.xml
----------------- Instantiating /home/travis/build/icyphy/ptII/ptolemy/actor/lib/test/auto/PublisherPort7.xml
4 ms. Memory: 1588736K Free: 274251K (17%)
----------------- Invoking toplevel() on ptolemy.moml.MoMLSimpleApplication@6516d8f5
----------------- Done invoking toplevel() on ptolemy.moml.MoMLSimpleApplication@6516d8f5
reloadAllAccessors: .PublisherPort7

===========================================================================================
----------------- testing Thu Mar 14 18:35:07 UTC 2019 /home/travis/build/icyphy/ptII/ptolemy/actor/lib/test/auto/PublisherPort8.xml
----------------- Instantiating /home/travis/build/icyphy/ptII/ptolemy/actor/lib/test/auto/PublisherPort8.xml
5 ms. Memory: 1588736K Free: 259357K (16%)
----------------- Invoking toplevel() on ptolemy.moml.MoMLSimpleApplication@57c72bd3
----------------- Done invoking toplevel() on ptolemy.moml.MoMLSimpleApplication@57c72bd3
reloadAllAccessors: .PublisherPort8

===========================================================================================
----------------- testing Thu Mar 14 18:35:07 UTC 2019 /home/travis/build/icyphy/ptII/ptolemy/actor/lib/test/auto/PublisherPortSubscriberChannelVariablesAOC2.xml
----------------- Instantiating /home/travis/build/icyphy/ptII/ptolemy/actor/lib/test/auto/PublisherPortSubscriberChannelVariablesAOC2.xml
3 ms. Memory: 1588736K Free: 229537K (14%)
----------------- Invoking toplevel() on ptolemy.moml.MoMLSimpleApplication@67bebc78
----------------- Done invoking toplevel() on ptolemy.moml.MoMLSimpleApplication@67bebc78
reloadAllAccessors: .PublisherPortSubscriberChannelVariablesAOC2

===========================================================================================
----------------- testing Thu Mar 14 18:35:07 UTC 2019 /home/travis/build/icyphy/ptII/ptolemy/actor/lib/test/auto/PublisherPortSubscriberOpaqueWidthInference.xml
----------------- Instantiating /home/travis/build/icyphy/ptII/ptolemy/actor/lib/test/auto/PublisherPortSubscriberOpaqueWidthInference.xml
4 ms. Memory: 1588736K Free: 207102K (13%)
----------------- Invoking toplevel() on ptolemy.moml.MoMLSimpleApplication@242fa134
----------------- Done invoking toplevel() on ptolemy.moml.MoMLSimpleApplication@242fa134
reloadAllAccessors: .PublisherPortSubscriberOpaqueWidthInference

===========================================================================================
----------------- testing Thu Mar 14 18:35:07 UTC 2019 /home/travis/build/icyphy/ptII/ptolemy/actor/lib/test/auto/PublisherPortSubscriberPortAdjacent.xml
----------------- Instantiating /home/travis/build/icyphy/ptII/ptolemy/actor/lib/test/auto/PublisherPortSubscriberPortAdjacent.xml
2 ms. Memory: 1588736K Free: 192208K (12%)
----------------- Invoking toplevel() on ptolemy.moml.MoMLSimpleApplication@20aec7bb
----------------- Done invoking toplevel() on ptolemy.moml.MoMLSimpleApplication@20aec7bb
reloadAllAccessors: .PublisherPortSubscriberPortAdjacent

===========================================================================================
----------------- testing Thu Mar 14 18:35:07 UTC 2019 /home/travis/build/icyphy/ptII/ptolemy/actor/lib/test/auto/PublisherPortSubscriberPortExpression.xml
----------------- Instantiating /home/travis/build/icyphy/ptII/ptolemy/actor/lib/test/auto/PublisherPortSubscriberPortExpression.xml
4 ms. Memory: 1588736K Free: 177314K (11%)
----------------- Invoking toplevel() on ptolemy.moml.MoMLSimpleApplication@9c7974e
----------------- Done invoking toplevel() on ptolemy.moml.MoMLSimpleApplication@9c7974e
reloadAllAccessors: .PublisherPortSubscriberPortExpression

===========================================================================================
----------------- testing Thu Mar 14 18:35:07 UTC 2019 /home/travis/build/icyphy/ptII/ptolemy/actor/lib/test/auto/PublisherPortSubscriberPortOpaqueD3Reverse.xml
----------------- Instantiating /home/travis/build/icyphy/ptII/ptolemy/actor/lib/test/auto/PublisherPortSubscriberPortOpaqueD3Reverse.xml
6 ms. Memory: 1588736K Free: 154880K (10%)
----------------- Invoking toplevel() on ptolemy.moml.MoMLSimpleApplication@70b0a60c
----------------- Done invoking toplevel() on ptolemy.moml.MoMLSimpleApplication@70b0a60c
reloadAllAccessors: .PublisherPortSubscriberPortOpaqueD3Reverse

===========================================================================================
----------------- testing Thu Mar 14 18:35:07 UTC 2019 /home/travis/build/icyphy/ptII/ptolemy/actor/lib/test/auto/PublisherPortSubscriberPortOpaqueWidthInference.xml
----------------- Instantiating /home/travis/build/icyphy/ptII/ptolemy/actor/lib/test/auto/PublisherPortSubscriberPortOpaqueWidthInference.xml
5 ms. Memory: 1588736K Free: 139986K (9%)
----------------- Invoking toplevel() on ptolemy.moml.MoMLSimpleApplication@4e7478f
----------------- Done invoking toplevel() on ptolemy.moml.MoMLSimpleApplication@4e7478f
reloadAllAccessors: .PublisherPortSubscriberPortOpaqueWidthInference

===========================================================================================
----------------- testing Thu Mar 14 18:35:07 UTC 2019 /home/travis/build/icyphy/ptII/ptolemy/actor/lib/test/auto/PublisherPortToplevelSubscriberPortAOC.xml
----------------- Instantiating /home/travis/build/icyphy/ptII/ptolemy/actor/lib/test/auto/PublisherPortToplevelSubscriberPortAOC.xml
.PublisherPortToplevelSubscriberPortAOC.TestExceptionAttribute: initialize() was not invoked, but wrapup() was.  This is unusual, but not always a problem.  For example, exporting JNLP will do this.
1 ms. Memory: 1588736K Free: 125091K (8%)
----------------- Invoking toplevel() on ptolemy.moml.MoMLSimpleApplication@9804f96
----------------- Done invoking toplevel() on ptolemy.moml.MoMLSimpleApplication@9804f96
reloadAllAccessors: .PublisherPortToplevelSubscriberPortAOC

===========================================================================================
----------------- testing Thu Mar 14 18:35:07 UTC 2019 /home/travis/build/icyphy/ptII/ptolemy/actor/lib/test/auto/PublisherSubscriber.xml
----------------- Instantiating /home/travis/build/icyphy/ptII/ptolemy/actor/lib/test/auto/PublisherSubscriber.xml
3 ms. Memory: 1588736K Free: 102657K (6%)
----------------- Invoking toplevel() on ptolemy.moml.MoMLSimpleApplication@492e0d81
----------------- Done invoking toplevel() on ptolemy.moml.MoMLSimpleApplication@492e0d81
reloadAllAccessors: .PublisherSubscriber

===========================================================================================
----------------- testing Thu Mar 14 18:35:07 UTC 2019 /home/travis/build/icyphy/ptII/ptolemy/actor/lib/test/auto/PublisherSubscriber10.xml
----------------- Instantiating /home/travis/build/icyphy/ptII/ptolemy/actor/lib/test/auto/PublisherSubscriber10.xml
6 ms. Memory: 1588736K Free: 87763K (6%)
----------------- Invoking toplevel() on ptolemy.moml.MoMLSimpleApplication@68a6ba8a
----------------- Done invoking toplevel() on ptolemy.moml.MoMLSimpleApplication@68a6ba8a
reloadAllAccessors: .PublisherSubscriber10

===========================================================================================
----------------- testing Thu Mar 14 18:35:07 UTC 2019 /home/travis/build/icyphy/ptII/ptolemy/actor/lib/test/auto/PublisherSubscriber10InitialOutputs.xml
----------------- Instantiating /home/travis/build/icyphy/ptII/ptolemy/actor/lib/test/auto/PublisherSubscriber10InitialOutputs.xml
19 ms. Memory: 1588736K Free: 72869K (5%)
----------------- Invoking toplevel() on ptolemy.moml.MoMLSimpleApplication@1c593b4d
----------------- Done invoking toplevel() on ptolemy.moml.MoMLSimpleApplication@1c593b4d
reloadAllAccessors: .PublisherSubscriber10InitialOutputs

===========================================================================================
----------------- testing Thu Mar 14 18:35:07 UTC 2019 /home/travis/build/icyphy/ptII/ptolemy/actor/lib/test/auto/PublisherSubscriber11.xml
----------------- Instantiating /home/travis/build/icyphy/ptII/ptolemy/actor/lib/test/auto/PublisherSubscriber11.xml
14 ms. Memory: 1764352K Free: 1721168K (98%)
----------------- Invoking toplevel() on ptolemy.moml.MoMLSimpleApplication@294ba9b5
----------------- Done invoking toplevel() on ptolemy.moml.MoMLSimpleApplication@294ba9b5
reloadAllAccessors: .PublisherSubscriber11

===========================================================================================
----------------- testing Thu Mar 14 18:35:07 UTC 2019 /home/travis/build/icyphy/ptII/ptolemy/actor/lib/test/auto/PublisherSubscriber12.xml
----------------- Instantiating /home/travis/build/icyphy/ptII/ptolemy/actor/lib/test/auto/PublisherSubscriber12.xml
6 ms. Memory: 1764352K Free: 1693658K (96%)
----------------- Invoking toplevel() on ptolemy.moml.MoMLSimpleApplication@68546662
----------------- Done invoking toplevel() on ptolemy.moml.MoMLSimpleApplication@68546662
reloadAllAccessors: .PublisherSubscriber12

===========================================================================================
----------------- testing Thu Mar 14 18:35:07 UTC 2019 /home/travis/build/icyphy/ptII/ptolemy/actor/lib/test/auto/PublisherSubscriber13.xml
----------------- Instantiating /home/travis/build/icyphy/ptII/ptolemy/actor/lib/test/auto/PublisherSubscriber13.xml
2 ms. Memory: 1764352K Free: 1677197K (95%)
----------------- Invoking toplevel() on ptolemy.moml.MoMLSimpleApplication@5bc2f6f7
----------------- Done invoking toplevel() on ptolemy.moml.MoMLSimpleApplication@5bc2f6f7
reloadAllAccessors: .PublisherSubscriber13

===========================================================================================
----------------- testing Thu Mar 14 18:35:07 UTC 2019 /home/travis/build/icyphy/ptII/ptolemy/actor/lib/test/auto/PublisherSubscriber14.xml
----------------- Instantiating /home/travis/build/icyphy/ptII/ptolemy/actor/lib/test/auto/PublisherSubscriber14.xml
2 ms. Memory: 1764352K Free: 1653802K (94%)
----------------- Invoking toplevel() on ptolemy.moml.MoMLSimpleApplication@19ffa930
----------------- Done invoking toplevel() on ptolemy.moml.MoMLSimpleApplication@19ffa930
reloadAllAccessors: .PublisherSubscriber14

===========================================================================================
----------------- testing Thu Mar 14 18:35:07 UTC 2019 /home/travis/build/icyphy/ptII/ptolemy/actor/lib/test/auto/PublisherSubscriber2.xml
----------------- Instantiating /home/travis/build/icyphy/ptII/ptolemy/actor/lib/test/auto/PublisherSubscriber2.xml
3 ms. Memory: 1764352K Free: 1637247K (93%)
----------------- Invoking toplevel() on ptolemy.moml.MoMLSimpleApplication@7098c916
----------------- Done invoking toplevel() on ptolemy.moml.MoMLSimpleApplication@7098c916
reloadAllAccessors: .PublisherSubscriber2

===========================================================================================
----------------- testing Thu Mar 14 18:35:07 UTC 2019 /home/travis/build/icyphy/ptII/ptolemy/actor/lib/test/auto/PublisherSubscriber3.xml
----------------- Instantiating /home/travis/build/icyphy/ptII/ptolemy/actor/lib/test/auto/PublisherSubscriber3.xml
2 ms. Memory: 1764352K Free: 1620786K (92%)
----------------- Invoking toplevel() on ptolemy.moml.MoMLSimpleApplication@b136a0e
----------------- Done invoking toplevel() on ptolemy.moml.MoMLSimpleApplication@b136a0e
reloadAllAccessors: .PublisherSubscriber3

===========================================================================================
----------------- testing Thu Mar 14 18:35:07 UTC 2019 /home/travis/build/icyphy/ptII/ptolemy/actor/lib/test/auto/PublisherSubscriber4.xml
----------------- Instantiating /home/travis/build/icyphy/ptII/ptolemy/actor/lib/test/auto/PublisherSubscriber4.xml
2 ms. Memory: 1764352K Free: 1597392K (91%)
----------------- Invoking toplevel() on ptolemy.moml.MoMLSimpleApplication@239a5258
----------------- Done invoking toplevel() on ptolemy.moml.MoMLSimpleApplication@239a5258
reloadAllAccessors: .PublisherSubscriber4

===========================================================================================
----------------- testing Thu Mar 14 18:35:07 UTC 2019 /home/travis/build/icyphy/ptII/ptolemy/actor/lib/test/auto/PublisherSubscriber5.xml
----------------- Instantiating /home/travis/build/icyphy/ptII/ptolemy/actor/lib/test/auto/PublisherSubscriber5.xml
1 ms. Memory: 1764352K Free: 1580931K (90%)
----------------- Invoking toplevel() on ptolemy.moml.MoMLSimpleApplication@76b38e5b
----------------- Done invoking toplevel() on ptolemy.moml.MoMLSimpleApplication@76b38e5b
reloadAllAccessors: .PublisherSubscriber5

===========================================================================================
----------------- testing Thu Mar 14 18:35:07 UTC 2019 /home/travis/build/icyphy/ptII/ptolemy/actor/lib/test/auto/PublisherSubscriber6.xml
----------------- Instantiating /home/travis/build/icyphy/ptII/ptolemy/actor/lib/test/auto/PublisherSubscriber6.xml
2 ms. Memory: 1764352K Free: 1564470K (89%)
----------------- Invoking toplevel() on ptolemy.moml.MoMLSimpleApplication@774f3794
----------------- Done invoking toplevel() on ptolemy.moml.MoMLSimpleApplication@774f3794
reloadAllAccessors: .PublisherSubscriber6

===========================================================================================
----------------- testing Thu Mar 14 18:35:07 UTC 2019 /home/travis/build/icyphy/ptII/ptolemy/actor/lib/test/auto/PublisherSubscriber7.xml
----------------- Instantiating /home/travis/build/icyphy/ptII/ptolemy/actor/lib/test/auto/PublisherSubscriber7.xml
2 ms. Memory: 1764352K Free: 1541075K (87%)
----------------- Invoking toplevel() on ptolemy.moml.MoMLSimpleApplication@4f3aa362
----------------- Done invoking toplevel() on ptolemy.moml.MoMLSimpleApplication@4f3aa362
reloadAllAccessors: .PublisherSubscriber7

===========================================================================================
----------------- testing Thu Mar 14 18:35:07 UTC 2019 /home/travis/build/icyphy/ptII/ptolemy/actor/lib/test/auto/PublisherSubscriber8.xml
----------------- Instantiating /home/travis/build/icyphy/ptII/ptolemy/actor/lib/test/auto/PublisherSubscriber8.xml
12 ms. Memory: 1764352K Free: 1442310K (82%)
----------------- Invoking toplevel() on ptolemy.moml.MoMLSimpleApplication@26d92a51
----------------- Done invoking toplevel() on ptolemy.moml.MoMLSimpleApplication@26d92a51
reloadAllAccessors: .PublisherSubscriber8

===========================================================================================
----------------- testing Thu Mar 14 18:35:07 UTC 2019 /home/travis/build/icyphy/ptII/ptolemy/actor/lib/test/auto/PublisherSubscriber9.xml
----------------- Instantiating /home/travis/build/icyphy/ptII/ptolemy/actor/lib/test/auto/PublisherSubscriber9.xml
3 ms. Memory: 1764352K Free: 1425849K (81%)
----------------- Invoking toplevel() on ptolemy.moml.MoMLSimpleApplication@3ab1b249
----------------- Done invoking toplevel() on ptolemy.moml.MoMLSimpleApplication@3ab1b249
reloadAllAccessors: .PublisherSubscriber9

===========================================================================================
----------------- testing Thu Mar 14 18:35:07 UTC 2019 /home/travis/build/icyphy/ptII/ptolemy/actor/lib/test/auto/PublisherSubscriberAdjacent.xml
----------------- Instantiating /home/travis/build/icyphy/ptII/ptolemy/actor/lib/test/auto/PublisherSubscriberAdjacent.xml
2 ms. Memory: 1764352K Free: 1402454K (79%)
----------------- Invoking toplevel() on ptolemy.moml.MoMLSimpleApplication@613ecf57
----------------- Done invoking toplevel() on ptolemy.moml.MoMLSimpleApplication@613ecf57
reloadAllAccessors: .PublisherSubscriberAdjacent

===========================================================================================
----------------- testing Thu Mar 14 18:35:08 UTC 2019 /home/travis/build/icyphy/ptII/ptolemy/actor/lib/test/auto/PublisherSubscriberChannelVariablesAOC2.xml
----------------- Instantiating /home/travis/build/icyphy/ptII/ptolemy/actor/lib/test/auto/PublisherSubscriberChannelVariablesAOC2.xml
3 ms. Memory: 1764352K Free: 1377747K (78%)
----------------- Invoking toplevel() on ptolemy.moml.MoMLSimpleApplication@764ac321
----------------- Done invoking toplevel() on ptolemy.moml.MoMLSimpleApplication@764ac321
reloadAllAccessors: .PublisherSubscriberChannelVariablesAOC2

===========================================================================================
----------------- testing Thu Mar 14 18:35:08 UTC 2019 /home/travis/build/icyphy/ptII/ptolemy/actor/lib/test/auto/PublisherSubscriberD3.xml
----------------- Instantiating /home/travis/build/icyphy/ptII/ptolemy/actor/lib/test/auto/PublisherSubscriberD3.xml
2 ms. Memory: 1764352K Free: 1361286K (77%)
----------------- Invoking toplevel() on ptolemy.moml.MoMLSimpleApplication@236fabdf
----------------- Done invoking toplevel() on ptolemy.moml.MoMLSimpleApplication@236fabdf
reloadAllAccessors: .PublisherSubscriberD3

===========================================================================================
----------------- testing Thu Mar 14 18:35:08 UTC 2019 /home/travis/build/icyphy/ptII/ptolemy/actor/lib/test/auto/PublisherSubscriberD3Reverse.xml
----------------- Instantiating /home/travis/build/icyphy/ptII/ptolemy/actor/lib/test/auto/PublisherSubscriberD3Reverse.xml
1 ms. Memory: 1764352K Free: 1337891K (76%)
----------------- Invoking toplevel() on ptolemy.moml.MoMLSimpleApplication@726147c9
----------------- Done invoking toplevel() on ptolemy.moml.MoMLSimpleApplication@726147c9
reloadAllAccessors: .PublisherSubscriberD3Reverse

===========================================================================================
----------------- testing Thu Mar 14 18:35:08 UTC 2019 /home/travis/build/icyphy/ptII/ptolemy/actor/lib/test/auto/PublisherSubscriberExpression.xml
----------------- Instantiating /home/travis/build/icyphy/ptII/ptolemy/actor/lib/test/auto/PublisherSubscriberExpression.xml
3 ms. Memory: 1764352K Free: 1321431K (75%)
----------------- Invoking toplevel() on ptolemy.moml.MoMLSimpleApplication@4b9ca512
----------------- Done invoking toplevel() on ptolemy.moml.MoMLSimpleApplication@4b9ca512
reloadAllAccessors: .PublisherSubscriberExpression

===========================================================================================
----------------- testing Thu Mar 14 18:35:08 UTC 2019 /home/travis/build/icyphy/ptII/ptolemy/actor/lib/test/auto/PublisherSubscriberOpaque.xml
----------------- Instantiating /home/travis/build/icyphy/ptII/ptolemy/actor/lib/test/auto/PublisherSubscriberOpaque.xml
3 ms. Memory: 1764352K Free: 1304970K (74%)
----------------- Invoking toplevel() on ptolemy.moml.MoMLSimpleApplication@3758557e
----------------- Done invoking toplevel() on ptolemy.moml.MoMLSimpleApplication@3758557e
reloadAllAccessors: .PublisherSubscriberOpaque

===========================================================================================
----------------- testing Thu Mar 14 18:35:08 UTC 2019 /home/travis/build/icyphy/ptII/ptolemy/actor/lib/test/auto/PublisherSubscriberOpaqueD3.xml
----------------- Instantiating /home/travis/build/icyphy/ptII/ptolemy/actor/lib/test/auto/PublisherSubscriberOpaqueD3.xml
5 ms. Memory: 1764352K Free: 1281575K (73%)
----------------- Invoking toplevel() on ptolemy.moml.MoMLSimpleApplication@2fd3c5f3
----------------- Done invoking toplevel() on ptolemy.moml.MoMLSimpleApplication@2fd3c5f3
reloadAllAccessors: .PublisherSubscriberOpaqueD3

===========================================================================================
----------------- testing Thu Mar 14 18:35:08 UTC 2019 /home/travis/build/icyphy/ptII/ptolemy/actor/lib/test/auto/PublisherSubscriberOpaqueD3Reverse.xml
----------------- Instantiating /home/travis/build/icyphy/ptII/ptolemy/actor/lib/test/auto/PublisherSubscriberOpaqueD3Reverse.xml
5 ms. Memory: 1764352K Free: 1265114K (72%)
----------------- Invoking toplevel() on ptolemy.moml.MoMLSimpleApplication@2d5b647e
----------------- Done invoking toplevel() on ptolemy.moml.MoMLSimpleApplication@2d5b647e
reloadAllAccessors: .PublisherSubscriberOpaqueD3Reverse

===========================================================================================
----------------- testing Thu Mar 14 18:35:08 UTC 2019 /home/travis/build/icyphy/ptII/ptolemy/actor/lib/test/auto/PublisherSubscriberOpaqueWidthInference.xml
----------------- Instantiating /home/travis/build/icyphy/ptII/ptolemy/actor/lib/test/auto/PublisherSubscriberOpaqueWidthInference.xml
4 ms. Memory: 1764352K Free: 1241719K (70%)
----------------- Invoking toplevel() on ptolemy.moml.MoMLSimpleApplication@1215559b
----------------- Done invoking toplevel() on ptolemy.moml.MoMLSimpleApplication@1215559b
reloadAllAccessors: .PublisherSubscriberOpaqueWidthInference

===========================================================================================
----------------- testing Thu Mar 14 18:35:08 UTC 2019 /home/travis/build/icyphy/ptII/ptolemy/actor/lib/test/auto/PublisherTestSubscriber.xml
----------------- Instantiating /home/travis/build/icyphy/ptII/ptolemy/actor/lib/test/auto/PublisherTestSubscriber.xml
2 ms. Memory: 1764352K Free: 1225258K (69%)
----------------- Invoking toplevel() on ptolemy.moml.MoMLSimpleApplication@85a2ddc
----------------- Done invoking toplevel() on ptolemy.moml.MoMLSimpleApplication@85a2ddc
reloadAllAccessors: .PublisherTestSubscriber

===========================================================================================
----------------- testing Thu Mar 14 18:35:08 UTC 2019 /home/travis/build/icyphy/ptII/ptolemy/actor/lib/test/auto/PublisherToplevelSubscriberPortAOC.xml
----------------- Instantiating /home/travis/build/icyphy/ptII/ptolemy/actor/lib/test/auto/PublisherToplevelSubscriberPortAOC.xml
2 ms. Memory: 1764352K Free: 1208797K (69%)
----------------- Invoking toplevel() on ptolemy.moml.MoMLSimpleApplication@3ad91beb
----------------- Done invoking toplevel() on ptolemy.moml.MoMLSimpleApplication@3ad91beb
reloadAllAccessors: .PublisherToplevelSubscriberPortAOC

===========================================================================================
----------------- testing Thu Mar 14 18:35:08 UTC 2019 /home/travis/build/icyphy/ptII/ptolemy/actor/lib/test/auto/PulseFiringLimitDE.xml
----------------- Instantiating /home/travis/build/icyphy/ptII/ptolemy/actor/lib/test/auto/PulseFiringLimitDE.xml
2 ms. Memory: 1764352K Free: 1185402K (67%)
----------------- Invoking toplevel() on ptolemy.moml.MoMLSimpleApplication@6b18f8a7
----------------- Done invoking toplevel() on ptolemy.moml.MoMLSimpleApplication@6b18f8a7
reloadAllAccessors: .PulseFiringLimitDE

===========================================================================================
----------------- testing Thu Mar 14 18:35:08 UTC 2019 /home/travis/build/icyphy/ptII/ptolemy/actor/lib/test/auto/Ramp1.xml
----------------- Instantiating /home/travis/build/icyphy/ptII/ptolemy/actor/lib/test/auto/Ramp1.xml
1 ms. Memory: 1764352K Free: 1168941K (66%)
----------------- Invoking toplevel() on ptolemy.moml.MoMLSimpleApplication@28dd8261
----------------- Done invoking toplevel() on ptolemy.moml.MoMLSimpleApplication@28dd8261
reloadAllAccessors: .Ramp1

===========================================================================================
----------------- testing Thu Mar 14 18:35:08 UTC 2019 /home/travis/build/icyphy/ptII/ptolemy/actor/lib/test/auto/RampFiringLimitDE.xml
----------------- Instantiating /home/travis/build/icyphy/ptII/ptolemy/actor/lib/test/auto/RampFiringLimitDE.xml
2 ms. Memory: 1764352K Free: 1152480K (65%)
----------------- Invoking toplevel() on ptolemy.moml.MoMLSimpleApplication@63f958dc
----------------- Done invoking toplevel() on ptolemy.moml.MoMLSimpleApplication@63f958dc
reloadAllAccessors: .RampFiringLimitDE

===========================================================================================
----------------- testing Thu Mar 14 18:35:08 UTC 2019 /home/travis/build/icyphy/ptII/ptolemy/actor/lib/test/auto/RampFiringLimitSDF.xml
----------------- Instantiating /home/travis/build/icyphy/ptII/ptolemy/actor/lib/test/auto/RampFiringLimitSDF.xml
2 ms. Memory: 1764352K Free: 1129086K (64%)
----------------- Invoking toplevel() on ptolemy.moml.MoMLSimpleApplication@4b9201ea
----------------- Done invoking toplevel() on ptolemy.moml.MoMLSimpleApplication@4b9201ea
reloadAllAccessors: .RampFiringLimitSDF

===========================================================================================
----------------- testing Thu Mar 14 18:35:08 UTC 2019 /home/travis/build/icyphy/ptII/ptolemy/actor/lib/test/auto/RandomInteger.xml
----------------- Instantiating /home/travis/build/icyphy/ptII/ptolemy/actor/lib/test/auto/RandomInteger.xml
2 ms. Memory: 1764352K Free: 1112625K (63%)
----------------- Invoking toplevel() on ptolemy.moml.MoMLSimpleApplication@6c82be30
----------------- Done invoking toplevel() on ptolemy.moml.MoMLSimpleApplication@6c82be30
reloadAllAccessors: .RandomInteger

===========================================================================================
----------------- testing Thu Mar 14 18:35:08 UTC 2019 /home/travis/build/icyphy/ptII/ptolemy/actor/lib/test/auto/ReadFile1.xml
----------------- Instantiating /home/travis/build/icyphy/ptII/ptolemy/actor/lib/test/auto/ReadFile1.xml
2 ms. Memory: 1764352K Free: 1096164K (62%)
----------------- Invoking toplevel() on ptolemy.moml.MoMLSimpleApplication@45ebeb6a
----------------- Done invoking toplevel() on ptolemy.moml.MoMLSimpleApplication@45ebeb6a
reloadAllAccessors: .ReadFile1

===========================================================================================
----------------- testing Thu Mar 14 18:35:08 UTC 2019 /home/travis/build/icyphy/ptII/ptolemy/actor/lib/test/auto/ReadFile2.xml
----------------- Instantiating /home/travis/build/icyphy/ptII/ptolemy/actor/lib/test/auto/ReadFile2.xml
1 ms. Memory: 1764352K Free: 1072769K (61%)
----------------- Invoking toplevel() on ptolemy.moml.MoMLSimpleApplication@7bb61084
----------------- Done invoking toplevel() on ptolemy.moml.MoMLSimpleApplication@7bb61084
reloadAllAccessors: .ReadFile2

===========================================================================================
----------------- testing Thu Mar 14 18:35:08 UTC 2019 /home/travis/build/icyphy/ptII/ptolemy/actor/lib/test/auto/Reader.xml
----------------- Instantiating /home/travis/build/icyphy/ptII/ptolemy/actor/lib/test/auto/Reader.xml
actor.lib.Reader is obsolete, use actor.lib.io.ExpressionReader instead
3 ms. Memory: 1764352K Free: 1056308K (60%)
----------------- Invoking toplevel() on ptolemy.moml.MoMLSimpleApplication@1befe046
----------------- Done invoking toplevel() on ptolemy.moml.MoMLSimpleApplication@1befe046
reloadAllAccessors: .Reader

===========================================================================================
----------------- testing Thu Mar 14 18:35:08 UTC 2019 /home/travis/build/icyphy/ptII/ptolemy/actor/lib/test/auto/RecordAssemblerDisplayNameTest.xml
----------------- Instantiating /home/travis/build/icyphy/ptII/ptolemy/actor/lib/test/auto/RecordAssemblerDisplayNameTest.xml
2976 ms. Memory: 1781760K Free: 1463104K (82%)
----------------- Invoking toplevel() on ptolemy.moml.MoMLSimpleApplication@2b022838
----------------- Done invoking toplevel() on ptolemy.moml.MoMLSimpleApplication@2b022838
reloadAllAccessors: .RecordAssemblerDisplayNameTest

===========================================================================================
----------------- testing Thu Mar 14 18:35:11 UTC 2019 /home/travis/build/icyphy/ptII/ptolemy/actor/lib/test/auto/RecordAssemblerTypeError.xml
----------------- Instantiating /home/travis/build/icyphy/ptII/ptolemy/actor/lib/test/auto/RecordAssemblerTypeError.xml
7 ms. Memory: 1781760K Free: 1428864K (80%)
----------------- Invoking toplevel() on ptolemy.moml.MoMLSimpleApplication@277e02ba
----------------- Done invoking toplevel() on ptolemy.moml.MoMLSimpleApplication@277e02ba
reloadAllAccessors: .RecordAssemblerTypeError

===========================================================================================
----------------- testing Thu Mar 14 18:35:11 UTC 2019 /home/travis/build/icyphy/ptII/ptolemy/actor/lib/test/auto/RecordDisassember.xml
----------------- Instantiating /home/travis/build/icyphy/ptII/ptolemy/actor/lib/test/auto/RecordDisassember.xml
3 ms. Memory: 1781760K Free: 1412198K (79%)
----------------- Invoking toplevel() on ptolemy.moml.MoMLSimpleApplication@3168aa89
----------------- Done invoking toplevel() on ptolemy.moml.MoMLSimpleApplication@3168aa89
reloadAllAccessors: .RecordDisassember

===========================================================================================
----------------- testing Thu Mar 14 18:35:11 UTC 2019 /home/travis/build/icyphy/ptII/ptolemy/actor/lib/test/auto/RecordDisassemberDisplayNameTest.xml
----------------- Instantiating /home/travis/build/icyphy/ptII/ptolemy/actor/lib/test/auto/RecordDisassemberDisplayNameTest.xml
7 ms. Memory: 1781760K Free: 1390473K (78%)
----------------- Invoking toplevel() on ptolemy.moml.MoMLSimpleApplication@bfef0c6
----------------- Done invoking toplevel() on ptolemy.moml.MoMLSimpleApplication@bfef0c6
reloadAllAccessors: .RecordDisassemberDisplayNameTest

===========================================================================================
----------------- testing Thu Mar 14 18:35:11 UTC 2019 /home/travis/build/icyphy/ptII/ptolemy/actor/lib/test/auto/RecordDisassembler.xml
----------------- Instantiating /home/travis/build/icyphy/ptII/ptolemy/actor/lib/test/auto/RecordDisassembler.xml
2 ms. Memory: 1781760K Free: 1373808K (77%)
----------------- Invoking toplevel() on ptolemy.moml.MoMLSimpleApplication@145ed565
----------------- Done invoking toplevel() on ptolemy.moml.MoMLSimpleApplication@145ed565
reloadAllAccessors: .RecordDisassembler

===========================================================================================
----------------- testing Thu Mar 14 18:35:11 UTC 2019 /home/travis/build/icyphy/ptII/ptolemy/actor/lib/test/auto/RecordDisassembler2.xml
----------------- Instantiating /home/travis/build/icyphy/ptII/ptolemy/actor/lib/test/auto/RecordDisassembler2.xml
3 ms. Memory: 1781760K Free: 1352082K (76%)
----------------- Invoking toplevel() on ptolemy.moml.MoMLSimpleApplication@703f2817
----------------- Done invoking toplevel() on ptolemy.moml.MoMLSimpleApplication@703f2817
reloadAllAccessors: .RecordDisassembler2

===========================================================================================
----------------- testing Thu Mar 14 18:35:11 UTC 2019 /home/travis/build/icyphy/ptII/ptolemy/actor/lib/test/auto/RecordUpdater.xml
----------------- Instantiating /home/travis/build/icyphy/ptII/ptolemy/actor/lib/test/auto/RecordUpdater.xml
1 ms. Memory: 1781760K Free: 1335417K (75%)
----------------- Invoking toplevel() on ptolemy.moml.MoMLSimpleApplication@5f71975e
----------------- Done invoking toplevel() on ptolemy.moml.MoMLSimpleApplication@5f71975e
reloadAllAccessors: .RecordUpdater

===========================================================================================
----------------- testing Thu Mar 14 18:35:11 UTC 2019 /home/travis/build/icyphy/ptII/ptolemy/actor/lib/test/auto/RecordUpdater2.xml
----------------- Instantiating /home/travis/build/icyphy/ptII/ptolemy/actor/lib/test/auto/RecordUpdater2.xml
2 ms. Memory: 1781760K Free: 1313692K (74%)
----------------- Invoking toplevel() on ptolemy.moml.MoMLSimpleApplication@1f01c02e
----------------- Done invoking toplevel() on ptolemy.moml.MoMLSimpleApplication@1f01c02e
reloadAllAccessors: .RecordUpdater2

===========================================================================================
----------------- testing Thu Mar 14 18:35:11 UTC 2019 /home/travis/build/icyphy/ptII/ptolemy/actor/lib/test/auto/RecursiveLattice.xml
----------------- Instantiating /home/travis/build/icyphy/ptII/ptolemy/actor/lib/test/auto/RecursiveLattice.xml
1 ms. Memory: 1781760K Free: 1297026K (73%)
----------------- Invoking toplevel() on ptolemy.moml.MoMLSimpleApplication@38bf558e
----------------- Done invoking toplevel() on ptolemy.moml.MoMLSimpleApplication@38bf558e
reloadAllAccessors: .RecursiveLattice

===========================================================================================
----------------- testing Thu Mar 14 18:35:11 UTC 2019 /home/travis/build/icyphy/ptII/ptolemy/actor/lib/test/auto/Router.xml
----------------- Instantiating /home/travis/build/icyphy/ptII/ptolemy/actor/lib/test/auto/Router.xml
3004 ms. Memory: 1781760K Free: 1275301K (72%)
----------------- Invoking toplevel() on ptolemy.moml.MoMLSimpleApplication@3d422cd8
----------------- Done invoking toplevel() on ptolemy.moml.MoMLSimpleApplication@3d422cd8
reloadAllAccessors: .Router

===========================================================================================
----------------- testing Thu Mar 14 18:35:14 UTC 2019 /home/travis/build/icyphy/ptII/ptolemy/actor/lib/test/auto/Router2.xml
----------------- Instantiating /home/travis/build/icyphy/ptII/ptolemy/actor/lib/test/auto/Router2.xml
3003 ms. Memory: 1781760K Free: 1258635K (71%)
----------------- Invoking toplevel() on ptolemy.moml.MoMLSimpleApplication@29871253
----------------- Done invoking toplevel() on ptolemy.moml.MoMLSimpleApplication@29871253
reloadAllAccessors: .Router2

===========================================================================================
----------------- testing Thu Mar 14 18:35:17 UTC 2019 /home/travis/build/icyphy/ptII/ptolemy/actor/lib/test/auto/RunningMaximum.xml
----------------- Instantiating /home/travis/build/icyphy/ptII/ptolemy/actor/lib/test/auto/RunningMaximum.xml
1 ms. Memory: 1781760K Free: 1236910K (69%)
----------------- Invoking toplevel() on ptolemy.moml.MoMLSimpleApplication@477c3929
----------------- Done invoking toplevel() on ptolemy.moml.MoMLSimpleApplication@477c3929
reloadAllAccessors: .RunningMaximum

===========================================================================================
----------------- testing Thu Mar 14 18:35:17 UTC 2019 /home/travis/build/icyphy/ptII/ptolemy/actor/lib/test/auto/RunningMinimum.xml
----------------- Instantiating /home/travis/build/icyphy/ptII/ptolemy/actor/lib/test/auto/RunningMinimum.xml
2 ms. Memory: 1781760K Free: 1220244K (68%)
----------------- Invoking toplevel() on ptolemy.moml.MoMLSimpleApplication@6464dd0d
----------------- Done invoking toplevel() on ptolemy.moml.MoMLSimpleApplication@6464dd0d
reloadAllAccessors: .RunningMinimum

===========================================================================================
----------------- testing Thu Mar 14 18:35:17 UTC 2019 /home/travis/build/icyphy/ptII/ptolemy/actor/lib/test/auto/Scale.xml
----------------- Instantiating /home/travis/build/icyphy/ptII/ptolemy/actor/lib/test/auto/Scale.xml
2 ms. Memory: 1781760K Free: 1198519K (67%)
----------------- Invoking toplevel() on ptolemy.moml.MoMLSimpleApplication@11d0dc2a
----------------- Done invoking toplevel() on ptolemy.moml.MoMLSimpleApplication@11d0dc2a
reloadAllAccessors: .Scale

===========================================================================================
----------------- testing Thu Mar 14 18:35:17 UTC 2019 /home/travis/build/icyphy/ptII/ptolemy/actor/lib/test/auto/Scale2.xml
----------------- Instantiating /home/travis/build/icyphy/ptII/ptolemy/actor/lib/test/auto/Scale2.xml
2 ms. Memory: 1781760K Free: 1181853K (66%)
----------------- Invoking toplevel() on ptolemy.moml.MoMLSimpleApplication@3d55167d
----------------- Done invoking toplevel() on ptolemy.moml.MoMLSimpleApplication@3d55167d
reloadAllAccessors: .Scale2

===========================================================================================
----------------- testing Thu Mar 14 18:35:17 UTC 2019 /home/travis/build/icyphy/ptII/ptolemy/actor/lib/test/auto/Scale3.xml
----------------- Instantiating /home/travis/build/icyphy/ptII/ptolemy/actor/lib/test/auto/Scale3.xml
2 ms. Memory: 1781760K Free: 1160128K (65%)
----------------- Invoking toplevel() on ptolemy.moml.MoMLSimpleApplication@1422ba53
----------------- Done invoking toplevel() on ptolemy.moml.MoMLSimpleApplication@1422ba53
reloadAllAccessors: .Scale3

===========================================================================================
----------------- testing Thu Mar 14 18:35:17 UTC 2019 /home/travis/build/icyphy/ptII/ptolemy/actor/lib/test/auto/ScaleArray.xml
----------------- Instantiating /home/travis/build/icyphy/ptII/ptolemy/actor/lib/test/auto/ScaleArray.xml
1 ms. Memory: 1781760K Free: 1143462K (64%)
----------------- Invoking toplevel() on ptolemy.moml.MoMLSimpleApplication@1a087058
----------------- Done invoking toplevel() on ptolemy.moml.MoMLSimpleApplication@1a087058
reloadAllAccessors: .ScaleArray

===========================================================================================
----------------- testing Thu Mar 14 18:35:17 UTC 2019 /home/travis/build/icyphy/ptII/ptolemy/actor/lib/test/auto/ScaleArray2.xml
----------------- Instantiating /home/travis/build/icyphy/ptII/ptolemy/actor/lib/test/auto/ScaleArray2.xml
1 ms. Memory: 1781760K Free: 1121737K (63%)
----------------- Invoking toplevel() on ptolemy.moml.MoMLSimpleApplication@3fd45021
----------------- Done invoking toplevel() on ptolemy.moml.MoMLSimpleApplication@3fd45021
reloadAllAccessors: .ScaleArray2

===========================================================================================
----------------- testing Thu Mar 14 18:35:17 UTC 2019 /home/travis/build/icyphy/ptII/ptolemy/actor/lib/test/auto/ScaleMatrix.xml
----------------- Instantiating /home/travis/build/icyphy/ptII/ptolemy/actor/lib/test/auto/ScaleMatrix.xml
106 ms. Memory: 1781760K Free: 1096677K (62%)
----------------- Invoking toplevel() on ptolemy.moml.MoMLSimpleApplication@4a843451
----------------- Done invoking toplevel() on ptolemy.moml.MoMLSimpleApplication@4a843451
reloadAllAccessors: .ScaleMatrix

===========================================================================================
----------------- testing Thu Mar 14 18:35:17 UTC 2019 /home/travis/build/icyphy/ptII/ptolemy/actor/lib/test/auto/Select.xml
----------------- Instantiating /home/travis/build/icyphy/ptII/ptolemy/actor/lib/test/auto/Select.xml
2 ms. Memory: 1781760K Free: 1074951K (60%)
----------------- Invoking toplevel() on ptolemy.moml.MoMLSimpleApplication@314e6afc
----------------- Done invoking toplevel() on ptolemy.moml.MoMLSimpleApplication@314e6afc
reloadAllAccessors: .Select

===========================================================================================
----------------- testing Thu Mar 14 18:35:17 UTC 2019 /home/travis/build/icyphy/ptII/ptolemy/actor/lib/test/auto/Select2.xml
----------------- Instantiating /home/travis/build/icyphy/ptII/ptolemy/actor/lib/test/auto/Select2.xml
1 ms. Memory: 1781760K Free: 1058286K (59%)
----------------- Invoking toplevel() on ptolemy.moml.MoMLSimpleApplication@33582857
----------------- Done invoking toplevel() on ptolemy.moml.MoMLSimpleApplication@33582857
reloadAllAccessors: .Select2

===========================================================================================
----------------- testing Thu Mar 14 18:35:17 UTC 2019 /home/travis/build/icyphy/ptII/ptolemy/actor/lib/test/auto/SequenceToArray2.xml
----------------- Instantiating /home/travis/build/icyphy/ptII/ptolemy/actor/lib/test/auto/SequenceToArray2.xml
66 ms. Memory: 1781760K Free: 953224K (53%)
----------------- Invoking toplevel() on ptolemy.moml.MoMLSimpleApplication@29c1ad83
----------------- Done invoking toplevel() on ptolemy.moml.MoMLSimpleApplication@29c1ad83
reloadAllAccessors: .SequenceToArray2

===========================================================================================
----------------- testing Thu Mar 14 18:35:17 UTC 2019 /home/travis/build/icyphy/ptII/ptolemy/actor/lib/test/auto/SequentialClock.xml
----------------- Instantiating /home/travis/build/icyphy/ptII/ptolemy/actor/lib/test/auto/SequentialClock.xml
1 ms. Memory: 1781760K Free: 936559K (53%)
----------------- Invoking toplevel() on ptolemy.moml.MoMLSimpleApplication@13e0f6ec
----------------- Done invoking toplevel() on ptolemy.moml.MoMLSimpleApplication@13e0f6ec
reloadAllAccessors: .SequentialClock

===========================================================================================
----------------- testing Thu Mar 14 18:35:17 UTC 2019 /home/travis/build/icyphy/ptII/ptolemy/actor/lib/test/auto/SetVariable.xml
----------------- Instantiating /home/travis/build/icyphy/ptII/ptolemy/actor/lib/test/auto/SetVariable.xml
4 ms. Memory: 1781760K Free: 914834K (51%)
----------------- Invoking toplevel() on ptolemy.moml.MoMLSimpleApplication@38e90677
----------------- Done invoking toplevel() on ptolemy.moml.MoMLSimpleApplication@38e90677
reloadAllAccessors: .SetVariable

===========================================================================================
----------------- testing Thu Mar 14 18:35:17 UTC 2019 /home/travis/build/icyphy/ptII/ptolemy/actor/lib/test/auto/SetVariable2.xml
----------------- Instantiating /home/travis/build/icyphy/ptII/ptolemy/actor/lib/test/auto/SetVariable2.xml
3 ms. Memory: 1781760K Free: 898168K (50%)
----------------- Invoking toplevel() on ptolemy.moml.MoMLSimpleApplication@770d83ed
----------------- Done invoking toplevel() on ptolemy.moml.MoMLSimpleApplication@770d83ed
reloadAllAccessors: .SetVariable2

===========================================================================================
----------------- testing Thu Mar 14 18:35:17 UTC 2019 /home/travis/build/icyphy/ptII/ptolemy/actor/lib/test/auto/SetVariable3.xml
----------------- Instantiating /home/travis/build/icyphy/ptII/ptolemy/actor/lib/test/auto/SetVariable3.xml
6 ms. Memory: 1781760K Free: 876443K (49%)
----------------- Invoking toplevel() on ptolemy.moml.MoMLSimpleApplication@954a027
----------------- Done invoking toplevel() on ptolemy.moml.MoMLSimpleApplication@954a027
reloadAllAccessors: .SetVariable3

===========================================================================================
----------------- testing Thu Mar 14 18:35:17 UTC 2019 /home/travis/build/icyphy/ptII/ptolemy/actor/lib/test/auto/SetVariable4.xml
----------------- Instantiating /home/travis/build/icyphy/ptII/ptolemy/actor/lib/test/auto/SetVariable4.xml
17 ms. Memory: 1781760K Free: 801447K (45%)
----------------- Invoking toplevel() on ptolemy.moml.MoMLSimpleApplication@77fe00f1
----------------- Done invoking toplevel() on ptolemy.moml.MoMLSimpleApplication@77fe00f1
reloadAllAccessors: .SetVariable4

===========================================================================================
----------------- testing Thu Mar 14 18:35:18 UTC 2019 /home/travis/build/icyphy/ptII/ptolemy/actor/lib/test/auto/SetVariable5.xml
----------------- Instantiating /home/travis/build/icyphy/ptII/ptolemy/actor/lib/test/auto/SetVariable5.xml
19 ms. Memory: 1781760K Free: 779722K (44%)
----------------- Invoking toplevel() on ptolemy.moml.MoMLSimpleApplication@7701a3f6
----------------- Done invoking toplevel() on ptolemy.moml.MoMLSimpleApplication@7701a3f6
reloadAllAccessors: .SetVariable5

===========================================================================================
----------------- testing Thu Mar 14 18:35:18 UTC 2019 /home/travis/build/icyphy/ptII/ptolemy/actor/lib/test/auto/Sinewave.xml
----------------- Instantiating /home/travis/build/icyphy/ptII/ptolemy/actor/lib/test/auto/Sinewave.xml
6 ms. Memory: 1781760K Free: 763056K (43%)
----------------- Invoking toplevel() on ptolemy.moml.MoMLSimpleApplication@796c730f
----------------- Done invoking toplevel() on ptolemy.moml.MoMLSimpleApplication@796c730f
reloadAllAccessors: .Sinewave

===========================================================================================
----------------- testing Thu Mar 14 18:35:18 UTC 2019 /home/travis/build/icyphy/ptII/ptolemy/actor/lib/test/auto/Sinewave2.xml
----------------- Instantiating /home/travis/build/icyphy/ptII/ptolemy/actor/lib/test/auto/Sinewave2.xml
10 ms. Memory: 1781760K Free: 741331K (42%)
----------------- Invoking toplevel() on ptolemy.moml.MoMLSimpleApplication@4a620cf0
----------------- Done invoking toplevel() on ptolemy.moml.MoMLSimpleApplication@4a620cf0
reloadAllAccessors: .Sinewave2

===========================================================================================
----------------- testing Thu Mar 14 18:35:18 UTC 2019 /home/travis/build/icyphy/ptII/ptolemy/actor/lib/test/auto/Sinewave3.xml
----------------- Instantiating /home/travis/build/icyphy/ptII/ptolemy/actor/lib/test/auto/Sinewave3.xml
7 ms. Memory: 1781760K Free: 724665K (41%)
----------------- Invoking toplevel() on ptolemy.moml.MoMLSimpleApplication@7843500f
----------------- Done invoking toplevel() on ptolemy.moml.MoMLSimpleApplication@7843500f
reloadAllAccessors: .Sinewave3

===========================================================================================
----------------- testing Thu Mar 14 18:35:18 UTC 2019 /home/travis/build/icyphy/ptII/ptolemy/actor/lib/test/auto/SingleEvent.xml
----------------- Instantiating /home/travis/build/icyphy/ptII/ptolemy/actor/lib/test/auto/SingleEvent.xml
1 ms. Memory: 1781760K Free: 702940K (39%)
----------------- Invoking toplevel() on ptolemy.moml.MoMLSimpleApplication@5633d662
----------------- Done invoking toplevel() on ptolemy.moml.MoMLSimpleApplication@5633d662
reloadAllAccessors: .SingleEvent

===========================================================================================
----------------- testing Thu Mar 14 18:35:18 UTC 2019 /home/travis/build/icyphy/ptII/ptolemy/actor/lib/test/auto/Sleep.xml
----------------- Instantiating /home/travis/build/icyphy/ptII/ptolemy/actor/lib/test/auto/Sleep.xml
6003 ms. Memory: 1781760K Free: 686274K (39%)
----------------- Invoking toplevel() on ptolemy.moml.MoMLSimpleApplication@3fea0a54
----------------- Done invoking toplevel() on ptolemy.moml.MoMLSimpleApplication@3fea0a54
reloadAllAccessors: .Sleep

===========================================================================================
----------------- testing Thu Mar 14 18:35:24 UTC 2019 /home/travis/build/icyphy/ptII/ptolemy/actor/lib/test/auto/SleepMultipleFire.xml
----------------- Instantiating /home/travis/build/icyphy/ptII/ptolemy/actor/lib/test/auto/SleepMultipleFire.xml
1005 ms. Memory: 1781760K Free: 664549K (37%)
----------------- Invoking toplevel() on ptolemy.moml.MoMLSimpleApplication@4148b38
----------------- Done invoking toplevel() on ptolemy.moml.MoMLSimpleApplication@4148b38
reloadAllAccessors: .SleepMultipleFire

===========================================================================================
----------------- testing Thu Mar 14 18:35:25 UTC 2019 /home/travis/build/icyphy/ptII/ptolemy/actor/lib/test/auto/StopDE.xml
----------------- Instantiating /home/travis/build/icyphy/ptII/ptolemy/actor/lib/test/auto/StopDE.xml
1 ms. Memory: 1781760K Free: 647884K (36%)
----------------- Invoking toplevel() on ptolemy.moml.MoMLSimpleApplication@48bc5ef6
----------------- Done invoking toplevel() on ptolemy.moml.MoMLSimpleApplication@48bc5ef6
reloadAllAccessors: .StopDE

===========================================================================================
----------------- testing Thu Mar 14 18:35:25 UTC 2019 /home/travis/build/icyphy/ptII/ptolemy/actor/lib/test/auto/StopSDF.xml
----------------- Instantiating /home/travis/build/icyphy/ptII/ptolemy/actor/lib/test/auto/StopSDF.xml
3 ms. Memory: 1781760K Free: 626158K (35%)
----------------- Invoking toplevel() on ptolemy.moml.MoMLSimpleApplication@34743e15
----------------- Done invoking toplevel() on ptolemy.moml.MoMLSimpleApplication@34743e15
reloadAllAccessors: .StopSDF

===========================================================================================
----------------- testing Thu Mar 14 18:35:25 UTC 2019 /home/travis/build/icyphy/ptII/ptolemy/actor/lib/test/auto/StringConstant.xml
----------------- Instantiating /home/travis/build/icyphy/ptII/ptolemy/actor/lib/test/auto/StringConstant.xml
1 ms. Memory: 1781760K Free: 609493K (34%)
----------------- Invoking toplevel() on ptolemy.moml.MoMLSimpleApplication@6a657185
----------------- Done invoking toplevel() on ptolemy.moml.MoMLSimpleApplication@6a657185
reloadAllAccessors: .StringConstant

===========================================================================================
----------------- testing Thu Mar 14 18:35:25 UTC 2019 /home/travis/build/icyphy/ptII/ptolemy/actor/lib/test/auto/SubscriberPortInitialValues1.xml
----------------- Instantiating /home/travis/build/icyphy/ptII/ptolemy/actor/lib/test/auto/SubscriberPortInitialValues1.xml
5 ms. Memory: 1781760K Free: 587768K (33%)
----------------- Invoking toplevel() on ptolemy.moml.MoMLSimpleApplication@712d678e
----------------- Done invoking toplevel() on ptolemy.moml.MoMLSimpleApplication@712d678e
reloadAllAccessors: .SubscriberPortInitialValues1

===========================================================================================
----------------- testing Thu Mar 14 18:35:25 UTC 2019 /home/travis/build/icyphy/ptII/ptolemy/actor/lib/test/auto/SubscriberPortInitialValues13.xml
----------------- Instantiating /home/travis/build/icyphy/ptII/ptolemy/actor/lib/test/auto/SubscriberPortInitialValues13.xml
6 ms. Memory: 1781760K Free: 562753K (32%)
----------------- Invoking toplevel() on ptolemy.moml.MoMLSimpleApplication@63649f14
----------------- Done invoking toplevel() on ptolemy.moml.MoMLSimpleApplication@63649f14
reloadAllAccessors: .SubscriberPortInitialValues13

===========================================================================================
----------------- testing Thu Mar 14 18:35:25 UTC 2019 /home/travis/build/icyphy/ptII/ptolemy/actor/lib/test/auto/SubscriberPortInitialValues14.xml
----------------- Instantiating /home/travis/build/icyphy/ptII/ptolemy/actor/lib/test/auto/SubscriberPortInitialValues14.xml
4 ms. Memory: 1781760K Free: 541028K (30%)
----------------- Invoking toplevel() on ptolemy.moml.MoMLSimpleApplication@64b3d4ab
----------------- Done invoking toplevel() on ptolemy.moml.MoMLSimpleApplication@64b3d4ab
reloadAllAccessors: .SubscriberPortInitialValues14

===========================================================================================
----------------- testing Thu Mar 14 18:35:25 UTC 2019 /home/travis/build/icyphy/ptII/ptolemy/actor/lib/test/auto/SubscriberPortInitialValues2.xml
----------------- Instantiating /home/travis/build/icyphy/ptII/ptolemy/actor/lib/test/auto/SubscriberPortInitialValues2.xml
3 ms. Memory: 1781760K Free: 524363K (29%)
----------------- Invoking toplevel() on ptolemy.moml.MoMLSimpleApplication@2327996e
----------------- Done invoking toplevel() on ptolemy.moml.MoMLSimpleApplication@2327996e
reloadAllAccessors: .SubscriberPortInitialValues2

===========================================================================================
----------------- testing Thu Mar 14 18:35:25 UTC 2019 /home/travis/build/icyphy/ptII/ptolemy/actor/lib/test/auto/SubscriberPortInitialValues3.xml
----------------- Instantiating /home/travis/build/icyphy/ptII/ptolemy/actor/lib/test/auto/SubscriberPortInitialValues3.xml
3 ms. Memory: 1781760K Free: 502637K (28%)
----------------- Invoking toplevel() on ptolemy.moml.MoMLSimpleApplication@211b4c0
----------------- Done invoking toplevel() on ptolemy.moml.MoMLSimpleApplication@211b4c0
reloadAllAccessors: .SubscriberPortInitialValues3

===========================================================================================
----------------- testing Thu Mar 14 18:35:25 UTC 2019 /home/travis/build/icyphy/ptII/ptolemy/actor/lib/test/auto/SubscriptionAggregator.xml
----------------- Instantiating /home/travis/build/icyphy/ptII/ptolemy/actor/lib/test/auto/SubscriptionAggregator.xml
2 ms. Memory: 1781760K Free: 485972K (27%)
----------------- Invoking toplevel() on ptolemy.moml.MoMLSimpleApplication@290e5228
----------------- Done invoking toplevel() on ptolemy.moml.MoMLSimpleApplication@290e5228
reloadAllAccessors: .SubscriptionAggregator

===========================================================================================
----------------- testing Thu Mar 14 18:35:25 UTC 2019 /home/travis/build/icyphy/ptII/ptolemy/actor/lib/test/auto/SubscriptionAggregator2.xml
----------------- Instantiating /home/travis/build/icyphy/ptII/ptolemy/actor/lib/test/auto/SubscriptionAggregator2.xml
6 ms. Memory: 1781760K Free: 464246K (26%)
----------------- Invoking toplevel() on ptolemy.moml.MoMLSimpleApplication@5ef6115
----------------- Done invoking toplevel() on ptolemy.moml.MoMLSimpleApplication@5ef6115
reloadAllAccessors: .SubscriptionAggregator2

===========================================================================================
----------------- testing Thu Mar 14 18:35:25 UTC 2019 /home/travis/build/icyphy/ptII/ptolemy/actor/lib/test/auto/SubscriptionAggregator3.xml
----------------- Instantiating /home/travis/build/icyphy/ptII/ptolemy/actor/lib/test/auto/SubscriptionAggregator3.xml
4 ms. Memory: 1781760K Free: 447581K (25%)
----------------- Invoking toplevel() on ptolemy.moml.MoMLSimpleApplication@3a5a1060
----------------- Done invoking toplevel() on ptolemy.moml.MoMLSimpleApplication@3a5a1060
reloadAllAccessors: .SubscriptionAggregator3

===========================================================================================
----------------- testing Thu Mar 14 18:35:25 UTC 2019 /home/travis/build/icyphy/ptII/ptolemy/actor/lib/test/auto/SubscriptionAggregatorMultiply.xml
----------------- Instantiating /home/travis/build/icyphy/ptII/ptolemy/actor/lib/test/auto/SubscriptionAggregatorMultiply.xml
5 ms. Memory: 1781760K Free: 425856K (24%)
----------------- Invoking toplevel() on ptolemy.moml.MoMLSimpleApplication@3f286bc
----------------- Done invoking toplevel() on ptolemy.moml.MoMLSimpleApplication@3f286bc
reloadAllAccessors: .SubscriptionAggregatorMultiply

===========================================================================================
----------------- testing Thu Mar 14 18:35:25 UTC 2019 /home/travis/build/icyphy/ptII/ptolemy/actor/lib/test/auto/SubscriptionAggregatorPortMultiply1.xml
----------------- Instantiating /home/travis/build/icyphy/ptII/ptolemy/actor/lib/test/auto/SubscriptionAggregatorPortMultiply1.xml
3 ms. Memory: 1781760K Free: 409190K (23%)
----------------- Invoking toplevel() on ptolemy.moml.MoMLSimpleApplication@7ea9440f
----------------- Done invoking toplevel() on ptolemy.moml.MoMLSimpleApplication@7ea9440f
reloadAllAccessors: .SubscriptionAggregatorPortMultiply1

===========================================================================================
----------------- testing Thu Mar 14 18:35:25 UTC 2019 /home/travis/build/icyphy/ptII/ptolemy/actor/lib/test/auto/Switch.xml
----------------- Instantiating /home/travis/build/icyphy/ptII/ptolemy/actor/lib/test/auto/Switch.xml
8 ms. Memory: 1781760K Free: 337468K (19%)
----------------- Invoking toplevel() on ptolemy.moml.MoMLSimpleApplication@4364934c
----------------- Done invoking toplevel() on ptolemy.moml.MoMLSimpleApplication@4364934c
reloadAllAccessors: .Switch

===========================================================================================
----------------- testing Thu Mar 14 18:35:25 UTC 2019 /home/travis/build/icyphy/ptII/ptolemy/actor/lib/test/auto/Switch2.xml
----------------- Instantiating /home/travis/build/icyphy/ptII/ptolemy/actor/lib/test/auto/Switch2.xml
1 ms. Memory: 1781760K Free: 320802K (18%)
----------------- Invoking toplevel() on ptolemy.moml.MoMLSimpleApplication@3f818ad3
----------------- Done invoking toplevel() on ptolemy.moml.MoMLSimpleApplication@3f818ad3
reloadAllAccessors: .Switch2

===========================================================================================
----------------- testing Thu Mar 14 18:35:25 UTC 2019 /home/travis/build/icyphy/ptII/ptolemy/actor/lib/test/auto/SwitchDE.xml
----------------- Instantiating /home/travis/build/icyphy/ptII/ptolemy/actor/lib/test/auto/SwitchDE.xml
8 ms. Memory: 1781760K Free: 299077K (17%)
----------------- Invoking toplevel() on ptolemy.moml.MoMLSimpleApplication@55a1aac
----------------- Done invoking toplevel() on ptolemy.moml.MoMLSimpleApplication@55a1aac
reloadAllAccessors: .SwitchDE

===========================================================================================
----------------- testing Thu Mar 14 18:35:25 UTC 2019 /home/travis/build/icyphy/ptII/ptolemy/actor/lib/test/auto/SynchronizerDE.xml
----------------- Instantiating /home/travis/build/icyphy/ptII/ptolemy/actor/lib/test/auto/SynchronizerDE.xml
7 ms. Memory: 1781760K Free: 282412K (16%)
----------------- Invoking toplevel() on ptolemy.moml.MoMLSimpleApplication@76453a95
----------------- Done invoking toplevel() on ptolemy.moml.MoMLSimpleApplication@76453a95
reloadAllAccessors: .SynchronizerDE

===========================================================================================
----------------- testing Thu Mar 14 18:35:25 UTC 2019 /home/travis/build/icyphy/ptII/ptolemy/actor/lib/test/auto/Test.xml
----------------- Instantiating /home/travis/build/icyphy/ptII/ptolemy/actor/lib/test/auto/Test.xml
6 ms. Memory: 1781760K Free: 260686K (15%)
----------------- Invoking toplevel() on ptolemy.moml.MoMLSimpleApplication@a11ecb6
----------------- Done invoking toplevel() on ptolemy.moml.MoMLSimpleApplication@a11ecb6
reloadAllAccessors: .Test

===========================================================================================
----------------- testing Thu Mar 14 18:35:25 UTC 2019 /home/travis/build/icyphy/ptII/ptolemy/actor/lib/test/auto/TestExceptionAttribute1.xml
----------------- Instantiating /home/travis/build/icyphy/ptII/ptolemy/actor/lib/test/auto/TestExceptionAttribute1.xml
1 ms. Memory: 1781760K Free: 244021K (14%)
----------------- Invoking toplevel() on ptolemy.moml.MoMLSimpleApplication@36020f2
----------------- Done invoking toplevel() on ptolemy.moml.MoMLSimpleApplication@36020f2
reloadAllAccessors: .TestExceptionAttribute1

===========================================================================================
----------------- testing Thu Mar 14 18:35:25 UTC 2019 /home/travis/build/icyphy/ptII/ptolemy/actor/lib/test/auto/TestExceptionAttribute2.xml
----------------- Instantiating /home/travis/build/icyphy/ptII/ptolemy/actor/lib/test/auto/TestExceptionAttribute2.xml
1 ms. Memory: 1781760K Free: 222295K (12%)
----------------- Invoking toplevel() on ptolemy.moml.MoMLSimpleApplication@26839aa8
----------------- Done invoking toplevel() on ptolemy.moml.MoMLSimpleApplication@26839aa8
reloadAllAccessors: .TestExceptionAttribute2

===========================================================================================
----------------- testing Thu Mar 14 18:35:25 UTC 2019 /home/travis/build/icyphy/ptII/ptolemy/actor/lib/test/auto/TestExceptionAttribute3.xml
----------------- Instantiating /home/travis/build/icyphy/ptII/ptolemy/actor/lib/test/auto/TestExceptionAttribute3.xml
.TestExceptionAttribute3.TestExceptionAttribute: initialize() was not invoked, but wrapup() was.  This is unusual, but not always a problem.  For example, exporting JNLP will do this.
1 ms. Memory: 1781760K Free: 205630K (12%)
----------------- Invoking toplevel() on ptolemy.moml.MoMLSimpleApplication@2b4e458e
----------------- Done invoking toplevel() on ptolemy.moml.MoMLSimpleApplication@2b4e458e
reloadAllAccessors: .TestExceptionAttribute3

===========================================================================================
----------------- testing Thu Mar 14 18:35:25 UTC 2019 /home/travis/build/icyphy/ptII/ptolemy/actor/lib/test/auto/TestExceptionAttribute4.xml
----------------- Instantiating /home/travis/build/icyphy/ptII/ptolemy/actor/lib/test/auto/TestExceptionAttribute4.xml
.TestExceptionAttribute4.TestExceptionAttribute: initialize() was not invoked, but wrapup() was.  This is unusual, but not always a problem.  For example, exporting JNLP will do this.
.TestExceptionAttribute4.TestExceptionAttribute2: initialize() was not invoked, but wrapup() was.  This is unusual, but not always a problem.  For example, exporting JNLP will do this.
0 ms. Memory: 1781760K Free: 183905K (10%)
----------------- Invoking toplevel() on ptolemy.moml.MoMLSimpleApplication@72ede315
----------------- Done invoking toplevel() on ptolemy.moml.MoMLSimpleApplication@72ede315
reloadAllAccessors: .TestExceptionAttribute4

===========================================================================================
----------------- testing Thu Mar 14 18:35:25 UTC 2019 /home/travis/build/icyphy/ptII/ptolemy/actor/lib/test/auto/TestExceptionHandler1.xml
----------------- Instantiating /home/travis/build/icyphy/ptII/ptolemy/actor/lib/test/auto/TestExceptionHandler1.xml
1 ms. Memory: 1781760K Free: 167239K (9%)
----------------- Invoking toplevel() on ptolemy.moml.MoMLSimpleApplication@5bb80076
----------------- Done invoking toplevel() on ptolemy.moml.MoMLSimpleApplication@5bb80076
reloadAllAccessors: .TestExceptionHandler1

===========================================================================================
----------------- testing Thu Mar 14 18:35:25 UTC 2019 /home/travis/build/icyphy/ptII/ptolemy/actor/lib/test/auto/TestExceptionHandler2.xml
----------------- Instantiating /home/travis/build/icyphy/ptII/ptolemy/actor/lib/test/auto/TestExceptionHandler2.xml
2 ms. Memory: 1781760K Free: 145514K (8%)
----------------- Invoking toplevel() on ptolemy.moml.MoMLSimpleApplication@70b68981
----------------- Done invoking toplevel() on ptolemy.moml.MoMLSimpleApplication@70b68981
reloadAllAccessors: .TestExceptionHandler2

===========================================================================================
----------------- testing Thu Mar 14 18:35:25 UTC 2019 /home/travis/build/icyphy/ptII/ptolemy/actor/lib/test/auto/TestExceptionHandler3.xml
----------------- Instantiating /home/travis/build/icyphy/ptII/ptolemy/actor/lib/test/auto/TestExceptionHandler3.xml
1 ms. Memory: 1781760K Free: 128848K (7%)
----------------- Invoking toplevel() on ptolemy.moml.MoMLSimpleApplication@7c72750
----------------- Done invoking toplevel() on ptolemy.moml.MoMLSimpleApplication@7c72750
reloadAllAccessors: .TestExceptionHandler3

===========================================================================================
----------------- testing Thu Mar 14 18:35:25 UTC 2019 /home/travis/build/icyphy/ptII/ptolemy/actor/lib/test/auto/TestExceptionHandler4.xml
----------------- Instantiating /home/travis/build/icyphy/ptII/ptolemy/actor/lib/test/auto/TestExceptionHandler4.xml
0 ms. Memory: 1781760K Free: 107123K (6%)
----------------- Invoking toplevel() on ptolemy.moml.MoMLSimpleApplication@7cba55be
----------------- Done invoking toplevel() on ptolemy.moml.MoMLSimpleApplication@7cba55be
reloadAllAccessors: .TestExceptionHandler4

===========================================================================================
----------------- testing Thu Mar 14 18:35:25 UTC 2019 /home/travis/build/icyphy/ptII/ptolemy/actor/lib/test/auto/TestRequireCorrectOrder.xml
----------------- Instantiating /home/travis/build/icyphy/ptII/ptolemy/actor/lib/test/auto/TestRequireCorrectOrder.xml
3 ms. Memory: 1781760K Free: 90458K (5%)
----------------- Invoking toplevel() on ptolemy.moml.MoMLSimpleApplication@b4ecbd5
----------------- Done invoking toplevel() on ptolemy.moml.MoMLSimpleApplication@b4ecbd5
reloadAllAccessors: .TestRequireCorrectOrder

===========================================================================================
----------------- testing Thu Mar 14 18:35:25 UTC 2019 /home/travis/build/icyphy/ptII/ptolemy/actor/lib/test/auto/TestSimple.xml
----------------- Instantiating /home/travis/build/icyphy/ptII/ptolemy/actor/lib/test/auto/TestSimple.xml
2 ms. Memory: 1781760K Free: 76059K (4%)
----------------- Invoking toplevel() on ptolemy.moml.MoMLSimpleApplication@7f08699e
----------------- Done invoking toplevel() on ptolemy.moml.MoMLSimpleApplication@7f08699e
reloadAllAccessors: .TestSimple

===========================================================================================
----------------- testing Thu Mar 14 18:35:25 UTC 2019 /home/travis/build/icyphy/ptII/ptolemy/actor/lib/test/auto/ThrowModelError.xml
----------------- Instantiating /home/travis/build/icyphy/ptII/ptolemy/actor/lib/test/auto/ThrowModelError.xml
1 ms. Memory: 1783296K Free: 1730626K (97%)
----------------- Invoking toplevel() on ptolemy.moml.MoMLSimpleApplication@4ca89dc5
----------------- Done invoking toplevel() on ptolemy.moml.MoMLSimpleApplication@4ca89dc5
reloadAllAccessors: .ThrowModelError

===========================================================================================
----------------- testing Thu Mar 14 18:35:25 UTC 2019 /home/travis/build/icyphy/ptII/ptolemy/actor/lib/test/auto/TimeDelayMicrosteps.xml
----------------- Instantiating /home/travis/build/icyphy/ptII/ptolemy/actor/lib/test/auto/TimeDelayMicrosteps.xml
3 ms. Memory: 1783296K Free: 1709565K (96%)
----------------- Invoking toplevel() on ptolemy.moml.MoMLSimpleApplication@21c220b3
----------------- Done invoking toplevel() on ptolemy.moml.MoMLSimpleApplication@21c220b3
reloadAllAccessors: .TimeDelayMicrosteps

===========================================================================================
----------------- testing Thu Mar 14 18:35:25 UTC 2019 /home/travis/build/icyphy/ptII/ptolemy/actor/lib/test/auto/TimeDelayMicrosteps2.xml
----------------- Instantiating /home/travis/build/icyphy/ptII/ptolemy/actor/lib/test/auto/TimeDelayMicrosteps2.xml
4 ms. Memory: 1783296K Free: 1688504K (95%)
----------------- Invoking toplevel() on ptolemy.moml.MoMLSimpleApplication@7f2348df
----------------- Done invoking toplevel() on ptolemy.moml.MoMLSimpleApplication@7f2348df
reloadAllAccessors: .TimeDelayMicrosteps2

===========================================================================================
----------------- testing Thu Mar 14 18:35:25 UTC 2019 /home/travis/build/icyphy/ptII/ptolemy/actor/lib/test/auto/TimeDelayMicrosteps3.xml
----------------- Instantiating /home/travis/build/icyphy/ptII/ptolemy/actor/lib/test/auto/TimeDelayMicrosteps3.xml
2 ms. Memory: 1783296K Free: 1671838K (94%)
----------------- Invoking toplevel() on ptolemy.moml.MoMLSimpleApplication@72ffaf6c
----------------- Done invoking toplevel() on ptolemy.moml.MoMLSimpleApplication@72ffaf6c
reloadAllAccessors: .TimeDelayMicrosteps3

===========================================================================================
----------------- testing Thu Mar 14 18:35:25 UTC 2019 /home/travis/build/icyphy/ptII/ptolemy/actor/lib/test/auto/TimeDelayVariableMicrosteps.xml
----------------- Instantiating /home/travis/build/icyphy/ptII/ptolemy/actor/lib/test/auto/TimeDelayVariableMicrosteps.xml
3 ms. Memory: 1783296K Free: 1650777K (93%)
----------------- Invoking toplevel() on ptolemy.moml.MoMLSimpleApplication@49dc72c
----------------- Done invoking toplevel() on ptolemy.moml.MoMLSimpleApplication@49dc72c
reloadAllAccessors: .TimeDelayVariableMicrosteps

===========================================================================================
----------------- testing Thu Mar 14 18:35:25 UTC 2019 /home/travis/build/icyphy/ptII/ptolemy/actor/lib/test/auto/TimeGap.xml
----------------- Instantiating /home/travis/build/icyphy/ptII/ptolemy/actor/lib/test/auto/TimeGap.xml
3 ms. Memory: 1783296K Free: 1634071K (92%)
----------------- Invoking toplevel() on ptolemy.moml.MoMLSimpleApplication@56a9275f
----------------- Done invoking toplevel() on ptolemy.moml.MoMLSimpleApplication@56a9275f
reloadAllAccessors: .TimeGap

===========================================================================================
----------------- testing Thu Mar 14 18:35:25 UTC 2019 /home/travis/build/icyphy/ptII/ptolemy/actor/lib/test/auto/TimeGap2.xml
----------------- Instantiating /home/travis/build/icyphy/ptII/ptolemy/actor/lib/test/auto/TimeGap2.xml
1 ms. Memory: 1783296K Free: 1613010K (90%)
----------------- Invoking toplevel() on ptolemy.moml.MoMLSimpleApplication@7d8fae09
----------------- Done invoking toplevel() on ptolemy.moml.MoMLSimpleApplication@7d8fae09
reloadAllAccessors: .TimeGap2

===========================================================================================
----------------- testing Thu Mar 14 18:35:25 UTC 2019 /home/travis/build/icyphy/ptII/ptolemy/actor/lib/test/auto/TimedSinewave.xml
----------------- Instantiating /home/travis/build/icyphy/ptII/ptolemy/actor/lib/test/auto/TimedSinewave.xml
23 ms. Memory: 1783296K Free: 1583600K (89%)
----------------- Invoking toplevel() on ptolemy.moml.MoMLSimpleApplication@259cd141
----------------- Done invoking toplevel() on ptolemy.moml.MoMLSimpleApplication@259cd141
reloadAllAccessors: .TimedSinewave

===========================================================================================
----------------- testing Thu Mar 14 18:35:25 UTC 2019 /home/travis/build/icyphy/ptII/ptolemy/actor/lib/test/auto/TimedSinewavePhase.xml
----------------- Instantiating /home/travis/build/icyphy/ptII/ptolemy/actor/lib/test/auto/TimedSinewavePhase.xml
10 ms. Memory: 1783296K Free: 1566934K (88%)
----------------- Invoking toplevel() on ptolemy.moml.MoMLSimpleApplication@7b522194
----------------- Done invoking toplevel() on ptolemy.moml.MoMLSimpleApplication@7b522194
reloadAllAccessors: .TimedSinewavePhase

===========================================================================================
----------------- testing Thu Mar 14 18:35:26 UTC 2019 /home/travis/build/icyphy/ptII/ptolemy/actor/lib/test/auto/Timer.xml
----------------- Instantiating /home/travis/build/icyphy/ptII/ptolemy/actor/lib/test/auto/Timer.xml
1 ms. Memory: 1783296K Free: 1545873K (87%)
----------------- Invoking toplevel() on ptolemy.moml.MoMLSimpleApplication@29ef47a9
----------------- Done invoking toplevel() on ptolemy.moml.MoMLSimpleApplication@29ef47a9
reloadAllAccessors: .Timer

===========================================================================================
----------------- testing Thu Mar 14 18:35:26 UTC 2019 /home/travis/build/icyphy/ptII/ptolemy/actor/lib/test/auto/TriangularDistTestModel.xml
----------------- Instantiating /home/travis/build/icyphy/ptII/ptolemy/actor/lib/test/auto/TriangularDistTestModel.xml
2 ms. Memory: 1783296K Free: 1529208K (86%)
----------------- Invoking toplevel() on ptolemy.moml.MoMLSimpleApplication@5dc2852
----------------- Done invoking toplevel() on ptolemy.moml.MoMLSimpleApplication@5dc2852
reloadAllAccessors: .TriangularDistTestModel

===========================================================================================
----------------- testing Thu Mar 14 18:35:26 UTC 2019 /home/travis/build/icyphy/ptII/ptolemy/actor/lib/test/auto/TrigFunction.xml
----------------- Instantiating /home/travis/build/icyphy/ptII/ptolemy/actor/lib/test/auto/TrigFunction.xml
1 ms. Memory: 1783296K Free: 1508147K (85%)
----------------- Invoking toplevel() on ptolemy.moml.MoMLSimpleApplication@7568bc9a
----------------- Done invoking toplevel() on ptolemy.moml.MoMLSimpleApplication@7568bc9a
reloadAllAccessors: .TrigFunction

===========================================================================================
----------------- testing Thu Mar 14 18:35:26 UTC 2019 /home/travis/build/icyphy/ptII/ptolemy/actor/lib/test/auto/TrigFunctionDE.xml
----------------- Instantiating /home/travis/build/icyphy/ptII/ptolemy/actor/lib/test/auto/TrigFunctionDE.xml
2 ms. Memory: 1783296K Free: 1491481K (84%)
----------------- Invoking toplevel() on ptolemy.moml.MoMLSimpleApplication@492c61de
----------------- Done invoking toplevel() on ptolemy.moml.MoMLSimpleApplication@492c61de
reloadAllAccessors: .TrigFunctionDE

===========================================================================================
----------------- testing Thu Mar 14 18:35:26 UTC 2019 /home/travis/build/icyphy/ptII/ptolemy/actor/lib/test/auto/TrigFunctionInverse.xml
----------------- Instantiating /home/travis/build/icyphy/ptII/ptolemy/actor/lib/test/auto/TrigFunctionInverse.xml
2 ms. Memory: 1783296K Free: 1470420K (82%)
----------------- Invoking toplevel() on ptolemy.moml.MoMLSimpleApplication@7b5f9baa
----------------- Done invoking toplevel() on ptolemy.moml.MoMLSimpleApplication@7b5f9baa
reloadAllAccessors: .TrigFunctionInverse

===========================================================================================
----------------- testing Thu Mar 14 18:35:26 UTC 2019 /home/travis/build/icyphy/ptII/ptolemy/actor/lib/test/auto/TrigFunctionTan.xml
----------------- Instantiating /home/travis/build/icyphy/ptII/ptolemy/actor/lib/test/auto/TrigFunctionTan.xml
3 ms. Memory: 1783296K Free: 1449359K (81%)
----------------- Invoking toplevel() on ptolemy.moml.MoMLSimpleApplication@756d67cd
----------------- Done invoking toplevel() on ptolemy.moml.MoMLSimpleApplication@756d67cd
reloadAllAccessors: .TrigFunctionTan

===========================================================================================
----------------- testing Thu Mar 14 18:35:26 UTC 2019 /home/travis/build/icyphy/ptII/ptolemy/actor/lib/test/auto/TriggeredClock.xml
----------------- Instantiating /home/travis/build/icyphy/ptII/ptolemy/actor/lib/test/auto/TriggeredClock.xml
2 ms. Memory: 1783296K Free: 1432694K (80%)
----------------- Invoking toplevel() on ptolemy.moml.MoMLSimpleApplication@2df63c58
----------------- Done invoking toplevel() on ptolemy.moml.MoMLSimpleApplication@2df63c58
reloadAllAccessors: .TriggeredClock

===========================================================================================
----------------- testing Thu Mar 14 18:35:26 UTC 2019 /home/travis/build/icyphy/ptII/ptolemy/actor/lib/test/auto/URLDirectoryReader.xml
----------------- Instantiating /home/travis/build/icyphy/ptII/ptolemy/actor/lib/test/auto/URLDirectoryReader.xml
26 ms. Memory: 1783296K Free: 1411633K (79%)
----------------- Invoking toplevel() on ptolemy.moml.MoMLSimpleApplication@38c2644a
----------------- Done invoking toplevel() on ptolemy.moml.MoMLSimpleApplication@38c2644a
reloadAllAccessors: .URLDirectoryReader

===========================================================================================
----------------- testing Thu Mar 14 18:35:26 UTC 2019 /home/travis/build/icyphy/ptII/ptolemy/actor/lib/test/auto/URLDirectoryReader3.xml
----------------- Instantiating /home/travis/build/icyphy/ptII/ptolemy/actor/lib/test/auto/URLDirectoryReader3.xml
1189 ms. Memory: 1783296K Free: 1353303K (76%)
----------------- Invoking toplevel() on ptolemy.moml.MoMLSimpleApplication@1e5f93d5
----------------- Done invoking toplevel() on ptolemy.moml.MoMLSimpleApplication@1e5f93d5
reloadAllAccessors: .URLDirectoryReader3

===========================================================================================
----------------- testing Thu Mar 14 18:35:27 UTC 2019 /home/travis/build/icyphy/ptII/ptolemy/actor/lib/test/auto/UnaryMathFunction.xml
----------------- Instantiating /home/travis/build/icyphy/ptII/ptolemy/actor/lib/test/auto/UnaryMathFunction.xml
9 ms. Memory: 1783296K Free: 1332242K (75%)
----------------- Invoking toplevel() on ptolemy.moml.MoMLSimpleApplication@4f90d9e9
----------------- Done invoking toplevel() on ptolemy.moml.MoMLSimpleApplication@4f90d9e9
reloadAllAccessors: .UnaryMathFunction

===========================================================================================
----------------- testing Thu Mar 14 18:35:27 UTC 2019 /home/travis/build/icyphy/ptII/ptolemy/actor/lib/test/auto/Uniform.xml
----------------- Instantiating /home/travis/build/icyphy/ptII/ptolemy/actor/lib/test/auto/Uniform.xml
10 ms. Memory: 1783296K Free: 1311181K (74%)
----------------- Invoking toplevel() on ptolemy.moml.MoMLSimpleApplication@d8a3ef2
----------------- Done invoking toplevel() on ptolemy.moml.MoMLSimpleApplication@d8a3ef2
reloadAllAccessors: .Uniform

===========================================================================================
----------------- testing Thu Mar 14 18:35:27 UTC 2019 /home/travis/build/icyphy/ptII/ptolemy/actor/lib/test/auto/UnionDisassemblerTest.xml
----------------- Instantiating /home/travis/build/icyphy/ptII/ptolemy/actor/lib/test/auto/UnionDisassemblerTest.xml
10 ms. Memory: 1783296K Free: 1294515K (73%)
----------------- Invoking toplevel() on ptolemy.moml.MoMLSimpleApplication@4296acf5
----------------- Done invoking toplevel() on ptolemy.moml.MoMLSimpleApplication@4296acf5
reloadAllAccessors: .UnionDisassemblerTest

===========================================================================================
----------------- testing Thu Mar 14 18:35:27 UTC 2019 /home/travis/build/icyphy/ptII/ptolemy/actor/lib/test/auto/UtilityFunctions.xml
----------------- Instantiating /home/travis/build/icyphy/ptII/ptolemy/actor/lib/test/auto/UtilityFunctions.xml
10 ms. Memory: 1783296K Free: 1273454K (71%)
----------------- Invoking toplevel() on ptolemy.moml.MoMLSimpleApplication@20185c12
----------------- Done invoking toplevel() on ptolemy.moml.MoMLSimpleApplication@20185c12
reloadAllAccessors: .UtilityFunctions

===========================================================================================
----------------- testing Thu Mar 14 18:35:27 UTC 2019 /home/travis/build/icyphy/ptII/ptolemy/actor/lib/test/auto/VariableSleep.xml
----------------- Instantiating /home/travis/build/icyphy/ptII/ptolemy/actor/lib/test/auto/VariableSleep.xml
511 ms. Memory: 1783296K Free: 1256788K (70%)
----------------- Invoking toplevel() on ptolemy.moml.MoMLSimpleApplication@5b19fa50
----------------- Done invoking toplevel() on ptolemy.moml.MoMLSimpleApplication@5b19fa50
reloadAllAccessors: .VariableSleep

===========================================================================================
----------------- testing Thu Mar 14 18:35:28 UTC 2019 /home/travis/build/icyphy/ptII/ptolemy/actor/lib/test/auto/VectorAssemblerDisassemblerCT.xml
----------------- Instantiating /home/travis/build/icyphy/ptII/ptolemy/actor/lib/test/auto/VectorAssemblerDisassemblerCT.xml
68 ms. Memory: 1783296K Free: 1227394K (69%)
----------------- Invoking toplevel() on ptolemy.moml.MoMLSimpleApplication@1e1e2223
----------------- Done invoking toplevel() on ptolemy.moml.MoMLSimpleApplication@1e1e2223
reloadAllAccessors: .VectorAssemblerDisassemblerCT

===========================================================================================
----------------- testing Thu Mar 14 18:35:28 UTC 2019 /home/travis/build/icyphy/ptII/ptolemy/actor/lib/test/auto/VectorAssemblerDisassemblerDE.xml
----------------- Instantiating /home/travis/build/icyphy/ptII/ptolemy/actor/lib/test/auto/VectorAssemblerDisassemblerDE.xml
2 ms. Memory: 1783296K Free: 1210729K (68%)
----------------- Invoking toplevel() on ptolemy.moml.MoMLSimpleApplication@434f7c50
----------------- Done invoking toplevel() on ptolemy.moml.MoMLSimpleApplication@434f7c50
reloadAllAccessors: .VectorAssemblerDisassemblerDE

===========================================================================================
----------------- testing Thu Mar 14 18:35:28 UTC 2019 /home/travis/build/icyphy/ptII/ptolemy/actor/lib/test/auto/VectorAssemblerDisassemblerSDF.xml
----------------- Instantiating /home/travis/build/icyphy/ptII/ptolemy/actor/lib/test/auto/VectorAssemblerDisassemblerSDF.xml
3 ms. Memory: 1783296K Free: 1189668K (67%)
----------------- Invoking toplevel() on ptolemy.moml.MoMLSimpleApplication@2feb41a4
----------------- Done invoking toplevel() on ptolemy.moml.MoMLSimpleApplication@2feb41a4
reloadAllAccessors: .VectorAssemblerDisassemblerSDF

===========================================================================================
----------------- testing Thu Mar 14 18:35:28 UTC 2019 /home/travis/build/icyphy/ptII/ptolemy/actor/lib/test/auto/WallClockTime.xml
----------------- Instantiating /home/travis/build/icyphy/ptII/ptolemy/actor/lib/test/auto/WallClockTime.xml
1005 ms. Memory: 1783296K Free: 1168607K (66%)
----------------- Invoking toplevel() on ptolemy.moml.MoMLSimpleApplication@72423607
----------------- Done invoking toplevel() on ptolemy.moml.MoMLSimpleApplication@72423607
reloadAllAccessors: .WallClockTime

===========================================================================================
----------------- testing Thu Mar 14 18:35:29 UTC 2019 /home/travis/build/icyphy/ptII/ptolemy/actor/lib/test/auto/WidthTestWithSubscriberPublisher.xml
----------------- Instantiating /home/travis/build/icyphy/ptII/ptolemy/actor/lib/test/auto/WidthTestWithSubscriberPublisher.xml
11 ms. Memory: 1783296K Free: 1143592K (64%)
----------------- Invoking toplevel() on ptolemy.moml.MoMLSimpleApplication@7656829f
----------------- Done invoking toplevel() on ptolemy.moml.MoMLSimpleApplication@7656829f
reloadAllAccessors: .WidthTestWithSubscriberPublisher

===========================================================================================
----------------- testing Thu Mar 14 18:35:29 UTC 2019 /home/travis/build/icyphy/ptII/ptolemy/actor/lib/test/auto/WidthTestWithSubscriberPublisher2.xml
----------------- Instantiating /home/travis/build/icyphy/ptII/ptolemy/actor/lib/test/auto/WidthTestWithSubscriberPublisher2.xml
3 ms. Memory: 1783296K Free: 1122531K (63%)
----------------- Invoking toplevel() on ptolemy.moml.MoMLSimpleApplication@38d1ce9c
----------------- Done invoking toplevel() on ptolemy.moml.MoMLSimpleApplication@38d1ce9c
reloadAllAccessors: .WidthTestWithSubscriberPublisher2

===========================================================================================
----------------- testing Thu Mar 14 18:35:29 UTC 2019 /home/travis/build/icyphy/ptII/ptolemy/actor/lib/test/auto/WidthTestWithSubscriberPublisher3.xml
----------------- Instantiating /home/travis/build/icyphy/ptII/ptolemy/actor/lib/test/auto/WidthTestWithSubscriberPublisher3.xml
1 ms. Memory: 1783296K Free: 1105866K (62%)
----------------- Invoking toplevel() on ptolemy.moml.MoMLSimpleApplication@38a08da5
----------------- Done invoking toplevel() on ptolemy.moml.MoMLSimpleApplication@38a08da5
reloadAllAccessors: .WidthTestWithSubscriberPublisher3

===========================================================================================
----------------- testing Thu Mar 14 18:35:29 UTC 2019 /home/travis/build/icyphy/ptII/ptolemy/actor/lib/test/auto/Writer.xml
----------------- Instantiating /home/travis/build/icyphy/ptII/ptolemy/actor/lib/test/auto/Writer.xml
0
1
2
3
4
1 ms. Memory: 1783296K Free: 1084805K (61%)
----------------- Invoking toplevel() on ptolemy.moml.MoMLSimpleApplication@648bef93
----------------- Done invoking toplevel() on ptolemy.moml.MoMLSimpleApplication@648bef93
reloadAllAccessors: .Writer

===========================================================================================
----------------- testing Thu Mar 14 18:35:29 UTC 2019 /home/travis/build/icyphy/ptII/ptolemy/actor/lib/test/auto/array.xml
----------------- Instantiating /home/travis/build/icyphy/ptII/ptolemy/actor/lib/test/auto/array.xml
2 ms. Memory: 1783296K Free: 1068139K (60%)
----------------- Invoking toplevel() on ptolemy.moml.MoMLSimpleApplication@1f17153d
----------------- Done invoking toplevel() on ptolemy.moml.MoMLSimpleApplication@1f17153d
reloadAllAccessors: .array

===========================================================================================
----------------- testing Thu Mar 14 18:35:29 UTC 2019 /home/travis/build/icyphy/ptII/ptolemy/actor/lib/test/auto/array2.xml
----------------- Instantiating /home/travis/build/icyphy/ptII/ptolemy/actor/lib/test/auto/array2.xml
11 ms. Memory: 1783296K Free: 1047078K (59%)
----------------- Invoking toplevel() on ptolemy.moml.MoMLSimpleApplication@4d441346
----------------- Done invoking toplevel() on ptolemy.moml.MoMLSimpleApplication@4d441346
reloadAllAccessors: .array2

===========================================================================================
----------------- testing Thu Mar 14 18:35:29 UTC 2019 /home/travis/build/icyphy/ptII/ptolemy/actor/lib/test/auto/arrayType.xml
----------------- Instantiating /home/travis/build/icyphy/ptII/ptolemy/actor/lib/test/auto/arrayType.xml
2 ms. Memory: 1783296K Free: 1026017K (58%)
----------------- Invoking toplevel() on ptolemy.moml.MoMLSimpleApplication@68276932
----------------- Done invoking toplevel() on ptolemy.moml.MoMLSimpleApplication@68276932
reloadAllAccessors: .arrayType

===========================================================================================
----------------- testing Thu Mar 14 18:35:29 UTC 2019 /home/travis/build/icyphy/ptII/ptolemy/actor/lib/test/auto/arrayType10.xml
----------------- Instantiating /home/travis/build/icyphy/ptII/ptolemy/actor/lib/test/auto/arrayType10.xml
1 ms. Memory: 1783296K Free: 1009352K (57%)
----------------- Invoking toplevel() on ptolemy.moml.MoMLSimpleApplication@1a6a83fd
----------------- Done invoking toplevel() on ptolemy.moml.MoMLSimpleApplication@1a6a83fd
reloadAllAccessors: .arrayType10

===========================================================================================
----------------- testing Thu Mar 14 18:35:29 UTC 2019 /home/travis/build/icyphy/ptII/ptolemy/actor/lib/test/auto/arrayType11.xml
----------------- Instantiating /home/travis/build/icyphy/ptII/ptolemy/actor/lib/test/auto/arrayType11.xml
2 ms. Memory: 1783296K Free: 988291K (55%)
----------------- Invoking toplevel() on ptolemy.moml.MoMLSimpleApplication@762a992
----------------- Done invoking toplevel() on ptolemy.moml.MoMLSimpleApplication@762a992
reloadAllAccessors: .arrayType11

===========================================================================================
----------------- testing Thu Mar 14 18:35:29 UTC 2019 /home/travis/build/icyphy/ptII/ptolemy/actor/lib/test/auto/arrayType12.xml
----------------- Instantiating /home/travis/build/icyphy/ptII/ptolemy/actor/lib/test/auto/arrayType12.xml
1 ms. Memory: 1783296K Free: 971625K (54%)
----------------- Invoking toplevel() on ptolemy.moml.MoMLSimpleApplication@5a799146
----------------- Done invoking toplevel() on ptolemy.moml.MoMLSimpleApplication@5a799146
reloadAllAccessors: .arrayType12

===========================================================================================
----------------- testing Thu Mar 14 18:35:29 UTC 2019 /home/travis/build/icyphy/ptII/ptolemy/actor/lib/test/auto/arrayType13.xml
----------------- Instantiating /home/travis/build/icyphy/ptII/ptolemy/actor/lib/test/auto/arrayType13.xml
1 ms. Memory: 1783296K Free: 950564K (53%)
----------------- Invoking toplevel() on ptolemy.moml.MoMLSimpleApplication@37f7912a
----------------- Done invoking toplevel() on ptolemy.moml.MoMLSimpleApplication@37f7912a
reloadAllAccessors: .arrayType13

===========================================================================================
----------------- testing Thu Mar 14 18:35:29 UTC 2019 /home/travis/build/icyphy/ptII/ptolemy/actor/lib/test/auto/arrayType14.xml
----------------- Instantiating /home/travis/build/icyphy/ptII/ptolemy/actor/lib/test/auto/arrayType14.xml
2 ms. Memory: 1783296K Free: 929503K (52%)
----------------- Invoking toplevel() on ptolemy.moml.MoMLSimpleApplication@792ee066
----------------- Done invoking toplevel() on ptolemy.moml.MoMLSimpleApplication@792ee066
reloadAllAccessors: .arrayType14

===========================================================================================
----------------- testing Thu Mar 14 18:35:29 UTC 2019 /home/travis/build/icyphy/ptII/ptolemy/actor/lib/test/auto/arrayType15.xml
----------------- Instantiating /home/travis/build/icyphy/ptII/ptolemy/actor/lib/test/auto/arrayType15.xml
1 ms. Memory: 1783296K Free: 912837K (51%)
----------------- Invoking toplevel() on ptolemy.moml.MoMLSimpleApplication@d70fdcc
----------------- Done invoking toplevel() on ptolemy.moml.MoMLSimpleApplication@d70fdcc
reloadAllAccessors: .arrayType15

===========================================================================================
----------------- testing Thu Mar 14 18:35:29 UTC 2019 /home/travis/build/icyphy/ptII/ptolemy/actor/lib/test/auto/arrayType16.xml
----------------- Instantiating /home/travis/build/icyphy/ptII/ptolemy/actor/lib/test/auto/arrayType16.xml
1 ms. Memory: 1783296K Free: 891776K (50%)
----------------- Invoking toplevel() on ptolemy.moml.MoMLSimpleApplication@1d3d83a5
----------------- Done invoking toplevel() on ptolemy.moml.MoMLSimpleApplication@1d3d83a5
reloadAllAccessors: .arrayType16

===========================================================================================
----------------- testing Thu Mar 14 18:35:29 UTC 2019 /home/travis/build/icyphy/ptII/ptolemy/actor/lib/test/auto/arrayType17.xml
----------------- Instantiating /home/travis/build/icyphy/ptII/ptolemy/actor/lib/test/auto/arrayType17.xml
1 ms. Memory: 1783296K Free: 875111K (49%)
----------------- Invoking toplevel() on ptolemy.moml.MoMLSimpleApplication@3ba7e83f
----------------- Done invoking toplevel() on ptolemy.moml.MoMLSimpleApplication@3ba7e83f
reloadAllAccessors: .arrayType17

===========================================================================================
----------------- testing Thu Mar 14 18:35:29 UTC 2019 /home/travis/build/icyphy/ptII/ptolemy/actor/lib/test/auto/arrayType18.xml
----------------- Instantiating /home/travis/build/icyphy/ptII/ptolemy/actor/lib/test/auto/arrayType18.xml
1 ms. Memory: 1783296K Free: 854049K (48%)
----------------- Invoking toplevel() on ptolemy.moml.MoMLSimpleApplication@41193a9f
----------------- Done invoking toplevel() on ptolemy.moml.MoMLSimpleApplication@41193a9f
reloadAllAccessors: .arrayType18

===========================================================================================
----------------- testing Thu Mar 14 18:35:29 UTC 2019 /home/travis/build/icyphy/ptII/ptolemy/actor/lib/test/auto/arrayType19.xml
----------------- Instantiating /home/travis/build/icyphy/ptII/ptolemy/actor/lib/test/auto/arrayType19.xml
1 ms. Memory: 1783296K Free: 837384K (47%)
----------------- Invoking toplevel() on ptolemy.moml.MoMLSimpleApplication@226ef505
----------------- Done invoking toplevel() on ptolemy.moml.MoMLSimpleApplication@226ef505
reloadAllAccessors: .arrayType19

===========================================================================================
----------------- testing Thu Mar 14 18:35:29 UTC 2019 /home/travis/build/icyphy/ptII/ptolemy/actor/lib/test/auto/arrayType2.xml
----------------- Instantiating /home/travis/build/icyphy/ptII/ptolemy/actor/lib/test/auto/arrayType2.xml
2 ms. Memory: 1783296K Free: 816323K (46%)
----------------- Invoking toplevel() on ptolemy.moml.MoMLSimpleApplication@79da5674
----------------- Done invoking toplevel() on ptolemy.moml.MoMLSimpleApplication@79da5674
reloadAllAccessors: .arrayType2

===========================================================================================
----------------- testing Thu Mar 14 18:35:29 UTC 2019 /home/travis/build/icyphy/ptII/ptolemy/actor/lib/test/auto/arrayType20.xml
----------------- Instantiating /home/travis/build/icyphy/ptII/ptolemy/actor/lib/test/auto/arrayType20.xml
2 ms. Memory: 1783296K Free: 795262K (45%)
----------------- Invoking toplevel() on ptolemy.moml.MoMLSimpleApplication@34082289
----------------- Done invoking toplevel() on ptolemy.moml.MoMLSimpleApplication@34082289
reloadAllAccessors: .arrayType20

===========================================================================================
----------------- testing Thu Mar 14 18:35:29 UTC 2019 /home/travis/build/icyphy/ptII/ptolemy/actor/lib/test/auto/arrayType21.xml
----------------- Instantiating /home/travis/build/icyphy/ptII/ptolemy/actor/lib/test/auto/arrayType21.xml
2 ms. Memory: 1783296K Free: 778596K (44%)
----------------- Invoking toplevel() on ptolemy.moml.MoMLSimpleApplication@3115365
----------------- Done invoking toplevel() on ptolemy.moml.MoMLSimpleApplication@3115365
reloadAllAccessors: .arrayType21

===========================================================================================
----------------- testing Thu Mar 14 18:35:29 UTC 2019 /home/travis/build/icyphy/ptII/ptolemy/actor/lib/test/auto/arrayType22.xml
----------------- Instantiating /home/travis/build/icyphy/ptII/ptolemy/actor/lib/test/auto/arrayType22.xml
1 ms. Memory: 1783296K Free: 757535K (42%)
----------------- Invoking toplevel() on ptolemy.moml.MoMLSimpleApplication@31f09844
----------------- Done invoking toplevel() on ptolemy.moml.MoMLSimpleApplication@31f09844
reloadAllAccessors: .arrayType22

===========================================================================================
----------------- testing Thu Mar 14 18:35:29 UTC 2019 /home/travis/build/icyphy/ptII/ptolemy/actor/lib/test/auto/arrayType23.xml
----------------- Instantiating /home/travis/build/icyphy/ptII/ptolemy/actor/lib/test/auto/arrayType23.xml
1 ms. Memory: 1783296K Free: 740869K (42%)
----------------- Invoking toplevel() on ptolemy.moml.MoMLSimpleApplication@28a35aca
----------------- Done invoking toplevel() on ptolemy.moml.MoMLSimpleApplication@28a35aca
reloadAllAccessors: .arrayType23

===========================================================================================
----------------- testing Thu Mar 14 18:35:29 UTC 2019 /home/travis/build/icyphy/ptII/ptolemy/actor/lib/test/auto/arrayType24.xml
----------------- Instantiating /home/travis/build/icyphy/ptII/ptolemy/actor/lib/test/auto/arrayType24.xml
1 ms. Memory: 1783296K Free: 719808K (40%)
----------------- Invoking toplevel() on ptolemy.moml.MoMLSimpleApplication@7ca772c8
----------------- Done invoking toplevel() on ptolemy.moml.MoMLSimpleApplication@7ca772c8
reloadAllAccessors: .arrayType24

===========================================================================================
----------------- testing Thu Mar 14 18:35:30 UTC 2019 /home/travis/build/icyphy/ptII/ptolemy/actor/lib/test/auto/arrayType25.xml
----------------- Instantiating /home/travis/build/icyphy/ptII/ptolemy/actor/lib/test/auto/arrayType25.xml
2 ms. Memory: 1783296K Free: 703143K (39%)
----------------- Invoking toplevel() on ptolemy.moml.MoMLSimpleApplication@5d13fe41
----------------- Done invoking toplevel() on ptolemy.moml.MoMLSimpleApplication@5d13fe41
reloadAllAccessors: .arrayType25

===========================================================================================
----------------- testing Thu Mar 14 18:35:30 UTC 2019 /home/travis/build/icyphy/ptII/ptolemy/actor/lib/test/auto/arrayType26.xml
----------------- Instantiating /home/travis/build/icyphy/ptII/ptolemy/actor/lib/test/auto/arrayType26.xml
1 ms. Memory: 1783296K Free: 682082K (38%)
----------------- Invoking toplevel() on ptolemy.moml.MoMLSimpleApplication@37f911b1
----------------- Done invoking toplevel() on ptolemy.moml.MoMLSimpleApplication@37f911b1
reloadAllAccessors: .arrayType26

===========================================================================================
----------------- testing Thu Mar 14 18:35:30 UTC 2019 /home/travis/build/icyphy/ptII/ptolemy/actor/lib/test/auto/arrayType27.xml
----------------- Instantiating /home/travis/build/icyphy/ptII/ptolemy/actor/lib/test/auto/arrayType27.xml
1 ms. Memory: 1783296K Free: 661021K (37%)
----------------- Invoking toplevel() on ptolemy.moml.MoMLSimpleApplication@53e7567b
----------------- Done invoking toplevel() on ptolemy.moml.MoMLSimpleApplication@53e7567b
reloadAllAccessors: .arrayType27

===========================================================================================
----------------- testing Thu Mar 14 18:35:30 UTC 2019 /home/travis/build/icyphy/ptII/ptolemy/actor/lib/test/auto/arrayType28.xml
----------------- Instantiating /home/travis/build/icyphy/ptII/ptolemy/actor/lib/test/auto/arrayType28.xml
2 ms. Memory: 1783296K Free: 644355K (36%)
----------------- Invoking toplevel() on ptolemy.moml.MoMLSimpleApplication@4e749624
----------------- Done invoking toplevel() on ptolemy.moml.MoMLSimpleApplication@4e749624
reloadAllAccessors: .arrayType28

===========================================================================================
----------------- testing Thu Mar 14 18:35:30 UTC 2019 /home/travis/build/icyphy/ptII/ptolemy/actor/lib/test/auto/arrayType3.xml
----------------- Instantiating /home/travis/build/icyphy/ptII/ptolemy/actor/lib/test/auto/arrayType3.xml
1 ms. Memory: 1783296K Free: 623294K (35%)
----------------- Invoking toplevel() on ptolemy.moml.MoMLSimpleApplication@ea4fa8
----------------- Done invoking toplevel() on ptolemy.moml.MoMLSimpleApplication@ea4fa8
reloadAllAccessors: .arrayType3

===========================================================================================
----------------- testing Thu Mar 14 18:35:30 UTC 2019 /home/travis/build/icyphy/ptII/ptolemy/actor/lib/test/auto/arrayType4.xml
----------------- Instantiating /home/travis/build/icyphy/ptII/ptolemy/actor/lib/test/auto/arrayType4.xml
2 ms. Memory: 1783296K Free: 606628K (34%)
----------------- Invoking toplevel() on ptolemy.moml.MoMLSimpleApplication@f741cc
----------------- Done invoking toplevel() on ptolemy.moml.MoMLSimpleApplication@f741cc
reloadAllAccessors: .arrayType4

===========================================================================================
----------------- testing Thu Mar 14 18:35:30 UTC 2019 /home/travis/build/icyphy/ptII/ptolemy/actor/lib/test/auto/arrayType5.xml
----------------- Instantiating /home/travis/build/icyphy/ptII/ptolemy/actor/lib/test/auto/arrayType5.xml
2 ms. Memory: 1783296K Free: 585567K (33%)
----------------- Invoking toplevel() on ptolemy.moml.MoMLSimpleApplication@4dcc4647
----------------- Done invoking toplevel() on ptolemy.moml.MoMLSimpleApplication@4dcc4647
reloadAllAccessors: .arrayType5

===========================================================================================
----------------- testing Thu Mar 14 18:35:30 UTC 2019 /home/travis/build/icyphy/ptII/ptolemy/actor/lib/test/auto/arrayType6.xml
----------------- Instantiating /home/travis/build/icyphy/ptII/ptolemy/actor/lib/test/auto/arrayType6.xml
1 ms. Memory: 1783296K Free: 564506K (32%)
----------------- Invoking toplevel() on ptolemy.moml.MoMLSimpleApplication@147ddcba
----------------- Done invoking toplevel() on ptolemy.moml.MoMLSimpleApplication@147ddcba
reloadAllAccessors: .arrayType6

===========================================================================================
----------------- testing Thu Mar 14 18:35:30 UTC 2019 /home/travis/build/icyphy/ptII/ptolemy/actor/lib/test/auto/arrayType7.xml
----------------- Instantiating /home/travis/build/icyphy/ptII/ptolemy/actor/lib/test/auto/arrayType7.xml
2 ms. Memory: 1783296K Free: 547840K (31%)
----------------- Invoking toplevel() on ptolemy.moml.MoMLSimpleApplication@37332c3
----------------- Done invoking toplevel() on ptolemy.moml.MoMLSimpleApplication@37332c3
reloadAllAccessors: .arrayType7

===========================================================================================
----------------- testing Thu Mar 14 18:35:30 UTC 2019 /home/travis/build/icyphy/ptII/ptolemy/actor/lib/test/auto/arrayType8.xml
----------------- Instantiating /home/travis/build/icyphy/ptII/ptolemy/actor/lib/test/auto/arrayType8.xml
1 ms. Memory: 1783296K Free: 526779K (30%)
----------------- Invoking toplevel() on ptolemy.moml.MoMLSimpleApplication@2fa88a26
----------------- Done invoking toplevel() on ptolemy.moml.MoMLSimpleApplication@2fa88a26
reloadAllAccessors: .arrayType8

===========================================================================================
----------------- testing Thu Mar 14 18:35:30 UTC 2019 /home/travis/build/icyphy/ptII/ptolemy/actor/lib/test/auto/arrayType9.xml
----------------- Instantiating /home/travis/build/icyphy/ptII/ptolemy/actor/lib/test/auto/arrayType9.xml
1 ms. Memory: 1783296K Free: 510113K (29%)
----------------- Invoking toplevel() on ptolemy.moml.MoMLSimpleApplication@3354b224
----------------- Done invoking toplevel() on ptolemy.moml.MoMLSimpleApplication@3354b224
reloadAllAccessors: .arrayType9

===========================================================================================
----------------- testing Thu Mar 14 18:35:30 UTC 2019 /home/travis/build/icyphy/ptII/ptolemy/actor/lib/test/auto/cast.xml
----------------- Instantiating /home/travis/build/icyphy/ptII/ptolemy/actor/lib/test/auto/cast.xml
2 ms. Memory: 1783296K Free: 489052K (27%)
----------------- Invoking toplevel() on ptolemy.moml.MoMLSimpleApplication@6413a108
----------------- Done invoking toplevel() on ptolemy.moml.MoMLSimpleApplication@6413a108
reloadAllAccessors: .cast

===========================================================================================
----------------- testing Thu Mar 14 18:35:30 UTC 2019 /home/travis/build/icyphy/ptII/ptolemy/actor/lib/test/auto/compositeMultiPort.xml
----------------- Instantiating /home/travis/build/icyphy/ptII/ptolemy/actor/lib/test/auto/compositeMultiPort.xml
3 ms. Memory: 1783296K Free: 467991K (26%)
----------------- Invoking toplevel() on ptolemy.moml.MoMLSimpleApplication@19c447e0
----------------- Done invoking toplevel() on ptolemy.moml.MoMLSimpleApplication@19c447e0
reloadAllAccessors: .compositeMultiPort

===========================================================================================
----------------- testing Thu Mar 14 18:35:30 UTC 2019 /home/travis/build/icyphy/ptII/ptolemy/actor/lib/test/auto/expressionCastInference.xml
----------------- Instantiating /home/travis/build/icyphy/ptII/ptolemy/actor/lib/test/auto/expressionCastInference.xml
2 ms. Memory: 1783296K Free: 451326K (25%)
----------------- Invoking toplevel() on ptolemy.moml.MoMLSimpleApplication@4e808db8
----------------- Done invoking toplevel() on ptolemy.moml.MoMLSimpleApplication@4e808db8
reloadAllAccessors: .expressionCastInference

===========================================================================================
----------------- testing Thu Mar 14 18:35:30 UTC 2019 /home/travis/build/icyphy/ptII/ptolemy/actor/lib/test/auto/expressionCastInference2.xml
----------------- Instantiating /home/travis/build/icyphy/ptII/ptolemy/actor/lib/test/auto/expressionCastInference2.xml
2 ms. Memory: 1783296K Free: 430265K (24%)
----------------- Invoking toplevel() on ptolemy.moml.MoMLSimpleApplication@2cfd85d5
----------------- Done invoking toplevel() on ptolemy.moml.MoMLSimpleApplication@2cfd85d5
reloadAllAccessors: .expressionCastInference2

===========================================================================================
----------------- testing Thu Mar 14 18:35:30 UTC 2019 /home/travis/build/icyphy/ptII/ptolemy/actor/lib/test/auto/expressionInference.xml
----------------- Instantiating /home/travis/build/icyphy/ptII/ptolemy/actor/lib/test/auto/expressionInference.xml
1 ms. Memory: 1783296K Free: 413599K (23%)
----------------- Invoking toplevel() on ptolemy.moml.MoMLSimpleApplication@38404649
----------------- Done invoking toplevel() on ptolemy.moml.MoMLSimpleApplication@38404649
reloadAllAccessors: .expressionInference

===========================================================================================
----------------- testing Thu Mar 14 18:35:30 UTC 2019 /home/travis/build/icyphy/ptII/ptolemy/actor/lib/test/auto/expression_bug.xml
----------------- Instantiating /home/travis/build/icyphy/ptII/ptolemy/actor/lib/test/auto/expression_bug.xml
1 ms. Memory: 1783296K Free: 392538K (22%)
----------------- Invoking toplevel() on ptolemy.moml.MoMLSimpleApplication@10ec8f2f
----------------- Done invoking toplevel() on ptolemy.moml.MoMLSimpleApplication@10ec8f2f
reloadAllAccessors: .expression_bug

===========================================================================================
----------------- testing Thu Mar 14 18:35:30 UTC 2019 /home/travis/build/icyphy/ptII/ptolemy/actor/lib/test/auto/factorial.xml
----------------- Instantiating /home/travis/build/icyphy/ptII/ptolemy/actor/lib/test/auto/factorial.xml
40 ms. Memory: 1783296K Free: 375872K (21%)
----------------- Invoking toplevel() on ptolemy.moml.MoMLSimpleApplication@35e9b099
----------------- Done invoking toplevel() on ptolemy.moml.MoMLSimpleApplication@35e9b099
reloadAllAccessors: .factorial

===========================================================================================
----------------- testing Thu Mar 14 18:35:30 UTC 2019 /home/travis/build/icyphy/ptII/ptolemy/actor/lib/test/auto/filterTest1.xml
----------------- Instantiating /home/travis/build/icyphy/ptII/ptolemy/actor/lib/test/auto/filterTest1.xml
7 ms. Memory: 1783296K Free: 354811K (20%)
----------------- Invoking toplevel() on ptolemy.moml.MoMLSimpleApplication@bfaf212
----------------- Done invoking toplevel() on ptolemy.moml.MoMLSimpleApplication@bfaf212
reloadAllAccessors: .filterTest1

===========================================================================================
----------------- testing Thu Mar 14 18:35:30 UTC 2019 /home/travis/build/icyphy/ptII/ptolemy/actor/lib/test/auto/funcApplyInConst.xml
----------------- Instantiating /home/travis/build/icyphy/ptII/ptolemy/actor/lib/test/auto/funcApplyInConst.xml
1 ms. Memory: 1783296K Free: 333750K (19%)
----------------- Invoking toplevel() on ptolemy.moml.MoMLSimpleApplication@4d68e389
----------------- Done invoking toplevel() on ptolemy.moml.MoMLSimpleApplication@4d68e389
reloadAllAccessors: .funcApplyInConst

===========================================================================================
----------------- testing Thu Mar 14 18:35:30 UTC 2019 /home/travis/build/icyphy/ptII/ptolemy/actor/lib/test/auto/funcApplyInExpr.xml
----------------- Instantiating /home/travis/build/icyphy/ptII/ptolemy/actor/lib/test/auto/funcApplyInExpr.xml
1 ms. Memory: 1783296K Free: 317084K (18%)
----------------- Invoking toplevel() on ptolemy.moml.MoMLSimpleApplication@2731cb4b
----------------- Done invoking toplevel() on ptolemy.moml.MoMLSimpleApplication@2731cb4b
reloadAllAccessors: .funcApplyInExpr

===========================================================================================
----------------- testing Thu Mar 14 18:35:30 UTC 2019 /home/travis/build/icyphy/ptII/ptolemy/actor/lib/test/auto/function.xml
----------------- Instantiating /home/travis/build/icyphy/ptII/ptolemy/actor/lib/test/auto/function.xml
2 ms. Memory: 1783296K Free: 296023K (17%)
----------------- Invoking toplevel() on ptolemy.moml.MoMLSimpleApplication@6fe255bc
----------------- Done invoking toplevel() on ptolemy.moml.MoMLSimpleApplication@6fe255bc
reloadAllAccessors: .function

===========================================================================================
----------------- testing Thu Mar 14 18:35:30 UTC 2019 /home/travis/build/icyphy/ptII/ptolemy/actor/lib/test/auto/function2.xml
----------------- Instantiating /home/travis/build/icyphy/ptII/ptolemy/actor/lib/test/auto/function2.xml
1 ms. Memory: 1783296K Free: 279358K (16%)
----------------- Invoking toplevel() on ptolemy.moml.MoMLSimpleApplication@5c6d9b35
----------------- Done invoking toplevel() on ptolemy.moml.MoMLSimpleApplication@5c6d9b35
reloadAllAccessors: .function2

===========================================================================================
----------------- testing Thu Mar 14 18:35:30 UTC 2019 /home/travis/build/icyphy/ptII/ptolemy/actor/lib/test/auto/function3.xml
----------------- Instantiating /home/travis/build/icyphy/ptII/ptolemy/actor/lib/test/auto/function3.xml
1 ms. Memory: 1783296K Free: 258297K (14%)
----------------- Invoking toplevel() on ptolemy.moml.MoMLSimpleApplication@58c7f87c
----------------- Done invoking toplevel() on ptolemy.moml.MoMLSimpleApplication@58c7f87c
reloadAllAccessors: .function3

===========================================================================================
----------------- testing Thu Mar 14 18:35:30 UTC 2019 /home/travis/build/icyphy/ptII/ptolemy/actor/lib/test/auto/functionClosureTest1.xml
----------------- Instantiating /home/travis/build/icyphy/ptII/ptolemy/actor/lib/test/auto/functionClosureTest1.xml
2 ms. Memory: 1783296K Free: 237236K (13%)
----------------- Invoking toplevel() on ptolemy.moml.MoMLSimpleApplication@5607bf21
----------------- Done invoking toplevel() on ptolemy.moml.MoMLSimpleApplication@5607bf21
reloadAllAccessors: .functionClosureTest1

===========================================================================================
----------------- testing Thu Mar 14 18:35:30 UTC 2019 /home/travis/build/icyphy/ptII/ptolemy/actor/lib/test/auto/functionClosureTest2.xml
----------------- Instantiating /home/travis/build/icyphy/ptII/ptolemy/actor/lib/test/auto/functionClosureTest2.xml
2 ms. Memory: 1783296K Free: 220570K (12%)
----------------- Invoking toplevel() on ptolemy.moml.MoMLSimpleApplication@2b8d4a95
----------------- Done invoking toplevel() on ptolemy.moml.MoMLSimpleApplication@2b8d4a95
reloadAllAccessors: .functionClosureTest2

===========================================================================================
----------------- testing Thu Mar 14 18:35:30 UTC 2019 /home/travis/build/icyphy/ptII/ptolemy/actor/lib/test/auto/functionClosureTest3.xml
----------------- Instantiating /home/travis/build/icyphy/ptII/ptolemy/actor/lib/test/auto/functionClosureTest3.xml
2 ms. Memory: 1783296K Free: 199509K (11%)
----------------- Invoking toplevel() on ptolemy.moml.MoMLSimpleApplication@6a3feb8a
----------------- Done invoking toplevel() on ptolemy.moml.MoMLSimpleApplication@6a3feb8a
reloadAllAccessors: .functionClosureTest3

===========================================================================================
----------------- testing Thu Mar 14 18:35:30 UTC 2019 /home/travis/build/icyphy/ptII/ptolemy/actor/lib/test/auto/functionClosureTest4.xml
----------------- Instantiating /home/travis/build/icyphy/ptII/ptolemy/actor/lib/test/auto/functionClosureTest4.xml
4 ms. Memory: 1783296K Free: 182844K (10%)
----------------- Invoking toplevel() on ptolemy.moml.MoMLSimpleApplication@6535aa5b
----------------- Done invoking toplevel() on ptolemy.moml.MoMLSimpleApplication@6535aa5b
reloadAllAccessors: .functionClosureTest4

===========================================================================================
----------------- testing Thu Mar 14 18:35:30 UTC 2019 /home/travis/build/icyphy/ptII/ptolemy/actor/lib/test/auto/functionClosureTest5.xml
----------------- Instantiating /home/travis/build/icyphy/ptII/ptolemy/actor/lib/test/auto/functionClosureTest5.xml
5 ms. Memory: 1783296K Free: 161782K (9%)
----------------- Invoking toplevel() on ptolemy.moml.MoMLSimpleApplication@70437d0
----------------- Done invoking toplevel() on ptolemy.moml.MoMLSimpleApplication@70437d0
reloadAllAccessors: .functionClosureTest5

===========================================================================================
----------------- testing Thu Mar 14 18:35:30 UTC 2019 /home/travis/build/icyphy/ptII/ptolemy/actor/lib/test/auto/functionClosureTest6.xml
----------------- Instantiating /home/travis/build/icyphy/ptII/ptolemy/actor/lib/test/auto/functionClosureTest6.xml
4 ms. Memory: 1783296K Free: 140721K (8%)
----------------- Invoking toplevel() on ptolemy.moml.MoMLSimpleApplication@760f43
----------------- Done invoking toplevel() on ptolemy.moml.MoMLSimpleApplication@760f43
reloadAllAccessors: .functionClosureTest6

===========================================================================================
----------------- testing Thu Mar 14 18:35:30 UTC 2019 /home/travis/build/icyphy/ptII/ptolemy/actor/lib/test/auto/functionsOnArcs.xml
----------------- Instantiating /home/travis/build/icyphy/ptII/ptolemy/actor/lib/test/auto/functionsOnArcs.xml
2 ms. Memory: 1783296K Free: 124056K (7%)
----------------- Invoking toplevel() on ptolemy.moml.MoMLSimpleApplication@171b4ad2
----------------- Done invoking toplevel() on ptolemy.moml.MoMLSimpleApplication@171b4ad2
reloadAllAccessors: .functionsOnArcs

===========================================================================================
----------------- testing Thu Mar 14 18:35:30 UTC 2019 /home/travis/build/icyphy/ptII/ptolemy/actor/lib/test/auto/functionsOnArcsHOF.xml
----------------- Instantiating /home/travis/build/icyphy/ptII/ptolemy/actor/lib/test/auto/functionsOnArcsHOF.xml
4 ms. Memory: 1783296K Free: 102995K (6%)
----------------- Invoking toplevel() on ptolemy.moml.MoMLSimpleApplication@73063cde
----------------- Done invoking toplevel() on ptolemy.moml.MoMLSimpleApplication@73063cde
reloadAllAccessors: .functionsOnArcsHOF

===========================================================================================
----------------- testing Thu Mar 14 18:35:30 UTC 2019 /home/travis/build/icyphy/ptII/ptolemy/actor/lib/test/auto/logic.xml
----------------- Instantiating /home/travis/build/icyphy/ptII/ptolemy/actor/lib/test/auto/logic.xml
2 ms. Memory: 1783296K Free: 86329K (5%)
----------------- Invoking toplevel() on ptolemy.moml.MoMLSimpleApplication@40aa540
----------------- Done invoking toplevel() on ptolemy.moml.MoMLSimpleApplication@40aa540
reloadAllAccessors: .logic

===========================================================================================
----------------- testing Thu Mar 14 18:35:30 UTC 2019 /home/travis/build/icyphy/ptII/ptolemy/actor/lib/test/auto/matrixType.xml
----------------- Instantiating /home/travis/build/icyphy/ptII/ptolemy/actor/lib/test/auto/matrixType.xml
27 ms. Memory: 1783808K Free: 1735229K (97%)
----------------- Invoking toplevel() on ptolemy.moml.MoMLSimpleApplication@63fb0168
----------------- Done invoking toplevel() on ptolemy.moml.MoMLSimpleApplication@63fb0168
reloadAllAccessors: .matrixType

===========================================================================================
----------------- testing Thu Mar 14 18:35:30 UTC 2019 /home/travis/build/icyphy/ptII/ptolemy/actor/lib/test/auto/matrixType10.xml
----------------- Instantiating /home/travis/build/icyphy/ptII/ptolemy/actor/lib/test/auto/matrixType10.xml
3 ms. Memory: 1783808K Free: 1702939K (95%)
----------------- Invoking toplevel() on ptolemy.moml.MoMLSimpleApplication@73f9b70b
----------------- Done invoking toplevel() on ptolemy.moml.MoMLSimpleApplication@73f9b70b
reloadAllAccessors: .matrixType10

===========================================================================================
----------------- testing Thu Mar 14 18:35:30 UTC 2019 /home/travis/build/icyphy/ptII/ptolemy/actor/lib/test/auto/matrixType11.xml
----------------- Instantiating /home/travis/build/icyphy/ptII/ptolemy/actor/lib/test/auto/matrixType11.xml
1 ms. Memory: 1783808K Free: 1681878K (94%)
----------------- Invoking toplevel() on ptolemy.moml.MoMLSimpleApplication@4b7f77fc
----------------- Done invoking toplevel() on ptolemy.moml.MoMLSimpleApplication@4b7f77fc
reloadAllAccessors: .matrixType11

===========================================================================================
----------------- testing Thu Mar 14 18:35:30 UTC 2019 /home/travis/build/icyphy/ptII/ptolemy/actor/lib/test/auto/matrixType12.xml
----------------- Instantiating /home/travis/build/icyphy/ptII/ptolemy/actor/lib/test/auto/matrixType12.xml
1 ms. Memory: 1783808K Free: 1665155K (93%)
----------------- Invoking toplevel() on ptolemy.moml.MoMLSimpleApplication@5965ac7a
----------------- Done invoking toplevel() on ptolemy.moml.MoMLSimpleApplication@5965ac7a
reloadAllAccessors: .matrixType12

===========================================================================================
----------------- testing Thu Mar 14 18:35:30 UTC 2019 /home/travis/build/icyphy/ptII/ptolemy/actor/lib/test/auto/matrixType13.xml
----------------- Instantiating /home/travis/build/icyphy/ptII/ptolemy/actor/lib/test/auto/matrixType13.xml
2 ms. Memory: 1783808K Free: 1644093K (92%)
----------------- Invoking toplevel() on ptolemy.moml.MoMLSimpleApplication@d4fe59f
----------------- Done invoking toplevel() on ptolemy.moml.MoMLSimpleApplication@d4fe59f
reloadAllAccessors: .matrixType13

===========================================================================================
----------------- testing Thu Mar 14 18:35:30 UTC 2019 /home/travis/build/icyphy/ptII/ptolemy/actor/lib/test/auto/matrixType14.xml
----------------- Instantiating /home/travis/build/icyphy/ptII/ptolemy/actor/lib/test/auto/matrixType14.xml
1 ms. Memory: 1783808K Free: 1627397K (91%)
----------------- Invoking toplevel() on ptolemy.moml.MoMLSimpleApplication@61c328bd
----------------- Done invoking toplevel() on ptolemy.moml.MoMLSimpleApplication@61c328bd
reloadAllAccessors: .matrixType14

===========================================================================================
----------------- testing Thu Mar 14 18:35:30 UTC 2019 /home/travis/build/icyphy/ptII/ptolemy/actor/lib/test/auto/matrixType2.xml
----------------- Instantiating /home/travis/build/icyphy/ptII/ptolemy/actor/lib/test/auto/matrixType2.xml
2 ms. Memory: 1783808K Free: 1606335K (90%)
----------------- Invoking toplevel() on ptolemy.moml.MoMLSimpleApplication@54d20c53
----------------- Done invoking toplevel() on ptolemy.moml.MoMLSimpleApplication@54d20c53
reloadAllAccessors: .matrixType2

===========================================================================================
----------------- testing Thu Mar 14 18:35:30 UTC 2019 /home/travis/build/icyphy/ptII/ptolemy/actor/lib/test/auto/matrixType3.xml
----------------- Instantiating /home/travis/build/icyphy/ptII/ptolemy/actor/lib/test/auto/matrixType3.xml
1 ms. Memory: 1783808K Free: 1585274K (89%)
----------------- Invoking toplevel() on ptolemy.moml.MoMLSimpleApplication@30906951
----------------- Done invoking toplevel() on ptolemy.moml.MoMLSimpleApplication@30906951
reloadAllAccessors: .matrixType3

===========================================================================================
----------------- testing Thu Mar 14 18:35:30 UTC 2019 /home/travis/build/icyphy/ptII/ptolemy/actor/lib/test/auto/matrixType4.xml
----------------- Instantiating /home/travis/build/icyphy/ptII/ptolemy/actor/lib/test/auto/matrixType4.xml
1 ms. Memory: 1783808K Free: 1568578K (88%)
----------------- Invoking toplevel() on ptolemy.moml.MoMLSimpleApplication@45170173
----------------- Done invoking toplevel() on ptolemy.moml.MoMLSimpleApplication@45170173
reloadAllAccessors: .matrixType4

===========================================================================================
----------------- testing Thu Mar 14 18:35:30 UTC 2019 /home/travis/build/icyphy/ptII/ptolemy/actor/lib/test/auto/matrixType5.xml
----------------- Instantiating /home/travis/build/icyphy/ptII/ptolemy/actor/lib/test/auto/matrixType5.xml
1 ms. Memory: 1783808K Free: 1547516K (87%)
----------------- Invoking toplevel() on ptolemy.moml.MoMLSimpleApplication@320a2ec5
----------------- Done invoking toplevel() on ptolemy.moml.MoMLSimpleApplication@320a2ec5
reloadAllAccessors: .matrixType5

===========================================================================================
----------------- testing Thu Mar 14 18:35:30 UTC 2019 /home/travis/build/icyphy/ptII/ptolemy/actor/lib/test/auto/matrixType6.xml
----------------- Instantiating /home/travis/build/icyphy/ptII/ptolemy/actor/lib/test/auto/matrixType6.xml
2 ms. Memory: 1783808K Free: 1530820K (86%)
----------------- Invoking toplevel() on ptolemy.moml.MoMLSimpleApplication@446f73d1
----------------- Done invoking toplevel() on ptolemy.moml.MoMLSimpleApplication@446f73d1
reloadAllAccessors: .matrixType6

===========================================================================================
----------------- testing Thu Mar 14 18:35:30 UTC 2019 /home/travis/build/icyphy/ptII/ptolemy/actor/lib/test/auto/matrixType7.xml
----------------- Instantiating /home/travis/build/icyphy/ptII/ptolemy/actor/lib/test/auto/matrixType7.xml
2 ms. Memory: 1783808K Free: 1509758K (85%)
----------------- Invoking toplevel() on ptolemy.moml.MoMLSimpleApplication@1a361e2f
----------------- Done invoking toplevel() on ptolemy.moml.MoMLSimpleApplication@1a361e2f
reloadAllAccessors: .matrixType7

===========================================================================================
----------------- testing Thu Mar 14 18:35:30 UTC 2019 /home/travis/build/icyphy/ptII/ptolemy/actor/lib/test/auto/matrixType8.xml
----------------- Instantiating /home/travis/build/icyphy/ptII/ptolemy/actor/lib/test/auto/matrixType8.xml
2 ms. Memory: 1783808K Free: 1488696K (83%)
----------------- Invoking toplevel() on ptolemy.moml.MoMLSimpleApplication@6fa01538
----------------- Done invoking toplevel() on ptolemy.moml.MoMLSimpleApplication@6fa01538
reloadAllAccessors: .matrixType8

===========================================================================================
----------------- testing Thu Mar 14 18:35:30 UTC 2019 /home/travis/build/icyphy/ptII/ptolemy/actor/lib/test/auto/matrixType9.xml
----------------- Instantiating /home/travis/build/icyphy/ptII/ptolemy/actor/lib/test/auto/matrixType9.xml
1 ms. Memory: 1783808K Free: 1472000K (83%)
----------------- Invoking toplevel() on ptolemy.moml.MoMLSimpleApplication@22b5fa00
----------------- Done invoking toplevel() on ptolemy.moml.MoMLSimpleApplication@22b5fa00
reloadAllAccessors: .matrixType9

===========================================================================================
----------------- testing Thu Mar 14 18:35:30 UTC 2019 /home/travis/build/icyphy/ptII/ptolemy/actor/lib/test/auto/paraFunctest.xml
----------------- Instantiating /home/travis/build/icyphy/ptII/ptolemy/actor/lib/test/auto/paraFunctest.xml
2 ms. Memory: 1783808K Free: 1450938K (81%)
----------------- Invoking toplevel() on ptolemy.moml.MoMLSimpleApplication@2f0f8e2
----------------- Done invoking toplevel() on ptolemy.moml.MoMLSimpleApplication@2f0f8e2
reloadAllAccessors: .paraFunctest

===========================================================================================
----------------- testing Thu Mar 14 18:35:30 UTC 2019 /home/travis/build/icyphy/ptII/ptolemy/actor/lib/test/auto/paraFunctest2.xml
----------------- Instantiating /home/travis/build/icyphy/ptII/ptolemy/actor/lib/test/auto/paraFunctest2.xml
1 ms. Memory: 1783808K Free: 1429877K (80%)
----------------- Invoking toplevel() on ptolemy.moml.MoMLSimpleApplication@271f8f02
----------------- Done invoking toplevel() on ptolemy.moml.MoMLSimpleApplication@271f8f02
reloadAllAccessors: .paraFunctest2

===========================================================================================
----------------- testing Thu Mar 14 18:35:30 UTC 2019 /home/travis/build/icyphy/ptII/ptolemy/actor/lib/test/auto/parameterPassing.xml
----------------- Instantiating /home/travis/build/icyphy/ptII/ptolemy/actor/lib/test/auto/parameterPassing.xml
1 ms. Memory: 1783808K Free: 1413180K (79%)
----------------- Invoking toplevel() on ptolemy.moml.MoMLSimpleApplication@6daf019f
----------------- Done invoking toplevel() on ptolemy.moml.MoMLSimpleApplication@6daf019f
reloadAllAccessors: .parameterPassing

===========================================================================================
----------------- testing Thu Mar 14 18:35:30 UTC 2019 /home/travis/build/icyphy/ptII/ptolemy/actor/lib/test/auto/record.xml
----------------- Instantiating /home/travis/build/icyphy/ptII/ptolemy/actor/lib/test/auto/record.xml
2 ms. Memory: 1783808K Free: 1392119K (78%)
----------------- Invoking toplevel() on ptolemy.moml.MoMLSimpleApplication@66bcd28b
----------------- Done invoking toplevel() on ptolemy.moml.MoMLSimpleApplication@66bcd28b
reloadAllAccessors: .record

===========================================================================================
----------------- testing Thu Mar 14 18:35:30 UTC 2019 /home/travis/build/icyphy/ptII/ptolemy/actor/lib/test/auto/sizedarray1.xml
----------------- Instantiating /home/travis/build/icyphy/ptII/ptolemy/actor/lib/test/auto/sizedarray1.xml
2 ms. Memory: 1783808K Free: 1375422K (77%)
----------------- Invoking toplevel() on ptolemy.moml.MoMLSimpleApplication@585f737c
----------------- Done invoking toplevel() on ptolemy.moml.MoMLSimpleApplication@585f737c
reloadAllAccessors: .sizedarray1

===========================================================================================
----------------- testing Thu Mar 14 18:35:30 UTC 2019 /home/travis/build/icyphy/ptII/ptolemy/actor/lib/test/auto/sizedarray2.xml
----------------- Instantiating /home/travis/build/icyphy/ptII/ptolemy/actor/lib/test/auto/sizedarray2.xml
1 ms. Memory: 1783808K Free: 1354361K (76%)
----------------- Invoking toplevel() on ptolemy.moml.MoMLSimpleApplication@78cfa03b
----------------- Done invoking toplevel() on ptolemy.moml.MoMLSimpleApplication@78cfa03b
reloadAllAccessors: .sizedarray2

===========================================================================================
----------------- testing Thu Mar 14 18:35:30 UTC 2019 /home/travis/build/icyphy/ptII/ptolemy/actor/lib/test/auto/twoPublishers.xml
----------------- Instantiating /home/travis/build/icyphy/ptII/ptolemy/actor/lib/test/auto/twoPublishers.xml
3 ms. Memory: 1783808K Free: 1333299K (75%)
----------------- Invoking toplevel() on ptolemy.moml.MoMLSimpleApplication@1132ad68
----------------- Done invoking toplevel() on ptolemy.moml.MoMLSimpleApplication@1132ad68
reloadAllAccessors: .twoPublishers
AutoTests.java: About to close Vertx.
AutoTests.java: Vertx closed.
]]></system-out>
  <system-err><![CDATA[java.lang.RuntimeException: Execution failed
	at ptolemy.moml.MoMLSimpleApplication$UnloadThread.run(MoMLSimpleApplication.java:402)
Caused by: java.lang.RuntimeException: StringUtilities.exit() was called. Normally, we would exit here because Manager.exitAfterWrapup() was called.  However, because the ptolemy.ptII.exitAfterWrapup property is set, we throw this exception instead.
	at ptolemy.util.StringUtilities.exit(StringUtilities.java:363)
	at ptolemy.actor.Manager.wrapup(Manager.java:1531)
	at ptolemy.actor.Manager.execute(Manager.java:407)
	at ptolemy.actor.Manager.run(Manager.java:1263)
	at ptolemy.actor.Manager$PtolemyRunThread.run(Manager.java:1915)
Warning: '.top.test' is in training mode, set the trainingMode parameter to false before checking in
Warning: '.top.test' is in training mode, set the trainingMode parameter to false before checking in
Warning: '.top.test' is in training mode, set the trainingMode parameter to false before checking in
Warning: '.BooleanSwitch_RegressionTest_WrongTrainingValues.Test' is in training mode, set the trainingMode parameter to false before checking in
Warning: '.BooleanSwitch_RegressionTest_WrongTrainingValues.Test2' is in training mode, set the trainingMode parameter to false before checking in
Warning: '.BooleanSwitch_RegressionTest_WrongTrainingValues.Test2' The test produced 0 tokens.
Warning: '.top.testExceptionHandler' is in training mode, set the trainingMode parameter to false before checking in
java.lang.RuntimeException: Execution failed
	at ptolemy.moml.MoMLSimpleApplication$UnloadThread.run(MoMLSimpleApplication.java:402)
Caused by: ptolemy.kernel.util.IllegalActionException: PublisherPorts cannot be used at the top level, use a Publisher actor instead.
  in .PublisherPortToplevelSubscriber.PublisherPort
	at ptolemy.actor.PublisherPort.preinitialize(PublisherPort.java:403)
	at ptolemy.actor.CompositeActor.preinitialize(CompositeActor.java:1769)
	at ptolemy.actor.Manager.preinitializeAndResolveTypes(Manager.java:1040)
	at ptolemy.actor.Manager.initialize(Manager.java:710)
	at ptolemy.actor.Manager.execute(Manager.java:356)
	at ptolemy.actor.Manager.run(Manager.java:1263)
	at ptolemy.actor.Manager$PtolemyRunThread.run(Manager.java:1915)
java.lang.reflect.InvocationTargetException
	at sun.reflect.NativeConstructorAccessorImpl.newInstance0(Native Method)
	at sun.reflect.NativeConstructorAccessorImpl.newInstance(NativeConstructorAccessorImpl.java:62)
	at sun.reflect.DelegatingConstructorAccessorImpl.newInstance(DelegatingConstructorAccessorImpl.java:45)
	at java.lang.reflect.Constructor.newInstance(Constructor.java:423)
	at ptolemy.util.test.junit.AutoKnownFailedTests.RunModel(AutoKnownFailedTests.java:105)
	at sun.reflect.NativeMethodAccessorImpl.invoke0(Native Method)
	at sun.reflect.NativeMethodAccessorImpl.invoke(NativeMethodAccessorImpl.java:62)
	at sun.reflect.DelegatingMethodAccessorImpl.invoke(DelegatingMethodAccessorImpl.java:43)
	at java.lang.reflect.Method.invoke(Method.java:498)
	at org.junit.runners.model.FrameworkMethod$1.runReflectiveCall(FrameworkMethod.java:44)
	at org.junit.internal.runners.model.ReflectiveCallable.run(ReflectiveCallable.java:15)
	at org.junit.runners.model.FrameworkMethod.invokeExplosively(FrameworkMethod.java:41)
	at junitparams.internal.InvokeParameterisedMethod.evaluate(InvokeParameterisedMethod.java:102)
	at org.junit.internal.runners.statements.FailOnTimeout$1.run(FailOnTimeout.java:28)
Caused by: ptolemy.kernel.util.IllegalActionException: PublisherPorts cannot be used at the top level, use a Publisher actor instead.
  in .PublisherPortToplevelSubscriber.PublisherPort
	at ptolemy.actor.PublisherPort.preinitialize(PublisherPort.java:403)
	at ptolemy.actor.CompositeActor.preinitialize(CompositeActor.java:1769)
	at ptolemy.actor.Manager.preinitializeAndResolveTypes(Manager.java:1040)
	at ptolemy.actor.Manager.initialize(Manager.java:710)
	at ptolemy.actor.Manager.execute(Manager.java:356)
	at ptolemy.actor.Manager.run(Manager.java:1263)
	at ptolemy.actor.Manager$PtolemyRunThread.run(Manager.java:1915)
java.lang.RuntimeException: Execution failed
	at ptolemy.moml.MoMLSimpleApplication$UnloadThread.run(MoMLSimpleApplication.java:402)
Caused by: ptolemy.kernel.util.IllegalActionException: SubscriberPorts cannot be used at the top level, use a Subscriber actor instead.
  in .PublisherSubscriberPortToplevel.SubscriberPort
	at ptolemy.actor.SubscriberPort.preinitialize(SubscriberPort.java:328)
	at ptolemy.actor.CompositeActor.preinitialize(CompositeActor.java:1769)
	at ptolemy.actor.Manager.preinitializeAndResolveTypes(Manager.java:1040)
	at ptolemy.actor.Manager.initialize(Manager.java:710)
	at ptolemy.actor.Manager.execute(Manager.java:356)
	at ptolemy.actor.Manager.run(Manager.java:1263)
	at ptolemy.actor.Manager$PtolemyRunThread.run(Manager.java:1915)
java.lang.reflect.InvocationTargetException
	at sun.reflect.NativeConstructorAccessorImpl.newInstance0(Native Method)
	at sun.reflect.NativeConstructorAccessorImpl.newInstance(NativeConstructorAccessorImpl.java:62)
	at sun.reflect.DelegatingConstructorAccessorImpl.newInstance(DelegatingConstructorAccessorImpl.java:45)
	at java.lang.reflect.Constructor.newInstance(Constructor.java:423)
	at ptolemy.util.test.junit.AutoKnownFailedTests.RunModel(AutoKnownFailedTests.java:105)
	at sun.reflect.NativeMethodAccessorImpl.invoke0(Native Method)
	at sun.reflect.NativeMethodAccessorImpl.invoke(NativeMethodAccessorImpl.java:62)
	at sun.reflect.DelegatingMethodAccessorImpl.invoke(DelegatingMethodAccessorImpl.java:43)
	at java.lang.reflect.Method.invoke(Method.java:498)
	at org.junit.runners.model.FrameworkMethod$1.runReflectiveCall(FrameworkMethod.java:44)
	at org.junit.internal.runners.model.ReflectiveCallable.run(ReflectiveCallable.java:15)
	at org.junit.runners.model.FrameworkMethod.invokeExplosively(FrameworkMethod.java:41)
	at junitparams.internal.InvokeParameterisedMethod.evaluate(InvokeParameterisedMethod.java:102)
	at org.junit.internal.runners.statements.FailOnTimeout$1.run(FailOnTimeout.java:28)
Caused by: ptolemy.kernel.util.IllegalActionException: SubscriberPorts cannot be used at the top level, use a Subscriber actor instead.
  in .PublisherSubscriberPortToplevel.SubscriberPort
	at ptolemy.actor.SubscriberPort.preinitialize(SubscriberPort.java:328)
	at ptolemy.actor.CompositeActor.preinitialize(CompositeActor.java:1769)
	at ptolemy.actor.Manager.preinitializeAndResolveTypes(Manager.java:1040)
	at ptolemy.actor.Manager.initialize(Manager.java:710)
	at ptolemy.actor.Manager.execute(Manager.java:356)
	at ptolemy.actor.Manager.run(Manager.java:1263)
	at ptolemy.actor.Manager$PtolemyRunThread.run(Manager.java:1915)
java.lang.RuntimeException: Execution failed
	at ptolemy.moml.MoMLSimpleApplication$UnloadThread.run(MoMLSimpleApplication.java:402)
Caused by: ptolemy.kernel.util.IllegalActionException: SubscriptionAggregatorPorts cannot be used at the top level, use a SubscriptionAggregator actor instead.
  in .PublisherSubscriptionAggregatorPort.SubscriptionAggregatorPort
	at ptolemy.actor.SubscriptionAggregatorPort.preinitialize(SubscriptionAggregatorPort.java:353)
	at ptolemy.actor.CompositeActor.preinitialize(CompositeActor.java:1769)
	at ptolemy.actor.Manager.preinitializeAndResolveTypes(Manager.java:1040)
	at ptolemy.actor.Manager.initialize(Manager.java:710)
	at ptolemy.actor.Manager.execute(Manager.java:356)
	at ptolemy.actor.Manager.run(Manager.java:1263)
	at ptolemy.actor.Manager$PtolemyRunThread.run(Manager.java:1915)
java.lang.reflect.InvocationTargetException
	at sun.reflect.NativeConstructorAccessorImpl.newInstance0(Native Method)
	at sun.reflect.NativeConstructorAccessorImpl.newInstance(NativeConstructorAccessorImpl.java:62)
	at sun.reflect.DelegatingConstructorAccessorImpl.newInstance(DelegatingConstructorAccessorImpl.java:45)
	at java.lang.reflect.Constructor.newInstance(Constructor.java:423)
	at ptolemy.util.test.junit.AutoKnownFailedTests.RunModel(AutoKnownFailedTests.java:105)
	at sun.reflect.NativeMethodAccessorImpl.invoke0(Native Method)
	at sun.reflect.NativeMethodAccessorImpl.invoke(NativeMethodAccessorImpl.java:62)
	at sun.reflect.DelegatingMethodAccessorImpl.invoke(DelegatingMethodAccessorImpl.java:43)
	at java.lang.reflect.Method.invoke(Method.java:498)
	at org.junit.runners.model.FrameworkMethod$1.runReflectiveCall(FrameworkMethod.java:44)
	at org.junit.internal.runners.model.ReflectiveCallable.run(ReflectiveCallable.java:15)
	at org.junit.runners.model.FrameworkMethod.invokeExplosively(FrameworkMethod.java:41)
	at junitparams.internal.InvokeParameterisedMethod.evaluate(InvokeParameterisedMethod.java:102)
	at org.junit.internal.runners.statements.FailOnTimeout$1.run(FailOnTimeout.java:28)
Caused by: ptolemy.kernel.util.IllegalActionException: SubscriptionAggregatorPorts cannot be used at the top level, use a SubscriptionAggregator actor instead.
  in .PublisherSubscriptionAggregatorPort.SubscriptionAggregatorPort
	at ptolemy.actor.SubscriptionAggregatorPort.preinitialize(SubscriptionAggregatorPort.java:353)
	at ptolemy.actor.CompositeActor.preinitialize(CompositeActor.java:1769)
	at ptolemy.actor.Manager.preinitializeAndResolveTypes(Manager.java:1040)
	at ptolemy.actor.Manager.initialize(Manager.java:710)
	at ptolemy.actor.Manager.execute(Manager.java:356)
	at ptolemy.actor.Manager.run(Manager.java:1263)
	at ptolemy.actor.Manager$PtolemyRunThread.run(Manager.java:1915)
java.lang.RuntimeException: Execution failed
	at ptolemy.moml.MoMLSimpleApplication$UnloadThread.run(MoMLSimpleApplication.java:402)
Caused by: ptolemy.kernel.util.IllegalActionException: TypeTest actor has no training data.
  in .sizedarray3.TypeTest
	at ptolemy.actor.lib.TypeTest.initialize(TypeTest.java:250)
	at ptolemy.actor.Director.initialize(Director.java:938)
	at ptolemy.actor.Director.initialize(Director.java:907)
	at ptolemy.actor.sched.StaticSchedulingDirector.initialize(StaticSchedulingDirector.java:159)
	at ptolemy.domains.sdf.kernel.SDFDirector.initialize(SDFDirector.java:544)
	at ptolemy.actor.CompositeActor.initialize(CompositeActor.java:935)
	at ptolemy.actor.Manager.initialize(Manager.java:724)
	at ptolemy.actor.Manager.execute(Manager.java:356)
	at ptolemy.actor.Manager.run(Manager.java:1263)
	at ptolemy.actor.Manager$PtolemyRunThread.run(Manager.java:1915)
java.lang.reflect.InvocationTargetException
	at sun.reflect.NativeConstructorAccessorImpl.newInstance0(Native Method)
	at sun.reflect.NativeConstructorAccessorImpl.newInstance(NativeConstructorAccessorImpl.java:62)
	at sun.reflect.DelegatingConstructorAccessorImpl.newInstance(DelegatingConstructorAccessorImpl.java:45)
	at java.lang.reflect.Constructor.newInstance(Constructor.java:423)
	at ptolemy.util.test.junit.AutoKnownFailedTests.RunModel(AutoKnownFailedTests.java:105)
	at sun.reflect.NativeMethodAccessorImpl.invoke0(Native Method)
	at sun.reflect.NativeMethodAccessorImpl.invoke(NativeMethodAccessorImpl.java:62)
	at sun.reflect.DelegatingMethodAccessorImpl.invoke(DelegatingMethodAccessorImpl.java:43)
	at java.lang.reflect.Method.invoke(Method.java:498)
	at org.junit.runners.model.FrameworkMethod$1.runReflectiveCall(FrameworkMethod.java:44)
	at org.junit.internal.runners.model.ReflectiveCallable.run(ReflectiveCallable.java:15)
	at org.junit.runners.model.FrameworkMethod.invokeExplosively(FrameworkMethod.java:41)
	at junitparams.internal.InvokeParameterisedMethod.evaluate(InvokeParameterisedMethod.java:102)
	at org.junit.internal.runners.statements.FailOnTimeout$1.run(FailOnTimeout.java:28)
Caused by: ptolemy.kernel.util.IllegalActionException: TypeTest actor has no training data.
  in .sizedarray3.TypeTest
	at ptolemy.actor.lib.TypeTest.initialize(TypeTest.java:250)
	at ptolemy.actor.Director.initialize(Director.java:938)
	at ptolemy.actor.Director.initialize(Director.java:907)
	at ptolemy.actor.sched.StaticSchedulingDirector.initialize(StaticSchedulingDirector.java:159)
	at ptolemy.domains.sdf.kernel.SDFDirector.initialize(SDFDirector.java:544)
	at ptolemy.actor.CompositeActor.initialize(CompositeActor.java:935)
	at ptolemy.actor.Manager.initialize(Manager.java:724)
	at ptolemy.actor.Manager.execute(Manager.java:356)
	at ptolemy.actor.Manager.run(Manager.java:1263)
	at ptolemy.actor.Manager$PtolemyRunThread.run(Manager.java:1915)
]]></system-err>
</testsuite>
